<?xml version="1.0" encoding="UTF-8"?>
<testsuites name="Receipt-Regression-Suite" time="1106.784" tests="19" failures="1" errors="0">
   <testsuite name="Receipt-Regression-Suite" tests="19" failures="1" errors="0" time="1106.784" timestamp="2020-08-26 19:15:53" hostname="nagesh.allu - DESKTOP-9VU7G8T.attlocal.net" id="Test Suites/Receipt-Regression-Suite">
      <properties>
         <property name="deviceName" value=""/>
         <property name="devicePlatform" value=""/>
         <property name="logFolder" value="C:\\fdr-automation-develop_08_25_2020\\Reports\\20200826_191549\\Receipt-Regression-Suite\\20200826_191549"/>
         <property name="logFiles" value="C:\\fdr-automation-develop_08_25_2020\\Reports\\20200826_191549\\Receipt-Regression-Suite\\20200826_191549\\execution0.log"/>
         <property name="attachments" value="C:\\fdr-automation-develop_08_25_2020\\Reports\\20200826_191549\\Receipt-Regression-Suite\\20200826_191549\\1598494788692.png, C:\\fdr-automation-develop_08_25_2020\\Reports\\20200826_191549\\Receipt-Regression-Suite\\20200826_191549\\1598494804538.png"/>
         <property name="hostName" value="nagesh.allu - DESKTOP-9VU7G8T.attlocal.net"/>
         <property name="os" value="Windows 10 64bit"/>
         <property name="katalonVersion" value="7.3.1.1"/>
         <property name="browser" value="Chrome 85.0.4183.83"/>
         <property name="hostAddress" value="192.168.1.188"/>
         <property name="sessionId" value="aeb96aad47d3c11e506f482237d0027b"/>
         <property name="seleniumVersion" value="3.141.59"/>
         <property name="proxyInformation" value="ProxyInformation{proxyOption=NO_PROXY, proxyServerType=HTTP, password=, proxyServerAddress=, proxyServerPort=0, executionList=}"/>
         <property name="platform" value="Windows 10"/>
      </properties>
      <testcase name="Test Cases/WEB-UI-TESTS/Receipt/FDR-Create-Receipt-Header" time="38.901" classname="Test Cases/WEB-UI-TESTS/Receipt/FDR-Create-Receipt-Header" status="PASSED">
         <system-out><![CDATA[2020-08-26 19:15:53 - [TEST_CASE][PASSED] - Test Cases/WEB-UI-TESTS/Receipt/FDR-Create-Receipt-Header: Test Cases/WEB-UI-TESTS/Receipt/FDR-Create-Receipt-Header

2020-08-26 19:15:53 - [TEST_STEP][PASSED] - Start listener action : sampleBeforeTestCase: Navigate to 'https://fdr-katalon.cammis-mod-dev.dhcs.ca.gov/dashboard' successfully

2020-08-26 19:15:53 - [TEST_STEP][PASSED] - profileName = getExecutionProfile(): null

2020-08-26 19:15:53 - [TEST_STEP][PASSED] - switch (profileName): null

2020-08-26 19:15:53 - [TEST_STEP][PASSED] - testCaseId = testCaseContext.getTestCaseId(): null

2020-08-26 19:15:53 - [TEST_STEP][PASSED] - if (!(skipBeforeAndAfterTestCase)): Navigate to 'https://fdr-katalon.cammis-mod-dev.dhcs.ca.gov/dashboard' successfully

2020-08-26 19:15:53 - [TEST_STEP][PASSED] - if (account7TestCases.contains(testCaseId)): null

2020-08-26 19:15:53 - [TEST_STEP][PASSED] - else if (account10TestCases.contains(testCaseId)): null

2020-08-26 19:15:53 - [TEST_STEP][PASSED] - else: Object: 'Object Repository/FDR-SignIn/SignInButton' is clicked on

2020-08-26 19:15:53 - [TEST_STEP][PASSED] - Uifunctions.loginFDR(accountsApprover, accountsApproverPwd): Object: 'Object Repository/FDR-SignIn/SignInButton' is clicked on

2020-08-26 19:15:54 - [MESSAGE][INFO] - Starting 'Chrome' driver

2020-08-26 19:15:54 - [MESSAGE][INFO] - Action delay is set to 0 milliseconds

2020-08-26 19:15:57 - [MESSAGE][PASSED] - Browser is opened with url: ''

2020-08-26 19:16:00 - [MESSAGE][PASSED] - Current window maximized

2020-08-26 19:16:01 - [MESSAGE][PASSED] - Navigate to 'https://fdr-katalon.cammis-mod-dev.dhcs.ca.gov/dashboard' successfully

2020-08-26 19:16:03 - [MESSAGE][PASSED] - Object 'Object Repository/FDR-SignIn/SignInEmail' is present

2020-08-26 19:16:03 - [MESSAGE][PASSED] - Object: 'Object Repository/FDR-SignIn/SignInEmail' is clicked on

2020-08-26 19:16:03 - [MESSAGE][PASSED] - Object 'Object Repository/FDR-SignIn/SignInEmail' is present

2020-08-26 19:16:04 - [MESSAGE][PASSED] - Text 'fdr.test3@dhcs.ca.gov' is set on object 'Object Repository/FDR-SignIn/SignInEmail'

2020-08-26 19:16:04 - [MESSAGE][PASSED] - Object 'Object Repository/FDR-SignIn/SignInEmailNext' is visible

2020-08-26 19:16:05 - [MESSAGE][PASSED] - Object: 'Object Repository/FDR-SignIn/SignInEmailNext' is clicked on

2020-08-26 19:16:08 - [MESSAGE][PASSED] - Object 'Object Repository/FDR-SignIn/SignInEmailPassword' is visible

2020-08-26 19:16:08 - [MESSAGE][PASSED] - Object: 'Object Repository/FDR-SignIn/SignInEmailPassword' is clicked on

2020-08-26 19:16:09 - [MESSAGE][PASSED] - Text ****** has been set on object 'Object Repository/FDR-SignIn/SignInEmailPassword'

2020-08-26 19:16:11 - [MESSAGE][PASSED] - Object: 'Object Repository/FDR-SignIn/SignInButton' is clicked on

2020-08-26 19:16:11 - [TEST_STEP][PASSED] - navigateToUrl(URL): Navigate to 'https://fdr-katalon.cammis-mod-dev.dhcs.ca.gov/dashboard' successfully

2020-08-26 19:16:11 - [MESSAGE][PASSED] - Navigate to 'https://fdr-katalon.cammis-mod-dev.dhcs.ca.gov/dashboard' successfully

2020-08-26 19:16:11 - [TEST_STEP][PASSED] - Start listener action : beforeTestCase: null

2020-08-26 19:16:11 - [TEST_STEP][PASSED] - profileName = getExecutionProfile(): null

2020-08-26 19:16:11 - [TEST_STEP][PASSED] - if (profileName.equalsIgnoreCase("SysAdmin")): null

2020-08-26 19:16:11 - [TEST_STEP][PASSED] - Start listener action : sampleBeforeTestCase: null

2020-08-26 19:16:11 - [TEST_STEP][PASSED] - profileName = getExecutionProfile(): null

2020-08-26 19:16:11 - [TEST_STEP][PASSED] - testCaseId = testCaseContext.getTestCaseId(): null

2020-08-26 19:16:11 - [TEST_STEP][PASSED] - switch (profileName): null

2020-08-26 19:16:11 - [TEST_STEP][PASSED] - Default: null

2020-08-26 19:16:11 - [TEST_STEP][PASSED] - return null: null

2020-08-26 19:16:11 - [TEST_STEP][PASSED] - Start listener action : executeRows: null

2020-08-26 19:16:12 - [TEST_STEP][PASSED] - waitForElementPresent(findTestObject("FDR-Dashboard/createNewVoucherButton"), 4): Object 'Object Repository/FDR-Dashboard/createNewVoucherButton' is not present after 4 second(s)

2020-08-26 19:16:17 - [MESSAGE][INFO] - Unable to find the element located by 'By.xpath: //*[@data-id='button-link']//*[contains(text(),'Create New Voucher')]'. Please recheck the objects properties to make sure the desired element is located. 

2020-08-26 19:16:17 - [MESSAGE][WARNING] - Object 'Object Repository/FDR-Dashboard/createNewVoucherButton' is not present after 4 second(s)

2020-08-26 19:16:17 - [TEST_STEP][PASSED] - waitForElementPresent(findTestObject("FDR-Receipt/FDR-Receipt-Dashboard/createNew_ReceiptBatch_Button"), 3): Object 'Object Repository/FDR-Receipt/FDR-Receipt-Dashboard/createNew_ReceiptBatch_Button' is present

2020-08-26 19:16:17 - [MESSAGE][PASSED] - Object 'Object Repository/FDR-Receipt/FDR-Receipt-Dashboard/createNew_ReceiptBatch_Button' is present

2020-08-26 19:16:17 - [TEST_STEP][PASSED] - click(findTestObject("FDR-Receipt/FDR-Receipt-Dashboard/createNew_ReceiptBatch_Button")): Object: 'Object Repository/FDR-Receipt/FDR-Receipt-Dashboard/createNew_ReceiptBatch_Button' is clicked on

2020-08-26 19:16:18 - [MESSAGE][PASSED] - Object: 'Object Repository/FDR-Receipt/FDR-Receipt-Dashboard/createNew_ReceiptBatch_Button' is clicked on

2020-08-26 19:16:18 - [TEST_STEP][PASSED] - waitForElementPresent(findTestObject("FDR-Receipt/FDR-Receipt-Header/View/inputDrawDate"), 3): Object 'Object Repository/FDR-Receipt/FDR-Receipt-Header/View/inputDrawDate' is present

2020-08-26 19:16:18 - [MESSAGE][PASSED] - Object 'Object Repository/FDR-Receipt/FDR-Receipt-Header/View/inputDrawDate' is present

2020-08-26 19:16:18 - [TEST_STEP][PASSED] - setText(findTestObject("FDR-Receipt/FDR-Receipt-Header/View/inputDrawDate"), Drawdate): Text '09/14/2020' is set on object 'Object Repository/FDR-Receipt/FDR-Receipt-Header/View/inputDrawDate'

2020-08-26 19:16:19 - [MESSAGE][PASSED] - Text '09/14/2020' is set on object 'Object Repository/FDR-Receipt/FDR-Receipt-Header/View/inputDrawDate'

2020-08-26 19:16:19 - [TEST_STEP][PASSED] - waitForElementPresent(findTestObject("FDR-Receipt/FDR-Receipt-Header/Edit/payDate"), 3): Object 'Object Repository/FDR-Receipt/FDR-Receipt-Header/Edit/payDate' is present

2020-08-26 19:16:20 - [MESSAGE][PASSED] - Object 'Object Repository/FDR-Receipt/FDR-Receipt-Header/Edit/payDate' is present

2020-08-26 19:16:20 - [TEST_STEP][PASSED] - setText(findTestObject("FDR-Receipt/FDR-Receipt-Header/Edit/payDate"), Paydate): Text '09/16/2020' is set on object 'Object Repository/FDR-Receipt/FDR-Receipt-Header/Edit/payDate'

2020-08-26 19:16:20 - [MESSAGE][PASSED] - Text '09/16/2020' is set on object 'Object Repository/FDR-Receipt/FDR-Receipt-Header/Edit/payDate'

2020-08-26 19:16:20 - [TEST_STEP][PASSED] - waitForElementPresent(findTestObject("FDR-Receipt/FDR-Receipt-Header/View/deposit ID"), 10): Object 'Object Repository/FDR-Receipt/FDR-Receipt-Header/View/deposit ID' is present

2020-08-26 19:16:21 - [MESSAGE][PASSED] - Object 'Object Repository/FDR-Receipt/FDR-Receipt-Header/View/deposit ID' is present

2020-08-26 19:16:21 - [TEST_STEP][PASSED] - depositId = RandomStringUtils.randomNumeric(7): null

2020-08-26 19:16:21 - [TEST_STEP][PASSED] - setText(findTestObject("FDR-Receipt/FDR-Receipt-Header/View/deposit ID"), depositId): Text '2328036' is set on object 'Object Repository/FDR-Receipt/FDR-Receipt-Header/View/deposit ID'

2020-08-26 19:16:21 - [MESSAGE][PASSED] - Text '2328036' is set on object 'Object Repository/FDR-Receipt/FDR-Receipt-Header/View/deposit ID'

2020-08-26 19:16:21 - [TEST_STEP][PASSED] - waitForElementPresent(findTestObject("FDR-Receipt/FDR-ReceiptBatch/receiptNotes"), 10): Object 'Object Repository/FDR-Receipt/FDR-ReceiptBatch/receiptNotes' is present

2020-08-26 19:16:22 - [MESSAGE][PASSED] - Object 'Object Repository/FDR-Receipt/FDR-ReceiptBatch/receiptNotes' is present

2020-08-26 19:16:22 - [TEST_STEP][PASSED] - setText(findTestObject("FDR-Receipt/FDR-ReceiptBatch/receiptNotes"), Receiptnotes): Text 'rqewrq' is set on object 'Object Repository/FDR-Receipt/FDR-ReceiptBatch/receiptNotes'

2020-08-26 19:16:23 - [MESSAGE][PASSED] - Text 'rqewrq' is set on object 'Object Repository/FDR-Receipt/FDR-ReceiptBatch/receiptNotes'

2020-08-26 19:16:23 - [TEST_STEP][PASSED] - waitForElementPresent(findTestObject("FDR-Receipt/FDR-Receipt-Header/View/buttonNext"), 10): Object 'Object Repository/FDR-Receipt/FDR-Receipt-Header/View/buttonNext' is present

2020-08-26 19:16:23 - [MESSAGE][PASSED] - Object 'Object Repository/FDR-Receipt/FDR-Receipt-Header/View/buttonNext' is present

2020-08-26 19:16:23 - [TEST_STEP][PASSED] - click(findTestObject("FDR-Receipt/FDR-Receipt-Header/View/buttonNext")): Object: 'Object Repository/FDR-Receipt/FDR-Receipt-Header/View/buttonNext' is clicked on

2020-08-26 19:16:23 - [MESSAGE][PASSED] - Object: 'Object Repository/FDR-Receipt/FDR-Receipt-Header/View/buttonNext' is clicked on

2020-08-26 19:16:23 - [TEST_STEP][PASSED] - waitForElementPresent(findTestObject("FDR-Dashboard/createNewVoucherButton"), 4): Object 'Object Repository/FDR-Dashboard/createNewVoucherButton' is not present after 4 second(s)

2020-08-26 19:16:30 - [MESSAGE][INFO] - Unable to find the element located by 'By.xpath: //*[@data-id='button-link']//*[contains(text(),'Create New Voucher')]'. Please recheck the objects properties to make sure the desired element is located. 

2020-08-26 19:16:30 - [MESSAGE][WARNING] - Object 'Object Repository/FDR-Dashboard/createNewVoucherButton' is not present after 4 second(s)

2020-08-26 19:16:30 - [TEST_STEP][PASSED] - waitForElementPresent(findTestObject("FDR-Receipt/FDR-Receipt-Header/View/pDrawDate"), 2): Object 'Object Repository/FDR-Receipt/FDR-Receipt-Header/View/pDrawDate' is present

2020-08-26 19:16:30 - [MESSAGE][PASSED] - Object 'Object Repository/FDR-Receipt/FDR-Receipt-Header/View/pDrawDate' is present

2020-08-26 19:16:30 - [TEST_STEP][PASSED] - if (getText(findTestObject("FDR-Receipt/FDR-Receipt-Header/View/pDrawDate")) == findTestData("Receipt/FDR-ReceiptHeaderTestData").getValue(1, 1)): null

2020-08-26 19:16:31 - [MESSAGE][PASSED] - Text of object 'Object Repository/FDR-Receipt/FDR-Receipt-Header/View/pDrawDate' is: '09/14/2020'

2020-08-26 19:16:31 - [TEST_STEP][PASSED] - markPassed("Valid DrawDate"): Valid DrawDate

2020-08-26 19:16:31 - [MESSAGE][PASSED] - Valid DrawDate

2020-08-26 19:16:31 - [TEST_STEP][PASSED] - waitForElementPresent(findTestObject("FDR-Receipt/FDR-Receipt-Header/View/payDate"), 2): Object 'Object Repository/FDR-Receipt/FDR-Receipt-Header/View/payDate' is present

2020-08-26 19:16:31 - [MESSAGE][PASSED] - Object 'Object Repository/FDR-Receipt/FDR-Receipt-Header/View/payDate' is present

2020-08-26 19:16:31 - [TEST_STEP][PASSED] - if (getText(findTestObject("FDR-Receipt/FDR-Receipt-Header/View/payDate")) == findTestData("Receipt/FDR-ReceiptHeaderTestData").getValue(2, 1)): null

2020-08-26 19:16:31 - [MESSAGE][PASSED] - Text of object 'Object Repository/FDR-Receipt/FDR-Receipt-Header/View/payDate' is: '09/16/2020'

2020-08-26 19:16:31 - [TEST_STEP][PASSED] - markPassed("Valid PayDate"): Valid PayDate

2020-08-26 19:16:31 - [MESSAGE][PASSED] - Valid PayDate

2020-08-26 19:16:31 - [TEST_STEP][PASSED] - waitForElementPresent(findTestObject("FDR-Receipt/FDR-Receipt-Header/View/depositId"), 2): Object 'Object Repository/FDR-Receipt/FDR-Receipt-Header/View/depositId' is present

2020-08-26 19:16:31 - [MESSAGE][PASSED] - Object 'Object Repository/FDR-Receipt/FDR-Receipt-Header/View/depositId' is present

2020-08-26 19:16:31 - [TEST_STEP][PASSED] - if (getText(findTestObject("FDR-Receipt/FDR-Receipt-Header/View/depositId")) == depositId): null

2020-08-26 19:16:32 - [MESSAGE][PASSED] - Text of object 'Object Repository/FDR-Receipt/FDR-Receipt-Header/View/depositId' is: '2328036'

2020-08-26 19:16:32 - [TEST_STEP][PASSED] - markPassed("Valid DepositId"): Valid DepositId

2020-08-26 19:16:32 - [MESSAGE][PASSED] - Valid DepositId

2020-08-26 19:16:32 - [TEST_STEP][PASSED] - closeBrowser(CONTINUE_ON_FAILURE): Browser is closed

2020-08-26 19:16:32 - [MESSAGE][PASSED] - Browser is closed

2020-08-26 19:16:32 - [TEST_STEP][PASSED] - Start listener action : sampleAfterTestCase: Browser is closed

2020-08-26 19:16:32 - [TEST_STEP][PASSED] - profileName = getExecutionProfile(): null

2020-08-26 19:16:32 - [TEST_STEP][PASSED] - switch (profileName): null

2020-08-26 19:16:32 - [TEST_STEP][PASSED] - if (!(skipBeforeAndAfterTestCase)): Browser is closed

2020-08-26 19:16:32 - [TEST_STEP][PASSED] - Uifunctions.logoutFDR(): Browser is closed

2020-08-26 19:16:32 - [MESSAGE][PASSED] - Browser is closed

2020-08-26 19:16:32 - [TEST_STEP][PASSED] - Start listener action : afterTestCase: null

2020-08-26 19:16:32 - [TEST_STEP][PASSED] - profileName = getExecutionProfile(): null

2020-08-26 19:16:32 - [TEST_STEP][PASSED] - if (profileName.equalsIgnoreCase("SysAdmin")): null

2020-08-26 19:16:32 - [TEST_STEP][PASSED] - Start listener action : sampleAfterTestCase: null

2020-08-26 19:16:32 - [TEST_STEP][PASSED] - profileName = getExecutionProfile(): null

2020-08-26 19:16:32 - [TEST_STEP][PASSED] - switch (profileName): null

2020-08-26 19:16:32 - [TEST_STEP][PASSED] - Default: null

2020-08-26 19:16:32 - [TEST_STEP][PASSED] - return null: null

2020-08-26 19:16:32 - [TEST_STEP][PASSED] - Start listener action : addFailedTCToList: null]]></system-out>
         <system-err><![CDATA[]]></system-err>
      </testcase>
      <testcase name="Test Cases/WEB-UI-TESTS/Receipt/FDR-Display-Receipt-Header" time="35.141" classname="Test Cases/WEB-UI-TESTS/Receipt/FDR-Display-Receipt-Header" status="PASSED">
         <system-out><![CDATA[2020-08-26 19:16:32 - [TEST_CASE][PASSED] - Test Cases/WEB-UI-TESTS/Receipt/FDR-Display-Receipt-Header: Test Cases/WEB-UI-TESTS/Receipt/FDR-Display-Receipt-Header

2020-08-26 19:16:32 - [TEST_STEP][PASSED] - Start listener action : sampleBeforeTestCase: Navigate to 'https://fdr-katalon.cammis-mod-dev.dhcs.ca.gov/dashboard' successfully

2020-08-26 19:16:32 - [TEST_STEP][PASSED] - profileName = getExecutionProfile(): null

2020-08-26 19:16:32 - [TEST_STEP][PASSED] - switch (profileName): null

2020-08-26 19:16:32 - [TEST_STEP][PASSED] - testCaseId = testCaseContext.getTestCaseId(): null

2020-08-26 19:16:32 - [TEST_STEP][PASSED] - if (!(skipBeforeAndAfterTestCase)): Navigate to 'https://fdr-katalon.cammis-mod-dev.dhcs.ca.gov/dashboard' successfully

2020-08-26 19:16:32 - [TEST_STEP][PASSED] - if (account7TestCases.contains(testCaseId)): null

2020-08-26 19:16:32 - [TEST_STEP][PASSED] - else if (account10TestCases.contains(testCaseId)): null

2020-08-26 19:16:32 - [TEST_STEP][PASSED] - else: Object: 'Object Repository/FDR-SignIn/SignInButton' is clicked on

2020-08-26 19:16:32 - [TEST_STEP][PASSED] - Uifunctions.loginFDR(accountsApprover, accountsApproverPwd): Object: 'Object Repository/FDR-SignIn/SignInButton' is clicked on

2020-08-26 19:16:32 - [MESSAGE][INFO] - Starting 'Chrome' driver

2020-08-26 19:16:32 - [MESSAGE][INFO] - Action delay is set to 0 milliseconds

2020-08-26 19:16:35 - [MESSAGE][PASSED] - Browser is opened with url: ''

2020-08-26 19:16:38 - [MESSAGE][PASSED] - Current window maximized

2020-08-26 19:16:39 - [MESSAGE][PASSED] - Navigate to 'https://fdr-katalon.cammis-mod-dev.dhcs.ca.gov/dashboard' successfully

2020-08-26 19:16:40 - [MESSAGE][PASSED] - Object 'Object Repository/FDR-SignIn/SignInEmail' is present

2020-08-26 19:16:40 - [MESSAGE][PASSED] - Object: 'Object Repository/FDR-SignIn/SignInEmail' is clicked on

2020-08-26 19:16:40 - [MESSAGE][PASSED] - Object 'Object Repository/FDR-SignIn/SignInEmail' is present

2020-08-26 19:16:41 - [MESSAGE][PASSED] - Text 'fdr.test3@dhcs.ca.gov' is set on object 'Object Repository/FDR-SignIn/SignInEmail'

2020-08-26 19:16:41 - [MESSAGE][PASSED] - Object 'Object Repository/FDR-SignIn/SignInEmailNext' is visible

2020-08-26 19:16:42 - [MESSAGE][PASSED] - Object: 'Object Repository/FDR-SignIn/SignInEmailNext' is clicked on

2020-08-26 19:16:45 - [MESSAGE][PASSED] - Object 'Object Repository/FDR-SignIn/SignInEmailPassword' is visible

2020-08-26 19:16:45 - [MESSAGE][PASSED] - Object: 'Object Repository/FDR-SignIn/SignInEmailPassword' is clicked on

2020-08-26 19:16:46 - [MESSAGE][PASSED] - Text ****** has been set on object 'Object Repository/FDR-SignIn/SignInEmailPassword'

2020-08-26 19:16:47 - [MESSAGE][PASSED] - Object: 'Object Repository/FDR-SignIn/SignInButton' is clicked on

2020-08-26 19:16:47 - [TEST_STEP][PASSED] - navigateToUrl(URL): Navigate to 'https://fdr-katalon.cammis-mod-dev.dhcs.ca.gov/dashboard' successfully

2020-08-26 19:16:48 - [MESSAGE][PASSED] - Navigate to 'https://fdr-katalon.cammis-mod-dev.dhcs.ca.gov/dashboard' successfully

2020-08-26 19:16:48 - [TEST_STEP][PASSED] - Start listener action : beforeTestCase: null

2020-08-26 19:16:48 - [TEST_STEP][PASSED] - profileName = getExecutionProfile(): null

2020-08-26 19:16:48 - [TEST_STEP][PASSED] - if (profileName.equalsIgnoreCase("SysAdmin")): null

2020-08-26 19:16:48 - [TEST_STEP][PASSED] - Start listener action : sampleBeforeTestCase: null

2020-08-26 19:16:48 - [TEST_STEP][PASSED] - profileName = getExecutionProfile(): null

2020-08-26 19:16:48 - [TEST_STEP][PASSED] - testCaseId = testCaseContext.getTestCaseId(): null

2020-08-26 19:16:48 - [TEST_STEP][PASSED] - switch (profileName): null

2020-08-26 19:16:48 - [TEST_STEP][PASSED] - Default: null

2020-08-26 19:16:48 - [TEST_STEP][PASSED] - return null: null

2020-08-26 19:16:48 - [TEST_STEP][PASSED] - Start listener action : executeRows: null

2020-08-26 19:16:48 - [TEST_STEP][PASSED] - newDepositId = RandomStringUtils.randomNumeric(7): null

2020-08-26 19:16:48 - [TEST_STEP][PASSED] - editors.createReceipt(Drawdate, Paydate, newDepositId, Receiptnotes): Object: 'Object Repository/FDR-Receipt/FDR-Receipt-Header/View/buttonNext' is clicked on

2020-08-26 19:16:55 - [MESSAGE][INFO] - Unable to find the element located by 'By.xpath: //*[@data-id='button-link']//*[contains(text(),'Create New Voucher')]'. Please recheck the objects properties to make sure the desired element is located. 

2020-08-26 19:16:55 - [MESSAGE][WARNING] - Object 'Object Repository/FDR-Dashboard/createNewVoucherButton' is not present after 4 second(s)

2020-08-26 19:16:55 - [MESSAGE][PASSED] - Object 'Object Repository/FDR-Receipt/FDR-Receipt-Dashboard/createNew_ReceiptBatch_Button' is present

2020-08-26 19:16:56 - [MESSAGE][PASSED] - Object: 'Object Repository/FDR-Receipt/FDR-Receipt-Dashboard/createNew_ReceiptBatch_Button' is clicked on

2020-08-26 19:16:56 - [MESSAGE][PASSED] - Object 'Object Repository/FDR-Receipt/FDR-Receipt-Header/View/inputDrawDate' is present

2020-08-26 19:16:57 - [MESSAGE][PASSED] - Text '09/14/2020' is set on object 'Object Repository/FDR-Receipt/FDR-Receipt-Header/View/inputDrawDate'

2020-08-26 19:16:58 - [MESSAGE][PASSED] - Keys 'TAB + ENTER + ENTER + ' sent to object: 'Object Repository/FDR-Receipt/FDR-Receipt-Header/View/inputDrawDate'

2020-08-26 19:16:59 - [MESSAGE][PASSED] - Object 'Object Repository/FDR-Receipt/FDR-Receipt-Header/Edit/payDate' is present

2020-08-26 19:16:59 - [MESSAGE][PASSED] - Text '09/16/2020' is set on object 'Object Repository/FDR-Receipt/FDR-Receipt-Header/Edit/payDate'

2020-08-26 19:17:00 - [MESSAGE][PASSED] - Object 'Object Repository/FDR-Receipt/FDR-Receipt-Header/View/deposit ID' is present

2020-08-26 19:17:01 - [MESSAGE][PASSED] - Text '4295664' is set on object 'Object Repository/FDR-Receipt/FDR-Receipt-Header/View/deposit ID'

2020-08-26 19:17:01 - [MESSAGE][PASSED] - Object 'Object Repository/FDR-Receipt/FDR-ReceiptBatch/receiptNotes' is present

2020-08-26 19:17:02 - [MESSAGE][PASSED] - Text 'rqewrq' is set on object 'Object Repository/FDR-Receipt/FDR-ReceiptBatch/receiptNotes'

2020-08-26 19:17:02 - [MESSAGE][PASSED] - Object 'Object Repository/FDR-Receipt/FDR-Receipt-Header/Edit/remmitanceAdviceInput' is present

2020-08-26 19:17:03 - [MESSAGE][PASSED] - Keys '' sent to object: 'Object Repository/FDR-Receipt/FDR-Receipt-Header/Edit/remmitanceAdviceInput'

2020-08-26 19:17:03 - [MESSAGE][PASSED] - Object 'Object Repository/FDR-Receipt/FDR-Receipt-Header/Edit/controllerReceiptInput' is present

2020-08-26 19:17:04 - [MESSAGE][PASSED] - Keys '' sent to object: 'Object Repository/FDR-Receipt/FDR-Receipt-Header/Edit/controllerReceiptInput'

2020-08-26 19:17:04 - [MESSAGE][PASSED] - Object 'Object Repository/FDR-Receipt/FDR-Receipt-Header/View/buttonNext' is present

2020-08-26 19:17:04 - [MESSAGE][PASSED] - Object: 'Object Repository/FDR-Receipt/FDR-Receipt-Header/View/buttonNext' is clicked on

2020-08-26 19:17:04 - [TEST_STEP][PASSED] - waitForElementPresent(findTestObject("FDR-Receipt/FDR-Receipt-Header/View/depositId"), 10): Object 'Object Repository/FDR-Receipt/FDR-Receipt-Header/View/depositId' is present

2020-08-26 19:17:05 - [MESSAGE][PASSED] - Object 'Object Repository/FDR-Receipt/FDR-Receipt-Header/View/depositId' is present

2020-08-26 19:17:05 - [TEST_STEP][PASSED] - depositId = getText(findTestObject("FDR-Receipt/FDR-Receipt-Header/View/depositId")): Text of object 'Object Repository/FDR-Receipt/FDR-Receipt-Header/View/depositId' is: '4295664'

2020-08-26 19:17:06 - [MESSAGE][PASSED] - Text of object 'Object Repository/FDR-Receipt/FDR-Receipt-Header/View/depositId' is: '4295664'

2020-08-26 19:17:06 - [TEST_STEP][PASSED] - waitForElementPresent(findTestObject("FDR-Receipt/FDR-Receipt-Header/View/pDrawDate"), 2): Object 'Object Repository/FDR-Receipt/FDR-Receipt-Header/View/pDrawDate' is present

2020-08-26 19:17:06 - [MESSAGE][PASSED] - Object 'Object Repository/FDR-Receipt/FDR-Receipt-Header/View/pDrawDate' is present

2020-08-26 19:17:06 - [TEST_STEP][PASSED] - drawDate = getText(findTestObject("FDR-Receipt/FDR-Receipt-Header/View/pDrawDate")): Text of object 'Object Repository/FDR-Receipt/FDR-Receipt-Header/View/pDrawDate' is: '09/14/2020'

2020-08-26 19:17:06 - [MESSAGE][PASSED] - Text of object 'Object Repository/FDR-Receipt/FDR-Receipt-Header/View/pDrawDate' is: '09/14/2020'

2020-08-26 19:17:06 - [TEST_STEP][PASSED] - waitForElementPresent(findTestObject("FDR-Receipt/FDR-Receipt-Header/View/payDate"), 2): Object 'Object Repository/FDR-Receipt/FDR-Receipt-Header/View/payDate' is present

2020-08-26 19:17:07 - [MESSAGE][PASSED] - Object 'Object Repository/FDR-Receipt/FDR-Receipt-Header/View/payDate' is present

2020-08-26 19:17:07 - [TEST_STEP][PASSED] - payDate = getText(findTestObject("FDR-Receipt/FDR-Receipt-Header/View/payDate")): Text of object 'Object Repository/FDR-Receipt/FDR-Receipt-Header/View/payDate' is: '09/16/2020'

2020-08-26 19:17:07 - [MESSAGE][PASSED] - Text of object 'Object Repository/FDR-Receipt/FDR-Receipt-Header/View/payDate' is: '09/16/2020'

2020-08-26 19:17:07 - [TEST_STEP][PASSED] - println(" DepositId  " + depositId + "  DrawDate  " + drawDate + "  Paydate  " + payDate): null

2020-08-26 19:17:07 - [TEST_STEP][PASSED] - closeBrowser(CONTINUE_ON_FAILURE): Browser is closed

2020-08-26 19:17:07 - [MESSAGE][PASSED] - Browser is closed

2020-08-26 19:17:07 - [TEST_STEP][PASSED] - Start listener action : sampleAfterTestCase: Browser is closed

2020-08-26 19:17:07 - [TEST_STEP][PASSED] - profileName = getExecutionProfile(): null

2020-08-26 19:17:07 - [TEST_STEP][PASSED] - switch (profileName): null

2020-08-26 19:17:07 - [TEST_STEP][PASSED] - if (!(skipBeforeAndAfterTestCase)): Browser is closed

2020-08-26 19:17:07 - [TEST_STEP][PASSED] - Uifunctions.logoutFDR(): Browser is closed

2020-08-26 19:17:07 - [MESSAGE][PASSED] - Browser is closed

2020-08-26 19:17:07 - [TEST_STEP][PASSED] - Start listener action : afterTestCase: null

2020-08-26 19:17:07 - [TEST_STEP][PASSED] - profileName = getExecutionProfile(): null

2020-08-26 19:17:07 - [TEST_STEP][PASSED] - if (profileName.equalsIgnoreCase("SysAdmin")): null

2020-08-26 19:17:07 - [TEST_STEP][PASSED] - Start listener action : sampleAfterTestCase: null

2020-08-26 19:17:07 - [TEST_STEP][PASSED] - profileName = getExecutionProfile(): null

2020-08-26 19:17:07 - [TEST_STEP][PASSED] - switch (profileName): null

2020-08-26 19:17:07 - [TEST_STEP][PASSED] - Default: null

2020-08-26 19:17:07 - [TEST_STEP][PASSED] - return null: null

2020-08-26 19:17:07 - [TEST_STEP][PASSED] - Start listener action : addFailedTCToList: null]]></system-out>
         <system-err><![CDATA[]]></system-err>
      </testcase>
      <testcase name="Test Cases/WEB-UI-TESTS/Receipt/FDR-Edit-Receipt-Header" time="43.38" classname="Test Cases/WEB-UI-TESTS/Receipt/FDR-Edit-Receipt-Header" status="PASSED">
         <system-out><![CDATA[2020-08-26 19:17:08 - [TEST_CASE][PASSED] - Test Cases/WEB-UI-TESTS/Receipt/FDR-Edit-Receipt-Header: Test Cases/WEB-UI-TESTS/Receipt/FDR-Edit-Receipt-Header

2020-08-26 19:17:08 - [TEST_STEP][PASSED] - Start listener action : sampleBeforeTestCase: Navigate to 'https://fdr-katalon.cammis-mod-dev.dhcs.ca.gov/dashboard' successfully

2020-08-26 19:17:08 - [TEST_STEP][PASSED] - profileName = getExecutionProfile(): null

2020-08-26 19:17:08 - [TEST_STEP][PASSED] - switch (profileName): null

2020-08-26 19:17:08 - [TEST_STEP][PASSED] - testCaseId = testCaseContext.getTestCaseId(): null

2020-08-26 19:17:08 - [TEST_STEP][PASSED] - if (!(skipBeforeAndAfterTestCase)): Navigate to 'https://fdr-katalon.cammis-mod-dev.dhcs.ca.gov/dashboard' successfully

2020-08-26 19:17:08 - [TEST_STEP][PASSED] - if (account7TestCases.contains(testCaseId)): null

2020-08-26 19:17:08 - [TEST_STEP][PASSED] - else if (account10TestCases.contains(testCaseId)): null

2020-08-26 19:17:08 - [TEST_STEP][PASSED] - else: Object: 'Object Repository/FDR-SignIn/SignInButton' is clicked on

2020-08-26 19:17:08 - [TEST_STEP][PASSED] - Uifunctions.loginFDR(accountsApprover, accountsApproverPwd): Object: 'Object Repository/FDR-SignIn/SignInButton' is clicked on

2020-08-26 19:17:08 - [MESSAGE][INFO] - Starting 'Chrome' driver

2020-08-26 19:17:08 - [MESSAGE][INFO] - Action delay is set to 0 milliseconds

2020-08-26 19:17:11 - [MESSAGE][PASSED] - Browser is opened with url: ''

2020-08-26 19:17:13 - [MESSAGE][PASSED] - Current window maximized

2020-08-26 19:17:14 - [MESSAGE][PASSED] - Navigate to 'https://fdr-katalon.cammis-mod-dev.dhcs.ca.gov/dashboard' successfully

2020-08-26 19:17:15 - [MESSAGE][PASSED] - Object 'Object Repository/FDR-SignIn/SignInEmail' is present

2020-08-26 19:17:15 - [MESSAGE][PASSED] - Object: 'Object Repository/FDR-SignIn/SignInEmail' is clicked on

2020-08-26 19:17:16 - [MESSAGE][PASSED] - Object 'Object Repository/FDR-SignIn/SignInEmail' is present

2020-08-26 19:17:16 - [MESSAGE][PASSED] - Text 'fdr.test3@dhcs.ca.gov' is set on object 'Object Repository/FDR-SignIn/SignInEmail'

2020-08-26 19:17:16 - [MESSAGE][PASSED] - Object 'Object Repository/FDR-SignIn/SignInEmailNext' is visible

2020-08-26 19:17:17 - [MESSAGE][PASSED] - Object: 'Object Repository/FDR-SignIn/SignInEmailNext' is clicked on

2020-08-26 19:17:20 - [MESSAGE][PASSED] - Object 'Object Repository/FDR-SignIn/SignInEmailPassword' is visible

2020-08-26 19:17:20 - [MESSAGE][PASSED] - Object: 'Object Repository/FDR-SignIn/SignInEmailPassword' is clicked on

2020-08-26 19:17:21 - [MESSAGE][PASSED] - Text ****** has been set on object 'Object Repository/FDR-SignIn/SignInEmailPassword'

2020-08-26 19:17:22 - [MESSAGE][PASSED] - Object: 'Object Repository/FDR-SignIn/SignInButton' is clicked on

2020-08-26 19:17:22 - [TEST_STEP][PASSED] - navigateToUrl(URL): Navigate to 'https://fdr-katalon.cammis-mod-dev.dhcs.ca.gov/dashboard' successfully

2020-08-26 19:17:23 - [MESSAGE][PASSED] - Navigate to 'https://fdr-katalon.cammis-mod-dev.dhcs.ca.gov/dashboard' successfully

2020-08-26 19:17:23 - [TEST_STEP][PASSED] - Start listener action : beforeTestCase: null

2020-08-26 19:17:23 - [TEST_STEP][PASSED] - profileName = getExecutionProfile(): null

2020-08-26 19:17:23 - [TEST_STEP][PASSED] - if (profileName.equalsIgnoreCase("SysAdmin")): null

2020-08-26 19:17:23 - [TEST_STEP][PASSED] - Start listener action : sampleBeforeTestCase: null

2020-08-26 19:17:23 - [TEST_STEP][PASSED] - profileName = getExecutionProfile(): null

2020-08-26 19:17:23 - [TEST_STEP][PASSED] - testCaseId = testCaseContext.getTestCaseId(): null

2020-08-26 19:17:23 - [TEST_STEP][PASSED] - switch (profileName): null

2020-08-26 19:17:23 - [TEST_STEP][PASSED] - Default: null

2020-08-26 19:17:23 - [TEST_STEP][PASSED] - return null: null

2020-08-26 19:17:23 - [TEST_STEP][PASSED] - Start listener action : executeRows: null

2020-08-26 19:17:23 - [TEST_STEP][PASSED] - newDepositId = RandomStringUtils.randomNumeric(7): null

2020-08-26 19:17:23 - [TEST_STEP][PASSED] - newDepositId2 = RandomStringUtils.randomNumeric(7): null

2020-08-26 19:17:23 - [TEST_STEP][PASSED] - editors.createReceipt(Drawdate, Paydate, newDepositId, Receiptnotes): Object: 'Object Repository/FDR-Receipt/FDR-Receipt-Header/View/buttonNext' is clicked on

2020-08-26 19:17:30 - [MESSAGE][INFO] - Unable to find the element located by 'By.xpath: //*[@data-id='button-link']//*[contains(text(),'Create New Voucher')]'. Please recheck the objects properties to make sure the desired element is located. 

2020-08-26 19:17:30 - [MESSAGE][WARNING] - Object 'Object Repository/FDR-Dashboard/createNewVoucherButton' is not present after 4 second(s)

2020-08-26 19:17:30 - [MESSAGE][PASSED] - Object 'Object Repository/FDR-Receipt/FDR-Receipt-Dashboard/createNew_ReceiptBatch_Button' is present

2020-08-26 19:17:31 - [MESSAGE][PASSED] - Object: 'Object Repository/FDR-Receipt/FDR-Receipt-Dashboard/createNew_ReceiptBatch_Button' is clicked on

2020-08-26 19:17:31 - [MESSAGE][PASSED] - Object 'Object Repository/FDR-Receipt/FDR-Receipt-Header/View/inputDrawDate' is present

2020-08-26 19:17:32 - [MESSAGE][PASSED] - Text '09/14/2020' is set on object 'Object Repository/FDR-Receipt/FDR-Receipt-Header/View/inputDrawDate'

2020-08-26 19:17:33 - [MESSAGE][PASSED] - Keys 'TAB + ENTER + ENTER + ' sent to object: 'Object Repository/FDR-Receipt/FDR-Receipt-Header/View/inputDrawDate'

2020-08-26 19:17:34 - [MESSAGE][PASSED] - Object 'Object Repository/FDR-Receipt/FDR-Receipt-Header/Edit/payDate' is present

2020-08-26 19:17:35 - [MESSAGE][PASSED] - Text '09/16/2020' is set on object 'Object Repository/FDR-Receipt/FDR-Receipt-Header/Edit/payDate'

2020-08-26 19:17:35 - [MESSAGE][PASSED] - Object 'Object Repository/FDR-Receipt/FDR-Receipt-Header/View/deposit ID' is present

2020-08-26 19:17:36 - [MESSAGE][PASSED] - Text '4980554' is set on object 'Object Repository/FDR-Receipt/FDR-Receipt-Header/View/deposit ID'

2020-08-26 19:17:36 - [MESSAGE][PASSED] - Object 'Object Repository/FDR-Receipt/FDR-ReceiptBatch/receiptNotes' is present

2020-08-26 19:17:37 - [MESSAGE][PASSED] - Text 'rqewrq' is set on object 'Object Repository/FDR-Receipt/FDR-ReceiptBatch/receiptNotes'

2020-08-26 19:17:38 - [MESSAGE][PASSED] - Object 'Object Repository/FDR-Receipt/FDR-Receipt-Header/Edit/remmitanceAdviceInput' is present

2020-08-26 19:17:38 - [MESSAGE][PASSED] - Keys '' sent to object: 'Object Repository/FDR-Receipt/FDR-Receipt-Header/Edit/remmitanceAdviceInput'

2020-08-26 19:17:38 - [MESSAGE][PASSED] - Object 'Object Repository/FDR-Receipt/FDR-Receipt-Header/Edit/controllerReceiptInput' is present

2020-08-26 19:17:39 - [MESSAGE][PASSED] - Keys '' sent to object: 'Object Repository/FDR-Receipt/FDR-Receipt-Header/Edit/controllerReceiptInput'

2020-08-26 19:17:39 - [MESSAGE][PASSED] - Object 'Object Repository/FDR-Receipt/FDR-Receipt-Header/View/buttonNext' is present

2020-08-26 19:17:40 - [MESSAGE][PASSED] - Object: 'Object Repository/FDR-Receipt/FDR-Receipt-Header/View/buttonNext' is clicked on

2020-08-26 19:17:40 - [TEST_STEP][PASSED] - waitForElementPresent(findTestObject("FDR-Receipt/FDR-Receipt-Header/Edit/Mose_over"), 2): Object 'Object Repository/FDR-Receipt/FDR-Receipt-Header/Edit/Mose_over' is present

2020-08-26 19:17:40 - [MESSAGE][PASSED] - Object 'Object Repository/FDR-Receipt/FDR-Receipt-Header/Edit/Mose_over' is present

2020-08-26 19:17:40 - [TEST_STEP][PASSED] - click(findTestObject("FDR-Receipt/FDR-Receipt-Header/Edit/Mose_over")): Object: 'Object Repository/FDR-Receipt/FDR-Receipt-Header/Edit/Mose_over' is clicked on

2020-08-26 19:17:41 - [MESSAGE][PASSED] - Object: 'Object Repository/FDR-Receipt/FDR-Receipt-Header/Edit/Mose_over' is clicked on

2020-08-26 19:17:41 - [TEST_STEP][PASSED] - waitForElementPresent(findTestObject("FDR-Receipt/FDR-Receipt-Header/Edit/3dots_icon"), 2): Object 'Object Repository/FDR-Receipt/FDR-Receipt-Header/Edit/3dots_icon' is present

2020-08-26 19:17:41 - [MESSAGE][PASSED] - Object 'Object Repository/FDR-Receipt/FDR-Receipt-Header/Edit/3dots_icon' is present

2020-08-26 19:17:41 - [TEST_STEP][PASSED] - click(findTestObject("FDR-Receipt/FDR-Receipt-Header/Edit/3dots_icon"), STOP_ON_FAILURE): Object: 'Object Repository/FDR-Receipt/FDR-Receipt-Header/Edit/3dots_icon' is clicked on

2020-08-26 19:17:42 - [MESSAGE][PASSED] - Object: 'Object Repository/FDR-Receipt/FDR-Receipt-Header/Edit/3dots_icon' is clicked on

2020-08-26 19:17:42 - [TEST_STEP][PASSED] - click(findTestObject("FDR-Receipt/FDR-Receipt-Header/Edit/edit-Icon"), STOP_ON_FAILURE): Object: 'Object Repository/FDR-Receipt/FDR-Receipt-Header/Edit/edit-Icon' is clicked on

2020-08-26 19:17:42 - [MESSAGE][PASSED] - Object: 'Object Repository/FDR-Receipt/FDR-Receipt-Header/Edit/edit-Icon' is clicked on

2020-08-26 19:17:42 - [TEST_STEP][PASSED] - waitForElementPresent(findTestObject("FDR-Receipt/FDR-Receipt-Header/Edit/payDate"), 10): Object 'Object Repository/FDR-Receipt/FDR-Receipt-Header/Edit/payDate' is present

2020-08-26 19:17:43 - [MESSAGE][PASSED] - Object 'Object Repository/FDR-Receipt/FDR-Receipt-Header/Edit/payDate' is present

2020-08-26 19:17:43 - [TEST_STEP][PASSED] - sendKeys(findTestObject("FDR-Receipt/FDR-Receipt-Header/Edit/payDate"), Keys.chord(TAB, TAB)): Keys 'TAB + TAB + ' sent to object: 'Object Repository/FDR-Receipt/FDR-Receipt-Header/Edit/payDate'

2020-08-26 19:17:43 - [MESSAGE][PASSED] - Keys 'TAB + TAB + ' sent to object: 'Object Repository/FDR-Receipt/FDR-Receipt-Header/Edit/payDate'

2020-08-26 19:17:43 - [TEST_STEP][PASSED] - waitForElementPresent(findTestObject("FDR-Receipt/FDR-Receipt-Header/Edit/deposit_ID"), 5): Object 'Object Repository/FDR-Receipt/FDR-Receipt-Header/Edit/deposit_ID' is present

2020-08-26 19:17:44 - [MESSAGE][PASSED] - Object 'Object Repository/FDR-Receipt/FDR-Receipt-Header/Edit/deposit_ID' is present

2020-08-26 19:17:44 - [TEST_STEP][PASSED] - sendKeys(findTestObject("FDR-Receipt/FDR-Receipt-Header/Edit/deposit_ID"), Keys.chord(DELETE)): Keys 'DELETE + ' sent to object: 'Object Repository/FDR-Receipt/FDR-Receipt-Header/Edit/deposit_ID'

2020-08-26 19:17:44 - [MESSAGE][PASSED] - Keys 'DELETE + ' sent to object: 'Object Repository/FDR-Receipt/FDR-Receipt-Header/Edit/deposit_ID'

2020-08-26 19:17:44 - [TEST_STEP][PASSED] - sendKeys(findTestObject("FDR-Receipt/FDR-Receipt-Header/Edit/deposit_ID"), newDepositId2 + Keys.chord(TAB)): Keys 'TAB + 2046910' sent to object: 'Object Repository/FDR-Receipt/FDR-Receipt-Header/Edit/deposit_ID'

2020-08-26 19:17:45 - [MESSAGE][PASSED] - Keys 'TAB + 2046910' sent to object: 'Object Repository/FDR-Receipt/FDR-Receipt-Header/Edit/deposit_ID'

2020-08-26 19:17:45 - [TEST_STEP][PASSED] - waitForElementPresent(findTestObject("FDR-Receipt/FDR-Receipt-Header/Edit/receipt_Notes"), 5): Object 'Object Repository/FDR-Receipt/FDR-Receipt-Header/Edit/receipt_Notes' is present

2020-08-26 19:17:46 - [MESSAGE][PASSED] - Object 'Object Repository/FDR-Receipt/FDR-Receipt-Header/Edit/receipt_Notes' is present

2020-08-26 19:17:46 - [TEST_STEP][PASSED] - sendKeys(findTestObject("FDR-Receipt/FDR-Receipt-Header/Edit/receipt_Notes"), Keys.chord(DELETE)): Keys 'DELETE + ' sent to object: 'Object Repository/FDR-Receipt/FDR-Receipt-Header/Edit/receipt_Notes'

2020-08-26 19:17:46 - [MESSAGE][PASSED] - Keys 'DELETE + ' sent to object: 'Object Repository/FDR-Receipt/FDR-Receipt-Header/Edit/receipt_Notes'

2020-08-26 19:17:46 - [TEST_STEP][PASSED] - sendKeys(findTestObject("FDR-Receipt/FDR-Receipt-Header/Edit/receipt_Notes"), receiptnotes): Keys '123456' sent to object: 'Object Repository/FDR-Receipt/FDR-Receipt-Header/Edit/receipt_Notes'

2020-08-26 19:17:46 - [MESSAGE][PASSED] - Keys '123456' sent to object: 'Object Repository/FDR-Receipt/FDR-Receipt-Header/Edit/receipt_Notes'

2020-08-26 19:17:46 - [TEST_STEP][PASSED] - sendKeys(findTestObject("FDR-Receipt/FDR-Receipt-Header/Edit/receipt_Notes"), Keys.chord(TAB)): Keys 'TAB + ' sent to object: 'Object Repository/FDR-Receipt/FDR-Receipt-Header/Edit/receipt_Notes'

2020-08-26 19:17:47 - [MESSAGE][PASSED] - Keys 'TAB + ' sent to object: 'Object Repository/FDR-Receipt/FDR-Receipt-Header/Edit/receipt_Notes'

2020-08-26 19:17:47 - [TEST_STEP][PASSED] - waitForElementPresent(findTestObject("FDR-Receipt/FDR-Receipt-Header/Edit/next_Button"), 10): Object 'Object Repository/FDR-Receipt/FDR-Receipt-Header/Edit/next_Button' is present

2020-08-26 19:17:47 - [MESSAGE][PASSED] - Object 'Object Repository/FDR-Receipt/FDR-Receipt-Header/Edit/next_Button' is present

2020-08-26 19:17:47 - [TEST_STEP][PASSED] - click(findTestObject("FDR-Receipt/FDR-Receipt-Header/Edit/next_Button")): Object: 'Object Repository/FDR-Receipt/FDR-Receipt-Header/Edit/next_Button' is clicked on

2020-08-26 19:17:48 - [MESSAGE][PASSED] - Object: 'Object Repository/FDR-Receipt/FDR-Receipt-Header/Edit/next_Button' is clicked on

2020-08-26 19:17:48 - [TEST_STEP][PASSED] - waitForElementPresent(findTestObject("FDR-Receipt/FDR-Receipt-Header/Edit/Mose_over"), 2): Object 'Object Repository/FDR-Receipt/FDR-Receipt-Header/Edit/Mose_over' is present

2020-08-26 19:17:48 - [MESSAGE][PASSED] - Object 'Object Repository/FDR-Receipt/FDR-Receipt-Header/Edit/Mose_over' is present

2020-08-26 19:17:48 - [TEST_STEP][PASSED] - click(findTestObject("FDR-Receipt/FDR-Receipt-Header/Edit/Mose_over")): Object: 'Object Repository/FDR-Receipt/FDR-Receipt-Header/Edit/Mose_over' is clicked on

2020-08-26 19:17:49 - [MESSAGE][PASSED] - Object: 'Object Repository/FDR-Receipt/FDR-Receipt-Header/Edit/Mose_over' is clicked on

2020-08-26 19:17:49 - [TEST_STEP][PASSED] - waitForElementPresent(findTestObject("FDR-Receipt/FDR-Receipt-Header/View/depositId"), 2): Object 'Object Repository/FDR-Receipt/FDR-Receipt-Header/View/depositId' is present

2020-08-26 19:17:49 - [MESSAGE][PASSED] - Object 'Object Repository/FDR-Receipt/FDR-Receipt-Header/View/depositId' is present

2020-08-26 19:17:49 - [TEST_STEP][PASSED] - if (getText(findTestObject("FDR-Receipt/FDR-Receipt-Header/View/depositId")) == newDepositId2.toString()): Text of object 'Object Repository/FDR-Receipt/FDR-Receipt-Header/View/depositId' is: '4980554'

2020-08-26 19:17:50 - [MESSAGE][PASSED] - Text of object 'Object Repository/FDR-Receipt/FDR-Receipt-Header/View/depositId' is: '4980554'

2020-08-26 19:17:50 - [TEST_STEP][PASSED] - else: null

2020-08-26 19:17:50 - [TEST_STEP][PASSED] - OPTIONAL: null

2020-08-26 19:17:50 - [TEST_STEP][PASSED] - waitForElementPresent(findTestObject("FDR-Receipt/FDR-Receipt-Header/View/receiptsNotes"), 2): Object 'Object Repository/FDR-Receipt/FDR-Receipt-Header/View/receiptsNotes' is present

2020-08-26 19:17:50 - [MESSAGE][PASSED] - Object 'Object Repository/FDR-Receipt/FDR-Receipt-Header/View/receiptsNotes' is present

2020-08-26 19:17:50 - [TEST_STEP][PASSED] - if (getText(findTestObject("FDR-Receipt/FDR-Receipt-Header/View/receiptsNotes")) == receiptnotes): Text of object 'Object Repository/FDR-Receipt/FDR-Receipt-Header/View/receiptsNotes' is: 'rqewrq'

2020-08-26 19:17:50 - [MESSAGE][PASSED] - Text of object 'Object Repository/FDR-Receipt/FDR-Receipt-Header/View/receiptsNotes' is: 'rqewrq'

2020-08-26 19:17:50 - [TEST_STEP][PASSED] - else: null

2020-08-26 19:17:50 - [TEST_STEP][PASSED] - OPTIONAL: null

2020-08-26 19:17:50 - [TEST_STEP][PASSED] - closeBrowser(CONTINUE_ON_FAILURE): Browser is closed

2020-08-26 19:17:51 - [MESSAGE][PASSED] - Browser is closed

2020-08-26 19:17:51 - [TEST_STEP][PASSED] - Start listener action : sampleAfterTestCase: Browser is closed

2020-08-26 19:17:51 - [TEST_STEP][PASSED] - profileName = getExecutionProfile(): null

2020-08-26 19:17:51 - [TEST_STEP][PASSED] - switch (profileName): null

2020-08-26 19:17:51 - [TEST_STEP][PASSED] - if (!(skipBeforeAndAfterTestCase)): Browser is closed

2020-08-26 19:17:51 - [TEST_STEP][PASSED] - Uifunctions.logoutFDR(): Browser is closed

2020-08-26 19:17:51 - [MESSAGE][PASSED] - Browser is closed

2020-08-26 19:17:51 - [TEST_STEP][PASSED] - Start listener action : afterTestCase: null

2020-08-26 19:17:51 - [TEST_STEP][PASSED] - profileName = getExecutionProfile(): null

2020-08-26 19:17:51 - [TEST_STEP][PASSED] - if (profileName.equalsIgnoreCase("SysAdmin")): null

2020-08-26 19:17:51 - [TEST_STEP][PASSED] - Start listener action : sampleAfterTestCase: null

2020-08-26 19:17:51 - [TEST_STEP][PASSED] - profileName = getExecutionProfile(): null

2020-08-26 19:17:51 - [TEST_STEP][PASSED] - switch (profileName): null

2020-08-26 19:17:51 - [TEST_STEP][PASSED] - Default: null

2020-08-26 19:17:51 - [TEST_STEP][PASSED] - return null: null

2020-08-26 19:17:51 - [TEST_STEP][PASSED] - Start listener action : addFailedTCToList: null]]></system-out>
         <system-err><![CDATA[]]></system-err>
      </testcase>
      <testcase name="Test Cases/WEB-UI-TESTS/Receipt/FDR-Create-Receipt-CheckLine" time="42.404" classname="Test Cases/WEB-UI-TESTS/Receipt/FDR-Create-Receipt-CheckLine" status="PASSED">
         <system-out><![CDATA[2020-08-26 19:17:51 - [TEST_CASE][PASSED] - Test Cases/WEB-UI-TESTS/Receipt/FDR-Create-Receipt-CheckLine: Test Cases/WEB-UI-TESTS/Receipt/FDR-Create-Receipt-CheckLine

2020-08-26 19:17:51 - [TEST_STEP][PASSED] - Start listener action : sampleBeforeTestCase: Navigate to 'https://fdr-katalon.cammis-mod-dev.dhcs.ca.gov/dashboard' successfully

2020-08-26 19:17:51 - [TEST_STEP][PASSED] - profileName = getExecutionProfile(): null

2020-08-26 19:17:51 - [TEST_STEP][PASSED] - switch (profileName): null

2020-08-26 19:17:51 - [TEST_STEP][PASSED] - testCaseId = testCaseContext.getTestCaseId(): null

2020-08-26 19:17:51 - [TEST_STEP][PASSED] - if (!(skipBeforeAndAfterTestCase)): Navigate to 'https://fdr-katalon.cammis-mod-dev.dhcs.ca.gov/dashboard' successfully

2020-08-26 19:17:51 - [TEST_STEP][PASSED] - if (account7TestCases.contains(testCaseId)): null

2020-08-26 19:17:51 - [TEST_STEP][PASSED] - else if (account10TestCases.contains(testCaseId)): null

2020-08-26 19:17:51 - [TEST_STEP][PASSED] - else: Object: 'Object Repository/FDR-SignIn/SignInButton' is clicked on

2020-08-26 19:17:51 - [TEST_STEP][PASSED] - Uifunctions.loginFDR(accountsApprover, accountsApproverPwd): Object: 'Object Repository/FDR-SignIn/SignInButton' is clicked on

2020-08-26 19:17:51 - [MESSAGE][INFO] - Starting 'Chrome' driver

2020-08-26 19:17:51 - [MESSAGE][INFO] - Action delay is set to 0 milliseconds

2020-08-26 19:17:54 - [MESSAGE][PASSED] - Browser is opened with url: ''

2020-08-26 19:17:56 - [MESSAGE][PASSED] - Current window maximized

2020-08-26 19:17:58 - [MESSAGE][PASSED] - Navigate to 'https://fdr-katalon.cammis-mod-dev.dhcs.ca.gov/dashboard' successfully

2020-08-26 19:18:00 - [MESSAGE][PASSED] - Object 'Object Repository/FDR-SignIn/SignInEmail' is present

2020-08-26 19:18:00 - [MESSAGE][PASSED] - Object: 'Object Repository/FDR-SignIn/SignInEmail' is clicked on

2020-08-26 19:18:00 - [MESSAGE][PASSED] - Object 'Object Repository/FDR-SignIn/SignInEmail' is present

2020-08-26 19:18:01 - [MESSAGE][PASSED] - Text 'fdr.test3@dhcs.ca.gov' is set on object 'Object Repository/FDR-SignIn/SignInEmail'

2020-08-26 19:18:02 - [MESSAGE][PASSED] - Object 'Object Repository/FDR-SignIn/SignInEmailNext' is visible

2020-08-26 19:18:02 - [MESSAGE][PASSED] - Object: 'Object Repository/FDR-SignIn/SignInEmailNext' is clicked on

2020-08-26 19:18:05 - [MESSAGE][PASSED] - Object 'Object Repository/FDR-SignIn/SignInEmailPassword' is visible

2020-08-26 19:18:06 - [MESSAGE][PASSED] - Object: 'Object Repository/FDR-SignIn/SignInEmailPassword' is clicked on

2020-08-26 19:18:06 - [MESSAGE][PASSED] - Text ****** has been set on object 'Object Repository/FDR-SignIn/SignInEmailPassword'

2020-08-26 19:18:08 - [MESSAGE][PASSED] - Object: 'Object Repository/FDR-SignIn/SignInButton' is clicked on

2020-08-26 19:18:08 - [TEST_STEP][PASSED] - navigateToUrl(URL): Navigate to 'https://fdr-katalon.cammis-mod-dev.dhcs.ca.gov/dashboard' successfully

2020-08-26 19:18:08 - [MESSAGE][PASSED] - Navigate to 'https://fdr-katalon.cammis-mod-dev.dhcs.ca.gov/dashboard' successfully

2020-08-26 19:18:08 - [TEST_STEP][PASSED] - Start listener action : beforeTestCase: null

2020-08-26 19:18:08 - [TEST_STEP][PASSED] - profileName = getExecutionProfile(): null

2020-08-26 19:18:08 - [TEST_STEP][PASSED] - if (profileName.equalsIgnoreCase("SysAdmin")): null

2020-08-26 19:18:08 - [TEST_STEP][PASSED] - Start listener action : sampleBeforeTestCase: null

2020-08-26 19:18:08 - [TEST_STEP][PASSED] - profileName = getExecutionProfile(): null

2020-08-26 19:18:08 - [TEST_STEP][PASSED] - testCaseId = testCaseContext.getTestCaseId(): null

2020-08-26 19:18:08 - [TEST_STEP][PASSED] - switch (profileName): null

2020-08-26 19:18:08 - [TEST_STEP][PASSED] - Default: null

2020-08-26 19:18:08 - [TEST_STEP][PASSED] - return null: null

2020-08-26 19:18:08 - [TEST_STEP][PASSED] - Start listener action : executeRows: null

2020-08-26 19:18:08 - [TEST_STEP][PASSED] - newDepositId = RandomStringUtils.randomNumeric(7): null

2020-08-26 19:18:08 - [TEST_STEP][PASSED] - editors.createReceipt(Drawdate, Paydate, newDepositId, Receiptnotes): Object: 'Object Repository/FDR-Receipt/FDR-Receipt-Header/View/buttonNext' is clicked on

2020-08-26 19:18:14 - [MESSAGE][INFO] - Unable to find the element located by 'By.xpath: //*[@data-id='button-link']//*[contains(text(),'Create New Voucher')]'. Please recheck the objects properties to make sure the desired element is located. 

2020-08-26 19:18:14 - [MESSAGE][WARNING] - Object 'Object Repository/FDR-Dashboard/createNewVoucherButton' is not present after 4 second(s)

2020-08-26 19:18:14 - [MESSAGE][PASSED] - Object 'Object Repository/FDR-Receipt/FDR-Receipt-Dashboard/createNew_ReceiptBatch_Button' is present

2020-08-26 19:18:14 - [MESSAGE][PASSED] - Object: 'Object Repository/FDR-Receipt/FDR-Receipt-Dashboard/createNew_ReceiptBatch_Button' is clicked on

2020-08-26 19:18:15 - [MESSAGE][PASSED] - Object 'Object Repository/FDR-Receipt/FDR-Receipt-Header/View/inputDrawDate' is present

2020-08-26 19:18:16 - [MESSAGE][PASSED] - Text '09/14/2020' is set on object 'Object Repository/FDR-Receipt/FDR-Receipt-Header/View/inputDrawDate'

2020-08-26 19:18:16 - [MESSAGE][PASSED] - Keys 'TAB + ENTER + ENTER + ' sent to object: 'Object Repository/FDR-Receipt/FDR-Receipt-Header/View/inputDrawDate'

2020-08-26 19:18:17 - [MESSAGE][PASSED] - Object 'Object Repository/FDR-Receipt/FDR-Receipt-Header/Edit/payDate' is present

2020-08-26 19:18:18 - [MESSAGE][PASSED] - Text '09/16/2020' is set on object 'Object Repository/FDR-Receipt/FDR-Receipt-Header/Edit/payDate'

2020-08-26 19:18:18 - [MESSAGE][PASSED] - Object 'Object Repository/FDR-Receipt/FDR-Receipt-Header/View/deposit ID' is present

2020-08-26 19:18:19 - [MESSAGE][PASSED] - Text '2413306' is set on object 'Object Repository/FDR-Receipt/FDR-Receipt-Header/View/deposit ID'

2020-08-26 19:18:19 - [MESSAGE][PASSED] - Object 'Object Repository/FDR-Receipt/FDR-ReceiptBatch/receiptNotes' is present

2020-08-26 19:18:20 - [MESSAGE][PASSED] - Text 'rqewrq' is set on object 'Object Repository/FDR-Receipt/FDR-ReceiptBatch/receiptNotes'

2020-08-26 19:18:21 - [MESSAGE][PASSED] - Object 'Object Repository/FDR-Receipt/FDR-Receipt-Header/Edit/remmitanceAdviceInput' is present

2020-08-26 19:18:21 - [MESSAGE][PASSED] - Keys '' sent to object: 'Object Repository/FDR-Receipt/FDR-Receipt-Header/Edit/remmitanceAdviceInput'

2020-08-26 19:18:21 - [MESSAGE][PASSED] - Object 'Object Repository/FDR-Receipt/FDR-Receipt-Header/Edit/controllerReceiptInput' is present

2020-08-26 19:18:22 - [MESSAGE][PASSED] - Keys '' sent to object: 'Object Repository/FDR-Receipt/FDR-Receipt-Header/Edit/controllerReceiptInput'

2020-08-26 19:18:22 - [MESSAGE][PASSED] - Object 'Object Repository/FDR-Receipt/FDR-Receipt-Header/View/buttonNext' is present

2020-08-26 19:18:23 - [MESSAGE][PASSED] - Object: 'Object Repository/FDR-Receipt/FDR-Receipt-Header/View/buttonNext' is clicked on

2020-08-26 19:18:23 - [TEST_STEP][PASSED] - editors.createReceiptline(ReceiptID, SupplierID, DepositDate): Object: 'Object Repository/FDR-Receipt/FDR-Receipt-Checkline/View/addReceipt_Button2' is clicked on

2020-08-26 19:18:23 - [MESSAGE][PASSED] - Object 'Object Repository/FDR-Receipt/FDR-Receipt-Checkline/View/receipt_ID' is present

2020-08-26 19:18:24 - [MESSAGE][PASSED] - Keys 'CHK10322' sent to object: 'Object Repository/FDR-Receipt/FDR-Receipt-Checkline/View/receipt_ID'

2020-08-26 19:18:24 - [MESSAGE][PASSED] - Object 'Object Repository/FDR-Receipt/FDR-Receipt-Checkline/View/supplier_Id' is present

2020-08-26 19:18:25 - [MESSAGE][PASSED] - Keys '0000007954' sent to object: 'Object Repository/FDR-Receipt/FDR-Receipt-Checkline/View/supplier_Id'

2020-08-26 19:18:25 - [MESSAGE][PASSED] - Keys 'DOWN + ENTER + ' sent to object: 'Object Repository/FDR-Receipt/FDR-Receipt-Checkline/View/supplier_Id'

2020-08-26 19:18:26 - [MESSAGE][PASSED] - Object 'Object Repository/FDR-Receipt/FDR-Receipt-Checkline/View/deposit_Date' is present

2020-08-26 19:18:26 - [MESSAGE][PASSED] - Keys '02/24/2020' sent to object: 'Object Repository/FDR-Receipt/FDR-Receipt-Checkline/View/deposit_Date'

2020-08-26 19:18:32 - [MESSAGE][INFO] - Unable to find the element located by 'By.xpath: //*[@data-id='button-link']//*[contains(text(),'Create New Voucher')]'. Please recheck the objects properties to make sure the desired element is located. 

2020-08-26 19:18:32 - [MESSAGE][WARNING] - Object 'Object Repository/FDR-Dashboard/createNewVoucherButton' is not present after 4 second(s)

2020-08-26 19:18:32 - [MESSAGE][PASSED] - Object 'Object Repository/FDR-Receipt/FDR-Receipt-Checkline/View/addReceipt_Button2' is present

2020-08-26 19:18:33 - [MESSAGE][PASSED] - Object: 'Object Repository/FDR-Receipt/FDR-Receipt-Checkline/View/addReceipt_Button2' is clicked on

2020-08-26 19:18:33 - [TEST_STEP][PASSED] - Start listener action : sampleAfterTestCase: Browser is closed

2020-08-26 19:18:33 - [TEST_STEP][PASSED] - profileName = getExecutionProfile(): null

2020-08-26 19:18:33 - [TEST_STEP][PASSED] - switch (profileName): null

2020-08-26 19:18:33 - [TEST_STEP][PASSED] - if (!(skipBeforeAndAfterTestCase)): Browser is closed

2020-08-26 19:18:33 - [TEST_STEP][PASSED] - Uifunctions.logoutFDR(): Browser is closed

2020-08-26 19:18:33 - [MESSAGE][PASSED] - Browser is closed

2020-08-26 19:18:33 - [TEST_STEP][PASSED] - Start listener action : afterTestCase: null

2020-08-26 19:18:33 - [TEST_STEP][PASSED] - profileName = getExecutionProfile(): null

2020-08-26 19:18:33 - [TEST_STEP][PASSED] - if (profileName.equalsIgnoreCase("SysAdmin")): null

2020-08-26 19:18:33 - [TEST_STEP][PASSED] - Start listener action : sampleAfterTestCase: null

2020-08-26 19:18:33 - [TEST_STEP][PASSED] - profileName = getExecutionProfile(): null

2020-08-26 19:18:33 - [TEST_STEP][PASSED] - switch (profileName): null

2020-08-26 19:18:33 - [TEST_STEP][PASSED] - Default: null

2020-08-26 19:18:33 - [TEST_STEP][PASSED] - return null: null

2020-08-26 19:18:33 - [TEST_STEP][PASSED] - Start listener action : addFailedTCToList: null]]></system-out>
         <system-err><![CDATA[]]></system-err>
      </testcase>
      <testcase name="Test Cases/WEB-UI-TESTS/Receipt/FDR-Edit-Receipt_Line" time="54.408" classname="Test Cases/WEB-UI-TESTS/Receipt/FDR-Edit-Receipt_Line" status="PASSED">
         <system-out><![CDATA[2020-08-26 19:18:33 - [TEST_CASE][PASSED] - Test Cases/WEB-UI-TESTS/Receipt/FDR-Edit-Receipt_Line: Test Cases/WEB-UI-TESTS/Receipt/FDR-Edit-Receipt_Line

2020-08-26 19:18:33 - [TEST_STEP][PASSED] - Start listener action : sampleBeforeTestCase: Navigate to 'https://fdr-katalon.cammis-mod-dev.dhcs.ca.gov/dashboard' successfully

2020-08-26 19:18:33 - [TEST_STEP][PASSED] - profileName = getExecutionProfile(): null

2020-08-26 19:18:33 - [TEST_STEP][PASSED] - switch (profileName): null

2020-08-26 19:18:33 - [TEST_STEP][PASSED] - testCaseId = testCaseContext.getTestCaseId(): null

2020-08-26 19:18:33 - [TEST_STEP][PASSED] - if (!(skipBeforeAndAfterTestCase)): Navigate to 'https://fdr-katalon.cammis-mod-dev.dhcs.ca.gov/dashboard' successfully

2020-08-26 19:18:33 - [TEST_STEP][PASSED] - if (account7TestCases.contains(testCaseId)): null

2020-08-26 19:18:33 - [TEST_STEP][PASSED] - else if (account10TestCases.contains(testCaseId)): null

2020-08-26 19:18:33 - [TEST_STEP][PASSED] - else: Object: 'Object Repository/FDR-SignIn/SignInButton' is clicked on

2020-08-26 19:18:33 - [TEST_STEP][PASSED] - Uifunctions.loginFDR(accountsApprover, accountsApproverPwd): Object: 'Object Repository/FDR-SignIn/SignInButton' is clicked on

2020-08-26 19:18:33 - [MESSAGE][INFO] - Starting 'Chrome' driver

2020-08-26 19:18:33 - [MESSAGE][INFO] - Action delay is set to 0 milliseconds

2020-08-26 19:18:36 - [MESSAGE][PASSED] - Browser is opened with url: ''

2020-08-26 19:18:39 - [MESSAGE][PASSED] - Current window maximized

2020-08-26 19:18:43 - [MESSAGE][PASSED] - Navigate to 'https://fdr-katalon.cammis-mod-dev.dhcs.ca.gov/dashboard' successfully

2020-08-26 19:18:44 - [MESSAGE][PASSED] - Object 'Object Repository/FDR-SignIn/SignInEmail' is present

2020-08-26 19:18:44 - [MESSAGE][PASSED] - Object: 'Object Repository/FDR-SignIn/SignInEmail' is clicked on

2020-08-26 19:18:45 - [MESSAGE][PASSED] - Object 'Object Repository/FDR-SignIn/SignInEmail' is present

2020-08-26 19:18:45 - [MESSAGE][PASSED] - Text 'fdr.test3@dhcs.ca.gov' is set on object 'Object Repository/FDR-SignIn/SignInEmail'

2020-08-26 19:18:45 - [MESSAGE][PASSED] - Object 'Object Repository/FDR-SignIn/SignInEmailNext' is visible

2020-08-26 19:18:46 - [MESSAGE][PASSED] - Object: 'Object Repository/FDR-SignIn/SignInEmailNext' is clicked on

2020-08-26 19:18:49 - [MESSAGE][PASSED] - Object 'Object Repository/FDR-SignIn/SignInEmailPassword' is visible

2020-08-26 19:18:49 - [MESSAGE][PASSED] - Object: 'Object Repository/FDR-SignIn/SignInEmailPassword' is clicked on

2020-08-26 19:18:50 - [MESSAGE][PASSED] - Text ****** has been set on object 'Object Repository/FDR-SignIn/SignInEmailPassword'

2020-08-26 19:18:51 - [MESSAGE][PASSED] - Object: 'Object Repository/FDR-SignIn/SignInButton' is clicked on

2020-08-26 19:18:51 - [TEST_STEP][PASSED] - navigateToUrl(URL): Navigate to 'https://fdr-katalon.cammis-mod-dev.dhcs.ca.gov/dashboard' successfully

2020-08-26 19:18:52 - [MESSAGE][PASSED] - Navigate to 'https://fdr-katalon.cammis-mod-dev.dhcs.ca.gov/dashboard' successfully

2020-08-26 19:18:52 - [TEST_STEP][PASSED] - Start listener action : beforeTestCase: null

2020-08-26 19:18:52 - [TEST_STEP][PASSED] - profileName = getExecutionProfile(): null

2020-08-26 19:18:52 - [TEST_STEP][PASSED] - if (profileName.equalsIgnoreCase("SysAdmin")): null

2020-08-26 19:18:52 - [TEST_STEP][PASSED] - Start listener action : sampleBeforeTestCase: null

2020-08-26 19:18:52 - [TEST_STEP][PASSED] - profileName = getExecutionProfile(): null

2020-08-26 19:18:52 - [TEST_STEP][PASSED] - testCaseId = testCaseContext.getTestCaseId(): null

2020-08-26 19:18:52 - [TEST_STEP][PASSED] - switch (profileName): null

2020-08-26 19:18:52 - [TEST_STEP][PASSED] - Default: null

2020-08-26 19:18:52 - [TEST_STEP][PASSED] - return null: null

2020-08-26 19:18:52 - [TEST_STEP][PASSED] - Start listener action : executeRows: null

2020-08-26 19:18:52 - [TEST_STEP][PASSED] - newDepositId = RandomStringUtils.randomNumeric(7): null

2020-08-26 19:18:52 - [TEST_STEP][PASSED] - editors.createReceipt(Drawdate, Paydate, newDepositId, Receiptnotes): Object: 'Object Repository/FDR-Receipt/FDR-Receipt-Header/View/buttonNext' is clicked on

2020-08-26 19:18:57 - [MESSAGE][INFO] - Unable to find the element located by 'By.xpath: //*[@data-id='button-link']//*[contains(text(),'Create New Voucher')]'. Please recheck the objects properties to make sure the desired element is located. 

2020-08-26 19:18:57 - [MESSAGE][WARNING] - Object 'Object Repository/FDR-Dashboard/createNewVoucherButton' is not present after 4 second(s)

2020-08-26 19:18:58 - [MESSAGE][PASSED] - Object 'Object Repository/FDR-Receipt/FDR-Receipt-Dashboard/createNew_ReceiptBatch_Button' is present

2020-08-26 19:18:58 - [MESSAGE][PASSED] - Object: 'Object Repository/FDR-Receipt/FDR-Receipt-Dashboard/createNew_ReceiptBatch_Button' is clicked on

2020-08-26 19:18:58 - [MESSAGE][PASSED] - Object 'Object Repository/FDR-Receipt/FDR-Receipt-Header/View/inputDrawDate' is present

2020-08-26 19:19:00 - [MESSAGE][PASSED] - Text '09/14/2020' is set on object 'Object Repository/FDR-Receipt/FDR-Receipt-Header/View/inputDrawDate'

2020-08-26 19:19:00 - [MESSAGE][PASSED] - Keys 'TAB + ENTER + ENTER + ' sent to object: 'Object Repository/FDR-Receipt/FDR-Receipt-Header/View/inputDrawDate'

2020-08-26 19:19:01 - [MESSAGE][PASSED] - Object 'Object Repository/FDR-Receipt/FDR-Receipt-Header/Edit/payDate' is present

2020-08-26 19:19:02 - [MESSAGE][PASSED] - Text '09/16/2020' is set on object 'Object Repository/FDR-Receipt/FDR-Receipt-Header/Edit/payDate'

2020-08-26 19:19:02 - [MESSAGE][PASSED] - Object 'Object Repository/FDR-Receipt/FDR-Receipt-Header/View/deposit ID' is present

2020-08-26 19:19:03 - [MESSAGE][PASSED] - Text '4413739' is set on object 'Object Repository/FDR-Receipt/FDR-Receipt-Header/View/deposit ID'

2020-08-26 19:19:03 - [MESSAGE][PASSED] - Object 'Object Repository/FDR-Receipt/FDR-ReceiptBatch/receiptNotes' is present

2020-08-26 19:19:04 - [MESSAGE][PASSED] - Text 'rqewrq' is set on object 'Object Repository/FDR-Receipt/FDR-ReceiptBatch/receiptNotes'

2020-08-26 19:19:05 - [MESSAGE][PASSED] - Object 'Object Repository/FDR-Receipt/FDR-Receipt-Header/Edit/remmitanceAdviceInput' is present

2020-08-26 19:19:05 - [MESSAGE][PASSED] - Keys '' sent to object: 'Object Repository/FDR-Receipt/FDR-Receipt-Header/Edit/remmitanceAdviceInput'

2020-08-26 19:19:05 - [MESSAGE][PASSED] - Object 'Object Repository/FDR-Receipt/FDR-Receipt-Header/Edit/controllerReceiptInput' is present

2020-08-26 19:19:06 - [MESSAGE][PASSED] - Keys '' sent to object: 'Object Repository/FDR-Receipt/FDR-Receipt-Header/Edit/controllerReceiptInput'

2020-08-26 19:19:06 - [MESSAGE][PASSED] - Object 'Object Repository/FDR-Receipt/FDR-Receipt-Header/View/buttonNext' is present

2020-08-26 19:19:06 - [MESSAGE][PASSED] - Object: 'Object Repository/FDR-Receipt/FDR-Receipt-Header/View/buttonNext' is clicked on

2020-08-26 19:19:06 - [TEST_STEP][PASSED] - editors.createReceiptline(ReceiptID, SupplierID, DepositDate): Object: 'Object Repository/FDR-Receipt/FDR-Receipt-Checkline/View/addReceipt_Button2' is clicked on

2020-08-26 19:19:07 - [MESSAGE][PASSED] - Object 'Object Repository/FDR-Receipt/FDR-Receipt-Checkline/View/receipt_ID' is present

2020-08-26 19:19:08 - [MESSAGE][PASSED] - Keys 'CHK10322' sent to object: 'Object Repository/FDR-Receipt/FDR-Receipt-Checkline/View/receipt_ID'

2020-08-26 19:19:08 - [MESSAGE][PASSED] - Object 'Object Repository/FDR-Receipt/FDR-Receipt-Checkline/View/supplier_Id' is present

2020-08-26 19:19:08 - [MESSAGE][PASSED] - Keys '0000007954' sent to object: 'Object Repository/FDR-Receipt/FDR-Receipt-Checkline/View/supplier_Id'

2020-08-26 19:19:09 - [MESSAGE][PASSED] - Keys 'DOWN + ENTER + ' sent to object: 'Object Repository/FDR-Receipt/FDR-Receipt-Checkline/View/supplier_Id'

2020-08-26 19:19:09 - [MESSAGE][PASSED] - Object 'Object Repository/FDR-Receipt/FDR-Receipt-Checkline/View/deposit_Date' is present

2020-08-26 19:19:10 - [MESSAGE][PASSED] - Keys '02/24/2020' sent to object: 'Object Repository/FDR-Receipt/FDR-Receipt-Checkline/View/deposit_Date'

2020-08-26 19:19:16 - [MESSAGE][INFO] - Unable to find the element located by 'By.xpath: //*[@data-id='button-link']//*[contains(text(),'Create New Voucher')]'. Please recheck the objects properties to make sure the desired element is located. 

2020-08-26 19:19:16 - [MESSAGE][WARNING] - Object 'Object Repository/FDR-Dashboard/createNewVoucherButton' is not present after 4 second(s)

2020-08-26 19:19:16 - [MESSAGE][PASSED] - Object 'Object Repository/FDR-Receipt/FDR-Receipt-Checkline/View/addReceipt_Button2' is present

2020-08-26 19:19:17 - [MESSAGE][PASSED] - Object: 'Object Repository/FDR-Receipt/FDR-Receipt-Checkline/View/addReceipt_Button2' is clicked on

2020-08-26 19:19:17 - [TEST_STEP][PASSED] - waitForElementPresent(findTestObject("FDR-Dashboard/createNewVoucherButton"), 4): Object 'Object Repository/FDR-Dashboard/createNewVoucherButton' is not present after 4 second(s)

2020-08-26 19:19:23 - [MESSAGE][INFO] - Unable to find the element located by 'By.xpath: //*[@data-id='button-link']//*[contains(text(),'Create New Voucher')]'. Please recheck the objects properties to make sure the desired element is located. 

2020-08-26 19:19:23 - [MESSAGE][WARNING] - Object 'Object Repository/FDR-Dashboard/createNewVoucherButton' is not present after 4 second(s)

2020-08-26 19:19:23 - [TEST_STEP][PASSED] - waitForElementPresent(findTestObject("FDR-Receipt/FDR-Receipt-Header/Edit/3dots_icon"), 4): Object 'Object Repository/FDR-Receipt/FDR-Receipt-Header/Edit/3dots_icon' is present

2020-08-26 19:19:23 - [MESSAGE][PASSED] - Object 'Object Repository/FDR-Receipt/FDR-Receipt-Header/Edit/3dots_icon' is present

2020-08-26 19:19:23 - [TEST_STEP][PASSED] - click(findTestObject("FDR-Receipt/FDR-Receipt-Checkline/Edit/3dots_Icon")): Object: 'Object Repository/FDR-Receipt/FDR-Receipt-Checkline/Edit/3dots_Icon' is clicked on

2020-08-26 19:19:24 - [MESSAGE][PASSED] - Object: 'Object Repository/FDR-Receipt/FDR-Receipt-Checkline/Edit/3dots_Icon' is clicked on

2020-08-26 19:19:24 - [TEST_STEP][PASSED] - click(findTestObject("FDR-Receipt/FDR-Receipt-Checkline/Edit/li_Edit")): Object: 'Object Repository/FDR-Receipt/FDR-Receipt-Checkline/Edit/li_Edit' is clicked on

2020-08-26 19:19:24 - [MESSAGE][PASSED] - Object: 'Object Repository/FDR-Receipt/FDR-Receipt-Checkline/Edit/li_Edit' is clicked on

2020-08-26 19:19:24 - [TEST_STEP][PASSED] - waitForElementPresent(findTestObject("FDR-Receipt/FDR-Receipt-Checkline/View/receipt_ID"), 10): Object 'Object Repository/FDR-Receipt/FDR-Receipt-Checkline/View/receipt_ID' is present

2020-08-26 19:19:25 - [MESSAGE][PASSED] - Object 'Object Repository/FDR-Receipt/FDR-Receipt-Checkline/View/receipt_ID' is present

2020-08-26 19:19:25 - [TEST_STEP][PASSED] - click(findTestObject("FDR-Receipt/FDR-Receipt-Checkline/View/receipt_ID")): Object: 'Object Repository/FDR-Receipt/FDR-Receipt-Checkline/View/receipt_ID' is clicked on

2020-08-26 19:19:25 - [MESSAGE][PASSED] - Object: 'Object Repository/FDR-Receipt/FDR-Receipt-Checkline/View/receipt_ID' is clicked on

2020-08-26 19:19:25 - [TEST_STEP][PASSED] - Uifunctions.clearElementText(findTestObject("FDR-Receipt/FDR-Receipt-Checkline/View/receipt_ID")): Execute JavaScript 'arguments[0].value='';' successfully

2020-08-26 19:19:25 - [MESSAGE][PASSED] - Execute JavaScript 'arguments[0].value='';' successfully

2020-08-26 19:19:25 - [TEST_STEP][PASSED] - elementri = findWebElement(findTestObject("FDR-Receipt/FDR-Receipt-Checkline/View/receipt_ID"), 30): null

2020-08-26 19:19:25 - [TEST_STEP][PASSED] - elementri.clear(): null

2020-08-26 19:19:25 - [TEST_STEP][PASSED] - sendKeys(findTestObject("FDR-Receipt/FDR-Receipt-Checkline/View/receipt_ID"), ReceiptId): Keys 'CHK10322' sent to object: 'Object Repository/FDR-Receipt/FDR-Receipt-Checkline/View/receipt_ID'

2020-08-26 19:19:26 - [MESSAGE][PASSED] - Keys 'CHK10322' sent to object: 'Object Repository/FDR-Receipt/FDR-Receipt-Checkline/View/receipt_ID'

2020-08-26 19:19:26 - [TEST_STEP][PASSED] - waitForElementPresent(findTestObject("FDR-Receipt/FDR-Receipt-Checkline/Edit/button_Save"), 30): Object 'Object Repository/FDR-Receipt/FDR-Receipt-Checkline/Edit/button_Save' is present

2020-08-26 19:19:26 - [MESSAGE][PASSED] - Object 'Object Repository/FDR-Receipt/FDR-Receipt-Checkline/Edit/button_Save' is present

2020-08-26 19:19:26 - [TEST_STEP][PASSED] - click(findTestObject("FDR-Receipt/FDR-Receipt-Checkline/Edit/button_Save")): Object: 'Object Repository/FDR-Receipt/FDR-Receipt-Checkline/Edit/button_Save' is clicked on

2020-08-26 19:19:27 - [MESSAGE][PASSED] - Object: 'Object Repository/FDR-Receipt/FDR-Receipt-Checkline/Edit/button_Save' is clicked on

2020-08-26 19:19:27 - [TEST_STEP][PASSED] - if (getText(findTestObject("FDR-Receipt/FDR-Receipt-Checkline/View/receiptId_Added")) == findTestData("Receipt/FDR-EditCheckLineTestData").getValue(1, 1)): null

2020-08-26 19:19:27 - [MESSAGE][PASSED] - Text of object 'Object Repository/FDR-Receipt/FDR-Receipt-Checkline/View/receiptId_Added' is: 'CHK10322'

2020-08-26 19:19:27 - [TEST_STEP][PASSED] - markPassed("ReceiptId updated successfully"): ReceiptId updated successfully

2020-08-26 19:19:27 - [MESSAGE][PASSED] - ReceiptId updated successfully

2020-08-26 19:19:27 - [TEST_STEP][PASSED] - Start listener action : sampleAfterTestCase: Browser is closed

2020-08-26 19:19:27 - [TEST_STEP][PASSED] - profileName = getExecutionProfile(): null

2020-08-26 19:19:27 - [TEST_STEP][PASSED] - switch (profileName): null

2020-08-26 19:19:27 - [TEST_STEP][PASSED] - if (!(skipBeforeAndAfterTestCase)): Browser is closed

2020-08-26 19:19:27 - [TEST_STEP][PASSED] - Uifunctions.logoutFDR(): Browser is closed

2020-08-26 19:19:28 - [MESSAGE][PASSED] - Browser is closed

2020-08-26 19:19:28 - [TEST_STEP][PASSED] - Start listener action : afterTestCase: null

2020-08-26 19:19:28 - [TEST_STEP][PASSED] - profileName = getExecutionProfile(): null

2020-08-26 19:19:28 - [TEST_STEP][PASSED] - if (profileName.equalsIgnoreCase("SysAdmin")): null

2020-08-26 19:19:28 - [TEST_STEP][PASSED] - Start listener action : sampleAfterTestCase: null

2020-08-26 19:19:28 - [TEST_STEP][PASSED] - profileName = getExecutionProfile(): null

2020-08-26 19:19:28 - [TEST_STEP][PASSED] - switch (profileName): null

2020-08-26 19:19:28 - [TEST_STEP][PASSED] - Default: null

2020-08-26 19:19:28 - [TEST_STEP][PASSED] - return null: null

2020-08-26 19:19:28 - [TEST_STEP][PASSED] - Start listener action : addFailedTCToList: null]]></system-out>
         <system-err><![CDATA[]]></system-err>
      </testcase>
      <testcase name="Test Cases/WEB-UI-TESTS/Receipt/FDR-Delete-Undo-Receipt-Header" time="37.166" classname="Test Cases/WEB-UI-TESTS/Receipt/FDR-Delete-Undo-Receipt-Header" status="FAILED">
         <failure type="FAILED" message="Test Cases/WEB-UI-TESTS/Receipt/FDR-Delete-Undo-Receipt-Header FAILED.
Reason:
com.kms.katalon.core.exception.StepFailedException: Unable to click on object 'Object Repository/FDR-Receipt/FDR-Receipt-Dashboard/createNew_ReceiptBatch_Button'
	at com.kms.katalon.core.webui.keyword.internal.WebUIKeywordMain.stepFailed(WebUIKeywordMain.groovy:64)
	at com.kms.katalon.core.webui.keyword.internal.WebUIKeywordMain.runKeyword(WebUIKeywordMain.groovy:26)
	at com.kms.katalon.core.webui.keyword.builtin.ClickKeyword.click(ClickKeyword.groovy:76)
	at com.kms.katalon.core.webui.keyword.builtin.ClickKeyword.execute(ClickKeyword.groovy:43)
	at com.kms.katalon.core.keyword.internal.KeywordExecutor.executeKeywordForPlatform(KeywordExecutor.groovy:72)
	at com.kms.katalon.core.webui.keyword.WebUiBuiltInKeywords.click(WebUiBuiltInKeywords.groovy:616)
	at com.kms.katalon.core.webui.keyword.WebUiBuiltInKeywords$click$6.call(Unknown Source)
	at com.functions.editors.createReceipt(editors.groovy:85)
	at com.functions.editors.createReceipt(editors.groovy)
	at com.functions.editors$createReceipt.call(Unknown Source)
	at FDR-Delete-Undo-Receipt-Header.run(FDR-Delete-Undo-Receipt-Header:28)
	at com.kms.katalon.core.main.ScriptEngine.run(ScriptEngine.java:194)
	at com.kms.katalon.core.main.ScriptEngine.runScriptAsRawText(ScriptEngine.java:119)
	at com.kms.katalon.core.main.TestCaseExecutor.runScript(TestCaseExecutor.java:337)
	at com.kms.katalon.core.main.TestCaseExecutor.doExecute(TestCaseExecutor.java:328)
	at com.kms.katalon.core.main.TestCaseExecutor.processExecutionPhase(TestCaseExecutor.java:307)
	at com.kms.katalon.core.main.TestCaseExecutor.accessMainPhase(TestCaseExecutor.java:299)
	at com.kms.katalon.core.main.TestCaseExecutor.execute(TestCaseExecutor.java:233)
	at com.kms.katalon.core.main.TestSuiteExecutor.accessTestCaseMainPhase(TestSuiteExecutor.java:169)
	at com.kms.katalon.core.main.TestSuiteExecutor.accessTestSuiteMainPhase(TestSuiteExecutor.java:142)
	at com.kms.katalon.core.main.TestSuiteExecutor.execute(TestSuiteExecutor.java:91)
	at com.kms.katalon.core.main.TestCaseMain.startTestSuite(TestCaseMain.java:157)
	at com.kms.katalon.core.main.TestCaseMain$startTestSuite$0.call(Unknown Source)
	at TempTestSuite1598494549446.run(TempTestSuite1598494549446.groovy:36)
Caused by: com.kms.katalon.core.webui.exception.WebElementNotFoundException: Web element with id: 'Object Repository/FDR-Receipt/FDR-Receipt-Dashboard/createNew_ReceiptBatch_Button' located by 'By.xpath: //a[@href='/receipts/create']/child::span[contains(text(),'Create')]' not found
	at com.kms.katalon.core.webui.common.WebUiCommonHelper.findWebElement(WebUiCommonHelper.java:1154)
	at com.kms.katalon.core.webui.keyword.internal.WebUIAbstractKeyword.findWebElement(WebUIAbstractKeyword.groovy:27)
	at com.kms.katalon.core.webui.keyword.internal.WebUIAbstractKeyword.findWebElement(WebUIAbstractKeyword.groovy:26)
	at com.kms.katalon.core.webui.keyword.builtin.ClickKeyword$_click_closure1.doCall(ClickKeyword.groovy:67)
	at com.kms.katalon.core.webui.keyword.builtin.ClickKeyword$_click_closure1.call(ClickKeyword.groovy)
	at com.kms.katalon.core.webui.keyword.internal.WebUIKeywordMain.runKeyword(WebUIKeywordMain.groovy:20)
	... 22 more
"/>
         <system-out><![CDATA[2020-08-26 19:19:28 - [TEST_CASE][FAILED] - Test Cases/WEB-UI-TESTS/Receipt/FDR-Delete-Undo-Receipt-Header: Test Cases/WEB-UI-TESTS/Receipt/FDR-Delete-Undo-Receipt-Header FAILED.
Reason:
com.kms.katalon.core.exception.StepFailedException: Unable to click on object 'Object Repository/FDR-Receipt/FDR-Receipt-Dashboard/createNew_ReceiptBatch_Button'
	at com.kms.katalon.core.webui.keyword.internal.WebUIKeywordMain.stepFailed(WebUIKeywordMain.groovy:64)
	at com.kms.katalon.core.webui.keyword.internal.WebUIKeywordMain.runKeyword(WebUIKeywordMain.groovy:26)
	at com.kms.katalon.core.webui.keyword.builtin.ClickKeyword.click(ClickKeyword.groovy:76)
	at com.kms.katalon.core.webui.keyword.builtin.ClickKeyword.execute(ClickKeyword.groovy:43)
	at com.kms.katalon.core.keyword.internal.KeywordExecutor.executeKeywordForPlatform(KeywordExecutor.groovy:72)
	at com.kms.katalon.core.webui.keyword.WebUiBuiltInKeywords.click(WebUiBuiltInKeywords.groovy:616)
	at com.kms.katalon.core.webui.keyword.WebUiBuiltInKeywords$click$6.call(Unknown Source)
	at com.functions.editors.createReceipt(editors.groovy:85)
	at com.functions.editors.createReceipt(editors.groovy)
	at com.functions.editors$createReceipt.call(Unknown Source)
	at FDR-Delete-Undo-Receipt-Header.run(FDR-Delete-Undo-Receipt-Header:28)
	at com.kms.katalon.core.main.ScriptEngine.run(ScriptEngine.java:194)
	at com.kms.katalon.core.main.ScriptEngine.runScriptAsRawText(ScriptEngine.java:119)
	at com.kms.katalon.core.main.TestCaseExecutor.runScript(TestCaseExecutor.java:337)
	at com.kms.katalon.core.main.TestCaseExecutor.doExecute(TestCaseExecutor.java:328)
	at com.kms.katalon.core.main.TestCaseExecutor.processExecutionPhase(TestCaseExecutor.java:307)
	at com.kms.katalon.core.main.TestCaseExecutor.accessMainPhase(TestCaseExecutor.java:299)
	at com.kms.katalon.core.main.TestCaseExecutor.execute(TestCaseExecutor.java:233)
	at com.kms.katalon.core.main.TestSuiteExecutor.accessTestCaseMainPhase(TestSuiteExecutor.java:169)
	at com.kms.katalon.core.main.TestSuiteExecutor.accessTestSuiteMainPhase(TestSuiteExecutor.java:142)
	at com.kms.katalon.core.main.TestSuiteExecutor.execute(TestSuiteExecutor.java:91)
	at com.kms.katalon.core.main.TestCaseMain.startTestSuite(TestCaseMain.java:157)
	at com.kms.katalon.core.main.TestCaseMain$startTestSuite$0.call(Unknown Source)
	at TempTestSuite1598494549446.run(TempTestSuite1598494549446.groovy:36)
Caused by: com.kms.katalon.core.webui.exception.WebElementNotFoundException: Web element with id: 'Object Repository/FDR-Receipt/FDR-Receipt-Dashboard/createNew_ReceiptBatch_Button' located by 'By.xpath: //a[@href='/receipts/create']/child::span[contains(text(),'Create')]' not found
	at com.kms.katalon.core.webui.common.WebUiCommonHelper.findWebElement(WebUiCommonHelper.java:1154)
	at com.kms.katalon.core.webui.keyword.internal.WebUIAbstractKeyword.findWebElement(WebUIAbstractKeyword.groovy:27)
	at com.kms.katalon.core.webui.keyword.internal.WebUIAbstractKeyword.findWebElement(WebUIAbstractKeyword.groovy:26)
	at com.kms.katalon.core.webui.keyword.builtin.ClickKeyword$_click_closure1.doCall(ClickKeyword.groovy:67)
	at com.kms.katalon.core.webui.keyword.builtin.ClickKeyword$_click_closure1.call(ClickKeyword.groovy)
	at com.kms.katalon.core.webui.keyword.internal.WebUIKeywordMain.runKeyword(WebUIKeywordMain.groovy:20)
	... 22 more


2020-08-26 19:19:28 - [TEST_STEP][ERROR] - Start listener action : sampleBeforeTestCase: com.kms.katalon.core.exception.StepFailedException: Unable to click on object 'Object Repository/FDR-SignIn/SignInEmailPassword'
	at com.kms.katalon.core.webui.keyword.internal.WebUIKeywordMain.stepFailed(WebUIKeywordMain.groovy:64)
	at com.kms.katalon.core.webui.keyword.internal.WebUIKeywordMain.runKeyword(WebUIKeywordMain.groovy:26)
	at com.kms.katalon.core.webui.keyword.builtin.ClickKeyword.click(ClickKeyword.groovy:76)
	at com.kms.katalon.core.webui.keyword.builtin.ClickKeyword.execute(ClickKeyword.groovy:43)
	at com.kms.katalon.core.keyword.internal.KeywordExecutor.executeKeywordForPlatform(KeywordExecutor.groovy:72)
	at com.kms.katalon.core.webui.keyword.WebUiBuiltInKeywords.click(WebUiBuiltInKeywords.groovy:616)
	at com.kms.katalon.core.webui.keyword.WebUiBuiltInKeywords$click$6.call(Unknown Source)
	at com.functions.Uifunctions.loginFDR(Uifunctions.groovy:32)
	at com.functions.Uifunctions$loginFDR.call(Unknown Source)
	at FDRListener.sampleBeforeTestCase(FDRListener.groovy:55)
	at FDRListener.invokeMethod(FDRListener.groovy)
	at com.kms.katalon.core.context.internal.TestHooker.invokeMethod(TestHooker.java:111)
	at com.kms.katalon.core.context.internal.TestHooker.lambda$3(TestHooker.java:95)
	at com.kms.katalon.core.context.internal.TestHooker.invokeContextMethods(TestHooker.java:94)
	at com.kms.katalon.core.context.internal.TestListenerCollector.lambda$3(TestListenerCollector.java:88)
	at com.kms.katalon.core.context.internal.TestListenerCollector.handleListenerEvent(TestListenerCollector.java:85)
	at com.kms.katalon.core.context.internal.ExecutionEventManager.publicEvent(ExecutionEventManager.java:36)
	at com.kms.katalon.core.main.TestCaseExecutor.execute(TestCaseExecutor.java:219)
	at com.kms.katalon.core.main.TestSuiteExecutor.accessTestCaseMainPhase(TestSuiteExecutor.java:169)
	at com.kms.katalon.core.main.TestSuiteExecutor.accessTestSuiteMainPhase(TestSuiteExecutor.java:142)
	at com.kms.katalon.core.main.TestSuiteExecutor.execute(TestSuiteExecutor.java:91)
	at com.kms.katalon.core.main.TestCaseMain.startTestSuite(TestCaseMain.java:157)
	at com.kms.katalon.core.main.TestCaseMain$startTestSuite$0.call(Unknown Source)
	at TempTestSuite1598494549446.run(TempTestSuite1598494549446.groovy:36)
Caused by: com.kms.katalon.core.webui.exception.WebElementNotFoundException: Web element with id: 'Object Repository/FDR-SignIn/SignInEmailPassword' located by 'By.xpath: //input[@id="passwordInput"]' not found
	at com.kms.katalon.core.webui.common.WebUiCommonHelper.findWebElement(WebUiCommonHelper.java:1154)
	at com.kms.katalon.core.webui.keyword.internal.WebUIAbstractKeyword.findWebElement(WebUIAbstractKeyword.groovy:27)
	at com.kms.katalon.core.webui.keyword.internal.WebUIAbstractKeyword.findWebElement(WebUIAbstractKeyword.groovy:26)
	at com.kms.katalon.core.webui.keyword.builtin.ClickKeyword$_click_closure1.doCall(ClickKeyword.groovy:67)
	at com.kms.katalon.core.webui.keyword.builtin.ClickKeyword$_click_closure1.call(ClickKeyword.groovy)
	at com.kms.katalon.core.webui.keyword.internal.WebUIKeywordMain.runKeyword(WebUIKeywordMain.groovy:20)
	... 22 more


2020-08-26 19:19:28 - [TEST_STEP][PASSED] - profileName = getExecutionProfile(): null

2020-08-26 19:19:28 - [TEST_STEP][PASSED] - switch (profileName): null

2020-08-26 19:19:28 - [TEST_STEP][PASSED] - testCaseId = testCaseContext.getTestCaseId(): null

2020-08-26 19:19:28 - [TEST_STEP][ERROR] - if (!(skipBeforeAndAfterTestCase)): com.kms.katalon.core.exception.StepFailedException: Unable to click on object 'Object Repository/FDR-SignIn/SignInEmailPassword'
	at com.kms.katalon.core.webui.keyword.internal.WebUIKeywordMain.stepFailed(WebUIKeywordMain.groovy:64)
	at com.kms.katalon.core.webui.keyword.internal.WebUIKeywordMain.runKeyword(WebUIKeywordMain.groovy:26)
	at com.kms.katalon.core.webui.keyword.builtin.ClickKeyword.click(ClickKeyword.groovy:76)
	at com.kms.katalon.core.webui.keyword.builtin.ClickKeyword.execute(ClickKeyword.groovy:43)
	at com.kms.katalon.core.keyword.internal.KeywordExecutor.executeKeywordForPlatform(KeywordExecutor.groovy:72)
	at com.kms.katalon.core.webui.keyword.WebUiBuiltInKeywords.click(WebUiBuiltInKeywords.groovy:616)
	at com.kms.katalon.core.webui.keyword.WebUiBuiltInKeywords$click$6.call(Unknown Source)
	at com.functions.Uifunctions.loginFDR(Uifunctions.groovy:32)
	at com.functions.Uifunctions$loginFDR.call(Unknown Source)
	at FDRListener.sampleBeforeTestCase(FDRListener.groovy:55)
	at FDRListener.invokeMethod(FDRListener.groovy)
	at com.kms.katalon.core.context.internal.TestHooker.invokeMethod(TestHooker.java:111)
	at com.kms.katalon.core.context.internal.TestHooker.lambda$3(TestHooker.java:95)
	at com.kms.katalon.core.context.internal.TestHooker.invokeContextMethods(TestHooker.java:94)
	at com.kms.katalon.core.context.internal.TestListenerCollector.lambda$3(TestListenerCollector.java:88)
	at com.kms.katalon.core.context.internal.TestListenerCollector.handleListenerEvent(TestListenerCollector.java:85)
	at com.kms.katalon.core.context.internal.ExecutionEventManager.publicEvent(ExecutionEventManager.java:36)
	at com.kms.katalon.core.main.TestCaseExecutor.execute(TestCaseExecutor.java:219)
	at com.kms.katalon.core.main.TestSuiteExecutor.accessTestCaseMainPhase(TestSuiteExecutor.java:169)
	at com.kms.katalon.core.main.TestSuiteExecutor.accessTestSuiteMainPhase(TestSuiteExecutor.java:142)
	at com.kms.katalon.core.main.TestSuiteExecutor.execute(TestSuiteExecutor.java:91)
	at com.kms.katalon.core.main.TestCaseMain.startTestSuite(TestCaseMain.java:157)
	at com.kms.katalon.core.main.TestCaseMain$startTestSuite$0.call(Unknown Source)
	at TempTestSuite1598494549446.run(TempTestSuite1598494549446.groovy:36)
Caused by: com.kms.katalon.core.webui.exception.WebElementNotFoundException: Web element with id: 'Object Repository/FDR-SignIn/SignInEmailPassword' located by 'By.xpath: //input[@id="passwordInput"]' not found
	at com.kms.katalon.core.webui.common.WebUiCommonHelper.findWebElement(WebUiCommonHelper.java:1154)
	at com.kms.katalon.core.webui.keyword.internal.WebUIAbstractKeyword.findWebElement(WebUIAbstractKeyword.groovy:27)
	at com.kms.katalon.core.webui.keyword.internal.WebUIAbstractKeyword.findWebElement(WebUIAbstractKeyword.groovy:26)
	at com.kms.katalon.core.webui.keyword.builtin.ClickKeyword$_click_closure1.doCall(ClickKeyword.groovy:67)
	at com.kms.katalon.core.webui.keyword.builtin.ClickKeyword$_click_closure1.call(ClickKeyword.groovy)
	at com.kms.katalon.core.webui.keyword.internal.WebUIKeywordMain.runKeyword(WebUIKeywordMain.groovy:20)
	... 22 more


2020-08-26 19:19:28 - [TEST_STEP][ERROR] - if (account7TestCases.contains(testCaseId)): com.kms.katalon.core.exception.StepFailedException: Unable to click on object 'Object Repository/FDR-SignIn/SignInEmailPassword'
	at com.kms.katalon.core.webui.keyword.internal.WebUIKeywordMain.stepFailed(WebUIKeywordMain.groovy:64)
	at com.kms.katalon.core.webui.keyword.internal.WebUIKeywordMain.runKeyword(WebUIKeywordMain.groovy:26)
	at com.kms.katalon.core.webui.keyword.builtin.ClickKeyword.click(ClickKeyword.groovy:76)
	at com.kms.katalon.core.webui.keyword.builtin.ClickKeyword.execute(ClickKeyword.groovy:43)
	at com.kms.katalon.core.keyword.internal.KeywordExecutor.executeKeywordForPlatform(KeywordExecutor.groovy:72)
	at com.kms.katalon.core.webui.keyword.WebUiBuiltInKeywords.click(WebUiBuiltInKeywords.groovy:616)
	at com.kms.katalon.core.webui.keyword.WebUiBuiltInKeywords$click$6.call(Unknown Source)
	at com.functions.Uifunctions.loginFDR(Uifunctions.groovy:32)
	at com.functions.Uifunctions$loginFDR.call(Unknown Source)
	at FDRListener.sampleBeforeTestCase(FDRListener.groovy:55)
	at FDRListener.invokeMethod(FDRListener.groovy)
	at com.kms.katalon.core.context.internal.TestHooker.invokeMethod(TestHooker.java:111)
	at com.kms.katalon.core.context.internal.TestHooker.lambda$3(TestHooker.java:95)
	at com.kms.katalon.core.context.internal.TestHooker.invokeContextMethods(TestHooker.java:94)
	at com.kms.katalon.core.context.internal.TestListenerCollector.lambda$3(TestListenerCollector.java:88)
	at com.kms.katalon.core.context.internal.TestListenerCollector.handleListenerEvent(TestListenerCollector.java:85)
	at com.kms.katalon.core.context.internal.ExecutionEventManager.publicEvent(ExecutionEventManager.java:36)
	at com.kms.katalon.core.main.TestCaseExecutor.execute(TestCaseExecutor.java:219)
	at com.kms.katalon.core.main.TestSuiteExecutor.accessTestCaseMainPhase(TestSuiteExecutor.java:169)
	at com.kms.katalon.core.main.TestSuiteExecutor.accessTestSuiteMainPhase(TestSuiteExecutor.java:142)
	at com.kms.katalon.core.main.TestSuiteExecutor.execute(TestSuiteExecutor.java:91)
	at com.kms.katalon.core.main.TestCaseMain.startTestSuite(TestCaseMain.java:157)
	at com.kms.katalon.core.main.TestCaseMain$startTestSuite$0.call(Unknown Source)
	at TempTestSuite1598494549446.run(TempTestSuite1598494549446.groovy:36)
Caused by: com.kms.katalon.core.webui.exception.WebElementNotFoundException: Web element with id: 'Object Repository/FDR-SignIn/SignInEmailPassword' located by 'By.xpath: //input[@id="passwordInput"]' not found
	at com.kms.katalon.core.webui.common.WebUiCommonHelper.findWebElement(WebUiCommonHelper.java:1154)
	at com.kms.katalon.core.webui.keyword.internal.WebUIAbstractKeyword.findWebElement(WebUIAbstractKeyword.groovy:27)
	at com.kms.katalon.core.webui.keyword.internal.WebUIAbstractKeyword.findWebElement(WebUIAbstractKeyword.groovy:26)
	at com.kms.katalon.core.webui.keyword.builtin.ClickKeyword$_click_closure1.doCall(ClickKeyword.groovy:67)
	at com.kms.katalon.core.webui.keyword.builtin.ClickKeyword$_click_closure1.call(ClickKeyword.groovy)
	at com.kms.katalon.core.webui.keyword.internal.WebUIKeywordMain.runKeyword(WebUIKeywordMain.groovy:20)
	... 22 more


2020-08-26 19:19:28 - [TEST_STEP][ERROR] - Uifunctions.loginFDR(accountsAdmin, accountsAdminPwd): com.kms.katalon.core.exception.StepFailedException: Unable to click on object 'Object Repository/FDR-SignIn/SignInEmailPassword'
	at com.kms.katalon.core.webui.keyword.internal.WebUIKeywordMain.stepFailed(WebUIKeywordMain.groovy:64)
	at com.kms.katalon.core.webui.keyword.internal.WebUIKeywordMain.runKeyword(WebUIKeywordMain.groovy:26)
	at com.kms.katalon.core.webui.keyword.builtin.ClickKeyword.click(ClickKeyword.groovy:76)
	at com.kms.katalon.core.webui.keyword.builtin.ClickKeyword.execute(ClickKeyword.groovy:43)
	at com.kms.katalon.core.keyword.internal.KeywordExecutor.executeKeywordForPlatform(KeywordExecutor.groovy:72)
	at com.kms.katalon.core.webui.keyword.WebUiBuiltInKeywords.click(WebUiBuiltInKeywords.groovy:616)
	at com.kms.katalon.core.webui.keyword.WebUiBuiltInKeywords$click$6.call(Unknown Source)
	at com.functions.Uifunctions.loginFDR(Uifunctions.groovy:32)
	at com.functions.Uifunctions$loginFDR.call(Unknown Source)
	at FDRListener.sampleBeforeTestCase(FDRListener.groovy:55)
	at FDRListener.invokeMethod(FDRListener.groovy)
	at com.kms.katalon.core.context.internal.TestHooker.invokeMethod(TestHooker.java:111)
	at com.kms.katalon.core.context.internal.TestHooker.lambda$3(TestHooker.java:95)
	at com.kms.katalon.core.context.internal.TestHooker.invokeContextMethods(TestHooker.java:94)
	at com.kms.katalon.core.context.internal.TestListenerCollector.lambda$3(TestListenerCollector.java:88)
	at com.kms.katalon.core.context.internal.TestListenerCollector.handleListenerEvent(TestListenerCollector.java:85)
	at com.kms.katalon.core.context.internal.ExecutionEventManager.publicEvent(ExecutionEventManager.java:36)
	at com.kms.katalon.core.main.TestCaseExecutor.execute(TestCaseExecutor.java:219)
	at com.kms.katalon.core.main.TestSuiteExecutor.accessTestCaseMainPhase(TestSuiteExecutor.java:169)
	at com.kms.katalon.core.main.TestSuiteExecutor.accessTestSuiteMainPhase(TestSuiteExecutor.java:142)
	at com.kms.katalon.core.main.TestSuiteExecutor.execute(TestSuiteExecutor.java:91)
	at com.kms.katalon.core.main.TestCaseMain.startTestSuite(TestCaseMain.java:157)
	at com.kms.katalon.core.main.TestCaseMain$startTestSuite$0.call(Unknown Source)
	at TempTestSuite1598494549446.run(TempTestSuite1598494549446.groovy:36)
Caused by: com.kms.katalon.core.webui.exception.WebElementNotFoundException: Web element with id: 'Object Repository/FDR-SignIn/SignInEmailPassword' located by 'By.xpath: //input[@id="passwordInput"]' not found
	at com.kms.katalon.core.webui.common.WebUiCommonHelper.findWebElement(WebUiCommonHelper.java:1154)
	at com.kms.katalon.core.webui.keyword.internal.WebUIAbstractKeyword.findWebElement(WebUIAbstractKeyword.groovy:27)
	at com.kms.katalon.core.webui.keyword.internal.WebUIAbstractKeyword.findWebElement(WebUIAbstractKeyword.groovy:26)
	at com.kms.katalon.core.webui.keyword.builtin.ClickKeyword$_click_closure1.doCall(ClickKeyword.groovy:67)
	at com.kms.katalon.core.webui.keyword.builtin.ClickKeyword$_click_closure1.call(ClickKeyword.groovy)
	at com.kms.katalon.core.webui.keyword.internal.WebUIKeywordMain.runKeyword(WebUIKeywordMain.groovy:20)
	... 22 more


2020-08-26 19:19:28 - [MESSAGE][INFO] - Starting 'Chrome' driver

2020-08-26 19:19:28 - [MESSAGE][INFO] - Action delay is set to 0 milliseconds

2020-08-26 19:19:31 - [MESSAGE][PASSED] - Browser is opened with url: ''

2020-08-26 19:19:33 - [MESSAGE][PASSED] - Current window maximized

2020-08-26 19:19:34 - [MESSAGE][PASSED] - Navigate to 'https://fdr-katalon.cammis-mod-dev.dhcs.ca.gov/dashboard' successfully

2020-08-26 19:19:35 - [MESSAGE][PASSED] - Object 'Object Repository/FDR-SignIn/SignInEmail' is present

2020-08-26 19:19:36 - [MESSAGE][PASSED] - Object: 'Object Repository/FDR-SignIn/SignInEmail' is clicked on

2020-08-26 19:19:36 - [MESSAGE][PASSED] - Object 'Object Repository/FDR-SignIn/SignInEmail' is present

2020-08-26 19:19:36 - [MESSAGE][PASSED] - Text 'fdr.test4@dhcs.ca.gov' is set on object 'Object Repository/FDR-SignIn/SignInEmail'

2020-08-26 19:19:37 - [MESSAGE][PASSED] - Object 'Object Repository/FDR-SignIn/SignInEmailNext' is visible

2020-08-26 19:19:37 - [MESSAGE][PASSED] - Object: 'Object Repository/FDR-SignIn/SignInEmailNext' is clicked on

2020-08-26 19:19:44 - [MESSAGE][INFO] - Unable to find the element located by 'By.xpath: //input[@id="passwordInput"]'. Please recheck the objects properties to make sure the desired element is located. 

2020-08-26 19:19:44 - [MESSAGE][WARNING] - Web element with id: 'Object Repository/FDR-SignIn/SignInEmailPassword' located by 'By.xpath: //input[@id="passwordInput"]' not found

2020-08-26 19:19:48 - [MESSAGE][INFO] - Unable to find the element located by 'By.xpath: //input[@id="passwordInput"]'. Please recheck the objects properties to make sure the desired element is located. 

2020-08-26 19:19:49 - [MESSAGE][FAILED] - Unable to click on object 'Object Repository/FDR-SignIn/SignInEmailPassword' (Root cause: com.kms.katalon.core.exception.StepFailedException: Unable to click on object 'Object Repository/FDR-SignIn/SignInEmailPassword'
	at com.kms.katalon.core.webui.keyword.internal.WebUIKeywordMain.stepFailed(WebUIKeywordMain.groovy:64)
	at com.kms.katalon.core.webui.keyword.internal.WebUIKeywordMain.runKeyword(WebUIKeywordMain.groovy:26)
	at com.kms.katalon.core.webui.keyword.builtin.ClickKeyword.click(ClickKeyword.groovy:76)
	at com.kms.katalon.core.webui.keyword.builtin.ClickKeyword.execute(ClickKeyword.groovy:43)
	at com.kms.katalon.core.keyword.internal.KeywordExecutor.executeKeywordForPlatform(KeywordExecutor.groovy:72)
	at com.kms.katalon.core.webui.keyword.WebUiBuiltInKeywords.click(WebUiBuiltInKeywords.groovy:616)
	at com.kms.katalon.core.webui.keyword.WebUiBuiltInKeywords$click$6.call(Unknown Source)
	at com.functions.Uifunctions.loginFDR(Uifunctions.groovy:32)
	at com.functions.Uifunctions$loginFDR.call(Unknown Source)
	at FDRListener.sampleBeforeTestCase(FDRListener.groovy:55)
	at FDRListener.invokeMethod(FDRListener.groovy)
	at com.kms.katalon.core.context.internal.TestHooker.invokeMethod(TestHooker.java:111)
	at com.kms.katalon.core.context.internal.TestHooker.lambda$3(TestHooker.java:95)
	at com.kms.katalon.core.context.internal.TestHooker.invokeContextMethods(TestHooker.java:94)
	at com.kms.katalon.core.context.internal.TestListenerCollector.lambda$3(TestListenerCollector.java:88)
	at com.kms.katalon.core.context.internal.TestListenerCollector.handleListenerEvent(TestListenerCollector.java:85)
	at com.kms.katalon.core.context.internal.ExecutionEventManager.publicEvent(ExecutionEventManager.java:36)
	at com.kms.katalon.core.main.TestCaseExecutor.execute(TestCaseExecutor.java:219)
	at com.kms.katalon.core.main.TestSuiteExecutor.accessTestCaseMainPhase(TestSuiteExecutor.java:169)
	at com.kms.katalon.core.main.TestSuiteExecutor.accessTestSuiteMainPhase(TestSuiteExecutor.java:142)
	at com.kms.katalon.core.main.TestSuiteExecutor.execute(TestSuiteExecutor.java:91)
	at com.kms.katalon.core.main.TestCaseMain.startTestSuite(TestCaseMain.java:157)
	at com.kms.katalon.core.main.TestCaseMain$startTestSuite$0.call(Unknown Source)
	at TempTestSuite1598494549446.run(TempTestSuite1598494549446.groovy:36)
Caused by: com.kms.katalon.core.webui.exception.WebElementNotFoundException: Web element with id: 'Object Repository/FDR-SignIn/SignInEmailPassword' located by 'By.xpath: //input[@id="passwordInput"]' not found
	at com.kms.katalon.core.webui.common.WebUiCommonHelper.findWebElement(WebUiCommonHelper.java:1154)
	at com.kms.katalon.core.webui.keyword.internal.WebUIAbstractKeyword.findWebElement(WebUIAbstractKeyword.groovy:27)
	at com.kms.katalon.core.webui.keyword.internal.WebUIAbstractKeyword.findWebElement(WebUIAbstractKeyword.groovy:26)
	at com.kms.katalon.core.webui.keyword.builtin.ClickKeyword$_click_closure1.doCall(ClickKeyword.groovy:67)
	at com.kms.katalon.core.webui.keyword.builtin.ClickKeyword$_click_closure1.call(ClickKeyword.groovy)
	at com.kms.katalon.core.webui.keyword.internal.WebUIKeywordMain.runKeyword(WebUIKeywordMain.groovy:20)
	... 22 more
)
[[ATTACHMENT|C:\\fdr-automation-develop_08_25_2020\\Reports\\20200826_191549\\Receipt-Regression-Suite\\20200826_191549\\1598494788692.png]]

2020-08-26 19:19:49 - [MESSAGE][ERROR] - com.kms.katalon.core.exception.StepFailedException: Unable to click on object 'Object Repository/FDR-SignIn/SignInEmailPassword'
	at com.kms.katalon.core.webui.keyword.internal.WebUIKeywordMain.stepFailed(WebUIKeywordMain.groovy:64)
	at com.kms.katalon.core.webui.keyword.internal.WebUIKeywordMain.runKeyword(WebUIKeywordMain.groovy:26)
	at com.kms.katalon.core.webui.keyword.builtin.ClickKeyword.click(ClickKeyword.groovy:76)
	at com.kms.katalon.core.webui.keyword.builtin.ClickKeyword.execute(ClickKeyword.groovy:43)
	at com.kms.katalon.core.keyword.internal.KeywordExecutor.executeKeywordForPlatform(KeywordExecutor.groovy:72)
	at com.kms.katalon.core.webui.keyword.WebUiBuiltInKeywords.click(WebUiBuiltInKeywords.groovy:616)
	at com.kms.katalon.core.webui.keyword.WebUiBuiltInKeywords$click$6.call(Unknown Source)
	at com.functions.Uifunctions.loginFDR(Uifunctions.groovy:32)
	at com.functions.Uifunctions$loginFDR.call(Unknown Source)
	at FDRListener.sampleBeforeTestCase(FDRListener.groovy:55)
	at FDRListener.invokeMethod(FDRListener.groovy)
	at com.kms.katalon.core.context.internal.TestHooker.invokeMethod(TestHooker.java:111)
	at com.kms.katalon.core.context.internal.TestHooker.lambda$3(TestHooker.java:95)
	at com.kms.katalon.core.context.internal.TestHooker.invokeContextMethods(TestHooker.java:94)
	at com.kms.katalon.core.context.internal.TestListenerCollector.lambda$3(TestListenerCollector.java:88)
	at com.kms.katalon.core.context.internal.TestListenerCollector.handleListenerEvent(TestListenerCollector.java:85)
	at com.kms.katalon.core.context.internal.ExecutionEventManager.publicEvent(ExecutionEventManager.java:36)
	at com.kms.katalon.core.main.TestCaseExecutor.execute(TestCaseExecutor.java:219)
	at com.kms.katalon.core.main.TestSuiteExecutor.accessTestCaseMainPhase(TestSuiteExecutor.java:169)
	at com.kms.katalon.core.main.TestSuiteExecutor.accessTestSuiteMainPhase(TestSuiteExecutor.java:142)
	at com.kms.katalon.core.main.TestSuiteExecutor.execute(TestSuiteExecutor.java:91)
	at com.kms.katalon.core.main.TestCaseMain.startTestSuite(TestCaseMain.java:157)
	at com.kms.katalon.core.main.TestCaseMain$startTestSuite$0.call(Unknown Source)
	at TempTestSuite1598494549446.run(TempTestSuite1598494549446.groovy:36)
Caused by: com.kms.katalon.core.webui.exception.WebElementNotFoundException: Web element with id: 'Object Repository/FDR-SignIn/SignInEmailPassword' located by 'By.xpath: //input[@id="passwordInput"]' not found
	at com.kms.katalon.core.webui.common.WebUiCommonHelper.findWebElement(WebUiCommonHelper.java:1154)
	at com.kms.katalon.core.webui.keyword.internal.WebUIAbstractKeyword.findWebElement(WebUIAbstractKeyword.groovy:27)
	at com.kms.katalon.core.webui.keyword.internal.WebUIAbstractKeyword.findWebElement(WebUIAbstractKeyword.groovy:26)
	at com.kms.katalon.core.webui.keyword.builtin.ClickKeyword$_click_closure1.doCall(ClickKeyword.groovy:67)
	at com.kms.katalon.core.webui.keyword.builtin.ClickKeyword$_click_closure1.call(ClickKeyword.groovy)
	at com.kms.katalon.core.webui.keyword.internal.WebUIKeywordMain.runKeyword(WebUIKeywordMain.groovy:20)
	... 22 more


2020-08-26 19:19:49 - [TEST_STEP][PASSED] - Start listener action : beforeTestCase: null

2020-08-26 19:19:49 - [TEST_STEP][PASSED] - profileName = getExecutionProfile(): null

2020-08-26 19:19:49 - [TEST_STEP][PASSED] - if (profileName.equalsIgnoreCase("SysAdmin")): null

2020-08-26 19:19:49 - [TEST_STEP][PASSED] - Start listener action : sampleBeforeTestCase: null

2020-08-26 19:19:49 - [TEST_STEP][PASSED] - profileName = getExecutionProfile(): null

2020-08-26 19:19:49 - [TEST_STEP][PASSED] - testCaseId = testCaseContext.getTestCaseId(): null

2020-08-26 19:19:49 - [TEST_STEP][PASSED] - switch (profileName): null

2020-08-26 19:19:49 - [TEST_STEP][PASSED] - Default: null

2020-08-26 19:19:49 - [TEST_STEP][PASSED] - return null: null

2020-08-26 19:19:49 - [TEST_STEP][PASSED] - Start listener action : executeRows: null

2020-08-26 19:19:49 - [TEST_STEP][PASSED] - newDepositId = RandomStringUtils.randomNumeric(7): null

2020-08-26 19:19:49 - [TEST_STEP][FAILED] - editors.createReceipt(Drawdate, Paydate, newDepositId, Receiptnotes): Unable to click on object 'Object Repository/FDR-Receipt/FDR-Receipt-Dashboard/createNew_ReceiptBatch_Button' (Root cause: com.kms.katalon.core.exception.StepFailedException: Unable to click on object 'Object Repository/FDR-Receipt/FDR-Receipt-Dashboard/createNew_ReceiptBatch_Button'
	at com.kms.katalon.core.webui.keyword.internal.WebUIKeywordMain.stepFailed(WebUIKeywordMain.groovy:64)
	at com.kms.katalon.core.webui.keyword.internal.WebUIKeywordMain.runKeyword(WebUIKeywordMain.groovy:26)
	at com.kms.katalon.core.webui.keyword.builtin.ClickKeyword.click(ClickKeyword.groovy:76)
	at com.kms.katalon.core.webui.keyword.builtin.ClickKeyword.execute(ClickKeyword.groovy:43)
	at com.kms.katalon.core.keyword.internal.KeywordExecutor.executeKeywordForPlatform(KeywordExecutor.groovy:72)
	at com.kms.katalon.core.webui.keyword.WebUiBuiltInKeywords.click(WebUiBuiltInKeywords.groovy:616)
	at com.kms.katalon.core.webui.keyword.WebUiBuiltInKeywords$click$6.call(Unknown Source)
	at com.functions.editors.createReceipt(editors.groovy:85)
	at com.functions.editors.createReceipt(editors.groovy)
	at com.functions.editors$createReceipt.call(Unknown Source)
	at FDR-Delete-Undo-Receipt-Header.run(FDR-Delete-Undo-Receipt-Header:28)
	at com.kms.katalon.core.main.ScriptEngine.run(ScriptEngine.java:194)
	at com.kms.katalon.core.main.ScriptEngine.runScriptAsRawText(ScriptEngine.java:119)
	at com.kms.katalon.core.main.TestCaseExecutor.runScript(TestCaseExecutor.java:337)
	at com.kms.katalon.core.main.TestCaseExecutor.doExecute(TestCaseExecutor.java:328)
	at com.kms.katalon.core.main.TestCaseExecutor.processExecutionPhase(TestCaseExecutor.java:307)
	at com.kms.katalon.core.main.TestCaseExecutor.accessMainPhase(TestCaseExecutor.java:299)
	at com.kms.katalon.core.main.TestCaseExecutor.execute(TestCaseExecutor.java:233)
	at com.kms.katalon.core.main.TestSuiteExecutor.accessTestCaseMainPhase(TestSuiteExecutor.java:169)
	at com.kms.katalon.core.main.TestSuiteExecutor.accessTestSuiteMainPhase(TestSuiteExecutor.java:142)
	at com.kms.katalon.core.main.TestSuiteExecutor.execute(TestSuiteExecutor.java:91)
	at com.kms.katalon.core.main.TestCaseMain.startTestSuite(TestCaseMain.java:157)
	at com.kms.katalon.core.main.TestCaseMain$startTestSuite$0.call(Unknown Source)
	at TempTestSuite1598494549446.run(TempTestSuite1598494549446.groovy:36)
Caused by: com.kms.katalon.core.webui.exception.WebElementNotFoundException: Web element with id: 'Object Repository/FDR-Receipt/FDR-Receipt-Dashboard/createNew_ReceiptBatch_Button' located by 'By.xpath: //a[@href='/receipts/create']/child::span[contains(text(),'Create')]' not found
	at com.kms.katalon.core.webui.common.WebUiCommonHelper.findWebElement(WebUiCommonHelper.java:1154)
	at com.kms.katalon.core.webui.keyword.internal.WebUIAbstractKeyword.findWebElement(WebUIAbstractKeyword.groovy:27)
	at com.kms.katalon.core.webui.keyword.internal.WebUIAbstractKeyword.findWebElement(WebUIAbstractKeyword.groovy:26)
	at com.kms.katalon.core.webui.keyword.builtin.ClickKeyword$_click_closure1.doCall(ClickKeyword.groovy:67)
	at com.kms.katalon.core.webui.keyword.builtin.ClickKeyword$_click_closure1.call(ClickKeyword.groovy)
	at com.kms.katalon.core.webui.keyword.internal.WebUIKeywordMain.runKeyword(WebUIKeywordMain.groovy:20)
	at com.kms.katalon.core.webui.keyword.builtin.ClickKeyword.click(ClickKeyword.groovy:76)
	at com.kms.katalon.core.webui.keyword.builtin.ClickKeyword.execute(ClickKeyword.groovy:43)
	at com.kms.katalon.core.keyword.internal.KeywordExecutor.executeKeywordForPlatform(KeywordExecutor.groovy:72)
	at com.kms.katalon.core.webui.keyword.WebUiBuiltInKeywords.click(WebUiBuiltInKeywords.groovy:616)
	at com.kms.katalon.core.webui.keyword.WebUiBuiltInKeywords$click$6.call(Unknown Source)
	at com.functions.editors.createReceipt(editors.groovy:85)
	at com.functions.editors.createReceipt(editors.groovy)
	at com.functions.editors$createReceipt.call(Unknown Source)
	at Script1588654554542.run(Script1588654554542.groovy:28)
	... 13 more
)

2020-08-26 19:19:55 - [MESSAGE][INFO] - Unable to find the element located by 'By.xpath: //*[@data-id='button-link']//*[contains(text(),'Create New Voucher')]'. Please recheck the objects properties to make sure the desired element is located. 

2020-08-26 19:19:55 - [MESSAGE][WARNING] - Object 'Object Repository/FDR-Dashboard/createNewVoucherButton' is not present after 4 second(s)

2020-08-26 19:20:00 - [MESSAGE][INFO] - Unable to find the element located by 'By.xpath: //a[@href='/receipts/create']/child::span[contains(text(),'Create')]'. Please recheck the objects properties to make sure the desired element is located. 

2020-08-26 19:20:00 - [MESSAGE][WARNING] - Object 'Object Repository/FDR-Receipt/FDR-Receipt-Dashboard/createNew_ReceiptBatch_Button' is not present after 3 second(s)

2020-08-26 19:20:04 - [MESSAGE][INFO] - Unable to find the element located by 'By.xpath: //a[@href='/receipts/create']/child::span[contains(text(),'Create')]'. Please recheck the objects properties to make sure the desired element is located. 

2020-08-26 19:20:04 - [MESSAGE][FAILED] - Unable to click on object 'Object Repository/FDR-Receipt/FDR-Receipt-Dashboard/createNew_ReceiptBatch_Button' (Root cause: com.kms.katalon.core.exception.StepFailedException: Unable to click on object 'Object Repository/FDR-Receipt/FDR-Receipt-Dashboard/createNew_ReceiptBatch_Button'
	at com.kms.katalon.core.webui.keyword.internal.WebUIKeywordMain.stepFailed(WebUIKeywordMain.groovy:64)
	at com.kms.katalon.core.webui.keyword.internal.WebUIKeywordMain.runKeyword(WebUIKeywordMain.groovy:26)
	at com.kms.katalon.core.webui.keyword.builtin.ClickKeyword.click(ClickKeyword.groovy:76)
	at com.kms.katalon.core.webui.keyword.builtin.ClickKeyword.execute(ClickKeyword.groovy:43)
	at com.kms.katalon.core.keyword.internal.KeywordExecutor.executeKeywordForPlatform(KeywordExecutor.groovy:72)
	at com.kms.katalon.core.webui.keyword.WebUiBuiltInKeywords.click(WebUiBuiltInKeywords.groovy:616)
	at com.kms.katalon.core.webui.keyword.WebUiBuiltInKeywords$click$6.call(Unknown Source)
	at com.functions.editors.createReceipt(editors.groovy:85)
	at com.functions.editors.createReceipt(editors.groovy)
	at com.functions.editors$createReceipt.call(Unknown Source)
	at FDR-Delete-Undo-Receipt-Header.run(FDR-Delete-Undo-Receipt-Header:28)
	at com.kms.katalon.core.main.ScriptEngine.run(ScriptEngine.java:194)
	at com.kms.katalon.core.main.ScriptEngine.runScriptAsRawText(ScriptEngine.java:119)
	at com.kms.katalon.core.main.TestCaseExecutor.runScript(TestCaseExecutor.java:337)
	at com.kms.katalon.core.main.TestCaseExecutor.doExecute(TestCaseExecutor.java:328)
	at com.kms.katalon.core.main.TestCaseExecutor.processExecutionPhase(TestCaseExecutor.java:307)
	at com.kms.katalon.core.main.TestCaseExecutor.accessMainPhase(TestCaseExecutor.java:299)
	at com.kms.katalon.core.main.TestCaseExecutor.execute(TestCaseExecutor.java:233)
	at com.kms.katalon.core.main.TestSuiteExecutor.accessTestCaseMainPhase(TestSuiteExecutor.java:169)
	at com.kms.katalon.core.main.TestSuiteExecutor.accessTestSuiteMainPhase(TestSuiteExecutor.java:142)
	at com.kms.katalon.core.main.TestSuiteExecutor.execute(TestSuiteExecutor.java:91)
	at com.kms.katalon.core.main.TestCaseMain.startTestSuite(TestCaseMain.java:157)
	at com.kms.katalon.core.main.TestCaseMain$startTestSuite$0.call(Unknown Source)
	at TempTestSuite1598494549446.run(TempTestSuite1598494549446.groovy:36)
Caused by: com.kms.katalon.core.webui.exception.WebElementNotFoundException: Web element with id: 'Object Repository/FDR-Receipt/FDR-Receipt-Dashboard/createNew_ReceiptBatch_Button' located by 'By.xpath: //a[@href='/receipts/create']/child::span[contains(text(),'Create')]' not found
	at com.kms.katalon.core.webui.common.WebUiCommonHelper.findWebElement(WebUiCommonHelper.java:1154)
	at com.kms.katalon.core.webui.keyword.internal.WebUIAbstractKeyword.findWebElement(WebUIAbstractKeyword.groovy:27)
	at com.kms.katalon.core.webui.keyword.internal.WebUIAbstractKeyword.findWebElement(WebUIAbstractKeyword.groovy:26)
	at com.kms.katalon.core.webui.keyword.builtin.ClickKeyword$_click_closure1.doCall(ClickKeyword.groovy:67)
	at com.kms.katalon.core.webui.keyword.builtin.ClickKeyword$_click_closure1.call(ClickKeyword.groovy)
	at com.kms.katalon.core.webui.keyword.internal.WebUIKeywordMain.runKeyword(WebUIKeywordMain.groovy:20)
	at com.kms.katalon.core.webui.keyword.builtin.ClickKeyword.click(ClickKeyword.groovy:76)
	at com.kms.katalon.core.webui.keyword.builtin.ClickKeyword.execute(ClickKeyword.groovy:43)
	at com.kms.katalon.core.keyword.internal.KeywordExecutor.executeKeywordForPlatform(KeywordExecutor.groovy:72)
	at com.kms.katalon.core.webui.keyword.WebUiBuiltInKeywords.click(WebUiBuiltInKeywords.groovy:616)
	at com.kms.katalon.core.webui.keyword.WebUiBuiltInKeywords$click$6.call(Unknown Source)
	at com.functions.editors.createReceipt(editors.groovy:85)
	at com.functions.editors.createReceipt(editors.groovy)
	at com.functions.editors$createReceipt.call(Unknown Source)
	at Script1588654554542.run(Script1588654554542.groovy:28)
	... 13 more
)
[[ATTACHMENT|C:\\fdr-automation-develop_08_25_2020\\Reports\\20200826_191549\\Receipt-Regression-Suite\\20200826_191549\\1598494804538.png]]

2020-08-26 19:20:04 - [TEST_STEP][PASSED] - Start listener action : sampleAfterTestCase: Browser is closed

2020-08-26 19:20:04 - [TEST_STEP][PASSED] - profileName = getExecutionProfile(): null

2020-08-26 19:20:04 - [TEST_STEP][PASSED] - switch (profileName): null

2020-08-26 19:20:04 - [TEST_STEP][PASSED] - if (!(skipBeforeAndAfterTestCase)): Browser is closed

2020-08-26 19:20:04 - [TEST_STEP][PASSED] - Uifunctions.logoutFDR(): Browser is closed

2020-08-26 19:20:05 - [MESSAGE][PASSED] - Browser is closed

2020-08-26 19:20:05 - [TEST_STEP][PASSED] - Start listener action : afterTestCase: null

2020-08-26 19:20:05 - [TEST_STEP][PASSED] - profileName = getExecutionProfile(): null

2020-08-26 19:20:05 - [TEST_STEP][PASSED] - if (profileName.equalsIgnoreCase("SysAdmin")): null

2020-08-26 19:20:05 - [TEST_STEP][PASSED] - Start listener action : sampleAfterTestCase: null

2020-08-26 19:20:05 - [TEST_STEP][PASSED] - profileName = getExecutionProfile(): null

2020-08-26 19:20:05 - [TEST_STEP][PASSED] - switch (profileName): null

2020-08-26 19:20:05 - [TEST_STEP][PASSED] - Default: null

2020-08-26 19:20:05 - [TEST_STEP][PASSED] - return null: null

2020-08-26 19:20:05 - [TEST_STEP][PASSED] - Start listener action : addFailedTCToList: null]]></system-out>
         <system-err><![CDATA[2020-08-26 19:19:28 - [TEST_CASE][FAILED] - Test Cases/WEB-UI-TESTS/Receipt/FDR-Delete-Undo-Receipt-Header: Test Cases/WEB-UI-TESTS/Receipt/FDR-Delete-Undo-Receipt-Header FAILED.
Reason:
com.kms.katalon.core.exception.StepFailedException: Unable to click on object 'Object Repository/FDR-Receipt/FDR-Receipt-Dashboard/createNew_ReceiptBatch_Button'
	at com.kms.katalon.core.webui.keyword.internal.WebUIKeywordMain.stepFailed(WebUIKeywordMain.groovy:64)
	at com.kms.katalon.core.webui.keyword.internal.WebUIKeywordMain.runKeyword(WebUIKeywordMain.groovy:26)
	at com.kms.katalon.core.webui.keyword.builtin.ClickKeyword.click(ClickKeyword.groovy:76)
	at com.kms.katalon.core.webui.keyword.builtin.ClickKeyword.execute(ClickKeyword.groovy:43)
	at com.kms.katalon.core.keyword.internal.KeywordExecutor.executeKeywordForPlatform(KeywordExecutor.groovy:72)
	at com.kms.katalon.core.webui.keyword.WebUiBuiltInKeywords.click(WebUiBuiltInKeywords.groovy:616)
	at com.kms.katalon.core.webui.keyword.WebUiBuiltInKeywords$click$6.call(Unknown Source)
	at com.functions.editors.createReceipt(editors.groovy:85)
	at com.functions.editors.createReceipt(editors.groovy)
	at com.functions.editors$createReceipt.call(Unknown Source)
	at FDR-Delete-Undo-Receipt-Header.run(FDR-Delete-Undo-Receipt-Header:28)
	at com.kms.katalon.core.main.ScriptEngine.run(ScriptEngine.java:194)
	at com.kms.katalon.core.main.ScriptEngine.runScriptAsRawText(ScriptEngine.java:119)
	at com.kms.katalon.core.main.TestCaseExecutor.runScript(TestCaseExecutor.java:337)
	at com.kms.katalon.core.main.TestCaseExecutor.doExecute(TestCaseExecutor.java:328)
	at com.kms.katalon.core.main.TestCaseExecutor.processExecutionPhase(TestCaseExecutor.java:307)
	at com.kms.katalon.core.main.TestCaseExecutor.accessMainPhase(TestCaseExecutor.java:299)
	at com.kms.katalon.core.main.TestCaseExecutor.execute(TestCaseExecutor.java:233)
	at com.kms.katalon.core.main.TestSuiteExecutor.accessTestCaseMainPhase(TestSuiteExecutor.java:169)
	at com.kms.katalon.core.main.TestSuiteExecutor.accessTestSuiteMainPhase(TestSuiteExecutor.java:142)
	at com.kms.katalon.core.main.TestSuiteExecutor.execute(TestSuiteExecutor.java:91)
	at com.kms.katalon.core.main.TestCaseMain.startTestSuite(TestCaseMain.java:157)
	at com.kms.katalon.core.main.TestCaseMain$startTestSuite$0.call(Unknown Source)
	at TempTestSuite1598494549446.run(TempTestSuite1598494549446.groovy:36)
Caused by: com.kms.katalon.core.webui.exception.WebElementNotFoundException: Web element with id: 'Object Repository/FDR-Receipt/FDR-Receipt-Dashboard/createNew_ReceiptBatch_Button' located by 'By.xpath: //a[@href='/receipts/create']/child::span[contains(text(),'Create')]' not found
	at com.kms.katalon.core.webui.common.WebUiCommonHelper.findWebElement(WebUiCommonHelper.java:1154)
	at com.kms.katalon.core.webui.keyword.internal.WebUIAbstractKeyword.findWebElement(WebUIAbstractKeyword.groovy:27)
	at com.kms.katalon.core.webui.keyword.internal.WebUIAbstractKeyword.findWebElement(WebUIAbstractKeyword.groovy:26)
	at com.kms.katalon.core.webui.keyword.builtin.ClickKeyword$_click_closure1.doCall(ClickKeyword.groovy:67)
	at com.kms.katalon.core.webui.keyword.builtin.ClickKeyword$_click_closure1.call(ClickKeyword.groovy)
	at com.kms.katalon.core.webui.keyword.internal.WebUIKeywordMain.runKeyword(WebUIKeywordMain.groovy:20)
	... 22 more]]></system-err>
      </testcase>
      <testcase name="Test Cases/WEB-UI-TESTS/Receipt/FDR-Review Receipt" time="38.749" classname="Test Cases/WEB-UI-TESTS/Receipt/FDR-Review Receipt" status="PASSED">
         <system-out><![CDATA[2020-08-26 19:20:05 - [TEST_CASE][PASSED] - Test Cases/WEB-UI-TESTS/Receipt/FDR-Review Receipt: Test Cases/WEB-UI-TESTS/Receipt/FDR-Review Receipt

2020-08-26 19:20:05 - [TEST_STEP][PASSED] - Start listener action : sampleBeforeTestCase: Navigate to 'https://fdr-katalon.cammis-mod-dev.dhcs.ca.gov/dashboard' successfully

2020-08-26 19:20:05 - [TEST_STEP][PASSED] - profileName = getExecutionProfile(): null

2020-08-26 19:20:05 - [TEST_STEP][PASSED] - switch (profileName): null

2020-08-26 19:20:05 - [TEST_STEP][PASSED] - testCaseId = testCaseContext.getTestCaseId(): null

2020-08-26 19:20:05 - [TEST_STEP][PASSED] - if (!(skipBeforeAndAfterTestCase)): Navigate to 'https://fdr-katalon.cammis-mod-dev.dhcs.ca.gov/dashboard' successfully

2020-08-26 19:20:05 - [TEST_STEP][PASSED] - if (account7TestCases.contains(testCaseId)): null

2020-08-26 19:20:05 - [TEST_STEP][PASSED] - else if (account10TestCases.contains(testCaseId)): null

2020-08-26 19:20:05 - [TEST_STEP][PASSED] - else: Object: 'Object Repository/FDR-SignIn/SignInButton' is clicked on

2020-08-26 19:20:05 - [TEST_STEP][PASSED] - Uifunctions.loginFDR(accountsApprover, accountsApproverPwd): Object: 'Object Repository/FDR-SignIn/SignInButton' is clicked on

2020-08-26 19:20:05 - [MESSAGE][INFO] - Starting 'Chrome' driver

2020-08-26 19:20:05 - [MESSAGE][INFO] - Action delay is set to 0 milliseconds

2020-08-26 19:20:08 - [MESSAGE][PASSED] - Browser is opened with url: ''

2020-08-26 19:20:10 - [MESSAGE][PASSED] - Current window maximized

2020-08-26 19:20:11 - [MESSAGE][PASSED] - Navigate to 'https://fdr-katalon.cammis-mod-dev.dhcs.ca.gov/dashboard' successfully

2020-08-26 19:20:13 - [MESSAGE][PASSED] - Object 'Object Repository/FDR-SignIn/SignInEmail' is present

2020-08-26 19:20:13 - [MESSAGE][PASSED] - Object: 'Object Repository/FDR-SignIn/SignInEmail' is clicked on

2020-08-26 19:20:13 - [MESSAGE][PASSED] - Object 'Object Repository/FDR-SignIn/SignInEmail' is present

2020-08-26 19:20:14 - [MESSAGE][PASSED] - Text 'fdr.test3@dhcs.ca.gov' is set on object 'Object Repository/FDR-SignIn/SignInEmail'

2020-08-26 19:20:14 - [MESSAGE][PASSED] - Object 'Object Repository/FDR-SignIn/SignInEmailNext' is visible

2020-08-26 19:20:15 - [MESSAGE][PASSED] - Object: 'Object Repository/FDR-SignIn/SignInEmailNext' is clicked on

2020-08-26 19:20:18 - [MESSAGE][PASSED] - Object 'Object Repository/FDR-SignIn/SignInEmailPassword' is visible

2020-08-26 19:20:18 - [MESSAGE][PASSED] - Object: 'Object Repository/FDR-SignIn/SignInEmailPassword' is clicked on

2020-08-26 19:20:18 - [MESSAGE][PASSED] - Text ****** has been set on object 'Object Repository/FDR-SignIn/SignInEmailPassword'

2020-08-26 19:20:20 - [MESSAGE][PASSED] - Object: 'Object Repository/FDR-SignIn/SignInButton' is clicked on

2020-08-26 19:20:20 - [TEST_STEP][PASSED] - navigateToUrl(URL): Navigate to 'https://fdr-katalon.cammis-mod-dev.dhcs.ca.gov/dashboard' successfully

2020-08-26 19:20:20 - [MESSAGE][PASSED] - Navigate to 'https://fdr-katalon.cammis-mod-dev.dhcs.ca.gov/dashboard' successfully

2020-08-26 19:20:20 - [TEST_STEP][PASSED] - Start listener action : beforeTestCase: null

2020-08-26 19:20:20 - [TEST_STEP][PASSED] - profileName = getExecutionProfile(): null

2020-08-26 19:20:20 - [TEST_STEP][PASSED] - if (profileName.equalsIgnoreCase("SysAdmin")): null

2020-08-26 19:20:20 - [TEST_STEP][PASSED] - Start listener action : sampleBeforeTestCase: null

2020-08-26 19:20:20 - [TEST_STEP][PASSED] - profileName = getExecutionProfile(): null

2020-08-26 19:20:20 - [TEST_STEP][PASSED] - testCaseId = testCaseContext.getTestCaseId(): null

2020-08-26 19:20:20 - [TEST_STEP][PASSED] - switch (profileName): null

2020-08-26 19:20:20 - [TEST_STEP][PASSED] - Default: null

2020-08-26 19:20:20 - [TEST_STEP][PASSED] - return null: null

2020-08-26 19:20:20 - [TEST_STEP][PASSED] - Start listener action : executeRows: null

2020-08-26 19:20:21 - [TEST_STEP][PASSED] - newDepositId = RandomStringUtils.randomNumeric(7): null

2020-08-26 19:20:21 - [TEST_STEP][PASSED] - waitForElementPresent(findTestObject("FDR-Receipt/FDR-Receipt-Dashboard/createNew_ReceiptBatch_Button"), 3): Object 'Object Repository/FDR-Receipt/FDR-Receipt-Dashboard/createNew_ReceiptBatch_Button' is present

2020-08-26 19:20:23 - [MESSAGE][PASSED] - Object 'Object Repository/FDR-Receipt/FDR-Receipt-Dashboard/createNew_ReceiptBatch_Button' is present

2020-08-26 19:20:23 - [TEST_STEP][PASSED] - click(findTestObject("FDR-Receipt/FDR-Receipt-Dashboard/createNew_ReceiptBatch_Button")): Object: 'Object Repository/FDR-Receipt/FDR-Receipt-Dashboard/createNew_ReceiptBatch_Button' is clicked on

2020-08-26 19:20:23 - [MESSAGE][PASSED] - Object: 'Object Repository/FDR-Receipt/FDR-Receipt-Dashboard/createNew_ReceiptBatch_Button' is clicked on

2020-08-26 19:20:23 - [TEST_STEP][PASSED] - waitForElementPresent(findTestObject("FDR-Dashboard/createNewVoucherButton"), 4): Object 'Object Repository/FDR-Dashboard/createNewVoucherButton' is not present after 4 second(s)

2020-08-26 19:20:30 - [MESSAGE][INFO] - Unable to find the element located by 'By.xpath: //*[@data-id='button-link']//*[contains(text(),'Create New Voucher')]'. Please recheck the objects properties to make sure the desired element is located. 

2020-08-26 19:20:30 - [MESSAGE][WARNING] - Object 'Object Repository/FDR-Dashboard/createNewVoucherButton' is not present after 4 second(s)

2020-08-26 19:20:30 - [TEST_STEP][PASSED] - waitForElementPresent(findTestObject("FDR-Receipt/FDR-Receipt-Header/View/inputDrawDate"), 3): Object 'Object Repository/FDR-Receipt/FDR-Receipt-Header/View/inputDrawDate' is present

2020-08-26 19:20:30 - [MESSAGE][PASSED] - Object 'Object Repository/FDR-Receipt/FDR-Receipt-Header/View/inputDrawDate' is present

2020-08-26 19:20:30 - [TEST_STEP][PASSED] - setText(findTestObject("FDR-Receipt/FDR-Receipt-Header/View/inputDrawDate"), Drawdate): Text '09/14/2020' is set on object 'Object Repository/FDR-Receipt/FDR-Receipt-Header/View/inputDrawDate'

2020-08-26 19:20:31 - [MESSAGE][PASSED] - Text '09/14/2020' is set on object 'Object Repository/FDR-Receipt/FDR-Receipt-Header/View/inputDrawDate'

2020-08-26 19:20:31 - [TEST_STEP][PASSED] - waitForElementPresent(findTestObject("FDR-Receipt/FDR-Receipt-Header/Edit/payDate"), 3): Object 'Object Repository/FDR-Receipt/FDR-Receipt-Header/Edit/payDate' is present

2020-08-26 19:20:31 - [MESSAGE][PASSED] - Object 'Object Repository/FDR-Receipt/FDR-Receipt-Header/Edit/payDate' is present

2020-08-26 19:20:31 - [TEST_STEP][PASSED] - setText(findTestObject("FDR-Receipt/FDR-Receipt-Header/Edit/payDate"), Paydate): Text '09/16/2020' is set on object 'Object Repository/FDR-Receipt/FDR-Receipt-Header/Edit/payDate'

2020-08-26 19:20:32 - [MESSAGE][PASSED] - Text '09/16/2020' is set on object 'Object Repository/FDR-Receipt/FDR-Receipt-Header/Edit/payDate'

2020-08-26 19:20:32 - [TEST_STEP][PASSED] - waitForElementPresent(findTestObject("FDR-Receipt/FDR-Receipt-Header/View/deposit ID"), 10): Object 'Object Repository/FDR-Receipt/FDR-Receipt-Header/View/deposit ID' is present

2020-08-26 19:20:32 - [MESSAGE][PASSED] - Object 'Object Repository/FDR-Receipt/FDR-Receipt-Header/View/deposit ID' is present

2020-08-26 19:20:32 - [TEST_STEP][PASSED] - sendKeys(findTestObject("FDR-Receipt/FDR-Receipt-Header/View/deposit ID"), newDepositId): Keys '8143657' sent to object: 'Object Repository/FDR-Receipt/FDR-Receipt-Header/View/deposit ID'

2020-08-26 19:20:33 - [MESSAGE][PASSED] - Keys '8143657' sent to object: 'Object Repository/FDR-Receipt/FDR-Receipt-Header/View/deposit ID'

2020-08-26 19:20:33 - [TEST_STEP][PASSED] - waitForElementPresent(findTestObject("FDR-Receipt/FDR-ReceiptBatch/receiptNotes"), 10): Object 'Object Repository/FDR-Receipt/FDR-ReceiptBatch/receiptNotes' is present

2020-08-26 19:20:33 - [MESSAGE][PASSED] - Object 'Object Repository/FDR-Receipt/FDR-ReceiptBatch/receiptNotes' is present

2020-08-26 19:20:33 - [TEST_STEP][PASSED] - sendKeys(findTestObject("FDR-Receipt/FDR-ReceiptBatch/receiptNotes"), Receiptnotes): Keys 'rqewrq' sent to object: 'Object Repository/FDR-Receipt/FDR-ReceiptBatch/receiptNotes'

2020-08-26 19:20:34 - [MESSAGE][PASSED] - Keys 'rqewrq' sent to object: 'Object Repository/FDR-Receipt/FDR-ReceiptBatch/receiptNotes'

2020-08-26 19:20:34 - [TEST_STEP][PASSED] - waitForElementPresent(findTestObject("FDR-Receipt/FDR-Receipt-Header/View/remittanceNo"), 10): Object 'Object Repository/FDR-Receipt/FDR-Receipt-Header/View/remittanceNo' is present

2020-08-26 19:20:34 - [MESSAGE][PASSED] - Object 'Object Repository/FDR-Receipt/FDR-Receipt-Header/View/remittanceNo' is present

2020-08-26 19:20:34 - [TEST_STEP][PASSED] - sendKeys(findTestObject("FDR-Receipt/FDR-Receipt-Header/View/remittanceNo"), Remittance): Keys '1234' sent to object: 'Object Repository/FDR-Receipt/FDR-Receipt-Header/View/remittanceNo'

2020-08-26 19:20:35 - [MESSAGE][PASSED] - Keys '1234' sent to object: 'Object Repository/FDR-Receipt/FDR-Receipt-Header/View/remittanceNo'

2020-08-26 19:20:35 - [TEST_STEP][PASSED] - waitForElementPresent(findTestObject("FDR-Receipt/FDR-Receipt-Header/View/controllerNo"), 10): Object 'Object Repository/FDR-Receipt/FDR-Receipt-Header/View/controllerNo' is present

2020-08-26 19:20:35 - [MESSAGE][PASSED] - Object 'Object Repository/FDR-Receipt/FDR-Receipt-Header/View/controllerNo' is present

2020-08-26 19:20:35 - [TEST_STEP][PASSED] - sendKeys(findTestObject("FDR-Receipt/FDR-Receipt-Header/View/controllerNo"), Controller): Keys '4567' sent to object: 'Object Repository/FDR-Receipt/FDR-Receipt-Header/View/controllerNo'

2020-08-26 19:20:36 - [MESSAGE][PASSED] - Keys '4567' sent to object: 'Object Repository/FDR-Receipt/FDR-Receipt-Header/View/controllerNo'

2020-08-26 19:20:36 - [TEST_STEP][PASSED] - waitForElementPresent(findTestObject("FDR-Receipt/FDR-Receipt-Header/View/buttonNext"), 10): Object 'Object Repository/FDR-Receipt/FDR-Receipt-Header/View/buttonNext' is present

2020-08-26 19:20:36 - [MESSAGE][PASSED] - Object 'Object Repository/FDR-Receipt/FDR-Receipt-Header/View/buttonNext' is present

2020-08-26 19:20:36 - [TEST_STEP][PASSED] - click(findTestObject("FDR-Receipt/FDR-Receipt-Header/View/buttonNext")): Object: 'Object Repository/FDR-Receipt/FDR-Receipt-Header/View/buttonNext' is clicked on

2020-08-26 19:20:36 - [MESSAGE][PASSED] - Object: 'Object Repository/FDR-Receipt/FDR-Receipt-Header/View/buttonNext' is clicked on

2020-08-26 19:20:36 - [TEST_STEP][PASSED] - delay(5): Delayed 5 second(s)

2020-08-26 19:20:41 - [MESSAGE][PASSED] - Delayed 5 second(s)

2020-08-26 19:20:41 - [TEST_STEP][PASSED] - waitForElementPresent(findTestObject("FDR-Receipt/FDR-ReceiptBatch/Review-Receipt/button_Review"), 2): Object 'Object Repository/FDR-Receipt/FDR-ReceiptBatch/Review-Receipt/button_Review' is present

2020-08-26 19:20:42 - [MESSAGE][PASSED] - Object 'Object Repository/FDR-Receipt/FDR-ReceiptBatch/Review-Receipt/button_Review' is present

2020-08-26 19:20:42 - [TEST_STEP][PASSED] - click(findTestObject("FDR-Receipt/FDR-ReceiptBatch/Review-Receipt/button_Review"), STOP_ON_FAILURE): Object: 'Object Repository/FDR-Receipt/FDR-ReceiptBatch/Review-Receipt/button_Review' is clicked on

2020-08-26 19:20:42 - [MESSAGE][PASSED] - Object: 'Object Repository/FDR-Receipt/FDR-ReceiptBatch/Review-Receipt/button_Review' is clicked on

2020-08-26 19:20:42 - [TEST_STEP][PASSED] - waitForElementPresent(findTestObject("FDR-Receipt/FDR-ReceiptBatch/Review-Receipt/button_Submitforapproval"), 2): Object 'Object Repository/FDR-Receipt/FDR-ReceiptBatch/Review-Receipt/button_Submitforapproval' is present

2020-08-26 19:20:42 - [MESSAGE][PASSED] - Object 'Object Repository/FDR-Receipt/FDR-ReceiptBatch/Review-Receipt/button_Submitforapproval' is present

2020-08-26 19:20:42 - [TEST_STEP][PASSED] - click(findTestObject("FDR-Receipt/FDR-ReceiptBatch/Review-Receipt/button_Submitforapproval"), STOP_ON_FAILURE): Object: 'Object Repository/FDR-Receipt/FDR-ReceiptBatch/Review-Receipt/button_Submitforapproval' is clicked on

2020-08-26 19:20:43 - [MESSAGE][PASSED] - Object: 'Object Repository/FDR-Receipt/FDR-ReceiptBatch/Review-Receipt/button_Submitforapproval' is clicked on

2020-08-26 19:20:43 - [TEST_STEP][PASSED] - closeBrowser(CONTINUE_ON_FAILURE): Browser is closed

2020-08-26 19:20:44 - [MESSAGE][PASSED] - Browser is closed

2020-08-26 19:20:44 - [TEST_STEP][PASSED] - Start listener action : sampleAfterTestCase: Browser is closed

2020-08-26 19:20:44 - [TEST_STEP][PASSED] - profileName = getExecutionProfile(): null

2020-08-26 19:20:44 - [TEST_STEP][PASSED] - switch (profileName): null

2020-08-26 19:20:44 - [TEST_STEP][PASSED] - if (!(skipBeforeAndAfterTestCase)): Browser is closed

2020-08-26 19:20:44 - [TEST_STEP][PASSED] - Uifunctions.logoutFDR(): Browser is closed

2020-08-26 19:20:44 - [MESSAGE][PASSED] - Browser is closed

2020-08-26 19:20:44 - [TEST_STEP][PASSED] - Start listener action : afterTestCase: null

2020-08-26 19:20:44 - [TEST_STEP][PASSED] - profileName = getExecutionProfile(): null

2020-08-26 19:20:44 - [TEST_STEP][PASSED] - if (profileName.equalsIgnoreCase("SysAdmin")): null

2020-08-26 19:20:44 - [TEST_STEP][PASSED] - Start listener action : sampleAfterTestCase: null

2020-08-26 19:20:44 - [TEST_STEP][PASSED] - profileName = getExecutionProfile(): null

2020-08-26 19:20:44 - [TEST_STEP][PASSED] - switch (profileName): null

2020-08-26 19:20:44 - [TEST_STEP][PASSED] - Default: null

2020-08-26 19:20:44 - [TEST_STEP][PASSED] - return null: null

2020-08-26 19:20:44 - [TEST_STEP][PASSED] - Start listener action : addFailedTCToList: null]]></system-out>
         <system-err><![CDATA[]]></system-err>
      </testcase>
      <testcase name="Test Cases/WEB-UI-TESTS/Receipt/FDR-Receipts-FixStateReasons" time="68.012" classname="Test Cases/WEB-UI-TESTS/Receipt/FDR-Receipts-FixStateReasons" status="PASSED">
         <system-out><![CDATA[2020-08-26 19:20:44 - [TEST_CASE][PASSED] - Test Cases/WEB-UI-TESTS/Receipt/FDR-Receipts-FixStateReasons: Test Cases/WEB-UI-TESTS/Receipt/FDR-Receipts-FixStateReasons

2020-08-26 19:20:44 - [TEST_STEP][PASSED] - Start listener action : sampleBeforeTestCase: Navigate to 'https://fdr-katalon.cammis-mod-dev.dhcs.ca.gov/dashboard' successfully

2020-08-26 19:20:44 - [TEST_STEP][PASSED] - profileName = getExecutionProfile(): null

2020-08-26 19:20:44 - [TEST_STEP][PASSED] - switch (profileName): null

2020-08-26 19:20:44 - [TEST_STEP][PASSED] - testCaseId = testCaseContext.getTestCaseId(): null

2020-08-26 19:20:44 - [TEST_STEP][PASSED] - if (!(skipBeforeAndAfterTestCase)): Navigate to 'https://fdr-katalon.cammis-mod-dev.dhcs.ca.gov/dashboard' successfully

2020-08-26 19:20:44 - [TEST_STEP][PASSED] - if (account7TestCases.contains(testCaseId)): Object: 'Object Repository/FDR-SignIn/SignInButton' is clicked on

2020-08-26 19:20:44 - [TEST_STEP][PASSED] - Uifunctions.loginFDR(accountsAdmin, accountsAdminPwd): Object: 'Object Repository/FDR-SignIn/SignInButton' is clicked on

2020-08-26 19:20:44 - [MESSAGE][INFO] - Starting 'Chrome' driver

2020-08-26 19:20:44 - [MESSAGE][INFO] - Action delay is set to 0 milliseconds

2020-08-26 19:20:47 - [MESSAGE][PASSED] - Browser is opened with url: ''

2020-08-26 19:20:49 - [MESSAGE][PASSED] - Current window maximized

2020-08-26 19:20:51 - [MESSAGE][PASSED] - Navigate to 'https://fdr-katalon.cammis-mod-dev.dhcs.ca.gov/dashboard' successfully

2020-08-26 19:20:52 - [MESSAGE][PASSED] - Object 'Object Repository/FDR-SignIn/SignInEmail' is present

2020-08-26 19:20:52 - [MESSAGE][PASSED] - Object: 'Object Repository/FDR-SignIn/SignInEmail' is clicked on

2020-08-26 19:20:52 - [MESSAGE][PASSED] - Object 'Object Repository/FDR-SignIn/SignInEmail' is present

2020-08-26 19:20:53 - [MESSAGE][PASSED] - Text 'fdr.test4@dhcs.ca.gov' is set on object 'Object Repository/FDR-SignIn/SignInEmail'

2020-08-26 19:20:53 - [MESSAGE][PASSED] - Object 'Object Repository/FDR-SignIn/SignInEmailNext' is visible

2020-08-26 19:20:53 - [MESSAGE][PASSED] - Object: 'Object Repository/FDR-SignIn/SignInEmailNext' is clicked on

2020-08-26 19:21:03 - [MESSAGE][PASSED] - Object 'Object Repository/FDR-SignIn/SignInEmailPassword' is visible

2020-08-26 19:21:03 - [MESSAGE][PASSED] - Object: 'Object Repository/FDR-SignIn/SignInEmailPassword' is clicked on

2020-08-26 19:21:03 - [MESSAGE][PASSED] - Text ****** has been set on object 'Object Repository/FDR-SignIn/SignInEmailPassword'

2020-08-26 19:21:05 - [MESSAGE][PASSED] - Object: 'Object Repository/FDR-SignIn/SignInButton' is clicked on

2020-08-26 19:21:05 - [TEST_STEP][PASSED] - navigateToUrl(URL): Navigate to 'https://fdr-katalon.cammis-mod-dev.dhcs.ca.gov/dashboard' successfully

2020-08-26 19:21:05 - [MESSAGE][PASSED] - Navigate to 'https://fdr-katalon.cammis-mod-dev.dhcs.ca.gov/dashboard' successfully

2020-08-26 19:21:05 - [TEST_STEP][PASSED] - Start listener action : beforeTestCase: null

2020-08-26 19:21:05 - [TEST_STEP][PASSED] - profileName = getExecutionProfile(): null

2020-08-26 19:21:05 - [TEST_STEP][PASSED] - if (profileName.equalsIgnoreCase("SysAdmin")): null

2020-08-26 19:21:05 - [TEST_STEP][PASSED] - Start listener action : sampleBeforeTestCase: null

2020-08-26 19:21:05 - [TEST_STEP][PASSED] - profileName = getExecutionProfile(): null

2020-08-26 19:21:05 - [TEST_STEP][PASSED] - testCaseId = testCaseContext.getTestCaseId(): null

2020-08-26 19:21:05 - [TEST_STEP][PASSED] - switch (profileName): null

2020-08-26 19:21:05 - [TEST_STEP][PASSED] - Default: null

2020-08-26 19:21:05 - [TEST_STEP][PASSED] - return null: null

2020-08-26 19:21:05 - [TEST_STEP][PASSED] - Start listener action : executeRows: null

2020-08-26 19:21:06 - [TEST_STEP][PASSED] - d = Date().plus(1): null

2020-08-26 19:21:06 - [TEST_STEP][PASSED] - dd = Date().plus(2): null

2020-08-26 19:21:06 - [TEST_STEP][PASSED] - servicedatefrom = d.format("MM/dd/yyyy"): null

2020-08-26 19:21:06 - [TEST_STEP][PASSED] - servicedateto = dd.format("MM/dd/yyyy"): null

2020-08-26 19:21:06 - [TEST_STEP][PASSED] - originalwarrantdate = dd.format("MM/dd/yyyy"): null

2020-08-26 19:21:06 - [TEST_STEP][PASSED] - newDepositId = RandomStringUtils.randomNumeric(7): null

2020-08-26 19:21:06 - [TEST_STEP][PASSED] - editors.createReceipt(Drawdate, Paydate, newDepositId, ReceiptNotes, Remittance, Controller): Object: 'Object Repository/FDR-Receipt/FDR-Receipt-Header/View/buttonNext' is clicked on

2020-08-26 19:21:12 - [MESSAGE][INFO] - Unable to find the element located by 'By.xpath: //*[@data-id='button-link']//*[contains(text(),'Create New Voucher')]'. Please recheck the objects properties to make sure the desired element is located. 

2020-08-26 19:21:12 - [MESSAGE][WARNING] - Object 'Object Repository/FDR-Dashboard/createNewVoucherButton' is not present after 4 second(s)

2020-08-26 19:21:13 - [MESSAGE][PASSED] - Object 'Object Repository/FDR-Receipt/FDR-Receipt-Dashboard/createNew_ReceiptBatch_Button' is present

2020-08-26 19:21:13 - [MESSAGE][PASSED] - Object: 'Object Repository/FDR-Receipt/FDR-Receipt-Dashboard/createNew_ReceiptBatch_Button' is clicked on

2020-08-26 19:21:14 - [MESSAGE][PASSED] - Object 'Object Repository/FDR-Receipt/FDR-Receipt-Header/View/inputDrawDate' is present

2020-08-26 19:21:15 - [MESSAGE][PASSED] - Text '09/14/2020' is set on object 'Object Repository/FDR-Receipt/FDR-Receipt-Header/View/inputDrawDate'

2020-08-26 19:21:15 - [MESSAGE][PASSED] - Keys 'TAB + ENTER + ENTER + ' sent to object: 'Object Repository/FDR-Receipt/FDR-Receipt-Header/View/inputDrawDate'

2020-08-26 19:21:16 - [MESSAGE][PASSED] - Object 'Object Repository/FDR-Receipt/FDR-Receipt-Header/Edit/payDate' is present

2020-08-26 19:21:17 - [MESSAGE][PASSED] - Text '09/16/2020' is set on object 'Object Repository/FDR-Receipt/FDR-Receipt-Header/Edit/payDate'

2020-08-26 19:21:17 - [MESSAGE][PASSED] - Object 'Object Repository/FDR-Receipt/FDR-Receipt-Header/View/deposit ID' is present

2020-08-26 19:21:18 - [MESSAGE][PASSED] - Text '5667208' is set on object 'Object Repository/FDR-Receipt/FDR-Receipt-Header/View/deposit ID'

2020-08-26 19:21:18 - [MESSAGE][PASSED] - Object 'Object Repository/FDR-Receipt/FDR-ReceiptBatch/receiptNotes' is present

2020-08-26 19:21:19 - [MESSAGE][PASSED] - Text 'rqewrq' is set on object 'Object Repository/FDR-Receipt/FDR-ReceiptBatch/receiptNotes'

2020-08-26 19:21:19 - [MESSAGE][PASSED] - Object 'Object Repository/FDR-Receipt/FDR-Receipt-Header/Edit/remmitanceAdviceInput' is present

2020-08-26 19:21:20 - [MESSAGE][PASSED] - Keys '1234' sent to object: 'Object Repository/FDR-Receipt/FDR-Receipt-Header/Edit/remmitanceAdviceInput'

2020-08-26 19:21:20 - [MESSAGE][PASSED] - Object 'Object Repository/FDR-Receipt/FDR-Receipt-Header/Edit/controllerReceiptInput' is present

2020-08-26 19:21:21 - [MESSAGE][PASSED] - Keys '4567' sent to object: 'Object Repository/FDR-Receipt/FDR-Receipt-Header/Edit/controllerReceiptInput'

2020-08-26 19:21:21 - [MESSAGE][PASSED] - Object 'Object Repository/FDR-Receipt/FDR-Receipt-Header/View/buttonNext' is present

2020-08-26 19:21:22 - [MESSAGE][PASSED] - Object: 'Object Repository/FDR-Receipt/FDR-Receipt-Header/View/buttonNext' is clicked on

2020-08-26 19:21:22 - [TEST_STEP][PASSED] - editors.createReceiptline(ReceiptID, SupplierID, DepositDate): Object: 'Object Repository/FDR-Receipt/FDR-Receipt-Checkline/View/addReceipt_Button2' is clicked on

2020-08-26 19:21:22 - [MESSAGE][PASSED] - Object 'Object Repository/FDR-Receipt/FDR-Receipt-Checkline/View/receipt_ID' is present

2020-08-26 19:21:23 - [MESSAGE][PASSED] - Keys 'CHK10322' sent to object: 'Object Repository/FDR-Receipt/FDR-Receipt-Checkline/View/receipt_ID'

2020-08-26 19:21:23 - [MESSAGE][PASSED] - Object 'Object Repository/FDR-Receipt/FDR-Receipt-Checkline/View/supplier_Id' is present

2020-08-26 19:21:24 - [MESSAGE][PASSED] - Keys '0000007954' sent to object: 'Object Repository/FDR-Receipt/FDR-Receipt-Checkline/View/supplier_Id'

2020-08-26 19:21:24 - [MESSAGE][PASSED] - Keys 'DOWN + ENTER + ' sent to object: 'Object Repository/FDR-Receipt/FDR-Receipt-Checkline/View/supplier_Id'

2020-08-26 19:21:25 - [MESSAGE][PASSED] - Object 'Object Repository/FDR-Receipt/FDR-Receipt-Checkline/View/deposit_Date' is present

2020-08-26 19:21:25 - [MESSAGE][PASSED] - Keys '02/24/2020' sent to object: 'Object Repository/FDR-Receipt/FDR-Receipt-Checkline/View/deposit_Date'

2020-08-26 19:21:31 - [MESSAGE][INFO] - Unable to find the element located by 'By.xpath: //*[@data-id='button-link']//*[contains(text(),'Create New Voucher')]'. Please recheck the objects properties to make sure the desired element is located. 

2020-08-26 19:21:31 - [MESSAGE][WARNING] - Object 'Object Repository/FDR-Dashboard/createNewVoucherButton' is not present after 4 second(s)

2020-08-26 19:21:32 - [MESSAGE][PASSED] - Object 'Object Repository/FDR-Receipt/FDR-Receipt-Checkline/View/addReceipt_Button2' is present

2020-08-26 19:21:32 - [MESSAGE][PASSED] - Object: 'Object Repository/FDR-Receipt/FDR-Receipt-Checkline/View/addReceipt_Button2' is clicked on

2020-08-26 19:21:32 - [TEST_STEP][PASSED] - waitForElementPresent(findTestObject("FDR-Receipt/FDR-ReceiptBatch/Fix/reviewButton"), 5): Object 'Object Repository/FDR-Receipt/FDR-ReceiptBatch/Fix/reviewButton' is present

2020-08-26 19:21:32 - [MESSAGE][PASSED] - Object 'Object Repository/FDR-Receipt/FDR-ReceiptBatch/Fix/reviewButton' is present

2020-08-26 19:21:32 - [TEST_STEP][PASSED] - click(findTestObject("FDR-Receipt/FDR-ReceiptBatch/Fix/reviewButton")): Object: 'Object Repository/FDR-Receipt/FDR-ReceiptBatch/Fix/reviewButton' is clicked on

2020-08-26 19:21:33 - [MESSAGE][PASSED] - Object: 'Object Repository/FDR-Receipt/FDR-ReceiptBatch/Fix/reviewButton' is clicked on

2020-08-26 19:21:33 - [TEST_STEP][PASSED] - waitForElementPresent(findTestObject("FDR-Receipt/FDR-ReceiptBatch/Review-Receipt/button_Submitforapproval"), 2): Object 'Object Repository/FDR-Receipt/FDR-ReceiptBatch/Review-Receipt/button_Submitforapproval' is present

2020-08-26 19:21:33 - [MESSAGE][PASSED] - Object 'Object Repository/FDR-Receipt/FDR-ReceiptBatch/Review-Receipt/button_Submitforapproval' is present

2020-08-26 19:21:33 - [TEST_STEP][PASSED] - click(findTestObject("FDR-Receipt/FDR-ReceiptBatch/Review-Receipt/button_Submitforapproval")): Object: 'Object Repository/FDR-Receipt/FDR-ReceiptBatch/Review-Receipt/button_Submitforapproval' is clicked on

2020-08-26 19:21:34 - [MESSAGE][PASSED] - Object: 'Object Repository/FDR-Receipt/FDR-ReceiptBatch/Review-Receipt/button_Submitforapproval' is clicked on

2020-08-26 19:21:34 - [TEST_STEP][PASSED] - waitForElementPresent(findTestObject("FDR-Receipt/FDR-Receipt-Dashboard/filterValidatebatch"), 2): Object 'Object Repository/FDR-Receipt/FDR-Receipt-Dashboard/filterValidatebatch' is present

2020-08-26 19:21:35 - [MESSAGE][PASSED] - Object 'Object Repository/FDR-Receipt/FDR-Receipt-Dashboard/filterValidatebatch' is present

2020-08-26 19:21:35 - [TEST_STEP][PASSED] - waitForElementClickable(findTestObject("FDR-Receipt/FDR-Receipt-Dashboard/filterValidatebatch"), 10): Object 'Object Repository/FDR-Receipt/FDR-Receipt-Dashboard/filterValidatebatch' is clickable

2020-08-26 19:21:35 - [MESSAGE][PASSED] - Object 'Object Repository/FDR-Receipt/FDR-Receipt-Dashboard/filterValidatebatch' is clickable

2020-08-26 19:21:35 - [TEST_STEP][PASSED] - click(findTestObject("FDR-Receipt/FDR-Receipt-Dashboard/filterValidatebatch")): Object: 'Object Repository/FDR-Receipt/FDR-Receipt-Dashboard/filterValidatebatch' is clicked on

2020-08-26 19:21:35 - [MESSAGE][PASSED] - Object: 'Object Repository/FDR-Receipt/FDR-Receipt-Dashboard/filterValidatebatch' is clicked on

2020-08-26 19:21:35 - [TEST_STEP][PASSED] - waitForElementPresent(findTestObject("FDR-Receipt/FDR-Receipt-Dashboard/buttonValidate"), 2): Object 'Object Repository/FDR-Receipt/FDR-Receipt-Dashboard/buttonValidate' is present

2020-08-26 19:21:36 - [MESSAGE][PASSED] - Object 'Object Repository/FDR-Receipt/FDR-Receipt-Dashboard/buttonValidate' is present

2020-08-26 19:21:36 - [TEST_STEP][PASSED] - click(findTestObject("FDR-Receipt/FDR-Receipt-Dashboard/buttonValidate")): Object: 'Object Repository/FDR-Receipt/FDR-Receipt-Dashboard/buttonValidate' is clicked on

2020-08-26 19:21:37 - [MESSAGE][PASSED] - Object: 'Object Repository/FDR-Receipt/FDR-Receipt-Dashboard/buttonValidate' is clicked on

2020-08-26 19:21:37 - [TEST_STEP][PASSED] - waitForElementPresent(findTestObject("FDR-Receipt/FDR-ReceiptBatch/Review-Receipt/button_Reject"), 5): Object 'Object Repository/FDR-Receipt/FDR-ReceiptBatch/Review-Receipt/button_Reject' is present

2020-08-26 19:21:37 - [MESSAGE][PASSED] - Object 'Object Repository/FDR-Receipt/FDR-ReceiptBatch/Review-Receipt/button_Reject' is present

2020-08-26 19:21:37 - [TEST_STEP][PASSED] - click(findTestObject("FDR-Receipt/FDR-ReceiptBatch/Review-Receipt/button_Reject")): Object: 'Object Repository/FDR-Receipt/FDR-ReceiptBatch/Review-Receipt/button_Reject' is clicked on

2020-08-26 19:21:38 - [MESSAGE][PASSED] - Object: 'Object Repository/FDR-Receipt/FDR-ReceiptBatch/Review-Receipt/button_Reject' is clicked on

2020-08-26 19:21:38 - [TEST_STEP][PASSED] - waitForElementPresent(findTestObject("FDR-Receipt/FDR-ReceiptBatch/Review-Receipt/incorrectDrawDate"), 5): Object 'Object Repository/FDR-Receipt/FDR-ReceiptBatch/Review-Receipt/incorrectDrawDate' is present

2020-08-26 19:21:38 - [MESSAGE][PASSED] - Object 'Object Repository/FDR-Receipt/FDR-ReceiptBatch/Review-Receipt/incorrectDrawDate' is present

2020-08-26 19:21:38 - [TEST_STEP][PASSED] - click(findTestObject("FDR-Receipt/FDR-ReceiptBatch/Review-Receipt/incorrectDrawDate")): Object: 'Object Repository/FDR-Receipt/FDR-ReceiptBatch/Review-Receipt/incorrectDrawDate' is clicked on

2020-08-26 19:21:39 - [MESSAGE][PASSED] - Object: 'Object Repository/FDR-Receipt/FDR-ReceiptBatch/Review-Receipt/incorrectDrawDate' is clicked on

2020-08-26 19:21:39 - [TEST_STEP][PASSED] - waitForElementPresent(findTestObject("FDR-Receipt/FDR-ReceiptBatch/Review-Receipt/button_RejectReceiptBatch"), 2): Object 'Object Repository/FDR-Receipt/FDR-ReceiptBatch/Review-Receipt/button_RejectReceiptBatch' is present

2020-08-26 19:21:39 - [MESSAGE][PASSED] - Object 'Object Repository/FDR-Receipt/FDR-ReceiptBatch/Review-Receipt/button_RejectReceiptBatch' is present

2020-08-26 19:21:39 - [TEST_STEP][PASSED] - click(findTestObject("FDR-Receipt/FDR-ReceiptBatch/Review-Receipt/button_RejectReceiptBatch")): Object: 'Object Repository/FDR-Receipt/FDR-ReceiptBatch/Review-Receipt/button_RejectReceiptBatch' is clicked on

2020-08-26 19:21:39 - [MESSAGE][PASSED] - Object: 'Object Repository/FDR-Receipt/FDR-ReceiptBatch/Review-Receipt/button_RejectReceiptBatch' is clicked on

2020-08-26 19:21:39 - [TEST_STEP][PASSED] - waitForElementPresent(findTestObject("FDR-Receipt/FDR-ReceiptBatch/Fix/clearButton"), 5): Object 'Object Repository/FDR-Receipt/FDR-ReceiptBatch/Fix/clearButton' is present

2020-08-26 19:21:40 - [MESSAGE][PASSED] - Object 'Object Repository/FDR-Receipt/FDR-ReceiptBatch/Fix/clearButton' is present

2020-08-26 19:21:40 - [TEST_STEP][PASSED] - click(findTestObject("FDR-Receipt/FDR-ReceiptBatch/Fix/clearButton")): Object: 'Object Repository/FDR-Receipt/FDR-ReceiptBatch/Fix/clearButton' is clicked on

2020-08-26 19:21:41 - [MESSAGE][PASSED] - Object: 'Object Repository/FDR-Receipt/FDR-ReceiptBatch/Fix/clearButton' is clicked on

2020-08-26 19:21:41 - [TEST_STEP][PASSED] - waitForElementPresent(findTestObject("FDR-Receipt/FDR-ReceiptBatch/Fix/fixBatchButton"), 5): Object 'Object Repository/FDR-Receipt/FDR-ReceiptBatch/Fix/fixBatchButton' is present

2020-08-26 19:21:42 - [MESSAGE][PASSED] - Object 'Object Repository/FDR-Receipt/FDR-ReceiptBatch/Fix/fixBatchButton' is present

2020-08-26 19:21:42 - [TEST_STEP][PASSED] - click(findTestObject("FDR-Receipt/FDR-ReceiptBatch/Fix/fixBatchButton")): Object: 'Object Repository/FDR-Receipt/FDR-ReceiptBatch/Fix/fixBatchButton' is clicked on

2020-08-26 19:21:42 - [MESSAGE][PASSED] - Object: 'Object Repository/FDR-Receipt/FDR-ReceiptBatch/Fix/fixBatchButton' is clicked on

2020-08-26 19:21:42 - [TEST_STEP][PASSED] - waitForElementPresent(findTestObject("FDR-Receipt/FDR-ReceiptBatch/Fix/fixButton"), 5): Object 'Object Repository/FDR-Receipt/FDR-ReceiptBatch/Fix/fixButton' is present

2020-08-26 19:21:43 - [MESSAGE][PASSED] - Object 'Object Repository/FDR-Receipt/FDR-ReceiptBatch/Fix/fixButton' is present

2020-08-26 19:21:43 - [TEST_STEP][PASSED] - click(findTestObject("FDR-Receipt/FDR-ReceiptBatch/Fix/fixButton")): Object: 'Object Repository/FDR-Receipt/FDR-ReceiptBatch/Fix/fixButton' is clicked on

2020-08-26 19:21:43 - [MESSAGE][PASSED] - Object: 'Object Repository/FDR-Receipt/FDR-ReceiptBatch/Fix/fixButton' is clicked on

2020-08-26 19:21:43 - [TEST_STEP][PASSED] - waitForElementPresent(findTestObject("FDR-Dashboard/createNewVoucherButton"), 4): Object 'Object Repository/FDR-Dashboard/createNewVoucherButton' is not present after 4 second(s)

2020-08-26 19:21:50 - [MESSAGE][INFO] - Unable to find the element located by 'By.xpath: //*[@data-id='button-link']//*[contains(text(),'Create New Voucher')]'. Please recheck the objects properties to make sure the desired element is located. 

2020-08-26 19:21:50 - [MESSAGE][WARNING] - Object 'Object Repository/FDR-Dashboard/createNewVoucherButton' is not present after 4 second(s)

2020-08-26 19:21:50 - [TEST_STEP][PASSED] - instructionsLabel = "INSTRUCTIONS FOR FIXING THIS RECEIPT": null

2020-08-26 19:21:50 - [TEST_STEP][PASSED] - verifyElementText(findTestObject("FDR-Receipt/FDR-ReceiptBatch/Fix/instructionsLabel"), instructionsLabel, STOP_ON_FAILURE): Actual text and expected text of test object 'Object Repository/FDR-Receipt/FDR-ReceiptBatch/Fix/instructionsLabel' are matched.

2020-08-26 19:21:50 - [MESSAGE][PASSED] - Actual text and expected text of test object 'Object Repository/FDR-Receipt/FDR-ReceiptBatch/Fix/instructionsLabel' are matched.

2020-08-26 19:21:50 - [TEST_STEP][PASSED] - instructionsIncorrectDrawDate = "Incorrect Draw Date": null

2020-08-26 19:21:50 - [TEST_STEP][PASSED] - verifyElementText(findTestObject("FDR-Receipt/FDR-ReceiptBatch/Fix/instructionsIncorrectDrawDate"), instructionsIncorrectDrawDate, STOP_ON_FAILURE): Actual text and expected text of test object 'Object Repository/FDR-Receipt/FDR-ReceiptBatch/Fix/instructionsIncorrectDrawDate' are matched.

2020-08-26 19:21:51 - [MESSAGE][PASSED] - Actual text and expected text of test object 'Object Repository/FDR-Receipt/FDR-ReceiptBatch/Fix/instructionsIncorrectDrawDate' are matched.

2020-08-26 19:21:51 - [TEST_STEP][PASSED] - waitForElementPresent(findTestObject("FDR-Receipt/FDR-ReceiptBatch/Fix/reviewButton"), 5): Object 'Object Repository/FDR-Receipt/FDR-ReceiptBatch/Fix/reviewButton' is present

2020-08-26 19:21:51 - [MESSAGE][PASSED] - Object 'Object Repository/FDR-Receipt/FDR-ReceiptBatch/Fix/reviewButton' is present

2020-08-26 19:21:51 - [TEST_STEP][PASSED] - click(findTestObject("FDR-Receipt/FDR-ReceiptBatch/Fix/reviewButton")): Object: 'Object Repository/FDR-Receipt/FDR-ReceiptBatch/Fix/reviewButton' is clicked on

2020-08-26 19:21:51 - [MESSAGE][PASSED] - Object: 'Object Repository/FDR-Receipt/FDR-ReceiptBatch/Fix/reviewButton' is clicked on

2020-08-26 19:21:51 - [TEST_STEP][PASSED] - Start listener action : sampleAfterTestCase: Browser is closed

2020-08-26 19:21:51 - [TEST_STEP][PASSED] - profileName = getExecutionProfile(): null

2020-08-26 19:21:51 - [TEST_STEP][PASSED] - switch (profileName): null

2020-08-26 19:21:51 - [TEST_STEP][PASSED] - if (!(skipBeforeAndAfterTestCase)): Browser is closed

2020-08-26 19:21:51 - [TEST_STEP][PASSED] - Uifunctions.logoutFDR(): Browser is closed

2020-08-26 19:21:52 - [MESSAGE][PASSED] - Browser is closed

2020-08-26 19:21:52 - [TEST_STEP][PASSED] - Start listener action : afterTestCase: null

2020-08-26 19:21:52 - [TEST_STEP][PASSED] - profileName = getExecutionProfile(): null

2020-08-26 19:21:52 - [TEST_STEP][PASSED] - if (profileName.equalsIgnoreCase("SysAdmin")): null

2020-08-26 19:21:52 - [TEST_STEP][PASSED] - Start listener action : sampleAfterTestCase: null

2020-08-26 19:21:52 - [TEST_STEP][PASSED] - profileName = getExecutionProfile(): null

2020-08-26 19:21:52 - [TEST_STEP][PASSED] - switch (profileName): null

2020-08-26 19:21:52 - [TEST_STEP][PASSED] - Default: null

2020-08-26 19:21:52 - [TEST_STEP][PASSED] - return null: null

2020-08-26 19:21:52 - [TEST_STEP][PASSED] - Start listener action : addFailedTCToList: null]]></system-out>
         <system-err><![CDATA[]]></system-err>
      </testcase>
      <testcase name="Test Cases/WEB-UI-TESTS/Receipt/FDR-Validate-Receipt-RA-CR-checkMarked" time="34.051" classname="Test Cases/WEB-UI-TESTS/Receipt/FDR-Validate-Receipt-RA-CR-checkMarked" status="PASSED">
         <system-out><![CDATA[2020-08-26 19:21:52 - [TEST_CASE][PASSED] - Test Cases/WEB-UI-TESTS/Receipt/FDR-Validate-Receipt-RA-CR-checkMarked: Test Cases/WEB-UI-TESTS/Receipt/FDR-Validate-Receipt-RA-CR-checkMarked

2020-08-26 19:21:52 - [TEST_STEP][PASSED] - Start listener action : sampleBeforeTestCase: Navigate to 'https://fdr-katalon.cammis-mod-dev.dhcs.ca.gov/dashboard' successfully

2020-08-26 19:21:52 - [TEST_STEP][PASSED] - profileName = getExecutionProfile(): null

2020-08-26 19:21:52 - [TEST_STEP][PASSED] - switch (profileName): null

2020-08-26 19:21:52 - [TEST_STEP][PASSED] - testCaseId = testCaseContext.getTestCaseId(): null

2020-08-26 19:21:52 - [TEST_STEP][PASSED] - if (!(skipBeforeAndAfterTestCase)): Navigate to 'https://fdr-katalon.cammis-mod-dev.dhcs.ca.gov/dashboard' successfully

2020-08-26 19:21:52 - [TEST_STEP][PASSED] - if (account7TestCases.contains(testCaseId)): Object: 'Object Repository/FDR-SignIn/SignInButton' is clicked on

2020-08-26 19:21:52 - [TEST_STEP][PASSED] - Uifunctions.loginFDR(accountsAdmin, accountsAdminPwd): Object: 'Object Repository/FDR-SignIn/SignInButton' is clicked on

2020-08-26 19:21:52 - [MESSAGE][INFO] - Starting 'Chrome' driver

2020-08-26 19:21:52 - [MESSAGE][INFO] - Action delay is set to 0 milliseconds

2020-08-26 19:21:55 - [MESSAGE][PASSED] - Browser is opened with url: ''

2020-08-26 19:21:57 - [MESSAGE][PASSED] - Current window maximized

2020-08-26 19:21:59 - [MESSAGE][PASSED] - Navigate to 'https://fdr-katalon.cammis-mod-dev.dhcs.ca.gov/dashboard' successfully

2020-08-26 19:22:01 - [MESSAGE][PASSED] - Object 'Object Repository/FDR-SignIn/SignInEmail' is present

2020-08-26 19:22:01 - [MESSAGE][PASSED] - Object: 'Object Repository/FDR-SignIn/SignInEmail' is clicked on

2020-08-26 19:22:01 - [MESSAGE][PASSED] - Object 'Object Repository/FDR-SignIn/SignInEmail' is present

2020-08-26 19:22:02 - [MESSAGE][PASSED] - Text 'fdr.test4@dhcs.ca.gov' is set on object 'Object Repository/FDR-SignIn/SignInEmail'

2020-08-26 19:22:02 - [MESSAGE][PASSED] - Object 'Object Repository/FDR-SignIn/SignInEmailNext' is visible

2020-08-26 19:22:03 - [MESSAGE][PASSED] - Object: 'Object Repository/FDR-SignIn/SignInEmailNext' is clicked on

2020-08-26 19:22:06 - [MESSAGE][PASSED] - Object 'Object Repository/FDR-SignIn/SignInEmailPassword' is visible

2020-08-26 19:22:06 - [MESSAGE][PASSED] - Object: 'Object Repository/FDR-SignIn/SignInEmailPassword' is clicked on

2020-08-26 19:22:06 - [MESSAGE][PASSED] - Text ****** has been set on object 'Object Repository/FDR-SignIn/SignInEmailPassword'

2020-08-26 19:22:08 - [MESSAGE][PASSED] - Object: 'Object Repository/FDR-SignIn/SignInButton' is clicked on

2020-08-26 19:22:08 - [TEST_STEP][PASSED] - navigateToUrl(URL): Navigate to 'https://fdr-katalon.cammis-mod-dev.dhcs.ca.gov/dashboard' successfully

2020-08-26 19:22:09 - [MESSAGE][PASSED] - Navigate to 'https://fdr-katalon.cammis-mod-dev.dhcs.ca.gov/dashboard' successfully

2020-08-26 19:22:09 - [TEST_STEP][PASSED] - Start listener action : beforeTestCase: null

2020-08-26 19:22:09 - [TEST_STEP][PASSED] - profileName = getExecutionProfile(): null

2020-08-26 19:22:09 - [TEST_STEP][PASSED] - if (profileName.equalsIgnoreCase("SysAdmin")): null

2020-08-26 19:22:09 - [TEST_STEP][PASSED] - Start listener action : sampleBeforeTestCase: null

2020-08-26 19:22:09 - [TEST_STEP][PASSED] - profileName = getExecutionProfile(): null

2020-08-26 19:22:09 - [TEST_STEP][PASSED] - testCaseId = testCaseContext.getTestCaseId(): null

2020-08-26 19:22:09 - [TEST_STEP][PASSED] - switch (profileName): null

2020-08-26 19:22:09 - [TEST_STEP][PASSED] - Default: null

2020-08-26 19:22:09 - [TEST_STEP][PASSED] - return null: null

2020-08-26 19:22:09 - [TEST_STEP][PASSED] - Start listener action : executeRows: null

2020-08-26 19:22:09 - [TEST_STEP][PASSED] - newDepositId = RandomStringUtils.randomNumeric(7): null

2020-08-26 19:22:09 - [TEST_STEP][PASSED] - waitForElementPresent(findTestObject("FDR-Receipt/FDR-Receipt-Dashboard/createNew_ReceiptBatch_Button"), 3): Object 'Object Repository/FDR-Receipt/FDR-Receipt-Dashboard/createNew_ReceiptBatch_Button' is present

2020-08-26 19:22:11 - [MESSAGE][PASSED] - Object 'Object Repository/FDR-Receipt/FDR-Receipt-Dashboard/createNew_ReceiptBatch_Button' is present

2020-08-26 19:22:11 - [TEST_STEP][PASSED] - click(findTestObject("FDR-Receipt/FDR-Receipt-Dashboard/createNew_ReceiptBatch_Button")): Object: 'Object Repository/FDR-Receipt/FDR-Receipt-Dashboard/createNew_ReceiptBatch_Button' is clicked on

2020-08-26 19:22:11 - [MESSAGE][PASSED] - Object: 'Object Repository/FDR-Receipt/FDR-Receipt-Dashboard/createNew_ReceiptBatch_Button' is clicked on

2020-08-26 19:22:11 - [TEST_STEP][PASSED] - waitForElementPresent(findTestObject("FDR-Dashboard/createNewVoucherButton"), 4): Object 'Object Repository/FDR-Dashboard/createNewVoucherButton' is not present after 4 second(s)

2020-08-26 19:22:17 - [MESSAGE][INFO] - Unable to find the element located by 'By.xpath: //*[@data-id='button-link']//*[contains(text(),'Create New Voucher')]'. Please recheck the objects properties to make sure the desired element is located. 

2020-08-26 19:22:17 - [MESSAGE][WARNING] - Object 'Object Repository/FDR-Dashboard/createNewVoucherButton' is not present after 4 second(s)

2020-08-26 19:22:17 - [TEST_STEP][PASSED] - waitForElementPresent(findTestObject("FDR-Receipt/FDR-Receipt-Header/View/inputDrawDate"), 3): Object 'Object Repository/FDR-Receipt/FDR-Receipt-Header/View/inputDrawDate' is present

2020-08-26 19:22:18 - [MESSAGE][PASSED] - Object 'Object Repository/FDR-Receipt/FDR-Receipt-Header/View/inputDrawDate' is present

2020-08-26 19:22:18 - [TEST_STEP][PASSED] - sendKeys(findTestObject("FDR-Receipt/FDR-Receipt-Header/View/inputDrawDate"), Drawdate): Keys '09/14/2020' sent to object: 'Object Repository/FDR-Receipt/FDR-Receipt-Header/View/inputDrawDate'

2020-08-26 19:22:18 - [MESSAGE][PASSED] - Keys '09/14/2020' sent to object: 'Object Repository/FDR-Receipt/FDR-Receipt-Header/View/inputDrawDate'

2020-08-26 19:22:18 - [TEST_STEP][PASSED] - waitForElementPresent(findTestObject("FDR-Receipt/FDR-Receipt-Header/Edit/payDate"), 3): Object 'Object Repository/FDR-Receipt/FDR-Receipt-Header/Edit/payDate' is present

2020-08-26 19:22:19 - [MESSAGE][PASSED] - Object 'Object Repository/FDR-Receipt/FDR-Receipt-Header/Edit/payDate' is present

2020-08-26 19:22:19 - [TEST_STEP][PASSED] - sendKeys(findTestObject("FDR-Receipt/FDR-Receipt-Header/Edit/payDate"), Paydate): Keys '09/16/2020' sent to object: 'Object Repository/FDR-Receipt/FDR-Receipt-Header/Edit/payDate'

2020-08-26 19:22:19 - [MESSAGE][PASSED] - Keys '09/16/2020' sent to object: 'Object Repository/FDR-Receipt/FDR-Receipt-Header/Edit/payDate'

2020-08-26 19:22:19 - [TEST_STEP][PASSED] - waitForElementPresent(findTestObject("FDR-Receipt/FDR-Receipt-Header/View/deposit ID"), 5): Object 'Object Repository/FDR-Receipt/FDR-Receipt-Header/View/deposit ID' is present

2020-08-26 19:22:20 - [MESSAGE][PASSED] - Object 'Object Repository/FDR-Receipt/FDR-Receipt-Header/View/deposit ID' is present

2020-08-26 19:22:20 - [TEST_STEP][PASSED] - sendKeys(findTestObject("FDR-Receipt/FDR-Receipt-Header/View/deposit ID"), newDepositId): Keys '3556074' sent to object: 'Object Repository/FDR-Receipt/FDR-Receipt-Header/View/deposit ID'

2020-08-26 19:22:20 - [MESSAGE][PASSED] - Keys '3556074' sent to object: 'Object Repository/FDR-Receipt/FDR-Receipt-Header/View/deposit ID'

2020-08-26 19:22:20 - [TEST_STEP][PASSED] - waitForElementPresent(findTestObject("FDR-Receipt/FDR-ReceiptBatch/receiptNotes"), 5): Object 'Object Repository/FDR-Receipt/FDR-ReceiptBatch/receiptNotes' is present

2020-08-26 19:22:20 - [MESSAGE][PASSED] - Object 'Object Repository/FDR-Receipt/FDR-ReceiptBatch/receiptNotes' is present

2020-08-26 19:22:20 - [TEST_STEP][PASSED] - sendKeys(findTestObject("FDR-Receipt/FDR-ReceiptBatch/receiptNotes"), Receiptnotes): Keys 'rqewrq' sent to object: 'Object Repository/FDR-Receipt/FDR-ReceiptBatch/receiptNotes'

2020-08-26 19:22:21 - [MESSAGE][PASSED] - Keys 'rqewrq' sent to object: 'Object Repository/FDR-Receipt/FDR-ReceiptBatch/receiptNotes'

2020-08-26 19:22:21 - [TEST_STEP][PASSED] - waitForElementPresent(findTestObject("FDR-Receipt/FDR-Receipt-Header/View/remittanceNo"), 5): Object 'Object Repository/FDR-Receipt/FDR-Receipt-Header/View/remittanceNo' is present

2020-08-26 19:22:21 - [MESSAGE][PASSED] - Object 'Object Repository/FDR-Receipt/FDR-Receipt-Header/View/remittanceNo' is present

2020-08-26 19:22:21 - [TEST_STEP][PASSED] - sendKeys(findTestObject("FDR-Receipt/FDR-Receipt-Header/View/remittanceNo"), Remittance): Keys '1234' sent to object: 'Object Repository/FDR-Receipt/FDR-Receipt-Header/View/remittanceNo'

2020-08-26 19:22:22 - [MESSAGE][PASSED] - Keys '1234' sent to object: 'Object Repository/FDR-Receipt/FDR-Receipt-Header/View/remittanceNo'

2020-08-26 19:22:22 - [TEST_STEP][PASSED] - waitForElementPresent(findTestObject("FDR-Receipt/FDR-Receipt-Header/View/controllerNo"), 5): Object 'Object Repository/FDR-Receipt/FDR-Receipt-Header/View/controllerNo' is present

2020-08-26 19:22:22 - [MESSAGE][PASSED] - Object 'Object Repository/FDR-Receipt/FDR-Receipt-Header/View/controllerNo' is present

2020-08-26 19:22:22 - [TEST_STEP][PASSED] - sendKeys(findTestObject("FDR-Receipt/FDR-Receipt-Header/View/controllerNo"), Controller): Keys '4567' sent to object: 'Object Repository/FDR-Receipt/FDR-Receipt-Header/View/controllerNo'

2020-08-26 19:22:23 - [MESSAGE][PASSED] - Keys '4567' sent to object: 'Object Repository/FDR-Receipt/FDR-Receipt-Header/View/controllerNo'

2020-08-26 19:22:23 - [TEST_STEP][PASSED] - waitForElementPresent(findTestObject("FDR-Receipt/FDR-Receipt-Header/View/buttonNext"), 5): Object 'Object Repository/FDR-Receipt/FDR-Receipt-Header/View/buttonNext' is present

2020-08-26 19:22:23 - [MESSAGE][PASSED] - Object 'Object Repository/FDR-Receipt/FDR-Receipt-Header/View/buttonNext' is present

2020-08-26 19:22:23 - [TEST_STEP][PASSED] - click(findTestObject("FDR-Receipt/FDR-Receipt-Header/View/buttonNext")): Object: 'Object Repository/FDR-Receipt/FDR-Receipt-Header/View/buttonNext' is clicked on

2020-08-26 19:22:24 - [MESSAGE][PASSED] - Object: 'Object Repository/FDR-Receipt/FDR-Receipt-Header/View/buttonNext' is clicked on

2020-08-26 19:22:24 - [TEST_STEP][PASSED] - waitForElementPresent(findTestObject("FDR-Receipt/FDR-ReceiptBatch/colorRA"), 5): Object 'Object Repository/FDR-Receipt/FDR-ReceiptBatch/colorRA' is present

2020-08-26 19:22:24 - [MESSAGE][PASSED] - Object 'Object Repository/FDR-Receipt/FDR-ReceiptBatch/colorRA' is present

2020-08-26 19:22:24 - [TEST_STEP][PASSED] - css_color_RA = getCSSValue(findTestObject("FDR-Receipt/FDR-ReceiptBatch/colorRA"), "color"): Get CSS 'color' value on 'Object Repository/FDR-Receipt/FDR-ReceiptBatch/colorRA' successfully: 'rgba(71, 185, 112, 1)'.

2020-08-26 19:22:25 - [MESSAGE][PASSED] - Get CSS 'color' value on 'Object Repository/FDR-Receipt/FDR-ReceiptBatch/colorRA' successfully: 'rgba(71, 185, 112, 1)'.

2020-08-26 19:22:25 - [TEST_STEP][PASSED] - css_color_CA = getCSSValue(findTestObject("FDR-Receipt/FDR-ReceiptBatch/colorCA"), "color"): Get CSS 'color' value on 'Object Repository/FDR-Receipt/FDR-ReceiptBatch/colorCA' successfully: 'rgba(71, 185, 112, 1)'.

2020-08-26 19:22:25 - [MESSAGE][PASSED] - Get CSS 'color' value on 'Object Repository/FDR-Receipt/FDR-ReceiptBatch/colorCA' successfully: 'rgba(71, 185, 112, 1)'.

2020-08-26 19:22:25 - [TEST_STEP][PASSED] - verifyEqual(css_color_RA, "rgba(71, 185, 112, 1)"): Actual object 'rgba(71, 185, 112, 1)' and expected object 'rgba(71, 185, 112, 1)' are equal

2020-08-26 19:22:25 - [MESSAGE][PASSED] - Actual object 'rgba(71, 185, 112, 1)' and expected object 'rgba(71, 185, 112, 1)' are equal

2020-08-26 19:22:25 - [TEST_STEP][PASSED] - if (css_color_RA == "rgba(71, 185, 112, 1)" && css_color_CA == "rgba(71, 185, 112, 1)"): Object 'Object Repository/FDR-Receipt/FDR-ReceiptBatch/reviewButton' is clickable

2020-08-26 19:22:25 - [TEST_STEP][PASSED] - verifyElementClickable(findTestObject("FDR-Receipt/FDR-ReceiptBatch/reviewButton")): Object 'Object Repository/FDR-Receipt/FDR-ReceiptBatch/reviewButton' is clickable

2020-08-26 19:22:25 - [MESSAGE][PASSED] - Object 'Object Repository/FDR-Receipt/FDR-ReceiptBatch/reviewButton' is clickable

2020-08-26 19:22:25 - [TEST_STEP][PASSED] - Start listener action : sampleAfterTestCase: Browser is closed

2020-08-26 19:22:25 - [TEST_STEP][PASSED] - profileName = getExecutionProfile(): null

2020-08-26 19:22:25 - [TEST_STEP][PASSED] - switch (profileName): null

2020-08-26 19:22:25 - [TEST_STEP][PASSED] - if (!(skipBeforeAndAfterTestCase)): Browser is closed

2020-08-26 19:22:25 - [TEST_STEP][PASSED] - Uifunctions.logoutFDR(): Browser is closed

2020-08-26 19:22:26 - [MESSAGE][PASSED] - Browser is closed

2020-08-26 19:22:26 - [TEST_STEP][PASSED] - Start listener action : afterTestCase: null

2020-08-26 19:22:26 - [TEST_STEP][PASSED] - profileName = getExecutionProfile(): null

2020-08-26 19:22:26 - [TEST_STEP][PASSED] - if (profileName.equalsIgnoreCase("SysAdmin")): null

2020-08-26 19:22:26 - [TEST_STEP][PASSED] - Start listener action : sampleAfterTestCase: null

2020-08-26 19:22:26 - [TEST_STEP][PASSED] - profileName = getExecutionProfile(): null

2020-08-26 19:22:26 - [TEST_STEP][PASSED] - switch (profileName): null

2020-08-26 19:22:26 - [TEST_STEP][PASSED] - Default: null

2020-08-26 19:22:26 - [TEST_STEP][PASSED] - return null: null

2020-08-26 19:22:26 - [TEST_STEP][PASSED] - Start listener action : addFailedTCToList: null]]></system-out>
         <system-err><![CDATA[]]></system-err>
      </testcase>
      <testcase name="Test Cases/WEB-UI-TESTS/Receipt/FDR-Validate-Updated-Receipt-DistributionLine" time="73.007" classname="Test Cases/WEB-UI-TESTS/Receipt/FDR-Validate-Updated-Receipt-DistributionLine" status="PASSED">
         <system-out><![CDATA[2020-08-26 19:22:26 - [TEST_CASE][PASSED] - Test Cases/WEB-UI-TESTS/Receipt/FDR-Validate-Updated-Receipt-DistributionLine: Test Cases/WEB-UI-TESTS/Receipt/FDR-Validate-Updated-Receipt-DistributionLine

2020-08-26 19:22:26 - [TEST_STEP][PASSED] - Start listener action : sampleBeforeTestCase: Navigate to 'https://fdr-katalon.cammis-mod-dev.dhcs.ca.gov/dashboard' successfully

2020-08-26 19:22:26 - [TEST_STEP][PASSED] - profileName = getExecutionProfile(): null

2020-08-26 19:22:26 - [TEST_STEP][PASSED] - switch (profileName): null

2020-08-26 19:22:26 - [TEST_STEP][PASSED] - testCaseId = testCaseContext.getTestCaseId(): null

2020-08-26 19:22:26 - [TEST_STEP][PASSED] - if (!(skipBeforeAndAfterTestCase)): Navigate to 'https://fdr-katalon.cammis-mod-dev.dhcs.ca.gov/dashboard' successfully

2020-08-26 19:22:26 - [TEST_STEP][PASSED] - if (account7TestCases.contains(testCaseId)): Object: 'Object Repository/FDR-SignIn/SignInButton' is clicked on

2020-08-26 19:22:26 - [TEST_STEP][PASSED] - Uifunctions.loginFDR(accountsAdmin, accountsAdminPwd): Object: 'Object Repository/FDR-SignIn/SignInButton' is clicked on

2020-08-26 19:22:26 - [MESSAGE][INFO] - Starting 'Chrome' driver

2020-08-26 19:22:26 - [MESSAGE][INFO] - Action delay is set to 0 milliseconds

2020-08-26 19:22:29 - [MESSAGE][PASSED] - Browser is opened with url: ''

2020-08-26 19:22:31 - [MESSAGE][PASSED] - Current window maximized

2020-08-26 19:22:32 - [MESSAGE][PASSED] - Navigate to 'https://fdr-katalon.cammis-mod-dev.dhcs.ca.gov/dashboard' successfully

2020-08-26 19:22:34 - [MESSAGE][PASSED] - Object 'Object Repository/FDR-SignIn/SignInEmail' is present

2020-08-26 19:22:34 - [MESSAGE][PASSED] - Object: 'Object Repository/FDR-SignIn/SignInEmail' is clicked on

2020-08-26 19:22:34 - [MESSAGE][PASSED] - Object 'Object Repository/FDR-SignIn/SignInEmail' is present

2020-08-26 19:22:35 - [MESSAGE][PASSED] - Text 'fdr.test4@dhcs.ca.gov' is set on object 'Object Repository/FDR-SignIn/SignInEmail'

2020-08-26 19:22:35 - [MESSAGE][PASSED] - Object 'Object Repository/FDR-SignIn/SignInEmailNext' is visible

2020-08-26 19:22:35 - [MESSAGE][PASSED] - Object: 'Object Repository/FDR-SignIn/SignInEmailNext' is clicked on

2020-08-26 19:22:38 - [MESSAGE][PASSED] - Object 'Object Repository/FDR-SignIn/SignInEmailPassword' is visible

2020-08-26 19:22:39 - [MESSAGE][PASSED] - Object: 'Object Repository/FDR-SignIn/SignInEmailPassword' is clicked on

2020-08-26 19:22:39 - [MESSAGE][PASSED] - Text ****** has been set on object 'Object Repository/FDR-SignIn/SignInEmailPassword'

2020-08-26 19:22:41 - [MESSAGE][PASSED] - Object: 'Object Repository/FDR-SignIn/SignInButton' is clicked on

2020-08-26 19:22:41 - [TEST_STEP][PASSED] - navigateToUrl(URL): Navigate to 'https://fdr-katalon.cammis-mod-dev.dhcs.ca.gov/dashboard' successfully

2020-08-26 19:22:41 - [MESSAGE][PASSED] - Navigate to 'https://fdr-katalon.cammis-mod-dev.dhcs.ca.gov/dashboard' successfully

2020-08-26 19:22:41 - [TEST_STEP][PASSED] - Start listener action : beforeTestCase: null

2020-08-26 19:22:41 - [TEST_STEP][PASSED] - profileName = getExecutionProfile(): null

2020-08-26 19:22:41 - [TEST_STEP][PASSED] - if (profileName.equalsIgnoreCase("SysAdmin")): null

2020-08-26 19:22:41 - [TEST_STEP][PASSED] - Start listener action : sampleBeforeTestCase: null

2020-08-26 19:22:41 - [TEST_STEP][PASSED] - profileName = getExecutionProfile(): null

2020-08-26 19:22:41 - [TEST_STEP][PASSED] - testCaseId = testCaseContext.getTestCaseId(): null

2020-08-26 19:22:41 - [TEST_STEP][PASSED] - switch (profileName): null

2020-08-26 19:22:41 - [TEST_STEP][PASSED] - Default: null

2020-08-26 19:22:41 - [TEST_STEP][PASSED] - return null: null

2020-08-26 19:22:41 - [TEST_STEP][PASSED] - Start listener action : executeRows: null

2020-08-26 19:22:41 - [TEST_STEP][PASSED] - d = Date().plus(1): null

2020-08-26 19:22:41 - [TEST_STEP][PASSED] - dd = Date().plus(2): null

2020-08-26 19:22:41 - [TEST_STEP][PASSED] - servicedatefrom = d.format("MM/dd/yyyy"): null

2020-08-26 19:22:41 - [TEST_STEP][PASSED] - servicedateto = dd.format("MM/dd/yyyy"): null

2020-08-26 19:22:41 - [TEST_STEP][PASSED] - newDepositId = RandomStringUtils.randomNumeric(7): null

2020-08-26 19:22:41 - [TEST_STEP][PASSED] - editors.createReceipt(Drawdate, Paydate, newDepositId, Receiptnotes): Object: 'Object Repository/FDR-Receipt/FDR-Receipt-Header/View/buttonNext' is clicked on

2020-08-26 19:22:47 - [MESSAGE][INFO] - Unable to find the element located by 'By.xpath: //*[@data-id='button-link']//*[contains(text(),'Create New Voucher')]'. Please recheck the objects properties to make sure the desired element is located. 

2020-08-26 19:22:47 - [MESSAGE][WARNING] - Object 'Object Repository/FDR-Dashboard/createNewVoucherButton' is not present after 4 second(s)

2020-08-26 19:22:47 - [MESSAGE][PASSED] - Object 'Object Repository/FDR-Receipt/FDR-Receipt-Dashboard/createNew_ReceiptBatch_Button' is present

2020-08-26 19:22:47 - [MESSAGE][PASSED] - Object: 'Object Repository/FDR-Receipt/FDR-Receipt-Dashboard/createNew_ReceiptBatch_Button' is clicked on

2020-08-26 19:22:48 - [MESSAGE][PASSED] - Object 'Object Repository/FDR-Receipt/FDR-Receipt-Header/View/inputDrawDate' is present

2020-08-26 19:22:49 - [MESSAGE][PASSED] - Text '09/14/2020' is set on object 'Object Repository/FDR-Receipt/FDR-Receipt-Header/View/inputDrawDate'

2020-08-26 19:22:49 - [MESSAGE][PASSED] - Keys 'TAB + ENTER + ENTER + ' sent to object: 'Object Repository/FDR-Receipt/FDR-Receipt-Header/View/inputDrawDate'

2020-08-26 19:22:50 - [MESSAGE][PASSED] - Object 'Object Repository/FDR-Receipt/FDR-Receipt-Header/Edit/payDate' is present

2020-08-26 19:22:51 - [MESSAGE][PASSED] - Text '09/16/2020' is set on object 'Object Repository/FDR-Receipt/FDR-Receipt-Header/Edit/payDate'

2020-08-26 19:22:51 - [MESSAGE][PASSED] - Object 'Object Repository/FDR-Receipt/FDR-Receipt-Header/View/deposit ID' is present

2020-08-26 19:22:52 - [MESSAGE][PASSED] - Text '7871952' is set on object 'Object Repository/FDR-Receipt/FDR-Receipt-Header/View/deposit ID'

2020-08-26 19:22:53 - [MESSAGE][PASSED] - Object 'Object Repository/FDR-Receipt/FDR-ReceiptBatch/receiptNotes' is present

2020-08-26 19:22:53 - [MESSAGE][PASSED] - Text 'rqewrq' is set on object 'Object Repository/FDR-Receipt/FDR-ReceiptBatch/receiptNotes'

2020-08-26 19:22:54 - [MESSAGE][PASSED] - Object 'Object Repository/FDR-Receipt/FDR-Receipt-Header/Edit/remmitanceAdviceInput' is present

2020-08-26 19:22:54 - [MESSAGE][PASSED] - Keys '' sent to object: 'Object Repository/FDR-Receipt/FDR-Receipt-Header/Edit/remmitanceAdviceInput'

2020-08-26 19:22:55 - [MESSAGE][PASSED] - Object 'Object Repository/FDR-Receipt/FDR-Receipt-Header/Edit/controllerReceiptInput' is present

2020-08-26 19:22:55 - [MESSAGE][PASSED] - Keys '' sent to object: 'Object Repository/FDR-Receipt/FDR-Receipt-Header/Edit/controllerReceiptInput'

2020-08-26 19:22:55 - [MESSAGE][PASSED] - Object 'Object Repository/FDR-Receipt/FDR-Receipt-Header/View/buttonNext' is present

2020-08-26 19:22:56 - [MESSAGE][PASSED] - Object: 'Object Repository/FDR-Receipt/FDR-Receipt-Header/View/buttonNext' is clicked on

2020-08-26 19:22:56 - [TEST_STEP][PASSED] - editors.createReceiptline(ReceiptID, SupplierID, DepositDate): Object: 'Object Repository/FDR-Receipt/FDR-Receipt-Checkline/View/addReceipt_Button2' is clicked on

2020-08-26 19:22:57 - [MESSAGE][PASSED] - Object 'Object Repository/FDR-Receipt/FDR-Receipt-Checkline/View/receipt_ID' is present

2020-08-26 19:22:57 - [MESSAGE][PASSED] - Keys 'CHK10322' sent to object: 'Object Repository/FDR-Receipt/FDR-Receipt-Checkline/View/receipt_ID'

2020-08-26 19:22:57 - [MESSAGE][PASSED] - Object 'Object Repository/FDR-Receipt/FDR-Receipt-Checkline/View/supplier_Id' is present

2020-08-26 19:22:58 - [MESSAGE][PASSED] - Keys '0000007954' sent to object: 'Object Repository/FDR-Receipt/FDR-Receipt-Checkline/View/supplier_Id'

2020-08-26 19:22:58 - [MESSAGE][PASSED] - Keys 'DOWN + ENTER + ' sent to object: 'Object Repository/FDR-Receipt/FDR-Receipt-Checkline/View/supplier_Id'

2020-08-26 19:22:59 - [MESSAGE][PASSED] - Object 'Object Repository/FDR-Receipt/FDR-Receipt-Checkline/View/deposit_Date' is present

2020-08-26 19:22:59 - [MESSAGE][PASSED] - Keys '02/24/2020' sent to object: 'Object Repository/FDR-Receipt/FDR-Receipt-Checkline/View/deposit_Date'

2020-08-26 19:23:05 - [MESSAGE][INFO] - Unable to find the element located by 'By.xpath: //*[@data-id='button-link']//*[contains(text(),'Create New Voucher')]'. Please recheck the objects properties to make sure the desired element is located. 

2020-08-26 19:23:05 - [MESSAGE][WARNING] - Object 'Object Repository/FDR-Dashboard/createNewVoucherButton' is not present after 4 second(s)

2020-08-26 19:23:06 - [MESSAGE][PASSED] - Object 'Object Repository/FDR-Receipt/FDR-Receipt-Checkline/View/addReceipt_Button2' is present

2020-08-26 19:23:06 - [MESSAGE][PASSED] - Object: 'Object Repository/FDR-Receipt/FDR-Receipt-Checkline/View/addReceipt_Button2' is clicked on

2020-08-26 19:23:06 - [TEST_STEP][PASSED] - editors.createReceiptDistributionLine(servicedatefrom, servicedateto, amount, waiverType, waiverName, fundingSource, fundCode, fundRatio, nonFederalFund, serviceLocation, index, programType, serviceCategory, increaseDecreaseLine, accountId, altAccountId): Object: 'Object Repository/FDR-Receipt/FDR-Receipt-DistributionLine/FDR-AddEdit-DistributionLine/button_SaveClose' is clicked on

2020-08-26 19:23:07 - [MESSAGE][PASSED] - Object 'Object Repository/FDR-Receipt/FDR-Receipt-DistributionLine/FDR-AddEdit-DistributionLine/arrow_Down' is clickable

2020-08-26 19:23:07 - [MESSAGE][PASSED] - Object: 'Object Repository/FDR-Receipt/FDR-Receipt-DistributionLine/FDR-AddEdit-DistributionLine/arrow_Down' is clicked on

2020-08-26 19:23:08 - [MESSAGE][PASSED] - Object 'Object Repository/FDR-Receipt/FDR-Receipt-DistributionLine/FDR-AddEdit-DistributionLine/button_Add-Invoiceline' is present

2020-08-26 19:23:08 - [MESSAGE][PASSED] - Scroll to object 'Object Repository/FDR-Receipt/FDR-Receipt-DistributionLine/FDR-AddEdit-DistributionLine/button_Add-Invoiceline' successfully

2020-08-26 19:23:08 - [MESSAGE][PASSED] - Object 'Object Repository/FDR-Receipt/FDR-Receipt-DistributionLine/FDR-AddEdit-DistributionLine/button_Add-Invoiceline' is clickable

2020-08-26 19:23:09 - [MESSAGE][PASSED] - Object: 'Object Repository/FDR-Receipt/FDR-Receipt-DistributionLine/FDR-AddEdit-DistributionLine/button_Add-Invoiceline' is clicked on

2020-08-26 19:23:10 - [MESSAGE][PASSED] - Object 'Object Repository/FDR-Receipt/FDR-Receipt-DistributionLine/FDR-AddEdit-DistributionLine/invoice_Searchfield' is present

2020-08-26 19:23:10 - [MESSAGE][PASSED] - Keys 'MC' sent to object: 'Object Repository/FDR-Receipt/FDR-Receipt-DistributionLine/FDR-AddEdit-DistributionLine/invoice_Searchfield'

2020-08-26 19:23:11 - [MESSAGE][PASSED] - Object: 'Object Repository/FDR-Receipt/FDR-Receipt-DistributionLine/FDR-AddEdit-DistributionLine/button_Add_invoicemanually' is clicked on

2020-08-26 19:23:12 - [MESSAGE][PASSED] - Object 'Object Repository/FDR-Receipt/FDR-Receipt-DistributionLine/FDR-AddEdit-DistributionLine/input_Service date (from)' is present

2020-08-26 19:23:12 - [MESSAGE][PASSED] - Keys '08/27/2020' sent to object: 'Object Repository/FDR-Receipt/FDR-Receipt-DistributionLine/FDR-AddEdit-DistributionLine/input_Service date (from)'

2020-08-26 19:23:13 - [MESSAGE][PASSED] - Object 'Object Repository/FDR-Receipt/FDR-Receipt-DistributionLine/FDR-AddEdit-DistributionLine/input_Service date (to)' is present

2020-08-26 19:23:13 - [MESSAGE][PASSED] - Keys '08/28/2020' sent to object: 'Object Repository/FDR-Receipt/FDR-Receipt-DistributionLine/FDR-AddEdit-DistributionLine/input_Service date (to)'

2020-08-26 19:23:14 - [MESSAGE][PASSED] - Object 'Object Repository/FDR-Receipt/FDR-Receipt-DistributionLine/FDR-AddEdit-DistributionLine/input_Amount' is present

2020-08-26 19:23:14 - [MESSAGE][PASSED] - Keys '3000' sent to object: 'Object Repository/FDR-Receipt/FDR-Receipt-DistributionLine/FDR-AddEdit-DistributionLine/input_Amount'

2020-08-26 19:23:14 - [MESSAGE][PASSED] - Object 'Object Repository/FDR-Receipt/FDR-Receipt-DistributionLine/FDR-AddEdit-DistributionLine/waiver_Type' is present

2020-08-26 19:23:15 - [MESSAGE][PASSED] - Object 'Object Repository/FDR-Receipt/FDR-Receipt-DistributionLine/FDR-AddEdit-DistributionLine/waiver_Type' is present

2020-08-26 19:23:15 - [MESSAGE][PASSED] - Keys '2020' sent to object: 'Object Repository/FDR-Receipt/FDR-Receipt-DistributionLine/FDR-AddEdit-DistributionLine/waiver_Type'

2020-08-26 19:23:16 - [MESSAGE][PASSED] - Keys 'DOWN + ENTER + ' sent to object: 'Object Repository/FDR-Receipt/FDR-Receipt-DistributionLine/FDR-AddEdit-DistributionLine/waiver_Type'

2020-08-26 19:23:16 - [MESSAGE][PASSED] - Object 'Object Repository/FDR-Receipt/FDR-Receipt-DistributionLine/FDR-AddEdit-DistributionLine/waiver_Name' is present

2020-08-26 19:23:16 - [MESSAGE][PASSED] - Keys 'A-FamilyU TPM/GMC' sent to object: 'Object Repository/FDR-Receipt/FDR-Receipt-DistributionLine/FDR-AddEdit-DistributionLine/waiver_Name'

2020-08-26 19:23:17 - [MESSAGE][PASSED] - Keys 'DOWN + ENTER + ' sent to object: 'Object Repository/FDR-Receipt/FDR-Receipt-DistributionLine/FDR-AddEdit-DistributionLine/waiver_Name'

2020-08-26 19:23:17 - [MESSAGE][PASSED] - Object 'Object Repository/FDR-Receipt/FDR-Receipt-DistributionLine/FDR-AddEdit-DistributionLine/funding_Source' is present

2020-08-26 19:23:18 - [MESSAGE][PASSED] - Keys 'Dental' sent to object: 'Object Repository/FDR-Receipt/FDR-Receipt-DistributionLine/FDR-AddEdit-DistributionLine/funding_Source'

2020-08-26 19:23:18 - [MESSAGE][PASSED] - Keys 'DOWN + ENTER + ' sent to object: 'Object Repository/FDR-Receipt/FDR-Receipt-DistributionLine/FDR-AddEdit-DistributionLine/funding_Source'

2020-08-26 19:23:19 - [MESSAGE][PASSED] - Object 'Object Repository/FDR-Receipt/FDR-Receipt-DistributionLine/FDR-AddEdit-DistributionLine/fund_Code' is present

2020-08-26 19:23:19 - [MESSAGE][PASSED] - Keys 'Health Care Deposit Fund (0912)' sent to object: 'Object Repository/FDR-Receipt/FDR-Receipt-DistributionLine/FDR-AddEdit-DistributionLine/fund_Code'

2020-08-26 19:23:20 - [MESSAGE][PASSED] - Keys 'DOWN + ENTER + ' sent to object: 'Object Repository/FDR-Receipt/FDR-Receipt-DistributionLine/FDR-AddEdit-DistributionLine/fund_Code'

2020-08-26 19:23:20 - [MESSAGE][PASSED] - Object 'Object Repository/FDR-Receipt/FDR-Receipt-DistributionLine/FDR-AddEdit-DistributionLine/fund_Ratio' is present

2020-08-26 19:23:21 - [MESSAGE][PASSED] - Keys '5' sent to object: 'Object Repository/FDR-Receipt/FDR-Receipt-DistributionLine/FDR-AddEdit-DistributionLine/fund_Ratio'

2020-08-26 19:23:21 - [MESSAGE][PASSED] - Keys 'DOWN + ENTER + ' sent to object: 'Object Repository/FDR-Receipt/FDR-Receipt-DistributionLine/FDR-AddEdit-DistributionLine/fund_Ratio'

2020-08-26 19:23:22 - [MESSAGE][PASSED] - Object 'Object Repository/FDR-Receipt/FDR-Receipt-DistributionLine/FDR-AddEdit-DistributionLine/non_Federalfund' is present

2020-08-26 19:23:22 - [MESSAGE][PASSED] - Keys '0001' sent to object: 'Object Repository/FDR-Receipt/FDR-Receipt-DistributionLine/FDR-AddEdit-DistributionLine/non_Federalfund'

2020-08-26 19:23:23 - [MESSAGE][PASSED] - Keys 'DOWN + ENTER + ' sent to object: 'Object Repository/FDR-Receipt/FDR-Receipt-DistributionLine/FDR-AddEdit-DistributionLine/non_Federalfund'

2020-08-26 19:23:23 - [MESSAGE][PASSED] - Object 'Object Repository/FDR-Receipt/FDR-Receipt-DistributionLine/FDR-AddEdit-DistributionLine/inputAccountId' is present

2020-08-26 19:23:23 - [MESSAGE][PASSED] - Keys '5432000' sent to object: 'Object Repository/FDR-Receipt/FDR-Receipt-DistributionLine/FDR-AddEdit-DistributionLine/inputAccountId'

2020-08-26 19:23:24 - [MESSAGE][PASSED] - Keys 'DOWN + ENTER + ' sent to object: 'Object Repository/FDR-Receipt/FDR-Receipt-DistributionLine/FDR-AddEdit-DistributionLine/inputAccountId'

2020-08-26 19:23:24 - [MESSAGE][PASSED] - Object 'Object Repository/FDR-Receipt/FDR-Receipt-DistributionLine/FDR-AddEdit-DistributionLine/inputAltAccountId' is present

2020-08-26 19:23:25 - [MESSAGE][PASSED] - Keys '5432000019' sent to object: 'Object Repository/FDR-Receipt/FDR-Receipt-DistributionLine/FDR-AddEdit-DistributionLine/inputAltAccountId'

2020-08-26 19:23:25 - [MESSAGE][PASSED] - Keys 'DOWN + ENTER + ' sent to object: 'Object Repository/FDR-Receipt/FDR-Receipt-DistributionLine/FDR-AddEdit-DistributionLine/inputAltAccountId'

2020-08-26 19:23:26 - [MESSAGE][PASSED] - Object 'Object Repository/FDR-Receipt/FDR-Receipt-DistributionLine/FDR-AddEdit-DistributionLine/input_Service location_serviceLocation' is present

2020-08-26 19:23:26 - [MESSAGE][PASSED] - Keys '3445' sent to object: 'Object Repository/FDR-Receipt/FDR-Receipt-DistributionLine/FDR-AddEdit-DistributionLine/input_Service location_serviceLocation'

2020-08-26 19:23:27 - [MESSAGE][PASSED] - Keys 'DOWN + ENTER + ' sent to object: 'Object Repository/FDR-Receipt/FDR-Receipt-DistributionLine/FDR-AddEdit-DistributionLine/input_Service location_serviceLocation'

2020-08-26 19:23:27 - [MESSAGE][PASSED] - Object 'Object Repository/FDR-Receipt/FDR-Receipt-DistributionLine/FDR-AddEdit-DistributionLine/Index' is present

2020-08-26 19:23:27 - [MESSAGE][PASSED] - Keys '1155' sent to object: 'Object Repository/FDR-Receipt/FDR-Receipt-DistributionLine/FDR-AddEdit-DistributionLine/Index'

2020-08-26 19:23:28 - [MESSAGE][PASSED] - Keys 'DOWN + ENTER + ' sent to object: 'Object Repository/FDR-Receipt/FDR-Receipt-DistributionLine/FDR-AddEdit-DistributionLine/Index'

2020-08-26 19:23:28 - [MESSAGE][PASSED] - Object 'Object Repository/FDR-Receipt/FDR-Receipt-DistributionLine/FDR-AddEdit-DistributionLine/program_Type' is present

2020-08-26 19:23:29 - [MESSAGE][PASSED] - Keys 'Medical Assistance (MA)' sent to object: 'Object Repository/FDR-Receipt/FDR-Receipt-DistributionLine/FDR-AddEdit-DistributionLine/program_Type'

2020-08-26 19:23:29 - [MESSAGE][PASSED] - Keys 'DOWN + ENTER + ' sent to object: 'Object Repository/FDR-Receipt/FDR-Receipt-DistributionLine/FDR-AddEdit-DistributionLine/program_Type'

2020-08-26 19:23:30 - [MESSAGE][PASSED] - Object 'Object Repository/FDR-Receipt/FDR-Receipt-DistributionLine/FDR-AddEdit-DistributionLine/service_Category' is present

2020-08-26 19:23:30 - [MESSAGE][PASSED] - Keys '18B1' sent to object: 'Object Repository/FDR-Receipt/FDR-Receipt-DistributionLine/FDR-AddEdit-DistributionLine/service_Category'

2020-08-26 19:23:31 - [MESSAGE][PASSED] - Keys 'DOWN + ENTER + ' sent to object: 'Object Repository/FDR-Receipt/FDR-Receipt-DistributionLine/FDR-AddEdit-DistributionLine/service_Category'

2020-08-26 19:23:31 - [MESSAGE][PASSED] - Object 'Object Repository/FDR-Receipt/FDR-Receipt-DistributionLine/FDR-AddEdit-DistributionLine/increaseDecreaseLine' is present

2020-08-26 19:23:31 - [MESSAGE][PASSED] - Keys '10b: Receipts or any decrease' sent to object: 'Object Repository/FDR-Receipt/FDR-Receipt-DistributionLine/FDR-AddEdit-DistributionLine/increaseDecreaseLine'

2020-08-26 19:23:32 - [MESSAGE][PASSED] - Keys 'DOWN + ENTER + ' sent to object: 'Object Repository/FDR-Receipt/FDR-Receipt-DistributionLine/FDR-AddEdit-DistributionLine/increaseDecreaseLine'

2020-08-26 19:23:32 - [MESSAGE][PASSED] - Object 'Object Repository/FDR-Receipt/FDR-Receipt-DistributionLine/FDR-AddEdit-DistributionLine/button_SaveClose' is present

2020-08-26 19:23:33 - [MESSAGE][PASSED] - Object 'Object Repository/FDR-Receipt/FDR-Receipt-DistributionLine/FDR-AddEdit-DistributionLine/button_SaveClose' is clickable

2020-08-26 19:23:33 - [MESSAGE][PASSED] - Object: 'Object Repository/FDR-Receipt/FDR-Receipt-DistributionLine/FDR-AddEdit-DistributionLine/button_SaveClose' is clicked on

2020-08-26 19:23:33 - [TEST_STEP][PASSED] - waitForElementPresent(findTestObject("FDR-Receipt/FDR-Receipt-DistributionLine/FDR-View-DitributionLine/InvoiceNumberTitle"), 3, STOP_ON_FAILURE): Object 'Object Repository/FDR-Receipt/FDR-Receipt-DistributionLine/FDR-View-DitributionLine/InvoiceNumberTitle' is present

2020-08-26 19:23:34 - [MESSAGE][PASSED] - Object 'Object Repository/FDR-Receipt/FDR-Receipt-DistributionLine/FDR-View-DitributionLine/InvoiceNumberTitle' is present

2020-08-26 19:23:34 - [TEST_STEP][PASSED] - waitForElementPresent(findTestObject("FDR-Receipt/FDR-Receipt-DistributionLine/FDR-View-DitributionLine/FundCodeTitle"), 3, STOP_ON_FAILURE): Object 'Object Repository/FDR-Receipt/FDR-Receipt-DistributionLine/FDR-View-DitributionLine/FundCodeTitle' is present

2020-08-26 19:23:35 - [MESSAGE][PASSED] - Object 'Object Repository/FDR-Receipt/FDR-Receipt-DistributionLine/FDR-View-DitributionLine/FundCodeTitle' is present

2020-08-26 19:23:35 - [TEST_STEP][PASSED] - waitForElementPresent(findTestObject("FDR-Receipt/FDR-Receipt-DistributionLine/FDR-View-DitributionLine/FundingSourceTitle"), 3, STOP_ON_FAILURE): Object 'Object Repository/FDR-Receipt/FDR-Receipt-DistributionLine/FDR-View-DitributionLine/FundingSourceTitle' is present

2020-08-26 19:23:35 - [MESSAGE][PASSED] - Object 'Object Repository/FDR-Receipt/FDR-Receipt-DistributionLine/FDR-View-DitributionLine/FundingSourceTitle' is present

2020-08-26 19:23:35 - [TEST_STEP][PASSED] - waitForElementPresent(findTestObject("FDR-Receipt/FDR-Receipt-DistributionLine/FDR-View-DitributionLine/FundRatioTitle"), 3, STOP_ON_FAILURE): Object 'Object Repository/FDR-Receipt/FDR-Receipt-DistributionLine/FDR-View-DitributionLine/FundRatioTitle' is present

2020-08-26 19:23:35 - [MESSAGE][PASSED] - Object 'Object Repository/FDR-Receipt/FDR-Receipt-DistributionLine/FDR-View-DitributionLine/FundRatioTitle' is present

2020-08-26 19:23:35 - [TEST_STEP][PASSED] - waitForElementPresent(findTestObject("FDR-Receipt/FDR-Receipt-DistributionLine/FDR-View-DitributionLine/Non-FederalFundTitle"), 3, STOP_ON_FAILURE): Object 'Object Repository/FDR-Receipt/FDR-Receipt-DistributionLine/FDR-View-DitributionLine/Non-FederalFundTitle' is present

2020-08-26 19:23:35 - [MESSAGE][PASSED] - Object 'Object Repository/FDR-Receipt/FDR-Receipt-DistributionLine/FDR-View-DitributionLine/Non-FederalFundTitle' is present

2020-08-26 19:23:35 - [TEST_STEP][PASSED] - waitForElementPresent(findTestObject("FDR-Receipt/FDR-Receipt-DistributionLine/FDR-View-DitributionLine/FederalShareTitle"), 3, STOP_ON_FAILURE): Object 'Object Repository/FDR-Receipt/FDR-Receipt-DistributionLine/FDR-View-DitributionLine/FederalShareTitle' is present

2020-08-26 19:23:36 - [MESSAGE][PASSED] - Object 'Object Repository/FDR-Receipt/FDR-Receipt-DistributionLine/FDR-View-DitributionLine/FederalShareTitle' is present

2020-08-26 19:23:36 - [TEST_STEP][PASSED] - waitForElementPresent(findTestObject("FDR-Receipt/FDR-Receipt-DistributionLine/FDR-View-DitributionLine/Non-FederalShareTitle"), 3, STOP_ON_FAILURE): Object 'Object Repository/FDR-Receipt/FDR-Receipt-DistributionLine/FDR-View-DitributionLine/Non-FederalShareTitle' is present

2020-08-26 19:23:36 - [MESSAGE][PASSED] - Object 'Object Repository/FDR-Receipt/FDR-Receipt-DistributionLine/FDR-View-DitributionLine/Non-FederalShareTitle' is present

2020-08-26 19:23:36 - [TEST_STEP][PASSED] - waitForElementPresent(findTestObject("FDR-Receipt/FDR-Receipt-DistributionLine/FDR-View-DitributionLine/SubtotalTitle"), 3, STOP_ON_FAILURE): Object 'Object Repository/FDR-Receipt/FDR-Receipt-DistributionLine/FDR-View-DitributionLine/SubtotalTitle' is present

2020-08-26 19:23:36 - [MESSAGE][PASSED] - Object 'Object Repository/FDR-Receipt/FDR-Receipt-DistributionLine/FDR-View-DitributionLine/SubtotalTitle' is present

2020-08-26 19:23:36 - [TEST_STEP][PASSED] - waitForElementPresent(findTestObject("FDR-Receipt/FDR-Receipt-DistributionLine/FDR-View-DitributionLine/popoverIcon"), 3, STOP_ON_FAILURE): Object 'Object Repository/FDR-Receipt/FDR-Receipt-DistributionLine/FDR-View-DitributionLine/popoverIcon' is present

2020-08-26 19:23:37 - [MESSAGE][PASSED] - Object 'Object Repository/FDR-Receipt/FDR-Receipt-DistributionLine/FDR-View-DitributionLine/popoverIcon' is present

2020-08-26 19:23:37 - [TEST_STEP][PASSED] - click(findTestObject("FDR-Receipt/FDR-Receipt-DistributionLine/FDR-View-DitributionLine/popoverIcon")): Object: 'Object Repository/FDR-Receipt/FDR-Receipt-DistributionLine/FDR-View-DitributionLine/popoverIcon' is clicked on

2020-08-26 19:23:37 - [MESSAGE][PASSED] - Object: 'Object Repository/FDR-Receipt/FDR-Receipt-DistributionLine/FDR-View-DitributionLine/popoverIcon' is clicked on

2020-08-26 19:23:37 - [TEST_STEP][PASSED] - waitForElementPresent(findTestObject("FDR-Receipt/FDR-Receipt-DistributionLine/FDR-View-DitributionLine/pAccountIdText"), 3, STOP_ON_FAILURE): Object 'Object Repository/FDR-Receipt/FDR-Receipt-DistributionLine/FDR-View-DitributionLine/pAccountIdText' is present

2020-08-26 19:23:37 - [MESSAGE][PASSED] - Object 'Object Repository/FDR-Receipt/FDR-Receipt-DistributionLine/FDR-View-DitributionLine/pAccountIdText' is present

2020-08-26 19:23:37 - [TEST_STEP][PASSED] - accountIdTxt = getText(findTestObject("FDR-Receipt/FDR-Receipt-DistributionLine/FDR-View-DitributionLine/pAccountIdText"), STOP_ON_FAILURE): Text of object 'Object Repository/FDR-Receipt/FDR-Receipt-DistributionLine/FDR-View-DitributionLine/pAccountIdText' is: '5432000'

2020-08-26 19:23:38 - [MESSAGE][PASSED] - Text of object 'Object Repository/FDR-Receipt/FDR-Receipt-DistributionLine/FDR-View-DitributionLine/pAccountIdText' is: '5432000'

2020-08-26 19:23:38 - [TEST_STEP][PASSED] - waitForElementPresent(findTestObject("FDR-Receipt/FDR-Receipt-DistributionLine/FDR-View-DitributionLine/pAltAccountIdText"), 3, STOP_ON_FAILURE): Object 'Object Repository/FDR-Receipt/FDR-Receipt-DistributionLine/FDR-View-DitributionLine/pAltAccountIdText' is present

2020-08-26 19:23:38 - [MESSAGE][PASSED] - Object 'Object Repository/FDR-Receipt/FDR-Receipt-DistributionLine/FDR-View-DitributionLine/pAltAccountIdText' is present

2020-08-26 19:23:38 - [TEST_STEP][PASSED] - altAccountIdTxt = getText(findTestObject("FDR-Receipt/FDR-Receipt-DistributionLine/FDR-View-DitributionLine/pAltAccountIdText"), STOP_ON_FAILURE): Text of object 'Object Repository/FDR-Receipt/FDR-Receipt-DistributionLine/FDR-View-DitributionLine/pAltAccountIdText' is: '5432000019'

2020-08-26 19:23:38 - [MESSAGE][PASSED] - Text of object 'Object Repository/FDR-Receipt/FDR-Receipt-DistributionLine/FDR-View-DitributionLine/pAltAccountIdText' is: '5432000019'

2020-08-26 19:23:38 - [TEST_STEP][PASSED] - if (accountIdTxt == accountId && altAccountIdTxt == altAccountId): Valid Account and Alt Account

2020-08-26 19:23:38 - [TEST_STEP][PASSED] - markPassed("Valid Account and Alt Account"): Valid Account and Alt Account

2020-08-26 19:23:38 - [MESSAGE][PASSED] - Valid Account and Alt Account

2020-08-26 19:23:38 - [TEST_STEP][PASSED] - Start listener action : sampleAfterTestCase: Browser is closed

2020-08-26 19:23:38 - [TEST_STEP][PASSED] - profileName = getExecutionProfile(): null

2020-08-26 19:23:38 - [TEST_STEP][PASSED] - switch (profileName): null

2020-08-26 19:23:38 - [TEST_STEP][PASSED] - if (!(skipBeforeAndAfterTestCase)): Browser is closed

2020-08-26 19:23:38 - [TEST_STEP][PASSED] - Uifunctions.logoutFDR(): Browser is closed

2020-08-26 19:23:39 - [MESSAGE][PASSED] - Browser is closed

2020-08-26 19:23:39 - [TEST_STEP][PASSED] - Start listener action : afterTestCase: null

2020-08-26 19:23:39 - [TEST_STEP][PASSED] - profileName = getExecutionProfile(): null

2020-08-26 19:23:39 - [TEST_STEP][PASSED] - if (profileName.equalsIgnoreCase("SysAdmin")): null

2020-08-26 19:23:39 - [TEST_STEP][PASSED] - Start listener action : sampleAfterTestCase: null

2020-08-26 19:23:39 - [TEST_STEP][PASSED] - profileName = getExecutionProfile(): null

2020-08-26 19:23:39 - [TEST_STEP][PASSED] - switch (profileName): null

2020-08-26 19:23:39 - [TEST_STEP][PASSED] - Default: null

2020-08-26 19:23:39 - [TEST_STEP][PASSED] - return null: null

2020-08-26 19:23:39 - [TEST_STEP][PASSED] - Start listener action : addFailedTCToList: null]]></system-out>
         <system-err><![CDATA[]]></system-err>
      </testcase>
      <testcase name="Test Cases/WEB-UI-TESTS/Receipt/FDR-Review-Preview-Forms-Prior-Approval" time="75.319" classname="Test Cases/WEB-UI-TESTS/Receipt/FDR-Review-Preview-Forms-Prior-Approval" status="PASSED">
         <system-out><![CDATA[2020-08-26 19:23:39 - [TEST_CASE][PASSED] - Test Cases/WEB-UI-TESTS/Receipt/FDR-Review-Preview-Forms-Prior-Approval: Test Cases/WEB-UI-TESTS/Receipt/FDR-Review-Preview-Forms-Prior-Approval

2020-08-26 19:23:39 - [TEST_STEP][PASSED] - Start listener action : sampleBeforeTestCase: Navigate to 'https://fdr-katalon.cammis-mod-dev.dhcs.ca.gov/dashboard' successfully

2020-08-26 19:23:39 - [TEST_STEP][PASSED] - profileName = getExecutionProfile(): null

2020-08-26 19:23:39 - [TEST_STEP][PASSED] - switch (profileName): null

2020-08-26 19:23:39 - [TEST_STEP][PASSED] - testCaseId = testCaseContext.getTestCaseId(): null

2020-08-26 19:23:39 - [TEST_STEP][PASSED] - if (!(skipBeforeAndAfterTestCase)): Navigate to 'https://fdr-katalon.cammis-mod-dev.dhcs.ca.gov/dashboard' successfully

2020-08-26 19:23:39 - [TEST_STEP][PASSED] - if (account7TestCases.contains(testCaseId)): null

2020-08-26 19:23:39 - [TEST_STEP][PASSED] - else if (account10TestCases.contains(testCaseId)): null

2020-08-26 19:23:39 - [TEST_STEP][PASSED] - else: Object: 'Object Repository/FDR-SignIn/SignInButton' is clicked on

2020-08-26 19:23:39 - [TEST_STEP][PASSED] - Uifunctions.loginFDR(accountsApprover, accountsApproverPwd): Object: 'Object Repository/FDR-SignIn/SignInButton' is clicked on

2020-08-26 19:23:39 - [MESSAGE][INFO] - Starting 'Chrome' driver

2020-08-26 19:23:39 - [MESSAGE][INFO] - Action delay is set to 0 milliseconds

2020-08-26 19:23:42 - [MESSAGE][PASSED] - Browser is opened with url: ''

2020-08-26 19:23:44 - [MESSAGE][PASSED] - Current window maximized

2020-08-26 19:23:45 - [MESSAGE][PASSED] - Navigate to 'https://fdr-katalon.cammis-mod-dev.dhcs.ca.gov/dashboard' successfully

2020-08-26 19:23:47 - [MESSAGE][PASSED] - Object 'Object Repository/FDR-SignIn/SignInEmail' is present

2020-08-26 19:23:47 - [MESSAGE][PASSED] - Object: 'Object Repository/FDR-SignIn/SignInEmail' is clicked on

2020-08-26 19:23:47 - [MESSAGE][PASSED] - Object 'Object Repository/FDR-SignIn/SignInEmail' is present

2020-08-26 19:23:48 - [MESSAGE][PASSED] - Text 'fdr.test3@dhcs.ca.gov' is set on object 'Object Repository/FDR-SignIn/SignInEmail'

2020-08-26 19:23:48 - [MESSAGE][PASSED] - Object 'Object Repository/FDR-SignIn/SignInEmailNext' is visible

2020-08-26 19:23:48 - [MESSAGE][PASSED] - Object: 'Object Repository/FDR-SignIn/SignInEmailNext' is clicked on

2020-08-26 19:23:55 - [MESSAGE][PASSED] - Object 'Object Repository/FDR-SignIn/SignInEmailPassword' is visible

2020-08-26 19:23:55 - [MESSAGE][PASSED] - Object: 'Object Repository/FDR-SignIn/SignInEmailPassword' is clicked on

2020-08-26 19:23:56 - [MESSAGE][PASSED] - Text ****** has been set on object 'Object Repository/FDR-SignIn/SignInEmailPassword'

2020-08-26 19:23:57 - [MESSAGE][PASSED] - Object: 'Object Repository/FDR-SignIn/SignInButton' is clicked on

2020-08-26 19:23:57 - [TEST_STEP][PASSED] - navigateToUrl(URL): Navigate to 'https://fdr-katalon.cammis-mod-dev.dhcs.ca.gov/dashboard' successfully

2020-08-26 19:23:58 - [MESSAGE][PASSED] - Navigate to 'https://fdr-katalon.cammis-mod-dev.dhcs.ca.gov/dashboard' successfully

2020-08-26 19:23:58 - [TEST_STEP][PASSED] - Start listener action : beforeTestCase: null

2020-08-26 19:23:58 - [TEST_STEP][PASSED] - profileName = getExecutionProfile(): null

2020-08-26 19:23:58 - [TEST_STEP][PASSED] - if (profileName.equalsIgnoreCase("SysAdmin")): null

2020-08-26 19:23:58 - [TEST_STEP][PASSED] - Start listener action : sampleBeforeTestCase: null

2020-08-26 19:23:58 - [TEST_STEP][PASSED] - profileName = getExecutionProfile(): null

2020-08-26 19:23:58 - [TEST_STEP][PASSED] - testCaseId = testCaseContext.getTestCaseId(): null

2020-08-26 19:23:58 - [TEST_STEP][PASSED] - switch (profileName): null

2020-08-26 19:23:58 - [TEST_STEP][PASSED] - Default: null

2020-08-26 19:23:58 - [TEST_STEP][PASSED] - return null: null

2020-08-26 19:23:58 - [TEST_STEP][PASSED] - Start listener action : executeRows: null

2020-08-26 19:23:58 - [TEST_STEP][PASSED] - d = Date().plus(1): null

2020-08-26 19:23:58 - [TEST_STEP][PASSED] - dd = Date().plus(2): null

2020-08-26 19:23:58 - [TEST_STEP][PASSED] - servicedatefrom = d.format("MM/dd/yyyy"): null

2020-08-26 19:23:58 - [TEST_STEP][PASSED] - servicedateto = dd.format("MM/dd/yyyy"): null

2020-08-26 19:23:58 - [TEST_STEP][PASSED] - newDepositId = RandomStringUtils.randomNumeric(7): null

2020-08-26 19:23:58 - [TEST_STEP][PASSED] - editors.createReceipt(Drawdate, Paydate, newDepositId, Receiptnotes, RA, CR): Object: 'Object Repository/FDR-Receipt/FDR-Receipt-Header/View/buttonNext' is clicked on

2020-08-26 19:24:03 - [MESSAGE][INFO] - Unable to find the element located by 'By.xpath: //*[@data-id='button-link']//*[contains(text(),'Create New Voucher')]'. Please recheck the objects properties to make sure the desired element is located. 

2020-08-26 19:24:03 - [MESSAGE][WARNING] - Object 'Object Repository/FDR-Dashboard/createNewVoucherButton' is not present after 4 second(s)

2020-08-26 19:24:04 - [MESSAGE][PASSED] - Object 'Object Repository/FDR-Receipt/FDR-Receipt-Dashboard/createNew_ReceiptBatch_Button' is present

2020-08-26 19:24:04 - [MESSAGE][PASSED] - Object: 'Object Repository/FDR-Receipt/FDR-Receipt-Dashboard/createNew_ReceiptBatch_Button' is clicked on

2020-08-26 19:24:05 - [MESSAGE][PASSED] - Object 'Object Repository/FDR-Receipt/FDR-Receipt-Header/View/inputDrawDate' is present

2020-08-26 19:24:06 - [MESSAGE][PASSED] - Text '09/14/2020' is set on object 'Object Repository/FDR-Receipt/FDR-Receipt-Header/View/inputDrawDate'

2020-08-26 19:24:06 - [MESSAGE][PASSED] - Keys 'TAB + ENTER + ENTER + ' sent to object: 'Object Repository/FDR-Receipt/FDR-Receipt-Header/View/inputDrawDate'

2020-08-26 19:24:07 - [MESSAGE][PASSED] - Object 'Object Repository/FDR-Receipt/FDR-Receipt-Header/Edit/payDate' is present

2020-08-26 19:24:08 - [MESSAGE][PASSED] - Text '09/16/2020' is set on object 'Object Repository/FDR-Receipt/FDR-Receipt-Header/Edit/payDate'

2020-08-26 19:24:08 - [MESSAGE][PASSED] - Object 'Object Repository/FDR-Receipt/FDR-Receipt-Header/View/deposit ID' is present

2020-08-26 19:24:09 - [MESSAGE][PASSED] - Text '1156114' is set on object 'Object Repository/FDR-Receipt/FDR-Receipt-Header/View/deposit ID'

2020-08-26 19:24:10 - [MESSAGE][PASSED] - Object 'Object Repository/FDR-Receipt/FDR-ReceiptBatch/receiptNotes' is present

2020-08-26 19:24:10 - [MESSAGE][PASSED] - Text 'rqewrq' is set on object 'Object Repository/FDR-Receipt/FDR-ReceiptBatch/receiptNotes'

2020-08-26 19:24:11 - [MESSAGE][PASSED] - Object 'Object Repository/FDR-Receipt/FDR-Receipt-Header/Edit/remmitanceAdviceInput' is present

2020-08-26 19:24:11 - [MESSAGE][PASSED] - Keys '1234' sent to object: 'Object Repository/FDR-Receipt/FDR-Receipt-Header/Edit/remmitanceAdviceInput'

2020-08-26 19:24:12 - [MESSAGE][PASSED] - Object 'Object Repository/FDR-Receipt/FDR-Receipt-Header/Edit/controllerReceiptInput' is present

2020-08-26 19:24:12 - [MESSAGE][PASSED] - Keys '4567' sent to object: 'Object Repository/FDR-Receipt/FDR-Receipt-Header/Edit/controllerReceiptInput'

2020-08-26 19:24:13 - [MESSAGE][PASSED] - Object 'Object Repository/FDR-Receipt/FDR-Receipt-Header/View/buttonNext' is present

2020-08-26 19:24:13 - [MESSAGE][PASSED] - Object: 'Object Repository/FDR-Receipt/FDR-Receipt-Header/View/buttonNext' is clicked on

2020-08-26 19:24:13 - [TEST_STEP][PASSED] - editors.createReceiptline(ReceiptID, SupplierID, DepositDate): Object: 'Object Repository/FDR-Receipt/FDR-Receipt-Checkline/View/addReceipt_Button2' is clicked on

2020-08-26 19:24:14 - [MESSAGE][PASSED] - Object 'Object Repository/FDR-Receipt/FDR-Receipt-Checkline/View/receipt_ID' is present

2020-08-26 19:24:14 - [MESSAGE][PASSED] - Keys 'CHK10322' sent to object: 'Object Repository/FDR-Receipt/FDR-Receipt-Checkline/View/receipt_ID'

2020-08-26 19:24:15 - [MESSAGE][PASSED] - Object 'Object Repository/FDR-Receipt/FDR-Receipt-Checkline/View/supplier_Id' is present

2020-08-26 19:24:15 - [MESSAGE][PASSED] - Keys '0000007954' sent to object: 'Object Repository/FDR-Receipt/FDR-Receipt-Checkline/View/supplier_Id'

2020-08-26 19:24:16 - [MESSAGE][PASSED] - Keys 'DOWN + ENTER + ' sent to object: 'Object Repository/FDR-Receipt/FDR-Receipt-Checkline/View/supplier_Id'

2020-08-26 19:24:16 - [MESSAGE][PASSED] - Object 'Object Repository/FDR-Receipt/FDR-Receipt-Checkline/View/deposit_Date' is present

2020-08-26 19:24:16 - [MESSAGE][PASSED] - Keys '02/24/2020' sent to object: 'Object Repository/FDR-Receipt/FDR-Receipt-Checkline/View/deposit_Date'

2020-08-26 19:24:23 - [MESSAGE][INFO] - Unable to find the element located by 'By.xpath: //*[@data-id='button-link']//*[contains(text(),'Create New Voucher')]'. Please recheck the objects properties to make sure the desired element is located. 

2020-08-26 19:24:23 - [MESSAGE][WARNING] - Object 'Object Repository/FDR-Dashboard/createNewVoucherButton' is not present after 4 second(s)

2020-08-26 19:24:23 - [MESSAGE][PASSED] - Object 'Object Repository/FDR-Receipt/FDR-Receipt-Checkline/View/addReceipt_Button2' is present

2020-08-26 19:24:23 - [MESSAGE][PASSED] - Object: 'Object Repository/FDR-Receipt/FDR-Receipt-Checkline/View/addReceipt_Button2' is clicked on

2020-08-26 19:24:23 - [TEST_STEP][PASSED] - editors.createReceiptDistributionLine(servicedatefrom, servicedateto, amount, waiverType, waiverName, fundingSource, fundCode, fundRatio, nonFederalFund, serviceLocation, index, programType, serviceCategory, increaseDecreaseLine, accountId, altAccountId): Object: 'Object Repository/FDR-Receipt/FDR-Receipt-DistributionLine/FDR-AddEdit-DistributionLine/button_SaveClose' is clicked on

2020-08-26 19:24:24 - [MESSAGE][PASSED] - Object 'Object Repository/FDR-Receipt/FDR-Receipt-DistributionLine/FDR-AddEdit-DistributionLine/arrow_Down' is clickable

2020-08-26 19:24:24 - [MESSAGE][PASSED] - Object: 'Object Repository/FDR-Receipt/FDR-Receipt-DistributionLine/FDR-AddEdit-DistributionLine/arrow_Down' is clicked on

2020-08-26 19:24:25 - [MESSAGE][PASSED] - Object 'Object Repository/FDR-Receipt/FDR-Receipt-DistributionLine/FDR-AddEdit-DistributionLine/button_Add-Invoiceline' is present

2020-08-26 19:24:25 - [MESSAGE][PASSED] - Scroll to object 'Object Repository/FDR-Receipt/FDR-Receipt-DistributionLine/FDR-AddEdit-DistributionLine/button_Add-Invoiceline' successfully

2020-08-26 19:24:26 - [MESSAGE][PASSED] - Object 'Object Repository/FDR-Receipt/FDR-Receipt-DistributionLine/FDR-AddEdit-DistributionLine/button_Add-Invoiceline' is clickable

2020-08-26 19:24:26 - [MESSAGE][PASSED] - Object: 'Object Repository/FDR-Receipt/FDR-Receipt-DistributionLine/FDR-AddEdit-DistributionLine/button_Add-Invoiceline' is clicked on

2020-08-26 19:24:27 - [MESSAGE][PASSED] - Object 'Object Repository/FDR-Receipt/FDR-Receipt-DistributionLine/FDR-AddEdit-DistributionLine/invoice_Searchfield' is present

2020-08-26 19:24:27 - [MESSAGE][PASSED] - Keys 'MC' sent to object: 'Object Repository/FDR-Receipt/FDR-Receipt-DistributionLine/FDR-AddEdit-DistributionLine/invoice_Searchfield'

2020-08-26 19:24:28 - [MESSAGE][PASSED] - Object: 'Object Repository/FDR-Receipt/FDR-Receipt-DistributionLine/FDR-AddEdit-DistributionLine/button_Add_invoicemanually' is clicked on

2020-08-26 19:24:29 - [MESSAGE][PASSED] - Object 'Object Repository/FDR-Receipt/FDR-Receipt-DistributionLine/FDR-AddEdit-DistributionLine/input_Service date (from)' is present

2020-08-26 19:24:30 - [MESSAGE][PASSED] - Keys '08/27/2020' sent to object: 'Object Repository/FDR-Receipt/FDR-Receipt-DistributionLine/FDR-AddEdit-DistributionLine/input_Service date (from)'

2020-08-26 19:24:30 - [MESSAGE][PASSED] - Object 'Object Repository/FDR-Receipt/FDR-Receipt-DistributionLine/FDR-AddEdit-DistributionLine/input_Service date (to)' is present

2020-08-26 19:24:30 - [MESSAGE][PASSED] - Keys '08/28/2020' sent to object: 'Object Repository/FDR-Receipt/FDR-Receipt-DistributionLine/FDR-AddEdit-DistributionLine/input_Service date (to)'

2020-08-26 19:24:31 - [MESSAGE][PASSED] - Object 'Object Repository/FDR-Receipt/FDR-Receipt-DistributionLine/FDR-AddEdit-DistributionLine/input_Amount' is present

2020-08-26 19:24:31 - [MESSAGE][PASSED] - Keys '3000' sent to object: 'Object Repository/FDR-Receipt/FDR-Receipt-DistributionLine/FDR-AddEdit-DistributionLine/input_Amount'

2020-08-26 19:24:31 - [MESSAGE][PASSED] - Object 'Object Repository/FDR-Receipt/FDR-Receipt-DistributionLine/FDR-AddEdit-DistributionLine/waiver_Type' is present

2020-08-26 19:24:32 - [MESSAGE][PASSED] - Object 'Object Repository/FDR-Receipt/FDR-Receipt-DistributionLine/FDR-AddEdit-DistributionLine/waiver_Type' is present

2020-08-26 19:24:32 - [MESSAGE][PASSED] - Keys '2020' sent to object: 'Object Repository/FDR-Receipt/FDR-Receipt-DistributionLine/FDR-AddEdit-DistributionLine/waiver_Type'

2020-08-26 19:24:33 - [MESSAGE][PASSED] - Keys 'DOWN + ENTER + ' sent to object: 'Object Repository/FDR-Receipt/FDR-Receipt-DistributionLine/FDR-AddEdit-DistributionLine/waiver_Type'

2020-08-26 19:24:33 - [MESSAGE][PASSED] - Object 'Object Repository/FDR-Receipt/FDR-Receipt-DistributionLine/FDR-AddEdit-DistributionLine/waiver_Name' is present

2020-08-26 19:24:34 - [MESSAGE][PASSED] - Keys 'A-FamilyU TPM/GMC' sent to object: 'Object Repository/FDR-Receipt/FDR-Receipt-DistributionLine/FDR-AddEdit-DistributionLine/waiver_Name'

2020-08-26 19:24:34 - [MESSAGE][PASSED] - Keys 'DOWN + ENTER + ' sent to object: 'Object Repository/FDR-Receipt/FDR-Receipt-DistributionLine/FDR-AddEdit-DistributionLine/waiver_Name'

2020-08-26 19:24:35 - [MESSAGE][PASSED] - Object 'Object Repository/FDR-Receipt/FDR-Receipt-DistributionLine/FDR-AddEdit-DistributionLine/funding_Source' is present

2020-08-26 19:24:35 - [MESSAGE][PASSED] - Keys 'Dental' sent to object: 'Object Repository/FDR-Receipt/FDR-Receipt-DistributionLine/FDR-AddEdit-DistributionLine/funding_Source'

2020-08-26 19:24:36 - [MESSAGE][PASSED] - Keys 'DOWN + ENTER + ' sent to object: 'Object Repository/FDR-Receipt/FDR-Receipt-DistributionLine/FDR-AddEdit-DistributionLine/funding_Source'

2020-08-26 19:24:36 - [MESSAGE][PASSED] - Object 'Object Repository/FDR-Receipt/FDR-Receipt-DistributionLine/FDR-AddEdit-DistributionLine/fund_Code' is present

2020-08-26 19:24:36 - [MESSAGE][PASSED] - Keys 'Health Care Deposit Fund (0912)' sent to object: 'Object Repository/FDR-Receipt/FDR-Receipt-DistributionLine/FDR-AddEdit-DistributionLine/fund_Code'

2020-08-26 19:24:37 - [MESSAGE][PASSED] - Keys 'DOWN + ENTER + ' sent to object: 'Object Repository/FDR-Receipt/FDR-Receipt-DistributionLine/FDR-AddEdit-DistributionLine/fund_Code'

2020-08-26 19:24:37 - [MESSAGE][PASSED] - Object 'Object Repository/FDR-Receipt/FDR-Receipt-DistributionLine/FDR-AddEdit-DistributionLine/fund_Ratio' is present

2020-08-26 19:24:38 - [MESSAGE][PASSED] - Keys '5' sent to object: 'Object Repository/FDR-Receipt/FDR-Receipt-DistributionLine/FDR-AddEdit-DistributionLine/fund_Ratio'

2020-08-26 19:24:38 - [MESSAGE][PASSED] - Keys 'DOWN + ENTER + ' sent to object: 'Object Repository/FDR-Receipt/FDR-Receipt-DistributionLine/FDR-AddEdit-DistributionLine/fund_Ratio'

2020-08-26 19:24:39 - [MESSAGE][PASSED] - Object 'Object Repository/FDR-Receipt/FDR-Receipt-DistributionLine/FDR-AddEdit-DistributionLine/non_Federalfund' is present

2020-08-26 19:24:39 - [MESSAGE][PASSED] - Keys '0001' sent to object: 'Object Repository/FDR-Receipt/FDR-Receipt-DistributionLine/FDR-AddEdit-DistributionLine/non_Federalfund'

2020-08-26 19:24:40 - [MESSAGE][PASSED] - Keys 'DOWN + ENTER + ' sent to object: 'Object Repository/FDR-Receipt/FDR-Receipt-DistributionLine/FDR-AddEdit-DistributionLine/non_Federalfund'

2020-08-26 19:24:40 - [MESSAGE][PASSED] - Object 'Object Repository/FDR-Receipt/FDR-Receipt-DistributionLine/FDR-AddEdit-DistributionLine/inputAccountId' is present

2020-08-26 19:24:40 - [MESSAGE][PASSED] - Keys '5432000' sent to object: 'Object Repository/FDR-Receipt/FDR-Receipt-DistributionLine/FDR-AddEdit-DistributionLine/inputAccountId'

2020-08-26 19:24:41 - [MESSAGE][PASSED] - Keys 'DOWN + ENTER + ' sent to object: 'Object Repository/FDR-Receipt/FDR-Receipt-DistributionLine/FDR-AddEdit-DistributionLine/inputAccountId'

2020-08-26 19:24:42 - [MESSAGE][PASSED] - Object 'Object Repository/FDR-Receipt/FDR-Receipt-DistributionLine/FDR-AddEdit-DistributionLine/inputAltAccountId' is present

2020-08-26 19:24:42 - [MESSAGE][PASSED] - Keys '5432000019' sent to object: 'Object Repository/FDR-Receipt/FDR-Receipt-DistributionLine/FDR-AddEdit-DistributionLine/inputAltAccountId'

2020-08-26 19:24:43 - [MESSAGE][PASSED] - Keys 'DOWN + ENTER + ' sent to object: 'Object Repository/FDR-Receipt/FDR-Receipt-DistributionLine/FDR-AddEdit-DistributionLine/inputAltAccountId'

2020-08-26 19:24:43 - [MESSAGE][PASSED] - Object 'Object Repository/FDR-Receipt/FDR-Receipt-DistributionLine/FDR-AddEdit-DistributionLine/input_Service location_serviceLocation' is present

2020-08-26 19:24:43 - [MESSAGE][PASSED] - Keys '3445' sent to object: 'Object Repository/FDR-Receipt/FDR-Receipt-DistributionLine/FDR-AddEdit-DistributionLine/input_Service location_serviceLocation'

2020-08-26 19:24:44 - [MESSAGE][PASSED] - Keys 'DOWN + ENTER + ' sent to object: 'Object Repository/FDR-Receipt/FDR-Receipt-DistributionLine/FDR-AddEdit-DistributionLine/input_Service location_serviceLocation'

2020-08-26 19:24:44 - [MESSAGE][PASSED] - Object 'Object Repository/FDR-Receipt/FDR-Receipt-DistributionLine/FDR-AddEdit-DistributionLine/Index' is present

2020-08-26 19:24:44 - [MESSAGE][PASSED] - Keys '1155' sent to object: 'Object Repository/FDR-Receipt/FDR-Receipt-DistributionLine/FDR-AddEdit-DistributionLine/Index'

2020-08-26 19:24:45 - [MESSAGE][PASSED] - Keys 'DOWN + ENTER + ' sent to object: 'Object Repository/FDR-Receipt/FDR-Receipt-DistributionLine/FDR-AddEdit-DistributionLine/Index'

2020-08-26 19:24:45 - [MESSAGE][PASSED] - Object 'Object Repository/FDR-Receipt/FDR-Receipt-DistributionLine/FDR-AddEdit-DistributionLine/program_Type' is present

2020-08-26 19:24:46 - [MESSAGE][PASSED] - Keys 'Medical Assistance (MA)' sent to object: 'Object Repository/FDR-Receipt/FDR-Receipt-DistributionLine/FDR-AddEdit-DistributionLine/program_Type'

2020-08-26 19:24:46 - [MESSAGE][PASSED] - Keys 'DOWN + ENTER + ' sent to object: 'Object Repository/FDR-Receipt/FDR-Receipt-DistributionLine/FDR-AddEdit-DistributionLine/program_Type'

2020-08-26 19:24:47 - [MESSAGE][PASSED] - Object 'Object Repository/FDR-Receipt/FDR-Receipt-DistributionLine/FDR-AddEdit-DistributionLine/service_Category' is present

2020-08-26 19:24:47 - [MESSAGE][PASSED] - Keys '18B1' sent to object: 'Object Repository/FDR-Receipt/FDR-Receipt-DistributionLine/FDR-AddEdit-DistributionLine/service_Category'

2020-08-26 19:24:48 - [MESSAGE][PASSED] - Keys 'DOWN + ENTER + ' sent to object: 'Object Repository/FDR-Receipt/FDR-Receipt-DistributionLine/FDR-AddEdit-DistributionLine/service_Category'

2020-08-26 19:24:48 - [MESSAGE][PASSED] - Object 'Object Repository/FDR-Receipt/FDR-Receipt-DistributionLine/FDR-AddEdit-DistributionLine/increaseDecreaseLine' is present

2020-08-26 19:24:49 - [MESSAGE][PASSED] - Keys '10b: Receipts or any decrease' sent to object: 'Object Repository/FDR-Receipt/FDR-Receipt-DistributionLine/FDR-AddEdit-DistributionLine/increaseDecreaseLine'

2020-08-26 19:24:49 - [MESSAGE][PASSED] - Keys 'DOWN + ENTER + ' sent to object: 'Object Repository/FDR-Receipt/FDR-Receipt-DistributionLine/FDR-AddEdit-DistributionLine/increaseDecreaseLine'

2020-08-26 19:24:49 - [MESSAGE][PASSED] - Object 'Object Repository/FDR-Receipt/FDR-Receipt-DistributionLine/FDR-AddEdit-DistributionLine/button_SaveClose' is present

2020-08-26 19:24:50 - [MESSAGE][PASSED] - Object 'Object Repository/FDR-Receipt/FDR-Receipt-DistributionLine/FDR-AddEdit-DistributionLine/button_SaveClose' is clickable

2020-08-26 19:24:50 - [MESSAGE][PASSED] - Object: 'Object Repository/FDR-Receipt/FDR-Receipt-DistributionLine/FDR-AddEdit-DistributionLine/button_SaveClose' is clicked on

2020-08-26 19:24:50 - [TEST_STEP][PASSED] - buttonColor = getCSSValue(findTestObject("FDR-Receipt/FDR-ReceiptBatch/Fix/reviewButton"), "color"): Get CSS 'color' value on 'Object Repository/FDR-Receipt/FDR-ReceiptBatch/Fix/reviewButton' successfully: 'rgba(255, 255, 255, 1)'.

2020-08-26 19:24:51 - [MESSAGE][PASSED] - Get CSS 'color' value on 'Object Repository/FDR-Receipt/FDR-ReceiptBatch/Fix/reviewButton' successfully: 'rgba(255, 255, 255, 1)'.

2020-08-26 19:24:51 - [TEST_STEP][PASSED] - waitForElementPresent(findTestObject("FDR-Receipt/FDR-ReceiptBatch/Fix/reviewButton"), 5): Object 'Object Repository/FDR-Receipt/FDR-ReceiptBatch/Fix/reviewButton' is present

2020-08-26 19:24:52 - [MESSAGE][PASSED] - Object 'Object Repository/FDR-Receipt/FDR-ReceiptBatch/Fix/reviewButton' is present

2020-08-26 19:24:52 - [TEST_STEP][PASSED] - click(findTestObject("FDR-Receipt/FDR-ReceiptBatch/Fix/reviewButton")): Object: 'Object Repository/FDR-Receipt/FDR-ReceiptBatch/Fix/reviewButton' is clicked on

2020-08-26 19:24:52 - [MESSAGE][PASSED] - Object: 'Object Repository/FDR-Receipt/FDR-ReceiptBatch/Fix/reviewButton' is clicked on

2020-08-26 19:24:52 - [TEST_STEP][PASSED] - waitForElementPresent(findTestObject("FDR-Receipt/FDR-ReceiptBatch/PrintForms/buttonTransactionRequestPreview"), 2): Object 'Object Repository/FDR-Receipt/FDR-ReceiptBatch/PrintForms/buttonTransactionRequestPreview' is present

2020-08-26 19:24:53 - [MESSAGE][PASSED] - Object 'Object Repository/FDR-Receipt/FDR-ReceiptBatch/PrintForms/buttonTransactionRequestPreview' is present

2020-08-26 19:24:53 - [TEST_STEP][PASSED] - click(findTestObject("FDR-Receipt/FDR-ReceiptBatch/PrintForms/buttonTransactionRequestPreview")): Object: 'Object Repository/FDR-Receipt/FDR-ReceiptBatch/PrintForms/buttonTransactionRequestPreview' is clicked on

2020-08-26 19:24:53 - [MESSAGE][PASSED] - Object: 'Object Repository/FDR-Receipt/FDR-ReceiptBatch/PrintForms/buttonTransactionRequestPreview' is clicked on

2020-08-26 19:24:53 - [TEST_STEP][PASSED] - verifyElementPresent(findTestObject("FDR-Receipt/FDR-ReceiptBatch/PrintForms/titleTransactionRequestPreview"), 2): Object 'Object Repository/FDR-Receipt/FDR-ReceiptBatch/PrintForms/titleTransactionRequestPreview' is present

2020-08-26 19:24:54 - [MESSAGE][PASSED] - Object 'Object Repository/FDR-Receipt/FDR-ReceiptBatch/PrintForms/titleTransactionRequestPreview' is present

2020-08-26 19:24:54 - [TEST_STEP][PASSED] - Start listener action : sampleAfterTestCase: Browser is closed

2020-08-26 19:24:54 - [TEST_STEP][PASSED] - profileName = getExecutionProfile(): null

2020-08-26 19:24:54 - [TEST_STEP][PASSED] - switch (profileName): null

2020-08-26 19:24:54 - [TEST_STEP][PASSED] - if (!(skipBeforeAndAfterTestCase)): Browser is closed

2020-08-26 19:24:54 - [TEST_STEP][PASSED] - Uifunctions.logoutFDR(): Browser is closed

2020-08-26 19:24:54 - [MESSAGE][PASSED] - Browser is closed

2020-08-26 19:24:54 - [TEST_STEP][PASSED] - Start listener action : afterTestCase: null

2020-08-26 19:24:54 - [TEST_STEP][PASSED] - profileName = getExecutionProfile(): null

2020-08-26 19:24:54 - [TEST_STEP][PASSED] - if (profileName.equalsIgnoreCase("SysAdmin")): null

2020-08-26 19:24:54 - [TEST_STEP][PASSED] - Start listener action : sampleAfterTestCase: null

2020-08-26 19:24:54 - [TEST_STEP][PASSED] - profileName = getExecutionProfile(): null

2020-08-26 19:24:54 - [TEST_STEP][PASSED] - switch (profileName): null

2020-08-26 19:24:54 - [TEST_STEP][PASSED] - Default: null

2020-08-26 19:24:54 - [TEST_STEP][PASSED] - return null: null

2020-08-26 19:24:54 - [TEST_STEP][PASSED] - Start listener action : addFailedTCToList: null]]></system-out>
         <system-err><![CDATA[]]></system-err>
      </testcase>
      <testcase name="Test Cases/WEB-UI-TESTS/Receipt/FDR-Review-Print-Forms" time="81.708" classname="Test Cases/WEB-UI-TESTS/Receipt/FDR-Review-Print-Forms" status="PASSED">
         <system-out><![CDATA[2020-08-26 19:24:55 - [TEST_CASE][PASSED] - Test Cases/WEB-UI-TESTS/Receipt/FDR-Review-Print-Forms: Test Cases/WEB-UI-TESTS/Receipt/FDR-Review-Print-Forms

2020-08-26 19:24:55 - [TEST_STEP][PASSED] - Start listener action : sampleBeforeTestCase: Navigate to 'https://fdr-katalon.cammis-mod-dev.dhcs.ca.gov/dashboard' successfully

2020-08-26 19:24:55 - [TEST_STEP][PASSED] - profileName = getExecutionProfile(): null

2020-08-26 19:24:55 - [TEST_STEP][PASSED] - switch (profileName): null

2020-08-26 19:24:55 - [TEST_STEP][PASSED] - testCaseId = testCaseContext.getTestCaseId(): null

2020-08-26 19:24:55 - [TEST_STEP][PASSED] - if (!(skipBeforeAndAfterTestCase)): Navigate to 'https://fdr-katalon.cammis-mod-dev.dhcs.ca.gov/dashboard' successfully

2020-08-26 19:24:55 - [TEST_STEP][PASSED] - if (account7TestCases.contains(testCaseId)): Object: 'Object Repository/FDR-SignIn/SignInButton' is clicked on

2020-08-26 19:24:55 - [TEST_STEP][PASSED] - Uifunctions.loginFDR(accountsAdmin, accountsAdminPwd): Object: 'Object Repository/FDR-SignIn/SignInButton' is clicked on

2020-08-26 19:24:55 - [MESSAGE][INFO] - Starting 'Chrome' driver

2020-08-26 19:24:55 - [MESSAGE][INFO] - Action delay is set to 0 milliseconds

2020-08-26 19:24:58 - [MESSAGE][PASSED] - Browser is opened with url: ''

2020-08-26 19:25:00 - [MESSAGE][PASSED] - Current window maximized

2020-08-26 19:25:01 - [MESSAGE][PASSED] - Navigate to 'https://fdr-katalon.cammis-mod-dev.dhcs.ca.gov/dashboard' successfully

2020-08-26 19:25:03 - [MESSAGE][PASSED] - Object 'Object Repository/FDR-SignIn/SignInEmail' is present

2020-08-26 19:25:03 - [MESSAGE][PASSED] - Object: 'Object Repository/FDR-SignIn/SignInEmail' is clicked on

2020-08-26 19:25:03 - [MESSAGE][PASSED] - Object 'Object Repository/FDR-SignIn/SignInEmail' is present

2020-08-26 19:25:04 - [MESSAGE][PASSED] - Text 'fdr.test4@dhcs.ca.gov' is set on object 'Object Repository/FDR-SignIn/SignInEmail'

2020-08-26 19:25:04 - [MESSAGE][PASSED] - Object 'Object Repository/FDR-SignIn/SignInEmailNext' is visible

2020-08-26 19:25:04 - [MESSAGE][PASSED] - Object: 'Object Repository/FDR-SignIn/SignInEmailNext' is clicked on

2020-08-26 19:25:09 - [MESSAGE][PASSED] - Object 'Object Repository/FDR-SignIn/SignInEmailPassword' is visible

2020-08-26 19:25:09 - [MESSAGE][PASSED] - Object: 'Object Repository/FDR-SignIn/SignInEmailPassword' is clicked on

2020-08-26 19:25:09 - [MESSAGE][PASSED] - Text ****** has been set on object 'Object Repository/FDR-SignIn/SignInEmailPassword'

2020-08-26 19:25:11 - [MESSAGE][PASSED] - Object: 'Object Repository/FDR-SignIn/SignInButton' is clicked on

2020-08-26 19:25:11 - [TEST_STEP][PASSED] - navigateToUrl(URL): Navigate to 'https://fdr-katalon.cammis-mod-dev.dhcs.ca.gov/dashboard' successfully

2020-08-26 19:25:11 - [MESSAGE][PASSED] - Navigate to 'https://fdr-katalon.cammis-mod-dev.dhcs.ca.gov/dashboard' successfully

2020-08-26 19:25:11 - [TEST_STEP][PASSED] - Start listener action : beforeTestCase: null

2020-08-26 19:25:11 - [TEST_STEP][PASSED] - profileName = getExecutionProfile(): null

2020-08-26 19:25:11 - [TEST_STEP][PASSED] - if (profileName.equalsIgnoreCase("SysAdmin")): null

2020-08-26 19:25:11 - [TEST_STEP][PASSED] - Start listener action : sampleBeforeTestCase: null

2020-08-26 19:25:11 - [TEST_STEP][PASSED] - profileName = getExecutionProfile(): null

2020-08-26 19:25:11 - [TEST_STEP][PASSED] - testCaseId = testCaseContext.getTestCaseId(): null

2020-08-26 19:25:11 - [TEST_STEP][PASSED] - switch (profileName): null

2020-08-26 19:25:11 - [TEST_STEP][PASSED] - Default: null

2020-08-26 19:25:11 - [TEST_STEP][PASSED] - return null: null

2020-08-26 19:25:11 - [TEST_STEP][PASSED] - Start listener action : executeRows: null

2020-08-26 19:25:11 - [TEST_STEP][PASSED] - d = Date().plus(1): null

2020-08-26 19:25:11 - [TEST_STEP][PASSED] - dd = Date().plus(2): null

2020-08-26 19:25:11 - [TEST_STEP][PASSED] - servicedatefrom = d.format("MM/dd/yyyy"): null

2020-08-26 19:25:11 - [TEST_STEP][PASSED] - servicedateto = dd.format("MM/dd/yyyy"): null

2020-08-26 19:25:11 - [TEST_STEP][PASSED] - originalwarrantdate = dd.format("MM/dd/yyyy"): null

2020-08-26 19:25:11 - [TEST_STEP][PASSED] - waitForElementPresent(findTestObject("FDR-Receipt/FDR-Receipt-Dashboard/createNew_ReceiptBatch_Button"), 3): Object 'Object Repository/FDR-Receipt/FDR-Receipt-Dashboard/createNew_ReceiptBatch_Button' is present

2020-08-26 19:25:13 - [MESSAGE][PASSED] - Object 'Object Repository/FDR-Receipt/FDR-Receipt-Dashboard/createNew_ReceiptBatch_Button' is present

2020-08-26 19:25:13 - [TEST_STEP][PASSED] - click(findTestObject("FDR-Receipt/FDR-Receipt-Dashboard/createNew_ReceiptBatch_Button")): Object: 'Object Repository/FDR-Receipt/FDR-Receipt-Dashboard/createNew_ReceiptBatch_Button' is clicked on

2020-08-26 19:25:13 - [MESSAGE][PASSED] - Object: 'Object Repository/FDR-Receipt/FDR-Receipt-Dashboard/createNew_ReceiptBatch_Button' is clicked on

2020-08-26 19:25:13 - [TEST_STEP][PASSED] - waitForElementPresent(findTestObject("FDR-Dashboard/createNewVoucherButton"), 4): Object 'Object Repository/FDR-Dashboard/createNewVoucherButton' is not present after 4 second(s)

2020-08-26 19:25:20 - [MESSAGE][INFO] - Unable to find the element located by 'By.xpath: //*[@data-id='button-link']//*[contains(text(),'Create New Voucher')]'. Please recheck the objects properties to make sure the desired element is located. 

2020-08-26 19:25:20 - [MESSAGE][WARNING] - Object 'Object Repository/FDR-Dashboard/createNewVoucherButton' is not present after 4 second(s)

2020-08-26 19:25:20 - [TEST_STEP][PASSED] - waitForElementPresent(findTestObject("FDR-Receipt/FDR-Receipt-Header/View/inputDrawDate"), 3): Object 'Object Repository/FDR-Receipt/FDR-Receipt-Header/View/inputDrawDate' is present

2020-08-26 19:25:20 - [MESSAGE][PASSED] - Object 'Object Repository/FDR-Receipt/FDR-Receipt-Header/View/inputDrawDate' is present

2020-08-26 19:25:20 - [TEST_STEP][PASSED] - sendKeys(findTestObject("FDR-Receipt/FDR-Receipt-Header/View/inputDrawDate"), Drawdate): Keys '09/14/2020' sent to object: 'Object Repository/FDR-Receipt/FDR-Receipt-Header/View/inputDrawDate'

2020-08-26 19:25:21 - [MESSAGE][PASSED] - Keys '09/14/2020' sent to object: 'Object Repository/FDR-Receipt/FDR-Receipt-Header/View/inputDrawDate'

2020-08-26 19:25:21 - [TEST_STEP][PASSED] - waitForElementPresent(findTestObject("FDR-Receipt/FDR-Receipt-Header/Edit/payDate"), 3): Object 'Object Repository/FDR-Receipt/FDR-Receipt-Header/Edit/payDate' is present

2020-08-26 19:25:21 - [MESSAGE][PASSED] - Object 'Object Repository/FDR-Receipt/FDR-Receipt-Header/Edit/payDate' is present

2020-08-26 19:25:21 - [TEST_STEP][PASSED] - sendKeys(findTestObject("FDR-Receipt/FDR-Receipt-Header/Edit/payDate"), Paydate): Keys '09/16/2020' sent to object: 'Object Repository/FDR-Receipt/FDR-Receipt-Header/Edit/payDate'

2020-08-26 19:25:21 - [MESSAGE][PASSED] - Keys '09/16/2020' sent to object: 'Object Repository/FDR-Receipt/FDR-Receipt-Header/Edit/payDate'

2020-08-26 19:25:21 - [TEST_STEP][PASSED] - waitForElementPresent(findTestObject("FDR-Receipt/FDR-Receipt-Header/View/deposit ID"), 10): Object 'Object Repository/FDR-Receipt/FDR-Receipt-Header/View/deposit ID' is present

2020-08-26 19:25:22 - [MESSAGE][PASSED] - Object 'Object Repository/FDR-Receipt/FDR-Receipt-Header/View/deposit ID' is present

2020-08-26 19:25:22 - [TEST_STEP][PASSED] - depositId = RandomStringUtils.randomNumeric(7): null

2020-08-26 19:25:22 - [TEST_STEP][PASSED] - sendKeys(findTestObject("FDR-Receipt/FDR-Receipt-Header/View/deposit ID"), depositId): Keys '3358813' sent to object: 'Object Repository/FDR-Receipt/FDR-Receipt-Header/View/deposit ID'

2020-08-26 19:25:22 - [MESSAGE][PASSED] - Keys '3358813' sent to object: 'Object Repository/FDR-Receipt/FDR-Receipt-Header/View/deposit ID'

2020-08-26 19:25:22 - [TEST_STEP][PASSED] - waitForElementPresent(findTestObject("FDR-Receipt/FDR-ReceiptBatch/receiptNotes"), 10): Object 'Object Repository/FDR-Receipt/FDR-ReceiptBatch/receiptNotes' is present

2020-08-26 19:25:23 - [MESSAGE][PASSED] - Object 'Object Repository/FDR-Receipt/FDR-ReceiptBatch/receiptNotes' is present

2020-08-26 19:25:23 - [TEST_STEP][PASSED] - sendKeys(findTestObject("FDR-Receipt/FDR-ReceiptBatch/receiptNotes"), Receiptnotes): Keys 'rqewrq' sent to object: 'Object Repository/FDR-Receipt/FDR-ReceiptBatch/receiptNotes'

2020-08-26 19:25:23 - [MESSAGE][PASSED] - Keys 'rqewrq' sent to object: 'Object Repository/FDR-Receipt/FDR-ReceiptBatch/receiptNotes'

2020-08-26 19:25:23 - [TEST_STEP][PASSED] - sendKeys(findTestObject("FDR-Receipt/FDR-Receipt-Header/View/remittanceNo"), Remittance): Keys '1234' sent to object: 'Object Repository/FDR-Receipt/FDR-Receipt-Header/View/remittanceNo'

2020-08-26 19:25:24 - [MESSAGE][PASSED] - Keys '1234' sent to object: 'Object Repository/FDR-Receipt/FDR-Receipt-Header/View/remittanceNo'

2020-08-26 19:25:24 - [TEST_STEP][PASSED] - waitForElementPresent(findTestObject("FDR-Receipt/FDR-Receipt-Header/View/controllerNo"), 10): Object 'Object Repository/FDR-Receipt/FDR-Receipt-Header/View/controllerNo' is present

2020-08-26 19:25:24 - [MESSAGE][PASSED] - Object 'Object Repository/FDR-Receipt/FDR-Receipt-Header/View/controllerNo' is present

2020-08-26 19:25:24 - [TEST_STEP][PASSED] - sendKeys(findTestObject("FDR-Receipt/FDR-Receipt-Header/View/controllerNo"), Controller): Keys '4567' sent to object: 'Object Repository/FDR-Receipt/FDR-Receipt-Header/View/controllerNo'

2020-08-26 19:25:24 - [MESSAGE][PASSED] - Keys '4567' sent to object: 'Object Repository/FDR-Receipt/FDR-Receipt-Header/View/controllerNo'

2020-08-26 19:25:24 - [TEST_STEP][PASSED] - waitForElementPresent(findTestObject("FDR-Receipt/FDR-Receipt-Header/View/buttonNext"), 10): Object 'Object Repository/FDR-Receipt/FDR-Receipt-Header/View/buttonNext' is present

2020-08-26 19:25:25 - [MESSAGE][PASSED] - Object 'Object Repository/FDR-Receipt/FDR-Receipt-Header/View/buttonNext' is present

2020-08-26 19:25:25 - [TEST_STEP][PASSED] - click(findTestObject("FDR-Receipt/FDR-Receipt-Header/View/buttonNext")): Object: 'Object Repository/FDR-Receipt/FDR-Receipt-Header/View/buttonNext' is clicked on

2020-08-26 19:25:25 - [MESSAGE][PASSED] - Object: 'Object Repository/FDR-Receipt/FDR-Receipt-Header/View/buttonNext' is clicked on

2020-08-26 19:25:25 - [TEST_STEP][PASSED] - delay(2): Delayed 2 second(s)

2020-08-26 19:25:27 - [MESSAGE][PASSED] - Delayed 2 second(s)

2020-08-26 19:25:27 - [TEST_STEP][PASSED] - waitForElementPresent(findTestObject("FDR-Receipt/FDR-Receipt-Checkline/View/receipt_ID"), 10): Object 'Object Repository/FDR-Receipt/FDR-Receipt-Checkline/View/receipt_ID' is present

2020-08-26 19:25:28 - [MESSAGE][PASSED] - Object 'Object Repository/FDR-Receipt/FDR-Receipt-Checkline/View/receipt_ID' is present

2020-08-26 19:25:28 - [TEST_STEP][PASSED] - sendKeys(findTestObject("FDR-Receipt/FDR-Receipt-Checkline/View/receipt_ID"), ReceiptID): Keys 'CHK10322' sent to object: 'Object Repository/FDR-Receipt/FDR-Receipt-Checkline/View/receipt_ID'

2020-08-26 19:25:28 - [MESSAGE][PASSED] - Keys 'CHK10322' sent to object: 'Object Repository/FDR-Receipt/FDR-Receipt-Checkline/View/receipt_ID'

2020-08-26 19:25:28 - [TEST_STEP][PASSED] - waitForElementPresent(findTestObject("FDR-Receipt/FDR-Receipt-Checkline/View/supplier_Id"), 10): Object 'Object Repository/FDR-Receipt/FDR-Receipt-Checkline/View/supplier_Id' is present

2020-08-26 19:25:28 - [MESSAGE][PASSED] - Object 'Object Repository/FDR-Receipt/FDR-Receipt-Checkline/View/supplier_Id' is present

2020-08-26 19:25:28 - [TEST_STEP][PASSED] - sendKeys(findTestObject("FDR-Receipt/FDR-Receipt-Checkline/View/supplier_Id"), SupplierID): Keys '0000007954' sent to object: 'Object Repository/FDR-Receipt/FDR-Receipt-Checkline/View/supplier_Id'

2020-08-26 19:25:29 - [MESSAGE][PASSED] - Keys '0000007954' sent to object: 'Object Repository/FDR-Receipt/FDR-Receipt-Checkline/View/supplier_Id'

2020-08-26 19:25:29 - [TEST_STEP][PASSED] - sendKeys(findTestObject("FDR-Receipt/FDR-Receipt-Checkline/View/supplier_Id"), Keys.chord(DOWN, ENTER)): Keys 'DOWN + ENTER + ' sent to object: 'Object Repository/FDR-Receipt/FDR-Receipt-Checkline/View/supplier_Id'

2020-08-26 19:25:29 - [MESSAGE][PASSED] - Keys 'DOWN + ENTER + ' sent to object: 'Object Repository/FDR-Receipt/FDR-Receipt-Checkline/View/supplier_Id'

2020-08-26 19:25:29 - [TEST_STEP][PASSED] - waitForElementPresent(findTestObject("FDR-Receipt/FDR-Receipt-Checkline/View/deposit_Date"), 10): Object 'Object Repository/FDR-Receipt/FDR-Receipt-Checkline/View/deposit_Date' is present

2020-08-26 19:25:30 - [MESSAGE][PASSED] - Object 'Object Repository/FDR-Receipt/FDR-Receipt-Checkline/View/deposit_Date' is present

2020-08-26 19:25:30 - [TEST_STEP][PASSED] - sendKeys(findTestObject("FDR-Receipt/FDR-Receipt-Checkline/View/deposit_Date"), DepositDate): Keys '02/24/2020' sent to object: 'Object Repository/FDR-Receipt/FDR-Receipt-Checkline/View/deposit_Date'

2020-08-26 19:25:30 - [MESSAGE][PASSED] - Keys '02/24/2020' sent to object: 'Object Repository/FDR-Receipt/FDR-Receipt-Checkline/View/deposit_Date'

2020-08-26 19:25:30 - [TEST_STEP][PASSED] - waitForElementPresent(findTestObject("FDR-Receipt/FDR-Receipt-Checkline/View/addReceipt_Button2"), 10): Object 'Object Repository/FDR-Receipt/FDR-Receipt-Checkline/View/addReceipt_Button2' is present

2020-08-26 19:25:31 - [MESSAGE][PASSED] - Object 'Object Repository/FDR-Receipt/FDR-Receipt-Checkline/View/addReceipt_Button2' is present

2020-08-26 19:25:31 - [TEST_STEP][PASSED] - click(findTestObject("FDR-Receipt/FDR-Receipt-Checkline/View/addReceipt_Button2")): Object: 'Object Repository/FDR-Receipt/FDR-Receipt-Checkline/View/addReceipt_Button2' is clicked on

2020-08-26 19:25:31 - [MESSAGE][PASSED] - Object: 'Object Repository/FDR-Receipt/FDR-Receipt-Checkline/View/addReceipt_Button2' is clicked on

2020-08-26 19:25:31 - [TEST_STEP][PASSED] - verifyElementClickable(findTestObject("FDR-Receipt/FDR-Receipt-DistributionLine/FDR-AddEdit-DistributionLine/arrow_Down"), STOP_ON_FAILURE): Object 'Object Repository/FDR-Receipt/FDR-Receipt-DistributionLine/FDR-AddEdit-DistributionLine/arrow_Down' is clickable

2020-08-26 19:25:32 - [MESSAGE][PASSED] - Object 'Object Repository/FDR-Receipt/FDR-Receipt-DistributionLine/FDR-AddEdit-DistributionLine/arrow_Down' is clickable

2020-08-26 19:25:32 - [TEST_STEP][PASSED] - click(findTestObject("FDR-Receipt/FDR-Receipt-DistributionLine/FDR-AddEdit-DistributionLine/arrow_Down"), STOP_ON_FAILURE): Object: 'Object Repository/FDR-Receipt/FDR-Receipt-DistributionLine/FDR-AddEdit-DistributionLine/arrow_Down' is clicked on

2020-08-26 19:25:32 - [MESSAGE][PASSED] - Object: 'Object Repository/FDR-Receipt/FDR-Receipt-DistributionLine/FDR-AddEdit-DistributionLine/arrow_Down' is clicked on

2020-08-26 19:25:32 - [TEST_STEP][PASSED] - waitForElementPresent(findTestObject("FDR-Receipt/FDR-Receipt-DistributionLine/FDR-AddEdit-DistributionLine/button_Add-Invoiceline"), 10): Object 'Object Repository/FDR-Receipt/FDR-Receipt-DistributionLine/FDR-AddEdit-DistributionLine/button_Add-Invoiceline' is present

2020-08-26 19:25:33 - [MESSAGE][PASSED] - Object 'Object Repository/FDR-Receipt/FDR-Receipt-DistributionLine/FDR-AddEdit-DistributionLine/button_Add-Invoiceline' is present

2020-08-26 19:25:33 - [TEST_STEP][PASSED] - scrollToElement(findTestObject("FDR-Receipt/FDR-Receipt-DistributionLine/FDR-AddEdit-DistributionLine/button_Add-Invoiceline"), 3): Scroll to object 'Object Repository/FDR-Receipt/FDR-Receipt-DistributionLine/FDR-AddEdit-DistributionLine/button_Add-Invoiceline' successfully

2020-08-26 19:25:33 - [MESSAGE][PASSED] - Scroll to object 'Object Repository/FDR-Receipt/FDR-Receipt-DistributionLine/FDR-AddEdit-DistributionLine/button_Add-Invoiceline' successfully

2020-08-26 19:25:33 - [TEST_STEP][PASSED] - verifyElementClickable(findTestObject("FDR-Receipt/FDR-Receipt-DistributionLine/FDR-AddEdit-DistributionLine/button_Add-Invoiceline"), STOP_ON_FAILURE): Object 'Object Repository/FDR-Receipt/FDR-Receipt-DistributionLine/FDR-AddEdit-DistributionLine/button_Add-Invoiceline' is clickable

2020-08-26 19:25:33 - [MESSAGE][PASSED] - Object 'Object Repository/FDR-Receipt/FDR-Receipt-DistributionLine/FDR-AddEdit-DistributionLine/button_Add-Invoiceline' is clickable

2020-08-26 19:25:33 - [TEST_STEP][PASSED] - click(findTestObject("FDR-Receipt/FDR-Receipt-DistributionLine/FDR-AddEdit-DistributionLine/button_Add-Invoiceline"), STOP_ON_FAILURE): Object: 'Object Repository/FDR-Receipt/FDR-Receipt-DistributionLine/FDR-AddEdit-DistributionLine/button_Add-Invoiceline' is clicked on

2020-08-26 19:25:34 - [MESSAGE][PASSED] - Object: 'Object Repository/FDR-Receipt/FDR-Receipt-DistributionLine/FDR-AddEdit-DistributionLine/button_Add-Invoiceline' is clicked on

2020-08-26 19:25:34 - [TEST_STEP][PASSED] - waitForElementPresent(findTestObject("FDR-Receipt/FDR-Receipt-DistributionLine/FDR-AddEdit-DistributionLine/invoice_Searchfield"), 10): Object 'Object Repository/FDR-Receipt/FDR-Receipt-DistributionLine/FDR-AddEdit-DistributionLine/invoice_Searchfield' is present

2020-08-26 19:25:34 - [MESSAGE][PASSED] - Object 'Object Repository/FDR-Receipt/FDR-Receipt-DistributionLine/FDR-AddEdit-DistributionLine/invoice_Searchfield' is present

2020-08-26 19:25:34 - [TEST_STEP][PASSED] - sendKeys(findTestObject("FDR-Receipt/FDR-Receipt-DistributionLine/FDR-AddEdit-DistributionLine/invoice_Searchfield"), searchfield): Keys '524342' sent to object: 'Object Repository/FDR-Receipt/FDR-Receipt-DistributionLine/FDR-AddEdit-DistributionLine/invoice_Searchfield'

2020-08-26 19:25:35 - [MESSAGE][PASSED] - Keys '524342' sent to object: 'Object Repository/FDR-Receipt/FDR-Receipt-DistributionLine/FDR-AddEdit-DistributionLine/invoice_Searchfield'

2020-08-26 19:25:35 - [TEST_STEP][PASSED] - click(findTestObject("FDR-Receipt/FDR-Receipt-DistributionLine/FDR-AddEdit-DistributionLine/button_Add_invoicemanually")): Object: 'Object Repository/FDR-Receipt/FDR-Receipt-DistributionLine/FDR-AddEdit-DistributionLine/button_Add_invoicemanually' is clicked on

2020-08-26 19:25:36 - [MESSAGE][PASSED] - Object: 'Object Repository/FDR-Receipt/FDR-Receipt-DistributionLine/FDR-AddEdit-DistributionLine/button_Add_invoicemanually' is clicked on

2020-08-26 19:25:36 - [TEST_STEP][PASSED] - waitForElementPresent(findTestObject("FDR-Receipt/FDR-Receipt-DistributionLine/FDR-AddEdit-DistributionLine/input_Service date (from)"), 10): Object 'Object Repository/FDR-Receipt/FDR-Receipt-DistributionLine/FDR-AddEdit-DistributionLine/input_Service date (from)' is present

2020-08-26 19:25:37 - [MESSAGE][PASSED] - Object 'Object Repository/FDR-Receipt/FDR-Receipt-DistributionLine/FDR-AddEdit-DistributionLine/input_Service date (from)' is present

2020-08-26 19:25:37 - [TEST_STEP][PASSED] - sendKeys(findTestObject("FDR-Receipt/FDR-Receipt-DistributionLine/FDR-AddEdit-DistributionLine/input_Service date (from)"), servicedatefrom): Keys '08/27/2020' sent to object: 'Object Repository/FDR-Receipt/FDR-Receipt-DistributionLine/FDR-AddEdit-DistributionLine/input_Service date (from)'

2020-08-26 19:25:37 - [MESSAGE][PASSED] - Keys '08/27/2020' sent to object: 'Object Repository/FDR-Receipt/FDR-Receipt-DistributionLine/FDR-AddEdit-DistributionLine/input_Service date (from)'

2020-08-26 19:25:37 - [TEST_STEP][PASSED] - waitForElementPresent(findTestObject("FDR-Receipt/FDR-Receipt-DistributionLine/FDR-AddEdit-DistributionLine/input_Service date (to)"), 10): Object 'Object Repository/FDR-Receipt/FDR-Receipt-DistributionLine/FDR-AddEdit-DistributionLine/input_Service date (to)' is present

2020-08-26 19:25:37 - [MESSAGE][PASSED] - Object 'Object Repository/FDR-Receipt/FDR-Receipt-DistributionLine/FDR-AddEdit-DistributionLine/input_Service date (to)' is present

2020-08-26 19:25:37 - [TEST_STEP][PASSED] - sendKeys(findTestObject("FDR-Receipt/FDR-Receipt-DistributionLine/FDR-AddEdit-DistributionLine/input_Service date (to)"), servicedateto): Keys '08/28/2020' sent to object: 'Object Repository/FDR-Receipt/FDR-Receipt-DistributionLine/FDR-AddEdit-DistributionLine/input_Service date (to)'

2020-08-26 19:25:38 - [MESSAGE][PASSED] - Keys '08/28/2020' sent to object: 'Object Repository/FDR-Receipt/FDR-Receipt-DistributionLine/FDR-AddEdit-DistributionLine/input_Service date (to)'

2020-08-26 19:25:38 - [TEST_STEP][PASSED] - waitForElementPresent(findTestObject("FDR-Receipt/FDR-Receipt-DistributionLine/FDR-AddEdit-DistributionLine/input_OrginalWarrantDate"), 10): Object 'Object Repository/FDR-Receipt/FDR-Receipt-DistributionLine/FDR-AddEdit-DistributionLine/input_OrginalWarrantDate' is present

2020-08-26 19:25:38 - [MESSAGE][PASSED] - Object 'Object Repository/FDR-Receipt/FDR-Receipt-DistributionLine/FDR-AddEdit-DistributionLine/input_OrginalWarrantDate' is present

2020-08-26 19:25:38 - [TEST_STEP][PASSED] - sendKeys(findTestObject("FDR-Receipt/FDR-Receipt-DistributionLine/FDR-AddEdit-DistributionLine/input_OrginalWarrantDate"), originalwarrantdate): Keys '08/28/2020' sent to object: 'Object Repository/FDR-Receipt/FDR-Receipt-DistributionLine/FDR-AddEdit-DistributionLine/input_OrginalWarrantDate'

2020-08-26 19:25:39 - [MESSAGE][PASSED] - Keys '08/28/2020' sent to object: 'Object Repository/FDR-Receipt/FDR-Receipt-DistributionLine/FDR-AddEdit-DistributionLine/input_OrginalWarrantDate'

2020-08-26 19:25:39 - [TEST_STEP][PASSED] - waitForElementPresent(findTestObject("FDR-Receipt/FDR-Receipt-DistributionLine/FDR-AddEdit-DistributionLine/input_Amount"), 10): Object 'Object Repository/FDR-Receipt/FDR-Receipt-DistributionLine/FDR-AddEdit-DistributionLine/input_Amount' is present

2020-08-26 19:25:39 - [MESSAGE][PASSED] - Object 'Object Repository/FDR-Receipt/FDR-Receipt-DistributionLine/FDR-AddEdit-DistributionLine/input_Amount' is present

2020-08-26 19:25:39 - [TEST_STEP][PASSED] - sendKeys(findTestObject("FDR-Receipt/FDR-Receipt-DistributionLine/FDR-AddEdit-DistributionLine/input_Amount"), Amount): Keys '3000' sent to object: 'Object Repository/FDR-Receipt/FDR-Receipt-DistributionLine/FDR-AddEdit-DistributionLine/input_Amount'

2020-08-26 19:25:40 - [MESSAGE][PASSED] - Keys '3000' sent to object: 'Object Repository/FDR-Receipt/FDR-Receipt-DistributionLine/FDR-AddEdit-DistributionLine/input_Amount'

2020-08-26 19:25:40 - [TEST_STEP][PASSED] - waitForElementPresent(findTestObject("FDR-Receipt/FDR-Receipt-DistributionLine/FDR-AddEdit-DistributionLine/waiver_Type"), 10): Object 'Object Repository/FDR-Receipt/FDR-Receipt-DistributionLine/FDR-AddEdit-DistributionLine/waiver_Type' is present

2020-08-26 19:25:40 - [MESSAGE][PASSED] - Object 'Object Repository/FDR-Receipt/FDR-Receipt-DistributionLine/FDR-AddEdit-DistributionLine/waiver_Type' is present

2020-08-26 19:25:40 - [TEST_STEP][PASSED] - waitForElementPresent(findTestObject("FDR-Receipt/FDR-Receipt-DistributionLine/FDR-AddEdit-DistributionLine/waiver_Type"), 8): Object 'Object Repository/FDR-Receipt/FDR-Receipt-DistributionLine/FDR-AddEdit-DistributionLine/waiver_Type' is present

2020-08-26 19:25:40 - [MESSAGE][PASSED] - Object 'Object Repository/FDR-Receipt/FDR-Receipt-DistributionLine/FDR-AddEdit-DistributionLine/waiver_Type' is present

2020-08-26 19:25:40 - [TEST_STEP][PASSED] - sendKeys(findTestObject("FDR-Receipt/FDR-Receipt-DistributionLine/FDR-AddEdit-DistributionLine/waiver_Type"), Waivertype): Keys '2020' sent to object: 'Object Repository/FDR-Receipt/FDR-Receipt-DistributionLine/FDR-AddEdit-DistributionLine/waiver_Type'

2020-08-26 19:25:41 - [MESSAGE][PASSED] - Keys '2020' sent to object: 'Object Repository/FDR-Receipt/FDR-Receipt-DistributionLine/FDR-AddEdit-DistributionLine/waiver_Type'

2020-08-26 19:25:41 - [TEST_STEP][PASSED] - sendKeys(findTestObject("FDR-Receipt/FDR-Receipt-DistributionLine/FDR-AddEdit-DistributionLine/waiver_Type"), Keys.chord(DOWN, ENTER)): Keys 'DOWN + ENTER + ' sent to object: 'Object Repository/FDR-Receipt/FDR-Receipt-DistributionLine/FDR-AddEdit-DistributionLine/waiver_Type'

2020-08-26 19:25:41 - [MESSAGE][PASSED] - Keys 'DOWN + ENTER + ' sent to object: 'Object Repository/FDR-Receipt/FDR-Receipt-DistributionLine/FDR-AddEdit-DistributionLine/waiver_Type'

2020-08-26 19:25:41 - [TEST_STEP][PASSED] - waitForElementPresent(findTestObject("FDR-Receipt/FDR-Receipt-DistributionLine/FDR-AddEdit-DistributionLine/waiver_Name"), 6): Object 'Object Repository/FDR-Receipt/FDR-Receipt-DistributionLine/FDR-AddEdit-DistributionLine/waiver_Name' is present

2020-08-26 19:25:42 - [MESSAGE][PASSED] - Object 'Object Repository/FDR-Receipt/FDR-Receipt-DistributionLine/FDR-AddEdit-DistributionLine/waiver_Name' is present

2020-08-26 19:25:42 - [TEST_STEP][PASSED] - sendKeys(findTestObject("FDR-Receipt/FDR-Receipt-DistributionLine/FDR-AddEdit-DistributionLine/waiver_Name"), Waivername): Keys 'A-FamilyU TPM/GMC' sent to object: 'Object Repository/FDR-Receipt/FDR-Receipt-DistributionLine/FDR-AddEdit-DistributionLine/waiver_Name'

2020-08-26 19:25:42 - [MESSAGE][PASSED] - Keys 'A-FamilyU TPM/GMC' sent to object: 'Object Repository/FDR-Receipt/FDR-Receipt-DistributionLine/FDR-AddEdit-DistributionLine/waiver_Name'

2020-08-26 19:25:42 - [TEST_STEP][PASSED] - sendKeys(findTestObject("FDR-Receipt/FDR-Receipt-DistributionLine/FDR-AddEdit-DistributionLine/waiver_Name"), Keys.chord(DOWN, ENTER)): Keys 'DOWN + ENTER + ' sent to object: 'Object Repository/FDR-Receipt/FDR-Receipt-DistributionLine/FDR-AddEdit-DistributionLine/waiver_Name'

2020-08-26 19:25:43 - [MESSAGE][PASSED] - Keys 'DOWN + ENTER + ' sent to object: 'Object Repository/FDR-Receipt/FDR-Receipt-DistributionLine/FDR-AddEdit-DistributionLine/waiver_Name'

2020-08-26 19:25:43 - [TEST_STEP][PASSED] - waitForElementPresent(findTestObject("FDR-Receipt/FDR-Receipt-DistributionLine/FDR-AddEdit-DistributionLine/funding_Source"), 6): Object 'Object Repository/FDR-Receipt/FDR-Receipt-DistributionLine/FDR-AddEdit-DistributionLine/funding_Source' is present

2020-08-26 19:25:43 - [MESSAGE][PASSED] - Object 'Object Repository/FDR-Receipt/FDR-Receipt-DistributionLine/FDR-AddEdit-DistributionLine/funding_Source' is present

2020-08-26 19:25:43 - [TEST_STEP][PASSED] - sendKeys(findTestObject("FDR-Receipt/FDR-Receipt-DistributionLine/FDR-AddEdit-DistributionLine/funding_Source"), Fundingsource): Keys 'Dental' sent to object: 'Object Repository/FDR-Receipt/FDR-Receipt-DistributionLine/FDR-AddEdit-DistributionLine/funding_Source'

2020-08-26 19:25:44 - [MESSAGE][PASSED] - Keys 'Dental' sent to object: 'Object Repository/FDR-Receipt/FDR-Receipt-DistributionLine/FDR-AddEdit-DistributionLine/funding_Source'

2020-08-26 19:25:44 - [TEST_STEP][PASSED] - sendKeys(findTestObject("FDR-Receipt/FDR-Receipt-DistributionLine/FDR-AddEdit-DistributionLine/funding_Source"), Keys.chord(DOWN, ENTER)): Keys 'DOWN + ENTER + ' sent to object: 'Object Repository/FDR-Receipt/FDR-Receipt-DistributionLine/FDR-AddEdit-DistributionLine/funding_Source'

2020-08-26 19:25:44 - [MESSAGE][PASSED] - Keys 'DOWN + ENTER + ' sent to object: 'Object Repository/FDR-Receipt/FDR-Receipt-DistributionLine/FDR-AddEdit-DistributionLine/funding_Source'

2020-08-26 19:25:44 - [TEST_STEP][PASSED] - waitForElementPresent(findTestObject("FDR-Receipt/FDR-Receipt-DistributionLine/FDR-AddEdit-DistributionLine/fund_Code"), 30): Object 'Object Repository/FDR-Receipt/FDR-Receipt-DistributionLine/FDR-AddEdit-DistributionLine/fund_Code' is present

2020-08-26 19:25:44 - [MESSAGE][PASSED] - Object 'Object Repository/FDR-Receipt/FDR-Receipt-DistributionLine/FDR-AddEdit-DistributionLine/fund_Code' is present

2020-08-26 19:25:44 - [TEST_STEP][PASSED] - sendKeys(findTestObject("FDR-Receipt/FDR-Receipt-DistributionLine/FDR-AddEdit-DistributionLine/fund_Code"), Fundcode): Keys 'Health Care Deposit Fund (0912)' sent to object: 'Object Repository/FDR-Receipt/FDR-Receipt-DistributionLine/FDR-AddEdit-DistributionLine/fund_Code'

2020-08-26 19:25:45 - [MESSAGE][PASSED] - Keys 'Health Care Deposit Fund (0912)' sent to object: 'Object Repository/FDR-Receipt/FDR-Receipt-DistributionLine/FDR-AddEdit-DistributionLine/fund_Code'

2020-08-26 19:25:45 - [TEST_STEP][PASSED] - sendKeys(findTestObject("FDR-Receipt/FDR-Receipt-DistributionLine/FDR-AddEdit-DistributionLine/fund_Code"), Keys.chord(DOWN, ENTER)): Keys 'DOWN + ENTER + ' sent to object: 'Object Repository/FDR-Receipt/FDR-Receipt-DistributionLine/FDR-AddEdit-DistributionLine/fund_Code'

2020-08-26 19:25:45 - [MESSAGE][PASSED] - Keys 'DOWN + ENTER + ' sent to object: 'Object Repository/FDR-Receipt/FDR-Receipt-DistributionLine/FDR-AddEdit-DistributionLine/fund_Code'

2020-08-26 19:25:45 - [TEST_STEP][PASSED] - waitForElementPresent(findTestObject("FDR-Receipt/FDR-Receipt-DistributionLine/FDR-AddEdit-DistributionLine/fund_Ratio"), 10): Object 'Object Repository/FDR-Receipt/FDR-Receipt-DistributionLine/FDR-AddEdit-DistributionLine/fund_Ratio' is present

2020-08-26 19:25:46 - [MESSAGE][PASSED] - Object 'Object Repository/FDR-Receipt/FDR-Receipt-DistributionLine/FDR-AddEdit-DistributionLine/fund_Ratio' is present

2020-08-26 19:25:46 - [TEST_STEP][PASSED] - sendKeys(findTestObject("FDR-Receipt/FDR-Receipt-DistributionLine/FDR-AddEdit-DistributionLine/fund_Ratio"), Fundratio): Keys '5' sent to object: 'Object Repository/FDR-Receipt/FDR-Receipt-DistributionLine/FDR-AddEdit-DistributionLine/fund_Ratio'

2020-08-26 19:25:46 - [MESSAGE][PASSED] - Keys '5' sent to object: 'Object Repository/FDR-Receipt/FDR-Receipt-DistributionLine/FDR-AddEdit-DistributionLine/fund_Ratio'

2020-08-26 19:25:46 - [TEST_STEP][PASSED] - sendKeys(findTestObject("FDR-Receipt/FDR-Receipt-DistributionLine/FDR-AddEdit-DistributionLine/fund_Ratio"), Keys.chord(DOWN, ENTER)): Keys 'DOWN + ENTER + ' sent to object: 'Object Repository/FDR-Receipt/FDR-Receipt-DistributionLine/FDR-AddEdit-DistributionLine/fund_Ratio'

2020-08-26 19:25:47 - [MESSAGE][PASSED] - Keys 'DOWN + ENTER + ' sent to object: 'Object Repository/FDR-Receipt/FDR-Receipt-DistributionLine/FDR-AddEdit-DistributionLine/fund_Ratio'

2020-08-26 19:25:47 - [TEST_STEP][PASSED] - waitForElementPresent(findTestObject("FDR-Receipt/FDR-Receipt-DistributionLine/FDR-AddEdit-DistributionLine/non_Federalfund"), 10): Object 'Object Repository/FDR-Receipt/FDR-Receipt-DistributionLine/FDR-AddEdit-DistributionLine/non_Federalfund' is present

2020-08-26 19:25:47 - [MESSAGE][PASSED] - Object 'Object Repository/FDR-Receipt/FDR-Receipt-DistributionLine/FDR-AddEdit-DistributionLine/non_Federalfund' is present

2020-08-26 19:25:47 - [TEST_STEP][PASSED] - sendKeys(findTestObject("FDR-Receipt/FDR-Receipt-DistributionLine/FDR-AddEdit-DistributionLine/non_Federalfund"), Nonfederalfund): Keys '0001' sent to object: 'Object Repository/FDR-Receipt/FDR-Receipt-DistributionLine/FDR-AddEdit-DistributionLine/non_Federalfund'

2020-08-26 19:25:48 - [MESSAGE][PASSED] - Keys '0001' sent to object: 'Object Repository/FDR-Receipt/FDR-Receipt-DistributionLine/FDR-AddEdit-DistributionLine/non_Federalfund'

2020-08-26 19:25:48 - [TEST_STEP][PASSED] - sendKeys(findTestObject("FDR-Receipt/FDR-Receipt-DistributionLine/FDR-AddEdit-DistributionLine/non_Federalfund"), Keys.chord(DOWN, ENTER)): Keys 'DOWN + ENTER + ' sent to object: 'Object Repository/FDR-Receipt/FDR-Receipt-DistributionLine/FDR-AddEdit-DistributionLine/non_Federalfund'

2020-08-26 19:25:48 - [MESSAGE][PASSED] - Keys 'DOWN + ENTER + ' sent to object: 'Object Repository/FDR-Receipt/FDR-Receipt-DistributionLine/FDR-AddEdit-DistributionLine/non_Federalfund'

2020-08-26 19:25:48 - [TEST_STEP][PASSED] - waitForElementPresent(findTestObject("FDR-Receipt/FDR-Receipt-DistributionLine/FDR-AddEdit-DistributionLine/input_Service location_serviceLocation"), 10): Object 'Object Repository/FDR-Receipt/FDR-Receipt-DistributionLine/FDR-AddEdit-DistributionLine/input_Service location_serviceLocation' is present

2020-08-26 19:25:49 - [MESSAGE][PASSED] - Object 'Object Repository/FDR-Receipt/FDR-Receipt-DistributionLine/FDR-AddEdit-DistributionLine/input_Service location_serviceLocation' is present

2020-08-26 19:25:49 - [TEST_STEP][PASSED] - sendKeys(findTestObject("FDR-Receipt/FDR-Receipt-DistributionLine/FDR-AddEdit-DistributionLine/input_Service location_serviceLocation"), Servicelocation): Keys '3445' sent to object: 'Object Repository/FDR-Receipt/FDR-Receipt-DistributionLine/FDR-AddEdit-DistributionLine/input_Service location_serviceLocation'

2020-08-26 19:25:49 - [MESSAGE][PASSED] - Keys '3445' sent to object: 'Object Repository/FDR-Receipt/FDR-Receipt-DistributionLine/FDR-AddEdit-DistributionLine/input_Service location_serviceLocation'

2020-08-26 19:25:49 - [TEST_STEP][PASSED] - sendKeys(findTestObject("FDR-Receipt/FDR-Receipt-DistributionLine/FDR-AddEdit-DistributionLine/input_Service location_serviceLocation"), Keys.chord(DOWN, ENTER)): Keys 'DOWN + ENTER + ' sent to object: 'Object Repository/FDR-Receipt/FDR-Receipt-DistributionLine/FDR-AddEdit-DistributionLine/input_Service location_serviceLocation'

2020-08-26 19:25:49 - [MESSAGE][PASSED] - Keys 'DOWN + ENTER + ' sent to object: 'Object Repository/FDR-Receipt/FDR-Receipt-DistributionLine/FDR-AddEdit-DistributionLine/input_Service location_serviceLocation'

2020-08-26 19:25:49 - [TEST_STEP][PASSED] - waitForElementPresent(findTestObject("FDR-Receipt/FDR-Receipt-DistributionLine/FDR-AddEdit-DistributionLine/Index"), 10): Object 'Object Repository/FDR-Receipt/FDR-Receipt-DistributionLine/FDR-AddEdit-DistributionLine/Index' is present

2020-08-26 19:25:50 - [MESSAGE][PASSED] - Object 'Object Repository/FDR-Receipt/FDR-Receipt-DistributionLine/FDR-AddEdit-DistributionLine/Index' is present

2020-08-26 19:25:50 - [TEST_STEP][PASSED] - sendKeys(findTestObject("FDR-Receipt/FDR-Receipt-DistributionLine/FDR-AddEdit-DistributionLine/Index"), Index): Keys '1155' sent to object: 'Object Repository/FDR-Receipt/FDR-Receipt-DistributionLine/FDR-AddEdit-DistributionLine/Index'

2020-08-26 19:25:50 - [MESSAGE][PASSED] - Keys '1155' sent to object: 'Object Repository/FDR-Receipt/FDR-Receipt-DistributionLine/FDR-AddEdit-DistributionLine/Index'

2020-08-26 19:25:50 - [TEST_STEP][PASSED] - sendKeys(findTestObject("FDR-Receipt/FDR-Receipt-DistributionLine/FDR-AddEdit-DistributionLine/Index"), Keys.chord(DOWN, ENTER)): Keys 'DOWN + ENTER + ' sent to object: 'Object Repository/FDR-Receipt/FDR-Receipt-DistributionLine/FDR-AddEdit-DistributionLine/Index'

2020-08-26 19:25:51 - [MESSAGE][PASSED] - Keys 'DOWN + ENTER + ' sent to object: 'Object Repository/FDR-Receipt/FDR-Receipt-DistributionLine/FDR-AddEdit-DistributionLine/Index'

2020-08-26 19:25:51 - [TEST_STEP][PASSED] - waitForElementPresent(findTestObject("FDR-Receipt/FDR-Receipt-DistributionLine/FDR-AddEdit-DistributionLine/program_Type"), 10): Object 'Object Repository/FDR-Receipt/FDR-Receipt-DistributionLine/FDR-AddEdit-DistributionLine/program_Type' is present

2020-08-26 19:25:51 - [MESSAGE][PASSED] - Object 'Object Repository/FDR-Receipt/FDR-Receipt-DistributionLine/FDR-AddEdit-DistributionLine/program_Type' is present

2020-08-26 19:25:51 - [TEST_STEP][PASSED] - sendKeys(findTestObject("FDR-Receipt/FDR-Receipt-DistributionLine/FDR-AddEdit-DistributionLine/program_Type"), Programtype): Keys 'Medical Assistance (MA)' sent to object: 'Object Repository/FDR-Receipt/FDR-Receipt-DistributionLine/FDR-AddEdit-DistributionLine/program_Type'

2020-08-26 19:25:51 - [MESSAGE][PASSED] - Keys 'Medical Assistance (MA)' sent to object: 'Object Repository/FDR-Receipt/FDR-Receipt-DistributionLine/FDR-AddEdit-DistributionLine/program_Type'

2020-08-26 19:25:51 - [TEST_STEP][PASSED] - sendKeys(findTestObject("FDR-Receipt/FDR-Receipt-DistributionLine/FDR-AddEdit-DistributionLine/program_Type"), Keys.chord(DOWN, ENTER)): Keys 'DOWN + ENTER + ' sent to object: 'Object Repository/FDR-Receipt/FDR-Receipt-DistributionLine/FDR-AddEdit-DistributionLine/program_Type'

2020-08-26 19:25:52 - [MESSAGE][PASSED] - Keys 'DOWN + ENTER + ' sent to object: 'Object Repository/FDR-Receipt/FDR-Receipt-DistributionLine/FDR-AddEdit-DistributionLine/program_Type'

2020-08-26 19:25:52 - [TEST_STEP][PASSED] - waitForElementPresent(findTestObject("FDR-Receipt/FDR-Receipt-DistributionLine/FDR-AddEdit-DistributionLine/service_Category"), 10): Object 'Object Repository/FDR-Receipt/FDR-Receipt-DistributionLine/FDR-AddEdit-DistributionLine/service_Category' is present

2020-08-26 19:25:52 - [MESSAGE][PASSED] - Object 'Object Repository/FDR-Receipt/FDR-Receipt-DistributionLine/FDR-AddEdit-DistributionLine/service_Category' is present

2020-08-26 19:25:52 - [TEST_STEP][PASSED] - sendKeys(findTestObject("FDR-Receipt/FDR-Receipt-DistributionLine/FDR-AddEdit-DistributionLine/service_Category"), Servicecategory): Keys '18B1' sent to object: 'Object Repository/FDR-Receipt/FDR-Receipt-DistributionLine/FDR-AddEdit-DistributionLine/service_Category'

2020-08-26 19:25:53 - [MESSAGE][PASSED] - Keys '18B1' sent to object: 'Object Repository/FDR-Receipt/FDR-Receipt-DistributionLine/FDR-AddEdit-DistributionLine/service_Category'

2020-08-26 19:25:53 - [TEST_STEP][PASSED] - sendKeys(findTestObject("FDR-Receipt/FDR-Receipt-DistributionLine/FDR-AddEdit-DistributionLine/service_Category"), Keys.chord(DOWN, ENTER)): Keys 'DOWN + ENTER + ' sent to object: 'Object Repository/FDR-Receipt/FDR-Receipt-DistributionLine/FDR-AddEdit-DistributionLine/service_Category'

2020-08-26 19:25:53 - [MESSAGE][PASSED] - Keys 'DOWN + ENTER + ' sent to object: 'Object Repository/FDR-Receipt/FDR-Receipt-DistributionLine/FDR-AddEdit-DistributionLine/service_Category'

2020-08-26 19:25:53 - [TEST_STEP][PASSED] - waitForElementPresent(findTestObject("FDR-Receipt/FDR-Receipt-DistributionLine/FDR-AddEdit-DistributionLine/increaseDecreaseLine"), 10): Object 'Object Repository/FDR-Receipt/FDR-Receipt-DistributionLine/FDR-AddEdit-DistributionLine/increaseDecreaseLine' is present

2020-08-26 19:25:54 - [MESSAGE][PASSED] - Object 'Object Repository/FDR-Receipt/FDR-Receipt-DistributionLine/FDR-AddEdit-DistributionLine/increaseDecreaseLine' is present

2020-08-26 19:25:54 - [TEST_STEP][PASSED] - sendKeys(findTestObject("FDR-Receipt/FDR-Receipt-DistributionLine/FDR-AddEdit-DistributionLine/increaseDecreaseLine"), IncreaseDecreaseLine): Keys '10b: Receipts or any decrease' sent to object: 'Object Repository/FDR-Receipt/FDR-Receipt-DistributionLine/FDR-AddEdit-DistributionLine/increaseDecreaseLine'

2020-08-26 19:25:54 - [MESSAGE][PASSED] - Keys '10b: Receipts or any decrease' sent to object: 'Object Repository/FDR-Receipt/FDR-Receipt-DistributionLine/FDR-AddEdit-DistributionLine/increaseDecreaseLine'

2020-08-26 19:25:54 - [TEST_STEP][PASSED] - sendKeys(findTestObject("FDR-Receipt/FDR-Receipt-DistributionLine/FDR-AddEdit-DistributionLine/increaseDecreaseLine"), Keys.chord(ARROW_DOWN, ENTER)): Keys 'DOWN + ENTER + ' sent to object: 'Object Repository/FDR-Receipt/FDR-Receipt-DistributionLine/FDR-AddEdit-DistributionLine/increaseDecreaseLine'

2020-08-26 19:25:55 - [MESSAGE][PASSED] - Keys 'DOWN + ENTER + ' sent to object: 'Object Repository/FDR-Receipt/FDR-Receipt-DistributionLine/FDR-AddEdit-DistributionLine/increaseDecreaseLine'

2020-08-26 19:25:55 - [TEST_STEP][PASSED] - waitForElementPresent(findTestObject("FDR-Receipt/FDR-Receipt-DistributionLine/FDR-AddEdit-DistributionLine/input_accountId"), 2, STOP_ON_FAILURE): Object 'Object Repository/FDR-Receipt/FDR-Receipt-DistributionLine/FDR-AddEdit-DistributionLine/input_accountId' is present

2020-08-26 19:25:55 - [MESSAGE][PASSED] - Object 'Object Repository/FDR-Receipt/FDR-Receipt-DistributionLine/FDR-AddEdit-DistributionLine/input_accountId' is present

2020-08-26 19:25:55 - [TEST_STEP][PASSED] - sendKeys(findTestObject("FDR-Receipt/FDR-Receipt-DistributionLine/FDR-AddEdit-DistributionLine/input_accountId"), accountId + Keys.chord(ARROW_DOWN, ENTER)): Keys 'DOWN + ENTER + 5432000' sent to object: 'Object Repository/FDR-Receipt/FDR-Receipt-DistributionLine/FDR-AddEdit-DistributionLine/input_accountId'

2020-08-26 19:25:56 - [MESSAGE][PASSED] - Keys 'DOWN + ENTER + 5432000' sent to object: 'Object Repository/FDR-Receipt/FDR-Receipt-DistributionLine/FDR-AddEdit-DistributionLine/input_accountId'

2020-08-26 19:25:56 - [TEST_STEP][PASSED] - waitForElementPresent(findTestObject("FDR-Receipt/FDR-Receipt-DistributionLine/FDR-AddEdit-DistributionLine/input_altAccountId"), 2, STOP_ON_FAILURE): Object 'Object Repository/FDR-Receipt/FDR-Receipt-DistributionLine/FDR-AddEdit-DistributionLine/input_altAccountId' is present

2020-08-26 19:25:56 - [MESSAGE][PASSED] - Object 'Object Repository/FDR-Receipt/FDR-Receipt-DistributionLine/FDR-AddEdit-DistributionLine/input_altAccountId' is present

2020-08-26 19:25:56 - [TEST_STEP][PASSED] - sendKeys(findTestObject("FDR-Receipt/FDR-Receipt-DistributionLine/FDR-AddEdit-DistributionLine/input_altAccountId"), altAccountId): Keys '5432000019' sent to object: 'Object Repository/FDR-Receipt/FDR-Receipt-DistributionLine/FDR-AddEdit-DistributionLine/input_altAccountId'

2020-08-26 19:25:57 - [MESSAGE][PASSED] - Keys '5432000019' sent to object: 'Object Repository/FDR-Receipt/FDR-Receipt-DistributionLine/FDR-AddEdit-DistributionLine/input_altAccountId'

2020-08-26 19:25:57 - [TEST_STEP][PASSED] - sendKeys(findTestObject("FDR-Receipt/FDR-Receipt-DistributionLine/FDR-AddEdit-DistributionLine/input_altAccountId"), Keys.chord(ARROW_DOWN, ENTER)): Keys 'DOWN + ENTER + ' sent to object: 'Object Repository/FDR-Receipt/FDR-Receipt-DistributionLine/FDR-AddEdit-DistributionLine/input_altAccountId'

2020-08-26 19:25:57 - [MESSAGE][PASSED] - Keys 'DOWN + ENTER + ' sent to object: 'Object Repository/FDR-Receipt/FDR-Receipt-DistributionLine/FDR-AddEdit-DistributionLine/input_altAccountId'

2020-08-26 19:25:57 - [TEST_STEP][PASSED] - waitForElementPresent(findTestObject("FDR-Receipt/FDR-Receipt-DistributionLine/FDR-AddEdit-DistributionLine/button_SaveClose"), 10): Object 'Object Repository/FDR-Receipt/FDR-Receipt-DistributionLine/FDR-AddEdit-DistributionLine/button_SaveClose' is present

2020-08-26 19:25:58 - [MESSAGE][PASSED] - Object 'Object Repository/FDR-Receipt/FDR-Receipt-DistributionLine/FDR-AddEdit-DistributionLine/button_SaveClose' is present

2020-08-26 19:25:58 - [TEST_STEP][PASSED] - waitForElementClickable(findTestObject("FDR-Receipt/FDR-Receipt-DistributionLine/FDR-AddEdit-DistributionLine/button_SaveClose"), 10): Object 'Object Repository/FDR-Receipt/FDR-Receipt-DistributionLine/FDR-AddEdit-DistributionLine/button_SaveClose' is clickable

2020-08-26 19:25:58 - [MESSAGE][PASSED] - Object 'Object Repository/FDR-Receipt/FDR-Receipt-DistributionLine/FDR-AddEdit-DistributionLine/button_SaveClose' is clickable

2020-08-26 19:25:58 - [TEST_STEP][PASSED] - click(findTestObject("FDR-Receipt/FDR-Receipt-DistributionLine/FDR-AddEdit-DistributionLine/button_SaveClose")): Object: 'Object Repository/FDR-Receipt/FDR-Receipt-DistributionLine/FDR-AddEdit-DistributionLine/button_SaveClose' is clicked on

2020-08-26 19:25:58 - [MESSAGE][PASSED] - Object: 'Object Repository/FDR-Receipt/FDR-Receipt-DistributionLine/FDR-AddEdit-DistributionLine/button_SaveClose' is clicked on

2020-08-26 19:25:58 - [TEST_STEP][PASSED] - waitForElementPresent(findTestObject("FDR-Receipt/FDR-ReceiptBatch/Fix/reviewButton"), 5): Object 'Object Repository/FDR-Receipt/FDR-ReceiptBatch/Fix/reviewButton' is present

2020-08-26 19:25:59 - [MESSAGE][PASSED] - Object 'Object Repository/FDR-Receipt/FDR-ReceiptBatch/Fix/reviewButton' is present

2020-08-26 19:25:59 - [TEST_STEP][PASSED] - click(findTestObject("FDR-Receipt/FDR-ReceiptBatch/Fix/reviewButton")): Object: 'Object Repository/FDR-Receipt/FDR-ReceiptBatch/Fix/reviewButton' is clicked on

2020-08-26 19:26:00 - [MESSAGE][PASSED] - Object: 'Object Repository/FDR-Receipt/FDR-ReceiptBatch/Fix/reviewButton' is clicked on

2020-08-26 19:26:00 - [TEST_STEP][PASSED] - waitForElementPresent(findTestObject("FDR-Receipt/FDR-ReceiptBatch/Review-Receipt/previewTROthers"), 2, STOP_ON_FAILURE): Object 'Object Repository/FDR-Receipt/FDR-ReceiptBatch/Review-Receipt/previewTROthers' is present

2020-08-26 19:26:01 - [MESSAGE][PASSED] - Object 'Object Repository/FDR-Receipt/FDR-ReceiptBatch/Review-Receipt/previewTROthers' is present

2020-08-26 19:26:01 - [TEST_STEP][PASSED] - click(findTestObject("FDR-Receipt/FDR-ReceiptBatch/Review-Receipt/previewTROthers")): Object: 'Object Repository/FDR-Receipt/FDR-ReceiptBatch/Review-Receipt/previewTROthers' is clicked on

2020-08-26 19:26:01 - [MESSAGE][PASSED] - Object: 'Object Repository/FDR-Receipt/FDR-ReceiptBatch/Review-Receipt/previewTROthers' is clicked on

2020-08-26 19:26:01 - [TEST_STEP][PASSED] - waitForElementPresent(findTestObject("FDR-Receipt/FDR-ReceiptBatch/Review-Receipt/closePreview"), 2): Object 'Object Repository/FDR-Receipt/FDR-ReceiptBatch/Review-Receipt/closePreview' is present

2020-08-26 19:26:02 - [MESSAGE][PASSED] - Object 'Object Repository/FDR-Receipt/FDR-ReceiptBatch/Review-Receipt/closePreview' is present

2020-08-26 19:26:02 - [TEST_STEP][PASSED] - click(findTestObject("FDR-Receipt/FDR-ReceiptBatch/Review-Receipt/closePreview")): Object: 'Object Repository/FDR-Receipt/FDR-ReceiptBatch/Review-Receipt/closePreview' is clicked on

2020-08-26 19:26:02 - [MESSAGE][PASSED] - Object: 'Object Repository/FDR-Receipt/FDR-ReceiptBatch/Review-Receipt/closePreview' is clicked on

2020-08-26 19:26:02 - [TEST_STEP][PASSED] - waitForElementPresent(findTestObject("FDR-Receipt/FDR-ReceiptBatch/Review-Receipt/previewTRHQAF"), 2, STOP_ON_FAILURE): Object 'Object Repository/FDR-Receipt/FDR-ReceiptBatch/Review-Receipt/previewTRHQAF' is present

2020-08-26 19:26:03 - [MESSAGE][PASSED] - Object 'Object Repository/FDR-Receipt/FDR-ReceiptBatch/Review-Receipt/previewTRHQAF' is present

2020-08-26 19:26:03 - [TEST_STEP][PASSED] - click(findTestObject("FDR-Receipt/FDR-ReceiptBatch/Review-Receipt/previewTRHQAF")): Object: 'Object Repository/FDR-Receipt/FDR-ReceiptBatch/Review-Receipt/previewTRHQAF' is clicked on

2020-08-26 19:26:03 - [MESSAGE][PASSED] - Object: 'Object Repository/FDR-Receipt/FDR-ReceiptBatch/Review-Receipt/previewTRHQAF' is clicked on

2020-08-26 19:26:03 - [TEST_STEP][PASSED] - waitForElementPresent(findTestObject("FDR-Receipt/FDR-ReceiptBatch/Review-Receipt/closePreview"), 2): Object 'Object Repository/FDR-Receipt/FDR-ReceiptBatch/Review-Receipt/closePreview' is present

2020-08-26 19:26:04 - [MESSAGE][PASSED] - Object 'Object Repository/FDR-Receipt/FDR-ReceiptBatch/Review-Receipt/closePreview' is present

2020-08-26 19:26:04 - [TEST_STEP][PASSED] - click(findTestObject("FDR-Receipt/FDR-ReceiptBatch/Review-Receipt/closePreview")): Object: 'Object Repository/FDR-Receipt/FDR-ReceiptBatch/Review-Receipt/closePreview' is clicked on

2020-08-26 19:26:04 - [MESSAGE][PASSED] - Object: 'Object Repository/FDR-Receipt/FDR-ReceiptBatch/Review-Receipt/closePreview' is clicked on

2020-08-26 19:26:04 - [TEST_STEP][PASSED] - waitForElementPresent(findTestObject("FDR-Receipt/FDR-ReceiptBatch/Review-Receipt/previewTRHHP"), 2, STOP_ON_FAILURE): Object 'Object Repository/FDR-Receipt/FDR-ReceiptBatch/Review-Receipt/previewTRHHP' is present

2020-08-26 19:26:04 - [MESSAGE][PASSED] - Object 'Object Repository/FDR-Receipt/FDR-ReceiptBatch/Review-Receipt/previewTRHHP' is present

2020-08-26 19:26:04 - [TEST_STEP][PASSED] - click(findTestObject("FDR-Receipt/FDR-ReceiptBatch/Review-Receipt/previewTRHHP")): Object: 'Object Repository/FDR-Receipt/FDR-ReceiptBatch/Review-Receipt/previewTRHHP' is clicked on

2020-08-26 19:26:05 - [MESSAGE][PASSED] - Object: 'Object Repository/FDR-Receipt/FDR-ReceiptBatch/Review-Receipt/previewTRHHP' is clicked on

2020-08-26 19:26:05 - [TEST_STEP][PASSED] - waitForElementPresent(findTestObject("FDR-Receipt/FDR-ReceiptBatch/Review-Receipt/closePreview"), 2): Object 'Object Repository/FDR-Receipt/FDR-ReceiptBatch/Review-Receipt/closePreview' is present

2020-08-26 19:26:05 - [MESSAGE][PASSED] - Object 'Object Repository/FDR-Receipt/FDR-ReceiptBatch/Review-Receipt/closePreview' is present

2020-08-26 19:26:05 - [TEST_STEP][PASSED] - click(findTestObject("FDR-Receipt/FDR-ReceiptBatch/Review-Receipt/closePreview")): Object: 'Object Repository/FDR-Receipt/FDR-ReceiptBatch/Review-Receipt/closePreview' is clicked on

2020-08-26 19:26:06 - [MESSAGE][PASSED] - Object: 'Object Repository/FDR-Receipt/FDR-ReceiptBatch/Review-Receipt/closePreview' is clicked on

2020-08-26 19:26:06 - [TEST_STEP][PASSED] - waitForElementPresent(findTestObject("FDR-Receipt/FDR-ReceiptBatch/Review-Receipt/button_Submitforapproval"), 2): Object 'Object Repository/FDR-Receipt/FDR-ReceiptBatch/Review-Receipt/button_Submitforapproval' is present

2020-08-26 19:26:06 - [MESSAGE][PASSED] - Object 'Object Repository/FDR-Receipt/FDR-ReceiptBatch/Review-Receipt/button_Submitforapproval' is present

2020-08-26 19:26:06 - [TEST_STEP][PASSED] - click(findTestObject("FDR-Receipt/FDR-ReceiptBatch/Review-Receipt/button_Submitforapproval")): Object: 'Object Repository/FDR-Receipt/FDR-ReceiptBatch/Review-Receipt/button_Submitforapproval' is clicked on

2020-08-26 19:26:07 - [MESSAGE][PASSED] - Object: 'Object Repository/FDR-Receipt/FDR-ReceiptBatch/Review-Receipt/button_Submitforapproval' is clicked on

2020-08-26 19:26:07 - [TEST_STEP][PASSED] - waitForElementPresent(findTestObject("FDR-Receipt/FDR-Receipt-Dashboard/filterValidatebatch"), 2): Object 'Object Repository/FDR-Receipt/FDR-Receipt-Dashboard/filterValidatebatch' is present

2020-08-26 19:26:08 - [MESSAGE][PASSED] - Object 'Object Repository/FDR-Receipt/FDR-Receipt-Dashboard/filterValidatebatch' is present

2020-08-26 19:26:08 - [TEST_STEP][PASSED] - waitForElementClickable(findTestObject("FDR-Receipt/FDR-Receipt-Dashboard/filterValidatebatch"), 10): Object 'Object Repository/FDR-Receipt/FDR-Receipt-Dashboard/filterValidatebatch' is clickable

2020-08-26 19:26:08 - [MESSAGE][PASSED] - Object 'Object Repository/FDR-Receipt/FDR-Receipt-Dashboard/filterValidatebatch' is clickable

2020-08-26 19:26:08 - [TEST_STEP][PASSED] - click(findTestObject("FDR-Receipt/FDR-Receipt-Dashboard/filterValidatebatch")): Object: 'Object Repository/FDR-Receipt/FDR-Receipt-Dashboard/filterValidatebatch' is clicked on

2020-08-26 19:26:08 - [MESSAGE][PASSED] - Object: 'Object Repository/FDR-Receipt/FDR-Receipt-Dashboard/filterValidatebatch' is clicked on

2020-08-26 19:26:08 - [TEST_STEP][PASSED] - waitForElementPresent(findTestObject("FDR-Receipt/FDR-Receipt-Dashboard/buttonValidate"), 2): Object 'Object Repository/FDR-Receipt/FDR-Receipt-Dashboard/buttonValidate' is present

2020-08-26 19:26:09 - [MESSAGE][PASSED] - Object 'Object Repository/FDR-Receipt/FDR-Receipt-Dashboard/buttonValidate' is present

2020-08-26 19:26:09 - [TEST_STEP][PASSED] - click(findTestObject("FDR-Receipt/FDR-Receipt-Dashboard/buttonValidate")): Object: 'Object Repository/FDR-Receipt/FDR-Receipt-Dashboard/buttonValidate' is clicked on

2020-08-26 19:26:10 - [MESSAGE][PASSED] - Object: 'Object Repository/FDR-Receipt/FDR-Receipt-Dashboard/buttonValidate' is clicked on

2020-08-26 19:26:10 - [TEST_STEP][PASSED] - waitForElementPresent(findTestObject("FDR-Receipt/FDR-ReceiptBatch/Review-Receipt/button_Approve"), 5): Object 'Object Repository/FDR-Receipt/FDR-ReceiptBatch/Review-Receipt/button_Approve' is present

2020-08-26 19:26:10 - [MESSAGE][PASSED] - Object 'Object Repository/FDR-Receipt/FDR-ReceiptBatch/Review-Receipt/button_Approve' is present

2020-08-26 19:26:10 - [TEST_STEP][PASSED] - click(findTestObject("FDR-Receipt/FDR-ReceiptBatch/Review-Receipt/button_Approve")): Object: 'Object Repository/FDR-Receipt/FDR-ReceiptBatch/Review-Receipt/button_Approve' is clicked on

2020-08-26 19:26:11 - [MESSAGE][PASSED] - Object: 'Object Repository/FDR-Receipt/FDR-ReceiptBatch/Review-Receipt/button_Approve' is clicked on

2020-08-26 19:26:11 - [TEST_STEP][PASSED] - waitForElementPresent(findTestObject("FDR-Receipt/FDR-Receipt-Dashboard/reportButton"), 2): Object 'Object Repository/FDR-Receipt/FDR-Receipt-Dashboard/reportButton' is present

2020-08-26 19:26:11 - [MESSAGE][PASSED] - Object 'Object Repository/FDR-Receipt/FDR-Receipt-Dashboard/reportButton' is present

2020-08-26 19:26:11 - [TEST_STEP][PASSED] - click(findTestObject("FDR-Receipt/FDR-Receipt-Dashboard/reportButton")): Object: 'Object Repository/FDR-Receipt/FDR-Receipt-Dashboard/reportButton' is clicked on

2020-08-26 19:26:12 - [MESSAGE][PASSED] - Object: 'Object Repository/FDR-Receipt/FDR-Receipt-Dashboard/reportButton' is clicked on

2020-08-26 19:26:12 - [TEST_STEP][PASSED] - waitForElementPresent(findTestObject("FDR-Receipt/FDR-Report-Generation/FDR-Report-Dashboard/receiptTransactionRequests"), 5, STOP_ON_FAILURE): Object 'Object Repository/FDR-Receipt/FDR-Report-Generation/FDR-Report-Dashboard/receiptTransactionRequests' is present

2020-08-26 19:26:12 - [MESSAGE][PASSED] - Object 'Object Repository/FDR-Receipt/FDR-Report-Generation/FDR-Report-Dashboard/receiptTransactionRequests' is present

2020-08-26 19:26:12 - [TEST_STEP][PASSED] - click(findTestObject("FDR-Receipt/FDR-Report-Generation/FDR-Report-Dashboard/receiptTransactionRequests")): Object: 'Object Repository/FDR-Receipt/FDR-Report-Generation/FDR-Report-Dashboard/receiptTransactionRequests' is clicked on

2020-08-26 19:26:13 - [MESSAGE][PASSED] - Object: 'Object Repository/FDR-Receipt/FDR-Report-Generation/FDR-Report-Dashboard/receiptTransactionRequests' is clicked on

2020-08-26 19:26:13 - [TEST_STEP][PASSED] - waitForElementPresent(findTestObject("FDR-Receipt/FDR-Receipt-Header/View/inputDrawDate"), 3): Object 'Object Repository/FDR-Receipt/FDR-Receipt-Header/View/inputDrawDate' is present

2020-08-26 19:26:13 - [MESSAGE][PASSED] - Object 'Object Repository/FDR-Receipt/FDR-Receipt-Header/View/inputDrawDate' is present

2020-08-26 19:26:13 - [TEST_STEP][PASSED] - sendKeys(findTestObject("FDR-Receipt/FDR-Receipt-Header/View/inputDrawDate"), Drawdate): Keys '09/14/2020' sent to object: 'Object Repository/FDR-Receipt/FDR-Receipt-Header/View/inputDrawDate'

2020-08-26 19:26:14 - [MESSAGE][PASSED] - Keys '09/14/2020' sent to object: 'Object Repository/FDR-Receipt/FDR-Receipt-Header/View/inputDrawDate'

2020-08-26 19:26:14 - [TEST_STEP][PASSED] - waitForElementClickable(findTestObject("FDR-Receipt/FDR-Report-Generation/FDR-Report-Dashboard/button_generateTRs"), 10, STOP_ON_FAILURE): Object 'Object Repository/FDR-Receipt/FDR-Report-Generation/FDR-Report-Dashboard/button_generateTRs' is clickable

2020-08-26 19:26:14 - [MESSAGE][PASSED] - Object 'Object Repository/FDR-Receipt/FDR-Report-Generation/FDR-Report-Dashboard/button_generateTRs' is clickable

2020-08-26 19:26:14 - [TEST_STEP][PASSED] - click(findTestObject("FDR-Receipt/FDR-Report-Generation/FDR-Report-Dashboard/button_generateTRs")): Object: 'Object Repository/FDR-Receipt/FDR-Report-Generation/FDR-Report-Dashboard/button_generateTRs' is clicked on

2020-08-26 19:26:15 - [MESSAGE][PASSED] - Object: 'Object Repository/FDR-Receipt/FDR-Report-Generation/FDR-Report-Dashboard/button_generateTRs' is clicked on

2020-08-26 19:26:15 - [TEST_STEP][PASSED] - waitForElementClickable(findTestObject("FDR-Receipt/FDR-Report-Generation/FDR-Report-Dashboard/backToDashboardBtn"), 2, STOP_ON_FAILURE): Object 'Object Repository/FDR-Receipt/FDR-Report-Generation/FDR-Report-Dashboard/backToDashboardBtn' is clickable

2020-08-26 19:26:16 - [MESSAGE][PASSED] - Object 'Object Repository/FDR-Receipt/FDR-Report-Generation/FDR-Report-Dashboard/backToDashboardBtn' is clickable

2020-08-26 19:26:16 - [TEST_STEP][PASSED] - Start listener action : sampleAfterTestCase: Browser is closed

2020-08-26 19:26:16 - [TEST_STEP][PASSED] - profileName = getExecutionProfile(): null

2020-08-26 19:26:16 - [TEST_STEP][PASSED] - switch (profileName): null

2020-08-26 19:26:16 - [TEST_STEP][PASSED] - if (!(skipBeforeAndAfterTestCase)): Browser is closed

2020-08-26 19:26:16 - [TEST_STEP][PASSED] - Uifunctions.logoutFDR(): Browser is closed

2020-08-26 19:26:16 - [MESSAGE][PASSED] - Browser is closed

2020-08-26 19:26:16 - [TEST_STEP][PASSED] - Start listener action : afterTestCase: null

2020-08-26 19:26:16 - [TEST_STEP][PASSED] - profileName = getExecutionProfile(): null

2020-08-26 19:26:16 - [TEST_STEP][PASSED] - if (profileName.equalsIgnoreCase("SysAdmin")): null

2020-08-26 19:26:16 - [TEST_STEP][PASSED] - Start listener action : sampleAfterTestCase: null

2020-08-26 19:26:16 - [TEST_STEP][PASSED] - profileName = getExecutionProfile(): null

2020-08-26 19:26:16 - [TEST_STEP][PASSED] - switch (profileName): null

2020-08-26 19:26:16 - [TEST_STEP][PASSED] - Default: null

2020-08-26 19:26:16 - [TEST_STEP][PASSED] - return null: null

2020-08-26 19:26:16 - [TEST_STEP][PASSED] - Start listener action : addFailedTCToList: null]]></system-out>
         <system-err><![CDATA[]]></system-err>
      </testcase>
      <testcase name="Test Cases/WEB-UI-TESTS/Receipt/FDR-Delete-Undo-Receipt-Line" time="59.679" classname="Test Cases/WEB-UI-TESTS/Receipt/FDR-Delete-Undo-Receipt-Line" status="PASSED">
         <system-out><![CDATA[2020-08-26 19:26:16 - [TEST_CASE][PASSED] - Test Cases/WEB-UI-TESTS/Receipt/FDR-Delete-Undo-Receipt-Line: Test Cases/WEB-UI-TESTS/Receipt/FDR-Delete-Undo-Receipt-Line

2020-08-26 19:26:16 - [TEST_STEP][PASSED] - Start listener action : sampleBeforeTestCase: Navigate to 'https://fdr-katalon.cammis-mod-dev.dhcs.ca.gov/dashboard' successfully

2020-08-26 19:26:16 - [TEST_STEP][PASSED] - profileName = getExecutionProfile(): null

2020-08-26 19:26:16 - [TEST_STEP][PASSED] - switch (profileName): null

2020-08-26 19:26:16 - [TEST_STEP][PASSED] - testCaseId = testCaseContext.getTestCaseId(): null

2020-08-26 19:26:16 - [TEST_STEP][PASSED] - if (!(skipBeforeAndAfterTestCase)): Navigate to 'https://fdr-katalon.cammis-mod-dev.dhcs.ca.gov/dashboard' successfully

2020-08-26 19:26:16 - [TEST_STEP][PASSED] - if (account7TestCases.contains(testCaseId)): null

2020-08-26 19:26:16 - [TEST_STEP][PASSED] - else if (account10TestCases.contains(testCaseId)): null

2020-08-26 19:26:16 - [TEST_STEP][PASSED] - else: Object: 'Object Repository/FDR-SignIn/SignInButton' is clicked on

2020-08-26 19:26:16 - [TEST_STEP][PASSED] - Uifunctions.loginFDR(accountsApprover, accountsApproverPwd): Object: 'Object Repository/FDR-SignIn/SignInButton' is clicked on

2020-08-26 19:26:16 - [MESSAGE][INFO] - Starting 'Chrome' driver

2020-08-26 19:26:16 - [MESSAGE][INFO] - Action delay is set to 0 milliseconds

2020-08-26 19:26:19 - [MESSAGE][PASSED] - Browser is opened with url: ''

2020-08-26 19:26:21 - [MESSAGE][PASSED] - Current window maximized

2020-08-26 19:26:22 - [MESSAGE][PASSED] - Navigate to 'https://fdr-katalon.cammis-mod-dev.dhcs.ca.gov/dashboard' successfully

2020-08-26 19:26:24 - [MESSAGE][PASSED] - Object 'Object Repository/FDR-SignIn/SignInEmail' is present

2020-08-26 19:26:24 - [MESSAGE][PASSED] - Object: 'Object Repository/FDR-SignIn/SignInEmail' is clicked on

2020-08-26 19:26:24 - [MESSAGE][PASSED] - Object 'Object Repository/FDR-SignIn/SignInEmail' is present

2020-08-26 19:26:25 - [MESSAGE][PASSED] - Text 'fdr.test3@dhcs.ca.gov' is set on object 'Object Repository/FDR-SignIn/SignInEmail'

2020-08-26 19:26:25 - [MESSAGE][PASSED] - Object 'Object Repository/FDR-SignIn/SignInEmailNext' is visible

2020-08-26 19:26:25 - [MESSAGE][PASSED] - Object: 'Object Repository/FDR-SignIn/SignInEmailNext' is clicked on

2020-08-26 19:26:29 - [MESSAGE][PASSED] - Object 'Object Repository/FDR-SignIn/SignInEmailPassword' is visible

2020-08-26 19:26:29 - [MESSAGE][PASSED] - Object: 'Object Repository/FDR-SignIn/SignInEmailPassword' is clicked on

2020-08-26 19:26:29 - [MESSAGE][PASSED] - Text ****** has been set on object 'Object Repository/FDR-SignIn/SignInEmailPassword'

2020-08-26 19:26:31 - [MESSAGE][PASSED] - Object: 'Object Repository/FDR-SignIn/SignInButton' is clicked on

2020-08-26 19:26:31 - [TEST_STEP][PASSED] - navigateToUrl(URL): Navigate to 'https://fdr-katalon.cammis-mod-dev.dhcs.ca.gov/dashboard' successfully

2020-08-26 19:26:31 - [MESSAGE][PASSED] - Navigate to 'https://fdr-katalon.cammis-mod-dev.dhcs.ca.gov/dashboard' successfully

2020-08-26 19:26:31 - [TEST_STEP][PASSED] - Start listener action : beforeTestCase: null

2020-08-26 19:26:31 - [TEST_STEP][PASSED] - profileName = getExecutionProfile(): null

2020-08-26 19:26:31 - [TEST_STEP][PASSED] - if (profileName.equalsIgnoreCase("SysAdmin")): null

2020-08-26 19:26:31 - [TEST_STEP][PASSED] - Start listener action : sampleBeforeTestCase: null

2020-08-26 19:26:31 - [TEST_STEP][PASSED] - profileName = getExecutionProfile(): null

2020-08-26 19:26:31 - [TEST_STEP][PASSED] - testCaseId = testCaseContext.getTestCaseId(): null

2020-08-26 19:26:31 - [TEST_STEP][PASSED] - switch (profileName): null

2020-08-26 19:26:31 - [TEST_STEP][PASSED] - Default: null

2020-08-26 19:26:31 - [TEST_STEP][PASSED] - return null: null

2020-08-26 19:26:31 - [TEST_STEP][PASSED] - Start listener action : executeRows: null

2020-08-26 19:26:32 - [TEST_STEP][PASSED] - newDepositId = RandomStringUtils.randomNumeric(7): null

2020-08-26 19:26:32 - [TEST_STEP][PASSED] - editors.createReceipt(Drawdate, Paydate, newDepositId, Receiptnotes): Object: 'Object Repository/FDR-Receipt/FDR-Receipt-Header/View/buttonNext' is clicked on

2020-08-26 19:26:39 - [MESSAGE][INFO] - Unable to find the element located by 'By.xpath: //*[@data-id='button-link']//*[contains(text(),'Create New Voucher')]'. Please recheck the objects properties to make sure the desired element is located. 

2020-08-26 19:26:39 - [MESSAGE][WARNING] - Object 'Object Repository/FDR-Dashboard/createNewVoucherButton' is not present after 4 second(s)

2020-08-26 19:26:39 - [MESSAGE][PASSED] - Object 'Object Repository/FDR-Receipt/FDR-Receipt-Dashboard/createNew_ReceiptBatch_Button' is present

2020-08-26 19:26:39 - [MESSAGE][PASSED] - Object: 'Object Repository/FDR-Receipt/FDR-Receipt-Dashboard/createNew_ReceiptBatch_Button' is clicked on

2020-08-26 19:26:40 - [MESSAGE][PASSED] - Object 'Object Repository/FDR-Receipt/FDR-Receipt-Header/View/inputDrawDate' is present

2020-08-26 19:26:41 - [MESSAGE][PASSED] - Text '09/14/2020' is set on object 'Object Repository/FDR-Receipt/FDR-Receipt-Header/View/inputDrawDate'

2020-08-26 19:26:41 - [MESSAGE][PASSED] - Keys 'TAB + ENTER + ENTER + ' sent to object: 'Object Repository/FDR-Receipt/FDR-Receipt-Header/View/inputDrawDate'

2020-08-26 19:26:42 - [MESSAGE][PASSED] - Object 'Object Repository/FDR-Receipt/FDR-Receipt-Header/Edit/payDate' is present

2020-08-26 19:26:43 - [MESSAGE][PASSED] - Text '09/16/2020' is set on object 'Object Repository/FDR-Receipt/FDR-Receipt-Header/Edit/payDate'

2020-08-26 19:26:44 - [MESSAGE][PASSED] - Object 'Object Repository/FDR-Receipt/FDR-Receipt-Header/View/deposit ID' is present

2020-08-26 19:26:44 - [MESSAGE][PASSED] - Text '6004790' is set on object 'Object Repository/FDR-Receipt/FDR-Receipt-Header/View/deposit ID'

2020-08-26 19:26:45 - [MESSAGE][PASSED] - Object 'Object Repository/FDR-Receipt/FDR-ReceiptBatch/receiptNotes' is present

2020-08-26 19:26:46 - [MESSAGE][PASSED] - Text 'rqewrq' is set on object 'Object Repository/FDR-Receipt/FDR-ReceiptBatch/receiptNotes'

2020-08-26 19:26:46 - [MESSAGE][PASSED] - Object 'Object Repository/FDR-Receipt/FDR-Receipt-Header/Edit/remmitanceAdviceInput' is present

2020-08-26 19:26:46 - [MESSAGE][PASSED] - Keys '' sent to object: 'Object Repository/FDR-Receipt/FDR-Receipt-Header/Edit/remmitanceAdviceInput'

2020-08-26 19:26:47 - [MESSAGE][PASSED] - Object 'Object Repository/FDR-Receipt/FDR-Receipt-Header/Edit/controllerReceiptInput' is present

2020-08-26 19:26:47 - [MESSAGE][PASSED] - Keys '' sent to object: 'Object Repository/FDR-Receipt/FDR-Receipt-Header/Edit/controllerReceiptInput'

2020-08-26 19:26:48 - [MESSAGE][PASSED] - Object 'Object Repository/FDR-Receipt/FDR-Receipt-Header/View/buttonNext' is present

2020-08-26 19:26:48 - [MESSAGE][PASSED] - Object: 'Object Repository/FDR-Receipt/FDR-Receipt-Header/View/buttonNext' is clicked on

2020-08-26 19:26:48 - [TEST_STEP][PASSED] - editors.createReceiptline(ReceiptID, SupplierID, DepositDate): Object: 'Object Repository/FDR-Receipt/FDR-Receipt-Checkline/View/addReceipt_Button2' is clicked on

2020-08-26 19:26:49 - [MESSAGE][PASSED] - Object 'Object Repository/FDR-Receipt/FDR-Receipt-Checkline/View/receipt_ID' is present

2020-08-26 19:26:49 - [MESSAGE][PASSED] - Keys 'CHK10322' sent to object: 'Object Repository/FDR-Receipt/FDR-Receipt-Checkline/View/receipt_ID'

2020-08-26 19:26:50 - [MESSAGE][PASSED] - Object 'Object Repository/FDR-Receipt/FDR-Receipt-Checkline/View/supplier_Id' is present

2020-08-26 19:26:50 - [MESSAGE][PASSED] - Keys '0000007954' sent to object: 'Object Repository/FDR-Receipt/FDR-Receipt-Checkline/View/supplier_Id'

2020-08-26 19:26:51 - [MESSAGE][PASSED] - Keys 'DOWN + ENTER + ' sent to object: 'Object Repository/FDR-Receipt/FDR-Receipt-Checkline/View/supplier_Id'

2020-08-26 19:26:51 - [MESSAGE][PASSED] - Object 'Object Repository/FDR-Receipt/FDR-Receipt-Checkline/View/deposit_Date' is present

2020-08-26 19:26:52 - [MESSAGE][PASSED] - Keys '02/24/2020' sent to object: 'Object Repository/FDR-Receipt/FDR-Receipt-Checkline/View/deposit_Date'

2020-08-26 19:26:58 - [MESSAGE][INFO] - Unable to find the element located by 'By.xpath: //*[@data-id='button-link']//*[contains(text(),'Create New Voucher')]'. Please recheck the objects properties to make sure the desired element is located. 

2020-08-26 19:26:58 - [MESSAGE][WARNING] - Object 'Object Repository/FDR-Dashboard/createNewVoucherButton' is not present after 4 second(s)

2020-08-26 19:26:58 - [MESSAGE][PASSED] - Object 'Object Repository/FDR-Receipt/FDR-Receipt-Checkline/View/addReceipt_Button2' is present

2020-08-26 19:26:58 - [MESSAGE][PASSED] - Object: 'Object Repository/FDR-Receipt/FDR-Receipt-Checkline/View/addReceipt_Button2' is clicked on

2020-08-26 19:26:58 - [TEST_STEP][PASSED] - delay(2): Delayed 2 second(s)

2020-08-26 19:27:00 - [MESSAGE][PASSED] - Delayed 2 second(s)

2020-08-26 19:27:00 - [TEST_STEP][PASSED] - click(findTestObject("FDR-Receipt/FDR-Receipt-Checkline/Delete/lineAttribute")): Object: 'Object Repository/FDR-Receipt/FDR-Receipt-Checkline/Delete/lineAttribute' is clicked on

2020-08-26 19:27:01 - [MESSAGE][PASSED] - Object: 'Object Repository/FDR-Receipt/FDR-Receipt-Checkline/Delete/lineAttribute' is clicked on

2020-08-26 19:27:01 - [TEST_STEP][PASSED] - mouseOver(findTestObject("FDR-Receipt/FDR-Receipt-Checkline/Edit/Mose_over")): Object: 'Object Repository/FDR-Receipt/FDR-Receipt-Checkline/Edit/Mose_over' is hovered

2020-08-26 19:27:02 - [MESSAGE][PASSED] - Object: 'Object Repository/FDR-Receipt/FDR-Receipt-Checkline/Edit/Mose_over' is hovered

2020-08-26 19:27:02 - [TEST_STEP][PASSED] - waitForElementPresent(findTestObject("FDR-Receipt/FDR-Receipt-Checkline/Edit/3dots_Icon"), 2): Object 'Object Repository/FDR-Receipt/FDR-Receipt-Checkline/Edit/3dots_Icon' is present

2020-08-26 19:27:02 - [MESSAGE][PASSED] - Object 'Object Repository/FDR-Receipt/FDR-Receipt-Checkline/Edit/3dots_Icon' is present

2020-08-26 19:27:02 - [TEST_STEP][PASSED] - click(findTestObject("FDR-Receipt/FDR-Receipt-Checkline/Edit/3dots_Icon")): Object: 'Object Repository/FDR-Receipt/FDR-Receipt-Checkline/Edit/3dots_Icon' is clicked on

2020-08-26 19:27:02 - [MESSAGE][PASSED] - Object: 'Object Repository/FDR-Receipt/FDR-Receipt-Checkline/Edit/3dots_Icon' is clicked on

2020-08-26 19:27:02 - [TEST_STEP][PASSED] - waitForElementPresent(findTestObject("FDR-Receipt/FDR-Receipt-Checkline/Delete/li_Delete"), 2): Object 'Object Repository/FDR-Receipt/FDR-Receipt-Checkline/Delete/li_Delete' is present

2020-08-26 19:27:03 - [MESSAGE][PASSED] - Object 'Object Repository/FDR-Receipt/FDR-Receipt-Checkline/Delete/li_Delete' is present

2020-08-26 19:27:03 - [TEST_STEP][PASSED] - click(findTestObject("FDR-Receipt/FDR-Receipt-Checkline/Delete/li_Delete")): Object: 'Object Repository/FDR-Receipt/FDR-Receipt-Checkline/Delete/li_Delete' is clicked on

2020-08-26 19:27:04 - [MESSAGE][PASSED] - Object: 'Object Repository/FDR-Receipt/FDR-Receipt-Checkline/Delete/li_Delete' is clicked on

2020-08-26 19:27:04 - [TEST_STEP][PASSED] - waitForElementPresent(findTestObject("FDR-Receipt/FDR-Receipt-Checkline/Delete/li_Delete"), 5): Object 'Object Repository/FDR-Receipt/FDR-Receipt-Checkline/Delete/li_Delete' is not present after 5 second(s)

2020-08-26 19:27:11 - [MESSAGE][INFO] - Unable to find the element located by 'By.xpath: //*[@id="long-menu"]/div[3]/ul/li[2]'. Please recheck the objects properties to make sure the desired element is located. 

2020-08-26 19:27:11 - [MESSAGE][WARNING] - Object 'Object Repository/FDR-Receipt/FDR-Receipt-Checkline/Delete/li_Delete' is not present after 5 second(s)

2020-08-26 19:27:11 - [TEST_STEP][PASSED] - click(findTestObject("FDR-Receipt/FDR-Receipt-Checkline/Delete/undoIcon")): Object: 'Object Repository/FDR-Receipt/FDR-Receipt-Checkline/Delete/undoIcon' is clicked on

2020-08-26 19:27:12 - [MESSAGE][PASSED] - Object: 'Object Repository/FDR-Receipt/FDR-Receipt-Checkline/Delete/undoIcon' is clicked on

2020-08-26 19:27:12 - [TEST_STEP][PASSED] - waitForElementPresent(findTestObject("FDR-Receipt/FDR-Receipt-Checkline/Delete/li_Delete"), 2): Object 'Object Repository/FDR-Receipt/FDR-Receipt-Checkline/Delete/li_Delete' is not present after 2 second(s)

2020-08-26 19:27:15 - [MESSAGE][INFO] - Unable to find the element located by 'By.xpath: //*[@id="long-menu"]/div[3]/ul/li[2]'. Please recheck the objects properties to make sure the desired element is located. 

2020-08-26 19:27:15 - [MESSAGE][WARNING] - Object 'Object Repository/FDR-Receipt/FDR-Receipt-Checkline/Delete/li_Delete' is not present after 2 second(s)

2020-08-26 19:27:15 - [TEST_STEP][PASSED] - Start listener action : sampleAfterTestCase: Browser is closed

2020-08-26 19:27:15 - [TEST_STEP][PASSED] - profileName = getExecutionProfile(): null

2020-08-26 19:27:15 - [TEST_STEP][PASSED] - switch (profileName): null

2020-08-26 19:27:15 - [TEST_STEP][PASSED] - if (!(skipBeforeAndAfterTestCase)): Browser is closed

2020-08-26 19:27:15 - [TEST_STEP][PASSED] - Uifunctions.logoutFDR(): Browser is closed

2020-08-26 19:27:16 - [MESSAGE][PASSED] - Browser is closed

2020-08-26 19:27:16 - [TEST_STEP][PASSED] - Start listener action : afterTestCase: null

2020-08-26 19:27:16 - [TEST_STEP][PASSED] - profileName = getExecutionProfile(): null

2020-08-26 19:27:16 - [TEST_STEP][PASSED] - if (profileName.equalsIgnoreCase("SysAdmin")): null

2020-08-26 19:27:16 - [TEST_STEP][PASSED] - Start listener action : sampleAfterTestCase: null

2020-08-26 19:27:16 - [TEST_STEP][PASSED] - profileName = getExecutionProfile(): null

2020-08-26 19:27:16 - [TEST_STEP][PASSED] - switch (profileName): null

2020-08-26 19:27:16 - [TEST_STEP][PASSED] - Default: null

2020-08-26 19:27:16 - [TEST_STEP][PASSED] - return null: null

2020-08-26 19:27:16 - [TEST_STEP][PASSED] - Start listener action : addFailedTCToList: null]]></system-out>
         <system-err><![CDATA[]]></system-err>
      </testcase>
      <testcase name="Test Cases/WEB-UI-TESTS/Receipt/FDR-Validate-ReceiptHeader-RA-CR" time="37.495" classname="Test Cases/WEB-UI-TESTS/Receipt/FDR-Validate-ReceiptHeader-RA-CR" status="PASSED">
         <system-out><![CDATA[2020-08-26 19:27:16 - [TEST_CASE][PASSED] - Test Cases/WEB-UI-TESTS/Receipt/FDR-Validate-ReceiptHeader-RA-CR: Test Cases/WEB-UI-TESTS/Receipt/FDR-Validate-ReceiptHeader-RA-CR

2020-08-26 19:27:16 - [TEST_STEP][PASSED] - Start listener action : sampleBeforeTestCase: Navigate to 'https://fdr-katalon.cammis-mod-dev.dhcs.ca.gov/dashboard' successfully

2020-08-26 19:27:16 - [TEST_STEP][PASSED] - profileName = getExecutionProfile(): null

2020-08-26 19:27:16 - [TEST_STEP][PASSED] - switch (profileName): null

2020-08-26 19:27:16 - [TEST_STEP][PASSED] - testCaseId = testCaseContext.getTestCaseId(): null

2020-08-26 19:27:16 - [TEST_STEP][PASSED] - if (!(skipBeforeAndAfterTestCase)): Navigate to 'https://fdr-katalon.cammis-mod-dev.dhcs.ca.gov/dashboard' successfully

2020-08-26 19:27:16 - [TEST_STEP][PASSED] - if (account7TestCases.contains(testCaseId)): Object: 'Object Repository/FDR-SignIn/SignInButton' is clicked on

2020-08-26 19:27:16 - [TEST_STEP][PASSED] - Uifunctions.loginFDR(accountsAdmin, accountsAdminPwd): Object: 'Object Repository/FDR-SignIn/SignInButton' is clicked on

2020-08-26 19:27:16 - [MESSAGE][INFO] - Starting 'Chrome' driver

2020-08-26 19:27:16 - [MESSAGE][INFO] - Action delay is set to 0 milliseconds

2020-08-26 19:27:19 - [MESSAGE][PASSED] - Browser is opened with url: ''

2020-08-26 19:27:21 - [MESSAGE][PASSED] - Current window maximized

2020-08-26 19:27:22 - [MESSAGE][PASSED] - Navigate to 'https://fdr-katalon.cammis-mod-dev.dhcs.ca.gov/dashboard' successfully

2020-08-26 19:27:24 - [MESSAGE][PASSED] - Object 'Object Repository/FDR-SignIn/SignInEmail' is present

2020-08-26 19:27:24 - [MESSAGE][PASSED] - Object: 'Object Repository/FDR-SignIn/SignInEmail' is clicked on

2020-08-26 19:27:24 - [MESSAGE][PASSED] - Object 'Object Repository/FDR-SignIn/SignInEmail' is present

2020-08-26 19:27:25 - [MESSAGE][PASSED] - Text 'fdr.test4@dhcs.ca.gov' is set on object 'Object Repository/FDR-SignIn/SignInEmail'

2020-08-26 19:27:25 - [MESSAGE][PASSED] - Object 'Object Repository/FDR-SignIn/SignInEmailNext' is visible

2020-08-26 19:27:25 - [MESSAGE][PASSED] - Object: 'Object Repository/FDR-SignIn/SignInEmailNext' is clicked on

2020-08-26 19:27:29 - [MESSAGE][PASSED] - Object 'Object Repository/FDR-SignIn/SignInEmailPassword' is visible

2020-08-26 19:27:29 - [MESSAGE][PASSED] - Object: 'Object Repository/FDR-SignIn/SignInEmailPassword' is clicked on

2020-08-26 19:27:29 - [MESSAGE][PASSED] - Text ****** has been set on object 'Object Repository/FDR-SignIn/SignInEmailPassword'

2020-08-26 19:27:31 - [MESSAGE][PASSED] - Object: 'Object Repository/FDR-SignIn/SignInButton' is clicked on

2020-08-26 19:27:31 - [TEST_STEP][PASSED] - navigateToUrl(URL): Navigate to 'https://fdr-katalon.cammis-mod-dev.dhcs.ca.gov/dashboard' successfully

2020-08-26 19:27:31 - [MESSAGE][PASSED] - Navigate to 'https://fdr-katalon.cammis-mod-dev.dhcs.ca.gov/dashboard' successfully

2020-08-26 19:27:31 - [TEST_STEP][PASSED] - Start listener action : beforeTestCase: null

2020-08-26 19:27:31 - [TEST_STEP][PASSED] - profileName = getExecutionProfile(): null

2020-08-26 19:27:31 - [TEST_STEP][PASSED] - if (profileName.equalsIgnoreCase("SysAdmin")): null

2020-08-26 19:27:31 - [TEST_STEP][PASSED] - Start listener action : sampleBeforeTestCase: null

2020-08-26 19:27:31 - [TEST_STEP][PASSED] - profileName = getExecutionProfile(): null

2020-08-26 19:27:31 - [TEST_STEP][PASSED] - testCaseId = testCaseContext.getTestCaseId(): null

2020-08-26 19:27:31 - [TEST_STEP][PASSED] - switch (profileName): null

2020-08-26 19:27:31 - [TEST_STEP][PASSED] - Default: null

2020-08-26 19:27:31 - [TEST_STEP][PASSED] - return null: null

2020-08-26 19:27:31 - [TEST_STEP][PASSED] - Start listener action : executeRows: null

2020-08-26 19:27:31 - [TEST_STEP][PASSED] - d = Date().plus(1): null

2020-08-26 19:27:31 - [TEST_STEP][PASSED] - dd = Date().plus(2): null

2020-08-26 19:27:31 - [TEST_STEP][PASSED] - servicedatefrom = d.format("MM/dd/yyyy"): null

2020-08-26 19:27:31 - [TEST_STEP][PASSED] - servicedateto = dd.format("MM/dd/yyyy"): null

2020-08-26 19:27:31 - [TEST_STEP][PASSED] - newDepositId = RandomStringUtils.randomNumeric(7): null

2020-08-26 19:27:31 - [TEST_STEP][PASSED] - editors.createReceipt(Drawdate, Paydate, newDepositId, Receiptnotes): Object: 'Object Repository/FDR-Receipt/FDR-Receipt-Header/View/buttonNext' is clicked on

2020-08-26 19:27:37 - [MESSAGE][INFO] - Unable to find the element located by 'By.xpath: //*[@data-id='button-link']//*[contains(text(),'Create New Voucher')]'. Please recheck the objects properties to make sure the desired element is located. 

2020-08-26 19:27:37 - [MESSAGE][WARNING] - Object 'Object Repository/FDR-Dashboard/createNewVoucherButton' is not present after 4 second(s)

2020-08-26 19:27:37 - [MESSAGE][PASSED] - Object 'Object Repository/FDR-Receipt/FDR-Receipt-Dashboard/createNew_ReceiptBatch_Button' is present

2020-08-26 19:27:37 - [MESSAGE][PASSED] - Object: 'Object Repository/FDR-Receipt/FDR-Receipt-Dashboard/createNew_ReceiptBatch_Button' is clicked on

2020-08-26 19:27:38 - [MESSAGE][PASSED] - Object 'Object Repository/FDR-Receipt/FDR-Receipt-Header/View/inputDrawDate' is present

2020-08-26 19:27:39 - [MESSAGE][PASSED] - Text '09/14/2020' is set on object 'Object Repository/FDR-Receipt/FDR-Receipt-Header/View/inputDrawDate'

2020-08-26 19:27:39 - [MESSAGE][PASSED] - Keys 'TAB + ENTER + ENTER + ' sent to object: 'Object Repository/FDR-Receipt/FDR-Receipt-Header/View/inputDrawDate'

2020-08-26 19:27:40 - [MESSAGE][PASSED] - Object 'Object Repository/FDR-Receipt/FDR-Receipt-Header/Edit/payDate' is present

2020-08-26 19:27:41 - [MESSAGE][PASSED] - Text '09/16/2020' is set on object 'Object Repository/FDR-Receipt/FDR-Receipt-Header/Edit/payDate'

2020-08-26 19:27:41 - [MESSAGE][PASSED] - Object 'Object Repository/FDR-Receipt/FDR-Receipt-Header/View/deposit ID' is present

2020-08-26 19:27:42 - [MESSAGE][PASSED] - Text '9922939' is set on object 'Object Repository/FDR-Receipt/FDR-Receipt-Header/View/deposit ID'

2020-08-26 19:27:43 - [MESSAGE][PASSED] - Object 'Object Repository/FDR-Receipt/FDR-ReceiptBatch/receiptNotes' is present

2020-08-26 19:27:43 - [MESSAGE][PASSED] - Text 'rqewrq' is set on object 'Object Repository/FDR-Receipt/FDR-ReceiptBatch/receiptNotes'

2020-08-26 19:27:44 - [MESSAGE][PASSED] - Object 'Object Repository/FDR-Receipt/FDR-Receipt-Header/Edit/remmitanceAdviceInput' is present

2020-08-26 19:27:44 - [MESSAGE][PASSED] - Keys '' sent to object: 'Object Repository/FDR-Receipt/FDR-Receipt-Header/Edit/remmitanceAdviceInput'

2020-08-26 19:27:45 - [MESSAGE][PASSED] - Object 'Object Repository/FDR-Receipt/FDR-Receipt-Header/Edit/controllerReceiptInput' is present

2020-08-26 19:27:45 - [MESSAGE][PASSED] - Keys '' sent to object: 'Object Repository/FDR-Receipt/FDR-Receipt-Header/Edit/controllerReceiptInput'

2020-08-26 19:27:45 - [MESSAGE][PASSED] - Object 'Object Repository/FDR-Receipt/FDR-Receipt-Header/View/buttonNext' is present

2020-08-26 19:27:46 - [MESSAGE][PASSED] - Object: 'Object Repository/FDR-Receipt/FDR-Receipt-Header/View/buttonNext' is clicked on

2020-08-26 19:27:46 - [TEST_STEP][PASSED] - waitForElementPresent(findTestObject("FDR-Receipt/FDR-Receipt-Header/Edit/3dots_icon"), 2): Object 'Object Repository/FDR-Receipt/FDR-Receipt-Header/Edit/3dots_icon' is present

2020-08-26 19:27:47 - [MESSAGE][PASSED] - Object 'Object Repository/FDR-Receipt/FDR-Receipt-Header/Edit/3dots_icon' is present

2020-08-26 19:27:47 - [TEST_STEP][PASSED] - click(findTestObject("FDR-Receipt/FDR-Receipt-Header/Edit/3dots_icon"), STOP_ON_FAILURE): Object: 'Object Repository/FDR-Receipt/FDR-Receipt-Header/Edit/3dots_icon' is clicked on

2020-08-26 19:27:47 - [MESSAGE][PASSED] - Object: 'Object Repository/FDR-Receipt/FDR-Receipt-Header/Edit/3dots_icon' is clicked on

2020-08-26 19:27:47 - [TEST_STEP][PASSED] - click(findTestObject("FDR-Receipt/FDR-Receipt-Header/Edit/edit-Icon"), STOP_ON_FAILURE): Object: 'Object Repository/FDR-Receipt/FDR-Receipt-Header/Edit/edit-Icon' is clicked on

2020-08-26 19:27:48 - [MESSAGE][PASSED] - Object: 'Object Repository/FDR-Receipt/FDR-Receipt-Header/Edit/edit-Icon' is clicked on

2020-08-26 19:27:48 - [TEST_STEP][PASSED] - verifyElementPresent(findTestObject("FDR-Receipt/FDR-Receipt-Header/Edit/remmitanceAdviceInput"), 2, STOP_ON_FAILURE): Object 'Object Repository/FDR-Receipt/FDR-Receipt-Header/Edit/remmitanceAdviceInput' is present

2020-08-26 19:27:48 - [MESSAGE][PASSED] - Object 'Object Repository/FDR-Receipt/FDR-Receipt-Header/Edit/remmitanceAdviceInput' is present

2020-08-26 19:27:48 - [TEST_STEP][PASSED] - sendKeys(findTestObject("FDR-Receipt/FDR-Receipt-Header/Edit/remmitanceAdviceInput"), remmitanceAdvice): Keys '1234' sent to object: 'Object Repository/FDR-Receipt/FDR-Receipt-Header/Edit/remmitanceAdviceInput'

2020-08-26 19:27:49 - [MESSAGE][PASSED] - Keys '1234' sent to object: 'Object Repository/FDR-Receipt/FDR-Receipt-Header/Edit/remmitanceAdviceInput'

2020-08-26 19:27:49 - [TEST_STEP][PASSED] - verifyElementPresent(findTestObject("FDR-Receipt/FDR-Receipt-Header/Edit/controllerReceiptInput"), 2, STOP_ON_FAILURE): Object 'Object Repository/FDR-Receipt/FDR-Receipt-Header/Edit/controllerReceiptInput' is present

2020-08-26 19:27:49 - [MESSAGE][PASSED] - Object 'Object Repository/FDR-Receipt/FDR-Receipt-Header/Edit/controllerReceiptInput' is present

2020-08-26 19:27:49 - [TEST_STEP][PASSED] - sendKeys(findTestObject("FDR-Receipt/FDR-Receipt-Header/Edit/controllerReceiptInput"), controllerReceipt): Keys '4567' sent to object: 'Object Repository/FDR-Receipt/FDR-Receipt-Header/Edit/controllerReceiptInput'

2020-08-26 19:27:49 - [MESSAGE][PASSED] - Keys '4567' sent to object: 'Object Repository/FDR-Receipt/FDR-Receipt-Header/Edit/controllerReceiptInput'

2020-08-26 19:27:49 - [TEST_STEP][PASSED] - waitForElementPresent(findTestObject("FDR-Receipt/FDR-Receipt-Header/Edit/next_Button"), 2): Object 'Object Repository/FDR-Receipt/FDR-Receipt-Header/Edit/next_Button' is present

2020-08-26 19:27:50 - [MESSAGE][PASSED] - Object 'Object Repository/FDR-Receipt/FDR-Receipt-Header/Edit/next_Button' is present

2020-08-26 19:27:50 - [TEST_STEP][PASSED] - click(findTestObject("FDR-Receipt/FDR-Receipt-Header/Edit/next_Button")): Object: 'Object Repository/FDR-Receipt/FDR-Receipt-Header/Edit/next_Button' is clicked on

2020-08-26 19:27:50 - [MESSAGE][PASSED] - Object: 'Object Repository/FDR-Receipt/FDR-Receipt-Header/Edit/next_Button' is clicked on

2020-08-26 19:27:50 - [TEST_STEP][PASSED] - waitForElementPresent(findTestObject("FDR-Receipt/FDR-Receipt-Header/Edit/Mose_over"), 2): Object 'Object Repository/FDR-Receipt/FDR-Receipt-Header/Edit/Mose_over' is present

2020-08-26 19:27:51 - [MESSAGE][PASSED] - Object 'Object Repository/FDR-Receipt/FDR-Receipt-Header/Edit/Mose_over' is present

2020-08-26 19:27:51 - [TEST_STEP][PASSED] - click(findTestObject("FDR-Receipt/FDR-Receipt-Header/Edit/Mose_over")): Object: 'Object Repository/FDR-Receipt/FDR-Receipt-Header/Edit/Mose_over' is clicked on

2020-08-26 19:27:51 - [MESSAGE][PASSED] - Object: 'Object Repository/FDR-Receipt/FDR-Receipt-Header/Edit/Mose_over' is clicked on

2020-08-26 19:27:51 - [TEST_STEP][PASSED] - waitForElementPresent(findTestObject("FDR-Receipt/FDR-Receipt-Header/Edit/remmitanceAdviceView"), 2): Object 'Object Repository/FDR-Receipt/FDR-Receipt-Header/Edit/remmitanceAdviceView' is present

2020-08-26 19:27:52 - [MESSAGE][PASSED] - Object 'Object Repository/FDR-Receipt/FDR-Receipt-Header/Edit/remmitanceAdviceView' is present

2020-08-26 19:27:52 - [TEST_STEP][PASSED] - if (getText(findTestObject("FDR-Receipt/FDR-Receipt-Header/Edit/remmitanceAdviceView")) == remmitanceAdvice): Text of object 'Object Repository/FDR-Receipt/FDR-Receipt-Header/Edit/remmitanceAdviceView' is: ''

2020-08-26 19:27:52 - [MESSAGE][PASSED] - Text of object 'Object Repository/FDR-Receipt/FDR-Receipt-Header/Edit/remmitanceAdviceView' is: ''

2020-08-26 19:27:52 - [TEST_STEP][PASSED] - waitForElementPresent(findTestObject("FDR-Receipt/FDR-Receipt-Header/Edit/controllerReceiptView"), 2): Object 'Object Repository/FDR-Receipt/FDR-Receipt-Header/Edit/controllerReceiptView' is present

2020-08-26 19:27:53 - [MESSAGE][PASSED] - Object 'Object Repository/FDR-Receipt/FDR-Receipt-Header/Edit/controllerReceiptView' is present

2020-08-26 19:27:53 - [TEST_STEP][PASSED] - if (getText(findTestObject("FDR-Receipt/FDR-Receipt-Header/Edit/controllerReceiptView")) == controllerReceipt): Text of object 'Object Repository/FDR-Receipt/FDR-Receipt-Header/Edit/controllerReceiptView' is: ''

2020-08-26 19:27:53 - [MESSAGE][PASSED] - Text of object 'Object Repository/FDR-Receipt/FDR-Receipt-Header/Edit/controllerReceiptView' is: ''

2020-08-26 19:27:53 - [TEST_STEP][PASSED] - Start listener action : sampleAfterTestCase: Browser is closed

2020-08-26 19:27:53 - [TEST_STEP][PASSED] - profileName = getExecutionProfile(): null

2020-08-26 19:27:53 - [TEST_STEP][PASSED] - switch (profileName): null

2020-08-26 19:27:53 - [TEST_STEP][PASSED] - if (!(skipBeforeAndAfterTestCase)): Browser is closed

2020-08-26 19:27:53 - [TEST_STEP][PASSED] - Uifunctions.logoutFDR(): Browser is closed

2020-08-26 19:27:53 - [MESSAGE][PASSED] - Browser is closed

2020-08-26 19:27:53 - [TEST_STEP][PASSED] - Start listener action : afterTestCase: null

2020-08-26 19:27:53 - [TEST_STEP][PASSED] - profileName = getExecutionProfile(): null

2020-08-26 19:27:53 - [TEST_STEP][PASSED] - if (profileName.equalsIgnoreCase("SysAdmin")): null

2020-08-26 19:27:53 - [TEST_STEP][PASSED] - Start listener action : sampleAfterTestCase: null

2020-08-26 19:27:53 - [TEST_STEP][PASSED] - profileName = getExecutionProfile(): null

2020-08-26 19:27:53 - [TEST_STEP][PASSED] - switch (profileName): null

2020-08-26 19:27:53 - [TEST_STEP][PASSED] - Default: null

2020-08-26 19:27:53 - [TEST_STEP][PASSED] - return null: null

2020-08-26 19:27:53 - [TEST_STEP][PASSED] - Start listener action : addFailedTCToList: null]]></system-out>
         <system-err><![CDATA[]]></system-err>
      </testcase>
      <testcase name="Test Cases/WEB-UI-TESTS/Receipt/FDR-Create-Receipt-DistributionLine" time="124.907" classname="Test Cases/WEB-UI-TESTS/Receipt/FDR-Create-Receipt-DistributionLine" status="PASSED">
         <system-out><![CDATA[2020-08-26 19:27:54 - [TEST_CASE][PASSED] - Test Cases/WEB-UI-TESTS/Receipt/FDR-Create-Receipt-DistributionLine: Test Cases/WEB-UI-TESTS/Receipt/FDR-Create-Receipt-DistributionLine

2020-08-26 19:27:54 - [TEST_STEP][PASSED] - Start listener action : sampleBeforeTestCase: Navigate to 'https://fdr-katalon.cammis-mod-dev.dhcs.ca.gov/dashboard' successfully

2020-08-26 19:27:54 - [TEST_STEP][PASSED] - profileName = getExecutionProfile(): null

2020-08-26 19:27:54 - [TEST_STEP][PASSED] - switch (profileName): null

2020-08-26 19:27:54 - [TEST_STEP][PASSED] - testCaseId = testCaseContext.getTestCaseId(): null

2020-08-26 19:27:54 - [TEST_STEP][PASSED] - if (!(skipBeforeAndAfterTestCase)): Navigate to 'https://fdr-katalon.cammis-mod-dev.dhcs.ca.gov/dashboard' successfully

2020-08-26 19:27:54 - [TEST_STEP][PASSED] - if (account7TestCases.contains(testCaseId)): null

2020-08-26 19:27:54 - [TEST_STEP][PASSED] - else if (account10TestCases.contains(testCaseId)): null

2020-08-26 19:27:54 - [TEST_STEP][PASSED] - else: Object: 'Object Repository/FDR-SignIn/SignInButton' is clicked on

2020-08-26 19:27:54 - [TEST_STEP][PASSED] - Uifunctions.loginFDR(accountsApprover, accountsApproverPwd): Object: 'Object Repository/FDR-SignIn/SignInButton' is clicked on

2020-08-26 19:27:54 - [MESSAGE][INFO] - Starting 'Chrome' driver

2020-08-26 19:27:54 - [MESSAGE][INFO] - Action delay is set to 0 milliseconds

2020-08-26 19:27:57 - [MESSAGE][PASSED] - Browser is opened with url: ''

2020-08-26 19:27:59 - [MESSAGE][PASSED] - Current window maximized

2020-08-26 19:28:00 - [MESSAGE][PASSED] - Navigate to 'https://fdr-katalon.cammis-mod-dev.dhcs.ca.gov/dashboard' successfully

2020-08-26 19:28:01 - [MESSAGE][PASSED] - Object 'Object Repository/FDR-SignIn/SignInEmail' is present

2020-08-26 19:28:02 - [MESSAGE][PASSED] - Object: 'Object Repository/FDR-SignIn/SignInEmail' is clicked on

2020-08-26 19:28:02 - [MESSAGE][PASSED] - Object 'Object Repository/FDR-SignIn/SignInEmail' is present

2020-08-26 19:28:02 - [MESSAGE][PASSED] - Text 'fdr.test3@dhcs.ca.gov' is set on object 'Object Repository/FDR-SignIn/SignInEmail'

2020-08-26 19:28:03 - [MESSAGE][PASSED] - Object 'Object Repository/FDR-SignIn/SignInEmailNext' is visible

2020-08-26 19:28:03 - [MESSAGE][PASSED] - Object: 'Object Repository/FDR-SignIn/SignInEmailNext' is clicked on

2020-08-26 19:28:06 - [MESSAGE][PASSED] - Object 'Object Repository/FDR-SignIn/SignInEmailPassword' is visible

2020-08-26 19:28:06 - [MESSAGE][PASSED] - Object: 'Object Repository/FDR-SignIn/SignInEmailPassword' is clicked on

2020-08-26 19:28:07 - [MESSAGE][PASSED] - Text ****** has been set on object 'Object Repository/FDR-SignIn/SignInEmailPassword'

2020-08-26 19:28:08 - [MESSAGE][PASSED] - Object: 'Object Repository/FDR-SignIn/SignInButton' is clicked on

2020-08-26 19:28:08 - [TEST_STEP][PASSED] - navigateToUrl(URL): Navigate to 'https://fdr-katalon.cammis-mod-dev.dhcs.ca.gov/dashboard' successfully

2020-08-26 19:28:09 - [MESSAGE][PASSED] - Navigate to 'https://fdr-katalon.cammis-mod-dev.dhcs.ca.gov/dashboard' successfully

2020-08-26 19:28:09 - [TEST_STEP][PASSED] - Start listener action : beforeTestCase: null

2020-08-26 19:28:09 - [TEST_STEP][PASSED] - profileName = getExecutionProfile(): null

2020-08-26 19:28:09 - [TEST_STEP][PASSED] - if (profileName.equalsIgnoreCase("SysAdmin")): null

2020-08-26 19:28:09 - [TEST_STEP][PASSED] - Start listener action : sampleBeforeTestCase: null

2020-08-26 19:28:09 - [TEST_STEP][PASSED] - profileName = getExecutionProfile(): null

2020-08-26 19:28:09 - [TEST_STEP][PASSED] - testCaseId = testCaseContext.getTestCaseId(): null

2020-08-26 19:28:09 - [TEST_STEP][PASSED] - switch (profileName): null

2020-08-26 19:28:09 - [TEST_STEP][PASSED] - Default: null

2020-08-26 19:28:09 - [TEST_STEP][PASSED] - return null: null

2020-08-26 19:28:09 - [TEST_STEP][PASSED] - Start listener action : executeRows: null

2020-08-26 19:28:09 - [TEST_STEP][PASSED] - d = Date().plus(1): null

2020-08-26 19:28:09 - [TEST_STEP][PASSED] - dd = Date().plus(2): null

2020-08-26 19:28:09 - [TEST_STEP][PASSED] - servicedatefrom = d.format("MM/dd/yyyy"): null

2020-08-26 19:28:09 - [TEST_STEP][PASSED] - servicedateto = dd.format("MM/dd/yyyy"): null

2020-08-26 19:28:09 - [TEST_STEP][PASSED] - originalwarrantdate = dd.format("MM/dd/yyyy"): null

2020-08-26 19:28:09 - [TEST_STEP][PASSED] - newDepositId = RandomStringUtils.randomNumeric(7): null

2020-08-26 19:28:09 - [TEST_STEP][PASSED] - editors.createReceipt(Drawdate, Paydate, newDepositId, Receiptnotes): Object: 'Object Repository/FDR-Receipt/FDR-Receipt-Header/View/buttonNext' is clicked on

2020-08-26 19:28:16 - [MESSAGE][INFO] - Unable to find the element located by 'By.xpath: //*[@data-id='button-link']//*[contains(text(),'Create New Voucher')]'. Please recheck the objects properties to make sure the desired element is located. 

2020-08-26 19:28:16 - [MESSAGE][WARNING] - Object 'Object Repository/FDR-Dashboard/createNewVoucherButton' is not present after 4 second(s)

2020-08-26 19:28:16 - [MESSAGE][PASSED] - Object 'Object Repository/FDR-Receipt/FDR-Receipt-Dashboard/createNew_ReceiptBatch_Button' is present

2020-08-26 19:28:17 - [MESSAGE][PASSED] - Object: 'Object Repository/FDR-Receipt/FDR-Receipt-Dashboard/createNew_ReceiptBatch_Button' is clicked on

2020-08-26 19:28:17 - [MESSAGE][PASSED] - Object 'Object Repository/FDR-Receipt/FDR-Receipt-Header/View/inputDrawDate' is present

2020-08-26 19:28:18 - [MESSAGE][PASSED] - Text '09/14/2020' is set on object 'Object Repository/FDR-Receipt/FDR-Receipt-Header/View/inputDrawDate'

2020-08-26 19:28:19 - [MESSAGE][PASSED] - Keys 'TAB + ENTER + ENTER + ' sent to object: 'Object Repository/FDR-Receipt/FDR-Receipt-Header/View/inputDrawDate'

2020-08-26 19:28:20 - [MESSAGE][PASSED] - Object 'Object Repository/FDR-Receipt/FDR-Receipt-Header/Edit/payDate' is present

2020-08-26 19:28:20 - [MESSAGE][PASSED] - Text '09/16/2020' is set on object 'Object Repository/FDR-Receipt/FDR-Receipt-Header/Edit/payDate'

2020-08-26 19:28:21 - [MESSAGE][PASSED] - Object 'Object Repository/FDR-Receipt/FDR-Receipt-Header/View/deposit ID' is present

2020-08-26 19:28:22 - [MESSAGE][PASSED] - Text '6396130' is set on object 'Object Repository/FDR-Receipt/FDR-Receipt-Header/View/deposit ID'

2020-08-26 19:28:22 - [MESSAGE][PASSED] - Object 'Object Repository/FDR-Receipt/FDR-ReceiptBatch/receiptNotes' is present

2020-08-26 19:28:23 - [MESSAGE][PASSED] - Text 'rqewrq' is set on object 'Object Repository/FDR-Receipt/FDR-ReceiptBatch/receiptNotes'

2020-08-26 19:28:23 - [MESSAGE][PASSED] - Object 'Object Repository/FDR-Receipt/FDR-Receipt-Header/Edit/remmitanceAdviceInput' is present

2020-08-26 19:28:24 - [MESSAGE][PASSED] - Keys '' sent to object: 'Object Repository/FDR-Receipt/FDR-Receipt-Header/Edit/remmitanceAdviceInput'

2020-08-26 19:28:24 - [MESSAGE][PASSED] - Object 'Object Repository/FDR-Receipt/FDR-Receipt-Header/Edit/controllerReceiptInput' is present

2020-08-26 19:28:24 - [MESSAGE][PASSED] - Keys '' sent to object: 'Object Repository/FDR-Receipt/FDR-Receipt-Header/Edit/controllerReceiptInput'

2020-08-26 19:28:25 - [MESSAGE][PASSED] - Object 'Object Repository/FDR-Receipt/FDR-Receipt-Header/View/buttonNext' is present

2020-08-26 19:28:25 - [MESSAGE][PASSED] - Object: 'Object Repository/FDR-Receipt/FDR-Receipt-Header/View/buttonNext' is clicked on

2020-08-26 19:28:25 - [TEST_STEP][PASSED] - editors.createReceiptline(ReceiptID, SupplierID, DepositDate): Object: 'Object Repository/FDR-Receipt/FDR-Receipt-Checkline/View/addReceipt_Button2' is clicked on

2020-08-26 19:28:26 - [MESSAGE][PASSED] - Object 'Object Repository/FDR-Receipt/FDR-Receipt-Checkline/View/receipt_ID' is present

2020-08-26 19:28:27 - [MESSAGE][PASSED] - Keys 'CHK10322' sent to object: 'Object Repository/FDR-Receipt/FDR-Receipt-Checkline/View/receipt_ID'

2020-08-26 19:28:27 - [MESSAGE][PASSED] - Object 'Object Repository/FDR-Receipt/FDR-Receipt-Checkline/View/supplier_Id' is present

2020-08-26 19:28:27 - [MESSAGE][PASSED] - Keys '0000007954' sent to object: 'Object Repository/FDR-Receipt/FDR-Receipt-Checkline/View/supplier_Id'

2020-08-26 19:28:28 - [MESSAGE][PASSED] - Keys 'DOWN + ENTER + ' sent to object: 'Object Repository/FDR-Receipt/FDR-Receipt-Checkline/View/supplier_Id'

2020-08-26 19:28:28 - [MESSAGE][PASSED] - Object 'Object Repository/FDR-Receipt/FDR-Receipt-Checkline/View/deposit_Date' is present

2020-08-26 19:28:29 - [MESSAGE][PASSED] - Keys '02/24/2020' sent to object: 'Object Repository/FDR-Receipt/FDR-Receipt-Checkline/View/deposit_Date'

2020-08-26 19:28:35 - [MESSAGE][INFO] - Unable to find the element located by 'By.xpath: //*[@data-id='button-link']//*[contains(text(),'Create New Voucher')]'. Please recheck the objects properties to make sure the desired element is located. 

2020-08-26 19:28:35 - [MESSAGE][WARNING] - Object 'Object Repository/FDR-Dashboard/createNewVoucherButton' is not present after 4 second(s)

2020-08-26 19:28:35 - [MESSAGE][PASSED] - Object 'Object Repository/FDR-Receipt/FDR-Receipt-Checkline/View/addReceipt_Button2' is present

2020-08-26 19:28:36 - [MESSAGE][PASSED] - Object: 'Object Repository/FDR-Receipt/FDR-Receipt-Checkline/View/addReceipt_Button2' is clicked on

2020-08-26 19:28:36 - [TEST_STEP][PASSED] - verifyElementClickable(findTestObject("FDR-Receipt/FDR-Receipt-DistributionLine/FDR-AddEdit-DistributionLine/arrow_Down"), STOP_ON_FAILURE): Object 'Object Repository/FDR-Receipt/FDR-Receipt-DistributionLine/FDR-AddEdit-DistributionLine/arrow_Down' is clickable

2020-08-26 19:28:36 - [MESSAGE][PASSED] - Object 'Object Repository/FDR-Receipt/FDR-Receipt-DistributionLine/FDR-AddEdit-DistributionLine/arrow_Down' is clickable

2020-08-26 19:28:36 - [TEST_STEP][PASSED] - click(findTestObject("FDR-Receipt/FDR-Receipt-DistributionLine/FDR-AddEdit-DistributionLine/arrow_Down"), STOP_ON_FAILURE): Object: 'Object Repository/FDR-Receipt/FDR-Receipt-DistributionLine/FDR-AddEdit-DistributionLine/arrow_Down' is clicked on

2020-08-26 19:28:36 - [MESSAGE][PASSED] - Object: 'Object Repository/FDR-Receipt/FDR-Receipt-DistributionLine/FDR-AddEdit-DistributionLine/arrow_Down' is clicked on

2020-08-26 19:28:36 - [TEST_STEP][PASSED] - waitForElementPresent(findTestObject("FDR-Receipt/FDR-Receipt-Checkline/View/deposit_Control_Amount"), 10): Object 'Object Repository/FDR-Receipt/FDR-Receipt-Checkline/View/deposit_Control_Amount' is present

2020-08-26 19:28:37 - [MESSAGE][PASSED] - Object 'Object Repository/FDR-Receipt/FDR-Receipt-Checkline/View/deposit_Control_Amount' is present

2020-08-26 19:28:37 - [TEST_STEP][PASSED] - Receipttotalbefaddwith$ = getText(findTestObject("FDR-Receipt/FDR-Receipt-Checkline/View/deposit_Control_Amount")): Text of object 'Object Repository/FDR-Receipt/FDR-Receipt-Checkline/View/deposit_Control_Amount' is: '$0.00'

2020-08-26 19:28:38 - [MESSAGE][PASSED] - Text of object 'Object Repository/FDR-Receipt/FDR-Receipt-Checkline/View/deposit_Control_Amount' is: '$0.00'

2020-08-26 19:28:38 - [TEST_STEP][PASSED] - Receipttotalbefaddwithout$ = Receipttotalbefaddwith$.substring(1): null

2020-08-26 19:28:38 - [TEST_STEP][PASSED] - ReceipttotalbefaddwithoutComma = Receipttotalbefaddwithout$.replaceAll(",", ""): null

2020-08-26 19:28:38 - [TEST_STEP][PASSED] - Receipttotalbefreceiptlineadd = Float.parseFloat(ReceipttotalbefaddwithoutComma): null

2020-08-26 19:28:38 - [TEST_STEP][PASSED] - waitForElementPresent(findTestObject("FDR-Receipt/FDR-Receipt-DistributionLine/FDR-AddEdit-DistributionLine/button_Add-Invoiceline"), 10): Object 'Object Repository/FDR-Receipt/FDR-Receipt-DistributionLine/FDR-AddEdit-DistributionLine/button_Add-Invoiceline' is present

2020-08-26 19:28:38 - [MESSAGE][PASSED] - Object 'Object Repository/FDR-Receipt/FDR-Receipt-DistributionLine/FDR-AddEdit-DistributionLine/button_Add-Invoiceline' is present

2020-08-26 19:28:38 - [TEST_STEP][PASSED] - scrollToElement(findTestObject("FDR-Receipt/FDR-Receipt-DistributionLine/FDR-AddEdit-DistributionLine/button_Add-Invoiceline"), 3): Scroll to object 'Object Repository/FDR-Receipt/FDR-Receipt-DistributionLine/FDR-AddEdit-DistributionLine/button_Add-Invoiceline' successfully

2020-08-26 19:28:38 - [MESSAGE][PASSED] - Scroll to object 'Object Repository/FDR-Receipt/FDR-Receipt-DistributionLine/FDR-AddEdit-DistributionLine/button_Add-Invoiceline' successfully

2020-08-26 19:28:38 - [TEST_STEP][PASSED] - verifyElementClickable(findTestObject("FDR-Receipt/FDR-Receipt-DistributionLine/FDR-AddEdit-DistributionLine/button_Add-Invoiceline"), STOP_ON_FAILURE): Object 'Object Repository/FDR-Receipt/FDR-Receipt-DistributionLine/FDR-AddEdit-DistributionLine/button_Add-Invoiceline' is clickable

2020-08-26 19:28:39 - [MESSAGE][PASSED] - Object 'Object Repository/FDR-Receipt/FDR-Receipt-DistributionLine/FDR-AddEdit-DistributionLine/button_Add-Invoiceline' is clickable

2020-08-26 19:28:39 - [TEST_STEP][PASSED] - click(findTestObject("FDR-Receipt/FDR-Receipt-DistributionLine/FDR-AddEdit-DistributionLine/button_Add-Invoiceline"), STOP_ON_FAILURE): Object: 'Object Repository/FDR-Receipt/FDR-Receipt-DistributionLine/FDR-AddEdit-DistributionLine/button_Add-Invoiceline' is clicked on

2020-08-26 19:28:39 - [MESSAGE][PASSED] - Object: 'Object Repository/FDR-Receipt/FDR-Receipt-DistributionLine/FDR-AddEdit-DistributionLine/button_Add-Invoiceline' is clicked on

2020-08-26 19:28:39 - [TEST_STEP][PASSED] - waitForElementPresent(findTestObject("FDR-Receipt/FDR-Receipt-DistributionLine/FDR-AddEdit-DistributionLine/invoice_Searchfield"), 10): Object 'Object Repository/FDR-Receipt/FDR-Receipt-DistributionLine/FDR-AddEdit-DistributionLine/invoice_Searchfield' is present

2020-08-26 19:28:39 - [MESSAGE][PASSED] - Object 'Object Repository/FDR-Receipt/FDR-Receipt-DistributionLine/FDR-AddEdit-DistributionLine/invoice_Searchfield' is present

2020-08-26 19:28:39 - [TEST_STEP][PASSED] - sendKeys(findTestObject("FDR-Receipt/FDR-Receipt-DistributionLine/FDR-AddEdit-DistributionLine/invoice_Searchfield"), searchfield): Keys '524342' sent to object: 'Object Repository/FDR-Receipt/FDR-Receipt-DistributionLine/FDR-AddEdit-DistributionLine/invoice_Searchfield'

2020-08-26 19:28:40 - [MESSAGE][PASSED] - Keys '524342' sent to object: 'Object Repository/FDR-Receipt/FDR-Receipt-DistributionLine/FDR-AddEdit-DistributionLine/invoice_Searchfield'

2020-08-26 19:28:40 - [TEST_STEP][PASSED] - click(findTestObject("FDR-Receipt/FDR-Receipt-DistributionLine/FDR-AddEdit-DistributionLine/button_Add_invoicemanually")): Object: 'Object Repository/FDR-Receipt/FDR-Receipt-DistributionLine/FDR-AddEdit-DistributionLine/button_Add_invoicemanually' is clicked on

2020-08-26 19:28:41 - [MESSAGE][PASSED] - Object: 'Object Repository/FDR-Receipt/FDR-Receipt-DistributionLine/FDR-AddEdit-DistributionLine/button_Add_invoicemanually' is clicked on

2020-08-26 19:28:41 - [TEST_STEP][PASSED] - waitForElementPresent(findTestObject("FDR-Receipt/FDR-Receipt-DistributionLine/FDR-AddEdit-DistributionLine/input_Service date (from)"), 10): Object 'Object Repository/FDR-Receipt/FDR-Receipt-DistributionLine/FDR-AddEdit-DistributionLine/input_Service date (from)' is present

2020-08-26 19:28:42 - [MESSAGE][PASSED] - Object 'Object Repository/FDR-Receipt/FDR-Receipt-DistributionLine/FDR-AddEdit-DistributionLine/input_Service date (from)' is present

2020-08-26 19:28:42 - [TEST_STEP][PASSED] - sendKeys(findTestObject("FDR-Receipt/FDR-Receipt-DistributionLine/FDR-AddEdit-DistributionLine/input_Service date (from)"), servicedatefrom): Keys '08/27/2020' sent to object: 'Object Repository/FDR-Receipt/FDR-Receipt-DistributionLine/FDR-AddEdit-DistributionLine/input_Service date (from)'

2020-08-26 19:28:42 - [MESSAGE][PASSED] - Keys '08/27/2020' sent to object: 'Object Repository/FDR-Receipt/FDR-Receipt-DistributionLine/FDR-AddEdit-DistributionLine/input_Service date (from)'

2020-08-26 19:28:42 - [TEST_STEP][PASSED] - waitForElementPresent(findTestObject("FDR-Receipt/FDR-Receipt-DistributionLine/FDR-AddEdit-DistributionLine/input_Service date (to)"), 10): Object 'Object Repository/FDR-Receipt/FDR-Receipt-DistributionLine/FDR-AddEdit-DistributionLine/input_Service date (to)' is present

2020-08-26 19:28:42 - [MESSAGE][PASSED] - Object 'Object Repository/FDR-Receipt/FDR-Receipt-DistributionLine/FDR-AddEdit-DistributionLine/input_Service date (to)' is present

2020-08-26 19:28:42 - [TEST_STEP][PASSED] - sendKeys(findTestObject("FDR-Receipt/FDR-Receipt-DistributionLine/FDR-AddEdit-DistributionLine/input_Service date (to)"), servicedateto): Keys '08/28/2020' sent to object: 'Object Repository/FDR-Receipt/FDR-Receipt-DistributionLine/FDR-AddEdit-DistributionLine/input_Service date (to)'

2020-08-26 19:28:43 - [MESSAGE][PASSED] - Keys '08/28/2020' sent to object: 'Object Repository/FDR-Receipt/FDR-Receipt-DistributionLine/FDR-AddEdit-DistributionLine/input_Service date (to)'

2020-08-26 19:28:43 - [TEST_STEP][PASSED] - waitForElementPresent(findTestObject("FDR-Receipt/FDR-Receipt-DistributionLine/FDR-AddEdit-DistributionLine/input_OrginalWarrantDate"), 10): Object 'Object Repository/FDR-Receipt/FDR-Receipt-DistributionLine/FDR-AddEdit-DistributionLine/input_OrginalWarrantDate' is present

2020-08-26 19:28:43 - [MESSAGE][PASSED] - Object 'Object Repository/FDR-Receipt/FDR-Receipt-DistributionLine/FDR-AddEdit-DistributionLine/input_OrginalWarrantDate' is present

2020-08-26 19:28:43 - [TEST_STEP][PASSED] - sendKeys(findTestObject("FDR-Receipt/FDR-Receipt-DistributionLine/FDR-AddEdit-DistributionLine/input_OrginalWarrantDate"), originalwarrantdate): Keys '08/28/2020' sent to object: 'Object Repository/FDR-Receipt/FDR-Receipt-DistributionLine/FDR-AddEdit-DistributionLine/input_OrginalWarrantDate'

2020-08-26 19:28:44 - [MESSAGE][PASSED] - Keys '08/28/2020' sent to object: 'Object Repository/FDR-Receipt/FDR-Receipt-DistributionLine/FDR-AddEdit-DistributionLine/input_OrginalWarrantDate'

2020-08-26 19:28:44 - [TEST_STEP][PASSED] - waitForElementPresent(findTestObject("FDR-Receipt/FDR-Receipt-DistributionLine/FDR-AddEdit-DistributionLine/input_Amount"), 10): Object 'Object Repository/FDR-Receipt/FDR-Receipt-DistributionLine/FDR-AddEdit-DistributionLine/input_Amount' is present

2020-08-26 19:28:44 - [MESSAGE][PASSED] - Object 'Object Repository/FDR-Receipt/FDR-Receipt-DistributionLine/FDR-AddEdit-DistributionLine/input_Amount' is present

2020-08-26 19:28:44 - [TEST_STEP][PASSED] - sendKeys(findTestObject("FDR-Receipt/FDR-Receipt-DistributionLine/FDR-AddEdit-DistributionLine/input_Amount"), Amount): Keys '3000' sent to object: 'Object Repository/FDR-Receipt/FDR-Receipt-DistributionLine/FDR-AddEdit-DistributionLine/input_Amount'

2020-08-26 19:28:45 - [MESSAGE][PASSED] - Keys '3000' sent to object: 'Object Repository/FDR-Receipt/FDR-Receipt-DistributionLine/FDR-AddEdit-DistributionLine/input_Amount'

2020-08-26 19:28:45 - [TEST_STEP][PASSED] - waitForElementPresent(findTestObject("FDR-Receipt/FDR-Receipt-DistributionLine/FDR-AddEdit-DistributionLine/waiver_Type"), 10): Object 'Object Repository/FDR-Receipt/FDR-Receipt-DistributionLine/FDR-AddEdit-DistributionLine/waiver_Type' is present

2020-08-26 19:28:45 - [MESSAGE][PASSED] - Object 'Object Repository/FDR-Receipt/FDR-Receipt-DistributionLine/FDR-AddEdit-DistributionLine/waiver_Type' is present

2020-08-26 19:28:45 - [TEST_STEP][PASSED] - waitForElementPresent(findTestObject("FDR-Receipt/FDR-Receipt-DistributionLine/FDR-AddEdit-DistributionLine/waiver_Type"), 8): Object 'Object Repository/FDR-Receipt/FDR-Receipt-DistributionLine/FDR-AddEdit-DistributionLine/waiver_Type' is present

2020-08-26 19:28:45 - [MESSAGE][PASSED] - Object 'Object Repository/FDR-Receipt/FDR-Receipt-DistributionLine/FDR-AddEdit-DistributionLine/waiver_Type' is present

2020-08-26 19:28:45 - [TEST_STEP][PASSED] - sendKeys(findTestObject("FDR-Receipt/FDR-Receipt-DistributionLine/FDR-AddEdit-DistributionLine/waiver_Type"), Waivertype): Keys '2020' sent to object: 'Object Repository/FDR-Receipt/FDR-Receipt-DistributionLine/FDR-AddEdit-DistributionLine/waiver_Type'

2020-08-26 19:28:46 - [MESSAGE][PASSED] - Keys '2020' sent to object: 'Object Repository/FDR-Receipt/FDR-Receipt-DistributionLine/FDR-AddEdit-DistributionLine/waiver_Type'

2020-08-26 19:28:46 - [TEST_STEP][PASSED] - sendKeys(findTestObject("FDR-Receipt/FDR-Receipt-DistributionLine/FDR-AddEdit-DistributionLine/waiver_Type"), Keys.chord(DOWN, ENTER)): Keys 'DOWN + ENTER + ' sent to object: 'Object Repository/FDR-Receipt/FDR-Receipt-DistributionLine/FDR-AddEdit-DistributionLine/waiver_Type'

2020-08-26 19:28:46 - [MESSAGE][PASSED] - Keys 'DOWN + ENTER + ' sent to object: 'Object Repository/FDR-Receipt/FDR-Receipt-DistributionLine/FDR-AddEdit-DistributionLine/waiver_Type'

2020-08-26 19:28:46 - [TEST_STEP][PASSED] - waitForElementPresent(findTestObject("FDR-Receipt/FDR-Receipt-DistributionLine/FDR-AddEdit-DistributionLine/waiver_Name"), 6): Object 'Object Repository/FDR-Receipt/FDR-Receipt-DistributionLine/FDR-AddEdit-DistributionLine/waiver_Name' is present

2020-08-26 19:28:47 - [MESSAGE][PASSED] - Object 'Object Repository/FDR-Receipt/FDR-Receipt-DistributionLine/FDR-AddEdit-DistributionLine/waiver_Name' is present

2020-08-26 19:28:47 - [TEST_STEP][PASSED] - sendKeys(findTestObject("FDR-Receipt/FDR-Receipt-DistributionLine/FDR-AddEdit-DistributionLine/waiver_Name"), Waivername): Keys 'A-FamilyU TPM/GMC' sent to object: 'Object Repository/FDR-Receipt/FDR-Receipt-DistributionLine/FDR-AddEdit-DistributionLine/waiver_Name'

2020-08-26 19:28:47 - [MESSAGE][PASSED] - Keys 'A-FamilyU TPM/GMC' sent to object: 'Object Repository/FDR-Receipt/FDR-Receipt-DistributionLine/FDR-AddEdit-DistributionLine/waiver_Name'

2020-08-26 19:28:47 - [TEST_STEP][PASSED] - sendKeys(findTestObject("FDR-Receipt/FDR-Receipt-DistributionLine/FDR-AddEdit-DistributionLine/waiver_Name"), Keys.chord(DOWN, ENTER)): Keys 'DOWN + ENTER + ' sent to object: 'Object Repository/FDR-Receipt/FDR-Receipt-DistributionLine/FDR-AddEdit-DistributionLine/waiver_Name'

2020-08-26 19:28:48 - [MESSAGE][PASSED] - Keys 'DOWN + ENTER + ' sent to object: 'Object Repository/FDR-Receipt/FDR-Receipt-DistributionLine/FDR-AddEdit-DistributionLine/waiver_Name'

2020-08-26 19:28:48 - [TEST_STEP][PASSED] - waitForElementPresent(findTestObject("FDR-Receipt/FDR-Receipt-DistributionLine/FDR-AddEdit-DistributionLine/funding_Source"), 6): Object 'Object Repository/FDR-Receipt/FDR-Receipt-DistributionLine/FDR-AddEdit-DistributionLine/funding_Source' is present

2020-08-26 19:28:48 - [MESSAGE][PASSED] - Object 'Object Repository/FDR-Receipt/FDR-Receipt-DistributionLine/FDR-AddEdit-DistributionLine/funding_Source' is present

2020-08-26 19:28:48 - [TEST_STEP][PASSED] - waitForElementPresent(findTestObject("FDR-Receipt/FDR-Receipt-DistributionLine/FDR-AddEdit-DistributionLine/fund_Code"), 30): Object 'Object Repository/FDR-Receipt/FDR-Receipt-DistributionLine/FDR-AddEdit-DistributionLine/fund_Code' is present

2020-08-26 19:28:48 - [MESSAGE][PASSED] - Object 'Object Repository/FDR-Receipt/FDR-Receipt-DistributionLine/FDR-AddEdit-DistributionLine/fund_Code' is present

2020-08-26 19:28:48 - [TEST_STEP][PASSED] - sendKeys(findTestObject("FDR-Receipt/FDR-Receipt-DistributionLine/FDR-AddEdit-DistributionLine/fund_Code"), Fundcode): Keys 'Health Care Deposit Fund (0912)' sent to object: 'Object Repository/FDR-Receipt/FDR-Receipt-DistributionLine/FDR-AddEdit-DistributionLine/fund_Code'

2020-08-26 19:28:49 - [MESSAGE][PASSED] - Keys 'Health Care Deposit Fund (0912)' sent to object: 'Object Repository/FDR-Receipt/FDR-Receipt-DistributionLine/FDR-AddEdit-DistributionLine/fund_Code'

2020-08-26 19:28:49 - [TEST_STEP][PASSED] - sendKeys(findTestObject("FDR-Receipt/FDR-Receipt-DistributionLine/FDR-AddEdit-DistributionLine/fund_Code"), Keys.chord(DOWN, ENTER)): Keys 'DOWN + ENTER + ' sent to object: 'Object Repository/FDR-Receipt/FDR-Receipt-DistributionLine/FDR-AddEdit-DistributionLine/fund_Code'

2020-08-26 19:28:49 - [MESSAGE][PASSED] - Keys 'DOWN + ENTER + ' sent to object: 'Object Repository/FDR-Receipt/FDR-Receipt-DistributionLine/FDR-AddEdit-DistributionLine/fund_Code'

2020-08-26 19:28:49 - [TEST_STEP][PASSED] - sendKeys(findTestObject("FDR-Receipt/FDR-Receipt-DistributionLine/FDR-AddEdit-DistributionLine/funding_Source"), Fundingsource): Keys 'Dental' sent to object: 'Object Repository/FDR-Receipt/FDR-Receipt-DistributionLine/FDR-AddEdit-DistributionLine/funding_Source'

2020-08-26 19:28:50 - [MESSAGE][PASSED] - Keys 'Dental' sent to object: 'Object Repository/FDR-Receipt/FDR-Receipt-DistributionLine/FDR-AddEdit-DistributionLine/funding_Source'

2020-08-26 19:28:50 - [TEST_STEP][PASSED] - sendKeys(findTestObject("FDR-Receipt/FDR-Receipt-DistributionLine/FDR-AddEdit-DistributionLine/funding_Source"), Keys.chord(DOWN, ENTER)): Keys 'DOWN + ENTER + ' sent to object: 'Object Repository/FDR-Receipt/FDR-Receipt-DistributionLine/FDR-AddEdit-DistributionLine/funding_Source'

2020-08-26 19:28:50 - [MESSAGE][PASSED] - Keys 'DOWN + ENTER + ' sent to object: 'Object Repository/FDR-Receipt/FDR-Receipt-DistributionLine/FDR-AddEdit-DistributionLine/funding_Source'

2020-08-26 19:28:50 - [TEST_STEP][PASSED] - waitForElementPresent(findTestObject("FDR-Receipt/FDR-Receipt-DistributionLine/FDR-AddEdit-DistributionLine/service_Category"), 10): Object 'Object Repository/FDR-Receipt/FDR-Receipt-DistributionLine/FDR-AddEdit-DistributionLine/service_Category' is present

2020-08-26 19:28:51 - [MESSAGE][PASSED] - Object 'Object Repository/FDR-Receipt/FDR-Receipt-DistributionLine/FDR-AddEdit-DistributionLine/service_Category' is present

2020-08-26 19:28:51 - [TEST_STEP][PASSED] - sendKeys(findTestObject("FDR-Receipt/FDR-Receipt-DistributionLine/FDR-AddEdit-DistributionLine/service_Category"), Servicecategory): Keys '18B1' sent to object: 'Object Repository/FDR-Receipt/FDR-Receipt-DistributionLine/FDR-AddEdit-DistributionLine/service_Category'

2020-08-26 19:28:51 - [MESSAGE][PASSED] - Keys '18B1' sent to object: 'Object Repository/FDR-Receipt/FDR-Receipt-DistributionLine/FDR-AddEdit-DistributionLine/service_Category'

2020-08-26 19:28:51 - [TEST_STEP][PASSED] - sendKeys(findTestObject("FDR-Receipt/FDR-Receipt-DistributionLine/FDR-AddEdit-DistributionLine/service_Category"), Keys.chord(DOWN, ENTER)): Keys 'DOWN + ENTER + ' sent to object: 'Object Repository/FDR-Receipt/FDR-Receipt-DistributionLine/FDR-AddEdit-DistributionLine/service_Category'

2020-08-26 19:28:52 - [MESSAGE][PASSED] - Keys 'DOWN + ENTER + ' sent to object: 'Object Repository/FDR-Receipt/FDR-Receipt-DistributionLine/FDR-AddEdit-DistributionLine/service_Category'

2020-08-26 19:28:52 - [TEST_STEP][PASSED] - waitForElementPresent(findTestObject("FDR-Receipt/FDR-Receipt-DistributionLine/FDR-AddEdit-DistributionLine/fund_Ratio"), 10): Object 'Object Repository/FDR-Receipt/FDR-Receipt-DistributionLine/FDR-AddEdit-DistributionLine/fund_Ratio' is present

2020-08-26 19:28:52 - [MESSAGE][PASSED] - Object 'Object Repository/FDR-Receipt/FDR-Receipt-DistributionLine/FDR-AddEdit-DistributionLine/fund_Ratio' is present

2020-08-26 19:28:52 - [TEST_STEP][PASSED] - sendKeys(findTestObject("FDR-Receipt/FDR-Receipt-DistributionLine/FDR-AddEdit-DistributionLine/fund_Ratio"), Fundratio): Keys '5' sent to object: 'Object Repository/FDR-Receipt/FDR-Receipt-DistributionLine/FDR-AddEdit-DistributionLine/fund_Ratio'

2020-08-26 19:28:53 - [MESSAGE][PASSED] - Keys '5' sent to object: 'Object Repository/FDR-Receipt/FDR-Receipt-DistributionLine/FDR-AddEdit-DistributionLine/fund_Ratio'

2020-08-26 19:28:53 - [TEST_STEP][PASSED] - sendKeys(findTestObject("FDR-Receipt/FDR-Receipt-DistributionLine/FDR-AddEdit-DistributionLine/fund_Ratio"), Keys.chord(DOWN, ENTER)): Keys 'DOWN + ENTER + ' sent to object: 'Object Repository/FDR-Receipt/FDR-Receipt-DistributionLine/FDR-AddEdit-DistributionLine/fund_Ratio'

2020-08-26 19:28:53 - [MESSAGE][PASSED] - Keys 'DOWN + ENTER + ' sent to object: 'Object Repository/FDR-Receipt/FDR-Receipt-DistributionLine/FDR-AddEdit-DistributionLine/fund_Ratio'

2020-08-26 19:28:53 - [TEST_STEP][PASSED] - waitForElementPresent(findTestObject("FDR-Receipt/FDR-Receipt-DistributionLine/FDR-AddEdit-DistributionLine/non_Federalfund"), 10): Object 'Object Repository/FDR-Receipt/FDR-Receipt-DistributionLine/FDR-AddEdit-DistributionLine/non_Federalfund' is present

2020-08-26 19:28:54 - [MESSAGE][PASSED] - Object 'Object Repository/FDR-Receipt/FDR-Receipt-DistributionLine/FDR-AddEdit-DistributionLine/non_Federalfund' is present

2020-08-26 19:28:54 - [TEST_STEP][PASSED] - sendKeys(findTestObject("FDR-Receipt/FDR-Receipt-DistributionLine/FDR-AddEdit-DistributionLine/non_Federalfund"), Nonfederalfund): Keys '0001' sent to object: 'Object Repository/FDR-Receipt/FDR-Receipt-DistributionLine/FDR-AddEdit-DistributionLine/non_Federalfund'

2020-08-26 19:28:54 - [MESSAGE][PASSED] - Keys '0001' sent to object: 'Object Repository/FDR-Receipt/FDR-Receipt-DistributionLine/FDR-AddEdit-DistributionLine/non_Federalfund'

2020-08-26 19:28:54 - [TEST_STEP][PASSED] - sendKeys(findTestObject("FDR-Receipt/FDR-Receipt-DistributionLine/FDR-AddEdit-DistributionLine/non_Federalfund"), Keys.chord(DOWN, ENTER)): Keys 'DOWN + ENTER + ' sent to object: 'Object Repository/FDR-Receipt/FDR-Receipt-DistributionLine/FDR-AddEdit-DistributionLine/non_Federalfund'

2020-08-26 19:28:55 - [MESSAGE][PASSED] - Keys 'DOWN + ENTER + ' sent to object: 'Object Repository/FDR-Receipt/FDR-Receipt-DistributionLine/FDR-AddEdit-DistributionLine/non_Federalfund'

2020-08-26 19:28:55 - [TEST_STEP][PASSED] - waitForElementPresent(findTestObject("FDR-Receipt/FDR-Receipt-DistributionLine/FDR-AddEdit-DistributionLine/input_accountId"), 2, STOP_ON_FAILURE): Object 'Object Repository/FDR-Receipt/FDR-Receipt-DistributionLine/FDR-AddEdit-DistributionLine/input_accountId' is present

2020-08-26 19:28:55 - [MESSAGE][PASSED] - Object 'Object Repository/FDR-Receipt/FDR-Receipt-DistributionLine/FDR-AddEdit-DistributionLine/input_accountId' is present

2020-08-26 19:28:55 - [TEST_STEP][PASSED] - sendKeys(findTestObject("FDR-Receipt/FDR-Receipt-DistributionLine/FDR-AddEdit-DistributionLine/input_accountId"), accountId + Keys.chord(ARROW_DOWN, ENTER)): Keys 'DOWN + ENTER + 5432000' sent to object: 'Object Repository/FDR-Receipt/FDR-Receipt-DistributionLine/FDR-AddEdit-DistributionLine/input_accountId'

2020-08-26 19:28:55 - [MESSAGE][PASSED] - Keys 'DOWN + ENTER + 5432000' sent to object: 'Object Repository/FDR-Receipt/FDR-Receipt-DistributionLine/FDR-AddEdit-DistributionLine/input_accountId'

2020-08-26 19:28:55 - [TEST_STEP][PASSED] - waitForElementPresent(findTestObject("FDR-Receipt/FDR-Receipt-DistributionLine/FDR-AddEdit-DistributionLine/input_altAccountId"), 2, STOP_ON_FAILURE): Object 'Object Repository/FDR-Receipt/FDR-Receipt-DistributionLine/FDR-AddEdit-DistributionLine/input_altAccountId' is present

2020-08-26 19:28:56 - [MESSAGE][PASSED] - Object 'Object Repository/FDR-Receipt/FDR-Receipt-DistributionLine/FDR-AddEdit-DistributionLine/input_altAccountId' is present

2020-08-26 19:28:56 - [TEST_STEP][PASSED] - sendKeys(findTestObject("FDR-Receipt/FDR-Receipt-DistributionLine/FDR-AddEdit-DistributionLine/input_altAccountId"), altAccountId): Keys '5432000019' sent to object: 'Object Repository/FDR-Receipt/FDR-Receipt-DistributionLine/FDR-AddEdit-DistributionLine/input_altAccountId'

2020-08-26 19:28:56 - [MESSAGE][PASSED] - Keys '5432000019' sent to object: 'Object Repository/FDR-Receipt/FDR-Receipt-DistributionLine/FDR-AddEdit-DistributionLine/input_altAccountId'

2020-08-26 19:28:56 - [TEST_STEP][PASSED] - sendKeys(findTestObject("FDR-Receipt/FDR-Receipt-DistributionLine/FDR-AddEdit-DistributionLine/input_altAccountId"), Keys.chord(ARROW_DOWN, ENTER)): Keys 'DOWN + ENTER + ' sent to object: 'Object Repository/FDR-Receipt/FDR-Receipt-DistributionLine/FDR-AddEdit-DistributionLine/input_altAccountId'

2020-08-26 19:28:57 - [MESSAGE][PASSED] - Keys 'DOWN + ENTER + ' sent to object: 'Object Repository/FDR-Receipt/FDR-Receipt-DistributionLine/FDR-AddEdit-DistributionLine/input_altAccountId'

2020-08-26 19:28:57 - [TEST_STEP][PASSED] - waitForElementPresent(findTestObject("FDR-Receipt/FDR-Receipt-DistributionLine/FDR-AddEdit-DistributionLine/increaseDecreaseLine"), 10): Object 'Object Repository/FDR-Receipt/FDR-Receipt-DistributionLine/FDR-AddEdit-DistributionLine/increaseDecreaseLine' is present

2020-08-26 19:28:57 - [MESSAGE][PASSED] - Object 'Object Repository/FDR-Receipt/FDR-Receipt-DistributionLine/FDR-AddEdit-DistributionLine/increaseDecreaseLine' is present

2020-08-26 19:28:57 - [TEST_STEP][PASSED] - sendKeys(findTestObject("FDR-Receipt/FDR-Receipt-DistributionLine/FDR-AddEdit-DistributionLine/increaseDecreaseLine"), IncreaseDecreaseLine): Keys '10b: Receipts or any decrease' sent to object: 'Object Repository/FDR-Receipt/FDR-Receipt-DistributionLine/FDR-AddEdit-DistributionLine/increaseDecreaseLine'

2020-08-26 19:28:58 - [MESSAGE][PASSED] - Keys '10b: Receipts or any decrease' sent to object: 'Object Repository/FDR-Receipt/FDR-Receipt-DistributionLine/FDR-AddEdit-DistributionLine/increaseDecreaseLine'

2020-08-26 19:28:58 - [TEST_STEP][PASSED] - sendKeys(findTestObject("FDR-Receipt/FDR-Receipt-DistributionLine/FDR-AddEdit-DistributionLine/increaseDecreaseLine"), Keys.chord(ARROW_DOWN, ENTER)): Keys 'DOWN + ENTER + ' sent to object: 'Object Repository/FDR-Receipt/FDR-Receipt-DistributionLine/FDR-AddEdit-DistributionLine/increaseDecreaseLine'

2020-08-26 19:28:58 - [MESSAGE][PASSED] - Keys 'DOWN + ENTER + ' sent to object: 'Object Repository/FDR-Receipt/FDR-Receipt-DistributionLine/FDR-AddEdit-DistributionLine/increaseDecreaseLine'

2020-08-26 19:28:58 - [TEST_STEP][PASSED] - waitForElementPresent(findTestObject("FDR-Receipt/FDR-Receipt-DistributionLine/FDR-AddEdit-DistributionLine/program_Type"), 10): Object 'Object Repository/FDR-Receipt/FDR-Receipt-DistributionLine/FDR-AddEdit-DistributionLine/program_Type' is present

2020-08-26 19:28:59 - [MESSAGE][PASSED] - Object 'Object Repository/FDR-Receipt/FDR-Receipt-DistributionLine/FDR-AddEdit-DistributionLine/program_Type' is present

2020-08-26 19:28:59 - [TEST_STEP][PASSED] - sendKeys(findTestObject("FDR-Receipt/FDR-Receipt-DistributionLine/FDR-AddEdit-DistributionLine/program_Type"), Programtype): Keys 'Medical Assistance (MA)' sent to object: 'Object Repository/FDR-Receipt/FDR-Receipt-DistributionLine/FDR-AddEdit-DistributionLine/program_Type'

2020-08-26 19:28:59 - [MESSAGE][PASSED] - Keys 'Medical Assistance (MA)' sent to object: 'Object Repository/FDR-Receipt/FDR-Receipt-DistributionLine/FDR-AddEdit-DistributionLine/program_Type'

2020-08-26 19:28:59 - [TEST_STEP][PASSED] - sendKeys(findTestObject("FDR-Receipt/FDR-Receipt-DistributionLine/FDR-AddEdit-DistributionLine/program_Type"), Keys.chord(DOWN, ENTER)): Keys 'DOWN + ENTER + ' sent to object: 'Object Repository/FDR-Receipt/FDR-Receipt-DistributionLine/FDR-AddEdit-DistributionLine/program_Type'

2020-08-26 19:29:00 - [MESSAGE][PASSED] - Keys 'DOWN + ENTER + ' sent to object: 'Object Repository/FDR-Receipt/FDR-Receipt-DistributionLine/FDR-AddEdit-DistributionLine/program_Type'

2020-08-26 19:29:00 - [TEST_STEP][PASSED] - waitForElementPresent(findTestObject("FDR-Receipt/FDR-Receipt-DistributionLine/FDR-AddEdit-DistributionLine/Index"), 10): Object 'Object Repository/FDR-Receipt/FDR-Receipt-DistributionLine/FDR-AddEdit-DistributionLine/Index' is present

2020-08-26 19:29:00 - [MESSAGE][PASSED] - Object 'Object Repository/FDR-Receipt/FDR-Receipt-DistributionLine/FDR-AddEdit-DistributionLine/Index' is present

2020-08-26 19:29:00 - [TEST_STEP][PASSED] - sendKeys(findTestObject("FDR-Receipt/FDR-Receipt-DistributionLine/FDR-AddEdit-DistributionLine/Index"), Index): Keys '1155' sent to object: 'Object Repository/FDR-Receipt/FDR-Receipt-DistributionLine/FDR-AddEdit-DistributionLine/Index'

2020-08-26 19:29:01 - [MESSAGE][PASSED] - Keys '1155' sent to object: 'Object Repository/FDR-Receipt/FDR-Receipt-DistributionLine/FDR-AddEdit-DistributionLine/Index'

2020-08-26 19:29:01 - [TEST_STEP][PASSED] - sendKeys(findTestObject("FDR-Receipt/FDR-Receipt-DistributionLine/FDR-AddEdit-DistributionLine/Index"), Keys.chord(DOWN, ENTER)): Keys 'DOWN + ENTER + ' sent to object: 'Object Repository/FDR-Receipt/FDR-Receipt-DistributionLine/FDR-AddEdit-DistributionLine/Index'

2020-08-26 19:29:01 - [MESSAGE][PASSED] - Keys 'DOWN + ENTER + ' sent to object: 'Object Repository/FDR-Receipt/FDR-Receipt-DistributionLine/FDR-AddEdit-DistributionLine/Index'

2020-08-26 19:29:01 - [TEST_STEP][PASSED] - waitForElementPresent(findTestObject("FDR-Receipt/FDR-Receipt-DistributionLine/FDR-AddEdit-DistributionLine/input_Service location_serviceLocation"), 10): Object 'Object Repository/FDR-Receipt/FDR-Receipt-DistributionLine/FDR-AddEdit-DistributionLine/input_Service location_serviceLocation' is present

2020-08-26 19:29:02 - [MESSAGE][PASSED] - Object 'Object Repository/FDR-Receipt/FDR-Receipt-DistributionLine/FDR-AddEdit-DistributionLine/input_Service location_serviceLocation' is present

2020-08-26 19:29:02 - [TEST_STEP][PASSED] - sendKeys(findTestObject("FDR-Receipt/FDR-Receipt-DistributionLine/FDR-AddEdit-DistributionLine/input_Service location_serviceLocation"), Servicelocation): Keys '3445' sent to object: 'Object Repository/FDR-Receipt/FDR-Receipt-DistributionLine/FDR-AddEdit-DistributionLine/input_Service location_serviceLocation'

2020-08-26 19:29:02 - [MESSAGE][PASSED] - Keys '3445' sent to object: 'Object Repository/FDR-Receipt/FDR-Receipt-DistributionLine/FDR-AddEdit-DistributionLine/input_Service location_serviceLocation'

2020-08-26 19:29:02 - [TEST_STEP][PASSED] - sendKeys(findTestObject("FDR-Receipt/FDR-Receipt-DistributionLine/FDR-AddEdit-DistributionLine/input_Service location_serviceLocation"), Keys.chord(DOWN, ENTER)): Keys 'DOWN + ENTER + ' sent to object: 'Object Repository/FDR-Receipt/FDR-Receipt-DistributionLine/FDR-AddEdit-DistributionLine/input_Service location_serviceLocation'

2020-08-26 19:29:02 - [MESSAGE][PASSED] - Keys 'DOWN + ENTER + ' sent to object: 'Object Repository/FDR-Receipt/FDR-Receipt-DistributionLine/FDR-AddEdit-DistributionLine/input_Service location_serviceLocation'

2020-08-26 19:29:02 - [TEST_STEP][PASSED] - click(findTestObject("FDR-Receipt/FDR-Receipt-DistributionLine/FDR-AddEdit-DistributionLine/button_Clear"), STOP_ON_FAILURE): Object: 'Object Repository/FDR-Receipt/FDR-Receipt-DistributionLine/FDR-AddEdit-DistributionLine/button_Clear' is clicked on

2020-08-26 19:29:03 - [MESSAGE][PASSED] - Object: 'Object Repository/FDR-Receipt/FDR-Receipt-DistributionLine/FDR-AddEdit-DistributionLine/button_Clear' is clicked on

2020-08-26 19:29:03 - [TEST_STEP][PASSED] - sendKeys(findTestObject("FDR-Receipt/FDR-Receipt-DistributionLine/FDR-AddEdit-DistributionLine/waiver_Type"), Waivertype): Keys '2020' sent to object: 'Object Repository/FDR-Receipt/FDR-Receipt-DistributionLine/FDR-AddEdit-DistributionLine/waiver_Type'

2020-08-26 19:29:04 - [MESSAGE][PASSED] - Keys '2020' sent to object: 'Object Repository/FDR-Receipt/FDR-Receipt-DistributionLine/FDR-AddEdit-DistributionLine/waiver_Type'

2020-08-26 19:29:04 - [TEST_STEP][PASSED] - sendKeys(findTestObject("FDR-Receipt/FDR-Receipt-DistributionLine/FDR-AddEdit-DistributionLine/waiver_Type"), Keys.chord(DOWN, ENTER)): Keys 'DOWN + ENTER + ' sent to object: 'Object Repository/FDR-Receipt/FDR-Receipt-DistributionLine/FDR-AddEdit-DistributionLine/waiver_Type'

2020-08-26 19:29:04 - [MESSAGE][PASSED] - Keys 'DOWN + ENTER + ' sent to object: 'Object Repository/FDR-Receipt/FDR-Receipt-DistributionLine/FDR-AddEdit-DistributionLine/waiver_Type'

2020-08-26 19:29:04 - [TEST_STEP][PASSED] - waitForElementPresent(findTestObject("FDR-Receipt/FDR-Receipt-DistributionLine/FDR-AddEdit-DistributionLine/waiver_Name"), 6): Object 'Object Repository/FDR-Receipt/FDR-Receipt-DistributionLine/FDR-AddEdit-DistributionLine/waiver_Name' is present

2020-08-26 19:29:05 - [MESSAGE][PASSED] - Object 'Object Repository/FDR-Receipt/FDR-Receipt-DistributionLine/FDR-AddEdit-DistributionLine/waiver_Name' is present

2020-08-26 19:29:05 - [TEST_STEP][PASSED] - sendKeys(findTestObject("FDR-Receipt/FDR-Receipt-DistributionLine/FDR-AddEdit-DistributionLine/waiver_Name"), Waivername): Keys 'A-FamilyU TPM/GMC' sent to object: 'Object Repository/FDR-Receipt/FDR-Receipt-DistributionLine/FDR-AddEdit-DistributionLine/waiver_Name'

2020-08-26 19:29:05 - [MESSAGE][PASSED] - Keys 'A-FamilyU TPM/GMC' sent to object: 'Object Repository/FDR-Receipt/FDR-Receipt-DistributionLine/FDR-AddEdit-DistributionLine/waiver_Name'

2020-08-26 19:29:05 - [TEST_STEP][PASSED] - sendKeys(findTestObject("FDR-Receipt/FDR-Receipt-DistributionLine/FDR-AddEdit-DistributionLine/waiver_Name"), Keys.chord(DOWN, ENTER)): Keys 'DOWN + ENTER + ' sent to object: 'Object Repository/FDR-Receipt/FDR-Receipt-DistributionLine/FDR-AddEdit-DistributionLine/waiver_Name'

2020-08-26 19:29:06 - [MESSAGE][PASSED] - Keys 'DOWN + ENTER + ' sent to object: 'Object Repository/FDR-Receipt/FDR-Receipt-DistributionLine/FDR-AddEdit-DistributionLine/waiver_Name'

2020-08-26 19:29:06 - [TEST_STEP][PASSED] - waitForElementPresent(findTestObject("FDR-Receipt/FDR-Receipt-DistributionLine/FDR-AddEdit-DistributionLine/funding_Source"), 6): Object 'Object Repository/FDR-Receipt/FDR-Receipt-DistributionLine/FDR-AddEdit-DistributionLine/funding_Source' is present

2020-08-26 19:29:06 - [MESSAGE][PASSED] - Object 'Object Repository/FDR-Receipt/FDR-Receipt-DistributionLine/FDR-AddEdit-DistributionLine/funding_Source' is present

2020-08-26 19:29:06 - [TEST_STEP][PASSED] - sendKeys(findTestObject("FDR-Receipt/FDR-Receipt-DistributionLine/FDR-AddEdit-DistributionLine/funding_Source"), Fundingsource): Keys 'Dental' sent to object: 'Object Repository/FDR-Receipt/FDR-Receipt-DistributionLine/FDR-AddEdit-DistributionLine/funding_Source'

2020-08-26 19:29:07 - [MESSAGE][PASSED] - Keys 'Dental' sent to object: 'Object Repository/FDR-Receipt/FDR-Receipt-DistributionLine/FDR-AddEdit-DistributionLine/funding_Source'

2020-08-26 19:29:07 - [TEST_STEP][PASSED] - sendKeys(findTestObject("FDR-Receipt/FDR-Receipt-DistributionLine/FDR-AddEdit-DistributionLine/funding_Source"), Keys.chord(DOWN, ENTER)): Keys 'DOWN + ENTER + ' sent to object: 'Object Repository/FDR-Receipt/FDR-Receipt-DistributionLine/FDR-AddEdit-DistributionLine/funding_Source'

2020-08-26 19:29:07 - [MESSAGE][PASSED] - Keys 'DOWN + ENTER + ' sent to object: 'Object Repository/FDR-Receipt/FDR-Receipt-DistributionLine/FDR-AddEdit-DistributionLine/funding_Source'

2020-08-26 19:29:07 - [TEST_STEP][PASSED] - waitForElementPresent(findTestObject("FDR-Receipt/FDR-Receipt-DistributionLine/FDR-AddEdit-DistributionLine/fund_Code"), 30): Object 'Object Repository/FDR-Receipt/FDR-Receipt-DistributionLine/FDR-AddEdit-DistributionLine/fund_Code' is present

2020-08-26 19:29:08 - [MESSAGE][PASSED] - Object 'Object Repository/FDR-Receipt/FDR-Receipt-DistributionLine/FDR-AddEdit-DistributionLine/fund_Code' is present

2020-08-26 19:29:08 - [TEST_STEP][PASSED] - sendKeys(findTestObject("FDR-Receipt/FDR-Receipt-DistributionLine/FDR-AddEdit-DistributionLine/fund_Code"), Fundcode): Keys 'Health Care Deposit Fund (0912)' sent to object: 'Object Repository/FDR-Receipt/FDR-Receipt-DistributionLine/FDR-AddEdit-DistributionLine/fund_Code'

2020-08-26 19:29:08 - [MESSAGE][PASSED] - Keys 'Health Care Deposit Fund (0912)' sent to object: 'Object Repository/FDR-Receipt/FDR-Receipt-DistributionLine/FDR-AddEdit-DistributionLine/fund_Code'

2020-08-26 19:29:08 - [TEST_STEP][PASSED] - sendKeys(findTestObject("FDR-Receipt/FDR-Receipt-DistributionLine/FDR-AddEdit-DistributionLine/fund_Code"), Keys.chord(DOWN, ENTER)): Keys 'DOWN + ENTER + ' sent to object: 'Object Repository/FDR-Receipt/FDR-Receipt-DistributionLine/FDR-AddEdit-DistributionLine/fund_Code'

2020-08-26 19:29:08 - [MESSAGE][PASSED] - Keys 'DOWN + ENTER + ' sent to object: 'Object Repository/FDR-Receipt/FDR-Receipt-DistributionLine/FDR-AddEdit-DistributionLine/fund_Code'

2020-08-26 19:29:08 - [TEST_STEP][PASSED] - waitForElementPresent(findTestObject("FDR-Receipt/FDR-Receipt-DistributionLine/FDR-AddEdit-DistributionLine/fund_Ratio"), 10): Object 'Object Repository/FDR-Receipt/FDR-Receipt-DistributionLine/FDR-AddEdit-DistributionLine/fund_Ratio' is present

2020-08-26 19:29:09 - [MESSAGE][PASSED] - Object 'Object Repository/FDR-Receipt/FDR-Receipt-DistributionLine/FDR-AddEdit-DistributionLine/fund_Ratio' is present

2020-08-26 19:29:09 - [TEST_STEP][PASSED] - sendKeys(findTestObject("FDR-Receipt/FDR-Receipt-DistributionLine/FDR-AddEdit-DistributionLine/fund_Ratio"), Fundratio): Keys '5' sent to object: 'Object Repository/FDR-Receipt/FDR-Receipt-DistributionLine/FDR-AddEdit-DistributionLine/fund_Ratio'

2020-08-26 19:29:09 - [MESSAGE][PASSED] - Keys '5' sent to object: 'Object Repository/FDR-Receipt/FDR-Receipt-DistributionLine/FDR-AddEdit-DistributionLine/fund_Ratio'

2020-08-26 19:29:09 - [TEST_STEP][PASSED] - sendKeys(findTestObject("FDR-Receipt/FDR-Receipt-DistributionLine/FDR-AddEdit-DistributionLine/fund_Ratio"), Keys.chord(DOWN, ENTER)): Keys 'DOWN + ENTER + ' sent to object: 'Object Repository/FDR-Receipt/FDR-Receipt-DistributionLine/FDR-AddEdit-DistributionLine/fund_Ratio'

2020-08-26 19:29:10 - [MESSAGE][PASSED] - Keys 'DOWN + ENTER + ' sent to object: 'Object Repository/FDR-Receipt/FDR-Receipt-DistributionLine/FDR-AddEdit-DistributionLine/fund_Ratio'

2020-08-26 19:29:10 - [TEST_STEP][PASSED] - waitForElementPresent(findTestObject("FDR-Receipt/FDR-Receipt-DistributionLine/FDR-AddEdit-DistributionLine/non_Federalfund"), 10): Object 'Object Repository/FDR-Receipt/FDR-Receipt-DistributionLine/FDR-AddEdit-DistributionLine/non_Federalfund' is present

2020-08-26 19:29:10 - [MESSAGE][PASSED] - Object 'Object Repository/FDR-Receipt/FDR-Receipt-DistributionLine/FDR-AddEdit-DistributionLine/non_Federalfund' is present

2020-08-26 19:29:10 - [TEST_STEP][PASSED] - sendKeys(findTestObject("FDR-Receipt/FDR-Receipt-DistributionLine/FDR-AddEdit-DistributionLine/non_Federalfund"), Nonfederalfund): Keys '0001' sent to object: 'Object Repository/FDR-Receipt/FDR-Receipt-DistributionLine/FDR-AddEdit-DistributionLine/non_Federalfund'

2020-08-26 19:29:11 - [MESSAGE][PASSED] - Keys '0001' sent to object: 'Object Repository/FDR-Receipt/FDR-Receipt-DistributionLine/FDR-AddEdit-DistributionLine/non_Federalfund'

2020-08-26 19:29:11 - [TEST_STEP][PASSED] - sendKeys(findTestObject("FDR-Receipt/FDR-Receipt-DistributionLine/FDR-AddEdit-DistributionLine/non_Federalfund"), Keys.chord(DOWN, ENTER)): Keys 'DOWN + ENTER + ' sent to object: 'Object Repository/FDR-Receipt/FDR-Receipt-DistributionLine/FDR-AddEdit-DistributionLine/non_Federalfund'

2020-08-26 19:29:11 - [MESSAGE][PASSED] - Keys 'DOWN + ENTER + ' sent to object: 'Object Repository/FDR-Receipt/FDR-Receipt-DistributionLine/FDR-AddEdit-DistributionLine/non_Federalfund'

2020-08-26 19:29:11 - [TEST_STEP][PASSED] - waitForElementPresent(findTestObject("FDR-Receipt/FDR-Receipt-DistributionLine/FDR-AddEdit-DistributionLine/program_Type"), 10): Object 'Object Repository/FDR-Receipt/FDR-Receipt-DistributionLine/FDR-AddEdit-DistributionLine/program_Type' is present

2020-08-26 19:29:12 - [MESSAGE][PASSED] - Object 'Object Repository/FDR-Receipt/FDR-Receipt-DistributionLine/FDR-AddEdit-DistributionLine/program_Type' is present

2020-08-26 19:29:12 - [TEST_STEP][PASSED] - sendKeys(findTestObject("FDR-Receipt/FDR-Receipt-DistributionLine/FDR-AddEdit-DistributionLine/program_Type"), Programtype): Keys 'Medical Assistance (MA)' sent to object: 'Object Repository/FDR-Receipt/FDR-Receipt-DistributionLine/FDR-AddEdit-DistributionLine/program_Type'

2020-08-26 19:29:12 - [MESSAGE][PASSED] - Keys 'Medical Assistance (MA)' sent to object: 'Object Repository/FDR-Receipt/FDR-Receipt-DistributionLine/FDR-AddEdit-DistributionLine/program_Type'

2020-08-26 19:29:12 - [TEST_STEP][PASSED] - sendKeys(findTestObject("FDR-Receipt/FDR-Receipt-DistributionLine/FDR-AddEdit-DistributionLine/program_Type"), Keys.chord(DOWN, ENTER)): Keys 'DOWN + ENTER + ' sent to object: 'Object Repository/FDR-Receipt/FDR-Receipt-DistributionLine/FDR-AddEdit-DistributionLine/program_Type'

2020-08-26 19:29:13 - [MESSAGE][PASSED] - Keys 'DOWN + ENTER + ' sent to object: 'Object Repository/FDR-Receipt/FDR-Receipt-DistributionLine/FDR-AddEdit-DistributionLine/program_Type'

2020-08-26 19:29:13 - [TEST_STEP][PASSED] - waitForElementPresent(findTestObject("FDR-Receipt/FDR-Receipt-DistributionLine/FDR-AddEdit-DistributionLine/service_Category"), 10): Object 'Object Repository/FDR-Receipt/FDR-Receipt-DistributionLine/FDR-AddEdit-DistributionLine/service_Category' is present

2020-08-26 19:29:13 - [MESSAGE][PASSED] - Object 'Object Repository/FDR-Receipt/FDR-Receipt-DistributionLine/FDR-AddEdit-DistributionLine/service_Category' is present

2020-08-26 19:29:13 - [TEST_STEP][PASSED] - sendKeys(findTestObject("FDR-Receipt/FDR-Receipt-DistributionLine/FDR-AddEdit-DistributionLine/service_Category"), Servicecategory): Keys '18B1' sent to object: 'Object Repository/FDR-Receipt/FDR-Receipt-DistributionLine/FDR-AddEdit-DistributionLine/service_Category'

2020-08-26 19:29:13 - [MESSAGE][PASSED] - Keys '18B1' sent to object: 'Object Repository/FDR-Receipt/FDR-Receipt-DistributionLine/FDR-AddEdit-DistributionLine/service_Category'

2020-08-26 19:29:13 - [TEST_STEP][PASSED] - sendKeys(findTestObject("FDR-Receipt/FDR-Receipt-DistributionLine/FDR-AddEdit-DistributionLine/service_Category"), Keys.chord(DOWN, ENTER)): Keys 'DOWN + ENTER + ' sent to object: 'Object Repository/FDR-Receipt/FDR-Receipt-DistributionLine/FDR-AddEdit-DistributionLine/service_Category'

2020-08-26 19:29:14 - [MESSAGE][PASSED] - Keys 'DOWN + ENTER + ' sent to object: 'Object Repository/FDR-Receipt/FDR-Receipt-DistributionLine/FDR-AddEdit-DistributionLine/service_Category'

2020-08-26 19:29:14 - [TEST_STEP][PASSED] - waitForElementPresent(findTestObject("FDR-Receipt/FDR-Receipt-DistributionLine/FDR-AddEdit-DistributionLine/input_accountId"), 2, STOP_ON_FAILURE): Object 'Object Repository/FDR-Receipt/FDR-Receipt-DistributionLine/FDR-AddEdit-DistributionLine/input_accountId' is present

2020-08-26 19:29:14 - [MESSAGE][PASSED] - Object 'Object Repository/FDR-Receipt/FDR-Receipt-DistributionLine/FDR-AddEdit-DistributionLine/input_accountId' is present

2020-08-26 19:29:14 - [TEST_STEP][PASSED] - sendKeys(findTestObject("FDR-Receipt/FDR-Receipt-DistributionLine/FDR-AddEdit-DistributionLine/input_accountId"), accountId + Keys.chord(ARROW_DOWN, ENTER)): Keys 'DOWN + ENTER + 5432000' sent to object: 'Object Repository/FDR-Receipt/FDR-Receipt-DistributionLine/FDR-AddEdit-DistributionLine/input_accountId'

2020-08-26 19:29:15 - [MESSAGE][PASSED] - Keys 'DOWN + ENTER + 5432000' sent to object: 'Object Repository/FDR-Receipt/FDR-Receipt-DistributionLine/FDR-AddEdit-DistributionLine/input_accountId'

2020-08-26 19:29:15 - [TEST_STEP][PASSED] - waitForElementPresent(findTestObject("FDR-Receipt/FDR-Receipt-DistributionLine/FDR-AddEdit-DistributionLine/input_altAccountId"), 2, STOP_ON_FAILURE): Object 'Object Repository/FDR-Receipt/FDR-Receipt-DistributionLine/FDR-AddEdit-DistributionLine/input_altAccountId' is present

2020-08-26 19:29:15 - [MESSAGE][PASSED] - Object 'Object Repository/FDR-Receipt/FDR-Receipt-DistributionLine/FDR-AddEdit-DistributionLine/input_altAccountId' is present

2020-08-26 19:29:15 - [TEST_STEP][PASSED] - sendKeys(findTestObject("FDR-Receipt/FDR-Receipt-DistributionLine/FDR-AddEdit-DistributionLine/input_altAccountId"), altAccountId): Keys '5432000019' sent to object: 'Object Repository/FDR-Receipt/FDR-Receipt-DistributionLine/FDR-AddEdit-DistributionLine/input_altAccountId'

2020-08-26 19:29:16 - [MESSAGE][PASSED] - Keys '5432000019' sent to object: 'Object Repository/FDR-Receipt/FDR-Receipt-DistributionLine/FDR-AddEdit-DistributionLine/input_altAccountId'

2020-08-26 19:29:16 - [TEST_STEP][PASSED] - sendKeys(findTestObject("FDR-Receipt/FDR-Receipt-DistributionLine/FDR-AddEdit-DistributionLine/input_altAccountId"), Keys.chord(ARROW_DOWN, ENTER)): Keys 'DOWN + ENTER + ' sent to object: 'Object Repository/FDR-Receipt/FDR-Receipt-DistributionLine/FDR-AddEdit-DistributionLine/input_altAccountId'

2020-08-26 19:29:16 - [MESSAGE][PASSED] - Keys 'DOWN + ENTER + ' sent to object: 'Object Repository/FDR-Receipt/FDR-Receipt-DistributionLine/FDR-AddEdit-DistributionLine/input_altAccountId'

2020-08-26 19:29:16 - [TEST_STEP][PASSED] - click(findTestObject("FDR-Receipt/FDR-Receipt-DistributionLine/FDR-AddEdit-DistributionLine/button_SaveClose")): Object: 'Object Repository/FDR-Receipt/FDR-Receipt-DistributionLine/FDR-AddEdit-DistributionLine/button_SaveClose' is clicked on

2020-08-26 19:29:17 - [MESSAGE][PASSED] - Object: 'Object Repository/FDR-Receipt/FDR-Receipt-DistributionLine/FDR-AddEdit-DistributionLine/button_SaveClose' is clicked on

2020-08-26 19:29:17 - [TEST_STEP][PASSED] - scrollToElement(findTestObject("FDR-Receipt/FDR-Receipt-DistributionLine/FDR-AddEdit-DistributionLine/button_Add-Invoiceline"), 3): Scroll to object 'Object Repository/FDR-Receipt/FDR-Receipt-DistributionLine/FDR-AddEdit-DistributionLine/button_Add-Invoiceline' successfully

2020-08-26 19:29:18 - [MESSAGE][PASSED] - Scroll to object 'Object Repository/FDR-Receipt/FDR-Receipt-DistributionLine/FDR-AddEdit-DistributionLine/button_Add-Invoiceline' successfully

2020-08-26 19:29:18 - [TEST_STEP][PASSED] - verifyElementClickable(findTestObject("FDR-Receipt/FDR-Receipt-DistributionLine/FDR-AddEdit-DistributionLine/button_Add-Invoiceline"), STOP_ON_FAILURE): Object 'Object Repository/FDR-Receipt/FDR-Receipt-DistributionLine/FDR-AddEdit-DistributionLine/button_Add-Invoiceline' is clickable

2020-08-26 19:29:18 - [MESSAGE][PASSED] - Object 'Object Repository/FDR-Receipt/FDR-Receipt-DistributionLine/FDR-AddEdit-DistributionLine/button_Add-Invoiceline' is clickable

2020-08-26 19:29:18 - [TEST_STEP][PASSED] - click(findTestObject("FDR-Receipt/FDR-Receipt-DistributionLine/FDR-AddEdit-DistributionLine/button_Add-Invoiceline"), STOP_ON_FAILURE): Object: 'Object Repository/FDR-Receipt/FDR-Receipt-DistributionLine/FDR-AddEdit-DistributionLine/button_Add-Invoiceline' is clicked on

2020-08-26 19:29:19 - [MESSAGE][PASSED] - Object: 'Object Repository/FDR-Receipt/FDR-Receipt-DistributionLine/FDR-AddEdit-DistributionLine/button_Add-Invoiceline' is clicked on

2020-08-26 19:29:19 - [TEST_STEP][PASSED] - waitForElementPresent(findTestObject("FDR-Receipt/FDR-Receipt-DistributionLine/FDR-AddEdit-DistributionLine/invoice_Searchfield"), 10): Object 'Object Repository/FDR-Receipt/FDR-Receipt-DistributionLine/FDR-AddEdit-DistributionLine/invoice_Searchfield' is present

2020-08-26 19:29:19 - [MESSAGE][PASSED] - Object 'Object Repository/FDR-Receipt/FDR-Receipt-DistributionLine/FDR-AddEdit-DistributionLine/invoice_Searchfield' is present

2020-08-26 19:29:19 - [TEST_STEP][PASSED] - sendKeys(findTestObject("FDR-Receipt/FDR-Receipt-DistributionLine/FDR-AddEdit-DistributionLine/invoice_Searchfield"), searchfield): Keys '524342' sent to object: 'Object Repository/FDR-Receipt/FDR-Receipt-DistributionLine/FDR-AddEdit-DistributionLine/invoice_Searchfield'

2020-08-26 19:29:20 - [MESSAGE][PASSED] - Keys '524342' sent to object: 'Object Repository/FDR-Receipt/FDR-Receipt-DistributionLine/FDR-AddEdit-DistributionLine/invoice_Searchfield'

2020-08-26 19:29:20 - [TEST_STEP][PASSED] - click(findTestObject("FDR-Receipt/FDR-Receipt-DistributionLine/FDR-AddEdit-DistributionLine/button_Add_invoicemanually")): Object: 'Object Repository/FDR-Receipt/FDR-Receipt-DistributionLine/FDR-AddEdit-DistributionLine/button_Add_invoicemanually' is clicked on

2020-08-26 19:29:21 - [MESSAGE][PASSED] - Object: 'Object Repository/FDR-Receipt/FDR-Receipt-DistributionLine/FDR-AddEdit-DistributionLine/button_Add_invoicemanually' is clicked on

2020-08-26 19:29:21 - [TEST_STEP][PASSED] - waitForElementPresent(findTestObject("FDR-Receipt/FDR-Receipt-DistributionLine/FDR-AddEdit-DistributionLine/input_Service date (from)"), 10): Object 'Object Repository/FDR-Receipt/FDR-Receipt-DistributionLine/FDR-AddEdit-DistributionLine/input_Service date (from)' is present

2020-08-26 19:29:21 - [MESSAGE][PASSED] - Object 'Object Repository/FDR-Receipt/FDR-Receipt-DistributionLine/FDR-AddEdit-DistributionLine/input_Service date (from)' is present

2020-08-26 19:29:21 - [TEST_STEP][PASSED] - sendKeys(findTestObject("FDR-Receipt/FDR-Receipt-DistributionLine/FDR-AddEdit-DistributionLine/input_Service date (from)"), servicedatefrom): Keys '08/27/2020' sent to object: 'Object Repository/FDR-Receipt/FDR-Receipt-DistributionLine/FDR-AddEdit-DistributionLine/input_Service date (from)'

2020-08-26 19:29:22 - [MESSAGE][PASSED] - Keys '08/27/2020' sent to object: 'Object Repository/FDR-Receipt/FDR-Receipt-DistributionLine/FDR-AddEdit-DistributionLine/input_Service date (from)'

2020-08-26 19:29:22 - [TEST_STEP][PASSED] - waitForElementPresent(findTestObject("FDR-Receipt/FDR-Receipt-DistributionLine/FDR-AddEdit-DistributionLine/input_Service date (to)"), 10): Object 'Object Repository/FDR-Receipt/FDR-Receipt-DistributionLine/FDR-AddEdit-DistributionLine/input_Service date (to)' is present

2020-08-26 19:29:22 - [MESSAGE][PASSED] - Object 'Object Repository/FDR-Receipt/FDR-Receipt-DistributionLine/FDR-AddEdit-DistributionLine/input_Service date (to)' is present

2020-08-26 19:29:22 - [TEST_STEP][PASSED] - sendKeys(findTestObject("FDR-Receipt/FDR-Receipt-DistributionLine/FDR-AddEdit-DistributionLine/input_Service date (to)"), servicedateto): Keys '08/28/2020' sent to object: 'Object Repository/FDR-Receipt/FDR-Receipt-DistributionLine/FDR-AddEdit-DistributionLine/input_Service date (to)'

2020-08-26 19:29:23 - [MESSAGE][PASSED] - Keys '08/28/2020' sent to object: 'Object Repository/FDR-Receipt/FDR-Receipt-DistributionLine/FDR-AddEdit-DistributionLine/input_Service date (to)'

2020-08-26 19:29:23 - [TEST_STEP][PASSED] - delay(4): Delayed 4 second(s)

2020-08-26 19:29:27 - [MESSAGE][PASSED] - Delayed 4 second(s)

2020-08-26 19:29:27 - [TEST_STEP][PASSED] - waitForElementPresent(findTestObject("FDR-Receipt/FDR-Receipt-DistributionLine/FDR-AddEdit-DistributionLine/input_Amount"), 10): Object 'Object Repository/FDR-Receipt/FDR-Receipt-DistributionLine/FDR-AddEdit-DistributionLine/input_Amount' is present

2020-08-26 19:29:27 - [MESSAGE][PASSED] - Object 'Object Repository/FDR-Receipt/FDR-Receipt-DistributionLine/FDR-AddEdit-DistributionLine/input_Amount' is present

2020-08-26 19:29:27 - [TEST_STEP][PASSED] - sendKeys(findTestObject("FDR-Receipt/FDR-Receipt-DistributionLine/FDR-AddEdit-DistributionLine/input_Amount"), NegativeAmount): Keys '500-' sent to object: 'Object Repository/FDR-Receipt/FDR-Receipt-DistributionLine/FDR-AddEdit-DistributionLine/input_Amount'

2020-08-26 19:29:28 - [MESSAGE][PASSED] - Keys '500-' sent to object: 'Object Repository/FDR-Receipt/FDR-Receipt-DistributionLine/FDR-AddEdit-DistributionLine/input_Amount'

2020-08-26 19:29:28 - [TEST_STEP][PASSED] - delay(2): Delayed 2 second(s)

2020-08-26 19:29:30 - [MESSAGE][PASSED] - Delayed 2 second(s)

2020-08-26 19:29:30 - [TEST_STEP][PASSED] - waitForElementPresent(findTestObject("FDR-Receipt/FDR-Receipt-DistributionLine/FDR-AddEdit-DistributionLine/waiver_Type"), 10): Object 'Object Repository/FDR-Receipt/FDR-Receipt-DistributionLine/FDR-AddEdit-DistributionLine/waiver_Type' is present

2020-08-26 19:29:30 - [MESSAGE][PASSED] - Object 'Object Repository/FDR-Receipt/FDR-Receipt-DistributionLine/FDR-AddEdit-DistributionLine/waiver_Type' is present

2020-08-26 19:29:30 - [TEST_STEP][PASSED] - waitForElementPresent(findTestObject("FDR-Receipt/FDR-Receipt-DistributionLine/FDR-AddEdit-DistributionLine/waiver_Type"), 8): Object 'Object Repository/FDR-Receipt/FDR-Receipt-DistributionLine/FDR-AddEdit-DistributionLine/waiver_Type' is present

2020-08-26 19:29:30 - [MESSAGE][PASSED] - Object 'Object Repository/FDR-Receipt/FDR-Receipt-DistributionLine/FDR-AddEdit-DistributionLine/waiver_Type' is present

2020-08-26 19:29:30 - [TEST_STEP][PASSED] - sendKeys(findTestObject("FDR-Receipt/FDR-Receipt-DistributionLine/FDR-AddEdit-DistributionLine/waiver_Type"), Waivertype): Keys '2020' sent to object: 'Object Repository/FDR-Receipt/FDR-Receipt-DistributionLine/FDR-AddEdit-DistributionLine/waiver_Type'

2020-08-26 19:29:31 - [MESSAGE][PASSED] - Keys '2020' sent to object: 'Object Repository/FDR-Receipt/FDR-Receipt-DistributionLine/FDR-AddEdit-DistributionLine/waiver_Type'

2020-08-26 19:29:31 - [TEST_STEP][PASSED] - sendKeys(findTestObject("FDR-Receipt/FDR-Receipt-DistributionLine/FDR-AddEdit-DistributionLine/waiver_Type"), Keys.chord(DOWN, ENTER)): Keys 'DOWN + ENTER + ' sent to object: 'Object Repository/FDR-Receipt/FDR-Receipt-DistributionLine/FDR-AddEdit-DistributionLine/waiver_Type'

2020-08-26 19:29:31 - [MESSAGE][PASSED] - Keys 'DOWN + ENTER + ' sent to object: 'Object Repository/FDR-Receipt/FDR-Receipt-DistributionLine/FDR-AddEdit-DistributionLine/waiver_Type'

2020-08-26 19:29:31 - [TEST_STEP][PASSED] - waitForElementPresent(findTestObject("FDR-Receipt/FDR-Receipt-DistributionLine/FDR-AddEdit-DistributionLine/waiver_Name"), 6): Object 'Object Repository/FDR-Receipt/FDR-Receipt-DistributionLine/FDR-AddEdit-DistributionLine/waiver_Name' is present

2020-08-26 19:29:32 - [MESSAGE][PASSED] - Object 'Object Repository/FDR-Receipt/FDR-Receipt-DistributionLine/FDR-AddEdit-DistributionLine/waiver_Name' is present

2020-08-26 19:29:32 - [TEST_STEP][PASSED] - sendKeys(findTestObject("FDR-Receipt/FDR-Receipt-DistributionLine/FDR-AddEdit-DistributionLine/waiver_Name"), Waivername): Keys 'A-FamilyU TPM/GMC' sent to object: 'Object Repository/FDR-Receipt/FDR-Receipt-DistributionLine/FDR-AddEdit-DistributionLine/waiver_Name'

2020-08-26 19:29:32 - [MESSAGE][PASSED] - Keys 'A-FamilyU TPM/GMC' sent to object: 'Object Repository/FDR-Receipt/FDR-Receipt-DistributionLine/FDR-AddEdit-DistributionLine/waiver_Name'

2020-08-26 19:29:32 - [TEST_STEP][PASSED] - sendKeys(findTestObject("FDR-Receipt/FDR-Receipt-DistributionLine/FDR-AddEdit-DistributionLine/waiver_Name"), Keys.chord(DOWN, ENTER)): Keys 'DOWN + ENTER + ' sent to object: 'Object Repository/FDR-Receipt/FDR-Receipt-DistributionLine/FDR-AddEdit-DistributionLine/waiver_Name'

2020-08-26 19:29:33 - [MESSAGE][PASSED] - Keys 'DOWN + ENTER + ' sent to object: 'Object Repository/FDR-Receipt/FDR-Receipt-DistributionLine/FDR-AddEdit-DistributionLine/waiver_Name'

2020-08-26 19:29:33 - [TEST_STEP][PASSED] - waitForElementPresent(findTestObject("FDR-Receipt/FDR-Receipt-DistributionLine/FDR-AddEdit-DistributionLine/funding_Source"), 6): Object 'Object Repository/FDR-Receipt/FDR-Receipt-DistributionLine/FDR-AddEdit-DistributionLine/funding_Source' is present

2020-08-26 19:29:33 - [MESSAGE][PASSED] - Object 'Object Repository/FDR-Receipt/FDR-Receipt-DistributionLine/FDR-AddEdit-DistributionLine/funding_Source' is present

2020-08-26 19:29:33 - [TEST_STEP][PASSED] - sendKeys(findTestObject("FDR-Receipt/FDR-Receipt-DistributionLine/FDR-AddEdit-DistributionLine/funding_Source"), Fundingsource): Keys 'Dental' sent to object: 'Object Repository/FDR-Receipt/FDR-Receipt-DistributionLine/FDR-AddEdit-DistributionLine/funding_Source'

2020-08-26 19:29:34 - [MESSAGE][PASSED] - Keys 'Dental' sent to object: 'Object Repository/FDR-Receipt/FDR-Receipt-DistributionLine/FDR-AddEdit-DistributionLine/funding_Source'

2020-08-26 19:29:34 - [TEST_STEP][PASSED] - sendKeys(findTestObject("FDR-Receipt/FDR-Receipt-DistributionLine/FDR-AddEdit-DistributionLine/funding_Source"), Keys.chord(DOWN, ENTER)): Keys 'DOWN + ENTER + ' sent to object: 'Object Repository/FDR-Receipt/FDR-Receipt-DistributionLine/FDR-AddEdit-DistributionLine/funding_Source'

2020-08-26 19:29:34 - [MESSAGE][PASSED] - Keys 'DOWN + ENTER + ' sent to object: 'Object Repository/FDR-Receipt/FDR-Receipt-DistributionLine/FDR-AddEdit-DistributionLine/funding_Source'

2020-08-26 19:29:34 - [TEST_STEP][PASSED] - waitForElementPresent(findTestObject("FDR-Receipt/FDR-Receipt-DistributionLine/FDR-AddEdit-DistributionLine/fund_Code"), 30): Object 'Object Repository/FDR-Receipt/FDR-Receipt-DistributionLine/FDR-AddEdit-DistributionLine/fund_Code' is present

2020-08-26 19:29:35 - [MESSAGE][PASSED] - Object 'Object Repository/FDR-Receipt/FDR-Receipt-DistributionLine/FDR-AddEdit-DistributionLine/fund_Code' is present

2020-08-26 19:29:35 - [TEST_STEP][PASSED] - sendKeys(findTestObject("FDR-Receipt/FDR-Receipt-DistributionLine/FDR-AddEdit-DistributionLine/fund_Code"), Fundcode): Keys 'Health Care Deposit Fund (0912)' sent to object: 'Object Repository/FDR-Receipt/FDR-Receipt-DistributionLine/FDR-AddEdit-DistributionLine/fund_Code'

2020-08-26 19:29:35 - [MESSAGE][PASSED] - Keys 'Health Care Deposit Fund (0912)' sent to object: 'Object Repository/FDR-Receipt/FDR-Receipt-DistributionLine/FDR-AddEdit-DistributionLine/fund_Code'

2020-08-26 19:29:35 - [TEST_STEP][PASSED] - sendKeys(findTestObject("FDR-Receipt/FDR-Receipt-DistributionLine/FDR-AddEdit-DistributionLine/fund_Code"), Keys.chord(DOWN, ENTER)): Keys 'DOWN + ENTER + ' sent to object: 'Object Repository/FDR-Receipt/FDR-Receipt-DistributionLine/FDR-AddEdit-DistributionLine/fund_Code'

2020-08-26 19:29:35 - [MESSAGE][PASSED] - Keys 'DOWN + ENTER + ' sent to object: 'Object Repository/FDR-Receipt/FDR-Receipt-DistributionLine/FDR-AddEdit-DistributionLine/fund_Code'

2020-08-26 19:29:35 - [TEST_STEP][PASSED] - waitForElementPresent(findTestObject("FDR-Receipt/FDR-Receipt-DistributionLine/FDR-AddEdit-DistributionLine/fund_Ratio"), 10): Object 'Object Repository/FDR-Receipt/FDR-Receipt-DistributionLine/FDR-AddEdit-DistributionLine/fund_Ratio' is present

2020-08-26 19:29:36 - [MESSAGE][PASSED] - Object 'Object Repository/FDR-Receipt/FDR-Receipt-DistributionLine/FDR-AddEdit-DistributionLine/fund_Ratio' is present

2020-08-26 19:29:36 - [TEST_STEP][PASSED] - sendKeys(findTestObject("FDR-Receipt/FDR-Receipt-DistributionLine/FDR-AddEdit-DistributionLine/fund_Ratio"), Fundratio): Keys '5' sent to object: 'Object Repository/FDR-Receipt/FDR-Receipt-DistributionLine/FDR-AddEdit-DistributionLine/fund_Ratio'

2020-08-26 19:29:36 - [MESSAGE][PASSED] - Keys '5' sent to object: 'Object Repository/FDR-Receipt/FDR-Receipt-DistributionLine/FDR-AddEdit-DistributionLine/fund_Ratio'

2020-08-26 19:29:36 - [TEST_STEP][PASSED] - sendKeys(findTestObject("FDR-Receipt/FDR-Receipt-DistributionLine/FDR-AddEdit-DistributionLine/fund_Ratio"), Keys.chord(DOWN, ENTER)): Keys 'DOWN + ENTER + ' sent to object: 'Object Repository/FDR-Receipt/FDR-Receipt-DistributionLine/FDR-AddEdit-DistributionLine/fund_Ratio'

2020-08-26 19:29:37 - [MESSAGE][PASSED] - Keys 'DOWN + ENTER + ' sent to object: 'Object Repository/FDR-Receipt/FDR-Receipt-DistributionLine/FDR-AddEdit-DistributionLine/fund_Ratio'

2020-08-26 19:29:37 - [TEST_STEP][PASSED] - waitForElementPresent(findTestObject("FDR-Receipt/FDR-Receipt-DistributionLine/FDR-AddEdit-DistributionLine/non_Federalfund"), 10): Object 'Object Repository/FDR-Receipt/FDR-Receipt-DistributionLine/FDR-AddEdit-DistributionLine/non_Federalfund' is present

2020-08-26 19:29:37 - [MESSAGE][PASSED] - Object 'Object Repository/FDR-Receipt/FDR-Receipt-DistributionLine/FDR-AddEdit-DistributionLine/non_Federalfund' is present

2020-08-26 19:29:37 - [TEST_STEP][PASSED] - sendKeys(findTestObject("FDR-Receipt/FDR-Receipt-DistributionLine/FDR-AddEdit-DistributionLine/non_Federalfund"), Nonfederalfund): Keys '0001' sent to object: 'Object Repository/FDR-Receipt/FDR-Receipt-DistributionLine/FDR-AddEdit-DistributionLine/non_Federalfund'

2020-08-26 19:29:38 - [MESSAGE][PASSED] - Keys '0001' sent to object: 'Object Repository/FDR-Receipt/FDR-Receipt-DistributionLine/FDR-AddEdit-DistributionLine/non_Federalfund'

2020-08-26 19:29:38 - [TEST_STEP][PASSED] - sendKeys(findTestObject("FDR-Receipt/FDR-Receipt-DistributionLine/FDR-AddEdit-DistributionLine/non_Federalfund"), Keys.chord(DOWN, ENTER)): Keys 'DOWN + ENTER + ' sent to object: 'Object Repository/FDR-Receipt/FDR-Receipt-DistributionLine/FDR-AddEdit-DistributionLine/non_Federalfund'

2020-08-26 19:29:38 - [MESSAGE][PASSED] - Keys 'DOWN + ENTER + ' sent to object: 'Object Repository/FDR-Receipt/FDR-Receipt-DistributionLine/FDR-AddEdit-DistributionLine/non_Federalfund'

2020-08-26 19:29:38 - [TEST_STEP][PASSED] - waitForElementPresent(findTestObject("FDR-Receipt/FDR-Receipt-DistributionLine/FDR-AddEdit-DistributionLine/input_Service location_serviceLocation"), 10): Object 'Object Repository/FDR-Receipt/FDR-Receipt-DistributionLine/FDR-AddEdit-DistributionLine/input_Service location_serviceLocation' is present

2020-08-26 19:29:39 - [MESSAGE][PASSED] - Object 'Object Repository/FDR-Receipt/FDR-Receipt-DistributionLine/FDR-AddEdit-DistributionLine/input_Service location_serviceLocation' is present

2020-08-26 19:29:39 - [TEST_STEP][PASSED] - sendKeys(findTestObject("FDR-Receipt/FDR-Receipt-DistributionLine/FDR-AddEdit-DistributionLine/input_Service location_serviceLocation"), Servicelocation): Keys '3445' sent to object: 'Object Repository/FDR-Receipt/FDR-Receipt-DistributionLine/FDR-AddEdit-DistributionLine/input_Service location_serviceLocation'

2020-08-26 19:29:39 - [MESSAGE][PASSED] - Keys '3445' sent to object: 'Object Repository/FDR-Receipt/FDR-Receipt-DistributionLine/FDR-AddEdit-DistributionLine/input_Service location_serviceLocation'

2020-08-26 19:29:39 - [TEST_STEP][PASSED] - sendKeys(findTestObject("FDR-Receipt/FDR-Receipt-DistributionLine/FDR-AddEdit-DistributionLine/input_Service location_serviceLocation"), Keys.chord(DOWN, ENTER)): Keys 'DOWN + ENTER + ' sent to object: 'Object Repository/FDR-Receipt/FDR-Receipt-DistributionLine/FDR-AddEdit-DistributionLine/input_Service location_serviceLocation'

2020-08-26 19:29:39 - [MESSAGE][PASSED] - Keys 'DOWN + ENTER + ' sent to object: 'Object Repository/FDR-Receipt/FDR-Receipt-DistributionLine/FDR-AddEdit-DistributionLine/input_Service location_serviceLocation'

2020-08-26 19:29:39 - [TEST_STEP][PASSED] - waitForElementPresent(findTestObject("FDR-Receipt/FDR-Receipt-DistributionLine/FDR-AddEdit-DistributionLine/Index"), 10): Object 'Object Repository/FDR-Receipt/FDR-Receipt-DistributionLine/FDR-AddEdit-DistributionLine/Index' is present

2020-08-26 19:29:40 - [MESSAGE][PASSED] - Object 'Object Repository/FDR-Receipt/FDR-Receipt-DistributionLine/FDR-AddEdit-DistributionLine/Index' is present

2020-08-26 19:29:40 - [TEST_STEP][PASSED] - sendKeys(findTestObject("FDR-Receipt/FDR-Receipt-DistributionLine/FDR-AddEdit-DistributionLine/Index"), Index): Keys '1155' sent to object: 'Object Repository/FDR-Receipt/FDR-Receipt-DistributionLine/FDR-AddEdit-DistributionLine/Index'

2020-08-26 19:29:40 - [MESSAGE][PASSED] - Keys '1155' sent to object: 'Object Repository/FDR-Receipt/FDR-Receipt-DistributionLine/FDR-AddEdit-DistributionLine/Index'

2020-08-26 19:29:40 - [TEST_STEP][PASSED] - sendKeys(findTestObject("FDR-Receipt/FDR-Receipt-DistributionLine/FDR-AddEdit-DistributionLine/Index"), Keys.chord(DOWN, ENTER)): Keys 'DOWN + ENTER + ' sent to object: 'Object Repository/FDR-Receipt/FDR-Receipt-DistributionLine/FDR-AddEdit-DistributionLine/Index'

2020-08-26 19:29:41 - [MESSAGE][PASSED] - Keys 'DOWN + ENTER + ' sent to object: 'Object Repository/FDR-Receipt/FDR-Receipt-DistributionLine/FDR-AddEdit-DistributionLine/Index'

2020-08-26 19:29:41 - [TEST_STEP][PASSED] - waitForElementPresent(findTestObject("FDR-Receipt/FDR-Receipt-DistributionLine/FDR-AddEdit-DistributionLine/program_Type"), 10): Object 'Object Repository/FDR-Receipt/FDR-Receipt-DistributionLine/FDR-AddEdit-DistributionLine/program_Type' is present

2020-08-26 19:29:41 - [MESSAGE][PASSED] - Object 'Object Repository/FDR-Receipt/FDR-Receipt-DistributionLine/FDR-AddEdit-DistributionLine/program_Type' is present

2020-08-26 19:29:41 - [TEST_STEP][PASSED] - sendKeys(findTestObject("FDR-Receipt/FDR-Receipt-DistributionLine/FDR-AddEdit-DistributionLine/program_Type"), Programtype): Keys 'Medical Assistance (MA)' sent to object: 'Object Repository/FDR-Receipt/FDR-Receipt-DistributionLine/FDR-AddEdit-DistributionLine/program_Type'

2020-08-26 19:29:42 - [MESSAGE][PASSED] - Keys 'Medical Assistance (MA)' sent to object: 'Object Repository/FDR-Receipt/FDR-Receipt-DistributionLine/FDR-AddEdit-DistributionLine/program_Type'

2020-08-26 19:29:42 - [TEST_STEP][PASSED] - sendKeys(findTestObject("FDR-Receipt/FDR-Receipt-DistributionLine/FDR-AddEdit-DistributionLine/program_Type"), Keys.chord(DOWN, ENTER)): Keys 'DOWN + ENTER + ' sent to object: 'Object Repository/FDR-Receipt/FDR-Receipt-DistributionLine/FDR-AddEdit-DistributionLine/program_Type'

2020-08-26 19:29:42 - [MESSAGE][PASSED] - Keys 'DOWN + ENTER + ' sent to object: 'Object Repository/FDR-Receipt/FDR-Receipt-DistributionLine/FDR-AddEdit-DistributionLine/program_Type'

2020-08-26 19:29:42 - [TEST_STEP][PASSED] - waitForElementPresent(findTestObject("FDR-Receipt/FDR-Receipt-DistributionLine/FDR-AddEdit-DistributionLine/service_Category"), 10): Object 'Object Repository/FDR-Receipt/FDR-Receipt-DistributionLine/FDR-AddEdit-DistributionLine/service_Category' is present

2020-08-26 19:29:42 - [MESSAGE][PASSED] - Object 'Object Repository/FDR-Receipt/FDR-Receipt-DistributionLine/FDR-AddEdit-DistributionLine/service_Category' is present

2020-08-26 19:29:42 - [TEST_STEP][PASSED] - sendKeys(findTestObject("FDR-Receipt/FDR-Receipt-DistributionLine/FDR-AddEdit-DistributionLine/service_Category"), Servicecategory): Keys '18B1' sent to object: 'Object Repository/FDR-Receipt/FDR-Receipt-DistributionLine/FDR-AddEdit-DistributionLine/service_Category'

2020-08-26 19:29:43 - [MESSAGE][PASSED] - Keys '18B1' sent to object: 'Object Repository/FDR-Receipt/FDR-Receipt-DistributionLine/FDR-AddEdit-DistributionLine/service_Category'

2020-08-26 19:29:43 - [TEST_STEP][PASSED] - sendKeys(findTestObject("FDR-Receipt/FDR-Receipt-DistributionLine/FDR-AddEdit-DistributionLine/service_Category"), Keys.chord(DOWN, ENTER)): Keys 'DOWN + ENTER + ' sent to object: 'Object Repository/FDR-Receipt/FDR-Receipt-DistributionLine/FDR-AddEdit-DistributionLine/service_Category'

2020-08-26 19:29:43 - [MESSAGE][PASSED] - Keys 'DOWN + ENTER + ' sent to object: 'Object Repository/FDR-Receipt/FDR-Receipt-DistributionLine/FDR-AddEdit-DistributionLine/service_Category'

2020-08-26 19:29:43 - [TEST_STEP][PASSED] - waitForElementPresent(findTestObject("FDR-Receipt/FDR-Receipt-DistributionLine/FDR-AddEdit-DistributionLine/increaseDecreaseLine"), 10): Object 'Object Repository/FDR-Receipt/FDR-Receipt-DistributionLine/FDR-AddEdit-DistributionLine/increaseDecreaseLine' is present

2020-08-26 19:29:44 - [MESSAGE][PASSED] - Object 'Object Repository/FDR-Receipt/FDR-Receipt-DistributionLine/FDR-AddEdit-DistributionLine/increaseDecreaseLine' is present

2020-08-26 19:29:44 - [TEST_STEP][PASSED] - sendKeys(findTestObject("FDR-Receipt/FDR-Receipt-DistributionLine/FDR-AddEdit-DistributionLine/increaseDecreaseLine"), IncreaseDecreaseLine): Keys '10b: Receipts or any decrease' sent to object: 'Object Repository/FDR-Receipt/FDR-Receipt-DistributionLine/FDR-AddEdit-DistributionLine/increaseDecreaseLine'

2020-08-26 19:29:44 - [MESSAGE][PASSED] - Keys '10b: Receipts or any decrease' sent to object: 'Object Repository/FDR-Receipt/FDR-Receipt-DistributionLine/FDR-AddEdit-DistributionLine/increaseDecreaseLine'

2020-08-26 19:29:44 - [TEST_STEP][PASSED] - sendKeys(findTestObject("FDR-Receipt/FDR-Receipt-DistributionLine/FDR-AddEdit-DistributionLine/increaseDecreaseLine"), Keys.chord(ARROW_DOWN, ENTER)): Keys 'DOWN + ENTER + ' sent to object: 'Object Repository/FDR-Receipt/FDR-Receipt-DistributionLine/FDR-AddEdit-DistributionLine/increaseDecreaseLine'

2020-08-26 19:29:45 - [MESSAGE][PASSED] - Keys 'DOWN + ENTER + ' sent to object: 'Object Repository/FDR-Receipt/FDR-Receipt-DistributionLine/FDR-AddEdit-DistributionLine/increaseDecreaseLine'

2020-08-26 19:29:45 - [TEST_STEP][PASSED] - waitForElementPresent(findTestObject("FDR-Receipt/FDR-Receipt-DistributionLine/FDR-AddEdit-DistributionLine/input_accountId"), 2, STOP_ON_FAILURE): Object 'Object Repository/FDR-Receipt/FDR-Receipt-DistributionLine/FDR-AddEdit-DistributionLine/input_accountId' is present

2020-08-26 19:29:45 - [MESSAGE][PASSED] - Object 'Object Repository/FDR-Receipt/FDR-Receipt-DistributionLine/FDR-AddEdit-DistributionLine/input_accountId' is present

2020-08-26 19:29:45 - [TEST_STEP][PASSED] - sendKeys(findTestObject("FDR-Receipt/FDR-Receipt-DistributionLine/FDR-AddEdit-DistributionLine/input_accountId"), accountId + Keys.chord(ARROW_DOWN, ENTER)): Keys 'DOWN + ENTER + 5432000' sent to object: 'Object Repository/FDR-Receipt/FDR-Receipt-DistributionLine/FDR-AddEdit-DistributionLine/input_accountId'

2020-08-26 19:29:46 - [MESSAGE][PASSED] - Keys 'DOWN + ENTER + 5432000' sent to object: 'Object Repository/FDR-Receipt/FDR-Receipt-DistributionLine/FDR-AddEdit-DistributionLine/input_accountId'

2020-08-26 19:29:46 - [TEST_STEP][PASSED] - waitForElementPresent(findTestObject("FDR-Receipt/FDR-Receipt-DistributionLine/FDR-AddEdit-DistributionLine/input_altAccountId"), 2, STOP_ON_FAILURE): Object 'Object Repository/FDR-Receipt/FDR-Receipt-DistributionLine/FDR-AddEdit-DistributionLine/input_altAccountId' is present

2020-08-26 19:29:46 - [MESSAGE][PASSED] - Object 'Object Repository/FDR-Receipt/FDR-Receipt-DistributionLine/FDR-AddEdit-DistributionLine/input_altAccountId' is present

2020-08-26 19:29:46 - [TEST_STEP][PASSED] - sendKeys(findTestObject("FDR-Receipt/FDR-Receipt-DistributionLine/FDR-AddEdit-DistributionLine/input_altAccountId"), altAccountId): Keys '5432000019' sent to object: 'Object Repository/FDR-Receipt/FDR-Receipt-DistributionLine/FDR-AddEdit-DistributionLine/input_altAccountId'

2020-08-26 19:29:47 - [MESSAGE][PASSED] - Keys '5432000019' sent to object: 'Object Repository/FDR-Receipt/FDR-Receipt-DistributionLine/FDR-AddEdit-DistributionLine/input_altAccountId'

2020-08-26 19:29:47 - [TEST_STEP][PASSED] - sendKeys(findTestObject("FDR-Receipt/FDR-Receipt-DistributionLine/FDR-AddEdit-DistributionLine/input_altAccountId"), Keys.chord(ARROW_DOWN, ENTER)): Keys 'DOWN + ENTER + ' sent to object: 'Object Repository/FDR-Receipt/FDR-Receipt-DistributionLine/FDR-AddEdit-DistributionLine/input_altAccountId'

2020-08-26 19:29:47 - [MESSAGE][PASSED] - Keys 'DOWN + ENTER + ' sent to object: 'Object Repository/FDR-Receipt/FDR-Receipt-DistributionLine/FDR-AddEdit-DistributionLine/input_altAccountId'

2020-08-26 19:29:47 - [TEST_STEP][PASSED] - waitForElementPresent(findTestObject("FDR-Receipt/FDR-Receipt-DistributionLine/FDR-AddEdit-DistributionLine/button_SaveClose"), 10): Object 'Object Repository/FDR-Receipt/FDR-Receipt-DistributionLine/FDR-AddEdit-DistributionLine/button_SaveClose' is present

2020-08-26 19:29:48 - [MESSAGE][PASSED] - Object 'Object Repository/FDR-Receipt/FDR-Receipt-DistributionLine/FDR-AddEdit-DistributionLine/button_SaveClose' is present

2020-08-26 19:29:48 - [TEST_STEP][PASSED] - click(findTestObject("FDR-Receipt/FDR-Receipt-DistributionLine/FDR-AddEdit-DistributionLine/button_SaveClose")): Object: 'Object Repository/FDR-Receipt/FDR-Receipt-DistributionLine/FDR-AddEdit-DistributionLine/button_SaveClose' is clicked on

2020-08-26 19:29:48 - [MESSAGE][PASSED] - Object: 'Object Repository/FDR-Receipt/FDR-Receipt-DistributionLine/FDR-AddEdit-DistributionLine/button_SaveClose' is clicked on

2020-08-26 19:29:48 - [TEST_STEP][PASSED] - waitForElementPresent(findTestObject("FDR-Receipt/FDR-Receipt-Checkline/View/deposit_Control_Amount"), 5): Object 'Object Repository/FDR-Receipt/FDR-Receipt-Checkline/View/deposit_Control_Amount' is present

2020-08-26 19:29:49 - [MESSAGE][PASSED] - Object 'Object Repository/FDR-Receipt/FDR-Receipt-Checkline/View/deposit_Control_Amount' is present

2020-08-26 19:29:49 - [TEST_STEP][PASSED] - delay(4): Delayed 4 second(s)

2020-08-26 19:29:53 - [MESSAGE][PASSED] - Delayed 4 second(s)

2020-08-26 19:29:53 - [TEST_STEP][PASSED] - Receipttotalaftaddwith$ = getText(findTestObject("FDR-Receipt/FDR-Receipt-Checkline/View/deposit_Control_Amount")): Text of object 'Object Repository/FDR-Receipt/FDR-Receipt-Checkline/View/deposit_Control_Amount' is: '$2,500.00'

2020-08-26 19:29:53 - [MESSAGE][PASSED] - Text of object 'Object Repository/FDR-Receipt/FDR-Receipt-Checkline/View/deposit_Control_Amount' is: '$2,500.00'

2020-08-26 19:29:53 - [TEST_STEP][PASSED] - Receipttotalaftaddwithout$ = Receipttotalaftaddwith$.substring(1): null

2020-08-26 19:29:53 - [TEST_STEP][PASSED] - ReceipttotalaftaddwithoutComma = Receipttotalaftaddwithout$.replaceAll(",", ""): null

2020-08-26 19:29:53 - [TEST_STEP][PASSED] - Recdeptotalaftreceiptlinseadded = Float.parseFloat(ReceipttotalaftaddwithoutComma): null

2020-08-26 19:29:53 - [TEST_STEP][PASSED] - println(Recdeptotalaftreceiptlinseadded): null

2020-08-26 19:29:53 - [TEST_STEP][PASSED] - waitForElementPresent(findTestObject("FDR-Receipt/FDR-Receipt-Checkline/View/receiptLine_Total"), 5): Object 'Object Repository/FDR-Receipt/FDR-Receipt-Checkline/View/receiptLine_Total' is present

2020-08-26 19:29:54 - [MESSAGE][PASSED] - Object 'Object Repository/FDR-Receipt/FDR-Receipt-Checkline/View/receiptLine_Total' is present

2020-08-26 19:29:54 - [TEST_STEP][PASSED] - delay(4): Delayed 4 second(s)

2020-08-26 19:29:58 - [MESSAGE][PASSED] - Delayed 4 second(s)

2020-08-26 19:29:58 - [TEST_STEP][PASSED] - Receiptlinetotalaftaddwith$ = getText(findTestObject("FDR-Receipt/FDR-Receipt-Checkline/View/receiptLine_Total")): Text of object 'Object Repository/FDR-Receipt/FDR-Receipt-Checkline/View/receiptLine_Total' is: '$2,500.00'

2020-08-26 19:29:58 - [MESSAGE][PASSED] - Text of object 'Object Repository/FDR-Receipt/FDR-Receipt-Checkline/View/receiptLine_Total' is: '$2,500.00'

2020-08-26 19:29:58 - [TEST_STEP][PASSED] - Receiptlinetotalaftaddwithout$ = Receiptlinetotalaftaddwith$.substring(1): null

2020-08-26 19:29:58 - [TEST_STEP][PASSED] - ReceiptlinetotalaftaddwithoutComma = Receiptlinetotalaftaddwithout$.replaceAll(",", ""): null

2020-08-26 19:29:58 - [TEST_STEP][PASSED] - Receiptlinetotal = Float.parseFloat(ReceiptlinetotalaftaddwithoutComma): null

2020-08-26 19:29:58 - [TEST_STEP][PASSED] - if (Receiptlinetotal == Recdeptotalaftreceiptlinseadded): Valid Total Deposit Control Amount

2020-08-26 19:29:58 - [TEST_STEP][PASSED] - markPassed("Valid Total Deposit Control Amount"): Valid Total Deposit Control Amount

2020-08-26 19:29:58 - [MESSAGE][PASSED] - Valid Total Deposit Control Amount

2020-08-26 19:29:58 - [TEST_STEP][PASSED] - Start listener action : sampleAfterTestCase: Browser is closed

2020-08-26 19:29:58 - [TEST_STEP][PASSED] - profileName = getExecutionProfile(): null

2020-08-26 19:29:58 - [TEST_STEP][PASSED] - switch (profileName): null

2020-08-26 19:29:58 - [TEST_STEP][PASSED] - if (!(skipBeforeAndAfterTestCase)): Browser is closed

2020-08-26 19:29:58 - [TEST_STEP][PASSED] - Uifunctions.logoutFDR(): Browser is closed

2020-08-26 19:29:58 - [MESSAGE][PASSED] - Browser is closed

2020-08-26 19:29:58 - [TEST_STEP][PASSED] - Start listener action : afterTestCase: null

2020-08-26 19:29:58 - [TEST_STEP][PASSED] - profileName = getExecutionProfile(): null

2020-08-26 19:29:58 - [TEST_STEP][PASSED] - if (profileName.equalsIgnoreCase("SysAdmin")): null

2020-08-26 19:29:58 - [TEST_STEP][PASSED] - Start listener action : sampleAfterTestCase: null

2020-08-26 19:29:58 - [TEST_STEP][PASSED] - profileName = getExecutionProfile(): null

2020-08-26 19:29:58 - [TEST_STEP][PASSED] - switch (profileName): null

2020-08-26 19:29:58 - [TEST_STEP][PASSED] - Default: null

2020-08-26 19:29:58 - [TEST_STEP][PASSED] - return null: null

2020-08-26 19:29:58 - [TEST_STEP][PASSED] - Start listener action : addFailedTCToList: null]]></system-out>
         <system-err><![CDATA[]]></system-err>
      </testcase>
      <testcase name="Test Cases/WEB-UI-TESTS/Receipt/FDR-Delete-Receipt-Distribution-Line" time="114.806" classname="Test Cases/WEB-UI-TESTS/Receipt/FDR-Delete-Receipt-Distribution-Line" status="PASSED">
         <system-out><![CDATA[2020-08-26 19:29:59 - [TEST_CASE][PASSED] - Test Cases/WEB-UI-TESTS/Receipt/FDR-Delete-Receipt-Distribution-Line: Test Cases/WEB-UI-TESTS/Receipt/FDR-Delete-Receipt-Distribution-Line

2020-08-26 19:29:59 - [TEST_STEP][PASSED] - Start listener action : sampleBeforeTestCase: Navigate to 'https://fdr-katalon.cammis-mod-dev.dhcs.ca.gov/dashboard' successfully

2020-08-26 19:29:59 - [TEST_STEP][PASSED] - profileName = getExecutionProfile(): null

2020-08-26 19:29:59 - [TEST_STEP][PASSED] - switch (profileName): null

2020-08-26 19:29:59 - [TEST_STEP][PASSED] - testCaseId = testCaseContext.getTestCaseId(): null

2020-08-26 19:29:59 - [TEST_STEP][PASSED] - if (!(skipBeforeAndAfterTestCase)): Navigate to 'https://fdr-katalon.cammis-mod-dev.dhcs.ca.gov/dashboard' successfully

2020-08-26 19:29:59 - [TEST_STEP][PASSED] - if (account7TestCases.contains(testCaseId)): null

2020-08-26 19:29:59 - [TEST_STEP][PASSED] - else if (account10TestCases.contains(testCaseId)): null

2020-08-26 19:29:59 - [TEST_STEP][PASSED] - else: Object: 'Object Repository/FDR-SignIn/SignInButton' is clicked on

2020-08-26 19:29:59 - [TEST_STEP][PASSED] - Uifunctions.loginFDR(accountsApprover, accountsApproverPwd): Object: 'Object Repository/FDR-SignIn/SignInButton' is clicked on

2020-08-26 19:29:59 - [MESSAGE][INFO] - Starting 'Chrome' driver

2020-08-26 19:29:59 - [MESSAGE][INFO] - Action delay is set to 0 milliseconds

2020-08-26 19:30:02 - [MESSAGE][PASSED] - Browser is opened with url: ''

2020-08-26 19:30:04 - [MESSAGE][PASSED] - Current window maximized

2020-08-26 19:30:05 - [MESSAGE][PASSED] - Navigate to 'https://fdr-katalon.cammis-mod-dev.dhcs.ca.gov/dashboard' successfully

2020-08-26 19:30:06 - [MESSAGE][PASSED] - Object 'Object Repository/FDR-SignIn/SignInEmail' is present

2020-08-26 19:30:06 - [MESSAGE][PASSED] - Object: 'Object Repository/FDR-SignIn/SignInEmail' is clicked on

2020-08-26 19:30:07 - [MESSAGE][PASSED] - Object 'Object Repository/FDR-SignIn/SignInEmail' is present

2020-08-26 19:30:07 - [MESSAGE][PASSED] - Text 'fdr.test3@dhcs.ca.gov' is set on object 'Object Repository/FDR-SignIn/SignInEmail'

2020-08-26 19:30:08 - [MESSAGE][PASSED] - Object 'Object Repository/FDR-SignIn/SignInEmailNext' is visible

2020-08-26 19:30:08 - [MESSAGE][PASSED] - Object: 'Object Repository/FDR-SignIn/SignInEmailNext' is clicked on

2020-08-26 19:30:14 - [MESSAGE][PASSED] - Object 'Object Repository/FDR-SignIn/SignInEmailPassword' is visible

2020-08-26 19:30:14 - [MESSAGE][PASSED] - Object: 'Object Repository/FDR-SignIn/SignInEmailPassword' is clicked on

2020-08-26 19:30:15 - [MESSAGE][PASSED] - Text ****** has been set on object 'Object Repository/FDR-SignIn/SignInEmailPassword'

2020-08-26 19:30:16 - [MESSAGE][PASSED] - Object: 'Object Repository/FDR-SignIn/SignInButton' is clicked on

2020-08-26 19:30:16 - [TEST_STEP][PASSED] - navigateToUrl(URL): Navigate to 'https://fdr-katalon.cammis-mod-dev.dhcs.ca.gov/dashboard' successfully

2020-08-26 19:30:17 - [MESSAGE][PASSED] - Navigate to 'https://fdr-katalon.cammis-mod-dev.dhcs.ca.gov/dashboard' successfully

2020-08-26 19:30:17 - [TEST_STEP][PASSED] - Start listener action : beforeTestCase: null

2020-08-26 19:30:17 - [TEST_STEP][PASSED] - profileName = getExecutionProfile(): null

2020-08-26 19:30:17 - [TEST_STEP][PASSED] - if (profileName.equalsIgnoreCase("SysAdmin")): null

2020-08-26 19:30:17 - [TEST_STEP][PASSED] - Start listener action : sampleBeforeTestCase: null

2020-08-26 19:30:17 - [TEST_STEP][PASSED] - profileName = getExecutionProfile(): null

2020-08-26 19:30:17 - [TEST_STEP][PASSED] - testCaseId = testCaseContext.getTestCaseId(): null

2020-08-26 19:30:17 - [TEST_STEP][PASSED] - switch (profileName): null

2020-08-26 19:30:17 - [TEST_STEP][PASSED] - Default: null

2020-08-26 19:30:17 - [TEST_STEP][PASSED] - return null: null

2020-08-26 19:30:17 - [TEST_STEP][PASSED] - Start listener action : executeRows: null

2020-08-26 19:30:17 - [TEST_STEP][PASSED] - d = Date().plus(1): null

2020-08-26 19:30:17 - [TEST_STEP][PASSED] - dd = Date().plus(2): null

2020-08-26 19:30:17 - [TEST_STEP][PASSED] - servicedatefrom = d.format("MM/dd/yyyy"): null

2020-08-26 19:30:17 - [TEST_STEP][PASSED] - servicedateto = dd.format("MM/dd/yyyy"): null

2020-08-26 19:30:17 - [TEST_STEP][PASSED] - originalwarrantdate = dd.format("MM/dd/yyyy"): null

2020-08-26 19:30:17 - [TEST_STEP][PASSED] - newDepositId = RandomStringUtils.randomNumeric(7): null

2020-08-26 19:30:17 - [TEST_STEP][PASSED] - editors.createReceipt(Drawdate, Paydate, newDepositId, Receiptnotes): Object: 'Object Repository/FDR-Receipt/FDR-Receipt-Header/View/buttonNext' is clicked on

2020-08-26 19:30:24 - [MESSAGE][INFO] - Unable to find the element located by 'By.xpath: //*[@data-id='button-link']//*[contains(text(),'Create New Voucher')]'. Please recheck the objects properties to make sure the desired element is located. 

2020-08-26 19:30:24 - [MESSAGE][WARNING] - Object 'Object Repository/FDR-Dashboard/createNewVoucherButton' is not present after 4 second(s)

2020-08-26 19:30:24 - [MESSAGE][PASSED] - Object 'Object Repository/FDR-Receipt/FDR-Receipt-Dashboard/createNew_ReceiptBatch_Button' is present

2020-08-26 19:30:25 - [MESSAGE][PASSED] - Object: 'Object Repository/FDR-Receipt/FDR-Receipt-Dashboard/createNew_ReceiptBatch_Button' is clicked on

2020-08-26 19:30:25 - [MESSAGE][PASSED] - Object 'Object Repository/FDR-Receipt/FDR-Receipt-Header/View/inputDrawDate' is present

2020-08-26 19:30:26 - [MESSAGE][PASSED] - Text '09/14/2020' is set on object 'Object Repository/FDR-Receipt/FDR-Receipt-Header/View/inputDrawDate'

2020-08-26 19:30:27 - [MESSAGE][PASSED] - Keys 'TAB + ENTER + ENTER + ' sent to object: 'Object Repository/FDR-Receipt/FDR-Receipt-Header/View/inputDrawDate'

2020-08-26 19:30:28 - [MESSAGE][PASSED] - Object 'Object Repository/FDR-Receipt/FDR-Receipt-Header/Edit/payDate' is present

2020-08-26 19:30:28 - [MESSAGE][PASSED] - Text '09/16/2020' is set on object 'Object Repository/FDR-Receipt/FDR-Receipt-Header/Edit/payDate'

2020-08-26 19:30:28 - [MESSAGE][PASSED] - Object 'Object Repository/FDR-Receipt/FDR-Receipt-Header/View/deposit ID' is present

2020-08-26 19:30:29 - [MESSAGE][PASSED] - Text '0029003' is set on object 'Object Repository/FDR-Receipt/FDR-Receipt-Header/View/deposit ID'

2020-08-26 19:30:30 - [MESSAGE][PASSED] - Object 'Object Repository/FDR-Receipt/FDR-ReceiptBatch/receiptNotes' is present

2020-08-26 19:30:31 - [MESSAGE][PASSED] - Text 'rqewrq' is set on object 'Object Repository/FDR-Receipt/FDR-ReceiptBatch/receiptNotes'

2020-08-26 19:30:31 - [MESSAGE][PASSED] - Object 'Object Repository/FDR-Receipt/FDR-Receipt-Header/Edit/remmitanceAdviceInput' is present

2020-08-26 19:30:31 - [MESSAGE][PASSED] - Keys '' sent to object: 'Object Repository/FDR-Receipt/FDR-Receipt-Header/Edit/remmitanceAdviceInput'

2020-08-26 19:30:32 - [MESSAGE][PASSED] - Object 'Object Repository/FDR-Receipt/FDR-Receipt-Header/Edit/controllerReceiptInput' is present

2020-08-26 19:30:32 - [MESSAGE][PASSED] - Keys '' sent to object: 'Object Repository/FDR-Receipt/FDR-Receipt-Header/Edit/controllerReceiptInput'

2020-08-26 19:30:33 - [MESSAGE][PASSED] - Object 'Object Repository/FDR-Receipt/FDR-Receipt-Header/View/buttonNext' is present

2020-08-26 19:30:33 - [MESSAGE][PASSED] - Object: 'Object Repository/FDR-Receipt/FDR-Receipt-Header/View/buttonNext' is clicked on

2020-08-26 19:30:33 - [TEST_STEP][PASSED] - editors.createReceiptline(ReceiptID, SupplierID, DepositDate): Object: 'Object Repository/FDR-Receipt/FDR-Receipt-Checkline/View/addReceipt_Button2' is clicked on

2020-08-26 19:30:34 - [MESSAGE][PASSED] - Object 'Object Repository/FDR-Receipt/FDR-Receipt-Checkline/View/receipt_ID' is present

2020-08-26 19:30:34 - [MESSAGE][PASSED] - Keys 'CHK10322' sent to object: 'Object Repository/FDR-Receipt/FDR-Receipt-Checkline/View/receipt_ID'

2020-08-26 19:30:35 - [MESSAGE][PASSED] - Object 'Object Repository/FDR-Receipt/FDR-Receipt-Checkline/View/supplier_Id' is present

2020-08-26 19:30:35 - [MESSAGE][PASSED] - Keys '0000007954' sent to object: 'Object Repository/FDR-Receipt/FDR-Receipt-Checkline/View/supplier_Id'

2020-08-26 19:30:36 - [MESSAGE][PASSED] - Keys 'DOWN + ENTER + ' sent to object: 'Object Repository/FDR-Receipt/FDR-Receipt-Checkline/View/supplier_Id'

2020-08-26 19:30:36 - [MESSAGE][PASSED] - Object 'Object Repository/FDR-Receipt/FDR-Receipt-Checkline/View/deposit_Date' is present

2020-08-26 19:30:37 - [MESSAGE][PASSED] - Keys '02/24/2020' sent to object: 'Object Repository/FDR-Receipt/FDR-Receipt-Checkline/View/deposit_Date'

2020-08-26 19:30:43 - [MESSAGE][INFO] - Unable to find the element located by 'By.xpath: //*[@data-id='button-link']//*[contains(text(),'Create New Voucher')]'. Please recheck the objects properties to make sure the desired element is located. 

2020-08-26 19:30:43 - [MESSAGE][WARNING] - Object 'Object Repository/FDR-Dashboard/createNewVoucherButton' is not present after 4 second(s)

2020-08-26 19:30:43 - [MESSAGE][PASSED] - Object 'Object Repository/FDR-Receipt/FDR-Receipt-Checkline/View/addReceipt_Button2' is present

2020-08-26 19:30:43 - [MESSAGE][PASSED] - Object: 'Object Repository/FDR-Receipt/FDR-Receipt-Checkline/View/addReceipt_Button2' is clicked on

2020-08-26 19:30:43 - [TEST_STEP][PASSED] - verifyElementClickable(findTestObject("FDR-Receipt/FDR-Receipt-DistributionLine/FDR-AddEdit-DistributionLine/arrow_Down"), STOP_ON_FAILURE): Object 'Object Repository/FDR-Receipt/FDR-Receipt-DistributionLine/FDR-AddEdit-DistributionLine/arrow_Down' is clickable

2020-08-26 19:30:44 - [MESSAGE][PASSED] - Object 'Object Repository/FDR-Receipt/FDR-Receipt-DistributionLine/FDR-AddEdit-DistributionLine/arrow_Down' is clickable

2020-08-26 19:30:44 - [TEST_STEP][PASSED] - click(findTestObject("FDR-Receipt/FDR-Receipt-DistributionLine/FDR-AddEdit-DistributionLine/arrow_Down"), STOP_ON_FAILURE): Object: 'Object Repository/FDR-Receipt/FDR-Receipt-DistributionLine/FDR-AddEdit-DistributionLine/arrow_Down' is clicked on

2020-08-26 19:30:44 - [MESSAGE][PASSED] - Object: 'Object Repository/FDR-Receipt/FDR-Receipt-DistributionLine/FDR-AddEdit-DistributionLine/arrow_Down' is clicked on

2020-08-26 19:30:44 - [TEST_STEP][PASSED] - waitForElementPresent(findTestObject("FDR-Receipt/FDR-Receipt-Checkline/View/deposit_Control_Amount"), 10): Object 'Object Repository/FDR-Receipt/FDR-Receipt-Checkline/View/deposit_Control_Amount' is present

2020-08-26 19:30:45 - [MESSAGE][PASSED] - Object 'Object Repository/FDR-Receipt/FDR-Receipt-Checkline/View/deposit_Control_Amount' is present

2020-08-26 19:30:45 - [TEST_STEP][PASSED] - Receipttotalbefaddwith$ = getText(findTestObject("FDR-Receipt/FDR-Receipt-Checkline/View/deposit_Control_Amount")): Text of object 'Object Repository/FDR-Receipt/FDR-Receipt-Checkline/View/deposit_Control_Amount' is: '$0.00'

2020-08-26 19:30:46 - [MESSAGE][PASSED] - Text of object 'Object Repository/FDR-Receipt/FDR-Receipt-Checkline/View/deposit_Control_Amount' is: '$0.00'

2020-08-26 19:30:46 - [TEST_STEP][PASSED] - Receipttotalbefaddwithout$ = Receipttotalbefaddwith$.substring(1): null

2020-08-26 19:30:46 - [TEST_STEP][PASSED] - ReceipttotalbefaddwithoutComma = Receipttotalbefaddwithout$.replaceAll(",", ""): null

2020-08-26 19:30:46 - [TEST_STEP][PASSED] - Receipttotalbefreceiptlineadd = Float.parseFloat(ReceipttotalbefaddwithoutComma): null

2020-08-26 19:30:46 - [TEST_STEP][PASSED] - waitForElementPresent(findTestObject("FDR-Receipt/FDR-Receipt-DistributionLine/FDR-AddEdit-DistributionLine/button_Add-Invoiceline"), 10): Object 'Object Repository/FDR-Receipt/FDR-Receipt-DistributionLine/FDR-AddEdit-DistributionLine/button_Add-Invoiceline' is present

2020-08-26 19:30:46 - [MESSAGE][PASSED] - Object 'Object Repository/FDR-Receipt/FDR-Receipt-DistributionLine/FDR-AddEdit-DistributionLine/button_Add-Invoiceline' is present

2020-08-26 19:30:46 - [TEST_STEP][PASSED] - scrollToElement(findTestObject("FDR-Receipt/FDR-Receipt-DistributionLine/FDR-AddEdit-DistributionLine/button_Add-Invoiceline"), 3): Scroll to object 'Object Repository/FDR-Receipt/FDR-Receipt-DistributionLine/FDR-AddEdit-DistributionLine/button_Add-Invoiceline' successfully

2020-08-26 19:30:46 - [MESSAGE][PASSED] - Scroll to object 'Object Repository/FDR-Receipt/FDR-Receipt-DistributionLine/FDR-AddEdit-DistributionLine/button_Add-Invoiceline' successfully

2020-08-26 19:30:46 - [TEST_STEP][PASSED] - verifyElementClickable(findTestObject("FDR-Receipt/FDR-Receipt-DistributionLine/FDR-AddEdit-DistributionLine/button_Add-Invoiceline"), STOP_ON_FAILURE): Object 'Object Repository/FDR-Receipt/FDR-Receipt-DistributionLine/FDR-AddEdit-DistributionLine/button_Add-Invoiceline' is clickable

2020-08-26 19:30:47 - [MESSAGE][PASSED] - Object 'Object Repository/FDR-Receipt/FDR-Receipt-DistributionLine/FDR-AddEdit-DistributionLine/button_Add-Invoiceline' is clickable

2020-08-26 19:30:47 - [TEST_STEP][PASSED] - click(findTestObject("FDR-Receipt/FDR-Receipt-DistributionLine/FDR-AddEdit-DistributionLine/button_Add-Invoiceline"), STOP_ON_FAILURE): Object: 'Object Repository/FDR-Receipt/FDR-Receipt-DistributionLine/FDR-AddEdit-DistributionLine/button_Add-Invoiceline' is clicked on

2020-08-26 19:30:47 - [MESSAGE][PASSED] - Object: 'Object Repository/FDR-Receipt/FDR-Receipt-DistributionLine/FDR-AddEdit-DistributionLine/button_Add-Invoiceline' is clicked on

2020-08-26 19:30:47 - [TEST_STEP][PASSED] - waitForElementPresent(findTestObject("FDR-Receipt/FDR-Receipt-DistributionLine/FDR-AddEdit-DistributionLine/invoice_Searchfield"), 10): Object 'Object Repository/FDR-Receipt/FDR-Receipt-DistributionLine/FDR-AddEdit-DistributionLine/invoice_Searchfield' is present

2020-08-26 19:30:47 - [MESSAGE][PASSED] - Object 'Object Repository/FDR-Receipt/FDR-Receipt-DistributionLine/FDR-AddEdit-DistributionLine/invoice_Searchfield' is present

2020-08-26 19:30:47 - [TEST_STEP][PASSED] - sendKeys(findTestObject("FDR-Receipt/FDR-Receipt-DistributionLine/FDR-AddEdit-DistributionLine/invoice_Searchfield"), searchfield): Keys '524342' sent to object: 'Object Repository/FDR-Receipt/FDR-Receipt-DistributionLine/FDR-AddEdit-DistributionLine/invoice_Searchfield'

2020-08-26 19:30:48 - [MESSAGE][PASSED] - Keys '524342' sent to object: 'Object Repository/FDR-Receipt/FDR-Receipt-DistributionLine/FDR-AddEdit-DistributionLine/invoice_Searchfield'

2020-08-26 19:30:48 - [TEST_STEP][PASSED] - click(findTestObject("FDR-Receipt/FDR-Receipt-DistributionLine/FDR-AddEdit-DistributionLine/button_Add_invoicemanually")): Object: 'Object Repository/FDR-Receipt/FDR-Receipt-DistributionLine/FDR-AddEdit-DistributionLine/button_Add_invoicemanually' is clicked on

2020-08-26 19:30:49 - [MESSAGE][PASSED] - Object: 'Object Repository/FDR-Receipt/FDR-Receipt-DistributionLine/FDR-AddEdit-DistributionLine/button_Add_invoicemanually' is clicked on

2020-08-26 19:30:49 - [TEST_STEP][PASSED] - waitForElementPresent(findTestObject("FDR-Receipt/FDR-Receipt-DistributionLine/FDR-AddEdit-DistributionLine/input_Service date (from)"), 10): Object 'Object Repository/FDR-Receipt/FDR-Receipt-DistributionLine/FDR-AddEdit-DistributionLine/input_Service date (from)' is present

2020-08-26 19:30:50 - [MESSAGE][PASSED] - Object 'Object Repository/FDR-Receipt/FDR-Receipt-DistributionLine/FDR-AddEdit-DistributionLine/input_Service date (from)' is present

2020-08-26 19:30:50 - [TEST_STEP][PASSED] - sendKeys(findTestObject("FDR-Receipt/FDR-Receipt-DistributionLine/FDR-AddEdit-DistributionLine/input_Service date (from)"), servicedatefrom): Keys '08/27/2020' sent to object: 'Object Repository/FDR-Receipt/FDR-Receipt-DistributionLine/FDR-AddEdit-DistributionLine/input_Service date (from)'

2020-08-26 19:30:50 - [MESSAGE][PASSED] - Keys '08/27/2020' sent to object: 'Object Repository/FDR-Receipt/FDR-Receipt-DistributionLine/FDR-AddEdit-DistributionLine/input_Service date (from)'

2020-08-26 19:30:50 - [TEST_STEP][PASSED] - waitForElementPresent(findTestObject("FDR-Receipt/FDR-Receipt-DistributionLine/FDR-AddEdit-DistributionLine/input_Service date (to)"), 10): Object 'Object Repository/FDR-Receipt/FDR-Receipt-DistributionLine/FDR-AddEdit-DistributionLine/input_Service date (to)' is present

2020-08-26 19:30:50 - [MESSAGE][PASSED] - Object 'Object Repository/FDR-Receipt/FDR-Receipt-DistributionLine/FDR-AddEdit-DistributionLine/input_Service date (to)' is present

2020-08-26 19:30:50 - [TEST_STEP][PASSED] - sendKeys(findTestObject("FDR-Receipt/FDR-Receipt-DistributionLine/FDR-AddEdit-DistributionLine/input_Service date (to)"), servicedateto): Keys '08/28/2020' sent to object: 'Object Repository/FDR-Receipt/FDR-Receipt-DistributionLine/FDR-AddEdit-DistributionLine/input_Service date (to)'

2020-08-26 19:30:51 - [MESSAGE][PASSED] - Keys '08/28/2020' sent to object: 'Object Repository/FDR-Receipt/FDR-Receipt-DistributionLine/FDR-AddEdit-DistributionLine/input_Service date (to)'

2020-08-26 19:30:51 - [TEST_STEP][PASSED] - waitForElementPresent(findTestObject("FDR-Receipt/FDR-Receipt-DistributionLine/FDR-AddEdit-DistributionLine/input_OrginalWarrantDate"), 10): Object 'Object Repository/FDR-Receipt/FDR-Receipt-DistributionLine/FDR-AddEdit-DistributionLine/input_OrginalWarrantDate' is present

2020-08-26 19:30:51 - [MESSAGE][PASSED] - Object 'Object Repository/FDR-Receipt/FDR-Receipt-DistributionLine/FDR-AddEdit-DistributionLine/input_OrginalWarrantDate' is present

2020-08-26 19:30:51 - [TEST_STEP][PASSED] - sendKeys(findTestObject("FDR-Receipt/FDR-Receipt-DistributionLine/FDR-AddEdit-DistributionLine/input_OrginalWarrantDate"), originalwarrantdate): Keys '08/28/2020' sent to object: 'Object Repository/FDR-Receipt/FDR-Receipt-DistributionLine/FDR-AddEdit-DistributionLine/input_OrginalWarrantDate'

2020-08-26 19:30:52 - [MESSAGE][PASSED] - Keys '08/28/2020' sent to object: 'Object Repository/FDR-Receipt/FDR-Receipt-DistributionLine/FDR-AddEdit-DistributionLine/input_OrginalWarrantDate'

2020-08-26 19:30:52 - [TEST_STEP][PASSED] - waitForElementPresent(findTestObject("FDR-Receipt/FDR-Receipt-DistributionLine/FDR-AddEdit-DistributionLine/input_Amount"), 10): Object 'Object Repository/FDR-Receipt/FDR-Receipt-DistributionLine/FDR-AddEdit-DistributionLine/input_Amount' is present

2020-08-26 19:30:52 - [MESSAGE][PASSED] - Object 'Object Repository/FDR-Receipt/FDR-Receipt-DistributionLine/FDR-AddEdit-DistributionLine/input_Amount' is present

2020-08-26 19:30:52 - [TEST_STEP][PASSED] - sendKeys(findTestObject("FDR-Receipt/FDR-Receipt-DistributionLine/FDR-AddEdit-DistributionLine/input_Amount"), Amount): Keys '3000' sent to object: 'Object Repository/FDR-Receipt/FDR-Receipt-DistributionLine/FDR-AddEdit-DistributionLine/input_Amount'

2020-08-26 19:30:53 - [MESSAGE][PASSED] - Keys '3000' sent to object: 'Object Repository/FDR-Receipt/FDR-Receipt-DistributionLine/FDR-AddEdit-DistributionLine/input_Amount'

2020-08-26 19:30:53 - [TEST_STEP][PASSED] - waitForElementPresent(findTestObject("FDR-Receipt/FDR-Receipt-DistributionLine/FDR-AddEdit-DistributionLine/waiver_Type"), 10): Object 'Object Repository/FDR-Receipt/FDR-Receipt-DistributionLine/FDR-AddEdit-DistributionLine/waiver_Type' is present

2020-08-26 19:30:53 - [MESSAGE][PASSED] - Object 'Object Repository/FDR-Receipt/FDR-Receipt-DistributionLine/FDR-AddEdit-DistributionLine/waiver_Type' is present

2020-08-26 19:30:53 - [TEST_STEP][PASSED] - waitForElementPresent(findTestObject("FDR-Receipt/FDR-Receipt-DistributionLine/FDR-AddEdit-DistributionLine/waiver_Type"), 8): Object 'Object Repository/FDR-Receipt/FDR-Receipt-DistributionLine/FDR-AddEdit-DistributionLine/waiver_Type' is present

2020-08-26 19:30:53 - [MESSAGE][PASSED] - Object 'Object Repository/FDR-Receipt/FDR-Receipt-DistributionLine/FDR-AddEdit-DistributionLine/waiver_Type' is present

2020-08-26 19:30:53 - [TEST_STEP][PASSED] - sendKeys(findTestObject("FDR-Receipt/FDR-Receipt-DistributionLine/FDR-AddEdit-DistributionLine/waiver_Type"), Waivertype): Keys '2020' sent to object: 'Object Repository/FDR-Receipt/FDR-Receipt-DistributionLine/FDR-AddEdit-DistributionLine/waiver_Type'

2020-08-26 19:30:54 - [MESSAGE][PASSED] - Keys '2020' sent to object: 'Object Repository/FDR-Receipt/FDR-Receipt-DistributionLine/FDR-AddEdit-DistributionLine/waiver_Type'

2020-08-26 19:30:54 - [TEST_STEP][PASSED] - sendKeys(findTestObject("FDR-Receipt/FDR-Receipt-DistributionLine/FDR-AddEdit-DistributionLine/waiver_Type"), Keys.chord(DOWN, ENTER)): Keys 'DOWN + ENTER + ' sent to object: 'Object Repository/FDR-Receipt/FDR-Receipt-DistributionLine/FDR-AddEdit-DistributionLine/waiver_Type'

2020-08-26 19:30:54 - [MESSAGE][PASSED] - Keys 'DOWN + ENTER + ' sent to object: 'Object Repository/FDR-Receipt/FDR-Receipt-DistributionLine/FDR-AddEdit-DistributionLine/waiver_Type'

2020-08-26 19:30:54 - [TEST_STEP][PASSED] - waitForElementPresent(findTestObject("FDR-Receipt/FDR-Receipt-DistributionLine/FDR-AddEdit-DistributionLine/waiver_Name"), 6): Object 'Object Repository/FDR-Receipt/FDR-Receipt-DistributionLine/FDR-AddEdit-DistributionLine/waiver_Name' is present

2020-08-26 19:30:55 - [MESSAGE][PASSED] - Object 'Object Repository/FDR-Receipt/FDR-Receipt-DistributionLine/FDR-AddEdit-DistributionLine/waiver_Name' is present

2020-08-26 19:30:55 - [TEST_STEP][PASSED] - sendKeys(findTestObject("FDR-Receipt/FDR-Receipt-DistributionLine/FDR-AddEdit-DistributionLine/waiver_Name"), Waivername): Keys 'A-FamilyU TPM/GMC' sent to object: 'Object Repository/FDR-Receipt/FDR-Receipt-DistributionLine/FDR-AddEdit-DistributionLine/waiver_Name'

2020-08-26 19:30:55 - [MESSAGE][PASSED] - Keys 'A-FamilyU TPM/GMC' sent to object: 'Object Repository/FDR-Receipt/FDR-Receipt-DistributionLine/FDR-AddEdit-DistributionLine/waiver_Name'

2020-08-26 19:30:55 - [TEST_STEP][PASSED] - sendKeys(findTestObject("FDR-Receipt/FDR-Receipt-DistributionLine/FDR-AddEdit-DistributionLine/waiver_Name"), Keys.chord(DOWN, ENTER)): Keys 'DOWN + ENTER + ' sent to object: 'Object Repository/FDR-Receipt/FDR-Receipt-DistributionLine/FDR-AddEdit-DistributionLine/waiver_Name'

2020-08-26 19:30:56 - [MESSAGE][PASSED] - Keys 'DOWN + ENTER + ' sent to object: 'Object Repository/FDR-Receipt/FDR-Receipt-DistributionLine/FDR-AddEdit-DistributionLine/waiver_Name'

2020-08-26 19:30:56 - [TEST_STEP][PASSED] - waitForElementPresent(findTestObject("FDR-Receipt/FDR-Receipt-DistributionLine/FDR-AddEdit-DistributionLine/funding_Source"), 6): Object 'Object Repository/FDR-Receipt/FDR-Receipt-DistributionLine/FDR-AddEdit-DistributionLine/funding_Source' is present

2020-08-26 19:30:56 - [MESSAGE][PASSED] - Object 'Object Repository/FDR-Receipt/FDR-Receipt-DistributionLine/FDR-AddEdit-DistributionLine/funding_Source' is present

2020-08-26 19:30:56 - [TEST_STEP][PASSED] - sendKeys(findTestObject("FDR-Receipt/FDR-Receipt-DistributionLine/FDR-AddEdit-DistributionLine/funding_Source"), Fundingsource): Keys 'Dental' sent to object: 'Object Repository/FDR-Receipt/FDR-Receipt-DistributionLine/FDR-AddEdit-DistributionLine/funding_Source'

2020-08-26 19:30:56 - [MESSAGE][PASSED] - Keys 'Dental' sent to object: 'Object Repository/FDR-Receipt/FDR-Receipt-DistributionLine/FDR-AddEdit-DistributionLine/funding_Source'

2020-08-26 19:30:56 - [TEST_STEP][PASSED] - sendKeys(findTestObject("FDR-Receipt/FDR-Receipt-DistributionLine/FDR-AddEdit-DistributionLine/funding_Source"), Keys.chord(DOWN, ENTER)): Keys 'DOWN + ENTER + ' sent to object: 'Object Repository/FDR-Receipt/FDR-Receipt-DistributionLine/FDR-AddEdit-DistributionLine/funding_Source'

2020-08-26 19:30:57 - [MESSAGE][PASSED] - Keys 'DOWN + ENTER + ' sent to object: 'Object Repository/FDR-Receipt/FDR-Receipt-DistributionLine/FDR-AddEdit-DistributionLine/funding_Source'

2020-08-26 19:30:57 - [TEST_STEP][PASSED] - waitForElementPresent(findTestObject("FDR-Receipt/FDR-Receipt-DistributionLine/FDR-AddEdit-DistributionLine/fund_Code"), 30): Object 'Object Repository/FDR-Receipt/FDR-Receipt-DistributionLine/FDR-AddEdit-DistributionLine/fund_Code' is present

2020-08-26 19:30:57 - [MESSAGE][PASSED] - Object 'Object Repository/FDR-Receipt/FDR-Receipt-DistributionLine/FDR-AddEdit-DistributionLine/fund_Code' is present

2020-08-26 19:30:57 - [TEST_STEP][PASSED] - sendKeys(findTestObject("FDR-Receipt/FDR-Receipt-DistributionLine/FDR-AddEdit-DistributionLine/fund_Code"), Fundcode): Keys 'Health Care Deposit Fund (0912)' sent to object: 'Object Repository/FDR-Receipt/FDR-Receipt-DistributionLine/FDR-AddEdit-DistributionLine/fund_Code'

2020-08-26 19:30:58 - [MESSAGE][PASSED] - Keys 'Health Care Deposit Fund (0912)' sent to object: 'Object Repository/FDR-Receipt/FDR-Receipt-DistributionLine/FDR-AddEdit-DistributionLine/fund_Code'

2020-08-26 19:30:58 - [TEST_STEP][PASSED] - sendKeys(findTestObject("FDR-Receipt/FDR-Receipt-DistributionLine/FDR-AddEdit-DistributionLine/fund_Code"), Keys.chord(DOWN, ENTER)): Keys 'DOWN + ENTER + ' sent to object: 'Object Repository/FDR-Receipt/FDR-Receipt-DistributionLine/FDR-AddEdit-DistributionLine/fund_Code'

2020-08-26 19:30:58 - [MESSAGE][PASSED] - Keys 'DOWN + ENTER + ' sent to object: 'Object Repository/FDR-Receipt/FDR-Receipt-DistributionLine/FDR-AddEdit-DistributionLine/fund_Code'

2020-08-26 19:30:58 - [TEST_STEP][PASSED] - waitForElementPresent(findTestObject("FDR-Receipt/FDR-Receipt-DistributionLine/FDR-AddEdit-DistributionLine/fund_Ratio"), 10): Object 'Object Repository/FDR-Receipt/FDR-Receipt-DistributionLine/FDR-AddEdit-DistributionLine/fund_Ratio' is present

2020-08-26 19:30:59 - [MESSAGE][PASSED] - Object 'Object Repository/FDR-Receipt/FDR-Receipt-DistributionLine/FDR-AddEdit-DistributionLine/fund_Ratio' is present

2020-08-26 19:30:59 - [TEST_STEP][PASSED] - sendKeys(findTestObject("FDR-Receipt/FDR-Receipt-DistributionLine/FDR-AddEdit-DistributionLine/fund_Ratio"), Fundratio): Keys '5' sent to object: 'Object Repository/FDR-Receipt/FDR-Receipt-DistributionLine/FDR-AddEdit-DistributionLine/fund_Ratio'

2020-08-26 19:30:59 - [MESSAGE][PASSED] - Keys '5' sent to object: 'Object Repository/FDR-Receipt/FDR-Receipt-DistributionLine/FDR-AddEdit-DistributionLine/fund_Ratio'

2020-08-26 19:30:59 - [TEST_STEP][PASSED] - sendKeys(findTestObject("FDR-Receipt/FDR-Receipt-DistributionLine/FDR-AddEdit-DistributionLine/fund_Ratio"), Keys.chord(DOWN, ENTER)): Keys 'DOWN + ENTER + ' sent to object: 'Object Repository/FDR-Receipt/FDR-Receipt-DistributionLine/FDR-AddEdit-DistributionLine/fund_Ratio'

2020-08-26 19:31:00 - [MESSAGE][PASSED] - Keys 'DOWN + ENTER + ' sent to object: 'Object Repository/FDR-Receipt/FDR-Receipt-DistributionLine/FDR-AddEdit-DistributionLine/fund_Ratio'

2020-08-26 19:31:00 - [TEST_STEP][PASSED] - waitForElementPresent(findTestObject("FDR-Receipt/FDR-Receipt-DistributionLine/FDR-AddEdit-DistributionLine/non_Federalfund"), 10): Object 'Object Repository/FDR-Receipt/FDR-Receipt-DistributionLine/FDR-AddEdit-DistributionLine/non_Federalfund' is present

2020-08-26 19:31:00 - [MESSAGE][PASSED] - Object 'Object Repository/FDR-Receipt/FDR-Receipt-DistributionLine/FDR-AddEdit-DistributionLine/non_Federalfund' is present

2020-08-26 19:31:00 - [TEST_STEP][PASSED] - sendKeys(findTestObject("FDR-Receipt/FDR-Receipt-DistributionLine/FDR-AddEdit-DistributionLine/non_Federalfund"), Nonfederalfund): Keys '0001' sent to object: 'Object Repository/FDR-Receipt/FDR-Receipt-DistributionLine/FDR-AddEdit-DistributionLine/non_Federalfund'

2020-08-26 19:31:01 - [MESSAGE][PASSED] - Keys '0001' sent to object: 'Object Repository/FDR-Receipt/FDR-Receipt-DistributionLine/FDR-AddEdit-DistributionLine/non_Federalfund'

2020-08-26 19:31:01 - [TEST_STEP][PASSED] - sendKeys(findTestObject("FDR-Receipt/FDR-Receipt-DistributionLine/FDR-AddEdit-DistributionLine/non_Federalfund"), Keys.chord(DOWN, ENTER)): Keys 'DOWN + ENTER + ' sent to object: 'Object Repository/FDR-Receipt/FDR-Receipt-DistributionLine/FDR-AddEdit-DistributionLine/non_Federalfund'

2020-08-26 19:31:01 - [MESSAGE][PASSED] - Keys 'DOWN + ENTER + ' sent to object: 'Object Repository/FDR-Receipt/FDR-Receipt-DistributionLine/FDR-AddEdit-DistributionLine/non_Federalfund'

2020-08-26 19:31:01 - [TEST_STEP][PASSED] - waitForElementPresent(findTestObject("FDR-Receipt/FDR-Receipt-DistributionLine/FDR-AddEdit-DistributionLine/input_Service location_serviceLocation"), 10): Object 'Object Repository/FDR-Receipt/FDR-Receipt-DistributionLine/FDR-AddEdit-DistributionLine/input_Service location_serviceLocation' is present

2020-08-26 19:31:02 - [MESSAGE][PASSED] - Object 'Object Repository/FDR-Receipt/FDR-Receipt-DistributionLine/FDR-AddEdit-DistributionLine/input_Service location_serviceLocation' is present

2020-08-26 19:31:02 - [TEST_STEP][PASSED] - sendKeys(findTestObject("FDR-Receipt/FDR-Receipt-DistributionLine/FDR-AddEdit-DistributionLine/input_Service location_serviceLocation"), Servicelocation): Keys '3445' sent to object: 'Object Repository/FDR-Receipt/FDR-Receipt-DistributionLine/FDR-AddEdit-DistributionLine/input_Service location_serviceLocation'

2020-08-26 19:31:02 - [MESSAGE][PASSED] - Keys '3445' sent to object: 'Object Repository/FDR-Receipt/FDR-Receipt-DistributionLine/FDR-AddEdit-DistributionLine/input_Service location_serviceLocation'

2020-08-26 19:31:02 - [TEST_STEP][PASSED] - sendKeys(findTestObject("FDR-Receipt/FDR-Receipt-DistributionLine/FDR-AddEdit-DistributionLine/input_Service location_serviceLocation"), Keys.chord(DOWN, ENTER)): Keys 'DOWN + ENTER + ' sent to object: 'Object Repository/FDR-Receipt/FDR-Receipt-DistributionLine/FDR-AddEdit-DistributionLine/input_Service location_serviceLocation'

2020-08-26 19:31:03 - [MESSAGE][PASSED] - Keys 'DOWN + ENTER + ' sent to object: 'Object Repository/FDR-Receipt/FDR-Receipt-DistributionLine/FDR-AddEdit-DistributionLine/input_Service location_serviceLocation'

2020-08-26 19:31:03 - [TEST_STEP][PASSED] - waitForElementPresent(findTestObject("FDR-Receipt/FDR-Receipt-DistributionLine/FDR-AddEdit-DistributionLine/Index"), 10): Object 'Object Repository/FDR-Receipt/FDR-Receipt-DistributionLine/FDR-AddEdit-DistributionLine/Index' is present

2020-08-26 19:31:03 - [MESSAGE][PASSED] - Object 'Object Repository/FDR-Receipt/FDR-Receipt-DistributionLine/FDR-AddEdit-DistributionLine/Index' is present

2020-08-26 19:31:03 - [TEST_STEP][PASSED] - sendKeys(findTestObject("FDR-Receipt/FDR-Receipt-DistributionLine/FDR-AddEdit-DistributionLine/Index"), Index): Keys '1155' sent to object: 'Object Repository/FDR-Receipt/FDR-Receipt-DistributionLine/FDR-AddEdit-DistributionLine/Index'

2020-08-26 19:31:03 - [MESSAGE][PASSED] - Keys '1155' sent to object: 'Object Repository/FDR-Receipt/FDR-Receipt-DistributionLine/FDR-AddEdit-DistributionLine/Index'

2020-08-26 19:31:03 - [TEST_STEP][PASSED] - sendKeys(findTestObject("FDR-Receipt/FDR-Receipt-DistributionLine/FDR-AddEdit-DistributionLine/Index"), Keys.chord(DOWN, ENTER)): Keys 'DOWN + ENTER + ' sent to object: 'Object Repository/FDR-Receipt/FDR-Receipt-DistributionLine/FDR-AddEdit-DistributionLine/Index'

2020-08-26 19:31:04 - [MESSAGE][PASSED] - Keys 'DOWN + ENTER + ' sent to object: 'Object Repository/FDR-Receipt/FDR-Receipt-DistributionLine/FDR-AddEdit-DistributionLine/Index'

2020-08-26 19:31:04 - [TEST_STEP][PASSED] - waitForElementPresent(findTestObject("FDR-Receipt/FDR-Receipt-DistributionLine/FDR-AddEdit-DistributionLine/program_Type"), 10): Object 'Object Repository/FDR-Receipt/FDR-Receipt-DistributionLine/FDR-AddEdit-DistributionLine/program_Type' is present

2020-08-26 19:31:04 - [MESSAGE][PASSED] - Object 'Object Repository/FDR-Receipt/FDR-Receipt-DistributionLine/FDR-AddEdit-DistributionLine/program_Type' is present

2020-08-26 19:31:04 - [TEST_STEP][PASSED] - sendKeys(findTestObject("FDR-Receipt/FDR-Receipt-DistributionLine/FDR-AddEdit-DistributionLine/program_Type"), Programtype): Keys 'Medical Assistance (MA)' sent to object: 'Object Repository/FDR-Receipt/FDR-Receipt-DistributionLine/FDR-AddEdit-DistributionLine/program_Type'

2020-08-26 19:31:05 - [MESSAGE][PASSED] - Keys 'Medical Assistance (MA)' sent to object: 'Object Repository/FDR-Receipt/FDR-Receipt-DistributionLine/FDR-AddEdit-DistributionLine/program_Type'

2020-08-26 19:31:05 - [TEST_STEP][PASSED] - sendKeys(findTestObject("FDR-Receipt/FDR-Receipt-DistributionLine/FDR-AddEdit-DistributionLine/program_Type"), Keys.chord(DOWN, ENTER)): Keys 'DOWN + ENTER + ' sent to object: 'Object Repository/FDR-Receipt/FDR-Receipt-DistributionLine/FDR-AddEdit-DistributionLine/program_Type'

2020-08-26 19:31:05 - [MESSAGE][PASSED] - Keys 'DOWN + ENTER + ' sent to object: 'Object Repository/FDR-Receipt/FDR-Receipt-DistributionLine/FDR-AddEdit-DistributionLine/program_Type'

2020-08-26 19:31:05 - [TEST_STEP][PASSED] - waitForElementPresent(findTestObject("FDR-Receipt/FDR-Receipt-DistributionLine/FDR-AddEdit-DistributionLine/service_Category"), 10): Object 'Object Repository/FDR-Receipt/FDR-Receipt-DistributionLine/FDR-AddEdit-DistributionLine/service_Category' is present

2020-08-26 19:31:05 - [MESSAGE][PASSED] - Object 'Object Repository/FDR-Receipt/FDR-Receipt-DistributionLine/FDR-AddEdit-DistributionLine/service_Category' is present

2020-08-26 19:31:05 - [TEST_STEP][PASSED] - sendKeys(findTestObject("FDR-Receipt/FDR-Receipt-DistributionLine/FDR-AddEdit-DistributionLine/service_Category"), Servicecategory): Keys '18B1' sent to object: 'Object Repository/FDR-Receipt/FDR-Receipt-DistributionLine/FDR-AddEdit-DistributionLine/service_Category'

2020-08-26 19:31:06 - [MESSAGE][PASSED] - Keys '18B1' sent to object: 'Object Repository/FDR-Receipt/FDR-Receipt-DistributionLine/FDR-AddEdit-DistributionLine/service_Category'

2020-08-26 19:31:06 - [TEST_STEP][PASSED] - sendKeys(findTestObject("FDR-Receipt/FDR-Receipt-DistributionLine/FDR-AddEdit-DistributionLine/service_Category"), Keys.chord(DOWN, ENTER)): Keys 'DOWN + ENTER + ' sent to object: 'Object Repository/FDR-Receipt/FDR-Receipt-DistributionLine/FDR-AddEdit-DistributionLine/service_Category'

2020-08-26 19:31:06 - [MESSAGE][PASSED] - Keys 'DOWN + ENTER + ' sent to object: 'Object Repository/FDR-Receipt/FDR-Receipt-DistributionLine/FDR-AddEdit-DistributionLine/service_Category'

2020-08-26 19:31:06 - [TEST_STEP][PASSED] - waitForElementPresent(findTestObject("FDR-Receipt/FDR-Receipt-DistributionLine/FDR-AddEdit-DistributionLine/increaseDecreaseLine"), 10): Object 'Object Repository/FDR-Receipt/FDR-Receipt-DistributionLine/FDR-AddEdit-DistributionLine/increaseDecreaseLine' is present

2020-08-26 19:31:07 - [MESSAGE][PASSED] - Object 'Object Repository/FDR-Receipt/FDR-Receipt-DistributionLine/FDR-AddEdit-DistributionLine/increaseDecreaseLine' is present

2020-08-26 19:31:07 - [TEST_STEP][PASSED] - sendKeys(findTestObject("FDR-Receipt/FDR-Receipt-DistributionLine/FDR-AddEdit-DistributionLine/increaseDecreaseLine"), IncreaseDecreaseLine): Keys '10b: Receipts or any decrease' sent to object: 'Object Repository/FDR-Receipt/FDR-Receipt-DistributionLine/FDR-AddEdit-DistributionLine/increaseDecreaseLine'

2020-08-26 19:31:07 - [MESSAGE][PASSED] - Keys '10b: Receipts or any decrease' sent to object: 'Object Repository/FDR-Receipt/FDR-Receipt-DistributionLine/FDR-AddEdit-DistributionLine/increaseDecreaseLine'

2020-08-26 19:31:07 - [TEST_STEP][PASSED] - sendKeys(findTestObject("FDR-Receipt/FDR-Receipt-DistributionLine/FDR-AddEdit-DistributionLine/increaseDecreaseLine"), Keys.chord(ARROW_DOWN, ENTER)): Keys 'DOWN + ENTER + ' sent to object: 'Object Repository/FDR-Receipt/FDR-Receipt-DistributionLine/FDR-AddEdit-DistributionLine/increaseDecreaseLine'

2020-08-26 19:31:08 - [MESSAGE][PASSED] - Keys 'DOWN + ENTER + ' sent to object: 'Object Repository/FDR-Receipt/FDR-Receipt-DistributionLine/FDR-AddEdit-DistributionLine/increaseDecreaseLine'

2020-08-26 19:31:08 - [TEST_STEP][PASSED] - waitForElementPresent(findTestObject("FDR-Receipt/FDR-Receipt-DistributionLine/FDR-AddEdit-DistributionLine/input_accountId"), 2, STOP_ON_FAILURE): Object 'Object Repository/FDR-Receipt/FDR-Receipt-DistributionLine/FDR-AddEdit-DistributionLine/input_accountId' is present

2020-08-26 19:31:08 - [MESSAGE][PASSED] - Object 'Object Repository/FDR-Receipt/FDR-Receipt-DistributionLine/FDR-AddEdit-DistributionLine/input_accountId' is present

2020-08-26 19:31:08 - [TEST_STEP][PASSED] - sendKeys(findTestObject("FDR-Receipt/FDR-Receipt-DistributionLine/FDR-AddEdit-DistributionLine/input_accountId"), accountId + Keys.chord(ARROW_DOWN, ENTER)): Keys 'DOWN + ENTER + 5432000' sent to object: 'Object Repository/FDR-Receipt/FDR-Receipt-DistributionLine/FDR-AddEdit-DistributionLine/input_accountId'

2020-08-26 19:31:09 - [MESSAGE][PASSED] - Keys 'DOWN + ENTER + 5432000' sent to object: 'Object Repository/FDR-Receipt/FDR-Receipt-DistributionLine/FDR-AddEdit-DistributionLine/input_accountId'

2020-08-26 19:31:09 - [TEST_STEP][PASSED] - waitForElementPresent(findTestObject("FDR-Receipt/FDR-Receipt-DistributionLine/FDR-AddEdit-DistributionLine/input_altAccountId"), 2, STOP_ON_FAILURE): Object 'Object Repository/FDR-Receipt/FDR-Receipt-DistributionLine/FDR-AddEdit-DistributionLine/input_altAccountId' is present

2020-08-26 19:31:09 - [MESSAGE][PASSED] - Object 'Object Repository/FDR-Receipt/FDR-Receipt-DistributionLine/FDR-AddEdit-DistributionLine/input_altAccountId' is present

2020-08-26 19:31:09 - [TEST_STEP][PASSED] - sendKeys(findTestObject("FDR-Receipt/FDR-Receipt-DistributionLine/FDR-AddEdit-DistributionLine/input_altAccountId"), altAccountId): Keys '5432000019' sent to object: 'Object Repository/FDR-Receipt/FDR-Receipt-DistributionLine/FDR-AddEdit-DistributionLine/input_altAccountId'

2020-08-26 19:31:10 - [MESSAGE][PASSED] - Keys '5432000019' sent to object: 'Object Repository/FDR-Receipt/FDR-Receipt-DistributionLine/FDR-AddEdit-DistributionLine/input_altAccountId'

2020-08-26 19:31:10 - [TEST_STEP][PASSED] - sendKeys(findTestObject("FDR-Receipt/FDR-Receipt-DistributionLine/FDR-AddEdit-DistributionLine/input_altAccountId"), Keys.chord(ARROW_DOWN, ENTER)): Keys 'DOWN + ENTER + ' sent to object: 'Object Repository/FDR-Receipt/FDR-Receipt-DistributionLine/FDR-AddEdit-DistributionLine/input_altAccountId'

2020-08-26 19:31:10 - [MESSAGE][PASSED] - Keys 'DOWN + ENTER + ' sent to object: 'Object Repository/FDR-Receipt/FDR-Receipt-DistributionLine/FDR-AddEdit-DistributionLine/input_altAccountId'

2020-08-26 19:31:10 - [TEST_STEP][PASSED] - waitForElementPresent(findTestObject("FDR-Receipt/FDR-Receipt-DistributionLine/FDR-AddEdit-DistributionLine/button_SaveClose"), 10): Object 'Object Repository/FDR-Receipt/FDR-Receipt-DistributionLine/FDR-AddEdit-DistributionLine/button_SaveClose' is present

2020-08-26 19:31:11 - [MESSAGE][PASSED] - Object 'Object Repository/FDR-Receipt/FDR-Receipt-DistributionLine/FDR-AddEdit-DistributionLine/button_SaveClose' is present

2020-08-26 19:31:11 - [TEST_STEP][PASSED] - waitForElementClickable(findTestObject("FDR-Receipt/FDR-Receipt-DistributionLine/FDR-AddEdit-DistributionLine/button_SaveClose"), 10): Object 'Object Repository/FDR-Receipt/FDR-Receipt-DistributionLine/FDR-AddEdit-DistributionLine/button_SaveClose' is clickable

2020-08-26 19:31:11 - [MESSAGE][PASSED] - Object 'Object Repository/FDR-Receipt/FDR-Receipt-DistributionLine/FDR-AddEdit-DistributionLine/button_SaveClose' is clickable

2020-08-26 19:31:11 - [TEST_STEP][PASSED] - click(findTestObject("FDR-Receipt/FDR-Receipt-DistributionLine/FDR-AddEdit-DistributionLine/button_SaveClose")): Object: 'Object Repository/FDR-Receipt/FDR-Receipt-DistributionLine/FDR-AddEdit-DistributionLine/button_SaveClose' is clicked on

2020-08-26 19:31:12 - [MESSAGE][PASSED] - Object: 'Object Repository/FDR-Receipt/FDR-Receipt-DistributionLine/FDR-AddEdit-DistributionLine/button_SaveClose' is clicked on

2020-08-26 19:31:12 - [TEST_STEP][PASSED] - scrollToElement(findTestObject("FDR-Receipt/FDR-Receipt-DistributionLine/FDR-AddEdit-DistributionLine/button_Add-Invoiceline"), 3): Scroll to object 'Object Repository/FDR-Receipt/FDR-Receipt-DistributionLine/FDR-AddEdit-DistributionLine/button_Add-Invoiceline' successfully

2020-08-26 19:31:12 - [MESSAGE][PASSED] - Scroll to object 'Object Repository/FDR-Receipt/FDR-Receipt-DistributionLine/FDR-AddEdit-DistributionLine/button_Add-Invoiceline' successfully

2020-08-26 19:31:12 - [TEST_STEP][PASSED] - verifyElementClickable(findTestObject("FDR-Receipt/FDR-Receipt-DistributionLine/FDR-AddEdit-DistributionLine/button_Add-Invoiceline"), STOP_ON_FAILURE): Object 'Object Repository/FDR-Receipt/FDR-Receipt-DistributionLine/FDR-AddEdit-DistributionLine/button_Add-Invoiceline' is clickable

2020-08-26 19:31:13 - [MESSAGE][PASSED] - Object 'Object Repository/FDR-Receipt/FDR-Receipt-DistributionLine/FDR-AddEdit-DistributionLine/button_Add-Invoiceline' is clickable

2020-08-26 19:31:13 - [TEST_STEP][PASSED] - click(findTestObject("FDR-Receipt/FDR-Receipt-DistributionLine/FDR-AddEdit-DistributionLine/button_Add-Invoiceline"), STOP_ON_FAILURE): Object: 'Object Repository/FDR-Receipt/FDR-Receipt-DistributionLine/FDR-AddEdit-DistributionLine/button_Add-Invoiceline' is clicked on

2020-08-26 19:31:13 - [MESSAGE][PASSED] - Object: 'Object Repository/FDR-Receipt/FDR-Receipt-DistributionLine/FDR-AddEdit-DistributionLine/button_Add-Invoiceline' is clicked on

2020-08-26 19:31:13 - [TEST_STEP][PASSED] - waitForElementPresent(findTestObject("FDR-Receipt/FDR-Receipt-DistributionLine/FDR-AddEdit-DistributionLine/invoice_Searchfield"), 10): Object 'Object Repository/FDR-Receipt/FDR-Receipt-DistributionLine/FDR-AddEdit-DistributionLine/invoice_Searchfield' is present

2020-08-26 19:31:13 - [MESSAGE][PASSED] - Object 'Object Repository/FDR-Receipt/FDR-Receipt-DistributionLine/FDR-AddEdit-DistributionLine/invoice_Searchfield' is present

2020-08-26 19:31:13 - [TEST_STEP][PASSED] - sendKeys(findTestObject("FDR-Receipt/FDR-Receipt-DistributionLine/FDR-AddEdit-DistributionLine/invoice_Searchfield"), searchfield): Keys '524342' sent to object: 'Object Repository/FDR-Receipt/FDR-Receipt-DistributionLine/FDR-AddEdit-DistributionLine/invoice_Searchfield'

2020-08-26 19:31:14 - [MESSAGE][PASSED] - Keys '524342' sent to object: 'Object Repository/FDR-Receipt/FDR-Receipt-DistributionLine/FDR-AddEdit-DistributionLine/invoice_Searchfield'

2020-08-26 19:31:14 - [TEST_STEP][PASSED] - click(findTestObject("FDR-Receipt/FDR-Receipt-DistributionLine/FDR-AddEdit-DistributionLine/button_Add_invoicemanually")): Object: 'Object Repository/FDR-Receipt/FDR-Receipt-DistributionLine/FDR-AddEdit-DistributionLine/button_Add_invoicemanually' is clicked on

2020-08-26 19:31:15 - [MESSAGE][PASSED] - Object: 'Object Repository/FDR-Receipt/FDR-Receipt-DistributionLine/FDR-AddEdit-DistributionLine/button_Add_invoicemanually' is clicked on

2020-08-26 19:31:15 - [TEST_STEP][PASSED] - waitForElementPresent(findTestObject("FDR-Receipt/FDR-Receipt-DistributionLine/FDR-AddEdit-DistributionLine/input_Service date (from)"), 10): Object 'Object Repository/FDR-Receipt/FDR-Receipt-DistributionLine/FDR-AddEdit-DistributionLine/input_Service date (from)' is present

2020-08-26 19:31:16 - [MESSAGE][PASSED] - Object 'Object Repository/FDR-Receipt/FDR-Receipt-DistributionLine/FDR-AddEdit-DistributionLine/input_Service date (from)' is present

2020-08-26 19:31:16 - [TEST_STEP][PASSED] - sendKeys(findTestObject("FDR-Receipt/FDR-Receipt-DistributionLine/FDR-AddEdit-DistributionLine/input_Service date (from)"), servicedatefrom): Keys '08/27/2020' sent to object: 'Object Repository/FDR-Receipt/FDR-Receipt-DistributionLine/FDR-AddEdit-DistributionLine/input_Service date (from)'

2020-08-26 19:31:16 - [MESSAGE][PASSED] - Keys '08/27/2020' sent to object: 'Object Repository/FDR-Receipt/FDR-Receipt-DistributionLine/FDR-AddEdit-DistributionLine/input_Service date (from)'

2020-08-26 19:31:16 - [TEST_STEP][PASSED] - waitForElementPresent(findTestObject("FDR-Receipt/FDR-Receipt-DistributionLine/FDR-AddEdit-DistributionLine/input_Service date (to)"), 10): Object 'Object Repository/FDR-Receipt/FDR-Receipt-DistributionLine/FDR-AddEdit-DistributionLine/input_Service date (to)' is present

2020-08-26 19:31:16 - [MESSAGE][PASSED] - Object 'Object Repository/FDR-Receipt/FDR-Receipt-DistributionLine/FDR-AddEdit-DistributionLine/input_Service date (to)' is present

2020-08-26 19:31:16 - [TEST_STEP][PASSED] - sendKeys(findTestObject("FDR-Receipt/FDR-Receipt-DistributionLine/FDR-AddEdit-DistributionLine/input_Service date (to)"), servicedateto): Keys '08/28/2020' sent to object: 'Object Repository/FDR-Receipt/FDR-Receipt-DistributionLine/FDR-AddEdit-DistributionLine/input_Service date (to)'

2020-08-26 19:31:17 - [MESSAGE][PASSED] - Keys '08/28/2020' sent to object: 'Object Repository/FDR-Receipt/FDR-Receipt-DistributionLine/FDR-AddEdit-DistributionLine/input_Service date (to)'

2020-08-26 19:31:17 - [TEST_STEP][PASSED] - delay(4): Delayed 4 second(s)

2020-08-26 19:31:21 - [MESSAGE][PASSED] - Delayed 4 second(s)

2020-08-26 19:31:21 - [TEST_STEP][PASSED] - waitForElementPresent(findTestObject("FDR-Receipt/FDR-Receipt-DistributionLine/FDR-AddEdit-DistributionLine/input_Amount"), 10): Object 'Object Repository/FDR-Receipt/FDR-Receipt-DistributionLine/FDR-AddEdit-DistributionLine/input_Amount' is present

2020-08-26 19:31:21 - [MESSAGE][PASSED] - Object 'Object Repository/FDR-Receipt/FDR-Receipt-DistributionLine/FDR-AddEdit-DistributionLine/input_Amount' is present

2020-08-26 19:31:21 - [TEST_STEP][PASSED] - sendKeys(findTestObject("FDR-Receipt/FDR-Receipt-DistributionLine/FDR-AddEdit-DistributionLine/input_Amount"), NegativeAmount): Keys '500-' sent to object: 'Object Repository/FDR-Receipt/FDR-Receipt-DistributionLine/FDR-AddEdit-DistributionLine/input_Amount'

2020-08-26 19:31:22 - [MESSAGE][PASSED] - Keys '500-' sent to object: 'Object Repository/FDR-Receipt/FDR-Receipt-DistributionLine/FDR-AddEdit-DistributionLine/input_Amount'

2020-08-26 19:31:22 - [TEST_STEP][PASSED] - delay(2): Delayed 2 second(s)

2020-08-26 19:31:24 - [MESSAGE][PASSED] - Delayed 2 second(s)

2020-08-26 19:31:24 - [TEST_STEP][PASSED] - waitForElementPresent(findTestObject("FDR-Receipt/FDR-Receipt-DistributionLine/FDR-AddEdit-DistributionLine/waiver_Type"), 10): Object 'Object Repository/FDR-Receipt/FDR-Receipt-DistributionLine/FDR-AddEdit-DistributionLine/waiver_Type' is present

2020-08-26 19:31:24 - [MESSAGE][PASSED] - Object 'Object Repository/FDR-Receipt/FDR-Receipt-DistributionLine/FDR-AddEdit-DistributionLine/waiver_Type' is present

2020-08-26 19:31:24 - [TEST_STEP][PASSED] - waitForElementPresent(findTestObject("FDR-Receipt/FDR-Receipt-DistributionLine/FDR-AddEdit-DistributionLine/waiver_Type"), 8): Object 'Object Repository/FDR-Receipt/FDR-Receipt-DistributionLine/FDR-AddEdit-DistributionLine/waiver_Type' is present

2020-08-26 19:31:24 - [MESSAGE][PASSED] - Object 'Object Repository/FDR-Receipt/FDR-Receipt-DistributionLine/FDR-AddEdit-DistributionLine/waiver_Type' is present

2020-08-26 19:31:24 - [TEST_STEP][PASSED] - sendKeys(findTestObject("FDR-Receipt/FDR-Receipt-DistributionLine/FDR-AddEdit-DistributionLine/waiver_Type"), Waivertype): Keys '2020' sent to object: 'Object Repository/FDR-Receipt/FDR-Receipt-DistributionLine/FDR-AddEdit-DistributionLine/waiver_Type'

2020-08-26 19:31:25 - [MESSAGE][PASSED] - Keys '2020' sent to object: 'Object Repository/FDR-Receipt/FDR-Receipt-DistributionLine/FDR-AddEdit-DistributionLine/waiver_Type'

2020-08-26 19:31:25 - [TEST_STEP][PASSED] - sendKeys(findTestObject("FDR-Receipt/FDR-Receipt-DistributionLine/FDR-AddEdit-DistributionLine/waiver_Type"), Keys.chord(DOWN, ENTER)): Keys 'DOWN + ENTER + ' sent to object: 'Object Repository/FDR-Receipt/FDR-Receipt-DistributionLine/FDR-AddEdit-DistributionLine/waiver_Type'

2020-08-26 19:31:25 - [MESSAGE][PASSED] - Keys 'DOWN + ENTER + ' sent to object: 'Object Repository/FDR-Receipt/FDR-Receipt-DistributionLine/FDR-AddEdit-DistributionLine/waiver_Type'

2020-08-26 19:31:25 - [TEST_STEP][PASSED] - waitForElementPresent(findTestObject("FDR-Receipt/FDR-Receipt-DistributionLine/FDR-AddEdit-DistributionLine/waiver_Name"), 6): Object 'Object Repository/FDR-Receipt/FDR-Receipt-DistributionLine/FDR-AddEdit-DistributionLine/waiver_Name' is present

2020-08-26 19:31:26 - [MESSAGE][PASSED] - Object 'Object Repository/FDR-Receipt/FDR-Receipt-DistributionLine/FDR-AddEdit-DistributionLine/waiver_Name' is present

2020-08-26 19:31:26 - [TEST_STEP][PASSED] - sendKeys(findTestObject("FDR-Receipt/FDR-Receipt-DistributionLine/FDR-AddEdit-DistributionLine/waiver_Name"), Waivername): Keys 'A-FamilyU TPM/GMC' sent to object: 'Object Repository/FDR-Receipt/FDR-Receipt-DistributionLine/FDR-AddEdit-DistributionLine/waiver_Name'

2020-08-26 19:31:26 - [MESSAGE][PASSED] - Keys 'A-FamilyU TPM/GMC' sent to object: 'Object Repository/FDR-Receipt/FDR-Receipt-DistributionLine/FDR-AddEdit-DistributionLine/waiver_Name'

2020-08-26 19:31:26 - [TEST_STEP][PASSED] - sendKeys(findTestObject("FDR-Receipt/FDR-Receipt-DistributionLine/FDR-AddEdit-DistributionLine/waiver_Name"), Keys.chord(DOWN, ENTER)): Keys 'DOWN + ENTER + ' sent to object: 'Object Repository/FDR-Receipt/FDR-Receipt-DistributionLine/FDR-AddEdit-DistributionLine/waiver_Name'

2020-08-26 19:31:27 - [MESSAGE][PASSED] - Keys 'DOWN + ENTER + ' sent to object: 'Object Repository/FDR-Receipt/FDR-Receipt-DistributionLine/FDR-AddEdit-DistributionLine/waiver_Name'

2020-08-26 19:31:27 - [TEST_STEP][PASSED] - waitForElementPresent(findTestObject("FDR-Receipt/FDR-Receipt-DistributionLine/FDR-AddEdit-DistributionLine/funding_Source"), 6): Object 'Object Repository/FDR-Receipt/FDR-Receipt-DistributionLine/FDR-AddEdit-DistributionLine/funding_Source' is present

2020-08-26 19:31:27 - [MESSAGE][PASSED] - Object 'Object Repository/FDR-Receipt/FDR-Receipt-DistributionLine/FDR-AddEdit-DistributionLine/funding_Source' is present

2020-08-26 19:31:27 - [TEST_STEP][PASSED] - sendKeys(findTestObject("FDR-Receipt/FDR-Receipt-DistributionLine/FDR-AddEdit-DistributionLine/funding_Source"), Fundingsource): Keys 'Dental' sent to object: 'Object Repository/FDR-Receipt/FDR-Receipt-DistributionLine/FDR-AddEdit-DistributionLine/funding_Source'

2020-08-26 19:31:28 - [MESSAGE][PASSED] - Keys 'Dental' sent to object: 'Object Repository/FDR-Receipt/FDR-Receipt-DistributionLine/FDR-AddEdit-DistributionLine/funding_Source'

2020-08-26 19:31:28 - [TEST_STEP][PASSED] - sendKeys(findTestObject("FDR-Receipt/FDR-Receipt-DistributionLine/FDR-AddEdit-DistributionLine/funding_Source"), Keys.chord(DOWN, ENTER)): Keys 'DOWN + ENTER + ' sent to object: 'Object Repository/FDR-Receipt/FDR-Receipt-DistributionLine/FDR-AddEdit-DistributionLine/funding_Source'

2020-08-26 19:31:28 - [MESSAGE][PASSED] - Keys 'DOWN + ENTER + ' sent to object: 'Object Repository/FDR-Receipt/FDR-Receipt-DistributionLine/FDR-AddEdit-DistributionLine/funding_Source'

2020-08-26 19:31:28 - [TEST_STEP][PASSED] - waitForElementPresent(findTestObject("FDR-Receipt/FDR-Receipt-DistributionLine/FDR-AddEdit-DistributionLine/fund_Code"), 30): Object 'Object Repository/FDR-Receipt/FDR-Receipt-DistributionLine/FDR-AddEdit-DistributionLine/fund_Code' is present

2020-08-26 19:31:29 - [MESSAGE][PASSED] - Object 'Object Repository/FDR-Receipt/FDR-Receipt-DistributionLine/FDR-AddEdit-DistributionLine/fund_Code' is present

2020-08-26 19:31:29 - [TEST_STEP][PASSED] - sendKeys(findTestObject("FDR-Receipt/FDR-Receipt-DistributionLine/FDR-AddEdit-DistributionLine/fund_Code"), Fundcode): Keys 'Health Care Deposit Fund (0912)' sent to object: 'Object Repository/FDR-Receipt/FDR-Receipt-DistributionLine/FDR-AddEdit-DistributionLine/fund_Code'

2020-08-26 19:31:29 - [MESSAGE][PASSED] - Keys 'Health Care Deposit Fund (0912)' sent to object: 'Object Repository/FDR-Receipt/FDR-Receipt-DistributionLine/FDR-AddEdit-DistributionLine/fund_Code'

2020-08-26 19:31:29 - [TEST_STEP][PASSED] - sendKeys(findTestObject("FDR-Receipt/FDR-Receipt-DistributionLine/FDR-AddEdit-DistributionLine/fund_Code"), Keys.chord(DOWN, ENTER)): Keys 'DOWN + ENTER + ' sent to object: 'Object Repository/FDR-Receipt/FDR-Receipt-DistributionLine/FDR-AddEdit-DistributionLine/fund_Code'

2020-08-26 19:31:29 - [MESSAGE][PASSED] - Keys 'DOWN + ENTER + ' sent to object: 'Object Repository/FDR-Receipt/FDR-Receipt-DistributionLine/FDR-AddEdit-DistributionLine/fund_Code'

2020-08-26 19:31:29 - [TEST_STEP][PASSED] - waitForElementPresent(findTestObject("FDR-Receipt/FDR-Receipt-DistributionLine/FDR-AddEdit-DistributionLine/fund_Ratio"), 10): Object 'Object Repository/FDR-Receipt/FDR-Receipt-DistributionLine/FDR-AddEdit-DistributionLine/fund_Ratio' is present

2020-08-26 19:31:30 - [MESSAGE][PASSED] - Object 'Object Repository/FDR-Receipt/FDR-Receipt-DistributionLine/FDR-AddEdit-DistributionLine/fund_Ratio' is present

2020-08-26 19:31:30 - [TEST_STEP][PASSED] - sendKeys(findTestObject("FDR-Receipt/FDR-Receipt-DistributionLine/FDR-AddEdit-DistributionLine/fund_Ratio"), Fundratio): Keys '5' sent to object: 'Object Repository/FDR-Receipt/FDR-Receipt-DistributionLine/FDR-AddEdit-DistributionLine/fund_Ratio'

2020-08-26 19:31:30 - [MESSAGE][PASSED] - Keys '5' sent to object: 'Object Repository/FDR-Receipt/FDR-Receipt-DistributionLine/FDR-AddEdit-DistributionLine/fund_Ratio'

2020-08-26 19:31:30 - [TEST_STEP][PASSED] - sendKeys(findTestObject("FDR-Receipt/FDR-Receipt-DistributionLine/FDR-AddEdit-DistributionLine/fund_Ratio"), Keys.chord(DOWN, ENTER)): Keys 'DOWN + ENTER + ' sent to object: 'Object Repository/FDR-Receipt/FDR-Receipt-DistributionLine/FDR-AddEdit-DistributionLine/fund_Ratio'

2020-08-26 19:31:31 - [MESSAGE][PASSED] - Keys 'DOWN + ENTER + ' sent to object: 'Object Repository/FDR-Receipt/FDR-Receipt-DistributionLine/FDR-AddEdit-DistributionLine/fund_Ratio'

2020-08-26 19:31:31 - [TEST_STEP][PASSED] - waitForElementPresent(findTestObject("FDR-Receipt/FDR-Receipt-DistributionLine/FDR-AddEdit-DistributionLine/non_Federalfund"), 10): Object 'Object Repository/FDR-Receipt/FDR-Receipt-DistributionLine/FDR-AddEdit-DistributionLine/non_Federalfund' is present

2020-08-26 19:31:31 - [MESSAGE][PASSED] - Object 'Object Repository/FDR-Receipt/FDR-Receipt-DistributionLine/FDR-AddEdit-DistributionLine/non_Federalfund' is present

2020-08-26 19:31:31 - [TEST_STEP][PASSED] - sendKeys(findTestObject("FDR-Receipt/FDR-Receipt-DistributionLine/FDR-AddEdit-DistributionLine/non_Federalfund"), Nonfederalfund): Keys '0001' sent to object: 'Object Repository/FDR-Receipt/FDR-Receipt-DistributionLine/FDR-AddEdit-DistributionLine/non_Federalfund'

2020-08-26 19:31:32 - [MESSAGE][PASSED] - Keys '0001' sent to object: 'Object Repository/FDR-Receipt/FDR-Receipt-DistributionLine/FDR-AddEdit-DistributionLine/non_Federalfund'

2020-08-26 19:31:32 - [TEST_STEP][PASSED] - sendKeys(findTestObject("FDR-Receipt/FDR-Receipt-DistributionLine/FDR-AddEdit-DistributionLine/non_Federalfund"), Keys.chord(DOWN, ENTER)): Keys 'DOWN + ENTER + ' sent to object: 'Object Repository/FDR-Receipt/FDR-Receipt-DistributionLine/FDR-AddEdit-DistributionLine/non_Federalfund'

2020-08-26 19:31:32 - [MESSAGE][PASSED] - Keys 'DOWN + ENTER + ' sent to object: 'Object Repository/FDR-Receipt/FDR-Receipt-DistributionLine/FDR-AddEdit-DistributionLine/non_Federalfund'

2020-08-26 19:31:32 - [TEST_STEP][PASSED] - waitForElementPresent(findTestObject("FDR-Receipt/FDR-Receipt-DistributionLine/FDR-AddEdit-DistributionLine/input_Service location_serviceLocation"), 10): Object 'Object Repository/FDR-Receipt/FDR-Receipt-DistributionLine/FDR-AddEdit-DistributionLine/input_Service location_serviceLocation' is present

2020-08-26 19:31:33 - [MESSAGE][PASSED] - Object 'Object Repository/FDR-Receipt/FDR-Receipt-DistributionLine/FDR-AddEdit-DistributionLine/input_Service location_serviceLocation' is present

2020-08-26 19:31:33 - [TEST_STEP][PASSED] - sendKeys(findTestObject("FDR-Receipt/FDR-Receipt-DistributionLine/FDR-AddEdit-DistributionLine/input_Service location_serviceLocation"), Servicelocation): Keys '3445' sent to object: 'Object Repository/FDR-Receipt/FDR-Receipt-DistributionLine/FDR-AddEdit-DistributionLine/input_Service location_serviceLocation'

2020-08-26 19:31:33 - [MESSAGE][PASSED] - Keys '3445' sent to object: 'Object Repository/FDR-Receipt/FDR-Receipt-DistributionLine/FDR-AddEdit-DistributionLine/input_Service location_serviceLocation'

2020-08-26 19:31:33 - [TEST_STEP][PASSED] - sendKeys(findTestObject("FDR-Receipt/FDR-Receipt-DistributionLine/FDR-AddEdit-DistributionLine/input_Service location_serviceLocation"), Keys.chord(DOWN, ENTER)): Keys 'DOWN + ENTER + ' sent to object: 'Object Repository/FDR-Receipt/FDR-Receipt-DistributionLine/FDR-AddEdit-DistributionLine/input_Service location_serviceLocation'

2020-08-26 19:31:33 - [MESSAGE][PASSED] - Keys 'DOWN + ENTER + ' sent to object: 'Object Repository/FDR-Receipt/FDR-Receipt-DistributionLine/FDR-AddEdit-DistributionLine/input_Service location_serviceLocation'

2020-08-26 19:31:33 - [TEST_STEP][PASSED] - waitForElementPresent(findTestObject("FDR-Receipt/FDR-Receipt-DistributionLine/FDR-AddEdit-DistributionLine/Index"), 10): Object 'Object Repository/FDR-Receipt/FDR-Receipt-DistributionLine/FDR-AddEdit-DistributionLine/Index' is present

2020-08-26 19:31:34 - [MESSAGE][PASSED] - Object 'Object Repository/FDR-Receipt/FDR-Receipt-DistributionLine/FDR-AddEdit-DistributionLine/Index' is present

2020-08-26 19:31:34 - [TEST_STEP][PASSED] - sendKeys(findTestObject("FDR-Receipt/FDR-Receipt-DistributionLine/FDR-AddEdit-DistributionLine/Index"), Index): Keys '1155' sent to object: 'Object Repository/FDR-Receipt/FDR-Receipt-DistributionLine/FDR-AddEdit-DistributionLine/Index'

2020-08-26 19:31:34 - [MESSAGE][PASSED] - Keys '1155' sent to object: 'Object Repository/FDR-Receipt/FDR-Receipt-DistributionLine/FDR-AddEdit-DistributionLine/Index'

2020-08-26 19:31:34 - [TEST_STEP][PASSED] - sendKeys(findTestObject("FDR-Receipt/FDR-Receipt-DistributionLine/FDR-AddEdit-DistributionLine/Index"), Keys.chord(DOWN, ENTER)): Keys 'DOWN + ENTER + ' sent to object: 'Object Repository/FDR-Receipt/FDR-Receipt-DistributionLine/FDR-AddEdit-DistributionLine/Index'

2020-08-26 19:31:35 - [MESSAGE][PASSED] - Keys 'DOWN + ENTER + ' sent to object: 'Object Repository/FDR-Receipt/FDR-Receipt-DistributionLine/FDR-AddEdit-DistributionLine/Index'

2020-08-26 19:31:35 - [TEST_STEP][PASSED] - waitForElementPresent(findTestObject("FDR-Receipt/FDR-Receipt-DistributionLine/FDR-AddEdit-DistributionLine/program_Type"), 10): Object 'Object Repository/FDR-Receipt/FDR-Receipt-DistributionLine/FDR-AddEdit-DistributionLine/program_Type' is present

2020-08-26 19:31:35 - [MESSAGE][PASSED] - Object 'Object Repository/FDR-Receipt/FDR-Receipt-DistributionLine/FDR-AddEdit-DistributionLine/program_Type' is present

2020-08-26 19:31:35 - [TEST_STEP][PASSED] - sendKeys(findTestObject("FDR-Receipt/FDR-Receipt-DistributionLine/FDR-AddEdit-DistributionLine/program_Type"), Programtype): Keys 'Medical Assistance (MA)' sent to object: 'Object Repository/FDR-Receipt/FDR-Receipt-DistributionLine/FDR-AddEdit-DistributionLine/program_Type'

2020-08-26 19:31:36 - [MESSAGE][PASSED] - Keys 'Medical Assistance (MA)' sent to object: 'Object Repository/FDR-Receipt/FDR-Receipt-DistributionLine/FDR-AddEdit-DistributionLine/program_Type'

2020-08-26 19:31:36 - [TEST_STEP][PASSED] - sendKeys(findTestObject("FDR-Receipt/FDR-Receipt-DistributionLine/FDR-AddEdit-DistributionLine/program_Type"), Keys.chord(DOWN, ENTER)): Keys 'DOWN + ENTER + ' sent to object: 'Object Repository/FDR-Receipt/FDR-Receipt-DistributionLine/FDR-AddEdit-DistributionLine/program_Type'

2020-08-26 19:31:36 - [MESSAGE][PASSED] - Keys 'DOWN + ENTER + ' sent to object: 'Object Repository/FDR-Receipt/FDR-Receipt-DistributionLine/FDR-AddEdit-DistributionLine/program_Type'

2020-08-26 19:31:36 - [TEST_STEP][PASSED] - waitForElementPresent(findTestObject("FDR-Receipt/FDR-Receipt-DistributionLine/FDR-AddEdit-DistributionLine/service_Category"), 10): Object 'Object Repository/FDR-Receipt/FDR-Receipt-DistributionLine/FDR-AddEdit-DistributionLine/service_Category' is present

2020-08-26 19:31:36 - [MESSAGE][PASSED] - Object 'Object Repository/FDR-Receipt/FDR-Receipt-DistributionLine/FDR-AddEdit-DistributionLine/service_Category' is present

2020-08-26 19:31:36 - [TEST_STEP][PASSED] - sendKeys(findTestObject("FDR-Receipt/FDR-Receipt-DistributionLine/FDR-AddEdit-DistributionLine/service_Category"), Servicecategory): Keys '18B1' sent to object: 'Object Repository/FDR-Receipt/FDR-Receipt-DistributionLine/FDR-AddEdit-DistributionLine/service_Category'

2020-08-26 19:31:37 - [MESSAGE][PASSED] - Keys '18B1' sent to object: 'Object Repository/FDR-Receipt/FDR-Receipt-DistributionLine/FDR-AddEdit-DistributionLine/service_Category'

2020-08-26 19:31:37 - [TEST_STEP][PASSED] - sendKeys(findTestObject("FDR-Receipt/FDR-Receipt-DistributionLine/FDR-AddEdit-DistributionLine/service_Category"), Keys.chord(DOWN, ENTER)): Keys 'DOWN + ENTER + ' sent to object: 'Object Repository/FDR-Receipt/FDR-Receipt-DistributionLine/FDR-AddEdit-DistributionLine/service_Category'

2020-08-26 19:31:37 - [MESSAGE][PASSED] - Keys 'DOWN + ENTER + ' sent to object: 'Object Repository/FDR-Receipt/FDR-Receipt-DistributionLine/FDR-AddEdit-DistributionLine/service_Category'

2020-08-26 19:31:37 - [TEST_STEP][PASSED] - waitForElementPresent(findTestObject("FDR-Receipt/FDR-Receipt-DistributionLine/FDR-AddEdit-DistributionLine/increaseDecreaseLine"), 10): Object 'Object Repository/FDR-Receipt/FDR-Receipt-DistributionLine/FDR-AddEdit-DistributionLine/increaseDecreaseLine' is present

2020-08-26 19:31:38 - [MESSAGE][PASSED] - Object 'Object Repository/FDR-Receipt/FDR-Receipt-DistributionLine/FDR-AddEdit-DistributionLine/increaseDecreaseLine' is present

2020-08-26 19:31:38 - [TEST_STEP][PASSED] - sendKeys(findTestObject("FDR-Receipt/FDR-Receipt-DistributionLine/FDR-AddEdit-DistributionLine/increaseDecreaseLine"), IncreaseDecreaseLine): Keys '10b: Receipts or any decrease' sent to object: 'Object Repository/FDR-Receipt/FDR-Receipt-DistributionLine/FDR-AddEdit-DistributionLine/increaseDecreaseLine'

2020-08-26 19:31:38 - [MESSAGE][PASSED] - Keys '10b: Receipts or any decrease' sent to object: 'Object Repository/FDR-Receipt/FDR-Receipt-DistributionLine/FDR-AddEdit-DistributionLine/increaseDecreaseLine'

2020-08-26 19:31:38 - [TEST_STEP][PASSED] - sendKeys(findTestObject("FDR-Receipt/FDR-Receipt-DistributionLine/FDR-AddEdit-DistributionLine/increaseDecreaseLine"), Keys.chord(ARROW_DOWN, ENTER)): Keys 'DOWN + ENTER + ' sent to object: 'Object Repository/FDR-Receipt/FDR-Receipt-DistributionLine/FDR-AddEdit-DistributionLine/increaseDecreaseLine'

2020-08-26 19:31:39 - [MESSAGE][PASSED] - Keys 'DOWN + ENTER + ' sent to object: 'Object Repository/FDR-Receipt/FDR-Receipt-DistributionLine/FDR-AddEdit-DistributionLine/increaseDecreaseLine'

2020-08-26 19:31:39 - [TEST_STEP][PASSED] - waitForElementPresent(findTestObject("FDR-Receipt/FDR-Receipt-DistributionLine/FDR-AddEdit-DistributionLine/input_accountId"), 2, STOP_ON_FAILURE): Object 'Object Repository/FDR-Receipt/FDR-Receipt-DistributionLine/FDR-AddEdit-DistributionLine/input_accountId' is present

2020-08-26 19:31:39 - [MESSAGE][PASSED] - Object 'Object Repository/FDR-Receipt/FDR-Receipt-DistributionLine/FDR-AddEdit-DistributionLine/input_accountId' is present

2020-08-26 19:31:39 - [TEST_STEP][PASSED] - sendKeys(findTestObject("FDR-Receipt/FDR-Receipt-DistributionLine/FDR-AddEdit-DistributionLine/input_accountId"), accountId + Keys.chord(ARROW_DOWN, ENTER)): Keys 'DOWN + ENTER + 5432000' sent to object: 'Object Repository/FDR-Receipt/FDR-Receipt-DistributionLine/FDR-AddEdit-DistributionLine/input_accountId'

2020-08-26 19:31:40 - [MESSAGE][PASSED] - Keys 'DOWN + ENTER + 5432000' sent to object: 'Object Repository/FDR-Receipt/FDR-Receipt-DistributionLine/FDR-AddEdit-DistributionLine/input_accountId'

2020-08-26 19:31:40 - [TEST_STEP][PASSED] - waitForElementPresent(findTestObject("FDR-Receipt/FDR-Receipt-DistributionLine/FDR-AddEdit-DistributionLine/input_altAccountId"), 2, STOP_ON_FAILURE): Object 'Object Repository/FDR-Receipt/FDR-Receipt-DistributionLine/FDR-AddEdit-DistributionLine/input_altAccountId' is present

2020-08-26 19:31:40 - [MESSAGE][PASSED] - Object 'Object Repository/FDR-Receipt/FDR-Receipt-DistributionLine/FDR-AddEdit-DistributionLine/input_altAccountId' is present

2020-08-26 19:31:40 - [TEST_STEP][PASSED] - sendKeys(findTestObject("FDR-Receipt/FDR-Receipt-DistributionLine/FDR-AddEdit-DistributionLine/input_altAccountId"), altAccountId): Keys '5432000019' sent to object: 'Object Repository/FDR-Receipt/FDR-Receipt-DistributionLine/FDR-AddEdit-DistributionLine/input_altAccountId'

2020-08-26 19:31:41 - [MESSAGE][PASSED] - Keys '5432000019' sent to object: 'Object Repository/FDR-Receipt/FDR-Receipt-DistributionLine/FDR-AddEdit-DistributionLine/input_altAccountId'

2020-08-26 19:31:41 - [TEST_STEP][PASSED] - sendKeys(findTestObject("FDR-Receipt/FDR-Receipt-DistributionLine/FDR-AddEdit-DistributionLine/input_altAccountId"), Keys.chord(ARROW_DOWN, ENTER)): Keys 'DOWN + ENTER + ' sent to object: 'Object Repository/FDR-Receipt/FDR-Receipt-DistributionLine/FDR-AddEdit-DistributionLine/input_altAccountId'

2020-08-26 19:31:41 - [MESSAGE][PASSED] - Keys 'DOWN + ENTER + ' sent to object: 'Object Repository/FDR-Receipt/FDR-Receipt-DistributionLine/FDR-AddEdit-DistributionLine/input_altAccountId'

2020-08-26 19:31:41 - [TEST_STEP][PASSED] - waitForElementPresent(findTestObject("FDR-Receipt/FDR-Receipt-DistributionLine/FDR-AddEdit-DistributionLine/saveCloseButton"), 5): Object 'Object Repository/FDR-Receipt/FDR-Receipt-DistributionLine/FDR-AddEdit-DistributionLine/saveCloseButton' is present

2020-08-26 19:31:42 - [MESSAGE][PASSED] - Object 'Object Repository/FDR-Receipt/FDR-Receipt-DistributionLine/FDR-AddEdit-DistributionLine/saveCloseButton' is present

2020-08-26 19:31:42 - [TEST_STEP][PASSED] - click(findTestObject("FDR-Receipt/FDR-Receipt-DistributionLine/FDR-AddEdit-DistributionLine/saveCloseButton"), STOP_ON_FAILURE): Object: 'Object Repository/FDR-Receipt/FDR-Receipt-DistributionLine/FDR-AddEdit-DistributionLine/saveCloseButton' is clicked on

2020-08-26 19:31:42 - [MESSAGE][PASSED] - Object: 'Object Repository/FDR-Receipt/FDR-Receipt-DistributionLine/FDR-AddEdit-DistributionLine/saveCloseButton' is clicked on

2020-08-26 19:31:42 - [TEST_STEP][PASSED] - waitForElementPresent(findTestObject("FDR-Receipt/FDR-Receipt-Checkline/View/deposit_Control_Amount"), 5): Object 'Object Repository/FDR-Receipt/FDR-Receipt-Checkline/View/deposit_Control_Amount' is present

2020-08-26 19:31:43 - [MESSAGE][PASSED] - Object 'Object Repository/FDR-Receipt/FDR-Receipt-Checkline/View/deposit_Control_Amount' is present

2020-08-26 19:31:43 - [TEST_STEP][PASSED] - Receipttotalaftaddwith$ = getText(findTestObject("FDR-Receipt/FDR-Receipt-Checkline/View/deposit_Control_Amount")): Text of object 'Object Repository/FDR-Receipt/FDR-Receipt-Checkline/View/deposit_Control_Amount' is: '$2,500.00'

2020-08-26 19:31:43 - [MESSAGE][PASSED] - Text of object 'Object Repository/FDR-Receipt/FDR-Receipt-Checkline/View/deposit_Control_Amount' is: '$2,500.00'

2020-08-26 19:31:43 - [TEST_STEP][PASSED] - Receipttotalaftaddwithout$ = Receipttotalaftaddwith$.substring(1): null

2020-08-26 19:31:43 - [TEST_STEP][PASSED] - ReceipttotalaftaddwithoutComma = Receipttotalaftaddwithout$.replaceAll(",", ""): null

2020-08-26 19:31:43 - [TEST_STEP][PASSED] - Recdeptotalaftreceiptlinseadded = Float.parseFloat(ReceipttotalaftaddwithoutComma): null

2020-08-26 19:31:43 - [TEST_STEP][PASSED] - println(Recdeptotalaftreceiptlinseadded): null

2020-08-26 19:31:43 - [TEST_STEP][PASSED] - waitForElementPresent(findTestObject("FDR-Receipt/FDR-Receipt-Checkline/View/receiptLine_Total"), 5): Object 'Object Repository/FDR-Receipt/FDR-Receipt-Checkline/View/receiptLine_Total' is present

2020-08-26 19:31:44 - [MESSAGE][PASSED] - Object 'Object Repository/FDR-Receipt/FDR-Receipt-Checkline/View/receiptLine_Total' is present

2020-08-26 19:31:44 - [TEST_STEP][PASSED] - Receiptlinetotalaftaddwith$ = getText(findTestObject("FDR-Receipt/FDR-Receipt-Checkline/View/receiptLine_Total")): Text of object 'Object Repository/FDR-Receipt/FDR-Receipt-Checkline/View/receiptLine_Total' is: '$2,500.00'

2020-08-26 19:31:44 - [MESSAGE][PASSED] - Text of object 'Object Repository/FDR-Receipt/FDR-Receipt-Checkline/View/receiptLine_Total' is: '$2,500.00'

2020-08-26 19:31:44 - [TEST_STEP][PASSED] - Receiptlinetotalaftaddwithout$ = Receiptlinetotalaftaddwith$.substring(1): null

2020-08-26 19:31:44 - [TEST_STEP][PASSED] - ReceiptlinetotalaftaddwithoutComma = Receiptlinetotalaftaddwithout$.replaceAll(",", ""): null

2020-08-26 19:31:44 - [TEST_STEP][PASSED] - Receiptlinetotal = Float.parseFloat(ReceiptlinetotalaftaddwithoutComma): null

2020-08-26 19:31:44 - [TEST_STEP][PASSED] - waitForElementPresent(findTestObject("FDR-Receipt/FDR-Receipt-DistributionLine/3dots/distributionLineHover"), 3): Object 'Object Repository/FDR-Receipt/FDR-Receipt-DistributionLine/3dots/distributionLineHover' is present

2020-08-26 19:31:44 - [MESSAGE][PASSED] - Object 'Object Repository/FDR-Receipt/FDR-Receipt-DistributionLine/3dots/distributionLineHover' is present

2020-08-26 19:31:44 - [TEST_STEP][PASSED] - mouseOver(findTestObject("FDR-Receipt/FDR-Receipt-DistributionLine/3dots/distributionLineHover")): Object: 'Object Repository/FDR-Receipt/FDR-Receipt-DistributionLine/3dots/distributionLineHover' is hovered

2020-08-26 19:31:45 - [MESSAGE][PASSED] - Object: 'Object Repository/FDR-Receipt/FDR-Receipt-DistributionLine/3dots/distributionLineHover' is hovered

2020-08-26 19:31:45 - [TEST_STEP][PASSED] - waitForElementPresent(findTestObject("FDR-Receipt/FDR-Receipt-DistributionLine/3dots/distributionLineHover"), 1): Object 'Object Repository/FDR-Receipt/FDR-Receipt-DistributionLine/3dots/distributionLineHover' is present

2020-08-26 19:31:45 - [MESSAGE][PASSED] - Object 'Object Repository/FDR-Receipt/FDR-Receipt-DistributionLine/3dots/distributionLineHover' is present

2020-08-26 19:31:45 - [TEST_STEP][PASSED] - click(findTestObject("FDR-Receipt/FDR-Receipt-DistributionLine/3dots/editIconDistributionLine")): Object: 'Object Repository/FDR-Receipt/FDR-Receipt-DistributionLine/3dots/editIconDistributionLine' is clicked on

2020-08-26 19:31:45 - [MESSAGE][PASSED] - Object: 'Object Repository/FDR-Receipt/FDR-Receipt-DistributionLine/3dots/editIconDistributionLine' is clicked on

2020-08-26 19:31:45 - [TEST_STEP][PASSED] - waitForElementPresent(findTestObject("FDR-Receipt/FDR-Receipt-DistributionLine/FDR-AddEdit-DistributionLine/program_Type"), 4): Object 'Object Repository/FDR-Receipt/FDR-Receipt-DistributionLine/FDR-AddEdit-DistributionLine/program_Type' is not present after 4 second(s)

2020-08-26 19:31:51 - [MESSAGE][INFO] - Unable to find the element located by 'By.xpath: //input[@id='programTypeId']'. Please recheck the objects properties to make sure the desired element is located. 

2020-08-26 19:31:51 - [MESSAGE][WARNING] - Object 'Object Repository/FDR-Receipt/FDR-Receipt-DistributionLine/FDR-AddEdit-DistributionLine/program_Type' is not present after 4 second(s)

2020-08-26 19:31:51 - [TEST_STEP][PASSED] - click(findTestObject("FDR-Receipt/FDR-Receipt-DistributionLine/Delete/Delete-distributionline")): Object: 'Object Repository/FDR-Receipt/FDR-Receipt-DistributionLine/Delete/Delete-distributionline' is clicked on

2020-08-26 19:31:52 - [MESSAGE][PASSED] - Object: 'Object Repository/FDR-Receipt/FDR-Receipt-DistributionLine/Delete/Delete-distributionline' is clicked on

2020-08-26 19:31:52 - [TEST_STEP][PASSED] - waitForElementPresent(findTestObject("FDR-Receipt/FDR-Receipt-Checkline/Delete/undoIcon"), 4): Object 'Object Repository/FDR-Receipt/FDR-Receipt-Checkline/Delete/undoIcon' is present

2020-08-26 19:31:52 - [MESSAGE][PASSED] - Object 'Object Repository/FDR-Receipt/FDR-Receipt-Checkline/Delete/undoIcon' is present

2020-08-26 19:31:52 - [TEST_STEP][PASSED] - click(findTestObject("FDR-Receipt/FDR-Receipt-Checkline/Delete/undoIcon")): Object: 'Object Repository/FDR-Receipt/FDR-Receipt-Checkline/Delete/undoIcon' is clicked on

2020-08-26 19:31:53 - [MESSAGE][PASSED] - Object: 'Object Repository/FDR-Receipt/FDR-Receipt-Checkline/Delete/undoIcon' is clicked on

2020-08-26 19:31:53 - [TEST_STEP][PASSED] - Start listener action : sampleAfterTestCase: Browser is closed

2020-08-26 19:31:53 - [TEST_STEP][PASSED] - profileName = getExecutionProfile(): null

2020-08-26 19:31:53 - [TEST_STEP][PASSED] - switch (profileName): null

2020-08-26 19:31:53 - [TEST_STEP][PASSED] - if (!(skipBeforeAndAfterTestCase)): Browser is closed

2020-08-26 19:31:53 - [TEST_STEP][PASSED] - Uifunctions.logoutFDR(): Browser is closed

2020-08-26 19:31:53 - [MESSAGE][PASSED] - Browser is closed

2020-08-26 19:31:53 - [TEST_STEP][PASSED] - Start listener action : afterTestCase: null

2020-08-26 19:31:53 - [TEST_STEP][PASSED] - profileName = getExecutionProfile(): null

2020-08-26 19:31:53 - [TEST_STEP][PASSED] - if (profileName.equalsIgnoreCase("SysAdmin")): null

2020-08-26 19:31:53 - [TEST_STEP][PASSED] - Start listener action : sampleAfterTestCase: null

2020-08-26 19:31:53 - [TEST_STEP][PASSED] - profileName = getExecutionProfile(): null

2020-08-26 19:31:53 - [TEST_STEP][PASSED] - switch (profileName): null

2020-08-26 19:31:53 - [TEST_STEP][PASSED] - Default: null

2020-08-26 19:31:53 - [TEST_STEP][PASSED] - return null: null

2020-08-26 19:31:53 - [TEST_STEP][PASSED] - Start listener action : addFailedTCToList: null]]></system-out>
         <system-err><![CDATA[]]></system-err>
      </testcase>
      <testcase name="Test Cases/WEB-UI-TESTS/Receipt/FDR-Validate-Account-AltAccount-0555" time="48.726" classname="Test Cases/WEB-UI-TESTS/Receipt/FDR-Validate-Account-AltAccount-0555" status="PASSED">
         <system-out><![CDATA[2020-08-26 19:31:53 - [TEST_CASE][PASSED] - Test Cases/WEB-UI-TESTS/Receipt/FDR-Validate-Account-AltAccount-0555: Test Cases/WEB-UI-TESTS/Receipt/FDR-Validate-Account-AltAccount-0555

2020-08-26 19:31:53 - [TEST_STEP][PASSED] - Start listener action : sampleBeforeTestCase: Navigate to 'https://fdr-katalon.cammis-mod-dev.dhcs.ca.gov/dashboard' successfully

2020-08-26 19:31:53 - [TEST_STEP][PASSED] - profileName = getExecutionProfile(): null

2020-08-26 19:31:53 - [TEST_STEP][PASSED] - switch (profileName): null

2020-08-26 19:31:53 - [TEST_STEP][PASSED] - testCaseId = testCaseContext.getTestCaseId(): null

2020-08-26 19:31:53 - [TEST_STEP][PASSED] - if (!(skipBeforeAndAfterTestCase)): Navigate to 'https://fdr-katalon.cammis-mod-dev.dhcs.ca.gov/dashboard' successfully

2020-08-26 19:31:53 - [TEST_STEP][PASSED] - if (account7TestCases.contains(testCaseId)): null

2020-08-26 19:31:53 - [TEST_STEP][PASSED] - else if (account10TestCases.contains(testCaseId)): null

2020-08-26 19:31:53 - [TEST_STEP][PASSED] - else: Object: 'Object Repository/FDR-SignIn/SignInButton' is clicked on

2020-08-26 19:31:53 - [TEST_STEP][PASSED] - Uifunctions.loginFDR(accountsApprover, accountsApproverPwd): Object: 'Object Repository/FDR-SignIn/SignInButton' is clicked on

2020-08-26 19:31:53 - [MESSAGE][INFO] - Starting 'Chrome' driver

2020-08-26 19:31:53 - [MESSAGE][INFO] - Action delay is set to 0 milliseconds

2020-08-26 19:31:56 - [MESSAGE][PASSED] - Browser is opened with url: ''

2020-08-26 19:31:59 - [MESSAGE][PASSED] - Current window maximized

2020-08-26 19:32:00 - [MESSAGE][PASSED] - Navigate to 'https://fdr-katalon.cammis-mod-dev.dhcs.ca.gov/dashboard' successfully

2020-08-26 19:32:01 - [MESSAGE][PASSED] - Object 'Object Repository/FDR-SignIn/SignInEmail' is present

2020-08-26 19:32:01 - [MESSAGE][PASSED] - Object: 'Object Repository/FDR-SignIn/SignInEmail' is clicked on

2020-08-26 19:32:02 - [MESSAGE][PASSED] - Object 'Object Repository/FDR-SignIn/SignInEmail' is present

2020-08-26 19:32:02 - [MESSAGE][PASSED] - Text 'fdr.test3@dhcs.ca.gov' is set on object 'Object Repository/FDR-SignIn/SignInEmail'

2020-08-26 19:32:02 - [MESSAGE][PASSED] - Object 'Object Repository/FDR-SignIn/SignInEmailNext' is visible

2020-08-26 19:32:03 - [MESSAGE][PASSED] - Object: 'Object Repository/FDR-SignIn/SignInEmailNext' is clicked on

2020-08-26 19:32:06 - [MESSAGE][PASSED] - Object 'Object Repository/FDR-SignIn/SignInEmailPassword' is visible

2020-08-26 19:32:06 - [MESSAGE][PASSED] - Object: 'Object Repository/FDR-SignIn/SignInEmailPassword' is clicked on

2020-08-26 19:32:06 - [MESSAGE][PASSED] - Text ****** has been set on object 'Object Repository/FDR-SignIn/SignInEmailPassword'

2020-08-26 19:32:08 - [MESSAGE][PASSED] - Object: 'Object Repository/FDR-SignIn/SignInButton' is clicked on

2020-08-26 19:32:08 - [TEST_STEP][PASSED] - navigateToUrl(URL): Navigate to 'https://fdr-katalon.cammis-mod-dev.dhcs.ca.gov/dashboard' successfully

2020-08-26 19:32:08 - [MESSAGE][PASSED] - Navigate to 'https://fdr-katalon.cammis-mod-dev.dhcs.ca.gov/dashboard' successfully

2020-08-26 19:32:08 - [TEST_STEP][PASSED] - Start listener action : beforeTestCase: null

2020-08-26 19:32:08 - [TEST_STEP][PASSED] - profileName = getExecutionProfile(): null

2020-08-26 19:32:08 - [TEST_STEP][PASSED] - if (profileName.equalsIgnoreCase("SysAdmin")): null

2020-08-26 19:32:08 - [TEST_STEP][PASSED] - Start listener action : sampleBeforeTestCase: null

2020-08-26 19:32:08 - [TEST_STEP][PASSED] - profileName = getExecutionProfile(): null

2020-08-26 19:32:08 - [TEST_STEP][PASSED] - testCaseId = testCaseContext.getTestCaseId(): null

2020-08-26 19:32:08 - [TEST_STEP][PASSED] - switch (profileName): null

2020-08-26 19:32:08 - [TEST_STEP][PASSED] - Default: null

2020-08-26 19:32:08 - [TEST_STEP][PASSED] - return null: null

2020-08-26 19:32:08 - [TEST_STEP][PASSED] - Start listener action : executeRows: null

2020-08-26 19:32:09 - [TEST_STEP][PASSED] - d = Date().plus(1): null

2020-08-26 19:32:09 - [TEST_STEP][PASSED] - dd = Date().plus(2): null

2020-08-26 19:32:09 - [TEST_STEP][PASSED] - servicedatefrom = d.format("MM/dd/yyyy"): null

2020-08-26 19:32:09 - [TEST_STEP][PASSED] - servicedateto = dd.format("MM/dd/yyyy"): null

2020-08-26 19:32:09 - [TEST_STEP][PASSED] - originalwarrantdate = dd.format("MM/dd/yyyy"): null

2020-08-26 19:32:09 - [TEST_STEP][PASSED] - newDepositId = RandomStringUtils.randomNumeric(7): null

2020-08-26 19:32:09 - [TEST_STEP][PASSED] - searchfield = RandomStringUtils.randomNumeric(7): null

2020-08-26 19:32:09 - [TEST_STEP][PASSED] - editors.createReceipt(Drawdate, Paydate, newDepositId, Receiptnotes): Object: 'Object Repository/FDR-Receipt/FDR-Receipt-Header/View/buttonNext' is clicked on

2020-08-26 19:32:14 - [MESSAGE][INFO] - Unable to find the element located by 'By.xpath: //*[@data-id='button-link']//*[contains(text(),'Create New Voucher')]'. Please recheck the objects properties to make sure the desired element is located. 

2020-08-26 19:32:14 - [MESSAGE][WARNING] - Object 'Object Repository/FDR-Dashboard/createNewVoucherButton' is not present after 4 second(s)

2020-08-26 19:32:14 - [MESSAGE][PASSED] - Object 'Object Repository/FDR-Receipt/FDR-Receipt-Dashboard/createNew_ReceiptBatch_Button' is present

2020-08-26 19:32:15 - [MESSAGE][PASSED] - Object: 'Object Repository/FDR-Receipt/FDR-Receipt-Dashboard/createNew_ReceiptBatch_Button' is clicked on

2020-08-26 19:32:15 - [MESSAGE][PASSED] - Object 'Object Repository/FDR-Receipt/FDR-Receipt-Header/View/inputDrawDate' is present

2020-08-26 19:32:16 - [MESSAGE][PASSED] - Text '09/14/2020' is set on object 'Object Repository/FDR-Receipt/FDR-Receipt-Header/View/inputDrawDate'

2020-08-26 19:32:17 - [MESSAGE][PASSED] - Keys 'TAB + ENTER + ENTER + ' sent to object: 'Object Repository/FDR-Receipt/FDR-Receipt-Header/View/inputDrawDate'

2020-08-26 19:32:18 - [MESSAGE][PASSED] - Object 'Object Repository/FDR-Receipt/FDR-Receipt-Header/Edit/payDate' is present

2020-08-26 19:32:18 - [MESSAGE][PASSED] - Text '09/16/2020' is set on object 'Object Repository/FDR-Receipt/FDR-Receipt-Header/Edit/payDate'

2020-08-26 19:32:19 - [MESSAGE][PASSED] - Object 'Object Repository/FDR-Receipt/FDR-Receipt-Header/View/deposit ID' is present

2020-08-26 19:32:20 - [MESSAGE][PASSED] - Text '4842179' is set on object 'Object Repository/FDR-Receipt/FDR-Receipt-Header/View/deposit ID'

2020-08-26 19:32:20 - [MESSAGE][PASSED] - Object 'Object Repository/FDR-Receipt/FDR-ReceiptBatch/receiptNotes' is present

2020-08-26 19:32:21 - [MESSAGE][PASSED] - Text 'rqewrq' is set on object 'Object Repository/FDR-Receipt/FDR-ReceiptBatch/receiptNotes'

2020-08-26 19:32:22 - [MESSAGE][PASSED] - Object 'Object Repository/FDR-Receipt/FDR-Receipt-Header/Edit/remmitanceAdviceInput' is present

2020-08-26 19:32:22 - [MESSAGE][PASSED] - Keys '' sent to object: 'Object Repository/FDR-Receipt/FDR-Receipt-Header/Edit/remmitanceAdviceInput'

2020-08-26 19:32:22 - [MESSAGE][PASSED] - Object 'Object Repository/FDR-Receipt/FDR-Receipt-Header/Edit/controllerReceiptInput' is present

2020-08-26 19:32:23 - [MESSAGE][PASSED] - Keys '' sent to object: 'Object Repository/FDR-Receipt/FDR-Receipt-Header/Edit/controllerReceiptInput'

2020-08-26 19:32:23 - [MESSAGE][PASSED] - Object 'Object Repository/FDR-Receipt/FDR-Receipt-Header/View/buttonNext' is present

2020-08-26 19:32:23 - [MESSAGE][PASSED] - Object: 'Object Repository/FDR-Receipt/FDR-Receipt-Header/View/buttonNext' is clicked on

2020-08-26 19:32:23 - [TEST_STEP][PASSED] - editors.createReceiptline(ReceiptID, SupplierID, DepositDate): Object: 'Object Repository/FDR-Receipt/FDR-Receipt-Checkline/View/addReceipt_Button2' is clicked on

2020-08-26 19:32:24 - [MESSAGE][PASSED] - Object 'Object Repository/FDR-Receipt/FDR-Receipt-Checkline/View/receipt_ID' is present

2020-08-26 19:32:25 - [MESSAGE][PASSED] - Keys '11234556' sent to object: 'Object Repository/FDR-Receipt/FDR-Receipt-Checkline/View/receipt_ID'

2020-08-26 19:32:25 - [MESSAGE][PASSED] - Object 'Object Repository/FDR-Receipt/FDR-Receipt-Checkline/View/supplier_Id' is present

2020-08-26 19:32:26 - [MESSAGE][PASSED] - Keys '0000007954' sent to object: 'Object Repository/FDR-Receipt/FDR-Receipt-Checkline/View/supplier_Id'

2020-08-26 19:32:26 - [MESSAGE][PASSED] - Keys 'DOWN + ENTER + ' sent to object: 'Object Repository/FDR-Receipt/FDR-Receipt-Checkline/View/supplier_Id'

2020-08-26 19:32:27 - [MESSAGE][PASSED] - Object 'Object Repository/FDR-Receipt/FDR-Receipt-Checkline/View/deposit_Date' is present

2020-08-26 19:32:27 - [MESSAGE][PASSED] - Keys '12/31/2019' sent to object: 'Object Repository/FDR-Receipt/FDR-Receipt-Checkline/View/deposit_Date'

2020-08-26 19:32:33 - [MESSAGE][INFO] - Unable to find the element located by 'By.xpath: //*[@data-id='button-link']//*[contains(text(),'Create New Voucher')]'. Please recheck the objects properties to make sure the desired element is located. 

2020-08-26 19:32:33 - [MESSAGE][WARNING] - Object 'Object Repository/FDR-Dashboard/createNewVoucherButton' is not present after 4 second(s)

2020-08-26 19:32:33 - [MESSAGE][PASSED] - Object 'Object Repository/FDR-Receipt/FDR-Receipt-Checkline/View/addReceipt_Button2' is present

2020-08-26 19:32:34 - [MESSAGE][PASSED] - Object: 'Object Repository/FDR-Receipt/FDR-Receipt-Checkline/View/addReceipt_Button2' is clicked on

2020-08-26 19:32:34 - [TEST_STEP][PASSED] - verifyElementClickable(findTestObject("FDR-Receipt/FDR-Receipt-DistributionLine/FDR-AddEdit-DistributionLine/arrow_Down"), STOP_ON_FAILURE): Object 'Object Repository/FDR-Receipt/FDR-Receipt-DistributionLine/FDR-AddEdit-DistributionLine/arrow_Down' is clickable

2020-08-26 19:32:34 - [MESSAGE][PASSED] - Object 'Object Repository/FDR-Receipt/FDR-Receipt-DistributionLine/FDR-AddEdit-DistributionLine/arrow_Down' is clickable

2020-08-26 19:32:34 - [TEST_STEP][PASSED] - click(findTestObject("FDR-Receipt/FDR-Receipt-DistributionLine/FDR-AddEdit-DistributionLine/arrow_Down"), STOP_ON_FAILURE): Object: 'Object Repository/FDR-Receipt/FDR-Receipt-DistributionLine/FDR-AddEdit-DistributionLine/arrow_Down' is clicked on

2020-08-26 19:32:35 - [MESSAGE][PASSED] - Object: 'Object Repository/FDR-Receipt/FDR-Receipt-DistributionLine/FDR-AddEdit-DistributionLine/arrow_Down' is clicked on

2020-08-26 19:32:35 - [TEST_STEP][PASSED] - waitForElementPresent(findTestObject("FDR-Receipt/FDR-Receipt-DistributionLine/FDR-AddEdit-DistributionLine/button_Add-Invoiceline"), 10): Object 'Object Repository/FDR-Receipt/FDR-Receipt-DistributionLine/FDR-AddEdit-DistributionLine/button_Add-Invoiceline' is present

2020-08-26 19:32:36 - [MESSAGE][PASSED] - Object 'Object Repository/FDR-Receipt/FDR-Receipt-DistributionLine/FDR-AddEdit-DistributionLine/button_Add-Invoiceline' is present

2020-08-26 19:32:36 - [TEST_STEP][PASSED] - scrollToElement(findTestObject("FDR-Receipt/FDR-Receipt-DistributionLine/FDR-AddEdit-DistributionLine/button_Add-Invoiceline"), 3): Scroll to object 'Object Repository/FDR-Receipt/FDR-Receipt-DistributionLine/FDR-AddEdit-DistributionLine/button_Add-Invoiceline' successfully

2020-08-26 19:32:36 - [MESSAGE][PASSED] - Scroll to object 'Object Repository/FDR-Receipt/FDR-Receipt-DistributionLine/FDR-AddEdit-DistributionLine/button_Add-Invoiceline' successfully

2020-08-26 19:32:36 - [TEST_STEP][PASSED] - verifyElementClickable(findTestObject("FDR-Receipt/FDR-Receipt-DistributionLine/FDR-AddEdit-DistributionLine/button_Add-Invoiceline"), STOP_ON_FAILURE): Object 'Object Repository/FDR-Receipt/FDR-Receipt-DistributionLine/FDR-AddEdit-DistributionLine/button_Add-Invoiceline' is clickable

2020-08-26 19:32:36 - [MESSAGE][PASSED] - Object 'Object Repository/FDR-Receipt/FDR-Receipt-DistributionLine/FDR-AddEdit-DistributionLine/button_Add-Invoiceline' is clickable

2020-08-26 19:32:36 - [TEST_STEP][PASSED] - click(findTestObject("FDR-Receipt/FDR-Receipt-DistributionLine/FDR-AddEdit-DistributionLine/button_Add-Invoiceline"), STOP_ON_FAILURE): Object: 'Object Repository/FDR-Receipt/FDR-Receipt-DistributionLine/FDR-AddEdit-DistributionLine/button_Add-Invoiceline' is clicked on

2020-08-26 19:32:37 - [MESSAGE][PASSED] - Object: 'Object Repository/FDR-Receipt/FDR-Receipt-DistributionLine/FDR-AddEdit-DistributionLine/button_Add-Invoiceline' is clicked on

2020-08-26 19:32:37 - [TEST_STEP][PASSED] - waitForElementPresent(findTestObject("FDR-Receipt/FDR-Receipt-DistributionLine/FDR-AddEdit-DistributionLine/invoice_Searchfield"), 10): Object 'Object Repository/FDR-Receipt/FDR-Receipt-DistributionLine/FDR-AddEdit-DistributionLine/invoice_Searchfield' is present

2020-08-26 19:32:37 - [MESSAGE][PASSED] - Object 'Object Repository/FDR-Receipt/FDR-Receipt-DistributionLine/FDR-AddEdit-DistributionLine/invoice_Searchfield' is present

2020-08-26 19:32:37 - [TEST_STEP][PASSED] - sendKeys(findTestObject("FDR-Receipt/FDR-Receipt-DistributionLine/FDR-AddEdit-DistributionLine/invoice_Searchfield"), searchfield): Keys '6530542' sent to object: 'Object Repository/FDR-Receipt/FDR-Receipt-DistributionLine/FDR-AddEdit-DistributionLine/invoice_Searchfield'

2020-08-26 19:32:38 - [MESSAGE][PASSED] - Keys '6530542' sent to object: 'Object Repository/FDR-Receipt/FDR-Receipt-DistributionLine/FDR-AddEdit-DistributionLine/invoice_Searchfield'

2020-08-26 19:32:38 - [TEST_STEP][PASSED] - click(findTestObject("FDR-Receipt/FDR-Receipt-DistributionLine/FDR-AddEdit-DistributionLine/button_Add_invoicemanually")): Object: 'Object Repository/FDR-Receipt/FDR-Receipt-DistributionLine/FDR-AddEdit-DistributionLine/button_Add_invoicemanually' is clicked on

2020-08-26 19:32:39 - [MESSAGE][PASSED] - Object: 'Object Repository/FDR-Receipt/FDR-Receipt-DistributionLine/FDR-AddEdit-DistributionLine/button_Add_invoicemanually' is clicked on

2020-08-26 19:32:39 - [TEST_STEP][PASSED] - waitForElementPresent(findTestObject("FDR-Receipt/FDR-Receipt-DistributionLine/FDR-AddEdit-DistributionLine/fund_Code"), 30): Object 'Object Repository/FDR-Receipt/FDR-Receipt-DistributionLine/FDR-AddEdit-DistributionLine/fund_Code' is present

2020-08-26 19:32:39 - [MESSAGE][PASSED] - Object 'Object Repository/FDR-Receipt/FDR-Receipt-DistributionLine/FDR-AddEdit-DistributionLine/fund_Code' is present

2020-08-26 19:32:39 - [TEST_STEP][PASSED] - sendKeys(findTestObject("FDR-Receipt/FDR-Receipt-DistributionLine/FDR-AddEdit-DistributionLine/fund_Code"), Fundcode): Keys 'Healthy Families Fund (0555)' sent to object: 'Object Repository/FDR-Receipt/FDR-Receipt-DistributionLine/FDR-AddEdit-DistributionLine/fund_Code'

2020-08-26 19:32:40 - [MESSAGE][PASSED] - Keys 'Healthy Families Fund (0555)' sent to object: 'Object Repository/FDR-Receipt/FDR-Receipt-DistributionLine/FDR-AddEdit-DistributionLine/fund_Code'

2020-08-26 19:32:40 - [TEST_STEP][PASSED] - sendKeys(findTestObject("FDR-Receipt/FDR-Receipt-DistributionLine/FDR-AddEdit-DistributionLine/fund_Code"), Keys.chord(DOWN, ENTER)): Keys 'DOWN + ENTER + ' sent to object: 'Object Repository/FDR-Receipt/FDR-Receipt-DistributionLine/FDR-AddEdit-DistributionLine/fund_Code'

2020-08-26 19:32:40 - [MESSAGE][PASSED] - Keys 'DOWN + ENTER + ' sent to object: 'Object Repository/FDR-Receipt/FDR-Receipt-DistributionLine/FDR-AddEdit-DistributionLine/fund_Code'

2020-08-26 19:32:40 - [TEST_STEP][PASSED] - waitForElementPresent(findTestObject("FDR-Receipt/FDR-Receipt-DistributionLine/FDR-AddEdit-DistributionLine/input_accountId"), 2, STOP_ON_FAILURE): Object 'Object Repository/FDR-Receipt/FDR-Receipt-DistributionLine/FDR-AddEdit-DistributionLine/input_accountId' is present

2020-08-26 19:32:41 - [MESSAGE][PASSED] - Object 'Object Repository/FDR-Receipt/FDR-Receipt-DistributionLine/FDR-AddEdit-DistributionLine/input_accountId' is present

2020-08-26 19:32:41 - [TEST_STEP][PASSED] - if (getText(findTestObject("FDR-Receipt/FDR-Receipt-DistributionLine/FDR-AddEdit-DistributionLine/input_accountId")) == accountId): Text of object 'Object Repository/FDR-Receipt/FDR-Receipt-DistributionLine/FDR-AddEdit-DistributionLine/input_accountId' is: ''

2020-08-26 19:32:41 - [MESSAGE][PASSED] - Text of object 'Object Repository/FDR-Receipt/FDR-Receipt-DistributionLine/FDR-AddEdit-DistributionLine/input_accountId' is: ''

2020-08-26 19:32:41 - [TEST_STEP][PASSED] - else: null

2020-08-26 19:32:41 - [TEST_STEP][PASSED] - OPTIONAL: null

2020-08-26 19:32:41 - [TEST_STEP][PASSED] - waitForElementPresent(findTestObject("FDR-Receipt/FDR-Receipt-DistributionLine/FDR-AddEdit-DistributionLine/input_altAccountId"), 2, STOP_ON_FAILURE): Object 'Object Repository/FDR-Receipt/FDR-Receipt-DistributionLine/FDR-AddEdit-DistributionLine/input_altAccountId' is present

2020-08-26 19:32:41 - [MESSAGE][PASSED] - Object 'Object Repository/FDR-Receipt/FDR-Receipt-DistributionLine/FDR-AddEdit-DistributionLine/input_altAccountId' is present

2020-08-26 19:32:41 - [TEST_STEP][PASSED] - if (getText(findTestObject("FDR-Receipt/FDR-Receipt-DistributionLine/FDR-AddEdit-DistributionLine/input_altAccountId")) == altAccountId): Text of object 'Object Repository/FDR-Receipt/FDR-Receipt-DistributionLine/FDR-AddEdit-DistributionLine/input_altAccountId' is: ''

2020-08-26 19:32:41 - [MESSAGE][PASSED] - Text of object 'Object Repository/FDR-Receipt/FDR-Receipt-DistributionLine/FDR-AddEdit-DistributionLine/input_altAccountId' is: ''

2020-08-26 19:32:41 - [TEST_STEP][PASSED] - else: null

2020-08-26 19:32:41 - [TEST_STEP][PASSED] - OPTIONAL: null

2020-08-26 19:32:41 - [TEST_STEP][PASSED] - Start listener action : sampleAfterTestCase: Browser is closed

2020-08-26 19:32:41 - [TEST_STEP][PASSED] - profileName = getExecutionProfile(): null

2020-08-26 19:32:41 - [TEST_STEP][PASSED] - switch (profileName): null

2020-08-26 19:32:41 - [TEST_STEP][PASSED] - if (!(skipBeforeAndAfterTestCase)): Browser is closed

2020-08-26 19:32:41 - [TEST_STEP][PASSED] - Uifunctions.logoutFDR(): Browser is closed

2020-08-26 19:32:42 - [MESSAGE][PASSED] - Browser is closed

2020-08-26 19:32:42 - [TEST_STEP][PASSED] - Start listener action : afterTestCase: null

2020-08-26 19:32:42 - [TEST_STEP][PASSED] - profileName = getExecutionProfile(): null

2020-08-26 19:32:42 - [TEST_STEP][PASSED] - if (profileName.equalsIgnoreCase("SysAdmin")): null

2020-08-26 19:32:42 - [TEST_STEP][PASSED] - Start listener action : sampleAfterTestCase: null

2020-08-26 19:32:42 - [TEST_STEP][PASSED] - profileName = getExecutionProfile(): null

2020-08-26 19:32:42 - [TEST_STEP][PASSED] - switch (profileName): null

2020-08-26 19:32:42 - [TEST_STEP][PASSED] - Default: null

2020-08-26 19:32:42 - [TEST_STEP][PASSED] - return null: null

2020-08-26 19:32:42 - [TEST_STEP][PASSED] - Start listener action : addFailedTCToList: null]]></system-out>
         <system-err><![CDATA[]]></system-err>
      </testcase>
      <testcase name="Test Cases/WEB-UI-TESTS/Receipt/FDR-Generate-Reports" time="36.81" classname="Test Cases/WEB-UI-TESTS/Receipt/FDR-Generate-Reports" status="PASSED">
         <system-out><![CDATA[2020-08-26 19:32:42 - [TEST_CASE][PASSED] - Test Cases/WEB-UI-TESTS/Receipt/FDR-Generate-Reports: Test Cases/WEB-UI-TESTS/Receipt/FDR-Generate-Reports

2020-08-26 19:32:42 - [TEST_STEP][PASSED] - Start listener action : sampleBeforeTestCase: Navigate to 'https://fdr-katalon.cammis-mod-dev.dhcs.ca.gov/dashboard' successfully

2020-08-26 19:32:42 - [TEST_STEP][PASSED] - profileName = getExecutionProfile(): null

2020-08-26 19:32:42 - [TEST_STEP][PASSED] - switch (profileName): null

2020-08-26 19:32:42 - [TEST_STEP][PASSED] - testCaseId = testCaseContext.getTestCaseId(): null

2020-08-26 19:32:42 - [TEST_STEP][PASSED] - if (!(skipBeforeAndAfterTestCase)): Navigate to 'https://fdr-katalon.cammis-mod-dev.dhcs.ca.gov/dashboard' successfully

2020-08-26 19:32:42 - [TEST_STEP][PASSED] - if (account7TestCases.contains(testCaseId)): null

2020-08-26 19:32:42 - [TEST_STEP][PASSED] - else if (account10TestCases.contains(testCaseId)): null

2020-08-26 19:32:42 - [TEST_STEP][PASSED] - else: Object: 'Object Repository/FDR-SignIn/SignInButton' is clicked on

2020-08-26 19:32:42 - [TEST_STEP][PASSED] - Uifunctions.loginFDR(accountsApprover, accountsApproverPwd): Object: 'Object Repository/FDR-SignIn/SignInButton' is clicked on

2020-08-26 19:32:42 - [MESSAGE][INFO] - Starting 'Chrome' driver

2020-08-26 19:32:42 - [MESSAGE][INFO] - Action delay is set to 0 milliseconds

2020-08-26 19:32:45 - [MESSAGE][PASSED] - Browser is opened with url: ''

2020-08-26 19:32:47 - [MESSAGE][PASSED] - Current window maximized

2020-08-26 19:32:55 - [MESSAGE][PASSED] - Navigate to 'https://fdr-katalon.cammis-mod-dev.dhcs.ca.gov/dashboard' successfully

2020-08-26 19:32:57 - [MESSAGE][PASSED] - Object 'Object Repository/FDR-SignIn/SignInEmail' is present

2020-08-26 19:32:57 - [MESSAGE][PASSED] - Object: 'Object Repository/FDR-SignIn/SignInEmail' is clicked on

2020-08-26 19:32:57 - [MESSAGE][PASSED] - Object 'Object Repository/FDR-SignIn/SignInEmail' is present

2020-08-26 19:32:58 - [MESSAGE][PASSED] - Text 'fdr.test3@dhcs.ca.gov' is set on object 'Object Repository/FDR-SignIn/SignInEmail'

2020-08-26 19:32:58 - [MESSAGE][PASSED] - Object 'Object Repository/FDR-SignIn/SignInEmailNext' is visible

2020-08-26 19:32:58 - [MESSAGE][PASSED] - Object: 'Object Repository/FDR-SignIn/SignInEmailNext' is clicked on

2020-08-26 19:33:02 - [MESSAGE][PASSED] - Object 'Object Repository/FDR-SignIn/SignInEmailPassword' is visible

2020-08-26 19:33:02 - [MESSAGE][PASSED] - Object: 'Object Repository/FDR-SignIn/SignInEmailPassword' is clicked on

2020-08-26 19:33:02 - [MESSAGE][PASSED] - Text ****** has been set on object 'Object Repository/FDR-SignIn/SignInEmailPassword'

2020-08-26 19:33:04 - [MESSAGE][PASSED] - Object: 'Object Repository/FDR-SignIn/SignInButton' is clicked on

2020-08-26 19:33:04 - [TEST_STEP][PASSED] - navigateToUrl(URL): Navigate to 'https://fdr-katalon.cammis-mod-dev.dhcs.ca.gov/dashboard' successfully

2020-08-26 19:33:05 - [MESSAGE][PASSED] - Navigate to 'https://fdr-katalon.cammis-mod-dev.dhcs.ca.gov/dashboard' successfully

2020-08-26 19:33:05 - [TEST_STEP][PASSED] - Start listener action : beforeTestCase: null

2020-08-26 19:33:05 - [TEST_STEP][PASSED] - profileName = getExecutionProfile(): null

2020-08-26 19:33:05 - [TEST_STEP][PASSED] - if (profileName.equalsIgnoreCase("SysAdmin")): null

2020-08-26 19:33:05 - [TEST_STEP][PASSED] - Start listener action : sampleBeforeTestCase: null

2020-08-26 19:33:05 - [TEST_STEP][PASSED] - profileName = getExecutionProfile(): null

2020-08-26 19:33:05 - [TEST_STEP][PASSED] - testCaseId = testCaseContext.getTestCaseId(): null

2020-08-26 19:33:05 - [TEST_STEP][PASSED] - switch (profileName): null

2020-08-26 19:33:05 - [TEST_STEP][PASSED] - Default: null

2020-08-26 19:33:05 - [TEST_STEP][PASSED] - return null: null

2020-08-26 19:33:05 - [TEST_STEP][PASSED] - Start listener action : executeRows: null

2020-08-26 19:33:05 - [TEST_STEP][PASSED] - waitForElementPresent(findTestObject("FDR-Receipt/FDR-Receipt-Dashboard/reportButton"), 2): Object 'Object Repository/FDR-Receipt/FDR-Receipt-Dashboard/reportButton' is present

2020-08-26 19:33:07 - [MESSAGE][PASSED] - Object 'Object Repository/FDR-Receipt/FDR-Receipt-Dashboard/reportButton' is present

2020-08-26 19:33:07 - [TEST_STEP][PASSED] - click(findTestObject("FDR-Receipt/FDR-Receipt-Dashboard/reportButton")): Object: 'Object Repository/FDR-Receipt/FDR-Receipt-Dashboard/reportButton' is clicked on

2020-08-26 19:33:07 - [MESSAGE][PASSED] - Object: 'Object Repository/FDR-Receipt/FDR-Receipt-Dashboard/reportButton' is clicked on

2020-08-26 19:33:07 - [TEST_STEP][PASSED] - waitForElementPresent(findTestObject("FDR-Receipt/FDR-Report-Generation/FDR-Report-Dashboard/receiptTransactionRequests"), 5, STOP_ON_FAILURE): Object 'Object Repository/FDR-Receipt/FDR-Report-Generation/FDR-Report-Dashboard/receiptTransactionRequests' is present

2020-08-26 19:33:08 - [MESSAGE][PASSED] - Object 'Object Repository/FDR-Receipt/FDR-Report-Generation/FDR-Report-Dashboard/receiptTransactionRequests' is present

2020-08-26 19:33:08 - [TEST_STEP][PASSED] - click(findTestObject("FDR-Receipt/FDR-Report-Generation/FDR-Report-Dashboard/receiptTransactionRequests")): Object: 'Object Repository/FDR-Receipt/FDR-Report-Generation/FDR-Report-Dashboard/receiptTransactionRequests' is clicked on

2020-08-26 19:33:08 - [MESSAGE][PASSED] - Object: 'Object Repository/FDR-Receipt/FDR-Report-Generation/FDR-Report-Dashboard/receiptTransactionRequests' is clicked on

2020-08-26 19:33:08 - [TEST_STEP][PASSED] - waitForElementPresent(findTestObject("FDR-Receipt/FDR-Receipt-Header/View/inputDrawDate"), 3, STOP_ON_FAILURE): Object 'Object Repository/FDR-Receipt/FDR-Receipt-Header/View/inputDrawDate' is present

2020-08-26 19:33:09 - [MESSAGE][PASSED] - Object 'Object Repository/FDR-Receipt/FDR-Receipt-Header/View/inputDrawDate' is present

2020-08-26 19:33:09 - [TEST_STEP][PASSED] - waitForElementClickable(findTestObject("FDR-Receipt/FDR-Report-Generation/FDR-Report-Dashboard/button_Cancel"), 3, STOP_ON_FAILURE): Object 'Object Repository/FDR-Receipt/FDR-Report-Generation/FDR-Report-Dashboard/button_Cancel' is clickable

2020-08-26 19:33:09 - [MESSAGE][PASSED] - Object 'Object Repository/FDR-Receipt/FDR-Report-Generation/FDR-Report-Dashboard/button_Cancel' is clickable

2020-08-26 19:33:09 - [TEST_STEP][PASSED] - click(findTestObject("FDR-Receipt/FDR-Report-Generation/FDR-Report-Dashboard/button_Cancel")): Object: 'Object Repository/FDR-Receipt/FDR-Report-Generation/FDR-Report-Dashboard/button_Cancel' is clicked on

2020-08-26 19:33:10 - [MESSAGE][PASSED] - Object: 'Object Repository/FDR-Receipt/FDR-Report-Generation/FDR-Report-Dashboard/button_Cancel' is clicked on

2020-08-26 19:33:10 - [TEST_STEP][PASSED] - waitForElementPresent(findTestObject("Object Repository/FDR-Receipt/FDR-Report-Generation/FDR-Report-Dashboard/FDR-Monthly-Receipts/monthlyReceiptLabel"), 3): Object 'Object Repository/FDR-Receipt/FDR-Report-Generation/FDR-Report-Dashboard/FDR-Monthly-Receipts/monthlyReceiptLabel' is present

2020-08-26 19:33:10 - [MESSAGE][PASSED] - Object 'Object Repository/FDR-Receipt/FDR-Report-Generation/FDR-Report-Dashboard/FDR-Monthly-Receipts/monthlyReceiptLabel' is present

2020-08-26 19:33:10 - [TEST_STEP][PASSED] - monthlyReceiptLabel = getText(findTestObject("Object Repository/FDR-Receipt/FDR-Report-Generation/FDR-Report-Dashboard/FDR-Monthly-Receipts/monthlyReceiptLabel")): Text of object 'Object Repository/FDR-Receipt/FDR-Report-Generation/FDR-Report-Dashboard/FDR-Monthly-Receipts/monthlyReceiptLabel' is: 'Monthly Receipt Report for Federal Reporting (Defined by Draw Date)'

2020-08-26 19:33:11 - [MESSAGE][PASSED] - Text of object 'Object Repository/FDR-Receipt/FDR-Report-Generation/FDR-Report-Dashboard/FDR-Monthly-Receipts/monthlyReceiptLabel' is: 'Monthly Receipt Report for Federal Reporting (Defined by Draw Date)'

2020-08-26 19:33:11 - [TEST_STEP][PASSED] - assert monthlyReceiptLabel == "Monthly Receipt Report for Federal Reporting (Defined by Draw Date)": null

2020-08-26 19:33:11 - [TEST_STEP][PASSED] - waitForElementPresent(findTestObject("Object Repository/FDR-Receipt/FDR-Report-Generation/FDR-Report-Dashboard/FDR-Monthly-Receipts/monthlyReceiptBtn"), 3): Object 'Object Repository/FDR-Receipt/FDR-Report-Generation/FDR-Report-Dashboard/FDR-Monthly-Receipts/monthlyReceiptBtn' is present

2020-08-26 19:33:11 - [MESSAGE][PASSED] - Object 'Object Repository/FDR-Receipt/FDR-Report-Generation/FDR-Report-Dashboard/FDR-Monthly-Receipts/monthlyReceiptBtn' is present

2020-08-26 19:33:11 - [TEST_STEP][PASSED] - click(findTestObject("Object Repository/FDR-Receipt/FDR-Report-Generation/FDR-Report-Dashboard/FDR-Monthly-Receipts/monthlyReceiptBtn")): Object: 'Object Repository/FDR-Receipt/FDR-Report-Generation/FDR-Report-Dashboard/FDR-Monthly-Receipts/monthlyReceiptBtn' is clicked on

2020-08-26 19:33:11 - [MESSAGE][PASSED] - Object: 'Object Repository/FDR-Receipt/FDR-Report-Generation/FDR-Report-Dashboard/FDR-Monthly-Receipts/monthlyReceiptBtn' is clicked on

2020-08-26 19:33:11 - [TEST_STEP][PASSED] - waitForElementPresent(findTestObject("Object Repository/FDR-Receipt/FDR-Report-Generation/FDR-Report-Dashboard/FDR-Monthly-Receipts/monthlyReceiptSummaryHeader"), 3): Object 'Object Repository/FDR-Receipt/FDR-Report-Generation/FDR-Report-Dashboard/FDR-Monthly-Receipts/monthlyReceiptSummaryHeader' is present

2020-08-26 19:33:12 - [MESSAGE][PASSED] - Object 'Object Repository/FDR-Receipt/FDR-Report-Generation/FDR-Report-Dashboard/FDR-Monthly-Receipts/monthlyReceiptSummaryHeader' is present

2020-08-26 19:33:12 - [TEST_STEP][PASSED] - waitForElementPresent(findTestObject("Object Repository/FDR-Receipt/FDR-Report-Generation/FDR-Report-Dashboard/FDR-Monthly-Receipts/monthDropdown"), 3): Object 'Object Repository/FDR-Receipt/FDR-Report-Generation/FDR-Report-Dashboard/FDR-Monthly-Receipts/monthDropdown' is present

2020-08-26 19:33:12 - [MESSAGE][PASSED] - Object 'Object Repository/FDR-Receipt/FDR-Report-Generation/FDR-Report-Dashboard/FDR-Monthly-Receipts/monthDropdown' is present

2020-08-26 19:33:12 - [TEST_STEP][PASSED] - click(findTestObject("Object Repository/FDR-Receipt/FDR-Report-Generation/FDR-Report-Dashboard/FDR-Monthly-Receipts/monthDropdown")): Object: 'Object Repository/FDR-Receipt/FDR-Report-Generation/FDR-Report-Dashboard/FDR-Monthly-Receipts/monthDropdown' is clicked on

2020-08-26 19:33:12 - [MESSAGE][PASSED] - Object: 'Object Repository/FDR-Receipt/FDR-Report-Generation/FDR-Report-Dashboard/FDR-Monthly-Receipts/monthDropdown' is clicked on

2020-08-26 19:33:12 - [TEST_STEP][PASSED] - waitForElementPresent(findTestObject("Object Repository/FDR-Receipt/FDR-Report-Generation/FDR-Report-Dashboard/FDR-Monthly-Receipts/monthOption"), 3): Object 'Object Repository/FDR-Receipt/FDR-Report-Generation/FDR-Report-Dashboard/FDR-Monthly-Receipts/monthOption' is present

2020-08-26 19:33:13 - [MESSAGE][PASSED] - Object 'Object Repository/FDR-Receipt/FDR-Report-Generation/FDR-Report-Dashboard/FDR-Monthly-Receipts/monthOption' is present

2020-08-26 19:33:13 - [TEST_STEP][PASSED] - click(findTestObject("Object Repository/FDR-Receipt/FDR-Report-Generation/FDR-Report-Dashboard/FDR-Monthly-Receipts/monthOption")): Object: 'Object Repository/FDR-Receipt/FDR-Report-Generation/FDR-Report-Dashboard/FDR-Monthly-Receipts/monthOption' is clicked on

2020-08-26 19:33:13 - [MESSAGE][PASSED] - Object: 'Object Repository/FDR-Receipt/FDR-Report-Generation/FDR-Report-Dashboard/FDR-Monthly-Receipts/monthOption' is clicked on

2020-08-26 19:33:13 - [TEST_STEP][PASSED] - waitForElementPresent(findTestObject("FDR-Receipt/FDR-Report-Generation/FDR-Report-Dashboard/button_backToDashboard"), 3, STOP_ON_FAILURE): Object 'Object Repository/FDR-Receipt/FDR-Report-Generation/FDR-Report-Dashboard/button_backToDashboard' is present

2020-08-26 19:33:13 - [MESSAGE][PASSED] - Object 'Object Repository/FDR-Receipt/FDR-Report-Generation/FDR-Report-Dashboard/button_backToDashboard' is present

2020-08-26 19:33:13 - [TEST_STEP][PASSED] - click(findTestObject("FDR-Receipt/FDR-Report-Generation/FDR-Report-Dashboard/button_backToDashboard")): Object: 'Object Repository/FDR-Receipt/FDR-Report-Generation/FDR-Report-Dashboard/button_backToDashboard' is clicked on

2020-08-26 19:33:14 - [MESSAGE][PASSED] - Object: 'Object Repository/FDR-Receipt/FDR-Report-Generation/FDR-Report-Dashboard/button_backToDashboard' is clicked on

2020-08-26 19:33:14 - [TEST_STEP][PASSED] - waitForElementPresent(findTestObject("Object Repository/FDR-Receipt/FDR-Report-Generation/FDR-Report-Dashboard/FDR-Daily-Processing-Receipts/dailyProcessingReceiptsLabel"), 3): Object 'Object Repository/FDR-Receipt/FDR-Report-Generation/FDR-Report-Dashboard/FDR-Daily-Processing-Receipts/dailyProcessingReceiptsLabel' is present

2020-08-26 19:33:14 - [MESSAGE][PASSED] - Object 'Object Repository/FDR-Receipt/FDR-Report-Generation/FDR-Report-Dashboard/FDR-Daily-Processing-Receipts/dailyProcessingReceiptsLabel' is present

2020-08-26 19:33:14 - [TEST_STEP][PASSED] - dailyReceiptLabel = getText(findTestObject("Object Repository/FDR-Receipt/FDR-Report-Generation/FDR-Report-Dashboard/FDR-Daily-Processing-Receipts/dailyProcessingReceiptsLabel")): Text of object 'Object Repository/FDR-Receipt/FDR-Report-Generation/FDR-Report-Dashboard/FDR-Daily-Processing-Receipts/dailyProcessingReceiptsLabel' is: 'Daily Receipt Report (Defined by Processing Date)'

2020-08-26 19:33:15 - [MESSAGE][PASSED] - Text of object 'Object Repository/FDR-Receipt/FDR-Report-Generation/FDR-Report-Dashboard/FDR-Daily-Processing-Receipts/dailyProcessingReceiptsLabel' is: 'Daily Receipt Report (Defined by Processing Date)'

2020-08-26 19:33:15 - [TEST_STEP][PASSED] - assert dailyReceiptLabel == "Daily Receipt Report (Defined by Processing Date)": null

2020-08-26 19:33:15 - [TEST_STEP][PASSED] - waitForElementPresent(findTestObject("Object Repository/FDR-Receipt/FDR-Report-Generation/FDR-Report-Dashboard/FDR-Daily-Processing-Receipts/dailyProcessingReceiptsBtn"), 1): Object 'Object Repository/FDR-Receipt/FDR-Report-Generation/FDR-Report-Dashboard/FDR-Daily-Processing-Receipts/dailyProcessingReceiptsBtn' is present

2020-08-26 19:33:15 - [MESSAGE][PASSED] - Object 'Object Repository/FDR-Receipt/FDR-Report-Generation/FDR-Report-Dashboard/FDR-Daily-Processing-Receipts/dailyProcessingReceiptsBtn' is present

2020-08-26 19:33:15 - [TEST_STEP][PASSED] - click(findTestObject("Object Repository/FDR-Receipt/FDR-Report-Generation/FDR-Report-Dashboard/FDR-Daily-Processing-Receipts/dailyProcessingReceiptsBtn")): Object: 'Object Repository/FDR-Receipt/FDR-Report-Generation/FDR-Report-Dashboard/FDR-Daily-Processing-Receipts/dailyProcessingReceiptsBtn' is clicked on

2020-08-26 19:33:15 - [MESSAGE][PASSED] - Object: 'Object Repository/FDR-Receipt/FDR-Report-Generation/FDR-Report-Dashboard/FDR-Daily-Processing-Receipts/dailyProcessingReceiptsBtn' is clicked on

2020-08-26 19:33:15 - [TEST_STEP][PASSED] - waitForElementPresent(findTestObject("Object Repository/FDR-Receipt/FDR-Report-Generation/FDR-Report-Dashboard/FDR-Daily-Processing-Receipts/dailyProcessingReceiptHeader"), 3): Object 'Object Repository/FDR-Receipt/FDR-Report-Generation/FDR-Report-Dashboard/FDR-Daily-Processing-Receipts/dailyProcessingReceiptHeader' is present

2020-08-26 19:33:16 - [MESSAGE][PASSED] - Object 'Object Repository/FDR-Receipt/FDR-Report-Generation/FDR-Report-Dashboard/FDR-Daily-Processing-Receipts/dailyProcessingReceiptHeader' is present

2020-08-26 19:33:16 - [TEST_STEP][PASSED] - waitForElementPresent(findTestObject("FDR-Receipt/FDR-Report-Generation/FDR-Report-Dashboard/button_backToDashboard"), 1, STOP_ON_FAILURE): Object 'Object Repository/FDR-Receipt/FDR-Report-Generation/FDR-Report-Dashboard/button_backToDashboard' is present

2020-08-26 19:33:16 - [MESSAGE][PASSED] - Object 'Object Repository/FDR-Receipt/FDR-Report-Generation/FDR-Report-Dashboard/button_backToDashboard' is present

2020-08-26 19:33:16 - [TEST_STEP][PASSED] - click(findTestObject("FDR-Receipt/FDR-Report-Generation/FDR-Report-Dashboard/button_backToDashboard")): Object: 'Object Repository/FDR-Receipt/FDR-Report-Generation/FDR-Report-Dashboard/button_backToDashboard' is clicked on

2020-08-26 19:33:16 - [MESSAGE][PASSED] - Object: 'Object Repository/FDR-Receipt/FDR-Report-Generation/FDR-Report-Dashboard/button_backToDashboard' is clicked on

2020-08-26 19:33:16 - [TEST_STEP][PASSED] - delay(2): Delayed 2 second(s)

2020-08-26 19:33:18 - [MESSAGE][PASSED] - Delayed 2 second(s)

2020-08-26 19:33:18 - [TEST_STEP][PASSED] - Start listener action : sampleAfterTestCase: Browser is closed

2020-08-26 19:33:18 - [TEST_STEP][PASSED] - profileName = getExecutionProfile(): null

2020-08-26 19:33:18 - [TEST_STEP][PASSED] - switch (profileName): null

2020-08-26 19:33:18 - [TEST_STEP][PASSED] - if (!(skipBeforeAndAfterTestCase)): Browser is closed

2020-08-26 19:33:18 - [TEST_STEP][PASSED] - Uifunctions.logoutFDR(): Browser is closed

2020-08-26 19:33:19 - [MESSAGE][PASSED] - Browser is closed

2020-08-26 19:33:19 - [TEST_STEP][PASSED] - Start listener action : afterTestCase: null

2020-08-26 19:33:19 - [TEST_STEP][PASSED] - profileName = getExecutionProfile(): null

2020-08-26 19:33:19 - [TEST_STEP][PASSED] - if (profileName.equalsIgnoreCase("SysAdmin")): null

2020-08-26 19:33:19 - [TEST_STEP][PASSED] - Start listener action : sampleAfterTestCase: null

2020-08-26 19:33:19 - [TEST_STEP][PASSED] - profileName = getExecutionProfile(): null

2020-08-26 19:33:19 - [TEST_STEP][PASSED] - switch (profileName): null

2020-08-26 19:33:19 - [TEST_STEP][PASSED] - Default: null

2020-08-26 19:33:19 - [TEST_STEP][PASSED] - return null: null

2020-08-26 19:33:19 - [TEST_STEP][PASSED] - Start listener action : addFailedTCToList: null]]></system-out>
         <system-err><![CDATA[]]></system-err>
      </testcase>
      <testcase name="Test Cases/WEB-UI-TESTS/Receipt/FDR-Search-Receipt" time="50.259" classname="Test Cases/WEB-UI-TESTS/Receipt/FDR-Search-Receipt" status="PASSED">
         <system-out><![CDATA[2020-08-26 19:33:19 - [TEST_CASE][PASSED] - Test Cases/WEB-UI-TESTS/Receipt/FDR-Search-Receipt: Test Cases/WEB-UI-TESTS/Receipt/FDR-Search-Receipt

2020-08-26 19:33:19 - [TEST_STEP][PASSED] - Start listener action : sampleBeforeTestCase: Navigate to 'https://fdr-katalon.cammis-mod-dev.dhcs.ca.gov/dashboard' successfully

2020-08-26 19:33:19 - [TEST_STEP][PASSED] - profileName = getExecutionProfile(): null

2020-08-26 19:33:19 - [TEST_STEP][PASSED] - switch (profileName): null

2020-08-26 19:33:19 - [TEST_STEP][PASSED] - testCaseId = testCaseContext.getTestCaseId(): null

2020-08-26 19:33:19 - [TEST_STEP][PASSED] - if (!(skipBeforeAndAfterTestCase)): Navigate to 'https://fdr-katalon.cammis-mod-dev.dhcs.ca.gov/dashboard' successfully

2020-08-26 19:33:19 - [TEST_STEP][PASSED] - if (account7TestCases.contains(testCaseId)): null

2020-08-26 19:33:19 - [TEST_STEP][PASSED] - else if (account10TestCases.contains(testCaseId)): null

2020-08-26 19:33:19 - [TEST_STEP][PASSED] - else: Object: 'Object Repository/FDR-SignIn/SignInButton' is clicked on

2020-08-26 19:33:19 - [TEST_STEP][PASSED] - Uifunctions.loginFDR(accountsApprover, accountsApproverPwd): Object: 'Object Repository/FDR-SignIn/SignInButton' is clicked on

2020-08-26 19:33:19 - [MESSAGE][INFO] - Starting 'Chrome' driver

2020-08-26 19:33:19 - [MESSAGE][INFO] - Action delay is set to 0 milliseconds

2020-08-26 19:33:22 - [MESSAGE][PASSED] - Browser is opened with url: ''

2020-08-26 19:33:24 - [MESSAGE][PASSED] - Current window maximized

2020-08-26 19:33:25 - [MESSAGE][PASSED] - Navigate to 'https://fdr-katalon.cammis-mod-dev.dhcs.ca.gov/dashboard' successfully

2020-08-26 19:33:27 - [MESSAGE][PASSED] - Object 'Object Repository/FDR-SignIn/SignInEmail' is present

2020-08-26 19:33:27 - [MESSAGE][PASSED] - Object: 'Object Repository/FDR-SignIn/SignInEmail' is clicked on

2020-08-26 19:33:27 - [MESSAGE][PASSED] - Object 'Object Repository/FDR-SignIn/SignInEmail' is present

2020-08-26 19:33:28 - [MESSAGE][PASSED] - Text 'fdr.test3@dhcs.ca.gov' is set on object 'Object Repository/FDR-SignIn/SignInEmail'

2020-08-26 19:33:28 - [MESSAGE][PASSED] - Object 'Object Repository/FDR-SignIn/SignInEmailNext' is visible

2020-08-26 19:33:28 - [MESSAGE][PASSED] - Object: 'Object Repository/FDR-SignIn/SignInEmailNext' is clicked on

2020-08-26 19:33:31 - [MESSAGE][PASSED] - Object 'Object Repository/FDR-SignIn/SignInEmailPassword' is visible

2020-08-26 19:33:32 - [MESSAGE][PASSED] - Object: 'Object Repository/FDR-SignIn/SignInEmailPassword' is clicked on

2020-08-26 19:33:32 - [MESSAGE][PASSED] - Text ****** has been set on object 'Object Repository/FDR-SignIn/SignInEmailPassword'

2020-08-26 19:33:33 - [MESSAGE][PASSED] - Object: 'Object Repository/FDR-SignIn/SignInButton' is clicked on

2020-08-26 19:33:33 - [TEST_STEP][PASSED] - navigateToUrl(URL): Navigate to 'https://fdr-katalon.cammis-mod-dev.dhcs.ca.gov/dashboard' successfully

2020-08-26 19:33:34 - [MESSAGE][PASSED] - Navigate to 'https://fdr-katalon.cammis-mod-dev.dhcs.ca.gov/dashboard' successfully

2020-08-26 19:33:34 - [TEST_STEP][PASSED] - Start listener action : beforeTestCase: null

2020-08-26 19:33:34 - [TEST_STEP][PASSED] - profileName = getExecutionProfile(): null

2020-08-26 19:33:34 - [TEST_STEP][PASSED] - if (profileName.equalsIgnoreCase("SysAdmin")): null

2020-08-26 19:33:34 - [TEST_STEP][PASSED] - Start listener action : sampleBeforeTestCase: null

2020-08-26 19:33:34 - [TEST_STEP][PASSED] - profileName = getExecutionProfile(): null

2020-08-26 19:33:34 - [TEST_STEP][PASSED] - testCaseId = testCaseContext.getTestCaseId(): null

2020-08-26 19:33:34 - [TEST_STEP][PASSED] - switch (profileName): null

2020-08-26 19:33:34 - [TEST_STEP][PASSED] - Default: null

2020-08-26 19:33:34 - [TEST_STEP][PASSED] - return null: null

2020-08-26 19:33:34 - [TEST_STEP][PASSED] - Start listener action : executeRows: null

2020-08-26 19:33:34 - [TEST_STEP][PASSED] - waitForElementPresent(findTestObject("Object Repository/FDR-Receipt/FDR-Search-Receipt/searchBar"), 3): Object 'Object Repository/FDR-Receipt/FDR-Search-Receipt/searchBar' is present

2020-08-26 19:33:36 - [MESSAGE][PASSED] - Object 'Object Repository/FDR-Receipt/FDR-Search-Receipt/searchBar' is present

2020-08-26 19:33:36 - [TEST_STEP][PASSED] - click(findTestObject("Object Repository/FDR-Receipt/FDR-Search-Receipt/searchBar")): Object: 'Object Repository/FDR-Receipt/FDR-Search-Receipt/searchBar' is clicked on

2020-08-26 19:33:36 - [MESSAGE][PASSED] - Object: 'Object Repository/FDR-Receipt/FDR-Search-Receipt/searchBar' is clicked on

2020-08-26 19:33:36 - [TEST_STEP][PASSED] - setText(findTestObject("Object Repository/FDR-Receipt/FDR-Search-Receipt/searchBar"), depositId): Text '769' is set on object 'Object Repository/FDR-Receipt/FDR-Search-Receipt/searchBar'

2020-08-26 19:33:37 - [MESSAGE][PASSED] - Text '769' is set on object 'Object Repository/FDR-Receipt/FDR-Search-Receipt/searchBar'

2020-08-26 19:33:37 - [TEST_STEP][PASSED] - waitForElementPresent(findTestObject("Object Repository/FDR-Receipt/FDR-Search-Receipt/noMatchingTasks"), 2, STOP_ON_FAILURE): Object 'Object Repository/FDR-Receipt/FDR-Search-Receipt/noMatchingTasks' is present

2020-08-26 19:33:38 - [MESSAGE][PASSED] - Object 'Object Repository/FDR-Receipt/FDR-Search-Receipt/noMatchingTasks' is present

2020-08-26 19:33:38 - [TEST_STEP][PASSED] - setText(findTestObject("Object Repository/FDR-Receipt/FDR-Search-Receipt/searchBar"), ""): Text '' is set on object 'Object Repository/FDR-Receipt/FDR-Search-Receipt/searchBar'

2020-08-26 19:33:38 - [MESSAGE][PASSED] - Text '' is set on object 'Object Repository/FDR-Receipt/FDR-Search-Receipt/searchBar'

2020-08-26 19:33:38 - [TEST_STEP][PASSED] - refresh(): Refresh successfully

2020-08-26 19:33:39 - [MESSAGE][PASSED] - Refresh successfully

2020-08-26 19:33:39 - [TEST_STEP][PASSED] - waitForElementPresent(findTestObject("Object Repository/FDR-Receipt/FDR-Search-Receipt/searchBar"), 3): Object 'Object Repository/FDR-Receipt/FDR-Search-Receipt/searchBar' is present

2020-08-26 19:33:39 - [MESSAGE][PASSED] - Object 'Object Repository/FDR-Receipt/FDR-Search-Receipt/searchBar' is present

2020-08-26 19:33:39 - [TEST_STEP][PASSED] - click(findTestObject("Object Repository/FDR-Receipt/FDR-Search-Receipt/searchBar")): Object: 'Object Repository/FDR-Receipt/FDR-Search-Receipt/searchBar' is clicked on

2020-08-26 19:33:40 - [MESSAGE][PASSED] - Object: 'Object Repository/FDR-Receipt/FDR-Search-Receipt/searchBar' is clicked on

2020-08-26 19:33:40 - [TEST_STEP][PASSED] - setText(findTestObject("Object Repository/FDR-Receipt/FDR-Search-Receipt/searchBar"), drawDate): Text '01/13/2021' is set on object 'Object Repository/FDR-Receipt/FDR-Search-Receipt/searchBar'

2020-08-26 19:33:40 - [MESSAGE][PASSED] - Text '01/13/2021' is set on object 'Object Repository/FDR-Receipt/FDR-Search-Receipt/searchBar'

2020-08-26 19:33:40 - [TEST_STEP][PASSED] - waitForElementPresent(findTestObject("Object Repository/FDR-Receipt/FDR-Search-Receipt/noMatchingTasks"), 2, STOP_ON_FAILURE): Object 'Object Repository/FDR-Receipt/FDR-Search-Receipt/noMatchingTasks' is present

2020-08-26 19:33:41 - [MESSAGE][PASSED] - Object 'Object Repository/FDR-Receipt/FDR-Search-Receipt/noMatchingTasks' is present

2020-08-26 19:33:41 - [TEST_STEP][PASSED] - setText(findTestObject("Object Repository/FDR-Receipt/FDR-Search-Receipt/searchBar"), ""): Text '' is set on object 'Object Repository/FDR-Receipt/FDR-Search-Receipt/searchBar'

2020-08-26 19:33:42 - [MESSAGE][PASSED] - Text '' is set on object 'Object Repository/FDR-Receipt/FDR-Search-Receipt/searchBar'

2020-08-26 19:33:42 - [TEST_STEP][PASSED] - refresh(): Refresh successfully

2020-08-26 19:33:43 - [MESSAGE][PASSED] - Refresh successfully

2020-08-26 19:33:43 - [TEST_STEP][PASSED] - waitForElementPresent(findTestObject("Object Repository/FDR-Receipt/FDR-Search-Receipt/searchBar"), 3): Object 'Object Repository/FDR-Receipt/FDR-Search-Receipt/searchBar' is present

2020-08-26 19:33:43 - [MESSAGE][PASSED] - Object 'Object Repository/FDR-Receipt/FDR-Search-Receipt/searchBar' is present

2020-08-26 19:33:43 - [TEST_STEP][PASSED] - click(findTestObject("Object Repository/FDR-Receipt/FDR-Search-Receipt/searchBar")): Object: 'Object Repository/FDR-Receipt/FDR-Search-Receipt/searchBar' is clicked on

2020-08-26 19:33:43 - [MESSAGE][PASSED] - Object: 'Object Repository/FDR-Receipt/FDR-Search-Receipt/searchBar' is clicked on

2020-08-26 19:33:43 - [TEST_STEP][PASSED] - setText(findTestObject("Object Repository/FDR-Receipt/FDR-Search-Receipt/searchBar"), payDate): Text '01/15/2021' is set on object 'Object Repository/FDR-Receipt/FDR-Search-Receipt/searchBar'

2020-08-26 19:33:44 - [MESSAGE][PASSED] - Text '01/15/2021' is set on object 'Object Repository/FDR-Receipt/FDR-Search-Receipt/searchBar'

2020-08-26 19:33:44 - [TEST_STEP][PASSED] - waitForElementPresent(findTestObject("Object Repository/FDR-Receipt/FDR-Search-Receipt/noMatchingTasks"), 2, STOP_ON_FAILURE): Object 'Object Repository/FDR-Receipt/FDR-Search-Receipt/noMatchingTasks' is present

2020-08-26 19:33:45 - [MESSAGE][PASSED] - Object 'Object Repository/FDR-Receipt/FDR-Search-Receipt/noMatchingTasks' is present

2020-08-26 19:33:45 - [TEST_STEP][PASSED] - setText(findTestObject("Object Repository/FDR-Receipt/FDR-Search-Receipt/searchBar"), ""): Text '' is set on object 'Object Repository/FDR-Receipt/FDR-Search-Receipt/searchBar'

2020-08-26 19:33:46 - [MESSAGE][PASSED] - Text '' is set on object 'Object Repository/FDR-Receipt/FDR-Search-Receipt/searchBar'

2020-08-26 19:33:46 - [TEST_STEP][PASSED] - refresh(): Refresh successfully

2020-08-26 19:33:46 - [MESSAGE][PASSED] - Refresh successfully

2020-08-26 19:33:46 - [TEST_STEP][PASSED] - click(findTestObject("Object Repository/FDR-Receipt/FDR-Search-Receipt/searchBar")): Object: 'Object Repository/FDR-Receipt/FDR-Search-Receipt/searchBar' is clicked on

2020-08-26 19:33:47 - [MESSAGE][PASSED] - Object: 'Object Repository/FDR-Receipt/FDR-Search-Receipt/searchBar' is clicked on

2020-08-26 19:33:47 - [TEST_STEP][PASSED] - setText(findTestObject("Object Repository/FDR-Receipt/FDR-Search-Receipt/searchBar"), "resume"): Text 'resume' is set on object 'Object Repository/FDR-Receipt/FDR-Search-Receipt/searchBar'

2020-08-26 19:33:47 - [MESSAGE][PASSED] - Text 'resume' is set on object 'Object Repository/FDR-Receipt/FDR-Search-Receipt/searchBar'

2020-08-26 19:33:47 - [TEST_STEP][PASSED] - delay(4): Delayed 4 second(s)

2020-08-26 19:33:51 - [MESSAGE][PASSED] - Delayed 4 second(s)

2020-08-26 19:33:51 - [TEST_STEP][PASSED] - waitForElementPresent(findTestObject("Object Repository/FDR-Receipt/FDR-Search-Receipt/noMatchingTasks"), 2, STOP_ON_FAILURE): Object 'Object Repository/FDR-Receipt/FDR-Search-Receipt/noMatchingTasks' is present

2020-08-26 19:33:52 - [MESSAGE][PASSED] - Object 'Object Repository/FDR-Receipt/FDR-Search-Receipt/noMatchingTasks' is present

2020-08-26 19:33:52 - [TEST_STEP][PASSED] - setText(findTestObject("Object Repository/FDR-Receipt/FDR-Search-Receipt/searchBar"), ""): Text '' is set on object 'Object Repository/FDR-Receipt/FDR-Search-Receipt/searchBar'

2020-08-26 19:33:52 - [MESSAGE][PASSED] - Text '' is set on object 'Object Repository/FDR-Receipt/FDR-Search-Receipt/searchBar'

2020-08-26 19:33:52 - [TEST_STEP][PASSED] - refresh(): Refresh successfully

2020-08-26 19:33:53 - [MESSAGE][PASSED] - Refresh successfully

2020-08-26 19:33:53 - [TEST_STEP][PASSED] - click(findTestObject("Object Repository/FDR-Receipt/FDR-Search-Receipt/searchBar")): Object: 'Object Repository/FDR-Receipt/FDR-Search-Receipt/searchBar' is clicked on

2020-08-26 19:33:53 - [MESSAGE][PASSED] - Object: 'Object Repository/FDR-Receipt/FDR-Search-Receipt/searchBar' is clicked on

2020-08-26 19:33:53 - [TEST_STEP][PASSED] - setText(findTestObject("Object Repository/FDR-Receipt/FDR-Search-Receipt/searchBar"), "fix"): Text 'fix' is set on object 'Object Repository/FDR-Receipt/FDR-Search-Receipt/searchBar'

2020-08-26 19:33:54 - [MESSAGE][PASSED] - Text 'fix' is set on object 'Object Repository/FDR-Receipt/FDR-Search-Receipt/searchBar'

2020-08-26 19:33:54 - [TEST_STEP][PASSED] - waitForElementPresent(findTestObject("Object Repository/FDR-Receipt/FDR-Search-Receipt/noMatchingTasks"), 2, STOP_ON_FAILURE): Object 'Object Repository/FDR-Receipt/FDR-Search-Receipt/noMatchingTasks' is present

2020-08-26 19:33:55 - [MESSAGE][PASSED] - Object 'Object Repository/FDR-Receipt/FDR-Search-Receipt/noMatchingTasks' is present

2020-08-26 19:33:55 - [TEST_STEP][PASSED] - setText(findTestObject("Object Repository/FDR-Receipt/FDR-Search-Receipt/searchBar"), ""): Text '' is set on object 'Object Repository/FDR-Receipt/FDR-Search-Receipt/searchBar'

2020-08-26 19:33:56 - [MESSAGE][PASSED] - Text '' is set on object 'Object Repository/FDR-Receipt/FDR-Search-Receipt/searchBar'

2020-08-26 19:33:56 - [TEST_STEP][PASSED] - refresh(): Refresh successfully

2020-08-26 19:33:56 - [MESSAGE][PASSED] - Refresh successfully

2020-08-26 19:33:56 - [TEST_STEP][PASSED] - click(findTestObject("Object Repository/FDR-Receipt/FDR-Search-Receipt/buttonResume")): Object: 'Object Repository/FDR-Receipt/FDR-Search-Receipt/buttonResume' is clicked on

2020-08-26 19:33:57 - [MESSAGE][PASSED] - Object: 'Object Repository/FDR-Receipt/FDR-Search-Receipt/buttonResume' is clicked on

2020-08-26 19:33:57 - [TEST_STEP][PASSED] - waitForElementPresent(findTestObject("Object Repository/FDR-Receipt/FDR-Search-Receipt/resumeBatch"), 2, STOP_ON_FAILURE): Object 'Object Repository/FDR-Receipt/FDR-Search-Receipt/resumeBatch' is present

2020-08-26 19:33:58 - [MESSAGE][PASSED] - Object 'Object Repository/FDR-Receipt/FDR-Search-Receipt/resumeBatch' is present

2020-08-26 19:33:58 - [TEST_STEP][PASSED] - click(findTestObject("Object Repository/FDR-Receipt/FDR-Search-Receipt/resumeBatch")): Object: 'Object Repository/FDR-Receipt/FDR-Search-Receipt/resumeBatch' is clicked on

2020-08-26 19:33:58 - [MESSAGE][PASSED] - Object: 'Object Repository/FDR-Receipt/FDR-Search-Receipt/resumeBatch' is clicked on

2020-08-26 19:33:58 - [TEST_STEP][PASSED] - delay(10): Delayed 10 second(s)

2020-08-26 19:34:08 - [MESSAGE][PASSED] - Delayed 10 second(s)

2020-08-26 19:34:08 - [TEST_STEP][PASSED] - waitForElementPresent(findTestObject("Object Repository/FDR-Receipt/FDR-ReceiptBatch/Fix/reviewButton"), 2, STOP_ON_FAILURE): Object 'Object Repository/FDR-Receipt/FDR-ReceiptBatch/Fix/reviewButton' is present

2020-08-26 19:34:09 - [MESSAGE][PASSED] - Object 'Object Repository/FDR-Receipt/FDR-ReceiptBatch/Fix/reviewButton' is present

2020-08-26 19:34:09 - [TEST_STEP][PASSED] - Start listener action : sampleAfterTestCase: Browser is closed

2020-08-26 19:34:09 - [TEST_STEP][PASSED] - profileName = getExecutionProfile(): null

2020-08-26 19:34:09 - [TEST_STEP][PASSED] - switch (profileName): null

2020-08-26 19:34:09 - [TEST_STEP][PASSED] - if (!(skipBeforeAndAfterTestCase)): Browser is closed

2020-08-26 19:34:09 - [TEST_STEP][PASSED] - Uifunctions.logoutFDR(): Browser is closed

2020-08-26 19:34:09 - [MESSAGE][PASSED] - Browser is closed

2020-08-26 19:34:09 - [TEST_STEP][PASSED] - Start listener action : afterTestCase: null

2020-08-26 19:34:09 - [TEST_STEP][PASSED] - profileName = getExecutionProfile(): null

2020-08-26 19:34:09 - [TEST_STEP][PASSED] - if (profileName.equalsIgnoreCase("SysAdmin")): null

2020-08-26 19:34:09 - [TEST_STEP][PASSED] - Start listener action : sampleAfterTestCase: null

2020-08-26 19:34:09 - [TEST_STEP][PASSED] - profileName = getExecutionProfile(): null

2020-08-26 19:34:09 - [TEST_STEP][PASSED] - switch (profileName): null

2020-08-26 19:34:09 - [TEST_STEP][PASSED] - Default: null

2020-08-26 19:34:09 - [TEST_STEP][PASSED] - return null: null

2020-08-26 19:34:09 - [TEST_STEP][PASSED] - Start listener action : addFailedTCToList: null]]></system-out>
         <system-err><![CDATA[]]></system-err>
      </testcase>
      <system-out><![CDATA[2020-08-26 19:15:53 - [TEST_SUITE][FAILED] - Receipt-Regression-Suite: Test Cases/WEB-UI-TESTS/Receipt/FDR-Delete-Undo-Receipt-Header FAILED.
Reason:
com.kms.katalon.core.exception.StepFailedException: Unable to click on object 'Object Repository/FDR-Receipt/FDR-Receipt-Dashboard/createNew_ReceiptBatch_Button'
	at com.kms.katalon.core.webui.keyword.internal.WebUIKeywordMain.stepFailed(WebUIKeywordMain.groovy:64)
	at com.kms.katalon.core.webui.keyword.internal.WebUIKeywordMain.runKeyword(WebUIKeywordMain.groovy:26)
	at com.kms.katalon.core.webui.keyword.builtin.ClickKeyword.click(ClickKeyword.groovy:76)
	at com.kms.katalon.core.webui.keyword.builtin.ClickKeyword.execute(ClickKeyword.groovy:43)
	at com.kms.katalon.core.keyword.internal.KeywordExecutor.executeKeywordForPlatform(KeywordExecutor.groovy:72)
	at com.kms.katalon.core.webui.keyword.WebUiBuiltInKeywords.click(WebUiBuiltInKeywords.groovy:616)
	at com.kms.katalon.core.webui.keyword.WebUiBuiltInKeywords$click$6.call(Unknown Source)
	at com.functions.editors.createReceipt(editors.groovy:85)
	at com.functions.editors.createReceipt(editors.groovy)
	at com.functions.editors$createReceipt.call(Unknown Source)
	at FDR-Delete-Undo-Receipt-Header.run(FDR-Delete-Undo-Receipt-Header:28)
	at com.kms.katalon.core.main.ScriptEngine.run(ScriptEngine.java:194)
	at com.kms.katalon.core.main.ScriptEngine.runScriptAsRawText(ScriptEngine.java:119)
	at com.kms.katalon.core.main.TestCaseExecutor.runScript(TestCaseExecutor.java:337)
	at com.kms.katalon.core.main.TestCaseExecutor.doExecute(TestCaseExecutor.java:328)
	at com.kms.katalon.core.main.TestCaseExecutor.processExecutionPhase(TestCaseExecutor.java:307)
	at com.kms.katalon.core.main.TestCaseExecutor.accessMainPhase(TestCaseExecutor.java:299)
	at com.kms.katalon.core.main.TestCaseExecutor.execute(TestCaseExecutor.java:233)
	at com.kms.katalon.core.main.TestSuiteExecutor.accessTestCaseMainPhase(TestSuiteExecutor.java:169)
	at com.kms.katalon.core.main.TestSuiteExecutor.accessTestSuiteMainPhase(TestSuiteExecutor.java:142)
	at com.kms.katalon.core.main.TestSuiteExecutor.execute(TestSuiteExecutor.java:91)
	at com.kms.katalon.core.main.TestCaseMain.startTestSuite(TestCaseMain.java:157)
	at com.kms.katalon.core.main.TestCaseMain$startTestSuite$0.call(Unknown Source)
	at TempTestSuite1598494549446.run(TempTestSuite1598494549446.groovy:36)
Caused by: com.kms.katalon.core.webui.exception.WebElementNotFoundException: Web element with id: 'Object Repository/FDR-Receipt/FDR-Receipt-Dashboard/createNew_ReceiptBatch_Button' located by 'By.xpath: //a[@href='/receipts/create']/child::span[contains(text(),'Create')]' not found
	at com.kms.katalon.core.webui.common.WebUiCommonHelper.findWebElement(WebUiCommonHelper.java:1154)
	at com.kms.katalon.core.webui.keyword.internal.WebUIAbstractKeyword.findWebElement(WebUIAbstractKeyword.groovy:27)
	at com.kms.katalon.core.webui.keyword.internal.WebUIAbstractKeyword.findWebElement(WebUIAbstractKeyword.groovy:26)
	at com.kms.katalon.core.webui.keyword.builtin.ClickKeyword$_click_closure1.doCall(ClickKeyword.groovy:67)
	at com.kms.katalon.core.webui.keyword.builtin.ClickKeyword$_click_closure1.call(ClickKeyword.groovy)
	at com.kms.katalon.core.webui.keyword.internal.WebUIKeywordMain.runKeyword(WebUIKeywordMain.groovy:20)
	... 22 more]]></system-out>
      <system-err><![CDATA[2020-08-26 19:15:53 - [TEST_SUITE][FAILED] - Receipt-Regression-Suite: Test Cases/WEB-UI-TESTS/Receipt/FDR-Delete-Undo-Receipt-Header FAILED.
Reason:
com.kms.katalon.core.exception.StepFailedException: Unable to click on object 'Object Repository/FDR-Receipt/FDR-Receipt-Dashboard/createNew_ReceiptBatch_Button'
	at com.kms.katalon.core.webui.keyword.internal.WebUIKeywordMain.stepFailed(WebUIKeywordMain.groovy:64)
	at com.kms.katalon.core.webui.keyword.internal.WebUIKeywordMain.runKeyword(WebUIKeywordMain.groovy:26)
	at com.kms.katalon.core.webui.keyword.builtin.ClickKeyword.click(ClickKeyword.groovy:76)
	at com.kms.katalon.core.webui.keyword.builtin.ClickKeyword.execute(ClickKeyword.groovy:43)
	at com.kms.katalon.core.keyword.internal.KeywordExecutor.executeKeywordForPlatform(KeywordExecutor.groovy:72)
	at com.kms.katalon.core.webui.keyword.WebUiBuiltInKeywords.click(WebUiBuiltInKeywords.groovy:616)
	at com.kms.katalon.core.webui.keyword.WebUiBuiltInKeywords$click$6.call(Unknown Source)
	at com.functions.editors.createReceipt(editors.groovy:85)
	at com.functions.editors.createReceipt(editors.groovy)
	at com.functions.editors$createReceipt.call(Unknown Source)
	at FDR-Delete-Undo-Receipt-Header.run(FDR-Delete-Undo-Receipt-Header:28)
	at com.kms.katalon.core.main.ScriptEngine.run(ScriptEngine.java:194)
	at com.kms.katalon.core.main.ScriptEngine.runScriptAsRawText(ScriptEngine.java:119)
	at com.kms.katalon.core.main.TestCaseExecutor.runScript(TestCaseExecutor.java:337)
	at com.kms.katalon.core.main.TestCaseExecutor.doExecute(TestCaseExecutor.java:328)
	at com.kms.katalon.core.main.TestCaseExecutor.processExecutionPhase(TestCaseExecutor.java:307)
	at com.kms.katalon.core.main.TestCaseExecutor.accessMainPhase(TestCaseExecutor.java:299)
	at com.kms.katalon.core.main.TestCaseExecutor.execute(TestCaseExecutor.java:233)
	at com.kms.katalon.core.main.TestSuiteExecutor.accessTestCaseMainPhase(TestSuiteExecutor.java:169)
	at com.kms.katalon.core.main.TestSuiteExecutor.accessTestSuiteMainPhase(TestSuiteExecutor.java:142)
	at com.kms.katalon.core.main.TestSuiteExecutor.execute(TestSuiteExecutor.java:91)
	at com.kms.katalon.core.main.TestCaseMain.startTestSuite(TestCaseMain.java:157)
	at com.kms.katalon.core.main.TestCaseMain$startTestSuite$0.call(Unknown Source)
	at TempTestSuite1598494549446.run(TempTestSuite1598494549446.groovy:36)
Caused by: com.kms.katalon.core.webui.exception.WebElementNotFoundException: Web element with id: 'Object Repository/FDR-Receipt/FDR-Receipt-Dashboard/createNew_ReceiptBatch_Button' located by 'By.xpath: //a[@href='/receipts/create']/child::span[contains(text(),'Create')]' not found
	at com.kms.katalon.core.webui.common.WebUiCommonHelper.findWebElement(WebUiCommonHelper.java:1154)
	at com.kms.katalon.core.webui.keyword.internal.WebUIAbstractKeyword.findWebElement(WebUIAbstractKeyword.groovy:27)
	at com.kms.katalon.core.webui.keyword.internal.WebUIAbstractKeyword.findWebElement(WebUIAbstractKeyword.groovy:26)
	at com.kms.katalon.core.webui.keyword.builtin.ClickKeyword$_click_closure1.doCall(ClickKeyword.groovy:67)
	at com.kms.katalon.core.webui.keyword.builtin.ClickKeyword$_click_closure1.call(ClickKeyword.groovy)
	at com.kms.katalon.core.webui.keyword.internal.WebUIKeywordMain.runKeyword(WebUIKeywordMain.groovy:20)
	... 22 more]]></system-err>
   </testsuite>
</testsuites>
