<?xml version="1.0" encoding="UTF-8"?>
<testsuites name="Receipt-Integration_Suite" time="1100.436" tests="19" failures="1" errors="0">
   <testsuite name="Receipt-Integration_Suite" tests="19" failures="1" errors="0" time="1100.436" timestamp="2020-09-15 14:22:16" hostname="nagesh.allu - DESKTOP-9VU7G8T.attlocal.net" id="Test Suites/Receipt-Integration_Suite">
      <properties>
         <property name="deviceName" value=""/>
         <property name="devicePlatform" value=""/>
         <property name="logFolder" value="C:\\fdr-automation-develop_08_25_2020\\Reports\\20200915_142206\\Receipt-Integration_Suite\\20200915_142208"/>
         <property name="logFiles" value="C:\\fdr-automation-develop_08_25_2020\\Reports\\20200915_142206\\Receipt-Integration_Suite\\20200915_142208\\execution0.log"/>
         <property name="attachments" value="C:\\fdr-automation-develop_08_25_2020\\Reports\\20200915_142206\\Receipt-Integration_Suite\\20200915_142208\\1600205298685.png, C:\\fdr-automation-develop_08_25_2020\\Reports\\20200915_142206\\Receipt-Integration_Suite\\20200915_142208\\1600205299017.png"/>
         <property name="hostName" value="nagesh.allu - DESKTOP-9VU7G8T.attlocal.net"/>
         <property name="os" value="Windows 10 64bit"/>
         <property name="katalonVersion" value="7.6.6.205"/>
         <property name="browser" value="Chrome 85.0.4183.102"/>
         <property name="hostAddress" value="192.168.1.188"/>
         <property name="sessionId" value="bd98b1eb08632d33dc36c5b9eff9285d"/>
         <property name="seleniumVersion" value="3.141.59"/>
         <property name="proxyInformation" value="ProxyInformation { proxyOption=NO_PROXY, proxyServerType=HTTP, username=, password=********, proxyServerAddress=, proxyServerPort=0, executionList=&quot;&quot;, isApplyToDesiredCapabilities=true }"/>
         <property name="platform" value="Windows 10"/>
      </properties>
      <testcase name="Test Cases/WEB-UI-TESTS/Receipt/FDR-Create-Receipt-Header" time="37.776" classname="Test Cases/WEB-UI-TESTS/Receipt/FDR-Create-Receipt-Header" status="PASSED">
         <system-out><![CDATA[2020-09-15 14:22:17 - [TEST_CASE][PASSED] - Test Cases/WEB-UI-TESTS/Receipt/FDR-Create-Receipt-Header: Test Cases/WEB-UI-TESTS/Receipt/FDR-Create-Receipt-Header

2020-09-15 14:22:17 - [TEST_STEP][PASSED] - Start listener action : sampleBeforeTestCase: Navigate to 'https://fdr-katalon.cammis-mod-dev.dhcs.ca.gov' successfully

2020-09-15 14:22:17 - [TEST_STEP][PASSED] - profileName = getExecutionProfile(): null

2020-09-15 14:22:17 - [TEST_STEP][PASSED] - switch (profileName): null

2020-09-15 14:22:17 - [TEST_STEP][PASSED] - testCaseId = testCaseContext.getTestCaseId(): null

2020-09-15 14:22:17 - [TEST_STEP][PASSED] - if (!(skipBeforeAndAfterTestCase)): Navigate to 'https://fdr-katalon.cammis-mod-dev.dhcs.ca.gov' successfully

2020-09-15 14:22:17 - [TEST_STEP][PASSED] - if (account7TestCases.contains(testCaseId)): null

2020-09-15 14:22:17 - [TEST_STEP][PASSED] - else if (account10TestCases.contains(testCaseId)): null

2020-09-15 14:22:17 - [TEST_STEP][PASSED] - else: Object: 'Object Repository/FDR-SignIn/SignInButton' is clicked on

2020-09-15 14:22:17 - [TEST_STEP][PASSED] - Uifunctions.loginFDR(accountsApprover, accountsApproverPwd): Object: 'Object Repository/FDR-SignIn/SignInButton' is clicked on

2020-09-15 14:22:17 - [MESSAGE][INFO] - Starting 'Chrome' driver

2020-09-15 14:22:17 - [MESSAGE][INFO] - Action delay is set to 0 milliseconds

2020-09-15 14:22:21 - [MESSAGE][PASSED] - Browser is opened with url: ''

2020-09-15 14:22:23 - [MESSAGE][PASSED] - Current window maximized

2020-09-15 14:22:26 - [MESSAGE][PASSED] - Navigate to 'https://fdr-katalon.cammis-mod-dev.dhcs.ca.gov' successfully

2020-09-15 14:22:27 - [MESSAGE][PASSED] - Object 'Object Repository/FDR-SignIn/SignInEmail' is present

2020-09-15 14:22:27 - [MESSAGE][PASSED] - Object: 'Object Repository/FDR-SignIn/SignInEmail' is clicked on

2020-09-15 14:22:28 - [MESSAGE][PASSED] - Object 'Object Repository/FDR-SignIn/SignInEmail' is present

2020-09-15 14:22:28 - [MESSAGE][PASSED] - Text 'fdr.test3@dhcs.ca.gov' is set on object 'Object Repository/FDR-SignIn/SignInEmail'

2020-09-15 14:22:29 - [MESSAGE][PASSED] - Object 'Object Repository/FDR-SignIn/SignInEmailNext' is visible

2020-09-15 14:22:29 - [MESSAGE][PASSED] - Object: 'Object Repository/FDR-SignIn/SignInEmailNext' is clicked on

2020-09-15 14:22:32 - [MESSAGE][PASSED] - Object 'Object Repository/FDR-SignIn/SignInEmailPassword' is visible

2020-09-15 14:22:33 - [MESSAGE][PASSED] - Object: 'Object Repository/FDR-SignIn/SignInEmailPassword' is clicked on

2020-09-15 14:22:33 - [MESSAGE][PASSED] - Text ****** has been set on object 'Object Repository/FDR-SignIn/SignInEmailPassword'

2020-09-15 14:22:35 - [MESSAGE][PASSED] - Object: 'Object Repository/FDR-SignIn/SignInButton' is clicked on

2020-09-15 14:22:35 - [TEST_STEP][PASSED] - navigateToUrl(URL): Navigate to 'https://fdr-katalon.cammis-mod-dev.dhcs.ca.gov' successfully

2020-09-15 14:22:35 - [MESSAGE][PASSED] - Navigate to 'https://fdr-katalon.cammis-mod-dev.dhcs.ca.gov' successfully

2020-09-15 14:22:35 - [TEST_STEP][PASSED] - Start listener action : beforeTestCase: null

2020-09-15 14:22:35 - [TEST_STEP][PASSED] - profileName = getExecutionProfile(): null

2020-09-15 14:22:35 - [TEST_STEP][PASSED] - if (profileName.equalsIgnoreCase("SysAdmin")): null

2020-09-15 14:22:35 - [TEST_STEP][PASSED] - Start listener action : sampleBeforeTestCase: null

2020-09-15 14:22:35 - [TEST_STEP][PASSED] - profileName = getExecutionProfile(): null

2020-09-15 14:22:35 - [TEST_STEP][PASSED] - testCaseId = testCaseContext.getTestCaseId(): null

2020-09-15 14:22:35 - [TEST_STEP][PASSED] - switch (profileName): null

2020-09-15 14:22:35 - [TEST_STEP][PASSED] - Default: null

2020-09-15 14:22:35 - [TEST_STEP][PASSED] - return null: null

2020-09-15 14:22:35 - [TEST_STEP][PASSED] - Start listener action : executeRows: null

2020-09-15 14:22:36 - [TEST_STEP][PASSED] - waitForElementPresent(findTestObject("FDR-Dashboard/createNewVoucherButton"), 4): Object 'Object Repository/FDR-Dashboard/createNewVoucherButton' is not present after 4 second(s)

2020-09-15 14:22:41 - [MESSAGE][INFO] - Unable to find the element located by 'By.xpath: //*[@data-id='button-link']//*[contains(text(),'Create New Voucher')]'. Please recheck the objects properties to make sure the desired element is located. 

2020-09-15 14:22:41 - [MESSAGE][WARNING] - Object 'Object Repository/FDR-Dashboard/createNewVoucherButton' is not present after 4 second(s)

2020-09-15 14:22:41 - [TEST_STEP][PASSED] - waitForElementPresent(findTestObject("FDR-Receipt/FDR-Receipt-Dashboard/createNew_ReceiptBatch_Button"), 3): Object 'Object Repository/FDR-Receipt/FDR-Receipt-Dashboard/createNew_ReceiptBatch_Button' is present

2020-09-15 14:22:41 - [MESSAGE][PASSED] - Object 'Object Repository/FDR-Receipt/FDR-Receipt-Dashboard/createNew_ReceiptBatch_Button' is present

2020-09-15 14:22:41 - [TEST_STEP][PASSED] - click(findTestObject("FDR-Receipt/FDR-Receipt-Dashboard/createNew_ReceiptBatch_Button")): Object: 'Object Repository/FDR-Receipt/FDR-Receipt-Dashboard/createNew_ReceiptBatch_Button' is clicked on

2020-09-15 14:22:42 - [MESSAGE][PASSED] - Object: 'Object Repository/FDR-Receipt/FDR-Receipt-Dashboard/createNew_ReceiptBatch_Button' is clicked on

2020-09-15 14:22:42 - [TEST_STEP][PASSED] - waitForElementPresent(findTestObject("FDR-Receipt/FDR-Receipt-Header/View/inputDrawDate"), 3): Object 'Object Repository/FDR-Receipt/FDR-Receipt-Header/View/inputDrawDate' is present

2020-09-15 14:22:42 - [MESSAGE][PASSED] - Object 'Object Repository/FDR-Receipt/FDR-Receipt-Header/View/inputDrawDate' is present

2020-09-15 14:22:42 - [TEST_STEP][PASSED] - setText(findTestObject("FDR-Receipt/FDR-Receipt-Header/View/inputDrawDate"), Drawdate): Text '10/05/2020' is set on object 'Object Repository/FDR-Receipt/FDR-Receipt-Header/View/inputDrawDate'

2020-09-15 14:22:43 - [MESSAGE][PASSED] - Text '10/05/2020' is set on object 'Object Repository/FDR-Receipt/FDR-Receipt-Header/View/inputDrawDate'

2020-09-15 14:22:43 - [TEST_STEP][PASSED] - waitForElementPresent(findTestObject("FDR-Receipt/FDR-Receipt-Header/Edit/payDate"), 3): Object 'Object Repository/FDR-Receipt/FDR-Receipt-Header/Edit/payDate' is present

2020-09-15 14:22:44 - [MESSAGE][PASSED] - Object 'Object Repository/FDR-Receipt/FDR-Receipt-Header/Edit/payDate' is present

2020-09-15 14:22:44 - [TEST_STEP][PASSED] - setText(findTestObject("FDR-Receipt/FDR-Receipt-Header/Edit/payDate"), Paydate): Text '10/07/2020' is set on object 'Object Repository/FDR-Receipt/FDR-Receipt-Header/Edit/payDate'

2020-09-15 14:22:44 - [MESSAGE][PASSED] - Text '10/07/2020' is set on object 'Object Repository/FDR-Receipt/FDR-Receipt-Header/Edit/payDate'

2020-09-15 14:22:44 - [TEST_STEP][PASSED] - waitForElementPresent(findTestObject("FDR-Receipt/FDR-Receipt-Header/View/deposit ID"), 10): Object 'Object Repository/FDR-Receipt/FDR-Receipt-Header/View/deposit ID' is present

2020-09-15 14:22:44 - [MESSAGE][PASSED] - Object 'Object Repository/FDR-Receipt/FDR-Receipt-Header/View/deposit ID' is present

2020-09-15 14:22:44 - [TEST_STEP][PASSED] - depositId = RandomStringUtils.randomNumeric(7): null

2020-09-15 14:22:44 - [TEST_STEP][PASSED] - setText(findTestObject("FDR-Receipt/FDR-Receipt-Header/View/deposit ID"), depositId): Text '8422186' is set on object 'Object Repository/FDR-Receipt/FDR-Receipt-Header/View/deposit ID'

2020-09-15 14:22:45 - [MESSAGE][PASSED] - Text '8422186' is set on object 'Object Repository/FDR-Receipt/FDR-Receipt-Header/View/deposit ID'

2020-09-15 14:22:45 - [TEST_STEP][PASSED] - waitForElementPresent(findTestObject("FDR-Receipt/FDR-ReceiptBatch/receiptNotes"), 10): Object 'Object Repository/FDR-Receipt/FDR-ReceiptBatch/receiptNotes' is present

2020-09-15 14:22:46 - [MESSAGE][PASSED] - Object 'Object Repository/FDR-Receipt/FDR-ReceiptBatch/receiptNotes' is present

2020-09-15 14:22:46 - [TEST_STEP][PASSED] - setText(findTestObject("FDR-Receipt/FDR-ReceiptBatch/receiptNotes"), Receiptnotes): Text 'rqewrq' is set on object 'Object Repository/FDR-Receipt/FDR-ReceiptBatch/receiptNotes'

2020-09-15 14:22:46 - [MESSAGE][PASSED] - Text 'rqewrq' is set on object 'Object Repository/FDR-Receipt/FDR-ReceiptBatch/receiptNotes'

2020-09-15 14:22:46 - [TEST_STEP][PASSED] - waitForElementPresent(findTestObject("FDR-Receipt/FDR-Receipt-Header/View/buttonNext"), 10): Object 'Object Repository/FDR-Receipt/FDR-Receipt-Header/View/buttonNext' is present

2020-09-15 14:22:47 - [MESSAGE][PASSED] - Object 'Object Repository/FDR-Receipt/FDR-Receipt-Header/View/buttonNext' is present

2020-09-15 14:22:47 - [TEST_STEP][PASSED] - click(findTestObject("FDR-Receipt/FDR-Receipt-Header/View/buttonNext")): Object: 'Object Repository/FDR-Receipt/FDR-Receipt-Header/View/buttonNext' is clicked on

2020-09-15 14:22:47 - [MESSAGE][PASSED] - Object: 'Object Repository/FDR-Receipt/FDR-Receipt-Header/View/buttonNext' is clicked on

2020-09-15 14:22:47 - [TEST_STEP][PASSED] - waitForElementPresent(findTestObject("FDR-Dashboard/createNewVoucherButton"), 4): Object 'Object Repository/FDR-Dashboard/createNewVoucherButton' is not present after 4 second(s)

2020-09-15 14:22:52 - [MESSAGE][INFO] - Unable to find the element located by 'By.xpath: //*[@data-id='button-link']//*[contains(text(),'Create New Voucher')]'. Please recheck the objects properties to make sure the desired element is located. 

2020-09-15 14:22:52 - [MESSAGE][WARNING] - Object 'Object Repository/FDR-Dashboard/createNewVoucherButton' is not present after 4 second(s)

2020-09-15 14:22:52 - [TEST_STEP][PASSED] - waitForElementPresent(findTestObject("FDR-Receipt/FDR-Receipt-Header/View/pDrawDate"), 2): Object 'Object Repository/FDR-Receipt/FDR-Receipt-Header/View/pDrawDate' is present

2020-09-15 14:22:53 - [MESSAGE][PASSED] - Object 'Object Repository/FDR-Receipt/FDR-Receipt-Header/View/pDrawDate' is present

2020-09-15 14:22:53 - [TEST_STEP][PASSED] - if (getText(findTestObject("FDR-Receipt/FDR-Receipt-Header/View/pDrawDate")) == findTestData("Receipt/FDR-ReceiptHeaderTestData").getValue(1, 1)): null

2020-09-15 14:22:53 - [MESSAGE][PASSED] - Text of object 'Object Repository/FDR-Receipt/FDR-Receipt-Header/View/pDrawDate' is: '10/05/2020'

2020-09-15 14:22:53 - [TEST_STEP][PASSED] - markPassed("Valid DrawDate"): Valid DrawDate

2020-09-15 14:22:53 - [MESSAGE][PASSED] - Valid DrawDate

2020-09-15 14:22:53 - [TEST_STEP][PASSED] - waitForElementPresent(findTestObject("FDR-Receipt/FDR-Receipt-Header/View/payDate"), 2): Object 'Object Repository/FDR-Receipt/FDR-Receipt-Header/View/payDate' is present

2020-09-15 14:22:53 - [MESSAGE][PASSED] - Object 'Object Repository/FDR-Receipt/FDR-Receipt-Header/View/payDate' is present

2020-09-15 14:22:53 - [TEST_STEP][PASSED] - if (getText(findTestObject("FDR-Receipt/FDR-Receipt-Header/View/payDate")) == findTestData("Receipt/FDR-ReceiptHeaderTestData").getValue(2, 1)): null

2020-09-15 14:22:54 - [MESSAGE][PASSED] - Text of object 'Object Repository/FDR-Receipt/FDR-Receipt-Header/View/payDate' is: '10/07/2020'

2020-09-15 14:22:54 - [TEST_STEP][PASSED] - markPassed("Valid PayDate"): Valid PayDate

2020-09-15 14:22:54 - [MESSAGE][PASSED] - Valid PayDate

2020-09-15 14:22:54 - [TEST_STEP][PASSED] - waitForElementPresent(findTestObject("FDR-Receipt/FDR-Receipt-Header/View/depositId"), 2): Object 'Object Repository/FDR-Receipt/FDR-Receipt-Header/View/depositId' is present

2020-09-15 14:22:54 - [MESSAGE][PASSED] - Object 'Object Repository/FDR-Receipt/FDR-Receipt-Header/View/depositId' is present

2020-09-15 14:22:54 - [TEST_STEP][PASSED] - if (getText(findTestObject("FDR-Receipt/FDR-Receipt-Header/View/depositId")) == depositId): null

2020-09-15 14:22:54 - [MESSAGE][PASSED] - Text of object 'Object Repository/FDR-Receipt/FDR-Receipt-Header/View/depositId' is: '8422186'

2020-09-15 14:22:54 - [TEST_STEP][PASSED] - markPassed("Valid DepositId"): Valid DepositId

2020-09-15 14:22:54 - [MESSAGE][PASSED] - Valid DepositId

2020-09-15 14:22:54 - [TEST_STEP][PASSED] - closeBrowser(CONTINUE_ON_FAILURE): Browser is closed

2020-09-15 14:22:55 - [MESSAGE][PASSED] - Browser is closed

2020-09-15 14:22:55 - [TEST_STEP][PASSED] - Start listener action : sampleAfterTestCase: Browser is closed

2020-09-15 14:22:55 - [TEST_STEP][PASSED] - profileName = getExecutionProfile(): null

2020-09-15 14:22:55 - [TEST_STEP][PASSED] - switch (profileName): null

2020-09-15 14:22:55 - [TEST_STEP][PASSED] - if (!(skipBeforeAndAfterTestCase)): Browser is closed

2020-09-15 14:22:55 - [TEST_STEP][PASSED] - Uifunctions.logoutFDR(): Browser is closed

2020-09-15 14:22:55 - [MESSAGE][PASSED] - Browser is closed

2020-09-15 14:22:55 - [TEST_STEP][PASSED] - Start listener action : afterTestCase: null

2020-09-15 14:22:55 - [TEST_STEP][PASSED] - profileName = getExecutionProfile(): null

2020-09-15 14:22:55 - [TEST_STEP][PASSED] - if (profileName.equalsIgnoreCase("SysAdmin")): null

2020-09-15 14:22:55 - [TEST_STEP][PASSED] - Start listener action : sampleAfterTestCase: null

2020-09-15 14:22:55 - [TEST_STEP][PASSED] - profileName = getExecutionProfile(): null

2020-09-15 14:22:55 - [TEST_STEP][PASSED] - switch (profileName): null

2020-09-15 14:22:55 - [TEST_STEP][PASSED] - Default: null

2020-09-15 14:22:55 - [TEST_STEP][PASSED] - return null: null

2020-09-15 14:22:55 - [TEST_STEP][PASSED] - Start listener action : addFailedTCToList: null]]></system-out>
         <system-err><![CDATA[]]></system-err>
      </testcase>
      <testcase name="Test Cases/WEB-UI-TESTS/Receipt/FDR-Display-Receipt-Header" time="35.038" classname="Test Cases/WEB-UI-TESTS/Receipt/FDR-Display-Receipt-Header" status="PASSED">
         <system-out><![CDATA[2020-09-15 14:22:55 - [TEST_CASE][PASSED] - Test Cases/WEB-UI-TESTS/Receipt/FDR-Display-Receipt-Header: Test Cases/WEB-UI-TESTS/Receipt/FDR-Display-Receipt-Header

2020-09-15 14:22:55 - [TEST_STEP][PASSED] - Start listener action : sampleBeforeTestCase: Navigate to 'https://fdr-katalon.cammis-mod-dev.dhcs.ca.gov' successfully

2020-09-15 14:22:55 - [TEST_STEP][PASSED] - profileName = getExecutionProfile(): null

2020-09-15 14:22:55 - [TEST_STEP][PASSED] - switch (profileName): null

2020-09-15 14:22:55 - [TEST_STEP][PASSED] - testCaseId = testCaseContext.getTestCaseId(): null

2020-09-15 14:22:55 - [TEST_STEP][PASSED] - if (!(skipBeforeAndAfterTestCase)): Navigate to 'https://fdr-katalon.cammis-mod-dev.dhcs.ca.gov' successfully

2020-09-15 14:22:55 - [TEST_STEP][PASSED] - if (account7TestCases.contains(testCaseId)): null

2020-09-15 14:22:55 - [TEST_STEP][PASSED] - else if (account10TestCases.contains(testCaseId)): null

2020-09-15 14:22:55 - [TEST_STEP][PASSED] - else: Object: 'Object Repository/FDR-SignIn/SignInButton' is clicked on

2020-09-15 14:22:55 - [TEST_STEP][PASSED] - Uifunctions.loginFDR(accountsApprover, accountsApproverPwd): Object: 'Object Repository/FDR-SignIn/SignInButton' is clicked on

2020-09-15 14:22:55 - [MESSAGE][INFO] - Starting 'Chrome' driver

2020-09-15 14:22:55 - [MESSAGE][INFO] - Action delay is set to 0 milliseconds

2020-09-15 14:22:58 - [MESSAGE][PASSED] - Browser is opened with url: ''

2020-09-15 14:23:00 - [MESSAGE][PASSED] - Current window maximized

2020-09-15 14:23:02 - [MESSAGE][PASSED] - Navigate to 'https://fdr-katalon.cammis-mod-dev.dhcs.ca.gov' successfully

2020-09-15 14:23:04 - [MESSAGE][PASSED] - Object 'Object Repository/FDR-SignIn/SignInEmail' is present

2020-09-15 14:23:04 - [MESSAGE][PASSED] - Object: 'Object Repository/FDR-SignIn/SignInEmail' is clicked on

2020-09-15 14:23:05 - [MESSAGE][PASSED] - Object 'Object Repository/FDR-SignIn/SignInEmail' is present

2020-09-15 14:23:05 - [MESSAGE][PASSED] - Text 'fdr.test3@dhcs.ca.gov' is set on object 'Object Repository/FDR-SignIn/SignInEmail'

2020-09-15 14:23:05 - [MESSAGE][PASSED] - Object 'Object Repository/FDR-SignIn/SignInEmailNext' is visible

2020-09-15 14:23:06 - [MESSAGE][PASSED] - Object: 'Object Repository/FDR-SignIn/SignInEmailNext' is clicked on

2020-09-15 14:23:09 - [MESSAGE][PASSED] - Object 'Object Repository/FDR-SignIn/SignInEmailPassword' is visible

2020-09-15 14:23:09 - [MESSAGE][PASSED] - Object: 'Object Repository/FDR-SignIn/SignInEmailPassword' is clicked on

2020-09-15 14:23:10 - [MESSAGE][PASSED] - Text ****** has been set on object 'Object Repository/FDR-SignIn/SignInEmailPassword'

2020-09-15 14:23:11 - [MESSAGE][PASSED] - Object: 'Object Repository/FDR-SignIn/SignInButton' is clicked on

2020-09-15 14:23:11 - [TEST_STEP][PASSED] - navigateToUrl(URL): Navigate to 'https://fdr-katalon.cammis-mod-dev.dhcs.ca.gov' successfully

2020-09-15 14:23:12 - [MESSAGE][PASSED] - Navigate to 'https://fdr-katalon.cammis-mod-dev.dhcs.ca.gov' successfully

2020-09-15 14:23:12 - [TEST_STEP][PASSED] - Start listener action : beforeTestCase: null

2020-09-15 14:23:12 - [TEST_STEP][PASSED] - profileName = getExecutionProfile(): null

2020-09-15 14:23:12 - [TEST_STEP][PASSED] - if (profileName.equalsIgnoreCase("SysAdmin")): null

2020-09-15 14:23:12 - [TEST_STEP][PASSED] - Start listener action : sampleBeforeTestCase: null

2020-09-15 14:23:12 - [TEST_STEP][PASSED] - profileName = getExecutionProfile(): null

2020-09-15 14:23:12 - [TEST_STEP][PASSED] - testCaseId = testCaseContext.getTestCaseId(): null

2020-09-15 14:23:12 - [TEST_STEP][PASSED] - switch (profileName): null

2020-09-15 14:23:12 - [TEST_STEP][PASSED] - Default: null

2020-09-15 14:23:12 - [TEST_STEP][PASSED] - return null: null

2020-09-15 14:23:12 - [TEST_STEP][PASSED] - Start listener action : executeRows: null

2020-09-15 14:23:12 - [TEST_STEP][PASSED] - newDepositId = RandomStringUtils.randomNumeric(7): null

2020-09-15 14:23:12 - [TEST_STEP][PASSED] - editors.createReceipt(Drawdate, Paydate, newDepositId, Receiptnotes): Object: 'Object Repository/FDR-Receipt/FDR-Receipt-Header/View/buttonNext' is clicked on

2020-09-15 14:23:17 - [MESSAGE][INFO] - Unable to find the element located by 'By.xpath: //*[@data-id='button-link']//*[contains(text(),'Create New Voucher')]'. Please recheck the objects properties to make sure the desired element is located. 

2020-09-15 14:23:17 - [MESSAGE][WARNING] - Object 'Object Repository/FDR-Dashboard/createNewVoucherButton' is not present after 4 second(s)

2020-09-15 14:23:18 - [MESSAGE][PASSED] - Object 'Object Repository/FDR-Receipt/FDR-Receipt-Dashboard/createNew_ReceiptBatch_Button' is present

2020-09-15 14:23:18 - [MESSAGE][PASSED] - Object: 'Object Repository/FDR-Receipt/FDR-Receipt-Dashboard/createNew_ReceiptBatch_Button' is clicked on

2020-09-15 14:23:19 - [MESSAGE][PASSED] - Object 'Object Repository/FDR-Receipt/FDR-Receipt-Header/View/inputDrawDate' is present

2020-09-15 14:23:20 - [MESSAGE][PASSED] - Text '10/05/2020' is set on object 'Object Repository/FDR-Receipt/FDR-Receipt-Header/View/inputDrawDate'

2020-09-15 14:23:20 - [MESSAGE][PASSED] - Keys 'TAB + ENTER + ENTER + ' sent to object: 'Object Repository/FDR-Receipt/FDR-Receipt-Header/View/inputDrawDate'

2020-09-15 14:23:21 - [MESSAGE][PASSED] - Object 'Object Repository/FDR-Receipt/FDR-Receipt-Header/Edit/payDate' is present

2020-09-15 14:23:22 - [MESSAGE][PASSED] - Text '10/07/2020' is set on object 'Object Repository/FDR-Receipt/FDR-Receipt-Header/Edit/payDate'

2020-09-15 14:23:22 - [MESSAGE][PASSED] - Object 'Object Repository/FDR-Receipt/FDR-Receipt-Header/View/deposit ID' is present

2020-09-15 14:23:23 - [MESSAGE][PASSED] - Text '6796248' is set on object 'Object Repository/FDR-Receipt/FDR-Receipt-Header/View/deposit ID'

2020-09-15 14:23:24 - [MESSAGE][PASSED] - Object 'Object Repository/FDR-Receipt/FDR-ReceiptBatch/receiptNotes' is present

2020-09-15 14:23:24 - [MESSAGE][PASSED] - Text 'rqewrq' is set on object 'Object Repository/FDR-Receipt/FDR-ReceiptBatch/receiptNotes'

2020-09-15 14:23:25 - [MESSAGE][PASSED] - Object 'Object Repository/FDR-Receipt/FDR-Receipt-Header/Edit/remmitanceAdviceInput' is present

2020-09-15 14:23:25 - [MESSAGE][PASSED] - Keys '' sent to object: 'Object Repository/FDR-Receipt/FDR-Receipt-Header/Edit/remmitanceAdviceInput'

2020-09-15 14:23:26 - [MESSAGE][PASSED] - Object 'Object Repository/FDR-Receipt/FDR-Receipt-Header/Edit/controllerReceiptInput' is present

2020-09-15 14:23:26 - [MESSAGE][PASSED] - Keys '' sent to object: 'Object Repository/FDR-Receipt/FDR-Receipt-Header/Edit/controllerReceiptInput'

2020-09-15 14:23:26 - [MESSAGE][PASSED] - Object 'Object Repository/FDR-Receipt/FDR-Receipt-Header/View/buttonNext' is present

2020-09-15 14:23:27 - [MESSAGE][PASSED] - Object: 'Object Repository/FDR-Receipt/FDR-Receipt-Header/View/buttonNext' is clicked on

2020-09-15 14:23:27 - [TEST_STEP][PASSED] - waitForElementPresent(findTestObject("FDR-Receipt/FDR-Receipt-Header/View/depositId"), 10): Object 'Object Repository/FDR-Receipt/FDR-Receipt-Header/View/depositId' is present

2020-09-15 14:23:28 - [MESSAGE][PASSED] - Object 'Object Repository/FDR-Receipt/FDR-Receipt-Header/View/depositId' is present

2020-09-15 14:23:28 - [TEST_STEP][PASSED] - depositId = getText(findTestObject("FDR-Receipt/FDR-Receipt-Header/View/depositId")): Text of object 'Object Repository/FDR-Receipt/FDR-Receipt-Header/View/depositId' is: '6796248'

2020-09-15 14:23:28 - [MESSAGE][PASSED] - Text of object 'Object Repository/FDR-Receipt/FDR-Receipt-Header/View/depositId' is: '6796248'

2020-09-15 14:23:28 - [TEST_STEP][PASSED] - waitForElementPresent(findTestObject("FDR-Receipt/FDR-Receipt-Header/View/pDrawDate"), 2): Object 'Object Repository/FDR-Receipt/FDR-Receipt-Header/View/pDrawDate' is present

2020-09-15 14:23:28 - [MESSAGE][PASSED] - Object 'Object Repository/FDR-Receipt/FDR-Receipt-Header/View/pDrawDate' is present

2020-09-15 14:23:28 - [TEST_STEP][PASSED] - drawDate = getText(findTestObject("FDR-Receipt/FDR-Receipt-Header/View/pDrawDate")): Text of object 'Object Repository/FDR-Receipt/FDR-Receipt-Header/View/pDrawDate' is: '10/05/2020'

2020-09-15 14:23:29 - [MESSAGE][PASSED] - Text of object 'Object Repository/FDR-Receipt/FDR-Receipt-Header/View/pDrawDate' is: '10/05/2020'

2020-09-15 14:23:29 - [TEST_STEP][PASSED] - waitForElementPresent(findTestObject("FDR-Receipt/FDR-Receipt-Header/View/payDate"), 2): Object 'Object Repository/FDR-Receipt/FDR-Receipt-Header/View/payDate' is present

2020-09-15 14:23:29 - [MESSAGE][PASSED] - Object 'Object Repository/FDR-Receipt/FDR-Receipt-Header/View/payDate' is present

2020-09-15 14:23:29 - [TEST_STEP][PASSED] - payDate = getText(findTestObject("FDR-Receipt/FDR-Receipt-Header/View/payDate")): Text of object 'Object Repository/FDR-Receipt/FDR-Receipt-Header/View/payDate' is: '10/07/2020'

2020-09-15 14:23:29 - [MESSAGE][PASSED] - Text of object 'Object Repository/FDR-Receipt/FDR-Receipt-Header/View/payDate' is: '10/07/2020'

2020-09-15 14:23:29 - [TEST_STEP][PASSED] - println(" DepositId  " + depositId + "  DrawDate  " + drawDate + "  Paydate  " + payDate): null

2020-09-15 14:23:29 - [TEST_STEP][PASSED] - closeBrowser(CONTINUE_ON_FAILURE): Browser is closed

2020-09-15 14:23:30 - [MESSAGE][PASSED] - Browser is closed

2020-09-15 14:23:30 - [TEST_STEP][PASSED] - Start listener action : sampleAfterTestCase: Browser is closed

2020-09-15 14:23:30 - [TEST_STEP][PASSED] - profileName = getExecutionProfile(): null

2020-09-15 14:23:30 - [TEST_STEP][PASSED] - switch (profileName): null

2020-09-15 14:23:30 - [TEST_STEP][PASSED] - if (!(skipBeforeAndAfterTestCase)): Browser is closed

2020-09-15 14:23:30 - [TEST_STEP][PASSED] - Uifunctions.logoutFDR(): Browser is closed

2020-09-15 14:23:30 - [MESSAGE][PASSED] - Browser is closed

2020-09-15 14:23:30 - [TEST_STEP][PASSED] - Start listener action : afterTestCase: null

2020-09-15 14:23:30 - [TEST_STEP][PASSED] - profileName = getExecutionProfile(): null

2020-09-15 14:23:30 - [TEST_STEP][PASSED] - if (profileName.equalsIgnoreCase("SysAdmin")): null

2020-09-15 14:23:30 - [TEST_STEP][PASSED] - Start listener action : sampleAfterTestCase: null

2020-09-15 14:23:30 - [TEST_STEP][PASSED] - profileName = getExecutionProfile(): null

2020-09-15 14:23:30 - [TEST_STEP][PASSED] - switch (profileName): null

2020-09-15 14:23:30 - [TEST_STEP][PASSED] - Default: null

2020-09-15 14:23:30 - [TEST_STEP][PASSED] - return null: null

2020-09-15 14:23:30 - [TEST_STEP][PASSED] - Start listener action : addFailedTCToList: null]]></system-out>
         <system-err><![CDATA[]]></system-err>
      </testcase>
      <testcase name="Test Cases/WEB-UI-TESTS/Receipt/FDR-Edit-Receipt-Header" time="43.162" classname="Test Cases/WEB-UI-TESTS/Receipt/FDR-Edit-Receipt-Header" status="PASSED">
         <system-out><![CDATA[2020-09-15 14:23:30 - [TEST_CASE][PASSED] - Test Cases/WEB-UI-TESTS/Receipt/FDR-Edit-Receipt-Header: Test Cases/WEB-UI-TESTS/Receipt/FDR-Edit-Receipt-Header

2020-09-15 14:23:30 - [TEST_STEP][PASSED] - Start listener action : sampleBeforeTestCase: Navigate to 'https://fdr-katalon.cammis-mod-dev.dhcs.ca.gov' successfully

2020-09-15 14:23:30 - [TEST_STEP][PASSED] - profileName = getExecutionProfile(): null

2020-09-15 14:23:30 - [TEST_STEP][PASSED] - switch (profileName): null

2020-09-15 14:23:30 - [TEST_STEP][PASSED] - testCaseId = testCaseContext.getTestCaseId(): null

2020-09-15 14:23:30 - [TEST_STEP][PASSED] - if (!(skipBeforeAndAfterTestCase)): Navigate to 'https://fdr-katalon.cammis-mod-dev.dhcs.ca.gov' successfully

2020-09-15 14:23:30 - [TEST_STEP][PASSED] - if (account7TestCases.contains(testCaseId)): null

2020-09-15 14:23:30 - [TEST_STEP][PASSED] - else if (account10TestCases.contains(testCaseId)): null

2020-09-15 14:23:30 - [TEST_STEP][PASSED] - else: Object: 'Object Repository/FDR-SignIn/SignInButton' is clicked on

2020-09-15 14:23:30 - [TEST_STEP][PASSED] - Uifunctions.loginFDR(accountsApprover, accountsApproverPwd): Object: 'Object Repository/FDR-SignIn/SignInButton' is clicked on

2020-09-15 14:23:30 - [MESSAGE][INFO] - Starting 'Chrome' driver

2020-09-15 14:23:30 - [MESSAGE][INFO] - Action delay is set to 0 milliseconds

2020-09-15 14:23:33 - [MESSAGE][PASSED] - Browser is opened with url: ''

2020-09-15 14:23:35 - [MESSAGE][PASSED] - Current window maximized

2020-09-15 14:23:36 - [MESSAGE][PASSED] - Navigate to 'https://fdr-katalon.cammis-mod-dev.dhcs.ca.gov' successfully

2020-09-15 14:23:38 - [MESSAGE][PASSED] - Object 'Object Repository/FDR-SignIn/SignInEmail' is present

2020-09-15 14:23:38 - [MESSAGE][PASSED] - Object: 'Object Repository/FDR-SignIn/SignInEmail' is clicked on

2020-09-15 14:23:38 - [MESSAGE][PASSED] - Object 'Object Repository/FDR-SignIn/SignInEmail' is present

2020-09-15 14:23:39 - [MESSAGE][PASSED] - Text 'fdr.test3@dhcs.ca.gov' is set on object 'Object Repository/FDR-SignIn/SignInEmail'

2020-09-15 14:23:39 - [MESSAGE][PASSED] - Object 'Object Repository/FDR-SignIn/SignInEmailNext' is visible

2020-09-15 14:23:39 - [MESSAGE][PASSED] - Object: 'Object Repository/FDR-SignIn/SignInEmailNext' is clicked on

2020-09-15 14:23:43 - [MESSAGE][PASSED] - Object 'Object Repository/FDR-SignIn/SignInEmailPassword' is visible

2020-09-15 14:23:43 - [MESSAGE][PASSED] - Object: 'Object Repository/FDR-SignIn/SignInEmailPassword' is clicked on

2020-09-15 14:23:43 - [MESSAGE][PASSED] - Text ****** has been set on object 'Object Repository/FDR-SignIn/SignInEmailPassword'

2020-09-15 14:23:45 - [MESSAGE][PASSED] - Object: 'Object Repository/FDR-SignIn/SignInButton' is clicked on

2020-09-15 14:23:45 - [TEST_STEP][PASSED] - navigateToUrl(URL): Navigate to 'https://fdr-katalon.cammis-mod-dev.dhcs.ca.gov' successfully

2020-09-15 14:23:46 - [MESSAGE][PASSED] - Navigate to 'https://fdr-katalon.cammis-mod-dev.dhcs.ca.gov' successfully

2020-09-15 14:23:46 - [TEST_STEP][PASSED] - Start listener action : beforeTestCase: null

2020-09-15 14:23:46 - [TEST_STEP][PASSED] - profileName = getExecutionProfile(): null

2020-09-15 14:23:46 - [TEST_STEP][PASSED] - if (profileName.equalsIgnoreCase("SysAdmin")): null

2020-09-15 14:23:46 - [TEST_STEP][PASSED] - Start listener action : sampleBeforeTestCase: null

2020-09-15 14:23:46 - [TEST_STEP][PASSED] - profileName = getExecutionProfile(): null

2020-09-15 14:23:46 - [TEST_STEP][PASSED] - testCaseId = testCaseContext.getTestCaseId(): null

2020-09-15 14:23:46 - [TEST_STEP][PASSED] - switch (profileName): null

2020-09-15 14:23:46 - [TEST_STEP][PASSED] - Default: null

2020-09-15 14:23:46 - [TEST_STEP][PASSED] - return null: null

2020-09-15 14:23:46 - [TEST_STEP][PASSED] - Start listener action : executeRows: null

2020-09-15 14:23:46 - [TEST_STEP][PASSED] - newDepositId = RandomStringUtils.randomNumeric(7): null

2020-09-15 14:23:46 - [TEST_STEP][PASSED] - newDepositId2 = RandomStringUtils.randomNumeric(7): null

2020-09-15 14:23:46 - [TEST_STEP][PASSED] - editors.createReceipt(Drawdate, Paydate, newDepositId, Receiptnotes): Object: 'Object Repository/FDR-Receipt/FDR-Receipt-Header/View/buttonNext' is clicked on

2020-09-15 14:23:51 - [MESSAGE][INFO] - Unable to find the element located by 'By.xpath: //*[@data-id='button-link']//*[contains(text(),'Create New Voucher')]'. Please recheck the objects properties to make sure the desired element is located. 

2020-09-15 14:23:51 - [MESSAGE][WARNING] - Object 'Object Repository/FDR-Dashboard/createNewVoucherButton' is not present after 4 second(s)

2020-09-15 14:23:51 - [MESSAGE][PASSED] - Object 'Object Repository/FDR-Receipt/FDR-Receipt-Dashboard/createNew_ReceiptBatch_Button' is present

2020-09-15 14:23:52 - [MESSAGE][PASSED] - Object: 'Object Repository/FDR-Receipt/FDR-Receipt-Dashboard/createNew_ReceiptBatch_Button' is clicked on

2020-09-15 14:23:52 - [MESSAGE][PASSED] - Object 'Object Repository/FDR-Receipt/FDR-Receipt-Header/View/inputDrawDate' is present

2020-09-15 14:23:53 - [MESSAGE][PASSED] - Text '10/05/2020' is set on object 'Object Repository/FDR-Receipt/FDR-Receipt-Header/View/inputDrawDate'

2020-09-15 14:23:54 - [MESSAGE][PASSED] - Keys 'TAB + ENTER + ENTER + ' sent to object: 'Object Repository/FDR-Receipt/FDR-Receipt-Header/View/inputDrawDate'

2020-09-15 14:23:55 - [MESSAGE][PASSED] - Object 'Object Repository/FDR-Receipt/FDR-Receipt-Header/Edit/payDate' is present

2020-09-15 14:23:56 - [MESSAGE][PASSED] - Text '10/07/2020' is set on object 'Object Repository/FDR-Receipt/FDR-Receipt-Header/Edit/payDate'

2020-09-15 14:23:56 - [MESSAGE][PASSED] - Object 'Object Repository/FDR-Receipt/FDR-Receipt-Header/View/deposit ID' is present

2020-09-15 14:23:57 - [MESSAGE][PASSED] - Text '1324811' is set on object 'Object Repository/FDR-Receipt/FDR-Receipt-Header/View/deposit ID'

2020-09-15 14:23:58 - [MESSAGE][PASSED] - Object 'Object Repository/FDR-Receipt/FDR-ReceiptBatch/receiptNotes' is present

2020-09-15 14:23:58 - [MESSAGE][PASSED] - Text 'rqewrq' is set on object 'Object Repository/FDR-Receipt/FDR-ReceiptBatch/receiptNotes'

2020-09-15 14:23:59 - [MESSAGE][PASSED] - Object 'Object Repository/FDR-Receipt/FDR-Receipt-Header/Edit/remmitanceAdviceInput' is present

2020-09-15 14:23:59 - [MESSAGE][PASSED] - Keys '' sent to object: 'Object Repository/FDR-Receipt/FDR-Receipt-Header/Edit/remmitanceAdviceInput'

2020-09-15 14:23:59 - [MESSAGE][PASSED] - Object 'Object Repository/FDR-Receipt/FDR-Receipt-Header/Edit/controllerReceiptInput' is present

2020-09-15 14:24:00 - [MESSAGE][PASSED] - Keys '' sent to object: 'Object Repository/FDR-Receipt/FDR-Receipt-Header/Edit/controllerReceiptInput'

2020-09-15 14:24:00 - [MESSAGE][PASSED] - Object 'Object Repository/FDR-Receipt/FDR-Receipt-Header/View/buttonNext' is present

2020-09-15 14:24:01 - [MESSAGE][PASSED] - Object: 'Object Repository/FDR-Receipt/FDR-Receipt-Header/View/buttonNext' is clicked on

2020-09-15 14:24:01 - [TEST_STEP][PASSED] - waitForElementPresent(findTestObject("FDR-Receipt/FDR-Receipt-Header/Edit/Mose_over"), 2): Object 'Object Repository/FDR-Receipt/FDR-Receipt-Header/Edit/Mose_over' is present

2020-09-15 14:24:02 - [MESSAGE][PASSED] - Object 'Object Repository/FDR-Receipt/FDR-Receipt-Header/Edit/Mose_over' is present

2020-09-15 14:24:02 - [TEST_STEP][PASSED] - click(findTestObject("FDR-Receipt/FDR-Receipt-Header/Edit/Mose_over")): Object: 'Object Repository/FDR-Receipt/FDR-Receipt-Header/Edit/Mose_over' is clicked on

2020-09-15 14:24:02 - [MESSAGE][PASSED] - Object: 'Object Repository/FDR-Receipt/FDR-Receipt-Header/Edit/Mose_over' is clicked on

2020-09-15 14:24:02 - [TEST_STEP][PASSED] - waitForElementPresent(findTestObject("FDR-Receipt/FDR-Receipt-Header/Edit/3dots_icon"), 2): Object 'Object Repository/FDR-Receipt/FDR-Receipt-Header/Edit/3dots_icon' is present

2020-09-15 14:24:03 - [MESSAGE][PASSED] - Object 'Object Repository/FDR-Receipt/FDR-Receipt-Header/Edit/3dots_icon' is present

2020-09-15 14:24:03 - [TEST_STEP][PASSED] - click(findTestObject("FDR-Receipt/FDR-Receipt-Header/Edit/3dots_icon"), STOP_ON_FAILURE): Object: 'Object Repository/FDR-Receipt/FDR-Receipt-Header/Edit/3dots_icon' is clicked on

2020-09-15 14:24:03 - [MESSAGE][PASSED] - Object: 'Object Repository/FDR-Receipt/FDR-Receipt-Header/Edit/3dots_icon' is clicked on

2020-09-15 14:24:03 - [TEST_STEP][PASSED] - click(findTestObject("FDR-Receipt/FDR-Receipt-Header/Edit/edit-Icon"), STOP_ON_FAILURE): Object: 'Object Repository/FDR-Receipt/FDR-Receipt-Header/Edit/edit-Icon' is clicked on

2020-09-15 14:24:04 - [MESSAGE][PASSED] - Object: 'Object Repository/FDR-Receipt/FDR-Receipt-Header/Edit/edit-Icon' is clicked on

2020-09-15 14:24:04 - [TEST_STEP][PASSED] - waitForElementPresent(findTestObject("FDR-Receipt/FDR-Receipt-Header/Edit/payDate"), 10): Object 'Object Repository/FDR-Receipt/FDR-Receipt-Header/Edit/payDate' is present

2020-09-15 14:24:05 - [MESSAGE][PASSED] - Object 'Object Repository/FDR-Receipt/FDR-Receipt-Header/Edit/payDate' is present

2020-09-15 14:24:05 - [TEST_STEP][PASSED] - sendKeys(findTestObject("FDR-Receipt/FDR-Receipt-Header/Edit/payDate"), Keys.chord(TAB, TAB)): Keys 'TAB + TAB + ' sent to object: 'Object Repository/FDR-Receipt/FDR-Receipt-Header/Edit/payDate'

2020-09-15 14:24:05 - [MESSAGE][PASSED] - Keys 'TAB + TAB + ' sent to object: 'Object Repository/FDR-Receipt/FDR-Receipt-Header/Edit/payDate'

2020-09-15 14:24:05 - [TEST_STEP][PASSED] - waitForElementPresent(findTestObject("FDR-Receipt/FDR-Receipt-Header/Edit/deposit_ID"), 5): Object 'Object Repository/FDR-Receipt/FDR-Receipt-Header/Edit/deposit_ID' is present

2020-09-15 14:24:06 - [MESSAGE][PASSED] - Object 'Object Repository/FDR-Receipt/FDR-Receipt-Header/Edit/deposit_ID' is present

2020-09-15 14:24:06 - [TEST_STEP][PASSED] - sendKeys(findTestObject("FDR-Receipt/FDR-Receipt-Header/Edit/deposit_ID"), Keys.chord(DELETE)): Keys 'DELETE + ' sent to object: 'Object Repository/FDR-Receipt/FDR-Receipt-Header/Edit/deposit_ID'

2020-09-15 14:24:06 - [MESSAGE][PASSED] - Keys 'DELETE + ' sent to object: 'Object Repository/FDR-Receipt/FDR-Receipt-Header/Edit/deposit_ID'

2020-09-15 14:24:06 - [TEST_STEP][PASSED] - sendKeys(findTestObject("FDR-Receipt/FDR-Receipt-Header/Edit/deposit_ID"), newDepositId2 + Keys.chord(TAB)): Keys 'TAB + 4327014' sent to object: 'Object Repository/FDR-Receipt/FDR-Receipt-Header/Edit/deposit_ID'

2020-09-15 14:24:07 - [MESSAGE][PASSED] - Keys 'TAB + 4327014' sent to object: 'Object Repository/FDR-Receipt/FDR-Receipt-Header/Edit/deposit_ID'

2020-09-15 14:24:07 - [TEST_STEP][PASSED] - waitForElementPresent(findTestObject("FDR-Receipt/FDR-Receipt-Header/Edit/receipt_Notes"), 5): Object 'Object Repository/FDR-Receipt/FDR-Receipt-Header/Edit/receipt_Notes' is present

2020-09-15 14:24:07 - [MESSAGE][PASSED] - Object 'Object Repository/FDR-Receipt/FDR-Receipt-Header/Edit/receipt_Notes' is present

2020-09-15 14:24:07 - [TEST_STEP][PASSED] - sendKeys(findTestObject("FDR-Receipt/FDR-Receipt-Header/Edit/receipt_Notes"), Keys.chord(DELETE)): Keys 'DELETE + ' sent to object: 'Object Repository/FDR-Receipt/FDR-Receipt-Header/Edit/receipt_Notes'

2020-09-15 14:24:08 - [MESSAGE][PASSED] - Keys 'DELETE + ' sent to object: 'Object Repository/FDR-Receipt/FDR-Receipt-Header/Edit/receipt_Notes'

2020-09-15 14:24:08 - [TEST_STEP][PASSED] - sendKeys(findTestObject("FDR-Receipt/FDR-Receipt-Header/Edit/receipt_Notes"), receiptnotes): Keys '123456' sent to object: 'Object Repository/FDR-Receipt/FDR-Receipt-Header/Edit/receipt_Notes'

2020-09-15 14:24:08 - [MESSAGE][PASSED] - Keys '123456' sent to object: 'Object Repository/FDR-Receipt/FDR-Receipt-Header/Edit/receipt_Notes'

2020-09-15 14:24:08 - [TEST_STEP][PASSED] - sendKeys(findTestObject("FDR-Receipt/FDR-Receipt-Header/Edit/receipt_Notes"), Keys.chord(TAB)): Keys 'TAB + ' sent to object: 'Object Repository/FDR-Receipt/FDR-Receipt-Header/Edit/receipt_Notes'

2020-09-15 14:24:09 - [MESSAGE][PASSED] - Keys 'TAB + ' sent to object: 'Object Repository/FDR-Receipt/FDR-Receipt-Header/Edit/receipt_Notes'

2020-09-15 14:24:09 - [TEST_STEP][PASSED] - waitForElementPresent(findTestObject("FDR-Receipt/FDR-Receipt-Header/Edit/next_Button"), 10): Object 'Object Repository/FDR-Receipt/FDR-Receipt-Header/Edit/next_Button' is present

2020-09-15 14:24:09 - [MESSAGE][PASSED] - Object 'Object Repository/FDR-Receipt/FDR-Receipt-Header/Edit/next_Button' is present

2020-09-15 14:24:09 - [TEST_STEP][PASSED] - click(findTestObject("FDR-Receipt/FDR-Receipt-Header/Edit/next_Button")): Object: 'Object Repository/FDR-Receipt/FDR-Receipt-Header/Edit/next_Button' is clicked on

2020-09-15 14:24:10 - [MESSAGE][PASSED] - Object: 'Object Repository/FDR-Receipt/FDR-Receipt-Header/Edit/next_Button' is clicked on

2020-09-15 14:24:10 - [TEST_STEP][PASSED] - waitForElementPresent(findTestObject("FDR-Receipt/FDR-Receipt-Header/Edit/Mose_over"), 2): Object 'Object Repository/FDR-Receipt/FDR-Receipt-Header/Edit/Mose_over' is present

2020-09-15 14:24:10 - [MESSAGE][PASSED] - Object 'Object Repository/FDR-Receipt/FDR-Receipt-Header/Edit/Mose_over' is present

2020-09-15 14:24:10 - [TEST_STEP][PASSED] - click(findTestObject("FDR-Receipt/FDR-Receipt-Header/Edit/Mose_over")): Object: 'Object Repository/FDR-Receipt/FDR-Receipt-Header/Edit/Mose_over' is clicked on

2020-09-15 14:24:11 - [MESSAGE][PASSED] - Object: 'Object Repository/FDR-Receipt/FDR-Receipt-Header/Edit/Mose_over' is clicked on

2020-09-15 14:24:11 - [TEST_STEP][PASSED] - waitForElementPresent(findTestObject("FDR-Receipt/FDR-Receipt-Header/View/depositId"), 2): Object 'Object Repository/FDR-Receipt/FDR-Receipt-Header/View/depositId' is present

2020-09-15 14:24:11 - [MESSAGE][PASSED] - Object 'Object Repository/FDR-Receipt/FDR-Receipt-Header/View/depositId' is present

2020-09-15 14:24:11 - [TEST_STEP][PASSED] - if (getText(findTestObject("FDR-Receipt/FDR-Receipt-Header/View/depositId")) == newDepositId2.toString()): Text of object 'Object Repository/FDR-Receipt/FDR-Receipt-Header/View/depositId' is: '1324811'

2020-09-15 14:24:12 - [MESSAGE][PASSED] - Text of object 'Object Repository/FDR-Receipt/FDR-Receipt-Header/View/depositId' is: '1324811'

2020-09-15 14:24:12 - [TEST_STEP][PASSED] - else: null

2020-09-15 14:24:12 - [TEST_STEP][PASSED] - OPTIONAL: null

2020-09-15 14:24:12 - [TEST_STEP][PASSED] - waitForElementPresent(findTestObject("FDR-Receipt/FDR-Receipt-Header/View/receiptsNotes"), 2): Object 'Object Repository/FDR-Receipt/FDR-Receipt-Header/View/receiptsNotes' is present

2020-09-15 14:24:12 - [MESSAGE][PASSED] - Object 'Object Repository/FDR-Receipt/FDR-Receipt-Header/View/receiptsNotes' is present

2020-09-15 14:24:12 - [TEST_STEP][PASSED] - if (getText(findTestObject("FDR-Receipt/FDR-Receipt-Header/View/receiptsNotes")) == receiptnotes): Text of object 'Object Repository/FDR-Receipt/FDR-Receipt-Header/View/receiptsNotes' is: 'rqewrq'

2020-09-15 14:24:12 - [MESSAGE][PASSED] - Text of object 'Object Repository/FDR-Receipt/FDR-Receipt-Header/View/receiptsNotes' is: 'rqewrq'

2020-09-15 14:24:12 - [TEST_STEP][PASSED] - else: null

2020-09-15 14:24:12 - [TEST_STEP][PASSED] - OPTIONAL: null

2020-09-15 14:24:12 - [TEST_STEP][PASSED] - closeBrowser(CONTINUE_ON_FAILURE): Browser is closed

2020-09-15 14:24:13 - [MESSAGE][PASSED] - Browser is closed

2020-09-15 14:24:13 - [TEST_STEP][PASSED] - Start listener action : sampleAfterTestCase: Browser is closed

2020-09-15 14:24:13 - [TEST_STEP][PASSED] - profileName = getExecutionProfile(): null

2020-09-15 14:24:13 - [TEST_STEP][PASSED] - switch (profileName): null

2020-09-15 14:24:13 - [TEST_STEP][PASSED] - if (!(skipBeforeAndAfterTestCase)): Browser is closed

2020-09-15 14:24:13 - [TEST_STEP][PASSED] - Uifunctions.logoutFDR(): Browser is closed

2020-09-15 14:24:13 - [MESSAGE][PASSED] - Browser is closed

2020-09-15 14:24:13 - [TEST_STEP][PASSED] - Start listener action : afterTestCase: null

2020-09-15 14:24:13 - [TEST_STEP][PASSED] - profileName = getExecutionProfile(): null

2020-09-15 14:24:13 - [TEST_STEP][PASSED] - if (profileName.equalsIgnoreCase("SysAdmin")): null

2020-09-15 14:24:13 - [TEST_STEP][PASSED] - Start listener action : sampleAfterTestCase: null

2020-09-15 14:24:13 - [TEST_STEP][PASSED] - profileName = getExecutionProfile(): null

2020-09-15 14:24:13 - [TEST_STEP][PASSED] - switch (profileName): null

2020-09-15 14:24:13 - [TEST_STEP][PASSED] - Default: null

2020-09-15 14:24:13 - [TEST_STEP][PASSED] - return null: null

2020-09-15 14:24:13 - [TEST_STEP][PASSED] - Start listener action : addFailedTCToList: null]]></system-out>
         <system-err><![CDATA[]]></system-err>
      </testcase>
      <testcase name="Test Cases/WEB-UI-TESTS/Receipt/FDR-Create-Receipt-CheckLine" time="41.389" classname="Test Cases/WEB-UI-TESTS/Receipt/FDR-Create-Receipt-CheckLine" status="PASSED">
         <system-out><![CDATA[2020-09-15 14:24:13 - [TEST_CASE][PASSED] - Test Cases/WEB-UI-TESTS/Receipt/FDR-Create-Receipt-CheckLine: Test Cases/WEB-UI-TESTS/Receipt/FDR-Create-Receipt-CheckLine

2020-09-15 14:24:13 - [TEST_STEP][PASSED] - Start listener action : sampleBeforeTestCase: Navigate to 'https://fdr-katalon.cammis-mod-dev.dhcs.ca.gov' successfully

2020-09-15 14:24:13 - [TEST_STEP][PASSED] - profileName = getExecutionProfile(): null

2020-09-15 14:24:13 - [TEST_STEP][PASSED] - switch (profileName): null

2020-09-15 14:24:13 - [TEST_STEP][PASSED] - testCaseId = testCaseContext.getTestCaseId(): null

2020-09-15 14:24:13 - [TEST_STEP][PASSED] - if (!(skipBeforeAndAfterTestCase)): Navigate to 'https://fdr-katalon.cammis-mod-dev.dhcs.ca.gov' successfully

2020-09-15 14:24:13 - [TEST_STEP][PASSED] - if (account7TestCases.contains(testCaseId)): null

2020-09-15 14:24:13 - [TEST_STEP][PASSED] - else if (account10TestCases.contains(testCaseId)): null

2020-09-15 14:24:13 - [TEST_STEP][PASSED] - else: Object: 'Object Repository/FDR-SignIn/SignInButton' is clicked on

2020-09-15 14:24:13 - [TEST_STEP][PASSED] - Uifunctions.loginFDR(accountsApprover, accountsApproverPwd): Object: 'Object Repository/FDR-SignIn/SignInButton' is clicked on

2020-09-15 14:24:13 - [MESSAGE][INFO] - Starting 'Chrome' driver

2020-09-15 14:24:13 - [MESSAGE][INFO] - Action delay is set to 0 milliseconds

2020-09-15 14:24:16 - [MESSAGE][PASSED] - Browser is opened with url: ''

2020-09-15 14:24:18 - [MESSAGE][PASSED] - Current window maximized

2020-09-15 14:24:20 - [MESSAGE][PASSED] - Navigate to 'https://fdr-katalon.cammis-mod-dev.dhcs.ca.gov' successfully

2020-09-15 14:24:21 - [MESSAGE][PASSED] - Object 'Object Repository/FDR-SignIn/SignInEmail' is present

2020-09-15 14:24:21 - [MESSAGE][PASSED] - Object: 'Object Repository/FDR-SignIn/SignInEmail' is clicked on

2020-09-15 14:24:22 - [MESSAGE][PASSED] - Object 'Object Repository/FDR-SignIn/SignInEmail' is present

2020-09-15 14:24:22 - [MESSAGE][PASSED] - Text 'fdr.test3@dhcs.ca.gov' is set on object 'Object Repository/FDR-SignIn/SignInEmail'

2020-09-15 14:24:22 - [MESSAGE][PASSED] - Object 'Object Repository/FDR-SignIn/SignInEmailNext' is visible

2020-09-15 14:24:23 - [MESSAGE][PASSED] - Object: 'Object Repository/FDR-SignIn/SignInEmailNext' is clicked on

2020-09-15 14:24:26 - [MESSAGE][PASSED] - Object 'Object Repository/FDR-SignIn/SignInEmailPassword' is visible

2020-09-15 14:24:27 - [MESSAGE][PASSED] - Object: 'Object Repository/FDR-SignIn/SignInEmailPassword' is clicked on

2020-09-15 14:24:27 - [MESSAGE][PASSED] - Text ****** has been set on object 'Object Repository/FDR-SignIn/SignInEmailPassword'

2020-09-15 14:24:29 - [MESSAGE][PASSED] - Object: 'Object Repository/FDR-SignIn/SignInButton' is clicked on

2020-09-15 14:24:29 - [TEST_STEP][PASSED] - navigateToUrl(URL): Navigate to 'https://fdr-katalon.cammis-mod-dev.dhcs.ca.gov' successfully

2020-09-15 14:24:29 - [MESSAGE][PASSED] - Navigate to 'https://fdr-katalon.cammis-mod-dev.dhcs.ca.gov' successfully

2020-09-15 14:24:29 - [TEST_STEP][PASSED] - Start listener action : beforeTestCase: null

2020-09-15 14:24:29 - [TEST_STEP][PASSED] - profileName = getExecutionProfile(): null

2020-09-15 14:24:29 - [TEST_STEP][PASSED] - if (profileName.equalsIgnoreCase("SysAdmin")): null

2020-09-15 14:24:29 - [TEST_STEP][PASSED] - Start listener action : sampleBeforeTestCase: null

2020-09-15 14:24:29 - [TEST_STEP][PASSED] - profileName = getExecutionProfile(): null

2020-09-15 14:24:29 - [TEST_STEP][PASSED] - testCaseId = testCaseContext.getTestCaseId(): null

2020-09-15 14:24:29 - [TEST_STEP][PASSED] - switch (profileName): null

2020-09-15 14:24:29 - [TEST_STEP][PASSED] - Default: null

2020-09-15 14:24:29 - [TEST_STEP][PASSED] - return null: null

2020-09-15 14:24:29 - [TEST_STEP][PASSED] - Start listener action : executeRows: null

2020-09-15 14:24:30 - [TEST_STEP][PASSED] - newDepositId = RandomStringUtils.randomNumeric(7): null

2020-09-15 14:24:30 - [TEST_STEP][PASSED] - editors.createReceipt(Drawdate, Paydate, newDepositId, Receiptnotes): Object: 'Object Repository/FDR-Receipt/FDR-Receipt-Header/View/buttonNext' is clicked on

2020-09-15 14:24:35 - [MESSAGE][INFO] - Unable to find the element located by 'By.xpath: //*[@data-id='button-link']//*[contains(text(),'Create New Voucher')]'. Please recheck the objects properties to make sure the desired element is located. 

2020-09-15 14:24:35 - [MESSAGE][WARNING] - Object 'Object Repository/FDR-Dashboard/createNewVoucherButton' is not present after 4 second(s)

2020-09-15 14:24:35 - [MESSAGE][PASSED] - Object 'Object Repository/FDR-Receipt/FDR-Receipt-Dashboard/createNew_ReceiptBatch_Button' is present

2020-09-15 14:24:36 - [MESSAGE][PASSED] - Object: 'Object Repository/FDR-Receipt/FDR-Receipt-Dashboard/createNew_ReceiptBatch_Button' is clicked on

2020-09-15 14:24:36 - [MESSAGE][PASSED] - Object 'Object Repository/FDR-Receipt/FDR-Receipt-Header/View/inputDrawDate' is present

2020-09-15 14:24:37 - [MESSAGE][PASSED] - Text '10/05/2020' is set on object 'Object Repository/FDR-Receipt/FDR-Receipt-Header/View/inputDrawDate'

2020-09-15 14:24:38 - [MESSAGE][PASSED] - Keys 'TAB + ENTER + ENTER + ' sent to object: 'Object Repository/FDR-Receipt/FDR-Receipt-Header/View/inputDrawDate'

2020-09-15 14:24:39 - [MESSAGE][PASSED] - Object 'Object Repository/FDR-Receipt/FDR-Receipt-Header/Edit/payDate' is present

2020-09-15 14:24:39 - [MESSAGE][PASSED] - Text '10/07/2020' is set on object 'Object Repository/FDR-Receipt/FDR-Receipt-Header/Edit/payDate'

2020-09-15 14:24:39 - [MESSAGE][PASSED] - Object 'Object Repository/FDR-Receipt/FDR-Receipt-Header/View/deposit ID' is present

2020-09-15 14:24:40 - [MESSAGE][PASSED] - Text '6108622' is set on object 'Object Repository/FDR-Receipt/FDR-Receipt-Header/View/deposit ID'

2020-09-15 14:24:41 - [MESSAGE][PASSED] - Object 'Object Repository/FDR-Receipt/FDR-ReceiptBatch/receiptNotes' is present

2020-09-15 14:24:42 - [MESSAGE][PASSED] - Text 'rqewrq' is set on object 'Object Repository/FDR-Receipt/FDR-ReceiptBatch/receiptNotes'

2020-09-15 14:24:42 - [MESSAGE][PASSED] - Object 'Object Repository/FDR-Receipt/FDR-Receipt-Header/Edit/remmitanceAdviceInput' is present

2020-09-15 14:24:42 - [MESSAGE][PASSED] - Keys '' sent to object: 'Object Repository/FDR-Receipt/FDR-Receipt-Header/Edit/remmitanceAdviceInput'

2020-09-15 14:24:43 - [MESSAGE][PASSED] - Object 'Object Repository/FDR-Receipt/FDR-Receipt-Header/Edit/controllerReceiptInput' is present

2020-09-15 14:24:43 - [MESSAGE][PASSED] - Keys '' sent to object: 'Object Repository/FDR-Receipt/FDR-Receipt-Header/Edit/controllerReceiptInput'

2020-09-15 14:24:44 - [MESSAGE][PASSED] - Object 'Object Repository/FDR-Receipt/FDR-Receipt-Header/View/buttonNext' is present

2020-09-15 14:24:44 - [MESSAGE][PASSED] - Object: 'Object Repository/FDR-Receipt/FDR-Receipt-Header/View/buttonNext' is clicked on

2020-09-15 14:24:44 - [TEST_STEP][PASSED] - editors.createReceiptline(ReceiptID, SupplierID, DepositDate): Object: 'Object Repository/FDR-Receipt/FDR-Receipt-Checkline/View/addReceipt_Button2' is clicked on

2020-09-15 14:24:45 - [MESSAGE][PASSED] - Object 'Object Repository/FDR-Receipt/FDR-Receipt-Checkline/View/receipt_ID' is present

2020-09-15 14:24:45 - [MESSAGE][PASSED] - Keys 'CHK10322' sent to object: 'Object Repository/FDR-Receipt/FDR-Receipt-Checkline/View/receipt_ID'

2020-09-15 14:24:46 - [MESSAGE][PASSED] - Object 'Object Repository/FDR-Receipt/FDR-Receipt-Checkline/View/supplier_Id' is present

2020-09-15 14:24:46 - [MESSAGE][PASSED] - Object: 'Object Repository/FDR-Receipt/FDR-Receipt-Checkline/View/supplier_Id' is clicked on

2020-09-15 14:24:47 - [MESSAGE][PASSED] - Keys '0000007954' sent to object: 'Object Repository/FDR-Receipt/FDR-Receipt-Checkline/View/supplier_Id'

2020-09-15 14:24:47 - [MESSAGE][PASSED] - Keys 'DOWN + ENTER + ' sent to object: 'Object Repository/FDR-Receipt/FDR-Receipt-Checkline/View/supplier_Id'

2020-09-15 14:24:48 - [MESSAGE][PASSED] - Object 'Object Repository/FDR-Receipt/FDR-Receipt-Checkline/View/deposit_Date' is present

2020-09-15 14:24:48 - [MESSAGE][PASSED] - Keys '02/24/2020' sent to object: 'Object Repository/FDR-Receipt/FDR-Receipt-Checkline/View/deposit_Date'

2020-09-15 14:24:53 - [MESSAGE][INFO] - Unable to find the element located by 'By.xpath: //*[@data-id='button-link']//*[contains(text(),'Create New Voucher')]'. Please recheck the objects properties to make sure the desired element is located. 

2020-09-15 14:24:53 - [MESSAGE][WARNING] - Object 'Object Repository/FDR-Dashboard/createNewVoucherButton' is not present after 4 second(s)

2020-09-15 14:24:54 - [MESSAGE][PASSED] - Object 'Object Repository/FDR-Receipt/FDR-Receipt-Checkline/View/addReceipt_Button2' is present

2020-09-15 14:24:54 - [MESSAGE][PASSED] - Object: 'Object Repository/FDR-Receipt/FDR-Receipt-Checkline/View/addReceipt_Button2' is clicked on

2020-09-15 14:24:54 - [TEST_STEP][PASSED] - Start listener action : sampleAfterTestCase: Browser is closed

2020-09-15 14:24:54 - [TEST_STEP][PASSED] - profileName = getExecutionProfile(): null

2020-09-15 14:24:54 - [TEST_STEP][PASSED] - switch (profileName): null

2020-09-15 14:24:54 - [TEST_STEP][PASSED] - if (!(skipBeforeAndAfterTestCase)): Browser is closed

2020-09-15 14:24:54 - [TEST_STEP][PASSED] - Uifunctions.logoutFDR(): Browser is closed

2020-09-15 14:24:55 - [MESSAGE][PASSED] - Browser is closed

2020-09-15 14:24:55 - [TEST_STEP][PASSED] - Start listener action : afterTestCase: null

2020-09-15 14:24:55 - [TEST_STEP][PASSED] - profileName = getExecutionProfile(): null

2020-09-15 14:24:55 - [TEST_STEP][PASSED] - if (profileName.equalsIgnoreCase("SysAdmin")): null

2020-09-15 14:24:55 - [TEST_STEP][PASSED] - Start listener action : sampleAfterTestCase: null

2020-09-15 14:24:55 - [TEST_STEP][PASSED] - profileName = getExecutionProfile(): null

2020-09-15 14:24:55 - [TEST_STEP][PASSED] - switch (profileName): null

2020-09-15 14:24:55 - [TEST_STEP][PASSED] - Default: null

2020-09-15 14:24:55 - [TEST_STEP][PASSED] - return null: null

2020-09-15 14:24:55 - [TEST_STEP][PASSED] - Start listener action : addFailedTCToList: null]]></system-out>
         <system-err><![CDATA[]]></system-err>
      </testcase>
      <testcase name="Test Cases/WEB-UI-TESTS/Receipt/FDR-Edit-Receipt_Line" time="54.117" classname="Test Cases/WEB-UI-TESTS/Receipt/FDR-Edit-Receipt_Line" status="PASSED">
         <system-out><![CDATA[2020-09-15 14:24:55 - [TEST_CASE][PASSED] - Test Cases/WEB-UI-TESTS/Receipt/FDR-Edit-Receipt_Line: Test Cases/WEB-UI-TESTS/Receipt/FDR-Edit-Receipt_Line

2020-09-15 14:24:55 - [TEST_STEP][PASSED] - Start listener action : sampleBeforeTestCase: Navigate to 'https://fdr-katalon.cammis-mod-dev.dhcs.ca.gov' successfully

2020-09-15 14:24:55 - [TEST_STEP][PASSED] - profileName = getExecutionProfile(): null

2020-09-15 14:24:55 - [TEST_STEP][PASSED] - switch (profileName): null

2020-09-15 14:24:55 - [TEST_STEP][PASSED] - testCaseId = testCaseContext.getTestCaseId(): null

2020-09-15 14:24:55 - [TEST_STEP][PASSED] - if (!(skipBeforeAndAfterTestCase)): Navigate to 'https://fdr-katalon.cammis-mod-dev.dhcs.ca.gov' successfully

2020-09-15 14:24:55 - [TEST_STEP][PASSED] - if (account7TestCases.contains(testCaseId)): null

2020-09-15 14:24:55 - [TEST_STEP][PASSED] - else if (account10TestCases.contains(testCaseId)): null

2020-09-15 14:24:55 - [TEST_STEP][PASSED] - else: Object: 'Object Repository/FDR-SignIn/SignInButton' is clicked on

2020-09-15 14:24:55 - [TEST_STEP][PASSED] - Uifunctions.loginFDR(accountsApprover, accountsApproverPwd): Object: 'Object Repository/FDR-SignIn/SignInButton' is clicked on

2020-09-15 14:24:55 - [MESSAGE][INFO] - Starting 'Chrome' driver

2020-09-15 14:24:55 - [MESSAGE][INFO] - Action delay is set to 0 milliseconds

2020-09-15 14:24:58 - [MESSAGE][PASSED] - Browser is opened with url: ''

2020-09-15 14:25:00 - [MESSAGE][PASSED] - Current window maximized

2020-09-15 14:25:04 - [MESSAGE][PASSED] - Navigate to 'https://fdr-katalon.cammis-mod-dev.dhcs.ca.gov' successfully

2020-09-15 14:25:06 - [MESSAGE][PASSED] - Object 'Object Repository/FDR-SignIn/SignInEmail' is present

2020-09-15 14:25:06 - [MESSAGE][PASSED] - Object: 'Object Repository/FDR-SignIn/SignInEmail' is clicked on

2020-09-15 14:25:07 - [MESSAGE][PASSED] - Object 'Object Repository/FDR-SignIn/SignInEmail' is present

2020-09-15 14:25:07 - [MESSAGE][PASSED] - Text 'fdr.test3@dhcs.ca.gov' is set on object 'Object Repository/FDR-SignIn/SignInEmail'

2020-09-15 14:25:07 - [MESSAGE][PASSED] - Object 'Object Repository/FDR-SignIn/SignInEmailNext' is visible

2020-09-15 14:25:08 - [MESSAGE][PASSED] - Object: 'Object Repository/FDR-SignIn/SignInEmailNext' is clicked on

2020-09-15 14:25:11 - [MESSAGE][PASSED] - Object 'Object Repository/FDR-SignIn/SignInEmailPassword' is visible

2020-09-15 14:25:11 - [MESSAGE][PASSED] - Object: 'Object Repository/FDR-SignIn/SignInEmailPassword' is clicked on

2020-09-15 14:25:12 - [MESSAGE][PASSED] - Text ****** has been set on object 'Object Repository/FDR-SignIn/SignInEmailPassword'

2020-09-15 14:25:13 - [MESSAGE][PASSED] - Object: 'Object Repository/FDR-SignIn/SignInButton' is clicked on

2020-09-15 14:25:13 - [TEST_STEP][PASSED] - navigateToUrl(URL): Navigate to 'https://fdr-katalon.cammis-mod-dev.dhcs.ca.gov' successfully

2020-09-15 14:25:14 - [MESSAGE][PASSED] - Navigate to 'https://fdr-katalon.cammis-mod-dev.dhcs.ca.gov' successfully

2020-09-15 14:25:14 - [TEST_STEP][PASSED] - Start listener action : beforeTestCase: null

2020-09-15 14:25:14 - [TEST_STEP][PASSED] - profileName = getExecutionProfile(): null

2020-09-15 14:25:14 - [TEST_STEP][PASSED] - if (profileName.equalsIgnoreCase("SysAdmin")): null

2020-09-15 14:25:14 - [TEST_STEP][PASSED] - Start listener action : sampleBeforeTestCase: null

2020-09-15 14:25:14 - [TEST_STEP][PASSED] - profileName = getExecutionProfile(): null

2020-09-15 14:25:14 - [TEST_STEP][PASSED] - testCaseId = testCaseContext.getTestCaseId(): null

2020-09-15 14:25:14 - [TEST_STEP][PASSED] - switch (profileName): null

2020-09-15 14:25:14 - [TEST_STEP][PASSED] - Default: null

2020-09-15 14:25:14 - [TEST_STEP][PASSED] - return null: null

2020-09-15 14:25:14 - [TEST_STEP][PASSED] - Start listener action : executeRows: null

2020-09-15 14:25:14 - [TEST_STEP][PASSED] - newDepositId = RandomStringUtils.randomNumeric(7): null

2020-09-15 14:25:14 - [TEST_STEP][PASSED] - editors.createReceipt(Drawdate, Paydate, newDepositId, Receiptnotes): Object: 'Object Repository/FDR-Receipt/FDR-Receipt-Header/View/buttonNext' is clicked on

2020-09-15 14:25:19 - [MESSAGE][INFO] - Unable to find the element located by 'By.xpath: //*[@data-id='button-link']//*[contains(text(),'Create New Voucher')]'. Please recheck the objects properties to make sure the desired element is located. 

2020-09-15 14:25:19 - [MESSAGE][WARNING] - Object 'Object Repository/FDR-Dashboard/createNewVoucherButton' is not present after 4 second(s)

2020-09-15 14:25:19 - [MESSAGE][PASSED] - Object 'Object Repository/FDR-Receipt/FDR-Receipt-Dashboard/createNew_ReceiptBatch_Button' is present

2020-09-15 14:25:20 - [MESSAGE][PASSED] - Object: 'Object Repository/FDR-Receipt/FDR-Receipt-Dashboard/createNew_ReceiptBatch_Button' is clicked on

2020-09-15 14:25:20 - [MESSAGE][PASSED] - Object 'Object Repository/FDR-Receipt/FDR-Receipt-Header/View/inputDrawDate' is present

2020-09-15 14:25:22 - [MESSAGE][PASSED] - Text '10/05/2020' is set on object 'Object Repository/FDR-Receipt/FDR-Receipt-Header/View/inputDrawDate'

2020-09-15 14:25:22 - [MESSAGE][PASSED] - Keys 'TAB + ENTER + ENTER + ' sent to object: 'Object Repository/FDR-Receipt/FDR-Receipt-Header/View/inputDrawDate'

2020-09-15 14:25:23 - [MESSAGE][PASSED] - Object 'Object Repository/FDR-Receipt/FDR-Receipt-Header/Edit/payDate' is present

2020-09-15 14:25:24 - [MESSAGE][PASSED] - Text '10/07/2020' is set on object 'Object Repository/FDR-Receipt/FDR-Receipt-Header/Edit/payDate'

2020-09-15 14:25:24 - [MESSAGE][PASSED] - Object 'Object Repository/FDR-Receipt/FDR-Receipt-Header/View/deposit ID' is present

2020-09-15 14:25:25 - [MESSAGE][PASSED] - Text '8116576' is set on object 'Object Repository/FDR-Receipt/FDR-Receipt-Header/View/deposit ID'

2020-09-15 14:25:25 - [MESSAGE][PASSED] - Object 'Object Repository/FDR-Receipt/FDR-ReceiptBatch/receiptNotes' is present

2020-09-15 14:25:26 - [MESSAGE][PASSED] - Text 'rqewrq' is set on object 'Object Repository/FDR-Receipt/FDR-ReceiptBatch/receiptNotes'

2020-09-15 14:25:27 - [MESSAGE][PASSED] - Object 'Object Repository/FDR-Receipt/FDR-Receipt-Header/Edit/remmitanceAdviceInput' is present

2020-09-15 14:25:27 - [MESSAGE][PASSED] - Keys '' sent to object: 'Object Repository/FDR-Receipt/FDR-Receipt-Header/Edit/remmitanceAdviceInput'

2020-09-15 14:25:27 - [MESSAGE][PASSED] - Object 'Object Repository/FDR-Receipt/FDR-Receipt-Header/Edit/controllerReceiptInput' is present

2020-09-15 14:25:28 - [MESSAGE][PASSED] - Keys '' sent to object: 'Object Repository/FDR-Receipt/FDR-Receipt-Header/Edit/controllerReceiptInput'

2020-09-15 14:25:28 - [MESSAGE][PASSED] - Object 'Object Repository/FDR-Receipt/FDR-Receipt-Header/View/buttonNext' is present

2020-09-15 14:25:29 - [MESSAGE][PASSED] - Object: 'Object Repository/FDR-Receipt/FDR-Receipt-Header/View/buttonNext' is clicked on

2020-09-15 14:25:29 - [TEST_STEP][PASSED] - editors.createReceiptline(ReceiptID, SupplierID, DepositDate): Object: 'Object Repository/FDR-Receipt/FDR-Receipt-Checkline/View/addReceipt_Button2' is clicked on

2020-09-15 14:25:29 - [MESSAGE][PASSED] - Object 'Object Repository/FDR-Receipt/FDR-Receipt-Checkline/View/receipt_ID' is present

2020-09-15 14:25:30 - [MESSAGE][PASSED] - Keys 'CHK10322' sent to object: 'Object Repository/FDR-Receipt/FDR-Receipt-Checkline/View/receipt_ID'

2020-09-15 14:25:30 - [MESSAGE][PASSED] - Object 'Object Repository/FDR-Receipt/FDR-Receipt-Checkline/View/supplier_Id' is present

2020-09-15 14:25:31 - [MESSAGE][PASSED] - Object: 'Object Repository/FDR-Receipt/FDR-Receipt-Checkline/View/supplier_Id' is clicked on

2020-09-15 14:25:31 - [MESSAGE][PASSED] - Keys '0000007954' sent to object: 'Object Repository/FDR-Receipt/FDR-Receipt-Checkline/View/supplier_Id'

2020-09-15 14:25:32 - [MESSAGE][PASSED] - Keys 'DOWN + ENTER + ' sent to object: 'Object Repository/FDR-Receipt/FDR-Receipt-Checkline/View/supplier_Id'

2020-09-15 14:25:32 - [MESSAGE][PASSED] - Object 'Object Repository/FDR-Receipt/FDR-Receipt-Checkline/View/deposit_Date' is present

2020-09-15 14:25:33 - [MESSAGE][PASSED] - Keys '02/24/2020' sent to object: 'Object Repository/FDR-Receipt/FDR-Receipt-Checkline/View/deposit_Date'

2020-09-15 14:25:38 - [MESSAGE][INFO] - Unable to find the element located by 'By.xpath: //*[@data-id='button-link']//*[contains(text(),'Create New Voucher')]'. Please recheck the objects properties to make sure the desired element is located. 

2020-09-15 14:25:38 - [MESSAGE][WARNING] - Object 'Object Repository/FDR-Dashboard/createNewVoucherButton' is not present after 4 second(s)

2020-09-15 14:25:38 - [MESSAGE][PASSED] - Object 'Object Repository/FDR-Receipt/FDR-Receipt-Checkline/View/addReceipt_Button2' is present

2020-09-15 14:25:38 - [MESSAGE][PASSED] - Object: 'Object Repository/FDR-Receipt/FDR-Receipt-Checkline/View/addReceipt_Button2' is clicked on

2020-09-15 14:25:38 - [TEST_STEP][PASSED] - waitForElementPresent(findTestObject("FDR-Dashboard/createNewVoucherButton"), 4): Object 'Object Repository/FDR-Dashboard/createNewVoucherButton' is not present after 4 second(s)

2020-09-15 14:25:44 - [MESSAGE][INFO] - Unable to find the element located by 'By.xpath: //*[@data-id='button-link']//*[contains(text(),'Create New Voucher')]'. Please recheck the objects properties to make sure the desired element is located. 

2020-09-15 14:25:44 - [MESSAGE][WARNING] - Object 'Object Repository/FDR-Dashboard/createNewVoucherButton' is not present after 4 second(s)

2020-09-15 14:25:44 - [TEST_STEP][PASSED] - waitForElementPresent(findTestObject("FDR-Receipt/FDR-Receipt-Header/Edit/3dots_icon"), 4): Object 'Object Repository/FDR-Receipt/FDR-Receipt-Header/Edit/3dots_icon' is present

2020-09-15 14:25:44 - [MESSAGE][PASSED] - Object 'Object Repository/FDR-Receipt/FDR-Receipt-Header/Edit/3dots_icon' is present

2020-09-15 14:25:44 - [TEST_STEP][PASSED] - click(findTestObject("FDR-Receipt/FDR-Receipt-Checkline/Edit/3dots_Icon")): Object: 'Object Repository/FDR-Receipt/FDR-Receipt-Checkline/Edit/3dots_Icon' is clicked on

2020-09-15 14:25:44 - [MESSAGE][PASSED] - Object: 'Object Repository/FDR-Receipt/FDR-Receipt-Checkline/Edit/3dots_Icon' is clicked on

2020-09-15 14:25:44 - [TEST_STEP][PASSED] - click(findTestObject("FDR-Receipt/FDR-Receipt-Checkline/Edit/li_Edit")): Object: 'Object Repository/FDR-Receipt/FDR-Receipt-Checkline/Edit/li_Edit' is clicked on

2020-09-15 14:25:45 - [MESSAGE][PASSED] - Object: 'Object Repository/FDR-Receipt/FDR-Receipt-Checkline/Edit/li_Edit' is clicked on

2020-09-15 14:25:45 - [TEST_STEP][PASSED] - waitForElementPresent(findTestObject("FDR-Receipt/FDR-Receipt-Checkline/View/receipt_ID"), 10): Object 'Object Repository/FDR-Receipt/FDR-Receipt-Checkline/View/receipt_ID' is present

2020-09-15 14:25:45 - [MESSAGE][PASSED] - Object 'Object Repository/FDR-Receipt/FDR-Receipt-Checkline/View/receipt_ID' is present

2020-09-15 14:25:45 - [TEST_STEP][PASSED] - click(findTestObject("FDR-Receipt/FDR-Receipt-Checkline/View/receipt_ID")): Object: 'Object Repository/FDR-Receipt/FDR-Receipt-Checkline/View/receipt_ID' is clicked on

2020-09-15 14:25:46 - [MESSAGE][PASSED] - Object: 'Object Repository/FDR-Receipt/FDR-Receipt-Checkline/View/receipt_ID' is clicked on

2020-09-15 14:25:46 - [TEST_STEP][PASSED] - Uifunctions.clearElementText(findTestObject("FDR-Receipt/FDR-Receipt-Checkline/View/receipt_ID")): Execute JavaScript 'arguments[0].value='';' successfully

2020-09-15 14:25:46 - [MESSAGE][PASSED] - Execute JavaScript 'arguments[0].value='';' successfully

2020-09-15 14:25:46 - [TEST_STEP][PASSED] - elementri = findWebElement(findTestObject("FDR-Receipt/FDR-Receipt-Checkline/View/receipt_ID"), 30): null

2020-09-15 14:25:46 - [TEST_STEP][PASSED] - elementri.clear(): null

2020-09-15 14:25:46 - [TEST_STEP][PASSED] - sendKeys(findTestObject("FDR-Receipt/FDR-Receipt-Checkline/View/receipt_ID"), ReceiptId): Keys 'CHK10322' sent to object: 'Object Repository/FDR-Receipt/FDR-Receipt-Checkline/View/receipt_ID'

2020-09-15 14:25:47 - [MESSAGE][PASSED] - Keys 'CHK10322' sent to object: 'Object Repository/FDR-Receipt/FDR-Receipt-Checkline/View/receipt_ID'

2020-09-15 14:25:47 - [TEST_STEP][PASSED] - waitForElementPresent(findTestObject("FDR-Receipt/FDR-Receipt-Checkline/Edit/button_Save"), 30): Object 'Object Repository/FDR-Receipt/FDR-Receipt-Checkline/Edit/button_Save' is present

2020-09-15 14:25:47 - [MESSAGE][PASSED] - Object 'Object Repository/FDR-Receipt/FDR-Receipt-Checkline/Edit/button_Save' is present

2020-09-15 14:25:47 - [TEST_STEP][PASSED] - click(findTestObject("FDR-Receipt/FDR-Receipt-Checkline/Edit/button_Save")): Object: 'Object Repository/FDR-Receipt/FDR-Receipt-Checkline/Edit/button_Save' is clicked on

2020-09-15 14:25:47 - [MESSAGE][PASSED] - Object: 'Object Repository/FDR-Receipt/FDR-Receipt-Checkline/Edit/button_Save' is clicked on

2020-09-15 14:25:47 - [TEST_STEP][PASSED] - if (getText(findTestObject("FDR-Receipt/FDR-Receipt-Checkline/View/receiptId_Added")) == findTestData("Receipt/FDR-EditCheckLineTestData").getValue(1, 1)): null

2020-09-15 14:25:48 - [MESSAGE][PASSED] - Text of object 'Object Repository/FDR-Receipt/FDR-Receipt-Checkline/View/receiptId_Added' is: 'CHK10322'

2020-09-15 14:25:48 - [TEST_STEP][PASSED] - markPassed("ReceiptId updated successfully"): ReceiptId updated successfully

2020-09-15 14:25:48 - [MESSAGE][PASSED] - ReceiptId updated successfully

2020-09-15 14:25:48 - [TEST_STEP][PASSED] - Start listener action : sampleAfterTestCase: Browser is closed

2020-09-15 14:25:48 - [TEST_STEP][PASSED] - profileName = getExecutionProfile(): null

2020-09-15 14:25:48 - [TEST_STEP][PASSED] - switch (profileName): null

2020-09-15 14:25:48 - [TEST_STEP][PASSED] - if (!(skipBeforeAndAfterTestCase)): Browser is closed

2020-09-15 14:25:48 - [TEST_STEP][PASSED] - Uifunctions.logoutFDR(): Browser is closed

2020-09-15 14:25:49 - [MESSAGE][PASSED] - Browser is closed

2020-09-15 14:25:49 - [TEST_STEP][PASSED] - Start listener action : afterTestCase: null

2020-09-15 14:25:49 - [TEST_STEP][PASSED] - profileName = getExecutionProfile(): null

2020-09-15 14:25:49 - [TEST_STEP][PASSED] - if (profileName.equalsIgnoreCase("SysAdmin")): null

2020-09-15 14:25:49 - [TEST_STEP][PASSED] - Start listener action : sampleAfterTestCase: null

2020-09-15 14:25:49 - [TEST_STEP][PASSED] - profileName = getExecutionProfile(): null

2020-09-15 14:25:49 - [TEST_STEP][PASSED] - switch (profileName): null

2020-09-15 14:25:49 - [TEST_STEP][PASSED] - Default: null

2020-09-15 14:25:49 - [TEST_STEP][PASSED] - return null: null

2020-09-15 14:25:49 - [TEST_STEP][PASSED] - Start listener action : addFailedTCToList: null]]></system-out>
         <system-err><![CDATA[]]></system-err>
      </testcase>
      <testcase name="Test Cases/WEB-UI-TESTS/Receipt/FDR-Delete-Undo-Receipt-Header" time="49.319" classname="Test Cases/WEB-UI-TESTS/Receipt/FDR-Delete-Undo-Receipt-Header" status="PASSED">
         <system-out><![CDATA[2020-09-15 14:25:49 - [TEST_CASE][PASSED] - Test Cases/WEB-UI-TESTS/Receipt/FDR-Delete-Undo-Receipt-Header: Test Cases/WEB-UI-TESTS/Receipt/FDR-Delete-Undo-Receipt-Header

2020-09-15 14:25:49 - [TEST_STEP][PASSED] - Start listener action : sampleBeforeTestCase: Navigate to 'https://fdr-katalon.cammis-mod-dev.dhcs.ca.gov' successfully

2020-09-15 14:25:49 - [TEST_STEP][PASSED] - profileName = getExecutionProfile(): null

2020-09-15 14:25:49 - [TEST_STEP][PASSED] - switch (profileName): null

2020-09-15 14:25:49 - [TEST_STEP][PASSED] - testCaseId = testCaseContext.getTestCaseId(): null

2020-09-15 14:25:49 - [TEST_STEP][PASSED] - if (!(skipBeforeAndAfterTestCase)): Navigate to 'https://fdr-katalon.cammis-mod-dev.dhcs.ca.gov' successfully

2020-09-15 14:25:49 - [TEST_STEP][PASSED] - if (account7TestCases.contains(testCaseId)): Object: 'Object Repository/FDR-SignIn/SignInButton' is clicked on

2020-09-15 14:25:49 - [TEST_STEP][PASSED] - Uifunctions.loginFDR(accountsAdmin, accountsAdminPwd): Object: 'Object Repository/FDR-SignIn/SignInButton' is clicked on

2020-09-15 14:25:49 - [MESSAGE][INFO] - Starting 'Chrome' driver

2020-09-15 14:25:49 - [MESSAGE][INFO] - Action delay is set to 0 milliseconds

2020-09-15 14:25:52 - [MESSAGE][PASSED] - Browser is opened with url: ''

2020-09-15 14:25:54 - [MESSAGE][PASSED] - Current window maximized

2020-09-15 14:25:55 - [MESSAGE][PASSED] - Navigate to 'https://fdr-katalon.cammis-mod-dev.dhcs.ca.gov' successfully

2020-09-15 14:25:57 - [MESSAGE][PASSED] - Object 'Object Repository/FDR-SignIn/SignInEmail' is present

2020-09-15 14:25:57 - [MESSAGE][PASSED] - Object: 'Object Repository/FDR-SignIn/SignInEmail' is clicked on

2020-09-15 14:25:57 - [MESSAGE][PASSED] - Object 'Object Repository/FDR-SignIn/SignInEmail' is present

2020-09-15 14:25:58 - [MESSAGE][PASSED] - Text 'fdr.test4@dhcs.ca.gov' is set on object 'Object Repository/FDR-SignIn/SignInEmail'

2020-09-15 14:25:58 - [MESSAGE][PASSED] - Object 'Object Repository/FDR-SignIn/SignInEmailNext' is visible

2020-09-15 14:25:58 - [MESSAGE][PASSED] - Object: 'Object Repository/FDR-SignIn/SignInEmailNext' is clicked on

2020-09-15 14:26:02 - [MESSAGE][PASSED] - Object 'Object Repository/FDR-SignIn/SignInEmailPassword' is visible

2020-09-15 14:26:02 - [MESSAGE][PASSED] - Object: 'Object Repository/FDR-SignIn/SignInEmailPassword' is clicked on

2020-09-15 14:26:02 - [MESSAGE][PASSED] - Text ****** has been set on object 'Object Repository/FDR-SignIn/SignInEmailPassword'

2020-09-15 14:26:04 - [MESSAGE][PASSED] - Object: 'Object Repository/FDR-SignIn/SignInButton' is clicked on

2020-09-15 14:26:04 - [TEST_STEP][PASSED] - navigateToUrl(URL): Navigate to 'https://fdr-katalon.cammis-mod-dev.dhcs.ca.gov' successfully

2020-09-15 14:26:05 - [MESSAGE][PASSED] - Navigate to 'https://fdr-katalon.cammis-mod-dev.dhcs.ca.gov' successfully

2020-09-15 14:26:05 - [TEST_STEP][PASSED] - Start listener action : beforeTestCase: null

2020-09-15 14:26:05 - [TEST_STEP][PASSED] - profileName = getExecutionProfile(): null

2020-09-15 14:26:05 - [TEST_STEP][PASSED] - if (profileName.equalsIgnoreCase("SysAdmin")): null

2020-09-15 14:26:05 - [TEST_STEP][PASSED] - Start listener action : sampleBeforeTestCase: null

2020-09-15 14:26:05 - [TEST_STEP][PASSED] - profileName = getExecutionProfile(): null

2020-09-15 14:26:05 - [TEST_STEP][PASSED] - testCaseId = testCaseContext.getTestCaseId(): null

2020-09-15 14:26:05 - [TEST_STEP][PASSED] - switch (profileName): null

2020-09-15 14:26:05 - [TEST_STEP][PASSED] - Default: null

2020-09-15 14:26:05 - [TEST_STEP][PASSED] - return null: null

2020-09-15 14:26:05 - [TEST_STEP][PASSED] - Start listener action : executeRows: null

2020-09-15 14:26:05 - [TEST_STEP][PASSED] - newDepositId = RandomStringUtils.randomNumeric(7): null

2020-09-15 14:26:05 - [TEST_STEP][PASSED] - editors.createReceipt(Drawdate, Paydate, newDepositId, Receiptnotes): Object: 'Object Repository/FDR-Receipt/FDR-Receipt-Header/View/buttonNext' is clicked on

2020-09-15 14:26:10 - [MESSAGE][INFO] - Unable to find the element located by 'By.xpath: //*[@data-id='button-link']//*[contains(text(),'Create New Voucher')]'. Please recheck the objects properties to make sure the desired element is located. 

2020-09-15 14:26:10 - [MESSAGE][WARNING] - Object 'Object Repository/FDR-Dashboard/createNewVoucherButton' is not present after 4 second(s)

2020-09-15 14:26:10 - [MESSAGE][PASSED] - Object 'Object Repository/FDR-Receipt/FDR-Receipt-Dashboard/createNew_ReceiptBatch_Button' is present

2020-09-15 14:26:11 - [MESSAGE][PASSED] - Object: 'Object Repository/FDR-Receipt/FDR-Receipt-Dashboard/createNew_ReceiptBatch_Button' is clicked on

2020-09-15 14:26:11 - [MESSAGE][PASSED] - Object 'Object Repository/FDR-Receipt/FDR-Receipt-Header/View/inputDrawDate' is present

2020-09-15 14:26:12 - [MESSAGE][PASSED] - Text '10/05/2020' is set on object 'Object Repository/FDR-Receipt/FDR-Receipt-Header/View/inputDrawDate'

2020-09-15 14:26:13 - [MESSAGE][PASSED] - Keys 'TAB + ENTER + ENTER + ' sent to object: 'Object Repository/FDR-Receipt/FDR-Receipt-Header/View/inputDrawDate'

2020-09-15 14:26:14 - [MESSAGE][PASSED] - Object 'Object Repository/FDR-Receipt/FDR-Receipt-Header/Edit/payDate' is present

2020-09-15 14:26:15 - [MESSAGE][PASSED] - Text '10/07/2020' is set on object 'Object Repository/FDR-Receipt/FDR-Receipt-Header/Edit/payDate'

2020-09-15 14:26:15 - [MESSAGE][PASSED] - Object 'Object Repository/FDR-Receipt/FDR-Receipt-Header/View/deposit ID' is present

2020-09-15 14:26:16 - [MESSAGE][PASSED] - Text '4712833' is set on object 'Object Repository/FDR-Receipt/FDR-Receipt-Header/View/deposit ID'

2020-09-15 14:26:16 - [MESSAGE][PASSED] - Object 'Object Repository/FDR-Receipt/FDR-ReceiptBatch/receiptNotes' is present

2020-09-15 14:26:17 - [MESSAGE][PASSED] - Text 'rqewrq' is set on object 'Object Repository/FDR-Receipt/FDR-ReceiptBatch/receiptNotes'

2020-09-15 14:26:18 - [MESSAGE][PASSED] - Object 'Object Repository/FDR-Receipt/FDR-Receipt-Header/Edit/remmitanceAdviceInput' is present

2020-09-15 14:26:18 - [MESSAGE][PASSED] - Keys '' sent to object: 'Object Repository/FDR-Receipt/FDR-Receipt-Header/Edit/remmitanceAdviceInput'

2020-09-15 14:26:18 - [MESSAGE][PASSED] - Object 'Object Repository/FDR-Receipt/FDR-Receipt-Header/Edit/controllerReceiptInput' is present

2020-09-15 14:26:19 - [MESSAGE][PASSED] - Keys '' sent to object: 'Object Repository/FDR-Receipt/FDR-Receipt-Header/Edit/controllerReceiptInput'

2020-09-15 14:26:19 - [MESSAGE][PASSED] - Object 'Object Repository/FDR-Receipt/FDR-Receipt-Header/View/buttonNext' is present

2020-09-15 14:26:20 - [MESSAGE][PASSED] - Object: 'Object Repository/FDR-Receipt/FDR-Receipt-Header/View/buttonNext' is clicked on

2020-09-15 14:26:20 - [TEST_STEP][PASSED] - editors.createReceiptline(ReceiptID, SupplierID, DepositDate): Object: 'Object Repository/FDR-Receipt/FDR-Receipt-Checkline/View/addReceipt_Button2' is clicked on

2020-09-15 14:26:20 - [MESSAGE][PASSED] - Object 'Object Repository/FDR-Receipt/FDR-Receipt-Checkline/View/receipt_ID' is present

2020-09-15 14:26:21 - [MESSAGE][PASSED] - Keys 'CHK10322' sent to object: 'Object Repository/FDR-Receipt/FDR-Receipt-Checkline/View/receipt_ID'

2020-09-15 14:26:21 - [MESSAGE][PASSED] - Object 'Object Repository/FDR-Receipt/FDR-Receipt-Checkline/View/supplier_Id' is present

2020-09-15 14:26:22 - [MESSAGE][PASSED] - Object: 'Object Repository/FDR-Receipt/FDR-Receipt-Checkline/View/supplier_Id' is clicked on

2020-09-15 14:26:22 - [MESSAGE][PASSED] - Keys '0000007954' sent to object: 'Object Repository/FDR-Receipt/FDR-Receipt-Checkline/View/supplier_Id'

2020-09-15 14:26:23 - [MESSAGE][PASSED] - Keys 'DOWN + ENTER + ' sent to object: 'Object Repository/FDR-Receipt/FDR-Receipt-Checkline/View/supplier_Id'

2020-09-15 14:26:23 - [MESSAGE][PASSED] - Object 'Object Repository/FDR-Receipt/FDR-Receipt-Checkline/View/deposit_Date' is present

2020-09-15 14:26:24 - [MESSAGE][PASSED] - Keys '02/24/2020' sent to object: 'Object Repository/FDR-Receipt/FDR-Receipt-Checkline/View/deposit_Date'

2020-09-15 14:26:29 - [MESSAGE][INFO] - Unable to find the element located by 'By.xpath: //*[@data-id='button-link']//*[contains(text(),'Create New Voucher')]'. Please recheck the objects properties to make sure the desired element is located. 

2020-09-15 14:26:29 - [MESSAGE][WARNING] - Object 'Object Repository/FDR-Dashboard/createNewVoucherButton' is not present after 4 second(s)

2020-09-15 14:26:29 - [MESSAGE][PASSED] - Object 'Object Repository/FDR-Receipt/FDR-Receipt-Checkline/View/addReceipt_Button2' is present

2020-09-15 14:26:29 - [MESSAGE][PASSED] - Object: 'Object Repository/FDR-Receipt/FDR-Receipt-Checkline/View/addReceipt_Button2' is clicked on

2020-09-15 14:26:29 - [TEST_STEP][PASSED] - delay(2): Delayed 2 second(s)

2020-09-15 14:26:31 - [MESSAGE][PASSED] - Delayed 2 second(s)

2020-09-15 14:26:31 - [TEST_STEP][PASSED] - waitForElementPresent(findTestObject("FDR-Receipt/FDR-Receipt-Header/Delete/3dots_icon"), 2): Object 'Object Repository/FDR-Receipt/FDR-Receipt-Header/Delete/3dots_icon' is present

2020-09-15 14:26:32 - [MESSAGE][PASSED] - Object 'Object Repository/FDR-Receipt/FDR-Receipt-Header/Delete/3dots_icon' is present

2020-09-15 14:26:32 - [TEST_STEP][PASSED] - click(findTestObject("FDR-Receipt/FDR-Receipt-Header/Delete/3dots_icon")): Object: 'Object Repository/FDR-Receipt/FDR-Receipt-Header/Delete/3dots_icon' is clicked on

2020-09-15 14:26:32 - [MESSAGE][PASSED] - Object: 'Object Repository/FDR-Receipt/FDR-Receipt-Header/Delete/3dots_icon' is clicked on

2020-09-15 14:26:32 - [TEST_STEP][PASSED] - waitForElementPresent(findTestObject("FDR-Receipt/FDR-Receipt-Header/Delete/deleteHeader"), 2): Object 'Object Repository/FDR-Receipt/FDR-Receipt-Header/Delete/deleteHeader' is present

2020-09-15 14:26:32 - [MESSAGE][PASSED] - Object 'Object Repository/FDR-Receipt/FDR-Receipt-Header/Delete/deleteHeader' is present

2020-09-15 14:26:32 - [TEST_STEP][PASSED] - click(findTestObject("FDR-Receipt/FDR-Receipt-Header/Delete/deleteHeader")): Object: 'Object Repository/FDR-Receipt/FDR-Receipt-Header/Delete/deleteHeader' is clicked on

2020-09-15 14:26:33 - [MESSAGE][PASSED] - Object: 'Object Repository/FDR-Receipt/FDR-Receipt-Header/Delete/deleteHeader' is clicked on

2020-09-15 14:26:33 - [TEST_STEP][PASSED] - waitForElementPresent(findTestObject("FDR-Receipt/FDR-Receipt-Checkline/Delete/undoIcon"), 5): Object 'Object Repository/FDR-Receipt/FDR-Receipt-Checkline/Delete/undoIcon' is present

2020-09-15 14:26:34 - [MESSAGE][PASSED] - Object 'Object Repository/FDR-Receipt/FDR-Receipt-Checkline/Delete/undoIcon' is present

2020-09-15 14:26:34 - [TEST_STEP][PASSED] - click(findTestObject("FDR-Receipt/FDR-Receipt-Checkline/Delete/undoIcon")): Object: 'Object Repository/FDR-Receipt/FDR-Receipt-Checkline/Delete/undoIcon' is clicked on

2020-09-15 14:26:34 - [MESSAGE][PASSED] - Object: 'Object Repository/FDR-Receipt/FDR-Receipt-Checkline/Delete/undoIcon' is clicked on

2020-09-15 14:26:34 - [TEST_STEP][PASSED] - waitForElementPresent(findTestObject("FDR-Receipt/FDR-Receipt-Checkline/Delete/lineAttribute"), 2): Object 'Object Repository/FDR-Receipt/FDR-Receipt-Checkline/Delete/lineAttribute' is not present after 2 second(s)

2020-09-15 14:26:37 - [MESSAGE][INFO] - Unable to find the element located by 'By.xpath: (//*[@data-id="transaction-line-attribute"])[2]'. Please recheck the objects properties to make sure the desired element is located. 

2020-09-15 14:26:37 - [MESSAGE][WARNING] - Object 'Object Repository/FDR-Receipt/FDR-Receipt-Checkline/Delete/lineAttribute' is not present after 2 second(s)

2020-09-15 14:26:37 - [TEST_STEP][PASSED] - Start listener action : sampleAfterTestCase: Browser is closed

2020-09-15 14:26:37 - [TEST_STEP][PASSED] - profileName = getExecutionProfile(): null

2020-09-15 14:26:37 - [TEST_STEP][PASSED] - switch (profileName): null

2020-09-15 14:26:37 - [TEST_STEP][PASSED] - if (!(skipBeforeAndAfterTestCase)): Browser is closed

2020-09-15 14:26:37 - [TEST_STEP][PASSED] - Uifunctions.logoutFDR(): Browser is closed

2020-09-15 14:26:38 - [MESSAGE][PASSED] - Browser is closed

2020-09-15 14:26:38 - [TEST_STEP][PASSED] - Start listener action : afterTestCase: null

2020-09-15 14:26:38 - [TEST_STEP][PASSED] - profileName = getExecutionProfile(): null

2020-09-15 14:26:38 - [TEST_STEP][PASSED] - if (profileName.equalsIgnoreCase("SysAdmin")): null

2020-09-15 14:26:38 - [TEST_STEP][PASSED] - Start listener action : sampleAfterTestCase: null

2020-09-15 14:26:38 - [TEST_STEP][PASSED] - profileName = getExecutionProfile(): null

2020-09-15 14:26:38 - [TEST_STEP][PASSED] - switch (profileName): null

2020-09-15 14:26:38 - [TEST_STEP][PASSED] - Default: null

2020-09-15 14:26:38 - [TEST_STEP][PASSED] - return null: null

2020-09-15 14:26:38 - [TEST_STEP][PASSED] - Start listener action : addFailedTCToList: null]]></system-out>
         <system-err><![CDATA[]]></system-err>
      </testcase>
      <testcase name="Test Cases/WEB-UI-TESTS/Receipt/FDR-Review Receipt" time="37.359" classname="Test Cases/WEB-UI-TESTS/Receipt/FDR-Review Receipt" status="PASSED">
         <system-out><![CDATA[2020-09-15 14:26:38 - [TEST_CASE][PASSED] - Test Cases/WEB-UI-TESTS/Receipt/FDR-Review Receipt: Test Cases/WEB-UI-TESTS/Receipt/FDR-Review Receipt

2020-09-15 14:26:38 - [TEST_STEP][PASSED] - Start listener action : sampleBeforeTestCase: Navigate to 'https://fdr-katalon.cammis-mod-dev.dhcs.ca.gov' successfully

2020-09-15 14:26:38 - [TEST_STEP][PASSED] - profileName = getExecutionProfile(): null

2020-09-15 14:26:38 - [TEST_STEP][PASSED] - switch (profileName): null

2020-09-15 14:26:38 - [TEST_STEP][PASSED] - testCaseId = testCaseContext.getTestCaseId(): null

2020-09-15 14:26:38 - [TEST_STEP][PASSED] - if (!(skipBeforeAndAfterTestCase)): Navigate to 'https://fdr-katalon.cammis-mod-dev.dhcs.ca.gov' successfully

2020-09-15 14:26:38 - [TEST_STEP][PASSED] - if (account7TestCases.contains(testCaseId)): null

2020-09-15 14:26:38 - [TEST_STEP][PASSED] - else if (account10TestCases.contains(testCaseId)): null

2020-09-15 14:26:38 - [TEST_STEP][PASSED] - else: Object: 'Object Repository/FDR-SignIn/SignInButton' is clicked on

2020-09-15 14:26:38 - [TEST_STEP][PASSED] - Uifunctions.loginFDR(accountsApprover, accountsApproverPwd): Object: 'Object Repository/FDR-SignIn/SignInButton' is clicked on

2020-09-15 14:26:38 - [MESSAGE][INFO] - Starting 'Chrome' driver

2020-09-15 14:26:38 - [MESSAGE][INFO] - Action delay is set to 0 milliseconds

2020-09-15 14:26:41 - [MESSAGE][PASSED] - Browser is opened with url: ''

2020-09-15 14:26:43 - [MESSAGE][PASSED] - Current window maximized

2020-09-15 14:26:45 - [MESSAGE][PASSED] - Navigate to 'https://fdr-katalon.cammis-mod-dev.dhcs.ca.gov' successfully

2020-09-15 14:26:46 - [MESSAGE][PASSED] - Object 'Object Repository/FDR-SignIn/SignInEmail' is present

2020-09-15 14:26:46 - [MESSAGE][PASSED] - Object: 'Object Repository/FDR-SignIn/SignInEmail' is clicked on

2020-09-15 14:26:47 - [MESSAGE][PASSED] - Object 'Object Repository/FDR-SignIn/SignInEmail' is present

2020-09-15 14:26:47 - [MESSAGE][PASSED] - Text 'fdr.test3@dhcs.ca.gov' is set on object 'Object Repository/FDR-SignIn/SignInEmail'

2020-09-15 14:26:47 - [MESSAGE][PASSED] - Object 'Object Repository/FDR-SignIn/SignInEmailNext' is visible

2020-09-15 14:26:48 - [MESSAGE][PASSED] - Object: 'Object Repository/FDR-SignIn/SignInEmailNext' is clicked on

2020-09-15 14:26:51 - [MESSAGE][PASSED] - Object 'Object Repository/FDR-SignIn/SignInEmailPassword' is visible

2020-09-15 14:26:51 - [MESSAGE][PASSED] - Object: 'Object Repository/FDR-SignIn/SignInEmailPassword' is clicked on

2020-09-15 14:26:52 - [MESSAGE][PASSED] - Text ****** has been set on object 'Object Repository/FDR-SignIn/SignInEmailPassword'

2020-09-15 14:26:53 - [MESSAGE][PASSED] - Object: 'Object Repository/FDR-SignIn/SignInButton' is clicked on

2020-09-15 14:26:53 - [TEST_STEP][PASSED] - navigateToUrl(URL): Navigate to 'https://fdr-katalon.cammis-mod-dev.dhcs.ca.gov' successfully

2020-09-15 14:26:54 - [MESSAGE][PASSED] - Navigate to 'https://fdr-katalon.cammis-mod-dev.dhcs.ca.gov' successfully

2020-09-15 14:26:54 - [TEST_STEP][PASSED] - Start listener action : beforeTestCase: null

2020-09-15 14:26:54 - [TEST_STEP][PASSED] - profileName = getExecutionProfile(): null

2020-09-15 14:26:54 - [TEST_STEP][PASSED] - if (profileName.equalsIgnoreCase("SysAdmin")): null

2020-09-15 14:26:54 - [TEST_STEP][PASSED] - Start listener action : sampleBeforeTestCase: null

2020-09-15 14:26:54 - [TEST_STEP][PASSED] - profileName = getExecutionProfile(): null

2020-09-15 14:26:54 - [TEST_STEP][PASSED] - testCaseId = testCaseContext.getTestCaseId(): null

2020-09-15 14:26:54 - [TEST_STEP][PASSED] - switch (profileName): null

2020-09-15 14:26:54 - [TEST_STEP][PASSED] - Default: null

2020-09-15 14:26:54 - [TEST_STEP][PASSED] - return null: null

2020-09-15 14:26:54 - [TEST_STEP][PASSED] - Start listener action : executeRows: null

2020-09-15 14:26:54 - [TEST_STEP][PASSED] - newDepositId = RandomStringUtils.randomNumeric(7): null

2020-09-15 14:26:54 - [TEST_STEP][PASSED] - waitForElementPresent(findTestObject("FDR-Receipt/FDR-Receipt-Dashboard/createNew_ReceiptBatch_Button"), 3): Object 'Object Repository/FDR-Receipt/FDR-Receipt-Dashboard/createNew_ReceiptBatch_Button' is present

2020-09-15 14:26:56 - [MESSAGE][PASSED] - Object 'Object Repository/FDR-Receipt/FDR-Receipt-Dashboard/createNew_ReceiptBatch_Button' is present

2020-09-15 14:26:56 - [TEST_STEP][PASSED] - click(findTestObject("FDR-Receipt/FDR-Receipt-Dashboard/createNew_ReceiptBatch_Button")): Object: 'Object Repository/FDR-Receipt/FDR-Receipt-Dashboard/createNew_ReceiptBatch_Button' is clicked on

2020-09-15 14:26:57 - [MESSAGE][PASSED] - Object: 'Object Repository/FDR-Receipt/FDR-Receipt-Dashboard/createNew_ReceiptBatch_Button' is clicked on

2020-09-15 14:26:57 - [TEST_STEP][PASSED] - waitForElementPresent(findTestObject("FDR-Dashboard/createNewVoucherButton"), 4): Object 'Object Repository/FDR-Dashboard/createNewVoucherButton' is not present after 4 second(s)

2020-09-15 14:27:02 - [MESSAGE][INFO] - Unable to find the element located by 'By.xpath: //*[@data-id='button-link']//*[contains(text(),'Create New Voucher')]'. Please recheck the objects properties to make sure the desired element is located. 

2020-09-15 14:27:02 - [MESSAGE][WARNING] - Object 'Object Repository/FDR-Dashboard/createNewVoucherButton' is not present after 4 second(s)

2020-09-15 14:27:02 - [TEST_STEP][PASSED] - waitForElementPresent(findTestObject("FDR-Receipt/FDR-Receipt-Header/View/inputDrawDate"), 3): Object 'Object Repository/FDR-Receipt/FDR-Receipt-Header/View/inputDrawDate' is present

2020-09-15 14:27:02 - [MESSAGE][PASSED] - Object 'Object Repository/FDR-Receipt/FDR-Receipt-Header/View/inputDrawDate' is present

2020-09-15 14:27:02 - [TEST_STEP][PASSED] - setText(findTestObject("FDR-Receipt/FDR-Receipt-Header/View/inputDrawDate"), Drawdate): Text '10/05/2020' is set on object 'Object Repository/FDR-Receipt/FDR-Receipt-Header/View/inputDrawDate'

2020-09-15 14:27:03 - [MESSAGE][PASSED] - Text '10/05/2020' is set on object 'Object Repository/FDR-Receipt/FDR-Receipt-Header/View/inputDrawDate'

2020-09-15 14:27:03 - [TEST_STEP][PASSED] - waitForElementPresent(findTestObject("FDR-Receipt/FDR-Receipt-Header/Edit/payDate"), 3): Object 'Object Repository/FDR-Receipt/FDR-Receipt-Header/Edit/payDate' is present

2020-09-15 14:27:03 - [MESSAGE][PASSED] - Object 'Object Repository/FDR-Receipt/FDR-Receipt-Header/Edit/payDate' is present

2020-09-15 14:27:03 - [TEST_STEP][PASSED] - setText(findTestObject("FDR-Receipt/FDR-Receipt-Header/Edit/payDate"), Paydate): Text '10/07/2020' is set on object 'Object Repository/FDR-Receipt/FDR-Receipt-Header/Edit/payDate'

2020-09-15 14:27:04 - [MESSAGE][PASSED] - Text '10/07/2020' is set on object 'Object Repository/FDR-Receipt/FDR-Receipt-Header/Edit/payDate'

2020-09-15 14:27:04 - [TEST_STEP][PASSED] - waitForElementPresent(findTestObject("FDR-Receipt/FDR-Receipt-Header/View/deposit ID"), 10): Object 'Object Repository/FDR-Receipt/FDR-Receipt-Header/View/deposit ID' is present

2020-09-15 14:27:04 - [MESSAGE][PASSED] - Object 'Object Repository/FDR-Receipt/FDR-Receipt-Header/View/deposit ID' is present

2020-09-15 14:27:04 - [TEST_STEP][PASSED] - sendKeys(findTestObject("FDR-Receipt/FDR-Receipt-Header/View/deposit ID"), newDepositId): Keys '3582255' sent to object: 'Object Repository/FDR-Receipt/FDR-Receipt-Header/View/deposit ID'

2020-09-15 14:27:05 - [MESSAGE][PASSED] - Keys '3582255' sent to object: 'Object Repository/FDR-Receipt/FDR-Receipt-Header/View/deposit ID'

2020-09-15 14:27:05 - [TEST_STEP][PASSED] - waitForElementPresent(findTestObject("FDR-Receipt/FDR-ReceiptBatch/receiptNotes"), 10): Object 'Object Repository/FDR-Receipt/FDR-ReceiptBatch/receiptNotes' is present

2020-09-15 14:27:05 - [MESSAGE][PASSED] - Object 'Object Repository/FDR-Receipt/FDR-ReceiptBatch/receiptNotes' is present

2020-09-15 14:27:05 - [TEST_STEP][PASSED] - sendKeys(findTestObject("FDR-Receipt/FDR-ReceiptBatch/receiptNotes"), Receiptnotes): Keys 'rqewrq' sent to object: 'Object Repository/FDR-Receipt/FDR-ReceiptBatch/receiptNotes'

2020-09-15 14:27:06 - [MESSAGE][PASSED] - Keys 'rqewrq' sent to object: 'Object Repository/FDR-Receipt/FDR-ReceiptBatch/receiptNotes'

2020-09-15 14:27:06 - [TEST_STEP][PASSED] - waitForElementPresent(findTestObject("FDR-Receipt/FDR-Receipt-Header/View/remittanceNo"), 10): Object 'Object Repository/FDR-Receipt/FDR-Receipt-Header/View/remittanceNo' is present

2020-09-15 14:27:06 - [MESSAGE][PASSED] - Object 'Object Repository/FDR-Receipt/FDR-Receipt-Header/View/remittanceNo' is present

2020-09-15 14:27:06 - [TEST_STEP][PASSED] - sendKeys(findTestObject("FDR-Receipt/FDR-Receipt-Header/View/remittanceNo"), Remittance): Keys '1234' sent to object: 'Object Repository/FDR-Receipt/FDR-Receipt-Header/View/remittanceNo'

2020-09-15 14:27:07 - [MESSAGE][PASSED] - Keys '1234' sent to object: 'Object Repository/FDR-Receipt/FDR-Receipt-Header/View/remittanceNo'

2020-09-15 14:27:07 - [TEST_STEP][PASSED] - waitForElementPresent(findTestObject("FDR-Receipt/FDR-Receipt-Header/View/controllerNo"), 10): Object 'Object Repository/FDR-Receipt/FDR-Receipt-Header/View/controllerNo' is present

2020-09-15 14:27:07 - [MESSAGE][PASSED] - Object 'Object Repository/FDR-Receipt/FDR-Receipt-Header/View/controllerNo' is present

2020-09-15 14:27:07 - [TEST_STEP][PASSED] - sendKeys(findTestObject("FDR-Receipt/FDR-Receipt-Header/View/controllerNo"), Controller): Keys '4567' sent to object: 'Object Repository/FDR-Receipt/FDR-Receipt-Header/View/controllerNo'

2020-09-15 14:27:07 - [MESSAGE][PASSED] - Keys '4567' sent to object: 'Object Repository/FDR-Receipt/FDR-Receipt-Header/View/controllerNo'

2020-09-15 14:27:07 - [TEST_STEP][PASSED] - waitForElementPresent(findTestObject("FDR-Receipt/FDR-Receipt-Header/View/buttonNext"), 10): Object 'Object Repository/FDR-Receipt/FDR-Receipt-Header/View/buttonNext' is present

2020-09-15 14:27:08 - [MESSAGE][PASSED] - Object 'Object Repository/FDR-Receipt/FDR-Receipt-Header/View/buttonNext' is present

2020-09-15 14:27:08 - [TEST_STEP][PASSED] - click(findTestObject("FDR-Receipt/FDR-Receipt-Header/View/buttonNext")): Object: 'Object Repository/FDR-Receipt/FDR-Receipt-Header/View/buttonNext' is clicked on

2020-09-15 14:27:08 - [MESSAGE][PASSED] - Object: 'Object Repository/FDR-Receipt/FDR-Receipt-Header/View/buttonNext' is clicked on

2020-09-15 14:27:08 - [TEST_STEP][PASSED] - delay(5): Delayed 5 second(s)

2020-09-15 14:27:13 - [MESSAGE][PASSED] - Delayed 5 second(s)

2020-09-15 14:27:13 - [TEST_STEP][PASSED] - waitForElementPresent(findTestObject("FDR-Receipt/FDR-ReceiptBatch/Review-Receipt/button_Review"), 2): Object 'Object Repository/FDR-Receipt/FDR-ReceiptBatch/Review-Receipt/button_Review' is present

2020-09-15 14:27:13 - [MESSAGE][PASSED] - Object 'Object Repository/FDR-Receipt/FDR-ReceiptBatch/Review-Receipt/button_Review' is present

2020-09-15 14:27:13 - [TEST_STEP][PASSED] - click(findTestObject("FDR-Receipt/FDR-ReceiptBatch/Review-Receipt/button_Review"), STOP_ON_FAILURE): Object: 'Object Repository/FDR-Receipt/FDR-ReceiptBatch/Review-Receipt/button_Review' is clicked on

2020-09-15 14:27:14 - [MESSAGE][PASSED] - Object: 'Object Repository/FDR-Receipt/FDR-ReceiptBatch/Review-Receipt/button_Review' is clicked on

2020-09-15 14:27:14 - [TEST_STEP][PASSED] - waitForElementPresent(findTestObject("FDR-Receipt/FDR-ReceiptBatch/Review-Receipt/button_Submitforapproval"), 2): Object 'Object Repository/FDR-Receipt/FDR-ReceiptBatch/Review-Receipt/button_Submitforapproval' is present

2020-09-15 14:27:14 - [MESSAGE][PASSED] - Object 'Object Repository/FDR-Receipt/FDR-ReceiptBatch/Review-Receipt/button_Submitforapproval' is present

2020-09-15 14:27:14 - [TEST_STEP][PASSED] - click(findTestObject("FDR-Receipt/FDR-ReceiptBatch/Review-Receipt/button_Submitforapproval"), STOP_ON_FAILURE): Object: 'Object Repository/FDR-Receipt/FDR-ReceiptBatch/Review-Receipt/button_Submitforapproval' is clicked on

2020-09-15 14:27:15 - [MESSAGE][PASSED] - Object: 'Object Repository/FDR-Receipt/FDR-ReceiptBatch/Review-Receipt/button_Submitforapproval' is clicked on

2020-09-15 14:27:15 - [TEST_STEP][PASSED] - closeBrowser(CONTINUE_ON_FAILURE): Browser is closed

2020-09-15 14:27:15 - [MESSAGE][PASSED] - Browser is closed

2020-09-15 14:27:15 - [TEST_STEP][PASSED] - Start listener action : sampleAfterTestCase: Browser is closed

2020-09-15 14:27:15 - [TEST_STEP][PASSED] - profileName = getExecutionProfile(): null

2020-09-15 14:27:15 - [TEST_STEP][PASSED] - switch (profileName): null

2020-09-15 14:27:15 - [TEST_STEP][PASSED] - if (!(skipBeforeAndAfterTestCase)): Browser is closed

2020-09-15 14:27:15 - [TEST_STEP][PASSED] - Uifunctions.logoutFDR(): Browser is closed

2020-09-15 14:27:15 - [MESSAGE][PASSED] - Browser is closed

2020-09-15 14:27:15 - [TEST_STEP][PASSED] - Start listener action : afterTestCase: null

2020-09-15 14:27:15 - [TEST_STEP][PASSED] - profileName = getExecutionProfile(): null

2020-09-15 14:27:15 - [TEST_STEP][PASSED] - if (profileName.equalsIgnoreCase("SysAdmin")): null

2020-09-15 14:27:15 - [TEST_STEP][PASSED] - Start listener action : sampleAfterTestCase: null

2020-09-15 14:27:15 - [TEST_STEP][PASSED] - profileName = getExecutionProfile(): null

2020-09-15 14:27:15 - [TEST_STEP][PASSED] - switch (profileName): null

2020-09-15 14:27:15 - [TEST_STEP][PASSED] - Default: null

2020-09-15 14:27:15 - [TEST_STEP][PASSED] - return null: null

2020-09-15 14:27:15 - [TEST_STEP][PASSED] - Start listener action : addFailedTCToList: null]]></system-out>
         <system-err><![CDATA[]]></system-err>
      </testcase>
      <testcase name="Test Cases/WEB-UI-TESTS/Receipt/FDR-Receipts-FixStateReasons" time="63.983" classname="Test Cases/WEB-UI-TESTS/Receipt/FDR-Receipts-FixStateReasons" status="FAILED">
         <failure type="FAILED" message="Test Cases/WEB-UI-TESTS/Receipt/FDR-Receipts-FixStateReasons FAILED.
Reason:
com.kms.katalon.core.exception.StepFailedException: Verify element text of test object 'Object Repository/FDR-Receipt/FDR-ReceiptBatch/Fix/instructionsIncorrectDrawDate' FAILED.
	at com.kms.katalon.core.webui.keyword.internal.WebUIKeywordMain.stepFailed(WebUIKeywordMain.groovy:64)
	at com.kms.katalon.core.webui.keyword.internal.WebUIKeywordMain.runKeyword(WebUIKeywordMain.groovy:26)
	at com.kms.katalon.core.webui.keyword.builtin.VerifyElementTextKeyword.verifyElementText(VerifyElementTextKeyword.groovy:72)
	at com.kms.katalon.core.webui.keyword.builtin.VerifyElementTextKeyword.execute(VerifyElementTextKeyword.groovy:40)
	at com.kms.katalon.core.keyword.internal.KeywordExecutor.executeKeywordForPlatform(KeywordExecutor.groovy:73)
	at com.kms.katalon.core.webui.keyword.WebUiBuiltInKeywords.verifyElementText(WebUiBuiltInKeywords.groovy:3673)
	at com.kms.katalon.core.webui.keyword.WebUiBuiltInKeywords$verifyElementText$14.call(Unknown Source)
	at FDR-Receipts-FixStateReasons.run(FDR-Receipts-FixStateReasons:93)
	at com.kms.katalon.core.main.ScriptEngine.run(ScriptEngine.java:194)
	at com.kms.katalon.core.main.ScriptEngine.runScriptAsRawText(ScriptEngine.java:119)
	at com.kms.katalon.core.main.TestCaseExecutor.runScript(TestCaseExecutor.java:339)
	at com.kms.katalon.core.main.TestCaseExecutor.doExecute(TestCaseExecutor.java:330)
	at com.kms.katalon.core.main.TestCaseExecutor.processExecutionPhase(TestCaseExecutor.java:309)
	at com.kms.katalon.core.main.TestCaseExecutor.accessMainPhase(TestCaseExecutor.java:301)
	at com.kms.katalon.core.main.TestCaseExecutor.execute(TestCaseExecutor.java:235)
	at com.kms.katalon.core.main.TestSuiteExecutor.accessTestCaseMainPhase(TestSuiteExecutor.java:191)
	at com.kms.katalon.core.main.TestSuiteExecutor.accessTestSuiteMainPhase(TestSuiteExecutor.java:141)
	at com.kms.katalon.core.main.TestSuiteExecutor.execute(TestSuiteExecutor.java:90)
	at com.kms.katalon.core.main.TestCaseMain.startTestSuite(TestCaseMain.java:157)
	at com.kms.katalon.core.main.TestCaseMain$startTestSuite$0.call(Unknown Source)
	at TempTestSuite1600204928244.run(TempTestSuite1600204928244.groovy:39)
Caused by: com.kms.katalon.core.exception.StepFailedException: com.kms.katalon.core.webui.exception.WebElementNotFoundException: Web element with id: 'Object Repository/FDR-Receipt/FDR-ReceiptBatch/Fix/instructionsIncorrectDrawDate' located by '//span[contains(text(),'Incorrect')]' not found
	at com.kms.katalon.core.webui.keyword.internal.WebUIKeywordMain.stepFailed(WebUIKeywordMain.groovy:64)
	at com.kms.katalon.core.webui.keyword.builtin.VerifyElementTextKeyword$_verifyElementText_closure1.doCall(VerifyElementTextKeyword.groovy:64)
	at com.kms.katalon.core.webui.keyword.builtin.VerifyElementTextKeyword$_verifyElementText_closure1.call(VerifyElementTextKeyword.groovy)
	at com.kms.katalon.core.webui.keyword.internal.WebUIKeywordMain.runKeyword(WebUIKeywordMain.groovy:20)
	... 19 more
"/>
         <system-out><![CDATA[2020-09-15 14:27:15 - [TEST_CASE][FAILED] - Test Cases/WEB-UI-TESTS/Receipt/FDR-Receipts-FixStateReasons: Test Cases/WEB-UI-TESTS/Receipt/FDR-Receipts-FixStateReasons FAILED.
Reason:
com.kms.katalon.core.exception.StepFailedException: Verify element text of test object 'Object Repository/FDR-Receipt/FDR-ReceiptBatch/Fix/instructionsIncorrectDrawDate' FAILED.
	at com.kms.katalon.core.webui.keyword.internal.WebUIKeywordMain.stepFailed(WebUIKeywordMain.groovy:64)
	at com.kms.katalon.core.webui.keyword.internal.WebUIKeywordMain.runKeyword(WebUIKeywordMain.groovy:26)
	at com.kms.katalon.core.webui.keyword.builtin.VerifyElementTextKeyword.verifyElementText(VerifyElementTextKeyword.groovy:72)
	at com.kms.katalon.core.webui.keyword.builtin.VerifyElementTextKeyword.execute(VerifyElementTextKeyword.groovy:40)
	at com.kms.katalon.core.keyword.internal.KeywordExecutor.executeKeywordForPlatform(KeywordExecutor.groovy:73)
	at com.kms.katalon.core.webui.keyword.WebUiBuiltInKeywords.verifyElementText(WebUiBuiltInKeywords.groovy:3673)
	at com.kms.katalon.core.webui.keyword.WebUiBuiltInKeywords$verifyElementText$14.call(Unknown Source)
	at FDR-Receipts-FixStateReasons.run(FDR-Receipts-FixStateReasons:93)
	at com.kms.katalon.core.main.ScriptEngine.run(ScriptEngine.java:194)
	at com.kms.katalon.core.main.ScriptEngine.runScriptAsRawText(ScriptEngine.java:119)
	at com.kms.katalon.core.main.TestCaseExecutor.runScript(TestCaseExecutor.java:339)
	at com.kms.katalon.core.main.TestCaseExecutor.doExecute(TestCaseExecutor.java:330)
	at com.kms.katalon.core.main.TestCaseExecutor.processExecutionPhase(TestCaseExecutor.java:309)
	at com.kms.katalon.core.main.TestCaseExecutor.accessMainPhase(TestCaseExecutor.java:301)
	at com.kms.katalon.core.main.TestCaseExecutor.execute(TestCaseExecutor.java:235)
	at com.kms.katalon.core.main.TestSuiteExecutor.accessTestCaseMainPhase(TestSuiteExecutor.java:191)
	at com.kms.katalon.core.main.TestSuiteExecutor.accessTestSuiteMainPhase(TestSuiteExecutor.java:141)
	at com.kms.katalon.core.main.TestSuiteExecutor.execute(TestSuiteExecutor.java:90)
	at com.kms.katalon.core.main.TestCaseMain.startTestSuite(TestCaseMain.java:157)
	at com.kms.katalon.core.main.TestCaseMain$startTestSuite$0.call(Unknown Source)
	at TempTestSuite1600204928244.run(TempTestSuite1600204928244.groovy:39)
Caused by: com.kms.katalon.core.exception.StepFailedException: com.kms.katalon.core.webui.exception.WebElementNotFoundException: Web element with id: 'Object Repository/FDR-Receipt/FDR-ReceiptBatch/Fix/instructionsIncorrectDrawDate' located by '//span[contains(text(),'Incorrect')]' not found
	at com.kms.katalon.core.webui.keyword.internal.WebUIKeywordMain.stepFailed(WebUIKeywordMain.groovy:64)
	at com.kms.katalon.core.webui.keyword.builtin.VerifyElementTextKeyword$_verifyElementText_closure1.doCall(VerifyElementTextKeyword.groovy:64)
	at com.kms.katalon.core.webui.keyword.builtin.VerifyElementTextKeyword$_verifyElementText_closure1.call(VerifyElementTextKeyword.groovy)
	at com.kms.katalon.core.webui.keyword.internal.WebUIKeywordMain.runKeyword(WebUIKeywordMain.groovy:20)
	... 19 more


2020-09-15 14:27:15 - [TEST_STEP][PASSED] - Start listener action : sampleBeforeTestCase: Navigate to 'https://fdr-katalon.cammis-mod-dev.dhcs.ca.gov' successfully

2020-09-15 14:27:15 - [TEST_STEP][PASSED] - profileName = getExecutionProfile(): null

2020-09-15 14:27:15 - [TEST_STEP][PASSED] - switch (profileName): null

2020-09-15 14:27:15 - [TEST_STEP][PASSED] - testCaseId = testCaseContext.getTestCaseId(): null

2020-09-15 14:27:15 - [TEST_STEP][PASSED] - if (!(skipBeforeAndAfterTestCase)): Navigate to 'https://fdr-katalon.cammis-mod-dev.dhcs.ca.gov' successfully

2020-09-15 14:27:15 - [TEST_STEP][PASSED] - if (account7TestCases.contains(testCaseId)): Object: 'Object Repository/FDR-SignIn/SignInButton' is clicked on

2020-09-15 14:27:15 - [TEST_STEP][PASSED] - Uifunctions.loginFDR(accountsAdmin, accountsAdminPwd): Object: 'Object Repository/FDR-SignIn/SignInButton' is clicked on

2020-09-15 14:27:15 - [MESSAGE][INFO] - Starting 'Chrome' driver

2020-09-15 14:27:15 - [MESSAGE][INFO] - Action delay is set to 0 milliseconds

2020-09-15 14:27:19 - [MESSAGE][PASSED] - Browser is opened with url: ''

2020-09-15 14:27:21 - [MESSAGE][PASSED] - Current window maximized

2020-09-15 14:27:22 - [MESSAGE][PASSED] - Navigate to 'https://fdr-katalon.cammis-mod-dev.dhcs.ca.gov' successfully

2020-09-15 14:27:23 - [MESSAGE][PASSED] - Object 'Object Repository/FDR-SignIn/SignInEmail' is present

2020-09-15 14:27:24 - [MESSAGE][PASSED] - Object: 'Object Repository/FDR-SignIn/SignInEmail' is clicked on

2020-09-15 14:27:24 - [MESSAGE][PASSED] - Object 'Object Repository/FDR-SignIn/SignInEmail' is present

2020-09-15 14:27:24 - [MESSAGE][PASSED] - Text 'fdr.test4@dhcs.ca.gov' is set on object 'Object Repository/FDR-SignIn/SignInEmail'

2020-09-15 14:27:25 - [MESSAGE][PASSED] - Object 'Object Repository/FDR-SignIn/SignInEmailNext' is visible

2020-09-15 14:27:25 - [MESSAGE][PASSED] - Object: 'Object Repository/FDR-SignIn/SignInEmailNext' is clicked on

2020-09-15 14:27:28 - [MESSAGE][PASSED] - Object 'Object Repository/FDR-SignIn/SignInEmailPassword' is visible

2020-09-15 14:27:29 - [MESSAGE][PASSED] - Object: 'Object Repository/FDR-SignIn/SignInEmailPassword' is clicked on

2020-09-15 14:27:29 - [MESSAGE][PASSED] - Text ****** has been set on object 'Object Repository/FDR-SignIn/SignInEmailPassword'

2020-09-15 14:27:31 - [MESSAGE][PASSED] - Object: 'Object Repository/FDR-SignIn/SignInButton' is clicked on

2020-09-15 14:27:31 - [TEST_STEP][PASSED] - navigateToUrl(URL): Navigate to 'https://fdr-katalon.cammis-mod-dev.dhcs.ca.gov' successfully

2020-09-15 14:27:31 - [MESSAGE][PASSED] - Navigate to 'https://fdr-katalon.cammis-mod-dev.dhcs.ca.gov' successfully

2020-09-15 14:27:31 - [TEST_STEP][PASSED] - Start listener action : beforeTestCase: null

2020-09-15 14:27:31 - [TEST_STEP][PASSED] - profileName = getExecutionProfile(): null

2020-09-15 14:27:31 - [TEST_STEP][PASSED] - if (profileName.equalsIgnoreCase("SysAdmin")): null

2020-09-15 14:27:31 - [TEST_STEP][PASSED] - Start listener action : sampleBeforeTestCase: null

2020-09-15 14:27:31 - [TEST_STEP][PASSED] - profileName = getExecutionProfile(): null

2020-09-15 14:27:31 - [TEST_STEP][PASSED] - testCaseId = testCaseContext.getTestCaseId(): null

2020-09-15 14:27:31 - [TEST_STEP][PASSED] - switch (profileName): null

2020-09-15 14:27:31 - [TEST_STEP][PASSED] - Default: null

2020-09-15 14:27:31 - [TEST_STEP][PASSED] - return null: null

2020-09-15 14:27:31 - [TEST_STEP][PASSED] - Start listener action : executeRows: null

2020-09-15 14:27:32 - [TEST_STEP][PASSED] - d = Date().plus(1): null

2020-09-15 14:27:32 - [TEST_STEP][PASSED] - dd = Date().plus(2): null

2020-09-15 14:27:32 - [TEST_STEP][PASSED] - servicedatefrom = d.format("MM/dd/yyyy"): null

2020-09-15 14:27:32 - [TEST_STEP][PASSED] - servicedateto = dd.format("MM/dd/yyyy"): null

2020-09-15 14:27:32 - [TEST_STEP][PASSED] - originalwarrantdate = dd.format("MM/dd/yyyy"): null

2020-09-15 14:27:32 - [TEST_STEP][PASSED] - newDepositId = RandomStringUtils.randomNumeric(7): null

2020-09-15 14:27:32 - [TEST_STEP][PASSED] - editors.createReceipt(Drawdate, Paydate, newDepositId, ReceiptNotes, Remittance, Controller): Object: 'Object Repository/FDR-Receipt/FDR-Receipt-Header/View/buttonNext' is clicked on

2020-09-15 14:27:37 - [MESSAGE][INFO] - Unable to find the element located by 'By.xpath: //*[@data-id='button-link']//*[contains(text(),'Create New Voucher')]'. Please recheck the objects properties to make sure the desired element is located. 

2020-09-15 14:27:37 - [MESSAGE][WARNING] - Object 'Object Repository/FDR-Dashboard/createNewVoucherButton' is not present after 4 second(s)

2020-09-15 14:27:37 - [MESSAGE][PASSED] - Object 'Object Repository/FDR-Receipt/FDR-Receipt-Dashboard/createNew_ReceiptBatch_Button' is present

2020-09-15 14:27:38 - [MESSAGE][PASSED] - Object: 'Object Repository/FDR-Receipt/FDR-Receipt-Dashboard/createNew_ReceiptBatch_Button' is clicked on

2020-09-15 14:27:38 - [MESSAGE][PASSED] - Object 'Object Repository/FDR-Receipt/FDR-Receipt-Header/View/inputDrawDate' is present

2020-09-15 14:27:39 - [MESSAGE][PASSED] - Text '10/05/2020' is set on object 'Object Repository/FDR-Receipt/FDR-Receipt-Header/View/inputDrawDate'

2020-09-15 14:27:40 - [MESSAGE][PASSED] - Keys 'TAB + ENTER + ENTER + ' sent to object: 'Object Repository/FDR-Receipt/FDR-Receipt-Header/View/inputDrawDate'

2020-09-15 14:27:41 - [MESSAGE][PASSED] - Object 'Object Repository/FDR-Receipt/FDR-Receipt-Header/Edit/payDate' is present

2020-09-15 14:27:41 - [MESSAGE][PASSED] - Text '10/07/2020' is set on object 'Object Repository/FDR-Receipt/FDR-Receipt-Header/Edit/payDate'

2020-09-15 14:27:41 - [MESSAGE][PASSED] - Object 'Object Repository/FDR-Receipt/FDR-Receipt-Header/View/deposit ID' is present

2020-09-15 14:27:42 - [MESSAGE][PASSED] - Text '9381536' is set on object 'Object Repository/FDR-Receipt/FDR-Receipt-Header/View/deposit ID'

2020-09-15 14:27:43 - [MESSAGE][PASSED] - Object 'Object Repository/FDR-Receipt/FDR-ReceiptBatch/receiptNotes' is present

2020-09-15 14:27:44 - [MESSAGE][PASSED] - Text 'rqewrq' is set on object 'Object Repository/FDR-Receipt/FDR-ReceiptBatch/receiptNotes'

2020-09-15 14:27:44 - [MESSAGE][PASSED] - Object 'Object Repository/FDR-Receipt/FDR-Receipt-Header/Edit/remmitanceAdviceInput' is present

2020-09-15 14:27:45 - [MESSAGE][PASSED] - Keys '1234' sent to object: 'Object Repository/FDR-Receipt/FDR-Receipt-Header/Edit/remmitanceAdviceInput'

2020-09-15 14:27:45 - [MESSAGE][PASSED] - Object 'Object Repository/FDR-Receipt/FDR-Receipt-Header/Edit/controllerReceiptInput' is present

2020-09-15 14:27:45 - [MESSAGE][PASSED] - Keys '4567' sent to object: 'Object Repository/FDR-Receipt/FDR-Receipt-Header/Edit/controllerReceiptInput'

2020-09-15 14:27:46 - [MESSAGE][PASSED] - Object 'Object Repository/FDR-Receipt/FDR-Receipt-Header/View/buttonNext' is present

2020-09-15 14:27:46 - [MESSAGE][PASSED] - Object: 'Object Repository/FDR-Receipt/FDR-Receipt-Header/View/buttonNext' is clicked on

2020-09-15 14:27:46 - [TEST_STEP][PASSED] - editors.createReceiptline(ReceiptID, SupplierID, DepositDate): Object: 'Object Repository/FDR-Receipt/FDR-Receipt-Checkline/View/addReceipt_Button2' is clicked on

2020-09-15 14:27:47 - [MESSAGE][PASSED] - Object 'Object Repository/FDR-Receipt/FDR-Receipt-Checkline/View/receipt_ID' is present

2020-09-15 14:27:48 - [MESSAGE][PASSED] - Keys 'CHK10322' sent to object: 'Object Repository/FDR-Receipt/FDR-Receipt-Checkline/View/receipt_ID'

2020-09-15 14:27:48 - [MESSAGE][PASSED] - Object 'Object Repository/FDR-Receipt/FDR-Receipt-Checkline/View/supplier_Id' is present

2020-09-15 14:27:48 - [MESSAGE][PASSED] - Object: 'Object Repository/FDR-Receipt/FDR-Receipt-Checkline/View/supplier_Id' is clicked on

2020-09-15 14:27:49 - [MESSAGE][PASSED] - Keys '0000007954' sent to object: 'Object Repository/FDR-Receipt/FDR-Receipt-Checkline/View/supplier_Id'

2020-09-15 14:27:49 - [MESSAGE][PASSED] - Keys 'DOWN + ENTER + ' sent to object: 'Object Repository/FDR-Receipt/FDR-Receipt-Checkline/View/supplier_Id'

2020-09-15 14:27:50 - [MESSAGE][PASSED] - Object 'Object Repository/FDR-Receipt/FDR-Receipt-Checkline/View/deposit_Date' is present

2020-09-15 14:27:50 - [MESSAGE][PASSED] - Keys '02/24/2020' sent to object: 'Object Repository/FDR-Receipt/FDR-Receipt-Checkline/View/deposit_Date'

2020-09-15 14:27:56 - [MESSAGE][INFO] - Unable to find the element located by 'By.xpath: //*[@data-id='button-link']//*[contains(text(),'Create New Voucher')]'. Please recheck the objects properties to make sure the desired element is located. 

2020-09-15 14:27:56 - [MESSAGE][WARNING] - Object 'Object Repository/FDR-Dashboard/createNewVoucherButton' is not present after 4 second(s)

2020-09-15 14:27:56 - [MESSAGE][PASSED] - Object 'Object Repository/FDR-Receipt/FDR-Receipt-Checkline/View/addReceipt_Button2' is present

2020-09-15 14:27:56 - [MESSAGE][PASSED] - Object: 'Object Repository/FDR-Receipt/FDR-Receipt-Checkline/View/addReceipt_Button2' is clicked on

2020-09-15 14:27:56 - [TEST_STEP][PASSED] - waitForElementPresent(findTestObject("FDR-Receipt/FDR-ReceiptBatch/Fix/reviewButton"), 5): Object 'Object Repository/FDR-Receipt/FDR-ReceiptBatch/Fix/reviewButton' is present

2020-09-15 14:27:57 - [MESSAGE][PASSED] - Object 'Object Repository/FDR-Receipt/FDR-ReceiptBatch/Fix/reviewButton' is present

2020-09-15 14:27:57 - [TEST_STEP][PASSED] - click(findTestObject("FDR-Receipt/FDR-ReceiptBatch/Fix/reviewButton")): Object: 'Object Repository/FDR-Receipt/FDR-ReceiptBatch/Fix/reviewButton' is clicked on

2020-09-15 14:27:57 - [MESSAGE][PASSED] - Object: 'Object Repository/FDR-Receipt/FDR-ReceiptBatch/Fix/reviewButton' is clicked on

2020-09-15 14:27:57 - [TEST_STEP][PASSED] - waitForElementPresent(findTestObject("FDR-Receipt/FDR-ReceiptBatch/Review-Receipt/button_Submitforapproval"), 2): Object 'Object Repository/FDR-Receipt/FDR-ReceiptBatch/Review-Receipt/button_Submitforapproval' is present

2020-09-15 14:27:57 - [MESSAGE][PASSED] - Object 'Object Repository/FDR-Receipt/FDR-ReceiptBatch/Review-Receipt/button_Submitforapproval' is present

2020-09-15 14:27:57 - [TEST_STEP][PASSED] - click(findTestObject("FDR-Receipt/FDR-ReceiptBatch/Review-Receipt/button_Submitforapproval")): Object: 'Object Repository/FDR-Receipt/FDR-ReceiptBatch/Review-Receipt/button_Submitforapproval' is clicked on

2020-09-15 14:27:58 - [MESSAGE][PASSED] - Object: 'Object Repository/FDR-Receipt/FDR-ReceiptBatch/Review-Receipt/button_Submitforapproval' is clicked on

2020-09-15 14:27:58 - [TEST_STEP][PASSED] - waitForElementPresent(findTestObject("FDR-Receipt/FDR-Receipt-Dashboard/filterValidatebatch"), 2): Object 'Object Repository/FDR-Receipt/FDR-Receipt-Dashboard/filterValidatebatch' is present

2020-09-15 14:27:59 - [MESSAGE][PASSED] - Object 'Object Repository/FDR-Receipt/FDR-Receipt-Dashboard/filterValidatebatch' is present

2020-09-15 14:27:59 - [TEST_STEP][PASSED] - waitForElementClickable(findTestObject("FDR-Receipt/FDR-Receipt-Dashboard/filterValidatebatch"), 10): Object 'Object Repository/FDR-Receipt/FDR-Receipt-Dashboard/filterValidatebatch' is clickable

2020-09-15 14:27:59 - [MESSAGE][PASSED] - Object 'Object Repository/FDR-Receipt/FDR-Receipt-Dashboard/filterValidatebatch' is clickable

2020-09-15 14:27:59 - [TEST_STEP][PASSED] - click(findTestObject("FDR-Receipt/FDR-Receipt-Dashboard/filterValidatebatch")): Object: 'Object Repository/FDR-Receipt/FDR-Receipt-Dashboard/filterValidatebatch' is clicked on

2020-09-15 14:28:00 - [MESSAGE][PASSED] - Object: 'Object Repository/FDR-Receipt/FDR-Receipt-Dashboard/filterValidatebatch' is clicked on

2020-09-15 14:28:00 - [TEST_STEP][PASSED] - waitForElementPresent(findTestObject("FDR-Receipt/FDR-Receipt-Dashboard/buttonValidate"), 2): Object 'Object Repository/FDR-Receipt/FDR-Receipt-Dashboard/buttonValidate' is present

2020-09-15 14:28:01 - [MESSAGE][PASSED] - Object 'Object Repository/FDR-Receipt/FDR-Receipt-Dashboard/buttonValidate' is present

2020-09-15 14:28:01 - [TEST_STEP][PASSED] - click(findTestObject("FDR-Receipt/FDR-Receipt-Dashboard/buttonValidate")): Object: 'Object Repository/FDR-Receipt/FDR-Receipt-Dashboard/buttonValidate' is clicked on

2020-09-15 14:28:02 - [MESSAGE][PASSED] - Object: 'Object Repository/FDR-Receipt/FDR-Receipt-Dashboard/buttonValidate' is clicked on

2020-09-15 14:28:02 - [TEST_STEP][PASSED] - waitForElementPresent(findTestObject("FDR-Receipt/FDR-ReceiptBatch/Review-Receipt/button_Reject"), 5): Object 'Object Repository/FDR-Receipt/FDR-ReceiptBatch/Review-Receipt/button_Reject' is present

2020-09-15 14:28:02 - [MESSAGE][PASSED] - Object 'Object Repository/FDR-Receipt/FDR-ReceiptBatch/Review-Receipt/button_Reject' is present

2020-09-15 14:28:02 - [TEST_STEP][PASSED] - click(findTestObject("FDR-Receipt/FDR-ReceiptBatch/Review-Receipt/button_Reject")): Object: 'Object Repository/FDR-Receipt/FDR-ReceiptBatch/Review-Receipt/button_Reject' is clicked on

2020-09-15 14:28:03 - [MESSAGE][PASSED] - Object: 'Object Repository/FDR-Receipt/FDR-ReceiptBatch/Review-Receipt/button_Reject' is clicked on

2020-09-15 14:28:03 - [TEST_STEP][PASSED] - waitForElementPresent(findTestObject("FDR-Receipt/FDR-ReceiptBatch/Review-Receipt/incorrectDrawDate"), 5): Object 'Object Repository/FDR-Receipt/FDR-ReceiptBatch/Review-Receipt/incorrectDrawDate' is present

2020-09-15 14:28:03 - [MESSAGE][PASSED] - Object 'Object Repository/FDR-Receipt/FDR-ReceiptBatch/Review-Receipt/incorrectDrawDate' is present

2020-09-15 14:28:03 - [TEST_STEP][PASSED] - click(findTestObject("FDR-Receipt/FDR-ReceiptBatch/Review-Receipt/incorrectDrawDate")): Object: 'Object Repository/FDR-Receipt/FDR-ReceiptBatch/Review-Receipt/incorrectDrawDate' is clicked on

2020-09-15 14:28:04 - [MESSAGE][PASSED] - Object: 'Object Repository/FDR-Receipt/FDR-ReceiptBatch/Review-Receipt/incorrectDrawDate' is clicked on

2020-09-15 14:28:04 - [TEST_STEP][PASSED] - waitForElementPresent(findTestObject("FDR-Receipt/FDR-ReceiptBatch/Review-Receipt/button_RejectReceiptBatch"), 2): Object 'Object Repository/FDR-Receipt/FDR-ReceiptBatch/Review-Receipt/button_RejectReceiptBatch' is present

2020-09-15 14:28:04 - [MESSAGE][PASSED] - Object 'Object Repository/FDR-Receipt/FDR-ReceiptBatch/Review-Receipt/button_RejectReceiptBatch' is present

2020-09-15 14:28:04 - [TEST_STEP][PASSED] - click(findTestObject("FDR-Receipt/FDR-ReceiptBatch/Review-Receipt/button_RejectReceiptBatch")): Object: 'Object Repository/FDR-Receipt/FDR-ReceiptBatch/Review-Receipt/button_RejectReceiptBatch' is clicked on

2020-09-15 14:28:04 - [MESSAGE][PASSED] - Object: 'Object Repository/FDR-Receipt/FDR-ReceiptBatch/Review-Receipt/button_RejectReceiptBatch' is clicked on

2020-09-15 14:28:04 - [TEST_STEP][PASSED] - waitForElementPresent(findTestObject("FDR-Receipt/FDR-ReceiptBatch/Fix/clearButton"), 5): Object 'Object Repository/FDR-Receipt/FDR-ReceiptBatch/Fix/clearButton' is present

2020-09-15 14:28:06 - [MESSAGE][PASSED] - Object 'Object Repository/FDR-Receipt/FDR-ReceiptBatch/Fix/clearButton' is present

2020-09-15 14:28:06 - [TEST_STEP][PASSED] - click(findTestObject("FDR-Receipt/FDR-ReceiptBatch/Fix/clearButton")): Object: 'Object Repository/FDR-Receipt/FDR-ReceiptBatch/Fix/clearButton' is clicked on

2020-09-15 14:28:06 - [MESSAGE][PASSED] - Object: 'Object Repository/FDR-Receipt/FDR-ReceiptBatch/Fix/clearButton' is clicked on

2020-09-15 14:28:06 - [TEST_STEP][PASSED] - waitForElementPresent(findTestObject("FDR-Receipt/FDR-ReceiptBatch/Fix/fixBatchButton"), 5): Object 'Object Repository/FDR-Receipt/FDR-ReceiptBatch/Fix/fixBatchButton' is present

2020-09-15 14:28:07 - [MESSAGE][PASSED] - Object 'Object Repository/FDR-Receipt/FDR-ReceiptBatch/Fix/fixBatchButton' is present

2020-09-15 14:28:07 - [TEST_STEP][PASSED] - click(findTestObject("FDR-Receipt/FDR-ReceiptBatch/Fix/fixBatchButton")): Object: 'Object Repository/FDR-Receipt/FDR-ReceiptBatch/Fix/fixBatchButton' is clicked on

2020-09-15 14:28:07 - [MESSAGE][PASSED] - Object: 'Object Repository/FDR-Receipt/FDR-ReceiptBatch/Fix/fixBatchButton' is clicked on

2020-09-15 14:28:07 - [TEST_STEP][PASSED] - waitForElementPresent(findTestObject("FDR-Receipt/FDR-ReceiptBatch/Fix/fixButton"), 5): Object 'Object Repository/FDR-Receipt/FDR-ReceiptBatch/Fix/fixButton' is present

2020-09-15 14:28:08 - [MESSAGE][PASSED] - Object 'Object Repository/FDR-Receipt/FDR-ReceiptBatch/Fix/fixButton' is present

2020-09-15 14:28:08 - [TEST_STEP][PASSED] - click(findTestObject("FDR-Receipt/FDR-ReceiptBatch/Fix/fixButton")): Object: 'Object Repository/FDR-Receipt/FDR-ReceiptBatch/Fix/fixButton' is clicked on

2020-09-15 14:28:09 - [MESSAGE][PASSED] - Object: 'Object Repository/FDR-Receipt/FDR-ReceiptBatch/Fix/fixButton' is clicked on

2020-09-15 14:28:09 - [TEST_STEP][PASSED] - waitForElementPresent(findTestObject("FDR-Dashboard/createNewVoucherButton"), 4): Object 'Object Repository/FDR-Dashboard/createNewVoucherButton' is not present after 4 second(s)

2020-09-15 14:28:14 - [MESSAGE][INFO] - Unable to find the element located by 'By.xpath: //*[@data-id='button-link']//*[contains(text(),'Create New Voucher')]'. Please recheck the objects properties to make sure the desired element is located. 

2020-09-15 14:28:14 - [MESSAGE][WARNING] - Object 'Object Repository/FDR-Dashboard/createNewVoucherButton' is not present after 4 second(s)

2020-09-15 14:28:14 - [TEST_STEP][PASSED] - instructionsLabel = "INSTRUCTIONS FOR FIXING THIS RECEIPT": null

2020-09-15 14:28:14 - [TEST_STEP][PASSED] - verifyElementText(findTestObject("FDR-Receipt/FDR-ReceiptBatch/Fix/instructionsLabel"), instructionsLabel, STOP_ON_FAILURE): Actual text and expected text of test object 'Object Repository/FDR-Receipt/FDR-ReceiptBatch/Fix/instructionsLabel' are matched.

2020-09-15 14:28:14 - [MESSAGE][PASSED] - Actual text and expected text of test object 'Object Repository/FDR-Receipt/FDR-ReceiptBatch/Fix/instructionsLabel' are matched.

2020-09-15 14:28:14 - [TEST_STEP][PASSED] - instructionsIncorrectDrawDate = "Incorrect Draw Date": null

2020-09-15 14:28:14 - [TEST_STEP][FAILED] - verifyElementText(findTestObject("FDR-Receipt/FDR-ReceiptBatch/Fix/instructionsIncorrectDrawDate"), instructionsIncorrectDrawDate, STOP_ON_FAILURE): Verify element text of test object 'Object Repository/FDR-Receipt/FDR-ReceiptBatch/Fix/instructionsIncorrectDrawDate' FAILED. (Root cause: com.kms.katalon.core.exception.StepFailedException: Verify element text of test object 'Object Repository/FDR-Receipt/FDR-ReceiptBatch/Fix/instructionsIncorrectDrawDate' FAILED.
	at com.kms.katalon.core.webui.keyword.internal.WebUIKeywordMain.stepFailed(WebUIKeywordMain.groovy:64)
	at com.kms.katalon.core.webui.keyword.internal.WebUIKeywordMain.runKeyword(WebUIKeywordMain.groovy:26)
	at com.kms.katalon.core.webui.keyword.builtin.VerifyElementTextKeyword.verifyElementText(VerifyElementTextKeyword.groovy:72)
	at com.kms.katalon.core.webui.keyword.builtin.VerifyElementTextKeyword.execute(VerifyElementTextKeyword.groovy:40)
	at com.kms.katalon.core.keyword.internal.KeywordExecutor.executeKeywordForPlatform(KeywordExecutor.groovy:73)
	at com.kms.katalon.core.webui.keyword.WebUiBuiltInKeywords.verifyElementText(WebUiBuiltInKeywords.groovy:3673)
	at com.kms.katalon.core.webui.keyword.WebUiBuiltInKeywords$verifyElementText$14.call(Unknown Source)
	at FDR-Receipts-FixStateReasons.run(FDR-Receipts-FixStateReasons:93)
	at com.kms.katalon.core.main.ScriptEngine.run(ScriptEngine.java:194)
	at com.kms.katalon.core.main.ScriptEngine.runScriptAsRawText(ScriptEngine.java:119)
	at com.kms.katalon.core.main.TestCaseExecutor.runScript(TestCaseExecutor.java:339)
	at com.kms.katalon.core.main.TestCaseExecutor.doExecute(TestCaseExecutor.java:330)
	at com.kms.katalon.core.main.TestCaseExecutor.processExecutionPhase(TestCaseExecutor.java:309)
	at com.kms.katalon.core.main.TestCaseExecutor.accessMainPhase(TestCaseExecutor.java:301)
	at com.kms.katalon.core.main.TestCaseExecutor.execute(TestCaseExecutor.java:235)
	at com.kms.katalon.core.main.TestSuiteExecutor.accessTestCaseMainPhase(TestSuiteExecutor.java:191)
	at com.kms.katalon.core.main.TestSuiteExecutor.accessTestSuiteMainPhase(TestSuiteExecutor.java:141)
	at com.kms.katalon.core.main.TestSuiteExecutor.execute(TestSuiteExecutor.java:90)
	at com.kms.katalon.core.main.TestCaseMain.startTestSuite(TestCaseMain.java:157)
	at com.kms.katalon.core.main.TestCaseMain$startTestSuite$0.call(Unknown Source)
	at TempTestSuite1600204928244.run(TempTestSuite1600204928244.groovy:39)
Caused by: com.kms.katalon.core.exception.StepFailedException: com.kms.katalon.core.webui.exception.WebElementNotFoundException: Web element with id: 'Object Repository/FDR-Receipt/FDR-ReceiptBatch/Fix/instructionsIncorrectDrawDate' located by '//span[contains(text(),'Incorrect')]' not found
	at com.kms.katalon.core.webui.keyword.internal.WebUIKeywordMain.stepFailed(WebUIKeywordMain.groovy:64)
	at com.kms.katalon.core.webui.keyword.builtin.VerifyElementTextKeyword$_verifyElementText_closure1.doCall(VerifyElementTextKeyword.groovy:64)
	at com.kms.katalon.core.webui.keyword.builtin.VerifyElementTextKeyword$_verifyElementText_closure1.call(VerifyElementTextKeyword.groovy)
	at com.kms.katalon.core.webui.keyword.internal.WebUIKeywordMain.runKeyword(WebUIKeywordMain.groovy:20)
	... 19 more
)

2020-09-15 14:28:18 - [MESSAGE][INFO] - Unable to find the element located by 'By.xpath: //span[contains(text(),'Incorrect')]'. Please recheck the objects properties to make sure the desired element is located. 

2020-09-15 14:28:19 - [MESSAGE][FAILED] - com.kms.katalon.core.webui.exception.WebElementNotFoundException: Web element with id: 'Object Repository/FDR-Receipt/FDR-ReceiptBatch/Fix/instructionsIncorrectDrawDate' located by '//span[contains(text(),'Incorrect')]' not found (Root cause: com.kms.katalon.core.exception.StepFailedException: com.kms.katalon.core.webui.exception.WebElementNotFoundException: Web element with id: 'Object Repository/FDR-Receipt/FDR-ReceiptBatch/Fix/instructionsIncorrectDrawDate' located by '//span[contains(text(),'Incorrect')]' not found
	at com.kms.katalon.core.webui.keyword.internal.WebUIKeywordMain.stepFailed(WebUIKeywordMain.groovy:64)
	at com.kms.katalon.core.webui.keyword.builtin.VerifyElementTextKeyword$_verifyElementText_closure1.doCall(VerifyElementTextKeyword.groovy:64)
	at com.kms.katalon.core.webui.keyword.builtin.VerifyElementTextKeyword$_verifyElementText_closure1.call(VerifyElementTextKeyword.groovy)
	at com.kms.katalon.core.webui.keyword.internal.WebUIKeywordMain.runKeyword(WebUIKeywordMain.groovy:20)
	at com.kms.katalon.core.webui.keyword.builtin.VerifyElementTextKeyword.verifyElementText(VerifyElementTextKeyword.groovy:72)
	at com.kms.katalon.core.webui.keyword.builtin.VerifyElementTextKeyword.execute(VerifyElementTextKeyword.groovy:40)
	at com.kms.katalon.core.keyword.internal.KeywordExecutor.executeKeywordForPlatform(KeywordExecutor.groovy:73)
	at com.kms.katalon.core.webui.keyword.WebUiBuiltInKeywords.verifyElementText(WebUiBuiltInKeywords.groovy:3673)
	at com.kms.katalon.core.webui.keyword.WebUiBuiltInKeywords$verifyElementText$14.call(Unknown Source)
	at FDR-Receipts-FixStateReasons.run(FDR-Receipts-FixStateReasons:93)
	at com.kms.katalon.core.main.ScriptEngine.run(ScriptEngine.java:194)
	at com.kms.katalon.core.main.ScriptEngine.runScriptAsRawText(ScriptEngine.java:119)
	at com.kms.katalon.core.main.TestCaseExecutor.runScript(TestCaseExecutor.java:339)
	at com.kms.katalon.core.main.TestCaseExecutor.doExecute(TestCaseExecutor.java:330)
	at com.kms.katalon.core.main.TestCaseExecutor.processExecutionPhase(TestCaseExecutor.java:309)
	at com.kms.katalon.core.main.TestCaseExecutor.accessMainPhase(TestCaseExecutor.java:301)
	at com.kms.katalon.core.main.TestCaseExecutor.execute(TestCaseExecutor.java:235)
	at com.kms.katalon.core.main.TestSuiteExecutor.accessTestCaseMainPhase(TestSuiteExecutor.java:191)
	at com.kms.katalon.core.main.TestSuiteExecutor.accessTestSuiteMainPhase(TestSuiteExecutor.java:141)
	at com.kms.katalon.core.main.TestSuiteExecutor.execute(TestSuiteExecutor.java:90)
	at com.kms.katalon.core.main.TestCaseMain.startTestSuite(TestCaseMain.java:157)
	at com.kms.katalon.core.main.TestCaseMain$startTestSuite$0.call(Unknown Source)
	at TempTestSuite1600204928244.run(TempTestSuite1600204928244.groovy:39)
)
[[ATTACHMENT|C:\\fdr-automation-develop_08_25_2020\\Reports\\20200915_142206\\Receipt-Integration_Suite\\20200915_142208\\1600205298685.png]]

2020-09-15 14:28:19 - [MESSAGE][FAILED] - Verify element text of test object 'Object Repository/FDR-Receipt/FDR-ReceiptBatch/Fix/instructionsIncorrectDrawDate' FAILED. (Root cause: com.kms.katalon.core.exception.StepFailedException: Verify element text of test object 'Object Repository/FDR-Receipt/FDR-ReceiptBatch/Fix/instructionsIncorrectDrawDate' FAILED.
	at com.kms.katalon.core.webui.keyword.internal.WebUIKeywordMain.stepFailed(WebUIKeywordMain.groovy:64)
	at com.kms.katalon.core.webui.keyword.internal.WebUIKeywordMain.runKeyword(WebUIKeywordMain.groovy:26)
	at com.kms.katalon.core.webui.keyword.builtin.VerifyElementTextKeyword.verifyElementText(VerifyElementTextKeyword.groovy:72)
	at com.kms.katalon.core.webui.keyword.builtin.VerifyElementTextKeyword.execute(VerifyElementTextKeyword.groovy:40)
	at com.kms.katalon.core.keyword.internal.KeywordExecutor.executeKeywordForPlatform(KeywordExecutor.groovy:73)
	at com.kms.katalon.core.webui.keyword.WebUiBuiltInKeywords.verifyElementText(WebUiBuiltInKeywords.groovy:3673)
	at com.kms.katalon.core.webui.keyword.WebUiBuiltInKeywords$verifyElementText$14.call(Unknown Source)
	at FDR-Receipts-FixStateReasons.run(FDR-Receipts-FixStateReasons:93)
	at com.kms.katalon.core.main.ScriptEngine.run(ScriptEngine.java:194)
	at com.kms.katalon.core.main.ScriptEngine.runScriptAsRawText(ScriptEngine.java:119)
	at com.kms.katalon.core.main.TestCaseExecutor.runScript(TestCaseExecutor.java:339)
	at com.kms.katalon.core.main.TestCaseExecutor.doExecute(TestCaseExecutor.java:330)
	at com.kms.katalon.core.main.TestCaseExecutor.processExecutionPhase(TestCaseExecutor.java:309)
	at com.kms.katalon.core.main.TestCaseExecutor.accessMainPhase(TestCaseExecutor.java:301)
	at com.kms.katalon.core.main.TestCaseExecutor.execute(TestCaseExecutor.java:235)
	at com.kms.katalon.core.main.TestSuiteExecutor.accessTestCaseMainPhase(TestSuiteExecutor.java:191)
	at com.kms.katalon.core.main.TestSuiteExecutor.accessTestSuiteMainPhase(TestSuiteExecutor.java:141)
	at com.kms.katalon.core.main.TestSuiteExecutor.execute(TestSuiteExecutor.java:90)
	at com.kms.katalon.core.main.TestCaseMain.startTestSuite(TestCaseMain.java:157)
	at com.kms.katalon.core.main.TestCaseMain$startTestSuite$0.call(Unknown Source)
	at TempTestSuite1600204928244.run(TempTestSuite1600204928244.groovy:39)
Caused by: com.kms.katalon.core.exception.StepFailedException: com.kms.katalon.core.webui.exception.WebElementNotFoundException: Web element with id: 'Object Repository/FDR-Receipt/FDR-ReceiptBatch/Fix/instructionsIncorrectDrawDate' located by '//span[contains(text(),'Incorrect')]' not found
	at com.kms.katalon.core.webui.keyword.internal.WebUIKeywordMain.stepFailed(WebUIKeywordMain.groovy:64)
	at com.kms.katalon.core.webui.keyword.builtin.VerifyElementTextKeyword$_verifyElementText_closure1.doCall(VerifyElementTextKeyword.groovy:64)
	at com.kms.katalon.core.webui.keyword.builtin.VerifyElementTextKeyword$_verifyElementText_closure1.call(VerifyElementTextKeyword.groovy)
	at com.kms.katalon.core.webui.keyword.internal.WebUIKeywordMain.runKeyword(WebUIKeywordMain.groovy:20)
	... 19 more
)
[[ATTACHMENT|C:\\fdr-automation-develop_08_25_2020\\Reports\\20200915_142206\\Receipt-Integration_Suite\\20200915_142208\\1600205299017.png]]

2020-09-15 14:28:19 - [TEST_STEP][PASSED] - Start listener action : sampleAfterTestCase: Browser is closed

2020-09-15 14:28:19 - [TEST_STEP][PASSED] - profileName = getExecutionProfile(): null

2020-09-15 14:28:19 - [TEST_STEP][PASSED] - switch (profileName): null

2020-09-15 14:28:19 - [TEST_STEP][PASSED] - if (!(skipBeforeAndAfterTestCase)): Browser is closed

2020-09-15 14:28:19 - [TEST_STEP][PASSED] - Uifunctions.logoutFDR(): Browser is closed

2020-09-15 14:28:19 - [MESSAGE][PASSED] - Browser is closed

2020-09-15 14:28:19 - [TEST_STEP][PASSED] - Start listener action : afterTestCase: null

2020-09-15 14:28:19 - [TEST_STEP][PASSED] - profileName = getExecutionProfile(): null

2020-09-15 14:28:19 - [TEST_STEP][PASSED] - if (profileName.equalsIgnoreCase("SysAdmin")): null

2020-09-15 14:28:19 - [TEST_STEP][PASSED] - Start listener action : sampleAfterTestCase: null

2020-09-15 14:28:19 - [TEST_STEP][PASSED] - profileName = getExecutionProfile(): null

2020-09-15 14:28:19 - [TEST_STEP][PASSED] - switch (profileName): null

2020-09-15 14:28:19 - [TEST_STEP][PASSED] - Default: null

2020-09-15 14:28:19 - [TEST_STEP][PASSED] - return null: null

2020-09-15 14:28:19 - [TEST_STEP][PASSED] - Start listener action : addFailedTCToList: null]]></system-out>
         <system-err><![CDATA[2020-09-15 14:27:15 - [TEST_CASE][FAILED] - Test Cases/WEB-UI-TESTS/Receipt/FDR-Receipts-FixStateReasons: Test Cases/WEB-UI-TESTS/Receipt/FDR-Receipts-FixStateReasons FAILED.
Reason:
com.kms.katalon.core.exception.StepFailedException: Verify element text of test object 'Object Repository/FDR-Receipt/FDR-ReceiptBatch/Fix/instructionsIncorrectDrawDate' FAILED.
	at com.kms.katalon.core.webui.keyword.internal.WebUIKeywordMain.stepFailed(WebUIKeywordMain.groovy:64)
	at com.kms.katalon.core.webui.keyword.internal.WebUIKeywordMain.runKeyword(WebUIKeywordMain.groovy:26)
	at com.kms.katalon.core.webui.keyword.builtin.VerifyElementTextKeyword.verifyElementText(VerifyElementTextKeyword.groovy:72)
	at com.kms.katalon.core.webui.keyword.builtin.VerifyElementTextKeyword.execute(VerifyElementTextKeyword.groovy:40)
	at com.kms.katalon.core.keyword.internal.KeywordExecutor.executeKeywordForPlatform(KeywordExecutor.groovy:73)
	at com.kms.katalon.core.webui.keyword.WebUiBuiltInKeywords.verifyElementText(WebUiBuiltInKeywords.groovy:3673)
	at com.kms.katalon.core.webui.keyword.WebUiBuiltInKeywords$verifyElementText$14.call(Unknown Source)
	at FDR-Receipts-FixStateReasons.run(FDR-Receipts-FixStateReasons:93)
	at com.kms.katalon.core.main.ScriptEngine.run(ScriptEngine.java:194)
	at com.kms.katalon.core.main.ScriptEngine.runScriptAsRawText(ScriptEngine.java:119)
	at com.kms.katalon.core.main.TestCaseExecutor.runScript(TestCaseExecutor.java:339)
	at com.kms.katalon.core.main.TestCaseExecutor.doExecute(TestCaseExecutor.java:330)
	at com.kms.katalon.core.main.TestCaseExecutor.processExecutionPhase(TestCaseExecutor.java:309)
	at com.kms.katalon.core.main.TestCaseExecutor.accessMainPhase(TestCaseExecutor.java:301)
	at com.kms.katalon.core.main.TestCaseExecutor.execute(TestCaseExecutor.java:235)
	at com.kms.katalon.core.main.TestSuiteExecutor.accessTestCaseMainPhase(TestSuiteExecutor.java:191)
	at com.kms.katalon.core.main.TestSuiteExecutor.accessTestSuiteMainPhase(TestSuiteExecutor.java:141)
	at com.kms.katalon.core.main.TestSuiteExecutor.execute(TestSuiteExecutor.java:90)
	at com.kms.katalon.core.main.TestCaseMain.startTestSuite(TestCaseMain.java:157)
	at com.kms.katalon.core.main.TestCaseMain$startTestSuite$0.call(Unknown Source)
	at TempTestSuite1600204928244.run(TempTestSuite1600204928244.groovy:39)
Caused by: com.kms.katalon.core.exception.StepFailedException: com.kms.katalon.core.webui.exception.WebElementNotFoundException: Web element with id: 'Object Repository/FDR-Receipt/FDR-ReceiptBatch/Fix/instructionsIncorrectDrawDate' located by '//span[contains(text(),'Incorrect')]' not found
	at com.kms.katalon.core.webui.keyword.internal.WebUIKeywordMain.stepFailed(WebUIKeywordMain.groovy:64)
	at com.kms.katalon.core.webui.keyword.builtin.VerifyElementTextKeyword$_verifyElementText_closure1.doCall(VerifyElementTextKeyword.groovy:64)
	at com.kms.katalon.core.webui.keyword.builtin.VerifyElementTextKeyword$_verifyElementText_closure1.call(VerifyElementTextKeyword.groovy)
	at com.kms.katalon.core.webui.keyword.internal.WebUIKeywordMain.runKeyword(WebUIKeywordMain.groovy:20)
	... 19 more]]></system-err>
      </testcase>
      <testcase name="Test Cases/WEB-UI-TESTS/Receipt/FDR-Validate-Receipt-RA-CR-checkMarked" time="35.264" classname="Test Cases/WEB-UI-TESTS/Receipt/FDR-Validate-Receipt-RA-CR-checkMarked" status="PASSED">
         <system-out><![CDATA[2020-09-15 14:28:20 - [TEST_CASE][PASSED] - Test Cases/WEB-UI-TESTS/Receipt/FDR-Validate-Receipt-RA-CR-checkMarked: Test Cases/WEB-UI-TESTS/Receipt/FDR-Validate-Receipt-RA-CR-checkMarked

2020-09-15 14:28:20 - [TEST_STEP][PASSED] - Start listener action : sampleBeforeTestCase: Navigate to 'https://fdr-katalon.cammis-mod-dev.dhcs.ca.gov' successfully

2020-09-15 14:28:20 - [TEST_STEP][PASSED] - profileName = getExecutionProfile(): null

2020-09-15 14:28:20 - [TEST_STEP][PASSED] - switch (profileName): null

2020-09-15 14:28:20 - [TEST_STEP][PASSED] - testCaseId = testCaseContext.getTestCaseId(): null

2020-09-15 14:28:20 - [TEST_STEP][PASSED] - if (!(skipBeforeAndAfterTestCase)): Navigate to 'https://fdr-katalon.cammis-mod-dev.dhcs.ca.gov' successfully

2020-09-15 14:28:20 - [TEST_STEP][PASSED] - if (account7TestCases.contains(testCaseId)): Object: 'Object Repository/FDR-SignIn/SignInButton' is clicked on

2020-09-15 14:28:20 - [TEST_STEP][PASSED] - Uifunctions.loginFDR(accountsAdmin, accountsAdminPwd): Object: 'Object Repository/FDR-SignIn/SignInButton' is clicked on

2020-09-15 14:28:20 - [MESSAGE][INFO] - Starting 'Chrome' driver

2020-09-15 14:28:20 - [MESSAGE][INFO] - Action delay is set to 0 milliseconds

2020-09-15 14:28:23 - [MESSAGE][PASSED] - Browser is opened with url: ''

2020-09-15 14:28:25 - [MESSAGE][PASSED] - Current window maximized

2020-09-15 14:28:29 - [MESSAGE][PASSED] - Navigate to 'https://fdr-katalon.cammis-mod-dev.dhcs.ca.gov' successfully

2020-09-15 14:28:30 - [MESSAGE][PASSED] - Object 'Object Repository/FDR-SignIn/SignInEmail' is present

2020-09-15 14:28:31 - [MESSAGE][PASSED] - Object: 'Object Repository/FDR-SignIn/SignInEmail' is clicked on

2020-09-15 14:28:31 - [MESSAGE][PASSED] - Object 'Object Repository/FDR-SignIn/SignInEmail' is present

2020-09-15 14:28:32 - [MESSAGE][PASSED] - Text 'fdr.test4@dhcs.ca.gov' is set on object 'Object Repository/FDR-SignIn/SignInEmail'

2020-09-15 14:28:32 - [MESSAGE][PASSED] - Object 'Object Repository/FDR-SignIn/SignInEmailNext' is visible

2020-09-15 14:28:32 - [MESSAGE][PASSED] - Object: 'Object Repository/FDR-SignIn/SignInEmailNext' is clicked on

2020-09-15 14:28:35 - [MESSAGE][PASSED] - Object 'Object Repository/FDR-SignIn/SignInEmailPassword' is visible

2020-09-15 14:28:36 - [MESSAGE][PASSED] - Object: 'Object Repository/FDR-SignIn/SignInEmailPassword' is clicked on

2020-09-15 14:28:36 - [MESSAGE][PASSED] - Text ****** has been set on object 'Object Repository/FDR-SignIn/SignInEmailPassword'

2020-09-15 14:28:38 - [MESSAGE][PASSED] - Object: 'Object Repository/FDR-SignIn/SignInButton' is clicked on

2020-09-15 14:28:38 - [TEST_STEP][PASSED] - navigateToUrl(URL): Navigate to 'https://fdr-katalon.cammis-mod-dev.dhcs.ca.gov' successfully

2020-09-15 14:28:38 - [MESSAGE][PASSED] - Navigate to 'https://fdr-katalon.cammis-mod-dev.dhcs.ca.gov' successfully

2020-09-15 14:28:38 - [TEST_STEP][PASSED] - Start listener action : beforeTestCase: null

2020-09-15 14:28:38 - [TEST_STEP][PASSED] - profileName = getExecutionProfile(): null

2020-09-15 14:28:38 - [TEST_STEP][PASSED] - if (profileName.equalsIgnoreCase("SysAdmin")): null

2020-09-15 14:28:38 - [TEST_STEP][PASSED] - Start listener action : sampleBeforeTestCase: null

2020-09-15 14:28:38 - [TEST_STEP][PASSED] - profileName = getExecutionProfile(): null

2020-09-15 14:28:38 - [TEST_STEP][PASSED] - testCaseId = testCaseContext.getTestCaseId(): null

2020-09-15 14:28:38 - [TEST_STEP][PASSED] - switch (profileName): null

2020-09-15 14:28:38 - [TEST_STEP][PASSED] - Default: null

2020-09-15 14:28:38 - [TEST_STEP][PASSED] - return null: null

2020-09-15 14:28:38 - [TEST_STEP][PASSED] - Start listener action : executeRows: null

2020-09-15 14:28:38 - [TEST_STEP][PASSED] - newDepositId = RandomStringUtils.randomNumeric(7): null

2020-09-15 14:28:38 - [TEST_STEP][PASSED] - waitForElementPresent(findTestObject("FDR-Receipt/FDR-Receipt-Dashboard/createNew_ReceiptBatch_Button"), 3): Object 'Object Repository/FDR-Receipt/FDR-Receipt-Dashboard/createNew_ReceiptBatch_Button' is present

2020-09-15 14:28:40 - [MESSAGE][PASSED] - Object 'Object Repository/FDR-Receipt/FDR-Receipt-Dashboard/createNew_ReceiptBatch_Button' is present

2020-09-15 14:28:40 - [TEST_STEP][PASSED] - click(findTestObject("FDR-Receipt/FDR-Receipt-Dashboard/createNew_ReceiptBatch_Button")): Object: 'Object Repository/FDR-Receipt/FDR-Receipt-Dashboard/createNew_ReceiptBatch_Button' is clicked on

2020-09-15 14:28:41 - [MESSAGE][PASSED] - Object: 'Object Repository/FDR-Receipt/FDR-Receipt-Dashboard/createNew_ReceiptBatch_Button' is clicked on

2020-09-15 14:28:41 - [TEST_STEP][PASSED] - waitForElementPresent(findTestObject("FDR-Dashboard/createNewVoucherButton"), 4): Object 'Object Repository/FDR-Dashboard/createNewVoucherButton' is not present after 4 second(s)

2020-09-15 14:28:46 - [MESSAGE][INFO] - Unable to find the element located by 'By.xpath: //*[@data-id='button-link']//*[contains(text(),'Create New Voucher')]'. Please recheck the objects properties to make sure the desired element is located. 

2020-09-15 14:28:46 - [MESSAGE][WARNING] - Object 'Object Repository/FDR-Dashboard/createNewVoucherButton' is not present after 4 second(s)

2020-09-15 14:28:46 - [TEST_STEP][PASSED] - waitForElementPresent(findTestObject("FDR-Receipt/FDR-Receipt-Header/View/inputDrawDate"), 3): Object 'Object Repository/FDR-Receipt/FDR-Receipt-Header/View/inputDrawDate' is present

2020-09-15 14:28:46 - [MESSAGE][PASSED] - Object 'Object Repository/FDR-Receipt/FDR-Receipt-Header/View/inputDrawDate' is present

2020-09-15 14:28:46 - [TEST_STEP][PASSED] - sendKeys(findTestObject("FDR-Receipt/FDR-Receipt-Header/View/inputDrawDate"), Drawdate): Keys '10/05/2020' sent to object: 'Object Repository/FDR-Receipt/FDR-Receipt-Header/View/inputDrawDate'

2020-09-15 14:28:47 - [MESSAGE][PASSED] - Keys '10/05/2020' sent to object: 'Object Repository/FDR-Receipt/FDR-Receipt-Header/View/inputDrawDate'

2020-09-15 14:28:47 - [TEST_STEP][PASSED] - waitForElementPresent(findTestObject("FDR-Receipt/FDR-Receipt-Header/Edit/payDate"), 3): Object 'Object Repository/FDR-Receipt/FDR-Receipt-Header/Edit/payDate' is present

2020-09-15 14:28:48 - [MESSAGE][PASSED] - Object 'Object Repository/FDR-Receipt/FDR-Receipt-Header/Edit/payDate' is present

2020-09-15 14:28:48 - [TEST_STEP][PASSED] - sendKeys(findTestObject("FDR-Receipt/FDR-Receipt-Header/Edit/payDate"), Paydate): Keys '10/07/2020' sent to object: 'Object Repository/FDR-Receipt/FDR-Receipt-Header/Edit/payDate'

2020-09-15 14:28:48 - [MESSAGE][PASSED] - Keys '10/07/2020' sent to object: 'Object Repository/FDR-Receipt/FDR-Receipt-Header/Edit/payDate'

2020-09-15 14:28:48 - [TEST_STEP][PASSED] - waitForElementPresent(findTestObject("FDR-Receipt/FDR-Receipt-Header/View/deposit ID"), 5): Object 'Object Repository/FDR-Receipt/FDR-Receipt-Header/View/deposit ID' is present

2020-09-15 14:28:48 - [MESSAGE][PASSED] - Object 'Object Repository/FDR-Receipt/FDR-Receipt-Header/View/deposit ID' is present

2020-09-15 14:28:48 - [TEST_STEP][PASSED] - sendKeys(findTestObject("FDR-Receipt/FDR-Receipt-Header/View/deposit ID"), newDepositId): Keys '8616633' sent to object: 'Object Repository/FDR-Receipt/FDR-Receipt-Header/View/deposit ID'

2020-09-15 14:28:49 - [MESSAGE][PASSED] - Keys '8616633' sent to object: 'Object Repository/FDR-Receipt/FDR-Receipt-Header/View/deposit ID'

2020-09-15 14:28:49 - [TEST_STEP][PASSED] - waitForElementPresent(findTestObject("FDR-Receipt/FDR-ReceiptBatch/receiptNotes"), 5): Object 'Object Repository/FDR-Receipt/FDR-ReceiptBatch/receiptNotes' is present

2020-09-15 14:28:49 - [MESSAGE][PASSED] - Object 'Object Repository/FDR-Receipt/FDR-ReceiptBatch/receiptNotes' is present

2020-09-15 14:28:49 - [TEST_STEP][PASSED] - sendKeys(findTestObject("FDR-Receipt/FDR-ReceiptBatch/receiptNotes"), Receiptnotes): Keys 'rqewrq' sent to object: 'Object Repository/FDR-Receipt/FDR-ReceiptBatch/receiptNotes'

2020-09-15 14:28:50 - [MESSAGE][PASSED] - Keys 'rqewrq' sent to object: 'Object Repository/FDR-Receipt/FDR-ReceiptBatch/receiptNotes'

2020-09-15 14:28:50 - [TEST_STEP][PASSED] - waitForElementPresent(findTestObject("FDR-Receipt/FDR-Receipt-Header/View/remittanceNo"), 5): Object 'Object Repository/FDR-Receipt/FDR-Receipt-Header/View/remittanceNo' is present

2020-09-15 14:28:50 - [MESSAGE][PASSED] - Object 'Object Repository/FDR-Receipt/FDR-Receipt-Header/View/remittanceNo' is present

2020-09-15 14:28:50 - [TEST_STEP][PASSED] - sendKeys(findTestObject("FDR-Receipt/FDR-Receipt-Header/View/remittanceNo"), Remittance): Keys '1234' sent to object: 'Object Repository/FDR-Receipt/FDR-Receipt-Header/View/remittanceNo'

2020-09-15 14:28:51 - [MESSAGE][PASSED] - Keys '1234' sent to object: 'Object Repository/FDR-Receipt/FDR-Receipt-Header/View/remittanceNo'

2020-09-15 14:28:51 - [TEST_STEP][PASSED] - waitForElementPresent(findTestObject("FDR-Receipt/FDR-Receipt-Header/View/controllerNo"), 5): Object 'Object Repository/FDR-Receipt/FDR-Receipt-Header/View/controllerNo' is present

2020-09-15 14:28:51 - [MESSAGE][PASSED] - Object 'Object Repository/FDR-Receipt/FDR-Receipt-Header/View/controllerNo' is present

2020-09-15 14:28:51 - [TEST_STEP][PASSED] - sendKeys(findTestObject("FDR-Receipt/FDR-Receipt-Header/View/controllerNo"), Controller): Keys '4567' sent to object: 'Object Repository/FDR-Receipt/FDR-Receipt-Header/View/controllerNo'

2020-09-15 14:28:52 - [MESSAGE][PASSED] - Keys '4567' sent to object: 'Object Repository/FDR-Receipt/FDR-Receipt-Header/View/controllerNo'

2020-09-15 14:28:52 - [TEST_STEP][PASSED] - waitForElementPresent(findTestObject("FDR-Receipt/FDR-Receipt-Header/View/buttonNext"), 5): Object 'Object Repository/FDR-Receipt/FDR-Receipt-Header/View/buttonNext' is present

2020-09-15 14:28:52 - [MESSAGE][PASSED] - Object 'Object Repository/FDR-Receipt/FDR-Receipt-Header/View/buttonNext' is present

2020-09-15 14:28:52 - [TEST_STEP][PASSED] - click(findTestObject("FDR-Receipt/FDR-Receipt-Header/View/buttonNext")): Object: 'Object Repository/FDR-Receipt/FDR-Receipt-Header/View/buttonNext' is clicked on

2020-09-15 14:28:52 - [MESSAGE][PASSED] - Object: 'Object Repository/FDR-Receipt/FDR-Receipt-Header/View/buttonNext' is clicked on

2020-09-15 14:28:52 - [TEST_STEP][PASSED] - waitForElementPresent(findTestObject("FDR-Receipt/FDR-ReceiptBatch/colorRA"), 5): Object 'Object Repository/FDR-Receipt/FDR-ReceiptBatch/colorRA' is present

2020-09-15 14:28:53 - [MESSAGE][PASSED] - Object 'Object Repository/FDR-Receipt/FDR-ReceiptBatch/colorRA' is present

2020-09-15 14:28:53 - [TEST_STEP][PASSED] - css_color_RA = getCSSValue(findTestObject("FDR-Receipt/FDR-ReceiptBatch/colorRA"), "color"): Get CSS 'color' value on 'Object Repository/FDR-Receipt/FDR-ReceiptBatch/colorRA' successfully: 'rgba(71, 185, 112, 1)'.

2020-09-15 14:28:54 - [MESSAGE][PASSED] - Get CSS 'color' value on 'Object Repository/FDR-Receipt/FDR-ReceiptBatch/colorRA' successfully: 'rgba(71, 185, 112, 1)'.

2020-09-15 14:28:54 - [TEST_STEP][PASSED] - css_color_CA = getCSSValue(findTestObject("FDR-Receipt/FDR-ReceiptBatch/colorCA"), "color"): Get CSS 'color' value on 'Object Repository/FDR-Receipt/FDR-ReceiptBatch/colorCA' successfully: 'rgba(71, 185, 112, 1)'.

2020-09-15 14:28:54 - [MESSAGE][PASSED] - Get CSS 'color' value on 'Object Repository/FDR-Receipt/FDR-ReceiptBatch/colorCA' successfully: 'rgba(71, 185, 112, 1)'.

2020-09-15 14:28:54 - [TEST_STEP][PASSED] - verifyEqual(css_color_RA, "rgba(71, 185, 112, 1)"): Actual object 'rgba(71, 185, 112, 1)' and expected object 'rgba(71, 185, 112, 1)' are equal

2020-09-15 14:28:54 - [MESSAGE][PASSED] - Actual object 'rgba(71, 185, 112, 1)' and expected object 'rgba(71, 185, 112, 1)' are equal

2020-09-15 14:28:54 - [TEST_STEP][PASSED] - if (css_color_RA == "rgba(71, 185, 112, 1)" && css_color_CA == "rgba(71, 185, 112, 1)"): Object 'Object Repository/FDR-Receipt/FDR-ReceiptBatch/reviewButton' is clickable

2020-09-15 14:28:54 - [TEST_STEP][PASSED] - verifyElementClickable(findTestObject("FDR-Receipt/FDR-ReceiptBatch/reviewButton")): Object 'Object Repository/FDR-Receipt/FDR-ReceiptBatch/reviewButton' is clickable

2020-09-15 14:28:54 - [MESSAGE][PASSED] - Object 'Object Repository/FDR-Receipt/FDR-ReceiptBatch/reviewButton' is clickable

2020-09-15 14:28:54 - [TEST_STEP][PASSED] - Start listener action : sampleAfterTestCase: Browser is closed

2020-09-15 14:28:54 - [TEST_STEP][PASSED] - profileName = getExecutionProfile(): null

2020-09-15 14:28:54 - [TEST_STEP][PASSED] - switch (profileName): null

2020-09-15 14:28:54 - [TEST_STEP][PASSED] - if (!(skipBeforeAndAfterTestCase)): Browser is closed

2020-09-15 14:28:54 - [TEST_STEP][PASSED] - Uifunctions.logoutFDR(): Browser is closed

2020-09-15 14:28:55 - [MESSAGE][PASSED] - Browser is closed

2020-09-15 14:28:55 - [TEST_STEP][PASSED] - Start listener action : afterTestCase: null

2020-09-15 14:28:55 - [TEST_STEP][PASSED] - profileName = getExecutionProfile(): null

2020-09-15 14:28:55 - [TEST_STEP][PASSED] - if (profileName.equalsIgnoreCase("SysAdmin")): null

2020-09-15 14:28:55 - [TEST_STEP][PASSED] - Start listener action : sampleAfterTestCase: null

2020-09-15 14:28:55 - [TEST_STEP][PASSED] - profileName = getExecutionProfile(): null

2020-09-15 14:28:55 - [TEST_STEP][PASSED] - switch (profileName): null

2020-09-15 14:28:55 - [TEST_STEP][PASSED] - Default: null

2020-09-15 14:28:55 - [TEST_STEP][PASSED] - return null: null

2020-09-15 14:28:55 - [TEST_STEP][PASSED] - Start listener action : addFailedTCToList: null]]></system-out>
         <system-err><![CDATA[]]></system-err>
      </testcase>
      <testcase name="Test Cases/WEB-UI-TESTS/Receipt/FDR-Validate-Updated-Receipt-DistributionLine" time="72.653" classname="Test Cases/WEB-UI-TESTS/Receipt/FDR-Validate-Updated-Receipt-DistributionLine" status="PASSED">
         <system-out><![CDATA[2020-09-15 14:28:55 - [TEST_CASE][PASSED] - Test Cases/WEB-UI-TESTS/Receipt/FDR-Validate-Updated-Receipt-DistributionLine: Test Cases/WEB-UI-TESTS/Receipt/FDR-Validate-Updated-Receipt-DistributionLine

2020-09-15 14:28:55 - [TEST_STEP][PASSED] - Start listener action : sampleBeforeTestCase: Navigate to 'https://fdr-katalon.cammis-mod-dev.dhcs.ca.gov' successfully

2020-09-15 14:28:55 - [TEST_STEP][PASSED] - profileName = getExecutionProfile(): null

2020-09-15 14:28:55 - [TEST_STEP][PASSED] - switch (profileName): null

2020-09-15 14:28:55 - [TEST_STEP][PASSED] - testCaseId = testCaseContext.getTestCaseId(): null

2020-09-15 14:28:55 - [TEST_STEP][PASSED] - if (!(skipBeforeAndAfterTestCase)): Navigate to 'https://fdr-katalon.cammis-mod-dev.dhcs.ca.gov' successfully

2020-09-15 14:28:55 - [TEST_STEP][PASSED] - if (account7TestCases.contains(testCaseId)): Object: 'Object Repository/FDR-SignIn/SignInButton' is clicked on

2020-09-15 14:28:55 - [TEST_STEP][PASSED] - Uifunctions.loginFDR(accountsAdmin, accountsAdminPwd): Object: 'Object Repository/FDR-SignIn/SignInButton' is clicked on

2020-09-15 14:28:55 - [MESSAGE][INFO] - Starting 'Chrome' driver

2020-09-15 14:28:55 - [MESSAGE][INFO] - Action delay is set to 0 milliseconds

2020-09-15 14:28:58 - [MESSAGE][PASSED] - Browser is opened with url: ''

2020-09-15 14:29:00 - [MESSAGE][PASSED] - Current window maximized

2020-09-15 14:29:02 - [MESSAGE][PASSED] - Navigate to 'https://fdr-katalon.cammis-mod-dev.dhcs.ca.gov' successfully

2020-09-15 14:29:03 - [MESSAGE][PASSED] - Object 'Object Repository/FDR-SignIn/SignInEmail' is present

2020-09-15 14:29:03 - [MESSAGE][PASSED] - Object: 'Object Repository/FDR-SignIn/SignInEmail' is clicked on

2020-09-15 14:29:04 - [MESSAGE][PASSED] - Object 'Object Repository/FDR-SignIn/SignInEmail' is present

2020-09-15 14:29:04 - [MESSAGE][PASSED] - Text 'fdr.test4@dhcs.ca.gov' is set on object 'Object Repository/FDR-SignIn/SignInEmail'

2020-09-15 14:29:05 - [MESSAGE][PASSED] - Object 'Object Repository/FDR-SignIn/SignInEmailNext' is visible

2020-09-15 14:29:05 - [MESSAGE][PASSED] - Object: 'Object Repository/FDR-SignIn/SignInEmailNext' is clicked on

2020-09-15 14:29:08 - [MESSAGE][PASSED] - Object 'Object Repository/FDR-SignIn/SignInEmailPassword' is visible

2020-09-15 14:29:08 - [MESSAGE][PASSED] - Object: 'Object Repository/FDR-SignIn/SignInEmailPassword' is clicked on

2020-09-15 14:29:09 - [MESSAGE][PASSED] - Text ****** has been set on object 'Object Repository/FDR-SignIn/SignInEmailPassword'

2020-09-15 14:29:10 - [MESSAGE][PASSED] - Object: 'Object Repository/FDR-SignIn/SignInButton' is clicked on

2020-09-15 14:29:10 - [TEST_STEP][PASSED] - navigateToUrl(URL): Navigate to 'https://fdr-katalon.cammis-mod-dev.dhcs.ca.gov' successfully

2020-09-15 14:29:11 - [MESSAGE][PASSED] - Navigate to 'https://fdr-katalon.cammis-mod-dev.dhcs.ca.gov' successfully

2020-09-15 14:29:11 - [TEST_STEP][PASSED] - Start listener action : beforeTestCase: null

2020-09-15 14:29:11 - [TEST_STEP][PASSED] - profileName = getExecutionProfile(): null

2020-09-15 14:29:11 - [TEST_STEP][PASSED] - if (profileName.equalsIgnoreCase("SysAdmin")): null

2020-09-15 14:29:11 - [TEST_STEP][PASSED] - Start listener action : sampleBeforeTestCase: null

2020-09-15 14:29:11 - [TEST_STEP][PASSED] - profileName = getExecutionProfile(): null

2020-09-15 14:29:11 - [TEST_STEP][PASSED] - testCaseId = testCaseContext.getTestCaseId(): null

2020-09-15 14:29:11 - [TEST_STEP][PASSED] - switch (profileName): null

2020-09-15 14:29:11 - [TEST_STEP][PASSED] - Default: null

2020-09-15 14:29:11 - [TEST_STEP][PASSED] - return null: null

2020-09-15 14:29:11 - [TEST_STEP][PASSED] - Start listener action : executeRows: null

2020-09-15 14:29:11 - [TEST_STEP][PASSED] - d = Date().plus(1): null

2020-09-15 14:29:11 - [TEST_STEP][PASSED] - dd = Date().plus(2): null

2020-09-15 14:29:11 - [TEST_STEP][PASSED] - servicedatefrom = d.format("MM/dd/yyyy"): null

2020-09-15 14:29:11 - [TEST_STEP][PASSED] - servicedateto = dd.format("MM/dd/yyyy"): null

2020-09-15 14:29:11 - [TEST_STEP][PASSED] - newDepositId = RandomStringUtils.randomNumeric(7): null

2020-09-15 14:29:11 - [TEST_STEP][PASSED] - editors.createReceipt(Drawdate, Paydate, newDepositId, Receiptnotes): Object: 'Object Repository/FDR-Receipt/FDR-Receipt-Header/View/buttonNext' is clicked on

2020-09-15 14:29:16 - [MESSAGE][INFO] - Unable to find the element located by 'By.xpath: //*[@data-id='button-link']//*[contains(text(),'Create New Voucher')]'. Please recheck the objects properties to make sure the desired element is located. 

2020-09-15 14:29:16 - [MESSAGE][WARNING] - Object 'Object Repository/FDR-Dashboard/createNewVoucherButton' is not present after 4 second(s)

2020-09-15 14:29:16 - [MESSAGE][PASSED] - Object 'Object Repository/FDR-Receipt/FDR-Receipt-Dashboard/createNew_ReceiptBatch_Button' is present

2020-09-15 14:29:17 - [MESSAGE][PASSED] - Object: 'Object Repository/FDR-Receipt/FDR-Receipt-Dashboard/createNew_ReceiptBatch_Button' is clicked on

2020-09-15 14:29:17 - [MESSAGE][PASSED] - Object 'Object Repository/FDR-Receipt/FDR-Receipt-Header/View/inputDrawDate' is present

2020-09-15 14:29:18 - [MESSAGE][PASSED] - Text '10/05/2020' is set on object 'Object Repository/FDR-Receipt/FDR-Receipt-Header/View/inputDrawDate'

2020-09-15 14:29:19 - [MESSAGE][PASSED] - Keys 'TAB + ENTER + ENTER + ' sent to object: 'Object Repository/FDR-Receipt/FDR-Receipt-Header/View/inputDrawDate'

2020-09-15 14:29:20 - [MESSAGE][PASSED] - Object 'Object Repository/FDR-Receipt/FDR-Receipt-Header/Edit/payDate' is present

2020-09-15 14:29:20 - [MESSAGE][PASSED] - Text '10/07/2020' is set on object 'Object Repository/FDR-Receipt/FDR-Receipt-Header/Edit/payDate'

2020-09-15 14:29:21 - [MESSAGE][PASSED] - Object 'Object Repository/FDR-Receipt/FDR-Receipt-Header/View/deposit ID' is present

2020-09-15 14:29:22 - [MESSAGE][PASSED] - Text '2375857' is set on object 'Object Repository/FDR-Receipt/FDR-Receipt-Header/View/deposit ID'

2020-09-15 14:29:22 - [MESSAGE][PASSED] - Object 'Object Repository/FDR-Receipt/FDR-ReceiptBatch/receiptNotes' is present

2020-09-15 14:29:23 - [MESSAGE][PASSED] - Text 'rqewrq' is set on object 'Object Repository/FDR-Receipt/FDR-ReceiptBatch/receiptNotes'

2020-09-15 14:29:23 - [MESSAGE][PASSED] - Object 'Object Repository/FDR-Receipt/FDR-Receipt-Header/Edit/remmitanceAdviceInput' is present

2020-09-15 14:29:24 - [MESSAGE][PASSED] - Keys '' sent to object: 'Object Repository/FDR-Receipt/FDR-Receipt-Header/Edit/remmitanceAdviceInput'

2020-09-15 14:29:24 - [MESSAGE][PASSED] - Object 'Object Repository/FDR-Receipt/FDR-Receipt-Header/Edit/controllerReceiptInput' is present

2020-09-15 14:29:24 - [MESSAGE][PASSED] - Keys '' sent to object: 'Object Repository/FDR-Receipt/FDR-Receipt-Header/Edit/controllerReceiptInput'

2020-09-15 14:29:25 - [MESSAGE][PASSED] - Object 'Object Repository/FDR-Receipt/FDR-Receipt-Header/View/buttonNext' is present

2020-09-15 14:29:25 - [MESSAGE][PASSED] - Object: 'Object Repository/FDR-Receipt/FDR-Receipt-Header/View/buttonNext' is clicked on

2020-09-15 14:29:25 - [TEST_STEP][PASSED] - editors.createReceiptline(ReceiptID, SupplierID, DepositDate): Object: 'Object Repository/FDR-Receipt/FDR-Receipt-Checkline/View/addReceipt_Button2' is clicked on

2020-09-15 14:29:26 - [MESSAGE][PASSED] - Object 'Object Repository/FDR-Receipt/FDR-Receipt-Checkline/View/receipt_ID' is present

2020-09-15 14:29:26 - [MESSAGE][PASSED] - Keys 'CHK10322' sent to object: 'Object Repository/FDR-Receipt/FDR-Receipt-Checkline/View/receipt_ID'

2020-09-15 14:29:27 - [MESSAGE][PASSED] - Object 'Object Repository/FDR-Receipt/FDR-Receipt-Checkline/View/supplier_Id' is present

2020-09-15 14:29:27 - [MESSAGE][PASSED] - Object: 'Object Repository/FDR-Receipt/FDR-Receipt-Checkline/View/supplier_Id' is clicked on

2020-09-15 14:29:28 - [MESSAGE][PASSED] - Keys '0000007954' sent to object: 'Object Repository/FDR-Receipt/FDR-Receipt-Checkline/View/supplier_Id'

2020-09-15 14:29:28 - [MESSAGE][PASSED] - Keys 'DOWN + ENTER + ' sent to object: 'Object Repository/FDR-Receipt/FDR-Receipt-Checkline/View/supplier_Id'

2020-09-15 14:29:29 - [MESSAGE][PASSED] - Object 'Object Repository/FDR-Receipt/FDR-Receipt-Checkline/View/deposit_Date' is present

2020-09-15 14:29:29 - [MESSAGE][PASSED] - Keys '02/24/2020' sent to object: 'Object Repository/FDR-Receipt/FDR-Receipt-Checkline/View/deposit_Date'

2020-09-15 14:29:34 - [MESSAGE][INFO] - Unable to find the element located by 'By.xpath: //*[@data-id='button-link']//*[contains(text(),'Create New Voucher')]'. Please recheck the objects properties to make sure the desired element is located. 

2020-09-15 14:29:34 - [MESSAGE][WARNING] - Object 'Object Repository/FDR-Dashboard/createNewVoucherButton' is not present after 4 second(s)

2020-09-15 14:29:35 - [MESSAGE][PASSED] - Object 'Object Repository/FDR-Receipt/FDR-Receipt-Checkline/View/addReceipt_Button2' is present

2020-09-15 14:29:35 - [MESSAGE][PASSED] - Object: 'Object Repository/FDR-Receipt/FDR-Receipt-Checkline/View/addReceipt_Button2' is clicked on

2020-09-15 14:29:35 - [TEST_STEP][PASSED] - editors.createReceiptDistributionLine(servicedatefrom, servicedateto, amount, waiverType, waiverName, fundingSource, fundCode, fundRatio, nonFederalFund, serviceLocation, index, programType, serviceCategory, increaseDecreaseLine, accountId, altAccountId): Object: 'Object Repository/FDR-Receipt/FDR-Receipt-DistributionLine/FDR-AddEdit-DistributionLine/button_SaveClose' is clicked on

2020-09-15 14:29:35 - [MESSAGE][PASSED] - Object 'Object Repository/FDR-Receipt/FDR-Receipt-DistributionLine/FDR-AddEdit-DistributionLine/arrow_Down' is clickable

2020-09-15 14:29:36 - [MESSAGE][PASSED] - Object: 'Object Repository/FDR-Receipt/FDR-Receipt-DistributionLine/FDR-AddEdit-DistributionLine/arrow_Down' is clicked on

2020-09-15 14:29:36 - [MESSAGE][PASSED] - Object 'Object Repository/FDR-Receipt/FDR-Receipt-DistributionLine/FDR-AddEdit-DistributionLine/button_Add-Invoiceline' is present

2020-09-15 14:29:37 - [MESSAGE][PASSED] - Scroll to object 'Object Repository/FDR-Receipt/FDR-Receipt-DistributionLine/FDR-AddEdit-DistributionLine/button_Add-Invoiceline' successfully

2020-09-15 14:29:37 - [MESSAGE][PASSED] - Object 'Object Repository/FDR-Receipt/FDR-Receipt-DistributionLine/FDR-AddEdit-DistributionLine/button_Add-Invoiceline' is clickable

2020-09-15 14:29:37 - [MESSAGE][PASSED] - Object: 'Object Repository/FDR-Receipt/FDR-Receipt-DistributionLine/FDR-AddEdit-DistributionLine/button_Add-Invoiceline' is clicked on

2020-09-15 14:29:38 - [MESSAGE][PASSED] - Object 'Object Repository/FDR-Receipt/FDR-Receipt-DistributionLine/FDR-AddEdit-DistributionLine/invoice_Searchfield' is present

2020-09-15 14:29:39 - [MESSAGE][PASSED] - Keys 'MC' sent to object: 'Object Repository/FDR-Receipt/FDR-Receipt-DistributionLine/FDR-AddEdit-DistributionLine/invoice_Searchfield'

2020-09-15 14:29:40 - [MESSAGE][PASSED] - Object: 'Object Repository/FDR-Receipt/FDR-Receipt-DistributionLine/FDR-AddEdit-DistributionLine/button_Add_invoicemanually' is clicked on

2020-09-15 14:29:40 - [MESSAGE][PASSED] - Object 'Object Repository/FDR-Receipt/FDR-Receipt-DistributionLine/FDR-AddEdit-DistributionLine/input_Service date (from)' is present

2020-09-15 14:29:41 - [MESSAGE][PASSED] - Keys '09/16/2020' sent to object: 'Object Repository/FDR-Receipt/FDR-Receipt-DistributionLine/FDR-AddEdit-DistributionLine/input_Service date (from)'

2020-09-15 14:29:41 - [MESSAGE][PASSED] - Object 'Object Repository/FDR-Receipt/FDR-Receipt-DistributionLine/FDR-AddEdit-DistributionLine/input_Service date (to)' is present

2020-09-15 14:29:42 - [MESSAGE][PASSED] - Keys '09/17/2020' sent to object: 'Object Repository/FDR-Receipt/FDR-Receipt-DistributionLine/FDR-AddEdit-DistributionLine/input_Service date (to)'

2020-09-15 14:29:42 - [MESSAGE][PASSED] - Object 'Object Repository/FDR-Receipt/FDR-Receipt-DistributionLine/FDR-AddEdit-DistributionLine/input_Amount' is present

2020-09-15 14:29:43 - [MESSAGE][PASSED] - Keys '3000' sent to object: 'Object Repository/FDR-Receipt/FDR-Receipt-DistributionLine/FDR-AddEdit-DistributionLine/input_Amount'

2020-09-15 14:29:43 - [MESSAGE][PASSED] - Object 'Object Repository/FDR-Receipt/FDR-Receipt-DistributionLine/FDR-AddEdit-DistributionLine/waiver_Type' is present

2020-09-15 14:29:43 - [MESSAGE][PASSED] - Object 'Object Repository/FDR-Receipt/FDR-Receipt-DistributionLine/FDR-AddEdit-DistributionLine/waiver_Type' is present

2020-09-15 14:29:43 - [MESSAGE][PASSED] - Keys '2020' sent to object: 'Object Repository/FDR-Receipt/FDR-Receipt-DistributionLine/FDR-AddEdit-DistributionLine/waiver_Type'

2020-09-15 14:29:44 - [MESSAGE][PASSED] - Keys 'DOWN + ENTER + ' sent to object: 'Object Repository/FDR-Receipt/FDR-Receipt-DistributionLine/FDR-AddEdit-DistributionLine/waiver_Type'

2020-09-15 14:29:44 - [MESSAGE][PASSED] - Object 'Object Repository/FDR-Receipt/FDR-Receipt-DistributionLine/FDR-AddEdit-DistributionLine/waiver_Name' is present

2020-09-15 14:29:45 - [MESSAGE][PASSED] - Keys 'A-FamilyU TPM/GMC' sent to object: 'Object Repository/FDR-Receipt/FDR-Receipt-DistributionLine/FDR-AddEdit-DistributionLine/waiver_Name'

2020-09-15 14:29:45 - [MESSAGE][PASSED] - Keys 'DOWN + ENTER + ' sent to object: 'Object Repository/FDR-Receipt/FDR-Receipt-DistributionLine/FDR-AddEdit-DistributionLine/waiver_Name'

2020-09-15 14:29:46 - [MESSAGE][PASSED] - Object 'Object Repository/FDR-Receipt/FDR-Receipt-DistributionLine/FDR-AddEdit-DistributionLine/funding_Source' is present

2020-09-15 14:29:46 - [MESSAGE][PASSED] - Keys 'Dental' sent to object: 'Object Repository/FDR-Receipt/FDR-Receipt-DistributionLine/FDR-AddEdit-DistributionLine/funding_Source'

2020-09-15 14:29:47 - [MESSAGE][PASSED] - Keys 'DOWN + ENTER + ' sent to object: 'Object Repository/FDR-Receipt/FDR-Receipt-DistributionLine/FDR-AddEdit-DistributionLine/funding_Source'

2020-09-15 14:29:47 - [MESSAGE][PASSED] - Object 'Object Repository/FDR-Receipt/FDR-Receipt-DistributionLine/FDR-AddEdit-DistributionLine/fund_Code' is present

2020-09-15 14:29:48 - [MESSAGE][PASSED] - Keys 'Health Care Deposit Fund (0912)' sent to object: 'Object Repository/FDR-Receipt/FDR-Receipt-DistributionLine/FDR-AddEdit-DistributionLine/fund_Code'

2020-09-15 14:29:48 - [MESSAGE][PASSED] - Keys 'DOWN + ENTER + ' sent to object: 'Object Repository/FDR-Receipt/FDR-Receipt-DistributionLine/FDR-AddEdit-DistributionLine/fund_Code'

2020-09-15 14:29:49 - [MESSAGE][PASSED] - Object 'Object Repository/FDR-Receipt/FDR-Receipt-DistributionLine/FDR-AddEdit-DistributionLine/fund_Ratio' is present

2020-09-15 14:29:49 - [MESSAGE][PASSED] - Keys '5' sent to object: 'Object Repository/FDR-Receipt/FDR-Receipt-DistributionLine/FDR-AddEdit-DistributionLine/fund_Ratio'

2020-09-15 14:29:50 - [MESSAGE][PASSED] - Keys 'DOWN + ENTER + ' sent to object: 'Object Repository/FDR-Receipt/FDR-Receipt-DistributionLine/FDR-AddEdit-DistributionLine/fund_Ratio'

2020-09-15 14:29:50 - [MESSAGE][PASSED] - Object 'Object Repository/FDR-Receipt/FDR-Receipt-DistributionLine/FDR-AddEdit-DistributionLine/non_Federalfund' is present

2020-09-15 14:29:50 - [MESSAGE][PASSED] - Keys '0001' sent to object: 'Object Repository/FDR-Receipt/FDR-Receipt-DistributionLine/FDR-AddEdit-DistributionLine/non_Federalfund'

2020-09-15 14:29:51 - [MESSAGE][PASSED] - Keys 'DOWN + ENTER + ' sent to object: 'Object Repository/FDR-Receipt/FDR-Receipt-DistributionLine/FDR-AddEdit-DistributionLine/non_Federalfund'

2020-09-15 14:29:51 - [MESSAGE][PASSED] - Object 'Object Repository/FDR-Receipt/FDR-Receipt-DistributionLine/FDR-AddEdit-DistributionLine/inputAccountId' is present

2020-09-15 14:29:52 - [MESSAGE][PASSED] - Keys '5432000' sent to object: 'Object Repository/FDR-Receipt/FDR-Receipt-DistributionLine/FDR-AddEdit-DistributionLine/inputAccountId'

2020-09-15 14:29:52 - [MESSAGE][PASSED] - Keys 'DOWN + ENTER + ' sent to object: 'Object Repository/FDR-Receipt/FDR-Receipt-DistributionLine/FDR-AddEdit-DistributionLine/inputAccountId'

2020-09-15 14:29:53 - [MESSAGE][PASSED] - Object 'Object Repository/FDR-Receipt/FDR-Receipt-DistributionLine/FDR-AddEdit-DistributionLine/inputAltAccountId' is present

2020-09-15 14:29:53 - [MESSAGE][PASSED] - Keys '5432000019' sent to object: 'Object Repository/FDR-Receipt/FDR-Receipt-DistributionLine/FDR-AddEdit-DistributionLine/inputAltAccountId'

2020-09-15 14:29:54 - [MESSAGE][PASSED] - Keys 'DOWN + ENTER + ' sent to object: 'Object Repository/FDR-Receipt/FDR-Receipt-DistributionLine/FDR-AddEdit-DistributionLine/inputAltAccountId'

2020-09-15 14:29:54 - [MESSAGE][PASSED] - Object 'Object Repository/FDR-Receipt/FDR-Receipt-DistributionLine/FDR-AddEdit-DistributionLine/input_Service location_serviceLocation' is present

2020-09-15 14:29:55 - [MESSAGE][PASSED] - Keys '3445' sent to object: 'Object Repository/FDR-Receipt/FDR-Receipt-DistributionLine/FDR-AddEdit-DistributionLine/input_Service location_serviceLocation'

2020-09-15 14:29:55 - [MESSAGE][PASSED] - Keys 'DOWN + ENTER + ' sent to object: 'Object Repository/FDR-Receipt/FDR-Receipt-DistributionLine/FDR-AddEdit-DistributionLine/input_Service location_serviceLocation'

2020-09-15 14:29:55 - [MESSAGE][PASSED] - Object 'Object Repository/FDR-Receipt/FDR-Receipt-DistributionLine/FDR-AddEdit-DistributionLine/Index' is present

2020-09-15 14:29:55 - [MESSAGE][PASSED] - Keys '1155' sent to object: 'Object Repository/FDR-Receipt/FDR-Receipt-DistributionLine/FDR-AddEdit-DistributionLine/Index'

2020-09-15 14:29:56 - [MESSAGE][PASSED] - Keys 'DOWN + ENTER + ' sent to object: 'Object Repository/FDR-Receipt/FDR-Receipt-DistributionLine/FDR-AddEdit-DistributionLine/Index'

2020-09-15 14:29:56 - [MESSAGE][PASSED] - Object 'Object Repository/FDR-Receipt/FDR-Receipt-DistributionLine/FDR-AddEdit-DistributionLine/program_Type' is present

2020-09-15 14:29:57 - [MESSAGE][PASSED] - Keys 'Medical Assistance (MA)' sent to object: 'Object Repository/FDR-Receipt/FDR-Receipt-DistributionLine/FDR-AddEdit-DistributionLine/program_Type'

2020-09-15 14:29:57 - [MESSAGE][PASSED] - Keys 'DOWN + ENTER + ' sent to object: 'Object Repository/FDR-Receipt/FDR-Receipt-DistributionLine/FDR-AddEdit-DistributionLine/program_Type'

2020-09-15 14:29:58 - [MESSAGE][PASSED] - Object 'Object Repository/FDR-Receipt/FDR-Receipt-DistributionLine/FDR-AddEdit-DistributionLine/service_Category' is present

2020-09-15 14:29:58 - [MESSAGE][PASSED] - Keys '18B1' sent to object: 'Object Repository/FDR-Receipt/FDR-Receipt-DistributionLine/FDR-AddEdit-DistributionLine/service_Category'

2020-09-15 14:29:59 - [MESSAGE][PASSED] - Keys 'DOWN + ENTER + ' sent to object: 'Object Repository/FDR-Receipt/FDR-Receipt-DistributionLine/FDR-AddEdit-DistributionLine/service_Category'

2020-09-15 14:29:59 - [MESSAGE][PASSED] - Object 'Object Repository/FDR-Receipt/FDR-Receipt-DistributionLine/FDR-AddEdit-DistributionLine/increaseDecreaseLine' is present

2020-09-15 14:29:59 - [MESSAGE][PASSED] - Keys '10b: Receipts or any decrease' sent to object: 'Object Repository/FDR-Receipt/FDR-Receipt-DistributionLine/FDR-AddEdit-DistributionLine/increaseDecreaseLine'

2020-09-15 14:30:00 - [MESSAGE][PASSED] - Keys 'DOWN + ENTER + ' sent to object: 'Object Repository/FDR-Receipt/FDR-Receipt-DistributionLine/FDR-AddEdit-DistributionLine/increaseDecreaseLine'

2020-09-15 14:30:00 - [MESSAGE][PASSED] - Object 'Object Repository/FDR-Receipt/FDR-Receipt-DistributionLine/FDR-AddEdit-DistributionLine/button_SaveClose' is present

2020-09-15 14:30:01 - [MESSAGE][PASSED] - Object 'Object Repository/FDR-Receipt/FDR-Receipt-DistributionLine/FDR-AddEdit-DistributionLine/button_SaveClose' is clickable

2020-09-15 14:30:01 - [MESSAGE][PASSED] - Object: 'Object Repository/FDR-Receipt/FDR-Receipt-DistributionLine/FDR-AddEdit-DistributionLine/button_SaveClose' is clicked on

2020-09-15 14:30:01 - [TEST_STEP][PASSED] - waitForElementPresent(findTestObject("FDR-Receipt/FDR-Receipt-DistributionLine/FDR-View-DitributionLine/InvoiceNumberTitle"), 3, STOP_ON_FAILURE): Object 'Object Repository/FDR-Receipt/FDR-Receipt-DistributionLine/FDR-View-DitributionLine/InvoiceNumberTitle' is present

2020-09-15 14:30:03 - [MESSAGE][PASSED] - Object 'Object Repository/FDR-Receipt/FDR-Receipt-DistributionLine/FDR-View-DitributionLine/InvoiceNumberTitle' is present

2020-09-15 14:30:03 - [TEST_STEP][PASSED] - waitForElementPresent(findTestObject("FDR-Receipt/FDR-Receipt-DistributionLine/FDR-View-DitributionLine/FundCodeTitle"), 3, STOP_ON_FAILURE): Object 'Object Repository/FDR-Receipt/FDR-Receipt-DistributionLine/FDR-View-DitributionLine/FundCodeTitle' is present

2020-09-15 14:30:03 - [MESSAGE][PASSED] - Object 'Object Repository/FDR-Receipt/FDR-Receipt-DistributionLine/FDR-View-DitributionLine/FundCodeTitle' is present

2020-09-15 14:30:03 - [TEST_STEP][PASSED] - waitForElementPresent(findTestObject("FDR-Receipt/FDR-Receipt-DistributionLine/FDR-View-DitributionLine/FundingSourceTitle"), 3, STOP_ON_FAILURE): Object 'Object Repository/FDR-Receipt/FDR-Receipt-DistributionLine/FDR-View-DitributionLine/FundingSourceTitle' is present

2020-09-15 14:30:04 - [MESSAGE][PASSED] - Object 'Object Repository/FDR-Receipt/FDR-Receipt-DistributionLine/FDR-View-DitributionLine/FundingSourceTitle' is present

2020-09-15 14:30:04 - [TEST_STEP][PASSED] - waitForElementPresent(findTestObject("FDR-Receipt/FDR-Receipt-DistributionLine/FDR-View-DitributionLine/FundRatioTitle"), 3, STOP_ON_FAILURE): Object 'Object Repository/FDR-Receipt/FDR-Receipt-DistributionLine/FDR-View-DitributionLine/FundRatioTitle' is present

2020-09-15 14:30:04 - [MESSAGE][PASSED] - Object 'Object Repository/FDR-Receipt/FDR-Receipt-DistributionLine/FDR-View-DitributionLine/FundRatioTitle' is present

2020-09-15 14:30:04 - [TEST_STEP][PASSED] - waitForElementPresent(findTestObject("FDR-Receipt/FDR-Receipt-DistributionLine/FDR-View-DitributionLine/Non-FederalFundTitle"), 3, STOP_ON_FAILURE): Object 'Object Repository/FDR-Receipt/FDR-Receipt-DistributionLine/FDR-View-DitributionLine/Non-FederalFundTitle' is present

2020-09-15 14:30:04 - [MESSAGE][PASSED] - Object 'Object Repository/FDR-Receipt/FDR-Receipt-DistributionLine/FDR-View-DitributionLine/Non-FederalFundTitle' is present

2020-09-15 14:30:04 - [TEST_STEP][PASSED] - waitForElementPresent(findTestObject("FDR-Receipt/FDR-Receipt-DistributionLine/FDR-View-DitributionLine/FederalShareTitle"), 3, STOP_ON_FAILURE): Object 'Object Repository/FDR-Receipt/FDR-Receipt-DistributionLine/FDR-View-DitributionLine/FederalShareTitle' is present

2020-09-15 14:30:04 - [MESSAGE][PASSED] - Object 'Object Repository/FDR-Receipt/FDR-Receipt-DistributionLine/FDR-View-DitributionLine/FederalShareTitle' is present

2020-09-15 14:30:04 - [TEST_STEP][PASSED] - waitForElementPresent(findTestObject("FDR-Receipt/FDR-Receipt-DistributionLine/FDR-View-DitributionLine/Non-FederalShareTitle"), 3, STOP_ON_FAILURE): Object 'Object Repository/FDR-Receipt/FDR-Receipt-DistributionLine/FDR-View-DitributionLine/Non-FederalShareTitle' is present

2020-09-15 14:30:05 - [MESSAGE][PASSED] - Object 'Object Repository/FDR-Receipt/FDR-Receipt-DistributionLine/FDR-View-DitributionLine/Non-FederalShareTitle' is present

2020-09-15 14:30:05 - [TEST_STEP][PASSED] - waitForElementPresent(findTestObject("FDR-Receipt/FDR-Receipt-DistributionLine/FDR-View-DitributionLine/SubtotalTitle"), 3, STOP_ON_FAILURE): Object 'Object Repository/FDR-Receipt/FDR-Receipt-DistributionLine/FDR-View-DitributionLine/SubtotalTitle' is present

2020-09-15 14:30:05 - [MESSAGE][PASSED] - Object 'Object Repository/FDR-Receipt/FDR-Receipt-DistributionLine/FDR-View-DitributionLine/SubtotalTitle' is present

2020-09-15 14:30:05 - [TEST_STEP][PASSED] - waitForElementPresent(findTestObject("FDR-Receipt/FDR-Receipt-DistributionLine/FDR-View-DitributionLine/popoverIcon"), 3, STOP_ON_FAILURE): Object 'Object Repository/FDR-Receipt/FDR-Receipt-DistributionLine/FDR-View-DitributionLine/popoverIcon' is present

2020-09-15 14:30:05 - [MESSAGE][PASSED] - Object 'Object Repository/FDR-Receipt/FDR-Receipt-DistributionLine/FDR-View-DitributionLine/popoverIcon' is present

2020-09-15 14:30:05 - [TEST_STEP][PASSED] - click(findTestObject("FDR-Receipt/FDR-Receipt-DistributionLine/FDR-View-DitributionLine/popoverIcon")): Object: 'Object Repository/FDR-Receipt/FDR-Receipt-DistributionLine/FDR-View-DitributionLine/popoverIcon' is clicked on

2020-09-15 14:30:05 - [MESSAGE][PASSED] - Object: 'Object Repository/FDR-Receipt/FDR-Receipt-DistributionLine/FDR-View-DitributionLine/popoverIcon' is clicked on

2020-09-15 14:30:05 - [TEST_STEP][PASSED] - waitForElementPresent(findTestObject("FDR-Receipt/FDR-Receipt-DistributionLine/FDR-View-DitributionLine/pAccountIdText"), 3, STOP_ON_FAILURE): Object 'Object Repository/FDR-Receipt/FDR-Receipt-DistributionLine/FDR-View-DitributionLine/pAccountIdText' is present

2020-09-15 14:30:06 - [MESSAGE][PASSED] - Object 'Object Repository/FDR-Receipt/FDR-Receipt-DistributionLine/FDR-View-DitributionLine/pAccountIdText' is present

2020-09-15 14:30:06 - [TEST_STEP][PASSED] - accountIdTxt = getText(findTestObject("FDR-Receipt/FDR-Receipt-DistributionLine/FDR-View-DitributionLine/pAccountIdText"), STOP_ON_FAILURE): Text of object 'Object Repository/FDR-Receipt/FDR-Receipt-DistributionLine/FDR-View-DitributionLine/pAccountIdText' is: '5432000'

2020-09-15 14:30:06 - [MESSAGE][PASSED] - Text of object 'Object Repository/FDR-Receipt/FDR-Receipt-DistributionLine/FDR-View-DitributionLine/pAccountIdText' is: '5432000'

2020-09-15 14:30:06 - [TEST_STEP][PASSED] - waitForElementPresent(findTestObject("FDR-Receipt/FDR-Receipt-DistributionLine/FDR-View-DitributionLine/pAltAccountIdText"), 3, STOP_ON_FAILURE): Object 'Object Repository/FDR-Receipt/FDR-Receipt-DistributionLine/FDR-View-DitributionLine/pAltAccountIdText' is present

2020-09-15 14:30:07 - [MESSAGE][PASSED] - Object 'Object Repository/FDR-Receipt/FDR-Receipt-DistributionLine/FDR-View-DitributionLine/pAltAccountIdText' is present

2020-09-15 14:30:07 - [TEST_STEP][PASSED] - altAccountIdTxt = getText(findTestObject("FDR-Receipt/FDR-Receipt-DistributionLine/FDR-View-DitributionLine/pAltAccountIdText"), STOP_ON_FAILURE): Text of object 'Object Repository/FDR-Receipt/FDR-Receipt-DistributionLine/FDR-View-DitributionLine/pAltAccountIdText' is: '5432000019'

2020-09-15 14:30:07 - [MESSAGE][PASSED] - Text of object 'Object Repository/FDR-Receipt/FDR-Receipt-DistributionLine/FDR-View-DitributionLine/pAltAccountIdText' is: '5432000019'

2020-09-15 14:30:07 - [TEST_STEP][PASSED] - if (accountIdTxt == accountId && altAccountIdTxt == altAccountId): Valid Account and Alt Account

2020-09-15 14:30:07 - [TEST_STEP][PASSED] - markPassed("Valid Account and Alt Account"): Valid Account and Alt Account

2020-09-15 14:30:07 - [MESSAGE][PASSED] - Valid Account and Alt Account

2020-09-15 14:30:07 - [TEST_STEP][PASSED] - Start listener action : sampleAfterTestCase: Browser is closed

2020-09-15 14:30:07 - [TEST_STEP][PASSED] - profileName = getExecutionProfile(): null

2020-09-15 14:30:07 - [TEST_STEP][PASSED] - switch (profileName): null

2020-09-15 14:30:07 - [TEST_STEP][PASSED] - if (!(skipBeforeAndAfterTestCase)): Browser is closed

2020-09-15 14:30:07 - [TEST_STEP][PASSED] - Uifunctions.logoutFDR(): Browser is closed

2020-09-15 14:30:08 - [MESSAGE][PASSED] - Browser is closed

2020-09-15 14:30:08 - [TEST_STEP][PASSED] - Start listener action : afterTestCase: null

2020-09-15 14:30:08 - [TEST_STEP][PASSED] - profileName = getExecutionProfile(): null

2020-09-15 14:30:08 - [TEST_STEP][PASSED] - if (profileName.equalsIgnoreCase("SysAdmin")): null

2020-09-15 14:30:08 - [TEST_STEP][PASSED] - Start listener action : sampleAfterTestCase: null

2020-09-15 14:30:08 - [TEST_STEP][PASSED] - profileName = getExecutionProfile(): null

2020-09-15 14:30:08 - [TEST_STEP][PASSED] - switch (profileName): null

2020-09-15 14:30:08 - [TEST_STEP][PASSED] - Default: null

2020-09-15 14:30:08 - [TEST_STEP][PASSED] - return null: null

2020-09-15 14:30:08 - [TEST_STEP][PASSED] - Start listener action : addFailedTCToList: null]]></system-out>
         <system-err><![CDATA[]]></system-err>
      </testcase>
      <testcase name="Test Cases/WEB-UI-TESTS/Receipt/FDR-Review-Preview-Forms-Prior-Approval" time="73.144" classname="Test Cases/WEB-UI-TESTS/Receipt/FDR-Review-Preview-Forms-Prior-Approval" status="PASSED">
         <system-out><![CDATA[2020-09-15 14:30:08 - [TEST_CASE][PASSED] - Test Cases/WEB-UI-TESTS/Receipt/FDR-Review-Preview-Forms-Prior-Approval: Test Cases/WEB-UI-TESTS/Receipt/FDR-Review-Preview-Forms-Prior-Approval

2020-09-15 14:30:08 - [TEST_STEP][PASSED] - Start listener action : sampleBeforeTestCase: Navigate to 'https://fdr-katalon.cammis-mod-dev.dhcs.ca.gov' successfully

2020-09-15 14:30:08 - [TEST_STEP][PASSED] - profileName = getExecutionProfile(): null

2020-09-15 14:30:08 - [TEST_STEP][PASSED] - switch (profileName): null

2020-09-15 14:30:08 - [TEST_STEP][PASSED] - testCaseId = testCaseContext.getTestCaseId(): null

2020-09-15 14:30:08 - [TEST_STEP][PASSED] - if (!(skipBeforeAndAfterTestCase)): Navigate to 'https://fdr-katalon.cammis-mod-dev.dhcs.ca.gov' successfully

2020-09-15 14:30:08 - [TEST_STEP][PASSED] - if (account7TestCases.contains(testCaseId)): null

2020-09-15 14:30:08 - [TEST_STEP][PASSED] - else if (account10TestCases.contains(testCaseId)): null

2020-09-15 14:30:08 - [TEST_STEP][PASSED] - else: Object: 'Object Repository/FDR-SignIn/SignInButton' is clicked on

2020-09-15 14:30:08 - [TEST_STEP][PASSED] - Uifunctions.loginFDR(accountsApprover, accountsApproverPwd): Object: 'Object Repository/FDR-SignIn/SignInButton' is clicked on

2020-09-15 14:30:08 - [MESSAGE][INFO] - Starting 'Chrome' driver

2020-09-15 14:30:08 - [MESSAGE][INFO] - Action delay is set to 0 milliseconds

2020-09-15 14:30:11 - [MESSAGE][PASSED] - Browser is opened with url: ''

2020-09-15 14:30:13 - [MESSAGE][PASSED] - Current window maximized

2020-09-15 14:30:14 - [MESSAGE][PASSED] - Navigate to 'https://fdr-katalon.cammis-mod-dev.dhcs.ca.gov' successfully

2020-09-15 14:30:16 - [MESSAGE][PASSED] - Object 'Object Repository/FDR-SignIn/SignInEmail' is present

2020-09-15 14:30:16 - [MESSAGE][PASSED] - Object: 'Object Repository/FDR-SignIn/SignInEmail' is clicked on

2020-09-15 14:30:16 - [MESSAGE][PASSED] - Object 'Object Repository/FDR-SignIn/SignInEmail' is present

2020-09-15 14:30:17 - [MESSAGE][PASSED] - Text 'fdr.test3@dhcs.ca.gov' is set on object 'Object Repository/FDR-SignIn/SignInEmail'

2020-09-15 14:30:17 - [MESSAGE][PASSED] - Object 'Object Repository/FDR-SignIn/SignInEmailNext' is visible

2020-09-15 14:30:17 - [MESSAGE][PASSED] - Object: 'Object Repository/FDR-SignIn/SignInEmailNext' is clicked on

2020-09-15 14:30:22 - [MESSAGE][PASSED] - Object 'Object Repository/FDR-SignIn/SignInEmailPassword' is visible

2020-09-15 14:30:22 - [MESSAGE][PASSED] - Object: 'Object Repository/FDR-SignIn/SignInEmailPassword' is clicked on

2020-09-15 14:30:22 - [MESSAGE][PASSED] - Text ****** has been set on object 'Object Repository/FDR-SignIn/SignInEmailPassword'

2020-09-15 14:30:24 - [MESSAGE][PASSED] - Object: 'Object Repository/FDR-SignIn/SignInButton' is clicked on

2020-09-15 14:30:24 - [TEST_STEP][PASSED] - navigateToUrl(URL): Navigate to 'https://fdr-katalon.cammis-mod-dev.dhcs.ca.gov' successfully

2020-09-15 14:30:25 - [MESSAGE][PASSED] - Navigate to 'https://fdr-katalon.cammis-mod-dev.dhcs.ca.gov' successfully

2020-09-15 14:30:25 - [TEST_STEP][PASSED] - Start listener action : beforeTestCase: null

2020-09-15 14:30:25 - [TEST_STEP][PASSED] - profileName = getExecutionProfile(): null

2020-09-15 14:30:25 - [TEST_STEP][PASSED] - if (profileName.equalsIgnoreCase("SysAdmin")): null

2020-09-15 14:30:25 - [TEST_STEP][PASSED] - Start listener action : sampleBeforeTestCase: null

2020-09-15 14:30:25 - [TEST_STEP][PASSED] - profileName = getExecutionProfile(): null

2020-09-15 14:30:25 - [TEST_STEP][PASSED] - testCaseId = testCaseContext.getTestCaseId(): null

2020-09-15 14:30:25 - [TEST_STEP][PASSED] - switch (profileName): null

2020-09-15 14:30:25 - [TEST_STEP][PASSED] - Default: null

2020-09-15 14:30:25 - [TEST_STEP][PASSED] - return null: null

2020-09-15 14:30:25 - [TEST_STEP][PASSED] - Start listener action : executeRows: null

2020-09-15 14:30:25 - [TEST_STEP][PASSED] - d = Date().plus(1): null

2020-09-15 14:30:25 - [TEST_STEP][PASSED] - dd = Date().plus(2): null

2020-09-15 14:30:25 - [TEST_STEP][PASSED] - servicedatefrom = d.format("MM/dd/yyyy"): null

2020-09-15 14:30:25 - [TEST_STEP][PASSED] - servicedateto = dd.format("MM/dd/yyyy"): null

2020-09-15 14:30:25 - [TEST_STEP][PASSED] - newDepositId = RandomStringUtils.randomNumeric(7): null

2020-09-15 14:30:25 - [TEST_STEP][PASSED] - editors.createReceipt(Drawdate, Paydate, newDepositId, Receiptnotes, RA, CR): Object: 'Object Repository/FDR-Receipt/FDR-Receipt-Header/View/buttonNext' is clicked on

2020-09-15 14:30:30 - [MESSAGE][INFO] - Unable to find the element located by 'By.xpath: //*[@data-id='button-link']//*[contains(text(),'Create New Voucher')]'. Please recheck the objects properties to make sure the desired element is located. 

2020-09-15 14:30:30 - [MESSAGE][WARNING] - Object 'Object Repository/FDR-Dashboard/createNewVoucherButton' is not present after 4 second(s)

2020-09-15 14:30:30 - [MESSAGE][PASSED] - Object 'Object Repository/FDR-Receipt/FDR-Receipt-Dashboard/createNew_ReceiptBatch_Button' is present

2020-09-15 14:30:31 - [MESSAGE][PASSED] - Object: 'Object Repository/FDR-Receipt/FDR-Receipt-Dashboard/createNew_ReceiptBatch_Button' is clicked on

2020-09-15 14:30:31 - [MESSAGE][PASSED] - Object 'Object Repository/FDR-Receipt/FDR-Receipt-Header/View/inputDrawDate' is present

2020-09-15 14:30:32 - [MESSAGE][PASSED] - Text '10/05/2020' is set on object 'Object Repository/FDR-Receipt/FDR-Receipt-Header/View/inputDrawDate'

2020-09-15 14:30:33 - [MESSAGE][PASSED] - Keys 'TAB + ENTER + ENTER + ' sent to object: 'Object Repository/FDR-Receipt/FDR-Receipt-Header/View/inputDrawDate'

2020-09-15 14:30:34 - [MESSAGE][PASSED] - Object 'Object Repository/FDR-Receipt/FDR-Receipt-Header/Edit/payDate' is present

2020-09-15 14:30:35 - [MESSAGE][PASSED] - Text '10/07/2020' is set on object 'Object Repository/FDR-Receipt/FDR-Receipt-Header/Edit/payDate'

2020-09-15 14:30:35 - [MESSAGE][PASSED] - Object 'Object Repository/FDR-Receipt/FDR-Receipt-Header/View/deposit ID' is present

2020-09-15 14:30:36 - [MESSAGE][PASSED] - Text '8589109' is set on object 'Object Repository/FDR-Receipt/FDR-Receipt-Header/View/deposit ID'

2020-09-15 14:30:36 - [MESSAGE][PASSED] - Object 'Object Repository/FDR-Receipt/FDR-ReceiptBatch/receiptNotes' is present

2020-09-15 14:30:37 - [MESSAGE][PASSED] - Text 'rqewrq' is set on object 'Object Repository/FDR-Receipt/FDR-ReceiptBatch/receiptNotes'

2020-09-15 14:30:37 - [MESSAGE][PASSED] - Object 'Object Repository/FDR-Receipt/FDR-Receipt-Header/Edit/remmitanceAdviceInput' is present

2020-09-15 14:30:38 - [MESSAGE][PASSED] - Keys '1234' sent to object: 'Object Repository/FDR-Receipt/FDR-Receipt-Header/Edit/remmitanceAdviceInput'

2020-09-15 14:30:38 - [MESSAGE][PASSED] - Object 'Object Repository/FDR-Receipt/FDR-Receipt-Header/Edit/controllerReceiptInput' is present

2020-09-15 14:30:39 - [MESSAGE][PASSED] - Keys '4567' sent to object: 'Object Repository/FDR-Receipt/FDR-Receipt-Header/Edit/controllerReceiptInput'

2020-09-15 14:30:39 - [MESSAGE][PASSED] - Object 'Object Repository/FDR-Receipt/FDR-Receipt-Header/View/buttonNext' is present

2020-09-15 14:30:40 - [MESSAGE][PASSED] - Object: 'Object Repository/FDR-Receipt/FDR-Receipt-Header/View/buttonNext' is clicked on

2020-09-15 14:30:40 - [TEST_STEP][PASSED] - editors.createReceiptline(ReceiptID, SupplierID, DepositDate): Object: 'Object Repository/FDR-Receipt/FDR-Receipt-Checkline/View/addReceipt_Button2' is clicked on

2020-09-15 14:30:41 - [MESSAGE][PASSED] - Object 'Object Repository/FDR-Receipt/FDR-Receipt-Checkline/View/receipt_ID' is present

2020-09-15 14:30:42 - [MESSAGE][PASSED] - Keys 'CHK10322' sent to object: 'Object Repository/FDR-Receipt/FDR-Receipt-Checkline/View/receipt_ID'

2020-09-15 14:30:42 - [MESSAGE][PASSED] - Object 'Object Repository/FDR-Receipt/FDR-Receipt-Checkline/View/supplier_Id' is present

2020-09-15 14:30:42 - [MESSAGE][PASSED] - Object: 'Object Repository/FDR-Receipt/FDR-Receipt-Checkline/View/supplier_Id' is clicked on

2020-09-15 14:30:43 - [MESSAGE][PASSED] - Keys '0000007954' sent to object: 'Object Repository/FDR-Receipt/FDR-Receipt-Checkline/View/supplier_Id'

2020-09-15 14:30:43 - [MESSAGE][PASSED] - Keys 'DOWN + ENTER + ' sent to object: 'Object Repository/FDR-Receipt/FDR-Receipt-Checkline/View/supplier_Id'

2020-09-15 14:30:44 - [MESSAGE][PASSED] - Object 'Object Repository/FDR-Receipt/FDR-Receipt-Checkline/View/deposit_Date' is present

2020-09-15 14:30:44 - [MESSAGE][PASSED] - Keys '02/24/2020' sent to object: 'Object Repository/FDR-Receipt/FDR-Receipt-Checkline/View/deposit_Date'

2020-09-15 14:30:49 - [MESSAGE][INFO] - Unable to find the element located by 'By.xpath: //*[@data-id='button-link']//*[contains(text(),'Create New Voucher')]'. Please recheck the objects properties to make sure the desired element is located. 

2020-09-15 14:30:49 - [MESSAGE][WARNING] - Object 'Object Repository/FDR-Dashboard/createNewVoucherButton' is not present after 4 second(s)

2020-09-15 14:30:50 - [MESSAGE][PASSED] - Object 'Object Repository/FDR-Receipt/FDR-Receipt-Checkline/View/addReceipt_Button2' is present

2020-09-15 14:30:50 - [MESSAGE][PASSED] - Object: 'Object Repository/FDR-Receipt/FDR-Receipt-Checkline/View/addReceipt_Button2' is clicked on

2020-09-15 14:30:50 - [TEST_STEP][PASSED] - editors.createReceiptDistributionLine(servicedatefrom, servicedateto, amount, waiverType, waiverName, fundingSource, fundCode, fundRatio, nonFederalFund, serviceLocation, index, programType, serviceCategory, increaseDecreaseLine, accountId, altAccountId): Object: 'Object Repository/FDR-Receipt/FDR-Receipt-DistributionLine/FDR-AddEdit-DistributionLine/button_SaveClose' is clicked on

2020-09-15 14:30:51 - [MESSAGE][PASSED] - Object 'Object Repository/FDR-Receipt/FDR-Receipt-DistributionLine/FDR-AddEdit-DistributionLine/arrow_Down' is clickable

2020-09-15 14:30:51 - [MESSAGE][PASSED] - Object: 'Object Repository/FDR-Receipt/FDR-Receipt-DistributionLine/FDR-AddEdit-DistributionLine/arrow_Down' is clicked on

2020-09-15 14:30:51 - [MESSAGE][PASSED] - Object 'Object Repository/FDR-Receipt/FDR-Receipt-DistributionLine/FDR-AddEdit-DistributionLine/button_Add-Invoiceline' is present

2020-09-15 14:30:52 - [MESSAGE][PASSED] - Scroll to object 'Object Repository/FDR-Receipt/FDR-Receipt-DistributionLine/FDR-AddEdit-DistributionLine/button_Add-Invoiceline' successfully

2020-09-15 14:30:52 - [MESSAGE][PASSED] - Object 'Object Repository/FDR-Receipt/FDR-Receipt-DistributionLine/FDR-AddEdit-DistributionLine/button_Add-Invoiceline' is clickable

2020-09-15 14:30:53 - [MESSAGE][PASSED] - Object: 'Object Repository/FDR-Receipt/FDR-Receipt-DistributionLine/FDR-AddEdit-DistributionLine/button_Add-Invoiceline' is clicked on

2020-09-15 14:30:53 - [MESSAGE][PASSED] - Object 'Object Repository/FDR-Receipt/FDR-Receipt-DistributionLine/FDR-AddEdit-DistributionLine/invoice_Searchfield' is present

2020-09-15 14:30:54 - [MESSAGE][PASSED] - Keys 'MC' sent to object: 'Object Repository/FDR-Receipt/FDR-Receipt-DistributionLine/FDR-AddEdit-DistributionLine/invoice_Searchfield'

2020-09-15 14:30:54 - [MESSAGE][PASSED] - Object: 'Object Repository/FDR-Receipt/FDR-Receipt-DistributionLine/FDR-AddEdit-DistributionLine/button_Add_invoicemanually' is clicked on

2020-09-15 14:30:55 - [MESSAGE][PASSED] - Object 'Object Repository/FDR-Receipt/FDR-Receipt-DistributionLine/FDR-AddEdit-DistributionLine/input_Service date (from)' is present

2020-09-15 14:30:56 - [MESSAGE][PASSED] - Keys '09/16/2020' sent to object: 'Object Repository/FDR-Receipt/FDR-Receipt-DistributionLine/FDR-AddEdit-DistributionLine/input_Service date (from)'

2020-09-15 14:30:56 - [MESSAGE][PASSED] - Object 'Object Repository/FDR-Receipt/FDR-Receipt-DistributionLine/FDR-AddEdit-DistributionLine/input_Service date (to)' is present

2020-09-15 14:30:57 - [MESSAGE][PASSED] - Keys '09/17/2020' sent to object: 'Object Repository/FDR-Receipt/FDR-Receipt-DistributionLine/FDR-AddEdit-DistributionLine/input_Service date (to)'

2020-09-15 14:30:57 - [MESSAGE][PASSED] - Object 'Object Repository/FDR-Receipt/FDR-Receipt-DistributionLine/FDR-AddEdit-DistributionLine/input_Amount' is present

2020-09-15 14:30:58 - [MESSAGE][PASSED] - Keys '3000' sent to object: 'Object Repository/FDR-Receipt/FDR-Receipt-DistributionLine/FDR-AddEdit-DistributionLine/input_Amount'

2020-09-15 14:30:58 - [MESSAGE][PASSED] - Object 'Object Repository/FDR-Receipt/FDR-Receipt-DistributionLine/FDR-AddEdit-DistributionLine/waiver_Type' is present

2020-09-15 14:30:58 - [MESSAGE][PASSED] - Object 'Object Repository/FDR-Receipt/FDR-Receipt-DistributionLine/FDR-AddEdit-DistributionLine/waiver_Type' is present

2020-09-15 14:30:58 - [MESSAGE][PASSED] - Keys '2020' sent to object: 'Object Repository/FDR-Receipt/FDR-Receipt-DistributionLine/FDR-AddEdit-DistributionLine/waiver_Type'

2020-09-15 14:30:59 - [MESSAGE][PASSED] - Keys 'DOWN + ENTER + ' sent to object: 'Object Repository/FDR-Receipt/FDR-Receipt-DistributionLine/FDR-AddEdit-DistributionLine/waiver_Type'

2020-09-15 14:30:59 - [MESSAGE][PASSED] - Object 'Object Repository/FDR-Receipt/FDR-Receipt-DistributionLine/FDR-AddEdit-DistributionLine/waiver_Name' is present

2020-09-15 14:31:00 - [MESSAGE][PASSED] - Keys 'A-FamilyU TPM/GMC' sent to object: 'Object Repository/FDR-Receipt/FDR-Receipt-DistributionLine/FDR-AddEdit-DistributionLine/waiver_Name'

2020-09-15 14:31:01 - [MESSAGE][PASSED] - Keys 'DOWN + ENTER + ' sent to object: 'Object Repository/FDR-Receipt/FDR-Receipt-DistributionLine/FDR-AddEdit-DistributionLine/waiver_Name'

2020-09-15 14:31:01 - [MESSAGE][PASSED] - Object 'Object Repository/FDR-Receipt/FDR-Receipt-DistributionLine/FDR-AddEdit-DistributionLine/funding_Source' is present

2020-09-15 14:31:01 - [MESSAGE][PASSED] - Keys 'Dental' sent to object: 'Object Repository/FDR-Receipt/FDR-Receipt-DistributionLine/FDR-AddEdit-DistributionLine/funding_Source'

2020-09-15 14:31:02 - [MESSAGE][PASSED] - Keys 'DOWN + ENTER + ' sent to object: 'Object Repository/FDR-Receipt/FDR-Receipt-DistributionLine/FDR-AddEdit-DistributionLine/funding_Source'

2020-09-15 14:31:02 - [MESSAGE][PASSED] - Object 'Object Repository/FDR-Receipt/FDR-Receipt-DistributionLine/FDR-AddEdit-DistributionLine/fund_Code' is present

2020-09-15 14:31:03 - [MESSAGE][PASSED] - Keys 'Health Care Deposit Fund (0912)' sent to object: 'Object Repository/FDR-Receipt/FDR-Receipt-DistributionLine/FDR-AddEdit-DistributionLine/fund_Code'

2020-09-15 14:31:03 - [MESSAGE][PASSED] - Keys 'DOWN + ENTER + ' sent to object: 'Object Repository/FDR-Receipt/FDR-Receipt-DistributionLine/FDR-AddEdit-DistributionLine/fund_Code'

2020-09-15 14:31:04 - [MESSAGE][PASSED] - Object 'Object Repository/FDR-Receipt/FDR-Receipt-DistributionLine/FDR-AddEdit-DistributionLine/fund_Ratio' is present

2020-09-15 14:31:04 - [MESSAGE][PASSED] - Keys '5' sent to object: 'Object Repository/FDR-Receipt/FDR-Receipt-DistributionLine/FDR-AddEdit-DistributionLine/fund_Ratio'

2020-09-15 14:31:05 - [MESSAGE][PASSED] - Keys 'DOWN + ENTER + ' sent to object: 'Object Repository/FDR-Receipt/FDR-Receipt-DistributionLine/FDR-AddEdit-DistributionLine/fund_Ratio'

2020-09-15 14:31:05 - [MESSAGE][PASSED] - Object 'Object Repository/FDR-Receipt/FDR-Receipt-DistributionLine/FDR-AddEdit-DistributionLine/non_Federalfund' is present

2020-09-15 14:31:06 - [MESSAGE][PASSED] - Keys '0001' sent to object: 'Object Repository/FDR-Receipt/FDR-Receipt-DistributionLine/FDR-AddEdit-DistributionLine/non_Federalfund'

2020-09-15 14:31:06 - [MESSAGE][PASSED] - Keys 'DOWN + ENTER + ' sent to object: 'Object Repository/FDR-Receipt/FDR-Receipt-DistributionLine/FDR-AddEdit-DistributionLine/non_Federalfund'

2020-09-15 14:31:07 - [MESSAGE][PASSED] - Object 'Object Repository/FDR-Receipt/FDR-Receipt-DistributionLine/FDR-AddEdit-DistributionLine/inputAccountId' is present

2020-09-15 14:31:07 - [MESSAGE][PASSED] - Keys '5432000' sent to object: 'Object Repository/FDR-Receipt/FDR-Receipt-DistributionLine/FDR-AddEdit-DistributionLine/inputAccountId'

2020-09-15 14:31:07 - [MESSAGE][PASSED] - Keys 'DOWN + ENTER + ' sent to object: 'Object Repository/FDR-Receipt/FDR-Receipt-DistributionLine/FDR-AddEdit-DistributionLine/inputAccountId'

2020-09-15 14:31:08 - [MESSAGE][PASSED] - Object 'Object Repository/FDR-Receipt/FDR-Receipt-DistributionLine/FDR-AddEdit-DistributionLine/inputAltAccountId' is present

2020-09-15 14:31:08 - [MESSAGE][PASSED] - Keys '5432000019' sent to object: 'Object Repository/FDR-Receipt/FDR-Receipt-DistributionLine/FDR-AddEdit-DistributionLine/inputAltAccountId'

2020-09-15 14:31:09 - [MESSAGE][PASSED] - Keys 'DOWN + ENTER + ' sent to object: 'Object Repository/FDR-Receipt/FDR-Receipt-DistributionLine/FDR-AddEdit-DistributionLine/inputAltAccountId'

2020-09-15 14:31:09 - [MESSAGE][PASSED] - Object 'Object Repository/FDR-Receipt/FDR-Receipt-DistributionLine/FDR-AddEdit-DistributionLine/input_Service location_serviceLocation' is present

2020-09-15 14:31:10 - [MESSAGE][PASSED] - Keys '3445' sent to object: 'Object Repository/FDR-Receipt/FDR-Receipt-DistributionLine/FDR-AddEdit-DistributionLine/input_Service location_serviceLocation'

2020-09-15 14:31:10 - [MESSAGE][PASSED] - Keys 'DOWN + ENTER + ' sent to object: 'Object Repository/FDR-Receipt/FDR-Receipt-DistributionLine/FDR-AddEdit-DistributionLine/input_Service location_serviceLocation'

2020-09-15 14:31:10 - [MESSAGE][PASSED] - Object 'Object Repository/FDR-Receipt/FDR-Receipt-DistributionLine/FDR-AddEdit-DistributionLine/Index' is present

2020-09-15 14:31:11 - [MESSAGE][PASSED] - Keys '1155' sent to object: 'Object Repository/FDR-Receipt/FDR-Receipt-DistributionLine/FDR-AddEdit-DistributionLine/Index'

2020-09-15 14:31:11 - [MESSAGE][PASSED] - Keys 'DOWN + ENTER + ' sent to object: 'Object Repository/FDR-Receipt/FDR-Receipt-DistributionLine/FDR-AddEdit-DistributionLine/Index'

2020-09-15 14:31:12 - [MESSAGE][PASSED] - Object 'Object Repository/FDR-Receipt/FDR-Receipt-DistributionLine/FDR-AddEdit-DistributionLine/program_Type' is present

2020-09-15 14:31:12 - [MESSAGE][PASSED] - Keys 'Medical Assistance (MA)' sent to object: 'Object Repository/FDR-Receipt/FDR-Receipt-DistributionLine/FDR-AddEdit-DistributionLine/program_Type'

2020-09-15 14:31:12 - [MESSAGE][PASSED] - Keys 'DOWN + ENTER + ' sent to object: 'Object Repository/FDR-Receipt/FDR-Receipt-DistributionLine/FDR-AddEdit-DistributionLine/program_Type'

2020-09-15 14:31:13 - [MESSAGE][PASSED] - Object 'Object Repository/FDR-Receipt/FDR-Receipt-DistributionLine/FDR-AddEdit-DistributionLine/service_Category' is present

2020-09-15 14:31:13 - [MESSAGE][PASSED] - Keys '18B1' sent to object: 'Object Repository/FDR-Receipt/FDR-Receipt-DistributionLine/FDR-AddEdit-DistributionLine/service_Category'

2020-09-15 14:31:14 - [MESSAGE][PASSED] - Keys 'DOWN + ENTER + ' sent to object: 'Object Repository/FDR-Receipt/FDR-Receipt-DistributionLine/FDR-AddEdit-DistributionLine/service_Category'

2020-09-15 14:31:14 - [MESSAGE][PASSED] - Object 'Object Repository/FDR-Receipt/FDR-Receipt-DistributionLine/FDR-AddEdit-DistributionLine/increaseDecreaseLine' is present

2020-09-15 14:31:15 - [MESSAGE][PASSED] - Keys '10b: Receipts or any decrease' sent to object: 'Object Repository/FDR-Receipt/FDR-Receipt-DistributionLine/FDR-AddEdit-DistributionLine/increaseDecreaseLine'

2020-09-15 14:31:15 - [MESSAGE][PASSED] - Keys 'DOWN + ENTER + ' sent to object: 'Object Repository/FDR-Receipt/FDR-Receipt-DistributionLine/FDR-AddEdit-DistributionLine/increaseDecreaseLine'

2020-09-15 14:31:16 - [MESSAGE][PASSED] - Object 'Object Repository/FDR-Receipt/FDR-Receipt-DistributionLine/FDR-AddEdit-DistributionLine/button_SaveClose' is present

2020-09-15 14:31:16 - [MESSAGE][PASSED] - Object 'Object Repository/FDR-Receipt/FDR-Receipt-DistributionLine/FDR-AddEdit-DistributionLine/button_SaveClose' is clickable

2020-09-15 14:31:16 - [MESSAGE][PASSED] - Object: 'Object Repository/FDR-Receipt/FDR-Receipt-DistributionLine/FDR-AddEdit-DistributionLine/button_SaveClose' is clicked on

2020-09-15 14:31:16 - [TEST_STEP][PASSED] - buttonColor = getCSSValue(findTestObject("FDR-Receipt/FDR-ReceiptBatch/Fix/reviewButton"), "color"): Get CSS 'color' value on 'Object Repository/FDR-Receipt/FDR-ReceiptBatch/Fix/reviewButton' successfully: 'rgba(255, 255, 255, 1)'.

2020-09-15 14:31:18 - [MESSAGE][PASSED] - Get CSS 'color' value on 'Object Repository/FDR-Receipt/FDR-ReceiptBatch/Fix/reviewButton' successfully: 'rgba(255, 255, 255, 1)'.

2020-09-15 14:31:18 - [TEST_STEP][PASSED] - waitForElementPresent(findTestObject("FDR-Receipt/FDR-ReceiptBatch/Fix/reviewButton"), 5): Object 'Object Repository/FDR-Receipt/FDR-ReceiptBatch/Fix/reviewButton' is present

2020-09-15 14:31:18 - [MESSAGE][PASSED] - Object 'Object Repository/FDR-Receipt/FDR-ReceiptBatch/Fix/reviewButton' is present

2020-09-15 14:31:18 - [TEST_STEP][PASSED] - click(findTestObject("FDR-Receipt/FDR-ReceiptBatch/Fix/reviewButton")): Object: 'Object Repository/FDR-Receipt/FDR-ReceiptBatch/Fix/reviewButton' is clicked on

2020-09-15 14:31:18 - [MESSAGE][PASSED] - Object: 'Object Repository/FDR-Receipt/FDR-ReceiptBatch/Fix/reviewButton' is clicked on

2020-09-15 14:31:18 - [TEST_STEP][PASSED] - waitForElementPresent(findTestObject("FDR-Receipt/FDR-ReceiptBatch/PrintForms/buttonTransactionRequestPreview"), 2): Object 'Object Repository/FDR-Receipt/FDR-ReceiptBatch/PrintForms/buttonTransactionRequestPreview' is present

2020-09-15 14:31:19 - [MESSAGE][PASSED] - Object 'Object Repository/FDR-Receipt/FDR-ReceiptBatch/PrintForms/buttonTransactionRequestPreview' is present

2020-09-15 14:31:19 - [TEST_STEP][PASSED] - click(findTestObject("FDR-Receipt/FDR-ReceiptBatch/PrintForms/buttonTransactionRequestPreview")): Object: 'Object Repository/FDR-Receipt/FDR-ReceiptBatch/PrintForms/buttonTransactionRequestPreview' is clicked on

2020-09-15 14:31:20 - [MESSAGE][PASSED] - Object: 'Object Repository/FDR-Receipt/FDR-ReceiptBatch/PrintForms/buttonTransactionRequestPreview' is clicked on

2020-09-15 14:31:20 - [TEST_STEP][PASSED] - verifyElementPresent(findTestObject("FDR-Receipt/FDR-ReceiptBatch/PrintForms/titleTransactionRequestPreview"), 2): Object 'Object Repository/FDR-Receipt/FDR-ReceiptBatch/PrintForms/titleTransactionRequestPreview' is present

2020-09-15 14:31:20 - [MESSAGE][PASSED] - Object 'Object Repository/FDR-Receipt/FDR-ReceiptBatch/PrintForms/titleTransactionRequestPreview' is present

2020-09-15 14:31:20 - [TEST_STEP][PASSED] - Start listener action : sampleAfterTestCase: Browser is closed

2020-09-15 14:31:20 - [TEST_STEP][PASSED] - profileName = getExecutionProfile(): null

2020-09-15 14:31:20 - [TEST_STEP][PASSED] - switch (profileName): null

2020-09-15 14:31:20 - [TEST_STEP][PASSED] - if (!(skipBeforeAndAfterTestCase)): Browser is closed

2020-09-15 14:31:20 - [TEST_STEP][PASSED] - Uifunctions.logoutFDR(): Browser is closed

2020-09-15 14:31:21 - [MESSAGE][PASSED] - Browser is closed

2020-09-15 14:31:21 - [TEST_STEP][PASSED] - Start listener action : afterTestCase: null

2020-09-15 14:31:21 - [TEST_STEP][PASSED] - profileName = getExecutionProfile(): null

2020-09-15 14:31:21 - [TEST_STEP][PASSED] - if (profileName.equalsIgnoreCase("SysAdmin")): null

2020-09-15 14:31:21 - [TEST_STEP][PASSED] - Start listener action : sampleAfterTestCase: null

2020-09-15 14:31:21 - [TEST_STEP][PASSED] - profileName = getExecutionProfile(): null

2020-09-15 14:31:21 - [TEST_STEP][PASSED] - switch (profileName): null

2020-09-15 14:31:21 - [TEST_STEP][PASSED] - Default: null

2020-09-15 14:31:21 - [TEST_STEP][PASSED] - return null: null

2020-09-15 14:31:21 - [TEST_STEP][PASSED] - Start listener action : addFailedTCToList: null]]></system-out>
         <system-err><![CDATA[]]></system-err>
      </testcase>
      <testcase name="Test Cases/WEB-UI-TESTS/Receipt/FDR-Review-Print-Forms" time="80.394" classname="Test Cases/WEB-UI-TESTS/Receipt/FDR-Review-Print-Forms" status="PASSED">
         <system-out><![CDATA[2020-09-15 14:31:21 - [TEST_CASE][PASSED] - Test Cases/WEB-UI-TESTS/Receipt/FDR-Review-Print-Forms: Test Cases/WEB-UI-TESTS/Receipt/FDR-Review-Print-Forms

2020-09-15 14:31:21 - [TEST_STEP][PASSED] - Start listener action : sampleBeforeTestCase: Navigate to 'https://fdr-katalon.cammis-mod-dev.dhcs.ca.gov' successfully

2020-09-15 14:31:21 - [TEST_STEP][PASSED] - profileName = getExecutionProfile(): null

2020-09-15 14:31:21 - [TEST_STEP][PASSED] - switch (profileName): null

2020-09-15 14:31:21 - [TEST_STEP][PASSED] - testCaseId = testCaseContext.getTestCaseId(): null

2020-09-15 14:31:21 - [TEST_STEP][PASSED] - if (!(skipBeforeAndAfterTestCase)): Navigate to 'https://fdr-katalon.cammis-mod-dev.dhcs.ca.gov' successfully

2020-09-15 14:31:21 - [TEST_STEP][PASSED] - if (account7TestCases.contains(testCaseId)): Object: 'Object Repository/FDR-SignIn/SignInButton' is clicked on

2020-09-15 14:31:21 - [TEST_STEP][PASSED] - Uifunctions.loginFDR(accountsAdmin, accountsAdminPwd): Object: 'Object Repository/FDR-SignIn/SignInButton' is clicked on

2020-09-15 14:31:21 - [MESSAGE][INFO] - Starting 'Chrome' driver

2020-09-15 14:31:21 - [MESSAGE][INFO] - Action delay is set to 0 milliseconds

2020-09-15 14:31:24 - [MESSAGE][PASSED] - Browser is opened with url: ''

2020-09-15 14:31:26 - [MESSAGE][PASSED] - Current window maximized

2020-09-15 14:31:27 - [MESSAGE][PASSED] - Navigate to 'https://fdr-katalon.cammis-mod-dev.dhcs.ca.gov' successfully

2020-09-15 14:31:29 - [MESSAGE][PASSED] - Object 'Object Repository/FDR-SignIn/SignInEmail' is present

2020-09-15 14:31:29 - [MESSAGE][PASSED] - Object: 'Object Repository/FDR-SignIn/SignInEmail' is clicked on

2020-09-15 14:31:29 - [MESSAGE][PASSED] - Object 'Object Repository/FDR-SignIn/SignInEmail' is present

2020-09-15 14:31:30 - [MESSAGE][PASSED] - Text 'fdr.test4@dhcs.ca.gov' is set on object 'Object Repository/FDR-SignIn/SignInEmail'

2020-09-15 14:31:30 - [MESSAGE][PASSED] - Object 'Object Repository/FDR-SignIn/SignInEmailNext' is visible

2020-09-15 14:31:31 - [MESSAGE][PASSED] - Object: 'Object Repository/FDR-SignIn/SignInEmailNext' is clicked on

2020-09-15 14:31:34 - [MESSAGE][PASSED] - Object 'Object Repository/FDR-SignIn/SignInEmailPassword' is visible

2020-09-15 14:31:34 - [MESSAGE][PASSED] - Object: 'Object Repository/FDR-SignIn/SignInEmailPassword' is clicked on

2020-09-15 14:31:34 - [MESSAGE][PASSED] - Text ****** has been set on object 'Object Repository/FDR-SignIn/SignInEmailPassword'

2020-09-15 14:31:36 - [MESSAGE][PASSED] - Object: 'Object Repository/FDR-SignIn/SignInButton' is clicked on

2020-09-15 14:31:36 - [TEST_STEP][PASSED] - navigateToUrl(URL): Navigate to 'https://fdr-katalon.cammis-mod-dev.dhcs.ca.gov' successfully

2020-09-15 14:31:37 - [MESSAGE][PASSED] - Navigate to 'https://fdr-katalon.cammis-mod-dev.dhcs.ca.gov' successfully

2020-09-15 14:31:37 - [TEST_STEP][PASSED] - Start listener action : beforeTestCase: null

2020-09-15 14:31:37 - [TEST_STEP][PASSED] - profileName = getExecutionProfile(): null

2020-09-15 14:31:37 - [TEST_STEP][PASSED] - if (profileName.equalsIgnoreCase("SysAdmin")): null

2020-09-15 14:31:37 - [TEST_STEP][PASSED] - Start listener action : sampleBeforeTestCase: null

2020-09-15 14:31:37 - [TEST_STEP][PASSED] - profileName = getExecutionProfile(): null

2020-09-15 14:31:37 - [TEST_STEP][PASSED] - testCaseId = testCaseContext.getTestCaseId(): null

2020-09-15 14:31:37 - [TEST_STEP][PASSED] - switch (profileName): null

2020-09-15 14:31:37 - [TEST_STEP][PASSED] - Default: null

2020-09-15 14:31:37 - [TEST_STEP][PASSED] - return null: null

2020-09-15 14:31:37 - [TEST_STEP][PASSED] - Start listener action : executeRows: null

2020-09-15 14:31:37 - [TEST_STEP][PASSED] - d = Date().plus(1): null

2020-09-15 14:31:37 - [TEST_STEP][PASSED] - dd = Date().plus(2): null

2020-09-15 14:31:37 - [TEST_STEP][PASSED] - servicedatefrom = d.format("MM/dd/yyyy"): null

2020-09-15 14:31:37 - [TEST_STEP][PASSED] - servicedateto = dd.format("MM/dd/yyyy"): null

2020-09-15 14:31:37 - [TEST_STEP][PASSED] - originalwarrantdate = dd.format("MM/dd/yyyy"): null

2020-09-15 14:31:37 - [TEST_STEP][PASSED] - waitForElementPresent(findTestObject("FDR-Receipt/FDR-Receipt-Dashboard/createNew_ReceiptBatch_Button"), 3): Object 'Object Repository/FDR-Receipt/FDR-Receipt-Dashboard/createNew_ReceiptBatch_Button' is present

2020-09-15 14:31:39 - [MESSAGE][PASSED] - Object 'Object Repository/FDR-Receipt/FDR-Receipt-Dashboard/createNew_ReceiptBatch_Button' is present

2020-09-15 14:31:39 - [TEST_STEP][PASSED] - click(findTestObject("FDR-Receipt/FDR-Receipt-Dashboard/createNew_ReceiptBatch_Button")): Object: 'Object Repository/FDR-Receipt/FDR-Receipt-Dashboard/createNew_ReceiptBatch_Button' is clicked on

2020-09-15 14:31:39 - [MESSAGE][PASSED] - Object: 'Object Repository/FDR-Receipt/FDR-Receipt-Dashboard/createNew_ReceiptBatch_Button' is clicked on

2020-09-15 14:31:39 - [TEST_STEP][PASSED] - waitForElementPresent(findTestObject("FDR-Dashboard/createNewVoucherButton"), 4): Object 'Object Repository/FDR-Dashboard/createNewVoucherButton' is not present after 4 second(s)

2020-09-15 14:31:44 - [MESSAGE][INFO] - Unable to find the element located by 'By.xpath: //*[@data-id='button-link']//*[contains(text(),'Create New Voucher')]'. Please recheck the objects properties to make sure the desired element is located. 

2020-09-15 14:31:44 - [MESSAGE][WARNING] - Object 'Object Repository/FDR-Dashboard/createNewVoucherButton' is not present after 4 second(s)

2020-09-15 14:31:44 - [TEST_STEP][PASSED] - waitForElementPresent(findTestObject("FDR-Receipt/FDR-Receipt-Header/View/inputDrawDate"), 3): Object 'Object Repository/FDR-Receipt/FDR-Receipt-Header/View/inputDrawDate' is present

2020-09-15 14:31:45 - [MESSAGE][PASSED] - Object 'Object Repository/FDR-Receipt/FDR-Receipt-Header/View/inputDrawDate' is present

2020-09-15 14:31:45 - [TEST_STEP][PASSED] - sendKeys(findTestObject("FDR-Receipt/FDR-Receipt-Header/View/inputDrawDate"), Drawdate): Keys '10/05/2020' sent to object: 'Object Repository/FDR-Receipt/FDR-Receipt-Header/View/inputDrawDate'

2020-09-15 14:31:45 - [MESSAGE][PASSED] - Keys '10/05/2020' sent to object: 'Object Repository/FDR-Receipt/FDR-Receipt-Header/View/inputDrawDate'

2020-09-15 14:31:45 - [TEST_STEP][PASSED] - waitForElementPresent(findTestObject("FDR-Receipt/FDR-Receipt-Header/Edit/payDate"), 3): Object 'Object Repository/FDR-Receipt/FDR-Receipt-Header/Edit/payDate' is present

2020-09-15 14:31:46 - [MESSAGE][PASSED] - Object 'Object Repository/FDR-Receipt/FDR-Receipt-Header/Edit/payDate' is present

2020-09-15 14:31:46 - [TEST_STEP][PASSED] - sendKeys(findTestObject("FDR-Receipt/FDR-Receipt-Header/Edit/payDate"), Paydate): Keys '10/07/2020' sent to object: 'Object Repository/FDR-Receipt/FDR-Receipt-Header/Edit/payDate'

2020-09-15 14:31:46 - [MESSAGE][PASSED] - Keys '10/07/2020' sent to object: 'Object Repository/FDR-Receipt/FDR-Receipt-Header/Edit/payDate'

2020-09-15 14:31:46 - [TEST_STEP][PASSED] - waitForElementPresent(findTestObject("FDR-Receipt/FDR-Receipt-Header/View/deposit ID"), 10): Object 'Object Repository/FDR-Receipt/FDR-Receipt-Header/View/deposit ID' is present

2020-09-15 14:31:47 - [MESSAGE][PASSED] - Object 'Object Repository/FDR-Receipt/FDR-Receipt-Header/View/deposit ID' is present

2020-09-15 14:31:47 - [TEST_STEP][PASSED] - depositId = RandomStringUtils.randomNumeric(7): null

2020-09-15 14:31:47 - [TEST_STEP][PASSED] - sendKeys(findTestObject("FDR-Receipt/FDR-Receipt-Header/View/deposit ID"), depositId): Keys '2824881' sent to object: 'Object Repository/FDR-Receipt/FDR-Receipt-Header/View/deposit ID'

2020-09-15 14:31:47 - [MESSAGE][PASSED] - Keys '2824881' sent to object: 'Object Repository/FDR-Receipt/FDR-Receipt-Header/View/deposit ID'

2020-09-15 14:31:47 - [TEST_STEP][PASSED] - waitForElementPresent(findTestObject("FDR-Receipt/FDR-ReceiptBatch/receiptNotes"), 10): Object 'Object Repository/FDR-Receipt/FDR-ReceiptBatch/receiptNotes' is present

2020-09-15 14:31:48 - [MESSAGE][PASSED] - Object 'Object Repository/FDR-Receipt/FDR-ReceiptBatch/receiptNotes' is present

2020-09-15 14:31:48 - [TEST_STEP][PASSED] - sendKeys(findTestObject("FDR-Receipt/FDR-ReceiptBatch/receiptNotes"), Receiptnotes): Keys 'rqewrq' sent to object: 'Object Repository/FDR-Receipt/FDR-ReceiptBatch/receiptNotes'

2020-09-15 14:31:48 - [MESSAGE][PASSED] - Keys 'rqewrq' sent to object: 'Object Repository/FDR-Receipt/FDR-ReceiptBatch/receiptNotes'

2020-09-15 14:31:48 - [TEST_STEP][PASSED] - sendKeys(findTestObject("FDR-Receipt/FDR-Receipt-Header/View/remittanceNo"), Remittance): Keys '1234' sent to object: 'Object Repository/FDR-Receipt/FDR-Receipt-Header/View/remittanceNo'

2020-09-15 14:31:49 - [MESSAGE][PASSED] - Keys '1234' sent to object: 'Object Repository/FDR-Receipt/FDR-Receipt-Header/View/remittanceNo'

2020-09-15 14:31:49 - [TEST_STEP][PASSED] - waitForElementPresent(findTestObject("FDR-Receipt/FDR-Receipt-Header/View/controllerNo"), 10): Object 'Object Repository/FDR-Receipt/FDR-Receipt-Header/View/controllerNo' is present

2020-09-15 14:31:49 - [MESSAGE][PASSED] - Object 'Object Repository/FDR-Receipt/FDR-Receipt-Header/View/controllerNo' is present

2020-09-15 14:31:49 - [TEST_STEP][PASSED] - sendKeys(findTestObject("FDR-Receipt/FDR-Receipt-Header/View/controllerNo"), Controller): Keys '4567' sent to object: 'Object Repository/FDR-Receipt/FDR-Receipt-Header/View/controllerNo'

2020-09-15 14:31:50 - [MESSAGE][PASSED] - Keys '4567' sent to object: 'Object Repository/FDR-Receipt/FDR-Receipt-Header/View/controllerNo'

2020-09-15 14:31:50 - [TEST_STEP][PASSED] - waitForElementPresent(findTestObject("FDR-Receipt/FDR-Receipt-Header/View/buttonNext"), 10): Object 'Object Repository/FDR-Receipt/FDR-Receipt-Header/View/buttonNext' is present

2020-09-15 14:31:50 - [MESSAGE][PASSED] - Object 'Object Repository/FDR-Receipt/FDR-Receipt-Header/View/buttonNext' is present

2020-09-15 14:31:50 - [TEST_STEP][PASSED] - click(findTestObject("FDR-Receipt/FDR-Receipt-Header/View/buttonNext")): Object: 'Object Repository/FDR-Receipt/FDR-Receipt-Header/View/buttonNext' is clicked on

2020-09-15 14:31:50 - [MESSAGE][PASSED] - Object: 'Object Repository/FDR-Receipt/FDR-Receipt-Header/View/buttonNext' is clicked on

2020-09-15 14:31:50 - [TEST_STEP][PASSED] - delay(2): Delayed 2 second(s)

2020-09-15 14:31:52 - [MESSAGE][PASSED] - Delayed 2 second(s)

2020-09-15 14:31:52 - [TEST_STEP][PASSED] - waitForElementPresent(findTestObject("FDR-Receipt/FDR-Receipt-Checkline/View/receipt_ID"), 10): Object 'Object Repository/FDR-Receipt/FDR-Receipt-Checkline/View/receipt_ID' is present

2020-09-15 14:31:53 - [MESSAGE][PASSED] - Object 'Object Repository/FDR-Receipt/FDR-Receipt-Checkline/View/receipt_ID' is present

2020-09-15 14:31:53 - [TEST_STEP][PASSED] - sendKeys(findTestObject("FDR-Receipt/FDR-Receipt-Checkline/View/receipt_ID"), ReceiptID): Keys 'CHK10322' sent to object: 'Object Repository/FDR-Receipt/FDR-Receipt-Checkline/View/receipt_ID'

2020-09-15 14:31:53 - [MESSAGE][PASSED] - Keys 'CHK10322' sent to object: 'Object Repository/FDR-Receipt/FDR-Receipt-Checkline/View/receipt_ID'

2020-09-15 14:31:53 - [TEST_STEP][PASSED] - waitForElementPresent(findTestObject("FDR-Receipt/FDR-Receipt-Checkline/View/supplier_Id"), 10): Object 'Object Repository/FDR-Receipt/FDR-Receipt-Checkline/View/supplier_Id' is present

2020-09-15 14:31:54 - [MESSAGE][PASSED] - Object 'Object Repository/FDR-Receipt/FDR-Receipt-Checkline/View/supplier_Id' is present

2020-09-15 14:31:54 - [TEST_STEP][PASSED] - sendKeys(findTestObject("FDR-Receipt/FDR-Receipt-Checkline/View/supplier_Id"), SupplierID): Keys '0000007954' sent to object: 'Object Repository/FDR-Receipt/FDR-Receipt-Checkline/View/supplier_Id'

2020-09-15 14:31:54 - [MESSAGE][PASSED] - Keys '0000007954' sent to object: 'Object Repository/FDR-Receipt/FDR-Receipt-Checkline/View/supplier_Id'

2020-09-15 14:31:54 - [TEST_STEP][PASSED] - sendKeys(findTestObject("FDR-Receipt/FDR-Receipt-Checkline/View/supplier_Id"), Keys.chord(DOWN, ENTER)): Keys 'DOWN + ENTER + ' sent to object: 'Object Repository/FDR-Receipt/FDR-Receipt-Checkline/View/supplier_Id'

2020-09-15 14:31:54 - [MESSAGE][PASSED] - Keys 'DOWN + ENTER + ' sent to object: 'Object Repository/FDR-Receipt/FDR-Receipt-Checkline/View/supplier_Id'

2020-09-15 14:31:54 - [TEST_STEP][PASSED] - waitForElementPresent(findTestObject("FDR-Receipt/FDR-Receipt-Checkline/View/deposit_Date"), 10): Object 'Object Repository/FDR-Receipt/FDR-Receipt-Checkline/View/deposit_Date' is present

2020-09-15 14:31:55 - [MESSAGE][PASSED] - Object 'Object Repository/FDR-Receipt/FDR-Receipt-Checkline/View/deposit_Date' is present

2020-09-15 14:31:55 - [TEST_STEP][PASSED] - sendKeys(findTestObject("FDR-Receipt/FDR-Receipt-Checkline/View/deposit_Date"), DepositDate): Keys '02/24/2020' sent to object: 'Object Repository/FDR-Receipt/FDR-Receipt-Checkline/View/deposit_Date'

2020-09-15 14:31:55 - [MESSAGE][PASSED] - Keys '02/24/2020' sent to object: 'Object Repository/FDR-Receipt/FDR-Receipt-Checkline/View/deposit_Date'

2020-09-15 14:31:55 - [TEST_STEP][PASSED] - waitForElementPresent(findTestObject("FDR-Receipt/FDR-Receipt-Checkline/View/addReceipt_Button2"), 10): Object 'Object Repository/FDR-Receipt/FDR-Receipt-Checkline/View/addReceipt_Button2' is present

2020-09-15 14:31:56 - [MESSAGE][PASSED] - Object 'Object Repository/FDR-Receipt/FDR-Receipt-Checkline/View/addReceipt_Button2' is present

2020-09-15 14:31:56 - [TEST_STEP][PASSED] - click(findTestObject("FDR-Receipt/FDR-Receipt-Checkline/View/addReceipt_Button2")): Object: 'Object Repository/FDR-Receipt/FDR-Receipt-Checkline/View/addReceipt_Button2' is clicked on

2020-09-15 14:31:56 - [MESSAGE][PASSED] - Object: 'Object Repository/FDR-Receipt/FDR-Receipt-Checkline/View/addReceipt_Button2' is clicked on

2020-09-15 14:31:56 - [TEST_STEP][PASSED] - verifyElementClickable(findTestObject("FDR-Receipt/FDR-Receipt-DistributionLine/FDR-AddEdit-DistributionLine/arrow_Down"), STOP_ON_FAILURE): Object 'Object Repository/FDR-Receipt/FDR-Receipt-DistributionLine/FDR-AddEdit-DistributionLine/arrow_Down' is clickable

2020-09-15 14:31:57 - [MESSAGE][PASSED] - Object 'Object Repository/FDR-Receipt/FDR-Receipt-DistributionLine/FDR-AddEdit-DistributionLine/arrow_Down' is clickable

2020-09-15 14:31:57 - [TEST_STEP][PASSED] - click(findTestObject("FDR-Receipt/FDR-Receipt-DistributionLine/FDR-AddEdit-DistributionLine/arrow_Down"), STOP_ON_FAILURE): Object: 'Object Repository/FDR-Receipt/FDR-Receipt-DistributionLine/FDR-AddEdit-DistributionLine/arrow_Down' is clicked on

2020-09-15 14:31:57 - [MESSAGE][PASSED] - Object: 'Object Repository/FDR-Receipt/FDR-Receipt-DistributionLine/FDR-AddEdit-DistributionLine/arrow_Down' is clicked on

2020-09-15 14:31:57 - [TEST_STEP][PASSED] - waitForElementPresent(findTestObject("FDR-Receipt/FDR-Receipt-DistributionLine/FDR-AddEdit-DistributionLine/button_Add-Invoiceline"), 10): Object 'Object Repository/FDR-Receipt/FDR-Receipt-DistributionLine/FDR-AddEdit-DistributionLine/button_Add-Invoiceline' is present

2020-09-15 14:31:58 - [MESSAGE][PASSED] - Object 'Object Repository/FDR-Receipt/FDR-Receipt-DistributionLine/FDR-AddEdit-DistributionLine/button_Add-Invoiceline' is present

2020-09-15 14:31:58 - [TEST_STEP][PASSED] - scrollToElement(findTestObject("FDR-Receipt/FDR-Receipt-DistributionLine/FDR-AddEdit-DistributionLine/button_Add-Invoiceline"), 3): Scroll to object 'Object Repository/FDR-Receipt/FDR-Receipt-DistributionLine/FDR-AddEdit-DistributionLine/button_Add-Invoiceline' successfully

2020-09-15 14:31:58 - [MESSAGE][PASSED] - Scroll to object 'Object Repository/FDR-Receipt/FDR-Receipt-DistributionLine/FDR-AddEdit-DistributionLine/button_Add-Invoiceline' successfully

2020-09-15 14:31:58 - [TEST_STEP][PASSED] - verifyElementClickable(findTestObject("FDR-Receipt/FDR-Receipt-DistributionLine/FDR-AddEdit-DistributionLine/button_Add-Invoiceline"), STOP_ON_FAILURE): Object 'Object Repository/FDR-Receipt/FDR-Receipt-DistributionLine/FDR-AddEdit-DistributionLine/button_Add-Invoiceline' is clickable

2020-09-15 14:31:59 - [MESSAGE][PASSED] - Object 'Object Repository/FDR-Receipt/FDR-Receipt-DistributionLine/FDR-AddEdit-DistributionLine/button_Add-Invoiceline' is clickable

2020-09-15 14:31:59 - [TEST_STEP][PASSED] - click(findTestObject("FDR-Receipt/FDR-Receipt-DistributionLine/FDR-AddEdit-DistributionLine/button_Add-Invoiceline"), STOP_ON_FAILURE): Object: 'Object Repository/FDR-Receipt/FDR-Receipt-DistributionLine/FDR-AddEdit-DistributionLine/button_Add-Invoiceline' is clicked on

2020-09-15 14:31:59 - [MESSAGE][PASSED] - Object: 'Object Repository/FDR-Receipt/FDR-Receipt-DistributionLine/FDR-AddEdit-DistributionLine/button_Add-Invoiceline' is clicked on

2020-09-15 14:31:59 - [TEST_STEP][PASSED] - waitForElementPresent(findTestObject("FDR-Receipt/FDR-Receipt-DistributionLine/FDR-AddEdit-DistributionLine/invoice_Searchfield"), 10): Object 'Object Repository/FDR-Receipt/FDR-Receipt-DistributionLine/FDR-AddEdit-DistributionLine/invoice_Searchfield' is present

2020-09-15 14:31:59 - [MESSAGE][PASSED] - Object 'Object Repository/FDR-Receipt/FDR-Receipt-DistributionLine/FDR-AddEdit-DistributionLine/invoice_Searchfield' is present

2020-09-15 14:31:59 - [TEST_STEP][PASSED] - sendKeys(findTestObject("FDR-Receipt/FDR-Receipt-DistributionLine/FDR-AddEdit-DistributionLine/invoice_Searchfield"), searchfield): Keys '524342' sent to object: 'Object Repository/FDR-Receipt/FDR-Receipt-DistributionLine/FDR-AddEdit-DistributionLine/invoice_Searchfield'

2020-09-15 14:32:00 - [MESSAGE][PASSED] - Keys '524342' sent to object: 'Object Repository/FDR-Receipt/FDR-Receipt-DistributionLine/FDR-AddEdit-DistributionLine/invoice_Searchfield'

2020-09-15 14:32:00 - [TEST_STEP][PASSED] - click(findTestObject("FDR-Receipt/FDR-Receipt-DistributionLine/FDR-AddEdit-DistributionLine/button_Add_invoicemanually")): Object: 'Object Repository/FDR-Receipt/FDR-Receipt-DistributionLine/FDR-AddEdit-DistributionLine/button_Add_invoicemanually' is clicked on

2020-09-15 14:32:02 - [MESSAGE][PASSED] - Object: 'Object Repository/FDR-Receipt/FDR-Receipt-DistributionLine/FDR-AddEdit-DistributionLine/button_Add_invoicemanually' is clicked on

2020-09-15 14:32:02 - [TEST_STEP][PASSED] - waitForElementPresent(findTestObject("FDR-Receipt/FDR-Receipt-DistributionLine/FDR-AddEdit-DistributionLine/input_Service date (from)"), 10): Object 'Object Repository/FDR-Receipt/FDR-Receipt-DistributionLine/FDR-AddEdit-DistributionLine/input_Service date (from)' is present

2020-09-15 14:32:02 - [MESSAGE][PASSED] - Object 'Object Repository/FDR-Receipt/FDR-Receipt-DistributionLine/FDR-AddEdit-DistributionLine/input_Service date (from)' is present

2020-09-15 14:32:02 - [TEST_STEP][PASSED] - sendKeys(findTestObject("FDR-Receipt/FDR-Receipt-DistributionLine/FDR-AddEdit-DistributionLine/input_Service date (from)"), servicedatefrom): Keys '09/16/2020' sent to object: 'Object Repository/FDR-Receipt/FDR-Receipt-DistributionLine/FDR-AddEdit-DistributionLine/input_Service date (from)'

2020-09-15 14:32:03 - [MESSAGE][PASSED] - Keys '09/16/2020' sent to object: 'Object Repository/FDR-Receipt/FDR-Receipt-DistributionLine/FDR-AddEdit-DistributionLine/input_Service date (from)'

2020-09-15 14:32:03 - [TEST_STEP][PASSED] - waitForElementPresent(findTestObject("FDR-Receipt/FDR-Receipt-DistributionLine/FDR-AddEdit-DistributionLine/input_Service date (to)"), 10): Object 'Object Repository/FDR-Receipt/FDR-Receipt-DistributionLine/FDR-AddEdit-DistributionLine/input_Service date (to)' is present

2020-09-15 14:32:03 - [MESSAGE][PASSED] - Object 'Object Repository/FDR-Receipt/FDR-Receipt-DistributionLine/FDR-AddEdit-DistributionLine/input_Service date (to)' is present

2020-09-15 14:32:03 - [TEST_STEP][PASSED] - sendKeys(findTestObject("FDR-Receipt/FDR-Receipt-DistributionLine/FDR-AddEdit-DistributionLine/input_Service date (to)"), servicedateto): Keys '09/17/2020' sent to object: 'Object Repository/FDR-Receipt/FDR-Receipt-DistributionLine/FDR-AddEdit-DistributionLine/input_Service date (to)'

2020-09-15 14:32:04 - [MESSAGE][PASSED] - Keys '09/17/2020' sent to object: 'Object Repository/FDR-Receipt/FDR-Receipt-DistributionLine/FDR-AddEdit-DistributionLine/input_Service date (to)'

2020-09-15 14:32:04 - [TEST_STEP][PASSED] - waitForElementPresent(findTestObject("FDR-Receipt/FDR-Receipt-DistributionLine/FDR-AddEdit-DistributionLine/input_OrginalWarrantDate"), 10): Object 'Object Repository/FDR-Receipt/FDR-Receipt-DistributionLine/FDR-AddEdit-DistributionLine/input_OrginalWarrantDate' is present

2020-09-15 14:32:04 - [MESSAGE][PASSED] - Object 'Object Repository/FDR-Receipt/FDR-Receipt-DistributionLine/FDR-AddEdit-DistributionLine/input_OrginalWarrantDate' is present

2020-09-15 14:32:04 - [TEST_STEP][PASSED] - sendKeys(findTestObject("FDR-Receipt/FDR-Receipt-DistributionLine/FDR-AddEdit-DistributionLine/input_OrginalWarrantDate"), originalwarrantdate): Keys '09/17/2020' sent to object: 'Object Repository/FDR-Receipt/FDR-Receipt-DistributionLine/FDR-AddEdit-DistributionLine/input_OrginalWarrantDate'

2020-09-15 14:32:05 - [MESSAGE][PASSED] - Keys '09/17/2020' sent to object: 'Object Repository/FDR-Receipt/FDR-Receipt-DistributionLine/FDR-AddEdit-DistributionLine/input_OrginalWarrantDate'

2020-09-15 14:32:05 - [TEST_STEP][PASSED] - waitForElementPresent(findTestObject("FDR-Receipt/FDR-Receipt-DistributionLine/FDR-AddEdit-DistributionLine/input_Amount"), 10): Object 'Object Repository/FDR-Receipt/FDR-Receipt-DistributionLine/FDR-AddEdit-DistributionLine/input_Amount' is present

2020-09-15 14:32:05 - [MESSAGE][PASSED] - Object 'Object Repository/FDR-Receipt/FDR-Receipt-DistributionLine/FDR-AddEdit-DistributionLine/input_Amount' is present

2020-09-15 14:32:05 - [TEST_STEP][PASSED] - sendKeys(findTestObject("FDR-Receipt/FDR-Receipt-DistributionLine/FDR-AddEdit-DistributionLine/input_Amount"), Amount): Keys '3000' sent to object: 'Object Repository/FDR-Receipt/FDR-Receipt-DistributionLine/FDR-AddEdit-DistributionLine/input_Amount'

2020-09-15 14:32:05 - [MESSAGE][PASSED] - Keys '3000' sent to object: 'Object Repository/FDR-Receipt/FDR-Receipt-DistributionLine/FDR-AddEdit-DistributionLine/input_Amount'

2020-09-15 14:32:05 - [TEST_STEP][PASSED] - waitForElementPresent(findTestObject("FDR-Receipt/FDR-Receipt-DistributionLine/FDR-AddEdit-DistributionLine/waiver_Type"), 10): Object 'Object Repository/FDR-Receipt/FDR-Receipt-DistributionLine/FDR-AddEdit-DistributionLine/waiver_Type' is present

2020-09-15 14:32:06 - [MESSAGE][PASSED] - Object 'Object Repository/FDR-Receipt/FDR-Receipt-DistributionLine/FDR-AddEdit-DistributionLine/waiver_Type' is present

2020-09-15 14:32:06 - [TEST_STEP][PASSED] - waitForElementPresent(findTestObject("FDR-Receipt/FDR-Receipt-DistributionLine/FDR-AddEdit-DistributionLine/waiver_Type"), 8): Object 'Object Repository/FDR-Receipt/FDR-Receipt-DistributionLine/FDR-AddEdit-DistributionLine/waiver_Type' is present

2020-09-15 14:32:06 - [MESSAGE][PASSED] - Object 'Object Repository/FDR-Receipt/FDR-Receipt-DistributionLine/FDR-AddEdit-DistributionLine/waiver_Type' is present

2020-09-15 14:32:06 - [TEST_STEP][PASSED] - sendKeys(findTestObject("FDR-Receipt/FDR-Receipt-DistributionLine/FDR-AddEdit-DistributionLine/waiver_Type"), Waivertype): Keys '2020' sent to object: 'Object Repository/FDR-Receipt/FDR-Receipt-DistributionLine/FDR-AddEdit-DistributionLine/waiver_Type'

2020-09-15 14:32:06 - [MESSAGE][PASSED] - Keys '2020' sent to object: 'Object Repository/FDR-Receipt/FDR-Receipt-DistributionLine/FDR-AddEdit-DistributionLine/waiver_Type'

2020-09-15 14:32:06 - [TEST_STEP][PASSED] - sendKeys(findTestObject("FDR-Receipt/FDR-Receipt-DistributionLine/FDR-AddEdit-DistributionLine/waiver_Type"), Keys.chord(DOWN, ENTER)): Keys 'DOWN + ENTER + ' sent to object: 'Object Repository/FDR-Receipt/FDR-Receipt-DistributionLine/FDR-AddEdit-DistributionLine/waiver_Type'

2020-09-15 14:32:07 - [MESSAGE][PASSED] - Keys 'DOWN + ENTER + ' sent to object: 'Object Repository/FDR-Receipt/FDR-Receipt-DistributionLine/FDR-AddEdit-DistributionLine/waiver_Type'

2020-09-15 14:32:07 - [TEST_STEP][PASSED] - waitForElementPresent(findTestObject("FDR-Receipt/FDR-Receipt-DistributionLine/FDR-AddEdit-DistributionLine/waiver_Name"), 6): Object 'Object Repository/FDR-Receipt/FDR-Receipt-DistributionLine/FDR-AddEdit-DistributionLine/waiver_Name' is present

2020-09-15 14:32:07 - [MESSAGE][PASSED] - Object 'Object Repository/FDR-Receipt/FDR-Receipt-DistributionLine/FDR-AddEdit-DistributionLine/waiver_Name' is present

2020-09-15 14:32:07 - [TEST_STEP][PASSED] - sendKeys(findTestObject("FDR-Receipt/FDR-Receipt-DistributionLine/FDR-AddEdit-DistributionLine/waiver_Name"), Waivername): Keys 'A-FamilyU TPM/GMC' sent to object: 'Object Repository/FDR-Receipt/FDR-Receipt-DistributionLine/FDR-AddEdit-DistributionLine/waiver_Name'

2020-09-15 14:32:08 - [MESSAGE][PASSED] - Keys 'A-FamilyU TPM/GMC' sent to object: 'Object Repository/FDR-Receipt/FDR-Receipt-DistributionLine/FDR-AddEdit-DistributionLine/waiver_Name'

2020-09-15 14:32:08 - [TEST_STEP][PASSED] - sendKeys(findTestObject("FDR-Receipt/FDR-Receipt-DistributionLine/FDR-AddEdit-DistributionLine/waiver_Name"), Keys.chord(DOWN, ENTER)): Keys 'DOWN + ENTER + ' sent to object: 'Object Repository/FDR-Receipt/FDR-Receipt-DistributionLine/FDR-AddEdit-DistributionLine/waiver_Name'

2020-09-15 14:32:08 - [MESSAGE][PASSED] - Keys 'DOWN + ENTER + ' sent to object: 'Object Repository/FDR-Receipt/FDR-Receipt-DistributionLine/FDR-AddEdit-DistributionLine/waiver_Name'

2020-09-15 14:32:08 - [TEST_STEP][PASSED] - waitForElementPresent(findTestObject("FDR-Receipt/FDR-Receipt-DistributionLine/FDR-AddEdit-DistributionLine/funding_Source"), 6): Object 'Object Repository/FDR-Receipt/FDR-Receipt-DistributionLine/FDR-AddEdit-DistributionLine/funding_Source' is present

2020-09-15 14:32:09 - [MESSAGE][PASSED] - Object 'Object Repository/FDR-Receipt/FDR-Receipt-DistributionLine/FDR-AddEdit-DistributionLine/funding_Source' is present

2020-09-15 14:32:09 - [TEST_STEP][PASSED] - sendKeys(findTestObject("FDR-Receipt/FDR-Receipt-DistributionLine/FDR-AddEdit-DistributionLine/funding_Source"), Fundingsource): Keys 'Dental' sent to object: 'Object Repository/FDR-Receipt/FDR-Receipt-DistributionLine/FDR-AddEdit-DistributionLine/funding_Source'

2020-09-15 14:32:09 - [MESSAGE][PASSED] - Keys 'Dental' sent to object: 'Object Repository/FDR-Receipt/FDR-Receipt-DistributionLine/FDR-AddEdit-DistributionLine/funding_Source'

2020-09-15 14:32:09 - [TEST_STEP][PASSED] - sendKeys(findTestObject("FDR-Receipt/FDR-Receipt-DistributionLine/FDR-AddEdit-DistributionLine/funding_Source"), Keys.chord(DOWN, ENTER)): Keys 'DOWN + ENTER + ' sent to object: 'Object Repository/FDR-Receipt/FDR-Receipt-DistributionLine/FDR-AddEdit-DistributionLine/funding_Source'

2020-09-15 14:32:10 - [MESSAGE][PASSED] - Keys 'DOWN + ENTER + ' sent to object: 'Object Repository/FDR-Receipt/FDR-Receipt-DistributionLine/FDR-AddEdit-DistributionLine/funding_Source'

2020-09-15 14:32:10 - [TEST_STEP][PASSED] - waitForElementPresent(findTestObject("FDR-Receipt/FDR-Receipt-DistributionLine/FDR-AddEdit-DistributionLine/fund_Code"), 30): Object 'Object Repository/FDR-Receipt/FDR-Receipt-DistributionLine/FDR-AddEdit-DistributionLine/fund_Code' is present

2020-09-15 14:32:10 - [MESSAGE][PASSED] - Object 'Object Repository/FDR-Receipt/FDR-Receipt-DistributionLine/FDR-AddEdit-DistributionLine/fund_Code' is present

2020-09-15 14:32:10 - [TEST_STEP][PASSED] - sendKeys(findTestObject("FDR-Receipt/FDR-Receipt-DistributionLine/FDR-AddEdit-DistributionLine/fund_Code"), Fundcode): Keys 'Health Care Deposit Fund (0912)' sent to object: 'Object Repository/FDR-Receipt/FDR-Receipt-DistributionLine/FDR-AddEdit-DistributionLine/fund_Code'

2020-09-15 14:32:11 - [MESSAGE][PASSED] - Keys 'Health Care Deposit Fund (0912)' sent to object: 'Object Repository/FDR-Receipt/FDR-Receipt-DistributionLine/FDR-AddEdit-DistributionLine/fund_Code'

2020-09-15 14:32:11 - [TEST_STEP][PASSED] - sendKeys(findTestObject("FDR-Receipt/FDR-Receipt-DistributionLine/FDR-AddEdit-DistributionLine/fund_Code"), Keys.chord(DOWN, ENTER)): Keys 'DOWN + ENTER + ' sent to object: 'Object Repository/FDR-Receipt/FDR-Receipt-DistributionLine/FDR-AddEdit-DistributionLine/fund_Code'

2020-09-15 14:32:11 - [MESSAGE][PASSED] - Keys 'DOWN + ENTER + ' sent to object: 'Object Repository/FDR-Receipt/FDR-Receipt-DistributionLine/FDR-AddEdit-DistributionLine/fund_Code'

2020-09-15 14:32:11 - [TEST_STEP][PASSED] - waitForElementPresent(findTestObject("FDR-Receipt/FDR-Receipt-DistributionLine/FDR-AddEdit-DistributionLine/fund_Ratio"), 10): Object 'Object Repository/FDR-Receipt/FDR-Receipt-DistributionLine/FDR-AddEdit-DistributionLine/fund_Ratio' is present

2020-09-15 14:32:11 - [MESSAGE][PASSED] - Object 'Object Repository/FDR-Receipt/FDR-Receipt-DistributionLine/FDR-AddEdit-DistributionLine/fund_Ratio' is present

2020-09-15 14:32:11 - [TEST_STEP][PASSED] - sendKeys(findTestObject("FDR-Receipt/FDR-Receipt-DistributionLine/FDR-AddEdit-DistributionLine/fund_Ratio"), Fundratio): Keys '5' sent to object: 'Object Repository/FDR-Receipt/FDR-Receipt-DistributionLine/FDR-AddEdit-DistributionLine/fund_Ratio'

2020-09-15 14:32:12 - [MESSAGE][PASSED] - Keys '5' sent to object: 'Object Repository/FDR-Receipt/FDR-Receipt-DistributionLine/FDR-AddEdit-DistributionLine/fund_Ratio'

2020-09-15 14:32:12 - [TEST_STEP][PASSED] - sendKeys(findTestObject("FDR-Receipt/FDR-Receipt-DistributionLine/FDR-AddEdit-DistributionLine/fund_Ratio"), Keys.chord(DOWN, ENTER)): Keys 'DOWN + ENTER + ' sent to object: 'Object Repository/FDR-Receipt/FDR-Receipt-DistributionLine/FDR-AddEdit-DistributionLine/fund_Ratio'

2020-09-15 14:32:12 - [MESSAGE][PASSED] - Keys 'DOWN + ENTER + ' sent to object: 'Object Repository/FDR-Receipt/FDR-Receipt-DistributionLine/FDR-AddEdit-DistributionLine/fund_Ratio'

2020-09-15 14:32:12 - [TEST_STEP][PASSED] - waitForElementPresent(findTestObject("FDR-Receipt/FDR-Receipt-DistributionLine/FDR-AddEdit-DistributionLine/non_Federalfund"), 10): Object 'Object Repository/FDR-Receipt/FDR-Receipt-DistributionLine/FDR-AddEdit-DistributionLine/non_Federalfund' is present

2020-09-15 14:32:13 - [MESSAGE][PASSED] - Object 'Object Repository/FDR-Receipt/FDR-Receipt-DistributionLine/FDR-AddEdit-DistributionLine/non_Federalfund' is present

2020-09-15 14:32:13 - [TEST_STEP][PASSED] - sendKeys(findTestObject("FDR-Receipt/FDR-Receipt-DistributionLine/FDR-AddEdit-DistributionLine/non_Federalfund"), Nonfederalfund): Keys '0001' sent to object: 'Object Repository/FDR-Receipt/FDR-Receipt-DistributionLine/FDR-AddEdit-DistributionLine/non_Federalfund'

2020-09-15 14:32:13 - [MESSAGE][PASSED] - Keys '0001' sent to object: 'Object Repository/FDR-Receipt/FDR-Receipt-DistributionLine/FDR-AddEdit-DistributionLine/non_Federalfund'

2020-09-15 14:32:13 - [TEST_STEP][PASSED] - sendKeys(findTestObject("FDR-Receipt/FDR-Receipt-DistributionLine/FDR-AddEdit-DistributionLine/non_Federalfund"), Keys.chord(DOWN, ENTER)): Keys 'DOWN + ENTER + ' sent to object: 'Object Repository/FDR-Receipt/FDR-Receipt-DistributionLine/FDR-AddEdit-DistributionLine/non_Federalfund'

2020-09-15 14:32:14 - [MESSAGE][PASSED] - Keys 'DOWN + ENTER + ' sent to object: 'Object Repository/FDR-Receipt/FDR-Receipt-DistributionLine/FDR-AddEdit-DistributionLine/non_Federalfund'

2020-09-15 14:32:14 - [TEST_STEP][PASSED] - waitForElementPresent(findTestObject("FDR-Receipt/FDR-Receipt-DistributionLine/FDR-AddEdit-DistributionLine/input_Service location_serviceLocation"), 10): Object 'Object Repository/FDR-Receipt/FDR-Receipt-DistributionLine/FDR-AddEdit-DistributionLine/input_Service location_serviceLocation' is present

2020-09-15 14:32:14 - [MESSAGE][PASSED] - Object 'Object Repository/FDR-Receipt/FDR-Receipt-DistributionLine/FDR-AddEdit-DistributionLine/input_Service location_serviceLocation' is present

2020-09-15 14:32:14 - [TEST_STEP][PASSED] - sendKeys(findTestObject("FDR-Receipt/FDR-Receipt-DistributionLine/FDR-AddEdit-DistributionLine/input_Service location_serviceLocation"), Servicelocation): Keys '3445' sent to object: 'Object Repository/FDR-Receipt/FDR-Receipt-DistributionLine/FDR-AddEdit-DistributionLine/input_Service location_serviceLocation'

2020-09-15 14:32:15 - [MESSAGE][PASSED] - Keys '3445' sent to object: 'Object Repository/FDR-Receipt/FDR-Receipt-DistributionLine/FDR-AddEdit-DistributionLine/input_Service location_serviceLocation'

2020-09-15 14:32:15 - [TEST_STEP][PASSED] - sendKeys(findTestObject("FDR-Receipt/FDR-Receipt-DistributionLine/FDR-AddEdit-DistributionLine/input_Service location_serviceLocation"), Keys.chord(DOWN, ENTER)): Keys 'DOWN + ENTER + ' sent to object: 'Object Repository/FDR-Receipt/FDR-Receipt-DistributionLine/FDR-AddEdit-DistributionLine/input_Service location_serviceLocation'

2020-09-15 14:32:15 - [MESSAGE][PASSED] - Keys 'DOWN + ENTER + ' sent to object: 'Object Repository/FDR-Receipt/FDR-Receipt-DistributionLine/FDR-AddEdit-DistributionLine/input_Service location_serviceLocation'

2020-09-15 14:32:15 - [TEST_STEP][PASSED] - waitForElementPresent(findTestObject("FDR-Receipt/FDR-Receipt-DistributionLine/FDR-AddEdit-DistributionLine/Index"), 10): Object 'Object Repository/FDR-Receipt/FDR-Receipt-DistributionLine/FDR-AddEdit-DistributionLine/Index' is present

2020-09-15 14:32:15 - [MESSAGE][PASSED] - Object 'Object Repository/FDR-Receipt/FDR-Receipt-DistributionLine/FDR-AddEdit-DistributionLine/Index' is present

2020-09-15 14:32:15 - [TEST_STEP][PASSED] - sendKeys(findTestObject("FDR-Receipt/FDR-Receipt-DistributionLine/FDR-AddEdit-DistributionLine/Index"), Index): Keys '1155' sent to object: 'Object Repository/FDR-Receipt/FDR-Receipt-DistributionLine/FDR-AddEdit-DistributionLine/Index'

2020-09-15 14:32:16 - [MESSAGE][PASSED] - Keys '1155' sent to object: 'Object Repository/FDR-Receipt/FDR-Receipt-DistributionLine/FDR-AddEdit-DistributionLine/Index'

2020-09-15 14:32:16 - [TEST_STEP][PASSED] - sendKeys(findTestObject("FDR-Receipt/FDR-Receipt-DistributionLine/FDR-AddEdit-DistributionLine/Index"), Keys.chord(DOWN, ENTER)): Keys 'DOWN + ENTER + ' sent to object: 'Object Repository/FDR-Receipt/FDR-Receipt-DistributionLine/FDR-AddEdit-DistributionLine/Index'

2020-09-15 14:32:16 - [MESSAGE][PASSED] - Keys 'DOWN + ENTER + ' sent to object: 'Object Repository/FDR-Receipt/FDR-Receipt-DistributionLine/FDR-AddEdit-DistributionLine/Index'

2020-09-15 14:32:16 - [TEST_STEP][PASSED] - waitForElementPresent(findTestObject("FDR-Receipt/FDR-Receipt-DistributionLine/FDR-AddEdit-DistributionLine/program_Type"), 10): Object 'Object Repository/FDR-Receipt/FDR-Receipt-DistributionLine/FDR-AddEdit-DistributionLine/program_Type' is present

2020-09-15 14:32:17 - [MESSAGE][PASSED] - Object 'Object Repository/FDR-Receipt/FDR-Receipt-DistributionLine/FDR-AddEdit-DistributionLine/program_Type' is present

2020-09-15 14:32:17 - [TEST_STEP][PASSED] - sendKeys(findTestObject("FDR-Receipt/FDR-Receipt-DistributionLine/FDR-AddEdit-DistributionLine/program_Type"), Programtype): Keys 'Medical Assistance (MA)' sent to object: 'Object Repository/FDR-Receipt/FDR-Receipt-DistributionLine/FDR-AddEdit-DistributionLine/program_Type'

2020-09-15 14:32:17 - [MESSAGE][PASSED] - Keys 'Medical Assistance (MA)' sent to object: 'Object Repository/FDR-Receipt/FDR-Receipt-DistributionLine/FDR-AddEdit-DistributionLine/program_Type'

2020-09-15 14:32:17 - [TEST_STEP][PASSED] - sendKeys(findTestObject("FDR-Receipt/FDR-Receipt-DistributionLine/FDR-AddEdit-DistributionLine/program_Type"), Keys.chord(DOWN, ENTER)): Keys 'DOWN + ENTER + ' sent to object: 'Object Repository/FDR-Receipt/FDR-Receipt-DistributionLine/FDR-AddEdit-DistributionLine/program_Type'

2020-09-15 14:32:17 - [MESSAGE][PASSED] - Keys 'DOWN + ENTER + ' sent to object: 'Object Repository/FDR-Receipt/FDR-Receipt-DistributionLine/FDR-AddEdit-DistributionLine/program_Type'

2020-09-15 14:32:17 - [TEST_STEP][PASSED] - waitForElementPresent(findTestObject("FDR-Receipt/FDR-Receipt-DistributionLine/FDR-AddEdit-DistributionLine/service_Category"), 10): Object 'Object Repository/FDR-Receipt/FDR-Receipt-DistributionLine/FDR-AddEdit-DistributionLine/service_Category' is present

2020-09-15 14:32:18 - [MESSAGE][PASSED] - Object 'Object Repository/FDR-Receipt/FDR-Receipt-DistributionLine/FDR-AddEdit-DistributionLine/service_Category' is present

2020-09-15 14:32:18 - [TEST_STEP][PASSED] - sendKeys(findTestObject("FDR-Receipt/FDR-Receipt-DistributionLine/FDR-AddEdit-DistributionLine/service_Category"), Servicecategory): Keys '18B1' sent to object: 'Object Repository/FDR-Receipt/FDR-Receipt-DistributionLine/FDR-AddEdit-DistributionLine/service_Category'

2020-09-15 14:32:18 - [MESSAGE][PASSED] - Keys '18B1' sent to object: 'Object Repository/FDR-Receipt/FDR-Receipt-DistributionLine/FDR-AddEdit-DistributionLine/service_Category'

2020-09-15 14:32:18 - [TEST_STEP][PASSED] - sendKeys(findTestObject("FDR-Receipt/FDR-Receipt-DistributionLine/FDR-AddEdit-DistributionLine/service_Category"), Keys.chord(DOWN, ENTER)): Keys 'DOWN + ENTER + ' sent to object: 'Object Repository/FDR-Receipt/FDR-Receipt-DistributionLine/FDR-AddEdit-DistributionLine/service_Category'

2020-09-15 14:32:19 - [MESSAGE][PASSED] - Keys 'DOWN + ENTER + ' sent to object: 'Object Repository/FDR-Receipt/FDR-Receipt-DistributionLine/FDR-AddEdit-DistributionLine/service_Category'

2020-09-15 14:32:19 - [TEST_STEP][PASSED] - waitForElementPresent(findTestObject("FDR-Receipt/FDR-Receipt-DistributionLine/FDR-AddEdit-DistributionLine/increaseDecreaseLine"), 10): Object 'Object Repository/FDR-Receipt/FDR-Receipt-DistributionLine/FDR-AddEdit-DistributionLine/increaseDecreaseLine' is present

2020-09-15 14:32:19 - [MESSAGE][PASSED] - Object 'Object Repository/FDR-Receipt/FDR-Receipt-DistributionLine/FDR-AddEdit-DistributionLine/increaseDecreaseLine' is present

2020-09-15 14:32:19 - [TEST_STEP][PASSED] - sendKeys(findTestObject("FDR-Receipt/FDR-Receipt-DistributionLine/FDR-AddEdit-DistributionLine/increaseDecreaseLine"), IncreaseDecreaseLine): Keys '10b: Receipts or any decrease' sent to object: 'Object Repository/FDR-Receipt/FDR-Receipt-DistributionLine/FDR-AddEdit-DistributionLine/increaseDecreaseLine'

2020-09-15 14:32:20 - [MESSAGE][PASSED] - Keys '10b: Receipts or any decrease' sent to object: 'Object Repository/FDR-Receipt/FDR-Receipt-DistributionLine/FDR-AddEdit-DistributionLine/increaseDecreaseLine'

2020-09-15 14:32:20 - [TEST_STEP][PASSED] - sendKeys(findTestObject("FDR-Receipt/FDR-Receipt-DistributionLine/FDR-AddEdit-DistributionLine/increaseDecreaseLine"), Keys.chord(ARROW_DOWN, ENTER)): Keys 'DOWN + ENTER + ' sent to object: 'Object Repository/FDR-Receipt/FDR-Receipt-DistributionLine/FDR-AddEdit-DistributionLine/increaseDecreaseLine'

2020-09-15 14:32:20 - [MESSAGE][PASSED] - Keys 'DOWN + ENTER + ' sent to object: 'Object Repository/FDR-Receipt/FDR-Receipt-DistributionLine/FDR-AddEdit-DistributionLine/increaseDecreaseLine'

2020-09-15 14:32:20 - [TEST_STEP][PASSED] - waitForElementPresent(findTestObject("FDR-Receipt/FDR-Receipt-DistributionLine/FDR-AddEdit-DistributionLine/input_accountId"), 2, STOP_ON_FAILURE): Object 'Object Repository/FDR-Receipt/FDR-Receipt-DistributionLine/FDR-AddEdit-DistributionLine/input_accountId' is present

2020-09-15 14:32:21 - [MESSAGE][PASSED] - Object 'Object Repository/FDR-Receipt/FDR-Receipt-DistributionLine/FDR-AddEdit-DistributionLine/input_accountId' is present

2020-09-15 14:32:21 - [TEST_STEP][PASSED] - sendKeys(findTestObject("FDR-Receipt/FDR-Receipt-DistributionLine/FDR-AddEdit-DistributionLine/input_accountId"), accountId + Keys.chord(ARROW_DOWN, ENTER)): Keys 'DOWN + ENTER + 5432000' sent to object: 'Object Repository/FDR-Receipt/FDR-Receipt-DistributionLine/FDR-AddEdit-DistributionLine/input_accountId'

2020-09-15 14:32:21 - [MESSAGE][PASSED] - Keys 'DOWN + ENTER + 5432000' sent to object: 'Object Repository/FDR-Receipt/FDR-Receipt-DistributionLine/FDR-AddEdit-DistributionLine/input_accountId'

2020-09-15 14:32:21 - [TEST_STEP][PASSED] - waitForElementPresent(findTestObject("FDR-Receipt/FDR-Receipt-DistributionLine/FDR-AddEdit-DistributionLine/input_altAccountId"), 2, STOP_ON_FAILURE): Object 'Object Repository/FDR-Receipt/FDR-Receipt-DistributionLine/FDR-AddEdit-DistributionLine/input_altAccountId' is present

2020-09-15 14:32:21 - [MESSAGE][PASSED] - Object 'Object Repository/FDR-Receipt/FDR-Receipt-DistributionLine/FDR-AddEdit-DistributionLine/input_altAccountId' is present

2020-09-15 14:32:21 - [TEST_STEP][PASSED] - sendKeys(findTestObject("FDR-Receipt/FDR-Receipt-DistributionLine/FDR-AddEdit-DistributionLine/input_altAccountId"), altAccountId): Keys '5432000019' sent to object: 'Object Repository/FDR-Receipt/FDR-Receipt-DistributionLine/FDR-AddEdit-DistributionLine/input_altAccountId'

2020-09-15 14:32:22 - [MESSAGE][PASSED] - Keys '5432000019' sent to object: 'Object Repository/FDR-Receipt/FDR-Receipt-DistributionLine/FDR-AddEdit-DistributionLine/input_altAccountId'

2020-09-15 14:32:22 - [TEST_STEP][PASSED] - sendKeys(findTestObject("FDR-Receipt/FDR-Receipt-DistributionLine/FDR-AddEdit-DistributionLine/input_altAccountId"), Keys.chord(ARROW_DOWN, ENTER)): Keys 'DOWN + ENTER + ' sent to object: 'Object Repository/FDR-Receipt/FDR-Receipt-DistributionLine/FDR-AddEdit-DistributionLine/input_altAccountId'

2020-09-15 14:32:22 - [MESSAGE][PASSED] - Keys 'DOWN + ENTER + ' sent to object: 'Object Repository/FDR-Receipt/FDR-Receipt-DistributionLine/FDR-AddEdit-DistributionLine/input_altAccountId'

2020-09-15 14:32:22 - [TEST_STEP][PASSED] - waitForElementPresent(findTestObject("FDR-Receipt/FDR-Receipt-DistributionLine/FDR-AddEdit-DistributionLine/button_SaveClose"), 10): Object 'Object Repository/FDR-Receipt/FDR-Receipt-DistributionLine/FDR-AddEdit-DistributionLine/button_SaveClose' is present

2020-09-15 14:32:23 - [MESSAGE][PASSED] - Object 'Object Repository/FDR-Receipt/FDR-Receipt-DistributionLine/FDR-AddEdit-DistributionLine/button_SaveClose' is present

2020-09-15 14:32:23 - [TEST_STEP][PASSED] - waitForElementClickable(findTestObject("FDR-Receipt/FDR-Receipt-DistributionLine/FDR-AddEdit-DistributionLine/button_SaveClose"), 10): Object 'Object Repository/FDR-Receipt/FDR-Receipt-DistributionLine/FDR-AddEdit-DistributionLine/button_SaveClose' is clickable

2020-09-15 14:32:23 - [MESSAGE][PASSED] - Object 'Object Repository/FDR-Receipt/FDR-Receipt-DistributionLine/FDR-AddEdit-DistributionLine/button_SaveClose' is clickable

2020-09-15 14:32:23 - [TEST_STEP][PASSED] - click(findTestObject("FDR-Receipt/FDR-Receipt-DistributionLine/FDR-AddEdit-DistributionLine/button_SaveClose")): Object: 'Object Repository/FDR-Receipt/FDR-Receipt-DistributionLine/FDR-AddEdit-DistributionLine/button_SaveClose' is clicked on

2020-09-15 14:32:24 - [MESSAGE][PASSED] - Object: 'Object Repository/FDR-Receipt/FDR-Receipt-DistributionLine/FDR-AddEdit-DistributionLine/button_SaveClose' is clicked on

2020-09-15 14:32:24 - [TEST_STEP][PASSED] - waitForElementPresent(findTestObject("FDR-Receipt/FDR-ReceiptBatch/Fix/reviewButton"), 5): Object 'Object Repository/FDR-Receipt/FDR-ReceiptBatch/Fix/reviewButton' is present

2020-09-15 14:32:25 - [MESSAGE][PASSED] - Object 'Object Repository/FDR-Receipt/FDR-ReceiptBatch/Fix/reviewButton' is present

2020-09-15 14:32:25 - [TEST_STEP][PASSED] - click(findTestObject("FDR-Receipt/FDR-ReceiptBatch/Fix/reviewButton")): Object: 'Object Repository/FDR-Receipt/FDR-ReceiptBatch/Fix/reviewButton' is clicked on

2020-09-15 14:32:25 - [MESSAGE][PASSED] - Object: 'Object Repository/FDR-Receipt/FDR-ReceiptBatch/Fix/reviewButton' is clicked on

2020-09-15 14:32:25 - [TEST_STEP][PASSED] - waitForElementPresent(findTestObject("FDR-Receipt/FDR-ReceiptBatch/Review-Receipt/previewTROthers"), 2, STOP_ON_FAILURE): Object 'Object Repository/FDR-Receipt/FDR-ReceiptBatch/Review-Receipt/previewTROthers' is present

2020-09-15 14:32:26 - [MESSAGE][PASSED] - Object 'Object Repository/FDR-Receipt/FDR-ReceiptBatch/Review-Receipt/previewTROthers' is present

2020-09-15 14:32:26 - [TEST_STEP][PASSED] - click(findTestObject("FDR-Receipt/FDR-ReceiptBatch/Review-Receipt/previewTROthers")): Object: 'Object Repository/FDR-Receipt/FDR-ReceiptBatch/Review-Receipt/previewTROthers' is clicked on

2020-09-15 14:32:27 - [MESSAGE][PASSED] - Object: 'Object Repository/FDR-Receipt/FDR-ReceiptBatch/Review-Receipt/previewTROthers' is clicked on

2020-09-15 14:32:27 - [TEST_STEP][PASSED] - waitForElementPresent(findTestObject("FDR-Receipt/FDR-ReceiptBatch/Review-Receipt/closePreview"), 2): Object 'Object Repository/FDR-Receipt/FDR-ReceiptBatch/Review-Receipt/closePreview' is present

2020-09-15 14:32:27 - [MESSAGE][PASSED] - Object 'Object Repository/FDR-Receipt/FDR-ReceiptBatch/Review-Receipt/closePreview' is present

2020-09-15 14:32:27 - [TEST_STEP][PASSED] - click(findTestObject("FDR-Receipt/FDR-ReceiptBatch/Review-Receipt/closePreview")): Object: 'Object Repository/FDR-Receipt/FDR-ReceiptBatch/Review-Receipt/closePreview' is clicked on

2020-09-15 14:32:28 - [MESSAGE][PASSED] - Object: 'Object Repository/FDR-Receipt/FDR-ReceiptBatch/Review-Receipt/closePreview' is clicked on

2020-09-15 14:32:28 - [TEST_STEP][PASSED] - waitForElementPresent(findTestObject("FDR-Receipt/FDR-ReceiptBatch/Review-Receipt/previewTRHQAF"), 2, STOP_ON_FAILURE): Object 'Object Repository/FDR-Receipt/FDR-ReceiptBatch/Review-Receipt/previewTRHQAF' is present

2020-09-15 14:32:28 - [MESSAGE][PASSED] - Object 'Object Repository/FDR-Receipt/FDR-ReceiptBatch/Review-Receipt/previewTRHQAF' is present

2020-09-15 14:32:28 - [TEST_STEP][PASSED] - click(findTestObject("FDR-Receipt/FDR-ReceiptBatch/Review-Receipt/previewTRHQAF")): Object: 'Object Repository/FDR-Receipt/FDR-ReceiptBatch/Review-Receipt/previewTRHQAF' is clicked on

2020-09-15 14:32:28 - [MESSAGE][PASSED] - Object: 'Object Repository/FDR-Receipt/FDR-ReceiptBatch/Review-Receipt/previewTRHQAF' is clicked on

2020-09-15 14:32:28 - [TEST_STEP][PASSED] - waitForElementPresent(findTestObject("FDR-Receipt/FDR-ReceiptBatch/Review-Receipt/closePreview"), 2): Object 'Object Repository/FDR-Receipt/FDR-ReceiptBatch/Review-Receipt/closePreview' is present

2020-09-15 14:32:29 - [MESSAGE][PASSED] - Object 'Object Repository/FDR-Receipt/FDR-ReceiptBatch/Review-Receipt/closePreview' is present

2020-09-15 14:32:29 - [TEST_STEP][PASSED] - click(findTestObject("FDR-Receipt/FDR-ReceiptBatch/Review-Receipt/closePreview")): Object: 'Object Repository/FDR-Receipt/FDR-ReceiptBatch/Review-Receipt/closePreview' is clicked on

2020-09-15 14:32:29 - [MESSAGE][PASSED] - Object: 'Object Repository/FDR-Receipt/FDR-ReceiptBatch/Review-Receipt/closePreview' is clicked on

2020-09-15 14:32:29 - [TEST_STEP][PASSED] - waitForElementPresent(findTestObject("FDR-Receipt/FDR-ReceiptBatch/Review-Receipt/previewTRHHP"), 2, STOP_ON_FAILURE): Object 'Object Repository/FDR-Receipt/FDR-ReceiptBatch/Review-Receipt/previewTRHHP' is present

2020-09-15 14:32:30 - [MESSAGE][PASSED] - Object 'Object Repository/FDR-Receipt/FDR-ReceiptBatch/Review-Receipt/previewTRHHP' is present

2020-09-15 14:32:30 - [TEST_STEP][PASSED] - click(findTestObject("FDR-Receipt/FDR-ReceiptBatch/Review-Receipt/previewTRHHP")): Object: 'Object Repository/FDR-Receipt/FDR-ReceiptBatch/Review-Receipt/previewTRHHP' is clicked on

2020-09-15 14:32:30 - [MESSAGE][PASSED] - Object: 'Object Repository/FDR-Receipt/FDR-ReceiptBatch/Review-Receipt/previewTRHHP' is clicked on

2020-09-15 14:32:30 - [TEST_STEP][PASSED] - waitForElementPresent(findTestObject("FDR-Receipt/FDR-ReceiptBatch/Review-Receipt/closePreview"), 2): Object 'Object Repository/FDR-Receipt/FDR-ReceiptBatch/Review-Receipt/closePreview' is present

2020-09-15 14:32:31 - [MESSAGE][PASSED] - Object 'Object Repository/FDR-Receipt/FDR-ReceiptBatch/Review-Receipt/closePreview' is present

2020-09-15 14:32:31 - [TEST_STEP][PASSED] - click(findTestObject("FDR-Receipt/FDR-ReceiptBatch/Review-Receipt/closePreview")): Object: 'Object Repository/FDR-Receipt/FDR-ReceiptBatch/Review-Receipt/closePreview' is clicked on

2020-09-15 14:32:31 - [MESSAGE][PASSED] - Object: 'Object Repository/FDR-Receipt/FDR-ReceiptBatch/Review-Receipt/closePreview' is clicked on

2020-09-15 14:32:31 - [TEST_STEP][PASSED] - waitForElementPresent(findTestObject("FDR-Receipt/FDR-ReceiptBatch/Review-Receipt/button_Submitforapproval"), 2): Object 'Object Repository/FDR-Receipt/FDR-ReceiptBatch/Review-Receipt/button_Submitforapproval' is present

2020-09-15 14:32:32 - [MESSAGE][PASSED] - Object 'Object Repository/FDR-Receipt/FDR-ReceiptBatch/Review-Receipt/button_Submitforapproval' is present

2020-09-15 14:32:32 - [TEST_STEP][PASSED] - click(findTestObject("FDR-Receipt/FDR-ReceiptBatch/Review-Receipt/button_Submitforapproval")): Object: 'Object Repository/FDR-Receipt/FDR-ReceiptBatch/Review-Receipt/button_Submitforapproval' is clicked on

2020-09-15 14:32:32 - [MESSAGE][PASSED] - Object: 'Object Repository/FDR-Receipt/FDR-ReceiptBatch/Review-Receipt/button_Submitforapproval' is clicked on

2020-09-15 14:32:32 - [TEST_STEP][PASSED] - waitForElementPresent(findTestObject("FDR-Receipt/FDR-Receipt-Dashboard/filterValidatebatch"), 2): Object 'Object Repository/FDR-Receipt/FDR-Receipt-Dashboard/filterValidatebatch' is present

2020-09-15 14:32:33 - [MESSAGE][PASSED] - Object 'Object Repository/FDR-Receipt/FDR-Receipt-Dashboard/filterValidatebatch' is present

2020-09-15 14:32:33 - [TEST_STEP][PASSED] - waitForElementClickable(findTestObject("FDR-Receipt/FDR-Receipt-Dashboard/filterValidatebatch"), 10): Object 'Object Repository/FDR-Receipt/FDR-Receipt-Dashboard/filterValidatebatch' is clickable

2020-09-15 14:32:33 - [MESSAGE][PASSED] - Object 'Object Repository/FDR-Receipt/FDR-Receipt-Dashboard/filterValidatebatch' is clickable

2020-09-15 14:32:33 - [TEST_STEP][PASSED] - click(findTestObject("FDR-Receipt/FDR-Receipt-Dashboard/filterValidatebatch")): Object: 'Object Repository/FDR-Receipt/FDR-Receipt-Dashboard/filterValidatebatch' is clicked on

2020-09-15 14:32:34 - [MESSAGE][PASSED] - Object: 'Object Repository/FDR-Receipt/FDR-Receipt-Dashboard/filterValidatebatch' is clicked on

2020-09-15 14:32:34 - [TEST_STEP][PASSED] - waitForElementPresent(findTestObject("FDR-Receipt/FDR-Receipt-Dashboard/buttonValidate"), 2): Object 'Object Repository/FDR-Receipt/FDR-Receipt-Dashboard/buttonValidate' is present

2020-09-15 14:32:35 - [MESSAGE][PASSED] - Object 'Object Repository/FDR-Receipt/FDR-Receipt-Dashboard/buttonValidate' is present

2020-09-15 14:32:35 - [TEST_STEP][PASSED] - click(findTestObject("FDR-Receipt/FDR-Receipt-Dashboard/buttonValidate")): Object: 'Object Repository/FDR-Receipt/FDR-Receipt-Dashboard/buttonValidate' is clicked on

2020-09-15 14:32:35 - [MESSAGE][PASSED] - Object: 'Object Repository/FDR-Receipt/FDR-Receipt-Dashboard/buttonValidate' is clicked on

2020-09-15 14:32:35 - [TEST_STEP][PASSED] - waitForElementPresent(findTestObject("FDR-Receipt/FDR-ReceiptBatch/Review-Receipt/button_Approve"), 5): Object 'Object Repository/FDR-Receipt/FDR-ReceiptBatch/Review-Receipt/button_Approve' is present

2020-09-15 14:32:35 - [MESSAGE][PASSED] - Object 'Object Repository/FDR-Receipt/FDR-ReceiptBatch/Review-Receipt/button_Approve' is present

2020-09-15 14:32:35 - [TEST_STEP][PASSED] - click(findTestObject("FDR-Receipt/FDR-ReceiptBatch/Review-Receipt/button_Approve")): Object: 'Object Repository/FDR-Receipt/FDR-ReceiptBatch/Review-Receipt/button_Approve' is clicked on

2020-09-15 14:32:36 - [MESSAGE][PASSED] - Object: 'Object Repository/FDR-Receipt/FDR-ReceiptBatch/Review-Receipt/button_Approve' is clicked on

2020-09-15 14:32:36 - [TEST_STEP][PASSED] - waitForElementPresent(findTestObject("FDR-Receipt/FDR-Receipt-Dashboard/reportButton"), 2): Object 'Object Repository/FDR-Receipt/FDR-Receipt-Dashboard/reportButton' is present

2020-09-15 14:32:37 - [MESSAGE][PASSED] - Object 'Object Repository/FDR-Receipt/FDR-Receipt-Dashboard/reportButton' is present

2020-09-15 14:32:37 - [TEST_STEP][PASSED] - click(findTestObject("FDR-Receipt/FDR-Receipt-Dashboard/reportButton")): Object: 'Object Repository/FDR-Receipt/FDR-Receipt-Dashboard/reportButton' is clicked on

2020-09-15 14:32:37 - [MESSAGE][PASSED] - Object: 'Object Repository/FDR-Receipt/FDR-Receipt-Dashboard/reportButton' is clicked on

2020-09-15 14:32:37 - [TEST_STEP][PASSED] - waitForElementPresent(findTestObject("FDR-Receipt/FDR-Report-Generation/FDR-Report-Dashboard/receiptTransactionRequests"), 5, STOP_ON_FAILURE): Object 'Object Repository/FDR-Receipt/FDR-Report-Generation/FDR-Report-Dashboard/receiptTransactionRequests' is present

2020-09-15 14:32:37 - [MESSAGE][PASSED] - Object 'Object Repository/FDR-Receipt/FDR-Report-Generation/FDR-Report-Dashboard/receiptTransactionRequests' is present

2020-09-15 14:32:37 - [TEST_STEP][PASSED] - click(findTestObject("FDR-Receipt/FDR-Report-Generation/FDR-Report-Dashboard/receiptTransactionRequests")): Object: 'Object Repository/FDR-Receipt/FDR-Report-Generation/FDR-Report-Dashboard/receiptTransactionRequests' is clicked on

2020-09-15 14:32:38 - [MESSAGE][PASSED] - Object: 'Object Repository/FDR-Receipt/FDR-Report-Generation/FDR-Report-Dashboard/receiptTransactionRequests' is clicked on

2020-09-15 14:32:38 - [TEST_STEP][PASSED] - waitForElementPresent(findTestObject("FDR-Receipt/FDR-Receipt-Header/View/inputDrawDate"), 3): Object 'Object Repository/FDR-Receipt/FDR-Receipt-Header/View/inputDrawDate' is present

2020-09-15 14:32:38 - [MESSAGE][PASSED] - Object 'Object Repository/FDR-Receipt/FDR-Receipt-Header/View/inputDrawDate' is present

2020-09-15 14:32:38 - [TEST_STEP][PASSED] - sendKeys(findTestObject("FDR-Receipt/FDR-Receipt-Header/View/inputDrawDate"), Drawdate): Keys '10/05/2020' sent to object: 'Object Repository/FDR-Receipt/FDR-Receipt-Header/View/inputDrawDate'

2020-09-15 14:32:39 - [MESSAGE][PASSED] - Keys '10/05/2020' sent to object: 'Object Repository/FDR-Receipt/FDR-Receipt-Header/View/inputDrawDate'

2020-09-15 14:32:39 - [TEST_STEP][PASSED] - waitForElementClickable(findTestObject("FDR-Receipt/FDR-Report-Generation/FDR-Report-Dashboard/button_generateTRs"), 10, STOP_ON_FAILURE): Object 'Object Repository/FDR-Receipt/FDR-Report-Generation/FDR-Report-Dashboard/button_generateTRs' is clickable

2020-09-15 14:32:40 - [MESSAGE][PASSED] - Object 'Object Repository/FDR-Receipt/FDR-Report-Generation/FDR-Report-Dashboard/button_generateTRs' is clickable

2020-09-15 14:32:40 - [TEST_STEP][PASSED] - click(findTestObject("FDR-Receipt/FDR-Report-Generation/FDR-Report-Dashboard/button_generateTRs")): Object: 'Object Repository/FDR-Receipt/FDR-Report-Generation/FDR-Report-Dashboard/button_generateTRs' is clicked on

2020-09-15 14:32:40 - [MESSAGE][PASSED] - Object: 'Object Repository/FDR-Receipt/FDR-Report-Generation/FDR-Report-Dashboard/button_generateTRs' is clicked on

2020-09-15 14:32:40 - [TEST_STEP][PASSED] - waitForElementClickable(findTestObject("FDR-Receipt/FDR-Report-Generation/FDR-Report-Dashboard/backToDashboardBtn"), 2, STOP_ON_FAILURE): Object 'Object Repository/FDR-Receipt/FDR-Report-Generation/FDR-Report-Dashboard/backToDashboardBtn' is clickable

2020-09-15 14:32:41 - [MESSAGE][PASSED] - Object 'Object Repository/FDR-Receipt/FDR-Report-Generation/FDR-Report-Dashboard/backToDashboardBtn' is clickable

2020-09-15 14:32:41 - [TEST_STEP][PASSED] - Start listener action : sampleAfterTestCase: Browser is closed

2020-09-15 14:32:41 - [TEST_STEP][PASSED] - profileName = getExecutionProfile(): null

2020-09-15 14:32:41 - [TEST_STEP][PASSED] - switch (profileName): null

2020-09-15 14:32:41 - [TEST_STEP][PASSED] - if (!(skipBeforeAndAfterTestCase)): Browser is closed

2020-09-15 14:32:41 - [TEST_STEP][PASSED] - Uifunctions.logoutFDR(): Browser is closed

2020-09-15 14:32:41 - [MESSAGE][PASSED] - Browser is closed

2020-09-15 14:32:41 - [TEST_STEP][PASSED] - Start listener action : afterTestCase: null

2020-09-15 14:32:41 - [TEST_STEP][PASSED] - profileName = getExecutionProfile(): null

2020-09-15 14:32:41 - [TEST_STEP][PASSED] - if (profileName.equalsIgnoreCase("SysAdmin")): null

2020-09-15 14:32:41 - [TEST_STEP][PASSED] - Start listener action : sampleAfterTestCase: null

2020-09-15 14:32:41 - [TEST_STEP][PASSED] - profileName = getExecutionProfile(): null

2020-09-15 14:32:41 - [TEST_STEP][PASSED] - switch (profileName): null

2020-09-15 14:32:41 - [TEST_STEP][PASSED] - Default: null

2020-09-15 14:32:41 - [TEST_STEP][PASSED] - return null: null

2020-09-15 14:32:41 - [TEST_STEP][PASSED] - Start listener action : addFailedTCToList: null]]></system-out>
         <system-err><![CDATA[]]></system-err>
      </testcase>
      <testcase name="Test Cases/WEB-UI-TESTS/Receipt/FDR-Delete-Undo-Receipt-Line" time="54.239" classname="Test Cases/WEB-UI-TESTS/Receipt/FDR-Delete-Undo-Receipt-Line" status="PASSED">
         <system-out><![CDATA[2020-09-15 14:32:41 - [TEST_CASE][PASSED] - Test Cases/WEB-UI-TESTS/Receipt/FDR-Delete-Undo-Receipt-Line: Test Cases/WEB-UI-TESTS/Receipt/FDR-Delete-Undo-Receipt-Line

2020-09-15 14:32:41 - [TEST_STEP][PASSED] - Start listener action : sampleBeforeTestCase: Navigate to 'https://fdr-katalon.cammis-mod-dev.dhcs.ca.gov' successfully

2020-09-15 14:32:41 - [TEST_STEP][PASSED] - profileName = getExecutionProfile(): null

2020-09-15 14:32:41 - [TEST_STEP][PASSED] - switch (profileName): null

2020-09-15 14:32:41 - [TEST_STEP][PASSED] - testCaseId = testCaseContext.getTestCaseId(): null

2020-09-15 14:32:41 - [TEST_STEP][PASSED] - if (!(skipBeforeAndAfterTestCase)): Navigate to 'https://fdr-katalon.cammis-mod-dev.dhcs.ca.gov' successfully

2020-09-15 14:32:41 - [TEST_STEP][PASSED] - if (account7TestCases.contains(testCaseId)): null

2020-09-15 14:32:41 - [TEST_STEP][PASSED] - else if (account10TestCases.contains(testCaseId)): null

2020-09-15 14:32:41 - [TEST_STEP][PASSED] - else: Object: 'Object Repository/FDR-SignIn/SignInButton' is clicked on

2020-09-15 14:32:41 - [TEST_STEP][PASSED] - Uifunctions.loginFDR(accountsApprover, accountsApproverPwd): Object: 'Object Repository/FDR-SignIn/SignInButton' is clicked on

2020-09-15 14:32:41 - [MESSAGE][INFO] - Starting 'Chrome' driver

2020-09-15 14:32:41 - [MESSAGE][INFO] - Action delay is set to 0 milliseconds

2020-09-15 14:32:44 - [MESSAGE][PASSED] - Browser is opened with url: ''

2020-09-15 14:32:46 - [MESSAGE][PASSED] - Current window maximized

2020-09-15 14:32:48 - [MESSAGE][PASSED] - Navigate to 'https://fdr-katalon.cammis-mod-dev.dhcs.ca.gov' successfully

2020-09-15 14:32:49 - [MESSAGE][PASSED] - Object 'Object Repository/FDR-SignIn/SignInEmail' is present

2020-09-15 14:32:49 - [MESSAGE][PASSED] - Object: 'Object Repository/FDR-SignIn/SignInEmail' is clicked on

2020-09-15 14:32:50 - [MESSAGE][PASSED] - Object 'Object Repository/FDR-SignIn/SignInEmail' is present

2020-09-15 14:32:50 - [MESSAGE][PASSED] - Text 'fdr.test3@dhcs.ca.gov' is set on object 'Object Repository/FDR-SignIn/SignInEmail'

2020-09-15 14:32:50 - [MESSAGE][PASSED] - Object 'Object Repository/FDR-SignIn/SignInEmailNext' is visible

2020-09-15 14:32:51 - [MESSAGE][PASSED] - Object: 'Object Repository/FDR-SignIn/SignInEmailNext' is clicked on

2020-09-15 14:32:53 - [MESSAGE][PASSED] - Object 'Object Repository/FDR-SignIn/SignInEmailPassword' is visible

2020-09-15 14:32:54 - [MESSAGE][PASSED] - Object: 'Object Repository/FDR-SignIn/SignInEmailPassword' is clicked on

2020-09-15 14:32:54 - [MESSAGE][PASSED] - Text ****** has been set on object 'Object Repository/FDR-SignIn/SignInEmailPassword'

2020-09-15 14:32:56 - [MESSAGE][PASSED] - Object: 'Object Repository/FDR-SignIn/SignInButton' is clicked on

2020-09-15 14:32:56 - [TEST_STEP][PASSED] - navigateToUrl(URL): Navigate to 'https://fdr-katalon.cammis-mod-dev.dhcs.ca.gov' successfully

2020-09-15 14:32:56 - [MESSAGE][PASSED] - Navigate to 'https://fdr-katalon.cammis-mod-dev.dhcs.ca.gov' successfully

2020-09-15 14:32:56 - [TEST_STEP][PASSED] - Start listener action : beforeTestCase: null

2020-09-15 14:32:56 - [TEST_STEP][PASSED] - profileName = getExecutionProfile(): null

2020-09-15 14:32:56 - [TEST_STEP][PASSED] - if (profileName.equalsIgnoreCase("SysAdmin")): null

2020-09-15 14:32:56 - [TEST_STEP][PASSED] - Start listener action : sampleBeforeTestCase: null

2020-09-15 14:32:56 - [TEST_STEP][PASSED] - profileName = getExecutionProfile(): null

2020-09-15 14:32:56 - [TEST_STEP][PASSED] - testCaseId = testCaseContext.getTestCaseId(): null

2020-09-15 14:32:56 - [TEST_STEP][PASSED] - switch (profileName): null

2020-09-15 14:32:56 - [TEST_STEP][PASSED] - Default: null

2020-09-15 14:32:56 - [TEST_STEP][PASSED] - return null: null

2020-09-15 14:32:56 - [TEST_STEP][PASSED] - Start listener action : executeRows: null

2020-09-15 14:32:56 - [TEST_STEP][PASSED] - newDepositId = RandomStringUtils.randomNumeric(7): null

2020-09-15 14:32:56 - [TEST_STEP][PASSED] - editors.createReceipt(Drawdate, Paydate, newDepositId, Receiptnotes): Object: 'Object Repository/FDR-Receipt/FDR-Receipt-Header/View/buttonNext' is clicked on

2020-09-15 14:33:01 - [MESSAGE][INFO] - Unable to find the element located by 'By.xpath: //*[@data-id='button-link']//*[contains(text(),'Create New Voucher')]'. Please recheck the objects properties to make sure the desired element is located. 

2020-09-15 14:33:01 - [MESSAGE][WARNING] - Object 'Object Repository/FDR-Dashboard/createNewVoucherButton' is not present after 4 second(s)

2020-09-15 14:33:02 - [MESSAGE][PASSED] - Object 'Object Repository/FDR-Receipt/FDR-Receipt-Dashboard/createNew_ReceiptBatch_Button' is present

2020-09-15 14:33:02 - [MESSAGE][PASSED] - Object: 'Object Repository/FDR-Receipt/FDR-Receipt-Dashboard/createNew_ReceiptBatch_Button' is clicked on

2020-09-15 14:33:03 - [MESSAGE][PASSED] - Object 'Object Repository/FDR-Receipt/FDR-Receipt-Header/View/inputDrawDate' is present

2020-09-15 14:33:04 - [MESSAGE][PASSED] - Text '10/05/2020' is set on object 'Object Repository/FDR-Receipt/FDR-Receipt-Header/View/inputDrawDate'

2020-09-15 14:33:04 - [MESSAGE][PASSED] - Keys 'TAB + ENTER + ENTER + ' sent to object: 'Object Repository/FDR-Receipt/FDR-Receipt-Header/View/inputDrawDate'

2020-09-15 14:33:05 - [MESSAGE][PASSED] - Object 'Object Repository/FDR-Receipt/FDR-Receipt-Header/Edit/payDate' is present

2020-09-15 14:33:06 - [MESSAGE][PASSED] - Text '10/07/2020' is set on object 'Object Repository/FDR-Receipt/FDR-Receipt-Header/Edit/payDate'

2020-09-15 14:33:06 - [MESSAGE][PASSED] - Object 'Object Repository/FDR-Receipt/FDR-Receipt-Header/View/deposit ID' is present

2020-09-15 14:33:07 - [MESSAGE][PASSED] - Text '4848151' is set on object 'Object Repository/FDR-Receipt/FDR-Receipt-Header/View/deposit ID'

2020-09-15 14:33:07 - [MESSAGE][PASSED] - Object 'Object Repository/FDR-Receipt/FDR-ReceiptBatch/receiptNotes' is present

2020-09-15 14:33:08 - [MESSAGE][PASSED] - Text 'rqewrq' is set on object 'Object Repository/FDR-Receipt/FDR-ReceiptBatch/receiptNotes'

2020-09-15 14:33:09 - [MESSAGE][PASSED] - Object 'Object Repository/FDR-Receipt/FDR-Receipt-Header/Edit/remmitanceAdviceInput' is present

2020-09-15 14:33:09 - [MESSAGE][PASSED] - Keys '' sent to object: 'Object Repository/FDR-Receipt/FDR-Receipt-Header/Edit/remmitanceAdviceInput'

2020-09-15 14:33:10 - [MESSAGE][PASSED] - Object 'Object Repository/FDR-Receipt/FDR-Receipt-Header/Edit/controllerReceiptInput' is present

2020-09-15 14:33:10 - [MESSAGE][PASSED] - Keys '' sent to object: 'Object Repository/FDR-Receipt/FDR-Receipt-Header/Edit/controllerReceiptInput'

2020-09-15 14:33:10 - [MESSAGE][PASSED] - Object 'Object Repository/FDR-Receipt/FDR-Receipt-Header/View/buttonNext' is present

2020-09-15 14:33:11 - [MESSAGE][PASSED] - Object: 'Object Repository/FDR-Receipt/FDR-Receipt-Header/View/buttonNext' is clicked on

2020-09-15 14:33:11 - [TEST_STEP][PASSED] - editors.createReceiptline(ReceiptID, SupplierID, DepositDate): Object: 'Object Repository/FDR-Receipt/FDR-Receipt-Checkline/View/addReceipt_Button2' is clicked on

2020-09-15 14:33:12 - [MESSAGE][PASSED] - Object 'Object Repository/FDR-Receipt/FDR-Receipt-Checkline/View/receipt_ID' is present

2020-09-15 14:33:12 - [MESSAGE][PASSED] - Keys 'CHK10322' sent to object: 'Object Repository/FDR-Receipt/FDR-Receipt-Checkline/View/receipt_ID'

2020-09-15 14:33:12 - [MESSAGE][PASSED] - Object 'Object Repository/FDR-Receipt/FDR-Receipt-Checkline/View/supplier_Id' is present

2020-09-15 14:33:13 - [MESSAGE][PASSED] - Object: 'Object Repository/FDR-Receipt/FDR-Receipt-Checkline/View/supplier_Id' is clicked on

2020-09-15 14:33:13 - [MESSAGE][PASSED] - Keys '0000007954' sent to object: 'Object Repository/FDR-Receipt/FDR-Receipt-Checkline/View/supplier_Id'

2020-09-15 14:33:14 - [MESSAGE][PASSED] - Keys 'DOWN + ENTER + ' sent to object: 'Object Repository/FDR-Receipt/FDR-Receipt-Checkline/View/supplier_Id'

2020-09-15 14:33:14 - [MESSAGE][PASSED] - Object 'Object Repository/FDR-Receipt/FDR-Receipt-Checkline/View/deposit_Date' is present

2020-09-15 14:33:15 - [MESSAGE][PASSED] - Keys '02/24/2020' sent to object: 'Object Repository/FDR-Receipt/FDR-Receipt-Checkline/View/deposit_Date'

2020-09-15 14:33:20 - [MESSAGE][INFO] - Unable to find the element located by 'By.xpath: //*[@data-id='button-link']//*[contains(text(),'Create New Voucher')]'. Please recheck the objects properties to make sure the desired element is located. 

2020-09-15 14:33:20 - [MESSAGE][WARNING] - Object 'Object Repository/FDR-Dashboard/createNewVoucherButton' is not present after 4 second(s)

2020-09-15 14:33:20 - [MESSAGE][PASSED] - Object 'Object Repository/FDR-Receipt/FDR-Receipt-Checkline/View/addReceipt_Button2' is present

2020-09-15 14:33:20 - [MESSAGE][PASSED] - Object: 'Object Repository/FDR-Receipt/FDR-Receipt-Checkline/View/addReceipt_Button2' is clicked on

2020-09-15 14:33:20 - [TEST_STEP][PASSED] - delay(2): Delayed 2 second(s)

2020-09-15 14:33:22 - [MESSAGE][PASSED] - Delayed 2 second(s)

2020-09-15 14:33:22 - [TEST_STEP][PASSED] - click(findTestObject("FDR-Receipt/FDR-Receipt-Checkline/Delete/lineAttribute")): Object: 'Object Repository/FDR-Receipt/FDR-Receipt-Checkline/Delete/lineAttribute' is clicked on

2020-09-15 14:33:23 - [MESSAGE][PASSED] - Object: 'Object Repository/FDR-Receipt/FDR-Receipt-Checkline/Delete/lineAttribute' is clicked on

2020-09-15 14:33:23 - [TEST_STEP][PASSED] - mouseOver(findTestObject("FDR-Receipt/FDR-Receipt-Checkline/Edit/Mose_over")): Object: 'Object Repository/FDR-Receipt/FDR-Receipt-Checkline/Edit/Mose_over' is hovered

2020-09-15 14:33:23 - [MESSAGE][PASSED] - Object: 'Object Repository/FDR-Receipt/FDR-Receipt-Checkline/Edit/Mose_over' is hovered

2020-09-15 14:33:23 - [TEST_STEP][PASSED] - waitForElementPresent(findTestObject("FDR-Receipt/FDR-Receipt-Checkline/Edit/3dots_Icon"), 2): Object 'Object Repository/FDR-Receipt/FDR-Receipt-Checkline/Edit/3dots_Icon' is present

2020-09-15 14:33:24 - [MESSAGE][PASSED] - Object 'Object Repository/FDR-Receipt/FDR-Receipt-Checkline/Edit/3dots_Icon' is present

2020-09-15 14:33:24 - [TEST_STEP][PASSED] - click(findTestObject("FDR-Receipt/FDR-Receipt-Checkline/Edit/3dots_Icon")): Object: 'Object Repository/FDR-Receipt/FDR-Receipt-Checkline/Edit/3dots_Icon' is clicked on

2020-09-15 14:33:24 - [MESSAGE][PASSED] - Object: 'Object Repository/FDR-Receipt/FDR-Receipt-Checkline/Edit/3dots_Icon' is clicked on

2020-09-15 14:33:24 - [TEST_STEP][PASSED] - waitForElementPresent(findTestObject("FDR-Receipt/FDR-Receipt-Checkline/Delete/li_Delete"), 2): Object 'Object Repository/FDR-Receipt/FDR-Receipt-Checkline/Delete/li_Delete' is present

2020-09-15 14:33:24 - [MESSAGE][PASSED] - Object 'Object Repository/FDR-Receipt/FDR-Receipt-Checkline/Delete/li_Delete' is present

2020-09-15 14:33:24 - [TEST_STEP][PASSED] - click(findTestObject("FDR-Receipt/FDR-Receipt-Checkline/Delete/li_Delete")): Object: 'Object Repository/FDR-Receipt/FDR-Receipt-Checkline/Delete/li_Delete' is clicked on

2020-09-15 14:33:25 - [MESSAGE][PASSED] - Object: 'Object Repository/FDR-Receipt/FDR-Receipt-Checkline/Delete/li_Delete' is clicked on

2020-09-15 14:33:25 - [TEST_STEP][PASSED] - waitForElementPresent(findTestObject("FDR-Receipt/FDR-Receipt-Checkline/Delete/li_Delete"), 5): Object 'Object Repository/FDR-Receipt/FDR-Receipt-Checkline/Delete/li_Delete' is not present after 5 second(s)

2020-09-15 14:33:31 - [MESSAGE][INFO] - Unable to find the element located by 'By.xpath: //*[@id="long-menu"]/div[3]/ul/li[2]'. Please recheck the objects properties to make sure the desired element is located. 

2020-09-15 14:33:31 - [MESSAGE][WARNING] - Object 'Object Repository/FDR-Receipt/FDR-Receipt-Checkline/Delete/li_Delete' is not present after 5 second(s)

2020-09-15 14:33:31 - [TEST_STEP][PASSED] - click(findTestObject("FDR-Receipt/FDR-Receipt-Checkline/Delete/undoIcon")): Object: 'Object Repository/FDR-Receipt/FDR-Receipt-Checkline/Delete/undoIcon' is clicked on

2020-09-15 14:33:32 - [MESSAGE][PASSED] - Object: 'Object Repository/FDR-Receipt/FDR-Receipt-Checkline/Delete/undoIcon' is clicked on

2020-09-15 14:33:32 - [TEST_STEP][PASSED] - waitForElementPresent(findTestObject("FDR-Receipt/FDR-Receipt-Checkline/Delete/li_Delete"), 2): Object 'Object Repository/FDR-Receipt/FDR-Receipt-Checkline/Delete/li_Delete' is not present after 2 second(s)

2020-09-15 14:33:35 - [MESSAGE][INFO] - Unable to find the element located by 'By.xpath: //*[@id="long-menu"]/div[3]/ul/li[2]'. Please recheck the objects properties to make sure the desired element is located. 

2020-09-15 14:33:35 - [MESSAGE][WARNING] - Object 'Object Repository/FDR-Receipt/FDR-Receipt-Checkline/Delete/li_Delete' is not present after 2 second(s)

2020-09-15 14:33:35 - [TEST_STEP][PASSED] - Start listener action : sampleAfterTestCase: Browser is closed

2020-09-15 14:33:35 - [TEST_STEP][PASSED] - profileName = getExecutionProfile(): null

2020-09-15 14:33:35 - [TEST_STEP][PASSED] - switch (profileName): null

2020-09-15 14:33:35 - [TEST_STEP][PASSED] - if (!(skipBeforeAndAfterTestCase)): Browser is closed

2020-09-15 14:33:35 - [TEST_STEP][PASSED] - Uifunctions.logoutFDR(): Browser is closed

2020-09-15 14:33:35 - [MESSAGE][PASSED] - Browser is closed

2020-09-15 14:33:35 - [TEST_STEP][PASSED] - Start listener action : afterTestCase: null

2020-09-15 14:33:35 - [TEST_STEP][PASSED] - profileName = getExecutionProfile(): null

2020-09-15 14:33:35 - [TEST_STEP][PASSED] - if (profileName.equalsIgnoreCase("SysAdmin")): null

2020-09-15 14:33:35 - [TEST_STEP][PASSED] - Start listener action : sampleAfterTestCase: null

2020-09-15 14:33:35 - [TEST_STEP][PASSED] - profileName = getExecutionProfile(): null

2020-09-15 14:33:35 - [TEST_STEP][PASSED] - switch (profileName): null

2020-09-15 14:33:35 - [TEST_STEP][PASSED] - Default: null

2020-09-15 14:33:35 - [TEST_STEP][PASSED] - return null: null

2020-09-15 14:33:35 - [TEST_STEP][PASSED] - Start listener action : addFailedTCToList: null]]></system-out>
         <system-err><![CDATA[]]></system-err>
      </testcase>
      <testcase name="Test Cases/WEB-UI-TESTS/Receipt/FDR-Validate-ReceiptHeader-RA-CR" time="38.75" classname="Test Cases/WEB-UI-TESTS/Receipt/FDR-Validate-ReceiptHeader-RA-CR" status="PASSED">
         <system-out><![CDATA[2020-09-15 14:33:36 - [TEST_CASE][PASSED] - Test Cases/WEB-UI-TESTS/Receipt/FDR-Validate-ReceiptHeader-RA-CR: Test Cases/WEB-UI-TESTS/Receipt/FDR-Validate-ReceiptHeader-RA-CR

2020-09-15 14:33:36 - [TEST_STEP][PASSED] - Start listener action : sampleBeforeTestCase: Navigate to 'https://fdr-katalon.cammis-mod-dev.dhcs.ca.gov' successfully

2020-09-15 14:33:36 - [TEST_STEP][PASSED] - profileName = getExecutionProfile(): null

2020-09-15 14:33:36 - [TEST_STEP][PASSED] - switch (profileName): null

2020-09-15 14:33:36 - [TEST_STEP][PASSED] - testCaseId = testCaseContext.getTestCaseId(): null

2020-09-15 14:33:36 - [TEST_STEP][PASSED] - if (!(skipBeforeAndAfterTestCase)): Navigate to 'https://fdr-katalon.cammis-mod-dev.dhcs.ca.gov' successfully

2020-09-15 14:33:36 - [TEST_STEP][PASSED] - if (account7TestCases.contains(testCaseId)): Object: 'Object Repository/FDR-SignIn/SignInButton' is clicked on

2020-09-15 14:33:36 - [TEST_STEP][PASSED] - Uifunctions.loginFDR(accountsAdmin, accountsAdminPwd): Object: 'Object Repository/FDR-SignIn/SignInButton' is clicked on

2020-09-15 14:33:36 - [MESSAGE][INFO] - Starting 'Chrome' driver

2020-09-15 14:33:36 - [MESSAGE][INFO] - Action delay is set to 0 milliseconds

2020-09-15 14:33:39 - [MESSAGE][PASSED] - Browser is opened with url: ''

2020-09-15 14:33:41 - [MESSAGE][PASSED] - Current window maximized

2020-09-15 14:33:42 - [MESSAGE][PASSED] - Navigate to 'https://fdr-katalon.cammis-mod-dev.dhcs.ca.gov' successfully

2020-09-15 14:33:43 - [MESSAGE][PASSED] - Object 'Object Repository/FDR-SignIn/SignInEmail' is present

2020-09-15 14:33:44 - [MESSAGE][PASSED] - Object: 'Object Repository/FDR-SignIn/SignInEmail' is clicked on

2020-09-15 14:33:44 - [MESSAGE][PASSED] - Object 'Object Repository/FDR-SignIn/SignInEmail' is present

2020-09-15 14:33:45 - [MESSAGE][PASSED] - Text 'fdr.test4@dhcs.ca.gov' is set on object 'Object Repository/FDR-SignIn/SignInEmail'

2020-09-15 14:33:45 - [MESSAGE][PASSED] - Object 'Object Repository/FDR-SignIn/SignInEmailNext' is visible

2020-09-15 14:33:45 - [MESSAGE][PASSED] - Object: 'Object Repository/FDR-SignIn/SignInEmailNext' is clicked on

2020-09-15 14:33:48 - [MESSAGE][PASSED] - Object 'Object Repository/FDR-SignIn/SignInEmailPassword' is visible

2020-09-15 14:33:49 - [MESSAGE][PASSED] - Object: 'Object Repository/FDR-SignIn/SignInEmailPassword' is clicked on

2020-09-15 14:33:49 - [MESSAGE][PASSED] - Text ****** has been set on object 'Object Repository/FDR-SignIn/SignInEmailPassword'

2020-09-15 14:33:51 - [MESSAGE][PASSED] - Object: 'Object Repository/FDR-SignIn/SignInButton' is clicked on

2020-09-15 14:33:51 - [TEST_STEP][PASSED] - navigateToUrl(URL): Navigate to 'https://fdr-katalon.cammis-mod-dev.dhcs.ca.gov' successfully

2020-09-15 14:33:51 - [MESSAGE][PASSED] - Navigate to 'https://fdr-katalon.cammis-mod-dev.dhcs.ca.gov' successfully

2020-09-15 14:33:51 - [TEST_STEP][PASSED] - Start listener action : beforeTestCase: null

2020-09-15 14:33:51 - [TEST_STEP][PASSED] - profileName = getExecutionProfile(): null

2020-09-15 14:33:51 - [TEST_STEP][PASSED] - if (profileName.equalsIgnoreCase("SysAdmin")): null

2020-09-15 14:33:51 - [TEST_STEP][PASSED] - Start listener action : sampleBeforeTestCase: null

2020-09-15 14:33:51 - [TEST_STEP][PASSED] - profileName = getExecutionProfile(): null

2020-09-15 14:33:51 - [TEST_STEP][PASSED] - testCaseId = testCaseContext.getTestCaseId(): null

2020-09-15 14:33:51 - [TEST_STEP][PASSED] - switch (profileName): null

2020-09-15 14:33:51 - [TEST_STEP][PASSED] - Default: null

2020-09-15 14:33:51 - [TEST_STEP][PASSED] - return null: null

2020-09-15 14:33:51 - [TEST_STEP][PASSED] - Start listener action : executeRows: null

2020-09-15 14:33:52 - [TEST_STEP][PASSED] - d = Date().plus(1): null

2020-09-15 14:33:52 - [TEST_STEP][PASSED] - dd = Date().plus(2): null

2020-09-15 14:33:52 - [TEST_STEP][PASSED] - servicedatefrom = d.format("MM/dd/yyyy"): null

2020-09-15 14:33:52 - [TEST_STEP][PASSED] - servicedateto = dd.format("MM/dd/yyyy"): null

2020-09-15 14:33:52 - [TEST_STEP][PASSED] - newDepositId = RandomStringUtils.randomNumeric(7): null

2020-09-15 14:33:52 - [TEST_STEP][PASSED] - editors.createReceipt(Drawdate, Paydate, newDepositId, Receiptnotes): Object: 'Object Repository/FDR-Receipt/FDR-Receipt-Header/View/buttonNext' is clicked on

2020-09-15 14:33:57 - [MESSAGE][INFO] - Unable to find the element located by 'By.xpath: //*[@data-id='button-link']//*[contains(text(),'Create New Voucher')]'. Please recheck the objects properties to make sure the desired element is located. 

2020-09-15 14:33:57 - [MESSAGE][WARNING] - Object 'Object Repository/FDR-Dashboard/createNewVoucherButton' is not present after 4 second(s)

2020-09-15 14:33:57 - [MESSAGE][PASSED] - Object 'Object Repository/FDR-Receipt/FDR-Receipt-Dashboard/createNew_ReceiptBatch_Button' is present

2020-09-15 14:33:57 - [MESSAGE][PASSED] - Object: 'Object Repository/FDR-Receipt/FDR-Receipt-Dashboard/createNew_ReceiptBatch_Button' is clicked on

2020-09-15 14:33:58 - [MESSAGE][PASSED] - Object 'Object Repository/FDR-Receipt/FDR-Receipt-Header/View/inputDrawDate' is present

2020-09-15 14:33:59 - [MESSAGE][PASSED] - Text '10/05/2020' is set on object 'Object Repository/FDR-Receipt/FDR-Receipt-Header/View/inputDrawDate'

2020-09-15 14:34:00 - [MESSAGE][PASSED] - Keys 'TAB + ENTER + ENTER + ' sent to object: 'Object Repository/FDR-Receipt/FDR-Receipt-Header/View/inputDrawDate'

2020-09-15 14:34:01 - [MESSAGE][PASSED] - Object 'Object Repository/FDR-Receipt/FDR-Receipt-Header/Edit/payDate' is present

2020-09-15 14:34:02 - [MESSAGE][PASSED] - Text '10/07/2020' is set on object 'Object Repository/FDR-Receipt/FDR-Receipt-Header/Edit/payDate'

2020-09-15 14:34:02 - [MESSAGE][PASSED] - Object 'Object Repository/FDR-Receipt/FDR-Receipt-Header/View/deposit ID' is present

2020-09-15 14:34:03 - [MESSAGE][PASSED] - Text '5016903' is set on object 'Object Repository/FDR-Receipt/FDR-Receipt-Header/View/deposit ID'

2020-09-15 14:34:03 - [MESSAGE][PASSED] - Object 'Object Repository/FDR-Receipt/FDR-ReceiptBatch/receiptNotes' is present

2020-09-15 14:34:04 - [MESSAGE][PASSED] - Text 'rqewrq' is set on object 'Object Repository/FDR-Receipt/FDR-ReceiptBatch/receiptNotes'

2020-09-15 14:34:05 - [MESSAGE][PASSED] - Object 'Object Repository/FDR-Receipt/FDR-Receipt-Header/Edit/remmitanceAdviceInput' is present

2020-09-15 14:34:05 - [MESSAGE][PASSED] - Keys '' sent to object: 'Object Repository/FDR-Receipt/FDR-Receipt-Header/Edit/remmitanceAdviceInput'

2020-09-15 14:34:05 - [MESSAGE][PASSED] - Object 'Object Repository/FDR-Receipt/FDR-Receipt-Header/Edit/controllerReceiptInput' is present

2020-09-15 14:34:06 - [MESSAGE][PASSED] - Keys '' sent to object: 'Object Repository/FDR-Receipt/FDR-Receipt-Header/Edit/controllerReceiptInput'

2020-09-15 14:34:06 - [MESSAGE][PASSED] - Object 'Object Repository/FDR-Receipt/FDR-Receipt-Header/View/buttonNext' is present

2020-09-15 14:34:07 - [MESSAGE][PASSED] - Object: 'Object Repository/FDR-Receipt/FDR-Receipt-Header/View/buttonNext' is clicked on

2020-09-15 14:34:07 - [TEST_STEP][PASSED] - waitForElementPresent(findTestObject("FDR-Receipt/FDR-Receipt-Header/Edit/3dots_icon"), 2): Object 'Object Repository/FDR-Receipt/FDR-Receipt-Header/Edit/3dots_icon' is present

2020-09-15 14:34:07 - [MESSAGE][PASSED] - Object 'Object Repository/FDR-Receipt/FDR-Receipt-Header/Edit/3dots_icon' is present

2020-09-15 14:34:07 - [TEST_STEP][PASSED] - click(findTestObject("FDR-Receipt/FDR-Receipt-Header/Edit/3dots_icon"), STOP_ON_FAILURE): Object: 'Object Repository/FDR-Receipt/FDR-Receipt-Header/Edit/3dots_icon' is clicked on

2020-09-15 14:34:08 - [MESSAGE][PASSED] - Object: 'Object Repository/FDR-Receipt/FDR-Receipt-Header/Edit/3dots_icon' is clicked on

2020-09-15 14:34:08 - [TEST_STEP][PASSED] - click(findTestObject("FDR-Receipt/FDR-Receipt-Header/Edit/edit-Icon"), STOP_ON_FAILURE): Object: 'Object Repository/FDR-Receipt/FDR-Receipt-Header/Edit/edit-Icon' is clicked on

2020-09-15 14:34:08 - [MESSAGE][PASSED] - Object: 'Object Repository/FDR-Receipt/FDR-Receipt-Header/Edit/edit-Icon' is clicked on

2020-09-15 14:34:08 - [TEST_STEP][PASSED] - verifyElementPresent(findTestObject("FDR-Receipt/FDR-Receipt-Header/Edit/remmitanceAdviceInput"), 2, STOP_ON_FAILURE): Object 'Object Repository/FDR-Receipt/FDR-Receipt-Header/Edit/remmitanceAdviceInput' is present

2020-09-15 14:34:09 - [MESSAGE][PASSED] - Object 'Object Repository/FDR-Receipt/FDR-Receipt-Header/Edit/remmitanceAdviceInput' is present

2020-09-15 14:34:09 - [TEST_STEP][PASSED] - sendKeys(findTestObject("FDR-Receipt/FDR-Receipt-Header/Edit/remmitanceAdviceInput"), remmitanceAdvice): Keys '1234' sent to object: 'Object Repository/FDR-Receipt/FDR-Receipt-Header/Edit/remmitanceAdviceInput'

2020-09-15 14:34:09 - [MESSAGE][PASSED] - Keys '1234' sent to object: 'Object Repository/FDR-Receipt/FDR-Receipt-Header/Edit/remmitanceAdviceInput'

2020-09-15 14:34:09 - [TEST_STEP][PASSED] - verifyElementPresent(findTestObject("FDR-Receipt/FDR-Receipt-Header/Edit/controllerReceiptInput"), 2, STOP_ON_FAILURE): Object 'Object Repository/FDR-Receipt/FDR-Receipt-Header/Edit/controllerReceiptInput' is present

2020-09-15 14:34:10 - [MESSAGE][PASSED] - Object 'Object Repository/FDR-Receipt/FDR-Receipt-Header/Edit/controllerReceiptInput' is present

2020-09-15 14:34:10 - [TEST_STEP][PASSED] - sendKeys(findTestObject("FDR-Receipt/FDR-Receipt-Header/Edit/controllerReceiptInput"), controllerReceipt): Keys '4567' sent to object: 'Object Repository/FDR-Receipt/FDR-Receipt-Header/Edit/controllerReceiptInput'

2020-09-15 14:34:10 - [MESSAGE][PASSED] - Keys '4567' sent to object: 'Object Repository/FDR-Receipt/FDR-Receipt-Header/Edit/controllerReceiptInput'

2020-09-15 14:34:10 - [TEST_STEP][PASSED] - waitForElementPresent(findTestObject("FDR-Receipt/FDR-Receipt-Header/Edit/next_Button"), 2): Object 'Object Repository/FDR-Receipt/FDR-Receipt-Header/Edit/next_Button' is present

2020-09-15 14:34:11 - [MESSAGE][PASSED] - Object 'Object Repository/FDR-Receipt/FDR-Receipt-Header/Edit/next_Button' is present

2020-09-15 14:34:11 - [TEST_STEP][PASSED] - click(findTestObject("FDR-Receipt/FDR-Receipt-Header/Edit/next_Button")): Object: 'Object Repository/FDR-Receipt/FDR-Receipt-Header/Edit/next_Button' is clicked on

2020-09-15 14:34:11 - [MESSAGE][PASSED] - Object: 'Object Repository/FDR-Receipt/FDR-Receipt-Header/Edit/next_Button' is clicked on

2020-09-15 14:34:11 - [TEST_STEP][PASSED] - waitForElementPresent(findTestObject("FDR-Receipt/FDR-Receipt-Header/Edit/Mose_over"), 2): Object 'Object Repository/FDR-Receipt/FDR-Receipt-Header/Edit/Mose_over' is present

2020-09-15 14:34:12 - [MESSAGE][PASSED] - Object 'Object Repository/FDR-Receipt/FDR-Receipt-Header/Edit/Mose_over' is present

2020-09-15 14:34:12 - [TEST_STEP][PASSED] - click(findTestObject("FDR-Receipt/FDR-Receipt-Header/Edit/Mose_over")): Object: 'Object Repository/FDR-Receipt/FDR-Receipt-Header/Edit/Mose_over' is clicked on

2020-09-15 14:34:12 - [MESSAGE][PASSED] - Object: 'Object Repository/FDR-Receipt/FDR-Receipt-Header/Edit/Mose_over' is clicked on

2020-09-15 14:34:12 - [TEST_STEP][PASSED] - waitForElementPresent(findTestObject("FDR-Receipt/FDR-Receipt-Header/Edit/remmitanceAdviceView"), 2): Object 'Object Repository/FDR-Receipt/FDR-Receipt-Header/Edit/remmitanceAdviceView' is present

2020-09-15 14:34:13 - [MESSAGE][PASSED] - Object 'Object Repository/FDR-Receipt/FDR-Receipt-Header/Edit/remmitanceAdviceView' is present

2020-09-15 14:34:13 - [TEST_STEP][PASSED] - if (getText(findTestObject("FDR-Receipt/FDR-Receipt-Header/Edit/remmitanceAdviceView")) == remmitanceAdvice): Text of object 'Object Repository/FDR-Receipt/FDR-Receipt-Header/Edit/remmitanceAdviceView' is: ''

2020-09-15 14:34:13 - [MESSAGE][PASSED] - Text of object 'Object Repository/FDR-Receipt/FDR-Receipt-Header/Edit/remmitanceAdviceView' is: ''

2020-09-15 14:34:13 - [TEST_STEP][PASSED] - waitForElementPresent(findTestObject("FDR-Receipt/FDR-Receipt-Header/Edit/controllerReceiptView"), 2): Object 'Object Repository/FDR-Receipt/FDR-Receipt-Header/Edit/controllerReceiptView' is present

2020-09-15 14:34:13 - [MESSAGE][PASSED] - Object 'Object Repository/FDR-Receipt/FDR-Receipt-Header/Edit/controllerReceiptView' is present

2020-09-15 14:34:13 - [TEST_STEP][PASSED] - if (getText(findTestObject("FDR-Receipt/FDR-Receipt-Header/Edit/controllerReceiptView")) == controllerReceipt): Text of object 'Object Repository/FDR-Receipt/FDR-Receipt-Header/Edit/controllerReceiptView' is: ''

2020-09-15 14:34:14 - [MESSAGE][PASSED] - Text of object 'Object Repository/FDR-Receipt/FDR-Receipt-Header/Edit/controllerReceiptView' is: ''

2020-09-15 14:34:14 - [TEST_STEP][PASSED] - Start listener action : sampleAfterTestCase: Browser is closed

2020-09-15 14:34:14 - [TEST_STEP][PASSED] - profileName = getExecutionProfile(): null

2020-09-15 14:34:14 - [TEST_STEP][PASSED] - switch (profileName): null

2020-09-15 14:34:14 - [TEST_STEP][PASSED] - if (!(skipBeforeAndAfterTestCase)): Browser is closed

2020-09-15 14:34:14 - [TEST_STEP][PASSED] - Uifunctions.logoutFDR(): Browser is closed

2020-09-15 14:34:14 - [MESSAGE][PASSED] - Browser is closed

2020-09-15 14:34:14 - [TEST_STEP][PASSED] - Start listener action : afterTestCase: null

2020-09-15 14:34:14 - [TEST_STEP][PASSED] - profileName = getExecutionProfile(): null

2020-09-15 14:34:14 - [TEST_STEP][PASSED] - if (profileName.equalsIgnoreCase("SysAdmin")): null

2020-09-15 14:34:14 - [TEST_STEP][PASSED] - Start listener action : sampleAfterTestCase: null

2020-09-15 14:34:14 - [TEST_STEP][PASSED] - profileName = getExecutionProfile(): null

2020-09-15 14:34:14 - [TEST_STEP][PASSED] - switch (profileName): null

2020-09-15 14:34:14 - [TEST_STEP][PASSED] - Default: null

2020-09-15 14:34:14 - [TEST_STEP][PASSED] - return null: null

2020-09-15 14:34:14 - [TEST_STEP][PASSED] - Start listener action : addFailedTCToList: null]]></system-out>
         <system-err><![CDATA[]]></system-err>
      </testcase>
      <testcase name="Test Cases/WEB-UI-TESTS/Receipt/FDR-Create-Receipt-DistributionLine" time="125.577" classname="Test Cases/WEB-UI-TESTS/Receipt/FDR-Create-Receipt-DistributionLine" status="PASSED">
         <system-out><![CDATA[2020-09-15 14:34:14 - [TEST_CASE][PASSED] - Test Cases/WEB-UI-TESTS/Receipt/FDR-Create-Receipt-DistributionLine: Test Cases/WEB-UI-TESTS/Receipt/FDR-Create-Receipt-DistributionLine

2020-09-15 14:34:14 - [TEST_STEP][PASSED] - Start listener action : sampleBeforeTestCase: Navigate to 'https://fdr-katalon.cammis-mod-dev.dhcs.ca.gov' successfully

2020-09-15 14:34:14 - [TEST_STEP][PASSED] - profileName = getExecutionProfile(): null

2020-09-15 14:34:14 - [TEST_STEP][PASSED] - switch (profileName): null

2020-09-15 14:34:14 - [TEST_STEP][PASSED] - testCaseId = testCaseContext.getTestCaseId(): null

2020-09-15 14:34:14 - [TEST_STEP][PASSED] - if (!(skipBeforeAndAfterTestCase)): Navigate to 'https://fdr-katalon.cammis-mod-dev.dhcs.ca.gov' successfully

2020-09-15 14:34:14 - [TEST_STEP][PASSED] - if (account7TestCases.contains(testCaseId)): null

2020-09-15 14:34:14 - [TEST_STEP][PASSED] - else if (account10TestCases.contains(testCaseId)): null

2020-09-15 14:34:14 - [TEST_STEP][PASSED] - else: Object: 'Object Repository/FDR-SignIn/SignInButton' is clicked on

2020-09-15 14:34:14 - [TEST_STEP][PASSED] - Uifunctions.loginFDR(accountsApprover, accountsApproverPwd): Object: 'Object Repository/FDR-SignIn/SignInButton' is clicked on

2020-09-15 14:34:14 - [MESSAGE][INFO] - Starting 'Chrome' driver

2020-09-15 14:34:14 - [MESSAGE][INFO] - Action delay is set to 0 milliseconds

2020-09-15 14:34:17 - [MESSAGE][PASSED] - Browser is opened with url: ''

2020-09-15 14:34:20 - [MESSAGE][PASSED] - Current window maximized

2020-09-15 14:34:21 - [MESSAGE][PASSED] - Navigate to 'https://fdr-katalon.cammis-mod-dev.dhcs.ca.gov' successfully

2020-09-15 14:34:22 - [MESSAGE][PASSED] - Object 'Object Repository/FDR-SignIn/SignInEmail' is present

2020-09-15 14:34:23 - [MESSAGE][PASSED] - Object: 'Object Repository/FDR-SignIn/SignInEmail' is clicked on

2020-09-15 14:34:23 - [MESSAGE][PASSED] - Object 'Object Repository/FDR-SignIn/SignInEmail' is present

2020-09-15 14:34:23 - [MESSAGE][PASSED] - Text 'fdr.test3@dhcs.ca.gov' is set on object 'Object Repository/FDR-SignIn/SignInEmail'

2020-09-15 14:34:24 - [MESSAGE][PASSED] - Object 'Object Repository/FDR-SignIn/SignInEmailNext' is visible

2020-09-15 14:34:24 - [MESSAGE][PASSED] - Object: 'Object Repository/FDR-SignIn/SignInEmailNext' is clicked on

2020-09-15 14:34:28 - [MESSAGE][PASSED] - Object 'Object Repository/FDR-SignIn/SignInEmailPassword' is visible

2020-09-15 14:34:28 - [MESSAGE][PASSED] - Object: 'Object Repository/FDR-SignIn/SignInEmailPassword' is clicked on

2020-09-15 14:34:28 - [MESSAGE][PASSED] - Text ****** has been set on object 'Object Repository/FDR-SignIn/SignInEmailPassword'

2020-09-15 14:34:30 - [MESSAGE][PASSED] - Object: 'Object Repository/FDR-SignIn/SignInButton' is clicked on

2020-09-15 14:34:30 - [TEST_STEP][PASSED] - navigateToUrl(URL): Navigate to 'https://fdr-katalon.cammis-mod-dev.dhcs.ca.gov' successfully

2020-09-15 14:34:31 - [MESSAGE][PASSED] - Navigate to 'https://fdr-katalon.cammis-mod-dev.dhcs.ca.gov' successfully

2020-09-15 14:34:31 - [TEST_STEP][PASSED] - Start listener action : beforeTestCase: null

2020-09-15 14:34:31 - [TEST_STEP][PASSED] - profileName = getExecutionProfile(): null

2020-09-15 14:34:31 - [TEST_STEP][PASSED] - if (profileName.equalsIgnoreCase("SysAdmin")): null

2020-09-15 14:34:31 - [TEST_STEP][PASSED] - Start listener action : sampleBeforeTestCase: null

2020-09-15 14:34:31 - [TEST_STEP][PASSED] - profileName = getExecutionProfile(): null

2020-09-15 14:34:31 - [TEST_STEP][PASSED] - testCaseId = testCaseContext.getTestCaseId(): null

2020-09-15 14:34:31 - [TEST_STEP][PASSED] - switch (profileName): null

2020-09-15 14:34:31 - [TEST_STEP][PASSED] - Default: null

2020-09-15 14:34:31 - [TEST_STEP][PASSED] - return null: null

2020-09-15 14:34:31 - [TEST_STEP][PASSED] - Start listener action : executeRows: null

2020-09-15 14:34:31 - [TEST_STEP][PASSED] - d = Date().plus(1): null

2020-09-15 14:34:31 - [TEST_STEP][PASSED] - dd = Date().plus(2): null

2020-09-15 14:34:31 - [TEST_STEP][PASSED] - servicedatefrom = d.format("MM/dd/yyyy"): null

2020-09-15 14:34:31 - [TEST_STEP][PASSED] - servicedateto = dd.format("MM/dd/yyyy"): null

2020-09-15 14:34:31 - [TEST_STEP][PASSED] - originalwarrantdate = dd.format("MM/dd/yyyy"): null

2020-09-15 14:34:31 - [TEST_STEP][PASSED] - newDepositId = RandomStringUtils.randomNumeric(7): null

2020-09-15 14:34:31 - [TEST_STEP][PASSED] - editors.createReceipt(Drawdate, Paydate, newDepositId, Receiptnotes): Object: 'Object Repository/FDR-Receipt/FDR-Receipt-Header/View/buttonNext' is clicked on

2020-09-15 14:34:36 - [MESSAGE][INFO] - Unable to find the element located by 'By.xpath: //*[@data-id='button-link']//*[contains(text(),'Create New Voucher')]'. Please recheck the objects properties to make sure the desired element is located. 

2020-09-15 14:34:36 - [MESSAGE][WARNING] - Object 'Object Repository/FDR-Dashboard/createNewVoucherButton' is not present after 4 second(s)

2020-09-15 14:34:37 - [MESSAGE][PASSED] - Object 'Object Repository/FDR-Receipt/FDR-Receipt-Dashboard/createNew_ReceiptBatch_Button' is present

2020-09-15 14:34:37 - [MESSAGE][PASSED] - Object: 'Object Repository/FDR-Receipt/FDR-Receipt-Dashboard/createNew_ReceiptBatch_Button' is clicked on

2020-09-15 14:34:38 - [MESSAGE][PASSED] - Object 'Object Repository/FDR-Receipt/FDR-Receipt-Header/View/inputDrawDate' is present

2020-09-15 14:34:39 - [MESSAGE][PASSED] - Text '10/05/2020' is set on object 'Object Repository/FDR-Receipt/FDR-Receipt-Header/View/inputDrawDate'

2020-09-15 14:34:40 - [MESSAGE][PASSED] - Keys 'TAB + ENTER + ENTER + ' sent to object: 'Object Repository/FDR-Receipt/FDR-Receipt-Header/View/inputDrawDate'

2020-09-15 14:34:41 - [MESSAGE][PASSED] - Object 'Object Repository/FDR-Receipt/FDR-Receipt-Header/Edit/payDate' is present

2020-09-15 14:34:41 - [MESSAGE][PASSED] - Text '10/07/2020' is set on object 'Object Repository/FDR-Receipt/FDR-Receipt-Header/Edit/payDate'

2020-09-15 14:34:42 - [MESSAGE][PASSED] - Object 'Object Repository/FDR-Receipt/FDR-Receipt-Header/View/deposit ID' is present

2020-09-15 14:34:43 - [MESSAGE][PASSED] - Text '3660719' is set on object 'Object Repository/FDR-Receipt/FDR-Receipt-Header/View/deposit ID'

2020-09-15 14:34:43 - [MESSAGE][PASSED] - Object 'Object Repository/FDR-Receipt/FDR-ReceiptBatch/receiptNotes' is present

2020-09-15 14:34:44 - [MESSAGE][PASSED] - Text 'rqewrq' is set on object 'Object Repository/FDR-Receipt/FDR-ReceiptBatch/receiptNotes'

2020-09-15 14:34:44 - [MESSAGE][PASSED] - Object 'Object Repository/FDR-Receipt/FDR-Receipt-Header/Edit/remmitanceAdviceInput' is present

2020-09-15 14:34:45 - [MESSAGE][PASSED] - Keys '' sent to object: 'Object Repository/FDR-Receipt/FDR-Receipt-Header/Edit/remmitanceAdviceInput'

2020-09-15 14:34:45 - [MESSAGE][PASSED] - Object 'Object Repository/FDR-Receipt/FDR-Receipt-Header/Edit/controllerReceiptInput' is present

2020-09-15 14:34:46 - [MESSAGE][PASSED] - Keys '' sent to object: 'Object Repository/FDR-Receipt/FDR-Receipt-Header/Edit/controllerReceiptInput'

2020-09-15 14:34:46 - [MESSAGE][PASSED] - Object 'Object Repository/FDR-Receipt/FDR-Receipt-Header/View/buttonNext' is present

2020-09-15 14:34:46 - [MESSAGE][PASSED] - Object: 'Object Repository/FDR-Receipt/FDR-Receipt-Header/View/buttonNext' is clicked on

2020-09-15 14:34:46 - [TEST_STEP][PASSED] - editors.createReceiptline(ReceiptID, SupplierID, DepositDate): Object: 'Object Repository/FDR-Receipt/FDR-Receipt-Checkline/View/addReceipt_Button2' is clicked on

2020-09-15 14:34:47 - [MESSAGE][PASSED] - Object 'Object Repository/FDR-Receipt/FDR-Receipt-Checkline/View/receipt_ID' is present

2020-09-15 14:34:48 - [MESSAGE][PASSED] - Keys 'CHK10322' sent to object: 'Object Repository/FDR-Receipt/FDR-Receipt-Checkline/View/receipt_ID'

2020-09-15 14:34:48 - [MESSAGE][PASSED] - Object 'Object Repository/FDR-Receipt/FDR-Receipt-Checkline/View/supplier_Id' is present

2020-09-15 14:34:48 - [MESSAGE][PASSED] - Object: 'Object Repository/FDR-Receipt/FDR-Receipt-Checkline/View/supplier_Id' is clicked on

2020-09-15 14:34:49 - [MESSAGE][PASSED] - Keys '0000007954' sent to object: 'Object Repository/FDR-Receipt/FDR-Receipt-Checkline/View/supplier_Id'

2020-09-15 14:34:50 - [MESSAGE][PASSED] - Keys 'DOWN + ENTER + ' sent to object: 'Object Repository/FDR-Receipt/FDR-Receipt-Checkline/View/supplier_Id'

2020-09-15 14:34:50 - [MESSAGE][PASSED] - Object 'Object Repository/FDR-Receipt/FDR-Receipt-Checkline/View/deposit_Date' is present

2020-09-15 14:34:50 - [MESSAGE][PASSED] - Keys '02/24/2020' sent to object: 'Object Repository/FDR-Receipt/FDR-Receipt-Checkline/View/deposit_Date'

2020-09-15 14:34:56 - [MESSAGE][INFO] - Unable to find the element located by 'By.xpath: //*[@data-id='button-link']//*[contains(text(),'Create New Voucher')]'. Please recheck the objects properties to make sure the desired element is located. 

2020-09-15 14:34:56 - [MESSAGE][WARNING] - Object 'Object Repository/FDR-Dashboard/createNewVoucherButton' is not present after 4 second(s)

2020-09-15 14:34:56 - [MESSAGE][PASSED] - Object 'Object Repository/FDR-Receipt/FDR-Receipt-Checkline/View/addReceipt_Button2' is present

2020-09-15 14:34:56 - [MESSAGE][PASSED] - Object: 'Object Repository/FDR-Receipt/FDR-Receipt-Checkline/View/addReceipt_Button2' is clicked on

2020-09-15 14:34:56 - [TEST_STEP][PASSED] - verifyElementClickable(findTestObject("FDR-Receipt/FDR-Receipt-DistributionLine/FDR-AddEdit-DistributionLine/arrow_Down"), STOP_ON_FAILURE): Object 'Object Repository/FDR-Receipt/FDR-Receipt-DistributionLine/FDR-AddEdit-DistributionLine/arrow_Down' is clickable

2020-09-15 14:34:57 - [MESSAGE][PASSED] - Object 'Object Repository/FDR-Receipt/FDR-Receipt-DistributionLine/FDR-AddEdit-DistributionLine/arrow_Down' is clickable

2020-09-15 14:34:57 - [TEST_STEP][PASSED] - click(findTestObject("FDR-Receipt/FDR-Receipt-DistributionLine/FDR-AddEdit-DistributionLine/arrow_Down"), STOP_ON_FAILURE): Object: 'Object Repository/FDR-Receipt/FDR-Receipt-DistributionLine/FDR-AddEdit-DistributionLine/arrow_Down' is clicked on

2020-09-15 14:34:57 - [MESSAGE][PASSED] - Object: 'Object Repository/FDR-Receipt/FDR-Receipt-DistributionLine/FDR-AddEdit-DistributionLine/arrow_Down' is clicked on

2020-09-15 14:34:57 - [TEST_STEP][PASSED] - waitForElementPresent(findTestObject("FDR-Receipt/FDR-Receipt-Checkline/View/deposit_Control_Amount"), 10): Object 'Object Repository/FDR-Receipt/FDR-Receipt-Checkline/View/deposit_Control_Amount' is present

2020-09-15 14:34:58 - [MESSAGE][PASSED] - Object 'Object Repository/FDR-Receipt/FDR-Receipt-Checkline/View/deposit_Control_Amount' is present

2020-09-15 14:34:58 - [TEST_STEP][PASSED] - Receipttotalbefaddwith$ = getText(findTestObject("FDR-Receipt/FDR-Receipt-Checkline/View/deposit_Control_Amount")): Text of object 'Object Repository/FDR-Receipt/FDR-Receipt-Checkline/View/deposit_Control_Amount' is: '$0.00'

2020-09-15 14:34:58 - [MESSAGE][PASSED] - Text of object 'Object Repository/FDR-Receipt/FDR-Receipt-Checkline/View/deposit_Control_Amount' is: '$0.00'

2020-09-15 14:34:58 - [TEST_STEP][PASSED] - Receipttotalbefaddwithout$ = Receipttotalbefaddwith$.substring(1): null

2020-09-15 14:34:58 - [TEST_STEP][PASSED] - ReceipttotalbefaddwithoutComma = Receipttotalbefaddwithout$.replaceAll(",", ""): null

2020-09-15 14:34:58 - [TEST_STEP][PASSED] - Receipttotalbefreceiptlineadd = Float.parseFloat(ReceipttotalbefaddwithoutComma): null

2020-09-15 14:34:58 - [TEST_STEP][PASSED] - waitForElementPresent(findTestObject("FDR-Receipt/FDR-Receipt-DistributionLine/FDR-AddEdit-DistributionLine/button_Add-Invoiceline"), 10): Object 'Object Repository/FDR-Receipt/FDR-Receipt-DistributionLine/FDR-AddEdit-DistributionLine/button_Add-Invoiceline' is present

2020-09-15 14:34:59 - [MESSAGE][PASSED] - Object 'Object Repository/FDR-Receipt/FDR-Receipt-DistributionLine/FDR-AddEdit-DistributionLine/button_Add-Invoiceline' is present

2020-09-15 14:34:59 - [TEST_STEP][PASSED] - scrollToElement(findTestObject("FDR-Receipt/FDR-Receipt-DistributionLine/FDR-AddEdit-DistributionLine/button_Add-Invoiceline"), 3): Scroll to object 'Object Repository/FDR-Receipt/FDR-Receipt-DistributionLine/FDR-AddEdit-DistributionLine/button_Add-Invoiceline' successfully

2020-09-15 14:34:59 - [MESSAGE][PASSED] - Scroll to object 'Object Repository/FDR-Receipt/FDR-Receipt-DistributionLine/FDR-AddEdit-DistributionLine/button_Add-Invoiceline' successfully

2020-09-15 14:34:59 - [TEST_STEP][PASSED] - verifyElementClickable(findTestObject("FDR-Receipt/FDR-Receipt-DistributionLine/FDR-AddEdit-DistributionLine/button_Add-Invoiceline"), STOP_ON_FAILURE): Object 'Object Repository/FDR-Receipt/FDR-Receipt-DistributionLine/FDR-AddEdit-DistributionLine/button_Add-Invoiceline' is clickable

2020-09-15 14:34:59 - [MESSAGE][PASSED] - Object 'Object Repository/FDR-Receipt/FDR-Receipt-DistributionLine/FDR-AddEdit-DistributionLine/button_Add-Invoiceline' is clickable

2020-09-15 14:34:59 - [TEST_STEP][PASSED] - click(findTestObject("FDR-Receipt/FDR-Receipt-DistributionLine/FDR-AddEdit-DistributionLine/button_Add-Invoiceline"), STOP_ON_FAILURE): Object: 'Object Repository/FDR-Receipt/FDR-Receipt-DistributionLine/FDR-AddEdit-DistributionLine/button_Add-Invoiceline' is clicked on

2020-09-15 14:35:00 - [MESSAGE][PASSED] - Object: 'Object Repository/FDR-Receipt/FDR-Receipt-DistributionLine/FDR-AddEdit-DistributionLine/button_Add-Invoiceline' is clicked on

2020-09-15 14:35:00 - [TEST_STEP][PASSED] - waitForElementPresent(findTestObject("FDR-Receipt/FDR-Receipt-DistributionLine/FDR-AddEdit-DistributionLine/invoice_Searchfield"), 10): Object 'Object Repository/FDR-Receipt/FDR-Receipt-DistributionLine/FDR-AddEdit-DistributionLine/invoice_Searchfield' is present

2020-09-15 14:35:00 - [MESSAGE][PASSED] - Object 'Object Repository/FDR-Receipt/FDR-Receipt-DistributionLine/FDR-AddEdit-DistributionLine/invoice_Searchfield' is present

2020-09-15 14:35:00 - [TEST_STEP][PASSED] - sendKeys(findTestObject("FDR-Receipt/FDR-Receipt-DistributionLine/FDR-AddEdit-DistributionLine/invoice_Searchfield"), searchfield): Keys '524342' sent to object: 'Object Repository/FDR-Receipt/FDR-Receipt-DistributionLine/FDR-AddEdit-DistributionLine/invoice_Searchfield'

2020-09-15 14:35:01 - [MESSAGE][PASSED] - Keys '524342' sent to object: 'Object Repository/FDR-Receipt/FDR-Receipt-DistributionLine/FDR-AddEdit-DistributionLine/invoice_Searchfield'

2020-09-15 14:35:01 - [TEST_STEP][PASSED] - click(findTestObject("FDR-Receipt/FDR-Receipt-DistributionLine/FDR-AddEdit-DistributionLine/button_Add_invoicemanually")): Object: 'Object Repository/FDR-Receipt/FDR-Receipt-DistributionLine/FDR-AddEdit-DistributionLine/button_Add_invoicemanually' is clicked on

2020-09-15 14:35:03 - [MESSAGE][PASSED] - Object: 'Object Repository/FDR-Receipt/FDR-Receipt-DistributionLine/FDR-AddEdit-DistributionLine/button_Add_invoicemanually' is clicked on

2020-09-15 14:35:03 - [TEST_STEP][PASSED] - waitForElementPresent(findTestObject("FDR-Receipt/FDR-Receipt-DistributionLine/FDR-AddEdit-DistributionLine/input_Service date (from)"), 10): Object 'Object Repository/FDR-Receipt/FDR-Receipt-DistributionLine/FDR-AddEdit-DistributionLine/input_Service date (from)' is present

2020-09-15 14:35:03 - [MESSAGE][PASSED] - Object 'Object Repository/FDR-Receipt/FDR-Receipt-DistributionLine/FDR-AddEdit-DistributionLine/input_Service date (from)' is present

2020-09-15 14:35:03 - [TEST_STEP][PASSED] - sendKeys(findTestObject("FDR-Receipt/FDR-Receipt-DistributionLine/FDR-AddEdit-DistributionLine/input_Service date (from)"), servicedatefrom): Keys '09/16/2020' sent to object: 'Object Repository/FDR-Receipt/FDR-Receipt-DistributionLine/FDR-AddEdit-DistributionLine/input_Service date (from)'

2020-09-15 14:35:04 - [MESSAGE][PASSED] - Keys '09/16/2020' sent to object: 'Object Repository/FDR-Receipt/FDR-Receipt-DistributionLine/FDR-AddEdit-DistributionLine/input_Service date (from)'

2020-09-15 14:35:04 - [TEST_STEP][PASSED] - waitForElementPresent(findTestObject("FDR-Receipt/FDR-Receipt-DistributionLine/FDR-AddEdit-DistributionLine/input_Service date (to)"), 10): Object 'Object Repository/FDR-Receipt/FDR-Receipt-DistributionLine/FDR-AddEdit-DistributionLine/input_Service date (to)' is present

2020-09-15 14:35:04 - [MESSAGE][PASSED] - Object 'Object Repository/FDR-Receipt/FDR-Receipt-DistributionLine/FDR-AddEdit-DistributionLine/input_Service date (to)' is present

2020-09-15 14:35:04 - [TEST_STEP][PASSED] - sendKeys(findTestObject("FDR-Receipt/FDR-Receipt-DistributionLine/FDR-AddEdit-DistributionLine/input_Service date (to)"), servicedateto): Keys '09/17/2020' sent to object: 'Object Repository/FDR-Receipt/FDR-Receipt-DistributionLine/FDR-AddEdit-DistributionLine/input_Service date (to)'

2020-09-15 14:35:04 - [MESSAGE][PASSED] - Keys '09/17/2020' sent to object: 'Object Repository/FDR-Receipt/FDR-Receipt-DistributionLine/FDR-AddEdit-DistributionLine/input_Service date (to)'

2020-09-15 14:35:04 - [TEST_STEP][PASSED] - waitForElementPresent(findTestObject("FDR-Receipt/FDR-Receipt-DistributionLine/FDR-AddEdit-DistributionLine/input_OrginalWarrantDate"), 10): Object 'Object Repository/FDR-Receipt/FDR-Receipt-DistributionLine/FDR-AddEdit-DistributionLine/input_OrginalWarrantDate' is present

2020-09-15 14:35:05 - [MESSAGE][PASSED] - Object 'Object Repository/FDR-Receipt/FDR-Receipt-DistributionLine/FDR-AddEdit-DistributionLine/input_OrginalWarrantDate' is present

2020-09-15 14:35:05 - [TEST_STEP][PASSED] - sendKeys(findTestObject("FDR-Receipt/FDR-Receipt-DistributionLine/FDR-AddEdit-DistributionLine/input_OrginalWarrantDate"), originalwarrantdate): Keys '09/17/2020' sent to object: 'Object Repository/FDR-Receipt/FDR-Receipt-DistributionLine/FDR-AddEdit-DistributionLine/input_OrginalWarrantDate'

2020-09-15 14:35:05 - [MESSAGE][PASSED] - Keys '09/17/2020' sent to object: 'Object Repository/FDR-Receipt/FDR-Receipt-DistributionLine/FDR-AddEdit-DistributionLine/input_OrginalWarrantDate'

2020-09-15 14:35:05 - [TEST_STEP][PASSED] - waitForElementPresent(findTestObject("FDR-Receipt/FDR-Receipt-DistributionLine/FDR-AddEdit-DistributionLine/input_Amount"), 10): Object 'Object Repository/FDR-Receipt/FDR-Receipt-DistributionLine/FDR-AddEdit-DistributionLine/input_Amount' is present

2020-09-15 14:35:06 - [MESSAGE][PASSED] - Object 'Object Repository/FDR-Receipt/FDR-Receipt-DistributionLine/FDR-AddEdit-DistributionLine/input_Amount' is present

2020-09-15 14:35:06 - [TEST_STEP][PASSED] - sendKeys(findTestObject("FDR-Receipt/FDR-Receipt-DistributionLine/FDR-AddEdit-DistributionLine/input_Amount"), Amount): Keys '3000' sent to object: 'Object Repository/FDR-Receipt/FDR-Receipt-DistributionLine/FDR-AddEdit-DistributionLine/input_Amount'

2020-09-15 14:35:06 - [MESSAGE][PASSED] - Keys '3000' sent to object: 'Object Repository/FDR-Receipt/FDR-Receipt-DistributionLine/FDR-AddEdit-DistributionLine/input_Amount'

2020-09-15 14:35:06 - [TEST_STEP][PASSED] - waitForElementPresent(findTestObject("FDR-Receipt/FDR-Receipt-DistributionLine/FDR-AddEdit-DistributionLine/waiver_Type"), 10): Object 'Object Repository/FDR-Receipt/FDR-Receipt-DistributionLine/FDR-AddEdit-DistributionLine/waiver_Type' is present

2020-09-15 14:35:06 - [MESSAGE][PASSED] - Object 'Object Repository/FDR-Receipt/FDR-Receipt-DistributionLine/FDR-AddEdit-DistributionLine/waiver_Type' is present

2020-09-15 14:35:06 - [TEST_STEP][PASSED] - waitForElementPresent(findTestObject("FDR-Receipt/FDR-Receipt-DistributionLine/FDR-AddEdit-DistributionLine/waiver_Type"), 8): Object 'Object Repository/FDR-Receipt/FDR-Receipt-DistributionLine/FDR-AddEdit-DistributionLine/waiver_Type' is present

2020-09-15 14:35:07 - [MESSAGE][PASSED] - Object 'Object Repository/FDR-Receipt/FDR-Receipt-DistributionLine/FDR-AddEdit-DistributionLine/waiver_Type' is present

2020-09-15 14:35:07 - [TEST_STEP][PASSED] - sendKeys(findTestObject("FDR-Receipt/FDR-Receipt-DistributionLine/FDR-AddEdit-DistributionLine/waiver_Type"), Waivertype): Keys '2020' sent to object: 'Object Repository/FDR-Receipt/FDR-Receipt-DistributionLine/FDR-AddEdit-DistributionLine/waiver_Type'

2020-09-15 14:35:07 - [MESSAGE][PASSED] - Keys '2020' sent to object: 'Object Repository/FDR-Receipt/FDR-Receipt-DistributionLine/FDR-AddEdit-DistributionLine/waiver_Type'

2020-09-15 14:35:07 - [TEST_STEP][PASSED] - sendKeys(findTestObject("FDR-Receipt/FDR-Receipt-DistributionLine/FDR-AddEdit-DistributionLine/waiver_Type"), Keys.chord(DOWN, ENTER)): Keys 'DOWN + ENTER + ' sent to object: 'Object Repository/FDR-Receipt/FDR-Receipt-DistributionLine/FDR-AddEdit-DistributionLine/waiver_Type'

2020-09-15 14:35:07 - [MESSAGE][PASSED] - Keys 'DOWN + ENTER + ' sent to object: 'Object Repository/FDR-Receipt/FDR-Receipt-DistributionLine/FDR-AddEdit-DistributionLine/waiver_Type'

2020-09-15 14:35:07 - [TEST_STEP][PASSED] - waitForElementPresent(findTestObject("FDR-Receipt/FDR-Receipt-DistributionLine/FDR-AddEdit-DistributionLine/waiver_Name"), 6): Object 'Object Repository/FDR-Receipt/FDR-Receipt-DistributionLine/FDR-AddEdit-DistributionLine/waiver_Name' is present

2020-09-15 14:35:08 - [MESSAGE][PASSED] - Object 'Object Repository/FDR-Receipt/FDR-Receipt-DistributionLine/FDR-AddEdit-DistributionLine/waiver_Name' is present

2020-09-15 14:35:08 - [TEST_STEP][PASSED] - sendKeys(findTestObject("FDR-Receipt/FDR-Receipt-DistributionLine/FDR-AddEdit-DistributionLine/waiver_Name"), Waivername): Keys 'A-FamilyU TPM/GMC' sent to object: 'Object Repository/FDR-Receipt/FDR-Receipt-DistributionLine/FDR-AddEdit-DistributionLine/waiver_Name'

2020-09-15 14:35:08 - [MESSAGE][PASSED] - Keys 'A-FamilyU TPM/GMC' sent to object: 'Object Repository/FDR-Receipt/FDR-Receipt-DistributionLine/FDR-AddEdit-DistributionLine/waiver_Name'

2020-09-15 14:35:08 - [TEST_STEP][PASSED] - sendKeys(findTestObject("FDR-Receipt/FDR-Receipt-DistributionLine/FDR-AddEdit-DistributionLine/waiver_Name"), Keys.chord(DOWN, ENTER)): Keys 'DOWN + ENTER + ' sent to object: 'Object Repository/FDR-Receipt/FDR-Receipt-DistributionLine/FDR-AddEdit-DistributionLine/waiver_Name'

2020-09-15 14:35:09 - [MESSAGE][PASSED] - Keys 'DOWN + ENTER + ' sent to object: 'Object Repository/FDR-Receipt/FDR-Receipt-DistributionLine/FDR-AddEdit-DistributionLine/waiver_Name'

2020-09-15 14:35:09 - [TEST_STEP][PASSED] - waitForElementPresent(findTestObject("FDR-Receipt/FDR-Receipt-DistributionLine/FDR-AddEdit-DistributionLine/funding_Source"), 6): Object 'Object Repository/FDR-Receipt/FDR-Receipt-DistributionLine/FDR-AddEdit-DistributionLine/funding_Source' is present

2020-09-15 14:35:09 - [MESSAGE][PASSED] - Object 'Object Repository/FDR-Receipt/FDR-Receipt-DistributionLine/FDR-AddEdit-DistributionLine/funding_Source' is present

2020-09-15 14:35:09 - [TEST_STEP][PASSED] - waitForElementPresent(findTestObject("FDR-Receipt/FDR-Receipt-DistributionLine/FDR-AddEdit-DistributionLine/fund_Code"), 30): Object 'Object Repository/FDR-Receipt/FDR-Receipt-DistributionLine/FDR-AddEdit-DistributionLine/fund_Code' is present

2020-09-15 14:35:10 - [MESSAGE][PASSED] - Object 'Object Repository/FDR-Receipt/FDR-Receipt-DistributionLine/FDR-AddEdit-DistributionLine/fund_Code' is present

2020-09-15 14:35:10 - [TEST_STEP][PASSED] - sendKeys(findTestObject("FDR-Receipt/FDR-Receipt-DistributionLine/FDR-AddEdit-DistributionLine/fund_Code"), Fundcode): Keys 'Health Care Deposit Fund (0912)' sent to object: 'Object Repository/FDR-Receipt/FDR-Receipt-DistributionLine/FDR-AddEdit-DistributionLine/fund_Code'

2020-09-15 14:35:10 - [MESSAGE][PASSED] - Keys 'Health Care Deposit Fund (0912)' sent to object: 'Object Repository/FDR-Receipt/FDR-Receipt-DistributionLine/FDR-AddEdit-DistributionLine/fund_Code'

2020-09-15 14:35:10 - [TEST_STEP][PASSED] - sendKeys(findTestObject("FDR-Receipt/FDR-Receipt-DistributionLine/FDR-AddEdit-DistributionLine/fund_Code"), Keys.chord(DOWN, ENTER)): Keys 'DOWN + ENTER + ' sent to object: 'Object Repository/FDR-Receipt/FDR-Receipt-DistributionLine/FDR-AddEdit-DistributionLine/fund_Code'

2020-09-15 14:35:11 - [MESSAGE][PASSED] - Keys 'DOWN + ENTER + ' sent to object: 'Object Repository/FDR-Receipt/FDR-Receipt-DistributionLine/FDR-AddEdit-DistributionLine/fund_Code'

2020-09-15 14:35:11 - [TEST_STEP][PASSED] - sendKeys(findTestObject("FDR-Receipt/FDR-Receipt-DistributionLine/FDR-AddEdit-DistributionLine/funding_Source"), Fundingsource): Keys 'Dental' sent to object: 'Object Repository/FDR-Receipt/FDR-Receipt-DistributionLine/FDR-AddEdit-DistributionLine/funding_Source'

2020-09-15 14:35:11 - [MESSAGE][PASSED] - Keys 'Dental' sent to object: 'Object Repository/FDR-Receipt/FDR-Receipt-DistributionLine/FDR-AddEdit-DistributionLine/funding_Source'

2020-09-15 14:35:11 - [TEST_STEP][PASSED] - sendKeys(findTestObject("FDR-Receipt/FDR-Receipt-DistributionLine/FDR-AddEdit-DistributionLine/funding_Source"), Keys.chord(DOWN, ENTER)): Keys 'DOWN + ENTER + ' sent to object: 'Object Repository/FDR-Receipt/FDR-Receipt-DistributionLine/FDR-AddEdit-DistributionLine/funding_Source'

2020-09-15 14:35:12 - [MESSAGE][PASSED] - Keys 'DOWN + ENTER + ' sent to object: 'Object Repository/FDR-Receipt/FDR-Receipt-DistributionLine/FDR-AddEdit-DistributionLine/funding_Source'

2020-09-15 14:35:12 - [TEST_STEP][PASSED] - waitForElementPresent(findTestObject("FDR-Receipt/FDR-Receipt-DistributionLine/FDR-AddEdit-DistributionLine/service_Category"), 10): Object 'Object Repository/FDR-Receipt/FDR-Receipt-DistributionLine/FDR-AddEdit-DistributionLine/service_Category' is present

2020-09-15 14:35:12 - [MESSAGE][PASSED] - Object 'Object Repository/FDR-Receipt/FDR-Receipt-DistributionLine/FDR-AddEdit-DistributionLine/service_Category' is present

2020-09-15 14:35:12 - [TEST_STEP][PASSED] - sendKeys(findTestObject("FDR-Receipt/FDR-Receipt-DistributionLine/FDR-AddEdit-DistributionLine/service_Category"), Servicecategory): Keys '18B1' sent to object: 'Object Repository/FDR-Receipt/FDR-Receipt-DistributionLine/FDR-AddEdit-DistributionLine/service_Category'

2020-09-15 14:35:12 - [MESSAGE][PASSED] - Keys '18B1' sent to object: 'Object Repository/FDR-Receipt/FDR-Receipt-DistributionLine/FDR-AddEdit-DistributionLine/service_Category'

2020-09-15 14:35:12 - [TEST_STEP][PASSED] - sendKeys(findTestObject("FDR-Receipt/FDR-Receipt-DistributionLine/FDR-AddEdit-DistributionLine/service_Category"), Keys.chord(DOWN, ENTER)): Keys 'DOWN + ENTER + ' sent to object: 'Object Repository/FDR-Receipt/FDR-Receipt-DistributionLine/FDR-AddEdit-DistributionLine/service_Category'

2020-09-15 14:35:13 - [MESSAGE][PASSED] - Keys 'DOWN + ENTER + ' sent to object: 'Object Repository/FDR-Receipt/FDR-Receipt-DistributionLine/FDR-AddEdit-DistributionLine/service_Category'

2020-09-15 14:35:13 - [TEST_STEP][PASSED] - waitForElementPresent(findTestObject("FDR-Receipt/FDR-Receipt-DistributionLine/FDR-AddEdit-DistributionLine/fund_Ratio"), 10): Object 'Object Repository/FDR-Receipt/FDR-Receipt-DistributionLine/FDR-AddEdit-DistributionLine/fund_Ratio' is present

2020-09-15 14:35:14 - [MESSAGE][PASSED] - Object 'Object Repository/FDR-Receipt/FDR-Receipt-DistributionLine/FDR-AddEdit-DistributionLine/fund_Ratio' is present

2020-09-15 14:35:14 - [TEST_STEP][PASSED] - sendKeys(findTestObject("FDR-Receipt/FDR-Receipt-DistributionLine/FDR-AddEdit-DistributionLine/fund_Ratio"), Fundratio): Keys '5' sent to object: 'Object Repository/FDR-Receipt/FDR-Receipt-DistributionLine/FDR-AddEdit-DistributionLine/fund_Ratio'

2020-09-15 14:35:14 - [MESSAGE][PASSED] - Keys '5' sent to object: 'Object Repository/FDR-Receipt/FDR-Receipt-DistributionLine/FDR-AddEdit-DistributionLine/fund_Ratio'

2020-09-15 14:35:14 - [TEST_STEP][PASSED] - sendKeys(findTestObject("FDR-Receipt/FDR-Receipt-DistributionLine/FDR-AddEdit-DistributionLine/fund_Ratio"), Keys.chord(DOWN, ENTER)): Keys 'DOWN + ENTER + ' sent to object: 'Object Repository/FDR-Receipt/FDR-Receipt-DistributionLine/FDR-AddEdit-DistributionLine/fund_Ratio'

2020-09-15 14:35:14 - [MESSAGE][PASSED] - Keys 'DOWN + ENTER + ' sent to object: 'Object Repository/FDR-Receipt/FDR-Receipt-DistributionLine/FDR-AddEdit-DistributionLine/fund_Ratio'

2020-09-15 14:35:14 - [TEST_STEP][PASSED] - waitForElementPresent(findTestObject("FDR-Receipt/FDR-Receipt-DistributionLine/FDR-AddEdit-DistributionLine/non_Federalfund"), 10): Object 'Object Repository/FDR-Receipt/FDR-Receipt-DistributionLine/FDR-AddEdit-DistributionLine/non_Federalfund' is present

2020-09-15 14:35:15 - [MESSAGE][PASSED] - Object 'Object Repository/FDR-Receipt/FDR-Receipt-DistributionLine/FDR-AddEdit-DistributionLine/non_Federalfund' is present

2020-09-15 14:35:15 - [TEST_STEP][PASSED] - sendKeys(findTestObject("FDR-Receipt/FDR-Receipt-DistributionLine/FDR-AddEdit-DistributionLine/non_Federalfund"), Nonfederalfund): Keys '0001' sent to object: 'Object Repository/FDR-Receipt/FDR-Receipt-DistributionLine/FDR-AddEdit-DistributionLine/non_Federalfund'

2020-09-15 14:35:15 - [MESSAGE][PASSED] - Keys '0001' sent to object: 'Object Repository/FDR-Receipt/FDR-Receipt-DistributionLine/FDR-AddEdit-DistributionLine/non_Federalfund'

2020-09-15 14:35:15 - [TEST_STEP][PASSED] - sendKeys(findTestObject("FDR-Receipt/FDR-Receipt-DistributionLine/FDR-AddEdit-DistributionLine/non_Federalfund"), Keys.chord(DOWN, ENTER)): Keys 'DOWN + ENTER + ' sent to object: 'Object Repository/FDR-Receipt/FDR-Receipt-DistributionLine/FDR-AddEdit-DistributionLine/non_Federalfund'

2020-09-15 14:35:16 - [MESSAGE][PASSED] - Keys 'DOWN + ENTER + ' sent to object: 'Object Repository/FDR-Receipt/FDR-Receipt-DistributionLine/FDR-AddEdit-DistributionLine/non_Federalfund'

2020-09-15 14:35:16 - [TEST_STEP][PASSED] - waitForElementPresent(findTestObject("FDR-Receipt/FDR-Receipt-DistributionLine/FDR-AddEdit-DistributionLine/input_accountId"), 2, STOP_ON_FAILURE): Object 'Object Repository/FDR-Receipt/FDR-Receipt-DistributionLine/FDR-AddEdit-DistributionLine/input_accountId' is present

2020-09-15 14:35:16 - [MESSAGE][PASSED] - Object 'Object Repository/FDR-Receipt/FDR-Receipt-DistributionLine/FDR-AddEdit-DistributionLine/input_accountId' is present

2020-09-15 14:35:16 - [TEST_STEP][PASSED] - sendKeys(findTestObject("FDR-Receipt/FDR-Receipt-DistributionLine/FDR-AddEdit-DistributionLine/input_accountId"), accountId + Keys.chord(ARROW_DOWN, ENTER)): Keys 'DOWN + ENTER + 5432000' sent to object: 'Object Repository/FDR-Receipt/FDR-Receipt-DistributionLine/FDR-AddEdit-DistributionLine/input_accountId'

2020-09-15 14:35:17 - [MESSAGE][PASSED] - Keys 'DOWN + ENTER + 5432000' sent to object: 'Object Repository/FDR-Receipt/FDR-Receipt-DistributionLine/FDR-AddEdit-DistributionLine/input_accountId'

2020-09-15 14:35:17 - [TEST_STEP][PASSED] - waitForElementPresent(findTestObject("FDR-Receipt/FDR-Receipt-DistributionLine/FDR-AddEdit-DistributionLine/input_altAccountId"), 2, STOP_ON_FAILURE): Object 'Object Repository/FDR-Receipt/FDR-Receipt-DistributionLine/FDR-AddEdit-DistributionLine/input_altAccountId' is present

2020-09-15 14:35:17 - [MESSAGE][PASSED] - Object 'Object Repository/FDR-Receipt/FDR-Receipt-DistributionLine/FDR-AddEdit-DistributionLine/input_altAccountId' is present

2020-09-15 14:35:17 - [TEST_STEP][PASSED] - sendKeys(findTestObject("FDR-Receipt/FDR-Receipt-DistributionLine/FDR-AddEdit-DistributionLine/input_altAccountId"), altAccountId): Keys '5432000019' sent to object: 'Object Repository/FDR-Receipt/FDR-Receipt-DistributionLine/FDR-AddEdit-DistributionLine/input_altAccountId'

2020-09-15 14:35:18 - [MESSAGE][PASSED] - Keys '5432000019' sent to object: 'Object Repository/FDR-Receipt/FDR-Receipt-DistributionLine/FDR-AddEdit-DistributionLine/input_altAccountId'

2020-09-15 14:35:18 - [TEST_STEP][PASSED] - sendKeys(findTestObject("FDR-Receipt/FDR-Receipt-DistributionLine/FDR-AddEdit-DistributionLine/input_altAccountId"), Keys.chord(ARROW_DOWN, ENTER)): Keys 'DOWN + ENTER + ' sent to object: 'Object Repository/FDR-Receipt/FDR-Receipt-DistributionLine/FDR-AddEdit-DistributionLine/input_altAccountId'

2020-09-15 14:35:18 - [MESSAGE][PASSED] - Keys 'DOWN + ENTER + ' sent to object: 'Object Repository/FDR-Receipt/FDR-Receipt-DistributionLine/FDR-AddEdit-DistributionLine/input_altAccountId'

2020-09-15 14:35:18 - [TEST_STEP][PASSED] - waitForElementPresent(findTestObject("FDR-Receipt/FDR-Receipt-DistributionLine/FDR-AddEdit-DistributionLine/increaseDecreaseLine"), 10): Object 'Object Repository/FDR-Receipt/FDR-Receipt-DistributionLine/FDR-AddEdit-DistributionLine/increaseDecreaseLine' is present

2020-09-15 14:35:19 - [MESSAGE][PASSED] - Object 'Object Repository/FDR-Receipt/FDR-Receipt-DistributionLine/FDR-AddEdit-DistributionLine/increaseDecreaseLine' is present

2020-09-15 14:35:19 - [TEST_STEP][PASSED] - sendKeys(findTestObject("FDR-Receipt/FDR-Receipt-DistributionLine/FDR-AddEdit-DistributionLine/increaseDecreaseLine"), IncreaseDecreaseLine): Keys '10b: Receipts or any decrease' sent to object: 'Object Repository/FDR-Receipt/FDR-Receipt-DistributionLine/FDR-AddEdit-DistributionLine/increaseDecreaseLine'

2020-09-15 14:35:19 - [MESSAGE][PASSED] - Keys '10b: Receipts or any decrease' sent to object: 'Object Repository/FDR-Receipt/FDR-Receipt-DistributionLine/FDR-AddEdit-DistributionLine/increaseDecreaseLine'

2020-09-15 14:35:19 - [TEST_STEP][PASSED] - sendKeys(findTestObject("FDR-Receipt/FDR-Receipt-DistributionLine/FDR-AddEdit-DistributionLine/increaseDecreaseLine"), Keys.chord(ARROW_DOWN, ENTER)): Keys 'DOWN + ENTER + ' sent to object: 'Object Repository/FDR-Receipt/FDR-Receipt-DistributionLine/FDR-AddEdit-DistributionLine/increaseDecreaseLine'

2020-09-15 14:35:19 - [MESSAGE][PASSED] - Keys 'DOWN + ENTER + ' sent to object: 'Object Repository/FDR-Receipt/FDR-Receipt-DistributionLine/FDR-AddEdit-DistributionLine/increaseDecreaseLine'

2020-09-15 14:35:19 - [TEST_STEP][PASSED] - waitForElementPresent(findTestObject("FDR-Receipt/FDR-Receipt-DistributionLine/FDR-AddEdit-DistributionLine/program_Type"), 10): Object 'Object Repository/FDR-Receipt/FDR-Receipt-DistributionLine/FDR-AddEdit-DistributionLine/program_Type' is present

2020-09-15 14:35:20 - [MESSAGE][PASSED] - Object 'Object Repository/FDR-Receipt/FDR-Receipt-DistributionLine/FDR-AddEdit-DistributionLine/program_Type' is present

2020-09-15 14:35:20 - [TEST_STEP][PASSED] - sendKeys(findTestObject("FDR-Receipt/FDR-Receipt-DistributionLine/FDR-AddEdit-DistributionLine/program_Type"), Programtype): Keys 'Medical Assistance (MA)' sent to object: 'Object Repository/FDR-Receipt/FDR-Receipt-DistributionLine/FDR-AddEdit-DistributionLine/program_Type'

2020-09-15 14:35:20 - [MESSAGE][PASSED] - Keys 'Medical Assistance (MA)' sent to object: 'Object Repository/FDR-Receipt/FDR-Receipt-DistributionLine/FDR-AddEdit-DistributionLine/program_Type'

2020-09-15 14:35:20 - [TEST_STEP][PASSED] - sendKeys(findTestObject("FDR-Receipt/FDR-Receipt-DistributionLine/FDR-AddEdit-DistributionLine/program_Type"), Keys.chord(DOWN, ENTER)): Keys 'DOWN + ENTER + ' sent to object: 'Object Repository/FDR-Receipt/FDR-Receipt-DistributionLine/FDR-AddEdit-DistributionLine/program_Type'

2020-09-15 14:35:21 - [MESSAGE][PASSED] - Keys 'DOWN + ENTER + ' sent to object: 'Object Repository/FDR-Receipt/FDR-Receipt-DistributionLine/FDR-AddEdit-DistributionLine/program_Type'

2020-09-15 14:35:21 - [TEST_STEP][PASSED] - waitForElementPresent(findTestObject("FDR-Receipt/FDR-Receipt-DistributionLine/FDR-AddEdit-DistributionLine/Index"), 10): Object 'Object Repository/FDR-Receipt/FDR-Receipt-DistributionLine/FDR-AddEdit-DistributionLine/Index' is present

2020-09-15 14:35:21 - [MESSAGE][PASSED] - Object 'Object Repository/FDR-Receipt/FDR-Receipt-DistributionLine/FDR-AddEdit-DistributionLine/Index' is present

2020-09-15 14:35:21 - [TEST_STEP][PASSED] - sendKeys(findTestObject("FDR-Receipt/FDR-Receipt-DistributionLine/FDR-AddEdit-DistributionLine/Index"), Index): Keys '1155' sent to object: 'Object Repository/FDR-Receipt/FDR-Receipt-DistributionLine/FDR-AddEdit-DistributionLine/Index'

2020-09-15 14:35:22 - [MESSAGE][PASSED] - Keys '1155' sent to object: 'Object Repository/FDR-Receipt/FDR-Receipt-DistributionLine/FDR-AddEdit-DistributionLine/Index'

2020-09-15 14:35:22 - [TEST_STEP][PASSED] - sendKeys(findTestObject("FDR-Receipt/FDR-Receipt-DistributionLine/FDR-AddEdit-DistributionLine/Index"), Keys.chord(DOWN, ENTER)): Keys 'DOWN + ENTER + ' sent to object: 'Object Repository/FDR-Receipt/FDR-Receipt-DistributionLine/FDR-AddEdit-DistributionLine/Index'

2020-09-15 14:35:22 - [MESSAGE][PASSED] - Keys 'DOWN + ENTER + ' sent to object: 'Object Repository/FDR-Receipt/FDR-Receipt-DistributionLine/FDR-AddEdit-DistributionLine/Index'

2020-09-15 14:35:22 - [TEST_STEP][PASSED] - waitForElementPresent(findTestObject("FDR-Receipt/FDR-Receipt-DistributionLine/FDR-AddEdit-DistributionLine/input_Service location_serviceLocation"), 10): Object 'Object Repository/FDR-Receipt/FDR-Receipt-DistributionLine/FDR-AddEdit-DistributionLine/input_Service location_serviceLocation' is present

2020-09-15 14:35:23 - [MESSAGE][PASSED] - Object 'Object Repository/FDR-Receipt/FDR-Receipt-DistributionLine/FDR-AddEdit-DistributionLine/input_Service location_serviceLocation' is present

2020-09-15 14:35:23 - [TEST_STEP][PASSED] - sendKeys(findTestObject("FDR-Receipt/FDR-Receipt-DistributionLine/FDR-AddEdit-DistributionLine/input_Service location_serviceLocation"), Servicelocation): Keys '3445' sent to object: 'Object Repository/FDR-Receipt/FDR-Receipt-DistributionLine/FDR-AddEdit-DistributionLine/input_Service location_serviceLocation'

2020-09-15 14:35:23 - [MESSAGE][PASSED] - Keys '3445' sent to object: 'Object Repository/FDR-Receipt/FDR-Receipt-DistributionLine/FDR-AddEdit-DistributionLine/input_Service location_serviceLocation'

2020-09-15 14:35:23 - [TEST_STEP][PASSED] - sendKeys(findTestObject("FDR-Receipt/FDR-Receipt-DistributionLine/FDR-AddEdit-DistributionLine/input_Service location_serviceLocation"), Keys.chord(DOWN, ENTER)): Keys 'DOWN + ENTER + ' sent to object: 'Object Repository/FDR-Receipt/FDR-Receipt-DistributionLine/FDR-AddEdit-DistributionLine/input_Service location_serviceLocation'

2020-09-15 14:35:23 - [MESSAGE][PASSED] - Keys 'DOWN + ENTER + ' sent to object: 'Object Repository/FDR-Receipt/FDR-Receipt-DistributionLine/FDR-AddEdit-DistributionLine/input_Service location_serviceLocation'

2020-09-15 14:35:23 - [TEST_STEP][PASSED] - click(findTestObject("FDR-Receipt/FDR-Receipt-DistributionLine/FDR-AddEdit-DistributionLine/button_Clear"), STOP_ON_FAILURE): Object: 'Object Repository/FDR-Receipt/FDR-Receipt-DistributionLine/FDR-AddEdit-DistributionLine/button_Clear' is clicked on

2020-09-15 14:35:24 - [MESSAGE][PASSED] - Object: 'Object Repository/FDR-Receipt/FDR-Receipt-DistributionLine/FDR-AddEdit-DistributionLine/button_Clear' is clicked on

2020-09-15 14:35:24 - [TEST_STEP][PASSED] - sendKeys(findTestObject("FDR-Receipt/FDR-Receipt-DistributionLine/FDR-AddEdit-DistributionLine/waiver_Type"), Waivertype): Keys '2020' sent to object: 'Object Repository/FDR-Receipt/FDR-Receipt-DistributionLine/FDR-AddEdit-DistributionLine/waiver_Type'

2020-09-15 14:35:25 - [MESSAGE][PASSED] - Keys '2020' sent to object: 'Object Repository/FDR-Receipt/FDR-Receipt-DistributionLine/FDR-AddEdit-DistributionLine/waiver_Type'

2020-09-15 14:35:25 - [TEST_STEP][PASSED] - sendKeys(findTestObject("FDR-Receipt/FDR-Receipt-DistributionLine/FDR-AddEdit-DistributionLine/waiver_Type"), Keys.chord(DOWN, ENTER)): Keys 'DOWN + ENTER + ' sent to object: 'Object Repository/FDR-Receipt/FDR-Receipt-DistributionLine/FDR-AddEdit-DistributionLine/waiver_Type'

2020-09-15 14:35:25 - [MESSAGE][PASSED] - Keys 'DOWN + ENTER + ' sent to object: 'Object Repository/FDR-Receipt/FDR-Receipt-DistributionLine/FDR-AddEdit-DistributionLine/waiver_Type'

2020-09-15 14:35:25 - [TEST_STEP][PASSED] - waitForElementPresent(findTestObject("FDR-Receipt/FDR-Receipt-DistributionLine/FDR-AddEdit-DistributionLine/waiver_Name"), 6): Object 'Object Repository/FDR-Receipt/FDR-Receipt-DistributionLine/FDR-AddEdit-DistributionLine/waiver_Name' is present

2020-09-15 14:35:26 - [MESSAGE][PASSED] - Object 'Object Repository/FDR-Receipt/FDR-Receipt-DistributionLine/FDR-AddEdit-DistributionLine/waiver_Name' is present

2020-09-15 14:35:26 - [TEST_STEP][PASSED] - sendKeys(findTestObject("FDR-Receipt/FDR-Receipt-DistributionLine/FDR-AddEdit-DistributionLine/waiver_Name"), Waivername): Keys 'A-FamilyU TPM/GMC' sent to object: 'Object Repository/FDR-Receipt/FDR-Receipt-DistributionLine/FDR-AddEdit-DistributionLine/waiver_Name'

2020-09-15 14:35:26 - [MESSAGE][PASSED] - Keys 'A-FamilyU TPM/GMC' sent to object: 'Object Repository/FDR-Receipt/FDR-Receipt-DistributionLine/FDR-AddEdit-DistributionLine/waiver_Name'

2020-09-15 14:35:26 - [TEST_STEP][PASSED] - sendKeys(findTestObject("FDR-Receipt/FDR-Receipt-DistributionLine/FDR-AddEdit-DistributionLine/waiver_Name"), Keys.chord(DOWN, ENTER)): Keys 'DOWN + ENTER + ' sent to object: 'Object Repository/FDR-Receipt/FDR-Receipt-DistributionLine/FDR-AddEdit-DistributionLine/waiver_Name'

2020-09-15 14:35:27 - [MESSAGE][PASSED] - Keys 'DOWN + ENTER + ' sent to object: 'Object Repository/FDR-Receipt/FDR-Receipt-DistributionLine/FDR-AddEdit-DistributionLine/waiver_Name'

2020-09-15 14:35:27 - [TEST_STEP][PASSED] - waitForElementPresent(findTestObject("FDR-Receipt/FDR-Receipt-DistributionLine/FDR-AddEdit-DistributionLine/funding_Source"), 6): Object 'Object Repository/FDR-Receipt/FDR-Receipt-DistributionLine/FDR-AddEdit-DistributionLine/funding_Source' is present

2020-09-15 14:35:27 - [MESSAGE][PASSED] - Object 'Object Repository/FDR-Receipt/FDR-Receipt-DistributionLine/FDR-AddEdit-DistributionLine/funding_Source' is present

2020-09-15 14:35:27 - [TEST_STEP][PASSED] - sendKeys(findTestObject("FDR-Receipt/FDR-Receipt-DistributionLine/FDR-AddEdit-DistributionLine/funding_Source"), Fundingsource): Keys 'Dental' sent to object: 'Object Repository/FDR-Receipt/FDR-Receipt-DistributionLine/FDR-AddEdit-DistributionLine/funding_Source'

2020-09-15 14:35:27 - [MESSAGE][PASSED] - Keys 'Dental' sent to object: 'Object Repository/FDR-Receipt/FDR-Receipt-DistributionLine/FDR-AddEdit-DistributionLine/funding_Source'

2020-09-15 14:35:27 - [TEST_STEP][PASSED] - sendKeys(findTestObject("FDR-Receipt/FDR-Receipt-DistributionLine/FDR-AddEdit-DistributionLine/funding_Source"), Keys.chord(DOWN, ENTER)): Keys 'DOWN + ENTER + ' sent to object: 'Object Repository/FDR-Receipt/FDR-Receipt-DistributionLine/FDR-AddEdit-DistributionLine/funding_Source'

2020-09-15 14:35:28 - [MESSAGE][PASSED] - Keys 'DOWN + ENTER + ' sent to object: 'Object Repository/FDR-Receipt/FDR-Receipt-DistributionLine/FDR-AddEdit-DistributionLine/funding_Source'

2020-09-15 14:35:28 - [TEST_STEP][PASSED] - waitForElementPresent(findTestObject("FDR-Receipt/FDR-Receipt-DistributionLine/FDR-AddEdit-DistributionLine/fund_Code"), 30): Object 'Object Repository/FDR-Receipt/FDR-Receipt-DistributionLine/FDR-AddEdit-DistributionLine/fund_Code' is present

2020-09-15 14:35:28 - [MESSAGE][PASSED] - Object 'Object Repository/FDR-Receipt/FDR-Receipt-DistributionLine/FDR-AddEdit-DistributionLine/fund_Code' is present

2020-09-15 14:35:28 - [TEST_STEP][PASSED] - sendKeys(findTestObject("FDR-Receipt/FDR-Receipt-DistributionLine/FDR-AddEdit-DistributionLine/fund_Code"), Fundcode): Keys 'Health Care Deposit Fund (0912)' sent to object: 'Object Repository/FDR-Receipt/FDR-Receipt-DistributionLine/FDR-AddEdit-DistributionLine/fund_Code'

2020-09-15 14:35:29 - [MESSAGE][PASSED] - Keys 'Health Care Deposit Fund (0912)' sent to object: 'Object Repository/FDR-Receipt/FDR-Receipt-DistributionLine/FDR-AddEdit-DistributionLine/fund_Code'

2020-09-15 14:35:29 - [TEST_STEP][PASSED] - sendKeys(findTestObject("FDR-Receipt/FDR-Receipt-DistributionLine/FDR-AddEdit-DistributionLine/fund_Code"), Keys.chord(DOWN, ENTER)): Keys 'DOWN + ENTER + ' sent to object: 'Object Repository/FDR-Receipt/FDR-Receipt-DistributionLine/FDR-AddEdit-DistributionLine/fund_Code'

2020-09-15 14:35:29 - [MESSAGE][PASSED] - Keys 'DOWN + ENTER + ' sent to object: 'Object Repository/FDR-Receipt/FDR-Receipt-DistributionLine/FDR-AddEdit-DistributionLine/fund_Code'

2020-09-15 14:35:29 - [TEST_STEP][PASSED] - waitForElementPresent(findTestObject("FDR-Receipt/FDR-Receipt-DistributionLine/FDR-AddEdit-DistributionLine/fund_Ratio"), 10): Object 'Object Repository/FDR-Receipt/FDR-Receipt-DistributionLine/FDR-AddEdit-DistributionLine/fund_Ratio' is present

2020-09-15 14:35:30 - [MESSAGE][PASSED] - Object 'Object Repository/FDR-Receipt/FDR-Receipt-DistributionLine/FDR-AddEdit-DistributionLine/fund_Ratio' is present

2020-09-15 14:35:30 - [TEST_STEP][PASSED] - sendKeys(findTestObject("FDR-Receipt/FDR-Receipt-DistributionLine/FDR-AddEdit-DistributionLine/fund_Ratio"), Fundratio): Keys '5' sent to object: 'Object Repository/FDR-Receipt/FDR-Receipt-DistributionLine/FDR-AddEdit-DistributionLine/fund_Ratio'

2020-09-15 14:35:30 - [MESSAGE][PASSED] - Keys '5' sent to object: 'Object Repository/FDR-Receipt/FDR-Receipt-DistributionLine/FDR-AddEdit-DistributionLine/fund_Ratio'

2020-09-15 14:35:30 - [TEST_STEP][PASSED] - sendKeys(findTestObject("FDR-Receipt/FDR-Receipt-DistributionLine/FDR-AddEdit-DistributionLine/fund_Ratio"), Keys.chord(DOWN, ENTER)): Keys 'DOWN + ENTER + ' sent to object: 'Object Repository/FDR-Receipt/FDR-Receipt-DistributionLine/FDR-AddEdit-DistributionLine/fund_Ratio'

2020-09-15 14:35:30 - [MESSAGE][PASSED] - Keys 'DOWN + ENTER + ' sent to object: 'Object Repository/FDR-Receipt/FDR-Receipt-DistributionLine/FDR-AddEdit-DistributionLine/fund_Ratio'

2020-09-15 14:35:30 - [TEST_STEP][PASSED] - waitForElementPresent(findTestObject("FDR-Receipt/FDR-Receipt-DistributionLine/FDR-AddEdit-DistributionLine/non_Federalfund"), 10): Object 'Object Repository/FDR-Receipt/FDR-Receipt-DistributionLine/FDR-AddEdit-DistributionLine/non_Federalfund' is present

2020-09-15 14:35:31 - [MESSAGE][PASSED] - Object 'Object Repository/FDR-Receipt/FDR-Receipt-DistributionLine/FDR-AddEdit-DistributionLine/non_Federalfund' is present

2020-09-15 14:35:31 - [TEST_STEP][PASSED] - sendKeys(findTestObject("FDR-Receipt/FDR-Receipt-DistributionLine/FDR-AddEdit-DistributionLine/non_Federalfund"), Nonfederalfund): Keys '0001' sent to object: 'Object Repository/FDR-Receipt/FDR-Receipt-DistributionLine/FDR-AddEdit-DistributionLine/non_Federalfund'

2020-09-15 14:35:31 - [MESSAGE][PASSED] - Keys '0001' sent to object: 'Object Repository/FDR-Receipt/FDR-Receipt-DistributionLine/FDR-AddEdit-DistributionLine/non_Federalfund'

2020-09-15 14:35:31 - [TEST_STEP][PASSED] - sendKeys(findTestObject("FDR-Receipt/FDR-Receipt-DistributionLine/FDR-AddEdit-DistributionLine/non_Federalfund"), Keys.chord(DOWN, ENTER)): Keys 'DOWN + ENTER + ' sent to object: 'Object Repository/FDR-Receipt/FDR-Receipt-DistributionLine/FDR-AddEdit-DistributionLine/non_Federalfund'

2020-09-15 14:35:32 - [MESSAGE][PASSED] - Keys 'DOWN + ENTER + ' sent to object: 'Object Repository/FDR-Receipt/FDR-Receipt-DistributionLine/FDR-AddEdit-DistributionLine/non_Federalfund'

2020-09-15 14:35:32 - [TEST_STEP][PASSED] - waitForElementPresent(findTestObject("FDR-Receipt/FDR-Receipt-DistributionLine/FDR-AddEdit-DistributionLine/program_Type"), 10): Object 'Object Repository/FDR-Receipt/FDR-Receipt-DistributionLine/FDR-AddEdit-DistributionLine/program_Type' is present

2020-09-15 14:35:32 - [MESSAGE][PASSED] - Object 'Object Repository/FDR-Receipt/FDR-Receipt-DistributionLine/FDR-AddEdit-DistributionLine/program_Type' is present

2020-09-15 14:35:32 - [TEST_STEP][PASSED] - sendKeys(findTestObject("FDR-Receipt/FDR-Receipt-DistributionLine/FDR-AddEdit-DistributionLine/program_Type"), Programtype): Keys 'Medical Assistance (MA)' sent to object: 'Object Repository/FDR-Receipt/FDR-Receipt-DistributionLine/FDR-AddEdit-DistributionLine/program_Type'

2020-09-15 14:35:33 - [MESSAGE][PASSED] - Keys 'Medical Assistance (MA)' sent to object: 'Object Repository/FDR-Receipt/FDR-Receipt-DistributionLine/FDR-AddEdit-DistributionLine/program_Type'

2020-09-15 14:35:33 - [TEST_STEP][PASSED] - sendKeys(findTestObject("FDR-Receipt/FDR-Receipt-DistributionLine/FDR-AddEdit-DistributionLine/program_Type"), Keys.chord(DOWN, ENTER)): Keys 'DOWN + ENTER + ' sent to object: 'Object Repository/FDR-Receipt/FDR-Receipt-DistributionLine/FDR-AddEdit-DistributionLine/program_Type'

2020-09-15 14:35:33 - [MESSAGE][PASSED] - Keys 'DOWN + ENTER + ' sent to object: 'Object Repository/FDR-Receipt/FDR-Receipt-DistributionLine/FDR-AddEdit-DistributionLine/program_Type'

2020-09-15 14:35:33 - [TEST_STEP][PASSED] - waitForElementPresent(findTestObject("FDR-Receipt/FDR-Receipt-DistributionLine/FDR-AddEdit-DistributionLine/service_Category"), 10): Object 'Object Repository/FDR-Receipt/FDR-Receipt-DistributionLine/FDR-AddEdit-DistributionLine/service_Category' is present

2020-09-15 14:35:34 - [MESSAGE][PASSED] - Object 'Object Repository/FDR-Receipt/FDR-Receipt-DistributionLine/FDR-AddEdit-DistributionLine/service_Category' is present

2020-09-15 14:35:34 - [TEST_STEP][PASSED] - sendKeys(findTestObject("FDR-Receipt/FDR-Receipt-DistributionLine/FDR-AddEdit-DistributionLine/service_Category"), Servicecategory): Keys '18B1' sent to object: 'Object Repository/FDR-Receipt/FDR-Receipt-DistributionLine/FDR-AddEdit-DistributionLine/service_Category'

2020-09-15 14:35:34 - [MESSAGE][PASSED] - Keys '18B1' sent to object: 'Object Repository/FDR-Receipt/FDR-Receipt-DistributionLine/FDR-AddEdit-DistributionLine/service_Category'

2020-09-15 14:35:34 - [TEST_STEP][PASSED] - sendKeys(findTestObject("FDR-Receipt/FDR-Receipt-DistributionLine/FDR-AddEdit-DistributionLine/service_Category"), Keys.chord(DOWN, ENTER)): Keys 'DOWN + ENTER + ' sent to object: 'Object Repository/FDR-Receipt/FDR-Receipt-DistributionLine/FDR-AddEdit-DistributionLine/service_Category'

2020-09-15 14:35:35 - [MESSAGE][PASSED] - Keys 'DOWN + ENTER + ' sent to object: 'Object Repository/FDR-Receipt/FDR-Receipt-DistributionLine/FDR-AddEdit-DistributionLine/service_Category'

2020-09-15 14:35:35 - [TEST_STEP][PASSED] - waitForElementPresent(findTestObject("FDR-Receipt/FDR-Receipt-DistributionLine/FDR-AddEdit-DistributionLine/input_accountId"), 2, STOP_ON_FAILURE): Object 'Object Repository/FDR-Receipt/FDR-Receipt-DistributionLine/FDR-AddEdit-DistributionLine/input_accountId' is present

2020-09-15 14:35:35 - [MESSAGE][PASSED] - Object 'Object Repository/FDR-Receipt/FDR-Receipt-DistributionLine/FDR-AddEdit-DistributionLine/input_accountId' is present

2020-09-15 14:35:35 - [TEST_STEP][PASSED] - sendKeys(findTestObject("FDR-Receipt/FDR-Receipt-DistributionLine/FDR-AddEdit-DistributionLine/input_accountId"), accountId + Keys.chord(ARROW_DOWN, ENTER)): Keys 'DOWN + ENTER + 5432000' sent to object: 'Object Repository/FDR-Receipt/FDR-Receipt-DistributionLine/FDR-AddEdit-DistributionLine/input_accountId'

2020-09-15 14:35:35 - [MESSAGE][PASSED] - Keys 'DOWN + ENTER + 5432000' sent to object: 'Object Repository/FDR-Receipt/FDR-Receipt-DistributionLine/FDR-AddEdit-DistributionLine/input_accountId'

2020-09-15 14:35:35 - [TEST_STEP][PASSED] - waitForElementPresent(findTestObject("FDR-Receipt/FDR-Receipt-DistributionLine/FDR-AddEdit-DistributionLine/input_altAccountId"), 2, STOP_ON_FAILURE): Object 'Object Repository/FDR-Receipt/FDR-Receipt-DistributionLine/FDR-AddEdit-DistributionLine/input_altAccountId' is present

2020-09-15 14:35:36 - [MESSAGE][PASSED] - Object 'Object Repository/FDR-Receipt/FDR-Receipt-DistributionLine/FDR-AddEdit-DistributionLine/input_altAccountId' is present

2020-09-15 14:35:36 - [TEST_STEP][PASSED] - sendKeys(findTestObject("FDR-Receipt/FDR-Receipt-DistributionLine/FDR-AddEdit-DistributionLine/input_altAccountId"), altAccountId): Keys '5432000019' sent to object: 'Object Repository/FDR-Receipt/FDR-Receipt-DistributionLine/FDR-AddEdit-DistributionLine/input_altAccountId'

2020-09-15 14:35:36 - [MESSAGE][PASSED] - Keys '5432000019' sent to object: 'Object Repository/FDR-Receipt/FDR-Receipt-DistributionLine/FDR-AddEdit-DistributionLine/input_altAccountId'

2020-09-15 14:35:36 - [TEST_STEP][PASSED] - sendKeys(findTestObject("FDR-Receipt/FDR-Receipt-DistributionLine/FDR-AddEdit-DistributionLine/input_altAccountId"), Keys.chord(ARROW_DOWN, ENTER)): Keys 'DOWN + ENTER + ' sent to object: 'Object Repository/FDR-Receipt/FDR-Receipt-DistributionLine/FDR-AddEdit-DistributionLine/input_altAccountId'

2020-09-15 14:35:37 - [MESSAGE][PASSED] - Keys 'DOWN + ENTER + ' sent to object: 'Object Repository/FDR-Receipt/FDR-Receipt-DistributionLine/FDR-AddEdit-DistributionLine/input_altAccountId'

2020-09-15 14:35:37 - [TEST_STEP][PASSED] - click(findTestObject("FDR-Receipt/FDR-Receipt-DistributionLine/FDR-AddEdit-DistributionLine/button_SaveClose")): Object: 'Object Repository/FDR-Receipt/FDR-Receipt-DistributionLine/FDR-AddEdit-DistributionLine/button_SaveClose' is clicked on

2020-09-15 14:35:38 - [MESSAGE][PASSED] - Object: 'Object Repository/FDR-Receipt/FDR-Receipt-DistributionLine/FDR-AddEdit-DistributionLine/button_SaveClose' is clicked on

2020-09-15 14:35:38 - [TEST_STEP][PASSED] - scrollToElement(findTestObject("FDR-Receipt/FDR-Receipt-DistributionLine/FDR-AddEdit-DistributionLine/button_Add-Invoiceline"), 3): Scroll to object 'Object Repository/FDR-Receipt/FDR-Receipt-DistributionLine/FDR-AddEdit-DistributionLine/button_Add-Invoiceline' successfully

2020-09-15 14:35:38 - [MESSAGE][PASSED] - Scroll to object 'Object Repository/FDR-Receipt/FDR-Receipt-DistributionLine/FDR-AddEdit-DistributionLine/button_Add-Invoiceline' successfully

2020-09-15 14:35:38 - [TEST_STEP][PASSED] - verifyElementClickable(findTestObject("FDR-Receipt/FDR-Receipt-DistributionLine/FDR-AddEdit-DistributionLine/button_Add-Invoiceline"), STOP_ON_FAILURE): Object 'Object Repository/FDR-Receipt/FDR-Receipt-DistributionLine/FDR-AddEdit-DistributionLine/button_Add-Invoiceline' is clickable

2020-09-15 14:35:39 - [MESSAGE][PASSED] - Object 'Object Repository/FDR-Receipt/FDR-Receipt-DistributionLine/FDR-AddEdit-DistributionLine/button_Add-Invoiceline' is clickable

2020-09-15 14:35:39 - [TEST_STEP][PASSED] - click(findTestObject("FDR-Receipt/FDR-Receipt-DistributionLine/FDR-AddEdit-DistributionLine/button_Add-Invoiceline"), STOP_ON_FAILURE): Object: 'Object Repository/FDR-Receipt/FDR-Receipt-DistributionLine/FDR-AddEdit-DistributionLine/button_Add-Invoiceline' is clicked on

2020-09-15 14:35:39 - [MESSAGE][PASSED] - Object: 'Object Repository/FDR-Receipt/FDR-Receipt-DistributionLine/FDR-AddEdit-DistributionLine/button_Add-Invoiceline' is clicked on

2020-09-15 14:35:39 - [TEST_STEP][PASSED] - waitForElementPresent(findTestObject("FDR-Receipt/FDR-Receipt-DistributionLine/FDR-AddEdit-DistributionLine/invoice_Searchfield"), 10): Object 'Object Repository/FDR-Receipt/FDR-Receipt-DistributionLine/FDR-AddEdit-DistributionLine/invoice_Searchfield' is present

2020-09-15 14:35:40 - [MESSAGE][PASSED] - Object 'Object Repository/FDR-Receipt/FDR-Receipt-DistributionLine/FDR-AddEdit-DistributionLine/invoice_Searchfield' is present

2020-09-15 14:35:40 - [TEST_STEP][PASSED] - sendKeys(findTestObject("FDR-Receipt/FDR-Receipt-DistributionLine/FDR-AddEdit-DistributionLine/invoice_Searchfield"), searchfield): Keys '524342' sent to object: 'Object Repository/FDR-Receipt/FDR-Receipt-DistributionLine/FDR-AddEdit-DistributionLine/invoice_Searchfield'

2020-09-15 14:35:40 - [MESSAGE][PASSED] - Keys '524342' sent to object: 'Object Repository/FDR-Receipt/FDR-Receipt-DistributionLine/FDR-AddEdit-DistributionLine/invoice_Searchfield'

2020-09-15 14:35:40 - [TEST_STEP][PASSED] - click(findTestObject("FDR-Receipt/FDR-Receipt-DistributionLine/FDR-AddEdit-DistributionLine/button_Add_invoicemanually")): Object: 'Object Repository/FDR-Receipt/FDR-Receipt-DistributionLine/FDR-AddEdit-DistributionLine/button_Add_invoicemanually' is clicked on

2020-09-15 14:35:41 - [MESSAGE][PASSED] - Object: 'Object Repository/FDR-Receipt/FDR-Receipt-DistributionLine/FDR-AddEdit-DistributionLine/button_Add_invoicemanually' is clicked on

2020-09-15 14:35:41 - [TEST_STEP][PASSED] - waitForElementPresent(findTestObject("FDR-Receipt/FDR-Receipt-DistributionLine/FDR-AddEdit-DistributionLine/input_Service date (from)"), 10): Object 'Object Repository/FDR-Receipt/FDR-Receipt-DistributionLine/FDR-AddEdit-DistributionLine/input_Service date (from)' is present

2020-09-15 14:35:43 - [MESSAGE][PASSED] - Object 'Object Repository/FDR-Receipt/FDR-Receipt-DistributionLine/FDR-AddEdit-DistributionLine/input_Service date (from)' is present

2020-09-15 14:35:43 - [TEST_STEP][PASSED] - sendKeys(findTestObject("FDR-Receipt/FDR-Receipt-DistributionLine/FDR-AddEdit-DistributionLine/input_Service date (from)"), servicedatefrom): Keys '09/16/2020' sent to object: 'Object Repository/FDR-Receipt/FDR-Receipt-DistributionLine/FDR-AddEdit-DistributionLine/input_Service date (from)'

2020-09-15 14:35:44 - [MESSAGE][PASSED] - Keys '09/16/2020' sent to object: 'Object Repository/FDR-Receipt/FDR-Receipt-DistributionLine/FDR-AddEdit-DistributionLine/input_Service date (from)'

2020-09-15 14:35:44 - [TEST_STEP][PASSED] - waitForElementPresent(findTestObject("FDR-Receipt/FDR-Receipt-DistributionLine/FDR-AddEdit-DistributionLine/input_Service date (to)"), 10): Object 'Object Repository/FDR-Receipt/FDR-Receipt-DistributionLine/FDR-AddEdit-DistributionLine/input_Service date (to)' is present

2020-09-15 14:35:44 - [MESSAGE][PASSED] - Object 'Object Repository/FDR-Receipt/FDR-Receipt-DistributionLine/FDR-AddEdit-DistributionLine/input_Service date (to)' is present

2020-09-15 14:35:44 - [TEST_STEP][PASSED] - sendKeys(findTestObject("FDR-Receipt/FDR-Receipt-DistributionLine/FDR-AddEdit-DistributionLine/input_Service date (to)"), servicedateto): Keys '09/17/2020' sent to object: 'Object Repository/FDR-Receipt/FDR-Receipt-DistributionLine/FDR-AddEdit-DistributionLine/input_Service date (to)'

2020-09-15 14:35:44 - [MESSAGE][PASSED] - Keys '09/17/2020' sent to object: 'Object Repository/FDR-Receipt/FDR-Receipt-DistributionLine/FDR-AddEdit-DistributionLine/input_Service date (to)'

2020-09-15 14:35:44 - [TEST_STEP][PASSED] - delay(4): Delayed 4 second(s)

2020-09-15 14:35:48 - [MESSAGE][PASSED] - Delayed 4 second(s)

2020-09-15 14:35:48 - [TEST_STEP][PASSED] - waitForElementPresent(findTestObject("FDR-Receipt/FDR-Receipt-DistributionLine/FDR-AddEdit-DistributionLine/input_Amount"), 10): Object 'Object Repository/FDR-Receipt/FDR-Receipt-DistributionLine/FDR-AddEdit-DistributionLine/input_Amount' is present

2020-09-15 14:35:49 - [MESSAGE][PASSED] - Object 'Object Repository/FDR-Receipt/FDR-Receipt-DistributionLine/FDR-AddEdit-DistributionLine/input_Amount' is present

2020-09-15 14:35:49 - [TEST_STEP][PASSED] - sendKeys(findTestObject("FDR-Receipt/FDR-Receipt-DistributionLine/FDR-AddEdit-DistributionLine/input_Amount"), NegativeAmount): Keys '500-' sent to object: 'Object Repository/FDR-Receipt/FDR-Receipt-DistributionLine/FDR-AddEdit-DistributionLine/input_Amount'

2020-09-15 14:35:49 - [MESSAGE][PASSED] - Keys '500-' sent to object: 'Object Repository/FDR-Receipt/FDR-Receipt-DistributionLine/FDR-AddEdit-DistributionLine/input_Amount'

2020-09-15 14:35:49 - [TEST_STEP][PASSED] - delay(2): Delayed 2 second(s)

2020-09-15 14:35:51 - [MESSAGE][PASSED] - Delayed 2 second(s)

2020-09-15 14:35:51 - [TEST_STEP][PASSED] - waitForElementPresent(findTestObject("FDR-Receipt/FDR-Receipt-DistributionLine/FDR-AddEdit-DistributionLine/waiver_Type"), 10): Object 'Object Repository/FDR-Receipt/FDR-Receipt-DistributionLine/FDR-AddEdit-DistributionLine/waiver_Type' is present

2020-09-15 14:35:51 - [MESSAGE][PASSED] - Object 'Object Repository/FDR-Receipt/FDR-Receipt-DistributionLine/FDR-AddEdit-DistributionLine/waiver_Type' is present

2020-09-15 14:35:51 - [TEST_STEP][PASSED] - waitForElementPresent(findTestObject("FDR-Receipt/FDR-Receipt-DistributionLine/FDR-AddEdit-DistributionLine/waiver_Type"), 8): Object 'Object Repository/FDR-Receipt/FDR-Receipt-DistributionLine/FDR-AddEdit-DistributionLine/waiver_Type' is present

2020-09-15 14:35:52 - [MESSAGE][PASSED] - Object 'Object Repository/FDR-Receipt/FDR-Receipt-DistributionLine/FDR-AddEdit-DistributionLine/waiver_Type' is present

2020-09-15 14:35:52 - [TEST_STEP][PASSED] - sendKeys(findTestObject("FDR-Receipt/FDR-Receipt-DistributionLine/FDR-AddEdit-DistributionLine/waiver_Type"), Waivertype): Keys '2020' sent to object: 'Object Repository/FDR-Receipt/FDR-Receipt-DistributionLine/FDR-AddEdit-DistributionLine/waiver_Type'

2020-09-15 14:35:52 - [MESSAGE][PASSED] - Keys '2020' sent to object: 'Object Repository/FDR-Receipt/FDR-Receipt-DistributionLine/FDR-AddEdit-DistributionLine/waiver_Type'

2020-09-15 14:35:52 - [TEST_STEP][PASSED] - sendKeys(findTestObject("FDR-Receipt/FDR-Receipt-DistributionLine/FDR-AddEdit-DistributionLine/waiver_Type"), Keys.chord(DOWN, ENTER)): Keys 'DOWN + ENTER + ' sent to object: 'Object Repository/FDR-Receipt/FDR-Receipt-DistributionLine/FDR-AddEdit-DistributionLine/waiver_Type'

2020-09-15 14:35:53 - [MESSAGE][PASSED] - Keys 'DOWN + ENTER + ' sent to object: 'Object Repository/FDR-Receipt/FDR-Receipt-DistributionLine/FDR-AddEdit-DistributionLine/waiver_Type'

2020-09-15 14:35:53 - [TEST_STEP][PASSED] - waitForElementPresent(findTestObject("FDR-Receipt/FDR-Receipt-DistributionLine/FDR-AddEdit-DistributionLine/waiver_Name"), 6): Object 'Object Repository/FDR-Receipt/FDR-Receipt-DistributionLine/FDR-AddEdit-DistributionLine/waiver_Name' is present

2020-09-15 14:35:53 - [MESSAGE][PASSED] - Object 'Object Repository/FDR-Receipt/FDR-Receipt-DistributionLine/FDR-AddEdit-DistributionLine/waiver_Name' is present

2020-09-15 14:35:53 - [TEST_STEP][PASSED] - sendKeys(findTestObject("FDR-Receipt/FDR-Receipt-DistributionLine/FDR-AddEdit-DistributionLine/waiver_Name"), Waivername): Keys 'A-FamilyU TPM/GMC' sent to object: 'Object Repository/FDR-Receipt/FDR-Receipt-DistributionLine/FDR-AddEdit-DistributionLine/waiver_Name'

2020-09-15 14:35:54 - [MESSAGE][PASSED] - Keys 'A-FamilyU TPM/GMC' sent to object: 'Object Repository/FDR-Receipt/FDR-Receipt-DistributionLine/FDR-AddEdit-DistributionLine/waiver_Name'

2020-09-15 14:35:54 - [TEST_STEP][PASSED] - sendKeys(findTestObject("FDR-Receipt/FDR-Receipt-DistributionLine/FDR-AddEdit-DistributionLine/waiver_Name"), Keys.chord(DOWN, ENTER)): Keys 'DOWN + ENTER + ' sent to object: 'Object Repository/FDR-Receipt/FDR-Receipt-DistributionLine/FDR-AddEdit-DistributionLine/waiver_Name'

2020-09-15 14:35:54 - [MESSAGE][PASSED] - Keys 'DOWN + ENTER + ' sent to object: 'Object Repository/FDR-Receipt/FDR-Receipt-DistributionLine/FDR-AddEdit-DistributionLine/waiver_Name'

2020-09-15 14:35:54 - [TEST_STEP][PASSED] - waitForElementPresent(findTestObject("FDR-Receipt/FDR-Receipt-DistributionLine/FDR-AddEdit-DistributionLine/funding_Source"), 6): Object 'Object Repository/FDR-Receipt/FDR-Receipt-DistributionLine/FDR-AddEdit-DistributionLine/funding_Source' is present

2020-09-15 14:35:55 - [MESSAGE][PASSED] - Object 'Object Repository/FDR-Receipt/FDR-Receipt-DistributionLine/FDR-AddEdit-DistributionLine/funding_Source' is present

2020-09-15 14:35:55 - [TEST_STEP][PASSED] - sendKeys(findTestObject("FDR-Receipt/FDR-Receipt-DistributionLine/FDR-AddEdit-DistributionLine/funding_Source"), Fundingsource): Keys 'Dental' sent to object: 'Object Repository/FDR-Receipt/FDR-Receipt-DistributionLine/FDR-AddEdit-DistributionLine/funding_Source'

2020-09-15 14:35:55 - [MESSAGE][PASSED] - Keys 'Dental' sent to object: 'Object Repository/FDR-Receipt/FDR-Receipt-DistributionLine/FDR-AddEdit-DistributionLine/funding_Source'

2020-09-15 14:35:55 - [TEST_STEP][PASSED] - sendKeys(findTestObject("FDR-Receipt/FDR-Receipt-DistributionLine/FDR-AddEdit-DistributionLine/funding_Source"), Keys.chord(DOWN, ENTER)): Keys 'DOWN + ENTER + ' sent to object: 'Object Repository/FDR-Receipt/FDR-Receipt-DistributionLine/FDR-AddEdit-DistributionLine/funding_Source'

2020-09-15 14:35:55 - [MESSAGE][PASSED] - Keys 'DOWN + ENTER + ' sent to object: 'Object Repository/FDR-Receipt/FDR-Receipt-DistributionLine/FDR-AddEdit-DistributionLine/funding_Source'

2020-09-15 14:35:55 - [TEST_STEP][PASSED] - waitForElementPresent(findTestObject("FDR-Receipt/FDR-Receipt-DistributionLine/FDR-AddEdit-DistributionLine/fund_Code"), 30): Object 'Object Repository/FDR-Receipt/FDR-Receipt-DistributionLine/FDR-AddEdit-DistributionLine/fund_Code' is present

2020-09-15 14:35:56 - [MESSAGE][PASSED] - Object 'Object Repository/FDR-Receipt/FDR-Receipt-DistributionLine/FDR-AddEdit-DistributionLine/fund_Code' is present

2020-09-15 14:35:56 - [TEST_STEP][PASSED] - sendKeys(findTestObject("FDR-Receipt/FDR-Receipt-DistributionLine/FDR-AddEdit-DistributionLine/fund_Code"), Fundcode): Keys 'Health Care Deposit Fund (0912)' sent to object: 'Object Repository/FDR-Receipt/FDR-Receipt-DistributionLine/FDR-AddEdit-DistributionLine/fund_Code'

2020-09-15 14:35:56 - [MESSAGE][PASSED] - Keys 'Health Care Deposit Fund (0912)' sent to object: 'Object Repository/FDR-Receipt/FDR-Receipt-DistributionLine/FDR-AddEdit-DistributionLine/fund_Code'

2020-09-15 14:35:56 - [TEST_STEP][PASSED] - sendKeys(findTestObject("FDR-Receipt/FDR-Receipt-DistributionLine/FDR-AddEdit-DistributionLine/fund_Code"), Keys.chord(DOWN, ENTER)): Keys 'DOWN + ENTER + ' sent to object: 'Object Repository/FDR-Receipt/FDR-Receipt-DistributionLine/FDR-AddEdit-DistributionLine/fund_Code'

2020-09-15 14:35:57 - [MESSAGE][PASSED] - Keys 'DOWN + ENTER + ' sent to object: 'Object Repository/FDR-Receipt/FDR-Receipt-DistributionLine/FDR-AddEdit-DistributionLine/fund_Code'

2020-09-15 14:35:57 - [TEST_STEP][PASSED] - waitForElementPresent(findTestObject("FDR-Receipt/FDR-Receipt-DistributionLine/FDR-AddEdit-DistributionLine/fund_Ratio"), 10): Object 'Object Repository/FDR-Receipt/FDR-Receipt-DistributionLine/FDR-AddEdit-DistributionLine/fund_Ratio' is present

2020-09-15 14:35:57 - [MESSAGE][PASSED] - Object 'Object Repository/FDR-Receipt/FDR-Receipt-DistributionLine/FDR-AddEdit-DistributionLine/fund_Ratio' is present

2020-09-15 14:35:57 - [TEST_STEP][PASSED] - sendKeys(findTestObject("FDR-Receipt/FDR-Receipt-DistributionLine/FDR-AddEdit-DistributionLine/fund_Ratio"), Fundratio): Keys '5' sent to object: 'Object Repository/FDR-Receipt/FDR-Receipt-DistributionLine/FDR-AddEdit-DistributionLine/fund_Ratio'

2020-09-15 14:35:58 - [MESSAGE][PASSED] - Keys '5' sent to object: 'Object Repository/FDR-Receipt/FDR-Receipt-DistributionLine/FDR-AddEdit-DistributionLine/fund_Ratio'

2020-09-15 14:35:58 - [TEST_STEP][PASSED] - sendKeys(findTestObject("FDR-Receipt/FDR-Receipt-DistributionLine/FDR-AddEdit-DistributionLine/fund_Ratio"), Keys.chord(DOWN, ENTER)): Keys 'DOWN + ENTER + ' sent to object: 'Object Repository/FDR-Receipt/FDR-Receipt-DistributionLine/FDR-AddEdit-DistributionLine/fund_Ratio'

2020-09-15 14:35:58 - [MESSAGE][PASSED] - Keys 'DOWN + ENTER + ' sent to object: 'Object Repository/FDR-Receipt/FDR-Receipt-DistributionLine/FDR-AddEdit-DistributionLine/fund_Ratio'

2020-09-15 14:35:58 - [TEST_STEP][PASSED] - waitForElementPresent(findTestObject("FDR-Receipt/FDR-Receipt-DistributionLine/FDR-AddEdit-DistributionLine/non_Federalfund"), 10): Object 'Object Repository/FDR-Receipt/FDR-Receipt-DistributionLine/FDR-AddEdit-DistributionLine/non_Federalfund' is present

2020-09-15 14:35:59 - [MESSAGE][PASSED] - Object 'Object Repository/FDR-Receipt/FDR-Receipt-DistributionLine/FDR-AddEdit-DistributionLine/non_Federalfund' is present

2020-09-15 14:35:59 - [TEST_STEP][PASSED] - sendKeys(findTestObject("FDR-Receipt/FDR-Receipt-DistributionLine/FDR-AddEdit-DistributionLine/non_Federalfund"), Nonfederalfund): Keys '0001' sent to object: 'Object Repository/FDR-Receipt/FDR-Receipt-DistributionLine/FDR-AddEdit-DistributionLine/non_Federalfund'

2020-09-15 14:35:59 - [MESSAGE][PASSED] - Keys '0001' sent to object: 'Object Repository/FDR-Receipt/FDR-Receipt-DistributionLine/FDR-AddEdit-DistributionLine/non_Federalfund'

2020-09-15 14:35:59 - [TEST_STEP][PASSED] - sendKeys(findTestObject("FDR-Receipt/FDR-Receipt-DistributionLine/FDR-AddEdit-DistributionLine/non_Federalfund"), Keys.chord(DOWN, ENTER)): Keys 'DOWN + ENTER + ' sent to object: 'Object Repository/FDR-Receipt/FDR-Receipt-DistributionLine/FDR-AddEdit-DistributionLine/non_Federalfund'

2020-09-15 14:36:00 - [MESSAGE][PASSED] - Keys 'DOWN + ENTER + ' sent to object: 'Object Repository/FDR-Receipt/FDR-Receipt-DistributionLine/FDR-AddEdit-DistributionLine/non_Federalfund'

2020-09-15 14:36:00 - [TEST_STEP][PASSED] - waitForElementPresent(findTestObject("FDR-Receipt/FDR-Receipt-DistributionLine/FDR-AddEdit-DistributionLine/input_Service location_serviceLocation"), 10): Object 'Object Repository/FDR-Receipt/FDR-Receipt-DistributionLine/FDR-AddEdit-DistributionLine/input_Service location_serviceLocation' is present

2020-09-15 14:36:00 - [MESSAGE][PASSED] - Object 'Object Repository/FDR-Receipt/FDR-Receipt-DistributionLine/FDR-AddEdit-DistributionLine/input_Service location_serviceLocation' is present

2020-09-15 14:36:00 - [TEST_STEP][PASSED] - sendKeys(findTestObject("FDR-Receipt/FDR-Receipt-DistributionLine/FDR-AddEdit-DistributionLine/input_Service location_serviceLocation"), Servicelocation): Keys '3445' sent to object: 'Object Repository/FDR-Receipt/FDR-Receipt-DistributionLine/FDR-AddEdit-DistributionLine/input_Service location_serviceLocation'

2020-09-15 14:36:01 - [MESSAGE][PASSED] - Keys '3445' sent to object: 'Object Repository/FDR-Receipt/FDR-Receipt-DistributionLine/FDR-AddEdit-DistributionLine/input_Service location_serviceLocation'

2020-09-15 14:36:01 - [TEST_STEP][PASSED] - sendKeys(findTestObject("FDR-Receipt/FDR-Receipt-DistributionLine/FDR-AddEdit-DistributionLine/input_Service location_serviceLocation"), Keys.chord(DOWN, ENTER)): Keys 'DOWN + ENTER + ' sent to object: 'Object Repository/FDR-Receipt/FDR-Receipt-DistributionLine/FDR-AddEdit-DistributionLine/input_Service location_serviceLocation'

2020-09-15 14:36:01 - [MESSAGE][PASSED] - Keys 'DOWN + ENTER + ' sent to object: 'Object Repository/FDR-Receipt/FDR-Receipt-DistributionLine/FDR-AddEdit-DistributionLine/input_Service location_serviceLocation'

2020-09-15 14:36:01 - [TEST_STEP][PASSED] - waitForElementPresent(findTestObject("FDR-Receipt/FDR-Receipt-DistributionLine/FDR-AddEdit-DistributionLine/Index"), 10): Object 'Object Repository/FDR-Receipt/FDR-Receipt-DistributionLine/FDR-AddEdit-DistributionLine/Index' is present

2020-09-15 14:36:02 - [MESSAGE][PASSED] - Object 'Object Repository/FDR-Receipt/FDR-Receipt-DistributionLine/FDR-AddEdit-DistributionLine/Index' is present

2020-09-15 14:36:02 - [TEST_STEP][PASSED] - sendKeys(findTestObject("FDR-Receipt/FDR-Receipt-DistributionLine/FDR-AddEdit-DistributionLine/Index"), Index): Keys '1155' sent to object: 'Object Repository/FDR-Receipt/FDR-Receipt-DistributionLine/FDR-AddEdit-DistributionLine/Index'

2020-09-15 14:36:02 - [MESSAGE][PASSED] - Keys '1155' sent to object: 'Object Repository/FDR-Receipt/FDR-Receipt-DistributionLine/FDR-AddEdit-DistributionLine/Index'

2020-09-15 14:36:02 - [TEST_STEP][PASSED] - sendKeys(findTestObject("FDR-Receipt/FDR-Receipt-DistributionLine/FDR-AddEdit-DistributionLine/Index"), Keys.chord(DOWN, ENTER)): Keys 'DOWN + ENTER + ' sent to object: 'Object Repository/FDR-Receipt/FDR-Receipt-DistributionLine/FDR-AddEdit-DistributionLine/Index'

2020-09-15 14:36:02 - [MESSAGE][PASSED] - Keys 'DOWN + ENTER + ' sent to object: 'Object Repository/FDR-Receipt/FDR-Receipt-DistributionLine/FDR-AddEdit-DistributionLine/Index'

2020-09-15 14:36:02 - [TEST_STEP][PASSED] - waitForElementPresent(findTestObject("FDR-Receipt/FDR-Receipt-DistributionLine/FDR-AddEdit-DistributionLine/program_Type"), 10): Object 'Object Repository/FDR-Receipt/FDR-Receipt-DistributionLine/FDR-AddEdit-DistributionLine/program_Type' is present

2020-09-15 14:36:03 - [MESSAGE][PASSED] - Object 'Object Repository/FDR-Receipt/FDR-Receipt-DistributionLine/FDR-AddEdit-DistributionLine/program_Type' is present

2020-09-15 14:36:03 - [TEST_STEP][PASSED] - sendKeys(findTestObject("FDR-Receipt/FDR-Receipt-DistributionLine/FDR-AddEdit-DistributionLine/program_Type"), Programtype): Keys 'Medical Assistance (MA)' sent to object: 'Object Repository/FDR-Receipt/FDR-Receipt-DistributionLine/FDR-AddEdit-DistributionLine/program_Type'

2020-09-15 14:36:03 - [MESSAGE][PASSED] - Keys 'Medical Assistance (MA)' sent to object: 'Object Repository/FDR-Receipt/FDR-Receipt-DistributionLine/FDR-AddEdit-DistributionLine/program_Type'

2020-09-15 14:36:03 - [TEST_STEP][PASSED] - sendKeys(findTestObject("FDR-Receipt/FDR-Receipt-DistributionLine/FDR-AddEdit-DistributionLine/program_Type"), Keys.chord(DOWN, ENTER)): Keys 'DOWN + ENTER + ' sent to object: 'Object Repository/FDR-Receipt/FDR-Receipt-DistributionLine/FDR-AddEdit-DistributionLine/program_Type'

2020-09-15 14:36:04 - [MESSAGE][PASSED] - Keys 'DOWN + ENTER + ' sent to object: 'Object Repository/FDR-Receipt/FDR-Receipt-DistributionLine/FDR-AddEdit-DistributionLine/program_Type'

2020-09-15 14:36:04 - [TEST_STEP][PASSED] - waitForElementPresent(findTestObject("FDR-Receipt/FDR-Receipt-DistributionLine/FDR-AddEdit-DistributionLine/service_Category"), 10): Object 'Object Repository/FDR-Receipt/FDR-Receipt-DistributionLine/FDR-AddEdit-DistributionLine/service_Category' is present

2020-09-15 14:36:04 - [MESSAGE][PASSED] - Object 'Object Repository/FDR-Receipt/FDR-Receipt-DistributionLine/FDR-AddEdit-DistributionLine/service_Category' is present

2020-09-15 14:36:04 - [TEST_STEP][PASSED] - sendKeys(findTestObject("FDR-Receipt/FDR-Receipt-DistributionLine/FDR-AddEdit-DistributionLine/service_Category"), Servicecategory): Keys '18B1' sent to object: 'Object Repository/FDR-Receipt/FDR-Receipt-DistributionLine/FDR-AddEdit-DistributionLine/service_Category'

2020-09-15 14:36:05 - [MESSAGE][PASSED] - Keys '18B1' sent to object: 'Object Repository/FDR-Receipt/FDR-Receipt-DistributionLine/FDR-AddEdit-DistributionLine/service_Category'

2020-09-15 14:36:05 - [TEST_STEP][PASSED] - sendKeys(findTestObject("FDR-Receipt/FDR-Receipt-DistributionLine/FDR-AddEdit-DistributionLine/service_Category"), Keys.chord(DOWN, ENTER)): Keys 'DOWN + ENTER + ' sent to object: 'Object Repository/FDR-Receipt/FDR-Receipt-DistributionLine/FDR-AddEdit-DistributionLine/service_Category'

2020-09-15 14:36:05 - [MESSAGE][PASSED] - Keys 'DOWN + ENTER + ' sent to object: 'Object Repository/FDR-Receipt/FDR-Receipt-DistributionLine/FDR-AddEdit-DistributionLine/service_Category'

2020-09-15 14:36:05 - [TEST_STEP][PASSED] - waitForElementPresent(findTestObject("FDR-Receipt/FDR-Receipt-DistributionLine/FDR-AddEdit-DistributionLine/increaseDecreaseLine"), 10): Object 'Object Repository/FDR-Receipt/FDR-Receipt-DistributionLine/FDR-AddEdit-DistributionLine/increaseDecreaseLine' is present

2020-09-15 14:36:06 - [MESSAGE][PASSED] - Object 'Object Repository/FDR-Receipt/FDR-Receipt-DistributionLine/FDR-AddEdit-DistributionLine/increaseDecreaseLine' is present

2020-09-15 14:36:06 - [TEST_STEP][PASSED] - sendKeys(findTestObject("FDR-Receipt/FDR-Receipt-DistributionLine/FDR-AddEdit-DistributionLine/increaseDecreaseLine"), IncreaseDecreaseLine): Keys '10b: Receipts or any decrease' sent to object: 'Object Repository/FDR-Receipt/FDR-Receipt-DistributionLine/FDR-AddEdit-DistributionLine/increaseDecreaseLine'

2020-09-15 14:36:06 - [MESSAGE][PASSED] - Keys '10b: Receipts or any decrease' sent to object: 'Object Repository/FDR-Receipt/FDR-Receipt-DistributionLine/FDR-AddEdit-DistributionLine/increaseDecreaseLine'

2020-09-15 14:36:06 - [TEST_STEP][PASSED] - sendKeys(findTestObject("FDR-Receipt/FDR-Receipt-DistributionLine/FDR-AddEdit-DistributionLine/increaseDecreaseLine"), Keys.chord(ARROW_DOWN, ENTER)): Keys 'DOWN + ENTER + ' sent to object: 'Object Repository/FDR-Receipt/FDR-Receipt-DistributionLine/FDR-AddEdit-DistributionLine/increaseDecreaseLine'

2020-09-15 14:36:07 - [MESSAGE][PASSED] - Keys 'DOWN + ENTER + ' sent to object: 'Object Repository/FDR-Receipt/FDR-Receipt-DistributionLine/FDR-AddEdit-DistributionLine/increaseDecreaseLine'

2020-09-15 14:36:07 - [TEST_STEP][PASSED] - waitForElementPresent(findTestObject("FDR-Receipt/FDR-Receipt-DistributionLine/FDR-AddEdit-DistributionLine/input_accountId"), 2, STOP_ON_FAILURE): Object 'Object Repository/FDR-Receipt/FDR-Receipt-DistributionLine/FDR-AddEdit-DistributionLine/input_accountId' is present

2020-09-15 14:36:07 - [MESSAGE][PASSED] - Object 'Object Repository/FDR-Receipt/FDR-Receipt-DistributionLine/FDR-AddEdit-DistributionLine/input_accountId' is present

2020-09-15 14:36:07 - [TEST_STEP][PASSED] - sendKeys(findTestObject("FDR-Receipt/FDR-Receipt-DistributionLine/FDR-AddEdit-DistributionLine/input_accountId"), accountId + Keys.chord(ARROW_DOWN, ENTER)): Keys 'DOWN + ENTER + 5432000' sent to object: 'Object Repository/FDR-Receipt/FDR-Receipt-DistributionLine/FDR-AddEdit-DistributionLine/input_accountId'

2020-09-15 14:36:07 - [MESSAGE][PASSED] - Keys 'DOWN + ENTER + 5432000' sent to object: 'Object Repository/FDR-Receipt/FDR-Receipt-DistributionLine/FDR-AddEdit-DistributionLine/input_accountId'

2020-09-15 14:36:07 - [TEST_STEP][PASSED] - waitForElementPresent(findTestObject("FDR-Receipt/FDR-Receipt-DistributionLine/FDR-AddEdit-DistributionLine/input_altAccountId"), 2, STOP_ON_FAILURE): Object 'Object Repository/FDR-Receipt/FDR-Receipt-DistributionLine/FDR-AddEdit-DistributionLine/input_altAccountId' is present

2020-09-15 14:36:08 - [MESSAGE][PASSED] - Object 'Object Repository/FDR-Receipt/FDR-Receipt-DistributionLine/FDR-AddEdit-DistributionLine/input_altAccountId' is present

2020-09-15 14:36:08 - [TEST_STEP][PASSED] - sendKeys(findTestObject("FDR-Receipt/FDR-Receipt-DistributionLine/FDR-AddEdit-DistributionLine/input_altAccountId"), altAccountId): Keys '5432000019' sent to object: 'Object Repository/FDR-Receipt/FDR-Receipt-DistributionLine/FDR-AddEdit-DistributionLine/input_altAccountId'

2020-09-15 14:36:08 - [MESSAGE][PASSED] - Keys '5432000019' sent to object: 'Object Repository/FDR-Receipt/FDR-Receipt-DistributionLine/FDR-AddEdit-DistributionLine/input_altAccountId'

2020-09-15 14:36:08 - [TEST_STEP][PASSED] - sendKeys(findTestObject("FDR-Receipt/FDR-Receipt-DistributionLine/FDR-AddEdit-DistributionLine/input_altAccountId"), Keys.chord(ARROW_DOWN, ENTER)): Keys 'DOWN + ENTER + ' sent to object: 'Object Repository/FDR-Receipt/FDR-Receipt-DistributionLine/FDR-AddEdit-DistributionLine/input_altAccountId'

2020-09-15 14:36:09 - [MESSAGE][PASSED] - Keys 'DOWN + ENTER + ' sent to object: 'Object Repository/FDR-Receipt/FDR-Receipt-DistributionLine/FDR-AddEdit-DistributionLine/input_altAccountId'

2020-09-15 14:36:09 - [TEST_STEP][PASSED] - waitForElementPresent(findTestObject("FDR-Receipt/FDR-Receipt-DistributionLine/FDR-AddEdit-DistributionLine/button_SaveClose"), 10): Object 'Object Repository/FDR-Receipt/FDR-Receipt-DistributionLine/FDR-AddEdit-DistributionLine/button_SaveClose' is present

2020-09-15 14:36:09 - [MESSAGE][PASSED] - Object 'Object Repository/FDR-Receipt/FDR-Receipt-DistributionLine/FDR-AddEdit-DistributionLine/button_SaveClose' is present

2020-09-15 14:36:09 - [TEST_STEP][PASSED] - click(findTestObject("FDR-Receipt/FDR-Receipt-DistributionLine/FDR-AddEdit-DistributionLine/button_SaveClose")): Object: 'Object Repository/FDR-Receipt/FDR-Receipt-DistributionLine/FDR-AddEdit-DistributionLine/button_SaveClose' is clicked on

2020-09-15 14:36:10 - [MESSAGE][PASSED] - Object: 'Object Repository/FDR-Receipt/FDR-Receipt-DistributionLine/FDR-AddEdit-DistributionLine/button_SaveClose' is clicked on

2020-09-15 14:36:10 - [TEST_STEP][PASSED] - waitForElementPresent(findTestObject("FDR-Receipt/FDR-Receipt-Checkline/View/deposit_Control_Amount"), 5): Object 'Object Repository/FDR-Receipt/FDR-Receipt-Checkline/View/deposit_Control_Amount' is present

2020-09-15 14:36:10 - [MESSAGE][PASSED] - Object 'Object Repository/FDR-Receipt/FDR-Receipt-Checkline/View/deposit_Control_Amount' is present

2020-09-15 14:36:10 - [TEST_STEP][PASSED] - delay(4): Delayed 4 second(s)

2020-09-15 14:36:14 - [MESSAGE][PASSED] - Delayed 4 second(s)

2020-09-15 14:36:14 - [TEST_STEP][PASSED] - Receipttotalaftaddwith$ = getText(findTestObject("FDR-Receipt/FDR-Receipt-Checkline/View/deposit_Control_Amount")): Text of object 'Object Repository/FDR-Receipt/FDR-Receipt-Checkline/View/deposit_Control_Amount' is: '$2,500.00'

2020-09-15 14:36:15 - [MESSAGE][PASSED] - Text of object 'Object Repository/FDR-Receipt/FDR-Receipt-Checkline/View/deposit_Control_Amount' is: '$2,500.00'

2020-09-15 14:36:15 - [TEST_STEP][PASSED] - Receipttotalaftaddwithout$ = Receipttotalaftaddwith$.substring(1): null

2020-09-15 14:36:15 - [TEST_STEP][PASSED] - ReceipttotalaftaddwithoutComma = Receipttotalaftaddwithout$.replaceAll(",", ""): null

2020-09-15 14:36:15 - [TEST_STEP][PASSED] - Recdeptotalaftreceiptlinseadded = Float.parseFloat(ReceipttotalaftaddwithoutComma): null

2020-09-15 14:36:15 - [TEST_STEP][PASSED] - println(Recdeptotalaftreceiptlinseadded): null

2020-09-15 14:36:15 - [TEST_STEP][PASSED] - waitForElementPresent(findTestObject("FDR-Receipt/FDR-Receipt-Checkline/View/receiptLine_Total"), 5): Object 'Object Repository/FDR-Receipt/FDR-Receipt-Checkline/View/receiptLine_Total' is present

2020-09-15 14:36:15 - [MESSAGE][PASSED] - Object 'Object Repository/FDR-Receipt/FDR-Receipt-Checkline/View/receiptLine_Total' is present

2020-09-15 14:36:15 - [TEST_STEP][PASSED] - delay(4): Delayed 4 second(s)

2020-09-15 14:36:19 - [MESSAGE][PASSED] - Delayed 4 second(s)

2020-09-15 14:36:19 - [TEST_STEP][PASSED] - Receiptlinetotalaftaddwith$ = getText(findTestObject("FDR-Receipt/FDR-Receipt-Checkline/View/receiptLine_Total")): Text of object 'Object Repository/FDR-Receipt/FDR-Receipt-Checkline/View/receiptLine_Total' is: '$2,500.00'

2020-09-15 14:36:19 - [MESSAGE][PASSED] - Text of object 'Object Repository/FDR-Receipt/FDR-Receipt-Checkline/View/receiptLine_Total' is: '$2,500.00'

2020-09-15 14:36:19 - [TEST_STEP][PASSED] - Receiptlinetotalaftaddwithout$ = Receiptlinetotalaftaddwith$.substring(1): null

2020-09-15 14:36:19 - [TEST_STEP][PASSED] - ReceiptlinetotalaftaddwithoutComma = Receiptlinetotalaftaddwithout$.replaceAll(",", ""): null

2020-09-15 14:36:19 - [TEST_STEP][PASSED] - Receiptlinetotal = Float.parseFloat(ReceiptlinetotalaftaddwithoutComma): null

2020-09-15 14:36:19 - [TEST_STEP][PASSED] - if (Receiptlinetotal == Recdeptotalaftreceiptlinseadded): Valid Total Deposit Control Amount

2020-09-15 14:36:19 - [TEST_STEP][PASSED] - markPassed("Valid Total Deposit Control Amount"): Valid Total Deposit Control Amount

2020-09-15 14:36:19 - [MESSAGE][PASSED] - Valid Total Deposit Control Amount

2020-09-15 14:36:19 - [TEST_STEP][PASSED] - Start listener action : sampleAfterTestCase: Browser is closed

2020-09-15 14:36:19 - [TEST_STEP][PASSED] - profileName = getExecutionProfile(): null

2020-09-15 14:36:19 - [TEST_STEP][PASSED] - switch (profileName): null

2020-09-15 14:36:19 - [TEST_STEP][PASSED] - if (!(skipBeforeAndAfterTestCase)): Browser is closed

2020-09-15 14:36:19 - [TEST_STEP][PASSED] - Uifunctions.logoutFDR(): Browser is closed

2020-09-15 14:36:20 - [MESSAGE][PASSED] - Browser is closed

2020-09-15 14:36:20 - [TEST_STEP][PASSED] - Start listener action : afterTestCase: null

2020-09-15 14:36:20 - [TEST_STEP][PASSED] - profileName = getExecutionProfile(): null

2020-09-15 14:36:20 - [TEST_STEP][PASSED] - if (profileName.equalsIgnoreCase("SysAdmin")): null

2020-09-15 14:36:20 - [TEST_STEP][PASSED] - Start listener action : sampleAfterTestCase: null

2020-09-15 14:36:20 - [TEST_STEP][PASSED] - profileName = getExecutionProfile(): null

2020-09-15 14:36:20 - [TEST_STEP][PASSED] - switch (profileName): null

2020-09-15 14:36:20 - [TEST_STEP][PASSED] - Default: null

2020-09-15 14:36:20 - [TEST_STEP][PASSED] - return null: null

2020-09-15 14:36:20 - [TEST_STEP][PASSED] - Start listener action : addFailedTCToList: null]]></system-out>
         <system-err><![CDATA[]]></system-err>
      </testcase>
      <testcase name="Test Cases/WEB-UI-TESTS/Receipt/FDR-Delete-Receipt-Distribution-Line" time="111.281" classname="Test Cases/WEB-UI-TESTS/Receipt/FDR-Delete-Receipt-Distribution-Line" status="PASSED">
         <system-out><![CDATA[2020-09-15 14:36:20 - [TEST_CASE][PASSED] - Test Cases/WEB-UI-TESTS/Receipt/FDR-Delete-Receipt-Distribution-Line: Test Cases/WEB-UI-TESTS/Receipt/FDR-Delete-Receipt-Distribution-Line

2020-09-15 14:36:20 - [TEST_STEP][PASSED] - Start listener action : sampleBeforeTestCase: Navigate to 'https://fdr-katalon.cammis-mod-dev.dhcs.ca.gov' successfully

2020-09-15 14:36:20 - [TEST_STEP][PASSED] - profileName = getExecutionProfile(): null

2020-09-15 14:36:20 - [TEST_STEP][PASSED] - switch (profileName): null

2020-09-15 14:36:20 - [TEST_STEP][PASSED] - testCaseId = testCaseContext.getTestCaseId(): null

2020-09-15 14:36:20 - [TEST_STEP][PASSED] - if (!(skipBeforeAndAfterTestCase)): Navigate to 'https://fdr-katalon.cammis-mod-dev.dhcs.ca.gov' successfully

2020-09-15 14:36:20 - [TEST_STEP][PASSED] - if (account7TestCases.contains(testCaseId)): null

2020-09-15 14:36:20 - [TEST_STEP][PASSED] - else if (account10TestCases.contains(testCaseId)): null

2020-09-15 14:36:20 - [TEST_STEP][PASSED] - else: Object: 'Object Repository/FDR-SignIn/SignInButton' is clicked on

2020-09-15 14:36:20 - [TEST_STEP][PASSED] - Uifunctions.loginFDR(accountsApprover, accountsApproverPwd): Object: 'Object Repository/FDR-SignIn/SignInButton' is clicked on

2020-09-15 14:36:20 - [MESSAGE][INFO] - Starting 'Chrome' driver

2020-09-15 14:36:20 - [MESSAGE][INFO] - Action delay is set to 0 milliseconds

2020-09-15 14:36:23 - [MESSAGE][PASSED] - Browser is opened with url: ''

2020-09-15 14:36:25 - [MESSAGE][PASSED] - Current window maximized

2020-09-15 14:36:28 - [MESSAGE][PASSED] - Navigate to 'https://fdr-katalon.cammis-mod-dev.dhcs.ca.gov' successfully

2020-09-15 14:36:29 - [MESSAGE][PASSED] - Object 'Object Repository/FDR-SignIn/SignInEmail' is present

2020-09-15 14:36:30 - [MESSAGE][PASSED] - Object: 'Object Repository/FDR-SignIn/SignInEmail' is clicked on

2020-09-15 14:36:30 - [MESSAGE][PASSED] - Object 'Object Repository/FDR-SignIn/SignInEmail' is present

2020-09-15 14:36:30 - [MESSAGE][PASSED] - Text 'fdr.test3@dhcs.ca.gov' is set on object 'Object Repository/FDR-SignIn/SignInEmail'

2020-09-15 14:36:31 - [MESSAGE][PASSED] - Object 'Object Repository/FDR-SignIn/SignInEmailNext' is visible

2020-09-15 14:36:31 - [MESSAGE][PASSED] - Object: 'Object Repository/FDR-SignIn/SignInEmailNext' is clicked on

2020-09-15 14:36:34 - [MESSAGE][PASSED] - Object 'Object Repository/FDR-SignIn/SignInEmailPassword' is visible

2020-09-15 14:36:35 - [MESSAGE][PASSED] - Object: 'Object Repository/FDR-SignIn/SignInEmailPassword' is clicked on

2020-09-15 14:36:35 - [MESSAGE][PASSED] - Text ****** has been set on object 'Object Repository/FDR-SignIn/SignInEmailPassword'

2020-09-15 14:36:37 - [MESSAGE][PASSED] - Object: 'Object Repository/FDR-SignIn/SignInButton' is clicked on

2020-09-15 14:36:37 - [TEST_STEP][PASSED] - navigateToUrl(URL): Navigate to 'https://fdr-katalon.cammis-mod-dev.dhcs.ca.gov' successfully

2020-09-15 14:36:38 - [MESSAGE][PASSED] - Navigate to 'https://fdr-katalon.cammis-mod-dev.dhcs.ca.gov' successfully

2020-09-15 14:36:38 - [TEST_STEP][PASSED] - Start listener action : beforeTestCase: null

2020-09-15 14:36:38 - [TEST_STEP][PASSED] - profileName = getExecutionProfile(): null

2020-09-15 14:36:38 - [TEST_STEP][PASSED] - if (profileName.equalsIgnoreCase("SysAdmin")): null

2020-09-15 14:36:38 - [TEST_STEP][PASSED] - Start listener action : sampleBeforeTestCase: null

2020-09-15 14:36:38 - [TEST_STEP][PASSED] - profileName = getExecutionProfile(): null

2020-09-15 14:36:38 - [TEST_STEP][PASSED] - testCaseId = testCaseContext.getTestCaseId(): null

2020-09-15 14:36:38 - [TEST_STEP][PASSED] - switch (profileName): null

2020-09-15 14:36:38 - [TEST_STEP][PASSED] - Default: null

2020-09-15 14:36:38 - [TEST_STEP][PASSED] - return null: null

2020-09-15 14:36:38 - [TEST_STEP][PASSED] - Start listener action : executeRows: null

2020-09-15 14:36:38 - [TEST_STEP][PASSED] - d = Date().plus(1): null

2020-09-15 14:36:38 - [TEST_STEP][PASSED] - dd = Date().plus(2): null

2020-09-15 14:36:38 - [TEST_STEP][PASSED] - servicedatefrom = d.format("MM/dd/yyyy"): null

2020-09-15 14:36:38 - [TEST_STEP][PASSED] - servicedateto = dd.format("MM/dd/yyyy"): null

2020-09-15 14:36:38 - [TEST_STEP][PASSED] - originalwarrantdate = dd.format("MM/dd/yyyy"): null

2020-09-15 14:36:38 - [TEST_STEP][PASSED] - newDepositId = RandomStringUtils.randomNumeric(7): null

2020-09-15 14:36:38 - [TEST_STEP][PASSED] - editors.createReceipt(Drawdate, Paydate, newDepositId, Receiptnotes): Object: 'Object Repository/FDR-Receipt/FDR-Receipt-Header/View/buttonNext' is clicked on

2020-09-15 14:36:43 - [MESSAGE][INFO] - Unable to find the element located by 'By.xpath: //*[@data-id='button-link']//*[contains(text(),'Create New Voucher')]'. Please recheck the objects properties to make sure the desired element is located. 

2020-09-15 14:36:43 - [MESSAGE][WARNING] - Object 'Object Repository/FDR-Dashboard/createNewVoucherButton' is not present after 4 second(s)

2020-09-15 14:36:44 - [MESSAGE][PASSED] - Object 'Object Repository/FDR-Receipt/FDR-Receipt-Dashboard/createNew_ReceiptBatch_Button' is present

2020-09-15 14:36:44 - [MESSAGE][PASSED] - Object: 'Object Repository/FDR-Receipt/FDR-Receipt-Dashboard/createNew_ReceiptBatch_Button' is clicked on

2020-09-15 14:36:45 - [MESSAGE][PASSED] - Object 'Object Repository/FDR-Receipt/FDR-Receipt-Header/View/inputDrawDate' is present

2020-09-15 14:36:46 - [MESSAGE][PASSED] - Text '10/05/2020' is set on object 'Object Repository/FDR-Receipt/FDR-Receipt-Header/View/inputDrawDate'

2020-09-15 14:36:47 - [MESSAGE][PASSED] - Keys 'TAB + ENTER + ENTER + ' sent to object: 'Object Repository/FDR-Receipt/FDR-Receipt-Header/View/inputDrawDate'

2020-09-15 14:36:47 - [MESSAGE][PASSED] - Object 'Object Repository/FDR-Receipt/FDR-Receipt-Header/Edit/payDate' is present

2020-09-15 14:36:48 - [MESSAGE][PASSED] - Text '10/07/2020' is set on object 'Object Repository/FDR-Receipt/FDR-Receipt-Header/Edit/payDate'

2020-09-15 14:36:48 - [MESSAGE][PASSED] - Object 'Object Repository/FDR-Receipt/FDR-Receipt-Header/View/deposit ID' is present

2020-09-15 14:36:49 - [MESSAGE][PASSED] - Text '3322292' is set on object 'Object Repository/FDR-Receipt/FDR-Receipt-Header/View/deposit ID'

2020-09-15 14:36:50 - [MESSAGE][PASSED] - Object 'Object Repository/FDR-Receipt/FDR-ReceiptBatch/receiptNotes' is present

2020-09-15 14:36:50 - [MESSAGE][PASSED] - Text 'rqewrq' is set on object 'Object Repository/FDR-Receipt/FDR-ReceiptBatch/receiptNotes'

2020-09-15 14:36:51 - [MESSAGE][PASSED] - Object 'Object Repository/FDR-Receipt/FDR-Receipt-Header/Edit/remmitanceAdviceInput' is present

2020-09-15 14:36:51 - [MESSAGE][PASSED] - Keys '' sent to object: 'Object Repository/FDR-Receipt/FDR-Receipt-Header/Edit/remmitanceAdviceInput'

2020-09-15 14:36:52 - [MESSAGE][PASSED] - Object 'Object Repository/FDR-Receipt/FDR-Receipt-Header/Edit/controllerReceiptInput' is present

2020-09-15 14:36:52 - [MESSAGE][PASSED] - Keys '' sent to object: 'Object Repository/FDR-Receipt/FDR-Receipt-Header/Edit/controllerReceiptInput'

2020-09-15 14:36:52 - [MESSAGE][PASSED] - Object 'Object Repository/FDR-Receipt/FDR-Receipt-Header/View/buttonNext' is present

2020-09-15 14:36:53 - [MESSAGE][PASSED] - Object: 'Object Repository/FDR-Receipt/FDR-Receipt-Header/View/buttonNext' is clicked on

2020-09-15 14:36:53 - [TEST_STEP][PASSED] - editors.createReceiptline(ReceiptID, SupplierID, DepositDate): Object: 'Object Repository/FDR-Receipt/FDR-Receipt-Checkline/View/addReceipt_Button2' is clicked on

2020-09-15 14:36:54 - [MESSAGE][PASSED] - Object 'Object Repository/FDR-Receipt/FDR-Receipt-Checkline/View/receipt_ID' is present

2020-09-15 14:36:54 - [MESSAGE][PASSED] - Keys 'CHK10322' sent to object: 'Object Repository/FDR-Receipt/FDR-Receipt-Checkline/View/receipt_ID'

2020-09-15 14:36:55 - [MESSAGE][PASSED] - Object 'Object Repository/FDR-Receipt/FDR-Receipt-Checkline/View/supplier_Id' is present

2020-09-15 14:36:55 - [MESSAGE][PASSED] - Object: 'Object Repository/FDR-Receipt/FDR-Receipt-Checkline/View/supplier_Id' is clicked on

2020-09-15 14:36:55 - [MESSAGE][PASSED] - Keys '0000007954' sent to object: 'Object Repository/FDR-Receipt/FDR-Receipt-Checkline/View/supplier_Id'

2020-09-15 14:36:56 - [MESSAGE][PASSED] - Keys 'DOWN + ENTER + ' sent to object: 'Object Repository/FDR-Receipt/FDR-Receipt-Checkline/View/supplier_Id'

2020-09-15 14:36:56 - [MESSAGE][PASSED] - Object 'Object Repository/FDR-Receipt/FDR-Receipt-Checkline/View/deposit_Date' is present

2020-09-15 14:36:57 - [MESSAGE][PASSED] - Keys '02/24/2020' sent to object: 'Object Repository/FDR-Receipt/FDR-Receipt-Checkline/View/deposit_Date'

2020-09-15 14:37:02 - [MESSAGE][INFO] - Unable to find the element located by 'By.xpath: //*[@data-id='button-link']//*[contains(text(),'Create New Voucher')]'. Please recheck the objects properties to make sure the desired element is located. 

2020-09-15 14:37:02 - [MESSAGE][WARNING] - Object 'Object Repository/FDR-Dashboard/createNewVoucherButton' is not present after 4 second(s)

2020-09-15 14:37:02 - [MESSAGE][PASSED] - Object 'Object Repository/FDR-Receipt/FDR-Receipt-Checkline/View/addReceipt_Button2' is present

2020-09-15 14:37:02 - [MESSAGE][PASSED] - Object: 'Object Repository/FDR-Receipt/FDR-Receipt-Checkline/View/addReceipt_Button2' is clicked on

2020-09-15 14:37:02 - [TEST_STEP][PASSED] - verifyElementClickable(findTestObject("FDR-Receipt/FDR-Receipt-DistributionLine/FDR-AddEdit-DistributionLine/arrow_Down"), STOP_ON_FAILURE): Object 'Object Repository/FDR-Receipt/FDR-Receipt-DistributionLine/FDR-AddEdit-DistributionLine/arrow_Down' is clickable

2020-09-15 14:37:03 - [MESSAGE][PASSED] - Object 'Object Repository/FDR-Receipt/FDR-Receipt-DistributionLine/FDR-AddEdit-DistributionLine/arrow_Down' is clickable

2020-09-15 14:37:03 - [TEST_STEP][PASSED] - click(findTestObject("FDR-Receipt/FDR-Receipt-DistributionLine/FDR-AddEdit-DistributionLine/arrow_Down"), STOP_ON_FAILURE): Object: 'Object Repository/FDR-Receipt/FDR-Receipt-DistributionLine/FDR-AddEdit-DistributionLine/arrow_Down' is clicked on

2020-09-15 14:37:03 - [MESSAGE][PASSED] - Object: 'Object Repository/FDR-Receipt/FDR-Receipt-DistributionLine/FDR-AddEdit-DistributionLine/arrow_Down' is clicked on

2020-09-15 14:37:03 - [TEST_STEP][PASSED] - waitForElementPresent(findTestObject("FDR-Receipt/FDR-Receipt-Checkline/View/deposit_Control_Amount"), 10): Object 'Object Repository/FDR-Receipt/FDR-Receipt-Checkline/View/deposit_Control_Amount' is present

2020-09-15 14:37:04 - [MESSAGE][PASSED] - Object 'Object Repository/FDR-Receipt/FDR-Receipt-Checkline/View/deposit_Control_Amount' is present

2020-09-15 14:37:04 - [TEST_STEP][PASSED] - Receipttotalbefaddwith$ = getText(findTestObject("FDR-Receipt/FDR-Receipt-Checkline/View/deposit_Control_Amount")): Text of object 'Object Repository/FDR-Receipt/FDR-Receipt-Checkline/View/deposit_Control_Amount' is: '$0.00'

2020-09-15 14:37:05 - [MESSAGE][PASSED] - Text of object 'Object Repository/FDR-Receipt/FDR-Receipt-Checkline/View/deposit_Control_Amount' is: '$0.00'

2020-09-15 14:37:05 - [TEST_STEP][PASSED] - Receipttotalbefaddwithout$ = Receipttotalbefaddwith$.substring(1): null

2020-09-15 14:37:05 - [TEST_STEP][PASSED] - ReceipttotalbefaddwithoutComma = Receipttotalbefaddwithout$.replaceAll(",", ""): null

2020-09-15 14:37:05 - [TEST_STEP][PASSED] - Receipttotalbefreceiptlineadd = Float.parseFloat(ReceipttotalbefaddwithoutComma): null

2020-09-15 14:37:05 - [TEST_STEP][PASSED] - waitForElementPresent(findTestObject("FDR-Receipt/FDR-Receipt-DistributionLine/FDR-AddEdit-DistributionLine/button_Add-Invoiceline"), 10): Object 'Object Repository/FDR-Receipt/FDR-Receipt-DistributionLine/FDR-AddEdit-DistributionLine/button_Add-Invoiceline' is present

2020-09-15 14:37:05 - [MESSAGE][PASSED] - Object 'Object Repository/FDR-Receipt/FDR-Receipt-DistributionLine/FDR-AddEdit-DistributionLine/button_Add-Invoiceline' is present

2020-09-15 14:37:05 - [TEST_STEP][PASSED] - scrollToElement(findTestObject("FDR-Receipt/FDR-Receipt-DistributionLine/FDR-AddEdit-DistributionLine/button_Add-Invoiceline"), 3): Scroll to object 'Object Repository/FDR-Receipt/FDR-Receipt-DistributionLine/FDR-AddEdit-DistributionLine/button_Add-Invoiceline' successfully

2020-09-15 14:37:05 - [MESSAGE][PASSED] - Scroll to object 'Object Repository/FDR-Receipt/FDR-Receipt-DistributionLine/FDR-AddEdit-DistributionLine/button_Add-Invoiceline' successfully

2020-09-15 14:37:05 - [TEST_STEP][PASSED] - verifyElementClickable(findTestObject("FDR-Receipt/FDR-Receipt-DistributionLine/FDR-AddEdit-DistributionLine/button_Add-Invoiceline"), STOP_ON_FAILURE): Object 'Object Repository/FDR-Receipt/FDR-Receipt-DistributionLine/FDR-AddEdit-DistributionLine/button_Add-Invoiceline' is clickable

2020-09-15 14:37:05 - [MESSAGE][PASSED] - Object 'Object Repository/FDR-Receipt/FDR-Receipt-DistributionLine/FDR-AddEdit-DistributionLine/button_Add-Invoiceline' is clickable

2020-09-15 14:37:05 - [TEST_STEP][PASSED] - click(findTestObject("FDR-Receipt/FDR-Receipt-DistributionLine/FDR-AddEdit-DistributionLine/button_Add-Invoiceline"), STOP_ON_FAILURE): Object: 'Object Repository/FDR-Receipt/FDR-Receipt-DistributionLine/FDR-AddEdit-DistributionLine/button_Add-Invoiceline' is clicked on

2020-09-15 14:37:06 - [MESSAGE][PASSED] - Object: 'Object Repository/FDR-Receipt/FDR-Receipt-DistributionLine/FDR-AddEdit-DistributionLine/button_Add-Invoiceline' is clicked on

2020-09-15 14:37:06 - [TEST_STEP][PASSED] - waitForElementPresent(findTestObject("FDR-Receipt/FDR-Receipt-DistributionLine/FDR-AddEdit-DistributionLine/invoice_Searchfield"), 10): Object 'Object Repository/FDR-Receipt/FDR-Receipt-DistributionLine/FDR-AddEdit-DistributionLine/invoice_Searchfield' is present

2020-09-15 14:37:06 - [MESSAGE][PASSED] - Object 'Object Repository/FDR-Receipt/FDR-Receipt-DistributionLine/FDR-AddEdit-DistributionLine/invoice_Searchfield' is present

2020-09-15 14:37:06 - [TEST_STEP][PASSED] - sendKeys(findTestObject("FDR-Receipt/FDR-Receipt-DistributionLine/FDR-AddEdit-DistributionLine/invoice_Searchfield"), searchfield): Keys '524342' sent to object: 'Object Repository/FDR-Receipt/FDR-Receipt-DistributionLine/FDR-AddEdit-DistributionLine/invoice_Searchfield'

2020-09-15 14:37:07 - [MESSAGE][PASSED] - Keys '524342' sent to object: 'Object Repository/FDR-Receipt/FDR-Receipt-DistributionLine/FDR-AddEdit-DistributionLine/invoice_Searchfield'

2020-09-15 14:37:07 - [TEST_STEP][PASSED] - click(findTestObject("FDR-Receipt/FDR-Receipt-DistributionLine/FDR-AddEdit-DistributionLine/button_Add_invoicemanually")): Object: 'Object Repository/FDR-Receipt/FDR-Receipt-DistributionLine/FDR-AddEdit-DistributionLine/button_Add_invoicemanually' is clicked on

2020-09-15 14:37:08 - [MESSAGE][PASSED] - Object: 'Object Repository/FDR-Receipt/FDR-Receipt-DistributionLine/FDR-AddEdit-DistributionLine/button_Add_invoicemanually' is clicked on

2020-09-15 14:37:08 - [TEST_STEP][PASSED] - waitForElementPresent(findTestObject("FDR-Receipt/FDR-Receipt-DistributionLine/FDR-AddEdit-DistributionLine/input_Service date (from)"), 10): Object 'Object Repository/FDR-Receipt/FDR-Receipt-DistributionLine/FDR-AddEdit-DistributionLine/input_Service date (from)' is present

2020-09-15 14:37:08 - [MESSAGE][PASSED] - Object 'Object Repository/FDR-Receipt/FDR-Receipt-DistributionLine/FDR-AddEdit-DistributionLine/input_Service date (from)' is present

2020-09-15 14:37:08 - [TEST_STEP][PASSED] - sendKeys(findTestObject("FDR-Receipt/FDR-Receipt-DistributionLine/FDR-AddEdit-DistributionLine/input_Service date (from)"), servicedatefrom): Keys '09/16/2020' sent to object: 'Object Repository/FDR-Receipt/FDR-Receipt-DistributionLine/FDR-AddEdit-DistributionLine/input_Service date (from)'

2020-09-15 14:37:09 - [MESSAGE][PASSED] - Keys '09/16/2020' sent to object: 'Object Repository/FDR-Receipt/FDR-Receipt-DistributionLine/FDR-AddEdit-DistributionLine/input_Service date (from)'

2020-09-15 14:37:09 - [TEST_STEP][PASSED] - waitForElementPresent(findTestObject("FDR-Receipt/FDR-Receipt-DistributionLine/FDR-AddEdit-DistributionLine/input_Service date (to)"), 10): Object 'Object Repository/FDR-Receipt/FDR-Receipt-DistributionLine/FDR-AddEdit-DistributionLine/input_Service date (to)' is present

2020-09-15 14:37:09 - [MESSAGE][PASSED] - Object 'Object Repository/FDR-Receipt/FDR-Receipt-DistributionLine/FDR-AddEdit-DistributionLine/input_Service date (to)' is present

2020-09-15 14:37:09 - [TEST_STEP][PASSED] - sendKeys(findTestObject("FDR-Receipt/FDR-Receipt-DistributionLine/FDR-AddEdit-DistributionLine/input_Service date (to)"), servicedateto): Keys '09/17/2020' sent to object: 'Object Repository/FDR-Receipt/FDR-Receipt-DistributionLine/FDR-AddEdit-DistributionLine/input_Service date (to)'

2020-09-15 14:37:10 - [MESSAGE][PASSED] - Keys '09/17/2020' sent to object: 'Object Repository/FDR-Receipt/FDR-Receipt-DistributionLine/FDR-AddEdit-DistributionLine/input_Service date (to)'

2020-09-15 14:37:10 - [TEST_STEP][PASSED] - waitForElementPresent(findTestObject("FDR-Receipt/FDR-Receipt-DistributionLine/FDR-AddEdit-DistributionLine/input_OrginalWarrantDate"), 10): Object 'Object Repository/FDR-Receipt/FDR-Receipt-DistributionLine/FDR-AddEdit-DistributionLine/input_OrginalWarrantDate' is present

2020-09-15 14:37:10 - [MESSAGE][PASSED] - Object 'Object Repository/FDR-Receipt/FDR-Receipt-DistributionLine/FDR-AddEdit-DistributionLine/input_OrginalWarrantDate' is present

2020-09-15 14:37:10 - [TEST_STEP][PASSED] - sendKeys(findTestObject("FDR-Receipt/FDR-Receipt-DistributionLine/FDR-AddEdit-DistributionLine/input_OrginalWarrantDate"), originalwarrantdate): Keys '09/17/2020' sent to object: 'Object Repository/FDR-Receipt/FDR-Receipt-DistributionLine/FDR-AddEdit-DistributionLine/input_OrginalWarrantDate'

2020-09-15 14:37:11 - [MESSAGE][PASSED] - Keys '09/17/2020' sent to object: 'Object Repository/FDR-Receipt/FDR-Receipt-DistributionLine/FDR-AddEdit-DistributionLine/input_OrginalWarrantDate'

2020-09-15 14:37:11 - [TEST_STEP][PASSED] - waitForElementPresent(findTestObject("FDR-Receipt/FDR-Receipt-DistributionLine/FDR-AddEdit-DistributionLine/input_Amount"), 10): Object 'Object Repository/FDR-Receipt/FDR-Receipt-DistributionLine/FDR-AddEdit-DistributionLine/input_Amount' is present

2020-09-15 14:37:11 - [MESSAGE][PASSED] - Object 'Object Repository/FDR-Receipt/FDR-Receipt-DistributionLine/FDR-AddEdit-DistributionLine/input_Amount' is present

2020-09-15 14:37:11 - [TEST_STEP][PASSED] - sendKeys(findTestObject("FDR-Receipt/FDR-Receipt-DistributionLine/FDR-AddEdit-DistributionLine/input_Amount"), Amount): Keys '3000' sent to object: 'Object Repository/FDR-Receipt/FDR-Receipt-DistributionLine/FDR-AddEdit-DistributionLine/input_Amount'

2020-09-15 14:37:12 - [MESSAGE][PASSED] - Keys '3000' sent to object: 'Object Repository/FDR-Receipt/FDR-Receipt-DistributionLine/FDR-AddEdit-DistributionLine/input_Amount'

2020-09-15 14:37:12 - [TEST_STEP][PASSED] - waitForElementPresent(findTestObject("FDR-Receipt/FDR-Receipt-DistributionLine/FDR-AddEdit-DistributionLine/waiver_Type"), 10): Object 'Object Repository/FDR-Receipt/FDR-Receipt-DistributionLine/FDR-AddEdit-DistributionLine/waiver_Type' is present

2020-09-15 14:37:12 - [MESSAGE][PASSED] - Object 'Object Repository/FDR-Receipt/FDR-Receipt-DistributionLine/FDR-AddEdit-DistributionLine/waiver_Type' is present

2020-09-15 14:37:12 - [TEST_STEP][PASSED] - waitForElementPresent(findTestObject("FDR-Receipt/FDR-Receipt-DistributionLine/FDR-AddEdit-DistributionLine/waiver_Type"), 8): Object 'Object Repository/FDR-Receipt/FDR-Receipt-DistributionLine/FDR-AddEdit-DistributionLine/waiver_Type' is present

2020-09-15 14:37:12 - [MESSAGE][PASSED] - Object 'Object Repository/FDR-Receipt/FDR-Receipt-DistributionLine/FDR-AddEdit-DistributionLine/waiver_Type' is present

2020-09-15 14:37:12 - [TEST_STEP][PASSED] - sendKeys(findTestObject("FDR-Receipt/FDR-Receipt-DistributionLine/FDR-AddEdit-DistributionLine/waiver_Type"), Waivertype): Keys '2020' sent to object: 'Object Repository/FDR-Receipt/FDR-Receipt-DistributionLine/FDR-AddEdit-DistributionLine/waiver_Type'

2020-09-15 14:37:13 - [MESSAGE][PASSED] - Keys '2020' sent to object: 'Object Repository/FDR-Receipt/FDR-Receipt-DistributionLine/FDR-AddEdit-DistributionLine/waiver_Type'

2020-09-15 14:37:13 - [TEST_STEP][PASSED] - sendKeys(findTestObject("FDR-Receipt/FDR-Receipt-DistributionLine/FDR-AddEdit-DistributionLine/waiver_Type"), Keys.chord(DOWN, ENTER)): Keys 'DOWN + ENTER + ' sent to object: 'Object Repository/FDR-Receipt/FDR-Receipt-DistributionLine/FDR-AddEdit-DistributionLine/waiver_Type'

2020-09-15 14:37:13 - [MESSAGE][PASSED] - Keys 'DOWN + ENTER + ' sent to object: 'Object Repository/FDR-Receipt/FDR-Receipt-DistributionLine/FDR-AddEdit-DistributionLine/waiver_Type'

2020-09-15 14:37:13 - [TEST_STEP][PASSED] - waitForElementPresent(findTestObject("FDR-Receipt/FDR-Receipt-DistributionLine/FDR-AddEdit-DistributionLine/waiver_Name"), 6): Object 'Object Repository/FDR-Receipt/FDR-Receipt-DistributionLine/FDR-AddEdit-DistributionLine/waiver_Name' is present

2020-09-15 14:37:13 - [MESSAGE][PASSED] - Object 'Object Repository/FDR-Receipt/FDR-Receipt-DistributionLine/FDR-AddEdit-DistributionLine/waiver_Name' is present

2020-09-15 14:37:13 - [TEST_STEP][PASSED] - sendKeys(findTestObject("FDR-Receipt/FDR-Receipt-DistributionLine/FDR-AddEdit-DistributionLine/waiver_Name"), Waivername): Keys 'A-FamilyU TPM/GMC' sent to object: 'Object Repository/FDR-Receipt/FDR-Receipt-DistributionLine/FDR-AddEdit-DistributionLine/waiver_Name'

2020-09-15 14:37:14 - [MESSAGE][PASSED] - Keys 'A-FamilyU TPM/GMC' sent to object: 'Object Repository/FDR-Receipt/FDR-Receipt-DistributionLine/FDR-AddEdit-DistributionLine/waiver_Name'

2020-09-15 14:37:14 - [TEST_STEP][PASSED] - sendKeys(findTestObject("FDR-Receipt/FDR-Receipt-DistributionLine/FDR-AddEdit-DistributionLine/waiver_Name"), Keys.chord(DOWN, ENTER)): Keys 'DOWN + ENTER + ' sent to object: 'Object Repository/FDR-Receipt/FDR-Receipt-DistributionLine/FDR-AddEdit-DistributionLine/waiver_Name'

2020-09-15 14:37:14 - [MESSAGE][PASSED] - Keys 'DOWN + ENTER + ' sent to object: 'Object Repository/FDR-Receipt/FDR-Receipt-DistributionLine/FDR-AddEdit-DistributionLine/waiver_Name'

2020-09-15 14:37:14 - [TEST_STEP][PASSED] - waitForElementPresent(findTestObject("FDR-Receipt/FDR-Receipt-DistributionLine/FDR-AddEdit-DistributionLine/funding_Source"), 6): Object 'Object Repository/FDR-Receipt/FDR-Receipt-DistributionLine/FDR-AddEdit-DistributionLine/funding_Source' is present

2020-09-15 14:37:15 - [MESSAGE][PASSED] - Object 'Object Repository/FDR-Receipt/FDR-Receipt-DistributionLine/FDR-AddEdit-DistributionLine/funding_Source' is present

2020-09-15 14:37:15 - [TEST_STEP][PASSED] - sendKeys(findTestObject("FDR-Receipt/FDR-Receipt-DistributionLine/FDR-AddEdit-DistributionLine/funding_Source"), Fundingsource): Keys 'Dental' sent to object: 'Object Repository/FDR-Receipt/FDR-Receipt-DistributionLine/FDR-AddEdit-DistributionLine/funding_Source'

2020-09-15 14:37:15 - [MESSAGE][PASSED] - Keys 'Dental' sent to object: 'Object Repository/FDR-Receipt/FDR-Receipt-DistributionLine/FDR-AddEdit-DistributionLine/funding_Source'

2020-09-15 14:37:15 - [TEST_STEP][PASSED] - sendKeys(findTestObject("FDR-Receipt/FDR-Receipt-DistributionLine/FDR-AddEdit-DistributionLine/funding_Source"), Keys.chord(DOWN, ENTER)): Keys 'DOWN + ENTER + ' sent to object: 'Object Repository/FDR-Receipt/FDR-Receipt-DistributionLine/FDR-AddEdit-DistributionLine/funding_Source'

2020-09-15 14:37:16 - [MESSAGE][PASSED] - Keys 'DOWN + ENTER + ' sent to object: 'Object Repository/FDR-Receipt/FDR-Receipt-DistributionLine/FDR-AddEdit-DistributionLine/funding_Source'

2020-09-15 14:37:16 - [TEST_STEP][PASSED] - waitForElementPresent(findTestObject("FDR-Receipt/FDR-Receipt-DistributionLine/FDR-AddEdit-DistributionLine/fund_Code"), 30): Object 'Object Repository/FDR-Receipt/FDR-Receipt-DistributionLine/FDR-AddEdit-DistributionLine/fund_Code' is present

2020-09-15 14:37:16 - [MESSAGE][PASSED] - Object 'Object Repository/FDR-Receipt/FDR-Receipt-DistributionLine/FDR-AddEdit-DistributionLine/fund_Code' is present

2020-09-15 14:37:16 - [TEST_STEP][PASSED] - sendKeys(findTestObject("FDR-Receipt/FDR-Receipt-DistributionLine/FDR-AddEdit-DistributionLine/fund_Code"), Fundcode): Keys 'Health Care Deposit Fund (0912)' sent to object: 'Object Repository/FDR-Receipt/FDR-Receipt-DistributionLine/FDR-AddEdit-DistributionLine/fund_Code'

2020-09-15 14:37:17 - [MESSAGE][PASSED] - Keys 'Health Care Deposit Fund (0912)' sent to object: 'Object Repository/FDR-Receipt/FDR-Receipt-DistributionLine/FDR-AddEdit-DistributionLine/fund_Code'

2020-09-15 14:37:17 - [TEST_STEP][PASSED] - sendKeys(findTestObject("FDR-Receipt/FDR-Receipt-DistributionLine/FDR-AddEdit-DistributionLine/fund_Code"), Keys.chord(DOWN, ENTER)): Keys 'DOWN + ENTER + ' sent to object: 'Object Repository/FDR-Receipt/FDR-Receipt-DistributionLine/FDR-AddEdit-DistributionLine/fund_Code'

2020-09-15 14:37:17 - [MESSAGE][PASSED] - Keys 'DOWN + ENTER + ' sent to object: 'Object Repository/FDR-Receipt/FDR-Receipt-DistributionLine/FDR-AddEdit-DistributionLine/fund_Code'

2020-09-15 14:37:17 - [TEST_STEP][PASSED] - waitForElementPresent(findTestObject("FDR-Receipt/FDR-Receipt-DistributionLine/FDR-AddEdit-DistributionLine/fund_Ratio"), 10): Object 'Object Repository/FDR-Receipt/FDR-Receipt-DistributionLine/FDR-AddEdit-DistributionLine/fund_Ratio' is present

2020-09-15 14:37:18 - [MESSAGE][PASSED] - Object 'Object Repository/FDR-Receipt/FDR-Receipt-DistributionLine/FDR-AddEdit-DistributionLine/fund_Ratio' is present

2020-09-15 14:37:18 - [TEST_STEP][PASSED] - sendKeys(findTestObject("FDR-Receipt/FDR-Receipt-DistributionLine/FDR-AddEdit-DistributionLine/fund_Ratio"), Fundratio): Keys '5' sent to object: 'Object Repository/FDR-Receipt/FDR-Receipt-DistributionLine/FDR-AddEdit-DistributionLine/fund_Ratio'

2020-09-15 14:37:18 - [MESSAGE][PASSED] - Keys '5' sent to object: 'Object Repository/FDR-Receipt/FDR-Receipt-DistributionLine/FDR-AddEdit-DistributionLine/fund_Ratio'

2020-09-15 14:37:18 - [TEST_STEP][PASSED] - sendKeys(findTestObject("FDR-Receipt/FDR-Receipt-DistributionLine/FDR-AddEdit-DistributionLine/fund_Ratio"), Keys.chord(DOWN, ENTER)): Keys 'DOWN + ENTER + ' sent to object: 'Object Repository/FDR-Receipt/FDR-Receipt-DistributionLine/FDR-AddEdit-DistributionLine/fund_Ratio'

2020-09-15 14:37:18 - [MESSAGE][PASSED] - Keys 'DOWN + ENTER + ' sent to object: 'Object Repository/FDR-Receipt/FDR-Receipt-DistributionLine/FDR-AddEdit-DistributionLine/fund_Ratio'

2020-09-15 14:37:18 - [TEST_STEP][PASSED] - waitForElementPresent(findTestObject("FDR-Receipt/FDR-Receipt-DistributionLine/FDR-AddEdit-DistributionLine/non_Federalfund"), 10): Object 'Object Repository/FDR-Receipt/FDR-Receipt-DistributionLine/FDR-AddEdit-DistributionLine/non_Federalfund' is present

2020-09-15 14:37:19 - [MESSAGE][PASSED] - Object 'Object Repository/FDR-Receipt/FDR-Receipt-DistributionLine/FDR-AddEdit-DistributionLine/non_Federalfund' is present

2020-09-15 14:37:19 - [TEST_STEP][PASSED] - sendKeys(findTestObject("FDR-Receipt/FDR-Receipt-DistributionLine/FDR-AddEdit-DistributionLine/non_Federalfund"), Nonfederalfund): Keys '0001' sent to object: 'Object Repository/FDR-Receipt/FDR-Receipt-DistributionLine/FDR-AddEdit-DistributionLine/non_Federalfund'

2020-09-15 14:37:19 - [MESSAGE][PASSED] - Keys '0001' sent to object: 'Object Repository/FDR-Receipt/FDR-Receipt-DistributionLine/FDR-AddEdit-DistributionLine/non_Federalfund'

2020-09-15 14:37:19 - [TEST_STEP][PASSED] - sendKeys(findTestObject("FDR-Receipt/FDR-Receipt-DistributionLine/FDR-AddEdit-DistributionLine/non_Federalfund"), Keys.chord(DOWN, ENTER)): Keys 'DOWN + ENTER + ' sent to object: 'Object Repository/FDR-Receipt/FDR-Receipt-DistributionLine/FDR-AddEdit-DistributionLine/non_Federalfund'

2020-09-15 14:37:20 - [MESSAGE][PASSED] - Keys 'DOWN + ENTER + ' sent to object: 'Object Repository/FDR-Receipt/FDR-Receipt-DistributionLine/FDR-AddEdit-DistributionLine/non_Federalfund'

2020-09-15 14:37:20 - [TEST_STEP][PASSED] - waitForElementPresent(findTestObject("FDR-Receipt/FDR-Receipt-DistributionLine/FDR-AddEdit-DistributionLine/input_Service location_serviceLocation"), 10): Object 'Object Repository/FDR-Receipt/FDR-Receipt-DistributionLine/FDR-AddEdit-DistributionLine/input_Service location_serviceLocation' is present

2020-09-15 14:37:20 - [MESSAGE][PASSED] - Object 'Object Repository/FDR-Receipt/FDR-Receipt-DistributionLine/FDR-AddEdit-DistributionLine/input_Service location_serviceLocation' is present

2020-09-15 14:37:20 - [TEST_STEP][PASSED] - sendKeys(findTestObject("FDR-Receipt/FDR-Receipt-DistributionLine/FDR-AddEdit-DistributionLine/input_Service location_serviceLocation"), Servicelocation): Keys '3445' sent to object: 'Object Repository/FDR-Receipt/FDR-Receipt-DistributionLine/FDR-AddEdit-DistributionLine/input_Service location_serviceLocation'

2020-09-15 14:37:21 - [MESSAGE][PASSED] - Keys '3445' sent to object: 'Object Repository/FDR-Receipt/FDR-Receipt-DistributionLine/FDR-AddEdit-DistributionLine/input_Service location_serviceLocation'

2020-09-15 14:37:21 - [TEST_STEP][PASSED] - sendKeys(findTestObject("FDR-Receipt/FDR-Receipt-DistributionLine/FDR-AddEdit-DistributionLine/input_Service location_serviceLocation"), Keys.chord(DOWN, ENTER)): Keys 'DOWN + ENTER + ' sent to object: 'Object Repository/FDR-Receipt/FDR-Receipt-DistributionLine/FDR-AddEdit-DistributionLine/input_Service location_serviceLocation'

2020-09-15 14:37:21 - [MESSAGE][PASSED] - Keys 'DOWN + ENTER + ' sent to object: 'Object Repository/FDR-Receipt/FDR-Receipt-DistributionLine/FDR-AddEdit-DistributionLine/input_Service location_serviceLocation'

2020-09-15 14:37:21 - [TEST_STEP][PASSED] - waitForElementPresent(findTestObject("FDR-Receipt/FDR-Receipt-DistributionLine/FDR-AddEdit-DistributionLine/Index"), 10): Object 'Object Repository/FDR-Receipt/FDR-Receipt-DistributionLine/FDR-AddEdit-DistributionLine/Index' is present

2020-09-15 14:37:21 - [MESSAGE][PASSED] - Object 'Object Repository/FDR-Receipt/FDR-Receipt-DistributionLine/FDR-AddEdit-DistributionLine/Index' is present

2020-09-15 14:37:21 - [TEST_STEP][PASSED] - sendKeys(findTestObject("FDR-Receipt/FDR-Receipt-DistributionLine/FDR-AddEdit-DistributionLine/Index"), Index): Keys '1155' sent to object: 'Object Repository/FDR-Receipt/FDR-Receipt-DistributionLine/FDR-AddEdit-DistributionLine/Index'

2020-09-15 14:37:22 - [MESSAGE][PASSED] - Keys '1155' sent to object: 'Object Repository/FDR-Receipt/FDR-Receipt-DistributionLine/FDR-AddEdit-DistributionLine/Index'

2020-09-15 14:37:22 - [TEST_STEP][PASSED] - sendKeys(findTestObject("FDR-Receipt/FDR-Receipt-DistributionLine/FDR-AddEdit-DistributionLine/Index"), Keys.chord(DOWN, ENTER)): Keys 'DOWN + ENTER + ' sent to object: 'Object Repository/FDR-Receipt/FDR-Receipt-DistributionLine/FDR-AddEdit-DistributionLine/Index'

2020-09-15 14:37:22 - [MESSAGE][PASSED] - Keys 'DOWN + ENTER + ' sent to object: 'Object Repository/FDR-Receipt/FDR-Receipt-DistributionLine/FDR-AddEdit-DistributionLine/Index'

2020-09-15 14:37:22 - [TEST_STEP][PASSED] - waitForElementPresent(findTestObject("FDR-Receipt/FDR-Receipt-DistributionLine/FDR-AddEdit-DistributionLine/program_Type"), 10): Object 'Object Repository/FDR-Receipt/FDR-Receipt-DistributionLine/FDR-AddEdit-DistributionLine/program_Type' is present

2020-09-15 14:37:23 - [MESSAGE][PASSED] - Object 'Object Repository/FDR-Receipt/FDR-Receipt-DistributionLine/FDR-AddEdit-DistributionLine/program_Type' is present

2020-09-15 14:37:23 - [TEST_STEP][PASSED] - sendKeys(findTestObject("FDR-Receipt/FDR-Receipt-DistributionLine/FDR-AddEdit-DistributionLine/program_Type"), Programtype): Keys 'Medical Assistance (MA)' sent to object: 'Object Repository/FDR-Receipt/FDR-Receipt-DistributionLine/FDR-AddEdit-DistributionLine/program_Type'

2020-09-15 14:37:23 - [MESSAGE][PASSED] - Keys 'Medical Assistance (MA)' sent to object: 'Object Repository/FDR-Receipt/FDR-Receipt-DistributionLine/FDR-AddEdit-DistributionLine/program_Type'

2020-09-15 14:37:23 - [TEST_STEP][PASSED] - sendKeys(findTestObject("FDR-Receipt/FDR-Receipt-DistributionLine/FDR-AddEdit-DistributionLine/program_Type"), Keys.chord(DOWN, ENTER)): Keys 'DOWN + ENTER + ' sent to object: 'Object Repository/FDR-Receipt/FDR-Receipt-DistributionLine/FDR-AddEdit-DistributionLine/program_Type'

2020-09-15 14:37:24 - [MESSAGE][PASSED] - Keys 'DOWN + ENTER + ' sent to object: 'Object Repository/FDR-Receipt/FDR-Receipt-DistributionLine/FDR-AddEdit-DistributionLine/program_Type'

2020-09-15 14:37:24 - [TEST_STEP][PASSED] - waitForElementPresent(findTestObject("FDR-Receipt/FDR-Receipt-DistributionLine/FDR-AddEdit-DistributionLine/service_Category"), 10): Object 'Object Repository/FDR-Receipt/FDR-Receipt-DistributionLine/FDR-AddEdit-DistributionLine/service_Category' is present

2020-09-15 14:37:24 - [MESSAGE][PASSED] - Object 'Object Repository/FDR-Receipt/FDR-Receipt-DistributionLine/FDR-AddEdit-DistributionLine/service_Category' is present

2020-09-15 14:37:24 - [TEST_STEP][PASSED] - sendKeys(findTestObject("FDR-Receipt/FDR-Receipt-DistributionLine/FDR-AddEdit-DistributionLine/service_Category"), Servicecategory): Keys '18B1' sent to object: 'Object Repository/FDR-Receipt/FDR-Receipt-DistributionLine/FDR-AddEdit-DistributionLine/service_Category'

2020-09-15 14:37:24 - [MESSAGE][PASSED] - Keys '18B1' sent to object: 'Object Repository/FDR-Receipt/FDR-Receipt-DistributionLine/FDR-AddEdit-DistributionLine/service_Category'

2020-09-15 14:37:24 - [TEST_STEP][PASSED] - sendKeys(findTestObject("FDR-Receipt/FDR-Receipt-DistributionLine/FDR-AddEdit-DistributionLine/service_Category"), Keys.chord(DOWN, ENTER)): Keys 'DOWN + ENTER + ' sent to object: 'Object Repository/FDR-Receipt/FDR-Receipt-DistributionLine/FDR-AddEdit-DistributionLine/service_Category'

2020-09-15 14:37:25 - [MESSAGE][PASSED] - Keys 'DOWN + ENTER + ' sent to object: 'Object Repository/FDR-Receipt/FDR-Receipt-DistributionLine/FDR-AddEdit-DistributionLine/service_Category'

2020-09-15 14:37:25 - [TEST_STEP][PASSED] - waitForElementPresent(findTestObject("FDR-Receipt/FDR-Receipt-DistributionLine/FDR-AddEdit-DistributionLine/increaseDecreaseLine"), 10): Object 'Object Repository/FDR-Receipt/FDR-Receipt-DistributionLine/FDR-AddEdit-DistributionLine/increaseDecreaseLine' is present

2020-09-15 14:37:25 - [MESSAGE][PASSED] - Object 'Object Repository/FDR-Receipt/FDR-Receipt-DistributionLine/FDR-AddEdit-DistributionLine/increaseDecreaseLine' is present

2020-09-15 14:37:25 - [TEST_STEP][PASSED] - sendKeys(findTestObject("FDR-Receipt/FDR-Receipt-DistributionLine/FDR-AddEdit-DistributionLine/increaseDecreaseLine"), IncreaseDecreaseLine): Keys '10b: Receipts or any decrease' sent to object: 'Object Repository/FDR-Receipt/FDR-Receipt-DistributionLine/FDR-AddEdit-DistributionLine/increaseDecreaseLine'

2020-09-15 14:37:26 - [MESSAGE][PASSED] - Keys '10b: Receipts or any decrease' sent to object: 'Object Repository/FDR-Receipt/FDR-Receipt-DistributionLine/FDR-AddEdit-DistributionLine/increaseDecreaseLine'

2020-09-15 14:37:26 - [TEST_STEP][PASSED] - sendKeys(findTestObject("FDR-Receipt/FDR-Receipt-DistributionLine/FDR-AddEdit-DistributionLine/increaseDecreaseLine"), Keys.chord(ARROW_DOWN, ENTER)): Keys 'DOWN + ENTER + ' sent to object: 'Object Repository/FDR-Receipt/FDR-Receipt-DistributionLine/FDR-AddEdit-DistributionLine/increaseDecreaseLine'

2020-09-15 14:37:26 - [MESSAGE][PASSED] - Keys 'DOWN + ENTER + ' sent to object: 'Object Repository/FDR-Receipt/FDR-Receipt-DistributionLine/FDR-AddEdit-DistributionLine/increaseDecreaseLine'

2020-09-15 14:37:26 - [TEST_STEP][PASSED] - waitForElementPresent(findTestObject("FDR-Receipt/FDR-Receipt-DistributionLine/FDR-AddEdit-DistributionLine/input_accountId"), 2, STOP_ON_FAILURE): Object 'Object Repository/FDR-Receipt/FDR-Receipt-DistributionLine/FDR-AddEdit-DistributionLine/input_accountId' is present

2020-09-15 14:37:27 - [MESSAGE][PASSED] - Object 'Object Repository/FDR-Receipt/FDR-Receipt-DistributionLine/FDR-AddEdit-DistributionLine/input_accountId' is present

2020-09-15 14:37:27 - [TEST_STEP][PASSED] - sendKeys(findTestObject("FDR-Receipt/FDR-Receipt-DistributionLine/FDR-AddEdit-DistributionLine/input_accountId"), accountId + Keys.chord(ARROW_DOWN, ENTER)): Keys 'DOWN + ENTER + 5432000' sent to object: 'Object Repository/FDR-Receipt/FDR-Receipt-DistributionLine/FDR-AddEdit-DistributionLine/input_accountId'

2020-09-15 14:37:27 - [MESSAGE][PASSED] - Keys 'DOWN + ENTER + 5432000' sent to object: 'Object Repository/FDR-Receipt/FDR-Receipt-DistributionLine/FDR-AddEdit-DistributionLine/input_accountId'

2020-09-15 14:37:27 - [TEST_STEP][PASSED] - waitForElementPresent(findTestObject("FDR-Receipt/FDR-Receipt-DistributionLine/FDR-AddEdit-DistributionLine/input_altAccountId"), 2, STOP_ON_FAILURE): Object 'Object Repository/FDR-Receipt/FDR-Receipt-DistributionLine/FDR-AddEdit-DistributionLine/input_altAccountId' is present

2020-09-15 14:37:28 - [MESSAGE][PASSED] - Object 'Object Repository/FDR-Receipt/FDR-Receipt-DistributionLine/FDR-AddEdit-DistributionLine/input_altAccountId' is present

2020-09-15 14:37:28 - [TEST_STEP][PASSED] - sendKeys(findTestObject("FDR-Receipt/FDR-Receipt-DistributionLine/FDR-AddEdit-DistributionLine/input_altAccountId"), altAccountId): Keys '5432000019' sent to object: 'Object Repository/FDR-Receipt/FDR-Receipt-DistributionLine/FDR-AddEdit-DistributionLine/input_altAccountId'

2020-09-15 14:37:28 - [MESSAGE][PASSED] - Keys '5432000019' sent to object: 'Object Repository/FDR-Receipt/FDR-Receipt-DistributionLine/FDR-AddEdit-DistributionLine/input_altAccountId'

2020-09-15 14:37:28 - [TEST_STEP][PASSED] - sendKeys(findTestObject("FDR-Receipt/FDR-Receipt-DistributionLine/FDR-AddEdit-DistributionLine/input_altAccountId"), Keys.chord(ARROW_DOWN, ENTER)): Keys 'DOWN + ENTER + ' sent to object: 'Object Repository/FDR-Receipt/FDR-Receipt-DistributionLine/FDR-AddEdit-DistributionLine/input_altAccountId'

2020-09-15 14:37:29 - [MESSAGE][PASSED] - Keys 'DOWN + ENTER + ' sent to object: 'Object Repository/FDR-Receipt/FDR-Receipt-DistributionLine/FDR-AddEdit-DistributionLine/input_altAccountId'

2020-09-15 14:37:29 - [TEST_STEP][PASSED] - waitForElementPresent(findTestObject("FDR-Receipt/FDR-Receipt-DistributionLine/FDR-AddEdit-DistributionLine/button_SaveClose"), 10): Object 'Object Repository/FDR-Receipt/FDR-Receipt-DistributionLine/FDR-AddEdit-DistributionLine/button_SaveClose' is present

2020-09-15 14:37:29 - [MESSAGE][PASSED] - Object 'Object Repository/FDR-Receipt/FDR-Receipt-DistributionLine/FDR-AddEdit-DistributionLine/button_SaveClose' is present

2020-09-15 14:37:29 - [TEST_STEP][PASSED] - waitForElementClickable(findTestObject("FDR-Receipt/FDR-Receipt-DistributionLine/FDR-AddEdit-DistributionLine/button_SaveClose"), 10): Object 'Object Repository/FDR-Receipt/FDR-Receipt-DistributionLine/FDR-AddEdit-DistributionLine/button_SaveClose' is clickable

2020-09-15 14:37:29 - [MESSAGE][PASSED] - Object 'Object Repository/FDR-Receipt/FDR-Receipt-DistributionLine/FDR-AddEdit-DistributionLine/button_SaveClose' is clickable

2020-09-15 14:37:29 - [TEST_STEP][PASSED] - click(findTestObject("FDR-Receipt/FDR-Receipt-DistributionLine/FDR-AddEdit-DistributionLine/button_SaveClose")): Object: 'Object Repository/FDR-Receipt/FDR-Receipt-DistributionLine/FDR-AddEdit-DistributionLine/button_SaveClose' is clicked on

2020-09-15 14:37:30 - [MESSAGE][PASSED] - Object: 'Object Repository/FDR-Receipt/FDR-Receipt-DistributionLine/FDR-AddEdit-DistributionLine/button_SaveClose' is clicked on

2020-09-15 14:37:30 - [TEST_STEP][PASSED] - scrollToElement(findTestObject("FDR-Receipt/FDR-Receipt-DistributionLine/FDR-AddEdit-DistributionLine/button_Add-Invoiceline"), 3): Scroll to object 'Object Repository/FDR-Receipt/FDR-Receipt-DistributionLine/FDR-AddEdit-DistributionLine/button_Add-Invoiceline' successfully

2020-09-15 14:37:31 - [MESSAGE][PASSED] - Scroll to object 'Object Repository/FDR-Receipt/FDR-Receipt-DistributionLine/FDR-AddEdit-DistributionLine/button_Add-Invoiceline' successfully

2020-09-15 14:37:31 - [TEST_STEP][PASSED] - verifyElementClickable(findTestObject("FDR-Receipt/FDR-Receipt-DistributionLine/FDR-AddEdit-DistributionLine/button_Add-Invoiceline"), STOP_ON_FAILURE): Object 'Object Repository/FDR-Receipt/FDR-Receipt-DistributionLine/FDR-AddEdit-DistributionLine/button_Add-Invoiceline' is clickable

2020-09-15 14:37:31 - [MESSAGE][PASSED] - Object 'Object Repository/FDR-Receipt/FDR-Receipt-DistributionLine/FDR-AddEdit-DistributionLine/button_Add-Invoiceline' is clickable

2020-09-15 14:37:31 - [TEST_STEP][PASSED] - click(findTestObject("FDR-Receipt/FDR-Receipt-DistributionLine/FDR-AddEdit-DistributionLine/button_Add-Invoiceline"), STOP_ON_FAILURE): Object: 'Object Repository/FDR-Receipt/FDR-Receipt-DistributionLine/FDR-AddEdit-DistributionLine/button_Add-Invoiceline' is clicked on

2020-09-15 14:37:32 - [MESSAGE][PASSED] - Object: 'Object Repository/FDR-Receipt/FDR-Receipt-DistributionLine/FDR-AddEdit-DistributionLine/button_Add-Invoiceline' is clicked on

2020-09-15 14:37:32 - [TEST_STEP][PASSED] - waitForElementPresent(findTestObject("FDR-Receipt/FDR-Receipt-DistributionLine/FDR-AddEdit-DistributionLine/invoice_Searchfield"), 10): Object 'Object Repository/FDR-Receipt/FDR-Receipt-DistributionLine/FDR-AddEdit-DistributionLine/invoice_Searchfield' is present

2020-09-15 14:37:32 - [MESSAGE][PASSED] - Object 'Object Repository/FDR-Receipt/FDR-Receipt-DistributionLine/FDR-AddEdit-DistributionLine/invoice_Searchfield' is present

2020-09-15 14:37:32 - [TEST_STEP][PASSED] - sendKeys(findTestObject("FDR-Receipt/FDR-Receipt-DistributionLine/FDR-AddEdit-DistributionLine/invoice_Searchfield"), searchfield): Keys '524342' sent to object: 'Object Repository/FDR-Receipt/FDR-Receipt-DistributionLine/FDR-AddEdit-DistributionLine/invoice_Searchfield'

2020-09-15 14:37:33 - [MESSAGE][PASSED] - Keys '524342' sent to object: 'Object Repository/FDR-Receipt/FDR-Receipt-DistributionLine/FDR-AddEdit-DistributionLine/invoice_Searchfield'

2020-09-15 14:37:33 - [TEST_STEP][PASSED] - click(findTestObject("FDR-Receipt/FDR-Receipt-DistributionLine/FDR-AddEdit-DistributionLine/button_Add_invoicemanually")): Object: 'Object Repository/FDR-Receipt/FDR-Receipt-DistributionLine/FDR-AddEdit-DistributionLine/button_Add_invoicemanually' is clicked on

2020-09-15 14:37:34 - [MESSAGE][PASSED] - Object: 'Object Repository/FDR-Receipt/FDR-Receipt-DistributionLine/FDR-AddEdit-DistributionLine/button_Add_invoicemanually' is clicked on

2020-09-15 14:37:34 - [TEST_STEP][PASSED] - waitForElementPresent(findTestObject("FDR-Receipt/FDR-Receipt-DistributionLine/FDR-AddEdit-DistributionLine/input_Service date (from)"), 10): Object 'Object Repository/FDR-Receipt/FDR-Receipt-DistributionLine/FDR-AddEdit-DistributionLine/input_Service date (from)' is present

2020-09-15 14:37:34 - [MESSAGE][PASSED] - Object 'Object Repository/FDR-Receipt/FDR-Receipt-DistributionLine/FDR-AddEdit-DistributionLine/input_Service date (from)' is present

2020-09-15 14:37:34 - [TEST_STEP][PASSED] - sendKeys(findTestObject("FDR-Receipt/FDR-Receipt-DistributionLine/FDR-AddEdit-DistributionLine/input_Service date (from)"), servicedatefrom): Keys '09/16/2020' sent to object: 'Object Repository/FDR-Receipt/FDR-Receipt-DistributionLine/FDR-AddEdit-DistributionLine/input_Service date (from)'

2020-09-15 14:37:35 - [MESSAGE][PASSED] - Keys '09/16/2020' sent to object: 'Object Repository/FDR-Receipt/FDR-Receipt-DistributionLine/FDR-AddEdit-DistributionLine/input_Service date (from)'

2020-09-15 14:37:35 - [TEST_STEP][PASSED] - waitForElementPresent(findTestObject("FDR-Receipt/FDR-Receipt-DistributionLine/FDR-AddEdit-DistributionLine/input_Service date (to)"), 10): Object 'Object Repository/FDR-Receipt/FDR-Receipt-DistributionLine/FDR-AddEdit-DistributionLine/input_Service date (to)' is present

2020-09-15 14:37:35 - [MESSAGE][PASSED] - Object 'Object Repository/FDR-Receipt/FDR-Receipt-DistributionLine/FDR-AddEdit-DistributionLine/input_Service date (to)' is present

2020-09-15 14:37:35 - [TEST_STEP][PASSED] - sendKeys(findTestObject("FDR-Receipt/FDR-Receipt-DistributionLine/FDR-AddEdit-DistributionLine/input_Service date (to)"), servicedateto): Keys '09/17/2020' sent to object: 'Object Repository/FDR-Receipt/FDR-Receipt-DistributionLine/FDR-AddEdit-DistributionLine/input_Service date (to)'

2020-09-15 14:37:36 - [MESSAGE][PASSED] - Keys '09/17/2020' sent to object: 'Object Repository/FDR-Receipt/FDR-Receipt-DistributionLine/FDR-AddEdit-DistributionLine/input_Service date (to)'

2020-09-15 14:37:36 - [TEST_STEP][PASSED] - delay(4): Delayed 4 second(s)

2020-09-15 14:37:40 - [MESSAGE][PASSED] - Delayed 4 second(s)

2020-09-15 14:37:40 - [TEST_STEP][PASSED] - waitForElementPresent(findTestObject("FDR-Receipt/FDR-Receipt-DistributionLine/FDR-AddEdit-DistributionLine/input_Amount"), 10): Object 'Object Repository/FDR-Receipt/FDR-Receipt-DistributionLine/FDR-AddEdit-DistributionLine/input_Amount' is present

2020-09-15 14:37:40 - [MESSAGE][PASSED] - Object 'Object Repository/FDR-Receipt/FDR-Receipt-DistributionLine/FDR-AddEdit-DistributionLine/input_Amount' is present

2020-09-15 14:37:40 - [TEST_STEP][PASSED] - sendKeys(findTestObject("FDR-Receipt/FDR-Receipt-DistributionLine/FDR-AddEdit-DistributionLine/input_Amount"), NegativeAmount): Keys '500-' sent to object: 'Object Repository/FDR-Receipt/FDR-Receipt-DistributionLine/FDR-AddEdit-DistributionLine/input_Amount'

2020-09-15 14:37:40 - [MESSAGE][PASSED] - Keys '500-' sent to object: 'Object Repository/FDR-Receipt/FDR-Receipt-DistributionLine/FDR-AddEdit-DistributionLine/input_Amount'

2020-09-15 14:37:40 - [TEST_STEP][PASSED] - delay(2): Delayed 2 second(s)

2020-09-15 14:37:42 - [MESSAGE][PASSED] - Delayed 2 second(s)

2020-09-15 14:37:42 - [TEST_STEP][PASSED] - waitForElementPresent(findTestObject("FDR-Receipt/FDR-Receipt-DistributionLine/FDR-AddEdit-DistributionLine/waiver_Type"), 10): Object 'Object Repository/FDR-Receipt/FDR-Receipt-DistributionLine/FDR-AddEdit-DistributionLine/waiver_Type' is present

2020-09-15 14:37:43 - [MESSAGE][PASSED] - Object 'Object Repository/FDR-Receipt/FDR-Receipt-DistributionLine/FDR-AddEdit-DistributionLine/waiver_Type' is present

2020-09-15 14:37:43 - [TEST_STEP][PASSED] - waitForElementPresent(findTestObject("FDR-Receipt/FDR-Receipt-DistributionLine/FDR-AddEdit-DistributionLine/waiver_Type"), 8): Object 'Object Repository/FDR-Receipt/FDR-Receipt-DistributionLine/FDR-AddEdit-DistributionLine/waiver_Type' is present

2020-09-15 14:37:43 - [MESSAGE][PASSED] - Object 'Object Repository/FDR-Receipt/FDR-Receipt-DistributionLine/FDR-AddEdit-DistributionLine/waiver_Type' is present

2020-09-15 14:37:43 - [TEST_STEP][PASSED] - sendKeys(findTestObject("FDR-Receipt/FDR-Receipt-DistributionLine/FDR-AddEdit-DistributionLine/waiver_Type"), Waivertype): Keys '2020' sent to object: 'Object Repository/FDR-Receipt/FDR-Receipt-DistributionLine/FDR-AddEdit-DistributionLine/waiver_Type'

2020-09-15 14:37:43 - [MESSAGE][PASSED] - Keys '2020' sent to object: 'Object Repository/FDR-Receipt/FDR-Receipt-DistributionLine/FDR-AddEdit-DistributionLine/waiver_Type'

2020-09-15 14:37:43 - [TEST_STEP][PASSED] - sendKeys(findTestObject("FDR-Receipt/FDR-Receipt-DistributionLine/FDR-AddEdit-DistributionLine/waiver_Type"), Keys.chord(DOWN, ENTER)): Keys 'DOWN + ENTER + ' sent to object: 'Object Repository/FDR-Receipt/FDR-Receipt-DistributionLine/FDR-AddEdit-DistributionLine/waiver_Type'

2020-09-15 14:37:44 - [MESSAGE][PASSED] - Keys 'DOWN + ENTER + ' sent to object: 'Object Repository/FDR-Receipt/FDR-Receipt-DistributionLine/FDR-AddEdit-DistributionLine/waiver_Type'

2020-09-15 14:37:44 - [TEST_STEP][PASSED] - waitForElementPresent(findTestObject("FDR-Receipt/FDR-Receipt-DistributionLine/FDR-AddEdit-DistributionLine/waiver_Name"), 6): Object 'Object Repository/FDR-Receipt/FDR-Receipt-DistributionLine/FDR-AddEdit-DistributionLine/waiver_Name' is present

2020-09-15 14:37:44 - [MESSAGE][PASSED] - Object 'Object Repository/FDR-Receipt/FDR-Receipt-DistributionLine/FDR-AddEdit-DistributionLine/waiver_Name' is present

2020-09-15 14:37:44 - [TEST_STEP][PASSED] - sendKeys(findTestObject("FDR-Receipt/FDR-Receipt-DistributionLine/FDR-AddEdit-DistributionLine/waiver_Name"), Waivername): Keys 'A-FamilyU TPM/GMC' sent to object: 'Object Repository/FDR-Receipt/FDR-Receipt-DistributionLine/FDR-AddEdit-DistributionLine/waiver_Name'

2020-09-15 14:37:45 - [MESSAGE][PASSED] - Keys 'A-FamilyU TPM/GMC' sent to object: 'Object Repository/FDR-Receipt/FDR-Receipt-DistributionLine/FDR-AddEdit-DistributionLine/waiver_Name'

2020-09-15 14:37:45 - [TEST_STEP][PASSED] - sendKeys(findTestObject("FDR-Receipt/FDR-Receipt-DistributionLine/FDR-AddEdit-DistributionLine/waiver_Name"), Keys.chord(DOWN, ENTER)): Keys 'DOWN + ENTER + ' sent to object: 'Object Repository/FDR-Receipt/FDR-Receipt-DistributionLine/FDR-AddEdit-DistributionLine/waiver_Name'

2020-09-15 14:37:45 - [MESSAGE][PASSED] - Keys 'DOWN + ENTER + ' sent to object: 'Object Repository/FDR-Receipt/FDR-Receipt-DistributionLine/FDR-AddEdit-DistributionLine/waiver_Name'

2020-09-15 14:37:45 - [TEST_STEP][PASSED] - waitForElementPresent(findTestObject("FDR-Receipt/FDR-Receipt-DistributionLine/FDR-AddEdit-DistributionLine/funding_Source"), 6): Object 'Object Repository/FDR-Receipt/FDR-Receipt-DistributionLine/FDR-AddEdit-DistributionLine/funding_Source' is present

2020-09-15 14:37:46 - [MESSAGE][PASSED] - Object 'Object Repository/FDR-Receipt/FDR-Receipt-DistributionLine/FDR-AddEdit-DistributionLine/funding_Source' is present

2020-09-15 14:37:46 - [TEST_STEP][PASSED] - sendKeys(findTestObject("FDR-Receipt/FDR-Receipt-DistributionLine/FDR-AddEdit-DistributionLine/funding_Source"), Fundingsource): Keys 'Dental' sent to object: 'Object Repository/FDR-Receipt/FDR-Receipt-DistributionLine/FDR-AddEdit-DistributionLine/funding_Source'

2020-09-15 14:37:46 - [MESSAGE][PASSED] - Keys 'Dental' sent to object: 'Object Repository/FDR-Receipt/FDR-Receipt-DistributionLine/FDR-AddEdit-DistributionLine/funding_Source'

2020-09-15 14:37:46 - [TEST_STEP][PASSED] - sendKeys(findTestObject("FDR-Receipt/FDR-Receipt-DistributionLine/FDR-AddEdit-DistributionLine/funding_Source"), Keys.chord(DOWN, ENTER)): Keys 'DOWN + ENTER + ' sent to object: 'Object Repository/FDR-Receipt/FDR-Receipt-DistributionLine/FDR-AddEdit-DistributionLine/funding_Source'

2020-09-15 14:37:47 - [MESSAGE][PASSED] - Keys 'DOWN + ENTER + ' sent to object: 'Object Repository/FDR-Receipt/FDR-Receipt-DistributionLine/FDR-AddEdit-DistributionLine/funding_Source'

2020-09-15 14:37:47 - [TEST_STEP][PASSED] - waitForElementPresent(findTestObject("FDR-Receipt/FDR-Receipt-DistributionLine/FDR-AddEdit-DistributionLine/fund_Code"), 30): Object 'Object Repository/FDR-Receipt/FDR-Receipt-DistributionLine/FDR-AddEdit-DistributionLine/fund_Code' is present

2020-09-15 14:37:47 - [MESSAGE][PASSED] - Object 'Object Repository/FDR-Receipt/FDR-Receipt-DistributionLine/FDR-AddEdit-DistributionLine/fund_Code' is present

2020-09-15 14:37:47 - [TEST_STEP][PASSED] - sendKeys(findTestObject("FDR-Receipt/FDR-Receipt-DistributionLine/FDR-AddEdit-DistributionLine/fund_Code"), Fundcode): Keys 'Health Care Deposit Fund (0912)' sent to object: 'Object Repository/FDR-Receipt/FDR-Receipt-DistributionLine/FDR-AddEdit-DistributionLine/fund_Code'

2020-09-15 14:37:48 - [MESSAGE][PASSED] - Keys 'Health Care Deposit Fund (0912)' sent to object: 'Object Repository/FDR-Receipt/FDR-Receipt-DistributionLine/FDR-AddEdit-DistributionLine/fund_Code'

2020-09-15 14:37:48 - [TEST_STEP][PASSED] - sendKeys(findTestObject("FDR-Receipt/FDR-Receipt-DistributionLine/FDR-AddEdit-DistributionLine/fund_Code"), Keys.chord(DOWN, ENTER)): Keys 'DOWN + ENTER + ' sent to object: 'Object Repository/FDR-Receipt/FDR-Receipt-DistributionLine/FDR-AddEdit-DistributionLine/fund_Code'

2020-09-15 14:37:48 - [MESSAGE][PASSED] - Keys 'DOWN + ENTER + ' sent to object: 'Object Repository/FDR-Receipt/FDR-Receipt-DistributionLine/FDR-AddEdit-DistributionLine/fund_Code'

2020-09-15 14:37:48 - [TEST_STEP][PASSED] - waitForElementPresent(findTestObject("FDR-Receipt/FDR-Receipt-DistributionLine/FDR-AddEdit-DistributionLine/fund_Ratio"), 10): Object 'Object Repository/FDR-Receipt/FDR-Receipt-DistributionLine/FDR-AddEdit-DistributionLine/fund_Ratio' is present

2020-09-15 14:37:48 - [MESSAGE][PASSED] - Object 'Object Repository/FDR-Receipt/FDR-Receipt-DistributionLine/FDR-AddEdit-DistributionLine/fund_Ratio' is present

2020-09-15 14:37:48 - [TEST_STEP][PASSED] - sendKeys(findTestObject("FDR-Receipt/FDR-Receipt-DistributionLine/FDR-AddEdit-DistributionLine/fund_Ratio"), Fundratio): Keys '5' sent to object: 'Object Repository/FDR-Receipt/FDR-Receipt-DistributionLine/FDR-AddEdit-DistributionLine/fund_Ratio'

2020-09-15 14:37:49 - [MESSAGE][PASSED] - Keys '5' sent to object: 'Object Repository/FDR-Receipt/FDR-Receipt-DistributionLine/FDR-AddEdit-DistributionLine/fund_Ratio'

2020-09-15 14:37:49 - [TEST_STEP][PASSED] - sendKeys(findTestObject("FDR-Receipt/FDR-Receipt-DistributionLine/FDR-AddEdit-DistributionLine/fund_Ratio"), Keys.chord(DOWN, ENTER)): Keys 'DOWN + ENTER + ' sent to object: 'Object Repository/FDR-Receipt/FDR-Receipt-DistributionLine/FDR-AddEdit-DistributionLine/fund_Ratio'

2020-09-15 14:37:49 - [MESSAGE][PASSED] - Keys 'DOWN + ENTER + ' sent to object: 'Object Repository/FDR-Receipt/FDR-Receipt-DistributionLine/FDR-AddEdit-DistributionLine/fund_Ratio'

2020-09-15 14:37:49 - [TEST_STEP][PASSED] - waitForElementPresent(findTestObject("FDR-Receipt/FDR-Receipt-DistributionLine/FDR-AddEdit-DistributionLine/non_Federalfund"), 10): Object 'Object Repository/FDR-Receipt/FDR-Receipt-DistributionLine/FDR-AddEdit-DistributionLine/non_Federalfund' is present

2020-09-15 14:37:50 - [MESSAGE][PASSED] - Object 'Object Repository/FDR-Receipt/FDR-Receipt-DistributionLine/FDR-AddEdit-DistributionLine/non_Federalfund' is present

2020-09-15 14:37:50 - [TEST_STEP][PASSED] - sendKeys(findTestObject("FDR-Receipt/FDR-Receipt-DistributionLine/FDR-AddEdit-DistributionLine/non_Federalfund"), Nonfederalfund): Keys '0001' sent to object: 'Object Repository/FDR-Receipt/FDR-Receipt-DistributionLine/FDR-AddEdit-DistributionLine/non_Federalfund'

2020-09-15 14:37:50 - [MESSAGE][PASSED] - Keys '0001' sent to object: 'Object Repository/FDR-Receipt/FDR-Receipt-DistributionLine/FDR-AddEdit-DistributionLine/non_Federalfund'

2020-09-15 14:37:50 - [TEST_STEP][PASSED] - sendKeys(findTestObject("FDR-Receipt/FDR-Receipt-DistributionLine/FDR-AddEdit-DistributionLine/non_Federalfund"), Keys.chord(DOWN, ENTER)): Keys 'DOWN + ENTER + ' sent to object: 'Object Repository/FDR-Receipt/FDR-Receipt-DistributionLine/FDR-AddEdit-DistributionLine/non_Federalfund'

2020-09-15 14:37:51 - [MESSAGE][PASSED] - Keys 'DOWN + ENTER + ' sent to object: 'Object Repository/FDR-Receipt/FDR-Receipt-DistributionLine/FDR-AddEdit-DistributionLine/non_Federalfund'

2020-09-15 14:37:51 - [TEST_STEP][PASSED] - waitForElementPresent(findTestObject("FDR-Receipt/FDR-Receipt-DistributionLine/FDR-AddEdit-DistributionLine/input_Service location_serviceLocation"), 10): Object 'Object Repository/FDR-Receipt/FDR-Receipt-DistributionLine/FDR-AddEdit-DistributionLine/input_Service location_serviceLocation' is present

2020-09-15 14:37:51 - [MESSAGE][PASSED] - Object 'Object Repository/FDR-Receipt/FDR-Receipt-DistributionLine/FDR-AddEdit-DistributionLine/input_Service location_serviceLocation' is present

2020-09-15 14:37:51 - [TEST_STEP][PASSED] - sendKeys(findTestObject("FDR-Receipt/FDR-Receipt-DistributionLine/FDR-AddEdit-DistributionLine/input_Service location_serviceLocation"), Servicelocation): Keys '3445' sent to object: 'Object Repository/FDR-Receipt/FDR-Receipt-DistributionLine/FDR-AddEdit-DistributionLine/input_Service location_serviceLocation'

2020-09-15 14:37:52 - [MESSAGE][PASSED] - Keys '3445' sent to object: 'Object Repository/FDR-Receipt/FDR-Receipt-DistributionLine/FDR-AddEdit-DistributionLine/input_Service location_serviceLocation'

2020-09-15 14:37:52 - [TEST_STEP][PASSED] - sendKeys(findTestObject("FDR-Receipt/FDR-Receipt-DistributionLine/FDR-AddEdit-DistributionLine/input_Service location_serviceLocation"), Keys.chord(DOWN, ENTER)): Keys 'DOWN + ENTER + ' sent to object: 'Object Repository/FDR-Receipt/FDR-Receipt-DistributionLine/FDR-AddEdit-DistributionLine/input_Service location_serviceLocation'

2020-09-15 14:37:52 - [MESSAGE][PASSED] - Keys 'DOWN + ENTER + ' sent to object: 'Object Repository/FDR-Receipt/FDR-Receipt-DistributionLine/FDR-AddEdit-DistributionLine/input_Service location_serviceLocation'

2020-09-15 14:37:52 - [TEST_STEP][PASSED] - waitForElementPresent(findTestObject("FDR-Receipt/FDR-Receipt-DistributionLine/FDR-AddEdit-DistributionLine/Index"), 10): Object 'Object Repository/FDR-Receipt/FDR-Receipt-DistributionLine/FDR-AddEdit-DistributionLine/Index' is present

2020-09-15 14:37:52 - [MESSAGE][PASSED] - Object 'Object Repository/FDR-Receipt/FDR-Receipt-DistributionLine/FDR-AddEdit-DistributionLine/Index' is present

2020-09-15 14:37:52 - [TEST_STEP][PASSED] - sendKeys(findTestObject("FDR-Receipt/FDR-Receipt-DistributionLine/FDR-AddEdit-DistributionLine/Index"), Index): Keys '1155' sent to object: 'Object Repository/FDR-Receipt/FDR-Receipt-DistributionLine/FDR-AddEdit-DistributionLine/Index'

2020-09-15 14:37:52 - [MESSAGE][PASSED] - Keys '1155' sent to object: 'Object Repository/FDR-Receipt/FDR-Receipt-DistributionLine/FDR-AddEdit-DistributionLine/Index'

2020-09-15 14:37:52 - [TEST_STEP][PASSED] - sendKeys(findTestObject("FDR-Receipt/FDR-Receipt-DistributionLine/FDR-AddEdit-DistributionLine/Index"), Keys.chord(DOWN, ENTER)): Keys 'DOWN + ENTER + ' sent to object: 'Object Repository/FDR-Receipt/FDR-Receipt-DistributionLine/FDR-AddEdit-DistributionLine/Index'

2020-09-15 14:37:53 - [MESSAGE][PASSED] - Keys 'DOWN + ENTER + ' sent to object: 'Object Repository/FDR-Receipt/FDR-Receipt-DistributionLine/FDR-AddEdit-DistributionLine/Index'

2020-09-15 14:37:53 - [TEST_STEP][PASSED] - waitForElementPresent(findTestObject("FDR-Receipt/FDR-Receipt-DistributionLine/FDR-AddEdit-DistributionLine/program_Type"), 10): Object 'Object Repository/FDR-Receipt/FDR-Receipt-DistributionLine/FDR-AddEdit-DistributionLine/program_Type' is present

2020-09-15 14:37:53 - [MESSAGE][PASSED] - Object 'Object Repository/FDR-Receipt/FDR-Receipt-DistributionLine/FDR-AddEdit-DistributionLine/program_Type' is present

2020-09-15 14:37:53 - [TEST_STEP][PASSED] - sendKeys(findTestObject("FDR-Receipt/FDR-Receipt-DistributionLine/FDR-AddEdit-DistributionLine/program_Type"), Programtype): Keys 'Medical Assistance (MA)' sent to object: 'Object Repository/FDR-Receipt/FDR-Receipt-DistributionLine/FDR-AddEdit-DistributionLine/program_Type'

2020-09-15 14:37:54 - [MESSAGE][PASSED] - Keys 'Medical Assistance (MA)' sent to object: 'Object Repository/FDR-Receipt/FDR-Receipt-DistributionLine/FDR-AddEdit-DistributionLine/program_Type'

2020-09-15 14:37:54 - [TEST_STEP][PASSED] - sendKeys(findTestObject("FDR-Receipt/FDR-Receipt-DistributionLine/FDR-AddEdit-DistributionLine/program_Type"), Keys.chord(DOWN, ENTER)): Keys 'DOWN + ENTER + ' sent to object: 'Object Repository/FDR-Receipt/FDR-Receipt-DistributionLine/FDR-AddEdit-DistributionLine/program_Type'

2020-09-15 14:37:54 - [MESSAGE][PASSED] - Keys 'DOWN + ENTER + ' sent to object: 'Object Repository/FDR-Receipt/FDR-Receipt-DistributionLine/FDR-AddEdit-DistributionLine/program_Type'

2020-09-15 14:37:54 - [TEST_STEP][PASSED] - waitForElementPresent(findTestObject("FDR-Receipt/FDR-Receipt-DistributionLine/FDR-AddEdit-DistributionLine/service_Category"), 10): Object 'Object Repository/FDR-Receipt/FDR-Receipt-DistributionLine/FDR-AddEdit-DistributionLine/service_Category' is present

2020-09-15 14:37:55 - [MESSAGE][PASSED] - Object 'Object Repository/FDR-Receipt/FDR-Receipt-DistributionLine/FDR-AddEdit-DistributionLine/service_Category' is present

2020-09-15 14:37:55 - [TEST_STEP][PASSED] - sendKeys(findTestObject("FDR-Receipt/FDR-Receipt-DistributionLine/FDR-AddEdit-DistributionLine/service_Category"), Servicecategory): Keys '18B1' sent to object: 'Object Repository/FDR-Receipt/FDR-Receipt-DistributionLine/FDR-AddEdit-DistributionLine/service_Category'

2020-09-15 14:37:55 - [MESSAGE][PASSED] - Keys '18B1' sent to object: 'Object Repository/FDR-Receipt/FDR-Receipt-DistributionLine/FDR-AddEdit-DistributionLine/service_Category'

2020-09-15 14:37:55 - [TEST_STEP][PASSED] - sendKeys(findTestObject("FDR-Receipt/FDR-Receipt-DistributionLine/FDR-AddEdit-DistributionLine/service_Category"), Keys.chord(DOWN, ENTER)): Keys 'DOWN + ENTER + ' sent to object: 'Object Repository/FDR-Receipt/FDR-Receipt-DistributionLine/FDR-AddEdit-DistributionLine/service_Category'

2020-09-15 14:37:56 - [MESSAGE][PASSED] - Keys 'DOWN + ENTER + ' sent to object: 'Object Repository/FDR-Receipt/FDR-Receipt-DistributionLine/FDR-AddEdit-DistributionLine/service_Category'

2020-09-15 14:37:56 - [TEST_STEP][PASSED] - waitForElementPresent(findTestObject("FDR-Receipt/FDR-Receipt-DistributionLine/FDR-AddEdit-DistributionLine/increaseDecreaseLine"), 10): Object 'Object Repository/FDR-Receipt/FDR-Receipt-DistributionLine/FDR-AddEdit-DistributionLine/increaseDecreaseLine' is present

2020-09-15 14:37:56 - [MESSAGE][PASSED] - Object 'Object Repository/FDR-Receipt/FDR-Receipt-DistributionLine/FDR-AddEdit-DistributionLine/increaseDecreaseLine' is present

2020-09-15 14:37:56 - [TEST_STEP][PASSED] - sendKeys(findTestObject("FDR-Receipt/FDR-Receipt-DistributionLine/FDR-AddEdit-DistributionLine/increaseDecreaseLine"), IncreaseDecreaseLine): Keys '10b: Receipts or any decrease' sent to object: 'Object Repository/FDR-Receipt/FDR-Receipt-DistributionLine/FDR-AddEdit-DistributionLine/increaseDecreaseLine'

2020-09-15 14:37:57 - [MESSAGE][PASSED] - Keys '10b: Receipts or any decrease' sent to object: 'Object Repository/FDR-Receipt/FDR-Receipt-DistributionLine/FDR-AddEdit-DistributionLine/increaseDecreaseLine'

2020-09-15 14:37:57 - [TEST_STEP][PASSED] - sendKeys(findTestObject("FDR-Receipt/FDR-Receipt-DistributionLine/FDR-AddEdit-DistributionLine/increaseDecreaseLine"), Keys.chord(ARROW_DOWN, ENTER)): Keys 'DOWN + ENTER + ' sent to object: 'Object Repository/FDR-Receipt/FDR-Receipt-DistributionLine/FDR-AddEdit-DistributionLine/increaseDecreaseLine'

2020-09-15 14:37:57 - [MESSAGE][PASSED] - Keys 'DOWN + ENTER + ' sent to object: 'Object Repository/FDR-Receipt/FDR-Receipt-DistributionLine/FDR-AddEdit-DistributionLine/increaseDecreaseLine'

2020-09-15 14:37:57 - [TEST_STEP][PASSED] - waitForElementPresent(findTestObject("FDR-Receipt/FDR-Receipt-DistributionLine/FDR-AddEdit-DistributionLine/input_accountId"), 2, STOP_ON_FAILURE): Object 'Object Repository/FDR-Receipt/FDR-Receipt-DistributionLine/FDR-AddEdit-DistributionLine/input_accountId' is present

2020-09-15 14:37:58 - [MESSAGE][PASSED] - Object 'Object Repository/FDR-Receipt/FDR-Receipt-DistributionLine/FDR-AddEdit-DistributionLine/input_accountId' is present

2020-09-15 14:37:58 - [TEST_STEP][PASSED] - sendKeys(findTestObject("FDR-Receipt/FDR-Receipt-DistributionLine/FDR-AddEdit-DistributionLine/input_accountId"), accountId + Keys.chord(ARROW_DOWN, ENTER)): Keys 'DOWN + ENTER + 5432000' sent to object: 'Object Repository/FDR-Receipt/FDR-Receipt-DistributionLine/FDR-AddEdit-DistributionLine/input_accountId'

2020-09-15 14:37:58 - [MESSAGE][PASSED] - Keys 'DOWN + ENTER + 5432000' sent to object: 'Object Repository/FDR-Receipt/FDR-Receipt-DistributionLine/FDR-AddEdit-DistributionLine/input_accountId'

2020-09-15 14:37:58 - [TEST_STEP][PASSED] - waitForElementPresent(findTestObject("FDR-Receipt/FDR-Receipt-DistributionLine/FDR-AddEdit-DistributionLine/input_altAccountId"), 2, STOP_ON_FAILURE): Object 'Object Repository/FDR-Receipt/FDR-Receipt-DistributionLine/FDR-AddEdit-DistributionLine/input_altAccountId' is present

2020-09-15 14:37:58 - [MESSAGE][PASSED] - Object 'Object Repository/FDR-Receipt/FDR-Receipt-DistributionLine/FDR-AddEdit-DistributionLine/input_altAccountId' is present

2020-09-15 14:37:58 - [TEST_STEP][PASSED] - sendKeys(findTestObject("FDR-Receipt/FDR-Receipt-DistributionLine/FDR-AddEdit-DistributionLine/input_altAccountId"), altAccountId): Keys '5432000019' sent to object: 'Object Repository/FDR-Receipt/FDR-Receipt-DistributionLine/FDR-AddEdit-DistributionLine/input_altAccountId'

2020-09-15 14:37:59 - [MESSAGE][PASSED] - Keys '5432000019' sent to object: 'Object Repository/FDR-Receipt/FDR-Receipt-DistributionLine/FDR-AddEdit-DistributionLine/input_altAccountId'

2020-09-15 14:37:59 - [TEST_STEP][PASSED] - sendKeys(findTestObject("FDR-Receipt/FDR-Receipt-DistributionLine/FDR-AddEdit-DistributionLine/input_altAccountId"), Keys.chord(ARROW_DOWN, ENTER)): Keys 'DOWN + ENTER + ' sent to object: 'Object Repository/FDR-Receipt/FDR-Receipt-DistributionLine/FDR-AddEdit-DistributionLine/input_altAccountId'

2020-09-15 14:37:59 - [MESSAGE][PASSED] - Keys 'DOWN + ENTER + ' sent to object: 'Object Repository/FDR-Receipt/FDR-Receipt-DistributionLine/FDR-AddEdit-DistributionLine/input_altAccountId'

2020-09-15 14:37:59 - [TEST_STEP][PASSED] - waitForElementPresent(findTestObject("FDR-Receipt/FDR-Receipt-DistributionLine/FDR-AddEdit-DistributionLine/saveCloseButton"), 5): Object 'Object Repository/FDR-Receipt/FDR-Receipt-DistributionLine/FDR-AddEdit-DistributionLine/saveCloseButton' is present

2020-09-15 14:38:00 - [MESSAGE][PASSED] - Object 'Object Repository/FDR-Receipt/FDR-Receipt-DistributionLine/FDR-AddEdit-DistributionLine/saveCloseButton' is present

2020-09-15 14:38:00 - [TEST_STEP][PASSED] - click(findTestObject("FDR-Receipt/FDR-Receipt-DistributionLine/FDR-AddEdit-DistributionLine/saveCloseButton"), STOP_ON_FAILURE): Object: 'Object Repository/FDR-Receipt/FDR-Receipt-DistributionLine/FDR-AddEdit-DistributionLine/saveCloseButton' is clicked on

2020-09-15 14:38:01 - [MESSAGE][PASSED] - Object: 'Object Repository/FDR-Receipt/FDR-Receipt-DistributionLine/FDR-AddEdit-DistributionLine/saveCloseButton' is clicked on

2020-09-15 14:38:01 - [TEST_STEP][PASSED] - waitForElementPresent(findTestObject("FDR-Receipt/FDR-Receipt-Checkline/View/deposit_Control_Amount"), 5): Object 'Object Repository/FDR-Receipt/FDR-Receipt-Checkline/View/deposit_Control_Amount' is present

2020-09-15 14:38:02 - [MESSAGE][PASSED] - Object 'Object Repository/FDR-Receipt/FDR-Receipt-Checkline/View/deposit_Control_Amount' is present

2020-09-15 14:38:02 - [TEST_STEP][PASSED] - Receipttotalaftaddwith$ = getText(findTestObject("FDR-Receipt/FDR-Receipt-Checkline/View/deposit_Control_Amount")): Text of object 'Object Repository/FDR-Receipt/FDR-Receipt-Checkline/View/deposit_Control_Amount' is: '$2,500.00'

2020-09-15 14:38:02 - [MESSAGE][PASSED] - Text of object 'Object Repository/FDR-Receipt/FDR-Receipt-Checkline/View/deposit_Control_Amount' is: '$2,500.00'

2020-09-15 14:38:02 - [TEST_STEP][PASSED] - Receipttotalaftaddwithout$ = Receipttotalaftaddwith$.substring(1): null

2020-09-15 14:38:02 - [TEST_STEP][PASSED] - ReceipttotalaftaddwithoutComma = Receipttotalaftaddwithout$.replaceAll(",", ""): null

2020-09-15 14:38:02 - [TEST_STEP][PASSED] - Recdeptotalaftreceiptlinseadded = Float.parseFloat(ReceipttotalaftaddwithoutComma): null

2020-09-15 14:38:02 - [TEST_STEP][PASSED] - println(Recdeptotalaftreceiptlinseadded): null

2020-09-15 14:38:02 - [TEST_STEP][PASSED] - waitForElementPresent(findTestObject("FDR-Receipt/FDR-Receipt-Checkline/View/receiptLine_Total"), 5): Object 'Object Repository/FDR-Receipt/FDR-Receipt-Checkline/View/receiptLine_Total' is present

2020-09-15 14:38:03 - [MESSAGE][PASSED] - Object 'Object Repository/FDR-Receipt/FDR-Receipt-Checkline/View/receiptLine_Total' is present

2020-09-15 14:38:03 - [TEST_STEP][PASSED] - Receiptlinetotalaftaddwith$ = getText(findTestObject("FDR-Receipt/FDR-Receipt-Checkline/View/receiptLine_Total")): Text of object 'Object Repository/FDR-Receipt/FDR-Receipt-Checkline/View/receiptLine_Total' is: '$2,500.00'

2020-09-15 14:38:03 - [MESSAGE][PASSED] - Text of object 'Object Repository/FDR-Receipt/FDR-Receipt-Checkline/View/receiptLine_Total' is: '$2,500.00'

2020-09-15 14:38:03 - [TEST_STEP][PASSED] - Receiptlinetotalaftaddwithout$ = Receiptlinetotalaftaddwith$.substring(1): null

2020-09-15 14:38:03 - [TEST_STEP][PASSED] - ReceiptlinetotalaftaddwithoutComma = Receiptlinetotalaftaddwithout$.replaceAll(",", ""): null

2020-09-15 14:38:03 - [TEST_STEP][PASSED] - Receiptlinetotal = Float.parseFloat(ReceiptlinetotalaftaddwithoutComma): null

2020-09-15 14:38:03 - [TEST_STEP][PASSED] - waitForElementPresent(findTestObject("FDR-Receipt/FDR-Receipt-DistributionLine/3dots/distributionLineHover"), 3): Object 'Object Repository/FDR-Receipt/FDR-Receipt-DistributionLine/3dots/distributionLineHover' is present

2020-09-15 14:38:03 - [MESSAGE][PASSED] - Object 'Object Repository/FDR-Receipt/FDR-Receipt-DistributionLine/3dots/distributionLineHover' is present

2020-09-15 14:38:03 - [TEST_STEP][PASSED] - mouseOver(findTestObject("FDR-Receipt/FDR-Receipt-DistributionLine/3dots/distributionLineHover")): Object: 'Object Repository/FDR-Receipt/FDR-Receipt-DistributionLine/3dots/distributionLineHover' is hovered

2020-09-15 14:38:04 - [MESSAGE][PASSED] - Object: 'Object Repository/FDR-Receipt/FDR-Receipt-DistributionLine/3dots/distributionLineHover' is hovered

2020-09-15 14:38:04 - [TEST_STEP][PASSED] - waitForElementPresent(findTestObject("FDR-Receipt/FDR-Receipt-DistributionLine/3dots/distributionLineHover"), 1): Object 'Object Repository/FDR-Receipt/FDR-Receipt-DistributionLine/3dots/distributionLineHover' is present

2020-09-15 14:38:04 - [MESSAGE][PASSED] - Object 'Object Repository/FDR-Receipt/FDR-Receipt-DistributionLine/3dots/distributionLineHover' is present

2020-09-15 14:38:04 - [TEST_STEP][PASSED] - click(findTestObject("FDR-Receipt/FDR-Receipt-DistributionLine/3dots/editIconDistributionLine")): Object: 'Object Repository/FDR-Receipt/FDR-Receipt-DistributionLine/3dots/editIconDistributionLine' is clicked on

2020-09-15 14:38:04 - [MESSAGE][PASSED] - Object: 'Object Repository/FDR-Receipt/FDR-Receipt-DistributionLine/3dots/editIconDistributionLine' is clicked on

2020-09-15 14:38:04 - [TEST_STEP][PASSED] - waitForElementPresent(findTestObject("FDR-Receipt/FDR-Receipt-DistributionLine/FDR-AddEdit-DistributionLine/program_Type"), 4): Object 'Object Repository/FDR-Receipt/FDR-Receipt-DistributionLine/FDR-AddEdit-DistributionLine/program_Type' is not present after 4 second(s)

2020-09-15 14:38:09 - [MESSAGE][INFO] - Unable to find the element located by 'By.xpath: //input[@id='programTypeId']'. Please recheck the objects properties to make sure the desired element is located. 

2020-09-15 14:38:09 - [MESSAGE][WARNING] - Object 'Object Repository/FDR-Receipt/FDR-Receipt-DistributionLine/FDR-AddEdit-DistributionLine/program_Type' is not present after 4 second(s)

2020-09-15 14:38:09 - [TEST_STEP][PASSED] - click(findTestObject("FDR-Receipt/FDR-Receipt-DistributionLine/Delete/Delete-distributionline")): Object: 'Object Repository/FDR-Receipt/FDR-Receipt-DistributionLine/Delete/Delete-distributionline' is clicked on

2020-09-15 14:38:10 - [MESSAGE][PASSED] - Object: 'Object Repository/FDR-Receipt/FDR-Receipt-DistributionLine/Delete/Delete-distributionline' is clicked on

2020-09-15 14:38:10 - [TEST_STEP][PASSED] - waitForElementPresent(findTestObject("FDR-Receipt/FDR-Receipt-Checkline/Delete/undoIcon"), 4): Object 'Object Repository/FDR-Receipt/FDR-Receipt-Checkline/Delete/undoIcon' is present

2020-09-15 14:38:10 - [MESSAGE][PASSED] - Object 'Object Repository/FDR-Receipt/FDR-Receipt-Checkline/Delete/undoIcon' is present

2020-09-15 14:38:10 - [TEST_STEP][PASSED] - click(findTestObject("FDR-Receipt/FDR-Receipt-Checkline/Delete/undoIcon")): Object: 'Object Repository/FDR-Receipt/FDR-Receipt-Checkline/Delete/undoIcon' is clicked on

2020-09-15 14:38:11 - [MESSAGE][PASSED] - Object: 'Object Repository/FDR-Receipt/FDR-Receipt-Checkline/Delete/undoIcon' is clicked on

2020-09-15 14:38:11 - [TEST_STEP][PASSED] - Start listener action : sampleAfterTestCase: Browser is closed

2020-09-15 14:38:11 - [TEST_STEP][PASSED] - profileName = getExecutionProfile(): null

2020-09-15 14:38:11 - [TEST_STEP][PASSED] - switch (profileName): null

2020-09-15 14:38:11 - [TEST_STEP][PASSED] - if (!(skipBeforeAndAfterTestCase)): Browser is closed

2020-09-15 14:38:11 - [TEST_STEP][PASSED] - Uifunctions.logoutFDR(): Browser is closed

2020-09-15 14:38:11 - [MESSAGE][PASSED] - Browser is closed

2020-09-15 14:38:11 - [TEST_STEP][PASSED] - Start listener action : afterTestCase: null

2020-09-15 14:38:11 - [TEST_STEP][PASSED] - profileName = getExecutionProfile(): null

2020-09-15 14:38:11 - [TEST_STEP][PASSED] - if (profileName.equalsIgnoreCase("SysAdmin")): null

2020-09-15 14:38:11 - [TEST_STEP][PASSED] - Start listener action : sampleAfterTestCase: null

2020-09-15 14:38:11 - [TEST_STEP][PASSED] - profileName = getExecutionProfile(): null

2020-09-15 14:38:11 - [TEST_STEP][PASSED] - switch (profileName): null

2020-09-15 14:38:11 - [TEST_STEP][PASSED] - Default: null

2020-09-15 14:38:11 - [TEST_STEP][PASSED] - return null: null

2020-09-15 14:38:11 - [TEST_STEP][PASSED] - Start listener action : addFailedTCToList: null]]></system-out>
         <system-err><![CDATA[]]></system-err>
      </testcase>
      <testcase name="Test Cases/WEB-UI-TESTS/Receipt/FDR-Validate-Account-AltAccount-0555" time="47.223" classname="Test Cases/WEB-UI-TESTS/Receipt/FDR-Validate-Account-AltAccount-0555" status="PASSED">
         <system-out><![CDATA[2020-09-15 14:38:11 - [TEST_CASE][PASSED] - Test Cases/WEB-UI-TESTS/Receipt/FDR-Validate-Account-AltAccount-0555: Test Cases/WEB-UI-TESTS/Receipt/FDR-Validate-Account-AltAccount-0555

2020-09-15 14:38:11 - [TEST_STEP][PASSED] - Start listener action : sampleBeforeTestCase: Navigate to 'https://fdr-katalon.cammis-mod-dev.dhcs.ca.gov' successfully

2020-09-15 14:38:11 - [TEST_STEP][PASSED] - profileName = getExecutionProfile(): null

2020-09-15 14:38:11 - [TEST_STEP][PASSED] - switch (profileName): null

2020-09-15 14:38:11 - [TEST_STEP][PASSED] - testCaseId = testCaseContext.getTestCaseId(): null

2020-09-15 14:38:11 - [TEST_STEP][PASSED] - if (!(skipBeforeAndAfterTestCase)): Navigate to 'https://fdr-katalon.cammis-mod-dev.dhcs.ca.gov' successfully

2020-09-15 14:38:11 - [TEST_STEP][PASSED] - if (account7TestCases.contains(testCaseId)): null

2020-09-15 14:38:11 - [TEST_STEP][PASSED] - else if (account10TestCases.contains(testCaseId)): null

2020-09-15 14:38:11 - [TEST_STEP][PASSED] - else: Object: 'Object Repository/FDR-SignIn/SignInButton' is clicked on

2020-09-15 14:38:11 - [TEST_STEP][PASSED] - Uifunctions.loginFDR(accountsApprover, accountsApproverPwd): Object: 'Object Repository/FDR-SignIn/SignInButton' is clicked on

2020-09-15 14:38:11 - [MESSAGE][INFO] - Starting 'Chrome' driver

2020-09-15 14:38:11 - [MESSAGE][INFO] - Action delay is set to 0 milliseconds

2020-09-15 14:38:14 - [MESSAGE][PASSED] - Browser is opened with url: ''

2020-09-15 14:38:16 - [MESSAGE][PASSED] - Current window maximized

2020-09-15 14:38:18 - [MESSAGE][PASSED] - Navigate to 'https://fdr-katalon.cammis-mod-dev.dhcs.ca.gov' successfully

2020-09-15 14:38:19 - [MESSAGE][PASSED] - Object 'Object Repository/FDR-SignIn/SignInEmail' is present

2020-09-15 14:38:19 - [MESSAGE][PASSED] - Object: 'Object Repository/FDR-SignIn/SignInEmail' is clicked on

2020-09-15 14:38:20 - [MESSAGE][PASSED] - Object 'Object Repository/FDR-SignIn/SignInEmail' is present

2020-09-15 14:38:20 - [MESSAGE][PASSED] - Text 'fdr.test3@dhcs.ca.gov' is set on object 'Object Repository/FDR-SignIn/SignInEmail'

2020-09-15 14:38:20 - [MESSAGE][PASSED] - Object 'Object Repository/FDR-SignIn/SignInEmailNext' is visible

2020-09-15 14:38:21 - [MESSAGE][PASSED] - Object: 'Object Repository/FDR-SignIn/SignInEmailNext' is clicked on

2020-09-15 14:38:24 - [MESSAGE][PASSED] - Object 'Object Repository/FDR-SignIn/SignInEmailPassword' is visible

2020-09-15 14:38:24 - [MESSAGE][PASSED] - Object: 'Object Repository/FDR-SignIn/SignInEmailPassword' is clicked on

2020-09-15 14:38:24 - [MESSAGE][PASSED] - Text ****** has been set on object 'Object Repository/FDR-SignIn/SignInEmailPassword'

2020-09-15 14:38:26 - [MESSAGE][PASSED] - Object: 'Object Repository/FDR-SignIn/SignInButton' is clicked on

2020-09-15 14:38:26 - [TEST_STEP][PASSED] - navigateToUrl(URL): Navigate to 'https://fdr-katalon.cammis-mod-dev.dhcs.ca.gov' successfully

2020-09-15 14:38:26 - [MESSAGE][PASSED] - Navigate to 'https://fdr-katalon.cammis-mod-dev.dhcs.ca.gov' successfully

2020-09-15 14:38:26 - [TEST_STEP][PASSED] - Start listener action : beforeTestCase: null

2020-09-15 14:38:26 - [TEST_STEP][PASSED] - profileName = getExecutionProfile(): null

2020-09-15 14:38:26 - [TEST_STEP][PASSED] - if (profileName.equalsIgnoreCase("SysAdmin")): null

2020-09-15 14:38:26 - [TEST_STEP][PASSED] - Start listener action : sampleBeforeTestCase: null

2020-09-15 14:38:26 - [TEST_STEP][PASSED] - profileName = getExecutionProfile(): null

2020-09-15 14:38:26 - [TEST_STEP][PASSED] - testCaseId = testCaseContext.getTestCaseId(): null

2020-09-15 14:38:26 - [TEST_STEP][PASSED] - switch (profileName): null

2020-09-15 14:38:26 - [TEST_STEP][PASSED] - Default: null

2020-09-15 14:38:26 - [TEST_STEP][PASSED] - return null: null

2020-09-15 14:38:26 - [TEST_STEP][PASSED] - Start listener action : executeRows: null

2020-09-15 14:38:27 - [TEST_STEP][PASSED] - d = Date().plus(1): null

2020-09-15 14:38:27 - [TEST_STEP][PASSED] - dd = Date().plus(2): null

2020-09-15 14:38:27 - [TEST_STEP][PASSED] - servicedatefrom = d.format("MM/dd/yyyy"): null

2020-09-15 14:38:27 - [TEST_STEP][PASSED] - servicedateto = dd.format("MM/dd/yyyy"): null

2020-09-15 14:38:27 - [TEST_STEP][PASSED] - originalwarrantdate = dd.format("MM/dd/yyyy"): null

2020-09-15 14:38:27 - [TEST_STEP][PASSED] - newDepositId = RandomStringUtils.randomNumeric(7): null

2020-09-15 14:38:27 - [TEST_STEP][PASSED] - searchfield = RandomStringUtils.randomNumeric(7): null

2020-09-15 14:38:27 - [TEST_STEP][PASSED] - editors.createReceipt(Drawdate, Paydate, newDepositId, Receiptnotes): Object: 'Object Repository/FDR-Receipt/FDR-Receipt-Header/View/buttonNext' is clicked on

2020-09-15 14:38:32 - [MESSAGE][INFO] - Unable to find the element located by 'By.xpath: //*[@data-id='button-link']//*[contains(text(),'Create New Voucher')]'. Please recheck the objects properties to make sure the desired element is located. 

2020-09-15 14:38:32 - [MESSAGE][WARNING] - Object 'Object Repository/FDR-Dashboard/createNewVoucherButton' is not present after 4 second(s)

2020-09-15 14:38:32 - [MESSAGE][PASSED] - Object 'Object Repository/FDR-Receipt/FDR-Receipt-Dashboard/createNew_ReceiptBatch_Button' is present

2020-09-15 14:38:33 - [MESSAGE][PASSED] - Object: 'Object Repository/FDR-Receipt/FDR-Receipt-Dashboard/createNew_ReceiptBatch_Button' is clicked on

2020-09-15 14:38:33 - [MESSAGE][PASSED] - Object 'Object Repository/FDR-Receipt/FDR-Receipt-Header/View/inputDrawDate' is present

2020-09-15 14:38:34 - [MESSAGE][PASSED] - Text '10/05/2020' is set on object 'Object Repository/FDR-Receipt/FDR-Receipt-Header/View/inputDrawDate'

2020-09-15 14:38:35 - [MESSAGE][PASSED] - Keys 'TAB + ENTER + ENTER + ' sent to object: 'Object Repository/FDR-Receipt/FDR-Receipt-Header/View/inputDrawDate'

2020-09-15 14:38:36 - [MESSAGE][PASSED] - Object 'Object Repository/FDR-Receipt/FDR-Receipt-Header/Edit/payDate' is present

2020-09-15 14:38:36 - [MESSAGE][PASSED] - Text '10/07/2020' is set on object 'Object Repository/FDR-Receipt/FDR-Receipt-Header/Edit/payDate'

2020-09-15 14:38:36 - [MESSAGE][PASSED] - Object 'Object Repository/FDR-Receipt/FDR-Receipt-Header/View/deposit ID' is present

2020-09-15 14:38:37 - [MESSAGE][PASSED] - Text '1147898' is set on object 'Object Repository/FDR-Receipt/FDR-Receipt-Header/View/deposit ID'

2020-09-15 14:38:38 - [MESSAGE][PASSED] - Object 'Object Repository/FDR-Receipt/FDR-ReceiptBatch/receiptNotes' is present

2020-09-15 14:38:39 - [MESSAGE][PASSED] - Text 'rqewrq' is set on object 'Object Repository/FDR-Receipt/FDR-ReceiptBatch/receiptNotes'

2020-09-15 14:38:39 - [MESSAGE][PASSED] - Object 'Object Repository/FDR-Receipt/FDR-Receipt-Header/Edit/remmitanceAdviceInput' is present

2020-09-15 14:38:39 - [MESSAGE][PASSED] - Keys '' sent to object: 'Object Repository/FDR-Receipt/FDR-Receipt-Header/Edit/remmitanceAdviceInput'

2020-09-15 14:38:40 - [MESSAGE][PASSED] - Object 'Object Repository/FDR-Receipt/FDR-Receipt-Header/Edit/controllerReceiptInput' is present

2020-09-15 14:38:40 - [MESSAGE][PASSED] - Keys '' sent to object: 'Object Repository/FDR-Receipt/FDR-Receipt-Header/Edit/controllerReceiptInput'

2020-09-15 14:38:41 - [MESSAGE][PASSED] - Object 'Object Repository/FDR-Receipt/FDR-Receipt-Header/View/buttonNext' is present

2020-09-15 14:38:41 - [MESSAGE][PASSED] - Object: 'Object Repository/FDR-Receipt/FDR-Receipt-Header/View/buttonNext' is clicked on

2020-09-15 14:38:41 - [TEST_STEP][PASSED] - editors.createReceiptline(ReceiptID, SupplierID, DepositDate): Object: 'Object Repository/FDR-Receipt/FDR-Receipt-Checkline/View/addReceipt_Button2' is clicked on

2020-09-15 14:38:42 - [MESSAGE][PASSED] - Object 'Object Repository/FDR-Receipt/FDR-Receipt-Checkline/View/receipt_ID' is present

2020-09-15 14:38:42 - [MESSAGE][PASSED] - Keys '11234556' sent to object: 'Object Repository/FDR-Receipt/FDR-Receipt-Checkline/View/receipt_ID'

2020-09-15 14:38:43 - [MESSAGE][PASSED] - Object 'Object Repository/FDR-Receipt/FDR-Receipt-Checkline/View/supplier_Id' is present

2020-09-15 14:38:43 - [MESSAGE][PASSED] - Object: 'Object Repository/FDR-Receipt/FDR-Receipt-Checkline/View/supplier_Id' is clicked on

2020-09-15 14:38:44 - [MESSAGE][PASSED] - Keys '0000007954' sent to object: 'Object Repository/FDR-Receipt/FDR-Receipt-Checkline/View/supplier_Id'

2020-09-15 14:38:44 - [MESSAGE][PASSED] - Keys 'DOWN + ENTER + ' sent to object: 'Object Repository/FDR-Receipt/FDR-Receipt-Checkline/View/supplier_Id'

2020-09-15 14:38:44 - [MESSAGE][PASSED] - Object 'Object Repository/FDR-Receipt/FDR-Receipt-Checkline/View/deposit_Date' is present

2020-09-15 14:38:45 - [MESSAGE][PASSED] - Keys '12/31/2019' sent to object: 'Object Repository/FDR-Receipt/FDR-Receipt-Checkline/View/deposit_Date'

2020-09-15 14:38:50 - [MESSAGE][INFO] - Unable to find the element located by 'By.xpath: //*[@data-id='button-link']//*[contains(text(),'Create New Voucher')]'. Please recheck the objects properties to make sure the desired element is located. 

2020-09-15 14:38:50 - [MESSAGE][WARNING] - Object 'Object Repository/FDR-Dashboard/createNewVoucherButton' is not present after 4 second(s)

2020-09-15 14:38:50 - [MESSAGE][PASSED] - Object 'Object Repository/FDR-Receipt/FDR-Receipt-Checkline/View/addReceipt_Button2' is present

2020-09-15 14:38:51 - [MESSAGE][PASSED] - Object: 'Object Repository/FDR-Receipt/FDR-Receipt-Checkline/View/addReceipt_Button2' is clicked on

2020-09-15 14:38:51 - [TEST_STEP][PASSED] - verifyElementClickable(findTestObject("FDR-Receipt/FDR-Receipt-DistributionLine/FDR-AddEdit-DistributionLine/arrow_Down"), STOP_ON_FAILURE): Object 'Object Repository/FDR-Receipt/FDR-Receipt-DistributionLine/FDR-AddEdit-DistributionLine/arrow_Down' is clickable

2020-09-15 14:38:51 - [MESSAGE][PASSED] - Object 'Object Repository/FDR-Receipt/FDR-Receipt-DistributionLine/FDR-AddEdit-DistributionLine/arrow_Down' is clickable

2020-09-15 14:38:51 - [TEST_STEP][PASSED] - click(findTestObject("FDR-Receipt/FDR-Receipt-DistributionLine/FDR-AddEdit-DistributionLine/arrow_Down"), STOP_ON_FAILURE): Object: 'Object Repository/FDR-Receipt/FDR-Receipt-DistributionLine/FDR-AddEdit-DistributionLine/arrow_Down' is clicked on

2020-09-15 14:38:52 - [MESSAGE][PASSED] - Object: 'Object Repository/FDR-Receipt/FDR-Receipt-DistributionLine/FDR-AddEdit-DistributionLine/arrow_Down' is clicked on

2020-09-15 14:38:52 - [TEST_STEP][PASSED] - waitForElementPresent(findTestObject("FDR-Receipt/FDR-Receipt-DistributionLine/FDR-AddEdit-DistributionLine/button_Add-Invoiceline"), 10): Object 'Object Repository/FDR-Receipt/FDR-Receipt-DistributionLine/FDR-AddEdit-DistributionLine/button_Add-Invoiceline' is present

2020-09-15 14:38:52 - [MESSAGE][PASSED] - Object 'Object Repository/FDR-Receipt/FDR-Receipt-DistributionLine/FDR-AddEdit-DistributionLine/button_Add-Invoiceline' is present

2020-09-15 14:38:52 - [TEST_STEP][PASSED] - scrollToElement(findTestObject("FDR-Receipt/FDR-Receipt-DistributionLine/FDR-AddEdit-DistributionLine/button_Add-Invoiceline"), 3): Scroll to object 'Object Repository/FDR-Receipt/FDR-Receipt-DistributionLine/FDR-AddEdit-DistributionLine/button_Add-Invoiceline' successfully

2020-09-15 14:38:53 - [MESSAGE][PASSED] - Scroll to object 'Object Repository/FDR-Receipt/FDR-Receipt-DistributionLine/FDR-AddEdit-DistributionLine/button_Add-Invoiceline' successfully

2020-09-15 14:38:53 - [TEST_STEP][PASSED] - verifyElementClickable(findTestObject("FDR-Receipt/FDR-Receipt-DistributionLine/FDR-AddEdit-DistributionLine/button_Add-Invoiceline"), STOP_ON_FAILURE): Object 'Object Repository/FDR-Receipt/FDR-Receipt-DistributionLine/FDR-AddEdit-DistributionLine/button_Add-Invoiceline' is clickable

2020-09-15 14:38:53 - [MESSAGE][PASSED] - Object 'Object Repository/FDR-Receipt/FDR-Receipt-DistributionLine/FDR-AddEdit-DistributionLine/button_Add-Invoiceline' is clickable

2020-09-15 14:38:53 - [TEST_STEP][PASSED] - click(findTestObject("FDR-Receipt/FDR-Receipt-DistributionLine/FDR-AddEdit-DistributionLine/button_Add-Invoiceline"), STOP_ON_FAILURE): Object: 'Object Repository/FDR-Receipt/FDR-Receipt-DistributionLine/FDR-AddEdit-DistributionLine/button_Add-Invoiceline' is clicked on

2020-09-15 14:38:53 - [MESSAGE][PASSED] - Object: 'Object Repository/FDR-Receipt/FDR-Receipt-DistributionLine/FDR-AddEdit-DistributionLine/button_Add-Invoiceline' is clicked on

2020-09-15 14:38:53 - [TEST_STEP][PASSED] - waitForElementPresent(findTestObject("FDR-Receipt/FDR-Receipt-DistributionLine/FDR-AddEdit-DistributionLine/invoice_Searchfield"), 10): Object 'Object Repository/FDR-Receipt/FDR-Receipt-DistributionLine/FDR-AddEdit-DistributionLine/invoice_Searchfield' is present

2020-09-15 14:38:54 - [MESSAGE][PASSED] - Object 'Object Repository/FDR-Receipt/FDR-Receipt-DistributionLine/FDR-AddEdit-DistributionLine/invoice_Searchfield' is present

2020-09-15 14:38:54 - [TEST_STEP][PASSED] - sendKeys(findTestObject("FDR-Receipt/FDR-Receipt-DistributionLine/FDR-AddEdit-DistributionLine/invoice_Searchfield"), searchfield): Keys '1551286' sent to object: 'Object Repository/FDR-Receipt/FDR-Receipt-DistributionLine/FDR-AddEdit-DistributionLine/invoice_Searchfield'

2020-09-15 14:38:54 - [MESSAGE][PASSED] - Keys '1551286' sent to object: 'Object Repository/FDR-Receipt/FDR-Receipt-DistributionLine/FDR-AddEdit-DistributionLine/invoice_Searchfield'

2020-09-15 14:38:54 - [TEST_STEP][PASSED] - click(findTestObject("FDR-Receipt/FDR-Receipt-DistributionLine/FDR-AddEdit-DistributionLine/button_Add_invoicemanually")): Object: 'Object Repository/FDR-Receipt/FDR-Receipt-DistributionLine/FDR-AddEdit-DistributionLine/button_Add_invoicemanually' is clicked on

2020-09-15 14:38:55 - [MESSAGE][PASSED] - Object: 'Object Repository/FDR-Receipt/FDR-Receipt-DistributionLine/FDR-AddEdit-DistributionLine/button_Add_invoicemanually' is clicked on

2020-09-15 14:38:55 - [TEST_STEP][PASSED] - waitForElementPresent(findTestObject("FDR-Receipt/FDR-Receipt-DistributionLine/FDR-AddEdit-DistributionLine/fund_Code"), 30): Object 'Object Repository/FDR-Receipt/FDR-Receipt-DistributionLine/FDR-AddEdit-DistributionLine/fund_Code' is present

2020-09-15 14:38:56 - [MESSAGE][PASSED] - Object 'Object Repository/FDR-Receipt/FDR-Receipt-DistributionLine/FDR-AddEdit-DistributionLine/fund_Code' is present

2020-09-15 14:38:56 - [TEST_STEP][PASSED] - sendKeys(findTestObject("FDR-Receipt/FDR-Receipt-DistributionLine/FDR-AddEdit-DistributionLine/fund_Code"), Fundcode): Keys 'Healthy Families Fund (0555)' sent to object: 'Object Repository/FDR-Receipt/FDR-Receipt-DistributionLine/FDR-AddEdit-DistributionLine/fund_Code'

2020-09-15 14:38:56 - [MESSAGE][PASSED] - Keys 'Healthy Families Fund (0555)' sent to object: 'Object Repository/FDR-Receipt/FDR-Receipt-DistributionLine/FDR-AddEdit-DistributionLine/fund_Code'

2020-09-15 14:38:56 - [TEST_STEP][PASSED] - sendKeys(findTestObject("FDR-Receipt/FDR-Receipt-DistributionLine/FDR-AddEdit-DistributionLine/fund_Code"), Keys.chord(DOWN, ENTER)): Keys 'DOWN + ENTER + ' sent to object: 'Object Repository/FDR-Receipt/FDR-Receipt-DistributionLine/FDR-AddEdit-DistributionLine/fund_Code'

2020-09-15 14:38:57 - [MESSAGE][PASSED] - Keys 'DOWN + ENTER + ' sent to object: 'Object Repository/FDR-Receipt/FDR-Receipt-DistributionLine/FDR-AddEdit-DistributionLine/fund_Code'

2020-09-15 14:38:57 - [TEST_STEP][PASSED] - waitForElementPresent(findTestObject("FDR-Receipt/FDR-Receipt-DistributionLine/FDR-AddEdit-DistributionLine/input_accountId"), 2, STOP_ON_FAILURE): Object 'Object Repository/FDR-Receipt/FDR-Receipt-DistributionLine/FDR-AddEdit-DistributionLine/input_accountId' is present

2020-09-15 14:38:57 - [MESSAGE][PASSED] - Object 'Object Repository/FDR-Receipt/FDR-Receipt-DistributionLine/FDR-AddEdit-DistributionLine/input_accountId' is present

2020-09-15 14:38:57 - [TEST_STEP][PASSED] - if (getText(findTestObject("FDR-Receipt/FDR-Receipt-DistributionLine/FDR-AddEdit-DistributionLine/input_accountId")) == accountId): Text of object 'Object Repository/FDR-Receipt/FDR-Receipt-DistributionLine/FDR-AddEdit-DistributionLine/input_accountId' is: ''

2020-09-15 14:38:57 - [MESSAGE][PASSED] - Text of object 'Object Repository/FDR-Receipt/FDR-Receipt-DistributionLine/FDR-AddEdit-DistributionLine/input_accountId' is: ''

2020-09-15 14:38:57 - [TEST_STEP][PASSED] - else: null

2020-09-15 14:38:57 - [TEST_STEP][PASSED] - OPTIONAL: null

2020-09-15 14:38:57 - [TEST_STEP][PASSED] - waitForElementPresent(findTestObject("FDR-Receipt/FDR-Receipt-DistributionLine/FDR-AddEdit-DistributionLine/input_altAccountId"), 2, STOP_ON_FAILURE): Object 'Object Repository/FDR-Receipt/FDR-Receipt-DistributionLine/FDR-AddEdit-DistributionLine/input_altAccountId' is present

2020-09-15 14:38:58 - [MESSAGE][PASSED] - Object 'Object Repository/FDR-Receipt/FDR-Receipt-DistributionLine/FDR-AddEdit-DistributionLine/input_altAccountId' is present

2020-09-15 14:38:58 - [TEST_STEP][PASSED] - if (getText(findTestObject("FDR-Receipt/FDR-Receipt-DistributionLine/FDR-AddEdit-DistributionLine/input_altAccountId")) == altAccountId): Text of object 'Object Repository/FDR-Receipt/FDR-Receipt-DistributionLine/FDR-AddEdit-DistributionLine/input_altAccountId' is: ''

2020-09-15 14:38:58 - [MESSAGE][PASSED] - Text of object 'Object Repository/FDR-Receipt/FDR-Receipt-DistributionLine/FDR-AddEdit-DistributionLine/input_altAccountId' is: ''

2020-09-15 14:38:58 - [TEST_STEP][PASSED] - else: null

2020-09-15 14:38:58 - [TEST_STEP][PASSED] - OPTIONAL: null

2020-09-15 14:38:58 - [TEST_STEP][PASSED] - Start listener action : sampleAfterTestCase: Browser is closed

2020-09-15 14:38:58 - [TEST_STEP][PASSED] - profileName = getExecutionProfile(): null

2020-09-15 14:38:58 - [TEST_STEP][PASSED] - switch (profileName): null

2020-09-15 14:38:58 - [TEST_STEP][PASSED] - if (!(skipBeforeAndAfterTestCase)): Browser is closed

2020-09-15 14:38:58 - [TEST_STEP][PASSED] - Uifunctions.logoutFDR(): Browser is closed

2020-09-15 14:38:59 - [MESSAGE][PASSED] - Browser is closed

2020-09-15 14:38:59 - [TEST_STEP][PASSED] - Start listener action : afterTestCase: null

2020-09-15 14:38:59 - [TEST_STEP][PASSED] - profileName = getExecutionProfile(): null

2020-09-15 14:38:59 - [TEST_STEP][PASSED] - if (profileName.equalsIgnoreCase("SysAdmin")): null

2020-09-15 14:38:59 - [TEST_STEP][PASSED] - Start listener action : sampleAfterTestCase: null

2020-09-15 14:38:59 - [TEST_STEP][PASSED] - profileName = getExecutionProfile(): null

2020-09-15 14:38:59 - [TEST_STEP][PASSED] - switch (profileName): null

2020-09-15 14:38:59 - [TEST_STEP][PASSED] - Default: null

2020-09-15 14:38:59 - [TEST_STEP][PASSED] - return null: null

2020-09-15 14:38:59 - [TEST_STEP][PASSED] - Start listener action : addFailedTCToList: null]]></system-out>
         <system-err><![CDATA[]]></system-err>
      </testcase>
      <testcase name="Test Cases/WEB-UI-TESTS/Receipt/FDR-Generate-Reports" time="29.502" classname="Test Cases/WEB-UI-TESTS/Receipt/FDR-Generate-Reports" status="PASSED">
         <system-out><![CDATA[2020-09-15 14:38:59 - [TEST_CASE][PASSED] - Test Cases/WEB-UI-TESTS/Receipt/FDR-Generate-Reports: Test Cases/WEB-UI-TESTS/Receipt/FDR-Generate-Reports

2020-09-15 14:38:59 - [TEST_STEP][PASSED] - Start listener action : sampleBeforeTestCase: Navigate to 'https://fdr-katalon.cammis-mod-dev.dhcs.ca.gov' successfully

2020-09-15 14:38:59 - [TEST_STEP][PASSED] - profileName = getExecutionProfile(): null

2020-09-15 14:38:59 - [TEST_STEP][PASSED] - switch (profileName): null

2020-09-15 14:38:59 - [TEST_STEP][PASSED] - testCaseId = testCaseContext.getTestCaseId(): null

2020-09-15 14:38:59 - [TEST_STEP][PASSED] - if (!(skipBeforeAndAfterTestCase)): Navigate to 'https://fdr-katalon.cammis-mod-dev.dhcs.ca.gov' successfully

2020-09-15 14:38:59 - [TEST_STEP][PASSED] - if (account7TestCases.contains(testCaseId)): null

2020-09-15 14:38:59 - [TEST_STEP][PASSED] - else if (account10TestCases.contains(testCaseId)): null

2020-09-15 14:38:59 - [TEST_STEP][PASSED] - else: Object: 'Object Repository/FDR-SignIn/SignInButton' is clicked on

2020-09-15 14:38:59 - [TEST_STEP][PASSED] - Uifunctions.loginFDR(accountsApprover, accountsApproverPwd): Object: 'Object Repository/FDR-SignIn/SignInButton' is clicked on

2020-09-15 14:38:59 - [MESSAGE][INFO] - Starting 'Chrome' driver

2020-09-15 14:38:59 - [MESSAGE][INFO] - Action delay is set to 0 milliseconds

2020-09-15 14:39:02 - [MESSAGE][PASSED] - Browser is opened with url: ''

2020-09-15 14:39:04 - [MESSAGE][PASSED] - Current window maximized

2020-09-15 14:39:05 - [MESSAGE][PASSED] - Navigate to 'https://fdr-katalon.cammis-mod-dev.dhcs.ca.gov' successfully

2020-09-15 14:39:06 - [MESSAGE][PASSED] - Object 'Object Repository/FDR-SignIn/SignInEmail' is present

2020-09-15 14:39:06 - [MESSAGE][PASSED] - Object: 'Object Repository/FDR-SignIn/SignInEmail' is clicked on

2020-09-15 14:39:07 - [MESSAGE][PASSED] - Object 'Object Repository/FDR-SignIn/SignInEmail' is present

2020-09-15 14:39:07 - [MESSAGE][PASSED] - Text 'fdr.test3@dhcs.ca.gov' is set on object 'Object Repository/FDR-SignIn/SignInEmail'

2020-09-15 14:39:08 - [MESSAGE][PASSED] - Object 'Object Repository/FDR-SignIn/SignInEmailNext' is visible

2020-09-15 14:39:08 - [MESSAGE][PASSED] - Object: 'Object Repository/FDR-SignIn/SignInEmailNext' is clicked on

2020-09-15 14:39:11 - [MESSAGE][PASSED] - Object 'Object Repository/FDR-SignIn/SignInEmailPassword' is visible

2020-09-15 14:39:11 - [MESSAGE][PASSED] - Object: 'Object Repository/FDR-SignIn/SignInEmailPassword' is clicked on

2020-09-15 14:39:12 - [MESSAGE][PASSED] - Text ****** has been set on object 'Object Repository/FDR-SignIn/SignInEmailPassword'

2020-09-15 14:39:13 - [MESSAGE][PASSED] - Object: 'Object Repository/FDR-SignIn/SignInButton' is clicked on

2020-09-15 14:39:13 - [TEST_STEP][PASSED] - navigateToUrl(URL): Navigate to 'https://fdr-katalon.cammis-mod-dev.dhcs.ca.gov' successfully

2020-09-15 14:39:14 - [MESSAGE][PASSED] - Navigate to 'https://fdr-katalon.cammis-mod-dev.dhcs.ca.gov' successfully

2020-09-15 14:39:14 - [TEST_STEP][PASSED] - Start listener action : beforeTestCase: null

2020-09-15 14:39:14 - [TEST_STEP][PASSED] - profileName = getExecutionProfile(): null

2020-09-15 14:39:14 - [TEST_STEP][PASSED] - if (profileName.equalsIgnoreCase("SysAdmin")): null

2020-09-15 14:39:14 - [TEST_STEP][PASSED] - Start listener action : sampleBeforeTestCase: null

2020-09-15 14:39:14 - [TEST_STEP][PASSED] - profileName = getExecutionProfile(): null

2020-09-15 14:39:14 - [TEST_STEP][PASSED] - testCaseId = testCaseContext.getTestCaseId(): null

2020-09-15 14:39:14 - [TEST_STEP][PASSED] - switch (profileName): null

2020-09-15 14:39:14 - [TEST_STEP][PASSED] - Default: null

2020-09-15 14:39:14 - [TEST_STEP][PASSED] - return null: null

2020-09-15 14:39:14 - [TEST_STEP][PASSED] - Start listener action : executeRows: null

2020-09-15 14:39:14 - [TEST_STEP][PASSED] - waitForElementPresent(findTestObject("FDR-Receipt/FDR-Receipt-Dashboard/reportButton"), 2): Object 'Object Repository/FDR-Receipt/FDR-Receipt-Dashboard/reportButton' is present

2020-09-15 14:39:16 - [MESSAGE][PASSED] - Object 'Object Repository/FDR-Receipt/FDR-Receipt-Dashboard/reportButton' is present

2020-09-15 14:39:16 - [TEST_STEP][PASSED] - click(findTestObject("FDR-Receipt/FDR-Receipt-Dashboard/reportButton")): Object: 'Object Repository/FDR-Receipt/FDR-Receipt-Dashboard/reportButton' is clicked on

2020-09-15 14:39:16 - [MESSAGE][PASSED] - Object: 'Object Repository/FDR-Receipt/FDR-Receipt-Dashboard/reportButton' is clicked on

2020-09-15 14:39:16 - [TEST_STEP][PASSED] - waitForElementPresent(findTestObject("FDR-Receipt/FDR-Report-Generation/FDR-Report-Dashboard/receiptTransactionRequests"), 5, STOP_ON_FAILURE): Object 'Object Repository/FDR-Receipt/FDR-Report-Generation/FDR-Report-Dashboard/receiptTransactionRequests' is present

2020-09-15 14:39:17 - [MESSAGE][PASSED] - Object 'Object Repository/FDR-Receipt/FDR-Report-Generation/FDR-Report-Dashboard/receiptTransactionRequests' is present

2020-09-15 14:39:17 - [TEST_STEP][PASSED] - click(findTestObject("FDR-Receipt/FDR-Report-Generation/FDR-Report-Dashboard/receiptTransactionRequests")): Object: 'Object Repository/FDR-Receipt/FDR-Report-Generation/FDR-Report-Dashboard/receiptTransactionRequests' is clicked on

2020-09-15 14:39:17 - [MESSAGE][PASSED] - Object: 'Object Repository/FDR-Receipt/FDR-Report-Generation/FDR-Report-Dashboard/receiptTransactionRequests' is clicked on

2020-09-15 14:39:17 - [TEST_STEP][PASSED] - waitForElementPresent(findTestObject("FDR-Receipt/FDR-Receipt-Header/View/inputDrawDate"), 3, STOP_ON_FAILURE): Object 'Object Repository/FDR-Receipt/FDR-Receipt-Header/View/inputDrawDate' is present

2020-09-15 14:39:18 - [MESSAGE][PASSED] - Object 'Object Repository/FDR-Receipt/FDR-Receipt-Header/View/inputDrawDate' is present

2020-09-15 14:39:18 - [TEST_STEP][PASSED] - waitForElementClickable(findTestObject("FDR-Receipt/FDR-Report-Generation/FDR-Report-Dashboard/button_Cancel"), 3, STOP_ON_FAILURE): Object 'Object Repository/FDR-Receipt/FDR-Report-Generation/FDR-Report-Dashboard/button_Cancel' is clickable

2020-09-15 14:39:18 - [MESSAGE][PASSED] - Object 'Object Repository/FDR-Receipt/FDR-Report-Generation/FDR-Report-Dashboard/button_Cancel' is clickable

2020-09-15 14:39:18 - [TEST_STEP][PASSED] - click(findTestObject("FDR-Receipt/FDR-Report-Generation/FDR-Report-Dashboard/button_Cancel")): Object: 'Object Repository/FDR-Receipt/FDR-Report-Generation/FDR-Report-Dashboard/button_Cancel' is clicked on

2020-09-15 14:39:19 - [MESSAGE][PASSED] - Object: 'Object Repository/FDR-Receipt/FDR-Report-Generation/FDR-Report-Dashboard/button_Cancel' is clicked on

2020-09-15 14:39:19 - [TEST_STEP][PASSED] - waitForElementPresent(findTestObject("Object Repository/FDR-Receipt/FDR-Report-Generation/FDR-Report-Dashboard/FDR-Monthly-Receipts/monthlyReceiptLabel"), 3): Object 'Object Repository/FDR-Receipt/FDR-Report-Generation/FDR-Report-Dashboard/FDR-Monthly-Receipts/monthlyReceiptLabel' is present

2020-09-15 14:39:19 - [MESSAGE][PASSED] - Object 'Object Repository/FDR-Receipt/FDR-Report-Generation/FDR-Report-Dashboard/FDR-Monthly-Receipts/monthlyReceiptLabel' is present

2020-09-15 14:39:19 - [TEST_STEP][PASSED] - monthlyReceiptLabel = getText(findTestObject("Object Repository/FDR-Receipt/FDR-Report-Generation/FDR-Report-Dashboard/FDR-Monthly-Receipts/monthlyReceiptLabel")): Text of object 'Object Repository/FDR-Receipt/FDR-Report-Generation/FDR-Report-Dashboard/FDR-Monthly-Receipts/monthlyReceiptLabel' is: 'Monthly Receipt Report for Federal Reporting (Defined by Draw Date)'

2020-09-15 14:39:20 - [MESSAGE][PASSED] - Text of object 'Object Repository/FDR-Receipt/FDR-Report-Generation/FDR-Report-Dashboard/FDR-Monthly-Receipts/monthlyReceiptLabel' is: 'Monthly Receipt Report for Federal Reporting (Defined by Draw Date)'

2020-09-15 14:39:20 - [TEST_STEP][PASSED] - assert monthlyReceiptLabel == "Monthly Receipt Report for Federal Reporting (Defined by Draw Date)": null

2020-09-15 14:39:20 - [TEST_STEP][PASSED] - waitForElementPresent(findTestObject("Object Repository/FDR-Receipt/FDR-Report-Generation/FDR-Report-Dashboard/FDR-Monthly-Receipts/monthlyReceiptBtn"), 3): Object 'Object Repository/FDR-Receipt/FDR-Report-Generation/FDR-Report-Dashboard/FDR-Monthly-Receipts/monthlyReceiptBtn' is present

2020-09-15 14:39:20 - [MESSAGE][PASSED] - Object 'Object Repository/FDR-Receipt/FDR-Report-Generation/FDR-Report-Dashboard/FDR-Monthly-Receipts/monthlyReceiptBtn' is present

2020-09-15 14:39:20 - [TEST_STEP][PASSED] - click(findTestObject("Object Repository/FDR-Receipt/FDR-Report-Generation/FDR-Report-Dashboard/FDR-Monthly-Receipts/monthlyReceiptBtn")): Object: 'Object Repository/FDR-Receipt/FDR-Report-Generation/FDR-Report-Dashboard/FDR-Monthly-Receipts/monthlyReceiptBtn' is clicked on

2020-09-15 14:39:20 - [MESSAGE][PASSED] - Object: 'Object Repository/FDR-Receipt/FDR-Report-Generation/FDR-Report-Dashboard/FDR-Monthly-Receipts/monthlyReceiptBtn' is clicked on

2020-09-15 14:39:20 - [TEST_STEP][PASSED] - waitForElementPresent(findTestObject("Object Repository/FDR-Receipt/FDR-Report-Generation/FDR-Report-Dashboard/FDR-Monthly-Receipts/monthlyReceiptSummaryHeader"), 3): Object 'Object Repository/FDR-Receipt/FDR-Report-Generation/FDR-Report-Dashboard/FDR-Monthly-Receipts/monthlyReceiptSummaryHeader' is present

2020-09-15 14:39:21 - [MESSAGE][PASSED] - Object 'Object Repository/FDR-Receipt/FDR-Report-Generation/FDR-Report-Dashboard/FDR-Monthly-Receipts/monthlyReceiptSummaryHeader' is present

2020-09-15 14:39:21 - [TEST_STEP][PASSED] - waitForElementPresent(findTestObject("Object Repository/FDR-Receipt/FDR-Report-Generation/FDR-Report-Dashboard/FDR-Monthly-Receipts/monthDropdown"), 3): Object 'Object Repository/FDR-Receipt/FDR-Report-Generation/FDR-Report-Dashboard/FDR-Monthly-Receipts/monthDropdown' is present

2020-09-15 14:39:21 - [MESSAGE][PASSED] - Object 'Object Repository/FDR-Receipt/FDR-Report-Generation/FDR-Report-Dashboard/FDR-Monthly-Receipts/monthDropdown' is present

2020-09-15 14:39:21 - [TEST_STEP][PASSED] - click(findTestObject("Object Repository/FDR-Receipt/FDR-Report-Generation/FDR-Report-Dashboard/FDR-Monthly-Receipts/monthDropdown")): Object: 'Object Repository/FDR-Receipt/FDR-Report-Generation/FDR-Report-Dashboard/FDR-Monthly-Receipts/monthDropdown' is clicked on

2020-09-15 14:39:21 - [MESSAGE][PASSED] - Object: 'Object Repository/FDR-Receipt/FDR-Report-Generation/FDR-Report-Dashboard/FDR-Monthly-Receipts/monthDropdown' is clicked on

2020-09-15 14:39:21 - [TEST_STEP][PASSED] - waitForElementPresent(findTestObject("Object Repository/FDR-Receipt/FDR-Report-Generation/FDR-Report-Dashboard/FDR-Monthly-Receipts/monthOption"), 3): Object 'Object Repository/FDR-Receipt/FDR-Report-Generation/FDR-Report-Dashboard/FDR-Monthly-Receipts/monthOption' is present

2020-09-15 14:39:22 - [MESSAGE][PASSED] - Object 'Object Repository/FDR-Receipt/FDR-Report-Generation/FDR-Report-Dashboard/FDR-Monthly-Receipts/monthOption' is present

2020-09-15 14:39:22 - [TEST_STEP][PASSED] - click(findTestObject("Object Repository/FDR-Receipt/FDR-Report-Generation/FDR-Report-Dashboard/FDR-Monthly-Receipts/monthOption")): Object: 'Object Repository/FDR-Receipt/FDR-Report-Generation/FDR-Report-Dashboard/FDR-Monthly-Receipts/monthOption' is clicked on

2020-09-15 14:39:22 - [MESSAGE][PASSED] - Object: 'Object Repository/FDR-Receipt/FDR-Report-Generation/FDR-Report-Dashboard/FDR-Monthly-Receipts/monthOption' is clicked on

2020-09-15 14:39:22 - [TEST_STEP][PASSED] - waitForElementPresent(findTestObject("FDR-Receipt/FDR-Report-Generation/FDR-Report-Dashboard/button_backToDashboard"), 3, STOP_ON_FAILURE): Object 'Object Repository/FDR-Receipt/FDR-Report-Generation/FDR-Report-Dashboard/button_backToDashboard' is present

2020-09-15 14:39:23 - [MESSAGE][PASSED] - Object 'Object Repository/FDR-Receipt/FDR-Report-Generation/FDR-Report-Dashboard/button_backToDashboard' is present

2020-09-15 14:39:23 - [TEST_STEP][PASSED] - click(findTestObject("FDR-Receipt/FDR-Report-Generation/FDR-Report-Dashboard/button_backToDashboard")): Object: 'Object Repository/FDR-Receipt/FDR-Report-Generation/FDR-Report-Dashboard/button_backToDashboard' is clicked on

2020-09-15 14:39:23 - [MESSAGE][PASSED] - Object: 'Object Repository/FDR-Receipt/FDR-Report-Generation/FDR-Report-Dashboard/button_backToDashboard' is clicked on

2020-09-15 14:39:23 - [TEST_STEP][PASSED] - waitForElementPresent(findTestObject("Object Repository/FDR-Receipt/FDR-Report-Generation/FDR-Report-Dashboard/FDR-Daily-Processing-Receipts/dailyProcessingReceiptsLabel"), 3): Object 'Object Repository/FDR-Receipt/FDR-Report-Generation/FDR-Report-Dashboard/FDR-Daily-Processing-Receipts/dailyProcessingReceiptsLabel' is present

2020-09-15 14:39:23 - [MESSAGE][PASSED] - Object 'Object Repository/FDR-Receipt/FDR-Report-Generation/FDR-Report-Dashboard/FDR-Daily-Processing-Receipts/dailyProcessingReceiptsLabel' is present

2020-09-15 14:39:23 - [TEST_STEP][PASSED] - dailyReceiptLabel = getText(findTestObject("Object Repository/FDR-Receipt/FDR-Report-Generation/FDR-Report-Dashboard/FDR-Daily-Processing-Receipts/dailyProcessingReceiptsLabel")): Text of object 'Object Repository/FDR-Receipt/FDR-Report-Generation/FDR-Report-Dashboard/FDR-Daily-Processing-Receipts/dailyProcessingReceiptsLabel' is: 'Daily Receipt Report (Defined by Processing Date)'

2020-09-15 14:39:24 - [MESSAGE][PASSED] - Text of object 'Object Repository/FDR-Receipt/FDR-Report-Generation/FDR-Report-Dashboard/FDR-Daily-Processing-Receipts/dailyProcessingReceiptsLabel' is: 'Daily Receipt Report (Defined by Processing Date)'

2020-09-15 14:39:24 - [TEST_STEP][PASSED] - assert dailyReceiptLabel == "Daily Receipt Report (Defined by Processing Date)": null

2020-09-15 14:39:24 - [TEST_STEP][PASSED] - waitForElementPresent(findTestObject("Object Repository/FDR-Receipt/FDR-Report-Generation/FDR-Report-Dashboard/FDR-Daily-Processing-Receipts/dailyProcessingReceiptsBtn"), 1): Object 'Object Repository/FDR-Receipt/FDR-Report-Generation/FDR-Report-Dashboard/FDR-Daily-Processing-Receipts/dailyProcessingReceiptsBtn' is present

2020-09-15 14:39:24 - [MESSAGE][PASSED] - Object 'Object Repository/FDR-Receipt/FDR-Report-Generation/FDR-Report-Dashboard/FDR-Daily-Processing-Receipts/dailyProcessingReceiptsBtn' is present

2020-09-15 14:39:24 - [TEST_STEP][PASSED] - click(findTestObject("Object Repository/FDR-Receipt/FDR-Report-Generation/FDR-Report-Dashboard/FDR-Daily-Processing-Receipts/dailyProcessingReceiptsBtn")): Object: 'Object Repository/FDR-Receipt/FDR-Report-Generation/FDR-Report-Dashboard/FDR-Daily-Processing-Receipts/dailyProcessingReceiptsBtn' is clicked on

2020-09-15 14:39:24 - [MESSAGE][PASSED] - Object: 'Object Repository/FDR-Receipt/FDR-Report-Generation/FDR-Report-Dashboard/FDR-Daily-Processing-Receipts/dailyProcessingReceiptsBtn' is clicked on

2020-09-15 14:39:24 - [TEST_STEP][PASSED] - waitForElementPresent(findTestObject("Object Repository/FDR-Receipt/FDR-Report-Generation/FDR-Report-Dashboard/FDR-Daily-Processing-Receipts/dailyProcessingReceiptHeader"), 3): Object 'Object Repository/FDR-Receipt/FDR-Report-Generation/FDR-Report-Dashboard/FDR-Daily-Processing-Receipts/dailyProcessingReceiptHeader' is present

2020-09-15 14:39:25 - [MESSAGE][PASSED] - Object 'Object Repository/FDR-Receipt/FDR-Report-Generation/FDR-Report-Dashboard/FDR-Daily-Processing-Receipts/dailyProcessingReceiptHeader' is present

2020-09-15 14:39:25 - [TEST_STEP][PASSED] - waitForElementPresent(findTestObject("FDR-Receipt/FDR-Report-Generation/FDR-Report-Dashboard/button_backToDashboard"), 1, STOP_ON_FAILURE): Object 'Object Repository/FDR-Receipt/FDR-Report-Generation/FDR-Report-Dashboard/button_backToDashboard' is present

2020-09-15 14:39:25 - [MESSAGE][PASSED] - Object 'Object Repository/FDR-Receipt/FDR-Report-Generation/FDR-Report-Dashboard/button_backToDashboard' is present

2020-09-15 14:39:25 - [TEST_STEP][PASSED] - click(findTestObject("FDR-Receipt/FDR-Report-Generation/FDR-Report-Dashboard/button_backToDashboard")): Object: 'Object Repository/FDR-Receipt/FDR-Report-Generation/FDR-Report-Dashboard/button_backToDashboard' is clicked on

2020-09-15 14:39:25 - [MESSAGE][PASSED] - Object: 'Object Repository/FDR-Receipt/FDR-Report-Generation/FDR-Report-Dashboard/button_backToDashboard' is clicked on

2020-09-15 14:39:25 - [TEST_STEP][PASSED] - delay(2): Delayed 2 second(s)

2020-09-15 14:39:27 - [MESSAGE][PASSED] - Delayed 2 second(s)

2020-09-15 14:39:27 - [TEST_STEP][PASSED] - Start listener action : sampleAfterTestCase: Browser is closed

2020-09-15 14:39:27 - [TEST_STEP][PASSED] - profileName = getExecutionProfile(): null

2020-09-15 14:39:27 - [TEST_STEP][PASSED] - switch (profileName): null

2020-09-15 14:39:27 - [TEST_STEP][PASSED] - if (!(skipBeforeAndAfterTestCase)): Browser is closed

2020-09-15 14:39:27 - [TEST_STEP][PASSED] - Uifunctions.logoutFDR(): Browser is closed

2020-09-15 14:39:28 - [MESSAGE][PASSED] - Browser is closed

2020-09-15 14:39:28 - [TEST_STEP][PASSED] - Start listener action : afterTestCase: null

2020-09-15 14:39:28 - [TEST_STEP][PASSED] - profileName = getExecutionProfile(): null

2020-09-15 14:39:28 - [TEST_STEP][PASSED] - if (profileName.equalsIgnoreCase("SysAdmin")): null

2020-09-15 14:39:28 - [TEST_STEP][PASSED] - Start listener action : sampleAfterTestCase: null

2020-09-15 14:39:28 - [TEST_STEP][PASSED] - profileName = getExecutionProfile(): null

2020-09-15 14:39:28 - [TEST_STEP][PASSED] - switch (profileName): null

2020-09-15 14:39:28 - [TEST_STEP][PASSED] - Default: null

2020-09-15 14:39:28 - [TEST_STEP][PASSED] - return null: null

2020-09-15 14:39:28 - [TEST_STEP][PASSED] - Start listener action : addFailedTCToList: null]]></system-out>
         <system-err><![CDATA[]]></system-err>
      </testcase>
      <testcase name="Test Cases/WEB-UI-TESTS/Receipt/FDR-Search-Receipt" time="57.18" classname="Test Cases/WEB-UI-TESTS/Receipt/FDR-Search-Receipt" status="PASSED">
         <system-out><![CDATA[2020-09-15 14:39:28 - [TEST_CASE][PASSED] - Test Cases/WEB-UI-TESTS/Receipt/FDR-Search-Receipt: Test Cases/WEB-UI-TESTS/Receipt/FDR-Search-Receipt

2020-09-15 14:39:28 - [TEST_STEP][PASSED] - Start listener action : sampleBeforeTestCase: Navigate to 'https://fdr-katalon.cammis-mod-dev.dhcs.ca.gov' successfully

2020-09-15 14:39:28 - [TEST_STEP][PASSED] - profileName = getExecutionProfile(): null

2020-09-15 14:39:28 - [TEST_STEP][PASSED] - switch (profileName): null

2020-09-15 14:39:28 - [TEST_STEP][PASSED] - testCaseId = testCaseContext.getTestCaseId(): null

2020-09-15 14:39:28 - [TEST_STEP][PASSED] - if (!(skipBeforeAndAfterTestCase)): Navigate to 'https://fdr-katalon.cammis-mod-dev.dhcs.ca.gov' successfully

2020-09-15 14:39:28 - [TEST_STEP][PASSED] - if (account7TestCases.contains(testCaseId)): null

2020-09-15 14:39:28 - [TEST_STEP][PASSED] - else if (account10TestCases.contains(testCaseId)): null

2020-09-15 14:39:28 - [TEST_STEP][PASSED] - else: Object: 'Object Repository/FDR-SignIn/SignInButton' is clicked on

2020-09-15 14:39:28 - [TEST_STEP][PASSED] - Uifunctions.loginFDR(accountsApprover, accountsApproverPwd): Object: 'Object Repository/FDR-SignIn/SignInButton' is clicked on

2020-09-15 14:39:28 - [MESSAGE][INFO] - Starting 'Chrome' driver

2020-09-15 14:39:28 - [MESSAGE][INFO] - Action delay is set to 0 milliseconds

2020-09-15 14:39:31 - [MESSAGE][PASSED] - Browser is opened with url: ''

2020-09-15 14:39:33 - [MESSAGE][PASSED] - Current window maximized

2020-09-15 14:39:37 - [MESSAGE][PASSED] - Navigate to 'https://fdr-katalon.cammis-mod-dev.dhcs.ca.gov' successfully

2020-09-15 14:39:39 - [MESSAGE][PASSED] - Object 'Object Repository/FDR-SignIn/SignInEmail' is present

2020-09-15 14:39:39 - [MESSAGE][PASSED] - Object: 'Object Repository/FDR-SignIn/SignInEmail' is clicked on

2020-09-15 14:39:39 - [MESSAGE][PASSED] - Object 'Object Repository/FDR-SignIn/SignInEmail' is present

2020-09-15 14:39:40 - [MESSAGE][PASSED] - Text 'fdr.test3@dhcs.ca.gov' is set on object 'Object Repository/FDR-SignIn/SignInEmail'

2020-09-15 14:39:40 - [MESSAGE][PASSED] - Object 'Object Repository/FDR-SignIn/SignInEmailNext' is visible

2020-09-15 14:39:41 - [MESSAGE][PASSED] - Object: 'Object Repository/FDR-SignIn/SignInEmailNext' is clicked on

2020-09-15 14:39:44 - [MESSAGE][PASSED] - Object 'Object Repository/FDR-SignIn/SignInEmailPassword' is visible

2020-09-15 14:39:44 - [MESSAGE][PASSED] - Object: 'Object Repository/FDR-SignIn/SignInEmailPassword' is clicked on

2020-09-15 14:39:44 - [MESSAGE][PASSED] - Text ****** has been set on object 'Object Repository/FDR-SignIn/SignInEmailPassword'

2020-09-15 14:39:46 - [MESSAGE][PASSED] - Object: 'Object Repository/FDR-SignIn/SignInButton' is clicked on

2020-09-15 14:39:46 - [TEST_STEP][PASSED] - navigateToUrl(URL): Navigate to 'https://fdr-katalon.cammis-mod-dev.dhcs.ca.gov' successfully

2020-09-15 14:39:46 - [MESSAGE][PASSED] - Navigate to 'https://fdr-katalon.cammis-mod-dev.dhcs.ca.gov' successfully

2020-09-15 14:39:46 - [TEST_STEP][PASSED] - Start listener action : beforeTestCase: null

2020-09-15 14:39:46 - [TEST_STEP][PASSED] - profileName = getExecutionProfile(): null

2020-09-15 14:39:46 - [TEST_STEP][PASSED] - if (profileName.equalsIgnoreCase("SysAdmin")): null

2020-09-15 14:39:46 - [TEST_STEP][PASSED] - Start listener action : sampleBeforeTestCase: null

2020-09-15 14:39:46 - [TEST_STEP][PASSED] - profileName = getExecutionProfile(): null

2020-09-15 14:39:46 - [TEST_STEP][PASSED] - testCaseId = testCaseContext.getTestCaseId(): null

2020-09-15 14:39:46 - [TEST_STEP][PASSED] - switch (profileName): null

2020-09-15 14:39:46 - [TEST_STEP][PASSED] - Default: null

2020-09-15 14:39:46 - [TEST_STEP][PASSED] - return null: null

2020-09-15 14:39:46 - [TEST_STEP][PASSED] - Start listener action : executeRows: null

2020-09-15 14:39:47 - [TEST_STEP][PASSED] - waitForElementPresent(findTestObject("Object Repository/FDR-Receipt/FDR-Search-Receipt/searchBar"), 3): Object 'Object Repository/FDR-Receipt/FDR-Search-Receipt/searchBar' is present

2020-09-15 14:39:48 - [MESSAGE][PASSED] - Object 'Object Repository/FDR-Receipt/FDR-Search-Receipt/searchBar' is present

2020-09-15 14:39:48 - [TEST_STEP][PASSED] - click(findTestObject("Object Repository/FDR-Receipt/FDR-Search-Receipt/searchBar")): Object: 'Object Repository/FDR-Receipt/FDR-Search-Receipt/searchBar' is clicked on

2020-09-15 14:39:49 - [MESSAGE][PASSED] - Object: 'Object Repository/FDR-Receipt/FDR-Search-Receipt/searchBar' is clicked on

2020-09-15 14:39:49 - [TEST_STEP][PASSED] - setText(findTestObject("Object Repository/FDR-Receipt/FDR-Search-Receipt/searchBar"), depositId): Text '769' is set on object 'Object Repository/FDR-Receipt/FDR-Search-Receipt/searchBar'

2020-09-15 14:39:49 - [MESSAGE][PASSED] - Text '769' is set on object 'Object Repository/FDR-Receipt/FDR-Search-Receipt/searchBar'

2020-09-15 14:39:49 - [TEST_STEP][PASSED] - waitForElementPresent(findTestObject("Object Repository/FDR-Receipt/FDR-Search-Receipt/noMatchingTasks"), 2, STOP_ON_FAILURE): Object 'Object Repository/FDR-Receipt/FDR-Search-Receipt/noMatchingTasks' is not present after 2 second(s)

2020-09-15 14:39:52 - [MESSAGE][INFO] - Unable to find the element located by 'By.xpath: //*[contains(text(),'No matching')]'. Please recheck the objects properties to make sure the desired element is located. 

2020-09-15 14:39:52 - [MESSAGE][WARNING] - Object 'Object Repository/FDR-Receipt/FDR-Search-Receipt/noMatchingTasks' is not present after 2 second(s)

2020-09-15 14:39:52 - [TEST_STEP][PASSED] - setText(findTestObject("Object Repository/FDR-Receipt/FDR-Search-Receipt/searchBar"), ""): Text '' is set on object 'Object Repository/FDR-Receipt/FDR-Search-Receipt/searchBar'

2020-09-15 14:39:53 - [MESSAGE][PASSED] - Text '' is set on object 'Object Repository/FDR-Receipt/FDR-Search-Receipt/searchBar'

2020-09-15 14:39:53 - [TEST_STEP][PASSED] - refresh(): Refresh successfully

2020-09-15 14:39:53 - [MESSAGE][PASSED] - Refresh successfully

2020-09-15 14:39:53 - [TEST_STEP][PASSED] - waitForElementPresent(findTestObject("Object Repository/FDR-Receipt/FDR-Search-Receipt/searchBar"), 3): Object 'Object Repository/FDR-Receipt/FDR-Search-Receipt/searchBar' is present

2020-09-15 14:39:54 - [MESSAGE][PASSED] - Object 'Object Repository/FDR-Receipt/FDR-Search-Receipt/searchBar' is present

2020-09-15 14:39:54 - [TEST_STEP][PASSED] - click(findTestObject("Object Repository/FDR-Receipt/FDR-Search-Receipt/searchBar")): Object: 'Object Repository/FDR-Receipt/FDR-Search-Receipt/searchBar' is clicked on

2020-09-15 14:39:54 - [MESSAGE][PASSED] - Object: 'Object Repository/FDR-Receipt/FDR-Search-Receipt/searchBar' is clicked on

2020-09-15 14:39:54 - [TEST_STEP][PASSED] - setText(findTestObject("Object Repository/FDR-Receipt/FDR-Search-Receipt/searchBar"), drawDate): Text '01/13/2021' is set on object 'Object Repository/FDR-Receipt/FDR-Search-Receipt/searchBar'

2020-09-15 14:39:55 - [MESSAGE][PASSED] - Text '01/13/2021' is set on object 'Object Repository/FDR-Receipt/FDR-Search-Receipt/searchBar'

2020-09-15 14:39:55 - [TEST_STEP][PASSED] - waitForElementPresent(findTestObject("Object Repository/FDR-Receipt/FDR-Search-Receipt/noMatchingTasks"), 2, STOP_ON_FAILURE): Object 'Object Repository/FDR-Receipt/FDR-Search-Receipt/noMatchingTasks' is present

2020-09-15 14:39:56 - [MESSAGE][PASSED] - Object 'Object Repository/FDR-Receipt/FDR-Search-Receipt/noMatchingTasks' is present

2020-09-15 14:39:56 - [TEST_STEP][PASSED] - setText(findTestObject("Object Repository/FDR-Receipt/FDR-Search-Receipt/searchBar"), ""): Text '' is set on object 'Object Repository/FDR-Receipt/FDR-Search-Receipt/searchBar'

2020-09-15 14:39:56 - [MESSAGE][PASSED] - Text '' is set on object 'Object Repository/FDR-Receipt/FDR-Search-Receipt/searchBar'

2020-09-15 14:39:56 - [TEST_STEP][PASSED] - refresh(): Refresh successfully

2020-09-15 14:39:57 - [MESSAGE][PASSED] - Refresh successfully

2020-09-15 14:39:57 - [TEST_STEP][PASSED] - waitForElementPresent(findTestObject("Object Repository/FDR-Receipt/FDR-Search-Receipt/searchBar"), 3): Object 'Object Repository/FDR-Receipt/FDR-Search-Receipt/searchBar' is present

2020-09-15 14:39:58 - [MESSAGE][PASSED] - Object 'Object Repository/FDR-Receipt/FDR-Search-Receipt/searchBar' is present

2020-09-15 14:39:58 - [TEST_STEP][PASSED] - click(findTestObject("Object Repository/FDR-Receipt/FDR-Search-Receipt/searchBar")): Object: 'Object Repository/FDR-Receipt/FDR-Search-Receipt/searchBar' is clicked on

2020-09-15 14:39:58 - [MESSAGE][PASSED] - Object: 'Object Repository/FDR-Receipt/FDR-Search-Receipt/searchBar' is clicked on

2020-09-15 14:39:58 - [TEST_STEP][PASSED] - setText(findTestObject("Object Repository/FDR-Receipt/FDR-Search-Receipt/searchBar"), payDate): Text '01/15/2021' is set on object 'Object Repository/FDR-Receipt/FDR-Search-Receipt/searchBar'

2020-09-15 14:39:58 - [MESSAGE][PASSED] - Text '01/15/2021' is set on object 'Object Repository/FDR-Receipt/FDR-Search-Receipt/searchBar'

2020-09-15 14:39:58 - [TEST_STEP][PASSED] - waitForElementPresent(findTestObject("Object Repository/FDR-Receipt/FDR-Search-Receipt/noMatchingTasks"), 2, STOP_ON_FAILURE): Object 'Object Repository/FDR-Receipt/FDR-Search-Receipt/noMatchingTasks' is present

2020-09-15 14:39:59 - [MESSAGE][PASSED] - Object 'Object Repository/FDR-Receipt/FDR-Search-Receipt/noMatchingTasks' is present

2020-09-15 14:39:59 - [TEST_STEP][PASSED] - setText(findTestObject("Object Repository/FDR-Receipt/FDR-Search-Receipt/searchBar"), ""): Text '' is set on object 'Object Repository/FDR-Receipt/FDR-Search-Receipt/searchBar'

2020-09-15 14:40:00 - [MESSAGE][PASSED] - Text '' is set on object 'Object Repository/FDR-Receipt/FDR-Search-Receipt/searchBar'

2020-09-15 14:40:00 - [TEST_STEP][PASSED] - refresh(): Refresh successfully

2020-09-15 14:40:01 - [MESSAGE][PASSED] - Refresh successfully

2020-09-15 14:40:01 - [TEST_STEP][PASSED] - click(findTestObject("Object Repository/FDR-Receipt/FDR-Search-Receipt/searchBar")): Object: 'Object Repository/FDR-Receipt/FDR-Search-Receipt/searchBar' is clicked on

2020-09-15 14:40:02 - [MESSAGE][PASSED] - Object: 'Object Repository/FDR-Receipt/FDR-Search-Receipt/searchBar' is clicked on

2020-09-15 14:40:02 - [TEST_STEP][PASSED] - setText(findTestObject("Object Repository/FDR-Receipt/FDR-Search-Receipt/searchBar"), "resume"): Text 'resume' is set on object 'Object Repository/FDR-Receipt/FDR-Search-Receipt/searchBar'

2020-09-15 14:40:02 - [MESSAGE][PASSED] - Text 'resume' is set on object 'Object Repository/FDR-Receipt/FDR-Search-Receipt/searchBar'

2020-09-15 14:40:02 - [TEST_STEP][PASSED] - delay(4): Delayed 4 second(s)

2020-09-15 14:40:06 - [MESSAGE][PASSED] - Delayed 4 second(s)

2020-09-15 14:40:06 - [TEST_STEP][PASSED] - waitForElementPresent(findTestObject("Object Repository/FDR-Receipt/FDR-Search-Receipt/noMatchingTasks"), 2, STOP_ON_FAILURE): Object 'Object Repository/FDR-Receipt/FDR-Search-Receipt/noMatchingTasks' is present

2020-09-15 14:40:07 - [MESSAGE][PASSED] - Object 'Object Repository/FDR-Receipt/FDR-Search-Receipt/noMatchingTasks' is present

2020-09-15 14:40:07 - [TEST_STEP][PASSED] - setText(findTestObject("Object Repository/FDR-Receipt/FDR-Search-Receipt/searchBar"), ""): Text '' is set on object 'Object Repository/FDR-Receipt/FDR-Search-Receipt/searchBar'

2020-09-15 14:40:07 - [MESSAGE][PASSED] - Text '' is set on object 'Object Repository/FDR-Receipt/FDR-Search-Receipt/searchBar'

2020-09-15 14:40:07 - [TEST_STEP][PASSED] - refresh(): Refresh successfully

2020-09-15 14:40:08 - [MESSAGE][PASSED] - Refresh successfully

2020-09-15 14:40:08 - [TEST_STEP][PASSED] - click(findTestObject("Object Repository/FDR-Receipt/FDR-Search-Receipt/searchBar")): Object: 'Object Repository/FDR-Receipt/FDR-Search-Receipt/searchBar' is clicked on

2020-09-15 14:40:08 - [MESSAGE][PASSED] - Object: 'Object Repository/FDR-Receipt/FDR-Search-Receipt/searchBar' is clicked on

2020-09-15 14:40:08 - [TEST_STEP][PASSED] - setText(findTestObject("Object Repository/FDR-Receipt/FDR-Search-Receipt/searchBar"), "fix"): Text 'fix' is set on object 'Object Repository/FDR-Receipt/FDR-Search-Receipt/searchBar'

2020-09-15 14:40:09 - [MESSAGE][PASSED] - Text 'fix' is set on object 'Object Repository/FDR-Receipt/FDR-Search-Receipt/searchBar'

2020-09-15 14:40:09 - [TEST_STEP][PASSED] - waitForElementPresent(findTestObject("Object Repository/FDR-Receipt/FDR-Search-Receipt/noMatchingTasks"), 2, STOP_ON_FAILURE): Object 'Object Repository/FDR-Receipt/FDR-Search-Receipt/noMatchingTasks' is present

2020-09-15 14:40:11 - [MESSAGE][PASSED] - Object 'Object Repository/FDR-Receipt/FDR-Search-Receipt/noMatchingTasks' is present

2020-09-15 14:40:11 - [TEST_STEP][PASSED] - setText(findTestObject("Object Repository/FDR-Receipt/FDR-Search-Receipt/searchBar"), ""): Text '' is set on object 'Object Repository/FDR-Receipt/FDR-Search-Receipt/searchBar'

2020-09-15 14:40:11 - [MESSAGE][PASSED] - Text '' is set on object 'Object Repository/FDR-Receipt/FDR-Search-Receipt/searchBar'

2020-09-15 14:40:11 - [TEST_STEP][PASSED] - refresh(): Refresh successfully

2020-09-15 14:40:12 - [MESSAGE][PASSED] - Refresh successfully

2020-09-15 14:40:12 - [TEST_STEP][PASSED] - click(findTestObject("Object Repository/FDR-Receipt/FDR-Search-Receipt/buttonResume")): Object: 'Object Repository/FDR-Receipt/FDR-Search-Receipt/buttonResume' is clicked on

2020-09-15 14:40:13 - [MESSAGE][PASSED] - Object: 'Object Repository/FDR-Receipt/FDR-Search-Receipt/buttonResume' is clicked on

2020-09-15 14:40:13 - [TEST_STEP][PASSED] - waitForElementPresent(findTestObject("Object Repository/FDR-Receipt/FDR-Search-Receipt/resumeBatch"), 2, STOP_ON_FAILURE): Object 'Object Repository/FDR-Receipt/FDR-Search-Receipt/resumeBatch' is present

2020-09-15 14:40:14 - [MESSAGE][PASSED] - Object 'Object Repository/FDR-Receipt/FDR-Search-Receipt/resumeBatch' is present

2020-09-15 14:40:14 - [TEST_STEP][PASSED] - click(findTestObject("Object Repository/FDR-Receipt/FDR-Search-Receipt/resumeBatch")): Object: 'Object Repository/FDR-Receipt/FDR-Search-Receipt/resumeBatch' is clicked on

2020-09-15 14:40:14 - [MESSAGE][PASSED] - Object: 'Object Repository/FDR-Receipt/FDR-Search-Receipt/resumeBatch' is clicked on

2020-09-15 14:40:14 - [TEST_STEP][PASSED] - delay(10): Delayed 10 second(s)

2020-09-15 14:40:24 - [MESSAGE][PASSED] - Delayed 10 second(s)

2020-09-15 14:40:24 - [TEST_STEP][PASSED] - waitForElementPresent(findTestObject("Object Repository/FDR-Receipt/FDR-ReceiptBatch/Fix/reviewButton"), 2, STOP_ON_FAILURE): Object 'Object Repository/FDR-Receipt/FDR-ReceiptBatch/Fix/reviewButton' is present

2020-09-15 14:40:25 - [MESSAGE][PASSED] - Object 'Object Repository/FDR-Receipt/FDR-ReceiptBatch/Fix/reviewButton' is present

2020-09-15 14:40:25 - [TEST_STEP][PASSED] - Start listener action : sampleAfterTestCase: Browser is closed

2020-09-15 14:40:25 - [TEST_STEP][PASSED] - profileName = getExecutionProfile(): null

2020-09-15 14:40:25 - [TEST_STEP][PASSED] - switch (profileName): null

2020-09-15 14:40:25 - [TEST_STEP][PASSED] - if (!(skipBeforeAndAfterTestCase)): Browser is closed

2020-09-15 14:40:25 - [TEST_STEP][PASSED] - Uifunctions.logoutFDR(): Browser is closed

2020-09-15 14:40:25 - [MESSAGE][PASSED] - Browser is closed

2020-09-15 14:40:25 - [TEST_STEP][PASSED] - Start listener action : afterTestCase: null

2020-09-15 14:40:25 - [TEST_STEP][PASSED] - profileName = getExecutionProfile(): null

2020-09-15 14:40:25 - [TEST_STEP][PASSED] - if (profileName.equalsIgnoreCase("SysAdmin")): null

2020-09-15 14:40:25 - [TEST_STEP][PASSED] - Start listener action : sampleAfterTestCase: null

2020-09-15 14:40:25 - [TEST_STEP][PASSED] - profileName = getExecutionProfile(): null

2020-09-15 14:40:25 - [TEST_STEP][PASSED] - switch (profileName): null

2020-09-15 14:40:25 - [TEST_STEP][PASSED] - Default: null

2020-09-15 14:40:25 - [TEST_STEP][PASSED] - return null: null

2020-09-15 14:40:25 - [TEST_STEP][PASSED] - Start listener action : addFailedTCToList: null]]></system-out>
         <system-err><![CDATA[]]></system-err>
      </testcase>
      <system-out><![CDATA[2020-09-15 14:22:16 - [TEST_SUITE][FAILED] - Receipt-Integration_Suite: Test Cases/WEB-UI-TESTS/Receipt/FDR-Receipts-FixStateReasons FAILED.
Reason:
com.kms.katalon.core.exception.StepFailedException: Verify element text of test object 'Object Repository/FDR-Receipt/FDR-ReceiptBatch/Fix/instructionsIncorrectDrawDate' FAILED.
	at com.kms.katalon.core.webui.keyword.internal.WebUIKeywordMain.stepFailed(WebUIKeywordMain.groovy:64)
	at com.kms.katalon.core.webui.keyword.internal.WebUIKeywordMain.runKeyword(WebUIKeywordMain.groovy:26)
	at com.kms.katalon.core.webui.keyword.builtin.VerifyElementTextKeyword.verifyElementText(VerifyElementTextKeyword.groovy:72)
	at com.kms.katalon.core.webui.keyword.builtin.VerifyElementTextKeyword.execute(VerifyElementTextKeyword.groovy:40)
	at com.kms.katalon.core.keyword.internal.KeywordExecutor.executeKeywordForPlatform(KeywordExecutor.groovy:73)
	at com.kms.katalon.core.webui.keyword.WebUiBuiltInKeywords.verifyElementText(WebUiBuiltInKeywords.groovy:3673)
	at com.kms.katalon.core.webui.keyword.WebUiBuiltInKeywords$verifyElementText$14.call(Unknown Source)
	at FDR-Receipts-FixStateReasons.run(FDR-Receipts-FixStateReasons:93)
	at com.kms.katalon.core.main.ScriptEngine.run(ScriptEngine.java:194)
	at com.kms.katalon.core.main.ScriptEngine.runScriptAsRawText(ScriptEngine.java:119)
	at com.kms.katalon.core.main.TestCaseExecutor.runScript(TestCaseExecutor.java:339)
	at com.kms.katalon.core.main.TestCaseExecutor.doExecute(TestCaseExecutor.java:330)
	at com.kms.katalon.core.main.TestCaseExecutor.processExecutionPhase(TestCaseExecutor.java:309)
	at com.kms.katalon.core.main.TestCaseExecutor.accessMainPhase(TestCaseExecutor.java:301)
	at com.kms.katalon.core.main.TestCaseExecutor.execute(TestCaseExecutor.java:235)
	at com.kms.katalon.core.main.TestSuiteExecutor.accessTestCaseMainPhase(TestSuiteExecutor.java:191)
	at com.kms.katalon.core.main.TestSuiteExecutor.accessTestSuiteMainPhase(TestSuiteExecutor.java:141)
	at com.kms.katalon.core.main.TestSuiteExecutor.execute(TestSuiteExecutor.java:90)
	at com.kms.katalon.core.main.TestCaseMain.startTestSuite(TestCaseMain.java:157)
	at com.kms.katalon.core.main.TestCaseMain$startTestSuite$0.call(Unknown Source)
	at TempTestSuite1600204928244.run(TempTestSuite1600204928244.groovy:39)
Caused by: com.kms.katalon.core.exception.StepFailedException: com.kms.katalon.core.webui.exception.WebElementNotFoundException: Web element with id: 'Object Repository/FDR-Receipt/FDR-ReceiptBatch/Fix/instructionsIncorrectDrawDate' located by '//span[contains(text(),'Incorrect')]' not found
	at com.kms.katalon.core.webui.keyword.internal.WebUIKeywordMain.stepFailed(WebUIKeywordMain.groovy:64)
	at com.kms.katalon.core.webui.keyword.builtin.VerifyElementTextKeyword$_verifyElementText_closure1.doCall(VerifyElementTextKeyword.groovy:64)
	at com.kms.katalon.core.webui.keyword.builtin.VerifyElementTextKeyword$_verifyElementText_closure1.call(VerifyElementTextKeyword.groovy)
	at com.kms.katalon.core.webui.keyword.internal.WebUIKeywordMain.runKeyword(WebUIKeywordMain.groovy:20)
	... 19 more]]></system-out>
      <system-err><![CDATA[2020-09-15 14:22:16 - [TEST_SUITE][FAILED] - Receipt-Integration_Suite: Test Cases/WEB-UI-TESTS/Receipt/FDR-Receipts-FixStateReasons FAILED.
Reason:
com.kms.katalon.core.exception.StepFailedException: Verify element text of test object 'Object Repository/FDR-Receipt/FDR-ReceiptBatch/Fix/instructionsIncorrectDrawDate' FAILED.
	at com.kms.katalon.core.webui.keyword.internal.WebUIKeywordMain.stepFailed(WebUIKeywordMain.groovy:64)
	at com.kms.katalon.core.webui.keyword.internal.WebUIKeywordMain.runKeyword(WebUIKeywordMain.groovy:26)
	at com.kms.katalon.core.webui.keyword.builtin.VerifyElementTextKeyword.verifyElementText(VerifyElementTextKeyword.groovy:72)
	at com.kms.katalon.core.webui.keyword.builtin.VerifyElementTextKeyword.execute(VerifyElementTextKeyword.groovy:40)
	at com.kms.katalon.core.keyword.internal.KeywordExecutor.executeKeywordForPlatform(KeywordExecutor.groovy:73)
	at com.kms.katalon.core.webui.keyword.WebUiBuiltInKeywords.verifyElementText(WebUiBuiltInKeywords.groovy:3673)
	at com.kms.katalon.core.webui.keyword.WebUiBuiltInKeywords$verifyElementText$14.call(Unknown Source)
	at FDR-Receipts-FixStateReasons.run(FDR-Receipts-FixStateReasons:93)
	at com.kms.katalon.core.main.ScriptEngine.run(ScriptEngine.java:194)
	at com.kms.katalon.core.main.ScriptEngine.runScriptAsRawText(ScriptEngine.java:119)
	at com.kms.katalon.core.main.TestCaseExecutor.runScript(TestCaseExecutor.java:339)
	at com.kms.katalon.core.main.TestCaseExecutor.doExecute(TestCaseExecutor.java:330)
	at com.kms.katalon.core.main.TestCaseExecutor.processExecutionPhase(TestCaseExecutor.java:309)
	at com.kms.katalon.core.main.TestCaseExecutor.accessMainPhase(TestCaseExecutor.java:301)
	at com.kms.katalon.core.main.TestCaseExecutor.execute(TestCaseExecutor.java:235)
	at com.kms.katalon.core.main.TestSuiteExecutor.accessTestCaseMainPhase(TestSuiteExecutor.java:191)
	at com.kms.katalon.core.main.TestSuiteExecutor.accessTestSuiteMainPhase(TestSuiteExecutor.java:141)
	at com.kms.katalon.core.main.TestSuiteExecutor.execute(TestSuiteExecutor.java:90)
	at com.kms.katalon.core.main.TestCaseMain.startTestSuite(TestCaseMain.java:157)
	at com.kms.katalon.core.main.TestCaseMain$startTestSuite$0.call(Unknown Source)
	at TempTestSuite1600204928244.run(TempTestSuite1600204928244.groovy:39)
Caused by: com.kms.katalon.core.exception.StepFailedException: com.kms.katalon.core.webui.exception.WebElementNotFoundException: Web element with id: 'Object Repository/FDR-Receipt/FDR-ReceiptBatch/Fix/instructionsIncorrectDrawDate' located by '//span[contains(text(),'Incorrect')]' not found
	at com.kms.katalon.core.webui.keyword.internal.WebUIKeywordMain.stepFailed(WebUIKeywordMain.groovy:64)
	at com.kms.katalon.core.webui.keyword.builtin.VerifyElementTextKeyword$_verifyElementText_closure1.doCall(VerifyElementTextKeyword.groovy:64)
	at com.kms.katalon.core.webui.keyword.builtin.VerifyElementTextKeyword$_verifyElementText_closure1.call(VerifyElementTextKeyword.groovy)
	at com.kms.katalon.core.webui.keyword.internal.WebUIKeywordMain.runKeyword(WebUIKeywordMain.groovy:20)
	... 19 more]]></system-err>
   </testsuite>
</testsuites>
