<?xml version="1.0" encoding="UTF-8"?>
<testsuites name="Draw-Integration_Suite" time="693.503" tests="5" failures="2" errors="0">
   <testsuite name="Draw-Integration_Suite" tests="5" failures="2" errors="0" time="693.503" timestamp="2020-09-16 09:38:42" hostname="nagesh.allu - DESKTOP-9VU7G8T.attlocal.net" id="Test Suites/Draw-Integration_Suite">
      <properties>
         <property name="deviceName" value=""/>
         <property name="devicePlatform" value=""/>
         <property name="logFolder" value="C:\\fdr-automation-develop_08_25_2020\\Reports\\20200916_093840\\Draw-Integration_Suite\\20200916_093840"/>
         <property name="logFiles" value="C:\\fdr-automation-develop_08_25_2020\\Reports\\20200916_093840\\Draw-Integration_Suite\\20200916_093840\\execution0.log"/>
         <property name="attachments" value="C:\\fdr-automation-develop_08_25_2020\\Reports\\20200916_093840\\Draw-Integration_Suite\\20200916_093840\\1600274562940.png, C:\\fdr-automation-develop_08_25_2020\\Reports\\20200916_093840\\Draw-Integration_Suite\\20200916_093840\\1600274574272.png, C:\\fdr-automation-develop_08_25_2020\\Reports\\20200916_093840\\Draw-Integration_Suite\\20200916_093840\\1600274581857.png, C:\\fdr-automation-develop_08_25_2020\\Reports\\20200916_093840\\Draw-Integration_Suite\\20200916_093840\\1600274589633.png, C:\\fdr-automation-develop_08_25_2020\\Reports\\20200916_093840\\Draw-Integration_Suite\\20200916_093840\\1600274597331.png, C:\\fdr-automation-develop_08_25_2020\\Reports\\20200916_093840\\Draw-Integration_Suite\\20200916_093840\\1600274604901.png, C:\\fdr-automation-develop_08_25_2020\\Reports\\20200916_093840\\Draw-Integration_Suite\\20200916_093840\\1600274614636.png, C:\\fdr-automation-develop_08_25_2020\\Reports\\20200916_093840\\Draw-Integration_Suite\\20200916_093840\\1600274624223.png, C:\\fdr-automation-develop_08_25_2020\\Reports\\20200916_093840\\Draw-Integration_Suite\\20200916_093840\\1600274631975.png, C:\\fdr-automation-develop_08_25_2020\\Reports\\20200916_093840\\Draw-Integration_Suite\\20200916_093840\\1600274639487.png, C:\\fdr-automation-develop_08_25_2020\\Reports\\20200916_093840\\Draw-Integration_Suite\\20200916_093840\\1600274647077.png, C:\\fdr-automation-develop_08_25_2020\\Reports\\20200916_093840\\Draw-Integration_Suite\\20200916_093840\\1600274675324.png, C:\\fdr-automation-develop_08_25_2020\\Reports\\20200916_093840\\Draw-Integration_Suite\\20200916_093840\\1600274977110.png"/>
         <property name="hostName" value="nagesh.allu - DESKTOP-9VU7G8T.attlocal.net"/>
         <property name="os" value="Windows 10 64bit"/>
         <property name="katalonVersion" value="7.6.6.205"/>
         <property name="browser" value="Chrome 85.0.4183.102"/>
         <property name="hostAddress" value="192.168.1.188"/>
         <property name="sessionId" value="398935a13e29323e0158fdf30e3a0a9e"/>
         <property name="seleniumVersion" value="3.141.59"/>
         <property name="proxyInformation" value="ProxyInformation { proxyOption=NO_PROXY, proxyServerType=HTTP, username=, password=********, proxyServerAddress=, proxyServerPort=0, executionList=&quot;&quot;, isApplyToDesiredCapabilities=true }"/>
         <property name="platform" value="Windows 10"/>
      </properties>
      <testcase name="Test Cases/WEB-UI-TESTS/Draw/FDR-Draw-Tabs" time="40.451" classname="Test Cases/WEB-UI-TESTS/Draw/FDR-Draw-Tabs" status="PASSED">
         <system-out><![CDATA[2020-09-16 09:38:42 - [TEST_CASE][PASSED] - Test Cases/WEB-UI-TESTS/Draw/FDR-Draw-Tabs: Test Cases/WEB-UI-TESTS/Draw/FDR-Draw-Tabs

2020-09-16 09:38:42 - [TEST_STEP][PASSED] - Start listener action : sampleBeforeTestCase: null

2020-09-16 09:38:42 - [TEST_STEP][PASSED] - profileName = getExecutionProfile(): null

2020-09-16 09:38:42 - [TEST_STEP][PASSED] - switch (profileName): null

2020-09-16 09:38:42 - [TEST_STEP][PASSED] - case "superUser":: null

2020-09-16 09:38:42 - [TEST_STEP][PASSED] - return null: null

2020-09-16 09:38:42 - [TEST_STEP][PASSED] - Start listener action : beforeTestCase: null

2020-09-16 09:38:42 - [TEST_STEP][PASSED] - profileName = getExecutionProfile(): null

2020-09-16 09:38:42 - [TEST_STEP][PASSED] - if (profileName.equalsIgnoreCase("SysAdmin")): null

2020-09-16 09:38:42 - [TEST_STEP][PASSED] - Start listener action : sampleBeforeTestCase: Navigate to 'https://fdr.cammis-mod-sit.dhcs.ca.gov' successfully

2020-09-16 09:38:42 - [TEST_STEP][PASSED] - profileName = getExecutionProfile(): null

2020-09-16 09:38:42 - [TEST_STEP][PASSED] - testCaseId = testCaseContext.getTestCaseId(): null

2020-09-16 09:38:42 - [TEST_STEP][PASSED] - switch (profileName): null

2020-09-16 09:38:42 - [TEST_STEP][PASSED] - case "Draw":: null

2020-09-16 09:38:42 - [TEST_STEP][PASSED] - if (account6TestCases.contains(testCaseId)): Object: 'Object Repository/FDR-SignIn/SignInButton' is clicked on

2020-09-16 09:38:42 - [TEST_STEP][PASSED] - Uifunctions.loginFDR(drawCashierAcc6, drawCashierAcc6Pwd): Object: 'Object Repository/FDR-SignIn/SignInButton' is clicked on

2020-09-16 09:38:42 - [MESSAGE][INFO] - Starting 'Chrome' driver

2020-09-16 09:38:42 - [MESSAGE][INFO] - Action delay is set to 0 milliseconds

2020-09-16 09:38:46 - [MESSAGE][PASSED] - Browser is opened with url: ''

2020-09-16 09:38:48 - [MESSAGE][PASSED] - Current window maximized

2020-09-16 09:38:52 - [MESSAGE][PASSED] - Navigate to 'https://fdr.cammis-mod-sit.dhcs.ca.gov' successfully

2020-09-16 09:38:53 - [MESSAGE][PASSED] - Object 'Object Repository/FDR-SignIn/SignInEmail' is present

2020-09-16 09:38:54 - [MESSAGE][PASSED] - Object: 'Object Repository/FDR-SignIn/SignInEmail' is clicked on

2020-09-16 09:38:54 - [MESSAGE][PASSED] - Object 'Object Repository/FDR-SignIn/SignInEmail' is present

2020-09-16 09:38:55 - [MESSAGE][PASSED] - Text 'fdr.test6@dhcs.ca.gov' is set on object 'Object Repository/FDR-SignIn/SignInEmail'

2020-09-16 09:38:55 - [MESSAGE][PASSED] - Object 'Object Repository/FDR-SignIn/SignInEmailNext' is visible

2020-09-16 09:38:55 - [MESSAGE][PASSED] - Object: 'Object Repository/FDR-SignIn/SignInEmailNext' is clicked on

2020-09-16 09:38:58 - [MESSAGE][PASSED] - Object 'Object Repository/FDR-SignIn/SignInEmailPassword' is visible

2020-09-16 09:38:59 - [MESSAGE][PASSED] - Object: 'Object Repository/FDR-SignIn/SignInEmailPassword' is clicked on

2020-09-16 09:38:59 - [MESSAGE][PASSED] - Text ****** has been set on object 'Object Repository/FDR-SignIn/SignInEmailPassword'

2020-09-16 09:39:03 - [MESSAGE][PASSED] - Object: 'Object Repository/FDR-SignIn/SignInButton' is clicked on

2020-09-16 09:39:03 - [TEST_STEP][PASSED] - break: null

2020-09-16 09:39:03 - [TEST_STEP][PASSED] - navigateToUrl(URL): Navigate to 'https://fdr.cammis-mod-sit.dhcs.ca.gov' successfully

2020-09-16 09:39:03 - [MESSAGE][PASSED] - Navigate to 'https://fdr.cammis-mod-sit.dhcs.ca.gov' successfully

2020-09-16 09:39:03 - [TEST_STEP][PASSED] - Start listener action : executeRows: null

2020-09-16 09:39:03 - [TEST_STEP][PASSED] - waitForElementPresent(findTestObject("FDR-Dashboard/createNewVoucherButton"), 2): Object 'Object Repository/FDR-Dashboard/createNewVoucherButton' is not present after 2 second(s)

2020-09-16 09:39:07 - [MESSAGE][INFO] - Unable to find the element located by 'By.xpath: //*[@data-id='button-link']//*[contains(text(),'Create New Voucher')]'. Please recheck the objects properties to make sure the desired element is located. 

2020-09-16 09:39:07 - [MESSAGE][WARNING] - Object 'Object Repository/FDR-Dashboard/createNewVoucherButton' is not present after 2 second(s)

2020-09-16 09:39:07 - [TEST_STEP][PASSED] - click(findTestObject("FDR-Draw/CompletedTabs/completedTab")): Object: 'Object Repository/FDR-Draw/CompletedTabs/completedTab' is clicked on

2020-09-16 09:39:07 - [MESSAGE][PASSED] - Object: 'Object Repository/FDR-Draw/CompletedTabs/completedTab' is clicked on

2020-09-16 09:39:07 - [TEST_STEP][PASSED] - waitForElementPresent(findTestObject("FDR-Draw/reconcileButton"), 2): Object 'Object Repository/FDR-Draw/reconcileButton' is not present after 2 second(s)

2020-09-16 09:39:10 - [MESSAGE][INFO] - Unable to find the element located by 'By.xpath: (//*[@data-id='button-link' ]//*[contains(text(),'Reconcile')])[1]'. Please recheck the objects properties to make sure the desired element is located. 

2020-09-16 09:39:10 - [MESSAGE][WARNING] - Object 'Object Repository/FDR-Draw/reconcileButton' is not present after 2 second(s)

2020-09-16 09:39:10 - [TEST_STEP][PASSED] - verifyElementPresent(findTestObject("FDR-Draw/CompletedTabs/drawDate"), 2): Object 'Object Repository/FDR-Draw/CompletedTabs/drawDate' is present

2020-09-16 09:39:11 - [MESSAGE][PASSED] - Object 'Object Repository/FDR-Draw/CompletedTabs/drawDate' is present

2020-09-16 09:39:11 - [TEST_STEP][PASSED] - waitForElementPresent(findTestObject("FDR-Draw/reconcileButton"), 2): Object 'Object Repository/FDR-Draw/reconcileButton' is not present after 2 second(s)

2020-09-16 09:39:14 - [MESSAGE][INFO] - Unable to find the element located by 'By.xpath: (//*[@data-id='button-link' ]//*[contains(text(),'Reconcile')])[1]'. Please recheck the objects properties to make sure the desired element is located. 

2020-09-16 09:39:14 - [MESSAGE][WARNING] - Object 'Object Repository/FDR-Draw/reconcileButton' is not present after 2 second(s)

2020-09-16 09:39:14 - [TEST_STEP][PASSED] - verifyElementPresent(findTestObject("FDR-Draw/CompletedTabs/drawDateLabel"), 2): Object 'Object Repository/FDR-Draw/CompletedTabs/drawDateLabel' is present

2020-09-16 09:39:14 - [MESSAGE][PASSED] - Object 'Object Repository/FDR-Draw/CompletedTabs/drawDateLabel' is present

2020-09-16 09:39:14 - [TEST_STEP][PASSED] - verifyElementPresent(findTestObject("FDR-Draw/CompletedTabs/depositDate"), 2): Object 'Object Repository/FDR-Draw/CompletedTabs/depositDate' is present

2020-09-16 09:39:14 - [MESSAGE][PASSED] - Object 'Object Repository/FDR-Draw/CompletedTabs/depositDate' is present

2020-09-16 09:39:14 - [TEST_STEP][PASSED] - waitForElementPresent(findTestObject("FDR-Draw/reconcileButton"), 2): Object 'Object Repository/FDR-Draw/reconcileButton' is not present after 2 second(s)

2020-09-16 09:39:18 - [MESSAGE][INFO] - Unable to find the element located by 'By.xpath: (//*[@data-id='button-link' ]//*[contains(text(),'Reconcile')])[1]'. Please recheck the objects properties to make sure the desired element is located. 

2020-09-16 09:39:18 - [MESSAGE][WARNING] - Object 'Object Repository/FDR-Draw/reconcileButton' is not present after 2 second(s)

2020-09-16 09:39:18 - [TEST_STEP][PASSED] - verifyElementPresent(findTestObject("FDR-Draw/CompletedTabs/depositDateLabel"), 2): Object 'Object Repository/FDR-Draw/CompletedTabs/depositDateLabel' is present

2020-09-16 09:39:18 - [MESSAGE][PASSED] - Object 'Object Repository/FDR-Draw/CompletedTabs/depositDateLabel' is present

2020-09-16 09:39:18 - [TEST_STEP][PASSED] - verifyElementPresent(findTestObject("FDR-Draw/CompletedTabs/transactionRequest1"), 2): Object 'Object Repository/FDR-Draw/CompletedTabs/transactionRequest1' is present

2020-09-16 09:39:18 - [MESSAGE][PASSED] - Object 'Object Repository/FDR-Draw/CompletedTabs/transactionRequest1' is present

2020-09-16 09:39:18 - [TEST_STEP][PASSED] - waitForElementPresent(findTestObject("FDR-Draw/reconcileButton"), 2): Object 'Object Repository/FDR-Draw/reconcileButton' is not present after 2 second(s)

2020-09-16 09:39:21 - [MESSAGE][INFO] - Unable to find the element located by 'By.xpath: (//*[@data-id='button-link' ]//*[contains(text(),'Reconcile')])[1]'. Please recheck the objects properties to make sure the desired element is located. 

2020-09-16 09:39:21 - [MESSAGE][WARNING] - Object 'Object Repository/FDR-Draw/reconcileButton' is not present after 2 second(s)

2020-09-16 09:39:21 - [TEST_STEP][PASSED] - verifyElementPresent(findTestObject("FDR-Draw/CompletedTabs/transactionRequest1Label1"), 2): Object 'Object Repository/FDR-Draw/CompletedTabs/transactionRequest1Label1' is present

2020-09-16 09:39:22 - [MESSAGE][PASSED] - Object 'Object Repository/FDR-Draw/CompletedTabs/transactionRequest1Label1' is present

2020-09-16 09:39:22 - [TEST_STEP][PASSED] - Start listener action : sampleAfterTestCase: null

2020-09-16 09:39:22 - [TEST_STEP][PASSED] - profileName = getExecutionProfile(): null

2020-09-16 09:39:22 - [TEST_STEP][PASSED] - switch (profileName): null

2020-09-16 09:39:22 - [TEST_STEP][PASSED] - case "superUser":: null

2020-09-16 09:39:22 - [TEST_STEP][PASSED] - return null: null

2020-09-16 09:39:22 - [TEST_STEP][PASSED] - Start listener action : afterTestCase: null

2020-09-16 09:39:22 - [TEST_STEP][PASSED] - profileName = getExecutionProfile(): null

2020-09-16 09:39:22 - [TEST_STEP][PASSED] - if (profileName.equalsIgnoreCase("SysAdmin")): null

2020-09-16 09:39:22 - [TEST_STEP][PASSED] - Start listener action : sampleAfterTestCase: null

2020-09-16 09:39:22 - [TEST_STEP][PASSED] - profileName = getExecutionProfile(): null

2020-09-16 09:39:22 - [TEST_STEP][PASSED] - switch (profileName): null

2020-09-16 09:39:22 - [TEST_STEP][PASSED] - case "Draw":: null

2020-09-16 09:39:22 - [TEST_STEP][PASSED] - Uifunctions.logoutFDR(): Browser is closed

2020-09-16 09:39:22 - [MESSAGE][PASSED] - Browser is closed

2020-09-16 09:39:22 - [TEST_STEP][PASSED] - break: null

2020-09-16 09:39:22 - [TEST_STEP][PASSED] - Start listener action : addFailedTCToList: null]]></system-out>
         <system-err><![CDATA[]]></system-err>
      </testcase>
      <testcase name="Test Cases/WEB-UI-TESTS/Draw/FDR-Draw-Voucher-Expanding-Collpasing" time="57.077" classname="Test Cases/WEB-UI-TESTS/Draw/FDR-Draw-Voucher-Expanding-Collpasing" status="PASSED">
         <system-out><![CDATA[2020-09-16 09:39:22 - [TEST_CASE][PASSED] - Test Cases/WEB-UI-TESTS/Draw/FDR-Draw-Voucher-Expanding-Collpasing: Test Cases/WEB-UI-TESTS/Draw/FDR-Draw-Voucher-Expanding-Collpasing

2020-09-16 09:39:22 - [TEST_STEP][PASSED] - Start listener action : sampleBeforeTestCase: null

2020-09-16 09:39:22 - [TEST_STEP][PASSED] - profileName = getExecutionProfile(): null

2020-09-16 09:39:22 - [TEST_STEP][PASSED] - switch (profileName): null

2020-09-16 09:39:22 - [TEST_STEP][PASSED] - case "superUser":: null

2020-09-16 09:39:22 - [TEST_STEP][PASSED] - return null: null

2020-09-16 09:39:22 - [TEST_STEP][PASSED] - Start listener action : beforeTestCase: null

2020-09-16 09:39:22 - [TEST_STEP][PASSED] - profileName = getExecutionProfile(): null

2020-09-16 09:39:22 - [TEST_STEP][PASSED] - if (profileName.equalsIgnoreCase("SysAdmin")): null

2020-09-16 09:39:22 - [TEST_STEP][PASSED] - Start listener action : sampleBeforeTestCase: Navigate to 'https://fdr.cammis-mod-sit.dhcs.ca.gov' successfully

2020-09-16 09:39:22 - [TEST_STEP][PASSED] - profileName = getExecutionProfile(): null

2020-09-16 09:39:22 - [TEST_STEP][PASSED] - testCaseId = testCaseContext.getTestCaseId(): null

2020-09-16 09:39:22 - [TEST_STEP][PASSED] - switch (profileName): null

2020-09-16 09:39:22 - [TEST_STEP][PASSED] - case "Draw":: null

2020-09-16 09:39:22 - [TEST_STEP][PASSED] - if (account6TestCases.contains(testCaseId)): Object: 'Object Repository/FDR-SignIn/SignInButton' is clicked on

2020-09-16 09:39:22 - [TEST_STEP][PASSED] - Uifunctions.loginFDR(drawCashierAcc6, drawCashierAcc6Pwd): Object: 'Object Repository/FDR-SignIn/SignInButton' is clicked on

2020-09-16 09:39:22 - [MESSAGE][INFO] - Starting 'Chrome' driver

2020-09-16 09:39:22 - [MESSAGE][INFO] - Action delay is set to 0 milliseconds

2020-09-16 09:39:25 - [MESSAGE][PASSED] - Browser is opened with url: ''

2020-09-16 09:39:27 - [MESSAGE][PASSED] - Current window maximized

2020-09-16 09:39:29 - [MESSAGE][PASSED] - Navigate to 'https://fdr.cammis-mod-sit.dhcs.ca.gov' successfully

2020-09-16 09:39:30 - [MESSAGE][PASSED] - Object 'Object Repository/FDR-SignIn/SignInEmail' is present

2020-09-16 09:39:30 - [MESSAGE][PASSED] - Object: 'Object Repository/FDR-SignIn/SignInEmail' is clicked on

2020-09-16 09:39:31 - [MESSAGE][PASSED] - Object 'Object Repository/FDR-SignIn/SignInEmail' is present

2020-09-16 09:39:31 - [MESSAGE][PASSED] - Text 'fdr.test6@dhcs.ca.gov' is set on object 'Object Repository/FDR-SignIn/SignInEmail'

2020-09-16 09:39:32 - [MESSAGE][PASSED] - Object 'Object Repository/FDR-SignIn/SignInEmailNext' is visible

2020-09-16 09:39:32 - [MESSAGE][PASSED] - Object: 'Object Repository/FDR-SignIn/SignInEmailNext' is clicked on

2020-09-16 09:39:35 - [MESSAGE][PASSED] - Object 'Object Repository/FDR-SignIn/SignInEmailPassword' is visible

2020-09-16 09:39:36 - [MESSAGE][PASSED] - Object: 'Object Repository/FDR-SignIn/SignInEmailPassword' is clicked on

2020-09-16 09:39:36 - [MESSAGE][PASSED] - Text ****** has been set on object 'Object Repository/FDR-SignIn/SignInEmailPassword'

2020-09-16 09:39:38 - [MESSAGE][PASSED] - Object: 'Object Repository/FDR-SignIn/SignInButton' is clicked on

2020-09-16 09:39:38 - [TEST_STEP][PASSED] - break: null

2020-09-16 09:39:38 - [TEST_STEP][PASSED] - navigateToUrl(URL): Navigate to 'https://fdr.cammis-mod-sit.dhcs.ca.gov' successfully

2020-09-16 09:39:38 - [MESSAGE][PASSED] - Navigate to 'https://fdr.cammis-mod-sit.dhcs.ca.gov' successfully

2020-09-16 09:39:38 - [TEST_STEP][PASSED] - Start listener action : executeRows: null

2020-09-16 09:39:38 - [TEST_STEP][PASSED] - drawDate = "10/21/2020": null

2020-09-16 09:39:38 - [TEST_STEP][PASSED] - Uifunctions.clickOnReconcileButton(drawDate): Object 'Object Repository/FDR-Dashboard/createNewVoucherButton' is not present after 3 second(s)

2020-09-16 09:39:40 - [MESSAGE][PASSED] - Object: 'expandButton' is clicked on

2020-09-16 09:39:44 - [MESSAGE][INFO] - Unable to find the element located by 'By.xpath: //*[@data-id='button-link']//*[contains(text(),'Create New Voucher')]'. Please recheck the objects properties to make sure the desired element is located. 

2020-09-16 09:39:44 - [MESSAGE][WARNING] - Object 'Object Repository/FDR-Dashboard/createNewVoucherButton' is not present after 3 second(s)

2020-09-16 09:39:45 - [MESSAGE][PASSED] - Text of object 'drawDate' is: '10/21/2020'

2020-09-16 09:39:45 - [MESSAGE][PASSED] - Object: 'expandButton' is clicked on

2020-09-16 09:39:47 - [MESSAGE][INFO] - Unable to find the element located by 'By.xpath: //*[@data-id='button-link']//*[contains(text(),'Create New Voucher')]'. Please recheck the objects properties to make sure the desired element is located. 

2020-09-16 09:39:47 - [MESSAGE][WARNING] - Object 'Object Repository/FDR-Dashboard/createNewVoucherButton' is not present after 1 second(s)

2020-09-16 09:39:48 - [MESSAGE][PASSED] - Object: 'reconcileButton' is clicked on

2020-09-16 09:39:52 - [MESSAGE][INFO] - Unable to find the element located by 'By.xpath: //*[@data-id='button-link']//*[contains(text(),'Create New Voucher')]'. Please recheck the objects properties to make sure the desired element is located. 

2020-09-16 09:39:52 - [MESSAGE][WARNING] - Object 'Object Repository/FDR-Dashboard/createNewVoucherButton' is not present after 3 second(s)

2020-09-16 09:39:52 - [TEST_STEP][PASSED] - delay(5): Delayed 5 second(s)

2020-09-16 09:39:58 - [MESSAGE][PASSED] - Delayed 5 second(s)

2020-09-16 09:39:58 - [TEST_STEP][PASSED] - waitForElementPresent(findTestObject("FDR-Dashboard/createNewVoucherButton"), 4): Object 'Object Repository/FDR-Dashboard/createNewVoucherButton' is not present after 4 second(s)

2020-09-16 09:40:03 - [MESSAGE][INFO] - Unable to find the element located by 'By.xpath: //*[@data-id='button-link']//*[contains(text(),'Create New Voucher')]'. Please recheck the objects properties to make sure the desired element is located. 

2020-09-16 09:40:03 - [MESSAGE][WARNING] - Object 'Object Repository/FDR-Dashboard/createNewVoucherButton' is not present after 4 second(s)

2020-09-16 09:40:03 - [TEST_STEP][PASSED] - scrollToElement(findTestObject("FDR-Draw/VoucherExpenditure/voucherLineAmt"), 3): Scroll to object 'Object Repository/FDR-Draw/VoucherExpenditure/voucherLineAmt' successfully

2020-09-16 09:40:03 - [MESSAGE][PASSED] - Scroll to object 'Object Repository/FDR-Draw/VoucherExpenditure/voucherLineAmt' successfully

2020-09-16 09:40:03 - [TEST_STEP][PASSED] - verifyElementPresent(findTestObject("FDR-Draw/VoucherExpenditure/voucherLineAmt"), 2): Object 'Object Repository/FDR-Draw/VoucherExpenditure/voucherLineAmt' is present

2020-09-16 09:40:03 - [MESSAGE][PASSED] - Object 'Object Repository/FDR-Draw/VoucherExpenditure/voucherLineAmt' is present

2020-09-16 09:40:03 - [TEST_STEP][PASSED] - click(findTestObject("FDR-Draw/VoucherExpenditure/receiptExpandButton1")): Object: 'Object Repository/FDR-Draw/VoucherExpenditure/receiptExpandButton1' is clicked on

2020-09-16 09:40:04 - [MESSAGE][PASSED] - Object: 'Object Repository/FDR-Draw/VoucherExpenditure/receiptExpandButton1' is clicked on

2020-09-16 09:40:04 - [TEST_STEP][PASSED] - verifyElementPresent(findTestObject("FDR-Draw/VoucherExpenditure/voucherLineAmt2"), 3): Object 'Object Repository/FDR-Draw/VoucherExpenditure/voucherLineAmt2' is present

2020-09-16 09:40:04 - [MESSAGE][PASSED] - Object 'Object Repository/FDR-Draw/VoucherExpenditure/voucherLineAmt2' is present

2020-09-16 09:40:04 - [TEST_STEP][PASSED] - waitForElementPresent(findTestObject("FDR-Dashboard/createNewVoucherButton"), 4): Object 'Object Repository/FDR-Dashboard/createNewVoucherButton' is not present after 4 second(s)

2020-09-16 09:40:09 - [MESSAGE][INFO] - Unable to find the element located by 'By.xpath: //*[@data-id='button-link']//*[contains(text(),'Create New Voucher')]'. Please recheck the objects properties to make sure the desired element is located. 

2020-09-16 09:40:09 - [MESSAGE][WARNING] - Object 'Object Repository/FDR-Dashboard/createNewVoucherButton' is not present after 4 second(s)

2020-09-16 09:40:09 - [TEST_STEP][PASSED] - click(findTestObject("FDR-Draw/VoucherExpenditure/receiptExpandButton1")): Object: 'Object Repository/FDR-Draw/VoucherExpenditure/receiptExpandButton1' is clicked on

2020-09-16 09:40:10 - [MESSAGE][PASSED] - Object: 'Object Repository/FDR-Draw/VoucherExpenditure/receiptExpandButton1' is clicked on

2020-09-16 09:40:10 - [TEST_STEP][PASSED] - waitForElementPresent(findTestObject("FDR-Dashboard/createNewVoucherButton"), 4): Object 'Object Repository/FDR-Dashboard/createNewVoucherButton' is not present after 4 second(s)

2020-09-16 09:40:15 - [MESSAGE][INFO] - Unable to find the element located by 'By.xpath: //*[@data-id='button-link']//*[contains(text(),'Create New Voucher')]'. Please recheck the objects properties to make sure the desired element is located. 

2020-09-16 09:40:15 - [MESSAGE][WARNING] - Object 'Object Repository/FDR-Dashboard/createNewVoucherButton' is not present after 4 second(s)

2020-09-16 09:40:15 - [TEST_STEP][PASSED] - scrollToElement(findTestObject("FDR-Draw/VoucherExpenditure/receiptLineAmt"), 4): Scroll to object 'Object Repository/FDR-Draw/VoucherExpenditure/receiptLineAmt' successfully

2020-09-16 09:40:15 - [MESSAGE][PASSED] - Scroll to object 'Object Repository/FDR-Draw/VoucherExpenditure/receiptLineAmt' successfully

2020-09-16 09:40:15 - [TEST_STEP][PASSED] - waitForElementPresent(findTestObject("FDR-Draw/reconcileButton"), 2): Object 'Object Repository/FDR-Draw/reconcileButton' is not present after 2 second(s)

2020-09-16 09:40:18 - [MESSAGE][INFO] - Unable to find the element located by 'By.xpath: (//*[@data-id='button-link' ]//*[contains(text(),'Reconcile')])[1]'. Please recheck the objects properties to make sure the desired element is located. 

2020-09-16 09:40:18 - [MESSAGE][WARNING] - Object 'Object Repository/FDR-Draw/reconcileButton' is not present after 2 second(s)

2020-09-16 09:40:18 - [TEST_STEP][PASSED] - verifyElementPresent(findTestObject("FDR-Draw/VoucherExpenditure/receiptLineAmt"), 4): Object 'Object Repository/FDR-Draw/VoucherExpenditure/receiptLineAmt' is present

2020-09-16 09:40:19 - [MESSAGE][PASSED] - Object 'Object Repository/FDR-Draw/VoucherExpenditure/receiptLineAmt' is present

2020-09-16 09:40:19 - [TEST_STEP][PASSED] - Start listener action : sampleAfterTestCase: null

2020-09-16 09:40:19 - [TEST_STEP][PASSED] - profileName = getExecutionProfile(): null

2020-09-16 09:40:19 - [TEST_STEP][PASSED] - switch (profileName): null

2020-09-16 09:40:19 - [TEST_STEP][PASSED] - case "superUser":: null

2020-09-16 09:40:19 - [TEST_STEP][PASSED] - return null: null

2020-09-16 09:40:19 - [TEST_STEP][PASSED] - Start listener action : afterTestCase: null

2020-09-16 09:40:19 - [TEST_STEP][PASSED] - profileName = getExecutionProfile(): null

2020-09-16 09:40:19 - [TEST_STEP][PASSED] - if (profileName.equalsIgnoreCase("SysAdmin")): null

2020-09-16 09:40:19 - [TEST_STEP][PASSED] - Start listener action : sampleAfterTestCase: null

2020-09-16 09:40:19 - [TEST_STEP][PASSED] - profileName = getExecutionProfile(): null

2020-09-16 09:40:19 - [TEST_STEP][PASSED] - switch (profileName): null

2020-09-16 09:40:19 - [TEST_STEP][PASSED] - case "Draw":: null

2020-09-16 09:40:19 - [TEST_STEP][PASSED] - Uifunctions.logoutFDR(): Browser is closed

2020-09-16 09:40:19 - [MESSAGE][PASSED] - Browser is closed

2020-09-16 09:40:19 - [TEST_STEP][PASSED] - break: null

2020-09-16 09:40:19 - [TEST_STEP][PASSED] - Start listener action : addFailedTCToList: null]]></system-out>
         <system-err><![CDATA[]]></system-err>
      </testcase>
      <testcase name="Test Cases/WEB-UI-TESTS/Draw/FDR-Voucher-Expenditure-Validation" time="50.114" classname="Test Cases/WEB-UI-TESTS/Draw/FDR-Voucher-Expenditure-Validation" status="PASSED">
         <system-out><![CDATA[2020-09-16 09:40:19 - [TEST_CASE][PASSED] - Test Cases/WEB-UI-TESTS/Draw/FDR-Voucher-Expenditure-Validation: Test Cases/WEB-UI-TESTS/Draw/FDR-Voucher-Expenditure-Validation

2020-09-16 09:40:19 - [TEST_STEP][PASSED] - Start listener action : sampleBeforeTestCase: null

2020-09-16 09:40:19 - [TEST_STEP][PASSED] - profileName = getExecutionProfile(): null

2020-09-16 09:40:19 - [TEST_STEP][PASSED] - switch (profileName): null

2020-09-16 09:40:19 - [TEST_STEP][PASSED] - case "superUser":: null

2020-09-16 09:40:19 - [TEST_STEP][PASSED] - return null: null

2020-09-16 09:40:19 - [TEST_STEP][PASSED] - Start listener action : beforeTestCase: null

2020-09-16 09:40:19 - [TEST_STEP][PASSED] - profileName = getExecutionProfile(): null

2020-09-16 09:40:19 - [TEST_STEP][PASSED] - if (profileName.equalsIgnoreCase("SysAdmin")): null

2020-09-16 09:40:19 - [TEST_STEP][PASSED] - Start listener action : sampleBeforeTestCase: Navigate to 'https://fdr.cammis-mod-sit.dhcs.ca.gov' successfully

2020-09-16 09:40:19 - [TEST_STEP][PASSED] - profileName = getExecutionProfile(): null

2020-09-16 09:40:19 - [TEST_STEP][PASSED] - testCaseId = testCaseContext.getTestCaseId(): null

2020-09-16 09:40:19 - [TEST_STEP][PASSED] - switch (profileName): null

2020-09-16 09:40:19 - [TEST_STEP][PASSED] - case "Draw":: null

2020-09-16 09:40:19 - [TEST_STEP][PASSED] - if (account6TestCases.contains(testCaseId)): Object: 'Object Repository/FDR-SignIn/SignInButton' is clicked on

2020-09-16 09:40:19 - [TEST_STEP][PASSED] - Uifunctions.loginFDR(drawCashierAcc6, drawCashierAcc6Pwd): Object: 'Object Repository/FDR-SignIn/SignInButton' is clicked on

2020-09-16 09:40:19 - [MESSAGE][INFO] - Starting 'Chrome' driver

2020-09-16 09:40:19 - [MESSAGE][INFO] - Action delay is set to 0 milliseconds

2020-09-16 09:40:22 - [MESSAGE][PASSED] - Browser is opened with url: ''

2020-09-16 09:40:24 - [MESSAGE][PASSED] - Current window maximized

2020-09-16 09:40:25 - [MESSAGE][PASSED] - Navigate to 'https://fdr.cammis-mod-sit.dhcs.ca.gov' successfully

2020-09-16 09:40:27 - [MESSAGE][PASSED] - Object 'Object Repository/FDR-SignIn/SignInEmail' is present

2020-09-16 09:40:27 - [MESSAGE][PASSED] - Object: 'Object Repository/FDR-SignIn/SignInEmail' is clicked on

2020-09-16 09:40:27 - [MESSAGE][PASSED] - Object 'Object Repository/FDR-SignIn/SignInEmail' is present

2020-09-16 09:40:28 - [MESSAGE][PASSED] - Text 'fdr.test6@dhcs.ca.gov' is set on object 'Object Repository/FDR-SignIn/SignInEmail'

2020-09-16 09:40:28 - [MESSAGE][PASSED] - Object 'Object Repository/FDR-SignIn/SignInEmailNext' is visible

2020-09-16 09:40:29 - [MESSAGE][PASSED] - Object: 'Object Repository/FDR-SignIn/SignInEmailNext' is clicked on

2020-09-16 09:40:32 - [MESSAGE][PASSED] - Object 'Object Repository/FDR-SignIn/SignInEmailPassword' is visible

2020-09-16 09:40:32 - [MESSAGE][PASSED] - Object: 'Object Repository/FDR-SignIn/SignInEmailPassword' is clicked on

2020-09-16 09:40:32 - [MESSAGE][PASSED] - Text ****** has been set on object 'Object Repository/FDR-SignIn/SignInEmailPassword'

2020-09-16 09:40:34 - [MESSAGE][PASSED] - Object: 'Object Repository/FDR-SignIn/SignInButton' is clicked on

2020-09-16 09:40:34 - [TEST_STEP][PASSED] - break: null

2020-09-16 09:40:34 - [TEST_STEP][PASSED] - navigateToUrl(URL): Navigate to 'https://fdr.cammis-mod-sit.dhcs.ca.gov' successfully

2020-09-16 09:40:35 - [MESSAGE][PASSED] - Navigate to 'https://fdr.cammis-mod-sit.dhcs.ca.gov' successfully

2020-09-16 09:40:35 - [TEST_STEP][PASSED] - Start listener action : executeRows: null

2020-09-16 09:40:35 - [TEST_STEP][PASSED] - drawDate = "10/21/2020": null

2020-09-16 09:40:35 - [TEST_STEP][PASSED] - waitForElementPresent(findTestObject("FDR-Dashboard/createNewVoucherButton"), 2): Object 'Object Repository/FDR-Dashboard/createNewVoucherButton' is not present after 2 second(s)

2020-09-16 09:40:38 - [MESSAGE][INFO] - Unable to find the element located by 'By.xpath: //*[@data-id='button-link']//*[contains(text(),'Create New Voucher')]'. Please recheck the objects properties to make sure the desired element is located. 

2020-09-16 09:40:38 - [MESSAGE][WARNING] - Object 'Object Repository/FDR-Dashboard/createNewVoucherButton' is not present after 2 second(s)

2020-09-16 09:40:38 - [TEST_STEP][PASSED] - Uifunctions.clickOnReconcileButton(drawDate): Object 'Object Repository/FDR-Dashboard/createNewVoucherButton' is not present after 3 second(s)

2020-09-16 09:40:38 - [MESSAGE][PASSED] - Object: 'expandButton' is clicked on

2020-09-16 09:40:42 - [MESSAGE][INFO] - Unable to find the element located by 'By.xpath: //*[@data-id='button-link']//*[contains(text(),'Create New Voucher')]'. Please recheck the objects properties to make sure the desired element is located. 

2020-09-16 09:40:42 - [MESSAGE][WARNING] - Object 'Object Repository/FDR-Dashboard/createNewVoucherButton' is not present after 3 second(s)

2020-09-16 09:40:43 - [MESSAGE][PASSED] - Text of object 'drawDate' is: '10/21/2020'

2020-09-16 09:40:43 - [MESSAGE][PASSED] - Object: 'expandButton' is clicked on

2020-09-16 09:40:45 - [MESSAGE][INFO] - Unable to find the element located by 'By.xpath: //*[@data-id='button-link']//*[contains(text(),'Create New Voucher')]'. Please recheck the objects properties to make sure the desired element is located. 

2020-09-16 09:40:45 - [MESSAGE][WARNING] - Object 'Object Repository/FDR-Dashboard/createNewVoucherButton' is not present after 1 second(s)

2020-09-16 09:40:46 - [MESSAGE][PASSED] - Object: 'reconcileButton' is clicked on

2020-09-16 09:40:50 - [MESSAGE][INFO] - Unable to find the element located by 'By.xpath: //*[@data-id='button-link']//*[contains(text(),'Create New Voucher')]'. Please recheck the objects properties to make sure the desired element is located. 

2020-09-16 09:40:50 - [MESSAGE][WARNING] - Object 'Object Repository/FDR-Dashboard/createNewVoucherButton' is not present after 3 second(s)

2020-09-16 09:40:50 - [TEST_STEP][PASSED] - delay(5): Delayed 5 second(s)

2020-09-16 09:40:55 - [MESSAGE][PASSED] - Delayed 5 second(s)

2020-09-16 09:40:55 - [TEST_STEP][PASSED] - waitForElementPresent(findTestObject("FDR-Dashboard/createNewVoucherButton"), 4): Object 'Object Repository/FDR-Dashboard/createNewVoucherButton' is not present after 4 second(s)

2020-09-16 09:41:01 - [MESSAGE][INFO] - Unable to find the element located by 'By.xpath: //*[@data-id='button-link']//*[contains(text(),'Create New Voucher')]'. Please recheck the objects properties to make sure the desired element is located. 

2020-09-16 09:41:01 - [MESSAGE][WARNING] - Object 'Object Repository/FDR-Dashboard/createNewVoucherButton' is not present after 4 second(s)

2020-09-16 09:41:01 - [TEST_STEP][PASSED] - verifyElementPresent(findTestObject("FDR-Draw/VoucherExpenditure/voucherNum"), 2): Object 'Object Repository/FDR-Draw/VoucherExpenditure/voucherNum' is present

2020-09-16 09:41:01 - [MESSAGE][PASSED] - Object 'Object Repository/FDR-Draw/VoucherExpenditure/voucherNum' is present

2020-09-16 09:41:01 - [TEST_STEP][PASSED] - verifyElementPresent(findTestObject("FDR-Draw/VoucherExpenditure/amount1"), 100): Object 'Object Repository/FDR-Draw/VoucherExpenditure/amount1' is present

2020-09-16 09:41:01 - [MESSAGE][PASSED] - Object 'Object Repository/FDR-Draw/VoucherExpenditure/amount1' is present

2020-09-16 09:41:01 - [TEST_STEP][PASSED] - verifyElementPresent(findTestObject("FDR-Draw/ColumnHeaderValidation/federalFund(0890)"), 2): Object 'Object Repository/FDR-Draw/ColumnHeaderValidation/federalFund(0890)' is present

2020-09-16 09:41:02 - [MESSAGE][PASSED] - Object 'Object Repository/FDR-Draw/ColumnHeaderValidation/federalFund(0890)' is present

2020-09-16 09:41:02 - [TEST_STEP][PASSED] - verifyElementPresent(findTestObject("FDR-Draw/ColumnHeaderValidation/fy2019MA113"), 2): Object 'Object Repository/FDR-Draw/ColumnHeaderValidation/fy2019MA113' is present

2020-09-16 09:41:02 - [MESSAGE][PASSED] - Object 'Object Repository/FDR-Draw/ColumnHeaderValidation/fy2019MA113' is present

2020-09-16 09:41:02 - [TEST_STEP][PASSED] - verifyElementPresent(findTestObject("FDR-Draw/ColumnHeaderValidation/title21CHIP"), 2): Object 'Object Repository/FDR-Draw/ColumnHeaderValidation/title21CHIP' is present

2020-09-16 09:41:02 - [MESSAGE][PASSED] - Object 'Object Repository/FDR-Draw/ColumnHeaderValidation/title21CHIP' is present

2020-09-16 09:41:02 - [TEST_STEP][PASSED] - verifyElementPresent(findTestObject("FDR-Draw/ColumnHeaderValidation/113-20-10-030"), 2): Object 'Object Repository/FDR-Draw/ColumnHeaderValidation/113-20-10-030' is present

2020-09-16 09:41:02 - [MESSAGE][PASSED] - Object 'Object Repository/FDR-Draw/ColumnHeaderValidation/113-20-10-030' is present

2020-09-16 09:41:02 - [TEST_STEP][PASSED] - verifyElementPresent(findTestObject("FDR-Draw/ColumnHeaderValidation/federalFund(0890)Col2"), 2): Object 'Object Repository/FDR-Draw/ColumnHeaderValidation/federalFund(0890)Col2' is present

2020-09-16 09:41:03 - [MESSAGE][PASSED] - Object 'Object Repository/FDR-Draw/ColumnHeaderValidation/federalFund(0890)Col2' is present

2020-09-16 09:41:03 - [TEST_STEP][PASSED] - verifyElementPresent(findTestObject("FDR-Draw/ColumnHeaderValidation/fy2019MA101"), 2): Object 'Object Repository/FDR-Draw/ColumnHeaderValidation/fy2019MA101' is present

2020-09-16 09:41:03 - [MESSAGE][PASSED] - Object 'Object Repository/FDR-Draw/ColumnHeaderValidation/fy2019MA101' is present

2020-09-16 09:41:03 - [TEST_STEP][PASSED] - verifyElementPresent(findTestObject("FDR-Draw/ColumnHeaderValidation/Title19-MAP"), 2): Object 'Object Repository/FDR-Draw/ColumnHeaderValidation/Title19-MAP' is present

2020-09-16 09:41:03 - [MESSAGE][PASSED] - Object 'Object Repository/FDR-Draw/ColumnHeaderValidation/Title19-MAP' is present

2020-09-16 09:41:03 - [TEST_STEP][PASSED] - verifyElementPresent(findTestObject("FDR-Draw/ColumnHeaderValidation/101-20-10-030"), 2): Object 'Object Repository/FDR-Draw/ColumnHeaderValidation/101-20-10-030' is present

2020-09-16 09:41:04 - [MESSAGE][PASSED] - Object 'Object Repository/FDR-Draw/ColumnHeaderValidation/101-20-10-030' is present

2020-09-16 09:41:04 - [TEST_STEP][PASSED] - verifyElementPresent(findTestObject("FDR-Draw/ColumnHeaderValidation/genFund(0001)"), 2): Object 'Object Repository/FDR-Draw/ColumnHeaderValidation/genFund(0001)' is present

2020-09-16 09:41:04 - [MESSAGE][PASSED] - Object 'Object Repository/FDR-Draw/ColumnHeaderValidation/genFund(0001)' is present

2020-09-16 09:41:04 - [TEST_STEP][PASSED] - verifyElementPresent(findTestObject("FDR-Draw/ColumnHeaderValidation/fy2019MA101"), 2): Object 'Object Repository/FDR-Draw/ColumnHeaderValidation/fy2019MA101' is present

2020-09-16 09:41:04 - [MESSAGE][PASSED] - Object 'Object Repository/FDR-Draw/ColumnHeaderValidation/fy2019MA101' is present

2020-09-16 09:41:04 - [TEST_STEP][PASSED] - verifyElementPresent(findTestObject("FDR-Draw/ColumnHeaderValidation/101-20-10-030 -3rdcol"), 2): Object 'Object Repository/FDR-Draw/ColumnHeaderValidation/101-20-10-030 -3rdcol' is present

2020-09-16 09:41:05 - [MESSAGE][PASSED] - Object 'Object Repository/FDR-Draw/ColumnHeaderValidation/101-20-10-030 -3rdcol' is present

2020-09-16 09:41:05 - [TEST_STEP][PASSED] - verifyElementPresent(findTestObject("FDR-Draw/ColumnHeaderValidation/stateOnlyRefugee(0001)"), 2): Object 'Object Repository/FDR-Draw/ColumnHeaderValidation/stateOnlyRefugee(0001)' is present

2020-09-16 09:41:05 - [MESSAGE][PASSED] - Object 'Object Repository/FDR-Draw/ColumnHeaderValidation/stateOnlyRefugee(0001)' is present

2020-09-16 09:41:05 - [TEST_STEP][PASSED] - verifyElementPresent(findTestObject("FDR-Draw/ColumnHeaderValidation/fy2019Refugee"), 2): Object 'Object Repository/FDR-Draw/ColumnHeaderValidation/fy2019Refugee' is present

2020-09-16 09:41:05 - [MESSAGE][PASSED] - Object 'Object Repository/FDR-Draw/ColumnHeaderValidation/fy2019Refugee' is present

2020-09-16 09:41:05 - [TEST_STEP][PASSED] - verifyElementPresent(findTestObject("FDR-Draw/ColumnHeaderValidation/non-FedFundHQAF(3158)"), 2): Object 'Object Repository/FDR-Draw/ColumnHeaderValidation/non-FedFundHQAF(3158)' is present

2020-09-16 09:41:05 - [MESSAGE][PASSED] - Object 'Object Repository/FDR-Draw/ColumnHeaderValidation/non-FedFundHQAF(3158)' is present

2020-09-16 09:41:05 - [TEST_STEP][PASSED] - verifyElementPresent(findTestObject("FDR-Draw/ColumnHeaderValidation/fy2019MA(611)HQAF"), 2): Object 'Object Repository/FDR-Draw/ColumnHeaderValidation/fy2019MA(611)HQAF' is present

2020-09-16 09:41:06 - [MESSAGE][PASSED] - Object 'Object Repository/FDR-Draw/ColumnHeaderValidation/fy2019MA(611)HQAF' is present

2020-09-16 09:41:06 - [TEST_STEP][PASSED] - verifyElementPresent(findTestObject("FDR-Draw/ColumnHeaderValidation/611-SB 239(2013)HQAF"), 2): Object 'Object Repository/FDR-Draw/ColumnHeaderValidation/611-SB 239(2013)HQAF' is present

2020-09-16 09:41:06 - [MESSAGE][PASSED] - Object 'Object Repository/FDR-Draw/ColumnHeaderValidation/611-SB 239(2013)HQAF' is present

2020-09-16 09:41:06 - [TEST_STEP][PASSED] - verifyElementPresent(findTestObject("FDR-Draw/ColumnHeaderValidation/fy2019Refugee"), 2): Object 'Object Repository/FDR-Draw/ColumnHeaderValidation/fy2019Refugee' is present

2020-09-16 09:41:06 - [MESSAGE][PASSED] - Object 'Object Repository/FDR-Draw/ColumnHeaderValidation/fy2019Refugee' is present

2020-09-16 09:41:06 - [TEST_STEP][PASSED] - verifyElementPresent(findTestObject("FDR-Draw/ColumnHeaderValidation/fedFundHQAF(0890)"), 2): Object 'Object Repository/FDR-Draw/ColumnHeaderValidation/fedFundHQAF(0890)' is present

2020-09-16 09:41:06 - [MESSAGE][PASSED] - Object 'Object Repository/FDR-Draw/ColumnHeaderValidation/fedFundHQAF(0890)' is present

2020-09-16 09:41:06 - [TEST_STEP][PASSED] - verifyElementPresent(findTestObject("FDR-Draw/ColumnHeaderValidation/fy2019MA(611)HQAF-6thcol"), 2): Object 'Object Repository/FDR-Draw/ColumnHeaderValidation/fy2019MA(611)HQAF-6thcol' is present

2020-09-16 09:41:07 - [MESSAGE][PASSED] - Object 'Object Repository/FDR-Draw/ColumnHeaderValidation/fy2019MA(611)HQAF-6thcol' is present

2020-09-16 09:41:07 - [TEST_STEP][PASSED] - verifyElementPresent(findTestObject("FDR-Draw/ColumnHeaderValidation/611-SB 239(2013)HQAF-6thCol"), 2): Object 'Object Repository/FDR-Draw/ColumnHeaderValidation/611-SB 239(2013)HQAF-6thCol' is present

2020-09-16 09:41:07 - [MESSAGE][PASSED] - Object 'Object Repository/FDR-Draw/ColumnHeaderValidation/611-SB 239(2013)HQAF-6thCol' is present

2020-09-16 09:41:07 - [TEST_STEP][PASSED] - verifyElementPresent(findTestObject("FDR-Draw/ColumnHeaderValidation/fedFundHQAF(0890)-7thCol"), 2): Object 'Object Repository/FDR-Draw/ColumnHeaderValidation/fedFundHQAF(0890)-7thCol' is present

2020-09-16 09:41:07 - [MESSAGE][PASSED] - Object 'Object Repository/FDR-Draw/ColumnHeaderValidation/fedFundHQAF(0890)-7thCol' is present

2020-09-16 09:41:07 - [TEST_STEP][PASSED] - verifyElementPresent(findTestObject("FDR-Draw/ColumnHeaderValidation/fy2019MA(611)-7thcol"), 2): Object 'Object Repository/FDR-Draw/ColumnHeaderValidation/fy2019MA(611)-7thcol' is present

2020-09-16 09:41:08 - [MESSAGE][PASSED] - Object 'Object Repository/FDR-Draw/ColumnHeaderValidation/fy2019MA(611)-7thcol' is present

2020-09-16 09:41:08 - [TEST_STEP][PASSED] - verifyElementPresent(findTestObject("FDR-Draw/ColumnHeaderValidation/title21CHIP-7thCol"), 2): Object 'Object Repository/FDR-Draw/ColumnHeaderValidation/title21CHIP-7thCol' is present

2020-09-16 09:41:08 - [MESSAGE][PASSED] - Object 'Object Repository/FDR-Draw/ColumnHeaderValidation/title21CHIP-7thCol' is present

2020-09-16 09:41:08 - [TEST_STEP][PASSED] - verifyElementPresent(findTestObject("FDR-Draw/ColumnHeaderValidation/611-SB 239(2013)HQAF-7thCol"), 2): Object 'Object Repository/FDR-Draw/ColumnHeaderValidation/611-SB 239(2013)HQAF-7thCol' is present

2020-09-16 09:41:08 - [MESSAGE][PASSED] - Object 'Object Repository/FDR-Draw/ColumnHeaderValidation/611-SB 239(2013)HQAF-7thCol' is present

2020-09-16 09:41:08 - [TEST_STEP][PASSED] - verifyElementPresent(findTestObject("FDR-Draw/ColumnHeaderValidation/fy2019MA(611)-7thcol"), 2): Object 'Object Repository/FDR-Draw/ColumnHeaderValidation/fy2019MA(611)-7thcol' is present

2020-09-16 09:41:09 - [MESSAGE][PASSED] - Object 'Object Repository/FDR-Draw/ColumnHeaderValidation/fy2019MA(611)-7thcol' is present

2020-09-16 09:41:09 - [TEST_STEP][PASSED] - verifyElementPresent(findTestObject("FDR-Draw/ColumnHeaderValidation/0942-314"), 2): Object 'Object Repository/FDR-Draw/ColumnHeaderValidation/0942-314' is present

2020-09-16 09:41:09 - [MESSAGE][PASSED] - Object 'Object Repository/FDR-Draw/ColumnHeaderValidation/0942-314' is present

2020-09-16 09:41:09 - [TEST_STEP][PASSED] - Start listener action : sampleAfterTestCase: null

2020-09-16 09:41:09 - [TEST_STEP][PASSED] - profileName = getExecutionProfile(): null

2020-09-16 09:41:09 - [TEST_STEP][PASSED] - switch (profileName): null

2020-09-16 09:41:09 - [TEST_STEP][PASSED] - case "superUser":: null

2020-09-16 09:41:09 - [TEST_STEP][PASSED] - return null: null

2020-09-16 09:41:09 - [TEST_STEP][PASSED] - Start listener action : afterTestCase: null

2020-09-16 09:41:09 - [TEST_STEP][PASSED] - profileName = getExecutionProfile(): null

2020-09-16 09:41:09 - [TEST_STEP][PASSED] - if (profileName.equalsIgnoreCase("SysAdmin")): null

2020-09-16 09:41:09 - [TEST_STEP][PASSED] - Start listener action : sampleAfterTestCase: null

2020-09-16 09:41:09 - [TEST_STEP][PASSED] - profileName = getExecutionProfile(): null

2020-09-16 09:41:09 - [TEST_STEP][PASSED] - switch (profileName): null

2020-09-16 09:41:09 - [TEST_STEP][PASSED] - case "Draw":: null

2020-09-16 09:41:09 - [TEST_STEP][PASSED] - Uifunctions.logoutFDR(): Browser is closed

2020-09-16 09:41:09 - [MESSAGE][PASSED] - Browser is closed

2020-09-16 09:41:09 - [TEST_STEP][PASSED] - break: null

2020-09-16 09:41:09 - [TEST_STEP][PASSED] - Start listener action : addFailedTCToList: null]]></system-out>
         <system-err><![CDATA[]]></system-err>
      </testcase>
      <testcase name="Test Cases/WEB-UI-TESTS/Draw/FDR-Draw-Reject-Vouchers-Receipts" time="207.165" classname="Test Cases/WEB-UI-TESTS/Draw/FDR-Draw-Reject-Vouchers-Receipts" status="FAILED">
         <failure type="FAILED" message="Test Cases/WEB-UI-TESTS/Draw/FDR-Draw-Reject-Vouchers-Receipts FAILED.
Reason:
com.kms.katalon.core.exception.StepFailedException: Unable to click on object 'Object Repository/FDR-Draw/RejectVocuherReceipts/thumbsUpButtonReceipt' (Root cause: com.kms.katalon.core.exception.StepFailedException: Unable to click on object 'Object Repository/FDR-Draw/RejectVocuherReceipts/thumbsUpButtonReceipt'
	at com.kms.katalon.core.webui.keyword.internal.WebUIKeywordMain.stepFailed(WebUIKeywordMain.groovy:64)
	at com.kms.katalon.core.webui.keyword.internal.WebUIKeywordMain.runKeyword(WebUIKeywordMain.groovy:26)
	at com.kms.katalon.core.webui.keyword.builtin.ClickKeyword.click(ClickKeyword.groovy:76)
	at com.kms.katalon.core.webui.keyword.builtin.ClickKeyword.execute(ClickKeyword.groovy:43)
	at com.kms.katalon.core.keyword.internal.KeywordExecutor.executeKeywordForPlatform(KeywordExecutor.groovy:73)
	at com.kms.katalon.core.webui.keyword.WebUiBuiltInKeywords.click(WebUiBuiltInKeywords.groovy:616)
	at com.kms.katalon.core.webui.keyword.WebUiBuiltInKeywords$click$6.call(Unknown Source)
	at FDR-Draw-Reject-Vouchers-Receipts.run(FDR-Draw-Reject-Vouchers-Receipts:46)
	at com.kms.katalon.core.main.ScriptEngine.run(ScriptEngine.java:194)
	at com.kms.katalon.core.main.ScriptEngine.runScriptAsRawText(ScriptEngine.java:119)
	at com.kms.katalon.core.main.TestCaseExecutor.runScript(TestCaseExecutor.java:339)
	at com.kms.katalon.core.main.TestCaseExecutor.doExecute(TestCaseExecutor.java:330)
	at com.kms.katalon.core.main.TestCaseExecutor.processExecutionPhase(TestCaseExecutor.java:309)
	at com.kms.katalon.core.main.TestCaseExecutor.accessMainPhase(TestCaseExecutor.java:301)
	at com.kms.katalon.core.main.TestCaseExecutor.execute(TestCaseExecutor.java:235)
	at com.kms.katalon.core.main.TestSuiteExecutor.accessTestCaseMainPhase(TestSuiteExecutor.java:191)
	at com.kms.katalon.core.main.TestSuiteExecutor.accessTestSuiteMainPhase(TestSuiteExecutor.java:141)
	at com.kms.katalon.core.main.TestSuiteExecutor.execute(TestSuiteExecutor.java:90)
	at com.kms.katalon.core.main.TestCaseMain.startTestSuite(TestCaseMain.java:157)
	at com.kms.katalon.core.main.TestCaseMain$startTestSuite$0.call(Unknown Source)
	at TempTestSuite1600274320240.run(TempTestSuite1600274320240.groovy:39)
Caused by: com.kms.katalon.core.webui.exception.WebElementNotFoundException: Web element with id: 'Object Repository/FDR-Draw/RejectVocuherReceipts/thumbsUpButtonReceipt' located by '((//*[text()='Expenditures']//parent::*//parent::*//parent::*//parent::*)//button)[12]' not found
	at com.kms.katalon.core.webui.common.WebUiCommonHelper.findWebElement(WebUiCommonHelper.java:1368)
	at com.kms.katalon.core.webui.keyword.internal.WebUIAbstractKeyword.findWebElement(WebUIAbstractKeyword.groovy:27)
	at com.kms.katalon.core.webui.keyword.internal.WebUIAbstractKeyword.findWebElement(WebUIAbstractKeyword.groovy:26)
	at com.kms.katalon.core.webui.keyword.builtin.ClickKeyword$_click_closure1.doCall(ClickKeyword.groovy:67)
	at com.kms.katalon.core.webui.keyword.builtin.ClickKeyword$_click_closure1.call(ClickKeyword.groovy)
	at com.kms.katalon.core.webui.keyword.internal.WebUIKeywordMain.runKeyword(WebUIKeywordMain.groovy:20)
	at com.kms.katalon.core.webui.keyword.builtin.ClickKeyword.click(ClickKeyword.groovy:76)
	at com.kms.katalon.core.webui.keyword.builtin.ClickKeyword.execute(ClickKeyword.groovy:43)
	at com.kms.katalon.core.keyword.internal.KeywordExecutor.executeKeywordForPlatform(KeywordExecutor.groovy:73)
	at com.kms.katalon.core.webui.keyword.WebUiBuiltInKeywords.click(WebUiBuiltInKeywords.groovy:616)
	at com.kms.katalon.core.webui.keyword.WebUiBuiltInKeywords$click$6.call(Unknown Source)
	at Script1591634957380.run(Script1591634957380.groovy:46)
	... 13 more
)
	at com.kms.katalon.core.keyword.internal.KeywordMain.stepFailed(KeywordMain.groovy:39)
	at com.kms.katalon.core.webui.keyword.internal.WebUIKeywordMain.stepFailed(WebUIKeywordMain.groovy:64)
	at com.kms.katalon.core.webui.keyword.internal.WebUIKeywordMain.runKeyword(WebUIKeywordMain.groovy:26)
	at com.kms.katalon.core.webui.keyword.builtin.ClickKeyword.click(ClickKeyword.groovy:76)
	at com.kms.katalon.core.webui.keyword.builtin.ClickKeyword.execute(ClickKeyword.groovy:43)
	at com.kms.katalon.core.keyword.internal.KeywordExecutor.executeKeywordForPlatform(KeywordExecutor.groovy:73)
	at com.kms.katalon.core.webui.keyword.WebUiBuiltInKeywords.click(WebUiBuiltInKeywords.groovy:616)
	at com.kms.katalon.core.webui.keyword.WebUiBuiltInKeywords$click$6.call(Unknown Source)
	at FDR-Draw-Reject-Vouchers-Receipts.run(FDR-Draw-Reject-Vouchers-Receipts:46)
	at com.kms.katalon.core.main.ScriptEngine.run(ScriptEngine.java:194)
	at com.kms.katalon.core.main.ScriptEngine.runScriptAsRawText(ScriptEngine.java:119)
	at com.kms.katalon.core.main.TestCaseExecutor.runScript(TestCaseExecutor.java:339)
	at com.kms.katalon.core.main.TestCaseExecutor.doExecute(TestCaseExecutor.java:330)
	at com.kms.katalon.core.main.TestCaseExecutor.processExecutionPhase(TestCaseExecutor.java:309)
	at com.kms.katalon.core.main.TestCaseExecutor.accessMainPhase(TestCaseExecutor.java:301)
	at com.kms.katalon.core.main.TestCaseExecutor.execute(TestCaseExecutor.java:235)
	at com.kms.katalon.core.main.TestSuiteExecutor.accessTestCaseMainPhase(TestSuiteExecutor.java:191)
	at com.kms.katalon.core.main.TestSuiteExecutor.accessTestSuiteMainPhase(TestSuiteExecutor.java:141)
	at com.kms.katalon.core.main.TestSuiteExecutor.execute(TestSuiteExecutor.java:90)
	at com.kms.katalon.core.main.TestCaseMain.startTestSuite(TestCaseMain.java:157)
	at com.kms.katalon.core.main.TestCaseMain$startTestSuite$0.call(Unknown Source)
	at TempTestSuite1600274320240.run(TempTestSuite1600274320240.groovy:39)
Caused by: com.kms.katalon.core.exception.StepFailedException: Unable to click on object 'Object Repository/FDR-Draw/RejectVocuherReceipts/thumbsUpButtonReceipt'
	... 21 more
Caused by: com.kms.katalon.core.webui.exception.WebElementNotFoundException: Web element with id: 'Object Repository/FDR-Draw/RejectVocuherReceipts/thumbsUpButtonReceipt' located by '((//*[text()='Expenditures']//parent::*//parent::*//parent::*//parent::*)//button)[12]' not found
	at com.kms.katalon.core.webui.common.WebUiCommonHelper.findWebElement(WebUiCommonHelper.java:1368)
	at com.kms.katalon.core.webui.keyword.internal.WebUIAbstractKeyword.findWebElement(WebUIAbstractKeyword.groovy:27)
	at com.kms.katalon.core.webui.keyword.internal.WebUIAbstractKeyword.findWebElement(WebUIAbstractKeyword.groovy:26)
	at com.kms.katalon.core.webui.keyword.builtin.ClickKeyword$_click_closure1.doCall(ClickKeyword.groovy:67)
	at com.kms.katalon.core.webui.keyword.builtin.ClickKeyword$_click_closure1.call(ClickKeyword.groovy)
	at com.kms.katalon.core.webui.keyword.internal.WebUIKeywordMain.runKeyword(WebUIKeywordMain.groovy:20)
	... 19 more
"/>
         <system-out><![CDATA[2020-09-16 09:41:09 - [TEST_CASE][FAILED] - Test Cases/WEB-UI-TESTS/Draw/FDR-Draw-Reject-Vouchers-Receipts: Test Cases/WEB-UI-TESTS/Draw/FDR-Draw-Reject-Vouchers-Receipts FAILED.
Reason:
com.kms.katalon.core.exception.StepFailedException: Unable to click on object 'Object Repository/FDR-Draw/RejectVocuherReceipts/thumbsUpButtonReceipt' (Root cause: com.kms.katalon.core.exception.StepFailedException: Unable to click on object 'Object Repository/FDR-Draw/RejectVocuherReceipts/thumbsUpButtonReceipt'
	at com.kms.katalon.core.webui.keyword.internal.WebUIKeywordMain.stepFailed(WebUIKeywordMain.groovy:64)
	at com.kms.katalon.core.webui.keyword.internal.WebUIKeywordMain.runKeyword(WebUIKeywordMain.groovy:26)
	at com.kms.katalon.core.webui.keyword.builtin.ClickKeyword.click(ClickKeyword.groovy:76)
	at com.kms.katalon.core.webui.keyword.builtin.ClickKeyword.execute(ClickKeyword.groovy:43)
	at com.kms.katalon.core.keyword.internal.KeywordExecutor.executeKeywordForPlatform(KeywordExecutor.groovy:73)
	at com.kms.katalon.core.webui.keyword.WebUiBuiltInKeywords.click(WebUiBuiltInKeywords.groovy:616)
	at com.kms.katalon.core.webui.keyword.WebUiBuiltInKeywords$click$6.call(Unknown Source)
	at FDR-Draw-Reject-Vouchers-Receipts.run(FDR-Draw-Reject-Vouchers-Receipts:46)
	at com.kms.katalon.core.main.ScriptEngine.run(ScriptEngine.java:194)
	at com.kms.katalon.core.main.ScriptEngine.runScriptAsRawText(ScriptEngine.java:119)
	at com.kms.katalon.core.main.TestCaseExecutor.runScript(TestCaseExecutor.java:339)
	at com.kms.katalon.core.main.TestCaseExecutor.doExecute(TestCaseExecutor.java:330)
	at com.kms.katalon.core.main.TestCaseExecutor.processExecutionPhase(TestCaseExecutor.java:309)
	at com.kms.katalon.core.main.TestCaseExecutor.accessMainPhase(TestCaseExecutor.java:301)
	at com.kms.katalon.core.main.TestCaseExecutor.execute(TestCaseExecutor.java:235)
	at com.kms.katalon.core.main.TestSuiteExecutor.accessTestCaseMainPhase(TestSuiteExecutor.java:191)
	at com.kms.katalon.core.main.TestSuiteExecutor.accessTestSuiteMainPhase(TestSuiteExecutor.java:141)
	at com.kms.katalon.core.main.TestSuiteExecutor.execute(TestSuiteExecutor.java:90)
	at com.kms.katalon.core.main.TestCaseMain.startTestSuite(TestCaseMain.java:157)
	at com.kms.katalon.core.main.TestCaseMain$startTestSuite$0.call(Unknown Source)
	at TempTestSuite1600274320240.run(TempTestSuite1600274320240.groovy:39)
Caused by: com.kms.katalon.core.webui.exception.WebElementNotFoundException: Web element with id: 'Object Repository/FDR-Draw/RejectVocuherReceipts/thumbsUpButtonReceipt' located by '((//*[text()='Expenditures']//parent::*//parent::*//parent::*//parent::*)//button)[12]' not found
	at com.kms.katalon.core.webui.common.WebUiCommonHelper.findWebElement(WebUiCommonHelper.java:1368)
	at com.kms.katalon.core.webui.keyword.internal.WebUIAbstractKeyword.findWebElement(WebUIAbstractKeyword.groovy:27)
	at com.kms.katalon.core.webui.keyword.internal.WebUIAbstractKeyword.findWebElement(WebUIAbstractKeyword.groovy:26)
	at com.kms.katalon.core.webui.keyword.builtin.ClickKeyword$_click_closure1.doCall(ClickKeyword.groovy:67)
	at com.kms.katalon.core.webui.keyword.builtin.ClickKeyword$_click_closure1.call(ClickKeyword.groovy)
	at com.kms.katalon.core.webui.keyword.internal.WebUIKeywordMain.runKeyword(WebUIKeywordMain.groovy:20)
	at com.kms.katalon.core.webui.keyword.builtin.ClickKeyword.click(ClickKeyword.groovy:76)
	at com.kms.katalon.core.webui.keyword.builtin.ClickKeyword.execute(ClickKeyword.groovy:43)
	at com.kms.katalon.core.keyword.internal.KeywordExecutor.executeKeywordForPlatform(KeywordExecutor.groovy:73)
	at com.kms.katalon.core.webui.keyword.WebUiBuiltInKeywords.click(WebUiBuiltInKeywords.groovy:616)
	at com.kms.katalon.core.webui.keyword.WebUiBuiltInKeywords$click$6.call(Unknown Source)
	at Script1591634957380.run(Script1591634957380.groovy:46)
	... 13 more
)
	at com.kms.katalon.core.keyword.internal.KeywordMain.stepFailed(KeywordMain.groovy:39)
	at com.kms.katalon.core.webui.keyword.internal.WebUIKeywordMain.stepFailed(WebUIKeywordMain.groovy:64)
	at com.kms.katalon.core.webui.keyword.internal.WebUIKeywordMain.runKeyword(WebUIKeywordMain.groovy:26)
	at com.kms.katalon.core.webui.keyword.builtin.ClickKeyword.click(ClickKeyword.groovy:76)
	at com.kms.katalon.core.webui.keyword.builtin.ClickKeyword.execute(ClickKeyword.groovy:43)
	at com.kms.katalon.core.keyword.internal.KeywordExecutor.executeKeywordForPlatform(KeywordExecutor.groovy:73)
	at com.kms.katalon.core.webui.keyword.WebUiBuiltInKeywords.click(WebUiBuiltInKeywords.groovy:616)
	at com.kms.katalon.core.webui.keyword.WebUiBuiltInKeywords$click$6.call(Unknown Source)
	at FDR-Draw-Reject-Vouchers-Receipts.run(FDR-Draw-Reject-Vouchers-Receipts:46)
	at com.kms.katalon.core.main.ScriptEngine.run(ScriptEngine.java:194)
	at com.kms.katalon.core.main.ScriptEngine.runScriptAsRawText(ScriptEngine.java:119)
	at com.kms.katalon.core.main.TestCaseExecutor.runScript(TestCaseExecutor.java:339)
	at com.kms.katalon.core.main.TestCaseExecutor.doExecute(TestCaseExecutor.java:330)
	at com.kms.katalon.core.main.TestCaseExecutor.processExecutionPhase(TestCaseExecutor.java:309)
	at com.kms.katalon.core.main.TestCaseExecutor.accessMainPhase(TestCaseExecutor.java:301)
	at com.kms.katalon.core.main.TestCaseExecutor.execute(TestCaseExecutor.java:235)
	at com.kms.katalon.core.main.TestSuiteExecutor.accessTestCaseMainPhase(TestSuiteExecutor.java:191)
	at com.kms.katalon.core.main.TestSuiteExecutor.accessTestSuiteMainPhase(TestSuiteExecutor.java:141)
	at com.kms.katalon.core.main.TestSuiteExecutor.execute(TestSuiteExecutor.java:90)
	at com.kms.katalon.core.main.TestCaseMain.startTestSuite(TestCaseMain.java:157)
	at com.kms.katalon.core.main.TestCaseMain$startTestSuite$0.call(Unknown Source)
	at TempTestSuite1600274320240.run(TempTestSuite1600274320240.groovy:39)
Caused by: com.kms.katalon.core.exception.StepFailedException: Unable to click on object 'Object Repository/FDR-Draw/RejectVocuherReceipts/thumbsUpButtonReceipt'
	... 21 more
Caused by: com.kms.katalon.core.webui.exception.WebElementNotFoundException: Web element with id: 'Object Repository/FDR-Draw/RejectVocuherReceipts/thumbsUpButtonReceipt' located by '((//*[text()='Expenditures']//parent::*//parent::*//parent::*//parent::*)//button)[12]' not found
	at com.kms.katalon.core.webui.common.WebUiCommonHelper.findWebElement(WebUiCommonHelper.java:1368)
	at com.kms.katalon.core.webui.keyword.internal.WebUIAbstractKeyword.findWebElement(WebUIAbstractKeyword.groovy:27)
	at com.kms.katalon.core.webui.keyword.internal.WebUIAbstractKeyword.findWebElement(WebUIAbstractKeyword.groovy:26)
	at com.kms.katalon.core.webui.keyword.builtin.ClickKeyword$_click_closure1.doCall(ClickKeyword.groovy:67)
	at com.kms.katalon.core.webui.keyword.builtin.ClickKeyword$_click_closure1.call(ClickKeyword.groovy)
	at com.kms.katalon.core.webui.keyword.internal.WebUIKeywordMain.runKeyword(WebUIKeywordMain.groovy:20)
	... 19 more


2020-09-16 09:41:09 - [TEST_STEP][PASSED] - Start listener action : sampleBeforeTestCase: null

2020-09-16 09:41:09 - [TEST_STEP][PASSED] - profileName = getExecutionProfile(): null

2020-09-16 09:41:09 - [TEST_STEP][PASSED] - switch (profileName): null

2020-09-16 09:41:09 - [TEST_STEP][PASSED] - case "superUser":: null

2020-09-16 09:41:09 - [TEST_STEP][PASSED] - return null: null

2020-09-16 09:41:09 - [TEST_STEP][PASSED] - Start listener action : beforeTestCase: null

2020-09-16 09:41:09 - [TEST_STEP][PASSED] - profileName = getExecutionProfile(): null

2020-09-16 09:41:09 - [TEST_STEP][PASSED] - if (profileName.equalsIgnoreCase("SysAdmin")): null

2020-09-16 09:41:09 - [TEST_STEP][PASSED] - Start listener action : sampleBeforeTestCase: Navigate to 'https://fdr.cammis-mod-sit.dhcs.ca.gov' successfully

2020-09-16 09:41:09 - [TEST_STEP][PASSED] - profileName = getExecutionProfile(): null

2020-09-16 09:41:09 - [TEST_STEP][PASSED] - testCaseId = testCaseContext.getTestCaseId(): null

2020-09-16 09:41:09 - [TEST_STEP][PASSED] - switch (profileName): null

2020-09-16 09:41:09 - [TEST_STEP][PASSED] - case "Draw":: null

2020-09-16 09:41:09 - [TEST_STEP][PASSED] - if (account6TestCases.contains(testCaseId)): Object: 'Object Repository/FDR-SignIn/SignInButton' is clicked on

2020-09-16 09:41:09 - [TEST_STEP][PASSED] - Uifunctions.loginFDR(drawCashierAcc6, drawCashierAcc6Pwd): Object: 'Object Repository/FDR-SignIn/SignInButton' is clicked on

2020-09-16 09:41:09 - [MESSAGE][INFO] - Starting 'Chrome' driver

2020-09-16 09:41:09 - [MESSAGE][INFO] - Action delay is set to 0 milliseconds

2020-09-16 09:41:13 - [MESSAGE][PASSED] - Browser is opened with url: ''

2020-09-16 09:41:15 - [MESSAGE][PASSED] - Current window maximized

2020-09-16 09:41:18 - [MESSAGE][PASSED] - Navigate to 'https://fdr.cammis-mod-sit.dhcs.ca.gov' successfully

2020-09-16 09:41:19 - [MESSAGE][PASSED] - Object 'Object Repository/FDR-SignIn/SignInEmail' is present

2020-09-16 09:41:20 - [MESSAGE][PASSED] - Object: 'Object Repository/FDR-SignIn/SignInEmail' is clicked on

2020-09-16 09:41:20 - [MESSAGE][PASSED] - Object 'Object Repository/FDR-SignIn/SignInEmail' is present

2020-09-16 09:41:21 - [MESSAGE][PASSED] - Text 'fdr.test6@dhcs.ca.gov' is set on object 'Object Repository/FDR-SignIn/SignInEmail'

2020-09-16 09:41:21 - [MESSAGE][PASSED] - Object 'Object Repository/FDR-SignIn/SignInEmailNext' is visible

2020-09-16 09:41:21 - [MESSAGE][PASSED] - Object: 'Object Repository/FDR-SignIn/SignInEmailNext' is clicked on

2020-09-16 09:41:25 - [MESSAGE][PASSED] - Object 'Object Repository/FDR-SignIn/SignInEmailPassword' is visible

2020-09-16 09:41:25 - [MESSAGE][PASSED] - Object: 'Object Repository/FDR-SignIn/SignInEmailPassword' is clicked on

2020-09-16 09:41:25 - [MESSAGE][PASSED] - Text ****** has been set on object 'Object Repository/FDR-SignIn/SignInEmailPassword'

2020-09-16 09:41:27 - [MESSAGE][PASSED] - Object: 'Object Repository/FDR-SignIn/SignInButton' is clicked on

2020-09-16 09:41:27 - [TEST_STEP][PASSED] - break: null

2020-09-16 09:41:27 - [TEST_STEP][PASSED] - navigateToUrl(URL): Navigate to 'https://fdr.cammis-mod-sit.dhcs.ca.gov' successfully

2020-09-16 09:41:27 - [MESSAGE][PASSED] - Navigate to 'https://fdr.cammis-mod-sit.dhcs.ca.gov' successfully

2020-09-16 09:41:27 - [TEST_STEP][PASSED] - Start listener action : executeRows: null

2020-09-16 09:41:27 - [TEST_STEP][PASSED] - waitForElementPresent(findTestObject("FDR-Dashboard/createNewVoucherButton"), 2): Object 'Object Repository/FDR-Dashboard/createNewVoucherButton' is not present after 2 second(s)

2020-09-16 09:41:31 - [MESSAGE][INFO] - Unable to find the element located by 'By.xpath: //*[@data-id='button-link']//*[contains(text(),'Create New Voucher')]'. Please recheck the objects properties to make sure the desired element is located. 

2020-09-16 09:41:31 - [MESSAGE][WARNING] - Object 'Object Repository/FDR-Dashboard/createNewVoucherButton' is not present after 2 second(s)

2020-09-16 09:41:31 - [TEST_STEP][PASSED] - drawDate = "10/21/2020": null

2020-09-16 09:41:31 - [TEST_STEP][PASSED] - Uifunctions.clickOnReconcileButton(drawDate): Object 'Object Repository/FDR-Dashboard/createNewVoucherButton' is not present after 3 second(s)

2020-09-16 09:41:31 - [MESSAGE][PASSED] - Object: 'expandButton' is clicked on

2020-09-16 09:41:35 - [MESSAGE][INFO] - Unable to find the element located by 'By.xpath: //*[@data-id='button-link']//*[contains(text(),'Create New Voucher')]'. Please recheck the objects properties to make sure the desired element is located. 

2020-09-16 09:41:35 - [MESSAGE][WARNING] - Object 'Object Repository/FDR-Dashboard/createNewVoucherButton' is not present after 3 second(s)

2020-09-16 09:41:36 - [MESSAGE][PASSED] - Text of object 'drawDate' is: '10/21/2020'

2020-09-16 09:41:36 - [MESSAGE][PASSED] - Object: 'expandButton' is clicked on

2020-09-16 09:41:38 - [MESSAGE][INFO] - Unable to find the element located by 'By.xpath: //*[@data-id='button-link']//*[contains(text(),'Create New Voucher')]'. Please recheck the objects properties to make sure the desired element is located. 

2020-09-16 09:41:38 - [MESSAGE][WARNING] - Object 'Object Repository/FDR-Dashboard/createNewVoucherButton' is not present after 1 second(s)

2020-09-16 09:41:39 - [MESSAGE][PASSED] - Object: 'reconcileButton' is clicked on

2020-09-16 09:41:43 - [MESSAGE][INFO] - Unable to find the element located by 'By.xpath: //*[@data-id='button-link']//*[contains(text(),'Create New Voucher')]'. Please recheck the objects properties to make sure the desired element is located. 

2020-09-16 09:41:43 - [MESSAGE][WARNING] - Object 'Object Repository/FDR-Dashboard/createNewVoucherButton' is not present after 3 second(s)

2020-09-16 09:41:43 - [TEST_STEP][PASSED] - waitForElementPresent(findTestObject("FDR-Dashboard/createNewVoucherButton"), 2): Object 'Object Repository/FDR-Dashboard/createNewVoucherButton' is not present after 2 second(s)

2020-09-16 09:41:46 - [MESSAGE][INFO] - Unable to find the element located by 'By.xpath: //*[@data-id='button-link']//*[contains(text(),'Create New Voucher')]'. Please recheck the objects properties to make sure the desired element is located. 

2020-09-16 09:41:46 - [MESSAGE][WARNING] - Object 'Object Repository/FDR-Dashboard/createNewVoucherButton' is not present after 2 second(s)

2020-09-16 09:41:46 - [TEST_STEP][PASSED] - click(findTestObject("FDR-Draw/RejectVocuherReceipts/thumbsUpButtonVoucher")): Object: 'Object Repository/FDR-Draw/RejectVocuherReceipts/thumbsUpButtonVoucher' is clicked on

2020-09-16 09:41:47 - [MESSAGE][PASSED] - Object: 'Object Repository/FDR-Draw/RejectVocuherReceipts/thumbsUpButtonVoucher' is clicked on

2020-09-16 09:41:47 - [TEST_STEP][PASSED] - waitForElementPresent(findTestObject("FDR-Dashboard/createNewVoucherButton"), 2): Object 'Object Repository/FDR-Dashboard/createNewVoucherButton' is not present after 2 second(s)

2020-09-16 09:41:50 - [MESSAGE][INFO] - Unable to find the element located by 'By.xpath: //*[@data-id='button-link']//*[contains(text(),'Create New Voucher')]'. Please recheck the objects properties to make sure the desired element is located. 

2020-09-16 09:41:50 - [MESSAGE][WARNING] - Object 'Object Repository/FDR-Dashboard/createNewVoucherButton' is not present after 2 second(s)

2020-09-16 09:41:50 - [TEST_STEP][PASSED] - rejectVoucherNum = getText(findTestObject("FDR-Draw/RejectVocuherReceipts/voucherNum1")): Text of object 'Object Repository/FDR-Draw/RejectVocuherReceipts/voucherNum1' is: 'CAP00000037'

2020-09-16 09:41:50 - [MESSAGE][PASSED] - Text of object 'Object Repository/FDR-Draw/RejectVocuherReceipts/voucherNum1' is: 'CAP00000037'

2020-09-16 09:41:50 - [TEST_STEP][PASSED] - click(findTestObject("FDR-Draw/RejectVocuherReceipts/thubmsDownVoucher1")): Object: 'Object Repository/FDR-Draw/RejectVocuherReceipts/thubmsDownVoucher1' is clicked on

2020-09-16 09:41:51 - [MESSAGE][PASSED] - Object: 'Object Repository/FDR-Draw/RejectVocuherReceipts/thubmsDownVoucher1' is clicked on

2020-09-16 09:41:51 - [TEST_STEP][PASSED] - waitForElementPresent(findTestObject("FDR-Dashboard/createNewVoucherButton"), 4): Object 'Object Repository/FDR-Dashboard/createNewVoucherButton' is not present after 4 second(s)

2020-09-16 09:41:56 - [MESSAGE][INFO] - Unable to find the element located by 'By.xpath: //*[@data-id='button-link']//*[contains(text(),'Create New Voucher')]'. Please recheck the objects properties to make sure the desired element is located. 

2020-09-16 09:41:56 - [MESSAGE][WARNING] - Object 'Object Repository/FDR-Dashboard/createNewVoucherButton' is not present after 4 second(s)

2020-09-16 09:41:56 - [TEST_STEP][PASSED] - click(findTestObject("FDR-Draw/RejectVocuherReceipts/spanOverdrawnFund(s)")): Object: 'Object Repository/FDR-Draw/RejectVocuherReceipts/spanOverdrawnFund(s)' is clicked on

2020-09-16 09:41:56 - [MESSAGE][PASSED] - Object: 'Object Repository/FDR-Draw/RejectVocuherReceipts/spanOverdrawnFund(s)' is clicked on

2020-09-16 09:41:56 - [TEST_STEP][PASSED] - waitForElementPresent(findTestObject("FDR-Draw/reconcileButton"), 2): Object 'Object Repository/FDR-Draw/reconcileButton' is not present after 2 second(s)

2020-09-16 09:42:00 - [MESSAGE][INFO] - Unable to find the element located by 'By.xpath: (//*[@data-id='button-link' ]//*[contains(text(),'Reconcile')])[1]'. Please recheck the objects properties to make sure the desired element is located. 

2020-09-16 09:42:00 - [MESSAGE][WARNING] - Object 'Object Repository/FDR-Draw/reconcileButton' is not present after 2 second(s)

2020-09-16 09:42:00 - [TEST_STEP][PASSED] - click(findTestObject("FDR-Draw/RejectVocuherReceipts/overFundInput1")): Object: 'Object Repository/FDR-Draw/RejectVocuherReceipts/overFundInput1' is clicked on

2020-09-16 09:42:00 - [MESSAGE][PASSED] - Object: 'Object Repository/FDR-Draw/RejectVocuherReceipts/overFundInput1' is clicked on

2020-09-16 09:42:00 - [TEST_STEP][PASSED] - waitForElementPresent(findTestObject("FDR-Draw/reconcileButton"), 2): Object 'Object Repository/FDR-Draw/reconcileButton' is not present after 2 second(s)

2020-09-16 09:42:03 - [MESSAGE][INFO] - Unable to find the element located by 'By.xpath: (//*[@data-id='button-link' ]//*[contains(text(),'Reconcile')])[1]'. Please recheck the objects properties to make sure the desired element is located. 

2020-09-16 09:42:03 - [MESSAGE][WARNING] - Object 'Object Repository/FDR-Draw/reconcileButton' is not present after 2 second(s)

2020-09-16 09:42:03 - [TEST_STEP][PASSED] - sendKeys(findTestObject("FDR-Draw/RejectVocuherReceipts/overFundInput1"), "Federal"): Keys 'Federal' sent to object: 'Object Repository/FDR-Draw/RejectVocuherReceipts/overFundInput1'

2020-09-16 09:42:04 - [MESSAGE][PASSED] - Keys 'Federal' sent to object: 'Object Repository/FDR-Draw/RejectVocuherReceipts/overFundInput1'

2020-09-16 09:42:04 - [TEST_STEP][PASSED] - waitForElementPresent(findTestObject("FDR-Draw/reconcileButton"), 2): Object 'Object Repository/FDR-Draw/reconcileButton' is not present after 2 second(s)

2020-09-16 09:42:07 - [MESSAGE][INFO] - Unable to find the element located by 'By.xpath: (//*[@data-id='button-link' ]//*[contains(text(),'Reconcile')])[1]'. Please recheck the objects properties to make sure the desired element is located. 

2020-09-16 09:42:07 - [MESSAGE][WARNING] - Object 'Object Repository/FDR-Draw/reconcileButton' is not present after 2 second(s)

2020-09-16 09:42:07 - [TEST_STEP][PASSED] - sendKeys(findTestObject("FDR-Draw/RejectVocuherReceipts/overFundInput1"), Keys.chord(UP, ENTER)): Keys 'UP + ENTER + ' sent to object: 'Object Repository/FDR-Draw/RejectVocuherReceipts/overFundInput1'

2020-09-16 09:42:07 - [MESSAGE][PASSED] - Keys 'UP + ENTER + ' sent to object: 'Object Repository/FDR-Draw/RejectVocuherReceipts/overFundInput1'

2020-09-16 09:42:07 - [TEST_STEP][PASSED] - waitForElementPresent(findTestObject("FDR-Draw/reconcileButton"), 2): Object 'Object Repository/FDR-Draw/reconcileButton' is not present after 2 second(s)

2020-09-16 09:42:11 - [MESSAGE][INFO] - Unable to find the element located by 'By.xpath: (//*[@data-id='button-link' ]//*[contains(text(),'Reconcile')])[1]'. Please recheck the objects properties to make sure the desired element is located. 

2020-09-16 09:42:11 - [MESSAGE][WARNING] - Object 'Object Repository/FDR-Draw/reconcileButton' is not present after 2 second(s)

2020-09-16 09:42:11 - [TEST_STEP][PASSED] - click(findTestObject("FDR-Draw/RejectVocuherReceipts/addFundButton")): Object: 'Object Repository/FDR-Draw/RejectVocuherReceipts/addFundButton' is clicked on

2020-09-16 09:42:11 - [MESSAGE][PASSED] - Object: 'Object Repository/FDR-Draw/RejectVocuherReceipts/addFundButton' is clicked on

2020-09-16 09:42:11 - [TEST_STEP][PASSED] - waitForElementPresent(findTestObject("FDR-Draw/reconcileButton"), 4): Object 'Object Repository/FDR-Draw/reconcileButton' is not present after 4 second(s)

2020-09-16 09:42:16 - [MESSAGE][INFO] - Unable to find the element located by 'By.xpath: (//*[@data-id='button-link' ]//*[contains(text(),'Reconcile')])[1]'. Please recheck the objects properties to make sure the desired element is located. 

2020-09-16 09:42:16 - [MESSAGE][WARNING] - Object 'Object Repository/FDR-Draw/reconcileButton' is not present after 4 second(s)

2020-09-16 09:42:16 - [TEST_STEP][PASSED] - click(findTestObject("FDR-Draw/RejectVocuherReceipts/overFundInput2")): Object: 'Object Repository/FDR-Draw/RejectVocuherReceipts/overFundInput2' is clicked on

2020-09-16 09:42:17 - [MESSAGE][PASSED] - Object: 'Object Repository/FDR-Draw/RejectVocuherReceipts/overFundInput2' is clicked on

2020-09-16 09:42:17 - [TEST_STEP][PASSED] - waitForElementPresent(findTestObject("FDR-Draw/reconcileButton"), 4): Object 'Object Repository/FDR-Draw/reconcileButton' is not present after 4 second(s)

2020-09-16 09:42:22 - [MESSAGE][INFO] - Unable to find the element located by 'By.xpath: (//*[@data-id='button-link' ]//*[contains(text(),'Reconcile')])[1]'. Please recheck the objects properties to make sure the desired element is located. 

2020-09-16 09:42:22 - [MESSAGE][WARNING] - Object 'Object Repository/FDR-Draw/reconcileButton' is not present after 4 second(s)

2020-09-16 09:42:22 - [TEST_STEP][PASSED] - sendKeys(findTestObject("FDR-Draw/RejectVocuherReceipts/overFundInput2"), "Non-Federal"): Keys 'Non-Federal' sent to object: 'Object Repository/FDR-Draw/RejectVocuherReceipts/overFundInput2'

2020-09-16 09:42:22 - [MESSAGE][PASSED] - Keys 'Non-Federal' sent to object: 'Object Repository/FDR-Draw/RejectVocuherReceipts/overFundInput2'

2020-09-16 09:42:22 - [TEST_STEP][PASSED] - waitForElementPresent(findTestObject("FDR-Draw/reconcileButton"), 2): Object 'Object Repository/FDR-Draw/reconcileButton' is not present after 2 second(s)

2020-09-16 09:42:25 - [MESSAGE][INFO] - Unable to find the element located by 'By.xpath: (//*[@data-id='button-link' ]//*[contains(text(),'Reconcile')])[1]'. Please recheck the objects properties to make sure the desired element is located. 

2020-09-16 09:42:25 - [MESSAGE][WARNING] - Object 'Object Repository/FDR-Draw/reconcileButton' is not present after 2 second(s)

2020-09-16 09:42:25 - [TEST_STEP][PASSED] - sendKeys(findTestObject("FDR-Draw/RejectVocuherReceipts/overFundInput2"), Keys.chord(DOWN, ENTER)): Keys 'DOWN + ENTER + ' sent to object: 'Object Repository/FDR-Draw/RejectVocuherReceipts/overFundInput2'

2020-09-16 09:42:26 - [MESSAGE][PASSED] - Keys 'DOWN + ENTER + ' sent to object: 'Object Repository/FDR-Draw/RejectVocuherReceipts/overFundInput2'

2020-09-16 09:42:26 - [TEST_STEP][PASSED] - waitForElementPresent(findTestObject("FDR-Draw/reconcileButton"), 2): Object 'Object Repository/FDR-Draw/reconcileButton' is not present after 2 second(s)

2020-09-16 09:42:29 - [MESSAGE][INFO] - Unable to find the element located by 'By.xpath: (//*[@data-id='button-link' ]//*[contains(text(),'Reconcile')])[1]'. Please recheck the objects properties to make sure the desired element is located. 

2020-09-16 09:42:29 - [MESSAGE][WARNING] - Object 'Object Repository/FDR-Draw/reconcileButton' is not present after 2 second(s)

2020-09-16 09:42:29 - [TEST_STEP][PASSED] - click(findTestObject("FDR-Draw/RejectVocuherReceipts/spanIncorrectAmountEntry")): Object: 'Object Repository/FDR-Draw/RejectVocuherReceipts/spanIncorrectAmountEntry' is clicked on

2020-09-16 09:42:29 - [MESSAGE][PASSED] - Object: 'Object Repository/FDR-Draw/RejectVocuherReceipts/spanIncorrectAmountEntry' is clicked on

2020-09-16 09:42:29 - [TEST_STEP][PASSED] - waitForElementPresent(findTestObject("FDR-Draw/reconcileButton"), 2): Object 'Object Repository/FDR-Draw/reconcileButton' is not present after 2 second(s)

2020-09-16 09:42:32 - [MESSAGE][INFO] - Unable to find the element located by 'By.xpath: (//*[@data-id='button-link' ]//*[contains(text(),'Reconcile')])[1]'. Please recheck the objects properties to make sure the desired element is located. 

2020-09-16 09:42:32 - [MESSAGE][WARNING] - Object 'Object Repository/FDR-Draw/reconcileButton' is not present after 2 second(s)

2020-09-16 09:42:32 - [TEST_STEP][PASSED] - rejectionReason1 = getAttribute(findTestObject("FDR-Draw/RejectVocuherReceipts/overFundInput1"), "value", STOP_ON_FAILURE): Attribute 'value' of object 'Object Repository/FDR-Draw/RejectVocuherReceipts/overFundInput1' is: 'Non-Federal Fund HQAF (3158), FY 2020/2021 SCHIP (611) HQAF, 611 SB239 (2013) HQAF'

2020-09-16 09:42:33 - [MESSAGE][PASSED] - Attribute 'value' of object 'Object Repository/FDR-Draw/RejectVocuherReceipts/overFundInput1' is: 'Non-Federal Fund HQAF (3158), FY 2020/2021 SCHIP (611) HQAF, 611 SB239 (2013) HQAF'

2020-09-16 09:42:33 - [TEST_STEP][PASSED] - rejectionReason2 = getAttribute(findTestObject("FDR-Draw/RejectVocuherReceipts/overFundInput2"), "value", STOP_ON_FAILURE): Attribute 'value' of object 'Object Repository/FDR-Draw/RejectVocuherReceipts/overFundInput2' is: 'Non-Federal Fund HQAF (3158), FY 2020/2021 MA (611) HQAF, 611 SB239 (2013) HQAF'

2020-09-16 09:42:33 - [MESSAGE][PASSED] - Attribute 'value' of object 'Object Repository/FDR-Draw/RejectVocuherReceipts/overFundInput2' is: 'Non-Federal Fund HQAF (3158), FY 2020/2021 MA (611) HQAF, 611 SB239 (2013) HQAF'

2020-09-16 09:42:33 - [TEST_STEP][PASSED] - click(findTestObject("Object Repository/FDR-Draw/RejectVocuherReceipts/rejectVoucherButton")): Object: 'Object Repository/FDR-Draw/RejectVocuherReceipts/rejectVoucherButton' is clicked on

2020-09-16 09:42:33 - [MESSAGE][PASSED] - Object: 'Object Repository/FDR-Draw/RejectVocuherReceipts/rejectVoucherButton' is clicked on

2020-09-16 09:42:33 - [TEST_STEP][PASSED] - waitForElementPresent(findTestObject("FDR-Draw/reconcileButton"), 4): Object 'Object Repository/FDR-Draw/reconcileButton' is not present after 4 second(s)

2020-09-16 09:42:38 - [MESSAGE][INFO] - Unable to find the element located by 'By.xpath: (//*[@data-id='button-link' ]//*[contains(text(),'Reconcile')])[1]'. Please recheck the objects properties to make sure the desired element is located. 

2020-09-16 09:42:38 - [MESSAGE][WARNING] - Object 'Object Repository/FDR-Draw/reconcileButton' is not present after 4 second(s)

2020-09-16 09:42:38 - [TEST_STEP][FAILED] - click(findTestObject("FDR-Draw/RejectVocuherReceipts/thumbsUpButtonReceipt")): Unable to click on object 'Object Repository/FDR-Draw/RejectVocuherReceipts/thumbsUpButtonReceipt' (Root cause: com.kms.katalon.core.exception.StepFailedException: Unable to click on object 'Object Repository/FDR-Draw/RejectVocuherReceipts/thumbsUpButtonReceipt'
	at com.kms.katalon.core.webui.keyword.internal.WebUIKeywordMain.stepFailed(WebUIKeywordMain.groovy:64)
	at com.kms.katalon.core.webui.keyword.internal.WebUIKeywordMain.runKeyword(WebUIKeywordMain.groovy:26)
	at com.kms.katalon.core.webui.keyword.builtin.ClickKeyword.click(ClickKeyword.groovy:76)
	at com.kms.katalon.core.webui.keyword.builtin.ClickKeyword.execute(ClickKeyword.groovy:43)
	at com.kms.katalon.core.keyword.internal.KeywordExecutor.executeKeywordForPlatform(KeywordExecutor.groovy:73)
	at com.kms.katalon.core.webui.keyword.WebUiBuiltInKeywords.click(WebUiBuiltInKeywords.groovy:616)
	at com.kms.katalon.core.webui.keyword.WebUiBuiltInKeywords$click$6.call(Unknown Source)
	at FDR-Draw-Reject-Vouchers-Receipts.run(FDR-Draw-Reject-Vouchers-Receipts:46)
	at com.kms.katalon.core.main.ScriptEngine.run(ScriptEngine.java:194)
	at com.kms.katalon.core.main.ScriptEngine.runScriptAsRawText(ScriptEngine.java:119)
	at com.kms.katalon.core.main.TestCaseExecutor.runScript(TestCaseExecutor.java:339)
	at com.kms.katalon.core.main.TestCaseExecutor.doExecute(TestCaseExecutor.java:330)
	at com.kms.katalon.core.main.TestCaseExecutor.processExecutionPhase(TestCaseExecutor.java:309)
	at com.kms.katalon.core.main.TestCaseExecutor.accessMainPhase(TestCaseExecutor.java:301)
	at com.kms.katalon.core.main.TestCaseExecutor.execute(TestCaseExecutor.java:235)
	at com.kms.katalon.core.main.TestSuiteExecutor.accessTestCaseMainPhase(TestSuiteExecutor.java:191)
	at com.kms.katalon.core.main.TestSuiteExecutor.accessTestSuiteMainPhase(TestSuiteExecutor.java:141)
	at com.kms.katalon.core.main.TestSuiteExecutor.execute(TestSuiteExecutor.java:90)
	at com.kms.katalon.core.main.TestCaseMain.startTestSuite(TestCaseMain.java:157)
	at com.kms.katalon.core.main.TestCaseMain$startTestSuite$0.call(Unknown Source)
	at TempTestSuite1600274320240.run(TempTestSuite1600274320240.groovy:39)
Caused by: com.kms.katalon.core.webui.exception.WebElementNotFoundException: Web element with id: 'Object Repository/FDR-Draw/RejectVocuherReceipts/thumbsUpButtonReceipt' located by '((//*[text()='Expenditures']//parent::*//parent::*//parent::*//parent::*)//button)[12]' not found
	at com.kms.katalon.core.webui.common.WebUiCommonHelper.findWebElement(WebUiCommonHelper.java:1368)
	at com.kms.katalon.core.webui.keyword.internal.WebUIAbstractKeyword.findWebElement(WebUIAbstractKeyword.groovy:27)
	at com.kms.katalon.core.webui.keyword.internal.WebUIAbstractKeyword.findWebElement(WebUIAbstractKeyword.groovy:26)
	at com.kms.katalon.core.webui.keyword.builtin.ClickKeyword$_click_closure1.doCall(ClickKeyword.groovy:67)
	at com.kms.katalon.core.webui.keyword.builtin.ClickKeyword$_click_closure1.call(ClickKeyword.groovy)
	at com.kms.katalon.core.webui.keyword.internal.WebUIKeywordMain.runKeyword(WebUIKeywordMain.groovy:20)
	at com.kms.katalon.core.webui.keyword.builtin.ClickKeyword.click(ClickKeyword.groovy:76)
	at com.kms.katalon.core.webui.keyword.builtin.ClickKeyword.execute(ClickKeyword.groovy:43)
	at com.kms.katalon.core.keyword.internal.KeywordExecutor.executeKeywordForPlatform(KeywordExecutor.groovy:73)
	at com.kms.katalon.core.webui.keyword.WebUiBuiltInKeywords.click(WebUiBuiltInKeywords.groovy:616)
	at com.kms.katalon.core.webui.keyword.WebUiBuiltInKeywords$click$6.call(Unknown Source)
	at Script1591634957380.run(Script1591634957380.groovy:46)
	... 13 more
)

2020-09-16 09:42:42 - [MESSAGE][INFO] - Unable to find the element located by 'By.xpath: ((//*[text()='Expenditures']//parent::*//parent::*//parent::*//parent::*)//button)[12]'. Please recheck the objects properties to make sure the desired element is located. 

2020-09-16 09:42:43 - [MESSAGE][FAILED] - Unable to click on object 'Object Repository/FDR-Draw/RejectVocuherReceipts/thumbsUpButtonReceipt' (Root cause: com.kms.katalon.core.exception.StepFailedException: Unable to click on object 'Object Repository/FDR-Draw/RejectVocuherReceipts/thumbsUpButtonReceipt'
	at com.kms.katalon.core.webui.keyword.internal.WebUIKeywordMain.stepFailed(WebUIKeywordMain.groovy:64)
	at com.kms.katalon.core.webui.keyword.internal.WebUIKeywordMain.runKeyword(WebUIKeywordMain.groovy:26)
	at com.kms.katalon.core.webui.keyword.builtin.ClickKeyword.click(ClickKeyword.groovy:76)
	at com.kms.katalon.core.webui.keyword.builtin.ClickKeyword.execute(ClickKeyword.groovy:43)
	at com.kms.katalon.core.keyword.internal.KeywordExecutor.executeKeywordForPlatform(KeywordExecutor.groovy:73)
	at com.kms.katalon.core.webui.keyword.WebUiBuiltInKeywords.click(WebUiBuiltInKeywords.groovy:616)
	at com.kms.katalon.core.webui.keyword.WebUiBuiltInKeywords$click$6.call(Unknown Source)
	at FDR-Draw-Reject-Vouchers-Receipts.run(FDR-Draw-Reject-Vouchers-Receipts:46)
	at com.kms.katalon.core.main.ScriptEngine.run(ScriptEngine.java:194)
	at com.kms.katalon.core.main.ScriptEngine.runScriptAsRawText(ScriptEngine.java:119)
	at com.kms.katalon.core.main.TestCaseExecutor.runScript(TestCaseExecutor.java:339)
	at com.kms.katalon.core.main.TestCaseExecutor.doExecute(TestCaseExecutor.java:330)
	at com.kms.katalon.core.main.TestCaseExecutor.processExecutionPhase(TestCaseExecutor.java:309)
	at com.kms.katalon.core.main.TestCaseExecutor.accessMainPhase(TestCaseExecutor.java:301)
	at com.kms.katalon.core.main.TestCaseExecutor.execute(TestCaseExecutor.java:235)
	at com.kms.katalon.core.main.TestSuiteExecutor.accessTestCaseMainPhase(TestSuiteExecutor.java:191)
	at com.kms.katalon.core.main.TestSuiteExecutor.accessTestSuiteMainPhase(TestSuiteExecutor.java:141)
	at com.kms.katalon.core.main.TestSuiteExecutor.execute(TestSuiteExecutor.java:90)
	at com.kms.katalon.core.main.TestCaseMain.startTestSuite(TestCaseMain.java:157)
	at com.kms.katalon.core.main.TestCaseMain$startTestSuite$0.call(Unknown Source)
	at TempTestSuite1600274320240.run(TempTestSuite1600274320240.groovy:39)
Caused by: com.kms.katalon.core.webui.exception.WebElementNotFoundException: Web element with id: 'Object Repository/FDR-Draw/RejectVocuherReceipts/thumbsUpButtonReceipt' located by '((//*[text()='Expenditures']//parent::*//parent::*//parent::*//parent::*)//button)[12]' not found
	at com.kms.katalon.core.webui.common.WebUiCommonHelper.findWebElement(WebUiCommonHelper.java:1368)
	at com.kms.katalon.core.webui.keyword.internal.WebUIAbstractKeyword.findWebElement(WebUIAbstractKeyword.groovy:27)
	at com.kms.katalon.core.webui.keyword.internal.WebUIAbstractKeyword.findWebElement(WebUIAbstractKeyword.groovy:26)
	at com.kms.katalon.core.webui.keyword.builtin.ClickKeyword$_click_closure1.doCall(ClickKeyword.groovy:67)
	at com.kms.katalon.core.webui.keyword.builtin.ClickKeyword$_click_closure1.call(ClickKeyword.groovy)
	at com.kms.katalon.core.webui.keyword.internal.WebUIKeywordMain.runKeyword(WebUIKeywordMain.groovy:20)
	at com.kms.katalon.core.webui.keyword.builtin.ClickKeyword.click(ClickKeyword.groovy:76)
	at com.kms.katalon.core.webui.keyword.builtin.ClickKeyword.execute(ClickKeyword.groovy:43)
	at com.kms.katalon.core.keyword.internal.KeywordExecutor.executeKeywordForPlatform(KeywordExecutor.groovy:73)
	at com.kms.katalon.core.webui.keyword.WebUiBuiltInKeywords.click(WebUiBuiltInKeywords.groovy:616)
	at com.kms.katalon.core.webui.keyword.WebUiBuiltInKeywords$click$6.call(Unknown Source)
	at Script1591634957380.run(Script1591634957380.groovy:46)
	... 13 more
)
[[ATTACHMENT|C:\\fdr-automation-develop_08_25_2020\\Reports\\20200916_093840\\Draw-Integration_Suite\\20200916_093840\\1600274562940.png]]

2020-09-16 09:42:43 - [TEST_STEP][PASSED] - waitForElementPresent(findTestObject("FDR-Draw/reconcileButton"), 2): Object 'Object Repository/FDR-Draw/reconcileButton' is not present after 2 second(s)

2020-09-16 09:42:46 - [MESSAGE][INFO] - Unable to find the element located by 'By.xpath: (//*[@data-id='button-link' ]//*[contains(text(),'Reconcile')])[1]'. Please recheck the objects properties to make sure the desired element is located. 

2020-09-16 09:42:46 - [MESSAGE][WARNING] - Object 'Object Repository/FDR-Draw/reconcileButton' is not present after 2 second(s)

2020-09-16 09:42:46 - [TEST_STEP][PASSED] - click(findTestObject("FDR-Draw/RejectVocuherReceipts/thubmsDownReceipts1")): Object: 'Object Repository/FDR-Draw/RejectVocuherReceipts/thubmsDownReceipts1' is clicked on

2020-09-16 09:42:46 - [MESSAGE][PASSED] - Object: 'Object Repository/FDR-Draw/RejectVocuherReceipts/thubmsDownReceipts1' is clicked on

2020-09-16 09:42:46 - [TEST_STEP][PASSED] - waitForElementPresent(findTestObject("FDR-Draw/reconcileButton"), 2): Object 'Object Repository/FDR-Draw/reconcileButton' is not present after 2 second(s)

2020-09-16 09:42:50 - [MESSAGE][INFO] - Unable to find the element located by 'By.xpath: (//*[@data-id='button-link' ]//*[contains(text(),'Reconcile')])[1]'. Please recheck the objects properties to make sure the desired element is located. 

2020-09-16 09:42:50 - [MESSAGE][WARNING] - Object 'Object Repository/FDR-Draw/reconcileButton' is not present after 2 second(s)

2020-09-16 09:42:50 - [TEST_STEP][FAILED] - click(findTestObject("FDR-Draw/RejectVocuherReceipts/spanOverdrawnFund(s)")): Unable to click on object 'Object Repository/FDR-Draw/RejectVocuherReceipts/spanOverdrawnFund(s)' (Root cause: com.kms.katalon.core.exception.StepFailedException: Unable to click on object 'Object Repository/FDR-Draw/RejectVocuherReceipts/spanOverdrawnFund(s)'
	at com.kms.katalon.core.webui.keyword.internal.WebUIKeywordMain.stepFailed(WebUIKeywordMain.groovy:64)
	at com.kms.katalon.core.webui.keyword.internal.WebUIKeywordMain.runKeyword(WebUIKeywordMain.groovy:26)
	at com.kms.katalon.core.webui.keyword.builtin.ClickKeyword.click(ClickKeyword.groovy:76)
	at com.kms.katalon.core.webui.keyword.builtin.ClickKeyword.execute(ClickKeyword.groovy:43)
	at com.kms.katalon.core.keyword.internal.KeywordExecutor.executeKeywordForPlatform(KeywordExecutor.groovy:73)
	at com.kms.katalon.core.webui.keyword.WebUiBuiltInKeywords.click(WebUiBuiltInKeywords.groovy:616)
	at com.kms.katalon.core.webui.keyword.WebUiBuiltInKeywords$click$6.call(Unknown Source)
	at FDR-Draw-Reject-Vouchers-Receipts.run(FDR-Draw-Reject-Vouchers-Receipts:54)
	at com.kms.katalon.core.main.ScriptEngine.run(ScriptEngine.java:194)
	at com.kms.katalon.core.main.ScriptEngine.runScriptAsRawText(ScriptEngine.java:119)
	at com.kms.katalon.core.main.TestCaseExecutor.runScript(TestCaseExecutor.java:339)
	at com.kms.katalon.core.main.TestCaseExecutor.doExecute(TestCaseExecutor.java:330)
	at com.kms.katalon.core.main.TestCaseExecutor.processExecutionPhase(TestCaseExecutor.java:309)
	at com.kms.katalon.core.main.TestCaseExecutor.accessMainPhase(TestCaseExecutor.java:301)
	at com.kms.katalon.core.main.TestCaseExecutor.execute(TestCaseExecutor.java:235)
	at com.kms.katalon.core.main.TestSuiteExecutor.accessTestCaseMainPhase(TestSuiteExecutor.java:191)
	at com.kms.katalon.core.main.TestSuiteExecutor.accessTestSuiteMainPhase(TestSuiteExecutor.java:141)
	at com.kms.katalon.core.main.TestSuiteExecutor.execute(TestSuiteExecutor.java:90)
	at com.kms.katalon.core.main.TestCaseMain.startTestSuite(TestCaseMain.java:157)
	at com.kms.katalon.core.main.TestCaseMain$startTestSuite$0.call(Unknown Source)
	at TempTestSuite1600274320240.run(TempTestSuite1600274320240.groovy:39)
Caused by: com.kms.katalon.core.webui.exception.WebElementNotFoundException: Web element with id: 'Object Repository/FDR-Draw/RejectVocuherReceipts/spanOverdrawnFund(s)' located by '//span[contains(.,'Overdrawn Fund(s)')]' not found
	at com.kms.katalon.core.webui.common.WebUiCommonHelper.findWebElement(WebUiCommonHelper.java:1368)
	at com.kms.katalon.core.webui.keyword.internal.WebUIAbstractKeyword.findWebElement(WebUIAbstractKeyword.groovy:27)
	at com.kms.katalon.core.webui.keyword.internal.WebUIAbstractKeyword.findWebElement(WebUIAbstractKeyword.groovy:26)
	at com.kms.katalon.core.webui.keyword.builtin.ClickKeyword$_click_closure1.doCall(ClickKeyword.groovy:67)
	at com.kms.katalon.core.webui.keyword.builtin.ClickKeyword$_click_closure1.call(ClickKeyword.groovy)
	at com.kms.katalon.core.webui.keyword.internal.WebUIKeywordMain.runKeyword(WebUIKeywordMain.groovy:20)
	at com.kms.katalon.core.webui.keyword.builtin.ClickKeyword.click(ClickKeyword.groovy:76)
	at com.kms.katalon.core.webui.keyword.builtin.ClickKeyword.execute(ClickKeyword.groovy:43)
	at com.kms.katalon.core.keyword.internal.KeywordExecutor.executeKeywordForPlatform(KeywordExecutor.groovy:73)
	at com.kms.katalon.core.webui.keyword.WebUiBuiltInKeywords.click(WebUiBuiltInKeywords.groovy:616)
	at com.kms.katalon.core.webui.keyword.WebUiBuiltInKeywords$click$6.call(Unknown Source)
	at Script1591634957380.run(Script1591634957380.groovy:54)
	... 13 more
)

2020-09-16 09:42:54 - [MESSAGE][INFO] - Unable to find the element located by 'By.xpath: //span[contains(.,'Overdrawn Fund(s)')]'. Please recheck the objects properties to make sure the desired element is located. 

2020-09-16 09:42:54 - [MESSAGE][FAILED] - Unable to click on object 'Object Repository/FDR-Draw/RejectVocuherReceipts/spanOverdrawnFund(s)' (Root cause: com.kms.katalon.core.exception.StepFailedException: Unable to click on object 'Object Repository/FDR-Draw/RejectVocuherReceipts/spanOverdrawnFund(s)'
	at com.kms.katalon.core.webui.keyword.internal.WebUIKeywordMain.stepFailed(WebUIKeywordMain.groovy:64)
	at com.kms.katalon.core.webui.keyword.internal.WebUIKeywordMain.runKeyword(WebUIKeywordMain.groovy:26)
	at com.kms.katalon.core.webui.keyword.builtin.ClickKeyword.click(ClickKeyword.groovy:76)
	at com.kms.katalon.core.webui.keyword.builtin.ClickKeyword.execute(ClickKeyword.groovy:43)
	at com.kms.katalon.core.keyword.internal.KeywordExecutor.executeKeywordForPlatform(KeywordExecutor.groovy:73)
	at com.kms.katalon.core.webui.keyword.WebUiBuiltInKeywords.click(WebUiBuiltInKeywords.groovy:616)
	at com.kms.katalon.core.webui.keyword.WebUiBuiltInKeywords$click$6.call(Unknown Source)
	at FDR-Draw-Reject-Vouchers-Receipts.run(FDR-Draw-Reject-Vouchers-Receipts:54)
	at com.kms.katalon.core.main.ScriptEngine.run(ScriptEngine.java:194)
	at com.kms.katalon.core.main.ScriptEngine.runScriptAsRawText(ScriptEngine.java:119)
	at com.kms.katalon.core.main.TestCaseExecutor.runScript(TestCaseExecutor.java:339)
	at com.kms.katalon.core.main.TestCaseExecutor.doExecute(TestCaseExecutor.java:330)
	at com.kms.katalon.core.main.TestCaseExecutor.processExecutionPhase(TestCaseExecutor.java:309)
	at com.kms.katalon.core.main.TestCaseExecutor.accessMainPhase(TestCaseExecutor.java:301)
	at com.kms.katalon.core.main.TestCaseExecutor.execute(TestCaseExecutor.java:235)
	at com.kms.katalon.core.main.TestSuiteExecutor.accessTestCaseMainPhase(TestSuiteExecutor.java:191)
	at com.kms.katalon.core.main.TestSuiteExecutor.accessTestSuiteMainPhase(TestSuiteExecutor.java:141)
	at com.kms.katalon.core.main.TestSuiteExecutor.execute(TestSuiteExecutor.java:90)
	at com.kms.katalon.core.main.TestCaseMain.startTestSuite(TestCaseMain.java:157)
	at com.kms.katalon.core.main.TestCaseMain$startTestSuite$0.call(Unknown Source)
	at TempTestSuite1600274320240.run(TempTestSuite1600274320240.groovy:39)
Caused by: com.kms.katalon.core.webui.exception.WebElementNotFoundException: Web element with id: 'Object Repository/FDR-Draw/RejectVocuherReceipts/spanOverdrawnFund(s)' located by '//span[contains(.,'Overdrawn Fund(s)')]' not found
	at com.kms.katalon.core.webui.common.WebUiCommonHelper.findWebElement(WebUiCommonHelper.java:1368)
	at com.kms.katalon.core.webui.keyword.internal.WebUIAbstractKeyword.findWebElement(WebUIAbstractKeyword.groovy:27)
	at com.kms.katalon.core.webui.keyword.internal.WebUIAbstractKeyword.findWebElement(WebUIAbstractKeyword.groovy:26)
	at com.kms.katalon.core.webui.keyword.builtin.ClickKeyword$_click_closure1.doCall(ClickKeyword.groovy:67)
	at com.kms.katalon.core.webui.keyword.builtin.ClickKeyword$_click_closure1.call(ClickKeyword.groovy)
	at com.kms.katalon.core.webui.keyword.internal.WebUIKeywordMain.runKeyword(WebUIKeywordMain.groovy:20)
	at com.kms.katalon.core.webui.keyword.builtin.ClickKeyword.click(ClickKeyword.groovy:76)
	at com.kms.katalon.core.webui.keyword.builtin.ClickKeyword.execute(ClickKeyword.groovy:43)
	at com.kms.katalon.core.keyword.internal.KeywordExecutor.executeKeywordForPlatform(KeywordExecutor.groovy:73)
	at com.kms.katalon.core.webui.keyword.WebUiBuiltInKeywords.click(WebUiBuiltInKeywords.groovy:616)
	at com.kms.katalon.core.webui.keyword.WebUiBuiltInKeywords$click$6.call(Unknown Source)
	at Script1591634957380.run(Script1591634957380.groovy:54)
	... 13 more
)
[[ATTACHMENT|C:\\fdr-automation-develop_08_25_2020\\Reports\\20200916_093840\\Draw-Integration_Suite\\20200916_093840\\1600274574272.png]]

2020-09-16 09:42:54 - [TEST_STEP][PASSED] - waitForElementPresent(findTestObject("FDR-Draw/reconcileButton"), 2): Object 'Object Repository/FDR-Draw/reconcileButton' is not present after 2 second(s)

2020-09-16 09:42:57 - [MESSAGE][INFO] - Unable to find the element located by 'By.xpath: (//*[@data-id='button-link' ]//*[contains(text(),'Reconcile')])[1]'. Please recheck the objects properties to make sure the desired element is located. 

2020-09-16 09:42:57 - [MESSAGE][WARNING] - Object 'Object Repository/FDR-Draw/reconcileButton' is not present after 2 second(s)

2020-09-16 09:42:57 - [TEST_STEP][FAILED] - click(findTestObject("FDR-Draw/RejectVocuherReceipts/overFundInput1")): Unable to click on object 'Object Repository/FDR-Draw/RejectVocuherReceipts/overFundInput1' (Root cause: com.kms.katalon.core.exception.StepFailedException: Unable to click on object 'Object Repository/FDR-Draw/RejectVocuherReceipts/overFundInput1'
	at com.kms.katalon.core.webui.keyword.internal.WebUIKeywordMain.stepFailed(WebUIKeywordMain.groovy:64)
	at com.kms.katalon.core.webui.keyword.internal.WebUIKeywordMain.runKeyword(WebUIKeywordMain.groovy:26)
	at com.kms.katalon.core.webui.keyword.builtin.ClickKeyword.click(ClickKeyword.groovy:76)
	at com.kms.katalon.core.webui.keyword.builtin.ClickKeyword.execute(ClickKeyword.groovy:43)
	at com.kms.katalon.core.keyword.internal.KeywordExecutor.executeKeywordForPlatform(KeywordExecutor.groovy:73)
	at com.kms.katalon.core.webui.keyword.WebUiBuiltInKeywords.click(WebUiBuiltInKeywords.groovy:616)
	at com.kms.katalon.core.webui.keyword.WebUiBuiltInKeywords$click$6.call(Unknown Source)
	at FDR-Draw-Reject-Vouchers-Receipts.run(FDR-Draw-Reject-Vouchers-Receipts:58)
	at com.kms.katalon.core.main.ScriptEngine.run(ScriptEngine.java:194)
	at com.kms.katalon.core.main.ScriptEngine.runScriptAsRawText(ScriptEngine.java:119)
	at com.kms.katalon.core.main.TestCaseExecutor.runScript(TestCaseExecutor.java:339)
	at com.kms.katalon.core.main.TestCaseExecutor.doExecute(TestCaseExecutor.java:330)
	at com.kms.katalon.core.main.TestCaseExecutor.processExecutionPhase(TestCaseExecutor.java:309)
	at com.kms.katalon.core.main.TestCaseExecutor.accessMainPhase(TestCaseExecutor.java:301)
	at com.kms.katalon.core.main.TestCaseExecutor.execute(TestCaseExecutor.java:235)
	at com.kms.katalon.core.main.TestSuiteExecutor.accessTestCaseMainPhase(TestSuiteExecutor.java:191)
	at com.kms.katalon.core.main.TestSuiteExecutor.accessTestSuiteMainPhase(TestSuiteExecutor.java:141)
	at com.kms.katalon.core.main.TestSuiteExecutor.execute(TestSuiteExecutor.java:90)
	at com.kms.katalon.core.main.TestCaseMain.startTestSuite(TestCaseMain.java:157)
	at com.kms.katalon.core.main.TestCaseMain$startTestSuite$0.call(Unknown Source)
	at TempTestSuite1600274320240.run(TempTestSuite1600274320240.groovy:39)
Caused by: com.kms.katalon.core.webui.exception.WebElementNotFoundException: Web element with id: 'Object Repository/FDR-Draw/RejectVocuherReceipts/overFundInput1' located by '//*[@id='overdrawnFunds[0]']' not found
	at com.kms.katalon.core.webui.common.WebUiCommonHelper.findWebElement(WebUiCommonHelper.java:1368)
	at com.kms.katalon.core.webui.keyword.internal.WebUIAbstractKeyword.findWebElement(WebUIAbstractKeyword.groovy:27)
	at com.kms.katalon.core.webui.keyword.internal.WebUIAbstractKeyword.findWebElement(WebUIAbstractKeyword.groovy:26)
	at com.kms.katalon.core.webui.keyword.builtin.ClickKeyword$_click_closure1.doCall(ClickKeyword.groovy:67)
	at com.kms.katalon.core.webui.keyword.builtin.ClickKeyword$_click_closure1.call(ClickKeyword.groovy)
	at com.kms.katalon.core.webui.keyword.internal.WebUIKeywordMain.runKeyword(WebUIKeywordMain.groovy:20)
	at com.kms.katalon.core.webui.keyword.builtin.ClickKeyword.click(ClickKeyword.groovy:76)
	at com.kms.katalon.core.webui.keyword.builtin.ClickKeyword.execute(ClickKeyword.groovy:43)
	at com.kms.katalon.core.keyword.internal.KeywordExecutor.executeKeywordForPlatform(KeywordExecutor.groovy:73)
	at com.kms.katalon.core.webui.keyword.WebUiBuiltInKeywords.click(WebUiBuiltInKeywords.groovy:616)
	at com.kms.katalon.core.webui.keyword.WebUiBuiltInKeywords$click$6.call(Unknown Source)
	at Script1591634957380.run(Script1591634957380.groovy:58)
	... 13 more
)

2020-09-16 09:43:01 - [MESSAGE][INFO] - Unable to find the element located by 'By.xpath: //*[@id='overdrawnFunds[0]']'. Please recheck the objects properties to make sure the desired element is located. 

2020-09-16 09:43:02 - [MESSAGE][FAILED] - Unable to click on object 'Object Repository/FDR-Draw/RejectVocuherReceipts/overFundInput1' (Root cause: com.kms.katalon.core.exception.StepFailedException: Unable to click on object 'Object Repository/FDR-Draw/RejectVocuherReceipts/overFundInput1'
	at com.kms.katalon.core.webui.keyword.internal.WebUIKeywordMain.stepFailed(WebUIKeywordMain.groovy:64)
	at com.kms.katalon.core.webui.keyword.internal.WebUIKeywordMain.runKeyword(WebUIKeywordMain.groovy:26)
	at com.kms.katalon.core.webui.keyword.builtin.ClickKeyword.click(ClickKeyword.groovy:76)
	at com.kms.katalon.core.webui.keyword.builtin.ClickKeyword.execute(ClickKeyword.groovy:43)
	at com.kms.katalon.core.keyword.internal.KeywordExecutor.executeKeywordForPlatform(KeywordExecutor.groovy:73)
	at com.kms.katalon.core.webui.keyword.WebUiBuiltInKeywords.click(WebUiBuiltInKeywords.groovy:616)
	at com.kms.katalon.core.webui.keyword.WebUiBuiltInKeywords$click$6.call(Unknown Source)
	at FDR-Draw-Reject-Vouchers-Receipts.run(FDR-Draw-Reject-Vouchers-Receipts:58)
	at com.kms.katalon.core.main.ScriptEngine.run(ScriptEngine.java:194)
	at com.kms.katalon.core.main.ScriptEngine.runScriptAsRawText(ScriptEngine.java:119)
	at com.kms.katalon.core.main.TestCaseExecutor.runScript(TestCaseExecutor.java:339)
	at com.kms.katalon.core.main.TestCaseExecutor.doExecute(TestCaseExecutor.java:330)
	at com.kms.katalon.core.main.TestCaseExecutor.processExecutionPhase(TestCaseExecutor.java:309)
	at com.kms.katalon.core.main.TestCaseExecutor.accessMainPhase(TestCaseExecutor.java:301)
	at com.kms.katalon.core.main.TestCaseExecutor.execute(TestCaseExecutor.java:235)
	at com.kms.katalon.core.main.TestSuiteExecutor.accessTestCaseMainPhase(TestSuiteExecutor.java:191)
	at com.kms.katalon.core.main.TestSuiteExecutor.accessTestSuiteMainPhase(TestSuiteExecutor.java:141)
	at com.kms.katalon.core.main.TestSuiteExecutor.execute(TestSuiteExecutor.java:90)
	at com.kms.katalon.core.main.TestCaseMain.startTestSuite(TestCaseMain.java:157)
	at com.kms.katalon.core.main.TestCaseMain$startTestSuite$0.call(Unknown Source)
	at TempTestSuite1600274320240.run(TempTestSuite1600274320240.groovy:39)
Caused by: com.kms.katalon.core.webui.exception.WebElementNotFoundException: Web element with id: 'Object Repository/FDR-Draw/RejectVocuherReceipts/overFundInput1' located by '//*[@id='overdrawnFunds[0]']' not found
	at com.kms.katalon.core.webui.common.WebUiCommonHelper.findWebElement(WebUiCommonHelper.java:1368)
	at com.kms.katalon.core.webui.keyword.internal.WebUIAbstractKeyword.findWebElement(WebUIAbstractKeyword.groovy:27)
	at com.kms.katalon.core.webui.keyword.internal.WebUIAbstractKeyword.findWebElement(WebUIAbstractKeyword.groovy:26)
	at com.kms.katalon.core.webui.keyword.builtin.ClickKeyword$_click_closure1.doCall(ClickKeyword.groovy:67)
	at com.kms.katalon.core.webui.keyword.builtin.ClickKeyword$_click_closure1.call(ClickKeyword.groovy)
	at com.kms.katalon.core.webui.keyword.internal.WebUIKeywordMain.runKeyword(WebUIKeywordMain.groovy:20)
	at com.kms.katalon.core.webui.keyword.builtin.ClickKeyword.click(ClickKeyword.groovy:76)
	at com.kms.katalon.core.webui.keyword.builtin.ClickKeyword.execute(ClickKeyword.groovy:43)
	at com.kms.katalon.core.keyword.internal.KeywordExecutor.executeKeywordForPlatform(KeywordExecutor.groovy:73)
	at com.kms.katalon.core.webui.keyword.WebUiBuiltInKeywords.click(WebUiBuiltInKeywords.groovy:616)
	at com.kms.katalon.core.webui.keyword.WebUiBuiltInKeywords$click$6.call(Unknown Source)
	at Script1591634957380.run(Script1591634957380.groovy:58)
	... 13 more
)
[[ATTACHMENT|C:\\fdr-automation-develop_08_25_2020\\Reports\\20200916_093840\\Draw-Integration_Suite\\20200916_093840\\1600274581857.png]]

2020-09-16 09:43:02 - [TEST_STEP][PASSED] - waitForElementPresent(findTestObject("FDR-Draw/reconcileButton"), 2): Object 'Object Repository/FDR-Draw/reconcileButton' is not present after 2 second(s)

2020-09-16 09:43:05 - [MESSAGE][INFO] - Unable to find the element located by 'By.xpath: (//*[@data-id='button-link' ]//*[contains(text(),'Reconcile')])[1]'. Please recheck the objects properties to make sure the desired element is located. 

2020-09-16 09:43:05 - [MESSAGE][WARNING] - Object 'Object Repository/FDR-Draw/reconcileButton' is not present after 2 second(s)

2020-09-16 09:43:05 - [TEST_STEP][FAILED] - sendKeys(findTestObject("FDR-Draw/RejectVocuherReceipts/overFundInput1"), "Federal"): Unable to send keys 'Federal' to object 'Object Repository/FDR-Draw/RejectVocuherReceipts/overFundInput1' (Root cause: com.kms.katalon.core.exception.StepFailedException: Unable to send keys 'Federal' to object 'Object Repository/FDR-Draw/RejectVocuherReceipts/overFundInput1'
	at com.kms.katalon.core.webui.keyword.internal.WebUIKeywordMain.stepFailed(WebUIKeywordMain.groovy:64)
	at com.kms.katalon.core.webui.keyword.internal.WebUIKeywordMain.runKeyword(WebUIKeywordMain.groovy:26)
	at com.kms.katalon.core.webui.keyword.builtin.SendKeysKeyword.sendKeys(SendKeysKeyword.groovy:60)
	at com.kms.katalon.core.webui.keyword.builtin.SendKeysKeyword.execute(SendKeysKeyword.groovy:38)
	at com.kms.katalon.core.keyword.internal.KeywordExecutor.executeKeywordForPlatform(KeywordExecutor.groovy:73)
	at com.kms.katalon.core.webui.keyword.WebUiBuiltInKeywords.sendKeys(WebUiBuiltInKeywords.groovy:860)
	at com.kms.katalon.core.webui.keyword.WebUiBuiltInKeywords$sendKeys$12.call(Unknown Source)
	at FDR-Draw-Reject-Vouchers-Receipts.run(FDR-Draw-Reject-Vouchers-Receipts:62)
	at com.kms.katalon.core.main.ScriptEngine.run(ScriptEngine.java:194)
	at com.kms.katalon.core.main.ScriptEngine.runScriptAsRawText(ScriptEngine.java:119)
	at com.kms.katalon.core.main.TestCaseExecutor.runScript(TestCaseExecutor.java:339)
	at com.kms.katalon.core.main.TestCaseExecutor.doExecute(TestCaseExecutor.java:330)
	at com.kms.katalon.core.main.TestCaseExecutor.processExecutionPhase(TestCaseExecutor.java:309)
	at com.kms.katalon.core.main.TestCaseExecutor.accessMainPhase(TestCaseExecutor.java:301)
	at com.kms.katalon.core.main.TestCaseExecutor.execute(TestCaseExecutor.java:235)
	at com.kms.katalon.core.main.TestSuiteExecutor.accessTestCaseMainPhase(TestSuiteExecutor.java:191)
	at com.kms.katalon.core.main.TestSuiteExecutor.accessTestSuiteMainPhase(TestSuiteExecutor.java:141)
	at com.kms.katalon.core.main.TestSuiteExecutor.execute(TestSuiteExecutor.java:90)
	at com.kms.katalon.core.main.TestCaseMain.startTestSuite(TestCaseMain.java:157)
	at com.kms.katalon.core.main.TestCaseMain$startTestSuite$0.call(Unknown Source)
	at TempTestSuite1600274320240.run(TempTestSuite1600274320240.groovy:39)
Caused by: com.kms.katalon.core.webui.exception.WebElementNotFoundException: Web element with id: 'Object Repository/FDR-Draw/RejectVocuherReceipts/overFundInput1' located by '//*[@id='overdrawnFunds[0]']' not found
	at com.kms.katalon.core.webui.common.WebUiCommonHelper.findWebElement(WebUiCommonHelper.java:1368)
	at com.kms.katalon.core.webui.keyword.internal.WebUIAbstractKeyword.findWebElement(WebUIAbstractKeyword.groovy:27)
	at com.kms.katalon.core.webui.keyword.internal.WebUIAbstractKeyword.findWebElement(WebUIAbstractKeyword.groovy:26)
	at com.kms.katalon.core.webui.keyword.builtin.SendKeysKeyword$_sendKeys_closure1.doCall(SendKeysKeyword.groovy:52)
	at com.kms.katalon.core.webui.keyword.builtin.SendKeysKeyword$_sendKeys_closure1.call(SendKeysKeyword.groovy)
	at com.kms.katalon.core.webui.keyword.internal.WebUIKeywordMain.runKeyword(WebUIKeywordMain.groovy:20)
	at com.kms.katalon.core.webui.keyword.builtin.SendKeysKeyword.sendKeys(SendKeysKeyword.groovy:60)
	at com.kms.katalon.core.webui.keyword.builtin.SendKeysKeyword.execute(SendKeysKeyword.groovy:38)
	at com.kms.katalon.core.keyword.internal.KeywordExecutor.executeKeywordForPlatform(KeywordExecutor.groovy:73)
	at com.kms.katalon.core.webui.keyword.WebUiBuiltInKeywords.sendKeys(WebUiBuiltInKeywords.groovy:860)
	at com.kms.katalon.core.webui.keyword.WebUiBuiltInKeywords$sendKeys$12.call(Unknown Source)
	at Script1591634957380.run(Script1591634957380.groovy:62)
	... 13 more
)

2020-09-16 09:43:09 - [MESSAGE][INFO] - Unable to find the element located by 'By.xpath: //*[@id='overdrawnFunds[0]']'. Please recheck the objects properties to make sure the desired element is located. 

2020-09-16 09:43:09 - [MESSAGE][FAILED] - Unable to send keys 'Federal' to object 'Object Repository/FDR-Draw/RejectVocuherReceipts/overFundInput1' (Root cause: com.kms.katalon.core.exception.StepFailedException: Unable to send keys 'Federal' to object 'Object Repository/FDR-Draw/RejectVocuherReceipts/overFundInput1'
	at com.kms.katalon.core.webui.keyword.internal.WebUIKeywordMain.stepFailed(WebUIKeywordMain.groovy:64)
	at com.kms.katalon.core.webui.keyword.internal.WebUIKeywordMain.runKeyword(WebUIKeywordMain.groovy:26)
	at com.kms.katalon.core.webui.keyword.builtin.SendKeysKeyword.sendKeys(SendKeysKeyword.groovy:60)
	at com.kms.katalon.core.webui.keyword.builtin.SendKeysKeyword.execute(SendKeysKeyword.groovy:38)
	at com.kms.katalon.core.keyword.internal.KeywordExecutor.executeKeywordForPlatform(KeywordExecutor.groovy:73)
	at com.kms.katalon.core.webui.keyword.WebUiBuiltInKeywords.sendKeys(WebUiBuiltInKeywords.groovy:860)
	at com.kms.katalon.core.webui.keyword.WebUiBuiltInKeywords$sendKeys$12.call(Unknown Source)
	at FDR-Draw-Reject-Vouchers-Receipts.run(FDR-Draw-Reject-Vouchers-Receipts:62)
	at com.kms.katalon.core.main.ScriptEngine.run(ScriptEngine.java:194)
	at com.kms.katalon.core.main.ScriptEngine.runScriptAsRawText(ScriptEngine.java:119)
	at com.kms.katalon.core.main.TestCaseExecutor.runScript(TestCaseExecutor.java:339)
	at com.kms.katalon.core.main.TestCaseExecutor.doExecute(TestCaseExecutor.java:330)
	at com.kms.katalon.core.main.TestCaseExecutor.processExecutionPhase(TestCaseExecutor.java:309)
	at com.kms.katalon.core.main.TestCaseExecutor.accessMainPhase(TestCaseExecutor.java:301)
	at com.kms.katalon.core.main.TestCaseExecutor.execute(TestCaseExecutor.java:235)
	at com.kms.katalon.core.main.TestSuiteExecutor.accessTestCaseMainPhase(TestSuiteExecutor.java:191)
	at com.kms.katalon.core.main.TestSuiteExecutor.accessTestSuiteMainPhase(TestSuiteExecutor.java:141)
	at com.kms.katalon.core.main.TestSuiteExecutor.execute(TestSuiteExecutor.java:90)
	at com.kms.katalon.core.main.TestCaseMain.startTestSuite(TestCaseMain.java:157)
	at com.kms.katalon.core.main.TestCaseMain$startTestSuite$0.call(Unknown Source)
	at TempTestSuite1600274320240.run(TempTestSuite1600274320240.groovy:39)
Caused by: com.kms.katalon.core.webui.exception.WebElementNotFoundException: Web element with id: 'Object Repository/FDR-Draw/RejectVocuherReceipts/overFundInput1' located by '//*[@id='overdrawnFunds[0]']' not found
	at com.kms.katalon.core.webui.common.WebUiCommonHelper.findWebElement(WebUiCommonHelper.java:1368)
	at com.kms.katalon.core.webui.keyword.internal.WebUIAbstractKeyword.findWebElement(WebUIAbstractKeyword.groovy:27)
	at com.kms.katalon.core.webui.keyword.internal.WebUIAbstractKeyword.findWebElement(WebUIAbstractKeyword.groovy:26)
	at com.kms.katalon.core.webui.keyword.builtin.SendKeysKeyword$_sendKeys_closure1.doCall(SendKeysKeyword.groovy:52)
	at com.kms.katalon.core.webui.keyword.builtin.SendKeysKeyword$_sendKeys_closure1.call(SendKeysKeyword.groovy)
	at com.kms.katalon.core.webui.keyword.internal.WebUIKeywordMain.runKeyword(WebUIKeywordMain.groovy:20)
	at com.kms.katalon.core.webui.keyword.builtin.SendKeysKeyword.sendKeys(SendKeysKeyword.groovy:60)
	at com.kms.katalon.core.webui.keyword.builtin.SendKeysKeyword.execute(SendKeysKeyword.groovy:38)
	at com.kms.katalon.core.keyword.internal.KeywordExecutor.executeKeywordForPlatform(KeywordExecutor.groovy:73)
	at com.kms.katalon.core.webui.keyword.WebUiBuiltInKeywords.sendKeys(WebUiBuiltInKeywords.groovy:860)
	at com.kms.katalon.core.webui.keyword.WebUiBuiltInKeywords$sendKeys$12.call(Unknown Source)
	at Script1591634957380.run(Script1591634957380.groovy:62)
	... 13 more
)
[[ATTACHMENT|C:\\fdr-automation-develop_08_25_2020\\Reports\\20200916_093840\\Draw-Integration_Suite\\20200916_093840\\1600274589633.png]]

2020-09-16 09:43:09 - [TEST_STEP][PASSED] - waitForElementPresent(findTestObject("FDR-Draw/reconcileButton"), 2): Object 'Object Repository/FDR-Draw/reconcileButton' is not present after 2 second(s)

2020-09-16 09:43:13 - [MESSAGE][INFO] - Unable to find the element located by 'By.xpath: (//*[@data-id='button-link' ]//*[contains(text(),'Reconcile')])[1]'. Please recheck the objects properties to make sure the desired element is located. 

2020-09-16 09:43:13 - [MESSAGE][WARNING] - Object 'Object Repository/FDR-Draw/reconcileButton' is not present after 2 second(s)

2020-09-16 09:43:13 - [TEST_STEP][FAILED] - sendKeys(findTestObject("FDR-Draw/RejectVocuherReceipts/overFundInput1"), Keys.chord(UP, ENTER)): Unable to send keys '' to object 'Object Repository/FDR-Draw/RejectVocuherReceipts/overFundInput1' (Root cause: com.kms.katalon.core.exception.StepFailedException: Unable to send keys '' to object 'Object Repository/FDR-Draw/RejectVocuherReceipts/overFundInput1'
	at com.kms.katalon.core.webui.keyword.internal.WebUIKeywordMain.stepFailed(WebUIKeywordMain.groovy:64)
	at com.kms.katalon.core.webui.keyword.internal.WebUIKeywordMain.runKeyword(WebUIKeywordMain.groovy:26)
	at com.kms.katalon.core.webui.keyword.builtin.SendKeysKeyword.sendKeys(SendKeysKeyword.groovy:60)
	at com.kms.katalon.core.webui.keyword.builtin.SendKeysKeyword.execute(SendKeysKeyword.groovy:38)
	at com.kms.katalon.core.keyword.internal.KeywordExecutor.executeKeywordForPlatform(KeywordExecutor.groovy:73)
	at com.kms.katalon.core.webui.keyword.WebUiBuiltInKeywords.sendKeys(WebUiBuiltInKeywords.groovy:860)
	at com.kms.katalon.core.webui.keyword.WebUiBuiltInKeywords$sendKeys$12.call(Unknown Source)
	at FDR-Draw-Reject-Vouchers-Receipts.run(FDR-Draw-Reject-Vouchers-Receipts:66)
	at com.kms.katalon.core.main.ScriptEngine.run(ScriptEngine.java:194)
	at com.kms.katalon.core.main.ScriptEngine.runScriptAsRawText(ScriptEngine.java:119)
	at com.kms.katalon.core.main.TestCaseExecutor.runScript(TestCaseExecutor.java:339)
	at com.kms.katalon.core.main.TestCaseExecutor.doExecute(TestCaseExecutor.java:330)
	at com.kms.katalon.core.main.TestCaseExecutor.processExecutionPhase(TestCaseExecutor.java:309)
	at com.kms.katalon.core.main.TestCaseExecutor.accessMainPhase(TestCaseExecutor.java:301)
	at com.kms.katalon.core.main.TestCaseExecutor.execute(TestCaseExecutor.java:235)
	at com.kms.katalon.core.main.TestSuiteExecutor.accessTestCaseMainPhase(TestSuiteExecutor.java:191)
	at com.kms.katalon.core.main.TestSuiteExecutor.accessTestSuiteMainPhase(TestSuiteExecutor.java:141)
	at com.kms.katalon.core.main.TestSuiteExecutor.execute(TestSuiteExecutor.java:90)
	at com.kms.katalon.core.main.TestCaseMain.startTestSuite(TestCaseMain.java:157)
	at com.kms.katalon.core.main.TestCaseMain$startTestSuite$0.call(Unknown Source)
	at TempTestSuite1600274320240.run(TempTestSuite1600274320240.groovy:39)
Caused by: com.kms.katalon.core.webui.exception.WebElementNotFoundException: Web element with id: 'Object Repository/FDR-Draw/RejectVocuherReceipts/overFundInput1' located by '//*[@id='overdrawnFunds[0]']' not found
	at com.kms.katalon.core.webui.common.WebUiCommonHelper.findWebElement(WebUiCommonHelper.java:1368)
	at com.kms.katalon.core.webui.keyword.internal.WebUIAbstractKeyword.findWebElement(WebUIAbstractKeyword.groovy:27)
	at com.kms.katalon.core.webui.keyword.internal.WebUIAbstractKeyword.findWebElement(WebUIAbstractKeyword.groovy:26)
	at com.kms.katalon.core.webui.keyword.builtin.SendKeysKeyword$_sendKeys_closure1.doCall(SendKeysKeyword.groovy:52)
	at com.kms.katalon.core.webui.keyword.builtin.SendKeysKeyword$_sendKeys_closure1.call(SendKeysKeyword.groovy)
	at com.kms.katalon.core.webui.keyword.internal.WebUIKeywordMain.runKeyword(WebUIKeywordMain.groovy:20)
	at com.kms.katalon.core.webui.keyword.builtin.SendKeysKeyword.sendKeys(SendKeysKeyword.groovy:60)
	at com.kms.katalon.core.webui.keyword.builtin.SendKeysKeyword.execute(SendKeysKeyword.groovy:38)
	at com.kms.katalon.core.keyword.internal.KeywordExecutor.executeKeywordForPlatform(KeywordExecutor.groovy:73)
	at com.kms.katalon.core.webui.keyword.WebUiBuiltInKeywords.sendKeys(WebUiBuiltInKeywords.groovy:860)
	at com.kms.katalon.core.webui.keyword.WebUiBuiltInKeywords$sendKeys$12.call(Unknown Source)
	at Script1591634957380.run(Script1591634957380.groovy:66)
	... 13 more
)

2020-09-16 09:43:17 - [MESSAGE][INFO] - Unable to find the element located by 'By.xpath: //*[@id='overdrawnFunds[0]']'. Please recheck the objects properties to make sure the desired element is located. 

2020-09-16 09:43:17 - [MESSAGE][FAILED] - Unable to send keys '' to object 'Object Repository/FDR-Draw/RejectVocuherReceipts/overFundInput1' (Root cause: com.kms.katalon.core.exception.StepFailedException: Unable to send keys '' to object 'Object Repository/FDR-Draw/RejectVocuherReceipts/overFundInput1'
	at com.kms.katalon.core.webui.keyword.internal.WebUIKeywordMain.stepFailed(WebUIKeywordMain.groovy:64)
	at com.kms.katalon.core.webui.keyword.internal.WebUIKeywordMain.runKeyword(WebUIKeywordMain.groovy:26)
	at com.kms.katalon.core.webui.keyword.builtin.SendKeysKeyword.sendKeys(SendKeysKeyword.groovy:60)
	at com.kms.katalon.core.webui.keyword.builtin.SendKeysKeyword.execute(SendKeysKeyword.groovy:38)
	at com.kms.katalon.core.keyword.internal.KeywordExecutor.executeKeywordForPlatform(KeywordExecutor.groovy:73)
	at com.kms.katalon.core.webui.keyword.WebUiBuiltInKeywords.sendKeys(WebUiBuiltInKeywords.groovy:860)
	at com.kms.katalon.core.webui.keyword.WebUiBuiltInKeywords$sendKeys$12.call(Unknown Source)
	at FDR-Draw-Reject-Vouchers-Receipts.run(FDR-Draw-Reject-Vouchers-Receipts:66)
	at com.kms.katalon.core.main.ScriptEngine.run(ScriptEngine.java:194)
	at com.kms.katalon.core.main.ScriptEngine.runScriptAsRawText(ScriptEngine.java:119)
	at com.kms.katalon.core.main.TestCaseExecutor.runScript(TestCaseExecutor.java:339)
	at com.kms.katalon.core.main.TestCaseExecutor.doExecute(TestCaseExecutor.java:330)
	at com.kms.katalon.core.main.TestCaseExecutor.processExecutionPhase(TestCaseExecutor.java:309)
	at com.kms.katalon.core.main.TestCaseExecutor.accessMainPhase(TestCaseExecutor.java:301)
	at com.kms.katalon.core.main.TestCaseExecutor.execute(TestCaseExecutor.java:235)
	at com.kms.katalon.core.main.TestSuiteExecutor.accessTestCaseMainPhase(TestSuiteExecutor.java:191)
	at com.kms.katalon.core.main.TestSuiteExecutor.accessTestSuiteMainPhase(TestSuiteExecutor.java:141)
	at com.kms.katalon.core.main.TestSuiteExecutor.execute(TestSuiteExecutor.java:90)
	at com.kms.katalon.core.main.TestCaseMain.startTestSuite(TestCaseMain.java:157)
	at com.kms.katalon.core.main.TestCaseMain$startTestSuite$0.call(Unknown Source)
	at TempTestSuite1600274320240.run(TempTestSuite1600274320240.groovy:39)
Caused by: com.kms.katalon.core.webui.exception.WebElementNotFoundException: Web element with id: 'Object Repository/FDR-Draw/RejectVocuherReceipts/overFundInput1' located by '//*[@id='overdrawnFunds[0]']' not found
	at com.kms.katalon.core.webui.common.WebUiCommonHelper.findWebElement(WebUiCommonHelper.java:1368)
	at com.kms.katalon.core.webui.keyword.internal.WebUIAbstractKeyword.findWebElement(WebUIAbstractKeyword.groovy:27)
	at com.kms.katalon.core.webui.keyword.internal.WebUIAbstractKeyword.findWebElement(WebUIAbstractKeyword.groovy:26)
	at com.kms.katalon.core.webui.keyword.builtin.SendKeysKeyword$_sendKeys_closure1.doCall(SendKeysKeyword.groovy:52)
	at com.kms.katalon.core.webui.keyword.builtin.SendKeysKeyword$_sendKeys_closure1.call(SendKeysKeyword.groovy)
	at com.kms.katalon.core.webui.keyword.internal.WebUIKeywordMain.runKeyword(WebUIKeywordMain.groovy:20)
	at com.kms.katalon.core.webui.keyword.builtin.SendKeysKeyword.sendKeys(SendKeysKeyword.groovy:60)
	at com.kms.katalon.core.webui.keyword.builtin.SendKeysKeyword.execute(SendKeysKeyword.groovy:38)
	at com.kms.katalon.core.keyword.internal.KeywordExecutor.executeKeywordForPlatform(KeywordExecutor.groovy:73)
	at com.kms.katalon.core.webui.keyword.WebUiBuiltInKeywords.sendKeys(WebUiBuiltInKeywords.groovy:860)
	at com.kms.katalon.core.webui.keyword.WebUiBuiltInKeywords$sendKeys$12.call(Unknown Source)
	at Script1591634957380.run(Script1591634957380.groovy:66)
	... 13 more
)
[[ATTACHMENT|C:\\fdr-automation-develop_08_25_2020\\Reports\\20200916_093840\\Draw-Integration_Suite\\20200916_093840\\1600274597331.png]]

2020-09-16 09:43:17 - [TEST_STEP][PASSED] - waitForElementPresent(findTestObject("FDR-Draw/reconcileButton"), 2): Object 'Object Repository/FDR-Draw/reconcileButton' is not present after 2 second(s)

2020-09-16 09:43:20 - [MESSAGE][INFO] - Unable to find the element located by 'By.xpath: (//*[@data-id='button-link' ]//*[contains(text(),'Reconcile')])[1]'. Please recheck the objects properties to make sure the desired element is located. 

2020-09-16 09:43:20 - [MESSAGE][WARNING] - Object 'Object Repository/FDR-Draw/reconcileButton' is not present after 2 second(s)

2020-09-16 09:43:20 - [TEST_STEP][FAILED] - click(findTestObject("FDR-Draw/RejectVocuherReceipts/addFundButton")): Unable to click on object 'Object Repository/FDR-Draw/RejectVocuherReceipts/addFundButton' (Root cause: com.kms.katalon.core.exception.StepFailedException: Unable to click on object 'Object Repository/FDR-Draw/RejectVocuherReceipts/addFundButton'
	at com.kms.katalon.core.webui.keyword.internal.WebUIKeywordMain.stepFailed(WebUIKeywordMain.groovy:64)
	at com.kms.katalon.core.webui.keyword.internal.WebUIKeywordMain.runKeyword(WebUIKeywordMain.groovy:26)
	at com.kms.katalon.core.webui.keyword.builtin.ClickKeyword.click(ClickKeyword.groovy:76)
	at com.kms.katalon.core.webui.keyword.builtin.ClickKeyword.execute(ClickKeyword.groovy:43)
	at com.kms.katalon.core.keyword.internal.KeywordExecutor.executeKeywordForPlatform(KeywordExecutor.groovy:73)
	at com.kms.katalon.core.webui.keyword.WebUiBuiltInKeywords.click(WebUiBuiltInKeywords.groovy:616)
	at com.kms.katalon.core.webui.keyword.WebUiBuiltInKeywords$click$6.call(Unknown Source)
	at FDR-Draw-Reject-Vouchers-Receipts.run(FDR-Draw-Reject-Vouchers-Receipts:70)
	at com.kms.katalon.core.main.ScriptEngine.run(ScriptEngine.java:194)
	at com.kms.katalon.core.main.ScriptEngine.runScriptAsRawText(ScriptEngine.java:119)
	at com.kms.katalon.core.main.TestCaseExecutor.runScript(TestCaseExecutor.java:339)
	at com.kms.katalon.core.main.TestCaseExecutor.doExecute(TestCaseExecutor.java:330)
	at com.kms.katalon.core.main.TestCaseExecutor.processExecutionPhase(TestCaseExecutor.java:309)
	at com.kms.katalon.core.main.TestCaseExecutor.accessMainPhase(TestCaseExecutor.java:301)
	at com.kms.katalon.core.main.TestCaseExecutor.execute(TestCaseExecutor.java:235)
	at com.kms.katalon.core.main.TestSuiteExecutor.accessTestCaseMainPhase(TestSuiteExecutor.java:191)
	at com.kms.katalon.core.main.TestSuiteExecutor.accessTestSuiteMainPhase(TestSuiteExecutor.java:141)
	at com.kms.katalon.core.main.TestSuiteExecutor.execute(TestSuiteExecutor.java:90)
	at com.kms.katalon.core.main.TestCaseMain.startTestSuite(TestCaseMain.java:157)
	at com.kms.katalon.core.main.TestCaseMain$startTestSuite$0.call(Unknown Source)
	at TempTestSuite1600274320240.run(TempTestSuite1600274320240.groovy:39)
Caused by: com.kms.katalon.core.webui.exception.WebElementNotFoundException: Web element with id: 'Object Repository/FDR-Draw/RejectVocuherReceipts/addFundButton' located by '//button[@type='button' and contains(., 'Add Fund')]' not found
	at com.kms.katalon.core.webui.common.WebUiCommonHelper.findWebElement(WebUiCommonHelper.java:1368)
	at com.kms.katalon.core.webui.keyword.internal.WebUIAbstractKeyword.findWebElement(WebUIAbstractKeyword.groovy:27)
	at com.kms.katalon.core.webui.keyword.internal.WebUIAbstractKeyword.findWebElement(WebUIAbstractKeyword.groovy:26)
	at com.kms.katalon.core.webui.keyword.builtin.ClickKeyword$_click_closure1.doCall(ClickKeyword.groovy:67)
	at com.kms.katalon.core.webui.keyword.builtin.ClickKeyword$_click_closure1.call(ClickKeyword.groovy)
	at com.kms.katalon.core.webui.keyword.internal.WebUIKeywordMain.runKeyword(WebUIKeywordMain.groovy:20)
	at com.kms.katalon.core.webui.keyword.builtin.ClickKeyword.click(ClickKeyword.groovy:76)
	at com.kms.katalon.core.webui.keyword.builtin.ClickKeyword.execute(ClickKeyword.groovy:43)
	at com.kms.katalon.core.keyword.internal.KeywordExecutor.executeKeywordForPlatform(KeywordExecutor.groovy:73)
	at com.kms.katalon.core.webui.keyword.WebUiBuiltInKeywords.click(WebUiBuiltInKeywords.groovy:616)
	at com.kms.katalon.core.webui.keyword.WebUiBuiltInKeywords$click$6.call(Unknown Source)
	at Script1591634957380.run(Script1591634957380.groovy:70)
	... 13 more
)

2020-09-16 09:43:24 - [MESSAGE][INFO] - Unable to find the element located by 'By.xpath: //button[@type='button' and contains(., 'Add Fund')]'. Please recheck the objects properties to make sure the desired element is located. 

2020-09-16 09:43:25 - [MESSAGE][FAILED] - Unable to click on object 'Object Repository/FDR-Draw/RejectVocuherReceipts/addFundButton' (Root cause: com.kms.katalon.core.exception.StepFailedException: Unable to click on object 'Object Repository/FDR-Draw/RejectVocuherReceipts/addFundButton'
	at com.kms.katalon.core.webui.keyword.internal.WebUIKeywordMain.stepFailed(WebUIKeywordMain.groovy:64)
	at com.kms.katalon.core.webui.keyword.internal.WebUIKeywordMain.runKeyword(WebUIKeywordMain.groovy:26)
	at com.kms.katalon.core.webui.keyword.builtin.ClickKeyword.click(ClickKeyword.groovy:76)
	at com.kms.katalon.core.webui.keyword.builtin.ClickKeyword.execute(ClickKeyword.groovy:43)
	at com.kms.katalon.core.keyword.internal.KeywordExecutor.executeKeywordForPlatform(KeywordExecutor.groovy:73)
	at com.kms.katalon.core.webui.keyword.WebUiBuiltInKeywords.click(WebUiBuiltInKeywords.groovy:616)
	at com.kms.katalon.core.webui.keyword.WebUiBuiltInKeywords$click$6.call(Unknown Source)
	at FDR-Draw-Reject-Vouchers-Receipts.run(FDR-Draw-Reject-Vouchers-Receipts:70)
	at com.kms.katalon.core.main.ScriptEngine.run(ScriptEngine.java:194)
	at com.kms.katalon.core.main.ScriptEngine.runScriptAsRawText(ScriptEngine.java:119)
	at com.kms.katalon.core.main.TestCaseExecutor.runScript(TestCaseExecutor.java:339)
	at com.kms.katalon.core.main.TestCaseExecutor.doExecute(TestCaseExecutor.java:330)
	at com.kms.katalon.core.main.TestCaseExecutor.processExecutionPhase(TestCaseExecutor.java:309)
	at com.kms.katalon.core.main.TestCaseExecutor.accessMainPhase(TestCaseExecutor.java:301)
	at com.kms.katalon.core.main.TestCaseExecutor.execute(TestCaseExecutor.java:235)
	at com.kms.katalon.core.main.TestSuiteExecutor.accessTestCaseMainPhase(TestSuiteExecutor.java:191)
	at com.kms.katalon.core.main.TestSuiteExecutor.accessTestSuiteMainPhase(TestSuiteExecutor.java:141)
	at com.kms.katalon.core.main.TestSuiteExecutor.execute(TestSuiteExecutor.java:90)
	at com.kms.katalon.core.main.TestCaseMain.startTestSuite(TestCaseMain.java:157)
	at com.kms.katalon.core.main.TestCaseMain$startTestSuite$0.call(Unknown Source)
	at TempTestSuite1600274320240.run(TempTestSuite1600274320240.groovy:39)
Caused by: com.kms.katalon.core.webui.exception.WebElementNotFoundException: Web element with id: 'Object Repository/FDR-Draw/RejectVocuherReceipts/addFundButton' located by '//button[@type='button' and contains(., 'Add Fund')]' not found
	at com.kms.katalon.core.webui.common.WebUiCommonHelper.findWebElement(WebUiCommonHelper.java:1368)
	at com.kms.katalon.core.webui.keyword.internal.WebUIAbstractKeyword.findWebElement(WebUIAbstractKeyword.groovy:27)
	at com.kms.katalon.core.webui.keyword.internal.WebUIAbstractKeyword.findWebElement(WebUIAbstractKeyword.groovy:26)
	at com.kms.katalon.core.webui.keyword.builtin.ClickKeyword$_click_closure1.doCall(ClickKeyword.groovy:67)
	at com.kms.katalon.core.webui.keyword.builtin.ClickKeyword$_click_closure1.call(ClickKeyword.groovy)
	at com.kms.katalon.core.webui.keyword.internal.WebUIKeywordMain.runKeyword(WebUIKeywordMain.groovy:20)
	at com.kms.katalon.core.webui.keyword.builtin.ClickKeyword.click(ClickKeyword.groovy:76)
	at com.kms.katalon.core.webui.keyword.builtin.ClickKeyword.execute(ClickKeyword.groovy:43)
	at com.kms.katalon.core.keyword.internal.KeywordExecutor.executeKeywordForPlatform(KeywordExecutor.groovy:73)
	at com.kms.katalon.core.webui.keyword.WebUiBuiltInKeywords.click(WebUiBuiltInKeywords.groovy:616)
	at com.kms.katalon.core.webui.keyword.WebUiBuiltInKeywords$click$6.call(Unknown Source)
	at Script1591634957380.run(Script1591634957380.groovy:70)
	... 13 more
)
[[ATTACHMENT|C:\\fdr-automation-develop_08_25_2020\\Reports\\20200916_093840\\Draw-Integration_Suite\\20200916_093840\\1600274604901.png]]

2020-09-16 09:43:25 - [TEST_STEP][PASSED] - waitForElementPresent(findTestObject("FDR-Draw/reconcileButton"), 4): Object 'Object Repository/FDR-Draw/reconcileButton' is not present after 4 second(s)

2020-09-16 09:43:30 - [MESSAGE][INFO] - Unable to find the element located by 'By.xpath: (//*[@data-id='button-link' ]//*[contains(text(),'Reconcile')])[1]'. Please recheck the objects properties to make sure the desired element is located. 

2020-09-16 09:43:30 - [MESSAGE][WARNING] - Object 'Object Repository/FDR-Draw/reconcileButton' is not present after 4 second(s)

2020-09-16 09:43:30 - [TEST_STEP][FAILED] - click(findTestObject("FDR-Draw/RejectVocuherReceipts/overFundInput2")): Unable to click on object 'Object Repository/FDR-Draw/RejectVocuherReceipts/overFundInput2' (Root cause: com.kms.katalon.core.exception.StepFailedException: Unable to click on object 'Object Repository/FDR-Draw/RejectVocuherReceipts/overFundInput2'
	at com.kms.katalon.core.webui.keyword.internal.WebUIKeywordMain.stepFailed(WebUIKeywordMain.groovy:64)
	at com.kms.katalon.core.webui.keyword.internal.WebUIKeywordMain.runKeyword(WebUIKeywordMain.groovy:26)
	at com.kms.katalon.core.webui.keyword.builtin.ClickKeyword.click(ClickKeyword.groovy:76)
	at com.kms.katalon.core.webui.keyword.builtin.ClickKeyword.execute(ClickKeyword.groovy:43)
	at com.kms.katalon.core.keyword.internal.KeywordExecutor.executeKeywordForPlatform(KeywordExecutor.groovy:73)
	at com.kms.katalon.core.webui.keyword.WebUiBuiltInKeywords.click(WebUiBuiltInKeywords.groovy:616)
	at com.kms.katalon.core.webui.keyword.WebUiBuiltInKeywords$click$6.call(Unknown Source)
	at FDR-Draw-Reject-Vouchers-Receipts.run(FDR-Draw-Reject-Vouchers-Receipts:74)
	at com.kms.katalon.core.main.ScriptEngine.run(ScriptEngine.java:194)
	at com.kms.katalon.core.main.ScriptEngine.runScriptAsRawText(ScriptEngine.java:119)
	at com.kms.katalon.core.main.TestCaseExecutor.runScript(TestCaseExecutor.java:339)
	at com.kms.katalon.core.main.TestCaseExecutor.doExecute(TestCaseExecutor.java:330)
	at com.kms.katalon.core.main.TestCaseExecutor.processExecutionPhase(TestCaseExecutor.java:309)
	at com.kms.katalon.core.main.TestCaseExecutor.accessMainPhase(TestCaseExecutor.java:301)
	at com.kms.katalon.core.main.TestCaseExecutor.execute(TestCaseExecutor.java:235)
	at com.kms.katalon.core.main.TestSuiteExecutor.accessTestCaseMainPhase(TestSuiteExecutor.java:191)
	at com.kms.katalon.core.main.TestSuiteExecutor.accessTestSuiteMainPhase(TestSuiteExecutor.java:141)
	at com.kms.katalon.core.main.TestSuiteExecutor.execute(TestSuiteExecutor.java:90)
	at com.kms.katalon.core.main.TestCaseMain.startTestSuite(TestCaseMain.java:157)
	at com.kms.katalon.core.main.TestCaseMain$startTestSuite$0.call(Unknown Source)
	at TempTestSuite1600274320240.run(TempTestSuite1600274320240.groovy:39)
Caused by: com.kms.katalon.core.webui.exception.WebElementNotFoundException: Web element with id: 'Object Repository/FDR-Draw/RejectVocuherReceipts/overFundInput2' located by '//*[@id='overdrawnFunds[1]']' not found
	at com.kms.katalon.core.webui.common.WebUiCommonHelper.findWebElement(WebUiCommonHelper.java:1368)
	at com.kms.katalon.core.webui.keyword.internal.WebUIAbstractKeyword.findWebElement(WebUIAbstractKeyword.groovy:27)
	at com.kms.katalon.core.webui.keyword.internal.WebUIAbstractKeyword.findWebElement(WebUIAbstractKeyword.groovy:26)
	at com.kms.katalon.core.webui.keyword.builtin.ClickKeyword$_click_closure1.doCall(ClickKeyword.groovy:67)
	at com.kms.katalon.core.webui.keyword.builtin.ClickKeyword$_click_closure1.call(ClickKeyword.groovy)
	at com.kms.katalon.core.webui.keyword.internal.WebUIKeywordMain.runKeyword(WebUIKeywordMain.groovy:20)
	at com.kms.katalon.core.webui.keyword.builtin.ClickKeyword.click(ClickKeyword.groovy:76)
	at com.kms.katalon.core.webui.keyword.builtin.ClickKeyword.execute(ClickKeyword.groovy:43)
	at com.kms.katalon.core.keyword.internal.KeywordExecutor.executeKeywordForPlatform(KeywordExecutor.groovy:73)
	at com.kms.katalon.core.webui.keyword.WebUiBuiltInKeywords.click(WebUiBuiltInKeywords.groovy:616)
	at com.kms.katalon.core.webui.keyword.WebUiBuiltInKeywords$click$6.call(Unknown Source)
	at Script1591634957380.run(Script1591634957380.groovy:74)
	... 13 more
)

2020-09-16 09:43:34 - [MESSAGE][INFO] - Unable to find the element located by 'By.xpath: //*[@id='overdrawnFunds[1]']'. Please recheck the objects properties to make sure the desired element is located. 

2020-09-16 09:43:34 - [MESSAGE][FAILED] - Unable to click on object 'Object Repository/FDR-Draw/RejectVocuherReceipts/overFundInput2' (Root cause: com.kms.katalon.core.exception.StepFailedException: Unable to click on object 'Object Repository/FDR-Draw/RejectVocuherReceipts/overFundInput2'
	at com.kms.katalon.core.webui.keyword.internal.WebUIKeywordMain.stepFailed(WebUIKeywordMain.groovy:64)
	at com.kms.katalon.core.webui.keyword.internal.WebUIKeywordMain.runKeyword(WebUIKeywordMain.groovy:26)
	at com.kms.katalon.core.webui.keyword.builtin.ClickKeyword.click(ClickKeyword.groovy:76)
	at com.kms.katalon.core.webui.keyword.builtin.ClickKeyword.execute(ClickKeyword.groovy:43)
	at com.kms.katalon.core.keyword.internal.KeywordExecutor.executeKeywordForPlatform(KeywordExecutor.groovy:73)
	at com.kms.katalon.core.webui.keyword.WebUiBuiltInKeywords.click(WebUiBuiltInKeywords.groovy:616)
	at com.kms.katalon.core.webui.keyword.WebUiBuiltInKeywords$click$6.call(Unknown Source)
	at FDR-Draw-Reject-Vouchers-Receipts.run(FDR-Draw-Reject-Vouchers-Receipts:74)
	at com.kms.katalon.core.main.ScriptEngine.run(ScriptEngine.java:194)
	at com.kms.katalon.core.main.ScriptEngine.runScriptAsRawText(ScriptEngine.java:119)
	at com.kms.katalon.core.main.TestCaseExecutor.runScript(TestCaseExecutor.java:339)
	at com.kms.katalon.core.main.TestCaseExecutor.doExecute(TestCaseExecutor.java:330)
	at com.kms.katalon.core.main.TestCaseExecutor.processExecutionPhase(TestCaseExecutor.java:309)
	at com.kms.katalon.core.main.TestCaseExecutor.accessMainPhase(TestCaseExecutor.java:301)
	at com.kms.katalon.core.main.TestCaseExecutor.execute(TestCaseExecutor.java:235)
	at com.kms.katalon.core.main.TestSuiteExecutor.accessTestCaseMainPhase(TestSuiteExecutor.java:191)
	at com.kms.katalon.core.main.TestSuiteExecutor.accessTestSuiteMainPhase(TestSuiteExecutor.java:141)
	at com.kms.katalon.core.main.TestSuiteExecutor.execute(TestSuiteExecutor.java:90)
	at com.kms.katalon.core.main.TestCaseMain.startTestSuite(TestCaseMain.java:157)
	at com.kms.katalon.core.main.TestCaseMain$startTestSuite$0.call(Unknown Source)
	at TempTestSuite1600274320240.run(TempTestSuite1600274320240.groovy:39)
Caused by: com.kms.katalon.core.webui.exception.WebElementNotFoundException: Web element with id: 'Object Repository/FDR-Draw/RejectVocuherReceipts/overFundInput2' located by '//*[@id='overdrawnFunds[1]']' not found
	at com.kms.katalon.core.webui.common.WebUiCommonHelper.findWebElement(WebUiCommonHelper.java:1368)
	at com.kms.katalon.core.webui.keyword.internal.WebUIAbstractKeyword.findWebElement(WebUIAbstractKeyword.groovy:27)
	at com.kms.katalon.core.webui.keyword.internal.WebUIAbstractKeyword.findWebElement(WebUIAbstractKeyword.groovy:26)
	at com.kms.katalon.core.webui.keyword.builtin.ClickKeyword$_click_closure1.doCall(ClickKeyword.groovy:67)
	at com.kms.katalon.core.webui.keyword.builtin.ClickKeyword$_click_closure1.call(ClickKeyword.groovy)
	at com.kms.katalon.core.webui.keyword.internal.WebUIKeywordMain.runKeyword(WebUIKeywordMain.groovy:20)
	at com.kms.katalon.core.webui.keyword.builtin.ClickKeyword.click(ClickKeyword.groovy:76)
	at com.kms.katalon.core.webui.keyword.builtin.ClickKeyword.execute(ClickKeyword.groovy:43)
	at com.kms.katalon.core.keyword.internal.KeywordExecutor.executeKeywordForPlatform(KeywordExecutor.groovy:73)
	at com.kms.katalon.core.webui.keyword.WebUiBuiltInKeywords.click(WebUiBuiltInKeywords.groovy:616)
	at com.kms.katalon.core.webui.keyword.WebUiBuiltInKeywords$click$6.call(Unknown Source)
	at Script1591634957380.run(Script1591634957380.groovy:74)
	... 13 more
)
[[ATTACHMENT|C:\\fdr-automation-develop_08_25_2020\\Reports\\20200916_093840\\Draw-Integration_Suite\\20200916_093840\\1600274614636.png]]

2020-09-16 09:43:34 - [TEST_STEP][PASSED] - waitForElementPresent(findTestObject("FDR-Draw/reconcileButton"), 4): Object 'Object Repository/FDR-Draw/reconcileButton' is not present after 4 second(s)

2020-09-16 09:43:40 - [MESSAGE][INFO] - Unable to find the element located by 'By.xpath: (//*[@data-id='button-link' ]//*[contains(text(),'Reconcile')])[1]'. Please recheck the objects properties to make sure the desired element is located. 

2020-09-16 09:43:40 - [MESSAGE][WARNING] - Object 'Object Repository/FDR-Draw/reconcileButton' is not present after 4 second(s)

2020-09-16 09:43:40 - [TEST_STEP][FAILED] - sendKeys(findTestObject("FDR-Draw/RejectVocuherReceipts/overFundInput2"), "Non-Federal"): Unable to send keys 'Non-Federal' to object 'Object Repository/FDR-Draw/RejectVocuherReceipts/overFundInput2' (Root cause: com.kms.katalon.core.exception.StepFailedException: Unable to send keys 'Non-Federal' to object 'Object Repository/FDR-Draw/RejectVocuherReceipts/overFundInput2'
	at com.kms.katalon.core.webui.keyword.internal.WebUIKeywordMain.stepFailed(WebUIKeywordMain.groovy:64)
	at com.kms.katalon.core.webui.keyword.internal.WebUIKeywordMain.runKeyword(WebUIKeywordMain.groovy:26)
	at com.kms.katalon.core.webui.keyword.builtin.SendKeysKeyword.sendKeys(SendKeysKeyword.groovy:60)
	at com.kms.katalon.core.webui.keyword.builtin.SendKeysKeyword.execute(SendKeysKeyword.groovy:38)
	at com.kms.katalon.core.keyword.internal.KeywordExecutor.executeKeywordForPlatform(KeywordExecutor.groovy:73)
	at com.kms.katalon.core.webui.keyword.WebUiBuiltInKeywords.sendKeys(WebUiBuiltInKeywords.groovy:860)
	at com.kms.katalon.core.webui.keyword.WebUiBuiltInKeywords$sendKeys$12.call(Unknown Source)
	at FDR-Draw-Reject-Vouchers-Receipts.run(FDR-Draw-Reject-Vouchers-Receipts:78)
	at com.kms.katalon.core.main.ScriptEngine.run(ScriptEngine.java:194)
	at com.kms.katalon.core.main.ScriptEngine.runScriptAsRawText(ScriptEngine.java:119)
	at com.kms.katalon.core.main.TestCaseExecutor.runScript(TestCaseExecutor.java:339)
	at com.kms.katalon.core.main.TestCaseExecutor.doExecute(TestCaseExecutor.java:330)
	at com.kms.katalon.core.main.TestCaseExecutor.processExecutionPhase(TestCaseExecutor.java:309)
	at com.kms.katalon.core.main.TestCaseExecutor.accessMainPhase(TestCaseExecutor.java:301)
	at com.kms.katalon.core.main.TestCaseExecutor.execute(TestCaseExecutor.java:235)
	at com.kms.katalon.core.main.TestSuiteExecutor.accessTestCaseMainPhase(TestSuiteExecutor.java:191)
	at com.kms.katalon.core.main.TestSuiteExecutor.accessTestSuiteMainPhase(TestSuiteExecutor.java:141)
	at com.kms.katalon.core.main.TestSuiteExecutor.execute(TestSuiteExecutor.java:90)
	at com.kms.katalon.core.main.TestCaseMain.startTestSuite(TestCaseMain.java:157)
	at com.kms.katalon.core.main.TestCaseMain$startTestSuite$0.call(Unknown Source)
	at TempTestSuite1600274320240.run(TempTestSuite1600274320240.groovy:39)
Caused by: com.kms.katalon.core.webui.exception.WebElementNotFoundException: Web element with id: 'Object Repository/FDR-Draw/RejectVocuherReceipts/overFundInput2' located by '//*[@id='overdrawnFunds[1]']' not found
	at com.kms.katalon.core.webui.common.WebUiCommonHelper.findWebElement(WebUiCommonHelper.java:1368)
	at com.kms.katalon.core.webui.keyword.internal.WebUIAbstractKeyword.findWebElement(WebUIAbstractKeyword.groovy:27)
	at com.kms.katalon.core.webui.keyword.internal.WebUIAbstractKeyword.findWebElement(WebUIAbstractKeyword.groovy:26)
	at com.kms.katalon.core.webui.keyword.builtin.SendKeysKeyword$_sendKeys_closure1.doCall(SendKeysKeyword.groovy:52)
	at com.kms.katalon.core.webui.keyword.builtin.SendKeysKeyword$_sendKeys_closure1.call(SendKeysKeyword.groovy)
	at com.kms.katalon.core.webui.keyword.internal.WebUIKeywordMain.runKeyword(WebUIKeywordMain.groovy:20)
	at com.kms.katalon.core.webui.keyword.builtin.SendKeysKeyword.sendKeys(SendKeysKeyword.groovy:60)
	at com.kms.katalon.core.webui.keyword.builtin.SendKeysKeyword.execute(SendKeysKeyword.groovy:38)
	at com.kms.katalon.core.keyword.internal.KeywordExecutor.executeKeywordForPlatform(KeywordExecutor.groovy:73)
	at com.kms.katalon.core.webui.keyword.WebUiBuiltInKeywords.sendKeys(WebUiBuiltInKeywords.groovy:860)
	at com.kms.katalon.core.webui.keyword.WebUiBuiltInKeywords$sendKeys$12.call(Unknown Source)
	at Script1591634957380.run(Script1591634957380.groovy:78)
	... 13 more
)

2020-09-16 09:43:44 - [MESSAGE][INFO] - Unable to find the element located by 'By.xpath: //*[@id='overdrawnFunds[1]']'. Please recheck the objects properties to make sure the desired element is located. 

2020-09-16 09:43:44 - [MESSAGE][FAILED] - Unable to send keys 'Non-Federal' to object 'Object Repository/FDR-Draw/RejectVocuherReceipts/overFundInput2' (Root cause: com.kms.katalon.core.exception.StepFailedException: Unable to send keys 'Non-Federal' to object 'Object Repository/FDR-Draw/RejectVocuherReceipts/overFundInput2'
	at com.kms.katalon.core.webui.keyword.internal.WebUIKeywordMain.stepFailed(WebUIKeywordMain.groovy:64)
	at com.kms.katalon.core.webui.keyword.internal.WebUIKeywordMain.runKeyword(WebUIKeywordMain.groovy:26)
	at com.kms.katalon.core.webui.keyword.builtin.SendKeysKeyword.sendKeys(SendKeysKeyword.groovy:60)
	at com.kms.katalon.core.webui.keyword.builtin.SendKeysKeyword.execute(SendKeysKeyword.groovy:38)
	at com.kms.katalon.core.keyword.internal.KeywordExecutor.executeKeywordForPlatform(KeywordExecutor.groovy:73)
	at com.kms.katalon.core.webui.keyword.WebUiBuiltInKeywords.sendKeys(WebUiBuiltInKeywords.groovy:860)
	at com.kms.katalon.core.webui.keyword.WebUiBuiltInKeywords$sendKeys$12.call(Unknown Source)
	at FDR-Draw-Reject-Vouchers-Receipts.run(FDR-Draw-Reject-Vouchers-Receipts:78)
	at com.kms.katalon.core.main.ScriptEngine.run(ScriptEngine.java:194)
	at com.kms.katalon.core.main.ScriptEngine.runScriptAsRawText(ScriptEngine.java:119)
	at com.kms.katalon.core.main.TestCaseExecutor.runScript(TestCaseExecutor.java:339)
	at com.kms.katalon.core.main.TestCaseExecutor.doExecute(TestCaseExecutor.java:330)
	at com.kms.katalon.core.main.TestCaseExecutor.processExecutionPhase(TestCaseExecutor.java:309)
	at com.kms.katalon.core.main.TestCaseExecutor.accessMainPhase(TestCaseExecutor.java:301)
	at com.kms.katalon.core.main.TestCaseExecutor.execute(TestCaseExecutor.java:235)
	at com.kms.katalon.core.main.TestSuiteExecutor.accessTestCaseMainPhase(TestSuiteExecutor.java:191)
	at com.kms.katalon.core.main.TestSuiteExecutor.accessTestSuiteMainPhase(TestSuiteExecutor.java:141)
	at com.kms.katalon.core.main.TestSuiteExecutor.execute(TestSuiteExecutor.java:90)
	at com.kms.katalon.core.main.TestCaseMain.startTestSuite(TestCaseMain.java:157)
	at com.kms.katalon.core.main.TestCaseMain$startTestSuite$0.call(Unknown Source)
	at TempTestSuite1600274320240.run(TempTestSuite1600274320240.groovy:39)
Caused by: com.kms.katalon.core.webui.exception.WebElementNotFoundException: Web element with id: 'Object Repository/FDR-Draw/RejectVocuherReceipts/overFundInput2' located by '//*[@id='overdrawnFunds[1]']' not found
	at com.kms.katalon.core.webui.common.WebUiCommonHelper.findWebElement(WebUiCommonHelper.java:1368)
	at com.kms.katalon.core.webui.keyword.internal.WebUIAbstractKeyword.findWebElement(WebUIAbstractKeyword.groovy:27)
	at com.kms.katalon.core.webui.keyword.internal.WebUIAbstractKeyword.findWebElement(WebUIAbstractKeyword.groovy:26)
	at com.kms.katalon.core.webui.keyword.builtin.SendKeysKeyword$_sendKeys_closure1.doCall(SendKeysKeyword.groovy:52)
	at com.kms.katalon.core.webui.keyword.builtin.SendKeysKeyword$_sendKeys_closure1.call(SendKeysKeyword.groovy)
	at com.kms.katalon.core.webui.keyword.internal.WebUIKeywordMain.runKeyword(WebUIKeywordMain.groovy:20)
	at com.kms.katalon.core.webui.keyword.builtin.SendKeysKeyword.sendKeys(SendKeysKeyword.groovy:60)
	at com.kms.katalon.core.webui.keyword.builtin.SendKeysKeyword.execute(SendKeysKeyword.groovy:38)
	at com.kms.katalon.core.keyword.internal.KeywordExecutor.executeKeywordForPlatform(KeywordExecutor.groovy:73)
	at com.kms.katalon.core.webui.keyword.WebUiBuiltInKeywords.sendKeys(WebUiBuiltInKeywords.groovy:860)
	at com.kms.katalon.core.webui.keyword.WebUiBuiltInKeywords$sendKeys$12.call(Unknown Source)
	at Script1591634957380.run(Script1591634957380.groovy:78)
	... 13 more
)
[[ATTACHMENT|C:\\fdr-automation-develop_08_25_2020\\Reports\\20200916_093840\\Draw-Integration_Suite\\20200916_093840\\1600274624223.png]]

2020-09-16 09:43:44 - [TEST_STEP][PASSED] - waitForElementPresent(findTestObject("FDR-Draw/reconcileButton"), 2): Object 'Object Repository/FDR-Draw/reconcileButton' is not present after 2 second(s)

2020-09-16 09:43:47 - [MESSAGE][INFO] - Unable to find the element located by 'By.xpath: (//*[@data-id='button-link' ]//*[contains(text(),'Reconcile')])[1]'. Please recheck the objects properties to make sure the desired element is located. 

2020-09-16 09:43:47 - [MESSAGE][WARNING] - Object 'Object Repository/FDR-Draw/reconcileButton' is not present after 2 second(s)

2020-09-16 09:43:47 - [TEST_STEP][FAILED] - sendKeys(findTestObject("FDR-Draw/RejectVocuherReceipts/overFundInput2"), Keys.chord(DOWN, ENTER)): Unable to send keys '' to object 'Object Repository/FDR-Draw/RejectVocuherReceipts/overFundInput2' (Root cause: com.kms.katalon.core.exception.StepFailedException: Unable to send keys '' to object 'Object Repository/FDR-Draw/RejectVocuherReceipts/overFundInput2'
	at com.kms.katalon.core.webui.keyword.internal.WebUIKeywordMain.stepFailed(WebUIKeywordMain.groovy:64)
	at com.kms.katalon.core.webui.keyword.internal.WebUIKeywordMain.runKeyword(WebUIKeywordMain.groovy:26)
	at com.kms.katalon.core.webui.keyword.builtin.SendKeysKeyword.sendKeys(SendKeysKeyword.groovy:60)
	at com.kms.katalon.core.webui.keyword.builtin.SendKeysKeyword.execute(SendKeysKeyword.groovy:38)
	at com.kms.katalon.core.keyword.internal.KeywordExecutor.executeKeywordForPlatform(KeywordExecutor.groovy:73)
	at com.kms.katalon.core.webui.keyword.WebUiBuiltInKeywords.sendKeys(WebUiBuiltInKeywords.groovy:860)
	at com.kms.katalon.core.webui.keyword.WebUiBuiltInKeywords$sendKeys$12.call(Unknown Source)
	at FDR-Draw-Reject-Vouchers-Receipts.run(FDR-Draw-Reject-Vouchers-Receipts:82)
	at com.kms.katalon.core.main.ScriptEngine.run(ScriptEngine.java:194)
	at com.kms.katalon.core.main.ScriptEngine.runScriptAsRawText(ScriptEngine.java:119)
	at com.kms.katalon.core.main.TestCaseExecutor.runScript(TestCaseExecutor.java:339)
	at com.kms.katalon.core.main.TestCaseExecutor.doExecute(TestCaseExecutor.java:330)
	at com.kms.katalon.core.main.TestCaseExecutor.processExecutionPhase(TestCaseExecutor.java:309)
	at com.kms.katalon.core.main.TestCaseExecutor.accessMainPhase(TestCaseExecutor.java:301)
	at com.kms.katalon.core.main.TestCaseExecutor.execute(TestCaseExecutor.java:235)
	at com.kms.katalon.core.main.TestSuiteExecutor.accessTestCaseMainPhase(TestSuiteExecutor.java:191)
	at com.kms.katalon.core.main.TestSuiteExecutor.accessTestSuiteMainPhase(TestSuiteExecutor.java:141)
	at com.kms.katalon.core.main.TestSuiteExecutor.execute(TestSuiteExecutor.java:90)
	at com.kms.katalon.core.main.TestCaseMain.startTestSuite(TestCaseMain.java:157)
	at com.kms.katalon.core.main.TestCaseMain$startTestSuite$0.call(Unknown Source)
	at TempTestSuite1600274320240.run(TempTestSuite1600274320240.groovy:39)
Caused by: com.kms.katalon.core.webui.exception.WebElementNotFoundException: Web element with id: 'Object Repository/FDR-Draw/RejectVocuherReceipts/overFundInput2' located by '//*[@id='overdrawnFunds[1]']' not found
	at com.kms.katalon.core.webui.common.WebUiCommonHelper.findWebElement(WebUiCommonHelper.java:1368)
	at com.kms.katalon.core.webui.keyword.internal.WebUIAbstractKeyword.findWebElement(WebUIAbstractKeyword.groovy:27)
	at com.kms.katalon.core.webui.keyword.internal.WebUIAbstractKeyword.findWebElement(WebUIAbstractKeyword.groovy:26)
	at com.kms.katalon.core.webui.keyword.builtin.SendKeysKeyword$_sendKeys_closure1.doCall(SendKeysKeyword.groovy:52)
	at com.kms.katalon.core.webui.keyword.builtin.SendKeysKeyword$_sendKeys_closure1.call(SendKeysKeyword.groovy)
	at com.kms.katalon.core.webui.keyword.internal.WebUIKeywordMain.runKeyword(WebUIKeywordMain.groovy:20)
	at com.kms.katalon.core.webui.keyword.builtin.SendKeysKeyword.sendKeys(SendKeysKeyword.groovy:60)
	at com.kms.katalon.core.webui.keyword.builtin.SendKeysKeyword.execute(SendKeysKeyword.groovy:38)
	at com.kms.katalon.core.keyword.internal.KeywordExecutor.executeKeywordForPlatform(KeywordExecutor.groovy:73)
	at com.kms.katalon.core.webui.keyword.WebUiBuiltInKeywords.sendKeys(WebUiBuiltInKeywords.groovy:860)
	at com.kms.katalon.core.webui.keyword.WebUiBuiltInKeywords$sendKeys$12.call(Unknown Source)
	at Script1591634957380.run(Script1591634957380.groovy:82)
	... 13 more
)

2020-09-16 09:43:51 - [MESSAGE][INFO] - Unable to find the element located by 'By.xpath: //*[@id='overdrawnFunds[1]']'. Please recheck the objects properties to make sure the desired element is located. 

2020-09-16 09:43:52 - [MESSAGE][FAILED] - Unable to send keys '' to object 'Object Repository/FDR-Draw/RejectVocuherReceipts/overFundInput2' (Root cause: com.kms.katalon.core.exception.StepFailedException: Unable to send keys '' to object 'Object Repository/FDR-Draw/RejectVocuherReceipts/overFundInput2'
	at com.kms.katalon.core.webui.keyword.internal.WebUIKeywordMain.stepFailed(WebUIKeywordMain.groovy:64)
	at com.kms.katalon.core.webui.keyword.internal.WebUIKeywordMain.runKeyword(WebUIKeywordMain.groovy:26)
	at com.kms.katalon.core.webui.keyword.builtin.SendKeysKeyword.sendKeys(SendKeysKeyword.groovy:60)
	at com.kms.katalon.core.webui.keyword.builtin.SendKeysKeyword.execute(SendKeysKeyword.groovy:38)
	at com.kms.katalon.core.keyword.internal.KeywordExecutor.executeKeywordForPlatform(KeywordExecutor.groovy:73)
	at com.kms.katalon.core.webui.keyword.WebUiBuiltInKeywords.sendKeys(WebUiBuiltInKeywords.groovy:860)
	at com.kms.katalon.core.webui.keyword.WebUiBuiltInKeywords$sendKeys$12.call(Unknown Source)
	at FDR-Draw-Reject-Vouchers-Receipts.run(FDR-Draw-Reject-Vouchers-Receipts:82)
	at com.kms.katalon.core.main.ScriptEngine.run(ScriptEngine.java:194)
	at com.kms.katalon.core.main.ScriptEngine.runScriptAsRawText(ScriptEngine.java:119)
	at com.kms.katalon.core.main.TestCaseExecutor.runScript(TestCaseExecutor.java:339)
	at com.kms.katalon.core.main.TestCaseExecutor.doExecute(TestCaseExecutor.java:330)
	at com.kms.katalon.core.main.TestCaseExecutor.processExecutionPhase(TestCaseExecutor.java:309)
	at com.kms.katalon.core.main.TestCaseExecutor.accessMainPhase(TestCaseExecutor.java:301)
	at com.kms.katalon.core.main.TestCaseExecutor.execute(TestCaseExecutor.java:235)
	at com.kms.katalon.core.main.TestSuiteExecutor.accessTestCaseMainPhase(TestSuiteExecutor.java:191)
	at com.kms.katalon.core.main.TestSuiteExecutor.accessTestSuiteMainPhase(TestSuiteExecutor.java:141)
	at com.kms.katalon.core.main.TestSuiteExecutor.execute(TestSuiteExecutor.java:90)
	at com.kms.katalon.core.main.TestCaseMain.startTestSuite(TestCaseMain.java:157)
	at com.kms.katalon.core.main.TestCaseMain$startTestSuite$0.call(Unknown Source)
	at TempTestSuite1600274320240.run(TempTestSuite1600274320240.groovy:39)
Caused by: com.kms.katalon.core.webui.exception.WebElementNotFoundException: Web element with id: 'Object Repository/FDR-Draw/RejectVocuherReceipts/overFundInput2' located by '//*[@id='overdrawnFunds[1]']' not found
	at com.kms.katalon.core.webui.common.WebUiCommonHelper.findWebElement(WebUiCommonHelper.java:1368)
	at com.kms.katalon.core.webui.keyword.internal.WebUIAbstractKeyword.findWebElement(WebUIAbstractKeyword.groovy:27)
	at com.kms.katalon.core.webui.keyword.internal.WebUIAbstractKeyword.findWebElement(WebUIAbstractKeyword.groovy:26)
	at com.kms.katalon.core.webui.keyword.builtin.SendKeysKeyword$_sendKeys_closure1.doCall(SendKeysKeyword.groovy:52)
	at com.kms.katalon.core.webui.keyword.builtin.SendKeysKeyword$_sendKeys_closure1.call(SendKeysKeyword.groovy)
	at com.kms.katalon.core.webui.keyword.internal.WebUIKeywordMain.runKeyword(WebUIKeywordMain.groovy:20)
	at com.kms.katalon.core.webui.keyword.builtin.SendKeysKeyword.sendKeys(SendKeysKeyword.groovy:60)
	at com.kms.katalon.core.webui.keyword.builtin.SendKeysKeyword.execute(SendKeysKeyword.groovy:38)
	at com.kms.katalon.core.keyword.internal.KeywordExecutor.executeKeywordForPlatform(KeywordExecutor.groovy:73)
	at com.kms.katalon.core.webui.keyword.WebUiBuiltInKeywords.sendKeys(WebUiBuiltInKeywords.groovy:860)
	at com.kms.katalon.core.webui.keyword.WebUiBuiltInKeywords$sendKeys$12.call(Unknown Source)
	at Script1591634957380.run(Script1591634957380.groovy:82)
	... 13 more
)
[[ATTACHMENT|C:\\fdr-automation-develop_08_25_2020\\Reports\\20200916_093840\\Draw-Integration_Suite\\20200916_093840\\1600274631975.png]]

2020-09-16 09:43:52 - [TEST_STEP][PASSED] - waitForElementPresent(findTestObject("FDR-Draw/reconcileButton"), 2): Object 'Object Repository/FDR-Draw/reconcileButton' is not present after 2 second(s)

2020-09-16 09:43:55 - [MESSAGE][INFO] - Unable to find the element located by 'By.xpath: (//*[@data-id='button-link' ]//*[contains(text(),'Reconcile')])[1]'. Please recheck the objects properties to make sure the desired element is located. 

2020-09-16 09:43:55 - [MESSAGE][WARNING] - Object 'Object Repository/FDR-Draw/reconcileButton' is not present after 2 second(s)

2020-09-16 09:43:55 - [TEST_STEP][FAILED] - click(findTestObject("FDR-Draw/RejectVocuherReceipts/spanIncorrectAmountEntry")): Unable to click on object 'Object Repository/FDR-Draw/RejectVocuherReceipts/spanIncorrectAmountEntry' (Root cause: com.kms.katalon.core.exception.StepFailedException: Unable to click on object 'Object Repository/FDR-Draw/RejectVocuherReceipts/spanIncorrectAmountEntry'
	at com.kms.katalon.core.webui.keyword.internal.WebUIKeywordMain.stepFailed(WebUIKeywordMain.groovy:64)
	at com.kms.katalon.core.webui.keyword.internal.WebUIKeywordMain.runKeyword(WebUIKeywordMain.groovy:26)
	at com.kms.katalon.core.webui.keyword.builtin.ClickKeyword.click(ClickKeyword.groovy:76)
	at com.kms.katalon.core.webui.keyword.builtin.ClickKeyword.execute(ClickKeyword.groovy:43)
	at com.kms.katalon.core.keyword.internal.KeywordExecutor.executeKeywordForPlatform(KeywordExecutor.groovy:73)
	at com.kms.katalon.core.webui.keyword.WebUiBuiltInKeywords.click(WebUiBuiltInKeywords.groovy:616)
	at com.kms.katalon.core.webui.keyword.WebUiBuiltInKeywords$click$6.call(Unknown Source)
	at FDR-Draw-Reject-Vouchers-Receipts.run(FDR-Draw-Reject-Vouchers-Receipts:86)
	at com.kms.katalon.core.main.ScriptEngine.run(ScriptEngine.java:194)
	at com.kms.katalon.core.main.ScriptEngine.runScriptAsRawText(ScriptEngine.java:119)
	at com.kms.katalon.core.main.TestCaseExecutor.runScript(TestCaseExecutor.java:339)
	at com.kms.katalon.core.main.TestCaseExecutor.doExecute(TestCaseExecutor.java:330)
	at com.kms.katalon.core.main.TestCaseExecutor.processExecutionPhase(TestCaseExecutor.java:309)
	at com.kms.katalon.core.main.TestCaseExecutor.accessMainPhase(TestCaseExecutor.java:301)
	at com.kms.katalon.core.main.TestCaseExecutor.execute(TestCaseExecutor.java:235)
	at com.kms.katalon.core.main.TestSuiteExecutor.accessTestCaseMainPhase(TestSuiteExecutor.java:191)
	at com.kms.katalon.core.main.TestSuiteExecutor.accessTestSuiteMainPhase(TestSuiteExecutor.java:141)
	at com.kms.katalon.core.main.TestSuiteExecutor.execute(TestSuiteExecutor.java:90)
	at com.kms.katalon.core.main.TestCaseMain.startTestSuite(TestCaseMain.java:157)
	at com.kms.katalon.core.main.TestCaseMain$startTestSuite$0.call(Unknown Source)
	at TempTestSuite1600274320240.run(TempTestSuite1600274320240.groovy:39)
Caused by: com.kms.katalon.core.webui.exception.WebElementNotFoundException: Web element with id: 'Object Repository/FDR-Draw/RejectVocuherReceipts/spanIncorrectAmountEntry' located by '(//*[@data-id='checkbox'])[2]' not found
	at com.kms.katalon.core.webui.common.WebUiCommonHelper.findWebElement(WebUiCommonHelper.java:1368)
	at com.kms.katalon.core.webui.keyword.internal.WebUIAbstractKeyword.findWebElement(WebUIAbstractKeyword.groovy:27)
	at com.kms.katalon.core.webui.keyword.internal.WebUIAbstractKeyword.findWebElement(WebUIAbstractKeyword.groovy:26)
	at com.kms.katalon.core.webui.keyword.builtin.ClickKeyword$_click_closure1.doCall(ClickKeyword.groovy:67)
	at com.kms.katalon.core.webui.keyword.builtin.ClickKeyword$_click_closure1.call(ClickKeyword.groovy)
	at com.kms.katalon.core.webui.keyword.internal.WebUIKeywordMain.runKeyword(WebUIKeywordMain.groovy:20)
	at com.kms.katalon.core.webui.keyword.builtin.ClickKeyword.click(ClickKeyword.groovy:76)
	at com.kms.katalon.core.webui.keyword.builtin.ClickKeyword.execute(ClickKeyword.groovy:43)
	at com.kms.katalon.core.keyword.internal.KeywordExecutor.executeKeywordForPlatform(KeywordExecutor.groovy:73)
	at com.kms.katalon.core.webui.keyword.WebUiBuiltInKeywords.click(WebUiBuiltInKeywords.groovy:616)
	at com.kms.katalon.core.webui.keyword.WebUiBuiltInKeywords$click$6.call(Unknown Source)
	at Script1591634957380.run(Script1591634957380.groovy:86)
	... 13 more
)

2020-09-16 09:43:59 - [MESSAGE][INFO] - Unable to find the element located by 'By.xpath: (//*[@data-id='checkbox'])[2]'. Please recheck the objects properties to make sure the desired element is located. 

2020-09-16 09:43:59 - [MESSAGE][FAILED] - Unable to click on object 'Object Repository/FDR-Draw/RejectVocuherReceipts/spanIncorrectAmountEntry' (Root cause: com.kms.katalon.core.exception.StepFailedException: Unable to click on object 'Object Repository/FDR-Draw/RejectVocuherReceipts/spanIncorrectAmountEntry'
	at com.kms.katalon.core.webui.keyword.internal.WebUIKeywordMain.stepFailed(WebUIKeywordMain.groovy:64)
	at com.kms.katalon.core.webui.keyword.internal.WebUIKeywordMain.runKeyword(WebUIKeywordMain.groovy:26)
	at com.kms.katalon.core.webui.keyword.builtin.ClickKeyword.click(ClickKeyword.groovy:76)
	at com.kms.katalon.core.webui.keyword.builtin.ClickKeyword.execute(ClickKeyword.groovy:43)
	at com.kms.katalon.core.keyword.internal.KeywordExecutor.executeKeywordForPlatform(KeywordExecutor.groovy:73)
	at com.kms.katalon.core.webui.keyword.WebUiBuiltInKeywords.click(WebUiBuiltInKeywords.groovy:616)
	at com.kms.katalon.core.webui.keyword.WebUiBuiltInKeywords$click$6.call(Unknown Source)
	at FDR-Draw-Reject-Vouchers-Receipts.run(FDR-Draw-Reject-Vouchers-Receipts:86)
	at com.kms.katalon.core.main.ScriptEngine.run(ScriptEngine.java:194)
	at com.kms.katalon.core.main.ScriptEngine.runScriptAsRawText(ScriptEngine.java:119)
	at com.kms.katalon.core.main.TestCaseExecutor.runScript(TestCaseExecutor.java:339)
	at com.kms.katalon.core.main.TestCaseExecutor.doExecute(TestCaseExecutor.java:330)
	at com.kms.katalon.core.main.TestCaseExecutor.processExecutionPhase(TestCaseExecutor.java:309)
	at com.kms.katalon.core.main.TestCaseExecutor.accessMainPhase(TestCaseExecutor.java:301)
	at com.kms.katalon.core.main.TestCaseExecutor.execute(TestCaseExecutor.java:235)
	at com.kms.katalon.core.main.TestSuiteExecutor.accessTestCaseMainPhase(TestSuiteExecutor.java:191)
	at com.kms.katalon.core.main.TestSuiteExecutor.accessTestSuiteMainPhase(TestSuiteExecutor.java:141)
	at com.kms.katalon.core.main.TestSuiteExecutor.execute(TestSuiteExecutor.java:90)
	at com.kms.katalon.core.main.TestCaseMain.startTestSuite(TestCaseMain.java:157)
	at com.kms.katalon.core.main.TestCaseMain$startTestSuite$0.call(Unknown Source)
	at TempTestSuite1600274320240.run(TempTestSuite1600274320240.groovy:39)
Caused by: com.kms.katalon.core.webui.exception.WebElementNotFoundException: Web element with id: 'Object Repository/FDR-Draw/RejectVocuherReceipts/spanIncorrectAmountEntry' located by '(//*[@data-id='checkbox'])[2]' not found
	at com.kms.katalon.core.webui.common.WebUiCommonHelper.findWebElement(WebUiCommonHelper.java:1368)
	at com.kms.katalon.core.webui.keyword.internal.WebUIAbstractKeyword.findWebElement(WebUIAbstractKeyword.groovy:27)
	at com.kms.katalon.core.webui.keyword.internal.WebUIAbstractKeyword.findWebElement(WebUIAbstractKeyword.groovy:26)
	at com.kms.katalon.core.webui.keyword.builtin.ClickKeyword$_click_closure1.doCall(ClickKeyword.groovy:67)
	at com.kms.katalon.core.webui.keyword.builtin.ClickKeyword$_click_closure1.call(ClickKeyword.groovy)
	at com.kms.katalon.core.webui.keyword.internal.WebUIKeywordMain.runKeyword(WebUIKeywordMain.groovy:20)
	at com.kms.katalon.core.webui.keyword.builtin.ClickKeyword.click(ClickKeyword.groovy:76)
	at com.kms.katalon.core.webui.keyword.builtin.ClickKeyword.execute(ClickKeyword.groovy:43)
	at com.kms.katalon.core.keyword.internal.KeywordExecutor.executeKeywordForPlatform(KeywordExecutor.groovy:73)
	at com.kms.katalon.core.webui.keyword.WebUiBuiltInKeywords.click(WebUiBuiltInKeywords.groovy:616)
	at com.kms.katalon.core.webui.keyword.WebUiBuiltInKeywords$click$6.call(Unknown Source)
	at Script1591634957380.run(Script1591634957380.groovy:86)
	... 13 more
)
[[ATTACHMENT|C:\\fdr-automation-develop_08_25_2020\\Reports\\20200916_093840\\Draw-Integration_Suite\\20200916_093840\\1600274639487.png]]

2020-09-16 09:43:59 - [TEST_STEP][PASSED] - waitForElementPresent(findTestObject("FDR-Draw/reconcileButton"), 2): Object 'Object Repository/FDR-Draw/reconcileButton' is not present after 2 second(s)

2020-09-16 09:44:02 - [MESSAGE][INFO] - Unable to find the element located by 'By.xpath: (//*[@data-id='button-link' ]//*[contains(text(),'Reconcile')])[1]'. Please recheck the objects properties to make sure the desired element is located. 

2020-09-16 09:44:02 - [MESSAGE][WARNING] - Object 'Object Repository/FDR-Draw/reconcileButton' is not present after 2 second(s)

2020-09-16 09:44:02 - [TEST_STEP][FAILED] - click(findTestObject("FDR-Draw/RejectVocuherReceipts/rejectReceiptButton")): Unable to click on object 'Object Repository/FDR-Draw/RejectVocuherReceipts/rejectReceiptButton' (Root cause: com.kms.katalon.core.exception.StepFailedException: Unable to click on object 'Object Repository/FDR-Draw/RejectVocuherReceipts/rejectReceiptButton'
	at com.kms.katalon.core.webui.keyword.internal.WebUIKeywordMain.stepFailed(WebUIKeywordMain.groovy:64)
	at com.kms.katalon.core.webui.keyword.internal.WebUIKeywordMain.runKeyword(WebUIKeywordMain.groovy:26)
	at com.kms.katalon.core.webui.keyword.builtin.ClickKeyword.click(ClickKeyword.groovy:76)
	at com.kms.katalon.core.webui.keyword.builtin.ClickKeyword.execute(ClickKeyword.groovy:43)
	at com.kms.katalon.core.keyword.internal.KeywordExecutor.executeKeywordForPlatform(KeywordExecutor.groovy:73)
	at com.kms.katalon.core.webui.keyword.WebUiBuiltInKeywords.click(WebUiBuiltInKeywords.groovy:616)
	at com.kms.katalon.core.webui.keyword.WebUiBuiltInKeywords$click$6.call(Unknown Source)
	at FDR-Draw-Reject-Vouchers-Receipts.run(FDR-Draw-Reject-Vouchers-Receipts:90)
	at com.kms.katalon.core.main.ScriptEngine.run(ScriptEngine.java:194)
	at com.kms.katalon.core.main.ScriptEngine.runScriptAsRawText(ScriptEngine.java:119)
	at com.kms.katalon.core.main.TestCaseExecutor.runScript(TestCaseExecutor.java:339)
	at com.kms.katalon.core.main.TestCaseExecutor.doExecute(TestCaseExecutor.java:330)
	at com.kms.katalon.core.main.TestCaseExecutor.processExecutionPhase(TestCaseExecutor.java:309)
	at com.kms.katalon.core.main.TestCaseExecutor.accessMainPhase(TestCaseExecutor.java:301)
	at com.kms.katalon.core.main.TestCaseExecutor.execute(TestCaseExecutor.java:235)
	at com.kms.katalon.core.main.TestSuiteExecutor.accessTestCaseMainPhase(TestSuiteExecutor.java:191)
	at com.kms.katalon.core.main.TestSuiteExecutor.accessTestSuiteMainPhase(TestSuiteExecutor.java:141)
	at com.kms.katalon.core.main.TestSuiteExecutor.execute(TestSuiteExecutor.java:90)
	at com.kms.katalon.core.main.TestCaseMain.startTestSuite(TestCaseMain.java:157)
	at com.kms.katalon.core.main.TestCaseMain$startTestSuite$0.call(Unknown Source)
	at TempTestSuite1600274320240.run(TempTestSuite1600274320240.groovy:39)
Caused by: com.kms.katalon.core.webui.exception.WebElementNotFoundException: Web element with id: 'Object Repository/FDR-Draw/RejectVocuherReceipts/rejectReceiptButton' located by '//*[@data-id='action-button']//*[contains(text(),'Reject Receipt')]' not found
	at com.kms.katalon.core.webui.common.WebUiCommonHelper.findWebElement(WebUiCommonHelper.java:1368)
	at com.kms.katalon.core.webui.keyword.internal.WebUIAbstractKeyword.findWebElement(WebUIAbstractKeyword.groovy:27)
	at com.kms.katalon.core.webui.keyword.internal.WebUIAbstractKeyword.findWebElement(WebUIAbstractKeyword.groovy:26)
	at com.kms.katalon.core.webui.keyword.builtin.ClickKeyword$_click_closure1.doCall(ClickKeyword.groovy:67)
	at com.kms.katalon.core.webui.keyword.builtin.ClickKeyword$_click_closure1.call(ClickKeyword.groovy)
	at com.kms.katalon.core.webui.keyword.internal.WebUIKeywordMain.runKeyword(WebUIKeywordMain.groovy:20)
	at com.kms.katalon.core.webui.keyword.builtin.ClickKeyword.click(ClickKeyword.groovy:76)
	at com.kms.katalon.core.webui.keyword.builtin.ClickKeyword.execute(ClickKeyword.groovy:43)
	at com.kms.katalon.core.keyword.internal.KeywordExecutor.executeKeywordForPlatform(KeywordExecutor.groovy:73)
	at com.kms.katalon.core.webui.keyword.WebUiBuiltInKeywords.click(WebUiBuiltInKeywords.groovy:616)
	at com.kms.katalon.core.webui.keyword.WebUiBuiltInKeywords$click$6.call(Unknown Source)
	at Script1591634957380.run(Script1591634957380.groovy:90)
	... 13 more
)

2020-09-16 09:44:07 - [MESSAGE][INFO] - Unable to find the element located by 'By.xpath: //*[@data-id='action-button']//*[contains(text(),'Reject Receipt')]'. Please recheck the objects properties to make sure the desired element is located. 

2020-09-16 09:44:07 - [MESSAGE][FAILED] - Unable to click on object 'Object Repository/FDR-Draw/RejectVocuherReceipts/rejectReceiptButton' (Root cause: com.kms.katalon.core.exception.StepFailedException: Unable to click on object 'Object Repository/FDR-Draw/RejectVocuherReceipts/rejectReceiptButton'
	at com.kms.katalon.core.webui.keyword.internal.WebUIKeywordMain.stepFailed(WebUIKeywordMain.groovy:64)
	at com.kms.katalon.core.webui.keyword.internal.WebUIKeywordMain.runKeyword(WebUIKeywordMain.groovy:26)
	at com.kms.katalon.core.webui.keyword.builtin.ClickKeyword.click(ClickKeyword.groovy:76)
	at com.kms.katalon.core.webui.keyword.builtin.ClickKeyword.execute(ClickKeyword.groovy:43)
	at com.kms.katalon.core.keyword.internal.KeywordExecutor.executeKeywordForPlatform(KeywordExecutor.groovy:73)
	at com.kms.katalon.core.webui.keyword.WebUiBuiltInKeywords.click(WebUiBuiltInKeywords.groovy:616)
	at com.kms.katalon.core.webui.keyword.WebUiBuiltInKeywords$click$6.call(Unknown Source)
	at FDR-Draw-Reject-Vouchers-Receipts.run(FDR-Draw-Reject-Vouchers-Receipts:90)
	at com.kms.katalon.core.main.ScriptEngine.run(ScriptEngine.java:194)
	at com.kms.katalon.core.main.ScriptEngine.runScriptAsRawText(ScriptEngine.java:119)
	at com.kms.katalon.core.main.TestCaseExecutor.runScript(TestCaseExecutor.java:339)
	at com.kms.katalon.core.main.TestCaseExecutor.doExecute(TestCaseExecutor.java:330)
	at com.kms.katalon.core.main.TestCaseExecutor.processExecutionPhase(TestCaseExecutor.java:309)
	at com.kms.katalon.core.main.TestCaseExecutor.accessMainPhase(TestCaseExecutor.java:301)
	at com.kms.katalon.core.main.TestCaseExecutor.execute(TestCaseExecutor.java:235)
	at com.kms.katalon.core.main.TestSuiteExecutor.accessTestCaseMainPhase(TestSuiteExecutor.java:191)
	at com.kms.katalon.core.main.TestSuiteExecutor.accessTestSuiteMainPhase(TestSuiteExecutor.java:141)
	at com.kms.katalon.core.main.TestSuiteExecutor.execute(TestSuiteExecutor.java:90)
	at com.kms.katalon.core.main.TestCaseMain.startTestSuite(TestCaseMain.java:157)
	at com.kms.katalon.core.main.TestCaseMain$startTestSuite$0.call(Unknown Source)
	at TempTestSuite1600274320240.run(TempTestSuite1600274320240.groovy:39)
Caused by: com.kms.katalon.core.webui.exception.WebElementNotFoundException: Web element with id: 'Object Repository/FDR-Draw/RejectVocuherReceipts/rejectReceiptButton' located by '//*[@data-id='action-button']//*[contains(text(),'Reject Receipt')]' not found
	at com.kms.katalon.core.webui.common.WebUiCommonHelper.findWebElement(WebUiCommonHelper.java:1368)
	at com.kms.katalon.core.webui.keyword.internal.WebUIAbstractKeyword.findWebElement(WebUIAbstractKeyword.groovy:27)
	at com.kms.katalon.core.webui.keyword.internal.WebUIAbstractKeyword.findWebElement(WebUIAbstractKeyword.groovy:26)
	at com.kms.katalon.core.webui.keyword.builtin.ClickKeyword$_click_closure1.doCall(ClickKeyword.groovy:67)
	at com.kms.katalon.core.webui.keyword.builtin.ClickKeyword$_click_closure1.call(ClickKeyword.groovy)
	at com.kms.katalon.core.webui.keyword.internal.WebUIKeywordMain.runKeyword(WebUIKeywordMain.groovy:20)
	at com.kms.katalon.core.webui.keyword.builtin.ClickKeyword.click(ClickKeyword.groovy:76)
	at com.kms.katalon.core.webui.keyword.builtin.ClickKeyword.execute(ClickKeyword.groovy:43)
	at com.kms.katalon.core.keyword.internal.KeywordExecutor.executeKeywordForPlatform(KeywordExecutor.groovy:73)
	at com.kms.katalon.core.webui.keyword.WebUiBuiltInKeywords.click(WebUiBuiltInKeywords.groovy:616)
	at com.kms.katalon.core.webui.keyword.WebUiBuiltInKeywords$click$6.call(Unknown Source)
	at Script1591634957380.run(Script1591634957380.groovy:90)
	... 13 more
)
[[ATTACHMENT|C:\\fdr-automation-develop_08_25_2020\\Reports\\20200916_093840\\Draw-Integration_Suite\\20200916_093840\\1600274647077.png]]

2020-09-16 09:44:07 - [TEST_STEP][PASSED] - waitForElementPresent(findTestObject("FDR-Draw/reconcileButton"), 2): Object 'Object Repository/FDR-Draw/reconcileButton' is not present after 2 second(s)

2020-09-16 09:44:10 - [MESSAGE][INFO] - Unable to find the element located by 'By.xpath: (//*[@data-id='button-link' ]//*[contains(text(),'Reconcile')])[1]'. Please recheck the objects properties to make sure the desired element is located. 

2020-09-16 09:44:10 - [MESSAGE][WARNING] - Object 'Object Repository/FDR-Draw/reconcileButton' is not present after 2 second(s)

2020-09-16 09:44:10 - [TEST_STEP][PASSED] - Uifunctions.logoutFDR(): Browser is closed

2020-09-16 09:44:11 - [MESSAGE][PASSED] - Browser is closed

2020-09-16 09:44:11 - [TEST_STEP][PASSED] - Uifunctions.loginFDR(drawCashierAcc6, drawCashierAcc6Pwd): Object: 'Object Repository/FDR-SignIn/SignInButton' is clicked on

2020-09-16 09:44:11 - [MESSAGE][INFO] - Starting 'Chrome' driver

2020-09-16 09:44:11 - [MESSAGE][INFO] - Action delay is set to 0 milliseconds

2020-09-16 09:44:14 - [MESSAGE][PASSED] - Browser is opened with url: ''

2020-09-16 09:44:16 - [MESSAGE][PASSED] - Current window maximized

2020-09-16 09:44:20 - [MESSAGE][PASSED] - Navigate to 'https://fdr.cammis-mod-sit.dhcs.ca.gov' successfully

2020-09-16 09:44:21 - [MESSAGE][PASSED] - Object 'Object Repository/FDR-SignIn/SignInEmail' is present

2020-09-16 09:44:21 - [MESSAGE][PASSED] - Object: 'Object Repository/FDR-SignIn/SignInEmail' is clicked on

2020-09-16 09:44:22 - [MESSAGE][PASSED] - Object 'Object Repository/FDR-SignIn/SignInEmail' is present

2020-09-16 09:44:22 - [MESSAGE][PASSED] - Text 'fdr.test6@dhcs.ca.gov' is set on object 'Object Repository/FDR-SignIn/SignInEmail'

2020-09-16 09:44:22 - [MESSAGE][PASSED] - Object 'Object Repository/FDR-SignIn/SignInEmailNext' is visible

2020-09-16 09:44:23 - [MESSAGE][PASSED] - Object: 'Object Repository/FDR-SignIn/SignInEmailNext' is clicked on

2020-09-16 09:44:26 - [MESSAGE][PASSED] - Object 'Object Repository/FDR-SignIn/SignInEmailPassword' is visible

2020-09-16 09:44:26 - [MESSAGE][PASSED] - Object: 'Object Repository/FDR-SignIn/SignInEmailPassword' is clicked on

2020-09-16 09:44:27 - [MESSAGE][PASSED] - Text ****** has been set on object 'Object Repository/FDR-SignIn/SignInEmailPassword'

2020-09-16 09:44:28 - [MESSAGE][PASSED] - Object: 'Object Repository/FDR-SignIn/SignInButton' is clicked on

2020-09-16 09:44:28 - [TEST_STEP][PASSED] - waitForElementPresent(findTestObject("FDR-Draw/reconcileButton"), 4): Object 'Object Repository/FDR-Draw/reconcileButton' is present

2020-09-16 09:44:30 - [MESSAGE][PASSED] - Object 'Object Repository/FDR-Draw/reconcileButton' is present

2020-09-16 09:44:30 - [TEST_STEP][PASSED] - navigateToUrl(URL + "/vouchers/" + Integer.parseInt(rejectVoucherNum.split("CAP")[1]) + "/entry"): Navigate to 'https://fdr.cammis-mod-sit.dhcs.ca.gov/vouchers/37/entry' successfully

2020-09-16 09:44:31 - [MESSAGE][PASSED] - Navigate to 'https://fdr.cammis-mod-sit.dhcs.ca.gov/vouchers/37/entry' successfully

2020-09-16 09:44:31 - [TEST_STEP][PASSED] - waitForElementPresent(findTestObject("FDR-Draw/reconcileButton"), 2): Object 'Object Repository/FDR-Draw/reconcileButton' is present

2020-09-16 09:44:32 - [MESSAGE][PASSED] - Object 'Object Repository/FDR-Draw/reconcileButton' is present

2020-09-16 09:44:32 - [TEST_STEP][FAILED] - verifyElementPresent(findTestObject("FDR-Draw/RejectVocuherReceipts/vchrjreasonsubtitle"), 2): com.kms.katalon.core.webui.exception.WebElementNotFoundException: Web element with id: 'Object Repository/FDR-Draw/RejectVocuherReceipts/vchrjreasonsubtitle' located by '//*[contains(text(),'Overdrawn Fund (s)')]' not found (Root cause: com.kms.katalon.core.exception.StepFailedException: com.kms.katalon.core.webui.exception.WebElementNotFoundException: Web element with id: 'Object Repository/FDR-Draw/RejectVocuherReceipts/vchrjreasonsubtitle' located by '//*[contains(text(),'Overdrawn Fund (s)')]' not found
	at com.kms.katalon.core.webui.keyword.internal.WebUIKeywordMain.stepFailed(WebUIKeywordMain.groovy:64)
	at com.kms.katalon.core.webui.keyword.builtin.VerifyElementPresentKeyword$_verifyElementPresent_closure1.doCall(VerifyElementPresentKeyword.groovy:85)
	at com.kms.katalon.core.webui.keyword.builtin.VerifyElementPresentKeyword$_verifyElementPresent_closure1.call(VerifyElementPresentKeyword.groovy)
	at com.kms.katalon.core.webui.keyword.internal.WebUIKeywordMain.runKeyword(WebUIKeywordMain.groovy:20)
	at com.kms.katalon.core.webui.keyword.builtin.VerifyElementPresentKeyword.verifyElementPresent(VerifyElementPresentKeyword.groovy:92)
	at com.kms.katalon.core.webui.keyword.builtin.VerifyElementPresentKeyword.execute(VerifyElementPresentKeyword.groovy:68)
	at com.kms.katalon.core.keyword.internal.KeywordExecutor.executeKeywordForPlatform(KeywordExecutor.groovy:73)
	at com.kms.katalon.core.webui.keyword.WebUiBuiltInKeywords.verifyElementPresent(WebUiBuiltInKeywords.groovy:1460)
	at com.kms.katalon.core.webui.keyword.WebUiBuiltInKeywords$verifyElementPresent$8.call(Unknown Source)
	at FDR-Draw-Reject-Vouchers-Receipts.run(FDR-Draw-Reject-Vouchers-Receipts:105)
	at com.kms.katalon.core.main.ScriptEngine.run(ScriptEngine.java:194)
	at com.kms.katalon.core.main.ScriptEngine.runScriptAsRawText(ScriptEngine.java:119)
	at com.kms.katalon.core.main.TestCaseExecutor.runScript(TestCaseExecutor.java:339)
	at com.kms.katalon.core.main.TestCaseExecutor.doExecute(TestCaseExecutor.java:330)
	at com.kms.katalon.core.main.TestCaseExecutor.processExecutionPhase(TestCaseExecutor.java:309)
	at com.kms.katalon.core.main.TestCaseExecutor.accessMainPhase(TestCaseExecutor.java:301)
	at com.kms.katalon.core.main.TestCaseExecutor.execute(TestCaseExecutor.java:235)
	at com.kms.katalon.core.main.TestSuiteExecutor.accessTestCaseMainPhase(TestSuiteExecutor.java:191)
	at com.kms.katalon.core.main.TestSuiteExecutor.accessTestSuiteMainPhase(TestSuiteExecutor.java:141)
	at com.kms.katalon.core.main.TestSuiteExecutor.execute(TestSuiteExecutor.java:90)
	at com.kms.katalon.core.main.TestCaseMain.startTestSuite(TestCaseMain.java:157)
	at com.kms.katalon.core.main.TestCaseMain$startTestSuite$0.call(Unknown Source)
	at TempTestSuite1600274320240.run(TempTestSuite1600274320240.groovy:39)
)

2020-09-16 09:44:35 - [MESSAGE][INFO] - Unable to find the element located by 'By.xpath: //*[contains(text(),'Overdrawn Fund (s)')]'. Please recheck the objects properties to make sure the desired element is located. 

2020-09-16 09:44:35 - [MESSAGE][FAILED] - com.kms.katalon.core.webui.exception.WebElementNotFoundException: Web element with id: 'Object Repository/FDR-Draw/RejectVocuherReceipts/vchrjreasonsubtitle' located by '//*[contains(text(),'Overdrawn Fund (s)')]' not found (Root cause: com.kms.katalon.core.exception.StepFailedException: com.kms.katalon.core.webui.exception.WebElementNotFoundException: Web element with id: 'Object Repository/FDR-Draw/RejectVocuherReceipts/vchrjreasonsubtitle' located by '//*[contains(text(),'Overdrawn Fund (s)')]' not found
	at com.kms.katalon.core.webui.keyword.internal.WebUIKeywordMain.stepFailed(WebUIKeywordMain.groovy:64)
	at com.kms.katalon.core.webui.keyword.builtin.VerifyElementPresentKeyword$_verifyElementPresent_closure1.doCall(VerifyElementPresentKeyword.groovy:85)
	at com.kms.katalon.core.webui.keyword.builtin.VerifyElementPresentKeyword$_verifyElementPresent_closure1.call(VerifyElementPresentKeyword.groovy)
	at com.kms.katalon.core.webui.keyword.internal.WebUIKeywordMain.runKeyword(WebUIKeywordMain.groovy:20)
	at com.kms.katalon.core.webui.keyword.builtin.VerifyElementPresentKeyword.verifyElementPresent(VerifyElementPresentKeyword.groovy:92)
	at com.kms.katalon.core.webui.keyword.builtin.VerifyElementPresentKeyword.execute(VerifyElementPresentKeyword.groovy:68)
	at com.kms.katalon.core.keyword.internal.KeywordExecutor.executeKeywordForPlatform(KeywordExecutor.groovy:73)
	at com.kms.katalon.core.webui.keyword.WebUiBuiltInKeywords.verifyElementPresent(WebUiBuiltInKeywords.groovy:1460)
	at com.kms.katalon.core.webui.keyword.WebUiBuiltInKeywords$verifyElementPresent$8.call(Unknown Source)
	at FDR-Draw-Reject-Vouchers-Receipts.run(FDR-Draw-Reject-Vouchers-Receipts:105)
	at com.kms.katalon.core.main.ScriptEngine.run(ScriptEngine.java:194)
	at com.kms.katalon.core.main.ScriptEngine.runScriptAsRawText(ScriptEngine.java:119)
	at com.kms.katalon.core.main.TestCaseExecutor.runScript(TestCaseExecutor.java:339)
	at com.kms.katalon.core.main.TestCaseExecutor.doExecute(TestCaseExecutor.java:330)
	at com.kms.katalon.core.main.TestCaseExecutor.processExecutionPhase(TestCaseExecutor.java:309)
	at com.kms.katalon.core.main.TestCaseExecutor.accessMainPhase(TestCaseExecutor.java:301)
	at com.kms.katalon.core.main.TestCaseExecutor.execute(TestCaseExecutor.java:235)
	at com.kms.katalon.core.main.TestSuiteExecutor.accessTestCaseMainPhase(TestSuiteExecutor.java:191)
	at com.kms.katalon.core.main.TestSuiteExecutor.accessTestSuiteMainPhase(TestSuiteExecutor.java:141)
	at com.kms.katalon.core.main.TestSuiteExecutor.execute(TestSuiteExecutor.java:90)
	at com.kms.katalon.core.main.TestCaseMain.startTestSuite(TestCaseMain.java:157)
	at com.kms.katalon.core.main.TestCaseMain$startTestSuite$0.call(Unknown Source)
	at TempTestSuite1600274320240.run(TempTestSuite1600274320240.groovy:39)
)
[[ATTACHMENT|C:\\fdr-automation-develop_08_25_2020\\Reports\\20200916_093840\\Draw-Integration_Suite\\20200916_093840\\1600274675324.png]]

2020-09-16 09:44:35 - [TEST_STEP][FAILED] - verifyTextPresent(rejectionReason1, false): Text 'Non-Federal Fund HQAF (3158), FY 2020/2021 SCHIP (611) HQAF, 611 SB239 (2013) HQAF' is not present on page  (Root cause: com.kms.katalon.core.exception.StepFailedException: Text 'Non-Federal Fund HQAF (3158), FY 2020/2021 SCHIP (611) HQAF, 611 SB239 (2013) HQAF' is not present on page 
	at com.kms.katalon.core.webui.keyword.internal.WebUIKeywordMain.stepFailed(WebUIKeywordMain.groovy:64)
	at com.kms.katalon.core.webui.keyword.builtin.VerifyTextPresentKeyword$_verifyTextPresent_closure1.doCall(VerifyTextPresentKeyword.groovy:79)
	at com.kms.katalon.core.webui.keyword.builtin.VerifyTextPresentKeyword$_verifyTextPresent_closure1.call(VerifyTextPresentKeyword.groovy)
	at com.kms.katalon.core.webui.keyword.internal.WebUIKeywordMain.runKeyword(WebUIKeywordMain.groovy:20)
	at com.kms.katalon.core.webui.keyword.builtin.VerifyTextPresentKeyword.verifyTextPresent(VerifyTextPresentKeyword.groovy:83)
	at com.kms.katalon.core.webui.keyword.builtin.VerifyTextPresentKeyword.execute(VerifyTextPresentKeyword.groovy:68)
	at com.kms.katalon.core.keyword.internal.KeywordExecutor.executeKeywordForPlatform(KeywordExecutor.groovy:73)
	at com.kms.katalon.core.webui.keyword.WebUiBuiltInKeywords.verifyTextPresent(WebUiBuiltInKeywords.groovy:1719)
	at com.kms.katalon.core.webui.keyword.WebUiBuiltInKeywords$verifyTextPresent$14.call(Unknown Source)
	at FDR-Draw-Reject-Vouchers-Receipts.run(FDR-Draw-Reject-Vouchers-Receipts:107)
	at com.kms.katalon.core.main.ScriptEngine.run(ScriptEngine.java:194)
	at com.kms.katalon.core.main.ScriptEngine.runScriptAsRawText(ScriptEngine.java:119)
	at com.kms.katalon.core.main.TestCaseExecutor.runScript(TestCaseExecutor.java:339)
	at com.kms.katalon.core.main.TestCaseExecutor.doExecute(TestCaseExecutor.java:330)
	at com.kms.katalon.core.main.TestCaseExecutor.processExecutionPhase(TestCaseExecutor.java:309)
	at com.kms.katalon.core.main.TestCaseExecutor.accessMainPhase(TestCaseExecutor.java:301)
	at com.kms.katalon.core.main.TestCaseExecutor.execute(TestCaseExecutor.java:235)
	at com.kms.katalon.core.main.TestSuiteExecutor.accessTestCaseMainPhase(TestSuiteExecutor.java:191)
	at com.kms.katalon.core.main.TestSuiteExecutor.accessTestSuiteMainPhase(TestSuiteExecutor.java:141)
	at com.kms.katalon.core.main.TestSuiteExecutor.execute(TestSuiteExecutor.java:90)
	at com.kms.katalon.core.main.TestCaseMain.startTestSuite(TestCaseMain.java:157)
	at com.kms.katalon.core.main.TestCaseMain$startTestSuite$0.call(Unknown Source)
	at TempTestSuite1600274320240.run(TempTestSuite1600274320240.groovy:39)
)

2020-09-16 09:44:35 - [MESSAGE][FAILED] - Text 'Non-Federal Fund HQAF (3158), FY 2020/2021 SCHIP (611) HQAF, 611 SB239 (2013) HQAF' is not present on page  (Root cause: com.kms.katalon.core.exception.StepFailedException: Text 'Non-Federal Fund HQAF (3158), FY 2020/2021 SCHIP (611) HQAF, 611 SB239 (2013) HQAF' is not present on page 
	at com.kms.katalon.core.webui.keyword.internal.WebUIKeywordMain.stepFailed(WebUIKeywordMain.groovy:64)
	at com.kms.katalon.core.webui.keyword.builtin.VerifyTextPresentKeyword$_verifyTextPresent_closure1.doCall(VerifyTextPresentKeyword.groovy:79)
	at com.kms.katalon.core.webui.keyword.builtin.VerifyTextPresentKeyword$_verifyTextPresent_closure1.call(VerifyTextPresentKeyword.groovy)
	at com.kms.katalon.core.webui.keyword.internal.WebUIKeywordMain.runKeyword(WebUIKeywordMain.groovy:20)
	at com.kms.katalon.core.webui.keyword.builtin.VerifyTextPresentKeyword.verifyTextPresent(VerifyTextPresentKeyword.groovy:83)
	at com.kms.katalon.core.webui.keyword.builtin.VerifyTextPresentKeyword.execute(VerifyTextPresentKeyword.groovy:68)
	at com.kms.katalon.core.keyword.internal.KeywordExecutor.executeKeywordForPlatform(KeywordExecutor.groovy:73)
	at com.kms.katalon.core.webui.keyword.WebUiBuiltInKeywords.verifyTextPresent(WebUiBuiltInKeywords.groovy:1719)
	at com.kms.katalon.core.webui.keyword.WebUiBuiltInKeywords$verifyTextPresent$14.call(Unknown Source)
	at FDR-Draw-Reject-Vouchers-Receipts.run(FDR-Draw-Reject-Vouchers-Receipts:107)
	at com.kms.katalon.core.main.ScriptEngine.run(ScriptEngine.java:194)
	at com.kms.katalon.core.main.ScriptEngine.runScriptAsRawText(ScriptEngine.java:119)
	at com.kms.katalon.core.main.TestCaseExecutor.runScript(TestCaseExecutor.java:339)
	at com.kms.katalon.core.main.TestCaseExecutor.doExecute(TestCaseExecutor.java:330)
	at com.kms.katalon.core.main.TestCaseExecutor.processExecutionPhase(TestCaseExecutor.java:309)
	at com.kms.katalon.core.main.TestCaseExecutor.accessMainPhase(TestCaseExecutor.java:301)
	at com.kms.katalon.core.main.TestCaseExecutor.execute(TestCaseExecutor.java:235)
	at com.kms.katalon.core.main.TestSuiteExecutor.accessTestCaseMainPhase(TestSuiteExecutor.java:191)
	at com.kms.katalon.core.main.TestSuiteExecutor.accessTestSuiteMainPhase(TestSuiteExecutor.java:141)
	at com.kms.katalon.core.main.TestSuiteExecutor.execute(TestSuiteExecutor.java:90)
	at com.kms.katalon.core.main.TestCaseMain.startTestSuite(TestCaseMain.java:157)
	at com.kms.katalon.core.main.TestCaseMain$startTestSuite$0.call(Unknown Source)
	at TempTestSuite1600274320240.run(TempTestSuite1600274320240.groovy:39)
)

2020-09-16 09:44:35 - [TEST_STEP][FAILED] - verifyTextPresent(rejectionReason2, false): Text 'Non-Federal Fund HQAF (3158), FY 2020/2021 MA (611) HQAF, 611 SB239 (2013) HQAF' is not present on page  (Root cause: com.kms.katalon.core.exception.StepFailedException: Text 'Non-Federal Fund HQAF (3158), FY 2020/2021 MA (611) HQAF, 611 SB239 (2013) HQAF' is not present on page 
	at com.kms.katalon.core.webui.keyword.internal.WebUIKeywordMain.stepFailed(WebUIKeywordMain.groovy:64)
	at com.kms.katalon.core.webui.keyword.builtin.VerifyTextPresentKeyword$_verifyTextPresent_closure1.doCall(VerifyTextPresentKeyword.groovy:79)
	at com.kms.katalon.core.webui.keyword.builtin.VerifyTextPresentKeyword$_verifyTextPresent_closure1.call(VerifyTextPresentKeyword.groovy)
	at com.kms.katalon.core.webui.keyword.internal.WebUIKeywordMain.runKeyword(WebUIKeywordMain.groovy:20)
	at com.kms.katalon.core.webui.keyword.builtin.VerifyTextPresentKeyword.verifyTextPresent(VerifyTextPresentKeyword.groovy:83)
	at com.kms.katalon.core.webui.keyword.builtin.VerifyTextPresentKeyword.execute(VerifyTextPresentKeyword.groovy:68)
	at com.kms.katalon.core.keyword.internal.KeywordExecutor.executeKeywordForPlatform(KeywordExecutor.groovy:73)
	at com.kms.katalon.core.webui.keyword.WebUiBuiltInKeywords.verifyTextPresent(WebUiBuiltInKeywords.groovy:1719)
	at com.kms.katalon.core.webui.keyword.WebUiBuiltInKeywords$verifyTextPresent$14.call(Unknown Source)
	at FDR-Draw-Reject-Vouchers-Receipts.run(FDR-Draw-Reject-Vouchers-Receipts:109)
	at com.kms.katalon.core.main.ScriptEngine.run(ScriptEngine.java:194)
	at com.kms.katalon.core.main.ScriptEngine.runScriptAsRawText(ScriptEngine.java:119)
	at com.kms.katalon.core.main.TestCaseExecutor.runScript(TestCaseExecutor.java:339)
	at com.kms.katalon.core.main.TestCaseExecutor.doExecute(TestCaseExecutor.java:330)
	at com.kms.katalon.core.main.TestCaseExecutor.processExecutionPhase(TestCaseExecutor.java:309)
	at com.kms.katalon.core.main.TestCaseExecutor.accessMainPhase(TestCaseExecutor.java:301)
	at com.kms.katalon.core.main.TestCaseExecutor.execute(TestCaseExecutor.java:235)
	at com.kms.katalon.core.main.TestSuiteExecutor.accessTestCaseMainPhase(TestSuiteExecutor.java:191)
	at com.kms.katalon.core.main.TestSuiteExecutor.accessTestSuiteMainPhase(TestSuiteExecutor.java:141)
	at com.kms.katalon.core.main.TestSuiteExecutor.execute(TestSuiteExecutor.java:90)
	at com.kms.katalon.core.main.TestCaseMain.startTestSuite(TestCaseMain.java:157)
	at com.kms.katalon.core.main.TestCaseMain$startTestSuite$0.call(Unknown Source)
	at TempTestSuite1600274320240.run(TempTestSuite1600274320240.groovy:39)
)

2020-09-16 09:44:36 - [MESSAGE][FAILED] - Text 'Non-Federal Fund HQAF (3158), FY 2020/2021 MA (611) HQAF, 611 SB239 (2013) HQAF' is not present on page  (Root cause: com.kms.katalon.core.exception.StepFailedException: Text 'Non-Federal Fund HQAF (3158), FY 2020/2021 MA (611) HQAF, 611 SB239 (2013) HQAF' is not present on page 
	at com.kms.katalon.core.webui.keyword.internal.WebUIKeywordMain.stepFailed(WebUIKeywordMain.groovy:64)
	at com.kms.katalon.core.webui.keyword.builtin.VerifyTextPresentKeyword$_verifyTextPresent_closure1.doCall(VerifyTextPresentKeyword.groovy:79)
	at com.kms.katalon.core.webui.keyword.builtin.VerifyTextPresentKeyword$_verifyTextPresent_closure1.call(VerifyTextPresentKeyword.groovy)
	at com.kms.katalon.core.webui.keyword.internal.WebUIKeywordMain.runKeyword(WebUIKeywordMain.groovy:20)
	at com.kms.katalon.core.webui.keyword.builtin.VerifyTextPresentKeyword.verifyTextPresent(VerifyTextPresentKeyword.groovy:83)
	at com.kms.katalon.core.webui.keyword.builtin.VerifyTextPresentKeyword.execute(VerifyTextPresentKeyword.groovy:68)
	at com.kms.katalon.core.keyword.internal.KeywordExecutor.executeKeywordForPlatform(KeywordExecutor.groovy:73)
	at com.kms.katalon.core.webui.keyword.WebUiBuiltInKeywords.verifyTextPresent(WebUiBuiltInKeywords.groovy:1719)
	at com.kms.katalon.core.webui.keyword.WebUiBuiltInKeywords$verifyTextPresent$14.call(Unknown Source)
	at FDR-Draw-Reject-Vouchers-Receipts.run(FDR-Draw-Reject-Vouchers-Receipts:109)
	at com.kms.katalon.core.main.ScriptEngine.run(ScriptEngine.java:194)
	at com.kms.katalon.core.main.ScriptEngine.runScriptAsRawText(ScriptEngine.java:119)
	at com.kms.katalon.core.main.TestCaseExecutor.runScript(TestCaseExecutor.java:339)
	at com.kms.katalon.core.main.TestCaseExecutor.doExecute(TestCaseExecutor.java:330)
	at com.kms.katalon.core.main.TestCaseExecutor.processExecutionPhase(TestCaseExecutor.java:309)
	at com.kms.katalon.core.main.TestCaseExecutor.accessMainPhase(TestCaseExecutor.java:301)
	at com.kms.katalon.core.main.TestCaseExecutor.execute(TestCaseExecutor.java:235)
	at com.kms.katalon.core.main.TestSuiteExecutor.accessTestCaseMainPhase(TestSuiteExecutor.java:191)
	at com.kms.katalon.core.main.TestSuiteExecutor.accessTestSuiteMainPhase(TestSuiteExecutor.java:141)
	at com.kms.katalon.core.main.TestSuiteExecutor.execute(TestSuiteExecutor.java:90)
	at com.kms.katalon.core.main.TestCaseMain.startTestSuite(TestCaseMain.java:157)
	at com.kms.katalon.core.main.TestCaseMain$startTestSuite$0.call(Unknown Source)
	at TempTestSuite1600274320240.run(TempTestSuite1600274320240.groovy:39)
)

2020-09-16 09:44:36 - [TEST_STEP][FAILED] - verifyTextPresent("Incorrect Amount", false): Text 'Incorrect Amount' is not present on page  (Root cause: com.kms.katalon.core.exception.StepFailedException: Text 'Incorrect Amount' is not present on page 
	at com.kms.katalon.core.webui.keyword.internal.WebUIKeywordMain.stepFailed(WebUIKeywordMain.groovy:64)
	at com.kms.katalon.core.webui.keyword.builtin.VerifyTextPresentKeyword$_verifyTextPresent_closure1.doCall(VerifyTextPresentKeyword.groovy:79)
	at com.kms.katalon.core.webui.keyword.builtin.VerifyTextPresentKeyword$_verifyTextPresent_closure1.call(VerifyTextPresentKeyword.groovy)
	at com.kms.katalon.core.webui.keyword.internal.WebUIKeywordMain.runKeyword(WebUIKeywordMain.groovy:20)
	at com.kms.katalon.core.webui.keyword.builtin.VerifyTextPresentKeyword.verifyTextPresent(VerifyTextPresentKeyword.groovy:83)
	at com.kms.katalon.core.webui.keyword.builtin.VerifyTextPresentKeyword.execute(VerifyTextPresentKeyword.groovy:68)
	at com.kms.katalon.core.keyword.internal.KeywordExecutor.executeKeywordForPlatform(KeywordExecutor.groovy:73)
	at com.kms.katalon.core.webui.keyword.WebUiBuiltInKeywords.verifyTextPresent(WebUiBuiltInKeywords.groovy:1719)
	at com.kms.katalon.core.webui.keyword.WebUiBuiltInKeywords$verifyTextPresent$14.call(Unknown Source)
	at FDR-Draw-Reject-Vouchers-Receipts.run(FDR-Draw-Reject-Vouchers-Receipts:111)
	at com.kms.katalon.core.main.ScriptEngine.run(ScriptEngine.java:194)
	at com.kms.katalon.core.main.ScriptEngine.runScriptAsRawText(ScriptEngine.java:119)
	at com.kms.katalon.core.main.TestCaseExecutor.runScript(TestCaseExecutor.java:339)
	at com.kms.katalon.core.main.TestCaseExecutor.doExecute(TestCaseExecutor.java:330)
	at com.kms.katalon.core.main.TestCaseExecutor.processExecutionPhase(TestCaseExecutor.java:309)
	at com.kms.katalon.core.main.TestCaseExecutor.accessMainPhase(TestCaseExecutor.java:301)
	at com.kms.katalon.core.main.TestCaseExecutor.execute(TestCaseExecutor.java:235)
	at com.kms.katalon.core.main.TestSuiteExecutor.accessTestCaseMainPhase(TestSuiteExecutor.java:191)
	at com.kms.katalon.core.main.TestSuiteExecutor.accessTestSuiteMainPhase(TestSuiteExecutor.java:141)
	at com.kms.katalon.core.main.TestSuiteExecutor.execute(TestSuiteExecutor.java:90)
	at com.kms.katalon.core.main.TestCaseMain.startTestSuite(TestCaseMain.java:157)
	at com.kms.katalon.core.main.TestCaseMain$startTestSuite$0.call(Unknown Source)
	at TempTestSuite1600274320240.run(TempTestSuite1600274320240.groovy:39)
)

2020-09-16 09:44:36 - [MESSAGE][FAILED] - Text 'Incorrect Amount' is not present on page  (Root cause: com.kms.katalon.core.exception.StepFailedException: Text 'Incorrect Amount' is not present on page 
	at com.kms.katalon.core.webui.keyword.internal.WebUIKeywordMain.stepFailed(WebUIKeywordMain.groovy:64)
	at com.kms.katalon.core.webui.keyword.builtin.VerifyTextPresentKeyword$_verifyTextPresent_closure1.doCall(VerifyTextPresentKeyword.groovy:79)
	at com.kms.katalon.core.webui.keyword.builtin.VerifyTextPresentKeyword$_verifyTextPresent_closure1.call(VerifyTextPresentKeyword.groovy)
	at com.kms.katalon.core.webui.keyword.internal.WebUIKeywordMain.runKeyword(WebUIKeywordMain.groovy:20)
	at com.kms.katalon.core.webui.keyword.builtin.VerifyTextPresentKeyword.verifyTextPresent(VerifyTextPresentKeyword.groovy:83)
	at com.kms.katalon.core.webui.keyword.builtin.VerifyTextPresentKeyword.execute(VerifyTextPresentKeyword.groovy:68)
	at com.kms.katalon.core.keyword.internal.KeywordExecutor.executeKeywordForPlatform(KeywordExecutor.groovy:73)
	at com.kms.katalon.core.webui.keyword.WebUiBuiltInKeywords.verifyTextPresent(WebUiBuiltInKeywords.groovy:1719)
	at com.kms.katalon.core.webui.keyword.WebUiBuiltInKeywords$verifyTextPresent$14.call(Unknown Source)
	at FDR-Draw-Reject-Vouchers-Receipts.run(FDR-Draw-Reject-Vouchers-Receipts:111)
	at com.kms.katalon.core.main.ScriptEngine.run(ScriptEngine.java:194)
	at com.kms.katalon.core.main.ScriptEngine.runScriptAsRawText(ScriptEngine.java:119)
	at com.kms.katalon.core.main.TestCaseExecutor.runScript(TestCaseExecutor.java:339)
	at com.kms.katalon.core.main.TestCaseExecutor.doExecute(TestCaseExecutor.java:330)
	at com.kms.katalon.core.main.TestCaseExecutor.processExecutionPhase(TestCaseExecutor.java:309)
	at com.kms.katalon.core.main.TestCaseExecutor.accessMainPhase(TestCaseExecutor.java:301)
	at com.kms.katalon.core.main.TestCaseExecutor.execute(TestCaseExecutor.java:235)
	at com.kms.katalon.core.main.TestSuiteExecutor.accessTestCaseMainPhase(TestSuiteExecutor.java:191)
	at com.kms.katalon.core.main.TestSuiteExecutor.accessTestSuiteMainPhase(TestSuiteExecutor.java:141)
	at com.kms.katalon.core.main.TestSuiteExecutor.execute(TestSuiteExecutor.java:90)
	at com.kms.katalon.core.main.TestCaseMain.startTestSuite(TestCaseMain.java:157)
	at com.kms.katalon.core.main.TestCaseMain$startTestSuite$0.call(Unknown Source)
	at TempTestSuite1600274320240.run(TempTestSuite1600274320240.groovy:39)
)

2020-09-16 09:44:36 - [TEST_STEP][PASSED] - Start listener action : sampleAfterTestCase: null

2020-09-16 09:44:36 - [TEST_STEP][PASSED] - profileName = getExecutionProfile(): null

2020-09-16 09:44:36 - [TEST_STEP][PASSED] - switch (profileName): null

2020-09-16 09:44:36 - [TEST_STEP][PASSED] - case "superUser":: null

2020-09-16 09:44:36 - [TEST_STEP][PASSED] - return null: null

2020-09-16 09:44:36 - [TEST_STEP][PASSED] - Start listener action : afterTestCase: null

2020-09-16 09:44:36 - [TEST_STEP][PASSED] - profileName = getExecutionProfile(): null

2020-09-16 09:44:36 - [TEST_STEP][PASSED] - if (profileName.equalsIgnoreCase("SysAdmin")): null

2020-09-16 09:44:36 - [TEST_STEP][PASSED] - Start listener action : sampleAfterTestCase: null

2020-09-16 09:44:36 - [TEST_STEP][PASSED] - profileName = getExecutionProfile(): null

2020-09-16 09:44:36 - [TEST_STEP][PASSED] - switch (profileName): null

2020-09-16 09:44:36 - [TEST_STEP][PASSED] - case "Draw":: null

2020-09-16 09:44:36 - [TEST_STEP][PASSED] - Uifunctions.logoutFDR(): Browser is closed

2020-09-16 09:44:37 - [MESSAGE][PASSED] - Browser is closed

2020-09-16 09:44:37 - [TEST_STEP][PASSED] - break: null

2020-09-16 09:44:37 - [TEST_STEP][PASSED] - Start listener action : addFailedTCToList: null]]></system-out>
         <system-err><![CDATA[2020-09-16 09:41:09 - [TEST_CASE][FAILED] - Test Cases/WEB-UI-TESTS/Draw/FDR-Draw-Reject-Vouchers-Receipts: Test Cases/WEB-UI-TESTS/Draw/FDR-Draw-Reject-Vouchers-Receipts FAILED.
Reason:
com.kms.katalon.core.exception.StepFailedException: Unable to click on object 'Object Repository/FDR-Draw/RejectVocuherReceipts/thumbsUpButtonReceipt' (Root cause: com.kms.katalon.core.exception.StepFailedException: Unable to click on object 'Object Repository/FDR-Draw/RejectVocuherReceipts/thumbsUpButtonReceipt'
	at com.kms.katalon.core.webui.keyword.internal.WebUIKeywordMain.stepFailed(WebUIKeywordMain.groovy:64)
	at com.kms.katalon.core.webui.keyword.internal.WebUIKeywordMain.runKeyword(WebUIKeywordMain.groovy:26)
	at com.kms.katalon.core.webui.keyword.builtin.ClickKeyword.click(ClickKeyword.groovy:76)
	at com.kms.katalon.core.webui.keyword.builtin.ClickKeyword.execute(ClickKeyword.groovy:43)
	at com.kms.katalon.core.keyword.internal.KeywordExecutor.executeKeywordForPlatform(KeywordExecutor.groovy:73)
	at com.kms.katalon.core.webui.keyword.WebUiBuiltInKeywords.click(WebUiBuiltInKeywords.groovy:616)
	at com.kms.katalon.core.webui.keyword.WebUiBuiltInKeywords$click$6.call(Unknown Source)
	at FDR-Draw-Reject-Vouchers-Receipts.run(FDR-Draw-Reject-Vouchers-Receipts:46)
	at com.kms.katalon.core.main.ScriptEngine.run(ScriptEngine.java:194)
	at com.kms.katalon.core.main.ScriptEngine.runScriptAsRawText(ScriptEngine.java:119)
	at com.kms.katalon.core.main.TestCaseExecutor.runScript(TestCaseExecutor.java:339)
	at com.kms.katalon.core.main.TestCaseExecutor.doExecute(TestCaseExecutor.java:330)
	at com.kms.katalon.core.main.TestCaseExecutor.processExecutionPhase(TestCaseExecutor.java:309)
	at com.kms.katalon.core.main.TestCaseExecutor.accessMainPhase(TestCaseExecutor.java:301)
	at com.kms.katalon.core.main.TestCaseExecutor.execute(TestCaseExecutor.java:235)
	at com.kms.katalon.core.main.TestSuiteExecutor.accessTestCaseMainPhase(TestSuiteExecutor.java:191)
	at com.kms.katalon.core.main.TestSuiteExecutor.accessTestSuiteMainPhase(TestSuiteExecutor.java:141)
	at com.kms.katalon.core.main.TestSuiteExecutor.execute(TestSuiteExecutor.java:90)
	at com.kms.katalon.core.main.TestCaseMain.startTestSuite(TestCaseMain.java:157)
	at com.kms.katalon.core.main.TestCaseMain$startTestSuite$0.call(Unknown Source)
	at TempTestSuite1600274320240.run(TempTestSuite1600274320240.groovy:39)
Caused by: com.kms.katalon.core.webui.exception.WebElementNotFoundException: Web element with id: 'Object Repository/FDR-Draw/RejectVocuherReceipts/thumbsUpButtonReceipt' located by '((//*[text()='Expenditures']//parent::*//parent::*//parent::*//parent::*)//button)[12]' not found
	at com.kms.katalon.core.webui.common.WebUiCommonHelper.findWebElement(WebUiCommonHelper.java:1368)
	at com.kms.katalon.core.webui.keyword.internal.WebUIAbstractKeyword.findWebElement(WebUIAbstractKeyword.groovy:27)
	at com.kms.katalon.core.webui.keyword.internal.WebUIAbstractKeyword.findWebElement(WebUIAbstractKeyword.groovy:26)
	at com.kms.katalon.core.webui.keyword.builtin.ClickKeyword$_click_closure1.doCall(ClickKeyword.groovy:67)
	at com.kms.katalon.core.webui.keyword.builtin.ClickKeyword$_click_closure1.call(ClickKeyword.groovy)
	at com.kms.katalon.core.webui.keyword.internal.WebUIKeywordMain.runKeyword(WebUIKeywordMain.groovy:20)
	at com.kms.katalon.core.webui.keyword.builtin.ClickKeyword.click(ClickKeyword.groovy:76)
	at com.kms.katalon.core.webui.keyword.builtin.ClickKeyword.execute(ClickKeyword.groovy:43)
	at com.kms.katalon.core.keyword.internal.KeywordExecutor.executeKeywordForPlatform(KeywordExecutor.groovy:73)
	at com.kms.katalon.core.webui.keyword.WebUiBuiltInKeywords.click(WebUiBuiltInKeywords.groovy:616)
	at com.kms.katalon.core.webui.keyword.WebUiBuiltInKeywords$click$6.call(Unknown Source)
	at Script1591634957380.run(Script1591634957380.groovy:46)
	... 13 more
)
	at com.kms.katalon.core.keyword.internal.KeywordMain.stepFailed(KeywordMain.groovy:39)
	at com.kms.katalon.core.webui.keyword.internal.WebUIKeywordMain.stepFailed(WebUIKeywordMain.groovy:64)
	at com.kms.katalon.core.webui.keyword.internal.WebUIKeywordMain.runKeyword(WebUIKeywordMain.groovy:26)
	at com.kms.katalon.core.webui.keyword.builtin.ClickKeyword.click(ClickKeyword.groovy:76)
	at com.kms.katalon.core.webui.keyword.builtin.ClickKeyword.execute(ClickKeyword.groovy:43)
	at com.kms.katalon.core.keyword.internal.KeywordExecutor.executeKeywordForPlatform(KeywordExecutor.groovy:73)
	at com.kms.katalon.core.webui.keyword.WebUiBuiltInKeywords.click(WebUiBuiltInKeywords.groovy:616)
	at com.kms.katalon.core.webui.keyword.WebUiBuiltInKeywords$click$6.call(Unknown Source)
	at FDR-Draw-Reject-Vouchers-Receipts.run(FDR-Draw-Reject-Vouchers-Receipts:46)
	at com.kms.katalon.core.main.ScriptEngine.run(ScriptEngine.java:194)
	at com.kms.katalon.core.main.ScriptEngine.runScriptAsRawText(ScriptEngine.java:119)
	at com.kms.katalon.core.main.TestCaseExecutor.runScript(TestCaseExecutor.java:339)
	at com.kms.katalon.core.main.TestCaseExecutor.doExecute(TestCaseExecutor.java:330)
	at com.kms.katalon.core.main.TestCaseExecutor.processExecutionPhase(TestCaseExecutor.java:309)
	at com.kms.katalon.core.main.TestCaseExecutor.accessMainPhase(TestCaseExecutor.java:301)
	at com.kms.katalon.core.main.TestCaseExecutor.execute(TestCaseExecutor.java:235)
	at com.kms.katalon.core.main.TestSuiteExecutor.accessTestCaseMainPhase(TestSuiteExecutor.java:191)
	at com.kms.katalon.core.main.TestSuiteExecutor.accessTestSuiteMainPhase(TestSuiteExecutor.java:141)
	at com.kms.katalon.core.main.TestSuiteExecutor.execute(TestSuiteExecutor.java:90)
	at com.kms.katalon.core.main.TestCaseMain.startTestSuite(TestCaseMain.java:157)
	at com.kms.katalon.core.main.TestCaseMain$startTestSuite$0.call(Unknown Source)
	at TempTestSuite1600274320240.run(TempTestSuite1600274320240.groovy:39)
Caused by: com.kms.katalon.core.exception.StepFailedException: Unable to click on object 'Object Repository/FDR-Draw/RejectVocuherReceipts/thumbsUpButtonReceipt'
	... 21 more
Caused by: com.kms.katalon.core.webui.exception.WebElementNotFoundException: Web element with id: 'Object Repository/FDR-Draw/RejectVocuherReceipts/thumbsUpButtonReceipt' located by '((//*[text()='Expenditures']//parent::*//parent::*//parent::*//parent::*)//button)[12]' not found
	at com.kms.katalon.core.webui.common.WebUiCommonHelper.findWebElement(WebUiCommonHelper.java:1368)
	at com.kms.katalon.core.webui.keyword.internal.WebUIAbstractKeyword.findWebElement(WebUIAbstractKeyword.groovy:27)
	at com.kms.katalon.core.webui.keyword.internal.WebUIAbstractKeyword.findWebElement(WebUIAbstractKeyword.groovy:26)
	at com.kms.katalon.core.webui.keyword.builtin.ClickKeyword$_click_closure1.doCall(ClickKeyword.groovy:67)
	at com.kms.katalon.core.webui.keyword.builtin.ClickKeyword$_click_closure1.call(ClickKeyword.groovy)
	at com.kms.katalon.core.webui.keyword.internal.WebUIKeywordMain.runKeyword(WebUIKeywordMain.groovy:20)
	... 19 more]]></system-err>
      </testcase>
      <testcase name="Test Cases/WEB-UI-TESTS/Draw/FDR-Update-SCO-Balances-Icons" time="321.015" classname="Test Cases/WEB-UI-TESTS/Draw/FDR-Update-SCO-Balances-Icons" status="FAILED">
         <failure type="FAILED" message="Test Cases/WEB-UI-TESTS/Draw/FDR-Update-SCO-Balances-Icons FAILED.
Reason:
com.kms.katalon.core.exception.StepFailedException: Unable to click on object 'Object Repository/FDR-Draw/reviewScreen/expandValidateButton2' (Root cause: com.kms.katalon.core.exception.StepFailedException: Unable to click on object 'Object Repository/FDR-Draw/reviewScreen/expandValidateButton2'
	at com.kms.katalon.core.webui.keyword.internal.WebUIKeywordMain.stepFailed(WebUIKeywordMain.groovy:64)
	at com.kms.katalon.core.webui.keyword.internal.WebUIKeywordMain.runKeyword(WebUIKeywordMain.groovy:26)
	at com.kms.katalon.core.webui.keyword.builtin.ClickKeyword.click(ClickKeyword.groovy:76)
	at com.kms.katalon.core.webui.keyword.builtin.ClickKeyword.execute(ClickKeyword.groovy:43)
	at com.kms.katalon.core.keyword.internal.KeywordExecutor.executeKeywordForPlatform(KeywordExecutor.groovy:73)
	at com.kms.katalon.core.webui.keyword.WebUiBuiltInKeywords.click(WebUiBuiltInKeywords.groovy:616)
	at com.kms.katalon.core.webui.keyword.WebUiBuiltInKeywords$click$6.call(Unknown Source)
	at FDR-Update-SCO-Balances-Icons.run(FDR-Update-SCO-Balances-Icons:162)
	at com.kms.katalon.core.main.ScriptEngine.run(ScriptEngine.java:194)
	at com.kms.katalon.core.main.ScriptEngine.runScriptAsRawText(ScriptEngine.java:119)
	at com.kms.katalon.core.main.TestCaseExecutor.runScript(TestCaseExecutor.java:339)
	at com.kms.katalon.core.main.TestCaseExecutor.doExecute(TestCaseExecutor.java:330)
	at com.kms.katalon.core.main.TestCaseExecutor.processExecutionPhase(TestCaseExecutor.java:309)
	at com.kms.katalon.core.main.TestCaseExecutor.accessMainPhase(TestCaseExecutor.java:301)
	at com.kms.katalon.core.main.TestCaseExecutor.execute(TestCaseExecutor.java:235)
	at com.kms.katalon.core.main.TestSuiteExecutor.accessTestCaseMainPhase(TestSuiteExecutor.java:191)
	at com.kms.katalon.core.main.TestSuiteExecutor.accessTestSuiteMainPhase(TestSuiteExecutor.java:141)
	at com.kms.katalon.core.main.TestSuiteExecutor.execute(TestSuiteExecutor.java:90)
	at com.kms.katalon.core.main.TestCaseMain.startTestSuite(TestCaseMain.java:157)
	at com.kms.katalon.core.main.TestCaseMain$startTestSuite$0.call(Unknown Source)
	at TempTestSuite1600274320240.run(TempTestSuite1600274320240.groovy:39)
Caused by: com.kms.katalon.core.webui.exception.WebElementNotFoundException: Web element with id: 'Object Repository/FDR-Draw/reviewScreen/expandValidateButton2' located by '(//*[text()='Draw Date']//parent::*//parent::*//parent::*//button)[2]' not found
	at com.kms.katalon.core.webui.common.WebUiCommonHelper.findWebElement(WebUiCommonHelper.java:1368)
	at com.kms.katalon.core.webui.keyword.internal.WebUIAbstractKeyword.findWebElement(WebUIAbstractKeyword.groovy:27)
	at com.kms.katalon.core.webui.keyword.internal.WebUIAbstractKeyword.findWebElement(WebUIAbstractKeyword.groovy:26)
	at com.kms.katalon.core.webui.keyword.builtin.ClickKeyword$_click_closure1.doCall(ClickKeyword.groovy:67)
	at com.kms.katalon.core.webui.keyword.builtin.ClickKeyword$_click_closure1.call(ClickKeyword.groovy)
	at com.kms.katalon.core.webui.keyword.internal.WebUIKeywordMain.runKeyword(WebUIKeywordMain.groovy:20)
	at com.kms.katalon.core.webui.keyword.builtin.ClickKeyword.click(ClickKeyword.groovy:76)
	at com.kms.katalon.core.webui.keyword.builtin.ClickKeyword.execute(ClickKeyword.groovy:43)
	at com.kms.katalon.core.keyword.internal.KeywordExecutor.executeKeywordForPlatform(KeywordExecutor.groovy:73)
	at com.kms.katalon.core.webui.keyword.WebUiBuiltInKeywords.click(WebUiBuiltInKeywords.groovy:616)
	at com.kms.katalon.core.webui.keyword.WebUiBuiltInKeywords$click$6.call(Unknown Source)
	at Script1591634907012.run(Script1591634907012.groovy:162)
	... 13 more
)
	at com.kms.katalon.core.keyword.internal.KeywordMain.stepFailed(KeywordMain.groovy:39)
	at com.kms.katalon.core.webui.keyword.internal.WebUIKeywordMain.stepFailed(WebUIKeywordMain.groovy:64)
	at com.kms.katalon.core.webui.keyword.internal.WebUIKeywordMain.runKeyword(WebUIKeywordMain.groovy:26)
	at com.kms.katalon.core.webui.keyword.builtin.ClickKeyword.click(ClickKeyword.groovy:76)
	at com.kms.katalon.core.webui.keyword.builtin.ClickKeyword.execute(ClickKeyword.groovy:43)
	at com.kms.katalon.core.keyword.internal.KeywordExecutor.executeKeywordForPlatform(KeywordExecutor.groovy:73)
	at com.kms.katalon.core.webui.keyword.WebUiBuiltInKeywords.click(WebUiBuiltInKeywords.groovy:616)
	at com.kms.katalon.core.webui.keyword.WebUiBuiltInKeywords$click$6.call(Unknown Source)
	at FDR-Update-SCO-Balances-Icons.run(FDR-Update-SCO-Balances-Icons:162)
	at com.kms.katalon.core.main.ScriptEngine.run(ScriptEngine.java:194)
	at com.kms.katalon.core.main.ScriptEngine.runScriptAsRawText(ScriptEngine.java:119)
	at com.kms.katalon.core.main.TestCaseExecutor.runScript(TestCaseExecutor.java:339)
	at com.kms.katalon.core.main.TestCaseExecutor.doExecute(TestCaseExecutor.java:330)
	at com.kms.katalon.core.main.TestCaseExecutor.processExecutionPhase(TestCaseExecutor.java:309)
	at com.kms.katalon.core.main.TestCaseExecutor.accessMainPhase(TestCaseExecutor.java:301)
	at com.kms.katalon.core.main.TestCaseExecutor.execute(TestCaseExecutor.java:235)
	at com.kms.katalon.core.main.TestSuiteExecutor.accessTestCaseMainPhase(TestSuiteExecutor.java:191)
	at com.kms.katalon.core.main.TestSuiteExecutor.accessTestSuiteMainPhase(TestSuiteExecutor.java:141)
	at com.kms.katalon.core.main.TestSuiteExecutor.execute(TestSuiteExecutor.java:90)
	at com.kms.katalon.core.main.TestCaseMain.startTestSuite(TestCaseMain.java:157)
	at com.kms.katalon.core.main.TestCaseMain$startTestSuite$0.call(Unknown Source)
	at TempTestSuite1600274320240.run(TempTestSuite1600274320240.groovy:39)
Caused by: com.kms.katalon.core.exception.StepFailedException: Unable to click on object 'Object Repository/FDR-Draw/reviewScreen/expandValidateButton2'
	... 21 more
Caused by: com.kms.katalon.core.webui.exception.WebElementNotFoundException: Web element with id: 'Object Repository/FDR-Draw/reviewScreen/expandValidateButton2' located by '(//*[text()='Draw Date']//parent::*//parent::*//parent::*//button)[2]' not found
	at com.kms.katalon.core.webui.common.WebUiCommonHelper.findWebElement(WebUiCommonHelper.java:1368)
	at com.kms.katalon.core.webui.keyword.internal.WebUIAbstractKeyword.findWebElement(WebUIAbstractKeyword.groovy:27)
	at com.kms.katalon.core.webui.keyword.internal.WebUIAbstractKeyword.findWebElement(WebUIAbstractKeyword.groovy:26)
	at com.kms.katalon.core.webui.keyword.builtin.ClickKeyword$_click_closure1.doCall(ClickKeyword.groovy:67)
	at com.kms.katalon.core.webui.keyword.builtin.ClickKeyword$_click_closure1.call(ClickKeyword.groovy)
	at com.kms.katalon.core.webui.keyword.internal.WebUIKeywordMain.runKeyword(WebUIKeywordMain.groovy:20)
	... 19 more
"/>
         <system-out><![CDATA[2020-09-16 09:44:37 - [TEST_CASE][FAILED] - Test Cases/WEB-UI-TESTS/Draw/FDR-Update-SCO-Balances-Icons: Test Cases/WEB-UI-TESTS/Draw/FDR-Update-SCO-Balances-Icons FAILED.
Reason:
com.kms.katalon.core.exception.StepFailedException: Unable to click on object 'Object Repository/FDR-Draw/reviewScreen/expandValidateButton2' (Root cause: com.kms.katalon.core.exception.StepFailedException: Unable to click on object 'Object Repository/FDR-Draw/reviewScreen/expandValidateButton2'
	at com.kms.katalon.core.webui.keyword.internal.WebUIKeywordMain.stepFailed(WebUIKeywordMain.groovy:64)
	at com.kms.katalon.core.webui.keyword.internal.WebUIKeywordMain.runKeyword(WebUIKeywordMain.groovy:26)
	at com.kms.katalon.core.webui.keyword.builtin.ClickKeyword.click(ClickKeyword.groovy:76)
	at com.kms.katalon.core.webui.keyword.builtin.ClickKeyword.execute(ClickKeyword.groovy:43)
	at com.kms.katalon.core.keyword.internal.KeywordExecutor.executeKeywordForPlatform(KeywordExecutor.groovy:73)
	at com.kms.katalon.core.webui.keyword.WebUiBuiltInKeywords.click(WebUiBuiltInKeywords.groovy:616)
	at com.kms.katalon.core.webui.keyword.WebUiBuiltInKeywords$click$6.call(Unknown Source)
	at FDR-Update-SCO-Balances-Icons.run(FDR-Update-SCO-Balances-Icons:162)
	at com.kms.katalon.core.main.ScriptEngine.run(ScriptEngine.java:194)
	at com.kms.katalon.core.main.ScriptEngine.runScriptAsRawText(ScriptEngine.java:119)
	at com.kms.katalon.core.main.TestCaseExecutor.runScript(TestCaseExecutor.java:339)
	at com.kms.katalon.core.main.TestCaseExecutor.doExecute(TestCaseExecutor.java:330)
	at com.kms.katalon.core.main.TestCaseExecutor.processExecutionPhase(TestCaseExecutor.java:309)
	at com.kms.katalon.core.main.TestCaseExecutor.accessMainPhase(TestCaseExecutor.java:301)
	at com.kms.katalon.core.main.TestCaseExecutor.execute(TestCaseExecutor.java:235)
	at com.kms.katalon.core.main.TestSuiteExecutor.accessTestCaseMainPhase(TestSuiteExecutor.java:191)
	at com.kms.katalon.core.main.TestSuiteExecutor.accessTestSuiteMainPhase(TestSuiteExecutor.java:141)
	at com.kms.katalon.core.main.TestSuiteExecutor.execute(TestSuiteExecutor.java:90)
	at com.kms.katalon.core.main.TestCaseMain.startTestSuite(TestCaseMain.java:157)
	at com.kms.katalon.core.main.TestCaseMain$startTestSuite$0.call(Unknown Source)
	at TempTestSuite1600274320240.run(TempTestSuite1600274320240.groovy:39)
Caused by: com.kms.katalon.core.webui.exception.WebElementNotFoundException: Web element with id: 'Object Repository/FDR-Draw/reviewScreen/expandValidateButton2' located by '(//*[text()='Draw Date']//parent::*//parent::*//parent::*//button)[2]' not found
	at com.kms.katalon.core.webui.common.WebUiCommonHelper.findWebElement(WebUiCommonHelper.java:1368)
	at com.kms.katalon.core.webui.keyword.internal.WebUIAbstractKeyword.findWebElement(WebUIAbstractKeyword.groovy:27)
	at com.kms.katalon.core.webui.keyword.internal.WebUIAbstractKeyword.findWebElement(WebUIAbstractKeyword.groovy:26)
	at com.kms.katalon.core.webui.keyword.builtin.ClickKeyword$_click_closure1.doCall(ClickKeyword.groovy:67)
	at com.kms.katalon.core.webui.keyword.builtin.ClickKeyword$_click_closure1.call(ClickKeyword.groovy)
	at com.kms.katalon.core.webui.keyword.internal.WebUIKeywordMain.runKeyword(WebUIKeywordMain.groovy:20)
	at com.kms.katalon.core.webui.keyword.builtin.ClickKeyword.click(ClickKeyword.groovy:76)
	at com.kms.katalon.core.webui.keyword.builtin.ClickKeyword.execute(ClickKeyword.groovy:43)
	at com.kms.katalon.core.keyword.internal.KeywordExecutor.executeKeywordForPlatform(KeywordExecutor.groovy:73)
	at com.kms.katalon.core.webui.keyword.WebUiBuiltInKeywords.click(WebUiBuiltInKeywords.groovy:616)
	at com.kms.katalon.core.webui.keyword.WebUiBuiltInKeywords$click$6.call(Unknown Source)
	at Script1591634907012.run(Script1591634907012.groovy:162)
	... 13 more
)
	at com.kms.katalon.core.keyword.internal.KeywordMain.stepFailed(KeywordMain.groovy:39)
	at com.kms.katalon.core.webui.keyword.internal.WebUIKeywordMain.stepFailed(WebUIKeywordMain.groovy:64)
	at com.kms.katalon.core.webui.keyword.internal.WebUIKeywordMain.runKeyword(WebUIKeywordMain.groovy:26)
	at com.kms.katalon.core.webui.keyword.builtin.ClickKeyword.click(ClickKeyword.groovy:76)
	at com.kms.katalon.core.webui.keyword.builtin.ClickKeyword.execute(ClickKeyword.groovy:43)
	at com.kms.katalon.core.keyword.internal.KeywordExecutor.executeKeywordForPlatform(KeywordExecutor.groovy:73)
	at com.kms.katalon.core.webui.keyword.WebUiBuiltInKeywords.click(WebUiBuiltInKeywords.groovy:616)
	at com.kms.katalon.core.webui.keyword.WebUiBuiltInKeywords$click$6.call(Unknown Source)
	at FDR-Update-SCO-Balances-Icons.run(FDR-Update-SCO-Balances-Icons:162)
	at com.kms.katalon.core.main.ScriptEngine.run(ScriptEngine.java:194)
	at com.kms.katalon.core.main.ScriptEngine.runScriptAsRawText(ScriptEngine.java:119)
	at com.kms.katalon.core.main.TestCaseExecutor.runScript(TestCaseExecutor.java:339)
	at com.kms.katalon.core.main.TestCaseExecutor.doExecute(TestCaseExecutor.java:330)
	at com.kms.katalon.core.main.TestCaseExecutor.processExecutionPhase(TestCaseExecutor.java:309)
	at com.kms.katalon.core.main.TestCaseExecutor.accessMainPhase(TestCaseExecutor.java:301)
	at com.kms.katalon.core.main.TestCaseExecutor.execute(TestCaseExecutor.java:235)
	at com.kms.katalon.core.main.TestSuiteExecutor.accessTestCaseMainPhase(TestSuiteExecutor.java:191)
	at com.kms.katalon.core.main.TestSuiteExecutor.accessTestSuiteMainPhase(TestSuiteExecutor.java:141)
	at com.kms.katalon.core.main.TestSuiteExecutor.execute(TestSuiteExecutor.java:90)
	at com.kms.katalon.core.main.TestCaseMain.startTestSuite(TestCaseMain.java:157)
	at com.kms.katalon.core.main.TestCaseMain$startTestSuite$0.call(Unknown Source)
	at TempTestSuite1600274320240.run(TempTestSuite1600274320240.groovy:39)
Caused by: com.kms.katalon.core.exception.StepFailedException: Unable to click on object 'Object Repository/FDR-Draw/reviewScreen/expandValidateButton2'
	... 21 more
Caused by: com.kms.katalon.core.webui.exception.WebElementNotFoundException: Web element with id: 'Object Repository/FDR-Draw/reviewScreen/expandValidateButton2' located by '(//*[text()='Draw Date']//parent::*//parent::*//parent::*//button)[2]' not found
	at com.kms.katalon.core.webui.common.WebUiCommonHelper.findWebElement(WebUiCommonHelper.java:1368)
	at com.kms.katalon.core.webui.keyword.internal.WebUIAbstractKeyword.findWebElement(WebUIAbstractKeyword.groovy:27)
	at com.kms.katalon.core.webui.keyword.internal.WebUIAbstractKeyword.findWebElement(WebUIAbstractKeyword.groovy:26)
	at com.kms.katalon.core.webui.keyword.builtin.ClickKeyword$_click_closure1.doCall(ClickKeyword.groovy:67)
	at com.kms.katalon.core.webui.keyword.builtin.ClickKeyword$_click_closure1.call(ClickKeyword.groovy)
	at com.kms.katalon.core.webui.keyword.internal.WebUIKeywordMain.runKeyword(WebUIKeywordMain.groovy:20)
	... 19 more


2020-09-16 09:44:37 - [TEST_STEP][PASSED] - Start listener action : sampleBeforeTestCase: null

2020-09-16 09:44:37 - [TEST_STEP][PASSED] - profileName = getExecutionProfile(): null

2020-09-16 09:44:37 - [TEST_STEP][PASSED] - switch (profileName): null

2020-09-16 09:44:37 - [TEST_STEP][PASSED] - case "superUser":: null

2020-09-16 09:44:37 - [TEST_STEP][PASSED] - return null: null

2020-09-16 09:44:37 - [TEST_STEP][PASSED] - Start listener action : beforeTestCase: null

2020-09-16 09:44:37 - [TEST_STEP][PASSED] - profileName = getExecutionProfile(): null

2020-09-16 09:44:37 - [TEST_STEP][PASSED] - if (profileName.equalsIgnoreCase("SysAdmin")): null

2020-09-16 09:44:37 - [TEST_STEP][PASSED] - Start listener action : sampleBeforeTestCase: Navigate to 'https://fdr.cammis-mod-sit.dhcs.ca.gov' successfully

2020-09-16 09:44:37 - [TEST_STEP][PASSED] - profileName = getExecutionProfile(): null

2020-09-16 09:44:37 - [TEST_STEP][PASSED] - testCaseId = testCaseContext.getTestCaseId(): null

2020-09-16 09:44:37 - [TEST_STEP][PASSED] - switch (profileName): null

2020-09-16 09:44:37 - [TEST_STEP][PASSED] - case "Draw":: null

2020-09-16 09:44:37 - [TEST_STEP][PASSED] - if (account6TestCases.contains(testCaseId)): null

2020-09-16 09:44:37 - [TEST_STEP][PASSED] - else if (account2TestCases.contains(testCaseId)): null

2020-09-16 09:44:37 - [TEST_STEP][PASSED] - else if (account4TestCases.contains(testCaseId)): null

2020-09-16 09:44:37 - [TEST_STEP][PASSED] - else: Object: 'Object Repository/FDR-SignIn/SignInButton' is clicked on

2020-09-16 09:44:37 - [TEST_STEP][PASSED] - Uifunctions.loginFDR(drawCashierAcc7, drawCashierAcc7Pwd): Object: 'Object Repository/FDR-SignIn/SignInButton' is clicked on

2020-09-16 09:44:37 - [MESSAGE][INFO] - Starting 'Chrome' driver

2020-09-16 09:44:37 - [MESSAGE][INFO] - Action delay is set to 0 milliseconds

2020-09-16 09:44:40 - [MESSAGE][PASSED] - Browser is opened with url: ''

2020-09-16 09:44:42 - [MESSAGE][PASSED] - Current window maximized

2020-09-16 09:44:44 - [MESSAGE][PASSED] - Navigate to 'https://fdr.cammis-mod-sit.dhcs.ca.gov' successfully

2020-09-16 09:44:45 - [MESSAGE][PASSED] - Object 'Object Repository/FDR-SignIn/SignInEmail' is present

2020-09-16 09:44:46 - [MESSAGE][PASSED] - Object: 'Object Repository/FDR-SignIn/SignInEmail' is clicked on

2020-09-16 09:44:46 - [MESSAGE][PASSED] - Object 'Object Repository/FDR-SignIn/SignInEmail' is present

2020-09-16 09:44:47 - [MESSAGE][PASSED] - Text 'fdr.test7@dhcs.ca.gov' is set on object 'Object Repository/FDR-SignIn/SignInEmail'

2020-09-16 09:44:47 - [MESSAGE][PASSED] - Object 'Object Repository/FDR-SignIn/SignInEmailNext' is visible

2020-09-16 09:44:47 - [MESSAGE][PASSED] - Object: 'Object Repository/FDR-SignIn/SignInEmailNext' is clicked on

2020-09-16 09:44:50 - [MESSAGE][PASSED] - Object 'Object Repository/FDR-SignIn/SignInEmailPassword' is visible

2020-09-16 09:44:51 - [MESSAGE][PASSED] - Object: 'Object Repository/FDR-SignIn/SignInEmailPassword' is clicked on

2020-09-16 09:44:51 - [MESSAGE][PASSED] - Text ****** has been set on object 'Object Repository/FDR-SignIn/SignInEmailPassword'

2020-09-16 09:44:53 - [MESSAGE][PASSED] - Object: 'Object Repository/FDR-SignIn/SignInButton' is clicked on

2020-09-16 09:44:53 - [TEST_STEP][PASSED] - break: null

2020-09-16 09:44:53 - [TEST_STEP][PASSED] - navigateToUrl(URL): Navigate to 'https://fdr.cammis-mod-sit.dhcs.ca.gov' successfully

2020-09-16 09:44:53 - [MESSAGE][PASSED] - Navigate to 'https://fdr.cammis-mod-sit.dhcs.ca.gov' successfully

2020-09-16 09:44:53 - [TEST_STEP][PASSED] - Start listener action : executeRows: null

2020-09-16 09:44:53 - [TEST_STEP][PASSED] - grayRGBValue = "rgba(190, 194, 199, 1)": null

2020-09-16 09:44:53 - [TEST_STEP][PASSED] - greenRGBValue = "rgba(71, 185, 112, 1)": null

2020-09-16 09:44:53 - [TEST_STEP][PASSED] - redRGBValue = "rgba(190, 71, 39, 1)": null

2020-09-16 09:44:53 - [TEST_STEP][PASSED] - scoBalanceStatus = 0: null

2020-09-16 09:44:53 - [TEST_STEP][PASSED] - documentAmountsStatus = 0: null

2020-09-16 09:44:53 - [TEST_STEP][PASSED] - postDrawBalancesStatus = 0: null

2020-09-16 09:44:53 - [TEST_STEP][PASSED] - drawClosed = 0: null

2020-09-16 09:44:53 - [TEST_STEP][PASSED] - drawDate = "10/21/2020": null

2020-09-16 09:44:53 - [TEST_STEP][PASSED] - waitForElementPresent(findTestObject("FDR-Dashboard/createNewVoucherButton"), 2): Object 'Object Repository/FDR-Dashboard/createNewVoucherButton' is not present after 2 second(s)

2020-09-16 09:44:56 - [MESSAGE][INFO] - Unable to find the element located by 'By.xpath: //*[@data-id='button-link']//*[contains(text(),'Create New Voucher')]'. Please recheck the objects properties to make sure the desired element is located. 

2020-09-16 09:44:56 - [MESSAGE][WARNING] - Object 'Object Repository/FDR-Dashboard/createNewVoucherButton' is not present after 2 second(s)

2020-09-16 09:44:56 - [TEST_STEP][PASSED] - Uifunctions.clickOnReconcileButton(drawDate): Object 'Object Repository/FDR-Dashboard/createNewVoucherButton' is not present after 3 second(s)

2020-09-16 09:44:57 - [MESSAGE][PASSED] - Object: 'expandButton' is clicked on

2020-09-16 09:45:01 - [MESSAGE][INFO] - Unable to find the element located by 'By.xpath: //*[@data-id='button-link']//*[contains(text(),'Create New Voucher')]'. Please recheck the objects properties to make sure the desired element is located. 

2020-09-16 09:45:01 - [MESSAGE][WARNING] - Object 'Object Repository/FDR-Dashboard/createNewVoucherButton' is not present after 3 second(s)

2020-09-16 09:45:01 - [MESSAGE][PASSED] - Text of object 'drawDate' is: '10/21/2020'

2020-09-16 09:45:02 - [MESSAGE][PASSED] - Object: 'expandButton' is clicked on

2020-09-16 09:45:04 - [MESSAGE][INFO] - Unable to find the element located by 'By.xpath: //*[@data-id='button-link']//*[contains(text(),'Create New Voucher')]'. Please recheck the objects properties to make sure the desired element is located. 

2020-09-16 09:45:04 - [MESSAGE][WARNING] - Object 'Object Repository/FDR-Dashboard/createNewVoucherButton' is not present after 1 second(s)

2020-09-16 09:45:05 - [MESSAGE][PASSED] - Object: 'reconcileButton' is clicked on

2020-09-16 09:45:09 - [MESSAGE][INFO] - Unable to find the element located by 'By.xpath: //*[@data-id='button-link']//*[contains(text(),'Create New Voucher')]'. Please recheck the objects properties to make sure the desired element is located. 

2020-09-16 09:45:09 - [MESSAGE][WARNING] - Object 'Object Repository/FDR-Dashboard/createNewVoucherButton' is not present after 3 second(s)

2020-09-16 09:45:09 - [TEST_STEP][PASSED] - delay(5): Delayed 5 second(s)

2020-09-16 09:45:14 - [MESSAGE][PASSED] - Delayed 5 second(s)

2020-09-16 09:45:14 - [TEST_STEP][PASSED] - waitForElementPresent(findTestObject("FDR-Dashboard/createNewVoucherButton"), 5): Object 'Object Repository/FDR-Dashboard/createNewVoucherButton' is not present after 5 second(s)

2020-09-16 09:45:20 - [MESSAGE][INFO] - Unable to find the element located by 'By.xpath: //*[@data-id='button-link']//*[contains(text(),'Create New Voucher')]'. Please recheck the objects properties to make sure the desired element is located. 

2020-09-16 09:45:20 - [MESSAGE][WARNING] - Object 'Object Repository/FDR-Dashboard/createNewVoucherButton' is not present after 5 second(s)

2020-09-16 09:45:20 - [TEST_STEP][PASSED] - scoBalanceIconStatus = getCSSValue(findTestObject("Object Repository/FDR-Draw/reviewScreen/scoBalanceVerifiedIcon"), "color"): Get CSS 'color' value on 'Object Repository/FDR-Draw/reviewScreen/scoBalanceVerifiedIcon' successfully: 'rgba(190, 194, 199, 1)'.

2020-09-16 09:45:21 - [MESSAGE][PASSED] - Get CSS 'color' value on 'Object Repository/FDR-Draw/reviewScreen/scoBalanceVerifiedIcon' successfully: 'rgba(190, 194, 199, 1)'.

2020-09-16 09:45:21 - [TEST_STEP][PASSED] - if (scoBalanceIconStatus == grayRGBValue): null

2020-09-16 09:45:21 - [TEST_STEP][PASSED] - scoBalanceStatus = 0: null

2020-09-16 09:45:21 - [TEST_STEP][PASSED] - Uifunctions.updateSCOBalances("0"): Object 'Object Repository/FDR-Draw/reconcileButton' is not present after 2 second(s)

2020-09-16 09:45:26 - [MESSAGE][INFO] - Unable to find the element located by 'By.xpath: //*[@data-id='button-link']//*[contains(text(),'Create New Voucher')]'. Please recheck the objects properties to make sure the desired element is located. 

2020-09-16 09:45:26 - [MESSAGE][WARNING] - Object 'Object Repository/FDR-Dashboard/createNewVoucherButton' is not present after 4 second(s)

2020-09-16 09:45:26 - [MESSAGE][PASSED] - Object: 'Object Repository/FDR-Draw/SCOBalances/buttonUpdateSCO' is clicked on

2020-09-16 09:45:29 - [MESSAGE][PASSED] - Delayed 3 second(s)

2020-09-16 09:45:30 - [MESSAGE][PASSED] - Object: 'Object Repository/FDR-Draw/SCOBalances/updateFundBalanceInputText1' is clicked on

2020-09-16 09:45:32 - [MESSAGE][INFO] - Unable to find the element located by 'By.xpath: //*[@data-id='button-link']//*[contains(text(),'Create New Voucher')]'. Please recheck the objects properties to make sure the desired element is located. 

2020-09-16 09:45:32 - [MESSAGE][WARNING] - Object 'Object Repository/FDR-Dashboard/createNewVoucherButton' is not present after 1 second(s)

2020-09-16 09:45:33 - [MESSAGE][PASSED] - Text '120' is set on object 'Object Repository/FDR-Draw/SCOBalances/inputTextBalance1'

2020-09-16 09:45:33 - [MESSAGE][PASSED] - Object: 'Object Repository/FDR-Draw/SCOBalances/balanceUnchanged1' is clicked on

2020-09-16 09:45:34 - [MESSAGE][PASSED] - Object: 'Object Repository/FDR-Draw/SCOBalances/balanceUnchanged1' is clicked on

2020-09-16 09:45:34 - [MESSAGE][PASSED] - Object: 'Object Repository/FDR-Draw/SCOBalances/updateFundBalanceInputText1' is clicked on

2020-09-16 09:45:36 - [MESSAGE][INFO] - Unable to find the element located by 'By.xpath: //*[@data-id='button-link']//*[contains(text(),'Create New Voucher')]'. Please recheck the objects properties to make sure the desired element is located. 

2020-09-16 09:45:36 - [MESSAGE][WARNING] - Object 'Object Repository/FDR-Dashboard/createNewVoucherButton' is not present after 1 second(s)

2020-09-16 09:45:37 - [MESSAGE][PASSED] - Text '0' is set on object 'Object Repository/FDR-Draw/SCOBalances/inputTextBalance1'

2020-09-16 09:45:39 - [MESSAGE][INFO] - Unable to find the element located by 'By.xpath: //*[@data-id='button-link']//*[contains(text(),'Create New Voucher')]'. Please recheck the objects properties to make sure the desired element is located. 

2020-09-16 09:45:39 - [MESSAGE][WARNING] - Object 'Object Repository/FDR-Dashboard/createNewVoucherButton' is not present after 1 second(s)

2020-09-16 09:45:39 - [MESSAGE][PASSED] - Object: 'Object Repository/FDR-Draw/SCOBalances/updateFundBalanceInputText2' is clicked on

2020-09-16 09:45:41 - [MESSAGE][INFO] - Unable to find the element located by 'By.xpath: //*[@data-id='button-link']//*[contains(text(),'Create New Voucher')]'. Please recheck the objects properties to make sure the desired element is located. 

2020-09-16 09:45:41 - [MESSAGE][WARNING] - Object 'Object Repository/FDR-Dashboard/createNewVoucherButton' is not present after 1 second(s)

2020-09-16 09:45:42 - [MESSAGE][PASSED] - Text '0' is set on object 'Object Repository/FDR-Draw/SCOBalances/inputTextBalance2'

2020-09-16 09:45:44 - [MESSAGE][INFO] - Unable to find the element located by 'By.xpath: //*[@data-id='button-link']//*[contains(text(),'Create New Voucher')]'. Please recheck the objects properties to make sure the desired element is located. 

2020-09-16 09:45:44 - [MESSAGE][WARNING] - Object 'Object Repository/FDR-Dashboard/createNewVoucherButton' is not present after 1 second(s)

2020-09-16 09:45:44 - [MESSAGE][PASSED] - Object: 'Object Repository/FDR-Draw/SCOBalances/updateFundBalanceInputText3' is clicked on

2020-09-16 09:45:46 - [MESSAGE][INFO] - Unable to find the element located by 'By.xpath: //*[@data-id='button-link']//*[contains(text(),'Create New Voucher')]'. Please recheck the objects properties to make sure the desired element is located. 

2020-09-16 09:45:46 - [MESSAGE][WARNING] - Object 'Object Repository/FDR-Dashboard/createNewVoucherButton' is not present after 1 second(s)

2020-09-16 09:45:47 - [MESSAGE][PASSED] - Text '0' is set on object 'Object Repository/FDR-Draw/SCOBalances/inputTextBalance3'

2020-09-16 09:45:49 - [MESSAGE][INFO] - Unable to find the element located by 'By.xpath: //*[@data-id='button-link']//*[contains(text(),'Create New Voucher')]'. Please recheck the objects properties to make sure the desired element is located. 

2020-09-16 09:45:49 - [MESSAGE][WARNING] - Object 'Object Repository/FDR-Dashboard/createNewVoucherButton' is not present after 1 second(s)

2020-09-16 09:45:49 - [MESSAGE][PASSED] - Object: 'Object Repository/FDR-Draw/SCOBalances/updateFundBalanceInputText4' is clicked on

2020-09-16 09:45:51 - [MESSAGE][INFO] - Unable to find the element located by 'By.xpath: //*[@data-id='button-link']//*[contains(text(),'Create New Voucher')]'. Please recheck the objects properties to make sure the desired element is located. 

2020-09-16 09:45:51 - [MESSAGE][WARNING] - Object 'Object Repository/FDR-Dashboard/createNewVoucherButton' is not present after 1 second(s)

2020-09-16 09:45:52 - [MESSAGE][PASSED] - Text '0' is set on object 'Object Repository/FDR-Draw/SCOBalances/inputTextBalance4'

2020-09-16 09:45:54 - [MESSAGE][INFO] - Unable to find the element located by 'By.xpath: //*[@data-id='button-link']//*[contains(text(),'Create New Voucher')]'. Please recheck the objects properties to make sure the desired element is located. 

2020-09-16 09:45:54 - [MESSAGE][WARNING] - Object 'Object Repository/FDR-Dashboard/createNewVoucherButton' is not present after 1 second(s)

2020-09-16 09:45:54 - [MESSAGE][PASSED] - Object: 'Object Repository/FDR-Draw/SCOBalances/updateFundBalanceInputText5' is clicked on

2020-09-16 09:45:56 - [MESSAGE][INFO] - Unable to find the element located by 'By.xpath: //*[@data-id='button-link']//*[contains(text(),'Create New Voucher')]'. Please recheck the objects properties to make sure the desired element is located. 

2020-09-16 09:45:56 - [MESSAGE][WARNING] - Object 'Object Repository/FDR-Dashboard/createNewVoucherButton' is not present after 1 second(s)

2020-09-16 09:45:57 - [MESSAGE][PASSED] - Text '0' is set on object 'Object Repository/FDR-Draw/SCOBalances/inputTextBalance5'

2020-09-16 09:45:59 - [MESSAGE][INFO] - Unable to find the element located by 'By.xpath: //*[@data-id='button-link']//*[contains(text(),'Create New Voucher')]'. Please recheck the objects properties to make sure the desired element is located. 

2020-09-16 09:45:59 - [MESSAGE][WARNING] - Object 'Object Repository/FDR-Dashboard/createNewVoucherButton' is not present after 1 second(s)

2020-09-16 09:45:59 - [MESSAGE][PASSED] - Object: 'Object Repository/FDR-Draw/SCOBalances/updateFundBalanceInputText6' is clicked on

2020-09-16 09:46:01 - [MESSAGE][INFO] - Unable to find the element located by 'By.xpath: //*[@data-id='button-link']//*[contains(text(),'Create New Voucher')]'. Please recheck the objects properties to make sure the desired element is located. 

2020-09-16 09:46:01 - [MESSAGE][WARNING] - Object 'Object Repository/FDR-Dashboard/createNewVoucherButton' is not present after 1 second(s)

2020-09-16 09:46:02 - [MESSAGE][PASSED] - Text '0' is set on object 'Object Repository/FDR-Draw/SCOBalances/inputTextBalance6'

2020-09-16 09:46:04 - [MESSAGE][INFO] - Unable to find the element located by 'By.xpath: //*[@data-id='button-link']//*[contains(text(),'Create New Voucher')]'. Please recheck the objects properties to make sure the desired element is located. 

2020-09-16 09:46:04 - [MESSAGE][WARNING] - Object 'Object Repository/FDR-Dashboard/createNewVoucherButton' is not present after 1 second(s)

2020-09-16 09:46:04 - [MESSAGE][PASSED] - Object: 'Object Repository/FDR-Draw/SCOBalances/updateFundBalanceInputText7' is clicked on

2020-09-16 09:46:07 - [MESSAGE][INFO] - Unable to find the element located by 'By.xpath: //*[@data-id='button-link']//*[contains(text(),'Create New Voucher')]'. Please recheck the objects properties to make sure the desired element is located. 

2020-09-16 09:46:07 - [MESSAGE][WARNING] - Object 'Object Repository/FDR-Dashboard/createNewVoucherButton' is not present after 1 second(s)

2020-09-16 09:46:07 - [MESSAGE][PASSED] - Text '0' is set on object 'Object Repository/FDR-Draw/SCOBalances/inputTextBalance7'

2020-09-16 09:46:09 - [MESSAGE][INFO] - Unable to find the element located by 'By.xpath: //*[@data-id='button-link']//*[contains(text(),'Create New Voucher')]'. Please recheck the objects properties to make sure the desired element is located. 

2020-09-16 09:46:09 - [MESSAGE][WARNING] - Object 'Object Repository/FDR-Dashboard/createNewVoucherButton' is not present after 1 second(s)

2020-09-16 09:46:09 - [MESSAGE][PASSED] - Object: 'Object Repository/FDR-Draw/SCOBalances/updateFundBalanceInputText8' is clicked on

2020-09-16 09:46:12 - [MESSAGE][INFO] - Unable to find the element located by 'By.xpath: //*[@data-id='button-link']//*[contains(text(),'Create New Voucher')]'. Please recheck the objects properties to make sure the desired element is located. 

2020-09-16 09:46:12 - [MESSAGE][WARNING] - Object 'Object Repository/FDR-Dashboard/createNewVoucherButton' is not present after 1 second(s)

2020-09-16 09:46:12 - [MESSAGE][PASSED] - Text '0' is set on object 'Object Repository/FDR-Draw/SCOBalances/inputTextBalance8'

2020-09-16 09:46:14 - [MESSAGE][INFO] - Unable to find the element located by 'By.xpath: //*[@data-id='button-link']//*[contains(text(),'Create New Voucher')]'. Please recheck the objects properties to make sure the desired element is located. 

2020-09-16 09:46:14 - [MESSAGE][WARNING] - Object 'Object Repository/FDR-Dashboard/createNewVoucherButton' is not present after 1 second(s)

2020-09-16 09:46:15 - [MESSAGE][PASSED] - Object: 'Object Repository/FDR-Draw/SCOBalances/updateFundBalanceInputText9' is clicked on

2020-09-16 09:46:17 - [MESSAGE][INFO] - Unable to find the element located by 'By.xpath: //*[@data-id='button-link']//*[contains(text(),'Create New Voucher')]'. Please recheck the objects properties to make sure the desired element is located. 

2020-09-16 09:46:17 - [MESSAGE][WARNING] - Object 'Object Repository/FDR-Dashboard/createNewVoucherButton' is not present after 1 second(s)

2020-09-16 09:46:17 - [MESSAGE][PASSED] - Text '0' is set on object 'Object Repository/FDR-Draw/SCOBalances/inputTextBalance9'

2020-09-16 09:46:19 - [MESSAGE][INFO] - Unable to find the element located by 'By.xpath: //*[@data-id='button-link']//*[contains(text(),'Create New Voucher')]'. Please recheck the objects properties to make sure the desired element is located. 

2020-09-16 09:46:19 - [MESSAGE][WARNING] - Object 'Object Repository/FDR-Dashboard/createNewVoucherButton' is not present after 1 second(s)

2020-09-16 09:46:20 - [MESSAGE][PASSED] - Object: 'Object Repository/FDR-Draw/SCOBalances/updateFundBalanceInputText10' is clicked on

2020-09-16 09:46:22 - [MESSAGE][INFO] - Unable to find the element located by 'By.xpath: //*[@data-id='button-link']//*[contains(text(),'Create New Voucher')]'. Please recheck the objects properties to make sure the desired element is located. 

2020-09-16 09:46:22 - [MESSAGE][WARNING] - Object 'Object Repository/FDR-Dashboard/createNewVoucherButton' is not present after 1 second(s)

2020-09-16 09:46:22 - [MESSAGE][PASSED] - Text '0' is set on object 'Object Repository/FDR-Draw/SCOBalances/inputTextBalance10'

2020-09-16 09:46:24 - [MESSAGE][INFO] - Unable to find the element located by 'By.xpath: //*[@data-id='button-link']//*[contains(text(),'Create New Voucher')]'. Please recheck the objects properties to make sure the desired element is located. 

2020-09-16 09:46:24 - [MESSAGE][WARNING] - Object 'Object Repository/FDR-Dashboard/createNewVoucherButton' is not present after 1 second(s)

2020-09-16 09:46:25 - [MESSAGE][PASSED] - Object: 'Object Repository/FDR-Draw/SCOBalances/updateFundBalanceInputText11' is clicked on

2020-09-16 09:46:27 - [MESSAGE][INFO] - Unable to find the element located by 'By.xpath: //*[@data-id='button-link']//*[contains(text(),'Create New Voucher')]'. Please recheck the objects properties to make sure the desired element is located. 

2020-09-16 09:46:27 - [MESSAGE][WARNING] - Object 'Object Repository/FDR-Dashboard/createNewVoucherButton' is not present after 1 second(s)

2020-09-16 09:46:27 - [MESSAGE][PASSED] - Text '0' is set on object 'Object Repository/FDR-Draw/SCOBalances/inputTextBalance11'

2020-09-16 09:46:29 - [MESSAGE][INFO] - Unable to find the element located by 'By.xpath: //*[@data-id='button-link']//*[contains(text(),'Create New Voucher')]'. Please recheck the objects properties to make sure the desired element is located. 

2020-09-16 09:46:29 - [MESSAGE][WARNING] - Object 'Object Repository/FDR-Dashboard/createNewVoucherButton' is not present after 1 second(s)

2020-09-16 09:46:30 - [MESSAGE][PASSED] - Object: 'Object Repository/FDR-Draw/SCOBalances/updateFundBalanceInputText12' is clicked on

2020-09-16 09:46:32 - [MESSAGE][INFO] - Unable to find the element located by 'By.xpath: //*[@data-id='button-link']//*[contains(text(),'Create New Voucher')]'. Please recheck the objects properties to make sure the desired element is located. 

2020-09-16 09:46:32 - [MESSAGE][WARNING] - Object 'Object Repository/FDR-Dashboard/createNewVoucherButton' is not present after 1 second(s)

2020-09-16 09:46:32 - [MESSAGE][PASSED] - Text '0' is set on object 'Object Repository/FDR-Draw/SCOBalances/inputTextBalance12'

2020-09-16 09:46:35 - [MESSAGE][INFO] - Unable to find the element located by 'By.xpath: //*[@data-id='button-link']//*[contains(text(),'Create New Voucher')]'. Please recheck the objects properties to make sure the desired element is located. 

2020-09-16 09:46:35 - [MESSAGE][WARNING] - Object 'Object Repository/FDR-Dashboard/createNewVoucherButton' is not present after 1 second(s)

2020-09-16 09:46:35 - [MESSAGE][PASSED] - Object: 'Object Repository/FDR-Draw/SCOBalances/updateFundBalanceInputText13' is clicked on

2020-09-16 09:46:37 - [MESSAGE][INFO] - Unable to find the element located by 'By.xpath: //*[@data-id='button-link']//*[contains(text(),'Create New Voucher')]'. Please recheck the objects properties to make sure the desired element is located. 

2020-09-16 09:46:37 - [MESSAGE][WARNING] - Object 'Object Repository/FDR-Dashboard/createNewVoucherButton' is not present after 1 second(s)

2020-09-16 09:46:37 - [MESSAGE][PASSED] - Text '0' is set on object 'Object Repository/FDR-Draw/SCOBalances/inputTextBalance13'

2020-09-16 09:46:40 - [MESSAGE][INFO] - Unable to find the element located by 'By.xpath: //*[@data-id='button-link']//*[contains(text(),'Create New Voucher')]'. Please recheck the objects properties to make sure the desired element is located. 

2020-09-16 09:46:40 - [MESSAGE][WARNING] - Object 'Object Repository/FDR-Dashboard/createNewVoucherButton' is not present after 1 second(s)

2020-09-16 09:46:40 - [MESSAGE][PASSED] - Object: 'Object Repository/FDR-Draw/SCOBalances/updateFundBalanceInputText14' is clicked on

2020-09-16 09:46:42 - [MESSAGE][INFO] - Unable to find the element located by 'By.xpath: //*[@data-id='button-link']//*[contains(text(),'Create New Voucher')]'. Please recheck the objects properties to make sure the desired element is located. 

2020-09-16 09:46:42 - [MESSAGE][WARNING] - Object 'Object Repository/FDR-Dashboard/createNewVoucherButton' is not present after 1 second(s)

2020-09-16 09:46:43 - [MESSAGE][PASSED] - Text '0' is set on object 'Object Repository/FDR-Draw/SCOBalances/inputTextBalance14'

2020-09-16 09:46:45 - [MESSAGE][INFO] - Unable to find the element located by 'By.xpath: //*[@data-id='button-link']//*[contains(text(),'Create New Voucher')]'. Please recheck the objects properties to make sure the desired element is located. 

2020-09-16 09:46:45 - [MESSAGE][WARNING] - Object 'Object Repository/FDR-Dashboard/createNewVoucherButton' is not present after 1 second(s)

2020-09-16 09:46:48 - [MESSAGE][INFO] - Unable to find the element located by 'By.xpath: (//*[@data-id='button-link' ]//*[contains(text(),'Reconcile')])[1]'. Please recheck the objects properties to make sure the desired element is located. 

2020-09-16 09:46:48 - [MESSAGE][WARNING] - Object 'Object Repository/FDR-Draw/reconcileButton' is not present after 2 second(s)

2020-09-16 09:46:48 - [MESSAGE][PASSED] - Object: 'Object Repository/FDR-Draw/SCOBalances/saveFundBalanceButton' is clicked on

2020-09-16 09:46:51 - [MESSAGE][INFO] - Unable to find the element located by 'By.xpath: (//*[@data-id='button-link' ]//*[contains(text(),'Reconcile')])[1]'. Please recheck the objects properties to make sure the desired element is located. 

2020-09-16 09:46:51 - [MESSAGE][WARNING] - Object 'Object Repository/FDR-Draw/reconcileButton' is not present after 2 second(s)

2020-09-16 09:46:54 - [MESSAGE][PASSED] - Object: 'Object Repository/FDR-Draw/SCOBalances/buttonUpdateSCO' is clicked on

2020-09-16 09:46:57 - [MESSAGE][INFO] - Unable to find the element located by 'By.xpath: (//*[@data-id='button-link' ]//*[contains(text(),'Reconcile')])[1]'. Please recheck the objects properties to make sure the desired element is located. 

2020-09-16 09:46:57 - [MESSAGE][WARNING] - Object 'Object Repository/FDR-Draw/reconcileButton' is not present after 2 second(s)

2020-09-16 09:46:57 - [MESSAGE][PASSED] - Object 'Object Repository//FDR-Draw/SCOBalances/lastUpdatedText' is present

2020-09-16 09:47:00 - [MESSAGE][INFO] - Unable to find the element located by 'By.xpath: (//*[@data-id='button-link' ]//*[contains(text(),'Reconcile')])[1]'. Please recheck the objects properties to make sure the desired element is located. 

2020-09-16 09:47:00 - [MESSAGE][WARNING] - Object 'Object Repository/FDR-Draw/reconcileButton' is not present after 2 second(s)

2020-09-16 09:47:02 - [MESSAGE][PASSED] - Object: 'Object Repository/FDR-Draw/SCOBalances/scoCancelButton' is clicked on

2020-09-16 09:47:05 - [MESSAGE][INFO] - Unable to find the element located by 'By.xpath: (//*[@data-id='button-link' ]//*[contains(text(),'Reconcile')])[1]'. Please recheck the objects properties to make sure the desired element is located. 

2020-09-16 09:47:05 - [MESSAGE][WARNING] - Object 'Object Repository/FDR-Draw/reconcileButton' is not present after 2 second(s)

2020-09-16 09:47:05 - [TEST_STEP][PASSED] - scoBalanceStatus = 1: null

2020-09-16 09:47:05 - [TEST_STEP][PASSED] - scoBalanceIconStatus = getCSSValue(findTestObject("Object Repository/FDR-Draw/reviewScreen/scoBalanceVerifiedIcon"), "color"): Get CSS 'color' value on 'Object Repository/FDR-Draw/reviewScreen/scoBalanceVerifiedIcon' successfully: 'rgba(71, 185, 112, 1)'.

2020-09-16 09:47:06 - [MESSAGE][PASSED] - Get CSS 'color' value on 'Object Repository/FDR-Draw/reviewScreen/scoBalanceVerifiedIcon' successfully: 'rgba(71, 185, 112, 1)'.

2020-09-16 09:47:06 - [TEST_STEP][PASSED] - if (scoBalanceIconStatus != greenRGBValue): null

2020-09-16 09:47:06 - [TEST_STEP][PASSED] - scoBalanceStatus = 1: null

2020-09-16 09:47:06 - [TEST_STEP][PASSED] - scoEndingBalanceTextColor = getCSSValue(findTestObject("FDR-Draw/SCOBalances/scoEndingBalanceText"), "color"): Get CSS 'color' value on 'Object Repository/FDR-Draw/SCOBalances/scoEndingBalanceText' successfully: 'rgba(190, 71, 39, 1)'.

2020-09-16 09:47:06 - [MESSAGE][PASSED] - Get CSS 'color' value on 'Object Repository/FDR-Draw/SCOBalances/scoEndingBalanceText' successfully: 'rgba(190, 71, 39, 1)'.

2020-09-16 09:47:06 - [TEST_STEP][PASSED] - if (scoEndingBalanceTextColor != redRGBValue): null

2020-09-16 09:47:06 - [TEST_STEP][PASSED] - click(findTestObject("FDR-Draw/SCOBalances/overDrawFundsButton")): Object: 'Object Repository/FDR-Draw/SCOBalances/overDrawFundsButton' is clicked on

2020-09-16 09:47:06 - [MESSAGE][PASSED] - Object: 'Object Repository/FDR-Draw/SCOBalances/overDrawFundsButton' is clicked on

2020-09-16 09:47:06 - [TEST_STEP][PASSED] - waitForElementPresent(findTestObject("FDR-Dashboard/createNewVoucherButton"), 2): Object 'Object Repository/FDR-Dashboard/createNewVoucherButton' is not present after 2 second(s)

2020-09-16 09:47:09 - [MESSAGE][INFO] - Unable to find the element located by 'By.xpath: //*[@data-id='button-link']//*[contains(text(),'Create New Voucher')]'. Please recheck the objects properties to make sure the desired element is located. 

2020-09-16 09:47:09 - [MESSAGE][WARNING] - Object 'Object Repository/FDR-Dashboard/createNewVoucherButton' is not present after 2 second(s)

2020-09-16 09:47:09 - [TEST_STEP][PASSED] - Uifunctions.updateSCOBalances("1000000"): Object 'Object Repository/FDR-Draw/reconcileButton' is not present after 2 second(s)

2020-09-16 09:47:15 - [MESSAGE][INFO] - Unable to find the element located by 'By.xpath: //*[@data-id='button-link']//*[contains(text(),'Create New Voucher')]'. Please recheck the objects properties to make sure the desired element is located. 

2020-09-16 09:47:15 - [MESSAGE][WARNING] - Object 'Object Repository/FDR-Dashboard/createNewVoucherButton' is not present after 4 second(s)

2020-09-16 09:47:16 - [MESSAGE][PASSED] - Object: 'Object Repository/FDR-Draw/SCOBalances/buttonUpdateSCO' is clicked on

2020-09-16 09:47:19 - [MESSAGE][PASSED] - Delayed 3 second(s)

2020-09-16 09:47:19 - [MESSAGE][PASSED] - Object: 'Object Repository/FDR-Draw/SCOBalances/updateFundBalanceInputText1' is clicked on

2020-09-16 09:47:21 - [MESSAGE][INFO] - Unable to find the element located by 'By.xpath: //*[@data-id='button-link']//*[contains(text(),'Create New Voucher')]'. Please recheck the objects properties to make sure the desired element is located. 

2020-09-16 09:47:21 - [MESSAGE][WARNING] - Object 'Object Repository/FDR-Dashboard/createNewVoucherButton' is not present after 1 second(s)

2020-09-16 09:47:22 - [MESSAGE][PASSED] - Text '120' is set on object 'Object Repository/FDR-Draw/SCOBalances/inputTextBalance1'

2020-09-16 09:47:22 - [MESSAGE][PASSED] - Object: 'Object Repository/FDR-Draw/SCOBalances/balanceUnchanged1' is clicked on

2020-09-16 09:47:23 - [MESSAGE][PASSED] - Object: 'Object Repository/FDR-Draw/SCOBalances/balanceUnchanged1' is clicked on

2020-09-16 09:47:23 - [MESSAGE][PASSED] - Object: 'Object Repository/FDR-Draw/SCOBalances/updateFundBalanceInputText1' is clicked on

2020-09-16 09:47:25 - [MESSAGE][INFO] - Unable to find the element located by 'By.xpath: //*[@data-id='button-link']//*[contains(text(),'Create New Voucher')]'. Please recheck the objects properties to make sure the desired element is located. 

2020-09-16 09:47:25 - [MESSAGE][WARNING] - Object 'Object Repository/FDR-Dashboard/createNewVoucherButton' is not present after 1 second(s)

2020-09-16 09:47:26 - [MESSAGE][PASSED] - Text '1000000' is set on object 'Object Repository/FDR-Draw/SCOBalances/inputTextBalance1'

2020-09-16 09:47:28 - [MESSAGE][INFO] - Unable to find the element located by 'By.xpath: //*[@data-id='button-link']//*[contains(text(),'Create New Voucher')]'. Please recheck the objects properties to make sure the desired element is located. 

2020-09-16 09:47:28 - [MESSAGE][WARNING] - Object 'Object Repository/FDR-Dashboard/createNewVoucherButton' is not present after 1 second(s)

2020-09-16 09:47:28 - [MESSAGE][PASSED] - Object: 'Object Repository/FDR-Draw/SCOBalances/updateFundBalanceInputText2' is clicked on

2020-09-16 09:47:30 - [MESSAGE][INFO] - Unable to find the element located by 'By.xpath: //*[@data-id='button-link']//*[contains(text(),'Create New Voucher')]'. Please recheck the objects properties to make sure the desired element is located. 

2020-09-16 09:47:30 - [MESSAGE][WARNING] - Object 'Object Repository/FDR-Dashboard/createNewVoucherButton' is not present after 1 second(s)

2020-09-16 09:47:31 - [MESSAGE][PASSED] - Text '1000000' is set on object 'Object Repository/FDR-Draw/SCOBalances/inputTextBalance2'

2020-09-16 09:47:33 - [MESSAGE][INFO] - Unable to find the element located by 'By.xpath: //*[@data-id='button-link']//*[contains(text(),'Create New Voucher')]'. Please recheck the objects properties to make sure the desired element is located. 

2020-09-16 09:47:33 - [MESSAGE][WARNING] - Object 'Object Repository/FDR-Dashboard/createNewVoucherButton' is not present after 1 second(s)

2020-09-16 09:47:34 - [MESSAGE][PASSED] - Object: 'Object Repository/FDR-Draw/SCOBalances/updateFundBalanceInputText3' is clicked on

2020-09-16 09:47:36 - [MESSAGE][INFO] - Unable to find the element located by 'By.xpath: //*[@data-id='button-link']//*[contains(text(),'Create New Voucher')]'. Please recheck the objects properties to make sure the desired element is located. 

2020-09-16 09:47:36 - [MESSAGE][WARNING] - Object 'Object Repository/FDR-Dashboard/createNewVoucherButton' is not present after 1 second(s)

2020-09-16 09:47:36 - [MESSAGE][PASSED] - Text '1000000' is set on object 'Object Repository/FDR-Draw/SCOBalances/inputTextBalance3'

2020-09-16 09:47:39 - [MESSAGE][INFO] - Unable to find the element located by 'By.xpath: //*[@data-id='button-link']//*[contains(text(),'Create New Voucher')]'. Please recheck the objects properties to make sure the desired element is located. 

2020-09-16 09:47:39 - [MESSAGE][WARNING] - Object 'Object Repository/FDR-Dashboard/createNewVoucherButton' is not present after 1 second(s)

2020-09-16 09:47:39 - [MESSAGE][PASSED] - Object: 'Object Repository/FDR-Draw/SCOBalances/updateFundBalanceInputText4' is clicked on

2020-09-16 09:47:41 - [MESSAGE][INFO] - Unable to find the element located by 'By.xpath: //*[@data-id='button-link']//*[contains(text(),'Create New Voucher')]'. Please recheck the objects properties to make sure the desired element is located. 

2020-09-16 09:47:41 - [MESSAGE][WARNING] - Object 'Object Repository/FDR-Dashboard/createNewVoucherButton' is not present after 1 second(s)

2020-09-16 09:47:42 - [MESSAGE][PASSED] - Text '1000000' is set on object 'Object Repository/FDR-Draw/SCOBalances/inputTextBalance4'

2020-09-16 09:47:45 - [MESSAGE][INFO] - Unable to find the element located by 'By.xpath: //*[@data-id='button-link']//*[contains(text(),'Create New Voucher')]'. Please recheck the objects properties to make sure the desired element is located. 

2020-09-16 09:47:45 - [MESSAGE][WARNING] - Object 'Object Repository/FDR-Dashboard/createNewVoucherButton' is not present after 1 second(s)

2020-09-16 09:47:45 - [MESSAGE][PASSED] - Object: 'Object Repository/FDR-Draw/SCOBalances/updateFundBalanceInputText5' is clicked on

2020-09-16 09:47:47 - [MESSAGE][INFO] - Unable to find the element located by 'By.xpath: //*[@data-id='button-link']//*[contains(text(),'Create New Voucher')]'. Please recheck the objects properties to make sure the desired element is located. 

2020-09-16 09:47:47 - [MESSAGE][WARNING] - Object 'Object Repository/FDR-Dashboard/createNewVoucherButton' is not present after 1 second(s)

2020-09-16 09:47:48 - [MESSAGE][PASSED] - Text '1000000' is set on object 'Object Repository/FDR-Draw/SCOBalances/inputTextBalance5'

2020-09-16 09:47:50 - [MESSAGE][INFO] - Unable to find the element located by 'By.xpath: //*[@data-id='button-link']//*[contains(text(),'Create New Voucher')]'. Please recheck the objects properties to make sure the desired element is located. 

2020-09-16 09:47:50 - [MESSAGE][WARNING] - Object 'Object Repository/FDR-Dashboard/createNewVoucherButton' is not present after 1 second(s)

2020-09-16 09:47:50 - [MESSAGE][PASSED] - Object: 'Object Repository/FDR-Draw/SCOBalances/updateFundBalanceInputText6' is clicked on

2020-09-16 09:47:52 - [MESSAGE][INFO] - Unable to find the element located by 'By.xpath: //*[@data-id='button-link']//*[contains(text(),'Create New Voucher')]'. Please recheck the objects properties to make sure the desired element is located. 

2020-09-16 09:47:52 - [MESSAGE][WARNING] - Object 'Object Repository/FDR-Dashboard/createNewVoucherButton' is not present after 1 second(s)

2020-09-16 09:47:53 - [MESSAGE][PASSED] - Text '1000000' is set on object 'Object Repository/FDR-Draw/SCOBalances/inputTextBalance6'

2020-09-16 09:47:55 - [MESSAGE][INFO] - Unable to find the element located by 'By.xpath: //*[@data-id='button-link']//*[contains(text(),'Create New Voucher')]'. Please recheck the objects properties to make sure the desired element is located. 

2020-09-16 09:47:55 - [MESSAGE][WARNING] - Object 'Object Repository/FDR-Dashboard/createNewVoucherButton' is not present after 1 second(s)

2020-09-16 09:47:55 - [MESSAGE][PASSED] - Object: 'Object Repository/FDR-Draw/SCOBalances/updateFundBalanceInputText7' is clicked on

2020-09-16 09:47:58 - [MESSAGE][INFO] - Unable to find the element located by 'By.xpath: //*[@data-id='button-link']//*[contains(text(),'Create New Voucher')]'. Please recheck the objects properties to make sure the desired element is located. 

2020-09-16 09:47:58 - [MESSAGE][WARNING] - Object 'Object Repository/FDR-Dashboard/createNewVoucherButton' is not present after 1 second(s)

2020-09-16 09:47:58 - [MESSAGE][PASSED] - Text '1000000' is set on object 'Object Repository/FDR-Draw/SCOBalances/inputTextBalance7'

2020-09-16 09:48:00 - [MESSAGE][INFO] - Unable to find the element located by 'By.xpath: //*[@data-id='button-link']//*[contains(text(),'Create New Voucher')]'. Please recheck the objects properties to make sure the desired element is located. 

2020-09-16 09:48:00 - [MESSAGE][WARNING] - Object 'Object Repository/FDR-Dashboard/createNewVoucherButton' is not present after 1 second(s)

2020-09-16 09:48:01 - [MESSAGE][PASSED] - Object: 'Object Repository/FDR-Draw/SCOBalances/updateFundBalanceInputText8' is clicked on

2020-09-16 09:48:03 - [MESSAGE][INFO] - Unable to find the element located by 'By.xpath: //*[@data-id='button-link']//*[contains(text(),'Create New Voucher')]'. Please recheck the objects properties to make sure the desired element is located. 

2020-09-16 09:48:03 - [MESSAGE][WARNING] - Object 'Object Repository/FDR-Dashboard/createNewVoucherButton' is not present after 1 second(s)

2020-09-16 09:48:04 - [MESSAGE][PASSED] - Text '1000000' is set on object 'Object Repository/FDR-Draw/SCOBalances/inputTextBalance8'

2020-09-16 09:48:06 - [MESSAGE][INFO] - Unable to find the element located by 'By.xpath: //*[@data-id='button-link']//*[contains(text(),'Create New Voucher')]'. Please recheck the objects properties to make sure the desired element is located. 

2020-09-16 09:48:06 - [MESSAGE][WARNING] - Object 'Object Repository/FDR-Dashboard/createNewVoucherButton' is not present after 1 second(s)

2020-09-16 09:48:06 - [MESSAGE][PASSED] - Object: 'Object Repository/FDR-Draw/SCOBalances/updateFundBalanceInputText9' is clicked on

2020-09-16 09:48:08 - [MESSAGE][INFO] - Unable to find the element located by 'By.xpath: //*[@data-id='button-link']//*[contains(text(),'Create New Voucher')]'. Please recheck the objects properties to make sure the desired element is located. 

2020-09-16 09:48:08 - [MESSAGE][WARNING] - Object 'Object Repository/FDR-Dashboard/createNewVoucherButton' is not present after 1 second(s)

2020-09-16 09:48:09 - [MESSAGE][PASSED] - Text '1000000' is set on object 'Object Repository/FDR-Draw/SCOBalances/inputTextBalance9'

2020-09-16 09:48:11 - [MESSAGE][INFO] - Unable to find the element located by 'By.xpath: //*[@data-id='button-link']//*[contains(text(),'Create New Voucher')]'. Please recheck the objects properties to make sure the desired element is located. 

2020-09-16 09:48:11 - [MESSAGE][WARNING] - Object 'Object Repository/FDR-Dashboard/createNewVoucherButton' is not present after 1 second(s)

2020-09-16 09:48:11 - [MESSAGE][PASSED] - Object: 'Object Repository/FDR-Draw/SCOBalances/updateFundBalanceInputText10' is clicked on

2020-09-16 09:48:14 - [MESSAGE][INFO] - Unable to find the element located by 'By.xpath: //*[@data-id='button-link']//*[contains(text(),'Create New Voucher')]'. Please recheck the objects properties to make sure the desired element is located. 

2020-09-16 09:48:14 - [MESSAGE][WARNING] - Object 'Object Repository/FDR-Dashboard/createNewVoucherButton' is not present after 1 second(s)

2020-09-16 09:48:15 - [MESSAGE][PASSED] - Text '1000000' is set on object 'Object Repository/FDR-Draw/SCOBalances/inputTextBalance10'

2020-09-16 09:48:17 - [MESSAGE][INFO] - Unable to find the element located by 'By.xpath: //*[@data-id='button-link']//*[contains(text(),'Create New Voucher')]'. Please recheck the objects properties to make sure the desired element is located. 

2020-09-16 09:48:17 - [MESSAGE][WARNING] - Object 'Object Repository/FDR-Dashboard/createNewVoucherButton' is not present after 1 second(s)

2020-09-16 09:48:17 - [MESSAGE][PASSED] - Object: 'Object Repository/FDR-Draw/SCOBalances/updateFundBalanceInputText11' is clicked on

2020-09-16 09:48:19 - [MESSAGE][INFO] - Unable to find the element located by 'By.xpath: //*[@data-id='button-link']//*[contains(text(),'Create New Voucher')]'. Please recheck the objects properties to make sure the desired element is located. 

2020-09-16 09:48:19 - [MESSAGE][WARNING] - Object 'Object Repository/FDR-Dashboard/createNewVoucherButton' is not present after 1 second(s)

2020-09-16 09:48:20 - [MESSAGE][PASSED] - Text '1000000' is set on object 'Object Repository/FDR-Draw/SCOBalances/inputTextBalance11'

2020-09-16 09:48:22 - [MESSAGE][INFO] - Unable to find the element located by 'By.xpath: //*[@data-id='button-link']//*[contains(text(),'Create New Voucher')]'. Please recheck the objects properties to make sure the desired element is located. 

2020-09-16 09:48:22 - [MESSAGE][WARNING] - Object 'Object Repository/FDR-Dashboard/createNewVoucherButton' is not present after 1 second(s)

2020-09-16 09:48:23 - [MESSAGE][PASSED] - Object: 'Object Repository/FDR-Draw/SCOBalances/updateFundBalanceInputText12' is clicked on

2020-09-16 09:48:25 - [MESSAGE][INFO] - Unable to find the element located by 'By.xpath: //*[@data-id='button-link']//*[contains(text(),'Create New Voucher')]'. Please recheck the objects properties to make sure the desired element is located. 

2020-09-16 09:48:25 - [MESSAGE][WARNING] - Object 'Object Repository/FDR-Dashboard/createNewVoucherButton' is not present after 1 second(s)

2020-09-16 09:48:25 - [MESSAGE][PASSED] - Text '1000000' is set on object 'Object Repository/FDR-Draw/SCOBalances/inputTextBalance12'

2020-09-16 09:48:28 - [MESSAGE][INFO] - Unable to find the element located by 'By.xpath: //*[@data-id='button-link']//*[contains(text(),'Create New Voucher')]'. Please recheck the objects properties to make sure the desired element is located. 

2020-09-16 09:48:28 - [MESSAGE][WARNING] - Object 'Object Repository/FDR-Dashboard/createNewVoucherButton' is not present after 1 second(s)

2020-09-16 09:48:28 - [MESSAGE][PASSED] - Object: 'Object Repository/FDR-Draw/SCOBalances/updateFundBalanceInputText13' is clicked on

2020-09-16 09:48:30 - [MESSAGE][INFO] - Unable to find the element located by 'By.xpath: //*[@data-id='button-link']//*[contains(text(),'Create New Voucher')]'. Please recheck the objects properties to make sure the desired element is located. 

2020-09-16 09:48:30 - [MESSAGE][WARNING] - Object 'Object Repository/FDR-Dashboard/createNewVoucherButton' is not present after 1 second(s)

2020-09-16 09:48:31 - [MESSAGE][PASSED] - Text '1000000' is set on object 'Object Repository/FDR-Draw/SCOBalances/inputTextBalance13'

2020-09-16 09:48:33 - [MESSAGE][INFO] - Unable to find the element located by 'By.xpath: //*[@data-id='button-link']//*[contains(text(),'Create New Voucher')]'. Please recheck the objects properties to make sure the desired element is located. 

2020-09-16 09:48:33 - [MESSAGE][WARNING] - Object 'Object Repository/FDR-Dashboard/createNewVoucherButton' is not present after 1 second(s)

2020-09-16 09:48:33 - [MESSAGE][PASSED] - Object: 'Object Repository/FDR-Draw/SCOBalances/updateFundBalanceInputText14' is clicked on

2020-09-16 09:48:35 - [MESSAGE][INFO] - Unable to find the element located by 'By.xpath: //*[@data-id='button-link']//*[contains(text(),'Create New Voucher')]'. Please recheck the objects properties to make sure the desired element is located. 

2020-09-16 09:48:35 - [MESSAGE][WARNING] - Object 'Object Repository/FDR-Dashboard/createNewVoucherButton' is not present after 1 second(s)

2020-09-16 09:48:36 - [MESSAGE][PASSED] - Text '1000000' is set on object 'Object Repository/FDR-Draw/SCOBalances/inputTextBalance14'

2020-09-16 09:48:38 - [MESSAGE][INFO] - Unable to find the element located by 'By.xpath: //*[@data-id='button-link']//*[contains(text(),'Create New Voucher')]'. Please recheck the objects properties to make sure the desired element is located. 

2020-09-16 09:48:38 - [MESSAGE][WARNING] - Object 'Object Repository/FDR-Dashboard/createNewVoucherButton' is not present after 1 second(s)

2020-09-16 09:48:41 - [MESSAGE][INFO] - Unable to find the element located by 'By.xpath: (//*[@data-id='button-link' ]//*[contains(text(),'Reconcile')])[1]'. Please recheck the objects properties to make sure the desired element is located. 

2020-09-16 09:48:41 - [MESSAGE][WARNING] - Object 'Object Repository/FDR-Draw/reconcileButton' is not present after 2 second(s)

2020-09-16 09:48:42 - [MESSAGE][PASSED] - Object: 'Object Repository/FDR-Draw/SCOBalances/saveFundBalanceButton' is clicked on

2020-09-16 09:48:45 - [MESSAGE][INFO] - Unable to find the element located by 'By.xpath: (//*[@data-id='button-link' ]//*[contains(text(),'Reconcile')])[1]'. Please recheck the objects properties to make sure the desired element is located. 

2020-09-16 09:48:45 - [MESSAGE][WARNING] - Object 'Object Repository/FDR-Draw/reconcileButton' is not present after 2 second(s)

2020-09-16 09:48:47 - [MESSAGE][PASSED] - Object: 'Object Repository/FDR-Draw/SCOBalances/buttonUpdateSCO' is clicked on

2020-09-16 09:48:50 - [MESSAGE][INFO] - Unable to find the element located by 'By.xpath: (//*[@data-id='button-link' ]//*[contains(text(),'Reconcile')])[1]'. Please recheck the objects properties to make sure the desired element is located. 

2020-09-16 09:48:50 - [MESSAGE][WARNING] - Object 'Object Repository/FDR-Draw/reconcileButton' is not present after 2 second(s)

2020-09-16 09:48:50 - [MESSAGE][PASSED] - Object 'Object Repository//FDR-Draw/SCOBalances/lastUpdatedText' is present

2020-09-16 09:48:53 - [MESSAGE][INFO] - Unable to find the element located by 'By.xpath: (//*[@data-id='button-link' ]//*[contains(text(),'Reconcile')])[1]'. Please recheck the objects properties to make sure the desired element is located. 

2020-09-16 09:48:53 - [MESSAGE][WARNING] - Object 'Object Repository/FDR-Draw/reconcileButton' is not present after 2 second(s)

2020-09-16 09:48:55 - [MESSAGE][PASSED] - Object: 'Object Repository/FDR-Draw/SCOBalances/scoCancelButton' is clicked on

2020-09-16 09:48:58 - [MESSAGE][INFO] - Unable to find the element located by 'By.xpath: (//*[@data-id='button-link' ]//*[contains(text(),'Reconcile')])[1]'. Please recheck the objects properties to make sure the desired element is located. 

2020-09-16 09:48:58 - [MESSAGE][WARNING] - Object 'Object Repository/FDR-Draw/reconcileButton' is not present after 2 second(s)

2020-09-16 09:48:58 - [TEST_STEP][PASSED] - waitForElementPresent(findTestObject("FDR-Dashboard/createNewVoucherButton"), 2): Object 'Object Repository/FDR-Dashboard/createNewVoucherButton' is not present after 2 second(s)

2020-09-16 09:49:01 - [MESSAGE][INFO] - Unable to find the element located by 'By.xpath: //*[@data-id='button-link']//*[contains(text(),'Create New Voucher')]'. Please recheck the objects properties to make sure the desired element is located. 

2020-09-16 09:49:01 - [MESSAGE][WARNING] - Object 'Object Repository/FDR-Dashboard/createNewVoucherButton' is not present after 2 second(s)

2020-09-16 09:49:01 - [TEST_STEP][PASSED] - postDrawBalanceIconStatus = getCSSValue(findTestObject("Object Repository/FDR-Draw/reviewScreen/postDrawBalanceSafeIcon"), "color"): Get CSS 'color' value on 'Object Repository/FDR-Draw/reviewScreen/postDrawBalanceSafeIcon' successfully: 'rgba(71, 185, 112, 1)'.

2020-09-16 09:49:02 - [MESSAGE][PASSED] - Get CSS 'color' value on 'Object Repository/FDR-Draw/reviewScreen/postDrawBalanceSafeIcon' successfully: 'rgba(71, 185, 112, 1)'.

2020-09-16 09:49:02 - [TEST_STEP][PASSED] - if (postDrawBalanceIconStatus == grayRGBValue): null

2020-09-16 09:49:02 - [TEST_STEP][PASSED] - else if (postDrawBalanceIconStatus == greenRGBValue): null

2020-09-16 09:49:02 - [TEST_STEP][PASSED] - postDrawBalancesStatus = 1: null

2020-09-16 09:49:02 - [TEST_STEP][PASSED] - expdThumbsUpColor = getCSSValue(findTestObject("Object Repository/FDR-Draw/reviewScreen/expenditureThumsUpButton"), "color"): Get CSS 'color' value on 'Object Repository/FDR-Draw/reviewScreen/expenditureThumsUpButton' successfully: 'rgba(190, 194, 199, 1)'.

2020-09-16 09:49:02 - [MESSAGE][PASSED] - Get CSS 'color' value on 'Object Repository/FDR-Draw/reviewScreen/expenditureThumsUpButton' successfully: 'rgba(190, 194, 199, 1)'.

2020-09-16 09:49:02 - [TEST_STEP][PASSED] - if (expdThumbsUpColor == grayRGBValue): Object 'Object Repository/FDR-Dashboard/createNewVoucherButton' is not present after 2 second(s)

2020-09-16 09:49:02 - [TEST_STEP][PASSED] - click(findTestObject("Object Repository/FDR-Draw/reviewScreen/expenditureThumsUpButton")): Object: 'Object Repository/FDR-Draw/reviewScreen/expenditureThumsUpButton' is clicked on

2020-09-16 09:49:02 - [MESSAGE][PASSED] - Object: 'Object Repository/FDR-Draw/reviewScreen/expenditureThumsUpButton' is clicked on

2020-09-16 09:49:02 - [TEST_STEP][PASSED] - waitForElementPresent(findTestObject("FDR-Dashboard/createNewVoucherButton"), 2): Object 'Object Repository/FDR-Dashboard/createNewVoucherButton' is not present after 2 second(s)

2020-09-16 09:49:06 - [MESSAGE][INFO] - Unable to find the element located by 'By.xpath: //*[@data-id='button-link']//*[contains(text(),'Create New Voucher')]'. Please recheck the objects properties to make sure the desired element is located. 

2020-09-16 09:49:06 - [MESSAGE][WARNING] - Object 'Object Repository/FDR-Dashboard/createNewVoucherButton' is not present after 2 second(s)

2020-09-16 09:49:06 - [TEST_STEP][PASSED] - recpThumbsUpColor = getCSSValue(findTestObject("Object Repository/FDR-Draw/reviewScreen/receiptsThumbsUpButton"), "color"): Get CSS 'color' value on 'Object Repository/FDR-Draw/reviewScreen/receiptsThumbsUpButton' successfully: 'rgba(190, 194, 199, 1)'.

2020-09-16 09:49:06 - [MESSAGE][PASSED] - Get CSS 'color' value on 'Object Repository/FDR-Draw/reviewScreen/receiptsThumbsUpButton' successfully: 'rgba(190, 194, 199, 1)'.

2020-09-16 09:49:06 - [TEST_STEP][PASSED] - if (recpThumbsUpColor == grayRGBValue): Object 'Object Repository/FDR-Dashboard/createNewVoucherButton' is not present after 2 second(s)

2020-09-16 09:49:06 - [TEST_STEP][PASSED] - click(findTestObject("Object Repository/FDR-Draw/reviewScreen/receiptsThumbsUpButton")): Object: 'Object Repository/FDR-Draw/reviewScreen/receiptsThumbsUpButton' is clicked on

2020-09-16 09:49:06 - [MESSAGE][PASSED] - Object: 'Object Repository/FDR-Draw/reviewScreen/receiptsThumbsUpButton' is clicked on

2020-09-16 09:49:06 - [TEST_STEP][PASSED] - waitForElementPresent(findTestObject("FDR-Dashboard/createNewVoucherButton"), 2): Object 'Object Repository/FDR-Dashboard/createNewVoucherButton' is not present after 2 second(s)

2020-09-16 09:49:09 - [MESSAGE][INFO] - Unable to find the element located by 'By.xpath: //*[@data-id='button-link']//*[contains(text(),'Create New Voucher')]'. Please recheck the objects properties to make sure the desired element is located. 

2020-09-16 09:49:09 - [MESSAGE][WARNING] - Object 'Object Repository/FDR-Dashboard/createNewVoucherButton' is not present after 2 second(s)

2020-09-16 09:49:09 - [TEST_STEP][PASSED] - documenAmountIconStatus = getCSSValue(findTestObject("Object Repository/FDR-Draw/reviewScreen/documentsAmountVerified"), "color"): Get CSS 'color' value on 'Object Repository/FDR-Draw/reviewScreen/documentsAmountVerified' successfully: 'rgba(71, 185, 112, 1)'.

2020-09-16 09:49:10 - [MESSAGE][PASSED] - Get CSS 'color' value on 'Object Repository/FDR-Draw/reviewScreen/documentsAmountVerified' successfully: 'rgba(71, 185, 112, 1)'.

2020-09-16 09:49:10 - [TEST_STEP][PASSED] - if (documenAmountIconStatus == grayRGBValue): null

2020-09-16 09:49:10 - [TEST_STEP][PASSED] - documentAmountsStatus = 1: null

2020-09-16 09:49:10 - [TEST_STEP][PASSED] - waitForElementPresent(findTestObject("FDR-Dashboard/createNewVoucherButton"), 1): Object 'Object Repository/FDR-Dashboard/createNewVoucherButton' is not present after 1 second(s)

2020-09-16 09:49:12 - [MESSAGE][INFO] - Unable to find the element located by 'By.xpath: //*[@data-id='button-link']//*[contains(text(),'Create New Voucher')]'. Please recheck the objects properties to make sure the desired element is located. 

2020-09-16 09:49:12 - [MESSAGE][WARNING] - Object 'Object Repository/FDR-Dashboard/createNewVoucherButton' is not present after 1 second(s)

2020-09-16 09:49:12 - [TEST_STEP][PASSED] - click(findTestObject("Object Repository/FDR-Draw/reviewScreen/closedIcon")): Object: 'Object Repository/FDR-Draw/reviewScreen/closedIcon' is clicked on

2020-09-16 09:49:12 - [MESSAGE][PASSED] - Object: 'Object Repository/FDR-Draw/reviewScreen/closedIcon' is clicked on

2020-09-16 09:49:12 - [TEST_STEP][PASSED] - waitForElementPresent(findTestObject("FDR-Dashboard/createNewVoucherButton"), 1): Object 'Object Repository/FDR-Dashboard/createNewVoucherButton' is not present after 1 second(s)

2020-09-16 09:49:15 - [MESSAGE][INFO] - Unable to find the element located by 'By.xpath: //*[@data-id='button-link']//*[contains(text(),'Create New Voucher')]'. Please recheck the objects properties to make sure the desired element is located. 

2020-09-16 09:49:15 - [MESSAGE][WARNING] - Object 'Object Repository/FDR-Dashboard/createNewVoucherButton' is not present after 1 second(s)

2020-09-16 09:49:15 - [TEST_STEP][PASSED] - drawClosedIconStatus = getCSSValue(findTestObject("Object Repository/FDR-Draw/reviewScreen/drawClosedIcon"), "color"): Get CSS 'color' value on 'Object Repository/FDR-Draw/reviewScreen/drawClosedIcon' successfully: 'rgba(71, 185, 112, 1)'.

2020-09-16 09:49:15 - [MESSAGE][PASSED] - Get CSS 'color' value on 'Object Repository/FDR-Draw/reviewScreen/drawClosedIcon' successfully: 'rgba(71, 185, 112, 1)'.

2020-09-16 09:49:15 - [TEST_STEP][PASSED] - if (drawClosedIconStatus != greenRGBValue): null

2020-09-16 09:49:15 - [TEST_STEP][PASSED] - drawClosed = 1: null

2020-09-16 09:49:15 - [TEST_STEP][PASSED] - if (scoBalanceStatus == 1 && documentAmountsStatus == 1 && postDrawBalancesStatus == 1 && drawClosed == 1): Object 'Object Repository/FDR-Draw/reviewScreen/reviewButton' does not have attribute 'disabled'

2020-09-16 09:49:15 - [TEST_STEP][PASSED] - verifyElementNotHasAttribute(findTestObject("Object Repository/FDR-Draw/reviewScreen/reviewButton"), "disabled", 2, STOP_ON_FAILURE): Object 'Object Repository/FDR-Draw/reviewScreen/reviewButton' does not have attribute 'disabled'

2020-09-16 09:49:15 - [MESSAGE][PASSED] - Object 'Object Repository/FDR-Draw/reviewScreen/reviewButton' does not have attribute 'disabled'

2020-09-16 09:49:15 - [TEST_STEP][PASSED] - waitForElementPresent(findTestObject("FDR-Dashboard/createNewVoucherButton"), 2): Object 'Object Repository/FDR-Dashboard/createNewVoucherButton' is not present after 2 second(s)

2020-09-16 09:49:19 - [MESSAGE][INFO] - Unable to find the element located by 'By.xpath: //*[@data-id='button-link']//*[contains(text(),'Create New Voucher')]'. Please recheck the objects properties to make sure the desired element is located. 

2020-09-16 09:49:19 - [MESSAGE][WARNING] - Object 'Object Repository/FDR-Dashboard/createNewVoucherButton' is not present after 2 second(s)

2020-09-16 09:49:19 - [TEST_STEP][PASSED] - click(findTestObject("Object Repository/FDR-Draw/reviewScreen/reviewButton")): Object: 'Object Repository/FDR-Draw/reviewScreen/reviewButton' is clicked on

2020-09-16 09:49:19 - [MESSAGE][PASSED] - Object: 'Object Repository/FDR-Draw/reviewScreen/reviewButton' is clicked on

2020-09-16 09:49:19 - [TEST_STEP][PASSED] - waitForElementPresent(findTestObject("FDR-Dashboard/createNewVoucherButton"), 2): Object 'Object Repository/FDR-Dashboard/createNewVoucherButton' is not present after 2 second(s)

2020-09-16 09:49:22 - [MESSAGE][INFO] - Unable to find the element located by 'By.xpath: //*[@data-id='button-link']//*[contains(text(),'Create New Voucher')]'. Please recheck the objects properties to make sure the desired element is located. 

2020-09-16 09:49:22 - [MESSAGE][WARNING] - Object 'Object Repository/FDR-Dashboard/createNewVoucherButton' is not present after 2 second(s)

2020-09-16 09:49:22 - [TEST_STEP][PASSED] - click(findTestObject("Object Repository/FDR-Draw/reviewScreen/submitForApproval")): Object: 'Object Repository/FDR-Draw/reviewScreen/submitForApproval' is clicked on

2020-09-16 09:49:23 - [MESSAGE][PASSED] - Object: 'Object Repository/FDR-Draw/reviewScreen/submitForApproval' is clicked on

2020-09-16 09:49:23 - [TEST_STEP][PASSED] - waitForElementPresent(findTestObject("FDR-Dashboard/createNewVoucherButton"), 2): Object 'Object Repository/FDR-Dashboard/createNewVoucherButton' is not present after 2 second(s)

2020-09-16 09:49:27 - [MESSAGE][INFO] - Unable to find the element located by 'By.xpath: //*[@data-id='button-link']//*[contains(text(),'Create New Voucher')]'. Please recheck the objects properties to make sure the desired element is located. 

2020-09-16 09:49:27 - [MESSAGE][WARNING] - Object 'Object Repository/FDR-Dashboard/createNewVoucherButton' is not present after 2 second(s)

2020-09-16 09:49:27 - [TEST_STEP][PASSED] - verifyElementPresent(findTestObject("Object Repository/FDR-Draw/reviewScreen/validateButton"), 2): Object 'Object Repository/FDR-Draw/reviewScreen/validateButton' is present

2020-09-16 09:49:27 - [MESSAGE][PASSED] - Object 'Object Repository/FDR-Draw/reviewScreen/validateButton' is present

2020-09-16 09:49:27 - [TEST_STEP][PASSED] - waitForElementPresent(findTestObject("FDR-Dashboard/createNewVoucherButton"), 1): Object 'Object Repository/FDR-Dashboard/createNewVoucherButton' is not present after 1 second(s)

2020-09-16 09:49:29 - [MESSAGE][INFO] - Unable to find the element located by 'By.xpath: //*[@data-id='button-link']//*[contains(text(),'Create New Voucher')]'. Please recheck the objects properties to make sure the desired element is located. 

2020-09-16 09:49:29 - [MESSAGE][WARNING] - Object 'Object Repository/FDR-Dashboard/createNewVoucherButton' is not present after 1 second(s)

2020-09-16 09:49:29 - [TEST_STEP][PASSED] - verifyElementPresent(findTestObject("Object Repository/FDR-Draw/reviewScreen/validateNowText"), 2): Object 'Object Repository/FDR-Draw/reviewScreen/validateNowText' is present

2020-09-16 09:49:29 - [MESSAGE][PASSED] - Object 'Object Repository/FDR-Draw/reviewScreen/validateNowText' is present

2020-09-16 09:49:29 - [TEST_STEP][PASSED] - waitForElementPresent(findTestObject("FDR-Dashboard/createNewVoucherButton"), 2): Object 'Object Repository/FDR-Dashboard/createNewVoucherButton' is not present after 2 second(s)

2020-09-16 09:49:33 - [MESSAGE][INFO] - Unable to find the element located by 'By.xpath: //*[@data-id='button-link']//*[contains(text(),'Create New Voucher')]'. Please recheck the objects properties to make sure the desired element is located. 

2020-09-16 09:49:33 - [MESSAGE][WARNING] - Object 'Object Repository/FDR-Dashboard/createNewVoucherButton' is not present after 2 second(s)

2020-09-16 09:49:33 - [TEST_STEP][FAILED] - click(findTestObject("Object Repository/FDR-Draw/reviewScreen/expandValidateButton2")): Unable to click on object 'Object Repository/FDR-Draw/reviewScreen/expandValidateButton2' (Root cause: com.kms.katalon.core.exception.StepFailedException: Unable to click on object 'Object Repository/FDR-Draw/reviewScreen/expandValidateButton2'
	at com.kms.katalon.core.webui.keyword.internal.WebUIKeywordMain.stepFailed(WebUIKeywordMain.groovy:64)
	at com.kms.katalon.core.webui.keyword.internal.WebUIKeywordMain.runKeyword(WebUIKeywordMain.groovy:26)
	at com.kms.katalon.core.webui.keyword.builtin.ClickKeyword.click(ClickKeyword.groovy:76)
	at com.kms.katalon.core.webui.keyword.builtin.ClickKeyword.execute(ClickKeyword.groovy:43)
	at com.kms.katalon.core.keyword.internal.KeywordExecutor.executeKeywordForPlatform(KeywordExecutor.groovy:73)
	at com.kms.katalon.core.webui.keyword.WebUiBuiltInKeywords.click(WebUiBuiltInKeywords.groovy:616)
	at com.kms.katalon.core.webui.keyword.WebUiBuiltInKeywords$click$6.call(Unknown Source)
	at FDR-Update-SCO-Balances-Icons.run(FDR-Update-SCO-Balances-Icons:162)
	at com.kms.katalon.core.main.ScriptEngine.run(ScriptEngine.java:194)
	at com.kms.katalon.core.main.ScriptEngine.runScriptAsRawText(ScriptEngine.java:119)
	at com.kms.katalon.core.main.TestCaseExecutor.runScript(TestCaseExecutor.java:339)
	at com.kms.katalon.core.main.TestCaseExecutor.doExecute(TestCaseExecutor.java:330)
	at com.kms.katalon.core.main.TestCaseExecutor.processExecutionPhase(TestCaseExecutor.java:309)
	at com.kms.katalon.core.main.TestCaseExecutor.accessMainPhase(TestCaseExecutor.java:301)
	at com.kms.katalon.core.main.TestCaseExecutor.execute(TestCaseExecutor.java:235)
	at com.kms.katalon.core.main.TestSuiteExecutor.accessTestCaseMainPhase(TestSuiteExecutor.java:191)
	at com.kms.katalon.core.main.TestSuiteExecutor.accessTestSuiteMainPhase(TestSuiteExecutor.java:141)
	at com.kms.katalon.core.main.TestSuiteExecutor.execute(TestSuiteExecutor.java:90)
	at com.kms.katalon.core.main.TestCaseMain.startTestSuite(TestCaseMain.java:157)
	at com.kms.katalon.core.main.TestCaseMain$startTestSuite$0.call(Unknown Source)
	at TempTestSuite1600274320240.run(TempTestSuite1600274320240.groovy:39)
Caused by: com.kms.katalon.core.webui.exception.WebElementNotFoundException: Web element with id: 'Object Repository/FDR-Draw/reviewScreen/expandValidateButton2' located by '(//*[text()='Draw Date']//parent::*//parent::*//parent::*//button)[2]' not found
	at com.kms.katalon.core.webui.common.WebUiCommonHelper.findWebElement(WebUiCommonHelper.java:1368)
	at com.kms.katalon.core.webui.keyword.internal.WebUIAbstractKeyword.findWebElement(WebUIAbstractKeyword.groovy:27)
	at com.kms.katalon.core.webui.keyword.internal.WebUIAbstractKeyword.findWebElement(WebUIAbstractKeyword.groovy:26)
	at com.kms.katalon.core.webui.keyword.builtin.ClickKeyword$_click_closure1.doCall(ClickKeyword.groovy:67)
	at com.kms.katalon.core.webui.keyword.builtin.ClickKeyword$_click_closure1.call(ClickKeyword.groovy)
	at com.kms.katalon.core.webui.keyword.internal.WebUIKeywordMain.runKeyword(WebUIKeywordMain.groovy:20)
	at com.kms.katalon.core.webui.keyword.builtin.ClickKeyword.click(ClickKeyword.groovy:76)
	at com.kms.katalon.core.webui.keyword.builtin.ClickKeyword.execute(ClickKeyword.groovy:43)
	at com.kms.katalon.core.keyword.internal.KeywordExecutor.executeKeywordForPlatform(KeywordExecutor.groovy:73)
	at com.kms.katalon.core.webui.keyword.WebUiBuiltInKeywords.click(WebUiBuiltInKeywords.groovy:616)
	at com.kms.katalon.core.webui.keyword.WebUiBuiltInKeywords$click$6.call(Unknown Source)
	at Script1591634907012.run(Script1591634907012.groovy:162)
	... 13 more
)

2020-09-16 09:49:37 - [MESSAGE][INFO] - Unable to find the element located by 'By.xpath: (//*[text()='Draw Date']//parent::*//parent::*//parent::*//button)[2]'. Please recheck the objects properties to make sure the desired element is located. 

2020-09-16 09:49:37 - [MESSAGE][FAILED] - Unable to click on object 'Object Repository/FDR-Draw/reviewScreen/expandValidateButton2' (Root cause: com.kms.katalon.core.exception.StepFailedException: Unable to click on object 'Object Repository/FDR-Draw/reviewScreen/expandValidateButton2'
	at com.kms.katalon.core.webui.keyword.internal.WebUIKeywordMain.stepFailed(WebUIKeywordMain.groovy:64)
	at com.kms.katalon.core.webui.keyword.internal.WebUIKeywordMain.runKeyword(WebUIKeywordMain.groovy:26)
	at com.kms.katalon.core.webui.keyword.builtin.ClickKeyword.click(ClickKeyword.groovy:76)
	at com.kms.katalon.core.webui.keyword.builtin.ClickKeyword.execute(ClickKeyword.groovy:43)
	at com.kms.katalon.core.keyword.internal.KeywordExecutor.executeKeywordForPlatform(KeywordExecutor.groovy:73)
	at com.kms.katalon.core.webui.keyword.WebUiBuiltInKeywords.click(WebUiBuiltInKeywords.groovy:616)
	at com.kms.katalon.core.webui.keyword.WebUiBuiltInKeywords$click$6.call(Unknown Source)
	at FDR-Update-SCO-Balances-Icons.run(FDR-Update-SCO-Balances-Icons:162)
	at com.kms.katalon.core.main.ScriptEngine.run(ScriptEngine.java:194)
	at com.kms.katalon.core.main.ScriptEngine.runScriptAsRawText(ScriptEngine.java:119)
	at com.kms.katalon.core.main.TestCaseExecutor.runScript(TestCaseExecutor.java:339)
	at com.kms.katalon.core.main.TestCaseExecutor.doExecute(TestCaseExecutor.java:330)
	at com.kms.katalon.core.main.TestCaseExecutor.processExecutionPhase(TestCaseExecutor.java:309)
	at com.kms.katalon.core.main.TestCaseExecutor.accessMainPhase(TestCaseExecutor.java:301)
	at com.kms.katalon.core.main.TestCaseExecutor.execute(TestCaseExecutor.java:235)
	at com.kms.katalon.core.main.TestSuiteExecutor.accessTestCaseMainPhase(TestSuiteExecutor.java:191)
	at com.kms.katalon.core.main.TestSuiteExecutor.accessTestSuiteMainPhase(TestSuiteExecutor.java:141)
	at com.kms.katalon.core.main.TestSuiteExecutor.execute(TestSuiteExecutor.java:90)
	at com.kms.katalon.core.main.TestCaseMain.startTestSuite(TestCaseMain.java:157)
	at com.kms.katalon.core.main.TestCaseMain$startTestSuite$0.call(Unknown Source)
	at TempTestSuite1600274320240.run(TempTestSuite1600274320240.groovy:39)
Caused by: com.kms.katalon.core.webui.exception.WebElementNotFoundException: Web element with id: 'Object Repository/FDR-Draw/reviewScreen/expandValidateButton2' located by '(//*[text()='Draw Date']//parent::*//parent::*//parent::*//button)[2]' not found
	at com.kms.katalon.core.webui.common.WebUiCommonHelper.findWebElement(WebUiCommonHelper.java:1368)
	at com.kms.katalon.core.webui.keyword.internal.WebUIAbstractKeyword.findWebElement(WebUIAbstractKeyword.groovy:27)
	at com.kms.katalon.core.webui.keyword.internal.WebUIAbstractKeyword.findWebElement(WebUIAbstractKeyword.groovy:26)
	at com.kms.katalon.core.webui.keyword.builtin.ClickKeyword$_click_closure1.doCall(ClickKeyword.groovy:67)
	at com.kms.katalon.core.webui.keyword.builtin.ClickKeyword$_click_closure1.call(ClickKeyword.groovy)
	at com.kms.katalon.core.webui.keyword.internal.WebUIKeywordMain.runKeyword(WebUIKeywordMain.groovy:20)
	at com.kms.katalon.core.webui.keyword.builtin.ClickKeyword.click(ClickKeyword.groovy:76)
	at com.kms.katalon.core.webui.keyword.builtin.ClickKeyword.execute(ClickKeyword.groovy:43)
	at com.kms.katalon.core.keyword.internal.KeywordExecutor.executeKeywordForPlatform(KeywordExecutor.groovy:73)
	at com.kms.katalon.core.webui.keyword.WebUiBuiltInKeywords.click(WebUiBuiltInKeywords.groovy:616)
	at com.kms.katalon.core.webui.keyword.WebUiBuiltInKeywords$click$6.call(Unknown Source)
	at Script1591634907012.run(Script1591634907012.groovy:162)
	... 13 more
)
[[ATTACHMENT|C:\\fdr-automation-develop_08_25_2020\\Reports\\20200916_093840\\Draw-Integration_Suite\\20200916_093840\\1600274977110.png]]

2020-09-16 09:49:37 - [TEST_STEP][PASSED] - waitForElementPresent(findTestObject("FDR-Dashboard/createNewVoucherButton"), 2): Object 'Object Repository/FDR-Dashboard/createNewVoucherButton' is not present after 2 second(s)

2020-09-16 09:49:40 - [MESSAGE][INFO] - Unable to find the element located by 'By.xpath: //*[@data-id='button-link']//*[contains(text(),'Create New Voucher')]'. Please recheck the objects properties to make sure the desired element is located. 

2020-09-16 09:49:40 - [MESSAGE][WARNING] - Object 'Object Repository/FDR-Dashboard/createNewVoucherButton' is not present after 2 second(s)

2020-09-16 09:49:40 - [TEST_STEP][PASSED] - click(findTestObject("Object Repository/FDR-Draw/reviewScreen/validateButton")): Object: 'Object Repository/FDR-Draw/reviewScreen/validateButton' is clicked on

2020-09-16 09:49:41 - [MESSAGE][PASSED] - Object: 'Object Repository/FDR-Draw/reviewScreen/validateButton' is clicked on

2020-09-16 09:49:41 - [TEST_STEP][PASSED] - waitForElementPresent(findTestObject("FDR-Dashboard/createNewVoucherButton"), 4): Object 'Object Repository/FDR-Dashboard/createNewVoucherButton' is not present after 4 second(s)

2020-09-16 09:49:46 - [MESSAGE][INFO] - Unable to find the element located by 'By.xpath: //*[@data-id='button-link']//*[contains(text(),'Create New Voucher')]'. Please recheck the objects properties to make sure the desired element is located. 

2020-09-16 09:49:46 - [MESSAGE][WARNING] - Object 'Object Repository/FDR-Dashboard/createNewVoucherButton' is not present after 4 second(s)

2020-09-16 09:49:46 - [TEST_STEP][PASSED] - click(findTestObject("Object Repository/FDR-Draw/reviewScreen/expenditureThumsUpButton")): Object: 'Object Repository/FDR-Draw/reviewScreen/expenditureThumsUpButton' is clicked on

2020-09-16 09:49:47 - [MESSAGE][PASSED] - Object: 'Object Repository/FDR-Draw/reviewScreen/expenditureThumsUpButton' is clicked on

2020-09-16 09:49:47 - [TEST_STEP][PASSED] - waitForElementPresent(findTestObject("FDR-Dashboard/createNewVoucherButton"), 2): Object 'Object Repository/FDR-Dashboard/createNewVoucherButton' is not present after 2 second(s)

2020-09-16 09:49:50 - [MESSAGE][INFO] - Unable to find the element located by 'By.xpath: //*[@data-id='button-link']//*[contains(text(),'Create New Voucher')]'. Please recheck the objects properties to make sure the desired element is located. 

2020-09-16 09:49:50 - [MESSAGE][WARNING] - Object 'Object Repository/FDR-Dashboard/createNewVoucherButton' is not present after 2 second(s)

2020-09-16 09:49:50 - [TEST_STEP][PASSED] - click(findTestObject("Object Repository/FDR-Draw/reviewScreen/receiptsThumbsUpButton")): Object: 'Object Repository/FDR-Draw/reviewScreen/receiptsThumbsUpButton' is clicked on

2020-09-16 09:49:50 - [MESSAGE][PASSED] - Object: 'Object Repository/FDR-Draw/reviewScreen/receiptsThumbsUpButton' is clicked on

2020-09-16 09:49:50 - [TEST_STEP][PASSED] - waitForElementPresent(findTestObject("FDR-Dashboard/createNewVoucherButton"), 2): Object 'Object Repository/FDR-Dashboard/createNewVoucherButton' is not present after 2 second(s)

2020-09-16 09:49:53 - [MESSAGE][INFO] - Unable to find the element located by 'By.xpath: //*[@data-id='button-link']//*[contains(text(),'Create New Voucher')]'. Please recheck the objects properties to make sure the desired element is located. 

2020-09-16 09:49:53 - [MESSAGE][WARNING] - Object 'Object Repository/FDR-Dashboard/createNewVoucherButton' is not present after 2 second(s)

2020-09-16 09:49:53 - [TEST_STEP][PASSED] - click(findTestObject("Object Repository/FDR-Draw/reviewScreen/reOpenDrawButton")): Object: 'Object Repository/FDR-Draw/reviewScreen/reOpenDrawButton' is clicked on

2020-09-16 09:49:54 - [MESSAGE][PASSED] - Object: 'Object Repository/FDR-Draw/reviewScreen/reOpenDrawButton' is clicked on

2020-09-16 09:49:54 - [TEST_STEP][PASSED] - waitForElementPresent(findTestObject("FDR-Dashboard/createNewVoucherButton"), 2): Object 'Object Repository/FDR-Dashboard/createNewVoucherButton' is not present after 2 second(s)

2020-09-16 09:49:57 - [MESSAGE][INFO] - Unable to find the element located by 'By.xpath: //*[@data-id='button-link']//*[contains(text(),'Create New Voucher')]'. Please recheck the objects properties to make sure the desired element is located. 

2020-09-16 09:49:57 - [MESSAGE][WARNING] - Object 'Object Repository/FDR-Dashboard/createNewVoucherButton' is not present after 2 second(s)

2020-09-16 09:49:57 - [TEST_STEP][PASSED] - verifyElementPresent(findTestObject("Object Repository/FDR-Draw/reviewScreen/reOpenDrawText"), 2): Object 'Object Repository/FDR-Draw/reviewScreen/reOpenDrawText' is present

2020-09-16 09:49:57 - [MESSAGE][PASSED] - Object 'Object Repository/FDR-Draw/reviewScreen/reOpenDrawText' is present

2020-09-16 09:49:57 - [TEST_STEP][PASSED] - Start listener action : sampleAfterTestCase: null

2020-09-16 09:49:57 - [TEST_STEP][PASSED] - profileName = getExecutionProfile(): null

2020-09-16 09:49:57 - [TEST_STEP][PASSED] - switch (profileName): null

2020-09-16 09:49:57 - [TEST_STEP][PASSED] - case "superUser":: null

2020-09-16 09:49:57 - [TEST_STEP][PASSED] - return null: null

2020-09-16 09:49:57 - [TEST_STEP][PASSED] - Start listener action : afterTestCase: null

2020-09-16 09:49:57 - [TEST_STEP][PASSED] - profileName = getExecutionProfile(): null

2020-09-16 09:49:57 - [TEST_STEP][PASSED] - if (profileName.equalsIgnoreCase("SysAdmin")): null

2020-09-16 09:49:57 - [TEST_STEP][PASSED] - Start listener action : sampleAfterTestCase: null

2020-09-16 09:49:57 - [TEST_STEP][PASSED] - profileName = getExecutionProfile(): null

2020-09-16 09:49:57 - [TEST_STEP][PASSED] - switch (profileName): null

2020-09-16 09:49:57 - [TEST_STEP][PASSED] - case "Draw":: null

2020-09-16 09:49:57 - [TEST_STEP][PASSED] - Uifunctions.logoutFDR(): Browser is closed

2020-09-16 09:49:58 - [MESSAGE][PASSED] - Browser is closed

2020-09-16 09:49:58 - [TEST_STEP][PASSED] - break: null

2020-09-16 09:49:58 - [TEST_STEP][PASSED] - Start listener action : addFailedTCToList: null]]></system-out>
         <system-err><![CDATA[2020-09-16 09:44:37 - [TEST_CASE][FAILED] - Test Cases/WEB-UI-TESTS/Draw/FDR-Update-SCO-Balances-Icons: Test Cases/WEB-UI-TESTS/Draw/FDR-Update-SCO-Balances-Icons FAILED.
Reason:
com.kms.katalon.core.exception.StepFailedException: Unable to click on object 'Object Repository/FDR-Draw/reviewScreen/expandValidateButton2' (Root cause: com.kms.katalon.core.exception.StepFailedException: Unable to click on object 'Object Repository/FDR-Draw/reviewScreen/expandValidateButton2'
	at com.kms.katalon.core.webui.keyword.internal.WebUIKeywordMain.stepFailed(WebUIKeywordMain.groovy:64)
	at com.kms.katalon.core.webui.keyword.internal.WebUIKeywordMain.runKeyword(WebUIKeywordMain.groovy:26)
	at com.kms.katalon.core.webui.keyword.builtin.ClickKeyword.click(ClickKeyword.groovy:76)
	at com.kms.katalon.core.webui.keyword.builtin.ClickKeyword.execute(ClickKeyword.groovy:43)
	at com.kms.katalon.core.keyword.internal.KeywordExecutor.executeKeywordForPlatform(KeywordExecutor.groovy:73)
	at com.kms.katalon.core.webui.keyword.WebUiBuiltInKeywords.click(WebUiBuiltInKeywords.groovy:616)
	at com.kms.katalon.core.webui.keyword.WebUiBuiltInKeywords$click$6.call(Unknown Source)
	at FDR-Update-SCO-Balances-Icons.run(FDR-Update-SCO-Balances-Icons:162)
	at com.kms.katalon.core.main.ScriptEngine.run(ScriptEngine.java:194)
	at com.kms.katalon.core.main.ScriptEngine.runScriptAsRawText(ScriptEngine.java:119)
	at com.kms.katalon.core.main.TestCaseExecutor.runScript(TestCaseExecutor.java:339)
	at com.kms.katalon.core.main.TestCaseExecutor.doExecute(TestCaseExecutor.java:330)
	at com.kms.katalon.core.main.TestCaseExecutor.processExecutionPhase(TestCaseExecutor.java:309)
	at com.kms.katalon.core.main.TestCaseExecutor.accessMainPhase(TestCaseExecutor.java:301)
	at com.kms.katalon.core.main.TestCaseExecutor.execute(TestCaseExecutor.java:235)
	at com.kms.katalon.core.main.TestSuiteExecutor.accessTestCaseMainPhase(TestSuiteExecutor.java:191)
	at com.kms.katalon.core.main.TestSuiteExecutor.accessTestSuiteMainPhase(TestSuiteExecutor.java:141)
	at com.kms.katalon.core.main.TestSuiteExecutor.execute(TestSuiteExecutor.java:90)
	at com.kms.katalon.core.main.TestCaseMain.startTestSuite(TestCaseMain.java:157)
	at com.kms.katalon.core.main.TestCaseMain$startTestSuite$0.call(Unknown Source)
	at TempTestSuite1600274320240.run(TempTestSuite1600274320240.groovy:39)
Caused by: com.kms.katalon.core.webui.exception.WebElementNotFoundException: Web element with id: 'Object Repository/FDR-Draw/reviewScreen/expandValidateButton2' located by '(//*[text()='Draw Date']//parent::*//parent::*//parent::*//button)[2]' not found
	at com.kms.katalon.core.webui.common.WebUiCommonHelper.findWebElement(WebUiCommonHelper.java:1368)
	at com.kms.katalon.core.webui.keyword.internal.WebUIAbstractKeyword.findWebElement(WebUIAbstractKeyword.groovy:27)
	at com.kms.katalon.core.webui.keyword.internal.WebUIAbstractKeyword.findWebElement(WebUIAbstractKeyword.groovy:26)
	at com.kms.katalon.core.webui.keyword.builtin.ClickKeyword$_click_closure1.doCall(ClickKeyword.groovy:67)
	at com.kms.katalon.core.webui.keyword.builtin.ClickKeyword$_click_closure1.call(ClickKeyword.groovy)
	at com.kms.katalon.core.webui.keyword.internal.WebUIKeywordMain.runKeyword(WebUIKeywordMain.groovy:20)
	at com.kms.katalon.core.webui.keyword.builtin.ClickKeyword.click(ClickKeyword.groovy:76)
	at com.kms.katalon.core.webui.keyword.builtin.ClickKeyword.execute(ClickKeyword.groovy:43)
	at com.kms.katalon.core.keyword.internal.KeywordExecutor.executeKeywordForPlatform(KeywordExecutor.groovy:73)
	at com.kms.katalon.core.webui.keyword.WebUiBuiltInKeywords.click(WebUiBuiltInKeywords.groovy:616)
	at com.kms.katalon.core.webui.keyword.WebUiBuiltInKeywords$click$6.call(Unknown Source)
	at Script1591634907012.run(Script1591634907012.groovy:162)
	... 13 more
)
	at com.kms.katalon.core.keyword.internal.KeywordMain.stepFailed(KeywordMain.groovy:39)
	at com.kms.katalon.core.webui.keyword.internal.WebUIKeywordMain.stepFailed(WebUIKeywordMain.groovy:64)
	at com.kms.katalon.core.webui.keyword.internal.WebUIKeywordMain.runKeyword(WebUIKeywordMain.groovy:26)
	at com.kms.katalon.core.webui.keyword.builtin.ClickKeyword.click(ClickKeyword.groovy:76)
	at com.kms.katalon.core.webui.keyword.builtin.ClickKeyword.execute(ClickKeyword.groovy:43)
	at com.kms.katalon.core.keyword.internal.KeywordExecutor.executeKeywordForPlatform(KeywordExecutor.groovy:73)
	at com.kms.katalon.core.webui.keyword.WebUiBuiltInKeywords.click(WebUiBuiltInKeywords.groovy:616)
	at com.kms.katalon.core.webui.keyword.WebUiBuiltInKeywords$click$6.call(Unknown Source)
	at FDR-Update-SCO-Balances-Icons.run(FDR-Update-SCO-Balances-Icons:162)
	at com.kms.katalon.core.main.ScriptEngine.run(ScriptEngine.java:194)
	at com.kms.katalon.core.main.ScriptEngine.runScriptAsRawText(ScriptEngine.java:119)
	at com.kms.katalon.core.main.TestCaseExecutor.runScript(TestCaseExecutor.java:339)
	at com.kms.katalon.core.main.TestCaseExecutor.doExecute(TestCaseExecutor.java:330)
	at com.kms.katalon.core.main.TestCaseExecutor.processExecutionPhase(TestCaseExecutor.java:309)
	at com.kms.katalon.core.main.TestCaseExecutor.accessMainPhase(TestCaseExecutor.java:301)
	at com.kms.katalon.core.main.TestCaseExecutor.execute(TestCaseExecutor.java:235)
	at com.kms.katalon.core.main.TestSuiteExecutor.accessTestCaseMainPhase(TestSuiteExecutor.java:191)
	at com.kms.katalon.core.main.TestSuiteExecutor.accessTestSuiteMainPhase(TestSuiteExecutor.java:141)
	at com.kms.katalon.core.main.TestSuiteExecutor.execute(TestSuiteExecutor.java:90)
	at com.kms.katalon.core.main.TestCaseMain.startTestSuite(TestCaseMain.java:157)
	at com.kms.katalon.core.main.TestCaseMain$startTestSuite$0.call(Unknown Source)
	at TempTestSuite1600274320240.run(TempTestSuite1600274320240.groovy:39)
Caused by: com.kms.katalon.core.exception.StepFailedException: Unable to click on object 'Object Repository/FDR-Draw/reviewScreen/expandValidateButton2'
	... 21 more
Caused by: com.kms.katalon.core.webui.exception.WebElementNotFoundException: Web element with id: 'Object Repository/FDR-Draw/reviewScreen/expandValidateButton2' located by '(//*[text()='Draw Date']//parent::*//parent::*//parent::*//button)[2]' not found
	at com.kms.katalon.core.webui.common.WebUiCommonHelper.findWebElement(WebUiCommonHelper.java:1368)
	at com.kms.katalon.core.webui.keyword.internal.WebUIAbstractKeyword.findWebElement(WebUIAbstractKeyword.groovy:27)
	at com.kms.katalon.core.webui.keyword.internal.WebUIAbstractKeyword.findWebElement(WebUIAbstractKeyword.groovy:26)
	at com.kms.katalon.core.webui.keyword.builtin.ClickKeyword$_click_closure1.doCall(ClickKeyword.groovy:67)
	at com.kms.katalon.core.webui.keyword.builtin.ClickKeyword$_click_closure1.call(ClickKeyword.groovy)
	at com.kms.katalon.core.webui.keyword.internal.WebUIKeywordMain.runKeyword(WebUIKeywordMain.groovy:20)
	... 19 more]]></system-err>
      </testcase>
      <system-out><![CDATA[2020-09-16 09:38:42 - [TEST_SUITE][FAILED] - Draw-Integration_Suite: Test Cases/WEB-UI-TESTS/Draw/FDR-Draw-Reject-Vouchers-Receipts FAILED.
Reason:
com.kms.katalon.core.exception.StepFailedException: Unable to click on object 'Object Repository/FDR-Draw/RejectVocuherReceipts/thumbsUpButtonReceipt' (Root cause: com.kms.katalon.core.exception.StepFailedException: Unable to click on object 'Object Repository/FDR-Draw/RejectVocuherReceipts/thumbsUpButtonReceipt'
	at com.kms.katalon.core.webui.keyword.internal.WebUIKeywordMain.stepFailed(WebUIKeywordMain.groovy:64)
	at com.kms.katalon.core.webui.keyword.internal.WebUIKeywordMain.runKeyword(WebUIKeywordMain.groovy:26)
	at com.kms.katalon.core.webui.keyword.builtin.ClickKeyword.click(ClickKeyword.groovy:76)
	at com.kms.katalon.core.webui.keyword.builtin.ClickKeyword.execute(ClickKeyword.groovy:43)
	at com.kms.katalon.core.keyword.internal.KeywordExecutor.executeKeywordForPlatform(KeywordExecutor.groovy:73)
	at com.kms.katalon.core.webui.keyword.WebUiBuiltInKeywords.click(WebUiBuiltInKeywords.groovy:616)
	at com.kms.katalon.core.webui.keyword.WebUiBuiltInKeywords$click$6.call(Unknown Source)
	at FDR-Draw-Reject-Vouchers-Receipts.run(FDR-Draw-Reject-Vouchers-Receipts:46)
	at com.kms.katalon.core.main.ScriptEngine.run(ScriptEngine.java:194)
	at com.kms.katalon.core.main.ScriptEngine.runScriptAsRawText(ScriptEngine.java:119)
	at com.kms.katalon.core.main.TestCaseExecutor.runScript(TestCaseExecutor.java:339)
	at com.kms.katalon.core.main.TestCaseExecutor.doExecute(TestCaseExecutor.java:330)
	at com.kms.katalon.core.main.TestCaseExecutor.processExecutionPhase(TestCaseExecutor.java:309)
	at com.kms.katalon.core.main.TestCaseExecutor.accessMainPhase(TestCaseExecutor.java:301)
	at com.kms.katalon.core.main.TestCaseExecutor.execute(TestCaseExecutor.java:235)
	at com.kms.katalon.core.main.TestSuiteExecutor.accessTestCaseMainPhase(TestSuiteExecutor.java:191)
	at com.kms.katalon.core.main.TestSuiteExecutor.accessTestSuiteMainPhase(TestSuiteExecutor.java:141)
	at com.kms.katalon.core.main.TestSuiteExecutor.execute(TestSuiteExecutor.java:90)
	at com.kms.katalon.core.main.TestCaseMain.startTestSuite(TestCaseMain.java:157)
	at com.kms.katalon.core.main.TestCaseMain$startTestSuite$0.call(Unknown Source)
	at TempTestSuite1600274320240.run(TempTestSuite1600274320240.groovy:39)
Caused by: com.kms.katalon.core.webui.exception.WebElementNotFoundException: Web element with id: 'Object Repository/FDR-Draw/RejectVocuherReceipts/thumbsUpButtonReceipt' located by '((//*[text()='Expenditures']//parent::*//parent::*//parent::*//parent::*)//button)[12]' not found
	at com.kms.katalon.core.webui.common.WebUiCommonHelper.findWebElement(WebUiCommonHelper.java:1368)
	at com.kms.katalon.core.webui.keyword.internal.WebUIAbstractKeyword.findWebElement(WebUIAbstractKeyword.groovy:27)
	at com.kms.katalon.core.webui.keyword.internal.WebUIAbstractKeyword.findWebElement(WebUIAbstractKeyword.groovy:26)
	at com.kms.katalon.core.webui.keyword.builtin.ClickKeyword$_click_closure1.doCall(ClickKeyword.groovy:67)
	at com.kms.katalon.core.webui.keyword.builtin.ClickKeyword$_click_closure1.call(ClickKeyword.groovy)
	at com.kms.katalon.core.webui.keyword.internal.WebUIKeywordMain.runKeyword(WebUIKeywordMain.groovy:20)
	at com.kms.katalon.core.webui.keyword.builtin.ClickKeyword.click(ClickKeyword.groovy:76)
	at com.kms.katalon.core.webui.keyword.builtin.ClickKeyword.execute(ClickKeyword.groovy:43)
	at com.kms.katalon.core.keyword.internal.KeywordExecutor.executeKeywordForPlatform(KeywordExecutor.groovy:73)
	at com.kms.katalon.core.webui.keyword.WebUiBuiltInKeywords.click(WebUiBuiltInKeywords.groovy:616)
	at com.kms.katalon.core.webui.keyword.WebUiBuiltInKeywords$click$6.call(Unknown Source)
	at Script1591634957380.run(Script1591634957380.groovy:46)
	... 13 more
)
	at com.kms.katalon.core.keyword.internal.KeywordMain.stepFailed(KeywordMain.groovy:39)
	at com.kms.katalon.core.webui.keyword.internal.WebUIKeywordMain.stepFailed(WebUIKeywordMain.groovy:64)
	at com.kms.katalon.core.webui.keyword.internal.WebUIKeywordMain.runKeyword(WebUIKeywordMain.groovy:26)
	at com.kms.katalon.core.webui.keyword.builtin.ClickKeyword.click(ClickKeyword.groovy:76)
	at com.kms.katalon.core.webui.keyword.builtin.ClickKeyword.execute(ClickKeyword.groovy:43)
	at com.kms.katalon.core.keyword.internal.KeywordExecutor.executeKeywordForPlatform(KeywordExecutor.groovy:73)
	at com.kms.katalon.core.webui.keyword.WebUiBuiltInKeywords.click(WebUiBuiltInKeywords.groovy:616)
	at com.kms.katalon.core.webui.keyword.WebUiBuiltInKeywords$click$6.call(Unknown Source)
	at FDR-Draw-Reject-Vouchers-Receipts.run(FDR-Draw-Reject-Vouchers-Receipts:46)
	at com.kms.katalon.core.main.ScriptEngine.run(ScriptEngine.java:194)
	at com.kms.katalon.core.main.ScriptEngine.runScriptAsRawText(ScriptEngine.java:119)
	at com.kms.katalon.core.main.TestCaseExecutor.runScript(TestCaseExecutor.java:339)
	at com.kms.katalon.core.main.TestCaseExecutor.doExecute(TestCaseExecutor.java:330)
	at com.kms.katalon.core.main.TestCaseExecutor.processExecutionPhase(TestCaseExecutor.java:309)
	at com.kms.katalon.core.main.TestCaseExecutor.accessMainPhase(TestCaseExecutor.java:301)
	at com.kms.katalon.core.main.TestCaseExecutor.execute(TestCaseExecutor.java:235)
	at com.kms.katalon.core.main.TestSuiteExecutor.accessTestCaseMainPhase(TestSuiteExecutor.java:191)
	at com.kms.katalon.core.main.TestSuiteExecutor.accessTestSuiteMainPhase(TestSuiteExecutor.java:141)
	at com.kms.katalon.core.main.TestSuiteExecutor.execute(TestSuiteExecutor.java:90)
	at com.kms.katalon.core.main.TestCaseMain.startTestSuite(TestCaseMain.java:157)
	at com.kms.katalon.core.main.TestCaseMain$startTestSuite$0.call(Unknown Source)
	at TempTestSuite1600274320240.run(TempTestSuite1600274320240.groovy:39)
Caused by: com.kms.katalon.core.exception.StepFailedException: Unable to click on object 'Object Repository/FDR-Draw/RejectVocuherReceipts/thumbsUpButtonReceipt'
	... 21 more
Caused by: com.kms.katalon.core.webui.exception.WebElementNotFoundException: Web element with id: 'Object Repository/FDR-Draw/RejectVocuherReceipts/thumbsUpButtonReceipt' located by '((//*[text()='Expenditures']//parent::*//parent::*//parent::*//parent::*)//button)[12]' not found
	at com.kms.katalon.core.webui.common.WebUiCommonHelper.findWebElement(WebUiCommonHelper.java:1368)
	at com.kms.katalon.core.webui.keyword.internal.WebUIAbstractKeyword.findWebElement(WebUIAbstractKeyword.groovy:27)
	at com.kms.katalon.core.webui.keyword.internal.WebUIAbstractKeyword.findWebElement(WebUIAbstractKeyword.groovy:26)
	at com.kms.katalon.core.webui.keyword.builtin.ClickKeyword$_click_closure1.doCall(ClickKeyword.groovy:67)
	at com.kms.katalon.core.webui.keyword.builtin.ClickKeyword$_click_closure1.call(ClickKeyword.groovy)
	at com.kms.katalon.core.webui.keyword.internal.WebUIKeywordMain.runKeyword(WebUIKeywordMain.groovy:20)
	... 19 more]]></system-out>
      <system-err><![CDATA[2020-09-16 09:38:42 - [TEST_SUITE][FAILED] - Draw-Integration_Suite: Test Cases/WEB-UI-TESTS/Draw/FDR-Draw-Reject-Vouchers-Receipts FAILED.
Reason:
com.kms.katalon.core.exception.StepFailedException: Unable to click on object 'Object Repository/FDR-Draw/RejectVocuherReceipts/thumbsUpButtonReceipt' (Root cause: com.kms.katalon.core.exception.StepFailedException: Unable to click on object 'Object Repository/FDR-Draw/RejectVocuherReceipts/thumbsUpButtonReceipt'
	at com.kms.katalon.core.webui.keyword.internal.WebUIKeywordMain.stepFailed(WebUIKeywordMain.groovy:64)
	at com.kms.katalon.core.webui.keyword.internal.WebUIKeywordMain.runKeyword(WebUIKeywordMain.groovy:26)
	at com.kms.katalon.core.webui.keyword.builtin.ClickKeyword.click(ClickKeyword.groovy:76)
	at com.kms.katalon.core.webui.keyword.builtin.ClickKeyword.execute(ClickKeyword.groovy:43)
	at com.kms.katalon.core.keyword.internal.KeywordExecutor.executeKeywordForPlatform(KeywordExecutor.groovy:73)
	at com.kms.katalon.core.webui.keyword.WebUiBuiltInKeywords.click(WebUiBuiltInKeywords.groovy:616)
	at com.kms.katalon.core.webui.keyword.WebUiBuiltInKeywords$click$6.call(Unknown Source)
	at FDR-Draw-Reject-Vouchers-Receipts.run(FDR-Draw-Reject-Vouchers-Receipts:46)
	at com.kms.katalon.core.main.ScriptEngine.run(ScriptEngine.java:194)
	at com.kms.katalon.core.main.ScriptEngine.runScriptAsRawText(ScriptEngine.java:119)
	at com.kms.katalon.core.main.TestCaseExecutor.runScript(TestCaseExecutor.java:339)
	at com.kms.katalon.core.main.TestCaseExecutor.doExecute(TestCaseExecutor.java:330)
	at com.kms.katalon.core.main.TestCaseExecutor.processExecutionPhase(TestCaseExecutor.java:309)
	at com.kms.katalon.core.main.TestCaseExecutor.accessMainPhase(TestCaseExecutor.java:301)
	at com.kms.katalon.core.main.TestCaseExecutor.execute(TestCaseExecutor.java:235)
	at com.kms.katalon.core.main.TestSuiteExecutor.accessTestCaseMainPhase(TestSuiteExecutor.java:191)
	at com.kms.katalon.core.main.TestSuiteExecutor.accessTestSuiteMainPhase(TestSuiteExecutor.java:141)
	at com.kms.katalon.core.main.TestSuiteExecutor.execute(TestSuiteExecutor.java:90)
	at com.kms.katalon.core.main.TestCaseMain.startTestSuite(TestCaseMain.java:157)
	at com.kms.katalon.core.main.TestCaseMain$startTestSuite$0.call(Unknown Source)
	at TempTestSuite1600274320240.run(TempTestSuite1600274320240.groovy:39)
Caused by: com.kms.katalon.core.webui.exception.WebElementNotFoundException: Web element with id: 'Object Repository/FDR-Draw/RejectVocuherReceipts/thumbsUpButtonReceipt' located by '((//*[text()='Expenditures']//parent::*//parent::*//parent::*//parent::*)//button)[12]' not found
	at com.kms.katalon.core.webui.common.WebUiCommonHelper.findWebElement(WebUiCommonHelper.java:1368)
	at com.kms.katalon.core.webui.keyword.internal.WebUIAbstractKeyword.findWebElement(WebUIAbstractKeyword.groovy:27)
	at com.kms.katalon.core.webui.keyword.internal.WebUIAbstractKeyword.findWebElement(WebUIAbstractKeyword.groovy:26)
	at com.kms.katalon.core.webui.keyword.builtin.ClickKeyword$_click_closure1.doCall(ClickKeyword.groovy:67)
	at com.kms.katalon.core.webui.keyword.builtin.ClickKeyword$_click_closure1.call(ClickKeyword.groovy)
	at com.kms.katalon.core.webui.keyword.internal.WebUIKeywordMain.runKeyword(WebUIKeywordMain.groovy:20)
	at com.kms.katalon.core.webui.keyword.builtin.ClickKeyword.click(ClickKeyword.groovy:76)
	at com.kms.katalon.core.webui.keyword.builtin.ClickKeyword.execute(ClickKeyword.groovy:43)
	at com.kms.katalon.core.keyword.internal.KeywordExecutor.executeKeywordForPlatform(KeywordExecutor.groovy:73)
	at com.kms.katalon.core.webui.keyword.WebUiBuiltInKeywords.click(WebUiBuiltInKeywords.groovy:616)
	at com.kms.katalon.core.webui.keyword.WebUiBuiltInKeywords$click$6.call(Unknown Source)
	at Script1591634957380.run(Script1591634957380.groovy:46)
	... 13 more
)
	at com.kms.katalon.core.keyword.internal.KeywordMain.stepFailed(KeywordMain.groovy:39)
	at com.kms.katalon.core.webui.keyword.internal.WebUIKeywordMain.stepFailed(WebUIKeywordMain.groovy:64)
	at com.kms.katalon.core.webui.keyword.internal.WebUIKeywordMain.runKeyword(WebUIKeywordMain.groovy:26)
	at com.kms.katalon.core.webui.keyword.builtin.ClickKeyword.click(ClickKeyword.groovy:76)
	at com.kms.katalon.core.webui.keyword.builtin.ClickKeyword.execute(ClickKeyword.groovy:43)
	at com.kms.katalon.core.keyword.internal.KeywordExecutor.executeKeywordForPlatform(KeywordExecutor.groovy:73)
	at com.kms.katalon.core.webui.keyword.WebUiBuiltInKeywords.click(WebUiBuiltInKeywords.groovy:616)
	at com.kms.katalon.core.webui.keyword.WebUiBuiltInKeywords$click$6.call(Unknown Source)
	at FDR-Draw-Reject-Vouchers-Receipts.run(FDR-Draw-Reject-Vouchers-Receipts:46)
	at com.kms.katalon.core.main.ScriptEngine.run(ScriptEngine.java:194)
	at com.kms.katalon.core.main.ScriptEngine.runScriptAsRawText(ScriptEngine.java:119)
	at com.kms.katalon.core.main.TestCaseExecutor.runScript(TestCaseExecutor.java:339)
	at com.kms.katalon.core.main.TestCaseExecutor.doExecute(TestCaseExecutor.java:330)
	at com.kms.katalon.core.main.TestCaseExecutor.processExecutionPhase(TestCaseExecutor.java:309)
	at com.kms.katalon.core.main.TestCaseExecutor.accessMainPhase(TestCaseExecutor.java:301)
	at com.kms.katalon.core.main.TestCaseExecutor.execute(TestCaseExecutor.java:235)
	at com.kms.katalon.core.main.TestSuiteExecutor.accessTestCaseMainPhase(TestSuiteExecutor.java:191)
	at com.kms.katalon.core.main.TestSuiteExecutor.accessTestSuiteMainPhase(TestSuiteExecutor.java:141)
	at com.kms.katalon.core.main.TestSuiteExecutor.execute(TestSuiteExecutor.java:90)
	at com.kms.katalon.core.main.TestCaseMain.startTestSuite(TestCaseMain.java:157)
	at com.kms.katalon.core.main.TestCaseMain$startTestSuite$0.call(Unknown Source)
	at TempTestSuite1600274320240.run(TempTestSuite1600274320240.groovy:39)
Caused by: com.kms.katalon.core.exception.StepFailedException: Unable to click on object 'Object Repository/FDR-Draw/RejectVocuherReceipts/thumbsUpButtonReceipt'
	... 21 more
Caused by: com.kms.katalon.core.webui.exception.WebElementNotFoundException: Web element with id: 'Object Repository/FDR-Draw/RejectVocuherReceipts/thumbsUpButtonReceipt' located by '((//*[text()='Expenditures']//parent::*//parent::*//parent::*//parent::*)//button)[12]' not found
	at com.kms.katalon.core.webui.common.WebUiCommonHelper.findWebElement(WebUiCommonHelper.java:1368)
	at com.kms.katalon.core.webui.keyword.internal.WebUIAbstractKeyword.findWebElement(WebUIAbstractKeyword.groovy:27)
	at com.kms.katalon.core.webui.keyword.internal.WebUIAbstractKeyword.findWebElement(WebUIAbstractKeyword.groovy:26)
	at com.kms.katalon.core.webui.keyword.builtin.ClickKeyword$_click_closure1.doCall(ClickKeyword.groovy:67)
	at com.kms.katalon.core.webui.keyword.builtin.ClickKeyword$_click_closure1.call(ClickKeyword.groovy)
	at com.kms.katalon.core.webui.keyword.internal.WebUIKeywordMain.runKeyword(WebUIKeywordMain.groovy:20)
	... 19 more]]></system-err>
   </testsuite>
</testsuites>
