<?xml version="1.0" encoding="UTF-8"?>
<testsuites name="FDR_E2E-REGRESSION-TESTS" time="657.441" tests="3" failures="1" errors="0">
   <testsuite name="FDR_E2E-REGRESSION-TESTS" tests="3" failures="1" errors="0" time="657.441" timestamp="2020-09-27 07:15:23" hostname="nagesh.allu - DESKTOP-9VU7G8T.attlocal.net" id="Test Suites/FDR_E2E-REGRESSION-TESTS">
      <properties>
         <property name="deviceName" value=""/>
         <property name="devicePlatform" value=""/>
         <property name="logFolder" value="C:\\GitHub\\FDR-Katalon-Regression\\Reports\\20200927_071521\\FDR_E2E-REGRESSION-TESTS\\20200927_071521"/>
         <property name="logFiles" value="C:\\GitHub\\FDR-Katalon-Regression\\Reports\\20200927_071521\\FDR_E2E-REGRESSION-TESTS\\20200927_071521\\execution0.log"/>
         <property name="attachments" value="C:\\GitHub\\FDR-Katalon-Regression\\Reports\\20200927_071521\\FDR_E2E-REGRESSION-TESTS\\20200927_071521\\1601216682352.png, C:\\GitHub\\FDR-Katalon-Regression\\Reports\\20200927_071521\\FDR_E2E-REGRESSION-TESTS\\20200927_071521\\1601216689892.png, C:\\GitHub\\FDR-Katalon-Regression\\Reports\\20200927_071521\\FDR_E2E-REGRESSION-TESTS\\20200927_071521\\1601216697518.png, C:\\GitHub\\FDR-Katalon-Regression\\Reports\\20200927_071521\\FDR_E2E-REGRESSION-TESTS\\20200927_071521\\1601216705790.png, C:\\GitHub\\FDR-Katalon-Regression\\Reports\\20200927_071521\\FDR_E2E-REGRESSION-TESTS\\20200927_071521\\1601216710307.png, C:\\GitHub\\FDR-Katalon-Regression\\Reports\\20200927_071521\\FDR_E2E-REGRESSION-TESTS\\20200927_071521\\1601216716933.png, C:\\GitHub\\FDR-Katalon-Regression\\Reports\\20200927_071521\\FDR_E2E-REGRESSION-TESTS\\20200927_071521\\1601216721586.png, C:\\GitHub\\FDR-Katalon-Regression\\Reports\\20200927_071521\\FDR_E2E-REGRESSION-TESTS\\20200927_071521\\1601216726077.png, C:\\GitHub\\FDR-Katalon-Regression\\Reports\\20200927_071521\\FDR_E2E-REGRESSION-TESTS\\20200927_071521\\1601216732663.png, C:\\GitHub\\FDR-Katalon-Regression\\Reports\\20200927_071521\\FDR_E2E-REGRESSION-TESTS\\20200927_071521\\1601216742275.png, C:\\GitHub\\FDR-Katalon-Regression\\Reports\\20200927_071521\\FDR_E2E-REGRESSION-TESTS\\20200927_071521\\1601216748898.png, C:\\GitHub\\FDR-Katalon-Regression\\Reports\\20200927_071521\\FDR_E2E-REGRESSION-TESTS\\20200927_071521\\1601216754526.png, C:\\GitHub\\FDR-Katalon-Regression\\Reports\\20200927_071521\\FDR_E2E-REGRESSION-TESTS\\20200927_071521\\1601216759118.png"/>
         <property name="hostName" value="nagesh.allu - DESKTOP-9VU7G8T.attlocal.net"/>
         <property name="os" value="Windows 10 64bit"/>
         <property name="katalonVersion" value="7.6.6.205"/>
         <property name="browser" value="Chrome 85.0.4183.121"/>
         <property name="hostAddress" value="192.168.1.188"/>
         <property name="sessionId" value="277c3677a7e6e9dd0c93f507de930ad5"/>
         <property name="seleniumVersion" value="3.141.59"/>
         <property name="proxyInformation" value="ProxyInformation { proxyOption=NO_PROXY, proxyServerType=HTTP, username=, password=********, proxyServerAddress=, proxyServerPort=0, executionList=&quot;&quot;, isApplyToDesiredCapabilities=true }"/>
         <property name="platform" value="Windows 10"/>
      </properties>
      <testcase name="Test Cases/FDR_E2E-REGRESSION-TESTS/TC_9-FDR_E2E_FDR-8209-EDIT_VOUCHER" time="163.436" classname="Test Cases/FDR_E2E-REGRESSION-TESTS/TC_9-FDR_E2E_FDR-8209-EDIT_VOUCHER" status="PASSED">
         <system-out><![CDATA[2020-09-27 07:15:24 - [TEST_CASE][PASSED] - Test Cases/FDR_E2E-REGRESSION-TESTS/TC_9-FDR_E2E_FDR-8209-EDIT_VOUCHER: Test Cases/FDR_E2E-REGRESSION-TESTS/TC_9-FDR_E2E_FDR-8209-EDIT_VOUCHER

2020-09-27 07:15:24 - [TEST_STEP][PASSED] - Start listener action : sampleBeforeTestCase: null

2020-09-27 07:15:24 - [TEST_STEP][PASSED] - profileName = getExecutionProfile(): null

2020-09-27 07:15:24 - [TEST_STEP][PASSED] - switch (profileName): null

2020-09-27 07:15:24 - [TEST_STEP][PASSED] - case "superUser":: null

2020-09-27 07:15:24 - [TEST_STEP][PASSED] - return null: null

2020-09-27 07:15:24 - [TEST_STEP][PASSED] - Start listener action : beforeTestCase: null

2020-09-27 07:15:24 - [TEST_STEP][PASSED] - profileName = getExecutionProfile(): null

2020-09-27 07:15:24 - [TEST_STEP][PASSED] - if (profileName.equalsIgnoreCase("SysAdmin")): null

2020-09-27 07:15:24 - [TEST_STEP][PASSED] - Start listener action : sampleBeforeTestCase: null

2020-09-27 07:15:24 - [TEST_STEP][PASSED] - profileName = getExecutionProfile(): null

2020-09-27 07:15:24 - [TEST_STEP][PASSED] - testCaseId = testCaseContext.getTestCaseId(): null

2020-09-27 07:15:24 - [TEST_STEP][PASSED] - switch (profileName): null

2020-09-27 07:15:24 - [TEST_STEP][PASSED] - Default: null

2020-09-27 07:15:24 - [TEST_STEP][PASSED] - return null: null

2020-09-27 07:15:24 - [TEST_STEP][PASSED] - Start listener action : executeRows: null

2020-09-27 07:15:25 - [TEST_STEP][PASSED] - Datasheet = findTestData("FDR_E2E-REGRESSION-TESTS-DATA/FDR-E2E-FDR-8209-VOUCHER-APPROVAL-DATA"): null

2020-09-27 07:15:25 - [TEST_STEP][PASSED] - commonFunctions.login(superUserAccnt, superUserPwd): Object: 'Object Repository/FDR-SignIn/SignInButton' is clicked on

2020-09-27 07:15:26 - [MESSAGE][INFO] - Starting 'Chrome' driver

2020-09-27 07:15:26 - [MESSAGE][INFO] - Action delay is set to 0 milliseconds

2020-09-27 07:15:31 - [MESSAGE][PASSED] - Browser is opened with url: 'https://fdr-katalon.cammis-mod-dev.dhcs.ca.gov'

2020-09-27 07:15:33 - [MESSAGE][PASSED] - Current window maximized

2020-09-27 07:15:34 - [MESSAGE][PASSED] - Object 'Object Repository/FDR-SignIn/SignInEmail' is present

2020-09-27 07:15:34 - [MESSAGE][PASSED] - Object: 'Object Repository/FDR-SignIn/SignInEmail' is clicked on

2020-09-27 07:15:34 - [MESSAGE][PASSED] - Object 'Object Repository/FDR-SignIn/SignInEmail' is present

2020-09-27 07:15:35 - [MESSAGE][PASSED] - Text 'fdr.test11@dhcs.ca.gov' is set on object 'Object Repository/FDR-SignIn/SignInEmail'

2020-09-27 07:15:35 - [MESSAGE][PASSED] - Object 'Object Repository/FDR-SignIn/SignInEmailNext' is visible

2020-09-27 07:15:36 - [MESSAGE][PASSED] - Object: 'Object Repository/FDR-SignIn/SignInEmailNext' is clicked on

2020-09-27 07:15:39 - [MESSAGE][PASSED] - Object 'Object Repository/FDR-SignIn/SignInEmailPassword' is visible

2020-09-27 07:15:39 - [MESSAGE][PASSED] - Object: 'Object Repository/FDR-SignIn/SignInEmailPassword' is clicked on

2020-09-27 07:15:39 - [MESSAGE][PASSED] - Text ****** has been set on object 'Object Repository/FDR-SignIn/SignInEmailPassword'

2020-09-27 07:15:41 - [MESSAGE][PASSED] - Object: 'Object Repository/FDR-SignIn/SignInButton' is clicked on

2020-09-27 07:15:41 - [TEST_STEP][PASSED] - commonFunctions.selectRole("accountsPayableProcessor"): Object 'Object Repository/FDR-VoucherEntry/VoucherHeader/reviewButton' is not present after 2 second(s)

2020-09-27 07:15:44 - [MESSAGE][INFO] - Unable to find the element located by 'By.xpath: //*[@data-id='action-button']//*[contains(text(),'Review')]'. Please recheck the objects properties to make sure the desired element is located. 

2020-09-27 07:15:44 - [MESSAGE][WARNING] - Object 'Object Repository/FDR-VoucherEntry/VoucherHeader/reviewButton' is not present after 2 second(s)

2020-09-27 07:15:45 - [MESSAGE][PASSED] - Object: 'Object Repository/FDR-SuperUser-Dashboard/userExpandButton' is clicked on

2020-09-27 07:15:48 - [MESSAGE][INFO] - Unable to find the element located by 'By.xpath: //*[@data-id='action-button']//*[contains(text(),'Review')]'. Please recheck the objects properties to make sure the desired element is located. 

2020-09-27 07:15:48 - [MESSAGE][WARNING] - Object 'Object Repository/FDR-VoucherEntry/VoucherHeader/reviewButton' is not present after 2 second(s)

2020-09-27 07:15:49 - [MESSAGE][PASSED] - Object: 'Object Repository/FDR-SuperUser-Dashboard/accountsPayableProcessor' is clicked on

2020-09-27 07:15:52 - [MESSAGE][INFO] - Unable to find the element located by 'By.xpath: //*[@data-id='action-button']//*[contains(text(),'Review')]'. Please recheck the objects properties to make sure the desired element is located. 

2020-09-27 07:15:52 - [MESSAGE][WARNING] - Object 'Object Repository/FDR-VoucherEntry/VoucherHeader/reviewButton' is not present after 2 second(s)

2020-09-27 07:15:52 - [TEST_STEP][PASSED] - click(findTestObject("Object Repository/FDR-Dashboard/createNewVoucherButton")): Object: 'Object Repository/FDR-Dashboard/createNewVoucherButton' is clicked on

2020-09-27 07:15:52 - [MESSAGE][PASSED] - Object: 'Object Repository/FDR-Dashboard/createNewVoucherButton' is clicked on

2020-09-27 07:15:52 - [TEST_STEP][PASSED] - setText(findTestObject("FDR-VoucherEntry/Voucher/drawDate"), Datasheet.getValue("drawDate", 1)): Text '10/12/2020' is set on object 'Object Repository/FDR-VoucherEntry/Voucher/drawDate'

2020-09-27 07:15:54 - [MESSAGE][PASSED] - Text '10/12/2020' is set on object 'Object Repository/FDR-VoucherEntry/Voucher/drawDate'

2020-09-27 07:15:54 - [TEST_STEP][PASSED] - setText(findTestObject("FDR-VoucherEntry/Voucher/payDate"), Datasheet.getValue("payDate", 1)): Text '10/14/2020' is set on object 'Object Repository/FDR-VoucherEntry/Voucher/payDate'

2020-09-27 07:15:55 - [MESSAGE][PASSED] - Text '10/14/2020' is set on object 'Object Repository/FDR-VoucherEntry/Voucher/payDate'

2020-09-27 07:15:55 - [TEST_STEP][PASSED] - click(findTestObject("FDR-VoucherEntry/Voucher/programType")): Object: 'Object Repository/FDR-VoucherEntry/Voucher/programType' is clicked on

2020-09-27 07:15:55 - [MESSAGE][PASSED] - Object: 'Object Repository/FDR-VoucherEntry/Voucher/programType' is clicked on

2020-09-27 07:15:55 - [TEST_STEP][PASSED] - waitForElementPresent(findTestObject("FDR-VoucherEntry/Voucher/programType"), 2): Object 'Object Repository/FDR-VoucherEntry/Voucher/programType' is present

2020-09-27 07:15:55 - [MESSAGE][PASSED] - Object 'Object Repository/FDR-VoucherEntry/Voucher/programType' is present

2020-09-27 07:15:55 - [TEST_STEP][PASSED] - setText(findTestObject("FDR-VoucherEntry/Voucher/programType"), Datasheet.getValue("programType", 1)): Text 'Medical Assistance (MA)' is set on object 'Object Repository/FDR-VoucherEntry/Voucher/programType'

2020-09-27 07:15:56 - [MESSAGE][PASSED] - Text 'Medical Assistance (MA)' is set on object 'Object Repository/FDR-VoucherEntry/Voucher/programType'

2020-09-27 07:15:56 - [TEST_STEP][PASSED] - waitForElementPresent(findTestObject("FDR-VoucherEntry/Voucher/programType"), 3): Object 'Object Repository/FDR-VoucherEntry/Voucher/programType' is present

2020-09-27 07:15:56 - [MESSAGE][PASSED] - Object 'Object Repository/FDR-VoucherEntry/Voucher/programType' is present

2020-09-27 07:15:56 - [TEST_STEP][PASSED] - sendKeys(findTestObject("FDR-VoucherEntry/Voucher/programType"), Keys.chord(DOWN, ENTER)): Keys 'DOWN + ENTER + ' sent to object: 'Object Repository/FDR-VoucherEntry/Voucher/programType'

2020-09-27 07:15:57 - [MESSAGE][PASSED] - Keys 'DOWN + ENTER + ' sent to object: 'Object Repository/FDR-VoucherEntry/Voucher/programType'

2020-09-27 07:15:57 - [TEST_STEP][PASSED] - click(findTestObject("FDR-VoucherEntry/Voucher/invoiceType")): Object: 'Object Repository/FDR-VoucherEntry/Voucher/invoiceType' is clicked on

2020-09-27 07:15:57 - [MESSAGE][PASSED] - Object: 'Object Repository/FDR-VoucherEntry/Voucher/invoiceType' is clicked on

2020-09-27 07:15:57 - [TEST_STEP][PASSED] - waitForElementPresent(findTestObject("FDR-VoucherEntry/Voucher/invoiceType"), 2): Object 'Object Repository/FDR-VoucherEntry/Voucher/invoiceType' is present

2020-09-27 07:15:58 - [MESSAGE][PASSED] - Object 'Object Repository/FDR-VoucherEntry/Voucher/invoiceType' is present

2020-09-27 07:15:58 - [TEST_STEP][PASSED] - sendKeys(findTestObject("FDR-VoucherEntry/Voucher/invoiceType"), Datasheet.getValue("invoiceType", 1)): Keys 'CAP' sent to object: 'Object Repository/FDR-VoucherEntry/Voucher/invoiceType'

2020-09-27 07:15:58 - [MESSAGE][PASSED] - Keys 'CAP' sent to object: 'Object Repository/FDR-VoucherEntry/Voucher/invoiceType'

2020-09-27 07:15:58 - [TEST_STEP][PASSED] - sendKeys(findTestObject("FDR-VoucherEntry/Voucher/invoiceType"), Keys.chord(DOWN, ENTER)): Keys 'DOWN + ENTER + ' sent to object: 'Object Repository/FDR-VoucherEntry/Voucher/invoiceType'

2020-09-27 07:15:59 - [MESSAGE][PASSED] - Keys 'DOWN + ENTER + ' sent to object: 'Object Repository/FDR-VoucherEntry/Voucher/invoiceType'

2020-09-27 07:15:59 - [TEST_STEP][PASSED] - click(findTestObject("FDR-VoucherEntry/Voucher/fundcode")): Object: 'Object Repository/FDR-VoucherEntry/Voucher/fundcode' is clicked on

2020-09-27 07:15:59 - [MESSAGE][PASSED] - Object: 'Object Repository/FDR-VoucherEntry/Voucher/fundcode' is clicked on

2020-09-27 07:15:59 - [TEST_STEP][PASSED] - waitForElementPresent(findTestObject("FDR-VoucherEntry/Voucher/fundcode"), 1): Object 'Object Repository/FDR-VoucherEntry/Voucher/fundcode' is present

2020-09-27 07:16:00 - [MESSAGE][PASSED] - Object 'Object Repository/FDR-VoucherEntry/Voucher/fundcode' is present

2020-09-27 07:16:00 - [TEST_STEP][PASSED] - sendKeys(findTestObject("FDR-VoucherEntry/Voucher/fundcode"), Datasheet.getValue("fundcode", 1)): Keys 'Health Care Deposit Fund (0912)' sent to object: 'Object Repository/FDR-VoucherEntry/Voucher/fundcode'

2020-09-27 07:16:00 - [MESSAGE][PASSED] - Keys 'Health Care Deposit Fund (0912)' sent to object: 'Object Repository/FDR-VoucherEntry/Voucher/fundcode'

2020-09-27 07:16:00 - [TEST_STEP][PASSED] - sendKeys(findTestObject("FDR-VoucherEntry/Voucher/fundcode"), Keys.chord(DOWN, ENTER)): Keys 'DOWN + ENTER + ' sent to object: 'Object Repository/FDR-VoucherEntry/Voucher/fundcode'

2020-09-27 07:16:01 - [MESSAGE][PASSED] - Keys 'DOWN + ENTER + ' sent to object: 'Object Repository/FDR-VoucherEntry/Voucher/fundcode'

2020-09-27 07:16:01 - [TEST_STEP][PASSED] - click(findTestObject("FDR-VoucherEntry/Voucher/supplierID")): Object: 'Object Repository/FDR-VoucherEntry/Voucher/supplierID' is clicked on

2020-09-27 07:16:02 - [MESSAGE][PASSED] - Object: 'Object Repository/FDR-VoucherEntry/Voucher/supplierID' is clicked on

2020-09-27 07:16:02 - [TEST_STEP][PASSED] - waitForElementPresent(findTestObject("FDR-VoucherEntry/Voucher/supplierID"), 1): Object 'Object Repository/FDR-VoucherEntry/Voucher/supplierID' is present

2020-09-27 07:16:02 - [MESSAGE][PASSED] - Object 'Object Repository/FDR-VoucherEntry/Voucher/supplierID' is present

2020-09-27 07:16:02 - [TEST_STEP][PASSED] - sendKeys(findTestObject("FDR-VoucherEntry/Voucher/supplierID"), Datasheet.getValue("supplierID", 1)): Keys '0000007954' sent to object: 'Object Repository/FDR-VoucherEntry/Voucher/supplierID'

2020-09-27 07:16:03 - [MESSAGE][PASSED] - Keys '0000007954' sent to object: 'Object Repository/FDR-VoucherEntry/Voucher/supplierID'

2020-09-27 07:16:03 - [TEST_STEP][PASSED] - sendKeys(findTestObject("FDR-VoucherEntry/Voucher/supplierID"), Keys.chord(DOWN, ENTER)): Keys 'DOWN + ENTER + ' sent to object: 'Object Repository/FDR-VoucherEntry/Voucher/supplierID'

2020-09-27 07:16:03 - [MESSAGE][PASSED] - Keys 'DOWN + ENTER + ' sent to object: 'Object Repository/FDR-VoucherEntry/Voucher/supplierID'

2020-09-27 07:16:03 - [TEST_STEP][PASSED] - click(findTestObject("FDR-VoucherEntry/Voucher/seqNum")): Object: 'Object Repository/FDR-VoucherEntry/Voucher/seqNum' is clicked on

2020-09-27 07:16:04 - [MESSAGE][PASSED] - Object: 'Object Repository/FDR-VoucherEntry/Voucher/seqNum' is clicked on

2020-09-27 07:16:04 - [TEST_STEP][PASSED] - waitForElementPresent(findTestObject("FDR-VoucherEntry/Voucher/seqNum"), 3): Object 'Object Repository/FDR-VoucherEntry/Voucher/seqNum' is present

2020-09-27 07:16:04 - [MESSAGE][PASSED] - Object 'Object Repository/FDR-VoucherEntry/Voucher/seqNum' is present

2020-09-27 07:16:04 - [TEST_STEP][PASSED] - sendKeys(findTestObject("FDR-VoucherEntry/Voucher/supplierID"), Datasheet.getValue("seqNum", 1)): Keys '01' sent to object: 'Object Repository/FDR-VoucherEntry/Voucher/supplierID'

2020-09-27 07:16:05 - [MESSAGE][PASSED] - Keys '01' sent to object: 'Object Repository/FDR-VoucherEntry/Voucher/supplierID'

2020-09-27 07:16:05 - [TEST_STEP][PASSED] - click(findTestObject("FDR-VoucherEntry/Voucher/seqNum")): Object: 'Object Repository/FDR-VoucherEntry/Voucher/seqNum' is clicked on

2020-09-27 07:16:05 - [MESSAGE][PASSED] - Object: 'Object Repository/FDR-VoucherEntry/Voucher/seqNum' is clicked on

2020-09-27 07:16:05 - [TEST_STEP][PASSED] - sendKeys(findTestObject("FDR-VoucherEntry/Voucher/seqNum"), Keys.chord(DOWN, ENTER)): Keys 'DOWN + ENTER + ' sent to object: 'Object Repository/FDR-VoucherEntry/Voucher/seqNum'

2020-09-27 07:16:06 - [MESSAGE][PASSED] - Keys 'DOWN + ENTER + ' sent to object: 'Object Repository/FDR-VoucherEntry/Voucher/seqNum'

2020-09-27 07:16:06 - [TEST_STEP][PASSED] - click(findTestObject("FDR-VoucherEntry/Voucher/contractNum")): Object: 'Object Repository/FDR-VoucherEntry/Voucher/contractNum' is clicked on

2020-09-27 07:16:06 - [MESSAGE][PASSED] - Object: 'Object Repository/FDR-VoucherEntry/Voucher/contractNum' is clicked on

2020-09-27 07:16:06 - [TEST_STEP][PASSED] - waitForElementPresent(findTestObject("FDR-VoucherEntry/Voucher/contractNum"), 1): Object 'Object Repository/FDR-VoucherEntry/Voucher/contractNum' is present

2020-09-27 07:16:07 - [MESSAGE][PASSED] - Object 'Object Repository/FDR-VoucherEntry/Voucher/contractNum' is present

2020-09-27 07:16:07 - [TEST_STEP][PASSED] - sendKeys(findTestObject("FDR-VoucherEntry/Voucher/contractNum"), Datasheet.getValue("contractNum", 1)): Keys '07-65707' sent to object: 'Object Repository/FDR-VoucherEntry/Voucher/contractNum'

2020-09-27 07:16:07 - [MESSAGE][PASSED] - Keys '07-65707' sent to object: 'Object Repository/FDR-VoucherEntry/Voucher/contractNum'

2020-09-27 07:16:07 - [TEST_STEP][PASSED] - click(findTestObject("FDR-VoucherEntry/Voucher/contractNum")): Object: 'Object Repository/FDR-VoucherEntry/Voucher/contractNum' is clicked on

2020-09-27 07:16:07 - [MESSAGE][PASSED] - Object: 'Object Repository/FDR-VoucherEntry/Voucher/contractNum' is clicked on

2020-09-27 07:16:07 - [TEST_STEP][PASSED] - sendKeys(findTestObject("FDR-VoucherEntry/Voucher/contractNum"), Keys.chord(DOWN, ENTER)): Keys 'DOWN + ENTER + ' sent to object: 'Object Repository/FDR-VoucherEntry/Voucher/contractNum'

2020-09-27 07:16:08 - [MESSAGE][PASSED] - Keys 'DOWN + ENTER + ' sent to object: 'Object Repository/FDR-VoucherEntry/Voucher/contractNum'

2020-09-27 07:16:08 - [TEST_STEP][PASSED] - click(findTestObject("FDR-VoucherEntry/Voucher/vendorMessage")): Object: 'Object Repository/FDR-VoucherEntry/Voucher/vendorMessage' is clicked on

2020-09-27 07:16:08 - [MESSAGE][PASSED] - Object: 'Object Repository/FDR-VoucherEntry/Voucher/vendorMessage' is clicked on

2020-09-27 07:16:08 - [TEST_STEP][PASSED] - setText(findTestObject("Object Repository/FDR-VoucherEntry/Voucher/vendorMessage"), Datasheet.getValue("vendorMessage", 1)): Text 'TestCase ONE' is set on object 'Object Repository/FDR-VoucherEntry/Voucher/vendorMessage'

2020-09-27 07:16:10 - [MESSAGE][PASSED] - Text 'TestCase ONE' is set on object 'Object Repository/FDR-VoucherEntry/Voucher/vendorMessage'

2020-09-27 07:16:10 - [TEST_STEP][PASSED] - click(findTestObject("FDR-VoucherEntry/Voucher/primaryContact")): Object: 'Object Repository/FDR-VoucherEntry/Voucher/primaryContact' is clicked on

2020-09-27 07:16:10 - [MESSAGE][PASSED] - Object: 'Object Repository/FDR-VoucherEntry/Voucher/primaryContact' is clicked on

2020-09-27 07:16:10 - [TEST_STEP][PASSED] - waitForElementPresent(findTestObject("FDR-VoucherEntry/Voucher/primaryContact"), 1): Object 'Object Repository/FDR-VoucherEntry/Voucher/primaryContact' is present

2020-09-27 07:16:11 - [MESSAGE][PASSED] - Object 'Object Repository/FDR-VoucherEntry/Voucher/primaryContact' is present

2020-09-27 07:16:11 - [TEST_STEP][PASSED] - sendKeys(findTestObject("FDR-VoucherEntry/Voucher/primaryContact"), Datasheet.getValue("primaryContact", 1)): Keys 'James Mowrer' sent to object: 'Object Repository/FDR-VoucherEntry/Voucher/primaryContact'

2020-09-27 07:16:11 - [MESSAGE][PASSED] - Keys 'James Mowrer' sent to object: 'Object Repository/FDR-VoucherEntry/Voucher/primaryContact'

2020-09-27 07:16:11 - [TEST_STEP][PASSED] - sendKeys(findTestObject("FDR-VoucherEntry/Voucher/primaryContact"), Keys.chord(DOWN, ENTER)): Keys 'DOWN + ENTER + ' sent to object: 'Object Repository/FDR-VoucherEntry/Voucher/primaryContact'

2020-09-27 07:16:12 - [MESSAGE][PASSED] - Keys 'DOWN + ENTER + ' sent to object: 'Object Repository/FDR-VoucherEntry/Voucher/primaryContact'

2020-09-27 07:16:12 - [TEST_STEP][PASSED] - click(findTestObject("FDR-VoucherEntry/Voucher/secondaryContact")): Object: 'Object Repository/FDR-VoucherEntry/Voucher/secondaryContact' is clicked on

2020-09-27 07:16:12 - [MESSAGE][PASSED] - Object: 'Object Repository/FDR-VoucherEntry/Voucher/secondaryContact' is clicked on

2020-09-27 07:16:12 - [TEST_STEP][PASSED] - waitForElementPresent(findTestObject("FDR-VoucherEntry/Voucher/secondaryContact"), 1): Object 'Object Repository/FDR-VoucherEntry/Voucher/secondaryContact' is present

2020-09-27 07:16:13 - [MESSAGE][PASSED] - Object 'Object Repository/FDR-VoucherEntry/Voucher/secondaryContact' is present

2020-09-27 07:16:13 - [TEST_STEP][PASSED] - sendKeys(findTestObject("FDR-VoucherEntry/Voucher/secondaryContact"), Datasheet.getValue("secondaryContact", 1)): Keys 'Aung Lin' sent to object: 'Object Repository/FDR-VoucherEntry/Voucher/secondaryContact'

2020-09-27 07:16:13 - [MESSAGE][PASSED] - Keys 'Aung Lin' sent to object: 'Object Repository/FDR-VoucherEntry/Voucher/secondaryContact'

2020-09-27 07:16:13 - [TEST_STEP][PASSED] - sendKeys(findTestObject("FDR-VoucherEntry/Voucher/secondaryContact"), Keys.chord(DOWN, ENTER)): Keys 'DOWN + ENTER + ' sent to object: 'Object Repository/FDR-VoucherEntry/Voucher/secondaryContact'

2020-09-27 07:16:13 - [MESSAGE][PASSED] - Keys 'DOWN + ENTER + ' sent to object: 'Object Repository/FDR-VoucherEntry/Voucher/secondaryContact'

2020-09-27 07:16:13 - [TEST_STEP][PASSED] - click(findTestObject("FDR-VoucherEntry/Voucher/buttonNext")): Object: 'Object Repository/FDR-VoucherEntry/Voucher/buttonNext' is clicked on

2020-09-27 07:16:14 - [MESSAGE][PASSED] - Object: 'Object Repository/FDR-VoucherEntry/Voucher/buttonNext' is clicked on

2020-09-27 07:16:14 - [TEST_STEP][PASSED] - delay(1): Delayed 1 second(s)

2020-09-27 07:16:15 - [MESSAGE][PASSED] - Delayed 1 second(s)

2020-09-27 07:16:15 - [TEST_STEP][PASSED] - delay(3): Delayed 3 second(s)

2020-09-27 07:16:18 - [MESSAGE][PASSED] - Delayed 3 second(s)

2020-09-27 07:16:18 - [TEST_STEP][PASSED] - noOfLine = Datasheet.getValue("NoOfLines", 1): null

2020-09-27 07:16:18 - [TEST_STEP][PASSED] - str = noOfLine: null

2020-09-27 07:16:18 - [TEST_STEP][PASSED] - for ([j = 1, j <= str, (j++)]): Object: 'Object Repository/FDR-VoucherEntry/DistributionLine/addSaveButton' is clicked on

2020-09-27 07:16:18 - [TEST_STEP][PASSED] - irandom = Random().nextInt(900000) + 100000: null

2020-09-27 07:16:18 - [TEST_STEP][PASSED] - click(findTestObject("FDR-VoucherEntry/InvoiceLine/invoice")): Object: 'Object Repository/FDR-VoucherEntry/InvoiceLine/invoice' is clicked on

2020-09-27 07:16:18 - [MESSAGE][PASSED] - Object: 'Object Repository/FDR-VoucherEntry/InvoiceLine/invoice' is clicked on

2020-09-27 07:16:18 - [TEST_STEP][PASSED] - setText(findTestObject("FDR-VoucherEntry/InvoiceLine/invoice"), "INC-" + irandom): Text 'INC-178356' is set on object 'Object Repository/FDR-VoucherEntry/InvoiceLine/invoice'

2020-09-27 07:16:19 - [MESSAGE][PASSED] - Text 'INC-178356' is set on object 'Object Repository/FDR-VoucherEntry/InvoiceLine/invoice'

2020-09-27 07:16:19 - [TEST_STEP][PASSED] - click(findTestObject("FDR-VoucherEntry/InvoiceLine/invoiceDate")): Object: 'Object Repository/FDR-VoucherEntry/InvoiceLine/invoiceDate' is clicked on

2020-09-27 07:16:20 - [MESSAGE][PASSED] - Object: 'Object Repository/FDR-VoucherEntry/InvoiceLine/invoiceDate' is clicked on

2020-09-27 07:16:20 - [TEST_STEP][PASSED] - setText(findTestObject("FDR-VoucherEntry/InvoiceLine/invoiceDate"), Datasheet.getValue("invoiceDate", 1)): Text '09/27/2020' is set on object 'Object Repository/FDR-VoucherEntry/InvoiceLine/invoiceDate'

2020-09-27 07:16:20 - [MESSAGE][PASSED] - Text '09/27/2020' is set on object 'Object Repository/FDR-VoucherEntry/InvoiceLine/invoiceDate'

2020-09-27 07:16:20 - [TEST_STEP][PASSED] - click(findTestObject("FDR-VoucherEntry/InvoiceLine/originalWarrantDate")): Object: 'Object Repository/FDR-VoucherEntry/InvoiceLine/originalWarrantDate' is clicked on

2020-09-27 07:16:21 - [MESSAGE][PASSED] - Object: 'Object Repository/FDR-VoucherEntry/InvoiceLine/originalWarrantDate' is clicked on

2020-09-27 07:16:21 - [TEST_STEP][PASSED] - setText(findTestObject("FDR-VoucherEntry/InvoiceLine/originalWarrantDate"), Datasheet.getValue("originalWarrantDate", 1)): Text '09/27/2020' is set on object 'Object Repository/FDR-VoucherEntry/InvoiceLine/originalWarrantDate'

2020-09-27 07:16:22 - [MESSAGE][PASSED] - Text '09/27/2020' is set on object 'Object Repository/FDR-VoucherEntry/InvoiceLine/originalWarrantDate'

2020-09-27 07:16:22 - [TEST_STEP][PASSED] - delay(3): Delayed 3 second(s)

2020-09-27 07:16:25 - [MESSAGE][PASSED] - Delayed 3 second(s)

2020-09-27 07:16:25 - [TEST_STEP][PASSED] - click(findTestObject("FDR-VoucherEntry/InvoiceLine/addInvoiceLineButton")): Object: 'Object Repository/FDR-VoucherEntry/InvoiceLine/addInvoiceLineButton' is clicked on

2020-09-27 07:16:25 - [MESSAGE][PASSED] - Object: 'Object Repository/FDR-VoucherEntry/InvoiceLine/addInvoiceLineButton' is clicked on

2020-09-27 07:16:25 - [TEST_STEP][PASSED] - delay(5): Delayed 5 second(s)

2020-09-27 07:16:30 - [MESSAGE][PASSED] - Delayed 5 second(s)

2020-09-27 07:16:30 - [TEST_STEP][PASSED] - if (j == 1): Object: 'Object Repository/FDR-EditVoucher/expandicon1' is clicked on

2020-09-27 07:16:30 - [TEST_STEP][PASSED] - click(findTestObject("Object Repository/FDR-EditVoucher/expandicon1")): Object: 'Object Repository/FDR-EditVoucher/expandicon1' is clicked on

2020-09-27 07:16:30 - [MESSAGE][PASSED] - Object: 'Object Repository/FDR-EditVoucher/expandicon1' is clicked on

2020-09-27 07:16:30 - [TEST_STEP][PASSED] - click(findTestObject("FDR-VoucherEntry/InvoiceLine/invoiceAddlineButton")): Object: 'Object Repository/FDR-VoucherEntry/InvoiceLine/invoiceAddlineButton' is clicked on

2020-09-27 07:16:32 - [MESSAGE][PASSED] - Object: 'Object Repository/FDR-VoucherEntry/InvoiceLine/invoiceAddlineButton' is clicked on

2020-09-27 07:16:32 - [TEST_STEP][PASSED] - click(findTestObject("FDR-VoucherEntry/DistributionLine/serviceDateFrom")): Object: 'Object Repository/FDR-VoucherEntry/DistributionLine/serviceDateFrom' is clicked on

2020-09-27 07:16:32 - [MESSAGE][PASSED] - Object: 'Object Repository/FDR-VoucherEntry/DistributionLine/serviceDateFrom' is clicked on

2020-09-27 07:16:32 - [TEST_STEP][PASSED] - setText(findTestObject("FDR-VoucherEntry/DistributionLine/serviceDateFrom"), Datasheet.getValue("serviceDateFrom", 1)): Text '09/27/2020' is set on object 'Object Repository/FDR-VoucherEntry/DistributionLine/serviceDateFrom'

2020-09-27 07:16:33 - [MESSAGE][PASSED] - Text '09/27/2020' is set on object 'Object Repository/FDR-VoucherEntry/DistributionLine/serviceDateFrom'

2020-09-27 07:16:33 - [TEST_STEP][PASSED] - setText(findTestObject("FDR-VoucherEntry/DistributionLine/serviceDateTo"), Datasheet.getValue("serviceDateTo", 1)): Text '09/27/2020' is set on object 'Object Repository/FDR-VoucherEntry/DistributionLine/serviceDateTo'

2020-09-27 07:16:35 - [MESSAGE][PASSED] - Text '09/27/2020' is set on object 'Object Repository/FDR-VoucherEntry/DistributionLine/serviceDateTo'

2020-09-27 07:16:35 - [TEST_STEP][PASSED] - click(findTestObject("FDR-VoucherEntry/DistributionLine/amount")): Object: 'Object Repository/FDR-VoucherEntry/DistributionLine/amount' is clicked on

2020-09-27 07:16:35 - [MESSAGE][PASSED] - Object: 'Object Repository/FDR-VoucherEntry/DistributionLine/amount' is clicked on

2020-09-27 07:16:35 - [TEST_STEP][PASSED] - setText(findTestObject("FDR-VoucherEntry/DistributionLine/amount"), Datasheet.getValue("amount", 1)): Text '100000' is set on object 'Object Repository/FDR-VoucherEntry/DistributionLine/amount'

2020-09-27 07:16:36 - [MESSAGE][PASSED] - Text '100000' is set on object 'Object Repository/FDR-VoucherEntry/DistributionLine/amount'

2020-09-27 07:16:36 - [TEST_STEP][PASSED] - click(findTestObject("FDR-VoucherEntry/DistributionLine/waiverType")): Object: 'Object Repository/FDR-VoucherEntry/DistributionLine/waiverType' is clicked on

2020-09-27 07:16:37 - [MESSAGE][PASSED] - Object: 'Object Repository/FDR-VoucherEntry/DistributionLine/waiverType' is clicked on

2020-09-27 07:16:37 - [TEST_STEP][PASSED] - setText(findTestObject("FDR-VoucherEntry/DistributionLine/waiverType"), Datasheet.getValue("waiverType", 1)): Text '2020' is set on object 'Object Repository/FDR-VoucherEntry/DistributionLine/waiverType'

2020-09-27 07:16:37 - [MESSAGE][PASSED] - Text '2020' is set on object 'Object Repository/FDR-VoucherEntry/DistributionLine/waiverType'

2020-09-27 07:16:37 - [TEST_STEP][PASSED] - sendKeys(findTestObject("FDR-VoucherEntry/DistributionLine/waiverType"), Keys.chord(DOWN, ENTER)): Keys 'DOWN + ENTER + ' sent to object: 'Object Repository/FDR-VoucherEntry/DistributionLine/waiverType'

2020-09-27 07:16:38 - [MESSAGE][PASSED] - Keys 'DOWN + ENTER + ' sent to object: 'Object Repository/FDR-VoucherEntry/DistributionLine/waiverType'

2020-09-27 07:16:38 - [TEST_STEP][PASSED] - click(findTestObject("FDR-VoucherEntry/DistributionLine/waiverName")): Object: 'Object Repository/FDR-VoucherEntry/DistributionLine/waiverName' is clicked on

2020-09-27 07:16:39 - [MESSAGE][PASSED] - Object: 'Object Repository/FDR-VoucherEntry/DistributionLine/waiverName' is clicked on

2020-09-27 07:16:39 - [TEST_STEP][PASSED] - setText(findTestObject("FDR-VoucherEntry/DistributionLine/waiverName"), Datasheet.getValue("waiverName", 1)): Text 'A-FamilyU TPM/GMC' is set on object 'Object Repository/FDR-VoucherEntry/DistributionLine/waiverName'

2020-09-27 07:16:39 - [MESSAGE][PASSED] - Text 'A-FamilyU TPM/GMC' is set on object 'Object Repository/FDR-VoucherEntry/DistributionLine/waiverName'

2020-09-27 07:16:39 - [TEST_STEP][PASSED] - sendKeys(findTestObject("FDR-VoucherEntry/DistributionLine/waiverName"), Keys.chord(DOWN, ENTER)): Keys 'DOWN + ENTER + ' sent to object: 'Object Repository/FDR-VoucherEntry/DistributionLine/waiverName'

2020-09-27 07:16:40 - [MESSAGE][PASSED] - Keys 'DOWN + ENTER + ' sent to object: 'Object Repository/FDR-VoucherEntry/DistributionLine/waiverName'

2020-09-27 07:16:40 - [TEST_STEP][PASSED] - click(findTestObject("FDR-VoucherEntry/DistributionLine/fundingSource")): Object: 'Object Repository/FDR-VoucherEntry/DistributionLine/fundingSource' is clicked on

2020-09-27 07:16:41 - [MESSAGE][PASSED] - Object: 'Object Repository/FDR-VoucherEntry/DistributionLine/fundingSource' is clicked on

2020-09-27 07:16:41 - [TEST_STEP][PASSED] - setText(findTestObject("FDR-VoucherEntry/DistributionLine/fundingSource"), Datasheet.getValue("fundingSource", 1)): Text 'Dental' is set on object 'Object Repository/FDR-VoucherEntry/DistributionLine/fundingSource'

2020-09-27 07:16:41 - [MESSAGE][PASSED] - Text 'Dental' is set on object 'Object Repository/FDR-VoucherEntry/DistributionLine/fundingSource'

2020-09-27 07:16:41 - [TEST_STEP][PASSED] - sendKeys(findTestObject("FDR-VoucherEntry/DistributionLine/fundingSource"), Keys.chord(DOWN, ENTER)): Keys 'DOWN + ENTER + ' sent to object: 'Object Repository/FDR-VoucherEntry/DistributionLine/fundingSource'

2020-09-27 07:16:42 - [MESSAGE][PASSED] - Keys 'DOWN + ENTER + ' sent to object: 'Object Repository/FDR-VoucherEntry/DistributionLine/fundingSource'

2020-09-27 07:16:42 - [TEST_STEP][PASSED] - click(findTestObject("FDR-VoucherEntry/DistributionLine/fundRatio")): Object: 'Object Repository/FDR-VoucherEntry/DistributionLine/fundRatio' is clicked on

2020-09-27 07:16:43 - [MESSAGE][PASSED] - Object: 'Object Repository/FDR-VoucherEntry/DistributionLine/fundRatio' is clicked on

2020-09-27 07:16:43 - [TEST_STEP][PASSED] - setText(findTestObject("FDR-VoucherEntry/DistributionLine/fundRatio"), Datasheet.getValue("fundRatio", 1)): Text '50/50' is set on object 'Object Repository/FDR-VoucherEntry/DistributionLine/fundRatio'

2020-09-27 07:16:43 - [MESSAGE][PASSED] - Text '50/50' is set on object 'Object Repository/FDR-VoucherEntry/DistributionLine/fundRatio'

2020-09-27 07:16:43 - [TEST_STEP][PASSED] - sendKeys(findTestObject("FDR-VoucherEntry/DistributionLine/fundRatio"), Keys.chord(DOWN, ENTER)): Keys 'DOWN + ENTER + ' sent to object: 'Object Repository/FDR-VoucherEntry/DistributionLine/fundRatio'

2020-09-27 07:16:44 - [MESSAGE][PASSED] - Keys 'DOWN + ENTER + ' sent to object: 'Object Repository/FDR-VoucherEntry/DistributionLine/fundRatio'

2020-09-27 07:16:44 - [TEST_STEP][PASSED] - click(findTestObject("FDR-VoucherEntry/DistributionLine/nonFederalFund")): Object: 'Object Repository/FDR-VoucherEntry/DistributionLine/nonFederalFund' is clicked on

2020-09-27 07:16:45 - [MESSAGE][PASSED] - Object: 'Object Repository/FDR-VoucherEntry/DistributionLine/nonFederalFund' is clicked on

2020-09-27 07:16:45 - [TEST_STEP][PASSED] - setText(findTestObject("FDR-VoucherEntry/DistributionLine/nonFederalFund"), Datasheet.getValue("nonFederalFund", 1)): Text '3158' is set on object 'Object Repository/FDR-VoucherEntry/DistributionLine/nonFederalFund'

2020-09-27 07:16:45 - [MESSAGE][PASSED] - Text '3158' is set on object 'Object Repository/FDR-VoucherEntry/DistributionLine/nonFederalFund'

2020-09-27 07:16:45 - [TEST_STEP][PASSED] - sendKeys(findTestObject("FDR-VoucherEntry/DistributionLine/nonFederalFund"), Keys.chord(DOWN, ENTER)): Keys 'DOWN + ENTER + ' sent to object: 'Object Repository/FDR-VoucherEntry/DistributionLine/nonFederalFund'

2020-09-27 07:16:46 - [MESSAGE][PASSED] - Keys 'DOWN + ENTER + ' sent to object: 'Object Repository/FDR-VoucherEntry/DistributionLine/nonFederalFund'

2020-09-27 07:16:46 - [TEST_STEP][PASSED] - click(findTestObject("FDR-VoucherEntry/DistributionLine/account")): Object: 'Object Repository/FDR-VoucherEntry/DistributionLine/account' is clicked on

2020-09-27 07:16:47 - [MESSAGE][PASSED] - Object: 'Object Repository/FDR-VoucherEntry/DistributionLine/account' is clicked on

2020-09-27 07:16:47 - [TEST_STEP][PASSED] - sendKeys(findTestObject("FDR-VoucherEntry/DistributionLine/account"), Datasheet.getValue("account", 1)): Keys '5442000' sent to object: 'Object Repository/FDR-VoucherEntry/DistributionLine/account'

2020-09-27 07:16:47 - [MESSAGE][PASSED] - Keys '5442000' sent to object: 'Object Repository/FDR-VoucherEntry/DistributionLine/account'

2020-09-27 07:16:47 - [TEST_STEP][PASSED] - sendKeys(findTestObject("FDR-VoucherEntry/DistributionLine/account"), Keys.chord(DOWN, ENTER)): Keys 'DOWN + ENTER + ' sent to object: 'Object Repository/FDR-VoucherEntry/DistributionLine/account'

2020-09-27 07:16:48 - [MESSAGE][PASSED] - Keys 'DOWN + ENTER + ' sent to object: 'Object Repository/FDR-VoucherEntry/DistributionLine/account'

2020-09-27 07:16:48 - [TEST_STEP][PASSED] - click(findTestObject("FDR-VoucherEntry/DistributionLine/altAccount")): Object: 'Object Repository/FDR-VoucherEntry/DistributionLine/altAccount' is clicked on

2020-09-27 07:16:48 - [MESSAGE][PASSED] - Object: 'Object Repository/FDR-VoucherEntry/DistributionLine/altAccount' is clicked on

2020-09-27 07:16:48 - [TEST_STEP][PASSED] - sendKeys(findTestObject("FDR-VoucherEntry/DistributionLine/altAccount"), Datasheet.getValue("altAccount", 1)): Keys '5442000089' sent to object: 'Object Repository/FDR-VoucherEntry/DistributionLine/altAccount'

2020-09-27 07:16:49 - [MESSAGE][PASSED] - Keys '5442000089' sent to object: 'Object Repository/FDR-VoucherEntry/DistributionLine/altAccount'

2020-09-27 07:16:49 - [TEST_STEP][PASSED] - sendKeys(findTestObject("FDR-VoucherEntry/DistributionLine/altAccount"), Keys.chord(DOWN, ENTER)): Keys 'DOWN + ENTER + ' sent to object: 'Object Repository/FDR-VoucherEntry/DistributionLine/altAccount'

2020-09-27 07:16:49 - [MESSAGE][PASSED] - Keys 'DOWN + ENTER + ' sent to object: 'Object Repository/FDR-VoucherEntry/DistributionLine/altAccount'

2020-09-27 07:16:49 - [TEST_STEP][PASSED] - click(findTestObject("FDR-VoucherEntry/DistributionLine/serviceCategory")): Object: 'Object Repository/FDR-VoucherEntry/DistributionLine/serviceCategory' is clicked on

2020-09-27 07:16:50 - [MESSAGE][PASSED] - Object: 'Object Repository/FDR-VoucherEntry/DistributionLine/serviceCategory' is clicked on

2020-09-27 07:16:50 - [TEST_STEP][PASSED] - sendKeys(findTestObject("FDR-VoucherEntry/DistributionLine/serviceCategory"), Datasheet.getValue("serviceCategory", 1)): Keys '18B1' sent to object: 'Object Repository/FDR-VoucherEntry/DistributionLine/serviceCategory'

2020-09-27 07:16:51 - [MESSAGE][PASSED] - Keys '18B1' sent to object: 'Object Repository/FDR-VoucherEntry/DistributionLine/serviceCategory'

2020-09-27 07:16:51 - [TEST_STEP][PASSED] - sendKeys(findTestObject("FDR-VoucherEntry/DistributionLine/serviceCategory"), Keys.chord(DOWN, ENTER)): Keys 'DOWN + ENTER + ' sent to object: 'Object Repository/FDR-VoucherEntry/DistributionLine/serviceCategory'

2020-09-27 07:16:51 - [MESSAGE][PASSED] - Keys 'DOWN + ENTER + ' sent to object: 'Object Repository/FDR-VoucherEntry/DistributionLine/serviceCategory'

2020-09-27 07:16:51 - [TEST_STEP][PASSED] - click(findTestObject("FDR-VoucherEntry/DistributionLine/incDecLine")): Object: 'Object Repository/FDR-VoucherEntry/DistributionLine/incDecLine' is clicked on

2020-09-27 07:16:51 - [MESSAGE][PASSED] - Object: 'Object Repository/FDR-VoucherEntry/DistributionLine/incDecLine' is clicked on

2020-09-27 07:16:51 - [TEST_STEP][PASSED] - sendKeys(findTestObject("FDR-VoucherEntry/DistributionLine/incDecLine"), Datasheet.getValue("incDecLine", 1)): Keys '1: New (service Period is current quarter and never been claimed)' sent to object: 'Object Repository/FDR-VoucherEntry/DistributionLine/incDecLine'

2020-09-27 07:16:52 - [MESSAGE][PASSED] - Keys '1: New (service Period is current quarter and never been claimed)' sent to object: 'Object Repository/FDR-VoucherEntry/DistributionLine/incDecLine'

2020-09-27 07:16:52 - [TEST_STEP][PASSED] - sendKeys(findTestObject("FDR-VoucherEntry/DistributionLine/incDecLine"), Keys.chord(DOWN, ENTER)): Keys 'DOWN + ENTER + ' sent to object: 'Object Repository/FDR-VoucherEntry/DistributionLine/incDecLine'

2020-09-27 07:16:53 - [MESSAGE][PASSED] - Keys 'DOWN + ENTER + ' sent to object: 'Object Repository/FDR-VoucherEntry/DistributionLine/incDecLine'

2020-09-27 07:16:53 - [TEST_STEP][PASSED] - click(findTestObject("FDR-VoucherEntry/DistributionLine/index")): Object: 'Object Repository/FDR-VoucherEntry/DistributionLine/index' is clicked on

2020-09-27 07:16:53 - [MESSAGE][PASSED] - Object: 'Object Repository/FDR-VoucherEntry/DistributionLine/index' is clicked on

2020-09-27 07:16:53 - [TEST_STEP][PASSED] - sendKeys(findTestObject("FDR-VoucherEntry/DistributionLine/index"), Datasheet.getValue("index", 1)): Keys '1155' sent to object: 'Object Repository/FDR-VoucherEntry/DistributionLine/index'

2020-09-27 07:16:54 - [MESSAGE][PASSED] - Keys '1155' sent to object: 'Object Repository/FDR-VoucherEntry/DistributionLine/index'

2020-09-27 07:16:54 - [TEST_STEP][PASSED] - sendKeys(findTestObject("FDR-VoucherEntry/DistributionLine/index"), Keys.chord(DOWN, ENTER)): Keys 'DOWN + ENTER + ' sent to object: 'Object Repository/FDR-VoucherEntry/DistributionLine/index'

2020-09-27 07:16:54 - [MESSAGE][PASSED] - Keys 'DOWN + ENTER + ' sent to object: 'Object Repository/FDR-VoucherEntry/DistributionLine/index'

2020-09-27 07:16:54 - [TEST_STEP][PASSED] - click(findTestObject("FDR-VoucherEntry/DistributionLine/ServiceLocation")): Object: 'Object Repository/FDR-VoucherEntry/DistributionLine/ServiceLocation' is clicked on

2020-09-27 07:16:55 - [MESSAGE][PASSED] - Object: 'Object Repository/FDR-VoucherEntry/DistributionLine/ServiceLocation' is clicked on

2020-09-27 07:16:55 - [TEST_STEP][PASSED] - sendKeys(findTestObject("FDR-VoucherEntry/DistributionLine/ServiceLocation"), Datasheet.getValue("ServiceLocation", 1)): Keys '12345' sent to object: 'Object Repository/FDR-VoucherEntry/DistributionLine/ServiceLocation'

2020-09-27 07:16:56 - [MESSAGE][PASSED] - Keys '12345' sent to object: 'Object Repository/FDR-VoucherEntry/DistributionLine/ServiceLocation'

2020-09-27 07:16:56 - [TEST_STEP][PASSED] - sendKeys(findTestObject("FDR-VoucherEntry/DistributionLine/ServiceLocation"), Keys.chord(DOWN, ENTER)): Keys 'DOWN + ENTER + ' sent to object: 'Object Repository/FDR-VoucherEntry/DistributionLine/ServiceLocation'

2020-09-27 07:16:56 - [MESSAGE][PASSED] - Keys 'DOWN + ENTER + ' sent to object: 'Object Repository/FDR-VoucherEntry/DistributionLine/ServiceLocation'

2020-09-27 07:16:56 - [TEST_STEP][PASSED] - click(findTestObject("Object Repository/FDR-VoucherEntry/DistributionLine/addSaveButton")): Object: 'Object Repository/FDR-VoucherEntry/DistributionLine/addSaveButton' is clicked on

2020-09-27 07:16:57 - [MESSAGE][PASSED] - Object: 'Object Repository/FDR-VoucherEntry/DistributionLine/addSaveButton' is clicked on

2020-09-27 07:16:57 - [TEST_STEP][PASSED] - processorVoucherNumber = getText(findTestObject("FDR-VoucherEntry/VoucherHeader/voucherNum")): Text of object 'Object Repository/FDR-VoucherEntry/VoucherHeader/voucherNum' is: 'CAP00000196'

2020-09-27 07:16:58 - [MESSAGE][PASSED] - Text of object 'Object Repository/FDR-VoucherEntry/VoucherHeader/voucherNum' is: 'CAP00000196'

2020-09-27 07:16:58 - [TEST_STEP][PASSED] - waitForElementPresent(findTestObject("FDR-Dashboard/createNewVoucherButton"), 3): Object 'Object Repository/FDR-Dashboard/createNewVoucherButton' is not present after 3 second(s)

2020-09-27 07:17:02 - [MESSAGE][INFO] - Unable to find the element located by 'By.xpath: //*[@data-id='button-link']//*[contains(text(),'Create New Voucher')]'. Please recheck the objects properties to make sure the desired element is located. 

2020-09-27 07:17:02 - [MESSAGE][WARNING] - Object 'Object Repository/FDR-Dashboard/createNewVoucherButton' is not present after 3 second(s)

2020-09-27 07:17:02 - [TEST_STEP][PASSED] - click(findTestObject("Object Repository/FDR-VoucherEntry/VoucherHeader/reviewButton")): Object: 'Object Repository/FDR-VoucherEntry/VoucherHeader/reviewButton' is clicked on

2020-09-27 07:17:02 - [MESSAGE][PASSED] - Object: 'Object Repository/FDR-VoucherEntry/VoucherHeader/reviewButton' is clicked on

2020-09-27 07:17:02 - [TEST_STEP][PASSED] - waitForElementPresent(findTestObject("Object Repository/FDR-Vouchers-States/Resume/submitForApproval"), 3): Object 'Object Repository/FDR-Vouchers-States/Resume/submitForApproval' is present

2020-09-27 07:17:03 - [MESSAGE][PASSED] - Object 'Object Repository/FDR-Vouchers-States/Resume/submitForApproval' is present

2020-09-27 07:17:03 - [TEST_STEP][PASSED] - click(findTestObject("Object Repository/FDR-Vouchers-States/Resume/submitForApproval")): Object: 'Object Repository/FDR-Vouchers-States/Resume/submitForApproval' is clicked on

2020-09-27 07:17:03 - [MESSAGE][PASSED] - Object: 'Object Repository/FDR-Vouchers-States/Resume/submitForApproval' is clicked on

2020-09-27 07:17:03 - [TEST_STEP][PASSED] - commonFunctions.selectRole("accountsPayableApprover"): Object 'Object Repository/FDR-VoucherEntry/VoucherHeader/reviewButton' is not present after 2 second(s)

2020-09-27 07:17:07 - [MESSAGE][INFO] - Unable to find the element located by 'By.xpath: //*[@data-id='action-button']//*[contains(text(),'Review')]'. Please recheck the objects properties to make sure the desired element is located. 

2020-09-27 07:17:07 - [MESSAGE][WARNING] - Object 'Object Repository/FDR-VoucherEntry/VoucherHeader/reviewButton' is not present after 2 second(s)

2020-09-27 07:17:07 - [MESSAGE][PASSED] - Object: 'Object Repository/FDR-SuperUser-Dashboard/userExpandButton' is clicked on

2020-09-27 07:17:10 - [MESSAGE][INFO] - Unable to find the element located by 'By.xpath: //*[@data-id='action-button']//*[contains(text(),'Review')]'. Please recheck the objects properties to make sure the desired element is located. 

2020-09-27 07:17:10 - [MESSAGE][WARNING] - Object 'Object Repository/FDR-VoucherEntry/VoucherHeader/reviewButton' is not present after 2 second(s)

2020-09-27 07:17:11 - [MESSAGE][PASSED] - Object: 'Object Repository/FDR-SuperUser-Dashboard/accountsPayableApprover' is clicked on

2020-09-27 07:17:14 - [MESSAGE][INFO] - Unable to find the element located by 'By.xpath: //*[@data-id='action-button']//*[contains(text(),'Review')]'. Please recheck the objects properties to make sure the desired element is located. 

2020-09-27 07:17:14 - [MESSAGE][WARNING] - Object 'Object Repository/FDR-VoucherEntry/VoucherHeader/reviewButton' is not present after 2 second(s)

2020-09-27 07:17:14 - [TEST_STEP][PASSED] - waitForElementPresent(findTestObject("FDR-Dashboard/Search/searchInputField"), 2): Object 'Object Repository/FDR-Dashboard/Search/searchInputField' is present

2020-09-27 07:17:14 - [MESSAGE][PASSED] - Object 'Object Repository/FDR-Dashboard/Search/searchInputField' is present

2020-09-27 07:17:14 - [TEST_STEP][PASSED] - setText(findTestObject("FDR-Dashboard/Search/searchInputField"), processorVoucherNumber): Text 'CAP00000196' is set on object 'Object Repository/FDR-Dashboard/Search/searchInputField'

2020-09-27 07:17:15 - [MESSAGE][PASSED] - Text 'CAP00000196' is set on object 'Object Repository/FDR-Dashboard/Search/searchInputField'

2020-09-27 07:17:15 - [TEST_STEP][PASSED] - click(findTestObject("FDR-Dashboard/Filters/validateFilterButton")): Object: 'Object Repository/FDR-Dashboard/Filters/validateFilterButton' is clicked on

2020-09-27 07:17:15 - [MESSAGE][PASSED] - Object: 'Object Repository/FDR-Dashboard/Filters/validateFilterButton' is clicked on

2020-09-27 07:17:15 - [TEST_STEP][PASSED] - click(findTestObject("Object Repository/FDR-Dashboard/VouhcersTable/validateButton")): Object: 'Object Repository/FDR-Dashboard/VouhcersTable/validateButton' is clicked on

2020-09-27 07:17:16 - [MESSAGE][PASSED] - Object: 'Object Repository/FDR-Dashboard/VouhcersTable/validateButton' is clicked on

2020-09-27 07:17:16 - [TEST_STEP][PASSED] - waitForElementPresent(findTestObject("FDR-Dashboard/createNewVoucherButton"), 4): Object 'Object Repository/FDR-Dashboard/createNewVoucherButton' is not present after 4 second(s)

2020-09-27 07:17:22 - [MESSAGE][INFO] - Unable to find the element located by 'By.xpath: //*[@data-id='button-link']//*[contains(text(),'Create New Voucher')]'. Please recheck the objects properties to make sure the desired element is located. 

2020-09-27 07:17:22 - [MESSAGE][WARNING] - Object 'Object Repository/FDR-Dashboard/createNewVoucherButton' is not present after 4 second(s)

2020-09-27 07:17:22 - [TEST_STEP][PASSED] - click(findTestObject("Object Repository/FDR-Draw/reviewScreen/approveButton")): Object: 'Object Repository/FDR-Draw/reviewScreen/approveButton' is clicked on

2020-09-27 07:17:22 - [MESSAGE][PASSED] - Object: 'Object Repository/FDR-Draw/reviewScreen/approveButton' is clicked on

2020-09-27 07:17:22 - [TEST_STEP][PASSED] - delay(2): Delayed 2 second(s)

2020-09-27 07:17:24 - [MESSAGE][PASSED] - Delayed 2 second(s)

2020-09-27 07:17:24 - [TEST_STEP][PASSED] - click(findTestObject("FDR-Dashboard/Filters/clearFilterButton")): Object: 'Object Repository/FDR-Dashboard/Filters/clearFilterButton' is clicked on

2020-09-27 07:17:24 - [MESSAGE][PASSED] - Object: 'Object Repository/FDR-Dashboard/Filters/clearFilterButton' is clicked on

2020-09-27 07:17:24 - [TEST_STEP][PASSED] - delay(3): Delayed 3 second(s)

2020-09-27 07:17:27 - [MESSAGE][PASSED] - Delayed 3 second(s)

2020-09-27 07:17:27 - [TEST_STEP][PASSED] - click(findTestObject("FDR-Dashboard/Search/searchInputField")): Object: 'Object Repository/FDR-Dashboard/Search/searchInputField' is clicked on

2020-09-27 07:17:28 - [MESSAGE][PASSED] - Object: 'Object Repository/FDR-Dashboard/Search/searchInputField' is clicked on

2020-09-27 07:17:28 - [TEST_STEP][PASSED] - setText(findTestObject("FDR-Dashboard/Search/searchInputField"), processorVoucherNumber): Text 'CAP00000196' is set on object 'Object Repository/FDR-Dashboard/Search/searchInputField'

2020-09-27 07:17:28 - [MESSAGE][PASSED] - Text 'CAP00000196' is set on object 'Object Repository/FDR-Dashboard/Search/searchInputField'

2020-09-27 07:17:28 - [TEST_STEP][PASSED] - delay(2): Delayed 2 second(s)

2020-09-27 07:17:30 - [MESSAGE][PASSED] - Delayed 2 second(s)

2020-09-27 07:17:30 - [TEST_STEP][PASSED] - waitForElementPresent(findTestObject("Object Repository/FDR-Dashboard/Filters/printFilterButton"), 3): Object 'Object Repository/FDR-Dashboard/Filters/printFilterButton' is present

2020-09-27 07:17:31 - [MESSAGE][PASSED] - Object 'Object Repository/FDR-Dashboard/Filters/printFilterButton' is present

2020-09-27 07:17:31 - [TEST_STEP][PASSED] - click(findTestObject("Object Repository/FDR-Dashboard/Filters/printFilterButton")): Object: 'Object Repository/FDR-Dashboard/Filters/printFilterButton' is clicked on

2020-09-27 07:17:31 - [MESSAGE][PASSED] - Object: 'Object Repository/FDR-Dashboard/Filters/printFilterButton' is clicked on

2020-09-27 07:17:31 - [TEST_STEP][PASSED] - waitForElementPresent(findTestObject("FDR-Dashboard/VouhcersTable/printButton"), 3): Object 'Object Repository/FDR-Dashboard/VouhcersTable/printButton' is present

2020-09-27 07:17:32 - [MESSAGE][PASSED] - Object 'Object Repository/FDR-Dashboard/VouhcersTable/printButton' is present

2020-09-27 07:17:32 - [TEST_STEP][PASSED] - click(findTestObject("FDR-Dashboard/VouhcersTable/printButton")): Object: 'Object Repository/FDR-Dashboard/VouhcersTable/printButton' is clicked on

2020-09-27 07:17:32 - [MESSAGE][PASSED] - Object: 'Object Repository/FDR-Dashboard/VouhcersTable/printButton' is clicked on

2020-09-27 07:17:32 - [TEST_STEP][PASSED] - waitForElementPresent(findTestObject("FDR-Dashboard/createNewVoucherButton"), 4): Object 'Object Repository/FDR-Dashboard/createNewVoucherButton' is not present after 4 second(s)

2020-09-27 07:17:38 - [MESSAGE][INFO] - Unable to find the element located by 'By.xpath: //*[@data-id='button-link']//*[contains(text(),'Create New Voucher')]'. Please recheck the objects properties to make sure the desired element is located. 

2020-09-27 07:17:38 - [MESSAGE][WARNING] - Object 'Object Repository/FDR-Dashboard/createNewVoucherButton' is not present after 4 second(s)

2020-09-27 07:17:38 - [TEST_STEP][PASSED] - click(findTestObject("Object Repository/FDR-Vouchers-States/Print/printCMIAForm")): Object: 'Object Repository/FDR-Vouchers-States/Print/printCMIAForm' is clicked on

2020-09-27 07:17:38 - [MESSAGE][PASSED] - Object: 'Object Repository/FDR-Vouchers-States/Print/printCMIAForm' is clicked on

2020-09-27 07:17:38 - [TEST_STEP][PASSED] - waitForElementPresent(findTestObject("FDR-Dashboard/createNewVoucherButton"), 2): Object 'Object Repository/FDR-Dashboard/createNewVoucherButton' is not present after 2 second(s)

2020-09-27 07:17:42 - [MESSAGE][INFO] - Unable to find the element located by 'By.xpath: //*[@data-id='button-link']//*[contains(text(),'Create New Voucher')]'. Please recheck the objects properties to make sure the desired element is located. 

2020-09-27 07:17:42 - [MESSAGE][WARNING] - Object 'Object Repository/FDR-Dashboard/createNewVoucherButton' is not present after 2 second(s)

2020-09-27 07:17:42 - [TEST_STEP][PASSED] - closeWindowIndex(1, STOP_ON_FAILURE): Window with index 1 is closed

2020-09-27 07:17:44 - [MESSAGE][PASSED] - Window with index 1 is closed

2020-09-27 07:17:44 - [TEST_STEP][PASSED] - switchToWindowIndex(0, STOP_ON_FAILURE): Switched to window with index: '0'

2020-09-27 07:17:44 - [MESSAGE][PASSED] - Switched to window with index: '0'

2020-09-27 07:17:44 - [TEST_STEP][PASSED] - waitForElementPresent(findTestObject("FDR-Dashboard/createNewVoucherButton"), 2): Object 'Object Repository/FDR-Dashboard/createNewVoucherButton' is not present after 2 second(s)

2020-09-27 07:17:47 - [MESSAGE][INFO] - Unable to find the element located by 'By.xpath: //*[@data-id='button-link']//*[contains(text(),'Create New Voucher')]'. Please recheck the objects properties to make sure the desired element is located. 

2020-09-27 07:17:47 - [MESSAGE][WARNING] - Object 'Object Repository/FDR-Dashboard/createNewVoucherButton' is not present after 2 second(s)

2020-09-27 07:17:47 - [TEST_STEP][PASSED] - click(findTestObject("FDR-Vouchers-States/Print/printFaceSheet")): Object: 'Object Repository/FDR-Vouchers-States/Print/printFaceSheet' is clicked on

2020-09-27 07:17:47 - [MESSAGE][PASSED] - Object: 'Object Repository/FDR-Vouchers-States/Print/printFaceSheet' is clicked on

2020-09-27 07:17:47 - [TEST_STEP][PASSED] - waitForElementPresent(findTestObject("FDR-Dashboard/createNewVoucherButton"), 2): Object 'Object Repository/FDR-Dashboard/createNewVoucherButton' is not present after 2 second(s)

2020-09-27 07:17:52 - [MESSAGE][INFO] - Unable to find the element located by 'By.xpath: //*[@data-id='button-link']//*[contains(text(),'Create New Voucher')]'. Please recheck the objects properties to make sure the desired element is located. 

2020-09-27 07:17:52 - [MESSAGE][WARNING] - Object 'Object Repository/FDR-Dashboard/createNewVoucherButton' is not present after 2 second(s)

2020-09-27 07:17:52 - [TEST_STEP][PASSED] - closeWindowIndex(1, STOP_ON_FAILURE): Window with index 1 is closed

2020-09-27 07:17:54 - [MESSAGE][PASSED] - Window with index 1 is closed

2020-09-27 07:17:54 - [TEST_STEP][PASSED] - switchToWindowIndex(0, STOP_ON_FAILURE): Switched to window with index: '0'

2020-09-27 07:17:54 - [MESSAGE][PASSED] - Switched to window with index: '0'

2020-09-27 07:17:54 - [TEST_STEP][PASSED] - waitForElementPresent(findTestObject("FDR-Dashboard/createNewVoucherButton"), 2): Object 'Object Repository/FDR-Dashboard/createNewVoucherButton' is not present after 2 second(s)

2020-09-27 07:17:57 - [MESSAGE][INFO] - Unable to find the element located by 'By.xpath: //*[@data-id='button-link']//*[contains(text(),'Create New Voucher')]'. Please recheck the objects properties to make sure the desired element is located. 

2020-09-27 07:17:57 - [MESSAGE][WARNING] - Object 'Object Repository/FDR-Dashboard/createNewVoucherButton' is not present after 2 second(s)

2020-09-27 07:17:57 - [TEST_STEP][PASSED] - click(findTestObject("FDR-Vouchers-States/Print/printRA")): Object: 'Object Repository/FDR-Vouchers-States/Print/printRA' is clicked on

2020-09-27 07:17:57 - [MESSAGE][PASSED] - Object: 'Object Repository/FDR-Vouchers-States/Print/printRA' is clicked on

2020-09-27 07:17:57 - [TEST_STEP][PASSED] - waitForElementPresent(findTestObject("FDR-Dashboard/createNewVoucherButton"), 2): Object 'Object Repository/FDR-Dashboard/createNewVoucherButton' is not present after 2 second(s)

2020-09-27 07:18:01 - [MESSAGE][INFO] - Unable to find the element located by 'By.xpath: //*[@data-id='button-link']//*[contains(text(),'Create New Voucher')]'. Please recheck the objects properties to make sure the desired element is located. 

2020-09-27 07:18:01 - [MESSAGE][WARNING] - Object 'Object Repository/FDR-Dashboard/createNewVoucherButton' is not present after 2 second(s)

2020-09-27 07:18:01 - [TEST_STEP][PASSED] - closeWindowIndex(1, STOP_ON_FAILURE): Window with index 1 is closed

2020-09-27 07:18:03 - [MESSAGE][PASSED] - Window with index 1 is closed

2020-09-27 07:18:03 - [TEST_STEP][PASSED] - switchToWindowIndex(0, STOP_ON_FAILURE): Switched to window with index: '0'

2020-09-27 07:18:03 - [MESSAGE][PASSED] - Switched to window with index: '0'

2020-09-27 07:18:03 - [TEST_STEP][PASSED] - click(findTestObject("FDR-Vouchers-States/Print/allFormsPrintButton")): Object: 'Object Repository/FDR-Vouchers-States/Print/allFormsPrintButton' is clicked on

2020-09-27 07:18:03 - [MESSAGE][PASSED] - Object: 'Object Repository/FDR-Vouchers-States/Print/allFormsPrintButton' is clicked on

2020-09-27 07:18:03 - [TEST_STEP][PASSED] - waitForElementPresent(findTestObject("FDR-Dashboard/createNewVoucherButton"), 2): Object 'Object Repository/FDR-Dashboard/createNewVoucherButton' is present

2020-09-27 07:18:05 - [MESSAGE][PASSED] - Object 'Object Repository/FDR-Dashboard/createNewVoucherButton' is present

2020-09-27 07:18:05 - [TEST_STEP][PASSED] - click(findTestObject("FDR-Dashboard/Filters/clearFilterButton")): Object: 'Object Repository/FDR-Dashboard/Filters/clearFilterButton' is clicked on

2020-09-27 07:18:05 - [MESSAGE][PASSED] - Object: 'Object Repository/FDR-Dashboard/Filters/clearFilterButton' is clicked on

2020-09-27 07:18:05 - [TEST_STEP][PASSED] - waitForElementPresent(findTestObject("Object Repository/FDR-Dashboard/appLogo"), 2): Object 'Object Repository/FDR-Dashboard/appLogo' is present

2020-09-27 07:18:06 - [MESSAGE][PASSED] - Object 'Object Repository/FDR-Dashboard/appLogo' is present

2020-09-27 07:18:06 - [TEST_STEP][PASSED] - click(findTestObject("Object Repository/FDR-Dashboard/appLogo")): Object: 'Object Repository/FDR-Dashboard/appLogo' is clicked on

2020-09-27 07:18:07 - [MESSAGE][PASSED] - Object: 'Object Repository/FDR-Dashboard/appLogo' is clicked on

2020-09-27 07:18:07 - [TEST_STEP][PASSED] - commonFunctions.logout(): Browser is closed

2020-09-27 07:18:07 - [MESSAGE][PASSED] - Browser is closed

2020-09-27 07:18:07 - [TEST_STEP][PASSED] - Start listener action : sampleAfterTestCase: null

2020-09-27 07:18:07 - [TEST_STEP][PASSED] - profileName = getExecutionProfile(): null

2020-09-27 07:18:07 - [TEST_STEP][PASSED] - switch (profileName): null

2020-09-27 07:18:07 - [TEST_STEP][PASSED] - case "superUser":: null

2020-09-27 07:18:07 - [TEST_STEP][PASSED] - return null: null

2020-09-27 07:18:07 - [TEST_STEP][PASSED] - Start listener action : afterTestCase: null

2020-09-27 07:18:07 - [TEST_STEP][PASSED] - profileName = getExecutionProfile(): null

2020-09-27 07:18:07 - [TEST_STEP][PASSED] - if (profileName.equalsIgnoreCase("SysAdmin")): null

2020-09-27 07:18:07 - [TEST_STEP][PASSED] - Start listener action : sampleAfterTestCase: null

2020-09-27 07:18:07 - [TEST_STEP][PASSED] - profileName = getExecutionProfile(): null

2020-09-27 07:18:07 - [TEST_STEP][PASSED] - switch (profileName): null

2020-09-27 07:18:07 - [TEST_STEP][PASSED] - Default: null

2020-09-27 07:18:07 - [TEST_STEP][PASSED] - return null: null

2020-09-27 07:18:07 - [TEST_STEP][PASSED] - Start listener action : addFailedTCToList: null]]></system-out>
         <system-err><![CDATA[]]></system-err>
      </testcase>
      <testcase name="Test Cases/FDR_E2E-REGRESSION-TESTS/TC_2-FDR-E2E-FDR-8119-VOUCHER-REJECT" time="334.315" classname="Test Cases/FDR_E2E-REGRESSION-TESTS/TC_2-FDR-E2E-FDR-8119-VOUCHER-REJECT" status="PASSED">
         <system-out><![CDATA[2020-09-27 07:18:07 - [TEST_CASE][PASSED] - Test Cases/FDR_E2E-REGRESSION-TESTS/TC_2-FDR-E2E-FDR-8119-VOUCHER-REJECT: Test Cases/FDR_E2E-REGRESSION-TESTS/TC_2-FDR-E2E-FDR-8119-VOUCHER-REJECT

2020-09-27 07:18:07 - [TEST_STEP][PASSED] - Start listener action : sampleBeforeTestCase: null

2020-09-27 07:18:07 - [TEST_STEP][PASSED] - profileName = getExecutionProfile(): null

2020-09-27 07:18:07 - [TEST_STEP][PASSED] - switch (profileName): null

2020-09-27 07:18:07 - [TEST_STEP][PASSED] - case "superUser":: null

2020-09-27 07:18:07 - [TEST_STEP][PASSED] - return null: null

2020-09-27 07:18:07 - [TEST_STEP][PASSED] - Start listener action : beforeTestCase: null

2020-09-27 07:18:07 - [TEST_STEP][PASSED] - profileName = getExecutionProfile(): null

2020-09-27 07:18:07 - [TEST_STEP][PASSED] - if (profileName.equalsIgnoreCase("SysAdmin")): null

2020-09-27 07:18:07 - [TEST_STEP][PASSED] - Start listener action : sampleBeforeTestCase: null

2020-09-27 07:18:07 - [TEST_STEP][PASSED] - profileName = getExecutionProfile(): null

2020-09-27 07:18:07 - [TEST_STEP][PASSED] - testCaseId = testCaseContext.getTestCaseId(): null

2020-09-27 07:18:07 - [TEST_STEP][PASSED] - switch (profileName): null

2020-09-27 07:18:07 - [TEST_STEP][PASSED] - Default: null

2020-09-27 07:18:07 - [TEST_STEP][PASSED] - return null: null

2020-09-27 07:18:07 - [TEST_STEP][PASSED] - Start listener action : executeRows: null

2020-09-27 07:18:08 - [TEST_STEP][PASSED] - Datasheet = findTestData("FDR_E2E-REGRESSION-TESTS-DATA/FDR-E2E-FDR-8209-VOUCHER-APPROVAL-DATA"): null

2020-09-27 07:18:08 - [TEST_STEP][PASSED] - commonFunctions.login(superUserAccnt, superUserPwd): Object: 'Object Repository/FDR-SignIn/SignInButton' is clicked on

2020-09-27 07:18:08 - [MESSAGE][INFO] - Starting 'Chrome' driver

2020-09-27 07:18:08 - [MESSAGE][INFO] - Action delay is set to 0 milliseconds

2020-09-27 07:18:13 - [MESSAGE][PASSED] - Browser is opened with url: 'https://fdr-katalon.cammis-mod-dev.dhcs.ca.gov'

2020-09-27 07:18:15 - [MESSAGE][PASSED] - Current window maximized

2020-09-27 07:18:15 - [MESSAGE][PASSED] - Object 'Object Repository/FDR-SignIn/SignInEmail' is present

2020-09-27 07:18:15 - [MESSAGE][PASSED] - Object: 'Object Repository/FDR-SignIn/SignInEmail' is clicked on

2020-09-27 07:18:16 - [MESSAGE][PASSED] - Object 'Object Repository/FDR-SignIn/SignInEmail' is present

2020-09-27 07:18:16 - [MESSAGE][PASSED] - Text 'fdr.test11@dhcs.ca.gov' is set on object 'Object Repository/FDR-SignIn/SignInEmail'

2020-09-27 07:18:17 - [MESSAGE][PASSED] - Object 'Object Repository/FDR-SignIn/SignInEmailNext' is visible

2020-09-27 07:18:17 - [MESSAGE][PASSED] - Object: 'Object Repository/FDR-SignIn/SignInEmailNext' is clicked on

2020-09-27 07:18:23 - [MESSAGE][INFO] - Unable to find the element located by 'By.xpath: //input[@id="passwordInput"]'. Please recheck the objects properties to make sure the desired element is located. 

2020-09-27 07:18:23 - [MESSAGE][WARNING] - Web element with id: 'Object Repository/FDR-SignIn/SignInEmailPassword' located by '//input[@id="passwordInput"]' not found

2020-09-27 07:18:26 - [MESSAGE][PASSED] - Object: 'Object Repository/FDR-SignIn/SignInEmailPassword' is clicked on

2020-09-27 07:18:26 - [MESSAGE][PASSED] - Text ****** has been set on object 'Object Repository/FDR-SignIn/SignInEmailPassword'

2020-09-27 07:18:28 - [MESSAGE][PASSED] - Object: 'Object Repository/FDR-SignIn/SignInButton' is clicked on

2020-09-27 07:18:28 - [TEST_STEP][PASSED] - commonFunctions.selectRole("accountsPayableProcessor"): Object 'Object Repository/FDR-VoucherEntry/VoucherHeader/reviewButton' is not present after 2 second(s)

2020-09-27 07:18:31 - [MESSAGE][INFO] - Unable to find the element located by 'By.xpath: //*[@data-id='action-button']//*[contains(text(),'Review')]'. Please recheck the objects properties to make sure the desired element is located. 

2020-09-27 07:18:31 - [MESSAGE][WARNING] - Object 'Object Repository/FDR-VoucherEntry/VoucherHeader/reviewButton' is not present after 2 second(s)

2020-09-27 07:18:32 - [MESSAGE][PASSED] - Object: 'Object Repository/FDR-SuperUser-Dashboard/userExpandButton' is clicked on

2020-09-27 07:18:35 - [MESSAGE][INFO] - Unable to find the element located by 'By.xpath: //*[@data-id='action-button']//*[contains(text(),'Review')]'. Please recheck the objects properties to make sure the desired element is located. 

2020-09-27 07:18:35 - [MESSAGE][WARNING] - Object 'Object Repository/FDR-VoucherEntry/VoucherHeader/reviewButton' is not present after 2 second(s)

2020-09-27 07:18:36 - [MESSAGE][PASSED] - Object: 'Object Repository/FDR-SuperUser-Dashboard/accountsPayableProcessor' is clicked on

2020-09-27 07:18:39 - [MESSAGE][INFO] - Unable to find the element located by 'By.xpath: //*[@data-id='action-button']//*[contains(text(),'Review')]'. Please recheck the objects properties to make sure the desired element is located. 

2020-09-27 07:18:39 - [MESSAGE][WARNING] - Object 'Object Repository/FDR-VoucherEntry/VoucherHeader/reviewButton' is not present after 2 second(s)

2020-09-27 07:18:39 - [TEST_STEP][PASSED] - click(findTestObject("FDR-Dashboard/createNewVoucherButton")): Object: 'Object Repository/FDR-Dashboard/createNewVoucherButton' is clicked on

2020-09-27 07:18:39 - [MESSAGE][PASSED] - Object: 'Object Repository/FDR-Dashboard/createNewVoucherButton' is clicked on

2020-09-27 07:18:39 - [TEST_STEP][PASSED] - setText(findTestObject("FDR-VoucherEntry/Voucher/drawDate"), Datasheet.getValue("drawDate", 1)): Text '10/12/2020' is set on object 'Object Repository/FDR-VoucherEntry/Voucher/drawDate'

2020-09-27 07:18:41 - [MESSAGE][PASSED] - Text '10/12/2020' is set on object 'Object Repository/FDR-VoucherEntry/Voucher/drawDate'

2020-09-27 07:18:41 - [TEST_STEP][PASSED] - setText(findTestObject("FDR-VoucherEntry/Voucher/payDate"), Datasheet.getValue("payDate", 1)): Text '10/14/2020' is set on object 'Object Repository/FDR-VoucherEntry/Voucher/payDate'

2020-09-27 07:18:42 - [MESSAGE][PASSED] - Text '10/14/2020' is set on object 'Object Repository/FDR-VoucherEntry/Voucher/payDate'

2020-09-27 07:18:42 - [TEST_STEP][PASSED] - click(findTestObject("FDR-VoucherEntry/Voucher/programType")): Object: 'Object Repository/FDR-VoucherEntry/Voucher/programType' is clicked on

2020-09-27 07:18:42 - [MESSAGE][PASSED] - Object: 'Object Repository/FDR-VoucherEntry/Voucher/programType' is clicked on

2020-09-27 07:18:42 - [TEST_STEP][PASSED] - waitForElementPresent(findTestObject("FDR-VoucherEntry/Voucher/programType"), 2): Object 'Object Repository/FDR-VoucherEntry/Voucher/programType' is present

2020-09-27 07:18:43 - [MESSAGE][PASSED] - Object 'Object Repository/FDR-VoucherEntry/Voucher/programType' is present

2020-09-27 07:18:43 - [TEST_STEP][PASSED] - setText(findTestObject("FDR-VoucherEntry/Voucher/programType"), Datasheet.getValue("programType", 1)): Text 'Medical Assistance (MA)' is set on object 'Object Repository/FDR-VoucherEntry/Voucher/programType'

2020-09-27 07:18:43 - [MESSAGE][PASSED] - Text 'Medical Assistance (MA)' is set on object 'Object Repository/FDR-VoucherEntry/Voucher/programType'

2020-09-27 07:18:43 - [TEST_STEP][PASSED] - waitForElementPresent(findTestObject("FDR-VoucherEntry/Voucher/programType"), 3): Object 'Object Repository/FDR-VoucherEntry/Voucher/programType' is present

2020-09-27 07:18:44 - [MESSAGE][PASSED] - Object 'Object Repository/FDR-VoucherEntry/Voucher/programType' is present

2020-09-27 07:18:44 - [TEST_STEP][PASSED] - sendKeys(findTestObject("FDR-VoucherEntry/Voucher/programType"), Keys.chord(DOWN, ENTER)): Keys 'DOWN + ENTER + ' sent to object: 'Object Repository/FDR-VoucherEntry/Voucher/programType'

2020-09-27 07:18:44 - [MESSAGE][PASSED] - Keys 'DOWN + ENTER + ' sent to object: 'Object Repository/FDR-VoucherEntry/Voucher/programType'

2020-09-27 07:18:44 - [TEST_STEP][PASSED] - click(findTestObject("FDR-VoucherEntry/Voucher/invoiceType")): Object: 'Object Repository/FDR-VoucherEntry/Voucher/invoiceType' is clicked on

2020-09-27 07:18:45 - [MESSAGE][PASSED] - Object: 'Object Repository/FDR-VoucherEntry/Voucher/invoiceType' is clicked on

2020-09-27 07:18:45 - [TEST_STEP][PASSED] - waitForElementPresent(findTestObject("FDR-VoucherEntry/Voucher/invoiceType"), 2): Object 'Object Repository/FDR-VoucherEntry/Voucher/invoiceType' is present

2020-09-27 07:18:45 - [MESSAGE][PASSED] - Object 'Object Repository/FDR-VoucherEntry/Voucher/invoiceType' is present

2020-09-27 07:18:45 - [TEST_STEP][PASSED] - sendKeys(findTestObject("FDR-VoucherEntry/Voucher/invoiceType"), Datasheet.getValue("invoiceType", 1)): Keys 'CAP' sent to object: 'Object Repository/FDR-VoucherEntry/Voucher/invoiceType'

2020-09-27 07:18:45 - [MESSAGE][PASSED] - Keys 'CAP' sent to object: 'Object Repository/FDR-VoucherEntry/Voucher/invoiceType'

2020-09-27 07:18:45 - [TEST_STEP][PASSED] - sendKeys(findTestObject("FDR-VoucherEntry/Voucher/invoiceType"), Keys.chord(DOWN, ENTER)): Keys 'DOWN + ENTER + ' sent to object: 'Object Repository/FDR-VoucherEntry/Voucher/invoiceType'

2020-09-27 07:18:46 - [MESSAGE][PASSED] - Keys 'DOWN + ENTER + ' sent to object: 'Object Repository/FDR-VoucherEntry/Voucher/invoiceType'

2020-09-27 07:18:46 - [TEST_STEP][PASSED] - click(findTestObject("FDR-VoucherEntry/Voucher/fundcode")): Object: 'Object Repository/FDR-VoucherEntry/Voucher/fundcode' is clicked on

2020-09-27 07:18:46 - [MESSAGE][PASSED] - Object: 'Object Repository/FDR-VoucherEntry/Voucher/fundcode' is clicked on

2020-09-27 07:18:46 - [TEST_STEP][PASSED] - waitForElementPresent(findTestObject("FDR-VoucherEntry/Voucher/fundcode"), 1): Object 'Object Repository/FDR-VoucherEntry/Voucher/fundcode' is present

2020-09-27 07:18:47 - [MESSAGE][PASSED] - Object 'Object Repository/FDR-VoucherEntry/Voucher/fundcode' is present

2020-09-27 07:18:47 - [TEST_STEP][PASSED] - sendKeys(findTestObject("FDR-VoucherEntry/Voucher/fundcode"), Datasheet.getValue("fundcode", 1)): Keys 'Health Care Deposit Fund (0912)' sent to object: 'Object Repository/FDR-VoucherEntry/Voucher/fundcode'

2020-09-27 07:18:47 - [MESSAGE][PASSED] - Keys 'Health Care Deposit Fund (0912)' sent to object: 'Object Repository/FDR-VoucherEntry/Voucher/fundcode'

2020-09-27 07:18:47 - [TEST_STEP][PASSED] - sendKeys(findTestObject("FDR-VoucherEntry/Voucher/fundcode"), Keys.chord(DOWN, ENTER)): Keys 'DOWN + ENTER + ' sent to object: 'Object Repository/FDR-VoucherEntry/Voucher/fundcode'

2020-09-27 07:18:48 - [MESSAGE][PASSED] - Keys 'DOWN + ENTER + ' sent to object: 'Object Repository/FDR-VoucherEntry/Voucher/fundcode'

2020-09-27 07:18:48 - [TEST_STEP][PASSED] - click(findTestObject("FDR-VoucherEntry/Voucher/supplierID")): Object: 'Object Repository/FDR-VoucherEntry/Voucher/supplierID' is clicked on

2020-09-27 07:18:48 - [MESSAGE][PASSED] - Object: 'Object Repository/FDR-VoucherEntry/Voucher/supplierID' is clicked on

2020-09-27 07:18:48 - [TEST_STEP][PASSED] - waitForElementPresent(findTestObject("FDR-VoucherEntry/Voucher/supplierID"), 1): Object 'Object Repository/FDR-VoucherEntry/Voucher/supplierID' is present

2020-09-27 07:18:49 - [MESSAGE][PASSED] - Object 'Object Repository/FDR-VoucherEntry/Voucher/supplierID' is present

2020-09-27 07:18:49 - [TEST_STEP][PASSED] - sendKeys(findTestObject("FDR-VoucherEntry/Voucher/supplierID"), Datasheet.getValue("supplierID", 1)): Keys '0000007954' sent to object: 'Object Repository/FDR-VoucherEntry/Voucher/supplierID'

2020-09-27 07:18:49 - [MESSAGE][PASSED] - Keys '0000007954' sent to object: 'Object Repository/FDR-VoucherEntry/Voucher/supplierID'

2020-09-27 07:18:49 - [TEST_STEP][PASSED] - sendKeys(findTestObject("FDR-VoucherEntry/Voucher/supplierID"), Keys.chord(DOWN, ENTER)): Keys 'DOWN + ENTER + ' sent to object: 'Object Repository/FDR-VoucherEntry/Voucher/supplierID'

2020-09-27 07:18:50 - [MESSAGE][PASSED] - Keys 'DOWN + ENTER + ' sent to object: 'Object Repository/FDR-VoucherEntry/Voucher/supplierID'

2020-09-27 07:18:50 - [TEST_STEP][PASSED] - click(findTestObject("FDR-VoucherEntry/Voucher/seqNum")): Object: 'Object Repository/FDR-VoucherEntry/Voucher/seqNum' is clicked on

2020-09-27 07:18:50 - [MESSAGE][PASSED] - Object: 'Object Repository/FDR-VoucherEntry/Voucher/seqNum' is clicked on

2020-09-27 07:18:50 - [TEST_STEP][PASSED] - waitForElementPresent(findTestObject("FDR-VoucherEntry/Voucher/seqNum"), 3): Object 'Object Repository/FDR-VoucherEntry/Voucher/seqNum' is present

2020-09-27 07:18:51 - [MESSAGE][PASSED] - Object 'Object Repository/FDR-VoucherEntry/Voucher/seqNum' is present

2020-09-27 07:18:51 - [TEST_STEP][PASSED] - sendKeys(findTestObject("FDR-VoucherEntry/Voucher/supplierID"), Datasheet.getValue("seqNum", 1)): Keys '01' sent to object: 'Object Repository/FDR-VoucherEntry/Voucher/supplierID'

2020-09-27 07:18:51 - [MESSAGE][PASSED] - Keys '01' sent to object: 'Object Repository/FDR-VoucherEntry/Voucher/supplierID'

2020-09-27 07:18:51 - [TEST_STEP][PASSED] - click(findTestObject("FDR-VoucherEntry/Voucher/seqNum")): Object: 'Object Repository/FDR-VoucherEntry/Voucher/seqNum' is clicked on

2020-09-27 07:18:52 - [MESSAGE][PASSED] - Object: 'Object Repository/FDR-VoucherEntry/Voucher/seqNum' is clicked on

2020-09-27 07:18:52 - [TEST_STEP][PASSED] - sendKeys(findTestObject("FDR-VoucherEntry/Voucher/seqNum"), Keys.chord(DOWN, ENTER)): Keys 'DOWN + ENTER + ' sent to object: 'Object Repository/FDR-VoucherEntry/Voucher/seqNum'

2020-09-27 07:18:52 - [MESSAGE][PASSED] - Keys 'DOWN + ENTER + ' sent to object: 'Object Repository/FDR-VoucherEntry/Voucher/seqNum'

2020-09-27 07:18:52 - [TEST_STEP][PASSED] - click(findTestObject("FDR-VoucherEntry/Voucher/contractNum")): Object: 'Object Repository/FDR-VoucherEntry/Voucher/contractNum' is clicked on

2020-09-27 07:18:53 - [MESSAGE][PASSED] - Object: 'Object Repository/FDR-VoucherEntry/Voucher/contractNum' is clicked on

2020-09-27 07:18:53 - [TEST_STEP][PASSED] - waitForElementPresent(findTestObject("FDR-VoucherEntry/Voucher/contractNum"), 1): Object 'Object Repository/FDR-VoucherEntry/Voucher/contractNum' is present

2020-09-27 07:18:53 - [MESSAGE][PASSED] - Object 'Object Repository/FDR-VoucherEntry/Voucher/contractNum' is present

2020-09-27 07:18:53 - [TEST_STEP][PASSED] - sendKeys(findTestObject("FDR-VoucherEntry/Voucher/contractNum"), Datasheet.getValue("contractNum", 1)): Keys '07-65707' sent to object: 'Object Repository/FDR-VoucherEntry/Voucher/contractNum'

2020-09-27 07:18:54 - [MESSAGE][PASSED] - Keys '07-65707' sent to object: 'Object Repository/FDR-VoucherEntry/Voucher/contractNum'

2020-09-27 07:18:54 - [TEST_STEP][PASSED] - click(findTestObject("FDR-VoucherEntry/Voucher/contractNum")): Object: 'Object Repository/FDR-VoucherEntry/Voucher/contractNum' is clicked on

2020-09-27 07:18:54 - [MESSAGE][PASSED] - Object: 'Object Repository/FDR-VoucherEntry/Voucher/contractNum' is clicked on

2020-09-27 07:18:54 - [TEST_STEP][PASSED] - sendKeys(findTestObject("FDR-VoucherEntry/Voucher/contractNum"), Keys.chord(DOWN, ENTER)): Keys 'DOWN + ENTER + ' sent to object: 'Object Repository/FDR-VoucherEntry/Voucher/contractNum'

2020-09-27 07:18:54 - [MESSAGE][PASSED] - Keys 'DOWN + ENTER + ' sent to object: 'Object Repository/FDR-VoucherEntry/Voucher/contractNum'

2020-09-27 07:18:54 - [TEST_STEP][PASSED] - click(findTestObject("FDR-VoucherEntry/Voucher/vendorMessage")): Object: 'Object Repository/FDR-VoucherEntry/Voucher/vendorMessage' is clicked on

2020-09-27 07:18:55 - [MESSAGE][PASSED] - Object: 'Object Repository/FDR-VoucherEntry/Voucher/vendorMessage' is clicked on

2020-09-27 07:18:55 - [TEST_STEP][PASSED] - setText(findTestObject("Object Repository/FDR-VoucherEntry/Voucher/vendorMessage"), Datasheet.getValue("vendorMessage", 1)): Text 'TestCase ONE' is set on object 'Object Repository/FDR-VoucherEntry/Voucher/vendorMessage'

2020-09-27 07:18:56 - [MESSAGE][PASSED] - Text 'TestCase ONE' is set on object 'Object Repository/FDR-VoucherEntry/Voucher/vendorMessage'

2020-09-27 07:18:56 - [TEST_STEP][PASSED] - click(findTestObject("FDR-VoucherEntry/Voucher/primaryContact")): Object: 'Object Repository/FDR-VoucherEntry/Voucher/primaryContact' is clicked on

2020-09-27 07:18:57 - [MESSAGE][PASSED] - Object: 'Object Repository/FDR-VoucherEntry/Voucher/primaryContact' is clicked on

2020-09-27 07:18:57 - [TEST_STEP][PASSED] - waitForElementPresent(findTestObject("FDR-VoucherEntry/Voucher/primaryContact"), 1): Object 'Object Repository/FDR-VoucherEntry/Voucher/primaryContact' is present

2020-09-27 07:18:57 - [MESSAGE][PASSED] - Object 'Object Repository/FDR-VoucherEntry/Voucher/primaryContact' is present

2020-09-27 07:18:57 - [TEST_STEP][PASSED] - sendKeys(findTestObject("FDR-VoucherEntry/Voucher/primaryContact"), Datasheet.getValue("primaryContact", 1)): Keys 'James Mowrer' sent to object: 'Object Repository/FDR-VoucherEntry/Voucher/primaryContact'

2020-09-27 07:18:57 - [MESSAGE][PASSED] - Keys 'James Mowrer' sent to object: 'Object Repository/FDR-VoucherEntry/Voucher/primaryContact'

2020-09-27 07:18:57 - [TEST_STEP][PASSED] - sendKeys(findTestObject("FDR-VoucherEntry/Voucher/primaryContact"), Keys.chord(DOWN, ENTER)): Keys 'DOWN + ENTER + ' sent to object: 'Object Repository/FDR-VoucherEntry/Voucher/primaryContact'

2020-09-27 07:18:58 - [MESSAGE][PASSED] - Keys 'DOWN + ENTER + ' sent to object: 'Object Repository/FDR-VoucherEntry/Voucher/primaryContact'

2020-09-27 07:18:58 - [TEST_STEP][PASSED] - click(findTestObject("FDR-VoucherEntry/Voucher/secondaryContact")): Object: 'Object Repository/FDR-VoucherEntry/Voucher/secondaryContact' is clicked on

2020-09-27 07:18:59 - [MESSAGE][PASSED] - Object: 'Object Repository/FDR-VoucherEntry/Voucher/secondaryContact' is clicked on

2020-09-27 07:18:59 - [TEST_STEP][PASSED] - waitForElementPresent(findTestObject("FDR-VoucherEntry/Voucher/secondaryContact"), 1): Object 'Object Repository/FDR-VoucherEntry/Voucher/secondaryContact' is present

2020-09-27 07:18:59 - [MESSAGE][PASSED] - Object 'Object Repository/FDR-VoucherEntry/Voucher/secondaryContact' is present

2020-09-27 07:18:59 - [TEST_STEP][PASSED] - sendKeys(findTestObject("FDR-VoucherEntry/Voucher/secondaryContact"), Datasheet.getValue("secondaryContact", 1)): Keys 'Aung Lin' sent to object: 'Object Repository/FDR-VoucherEntry/Voucher/secondaryContact'

2020-09-27 07:18:59 - [MESSAGE][PASSED] - Keys 'Aung Lin' sent to object: 'Object Repository/FDR-VoucherEntry/Voucher/secondaryContact'

2020-09-27 07:18:59 - [TEST_STEP][PASSED] - sendKeys(findTestObject("FDR-VoucherEntry/Voucher/secondaryContact"), Keys.chord(DOWN, ENTER)): Keys 'DOWN + ENTER + ' sent to object: 'Object Repository/FDR-VoucherEntry/Voucher/secondaryContact'

2020-09-27 07:19:00 - [MESSAGE][PASSED] - Keys 'DOWN + ENTER + ' sent to object: 'Object Repository/FDR-VoucherEntry/Voucher/secondaryContact'

2020-09-27 07:19:00 - [TEST_STEP][PASSED] - click(findTestObject("FDR-VoucherEntry/Voucher/buttonNext")): Object: 'Object Repository/FDR-VoucherEntry/Voucher/buttonNext' is clicked on

2020-09-27 07:19:01 - [MESSAGE][PASSED] - Object: 'Object Repository/FDR-VoucherEntry/Voucher/buttonNext' is clicked on

2020-09-27 07:19:01 - [TEST_STEP][PASSED] - delay(3): Delayed 3 second(s)

2020-09-27 07:19:04 - [MESSAGE][PASSED] - Delayed 3 second(s)

2020-09-27 07:19:04 - [TEST_STEP][PASSED] - noOfLine = Datasheet.getValue("NoOfLines", 1): null

2020-09-27 07:19:04 - [TEST_STEP][PASSED] - str = noOfLine: null

2020-09-27 07:19:04 - [TEST_STEP][PASSED] - for ([j = 1, j <= str, (j++)]): Object: 'Object Repository/FDR-VoucherEntry/DistributionLine/addSaveButton' is clicked on

2020-09-27 07:19:04 - [TEST_STEP][PASSED] - irandom = Random().nextInt(900000) + 100000: null

2020-09-27 07:19:04 - [TEST_STEP][PASSED] - click(findTestObject("FDR-VoucherEntry/InvoiceLine/invoice")): Object: 'Object Repository/FDR-VoucherEntry/InvoiceLine/invoice' is clicked on

2020-09-27 07:19:05 - [MESSAGE][PASSED] - Object: 'Object Repository/FDR-VoucherEntry/InvoiceLine/invoice' is clicked on

2020-09-27 07:19:05 - [TEST_STEP][PASSED] - setText(findTestObject("FDR-VoucherEntry/InvoiceLine/invoice"), "INC-" + irandom): Text 'INC-403164' is set on object 'Object Repository/FDR-VoucherEntry/InvoiceLine/invoice'

2020-09-27 07:19:05 - [MESSAGE][PASSED] - Text 'INC-403164' is set on object 'Object Repository/FDR-VoucherEntry/InvoiceLine/invoice'

2020-09-27 07:19:05 - [TEST_STEP][PASSED] - click(findTestObject("FDR-VoucherEntry/InvoiceLine/invoiceDate")): Object: 'Object Repository/FDR-VoucherEntry/InvoiceLine/invoiceDate' is clicked on

2020-09-27 07:19:06 - [MESSAGE][PASSED] - Object: 'Object Repository/FDR-VoucherEntry/InvoiceLine/invoiceDate' is clicked on

2020-09-27 07:19:06 - [TEST_STEP][PASSED] - setText(findTestObject("FDR-VoucherEntry/InvoiceLine/invoiceDate"), Datasheet.getValue("invoiceDate", 1)): Text '09/27/2020' is set on object 'Object Repository/FDR-VoucherEntry/InvoiceLine/invoiceDate'

2020-09-27 07:19:07 - [MESSAGE][PASSED] - Text '09/27/2020' is set on object 'Object Repository/FDR-VoucherEntry/InvoiceLine/invoiceDate'

2020-09-27 07:19:07 - [TEST_STEP][PASSED] - click(findTestObject("FDR-VoucherEntry/InvoiceLine/originalWarrantDate")): Object: 'Object Repository/FDR-VoucherEntry/InvoiceLine/originalWarrantDate' is clicked on

2020-09-27 07:19:07 - [MESSAGE][PASSED] - Object: 'Object Repository/FDR-VoucherEntry/InvoiceLine/originalWarrantDate' is clicked on

2020-09-27 07:19:07 - [TEST_STEP][PASSED] - setText(findTestObject("FDR-VoucherEntry/InvoiceLine/originalWarrantDate"), Datasheet.getValue("originalWarrantDate", 1)): Text '09/27/2020' is set on object 'Object Repository/FDR-VoucherEntry/InvoiceLine/originalWarrantDate'

2020-09-27 07:19:08 - [MESSAGE][PASSED] - Text '09/27/2020' is set on object 'Object Repository/FDR-VoucherEntry/InvoiceLine/originalWarrantDate'

2020-09-27 07:19:08 - [TEST_STEP][PASSED] - delay(3): Delayed 3 second(s)

2020-09-27 07:19:11 - [MESSAGE][PASSED] - Delayed 3 second(s)

2020-09-27 07:19:11 - [TEST_STEP][PASSED] - click(findTestObject("FDR-VoucherEntry/InvoiceLine/addInvoiceLineButton")): Object: 'Object Repository/FDR-VoucherEntry/InvoiceLine/addInvoiceLineButton' is clicked on

2020-09-27 07:19:11 - [MESSAGE][PASSED] - Object: 'Object Repository/FDR-VoucherEntry/InvoiceLine/addInvoiceLineButton' is clicked on

2020-09-27 07:19:11 - [TEST_STEP][PASSED] - waitForElementPresent(findTestObject("FDR-Dashboard/createNewVoucherButton"), 3): Object 'Object Repository/FDR-Dashboard/createNewVoucherButton' is not present after 3 second(s)

2020-09-27 07:19:15 - [MESSAGE][INFO] - Unable to find the element located by 'By.xpath: //*[@data-id='button-link']//*[contains(text(),'Create New Voucher')]'. Please recheck the objects properties to make sure the desired element is located. 

2020-09-27 07:19:15 - [MESSAGE][WARNING] - Object 'Object Repository/FDR-Dashboard/createNewVoucherButton' is not present after 3 second(s)

2020-09-27 07:19:15 - [TEST_STEP][PASSED] - if (j == 1): Object: 'Object Repository/FDR-EditVoucher/expandicon1' is clicked on

2020-09-27 07:19:15 - [TEST_STEP][PASSED] - click(findTestObject("Object Repository/FDR-EditVoucher/expandicon1")): Object: 'Object Repository/FDR-EditVoucher/expandicon1' is clicked on

2020-09-27 07:19:16 - [MESSAGE][PASSED] - Object: 'Object Repository/FDR-EditVoucher/expandicon1' is clicked on

2020-09-27 07:19:16 - [TEST_STEP][PASSED] - click(findTestObject("FDR-VoucherEntry/InvoiceLine/invoiceAddlineButton")): Object: 'Object Repository/FDR-VoucherEntry/InvoiceLine/invoiceAddlineButton' is clicked on

2020-09-27 07:19:17 - [MESSAGE][PASSED] - Object: 'Object Repository/FDR-VoucherEntry/InvoiceLine/invoiceAddlineButton' is clicked on

2020-09-27 07:19:17 - [TEST_STEP][PASSED] - delay(2): Delayed 2 second(s)

2020-09-27 07:19:19 - [MESSAGE][PASSED] - Delayed 2 second(s)

2020-09-27 07:19:19 - [TEST_STEP][PASSED] - click(findTestObject("FDR-VoucherEntry/DistributionLine/serviceDateFrom")): Object: 'Object Repository/FDR-VoucherEntry/DistributionLine/serviceDateFrom' is clicked on

2020-09-27 07:19:19 - [MESSAGE][PASSED] - Object: 'Object Repository/FDR-VoucherEntry/DistributionLine/serviceDateFrom' is clicked on

2020-09-27 07:19:19 - [TEST_STEP][PASSED] - setText(findTestObject("FDR-VoucherEntry/DistributionLine/serviceDateFrom"), Datasheet.getValue("serviceDateFrom", 1)): Text '09/27/2020' is set on object 'Object Repository/FDR-VoucherEntry/DistributionLine/serviceDateFrom'

2020-09-27 07:19:20 - [MESSAGE][PASSED] - Text '09/27/2020' is set on object 'Object Repository/FDR-VoucherEntry/DistributionLine/serviceDateFrom'

2020-09-27 07:19:20 - [TEST_STEP][PASSED] - setText(findTestObject("FDR-VoucherEntry/DistributionLine/serviceDateTo"), Datasheet.getValue("serviceDateTo", 1)): Text '09/27/2020' is set on object 'Object Repository/FDR-VoucherEntry/DistributionLine/serviceDateTo'

2020-09-27 07:19:22 - [MESSAGE][PASSED] - Text '09/27/2020' is set on object 'Object Repository/FDR-VoucherEntry/DistributionLine/serviceDateTo'

2020-09-27 07:19:22 - [TEST_STEP][PASSED] - click(findTestObject("FDR-VoucherEntry/DistributionLine/amount")): Object: 'Object Repository/FDR-VoucherEntry/DistributionLine/amount' is clicked on

2020-09-27 07:19:22 - [MESSAGE][PASSED] - Object: 'Object Repository/FDR-VoucherEntry/DistributionLine/amount' is clicked on

2020-09-27 07:19:22 - [TEST_STEP][PASSED] - setText(findTestObject("FDR-VoucherEntry/DistributionLine/amount"), Datasheet.getValue("amount", 1)): Text '100000' is set on object 'Object Repository/FDR-VoucherEntry/DistributionLine/amount'

2020-09-27 07:19:23 - [MESSAGE][PASSED] - Text '100000' is set on object 'Object Repository/FDR-VoucherEntry/DistributionLine/amount'

2020-09-27 07:19:23 - [TEST_STEP][PASSED] - click(findTestObject("FDR-VoucherEntry/DistributionLine/waiverType")): Object: 'Object Repository/FDR-VoucherEntry/DistributionLine/waiverType' is clicked on

2020-09-27 07:19:24 - [MESSAGE][PASSED] - Object: 'Object Repository/FDR-VoucherEntry/DistributionLine/waiverType' is clicked on

2020-09-27 07:19:24 - [TEST_STEP][PASSED] - setText(findTestObject("FDR-VoucherEntry/DistributionLine/waiverType"), Datasheet.getValue("waiverType", 1)): Text '2020' is set on object 'Object Repository/FDR-VoucherEntry/DistributionLine/waiverType'

2020-09-27 07:19:25 - [MESSAGE][PASSED] - Text '2020' is set on object 'Object Repository/FDR-VoucherEntry/DistributionLine/waiverType'

2020-09-27 07:19:25 - [TEST_STEP][PASSED] - sendKeys(findTestObject("FDR-VoucherEntry/DistributionLine/waiverType"), Keys.chord(DOWN, ENTER)): Keys 'DOWN + ENTER + ' sent to object: 'Object Repository/FDR-VoucherEntry/DistributionLine/waiverType'

2020-09-27 07:19:25 - [MESSAGE][PASSED] - Keys 'DOWN + ENTER + ' sent to object: 'Object Repository/FDR-VoucherEntry/DistributionLine/waiverType'

2020-09-27 07:19:25 - [TEST_STEP][PASSED] - click(findTestObject("FDR-VoucherEntry/DistributionLine/waiverName")): Object: 'Object Repository/FDR-VoucherEntry/DistributionLine/waiverName' is clicked on

2020-09-27 07:19:26 - [MESSAGE][PASSED] - Object: 'Object Repository/FDR-VoucherEntry/DistributionLine/waiverName' is clicked on

2020-09-27 07:19:26 - [TEST_STEP][PASSED] - setText(findTestObject("FDR-VoucherEntry/DistributionLine/waiverName"), Datasheet.getValue("waiverName", 1)): Text 'A-FamilyU TPM/GMC' is set on object 'Object Repository/FDR-VoucherEntry/DistributionLine/waiverName'

2020-09-27 07:19:27 - [MESSAGE][PASSED] - Text 'A-FamilyU TPM/GMC' is set on object 'Object Repository/FDR-VoucherEntry/DistributionLine/waiverName'

2020-09-27 07:19:27 - [TEST_STEP][PASSED] - sendKeys(findTestObject("FDR-VoucherEntry/DistributionLine/waiverName"), Keys.chord(DOWN, ENTER)): Keys 'DOWN + ENTER + ' sent to object: 'Object Repository/FDR-VoucherEntry/DistributionLine/waiverName'

2020-09-27 07:19:27 - [MESSAGE][PASSED] - Keys 'DOWN + ENTER + ' sent to object: 'Object Repository/FDR-VoucherEntry/DistributionLine/waiverName'

2020-09-27 07:19:27 - [TEST_STEP][PASSED] - click(findTestObject("FDR-VoucherEntry/DistributionLine/fundingSource")): Object: 'Object Repository/FDR-VoucherEntry/DistributionLine/fundingSource' is clicked on

2020-09-27 07:19:28 - [MESSAGE][PASSED] - Object: 'Object Repository/FDR-VoucherEntry/DistributionLine/fundingSource' is clicked on

2020-09-27 07:19:28 - [TEST_STEP][PASSED] - setText(findTestObject("FDR-VoucherEntry/DistributionLine/fundingSource"), Datasheet.getValue("fundingSource", 1)): Text 'Dental' is set on object 'Object Repository/FDR-VoucherEntry/DistributionLine/fundingSource'

2020-09-27 07:19:28 - [MESSAGE][PASSED] - Text 'Dental' is set on object 'Object Repository/FDR-VoucherEntry/DistributionLine/fundingSource'

2020-09-27 07:19:28 - [TEST_STEP][PASSED] - sendKeys(findTestObject("FDR-VoucherEntry/DistributionLine/fundingSource"), Keys.chord(DOWN, ENTER)): Keys 'DOWN + ENTER + ' sent to object: 'Object Repository/FDR-VoucherEntry/DistributionLine/fundingSource'

2020-09-27 07:19:29 - [MESSAGE][PASSED] - Keys 'DOWN + ENTER + ' sent to object: 'Object Repository/FDR-VoucherEntry/DistributionLine/fundingSource'

2020-09-27 07:19:29 - [TEST_STEP][PASSED] - click(findTestObject("FDR-VoucherEntry/DistributionLine/fundRatio")): Object: 'Object Repository/FDR-VoucherEntry/DistributionLine/fundRatio' is clicked on

2020-09-27 07:19:30 - [MESSAGE][PASSED] - Object: 'Object Repository/FDR-VoucherEntry/DistributionLine/fundRatio' is clicked on

2020-09-27 07:19:30 - [TEST_STEP][PASSED] - setText(findTestObject("FDR-VoucherEntry/DistributionLine/fundRatio"), Datasheet.getValue("fundRatio", 1)): Text '50/50' is set on object 'Object Repository/FDR-VoucherEntry/DistributionLine/fundRatio'

2020-09-27 07:19:30 - [MESSAGE][PASSED] - Text '50/50' is set on object 'Object Repository/FDR-VoucherEntry/DistributionLine/fundRatio'

2020-09-27 07:19:30 - [TEST_STEP][PASSED] - sendKeys(findTestObject("FDR-VoucherEntry/DistributionLine/fundRatio"), Keys.chord(DOWN, ENTER)): Keys 'DOWN + ENTER + ' sent to object: 'Object Repository/FDR-VoucherEntry/DistributionLine/fundRatio'

2020-09-27 07:19:31 - [MESSAGE][PASSED] - Keys 'DOWN + ENTER + ' sent to object: 'Object Repository/FDR-VoucherEntry/DistributionLine/fundRatio'

2020-09-27 07:19:31 - [TEST_STEP][PASSED] - click(findTestObject("FDR-VoucherEntry/DistributionLine/nonFederalFund")): Object: 'Object Repository/FDR-VoucherEntry/DistributionLine/nonFederalFund' is clicked on

2020-09-27 07:19:32 - [MESSAGE][PASSED] - Object: 'Object Repository/FDR-VoucherEntry/DistributionLine/nonFederalFund' is clicked on

2020-09-27 07:19:32 - [TEST_STEP][PASSED] - setText(findTestObject("FDR-VoucherEntry/DistributionLine/nonFederalFund"), Datasheet.getValue("nonFederalFund", 1)): Text '3158' is set on object 'Object Repository/FDR-VoucherEntry/DistributionLine/nonFederalFund'

2020-09-27 07:19:32 - [MESSAGE][PASSED] - Text '3158' is set on object 'Object Repository/FDR-VoucherEntry/DistributionLine/nonFederalFund'

2020-09-27 07:19:32 - [TEST_STEP][PASSED] - sendKeys(findTestObject("FDR-VoucherEntry/DistributionLine/nonFederalFund"), Keys.chord(DOWN, ENTER)): Keys 'DOWN + ENTER + ' sent to object: 'Object Repository/FDR-VoucherEntry/DistributionLine/nonFederalFund'

2020-09-27 07:19:33 - [MESSAGE][PASSED] - Keys 'DOWN + ENTER + ' sent to object: 'Object Repository/FDR-VoucherEntry/DistributionLine/nonFederalFund'

2020-09-27 07:19:33 - [TEST_STEP][PASSED] - click(findTestObject("FDR-VoucherEntry/DistributionLine/account")): Object: 'Object Repository/FDR-VoucherEntry/DistributionLine/account' is clicked on

2020-09-27 07:19:34 - [MESSAGE][PASSED] - Object: 'Object Repository/FDR-VoucherEntry/DistributionLine/account' is clicked on

2020-09-27 07:19:34 - [TEST_STEP][PASSED] - sendKeys(findTestObject("FDR-VoucherEntry/DistributionLine/account"), Datasheet.getValue("account", 1)): Keys '5442000' sent to object: 'Object Repository/FDR-VoucherEntry/DistributionLine/account'

2020-09-27 07:19:34 - [MESSAGE][PASSED] - Keys '5442000' sent to object: 'Object Repository/FDR-VoucherEntry/DistributionLine/account'

2020-09-27 07:19:34 - [TEST_STEP][PASSED] - sendKeys(findTestObject("FDR-VoucherEntry/DistributionLine/account"), Keys.chord(DOWN, ENTER)): Keys 'DOWN + ENTER + ' sent to object: 'Object Repository/FDR-VoucherEntry/DistributionLine/account'

2020-09-27 07:19:35 - [MESSAGE][PASSED] - Keys 'DOWN + ENTER + ' sent to object: 'Object Repository/FDR-VoucherEntry/DistributionLine/account'

2020-09-27 07:19:35 - [TEST_STEP][PASSED] - click(findTestObject("FDR-VoucherEntry/DistributionLine/altAccount")): Object: 'Object Repository/FDR-VoucherEntry/DistributionLine/altAccount' is clicked on

2020-09-27 07:19:35 - [MESSAGE][PASSED] - Object: 'Object Repository/FDR-VoucherEntry/DistributionLine/altAccount' is clicked on

2020-09-27 07:19:35 - [TEST_STEP][PASSED] - sendKeys(findTestObject("FDR-VoucherEntry/DistributionLine/altAccount"), Datasheet.getValue("altAccount", 1)): Keys '5442000089' sent to object: 'Object Repository/FDR-VoucherEntry/DistributionLine/altAccount'

2020-09-27 07:19:36 - [MESSAGE][PASSED] - Keys '5442000089' sent to object: 'Object Repository/FDR-VoucherEntry/DistributionLine/altAccount'

2020-09-27 07:19:36 - [TEST_STEP][PASSED] - sendKeys(findTestObject("FDR-VoucherEntry/DistributionLine/altAccount"), Keys.chord(DOWN, ENTER)): Keys 'DOWN + ENTER + ' sent to object: 'Object Repository/FDR-VoucherEntry/DistributionLine/altAccount'

2020-09-27 07:19:37 - [MESSAGE][PASSED] - Keys 'DOWN + ENTER + ' sent to object: 'Object Repository/FDR-VoucherEntry/DistributionLine/altAccount'

2020-09-27 07:19:37 - [TEST_STEP][PASSED] - click(findTestObject("FDR-VoucherEntry/DistributionLine/serviceCategory")): Object: 'Object Repository/FDR-VoucherEntry/DistributionLine/serviceCategory' is clicked on

2020-09-27 07:19:37 - [MESSAGE][PASSED] - Object: 'Object Repository/FDR-VoucherEntry/DistributionLine/serviceCategory' is clicked on

2020-09-27 07:19:37 - [TEST_STEP][PASSED] - sendKeys(findTestObject("FDR-VoucherEntry/DistributionLine/serviceCategory"), Datasheet.getValue("serviceCategory", 1)): Keys '18B1' sent to object: 'Object Repository/FDR-VoucherEntry/DistributionLine/serviceCategory'

2020-09-27 07:19:38 - [MESSAGE][PASSED] - Keys '18B1' sent to object: 'Object Repository/FDR-VoucherEntry/DistributionLine/serviceCategory'

2020-09-27 07:19:38 - [TEST_STEP][PASSED] - sendKeys(findTestObject("FDR-VoucherEntry/DistributionLine/serviceCategory"), Keys.chord(DOWN, ENTER)): Keys 'DOWN + ENTER + ' sent to object: 'Object Repository/FDR-VoucherEntry/DistributionLine/serviceCategory'

2020-09-27 07:19:38 - [MESSAGE][PASSED] - Keys 'DOWN + ENTER + ' sent to object: 'Object Repository/FDR-VoucherEntry/DistributionLine/serviceCategory'

2020-09-27 07:19:38 - [TEST_STEP][PASSED] - click(findTestObject("FDR-VoucherEntry/DistributionLine/incDecLine")): Object: 'Object Repository/FDR-VoucherEntry/DistributionLine/incDecLine' is clicked on

2020-09-27 07:19:39 - [MESSAGE][PASSED] - Object: 'Object Repository/FDR-VoucherEntry/DistributionLine/incDecLine' is clicked on

2020-09-27 07:19:39 - [TEST_STEP][PASSED] - sendKeys(findTestObject("FDR-VoucherEntry/DistributionLine/incDecLine"), Datasheet.getValue("incDecLine", 1)): Keys '1: New (service Period is current quarter and never been claimed)' sent to object: 'Object Repository/FDR-VoucherEntry/DistributionLine/incDecLine'

2020-09-27 07:19:39 - [MESSAGE][PASSED] - Keys '1: New (service Period is current quarter and never been claimed)' sent to object: 'Object Repository/FDR-VoucherEntry/DistributionLine/incDecLine'

2020-09-27 07:19:39 - [TEST_STEP][PASSED] - sendKeys(findTestObject("FDR-VoucherEntry/DistributionLine/incDecLine"), Keys.chord(DOWN, ENTER)): Keys 'DOWN + ENTER + ' sent to object: 'Object Repository/FDR-VoucherEntry/DistributionLine/incDecLine'

2020-09-27 07:19:40 - [MESSAGE][PASSED] - Keys 'DOWN + ENTER + ' sent to object: 'Object Repository/FDR-VoucherEntry/DistributionLine/incDecLine'

2020-09-27 07:19:40 - [TEST_STEP][PASSED] - click(findTestObject("FDR-VoucherEntry/DistributionLine/index")): Object: 'Object Repository/FDR-VoucherEntry/DistributionLine/index' is clicked on

2020-09-27 07:19:40 - [MESSAGE][PASSED] - Object: 'Object Repository/FDR-VoucherEntry/DistributionLine/index' is clicked on

2020-09-27 07:19:40 - [TEST_STEP][PASSED] - sendKeys(findTestObject("FDR-VoucherEntry/DistributionLine/index"), Datasheet.getValue("index", 1)): Keys '1155' sent to object: 'Object Repository/FDR-VoucherEntry/DistributionLine/index'

2020-09-27 07:19:41 - [MESSAGE][PASSED] - Keys '1155' sent to object: 'Object Repository/FDR-VoucherEntry/DistributionLine/index'

2020-09-27 07:19:41 - [TEST_STEP][PASSED] - sendKeys(findTestObject("FDR-VoucherEntry/DistributionLine/index"), Keys.chord(DOWN, ENTER)): Keys 'DOWN + ENTER + ' sent to object: 'Object Repository/FDR-VoucherEntry/DistributionLine/index'

2020-09-27 07:19:41 - [MESSAGE][PASSED] - Keys 'DOWN + ENTER + ' sent to object: 'Object Repository/FDR-VoucherEntry/DistributionLine/index'

2020-09-27 07:19:41 - [TEST_STEP][PASSED] - click(findTestObject("FDR-VoucherEntry/DistributionLine/ServiceLocation")): Object: 'Object Repository/FDR-VoucherEntry/DistributionLine/ServiceLocation' is clicked on

2020-09-27 07:19:42 - [MESSAGE][PASSED] - Object: 'Object Repository/FDR-VoucherEntry/DistributionLine/ServiceLocation' is clicked on

2020-09-27 07:19:42 - [TEST_STEP][PASSED] - sendKeys(findTestObject("FDR-VoucherEntry/DistributionLine/ServiceLocation"), Datasheet.getValue("ServiceLocation", 1)): Keys '12345' sent to object: 'Object Repository/FDR-VoucherEntry/DistributionLine/ServiceLocation'

2020-09-27 07:19:43 - [MESSAGE][PASSED] - Keys '12345' sent to object: 'Object Repository/FDR-VoucherEntry/DistributionLine/ServiceLocation'

2020-09-27 07:19:43 - [TEST_STEP][PASSED] - sendKeys(findTestObject("FDR-VoucherEntry/DistributionLine/ServiceLocation"), Keys.chord(DOWN, ENTER)): Keys 'DOWN + ENTER + ' sent to object: 'Object Repository/FDR-VoucherEntry/DistributionLine/ServiceLocation'

2020-09-27 07:19:43 - [MESSAGE][PASSED] - Keys 'DOWN + ENTER + ' sent to object: 'Object Repository/FDR-VoucherEntry/DistributionLine/ServiceLocation'

2020-09-27 07:19:43 - [TEST_STEP][PASSED] - click(findTestObject("Object Repository/FDR-VoucherEntry/DistributionLine/addSaveButton")): Object: 'Object Repository/FDR-VoucherEntry/DistributionLine/addSaveButton' is clicked on

2020-09-27 07:19:44 - [MESSAGE][PASSED] - Object: 'Object Repository/FDR-VoucherEntry/DistributionLine/addSaveButton' is clicked on

2020-09-27 07:19:44 - [TEST_STEP][PASSED] - processorVoucherNumber = getText(findTestObject("FDR-VoucherEntry/VoucherHeader/voucherNum")): Text of object 'Object Repository/FDR-VoucherEntry/VoucherHeader/voucherNum' is: 'CAP00000197'

2020-09-27 07:19:44 - [MESSAGE][PASSED] - Text of object 'Object Repository/FDR-VoucherEntry/VoucherHeader/voucherNum' is: 'CAP00000197'

2020-09-27 07:19:44 - [TEST_STEP][PASSED] - waitForElementPresent(findTestObject("FDR-Dashboard/createNewVoucherButton"), 3): Object 'Object Repository/FDR-Dashboard/createNewVoucherButton' is not present after 3 second(s)

2020-09-27 07:19:48 - [MESSAGE][INFO] - Unable to find the element located by 'By.xpath: //*[@data-id='button-link']//*[contains(text(),'Create New Voucher')]'. Please recheck the objects properties to make sure the desired element is located. 

2020-09-27 07:19:48 - [MESSAGE][WARNING] - Object 'Object Repository/FDR-Dashboard/createNewVoucherButton' is not present after 3 second(s)

2020-09-27 07:19:48 - [TEST_STEP][PASSED] - click(findTestObject("Object Repository/FDR-VoucherEntry/VoucherHeader/reviewButton")): Object: 'Object Repository/FDR-VoucherEntry/VoucherHeader/reviewButton' is clicked on

2020-09-27 07:19:49 - [MESSAGE][PASSED] - Object: 'Object Repository/FDR-VoucherEntry/VoucherHeader/reviewButton' is clicked on

2020-09-27 07:19:49 - [TEST_STEP][PASSED] - waitForElementPresent(findTestObject("FDR-Dashboard/createNewVoucherButton"), 2): Object 'Object Repository/FDR-Dashboard/createNewVoucherButton' is not present after 2 second(s)

2020-09-27 07:19:52 - [MESSAGE][INFO] - Unable to find the element located by 'By.xpath: //*[@data-id='button-link']//*[contains(text(),'Create New Voucher')]'. Please recheck the objects properties to make sure the desired element is located. 

2020-09-27 07:19:52 - [MESSAGE][WARNING] - Object 'Object Repository/FDR-Dashboard/createNewVoucherButton' is not present after 2 second(s)

2020-09-27 07:19:52 - [TEST_STEP][PASSED] - click(findTestObject("Object Repository/FDR-Vouchers-States/Resume/submitForApproval")): Object: 'Object Repository/FDR-Vouchers-States/Resume/submitForApproval' is clicked on

2020-09-27 07:19:52 - [MESSAGE][PASSED] - Object: 'Object Repository/FDR-Vouchers-States/Resume/submitForApproval' is clicked on

2020-09-27 07:19:52 - [TEST_STEP][PASSED] - commonFunctions.selectRole("accountsPayableApprover"): Object 'Object Repository/FDR-VoucherEntry/VoucherHeader/reviewButton' is not present after 2 second(s)

2020-09-27 07:19:55 - [MESSAGE][INFO] - Unable to find the element located by 'By.xpath: //*[@data-id='action-button']//*[contains(text(),'Review')]'. Please recheck the objects properties to make sure the desired element is located. 

2020-09-27 07:19:55 - [MESSAGE][WARNING] - Object 'Object Repository/FDR-VoucherEntry/VoucherHeader/reviewButton' is not present after 2 second(s)

2020-09-27 07:19:55 - [MESSAGE][PASSED] - Object: 'Object Repository/FDR-SuperUser-Dashboard/userExpandButton' is clicked on

2020-09-27 07:19:59 - [MESSAGE][INFO] - Unable to find the element located by 'By.xpath: //*[@data-id='action-button']//*[contains(text(),'Review')]'. Please recheck the objects properties to make sure the desired element is located. 

2020-09-27 07:19:59 - [MESSAGE][WARNING] - Object 'Object Repository/FDR-VoucherEntry/VoucherHeader/reviewButton' is not present after 2 second(s)

2020-09-27 07:19:59 - [MESSAGE][PASSED] - Object: 'Object Repository/FDR-SuperUser-Dashboard/accountsPayableApprover' is clicked on

2020-09-27 07:20:02 - [MESSAGE][INFO] - Unable to find the element located by 'By.xpath: //*[@data-id='action-button']//*[contains(text(),'Review')]'. Please recheck the objects properties to make sure the desired element is located. 

2020-09-27 07:20:02 - [MESSAGE][WARNING] - Object 'Object Repository/FDR-VoucherEntry/VoucherHeader/reviewButton' is not present after 2 second(s)

2020-09-27 07:20:02 - [TEST_STEP][PASSED] - delay(2): Delayed 2 second(s)

2020-09-27 07:20:04 - [MESSAGE][PASSED] - Delayed 2 second(s)

2020-09-27 07:20:04 - [TEST_STEP][PASSED] - click(findTestObject("FDR-Dashboard/Filters/validateFilterButton")): Object: 'Object Repository/FDR-Dashboard/Filters/validateFilterButton' is clicked on

2020-09-27 07:20:05 - [MESSAGE][PASSED] - Object: 'Object Repository/FDR-Dashboard/Filters/validateFilterButton' is clicked on

2020-09-27 07:20:05 - [TEST_STEP][PASSED] - delay(2): Delayed 2 second(s)

2020-09-27 07:20:07 - [MESSAGE][PASSED] - Delayed 2 second(s)

2020-09-27 07:20:07 - [TEST_STEP][PASSED] - setText(findTestObject("FDR-Dashboard/Search/searchInputField"), processorVoucherNumber): Text 'CAP00000197' is set on object 'Object Repository/FDR-Dashboard/Search/searchInputField'

2020-09-27 07:20:07 - [MESSAGE][PASSED] - Text 'CAP00000197' is set on object 'Object Repository/FDR-Dashboard/Search/searchInputField'

2020-09-27 07:20:07 - [TEST_STEP][PASSED] - click(findTestObject("FDR-Dashboard/Filters/validateFilterButton")): Object: 'Object Repository/FDR-Dashboard/Filters/validateFilterButton' is clicked on

2020-09-27 07:20:08 - [MESSAGE][PASSED] - Object: 'Object Repository/FDR-Dashboard/Filters/validateFilterButton' is clicked on

2020-09-27 07:20:08 - [TEST_STEP][PASSED] - waitForElementPresent(findTestObject("FDR-Dashboard/createNewVoucherButton"), 2): Object 'Object Repository/FDR-Dashboard/createNewVoucherButton' is present

2020-09-27 07:20:08 - [MESSAGE][PASSED] - Object 'Object Repository/FDR-Dashboard/createNewVoucherButton' is present

2020-09-27 07:20:08 - [TEST_STEP][PASSED] - click(findTestObject("Object Repository/FDR-Dashboard/VouhcersTable/validateButton")): Object: 'Object Repository/FDR-Dashboard/VouhcersTable/validateButton' is clicked on

2020-09-27 07:20:10 - [MESSAGE][PASSED] - Object: 'Object Repository/FDR-Dashboard/VouhcersTable/validateButton' is clicked on

2020-09-27 07:20:10 - [TEST_STEP][PASSED] - waitForElementPresent(findTestObject("FDR-Dashboard/createNewVoucherButton"), 3): Object 'Object Repository/FDR-Dashboard/createNewVoucherButton' is not present after 3 second(s)

2020-09-27 07:20:14 - [MESSAGE][INFO] - Unable to find the element located by 'By.xpath: //*[@data-id='button-link']//*[contains(text(),'Create New Voucher')]'. Please recheck the objects properties to make sure the desired element is located. 

2020-09-27 07:20:14 - [MESSAGE][WARNING] - Object 'Object Repository/FDR-Dashboard/createNewVoucherButton' is not present after 3 second(s)

2020-09-27 07:20:14 - [TEST_STEP][PASSED] - click(findTestObject("FDR-VoucherEntry/InvoiceLine/invoiceLineExpandButton")): Object: 'Object Repository/FDR-VoucherEntry/InvoiceLine/invoiceLineExpandButton' is clicked on

2020-09-27 07:20:14 - [MESSAGE][PASSED] - Object: 'Object Repository/FDR-VoucherEntry/InvoiceLine/invoiceLineExpandButton' is clicked on

2020-09-27 07:20:14 - [TEST_STEP][PASSED] - waitForElementPresent(findTestObject("FDR-Dashboard/createNewVoucherButton"), 3): Object 'Object Repository/FDR-Dashboard/createNewVoucherButton' is not present after 3 second(s)

2020-09-27 07:20:19 - [MESSAGE][INFO] - Unable to find the element located by 'By.xpath: //*[@data-id='button-link']//*[contains(text(),'Create New Voucher')]'. Please recheck the objects properties to make sure the desired element is located. 

2020-09-27 07:20:19 - [MESSAGE][WARNING] - Object 'Object Repository/FDR-Dashboard/createNewVoucherButton' is not present after 3 second(s)

2020-09-27 07:20:19 - [TEST_STEP][PASSED] - mouseOver(findTestObject("FDR-EditVoucher/DLHover")): Object: 'Object Repository/FDR-EditVoucher/DLHover' is hovered

2020-09-27 07:20:19 - [MESSAGE][PASSED] - Object: 'Object Repository/FDR-EditVoucher/DLHover' is hovered

2020-09-27 07:20:19 - [TEST_STEP][PASSED] - waitForElementPresent(findTestObject("FDR-Dashboard/createNewVoucherButton"), 3): Object 'Object Repository/FDR-Dashboard/createNewVoucherButton' is not present after 3 second(s)

2020-09-27 07:20:23 - [MESSAGE][INFO] - Unable to find the element located by 'By.xpath: //*[@data-id='button-link']//*[contains(text(),'Create New Voucher')]'. Please recheck the objects properties to make sure the desired element is located. 

2020-09-27 07:20:23 - [MESSAGE][WARNING] - Object 'Object Repository/FDR-Dashboard/createNewVoucherButton' is not present after 3 second(s)

2020-09-27 07:20:23 - [TEST_STEP][PASSED] - click(findTestObject("FDR-EditVoucher/DLEditIcon")): Object: 'Object Repository/FDR-EditVoucher/DLEditIcon' is clicked on

2020-09-27 07:20:24 - [MESSAGE][PASSED] - Object: 'Object Repository/FDR-EditVoucher/DLEditIcon' is clicked on

2020-09-27 07:20:24 - [TEST_STEP][PASSED] - waitForElementPresent(findTestObject("FDR-Dashboard/createNewVoucherButton"), 3): Object 'Object Repository/FDR-Dashboard/createNewVoucherButton' is not present after 3 second(s)

2020-09-27 07:20:28 - [MESSAGE][INFO] - Unable to find the element located by 'By.xpath: //*[@data-id='button-link']//*[contains(text(),'Create New Voucher')]'. Please recheck the objects properties to make sure the desired element is located. 

2020-09-27 07:20:28 - [MESSAGE][WARNING] - Object 'Object Repository/FDR-Dashboard/createNewVoucherButton' is not present after 3 second(s)

2020-09-27 07:20:28 - [TEST_STEP][PASSED] - click(findTestObject("FDR-Vouchers-States/Validate/Reject/RejectDistributionLine/DLRejectClick")): Object: 'Object Repository/FDR-Vouchers-States/Validate/Reject/RejectDistributionLine/DLRejectClick' is clicked on

2020-09-27 07:20:28 - [MESSAGE][PASSED] - Object: 'Object Repository/FDR-Vouchers-States/Validate/Reject/RejectDistributionLine/DLRejectClick' is clicked on

2020-09-27 07:20:28 - [TEST_STEP][PASSED] - waitForElementPresent(findTestObject("FDR-Dashboard/createNewVoucherButton"), 2): Object 'Object Repository/FDR-Dashboard/createNewVoucherButton' is not present after 2 second(s)

2020-09-27 07:20:31 - [MESSAGE][INFO] - Unable to find the element located by 'By.xpath: //*[@data-id='button-link']//*[contains(text(),'Create New Voucher')]'. Please recheck the objects properties to make sure the desired element is located. 

2020-09-27 07:20:31 - [MESSAGE][WARNING] - Object 'Object Repository/FDR-Dashboard/createNewVoucherButton' is not present after 2 second(s)

2020-09-27 07:20:31 - [TEST_STEP][PASSED] - click(findTestObject("FDR-Vouchers-States/Validate/Reject/RejectDistributionLine/rejectDistributionLine")): Object: 'Object Repository/FDR-Vouchers-States/Validate/Reject/RejectDistributionLine/rejectDistributionLine' is clicked on

2020-09-27 07:20:32 - [MESSAGE][PASSED] - Object: 'Object Repository/FDR-Vouchers-States/Validate/Reject/RejectDistributionLine/rejectDistributionLine' is clicked on

2020-09-27 07:20:32 - [TEST_STEP][PASSED] - click(findTestObject("FDR-Vouchers-States/Validate/Reject/RejectDistributionLine/spanIncorrectFundRatio")): Object: 'Object Repository/FDR-Vouchers-States/Validate/Reject/RejectDistributionLine/spanIncorrectFundRatio' is clicked on

2020-09-27 07:20:32 - [MESSAGE][PASSED] - Object: 'Object Repository/FDR-Vouchers-States/Validate/Reject/RejectDistributionLine/spanIncorrectFundRatio' is clicked on

2020-09-27 07:20:32 - [TEST_STEP][PASSED] - waitForElementPresent(findTestObject("FDR-Dashboard/createNewVoucherButton"), 2): Object 'Object Repository/FDR-Dashboard/createNewVoucherButton' is not present after 2 second(s)

2020-09-27 07:20:35 - [MESSAGE][INFO] - Unable to find the element located by 'By.xpath: //*[@data-id='button-link']//*[contains(text(),'Create New Voucher')]'. Please recheck the objects properties to make sure the desired element is located. 

2020-09-27 07:20:35 - [MESSAGE][WARNING] - Object 'Object Repository/FDR-Dashboard/createNewVoucherButton' is not present after 2 second(s)

2020-09-27 07:20:35 - [TEST_STEP][PASSED] - click(findTestObject("FDR-Vouchers-States/Validate/Reject/RejectDistributionLine/spanIncorrectDistributionLine")): Object: 'Object Repository/FDR-Vouchers-States/Validate/Reject/RejectDistributionLine/spanIncorrectDistributionLine' is clicked on

2020-09-27 07:20:36 - [MESSAGE][PASSED] - Object: 'Object Repository/FDR-Vouchers-States/Validate/Reject/RejectDistributionLine/spanIncorrectDistributionLine' is clicked on

2020-09-27 07:20:36 - [TEST_STEP][PASSED] - waitForElementPresent(findTestObject("FDR-Dashboard/createNewVoucherButton"), 3): Object 'Object Repository/FDR-Dashboard/createNewVoucherButton' is not present after 3 second(s)

2020-09-27 07:20:40 - [MESSAGE][INFO] - Unable to find the element located by 'By.xpath: //*[@data-id='button-link']//*[contains(text(),'Create New Voucher')]'. Please recheck the objects properties to make sure the desired element is located. 

2020-09-27 07:20:40 - [MESSAGE][WARNING] - Object 'Object Repository/FDR-Dashboard/createNewVoucherButton' is not present after 3 second(s)

2020-09-27 07:20:40 - [TEST_STEP][PASSED] - setText(findTestObject("Object Repository/FDR-Dashboard/DashBoard Validation/Notes"), "Distribution Line Reject Notes Here"): Text 'Distribution Line Reject Notes Here' is set on object 'Object Repository/FDR-Dashboard/DashBoard Validation/Notes'

2020-09-27 07:20:41 - [MESSAGE][PASSED] - Text 'Distribution Line Reject Notes Here' is set on object 'Object Repository/FDR-Dashboard/DashBoard Validation/Notes'

2020-09-27 07:20:41 - [TEST_STEP][PASSED] - click(findTestObject("FDR-Vouchers-States/Validate/Reject/RejectDistributionLine/rejectDistributionLine")): Object: 'Object Repository/FDR-Vouchers-States/Validate/Reject/RejectDistributionLine/rejectDistributionLine' is clicked on

2020-09-27 07:20:42 - [MESSAGE][PASSED] - Object: 'Object Repository/FDR-Vouchers-States/Validate/Reject/RejectDistributionLine/rejectDistributionLine' is clicked on

2020-09-27 07:20:42 - [TEST_STEP][PASSED] - waitForElementPresent(findTestObject("FDR-Dashboard/createNewVoucherButton"), 2): Object 'Object Repository/FDR-Dashboard/createNewVoucherButton' is not present after 2 second(s)

2020-09-27 07:20:45 - [MESSAGE][INFO] - Unable to find the element located by 'By.xpath: //*[@data-id='button-link']//*[contains(text(),'Create New Voucher')]'. Please recheck the objects properties to make sure the desired element is located. 

2020-09-27 07:20:45 - [MESSAGE][WARNING] - Object 'Object Repository/FDR-Dashboard/createNewVoucherButton' is not present after 2 second(s)

2020-09-27 07:20:45 - [TEST_STEP][PASSED] - waitForElementPresent(findTestObject("FDR-Dashboard/createNewVoucherButton"), 2): Object 'Object Repository/FDR-Dashboard/createNewVoucherButton' is not present after 2 second(s)

2020-09-27 07:20:48 - [MESSAGE][INFO] - Unable to find the element located by 'By.xpath: //*[@data-id='button-link']//*[contains(text(),'Create New Voucher')]'. Please recheck the objects properties to make sure the desired element is located. 

2020-09-27 07:20:48 - [MESSAGE][WARNING] - Object 'Object Repository/FDR-Dashboard/createNewVoucherButton' is not present after 2 second(s)

2020-09-27 07:20:48 - [TEST_STEP][PASSED] - click(findTestObject("FDR-VoucherEntry/InvoiceLine/invoiceLineExpandButton")): Object: 'Object Repository/FDR-VoucherEntry/InvoiceLine/invoiceLineExpandButton' is clicked on

2020-09-27 07:20:49 - [MESSAGE][PASSED] - Object: 'Object Repository/FDR-VoucherEntry/InvoiceLine/invoiceLineExpandButton' is clicked on

2020-09-27 07:20:49 - [TEST_STEP][PASSED] - waitForElementPresent(findTestObject("FDR-Dashboard/createNewVoucherButton"), 3): Object 'Object Repository/FDR-Dashboard/createNewVoucherButton' is not present after 3 second(s)

2020-09-27 07:20:53 - [MESSAGE][INFO] - Unable to find the element located by 'By.xpath: //*[@data-id='button-link']//*[contains(text(),'Create New Voucher')]'. Please recheck the objects properties to make sure the desired element is located. 

2020-09-27 07:20:53 - [MESSAGE][WARNING] - Object 'Object Repository/FDR-Dashboard/createNewVoucherButton' is not present after 3 second(s)

2020-09-27 07:20:53 - [TEST_STEP][PASSED] - mouseOver(findTestObject("FDR-EditVoucher/invoiceHover")): Object: 'Object Repository/FDR-EditVoucher/invoiceHover' is hovered

2020-09-27 07:20:53 - [MESSAGE][PASSED] - Object: 'Object Repository/FDR-EditVoucher/invoiceHover' is hovered

2020-09-27 07:20:53 - [TEST_STEP][PASSED] - waitForElementPresent(findTestObject("FDR-Dashboard/createNewVoucherButton"), 2): Object 'Object Repository/FDR-Dashboard/createNewVoucherButton' is not present after 2 second(s)

2020-09-27 07:20:56 - [MESSAGE][INFO] - Unable to find the element located by 'By.xpath: //*[@data-id='button-link']//*[contains(text(),'Create New Voucher')]'. Please recheck the objects properties to make sure the desired element is located. 

2020-09-27 07:20:56 - [MESSAGE][WARNING] - Object 'Object Repository/FDR-Dashboard/createNewVoucherButton' is not present after 2 second(s)

2020-09-27 07:20:56 - [TEST_STEP][PASSED] - click(findTestObject("FDR-EditVoucher/voucherLineEditIcon")): Object: 'Object Repository/FDR-EditVoucher/voucherLineEditIcon' is clicked on

2020-09-27 07:20:57 - [MESSAGE][PASSED] - Object: 'Object Repository/FDR-EditVoucher/voucherLineEditIcon' is clicked on

2020-09-27 07:20:57 - [TEST_STEP][PASSED] - waitForElementPresent(findTestObject("FDR-Dashboard/createNewVoucherButton"), 1): Object 'Object Repository/FDR-Dashboard/createNewVoucherButton' is not present after 1 second(s)

2020-09-27 07:20:59 - [MESSAGE][INFO] - Unable to find the element located by 'By.xpath: //*[@data-id='button-link']//*[contains(text(),'Create New Voucher')]'. Please recheck the objects properties to make sure the desired element is located. 

2020-09-27 07:20:59 - [MESSAGE][WARNING] - Object 'Object Repository/FDR-Dashboard/createNewVoucherButton' is not present after 1 second(s)

2020-09-27 07:20:59 - [TEST_STEP][PASSED] - click(findTestObject("FDR-Vouchers-States/Validate/Reject/RejectDistributionLine/DLRejectClick")): Object: 'Object Repository/FDR-Vouchers-States/Validate/Reject/RejectDistributionLine/DLRejectClick' is clicked on

2020-09-27 07:20:59 - [MESSAGE][PASSED] - Object: 'Object Repository/FDR-Vouchers-States/Validate/Reject/RejectDistributionLine/DLRejectClick' is clicked on

2020-09-27 07:20:59 - [TEST_STEP][PASSED] - waitForElementPresent(findTestObject("FDR-Dashboard/createNewVoucherButton"), 1): Object 'Object Repository/FDR-Dashboard/createNewVoucherButton' is not present after 1 second(s)

2020-09-27 07:21:01 - [MESSAGE][INFO] - Unable to find the element located by 'By.xpath: //*[@data-id='button-link']//*[contains(text(),'Create New Voucher')]'. Please recheck the objects properties to make sure the desired element is located. 

2020-09-27 07:21:01 - [MESSAGE][WARNING] - Object 'Object Repository/FDR-Dashboard/createNewVoucherButton' is not present after 1 second(s)

2020-09-27 07:21:01 - [TEST_STEP][PASSED] - click(findTestObject("FDR-Vouchers-States/Validate/Reject/RejectVoucherLine/spanIncorrectInvoiceNum")): Object: 'Object Repository/FDR-Vouchers-States/Validate/Reject/RejectVoucherLine/spanIncorrectInvoiceNum' is clicked on

2020-09-27 07:21:02 - [MESSAGE][PASSED] - Object: 'Object Repository/FDR-Vouchers-States/Validate/Reject/RejectVoucherLine/spanIncorrectInvoiceNum' is clicked on

2020-09-27 07:21:02 - [TEST_STEP][PASSED] - waitForElementPresent(findTestObject("FDR-Dashboard/createNewVoucherButton"), 1): Object 'Object Repository/FDR-Dashboard/createNewVoucherButton' is not present after 1 second(s)

2020-09-27 07:21:04 - [MESSAGE][INFO] - Unable to find the element located by 'By.xpath: //*[@data-id='button-link']//*[contains(text(),'Create New Voucher')]'. Please recheck the objects properties to make sure the desired element is located. 

2020-09-27 07:21:04 - [MESSAGE][WARNING] - Object 'Object Repository/FDR-Dashboard/createNewVoucherButton' is not present after 1 second(s)

2020-09-27 07:21:04 - [TEST_STEP][PASSED] - click(findTestObject("FDR-Vouchers-States/Validate/Reject/RejectVoucherLine/spanIncorrectInvoiceAmount")): Object: 'Object Repository/FDR-Vouchers-States/Validate/Reject/RejectVoucherLine/spanIncorrectInvoiceAmount' is clicked on

2020-09-27 07:21:04 - [MESSAGE][PASSED] - Object: 'Object Repository/FDR-Vouchers-States/Validate/Reject/RejectVoucherLine/spanIncorrectInvoiceAmount' is clicked on

2020-09-27 07:21:04 - [TEST_STEP][PASSED] - setText(findTestObject("Object Repository/FDR-Dashboard/DashBoard Validation/Notes"), "Invoice Reject Notes Here"): Text 'Invoice Reject Notes Here' is set on object 'Object Repository/FDR-Dashboard/DashBoard Validation/Notes'

2020-09-27 07:21:05 - [MESSAGE][PASSED] - Text 'Invoice Reject Notes Here' is set on object 'Object Repository/FDR-Dashboard/DashBoard Validation/Notes'

2020-09-27 07:21:05 - [TEST_STEP][PASSED] - waitForElementPresent(findTestObject("FDR-Dashboard/createNewVoucherButton"), 4): Object 'Object Repository/FDR-Dashboard/createNewVoucherButton' is not present after 4 second(s)

2020-09-27 07:21:11 - [MESSAGE][INFO] - Unable to find the element located by 'By.xpath: //*[@data-id='button-link']//*[contains(text(),'Create New Voucher')]'. Please recheck the objects properties to make sure the desired element is located. 

2020-09-27 07:21:11 - [MESSAGE][WARNING] - Object 'Object Repository/FDR-Dashboard/createNewVoucherButton' is not present after 4 second(s)

2020-09-27 07:21:11 - [TEST_STEP][PASSED] - click(findTestObject("FDR-Vouchers-States/Validate/Reject/RejectVoucherLine/rejectInvoiceLine")): Object: 'Object Repository/FDR-Vouchers-States/Validate/Reject/RejectVoucherLine/rejectInvoiceLine' is clicked on

2020-09-27 07:21:11 - [MESSAGE][PASSED] - Object: 'Object Repository/FDR-Vouchers-States/Validate/Reject/RejectVoucherLine/rejectInvoiceLine' is clicked on

2020-09-27 07:21:11 - [TEST_STEP][PASSED] - waitForElementPresent(findTestObject("FDR-Dashboard/createNewVoucherButton"), 2): Object 'Object Repository/FDR-Dashboard/createNewVoucherButton' is not present after 2 second(s)

2020-09-27 07:21:14 - [MESSAGE][INFO] - Unable to find the element located by 'By.xpath: //*[@data-id='button-link']//*[contains(text(),'Create New Voucher')]'. Please recheck the objects properties to make sure the desired element is located. 

2020-09-27 07:21:14 - [MESSAGE][WARNING] - Object 'Object Repository/FDR-Dashboard/createNewVoucherButton' is not present after 2 second(s)

2020-09-27 07:21:14 - [TEST_STEP][PASSED] - click(findTestObject("FDR-Vouchers-States/Validate/Reject/rejectButton")): Object: 'Object Repository/FDR-Vouchers-States/Validate/Reject/rejectButton' is clicked on

2020-09-27 07:21:14 - [MESSAGE][PASSED] - Object: 'Object Repository/FDR-Vouchers-States/Validate/Reject/rejectButton' is clicked on

2020-09-27 07:21:14 - [TEST_STEP][PASSED] - check(findTestObject("FDR-Vouchers-States/Validate/Reject/RejectVoucher/spanDrawDate")): Object 'Object Repository/FDR-Vouchers-States/Validate/Reject/RejectVoucher/spanDrawDate' is checked

2020-09-27 07:21:15 - [MESSAGE][PASSED] - Object 'Object Repository/FDR-Vouchers-States/Validate/Reject/RejectVoucher/spanDrawDate' is checked

2020-09-27 07:21:15 - [TEST_STEP][PASSED] - check(findTestObject("FDR-Vouchers-States/Validate/Reject/RejectVoucher/spanPayDate")): Object 'Object Repository/FDR-Vouchers-States/Validate/Reject/RejectVoucher/spanPayDate' is checked

2020-09-27 07:21:15 - [MESSAGE][PASSED] - Object 'Object Repository/FDR-Vouchers-States/Validate/Reject/RejectVoucher/spanPayDate' is checked

2020-09-27 07:21:15 - [TEST_STEP][PASSED] - waitForElementPresent(findTestObject("FDR-Dashboard/createNewVoucherButton"), 3): Object 'Object Repository/FDR-Dashboard/createNewVoucherButton' is not present after 3 second(s)

2020-09-27 07:21:20 - [MESSAGE][INFO] - Unable to find the element located by 'By.xpath: //*[@data-id='button-link']//*[contains(text(),'Create New Voucher')]'. Please recheck the objects properties to make sure the desired element is located. 

2020-09-27 07:21:20 - [MESSAGE][WARNING] - Object 'Object Repository/FDR-Dashboard/createNewVoucherButton' is not present after 3 second(s)

2020-09-27 07:21:20 - [TEST_STEP][PASSED] - setText(findTestObject("FDR-Vouchers-States/Validate/Reject/RejectVoucher/Notes"), "Voucher Reject Notes"): Text 'Voucher Reject Notes' is set on object 'Object Repository/FDR-Vouchers-States/Validate/Reject/RejectVoucher/Notes'

2020-09-27 07:21:21 - [MESSAGE][PASSED] - Text 'Voucher Reject Notes' is set on object 'Object Repository/FDR-Vouchers-States/Validate/Reject/RejectVoucher/Notes'

2020-09-27 07:21:21 - [TEST_STEP][PASSED] - check(findTestObject("FDR-Vouchers-States/Validate/Reject/RejectVoucher/rejectVoucherButton")): Object 'Object Repository/FDR-Vouchers-States/Validate/Reject/RejectVoucher/rejectVoucherButton' is checked

2020-09-27 07:21:21 - [MESSAGE][PASSED] - Object 'Object Repository/FDR-Vouchers-States/Validate/Reject/RejectVoucher/rejectVoucherButton' is checked

2020-09-27 07:21:21 - [TEST_STEP][PASSED] - waitForElementPresent(findTestObject("FDR-Dashboard/createNewVoucherButton"), 3): Object 'Object Repository/FDR-Dashboard/createNewVoucherButton' is present

2020-09-27 07:21:23 - [MESSAGE][PASSED] - Object 'Object Repository/FDR-Dashboard/createNewVoucherButton' is present

2020-09-27 07:21:23 - [TEST_STEP][PASSED] - setText(findTestObject("FDR-Dashboard/Search/searchInputField"), processorVoucherNumber): Text 'CAP00000197' is set on object 'Object Repository/FDR-Dashboard/Search/searchInputField'

2020-09-27 07:21:23 - [MESSAGE][PASSED] - Text 'CAP00000197' is set on object 'Object Repository/FDR-Dashboard/Search/searchInputField'

2020-09-27 07:21:23 - [TEST_STEP][PASSED] - click(findTestObject("FDR-Dashboard/Filters/clearFilterButton")): Object: 'Object Repository/FDR-Dashboard/Filters/clearFilterButton' is clicked on

2020-09-27 07:21:23 - [MESSAGE][PASSED] - Object: 'Object Repository/FDR-Dashboard/Filters/clearFilterButton' is clicked on

2020-09-27 07:21:23 - [TEST_STEP][PASSED] - commonFunctions.selectRole("accountsPayableProcessor"): Object 'Object Repository/FDR-VoucherEntry/VoucherHeader/reviewButton' is not present after 2 second(s)

2020-09-27 07:21:27 - [MESSAGE][INFO] - Unable to find the element located by 'By.xpath: //*[@data-id='action-button']//*[contains(text(),'Review')]'. Please recheck the objects properties to make sure the desired element is located. 

2020-09-27 07:21:27 - [MESSAGE][WARNING] - Object 'Object Repository/FDR-VoucherEntry/VoucherHeader/reviewButton' is not present after 2 second(s)

2020-09-27 07:21:27 - [MESSAGE][PASSED] - Object: 'Object Repository/FDR-SuperUser-Dashboard/userExpandButton' is clicked on

2020-09-27 07:21:30 - [MESSAGE][INFO] - Unable to find the element located by 'By.xpath: //*[@data-id='action-button']//*[contains(text(),'Review')]'. Please recheck the objects properties to make sure the desired element is located. 

2020-09-27 07:21:30 - [MESSAGE][WARNING] - Object 'Object Repository/FDR-VoucherEntry/VoucherHeader/reviewButton' is not present after 2 second(s)

2020-09-27 07:21:31 - [MESSAGE][PASSED] - Object: 'Object Repository/FDR-SuperUser-Dashboard/accountsPayableProcessor' is clicked on

2020-09-27 07:21:34 - [MESSAGE][INFO] - Unable to find the element located by 'By.xpath: //*[@data-id='action-button']//*[contains(text(),'Review')]'. Please recheck the objects properties to make sure the desired element is located. 

2020-09-27 07:21:34 - [MESSAGE][WARNING] - Object 'Object Repository/FDR-VoucherEntry/VoucherHeader/reviewButton' is not present after 2 second(s)

2020-09-27 07:21:34 - [TEST_STEP][PASSED] - waitForElementPresent(findTestObject("FDR-Dashboard/createNewVoucherButton"), 2): Object 'Object Repository/FDR-Dashboard/createNewVoucherButton' is present

2020-09-27 07:21:34 - [MESSAGE][PASSED] - Object 'Object Repository/FDR-Dashboard/createNewVoucherButton' is present

2020-09-27 07:21:34 - [TEST_STEP][PASSED] - click(findTestObject("FDR-Dashboard/Filters/fixFilterButton")): Object: 'Object Repository/FDR-Dashboard/Filters/fixFilterButton' is clicked on

2020-09-27 07:21:34 - [MESSAGE][PASSED] - Object: 'Object Repository/FDR-Dashboard/Filters/fixFilterButton' is clicked on

2020-09-27 07:21:34 - [TEST_STEP][PASSED] - waitForElementPresent(findTestObject("FDR-Dashboard/createNewVoucherButton"), 2): Object 'Object Repository/FDR-Dashboard/createNewVoucherButton' is present

2020-09-27 07:21:35 - [MESSAGE][PASSED] - Object 'Object Repository/FDR-Dashboard/createNewVoucherButton' is present

2020-09-27 07:21:35 - [TEST_STEP][PASSED] - setText(findTestObject("FDR-Dashboard/Search/searchInputField"), processorVoucherNumber): Text 'CAP00000197' is set on object 'Object Repository/FDR-Dashboard/Search/searchInputField'

2020-09-27 07:21:36 - [MESSAGE][PASSED] - Text 'CAP00000197' is set on object 'Object Repository/FDR-Dashboard/Search/searchInputField'

2020-09-27 07:21:36 - [TEST_STEP][PASSED] - waitForElementPresent(findTestObject("FDR-Dashboard/createNewVoucherButton"), 2): Object 'Object Repository/FDR-Dashboard/createNewVoucherButton' is present

2020-09-27 07:21:36 - [MESSAGE][PASSED] - Object 'Object Repository/FDR-Dashboard/createNewVoucherButton' is present

2020-09-27 07:21:36 - [TEST_STEP][PASSED] - click(findTestObject("FDR-Dashboard/VouhcersTable/fixButton")): Object: 'Object Repository/FDR-Dashboard/VouhcersTable/fixButton' is clicked on

2020-09-27 07:21:37 - [MESSAGE][PASSED] - Object: 'Object Repository/FDR-Dashboard/VouhcersTable/fixButton' is clicked on

2020-09-27 07:21:37 - [TEST_STEP][PASSED] - waitForElementPresent(findTestObject("FDR-Dashboard/createNewVoucherButton"), 2): Object 'Object Repository/FDR-Dashboard/createNewVoucherButton' is not present after 2 second(s)

2020-09-27 07:21:40 - [MESSAGE][INFO] - Unable to find the element located by 'By.xpath: //*[@data-id='button-link']//*[contains(text(),'Create New Voucher')]'. Please recheck the objects properties to make sure the desired element is located. 

2020-09-27 07:21:40 - [MESSAGE][WARNING] - Object 'Object Repository/FDR-Dashboard/createNewVoucherButton' is not present after 2 second(s)

2020-09-27 07:21:40 - [TEST_STEP][PASSED] - waitForElementPresent(findTestObject("FDR-Dashboard/createNewVoucherButton"), 5): Object 'Object Repository/FDR-Dashboard/createNewVoucherButton' is not present after 5 second(s)

2020-09-27 07:21:47 - [MESSAGE][INFO] - Unable to find the element located by 'By.xpath: //*[@data-id='button-link']//*[contains(text(),'Create New Voucher')]'. Please recheck the objects properties to make sure the desired element is located. 

2020-09-27 07:21:47 - [MESSAGE][WARNING] - Object 'Object Repository/FDR-Dashboard/createNewVoucherButton' is not present after 5 second(s)

2020-09-27 07:21:47 - [TEST_STEP][PASSED] - mouseOver(findTestObject("FDR-EditVoucher/invoiceHover")): Object: 'Object Repository/FDR-EditVoucher/invoiceHover' is hovered

2020-09-27 07:21:47 - [MESSAGE][PASSED] - Object: 'Object Repository/FDR-EditVoucher/invoiceHover' is hovered

2020-09-27 07:21:47 - [TEST_STEP][PASSED] - waitForElementPresent(findTestObject("FDR-Dashboard/createNewVoucherButton"), 2): Object 'Object Repository/FDR-Dashboard/createNewVoucherButton' is not present after 2 second(s)

2020-09-27 07:21:50 - [MESSAGE][INFO] - Unable to find the element located by 'By.xpath: //*[@data-id='button-link']//*[contains(text(),'Create New Voucher')]'. Please recheck the objects properties to make sure the desired element is located. 

2020-09-27 07:21:50 - [MESSAGE][WARNING] - Object 'Object Repository/FDR-Dashboard/createNewVoucherButton' is not present after 2 second(s)

2020-09-27 07:21:50 - [TEST_STEP][PASSED] - click(findTestObject("FDR-EditVoucher/voucherLineEditIcon")): Object: 'Object Repository/FDR-EditVoucher/voucherLineEditIcon' is clicked on

2020-09-27 07:21:51 - [MESSAGE][PASSED] - Object: 'Object Repository/FDR-EditVoucher/voucherLineEditIcon' is clicked on

2020-09-27 07:21:51 - [TEST_STEP][PASSED] - waitForElementPresent(findTestObject("FDR-Dashboard/createNewVoucherButton"), 2): Object 'Object Repository/FDR-Dashboard/createNewVoucherButton' is not present after 2 second(s)

2020-09-27 07:21:54 - [MESSAGE][INFO] - Unable to find the element located by 'By.xpath: //*[@data-id='button-link']//*[contains(text(),'Create New Voucher')]'. Please recheck the objects properties to make sure the desired element is located. 

2020-09-27 07:21:54 - [MESSAGE][WARNING] - Object 'Object Repository/FDR-Dashboard/createNewVoucherButton' is not present after 2 second(s)

2020-09-27 07:21:54 - [TEST_STEP][PASSED] - click(findTestObject("Object Repository/FDR-EditVoucher/DLEditClick")): Object: 'Object Repository/FDR-EditVoucher/DLEditClick' is clicked on

2020-09-27 07:21:54 - [MESSAGE][PASSED] - Object: 'Object Repository/FDR-EditVoucher/DLEditClick' is clicked on

2020-09-27 07:21:54 - [TEST_STEP][PASSED] - waitForElementPresent(findTestObject("FDR-Dashboard/createNewVoucherButton"), 2): Object 'Object Repository/FDR-Dashboard/createNewVoucherButton' is not present after 2 second(s)

2020-09-27 07:21:57 - [MESSAGE][INFO] - Unable to find the element located by 'By.xpath: //*[@data-id='button-link']//*[contains(text(),'Create New Voucher')]'. Please recheck the objects properties to make sure the desired element is located. 

2020-09-27 07:21:57 - [MESSAGE][WARNING] - Object 'Object Repository/FDR-Dashboard/createNewVoucherButton' is not present after 2 second(s)

2020-09-27 07:21:57 - [TEST_STEP][PASSED] - click(findTestObject("FDR-VoucherEntry/VoucherEntryObjects/inputInvoiceDescription")): Object: 'Object Repository/FDR-VoucherEntry/VoucherEntryObjects/inputInvoiceDescription' is clicked on

2020-09-27 07:21:58 - [MESSAGE][PASSED] - Object: 'Object Repository/FDR-VoucherEntry/VoucherEntryObjects/inputInvoiceDescription' is clicked on

2020-09-27 07:21:58 - [TEST_STEP][PASSED] - sendKeys(findTestObject("FDR-VoucherEntry/VoucherEntryObjects/inputInvoiceDescription"), Keys.chord(CONTROL, "a")): Keys 'CONTROL + a' sent to object: 'Object Repository/FDR-VoucherEntry/VoucherEntryObjects/inputInvoiceDescription'

2020-09-27 07:21:58 - [MESSAGE][PASSED] - Keys 'CONTROL + a' sent to object: 'Object Repository/FDR-VoucherEntry/VoucherEntryObjects/inputInvoiceDescription'

2020-09-27 07:21:58 - [TEST_STEP][PASSED] - sendKeys(findTestObject("FDR-VoucherEntry/VoucherEntryObjects/inputInvoiceDescription"), Keys.chord(BACK_SPACE)): Keys 'BACK_SPACE + ' sent to object: 'Object Repository/FDR-VoucherEntry/VoucherEntryObjects/inputInvoiceDescription'

2020-09-27 07:21:58 - [MESSAGE][PASSED] - Keys 'BACK_SPACE + ' sent to object: 'Object Repository/FDR-VoucherEntry/VoucherEntryObjects/inputInvoiceDescription'

2020-09-27 07:21:58 - [TEST_STEP][PASSED] - waitForElementPresent(findTestObject("FDR-Dashboard/createNewVoucherButton"), 2): Object 'Object Repository/FDR-Dashboard/createNewVoucherButton' is not present after 2 second(s)

2020-09-27 07:22:01 - [MESSAGE][INFO] - Unable to find the element located by 'By.xpath: //*[@data-id='button-link']//*[contains(text(),'Create New Voucher')]'. Please recheck the objects properties to make sure the desired element is located. 

2020-09-27 07:22:01 - [MESSAGE][WARNING] - Object 'Object Repository/FDR-Dashboard/createNewVoucherButton' is not present after 2 second(s)

2020-09-27 07:22:01 - [TEST_STEP][PASSED] - Vrandom = Random().nextInt(900000) + 100000: null

2020-09-27 07:22:01 - [TEST_STEP][PASSED] - sendKeys(findTestObject("FDR-VoucherEntry/VoucherEntryObjects/inputInvoiceDescription"), "INC-" + Vrandom): Keys 'INC-610378' sent to object: 'Object Repository/FDR-VoucherEntry/VoucherEntryObjects/inputInvoiceDescription'

2020-09-27 07:22:02 - [MESSAGE][PASSED] - Keys 'INC-610378' sent to object: 'Object Repository/FDR-VoucherEntry/VoucherEntryObjects/inputInvoiceDescription'

2020-09-27 07:22:02 - [TEST_STEP][PASSED] - click(findTestObject("Object Repository/FDR-EditVoucher/dlSaveButton")): Object: 'Object Repository/FDR-EditVoucher/dlSaveButton' is clicked on

2020-09-27 07:22:02 - [MESSAGE][PASSED] - Object: 'Object Repository/FDR-EditVoucher/dlSaveButton' is clicked on

2020-09-27 07:22:02 - [TEST_STEP][PASSED] - waitForElementPresent(findTestObject("FDR-Dashboard/createNewVoucherButton"), 3): Object 'Object Repository/FDR-Dashboard/createNewVoucherButton' is not present after 3 second(s)

2020-09-27 07:22:07 - [MESSAGE][INFO] - Unable to find the element located by 'By.xpath: //*[@data-id='button-link']//*[contains(text(),'Create New Voucher')]'. Please recheck the objects properties to make sure the desired element is located. 

2020-09-27 07:22:07 - [MESSAGE][WARNING] - Object 'Object Repository/FDR-Dashboard/createNewVoucherButton' is not present after 3 second(s)

2020-09-27 07:22:07 - [TEST_STEP][PASSED] - click(findTestObject("FDR-VoucherEntry/InvoiceLine/invoiceLineExpandButton")): Object: 'Object Repository/FDR-VoucherEntry/InvoiceLine/invoiceLineExpandButton' is clicked on

2020-09-27 07:22:07 - [MESSAGE][PASSED] - Object: 'Object Repository/FDR-VoucherEntry/InvoiceLine/invoiceLineExpandButton' is clicked on

2020-09-27 07:22:07 - [TEST_STEP][PASSED] - waitForElementPresent(findTestObject("FDR-Dashboard/createNewVoucherButton"), 2): Object 'Object Repository/FDR-Dashboard/createNewVoucherButton' is not present after 2 second(s)

2020-09-27 07:22:10 - [MESSAGE][INFO] - Unable to find the element located by 'By.xpath: //*[@data-id='button-link']//*[contains(text(),'Create New Voucher')]'. Please recheck the objects properties to make sure the desired element is located. 

2020-09-27 07:22:10 - [MESSAGE][WARNING] - Object 'Object Repository/FDR-Dashboard/createNewVoucherButton' is not present after 2 second(s)

2020-09-27 07:22:10 - [TEST_STEP][PASSED] - mouseOver(findTestObject("Object Repository/FDR-EditVoucher/DLHover")): Object: 'Object Repository/FDR-EditVoucher/DLHover' is hovered

2020-09-27 07:22:11 - [MESSAGE][PASSED] - Object: 'Object Repository/FDR-EditVoucher/DLHover' is hovered

2020-09-27 07:22:11 - [TEST_STEP][PASSED] - waitForElementPresent(findTestObject("FDR-Dashboard/createNewVoucherButton"), 2): Object 'Object Repository/FDR-Dashboard/createNewVoucherButton' is not present after 2 second(s)

2020-09-27 07:22:14 - [MESSAGE][INFO] - Unable to find the element located by 'By.xpath: //*[@data-id='button-link']//*[contains(text(),'Create New Voucher')]'. Please recheck the objects properties to make sure the desired element is located. 

2020-09-27 07:22:14 - [MESSAGE][WARNING] - Object 'Object Repository/FDR-Dashboard/createNewVoucherButton' is not present after 2 second(s)

2020-09-27 07:22:14 - [TEST_STEP][PASSED] - click(findTestObject("FDR-Receipt/FDR-Receipt-DistributionLine/3dots/editIconDistributionLine")): Object: 'Object Repository/FDR-Receipt/FDR-Receipt-DistributionLine/3dots/editIconDistributionLine' is clicked on

2020-09-27 07:22:14 - [MESSAGE][PASSED] - Object: 'Object Repository/FDR-Receipt/FDR-Receipt-DistributionLine/3dots/editIconDistributionLine' is clicked on

2020-09-27 07:22:14 - [TEST_STEP][PASSED] - waitForElementPresent(findTestObject("Object Repository/FDR-EditVoucher/DLEditClick"), 3): Object 'Object Repository/FDR-EditVoucher/DLEditClick' is present

2020-09-27 07:22:14 - [MESSAGE][PASSED] - Object 'Object Repository/FDR-EditVoucher/DLEditClick' is present

2020-09-27 07:22:14 - [TEST_STEP][PASSED] - click(findTestObject("Object Repository/FDR-EditVoucher/DLEditClick")): Object: 'Object Repository/FDR-EditVoucher/DLEditClick' is clicked on

2020-09-27 07:22:15 - [MESSAGE][PASSED] - Object: 'Object Repository/FDR-EditVoucher/DLEditClick' is clicked on

2020-09-27 07:22:15 - [TEST_STEP][PASSED] - waitForElementPresent(findTestObject("FDR-Dashboard/createNewVoucherButton"), 2): Object 'Object Repository/FDR-Dashboard/createNewVoucherButton' is not present after 2 second(s)

2020-09-27 07:22:19 - [MESSAGE][INFO] - Unable to find the element located by 'By.xpath: //*[@data-id='button-link']//*[contains(text(),'Create New Voucher')]'. Please recheck the objects properties to make sure the desired element is located. 

2020-09-27 07:22:19 - [MESSAGE][WARNING] - Object 'Object Repository/FDR-Dashboard/createNewVoucherButton' is not present after 2 second(s)

2020-09-27 07:22:19 - [TEST_STEP][PASSED] - click(findTestObject("FDR-VoucherEntry/DistributionLine/fundRatio")): Object: 'Object Repository/FDR-VoucherEntry/DistributionLine/fundRatio' is clicked on

2020-09-27 07:22:19 - [MESSAGE][PASSED] - Object: 'Object Repository/FDR-VoucherEntry/DistributionLine/fundRatio' is clicked on

2020-09-27 07:22:19 - [TEST_STEP][PASSED] - sendKeys(findTestObject("FDR-VoucherEntry/DistributionLine/fundRatio"), Keys.chord(BACK_SPACE)): Keys 'BACK_SPACE + ' sent to object: 'Object Repository/FDR-VoucherEntry/DistributionLine/fundRatio'

2020-09-27 07:22:20 - [MESSAGE][PASSED] - Keys 'BACK_SPACE + ' sent to object: 'Object Repository/FDR-VoucherEntry/DistributionLine/fundRatio'

2020-09-27 07:22:20 - [TEST_STEP][PASSED] - setText(findTestObject("FDR-VoucherEntry/DistributionLine/fundRatio"), "90/10"): Text '90/10' is set on object 'Object Repository/FDR-VoucherEntry/DistributionLine/fundRatio'

2020-09-27 07:22:20 - [MESSAGE][PASSED] - Text '90/10' is set on object 'Object Repository/FDR-VoucherEntry/DistributionLine/fundRatio'

2020-09-27 07:22:20 - [TEST_STEP][PASSED] - sendKeys(findTestObject("FDR-VoucherEntry/DistributionLine/fundRatio"), Keys.chord(DOWN, ENTER)): Keys 'DOWN + ENTER + ' sent to object: 'Object Repository/FDR-VoucherEntry/DistributionLine/fundRatio'

2020-09-27 07:22:21 - [MESSAGE][PASSED] - Keys 'DOWN + ENTER + ' sent to object: 'Object Repository/FDR-VoucherEntry/DistributionLine/fundRatio'

2020-09-27 07:22:21 - [TEST_STEP][PASSED] - click(findTestObject("FDR-VoucherEntry/DistributionLine/nonFederalFund")): Object: 'Object Repository/FDR-VoucherEntry/DistributionLine/nonFederalFund' is clicked on

2020-09-27 07:22:21 - [MESSAGE][PASSED] - Object: 'Object Repository/FDR-VoucherEntry/DistributionLine/nonFederalFund' is clicked on

2020-09-27 07:22:21 - [TEST_STEP][PASSED] - sendKeys(findTestObject("FDR-VoucherEntry/DistributionLine/nonFederalFund"), Keys.chord(BACK_SPACE)): Keys 'BACK_SPACE + ' sent to object: 'Object Repository/FDR-VoucherEntry/DistributionLine/nonFederalFund'

2020-09-27 07:22:22 - [MESSAGE][PASSED] - Keys 'BACK_SPACE + ' sent to object: 'Object Repository/FDR-VoucherEntry/DistributionLine/nonFederalFund'

2020-09-27 07:22:22 - [TEST_STEP][PASSED] - setText(findTestObject("FDR-VoucherEntry/DistributionLine/nonFederalFund"), "0001"): Text '0001' is set on object 'Object Repository/FDR-VoucherEntry/DistributionLine/nonFederalFund'

2020-09-27 07:22:23 - [MESSAGE][PASSED] - Text '0001' is set on object 'Object Repository/FDR-VoucherEntry/DistributionLine/nonFederalFund'

2020-09-27 07:22:23 - [TEST_STEP][PASSED] - sendKeys(findTestObject("FDR-VoucherEntry/DistributionLine/nonFederalFund"), Keys.chord(DOWN, ENTER)): Keys 'DOWN + ENTER + ' sent to object: 'Object Repository/FDR-VoucherEntry/DistributionLine/nonFederalFund'

2020-09-27 07:22:23 - [MESSAGE][PASSED] - Keys 'DOWN + ENTER + ' sent to object: 'Object Repository/FDR-VoucherEntry/DistributionLine/nonFederalFund'

2020-09-27 07:22:23 - [TEST_STEP][PASSED] - click(findTestObject("FDR-VoucherEntry/DistributionLine/serviceCategory")): Object: 'Object Repository/FDR-VoucherEntry/DistributionLine/serviceCategory' is clicked on

2020-09-27 07:22:24 - [MESSAGE][PASSED] - Object: 'Object Repository/FDR-VoucherEntry/DistributionLine/serviceCategory' is clicked on

2020-09-27 07:22:24 - [TEST_STEP][PASSED] - sendKeys(findTestObject("FDR-VoucherEntry/DistributionLine/serviceCategory"), "18B1"): Keys '18B1' sent to object: 'Object Repository/FDR-VoucherEntry/DistributionLine/serviceCategory'

2020-09-27 07:22:24 - [MESSAGE][PASSED] - Keys '18B1' sent to object: 'Object Repository/FDR-VoucherEntry/DistributionLine/serviceCategory'

2020-09-27 07:22:24 - [TEST_STEP][PASSED] - sendKeys(findTestObject("FDR-VoucherEntry/DistributionLine/serviceCategory"), Keys.chord(DOWN, ENTER)): Keys 'DOWN + ENTER + ' sent to object: 'Object Repository/FDR-VoucherEntry/DistributionLine/serviceCategory'

2020-09-27 07:22:25 - [MESSAGE][PASSED] - Keys 'DOWN + ENTER + ' sent to object: 'Object Repository/FDR-VoucherEntry/DistributionLine/serviceCategory'

2020-09-27 07:22:25 - [TEST_STEP][PASSED] - click(findTestObject("Object Repository/FDR-EditVoucher/editvocuherSave")): Object: 'Object Repository/FDR-EditVoucher/editvocuherSave' is clicked on

2020-09-27 07:22:25 - [MESSAGE][PASSED] - Object: 'Object Repository/FDR-EditVoucher/editvocuherSave' is clicked on

2020-09-27 07:22:25 - [TEST_STEP][PASSED] - waitForElementPresent(findTestObject("FDR-Dashboard/createNewVoucherButton"), 2): Object 'Object Repository/FDR-Dashboard/createNewVoucherButton' is not present after 2 second(s)

2020-09-27 07:22:29 - [MESSAGE][INFO] - Unable to find the element located by 'By.xpath: //*[@data-id='button-link']//*[contains(text(),'Create New Voucher')]'. Please recheck the objects properties to make sure the desired element is located. 

2020-09-27 07:22:29 - [MESSAGE][WARNING] - Object 'Object Repository/FDR-Dashboard/createNewVoucherButton' is not present after 2 second(s)

2020-09-27 07:22:29 - [TEST_STEP][PASSED] - click(findTestObject("FDR-VoucherEntry/VoucherHeader/reviewButton")): Object: 'Object Repository/FDR-VoucherEntry/VoucherHeader/reviewButton' is clicked on

2020-09-27 07:22:29 - [MESSAGE][PASSED] - Object: 'Object Repository/FDR-VoucherEntry/VoucherHeader/reviewButton' is clicked on

2020-09-27 07:22:29 - [TEST_STEP][PASSED] - waitForElementPresent(findTestObject("FDR-Dashboard/createNewVoucherButton"), 3): Object 'Object Repository/FDR-Dashboard/createNewVoucherButton' is not present after 3 second(s)

2020-09-27 07:22:33 - [MESSAGE][INFO] - Unable to find the element located by 'By.xpath: //*[@data-id='button-link']//*[contains(text(),'Create New Voucher')]'. Please recheck the objects properties to make sure the desired element is located. 

2020-09-27 07:22:33 - [MESSAGE][WARNING] - Object 'Object Repository/FDR-Dashboard/createNewVoucherButton' is not present after 3 second(s)

2020-09-27 07:22:33 - [TEST_STEP][PASSED] - click(findTestObject("FDR-Vouchers-States/Resume/submitForApproval")): Object: 'Object Repository/FDR-Vouchers-States/Resume/submitForApproval' is clicked on

2020-09-27 07:22:33 - [MESSAGE][PASSED] - Object: 'Object Repository/FDR-Vouchers-States/Resume/submitForApproval' is clicked on

2020-09-27 07:22:33 - [TEST_STEP][PASSED] - waitForElementPresent(findTestObject("FDR-Dashboard/createNewVoucherButton"), 2): Object 'Object Repository/FDR-Dashboard/createNewVoucherButton' is present

2020-09-27 07:22:34 - [MESSAGE][PASSED] - Object 'Object Repository/FDR-Dashboard/createNewVoucherButton' is present

2020-09-27 07:22:34 - [TEST_STEP][PASSED] - click(findTestObject("FDR-Dashboard/Filters/clearFilterButton")): Object: 'Object Repository/FDR-Dashboard/Filters/clearFilterButton' is clicked on

2020-09-27 07:22:35 - [MESSAGE][PASSED] - Object: 'Object Repository/FDR-Dashboard/Filters/clearFilterButton' is clicked on

2020-09-27 07:22:35 - [TEST_STEP][PASSED] - waitForElementPresent(findTestObject("FDR-Dashboard/createNewVoucherButton"), 2): Object 'Object Repository/FDR-Dashboard/createNewVoucherButton' is present

2020-09-27 07:22:35 - [MESSAGE][PASSED] - Object 'Object Repository/FDR-Dashboard/createNewVoucherButton' is present

2020-09-27 07:22:35 - [TEST_STEP][PASSED] - refresh(): Refresh successfully

2020-09-27 07:22:36 - [MESSAGE][PASSED] - Refresh successfully

2020-09-27 07:22:36 - [TEST_STEP][PASSED] - waitForElementPresent(findTestObject("FDR-Dashboard/createNewVoucherButton"), 2): Object 'Object Repository/FDR-Dashboard/createNewVoucherButton' is not present after 2 second(s)

2020-09-27 07:22:40 - [MESSAGE][INFO] - Unable to find the element located by 'By.xpath: //*[@data-id='button-link']//*[contains(text(),'Create New Voucher')]'. Please recheck the objects properties to make sure the desired element is located. 

2020-09-27 07:22:40 - [MESSAGE][WARNING] - Object 'Object Repository/FDR-Dashboard/createNewVoucherButton' is not present after 2 second(s)

2020-09-27 07:22:40 - [TEST_STEP][PASSED] - delay(3): Delayed 3 second(s)

2020-09-27 07:22:43 - [MESSAGE][PASSED] - Delayed 3 second(s)

2020-09-27 07:22:43 - [TEST_STEP][PASSED] - commonFunctions.selectRole("accountsPayableApprover"): Object 'Object Repository/FDR-VoucherEntry/VoucherHeader/reviewButton' is not present after 2 second(s)

2020-09-27 07:22:46 - [MESSAGE][INFO] - Unable to find the element located by 'By.xpath: //*[@data-id='action-button']//*[contains(text(),'Review')]'. Please recheck the objects properties to make sure the desired element is located. 

2020-09-27 07:22:46 - [MESSAGE][WARNING] - Object 'Object Repository/FDR-VoucherEntry/VoucherHeader/reviewButton' is not present after 2 second(s)

2020-09-27 07:22:46 - [MESSAGE][PASSED] - Object: 'Object Repository/FDR-SuperUser-Dashboard/userExpandButton' is clicked on

2020-09-27 07:22:49 - [MESSAGE][INFO] - Unable to find the element located by 'By.xpath: //*[@data-id='action-button']//*[contains(text(),'Review')]'. Please recheck the objects properties to make sure the desired element is located. 

2020-09-27 07:22:49 - [MESSAGE][WARNING] - Object 'Object Repository/FDR-VoucherEntry/VoucherHeader/reviewButton' is not present after 2 second(s)

2020-09-27 07:22:50 - [MESSAGE][PASSED] - Object: 'Object Repository/FDR-SuperUser-Dashboard/accountsPayableApprover' is clicked on

2020-09-27 07:22:53 - [MESSAGE][INFO] - Unable to find the element located by 'By.xpath: //*[@data-id='action-button']//*[contains(text(),'Review')]'. Please recheck the objects properties to make sure the desired element is located. 

2020-09-27 07:22:53 - [MESSAGE][WARNING] - Object 'Object Repository/FDR-VoucherEntry/VoucherHeader/reviewButton' is not present after 2 second(s)

2020-09-27 07:22:53 - [TEST_STEP][PASSED] - waitForElementPresent(findTestObject("FDR-Dashboard/createNewVoucherButton"), 3): Object 'Object Repository/FDR-Dashboard/createNewVoucherButton' is present

2020-09-27 07:22:53 - [MESSAGE][PASSED] - Object 'Object Repository/FDR-Dashboard/createNewVoucherButton' is present

2020-09-27 07:22:53 - [TEST_STEP][PASSED] - setText(findTestObject("FDR-Dashboard/Search/searchInputField"), processorVoucherNumber): Text 'CAP00000197' is set on object 'Object Repository/FDR-Dashboard/Search/searchInputField'

2020-09-27 07:22:54 - [MESSAGE][PASSED] - Text 'CAP00000197' is set on object 'Object Repository/FDR-Dashboard/Search/searchInputField'

2020-09-27 07:22:54 - [TEST_STEP][PASSED] - waitForElementPresent(findTestObject("FDR-Dashboard/createNewVoucherButton"), 2): Object 'Object Repository/FDR-Dashboard/createNewVoucherButton' is present

2020-09-27 07:22:54 - [MESSAGE][PASSED] - Object 'Object Repository/FDR-Dashboard/createNewVoucherButton' is present

2020-09-27 07:22:54 - [TEST_STEP][PASSED] - click(findTestObject("FDR-Dashboard/Filters/validateFilterButton")): Object: 'Object Repository/FDR-Dashboard/Filters/validateFilterButton' is clicked on

2020-09-27 07:22:55 - [MESSAGE][PASSED] - Object: 'Object Repository/FDR-Dashboard/Filters/validateFilterButton' is clicked on

2020-09-27 07:22:55 - [TEST_STEP][PASSED] - delay(2): Delayed 2 second(s)

2020-09-27 07:22:57 - [MESSAGE][PASSED] - Delayed 2 second(s)

2020-09-27 07:22:57 - [TEST_STEP][PASSED] - click(findTestObject("Object Repository/FDR-Dashboard/VouhcersTable/validateButton")): Object: 'Object Repository/FDR-Dashboard/VouhcersTable/validateButton' is clicked on

2020-09-27 07:22:57 - [MESSAGE][PASSED] - Object: 'Object Repository/FDR-Dashboard/VouhcersTable/validateButton' is clicked on

2020-09-27 07:22:57 - [TEST_STEP][PASSED] - waitForElementPresent(findTestObject("FDR-Dashboard/createNewVoucherButton"), 2): Object 'Object Repository/FDR-Dashboard/createNewVoucherButton' is not present after 2 second(s)

2020-09-27 07:23:01 - [MESSAGE][INFO] - Unable to find the element located by 'By.xpath: //*[@data-id='button-link']//*[contains(text(),'Create New Voucher')]'. Please recheck the objects properties to make sure the desired element is located. 

2020-09-27 07:23:01 - [MESSAGE][WARNING] - Object 'Object Repository/FDR-Dashboard/createNewVoucherButton' is not present after 2 second(s)

2020-09-27 07:23:01 - [TEST_STEP][PASSED] - click(findTestObject("Object Repository/FDR-Vouchers-States/Validate/approveButton")): Object: 'Object Repository/FDR-Vouchers-States/Validate/approveButton' is clicked on

2020-09-27 07:23:01 - [MESSAGE][PASSED] - Object: 'Object Repository/FDR-Vouchers-States/Validate/approveButton' is clicked on

2020-09-27 07:23:01 - [TEST_STEP][PASSED] - click(findTestObject("FDR-Dashboard/Filters/clearFilterButton")): Object: 'Object Repository/FDR-Dashboard/Filters/clearFilterButton' is clicked on

2020-09-27 07:23:03 - [MESSAGE][PASSED] - Object: 'Object Repository/FDR-Dashboard/Filters/clearFilterButton' is clicked on

2020-09-27 07:23:03 - [TEST_STEP][PASSED] - waitForElementPresent(findTestObject("FDR-Dashboard/createNewVoucherButton"), 4): Object 'Object Repository/FDR-Dashboard/createNewVoucherButton' is present

2020-09-27 07:23:04 - [MESSAGE][PASSED] - Object 'Object Repository/FDR-Dashboard/createNewVoucherButton' is present

2020-09-27 07:23:04 - [TEST_STEP][PASSED] - click(findTestObject("FDR-Dashboard/Search/searchInputField")): Object: 'Object Repository/FDR-Dashboard/Search/searchInputField' is clicked on

2020-09-27 07:23:04 - [MESSAGE][PASSED] - Object: 'Object Repository/FDR-Dashboard/Search/searchInputField' is clicked on

2020-09-27 07:23:04 - [TEST_STEP][PASSED] - setText(findTestObject("FDR-Dashboard/Search/searchInputField"), processorVoucherNumber): Text 'CAP00000197' is set on object 'Object Repository/FDR-Dashboard/Search/searchInputField'

2020-09-27 07:23:04 - [MESSAGE][PASSED] - Text 'CAP00000197' is set on object 'Object Repository/FDR-Dashboard/Search/searchInputField'

2020-09-27 07:23:04 - [TEST_STEP][PASSED] - waitForElementPresent(findTestObject("FDR-Dashboard/createNewVoucherButton"), 2): Object 'Object Repository/FDR-Dashboard/createNewVoucherButton' is present

2020-09-27 07:23:05 - [MESSAGE][PASSED] - Object 'Object Repository/FDR-Dashboard/createNewVoucherButton' is present

2020-09-27 07:23:05 - [TEST_STEP][PASSED] - click(findTestObject("Object Repository/FDR-Dashboard/Filters/printFilterButton")): Object: 'Object Repository/FDR-Dashboard/Filters/printFilterButton' is clicked on

2020-09-27 07:23:05 - [MESSAGE][PASSED] - Object: 'Object Repository/FDR-Dashboard/Filters/printFilterButton' is clicked on

2020-09-27 07:23:05 - [TEST_STEP][PASSED] - waitForElementPresent(findTestObject("FDR-Dashboard/createNewVoucherButton"), 4): Object 'Object Repository/FDR-Dashboard/createNewVoucherButton' is present

2020-09-27 07:23:05 - [MESSAGE][PASSED] - Object 'Object Repository/FDR-Dashboard/createNewVoucherButton' is present

2020-09-27 07:23:05 - [TEST_STEP][PASSED] - click(findTestObject("Object Repository/FDR-Dashboard/VouhcersTable/printButton")): Object: 'Object Repository/FDR-Dashboard/VouhcersTable/printButton' is clicked on

2020-09-27 07:23:06 - [MESSAGE][PASSED] - Object: 'Object Repository/FDR-Dashboard/VouhcersTable/printButton' is clicked on

2020-09-27 07:23:06 - [TEST_STEP][PASSED] - waitForElementPresent(findTestObject("FDR-Dashboard/createNewVoucherButton"), 4): Object 'Object Repository/FDR-Dashboard/createNewVoucherButton' is not present after 4 second(s)

2020-09-27 07:23:11 - [MESSAGE][INFO] - Unable to find the element located by 'By.xpath: //*[@data-id='button-link']//*[contains(text(),'Create New Voucher')]'. Please recheck the objects properties to make sure the desired element is located. 

2020-09-27 07:23:11 - [MESSAGE][WARNING] - Object 'Object Repository/FDR-Dashboard/createNewVoucherButton' is not present after 4 second(s)

2020-09-27 07:23:11 - [TEST_STEP][PASSED] - click(findTestObject("Object Repository/FDR-Vouchers-States/Print/printCMIAForm")): Object: 'Object Repository/FDR-Vouchers-States/Print/printCMIAForm' is clicked on

2020-09-27 07:23:12 - [MESSAGE][PASSED] - Object: 'Object Repository/FDR-Vouchers-States/Print/printCMIAForm' is clicked on

2020-09-27 07:23:12 - [TEST_STEP][PASSED] - waitForElementPresent(findTestObject("FDR-Dashboard/createNewVoucherButton"), 2): Object 'Object Repository/FDR-Dashboard/createNewVoucherButton' is not present after 2 second(s)

2020-09-27 07:23:16 - [MESSAGE][INFO] - Unable to find the element located by 'By.xpath: //*[@data-id='button-link']//*[contains(text(),'Create New Voucher')]'. Please recheck the objects properties to make sure the desired element is located. 

2020-09-27 07:23:16 - [MESSAGE][WARNING] - Object 'Object Repository/FDR-Dashboard/createNewVoucherButton' is not present after 2 second(s)

2020-09-27 07:23:16 - [TEST_STEP][PASSED] - closeWindowIndex(1, STOP_ON_FAILURE): Window with index 1 is closed

2020-09-27 07:23:18 - [MESSAGE][PASSED] - Window with index 1 is closed

2020-09-27 07:23:18 - [TEST_STEP][PASSED] - switchToWindowIndex(0, STOP_ON_FAILURE): Switched to window with index: '0'

2020-09-27 07:23:18 - [MESSAGE][PASSED] - Switched to window with index: '0'

2020-09-27 07:23:18 - [TEST_STEP][PASSED] - waitForElementPresent(findTestObject("FDR-Dashboard/createNewVoucherButton"), 2): Object 'Object Repository/FDR-Dashboard/createNewVoucherButton' is not present after 2 second(s)

2020-09-27 07:23:21 - [MESSAGE][INFO] - Unable to find the element located by 'By.xpath: //*[@data-id='button-link']//*[contains(text(),'Create New Voucher')]'. Please recheck the objects properties to make sure the desired element is located. 

2020-09-27 07:23:21 - [MESSAGE][WARNING] - Object 'Object Repository/FDR-Dashboard/createNewVoucherButton' is not present after 2 second(s)

2020-09-27 07:23:21 - [TEST_STEP][PASSED] - click(findTestObject("FDR-Vouchers-States/Print/printFaceSheet")): Object: 'Object Repository/FDR-Vouchers-States/Print/printFaceSheet' is clicked on

2020-09-27 07:23:22 - [MESSAGE][PASSED] - Object: 'Object Repository/FDR-Vouchers-States/Print/printFaceSheet' is clicked on

2020-09-27 07:23:22 - [TEST_STEP][PASSED] - waitForElementPresent(findTestObject("FDR-Dashboard/createNewVoucherButton"), 2): Object 'Object Repository/FDR-Dashboard/createNewVoucherButton' is not present after 2 second(s)

2020-09-27 07:23:26 - [MESSAGE][INFO] - Unable to find the element located by 'By.xpath: //*[@data-id='button-link']//*[contains(text(),'Create New Voucher')]'. Please recheck the objects properties to make sure the desired element is located. 

2020-09-27 07:23:26 - [MESSAGE][WARNING] - Object 'Object Repository/FDR-Dashboard/createNewVoucherButton' is not present after 2 second(s)

2020-09-27 07:23:26 - [TEST_STEP][PASSED] - closeWindowIndex(1, STOP_ON_FAILURE): Window with index 1 is closed

2020-09-27 07:23:28 - [MESSAGE][PASSED] - Window with index 1 is closed

2020-09-27 07:23:28 - [TEST_STEP][PASSED] - switchToWindowIndex(0, STOP_ON_FAILURE): Switched to window with index: '0'

2020-09-27 07:23:28 - [MESSAGE][PASSED] - Switched to window with index: '0'

2020-09-27 07:23:28 - [TEST_STEP][PASSED] - waitForElementPresent(findTestObject("FDR-Dashboard/createNewVoucherButton"), 2): Object 'Object Repository/FDR-Dashboard/createNewVoucherButton' is not present after 2 second(s)

2020-09-27 07:23:31 - [MESSAGE][INFO] - Unable to find the element located by 'By.xpath: //*[@data-id='button-link']//*[contains(text(),'Create New Voucher')]'. Please recheck the objects properties to make sure the desired element is located. 

2020-09-27 07:23:31 - [MESSAGE][WARNING] - Object 'Object Repository/FDR-Dashboard/createNewVoucherButton' is not present after 2 second(s)

2020-09-27 07:23:31 - [TEST_STEP][PASSED] - click(findTestObject("FDR-Vouchers-States/Print/printRA")): Object: 'Object Repository/FDR-Vouchers-States/Print/printRA' is clicked on

2020-09-27 07:23:31 - [MESSAGE][PASSED] - Object: 'Object Repository/FDR-Vouchers-States/Print/printRA' is clicked on

2020-09-27 07:23:31 - [TEST_STEP][PASSED] - waitForElementPresent(findTestObject("FDR-Dashboard/createNewVoucherButton"), 2): Object 'Object Repository/FDR-Dashboard/createNewVoucherButton' is not present after 2 second(s)

2020-09-27 07:23:36 - [MESSAGE][INFO] - Unable to find the element located by 'By.xpath: //*[@data-id='button-link']//*[contains(text(),'Create New Voucher')]'. Please recheck the objects properties to make sure the desired element is located. 

2020-09-27 07:23:36 - [MESSAGE][WARNING] - Object 'Object Repository/FDR-Dashboard/createNewVoucherButton' is not present after 2 second(s)

2020-09-27 07:23:36 - [TEST_STEP][PASSED] - closeWindowIndex(1, STOP_ON_FAILURE): Window with index 1 is closed

2020-09-27 07:23:38 - [MESSAGE][PASSED] - Window with index 1 is closed

2020-09-27 07:23:38 - [TEST_STEP][PASSED] - switchToWindowIndex(0, STOP_ON_FAILURE): Switched to window with index: '0'

2020-09-27 07:23:38 - [MESSAGE][PASSED] - Switched to window with index: '0'

2020-09-27 07:23:38 - [TEST_STEP][PASSED] - click(findTestObject("FDR-Vouchers-States/Print/allFormsPrintButton")): Object: 'Object Repository/FDR-Vouchers-States/Print/allFormsPrintButton' is clicked on

2020-09-27 07:23:38 - [MESSAGE][PASSED] - Object: 'Object Repository/FDR-Vouchers-States/Print/allFormsPrintButton' is clicked on

2020-09-27 07:23:38 - [TEST_STEP][PASSED] - waitForElementPresent(findTestObject("FDR-Dashboard/createNewVoucherButton"), 2): Object 'Object Repository/FDR-Dashboard/createNewVoucherButton' is present

2020-09-27 07:23:39 - [MESSAGE][PASSED] - Object 'Object Repository/FDR-Dashboard/createNewVoucherButton' is present

2020-09-27 07:23:39 - [TEST_STEP][PASSED] - click(findTestObject("FDR-Dashboard/Filters/clearFilterButton")): Object: 'Object Repository/FDR-Dashboard/Filters/clearFilterButton' is clicked on

2020-09-27 07:23:39 - [MESSAGE][PASSED] - Object: 'Object Repository/FDR-Dashboard/Filters/clearFilterButton' is clicked on

2020-09-27 07:23:39 - [TEST_STEP][PASSED] - waitForElementPresent(findTestObject("Object Repository/FDR-Dashboard/appLogo"), 2): Object 'Object Repository/FDR-Dashboard/appLogo' is present

2020-09-27 07:23:40 - [MESSAGE][PASSED] - Object 'Object Repository/FDR-Dashboard/appLogo' is present

2020-09-27 07:23:40 - [TEST_STEP][PASSED] - click(findTestObject("Object Repository/FDR-Dashboard/appLogo")): Object: 'Object Repository/FDR-Dashboard/appLogo' is clicked on

2020-09-27 07:23:41 - [MESSAGE][PASSED] - Object: 'Object Repository/FDR-Dashboard/appLogo' is clicked on

2020-09-27 07:23:41 - [TEST_STEP][PASSED] - commonFunctions.logout(): Browser is closed

2020-09-27 07:23:42 - [MESSAGE][PASSED] - Browser is closed

2020-09-27 07:23:42 - [TEST_STEP][PASSED] - Start listener action : sampleAfterTestCase: null

2020-09-27 07:23:42 - [TEST_STEP][PASSED] - profileName = getExecutionProfile(): null

2020-09-27 07:23:42 - [TEST_STEP][PASSED] - switch (profileName): null

2020-09-27 07:23:42 - [TEST_STEP][PASSED] - case "superUser":: null

2020-09-27 07:23:42 - [TEST_STEP][PASSED] - return null: null

2020-09-27 07:23:42 - [TEST_STEP][PASSED] - Start listener action : afterTestCase: null

2020-09-27 07:23:42 - [TEST_STEP][PASSED] - profileName = getExecutionProfile(): null

2020-09-27 07:23:42 - [TEST_STEP][PASSED] - if (profileName.equalsIgnoreCase("SysAdmin")): null

2020-09-27 07:23:42 - [TEST_STEP][PASSED] - Start listener action : sampleAfterTestCase: null

2020-09-27 07:23:42 - [TEST_STEP][PASSED] - profileName = getExecutionProfile(): null

2020-09-27 07:23:42 - [TEST_STEP][PASSED] - switch (profileName): null

2020-09-27 07:23:42 - [TEST_STEP][PASSED] - Default: null

2020-09-27 07:23:42 - [TEST_STEP][PASSED] - return null: null

2020-09-27 07:23:42 - [TEST_STEP][PASSED] - Start listener action : addFailedTCToList: null]]></system-out>
         <system-err><![CDATA[]]></system-err>
      </testcase>
      <testcase name="Test Cases/FDR_E2E-REGRESSION-TESTS/TC_5-FDR_E2E-FDR-2938-SYSTEM ADMIN REFERENCE DATA" time="141.714" classname="Test Cases/FDR_E2E-REGRESSION-TESTS/TC_5-FDR_E2E-FDR-2938-SYSTEM ADMIN REFERENCE DATA" status="FAILED">
         <failure type="FAILED" message="Test Cases/FDR_E2E-REGRESSION-TESTS/TC_5-FDR_E2E-FDR-2938-SYSTEM ADMIN REFERENCE DATA FAILED.
Reason:
com.kms.katalon.core.exception.StepFailedException: Unable to click on object 'Object Repository/FDR-VoucherEntry/InvoiceLine/invoiceLineExpandButton' (Root cause: com.kms.katalon.core.exception.StepFailedException: Unable to click on object 'Object Repository/FDR-VoucherEntry/InvoiceLine/invoiceLineExpandButton'
	at com.kms.katalon.core.webui.keyword.internal.WebUIKeywordMain.stepFailed(WebUIKeywordMain.groovy:64)
	at com.kms.katalon.core.webui.keyword.internal.WebUIKeywordMain.runKeyword(WebUIKeywordMain.groovy:26)
	at com.kms.katalon.core.webui.keyword.builtin.ClickKeyword.click(ClickKeyword.groovy:76)
	at com.kms.katalon.core.webui.keyword.builtin.ClickKeyword.execute(ClickKeyword.groovy:43)
	at com.kms.katalon.core.keyword.internal.KeywordExecutor.executeKeywordForPlatform(KeywordExecutor.groovy:73)
	at com.kms.katalon.core.webui.keyword.WebUiBuiltInKeywords.click(WebUiBuiltInKeywords.groovy:616)
	at com.kms.katalon.core.webui.keyword.WebUiBuiltInKeywords$click$5.call(Unknown Source)
	at TC_5-FDR_E2E-FDR-2938-SYSTEM ADMIN REFERENCE DATA.run(TC_5-FDR_E2E-FDR-2938-SYSTEM ADMIN REFERENCE DATA:104)
	at com.kms.katalon.core.main.ScriptEngine.run(ScriptEngine.java:194)
	at com.kms.katalon.core.main.ScriptEngine.runScriptAsRawText(ScriptEngine.java:119)
	at com.kms.katalon.core.main.TestCaseExecutor.runScript(TestCaseExecutor.java:339)
	at com.kms.katalon.core.main.TestCaseExecutor.doExecute(TestCaseExecutor.java:330)
	at com.kms.katalon.core.main.TestCaseExecutor.processExecutionPhase(TestCaseExecutor.java:309)
	at com.kms.katalon.core.main.TestCaseExecutor.accessMainPhase(TestCaseExecutor.java:301)
	at com.kms.katalon.core.main.TestCaseExecutor.execute(TestCaseExecutor.java:235)
	at com.kms.katalon.core.main.TestSuiteExecutor.accessTestCaseMainPhase(TestSuiteExecutor.java:191)
	at com.kms.katalon.core.main.TestSuiteExecutor.accessTestSuiteMainPhase(TestSuiteExecutor.java:141)
	at com.kms.katalon.core.main.TestSuiteExecutor.execute(TestSuiteExecutor.java:90)
	at com.kms.katalon.core.main.TestCaseMain.startTestSuite(TestCaseMain.java:157)
	at com.kms.katalon.core.main.TestCaseMain$startTestSuite$0.call(Unknown Source)
	at TempTestSuite1601216121039.run(TempTestSuite1601216121039.groovy:39)
Caused by: com.kms.katalon.core.webui.exception.WebElementNotFoundException: Web element with id: 'Object Repository/FDR-VoucherEntry/InvoiceLine/invoiceLineExpandButton' located by '(//*[contains(@class,'MuiExpansionPanel-root')])[1]//*[contains(@class,'expandIcon')]' not found
	at com.kms.katalon.core.webui.common.WebUiCommonHelper.findWebElement(WebUiCommonHelper.java:1368)
	at com.kms.katalon.core.webui.keyword.internal.WebUIAbstractKeyword.findWebElement(WebUIAbstractKeyword.groovy:27)
	at com.kms.katalon.core.webui.keyword.internal.WebUIAbstractKeyword.findWebElement(WebUIAbstractKeyword.groovy:26)
	at com.kms.katalon.core.webui.keyword.builtin.ClickKeyword$_click_closure1.doCall(ClickKeyword.groovy:67)
	at com.kms.katalon.core.webui.keyword.builtin.ClickKeyword$_click_closure1.call(ClickKeyword.groovy)
	at com.kms.katalon.core.webui.keyword.internal.WebUIKeywordMain.runKeyword(WebUIKeywordMain.groovy:20)
	at com.kms.katalon.core.webui.keyword.builtin.ClickKeyword.click(ClickKeyword.groovy:76)
	at com.kms.katalon.core.webui.keyword.builtin.ClickKeyword.execute(ClickKeyword.groovy:43)
	at com.kms.katalon.core.keyword.internal.KeywordExecutor.executeKeywordForPlatform(KeywordExecutor.groovy:73)
	at com.kms.katalon.core.webui.keyword.WebUiBuiltInKeywords.click(WebUiBuiltInKeywords.groovy:616)
	at com.kms.katalon.core.webui.keyword.WebUiBuiltInKeywords$click$5.call(Unknown Source)
	at Script1600987140132.run(Script1600987140132.groovy:104)
	... 13 more
)
	at com.kms.katalon.core.keyword.internal.KeywordMain.stepFailed(KeywordMain.groovy:39)
	at com.kms.katalon.core.webui.keyword.internal.WebUIKeywordMain.stepFailed(WebUIKeywordMain.groovy:64)
	at com.kms.katalon.core.webui.keyword.internal.WebUIKeywordMain.runKeyword(WebUIKeywordMain.groovy:26)
	at com.kms.katalon.core.webui.keyword.builtin.ClickKeyword.click(ClickKeyword.groovy:76)
	at com.kms.katalon.core.webui.keyword.builtin.ClickKeyword.execute(ClickKeyword.groovy:43)
	at com.kms.katalon.core.keyword.internal.KeywordExecutor.executeKeywordForPlatform(KeywordExecutor.groovy:73)
	at com.kms.katalon.core.webui.keyword.WebUiBuiltInKeywords.click(WebUiBuiltInKeywords.groovy:616)
	at com.kms.katalon.core.webui.keyword.WebUiBuiltInKeywords$click$5.call(Unknown Source)
	at TC_5-FDR_E2E-FDR-2938-SYSTEM ADMIN REFERENCE DATA.run(TC_5-FDR_E2E-FDR-2938-SYSTEM ADMIN REFERENCE DATA:104)
	at com.kms.katalon.core.main.ScriptEngine.run(ScriptEngine.java:194)
	at com.kms.katalon.core.main.ScriptEngine.runScriptAsRawText(ScriptEngine.java:119)
	at com.kms.katalon.core.main.TestCaseExecutor.runScript(TestCaseExecutor.java:339)
	at com.kms.katalon.core.main.TestCaseExecutor.doExecute(TestCaseExecutor.java:330)
	at com.kms.katalon.core.main.TestCaseExecutor.processExecutionPhase(TestCaseExecutor.java:309)
	at com.kms.katalon.core.main.TestCaseExecutor.accessMainPhase(TestCaseExecutor.java:301)
	at com.kms.katalon.core.main.TestCaseExecutor.execute(TestCaseExecutor.java:235)
	at com.kms.katalon.core.main.TestSuiteExecutor.accessTestCaseMainPhase(TestSuiteExecutor.java:191)
	at com.kms.katalon.core.main.TestSuiteExecutor.accessTestSuiteMainPhase(TestSuiteExecutor.java:141)
	at com.kms.katalon.core.main.TestSuiteExecutor.execute(TestSuiteExecutor.java:90)
	at com.kms.katalon.core.main.TestCaseMain.startTestSuite(TestCaseMain.java:157)
	at com.kms.katalon.core.main.TestCaseMain$startTestSuite$0.call(Unknown Source)
	at TempTestSuite1601216121039.run(TempTestSuite1601216121039.groovy:39)
Caused by: com.kms.katalon.core.exception.StepFailedException: Unable to click on object 'Object Repository/FDR-VoucherEntry/InvoiceLine/invoiceLineExpandButton'
	... 21 more
Caused by: com.kms.katalon.core.webui.exception.WebElementNotFoundException: Web element with id: 'Object Repository/FDR-VoucherEntry/InvoiceLine/invoiceLineExpandButton' located by '(//*[contains(@class,'MuiExpansionPanel-root')])[1]//*[contains(@class,'expandIcon')]' not found
	at com.kms.katalon.core.webui.common.WebUiCommonHelper.findWebElement(WebUiCommonHelper.java:1368)
	at com.kms.katalon.core.webui.keyword.internal.WebUIAbstractKeyword.findWebElement(WebUIAbstractKeyword.groovy:27)
	at com.kms.katalon.core.webui.keyword.internal.WebUIAbstractKeyword.findWebElement(WebUIAbstractKeyword.groovy:26)
	at com.kms.katalon.core.webui.keyword.builtin.ClickKeyword$_click_closure1.doCall(ClickKeyword.groovy:67)
	at com.kms.katalon.core.webui.keyword.builtin.ClickKeyword$_click_closure1.call(ClickKeyword.groovy)
	at com.kms.katalon.core.webui.keyword.internal.WebUIKeywordMain.runKeyword(WebUIKeywordMain.groovy:20)
	... 19 more
"/>
         <system-out><![CDATA[2020-09-27 07:23:42 - [TEST_CASE][FAILED] - Test Cases/FDR_E2E-REGRESSION-TESTS/TC_5-FDR_E2E-FDR-2938-SYSTEM ADMIN REFERENCE DATA: Test Cases/FDR_E2E-REGRESSION-TESTS/TC_5-FDR_E2E-FDR-2938-SYSTEM ADMIN REFERENCE DATA FAILED.
Reason:
com.kms.katalon.core.exception.StepFailedException: Unable to click on object 'Object Repository/FDR-VoucherEntry/InvoiceLine/invoiceLineExpandButton' (Root cause: com.kms.katalon.core.exception.StepFailedException: Unable to click on object 'Object Repository/FDR-VoucherEntry/InvoiceLine/invoiceLineExpandButton'
	at com.kms.katalon.core.webui.keyword.internal.WebUIKeywordMain.stepFailed(WebUIKeywordMain.groovy:64)
	at com.kms.katalon.core.webui.keyword.internal.WebUIKeywordMain.runKeyword(WebUIKeywordMain.groovy:26)
	at com.kms.katalon.core.webui.keyword.builtin.ClickKeyword.click(ClickKeyword.groovy:76)
	at com.kms.katalon.core.webui.keyword.builtin.ClickKeyword.execute(ClickKeyword.groovy:43)
	at com.kms.katalon.core.keyword.internal.KeywordExecutor.executeKeywordForPlatform(KeywordExecutor.groovy:73)
	at com.kms.katalon.core.webui.keyword.WebUiBuiltInKeywords.click(WebUiBuiltInKeywords.groovy:616)
	at com.kms.katalon.core.webui.keyword.WebUiBuiltInKeywords$click$5.call(Unknown Source)
	at TC_5-FDR_E2E-FDR-2938-SYSTEM ADMIN REFERENCE DATA.run(TC_5-FDR_E2E-FDR-2938-SYSTEM ADMIN REFERENCE DATA:104)
	at com.kms.katalon.core.main.ScriptEngine.run(ScriptEngine.java:194)
	at com.kms.katalon.core.main.ScriptEngine.runScriptAsRawText(ScriptEngine.java:119)
	at com.kms.katalon.core.main.TestCaseExecutor.runScript(TestCaseExecutor.java:339)
	at com.kms.katalon.core.main.TestCaseExecutor.doExecute(TestCaseExecutor.java:330)
	at com.kms.katalon.core.main.TestCaseExecutor.processExecutionPhase(TestCaseExecutor.java:309)
	at com.kms.katalon.core.main.TestCaseExecutor.accessMainPhase(TestCaseExecutor.java:301)
	at com.kms.katalon.core.main.TestCaseExecutor.execute(TestCaseExecutor.java:235)
	at com.kms.katalon.core.main.TestSuiteExecutor.accessTestCaseMainPhase(TestSuiteExecutor.java:191)
	at com.kms.katalon.core.main.TestSuiteExecutor.accessTestSuiteMainPhase(TestSuiteExecutor.java:141)
	at com.kms.katalon.core.main.TestSuiteExecutor.execute(TestSuiteExecutor.java:90)
	at com.kms.katalon.core.main.TestCaseMain.startTestSuite(TestCaseMain.java:157)
	at com.kms.katalon.core.main.TestCaseMain$startTestSuite$0.call(Unknown Source)
	at TempTestSuite1601216121039.run(TempTestSuite1601216121039.groovy:39)
Caused by: com.kms.katalon.core.webui.exception.WebElementNotFoundException: Web element with id: 'Object Repository/FDR-VoucherEntry/InvoiceLine/invoiceLineExpandButton' located by '(//*[contains(@class,'MuiExpansionPanel-root')])[1]//*[contains(@class,'expandIcon')]' not found
	at com.kms.katalon.core.webui.common.WebUiCommonHelper.findWebElement(WebUiCommonHelper.java:1368)
	at com.kms.katalon.core.webui.keyword.internal.WebUIAbstractKeyword.findWebElement(WebUIAbstractKeyword.groovy:27)
	at com.kms.katalon.core.webui.keyword.internal.WebUIAbstractKeyword.findWebElement(WebUIAbstractKeyword.groovy:26)
	at com.kms.katalon.core.webui.keyword.builtin.ClickKeyword$_click_closure1.doCall(ClickKeyword.groovy:67)
	at com.kms.katalon.core.webui.keyword.builtin.ClickKeyword$_click_closure1.call(ClickKeyword.groovy)
	at com.kms.katalon.core.webui.keyword.internal.WebUIKeywordMain.runKeyword(WebUIKeywordMain.groovy:20)
	at com.kms.katalon.core.webui.keyword.builtin.ClickKeyword.click(ClickKeyword.groovy:76)
	at com.kms.katalon.core.webui.keyword.builtin.ClickKeyword.execute(ClickKeyword.groovy:43)
	at com.kms.katalon.core.keyword.internal.KeywordExecutor.executeKeywordForPlatform(KeywordExecutor.groovy:73)
	at com.kms.katalon.core.webui.keyword.WebUiBuiltInKeywords.click(WebUiBuiltInKeywords.groovy:616)
	at com.kms.katalon.core.webui.keyword.WebUiBuiltInKeywords$click$5.call(Unknown Source)
	at Script1600987140132.run(Script1600987140132.groovy:104)
	... 13 more
)
	at com.kms.katalon.core.keyword.internal.KeywordMain.stepFailed(KeywordMain.groovy:39)
	at com.kms.katalon.core.webui.keyword.internal.WebUIKeywordMain.stepFailed(WebUIKeywordMain.groovy:64)
	at com.kms.katalon.core.webui.keyword.internal.WebUIKeywordMain.runKeyword(WebUIKeywordMain.groovy:26)
	at com.kms.katalon.core.webui.keyword.builtin.ClickKeyword.click(ClickKeyword.groovy:76)
	at com.kms.katalon.core.webui.keyword.builtin.ClickKeyword.execute(ClickKeyword.groovy:43)
	at com.kms.katalon.core.keyword.internal.KeywordExecutor.executeKeywordForPlatform(KeywordExecutor.groovy:73)
	at com.kms.katalon.core.webui.keyword.WebUiBuiltInKeywords.click(WebUiBuiltInKeywords.groovy:616)
	at com.kms.katalon.core.webui.keyword.WebUiBuiltInKeywords$click$5.call(Unknown Source)
	at TC_5-FDR_E2E-FDR-2938-SYSTEM ADMIN REFERENCE DATA.run(TC_5-FDR_E2E-FDR-2938-SYSTEM ADMIN REFERENCE DATA:104)
	at com.kms.katalon.core.main.ScriptEngine.run(ScriptEngine.java:194)
	at com.kms.katalon.core.main.ScriptEngine.runScriptAsRawText(ScriptEngine.java:119)
	at com.kms.katalon.core.main.TestCaseExecutor.runScript(TestCaseExecutor.java:339)
	at com.kms.katalon.core.main.TestCaseExecutor.doExecute(TestCaseExecutor.java:330)
	at com.kms.katalon.core.main.TestCaseExecutor.processExecutionPhase(TestCaseExecutor.java:309)
	at com.kms.katalon.core.main.TestCaseExecutor.accessMainPhase(TestCaseExecutor.java:301)
	at com.kms.katalon.core.main.TestCaseExecutor.execute(TestCaseExecutor.java:235)
	at com.kms.katalon.core.main.TestSuiteExecutor.accessTestCaseMainPhase(TestSuiteExecutor.java:191)
	at com.kms.katalon.core.main.TestSuiteExecutor.accessTestSuiteMainPhase(TestSuiteExecutor.java:141)
	at com.kms.katalon.core.main.TestSuiteExecutor.execute(TestSuiteExecutor.java:90)
	at com.kms.katalon.core.main.TestCaseMain.startTestSuite(TestCaseMain.java:157)
	at com.kms.katalon.core.main.TestCaseMain$startTestSuite$0.call(Unknown Source)
	at TempTestSuite1601216121039.run(TempTestSuite1601216121039.groovy:39)
Caused by: com.kms.katalon.core.exception.StepFailedException: Unable to click on object 'Object Repository/FDR-VoucherEntry/InvoiceLine/invoiceLineExpandButton'
	... 21 more
Caused by: com.kms.katalon.core.webui.exception.WebElementNotFoundException: Web element with id: 'Object Repository/FDR-VoucherEntry/InvoiceLine/invoiceLineExpandButton' located by '(//*[contains(@class,'MuiExpansionPanel-root')])[1]//*[contains(@class,'expandIcon')]' not found
	at com.kms.katalon.core.webui.common.WebUiCommonHelper.findWebElement(WebUiCommonHelper.java:1368)
	at com.kms.katalon.core.webui.keyword.internal.WebUIAbstractKeyword.findWebElement(WebUIAbstractKeyword.groovy:27)
	at com.kms.katalon.core.webui.keyword.internal.WebUIAbstractKeyword.findWebElement(WebUIAbstractKeyword.groovy:26)
	at com.kms.katalon.core.webui.keyword.builtin.ClickKeyword$_click_closure1.doCall(ClickKeyword.groovy:67)
	at com.kms.katalon.core.webui.keyword.builtin.ClickKeyword$_click_closure1.call(ClickKeyword.groovy)
	at com.kms.katalon.core.webui.keyword.internal.WebUIKeywordMain.runKeyword(WebUIKeywordMain.groovy:20)
	... 19 more


2020-09-27 07:23:42 - [TEST_STEP][PASSED] - Start listener action : sampleBeforeTestCase: null

2020-09-27 07:23:42 - [TEST_STEP][PASSED] - profileName = getExecutionProfile(): null

2020-09-27 07:23:42 - [TEST_STEP][PASSED] - switch (profileName): null

2020-09-27 07:23:42 - [TEST_STEP][PASSED] - case "superUser":: null

2020-09-27 07:23:42 - [TEST_STEP][PASSED] - return null: null

2020-09-27 07:23:42 - [TEST_STEP][PASSED] - Start listener action : beforeTestCase: null

2020-09-27 07:23:42 - [TEST_STEP][PASSED] - profileName = getExecutionProfile(): null

2020-09-27 07:23:42 - [TEST_STEP][PASSED] - if (profileName.equalsIgnoreCase("SysAdmin")): null

2020-09-27 07:23:42 - [TEST_STEP][PASSED] - Start listener action : sampleBeforeTestCase: null

2020-09-27 07:23:42 - [TEST_STEP][PASSED] - profileName = getExecutionProfile(): null

2020-09-27 07:23:42 - [TEST_STEP][PASSED] - testCaseId = testCaseContext.getTestCaseId(): null

2020-09-27 07:23:42 - [TEST_STEP][PASSED] - switch (profileName): null

2020-09-27 07:23:42 - [TEST_STEP][PASSED] - Default: null

2020-09-27 07:23:42 - [TEST_STEP][PASSED] - return null: null

2020-09-27 07:23:42 - [TEST_STEP][PASSED] - Start listener action : executeRows: null

2020-09-27 07:23:42 - [TEST_STEP][PASSED] - commonFunctions.login(superUserAccnt, superUserPwd): Object: 'Object Repository/FDR-SignIn/SignInButton' is clicked on

2020-09-27 07:23:42 - [MESSAGE][INFO] - Starting 'Chrome' driver

2020-09-27 07:23:42 - [MESSAGE][INFO] - Action delay is set to 0 milliseconds

2020-09-27 07:23:47 - [MESSAGE][PASSED] - Browser is opened with url: 'https://fdr-katalon.cammis-mod-dev.dhcs.ca.gov'

2020-09-27 07:23:49 - [MESSAGE][PASSED] - Current window maximized

2020-09-27 07:23:49 - [MESSAGE][PASSED] - Object 'Object Repository/FDR-SignIn/SignInEmail' is present

2020-09-27 07:23:50 - [MESSAGE][PASSED] - Object: 'Object Repository/FDR-SignIn/SignInEmail' is clicked on

2020-09-27 07:23:50 - [MESSAGE][PASSED] - Object 'Object Repository/FDR-SignIn/SignInEmail' is present

2020-09-27 07:23:50 - [MESSAGE][PASSED] - Text 'fdr.test11@dhcs.ca.gov' is set on object 'Object Repository/FDR-SignIn/SignInEmail'

2020-09-27 07:23:51 - [MESSAGE][PASSED] - Object 'Object Repository/FDR-SignIn/SignInEmailNext' is visible

2020-09-27 07:23:51 - [MESSAGE][PASSED] - Object: 'Object Repository/FDR-SignIn/SignInEmailNext' is clicked on

2020-09-27 07:23:57 - [MESSAGE][PASSED] - Object 'Object Repository/FDR-SignIn/SignInEmailPassword' is visible

2020-09-27 07:23:58 - [MESSAGE][PASSED] - Object: 'Object Repository/FDR-SignIn/SignInEmailPassword' is clicked on

2020-09-27 07:23:58 - [MESSAGE][PASSED] - Text ****** has been set on object 'Object Repository/FDR-SignIn/SignInEmailPassword'

2020-09-27 07:24:01 - [MESSAGE][PASSED] - Object: 'Object Repository/FDR-SignIn/SignInButton' is clicked on

2020-09-27 07:24:01 - [TEST_STEP][PASSED] - click(findTestObject("Object Repository/FDR-System-Admin/SysAdmin-Dashboard/maintainReferenceDataBtn")): Object: 'Object Repository/FDR-System-Admin/SysAdmin-Dashboard/maintainReferenceDataBtn' is clicked on

2020-09-27 07:24:03 - [MESSAGE][PASSED] - Object: 'Object Repository/FDR-System-Admin/SysAdmin-Dashboard/maintainReferenceDataBtn' is clicked on

2020-09-27 07:24:03 - [TEST_STEP][PASSED] - click(findTestObject("Object Repository/FDR-System-Admin/FDR-ReferencePage/reference-data")): Object: 'Object Repository/FDR-System-Admin/FDR-ReferencePage/reference-data' is clicked on

2020-09-27 07:24:04 - [MESSAGE][PASSED] - Object: 'Object Repository/FDR-System-Admin/FDR-ReferencePage/reference-data' is clicked on

2020-09-27 07:24:04 - [TEST_STEP][PASSED] - setText(findTestObject("Object Repository/FDR-System-Admin/FDR-ReferencePage/referenceDataNameInput"), "Account"): Text 'Account' is set on object 'Object Repository/FDR-System-Admin/FDR-ReferencePage/referenceDataNameInput'

2020-09-27 07:24:04 - [MESSAGE][PASSED] - Text 'Account' is set on object 'Object Repository/FDR-System-Admin/FDR-ReferencePage/referenceDataNameInput'

2020-09-27 07:24:04 - [TEST_STEP][PASSED] - click(findTestObject("Object Repository/FDR-System-Admin/FDR-ReferencePage/accountReference/accountDetail/accountRefClick")): Object: 'Object Repository/FDR-System-Admin/FDR-ReferencePage/accountReference/accountDetail/accountRefClick' is clicked on

2020-09-27 07:24:05 - [MESSAGE][PASSED] - Object: 'Object Repository/FDR-System-Admin/FDR-ReferencePage/accountReference/accountDetail/accountRefClick' is clicked on

2020-09-27 07:24:05 - [TEST_STEP][PASSED] - waitForElementPresent(findTestObject("FDR-System-Admin/FDR-Add-Account/addAccountbtn"), 3): Object 'Object Repository/FDR-System-Admin/FDR-Add-Account/addAccountbtn' is present

2020-09-27 07:24:05 - [MESSAGE][PASSED] - Object 'Object Repository/FDR-System-Admin/FDR-Add-Account/addAccountbtn' is present

2020-09-27 07:24:05 - [TEST_STEP][PASSED] - click(findTestObject("FDR-System-Admin/FDR-Add-Account/addAccountbtn")): Object: 'Object Repository/FDR-System-Admin/FDR-Add-Account/addAccountbtn' is clicked on

2020-09-27 07:24:06 - [MESSAGE][PASSED] - Object: 'Object Repository/FDR-System-Admin/FDR-Add-Account/addAccountbtn' is clicked on

2020-09-27 07:24:06 - [TEST_STEP][PASSED] - waitForElementPresent(findTestObject("FDR-System-Admin/FDR-Add-Account/accountCode"), 3): Object 'Object Repository/FDR-System-Admin/FDR-Add-Account/accountCode' is present

2020-09-27 07:24:06 - [MESSAGE][PASSED] - Object 'Object Repository/FDR-System-Admin/FDR-Add-Account/accountCode' is present

2020-09-27 07:24:06 - [TEST_STEP][PASSED] - accountCode = RandomStringUtils.randomNumeric(7): null

2020-09-27 07:24:06 - [TEST_STEP][PASSED] - setText(findTestObject("FDR-System-Admin/FDR-Add-Account/accountCode"), accountCode): Text '2561815' is set on object 'Object Repository/FDR-System-Admin/FDR-Add-Account/accountCode'

2020-09-27 07:24:07 - [MESSAGE][PASSED] - Text '2561815' is set on object 'Object Repository/FDR-System-Admin/FDR-Add-Account/accountCode'

2020-09-27 07:24:07 - [TEST_STEP][PASSED] - waitForElementPresent(findTestObject("FDR-System-Admin/FDR-Add-Account/accountName"), 3): Object 'Object Repository/FDR-System-Admin/FDR-Add-Account/accountName' is present

2020-09-27 07:24:08 - [MESSAGE][PASSED] - Object 'Object Repository/FDR-System-Admin/FDR-Add-Account/accountName' is present

2020-09-27 07:24:08 - [TEST_STEP][PASSED] - accountName = RandomStringUtils.randomAlphabetic(10): null

2020-09-27 07:24:08 - [TEST_STEP][PASSED] - setText(findTestObject("FDR-System-Admin/FDR-Add-Account/accountName"), accountName): Text 'mnEKpUjOKW' is set on object 'Object Repository/FDR-System-Admin/FDR-Add-Account/accountName'

2020-09-27 07:24:08 - [MESSAGE][PASSED] - Text 'mnEKpUjOKW' is set on object 'Object Repository/FDR-System-Admin/FDR-Add-Account/accountName'

2020-09-27 07:24:08 - [TEST_STEP][PASSED] - waitForElementPresent(findTestObject("FDR-System-Admin/FDR-Add-Account/addAccountConfirmbtn"), 3): Object 'Object Repository/FDR-System-Admin/FDR-Add-Account/addAccountConfirmbtn' is present

2020-09-27 07:24:09 - [MESSAGE][PASSED] - Object 'Object Repository/FDR-System-Admin/FDR-Add-Account/addAccountConfirmbtn' is present

2020-09-27 07:24:09 - [TEST_STEP][PASSED] - click(findTestObject("FDR-System-Admin/FDR-Add-Account/addAccountConfirmbtn")): Object: 'Object Repository/FDR-System-Admin/FDR-Add-Account/addAccountConfirmbtn' is clicked on

2020-09-27 07:24:09 - [MESSAGE][PASSED] - Object: 'Object Repository/FDR-System-Admin/FDR-Add-Account/addAccountConfirmbtn' is clicked on

2020-09-27 07:24:09 - [TEST_STEP][PASSED] - click(findTestObject("Object Repository/FDR-Dashboard/appLogo")): Object: 'Object Repository/FDR-Dashboard/appLogo' is clicked on

2020-09-27 07:24:10 - [MESSAGE][PASSED] - Object: 'Object Repository/FDR-Dashboard/appLogo' is clicked on

2020-09-27 07:24:10 - [TEST_STEP][PASSED] - click(findTestObject("Object Repository/FDR-System-Admin/SysAdmin-Dashboard/maintainReferenceDataBtn")): Object: 'Object Repository/FDR-System-Admin/SysAdmin-Dashboard/maintainReferenceDataBtn' is clicked on

2020-09-27 07:24:11 - [MESSAGE][PASSED] - Object: 'Object Repository/FDR-System-Admin/SysAdmin-Dashboard/maintainReferenceDataBtn' is clicked on

2020-09-27 07:24:11 - [TEST_STEP][PASSED] - setText(findTestObject("FDR-System-Admin/FDR-ReferencePage/referenceDataNameInput"), "alt account"): Text 'alt account' is set on object 'Object Repository/FDR-System-Admin/FDR-ReferencePage/referenceDataNameInput'

2020-09-27 07:24:12 - [MESSAGE][PASSED] - Text 'alt account' is set on object 'Object Repository/FDR-System-Admin/FDR-ReferencePage/referenceDataNameInput'

2020-09-27 07:24:12 - [TEST_STEP][PASSED] - click(findTestObject("FDR-System-Admin/FDR-ReferencePage/altAccountReference/altAccountReview/altAccount")): Object: 'Object Repository/FDR-System-Admin/FDR-ReferencePage/altAccountReference/altAccountReview/altAccount' is clicked on

2020-09-27 07:24:12 - [MESSAGE][PASSED] - Object: 'Object Repository/FDR-System-Admin/FDR-ReferencePage/altAccountReference/altAccountReview/altAccount' is clicked on

2020-09-27 07:24:12 - [TEST_STEP][PASSED] - waitForElementPresent(findTestObject("FDR-System-Admin/FDR-Add-AltAccount/addAltAccountBtn"), 3): Object 'Object Repository/FDR-System-Admin/FDR-Add-AltAccount/addAltAccountBtn' is present

2020-09-27 07:24:13 - [MESSAGE][PASSED] - Object 'Object Repository/FDR-System-Admin/FDR-Add-AltAccount/addAltAccountBtn' is present

2020-09-27 07:24:13 - [TEST_STEP][PASSED] - click(findTestObject("FDR-System-Admin/FDR-Add-AltAccount/addAltAccountBtn")): Object: 'Object Repository/FDR-System-Admin/FDR-Add-AltAccount/addAltAccountBtn' is clicked on

2020-09-27 07:24:13 - [MESSAGE][PASSED] - Object: 'Object Repository/FDR-System-Admin/FDR-Add-AltAccount/addAltAccountBtn' is clicked on

2020-09-27 07:24:13 - [TEST_STEP][PASSED] - altAccountCode = RandomStringUtils.randomNumeric(10): null

2020-09-27 07:24:13 - [TEST_STEP][PASSED] - altAccountName = RandomStringUtils.randomAlphabetic(10): null

2020-09-27 07:24:13 - [TEST_STEP][PASSED] - waitForElementPresent(findTestObject("FDR-System-Admin/FDR-Add-AltAccount/altAccountCode"), 3): Object 'Object Repository/FDR-System-Admin/FDR-Add-AltAccount/altAccountCode' is present

2020-09-27 07:24:14 - [MESSAGE][PASSED] - Object 'Object Repository/FDR-System-Admin/FDR-Add-AltAccount/altAccountCode' is present

2020-09-27 07:24:14 - [TEST_STEP][PASSED] - setText(findTestObject("FDR-System-Admin/FDR-Add-AltAccount/altAccountCode"), altAccountCode): Text '7030028515' is set on object 'Object Repository/FDR-System-Admin/FDR-Add-AltAccount/altAccountCode'

2020-09-27 07:24:15 - [MESSAGE][PASSED] - Text '7030028515' is set on object 'Object Repository/FDR-System-Admin/FDR-Add-AltAccount/altAccountCode'

2020-09-27 07:24:15 - [TEST_STEP][PASSED] - waitForElementPresent(findTestObject("FDR-System-Admin/FDR-Add-AltAccount/altAccountName"), 3): Object 'Object Repository/FDR-System-Admin/FDR-Add-AltAccount/altAccountName' is present

2020-09-27 07:24:15 - [MESSAGE][PASSED] - Object 'Object Repository/FDR-System-Admin/FDR-Add-AltAccount/altAccountName' is present

2020-09-27 07:24:15 - [TEST_STEP][PASSED] - setText(findTestObject("FDR-System-Admin/FDR-Add-AltAccount/altAccountName"), altAccountName): Text 'FYzAhHgyju' is set on object 'Object Repository/FDR-System-Admin/FDR-Add-AltAccount/altAccountName'

2020-09-27 07:24:16 - [MESSAGE][PASSED] - Text 'FYzAhHgyju' is set on object 'Object Repository/FDR-System-Admin/FDR-Add-AltAccount/altAccountName'

2020-09-27 07:24:16 - [TEST_STEP][PASSED] - waitForElementPresent(findTestObject("FDR-System-Admin/FDR-Add-AltAccount/accountName"), 3): Object 'Object Repository/FDR-System-Admin/FDR-Add-AltAccount/accountName' is present

2020-09-27 07:24:16 - [MESSAGE][PASSED] - Object 'Object Repository/FDR-System-Admin/FDR-Add-AltAccount/accountName' is present

2020-09-27 07:24:16 - [TEST_STEP][PASSED] - waitForElementPresent(findTestObject("FDR-System-Admin/FDR-Add-AltAccount/accountName"), 3): Object 'Object Repository/FDR-System-Admin/FDR-Add-AltAccount/accountName' is present

2020-09-27 07:24:17 - [MESSAGE][PASSED] - Object 'Object Repository/FDR-System-Admin/FDR-Add-AltAccount/accountName' is present

2020-09-27 07:24:17 - [TEST_STEP][PASSED] - click(findTestObject("FDR-System-Admin/FDR-Add-AltAccount/accountName")): Object: 'Object Repository/FDR-System-Admin/FDR-Add-AltAccount/accountName' is clicked on

2020-09-27 07:24:17 - [MESSAGE][PASSED] - Object: 'Object Repository/FDR-System-Admin/FDR-Add-AltAccount/accountName' is clicked on

2020-09-27 07:24:17 - [TEST_STEP][PASSED] - setText(findTestObject("FDR-System-Admin/FDR-Add-AltAccount/accountName"), accountName): Text 'mnEKpUjOKW' is set on object 'Object Repository/FDR-System-Admin/FDR-Add-AltAccount/accountName'

2020-09-27 07:24:18 - [MESSAGE][PASSED] - Text 'mnEKpUjOKW' is set on object 'Object Repository/FDR-System-Admin/FDR-Add-AltAccount/accountName'

2020-09-27 07:24:18 - [TEST_STEP][PASSED] - waitForElementPresent(findTestObject("Object Repository/FDR-System-Admin/FDR-Add-AltAccount/accountNameOption"), 3): Object 'Object Repository/FDR-System-Admin/FDR-Add-AltAccount/accountNameOption' is present

2020-09-27 07:24:18 - [MESSAGE][PASSED] - Object 'Object Repository/FDR-System-Admin/FDR-Add-AltAccount/accountNameOption' is present

2020-09-27 07:24:18 - [TEST_STEP][PASSED] - click(findTestObject("Object Repository/FDR-System-Admin/FDR-Add-AltAccount/accountNameOption")): Object: 'Object Repository/FDR-System-Admin/FDR-Add-AltAccount/accountNameOption' is clicked on

2020-09-27 07:24:19 - [MESSAGE][PASSED] - Object: 'Object Repository/FDR-System-Admin/FDR-Add-AltAccount/accountNameOption' is clicked on

2020-09-27 07:24:19 - [TEST_STEP][PASSED] - waitForElementPresent(findTestObject("FDR-System-Admin/FDR-Add-AltAccount/confirmAltAccountBtn"), 5): Object 'Object Repository/FDR-System-Admin/FDR-Add-AltAccount/confirmAltAccountBtn' is present

2020-09-27 07:24:19 - [MESSAGE][PASSED] - Object 'Object Repository/FDR-System-Admin/FDR-Add-AltAccount/confirmAltAccountBtn' is present

2020-09-27 07:24:19 - [TEST_STEP][PASSED] - click(findTestObject("FDR-System-Admin/FDR-Add-AltAccount/confirmAltAccountBtn")): Object: 'Object Repository/FDR-System-Admin/FDR-Add-AltAccount/confirmAltAccountBtn' is clicked on

2020-09-27 07:24:19 - [MESSAGE][PASSED] - Object: 'Object Repository/FDR-System-Admin/FDR-Add-AltAccount/confirmAltAccountBtn' is clicked on

2020-09-27 07:24:19 - [TEST_STEP][PASSED] - commonFunctions.selectRole("accountsPayableProcessor"): Object 'Object Repository/FDR-VoucherEntry/VoucherHeader/reviewButton' is not present after 2 second(s)

2020-09-27 07:24:23 - [MESSAGE][INFO] - Unable to find the element located by 'By.xpath: //*[@data-id='action-button']//*[contains(text(),'Review')]'. Please recheck the objects properties to make sure the desired element is located. 

2020-09-27 07:24:23 - [MESSAGE][WARNING] - Object 'Object Repository/FDR-VoucherEntry/VoucherHeader/reviewButton' is not present after 2 second(s)

2020-09-27 07:24:23 - [MESSAGE][PASSED] - Object: 'Object Repository/FDR-SuperUser-Dashboard/userExpandButton' is clicked on

2020-09-27 07:24:26 - [MESSAGE][INFO] - Unable to find the element located by 'By.xpath: //*[@data-id='action-button']//*[contains(text(),'Review')]'. Please recheck the objects properties to make sure the desired element is located. 

2020-09-27 07:24:26 - [MESSAGE][WARNING] - Object 'Object Repository/FDR-VoucherEntry/VoucherHeader/reviewButton' is not present after 2 second(s)

2020-09-27 07:24:27 - [MESSAGE][PASSED] - Object: 'Object Repository/FDR-SuperUser-Dashboard/accountsPayableProcessor' is clicked on

2020-09-27 07:24:30 - [MESSAGE][INFO] - Unable to find the element located by 'By.xpath: //*[@data-id='action-button']//*[contains(text(),'Review')]'. Please recheck the objects properties to make sure the desired element is located. 

2020-09-27 07:24:30 - [MESSAGE][WARNING] - Object 'Object Repository/FDR-VoucherEntry/VoucherHeader/reviewButton' is not present after 2 second(s)

2020-09-27 07:24:30 - [TEST_STEP][PASSED] - click(findTestObject("FDR-Dashboard/Filters/fixFilterButton")): Object: 'Object Repository/FDR-Dashboard/Filters/fixFilterButton' is clicked on

2020-09-27 07:24:30 - [MESSAGE][PASSED] - Object: 'Object Repository/FDR-Dashboard/Filters/fixFilterButton' is clicked on

2020-09-27 07:24:30 - [TEST_STEP][PASSED] - click(findTestObject("Object Repository/FDR-Dashboard/Filters/resumeFilterButton")): Object: 'Object Repository/FDR-Dashboard/Filters/resumeFilterButton' is clicked on

2020-09-27 07:24:31 - [MESSAGE][PASSED] - Object: 'Object Repository/FDR-Dashboard/Filters/resumeFilterButton' is clicked on

2020-09-27 07:24:31 - [TEST_STEP][PASSED] - if (waitForElementPresent(findTestObject("FDR-Dashboard/VouhcersTable/fixButton"), 5)): Object 'Object Repository/FDR-Dashboard/VouhcersTable/fixButton' is not present after 5 second(s)

2020-09-27 07:24:37 - [MESSAGE][INFO] - Unable to find the element located by 'By.xpath: //*[text()='Fix']'. Please recheck the objects properties to make sure the desired element is located. 

2020-09-27 07:24:37 - [MESSAGE][WARNING] - Object 'Object Repository/FDR-Dashboard/VouhcersTable/fixButton' is not present after 5 second(s)

2020-09-27 07:24:37 - [TEST_STEP][PASSED] - else: Object: 'Object Repository/FDR-Dashboard/VouhcersTable/resumeButton' is clicked on

2020-09-27 07:24:37 - [TEST_STEP][PASSED] - click(findTestObject("Object Repository/FDR-Dashboard/VouhcersTable/resumeButton")): Object: 'Object Repository/FDR-Dashboard/VouhcersTable/resumeButton' is clicked on

2020-09-27 07:24:38 - [MESSAGE][PASSED] - Object: 'Object Repository/FDR-Dashboard/VouhcersTable/resumeButton' is clicked on

2020-09-27 07:24:38 - [TEST_STEP][FAILED] - click(findTestObject("FDR-VoucherEntry/InvoiceLine/invoiceLineExpandButton")): Unable to click on object 'Object Repository/FDR-VoucherEntry/InvoiceLine/invoiceLineExpandButton' (Root cause: com.kms.katalon.core.exception.StepFailedException: Unable to click on object 'Object Repository/FDR-VoucherEntry/InvoiceLine/invoiceLineExpandButton'
	at com.kms.katalon.core.webui.keyword.internal.WebUIKeywordMain.stepFailed(WebUIKeywordMain.groovy:64)
	at com.kms.katalon.core.webui.keyword.internal.WebUIKeywordMain.runKeyword(WebUIKeywordMain.groovy:26)
	at com.kms.katalon.core.webui.keyword.builtin.ClickKeyword.click(ClickKeyword.groovy:76)
	at com.kms.katalon.core.webui.keyword.builtin.ClickKeyword.execute(ClickKeyword.groovy:43)
	at com.kms.katalon.core.keyword.internal.KeywordExecutor.executeKeywordForPlatform(KeywordExecutor.groovy:73)
	at com.kms.katalon.core.webui.keyword.WebUiBuiltInKeywords.click(WebUiBuiltInKeywords.groovy:616)
	at com.kms.katalon.core.webui.keyword.WebUiBuiltInKeywords$click$5.call(Unknown Source)
	at TC_5-FDR_E2E-FDR-2938-SYSTEM ADMIN REFERENCE DATA.run(TC_5-FDR_E2E-FDR-2938-SYSTEM ADMIN REFERENCE DATA:104)
	at com.kms.katalon.core.main.ScriptEngine.run(ScriptEngine.java:194)
	at com.kms.katalon.core.main.ScriptEngine.runScriptAsRawText(ScriptEngine.java:119)
	at com.kms.katalon.core.main.TestCaseExecutor.runScript(TestCaseExecutor.java:339)
	at com.kms.katalon.core.main.TestCaseExecutor.doExecute(TestCaseExecutor.java:330)
	at com.kms.katalon.core.main.TestCaseExecutor.processExecutionPhase(TestCaseExecutor.java:309)
	at com.kms.katalon.core.main.TestCaseExecutor.accessMainPhase(TestCaseExecutor.java:301)
	at com.kms.katalon.core.main.TestCaseExecutor.execute(TestCaseExecutor.java:235)
	at com.kms.katalon.core.main.TestSuiteExecutor.accessTestCaseMainPhase(TestSuiteExecutor.java:191)
	at com.kms.katalon.core.main.TestSuiteExecutor.accessTestSuiteMainPhase(TestSuiteExecutor.java:141)
	at com.kms.katalon.core.main.TestSuiteExecutor.execute(TestSuiteExecutor.java:90)
	at com.kms.katalon.core.main.TestCaseMain.startTestSuite(TestCaseMain.java:157)
	at com.kms.katalon.core.main.TestCaseMain$startTestSuite$0.call(Unknown Source)
	at TempTestSuite1601216121039.run(TempTestSuite1601216121039.groovy:39)
Caused by: com.kms.katalon.core.webui.exception.WebElementNotFoundException: Web element with id: 'Object Repository/FDR-VoucherEntry/InvoiceLine/invoiceLineExpandButton' located by '(//*[contains(@class,'MuiExpansionPanel-root')])[1]//*[contains(@class,'expandIcon')]' not found
	at com.kms.katalon.core.webui.common.WebUiCommonHelper.findWebElement(WebUiCommonHelper.java:1368)
	at com.kms.katalon.core.webui.keyword.internal.WebUIAbstractKeyword.findWebElement(WebUIAbstractKeyword.groovy:27)
	at com.kms.katalon.core.webui.keyword.internal.WebUIAbstractKeyword.findWebElement(WebUIAbstractKeyword.groovy:26)
	at com.kms.katalon.core.webui.keyword.builtin.ClickKeyword$_click_closure1.doCall(ClickKeyword.groovy:67)
	at com.kms.katalon.core.webui.keyword.builtin.ClickKeyword$_click_closure1.call(ClickKeyword.groovy)
	at com.kms.katalon.core.webui.keyword.internal.WebUIKeywordMain.runKeyword(WebUIKeywordMain.groovy:20)
	at com.kms.katalon.core.webui.keyword.builtin.ClickKeyword.click(ClickKeyword.groovy:76)
	at com.kms.katalon.core.webui.keyword.builtin.ClickKeyword.execute(ClickKeyword.groovy:43)
	at com.kms.katalon.core.keyword.internal.KeywordExecutor.executeKeywordForPlatform(KeywordExecutor.groovy:73)
	at com.kms.katalon.core.webui.keyword.WebUiBuiltInKeywords.click(WebUiBuiltInKeywords.groovy:616)
	at com.kms.katalon.core.webui.keyword.WebUiBuiltInKeywords$click$5.call(Unknown Source)
	at Script1600987140132.run(Script1600987140132.groovy:104)
	... 13 more
)

2020-09-27 07:24:42 - [MESSAGE][INFO] - Unable to find the element located by 'By.xpath: (//*[contains(@class,'MuiExpansionPanel-root')])[1]//*[contains(@class,'expandIcon')]'. Please recheck the objects properties to make sure the desired element is located. 

2020-09-27 07:24:42 - [MESSAGE][FAILED] - Unable to click on object 'Object Repository/FDR-VoucherEntry/InvoiceLine/invoiceLineExpandButton' (Root cause: com.kms.katalon.core.exception.StepFailedException: Unable to click on object 'Object Repository/FDR-VoucherEntry/InvoiceLine/invoiceLineExpandButton'
	at com.kms.katalon.core.webui.keyword.internal.WebUIKeywordMain.stepFailed(WebUIKeywordMain.groovy:64)
	at com.kms.katalon.core.webui.keyword.internal.WebUIKeywordMain.runKeyword(WebUIKeywordMain.groovy:26)
	at com.kms.katalon.core.webui.keyword.builtin.ClickKeyword.click(ClickKeyword.groovy:76)
	at com.kms.katalon.core.webui.keyword.builtin.ClickKeyword.execute(ClickKeyword.groovy:43)
	at com.kms.katalon.core.keyword.internal.KeywordExecutor.executeKeywordForPlatform(KeywordExecutor.groovy:73)
	at com.kms.katalon.core.webui.keyword.WebUiBuiltInKeywords.click(WebUiBuiltInKeywords.groovy:616)
	at com.kms.katalon.core.webui.keyword.WebUiBuiltInKeywords$click$5.call(Unknown Source)
	at TC_5-FDR_E2E-FDR-2938-SYSTEM ADMIN REFERENCE DATA.run(TC_5-FDR_E2E-FDR-2938-SYSTEM ADMIN REFERENCE DATA:104)
	at com.kms.katalon.core.main.ScriptEngine.run(ScriptEngine.java:194)
	at com.kms.katalon.core.main.ScriptEngine.runScriptAsRawText(ScriptEngine.java:119)
	at com.kms.katalon.core.main.TestCaseExecutor.runScript(TestCaseExecutor.java:339)
	at com.kms.katalon.core.main.TestCaseExecutor.doExecute(TestCaseExecutor.java:330)
	at com.kms.katalon.core.main.TestCaseExecutor.processExecutionPhase(TestCaseExecutor.java:309)
	at com.kms.katalon.core.main.TestCaseExecutor.accessMainPhase(TestCaseExecutor.java:301)
	at com.kms.katalon.core.main.TestCaseExecutor.execute(TestCaseExecutor.java:235)
	at com.kms.katalon.core.main.TestSuiteExecutor.accessTestCaseMainPhase(TestSuiteExecutor.java:191)
	at com.kms.katalon.core.main.TestSuiteExecutor.accessTestSuiteMainPhase(TestSuiteExecutor.java:141)
	at com.kms.katalon.core.main.TestSuiteExecutor.execute(TestSuiteExecutor.java:90)
	at com.kms.katalon.core.main.TestCaseMain.startTestSuite(TestCaseMain.java:157)
	at com.kms.katalon.core.main.TestCaseMain$startTestSuite$0.call(Unknown Source)
	at TempTestSuite1601216121039.run(TempTestSuite1601216121039.groovy:39)
Caused by: com.kms.katalon.core.webui.exception.WebElementNotFoundException: Web element with id: 'Object Repository/FDR-VoucherEntry/InvoiceLine/invoiceLineExpandButton' located by '(//*[contains(@class,'MuiExpansionPanel-root')])[1]//*[contains(@class,'expandIcon')]' not found
	at com.kms.katalon.core.webui.common.WebUiCommonHelper.findWebElement(WebUiCommonHelper.java:1368)
	at com.kms.katalon.core.webui.keyword.internal.WebUIAbstractKeyword.findWebElement(WebUIAbstractKeyword.groovy:27)
	at com.kms.katalon.core.webui.keyword.internal.WebUIAbstractKeyword.findWebElement(WebUIAbstractKeyword.groovy:26)
	at com.kms.katalon.core.webui.keyword.builtin.ClickKeyword$_click_closure1.doCall(ClickKeyword.groovy:67)
	at com.kms.katalon.core.webui.keyword.builtin.ClickKeyword$_click_closure1.call(ClickKeyword.groovy)
	at com.kms.katalon.core.webui.keyword.internal.WebUIKeywordMain.runKeyword(WebUIKeywordMain.groovy:20)
	at com.kms.katalon.core.webui.keyword.builtin.ClickKeyword.click(ClickKeyword.groovy:76)
	at com.kms.katalon.core.webui.keyword.builtin.ClickKeyword.execute(ClickKeyword.groovy:43)
	at com.kms.katalon.core.keyword.internal.KeywordExecutor.executeKeywordForPlatform(KeywordExecutor.groovy:73)
	at com.kms.katalon.core.webui.keyword.WebUiBuiltInKeywords.click(WebUiBuiltInKeywords.groovy:616)
	at com.kms.katalon.core.webui.keyword.WebUiBuiltInKeywords$click$5.call(Unknown Source)
	at Script1600987140132.run(Script1600987140132.groovy:104)
	... 13 more
)
[[ATTACHMENT|C:\\GitHub\\FDR-Katalon-Regression\\Reports\\20200927_071521\\FDR_E2E-REGRESSION-TESTS\\20200927_071521\\1601216682352.png]]

2020-09-27 07:24:42 - [TEST_STEP][PASSED] - waitForElementPresent(findTestObject("FDR-EditVoucher/DLHover"), 2): Object 'Object Repository/FDR-EditVoucher/DLHover' is not present after 2 second(s)

2020-09-27 07:24:45 - [MESSAGE][INFO] - Unable to find the element located by 'By.xpath: (//*[@data-id='line-grid'] //parent::*//div//div)[11]'. Please recheck the objects properties to make sure the desired element is located. 

2020-09-27 07:24:45 - [MESSAGE][WARNING] - Object 'Object Repository/FDR-EditVoucher/DLHover' is not present after 2 second(s)

2020-09-27 07:24:45 - [TEST_STEP][FAILED] - mouseOver(findTestObject("FDR-EditVoucher/DLHover")): Unable to move mouse over object 'Object Repository/FDR-EditVoucher/DLHover' (Root cause: com.kms.katalon.core.exception.StepFailedException: Unable to move mouse over object 'Object Repository/FDR-EditVoucher/DLHover'
	at com.kms.katalon.core.webui.keyword.internal.WebUIKeywordMain.stepFailed(WebUIKeywordMain.groovy:64)
	at com.kms.katalon.core.webui.keyword.internal.WebUIKeywordMain.runKeyword(WebUIKeywordMain.groovy:26)
	at com.kms.katalon.core.webui.keyword.builtin.MouseOverKeyword.mouseOver(MouseOverKeyword.groovy:66)
	at com.kms.katalon.core.webui.keyword.builtin.MouseOverKeyword.execute(MouseOverKeyword.groovy:40)
	at com.kms.katalon.core.keyword.internal.KeywordExecutor.executeKeywordForPlatform(KeywordExecutor.groovy:73)
	at com.kms.katalon.core.webui.keyword.WebUiBuiltInKeywords.mouseOver(WebUiBuiltInKeywords.groovy:802)
	at com.kms.katalon.core.webui.keyword.WebUiBuiltInKeywords$mouseOver$12.call(Unknown Source)
	at TC_5-FDR_E2E-FDR-2938-SYSTEM ADMIN REFERENCE DATA.run(TC_5-FDR_E2E-FDR-2938-SYSTEM ADMIN REFERENCE DATA:106)
	at com.kms.katalon.core.main.ScriptEngine.run(ScriptEngine.java:194)
	at com.kms.katalon.core.main.ScriptEngine.runScriptAsRawText(ScriptEngine.java:119)
	at com.kms.katalon.core.main.TestCaseExecutor.runScript(TestCaseExecutor.java:339)
	at com.kms.katalon.core.main.TestCaseExecutor.doExecute(TestCaseExecutor.java:330)
	at com.kms.katalon.core.main.TestCaseExecutor.processExecutionPhase(TestCaseExecutor.java:309)
	at com.kms.katalon.core.main.TestCaseExecutor.accessMainPhase(TestCaseExecutor.java:301)
	at com.kms.katalon.core.main.TestCaseExecutor.execute(TestCaseExecutor.java:235)
	at com.kms.katalon.core.main.TestSuiteExecutor.accessTestCaseMainPhase(TestSuiteExecutor.java:191)
	at com.kms.katalon.core.main.TestSuiteExecutor.accessTestSuiteMainPhase(TestSuiteExecutor.java:141)
	at com.kms.katalon.core.main.TestSuiteExecutor.execute(TestSuiteExecutor.java:90)
	at com.kms.katalon.core.main.TestCaseMain.startTestSuite(TestCaseMain.java:157)
	at com.kms.katalon.core.main.TestCaseMain$startTestSuite$0.call(Unknown Source)
	at TempTestSuite1601216121039.run(TempTestSuite1601216121039.groovy:39)
Caused by: com.kms.katalon.core.webui.exception.WebElementNotFoundException: Web element with id: 'Object Repository/FDR-EditVoucher/DLHover' located by '(//*[@data-id='line-grid'] //parent::*//div//div)[11]' not found
	at com.kms.katalon.core.webui.common.WebUiCommonHelper.findWebElement(WebUiCommonHelper.java:1368)
	at com.kms.katalon.core.webui.keyword.internal.WebUIAbstractKeyword.findWebElement(WebUIAbstractKeyword.groovy:27)
	at com.kms.katalon.core.webui.keyword.internal.WebUIAbstractKeyword.findWebElement(WebUIAbstractKeyword.groovy:26)
	at com.kms.katalon.core.webui.keyword.builtin.MouseOverKeyword$_mouseOver_closure1.doCall(MouseOverKeyword.groovy:54)
	at com.kms.katalon.core.webui.keyword.builtin.MouseOverKeyword$_mouseOver_closure1.call(MouseOverKeyword.groovy)
	at com.kms.katalon.core.webui.keyword.internal.WebUIKeywordMain.runKeyword(WebUIKeywordMain.groovy:20)
	at com.kms.katalon.core.webui.keyword.builtin.MouseOverKeyword.mouseOver(MouseOverKeyword.groovy:66)
	at com.kms.katalon.core.webui.keyword.builtin.MouseOverKeyword.execute(MouseOverKeyword.groovy:40)
	at com.kms.katalon.core.keyword.internal.KeywordExecutor.executeKeywordForPlatform(KeywordExecutor.groovy:73)
	at com.kms.katalon.core.webui.keyword.WebUiBuiltInKeywords.mouseOver(WebUiBuiltInKeywords.groovy:802)
	at com.kms.katalon.core.webui.keyword.WebUiBuiltInKeywords$mouseOver$12.call(Unknown Source)
	at Script1600987140132.run(Script1600987140132.groovy:106)
	... 13 more
)

2020-09-27 07:24:49 - [MESSAGE][INFO] - Unable to find the element located by 'By.xpath: (//*[@data-id='line-grid'] //parent::*//div//div)[11]'. Please recheck the objects properties to make sure the desired element is located. 

2020-09-27 07:24:50 - [MESSAGE][FAILED] - Unable to move mouse over object 'Object Repository/FDR-EditVoucher/DLHover' (Root cause: com.kms.katalon.core.exception.StepFailedException: Unable to move mouse over object 'Object Repository/FDR-EditVoucher/DLHover'
	at com.kms.katalon.core.webui.keyword.internal.WebUIKeywordMain.stepFailed(WebUIKeywordMain.groovy:64)
	at com.kms.katalon.core.webui.keyword.internal.WebUIKeywordMain.runKeyword(WebUIKeywordMain.groovy:26)
	at com.kms.katalon.core.webui.keyword.builtin.MouseOverKeyword.mouseOver(MouseOverKeyword.groovy:66)
	at com.kms.katalon.core.webui.keyword.builtin.MouseOverKeyword.execute(MouseOverKeyword.groovy:40)
	at com.kms.katalon.core.keyword.internal.KeywordExecutor.executeKeywordForPlatform(KeywordExecutor.groovy:73)
	at com.kms.katalon.core.webui.keyword.WebUiBuiltInKeywords.mouseOver(WebUiBuiltInKeywords.groovy:802)
	at com.kms.katalon.core.webui.keyword.WebUiBuiltInKeywords$mouseOver$12.call(Unknown Source)
	at TC_5-FDR_E2E-FDR-2938-SYSTEM ADMIN REFERENCE DATA.run(TC_5-FDR_E2E-FDR-2938-SYSTEM ADMIN REFERENCE DATA:106)
	at com.kms.katalon.core.main.ScriptEngine.run(ScriptEngine.java:194)
	at com.kms.katalon.core.main.ScriptEngine.runScriptAsRawText(ScriptEngine.java:119)
	at com.kms.katalon.core.main.TestCaseExecutor.runScript(TestCaseExecutor.java:339)
	at com.kms.katalon.core.main.TestCaseExecutor.doExecute(TestCaseExecutor.java:330)
	at com.kms.katalon.core.main.TestCaseExecutor.processExecutionPhase(TestCaseExecutor.java:309)
	at com.kms.katalon.core.main.TestCaseExecutor.accessMainPhase(TestCaseExecutor.java:301)
	at com.kms.katalon.core.main.TestCaseExecutor.execute(TestCaseExecutor.java:235)
	at com.kms.katalon.core.main.TestSuiteExecutor.accessTestCaseMainPhase(TestSuiteExecutor.java:191)
	at com.kms.katalon.core.main.TestSuiteExecutor.accessTestSuiteMainPhase(TestSuiteExecutor.java:141)
	at com.kms.katalon.core.main.TestSuiteExecutor.execute(TestSuiteExecutor.java:90)
	at com.kms.katalon.core.main.TestCaseMain.startTestSuite(TestCaseMain.java:157)
	at com.kms.katalon.core.main.TestCaseMain$startTestSuite$0.call(Unknown Source)
	at TempTestSuite1601216121039.run(TempTestSuite1601216121039.groovy:39)
Caused by: com.kms.katalon.core.webui.exception.WebElementNotFoundException: Web element with id: 'Object Repository/FDR-EditVoucher/DLHover' located by '(//*[@data-id='line-grid'] //parent::*//div//div)[11]' not found
	at com.kms.katalon.core.webui.common.WebUiCommonHelper.findWebElement(WebUiCommonHelper.java:1368)
	at com.kms.katalon.core.webui.keyword.internal.WebUIAbstractKeyword.findWebElement(WebUIAbstractKeyword.groovy:27)
	at com.kms.katalon.core.webui.keyword.internal.WebUIAbstractKeyword.findWebElement(WebUIAbstractKeyword.groovy:26)
	at com.kms.katalon.core.webui.keyword.builtin.MouseOverKeyword$_mouseOver_closure1.doCall(MouseOverKeyword.groovy:54)
	at com.kms.katalon.core.webui.keyword.builtin.MouseOverKeyword$_mouseOver_closure1.call(MouseOverKeyword.groovy)
	at com.kms.katalon.core.webui.keyword.internal.WebUIKeywordMain.runKeyword(WebUIKeywordMain.groovy:20)
	at com.kms.katalon.core.webui.keyword.builtin.MouseOverKeyword.mouseOver(MouseOverKeyword.groovy:66)
	at com.kms.katalon.core.webui.keyword.builtin.MouseOverKeyword.execute(MouseOverKeyword.groovy:40)
	at com.kms.katalon.core.keyword.internal.KeywordExecutor.executeKeywordForPlatform(KeywordExecutor.groovy:73)
	at com.kms.katalon.core.webui.keyword.WebUiBuiltInKeywords.mouseOver(WebUiBuiltInKeywords.groovy:802)
	at com.kms.katalon.core.webui.keyword.WebUiBuiltInKeywords$mouseOver$12.call(Unknown Source)
	at Script1600987140132.run(Script1600987140132.groovy:106)
	... 13 more
)
[[ATTACHMENT|C:\\GitHub\\FDR-Katalon-Regression\\Reports\\20200927_071521\\FDR_E2E-REGRESSION-TESTS\\20200927_071521\\1601216689892.png]]

2020-09-27 07:24:50 - [TEST_STEP][PASSED] - waitForElementPresent(findTestObject("FDR-EditVoucher/DLEditIcon"), 2): Object 'Object Repository/FDR-EditVoucher/DLEditIcon' is not present after 2 second(s)

2020-09-27 07:24:53 - [MESSAGE][INFO] - Unable to find the element located by 'By.xpath: (//*[contains(@id,'distributionLineActionMenu')])[1]'. Please recheck the objects properties to make sure the desired element is located. 

2020-09-27 07:24:53 - [MESSAGE][WARNING] - Object 'Object Repository/FDR-EditVoucher/DLEditIcon' is not present after 2 second(s)

2020-09-27 07:24:53 - [TEST_STEP][FAILED] - click(findTestObject("FDR-EditVoucher/DLEditIcon")): Unable to click on object 'Object Repository/FDR-EditVoucher/DLEditIcon' (Root cause: com.kms.katalon.core.exception.StepFailedException: Unable to click on object 'Object Repository/FDR-EditVoucher/DLEditIcon'
	at com.kms.katalon.core.webui.keyword.internal.WebUIKeywordMain.stepFailed(WebUIKeywordMain.groovy:64)
	at com.kms.katalon.core.webui.keyword.internal.WebUIKeywordMain.runKeyword(WebUIKeywordMain.groovy:26)
	at com.kms.katalon.core.webui.keyword.builtin.ClickKeyword.click(ClickKeyword.groovy:76)
	at com.kms.katalon.core.webui.keyword.builtin.ClickKeyword.execute(ClickKeyword.groovy:43)
	at com.kms.katalon.core.keyword.internal.KeywordExecutor.executeKeywordForPlatform(KeywordExecutor.groovy:73)
	at com.kms.katalon.core.webui.keyword.WebUiBuiltInKeywords.click(WebUiBuiltInKeywords.groovy:616)
	at com.kms.katalon.core.webui.keyword.WebUiBuiltInKeywords$click$5.call(Unknown Source)
	at TC_5-FDR_E2E-FDR-2938-SYSTEM ADMIN REFERENCE DATA.run(TC_5-FDR_E2E-FDR-2938-SYSTEM ADMIN REFERENCE DATA:110)
	at com.kms.katalon.core.main.ScriptEngine.run(ScriptEngine.java:194)
	at com.kms.katalon.core.main.ScriptEngine.runScriptAsRawText(ScriptEngine.java:119)
	at com.kms.katalon.core.main.TestCaseExecutor.runScript(TestCaseExecutor.java:339)
	at com.kms.katalon.core.main.TestCaseExecutor.doExecute(TestCaseExecutor.java:330)
	at com.kms.katalon.core.main.TestCaseExecutor.processExecutionPhase(TestCaseExecutor.java:309)
	at com.kms.katalon.core.main.TestCaseExecutor.accessMainPhase(TestCaseExecutor.java:301)
	at com.kms.katalon.core.main.TestCaseExecutor.execute(TestCaseExecutor.java:235)
	at com.kms.katalon.core.main.TestSuiteExecutor.accessTestCaseMainPhase(TestSuiteExecutor.java:191)
	at com.kms.katalon.core.main.TestSuiteExecutor.accessTestSuiteMainPhase(TestSuiteExecutor.java:141)
	at com.kms.katalon.core.main.TestSuiteExecutor.execute(TestSuiteExecutor.java:90)
	at com.kms.katalon.core.main.TestCaseMain.startTestSuite(TestCaseMain.java:157)
	at com.kms.katalon.core.main.TestCaseMain$startTestSuite$0.call(Unknown Source)
	at TempTestSuite1601216121039.run(TempTestSuite1601216121039.groovy:39)
Caused by: com.kms.katalon.core.webui.exception.WebElementNotFoundException: Web element with id: 'Object Repository/FDR-EditVoucher/DLEditIcon' located by '(//*[contains(@id,'distributionLineActionMenu')])[1]' not found
	at com.kms.katalon.core.webui.common.WebUiCommonHelper.findWebElement(WebUiCommonHelper.java:1368)
	at com.kms.katalon.core.webui.keyword.internal.WebUIAbstractKeyword.findWebElement(WebUIAbstractKeyword.groovy:27)
	at com.kms.katalon.core.webui.keyword.internal.WebUIAbstractKeyword.findWebElement(WebUIAbstractKeyword.groovy:26)
	at com.kms.katalon.core.webui.keyword.builtin.ClickKeyword$_click_closure1.doCall(ClickKeyword.groovy:67)
	at com.kms.katalon.core.webui.keyword.builtin.ClickKeyword$_click_closure1.call(ClickKeyword.groovy)
	at com.kms.katalon.core.webui.keyword.internal.WebUIKeywordMain.runKeyword(WebUIKeywordMain.groovy:20)
	at com.kms.katalon.core.webui.keyword.builtin.ClickKeyword.click(ClickKeyword.groovy:76)
	at com.kms.katalon.core.webui.keyword.builtin.ClickKeyword.execute(ClickKeyword.groovy:43)
	at com.kms.katalon.core.keyword.internal.KeywordExecutor.executeKeywordForPlatform(KeywordExecutor.groovy:73)
	at com.kms.katalon.core.webui.keyword.WebUiBuiltInKeywords.click(WebUiBuiltInKeywords.groovy:616)
	at com.kms.katalon.core.webui.keyword.WebUiBuiltInKeywords$click$5.call(Unknown Source)
	at Script1600987140132.run(Script1600987140132.groovy:110)
	... 13 more
)

2020-09-27 07:24:57 - [MESSAGE][INFO] - Unable to find the element located by 'By.xpath: (//*[contains(@id,'distributionLineActionMenu')])[1]'. Please recheck the objects properties to make sure the desired element is located. 

2020-09-27 07:24:57 - [MESSAGE][FAILED] - Unable to click on object 'Object Repository/FDR-EditVoucher/DLEditIcon' (Root cause: com.kms.katalon.core.exception.StepFailedException: Unable to click on object 'Object Repository/FDR-EditVoucher/DLEditIcon'
	at com.kms.katalon.core.webui.keyword.internal.WebUIKeywordMain.stepFailed(WebUIKeywordMain.groovy:64)
	at com.kms.katalon.core.webui.keyword.internal.WebUIKeywordMain.runKeyword(WebUIKeywordMain.groovy:26)
	at com.kms.katalon.core.webui.keyword.builtin.ClickKeyword.click(ClickKeyword.groovy:76)
	at com.kms.katalon.core.webui.keyword.builtin.ClickKeyword.execute(ClickKeyword.groovy:43)
	at com.kms.katalon.core.keyword.internal.KeywordExecutor.executeKeywordForPlatform(KeywordExecutor.groovy:73)
	at com.kms.katalon.core.webui.keyword.WebUiBuiltInKeywords.click(WebUiBuiltInKeywords.groovy:616)
	at com.kms.katalon.core.webui.keyword.WebUiBuiltInKeywords$click$5.call(Unknown Source)
	at TC_5-FDR_E2E-FDR-2938-SYSTEM ADMIN REFERENCE DATA.run(TC_5-FDR_E2E-FDR-2938-SYSTEM ADMIN REFERENCE DATA:110)
	at com.kms.katalon.core.main.ScriptEngine.run(ScriptEngine.java:194)
	at com.kms.katalon.core.main.ScriptEngine.runScriptAsRawText(ScriptEngine.java:119)
	at com.kms.katalon.core.main.TestCaseExecutor.runScript(TestCaseExecutor.java:339)
	at com.kms.katalon.core.main.TestCaseExecutor.doExecute(TestCaseExecutor.java:330)
	at com.kms.katalon.core.main.TestCaseExecutor.processExecutionPhase(TestCaseExecutor.java:309)
	at com.kms.katalon.core.main.TestCaseExecutor.accessMainPhase(TestCaseExecutor.java:301)
	at com.kms.katalon.core.main.TestCaseExecutor.execute(TestCaseExecutor.java:235)
	at com.kms.katalon.core.main.TestSuiteExecutor.accessTestCaseMainPhase(TestSuiteExecutor.java:191)
	at com.kms.katalon.core.main.TestSuiteExecutor.accessTestSuiteMainPhase(TestSuiteExecutor.java:141)
	at com.kms.katalon.core.main.TestSuiteExecutor.execute(TestSuiteExecutor.java:90)
	at com.kms.katalon.core.main.TestCaseMain.startTestSuite(TestCaseMain.java:157)
	at com.kms.katalon.core.main.TestCaseMain$startTestSuite$0.call(Unknown Source)
	at TempTestSuite1601216121039.run(TempTestSuite1601216121039.groovy:39)
Caused by: com.kms.katalon.core.webui.exception.WebElementNotFoundException: Web element with id: 'Object Repository/FDR-EditVoucher/DLEditIcon' located by '(//*[contains(@id,'distributionLineActionMenu')])[1]' not found
	at com.kms.katalon.core.webui.common.WebUiCommonHelper.findWebElement(WebUiCommonHelper.java:1368)
	at com.kms.katalon.core.webui.keyword.internal.WebUIAbstractKeyword.findWebElement(WebUIAbstractKeyword.groovy:27)
	at com.kms.katalon.core.webui.keyword.internal.WebUIAbstractKeyword.findWebElement(WebUIAbstractKeyword.groovy:26)
	at com.kms.katalon.core.webui.keyword.builtin.ClickKeyword$_click_closure1.doCall(ClickKeyword.groovy:67)
	at com.kms.katalon.core.webui.keyword.builtin.ClickKeyword$_click_closure1.call(ClickKeyword.groovy)
	at com.kms.katalon.core.webui.keyword.internal.WebUIKeywordMain.runKeyword(WebUIKeywordMain.groovy:20)
	at com.kms.katalon.core.webui.keyword.builtin.ClickKeyword.click(ClickKeyword.groovy:76)
	at com.kms.katalon.core.webui.keyword.builtin.ClickKeyword.execute(ClickKeyword.groovy:43)
	at com.kms.katalon.core.keyword.internal.KeywordExecutor.executeKeywordForPlatform(KeywordExecutor.groovy:73)
	at com.kms.katalon.core.webui.keyword.WebUiBuiltInKeywords.click(WebUiBuiltInKeywords.groovy:616)
	at com.kms.katalon.core.webui.keyword.WebUiBuiltInKeywords$click$5.call(Unknown Source)
	at Script1600987140132.run(Script1600987140132.groovy:110)
	... 13 more
)
[[ATTACHMENT|C:\\GitHub\\FDR-Katalon-Regression\\Reports\\20200927_071521\\FDR_E2E-REGRESSION-TESTS\\20200927_071521\\1601216697518.png]]

2020-09-27 07:24:57 - [TEST_STEP][PASSED] - waitForElementPresent(findTestObject("FDR-EditVoucher/DLEditClick"), 2): Object 'Object Repository/FDR-EditVoucher/DLEditClick' is not present after 2 second(s)

2020-09-27 07:25:01 - [MESSAGE][INFO] - Unable to find the element located by 'By.xpath: //*[contains(@style,'opacity: 1')] //* [contains(text(),'Edit')]'. Please recheck the objects properties to make sure the desired element is located. 

2020-09-27 07:25:01 - [MESSAGE][WARNING] - Object 'Object Repository/FDR-EditVoucher/DLEditClick' is not present after 2 second(s)

2020-09-27 07:25:01 - [TEST_STEP][FAILED] - click(findTestObject("FDR-EditVoucher/DLEditClick")): Unable to click on object 'Object Repository/FDR-EditVoucher/DLEditClick' (Root cause: com.kms.katalon.core.exception.StepFailedException: Unable to click on object 'Object Repository/FDR-EditVoucher/DLEditClick'
	at com.kms.katalon.core.webui.keyword.internal.WebUIKeywordMain.stepFailed(WebUIKeywordMain.groovy:64)
	at com.kms.katalon.core.webui.keyword.internal.WebUIKeywordMain.runKeyword(WebUIKeywordMain.groovy:26)
	at com.kms.katalon.core.webui.keyword.builtin.ClickKeyword.click(ClickKeyword.groovy:76)
	at com.kms.katalon.core.webui.keyword.builtin.ClickKeyword.execute(ClickKeyword.groovy:43)
	at com.kms.katalon.core.keyword.internal.KeywordExecutor.executeKeywordForPlatform(KeywordExecutor.groovy:73)
	at com.kms.katalon.core.webui.keyword.WebUiBuiltInKeywords.click(WebUiBuiltInKeywords.groovy:616)
	at com.kms.katalon.core.webui.keyword.WebUiBuiltInKeywords$click$5.call(Unknown Source)
	at TC_5-FDR_E2E-FDR-2938-SYSTEM ADMIN REFERENCE DATA.run(TC_5-FDR_E2E-FDR-2938-SYSTEM ADMIN REFERENCE DATA:112)
	at com.kms.katalon.core.main.ScriptEngine.run(ScriptEngine.java:194)
	at com.kms.katalon.core.main.ScriptEngine.runScriptAsRawText(ScriptEngine.java:119)
	at com.kms.katalon.core.main.TestCaseExecutor.runScript(TestCaseExecutor.java:339)
	at com.kms.katalon.core.main.TestCaseExecutor.doExecute(TestCaseExecutor.java:330)
	at com.kms.katalon.core.main.TestCaseExecutor.processExecutionPhase(TestCaseExecutor.java:309)
	at com.kms.katalon.core.main.TestCaseExecutor.accessMainPhase(TestCaseExecutor.java:301)
	at com.kms.katalon.core.main.TestCaseExecutor.execute(TestCaseExecutor.java:235)
	at com.kms.katalon.core.main.TestSuiteExecutor.accessTestCaseMainPhase(TestSuiteExecutor.java:191)
	at com.kms.katalon.core.main.TestSuiteExecutor.accessTestSuiteMainPhase(TestSuiteExecutor.java:141)
	at com.kms.katalon.core.main.TestSuiteExecutor.execute(TestSuiteExecutor.java:90)
	at com.kms.katalon.core.main.TestCaseMain.startTestSuite(TestCaseMain.java:157)
	at com.kms.katalon.core.main.TestCaseMain$startTestSuite$0.call(Unknown Source)
	at TempTestSuite1601216121039.run(TempTestSuite1601216121039.groovy:39)
Caused by: com.kms.katalon.core.webui.exception.WebElementNotFoundException: Web element with id: 'Object Repository/FDR-EditVoucher/DLEditClick' located by '//*[contains(@style,'opacity: 1')] //* [contains(text(),'Edit')]' not found
	at com.kms.katalon.core.webui.common.WebUiCommonHelper.findWebElement(WebUiCommonHelper.java:1368)
	at com.kms.katalon.core.webui.keyword.internal.WebUIAbstractKeyword.findWebElement(WebUIAbstractKeyword.groovy:27)
	at com.kms.katalon.core.webui.keyword.internal.WebUIAbstractKeyword.findWebElement(WebUIAbstractKeyword.groovy:26)
	at com.kms.katalon.core.webui.keyword.builtin.ClickKeyword$_click_closure1.doCall(ClickKeyword.groovy:67)
	at com.kms.katalon.core.webui.keyword.builtin.ClickKeyword$_click_closure1.call(ClickKeyword.groovy)
	at com.kms.katalon.core.webui.keyword.internal.WebUIKeywordMain.runKeyword(WebUIKeywordMain.groovy:20)
	at com.kms.katalon.core.webui.keyword.builtin.ClickKeyword.click(ClickKeyword.groovy:76)
	at com.kms.katalon.core.webui.keyword.builtin.ClickKeyword.execute(ClickKeyword.groovy:43)
	at com.kms.katalon.core.keyword.internal.KeywordExecutor.executeKeywordForPlatform(KeywordExecutor.groovy:73)
	at com.kms.katalon.core.webui.keyword.WebUiBuiltInKeywords.click(WebUiBuiltInKeywords.groovy:616)
	at com.kms.katalon.core.webui.keyword.WebUiBuiltInKeywords$click$5.call(Unknown Source)
	at Script1600987140132.run(Script1600987140132.groovy:112)
	... 13 more
)

2020-09-27 07:25:05 - [MESSAGE][INFO] - Unable to find the element located by 'By.xpath: //*[contains(@style,'opacity: 1')] //* [contains(text(),'Edit')]'. Please recheck the objects properties to make sure the desired element is located. 

2020-09-27 07:25:06 - [MESSAGE][FAILED] - Unable to click on object 'Object Repository/FDR-EditVoucher/DLEditClick' (Root cause: com.kms.katalon.core.exception.StepFailedException: Unable to click on object 'Object Repository/FDR-EditVoucher/DLEditClick'
	at com.kms.katalon.core.webui.keyword.internal.WebUIKeywordMain.stepFailed(WebUIKeywordMain.groovy:64)
	at com.kms.katalon.core.webui.keyword.internal.WebUIKeywordMain.runKeyword(WebUIKeywordMain.groovy:26)
	at com.kms.katalon.core.webui.keyword.builtin.ClickKeyword.click(ClickKeyword.groovy:76)
	at com.kms.katalon.core.webui.keyword.builtin.ClickKeyword.execute(ClickKeyword.groovy:43)
	at com.kms.katalon.core.keyword.internal.KeywordExecutor.executeKeywordForPlatform(KeywordExecutor.groovy:73)
	at com.kms.katalon.core.webui.keyword.WebUiBuiltInKeywords.click(WebUiBuiltInKeywords.groovy:616)
	at com.kms.katalon.core.webui.keyword.WebUiBuiltInKeywords$click$5.call(Unknown Source)
	at TC_5-FDR_E2E-FDR-2938-SYSTEM ADMIN REFERENCE DATA.run(TC_5-FDR_E2E-FDR-2938-SYSTEM ADMIN REFERENCE DATA:112)
	at com.kms.katalon.core.main.ScriptEngine.run(ScriptEngine.java:194)
	at com.kms.katalon.core.main.ScriptEngine.runScriptAsRawText(ScriptEngine.java:119)
	at com.kms.katalon.core.main.TestCaseExecutor.runScript(TestCaseExecutor.java:339)
	at com.kms.katalon.core.main.TestCaseExecutor.doExecute(TestCaseExecutor.java:330)
	at com.kms.katalon.core.main.TestCaseExecutor.processExecutionPhase(TestCaseExecutor.java:309)
	at com.kms.katalon.core.main.TestCaseExecutor.accessMainPhase(TestCaseExecutor.java:301)
	at com.kms.katalon.core.main.TestCaseExecutor.execute(TestCaseExecutor.java:235)
	at com.kms.katalon.core.main.TestSuiteExecutor.accessTestCaseMainPhase(TestSuiteExecutor.java:191)
	at com.kms.katalon.core.main.TestSuiteExecutor.accessTestSuiteMainPhase(TestSuiteExecutor.java:141)
	at com.kms.katalon.core.main.TestSuiteExecutor.execute(TestSuiteExecutor.java:90)
	at com.kms.katalon.core.main.TestCaseMain.startTestSuite(TestCaseMain.java:157)
	at com.kms.katalon.core.main.TestCaseMain$startTestSuite$0.call(Unknown Source)
	at TempTestSuite1601216121039.run(TempTestSuite1601216121039.groovy:39)
Caused by: com.kms.katalon.core.webui.exception.WebElementNotFoundException: Web element with id: 'Object Repository/FDR-EditVoucher/DLEditClick' located by '//*[contains(@style,'opacity: 1')] //* [contains(text(),'Edit')]' not found
	at com.kms.katalon.core.webui.common.WebUiCommonHelper.findWebElement(WebUiCommonHelper.java:1368)
	at com.kms.katalon.core.webui.keyword.internal.WebUIAbstractKeyword.findWebElement(WebUIAbstractKeyword.groovy:27)
	at com.kms.katalon.core.webui.keyword.internal.WebUIAbstractKeyword.findWebElement(WebUIAbstractKeyword.groovy:26)
	at com.kms.katalon.core.webui.keyword.builtin.ClickKeyword$_click_closure1.doCall(ClickKeyword.groovy:67)
	at com.kms.katalon.core.webui.keyword.builtin.ClickKeyword$_click_closure1.call(ClickKeyword.groovy)
	at com.kms.katalon.core.webui.keyword.internal.WebUIKeywordMain.runKeyword(WebUIKeywordMain.groovy:20)
	at com.kms.katalon.core.webui.keyword.builtin.ClickKeyword.click(ClickKeyword.groovy:76)
	at com.kms.katalon.core.webui.keyword.builtin.ClickKeyword.execute(ClickKeyword.groovy:43)
	at com.kms.katalon.core.keyword.internal.KeywordExecutor.executeKeywordForPlatform(KeywordExecutor.groovy:73)
	at com.kms.katalon.core.webui.keyword.WebUiBuiltInKeywords.click(WebUiBuiltInKeywords.groovy:616)
	at com.kms.katalon.core.webui.keyword.WebUiBuiltInKeywords$click$5.call(Unknown Source)
	at Script1600987140132.run(Script1600987140132.groovy:112)
	... 13 more
)
[[ATTACHMENT|C:\\GitHub\\FDR-Katalon-Regression\\Reports\\20200927_071521\\FDR_E2E-REGRESSION-TESTS\\20200927_071521\\1601216705790.png]]

2020-09-27 07:25:06 - [TEST_STEP][FAILED] - click(findTestObject("FDR-VoucherEntry/DistributionLine/account")): Unable to click on object 'Object Repository/FDR-VoucherEntry/DistributionLine/account' (Root cause: com.kms.katalon.core.exception.StepFailedException: Unable to click on object 'Object Repository/FDR-VoucherEntry/DistributionLine/account'
	at com.kms.katalon.core.webui.keyword.internal.WebUIKeywordMain.stepFailed(WebUIKeywordMain.groovy:64)
	at com.kms.katalon.core.webui.keyword.internal.WebUIKeywordMain.runKeyword(WebUIKeywordMain.groovy:26)
	at com.kms.katalon.core.webui.keyword.builtin.ClickKeyword.click(ClickKeyword.groovy:76)
	at com.kms.katalon.core.webui.keyword.builtin.ClickKeyword.execute(ClickKeyword.groovy:43)
	at com.kms.katalon.core.keyword.internal.KeywordExecutor.executeKeywordForPlatform(KeywordExecutor.groovy:73)
	at com.kms.katalon.core.webui.keyword.WebUiBuiltInKeywords.click(WebUiBuiltInKeywords.groovy:616)
	at com.kms.katalon.core.webui.keyword.WebUiBuiltInKeywords$click$5.call(Unknown Source)
	at TC_5-FDR_E2E-FDR-2938-SYSTEM ADMIN REFERENCE DATA.run(TC_5-FDR_E2E-FDR-2938-SYSTEM ADMIN REFERENCE DATA:115)
	at com.kms.katalon.core.main.ScriptEngine.run(ScriptEngine.java:194)
	at com.kms.katalon.core.main.ScriptEngine.runScriptAsRawText(ScriptEngine.java:119)
	at com.kms.katalon.core.main.TestCaseExecutor.runScript(TestCaseExecutor.java:339)
	at com.kms.katalon.core.main.TestCaseExecutor.doExecute(TestCaseExecutor.java:330)
	at com.kms.katalon.core.main.TestCaseExecutor.processExecutionPhase(TestCaseExecutor.java:309)
	at com.kms.katalon.core.main.TestCaseExecutor.accessMainPhase(TestCaseExecutor.java:301)
	at com.kms.katalon.core.main.TestCaseExecutor.execute(TestCaseExecutor.java:235)
	at com.kms.katalon.core.main.TestSuiteExecutor.accessTestCaseMainPhase(TestSuiteExecutor.java:191)
	at com.kms.katalon.core.main.TestSuiteExecutor.accessTestSuiteMainPhase(TestSuiteExecutor.java:141)
	at com.kms.katalon.core.main.TestSuiteExecutor.execute(TestSuiteExecutor.java:90)
	at com.kms.katalon.core.main.TestCaseMain.startTestSuite(TestCaseMain.java:157)
	at com.kms.katalon.core.main.TestCaseMain$startTestSuite$0.call(Unknown Source)
	at TempTestSuite1601216121039.run(TempTestSuite1601216121039.groovy:39)
Caused by: com.kms.katalon.core.webui.exception.WebElementNotFoundException: Web element with id: 'Object Repository/FDR-VoucherEntry/DistributionLine/account' located by '//input[@id='accountId']' not found
	at com.kms.katalon.core.webui.common.WebUiCommonHelper.findWebElement(WebUiCommonHelper.java:1368)
	at com.kms.katalon.core.webui.keyword.internal.WebUIAbstractKeyword.findWebElement(WebUIAbstractKeyword.groovy:27)
	at com.kms.katalon.core.webui.keyword.internal.WebUIAbstractKeyword.findWebElement(WebUIAbstractKeyword.groovy:26)
	at com.kms.katalon.core.webui.keyword.builtin.ClickKeyword$_click_closure1.doCall(ClickKeyword.groovy:67)
	at com.kms.katalon.core.webui.keyword.builtin.ClickKeyword$_click_closure1.call(ClickKeyword.groovy)
	at com.kms.katalon.core.webui.keyword.internal.WebUIKeywordMain.runKeyword(WebUIKeywordMain.groovy:20)
	at com.kms.katalon.core.webui.keyword.builtin.ClickKeyword.click(ClickKeyword.groovy:76)
	at com.kms.katalon.core.webui.keyword.builtin.ClickKeyword.execute(ClickKeyword.groovy:43)
	at com.kms.katalon.core.keyword.internal.KeywordExecutor.executeKeywordForPlatform(KeywordExecutor.groovy:73)
	at com.kms.katalon.core.webui.keyword.WebUiBuiltInKeywords.click(WebUiBuiltInKeywords.groovy:616)
	at com.kms.katalon.core.webui.keyword.WebUiBuiltInKeywords$click$5.call(Unknown Source)
	at Script1600987140132.run(Script1600987140132.groovy:115)
	... 13 more
)

2020-09-27 07:25:10 - [MESSAGE][INFO] - Unable to find the element located by 'By.xpath: //input[@id='accountId']'. Please recheck the objects properties to make sure the desired element is located. 

2020-09-27 07:25:10 - [MESSAGE][FAILED] - Unable to click on object 'Object Repository/FDR-VoucherEntry/DistributionLine/account' (Root cause: com.kms.katalon.core.exception.StepFailedException: Unable to click on object 'Object Repository/FDR-VoucherEntry/DistributionLine/account'
	at com.kms.katalon.core.webui.keyword.internal.WebUIKeywordMain.stepFailed(WebUIKeywordMain.groovy:64)
	at com.kms.katalon.core.webui.keyword.internal.WebUIKeywordMain.runKeyword(WebUIKeywordMain.groovy:26)
	at com.kms.katalon.core.webui.keyword.builtin.ClickKeyword.click(ClickKeyword.groovy:76)
	at com.kms.katalon.core.webui.keyword.builtin.ClickKeyword.execute(ClickKeyword.groovy:43)
	at com.kms.katalon.core.keyword.internal.KeywordExecutor.executeKeywordForPlatform(KeywordExecutor.groovy:73)
	at com.kms.katalon.core.webui.keyword.WebUiBuiltInKeywords.click(WebUiBuiltInKeywords.groovy:616)
	at com.kms.katalon.core.webui.keyword.WebUiBuiltInKeywords$click$5.call(Unknown Source)
	at TC_5-FDR_E2E-FDR-2938-SYSTEM ADMIN REFERENCE DATA.run(TC_5-FDR_E2E-FDR-2938-SYSTEM ADMIN REFERENCE DATA:115)
	at com.kms.katalon.core.main.ScriptEngine.run(ScriptEngine.java:194)
	at com.kms.katalon.core.main.ScriptEngine.runScriptAsRawText(ScriptEngine.java:119)
	at com.kms.katalon.core.main.TestCaseExecutor.runScript(TestCaseExecutor.java:339)
	at com.kms.katalon.core.main.TestCaseExecutor.doExecute(TestCaseExecutor.java:330)
	at com.kms.katalon.core.main.TestCaseExecutor.processExecutionPhase(TestCaseExecutor.java:309)
	at com.kms.katalon.core.main.TestCaseExecutor.accessMainPhase(TestCaseExecutor.java:301)
	at com.kms.katalon.core.main.TestCaseExecutor.execute(TestCaseExecutor.java:235)
	at com.kms.katalon.core.main.TestSuiteExecutor.accessTestCaseMainPhase(TestSuiteExecutor.java:191)
	at com.kms.katalon.core.main.TestSuiteExecutor.accessTestSuiteMainPhase(TestSuiteExecutor.java:141)
	at com.kms.katalon.core.main.TestSuiteExecutor.execute(TestSuiteExecutor.java:90)
	at com.kms.katalon.core.main.TestCaseMain.startTestSuite(TestCaseMain.java:157)
	at com.kms.katalon.core.main.TestCaseMain$startTestSuite$0.call(Unknown Source)
	at TempTestSuite1601216121039.run(TempTestSuite1601216121039.groovy:39)
Caused by: com.kms.katalon.core.webui.exception.WebElementNotFoundException: Web element with id: 'Object Repository/FDR-VoucherEntry/DistributionLine/account' located by '//input[@id='accountId']' not found
	at com.kms.katalon.core.webui.common.WebUiCommonHelper.findWebElement(WebUiCommonHelper.java:1368)
	at com.kms.katalon.core.webui.keyword.internal.WebUIAbstractKeyword.findWebElement(WebUIAbstractKeyword.groovy:27)
	at com.kms.katalon.core.webui.keyword.internal.WebUIAbstractKeyword.findWebElement(WebUIAbstractKeyword.groovy:26)
	at com.kms.katalon.core.webui.keyword.builtin.ClickKeyword$_click_closure1.doCall(ClickKeyword.groovy:67)
	at com.kms.katalon.core.webui.keyword.builtin.ClickKeyword$_click_closure1.call(ClickKeyword.groovy)
	at com.kms.katalon.core.webui.keyword.internal.WebUIKeywordMain.runKeyword(WebUIKeywordMain.groovy:20)
	at com.kms.katalon.core.webui.keyword.builtin.ClickKeyword.click(ClickKeyword.groovy:76)
	at com.kms.katalon.core.webui.keyword.builtin.ClickKeyword.execute(ClickKeyword.groovy:43)
	at com.kms.katalon.core.keyword.internal.KeywordExecutor.executeKeywordForPlatform(KeywordExecutor.groovy:73)
	at com.kms.katalon.core.webui.keyword.WebUiBuiltInKeywords.click(WebUiBuiltInKeywords.groovy:616)
	at com.kms.katalon.core.webui.keyword.WebUiBuiltInKeywords$click$5.call(Unknown Source)
	at Script1600987140132.run(Script1600987140132.groovy:115)
	... 13 more
)
[[ATTACHMENT|C:\\GitHub\\FDR-Katalon-Regression\\Reports\\20200927_071521\\FDR_E2E-REGRESSION-TESTS\\20200927_071521\\1601216710307.png]]

2020-09-27 07:25:10 - [TEST_STEP][PASSED] - delay(2): Delayed 2 second(s)

2020-09-27 07:25:12 - [MESSAGE][PASSED] - Delayed 2 second(s)

2020-09-27 07:25:12 - [TEST_STEP][FAILED] - sendKeys(findTestObject("FDR-VoucherEntry/DistributionLine/account"), Keys.chord(CONTROL, "a")): Unable to send keys 'a' to object 'Object Repository/FDR-VoucherEntry/DistributionLine/account' (Root cause: com.kms.katalon.core.exception.StepFailedException: Unable to send keys 'a' to object 'Object Repository/FDR-VoucherEntry/DistributionLine/account'
	at com.kms.katalon.core.webui.keyword.internal.WebUIKeywordMain.stepFailed(WebUIKeywordMain.groovy:64)
	at com.kms.katalon.core.webui.keyword.internal.WebUIKeywordMain.runKeyword(WebUIKeywordMain.groovy:26)
	at com.kms.katalon.core.webui.keyword.builtin.SendKeysKeyword.sendKeys(SendKeysKeyword.groovy:60)
	at com.kms.katalon.core.webui.keyword.builtin.SendKeysKeyword.execute(SendKeysKeyword.groovy:38)
	at com.kms.katalon.core.keyword.internal.KeywordExecutor.executeKeywordForPlatform(KeywordExecutor.groovy:73)
	at com.kms.katalon.core.webui.keyword.WebUiBuiltInKeywords.sendKeys(WebUiBuiltInKeywords.groovy:860)
	at com.kms.katalon.core.webui.keyword.WebUiBuiltInKeywords$sendKeys$7.call(Unknown Source)
	at TC_5-FDR_E2E-FDR-2938-SYSTEM ADMIN REFERENCE DATA.run(TC_5-FDR_E2E-FDR-2938-SYSTEM ADMIN REFERENCE DATA:120)
	at com.kms.katalon.core.main.ScriptEngine.run(ScriptEngine.java:194)
	at com.kms.katalon.core.main.ScriptEngine.runScriptAsRawText(ScriptEngine.java:119)
	at com.kms.katalon.core.main.TestCaseExecutor.runScript(TestCaseExecutor.java:339)
	at com.kms.katalon.core.main.TestCaseExecutor.doExecute(TestCaseExecutor.java:330)
	at com.kms.katalon.core.main.TestCaseExecutor.processExecutionPhase(TestCaseExecutor.java:309)
	at com.kms.katalon.core.main.TestCaseExecutor.accessMainPhase(TestCaseExecutor.java:301)
	at com.kms.katalon.core.main.TestCaseExecutor.execute(TestCaseExecutor.java:235)
	at com.kms.katalon.core.main.TestSuiteExecutor.accessTestCaseMainPhase(TestSuiteExecutor.java:191)
	at com.kms.katalon.core.main.TestSuiteExecutor.accessTestSuiteMainPhase(TestSuiteExecutor.java:141)
	at com.kms.katalon.core.main.TestSuiteExecutor.execute(TestSuiteExecutor.java:90)
	at com.kms.katalon.core.main.TestCaseMain.startTestSuite(TestCaseMain.java:157)
	at com.kms.katalon.core.main.TestCaseMain$startTestSuite$0.call(Unknown Source)
	at TempTestSuite1601216121039.run(TempTestSuite1601216121039.groovy:39)
Caused by: com.kms.katalon.core.webui.exception.WebElementNotFoundException: Web element with id: 'Object Repository/FDR-VoucherEntry/DistributionLine/account' located by '//input[@id='accountId']' not found
	at com.kms.katalon.core.webui.common.WebUiCommonHelper.findWebElement(WebUiCommonHelper.java:1368)
	at com.kms.katalon.core.webui.keyword.internal.WebUIAbstractKeyword.findWebElement(WebUIAbstractKeyword.groovy:27)
	at com.kms.katalon.core.webui.keyword.internal.WebUIAbstractKeyword.findWebElement(WebUIAbstractKeyword.groovy:26)
	at com.kms.katalon.core.webui.keyword.builtin.SendKeysKeyword$_sendKeys_closure1.doCall(SendKeysKeyword.groovy:52)
	at com.kms.katalon.core.webui.keyword.builtin.SendKeysKeyword$_sendKeys_closure1.call(SendKeysKeyword.groovy)
	at com.kms.katalon.core.webui.keyword.internal.WebUIKeywordMain.runKeyword(WebUIKeywordMain.groovy:20)
	at com.kms.katalon.core.webui.keyword.builtin.SendKeysKeyword.sendKeys(SendKeysKeyword.groovy:60)
	at com.kms.katalon.core.webui.keyword.builtin.SendKeysKeyword.execute(SendKeysKeyword.groovy:38)
	at com.kms.katalon.core.keyword.internal.KeywordExecutor.executeKeywordForPlatform(KeywordExecutor.groovy:73)
	at com.kms.katalon.core.webui.keyword.WebUiBuiltInKeywords.sendKeys(WebUiBuiltInKeywords.groovy:860)
	at com.kms.katalon.core.webui.keyword.WebUiBuiltInKeywords$sendKeys$7.call(Unknown Source)
	at Script1600987140132.run(Script1600987140132.groovy:120)
	... 13 more
)

2020-09-27 07:25:16 - [MESSAGE][INFO] - Unable to find the element located by 'By.xpath: //input[@id='accountId']'. Please recheck the objects properties to make sure the desired element is located. 

2020-09-27 07:25:17 - [MESSAGE][FAILED] - Unable to send keys 'a' to object 'Object Repository/FDR-VoucherEntry/DistributionLine/account' (Root cause: com.kms.katalon.core.exception.StepFailedException: Unable to send keys 'a' to object 'Object Repository/FDR-VoucherEntry/DistributionLine/account'
	at com.kms.katalon.core.webui.keyword.internal.WebUIKeywordMain.stepFailed(WebUIKeywordMain.groovy:64)
	at com.kms.katalon.core.webui.keyword.internal.WebUIKeywordMain.runKeyword(WebUIKeywordMain.groovy:26)
	at com.kms.katalon.core.webui.keyword.builtin.SendKeysKeyword.sendKeys(SendKeysKeyword.groovy:60)
	at com.kms.katalon.core.webui.keyword.builtin.SendKeysKeyword.execute(SendKeysKeyword.groovy:38)
	at com.kms.katalon.core.keyword.internal.KeywordExecutor.executeKeywordForPlatform(KeywordExecutor.groovy:73)
	at com.kms.katalon.core.webui.keyword.WebUiBuiltInKeywords.sendKeys(WebUiBuiltInKeywords.groovy:860)
	at com.kms.katalon.core.webui.keyword.WebUiBuiltInKeywords$sendKeys$7.call(Unknown Source)
	at TC_5-FDR_E2E-FDR-2938-SYSTEM ADMIN REFERENCE DATA.run(TC_5-FDR_E2E-FDR-2938-SYSTEM ADMIN REFERENCE DATA:120)
	at com.kms.katalon.core.main.ScriptEngine.run(ScriptEngine.java:194)
	at com.kms.katalon.core.main.ScriptEngine.runScriptAsRawText(ScriptEngine.java:119)
	at com.kms.katalon.core.main.TestCaseExecutor.runScript(TestCaseExecutor.java:339)
	at com.kms.katalon.core.main.TestCaseExecutor.doExecute(TestCaseExecutor.java:330)
	at com.kms.katalon.core.main.TestCaseExecutor.processExecutionPhase(TestCaseExecutor.java:309)
	at com.kms.katalon.core.main.TestCaseExecutor.accessMainPhase(TestCaseExecutor.java:301)
	at com.kms.katalon.core.main.TestCaseExecutor.execute(TestCaseExecutor.java:235)
	at com.kms.katalon.core.main.TestSuiteExecutor.accessTestCaseMainPhase(TestSuiteExecutor.java:191)
	at com.kms.katalon.core.main.TestSuiteExecutor.accessTestSuiteMainPhase(TestSuiteExecutor.java:141)
	at com.kms.katalon.core.main.TestSuiteExecutor.execute(TestSuiteExecutor.java:90)
	at com.kms.katalon.core.main.TestCaseMain.startTestSuite(TestCaseMain.java:157)
	at com.kms.katalon.core.main.TestCaseMain$startTestSuite$0.call(Unknown Source)
	at TempTestSuite1601216121039.run(TempTestSuite1601216121039.groovy:39)
Caused by: com.kms.katalon.core.webui.exception.WebElementNotFoundException: Web element with id: 'Object Repository/FDR-VoucherEntry/DistributionLine/account' located by '//input[@id='accountId']' not found
	at com.kms.katalon.core.webui.common.WebUiCommonHelper.findWebElement(WebUiCommonHelper.java:1368)
	at com.kms.katalon.core.webui.keyword.internal.WebUIAbstractKeyword.findWebElement(WebUIAbstractKeyword.groovy:27)
	at com.kms.katalon.core.webui.keyword.internal.WebUIAbstractKeyword.findWebElement(WebUIAbstractKeyword.groovy:26)
	at com.kms.katalon.core.webui.keyword.builtin.SendKeysKeyword$_sendKeys_closure1.doCall(SendKeysKeyword.groovy:52)
	at com.kms.katalon.core.webui.keyword.builtin.SendKeysKeyword$_sendKeys_closure1.call(SendKeysKeyword.groovy)
	at com.kms.katalon.core.webui.keyword.internal.WebUIKeywordMain.runKeyword(WebUIKeywordMain.groovy:20)
	at com.kms.katalon.core.webui.keyword.builtin.SendKeysKeyword.sendKeys(SendKeysKeyword.groovy:60)
	at com.kms.katalon.core.webui.keyword.builtin.SendKeysKeyword.execute(SendKeysKeyword.groovy:38)
	at com.kms.katalon.core.keyword.internal.KeywordExecutor.executeKeywordForPlatform(KeywordExecutor.groovy:73)
	at com.kms.katalon.core.webui.keyword.WebUiBuiltInKeywords.sendKeys(WebUiBuiltInKeywords.groovy:860)
	at com.kms.katalon.core.webui.keyword.WebUiBuiltInKeywords$sendKeys$7.call(Unknown Source)
	at Script1600987140132.run(Script1600987140132.groovy:120)
	... 13 more
)
[[ATTACHMENT|C:\\GitHub\\FDR-Katalon-Regression\\Reports\\20200927_071521\\FDR_E2E-REGRESSION-TESTS\\20200927_071521\\1601216716933.png]]

2020-09-27 07:25:17 - [TEST_STEP][FAILED] - sendKeys(findTestObject("FDR-VoucherEntry/DistributionLine/account"), Keys.chord(BACK_SPACE)): Unable to send keys '' to object 'Object Repository/FDR-VoucherEntry/DistributionLine/account' (Root cause: com.kms.katalon.core.exception.StepFailedException: Unable to send keys '' to object 'Object Repository/FDR-VoucherEntry/DistributionLine/account'
	at com.kms.katalon.core.webui.keyword.internal.WebUIKeywordMain.stepFailed(WebUIKeywordMain.groovy:64)
	at com.kms.katalon.core.webui.keyword.internal.WebUIKeywordMain.runKeyword(WebUIKeywordMain.groovy:26)
	at com.kms.katalon.core.webui.keyword.builtin.SendKeysKeyword.sendKeys(SendKeysKeyword.groovy:60)
	at com.kms.katalon.core.webui.keyword.builtin.SendKeysKeyword.execute(SendKeysKeyword.groovy:38)
	at com.kms.katalon.core.keyword.internal.KeywordExecutor.executeKeywordForPlatform(KeywordExecutor.groovy:73)
	at com.kms.katalon.core.webui.keyword.WebUiBuiltInKeywords.sendKeys(WebUiBuiltInKeywords.groovy:860)
	at com.kms.katalon.core.webui.keyword.WebUiBuiltInKeywords$sendKeys$7.call(Unknown Source)
	at TC_5-FDR_E2E-FDR-2938-SYSTEM ADMIN REFERENCE DATA.run(TC_5-FDR_E2E-FDR-2938-SYSTEM ADMIN REFERENCE DATA:121)
	at com.kms.katalon.core.main.ScriptEngine.run(ScriptEngine.java:194)
	at com.kms.katalon.core.main.ScriptEngine.runScriptAsRawText(ScriptEngine.java:119)
	at com.kms.katalon.core.main.TestCaseExecutor.runScript(TestCaseExecutor.java:339)
	at com.kms.katalon.core.main.TestCaseExecutor.doExecute(TestCaseExecutor.java:330)
	at com.kms.katalon.core.main.TestCaseExecutor.processExecutionPhase(TestCaseExecutor.java:309)
	at com.kms.katalon.core.main.TestCaseExecutor.accessMainPhase(TestCaseExecutor.java:301)
	at com.kms.katalon.core.main.TestCaseExecutor.execute(TestCaseExecutor.java:235)
	at com.kms.katalon.core.main.TestSuiteExecutor.accessTestCaseMainPhase(TestSuiteExecutor.java:191)
	at com.kms.katalon.core.main.TestSuiteExecutor.accessTestSuiteMainPhase(TestSuiteExecutor.java:141)
	at com.kms.katalon.core.main.TestSuiteExecutor.execute(TestSuiteExecutor.java:90)
	at com.kms.katalon.core.main.TestCaseMain.startTestSuite(TestCaseMain.java:157)
	at com.kms.katalon.core.main.TestCaseMain$startTestSuite$0.call(Unknown Source)
	at TempTestSuite1601216121039.run(TempTestSuite1601216121039.groovy:39)
Caused by: com.kms.katalon.core.webui.exception.WebElementNotFoundException: Web element with id: 'Object Repository/FDR-VoucherEntry/DistributionLine/account' located by '//input[@id='accountId']' not found
	at com.kms.katalon.core.webui.common.WebUiCommonHelper.findWebElement(WebUiCommonHelper.java:1368)
	at com.kms.katalon.core.webui.keyword.internal.WebUIAbstractKeyword.findWebElement(WebUIAbstractKeyword.groovy:27)
	at com.kms.katalon.core.webui.keyword.internal.WebUIAbstractKeyword.findWebElement(WebUIAbstractKeyword.groovy:26)
	at com.kms.katalon.core.webui.keyword.builtin.SendKeysKeyword$_sendKeys_closure1.doCall(SendKeysKeyword.groovy:52)
	at com.kms.katalon.core.webui.keyword.builtin.SendKeysKeyword$_sendKeys_closure1.call(SendKeysKeyword.groovy)
	at com.kms.katalon.core.webui.keyword.internal.WebUIKeywordMain.runKeyword(WebUIKeywordMain.groovy:20)
	at com.kms.katalon.core.webui.keyword.builtin.SendKeysKeyword.sendKeys(SendKeysKeyword.groovy:60)
	at com.kms.katalon.core.webui.keyword.builtin.SendKeysKeyword.execute(SendKeysKeyword.groovy:38)
	at com.kms.katalon.core.keyword.internal.KeywordExecutor.executeKeywordForPlatform(KeywordExecutor.groovy:73)
	at com.kms.katalon.core.webui.keyword.WebUiBuiltInKeywords.sendKeys(WebUiBuiltInKeywords.groovy:860)
	at com.kms.katalon.core.webui.keyword.WebUiBuiltInKeywords$sendKeys$7.call(Unknown Source)
	at Script1600987140132.run(Script1600987140132.groovy:121)
	... 13 more
)

2020-09-27 07:25:21 - [MESSAGE][INFO] - Unable to find the element located by 'By.xpath: //input[@id='accountId']'. Please recheck the objects properties to make sure the desired element is located. 

2020-09-27 07:25:21 - [MESSAGE][FAILED] - Unable to send keys '' to object 'Object Repository/FDR-VoucherEntry/DistributionLine/account' (Root cause: com.kms.katalon.core.exception.StepFailedException: Unable to send keys '' to object 'Object Repository/FDR-VoucherEntry/DistributionLine/account'
	at com.kms.katalon.core.webui.keyword.internal.WebUIKeywordMain.stepFailed(WebUIKeywordMain.groovy:64)
	at com.kms.katalon.core.webui.keyword.internal.WebUIKeywordMain.runKeyword(WebUIKeywordMain.groovy:26)
	at com.kms.katalon.core.webui.keyword.builtin.SendKeysKeyword.sendKeys(SendKeysKeyword.groovy:60)
	at com.kms.katalon.core.webui.keyword.builtin.SendKeysKeyword.execute(SendKeysKeyword.groovy:38)
	at com.kms.katalon.core.keyword.internal.KeywordExecutor.executeKeywordForPlatform(KeywordExecutor.groovy:73)
	at com.kms.katalon.core.webui.keyword.WebUiBuiltInKeywords.sendKeys(WebUiBuiltInKeywords.groovy:860)
	at com.kms.katalon.core.webui.keyword.WebUiBuiltInKeywords$sendKeys$7.call(Unknown Source)
	at TC_5-FDR_E2E-FDR-2938-SYSTEM ADMIN REFERENCE DATA.run(TC_5-FDR_E2E-FDR-2938-SYSTEM ADMIN REFERENCE DATA:121)
	at com.kms.katalon.core.main.ScriptEngine.run(ScriptEngine.java:194)
	at com.kms.katalon.core.main.ScriptEngine.runScriptAsRawText(ScriptEngine.java:119)
	at com.kms.katalon.core.main.TestCaseExecutor.runScript(TestCaseExecutor.java:339)
	at com.kms.katalon.core.main.TestCaseExecutor.doExecute(TestCaseExecutor.java:330)
	at com.kms.katalon.core.main.TestCaseExecutor.processExecutionPhase(TestCaseExecutor.java:309)
	at com.kms.katalon.core.main.TestCaseExecutor.accessMainPhase(TestCaseExecutor.java:301)
	at com.kms.katalon.core.main.TestCaseExecutor.execute(TestCaseExecutor.java:235)
	at com.kms.katalon.core.main.TestSuiteExecutor.accessTestCaseMainPhase(TestSuiteExecutor.java:191)
	at com.kms.katalon.core.main.TestSuiteExecutor.accessTestSuiteMainPhase(TestSuiteExecutor.java:141)
	at com.kms.katalon.core.main.TestSuiteExecutor.execute(TestSuiteExecutor.java:90)
	at com.kms.katalon.core.main.TestCaseMain.startTestSuite(TestCaseMain.java:157)
	at com.kms.katalon.core.main.TestCaseMain$startTestSuite$0.call(Unknown Source)
	at TempTestSuite1601216121039.run(TempTestSuite1601216121039.groovy:39)
Caused by: com.kms.katalon.core.webui.exception.WebElementNotFoundException: Web element with id: 'Object Repository/FDR-VoucherEntry/DistributionLine/account' located by '//input[@id='accountId']' not found
	at com.kms.katalon.core.webui.common.WebUiCommonHelper.findWebElement(WebUiCommonHelper.java:1368)
	at com.kms.katalon.core.webui.keyword.internal.WebUIAbstractKeyword.findWebElement(WebUIAbstractKeyword.groovy:27)
	at com.kms.katalon.core.webui.keyword.internal.WebUIAbstractKeyword.findWebElement(WebUIAbstractKeyword.groovy:26)
	at com.kms.katalon.core.webui.keyword.builtin.SendKeysKeyword$_sendKeys_closure1.doCall(SendKeysKeyword.groovy:52)
	at com.kms.katalon.core.webui.keyword.builtin.SendKeysKeyword$_sendKeys_closure1.call(SendKeysKeyword.groovy)
	at com.kms.katalon.core.webui.keyword.internal.WebUIKeywordMain.runKeyword(WebUIKeywordMain.groovy:20)
	at com.kms.katalon.core.webui.keyword.builtin.SendKeysKeyword.sendKeys(SendKeysKeyword.groovy:60)
	at com.kms.katalon.core.webui.keyword.builtin.SendKeysKeyword.execute(SendKeysKeyword.groovy:38)
	at com.kms.katalon.core.keyword.internal.KeywordExecutor.executeKeywordForPlatform(KeywordExecutor.groovy:73)
	at com.kms.katalon.core.webui.keyword.WebUiBuiltInKeywords.sendKeys(WebUiBuiltInKeywords.groovy:860)
	at com.kms.katalon.core.webui.keyword.WebUiBuiltInKeywords$sendKeys$7.call(Unknown Source)
	at Script1600987140132.run(Script1600987140132.groovy:121)
	... 13 more
)
[[ATTACHMENT|C:\\GitHub\\FDR-Katalon-Regression\\Reports\\20200927_071521\\FDR_E2E-REGRESSION-TESTS\\20200927_071521\\1601216721586.png]]

2020-09-27 07:25:21 - [TEST_STEP][FAILED] - sendKeys(findTestObject("FDR-VoucherEntry/DistributionLine/account"), accountCode): Unable to send keys '2561815' to object 'Object Repository/FDR-VoucherEntry/DistributionLine/account' (Root cause: com.kms.katalon.core.exception.StepFailedException: Unable to send keys '2561815' to object 'Object Repository/FDR-VoucherEntry/DistributionLine/account'
	at com.kms.katalon.core.webui.keyword.internal.WebUIKeywordMain.stepFailed(WebUIKeywordMain.groovy:64)
	at com.kms.katalon.core.webui.keyword.internal.WebUIKeywordMain.runKeyword(WebUIKeywordMain.groovy:26)
	at com.kms.katalon.core.webui.keyword.builtin.SendKeysKeyword.sendKeys(SendKeysKeyword.groovy:60)
	at com.kms.katalon.core.webui.keyword.builtin.SendKeysKeyword.execute(SendKeysKeyword.groovy:38)
	at com.kms.katalon.core.keyword.internal.KeywordExecutor.executeKeywordForPlatform(KeywordExecutor.groovy:73)
	at com.kms.katalon.core.webui.keyword.WebUiBuiltInKeywords.sendKeys(WebUiBuiltInKeywords.groovy:860)
	at com.kms.katalon.core.webui.keyword.WebUiBuiltInKeywords$sendKeys$7.call(Unknown Source)
	at TC_5-FDR_E2E-FDR-2938-SYSTEM ADMIN REFERENCE DATA.run(TC_5-FDR_E2E-FDR-2938-SYSTEM ADMIN REFERENCE DATA:122)
	at com.kms.katalon.core.main.ScriptEngine.run(ScriptEngine.java:194)
	at com.kms.katalon.core.main.ScriptEngine.runScriptAsRawText(ScriptEngine.java:119)
	at com.kms.katalon.core.main.TestCaseExecutor.runScript(TestCaseExecutor.java:339)
	at com.kms.katalon.core.main.TestCaseExecutor.doExecute(TestCaseExecutor.java:330)
	at com.kms.katalon.core.main.TestCaseExecutor.processExecutionPhase(TestCaseExecutor.java:309)
	at com.kms.katalon.core.main.TestCaseExecutor.accessMainPhase(TestCaseExecutor.java:301)
	at com.kms.katalon.core.main.TestCaseExecutor.execute(TestCaseExecutor.java:235)
	at com.kms.katalon.core.main.TestSuiteExecutor.accessTestCaseMainPhase(TestSuiteExecutor.java:191)
	at com.kms.katalon.core.main.TestSuiteExecutor.accessTestSuiteMainPhase(TestSuiteExecutor.java:141)
	at com.kms.katalon.core.main.TestSuiteExecutor.execute(TestSuiteExecutor.java:90)
	at com.kms.katalon.core.main.TestCaseMain.startTestSuite(TestCaseMain.java:157)
	at com.kms.katalon.core.main.TestCaseMain$startTestSuite$0.call(Unknown Source)
	at TempTestSuite1601216121039.run(TempTestSuite1601216121039.groovy:39)
Caused by: com.kms.katalon.core.webui.exception.WebElementNotFoundException: Web element with id: 'Object Repository/FDR-VoucherEntry/DistributionLine/account' located by '//input[@id='accountId']' not found
	at com.kms.katalon.core.webui.common.WebUiCommonHelper.findWebElement(WebUiCommonHelper.java:1368)
	at com.kms.katalon.core.webui.keyword.internal.WebUIAbstractKeyword.findWebElement(WebUIAbstractKeyword.groovy:27)
	at com.kms.katalon.core.webui.keyword.internal.WebUIAbstractKeyword.findWebElement(WebUIAbstractKeyword.groovy:26)
	at com.kms.katalon.core.webui.keyword.builtin.SendKeysKeyword$_sendKeys_closure1.doCall(SendKeysKeyword.groovy:52)
	at com.kms.katalon.core.webui.keyword.builtin.SendKeysKeyword$_sendKeys_closure1.call(SendKeysKeyword.groovy)
	at com.kms.katalon.core.webui.keyword.internal.WebUIKeywordMain.runKeyword(WebUIKeywordMain.groovy:20)
	at com.kms.katalon.core.webui.keyword.builtin.SendKeysKeyword.sendKeys(SendKeysKeyword.groovy:60)
	at com.kms.katalon.core.webui.keyword.builtin.SendKeysKeyword.execute(SendKeysKeyword.groovy:38)
	at com.kms.katalon.core.keyword.internal.KeywordExecutor.executeKeywordForPlatform(KeywordExecutor.groovy:73)
	at com.kms.katalon.core.webui.keyword.WebUiBuiltInKeywords.sendKeys(WebUiBuiltInKeywords.groovy:860)
	at com.kms.katalon.core.webui.keyword.WebUiBuiltInKeywords$sendKeys$7.call(Unknown Source)
	at Script1600987140132.run(Script1600987140132.groovy:122)
	... 13 more
)

2020-09-27 07:25:26 - [MESSAGE][INFO] - Unable to find the element located by 'By.xpath: //input[@id='accountId']'. Please recheck the objects properties to make sure the desired element is located. 

2020-09-27 07:25:26 - [MESSAGE][FAILED] - Unable to send keys '2561815' to object 'Object Repository/FDR-VoucherEntry/DistributionLine/account' (Root cause: com.kms.katalon.core.exception.StepFailedException: Unable to send keys '2561815' to object 'Object Repository/FDR-VoucherEntry/DistributionLine/account'
	at com.kms.katalon.core.webui.keyword.internal.WebUIKeywordMain.stepFailed(WebUIKeywordMain.groovy:64)
	at com.kms.katalon.core.webui.keyword.internal.WebUIKeywordMain.runKeyword(WebUIKeywordMain.groovy:26)
	at com.kms.katalon.core.webui.keyword.builtin.SendKeysKeyword.sendKeys(SendKeysKeyword.groovy:60)
	at com.kms.katalon.core.webui.keyword.builtin.SendKeysKeyword.execute(SendKeysKeyword.groovy:38)
	at com.kms.katalon.core.keyword.internal.KeywordExecutor.executeKeywordForPlatform(KeywordExecutor.groovy:73)
	at com.kms.katalon.core.webui.keyword.WebUiBuiltInKeywords.sendKeys(WebUiBuiltInKeywords.groovy:860)
	at com.kms.katalon.core.webui.keyword.WebUiBuiltInKeywords$sendKeys$7.call(Unknown Source)
	at TC_5-FDR_E2E-FDR-2938-SYSTEM ADMIN REFERENCE DATA.run(TC_5-FDR_E2E-FDR-2938-SYSTEM ADMIN REFERENCE DATA:122)
	at com.kms.katalon.core.main.ScriptEngine.run(ScriptEngine.java:194)
	at com.kms.katalon.core.main.ScriptEngine.runScriptAsRawText(ScriptEngine.java:119)
	at com.kms.katalon.core.main.TestCaseExecutor.runScript(TestCaseExecutor.java:339)
	at com.kms.katalon.core.main.TestCaseExecutor.doExecute(TestCaseExecutor.java:330)
	at com.kms.katalon.core.main.TestCaseExecutor.processExecutionPhase(TestCaseExecutor.java:309)
	at com.kms.katalon.core.main.TestCaseExecutor.accessMainPhase(TestCaseExecutor.java:301)
	at com.kms.katalon.core.main.TestCaseExecutor.execute(TestCaseExecutor.java:235)
	at com.kms.katalon.core.main.TestSuiteExecutor.accessTestCaseMainPhase(TestSuiteExecutor.java:191)
	at com.kms.katalon.core.main.TestSuiteExecutor.accessTestSuiteMainPhase(TestSuiteExecutor.java:141)
	at com.kms.katalon.core.main.TestSuiteExecutor.execute(TestSuiteExecutor.java:90)
	at com.kms.katalon.core.main.TestCaseMain.startTestSuite(TestCaseMain.java:157)
	at com.kms.katalon.core.main.TestCaseMain$startTestSuite$0.call(Unknown Source)
	at TempTestSuite1601216121039.run(TempTestSuite1601216121039.groovy:39)
Caused by: com.kms.katalon.core.webui.exception.WebElementNotFoundException: Web element with id: 'Object Repository/FDR-VoucherEntry/DistributionLine/account' located by '//input[@id='accountId']' not found
	at com.kms.katalon.core.webui.common.WebUiCommonHelper.findWebElement(WebUiCommonHelper.java:1368)
	at com.kms.katalon.core.webui.keyword.internal.WebUIAbstractKeyword.findWebElement(WebUIAbstractKeyword.groovy:27)
	at com.kms.katalon.core.webui.keyword.internal.WebUIAbstractKeyword.findWebElement(WebUIAbstractKeyword.groovy:26)
	at com.kms.katalon.core.webui.keyword.builtin.SendKeysKeyword$_sendKeys_closure1.doCall(SendKeysKeyword.groovy:52)
	at com.kms.katalon.core.webui.keyword.builtin.SendKeysKeyword$_sendKeys_closure1.call(SendKeysKeyword.groovy)
	at com.kms.katalon.core.webui.keyword.internal.WebUIKeywordMain.runKeyword(WebUIKeywordMain.groovy:20)
	at com.kms.katalon.core.webui.keyword.builtin.SendKeysKeyword.sendKeys(SendKeysKeyword.groovy:60)
	at com.kms.katalon.core.webui.keyword.builtin.SendKeysKeyword.execute(SendKeysKeyword.groovy:38)
	at com.kms.katalon.core.keyword.internal.KeywordExecutor.executeKeywordForPlatform(KeywordExecutor.groovy:73)
	at com.kms.katalon.core.webui.keyword.WebUiBuiltInKeywords.sendKeys(WebUiBuiltInKeywords.groovy:860)
	at com.kms.katalon.core.webui.keyword.WebUiBuiltInKeywords$sendKeys$7.call(Unknown Source)
	at Script1600987140132.run(Script1600987140132.groovy:122)
	... 13 more
)
[[ATTACHMENT|C:\\GitHub\\FDR-Katalon-Regression\\Reports\\20200927_071521\\FDR_E2E-REGRESSION-TESTS\\20200927_071521\\1601216726077.png]]

2020-09-27 07:25:26 - [TEST_STEP][PASSED] - delay(2): Delayed 2 second(s)

2020-09-27 07:25:28 - [MESSAGE][PASSED] - Delayed 2 second(s)

2020-09-27 07:25:28 - [TEST_STEP][FAILED] - sendKeys(findTestObject("FDR-VoucherEntry/DistributionLine/account"), Keys.chord(DOWN, ENTER)): Unable to send keys '' to object 'Object Repository/FDR-VoucherEntry/DistributionLine/account' (Root cause: com.kms.katalon.core.exception.StepFailedException: Unable to send keys '' to object 'Object Repository/FDR-VoucherEntry/DistributionLine/account'
	at com.kms.katalon.core.webui.keyword.internal.WebUIKeywordMain.stepFailed(WebUIKeywordMain.groovy:64)
	at com.kms.katalon.core.webui.keyword.internal.WebUIKeywordMain.runKeyword(WebUIKeywordMain.groovy:26)
	at com.kms.katalon.core.webui.keyword.builtin.SendKeysKeyword.sendKeys(SendKeysKeyword.groovy:60)
	at com.kms.katalon.core.webui.keyword.builtin.SendKeysKeyword.execute(SendKeysKeyword.groovy:38)
	at com.kms.katalon.core.keyword.internal.KeywordExecutor.executeKeywordForPlatform(KeywordExecutor.groovy:73)
	at com.kms.katalon.core.webui.keyword.WebUiBuiltInKeywords.sendKeys(WebUiBuiltInKeywords.groovy:860)
	at com.kms.katalon.core.webui.keyword.WebUiBuiltInKeywords$sendKeys$7.call(Unknown Source)
	at TC_5-FDR_E2E-FDR-2938-SYSTEM ADMIN REFERENCE DATA.run(TC_5-FDR_E2E-FDR-2938-SYSTEM ADMIN REFERENCE DATA:124)
	at com.kms.katalon.core.main.ScriptEngine.run(ScriptEngine.java:194)
	at com.kms.katalon.core.main.ScriptEngine.runScriptAsRawText(ScriptEngine.java:119)
	at com.kms.katalon.core.main.TestCaseExecutor.runScript(TestCaseExecutor.java:339)
	at com.kms.katalon.core.main.TestCaseExecutor.doExecute(TestCaseExecutor.java:330)
	at com.kms.katalon.core.main.TestCaseExecutor.processExecutionPhase(TestCaseExecutor.java:309)
	at com.kms.katalon.core.main.TestCaseExecutor.accessMainPhase(TestCaseExecutor.java:301)
	at com.kms.katalon.core.main.TestCaseExecutor.execute(TestCaseExecutor.java:235)
	at com.kms.katalon.core.main.TestSuiteExecutor.accessTestCaseMainPhase(TestSuiteExecutor.java:191)
	at com.kms.katalon.core.main.TestSuiteExecutor.accessTestSuiteMainPhase(TestSuiteExecutor.java:141)
	at com.kms.katalon.core.main.TestSuiteExecutor.execute(TestSuiteExecutor.java:90)
	at com.kms.katalon.core.main.TestCaseMain.startTestSuite(TestCaseMain.java:157)
	at com.kms.katalon.core.main.TestCaseMain$startTestSuite$0.call(Unknown Source)
	at TempTestSuite1601216121039.run(TempTestSuite1601216121039.groovy:39)
Caused by: com.kms.katalon.core.webui.exception.WebElementNotFoundException: Web element with id: 'Object Repository/FDR-VoucherEntry/DistributionLine/account' located by '//input[@id='accountId']' not found
	at com.kms.katalon.core.webui.common.WebUiCommonHelper.findWebElement(WebUiCommonHelper.java:1368)
	at com.kms.katalon.core.webui.keyword.internal.WebUIAbstractKeyword.findWebElement(WebUIAbstractKeyword.groovy:27)
	at com.kms.katalon.core.webui.keyword.internal.WebUIAbstractKeyword.findWebElement(WebUIAbstractKeyword.groovy:26)
	at com.kms.katalon.core.webui.keyword.builtin.SendKeysKeyword$_sendKeys_closure1.doCall(SendKeysKeyword.groovy:52)
	at com.kms.katalon.core.webui.keyword.builtin.SendKeysKeyword$_sendKeys_closure1.call(SendKeysKeyword.groovy)
	at com.kms.katalon.core.webui.keyword.internal.WebUIKeywordMain.runKeyword(WebUIKeywordMain.groovy:20)
	at com.kms.katalon.core.webui.keyword.builtin.SendKeysKeyword.sendKeys(SendKeysKeyword.groovy:60)
	at com.kms.katalon.core.webui.keyword.builtin.SendKeysKeyword.execute(SendKeysKeyword.groovy:38)
	at com.kms.katalon.core.keyword.internal.KeywordExecutor.executeKeywordForPlatform(KeywordExecutor.groovy:73)
	at com.kms.katalon.core.webui.keyword.WebUiBuiltInKeywords.sendKeys(WebUiBuiltInKeywords.groovy:860)
	at com.kms.katalon.core.webui.keyword.WebUiBuiltInKeywords$sendKeys$7.call(Unknown Source)
	at Script1600987140132.run(Script1600987140132.groovy:124)
	... 13 more
)

2020-09-27 07:25:32 - [MESSAGE][INFO] - Unable to find the element located by 'By.xpath: //input[@id='accountId']'. Please recheck the objects properties to make sure the desired element is located. 

2020-09-27 07:25:33 - [MESSAGE][FAILED] - Unable to send keys '' to object 'Object Repository/FDR-VoucherEntry/DistributionLine/account' (Root cause: com.kms.katalon.core.exception.StepFailedException: Unable to send keys '' to object 'Object Repository/FDR-VoucherEntry/DistributionLine/account'
	at com.kms.katalon.core.webui.keyword.internal.WebUIKeywordMain.stepFailed(WebUIKeywordMain.groovy:64)
	at com.kms.katalon.core.webui.keyword.internal.WebUIKeywordMain.runKeyword(WebUIKeywordMain.groovy:26)
	at com.kms.katalon.core.webui.keyword.builtin.SendKeysKeyword.sendKeys(SendKeysKeyword.groovy:60)
	at com.kms.katalon.core.webui.keyword.builtin.SendKeysKeyword.execute(SendKeysKeyword.groovy:38)
	at com.kms.katalon.core.keyword.internal.KeywordExecutor.executeKeywordForPlatform(KeywordExecutor.groovy:73)
	at com.kms.katalon.core.webui.keyword.WebUiBuiltInKeywords.sendKeys(WebUiBuiltInKeywords.groovy:860)
	at com.kms.katalon.core.webui.keyword.WebUiBuiltInKeywords$sendKeys$7.call(Unknown Source)
	at TC_5-FDR_E2E-FDR-2938-SYSTEM ADMIN REFERENCE DATA.run(TC_5-FDR_E2E-FDR-2938-SYSTEM ADMIN REFERENCE DATA:124)
	at com.kms.katalon.core.main.ScriptEngine.run(ScriptEngine.java:194)
	at com.kms.katalon.core.main.ScriptEngine.runScriptAsRawText(ScriptEngine.java:119)
	at com.kms.katalon.core.main.TestCaseExecutor.runScript(TestCaseExecutor.java:339)
	at com.kms.katalon.core.main.TestCaseExecutor.doExecute(TestCaseExecutor.java:330)
	at com.kms.katalon.core.main.TestCaseExecutor.processExecutionPhase(TestCaseExecutor.java:309)
	at com.kms.katalon.core.main.TestCaseExecutor.accessMainPhase(TestCaseExecutor.java:301)
	at com.kms.katalon.core.main.TestCaseExecutor.execute(TestCaseExecutor.java:235)
	at com.kms.katalon.core.main.TestSuiteExecutor.accessTestCaseMainPhase(TestSuiteExecutor.java:191)
	at com.kms.katalon.core.main.TestSuiteExecutor.accessTestSuiteMainPhase(TestSuiteExecutor.java:141)
	at com.kms.katalon.core.main.TestSuiteExecutor.execute(TestSuiteExecutor.java:90)
	at com.kms.katalon.core.main.TestCaseMain.startTestSuite(TestCaseMain.java:157)
	at com.kms.katalon.core.main.TestCaseMain$startTestSuite$0.call(Unknown Source)
	at TempTestSuite1601216121039.run(TempTestSuite1601216121039.groovy:39)
Caused by: com.kms.katalon.core.webui.exception.WebElementNotFoundException: Web element with id: 'Object Repository/FDR-VoucherEntry/DistributionLine/account' located by '//input[@id='accountId']' not found
	at com.kms.katalon.core.webui.common.WebUiCommonHelper.findWebElement(WebUiCommonHelper.java:1368)
	at com.kms.katalon.core.webui.keyword.internal.WebUIAbstractKeyword.findWebElement(WebUIAbstractKeyword.groovy:27)
	at com.kms.katalon.core.webui.keyword.internal.WebUIAbstractKeyword.findWebElement(WebUIAbstractKeyword.groovy:26)
	at com.kms.katalon.core.webui.keyword.builtin.SendKeysKeyword$_sendKeys_closure1.doCall(SendKeysKeyword.groovy:52)
	at com.kms.katalon.core.webui.keyword.builtin.SendKeysKeyword$_sendKeys_closure1.call(SendKeysKeyword.groovy)
	at com.kms.katalon.core.webui.keyword.internal.WebUIKeywordMain.runKeyword(WebUIKeywordMain.groovy:20)
	at com.kms.katalon.core.webui.keyword.builtin.SendKeysKeyword.sendKeys(SendKeysKeyword.groovy:60)
	at com.kms.katalon.core.webui.keyword.builtin.SendKeysKeyword.execute(SendKeysKeyword.groovy:38)
	at com.kms.katalon.core.keyword.internal.KeywordExecutor.executeKeywordForPlatform(KeywordExecutor.groovy:73)
	at com.kms.katalon.core.webui.keyword.WebUiBuiltInKeywords.sendKeys(WebUiBuiltInKeywords.groovy:860)
	at com.kms.katalon.core.webui.keyword.WebUiBuiltInKeywords$sendKeys$7.call(Unknown Source)
	at Script1600987140132.run(Script1600987140132.groovy:124)
	... 13 more
)
[[ATTACHMENT|C:\\GitHub\\FDR-Katalon-Regression\\Reports\\20200927_071521\\FDR_E2E-REGRESSION-TESTS\\20200927_071521\\1601216732663.png]]

2020-09-27 07:25:33 - [TEST_STEP][PASSED] - delay(2): Delayed 2 second(s)

2020-09-27 07:25:35 - [MESSAGE][PASSED] - Delayed 2 second(s)

2020-09-27 07:25:35 - [TEST_STEP][PASSED] - waitForElementPresent(findTestObject("FDR-VoucherEntry/DistributionLine/altAccount"), 2): Object 'Object Repository/FDR-VoucherEntry/DistributionLine/altAccount' is not present after 2 second(s)

2020-09-27 07:25:38 - [MESSAGE][INFO] - Unable to find the element located by 'By.xpath: //input[@id='altAccountId']'. Please recheck the objects properties to make sure the desired element is located. 

2020-09-27 07:25:38 - [MESSAGE][WARNING] - Object 'Object Repository/FDR-VoucherEntry/DistributionLine/altAccount' is not present after 2 second(s)

2020-09-27 07:25:38 - [TEST_STEP][FAILED] - click(findTestObject("FDR-VoucherEntry/DistributionLine/altAccount")): Unable to click on object 'Object Repository/FDR-VoucherEntry/DistributionLine/altAccount' (Root cause: com.kms.katalon.core.exception.StepFailedException: Unable to click on object 'Object Repository/FDR-VoucherEntry/DistributionLine/altAccount'
	at com.kms.katalon.core.webui.keyword.internal.WebUIKeywordMain.stepFailed(WebUIKeywordMain.groovy:64)
	at com.kms.katalon.core.webui.keyword.internal.WebUIKeywordMain.runKeyword(WebUIKeywordMain.groovy:26)
	at com.kms.katalon.core.webui.keyword.builtin.ClickKeyword.click(ClickKeyword.groovy:76)
	at com.kms.katalon.core.webui.keyword.builtin.ClickKeyword.execute(ClickKeyword.groovy:43)
	at com.kms.katalon.core.keyword.internal.KeywordExecutor.executeKeywordForPlatform(KeywordExecutor.groovy:73)
	at com.kms.katalon.core.webui.keyword.WebUiBuiltInKeywords.click(WebUiBuiltInKeywords.groovy:616)
	at com.kms.katalon.core.webui.keyword.WebUiBuiltInKeywords$click$5.call(Unknown Source)
	at TC_5-FDR_E2E-FDR-2938-SYSTEM ADMIN REFERENCE DATA.run(TC_5-FDR_E2E-FDR-2938-SYSTEM ADMIN REFERENCE DATA:127)
	at com.kms.katalon.core.main.ScriptEngine.run(ScriptEngine.java:194)
	at com.kms.katalon.core.main.ScriptEngine.runScriptAsRawText(ScriptEngine.java:119)
	at com.kms.katalon.core.main.TestCaseExecutor.runScript(TestCaseExecutor.java:339)
	at com.kms.katalon.core.main.TestCaseExecutor.doExecute(TestCaseExecutor.java:330)
	at com.kms.katalon.core.main.TestCaseExecutor.processExecutionPhase(TestCaseExecutor.java:309)
	at com.kms.katalon.core.main.TestCaseExecutor.accessMainPhase(TestCaseExecutor.java:301)
	at com.kms.katalon.core.main.TestCaseExecutor.execute(TestCaseExecutor.java:235)
	at com.kms.katalon.core.main.TestSuiteExecutor.accessTestCaseMainPhase(TestSuiteExecutor.java:191)
	at com.kms.katalon.core.main.TestSuiteExecutor.accessTestSuiteMainPhase(TestSuiteExecutor.java:141)
	at com.kms.katalon.core.main.TestSuiteExecutor.execute(TestSuiteExecutor.java:90)
	at com.kms.katalon.core.main.TestCaseMain.startTestSuite(TestCaseMain.java:157)
	at com.kms.katalon.core.main.TestCaseMain$startTestSuite$0.call(Unknown Source)
	at TempTestSuite1601216121039.run(TempTestSuite1601216121039.groovy:39)
Caused by: com.kms.katalon.core.webui.exception.WebElementNotFoundException: Web element with id: 'Object Repository/FDR-VoucherEntry/DistributionLine/altAccount' located by '//input[@id='altAccountId']' not found
	at com.kms.katalon.core.webui.common.WebUiCommonHelper.findWebElement(WebUiCommonHelper.java:1368)
	at com.kms.katalon.core.webui.keyword.internal.WebUIAbstractKeyword.findWebElement(WebUIAbstractKeyword.groovy:27)
	at com.kms.katalon.core.webui.keyword.internal.WebUIAbstractKeyword.findWebElement(WebUIAbstractKeyword.groovy:26)
	at com.kms.katalon.core.webui.keyword.builtin.ClickKeyword$_click_closure1.doCall(ClickKeyword.groovy:67)
	at com.kms.katalon.core.webui.keyword.builtin.ClickKeyword$_click_closure1.call(ClickKeyword.groovy)
	at com.kms.katalon.core.webui.keyword.internal.WebUIKeywordMain.runKeyword(WebUIKeywordMain.groovy:20)
	at com.kms.katalon.core.webui.keyword.builtin.ClickKeyword.click(ClickKeyword.groovy:76)
	at com.kms.katalon.core.webui.keyword.builtin.ClickKeyword.execute(ClickKeyword.groovy:43)
	at com.kms.katalon.core.keyword.internal.KeywordExecutor.executeKeywordForPlatform(KeywordExecutor.groovy:73)
	at com.kms.katalon.core.webui.keyword.WebUiBuiltInKeywords.click(WebUiBuiltInKeywords.groovy:616)
	at com.kms.katalon.core.webui.keyword.WebUiBuiltInKeywords$click$5.call(Unknown Source)
	at Script1600987140132.run(Script1600987140132.groovy:127)
	... 13 more
)

2020-09-27 07:25:42 - [MESSAGE][INFO] - Unable to find the element located by 'By.xpath: //input[@id='altAccountId']'. Please recheck the objects properties to make sure the desired element is located. 

2020-09-27 07:25:42 - [MESSAGE][FAILED] - Unable to click on object 'Object Repository/FDR-VoucherEntry/DistributionLine/altAccount' (Root cause: com.kms.katalon.core.exception.StepFailedException: Unable to click on object 'Object Repository/FDR-VoucherEntry/DistributionLine/altAccount'
	at com.kms.katalon.core.webui.keyword.internal.WebUIKeywordMain.stepFailed(WebUIKeywordMain.groovy:64)
	at com.kms.katalon.core.webui.keyword.internal.WebUIKeywordMain.runKeyword(WebUIKeywordMain.groovy:26)
	at com.kms.katalon.core.webui.keyword.builtin.ClickKeyword.click(ClickKeyword.groovy:76)
	at com.kms.katalon.core.webui.keyword.builtin.ClickKeyword.execute(ClickKeyword.groovy:43)
	at com.kms.katalon.core.keyword.internal.KeywordExecutor.executeKeywordForPlatform(KeywordExecutor.groovy:73)
	at com.kms.katalon.core.webui.keyword.WebUiBuiltInKeywords.click(WebUiBuiltInKeywords.groovy:616)
	at com.kms.katalon.core.webui.keyword.WebUiBuiltInKeywords$click$5.call(Unknown Source)
	at TC_5-FDR_E2E-FDR-2938-SYSTEM ADMIN REFERENCE DATA.run(TC_5-FDR_E2E-FDR-2938-SYSTEM ADMIN REFERENCE DATA:127)
	at com.kms.katalon.core.main.ScriptEngine.run(ScriptEngine.java:194)
	at com.kms.katalon.core.main.ScriptEngine.runScriptAsRawText(ScriptEngine.java:119)
	at com.kms.katalon.core.main.TestCaseExecutor.runScript(TestCaseExecutor.java:339)
	at com.kms.katalon.core.main.TestCaseExecutor.doExecute(TestCaseExecutor.java:330)
	at com.kms.katalon.core.main.TestCaseExecutor.processExecutionPhase(TestCaseExecutor.java:309)
	at com.kms.katalon.core.main.TestCaseExecutor.accessMainPhase(TestCaseExecutor.java:301)
	at com.kms.katalon.core.main.TestCaseExecutor.execute(TestCaseExecutor.java:235)
	at com.kms.katalon.core.main.TestSuiteExecutor.accessTestCaseMainPhase(TestSuiteExecutor.java:191)
	at com.kms.katalon.core.main.TestSuiteExecutor.accessTestSuiteMainPhase(TestSuiteExecutor.java:141)
	at com.kms.katalon.core.main.TestSuiteExecutor.execute(TestSuiteExecutor.java:90)
	at com.kms.katalon.core.main.TestCaseMain.startTestSuite(TestCaseMain.java:157)
	at com.kms.katalon.core.main.TestCaseMain$startTestSuite$0.call(Unknown Source)
	at TempTestSuite1601216121039.run(TempTestSuite1601216121039.groovy:39)
Caused by: com.kms.katalon.core.webui.exception.WebElementNotFoundException: Web element with id: 'Object Repository/FDR-VoucherEntry/DistributionLine/altAccount' located by '//input[@id='altAccountId']' not found
	at com.kms.katalon.core.webui.common.WebUiCommonHelper.findWebElement(WebUiCommonHelper.java:1368)
	at com.kms.katalon.core.webui.keyword.internal.WebUIAbstractKeyword.findWebElement(WebUIAbstractKeyword.groovy:27)
	at com.kms.katalon.core.webui.keyword.internal.WebUIAbstractKeyword.findWebElement(WebUIAbstractKeyword.groovy:26)
	at com.kms.katalon.core.webui.keyword.builtin.ClickKeyword$_click_closure1.doCall(ClickKeyword.groovy:67)
	at com.kms.katalon.core.webui.keyword.builtin.ClickKeyword$_click_closure1.call(ClickKeyword.groovy)
	at com.kms.katalon.core.webui.keyword.internal.WebUIKeywordMain.runKeyword(WebUIKeywordMain.groovy:20)
	at com.kms.katalon.core.webui.keyword.builtin.ClickKeyword.click(ClickKeyword.groovy:76)
	at com.kms.katalon.core.webui.keyword.builtin.ClickKeyword.execute(ClickKeyword.groovy:43)
	at com.kms.katalon.core.keyword.internal.KeywordExecutor.executeKeywordForPlatform(KeywordExecutor.groovy:73)
	at com.kms.katalon.core.webui.keyword.WebUiBuiltInKeywords.click(WebUiBuiltInKeywords.groovy:616)
	at com.kms.katalon.core.webui.keyword.WebUiBuiltInKeywords$click$5.call(Unknown Source)
	at Script1600987140132.run(Script1600987140132.groovy:127)
	... 13 more
)
[[ATTACHMENT|C:\\GitHub\\FDR-Katalon-Regression\\Reports\\20200927_071521\\FDR_E2E-REGRESSION-TESTS\\20200927_071521\\1601216742275.png]]

2020-09-27 07:25:42 - [TEST_STEP][PASSED] - delay(2): Delayed 2 second(s)

2020-09-27 07:25:44 - [MESSAGE][PASSED] - Delayed 2 second(s)

2020-09-27 07:25:44 - [TEST_STEP][FAILED] - setText(findTestObject("FDR-VoucherEntry/DistributionLine/altAccount"), altAccountCode): Unable to set text '7030028515' of object 'Object Repository/FDR-VoucherEntry/DistributionLine/altAccount' (Root cause: com.kms.katalon.core.exception.StepFailedException: Unable to set text '7030028515' of object 'Object Repository/FDR-VoucherEntry/DistributionLine/altAccount'
	at com.kms.katalon.core.webui.keyword.internal.WebUIKeywordMain.stepFailed(WebUIKeywordMain.groovy:64)
	at com.kms.katalon.core.webui.keyword.internal.WebUIKeywordMain.runKeyword(WebUIKeywordMain.groovy:26)
	at com.kms.katalon.core.webui.keyword.builtin.SetTextKeyword.setText(SetTextKeyword.groovy:66)
	at com.kms.katalon.core.webui.keyword.builtin.SetTextKeyword.execute(SetTextKeyword.groovy:37)
	at com.kms.katalon.core.keyword.internal.KeywordExecutor.executeKeywordForPlatform(KeywordExecutor.groovy:73)
	at com.kms.katalon.core.webui.keyword.WebUiBuiltInKeywords.setText(WebUiBuiltInKeywords.groovy:976)
	at com.kms.katalon.core.webui.keyword.WebUiBuiltInKeywords$setText$3.call(Unknown Source)
	at TC_5-FDR_E2E-FDR-2938-SYSTEM ADMIN REFERENCE DATA.run(TC_5-FDR_E2E-FDR-2938-SYSTEM ADMIN REFERENCE DATA:129)
	at com.kms.katalon.core.main.ScriptEngine.run(ScriptEngine.java:194)
	at com.kms.katalon.core.main.ScriptEngine.runScriptAsRawText(ScriptEngine.java:119)
	at com.kms.katalon.core.main.TestCaseExecutor.runScript(TestCaseExecutor.java:339)
	at com.kms.katalon.core.main.TestCaseExecutor.doExecute(TestCaseExecutor.java:330)
	at com.kms.katalon.core.main.TestCaseExecutor.processExecutionPhase(TestCaseExecutor.java:309)
	at com.kms.katalon.core.main.TestCaseExecutor.accessMainPhase(TestCaseExecutor.java:301)
	at com.kms.katalon.core.main.TestCaseExecutor.execute(TestCaseExecutor.java:235)
	at com.kms.katalon.core.main.TestSuiteExecutor.accessTestCaseMainPhase(TestSuiteExecutor.java:191)
	at com.kms.katalon.core.main.TestSuiteExecutor.accessTestSuiteMainPhase(TestSuiteExecutor.java:141)
	at com.kms.katalon.core.main.TestSuiteExecutor.execute(TestSuiteExecutor.java:90)
	at com.kms.katalon.core.main.TestCaseMain.startTestSuite(TestCaseMain.java:157)
	at com.kms.katalon.core.main.TestCaseMain$startTestSuite$0.call(Unknown Source)
	at TempTestSuite1601216121039.run(TempTestSuite1601216121039.groovy:39)
Caused by: com.kms.katalon.core.webui.exception.WebElementNotFoundException: Web element with id: 'Object Repository/FDR-VoucherEntry/DistributionLine/altAccount' located by '//input[@id='altAccountId']' not found
	at com.kms.katalon.core.webui.common.WebUiCommonHelper.findWebElement(WebUiCommonHelper.java:1368)
	at com.kms.katalon.core.webui.keyword.internal.WebUIAbstractKeyword.findWebElement(WebUIAbstractKeyword.groovy:27)
	at com.kms.katalon.core.webui.keyword.internal.WebUIAbstractKeyword.findWebElement(WebUIAbstractKeyword.groovy:26)
	at com.kms.katalon.core.webui.keyword.builtin.SetTextKeyword$_setText_closure1.doCall(SetTextKeyword.groovy:51)
	at com.kms.katalon.core.webui.keyword.builtin.SetTextKeyword$_setText_closure1.call(SetTextKeyword.groovy)
	at com.kms.katalon.core.webui.keyword.internal.WebUIKeywordMain.runKeyword(WebUIKeywordMain.groovy:20)
	at com.kms.katalon.core.webui.keyword.builtin.SetTextKeyword.setText(SetTextKeyword.groovy:66)
	at com.kms.katalon.core.webui.keyword.builtin.SetTextKeyword.execute(SetTextKeyword.groovy:37)
	at com.kms.katalon.core.keyword.internal.KeywordExecutor.executeKeywordForPlatform(KeywordExecutor.groovy:73)
	at com.kms.katalon.core.webui.keyword.WebUiBuiltInKeywords.setText(WebUiBuiltInKeywords.groovy:976)
	at com.kms.katalon.core.webui.keyword.WebUiBuiltInKeywords$setText$3.call(Unknown Source)
	at Script1600987140132.run(Script1600987140132.groovy:129)
	... 13 more
)

2020-09-27 07:25:48 - [MESSAGE][INFO] - Unable to find the element located by 'By.xpath: //input[@id='altAccountId']'. Please recheck the objects properties to make sure the desired element is located. 

2020-09-27 07:25:49 - [MESSAGE][FAILED] - Unable to set text '7030028515' of object 'Object Repository/FDR-VoucherEntry/DistributionLine/altAccount' (Root cause: com.kms.katalon.core.exception.StepFailedException: Unable to set text '7030028515' of object 'Object Repository/FDR-VoucherEntry/DistributionLine/altAccount'
	at com.kms.katalon.core.webui.keyword.internal.WebUIKeywordMain.stepFailed(WebUIKeywordMain.groovy:64)
	at com.kms.katalon.core.webui.keyword.internal.WebUIKeywordMain.runKeyword(WebUIKeywordMain.groovy:26)
	at com.kms.katalon.core.webui.keyword.builtin.SetTextKeyword.setText(SetTextKeyword.groovy:66)
	at com.kms.katalon.core.webui.keyword.builtin.SetTextKeyword.execute(SetTextKeyword.groovy:37)
	at com.kms.katalon.core.keyword.internal.KeywordExecutor.executeKeywordForPlatform(KeywordExecutor.groovy:73)
	at com.kms.katalon.core.webui.keyword.WebUiBuiltInKeywords.setText(WebUiBuiltInKeywords.groovy:976)
	at com.kms.katalon.core.webui.keyword.WebUiBuiltInKeywords$setText$3.call(Unknown Source)
	at TC_5-FDR_E2E-FDR-2938-SYSTEM ADMIN REFERENCE DATA.run(TC_5-FDR_E2E-FDR-2938-SYSTEM ADMIN REFERENCE DATA:129)
	at com.kms.katalon.core.main.ScriptEngine.run(ScriptEngine.java:194)
	at com.kms.katalon.core.main.ScriptEngine.runScriptAsRawText(ScriptEngine.java:119)
	at com.kms.katalon.core.main.TestCaseExecutor.runScript(TestCaseExecutor.java:339)
	at com.kms.katalon.core.main.TestCaseExecutor.doExecute(TestCaseExecutor.java:330)
	at com.kms.katalon.core.main.TestCaseExecutor.processExecutionPhase(TestCaseExecutor.java:309)
	at com.kms.katalon.core.main.TestCaseExecutor.accessMainPhase(TestCaseExecutor.java:301)
	at com.kms.katalon.core.main.TestCaseExecutor.execute(TestCaseExecutor.java:235)
	at com.kms.katalon.core.main.TestSuiteExecutor.accessTestCaseMainPhase(TestSuiteExecutor.java:191)
	at com.kms.katalon.core.main.TestSuiteExecutor.accessTestSuiteMainPhase(TestSuiteExecutor.java:141)
	at com.kms.katalon.core.main.TestSuiteExecutor.execute(TestSuiteExecutor.java:90)
	at com.kms.katalon.core.main.TestCaseMain.startTestSuite(TestCaseMain.java:157)
	at com.kms.katalon.core.main.TestCaseMain$startTestSuite$0.call(Unknown Source)
	at TempTestSuite1601216121039.run(TempTestSuite1601216121039.groovy:39)
Caused by: com.kms.katalon.core.webui.exception.WebElementNotFoundException: Web element with id: 'Object Repository/FDR-VoucherEntry/DistributionLine/altAccount' located by '//input[@id='altAccountId']' not found
	at com.kms.katalon.core.webui.common.WebUiCommonHelper.findWebElement(WebUiCommonHelper.java:1368)
	at com.kms.katalon.core.webui.keyword.internal.WebUIAbstractKeyword.findWebElement(WebUIAbstractKeyword.groovy:27)
	at com.kms.katalon.core.webui.keyword.internal.WebUIAbstractKeyword.findWebElement(WebUIAbstractKeyword.groovy:26)
	at com.kms.katalon.core.webui.keyword.builtin.SetTextKeyword$_setText_closure1.doCall(SetTextKeyword.groovy:51)
	at com.kms.katalon.core.webui.keyword.builtin.SetTextKeyword$_setText_closure1.call(SetTextKeyword.groovy)
	at com.kms.katalon.core.webui.keyword.internal.WebUIKeywordMain.runKeyword(WebUIKeywordMain.groovy:20)
	at com.kms.katalon.core.webui.keyword.builtin.SetTextKeyword.setText(SetTextKeyword.groovy:66)
	at com.kms.katalon.core.webui.keyword.builtin.SetTextKeyword.execute(SetTextKeyword.groovy:37)
	at com.kms.katalon.core.keyword.internal.KeywordExecutor.executeKeywordForPlatform(KeywordExecutor.groovy:73)
	at com.kms.katalon.core.webui.keyword.WebUiBuiltInKeywords.setText(WebUiBuiltInKeywords.groovy:976)
	at com.kms.katalon.core.webui.keyword.WebUiBuiltInKeywords$setText$3.call(Unknown Source)
	at Script1600987140132.run(Script1600987140132.groovy:129)
	... 13 more
)
[[ATTACHMENT|C:\\GitHub\\FDR-Katalon-Regression\\Reports\\20200927_071521\\FDR_E2E-REGRESSION-TESTS\\20200927_071521\\1601216748898.png]]

2020-09-27 07:25:49 - [TEST_STEP][PASSED] - delay(1): Delayed 1 second(s)

2020-09-27 07:25:50 - [MESSAGE][PASSED] - Delayed 1 second(s)

2020-09-27 07:25:50 - [TEST_STEP][FAILED] - sendKeys(findTestObject("FDR-VoucherEntry/DistributionLine/altAccount"), Keys.chord(DOWN, ENTER)): Unable to send keys '' to object 'Object Repository/FDR-VoucherEntry/DistributionLine/altAccount' (Root cause: com.kms.katalon.core.exception.StepFailedException: Unable to send keys '' to object 'Object Repository/FDR-VoucherEntry/DistributionLine/altAccount'
	at com.kms.katalon.core.webui.keyword.internal.WebUIKeywordMain.stepFailed(WebUIKeywordMain.groovy:64)
	at com.kms.katalon.core.webui.keyword.internal.WebUIKeywordMain.runKeyword(WebUIKeywordMain.groovy:26)
	at com.kms.katalon.core.webui.keyword.builtin.SendKeysKeyword.sendKeys(SendKeysKeyword.groovy:60)
	at com.kms.katalon.core.webui.keyword.builtin.SendKeysKeyword.execute(SendKeysKeyword.groovy:38)
	at com.kms.katalon.core.keyword.internal.KeywordExecutor.executeKeywordForPlatform(KeywordExecutor.groovy:73)
	at com.kms.katalon.core.webui.keyword.WebUiBuiltInKeywords.sendKeys(WebUiBuiltInKeywords.groovy:860)
	at com.kms.katalon.core.webui.keyword.WebUiBuiltInKeywords$sendKeys$7.call(Unknown Source)
	at TC_5-FDR_E2E-FDR-2938-SYSTEM ADMIN REFERENCE DATA.run(TC_5-FDR_E2E-FDR-2938-SYSTEM ADMIN REFERENCE DATA:131)
	at com.kms.katalon.core.main.ScriptEngine.run(ScriptEngine.java:194)
	at com.kms.katalon.core.main.ScriptEngine.runScriptAsRawText(ScriptEngine.java:119)
	at com.kms.katalon.core.main.TestCaseExecutor.runScript(TestCaseExecutor.java:339)
	at com.kms.katalon.core.main.TestCaseExecutor.doExecute(TestCaseExecutor.java:330)
	at com.kms.katalon.core.main.TestCaseExecutor.processExecutionPhase(TestCaseExecutor.java:309)
	at com.kms.katalon.core.main.TestCaseExecutor.accessMainPhase(TestCaseExecutor.java:301)
	at com.kms.katalon.core.main.TestCaseExecutor.execute(TestCaseExecutor.java:235)
	at com.kms.katalon.core.main.TestSuiteExecutor.accessTestCaseMainPhase(TestSuiteExecutor.java:191)
	at com.kms.katalon.core.main.TestSuiteExecutor.accessTestSuiteMainPhase(TestSuiteExecutor.java:141)
	at com.kms.katalon.core.main.TestSuiteExecutor.execute(TestSuiteExecutor.java:90)
	at com.kms.katalon.core.main.TestCaseMain.startTestSuite(TestCaseMain.java:157)
	at com.kms.katalon.core.main.TestCaseMain$startTestSuite$0.call(Unknown Source)
	at TempTestSuite1601216121039.run(TempTestSuite1601216121039.groovy:39)
Caused by: com.kms.katalon.core.webui.exception.WebElementNotFoundException: Web element with id: 'Object Repository/FDR-VoucherEntry/DistributionLine/altAccount' located by '//input[@id='altAccountId']' not found
	at com.kms.katalon.core.webui.common.WebUiCommonHelper.findWebElement(WebUiCommonHelper.java:1368)
	at com.kms.katalon.core.webui.keyword.internal.WebUIAbstractKeyword.findWebElement(WebUIAbstractKeyword.groovy:27)
	at com.kms.katalon.core.webui.keyword.internal.WebUIAbstractKeyword.findWebElement(WebUIAbstractKeyword.groovy:26)
	at com.kms.katalon.core.webui.keyword.builtin.SendKeysKeyword$_sendKeys_closure1.doCall(SendKeysKeyword.groovy:52)
	at com.kms.katalon.core.webui.keyword.builtin.SendKeysKeyword$_sendKeys_closure1.call(SendKeysKeyword.groovy)
	at com.kms.katalon.core.webui.keyword.internal.WebUIKeywordMain.runKeyword(WebUIKeywordMain.groovy:20)
	at com.kms.katalon.core.webui.keyword.builtin.SendKeysKeyword.sendKeys(SendKeysKeyword.groovy:60)
	at com.kms.katalon.core.webui.keyword.builtin.SendKeysKeyword.execute(SendKeysKeyword.groovy:38)
	at com.kms.katalon.core.keyword.internal.KeywordExecutor.executeKeywordForPlatform(KeywordExecutor.groovy:73)
	at com.kms.katalon.core.webui.keyword.WebUiBuiltInKeywords.sendKeys(WebUiBuiltInKeywords.groovy:860)
	at com.kms.katalon.core.webui.keyword.WebUiBuiltInKeywords$sendKeys$7.call(Unknown Source)
	at Script1600987140132.run(Script1600987140132.groovy:131)
	... 13 more
)

2020-09-27 07:25:54 - [MESSAGE][INFO] - Unable to find the element located by 'By.xpath: //input[@id='altAccountId']'. Please recheck the objects properties to make sure the desired element is located. 

2020-09-27 07:25:54 - [MESSAGE][FAILED] - Unable to send keys '' to object 'Object Repository/FDR-VoucherEntry/DistributionLine/altAccount' (Root cause: com.kms.katalon.core.exception.StepFailedException: Unable to send keys '' to object 'Object Repository/FDR-VoucherEntry/DistributionLine/altAccount'
	at com.kms.katalon.core.webui.keyword.internal.WebUIKeywordMain.stepFailed(WebUIKeywordMain.groovy:64)
	at com.kms.katalon.core.webui.keyword.internal.WebUIKeywordMain.runKeyword(WebUIKeywordMain.groovy:26)
	at com.kms.katalon.core.webui.keyword.builtin.SendKeysKeyword.sendKeys(SendKeysKeyword.groovy:60)
	at com.kms.katalon.core.webui.keyword.builtin.SendKeysKeyword.execute(SendKeysKeyword.groovy:38)
	at com.kms.katalon.core.keyword.internal.KeywordExecutor.executeKeywordForPlatform(KeywordExecutor.groovy:73)
	at com.kms.katalon.core.webui.keyword.WebUiBuiltInKeywords.sendKeys(WebUiBuiltInKeywords.groovy:860)
	at com.kms.katalon.core.webui.keyword.WebUiBuiltInKeywords$sendKeys$7.call(Unknown Source)
	at TC_5-FDR_E2E-FDR-2938-SYSTEM ADMIN REFERENCE DATA.run(TC_5-FDR_E2E-FDR-2938-SYSTEM ADMIN REFERENCE DATA:131)
	at com.kms.katalon.core.main.ScriptEngine.run(ScriptEngine.java:194)
	at com.kms.katalon.core.main.ScriptEngine.runScriptAsRawText(ScriptEngine.java:119)
	at com.kms.katalon.core.main.TestCaseExecutor.runScript(TestCaseExecutor.java:339)
	at com.kms.katalon.core.main.TestCaseExecutor.doExecute(TestCaseExecutor.java:330)
	at com.kms.katalon.core.main.TestCaseExecutor.processExecutionPhase(TestCaseExecutor.java:309)
	at com.kms.katalon.core.main.TestCaseExecutor.accessMainPhase(TestCaseExecutor.java:301)
	at com.kms.katalon.core.main.TestCaseExecutor.execute(TestCaseExecutor.java:235)
	at com.kms.katalon.core.main.TestSuiteExecutor.accessTestCaseMainPhase(TestSuiteExecutor.java:191)
	at com.kms.katalon.core.main.TestSuiteExecutor.accessTestSuiteMainPhase(TestSuiteExecutor.java:141)
	at com.kms.katalon.core.main.TestSuiteExecutor.execute(TestSuiteExecutor.java:90)
	at com.kms.katalon.core.main.TestCaseMain.startTestSuite(TestCaseMain.java:157)
	at com.kms.katalon.core.main.TestCaseMain$startTestSuite$0.call(Unknown Source)
	at TempTestSuite1601216121039.run(TempTestSuite1601216121039.groovy:39)
Caused by: com.kms.katalon.core.webui.exception.WebElementNotFoundException: Web element with id: 'Object Repository/FDR-VoucherEntry/DistributionLine/altAccount' located by '//input[@id='altAccountId']' not found
	at com.kms.katalon.core.webui.common.WebUiCommonHelper.findWebElement(WebUiCommonHelper.java:1368)
	at com.kms.katalon.core.webui.keyword.internal.WebUIAbstractKeyword.findWebElement(WebUIAbstractKeyword.groovy:27)
	at com.kms.katalon.core.webui.keyword.internal.WebUIAbstractKeyword.findWebElement(WebUIAbstractKeyword.groovy:26)
	at com.kms.katalon.core.webui.keyword.builtin.SendKeysKeyword$_sendKeys_closure1.doCall(SendKeysKeyword.groovy:52)
	at com.kms.katalon.core.webui.keyword.builtin.SendKeysKeyword$_sendKeys_closure1.call(SendKeysKeyword.groovy)
	at com.kms.katalon.core.webui.keyword.internal.WebUIKeywordMain.runKeyword(WebUIKeywordMain.groovy:20)
	at com.kms.katalon.core.webui.keyword.builtin.SendKeysKeyword.sendKeys(SendKeysKeyword.groovy:60)
	at com.kms.katalon.core.webui.keyword.builtin.SendKeysKeyword.execute(SendKeysKeyword.groovy:38)
	at com.kms.katalon.core.keyword.internal.KeywordExecutor.executeKeywordForPlatform(KeywordExecutor.groovy:73)
	at com.kms.katalon.core.webui.keyword.WebUiBuiltInKeywords.sendKeys(WebUiBuiltInKeywords.groovy:860)
	at com.kms.katalon.core.webui.keyword.WebUiBuiltInKeywords$sendKeys$7.call(Unknown Source)
	at Script1600987140132.run(Script1600987140132.groovy:131)
	... 13 more
)
[[ATTACHMENT|C:\\GitHub\\FDR-Katalon-Regression\\Reports\\20200927_071521\\FDR_E2E-REGRESSION-TESTS\\20200927_071521\\1601216754526.png]]

2020-09-27 07:25:54 - [TEST_STEP][FAILED] - click(findTestObject("Object Repository/FDR-EditVoucher/dlSaveButton")): Unable to click on object 'Object Repository/FDR-EditVoucher/dlSaveButton' (Root cause: com.kms.katalon.core.exception.StepFailedException: Unable to click on object 'Object Repository/FDR-EditVoucher/dlSaveButton'
	at com.kms.katalon.core.webui.keyword.internal.WebUIKeywordMain.stepFailed(WebUIKeywordMain.groovy:64)
	at com.kms.katalon.core.webui.keyword.internal.WebUIKeywordMain.runKeyword(WebUIKeywordMain.groovy:26)
	at com.kms.katalon.core.webui.keyword.builtin.ClickKeyword.click(ClickKeyword.groovy:76)
	at com.kms.katalon.core.webui.keyword.builtin.ClickKeyword.execute(ClickKeyword.groovy:43)
	at com.kms.katalon.core.keyword.internal.KeywordExecutor.executeKeywordForPlatform(KeywordExecutor.groovy:73)
	at com.kms.katalon.core.webui.keyword.WebUiBuiltInKeywords.click(WebUiBuiltInKeywords.groovy:616)
	at com.kms.katalon.core.webui.keyword.WebUiBuiltInKeywords$click$5.call(Unknown Source)
	at TC_5-FDR_E2E-FDR-2938-SYSTEM ADMIN REFERENCE DATA.run(TC_5-FDR_E2E-FDR-2938-SYSTEM ADMIN REFERENCE DATA:134)
	at com.kms.katalon.core.main.ScriptEngine.run(ScriptEngine.java:194)
	at com.kms.katalon.core.main.ScriptEngine.runScriptAsRawText(ScriptEngine.java:119)
	at com.kms.katalon.core.main.TestCaseExecutor.runScript(TestCaseExecutor.java:339)
	at com.kms.katalon.core.main.TestCaseExecutor.doExecute(TestCaseExecutor.java:330)
	at com.kms.katalon.core.main.TestCaseExecutor.processExecutionPhase(TestCaseExecutor.java:309)
	at com.kms.katalon.core.main.TestCaseExecutor.accessMainPhase(TestCaseExecutor.java:301)
	at com.kms.katalon.core.main.TestCaseExecutor.execute(TestCaseExecutor.java:235)
	at com.kms.katalon.core.main.TestSuiteExecutor.accessTestCaseMainPhase(TestSuiteExecutor.java:191)
	at com.kms.katalon.core.main.TestSuiteExecutor.accessTestSuiteMainPhase(TestSuiteExecutor.java:141)
	at com.kms.katalon.core.main.TestSuiteExecutor.execute(TestSuiteExecutor.java:90)
	at com.kms.katalon.core.main.TestCaseMain.startTestSuite(TestCaseMain.java:157)
	at com.kms.katalon.core.main.TestCaseMain$startTestSuite$0.call(Unknown Source)
	at TempTestSuite1601216121039.run(TempTestSuite1601216121039.groovy:39)
Caused by: com.kms.katalon.core.webui.exception.WebElementNotFoundException: Web element with id: 'Object Repository/FDR-EditVoucher/dlSaveButton' located by '//*[@data-id='action-button']//*[contains(text(),'Save')]' not found
	at com.kms.katalon.core.webui.common.WebUiCommonHelper.findWebElement(WebUiCommonHelper.java:1368)
	at com.kms.katalon.core.webui.keyword.internal.WebUIAbstractKeyword.findWebElement(WebUIAbstractKeyword.groovy:27)
	at com.kms.katalon.core.webui.keyword.internal.WebUIAbstractKeyword.findWebElement(WebUIAbstractKeyword.groovy:26)
	at com.kms.katalon.core.webui.keyword.builtin.ClickKeyword$_click_closure1.doCall(ClickKeyword.groovy:67)
	at com.kms.katalon.core.webui.keyword.builtin.ClickKeyword$_click_closure1.call(ClickKeyword.groovy)
	at com.kms.katalon.core.webui.keyword.internal.WebUIKeywordMain.runKeyword(WebUIKeywordMain.groovy:20)
	at com.kms.katalon.core.webui.keyword.builtin.ClickKeyword.click(ClickKeyword.groovy:76)
	at com.kms.katalon.core.webui.keyword.builtin.ClickKeyword.execute(ClickKeyword.groovy:43)
	at com.kms.katalon.core.keyword.internal.KeywordExecutor.executeKeywordForPlatform(KeywordExecutor.groovy:73)
	at com.kms.katalon.core.webui.keyword.WebUiBuiltInKeywords.click(WebUiBuiltInKeywords.groovy:616)
	at com.kms.katalon.core.webui.keyword.WebUiBuiltInKeywords$click$5.call(Unknown Source)
	at Script1600987140132.run(Script1600987140132.groovy:134)
	... 13 more
)

2020-09-27 07:25:59 - [MESSAGE][INFO] - Unable to find the element located by 'By.xpath: //*[@data-id='action-button']//*[contains(text(),'Save')]'. Please recheck the objects properties to make sure the desired element is located. 

2020-09-27 07:25:59 - [MESSAGE][FAILED] - Unable to click on object 'Object Repository/FDR-EditVoucher/dlSaveButton' (Root cause: com.kms.katalon.core.exception.StepFailedException: Unable to click on object 'Object Repository/FDR-EditVoucher/dlSaveButton'
	at com.kms.katalon.core.webui.keyword.internal.WebUIKeywordMain.stepFailed(WebUIKeywordMain.groovy:64)
	at com.kms.katalon.core.webui.keyword.internal.WebUIKeywordMain.runKeyword(WebUIKeywordMain.groovy:26)
	at com.kms.katalon.core.webui.keyword.builtin.ClickKeyword.click(ClickKeyword.groovy:76)
	at com.kms.katalon.core.webui.keyword.builtin.ClickKeyword.execute(ClickKeyword.groovy:43)
	at com.kms.katalon.core.keyword.internal.KeywordExecutor.executeKeywordForPlatform(KeywordExecutor.groovy:73)
	at com.kms.katalon.core.webui.keyword.WebUiBuiltInKeywords.click(WebUiBuiltInKeywords.groovy:616)
	at com.kms.katalon.core.webui.keyword.WebUiBuiltInKeywords$click$5.call(Unknown Source)
	at TC_5-FDR_E2E-FDR-2938-SYSTEM ADMIN REFERENCE DATA.run(TC_5-FDR_E2E-FDR-2938-SYSTEM ADMIN REFERENCE DATA:134)
	at com.kms.katalon.core.main.ScriptEngine.run(ScriptEngine.java:194)
	at com.kms.katalon.core.main.ScriptEngine.runScriptAsRawText(ScriptEngine.java:119)
	at com.kms.katalon.core.main.TestCaseExecutor.runScript(TestCaseExecutor.java:339)
	at com.kms.katalon.core.main.TestCaseExecutor.doExecute(TestCaseExecutor.java:330)
	at com.kms.katalon.core.main.TestCaseExecutor.processExecutionPhase(TestCaseExecutor.java:309)
	at com.kms.katalon.core.main.TestCaseExecutor.accessMainPhase(TestCaseExecutor.java:301)
	at com.kms.katalon.core.main.TestCaseExecutor.execute(TestCaseExecutor.java:235)
	at com.kms.katalon.core.main.TestSuiteExecutor.accessTestCaseMainPhase(TestSuiteExecutor.java:191)
	at com.kms.katalon.core.main.TestSuiteExecutor.accessTestSuiteMainPhase(TestSuiteExecutor.java:141)
	at com.kms.katalon.core.main.TestSuiteExecutor.execute(TestSuiteExecutor.java:90)
	at com.kms.katalon.core.main.TestCaseMain.startTestSuite(TestCaseMain.java:157)
	at com.kms.katalon.core.main.TestCaseMain$startTestSuite$0.call(Unknown Source)
	at TempTestSuite1601216121039.run(TempTestSuite1601216121039.groovy:39)
Caused by: com.kms.katalon.core.webui.exception.WebElementNotFoundException: Web element with id: 'Object Repository/FDR-EditVoucher/dlSaveButton' located by '//*[@data-id='action-button']//*[contains(text(),'Save')]' not found
	at com.kms.katalon.core.webui.common.WebUiCommonHelper.findWebElement(WebUiCommonHelper.java:1368)
	at com.kms.katalon.core.webui.keyword.internal.WebUIAbstractKeyword.findWebElement(WebUIAbstractKeyword.groovy:27)
	at com.kms.katalon.core.webui.keyword.internal.WebUIAbstractKeyword.findWebElement(WebUIAbstractKeyword.groovy:26)
	at com.kms.katalon.core.webui.keyword.builtin.ClickKeyword$_click_closure1.doCall(ClickKeyword.groovy:67)
	at com.kms.katalon.core.webui.keyword.builtin.ClickKeyword$_click_closure1.call(ClickKeyword.groovy)
	at com.kms.katalon.core.webui.keyword.internal.WebUIKeywordMain.runKeyword(WebUIKeywordMain.groovy:20)
	at com.kms.katalon.core.webui.keyword.builtin.ClickKeyword.click(ClickKeyword.groovy:76)
	at com.kms.katalon.core.webui.keyword.builtin.ClickKeyword.execute(ClickKeyword.groovy:43)
	at com.kms.katalon.core.keyword.internal.KeywordExecutor.executeKeywordForPlatform(KeywordExecutor.groovy:73)
	at com.kms.katalon.core.webui.keyword.WebUiBuiltInKeywords.click(WebUiBuiltInKeywords.groovy:616)
	at com.kms.katalon.core.webui.keyword.WebUiBuiltInKeywords$click$5.call(Unknown Source)
	at Script1600987140132.run(Script1600987140132.groovy:134)
	... 13 more
)
[[ATTACHMENT|C:\\GitHub\\FDR-Katalon-Regression\\Reports\\20200927_071521\\FDR_E2E-REGRESSION-TESTS\\20200927_071521\\1601216759118.png]]

2020-09-27 07:25:59 - [TEST_STEP][PASSED] - click(findTestObject("Object Repository/FDR-VoucherEntry/VoucherHeader/reviewButton")): Object: 'Object Repository/FDR-VoucherEntry/VoucherHeader/reviewButton' is clicked on

2020-09-27 07:25:59 - [MESSAGE][PASSED] - Object: 'Object Repository/FDR-VoucherEntry/VoucherHeader/reviewButton' is clicked on

2020-09-27 07:25:59 - [TEST_STEP][PASSED] - click(findTestObject("Object Repository/FDR-Vouchers-States/Resume/submitForApproval")): Object: 'Object Repository/FDR-Vouchers-States/Resume/submitForApproval' is clicked on

2020-09-27 07:26:00 - [MESSAGE][PASSED] - Object: 'Object Repository/FDR-Vouchers-States/Resume/submitForApproval' is clicked on

2020-09-27 07:26:00 - [TEST_STEP][PASSED] - click(findTestObject("FDR-Dashboard/Filters/clearFilterButton")): Object: 'Object Repository/FDR-Dashboard/Filters/clearFilterButton' is clicked on

2020-09-27 07:26:03 - [MESSAGE][PASSED] - Object: 'Object Repository/FDR-Dashboard/Filters/clearFilterButton' is clicked on

2020-09-27 07:26:03 - [TEST_STEP][PASSED] - commonFunctions.logout(): Browser is closed

2020-09-27 07:26:03 - [MESSAGE][PASSED] - Browser is closed

2020-09-27 07:26:03 - [TEST_STEP][PASSED] - Start listener action : sampleAfterTestCase: null

2020-09-27 07:26:03 - [TEST_STEP][PASSED] - profileName = getExecutionProfile(): null

2020-09-27 07:26:03 - [TEST_STEP][PASSED] - switch (profileName): null

2020-09-27 07:26:03 - [TEST_STEP][PASSED] - case "superUser":: null

2020-09-27 07:26:03 - [TEST_STEP][PASSED] - return null: null

2020-09-27 07:26:03 - [TEST_STEP][PASSED] - Start listener action : afterTestCase: null

2020-09-27 07:26:03 - [TEST_STEP][PASSED] - profileName = getExecutionProfile(): null

2020-09-27 07:26:03 - [TEST_STEP][PASSED] - if (profileName.equalsIgnoreCase("SysAdmin")): null

2020-09-27 07:26:03 - [TEST_STEP][PASSED] - Start listener action : sampleAfterTestCase: null

2020-09-27 07:26:03 - [TEST_STEP][PASSED] - profileName = getExecutionProfile(): null

2020-09-27 07:26:03 - [TEST_STEP][PASSED] - switch (profileName): null

2020-09-27 07:26:03 - [TEST_STEP][PASSED] - Default: null

2020-09-27 07:26:03 - [TEST_STEP][PASSED] - return null: null

2020-09-27 07:26:03 - [TEST_STEP][PASSED] - Start listener action : addFailedTCToList: null]]></system-out>
         <system-err><![CDATA[2020-09-27 07:23:42 - [TEST_CASE][FAILED] - Test Cases/FDR_E2E-REGRESSION-TESTS/TC_5-FDR_E2E-FDR-2938-SYSTEM ADMIN REFERENCE DATA: Test Cases/FDR_E2E-REGRESSION-TESTS/TC_5-FDR_E2E-FDR-2938-SYSTEM ADMIN REFERENCE DATA FAILED.
Reason:
com.kms.katalon.core.exception.StepFailedException: Unable to click on object 'Object Repository/FDR-VoucherEntry/InvoiceLine/invoiceLineExpandButton' (Root cause: com.kms.katalon.core.exception.StepFailedException: Unable to click on object 'Object Repository/FDR-VoucherEntry/InvoiceLine/invoiceLineExpandButton'
	at com.kms.katalon.core.webui.keyword.internal.WebUIKeywordMain.stepFailed(WebUIKeywordMain.groovy:64)
	at com.kms.katalon.core.webui.keyword.internal.WebUIKeywordMain.runKeyword(WebUIKeywordMain.groovy:26)
	at com.kms.katalon.core.webui.keyword.builtin.ClickKeyword.click(ClickKeyword.groovy:76)
	at com.kms.katalon.core.webui.keyword.builtin.ClickKeyword.execute(ClickKeyword.groovy:43)
	at com.kms.katalon.core.keyword.internal.KeywordExecutor.executeKeywordForPlatform(KeywordExecutor.groovy:73)
	at com.kms.katalon.core.webui.keyword.WebUiBuiltInKeywords.click(WebUiBuiltInKeywords.groovy:616)
	at com.kms.katalon.core.webui.keyword.WebUiBuiltInKeywords$click$5.call(Unknown Source)
	at TC_5-FDR_E2E-FDR-2938-SYSTEM ADMIN REFERENCE DATA.run(TC_5-FDR_E2E-FDR-2938-SYSTEM ADMIN REFERENCE DATA:104)
	at com.kms.katalon.core.main.ScriptEngine.run(ScriptEngine.java:194)
	at com.kms.katalon.core.main.ScriptEngine.runScriptAsRawText(ScriptEngine.java:119)
	at com.kms.katalon.core.main.TestCaseExecutor.runScript(TestCaseExecutor.java:339)
	at com.kms.katalon.core.main.TestCaseExecutor.doExecute(TestCaseExecutor.java:330)
	at com.kms.katalon.core.main.TestCaseExecutor.processExecutionPhase(TestCaseExecutor.java:309)
	at com.kms.katalon.core.main.TestCaseExecutor.accessMainPhase(TestCaseExecutor.java:301)
	at com.kms.katalon.core.main.TestCaseExecutor.execute(TestCaseExecutor.java:235)
	at com.kms.katalon.core.main.TestSuiteExecutor.accessTestCaseMainPhase(TestSuiteExecutor.java:191)
	at com.kms.katalon.core.main.TestSuiteExecutor.accessTestSuiteMainPhase(TestSuiteExecutor.java:141)
	at com.kms.katalon.core.main.TestSuiteExecutor.execute(TestSuiteExecutor.java:90)
	at com.kms.katalon.core.main.TestCaseMain.startTestSuite(TestCaseMain.java:157)
	at com.kms.katalon.core.main.TestCaseMain$startTestSuite$0.call(Unknown Source)
	at TempTestSuite1601216121039.run(TempTestSuite1601216121039.groovy:39)
Caused by: com.kms.katalon.core.webui.exception.WebElementNotFoundException: Web element with id: 'Object Repository/FDR-VoucherEntry/InvoiceLine/invoiceLineExpandButton' located by '(//*[contains(@class,'MuiExpansionPanel-root')])[1]//*[contains(@class,'expandIcon')]' not found
	at com.kms.katalon.core.webui.common.WebUiCommonHelper.findWebElement(WebUiCommonHelper.java:1368)
	at com.kms.katalon.core.webui.keyword.internal.WebUIAbstractKeyword.findWebElement(WebUIAbstractKeyword.groovy:27)
	at com.kms.katalon.core.webui.keyword.internal.WebUIAbstractKeyword.findWebElement(WebUIAbstractKeyword.groovy:26)
	at com.kms.katalon.core.webui.keyword.builtin.ClickKeyword$_click_closure1.doCall(ClickKeyword.groovy:67)
	at com.kms.katalon.core.webui.keyword.builtin.ClickKeyword$_click_closure1.call(ClickKeyword.groovy)
	at com.kms.katalon.core.webui.keyword.internal.WebUIKeywordMain.runKeyword(WebUIKeywordMain.groovy:20)
	at com.kms.katalon.core.webui.keyword.builtin.ClickKeyword.click(ClickKeyword.groovy:76)
	at com.kms.katalon.core.webui.keyword.builtin.ClickKeyword.execute(ClickKeyword.groovy:43)
	at com.kms.katalon.core.keyword.internal.KeywordExecutor.executeKeywordForPlatform(KeywordExecutor.groovy:73)
	at com.kms.katalon.core.webui.keyword.WebUiBuiltInKeywords.click(WebUiBuiltInKeywords.groovy:616)
	at com.kms.katalon.core.webui.keyword.WebUiBuiltInKeywords$click$5.call(Unknown Source)
	at Script1600987140132.run(Script1600987140132.groovy:104)
	... 13 more
)
	at com.kms.katalon.core.keyword.internal.KeywordMain.stepFailed(KeywordMain.groovy:39)
	at com.kms.katalon.core.webui.keyword.internal.WebUIKeywordMain.stepFailed(WebUIKeywordMain.groovy:64)
	at com.kms.katalon.core.webui.keyword.internal.WebUIKeywordMain.runKeyword(WebUIKeywordMain.groovy:26)
	at com.kms.katalon.core.webui.keyword.builtin.ClickKeyword.click(ClickKeyword.groovy:76)
	at com.kms.katalon.core.webui.keyword.builtin.ClickKeyword.execute(ClickKeyword.groovy:43)
	at com.kms.katalon.core.keyword.internal.KeywordExecutor.executeKeywordForPlatform(KeywordExecutor.groovy:73)
	at com.kms.katalon.core.webui.keyword.WebUiBuiltInKeywords.click(WebUiBuiltInKeywords.groovy:616)
	at com.kms.katalon.core.webui.keyword.WebUiBuiltInKeywords$click$5.call(Unknown Source)
	at TC_5-FDR_E2E-FDR-2938-SYSTEM ADMIN REFERENCE DATA.run(TC_5-FDR_E2E-FDR-2938-SYSTEM ADMIN REFERENCE DATA:104)
	at com.kms.katalon.core.main.ScriptEngine.run(ScriptEngine.java:194)
	at com.kms.katalon.core.main.ScriptEngine.runScriptAsRawText(ScriptEngine.java:119)
	at com.kms.katalon.core.main.TestCaseExecutor.runScript(TestCaseExecutor.java:339)
	at com.kms.katalon.core.main.TestCaseExecutor.doExecute(TestCaseExecutor.java:330)
	at com.kms.katalon.core.main.TestCaseExecutor.processExecutionPhase(TestCaseExecutor.java:309)
	at com.kms.katalon.core.main.TestCaseExecutor.accessMainPhase(TestCaseExecutor.java:301)
	at com.kms.katalon.core.main.TestCaseExecutor.execute(TestCaseExecutor.java:235)
	at com.kms.katalon.core.main.TestSuiteExecutor.accessTestCaseMainPhase(TestSuiteExecutor.java:191)
	at com.kms.katalon.core.main.TestSuiteExecutor.accessTestSuiteMainPhase(TestSuiteExecutor.java:141)
	at com.kms.katalon.core.main.TestSuiteExecutor.execute(TestSuiteExecutor.java:90)
	at com.kms.katalon.core.main.TestCaseMain.startTestSuite(TestCaseMain.java:157)
	at com.kms.katalon.core.main.TestCaseMain$startTestSuite$0.call(Unknown Source)
	at TempTestSuite1601216121039.run(TempTestSuite1601216121039.groovy:39)
Caused by: com.kms.katalon.core.exception.StepFailedException: Unable to click on object 'Object Repository/FDR-VoucherEntry/InvoiceLine/invoiceLineExpandButton'
	... 21 more
Caused by: com.kms.katalon.core.webui.exception.WebElementNotFoundException: Web element with id: 'Object Repository/FDR-VoucherEntry/InvoiceLine/invoiceLineExpandButton' located by '(//*[contains(@class,'MuiExpansionPanel-root')])[1]//*[contains(@class,'expandIcon')]' not found
	at com.kms.katalon.core.webui.common.WebUiCommonHelper.findWebElement(WebUiCommonHelper.java:1368)
	at com.kms.katalon.core.webui.keyword.internal.WebUIAbstractKeyword.findWebElement(WebUIAbstractKeyword.groovy:27)
	at com.kms.katalon.core.webui.keyword.internal.WebUIAbstractKeyword.findWebElement(WebUIAbstractKeyword.groovy:26)
	at com.kms.katalon.core.webui.keyword.builtin.ClickKeyword$_click_closure1.doCall(ClickKeyword.groovy:67)
	at com.kms.katalon.core.webui.keyword.builtin.ClickKeyword$_click_closure1.call(ClickKeyword.groovy)
	at com.kms.katalon.core.webui.keyword.internal.WebUIKeywordMain.runKeyword(WebUIKeywordMain.groovy:20)
	... 19 more]]></system-err>
      </testcase>
      <system-out><![CDATA[2020-09-27 07:15:23 - [TEST_SUITE][FAILED] - FDR_E2E-REGRESSION-TESTS: Test Cases/FDR_E2E-REGRESSION-TESTS/TC_5-FDR_E2E-FDR-2938-SYSTEM ADMIN REFERENCE DATA FAILED.
Reason:
com.kms.katalon.core.exception.StepFailedException: Unable to click on object 'Object Repository/FDR-VoucherEntry/InvoiceLine/invoiceLineExpandButton' (Root cause: com.kms.katalon.core.exception.StepFailedException: Unable to click on object 'Object Repository/FDR-VoucherEntry/InvoiceLine/invoiceLineExpandButton'
	at com.kms.katalon.core.webui.keyword.internal.WebUIKeywordMain.stepFailed(WebUIKeywordMain.groovy:64)
	at com.kms.katalon.core.webui.keyword.internal.WebUIKeywordMain.runKeyword(WebUIKeywordMain.groovy:26)
	at com.kms.katalon.core.webui.keyword.builtin.ClickKeyword.click(ClickKeyword.groovy:76)
	at com.kms.katalon.core.webui.keyword.builtin.ClickKeyword.execute(ClickKeyword.groovy:43)
	at com.kms.katalon.core.keyword.internal.KeywordExecutor.executeKeywordForPlatform(KeywordExecutor.groovy:73)
	at com.kms.katalon.core.webui.keyword.WebUiBuiltInKeywords.click(WebUiBuiltInKeywords.groovy:616)
	at com.kms.katalon.core.webui.keyword.WebUiBuiltInKeywords$click$5.call(Unknown Source)
	at TC_5-FDR_E2E-FDR-2938-SYSTEM ADMIN REFERENCE DATA.run(TC_5-FDR_E2E-FDR-2938-SYSTEM ADMIN REFERENCE DATA:104)
	at com.kms.katalon.core.main.ScriptEngine.run(ScriptEngine.java:194)
	at com.kms.katalon.core.main.ScriptEngine.runScriptAsRawText(ScriptEngine.java:119)
	at com.kms.katalon.core.main.TestCaseExecutor.runScript(TestCaseExecutor.java:339)
	at com.kms.katalon.core.main.TestCaseExecutor.doExecute(TestCaseExecutor.java:330)
	at com.kms.katalon.core.main.TestCaseExecutor.processExecutionPhase(TestCaseExecutor.java:309)
	at com.kms.katalon.core.main.TestCaseExecutor.accessMainPhase(TestCaseExecutor.java:301)
	at com.kms.katalon.core.main.TestCaseExecutor.execute(TestCaseExecutor.java:235)
	at com.kms.katalon.core.main.TestSuiteExecutor.accessTestCaseMainPhase(TestSuiteExecutor.java:191)
	at com.kms.katalon.core.main.TestSuiteExecutor.accessTestSuiteMainPhase(TestSuiteExecutor.java:141)
	at com.kms.katalon.core.main.TestSuiteExecutor.execute(TestSuiteExecutor.java:90)
	at com.kms.katalon.core.main.TestCaseMain.startTestSuite(TestCaseMain.java:157)
	at com.kms.katalon.core.main.TestCaseMain$startTestSuite$0.call(Unknown Source)
	at TempTestSuite1601216121039.run(TempTestSuite1601216121039.groovy:39)
Caused by: com.kms.katalon.core.webui.exception.WebElementNotFoundException: Web element with id: 'Object Repository/FDR-VoucherEntry/InvoiceLine/invoiceLineExpandButton' located by '(//*[contains(@class,'MuiExpansionPanel-root')])[1]//*[contains(@class,'expandIcon')]' not found
	at com.kms.katalon.core.webui.common.WebUiCommonHelper.findWebElement(WebUiCommonHelper.java:1368)
	at com.kms.katalon.core.webui.keyword.internal.WebUIAbstractKeyword.findWebElement(WebUIAbstractKeyword.groovy:27)
	at com.kms.katalon.core.webui.keyword.internal.WebUIAbstractKeyword.findWebElement(WebUIAbstractKeyword.groovy:26)
	at com.kms.katalon.core.webui.keyword.builtin.ClickKeyword$_click_closure1.doCall(ClickKeyword.groovy:67)
	at com.kms.katalon.core.webui.keyword.builtin.ClickKeyword$_click_closure1.call(ClickKeyword.groovy)
	at com.kms.katalon.core.webui.keyword.internal.WebUIKeywordMain.runKeyword(WebUIKeywordMain.groovy:20)
	at com.kms.katalon.core.webui.keyword.builtin.ClickKeyword.click(ClickKeyword.groovy:76)
	at com.kms.katalon.core.webui.keyword.builtin.ClickKeyword.execute(ClickKeyword.groovy:43)
	at com.kms.katalon.core.keyword.internal.KeywordExecutor.executeKeywordForPlatform(KeywordExecutor.groovy:73)
	at com.kms.katalon.core.webui.keyword.WebUiBuiltInKeywords.click(WebUiBuiltInKeywords.groovy:616)
	at com.kms.katalon.core.webui.keyword.WebUiBuiltInKeywords$click$5.call(Unknown Source)
	at Script1600987140132.run(Script1600987140132.groovy:104)
	... 13 more
)
	at com.kms.katalon.core.keyword.internal.KeywordMain.stepFailed(KeywordMain.groovy:39)
	at com.kms.katalon.core.webui.keyword.internal.WebUIKeywordMain.stepFailed(WebUIKeywordMain.groovy:64)
	at com.kms.katalon.core.webui.keyword.internal.WebUIKeywordMain.runKeyword(WebUIKeywordMain.groovy:26)
	at com.kms.katalon.core.webui.keyword.builtin.ClickKeyword.click(ClickKeyword.groovy:76)
	at com.kms.katalon.core.webui.keyword.builtin.ClickKeyword.execute(ClickKeyword.groovy:43)
	at com.kms.katalon.core.keyword.internal.KeywordExecutor.executeKeywordForPlatform(KeywordExecutor.groovy:73)
	at com.kms.katalon.core.webui.keyword.WebUiBuiltInKeywords.click(WebUiBuiltInKeywords.groovy:616)
	at com.kms.katalon.core.webui.keyword.WebUiBuiltInKeywords$click$5.call(Unknown Source)
	at TC_5-FDR_E2E-FDR-2938-SYSTEM ADMIN REFERENCE DATA.run(TC_5-FDR_E2E-FDR-2938-SYSTEM ADMIN REFERENCE DATA:104)
	at com.kms.katalon.core.main.ScriptEngine.run(ScriptEngine.java:194)
	at com.kms.katalon.core.main.ScriptEngine.runScriptAsRawText(ScriptEngine.java:119)
	at com.kms.katalon.core.main.TestCaseExecutor.runScript(TestCaseExecutor.java:339)
	at com.kms.katalon.core.main.TestCaseExecutor.doExecute(TestCaseExecutor.java:330)
	at com.kms.katalon.core.main.TestCaseExecutor.processExecutionPhase(TestCaseExecutor.java:309)
	at com.kms.katalon.core.main.TestCaseExecutor.accessMainPhase(TestCaseExecutor.java:301)
	at com.kms.katalon.core.main.TestCaseExecutor.execute(TestCaseExecutor.java:235)
	at com.kms.katalon.core.main.TestSuiteExecutor.accessTestCaseMainPhase(TestSuiteExecutor.java:191)
	at com.kms.katalon.core.main.TestSuiteExecutor.accessTestSuiteMainPhase(TestSuiteExecutor.java:141)
	at com.kms.katalon.core.main.TestSuiteExecutor.execute(TestSuiteExecutor.java:90)
	at com.kms.katalon.core.main.TestCaseMain.startTestSuite(TestCaseMain.java:157)
	at com.kms.katalon.core.main.TestCaseMain$startTestSuite$0.call(Unknown Source)
	at TempTestSuite1601216121039.run(TempTestSuite1601216121039.groovy:39)
Caused by: com.kms.katalon.core.exception.StepFailedException: Unable to click on object 'Object Repository/FDR-VoucherEntry/InvoiceLine/invoiceLineExpandButton'
	... 21 more
Caused by: com.kms.katalon.core.webui.exception.WebElementNotFoundException: Web element with id: 'Object Repository/FDR-VoucherEntry/InvoiceLine/invoiceLineExpandButton' located by '(//*[contains(@class,'MuiExpansionPanel-root')])[1]//*[contains(@class,'expandIcon')]' not found
	at com.kms.katalon.core.webui.common.WebUiCommonHelper.findWebElement(WebUiCommonHelper.java:1368)
	at com.kms.katalon.core.webui.keyword.internal.WebUIAbstractKeyword.findWebElement(WebUIAbstractKeyword.groovy:27)
	at com.kms.katalon.core.webui.keyword.internal.WebUIAbstractKeyword.findWebElement(WebUIAbstractKeyword.groovy:26)
	at com.kms.katalon.core.webui.keyword.builtin.ClickKeyword$_click_closure1.doCall(ClickKeyword.groovy:67)
	at com.kms.katalon.core.webui.keyword.builtin.ClickKeyword$_click_closure1.call(ClickKeyword.groovy)
	at com.kms.katalon.core.webui.keyword.internal.WebUIKeywordMain.runKeyword(WebUIKeywordMain.groovy:20)
	... 19 more]]></system-out>
      <system-err><![CDATA[2020-09-27 07:15:23 - [TEST_SUITE][FAILED] - FDR_E2E-REGRESSION-TESTS: Test Cases/FDR_E2E-REGRESSION-TESTS/TC_5-FDR_E2E-FDR-2938-SYSTEM ADMIN REFERENCE DATA FAILED.
Reason:
com.kms.katalon.core.exception.StepFailedException: Unable to click on object 'Object Repository/FDR-VoucherEntry/InvoiceLine/invoiceLineExpandButton' (Root cause: com.kms.katalon.core.exception.StepFailedException: Unable to click on object 'Object Repository/FDR-VoucherEntry/InvoiceLine/invoiceLineExpandButton'
	at com.kms.katalon.core.webui.keyword.internal.WebUIKeywordMain.stepFailed(WebUIKeywordMain.groovy:64)
	at com.kms.katalon.core.webui.keyword.internal.WebUIKeywordMain.runKeyword(WebUIKeywordMain.groovy:26)
	at com.kms.katalon.core.webui.keyword.builtin.ClickKeyword.click(ClickKeyword.groovy:76)
	at com.kms.katalon.core.webui.keyword.builtin.ClickKeyword.execute(ClickKeyword.groovy:43)
	at com.kms.katalon.core.keyword.internal.KeywordExecutor.executeKeywordForPlatform(KeywordExecutor.groovy:73)
	at com.kms.katalon.core.webui.keyword.WebUiBuiltInKeywords.click(WebUiBuiltInKeywords.groovy:616)
	at com.kms.katalon.core.webui.keyword.WebUiBuiltInKeywords$click$5.call(Unknown Source)
	at TC_5-FDR_E2E-FDR-2938-SYSTEM ADMIN REFERENCE DATA.run(TC_5-FDR_E2E-FDR-2938-SYSTEM ADMIN REFERENCE DATA:104)
	at com.kms.katalon.core.main.ScriptEngine.run(ScriptEngine.java:194)
	at com.kms.katalon.core.main.ScriptEngine.runScriptAsRawText(ScriptEngine.java:119)
	at com.kms.katalon.core.main.TestCaseExecutor.runScript(TestCaseExecutor.java:339)
	at com.kms.katalon.core.main.TestCaseExecutor.doExecute(TestCaseExecutor.java:330)
	at com.kms.katalon.core.main.TestCaseExecutor.processExecutionPhase(TestCaseExecutor.java:309)
	at com.kms.katalon.core.main.TestCaseExecutor.accessMainPhase(TestCaseExecutor.java:301)
	at com.kms.katalon.core.main.TestCaseExecutor.execute(TestCaseExecutor.java:235)
	at com.kms.katalon.core.main.TestSuiteExecutor.accessTestCaseMainPhase(TestSuiteExecutor.java:191)
	at com.kms.katalon.core.main.TestSuiteExecutor.accessTestSuiteMainPhase(TestSuiteExecutor.java:141)
	at com.kms.katalon.core.main.TestSuiteExecutor.execute(TestSuiteExecutor.java:90)
	at com.kms.katalon.core.main.TestCaseMain.startTestSuite(TestCaseMain.java:157)
	at com.kms.katalon.core.main.TestCaseMain$startTestSuite$0.call(Unknown Source)
	at TempTestSuite1601216121039.run(TempTestSuite1601216121039.groovy:39)
Caused by: com.kms.katalon.core.webui.exception.WebElementNotFoundException: Web element with id: 'Object Repository/FDR-VoucherEntry/InvoiceLine/invoiceLineExpandButton' located by '(//*[contains(@class,'MuiExpansionPanel-root')])[1]//*[contains(@class,'expandIcon')]' not found
	at com.kms.katalon.core.webui.common.WebUiCommonHelper.findWebElement(WebUiCommonHelper.java:1368)
	at com.kms.katalon.core.webui.keyword.internal.WebUIAbstractKeyword.findWebElement(WebUIAbstractKeyword.groovy:27)
	at com.kms.katalon.core.webui.keyword.internal.WebUIAbstractKeyword.findWebElement(WebUIAbstractKeyword.groovy:26)
	at com.kms.katalon.core.webui.keyword.builtin.ClickKeyword$_click_closure1.doCall(ClickKeyword.groovy:67)
	at com.kms.katalon.core.webui.keyword.builtin.ClickKeyword$_click_closure1.call(ClickKeyword.groovy)
	at com.kms.katalon.core.webui.keyword.internal.WebUIKeywordMain.runKeyword(WebUIKeywordMain.groovy:20)
	at com.kms.katalon.core.webui.keyword.builtin.ClickKeyword.click(ClickKeyword.groovy:76)
	at com.kms.katalon.core.webui.keyword.builtin.ClickKeyword.execute(ClickKeyword.groovy:43)
	at com.kms.katalon.core.keyword.internal.KeywordExecutor.executeKeywordForPlatform(KeywordExecutor.groovy:73)
	at com.kms.katalon.core.webui.keyword.WebUiBuiltInKeywords.click(WebUiBuiltInKeywords.groovy:616)
	at com.kms.katalon.core.webui.keyword.WebUiBuiltInKeywords$click$5.call(Unknown Source)
	at Script1600987140132.run(Script1600987140132.groovy:104)
	... 13 more
)
	at com.kms.katalon.core.keyword.internal.KeywordMain.stepFailed(KeywordMain.groovy:39)
	at com.kms.katalon.core.webui.keyword.internal.WebUIKeywordMain.stepFailed(WebUIKeywordMain.groovy:64)
	at com.kms.katalon.core.webui.keyword.internal.WebUIKeywordMain.runKeyword(WebUIKeywordMain.groovy:26)
	at com.kms.katalon.core.webui.keyword.builtin.ClickKeyword.click(ClickKeyword.groovy:76)
	at com.kms.katalon.core.webui.keyword.builtin.ClickKeyword.execute(ClickKeyword.groovy:43)
	at com.kms.katalon.core.keyword.internal.KeywordExecutor.executeKeywordForPlatform(KeywordExecutor.groovy:73)
	at com.kms.katalon.core.webui.keyword.WebUiBuiltInKeywords.click(WebUiBuiltInKeywords.groovy:616)
	at com.kms.katalon.core.webui.keyword.WebUiBuiltInKeywords$click$5.call(Unknown Source)
	at TC_5-FDR_E2E-FDR-2938-SYSTEM ADMIN REFERENCE DATA.run(TC_5-FDR_E2E-FDR-2938-SYSTEM ADMIN REFERENCE DATA:104)
	at com.kms.katalon.core.main.ScriptEngine.run(ScriptEngine.java:194)
	at com.kms.katalon.core.main.ScriptEngine.runScriptAsRawText(ScriptEngine.java:119)
	at com.kms.katalon.core.main.TestCaseExecutor.runScript(TestCaseExecutor.java:339)
	at com.kms.katalon.core.main.TestCaseExecutor.doExecute(TestCaseExecutor.java:330)
	at com.kms.katalon.core.main.TestCaseExecutor.processExecutionPhase(TestCaseExecutor.java:309)
	at com.kms.katalon.core.main.TestCaseExecutor.accessMainPhase(TestCaseExecutor.java:301)
	at com.kms.katalon.core.main.TestCaseExecutor.execute(TestCaseExecutor.java:235)
	at com.kms.katalon.core.main.TestSuiteExecutor.accessTestCaseMainPhase(TestSuiteExecutor.java:191)
	at com.kms.katalon.core.main.TestSuiteExecutor.accessTestSuiteMainPhase(TestSuiteExecutor.java:141)
	at com.kms.katalon.core.main.TestSuiteExecutor.execute(TestSuiteExecutor.java:90)
	at com.kms.katalon.core.main.TestCaseMain.startTestSuite(TestCaseMain.java:157)
	at com.kms.katalon.core.main.TestCaseMain$startTestSuite$0.call(Unknown Source)
	at TempTestSuite1601216121039.run(TempTestSuite1601216121039.groovy:39)
Caused by: com.kms.katalon.core.exception.StepFailedException: Unable to click on object 'Object Repository/FDR-VoucherEntry/InvoiceLine/invoiceLineExpandButton'
	... 21 more
Caused by: com.kms.katalon.core.webui.exception.WebElementNotFoundException: Web element with id: 'Object Repository/FDR-VoucherEntry/InvoiceLine/invoiceLineExpandButton' located by '(//*[contains(@class,'MuiExpansionPanel-root')])[1]//*[contains(@class,'expandIcon')]' not found
	at com.kms.katalon.core.webui.common.WebUiCommonHelper.findWebElement(WebUiCommonHelper.java:1368)
	at com.kms.katalon.core.webui.keyword.internal.WebUIAbstractKeyword.findWebElement(WebUIAbstractKeyword.groovy:27)
	at com.kms.katalon.core.webui.keyword.internal.WebUIAbstractKeyword.findWebElement(WebUIAbstractKeyword.groovy:26)
	at com.kms.katalon.core.webui.keyword.builtin.ClickKeyword$_click_closure1.doCall(ClickKeyword.groovy:67)
	at com.kms.katalon.core.webui.keyword.builtin.ClickKeyword$_click_closure1.call(ClickKeyword.groovy)
	at com.kms.katalon.core.webui.keyword.internal.WebUIKeywordMain.runKeyword(WebUIKeywordMain.groovy:20)
	... 19 more]]></system-err>
   </testsuite>
</testsuites>
