<?xml version="1.0" encoding="UTF-8"?>
<testsuites name="TestSuite Collection" time="3183.863" tests="67" failures="6" errors="1">
   <testsuite name="SystemAdmin-Integration_Suite" tests="23" failures="0" errors="0" time="862.109" timestamp="2020-09-08 11:32:17" hostname="nagesh.allu - DESKTOP-9VU7G8T.attlocal.net" id="Test Suites/SystemAdmin-Integration_Suite">
      <properties>
         <property name="deviceName" value=""/>
         <property name="devicePlatform" value=""/>
         <property name="logFolder" value="C:\\fdr-automation-develop_08_25_2020\\Reports\\20200908_113210\\SystemAdmin-Integration_Suite\\20200908_113210"/>
         <property name="logFiles" value="C:\\fdr-automation-develop_08_25_2020\\Reports\\20200908_113210\\SystemAdmin-Integration_Suite\\20200908_113210\\execution0.log"/>
         <property name="attachments" value=""/>
         <property name="hostName" value="nagesh.allu - DESKTOP-9VU7G8T.attlocal.net"/>
         <property name="os" value="Windows 10 64bit"/>
         <property name="katalonVersion" value="7.6.6.205"/>
         <property name="browser" value="Chrome 85.0.4183.83"/>
         <property name="hostAddress" value="192.168.1.188"/>
         <property name="sessionId" value="340b87ae295d9e8186c3247d6d28e2d5"/>
         <property name="seleniumVersion" value="3.141.59"/>
         <property name="proxyInformation" value="ProxyInformation { proxyOption=NO_PROXY, proxyServerType=HTTP, username=, password=********, proxyServerAddress=, proxyServerPort=0, executionList=&quot;&quot;, isApplyToDesiredCapabilities=true }"/>
         <property name="platform" value="Windows 10"/>
      </properties>
      <testcase name="Test Cases/WEB-UI-TESTS/SysAdmin/ReferencePage/FDR-SystemAdmin-Populate-Details" time="52.61" classname="Test Cases/WEB-UI-TESTS/SysAdmin/ReferencePage/FDR-SystemAdmin-Populate-Details" status="PASSED">
         <system-out><![CDATA[2020-09-08 11:32:18 - [TEST_CASE][PASSED] - Test Cases/WEB-UI-TESTS/SysAdmin/ReferencePage/FDR-SystemAdmin-Populate-Details: Test Cases/WEB-UI-TESTS/SysAdmin/ReferencePage/FDR-SystemAdmin-Populate-Details

2020-09-08 11:32:18 - [TEST_STEP][PASSED] - Start listener action : sampleBeforeTestCase: null

2020-09-08 11:32:18 - [TEST_STEP][PASSED] - profileName = getExecutionProfile(): null

2020-09-08 11:32:18 - [TEST_STEP][PASSED] - switch (profileName): null

2020-09-08 11:32:18 - [TEST_STEP][PASSED] - case "superUser":: null

2020-09-08 11:32:18 - [TEST_STEP][PASSED] - return null: null

2020-09-08 11:32:18 - [TEST_STEP][PASSED] - Start listener action : beforeTestCase: Call Test Case 'Test Cases/WEB-UI-TESTS/SysAdmin/SystemAdmin-Login' successfully

2020-09-08 11:32:18 - [TEST_STEP][PASSED] - profileName = getExecutionProfile(): null

2020-09-08 11:32:18 - [TEST_STEP][PASSED] - if (profileName.equalsIgnoreCase("SysAdmin")): Call Test Case 'Test Cases/WEB-UI-TESTS/SysAdmin/SystemAdmin-Login' successfully

2020-09-08 11:32:18 - [TEST_STEP][PASSED] - callTestCase(findTestCase("Test Cases/WEB-UI-TESTS/SysAdmin/SystemAdmin-Login"), null): Call Test Case 'Test Cases/WEB-UI-TESTS/SysAdmin/SystemAdmin-Login' successfully

2020-09-08 11:32:18 - [TEST_CASE][PASSED] - Test Cases/WEB-UI-TESTS/SysAdmin/SystemAdmin-Login: Test Cases/WEB-UI-TESTS/SysAdmin/SystemAdmin-Login

2020-09-08 11:32:19 - [TEST_STEP][PASSED] - openBrowser(URL): Browser is opened with url: 'https://fdr-katalon.cammis-mod-dev.dhcs.ca.gov'

2020-09-08 11:32:20 - [MESSAGE][INFO] - Starting 'Chrome' driver

2020-09-08 11:32:20 - [MESSAGE][INFO] - Action delay is set to 0 milliseconds

2020-09-08 11:32:26 - [MESSAGE][PASSED] - Browser is opened with url: 'https://fdr-katalon.cammis-mod-dev.dhcs.ca.gov'

2020-09-08 11:32:26 - [TEST_STEP][PASSED] - maximizeWindow(): Current window maximized

2020-09-08 11:32:28 - [MESSAGE][PASSED] - Current window maximized

2020-09-08 11:32:28 - [TEST_STEP][PASSED] - refresh(): Refresh successfully

2020-09-08 11:32:28 - [MESSAGE][PASSED] - Refresh successfully

2020-09-08 11:32:28 - [TEST_STEP][PASSED] - delay(2): Delayed 2 second(s)

2020-09-08 11:32:30 - [MESSAGE][PASSED] - Delayed 2 second(s)

2020-09-08 11:32:30 - [TEST_STEP][PASSED] - waitForElementPresent(findTestObject("FDR-System-Admin/SysAdmin-SignIn/adminEmail"), 5): Object 'Object Repository/FDR-System-Admin/SysAdmin-SignIn/adminEmail' is present

2020-09-08 11:32:31 - [MESSAGE][PASSED] - Object 'Object Repository/FDR-System-Admin/SysAdmin-SignIn/adminEmail' is present

2020-09-08 11:32:31 - [TEST_STEP][PASSED] - setText(findTestObject("FDR-System-Admin/SysAdmin-SignIn/adminEmail"), adminEmail): Text 'fdr.test10@dhcs.ca.gov
' is set on object 'Object Repository/FDR-System-Admin/SysAdmin-SignIn/adminEmail'

2020-09-08 11:32:31 - [MESSAGE][PASSED] - Text 'fdr.test10@dhcs.ca.gov
' is set on object 'Object Repository/FDR-System-Admin/SysAdmin-SignIn/adminEmail'

2020-09-08 11:32:31 - [TEST_STEP][PASSED] - waitForElementPresent(findTestObject("FDR-System-Admin/SysAdmin-SignIn/adminUserName"), 5): Object 'Object Repository/FDR-System-Admin/SysAdmin-SignIn/adminUserName' is present

2020-09-08 11:32:36 - [MESSAGE][PASSED] - Object 'Object Repository/FDR-System-Admin/SysAdmin-SignIn/adminUserName' is present

2020-09-08 11:32:36 - [TEST_STEP][PASSED] - setText(findTestObject("FDR-System-Admin/SysAdmin-SignIn/adminUserName"), UserName): Text 'fdr.test10@dhcs.ca.gov' is set on object 'Object Repository/FDR-System-Admin/SysAdmin-SignIn/adminUserName'

2020-09-08 11:32:36 - [MESSAGE][PASSED] - Text 'fdr.test10@dhcs.ca.gov' is set on object 'Object Repository/FDR-System-Admin/SysAdmin-SignIn/adminUserName'

2020-09-08 11:32:36 - [TEST_STEP][PASSED] - setText(findTestObject("FDR-System-Admin/SysAdmin-SignIn/adminPass"), Password): Text 'Password18' is set on object 'Object Repository/FDR-System-Admin/SysAdmin-SignIn/adminPass'

2020-09-08 11:32:37 - [MESSAGE][PASSED] - Text 'Password18' is set on object 'Object Repository/FDR-System-Admin/SysAdmin-SignIn/adminPass'

2020-09-08 11:32:37 - [TEST_STEP][PASSED] - click(findTestObject("FDR-System-Admin/SysAdmin-SignIn/adminSignIn")): Object: 'Object Repository/FDR-System-Admin/SysAdmin-SignIn/adminSignIn' is clicked on

2020-09-08 11:32:39 - [MESSAGE][PASSED] - Object: 'Object Repository/FDR-System-Admin/SysAdmin-SignIn/adminSignIn' is clicked on

2020-09-08 11:32:39 - [TEST_STEP][PASSED] - waitForElementPresent(findTestObject("Object Repository/FDR-System-Admin/SysAdmin-Dashboard/maintainReferenceDataBtn"), 3): Object 'Object Repository/FDR-System-Admin/SysAdmin-Dashboard/maintainReferenceDataBtn' is present

2020-09-08 11:32:41 - [MESSAGE][PASSED] - Object 'Object Repository/FDR-System-Admin/SysAdmin-Dashboard/maintainReferenceDataBtn' is present

2020-09-08 11:32:41 - [TEST_STEP][PASSED] - verifyElementPresent(findTestObject("Object Repository/FDR-System-Admin/SysAdmin-Dashboard/maintainReferenceDataBtn"), Timeout): Object 'Object Repository/FDR-System-Admin/SysAdmin-Dashboard/maintainReferenceDataBtn' is present

2020-09-08 11:32:42 - [MESSAGE][PASSED] - Object 'Object Repository/FDR-System-Admin/SysAdmin-Dashboard/maintainReferenceDataBtn' is present

2020-09-08 11:32:42 - [TEST_STEP][PASSED] - refresh(): Refresh successfully

2020-09-08 11:32:43 - [MESSAGE][PASSED] - Refresh successfully

2020-09-08 11:32:43 - [MESSAGE][PASSED] - Call Test Case 'Test Cases/WEB-UI-TESTS/SysAdmin/SystemAdmin-Login' successfully

2020-09-08 11:32:43 - [TEST_STEP][PASSED] - Start listener action : sampleBeforeTestCase: null

2020-09-08 11:32:43 - [TEST_STEP][PASSED] - profileName = getExecutionProfile(): null

2020-09-08 11:32:43 - [TEST_STEP][PASSED] - testCaseId = testCaseContext.getTestCaseId(): null

2020-09-08 11:32:43 - [TEST_STEP][PASSED] - switch (profileName): null

2020-09-08 11:32:43 - [TEST_STEP][PASSED] - Default: null

2020-09-08 11:32:43 - [TEST_STEP][PASSED] - return null: null

2020-09-08 11:32:43 - [TEST_STEP][PASSED] - Start listener action : executeRows: null

2020-09-08 11:32:43 - [TEST_STEP][PASSED] - taskName = "Reference Data": null

2020-09-08 11:32:43 - [TEST_STEP][PASSED] - verifyElementText(findTestObject("Object Repository/FDR-System-Admin/SysAdmin-Dashboard/maintainReferenceDataTxt"), taskName): Actual text and expected text of test object 'Object Repository/FDR-System-Admin/SysAdmin-Dashboard/maintainReferenceDataTxt' are matched.

2020-09-08 11:32:43 - [MESSAGE][PASSED] - Actual text and expected text of test object 'Object Repository/FDR-System-Admin/SysAdmin-Dashboard/maintainReferenceDataTxt' are matched.

2020-09-08 11:32:43 - [TEST_STEP][PASSED] - click(findTestObject("Object Repository/FDR-System-Admin/SysAdmin-Dashboard/maintainReferenceDataBtn")): Object: 'Object Repository/FDR-System-Admin/SysAdmin-Dashboard/maintainReferenceDataBtn' is clicked on

2020-09-08 11:32:44 - [MESSAGE][PASSED] - Object: 'Object Repository/FDR-System-Admin/SysAdmin-Dashboard/maintainReferenceDataBtn' is clicked on

2020-09-08 11:32:44 - [TEST_STEP][PASSED] - click(findTestObject("FDR-System-Admin/FDR-ReferencePage/reference-data")): Object: 'Object Repository/FDR-System-Admin/FDR-ReferencePage/reference-data' is clicked on

2020-09-08 11:32:44 - [MESSAGE][PASSED] - Object: 'Object Repository/FDR-System-Admin/FDR-ReferencePage/reference-data' is clicked on

2020-09-08 11:32:44 - [TEST_STEP][PASSED] - click(findTestObject("FDR-System-Admin/FDR-ReferencePage/account")): Object: 'Object Repository/FDR-System-Admin/FDR-ReferencePage/account' is clicked on

2020-09-08 11:32:45 - [MESSAGE][PASSED] - Object: 'Object Repository/FDR-System-Admin/FDR-ReferencePage/account' is clicked on

2020-09-08 11:32:45 - [TEST_STEP][PASSED] - setText(findTestObject("FDR-System-Admin/FDR-ReferencePage/referenceDataNameInput"), ""): Text '' is set on object 'Object Repository/FDR-System-Admin/FDR-ReferencePage/referenceDataNameInput'

2020-09-08 11:32:45 - [MESSAGE][PASSED] - Text '' is set on object 'Object Repository/FDR-System-Admin/FDR-ReferencePage/referenceDataNameInput'

2020-09-08 11:32:45 - [TEST_STEP][PASSED] - click(findTestObject("Object Repository/FDR-System-Admin/FDR-ReferencePage/referenceDataDropdown")): Object: 'Object Repository/FDR-System-Admin/FDR-ReferencePage/referenceDataDropdown' is clicked on

2020-09-08 11:32:46 - [MESSAGE][PASSED] - Object: 'Object Repository/FDR-System-Admin/FDR-ReferencePage/referenceDataDropdown' is clicked on

2020-09-08 11:32:46 - [TEST_STEP][PASSED] - click(findTestObject("FDR-System-Admin/FDR-ReferencePage/altAccount")): Object: 'Object Repository/FDR-System-Admin/FDR-ReferencePage/altAccount' is clicked on

2020-09-08 11:32:46 - [MESSAGE][PASSED] - Object: 'Object Repository/FDR-System-Admin/FDR-ReferencePage/altAccount' is clicked on

2020-09-08 11:32:46 - [TEST_STEP][PASSED] - setText(findTestObject("FDR-System-Admin/FDR-ReferencePage/referenceDataNameInput"), ""): Text '' is set on object 'Object Repository/FDR-System-Admin/FDR-ReferencePage/referenceDataNameInput'

2020-09-08 11:32:47 - [MESSAGE][PASSED] - Text '' is set on object 'Object Repository/FDR-System-Admin/FDR-ReferencePage/referenceDataNameInput'

2020-09-08 11:32:47 - [TEST_STEP][PASSED] - click(findTestObject("Object Repository/FDR-System-Admin/FDR-ReferencePage/referenceDataDropdown")): Object: 'Object Repository/FDR-System-Admin/FDR-ReferencePage/referenceDataDropdown' is clicked on

2020-09-08 11:32:47 - [MESSAGE][PASSED] - Object: 'Object Repository/FDR-System-Admin/FDR-ReferencePage/referenceDataDropdown' is clicked on

2020-09-08 11:32:47 - [TEST_STEP][PASSED] - click(findTestObject("FDR-System-Admin/FDR-ReferencePage/contact")): Object: 'Object Repository/FDR-System-Admin/FDR-ReferencePage/contact' is clicked on

2020-09-08 11:32:48 - [MESSAGE][PASSED] - Object: 'Object Repository/FDR-System-Admin/FDR-ReferencePage/contact' is clicked on

2020-09-08 11:32:48 - [TEST_STEP][PASSED] - setText(findTestObject("FDR-System-Admin/FDR-ReferencePage/referenceDataNameInput"), ""): Text '' is set on object 'Object Repository/FDR-System-Admin/FDR-ReferencePage/referenceDataNameInput'

2020-09-08 11:32:49 - [MESSAGE][PASSED] - Text '' is set on object 'Object Repository/FDR-System-Admin/FDR-ReferencePage/referenceDataNameInput'

2020-09-08 11:32:49 - [TEST_STEP][PASSED] - click(findTestObject("Object Repository/FDR-System-Admin/FDR-ReferencePage/referenceDataDropdown")): Object: 'Object Repository/FDR-System-Admin/FDR-ReferencePage/referenceDataDropdown' is clicked on

2020-09-08 11:32:49 - [MESSAGE][PASSED] - Object: 'Object Repository/FDR-System-Admin/FDR-ReferencePage/referenceDataDropdown' is clicked on

2020-09-08 11:32:49 - [TEST_STEP][PASSED] - click(findTestObject("FDR-System-Admin/FDR-ReferencePage/contract")): Object: 'Object Repository/FDR-System-Admin/FDR-ReferencePage/contract' is clicked on

2020-09-08 11:32:50 - [MESSAGE][PASSED] - Object: 'Object Repository/FDR-System-Admin/FDR-ReferencePage/contract' is clicked on

2020-09-08 11:32:50 - [TEST_STEP][PASSED] - setText(findTestObject("FDR-System-Admin/FDR-ReferencePage/referenceDataNameInput"), ""): Text '' is set on object 'Object Repository/FDR-System-Admin/FDR-ReferencePage/referenceDataNameInput'

2020-09-08 11:32:50 - [MESSAGE][PASSED] - Text '' is set on object 'Object Repository/FDR-System-Admin/FDR-ReferencePage/referenceDataNameInput'

2020-09-08 11:32:50 - [TEST_STEP][PASSED] - click(findTestObject("Object Repository/FDR-System-Admin/FDR-ReferencePage/referenceDataDropdown")): Object: 'Object Repository/FDR-System-Admin/FDR-ReferencePage/referenceDataDropdown' is clicked on

2020-09-08 11:32:51 - [MESSAGE][PASSED] - Object: 'Object Repository/FDR-System-Admin/FDR-ReferencePage/referenceDataDropdown' is clicked on

2020-09-08 11:32:51 - [TEST_STEP][PASSED] - click(findTestObject("FDR-System-Admin/FDR-ReferencePage/fdrAppropriationReference")): Object: 'Object Repository/FDR-System-Admin/FDR-ReferencePage/fdrAppropriationReference' is clicked on

2020-09-08 11:32:51 - [MESSAGE][PASSED] - Object: 'Object Repository/FDR-System-Admin/FDR-ReferencePage/fdrAppropriationReference' is clicked on

2020-09-08 11:32:51 - [TEST_STEP][PASSED] - setText(findTestObject("FDR-System-Admin/FDR-ReferencePage/referenceDataNameInput"), ""): Text '' is set on object 'Object Repository/FDR-System-Admin/FDR-ReferencePage/referenceDataNameInput'

2020-09-08 11:32:52 - [MESSAGE][PASSED] - Text '' is set on object 'Object Repository/FDR-System-Admin/FDR-ReferencePage/referenceDataNameInput'

2020-09-08 11:32:52 - [TEST_STEP][PASSED] - click(findTestObject("Object Repository/FDR-System-Admin/FDR-ReferencePage/referenceDataDropdown")): Object: 'Object Repository/FDR-System-Admin/FDR-ReferencePage/referenceDataDropdown' is clicked on

2020-09-08 11:32:52 - [MESSAGE][PASSED] - Object: 'Object Repository/FDR-System-Admin/FDR-ReferencePage/referenceDataDropdown' is clicked on

2020-09-08 11:32:52 - [TEST_STEP][PASSED] - click(findTestObject("FDR-System-Admin/FDR-ReferencePage/fundCode")): Object: 'Object Repository/FDR-System-Admin/FDR-ReferencePage/fundCode' is clicked on

2020-09-08 11:32:53 - [MESSAGE][PASSED] - Object: 'Object Repository/FDR-System-Admin/FDR-ReferencePage/fundCode' is clicked on

2020-09-08 11:32:53 - [TEST_STEP][PASSED] - setText(findTestObject("FDR-System-Admin/FDR-ReferencePage/referenceDataNameInput"), ""): Text '' is set on object 'Object Repository/FDR-System-Admin/FDR-ReferencePage/referenceDataNameInput'

2020-09-08 11:32:54 - [MESSAGE][PASSED] - Text '' is set on object 'Object Repository/FDR-System-Admin/FDR-ReferencePage/referenceDataNameInput'

2020-09-08 11:32:54 - [TEST_STEP][PASSED] - click(findTestObject("Object Repository/FDR-System-Admin/FDR-ReferencePage/referenceDataDropdown")): Object: 'Object Repository/FDR-System-Admin/FDR-ReferencePage/referenceDataDropdown' is clicked on

2020-09-08 11:32:54 - [MESSAGE][PASSED] - Object: 'Object Repository/FDR-System-Admin/FDR-ReferencePage/referenceDataDropdown' is clicked on

2020-09-08 11:32:54 - [TEST_STEP][PASSED] - click(findTestObject("FDR-System-Admin/FDR-ReferencePage/fund")): Object: 'Object Repository/FDR-System-Admin/FDR-ReferencePage/fund' is clicked on

2020-09-08 11:32:55 - [MESSAGE][PASSED] - Object: 'Object Repository/FDR-System-Admin/FDR-ReferencePage/fund' is clicked on

2020-09-08 11:32:55 - [TEST_STEP][PASSED] - setText(findTestObject("FDR-System-Admin/FDR-ReferencePage/referenceDataNameInput"), ""): Text '' is set on object 'Object Repository/FDR-System-Admin/FDR-ReferencePage/referenceDataNameInput'

2020-09-08 11:32:55 - [MESSAGE][PASSED] - Text '' is set on object 'Object Repository/FDR-System-Admin/FDR-ReferencePage/referenceDataNameInput'

2020-09-08 11:32:55 - [TEST_STEP][PASSED] - click(findTestObject("Object Repository/FDR-System-Admin/FDR-ReferencePage/referenceDataDropdown")): Object: 'Object Repository/FDR-System-Admin/FDR-ReferencePage/referenceDataDropdown' is clicked on

2020-09-08 11:32:56 - [MESSAGE][PASSED] - Object: 'Object Repository/FDR-System-Admin/FDR-ReferencePage/referenceDataDropdown' is clicked on

2020-09-08 11:32:56 - [TEST_STEP][PASSED] - click(findTestObject("FDR-System-Admin/FDR-ReferencePage/fundRatio")): Object: 'Object Repository/FDR-System-Admin/FDR-ReferencePage/fundRatio' is clicked on

2020-09-08 11:32:56 - [MESSAGE][PASSED] - Object: 'Object Repository/FDR-System-Admin/FDR-ReferencePage/fundRatio' is clicked on

2020-09-08 11:32:56 - [TEST_STEP][PASSED] - setText(findTestObject("FDR-System-Admin/FDR-ReferencePage/referenceDataNameInput"), ""): Text '' is set on object 'Object Repository/FDR-System-Admin/FDR-ReferencePage/referenceDataNameInput'

2020-09-08 11:32:57 - [MESSAGE][PASSED] - Text '' is set on object 'Object Repository/FDR-System-Admin/FDR-ReferencePage/referenceDataNameInput'

2020-09-08 11:32:57 - [TEST_STEP][PASSED] - click(findTestObject("Object Repository/FDR-System-Admin/FDR-ReferencePage/referenceDataDropdown")): Object: 'Object Repository/FDR-System-Admin/FDR-ReferencePage/referenceDataDropdown' is clicked on

2020-09-08 11:32:57 - [MESSAGE][PASSED] - Object: 'Object Repository/FDR-System-Admin/FDR-ReferencePage/referenceDataDropdown' is clicked on

2020-09-08 11:32:57 - [TEST_STEP][PASSED] - click(findTestObject("FDR-System-Admin/FDR-ReferencePage/fundingSource")): Object: 'Object Repository/FDR-System-Admin/FDR-ReferencePage/fundingSource' is clicked on

2020-09-08 11:32:58 - [MESSAGE][PASSED] - Object: 'Object Repository/FDR-System-Admin/FDR-ReferencePage/fundingSource' is clicked on

2020-09-08 11:32:58 - [TEST_STEP][PASSED] - setText(findTestObject("FDR-System-Admin/FDR-ReferencePage/referenceDataNameInput"), ""): Text '' is set on object 'Object Repository/FDR-System-Admin/FDR-ReferencePage/referenceDataNameInput'

2020-09-08 11:32:59 - [MESSAGE][PASSED] - Text '' is set on object 'Object Repository/FDR-System-Admin/FDR-ReferencePage/referenceDataNameInput'

2020-09-08 11:32:59 - [TEST_STEP][PASSED] - click(findTestObject("Object Repository/FDR-System-Admin/FDR-ReferencePage/referenceDataDropdown")): Object: 'Object Repository/FDR-System-Admin/FDR-ReferencePage/referenceDataDropdown' is clicked on

2020-09-08 11:32:59 - [MESSAGE][PASSED] - Object: 'Object Repository/FDR-System-Admin/FDR-ReferencePage/referenceDataDropdown' is clicked on

2020-09-08 11:32:59 - [TEST_STEP][PASSED] - click(findTestObject("FDR-System-Admin/FDR-ReferencePage/increaseDecreaseLineNumber")): Object: 'Object Repository/FDR-System-Admin/FDR-ReferencePage/increaseDecreaseLineNumber' is clicked on

2020-09-08 11:32:59 - [MESSAGE][PASSED] - Object: 'Object Repository/FDR-System-Admin/FDR-ReferencePage/increaseDecreaseLineNumber' is clicked on

2020-09-08 11:32:59 - [TEST_STEP][PASSED] - setText(findTestObject("FDR-System-Admin/FDR-ReferencePage/referenceDataNameInput"), ""): Text '' is set on object 'Object Repository/FDR-System-Admin/FDR-ReferencePage/referenceDataNameInput'

2020-09-08 11:33:00 - [MESSAGE][PASSED] - Text '' is set on object 'Object Repository/FDR-System-Admin/FDR-ReferencePage/referenceDataNameInput'

2020-09-08 11:33:00 - [TEST_STEP][PASSED] - click(findTestObject("Object Repository/FDR-System-Admin/FDR-ReferencePage/referenceDataDropdown")): Object: 'Object Repository/FDR-System-Admin/FDR-ReferencePage/referenceDataDropdown' is clicked on

2020-09-08 11:33:01 - [MESSAGE][PASSED] - Object: 'Object Repository/FDR-System-Admin/FDR-ReferencePage/referenceDataDropdown' is clicked on

2020-09-08 11:33:01 - [TEST_STEP][PASSED] - click(findTestObject("FDR-System-Admin/FDR-ReferencePage/invoiceType")): Object: 'Object Repository/FDR-System-Admin/FDR-ReferencePage/invoiceType' is clicked on

2020-09-08 11:33:01 - [MESSAGE][PASSED] - Object: 'Object Repository/FDR-System-Admin/FDR-ReferencePage/invoiceType' is clicked on

2020-09-08 11:33:01 - [TEST_STEP][PASSED] - setText(findTestObject("FDR-System-Admin/FDR-ReferencePage/referenceDataNameInput"), ""): Text '' is set on object 'Object Repository/FDR-System-Admin/FDR-ReferencePage/referenceDataNameInput'

2020-09-08 11:33:02 - [MESSAGE][PASSED] - Text '' is set on object 'Object Repository/FDR-System-Admin/FDR-ReferencePage/referenceDataNameInput'

2020-09-08 11:33:02 - [TEST_STEP][PASSED] - click(findTestObject("Object Repository/FDR-System-Admin/FDR-ReferencePage/referenceDataDropdown")): Object: 'Object Repository/FDR-System-Admin/FDR-ReferencePage/referenceDataDropdown' is clicked on

2020-09-08 11:33:02 - [MESSAGE][PASSED] - Object: 'Object Repository/FDR-System-Admin/FDR-ReferencePage/referenceDataDropdown' is clicked on

2020-09-08 11:33:02 - [TEST_STEP][PASSED] - click(findTestObject("FDR-System-Admin/FDR-ReferencePage/programType")): Object: 'Object Repository/FDR-System-Admin/FDR-ReferencePage/programType' is clicked on

2020-09-08 11:33:03 - [MESSAGE][PASSED] - Object: 'Object Repository/FDR-System-Admin/FDR-ReferencePage/programType' is clicked on

2020-09-08 11:33:03 - [TEST_STEP][PASSED] - setText(findTestObject("FDR-System-Admin/FDR-ReferencePage/referenceDataNameInput"), ""): Text '' is set on object 'Object Repository/FDR-System-Admin/FDR-ReferencePage/referenceDataNameInput'

2020-09-08 11:33:04 - [MESSAGE][PASSED] - Text '' is set on object 'Object Repository/FDR-System-Admin/FDR-ReferencePage/referenceDataNameInput'

2020-09-08 11:33:04 - [TEST_STEP][PASSED] - click(findTestObject("Object Repository/FDR-System-Admin/FDR-ReferencePage/referenceDataDropdown")): Object: 'Object Repository/FDR-System-Admin/FDR-ReferencePage/referenceDataDropdown' is clicked on

2020-09-08 11:33:04 - [MESSAGE][PASSED] - Object: 'Object Repository/FDR-System-Admin/FDR-ReferencePage/referenceDataDropdown' is clicked on

2020-09-08 11:33:04 - [TEST_STEP][PASSED] - click(findTestObject("FDR-System-Admin/FDR-ReferencePage/serviceCategory")): Object: 'Object Repository/FDR-System-Admin/FDR-ReferencePage/serviceCategory' is clicked on

2020-09-08 11:33:05 - [MESSAGE][PASSED] - Object: 'Object Repository/FDR-System-Admin/FDR-ReferencePage/serviceCategory' is clicked on

2020-09-08 11:33:05 - [TEST_STEP][PASSED] - setText(findTestObject("FDR-System-Admin/FDR-ReferencePage/referenceDataNameInput"), ""): Text '' is set on object 'Object Repository/FDR-System-Admin/FDR-ReferencePage/referenceDataNameInput'

2020-09-08 11:33:05 - [MESSAGE][PASSED] - Text '' is set on object 'Object Repository/FDR-System-Admin/FDR-ReferencePage/referenceDataNameInput'

2020-09-08 11:33:05 - [TEST_STEP][PASSED] - click(findTestObject("Object Repository/FDR-System-Admin/FDR-ReferencePage/referenceDataDropdown")): Object: 'Object Repository/FDR-System-Admin/FDR-ReferencePage/referenceDataDropdown' is clicked on

2020-09-08 11:33:06 - [MESSAGE][PASSED] - Object: 'Object Repository/FDR-System-Admin/FDR-ReferencePage/referenceDataDropdown' is clicked on

2020-09-08 11:33:06 - [TEST_STEP][PASSED] - click(findTestObject("FDR-System-Admin/FDR-ReferencePage/supplier")): Object: 'Object Repository/FDR-System-Admin/FDR-ReferencePage/supplier' is clicked on

2020-09-08 11:33:06 - [MESSAGE][PASSED] - Object: 'Object Repository/FDR-System-Admin/FDR-ReferencePage/supplier' is clicked on

2020-09-08 11:33:06 - [TEST_STEP][PASSED] - setText(findTestObject("FDR-System-Admin/FDR-ReferencePage/referenceDataNameInput"), ""): Text '' is set on object 'Object Repository/FDR-System-Admin/FDR-ReferencePage/referenceDataNameInput'

2020-09-08 11:33:07 - [MESSAGE][PASSED] - Text '' is set on object 'Object Repository/FDR-System-Admin/FDR-ReferencePage/referenceDataNameInput'

2020-09-08 11:33:07 - [TEST_STEP][PASSED] - click(findTestObject("Object Repository/FDR-System-Admin/FDR-ReferencePage/referenceDataDropdown")): Object: 'Object Repository/FDR-System-Admin/FDR-ReferencePage/referenceDataDropdown' is clicked on

2020-09-08 11:33:08 - [MESSAGE][PASSED] - Object: 'Object Repository/FDR-System-Admin/FDR-ReferencePage/referenceDataDropdown' is clicked on

2020-09-08 11:33:08 - [TEST_STEP][PASSED] - click(findTestObject("FDR-System-Admin/FDR-ReferencePage/waiverName")): Object: 'Object Repository/FDR-System-Admin/FDR-ReferencePage/waiverName' is clicked on

2020-09-08 11:33:08 - [MESSAGE][PASSED] - Object: 'Object Repository/FDR-System-Admin/FDR-ReferencePage/waiverName' is clicked on

2020-09-08 11:33:08 - [TEST_STEP][PASSED] - setText(findTestObject("FDR-System-Admin/FDR-ReferencePage/referenceDataNameInput"), ""): Text '' is set on object 'Object Repository/FDR-System-Admin/FDR-ReferencePage/referenceDataNameInput'

2020-09-08 11:33:09 - [MESSAGE][PASSED] - Text '' is set on object 'Object Repository/FDR-System-Admin/FDR-ReferencePage/referenceDataNameInput'

2020-09-08 11:33:09 - [TEST_STEP][PASSED] - click(findTestObject("Object Repository/FDR-System-Admin/FDR-ReferencePage/referenceDataDropdown")): Object: 'Object Repository/FDR-System-Admin/FDR-ReferencePage/referenceDataDropdown' is clicked on

2020-09-08 11:33:09 - [MESSAGE][PASSED] - Object: 'Object Repository/FDR-System-Admin/FDR-ReferencePage/referenceDataDropdown' is clicked on

2020-09-08 11:33:09 - [TEST_STEP][PASSED] - click(findTestObject("FDR-System-Admin/FDR-ReferencePage/waiverTypes")): Object: 'Object Repository/FDR-System-Admin/FDR-ReferencePage/waiverTypes' is clicked on

2020-09-08 11:33:10 - [MESSAGE][PASSED] - Object: 'Object Repository/FDR-System-Admin/FDR-ReferencePage/waiverTypes' is clicked on

2020-09-08 11:33:10 - [TEST_STEP][PASSED] - Start listener action : sampleAfterTestCase: null

2020-09-08 11:33:10 - [TEST_STEP][PASSED] - profileName = getExecutionProfile(): null

2020-09-08 11:33:10 - [TEST_STEP][PASSED] - switch (profileName): null

2020-09-08 11:33:10 - [TEST_STEP][PASSED] - case "superUser":: null

2020-09-08 11:33:10 - [TEST_STEP][PASSED] - return null: null

2020-09-08 11:33:10 - [TEST_STEP][PASSED] - Start listener action : afterTestCase: Browser is closed

2020-09-08 11:33:10 - [TEST_STEP][PASSED] - profileName = getExecutionProfile(): null

2020-09-08 11:33:10 - [TEST_STEP][PASSED] - if (profileName.equalsIgnoreCase("SysAdmin")): Browser is closed

2020-09-08 11:33:10 - [TEST_STEP][PASSED] - closeBrowser(): Browser is closed

2020-09-08 11:33:10 - [MESSAGE][PASSED] - Browser is closed

2020-09-08 11:33:10 - [TEST_STEP][PASSED] - Start listener action : sampleAfterTestCase: null

2020-09-08 11:33:10 - [TEST_STEP][PASSED] - profileName = getExecutionProfile(): null

2020-09-08 11:33:10 - [TEST_STEP][PASSED] - switch (profileName): null

2020-09-08 11:33:10 - [TEST_STEP][PASSED] - Default: null

2020-09-08 11:33:10 - [TEST_STEP][PASSED] - return null: null

2020-09-08 11:33:10 - [TEST_STEP][PASSED] - Start listener action : addFailedTCToList: null]]></system-out>
         <system-err><![CDATA[]]></system-err>
      </testcase>
      <testcase name="Test Cases/WEB-UI-TESTS/SysAdmin/ReferencePage/ReferenceDetail/FDR-Add-FundRatioDetail" time="47.43" classname="Test Cases/WEB-UI-TESTS/SysAdmin/ReferencePage/ReferenceDetail/FDR-Add-FundRatioDetail" status="PASSED">
         <system-out><![CDATA[2020-09-08 11:33:10 - [TEST_CASE][PASSED] - Test Cases/WEB-UI-TESTS/SysAdmin/ReferencePage/ReferenceDetail/FDR-Add-FundRatioDetail: Test Cases/WEB-UI-TESTS/SysAdmin/ReferencePage/ReferenceDetail/FDR-Add-FundRatioDetail

2020-09-08 11:33:10 - [TEST_STEP][PASSED] - Start listener action : sampleBeforeTestCase: null

2020-09-08 11:33:10 - [TEST_STEP][PASSED] - profileName = getExecutionProfile(): null

2020-09-08 11:33:10 - [TEST_STEP][PASSED] - switch (profileName): null

2020-09-08 11:33:10 - [TEST_STEP][PASSED] - case "superUser":: null

2020-09-08 11:33:10 - [TEST_STEP][PASSED] - return null: null

2020-09-08 11:33:10 - [TEST_STEP][PASSED] - Start listener action : beforeTestCase: Call Test Case 'Test Cases/WEB-UI-TESTS/SysAdmin/SystemAdmin-Login' successfully

2020-09-08 11:33:10 - [TEST_STEP][PASSED] - profileName = getExecutionProfile(): null

2020-09-08 11:33:10 - [TEST_STEP][PASSED] - if (profileName.equalsIgnoreCase("SysAdmin")): Call Test Case 'Test Cases/WEB-UI-TESTS/SysAdmin/SystemAdmin-Login' successfully

2020-09-08 11:33:10 - [TEST_STEP][PASSED] - callTestCase(findTestCase("Test Cases/WEB-UI-TESTS/SysAdmin/SystemAdmin-Login"), null): Call Test Case 'Test Cases/WEB-UI-TESTS/SysAdmin/SystemAdmin-Login' successfully

2020-09-08 11:33:11 - [TEST_CASE][PASSED] - Test Cases/WEB-UI-TESTS/SysAdmin/SystemAdmin-Login: Test Cases/WEB-UI-TESTS/SysAdmin/SystemAdmin-Login

2020-09-08 11:33:11 - [TEST_STEP][PASSED] - openBrowser(URL): Browser is opened with url: 'https://fdr-katalon.cammis-mod-dev.dhcs.ca.gov'

2020-09-08 11:33:11 - [MESSAGE][INFO] - Starting 'Chrome' driver

2020-09-08 11:33:11 - [MESSAGE][INFO] - Action delay is set to 0 milliseconds

2020-09-08 11:33:16 - [MESSAGE][PASSED] - Browser is opened with url: 'https://fdr-katalon.cammis-mod-dev.dhcs.ca.gov'

2020-09-08 11:33:16 - [TEST_STEP][PASSED] - maximizeWindow(): Current window maximized

2020-09-08 11:33:18 - [MESSAGE][PASSED] - Current window maximized

2020-09-08 11:33:18 - [TEST_STEP][PASSED] - refresh(): Refresh successfully

2020-09-08 11:33:18 - [MESSAGE][PASSED] - Refresh successfully

2020-09-08 11:33:18 - [TEST_STEP][PASSED] - delay(2): Delayed 2 second(s)

2020-09-08 11:33:20 - [MESSAGE][PASSED] - Delayed 2 second(s)

2020-09-08 11:33:20 - [TEST_STEP][PASSED] - waitForElementPresent(findTestObject("FDR-System-Admin/SysAdmin-SignIn/adminEmail"), 5): Object 'Object Repository/FDR-System-Admin/SysAdmin-SignIn/adminEmail' is present

2020-09-08 11:33:21 - [MESSAGE][PASSED] - Object 'Object Repository/FDR-System-Admin/SysAdmin-SignIn/adminEmail' is present

2020-09-08 11:33:21 - [TEST_STEP][PASSED] - setText(findTestObject("FDR-System-Admin/SysAdmin-SignIn/adminEmail"), adminEmail): Text 'fdr.test10@dhcs.ca.gov
' is set on object 'Object Repository/FDR-System-Admin/SysAdmin-SignIn/adminEmail'

2020-09-08 11:33:21 - [MESSAGE][PASSED] - Text 'fdr.test10@dhcs.ca.gov
' is set on object 'Object Repository/FDR-System-Admin/SysAdmin-SignIn/adminEmail'

2020-09-08 11:33:21 - [TEST_STEP][PASSED] - waitForElementPresent(findTestObject("FDR-System-Admin/SysAdmin-SignIn/adminUserName"), 5): Object 'Object Repository/FDR-System-Admin/SysAdmin-SignIn/adminUserName' is present

2020-09-08 11:33:24 - [MESSAGE][PASSED] - Object 'Object Repository/FDR-System-Admin/SysAdmin-SignIn/adminUserName' is present

2020-09-08 11:33:24 - [TEST_STEP][PASSED] - setText(findTestObject("FDR-System-Admin/SysAdmin-SignIn/adminUserName"), UserName): Text 'fdr.test10@dhcs.ca.gov' is set on object 'Object Repository/FDR-System-Admin/SysAdmin-SignIn/adminUserName'

2020-09-08 11:33:25 - [MESSAGE][PASSED] - Text 'fdr.test10@dhcs.ca.gov' is set on object 'Object Repository/FDR-System-Admin/SysAdmin-SignIn/adminUserName'

2020-09-08 11:33:25 - [TEST_STEP][PASSED] - setText(findTestObject("FDR-System-Admin/SysAdmin-SignIn/adminPass"), Password): Text 'Password18' is set on object 'Object Repository/FDR-System-Admin/SysAdmin-SignIn/adminPass'

2020-09-08 11:33:25 - [MESSAGE][PASSED] - Text 'Password18' is set on object 'Object Repository/FDR-System-Admin/SysAdmin-SignIn/adminPass'

2020-09-08 11:33:25 - [TEST_STEP][PASSED] - click(findTestObject("FDR-System-Admin/SysAdmin-SignIn/adminSignIn")): Object: 'Object Repository/FDR-System-Admin/SysAdmin-SignIn/adminSignIn' is clicked on

2020-09-08 11:33:27 - [MESSAGE][PASSED] - Object: 'Object Repository/FDR-System-Admin/SysAdmin-SignIn/adminSignIn' is clicked on

2020-09-08 11:33:27 - [TEST_STEP][PASSED] - waitForElementPresent(findTestObject("Object Repository/FDR-System-Admin/SysAdmin-Dashboard/maintainReferenceDataBtn"), 3): Object 'Object Repository/FDR-System-Admin/SysAdmin-Dashboard/maintainReferenceDataBtn' is present

2020-09-08 11:33:29 - [MESSAGE][PASSED] - Object 'Object Repository/FDR-System-Admin/SysAdmin-Dashboard/maintainReferenceDataBtn' is present

2020-09-08 11:33:29 - [TEST_STEP][PASSED] - verifyElementPresent(findTestObject("Object Repository/FDR-System-Admin/SysAdmin-Dashboard/maintainReferenceDataBtn"), Timeout): Object 'Object Repository/FDR-System-Admin/SysAdmin-Dashboard/maintainReferenceDataBtn' is present

2020-09-08 11:33:29 - [MESSAGE][PASSED] - Object 'Object Repository/FDR-System-Admin/SysAdmin-Dashboard/maintainReferenceDataBtn' is present

2020-09-08 11:33:29 - [TEST_STEP][PASSED] - refresh(): Refresh successfully

2020-09-08 11:33:30 - [MESSAGE][PASSED] - Refresh successfully

2020-09-08 11:33:30 - [MESSAGE][PASSED] - Call Test Case 'Test Cases/WEB-UI-TESTS/SysAdmin/SystemAdmin-Login' successfully

2020-09-08 11:33:30 - [TEST_STEP][PASSED] - Start listener action : sampleBeforeTestCase: null

2020-09-08 11:33:30 - [TEST_STEP][PASSED] - profileName = getExecutionProfile(): null

2020-09-08 11:33:30 - [TEST_STEP][PASSED] - testCaseId = testCaseContext.getTestCaseId(): null

2020-09-08 11:33:30 - [TEST_STEP][PASSED] - switch (profileName): null

2020-09-08 11:33:30 - [TEST_STEP][PASSED] - Default: null

2020-09-08 11:33:30 - [TEST_STEP][PASSED] - return null: null

2020-09-08 11:33:30 - [TEST_STEP][PASSED] - Start listener action : executeRows: null

2020-09-08 11:33:30 - [TEST_STEP][PASSED] - click(findTestObject("Object Repository/FDR-System-Admin/SysAdmin-Dashboard/maintainReferenceDataBtn")): Object: 'Object Repository/FDR-System-Admin/SysAdmin-Dashboard/maintainReferenceDataBtn' is clicked on

2020-09-08 11:33:31 - [MESSAGE][PASSED] - Object: 'Object Repository/FDR-System-Admin/SysAdmin-Dashboard/maintainReferenceDataBtn' is clicked on

2020-09-08 11:33:31 - [TEST_STEP][PASSED] - click(findTestObject("FDR-System-Admin/FDR-ReferencePage/reference-data")): Object: 'Object Repository/FDR-System-Admin/FDR-ReferencePage/reference-data' is clicked on

2020-09-08 11:33:31 - [MESSAGE][PASSED] - Object: 'Object Repository/FDR-System-Admin/FDR-ReferencePage/reference-data' is clicked on

2020-09-08 11:33:31 - [TEST_STEP][PASSED] - setText(findTestObject("FDR-System-Admin/FDR-ReferencePage/referenceDataNameInput"), "fund ratio"): Text 'fund ratio' is set on object 'Object Repository/FDR-System-Admin/FDR-ReferencePage/referenceDataNameInput'

2020-09-08 11:33:32 - [MESSAGE][PASSED] - Text 'fund ratio' is set on object 'Object Repository/FDR-System-Admin/FDR-ReferencePage/referenceDataNameInput'

2020-09-08 11:33:32 - [TEST_STEP][PASSED] - click(findTestObject("FDR-System-Admin/FDR-ReferencePage/fundRatioReference/fundRatioDetail/fundRatio")): Object: 'Object Repository/FDR-System-Admin/FDR-ReferencePage/fundRatioReference/fundRatioDetail/fundRatio' is clicked on

2020-09-08 11:33:33 - [MESSAGE][PASSED] - Object: 'Object Repository/FDR-System-Admin/FDR-ReferencePage/fundRatioReference/fundRatioDetail/fundRatio' is clicked on

2020-09-08 11:33:33 - [TEST_STEP][PASSED] - waitForElementPresent(findTestObject("FDR-System-Admin/FDR-Add-FundRatio/addFundRatioBtn"), 3): Object 'Object Repository/FDR-System-Admin/FDR-Add-FundRatio/addFundRatioBtn' is present

2020-09-08 11:33:33 - [MESSAGE][PASSED] - Object 'Object Repository/FDR-System-Admin/FDR-Add-FundRatio/addFundRatioBtn' is present

2020-09-08 11:33:33 - [TEST_STEP][PASSED] - click(findTestObject("FDR-System-Admin/FDR-Add-FundRatio/addFundRatioBtn")): Object: 'Object Repository/FDR-System-Admin/FDR-Add-FundRatio/addFundRatioBtn' is clicked on

2020-09-08 11:33:33 - [MESSAGE][PASSED] - Object: 'Object Repository/FDR-System-Admin/FDR-Add-FundRatio/addFundRatioBtn' is clicked on

2020-09-08 11:33:33 - [TEST_STEP][PASSED] - waitForElementPresent(findTestObject("FDR-System-Admin/FDR-Add-FundRatio/federalPercent"), 3): Object 'Object Repository/FDR-System-Admin/FDR-Add-FundRatio/federalPercent' is present

2020-09-08 11:33:34 - [MESSAGE][PASSED] - Object 'Object Repository/FDR-System-Admin/FDR-Add-FundRatio/federalPercent' is present

2020-09-08 11:33:34 - [TEST_STEP][PASSED] - setText(findTestObject("FDR-System-Admin/FDR-Add-FundRatio/federalPercent"), "100"): Text '100' is set on object 'Object Repository/FDR-System-Admin/FDR-Add-FundRatio/federalPercent'

2020-09-08 11:33:35 - [MESSAGE][PASSED] - Text '100' is set on object 'Object Repository/FDR-System-Admin/FDR-Add-FundRatio/federalPercent'

2020-09-08 11:33:35 - [TEST_STEP][PASSED] - waitForElementPresent(findTestObject("FDR-System-Admin/FDR-Add-FundRatio/nonFederalPercent"), 3): Object 'Object Repository/FDR-System-Admin/FDR-Add-FundRatio/nonFederalPercent' is present

2020-09-08 11:33:35 - [MESSAGE][PASSED] - Object 'Object Repository/FDR-System-Admin/FDR-Add-FundRatio/nonFederalPercent' is present

2020-09-08 11:33:35 - [TEST_STEP][PASSED] - setText(findTestObject("FDR-System-Admin/FDR-Add-FundRatio/nonFederalPercent"), "0"): Text '0' is set on object 'Object Repository/FDR-System-Admin/FDR-Add-FundRatio/nonFederalPercent'

2020-09-08 11:33:36 - [MESSAGE][PASSED] - Text '0' is set on object 'Object Repository/FDR-System-Admin/FDR-Add-FundRatio/nonFederalPercent'

2020-09-08 11:33:36 - [TEST_STEP][PASSED] - waitForElementPresent(findTestObject("FDR-System-Admin/FDR-Add-FundRatio/fundRatioCancelBtn"), 3): Object 'Object Repository/FDR-System-Admin/FDR-Add-FundRatio/fundRatioCancelBtn' is present

2020-09-08 11:33:36 - [MESSAGE][PASSED] - Object 'Object Repository/FDR-System-Admin/FDR-Add-FundRatio/fundRatioCancelBtn' is present

2020-09-08 11:33:36 - [TEST_STEP][PASSED] - click(findTestObject("FDR-System-Admin/FDR-Add-FundRatio/fundRatioCancelBtn")): Object: 'Object Repository/FDR-System-Admin/FDR-Add-FundRatio/fundRatioCancelBtn' is clicked on

2020-09-08 11:33:36 - [MESSAGE][PASSED] - Object: 'Object Repository/FDR-System-Admin/FDR-Add-FundRatio/fundRatioCancelBtn' is clicked on

2020-09-08 11:33:36 - [TEST_STEP][PASSED] - waitForElementPresent(findTestObject("FDR-System-Admin/FDR-Edit-FundRatios/firstRowofFundRatio"), 3): Object 'Object Repository/FDR-System-Admin/FDR-Edit-FundRatios/firstRowofFundRatio' is present

2020-09-08 11:33:37 - [MESSAGE][PASSED] - Object 'Object Repository/FDR-System-Admin/FDR-Edit-FundRatios/firstRowofFundRatio' is present

2020-09-08 11:33:37 - [TEST_STEP][PASSED] - click(findTestObject("FDR-System-Admin/FDR-Edit-FundRatios/firstRowofFundRatio")): Object: 'Object Repository/FDR-System-Admin/FDR-Edit-FundRatios/firstRowofFundRatio' is clicked on

2020-09-08 11:33:37 - [MESSAGE][PASSED] - Object: 'Object Repository/FDR-System-Admin/FDR-Edit-FundRatios/firstRowofFundRatio' is clicked on

2020-09-08 11:33:37 - [TEST_STEP][PASSED] - waitForElementPresent(findTestObject("FDR-System-Admin/FDR-Edit-FundRatios/fundRatioHeader"), 3): Object 'Object Repository/FDR-System-Admin/FDR-Edit-FundRatios/fundRatioHeader' is not present after 3 second(s)

2020-09-08 11:33:41 - [MESSAGE][INFO] - Unable to find the element located by 'By.xpath: //*[@id="wrapper"]/main/div/div/div/div/main/div/div[2]/div/div[1]/div[1]/div/div[1]/div/h2'. Please recheck the objects properties to make sure the desired element is located. 

2020-09-08 11:33:41 - [MESSAGE][WARNING] - Object 'Object Repository/FDR-System-Admin/FDR-Edit-FundRatios/fundRatioHeader' is not present after 3 second(s)

2020-09-08 11:33:41 - [TEST_STEP][PASSED] - waitForElementPresent(findTestObject("FDR-System-Admin/FDR-Edit-FundRatios/fundRatioEditElipsisBtn"), 3): Object 'Object Repository/FDR-System-Admin/FDR-Edit-FundRatios/fundRatioEditElipsisBtn' is present

2020-09-08 11:33:42 - [MESSAGE][PASSED] - Object 'Object Repository/FDR-System-Admin/FDR-Edit-FundRatios/fundRatioEditElipsisBtn' is present

2020-09-08 11:33:42 - [TEST_STEP][PASSED] - click(findTestObject("FDR-System-Admin/FDR-Edit-FundRatios/fundRatioEditElipsisBtn")): Object: 'Object Repository/FDR-System-Admin/FDR-Edit-FundRatios/fundRatioEditElipsisBtn' is clicked on

2020-09-08 11:33:42 - [MESSAGE][PASSED] - Object: 'Object Repository/FDR-System-Admin/FDR-Edit-FundRatios/fundRatioEditElipsisBtn' is clicked on

2020-09-08 11:33:42 - [TEST_STEP][PASSED] - waitForElementPresent(findTestObject("FDR-System-Admin/FDR-Edit-FundRatios/fundRatioEditBtn"), 3): Object 'Object Repository/FDR-System-Admin/FDR-Edit-FundRatios/fundRatioEditBtn' is present

2020-09-08 11:33:42 - [MESSAGE][PASSED] - Object 'Object Repository/FDR-System-Admin/FDR-Edit-FundRatios/fundRatioEditBtn' is present

2020-09-08 11:33:42 - [TEST_STEP][PASSED] - click(findTestObject("FDR-System-Admin/FDR-Edit-FundRatios/fundRatioEditBtn")): Object: 'Object Repository/FDR-System-Admin/FDR-Edit-FundRatios/fundRatioEditBtn' is clicked on

2020-09-08 11:33:43 - [MESSAGE][PASSED] - Object: 'Object Repository/FDR-System-Admin/FDR-Edit-FundRatios/fundRatioEditBtn' is clicked on

2020-09-08 11:33:43 - [TEST_STEP][PASSED] - waitForElementPresent(findTestObject("FDR-System-Admin/FDR-Edit-FundRatios/editFundRatioLabel"), 3): Object 'Object Repository/FDR-System-Admin/FDR-Edit-FundRatios/editFundRatioLabel' is not present after 3 second(s)

2020-09-08 11:33:47 - [MESSAGE][INFO] - Unable to find the element located by 'By.xpath: //*[@id="wrapper"]/main/div/div/div/div/main/div[2]/form/div/div[1]/h2'. Please recheck the objects properties to make sure the desired element is located. 

2020-09-08 11:33:47 - [MESSAGE][WARNING] - Object 'Object Repository/FDR-System-Admin/FDR-Edit-FundRatios/editFundRatioLabel' is not present after 3 second(s)

2020-09-08 11:33:47 - [TEST_STEP][PASSED] - waitForElementPresent(findTestObject("FDR-System-Admin/FDR-Edit-FundRatios/saveFundRatioBtn"), 3): Object 'Object Repository/FDR-System-Admin/FDR-Edit-FundRatios/saveFundRatioBtn' is not present after 3 second(s)

2020-09-08 11:33:51 - [MESSAGE][INFO] - Unable to find the element located by 'By.xpath: //*[@id="wrapper"]/main/div/div/div/div/main/div[2]/form/div/div[3]/div/div[2]/div/div[2]/button'. Please recheck the objects properties to make sure the desired element is located. 

2020-09-08 11:33:51 - [MESSAGE][WARNING] - Object 'Object Repository/FDR-System-Admin/FDR-Edit-FundRatios/saveFundRatioBtn' is not present after 3 second(s)

2020-09-08 11:33:51 - [TEST_STEP][PASSED] - waitForElementPresent(findTestObject("FDR-System-Admin/FDR-Edit-FundRatios/backToFundRatios"), 3): Object 'Object Repository/FDR-System-Admin/FDR-Edit-FundRatios/backToFundRatios' is present

2020-09-08 11:33:52 - [MESSAGE][PASSED] - Object 'Object Repository/FDR-System-Admin/FDR-Edit-FundRatios/backToFundRatios' is present

2020-09-08 11:33:52 - [TEST_STEP][PASSED] - click(findTestObject("FDR-System-Admin/FDR-Edit-FundRatios/backToFundRatios")): Object: 'Object Repository/FDR-System-Admin/FDR-Edit-FundRatios/backToFundRatios' is clicked on

2020-09-08 11:33:52 - [MESSAGE][PASSED] - Object: 'Object Repository/FDR-System-Admin/FDR-Edit-FundRatios/backToFundRatios' is clicked on

2020-09-08 11:33:52 - [TEST_STEP][PASSED] - if (verifyElementPresent(findTestObject("FDR-System-Admin/FDR-Edit-FundRatios/firstRowofFundRatio"), 2)): null

2020-09-08 11:33:52 - [MESSAGE][PASSED] - Object 'Object Repository/FDR-System-Admin/FDR-Edit-FundRatios/firstRowofFundRatio' is present

2020-09-08 11:33:52 - [TEST_STEP][PASSED] - click(findTestObject("FDR-System-Admin/FDR-Edit-FundRatios/firstRowofFundRatio")): Object: 'Object Repository/FDR-System-Admin/FDR-Edit-FundRatios/firstRowofFundRatio' is clicked on

2020-09-08 11:33:53 - [MESSAGE][PASSED] - Object: 'Object Repository/FDR-System-Admin/FDR-Edit-FundRatios/firstRowofFundRatio' is clicked on

2020-09-08 11:33:53 - [TEST_STEP][PASSED] - waitForElementPresent(findTestObject("FDR-System-Admin/FDR-Edit-FundRatios/fundRatioHeader"), 3): Object 'Object Repository/FDR-System-Admin/FDR-Edit-FundRatios/fundRatioHeader' is not present after 3 second(s)

2020-09-08 11:33:57 - [MESSAGE][INFO] - Unable to find the element located by 'By.xpath: //*[@id="wrapper"]/main/div/div/div/div/main/div/div[2]/div/div[1]/div[1]/div/div[1]/div/h2'. Please recheck the objects properties to make sure the desired element is located. 

2020-09-08 11:33:57 - [MESSAGE][WARNING] - Object 'Object Repository/FDR-System-Admin/FDR-Edit-FundRatios/fundRatioHeader' is not present after 3 second(s)

2020-09-08 11:33:57 - [TEST_STEP][PASSED] - label = getText(findTestObject("FDR-System-Admin/FDR-ReferencePage/fundRatioReference/fundRatioDetail/federalPercentage")): Text of object 'Object Repository/FDR-System-Admin/FDR-ReferencePage/fundRatioReference/fundRatioDetail/federalPercentage' is: 'FEDERAL %'

2020-09-08 11:33:57 - [MESSAGE][PASSED] - Text of object 'Object Repository/FDR-System-Admin/FDR-ReferencePage/fundRatioReference/fundRatioDetail/federalPercentage' is: 'FEDERAL %'

2020-09-08 11:33:57 - [TEST_STEP][PASSED] - assert label == "FEDERAL %": null

2020-09-08 11:33:57 - [TEST_STEP][PASSED] - label = getText(findTestObject("FDR-System-Admin/FDR-ReferencePage/fundRatioReference/fundRatioDetail/nonFederalPercentage")): Text of object 'Object Repository/FDR-System-Admin/FDR-ReferencePage/fundRatioReference/fundRatioDetail/nonFederalPercentage' is: 'NON-FEDERAL %'

2020-09-08 11:33:57 - [MESSAGE][PASSED] - Text of object 'Object Repository/FDR-System-Admin/FDR-ReferencePage/fundRatioReference/fundRatioDetail/nonFederalPercentage' is: 'NON-FEDERAL %'

2020-09-08 11:33:57 - [TEST_STEP][PASSED] - assert label == "NON-FEDERAL %": null

2020-09-08 11:33:57 - [TEST_STEP][PASSED] - Start listener action : sampleAfterTestCase: null

2020-09-08 11:33:57 - [TEST_STEP][PASSED] - profileName = getExecutionProfile(): null

2020-09-08 11:33:57 - [TEST_STEP][PASSED] - switch (profileName): null

2020-09-08 11:33:57 - [TEST_STEP][PASSED] - case "superUser":: null

2020-09-08 11:33:57 - [TEST_STEP][PASSED] - return null: null

2020-09-08 11:33:57 - [TEST_STEP][PASSED] - Start listener action : afterTestCase: Browser is closed

2020-09-08 11:33:57 - [TEST_STEP][PASSED] - profileName = getExecutionProfile(): null

2020-09-08 11:33:57 - [TEST_STEP][PASSED] - if (profileName.equalsIgnoreCase("SysAdmin")): Browser is closed

2020-09-08 11:33:57 - [TEST_STEP][PASSED] - closeBrowser(): Browser is closed

2020-09-08 11:33:58 - [MESSAGE][PASSED] - Browser is closed

2020-09-08 11:33:58 - [TEST_STEP][PASSED] - Start listener action : sampleAfterTestCase: null

2020-09-08 11:33:58 - [TEST_STEP][PASSED] - profileName = getExecutionProfile(): null

2020-09-08 11:33:58 - [TEST_STEP][PASSED] - switch (profileName): null

2020-09-08 11:33:58 - [TEST_STEP][PASSED] - Default: null

2020-09-08 11:33:58 - [TEST_STEP][PASSED] - return null: null

2020-09-08 11:33:58 - [TEST_STEP][PASSED] - Start listener action : addFailedTCToList: null]]></system-out>
         <system-err><![CDATA[]]></system-err>
      </testcase>
      <testcase name="Test Cases/WEB-UI-TESTS/SysAdmin/ReferencePage/ReferenceDetail/FDR-Add-FundDetailReview" time="33.274" classname="Test Cases/WEB-UI-TESTS/SysAdmin/ReferencePage/ReferenceDetail/FDR-Add-FundDetailReview" status="PASSED">
         <system-out><![CDATA[2020-09-08 11:33:58 - [TEST_CASE][PASSED] - Test Cases/WEB-UI-TESTS/SysAdmin/ReferencePage/ReferenceDetail/FDR-Add-FundDetailReview: Test Cases/WEB-UI-TESTS/SysAdmin/ReferencePage/ReferenceDetail/FDR-Add-FundDetailReview

2020-09-08 11:33:58 - [TEST_STEP][PASSED] - Start listener action : sampleBeforeTestCase: null

2020-09-08 11:33:58 - [TEST_STEP][PASSED] - profileName = getExecutionProfile(): null

2020-09-08 11:33:58 - [TEST_STEP][PASSED] - switch (profileName): null

2020-09-08 11:33:58 - [TEST_STEP][PASSED] - case "superUser":: null

2020-09-08 11:33:58 - [TEST_STEP][PASSED] - return null: null

2020-09-08 11:33:58 - [TEST_STEP][PASSED] - Start listener action : beforeTestCase: Call Test Case 'Test Cases/WEB-UI-TESTS/SysAdmin/SystemAdmin-Login' successfully

2020-09-08 11:33:58 - [TEST_STEP][PASSED] - profileName = getExecutionProfile(): null

2020-09-08 11:33:58 - [TEST_STEP][PASSED] - if (profileName.equalsIgnoreCase("SysAdmin")): Call Test Case 'Test Cases/WEB-UI-TESTS/SysAdmin/SystemAdmin-Login' successfully

2020-09-08 11:33:58 - [TEST_STEP][PASSED] - callTestCase(findTestCase("Test Cases/WEB-UI-TESTS/SysAdmin/SystemAdmin-Login"), null): Call Test Case 'Test Cases/WEB-UI-TESTS/SysAdmin/SystemAdmin-Login' successfully

2020-09-08 11:33:58 - [TEST_CASE][PASSED] - Test Cases/WEB-UI-TESTS/SysAdmin/SystemAdmin-Login: Test Cases/WEB-UI-TESTS/SysAdmin/SystemAdmin-Login

2020-09-08 11:33:58 - [TEST_STEP][PASSED] - openBrowser(URL): Browser is opened with url: 'https://fdr-katalon.cammis-mod-dev.dhcs.ca.gov'

2020-09-08 11:33:58 - [MESSAGE][INFO] - Starting 'Chrome' driver

2020-09-08 11:33:58 - [MESSAGE][INFO] - Action delay is set to 0 milliseconds

2020-09-08 11:34:02 - [MESSAGE][PASSED] - Browser is opened with url: 'https://fdr-katalon.cammis-mod-dev.dhcs.ca.gov'

2020-09-08 11:34:02 - [TEST_STEP][PASSED] - maximizeWindow(): Current window maximized

2020-09-08 11:34:04 - [MESSAGE][PASSED] - Current window maximized

2020-09-08 11:34:04 - [TEST_STEP][PASSED] - refresh(): Refresh successfully

2020-09-08 11:34:05 - [MESSAGE][PASSED] - Refresh successfully

2020-09-08 11:34:05 - [TEST_STEP][PASSED] - delay(2): Delayed 2 second(s)

2020-09-08 11:34:07 - [MESSAGE][PASSED] - Delayed 2 second(s)

2020-09-08 11:34:07 - [TEST_STEP][PASSED] - waitForElementPresent(findTestObject("FDR-System-Admin/SysAdmin-SignIn/adminEmail"), 5): Object 'Object Repository/FDR-System-Admin/SysAdmin-SignIn/adminEmail' is present

2020-09-08 11:34:07 - [MESSAGE][PASSED] - Object 'Object Repository/FDR-System-Admin/SysAdmin-SignIn/adminEmail' is present

2020-09-08 11:34:07 - [TEST_STEP][PASSED] - setText(findTestObject("FDR-System-Admin/SysAdmin-SignIn/adminEmail"), adminEmail): Text 'fdr.test10@dhcs.ca.gov
' is set on object 'Object Repository/FDR-System-Admin/SysAdmin-SignIn/adminEmail'

2020-09-08 11:34:07 - [MESSAGE][PASSED] - Text 'fdr.test10@dhcs.ca.gov
' is set on object 'Object Repository/FDR-System-Admin/SysAdmin-SignIn/adminEmail'

2020-09-08 11:34:07 - [TEST_STEP][PASSED] - waitForElementPresent(findTestObject("FDR-System-Admin/SysAdmin-SignIn/adminUserName"), 5): Object 'Object Repository/FDR-System-Admin/SysAdmin-SignIn/adminUserName' is present

2020-09-08 11:34:11 - [MESSAGE][PASSED] - Object 'Object Repository/FDR-System-Admin/SysAdmin-SignIn/adminUserName' is present

2020-09-08 11:34:11 - [TEST_STEP][PASSED] - setText(findTestObject("FDR-System-Admin/SysAdmin-SignIn/adminUserName"), UserName): Text 'fdr.test10@dhcs.ca.gov' is set on object 'Object Repository/FDR-System-Admin/SysAdmin-SignIn/adminUserName'

2020-09-08 11:34:11 - [MESSAGE][PASSED] - Text 'fdr.test10@dhcs.ca.gov' is set on object 'Object Repository/FDR-System-Admin/SysAdmin-SignIn/adminUserName'

2020-09-08 11:34:11 - [TEST_STEP][PASSED] - setText(findTestObject("FDR-System-Admin/SysAdmin-SignIn/adminPass"), Password): Text 'Password18' is set on object 'Object Repository/FDR-System-Admin/SysAdmin-SignIn/adminPass'

2020-09-08 11:34:12 - [MESSAGE][PASSED] - Text 'Password18' is set on object 'Object Repository/FDR-System-Admin/SysAdmin-SignIn/adminPass'

2020-09-08 11:34:12 - [TEST_STEP][PASSED] - click(findTestObject("FDR-System-Admin/SysAdmin-SignIn/adminSignIn")): Object: 'Object Repository/FDR-System-Admin/SysAdmin-SignIn/adminSignIn' is clicked on

2020-09-08 11:34:13 - [MESSAGE][PASSED] - Object: 'Object Repository/FDR-System-Admin/SysAdmin-SignIn/adminSignIn' is clicked on

2020-09-08 11:34:13 - [TEST_STEP][PASSED] - waitForElementPresent(findTestObject("Object Repository/FDR-System-Admin/SysAdmin-Dashboard/maintainReferenceDataBtn"), 3): Object 'Object Repository/FDR-System-Admin/SysAdmin-Dashboard/maintainReferenceDataBtn' is present

2020-09-08 11:34:16 - [MESSAGE][PASSED] - Object 'Object Repository/FDR-System-Admin/SysAdmin-Dashboard/maintainReferenceDataBtn' is present

2020-09-08 11:34:16 - [TEST_STEP][PASSED] - verifyElementPresent(findTestObject("Object Repository/FDR-System-Admin/SysAdmin-Dashboard/maintainReferenceDataBtn"), Timeout): Object 'Object Repository/FDR-System-Admin/SysAdmin-Dashboard/maintainReferenceDataBtn' is present

2020-09-08 11:34:16 - [MESSAGE][PASSED] - Object 'Object Repository/FDR-System-Admin/SysAdmin-Dashboard/maintainReferenceDataBtn' is present

2020-09-08 11:34:16 - [TEST_STEP][PASSED] - refresh(): Refresh successfully

2020-09-08 11:34:17 - [MESSAGE][PASSED] - Refresh successfully

2020-09-08 11:34:17 - [MESSAGE][PASSED] - Call Test Case 'Test Cases/WEB-UI-TESTS/SysAdmin/SystemAdmin-Login' successfully

2020-09-08 11:34:17 - [TEST_STEP][PASSED] - Start listener action : sampleBeforeTestCase: null

2020-09-08 11:34:17 - [TEST_STEP][PASSED] - profileName = getExecutionProfile(): null

2020-09-08 11:34:17 - [TEST_STEP][PASSED] - testCaseId = testCaseContext.getTestCaseId(): null

2020-09-08 11:34:17 - [TEST_STEP][PASSED] - switch (profileName): null

2020-09-08 11:34:17 - [TEST_STEP][PASSED] - Default: null

2020-09-08 11:34:17 - [TEST_STEP][PASSED] - return null: null

2020-09-08 11:34:17 - [TEST_STEP][PASSED] - Start listener action : executeRows: null

2020-09-08 11:34:17 - [TEST_STEP][PASSED] - click(findTestObject("Object Repository/FDR-System-Admin/SysAdmin-Dashboard/maintainReferenceDataBtn")): Object: 'Object Repository/FDR-System-Admin/SysAdmin-Dashboard/maintainReferenceDataBtn' is clicked on

2020-09-08 11:34:17 - [MESSAGE][PASSED] - Object: 'Object Repository/FDR-System-Admin/SysAdmin-Dashboard/maintainReferenceDataBtn' is clicked on

2020-09-08 11:34:17 - [TEST_STEP][PASSED] - click(findTestObject("Object Repository/FDR-System-Admin/FDR-ReferencePage/reference-data")): Object: 'Object Repository/FDR-System-Admin/FDR-ReferencePage/reference-data' is clicked on

2020-09-08 11:34:18 - [MESSAGE][PASSED] - Object: 'Object Repository/FDR-System-Admin/FDR-ReferencePage/reference-data' is clicked on

2020-09-08 11:34:18 - [TEST_STEP][PASSED] - setText(findTestObject("Object Repository/FDR-System-Admin/FDR-ReferencePage/referenceDataNameInput"), "fund"): Text 'fund' is set on object 'Object Repository/FDR-System-Admin/FDR-ReferencePage/referenceDataNameInput'

2020-09-08 11:34:19 - [MESSAGE][PASSED] - Text 'fund' is set on object 'Object Repository/FDR-System-Admin/FDR-ReferencePage/referenceDataNameInput'

2020-09-08 11:34:19 - [TEST_STEP][PASSED] - click(findTestObject("FDR-System-Admin/FDR-ReferencePage/fundReference/fundDetail/fund")): Object: 'Object Repository/FDR-System-Admin/FDR-ReferencePage/fundReference/fundDetail/fund' is clicked on

2020-09-08 11:34:19 - [MESSAGE][PASSED] - Object: 'Object Repository/FDR-System-Admin/FDR-ReferencePage/fundReference/fundDetail/fund' is clicked on

2020-09-08 11:34:19 - [TEST_STEP][PASSED] - waitForElementPresent(findTestObject("Object Repository/FDR-System-Admin/FDR-Add-Funds/addFundBtn"), 3): Object 'Object Repository/FDR-System-Admin/FDR-Add-Funds/addFundBtn' is present

2020-09-08 11:34:20 - [MESSAGE][PASSED] - Object 'Object Repository/FDR-System-Admin/FDR-Add-Funds/addFundBtn' is present

2020-09-08 11:34:20 - [TEST_STEP][PASSED] - click(findTestObject("Object Repository/FDR-System-Admin/FDR-Add-Funds/addFundBtn")): Object: 'Object Repository/FDR-System-Admin/FDR-Add-Funds/addFundBtn' is clicked on

2020-09-08 11:34:20 - [MESSAGE][PASSED] - Object: 'Object Repository/FDR-System-Admin/FDR-Add-Funds/addFundBtn' is clicked on

2020-09-08 11:34:20 - [TEST_STEP][PASSED] - waitForElementPresent(findTestObject("Object Repository/FDR-System-Admin/FDR-Add-Funds/newFundHeaderLabel"), 3): Object 'Object Repository/FDR-System-Admin/FDR-Add-Funds/newFundHeaderLabel' is present

2020-09-08 11:34:20 - [MESSAGE][PASSED] - Object 'Object Repository/FDR-System-Admin/FDR-Add-Funds/newFundHeaderLabel' is present

2020-09-08 11:34:20 - [TEST_STEP][PASSED] - code = RandomStringUtils.randomNumeric(7): null

2020-09-08 11:34:20 - [TEST_STEP][PASSED] - fundName = RandomStringUtils.randomAlphabetic(10): null

2020-09-08 11:34:20 - [TEST_STEP][PASSED] - waitForElementPresent(findTestObject("Object Repository/FDR-System-Admin/FDR-Add-Funds/fundCode"), 3): Object 'Object Repository/FDR-System-Admin/FDR-Add-Funds/fundCode' is present

2020-09-08 11:34:21 - [MESSAGE][PASSED] - Object 'Object Repository/FDR-System-Admin/FDR-Add-Funds/fundCode' is present

2020-09-08 11:34:21 - [TEST_STEP][PASSED] - setText(findTestObject("Object Repository/FDR-System-Admin/FDR-Add-Funds/fundCode"), code): Text '0701950' is set on object 'Object Repository/FDR-System-Admin/FDR-Add-Funds/fundCode'

2020-09-08 11:34:21 - [MESSAGE][PASSED] - Text '0701950' is set on object 'Object Repository/FDR-System-Admin/FDR-Add-Funds/fundCode'

2020-09-08 11:34:21 - [TEST_STEP][PASSED] - waitForElementPresent(findTestObject("Object Repository/FDR-System-Admin/FDR-Add-Funds/fundName"), 3): Object 'Object Repository/FDR-System-Admin/FDR-Add-Funds/fundName' is present

2020-09-08 11:34:22 - [MESSAGE][PASSED] - Object 'Object Repository/FDR-System-Admin/FDR-Add-Funds/fundName' is present

2020-09-08 11:34:22 - [TEST_STEP][PASSED] - setText(findTestObject("Object Repository/FDR-System-Admin/FDR-Add-Funds/fundName"), fundName): Text 'epeWkBtvGq' is set on object 'Object Repository/FDR-System-Admin/FDR-Add-Funds/fundName'

2020-09-08 11:34:23 - [MESSAGE][PASSED] - Text 'epeWkBtvGq' is set on object 'Object Repository/FDR-System-Admin/FDR-Add-Funds/fundName'

2020-09-08 11:34:23 - [TEST_STEP][PASSED] - waitForElementPresent(findTestObject("Object Repository/FDR-System-Admin/FDR-Add-Funds/addFundConfirmBtn"), 3): Object 'Object Repository/FDR-System-Admin/FDR-Add-Funds/addFundConfirmBtn' is present

2020-09-08 11:34:23 - [MESSAGE][PASSED] - Object 'Object Repository/FDR-System-Admin/FDR-Add-Funds/addFundConfirmBtn' is present

2020-09-08 11:34:23 - [TEST_STEP][PASSED] - click(findTestObject("Object Repository/FDR-System-Admin/FDR-Add-Funds/addFundConfirmBtn")): Object: 'Object Repository/FDR-System-Admin/FDR-Add-Funds/addFundConfirmBtn' is clicked on

2020-09-08 11:34:24 - [MESSAGE][PASSED] - Object: 'Object Repository/FDR-System-Admin/FDR-Add-Funds/addFundConfirmBtn' is clicked on

2020-09-08 11:34:24 - [TEST_STEP][PASSED] - waitForElementPresent(findTestObject("Object Repository/FDR-System-Admin/FDR-Add-Funds/fundHeader"), 3): Object 'Object Repository/FDR-System-Admin/FDR-Add-Funds/fundHeader' is present

2020-09-08 11:34:24 - [MESSAGE][PASSED] - Object 'Object Repository/FDR-System-Admin/FDR-Add-Funds/fundHeader' is present

2020-09-08 11:34:24 - [TEST_STEP][PASSED] - waitForElementPresent(findTestObject("Object Repository/FDR-System-Admin/FDR-Edit-Fund/fundElipsisBtn"), 3): Object 'Object Repository/FDR-System-Admin/FDR-Edit-Fund/fundElipsisBtn' is present

2020-09-08 11:34:25 - [MESSAGE][PASSED] - Object 'Object Repository/FDR-System-Admin/FDR-Edit-Fund/fundElipsisBtn' is present

2020-09-08 11:34:25 - [TEST_STEP][PASSED] - click(findTestObject("Object Repository/FDR-System-Admin/FDR-Edit-Fund/fundElipsisBtn")): Object: 'Object Repository/FDR-System-Admin/FDR-Edit-Fund/fundElipsisBtn' is clicked on

2020-09-08 11:34:25 - [MESSAGE][PASSED] - Object: 'Object Repository/FDR-System-Admin/FDR-Edit-Fund/fundElipsisBtn' is clicked on

2020-09-08 11:34:25 - [TEST_STEP][PASSED] - waitForElementPresent(findTestObject("Object Repository/FDR-System-Admin/FDR-Edit-Fund/fundEditBtn"), 3): Object 'Object Repository/FDR-System-Admin/FDR-Edit-Fund/fundEditBtn' is present

2020-09-08 11:34:25 - [MESSAGE][PASSED] - Object 'Object Repository/FDR-System-Admin/FDR-Edit-Fund/fundEditBtn' is present

2020-09-08 11:34:25 - [TEST_STEP][PASSED] - click(findTestObject("Object Repository/FDR-System-Admin/FDR-Edit-Fund/fundEditBtn")): Object: 'Object Repository/FDR-System-Admin/FDR-Edit-Fund/fundEditBtn' is clicked on

2020-09-08 11:34:26 - [MESSAGE][PASSED] - Object: 'Object Repository/FDR-System-Admin/FDR-Edit-Fund/fundEditBtn' is clicked on

2020-09-08 11:34:26 - [TEST_STEP][PASSED] - editFundName = RandomStringUtils.randomAlphabetic(10): null

2020-09-08 11:34:26 - [TEST_STEP][PASSED] - waitForElementPresent(findTestObject("Object Repository/FDR-System-Admin/FDR-Add-Funds/fundName"), 3): Object 'Object Repository/FDR-System-Admin/FDR-Add-Funds/fundName' is present

2020-09-08 11:34:27 - [MESSAGE][PASSED] - Object 'Object Repository/FDR-System-Admin/FDR-Add-Funds/fundName' is present

2020-09-08 11:34:27 - [TEST_STEP][PASSED] - doubleClick(findTestObject("Object Repository/FDR-System-Admin/FDR-Add-Funds/fundName")): Object: 'Object Repository/FDR-System-Admin/FDR-Add-Funds/fundName' is double clicked on

2020-09-08 11:34:27 - [MESSAGE][PASSED] - Object: 'Object Repository/FDR-System-Admin/FDR-Add-Funds/fundName' is double clicked on

2020-09-08 11:34:27 - [TEST_STEP][PASSED] - sendKeys(findTestObject("Object Repository/FDR-System-Admin/FDR-Add-Funds/fundName"), Keys.chord(BACK_SPACE)): Keys 'BACK_SPACE + ' sent to object: 'Object Repository/FDR-System-Admin/FDR-Add-Funds/fundName'

2020-09-08 11:34:27 - [MESSAGE][PASSED] - Keys 'BACK_SPACE + ' sent to object: 'Object Repository/FDR-System-Admin/FDR-Add-Funds/fundName'

2020-09-08 11:34:27 - [TEST_STEP][PASSED] - setText(findTestObject("Object Repository/FDR-System-Admin/FDR-Add-Funds/fundName"), editFundName): Text 'YssnFfQvAk' is set on object 'Object Repository/FDR-System-Admin/FDR-Add-Funds/fundName'

2020-09-08 11:34:28 - [MESSAGE][PASSED] - Text 'YssnFfQvAk' is set on object 'Object Repository/FDR-System-Admin/FDR-Add-Funds/fundName'

2020-09-08 11:34:28 - [TEST_STEP][PASSED] - waitForElementPresent(findTestObject("Object Repository/FDR-System-Admin/FDR-Edit-Fund/fundSaveBtn"), 3): Object 'Object Repository/FDR-System-Admin/FDR-Edit-Fund/fundSaveBtn' is present

2020-09-08 11:34:29 - [MESSAGE][PASSED] - Object 'Object Repository/FDR-System-Admin/FDR-Edit-Fund/fundSaveBtn' is present

2020-09-08 11:34:29 - [TEST_STEP][PASSED] - click(findTestObject("Object Repository/FDR-System-Admin/FDR-Edit-Fund/fundSaveBtn")): Object: 'Object Repository/FDR-System-Admin/FDR-Edit-Fund/fundSaveBtn' is clicked on

2020-09-08 11:34:29 - [MESSAGE][PASSED] - Object: 'Object Repository/FDR-System-Admin/FDR-Edit-Fund/fundSaveBtn' is clicked on

2020-09-08 11:34:29 - [TEST_STEP][PASSED] - waitForElementPresent(findTestObject("Object Repository/FDR-System-Admin/FDR-Add-Funds/fundHeader"), 3): Object 'Object Repository/FDR-System-Admin/FDR-Add-Funds/fundHeader' is present

2020-09-08 11:34:30 - [MESSAGE][PASSED] - Object 'Object Repository/FDR-System-Admin/FDR-Add-Funds/fundHeader' is present

2020-09-08 11:34:30 - [TEST_STEP][PASSED] - waitForElementPresent(findTestObject("Object Repository/FDR-System-Admin/FDR-Add-Funds/backToFunds"), 3): Object 'Object Repository/FDR-System-Admin/FDR-Add-Funds/backToFunds' is present

2020-09-08 11:34:30 - [MESSAGE][PASSED] - Object 'Object Repository/FDR-System-Admin/FDR-Add-Funds/backToFunds' is present

2020-09-08 11:34:30 - [TEST_STEP][PASSED] - click(findTestObject("Object Repository/FDR-System-Admin/FDR-Add-Funds/backToFunds")): Object: 'Object Repository/FDR-System-Admin/FDR-Add-Funds/backToFunds' is clicked on

2020-09-08 11:34:31 - [MESSAGE][PASSED] - Object: 'Object Repository/FDR-System-Admin/FDR-Add-Funds/backToFunds' is clicked on

2020-09-08 11:34:31 - [TEST_STEP][PASSED] - Start listener action : sampleAfterTestCase: null

2020-09-08 11:34:31 - [TEST_STEP][PASSED] - profileName = getExecutionProfile(): null

2020-09-08 11:34:31 - [TEST_STEP][PASSED] - switch (profileName): null

2020-09-08 11:34:31 - [TEST_STEP][PASSED] - case "superUser":: null

2020-09-08 11:34:31 - [TEST_STEP][PASSED] - return null: null

2020-09-08 11:34:31 - [TEST_STEP][PASSED] - Start listener action : afterTestCase: Browser is closed

2020-09-08 11:34:31 - [TEST_STEP][PASSED] - profileName = getExecutionProfile(): null

2020-09-08 11:34:31 - [TEST_STEP][PASSED] - if (profileName.equalsIgnoreCase("SysAdmin")): Browser is closed

2020-09-08 11:34:31 - [TEST_STEP][PASSED] - closeBrowser(): Browser is closed

2020-09-08 11:34:31 - [MESSAGE][PASSED] - Browser is closed

2020-09-08 11:34:31 - [TEST_STEP][PASSED] - Start listener action : sampleAfterTestCase: null

2020-09-08 11:34:31 - [TEST_STEP][PASSED] - profileName = getExecutionProfile(): null

2020-09-08 11:34:31 - [TEST_STEP][PASSED] - switch (profileName): null

2020-09-08 11:34:31 - [TEST_STEP][PASSED] - Default: null

2020-09-08 11:34:31 - [TEST_STEP][PASSED] - return null: null

2020-09-08 11:34:31 - [TEST_STEP][PASSED] - Start listener action : addFailedTCToList: null]]></system-out>
         <system-err><![CDATA[]]></system-err>
      </testcase>
      <testcase name="Test Cases/WEB-UI-TESTS/SysAdmin/ReferencePage/ReferenceDetail/FDR-Add-AccountDetailReview" time="37.469" classname="Test Cases/WEB-UI-TESTS/SysAdmin/ReferencePage/ReferenceDetail/FDR-Add-AccountDetailReview" status="PASSED">
         <system-out><![CDATA[2020-09-08 11:34:31 - [TEST_CASE][PASSED] - Test Cases/WEB-UI-TESTS/SysAdmin/ReferencePage/ReferenceDetail/FDR-Add-AccountDetailReview: Test Cases/WEB-UI-TESTS/SysAdmin/ReferencePage/ReferenceDetail/FDR-Add-AccountDetailReview

2020-09-08 11:34:31 - [TEST_STEP][PASSED] - Start listener action : sampleBeforeTestCase: null

2020-09-08 11:34:31 - [TEST_STEP][PASSED] - profileName = getExecutionProfile(): null

2020-09-08 11:34:31 - [TEST_STEP][PASSED] - switch (profileName): null

2020-09-08 11:34:31 - [TEST_STEP][PASSED] - case "superUser":: null

2020-09-08 11:34:31 - [TEST_STEP][PASSED] - return null: null

2020-09-08 11:34:31 - [TEST_STEP][PASSED] - Start listener action : beforeTestCase: Call Test Case 'Test Cases/WEB-UI-TESTS/SysAdmin/SystemAdmin-Login' successfully

2020-09-08 11:34:31 - [TEST_STEP][PASSED] - profileName = getExecutionProfile(): null

2020-09-08 11:34:31 - [TEST_STEP][PASSED] - if (profileName.equalsIgnoreCase("SysAdmin")): Call Test Case 'Test Cases/WEB-UI-TESTS/SysAdmin/SystemAdmin-Login' successfully

2020-09-08 11:34:31 - [TEST_STEP][PASSED] - callTestCase(findTestCase("Test Cases/WEB-UI-TESTS/SysAdmin/SystemAdmin-Login"), null): Call Test Case 'Test Cases/WEB-UI-TESTS/SysAdmin/SystemAdmin-Login' successfully

2020-09-08 11:34:31 - [TEST_CASE][PASSED] - Test Cases/WEB-UI-TESTS/SysAdmin/SystemAdmin-Login: Test Cases/WEB-UI-TESTS/SysAdmin/SystemAdmin-Login

2020-09-08 11:34:31 - [TEST_STEP][PASSED] - openBrowser(URL): Browser is opened with url: 'https://fdr-katalon.cammis-mod-dev.dhcs.ca.gov'

2020-09-08 11:34:31 - [MESSAGE][INFO] - Starting 'Chrome' driver

2020-09-08 11:34:31 - [MESSAGE][INFO] - Action delay is set to 0 milliseconds

2020-09-08 11:34:36 - [MESSAGE][PASSED] - Browser is opened with url: 'https://fdr-katalon.cammis-mod-dev.dhcs.ca.gov'

2020-09-08 11:34:36 - [TEST_STEP][PASSED] - maximizeWindow(): Current window maximized

2020-09-08 11:34:38 - [MESSAGE][PASSED] - Current window maximized

2020-09-08 11:34:38 - [TEST_STEP][PASSED] - refresh(): Refresh successfully

2020-09-08 11:34:38 - [MESSAGE][PASSED] - Refresh successfully

2020-09-08 11:34:38 - [TEST_STEP][PASSED] - delay(2): Delayed 2 second(s)

2020-09-08 11:34:40 - [MESSAGE][PASSED] - Delayed 2 second(s)

2020-09-08 11:34:40 - [TEST_STEP][PASSED] - waitForElementPresent(findTestObject("FDR-System-Admin/SysAdmin-SignIn/adminEmail"), 5): Object 'Object Repository/FDR-System-Admin/SysAdmin-SignIn/adminEmail' is present

2020-09-08 11:34:40 - [MESSAGE][PASSED] - Object 'Object Repository/FDR-System-Admin/SysAdmin-SignIn/adminEmail' is present

2020-09-08 11:34:40 - [TEST_STEP][PASSED] - setText(findTestObject("FDR-System-Admin/SysAdmin-SignIn/adminEmail"), adminEmail): Text 'fdr.test10@dhcs.ca.gov
' is set on object 'Object Repository/FDR-System-Admin/SysAdmin-SignIn/adminEmail'

2020-09-08 11:34:41 - [MESSAGE][PASSED] - Text 'fdr.test10@dhcs.ca.gov
' is set on object 'Object Repository/FDR-System-Admin/SysAdmin-SignIn/adminEmail'

2020-09-08 11:34:41 - [TEST_STEP][PASSED] - waitForElementPresent(findTestObject("FDR-System-Admin/SysAdmin-SignIn/adminUserName"), 5): Object 'Object Repository/FDR-System-Admin/SysAdmin-SignIn/adminUserName' is present

2020-09-08 11:34:44 - [MESSAGE][PASSED] - Object 'Object Repository/FDR-System-Admin/SysAdmin-SignIn/adminUserName' is present

2020-09-08 11:34:44 - [TEST_STEP][PASSED] - setText(findTestObject("FDR-System-Admin/SysAdmin-SignIn/adminUserName"), UserName): Text 'fdr.test10@dhcs.ca.gov' is set on object 'Object Repository/FDR-System-Admin/SysAdmin-SignIn/adminUserName'

2020-09-08 11:34:45 - [MESSAGE][PASSED] - Text 'fdr.test10@dhcs.ca.gov' is set on object 'Object Repository/FDR-System-Admin/SysAdmin-SignIn/adminUserName'

2020-09-08 11:34:45 - [TEST_STEP][PASSED] - setText(findTestObject("FDR-System-Admin/SysAdmin-SignIn/adminPass"), Password): Text 'Password18' is set on object 'Object Repository/FDR-System-Admin/SysAdmin-SignIn/adminPass'

2020-09-08 11:34:45 - [MESSAGE][PASSED] - Text 'Password18' is set on object 'Object Repository/FDR-System-Admin/SysAdmin-SignIn/adminPass'

2020-09-08 11:34:45 - [TEST_STEP][PASSED] - click(findTestObject("FDR-System-Admin/SysAdmin-SignIn/adminSignIn")): Object: 'Object Repository/FDR-System-Admin/SysAdmin-SignIn/adminSignIn' is clicked on

2020-09-08 11:34:47 - [MESSAGE][PASSED] - Object: 'Object Repository/FDR-System-Admin/SysAdmin-SignIn/adminSignIn' is clicked on

2020-09-08 11:34:47 - [TEST_STEP][PASSED] - waitForElementPresent(findTestObject("Object Repository/FDR-System-Admin/SysAdmin-Dashboard/maintainReferenceDataBtn"), 3): Object 'Object Repository/FDR-System-Admin/SysAdmin-Dashboard/maintainReferenceDataBtn' is present

2020-09-08 11:34:49 - [MESSAGE][PASSED] - Object 'Object Repository/FDR-System-Admin/SysAdmin-Dashboard/maintainReferenceDataBtn' is present

2020-09-08 11:34:49 - [TEST_STEP][PASSED] - verifyElementPresent(findTestObject("Object Repository/FDR-System-Admin/SysAdmin-Dashboard/maintainReferenceDataBtn"), Timeout): Object 'Object Repository/FDR-System-Admin/SysAdmin-Dashboard/maintainReferenceDataBtn' is present

2020-09-08 11:34:49 - [MESSAGE][PASSED] - Object 'Object Repository/FDR-System-Admin/SysAdmin-Dashboard/maintainReferenceDataBtn' is present

2020-09-08 11:34:49 - [TEST_STEP][PASSED] - refresh(): Refresh successfully

2020-09-08 11:34:50 - [MESSAGE][PASSED] - Refresh successfully

2020-09-08 11:34:50 - [MESSAGE][PASSED] - Call Test Case 'Test Cases/WEB-UI-TESTS/SysAdmin/SystemAdmin-Login' successfully

2020-09-08 11:34:50 - [TEST_STEP][PASSED] - Start listener action : sampleBeforeTestCase: null

2020-09-08 11:34:50 - [TEST_STEP][PASSED] - profileName = getExecutionProfile(): null

2020-09-08 11:34:50 - [TEST_STEP][PASSED] - testCaseId = testCaseContext.getTestCaseId(): null

2020-09-08 11:34:50 - [TEST_STEP][PASSED] - switch (profileName): null

2020-09-08 11:34:50 - [TEST_STEP][PASSED] - Default: null

2020-09-08 11:34:50 - [TEST_STEP][PASSED] - return null: null

2020-09-08 11:34:50 - [TEST_STEP][PASSED] - Start listener action : executeRows: null

2020-09-08 11:34:50 - [TEST_STEP][PASSED] - click(findTestObject("Object Repository/FDR-System-Admin/SysAdmin-Dashboard/maintainReferenceDataBtn")): Object: 'Object Repository/FDR-System-Admin/SysAdmin-Dashboard/maintainReferenceDataBtn' is clicked on

2020-09-08 11:34:50 - [MESSAGE][PASSED] - Object: 'Object Repository/FDR-System-Admin/SysAdmin-Dashboard/maintainReferenceDataBtn' is clicked on

2020-09-08 11:34:50 - [TEST_STEP][PASSED] - click(findTestObject("Object Repository/FDR-System-Admin/FDR-ReferencePage/reference-data")): Object: 'Object Repository/FDR-System-Admin/FDR-ReferencePage/reference-data' is clicked on

2020-09-08 11:34:51 - [MESSAGE][PASSED] - Object: 'Object Repository/FDR-System-Admin/FDR-ReferencePage/reference-data' is clicked on

2020-09-08 11:34:51 - [TEST_STEP][PASSED] - setText(findTestObject("Object Repository/FDR-System-Admin/FDR-ReferencePage/referenceDataNameInput"), "Account"): Text 'Account' is set on object 'Object Repository/FDR-System-Admin/FDR-ReferencePage/referenceDataNameInput'

2020-09-08 11:34:51 - [MESSAGE][PASSED] - Text 'Account' is set on object 'Object Repository/FDR-System-Admin/FDR-ReferencePage/referenceDataNameInput'

2020-09-08 11:34:51 - [TEST_STEP][PASSED] - click(findTestObject("Object Repository/FDR-System-Admin/FDR-ReferencePage/accountReference/accountDetail/accountRefClick")): Object: 'Object Repository/FDR-System-Admin/FDR-ReferencePage/accountReference/accountDetail/accountRefClick' is clicked on

2020-09-08 11:34:52 - [MESSAGE][PASSED] - Object: 'Object Repository/FDR-System-Admin/FDR-ReferencePage/accountReference/accountDetail/accountRefClick' is clicked on

2020-09-08 11:34:52 - [TEST_STEP][PASSED] - waitForElementPresent(findTestObject("FDR-System-Admin/FDR-Add-Account/addAccountbtn"), 3): Object 'Object Repository/FDR-System-Admin/FDR-Add-Account/addAccountbtn' is present

2020-09-08 11:34:53 - [MESSAGE][PASSED] - Object 'Object Repository/FDR-System-Admin/FDR-Add-Account/addAccountbtn' is present

2020-09-08 11:34:53 - [TEST_STEP][PASSED] - click(findTestObject("FDR-System-Admin/FDR-Add-Account/addAccountbtn")): Object: 'Object Repository/FDR-System-Admin/FDR-Add-Account/addAccountbtn' is clicked on

2020-09-08 11:34:53 - [MESSAGE][PASSED] - Object: 'Object Repository/FDR-System-Admin/FDR-Add-Account/addAccountbtn' is clicked on

2020-09-08 11:34:53 - [TEST_STEP][PASSED] - waitForElementPresent(findTestObject("FDR-System-Admin/FDR-Add-Account/accountCode"), 3): Object 'Object Repository/FDR-System-Admin/FDR-Add-Account/accountCode' is present

2020-09-08 11:34:53 - [MESSAGE][PASSED] - Object 'Object Repository/FDR-System-Admin/FDR-Add-Account/accountCode' is present

2020-09-08 11:34:53 - [TEST_STEP][PASSED] - accountCode = RandomStringUtils.randomNumeric(7): null

2020-09-08 11:34:53 - [TEST_STEP][PASSED] - setText(findTestObject("FDR-System-Admin/FDR-Add-Account/accountCode"), accountCode): Text '2797807' is set on object 'Object Repository/FDR-System-Admin/FDR-Add-Account/accountCode'

2020-09-08 11:34:54 - [MESSAGE][PASSED] - Text '2797807' is set on object 'Object Repository/FDR-System-Admin/FDR-Add-Account/accountCode'

2020-09-08 11:34:54 - [TEST_STEP][PASSED] - waitForElementPresent(findTestObject("FDR-System-Admin/FDR-Add-Account/accountName"), 3): Object 'Object Repository/FDR-System-Admin/FDR-Add-Account/accountName' is present

2020-09-08 11:34:54 - [MESSAGE][PASSED] - Object 'Object Repository/FDR-System-Admin/FDR-Add-Account/accountName' is present

2020-09-08 11:34:54 - [TEST_STEP][PASSED] - accountName = RandomStringUtils.randomAlphabetic(10): null

2020-09-08 11:34:54 - [TEST_STEP][PASSED] - setText(findTestObject("FDR-System-Admin/FDR-Add-Account/accountName"), accountName): Text 'RNAMWXkUda' is set on object 'Object Repository/FDR-System-Admin/FDR-Add-Account/accountName'

2020-09-08 11:34:55 - [MESSAGE][PASSED] - Text 'RNAMWXkUda' is set on object 'Object Repository/FDR-System-Admin/FDR-Add-Account/accountName'

2020-09-08 11:34:55 - [TEST_STEP][PASSED] - waitForElementPresent(findTestObject("FDR-System-Admin/FDR-Add-Account/addAccountConfirmbtn"), 3): Object 'Object Repository/FDR-System-Admin/FDR-Add-Account/addAccountConfirmbtn' is present

2020-09-08 11:34:56 - [MESSAGE][PASSED] - Object 'Object Repository/FDR-System-Admin/FDR-Add-Account/addAccountConfirmbtn' is present

2020-09-08 11:34:56 - [TEST_STEP][PASSED] - click(findTestObject("FDR-System-Admin/FDR-Add-Account/addAccountConfirmbtn")): Object: 'Object Repository/FDR-System-Admin/FDR-Add-Account/addAccountConfirmbtn' is clicked on

2020-09-08 11:34:56 - [MESSAGE][PASSED] - Object: 'Object Repository/FDR-System-Admin/FDR-Add-Account/addAccountConfirmbtn' is clicked on

2020-09-08 11:34:56 - [TEST_STEP][PASSED] - waitForElementPresent(findTestObject("FDR-System-Admin/FDR-Edit-Account/editAccountEllipsis"), 3): Object 'Object Repository/FDR-System-Admin/FDR-Edit-Account/editAccountEllipsis' is present

2020-09-08 11:34:57 - [MESSAGE][PASSED] - Object 'Object Repository/FDR-System-Admin/FDR-Edit-Account/editAccountEllipsis' is present

2020-09-08 11:34:57 - [TEST_STEP][PASSED] - click(findTestObject("FDR-System-Admin/FDR-Edit-Account/editAccountEllipsis")): Object: 'Object Repository/FDR-System-Admin/FDR-Edit-Account/editAccountEllipsis' is clicked on

2020-09-08 11:34:57 - [MESSAGE][PASSED] - Object: 'Object Repository/FDR-System-Admin/FDR-Edit-Account/editAccountEllipsis' is clicked on

2020-09-08 11:34:57 - [TEST_STEP][PASSED] - waitForElementPresent(findTestObject("FDR-System-Admin/FDR-Edit-Account/editAccountBtn"), 3): Object 'Object Repository/FDR-System-Admin/FDR-Edit-Account/editAccountBtn' is present

2020-09-08 11:34:57 - [MESSAGE][PASSED] - Object 'Object Repository/FDR-System-Admin/FDR-Edit-Account/editAccountBtn' is present

2020-09-08 11:34:57 - [TEST_STEP][PASSED] - click(findTestObject("FDR-System-Admin/FDR-Edit-Account/editAccountBtn")): Object: 'Object Repository/FDR-System-Admin/FDR-Edit-Account/editAccountBtn' is clicked on

2020-09-08 11:34:58 - [MESSAGE][PASSED] - Object: 'Object Repository/FDR-System-Admin/FDR-Edit-Account/editAccountBtn' is clicked on

2020-09-08 11:34:58 - [TEST_STEP][PASSED] - waitForElementPresent(findTestObject("FDR-System-Admin/FDR-Edit-Account/editAccountLabel"), 3): Object 'Object Repository/FDR-System-Admin/FDR-Edit-Account/editAccountLabel' is present

2020-09-08 11:34:58 - [MESSAGE][PASSED] - Object 'Object Repository/FDR-System-Admin/FDR-Edit-Account/editAccountLabel' is present

2020-09-08 11:34:58 - [TEST_STEP][PASSED] - editAccountLabel = getText(findTestObject("FDR-System-Admin/FDR-Edit-Account/editAccountLabel")): Text of object 'Object Repository/FDR-System-Admin/FDR-Edit-Account/editAccountLabel' is: 'Edit Account'

2020-09-08 11:34:59 - [MESSAGE][PASSED] - Text of object 'Object Repository/FDR-System-Admin/FDR-Edit-Account/editAccountLabel' is: 'Edit Account'

2020-09-08 11:34:59 - [TEST_STEP][PASSED] - assert editAccountLabel == "Edit Account": null

2020-09-08 11:34:59 - [TEST_STEP][PASSED] - editAccountCode = RandomStringUtils.randomNumeric(7): null

2020-09-08 11:34:59 - [TEST_STEP][PASSED] - editAccountName = RandomStringUtils.randomAlphabetic(10): null

2020-09-08 11:34:59 - [TEST_STEP][PASSED] - waitForElementPresent(findTestObject("FDR-System-Admin/FDR-Add-Account/accountCode"), 3): Object 'Object Repository/FDR-System-Admin/FDR-Add-Account/accountCode' is present

2020-09-08 11:34:59 - [MESSAGE][PASSED] - Object 'Object Repository/FDR-System-Admin/FDR-Add-Account/accountCode' is present

2020-09-08 11:34:59 - [TEST_STEP][PASSED] - doubleClick(findTestObject("FDR-System-Admin/FDR-Add-Account/accountCode")): Object: 'Object Repository/FDR-System-Admin/FDR-Add-Account/accountCode' is double clicked on

2020-09-08 11:34:59 - [MESSAGE][PASSED] - Object: 'Object Repository/FDR-System-Admin/FDR-Add-Account/accountCode' is double clicked on

2020-09-08 11:34:59 - [TEST_STEP][PASSED] - sendKeys(findTestObject("FDR-System-Admin/FDR-Add-Account/accountCode"), Keys.chord(BACK_SPACE)): Keys 'BACK_SPACE + ' sent to object: 'Object Repository/FDR-System-Admin/FDR-Add-Account/accountCode'

2020-09-08 11:35:00 - [MESSAGE][PASSED] - Keys 'BACK_SPACE + ' sent to object: 'Object Repository/FDR-System-Admin/FDR-Add-Account/accountCode'

2020-09-08 11:35:00 - [TEST_STEP][PASSED] - waitForElementPresent(findTestObject("FDR-System-Admin/FDR-Add-Account/accountCode"), 3): Object 'Object Repository/FDR-System-Admin/FDR-Add-Account/accountCode' is present

2020-09-08 11:35:00 - [MESSAGE][PASSED] - Object 'Object Repository/FDR-System-Admin/FDR-Add-Account/accountCode' is present

2020-09-08 11:35:00 - [TEST_STEP][PASSED] - setText(findTestObject("FDR-System-Admin/FDR-Add-Account/accountCode"), editAccountCode): Text '0831809' is set on object 'Object Repository/FDR-System-Admin/FDR-Add-Account/accountCode'

2020-09-08 11:35:01 - [MESSAGE][PASSED] - Text '0831809' is set on object 'Object Repository/FDR-System-Admin/FDR-Add-Account/accountCode'

2020-09-08 11:35:01 - [TEST_STEP][PASSED] - waitForElementPresent(findTestObject("FDR-System-Admin/FDR-Add-Account/accountName"), 3): Object 'Object Repository/FDR-System-Admin/FDR-Add-Account/accountName' is present

2020-09-08 11:35:02 - [MESSAGE][PASSED] - Object 'Object Repository/FDR-System-Admin/FDR-Add-Account/accountName' is present

2020-09-08 11:35:02 - [TEST_STEP][PASSED] - doubleClick(findTestObject("FDR-System-Admin/FDR-Add-Account/accountName")): Object: 'Object Repository/FDR-System-Admin/FDR-Add-Account/accountName' is double clicked on

2020-09-08 11:35:02 - [MESSAGE][PASSED] - Object: 'Object Repository/FDR-System-Admin/FDR-Add-Account/accountName' is double clicked on

2020-09-08 11:35:02 - [TEST_STEP][PASSED] - sendKeys(findTestObject("FDR-System-Admin/FDR-Add-Account/accountName"), Keys.chord(BACK_SPACE)): Keys 'BACK_SPACE + ' sent to object: 'Object Repository/FDR-System-Admin/FDR-Add-Account/accountName'

2020-09-08 11:35:03 - [MESSAGE][PASSED] - Keys 'BACK_SPACE + ' sent to object: 'Object Repository/FDR-System-Admin/FDR-Add-Account/accountName'

2020-09-08 11:35:03 - [TEST_STEP][PASSED] - waitForElementPresent(findTestObject("FDR-System-Admin/FDR-Add-Account/accountName"), 3): Object 'Object Repository/FDR-System-Admin/FDR-Add-Account/accountName' is present

2020-09-08 11:35:03 - [MESSAGE][PASSED] - Object 'Object Repository/FDR-System-Admin/FDR-Add-Account/accountName' is present

2020-09-08 11:35:03 - [TEST_STEP][PASSED] - setText(findTestObject("FDR-System-Admin/FDR-Add-Account/accountName"), editAccountName): Text 'GOdDQqrXHq' is set on object 'Object Repository/FDR-System-Admin/FDR-Add-Account/accountName'

2020-09-08 11:35:04 - [MESSAGE][PASSED] - Text 'GOdDQqrXHq' is set on object 'Object Repository/FDR-System-Admin/FDR-Add-Account/accountName'

2020-09-08 11:35:04 - [TEST_STEP][PASSED] - waitForElementPresent(findTestObject("FDR-System-Admin/FDR-Edit-Account/editSaveBtn"), 3): Object 'Object Repository/FDR-System-Admin/FDR-Edit-Account/editSaveBtn' is present

2020-09-08 11:35:05 - [MESSAGE][PASSED] - Object 'Object Repository/FDR-System-Admin/FDR-Edit-Account/editSaveBtn' is present

2020-09-08 11:35:05 - [TEST_STEP][PASSED] - click(findTestObject("FDR-System-Admin/FDR-Edit-Account/editSaveBtn")): Object: 'Object Repository/FDR-System-Admin/FDR-Edit-Account/editSaveBtn' is clicked on

2020-09-08 11:35:05 - [MESSAGE][PASSED] - Object: 'Object Repository/FDR-System-Admin/FDR-Edit-Account/editSaveBtn' is clicked on

2020-09-08 11:35:05 - [TEST_STEP][PASSED] - waitForElementPresent(findTestObject("FDR-System-Admin/FDR-ReferencePage/accountReference/accountDetail/accountHeader"), 3): Object 'Object Repository/FDR-System-Admin/FDR-ReferencePage/accountReference/accountDetail/accountHeader' is present

2020-09-08 11:35:06 - [MESSAGE][PASSED] - Object 'Object Repository/FDR-System-Admin/FDR-ReferencePage/accountReference/accountDetail/accountHeader' is present

2020-09-08 11:35:06 - [TEST_STEP][PASSED] - waitForElementPresent(findTestObject("FDR-System-Admin/FDR-Add-Account/backToAccountsPage"), 3): Object 'Object Repository/FDR-System-Admin/FDR-Add-Account/backToAccountsPage' is present

2020-09-08 11:35:06 - [MESSAGE][PASSED] - Object 'Object Repository/FDR-System-Admin/FDR-Add-Account/backToAccountsPage' is present

2020-09-08 11:35:06 - [TEST_STEP][PASSED] - click(findTestObject("FDR-System-Admin/FDR-Add-Account/backToAccountsPage")): Object: 'Object Repository/FDR-System-Admin/FDR-Add-Account/backToAccountsPage' is clicked on

2020-09-08 11:35:06 - [MESSAGE][PASSED] - Object: 'Object Repository/FDR-System-Admin/FDR-Add-Account/backToAccountsPage' is clicked on

2020-09-08 11:35:06 - [TEST_STEP][PASSED] - if (verifyElementPresent(findTestObject("Object Repository/FDR-System-Admin/FDR-ReferencePage/firstRowOfRefData"), 2)): null

2020-09-08 11:35:07 - [MESSAGE][PASSED] - Object 'Object Repository/FDR-System-Admin/FDR-ReferencePage/firstRowOfRefData' is present

2020-09-08 11:35:07 - [TEST_STEP][PASSED] - click(findTestObject("Object Repository/FDR-System-Admin/FDR-ReferencePage/firstRowOfRefData")): Object: 'Object Repository/FDR-System-Admin/FDR-ReferencePage/firstRowOfRefData' is clicked on

2020-09-08 11:35:07 - [MESSAGE][PASSED] - Object: 'Object Repository/FDR-System-Admin/FDR-ReferencePage/firstRowOfRefData' is clicked on

2020-09-08 11:35:07 - [TEST_STEP][PASSED] - waitForElementPresent(findTestObject("FDR-System-Admin/FDR-ReferencePage/accountReference/accountDetail/accountHeader"), 3): Object 'Object Repository/FDR-System-Admin/FDR-ReferencePage/accountReference/accountDetail/accountHeader' is present

2020-09-08 11:35:08 - [MESSAGE][PASSED] - Object 'Object Repository/FDR-System-Admin/FDR-ReferencePage/accountReference/accountDetail/accountHeader' is present

2020-09-08 11:35:08 - [TEST_STEP][PASSED] - label = getText(findTestObject("FDR-System-Admin/FDR-ReferencePage/accountReference/accountDetail/accountCode")): Text of object 'Object Repository/FDR-System-Admin/FDR-ReferencePage/accountReference/accountDetail/accountCode' is: 'ACCOUNT CODE'

2020-09-08 11:35:08 - [MESSAGE][PASSED] - Text of object 'Object Repository/FDR-System-Admin/FDR-ReferencePage/accountReference/accountDetail/accountCode' is: 'ACCOUNT CODE'

2020-09-08 11:35:08 - [TEST_STEP][PASSED] - print(label): null

2020-09-08 11:35:08 - [TEST_STEP][PASSED] - assert label == "ACCOUNT CODE": null

2020-09-08 11:35:08 - [TEST_STEP][PASSED] - Start listener action : sampleAfterTestCase: null

2020-09-08 11:35:08 - [TEST_STEP][PASSED] - profileName = getExecutionProfile(): null

2020-09-08 11:35:08 - [TEST_STEP][PASSED] - switch (profileName): null

2020-09-08 11:35:08 - [TEST_STEP][PASSED] - case "superUser":: null

2020-09-08 11:35:08 - [TEST_STEP][PASSED] - return null: null

2020-09-08 11:35:08 - [TEST_STEP][PASSED] - Start listener action : afterTestCase: Browser is closed

2020-09-08 11:35:08 - [TEST_STEP][PASSED] - profileName = getExecutionProfile(): null

2020-09-08 11:35:08 - [TEST_STEP][PASSED] - if (profileName.equalsIgnoreCase("SysAdmin")): Browser is closed

2020-09-08 11:35:08 - [TEST_STEP][PASSED] - closeBrowser(): Browser is closed

2020-09-08 11:35:09 - [MESSAGE][PASSED] - Browser is closed

2020-09-08 11:35:09 - [TEST_STEP][PASSED] - Start listener action : sampleAfterTestCase: null

2020-09-08 11:35:09 - [TEST_STEP][PASSED] - profileName = getExecutionProfile(): null

2020-09-08 11:35:09 - [TEST_STEP][PASSED] - switch (profileName): null

2020-09-08 11:35:09 - [TEST_STEP][PASSED] - Default: null

2020-09-08 11:35:09 - [TEST_STEP][PASSED] - return null: null

2020-09-08 11:35:09 - [TEST_STEP][PASSED] - Start listener action : addFailedTCToList: null]]></system-out>
         <system-err><![CDATA[]]></system-err>
      </testcase>
      <testcase name="Test Cases/WEB-UI-TESTS/SysAdmin/ReferencePage/ReferenceDetail/FDR-Add-FundCodeDetailReview" time="39.618" classname="Test Cases/WEB-UI-TESTS/SysAdmin/ReferencePage/ReferenceDetail/FDR-Add-FundCodeDetailReview" status="PASSED">
         <system-out><![CDATA[2020-09-08 11:35:09 - [TEST_CASE][PASSED] - Test Cases/WEB-UI-TESTS/SysAdmin/ReferencePage/ReferenceDetail/FDR-Add-FundCodeDetailReview: Test Cases/WEB-UI-TESTS/SysAdmin/ReferencePage/ReferenceDetail/FDR-Add-FundCodeDetailReview

2020-09-08 11:35:09 - [TEST_STEP][PASSED] - Start listener action : sampleBeforeTestCase: null

2020-09-08 11:35:09 - [TEST_STEP][PASSED] - profileName = getExecutionProfile(): null

2020-09-08 11:35:09 - [TEST_STEP][PASSED] - switch (profileName): null

2020-09-08 11:35:09 - [TEST_STEP][PASSED] - case "superUser":: null

2020-09-08 11:35:09 - [TEST_STEP][PASSED] - return null: null

2020-09-08 11:35:09 - [TEST_STEP][PASSED] - Start listener action : beforeTestCase: Call Test Case 'Test Cases/WEB-UI-TESTS/SysAdmin/SystemAdmin-Login' successfully

2020-09-08 11:35:09 - [TEST_STEP][PASSED] - profileName = getExecutionProfile(): null

2020-09-08 11:35:09 - [TEST_STEP][PASSED] - if (profileName.equalsIgnoreCase("SysAdmin")): Call Test Case 'Test Cases/WEB-UI-TESTS/SysAdmin/SystemAdmin-Login' successfully

2020-09-08 11:35:09 - [TEST_STEP][PASSED] - callTestCase(findTestCase("Test Cases/WEB-UI-TESTS/SysAdmin/SystemAdmin-Login"), null): Call Test Case 'Test Cases/WEB-UI-TESTS/SysAdmin/SystemAdmin-Login' successfully

2020-09-08 11:35:09 - [TEST_CASE][PASSED] - Test Cases/WEB-UI-TESTS/SysAdmin/SystemAdmin-Login: Test Cases/WEB-UI-TESTS/SysAdmin/SystemAdmin-Login

2020-09-08 11:35:09 - [TEST_STEP][PASSED] - openBrowser(URL): Browser is opened with url: 'https://fdr-katalon.cammis-mod-dev.dhcs.ca.gov'

2020-09-08 11:35:09 - [MESSAGE][INFO] - Starting 'Chrome' driver

2020-09-08 11:35:09 - [MESSAGE][INFO] - Action delay is set to 0 milliseconds

2020-09-08 11:35:13 - [MESSAGE][PASSED] - Browser is opened with url: 'https://fdr-katalon.cammis-mod-dev.dhcs.ca.gov'

2020-09-08 11:35:13 - [TEST_STEP][PASSED] - maximizeWindow(): Current window maximized

2020-09-08 11:35:15 - [MESSAGE][PASSED] - Current window maximized

2020-09-08 11:35:15 - [TEST_STEP][PASSED] - refresh(): Refresh successfully

2020-09-08 11:35:15 - [MESSAGE][PASSED] - Refresh successfully

2020-09-08 11:35:15 - [TEST_STEP][PASSED] - delay(2): Delayed 2 second(s)

2020-09-08 11:35:17 - [MESSAGE][PASSED] - Delayed 2 second(s)

2020-09-08 11:35:17 - [TEST_STEP][PASSED] - waitForElementPresent(findTestObject("FDR-System-Admin/SysAdmin-SignIn/adminEmail"), 5): Object 'Object Repository/FDR-System-Admin/SysAdmin-SignIn/adminEmail' is present

2020-09-08 11:35:18 - [MESSAGE][PASSED] - Object 'Object Repository/FDR-System-Admin/SysAdmin-SignIn/adminEmail' is present

2020-09-08 11:35:18 - [TEST_STEP][PASSED] - setText(findTestObject("FDR-System-Admin/SysAdmin-SignIn/adminEmail"), adminEmail): Text 'fdr.test10@dhcs.ca.gov
' is set on object 'Object Repository/FDR-System-Admin/SysAdmin-SignIn/adminEmail'

2020-09-08 11:35:18 - [MESSAGE][PASSED] - Text 'fdr.test10@dhcs.ca.gov
' is set on object 'Object Repository/FDR-System-Admin/SysAdmin-SignIn/adminEmail'

2020-09-08 11:35:18 - [TEST_STEP][PASSED] - waitForElementPresent(findTestObject("FDR-System-Admin/SysAdmin-SignIn/adminUserName"), 5): Object 'Object Repository/FDR-System-Admin/SysAdmin-SignIn/adminUserName' is present

2020-09-08 11:35:22 - [MESSAGE][PASSED] - Object 'Object Repository/FDR-System-Admin/SysAdmin-SignIn/adminUserName' is present

2020-09-08 11:35:22 - [TEST_STEP][PASSED] - setText(findTestObject("FDR-System-Admin/SysAdmin-SignIn/adminUserName"), UserName): Text 'fdr.test10@dhcs.ca.gov' is set on object 'Object Repository/FDR-System-Admin/SysAdmin-SignIn/adminUserName'

2020-09-08 11:35:22 - [MESSAGE][PASSED] - Text 'fdr.test10@dhcs.ca.gov' is set on object 'Object Repository/FDR-System-Admin/SysAdmin-SignIn/adminUserName'

2020-09-08 11:35:22 - [TEST_STEP][PASSED] - setText(findTestObject("FDR-System-Admin/SysAdmin-SignIn/adminPass"), Password): Text 'Password18' is set on object 'Object Repository/FDR-System-Admin/SysAdmin-SignIn/adminPass'

2020-09-08 11:35:23 - [MESSAGE][PASSED] - Text 'Password18' is set on object 'Object Repository/FDR-System-Admin/SysAdmin-SignIn/adminPass'

2020-09-08 11:35:23 - [TEST_STEP][PASSED] - click(findTestObject("FDR-System-Admin/SysAdmin-SignIn/adminSignIn")): Object: 'Object Repository/FDR-System-Admin/SysAdmin-SignIn/adminSignIn' is clicked on

2020-09-08 11:35:24 - [MESSAGE][PASSED] - Object: 'Object Repository/FDR-System-Admin/SysAdmin-SignIn/adminSignIn' is clicked on

2020-09-08 11:35:24 - [TEST_STEP][PASSED] - waitForElementPresent(findTestObject("Object Repository/FDR-System-Admin/SysAdmin-Dashboard/maintainReferenceDataBtn"), 3): Object 'Object Repository/FDR-System-Admin/SysAdmin-Dashboard/maintainReferenceDataBtn' is present

2020-09-08 11:35:26 - [MESSAGE][PASSED] - Object 'Object Repository/FDR-System-Admin/SysAdmin-Dashboard/maintainReferenceDataBtn' is present

2020-09-08 11:35:26 - [TEST_STEP][PASSED] - verifyElementPresent(findTestObject("Object Repository/FDR-System-Admin/SysAdmin-Dashboard/maintainReferenceDataBtn"), Timeout): Object 'Object Repository/FDR-System-Admin/SysAdmin-Dashboard/maintainReferenceDataBtn' is present

2020-09-08 11:35:26 - [MESSAGE][PASSED] - Object 'Object Repository/FDR-System-Admin/SysAdmin-Dashboard/maintainReferenceDataBtn' is present

2020-09-08 11:35:26 - [TEST_STEP][PASSED] - refresh(): Refresh successfully

2020-09-08 11:35:27 - [MESSAGE][PASSED] - Refresh successfully

2020-09-08 11:35:27 - [MESSAGE][PASSED] - Call Test Case 'Test Cases/WEB-UI-TESTS/SysAdmin/SystemAdmin-Login' successfully

2020-09-08 11:35:27 - [TEST_STEP][PASSED] - Start listener action : sampleBeforeTestCase: null

2020-09-08 11:35:27 - [TEST_STEP][PASSED] - profileName = getExecutionProfile(): null

2020-09-08 11:35:27 - [TEST_STEP][PASSED] - testCaseId = testCaseContext.getTestCaseId(): null

2020-09-08 11:35:27 - [TEST_STEP][PASSED] - switch (profileName): null

2020-09-08 11:35:27 - [TEST_STEP][PASSED] - Default: null

2020-09-08 11:35:27 - [TEST_STEP][PASSED] - return null: null

2020-09-08 11:35:27 - [TEST_STEP][PASSED] - Start listener action : executeRows: null

2020-09-08 11:35:28 - [TEST_STEP][PASSED] - click(findTestObject("Object Repository/FDR-System-Admin/SysAdmin-Dashboard/maintainReferenceDataBtn")): Object: 'Object Repository/FDR-System-Admin/SysAdmin-Dashboard/maintainReferenceDataBtn' is clicked on

2020-09-08 11:35:28 - [MESSAGE][PASSED] - Object: 'Object Repository/FDR-System-Admin/SysAdmin-Dashboard/maintainReferenceDataBtn' is clicked on

2020-09-08 11:35:28 - [TEST_STEP][PASSED] - click(findTestObject("Object Repository/FDR-System-Admin/FDR-ReferencePage/reference-data")): Object: 'Object Repository/FDR-System-Admin/FDR-ReferencePage/reference-data' is clicked on

2020-09-08 11:35:28 - [MESSAGE][PASSED] - Object: 'Object Repository/FDR-System-Admin/FDR-ReferencePage/reference-data' is clicked on

2020-09-08 11:35:28 - [TEST_STEP][PASSED] - setText(findTestObject("Object Repository/FDR-System-Admin/FDR-ReferencePage/referenceDataNameInput"), "fund Code"): Text 'fund Code' is set on object 'Object Repository/FDR-System-Admin/FDR-ReferencePage/referenceDataNameInput'

2020-09-08 11:35:29 - [MESSAGE][PASSED] - Text 'fund Code' is set on object 'Object Repository/FDR-System-Admin/FDR-ReferencePage/referenceDataNameInput'

2020-09-08 11:35:29 - [TEST_STEP][PASSED] - click(findTestObject("FDR-System-Admin/FDR-ReferencePage/fundCodeReference/fundCodeDetail/fundCode")): Object: 'Object Repository/FDR-System-Admin/FDR-ReferencePage/fundCodeReference/fundCodeDetail/fundCode' is clicked on

2020-09-08 11:35:30 - [MESSAGE][PASSED] - Object: 'Object Repository/FDR-System-Admin/FDR-ReferencePage/fundCodeReference/fundCodeDetail/fundCode' is clicked on

2020-09-08 11:35:30 - [TEST_STEP][PASSED] - waitForElementPresent(findTestObject("Object Repository/FDR-System-Admin/FDR-Add-FundCode/addFundCodeBtn"), 3): Object 'Object Repository/FDR-System-Admin/FDR-Add-FundCode/addFundCodeBtn' is present

2020-09-08 11:35:30 - [MESSAGE][PASSED] - Object 'Object Repository/FDR-System-Admin/FDR-Add-FundCode/addFundCodeBtn' is present

2020-09-08 11:35:30 - [TEST_STEP][PASSED] - click(findTestObject("Object Repository/FDR-System-Admin/FDR-Add-FundCode/addFundCodeBtn")): Object: 'Object Repository/FDR-System-Admin/FDR-Add-FundCode/addFundCodeBtn' is clicked on

2020-09-08 11:35:31 - [MESSAGE][PASSED] - Object: 'Object Repository/FDR-System-Admin/FDR-Add-FundCode/addFundCodeBtn' is clicked on

2020-09-08 11:35:31 - [TEST_STEP][PASSED] - waitForElementPresent(findTestObject("Object Repository/FDR-System-Admin/FDR-Add-FundCode/newFundCodeHeader"), 3): Object 'Object Repository/FDR-System-Admin/FDR-Add-FundCode/newFundCodeHeader' is present

2020-09-08 11:35:31 - [MESSAGE][PASSED] - Object 'Object Repository/FDR-System-Admin/FDR-Add-FundCode/newFundCodeHeader' is present

2020-09-08 11:35:31 - [TEST_STEP][PASSED] - waitForElementPresent(findTestObject("Object Repository/FDR-System-Admin/FDR-Add-FundCode/fundCodeText"), 3): Object 'Object Repository/FDR-System-Admin/FDR-Add-FundCode/fundCodeText' is present

2020-09-08 11:35:31 - [MESSAGE][PASSED] - Object 'Object Repository/FDR-System-Admin/FDR-Add-FundCode/fundCodeText' is present

2020-09-08 11:35:31 - [TEST_STEP][PASSED] - fundCode = RandomStringUtils.randomNumeric(5): null

2020-09-08 11:35:31 - [TEST_STEP][PASSED] - setText(findTestObject("Object Repository/FDR-System-Admin/FDR-Add-FundCode/fundCodeText"), fundCode): Text '77859' is set on object 'Object Repository/FDR-System-Admin/FDR-Add-FundCode/fundCodeText'

2020-09-08 11:35:32 - [MESSAGE][PASSED] - Text '77859' is set on object 'Object Repository/FDR-System-Admin/FDR-Add-FundCode/fundCodeText'

2020-09-08 11:35:32 - [TEST_STEP][PASSED] - waitForElementPresent(findTestObject("Object Repository/FDR-System-Admin/FDR-Add-FundCode/fundCodeNameText"), 3): Object 'Object Repository/FDR-System-Admin/FDR-Add-FundCode/fundCodeNameText' is present

2020-09-08 11:35:32 - [MESSAGE][PASSED] - Object 'Object Repository/FDR-System-Admin/FDR-Add-FundCode/fundCodeNameText' is present

2020-09-08 11:35:32 - [TEST_STEP][PASSED] - fundCodeName = randomAlphabetic(5).toUpperCase(): null

2020-09-08 11:35:32 - [TEST_STEP][PASSED] - setText(findTestObject("Object Repository/FDR-System-Admin/FDR-Add-FundCode/fundCodeNameText"), "Health " + fundCodeName + " Fund"): Text 'Health UMNDI Fund' is set on object 'Object Repository/FDR-System-Admin/FDR-Add-FundCode/fundCodeNameText'

2020-09-08 11:35:33 - [MESSAGE][PASSED] - Text 'Health UMNDI Fund' is set on object 'Object Repository/FDR-System-Admin/FDR-Add-FundCode/fundCodeNameText'

2020-09-08 11:35:33 - [TEST_STEP][PASSED] - waitForElementPresent(findTestObject("Object Repository/FDR-System-Admin/FDR-Add-FundCode/accountDropdown"), 3): Object 'Object Repository/FDR-System-Admin/FDR-Add-FundCode/accountDropdown' is present

2020-09-08 11:35:34 - [MESSAGE][PASSED] - Object 'Object Repository/FDR-System-Admin/FDR-Add-FundCode/accountDropdown' is present

2020-09-08 11:35:34 - [TEST_STEP][PASSED] - setText(findTestObject("Object Repository/FDR-System-Admin/FDR-Add-FundCode/accountDropdown"), "Grants and Subdivisions - Governmental"): Text 'Grants and Subdivisions - Governmental' is set on object 'Object Repository/FDR-System-Admin/FDR-Add-FundCode/accountDropdown'

2020-09-08 11:35:35 - [MESSAGE][PASSED] - Text 'Grants and Subdivisions - Governmental' is set on object 'Object Repository/FDR-System-Admin/FDR-Add-FundCode/accountDropdown'

2020-09-08 11:35:35 - [TEST_STEP][PASSED] - waitForElementPresent(findTestObject("Object Repository/FDR-System-Admin/FDR-Add-FundCode/accountOption"), 3): Object 'Object Repository/FDR-System-Admin/FDR-Add-FundCode/accountOption' is present

2020-09-08 11:35:35 - [MESSAGE][PASSED] - Object 'Object Repository/FDR-System-Admin/FDR-Add-FundCode/accountOption' is present

2020-09-08 11:35:35 - [TEST_STEP][PASSED] - click(findTestObject("Object Repository/FDR-System-Admin/FDR-Add-FundCode/accountOption")): Object: 'Object Repository/FDR-System-Admin/FDR-Add-FundCode/accountOption' is clicked on

2020-09-08 11:35:35 - [MESSAGE][PASSED] - Object: 'Object Repository/FDR-System-Admin/FDR-Add-FundCode/accountOption' is clicked on

2020-09-08 11:35:35 - [TEST_STEP][PASSED] - waitForElementPresent(findTestObject("Object Repository/FDR-System-Admin/FDR-Add-FundCode/reportingStructureText"), 3): Object 'Object Repository/FDR-System-Admin/FDR-Add-FundCode/reportingStructureText' is present

2020-09-08 11:35:36 - [MESSAGE][PASSED] - Object 'Object Repository/FDR-System-Admin/FDR-Add-FundCode/reportingStructureText' is present

2020-09-08 11:35:36 - [TEST_STEP][PASSED] - reportingStructure1 = randomAlphabetic(2).toUpperCase(): null

2020-09-08 11:35:36 - [TEST_STEP][PASSED] - reportingStructure2 = RandomStringUtils.randomNumeric(1): null

2020-09-08 11:35:36 - [TEST_STEP][PASSED] - reportingStructure3 = randomAlphabetic(1).toUpperCase(): null

2020-09-08 11:35:36 - [TEST_STEP][PASSED] - setText(findTestObject("Object Repository/FDR-System-Admin/FDR-Add-FundCode/reportingStructureText"), "4260" + reportingStructure1 + reportingStructure2 + reportingStructure3): Text '4260SK0V' is set on object 'Object Repository/FDR-System-Admin/FDR-Add-FundCode/reportingStructureText'

2020-09-08 11:35:36 - [MESSAGE][PASSED] - Text '4260SK0V' is set on object 'Object Repository/FDR-System-Admin/FDR-Add-FundCode/reportingStructureText'

2020-09-08 11:35:36 - [TEST_STEP][PASSED] - waitForElementPresent(findTestObject("Object Repository/FDR-System-Admin/FDR-Add-FundCode/chapterAdvancesText"), 3): Object 'Object Repository/FDR-System-Admin/FDR-Add-FundCode/chapterAdvancesText' is present

2020-09-08 11:35:37 - [MESSAGE][PASSED] - Object 'Object Repository/FDR-System-Admin/FDR-Add-FundCode/chapterAdvancesText' is present

2020-09-08 11:35:37 - [TEST_STEP][PASSED] - chapterAdvances = randomNumeric(4).toString(): null

2020-09-08 11:35:37 - [TEST_STEP][PASSED] - setText(findTestObject("Object Repository/FDR-System-Admin/FDR-Add-FundCode/chapterAdvancesText"), chapterAdvances): Text '1209' is set on object 'Object Repository/FDR-System-Admin/FDR-Add-FundCode/chapterAdvancesText'

2020-09-08 11:35:37 - [MESSAGE][PASSED] - Text '1209' is set on object 'Object Repository/FDR-System-Admin/FDR-Add-FundCode/chapterAdvancesText'

2020-09-08 11:35:37 - [TEST_STEP][PASSED] - waitForElementPresent(findTestObject("Object Repository/FDR-System-Admin/FDR-Add-FundCode/enactmentYearText"), 3): Object 'Object Repository/FDR-System-Admin/FDR-Add-FundCode/enactmentYearText' is present

2020-09-08 11:35:38 - [MESSAGE][PASSED] - Object 'Object Repository/FDR-System-Admin/FDR-Add-FundCode/enactmentYearText' is present

2020-09-08 11:35:38 - [TEST_STEP][PASSED] - enactmentYear = RandomStringUtils.randomNumeric(2): null

2020-09-08 11:35:38 - [TEST_STEP][PASSED] - setText(findTestObject("Object Repository/FDR-System-Admin/FDR-Add-FundCode/enactmentYearText"), "19" + enactmentYear): Text '1933' is set on object 'Object Repository/FDR-System-Admin/FDR-Add-FundCode/enactmentYearText'

2020-09-08 11:35:38 - [MESSAGE][PASSED] - Text '1933' is set on object 'Object Repository/FDR-System-Admin/FDR-Add-FundCode/enactmentYearText'

2020-09-08 11:35:38 - [TEST_STEP][PASSED] - waitForElementPresent(findTestObject("Object Repository/FDR-System-Admin/FDR-Add-FundCode/confirmAddFundCodeBtn"), 3): Object 'Object Repository/FDR-System-Admin/FDR-Add-FundCode/confirmAddFundCodeBtn' is present

2020-09-08 11:35:39 - [MESSAGE][PASSED] - Object 'Object Repository/FDR-System-Admin/FDR-Add-FundCode/confirmAddFundCodeBtn' is present

2020-09-08 11:35:39 - [TEST_STEP][PASSED] - click(findTestObject("Object Repository/FDR-System-Admin/FDR-Add-FundCode/confirmAddFundCodeBtn")): Object: 'Object Repository/FDR-System-Admin/FDR-Add-FundCode/confirmAddFundCodeBtn' is clicked on

2020-09-08 11:35:39 - [MESSAGE][PASSED] - Object: 'Object Repository/FDR-System-Admin/FDR-Add-FundCode/confirmAddFundCodeBtn' is clicked on

2020-09-08 11:35:39 - [TEST_STEP][PASSED] - waitForElementPresent(findTestObject("FDR-System-Admin/FDR-ReferencePage/fundCodeReference/fundCodeDetail/fundCodeHeader"), 3): Object 'Object Repository/FDR-System-Admin/FDR-ReferencePage/fundCodeReference/fundCodeDetail/fundCodeHeader' is present

2020-09-08 11:35:40 - [MESSAGE][PASSED] - Object 'Object Repository/FDR-System-Admin/FDR-ReferencePage/fundCodeReference/fundCodeDetail/fundCodeHeader' is present

2020-09-08 11:35:40 - [TEST_STEP][PASSED] - waitForElementPresent(findTestObject("Object Repository/FDR-System-Admin/FDR-Edit-FundCode/fundCodeElipsisBtn"), 3): Object 'Object Repository/FDR-System-Admin/FDR-Edit-FundCode/fundCodeElipsisBtn' is present

2020-09-08 11:35:40 - [MESSAGE][PASSED] - Object 'Object Repository/FDR-System-Admin/FDR-Edit-FundCode/fundCodeElipsisBtn' is present

2020-09-08 11:35:40 - [TEST_STEP][PASSED] - click(findTestObject("Object Repository/FDR-System-Admin/FDR-Edit-FundCode/fundCodeElipsisBtn")): Object: 'Object Repository/FDR-System-Admin/FDR-Edit-FundCode/fundCodeElipsisBtn' is clicked on

2020-09-08 11:35:40 - [MESSAGE][PASSED] - Object: 'Object Repository/FDR-System-Admin/FDR-Edit-FundCode/fundCodeElipsisBtn' is clicked on

2020-09-08 11:35:40 - [TEST_STEP][PASSED] - waitForElementPresent(findTestObject("Object Repository/FDR-System-Admin/FDR-Edit-FundCode/fundCodeEditBtn"), 3): Object 'Object Repository/FDR-System-Admin/FDR-Edit-FundCode/fundCodeEditBtn' is present

2020-09-08 11:35:41 - [MESSAGE][PASSED] - Object 'Object Repository/FDR-System-Admin/FDR-Edit-FundCode/fundCodeEditBtn' is present

2020-09-08 11:35:41 - [TEST_STEP][PASSED] - click(findTestObject("Object Repository/FDR-System-Admin/FDR-Edit-FundCode/fundCodeEditBtn")): Object: 'Object Repository/FDR-System-Admin/FDR-Edit-FundCode/fundCodeEditBtn' is clicked on

2020-09-08 11:35:42 - [MESSAGE][PASSED] - Object: 'Object Repository/FDR-System-Admin/FDR-Edit-FundCode/fundCodeEditBtn' is clicked on

2020-09-08 11:35:42 - [TEST_STEP][PASSED] - waitForElementPresent(findTestObject("Object Repository/FDR-System-Admin/FDR-Add-FundCode/fundCodeNameText"), 3): Object 'Object Repository/FDR-System-Admin/FDR-Add-FundCode/fundCodeNameText' is present

2020-09-08 11:35:42 - [MESSAGE][PASSED] - Object 'Object Repository/FDR-System-Admin/FDR-Add-FundCode/fundCodeNameText' is present

2020-09-08 11:35:42 - [TEST_STEP][PASSED] - doubleClick(findTestObject("Object Repository/FDR-System-Admin/FDR-Add-FundCode/fundCodeNameText")): Object: 'Object Repository/FDR-System-Admin/FDR-Add-FundCode/fundCodeNameText' is double clicked on

2020-09-08 11:35:42 - [MESSAGE][PASSED] - Object: 'Object Repository/FDR-System-Admin/FDR-Add-FundCode/fundCodeNameText' is double clicked on

2020-09-08 11:35:42 - [TEST_STEP][PASSED] - sendKeys(findTestObject("Object Repository/FDR-System-Admin/FDR-Add-FundCode/fundCodeNameText"), Keys.chord(BACK_SPACE)): Keys 'BACK_SPACE + ' sent to object: 'Object Repository/FDR-System-Admin/FDR-Add-FundCode/fundCodeNameText'

2020-09-08 11:35:43 - [MESSAGE][PASSED] - Keys 'BACK_SPACE + ' sent to object: 'Object Repository/FDR-System-Admin/FDR-Add-FundCode/fundCodeNameText'

2020-09-08 11:35:43 - [TEST_STEP][PASSED] - editFundCodeName = randomAlphabetic(5).toUpperCase(): null

2020-09-08 11:35:43 - [TEST_STEP][PASSED] - setText(findTestObject("Object Repository/FDR-System-Admin/FDR-Add-FundCode/fundCodeNameText"), "Health " + editFundCodeName + " Fund"): Text 'Health SMOOI Fund' is set on object 'Object Repository/FDR-System-Admin/FDR-Add-FundCode/fundCodeNameText'

2020-09-08 11:35:44 - [MESSAGE][PASSED] - Text 'Health SMOOI Fund' is set on object 'Object Repository/FDR-System-Admin/FDR-Add-FundCode/fundCodeNameText'

2020-09-08 11:35:44 - [TEST_STEP][PASSED] - waitForElementPresent(findTestObject("Object Repository/FDR-System-Admin/FDR-Edit-FundCode/fundCodeSaveBtn"), 3): Object 'Object Repository/FDR-System-Admin/FDR-Edit-FundCode/fundCodeSaveBtn' is present

2020-09-08 11:35:44 - [MESSAGE][PASSED] - Object 'Object Repository/FDR-System-Admin/FDR-Edit-FundCode/fundCodeSaveBtn' is present

2020-09-08 11:35:44 - [TEST_STEP][PASSED] - click(findTestObject("Object Repository/FDR-System-Admin/FDR-Edit-FundCode/fundCodeSaveBtn")): Object: 'Object Repository/FDR-System-Admin/FDR-Edit-FundCode/fundCodeSaveBtn' is clicked on

2020-09-08 11:35:45 - [MESSAGE][PASSED] - Object: 'Object Repository/FDR-System-Admin/FDR-Edit-FundCode/fundCodeSaveBtn' is clicked on

2020-09-08 11:35:45 - [TEST_STEP][PASSED] - waitForElementPresent(findTestObject("FDR-System-Admin/FDR-ReferencePage/fundCodeReference/fundCodeDetail/fundCodeHeader"), 3): Object 'Object Repository/FDR-System-Admin/FDR-ReferencePage/fundCodeReference/fundCodeDetail/fundCodeHeader' is present

2020-09-08 11:35:45 - [MESSAGE][PASSED] - Object 'Object Repository/FDR-System-Admin/FDR-ReferencePage/fundCodeReference/fundCodeDetail/fundCodeHeader' is present

2020-09-08 11:35:45 - [TEST_STEP][PASSED] - waitForElementPresent(findTestObject("Object Repository/FDR-System-Admin/FDR-Add-FundCode/backToFundCode"), 3): Object 'Object Repository/FDR-System-Admin/FDR-Add-FundCode/backToFundCode' is present

2020-09-08 11:35:46 - [MESSAGE][PASSED] - Object 'Object Repository/FDR-System-Admin/FDR-Add-FundCode/backToFundCode' is present

2020-09-08 11:35:46 - [TEST_STEP][PASSED] - click(findTestObject("Object Repository/FDR-System-Admin/FDR-Add-FundCode/backToFundCode")): Object: 'Object Repository/FDR-System-Admin/FDR-Add-FundCode/backToFundCode' is clicked on

2020-09-08 11:35:46 - [MESSAGE][PASSED] - Object: 'Object Repository/FDR-System-Admin/FDR-Add-FundCode/backToFundCode' is clicked on

2020-09-08 11:35:46 - [TEST_STEP][PASSED] - if (verifyElementPresent(findTestObject("FDR-System-Admin/FDR-ReferencePage/firstRowOfRefData"), 2)): null

2020-09-08 11:35:47 - [MESSAGE][PASSED] - Object 'Object Repository/FDR-System-Admin/FDR-ReferencePage/firstRowOfRefData' is present

2020-09-08 11:35:47 - [TEST_STEP][PASSED] - click(findTestObject("FDR-System-Admin/FDR-ReferencePage/firstRowOfRefData")): Object: 'Object Repository/FDR-System-Admin/FDR-ReferencePage/firstRowOfRefData' is clicked on

2020-09-08 11:35:47 - [MESSAGE][PASSED] - Object: 'Object Repository/FDR-System-Admin/FDR-ReferencePage/firstRowOfRefData' is clicked on

2020-09-08 11:35:47 - [TEST_STEP][PASSED] - waitForElementPresent(findTestObject("FDR-System-Admin/FDR-ReferencePage/fundCodeReference/fundCodeDetail/fundCodeHeader"), 3): Object 'Object Repository/FDR-System-Admin/FDR-ReferencePage/fundCodeReference/fundCodeDetail/fundCodeHeader' is present

2020-09-08 11:35:47 - [MESSAGE][PASSED] - Object 'Object Repository/FDR-System-Admin/FDR-ReferencePage/fundCodeReference/fundCodeDetail/fundCodeHeader' is present

2020-09-08 11:35:47 - [TEST_STEP][PASSED] - label = getText(findTestObject("FDR-System-Admin/FDR-ReferencePage/fundCodeReference/fundCodeDetail/fundCodeName")): Text of object 'Object Repository/FDR-System-Admin/FDR-ReferencePage/fundCodeReference/fundCodeDetail/fundCodeName' is: 'CODE'

2020-09-08 11:35:48 - [MESSAGE][PASSED] - Text of object 'Object Repository/FDR-System-Admin/FDR-ReferencePage/fundCodeReference/fundCodeDetail/fundCodeName' is: 'CODE'

2020-09-08 11:35:48 - [TEST_STEP][PASSED] - assert label == "CODE": null

2020-09-08 11:35:48 - [TEST_STEP][PASSED] - Start listener action : sampleAfterTestCase: null

2020-09-08 11:35:48 - [TEST_STEP][PASSED] - profileName = getExecutionProfile(): null

2020-09-08 11:35:48 - [TEST_STEP][PASSED] - switch (profileName): null

2020-09-08 11:35:48 - [TEST_STEP][PASSED] - case "superUser":: null

2020-09-08 11:35:48 - [TEST_STEP][PASSED] - return null: null

2020-09-08 11:35:48 - [TEST_STEP][PASSED] - Start listener action : afterTestCase: Browser is closed

2020-09-08 11:35:48 - [TEST_STEP][PASSED] - profileName = getExecutionProfile(): null

2020-09-08 11:35:48 - [TEST_STEP][PASSED] - if (profileName.equalsIgnoreCase("SysAdmin")): Browser is closed

2020-09-08 11:35:48 - [TEST_STEP][PASSED] - closeBrowser(): Browser is closed

2020-09-08 11:35:48 - [MESSAGE][PASSED] - Browser is closed

2020-09-08 11:35:48 - [TEST_STEP][PASSED] - Start listener action : sampleAfterTestCase: null

2020-09-08 11:35:48 - [TEST_STEP][PASSED] - profileName = getExecutionProfile(): null

2020-09-08 11:35:48 - [TEST_STEP][PASSED] - switch (profileName): null

2020-09-08 11:35:48 - [TEST_STEP][PASSED] - Default: null

2020-09-08 11:35:48 - [TEST_STEP][PASSED] - return null: null

2020-09-08 11:35:48 - [TEST_STEP][PASSED] - Start listener action : addFailedTCToList: null]]></system-out>
         <system-err><![CDATA[]]></system-err>
      </testcase>
      <testcase name="Test Cases/WEB-UI-TESTS/SysAdmin/ReferencePage/ReferenceDetail/FDR-Add-InvoiceTypeDetailReview" time="28.958" classname="Test Cases/WEB-UI-TESTS/SysAdmin/ReferencePage/ReferenceDetail/FDR-Add-InvoiceTypeDetailReview" status="PASSED">
         <system-out><![CDATA[2020-09-08 11:35:48 - [TEST_CASE][PASSED] - Test Cases/WEB-UI-TESTS/SysAdmin/ReferencePage/ReferenceDetail/FDR-Add-InvoiceTypeDetailReview: Test Cases/WEB-UI-TESTS/SysAdmin/ReferencePage/ReferenceDetail/FDR-Add-InvoiceTypeDetailReview

2020-09-08 11:35:48 - [TEST_STEP][PASSED] - Start listener action : sampleBeforeTestCase: null

2020-09-08 11:35:48 - [TEST_STEP][PASSED] - profileName = getExecutionProfile(): null

2020-09-08 11:35:48 - [TEST_STEP][PASSED] - switch (profileName): null

2020-09-08 11:35:48 - [TEST_STEP][PASSED] - case "superUser":: null

2020-09-08 11:35:48 - [TEST_STEP][PASSED] - return null: null

2020-09-08 11:35:48 - [TEST_STEP][PASSED] - Start listener action : beforeTestCase: Call Test Case 'Test Cases/WEB-UI-TESTS/SysAdmin/SystemAdmin-Login' successfully

2020-09-08 11:35:48 - [TEST_STEP][PASSED] - profileName = getExecutionProfile(): null

2020-09-08 11:35:48 - [TEST_STEP][PASSED] - if (profileName.equalsIgnoreCase("SysAdmin")): Call Test Case 'Test Cases/WEB-UI-TESTS/SysAdmin/SystemAdmin-Login' successfully

2020-09-08 11:35:48 - [TEST_STEP][PASSED] - callTestCase(findTestCase("Test Cases/WEB-UI-TESTS/SysAdmin/SystemAdmin-Login"), null): Call Test Case 'Test Cases/WEB-UI-TESTS/SysAdmin/SystemAdmin-Login' successfully

2020-09-08 11:35:48 - [TEST_CASE][PASSED] - Test Cases/WEB-UI-TESTS/SysAdmin/SystemAdmin-Login: Test Cases/WEB-UI-TESTS/SysAdmin/SystemAdmin-Login

2020-09-08 11:35:48 - [TEST_STEP][PASSED] - openBrowser(URL): Browser is opened with url: 'https://fdr-katalon.cammis-mod-dev.dhcs.ca.gov'

2020-09-08 11:35:48 - [MESSAGE][INFO] - Starting 'Chrome' driver

2020-09-08 11:35:48 - [MESSAGE][INFO] - Action delay is set to 0 milliseconds

2020-09-08 11:35:52 - [MESSAGE][PASSED] - Browser is opened with url: 'https://fdr-katalon.cammis-mod-dev.dhcs.ca.gov'

2020-09-08 11:35:52 - [TEST_STEP][PASSED] - maximizeWindow(): Current window maximized

2020-09-08 11:35:55 - [MESSAGE][PASSED] - Current window maximized

2020-09-08 11:35:55 - [TEST_STEP][PASSED] - refresh(): Refresh successfully

2020-09-08 11:35:55 - [MESSAGE][PASSED] - Refresh successfully

2020-09-08 11:35:55 - [TEST_STEP][PASSED] - delay(2): Delayed 2 second(s)

2020-09-08 11:35:57 - [MESSAGE][PASSED] - Delayed 2 second(s)

2020-09-08 11:35:57 - [TEST_STEP][PASSED] - waitForElementPresent(findTestObject("FDR-System-Admin/SysAdmin-SignIn/adminEmail"), 5): Object 'Object Repository/FDR-System-Admin/SysAdmin-SignIn/adminEmail' is present

2020-09-08 11:35:57 - [MESSAGE][PASSED] - Object 'Object Repository/FDR-System-Admin/SysAdmin-SignIn/adminEmail' is present

2020-09-08 11:35:57 - [TEST_STEP][PASSED] - setText(findTestObject("FDR-System-Admin/SysAdmin-SignIn/adminEmail"), adminEmail): Text 'fdr.test10@dhcs.ca.gov
' is set on object 'Object Repository/FDR-System-Admin/SysAdmin-SignIn/adminEmail'

2020-09-08 11:35:58 - [MESSAGE][PASSED] - Text 'fdr.test10@dhcs.ca.gov
' is set on object 'Object Repository/FDR-System-Admin/SysAdmin-SignIn/adminEmail'

2020-09-08 11:35:58 - [TEST_STEP][PASSED] - waitForElementPresent(findTestObject("FDR-System-Admin/SysAdmin-SignIn/adminUserName"), 5): Object 'Object Repository/FDR-System-Admin/SysAdmin-SignIn/adminUserName' is present

2020-09-08 11:36:01 - [MESSAGE][PASSED] - Object 'Object Repository/FDR-System-Admin/SysAdmin-SignIn/adminUserName' is present

2020-09-08 11:36:01 - [TEST_STEP][PASSED] - setText(findTestObject("FDR-System-Admin/SysAdmin-SignIn/adminUserName"), UserName): Text 'fdr.test10@dhcs.ca.gov' is set on object 'Object Repository/FDR-System-Admin/SysAdmin-SignIn/adminUserName'

2020-09-08 11:36:02 - [MESSAGE][PASSED] - Text 'fdr.test10@dhcs.ca.gov' is set on object 'Object Repository/FDR-System-Admin/SysAdmin-SignIn/adminUserName'

2020-09-08 11:36:02 - [TEST_STEP][PASSED] - setText(findTestObject("FDR-System-Admin/SysAdmin-SignIn/adminPass"), Password): Text 'Password18' is set on object 'Object Repository/FDR-System-Admin/SysAdmin-SignIn/adminPass'

2020-09-08 11:36:03 - [MESSAGE][PASSED] - Text 'Password18' is set on object 'Object Repository/FDR-System-Admin/SysAdmin-SignIn/adminPass'

2020-09-08 11:36:03 - [TEST_STEP][PASSED] - click(findTestObject("FDR-System-Admin/SysAdmin-SignIn/adminSignIn")): Object: 'Object Repository/FDR-System-Admin/SysAdmin-SignIn/adminSignIn' is clicked on

2020-09-08 11:36:05 - [MESSAGE][PASSED] - Object: 'Object Repository/FDR-System-Admin/SysAdmin-SignIn/adminSignIn' is clicked on

2020-09-08 11:36:05 - [TEST_STEP][PASSED] - waitForElementPresent(findTestObject("Object Repository/FDR-System-Admin/SysAdmin-Dashboard/maintainReferenceDataBtn"), 3): Object 'Object Repository/FDR-System-Admin/SysAdmin-Dashboard/maintainReferenceDataBtn' is present

2020-09-08 11:36:07 - [MESSAGE][PASSED] - Object 'Object Repository/FDR-System-Admin/SysAdmin-Dashboard/maintainReferenceDataBtn' is present

2020-09-08 11:36:07 - [TEST_STEP][PASSED] - verifyElementPresent(findTestObject("Object Repository/FDR-System-Admin/SysAdmin-Dashboard/maintainReferenceDataBtn"), Timeout): Object 'Object Repository/FDR-System-Admin/SysAdmin-Dashboard/maintainReferenceDataBtn' is present

2020-09-08 11:36:07 - [MESSAGE][PASSED] - Object 'Object Repository/FDR-System-Admin/SysAdmin-Dashboard/maintainReferenceDataBtn' is present

2020-09-08 11:36:07 - [TEST_STEP][PASSED] - refresh(): Refresh successfully

2020-09-08 11:36:07 - [MESSAGE][PASSED] - Refresh successfully

2020-09-08 11:36:07 - [MESSAGE][PASSED] - Call Test Case 'Test Cases/WEB-UI-TESTS/SysAdmin/SystemAdmin-Login' successfully

2020-09-08 11:36:07 - [TEST_STEP][PASSED] - Start listener action : sampleBeforeTestCase: null

2020-09-08 11:36:07 - [TEST_STEP][PASSED] - profileName = getExecutionProfile(): null

2020-09-08 11:36:07 - [TEST_STEP][PASSED] - testCaseId = testCaseContext.getTestCaseId(): null

2020-09-08 11:36:07 - [TEST_STEP][PASSED] - switch (profileName): null

2020-09-08 11:36:07 - [TEST_STEP][PASSED] - Default: null

2020-09-08 11:36:07 - [TEST_STEP][PASSED] - return null: null

2020-09-08 11:36:07 - [TEST_STEP][PASSED] - Start listener action : executeRows: null

2020-09-08 11:36:08 - [TEST_STEP][PASSED] - click(findTestObject("Object Repository/FDR-System-Admin/SysAdmin-Dashboard/maintainReferenceDataBtn")): Object: 'Object Repository/FDR-System-Admin/SysAdmin-Dashboard/maintainReferenceDataBtn' is clicked on

2020-09-08 11:36:08 - [MESSAGE][PASSED] - Object: 'Object Repository/FDR-System-Admin/SysAdmin-Dashboard/maintainReferenceDataBtn' is clicked on

2020-09-08 11:36:08 - [TEST_STEP][PASSED] - click(findTestObject("FDR-System-Admin/FDR-ReferencePage/reference-data")): Object: 'Object Repository/FDR-System-Admin/FDR-ReferencePage/reference-data' is clicked on

2020-09-08 11:36:08 - [MESSAGE][PASSED] - Object: 'Object Repository/FDR-System-Admin/FDR-ReferencePage/reference-data' is clicked on

2020-09-08 11:36:08 - [TEST_STEP][PASSED] - setText(findTestObject("FDR-System-Admin/FDR-ReferencePage/referenceDataNameInput"), "invoice type"): Text 'invoice type' is set on object 'Object Repository/FDR-System-Admin/FDR-ReferencePage/referenceDataNameInput'

2020-09-08 11:36:09 - [MESSAGE][PASSED] - Text 'invoice type' is set on object 'Object Repository/FDR-System-Admin/FDR-ReferencePage/referenceDataNameInput'

2020-09-08 11:36:09 - [TEST_STEP][PASSED] - click(findTestObject("FDR-System-Admin/FDR-ReferencePage/invoiceTypeReference/invoiceTypeDetail/invoiceType")): Object: 'Object Repository/FDR-System-Admin/FDR-ReferencePage/invoiceTypeReference/invoiceTypeDetail/invoiceType' is clicked on

2020-09-08 11:36:10 - [MESSAGE][PASSED] - Object: 'Object Repository/FDR-System-Admin/FDR-ReferencePage/invoiceTypeReference/invoiceTypeDetail/invoiceType' is clicked on

2020-09-08 11:36:10 - [TEST_STEP][PASSED] - waitForElementPresent(findTestObject("FDR-System-Admin/FDR-Add-InvoiceType/addInvoiceTypeBtn"), 3): Object 'Object Repository/FDR-System-Admin/FDR-Add-InvoiceType/addInvoiceTypeBtn' is present

2020-09-08 11:36:10 - [MESSAGE][PASSED] - Object 'Object Repository/FDR-System-Admin/FDR-Add-InvoiceType/addInvoiceTypeBtn' is present

2020-09-08 11:36:10 - [TEST_STEP][PASSED] - click(findTestObject("FDR-System-Admin/FDR-Add-InvoiceType/addInvoiceTypeBtn")): Object: 'Object Repository/FDR-System-Admin/FDR-Add-InvoiceType/addInvoiceTypeBtn' is clicked on

2020-09-08 11:36:11 - [MESSAGE][PASSED] - Object: 'Object Repository/FDR-System-Admin/FDR-Add-InvoiceType/addInvoiceTypeBtn' is clicked on

2020-09-08 11:36:11 - [TEST_STEP][PASSED] - invoiceCode = RandomStringUtils.randomAlphanumeric(10): null

2020-09-08 11:36:11 - [TEST_STEP][PASSED] - invoiceName = RandomStringUtils.randomAlphanumeric(10): null

2020-09-08 11:36:11 - [TEST_STEP][PASSED] - waitForElementPresent(findTestObject("FDR-System-Admin/FDR-Add-InvoiceType/invoiceCode"), 3): Object 'Object Repository/FDR-System-Admin/FDR-Add-InvoiceType/invoiceCode' is present

2020-09-08 11:36:11 - [MESSAGE][PASSED] - Object 'Object Repository/FDR-System-Admin/FDR-Add-InvoiceType/invoiceCode' is present

2020-09-08 11:36:11 - [TEST_STEP][PASSED] - setText(findTestObject("FDR-System-Admin/FDR-Add-InvoiceType/invoiceCode"), invoiceCode): Text 'aeezVNv8y3' is set on object 'Object Repository/FDR-System-Admin/FDR-Add-InvoiceType/invoiceCode'

2020-09-08 11:36:12 - [MESSAGE][PASSED] - Text 'aeezVNv8y3' is set on object 'Object Repository/FDR-System-Admin/FDR-Add-InvoiceType/invoiceCode'

2020-09-08 11:36:12 - [TEST_STEP][PASSED] - waitForElementPresent(findTestObject("FDR-System-Admin/FDR-Add-InvoiceType/invoiceName"), 3): Object 'Object Repository/FDR-System-Admin/FDR-Add-InvoiceType/invoiceName' is present

2020-09-08 11:36:12 - [MESSAGE][PASSED] - Object 'Object Repository/FDR-System-Admin/FDR-Add-InvoiceType/invoiceName' is present

2020-09-08 11:36:12 - [TEST_STEP][PASSED] - setText(findTestObject("FDR-System-Admin/FDR-Add-InvoiceType/invoiceName"), invoiceName): Text 'FadHEOdguS' is set on object 'Object Repository/FDR-System-Admin/FDR-Add-InvoiceType/invoiceName'

2020-09-08 11:36:13 - [MESSAGE][PASSED] - Text 'FadHEOdguS' is set on object 'Object Repository/FDR-System-Admin/FDR-Add-InvoiceType/invoiceName'

2020-09-08 11:36:13 - [TEST_STEP][PASSED] - waitForElementPresent(findTestObject("FDR-System-Admin/FDR-Add-InvoiceType/confirmInvoiceTypeBtn"), 3): Object 'Object Repository/FDR-System-Admin/FDR-Add-InvoiceType/confirmInvoiceTypeBtn' is present

2020-09-08 11:36:13 - [MESSAGE][PASSED] - Object 'Object Repository/FDR-System-Admin/FDR-Add-InvoiceType/confirmInvoiceTypeBtn' is present

2020-09-08 11:36:13 - [TEST_STEP][PASSED] - click(findTestObject("FDR-System-Admin/FDR-Add-InvoiceType/confirmInvoiceTypeBtn")): Object: 'Object Repository/FDR-System-Admin/FDR-Add-InvoiceType/confirmInvoiceTypeBtn' is clicked on

2020-09-08 11:36:14 - [MESSAGE][PASSED] - Object: 'Object Repository/FDR-System-Admin/FDR-Add-InvoiceType/confirmInvoiceTypeBtn' is clicked on

2020-09-08 11:36:14 - [TEST_STEP][PASSED] - waitForElementPresent(findTestObject("FDR-System-Admin/FDR-Add-InvoiceType/invoiceTypeHeader"), 3): Object 'Object Repository/FDR-System-Admin/FDR-Add-InvoiceType/invoiceTypeHeader' is present

2020-09-08 11:36:14 - [MESSAGE][PASSED] - Object 'Object Repository/FDR-System-Admin/FDR-Add-InvoiceType/invoiceTypeHeader' is present

2020-09-08 11:36:14 - [TEST_STEP][PASSED] - waitForElementPresent(findTestObject("FDR-System-Admin/FDR-Add-InvoiceType/backToInvoiceTypes"), 3): Object 'Object Repository/FDR-System-Admin/FDR-Add-InvoiceType/backToInvoiceTypes' is present

2020-09-08 11:36:15 - [MESSAGE][PASSED] - Object 'Object Repository/FDR-System-Admin/FDR-Add-InvoiceType/backToInvoiceTypes' is present

2020-09-08 11:36:15 - [TEST_STEP][PASSED] - click(findTestObject("FDR-System-Admin/FDR-Add-InvoiceType/backToInvoiceTypes")): Object: 'Object Repository/FDR-System-Admin/FDR-Add-InvoiceType/backToInvoiceTypes' is clicked on

2020-09-08 11:36:15 - [MESSAGE][PASSED] - Object: 'Object Repository/FDR-System-Admin/FDR-Add-InvoiceType/backToInvoiceTypes' is clicked on

2020-09-08 11:36:15 - [TEST_STEP][PASSED] - if (verifyElementPresent(findTestObject("FDR-System-Admin/FDR-ReferencePage/firstRowOfRefData"), 2)): null

2020-09-08 11:36:15 - [MESSAGE][PASSED] - Object 'Object Repository/FDR-System-Admin/FDR-ReferencePage/firstRowOfRefData' is present

2020-09-08 11:36:16 - [TEST_STEP][PASSED] - click(findTestObject("FDR-System-Admin/FDR-ReferencePage/firstRowOfRefData")): Object: 'Object Repository/FDR-System-Admin/FDR-ReferencePage/firstRowOfRefData' is clicked on

2020-09-08 11:36:16 - [MESSAGE][PASSED] - Object: 'Object Repository/FDR-System-Admin/FDR-ReferencePage/firstRowOfRefData' is clicked on

2020-09-08 11:36:16 - [TEST_STEP][PASSED] - waitForElementPresent(findTestObject("FDR-System-Admin/FDR-Add-InvoiceType/invoiceTypeHeader"), 3): Object 'Object Repository/FDR-System-Admin/FDR-Add-InvoiceType/invoiceTypeHeader' is present

2020-09-08 11:36:16 - [MESSAGE][PASSED] - Object 'Object Repository/FDR-System-Admin/FDR-Add-InvoiceType/invoiceTypeHeader' is present

2020-09-08 11:36:16 - [TEST_STEP][PASSED] - label = getText(findTestObject("FDR-System-Admin/FDR-ReferencePage/invoiceTypeReference/invoiceTypeDetail/invoiceName")): Text of object 'Object Repository/FDR-System-Admin/FDR-ReferencePage/invoiceTypeReference/invoiceTypeDetail/invoiceName' is: 'INVOICE NAME'

2020-09-08 11:36:17 - [MESSAGE][PASSED] - Text of object 'Object Repository/FDR-System-Admin/FDR-ReferencePage/invoiceTypeReference/invoiceTypeDetail/invoiceName' is: 'INVOICE NAME'

2020-09-08 11:36:17 - [TEST_STEP][PASSED] - assert label == "INVOICE NAME": null

2020-09-08 11:36:17 - [TEST_STEP][PASSED] - Start listener action : sampleAfterTestCase: null

2020-09-08 11:36:17 - [TEST_STEP][PASSED] - profileName = getExecutionProfile(): null

2020-09-08 11:36:17 - [TEST_STEP][PASSED] - switch (profileName): null

2020-09-08 11:36:17 - [TEST_STEP][PASSED] - case "superUser":: null

2020-09-08 11:36:17 - [TEST_STEP][PASSED] - return null: null

2020-09-08 11:36:17 - [TEST_STEP][PASSED] - Start listener action : afterTestCase: Browser is closed

2020-09-08 11:36:17 - [TEST_STEP][PASSED] - profileName = getExecutionProfile(): null

2020-09-08 11:36:17 - [TEST_STEP][PASSED] - if (profileName.equalsIgnoreCase("SysAdmin")): Browser is closed

2020-09-08 11:36:17 - [TEST_STEP][PASSED] - closeBrowser(): Browser is closed

2020-09-08 11:36:17 - [MESSAGE][PASSED] - Browser is closed

2020-09-08 11:36:17 - [TEST_STEP][PASSED] - Start listener action : sampleAfterTestCase: null

2020-09-08 11:36:17 - [TEST_STEP][PASSED] - profileName = getExecutionProfile(): null

2020-09-08 11:36:17 - [TEST_STEP][PASSED] - switch (profileName): null

2020-09-08 11:36:17 - [TEST_STEP][PASSED] - Default: null

2020-09-08 11:36:17 - [TEST_STEP][PASSED] - return null: null

2020-09-08 11:36:17 - [TEST_STEP][PASSED] - Start listener action : addFailedTCToList: null]]></system-out>
         <system-err><![CDATA[]]></system-err>
      </testcase>
      <testcase name="Test Cases/WEB-UI-TESTS/SysAdmin/ReferencePage/ReferenceDetail/FDR-Add-ContractDetailReview" time="35.848" classname="Test Cases/WEB-UI-TESTS/SysAdmin/ReferencePage/ReferenceDetail/FDR-Add-ContractDetailReview" status="PASSED">
         <system-out><![CDATA[2020-09-08 11:36:17 - [TEST_CASE][PASSED] - Test Cases/WEB-UI-TESTS/SysAdmin/ReferencePage/ReferenceDetail/FDR-Add-ContractDetailReview: Test Cases/WEB-UI-TESTS/SysAdmin/ReferencePage/ReferenceDetail/FDR-Add-ContractDetailReview

2020-09-08 11:36:17 - [TEST_STEP][PASSED] - Start listener action : sampleBeforeTestCase: null

2020-09-08 11:36:17 - [TEST_STEP][PASSED] - profileName = getExecutionProfile(): null

2020-09-08 11:36:17 - [TEST_STEP][PASSED] - switch (profileName): null

2020-09-08 11:36:17 - [TEST_STEP][PASSED] - case "superUser":: null

2020-09-08 11:36:17 - [TEST_STEP][PASSED] - return null: null

2020-09-08 11:36:17 - [TEST_STEP][PASSED] - Start listener action : beforeTestCase: Call Test Case 'Test Cases/WEB-UI-TESTS/SysAdmin/SystemAdmin-Login' successfully

2020-09-08 11:36:17 - [TEST_STEP][PASSED] - profileName = getExecutionProfile(): null

2020-09-08 11:36:17 - [TEST_STEP][PASSED] - if (profileName.equalsIgnoreCase("SysAdmin")): Call Test Case 'Test Cases/WEB-UI-TESTS/SysAdmin/SystemAdmin-Login' successfully

2020-09-08 11:36:17 - [TEST_STEP][PASSED] - callTestCase(findTestCase("Test Cases/WEB-UI-TESTS/SysAdmin/SystemAdmin-Login"), null): Call Test Case 'Test Cases/WEB-UI-TESTS/SysAdmin/SystemAdmin-Login' successfully

2020-09-08 11:36:17 - [TEST_CASE][PASSED] - Test Cases/WEB-UI-TESTS/SysAdmin/SystemAdmin-Login: Test Cases/WEB-UI-TESTS/SysAdmin/SystemAdmin-Login

2020-09-08 11:36:17 - [TEST_STEP][PASSED] - openBrowser(URL): Browser is opened with url: 'https://fdr-katalon.cammis-mod-dev.dhcs.ca.gov'

2020-09-08 11:36:17 - [MESSAGE][INFO] - Starting 'Chrome' driver

2020-09-08 11:36:17 - [MESSAGE][INFO] - Action delay is set to 0 milliseconds

2020-09-08 11:36:21 - [MESSAGE][PASSED] - Browser is opened with url: 'https://fdr-katalon.cammis-mod-dev.dhcs.ca.gov'

2020-09-08 11:36:21 - [TEST_STEP][PASSED] - maximizeWindow(): Current window maximized

2020-09-08 11:36:23 - [MESSAGE][PASSED] - Current window maximized

2020-09-08 11:36:23 - [TEST_STEP][PASSED] - refresh(): Refresh successfully

2020-09-08 11:36:24 - [MESSAGE][PASSED] - Refresh successfully

2020-09-08 11:36:24 - [TEST_STEP][PASSED] - delay(2): Delayed 2 second(s)

2020-09-08 11:36:26 - [MESSAGE][PASSED] - Delayed 2 second(s)

2020-09-08 11:36:26 - [TEST_STEP][PASSED] - waitForElementPresent(findTestObject("FDR-System-Admin/SysAdmin-SignIn/adminEmail"), 5): Object 'Object Repository/FDR-System-Admin/SysAdmin-SignIn/adminEmail' is present

2020-09-08 11:36:26 - [MESSAGE][PASSED] - Object 'Object Repository/FDR-System-Admin/SysAdmin-SignIn/adminEmail' is present

2020-09-08 11:36:26 - [TEST_STEP][PASSED] - setText(findTestObject("FDR-System-Admin/SysAdmin-SignIn/adminEmail"), adminEmail): Text 'fdr.test10@dhcs.ca.gov
' is set on object 'Object Repository/FDR-System-Admin/SysAdmin-SignIn/adminEmail'

2020-09-08 11:36:27 - [MESSAGE][PASSED] - Text 'fdr.test10@dhcs.ca.gov
' is set on object 'Object Repository/FDR-System-Admin/SysAdmin-SignIn/adminEmail'

2020-09-08 11:36:27 - [TEST_STEP][PASSED] - waitForElementPresent(findTestObject("FDR-System-Admin/SysAdmin-SignIn/adminUserName"), 5): Object 'Object Repository/FDR-System-Admin/SysAdmin-SignIn/adminUserName' is present

2020-09-08 11:36:29 - [MESSAGE][PASSED] - Object 'Object Repository/FDR-System-Admin/SysAdmin-SignIn/adminUserName' is present

2020-09-08 11:36:29 - [TEST_STEP][PASSED] - setText(findTestObject("FDR-System-Admin/SysAdmin-SignIn/adminUserName"), UserName): Text 'fdr.test10@dhcs.ca.gov' is set on object 'Object Repository/FDR-System-Admin/SysAdmin-SignIn/adminUserName'

2020-09-08 11:36:30 - [MESSAGE][PASSED] - Text 'fdr.test10@dhcs.ca.gov' is set on object 'Object Repository/FDR-System-Admin/SysAdmin-SignIn/adminUserName'

2020-09-08 11:36:30 - [TEST_STEP][PASSED] - setText(findTestObject("FDR-System-Admin/SysAdmin-SignIn/adminPass"), Password): Text 'Password18' is set on object 'Object Repository/FDR-System-Admin/SysAdmin-SignIn/adminPass'

2020-09-08 11:36:31 - [MESSAGE][PASSED] - Text 'Password18' is set on object 'Object Repository/FDR-System-Admin/SysAdmin-SignIn/adminPass'

2020-09-08 11:36:31 - [TEST_STEP][PASSED] - click(findTestObject("FDR-System-Admin/SysAdmin-SignIn/adminSignIn")): Object: 'Object Repository/FDR-System-Admin/SysAdmin-SignIn/adminSignIn' is clicked on

2020-09-08 11:36:32 - [MESSAGE][PASSED] - Object: 'Object Repository/FDR-System-Admin/SysAdmin-SignIn/adminSignIn' is clicked on

2020-09-08 11:36:32 - [TEST_STEP][PASSED] - waitForElementPresent(findTestObject("Object Repository/FDR-System-Admin/SysAdmin-Dashboard/maintainReferenceDataBtn"), 3): Object 'Object Repository/FDR-System-Admin/SysAdmin-Dashboard/maintainReferenceDataBtn' is present

2020-09-08 11:36:34 - [MESSAGE][PASSED] - Object 'Object Repository/FDR-System-Admin/SysAdmin-Dashboard/maintainReferenceDataBtn' is present

2020-09-08 11:36:34 - [TEST_STEP][PASSED] - verifyElementPresent(findTestObject("Object Repository/FDR-System-Admin/SysAdmin-Dashboard/maintainReferenceDataBtn"), Timeout): Object 'Object Repository/FDR-System-Admin/SysAdmin-Dashboard/maintainReferenceDataBtn' is present

2020-09-08 11:36:35 - [MESSAGE][PASSED] - Object 'Object Repository/FDR-System-Admin/SysAdmin-Dashboard/maintainReferenceDataBtn' is present

2020-09-08 11:36:35 - [TEST_STEP][PASSED] - refresh(): Refresh successfully

2020-09-08 11:36:35 - [MESSAGE][PASSED] - Refresh successfully

2020-09-08 11:36:35 - [MESSAGE][PASSED] - Call Test Case 'Test Cases/WEB-UI-TESTS/SysAdmin/SystemAdmin-Login' successfully

2020-09-08 11:36:35 - [TEST_STEP][PASSED] - Start listener action : sampleBeforeTestCase: null

2020-09-08 11:36:35 - [TEST_STEP][PASSED] - profileName = getExecutionProfile(): null

2020-09-08 11:36:35 - [TEST_STEP][PASSED] - testCaseId = testCaseContext.getTestCaseId(): null

2020-09-08 11:36:35 - [TEST_STEP][PASSED] - switch (profileName): null

2020-09-08 11:36:35 - [TEST_STEP][PASSED] - Default: null

2020-09-08 11:36:35 - [TEST_STEP][PASSED] - return null: null

2020-09-08 11:36:35 - [TEST_STEP][PASSED] - Start listener action : executeRows: null

2020-09-08 11:36:35 - [TEST_STEP][PASSED] - click(findTestObject("Object Repository/FDR-System-Admin/SysAdmin-Dashboard/maintainReferenceDataBtn")): Object: 'Object Repository/FDR-System-Admin/SysAdmin-Dashboard/maintainReferenceDataBtn' is clicked on

2020-09-08 11:36:36 - [MESSAGE][PASSED] - Object: 'Object Repository/FDR-System-Admin/SysAdmin-Dashboard/maintainReferenceDataBtn' is clicked on

2020-09-08 11:36:36 - [TEST_STEP][PASSED] - click(findTestObject("Object Repository/FDR-System-Admin/FDR-ReferencePage/reference-data")): Object: 'Object Repository/FDR-System-Admin/FDR-ReferencePage/reference-data' is clicked on

2020-09-08 11:36:36 - [MESSAGE][PASSED] - Object: 'Object Repository/FDR-System-Admin/FDR-ReferencePage/reference-data' is clicked on

2020-09-08 11:36:36 - [TEST_STEP][PASSED] - setText(findTestObject("Object Repository/FDR-System-Admin/FDR-ReferencePage/referenceDataNameInput"), "Contracts"): Text 'Contracts' is set on object 'Object Repository/FDR-System-Admin/FDR-ReferencePage/referenceDataNameInput'

2020-09-08 11:36:37 - [MESSAGE][PASSED] - Text 'Contracts' is set on object 'Object Repository/FDR-System-Admin/FDR-ReferencePage/referenceDataNameInput'

2020-09-08 11:36:37 - [TEST_STEP][PASSED] - click(findTestObject("FDR-System-Admin/FDR-ReferencePage/contractReference/contractDetail/contract")): Object: 'Object Repository/FDR-System-Admin/FDR-ReferencePage/contractReference/contractDetail/contract' is clicked on

2020-09-08 11:36:38 - [MESSAGE][PASSED] - Object: 'Object Repository/FDR-System-Admin/FDR-ReferencePage/contractReference/contractDetail/contract' is clicked on

2020-09-08 11:36:38 - [TEST_STEP][PASSED] - waitForElementPresent(findTestObject("FDR-System-Admin/FDR-Add-Contract/addContractBtn"), 3): Object 'Object Repository/FDR-System-Admin/FDR-Add-Contract/addContractBtn' is present

2020-09-08 11:36:38 - [MESSAGE][PASSED] - Object 'Object Repository/FDR-System-Admin/FDR-Add-Contract/addContractBtn' is present

2020-09-08 11:36:38 - [TEST_STEP][PASSED] - click(findTestObject("FDR-System-Admin/FDR-Add-Contract/addContractBtn")): Object: 'Object Repository/FDR-System-Admin/FDR-Add-Contract/addContractBtn' is clicked on

2020-09-08 11:36:39 - [MESSAGE][PASSED] - Object: 'Object Repository/FDR-System-Admin/FDR-Add-Contract/addContractBtn' is clicked on

2020-09-08 11:36:39 - [TEST_STEP][PASSED] - waitForElementPresent(findTestObject("FDR-System-Admin/FDR-Add-Contract/contractNum"), 3): Object 'Object Repository/FDR-System-Admin/FDR-Add-Contract/contractNum' is present

2020-09-08 11:36:39 - [MESSAGE][PASSED] - Object 'Object Repository/FDR-System-Admin/FDR-Add-Contract/contractNum' is present

2020-09-08 11:36:39 - [TEST_STEP][PASSED] - contractNum = RandomStringUtils.randomNumeric(5): null

2020-09-08 11:36:39 - [TEST_STEP][PASSED] - setText(findTestObject("FDR-System-Admin/FDR-Add-Contract/contractNum"), "02-" + contractNum): Text '02-67995' is set on object 'Object Repository/FDR-System-Admin/FDR-Add-Contract/contractNum'

2020-09-08 11:36:40 - [MESSAGE][PASSED] - Text '02-67995' is set on object 'Object Repository/FDR-System-Admin/FDR-Add-Contract/contractNum'

2020-09-08 11:36:40 - [TEST_STEP][PASSED] - waitForElementPresent(findTestObject("FDR-System-Admin/FDR-Add-Contract/supplierDropdown"), 3): Object 'Object Repository/FDR-System-Admin/FDR-Add-Contract/supplierDropdown' is present

2020-09-08 11:36:40 - [MESSAGE][PASSED] - Object 'Object Repository/FDR-System-Admin/FDR-Add-Contract/supplierDropdown' is present

2020-09-08 11:36:40 - [TEST_STEP][PASSED] - setText(findTestObject("FDR-System-Admin/FDR-Add-Contract/supplierDropdown"), "scan health plan
"): Text 'scan health plan
' is set on object 'Object Repository/FDR-System-Admin/FDR-Add-Contract/supplierDropdown'

2020-09-08 11:36:41 - [MESSAGE][PASSED] - Text 'scan health plan
' is set on object 'Object Repository/FDR-System-Admin/FDR-Add-Contract/supplierDropdown'

2020-09-08 11:36:41 - [TEST_STEP][PASSED] - waitForElementPresent(findTestObject("Object Repository/FDR-System-Admin/FDR-Add-Contract/supplierOption"), 3): Object 'Object Repository/FDR-System-Admin/FDR-Add-Contract/supplierOption' is present

2020-09-08 11:36:41 - [MESSAGE][PASSED] - Object 'Object Repository/FDR-System-Admin/FDR-Add-Contract/supplierOption' is present

2020-09-08 11:36:41 - [TEST_STEP][PASSED] - click(findTestObject("Object Repository/FDR-System-Admin/FDR-Add-Contract/supplierOption")): Object: 'Object Repository/FDR-System-Admin/FDR-Add-Contract/supplierOption' is clicked on

2020-09-08 11:36:42 - [MESSAGE][PASSED] - Object: 'Object Repository/FDR-System-Admin/FDR-Add-Contract/supplierOption' is clicked on

2020-09-08 11:36:42 - [TEST_STEP][PASSED] - waitForElementPresent(findTestObject("FDR-System-Admin/FDR-Add-Contract/addContractConfirmBtn"), 3): Object 'Object Repository/FDR-System-Admin/FDR-Add-Contract/addContractConfirmBtn' is present

2020-09-08 11:36:42 - [MESSAGE][PASSED] - Object 'Object Repository/FDR-System-Admin/FDR-Add-Contract/addContractConfirmBtn' is present

2020-09-08 11:36:42 - [TEST_STEP][PASSED] - click(findTestObject("FDR-System-Admin/FDR-Add-Contract/addContractConfirmBtn")): Object: 'Object Repository/FDR-System-Admin/FDR-Add-Contract/addContractConfirmBtn' is clicked on

2020-09-08 11:36:42 - [MESSAGE][PASSED] - Object: 'Object Repository/FDR-System-Admin/FDR-Add-Contract/addContractConfirmBtn' is clicked on

2020-09-08 11:36:42 - [TEST_STEP][PASSED] - waitForElementPresent(findTestObject("FDR-System-Admin/FDR-ReferencePage/contractReference/contractDetail/contractHeader"), 3): Object 'Object Repository/FDR-System-Admin/FDR-ReferencePage/contractReference/contractDetail/contractHeader' is present

2020-09-08 11:36:43 - [MESSAGE][PASSED] - Object 'Object Repository/FDR-System-Admin/FDR-ReferencePage/contractReference/contractDetail/contractHeader' is present

2020-09-08 11:36:43 - [TEST_STEP][PASSED] - waitForElementPresent(findTestObject("FDR-System-Admin/FDR-Edit-Contract/editContactElipsis"), 3): Object 'Object Repository/FDR-System-Admin/FDR-Edit-Contract/editContactElipsis' is present

2020-09-08 11:36:43 - [MESSAGE][PASSED] - Object 'Object Repository/FDR-System-Admin/FDR-Edit-Contract/editContactElipsis' is present

2020-09-08 11:36:43 - [TEST_STEP][PASSED] - click(findTestObject("FDR-System-Admin/FDR-Edit-Contract/editContactElipsis")): Object: 'Object Repository/FDR-System-Admin/FDR-Edit-Contract/editContactElipsis' is clicked on

2020-09-08 11:36:44 - [MESSAGE][PASSED] - Object: 'Object Repository/FDR-System-Admin/FDR-Edit-Contract/editContactElipsis' is clicked on

2020-09-08 11:36:44 - [TEST_STEP][PASSED] - waitForElementPresent(findTestObject("FDR-System-Admin/FDR-Edit-Contract/editContractBtn"), 3): Object 'Object Repository/FDR-System-Admin/FDR-Edit-Contract/editContractBtn' is present

2020-09-08 11:36:44 - [MESSAGE][PASSED] - Object 'Object Repository/FDR-System-Admin/FDR-Edit-Contract/editContractBtn' is present

2020-09-08 11:36:44 - [TEST_STEP][PASSED] - click(findTestObject("FDR-System-Admin/FDR-Edit-Contract/editContractBtn")): Object: 'Object Repository/FDR-System-Admin/FDR-Edit-Contract/editContractBtn' is clicked on

2020-09-08 11:36:45 - [MESSAGE][PASSED] - Object: 'Object Repository/FDR-System-Admin/FDR-Edit-Contract/editContractBtn' is clicked on

2020-09-08 11:36:45 - [TEST_STEP][PASSED] - waitForElementPresent(findTestObject("FDR-System-Admin/FDR-Edit-Contract/editContractLable"), 3): Object 'Object Repository/FDR-System-Admin/FDR-Edit-Contract/editContractLable' is not present after 3 second(s)

2020-09-08 11:36:49 - [MESSAGE][INFO] - Unable to find the element located by 'By.xpath: //*[@id="wrapper"]/main/div/div/div/div/main/div[2]/form/div/div[1]/h2'. Please recheck the objects properties to make sure the desired element is located. 

2020-09-08 11:36:49 - [MESSAGE][WARNING] - Object 'Object Repository/FDR-System-Admin/FDR-Edit-Contract/editContractLable' is not present after 3 second(s)

2020-09-08 11:36:49 - [TEST_STEP][PASSED] - waitForElementPresent(findTestObject("FDR-System-Admin/FDR-Edit-Contract/saveContractBtn"), 3): Object 'Object Repository/FDR-System-Admin/FDR-Edit-Contract/saveContractBtn' is present

2020-09-08 11:36:49 - [MESSAGE][PASSED] - Object 'Object Repository/FDR-System-Admin/FDR-Edit-Contract/saveContractBtn' is present

2020-09-08 11:36:49 - [TEST_STEP][PASSED] - click(findTestObject("FDR-System-Admin/FDR-Edit-Contract/saveContractBtn")): Object: 'Object Repository/FDR-System-Admin/FDR-Edit-Contract/saveContractBtn' is clicked on

2020-09-08 11:36:50 - [MESSAGE][PASSED] - Object: 'Object Repository/FDR-System-Admin/FDR-Edit-Contract/saveContractBtn' is clicked on

2020-09-08 11:36:50 - [TEST_STEP][PASSED] - waitForElementPresent(findTestObject("FDR-System-Admin/FDR-ReferencePage/contractReference/contractDetail/contractHeader"), 3): Object 'Object Repository/FDR-System-Admin/FDR-ReferencePage/contractReference/contractDetail/contractHeader' is present

2020-09-08 11:36:50 - [MESSAGE][PASSED] - Object 'Object Repository/FDR-System-Admin/FDR-ReferencePage/contractReference/contractDetail/contractHeader' is present

2020-09-08 11:36:50 - [TEST_STEP][PASSED] - waitForElementPresent(findTestObject("FDR-System-Admin/FDR-Add-Contract/backToContractPage"), 3): Object 'Object Repository/FDR-System-Admin/FDR-Add-Contract/backToContractPage' is present

2020-09-08 11:36:50 - [MESSAGE][PASSED] - Object 'Object Repository/FDR-System-Admin/FDR-Add-Contract/backToContractPage' is present

2020-09-08 11:36:50 - [TEST_STEP][PASSED] - click(findTestObject("FDR-System-Admin/FDR-Add-Contract/backToContractPage")): Object: 'Object Repository/FDR-System-Admin/FDR-Add-Contract/backToContractPage' is clicked on

2020-09-08 11:36:51 - [MESSAGE][PASSED] - Object: 'Object Repository/FDR-System-Admin/FDR-Add-Contract/backToContractPage' is clicked on

2020-09-08 11:36:51 - [TEST_STEP][PASSED] - if (verifyElementPresent(findTestObject("FDR-System-Admin/FDR-ReferencePage/firstRowOfRefData"), 2)): null

2020-09-08 11:36:51 - [MESSAGE][PASSED] - Object 'Object Repository/FDR-System-Admin/FDR-ReferencePage/firstRowOfRefData' is present

2020-09-08 11:36:51 - [TEST_STEP][PASSED] - click(findTestObject("FDR-System-Admin/FDR-ReferencePage/firstRowOfRefData")): Object: 'Object Repository/FDR-System-Admin/FDR-ReferencePage/firstRowOfRefData' is clicked on

2020-09-08 11:36:52 - [MESSAGE][PASSED] - Object: 'Object Repository/FDR-System-Admin/FDR-ReferencePage/firstRowOfRefData' is clicked on

2020-09-08 11:36:52 - [TEST_STEP][PASSED] - waitForElementPresent(findTestObject("FDR-System-Admin/FDR-ReferencePage/contractReference/contractDetail/contractHeader"), 3): Object 'Object Repository/FDR-System-Admin/FDR-ReferencePage/contractReference/contractDetail/contractHeader' is present

2020-09-08 11:36:52 - [MESSAGE][PASSED] - Object 'Object Repository/FDR-System-Admin/FDR-ReferencePage/contractReference/contractDetail/contractHeader' is present

2020-09-08 11:36:52 - [TEST_STEP][PASSED] - label = getText(findTestObject("FDR-System-Admin/FDR-ReferencePage/contractReference/contractDetail/supplier")): Text of object 'Object Repository/FDR-System-Admin/FDR-ReferencePage/contractReference/contractDetail/supplier' is: 'SUPPLIER'

2020-09-08 11:36:52 - [MESSAGE][PASSED] - Text of object 'Object Repository/FDR-System-Admin/FDR-ReferencePage/contractReference/contractDetail/supplier' is: 'SUPPLIER'

2020-09-08 11:36:52 - [TEST_STEP][PASSED] - assert label == "SUPPLIER": null

2020-09-08 11:36:52 - [TEST_STEP][PASSED] - Start listener action : sampleAfterTestCase: null

2020-09-08 11:36:52 - [TEST_STEP][PASSED] - profileName = getExecutionProfile(): null

2020-09-08 11:36:52 - [TEST_STEP][PASSED] - switch (profileName): null

2020-09-08 11:36:52 - [TEST_STEP][PASSED] - case "superUser":: null

2020-09-08 11:36:52 - [TEST_STEP][PASSED] - return null: null

2020-09-08 11:36:52 - [TEST_STEP][PASSED] - Start listener action : afterTestCase: Browser is closed

2020-09-08 11:36:52 - [TEST_STEP][PASSED] - profileName = getExecutionProfile(): null

2020-09-08 11:36:52 - [TEST_STEP][PASSED] - if (profileName.equalsIgnoreCase("SysAdmin")): Browser is closed

2020-09-08 11:36:52 - [TEST_STEP][PASSED] - closeBrowser(): Browser is closed

2020-09-08 11:36:53 - [MESSAGE][PASSED] - Browser is closed

2020-09-08 11:36:53 - [TEST_STEP][PASSED] - Start listener action : sampleAfterTestCase: null

2020-09-08 11:36:53 - [TEST_STEP][PASSED] - profileName = getExecutionProfile(): null

2020-09-08 11:36:53 - [TEST_STEP][PASSED] - switch (profileName): null

2020-09-08 11:36:53 - [TEST_STEP][PASSED] - Default: null

2020-09-08 11:36:53 - [TEST_STEP][PASSED] - return null: null

2020-09-08 11:36:53 - [TEST_STEP][PASSED] - Start listener action : addFailedTCToList: null]]></system-out>
         <system-err><![CDATA[]]></system-err>
      </testcase>
      <testcase name="Test Cases/WEB-UI-TESTS/SysAdmin/ReferencePage/ReferenceDetail/FDR-Add-ContactDetailPage" time="37.148" classname="Test Cases/WEB-UI-TESTS/SysAdmin/ReferencePage/ReferenceDetail/FDR-Add-ContactDetailPage" status="PASSED">
         <system-out><![CDATA[2020-09-08 11:36:53 - [TEST_CASE][PASSED] - Test Cases/WEB-UI-TESTS/SysAdmin/ReferencePage/ReferenceDetail/FDR-Add-ContactDetailPage: Test Cases/WEB-UI-TESTS/SysAdmin/ReferencePage/ReferenceDetail/FDR-Add-ContactDetailPage

2020-09-08 11:36:53 - [TEST_STEP][PASSED] - Start listener action : sampleBeforeTestCase: null

2020-09-08 11:36:53 - [TEST_STEP][PASSED] - profileName = getExecutionProfile(): null

2020-09-08 11:36:53 - [TEST_STEP][PASSED] - switch (profileName): null

2020-09-08 11:36:53 - [TEST_STEP][PASSED] - case "superUser":: null

2020-09-08 11:36:53 - [TEST_STEP][PASSED] - return null: null

2020-09-08 11:36:53 - [TEST_STEP][PASSED] - Start listener action : beforeTestCase: Call Test Case 'Test Cases/WEB-UI-TESTS/SysAdmin/SystemAdmin-Login' successfully

2020-09-08 11:36:53 - [TEST_STEP][PASSED] - profileName = getExecutionProfile(): null

2020-09-08 11:36:53 - [TEST_STEP][PASSED] - if (profileName.equalsIgnoreCase("SysAdmin")): Call Test Case 'Test Cases/WEB-UI-TESTS/SysAdmin/SystemAdmin-Login' successfully

2020-09-08 11:36:53 - [TEST_STEP][PASSED] - callTestCase(findTestCase("Test Cases/WEB-UI-TESTS/SysAdmin/SystemAdmin-Login"), null): Call Test Case 'Test Cases/WEB-UI-TESTS/SysAdmin/SystemAdmin-Login' successfully

2020-09-08 11:36:53 - [TEST_CASE][PASSED] - Test Cases/WEB-UI-TESTS/SysAdmin/SystemAdmin-Login: Test Cases/WEB-UI-TESTS/SysAdmin/SystemAdmin-Login

2020-09-08 11:36:53 - [TEST_STEP][PASSED] - openBrowser(URL): Browser is opened with url: 'https://fdr-katalon.cammis-mod-dev.dhcs.ca.gov'

2020-09-08 11:36:53 - [MESSAGE][INFO] - Starting 'Chrome' driver

2020-09-08 11:36:53 - [MESSAGE][INFO] - Action delay is set to 0 milliseconds

2020-09-08 11:36:58 - [MESSAGE][PASSED] - Browser is opened with url: 'https://fdr-katalon.cammis-mod-dev.dhcs.ca.gov'

2020-09-08 11:36:58 - [TEST_STEP][PASSED] - maximizeWindow(): Current window maximized

2020-09-08 11:37:00 - [MESSAGE][PASSED] - Current window maximized

2020-09-08 11:37:00 - [TEST_STEP][PASSED] - refresh(): Refresh successfully

2020-09-08 11:37:00 - [MESSAGE][PASSED] - Refresh successfully

2020-09-08 11:37:00 - [TEST_STEP][PASSED] - delay(2): Delayed 2 second(s)

2020-09-08 11:37:02 - [MESSAGE][PASSED] - Delayed 2 second(s)

2020-09-08 11:37:02 - [TEST_STEP][PASSED] - waitForElementPresent(findTestObject("FDR-System-Admin/SysAdmin-SignIn/adminEmail"), 5): Object 'Object Repository/FDR-System-Admin/SysAdmin-SignIn/adminEmail' is present

2020-09-08 11:37:03 - [MESSAGE][PASSED] - Object 'Object Repository/FDR-System-Admin/SysAdmin-SignIn/adminEmail' is present

2020-09-08 11:37:03 - [TEST_STEP][PASSED] - setText(findTestObject("FDR-System-Admin/SysAdmin-SignIn/adminEmail"), adminEmail): Text 'fdr.test10@dhcs.ca.gov
' is set on object 'Object Repository/FDR-System-Admin/SysAdmin-SignIn/adminEmail'

2020-09-08 11:37:03 - [MESSAGE][PASSED] - Text 'fdr.test10@dhcs.ca.gov
' is set on object 'Object Repository/FDR-System-Admin/SysAdmin-SignIn/adminEmail'

2020-09-08 11:37:03 - [TEST_STEP][PASSED] - waitForElementPresent(findTestObject("FDR-System-Admin/SysAdmin-SignIn/adminUserName"), 5): Object 'Object Repository/FDR-System-Admin/SysAdmin-SignIn/adminUserName' is present

2020-09-08 11:37:06 - [MESSAGE][PASSED] - Object 'Object Repository/FDR-System-Admin/SysAdmin-SignIn/adminUserName' is present

2020-09-08 11:37:06 - [TEST_STEP][PASSED] - setText(findTestObject("FDR-System-Admin/SysAdmin-SignIn/adminUserName"), UserName): Text 'fdr.test10@dhcs.ca.gov' is set on object 'Object Repository/FDR-System-Admin/SysAdmin-SignIn/adminUserName'

2020-09-08 11:37:07 - [MESSAGE][PASSED] - Text 'fdr.test10@dhcs.ca.gov' is set on object 'Object Repository/FDR-System-Admin/SysAdmin-SignIn/adminUserName'

2020-09-08 11:37:07 - [TEST_STEP][PASSED] - setText(findTestObject("FDR-System-Admin/SysAdmin-SignIn/adminPass"), Password): Text 'Password18' is set on object 'Object Repository/FDR-System-Admin/SysAdmin-SignIn/adminPass'

2020-09-08 11:37:08 - [MESSAGE][PASSED] - Text 'Password18' is set on object 'Object Repository/FDR-System-Admin/SysAdmin-SignIn/adminPass'

2020-09-08 11:37:08 - [TEST_STEP][PASSED] - click(findTestObject("FDR-System-Admin/SysAdmin-SignIn/adminSignIn")): Object: 'Object Repository/FDR-System-Admin/SysAdmin-SignIn/adminSignIn' is clicked on

2020-09-08 11:37:09 - [MESSAGE][PASSED] - Object: 'Object Repository/FDR-System-Admin/SysAdmin-SignIn/adminSignIn' is clicked on

2020-09-08 11:37:09 - [TEST_STEP][PASSED] - waitForElementPresent(findTestObject("Object Repository/FDR-System-Admin/SysAdmin-Dashboard/maintainReferenceDataBtn"), 3): Object 'Object Repository/FDR-System-Admin/SysAdmin-Dashboard/maintainReferenceDataBtn' is present

2020-09-08 11:37:11 - [MESSAGE][PASSED] - Object 'Object Repository/FDR-System-Admin/SysAdmin-Dashboard/maintainReferenceDataBtn' is present

2020-09-08 11:37:11 - [TEST_STEP][PASSED] - verifyElementPresent(findTestObject("Object Repository/FDR-System-Admin/SysAdmin-Dashboard/maintainReferenceDataBtn"), Timeout): Object 'Object Repository/FDR-System-Admin/SysAdmin-Dashboard/maintainReferenceDataBtn' is present

2020-09-08 11:37:11 - [MESSAGE][PASSED] - Object 'Object Repository/FDR-System-Admin/SysAdmin-Dashboard/maintainReferenceDataBtn' is present

2020-09-08 11:37:11 - [TEST_STEP][PASSED] - refresh(): Refresh successfully

2020-09-08 11:37:12 - [MESSAGE][PASSED] - Refresh successfully

2020-09-08 11:37:12 - [MESSAGE][PASSED] - Call Test Case 'Test Cases/WEB-UI-TESTS/SysAdmin/SystemAdmin-Login' successfully

2020-09-08 11:37:12 - [TEST_STEP][PASSED] - Start listener action : sampleBeforeTestCase: null

2020-09-08 11:37:12 - [TEST_STEP][PASSED] - profileName = getExecutionProfile(): null

2020-09-08 11:37:12 - [TEST_STEP][PASSED] - testCaseId = testCaseContext.getTestCaseId(): null

2020-09-08 11:37:12 - [TEST_STEP][PASSED] - switch (profileName): null

2020-09-08 11:37:12 - [TEST_STEP][PASSED] - Default: null

2020-09-08 11:37:12 - [TEST_STEP][PASSED] - return null: null

2020-09-08 11:37:12 - [TEST_STEP][PASSED] - Start listener action : executeRows: null

2020-09-08 11:37:12 - [TEST_STEP][PASSED] - click(findTestObject("Object Repository/FDR-System-Admin/SysAdmin-Dashboard/maintainReferenceDataBtn")): Object: 'Object Repository/FDR-System-Admin/SysAdmin-Dashboard/maintainReferenceDataBtn' is clicked on

2020-09-08 11:37:13 - [MESSAGE][PASSED] - Object: 'Object Repository/FDR-System-Admin/SysAdmin-Dashboard/maintainReferenceDataBtn' is clicked on

2020-09-08 11:37:13 - [TEST_STEP][PASSED] - click(findTestObject("FDR-System-Admin/FDR-ReferencePage/reference-data")): Object: 'Object Repository/FDR-System-Admin/FDR-ReferencePage/reference-data' is clicked on

2020-09-08 11:37:13 - [MESSAGE][PASSED] - Object: 'Object Repository/FDR-System-Admin/FDR-ReferencePage/reference-data' is clicked on

2020-09-08 11:37:13 - [TEST_STEP][PASSED] - setText(findTestObject("FDR-System-Admin/FDR-ReferencePage/referenceDataNameInput"), "Contacts"): Text 'Contacts' is set on object 'Object Repository/FDR-System-Admin/FDR-ReferencePage/referenceDataNameInput'

2020-09-08 11:37:14 - [MESSAGE][PASSED] - Text 'Contacts' is set on object 'Object Repository/FDR-System-Admin/FDR-ReferencePage/referenceDataNameInput'

2020-09-08 11:37:14 - [TEST_STEP][PASSED] - click(findTestObject("FDR-System-Admin/FDR-ReferencePage/contactReference/contactDetails/contactClick")): Object: 'Object Repository/FDR-System-Admin/FDR-ReferencePage/contactReference/contactDetails/contactClick' is clicked on

2020-09-08 11:37:14 - [MESSAGE][PASSED] - Object: 'Object Repository/FDR-System-Admin/FDR-ReferencePage/contactReference/contactDetails/contactClick' is clicked on

2020-09-08 11:37:14 - [TEST_STEP][PASSED] - waitForElementPresent(findTestObject("FDR-System-Admin/FDR-Add-Contact/addContactBtn"), 3): Object 'Object Repository/FDR-System-Admin/FDR-Add-Contact/addContactBtn' is present

2020-09-08 11:37:15 - [MESSAGE][PASSED] - Object 'Object Repository/FDR-System-Admin/FDR-Add-Contact/addContactBtn' is present

2020-09-08 11:37:15 - [TEST_STEP][PASSED] - click(findTestObject("FDR-System-Admin/FDR-Add-Contact/addContactBtn")): Object: 'Object Repository/FDR-System-Admin/FDR-Add-Contact/addContactBtn' is clicked on

2020-09-08 11:37:15 - [MESSAGE][PASSED] - Object: 'Object Repository/FDR-System-Admin/FDR-Add-Contact/addContactBtn' is clicked on

2020-09-08 11:37:15 - [TEST_STEP][PASSED] - waitForElementPresent(findTestObject("FDR-System-Admin/FDR-Add-Contact/firstName"), 3): Object 'Object Repository/FDR-System-Admin/FDR-Add-Contact/firstName' is present

2020-09-08 11:37:16 - [MESSAGE][PASSED] - Object 'Object Repository/FDR-System-Admin/FDR-Add-Contact/firstName' is present

2020-09-08 11:37:16 - [TEST_STEP][PASSED] - firstName = RandomStringUtils.randomAlphabetic(5): null

2020-09-08 11:37:16 - [TEST_STEP][PASSED] - lastName = RandomStringUtils.randomAlphabetic(5): null

2020-09-08 11:37:16 - [TEST_STEP][PASSED] - setText(findTestObject("FDR-System-Admin/FDR-Add-Contact/firstName"), firstName): Text 'EftDR' is set on object 'Object Repository/FDR-System-Admin/FDR-Add-Contact/firstName'

2020-09-08 11:37:17 - [MESSAGE][PASSED] - Text 'EftDR' is set on object 'Object Repository/FDR-System-Admin/FDR-Add-Contact/firstName'

2020-09-08 11:37:17 - [TEST_STEP][PASSED] - setText(findTestObject("FDR-System-Admin/FDR-Add-Contact/lastName"), lastName): Text 'KUUpI' is set on object 'Object Repository/FDR-System-Admin/FDR-Add-Contact/lastName'

2020-09-08 11:37:17 - [MESSAGE][PASSED] - Text 'KUUpI' is set on object 'Object Repository/FDR-System-Admin/FDR-Add-Contact/lastName'

2020-09-08 11:37:17 - [TEST_STEP][PASSED] - phoneNum = RandomStringUtils.randomNumeric(10): null

2020-09-08 11:37:17 - [TEST_STEP][PASSED] - setText(findTestObject("FDR-System-Admin/FDR-Add-Contact/phoneNum"), phoneNum): Text '8693606564' is set on object 'Object Repository/FDR-System-Admin/FDR-Add-Contact/phoneNum'

2020-09-08 11:37:19 - [MESSAGE][PASSED] - Text '8693606564' is set on object 'Object Repository/FDR-System-Admin/FDR-Add-Contact/phoneNum'

2020-09-08 11:37:19 - [TEST_STEP][PASSED] - waitForElementPresent(findTestObject("FDR-System-Admin/FDR-Add-Contact/addContactConfirmBtn"), 3): Object 'Object Repository/FDR-System-Admin/FDR-Add-Contact/addContactConfirmBtn' is present

2020-09-08 11:37:19 - [MESSAGE][PASSED] - Object 'Object Repository/FDR-System-Admin/FDR-Add-Contact/addContactConfirmBtn' is present

2020-09-08 11:37:19 - [TEST_STEP][PASSED] - click(findTestObject("FDR-System-Admin/FDR-Add-Contact/addContactConfirmBtn")): Object: 'Object Repository/FDR-System-Admin/FDR-Add-Contact/addContactConfirmBtn' is clicked on

2020-09-08 11:37:19 - [MESSAGE][PASSED] - Object: 'Object Repository/FDR-System-Admin/FDR-Add-Contact/addContactConfirmBtn' is clicked on

2020-09-08 11:37:19 - [TEST_STEP][PASSED] - waitForElementPresent(findTestObject("Object Repository/FDR-System-Admin/FDR-ReferencePage/contactReference/contactDetails/contactPhoneNumber"), 5): Object 'Object Repository/FDR-System-Admin/FDR-ReferencePage/contactReference/contactDetails/contactPhoneNumber' is present

2020-09-08 11:37:20 - [MESSAGE][PASSED] - Object 'Object Repository/FDR-System-Admin/FDR-ReferencePage/contactReference/contactDetails/contactPhoneNumber' is present

2020-09-08 11:37:20 - [TEST_STEP][PASSED] - waitForElementPresent(findTestObject("FDR-System-Admin/FDR-Edit-Contact/editContactElipsis"), 3): Object 'Object Repository/FDR-System-Admin/FDR-Edit-Contact/editContactElipsis' is present

2020-09-08 11:37:20 - [MESSAGE][PASSED] - Object 'Object Repository/FDR-System-Admin/FDR-Edit-Contact/editContactElipsis' is present

2020-09-08 11:37:20 - [TEST_STEP][PASSED] - click(findTestObject("FDR-System-Admin/FDR-Edit-Contact/editContactElipsis")): Object: 'Object Repository/FDR-System-Admin/FDR-Edit-Contact/editContactElipsis' is clicked on

2020-09-08 11:37:21 - [MESSAGE][PASSED] - Object: 'Object Repository/FDR-System-Admin/FDR-Edit-Contact/editContactElipsis' is clicked on

2020-09-08 11:37:21 - [TEST_STEP][PASSED] - waitForElementPresent(findTestObject("FDR-System-Admin/FDR-Edit-Contact/editContactBtn"), 3): Object 'Object Repository/FDR-System-Admin/FDR-Edit-Contact/editContactBtn' is present

2020-09-08 11:37:21 - [MESSAGE][PASSED] - Object 'Object Repository/FDR-System-Admin/FDR-Edit-Contact/editContactBtn' is present

2020-09-08 11:37:21 - [TEST_STEP][PASSED] - click(findTestObject("FDR-System-Admin/FDR-Edit-Contact/editContactBtn")): Object: 'Object Repository/FDR-System-Admin/FDR-Edit-Contact/editContactBtn' is clicked on

2020-09-08 11:37:22 - [MESSAGE][PASSED] - Object: 'Object Repository/FDR-System-Admin/FDR-Edit-Contact/editContactBtn' is clicked on

2020-09-08 11:37:22 - [TEST_STEP][PASSED] - editLastName = RandomStringUtils.randomAlphabetic(10): null

2020-09-08 11:37:22 - [TEST_STEP][PASSED] - doubleClick(findTestObject("FDR-System-Admin/FDR-Add-Contact/lastName")): Object: 'Object Repository/FDR-System-Admin/FDR-Add-Contact/lastName' is double clicked on

2020-09-08 11:37:22 - [MESSAGE][PASSED] - Object: 'Object Repository/FDR-System-Admin/FDR-Add-Contact/lastName' is double clicked on

2020-09-08 11:37:22 - [TEST_STEP][PASSED] - sendKeys(findTestObject("FDR-System-Admin/FDR-Add-Contact/lastName"), Keys.chord(BACK_SPACE)): Keys 'BACK_SPACE + ' sent to object: 'Object Repository/FDR-System-Admin/FDR-Add-Contact/lastName'

2020-09-08 11:37:23 - [MESSAGE][PASSED] - Keys 'BACK_SPACE + ' sent to object: 'Object Repository/FDR-System-Admin/FDR-Add-Contact/lastName'

2020-09-08 11:37:23 - [TEST_STEP][PASSED] - setText(findTestObject("FDR-System-Admin/FDR-Add-Contact/lastName"), editLastName): Text 'TutETmyJno' is set on object 'Object Repository/FDR-System-Admin/FDR-Add-Contact/lastName'

2020-09-08 11:37:24 - [MESSAGE][PASSED] - Text 'TutETmyJno' is set on object 'Object Repository/FDR-System-Admin/FDR-Add-Contact/lastName'

2020-09-08 11:37:24 - [TEST_STEP][PASSED] - waitForElementPresent(findTestObject("FDR-System-Admin/FDR-Edit-Contact/saveContactBtn"), 3): Object 'Object Repository/FDR-System-Admin/FDR-Edit-Contact/saveContactBtn' is present

2020-09-08 11:37:24 - [MESSAGE][PASSED] - Object 'Object Repository/FDR-System-Admin/FDR-Edit-Contact/saveContactBtn' is present

2020-09-08 11:37:24 - [TEST_STEP][PASSED] - click(findTestObject("FDR-System-Admin/FDR-Edit-Contact/saveContactBtn")): Object: 'Object Repository/FDR-System-Admin/FDR-Edit-Contact/saveContactBtn' is clicked on

2020-09-08 11:37:25 - [MESSAGE][PASSED] - Object: 'Object Repository/FDR-System-Admin/FDR-Edit-Contact/saveContactBtn' is clicked on

2020-09-08 11:37:25 - [TEST_STEP][PASSED] - waitForElementPresent(findTestObject("FDR-System-Admin/FDR-Edit-Contact/editContactHeader"), 3): Object 'Object Repository/FDR-System-Admin/FDR-Edit-Contact/editContactHeader' is not present after 3 second(s)

2020-09-08 11:37:29 - [MESSAGE][INFO] - Unable to find the element located by 'By.xpath: //*[@id="wrapper"]/div/div/div/main/div[2]/form/div/div[1]/h2'. Please recheck the objects properties to make sure the desired element is located. 

2020-09-08 11:37:29 - [MESSAGE][WARNING] - Object 'Object Repository/FDR-System-Admin/FDR-Edit-Contact/editContactHeader' is not present after 3 second(s)

2020-09-08 11:37:29 - [TEST_STEP][PASSED] - waitForElementPresent(findTestObject("FDR-System-Admin/FDR-Add-Contact/backtoContactPage"), 3): Object 'Object Repository/FDR-System-Admin/FDR-Add-Contact/backtoContactPage' is present

2020-09-08 11:37:29 - [MESSAGE][PASSED] - Object 'Object Repository/FDR-System-Admin/FDR-Add-Contact/backtoContactPage' is present

2020-09-08 11:37:29 - [TEST_STEP][PASSED] - click(findTestObject("FDR-System-Admin/FDR-Add-Contact/backtoContactPage")): Object: 'Object Repository/FDR-System-Admin/FDR-Add-Contact/backtoContactPage' is clicked on

2020-09-08 11:37:30 - [MESSAGE][PASSED] - Object: 'Object Repository/FDR-System-Admin/FDR-Add-Contact/backtoContactPage' is clicked on

2020-09-08 11:37:30 - [TEST_STEP][PASSED] - Start listener action : sampleAfterTestCase: null

2020-09-08 11:37:30 - [TEST_STEP][PASSED] - profileName = getExecutionProfile(): null

2020-09-08 11:37:30 - [TEST_STEP][PASSED] - switch (profileName): null

2020-09-08 11:37:30 - [TEST_STEP][PASSED] - case "superUser":: null

2020-09-08 11:37:30 - [TEST_STEP][PASSED] - return null: null

2020-09-08 11:37:30 - [TEST_STEP][PASSED] - Start listener action : afterTestCase: Browser is closed

2020-09-08 11:37:30 - [TEST_STEP][PASSED] - profileName = getExecutionProfile(): null

2020-09-08 11:37:30 - [TEST_STEP][PASSED] - if (profileName.equalsIgnoreCase("SysAdmin")): Browser is closed

2020-09-08 11:37:30 - [TEST_STEP][PASSED] - closeBrowser(): Browser is closed

2020-09-08 11:37:30 - [MESSAGE][PASSED] - Browser is closed

2020-09-08 11:37:30 - [TEST_STEP][PASSED] - Start listener action : sampleAfterTestCase: null

2020-09-08 11:37:30 - [TEST_STEP][PASSED] - profileName = getExecutionProfile(): null

2020-09-08 11:37:30 - [TEST_STEP][PASSED] - switch (profileName): null

2020-09-08 11:37:30 - [TEST_STEP][PASSED] - Default: null

2020-09-08 11:37:30 - [TEST_STEP][PASSED] - return null: null

2020-09-08 11:37:30 - [TEST_STEP][PASSED] - Start listener action : addFailedTCToList: null]]></system-out>
         <system-err><![CDATA[]]></system-err>
      </testcase>
      <testcase name="Test Cases/WEB-UI-TESTS/SysAdmin/ReferencePage/ReferenceDetail/FDR-Add-ProgramTypeDetailReview" time="24.424" classname="Test Cases/WEB-UI-TESTS/SysAdmin/ReferencePage/ReferenceDetail/FDR-Add-ProgramTypeDetailReview" status="PASSED">
         <system-out><![CDATA[2020-09-08 11:37:30 - [TEST_CASE][PASSED] - Test Cases/WEB-UI-TESTS/SysAdmin/ReferencePage/ReferenceDetail/FDR-Add-ProgramTypeDetailReview: Test Cases/WEB-UI-TESTS/SysAdmin/ReferencePage/ReferenceDetail/FDR-Add-ProgramTypeDetailReview

2020-09-08 11:37:30 - [TEST_STEP][PASSED] - Start listener action : sampleBeforeTestCase: null

2020-09-08 11:37:30 - [TEST_STEP][PASSED] - profileName = getExecutionProfile(): null

2020-09-08 11:37:30 - [TEST_STEP][PASSED] - switch (profileName): null

2020-09-08 11:37:30 - [TEST_STEP][PASSED] - case "superUser":: null

2020-09-08 11:37:30 - [TEST_STEP][PASSED] - return null: null

2020-09-08 11:37:30 - [TEST_STEP][PASSED] - Start listener action : beforeTestCase: Call Test Case 'Test Cases/WEB-UI-TESTS/SysAdmin/SystemAdmin-Login' successfully

2020-09-08 11:37:30 - [TEST_STEP][PASSED] - profileName = getExecutionProfile(): null

2020-09-08 11:37:30 - [TEST_STEP][PASSED] - if (profileName.equalsIgnoreCase("SysAdmin")): Call Test Case 'Test Cases/WEB-UI-TESTS/SysAdmin/SystemAdmin-Login' successfully

2020-09-08 11:37:30 - [TEST_STEP][PASSED] - callTestCase(findTestCase("Test Cases/WEB-UI-TESTS/SysAdmin/SystemAdmin-Login"), null): Call Test Case 'Test Cases/WEB-UI-TESTS/SysAdmin/SystemAdmin-Login' successfully

2020-09-08 11:37:30 - [TEST_CASE][PASSED] - Test Cases/WEB-UI-TESTS/SysAdmin/SystemAdmin-Login: Test Cases/WEB-UI-TESTS/SysAdmin/SystemAdmin-Login

2020-09-08 11:37:30 - [TEST_STEP][PASSED] - openBrowser(URL): Browser is opened with url: 'https://fdr-katalon.cammis-mod-dev.dhcs.ca.gov'

2020-09-08 11:37:30 - [MESSAGE][INFO] - Starting 'Chrome' driver

2020-09-08 11:37:30 - [MESSAGE][INFO] - Action delay is set to 0 milliseconds

2020-09-08 11:37:36 - [MESSAGE][PASSED] - Browser is opened with url: 'https://fdr-katalon.cammis-mod-dev.dhcs.ca.gov'

2020-09-08 11:37:36 - [TEST_STEP][PASSED] - maximizeWindow(): Current window maximized

2020-09-08 11:37:38 - [MESSAGE][PASSED] - Current window maximized

2020-09-08 11:37:38 - [TEST_STEP][PASSED] - refresh(): Refresh successfully

2020-09-08 11:37:38 - [MESSAGE][PASSED] - Refresh successfully

2020-09-08 11:37:38 - [TEST_STEP][PASSED] - delay(2): Delayed 2 second(s)

2020-09-08 11:37:40 - [MESSAGE][PASSED] - Delayed 2 second(s)

2020-09-08 11:37:40 - [TEST_STEP][PASSED] - waitForElementPresent(findTestObject("FDR-System-Admin/SysAdmin-SignIn/adminEmail"), 5): Object 'Object Repository/FDR-System-Admin/SysAdmin-SignIn/adminEmail' is present

2020-09-08 11:37:40 - [MESSAGE][PASSED] - Object 'Object Repository/FDR-System-Admin/SysAdmin-SignIn/adminEmail' is present

2020-09-08 11:37:40 - [TEST_STEP][PASSED] - setText(findTestObject("FDR-System-Admin/SysAdmin-SignIn/adminEmail"), adminEmail): Text 'fdr.test10@dhcs.ca.gov
' is set on object 'Object Repository/FDR-System-Admin/SysAdmin-SignIn/adminEmail'

2020-09-08 11:37:41 - [MESSAGE][PASSED] - Text 'fdr.test10@dhcs.ca.gov
' is set on object 'Object Repository/FDR-System-Admin/SysAdmin-SignIn/adminEmail'

2020-09-08 11:37:41 - [TEST_STEP][PASSED] - waitForElementPresent(findTestObject("FDR-System-Admin/SysAdmin-SignIn/adminUserName"), 5): Object 'Object Repository/FDR-System-Admin/SysAdmin-SignIn/adminUserName' is present

2020-09-08 11:37:44 - [MESSAGE][PASSED] - Object 'Object Repository/FDR-System-Admin/SysAdmin-SignIn/adminUserName' is present

2020-09-08 11:37:44 - [TEST_STEP][PASSED] - setText(findTestObject("FDR-System-Admin/SysAdmin-SignIn/adminUserName"), UserName): Text 'fdr.test10@dhcs.ca.gov' is set on object 'Object Repository/FDR-System-Admin/SysAdmin-SignIn/adminUserName'

2020-09-08 11:37:45 - [MESSAGE][PASSED] - Text 'fdr.test10@dhcs.ca.gov' is set on object 'Object Repository/FDR-System-Admin/SysAdmin-SignIn/adminUserName'

2020-09-08 11:37:45 - [TEST_STEP][PASSED] - setText(findTestObject("FDR-System-Admin/SysAdmin-SignIn/adminPass"), Password): Text 'Password18' is set on object 'Object Repository/FDR-System-Admin/SysAdmin-SignIn/adminPass'

2020-09-08 11:37:45 - [MESSAGE][PASSED] - Text 'Password18' is set on object 'Object Repository/FDR-System-Admin/SysAdmin-SignIn/adminPass'

2020-09-08 11:37:45 - [TEST_STEP][PASSED] - click(findTestObject("FDR-System-Admin/SysAdmin-SignIn/adminSignIn")): Object: 'Object Repository/FDR-System-Admin/SysAdmin-SignIn/adminSignIn' is clicked on

2020-09-08 11:37:47 - [MESSAGE][PASSED] - Object: 'Object Repository/FDR-System-Admin/SysAdmin-SignIn/adminSignIn' is clicked on

2020-09-08 11:37:47 - [TEST_STEP][PASSED] - waitForElementPresent(findTestObject("Object Repository/FDR-System-Admin/SysAdmin-Dashboard/maintainReferenceDataBtn"), 3): Object 'Object Repository/FDR-System-Admin/SysAdmin-Dashboard/maintainReferenceDataBtn' is present

2020-09-08 11:37:49 - [MESSAGE][PASSED] - Object 'Object Repository/FDR-System-Admin/SysAdmin-Dashboard/maintainReferenceDataBtn' is present

2020-09-08 11:37:49 - [TEST_STEP][PASSED] - verifyElementPresent(findTestObject("Object Repository/FDR-System-Admin/SysAdmin-Dashboard/maintainReferenceDataBtn"), Timeout): Object 'Object Repository/FDR-System-Admin/SysAdmin-Dashboard/maintainReferenceDataBtn' is present

2020-09-08 11:37:49 - [MESSAGE][PASSED] - Object 'Object Repository/FDR-System-Admin/SysAdmin-Dashboard/maintainReferenceDataBtn' is present

2020-09-08 11:37:49 - [TEST_STEP][PASSED] - refresh(): Refresh successfully

2020-09-08 11:37:50 - [MESSAGE][PASSED] - Refresh successfully

2020-09-08 11:37:50 - [MESSAGE][PASSED] - Call Test Case 'Test Cases/WEB-UI-TESTS/SysAdmin/SystemAdmin-Login' successfully

2020-09-08 11:37:50 - [TEST_STEP][PASSED] - Start listener action : sampleBeforeTestCase: null

2020-09-08 11:37:50 - [TEST_STEP][PASSED] - profileName = getExecutionProfile(): null

2020-09-08 11:37:50 - [TEST_STEP][PASSED] - testCaseId = testCaseContext.getTestCaseId(): null

2020-09-08 11:37:50 - [TEST_STEP][PASSED] - switch (profileName): null

2020-09-08 11:37:50 - [TEST_STEP][PASSED] - Default: null

2020-09-08 11:37:50 - [TEST_STEP][PASSED] - return null: null

2020-09-08 11:37:50 - [TEST_STEP][PASSED] - Start listener action : executeRows: null

2020-09-08 11:37:50 - [TEST_STEP][PASSED] - taskName = "Reference Data": null

2020-09-08 11:37:50 - [TEST_STEP][PASSED] - verifyElementText(findTestObject("Object Repository/FDR-System-Admin/SysAdmin-Dashboard/maintainReferenceDataTxt"), taskName): Actual text and expected text of test object 'Object Repository/FDR-System-Admin/SysAdmin-Dashboard/maintainReferenceDataTxt' are matched.

2020-09-08 11:37:50 - [MESSAGE][PASSED] - Actual text and expected text of test object 'Object Repository/FDR-System-Admin/SysAdmin-Dashboard/maintainReferenceDataTxt' are matched.

2020-09-08 11:37:50 - [TEST_STEP][PASSED] - click(findTestObject("Object Repository/FDR-System-Admin/SysAdmin-Dashboard/maintainReferenceDataBtn")): Object: 'Object Repository/FDR-System-Admin/SysAdmin-Dashboard/maintainReferenceDataBtn' is clicked on

2020-09-08 11:37:50 - [MESSAGE][PASSED] - Object: 'Object Repository/FDR-System-Admin/SysAdmin-Dashboard/maintainReferenceDataBtn' is clicked on

2020-09-08 11:37:50 - [TEST_STEP][PASSED] - click(findTestObject("Object Repository/FDR-System-Admin/FDR-ReferencePage/reference-data")): Object: 'Object Repository/FDR-System-Admin/FDR-ReferencePage/reference-data' is clicked on

2020-09-08 11:37:51 - [MESSAGE][PASSED] - Object: 'Object Repository/FDR-System-Admin/FDR-ReferencePage/reference-data' is clicked on

2020-09-08 11:37:51 - [TEST_STEP][PASSED] - setText(findTestObject("Object Repository/FDR-System-Admin/FDR-ReferencePage/referenceDataNameInput"), "program type"): Text 'program type' is set on object 'Object Repository/FDR-System-Admin/FDR-ReferencePage/referenceDataNameInput'

2020-09-08 11:37:52 - [MESSAGE][PASSED] - Text 'program type' is set on object 'Object Repository/FDR-System-Admin/FDR-ReferencePage/referenceDataNameInput'

2020-09-08 11:37:52 - [TEST_STEP][PASSED] - click(findTestObject("FDR-System-Admin/FDR-ReferencePage/programTypeReference/programTypeDetail/programType")): Object: 'Object Repository/FDR-System-Admin/FDR-ReferencePage/programTypeReference/programTypeDetail/programType' is clicked on

2020-09-08 11:37:52 - [MESSAGE][PASSED] - Object: 'Object Repository/FDR-System-Admin/FDR-ReferencePage/programTypeReference/programTypeDetail/programType' is clicked on

2020-09-08 11:37:52 - [TEST_STEP][PASSED] - if (verifyElementPresent(findTestObject("FDR-System-Admin/FDR-ReferencePage/firstRowOfRefData"), 2)): null

2020-09-08 11:37:53 - [MESSAGE][PASSED] - Object 'Object Repository/FDR-System-Admin/FDR-ReferencePage/firstRowOfRefData' is present

2020-09-08 11:37:53 - [TEST_STEP][PASSED] - click(findTestObject("FDR-System-Admin/FDR-ReferencePage/firstRowOfRefData")): Object: 'Object Repository/FDR-System-Admin/FDR-ReferencePage/firstRowOfRefData' is clicked on

2020-09-08 11:37:53 - [MESSAGE][PASSED] - Object: 'Object Repository/FDR-System-Admin/FDR-ReferencePage/firstRowOfRefData' is clicked on

2020-09-08 11:37:53 - [TEST_STEP][PASSED] - waitForElementPresent(findTestObject("FDR-System-Admin/FDR-ReferencePage/programTypeReference/programTypeDetail/programTypeHeader"), 3): Object 'Object Repository/FDR-System-Admin/FDR-ReferencePage/programTypeReference/programTypeDetail/programTypeHeader' is present

2020-09-08 11:37:54 - [MESSAGE][PASSED] - Object 'Object Repository/FDR-System-Admin/FDR-ReferencePage/programTypeReference/programTypeDetail/programTypeHeader' is present

2020-09-08 11:37:54 - [TEST_STEP][PASSED] - header = getText(findTestObject("FDR-System-Admin/FDR-ReferencePage/programTypeReference/programTypeDetail/programTypeHeader")): Text of object 'Object Repository/FDR-System-Admin/FDR-ReferencePage/programTypeReference/programTypeDetail/programTypeHeader' is: 'Medical Assistance'

2020-09-08 11:37:54 - [MESSAGE][PASSED] - Text of object 'Object Repository/FDR-System-Admin/FDR-ReferencePage/programTypeReference/programTypeDetail/programTypeHeader' is: 'Medical Assistance'

2020-09-08 11:37:54 - [TEST_STEP][PASSED] - breadCrumbLabel = getText(findTestObject("FDR-System-Admin/FDR-ReferencePage/programTypeReference/programTypeDetail/programTypeBreadCrumb")): Text of object 'Object Repository/FDR-System-Admin/FDR-ReferencePage/programTypeReference/programTypeDetail/programTypeBreadCrumb' is: 'Medical Assistance'

2020-09-08 11:37:54 - [MESSAGE][PASSED] - Text of object 'Object Repository/FDR-System-Admin/FDR-ReferencePage/programTypeReference/programTypeDetail/programTypeBreadCrumb' is: 'Medical Assistance'

2020-09-08 11:37:54 - [TEST_STEP][PASSED] - assert breadCrumbLabel.indexOf(header) >= 0: null

2020-09-08 11:37:54 - [TEST_STEP][PASSED] - Start listener action : sampleAfterTestCase: null

2020-09-08 11:37:54 - [TEST_STEP][PASSED] - profileName = getExecutionProfile(): null

2020-09-08 11:37:54 - [TEST_STEP][PASSED] - switch (profileName): null

2020-09-08 11:37:54 - [TEST_STEP][PASSED] - case "superUser":: null

2020-09-08 11:37:54 - [TEST_STEP][PASSED] - return null: null

2020-09-08 11:37:54 - [TEST_STEP][PASSED] - Start listener action : afterTestCase: Browser is closed

2020-09-08 11:37:54 - [TEST_STEP][PASSED] - profileName = getExecutionProfile(): null

2020-09-08 11:37:54 - [TEST_STEP][PASSED] - if (profileName.equalsIgnoreCase("SysAdmin")): Browser is closed

2020-09-08 11:37:54 - [TEST_STEP][PASSED] - closeBrowser(): Browser is closed

2020-09-08 11:37:55 - [MESSAGE][PASSED] - Browser is closed

2020-09-08 11:37:55 - [TEST_STEP][PASSED] - Start listener action : sampleAfterTestCase: null

2020-09-08 11:37:55 - [TEST_STEP][PASSED] - profileName = getExecutionProfile(): null

2020-09-08 11:37:55 - [TEST_STEP][PASSED] - switch (profileName): null

2020-09-08 11:37:55 - [TEST_STEP][PASSED] - Default: null

2020-09-08 11:37:55 - [TEST_STEP][PASSED] - return null: null

2020-09-08 11:37:55 - [TEST_STEP][PASSED] - Start listener action : addFailedTCToList: null]]></system-out>
         <system-err><![CDATA[]]></system-err>
      </testcase>
      <testcase name="Test Cases/WEB-UI-TESTS/SysAdmin/ReportsPage/FDR-Reports-Dashboard" time="29.748" classname="Test Cases/WEB-UI-TESTS/SysAdmin/ReportsPage/FDR-Reports-Dashboard" status="PASSED">
         <system-out><![CDATA[2020-09-08 11:37:55 - [TEST_CASE][PASSED] - Test Cases/WEB-UI-TESTS/SysAdmin/ReportsPage/FDR-Reports-Dashboard: Test Cases/WEB-UI-TESTS/SysAdmin/ReportsPage/FDR-Reports-Dashboard

2020-09-08 11:37:55 - [TEST_STEP][PASSED] - Start listener action : sampleBeforeTestCase: null

2020-09-08 11:37:55 - [TEST_STEP][PASSED] - profileName = getExecutionProfile(): null

2020-09-08 11:37:55 - [TEST_STEP][PASSED] - switch (profileName): null

2020-09-08 11:37:55 - [TEST_STEP][PASSED] - case "superUser":: null

2020-09-08 11:37:55 - [TEST_STEP][PASSED] - return null: null

2020-09-08 11:37:55 - [TEST_STEP][PASSED] - Start listener action : beforeTestCase: Call Test Case 'Test Cases/WEB-UI-TESTS/SysAdmin/SystemAdmin-Login' successfully

2020-09-08 11:37:55 - [TEST_STEP][PASSED] - profileName = getExecutionProfile(): null

2020-09-08 11:37:55 - [TEST_STEP][PASSED] - if (profileName.equalsIgnoreCase("SysAdmin")): Call Test Case 'Test Cases/WEB-UI-TESTS/SysAdmin/SystemAdmin-Login' successfully

2020-09-08 11:37:55 - [TEST_STEP][PASSED] - callTestCase(findTestCase("Test Cases/WEB-UI-TESTS/SysAdmin/SystemAdmin-Login"), null): Call Test Case 'Test Cases/WEB-UI-TESTS/SysAdmin/SystemAdmin-Login' successfully

2020-09-08 11:37:55 - [TEST_CASE][PASSED] - Test Cases/WEB-UI-TESTS/SysAdmin/SystemAdmin-Login: Test Cases/WEB-UI-TESTS/SysAdmin/SystemAdmin-Login

2020-09-08 11:37:55 - [TEST_STEP][PASSED] - openBrowser(URL): Browser is opened with url: 'https://fdr-katalon.cammis-mod-dev.dhcs.ca.gov'

2020-09-08 11:37:55 - [MESSAGE][INFO] - Starting 'Chrome' driver

2020-09-08 11:37:55 - [MESSAGE][INFO] - Action delay is set to 0 milliseconds

2020-09-08 11:38:04 - [MESSAGE][PASSED] - Browser is opened with url: 'https://fdr-katalon.cammis-mod-dev.dhcs.ca.gov'

2020-09-08 11:38:04 - [TEST_STEP][PASSED] - maximizeWindow(): Current window maximized

2020-09-08 11:38:06 - [MESSAGE][PASSED] - Current window maximized

2020-09-08 11:38:06 - [TEST_STEP][PASSED] - refresh(): Refresh successfully

2020-09-08 11:38:07 - [MESSAGE][PASSED] - Refresh successfully

2020-09-08 11:38:07 - [TEST_STEP][PASSED] - delay(2): Delayed 2 second(s)

2020-09-08 11:38:09 - [MESSAGE][PASSED] - Delayed 2 second(s)

2020-09-08 11:38:09 - [TEST_STEP][PASSED] - waitForElementPresent(findTestObject("FDR-System-Admin/SysAdmin-SignIn/adminEmail"), 5): Object 'Object Repository/FDR-System-Admin/SysAdmin-SignIn/adminEmail' is present

2020-09-08 11:38:09 - [MESSAGE][PASSED] - Object 'Object Repository/FDR-System-Admin/SysAdmin-SignIn/adminEmail' is present

2020-09-08 11:38:09 - [TEST_STEP][PASSED] - setText(findTestObject("FDR-System-Admin/SysAdmin-SignIn/adminEmail"), adminEmail): Text 'fdr.test10@dhcs.ca.gov
' is set on object 'Object Repository/FDR-System-Admin/SysAdmin-SignIn/adminEmail'

2020-09-08 11:38:09 - [MESSAGE][PASSED] - Text 'fdr.test10@dhcs.ca.gov
' is set on object 'Object Repository/FDR-System-Admin/SysAdmin-SignIn/adminEmail'

2020-09-08 11:38:09 - [TEST_STEP][PASSED] - waitForElementPresent(findTestObject("FDR-System-Admin/SysAdmin-SignIn/adminUserName"), 5): Object 'Object Repository/FDR-System-Admin/SysAdmin-SignIn/adminUserName' is present

2020-09-08 11:38:16 - [MESSAGE][PASSED] - Object 'Object Repository/FDR-System-Admin/SysAdmin-SignIn/adminUserName' is present

2020-09-08 11:38:16 - [TEST_STEP][PASSED] - setText(findTestObject("FDR-System-Admin/SysAdmin-SignIn/adminUserName"), UserName): Text 'fdr.test10@dhcs.ca.gov' is set on object 'Object Repository/FDR-System-Admin/SysAdmin-SignIn/adminUserName'

2020-09-08 11:38:16 - [MESSAGE][PASSED] - Text 'fdr.test10@dhcs.ca.gov' is set on object 'Object Repository/FDR-System-Admin/SysAdmin-SignIn/adminUserName'

2020-09-08 11:38:16 - [TEST_STEP][PASSED] - setText(findTestObject("FDR-System-Admin/SysAdmin-SignIn/adminPass"), Password): Text 'Password18' is set on object 'Object Repository/FDR-System-Admin/SysAdmin-SignIn/adminPass'

2020-09-08 11:38:17 - [MESSAGE][PASSED] - Text 'Password18' is set on object 'Object Repository/FDR-System-Admin/SysAdmin-SignIn/adminPass'

2020-09-08 11:38:17 - [TEST_STEP][PASSED] - click(findTestObject("FDR-System-Admin/SysAdmin-SignIn/adminSignIn")): Object: 'Object Repository/FDR-System-Admin/SysAdmin-SignIn/adminSignIn' is clicked on

2020-09-08 11:38:18 - [MESSAGE][PASSED] - Object: 'Object Repository/FDR-System-Admin/SysAdmin-SignIn/adminSignIn' is clicked on

2020-09-08 11:38:18 - [TEST_STEP][PASSED] - waitForElementPresent(findTestObject("Object Repository/FDR-System-Admin/SysAdmin-Dashboard/maintainReferenceDataBtn"), 3): Object 'Object Repository/FDR-System-Admin/SysAdmin-Dashboard/maintainReferenceDataBtn' is present

2020-09-08 11:38:21 - [MESSAGE][PASSED] - Object 'Object Repository/FDR-System-Admin/SysAdmin-Dashboard/maintainReferenceDataBtn' is present

2020-09-08 11:38:21 - [TEST_STEP][PASSED] - verifyElementPresent(findTestObject("Object Repository/FDR-System-Admin/SysAdmin-Dashboard/maintainReferenceDataBtn"), Timeout): Object 'Object Repository/FDR-System-Admin/SysAdmin-Dashboard/maintainReferenceDataBtn' is present

2020-09-08 11:38:21 - [MESSAGE][PASSED] - Object 'Object Repository/FDR-System-Admin/SysAdmin-Dashboard/maintainReferenceDataBtn' is present

2020-09-08 11:38:21 - [TEST_STEP][PASSED] - refresh(): Refresh successfully

2020-09-08 11:38:22 - [MESSAGE][PASSED] - Refresh successfully

2020-09-08 11:38:22 - [MESSAGE][PASSED] - Call Test Case 'Test Cases/WEB-UI-TESTS/SysAdmin/SystemAdmin-Login' successfully

2020-09-08 11:38:22 - [TEST_STEP][PASSED] - Start listener action : sampleBeforeTestCase: null

2020-09-08 11:38:22 - [TEST_STEP][PASSED] - profileName = getExecutionProfile(): null

2020-09-08 11:38:22 - [TEST_STEP][PASSED] - testCaseId = testCaseContext.getTestCaseId(): null

2020-09-08 11:38:22 - [TEST_STEP][PASSED] - switch (profileName): null

2020-09-08 11:38:22 - [TEST_STEP][PASSED] - Default: null

2020-09-08 11:38:22 - [TEST_STEP][PASSED] - return null: null

2020-09-08 11:38:22 - [TEST_STEP][PASSED] - Start listener action : executeRows: null

2020-09-08 11:38:22 - [TEST_STEP][PASSED] - taskName = "Reports": null

2020-09-08 11:38:22 - [TEST_STEP][PASSED] - verifyElementText(findTestObject("Object Repository/FDR-System-Admin/FDR-Reports/FDR-Report-Dashboard/reportBtnText"), taskName): Actual text and expected text of test object 'Object Repository/FDR-System-Admin/FDR-Reports/FDR-Report-Dashboard/reportBtnText' are matched.

2020-09-08 11:38:22 - [MESSAGE][PASSED] - Actual text and expected text of test object 'Object Repository/FDR-System-Admin/FDR-Reports/FDR-Report-Dashboard/reportBtnText' are matched.

2020-09-08 11:38:22 - [TEST_STEP][PASSED] - waitForElementPresent(findTestObject("Object Repository/FDR-System-Admin/FDR-Reports/FDR-Report-Dashboard/reportBtn"), 3): Object 'Object Repository/FDR-System-Admin/FDR-Reports/FDR-Report-Dashboard/reportBtn' is present

2020-09-08 11:38:22 - [MESSAGE][PASSED] - Object 'Object Repository/FDR-System-Admin/FDR-Reports/FDR-Report-Dashboard/reportBtn' is present

2020-09-08 11:38:22 - [TEST_STEP][PASSED] - click(findTestObject("Object Repository/FDR-System-Admin/FDR-Reports/FDR-Report-Dashboard/reportBtn")): Object: 'Object Repository/FDR-System-Admin/FDR-Reports/FDR-Report-Dashboard/reportBtn' is clicked on

2020-09-08 11:38:23 - [MESSAGE][PASSED] - Object: 'Object Repository/FDR-System-Admin/FDR-Reports/FDR-Report-Dashboard/reportBtn' is clicked on

2020-09-08 11:38:23 - [TEST_STEP][PASSED] - waitForElementPresent(findTestObject("Object Repository/FDR-System-Admin/FDR-Reports/FDR-Report-Dashboard/mbesReportBtn"), 3): Object 'Object Repository/FDR-System-Admin/FDR-Reports/FDR-Report-Dashboard/mbesReportBtn' is present

2020-09-08 11:38:23 - [MESSAGE][PASSED] - Object 'Object Repository/FDR-System-Admin/FDR-Reports/FDR-Report-Dashboard/mbesReportBtn' is present

2020-09-08 11:38:23 - [TEST_STEP][PASSED] - mbesReportTaskName = "MBES Reports": null

2020-09-08 11:38:23 - [TEST_STEP][PASSED] - customReportTaskName = "Custom Reports": null

2020-09-08 11:38:23 - [TEST_STEP][PASSED] - verifyElementText(findTestObject("Object Repository/FDR-System-Admin/FDR-Reports/FDR-Report-Dashboard/mbesReportText"), mbesReportTaskName): Actual text and expected text of test object 'Object Repository/FDR-System-Admin/FDR-Reports/FDR-Report-Dashboard/mbesReportText' are matched.

2020-09-08 11:38:24 - [MESSAGE][PASSED] - Actual text and expected text of test object 'Object Repository/FDR-System-Admin/FDR-Reports/FDR-Report-Dashboard/mbesReportText' are matched.

2020-09-08 11:38:24 - [TEST_STEP][PASSED] - verifyElementText(findTestObject("Object Repository/FDR-System-Admin/FDR-Reports/FDR-Report-Dashboard/customReportsText"), customReportTaskName): Actual text and expected text of test object 'Object Repository/FDR-System-Admin/FDR-Reports/FDR-Report-Dashboard/customReportsText' are matched.

2020-09-08 11:38:24 - [MESSAGE][PASSED] - Actual text and expected text of test object 'Object Repository/FDR-System-Admin/FDR-Reports/FDR-Report-Dashboard/customReportsText' are matched.

2020-09-08 11:38:24 - [TEST_STEP][PASSED] - Start listener action : sampleAfterTestCase: null

2020-09-08 11:38:24 - [TEST_STEP][PASSED] - profileName = getExecutionProfile(): null

2020-09-08 11:38:24 - [TEST_STEP][PASSED] - switch (profileName): null

2020-09-08 11:38:24 - [TEST_STEP][PASSED] - case "superUser":: null

2020-09-08 11:38:24 - [TEST_STEP][PASSED] - return null: null

2020-09-08 11:38:24 - [TEST_STEP][PASSED] - Start listener action : afterTestCase: Browser is closed

2020-09-08 11:38:24 - [TEST_STEP][PASSED] - profileName = getExecutionProfile(): null

2020-09-08 11:38:24 - [TEST_STEP][PASSED] - if (profileName.equalsIgnoreCase("SysAdmin")): Browser is closed

2020-09-08 11:38:24 - [TEST_STEP][PASSED] - closeBrowser(): Browser is closed

2020-09-08 11:38:24 - [MESSAGE][PASSED] - Browser is closed

2020-09-08 11:38:24 - [TEST_STEP][PASSED] - Start listener action : sampleAfterTestCase: null

2020-09-08 11:38:24 - [TEST_STEP][PASSED] - profileName = getExecutionProfile(): null

2020-09-08 11:38:24 - [TEST_STEP][PASSED] - switch (profileName): null

2020-09-08 11:38:24 - [TEST_STEP][PASSED] - Default: null

2020-09-08 11:38:24 - [TEST_STEP][PASSED] - return null: null

2020-09-08 11:38:24 - [TEST_STEP][PASSED] - Start listener action : addFailedTCToList: null]]></system-out>
         <system-err><![CDATA[]]></system-err>
      </testcase>
      <testcase name="Test Cases/WEB-UI-TESTS/SysAdmin/ReferencePage/ReferenceDetail/FDR-Add-SupplierDetailReview" time="54.49" classname="Test Cases/WEB-UI-TESTS/SysAdmin/ReferencePage/ReferenceDetail/FDR-Add-SupplierDetailReview" status="PASSED">
         <system-out><![CDATA[2020-09-08 11:38:24 - [TEST_CASE][PASSED] - Test Cases/WEB-UI-TESTS/SysAdmin/ReferencePage/ReferenceDetail/FDR-Add-SupplierDetailReview: Test Cases/WEB-UI-TESTS/SysAdmin/ReferencePage/ReferenceDetail/FDR-Add-SupplierDetailReview

2020-09-08 11:38:24 - [TEST_STEP][PASSED] - Start listener action : sampleBeforeTestCase: null

2020-09-08 11:38:24 - [TEST_STEP][PASSED] - profileName = getExecutionProfile(): null

2020-09-08 11:38:24 - [TEST_STEP][PASSED] - switch (profileName): null

2020-09-08 11:38:24 - [TEST_STEP][PASSED] - case "superUser":: null

2020-09-08 11:38:24 - [TEST_STEP][PASSED] - return null: null

2020-09-08 11:38:24 - [TEST_STEP][PASSED] - Start listener action : beforeTestCase: Call Test Case 'Test Cases/WEB-UI-TESTS/SysAdmin/SystemAdmin-Login' successfully

2020-09-08 11:38:24 - [TEST_STEP][PASSED] - profileName = getExecutionProfile(): null

2020-09-08 11:38:24 - [TEST_STEP][PASSED] - if (profileName.equalsIgnoreCase("SysAdmin")): Call Test Case 'Test Cases/WEB-UI-TESTS/SysAdmin/SystemAdmin-Login' successfully

2020-09-08 11:38:24 - [TEST_STEP][PASSED] - callTestCase(findTestCase("Test Cases/WEB-UI-TESTS/SysAdmin/SystemAdmin-Login"), null): Call Test Case 'Test Cases/WEB-UI-TESTS/SysAdmin/SystemAdmin-Login' successfully

2020-09-08 11:38:25 - [TEST_CASE][PASSED] - Test Cases/WEB-UI-TESTS/SysAdmin/SystemAdmin-Login: Test Cases/WEB-UI-TESTS/SysAdmin/SystemAdmin-Login

2020-09-08 11:38:25 - [TEST_STEP][PASSED] - openBrowser(URL): Browser is opened with url: 'https://fdr-katalon.cammis-mod-dev.dhcs.ca.gov'

2020-09-08 11:38:25 - [MESSAGE][INFO] - Starting 'Chrome' driver

2020-09-08 11:38:25 - [MESSAGE][INFO] - Action delay is set to 0 milliseconds

2020-09-08 11:38:29 - [MESSAGE][PASSED] - Browser is opened with url: 'https://fdr-katalon.cammis-mod-dev.dhcs.ca.gov'

2020-09-08 11:38:29 - [TEST_STEP][PASSED] - maximizeWindow(): Current window maximized

2020-09-08 11:38:31 - [MESSAGE][PASSED] - Current window maximized

2020-09-08 11:38:31 - [TEST_STEP][PASSED] - refresh(): Refresh successfully

2020-09-08 11:38:31 - [MESSAGE][PASSED] - Refresh successfully

2020-09-08 11:38:31 - [TEST_STEP][PASSED] - delay(2): Delayed 2 second(s)

2020-09-08 11:38:33 - [MESSAGE][PASSED] - Delayed 2 second(s)

2020-09-08 11:38:33 - [TEST_STEP][PASSED] - waitForElementPresent(findTestObject("FDR-System-Admin/SysAdmin-SignIn/adminEmail"), 5): Object 'Object Repository/FDR-System-Admin/SysAdmin-SignIn/adminEmail' is present

2020-09-08 11:38:33 - [MESSAGE][PASSED] - Object 'Object Repository/FDR-System-Admin/SysAdmin-SignIn/adminEmail' is present

2020-09-08 11:38:33 - [TEST_STEP][PASSED] - setText(findTestObject("FDR-System-Admin/SysAdmin-SignIn/adminEmail"), adminEmail): Text 'fdr.test10@dhcs.ca.gov
' is set on object 'Object Repository/FDR-System-Admin/SysAdmin-SignIn/adminEmail'

2020-09-08 11:38:34 - [MESSAGE][PASSED] - Text 'fdr.test10@dhcs.ca.gov
' is set on object 'Object Repository/FDR-System-Admin/SysAdmin-SignIn/adminEmail'

2020-09-08 11:38:34 - [TEST_STEP][PASSED] - waitForElementPresent(findTestObject("FDR-System-Admin/SysAdmin-SignIn/adminUserName"), 5): Object 'Object Repository/FDR-System-Admin/SysAdmin-SignIn/adminUserName' is present

2020-09-08 11:38:37 - [MESSAGE][PASSED] - Object 'Object Repository/FDR-System-Admin/SysAdmin-SignIn/adminUserName' is present

2020-09-08 11:38:37 - [TEST_STEP][PASSED] - setText(findTestObject("FDR-System-Admin/SysAdmin-SignIn/adminUserName"), UserName): Text 'fdr.test10@dhcs.ca.gov' is set on object 'Object Repository/FDR-System-Admin/SysAdmin-SignIn/adminUserName'

2020-09-08 11:38:38 - [MESSAGE][PASSED] - Text 'fdr.test10@dhcs.ca.gov' is set on object 'Object Repository/FDR-System-Admin/SysAdmin-SignIn/adminUserName'

2020-09-08 11:38:38 - [TEST_STEP][PASSED] - setText(findTestObject("FDR-System-Admin/SysAdmin-SignIn/adminPass"), Password): Text 'Password18' is set on object 'Object Repository/FDR-System-Admin/SysAdmin-SignIn/adminPass'

2020-09-08 11:38:38 - [MESSAGE][PASSED] - Text 'Password18' is set on object 'Object Repository/FDR-System-Admin/SysAdmin-SignIn/adminPass'

2020-09-08 11:38:38 - [TEST_STEP][PASSED] - click(findTestObject("FDR-System-Admin/SysAdmin-SignIn/adminSignIn")): Object: 'Object Repository/FDR-System-Admin/SysAdmin-SignIn/adminSignIn' is clicked on

2020-09-08 11:38:41 - [MESSAGE][PASSED] - Object: 'Object Repository/FDR-System-Admin/SysAdmin-SignIn/adminSignIn' is clicked on

2020-09-08 11:38:41 - [TEST_STEP][PASSED] - waitForElementPresent(findTestObject("Object Repository/FDR-System-Admin/SysAdmin-Dashboard/maintainReferenceDataBtn"), 3): Object 'Object Repository/FDR-System-Admin/SysAdmin-Dashboard/maintainReferenceDataBtn' is present

2020-09-08 11:38:43 - [MESSAGE][PASSED] - Object 'Object Repository/FDR-System-Admin/SysAdmin-Dashboard/maintainReferenceDataBtn' is present

2020-09-08 11:38:43 - [TEST_STEP][PASSED] - verifyElementPresent(findTestObject("Object Repository/FDR-System-Admin/SysAdmin-Dashboard/maintainReferenceDataBtn"), Timeout): Object 'Object Repository/FDR-System-Admin/SysAdmin-Dashboard/maintainReferenceDataBtn' is present

2020-09-08 11:38:43 - [MESSAGE][PASSED] - Object 'Object Repository/FDR-System-Admin/SysAdmin-Dashboard/maintainReferenceDataBtn' is present

2020-09-08 11:38:43 - [TEST_STEP][PASSED] - refresh(): Refresh successfully

2020-09-08 11:38:44 - [MESSAGE][PASSED] - Refresh successfully

2020-09-08 11:38:44 - [MESSAGE][PASSED] - Call Test Case 'Test Cases/WEB-UI-TESTS/SysAdmin/SystemAdmin-Login' successfully

2020-09-08 11:38:44 - [TEST_STEP][PASSED] - Start listener action : sampleBeforeTestCase: null

2020-09-08 11:38:44 - [TEST_STEP][PASSED] - profileName = getExecutionProfile(): null

2020-09-08 11:38:44 - [TEST_STEP][PASSED] - testCaseId = testCaseContext.getTestCaseId(): null

2020-09-08 11:38:44 - [TEST_STEP][PASSED] - switch (profileName): null

2020-09-08 11:38:44 - [TEST_STEP][PASSED] - Default: null

2020-09-08 11:38:44 - [TEST_STEP][PASSED] - return null: null

2020-09-08 11:38:44 - [TEST_STEP][PASSED] - Start listener action : executeRows: null

2020-09-08 11:38:44 - [TEST_STEP][PASSED] - click(findTestObject("Object Repository/FDR-System-Admin/SysAdmin-Dashboard/maintainReferenceDataBtn")): Object: 'Object Repository/FDR-System-Admin/SysAdmin-Dashboard/maintainReferenceDataBtn' is clicked on

2020-09-08 11:38:44 - [MESSAGE][PASSED] - Object: 'Object Repository/FDR-System-Admin/SysAdmin-Dashboard/maintainReferenceDataBtn' is clicked on

2020-09-08 11:38:44 - [TEST_STEP][PASSED] - click(findTestObject("FDR-System-Admin/FDR-ReferencePage/reference-data")): Object: 'Object Repository/FDR-System-Admin/FDR-ReferencePage/reference-data' is clicked on

2020-09-08 11:38:45 - [MESSAGE][PASSED] - Object: 'Object Repository/FDR-System-Admin/FDR-ReferencePage/reference-data' is clicked on

2020-09-08 11:38:45 - [TEST_STEP][PASSED] - setText(findTestObject("FDR-System-Admin/FDR-ReferencePage/referenceDataNameInput"), "supplier"): Text 'supplier' is set on object 'Object Repository/FDR-System-Admin/FDR-ReferencePage/referenceDataNameInput'

2020-09-08 11:38:46 - [MESSAGE][PASSED] - Text 'supplier' is set on object 'Object Repository/FDR-System-Admin/FDR-ReferencePage/referenceDataNameInput'

2020-09-08 11:38:46 - [TEST_STEP][PASSED] - click(findTestObject("FDR-System-Admin/FDR-ReferencePage/supplierReference/supplierDetail/supplier")): Object: 'Object Repository/FDR-System-Admin/FDR-ReferencePage/supplierReference/supplierDetail/supplier' is clicked on

2020-09-08 11:38:46 - [MESSAGE][PASSED] - Object: 'Object Repository/FDR-System-Admin/FDR-ReferencePage/supplierReference/supplierDetail/supplier' is clicked on

2020-09-08 11:38:46 - [TEST_STEP][PASSED] - waitForElementPresent(findTestObject("FDR-System-Admin/FDR-Add-Suppliers/addSupplierBtn"), 3): Object 'Object Repository/FDR-System-Admin/FDR-Add-Suppliers/addSupplierBtn' is present

2020-09-08 11:38:47 - [MESSAGE][PASSED] - Object 'Object Repository/FDR-System-Admin/FDR-Add-Suppliers/addSupplierBtn' is present

2020-09-08 11:38:47 - [TEST_STEP][PASSED] - click(findTestObject("FDR-System-Admin/FDR-Add-Suppliers/addSupplierBtn")): Object: 'Object Repository/FDR-System-Admin/FDR-Add-Suppliers/addSupplierBtn' is clicked on

2020-09-08 11:38:47 - [MESSAGE][PASSED] - Object: 'Object Repository/FDR-System-Admin/FDR-Add-Suppliers/addSupplierBtn' is clicked on

2020-09-08 11:38:47 - [TEST_STEP][PASSED] - supplierCode = RandomStringUtils.randomNumeric(10): null

2020-09-08 11:38:47 - [TEST_STEP][PASSED] - supplierName = RandomStringUtils.randomAlphabetic(10): null

2020-09-08 11:38:47 - [TEST_STEP][PASSED] - waitForElementPresent(findTestObject("FDR-System-Admin/FDR-Add-Suppliers/supplierCode"), 3): Object 'Object Repository/FDR-System-Admin/FDR-Add-Suppliers/supplierCode' is present

2020-09-08 11:38:48 - [MESSAGE][PASSED] - Object 'Object Repository/FDR-System-Admin/FDR-Add-Suppliers/supplierCode' is present

2020-09-08 11:38:48 - [TEST_STEP][PASSED] - setText(findTestObject("FDR-System-Admin/FDR-Add-Suppliers/supplierCode"), supplierCode): Text '1636379527' is set on object 'Object Repository/FDR-System-Admin/FDR-Add-Suppliers/supplierCode'

2020-09-08 11:38:48 - [MESSAGE][PASSED] - Text '1636379527' is set on object 'Object Repository/FDR-System-Admin/FDR-Add-Suppliers/supplierCode'

2020-09-08 11:38:48 - [TEST_STEP][PASSED] - waitForElementPresent(findTestObject("FDR-System-Admin/FDR-Add-Suppliers/supplierName"), 3): Object 'Object Repository/FDR-System-Admin/FDR-Add-Suppliers/supplierName' is present

2020-09-08 11:38:49 - [MESSAGE][PASSED] - Object 'Object Repository/FDR-System-Admin/FDR-Add-Suppliers/supplierName' is present

2020-09-08 11:38:49 - [TEST_STEP][PASSED] - setText(findTestObject("FDR-System-Admin/FDR-Add-Suppliers/supplierName"), supplierName): Text 'NbSMvcPTzb' is set on object 'Object Repository/FDR-System-Admin/FDR-Add-Suppliers/supplierName'

2020-09-08 11:38:49 - [MESSAGE][PASSED] - Text 'NbSMvcPTzb' is set on object 'Object Repository/FDR-System-Admin/FDR-Add-Suppliers/supplierName'

2020-09-08 11:38:49 - [TEST_STEP][PASSED] - waitForElementPresent(findTestObject("FDR-System-Admin/FDR-Add-Suppliers/addSupplierConfirmBtn"), 3): Object 'Object Repository/FDR-System-Admin/FDR-Add-Suppliers/addSupplierConfirmBtn' is present

2020-09-08 11:38:50 - [MESSAGE][PASSED] - Object 'Object Repository/FDR-System-Admin/FDR-Add-Suppliers/addSupplierConfirmBtn' is present

2020-09-08 11:38:50 - [TEST_STEP][PASSED] - click(findTestObject("FDR-System-Admin/FDR-Add-Suppliers/addSupplierConfirmBtn")): Object: 'Object Repository/FDR-System-Admin/FDR-Add-Suppliers/addSupplierConfirmBtn' is clicked on

2020-09-08 11:38:50 - [MESSAGE][PASSED] - Object: 'Object Repository/FDR-System-Admin/FDR-Add-Suppliers/addSupplierConfirmBtn' is clicked on

2020-09-08 11:38:50 - [TEST_STEP][PASSED] - waitForElementPresent(findTestObject("FDR-System-Admin/FDR-ReferencePage/supplierReference/supplierDetail/supplierHeader"), 3): Object 'Object Repository/FDR-System-Admin/FDR-ReferencePage/supplierReference/supplierDetail/supplierHeader' is present

2020-09-08 11:38:51 - [MESSAGE][PASSED] - Object 'Object Repository/FDR-System-Admin/FDR-ReferencePage/supplierReference/supplierDetail/supplierHeader' is present

2020-09-08 11:38:51 - [TEST_STEP][PASSED] - waitForElementPresent(findTestObject("FDR-System-Admin/FDR-Edit-Supplier/editSupplierElipsis"), 3): Object 'Object Repository/FDR-System-Admin/FDR-Edit-Supplier/editSupplierElipsis' is present

2020-09-08 11:38:51 - [MESSAGE][PASSED] - Object 'Object Repository/FDR-System-Admin/FDR-Edit-Supplier/editSupplierElipsis' is present

2020-09-08 11:38:51 - [TEST_STEP][PASSED] - click(findTestObject("FDR-System-Admin/FDR-Edit-Supplier/editSupplierElipsis")): Object: 'Object Repository/FDR-System-Admin/FDR-Edit-Supplier/editSupplierElipsis' is clicked on

2020-09-08 11:38:52 - [MESSAGE][PASSED] - Object: 'Object Repository/FDR-System-Admin/FDR-Edit-Supplier/editSupplierElipsis' is clicked on

2020-09-08 11:38:52 - [TEST_STEP][PASSED] - waitForElementPresent(findTestObject("FDR-System-Admin/FDR-Edit-Supplier/editSupplierBtn"), 3): Object 'Object Repository/FDR-System-Admin/FDR-Edit-Supplier/editSupplierBtn' is present

2020-09-08 11:38:52 - [MESSAGE][PASSED] - Object 'Object Repository/FDR-System-Admin/FDR-Edit-Supplier/editSupplierBtn' is present

2020-09-08 11:38:52 - [TEST_STEP][PASSED] - click(findTestObject("FDR-System-Admin/FDR-Edit-Supplier/editSupplierBtn")): Object: 'Object Repository/FDR-System-Admin/FDR-Edit-Supplier/editSupplierBtn' is clicked on

2020-09-08 11:38:53 - [MESSAGE][PASSED] - Object: 'Object Repository/FDR-System-Admin/FDR-Edit-Supplier/editSupplierBtn' is clicked on

2020-09-08 11:38:53 - [TEST_STEP][PASSED] - waitForElementPresent(findTestObject("FDR-System-Admin/FDR-Edit-Supplier/editSupplierHeaderLabel"), 3): Object 'Object Repository/FDR-System-Admin/FDR-Edit-Supplier/editSupplierHeaderLabel' is present

2020-09-08 11:38:53 - [MESSAGE][PASSED] - Object 'Object Repository/FDR-System-Admin/FDR-Edit-Supplier/editSupplierHeaderLabel' is present

2020-09-08 11:38:53 - [TEST_STEP][PASSED] - editSupplierCode = RandomStringUtils.randomNumeric(10): null

2020-09-08 11:38:53 - [TEST_STEP][PASSED] - waitForElementPresent(findTestObject("FDR-System-Admin/FDR-Add-Suppliers/supplierCode"), 3): Object 'Object Repository/FDR-System-Admin/FDR-Add-Suppliers/supplierCode' is present

2020-09-08 11:38:54 - [MESSAGE][PASSED] - Object 'Object Repository/FDR-System-Admin/FDR-Add-Suppliers/supplierCode' is present

2020-09-08 11:38:54 - [TEST_STEP][PASSED] - doubleClick(findTestObject("FDR-System-Admin/FDR-Add-Suppliers/supplierCode")): Object: 'Object Repository/FDR-System-Admin/FDR-Add-Suppliers/supplierCode' is double clicked on

2020-09-08 11:38:54 - [MESSAGE][PASSED] - Object: 'Object Repository/FDR-System-Admin/FDR-Add-Suppliers/supplierCode' is double clicked on

2020-09-08 11:38:54 - [TEST_STEP][PASSED] - sendKeys(findTestObject("FDR-System-Admin/FDR-Add-Suppliers/supplierCode"), Keys.chord(BACK_SPACE)): Keys 'BACK_SPACE + ' sent to object: 'Object Repository/FDR-System-Admin/FDR-Add-Suppliers/supplierCode'

2020-09-08 11:38:54 - [MESSAGE][PASSED] - Keys 'BACK_SPACE + ' sent to object: 'Object Repository/FDR-System-Admin/FDR-Add-Suppliers/supplierCode'

2020-09-08 11:38:54 - [TEST_STEP][PASSED] - setText(findTestObject("FDR-System-Admin/FDR-Add-Suppliers/supplierCode"), editSupplierCode): Text '0218302190' is set on object 'Object Repository/FDR-System-Admin/FDR-Add-Suppliers/supplierCode'

2020-09-08 11:38:55 - [MESSAGE][PASSED] - Text '0218302190' is set on object 'Object Repository/FDR-System-Admin/FDR-Add-Suppliers/supplierCode'

2020-09-08 11:38:55 - [TEST_STEP][PASSED] - waitForElementPresent(findTestObject("FDR-System-Admin/FDR-Edit-Supplier/saveSupplierBtn"), 3): Object 'Object Repository/FDR-System-Admin/FDR-Edit-Supplier/saveSupplierBtn' is present

2020-09-08 11:38:56 - [MESSAGE][PASSED] - Object 'Object Repository/FDR-System-Admin/FDR-Edit-Supplier/saveSupplierBtn' is present

2020-09-08 11:38:56 - [TEST_STEP][PASSED] - click(findTestObject("FDR-System-Admin/FDR-Edit-Supplier/saveSupplierBtn")): Object: 'Object Repository/FDR-System-Admin/FDR-Edit-Supplier/saveSupplierBtn' is clicked on

2020-09-08 11:38:56 - [MESSAGE][PASSED] - Object: 'Object Repository/FDR-System-Admin/FDR-Edit-Supplier/saveSupplierBtn' is clicked on

2020-09-08 11:38:56 - [TEST_STEP][PASSED] - waitForElementPresent(findTestObject("FDR-System-Admin/FDR-ReferencePage/supplierReference/supplierDetail/supplierHeader"), 3): Object 'Object Repository/FDR-System-Admin/FDR-ReferencePage/supplierReference/supplierDetail/supplierHeader' is present

2020-09-08 11:38:57 - [MESSAGE][PASSED] - Object 'Object Repository/FDR-System-Admin/FDR-ReferencePage/supplierReference/supplierDetail/supplierHeader' is present

2020-09-08 11:38:57 - [TEST_STEP][PASSED] - waitForElementPresent(findTestObject("Object Repository/FDR-System-Admin/FDR-Add-Suppliers/FDR-AddAddress/addAddressBtn"), 3): Object 'Object Repository/FDR-System-Admin/FDR-Add-Suppliers/FDR-AddAddress/addAddressBtn' is present

2020-09-08 11:38:57 - [MESSAGE][PASSED] - Object 'Object Repository/FDR-System-Admin/FDR-Add-Suppliers/FDR-AddAddress/addAddressBtn' is present

2020-09-08 11:38:57 - [TEST_STEP][PASSED] - click(findTestObject("Object Repository/FDR-System-Admin/FDR-Add-Suppliers/FDR-AddAddress/addAddressBtn")): Object: 'Object Repository/FDR-System-Admin/FDR-Add-Suppliers/FDR-AddAddress/addAddressBtn' is clicked on

2020-09-08 11:38:57 - [MESSAGE][PASSED] - Object: 'Object Repository/FDR-System-Admin/FDR-Add-Suppliers/FDR-AddAddress/addAddressBtn' is clicked on

2020-09-08 11:38:57 - [TEST_STEP][PASSED] - waitForElementPresent(findTestObject("Object Repository/FDR-System-Admin/FDR-Add-Suppliers/FDR-AddAddress/sequenceNum"), 3): Object 'Object Repository/FDR-System-Admin/FDR-Add-Suppliers/FDR-AddAddress/sequenceNum' is present

2020-09-08 11:38:58 - [MESSAGE][PASSED] - Object 'Object Repository/FDR-System-Admin/FDR-Add-Suppliers/FDR-AddAddress/sequenceNum' is present

2020-09-08 11:38:58 - [TEST_STEP][PASSED] - setText(findTestObject("Object Repository/FDR-System-Admin/FDR-Add-Suppliers/FDR-AddAddress/sequenceNum"), SequenceNum): Text '00' is set on object 'Object Repository/FDR-System-Admin/FDR-Add-Suppliers/FDR-AddAddress/sequenceNum'

2020-09-08 11:38:58 - [MESSAGE][PASSED] - Text '00' is set on object 'Object Repository/FDR-System-Admin/FDR-Add-Suppliers/FDR-AddAddress/sequenceNum'

2020-09-08 11:38:58 - [TEST_STEP][PASSED] - waitForElementPresent(findTestObject("Object Repository/FDR-System-Admin/FDR-Add-Suppliers/FDR-AddAddress/addressLine"), 3): Object 'Object Repository/FDR-System-Admin/FDR-Add-Suppliers/FDR-AddAddress/addressLine' is present

2020-09-08 11:38:59 - [MESSAGE][PASSED] - Object 'Object Repository/FDR-System-Admin/FDR-Add-Suppliers/FDR-AddAddress/addressLine' is present

2020-09-08 11:38:59 - [TEST_STEP][PASSED] - setText(findTestObject("Object Repository/FDR-System-Admin/FDR-Add-Suppliers/FDR-AddAddress/addressLine"), AddressLine): Text '830 Stillwater Rd' is set on object 'Object Repository/FDR-System-Admin/FDR-Add-Suppliers/FDR-AddAddress/addressLine'

2020-09-08 11:39:00 - [MESSAGE][PASSED] - Text '830 Stillwater Rd' is set on object 'Object Repository/FDR-System-Admin/FDR-Add-Suppliers/FDR-AddAddress/addressLine'

2020-09-08 11:39:00 - [TEST_STEP][PASSED] - waitForElementPresent(findTestObject("Object Repository/FDR-System-Admin/FDR-Add-Suppliers/FDR-AddAddress/cityName"), 3): Object 'Object Repository/FDR-System-Admin/FDR-Add-Suppliers/FDR-AddAddress/cityName' is present

2020-09-08 11:39:00 - [MESSAGE][PASSED] - Object 'Object Repository/FDR-System-Admin/FDR-Add-Suppliers/FDR-AddAddress/cityName' is present

2020-09-08 11:39:00 - [TEST_STEP][PASSED] - setText(findTestObject("Object Repository/FDR-System-Admin/FDR-Add-Suppliers/FDR-AddAddress/cityName"), City): Text 'West Sacramento' is set on object 'Object Repository/FDR-System-Admin/FDR-Add-Suppliers/FDR-AddAddress/cityName'

2020-09-08 11:39:02 - [MESSAGE][PASSED] - Text 'West Sacramento' is set on object 'Object Repository/FDR-System-Admin/FDR-Add-Suppliers/FDR-AddAddress/cityName'

2020-09-08 11:39:02 - [TEST_STEP][PASSED] - waitForElementPresent(findTestObject("Object Repository/FDR-System-Admin/FDR-Add-Suppliers/FDR-AddAddress/stateName"), 3): Object 'Object Repository/FDR-System-Admin/FDR-Add-Suppliers/FDR-AddAddress/stateName' is present

2020-09-08 11:39:02 - [MESSAGE][PASSED] - Object 'Object Repository/FDR-System-Admin/FDR-Add-Suppliers/FDR-AddAddress/stateName' is present

2020-09-08 11:39:02 - [TEST_STEP][PASSED] - sendKeys(findTestObject("Object Repository/FDR-System-Admin/FDR-Add-Suppliers/FDR-AddAddress/stateName"), State + Keys.chord(ARROW_DOWN) + Keys.chord(ENTER)): Keys 'DOWN + ENTER + CA' sent to object: 'Object Repository/FDR-System-Admin/FDR-Add-Suppliers/FDR-AddAddress/stateName'

2020-09-08 11:39:03 - [MESSAGE][PASSED] - Keys 'DOWN + ENTER + CA' sent to object: 'Object Repository/FDR-System-Admin/FDR-Add-Suppliers/FDR-AddAddress/stateName'

2020-09-08 11:39:03 - [TEST_STEP][PASSED] - waitForElementPresent(findTestObject("Object Repository/FDR-System-Admin/FDR-Add-Suppliers/FDR-AddAddress/zipCode"), 3): Object 'Object Repository/FDR-System-Admin/FDR-Add-Suppliers/FDR-AddAddress/zipCode' is present

2020-09-08 11:39:03 - [MESSAGE][PASSED] - Object 'Object Repository/FDR-System-Admin/FDR-Add-Suppliers/FDR-AddAddress/zipCode' is present

2020-09-08 11:39:03 - [TEST_STEP][PASSED] - setText(findTestObject("Object Repository/FDR-System-Admin/FDR-Add-Suppliers/FDR-AddAddress/zipCode"), ZipCode): Text '95605-1243' is set on object 'Object Repository/FDR-System-Admin/FDR-Add-Suppliers/FDR-AddAddress/zipCode'

2020-09-08 11:39:04 - [MESSAGE][PASSED] - Text '95605-1243' is set on object 'Object Repository/FDR-System-Admin/FDR-Add-Suppliers/FDR-AddAddress/zipCode'

2020-09-08 11:39:04 - [TEST_STEP][PASSED] - waitForElementPresent(findTestObject("Object Repository/FDR-System-Admin/FDR-Add-Suppliers/FDR-AddAddress/addAddressConfirmBtn"), 3): Object 'Object Repository/FDR-System-Admin/FDR-Add-Suppliers/FDR-AddAddress/addAddressConfirmBtn' is present

2020-09-08 11:39:04 - [MESSAGE][PASSED] - Object 'Object Repository/FDR-System-Admin/FDR-Add-Suppliers/FDR-AddAddress/addAddressConfirmBtn' is present

2020-09-08 11:39:04 - [TEST_STEP][PASSED] - click(findTestObject("Object Repository/FDR-System-Admin/FDR-Add-Suppliers/FDR-AddAddress/addAddressConfirmBtn")): Object: 'Object Repository/FDR-System-Admin/FDR-Add-Suppliers/FDR-AddAddress/addAddressConfirmBtn' is clicked on

2020-09-08 11:39:05 - [MESSAGE][PASSED] - Object: 'Object Repository/FDR-System-Admin/FDR-Add-Suppliers/FDR-AddAddress/addAddressConfirmBtn' is clicked on

2020-09-08 11:39:05 - [TEST_STEP][PASSED] - waitForElementPresent(findTestObject("FDR-System-Admin/FDR-ReferencePage/supplierReference/supplierDetail/supplierHeader"), 3): Object 'Object Repository/FDR-System-Admin/FDR-ReferencePage/supplierReference/supplierDetail/supplierHeader' is present

2020-09-08 11:39:06 - [MESSAGE][PASSED] - Object 'Object Repository/FDR-System-Admin/FDR-ReferencePage/supplierReference/supplierDetail/supplierHeader' is present

2020-09-08 11:39:06 - [TEST_STEP][PASSED] - refresh(): Refresh successfully

2020-09-08 11:39:07 - [MESSAGE][PASSED] - Refresh successfully

2020-09-08 11:39:07 - [TEST_STEP][PASSED] - delay(3): Delayed 3 second(s)

2020-09-08 11:39:10 - [MESSAGE][PASSED] - Delayed 3 second(s)

2020-09-08 11:39:10 - [TEST_STEP][PASSED] - waitForElementPresent(findTestObject("Object Repository/FDR-System-Admin/FDR-Add-Suppliers/FDR-Address-DetailsPage/addressDetailsBtn"), 3): Object 'Object Repository/FDR-System-Admin/FDR-Add-Suppliers/FDR-Address-DetailsPage/addressDetailsBtn' is present

2020-09-08 11:39:10 - [MESSAGE][PASSED] - Object 'Object Repository/FDR-System-Admin/FDR-Add-Suppliers/FDR-Address-DetailsPage/addressDetailsBtn' is present

2020-09-08 11:39:10 - [TEST_STEP][PASSED] - click(findTestObject("Object Repository/FDR-System-Admin/FDR-Add-Suppliers/FDR-Address-DetailsPage/addressDetailsBtn")): Object: 'Object Repository/FDR-System-Admin/FDR-Add-Suppliers/FDR-Address-DetailsPage/addressDetailsBtn' is clicked on

2020-09-08 11:39:10 - [MESSAGE][PASSED] - Object: 'Object Repository/FDR-System-Admin/FDR-Add-Suppliers/FDR-Address-DetailsPage/addressDetailsBtn' is clicked on

2020-09-08 11:39:10 - [TEST_STEP][PASSED] - cityLabel = getText(findTestObject("Object Repository/FDR-System-Admin/FDR-Add-Suppliers/FDR-Address-DetailsPage/cityLabel")): Text of object 'Object Repository/FDR-System-Admin/FDR-Add-Suppliers/FDR-Address-DetailsPage/cityLabel' is: 'CITY'

2020-09-08 11:39:11 - [MESSAGE][PASSED] - Text of object 'Object Repository/FDR-System-Admin/FDR-Add-Suppliers/FDR-Address-DetailsPage/cityLabel' is: 'CITY'

2020-09-08 11:39:11 - [TEST_STEP][PASSED] - stateLabel = getText(findTestObject("Object Repository/FDR-System-Admin/FDR-Add-Suppliers/FDR-Address-DetailsPage/stateLabel")): Text of object 'Object Repository/FDR-System-Admin/FDR-Add-Suppliers/FDR-Address-DetailsPage/stateLabel' is: 'STATE'

2020-09-08 11:39:11 - [MESSAGE][PASSED] - Text of object 'Object Repository/FDR-System-Admin/FDR-Add-Suppliers/FDR-Address-DetailsPage/stateLabel' is: 'STATE'

2020-09-08 11:39:11 - [TEST_STEP][PASSED] - zipCodeLabel = getText(findTestObject("Object Repository/FDR-System-Admin/FDR-Add-Suppliers/FDR-Address-DetailsPage/zipcodeLabel")): Text of object 'Object Repository/FDR-System-Admin/FDR-Add-Suppliers/FDR-Address-DetailsPage/zipcodeLabel' is: 'ZIP CODE'

2020-09-08 11:39:11 - [MESSAGE][PASSED] - Text of object 'Object Repository/FDR-System-Admin/FDR-Add-Suppliers/FDR-Address-DetailsPage/zipcodeLabel' is: 'ZIP CODE'

2020-09-08 11:39:11 - [TEST_STEP][PASSED] - assert cityLabel == "CITY": null

2020-09-08 11:39:11 - [TEST_STEP][PASSED] - assert stateLabel == "STATE": null

2020-09-08 11:39:11 - [TEST_STEP][PASSED] - assert zipCodeLabel == "ZIP CODE": null

2020-09-08 11:39:11 - [TEST_STEP][PASSED] - waitForElementPresent(findTestObject("FDR-System-Admin/FDR-Edit-Supplier/editSupplierElipsis"), 3): Object 'Object Repository/FDR-System-Admin/FDR-Edit-Supplier/editSupplierElipsis' is present

2020-09-08 11:39:12 - [MESSAGE][PASSED] - Object 'Object Repository/FDR-System-Admin/FDR-Edit-Supplier/editSupplierElipsis' is present

2020-09-08 11:39:12 - [TEST_STEP][PASSED] - click(findTestObject("FDR-System-Admin/FDR-Edit-Supplier/editSupplierElipsis")): Object: 'Object Repository/FDR-System-Admin/FDR-Edit-Supplier/editSupplierElipsis' is clicked on

2020-09-08 11:39:12 - [MESSAGE][PASSED] - Object: 'Object Repository/FDR-System-Admin/FDR-Edit-Supplier/editSupplierElipsis' is clicked on

2020-09-08 11:39:12 - [TEST_STEP][PASSED] - waitForElementPresent(findTestObject("FDR-System-Admin/FDR-Edit-Supplier/editSupplierBtn"), 3): Object 'Object Repository/FDR-System-Admin/FDR-Edit-Supplier/editSupplierBtn' is present

2020-09-08 11:39:12 - [MESSAGE][PASSED] - Object 'Object Repository/FDR-System-Admin/FDR-Edit-Supplier/editSupplierBtn' is present

2020-09-08 11:39:12 - [TEST_STEP][PASSED] - click(findTestObject("FDR-System-Admin/FDR-Edit-Supplier/editSupplierBtn")): Object: 'Object Repository/FDR-System-Admin/FDR-Edit-Supplier/editSupplierBtn' is clicked on

2020-09-08 11:39:13 - [MESSAGE][PASSED] - Object: 'Object Repository/FDR-System-Admin/FDR-Edit-Supplier/editSupplierBtn' is clicked on

2020-09-08 11:39:13 - [TEST_STEP][PASSED] - waitForElementPresent(findTestObject("Object Repository/FDR-System-Admin/FDR-Add-Suppliers/FDR-EditAddress/editAddressHeader"), 3): Object 'Object Repository/FDR-System-Admin/FDR-Add-Suppliers/FDR-EditAddress/editAddressHeader' is present

2020-09-08 11:39:14 - [MESSAGE][PASSED] - Object 'Object Repository/FDR-System-Admin/FDR-Add-Suppliers/FDR-EditAddress/editAddressHeader' is present

2020-09-08 11:39:14 - [TEST_STEP][PASSED] - doubleClick(findTestObject("Object Repository/FDR-System-Admin/FDR-Add-Suppliers/FDR-EditAddress/addressInputField")): Object: 'Object Repository/FDR-System-Admin/FDR-Add-Suppliers/FDR-EditAddress/addressInputField' is double clicked on

2020-09-08 11:39:14 - [MESSAGE][PASSED] - Object: 'Object Repository/FDR-System-Admin/FDR-Add-Suppliers/FDR-EditAddress/addressInputField' is double clicked on

2020-09-08 11:39:14 - [TEST_STEP][PASSED] - sendKeys(findTestObject("Object Repository/FDR-System-Admin/FDR-Add-Suppliers/FDR-EditAddress/addressInputField"), Keys.chord(BACK_SPACE)): Keys 'BACK_SPACE + ' sent to object: 'Object Repository/FDR-System-Admin/FDR-Add-Suppliers/FDR-EditAddress/addressInputField'

2020-09-08 11:39:14 - [MESSAGE][PASSED] - Keys 'BACK_SPACE + ' sent to object: 'Object Repository/FDR-System-Admin/FDR-Add-Suppliers/FDR-EditAddress/addressInputField'

2020-09-08 11:39:14 - [TEST_STEP][PASSED] - aptNo = RandomStringUtils.randomNumeric(3): null

2020-09-08 11:39:14 - [TEST_STEP][PASSED] - setText(findTestObject("Object Repository/FDR-System-Admin/FDR-Add-Suppliers/FDR-EditAddress/addressInputField"), aptNo): Text '510' is set on object 'Object Repository/FDR-System-Admin/FDR-Add-Suppliers/FDR-EditAddress/addressInputField'

2020-09-08 11:39:15 - [MESSAGE][PASSED] - Text '510' is set on object 'Object Repository/FDR-System-Admin/FDR-Add-Suppliers/FDR-EditAddress/addressInputField'

2020-09-08 11:39:15 - [TEST_STEP][PASSED] - waitForElementPresent(findTestObject("Object Repository/FDR-System-Admin/FDR-Add-Suppliers/FDR-EditAddress/saveAddressBtn"), 3): Object 'Object Repository/FDR-System-Admin/FDR-Add-Suppliers/FDR-EditAddress/saveAddressBtn' is present

2020-09-08 11:39:15 - [MESSAGE][PASSED] - Object 'Object Repository/FDR-System-Admin/FDR-Add-Suppliers/FDR-EditAddress/saveAddressBtn' is present

2020-09-08 11:39:15 - [TEST_STEP][PASSED] - click(findTestObject("Object Repository/FDR-System-Admin/FDR-Add-Suppliers/FDR-EditAddress/saveAddressBtn")): Object: 'Object Repository/FDR-System-Admin/FDR-Add-Suppliers/FDR-EditAddress/saveAddressBtn' is clicked on

2020-09-08 11:39:16 - [MESSAGE][PASSED] - Object: 'Object Repository/FDR-System-Admin/FDR-Add-Suppliers/FDR-EditAddress/saveAddressBtn' is clicked on

2020-09-08 11:39:16 - [TEST_STEP][PASSED] - waitForElementPresent(findTestObject("Object Repository/FDR-System-Admin/FDR-Add-Suppliers/FDR-EditAddress/addressDetailsHeader"), 3): Object 'Object Repository/FDR-System-Admin/FDR-Add-Suppliers/FDR-EditAddress/addressDetailsHeader' is present

2020-09-08 11:39:16 - [MESSAGE][PASSED] - Object 'Object Repository/FDR-System-Admin/FDR-Add-Suppliers/FDR-EditAddress/addressDetailsHeader' is present

2020-09-08 11:39:16 - [TEST_STEP][PASSED] - waitForElementPresent(findTestObject("FDR-System-Admin/FDR-Add-Suppliers/backToSuppliersPage"), 3): Object 'Object Repository/FDR-System-Admin/FDR-Add-Suppliers/backToSuppliersPage' is present

2020-09-08 11:39:16 - [MESSAGE][PASSED] - Object 'Object Repository/FDR-System-Admin/FDR-Add-Suppliers/backToSuppliersPage' is present

2020-09-08 11:39:16 - [TEST_STEP][PASSED] - click(findTestObject("FDR-System-Admin/FDR-Add-Suppliers/backToSuppliersPage")): Object: 'Object Repository/FDR-System-Admin/FDR-Add-Suppliers/backToSuppliersPage' is clicked on

2020-09-08 11:39:17 - [MESSAGE][PASSED] - Object: 'Object Repository/FDR-System-Admin/FDR-Add-Suppliers/backToSuppliersPage' is clicked on

2020-09-08 11:39:17 - [TEST_STEP][PASSED] - if (verifyElementPresent(findTestObject("FDR-System-Admin/FDR-ReferencePage/firstRowOfRefData"), 2)): null

2020-09-08 11:39:17 - [MESSAGE][PASSED] - Object 'Object Repository/FDR-System-Admin/FDR-ReferencePage/firstRowOfRefData' is present

2020-09-08 11:39:17 - [TEST_STEP][PASSED] - click(findTestObject("FDR-System-Admin/FDR-ReferencePage/firstRowOfRefData")): Object: 'Object Repository/FDR-System-Admin/FDR-ReferencePage/firstRowOfRefData' is clicked on

2020-09-08 11:39:18 - [MESSAGE][PASSED] - Object: 'Object Repository/FDR-System-Admin/FDR-ReferencePage/firstRowOfRefData' is clicked on

2020-09-08 11:39:18 - [TEST_STEP][PASSED] - waitForElementPresent(findTestObject("FDR-System-Admin/FDR-ReferencePage/supplierReference/supplierDetail/supplierHeader"), 3): Object 'Object Repository/FDR-System-Admin/FDR-ReferencePage/supplierReference/supplierDetail/supplierHeader' is present

2020-09-08 11:39:18 - [MESSAGE][PASSED] - Object 'Object Repository/FDR-System-Admin/FDR-ReferencePage/supplierReference/supplierDetail/supplierHeader' is present

2020-09-08 11:39:18 - [TEST_STEP][PASSED] - label = getText(findTestObject("FDR-System-Admin/FDR-ReferencePage/supplierReference/supplierDetail/supplierCodeLabel")): Text of object 'Object Repository/FDR-System-Admin/FDR-ReferencePage/supplierReference/supplierDetail/supplierCodeLabel' is: 'SUPPLIER CODE'

2020-09-08 11:39:18 - [MESSAGE][PASSED] - Text of object 'Object Repository/FDR-System-Admin/FDR-ReferencePage/supplierReference/supplierDetail/supplierCodeLabel' is: 'SUPPLIER CODE'

2020-09-08 11:39:18 - [TEST_STEP][PASSED] - assert label == "SUPPLIER CODE": null

2020-09-08 11:39:18 - [TEST_STEP][PASSED] - Start listener action : sampleAfterTestCase: null

2020-09-08 11:39:18 - [TEST_STEP][PASSED] - profileName = getExecutionProfile(): null

2020-09-08 11:39:18 - [TEST_STEP][PASSED] - switch (profileName): null

2020-09-08 11:39:18 - [TEST_STEP][PASSED] - case "superUser":: null

2020-09-08 11:39:18 - [TEST_STEP][PASSED] - return null: null

2020-09-08 11:39:18 - [TEST_STEP][PASSED] - Start listener action : afterTestCase: Browser is closed

2020-09-08 11:39:18 - [TEST_STEP][PASSED] - profileName = getExecutionProfile(): null

2020-09-08 11:39:18 - [TEST_STEP][PASSED] - if (profileName.equalsIgnoreCase("SysAdmin")): Browser is closed

2020-09-08 11:39:18 - [TEST_STEP][PASSED] - closeBrowser(): Browser is closed

2020-09-08 11:39:19 - [MESSAGE][PASSED] - Browser is closed

2020-09-08 11:39:19 - [TEST_STEP][PASSED] - Start listener action : sampleAfterTestCase: null

2020-09-08 11:39:19 - [TEST_STEP][PASSED] - profileName = getExecutionProfile(): null

2020-09-08 11:39:19 - [TEST_STEP][PASSED] - switch (profileName): null

2020-09-08 11:39:19 - [TEST_STEP][PASSED] - Default: null

2020-09-08 11:39:19 - [TEST_STEP][PASSED] - return null: null

2020-09-08 11:39:19 - [TEST_STEP][PASSED] - Start listener action : addFailedTCToList: null]]></system-out>
         <system-err><![CDATA[]]></system-err>
      </testcase>
      <testcase name="Test Cases/WEB-UI-TESTS/SysAdmin/ReferencePage/ReferenceDetail/FDR-Add-ServiceCategoryDetailReview" time="25.752" classname="Test Cases/WEB-UI-TESTS/SysAdmin/ReferencePage/ReferenceDetail/FDR-Add-ServiceCategoryDetailReview" status="PASSED">
         <system-out><![CDATA[2020-09-08 11:39:19 - [TEST_CASE][PASSED] - Test Cases/WEB-UI-TESTS/SysAdmin/ReferencePage/ReferenceDetail/FDR-Add-ServiceCategoryDetailReview: Test Cases/WEB-UI-TESTS/SysAdmin/ReferencePage/ReferenceDetail/FDR-Add-ServiceCategoryDetailReview

2020-09-08 11:39:19 - [TEST_STEP][PASSED] - Start listener action : sampleBeforeTestCase: null

2020-09-08 11:39:19 - [TEST_STEP][PASSED] - profileName = getExecutionProfile(): null

2020-09-08 11:39:19 - [TEST_STEP][PASSED] - switch (profileName): null

2020-09-08 11:39:19 - [TEST_STEP][PASSED] - case "superUser":: null

2020-09-08 11:39:19 - [TEST_STEP][PASSED] - return null: null

2020-09-08 11:39:19 - [TEST_STEP][PASSED] - Start listener action : beforeTestCase: Call Test Case 'Test Cases/WEB-UI-TESTS/SysAdmin/SystemAdmin-Login' successfully

2020-09-08 11:39:19 - [TEST_STEP][PASSED] - profileName = getExecutionProfile(): null

2020-09-08 11:39:19 - [TEST_STEP][PASSED] - if (profileName.equalsIgnoreCase("SysAdmin")): Call Test Case 'Test Cases/WEB-UI-TESTS/SysAdmin/SystemAdmin-Login' successfully

2020-09-08 11:39:19 - [TEST_STEP][PASSED] - callTestCase(findTestCase("Test Cases/WEB-UI-TESTS/SysAdmin/SystemAdmin-Login"), null): Call Test Case 'Test Cases/WEB-UI-TESTS/SysAdmin/SystemAdmin-Login' successfully

2020-09-08 11:39:19 - [TEST_CASE][PASSED] - Test Cases/WEB-UI-TESTS/SysAdmin/SystemAdmin-Login: Test Cases/WEB-UI-TESTS/SysAdmin/SystemAdmin-Login

2020-09-08 11:39:19 - [TEST_STEP][PASSED] - openBrowser(URL): Browser is opened with url: 'https://fdr-katalon.cammis-mod-dev.dhcs.ca.gov'

2020-09-08 11:39:19 - [MESSAGE][INFO] - Starting 'Chrome' driver

2020-09-08 11:39:19 - [MESSAGE][INFO] - Action delay is set to 0 milliseconds

2020-09-08 11:39:24 - [MESSAGE][PASSED] - Browser is opened with url: 'https://fdr-katalon.cammis-mod-dev.dhcs.ca.gov'

2020-09-08 11:39:24 - [TEST_STEP][PASSED] - maximizeWindow(): Current window maximized

2020-09-08 11:39:26 - [MESSAGE][PASSED] - Current window maximized

2020-09-08 11:39:26 - [TEST_STEP][PASSED] - refresh(): Refresh successfully

2020-09-08 11:39:26 - [MESSAGE][PASSED] - Refresh successfully

2020-09-08 11:39:26 - [TEST_STEP][PASSED] - delay(2): Delayed 2 second(s)

2020-09-08 11:39:28 - [MESSAGE][PASSED] - Delayed 2 second(s)

2020-09-08 11:39:28 - [TEST_STEP][PASSED] - waitForElementPresent(findTestObject("FDR-System-Admin/SysAdmin-SignIn/adminEmail"), 5): Object 'Object Repository/FDR-System-Admin/SysAdmin-SignIn/adminEmail' is present

2020-09-08 11:39:28 - [MESSAGE][PASSED] - Object 'Object Repository/FDR-System-Admin/SysAdmin-SignIn/adminEmail' is present

2020-09-08 11:39:28 - [TEST_STEP][PASSED] - setText(findTestObject("FDR-System-Admin/SysAdmin-SignIn/adminEmail"), adminEmail): Text 'fdr.test10@dhcs.ca.gov
' is set on object 'Object Repository/FDR-System-Admin/SysAdmin-SignIn/adminEmail'

2020-09-08 11:39:29 - [MESSAGE][PASSED] - Text 'fdr.test10@dhcs.ca.gov
' is set on object 'Object Repository/FDR-System-Admin/SysAdmin-SignIn/adminEmail'

2020-09-08 11:39:29 - [TEST_STEP][PASSED] - waitForElementPresent(findTestObject("FDR-System-Admin/SysAdmin-SignIn/adminUserName"), 5): Object 'Object Repository/FDR-System-Admin/SysAdmin-SignIn/adminUserName' is present

2020-09-08 11:39:32 - [MESSAGE][PASSED] - Object 'Object Repository/FDR-System-Admin/SysAdmin-SignIn/adminUserName' is present

2020-09-08 11:39:32 - [TEST_STEP][PASSED] - setText(findTestObject("FDR-System-Admin/SysAdmin-SignIn/adminUserName"), UserName): Text 'fdr.test10@dhcs.ca.gov' is set on object 'Object Repository/FDR-System-Admin/SysAdmin-SignIn/adminUserName'

2020-09-08 11:39:33 - [MESSAGE][PASSED] - Text 'fdr.test10@dhcs.ca.gov' is set on object 'Object Repository/FDR-System-Admin/SysAdmin-SignIn/adminUserName'

2020-09-08 11:39:33 - [TEST_STEP][PASSED] - setText(findTestObject("FDR-System-Admin/SysAdmin-SignIn/adminPass"), Password): Text 'Password18' is set on object 'Object Repository/FDR-System-Admin/SysAdmin-SignIn/adminPass'

2020-09-08 11:39:33 - [MESSAGE][PASSED] - Text 'Password18' is set on object 'Object Repository/FDR-System-Admin/SysAdmin-SignIn/adminPass'

2020-09-08 11:39:33 - [TEST_STEP][PASSED] - click(findTestObject("FDR-System-Admin/SysAdmin-SignIn/adminSignIn")): Object: 'Object Repository/FDR-System-Admin/SysAdmin-SignIn/adminSignIn' is clicked on

2020-09-08 11:39:34 - [MESSAGE][PASSED] - Object: 'Object Repository/FDR-System-Admin/SysAdmin-SignIn/adminSignIn' is clicked on

2020-09-08 11:39:34 - [TEST_STEP][PASSED] - waitForElementPresent(findTestObject("Object Repository/FDR-System-Admin/SysAdmin-Dashboard/maintainReferenceDataBtn"), 3): Object 'Object Repository/FDR-System-Admin/SysAdmin-Dashboard/maintainReferenceDataBtn' is present

2020-09-08 11:39:37 - [MESSAGE][PASSED] - Object 'Object Repository/FDR-System-Admin/SysAdmin-Dashboard/maintainReferenceDataBtn' is present

2020-09-08 11:39:37 - [TEST_STEP][PASSED] - verifyElementPresent(findTestObject("Object Repository/FDR-System-Admin/SysAdmin-Dashboard/maintainReferenceDataBtn"), Timeout): Object 'Object Repository/FDR-System-Admin/SysAdmin-Dashboard/maintainReferenceDataBtn' is present

2020-09-08 11:39:37 - [MESSAGE][PASSED] - Object 'Object Repository/FDR-System-Admin/SysAdmin-Dashboard/maintainReferenceDataBtn' is present

2020-09-08 11:39:37 - [TEST_STEP][PASSED] - refresh(): Refresh successfully

2020-09-08 11:39:38 - [MESSAGE][PASSED] - Refresh successfully

2020-09-08 11:39:38 - [MESSAGE][PASSED] - Call Test Case 'Test Cases/WEB-UI-TESTS/SysAdmin/SystemAdmin-Login' successfully

2020-09-08 11:39:38 - [TEST_STEP][PASSED] - Start listener action : sampleBeforeTestCase: null

2020-09-08 11:39:38 - [TEST_STEP][PASSED] - profileName = getExecutionProfile(): null

2020-09-08 11:39:38 - [TEST_STEP][PASSED] - testCaseId = testCaseContext.getTestCaseId(): null

2020-09-08 11:39:38 - [TEST_STEP][PASSED] - switch (profileName): null

2020-09-08 11:39:38 - [TEST_STEP][PASSED] - Default: null

2020-09-08 11:39:38 - [TEST_STEP][PASSED] - return null: null

2020-09-08 11:39:38 - [TEST_STEP][PASSED] - Start listener action : executeRows: null

2020-09-08 11:39:38 - [TEST_STEP][PASSED] - click(findTestObject("Object Repository/FDR-System-Admin/SysAdmin-Dashboard/maintainReferenceDataBtn")): Object: 'Object Repository/FDR-System-Admin/SysAdmin-Dashboard/maintainReferenceDataBtn' is clicked on

2020-09-08 11:39:38 - [MESSAGE][PASSED] - Object: 'Object Repository/FDR-System-Admin/SysAdmin-Dashboard/maintainReferenceDataBtn' is clicked on

2020-09-08 11:39:38 - [TEST_STEP][PASSED] - click(findTestObject("Object Repository/FDR-System-Admin/FDR-ReferencePage/reference-data")): Object: 'Object Repository/FDR-System-Admin/FDR-ReferencePage/reference-data' is clicked on

2020-09-08 11:39:39 - [MESSAGE][PASSED] - Object: 'Object Repository/FDR-System-Admin/FDR-ReferencePage/reference-data' is clicked on

2020-09-08 11:39:39 - [TEST_STEP][PASSED] - setText(findTestObject("Object Repository/FDR-System-Admin/FDR-ReferencePage/referenceDataNameInput"), "Service Categories"): Text 'Service Categories' is set on object 'Object Repository/FDR-System-Admin/FDR-ReferencePage/referenceDataNameInput'

2020-09-08 11:39:39 - [MESSAGE][PASSED] - Text 'Service Categories' is set on object 'Object Repository/FDR-System-Admin/FDR-ReferencePage/referenceDataNameInput'

2020-09-08 11:39:39 - [TEST_STEP][PASSED] - click(findTestObject("FDR-System-Admin/FDR-ReferencePage/serviceCategoryReference/serviceCategoryDetail/serviceCategory")): Object: 'Object Repository/FDR-System-Admin/FDR-ReferencePage/serviceCategoryReference/serviceCategoryDetail/serviceCategory' is clicked on

2020-09-08 11:39:40 - [MESSAGE][PASSED] - Object: 'Object Repository/FDR-System-Admin/FDR-ReferencePage/serviceCategoryReference/serviceCategoryDetail/serviceCategory' is clicked on

2020-09-08 11:39:40 - [TEST_STEP][PASSED] - waitForElementPresent(findTestObject("Object Repository/FDR-System-Admin/FDR-ReferencePage/serviceCategoryReference/serviceCategoryDetail/addServiceCategoryBtn"), 3): Object 'Object Repository/FDR-System-Admin/FDR-ReferencePage/serviceCategoryReference/serviceCategoryDetail/addServiceCategoryBtn' is present

2020-09-08 11:39:40 - [MESSAGE][PASSED] - Object 'Object Repository/FDR-System-Admin/FDR-ReferencePage/serviceCategoryReference/serviceCategoryDetail/addServiceCategoryBtn' is present

2020-09-08 11:39:40 - [TEST_STEP][PASSED] - click(findTestObject("Object Repository/FDR-System-Admin/FDR-ReferencePage/serviceCategoryReference/serviceCategoryDetail/addServiceCategoryBtn")): Object: 'Object Repository/FDR-System-Admin/FDR-ReferencePage/serviceCategoryReference/serviceCategoryDetail/addServiceCategoryBtn' is clicked on

2020-09-08 11:39:41 - [MESSAGE][PASSED] - Object: 'Object Repository/FDR-System-Admin/FDR-ReferencePage/serviceCategoryReference/serviceCategoryDetail/addServiceCategoryBtn' is clicked on

2020-09-08 11:39:41 - [TEST_STEP][PASSED] - waitForElementPresent(findTestObject("Object Repository/FDR-System-Admin/FDR-ReferencePage/serviceCategoryReference/serviceCategoryDetail/newServiceCategoryHeader"), 3): Object 'Object Repository/FDR-System-Admin/FDR-ReferencePage/serviceCategoryReference/serviceCategoryDetail/newServiceCategoryHeader' is present

2020-09-08 11:39:41 - [MESSAGE][PASSED] - Object 'Object Repository/FDR-System-Admin/FDR-ReferencePage/serviceCategoryReference/serviceCategoryDetail/newServiceCategoryHeader' is present

2020-09-08 11:39:41 - [TEST_STEP][PASSED] - lineNumber = RandomStringUtils.randomAlphanumeric(5): null

2020-09-08 11:39:41 - [TEST_STEP][PASSED] - waitForElementPresent(findTestObject("Object Repository/FDR-System-Admin/FDR-ReferencePage/serviceCategoryReference/serviceCategoryDetail/lineNumberInputTxt"), 3): Object 'Object Repository/FDR-System-Admin/FDR-ReferencePage/serviceCategoryReference/serviceCategoryDetail/lineNumberInputTxt' is present

2020-09-08 11:39:42 - [MESSAGE][PASSED] - Object 'Object Repository/FDR-System-Admin/FDR-ReferencePage/serviceCategoryReference/serviceCategoryDetail/lineNumberInputTxt' is present

2020-09-08 11:39:42 - [TEST_STEP][PASSED] - setText(findTestObject("Object Repository/FDR-System-Admin/FDR-ReferencePage/serviceCategoryReference/serviceCategoryDetail/lineNumberInputTxt"), lineNumber): Text 'KCFpW' is set on object 'Object Repository/FDR-System-Admin/FDR-ReferencePage/serviceCategoryReference/serviceCategoryDetail/lineNumberInputTxt'

2020-09-08 11:39:42 - [MESSAGE][PASSED] - Text 'KCFpW' is set on object 'Object Repository/FDR-System-Admin/FDR-ReferencePage/serviceCategoryReference/serviceCategoryDetail/lineNumberInputTxt'

2020-09-08 11:39:42 - [TEST_STEP][PASSED] - waitForElementPresent(findTestObject("Object Repository/FDR-System-Admin/FDR-ReferencePage/serviceCategoryReference/serviceCategoryDetail/confirmAddServiceCategoryBtn"), 3): Object 'Object Repository/FDR-System-Admin/FDR-ReferencePage/serviceCategoryReference/serviceCategoryDetail/confirmAddServiceCategoryBtn' is present

2020-09-08 11:39:43 - [MESSAGE][PASSED] - Object 'Object Repository/FDR-System-Admin/FDR-ReferencePage/serviceCategoryReference/serviceCategoryDetail/confirmAddServiceCategoryBtn' is present

2020-09-08 11:39:43 - [TEST_STEP][PASSED] - click(findTestObject("Object Repository/FDR-System-Admin/FDR-ReferencePage/serviceCategoryReference/serviceCategoryDetail/confirmAddServiceCategoryBtn")): Object: 'Object Repository/FDR-System-Admin/FDR-ReferencePage/serviceCategoryReference/serviceCategoryDetail/confirmAddServiceCategoryBtn' is clicked on

2020-09-08 11:39:43 - [MESSAGE][PASSED] - Object: 'Object Repository/FDR-System-Admin/FDR-ReferencePage/serviceCategoryReference/serviceCategoryDetail/confirmAddServiceCategoryBtn' is clicked on

2020-09-08 11:39:43 - [TEST_STEP][PASSED] - waitForElementPresent(findTestObject("Object Repository/FDR-System-Admin/FDR-ReferencePage/serviceCategoryReference/serviceCategoryDetail/backToServiceCategory"), 3): Object 'Object Repository/FDR-System-Admin/FDR-ReferencePage/serviceCategoryReference/serviceCategoryDetail/backToServiceCategory' is present

2020-09-08 11:39:44 - [MESSAGE][PASSED] - Object 'Object Repository/FDR-System-Admin/FDR-ReferencePage/serviceCategoryReference/serviceCategoryDetail/backToServiceCategory' is present

2020-09-08 11:39:44 - [TEST_STEP][PASSED] - click(findTestObject("Object Repository/FDR-System-Admin/FDR-ReferencePage/serviceCategoryReference/serviceCategoryDetail/backToServiceCategory")): Object: 'Object Repository/FDR-System-Admin/FDR-ReferencePage/serviceCategoryReference/serviceCategoryDetail/backToServiceCategory' is clicked on

2020-09-08 11:39:44 - [MESSAGE][PASSED] - Object: 'Object Repository/FDR-System-Admin/FDR-ReferencePage/serviceCategoryReference/serviceCategoryDetail/backToServiceCategory' is clicked on

2020-09-08 11:39:44 - [TEST_STEP][PASSED] - Start listener action : sampleAfterTestCase: null

2020-09-08 11:39:44 - [TEST_STEP][PASSED] - profileName = getExecutionProfile(): null

2020-09-08 11:39:44 - [TEST_STEP][PASSED] - switch (profileName): null

2020-09-08 11:39:44 - [TEST_STEP][PASSED] - case "superUser":: null

2020-09-08 11:39:44 - [TEST_STEP][PASSED] - return null: null

2020-09-08 11:39:44 - [TEST_STEP][PASSED] - Start listener action : afterTestCase: Browser is closed

2020-09-08 11:39:44 - [TEST_STEP][PASSED] - profileName = getExecutionProfile(): null

2020-09-08 11:39:44 - [TEST_STEP][PASSED] - if (profileName.equalsIgnoreCase("SysAdmin")): Browser is closed

2020-09-08 11:39:44 - [TEST_STEP][PASSED] - closeBrowser(): Browser is closed

2020-09-08 11:39:45 - [MESSAGE][PASSED] - Browser is closed

2020-09-08 11:39:45 - [TEST_STEP][PASSED] - Start listener action : sampleAfterTestCase: null

2020-09-08 11:39:45 - [TEST_STEP][PASSED] - profileName = getExecutionProfile(): null

2020-09-08 11:39:45 - [TEST_STEP][PASSED] - switch (profileName): null

2020-09-08 11:39:45 - [TEST_STEP][PASSED] - Default: null

2020-09-08 11:39:45 - [TEST_STEP][PASSED] - return null: null

2020-09-08 11:39:45 - [TEST_STEP][PASSED] - Start listener action : addFailedTCToList: null]]></system-out>
         <system-err><![CDATA[]]></system-err>
      </testcase>
      <testcase name="Test Cases/WEB-UI-TESTS/SysAdmin/ReferencePage/ReferenceDetail/FDR-Edit-ServiceCategory" time="33.484" classname="Test Cases/WEB-UI-TESTS/SysAdmin/ReferencePage/ReferenceDetail/FDR-Edit-ServiceCategory" status="PASSED">
         <system-out><![CDATA[2020-09-08 11:39:45 - [TEST_CASE][PASSED] - Test Cases/WEB-UI-TESTS/SysAdmin/ReferencePage/ReferenceDetail/FDR-Edit-ServiceCategory: Test Cases/WEB-UI-TESTS/SysAdmin/ReferencePage/ReferenceDetail/FDR-Edit-ServiceCategory

2020-09-08 11:39:45 - [TEST_STEP][PASSED] - Start listener action : sampleBeforeTestCase: null

2020-09-08 11:39:45 - [TEST_STEP][PASSED] - profileName = getExecutionProfile(): null

2020-09-08 11:39:45 - [TEST_STEP][PASSED] - switch (profileName): null

2020-09-08 11:39:45 - [TEST_STEP][PASSED] - case "superUser":: null

2020-09-08 11:39:45 - [TEST_STEP][PASSED] - return null: null

2020-09-08 11:39:45 - [TEST_STEP][PASSED] - Start listener action : beforeTestCase: Call Test Case 'Test Cases/WEB-UI-TESTS/SysAdmin/SystemAdmin-Login' successfully

2020-09-08 11:39:45 - [TEST_STEP][PASSED] - profileName = getExecutionProfile(): null

2020-09-08 11:39:45 - [TEST_STEP][PASSED] - if (profileName.equalsIgnoreCase("SysAdmin")): Call Test Case 'Test Cases/WEB-UI-TESTS/SysAdmin/SystemAdmin-Login' successfully

2020-09-08 11:39:45 - [TEST_STEP][PASSED] - callTestCase(findTestCase("Test Cases/WEB-UI-TESTS/SysAdmin/SystemAdmin-Login"), null): Call Test Case 'Test Cases/WEB-UI-TESTS/SysAdmin/SystemAdmin-Login' successfully

2020-09-08 11:39:45 - [TEST_CASE][PASSED] - Test Cases/WEB-UI-TESTS/SysAdmin/SystemAdmin-Login: Test Cases/WEB-UI-TESTS/SysAdmin/SystemAdmin-Login

2020-09-08 11:39:45 - [TEST_STEP][PASSED] - openBrowser(URL): Browser is opened with url: 'https://fdr-katalon.cammis-mod-dev.dhcs.ca.gov'

2020-09-08 11:39:45 - [MESSAGE][INFO] - Starting 'Chrome' driver

2020-09-08 11:39:45 - [MESSAGE][INFO] - Action delay is set to 0 milliseconds

2020-09-08 11:39:52 - [MESSAGE][PASSED] - Browser is opened with url: 'https://fdr-katalon.cammis-mod-dev.dhcs.ca.gov'

2020-09-08 11:39:52 - [TEST_STEP][PASSED] - maximizeWindow(): Current window maximized

2020-09-08 11:39:54 - [MESSAGE][PASSED] - Current window maximized

2020-09-08 11:39:54 - [TEST_STEP][PASSED] - refresh(): Refresh successfully

2020-09-08 11:39:54 - [MESSAGE][PASSED] - Refresh successfully

2020-09-08 11:39:54 - [TEST_STEP][PASSED] - delay(2): Delayed 2 second(s)

2020-09-08 11:39:56 - [MESSAGE][PASSED] - Delayed 2 second(s)

2020-09-08 11:39:56 - [TEST_STEP][PASSED] - waitForElementPresent(findTestObject("FDR-System-Admin/SysAdmin-SignIn/adminEmail"), 5): Object 'Object Repository/FDR-System-Admin/SysAdmin-SignIn/adminEmail' is present

2020-09-08 11:39:57 - [MESSAGE][PASSED] - Object 'Object Repository/FDR-System-Admin/SysAdmin-SignIn/adminEmail' is present

2020-09-08 11:39:57 - [TEST_STEP][PASSED] - setText(findTestObject("FDR-System-Admin/SysAdmin-SignIn/adminEmail"), adminEmail): Text 'fdr.test10@dhcs.ca.gov
' is set on object 'Object Repository/FDR-System-Admin/SysAdmin-SignIn/adminEmail'

2020-09-08 11:39:57 - [MESSAGE][PASSED] - Text 'fdr.test10@dhcs.ca.gov
' is set on object 'Object Repository/FDR-System-Admin/SysAdmin-SignIn/adminEmail'

2020-09-08 11:39:57 - [TEST_STEP][PASSED] - waitForElementPresent(findTestObject("FDR-System-Admin/SysAdmin-SignIn/adminUserName"), 5): Object 'Object Repository/FDR-System-Admin/SysAdmin-SignIn/adminUserName' is present

2020-09-08 11:40:01 - [MESSAGE][PASSED] - Object 'Object Repository/FDR-System-Admin/SysAdmin-SignIn/adminUserName' is present

2020-09-08 11:40:01 - [TEST_STEP][PASSED] - setText(findTestObject("FDR-System-Admin/SysAdmin-SignIn/adminUserName"), UserName): Text 'fdr.test10@dhcs.ca.gov' is set on object 'Object Repository/FDR-System-Admin/SysAdmin-SignIn/adminUserName'

2020-09-08 11:40:01 - [MESSAGE][PASSED] - Text 'fdr.test10@dhcs.ca.gov' is set on object 'Object Repository/FDR-System-Admin/SysAdmin-SignIn/adminUserName'

2020-09-08 11:40:01 - [TEST_STEP][PASSED] - setText(findTestObject("FDR-System-Admin/SysAdmin-SignIn/adminPass"), Password): Text 'Password18' is set on object 'Object Repository/FDR-System-Admin/SysAdmin-SignIn/adminPass'

2020-09-08 11:40:02 - [MESSAGE][PASSED] - Text 'Password18' is set on object 'Object Repository/FDR-System-Admin/SysAdmin-SignIn/adminPass'

2020-09-08 11:40:02 - [TEST_STEP][PASSED] - click(findTestObject("FDR-System-Admin/SysAdmin-SignIn/adminSignIn")): Object: 'Object Repository/FDR-System-Admin/SysAdmin-SignIn/adminSignIn' is clicked on

2020-09-08 11:40:04 - [MESSAGE][PASSED] - Object: 'Object Repository/FDR-System-Admin/SysAdmin-SignIn/adminSignIn' is clicked on

2020-09-08 11:40:04 - [TEST_STEP][PASSED] - waitForElementPresent(findTestObject("Object Repository/FDR-System-Admin/SysAdmin-Dashboard/maintainReferenceDataBtn"), 3): Object 'Object Repository/FDR-System-Admin/SysAdmin-Dashboard/maintainReferenceDataBtn' is present

2020-09-08 11:40:06 - [MESSAGE][PASSED] - Object 'Object Repository/FDR-System-Admin/SysAdmin-Dashboard/maintainReferenceDataBtn' is present

2020-09-08 11:40:06 - [TEST_STEP][PASSED] - verifyElementPresent(findTestObject("Object Repository/FDR-System-Admin/SysAdmin-Dashboard/maintainReferenceDataBtn"), Timeout): Object 'Object Repository/FDR-System-Admin/SysAdmin-Dashboard/maintainReferenceDataBtn' is present

2020-09-08 11:40:06 - [MESSAGE][PASSED] - Object 'Object Repository/FDR-System-Admin/SysAdmin-Dashboard/maintainReferenceDataBtn' is present

2020-09-08 11:40:06 - [TEST_STEP][PASSED] - refresh(): Refresh successfully

2020-09-08 11:40:07 - [MESSAGE][PASSED] - Refresh successfully

2020-09-08 11:40:07 - [MESSAGE][PASSED] - Call Test Case 'Test Cases/WEB-UI-TESTS/SysAdmin/SystemAdmin-Login' successfully

2020-09-08 11:40:07 - [TEST_STEP][PASSED] - Start listener action : sampleBeforeTestCase: null

2020-09-08 11:40:07 - [TEST_STEP][PASSED] - profileName = getExecutionProfile(): null

2020-09-08 11:40:07 - [TEST_STEP][PASSED] - testCaseId = testCaseContext.getTestCaseId(): null

2020-09-08 11:40:07 - [TEST_STEP][PASSED] - switch (profileName): null

2020-09-08 11:40:07 - [TEST_STEP][PASSED] - Default: null

2020-09-08 11:40:07 - [TEST_STEP][PASSED] - return null: null

2020-09-08 11:40:07 - [TEST_STEP][PASSED] - Start listener action : executeRows: null

2020-09-08 11:40:07 - [TEST_STEP][PASSED] - click(findTestObject("Object Repository/FDR-System-Admin/SysAdmin-Dashboard/maintainReferenceDataBtn")): Object: 'Object Repository/FDR-System-Admin/SysAdmin-Dashboard/maintainReferenceDataBtn' is clicked on

2020-09-08 11:40:07 - [MESSAGE][PASSED] - Object: 'Object Repository/FDR-System-Admin/SysAdmin-Dashboard/maintainReferenceDataBtn' is clicked on

2020-09-08 11:40:07 - [TEST_STEP][PASSED] - click(findTestObject("Object Repository/FDR-System-Admin/FDR-ReferencePage/reference-data")): Object: 'Object Repository/FDR-System-Admin/FDR-ReferencePage/reference-data' is clicked on

2020-09-08 11:40:08 - [MESSAGE][PASSED] - Object: 'Object Repository/FDR-System-Admin/FDR-ReferencePage/reference-data' is clicked on

2020-09-08 11:40:08 - [TEST_STEP][PASSED] - setText(findTestObject("Object Repository/FDR-System-Admin/FDR-ReferencePage/referenceDataNameInput"), "Service Categories"): Text 'Service Categories' is set on object 'Object Repository/FDR-System-Admin/FDR-ReferencePage/referenceDataNameInput'

2020-09-08 11:40:09 - [MESSAGE][PASSED] - Text 'Service Categories' is set on object 'Object Repository/FDR-System-Admin/FDR-ReferencePage/referenceDataNameInput'

2020-09-08 11:40:09 - [TEST_STEP][PASSED] - click(findTestObject("FDR-System-Admin/FDR-ReferencePage/serviceCategoryReference/serviceCategoryDetail/serviceCategory")): Object: 'Object Repository/FDR-System-Admin/FDR-ReferencePage/serviceCategoryReference/serviceCategoryDetail/serviceCategory' is clicked on

2020-09-08 11:40:09 - [MESSAGE][PASSED] - Object: 'Object Repository/FDR-System-Admin/FDR-ReferencePage/serviceCategoryReference/serviceCategoryDetail/serviceCategory' is clicked on

2020-09-08 11:40:09 - [TEST_STEP][PASSED] - waitForElementPresent(findTestObject("FDR-System-Admin/FDR-Edit-ServiceCategory/lineNumber"), 3): Object 'Object Repository/FDR-System-Admin/FDR-Edit-ServiceCategory/lineNumber' is present

2020-09-08 11:40:10 - [MESSAGE][PASSED] - Object 'Object Repository/FDR-System-Admin/FDR-Edit-ServiceCategory/lineNumber' is present

2020-09-08 11:40:10 - [TEST_STEP][PASSED] - click(findTestObject("FDR-System-Admin/FDR-Edit-ServiceCategory/lineNumber")): Object: 'Object Repository/FDR-System-Admin/FDR-Edit-ServiceCategory/lineNumber' is clicked on

2020-09-08 11:40:10 - [MESSAGE][PASSED] - Object: 'Object Repository/FDR-System-Admin/FDR-Edit-ServiceCategory/lineNumber' is clicked on

2020-09-08 11:40:10 - [TEST_STEP][PASSED] - waitForElementPresent(findTestObject("FDR-System-Admin/FDR-Edit-ServiceCategory/ellipsis"), 3): Object 'Object Repository/FDR-System-Admin/FDR-Edit-ServiceCategory/ellipsis' is present

2020-09-08 11:40:11 - [MESSAGE][PASSED] - Object 'Object Repository/FDR-System-Admin/FDR-Edit-ServiceCategory/ellipsis' is present

2020-09-08 11:40:11 - [TEST_STEP][PASSED] - click(findTestObject("FDR-System-Admin/FDR-Edit-ServiceCategory/ellipsis")): Object: 'Object Repository/FDR-System-Admin/FDR-Edit-ServiceCategory/ellipsis' is clicked on

2020-09-08 11:40:11 - [MESSAGE][PASSED] - Object: 'Object Repository/FDR-System-Admin/FDR-Edit-ServiceCategory/ellipsis' is clicked on

2020-09-08 11:40:11 - [TEST_STEP][PASSED] - waitForElementPresent(findTestObject("FDR-System-Admin/FDR-Edit-ServiceCategory/editBtn"), 3): Object 'Object Repository/FDR-System-Admin/FDR-Edit-ServiceCategory/editBtn' is present

2020-09-08 11:40:12 - [MESSAGE][PASSED] - Object 'Object Repository/FDR-System-Admin/FDR-Edit-ServiceCategory/editBtn' is present

2020-09-08 11:40:12 - [TEST_STEP][PASSED] - click(findTestObject("FDR-System-Admin/FDR-Edit-ServiceCategory/editBtn")): Object: 'Object Repository/FDR-System-Admin/FDR-Edit-ServiceCategory/editBtn' is clicked on

2020-09-08 11:40:12 - [MESSAGE][PASSED] - Object: 'Object Repository/FDR-System-Admin/FDR-Edit-ServiceCategory/editBtn' is clicked on

2020-09-08 11:40:12 - [TEST_STEP][PASSED] - breadcrumbLabel = getText(findTestObject("FDR-System-Admin/FDR-Edit-ServiceCategory/breadcrumbLabel")): Text of object 'Object Repository/FDR-System-Admin/FDR-Edit-ServiceCategory/breadcrumbLabel' is: 'Edit Service Category'

2020-09-08 11:40:13 - [MESSAGE][PASSED] - Text of object 'Object Repository/FDR-System-Admin/FDR-Edit-ServiceCategory/breadcrumbLabel' is: 'Edit Service Category'

2020-09-08 11:40:13 - [TEST_STEP][PASSED] - assert breadcrumbLabel == "Edit Service Category": null

2020-09-08 11:40:13 - [TEST_STEP][PASSED] - lineNumber = RandomStringUtils.randomAlphanumeric(5): null

2020-09-08 11:40:13 - [TEST_STEP][PASSED] - waitForElementPresent(findTestObject("FDR-System-Admin/FDR-Edit-ServiceCategory/lineNumberText"), 3): Object 'Object Repository/FDR-System-Admin/FDR-Edit-ServiceCategory/lineNumberText' is present

2020-09-08 11:40:13 - [MESSAGE][PASSED] - Object 'Object Repository/FDR-System-Admin/FDR-Edit-ServiceCategory/lineNumberText' is present

2020-09-08 11:40:13 - [TEST_STEP][PASSED] - doubleClick(findTestObject("FDR-System-Admin/FDR-Edit-ServiceCategory/lineNumberText")): Object: 'Object Repository/FDR-System-Admin/FDR-Edit-ServiceCategory/lineNumberText' is double clicked on

2020-09-08 11:40:14 - [MESSAGE][PASSED] - Object: 'Object Repository/FDR-System-Admin/FDR-Edit-ServiceCategory/lineNumberText' is double clicked on

2020-09-08 11:40:14 - [TEST_STEP][PASSED] - sendKeys(findTestObject("FDR-System-Admin/FDR-Edit-ServiceCategory/lineNumberText"), Keys.chord(BACK_SPACE)): Keys 'BACK_SPACE + ' sent to object: 'Object Repository/FDR-System-Admin/FDR-Edit-ServiceCategory/lineNumberText'

2020-09-08 11:40:14 - [MESSAGE][PASSED] - Keys 'BACK_SPACE + ' sent to object: 'Object Repository/FDR-System-Admin/FDR-Edit-ServiceCategory/lineNumberText'

2020-09-08 11:40:14 - [TEST_STEP][PASSED] - delay(2): Delayed 2 second(s)

2020-09-08 11:40:16 - [MESSAGE][PASSED] - Delayed 2 second(s)

2020-09-08 11:40:16 - [TEST_STEP][PASSED] - waitForElementPresent(findTestObject("FDR-System-Admin/FDR-Edit-ServiceCategory/lineNumberText"), 3): Object 'Object Repository/FDR-System-Admin/FDR-Edit-ServiceCategory/lineNumberText' is present

2020-09-08 11:40:16 - [MESSAGE][PASSED] - Object 'Object Repository/FDR-System-Admin/FDR-Edit-ServiceCategory/lineNumberText' is present

2020-09-08 11:40:16 - [TEST_STEP][PASSED] - setText(findTestObject("FDR-System-Admin/FDR-Edit-ServiceCategory/lineNumberText"), lineNumber): Text 'Ys2lN' is set on object 'Object Repository/FDR-System-Admin/FDR-Edit-ServiceCategory/lineNumberText'

2020-09-08 11:40:17 - [MESSAGE][PASSED] - Text 'Ys2lN' is set on object 'Object Repository/FDR-System-Admin/FDR-Edit-ServiceCategory/lineNumberText'

2020-09-08 11:40:17 - [TEST_STEP][PASSED] - waitForElementPresent(findTestObject("FDR-System-Admin/FDR-Edit-ServiceCategory/cancelBtn"), 3): Object 'Object Repository/FDR-System-Admin/FDR-Edit-ServiceCategory/cancelBtn' is present

2020-09-08 11:40:17 - [MESSAGE][PASSED] - Object 'Object Repository/FDR-System-Admin/FDR-Edit-ServiceCategory/cancelBtn' is present

2020-09-08 11:40:17 - [TEST_STEP][PASSED] - click(findTestObject("FDR-System-Admin/FDR-Edit-ServiceCategory/cancelBtn")): Object: 'Object Repository/FDR-System-Admin/FDR-Edit-ServiceCategory/cancelBtn' is clicked on

2020-09-08 11:40:18 - [MESSAGE][PASSED] - Object: 'Object Repository/FDR-System-Admin/FDR-Edit-ServiceCategory/cancelBtn' is clicked on

2020-09-08 11:40:18 - [TEST_STEP][PASSED] - Start listener action : sampleAfterTestCase: null

2020-09-08 11:40:18 - [TEST_STEP][PASSED] - profileName = getExecutionProfile(): null

2020-09-08 11:40:18 - [TEST_STEP][PASSED] - switch (profileName): null

2020-09-08 11:40:18 - [TEST_STEP][PASSED] - case "superUser":: null

2020-09-08 11:40:18 - [TEST_STEP][PASSED] - return null: null

2020-09-08 11:40:18 - [TEST_STEP][PASSED] - Start listener action : afterTestCase: Browser is closed

2020-09-08 11:40:18 - [TEST_STEP][PASSED] - profileName = getExecutionProfile(): null

2020-09-08 11:40:18 - [TEST_STEP][PASSED] - if (profileName.equalsIgnoreCase("SysAdmin")): Browser is closed

2020-09-08 11:40:18 - [TEST_STEP][PASSED] - closeBrowser(): Browser is closed

2020-09-08 11:40:18 - [MESSAGE][PASSED] - Browser is closed

2020-09-08 11:40:18 - [TEST_STEP][PASSED] - Start listener action : sampleAfterTestCase: null

2020-09-08 11:40:18 - [TEST_STEP][PASSED] - profileName = getExecutionProfile(): null

2020-09-08 11:40:18 - [TEST_STEP][PASSED] - switch (profileName): null

2020-09-08 11:40:18 - [TEST_STEP][PASSED] - Default: null

2020-09-08 11:40:18 - [TEST_STEP][PASSED] - return null: null

2020-09-08 11:40:18 - [TEST_STEP][PASSED] - Start listener action : addFailedTCToList: null]]></system-out>
         <system-err><![CDATA[]]></system-err>
      </testcase>
      <testcase name="Test Cases/WEB-UI-TESTS/SysAdmin/ReferencePage/ReferenceDetail/FDR-Add-FdrAppropriationDetailView" time="24.421" classname="Test Cases/WEB-UI-TESTS/SysAdmin/ReferencePage/ReferenceDetail/FDR-Add-FdrAppropriationDetailView" status="PASSED">
         <system-out><![CDATA[2020-09-08 11:40:18 - [TEST_CASE][PASSED] - Test Cases/WEB-UI-TESTS/SysAdmin/ReferencePage/ReferenceDetail/FDR-Add-FdrAppropriationDetailView: Test Cases/WEB-UI-TESTS/SysAdmin/ReferencePage/ReferenceDetail/FDR-Add-FdrAppropriationDetailView

2020-09-08 11:40:18 - [TEST_STEP][PASSED] - Start listener action : sampleBeforeTestCase: null

2020-09-08 11:40:18 - [TEST_STEP][PASSED] - profileName = getExecutionProfile(): null

2020-09-08 11:40:18 - [TEST_STEP][PASSED] - switch (profileName): null

2020-09-08 11:40:18 - [TEST_STEP][PASSED] - case "superUser":: null

2020-09-08 11:40:18 - [TEST_STEP][PASSED] - return null: null

2020-09-08 11:40:18 - [TEST_STEP][PASSED] - Start listener action : beforeTestCase: Call Test Case 'Test Cases/WEB-UI-TESTS/SysAdmin/SystemAdmin-Login' successfully

2020-09-08 11:40:18 - [TEST_STEP][PASSED] - profileName = getExecutionProfile(): null

2020-09-08 11:40:18 - [TEST_STEP][PASSED] - if (profileName.equalsIgnoreCase("SysAdmin")): Call Test Case 'Test Cases/WEB-UI-TESTS/SysAdmin/SystemAdmin-Login' successfully

2020-09-08 11:40:18 - [TEST_STEP][PASSED] - callTestCase(findTestCase("Test Cases/WEB-UI-TESTS/SysAdmin/SystemAdmin-Login"), null): Call Test Case 'Test Cases/WEB-UI-TESTS/SysAdmin/SystemAdmin-Login' successfully

2020-09-08 11:40:18 - [TEST_CASE][PASSED] - Test Cases/WEB-UI-TESTS/SysAdmin/SystemAdmin-Login: Test Cases/WEB-UI-TESTS/SysAdmin/SystemAdmin-Login

2020-09-08 11:40:18 - [TEST_STEP][PASSED] - openBrowser(URL): Browser is opened with url: 'https://fdr-katalon.cammis-mod-dev.dhcs.ca.gov'

2020-09-08 11:40:18 - [MESSAGE][INFO] - Starting 'Chrome' driver

2020-09-08 11:40:18 - [MESSAGE][INFO] - Action delay is set to 0 milliseconds

2020-09-08 11:40:22 - [MESSAGE][PASSED] - Browser is opened with url: 'https://fdr-katalon.cammis-mod-dev.dhcs.ca.gov'

2020-09-08 11:40:22 - [TEST_STEP][PASSED] - maximizeWindow(): Current window maximized

2020-09-08 11:40:25 - [MESSAGE][PASSED] - Current window maximized

2020-09-08 11:40:25 - [TEST_STEP][PASSED] - refresh(): Refresh successfully

2020-09-08 11:40:25 - [MESSAGE][PASSED] - Refresh successfully

2020-09-08 11:40:25 - [TEST_STEP][PASSED] - delay(2): Delayed 2 second(s)

2020-09-08 11:40:27 - [MESSAGE][PASSED] - Delayed 2 second(s)

2020-09-08 11:40:27 - [TEST_STEP][PASSED] - waitForElementPresent(findTestObject("FDR-System-Admin/SysAdmin-SignIn/adminEmail"), 5): Object 'Object Repository/FDR-System-Admin/SysAdmin-SignIn/adminEmail' is present

2020-09-08 11:40:27 - [MESSAGE][PASSED] - Object 'Object Repository/FDR-System-Admin/SysAdmin-SignIn/adminEmail' is present

2020-09-08 11:40:27 - [TEST_STEP][PASSED] - setText(findTestObject("FDR-System-Admin/SysAdmin-SignIn/adminEmail"), adminEmail): Text 'fdr.test10@dhcs.ca.gov
' is set on object 'Object Repository/FDR-System-Admin/SysAdmin-SignIn/adminEmail'

2020-09-08 11:40:28 - [MESSAGE][PASSED] - Text 'fdr.test10@dhcs.ca.gov
' is set on object 'Object Repository/FDR-System-Admin/SysAdmin-SignIn/adminEmail'

2020-09-08 11:40:28 - [TEST_STEP][PASSED] - waitForElementPresent(findTestObject("FDR-System-Admin/SysAdmin-SignIn/adminUserName"), 5): Object 'Object Repository/FDR-System-Admin/SysAdmin-SignIn/adminUserName' is present

2020-09-08 11:40:32 - [MESSAGE][PASSED] - Object 'Object Repository/FDR-System-Admin/SysAdmin-SignIn/adminUserName' is present

2020-09-08 11:40:32 - [TEST_STEP][PASSED] - setText(findTestObject("FDR-System-Admin/SysAdmin-SignIn/adminUserName"), UserName): Text 'fdr.test10@dhcs.ca.gov' is set on object 'Object Repository/FDR-System-Admin/SysAdmin-SignIn/adminUserName'

2020-09-08 11:40:33 - [MESSAGE][PASSED] - Text 'fdr.test10@dhcs.ca.gov' is set on object 'Object Repository/FDR-System-Admin/SysAdmin-SignIn/adminUserName'

2020-09-08 11:40:33 - [TEST_STEP][PASSED] - setText(findTestObject("FDR-System-Admin/SysAdmin-SignIn/adminPass"), Password): Text 'Password18' is set on object 'Object Repository/FDR-System-Admin/SysAdmin-SignIn/adminPass'

2020-09-08 11:40:33 - [MESSAGE][PASSED] - Text 'Password18' is set on object 'Object Repository/FDR-System-Admin/SysAdmin-SignIn/adminPass'

2020-09-08 11:40:33 - [TEST_STEP][PASSED] - click(findTestObject("FDR-System-Admin/SysAdmin-SignIn/adminSignIn")): Object: 'Object Repository/FDR-System-Admin/SysAdmin-SignIn/adminSignIn' is clicked on

2020-09-08 11:40:36 - [MESSAGE][PASSED] - Object: 'Object Repository/FDR-System-Admin/SysAdmin-SignIn/adminSignIn' is clicked on

2020-09-08 11:40:36 - [TEST_STEP][PASSED] - waitForElementPresent(findTestObject("Object Repository/FDR-System-Admin/SysAdmin-Dashboard/maintainReferenceDataBtn"), 3): Object 'Object Repository/FDR-System-Admin/SysAdmin-Dashboard/maintainReferenceDataBtn' is present

2020-09-08 11:40:38 - [MESSAGE][PASSED] - Object 'Object Repository/FDR-System-Admin/SysAdmin-Dashboard/maintainReferenceDataBtn' is present

2020-09-08 11:40:38 - [TEST_STEP][PASSED] - verifyElementPresent(findTestObject("Object Repository/FDR-System-Admin/SysAdmin-Dashboard/maintainReferenceDataBtn"), Timeout): Object 'Object Repository/FDR-System-Admin/SysAdmin-Dashboard/maintainReferenceDataBtn' is present

2020-09-08 11:40:38 - [MESSAGE][PASSED] - Object 'Object Repository/FDR-System-Admin/SysAdmin-Dashboard/maintainReferenceDataBtn' is present

2020-09-08 11:40:38 - [TEST_STEP][PASSED] - refresh(): Refresh successfully

2020-09-08 11:40:39 - [MESSAGE][PASSED] - Refresh successfully

2020-09-08 11:40:39 - [MESSAGE][PASSED] - Call Test Case 'Test Cases/WEB-UI-TESTS/SysAdmin/SystemAdmin-Login' successfully

2020-09-08 11:40:39 - [TEST_STEP][PASSED] - Start listener action : sampleBeforeTestCase: null

2020-09-08 11:40:39 - [TEST_STEP][PASSED] - profileName = getExecutionProfile(): null

2020-09-08 11:40:39 - [TEST_STEP][PASSED] - testCaseId = testCaseContext.getTestCaseId(): null

2020-09-08 11:40:39 - [TEST_STEP][PASSED] - switch (profileName): null

2020-09-08 11:40:39 - [TEST_STEP][PASSED] - Default: null

2020-09-08 11:40:39 - [TEST_STEP][PASSED] - return null: null

2020-09-08 11:40:39 - [TEST_STEP][PASSED] - Start listener action : executeRows: null

2020-09-08 11:40:39 - [TEST_STEP][PASSED] - taskName = "Reference Data": null

2020-09-08 11:40:39 - [TEST_STEP][PASSED] - verifyElementText(findTestObject("Object Repository/FDR-System-Admin/SysAdmin-Dashboard/maintainReferenceDataTxt"), taskName): Actual text and expected text of test object 'Object Repository/FDR-System-Admin/SysAdmin-Dashboard/maintainReferenceDataTxt' are matched.

2020-09-08 11:40:39 - [MESSAGE][PASSED] - Actual text and expected text of test object 'Object Repository/FDR-System-Admin/SysAdmin-Dashboard/maintainReferenceDataTxt' are matched.

2020-09-08 11:40:39 - [TEST_STEP][PASSED] - click(findTestObject("Object Repository/FDR-System-Admin/SysAdmin-Dashboard/maintainReferenceDataBtn")): Object: 'Object Repository/FDR-System-Admin/SysAdmin-Dashboard/maintainReferenceDataBtn' is clicked on

2020-09-08 11:40:40 - [MESSAGE][PASSED] - Object: 'Object Repository/FDR-System-Admin/SysAdmin-Dashboard/maintainReferenceDataBtn' is clicked on

2020-09-08 11:40:40 - [TEST_STEP][PASSED] - setText(findTestObject("Object Repository/FDR-System-Admin/FDR-ReferencePage/referenceDataNameInput"), ""): Text '' is set on object 'Object Repository/FDR-System-Admin/FDR-ReferencePage/referenceDataNameInput'

2020-09-08 11:40:41 - [MESSAGE][PASSED] - Text '' is set on object 'Object Repository/FDR-System-Admin/FDR-ReferencePage/referenceDataNameInput'

2020-09-08 11:40:41 - [TEST_STEP][PASSED] - click(findTestObject("Object Repository/FDR-System-Admin/FDR-ReferencePage/referenceDataDropdown")): Object: 'Object Repository/FDR-System-Admin/FDR-ReferencePage/referenceDataDropdown' is clicked on

2020-09-08 11:40:41 - [MESSAGE][PASSED] - Object: 'Object Repository/FDR-System-Admin/FDR-ReferencePage/referenceDataDropdown' is clicked on

2020-09-08 11:40:41 - [TEST_STEP][PASSED] - click(findTestObject("Object Repository/FDR-System-Admin/FDR-ReferencePage/fdrAppropriationReference")): Object: 'Object Repository/FDR-System-Admin/FDR-ReferencePage/fdrAppropriationReference' is clicked on

2020-09-08 11:40:41 - [MESSAGE][PASSED] - Object: 'Object Repository/FDR-System-Admin/FDR-ReferencePage/fdrAppropriationReference' is clicked on

2020-09-08 11:40:41 - [TEST_STEP][PASSED] - label = getText(findTestObject("FDR-System-Admin/FDR-ReferencePage/fdrAppropriationReferences/FDRAppropriationTable/code")): Text of object 'Object Repository/FDR-System-Admin/FDR-ReferencePage/fdrAppropriationReferences/FDRAppropriationTable/code' is: 'Code'

2020-09-08 11:40:42 - [MESSAGE][PASSED] - Text of object 'Object Repository/FDR-System-Admin/FDR-ReferencePage/fdrAppropriationReferences/FDRAppropriationTable/code' is: 'Code'

2020-09-08 11:40:42 - [TEST_STEP][PASSED] - assert label == "Code": null

2020-09-08 11:40:42 - [TEST_STEP][PASSED] - Start listener action : sampleAfterTestCase: null

2020-09-08 11:40:42 - [TEST_STEP][PASSED] - profileName = getExecutionProfile(): null

2020-09-08 11:40:42 - [TEST_STEP][PASSED] - switch (profileName): null

2020-09-08 11:40:42 - [TEST_STEP][PASSED] - case "superUser":: null

2020-09-08 11:40:42 - [TEST_STEP][PASSED] - return null: null

2020-09-08 11:40:42 - [TEST_STEP][PASSED] - Start listener action : afterTestCase: Browser is closed

2020-09-08 11:40:42 - [TEST_STEP][PASSED] - profileName = getExecutionProfile(): null

2020-09-08 11:40:42 - [TEST_STEP][PASSED] - if (profileName.equalsIgnoreCase("SysAdmin")): Browser is closed

2020-09-08 11:40:42 - [TEST_STEP][PASSED] - closeBrowser(): Browser is closed

2020-09-08 11:40:43 - [MESSAGE][PASSED] - Browser is closed

2020-09-08 11:40:43 - [TEST_STEP][PASSED] - Start listener action : sampleAfterTestCase: null

2020-09-08 11:40:43 - [TEST_STEP][PASSED] - profileName = getExecutionProfile(): null

2020-09-08 11:40:43 - [TEST_STEP][PASSED] - switch (profileName): null

2020-09-08 11:40:43 - [TEST_STEP][PASSED] - Default: null

2020-09-08 11:40:43 - [TEST_STEP][PASSED] - return null: null

2020-09-08 11:40:43 - [TEST_STEP][PASSED] - Start listener action : addFailedTCToList: null]]></system-out>
         <system-err><![CDATA[]]></system-err>
      </testcase>
      <testcase name="Test Cases/WEB-UI-TESTS/SysAdmin/ReferencePage/ReferenceDetail/FDR-Add-WaiverNameDetailReview" time="33.64" classname="Test Cases/WEB-UI-TESTS/SysAdmin/ReferencePage/ReferenceDetail/FDR-Add-WaiverNameDetailReview" status="PASSED">
         <system-out><![CDATA[2020-09-08 11:40:43 - [TEST_CASE][PASSED] - Test Cases/WEB-UI-TESTS/SysAdmin/ReferencePage/ReferenceDetail/FDR-Add-WaiverNameDetailReview: Test Cases/WEB-UI-TESTS/SysAdmin/ReferencePage/ReferenceDetail/FDR-Add-WaiverNameDetailReview

2020-09-08 11:40:43 - [TEST_STEP][PASSED] - Start listener action : sampleBeforeTestCase: null

2020-09-08 11:40:43 - [TEST_STEP][PASSED] - profileName = getExecutionProfile(): null

2020-09-08 11:40:43 - [TEST_STEP][PASSED] - switch (profileName): null

2020-09-08 11:40:43 - [TEST_STEP][PASSED] - case "superUser":: null

2020-09-08 11:40:43 - [TEST_STEP][PASSED] - return null: null

2020-09-08 11:40:43 - [TEST_STEP][PASSED] - Start listener action : beforeTestCase: Call Test Case 'Test Cases/WEB-UI-TESTS/SysAdmin/SystemAdmin-Login' successfully

2020-09-08 11:40:43 - [TEST_STEP][PASSED] - profileName = getExecutionProfile(): null

2020-09-08 11:40:43 - [TEST_STEP][PASSED] - if (profileName.equalsIgnoreCase("SysAdmin")): Call Test Case 'Test Cases/WEB-UI-TESTS/SysAdmin/SystemAdmin-Login' successfully

2020-09-08 11:40:43 - [TEST_STEP][PASSED] - callTestCase(findTestCase("Test Cases/WEB-UI-TESTS/SysAdmin/SystemAdmin-Login"), null): Call Test Case 'Test Cases/WEB-UI-TESTS/SysAdmin/SystemAdmin-Login' successfully

2020-09-08 11:40:43 - [TEST_CASE][PASSED] - Test Cases/WEB-UI-TESTS/SysAdmin/SystemAdmin-Login: Test Cases/WEB-UI-TESTS/SysAdmin/SystemAdmin-Login

2020-09-08 11:40:43 - [TEST_STEP][PASSED] - openBrowser(URL): Browser is opened with url: 'https://fdr-katalon.cammis-mod-dev.dhcs.ca.gov'

2020-09-08 11:40:43 - [MESSAGE][INFO] - Starting 'Chrome' driver

2020-09-08 11:40:43 - [MESSAGE][INFO] - Action delay is set to 0 milliseconds

2020-09-08 11:40:48 - [MESSAGE][PASSED] - Browser is opened with url: 'https://fdr-katalon.cammis-mod-dev.dhcs.ca.gov'

2020-09-08 11:40:48 - [TEST_STEP][PASSED] - maximizeWindow(): Current window maximized

2020-09-08 11:40:50 - [MESSAGE][PASSED] - Current window maximized

2020-09-08 11:40:50 - [TEST_STEP][PASSED] - refresh(): Refresh successfully

2020-09-08 11:40:50 - [MESSAGE][PASSED] - Refresh successfully

2020-09-08 11:40:50 - [TEST_STEP][PASSED] - delay(2): Delayed 2 second(s)

2020-09-08 11:40:52 - [MESSAGE][PASSED] - Delayed 2 second(s)

2020-09-08 11:40:52 - [TEST_STEP][PASSED] - waitForElementPresent(findTestObject("FDR-System-Admin/SysAdmin-SignIn/adminEmail"), 5): Object 'Object Repository/FDR-System-Admin/SysAdmin-SignIn/adminEmail' is present

2020-09-08 11:40:53 - [MESSAGE][PASSED] - Object 'Object Repository/FDR-System-Admin/SysAdmin-SignIn/adminEmail' is present

2020-09-08 11:40:53 - [TEST_STEP][PASSED] - setText(findTestObject("FDR-System-Admin/SysAdmin-SignIn/adminEmail"), adminEmail): Text 'fdr.test10@dhcs.ca.gov
' is set on object 'Object Repository/FDR-System-Admin/SysAdmin-SignIn/adminEmail'

2020-09-08 11:40:53 - [MESSAGE][PASSED] - Text 'fdr.test10@dhcs.ca.gov
' is set on object 'Object Repository/FDR-System-Admin/SysAdmin-SignIn/adminEmail'

2020-09-08 11:40:53 - [TEST_STEP][PASSED] - waitForElementPresent(findTestObject("FDR-System-Admin/SysAdmin-SignIn/adminUserName"), 5): Object 'Object Repository/FDR-System-Admin/SysAdmin-SignIn/adminUserName' is present

2020-09-08 11:40:56 - [MESSAGE][PASSED] - Object 'Object Repository/FDR-System-Admin/SysAdmin-SignIn/adminUserName' is present

2020-09-08 11:40:56 - [TEST_STEP][PASSED] - setText(findTestObject("FDR-System-Admin/SysAdmin-SignIn/adminUserName"), UserName): Text 'fdr.test10@dhcs.ca.gov' is set on object 'Object Repository/FDR-System-Admin/SysAdmin-SignIn/adminUserName'

2020-09-08 11:40:57 - [MESSAGE][PASSED] - Text 'fdr.test10@dhcs.ca.gov' is set on object 'Object Repository/FDR-System-Admin/SysAdmin-SignIn/adminUserName'

2020-09-08 11:40:57 - [TEST_STEP][PASSED] - setText(findTestObject("FDR-System-Admin/SysAdmin-SignIn/adminPass"), Password): Text 'Password18' is set on object 'Object Repository/FDR-System-Admin/SysAdmin-SignIn/adminPass'

2020-09-08 11:40:58 - [MESSAGE][PASSED] - Text 'Password18' is set on object 'Object Repository/FDR-System-Admin/SysAdmin-SignIn/adminPass'

2020-09-08 11:40:58 - [TEST_STEP][PASSED] - click(findTestObject("FDR-System-Admin/SysAdmin-SignIn/adminSignIn")): Object: 'Object Repository/FDR-System-Admin/SysAdmin-SignIn/adminSignIn' is clicked on

2020-09-08 11:40:59 - [MESSAGE][PASSED] - Object: 'Object Repository/FDR-System-Admin/SysAdmin-SignIn/adminSignIn' is clicked on

2020-09-08 11:40:59 - [TEST_STEP][PASSED] - waitForElementPresent(findTestObject("Object Repository/FDR-System-Admin/SysAdmin-Dashboard/maintainReferenceDataBtn"), 3): Object 'Object Repository/FDR-System-Admin/SysAdmin-Dashboard/maintainReferenceDataBtn' is present

2020-09-08 11:41:02 - [MESSAGE][PASSED] - Object 'Object Repository/FDR-System-Admin/SysAdmin-Dashboard/maintainReferenceDataBtn' is present

2020-09-08 11:41:02 - [TEST_STEP][PASSED] - verifyElementPresent(findTestObject("Object Repository/FDR-System-Admin/SysAdmin-Dashboard/maintainReferenceDataBtn"), Timeout): Object 'Object Repository/FDR-System-Admin/SysAdmin-Dashboard/maintainReferenceDataBtn' is present

2020-09-08 11:41:02 - [MESSAGE][PASSED] - Object 'Object Repository/FDR-System-Admin/SysAdmin-Dashboard/maintainReferenceDataBtn' is present

2020-09-08 11:41:02 - [TEST_STEP][PASSED] - refresh(): Refresh successfully

2020-09-08 11:41:03 - [MESSAGE][PASSED] - Refresh successfully

2020-09-08 11:41:03 - [MESSAGE][PASSED] - Call Test Case 'Test Cases/WEB-UI-TESTS/SysAdmin/SystemAdmin-Login' successfully

2020-09-08 11:41:03 - [TEST_STEP][PASSED] - Start listener action : sampleBeforeTestCase: null

2020-09-08 11:41:03 - [TEST_STEP][PASSED] - profileName = getExecutionProfile(): null

2020-09-08 11:41:03 - [TEST_STEP][PASSED] - testCaseId = testCaseContext.getTestCaseId(): null

2020-09-08 11:41:03 - [TEST_STEP][PASSED] - switch (profileName): null

2020-09-08 11:41:03 - [TEST_STEP][PASSED] - Default: null

2020-09-08 11:41:03 - [TEST_STEP][PASSED] - return null: null

2020-09-08 11:41:03 - [TEST_STEP][PASSED] - Start listener action : executeRows: null

2020-09-08 11:41:03 - [TEST_STEP][PASSED] - click(findTestObject("Object Repository/FDR-System-Admin/SysAdmin-Dashboard/maintainReferenceDataBtn")): Object: 'Object Repository/FDR-System-Admin/SysAdmin-Dashboard/maintainReferenceDataBtn' is clicked on

2020-09-08 11:41:04 - [MESSAGE][PASSED] - Object: 'Object Repository/FDR-System-Admin/SysAdmin-Dashboard/maintainReferenceDataBtn' is clicked on

2020-09-08 11:41:04 - [TEST_STEP][PASSED] - setText(findTestObject("FDR-System-Admin/FDR-ReferencePage/referenceDataNameInput"), ""): Text '' is set on object 'Object Repository/FDR-System-Admin/FDR-ReferencePage/referenceDataNameInput'

2020-09-08 11:41:05 - [MESSAGE][PASSED] - Text '' is set on object 'Object Repository/FDR-System-Admin/FDR-ReferencePage/referenceDataNameInput'

2020-09-08 11:41:05 - [TEST_STEP][PASSED] - click(findTestObject("Object Repository/FDR-System-Admin/FDR-ReferencePage/referenceDataDropdown")): Object: 'Object Repository/FDR-System-Admin/FDR-ReferencePage/referenceDataDropdown' is clicked on

2020-09-08 11:41:05 - [MESSAGE][PASSED] - Object: 'Object Repository/FDR-System-Admin/FDR-ReferencePage/referenceDataDropdown' is clicked on

2020-09-08 11:41:05 - [TEST_STEP][PASSED] - click(findTestObject("FDR-System-Admin/FDR-ReferencePage/waiverName")): Object: 'Object Repository/FDR-System-Admin/FDR-ReferencePage/waiverName' is clicked on

2020-09-08 11:41:06 - [MESSAGE][PASSED] - Object: 'Object Repository/FDR-System-Admin/FDR-ReferencePage/waiverName' is clicked on

2020-09-08 11:41:06 - [TEST_STEP][PASSED] - waitForElementPresent(findTestObject("Object Repository/FDR-System-Admin/FDR-Add-WaiverName/addWaiverNameBtn"), 3): Object 'Object Repository/FDR-System-Admin/FDR-Add-WaiverName/addWaiverNameBtn' is present

2020-09-08 11:41:06 - [MESSAGE][PASSED] - Object 'Object Repository/FDR-System-Admin/FDR-Add-WaiverName/addWaiverNameBtn' is present

2020-09-08 11:41:06 - [TEST_STEP][PASSED] - click(findTestObject("Object Repository/FDR-System-Admin/FDR-Add-WaiverName/addWaiverNameBtn")): Object: 'Object Repository/FDR-System-Admin/FDR-Add-WaiverName/addWaiverNameBtn' is clicked on

2020-09-08 11:41:07 - [MESSAGE][PASSED] - Object: 'Object Repository/FDR-System-Admin/FDR-Add-WaiverName/addWaiverNameBtn' is clicked on

2020-09-08 11:41:07 - [TEST_STEP][PASSED] - waiverName = randomAlphabetic(5).toUpperCase(): null

2020-09-08 11:41:07 - [TEST_STEP][PASSED] - waitForElementPresent(findTestObject("Object Repository/FDR-System-Admin/FDR-Add-WaiverName/newWaiverNameHeader"), 3): Object 'Object Repository/FDR-System-Admin/FDR-Add-WaiverName/newWaiverNameHeader' is present

2020-09-08 11:41:07 - [MESSAGE][PASSED] - Object 'Object Repository/FDR-System-Admin/FDR-Add-WaiverName/newWaiverNameHeader' is present

2020-09-08 11:41:07 - [TEST_STEP][PASSED] - waitForElementPresent(findTestObject("Object Repository/FDR-System-Admin/FDR-Add-WaiverName/waiverNameInputText"), 3): Object 'Object Repository/FDR-System-Admin/FDR-Add-WaiverName/waiverNameInputText' is present

2020-09-08 11:41:08 - [MESSAGE][PASSED] - Object 'Object Repository/FDR-System-Admin/FDR-Add-WaiverName/waiverNameInputText' is present

2020-09-08 11:41:08 - [TEST_STEP][PASSED] - setText(findTestObject("Object Repository/FDR-System-Admin/FDR-Add-WaiverName/waiverNameInputText"), "A-Family " + waiverName): Text 'A-Family CMCZC' is set on object 'Object Repository/FDR-System-Admin/FDR-Add-WaiverName/waiverNameInputText'

2020-09-08 11:41:08 - [MESSAGE][PASSED] - Text 'A-Family CMCZC' is set on object 'Object Repository/FDR-System-Admin/FDR-Add-WaiverName/waiverNameInputText'

2020-09-08 11:41:08 - [TEST_STEP][PASSED] - waitForElementPresent(findTestObject("Object Repository/FDR-System-Admin/FDR-Add-WaiverName/waiverNameConfirmBtn"), 3): Object 'Object Repository/FDR-System-Admin/FDR-Add-WaiverName/waiverNameConfirmBtn' is present

2020-09-08 11:41:09 - [MESSAGE][PASSED] - Object 'Object Repository/FDR-System-Admin/FDR-Add-WaiverName/waiverNameConfirmBtn' is present

2020-09-08 11:41:09 - [TEST_STEP][PASSED] - click(findTestObject("Object Repository/FDR-System-Admin/FDR-Add-WaiverName/waiverNameConfirmBtn")): Object: 'Object Repository/FDR-System-Admin/FDR-Add-WaiverName/waiverNameConfirmBtn' is clicked on

2020-09-08 11:41:09 - [MESSAGE][PASSED] - Object: 'Object Repository/FDR-System-Admin/FDR-Add-WaiverName/waiverNameConfirmBtn' is clicked on

2020-09-08 11:41:09 - [TEST_STEP][PASSED] - waitForElementPresent(findTestObject("Object Repository/FDR-System-Admin/FDR-Add-WaiverName/waiverNameHeader"), 3): Object 'Object Repository/FDR-System-Admin/FDR-Add-WaiverName/waiverNameHeader' is present

2020-09-08 11:41:10 - [MESSAGE][PASSED] - Object 'Object Repository/FDR-System-Admin/FDR-Add-WaiverName/waiverNameHeader' is present

2020-09-08 11:41:10 - [TEST_STEP][PASSED] - waitForElementPresent(findTestObject("Object Repository/FDR-System-Admin/FDR-Edit-WaiverName/waiverNameElipsisBtn"), 3): Object 'Object Repository/FDR-System-Admin/FDR-Edit-WaiverName/waiverNameElipsisBtn' is present

2020-09-08 11:41:10 - [MESSAGE][PASSED] - Object 'Object Repository/FDR-System-Admin/FDR-Edit-WaiverName/waiverNameElipsisBtn' is present

2020-09-08 11:41:10 - [TEST_STEP][PASSED] - click(findTestObject("Object Repository/FDR-System-Admin/FDR-Edit-WaiverName/waiverNameElipsisBtn")): Object: 'Object Repository/FDR-System-Admin/FDR-Edit-WaiverName/waiverNameElipsisBtn' is clicked on

2020-09-08 11:41:11 - [MESSAGE][PASSED] - Object: 'Object Repository/FDR-System-Admin/FDR-Edit-WaiverName/waiverNameElipsisBtn' is clicked on

2020-09-08 11:41:11 - [TEST_STEP][PASSED] - waitForElementPresent(findTestObject("Object Repository/FDR-System-Admin/FDR-Edit-WaiverName/waiverNameEditBtn"), 3): Object 'Object Repository/FDR-System-Admin/FDR-Edit-WaiverName/waiverNameEditBtn' is present

2020-09-08 11:41:11 - [MESSAGE][PASSED] - Object 'Object Repository/FDR-System-Admin/FDR-Edit-WaiverName/waiverNameEditBtn' is present

2020-09-08 11:41:11 - [TEST_STEP][PASSED] - click(findTestObject("Object Repository/FDR-System-Admin/FDR-Edit-WaiverName/waiverNameEditBtn")): Object: 'Object Repository/FDR-System-Admin/FDR-Edit-WaiverName/waiverNameEditBtn' is clicked on

2020-09-08 11:41:12 - [MESSAGE][PASSED] - Object: 'Object Repository/FDR-System-Admin/FDR-Edit-WaiverName/waiverNameEditBtn' is clicked on

2020-09-08 11:41:12 - [TEST_STEP][PASSED] - editWaiverName = randomAlphabetic(5).toUpperCase(): null

2020-09-08 11:41:12 - [TEST_STEP][PASSED] - waitForElementPresent(findTestObject("Object Repository/FDR-System-Admin/FDR-Add-WaiverName/waiverNameInputText"), 3): Object 'Object Repository/FDR-System-Admin/FDR-Add-WaiverName/waiverNameInputText' is present

2020-09-08 11:41:12 - [MESSAGE][PASSED] - Object 'Object Repository/FDR-System-Admin/FDR-Add-WaiverName/waiverNameInputText' is present

2020-09-08 11:41:12 - [TEST_STEP][PASSED] - doubleClick(findTestObject("Object Repository/FDR-System-Admin/FDR-Add-WaiverName/waiverNameInputText")): Object: 'Object Repository/FDR-System-Admin/FDR-Add-WaiverName/waiverNameInputText' is double clicked on

2020-09-08 11:41:13 - [MESSAGE][PASSED] - Object: 'Object Repository/FDR-System-Admin/FDR-Add-WaiverName/waiverNameInputText' is double clicked on

2020-09-08 11:41:13 - [TEST_STEP][PASSED] - sendKeys(findTestObject("Object Repository/FDR-System-Admin/FDR-Add-WaiverName/waiverNameInputText"), Keys.chord(BACK_SPACE)): Keys 'BACK_SPACE + ' sent to object: 'Object Repository/FDR-System-Admin/FDR-Add-WaiverName/waiverNameInputText'

2020-09-08 11:41:13 - [MESSAGE][PASSED] - Keys 'BACK_SPACE + ' sent to object: 'Object Repository/FDR-System-Admin/FDR-Add-WaiverName/waiverNameInputText'

2020-09-08 11:41:13 - [TEST_STEP][PASSED] - setText(findTestObject("Object Repository/FDR-System-Admin/FDR-Add-WaiverName/waiverNameInputText"), waiverName): Text 'CMCZC' is set on object 'Object Repository/FDR-System-Admin/FDR-Add-WaiverName/waiverNameInputText'

2020-09-08 11:41:14 - [MESSAGE][PASSED] - Text 'CMCZC' is set on object 'Object Repository/FDR-System-Admin/FDR-Add-WaiverName/waiverNameInputText'

2020-09-08 11:41:14 - [TEST_STEP][PASSED] - waitForElementPresent(findTestObject("Object Repository/FDR-System-Admin/FDR-Add-WaiverName/waiverNameSaveBtn"), 3): Object 'Object Repository/FDR-System-Admin/FDR-Add-WaiverName/waiverNameSaveBtn' is present

2020-09-08 11:41:15 - [MESSAGE][PASSED] - Object 'Object Repository/FDR-System-Admin/FDR-Add-WaiverName/waiverNameSaveBtn' is present

2020-09-08 11:41:15 - [TEST_STEP][PASSED] - click(findTestObject("Object Repository/FDR-System-Admin/FDR-Add-WaiverName/waiverNameSaveBtn")): Object: 'Object Repository/FDR-System-Admin/FDR-Add-WaiverName/waiverNameSaveBtn' is clicked on

2020-09-08 11:41:16 - [MESSAGE][PASSED] - Object: 'Object Repository/FDR-System-Admin/FDR-Add-WaiverName/waiverNameSaveBtn' is clicked on

2020-09-08 11:41:16 - [TEST_STEP][PASSED] - Start listener action : sampleAfterTestCase: null

2020-09-08 11:41:16 - [TEST_STEP][PASSED] - profileName = getExecutionProfile(): null

2020-09-08 11:41:16 - [TEST_STEP][PASSED] - switch (profileName): null

2020-09-08 11:41:16 - [TEST_STEP][PASSED] - case "superUser":: null

2020-09-08 11:41:16 - [TEST_STEP][PASSED] - return null: null

2020-09-08 11:41:16 - [TEST_STEP][PASSED] - Start listener action : afterTestCase: Browser is closed

2020-09-08 11:41:16 - [TEST_STEP][PASSED] - profileName = getExecutionProfile(): null

2020-09-08 11:41:16 - [TEST_STEP][PASSED] - if (profileName.equalsIgnoreCase("SysAdmin")): Browser is closed

2020-09-08 11:41:16 - [TEST_STEP][PASSED] - closeBrowser(): Browser is closed

2020-09-08 11:41:16 - [MESSAGE][PASSED] - Browser is closed

2020-09-08 11:41:16 - [TEST_STEP][PASSED] - Start listener action : sampleAfterTestCase: null

2020-09-08 11:41:16 - [TEST_STEP][PASSED] - profileName = getExecutionProfile(): null

2020-09-08 11:41:16 - [TEST_STEP][PASSED] - switch (profileName): null

2020-09-08 11:41:16 - [TEST_STEP][PASSED] - Default: null

2020-09-08 11:41:16 - [TEST_STEP][PASSED] - return null: null

2020-09-08 11:41:16 - [TEST_STEP][PASSED] - Start listener action : addFailedTCToList: null]]></system-out>
         <system-err><![CDATA[]]></system-err>
      </testcase>
      <testcase name="Test Cases/WEB-UI-TESTS/SysAdmin/ReferencePage/ReferenceDetail/FDR-Add-WaiverTypeDetailReview" time="31.996" classname="Test Cases/WEB-UI-TESTS/SysAdmin/ReferencePage/ReferenceDetail/FDR-Add-WaiverTypeDetailReview" status="PASSED">
         <system-out><![CDATA[2020-09-08 11:41:16 - [TEST_CASE][PASSED] - Test Cases/WEB-UI-TESTS/SysAdmin/ReferencePage/ReferenceDetail/FDR-Add-WaiverTypeDetailReview: Test Cases/WEB-UI-TESTS/SysAdmin/ReferencePage/ReferenceDetail/FDR-Add-WaiverTypeDetailReview

2020-09-08 11:41:16 - [TEST_STEP][PASSED] - Start listener action : sampleBeforeTestCase: null

2020-09-08 11:41:16 - [TEST_STEP][PASSED] - profileName = getExecutionProfile(): null

2020-09-08 11:41:16 - [TEST_STEP][PASSED] - switch (profileName): null

2020-09-08 11:41:16 - [TEST_STEP][PASSED] - case "superUser":: null

2020-09-08 11:41:16 - [TEST_STEP][PASSED] - return null: null

2020-09-08 11:41:16 - [TEST_STEP][PASSED] - Start listener action : beforeTestCase: Call Test Case 'Test Cases/WEB-UI-TESTS/SysAdmin/SystemAdmin-Login' successfully

2020-09-08 11:41:16 - [TEST_STEP][PASSED] - profileName = getExecutionProfile(): null

2020-09-08 11:41:16 - [TEST_STEP][PASSED] - if (profileName.equalsIgnoreCase("SysAdmin")): Call Test Case 'Test Cases/WEB-UI-TESTS/SysAdmin/SystemAdmin-Login' successfully

2020-09-08 11:41:16 - [TEST_STEP][PASSED] - callTestCase(findTestCase("Test Cases/WEB-UI-TESTS/SysAdmin/SystemAdmin-Login"), null): Call Test Case 'Test Cases/WEB-UI-TESTS/SysAdmin/SystemAdmin-Login' successfully

2020-09-08 11:41:16 - [TEST_CASE][PASSED] - Test Cases/WEB-UI-TESTS/SysAdmin/SystemAdmin-Login: Test Cases/WEB-UI-TESTS/SysAdmin/SystemAdmin-Login

2020-09-08 11:41:16 - [TEST_STEP][PASSED] - openBrowser(URL): Browser is opened with url: 'https://fdr-katalon.cammis-mod-dev.dhcs.ca.gov'

2020-09-08 11:41:16 - [MESSAGE][INFO] - Starting 'Chrome' driver

2020-09-08 11:41:16 - [MESSAGE][INFO] - Action delay is set to 0 milliseconds

2020-09-08 11:41:21 - [MESSAGE][PASSED] - Browser is opened with url: 'https://fdr-katalon.cammis-mod-dev.dhcs.ca.gov'

2020-09-08 11:41:21 - [TEST_STEP][PASSED] - maximizeWindow(): Current window maximized

2020-09-08 11:41:23 - [MESSAGE][PASSED] - Current window maximized

2020-09-08 11:41:23 - [TEST_STEP][PASSED] - refresh(): Refresh successfully

2020-09-08 11:41:24 - [MESSAGE][PASSED] - Refresh successfully

2020-09-08 11:41:24 - [TEST_STEP][PASSED] - delay(2): Delayed 2 second(s)

2020-09-08 11:41:26 - [MESSAGE][PASSED] - Delayed 2 second(s)

2020-09-08 11:41:26 - [TEST_STEP][PASSED] - waitForElementPresent(findTestObject("FDR-System-Admin/SysAdmin-SignIn/adminEmail"), 5): Object 'Object Repository/FDR-System-Admin/SysAdmin-SignIn/adminEmail' is present

2020-09-08 11:41:26 - [MESSAGE][PASSED] - Object 'Object Repository/FDR-System-Admin/SysAdmin-SignIn/adminEmail' is present

2020-09-08 11:41:26 - [TEST_STEP][PASSED] - setText(findTestObject("FDR-System-Admin/SysAdmin-SignIn/adminEmail"), adminEmail): Text 'fdr.test10@dhcs.ca.gov
' is set on object 'Object Repository/FDR-System-Admin/SysAdmin-SignIn/adminEmail'

2020-09-08 11:41:27 - [MESSAGE][PASSED] - Text 'fdr.test10@dhcs.ca.gov
' is set on object 'Object Repository/FDR-System-Admin/SysAdmin-SignIn/adminEmail'

2020-09-08 11:41:27 - [TEST_STEP][PASSED] - waitForElementPresent(findTestObject("FDR-System-Admin/SysAdmin-SignIn/adminUserName"), 5): Object 'Object Repository/FDR-System-Admin/SysAdmin-SignIn/adminUserName' is present

2020-09-08 11:41:30 - [MESSAGE][PASSED] - Object 'Object Repository/FDR-System-Admin/SysAdmin-SignIn/adminUserName' is present

2020-09-08 11:41:30 - [TEST_STEP][PASSED] - setText(findTestObject("FDR-System-Admin/SysAdmin-SignIn/adminUserName"), UserName): Text 'fdr.test10@dhcs.ca.gov' is set on object 'Object Repository/FDR-System-Admin/SysAdmin-SignIn/adminUserName'

2020-09-08 11:41:31 - [MESSAGE][PASSED] - Text 'fdr.test10@dhcs.ca.gov' is set on object 'Object Repository/FDR-System-Admin/SysAdmin-SignIn/adminUserName'

2020-09-08 11:41:31 - [TEST_STEP][PASSED] - setText(findTestObject("FDR-System-Admin/SysAdmin-SignIn/adminPass"), Password): Text 'Password18' is set on object 'Object Repository/FDR-System-Admin/SysAdmin-SignIn/adminPass'

2020-09-08 11:41:31 - [MESSAGE][PASSED] - Text 'Password18' is set on object 'Object Repository/FDR-System-Admin/SysAdmin-SignIn/adminPass'

2020-09-08 11:41:31 - [TEST_STEP][PASSED] - click(findTestObject("FDR-System-Admin/SysAdmin-SignIn/adminSignIn")): Object: 'Object Repository/FDR-System-Admin/SysAdmin-SignIn/adminSignIn' is clicked on

2020-09-08 11:41:34 - [MESSAGE][PASSED] - Object: 'Object Repository/FDR-System-Admin/SysAdmin-SignIn/adminSignIn' is clicked on

2020-09-08 11:41:34 - [TEST_STEP][PASSED] - waitForElementPresent(findTestObject("Object Repository/FDR-System-Admin/SysAdmin-Dashboard/maintainReferenceDataBtn"), 3): Object 'Object Repository/FDR-System-Admin/SysAdmin-Dashboard/maintainReferenceDataBtn' is present

2020-09-08 11:41:35 - [MESSAGE][PASSED] - Object 'Object Repository/FDR-System-Admin/SysAdmin-Dashboard/maintainReferenceDataBtn' is present

2020-09-08 11:41:35 - [TEST_STEP][PASSED] - verifyElementPresent(findTestObject("Object Repository/FDR-System-Admin/SysAdmin-Dashboard/maintainReferenceDataBtn"), Timeout): Object 'Object Repository/FDR-System-Admin/SysAdmin-Dashboard/maintainReferenceDataBtn' is present

2020-09-08 11:41:36 - [MESSAGE][PASSED] - Object 'Object Repository/FDR-System-Admin/SysAdmin-Dashboard/maintainReferenceDataBtn' is present

2020-09-08 11:41:36 - [TEST_STEP][PASSED] - refresh(): Refresh successfully

2020-09-08 11:41:36 - [MESSAGE][PASSED] - Refresh successfully

2020-09-08 11:41:36 - [MESSAGE][PASSED] - Call Test Case 'Test Cases/WEB-UI-TESTS/SysAdmin/SystemAdmin-Login' successfully

2020-09-08 11:41:36 - [TEST_STEP][PASSED] - Start listener action : sampleBeforeTestCase: null

2020-09-08 11:41:36 - [TEST_STEP][PASSED] - profileName = getExecutionProfile(): null

2020-09-08 11:41:36 - [TEST_STEP][PASSED] - testCaseId = testCaseContext.getTestCaseId(): null

2020-09-08 11:41:36 - [TEST_STEP][PASSED] - switch (profileName): null

2020-09-08 11:41:36 - [TEST_STEP][PASSED] - Default: null

2020-09-08 11:41:36 - [TEST_STEP][PASSED] - return null: null

2020-09-08 11:41:36 - [TEST_STEP][PASSED] - Start listener action : executeRows: null

2020-09-08 11:41:37 - [TEST_STEP][PASSED] - click(findTestObject("Object Repository/FDR-System-Admin/SysAdmin-Dashboard/maintainReferenceDataBtn")): Object: 'Object Repository/FDR-System-Admin/SysAdmin-Dashboard/maintainReferenceDataBtn' is clicked on

2020-09-08 11:41:37 - [MESSAGE][PASSED] - Object: 'Object Repository/FDR-System-Admin/SysAdmin-Dashboard/maintainReferenceDataBtn' is clicked on

2020-09-08 11:41:37 - [TEST_STEP][PASSED] - setText(findTestObject("Object Repository/FDR-System-Admin/FDR-ReferencePage/referenceDataNameInput"), ""): Text '' is set on object 'Object Repository/FDR-System-Admin/FDR-ReferencePage/referenceDataNameInput'

2020-09-08 11:41:38 - [MESSAGE][PASSED] - Text '' is set on object 'Object Repository/FDR-System-Admin/FDR-ReferencePage/referenceDataNameInput'

2020-09-08 11:41:38 - [TEST_STEP][PASSED] - click(findTestObject("Object Repository/FDR-System-Admin/FDR-ReferencePage/referenceDataDropdown")): Object: 'Object Repository/FDR-System-Admin/FDR-ReferencePage/referenceDataDropdown' is clicked on

2020-09-08 11:41:38 - [MESSAGE][PASSED] - Object: 'Object Repository/FDR-System-Admin/FDR-ReferencePage/referenceDataDropdown' is clicked on

2020-09-08 11:41:38 - [TEST_STEP][PASSED] - click(findTestObject("Object Repository/FDR-System-Admin/FDR-ReferencePage/waiverTypes")): Object: 'Object Repository/FDR-System-Admin/FDR-ReferencePage/waiverTypes' is clicked on

2020-09-08 11:41:39 - [MESSAGE][PASSED] - Object: 'Object Repository/FDR-System-Admin/FDR-ReferencePage/waiverTypes' is clicked on

2020-09-08 11:41:39 - [TEST_STEP][PASSED] - waitForElementPresent(findTestObject("Object Repository/FDR-System-Admin/FDR-Add-WaiverTypes/addWaiverTypeBtn"), 3): Object 'Object Repository/FDR-System-Admin/FDR-Add-WaiverTypes/addWaiverTypeBtn' is present

2020-09-08 11:41:40 - [MESSAGE][PASSED] - Object 'Object Repository/FDR-System-Admin/FDR-Add-WaiverTypes/addWaiverTypeBtn' is present

2020-09-08 11:41:40 - [TEST_STEP][PASSED] - click(findTestObject("Object Repository/FDR-System-Admin/FDR-Add-WaiverTypes/addWaiverTypeBtn")): Object: 'Object Repository/FDR-System-Admin/FDR-Add-WaiverTypes/addWaiverTypeBtn' is clicked on

2020-09-08 11:41:40 - [MESSAGE][PASSED] - Object: 'Object Repository/FDR-System-Admin/FDR-Add-WaiverTypes/addWaiverTypeBtn' is clicked on

2020-09-08 11:41:40 - [TEST_STEP][PASSED] - waitForElementPresent(findTestObject("Object Repository/FDR-System-Admin/FDR-Add-WaiverTypes/newWaiverTypeHeader"), 3): Object 'Object Repository/FDR-System-Admin/FDR-Add-WaiverTypes/newWaiverTypeHeader' is present

2020-09-08 11:41:40 - [MESSAGE][PASSED] - Object 'Object Repository/FDR-System-Admin/FDR-Add-WaiverTypes/newWaiverTypeHeader' is present

2020-09-08 11:41:40 - [TEST_STEP][PASSED] - waitForElementPresent(findTestObject("Object Repository/FDR-System-Admin/FDR-Add-WaiverTypes/waiverTypeInputText"), 3): Object 'Object Repository/FDR-System-Admin/FDR-Add-WaiverTypes/waiverTypeInputText' is present

2020-09-08 11:41:41 - [MESSAGE][PASSED] - Object 'Object Repository/FDR-System-Admin/FDR-Add-WaiverTypes/waiverTypeInputText' is present

2020-09-08 11:41:41 - [TEST_STEP][PASSED] - waiverType = randomAlphanumeric(6).toUpperCase(): null

2020-09-08 11:41:41 - [TEST_STEP][PASSED] - setText(findTestObject("Object Repository/FDR-System-Admin/FDR-Add-WaiverTypes/waiverTypeInputText"), waiverType): Text 'JDXIEC' is set on object 'Object Repository/FDR-System-Admin/FDR-Add-WaiverTypes/waiverTypeInputText'

2020-09-08 11:41:41 - [MESSAGE][PASSED] - Text 'JDXIEC' is set on object 'Object Repository/FDR-System-Admin/FDR-Add-WaiverTypes/waiverTypeInputText'

2020-09-08 11:41:41 - [TEST_STEP][PASSED] - waitForElementPresent(findTestObject("Object Repository/FDR-System-Admin/FDR-Add-WaiverTypes/waiverTypeConfirmBtn"), 3): Object 'Object Repository/FDR-System-Admin/FDR-Add-WaiverTypes/waiverTypeConfirmBtn' is present

2020-09-08 11:41:42 - [MESSAGE][PASSED] - Object 'Object Repository/FDR-System-Admin/FDR-Add-WaiverTypes/waiverTypeConfirmBtn' is present

2020-09-08 11:41:42 - [TEST_STEP][PASSED] - click(findTestObject("Object Repository/FDR-System-Admin/FDR-Add-WaiverTypes/waiverTypeConfirmBtn")): Object: 'Object Repository/FDR-System-Admin/FDR-Add-WaiverTypes/waiverTypeConfirmBtn' is clicked on

2020-09-08 11:41:42 - [MESSAGE][PASSED] - Object: 'Object Repository/FDR-System-Admin/FDR-Add-WaiverTypes/waiverTypeConfirmBtn' is clicked on

2020-09-08 11:41:42 - [TEST_STEP][PASSED] - waitForElementPresent(findTestObject("Object Repository/FDR-System-Admin/FDR-Add-WaiverTypes/waiverTypeHeader"), 3): Object 'Object Repository/FDR-System-Admin/FDR-Add-WaiverTypes/waiverTypeHeader' is present

2020-09-08 11:41:43 - [MESSAGE][PASSED] - Object 'Object Repository/FDR-System-Admin/FDR-Add-WaiverTypes/waiverTypeHeader' is present

2020-09-08 11:41:43 - [TEST_STEP][PASSED] - waitForElementPresent(findTestObject("Object Repository/FDR-System-Admin/FDR-Edit-WaiverType/waiverTypeElipsisBtn"), 3): Object 'Object Repository/FDR-System-Admin/FDR-Edit-WaiverType/waiverTypeElipsisBtn' is present

2020-09-08 11:41:43 - [MESSAGE][PASSED] - Object 'Object Repository/FDR-System-Admin/FDR-Edit-WaiverType/waiverTypeElipsisBtn' is present

2020-09-08 11:41:43 - [TEST_STEP][PASSED] - click(findTestObject("Object Repository/FDR-System-Admin/FDR-Edit-WaiverType/waiverTypeElipsisBtn")): Object: 'Object Repository/FDR-System-Admin/FDR-Edit-WaiverType/waiverTypeElipsisBtn' is clicked on

2020-09-08 11:41:44 - [MESSAGE][PASSED] - Object: 'Object Repository/FDR-System-Admin/FDR-Edit-WaiverType/waiverTypeElipsisBtn' is clicked on

2020-09-08 11:41:44 - [TEST_STEP][PASSED] - waitForElementPresent(findTestObject("Object Repository/FDR-System-Admin/FDR-Edit-WaiverType/waiverTypeEditBtn"), 3): Object 'Object Repository/FDR-System-Admin/FDR-Edit-WaiverType/waiverTypeEditBtn' is present

2020-09-08 11:41:44 - [MESSAGE][PASSED] - Object 'Object Repository/FDR-System-Admin/FDR-Edit-WaiverType/waiverTypeEditBtn' is present

2020-09-08 11:41:44 - [TEST_STEP][PASSED] - click(findTestObject("Object Repository/FDR-System-Admin/FDR-Edit-WaiverType/waiverTypeEditBtn")): Object: 'Object Repository/FDR-System-Admin/FDR-Edit-WaiverType/waiverTypeEditBtn' is clicked on

2020-09-08 11:41:45 - [MESSAGE][PASSED] - Object: 'Object Repository/FDR-System-Admin/FDR-Edit-WaiverType/waiverTypeEditBtn' is clicked on

2020-09-08 11:41:45 - [TEST_STEP][PASSED] - waitForElementPresent(findTestObject("Object Repository/FDR-System-Admin/FDR-Add-WaiverTypes/waiverTypeInputText"), 3): Object 'Object Repository/FDR-System-Admin/FDR-Add-WaiverTypes/waiverTypeInputText' is present

2020-09-08 11:41:45 - [MESSAGE][PASSED] - Object 'Object Repository/FDR-System-Admin/FDR-Add-WaiverTypes/waiverTypeInputText' is present

2020-09-08 11:41:45 - [TEST_STEP][PASSED] - editWaiverType = randomAlphanumeric(6).toUpperCase(): null

2020-09-08 11:41:45 - [TEST_STEP][PASSED] - doubleClick(findTestObject("Object Repository/FDR-System-Admin/FDR-Add-WaiverTypes/waiverTypeInputText")): Object: 'Object Repository/FDR-System-Admin/FDR-Add-WaiverTypes/waiverTypeInputText' is double clicked on

2020-09-08 11:41:46 - [MESSAGE][PASSED] - Object: 'Object Repository/FDR-System-Admin/FDR-Add-WaiverTypes/waiverTypeInputText' is double clicked on

2020-09-08 11:41:46 - [TEST_STEP][PASSED] - sendKeys(findTestObject("Object Repository/FDR-System-Admin/FDR-Add-WaiverTypes/waiverTypeInputText"), Keys.chord(BACK_SPACE)): Keys 'BACK_SPACE + ' sent to object: 'Object Repository/FDR-System-Admin/FDR-Add-WaiverTypes/waiverTypeInputText'

2020-09-08 11:41:46 - [MESSAGE][PASSED] - Keys 'BACK_SPACE + ' sent to object: 'Object Repository/FDR-System-Admin/FDR-Add-WaiverTypes/waiverTypeInputText'

2020-09-08 11:41:46 - [TEST_STEP][PASSED] - setText(findTestObject("Object Repository/FDR-System-Admin/FDR-Add-WaiverTypes/waiverTypeInputText"), editWaiverType): Text 'YIAJDL' is set on object 'Object Repository/FDR-System-Admin/FDR-Add-WaiverTypes/waiverTypeInputText'

2020-09-08 11:41:47 - [MESSAGE][PASSED] - Text 'YIAJDL' is set on object 'Object Repository/FDR-System-Admin/FDR-Add-WaiverTypes/waiverTypeInputText'

2020-09-08 11:41:47 - [TEST_STEP][PASSED] - waitForElementPresent(findTestObject("Object Repository/FDR-System-Admin/FDR-Edit-WaiverType/waiverTypeSaveBtn"), 3): Object 'Object Repository/FDR-System-Admin/FDR-Edit-WaiverType/waiverTypeSaveBtn' is present

2020-09-08 11:41:47 - [MESSAGE][PASSED] - Object 'Object Repository/FDR-System-Admin/FDR-Edit-WaiverType/waiverTypeSaveBtn' is present

2020-09-08 11:41:47 - [TEST_STEP][PASSED] - click(findTestObject("Object Repository/FDR-System-Admin/FDR-Edit-WaiverType/waiverTypeSaveBtn")): Object: 'Object Repository/FDR-System-Admin/FDR-Edit-WaiverType/waiverTypeSaveBtn' is clicked on

2020-09-08 11:41:48 - [MESSAGE][PASSED] - Object: 'Object Repository/FDR-System-Admin/FDR-Edit-WaiverType/waiverTypeSaveBtn' is clicked on

2020-09-08 11:41:48 - [TEST_STEP][PASSED] - Start listener action : sampleAfterTestCase: null

2020-09-08 11:41:48 - [TEST_STEP][PASSED] - profileName = getExecutionProfile(): null

2020-09-08 11:41:48 - [TEST_STEP][PASSED] - switch (profileName): null

2020-09-08 11:41:48 - [TEST_STEP][PASSED] - case "superUser":: null

2020-09-08 11:41:48 - [TEST_STEP][PASSED] - return null: null

2020-09-08 11:41:48 - [TEST_STEP][PASSED] - Start listener action : afterTestCase: Browser is closed

2020-09-08 11:41:48 - [TEST_STEP][PASSED] - profileName = getExecutionProfile(): null

2020-09-08 11:41:48 - [TEST_STEP][PASSED] - if (profileName.equalsIgnoreCase("SysAdmin")): Browser is closed

2020-09-08 11:41:48 - [TEST_STEP][PASSED] - closeBrowser(): Browser is closed

2020-09-08 11:41:48 - [MESSAGE][PASSED] - Browser is closed

2020-09-08 11:41:48 - [TEST_STEP][PASSED] - Start listener action : sampleAfterTestCase: null

2020-09-08 11:41:48 - [TEST_STEP][PASSED] - profileName = getExecutionProfile(): null

2020-09-08 11:41:48 - [TEST_STEP][PASSED] - switch (profileName): null

2020-09-08 11:41:48 - [TEST_STEP][PASSED] - Default: null

2020-09-08 11:41:48 - [TEST_STEP][PASSED] - return null: null

2020-09-08 11:41:48 - [TEST_STEP][PASSED] - Start listener action : addFailedTCToList: null]]></system-out>
         <system-err><![CDATA[]]></system-err>
      </testcase>
      <testcase name="Test Cases/WEB-UI-TESTS/SysAdmin/ReferencePage/ReferenceDetail/FDR-Add-FundingSourceDetailReview" time="64.98" classname="Test Cases/WEB-UI-TESTS/SysAdmin/ReferencePage/ReferenceDetail/FDR-Add-FundingSourceDetailReview" status="PASSED">
         <system-out><![CDATA[2020-09-08 11:41:48 - [TEST_CASE][PASSED] - Test Cases/WEB-UI-TESTS/SysAdmin/ReferencePage/ReferenceDetail/FDR-Add-FundingSourceDetailReview: Test Cases/WEB-UI-TESTS/SysAdmin/ReferencePage/ReferenceDetail/FDR-Add-FundingSourceDetailReview

2020-09-08 11:41:48 - [TEST_STEP][PASSED] - Start listener action : sampleBeforeTestCase: null

2020-09-08 11:41:48 - [TEST_STEP][PASSED] - profileName = getExecutionProfile(): null

2020-09-08 11:41:48 - [TEST_STEP][PASSED] - switch (profileName): null

2020-09-08 11:41:48 - [TEST_STEP][PASSED] - case "superUser":: null

2020-09-08 11:41:48 - [TEST_STEP][PASSED] - return null: null

2020-09-08 11:41:48 - [TEST_STEP][PASSED] - Start listener action : beforeTestCase: Call Test Case 'Test Cases/WEB-UI-TESTS/SysAdmin/SystemAdmin-Login' successfully

2020-09-08 11:41:48 - [TEST_STEP][PASSED] - profileName = getExecutionProfile(): null

2020-09-08 11:41:48 - [TEST_STEP][PASSED] - if (profileName.equalsIgnoreCase("SysAdmin")): Call Test Case 'Test Cases/WEB-UI-TESTS/SysAdmin/SystemAdmin-Login' successfully

2020-09-08 11:41:48 - [TEST_STEP][PASSED] - callTestCase(findTestCase("Test Cases/WEB-UI-TESTS/SysAdmin/SystemAdmin-Login"), null): Call Test Case 'Test Cases/WEB-UI-TESTS/SysAdmin/SystemAdmin-Login' successfully

2020-09-08 11:41:48 - [TEST_CASE][PASSED] - Test Cases/WEB-UI-TESTS/SysAdmin/SystemAdmin-Login: Test Cases/WEB-UI-TESTS/SysAdmin/SystemAdmin-Login

2020-09-08 11:41:48 - [TEST_STEP][PASSED] - openBrowser(URL): Browser is opened with url: 'https://fdr-katalon.cammis-mod-dev.dhcs.ca.gov'

2020-09-08 11:41:48 - [MESSAGE][INFO] - Starting 'Chrome' driver

2020-09-08 11:41:48 - [MESSAGE][INFO] - Action delay is set to 0 milliseconds

2020-09-08 11:41:54 - [MESSAGE][PASSED] - Browser is opened with url: 'https://fdr-katalon.cammis-mod-dev.dhcs.ca.gov'

2020-09-08 11:41:54 - [TEST_STEP][PASSED] - maximizeWindow(): Current window maximized

2020-09-08 11:41:56 - [MESSAGE][PASSED] - Current window maximized

2020-09-08 11:41:56 - [TEST_STEP][PASSED] - refresh(): Refresh successfully

2020-09-08 11:41:57 - [MESSAGE][PASSED] - Refresh successfully

2020-09-08 11:41:57 - [TEST_STEP][PASSED] - delay(2): Delayed 2 second(s)

2020-09-08 11:41:59 - [MESSAGE][PASSED] - Delayed 2 second(s)

2020-09-08 11:41:59 - [TEST_STEP][PASSED] - waitForElementPresent(findTestObject("FDR-System-Admin/SysAdmin-SignIn/adminEmail"), 5): Object 'Object Repository/FDR-System-Admin/SysAdmin-SignIn/adminEmail' is present

2020-09-08 11:41:59 - [MESSAGE][PASSED] - Object 'Object Repository/FDR-System-Admin/SysAdmin-SignIn/adminEmail' is present

2020-09-08 11:41:59 - [TEST_STEP][PASSED] - setText(findTestObject("FDR-System-Admin/SysAdmin-SignIn/adminEmail"), adminEmail): Text 'fdr.test10@dhcs.ca.gov
' is set on object 'Object Repository/FDR-System-Admin/SysAdmin-SignIn/adminEmail'

2020-09-08 11:42:00 - [MESSAGE][PASSED] - Text 'fdr.test10@dhcs.ca.gov
' is set on object 'Object Repository/FDR-System-Admin/SysAdmin-SignIn/adminEmail'

2020-09-08 11:42:00 - [TEST_STEP][PASSED] - waitForElementPresent(findTestObject("FDR-System-Admin/SysAdmin-SignIn/adminUserName"), 5): Object 'Object Repository/FDR-System-Admin/SysAdmin-SignIn/adminUserName' is present

2020-09-08 11:42:03 - [MESSAGE][PASSED] - Object 'Object Repository/FDR-System-Admin/SysAdmin-SignIn/adminUserName' is present

2020-09-08 11:42:03 - [TEST_STEP][PASSED] - setText(findTestObject("FDR-System-Admin/SysAdmin-SignIn/adminUserName"), UserName): Text 'fdr.test10@dhcs.ca.gov' is set on object 'Object Repository/FDR-System-Admin/SysAdmin-SignIn/adminUserName'

2020-09-08 11:42:04 - [MESSAGE][PASSED] - Text 'fdr.test10@dhcs.ca.gov' is set on object 'Object Repository/FDR-System-Admin/SysAdmin-SignIn/adminUserName'

2020-09-08 11:42:04 - [TEST_STEP][PASSED] - setText(findTestObject("FDR-System-Admin/SysAdmin-SignIn/adminPass"), Password): Text 'Password18' is set on object 'Object Repository/FDR-System-Admin/SysAdmin-SignIn/adminPass'

2020-09-08 11:42:05 - [MESSAGE][PASSED] - Text 'Password18' is set on object 'Object Repository/FDR-System-Admin/SysAdmin-SignIn/adminPass'

2020-09-08 11:42:05 - [TEST_STEP][PASSED] - click(findTestObject("FDR-System-Admin/SysAdmin-SignIn/adminSignIn")): Object: 'Object Repository/FDR-System-Admin/SysAdmin-SignIn/adminSignIn' is clicked on

2020-09-08 11:42:07 - [MESSAGE][PASSED] - Object: 'Object Repository/FDR-System-Admin/SysAdmin-SignIn/adminSignIn' is clicked on

2020-09-08 11:42:07 - [TEST_STEP][PASSED] - waitForElementPresent(findTestObject("Object Repository/FDR-System-Admin/SysAdmin-Dashboard/maintainReferenceDataBtn"), 3): Object 'Object Repository/FDR-System-Admin/SysAdmin-Dashboard/maintainReferenceDataBtn' is present

2020-09-08 11:42:09 - [MESSAGE][PASSED] - Object 'Object Repository/FDR-System-Admin/SysAdmin-Dashboard/maintainReferenceDataBtn' is present

2020-09-08 11:42:09 - [TEST_STEP][PASSED] - verifyElementPresent(findTestObject("Object Repository/FDR-System-Admin/SysAdmin-Dashboard/maintainReferenceDataBtn"), Timeout): Object 'Object Repository/FDR-System-Admin/SysAdmin-Dashboard/maintainReferenceDataBtn' is present

2020-09-08 11:42:09 - [MESSAGE][PASSED] - Object 'Object Repository/FDR-System-Admin/SysAdmin-Dashboard/maintainReferenceDataBtn' is present

2020-09-08 11:42:09 - [TEST_STEP][PASSED] - refresh(): Refresh successfully

2020-09-08 11:42:10 - [MESSAGE][PASSED] - Refresh successfully

2020-09-08 11:42:10 - [MESSAGE][PASSED] - Call Test Case 'Test Cases/WEB-UI-TESTS/SysAdmin/SystemAdmin-Login' successfully

2020-09-08 11:42:10 - [TEST_STEP][PASSED] - Start listener action : sampleBeforeTestCase: null

2020-09-08 11:42:10 - [TEST_STEP][PASSED] - profileName = getExecutionProfile(): null

2020-09-08 11:42:10 - [TEST_STEP][PASSED] - testCaseId = testCaseContext.getTestCaseId(): null

2020-09-08 11:42:10 - [TEST_STEP][PASSED] - switch (profileName): null

2020-09-08 11:42:10 - [TEST_STEP][PASSED] - Default: null

2020-09-08 11:42:10 - [TEST_STEP][PASSED] - return null: null

2020-09-08 11:42:10 - [TEST_STEP][PASSED] - Start listener action : executeRows: null

2020-09-08 11:42:10 - [TEST_STEP][PASSED] - click(findTestObject("Object Repository/FDR-System-Admin/SysAdmin-Dashboard/maintainReferenceDataBtn")): Object: 'Object Repository/FDR-System-Admin/SysAdmin-Dashboard/maintainReferenceDataBtn' is clicked on

2020-09-08 11:42:10 - [MESSAGE][PASSED] - Object: 'Object Repository/FDR-System-Admin/SysAdmin-Dashboard/maintainReferenceDataBtn' is clicked on

2020-09-08 11:42:10 - [TEST_STEP][PASSED] - click(findTestObject("Object Repository/FDR-System-Admin/FDR-ReferencePage/reference-data")): Object: 'Object Repository/FDR-System-Admin/FDR-ReferencePage/reference-data' is clicked on

2020-09-08 11:42:11 - [MESSAGE][PASSED] - Object: 'Object Repository/FDR-System-Admin/FDR-ReferencePage/reference-data' is clicked on

2020-09-08 11:42:11 - [TEST_STEP][PASSED] - setText(findTestObject("Object Repository/FDR-System-Admin/FDR-ReferencePage/referenceDataNameInput"), ""): Text '' is set on object 'Object Repository/FDR-System-Admin/FDR-ReferencePage/referenceDataNameInput'

2020-09-08 11:42:11 - [MESSAGE][PASSED] - Text '' is set on object 'Object Repository/FDR-System-Admin/FDR-ReferencePage/referenceDataNameInput'

2020-09-08 11:42:11 - [TEST_STEP][PASSED] - click(findTestObject("Object Repository/FDR-System-Admin/FDR-ReferencePage/fundingSource")): Object: 'Object Repository/FDR-System-Admin/FDR-ReferencePage/fundingSource' is clicked on

2020-09-08 11:42:12 - [MESSAGE][PASSED] - Object: 'Object Repository/FDR-System-Admin/FDR-ReferencePage/fundingSource' is clicked on

2020-09-08 11:42:12 - [TEST_STEP][PASSED] - waitForElementPresent(findTestObject("Object Repository/FDR-System-Admin/FDR-Add-FundingSource/fundingSourcesAddBtn"), 3): Object 'Object Repository/FDR-System-Admin/FDR-Add-FundingSource/fundingSourcesAddBtn' is present

2020-09-08 11:42:12 - [MESSAGE][PASSED] - Object 'Object Repository/FDR-System-Admin/FDR-Add-FundingSource/fundingSourcesAddBtn' is present

2020-09-08 11:42:12 - [TEST_STEP][PASSED] - click(findTestObject("Object Repository/FDR-System-Admin/FDR-Add-FundingSource/fundingSourcesAddBtn")): Object: 'Object Repository/FDR-System-Admin/FDR-Add-FundingSource/fundingSourcesAddBtn' is clicked on

2020-09-08 11:42:13 - [MESSAGE][PASSED] - Object: 'Object Repository/FDR-System-Admin/FDR-Add-FundingSource/fundingSourcesAddBtn' is clicked on

2020-09-08 11:42:13 - [TEST_STEP][PASSED] - waitForElementPresent(findTestObject("Object Repository/FDR-System-Admin/FDR-Add-FundingSource/newFundingSourceHeader"), 3): Object 'Object Repository/FDR-System-Admin/FDR-Add-FundingSource/newFundingSourceHeader' is present

2020-09-08 11:42:13 - [MESSAGE][PASSED] - Object 'Object Repository/FDR-System-Admin/FDR-Add-FundingSource/newFundingSourceHeader' is present

2020-09-08 11:42:13 - [TEST_STEP][PASSED] - waitForElementPresent(findTestObject("Object Repository/FDR-System-Admin/FDR-Add-FundingSource/fundingSourceInputTxt"), 3): Object 'Object Repository/FDR-System-Admin/FDR-Add-FundingSource/fundingSourceInputTxt' is present

2020-09-08 11:42:13 - [MESSAGE][PASSED] - Object 'Object Repository/FDR-System-Admin/FDR-Add-FundingSource/fundingSourceInputTxt' is present

2020-09-08 11:42:13 - [TEST_STEP][PASSED] - fundingSource = randomAlphabetic(5).toUpperCase(): null

2020-09-08 11:42:13 - [TEST_STEP][PASSED] - setText(findTestObject("Object Repository/FDR-System-Admin/FDR-Add-FundingSource/fundingSourceInputTxt"), "Fund " + fundingSource): Text 'Fund CMWNV' is set on object 'Object Repository/FDR-System-Admin/FDR-Add-FundingSource/fundingSourceInputTxt'

2020-09-08 11:42:14 - [MESSAGE][PASSED] - Text 'Fund CMWNV' is set on object 'Object Repository/FDR-System-Admin/FDR-Add-FundingSource/fundingSourceInputTxt'

2020-09-08 11:42:14 - [TEST_STEP][PASSED] - waitForElementPresent(findTestObject("Object Repository/FDR-System-Admin/FDR-Add-FundingSource/addFundingSourceConfirmBtn"), 3): Object 'Object Repository/FDR-System-Admin/FDR-Add-FundingSource/addFundingSourceConfirmBtn' is present

2020-09-08 11:42:15 - [MESSAGE][PASSED] - Object 'Object Repository/FDR-System-Admin/FDR-Add-FundingSource/addFundingSourceConfirmBtn' is present

2020-09-08 11:42:15 - [TEST_STEP][PASSED] - click(findTestObject("Object Repository/FDR-System-Admin/FDR-Add-FundingSource/addFundingSourceConfirmBtn")): Object: 'Object Repository/FDR-System-Admin/FDR-Add-FundingSource/addFundingSourceConfirmBtn' is clicked on

2020-09-08 11:42:15 - [MESSAGE][PASSED] - Object: 'Object Repository/FDR-System-Admin/FDR-Add-FundingSource/addFundingSourceConfirmBtn' is clicked on

2020-09-08 11:42:15 - [TEST_STEP][PASSED] - waitForElementPresent(findTestObject("Object Repository/FDR-System-Admin/FDR-Add-FundingSource/fundingSourceHeader"), 3): Object 'Object Repository/FDR-System-Admin/FDR-Add-FundingSource/fundingSourceHeader' is present

2020-09-08 11:42:16 - [MESSAGE][PASSED] - Object 'Object Repository/FDR-System-Admin/FDR-Add-FundingSource/fundingSourceHeader' is present

2020-09-08 11:42:16 - [TEST_STEP][PASSED] - waitForElementPresent(findTestObject("Object Repository/FDR-System-Admin/FDR-Edit-FundingSource/fundingSourceElipsisBtn"), 3): Object 'Object Repository/FDR-System-Admin/FDR-Edit-FundingSource/fundingSourceElipsisBtn' is present

2020-09-08 11:42:16 - [MESSAGE][PASSED] - Object 'Object Repository/FDR-System-Admin/FDR-Edit-FundingSource/fundingSourceElipsisBtn' is present

2020-09-08 11:42:16 - [TEST_STEP][PASSED] - click(findTestObject("Object Repository/FDR-System-Admin/FDR-Edit-FundingSource/fundingSourceElipsisBtn")): Object: 'Object Repository/FDR-System-Admin/FDR-Edit-FundingSource/fundingSourceElipsisBtn' is clicked on

2020-09-08 11:42:17 - [MESSAGE][PASSED] - Object: 'Object Repository/FDR-System-Admin/FDR-Edit-FundingSource/fundingSourceElipsisBtn' is clicked on

2020-09-08 11:42:17 - [TEST_STEP][PASSED] - waitForElementPresent(findTestObject("Object Repository/FDR-System-Admin/FDR-Edit-FundingSource/fundingSourceEditBtn"), 3): Object 'Object Repository/FDR-System-Admin/FDR-Edit-FundingSource/fundingSourceEditBtn' is present

2020-09-08 11:42:17 - [MESSAGE][PASSED] - Object 'Object Repository/FDR-System-Admin/FDR-Edit-FundingSource/fundingSourceEditBtn' is present

2020-09-08 11:42:17 - [TEST_STEP][PASSED] - click(findTestObject("Object Repository/FDR-System-Admin/FDR-Edit-FundingSource/fundingSourceEditBtn")): Object: 'Object Repository/FDR-System-Admin/FDR-Edit-FundingSource/fundingSourceEditBtn' is clicked on

2020-09-08 11:42:18 - [MESSAGE][PASSED] - Object: 'Object Repository/FDR-System-Admin/FDR-Edit-FundingSource/fundingSourceEditBtn' is clicked on

2020-09-08 11:42:18 - [TEST_STEP][PASSED] - waitForElementPresent(findTestObject("Object Repository/FDR-System-Admin/FDR-Add-FundingSource/fundingSourceInputTxt"), 3): Object 'Object Repository/FDR-System-Admin/FDR-Add-FundingSource/fundingSourceInputTxt' is present

2020-09-08 11:42:18 - [MESSAGE][PASSED] - Object 'Object Repository/FDR-System-Admin/FDR-Add-FundingSource/fundingSourceInputTxt' is present

2020-09-08 11:42:18 - [TEST_STEP][PASSED] - editFundingSource = randomAlphabetic(5).toUpperCase(): null

2020-09-08 11:42:18 - [TEST_STEP][PASSED] - doubleClick(findTestObject("Object Repository/FDR-System-Admin/FDR-Add-FundingSource/fundingSourceInputTxt")): Object: 'Object Repository/FDR-System-Admin/FDR-Add-FundingSource/fundingSourceInputTxt' is double clicked on

2020-09-08 11:42:19 - [MESSAGE][PASSED] - Object: 'Object Repository/FDR-System-Admin/FDR-Add-FundingSource/fundingSourceInputTxt' is double clicked on

2020-09-08 11:42:19 - [TEST_STEP][PASSED] - sendKeys(findTestObject("Object Repository/FDR-System-Admin/FDR-Add-FundingSource/fundingSourceInputTxt"), Keys.chord(BACK_SPACE)): Keys 'BACK_SPACE + ' sent to object: 'Object Repository/FDR-System-Admin/FDR-Add-FundingSource/fundingSourceInputTxt'

2020-09-08 11:42:19 - [MESSAGE][PASSED] - Keys 'BACK_SPACE + ' sent to object: 'Object Repository/FDR-System-Admin/FDR-Add-FundingSource/fundingSourceInputTxt'

2020-09-08 11:42:19 - [TEST_STEP][PASSED] - setText(findTestObject("Object Repository/FDR-System-Admin/FDR-Add-FundingSource/fundingSourceInputTxt"), "Fund " + editFundingSource): Text 'Fund ZNHRF' is set on object 'Object Repository/FDR-System-Admin/FDR-Add-FundingSource/fundingSourceInputTxt'

2020-09-08 11:42:20 - [MESSAGE][PASSED] - Text 'Fund ZNHRF' is set on object 'Object Repository/FDR-System-Admin/FDR-Add-FundingSource/fundingSourceInputTxt'

2020-09-08 11:42:20 - [TEST_STEP][PASSED] - waitForElementPresent(findTestObject("Object Repository/FDR-System-Admin/FDR-Edit-FundingSource/fundingSourceSaveBtn"), 3): Object 'Object Repository/FDR-System-Admin/FDR-Edit-FundingSource/fundingSourceSaveBtn' is present

2020-09-08 11:42:21 - [MESSAGE][PASSED] - Object 'Object Repository/FDR-System-Admin/FDR-Edit-FundingSource/fundingSourceSaveBtn' is present

2020-09-08 11:42:21 - [TEST_STEP][PASSED] - click(findTestObject("Object Repository/FDR-System-Admin/FDR-Edit-FundingSource/fundingSourceSaveBtn")): Object: 'Object Repository/FDR-System-Admin/FDR-Edit-FundingSource/fundingSourceSaveBtn' is clicked on

2020-09-08 11:42:21 - [MESSAGE][PASSED] - Object: 'Object Repository/FDR-System-Admin/FDR-Edit-FundingSource/fundingSourceSaveBtn' is clicked on

2020-09-08 11:42:21 - [TEST_STEP][PASSED] - waitForElementPresent(findTestObject("Object Repository/FDR-System-Admin/FDR-Add-FundingSource/fundingSourceHeader"), 3): Object 'Object Repository/FDR-System-Admin/FDR-Add-FundingSource/fundingSourceHeader' is present

2020-09-08 11:42:21 - [MESSAGE][PASSED] - Object 'Object Repository/FDR-System-Admin/FDR-Add-FundingSource/fundingSourceHeader' is present

2020-09-08 11:42:21 - [TEST_STEP][PASSED] - refresh(): Refresh successfully

2020-09-08 11:42:22 - [MESSAGE][PASSED] - Refresh successfully

2020-09-08 11:42:22 - [TEST_STEP][PASSED] - waitForElementPresent(findTestObject("Object Repository/FDR-System-Admin/FDR-Add-FundingSource/FDR-Adding Associations/linkServiceCategoryBtn"), 3): Object 'Object Repository/FDR-System-Admin/FDR-Add-FundingSource/FDR-Adding Associations/linkServiceCategoryBtn' is present

2020-09-08 11:42:23 - [MESSAGE][PASSED] - Object 'Object Repository/FDR-System-Admin/FDR-Add-FundingSource/FDR-Adding Associations/linkServiceCategoryBtn' is present

2020-09-08 11:42:23 - [TEST_STEP][PASSED] - click(findTestObject("Object Repository/FDR-System-Admin/FDR-Add-FundingSource/FDR-Adding Associations/linkServiceCategoryBtn"), OPTIONAL): Object: 'Object Repository/FDR-System-Admin/FDR-Add-FundingSource/FDR-Adding Associations/linkServiceCategoryBtn' is clicked on

2020-09-08 11:42:23 - [MESSAGE][PASSED] - Object: 'Object Repository/FDR-System-Admin/FDR-Add-FundingSource/FDR-Adding Associations/linkServiceCategoryBtn' is clicked on

2020-09-08 11:42:23 - [TEST_STEP][PASSED] - waitForElementPresent(findTestObject("Object Repository/FDR-System-Admin/FDR-Add-FundingSource/FDR-Adding Associations/linkServiceCategoryHeader"), 3, OPTIONAL): Object 'Object Repository/FDR-System-Admin/FDR-Add-FundingSource/FDR-Adding Associations/linkServiceCategoryHeader' is present

2020-09-08 11:42:24 - [MESSAGE][PASSED] - Object 'Object Repository/FDR-System-Admin/FDR-Add-FundingSource/FDR-Adding Associations/linkServiceCategoryHeader' is present

2020-09-08 11:42:24 - [TEST_STEP][PASSED] - waitForElementPresent(findTestObject("Object Repository/FDR-System-Admin/FDR-Add-FundingSource/FDR-Adding Associations/linkServiceCategoryDropdown"), 3, OPTIONAL): Object 'Object Repository/FDR-System-Admin/FDR-Add-FundingSource/FDR-Adding Associations/linkServiceCategoryDropdown' is present

2020-09-08 11:42:24 - [MESSAGE][PASSED] - Object 'Object Repository/FDR-System-Admin/FDR-Add-FundingSource/FDR-Adding Associations/linkServiceCategoryDropdown' is present

2020-09-08 11:42:24 - [TEST_STEP][PASSED] - click(findTestObject("Object Repository/FDR-System-Admin/FDR-Add-FundingSource/FDR-Adding Associations/linkServiceCategoryDropdown"), OPTIONAL): Object: 'Object Repository/FDR-System-Admin/FDR-Add-FundingSource/FDR-Adding Associations/linkServiceCategoryDropdown' is clicked on

2020-09-08 11:42:25 - [MESSAGE][PASSED] - Object: 'Object Repository/FDR-System-Admin/FDR-Add-FundingSource/FDR-Adding Associations/linkServiceCategoryDropdown' is clicked on

2020-09-08 11:42:25 - [TEST_STEP][PASSED] - delay(4): Delayed 4 second(s)

2020-09-08 11:42:29 - [MESSAGE][PASSED] - Delayed 4 second(s)

2020-09-08 11:42:29 - [TEST_STEP][PASSED] - waitForElementPresent(findTestObject("Object Repository/FDR-System-Admin/FDR-Add-FundingSource/FDR-Adding Associations/serviceCategoryOption"), 3): Object 'Object Repository/FDR-System-Admin/FDR-Add-FundingSource/FDR-Adding Associations/serviceCategoryOption' is present

2020-09-08 11:42:29 - [MESSAGE][PASSED] - Object 'Object Repository/FDR-System-Admin/FDR-Add-FundingSource/FDR-Adding Associations/serviceCategoryOption' is present

2020-09-08 11:42:29 - [TEST_STEP][PASSED] - click(findTestObject("Object Repository/FDR-System-Admin/FDR-Add-FundingSource/FDR-Adding Associations/serviceCategoryOption")): Object: 'Object Repository/FDR-System-Admin/FDR-Add-FundingSource/FDR-Adding Associations/serviceCategoryOption' is clicked on

2020-09-08 11:42:29 - [MESSAGE][PASSED] - Object: 'Object Repository/FDR-System-Admin/FDR-Add-FundingSource/FDR-Adding Associations/serviceCategoryOption' is clicked on

2020-09-08 11:42:29 - [TEST_STEP][PASSED] - waitForElementPresent(findTestObject("Object Repository/FDR-System-Admin/FDR-Add-FundingSource/FDR-Adding Associations/linkServiceCategoryAddBtn"), 3, OPTIONAL): Object 'Object Repository/FDR-System-Admin/FDR-Add-FundingSource/FDR-Adding Associations/linkServiceCategoryAddBtn' is present

2020-09-08 11:42:30 - [MESSAGE][PASSED] - Object 'Object Repository/FDR-System-Admin/FDR-Add-FundingSource/FDR-Adding Associations/linkServiceCategoryAddBtn' is present

2020-09-08 11:42:30 - [TEST_STEP][PASSED] - click(findTestObject("Object Repository/FDR-System-Admin/FDR-Add-FundingSource/FDR-Adding Associations/linkServiceCategoryAddBtn"), OPTIONAL): Object: 'Object Repository/FDR-System-Admin/FDR-Add-FundingSource/FDR-Adding Associations/linkServiceCategoryAddBtn' is clicked on

2020-09-08 11:42:30 - [MESSAGE][PASSED] - Object: 'Object Repository/FDR-System-Admin/FDR-Add-FundingSource/FDR-Adding Associations/linkServiceCategoryAddBtn' is clicked on

2020-09-08 11:42:30 - [TEST_STEP][PASSED] - refresh(): Refresh successfully

2020-09-08 11:42:31 - [MESSAGE][PASSED] - Refresh successfully

2020-09-08 11:42:31 - [TEST_STEP][PASSED] - delay(3): Delayed 3 second(s)

2020-09-08 11:42:34 - [MESSAGE][PASSED] - Delayed 3 second(s)

2020-09-08 11:42:34 - [TEST_STEP][PASSED] - waitForElementPresent(findTestObject("Object Repository/FDR-System-Admin/FDR-Add-FundingSource/FDR-Adding Associations/deleteLinkServiceCategory"), 3): Object 'Object Repository/FDR-System-Admin/FDR-Add-FundingSource/FDR-Adding Associations/deleteLinkServiceCategory' is present

2020-09-08 11:42:34 - [MESSAGE][PASSED] - Object 'Object Repository/FDR-System-Admin/FDR-Add-FundingSource/FDR-Adding Associations/deleteLinkServiceCategory' is present

2020-09-08 11:42:34 - [TEST_STEP][PASSED] - click(findTestObject("Object Repository/FDR-System-Admin/FDR-Add-FundingSource/FDR-Adding Associations/deleteLinkServiceCategory")): Object: 'Object Repository/FDR-System-Admin/FDR-Add-FundingSource/FDR-Adding Associations/deleteLinkServiceCategory' is clicked on

2020-09-08 11:42:35 - [MESSAGE][PASSED] - Object: 'Object Repository/FDR-System-Admin/FDR-Add-FundingSource/FDR-Adding Associations/deleteLinkServiceCategory' is clicked on

2020-09-08 11:42:35 - [TEST_STEP][PASSED] - waitForElementPresent(findTestObject("Object Repository/FDR-System-Admin/FDR-Add-FundingSource/fundingSourceHeader"), 3): Object 'Object Repository/FDR-System-Admin/FDR-Add-FundingSource/fundingSourceHeader' is present

2020-09-08 11:42:36 - [MESSAGE][PASSED] - Object 'Object Repository/FDR-System-Admin/FDR-Add-FundingSource/fundingSourceHeader' is present

2020-09-08 11:42:36 - [TEST_STEP][PASSED] - refresh(): Refresh successfully

2020-09-08 11:42:36 - [MESSAGE][PASSED] - Refresh successfully

2020-09-08 11:42:36 - [TEST_STEP][PASSED] - waitForElementPresent(findTestObject("Object Repository/FDR-System-Admin/FDR-Add-FundingSource/FDR-Adding Associations/linkWaiverTypeBtn"), 3): Object 'Object Repository/FDR-System-Admin/FDR-Add-FundingSource/FDR-Adding Associations/linkWaiverTypeBtn' is present

2020-09-08 11:42:37 - [MESSAGE][PASSED] - Object 'Object Repository/FDR-System-Admin/FDR-Add-FundingSource/FDR-Adding Associations/linkWaiverTypeBtn' is present

2020-09-08 11:42:37 - [TEST_STEP][PASSED] - click(findTestObject("Object Repository/FDR-System-Admin/FDR-Add-FundingSource/FDR-Adding Associations/linkWaiverTypeBtn")): Object: 'Object Repository/FDR-System-Admin/FDR-Add-FundingSource/FDR-Adding Associations/linkWaiverTypeBtn' is clicked on

2020-09-08 11:42:37 - [MESSAGE][PASSED] - Object: 'Object Repository/FDR-System-Admin/FDR-Add-FundingSource/FDR-Adding Associations/linkWaiverTypeBtn' is clicked on

2020-09-08 11:42:37 - [TEST_STEP][PASSED] - waitForElementPresent(findTestObject("Object Repository/FDR-System-Admin/FDR-Add-FundingSource/FDR-Adding Associations/linkWaiverTypeHeader"), 3): Object 'Object Repository/FDR-System-Admin/FDR-Add-FundingSource/FDR-Adding Associations/linkWaiverTypeHeader' is present

2020-09-08 11:42:38 - [MESSAGE][PASSED] - Object 'Object Repository/FDR-System-Admin/FDR-Add-FundingSource/FDR-Adding Associations/linkWaiverTypeHeader' is present

2020-09-08 11:42:38 - [TEST_STEP][PASSED] - waitForElementPresent(findTestObject("Object Repository/FDR-System-Admin/FDR-Add-FundingSource/FDR-Adding Associations/linkWaiverTypeDropdown"), 3): Object 'Object Repository/FDR-System-Admin/FDR-Add-FundingSource/FDR-Adding Associations/linkWaiverTypeDropdown' is present

2020-09-08 11:42:39 - [MESSAGE][PASSED] - Object 'Object Repository/FDR-System-Admin/FDR-Add-FundingSource/FDR-Adding Associations/linkWaiverTypeDropdown' is present

2020-09-08 11:42:39 - [TEST_STEP][PASSED] - click(findTestObject("Object Repository/FDR-System-Admin/FDR-Add-FundingSource/FDR-Adding Associations/linkWaiverTypeDropdown")): Object: 'Object Repository/FDR-System-Admin/FDR-Add-FundingSource/FDR-Adding Associations/linkWaiverTypeDropdown' is clicked on

2020-09-08 11:42:39 - [MESSAGE][PASSED] - Object: 'Object Repository/FDR-System-Admin/FDR-Add-FundingSource/FDR-Adding Associations/linkWaiverTypeDropdown' is clicked on

2020-09-08 11:42:39 - [TEST_STEP][PASSED] - delay(4): Delayed 4 second(s)

2020-09-08 11:42:43 - [MESSAGE][PASSED] - Delayed 4 second(s)

2020-09-08 11:42:43 - [TEST_STEP][PASSED] - waitForElementPresent(findTestObject("Object Repository/FDR-System-Admin/FDR-Add-FundingSource/FDR-Adding Associations/linkWaiverTypeOption"), 3): Object 'Object Repository/FDR-System-Admin/FDR-Add-FundingSource/FDR-Adding Associations/linkWaiverTypeOption' is present

2020-09-08 11:42:43 - [MESSAGE][PASSED] - Object 'Object Repository/FDR-System-Admin/FDR-Add-FundingSource/FDR-Adding Associations/linkWaiverTypeOption' is present

2020-09-08 11:42:43 - [TEST_STEP][PASSED] - click(findTestObject("Object Repository/FDR-System-Admin/FDR-Add-FundingSource/FDR-Adding Associations/linkWaiverTypeOption")): Object: 'Object Repository/FDR-System-Admin/FDR-Add-FundingSource/FDR-Adding Associations/linkWaiverTypeOption' is clicked on

2020-09-08 11:42:43 - [MESSAGE][PASSED] - Object: 'Object Repository/FDR-System-Admin/FDR-Add-FundingSource/FDR-Adding Associations/linkWaiverTypeOption' is clicked on

2020-09-08 11:42:43 - [TEST_STEP][PASSED] - waitForElementPresent(findTestObject("Object Repository/FDR-System-Admin/FDR-Add-FundingSource/FDR-Adding Associations/linkWaiverTypeAddBtn"), 3): Object 'Object Repository/FDR-System-Admin/FDR-Add-FundingSource/FDR-Adding Associations/linkWaiverTypeAddBtn' is present

2020-09-08 11:42:44 - [MESSAGE][PASSED] - Object 'Object Repository/FDR-System-Admin/FDR-Add-FundingSource/FDR-Adding Associations/linkWaiverTypeAddBtn' is present

2020-09-08 11:42:44 - [TEST_STEP][PASSED] - click(findTestObject("Object Repository/FDR-System-Admin/FDR-Add-FundingSource/FDR-Adding Associations/linkWaiverTypeAddBtn")): Object: 'Object Repository/FDR-System-Admin/FDR-Add-FundingSource/FDR-Adding Associations/linkWaiverTypeAddBtn' is clicked on

2020-09-08 11:42:44 - [MESSAGE][PASSED] - Object: 'Object Repository/FDR-System-Admin/FDR-Add-FundingSource/FDR-Adding Associations/linkWaiverTypeAddBtn' is clicked on

2020-09-08 11:42:44 - [TEST_STEP][PASSED] - waitForElementPresent(findTestObject("Object Repository/FDR-System-Admin/FDR-Add-FundingSource/fundingSourceHeader"), 3): Object 'Object Repository/FDR-System-Admin/FDR-Add-FundingSource/fundingSourceHeader' is not present after 3 second(s)

2020-09-08 11:42:48 - [MESSAGE][INFO] - Unable to find the element located by 'By.xpath: //*[@id="wrapper"]/div/div/div/main/div/div[2]/div/div[1]/div[1]/div/div[1]/div/h2'. Please recheck the objects properties to make sure the desired element is located. 

2020-09-08 11:42:48 - [MESSAGE][WARNING] - Object 'Object Repository/FDR-System-Admin/FDR-Add-FundingSource/fundingSourceHeader' is not present after 3 second(s)

2020-09-08 11:42:48 - [TEST_STEP][PASSED] - refresh(): Refresh successfully

2020-09-08 11:42:49 - [MESSAGE][PASSED] - Refresh successfully

2020-09-08 11:42:49 - [TEST_STEP][PASSED] - delay(3): Delayed 3 second(s)

2020-09-08 11:42:52 - [MESSAGE][PASSED] - Delayed 3 second(s)

2020-09-08 11:42:52 - [TEST_STEP][PASSED] - waitForElementPresent(findTestObject("Object Repository/FDR-System-Admin/FDR-Add-FundingSource/FDR-Adding Associations/deleteLinkWaiverType"), 3): Object 'Object Repository/FDR-System-Admin/FDR-Add-FundingSource/FDR-Adding Associations/deleteLinkWaiverType' is present

2020-09-08 11:42:52 - [MESSAGE][PASSED] - Object 'Object Repository/FDR-System-Admin/FDR-Add-FundingSource/FDR-Adding Associations/deleteLinkWaiverType' is present

2020-09-08 11:42:52 - [TEST_STEP][PASSED] - click(findTestObject("Object Repository/FDR-System-Admin/FDR-Add-FundingSource/FDR-Adding Associations/deleteLinkWaiverType")): Object: 'Object Repository/FDR-System-Admin/FDR-Add-FundingSource/FDR-Adding Associations/deleteLinkWaiverType' is clicked on

2020-09-08 11:42:53 - [MESSAGE][PASSED] - Object: 'Object Repository/FDR-System-Admin/FDR-Add-FundingSource/FDR-Adding Associations/deleteLinkWaiverType' is clicked on

2020-09-08 11:42:53 - [TEST_STEP][PASSED] - Start listener action : sampleAfterTestCase: null

2020-09-08 11:42:53 - [TEST_STEP][PASSED] - profileName = getExecutionProfile(): null

2020-09-08 11:42:53 - [TEST_STEP][PASSED] - switch (profileName): null

2020-09-08 11:42:53 - [TEST_STEP][PASSED] - case "superUser":: null

2020-09-08 11:42:53 - [TEST_STEP][PASSED] - return null: null

2020-09-08 11:42:53 - [TEST_STEP][PASSED] - Start listener action : afterTestCase: Browser is closed

2020-09-08 11:42:53 - [TEST_STEP][PASSED] - profileName = getExecutionProfile(): null

2020-09-08 11:42:53 - [TEST_STEP][PASSED] - if (profileName.equalsIgnoreCase("SysAdmin")): Browser is closed

2020-09-08 11:42:53 - [TEST_STEP][PASSED] - closeBrowser(): Browser is closed

2020-09-08 11:42:53 - [MESSAGE][PASSED] - Browser is closed

2020-09-08 11:42:53 - [TEST_STEP][PASSED] - Start listener action : sampleAfterTestCase: null

2020-09-08 11:42:53 - [TEST_STEP][PASSED] - profileName = getExecutionProfile(): null

2020-09-08 11:42:53 - [TEST_STEP][PASSED] - switch (profileName): null

2020-09-08 11:42:53 - [TEST_STEP][PASSED] - Default: null

2020-09-08 11:42:53 - [TEST_STEP][PASSED] - return null: null

2020-09-08 11:42:53 - [TEST_STEP][PASSED] - Start listener action : addFailedTCToList: null]]></system-out>
         <system-err><![CDATA[]]></system-err>
      </testcase>
      <testcase name="Test Cases/WEB-UI-TESTS/SysAdmin/ReferencePage/ReferenceDetail/FDR-Add-AltAccountsDetailReview" time="43.243" classname="Test Cases/WEB-UI-TESTS/SysAdmin/ReferencePage/ReferenceDetail/FDR-Add-AltAccountsDetailReview" status="PASSED">
         <system-out><![CDATA[2020-09-08 11:42:53 - [TEST_CASE][PASSED] - Test Cases/WEB-UI-TESTS/SysAdmin/ReferencePage/ReferenceDetail/FDR-Add-AltAccountsDetailReview: Test Cases/WEB-UI-TESTS/SysAdmin/ReferencePage/ReferenceDetail/FDR-Add-AltAccountsDetailReview

2020-09-08 11:42:53 - [TEST_STEP][PASSED] - Start listener action : sampleBeforeTestCase: null

2020-09-08 11:42:53 - [TEST_STEP][PASSED] - profileName = getExecutionProfile(): null

2020-09-08 11:42:53 - [TEST_STEP][PASSED] - switch (profileName): null

2020-09-08 11:42:53 - [TEST_STEP][PASSED] - case "superUser":: null

2020-09-08 11:42:53 - [TEST_STEP][PASSED] - return null: null

2020-09-08 11:42:53 - [TEST_STEP][PASSED] - Start listener action : beforeTestCase: Call Test Case 'Test Cases/WEB-UI-TESTS/SysAdmin/SystemAdmin-Login' successfully

2020-09-08 11:42:53 - [TEST_STEP][PASSED] - profileName = getExecutionProfile(): null

2020-09-08 11:42:53 - [TEST_STEP][PASSED] - if (profileName.equalsIgnoreCase("SysAdmin")): Call Test Case 'Test Cases/WEB-UI-TESTS/SysAdmin/SystemAdmin-Login' successfully

2020-09-08 11:42:53 - [TEST_STEP][PASSED] - callTestCase(findTestCase("Test Cases/WEB-UI-TESTS/SysAdmin/SystemAdmin-Login"), null): Call Test Case 'Test Cases/WEB-UI-TESTS/SysAdmin/SystemAdmin-Login' successfully

2020-09-08 11:42:53 - [TEST_CASE][PASSED] - Test Cases/WEB-UI-TESTS/SysAdmin/SystemAdmin-Login: Test Cases/WEB-UI-TESTS/SysAdmin/SystemAdmin-Login

2020-09-08 11:42:53 - [TEST_STEP][PASSED] - openBrowser(URL): Browser is opened with url: 'https://fdr-katalon.cammis-mod-dev.dhcs.ca.gov'

2020-09-08 11:42:53 - [MESSAGE][INFO] - Starting 'Chrome' driver

2020-09-08 11:42:53 - [MESSAGE][INFO] - Action delay is set to 0 milliseconds

2020-09-08 11:42:58 - [MESSAGE][PASSED] - Browser is opened with url: 'https://fdr-katalon.cammis-mod-dev.dhcs.ca.gov'

2020-09-08 11:42:58 - [TEST_STEP][PASSED] - maximizeWindow(): Current window maximized

2020-09-08 11:43:00 - [MESSAGE][PASSED] - Current window maximized

2020-09-08 11:43:00 - [TEST_STEP][PASSED] - refresh(): Refresh successfully

2020-09-08 11:43:01 - [MESSAGE][PASSED] - Refresh successfully

2020-09-08 11:43:01 - [TEST_STEP][PASSED] - delay(2): Delayed 2 second(s)

2020-09-08 11:43:03 - [MESSAGE][PASSED] - Delayed 2 second(s)

2020-09-08 11:43:03 - [TEST_STEP][PASSED] - waitForElementPresent(findTestObject("FDR-System-Admin/SysAdmin-SignIn/adminEmail"), 5): Object 'Object Repository/FDR-System-Admin/SysAdmin-SignIn/adminEmail' is present

2020-09-08 11:43:03 - [MESSAGE][PASSED] - Object 'Object Repository/FDR-System-Admin/SysAdmin-SignIn/adminEmail' is present

2020-09-08 11:43:03 - [TEST_STEP][PASSED] - setText(findTestObject("FDR-System-Admin/SysAdmin-SignIn/adminEmail"), adminEmail): Text 'fdr.test10@dhcs.ca.gov
' is set on object 'Object Repository/FDR-System-Admin/SysAdmin-SignIn/adminEmail'

2020-09-08 11:43:04 - [MESSAGE][PASSED] - Text 'fdr.test10@dhcs.ca.gov
' is set on object 'Object Repository/FDR-System-Admin/SysAdmin-SignIn/adminEmail'

2020-09-08 11:43:04 - [TEST_STEP][PASSED] - waitForElementPresent(findTestObject("FDR-System-Admin/SysAdmin-SignIn/adminUserName"), 5): Object 'Object Repository/FDR-System-Admin/SysAdmin-SignIn/adminUserName' is present

2020-09-08 11:43:07 - [MESSAGE][PASSED] - Object 'Object Repository/FDR-System-Admin/SysAdmin-SignIn/adminUserName' is present

2020-09-08 11:43:07 - [TEST_STEP][PASSED] - setText(findTestObject("FDR-System-Admin/SysAdmin-SignIn/adminUserName"), UserName): Text 'fdr.test10@dhcs.ca.gov' is set on object 'Object Repository/FDR-System-Admin/SysAdmin-SignIn/adminUserName'

2020-09-08 11:43:08 - [MESSAGE][PASSED] - Text 'fdr.test10@dhcs.ca.gov' is set on object 'Object Repository/FDR-System-Admin/SysAdmin-SignIn/adminUserName'

2020-09-08 11:43:08 - [TEST_STEP][PASSED] - setText(findTestObject("FDR-System-Admin/SysAdmin-SignIn/adminPass"), Password): Text 'Password18' is set on object 'Object Repository/FDR-System-Admin/SysAdmin-SignIn/adminPass'

2020-09-08 11:43:08 - [MESSAGE][PASSED] - Text 'Password18' is set on object 'Object Repository/FDR-System-Admin/SysAdmin-SignIn/adminPass'

2020-09-08 11:43:08 - [TEST_STEP][PASSED] - click(findTestObject("FDR-System-Admin/SysAdmin-SignIn/adminSignIn")): Object: 'Object Repository/FDR-System-Admin/SysAdmin-SignIn/adminSignIn' is clicked on

2020-09-08 11:43:10 - [MESSAGE][PASSED] - Object: 'Object Repository/FDR-System-Admin/SysAdmin-SignIn/adminSignIn' is clicked on

2020-09-08 11:43:10 - [TEST_STEP][PASSED] - waitForElementPresent(findTestObject("Object Repository/FDR-System-Admin/SysAdmin-Dashboard/maintainReferenceDataBtn"), 3): Object 'Object Repository/FDR-System-Admin/SysAdmin-Dashboard/maintainReferenceDataBtn' is present

2020-09-08 11:43:12 - [MESSAGE][PASSED] - Object 'Object Repository/FDR-System-Admin/SysAdmin-Dashboard/maintainReferenceDataBtn' is present

2020-09-08 11:43:12 - [TEST_STEP][PASSED] - verifyElementPresent(findTestObject("Object Repository/FDR-System-Admin/SysAdmin-Dashboard/maintainReferenceDataBtn"), Timeout): Object 'Object Repository/FDR-System-Admin/SysAdmin-Dashboard/maintainReferenceDataBtn' is present

2020-09-08 11:43:12 - [MESSAGE][PASSED] - Object 'Object Repository/FDR-System-Admin/SysAdmin-Dashboard/maintainReferenceDataBtn' is present

2020-09-08 11:43:12 - [TEST_STEP][PASSED] - refresh(): Refresh successfully

2020-09-08 11:43:13 - [MESSAGE][PASSED] - Refresh successfully

2020-09-08 11:43:13 - [MESSAGE][PASSED] - Call Test Case 'Test Cases/WEB-UI-TESTS/SysAdmin/SystemAdmin-Login' successfully

2020-09-08 11:43:13 - [TEST_STEP][PASSED] - Start listener action : sampleBeforeTestCase: null

2020-09-08 11:43:13 - [TEST_STEP][PASSED] - profileName = getExecutionProfile(): null

2020-09-08 11:43:13 - [TEST_STEP][PASSED] - testCaseId = testCaseContext.getTestCaseId(): null

2020-09-08 11:43:13 - [TEST_STEP][PASSED] - switch (profileName): null

2020-09-08 11:43:13 - [TEST_STEP][PASSED] - Default: null

2020-09-08 11:43:13 - [TEST_STEP][PASSED] - return null: null

2020-09-08 11:43:13 - [TEST_STEP][PASSED] - Start listener action : executeRows: null

2020-09-08 11:43:13 - [TEST_STEP][PASSED] - click(findTestObject("Object Repository/FDR-System-Admin/SysAdmin-Dashboard/maintainReferenceDataBtn")): Object: 'Object Repository/FDR-System-Admin/SysAdmin-Dashboard/maintainReferenceDataBtn' is clicked on

2020-09-08 11:43:14 - [MESSAGE][PASSED] - Object: 'Object Repository/FDR-System-Admin/SysAdmin-Dashboard/maintainReferenceDataBtn' is clicked on

2020-09-08 11:43:14 - [TEST_STEP][PASSED] - click(findTestObject("FDR-System-Admin/FDR-ReferencePage/reference-data")): Object: 'Object Repository/FDR-System-Admin/FDR-ReferencePage/reference-data' is clicked on

2020-09-08 11:43:14 - [MESSAGE][PASSED] - Object: 'Object Repository/FDR-System-Admin/FDR-ReferencePage/reference-data' is clicked on

2020-09-08 11:43:14 - [TEST_STEP][PASSED] - setText(findTestObject("FDR-System-Admin/FDR-ReferencePage/referenceDataNameInput"), "alt account"): Text 'alt account' is set on object 'Object Repository/FDR-System-Admin/FDR-ReferencePage/referenceDataNameInput'

2020-09-08 11:43:15 - [MESSAGE][PASSED] - Text 'alt account' is set on object 'Object Repository/FDR-System-Admin/FDR-ReferencePage/referenceDataNameInput'

2020-09-08 11:43:15 - [TEST_STEP][PASSED] - click(findTestObject("FDR-System-Admin/FDR-ReferencePage/altAccountReference/altAccountReview/altAccount")): Object: 'Object Repository/FDR-System-Admin/FDR-ReferencePage/altAccountReference/altAccountReview/altAccount' is clicked on

2020-09-08 11:43:16 - [MESSAGE][PASSED] - Object: 'Object Repository/FDR-System-Admin/FDR-ReferencePage/altAccountReference/altAccountReview/altAccount' is clicked on

2020-09-08 11:43:16 - [TEST_STEP][PASSED] - waitForElementPresent(findTestObject("FDR-System-Admin/FDR-Add-AltAccount/addAltAccountBtn"), 3): Object 'Object Repository/FDR-System-Admin/FDR-Add-AltAccount/addAltAccountBtn' is present

2020-09-08 11:43:16 - [MESSAGE][PASSED] - Object 'Object Repository/FDR-System-Admin/FDR-Add-AltAccount/addAltAccountBtn' is present

2020-09-08 11:43:16 - [TEST_STEP][PASSED] - click(findTestObject("FDR-System-Admin/FDR-Add-AltAccount/addAltAccountBtn")): Object: 'Object Repository/FDR-System-Admin/FDR-Add-AltAccount/addAltAccountBtn' is clicked on

2020-09-08 11:43:16 - [MESSAGE][PASSED] - Object: 'Object Repository/FDR-System-Admin/FDR-Add-AltAccount/addAltAccountBtn' is clicked on

2020-09-08 11:43:16 - [TEST_STEP][PASSED] - altAccountCode = RandomStringUtils.randomNumeric(10): null

2020-09-08 11:43:16 - [TEST_STEP][PASSED] - altAccountName = RandomStringUtils.randomAlphabetic(10): null

2020-09-08 11:43:16 - [TEST_STEP][PASSED] - waitForElementPresent(findTestObject("FDR-System-Admin/FDR-Add-AltAccount/altAccountCode"), 3): Object 'Object Repository/FDR-System-Admin/FDR-Add-AltAccount/altAccountCode' is present

2020-09-08 11:43:17 - [MESSAGE][PASSED] - Object 'Object Repository/FDR-System-Admin/FDR-Add-AltAccount/altAccountCode' is present

2020-09-08 11:43:17 - [TEST_STEP][PASSED] - setText(findTestObject("FDR-System-Admin/FDR-Add-AltAccount/altAccountCode"), altAccountCode): Text '3241461664' is set on object 'Object Repository/FDR-System-Admin/FDR-Add-AltAccount/altAccountCode'

2020-09-08 11:43:18 - [MESSAGE][PASSED] - Text '3241461664' is set on object 'Object Repository/FDR-System-Admin/FDR-Add-AltAccount/altAccountCode'

2020-09-08 11:43:18 - [TEST_STEP][PASSED] - waitForElementPresent(findTestObject("FDR-System-Admin/FDR-Add-AltAccount/altAccountName"), 3): Object 'Object Repository/FDR-System-Admin/FDR-Add-AltAccount/altAccountName' is present

2020-09-08 11:43:18 - [MESSAGE][PASSED] - Object 'Object Repository/FDR-System-Admin/FDR-Add-AltAccount/altAccountName' is present

2020-09-08 11:43:18 - [TEST_STEP][PASSED] - setText(findTestObject("FDR-System-Admin/FDR-Add-AltAccount/altAccountName"), altAccountName): Text 'CRNnjkZRMp' is set on object 'Object Repository/FDR-System-Admin/FDR-Add-AltAccount/altAccountName'

2020-09-08 11:43:19 - [MESSAGE][PASSED] - Text 'CRNnjkZRMp' is set on object 'Object Repository/FDR-System-Admin/FDR-Add-AltAccount/altAccountName'

2020-09-08 11:43:19 - [TEST_STEP][PASSED] - waitForElementPresent(findTestObject("FDR-System-Admin/FDR-Add-AltAccount/accountName"), 3): Object 'Object Repository/FDR-System-Admin/FDR-Add-AltAccount/accountName' is present

2020-09-08 11:43:19 - [MESSAGE][PASSED] - Object 'Object Repository/FDR-System-Admin/FDR-Add-AltAccount/accountName' is present

2020-09-08 11:43:19 - [TEST_STEP][PASSED] - click(findTestObject("FDR-System-Admin/FDR-Add-AltAccount/accountName")): Object: 'Object Repository/FDR-System-Admin/FDR-Add-AltAccount/accountName' is clicked on

2020-09-08 11:43:20 - [MESSAGE][PASSED] - Object: 'Object Repository/FDR-System-Admin/FDR-Add-AltAccount/accountName' is clicked on

2020-09-08 11:43:20 - [TEST_STEP][PASSED] - setText(findTestObject("FDR-System-Admin/FDR-Add-AltAccount/accountName"), "Grants and Subdivisions - Governmental"): Text 'Grants and Subdivisions - Governmental' is set on object 'Object Repository/FDR-System-Admin/FDR-Add-AltAccount/accountName'

2020-09-08 11:43:20 - [MESSAGE][PASSED] - Text 'Grants and Subdivisions - Governmental' is set on object 'Object Repository/FDR-System-Admin/FDR-Add-AltAccount/accountName'

2020-09-08 11:43:20 - [TEST_STEP][PASSED] - waitForElementPresent(findTestObject("Object Repository/FDR-System-Admin/FDR-Add-AltAccount/accountNameOption"), 3): Object 'Object Repository/FDR-System-Admin/FDR-Add-AltAccount/accountNameOption' is present

2020-09-08 11:43:21 - [MESSAGE][PASSED] - Object 'Object Repository/FDR-System-Admin/FDR-Add-AltAccount/accountNameOption' is present

2020-09-08 11:43:21 - [TEST_STEP][PASSED] - click(findTestObject("Object Repository/FDR-System-Admin/FDR-Add-AltAccount/accountNameOption")): Object: 'Object Repository/FDR-System-Admin/FDR-Add-AltAccount/accountNameOption' is clicked on

2020-09-08 11:43:21 - [MESSAGE][PASSED] - Object: 'Object Repository/FDR-System-Admin/FDR-Add-AltAccount/accountNameOption' is clicked on

2020-09-08 11:43:21 - [TEST_STEP][PASSED] - waitForElementPresent(findTestObject("Object Repository/FDR-System-Admin/FDR-Add-AltAccount/altAccountCancelBtn"), 5): Object 'Object Repository/FDR-System-Admin/FDR-Add-AltAccount/altAccountCancelBtn' is not present after 5 second(s)

2020-09-08 11:43:27 - [MESSAGE][INFO] - Unable to find the element located by 'By.xpath: //*[@data-id='action-button']/span[text()='Cancel']'. Please recheck the objects properties to make sure the desired element is located. 

2020-09-08 11:43:27 - [MESSAGE][WARNING] - Object 'Object Repository/FDR-System-Admin/FDR-Add-AltAccount/altAccountCancelBtn' is not present after 5 second(s)

2020-09-08 11:43:27 - [TEST_STEP][PASSED] - waitForElementPresent(findTestObject("FDR-System-Admin/FDR-Add-AltAccount/confirmAltAccountBtn"), 5): Object 'Object Repository/FDR-System-Admin/FDR-Add-AltAccount/confirmAltAccountBtn' is present

2020-09-08 11:43:28 - [MESSAGE][PASSED] - Object 'Object Repository/FDR-System-Admin/FDR-Add-AltAccount/confirmAltAccountBtn' is present

2020-09-08 11:43:28 - [TEST_STEP][PASSED] - click(findTestObject("FDR-System-Admin/FDR-Add-AltAccount/confirmAltAccountBtn")): Object: 'Object Repository/FDR-System-Admin/FDR-Add-AltAccount/confirmAltAccountBtn' is clicked on

2020-09-08 11:43:28 - [MESSAGE][PASSED] - Object: 'Object Repository/FDR-System-Admin/FDR-Add-AltAccount/confirmAltAccountBtn' is clicked on

2020-09-08 11:43:28 - [TEST_STEP][PASSED] - waitForElementPresent(findTestObject("FDR-System-Admin/FDR-Edit-AltAccount/editAltAccountElispsis"), 3): Object 'Object Repository/FDR-System-Admin/FDR-Edit-AltAccount/editAltAccountElispsis' is present

2020-09-08 11:43:29 - [MESSAGE][PASSED] - Object 'Object Repository/FDR-System-Admin/FDR-Edit-AltAccount/editAltAccountElispsis' is present

2020-09-08 11:43:29 - [TEST_STEP][PASSED] - click(findTestObject("FDR-System-Admin/FDR-Edit-AltAccount/editAltAccountElispsis")): Object: 'Object Repository/FDR-System-Admin/FDR-Edit-AltAccount/editAltAccountElispsis' is clicked on

2020-09-08 11:43:29 - [MESSAGE][PASSED] - Object: 'Object Repository/FDR-System-Admin/FDR-Edit-AltAccount/editAltAccountElispsis' is clicked on

2020-09-08 11:43:29 - [TEST_STEP][PASSED] - waitForElementPresent(findTestObject("FDR-System-Admin/FDR-Edit-AltAccount/editAltAccountBtn"), 3): Object 'Object Repository/FDR-System-Admin/FDR-Edit-AltAccount/editAltAccountBtn' is present

2020-09-08 11:43:30 - [MESSAGE][PASSED] - Object 'Object Repository/FDR-System-Admin/FDR-Edit-AltAccount/editAltAccountBtn' is present

2020-09-08 11:43:30 - [TEST_STEP][PASSED] - click(findTestObject("FDR-System-Admin/FDR-Edit-AltAccount/editAltAccountBtn")): Object: 'Object Repository/FDR-System-Admin/FDR-Edit-AltAccount/editAltAccountBtn' is clicked on

2020-09-08 11:43:30 - [MESSAGE][PASSED] - Object: 'Object Repository/FDR-System-Admin/FDR-Edit-AltAccount/editAltAccountBtn' is clicked on

2020-09-08 11:43:30 - [TEST_STEP][PASSED] - editAltAccountCode = RandomStringUtils.randomNumeric(10): null

2020-09-08 11:43:30 - [TEST_STEP][PASSED] - waitForElementPresent(findTestObject("FDR-System-Admin/FDR-Add-AltAccount/altAccountCode"), 3): Object 'Object Repository/FDR-System-Admin/FDR-Add-AltAccount/altAccountCode' is present

2020-09-08 11:43:31 - [MESSAGE][PASSED] - Object 'Object Repository/FDR-System-Admin/FDR-Add-AltAccount/altAccountCode' is present

2020-09-08 11:43:31 - [TEST_STEP][PASSED] - doubleClick(findTestObject("FDR-System-Admin/FDR-Add-AltAccount/altAccountCode")): Object: 'Object Repository/FDR-System-Admin/FDR-Add-AltAccount/altAccountCode' is double clicked on

2020-09-08 11:43:31 - [MESSAGE][PASSED] - Object: 'Object Repository/FDR-System-Admin/FDR-Add-AltAccount/altAccountCode' is double clicked on

2020-09-08 11:43:31 - [TEST_STEP][PASSED] - sendKeys(findTestObject("FDR-System-Admin/FDR-Add-AltAccount/altAccountCode"), Keys.chord(BACK_SPACE)): Keys 'BACK_SPACE + ' sent to object: 'Object Repository/FDR-System-Admin/FDR-Add-AltAccount/altAccountCode'

2020-09-08 11:43:31 - [MESSAGE][PASSED] - Keys 'BACK_SPACE + ' sent to object: 'Object Repository/FDR-System-Admin/FDR-Add-AltAccount/altAccountCode'

2020-09-08 11:43:31 - [TEST_STEP][PASSED] - setText(findTestObject("FDR-System-Admin/FDR-Add-AltAccount/altAccountCode"), editAltAccountCode): Text '0526682873' is set on object 'Object Repository/FDR-System-Admin/FDR-Add-AltAccount/altAccountCode'

2020-09-08 11:43:32 - [MESSAGE][PASSED] - Text '0526682873' is set on object 'Object Repository/FDR-System-Admin/FDR-Add-AltAccount/altAccountCode'

2020-09-08 11:43:32 - [TEST_STEP][PASSED] - waitForElementPresent(findTestObject("FDR-System-Admin/FDR-Edit-AltAccount/saveAltAccountBtn"), 3): Object 'Object Repository/FDR-System-Admin/FDR-Edit-AltAccount/saveAltAccountBtn' is present

2020-09-08 11:43:33 - [MESSAGE][PASSED] - Object 'Object Repository/FDR-System-Admin/FDR-Edit-AltAccount/saveAltAccountBtn' is present

2020-09-08 11:43:33 - [TEST_STEP][PASSED] - click(findTestObject("FDR-System-Admin/FDR-Edit-AltAccount/saveAltAccountBtn")): Object: 'Object Repository/FDR-System-Admin/FDR-Edit-AltAccount/saveAltAccountBtn' is clicked on

2020-09-08 11:43:33 - [MESSAGE][PASSED] - Object: 'Object Repository/FDR-System-Admin/FDR-Edit-AltAccount/saveAltAccountBtn' is clicked on

2020-09-08 11:43:33 - [TEST_STEP][PASSED] - waitForElementPresent(findTestObject("FDR-System-Admin/FDR-Add-AltAccount/altAccountHeader"), 3): Object 'Object Repository/FDR-System-Admin/FDR-Add-AltAccount/altAccountHeader' is present

2020-09-08 11:43:34 - [MESSAGE][PASSED] - Object 'Object Repository/FDR-System-Admin/FDR-Add-AltAccount/altAccountHeader' is present

2020-09-08 11:43:34 - [TEST_STEP][PASSED] - waitForElementPresent(findTestObject("FDR-System-Admin/FDR-Add-AltAccount/backToAltAccounts"), 3): Object 'Object Repository/FDR-System-Admin/FDR-Add-AltAccount/backToAltAccounts' is present

2020-09-08 11:43:34 - [MESSAGE][PASSED] - Object 'Object Repository/FDR-System-Admin/FDR-Add-AltAccount/backToAltAccounts' is present

2020-09-08 11:43:34 - [TEST_STEP][PASSED] - click(findTestObject("FDR-System-Admin/FDR-Add-AltAccount/backToAltAccounts")): Object: 'Object Repository/FDR-System-Admin/FDR-Add-AltAccount/backToAltAccounts' is clicked on

2020-09-08 11:43:34 - [MESSAGE][PASSED] - Object: 'Object Repository/FDR-System-Admin/FDR-Add-AltAccount/backToAltAccounts' is clicked on

2020-09-08 11:43:34 - [TEST_STEP][PASSED] - if (verifyElementPresent(findTestObject("FDR-System-Admin/FDR-ReferencePage/firstRowOfRefData"), 2)): null

2020-09-08 11:43:35 - [MESSAGE][PASSED] - Object 'Object Repository/FDR-System-Admin/FDR-ReferencePage/firstRowOfRefData' is present

2020-09-08 11:43:35 - [TEST_STEP][PASSED] - click(findTestObject("FDR-System-Admin/FDR-ReferencePage/firstRowOfRefData")): Object: 'Object Repository/FDR-System-Admin/FDR-ReferencePage/firstRowOfRefData' is clicked on

2020-09-08 11:43:35 - [MESSAGE][PASSED] - Object: 'Object Repository/FDR-System-Admin/FDR-ReferencePage/firstRowOfRefData' is clicked on

2020-09-08 11:43:35 - [TEST_STEP][PASSED] - waitForElementPresent(findTestObject("FDR-System-Admin/FDR-Add-AltAccount/altAccountHeader"), 3): Object 'Object Repository/FDR-System-Admin/FDR-Add-AltAccount/altAccountHeader' is present

2020-09-08 11:43:36 - [MESSAGE][PASSED] - Object 'Object Repository/FDR-System-Admin/FDR-Add-AltAccount/altAccountHeader' is present

2020-09-08 11:43:36 - [TEST_STEP][PASSED] - label = getText(findTestObject("FDR-System-Admin/FDR-ReferencePage/altAccountReference/altAccountReview/altAccountCode")): Text of object 'Object Repository/FDR-System-Admin/FDR-ReferencePage/altAccountReference/altAccountReview/altAccountCode' is: 'ALT ACCOUNT CODE'

2020-09-08 11:43:36 - [MESSAGE][PASSED] - Text of object 'Object Repository/FDR-System-Admin/FDR-ReferencePage/altAccountReference/altAccountReview/altAccountCode' is: 'ALT ACCOUNT CODE'

2020-09-08 11:43:36 - [TEST_STEP][PASSED] - assert label == "ALT ACCOUNT CODE": null

2020-09-08 11:43:36 - [TEST_STEP][PASSED] - Start listener action : sampleAfterTestCase: null

2020-09-08 11:43:36 - [TEST_STEP][PASSED] - profileName = getExecutionProfile(): null

2020-09-08 11:43:36 - [TEST_STEP][PASSED] - switch (profileName): null

2020-09-08 11:43:36 - [TEST_STEP][PASSED] - case "superUser":: null

2020-09-08 11:43:36 - [TEST_STEP][PASSED] - return null: null

2020-09-08 11:43:36 - [TEST_STEP][PASSED] - Start listener action : afterTestCase: Browser is closed

2020-09-08 11:43:36 - [TEST_STEP][PASSED] - profileName = getExecutionProfile(): null

2020-09-08 11:43:36 - [TEST_STEP][PASSED] - if (profileName.equalsIgnoreCase("SysAdmin")): Browser is closed

2020-09-08 11:43:36 - [TEST_STEP][PASSED] - closeBrowser(): Browser is closed

2020-09-08 11:43:36 - [MESSAGE][PASSED] - Browser is closed

2020-09-08 11:43:36 - [TEST_STEP][PASSED] - Start listener action : sampleAfterTestCase: null

2020-09-08 11:43:36 - [TEST_STEP][PASSED] - profileName = getExecutionProfile(): null

2020-09-08 11:43:36 - [TEST_STEP][PASSED] - switch (profileName): null

2020-09-08 11:43:36 - [TEST_STEP][PASSED] - Default: null

2020-09-08 11:43:36 - [TEST_STEP][PASSED] - return null: null

2020-09-08 11:43:36 - [TEST_STEP][PASSED] - Start listener action : addFailedTCToList: null]]></system-out>
         <system-err><![CDATA[]]></system-err>
      </testcase>
      <testcase name="Test Cases/WEB-UI-TESTS/SysAdmin/ReportsPage/FDR-MBES-Reports" time="53.17" classname="Test Cases/WEB-UI-TESTS/SysAdmin/ReportsPage/FDR-MBES-Reports" status="PASSED">
         <system-out><![CDATA[2020-09-08 11:43:36 - [TEST_CASE][PASSED] - Test Cases/WEB-UI-TESTS/SysAdmin/ReportsPage/FDR-MBES-Reports: Test Cases/WEB-UI-TESTS/SysAdmin/ReportsPage/FDR-MBES-Reports

2020-09-08 11:43:37 - [TEST_STEP][PASSED] - Start listener action : sampleBeforeTestCase: null

2020-09-08 11:43:37 - [TEST_STEP][PASSED] - profileName = getExecutionProfile(): null

2020-09-08 11:43:37 - [TEST_STEP][PASSED] - switch (profileName): null

2020-09-08 11:43:37 - [TEST_STEP][PASSED] - case "superUser":: null

2020-09-08 11:43:37 - [TEST_STEP][PASSED] - return null: null

2020-09-08 11:43:37 - [TEST_STEP][PASSED] - Start listener action : beforeTestCase: Call Test Case 'Test Cases/WEB-UI-TESTS/SysAdmin/SystemAdmin-Login' successfully

2020-09-08 11:43:37 - [TEST_STEP][PASSED] - profileName = getExecutionProfile(): null

2020-09-08 11:43:37 - [TEST_STEP][PASSED] - if (profileName.equalsIgnoreCase("SysAdmin")): Call Test Case 'Test Cases/WEB-UI-TESTS/SysAdmin/SystemAdmin-Login' successfully

2020-09-08 11:43:37 - [TEST_STEP][PASSED] - callTestCase(findTestCase("Test Cases/WEB-UI-TESTS/SysAdmin/SystemAdmin-Login"), null): Call Test Case 'Test Cases/WEB-UI-TESTS/SysAdmin/SystemAdmin-Login' successfully

2020-09-08 11:43:37 - [TEST_CASE][PASSED] - Test Cases/WEB-UI-TESTS/SysAdmin/SystemAdmin-Login: Test Cases/WEB-UI-TESTS/SysAdmin/SystemAdmin-Login

2020-09-08 11:43:37 - [TEST_STEP][PASSED] - openBrowser(URL): Browser is opened with url: 'https://fdr-katalon.cammis-mod-dev.dhcs.ca.gov'

2020-09-08 11:43:37 - [MESSAGE][INFO] - Starting 'Chrome' driver

2020-09-08 11:43:37 - [MESSAGE][INFO] - Action delay is set to 0 milliseconds

2020-09-08 11:43:41 - [MESSAGE][PASSED] - Browser is opened with url: 'https://fdr-katalon.cammis-mod-dev.dhcs.ca.gov'

2020-09-08 11:43:41 - [TEST_STEP][PASSED] - maximizeWindow(): Current window maximized

2020-09-08 11:43:43 - [MESSAGE][PASSED] - Current window maximized

2020-09-08 11:43:43 - [TEST_STEP][PASSED] - refresh(): Refresh successfully

2020-09-08 11:43:44 - [MESSAGE][PASSED] - Refresh successfully

2020-09-08 11:43:44 - [TEST_STEP][PASSED] - delay(2): Delayed 2 second(s)

2020-09-08 11:43:46 - [MESSAGE][PASSED] - Delayed 2 second(s)

2020-09-08 11:43:46 - [TEST_STEP][PASSED] - waitForElementPresent(findTestObject("FDR-System-Admin/SysAdmin-SignIn/adminEmail"), 5): Object 'Object Repository/FDR-System-Admin/SysAdmin-SignIn/adminEmail' is present

2020-09-08 11:43:46 - [MESSAGE][PASSED] - Object 'Object Repository/FDR-System-Admin/SysAdmin-SignIn/adminEmail' is present

2020-09-08 11:43:46 - [TEST_STEP][PASSED] - setText(findTestObject("FDR-System-Admin/SysAdmin-SignIn/adminEmail"), adminEmail): Text 'fdr.test10@dhcs.ca.gov
' is set on object 'Object Repository/FDR-System-Admin/SysAdmin-SignIn/adminEmail'

2020-09-08 11:43:46 - [MESSAGE][PASSED] - Text 'fdr.test10@dhcs.ca.gov
' is set on object 'Object Repository/FDR-System-Admin/SysAdmin-SignIn/adminEmail'

2020-09-08 11:43:46 - [TEST_STEP][PASSED] - waitForElementPresent(findTestObject("FDR-System-Admin/SysAdmin-SignIn/adminUserName"), 5): Object 'Object Repository/FDR-System-Admin/SysAdmin-SignIn/adminUserName' is present

2020-09-08 11:43:50 - [MESSAGE][PASSED] - Object 'Object Repository/FDR-System-Admin/SysAdmin-SignIn/adminUserName' is present

2020-09-08 11:43:50 - [TEST_STEP][PASSED] - setText(findTestObject("FDR-System-Admin/SysAdmin-SignIn/adminUserName"), UserName): Text 'fdr.test10@dhcs.ca.gov' is set on object 'Object Repository/FDR-System-Admin/SysAdmin-SignIn/adminUserName'

2020-09-08 11:43:50 - [MESSAGE][PASSED] - Text 'fdr.test10@dhcs.ca.gov' is set on object 'Object Repository/FDR-System-Admin/SysAdmin-SignIn/adminUserName'

2020-09-08 11:43:50 - [TEST_STEP][PASSED] - setText(findTestObject("FDR-System-Admin/SysAdmin-SignIn/adminPass"), Password): Text 'Password18' is set on object 'Object Repository/FDR-System-Admin/SysAdmin-SignIn/adminPass'

2020-09-08 11:43:51 - [MESSAGE][PASSED] - Text 'Password18' is set on object 'Object Repository/FDR-System-Admin/SysAdmin-SignIn/adminPass'

2020-09-08 11:43:51 - [TEST_STEP][PASSED] - click(findTestObject("FDR-System-Admin/SysAdmin-SignIn/adminSignIn")): Object: 'Object Repository/FDR-System-Admin/SysAdmin-SignIn/adminSignIn' is clicked on

2020-09-08 11:43:52 - [MESSAGE][PASSED] - Object: 'Object Repository/FDR-System-Admin/SysAdmin-SignIn/adminSignIn' is clicked on

2020-09-08 11:43:52 - [TEST_STEP][PASSED] - waitForElementPresent(findTestObject("Object Repository/FDR-System-Admin/SysAdmin-Dashboard/maintainReferenceDataBtn"), 3): Object 'Object Repository/FDR-System-Admin/SysAdmin-Dashboard/maintainReferenceDataBtn' is present

2020-09-08 11:43:54 - [MESSAGE][PASSED] - Object 'Object Repository/FDR-System-Admin/SysAdmin-Dashboard/maintainReferenceDataBtn' is present

2020-09-08 11:43:54 - [TEST_STEP][PASSED] - verifyElementPresent(findTestObject("Object Repository/FDR-System-Admin/SysAdmin-Dashboard/maintainReferenceDataBtn"), Timeout): Object 'Object Repository/FDR-System-Admin/SysAdmin-Dashboard/maintainReferenceDataBtn' is present

2020-09-08 11:43:55 - [MESSAGE][PASSED] - Object 'Object Repository/FDR-System-Admin/SysAdmin-Dashboard/maintainReferenceDataBtn' is present

2020-09-08 11:43:55 - [TEST_STEP][PASSED] - refresh(): Refresh successfully

2020-09-08 11:43:55 - [MESSAGE][PASSED] - Refresh successfully

2020-09-08 11:43:55 - [MESSAGE][PASSED] - Call Test Case 'Test Cases/WEB-UI-TESTS/SysAdmin/SystemAdmin-Login' successfully

2020-09-08 11:43:55 - [TEST_STEP][PASSED] - Start listener action : sampleBeforeTestCase: null

2020-09-08 11:43:55 - [TEST_STEP][PASSED] - profileName = getExecutionProfile(): null

2020-09-08 11:43:55 - [TEST_STEP][PASSED] - testCaseId = testCaseContext.getTestCaseId(): null

2020-09-08 11:43:55 - [TEST_STEP][PASSED] - switch (profileName): null

2020-09-08 11:43:55 - [TEST_STEP][PASSED] - Default: null

2020-09-08 11:43:55 - [TEST_STEP][PASSED] - return null: null

2020-09-08 11:43:55 - [TEST_STEP][PASSED] - Start listener action : executeRows: null

2020-09-08 11:43:56 - [TEST_STEP][PASSED] - maximizeWindow(): Current window maximized

2020-09-08 11:43:56 - [MESSAGE][PASSED] - Current window maximized

2020-09-08 11:43:56 - [TEST_STEP][PASSED] - waitForElementPresent(findTestObject("Object Repository/FDR-System-Admin/FDR-Reports/FDR-Report-Dashboard/reportBtn"), 3): Object 'Object Repository/FDR-System-Admin/FDR-Reports/FDR-Report-Dashboard/reportBtn' is present

2020-09-08 11:43:56 - [MESSAGE][PASSED] - Object 'Object Repository/FDR-System-Admin/FDR-Reports/FDR-Report-Dashboard/reportBtn' is present

2020-09-08 11:43:56 - [TEST_STEP][PASSED] - click(findTestObject("Object Repository/FDR-System-Admin/FDR-Reports/FDR-Report-Dashboard/reportBtn")): Object: 'Object Repository/FDR-System-Admin/FDR-Reports/FDR-Report-Dashboard/reportBtn' is clicked on

2020-09-08 11:43:56 - [MESSAGE][PASSED] - Object: 'Object Repository/FDR-System-Admin/FDR-Reports/FDR-Report-Dashboard/reportBtn' is clicked on

2020-09-08 11:43:56 - [TEST_STEP][PASSED] - waitForElementPresent(findTestObject("Object Repository/FDR-System-Admin/FDR-Reports/FDR-MBES-Reports/mbesBtn"), 3): Object 'Object Repository/FDR-System-Admin/FDR-Reports/FDR-MBES-Reports/mbesBtn' is present

2020-09-08 11:43:57 - [MESSAGE][PASSED] - Object 'Object Repository/FDR-System-Admin/FDR-Reports/FDR-MBES-Reports/mbesBtn' is present

2020-09-08 11:43:57 - [TEST_STEP][PASSED] - click(findTestObject("Object Repository/FDR-System-Admin/FDR-Reports/FDR-MBES-Reports/mbesBtn")): Object: 'Object Repository/FDR-System-Admin/FDR-Reports/FDR-MBES-Reports/mbesBtn' is clicked on

2020-09-08 11:43:57 - [MESSAGE][PASSED] - Object: 'Object Repository/FDR-System-Admin/FDR-Reports/FDR-MBES-Reports/mbesBtn' is clicked on

2020-09-08 11:43:57 - [TEST_STEP][PASSED] - waitForElementPresent(findTestObject("Object Repository/FDR-System-Admin/FDR-Reports/FDR-MBES-Reports/mbesHeaderLabel"), 0): Object 'Object Repository/FDR-System-Admin/FDR-Reports/FDR-MBES-Reports/mbesHeaderLabel' is present

2020-09-08 11:43:57 - [MESSAGE][WARNING] - Timeout '0' is invalid. Using default page load timeout: '3'

2020-09-08 11:43:58 - [MESSAGE][PASSED] - Object 'Object Repository/FDR-System-Admin/FDR-Reports/FDR-MBES-Reports/mbesHeaderLabel' is present

2020-09-08 11:43:58 - [TEST_STEP][PASSED] - mbesHeaderLabel = getText(findTestObject("Object Repository/FDR-System-Admin/FDR-Reports/FDR-MBES-Reports/mbesHeaderLabel")): Text of object 'Object Repository/FDR-System-Admin/FDR-Reports/FDR-MBES-Reports/mbesHeaderLabel' is: 'MBES Reports'

2020-09-08 11:43:58 - [MESSAGE][PASSED] - Text of object 'Object Repository/FDR-System-Admin/FDR-Reports/FDR-MBES-Reports/mbesHeaderLabel' is: 'MBES Reports'

2020-09-08 11:43:58 - [TEST_STEP][PASSED] - assert mbesHeaderLabel == "MBES Reports": null

2020-09-08 11:43:58 - [TEST_STEP][PASSED] - NonWaiver_6421U = getText(findTestObject("Object Repository/FDR-System-Admin/FDR-Reports/FDR-MBES-Reports/64.21U-non-Waiver")): Text of object 'Object Repository/FDR-System-Admin/FDR-Reports/FDR-MBES-Reports/64.21U-non-Waiver' is: '64.21U Non-Waiver'

2020-09-08 11:43:58 - [MESSAGE][PASSED] - Text of object 'Object Repository/FDR-System-Admin/FDR-Reports/FDR-MBES-Reports/64.21U-non-Waiver' is: '64.21U Non-Waiver'

2020-09-08 11:43:58 - [TEST_STEP][PASSED] - assert NonWaiver_6421U == "64.21U Non-Waiver": null

2020-09-08 11:43:58 - [TEST_STEP][PASSED] - NonWaiver_21 = getText(findTestObject("Object Repository/FDR-System-Admin/FDR-Reports/FDR-MBES-Reports/21-Non-Waiver")): Text of object 'Object Repository/FDR-System-Admin/FDR-Reports/FDR-MBES-Reports/21-Non-Waiver' is: '21 Non-Waiver'

2020-09-08 11:43:58 - [MESSAGE][PASSED] - Text of object 'Object Repository/FDR-System-Admin/FDR-Reports/FDR-MBES-Reports/21-Non-Waiver' is: '21 Non-Waiver'

2020-09-08 11:43:58 - [TEST_STEP][PASSED] - assert NonWaiver_21 == "21 Non-Waiver": null

2020-09-08 11:43:58 - [TEST_STEP][PASSED] - NonWaiver_21P = getText(findTestObject("Object Repository/FDR-System-Admin/FDR-Reports/FDR-MBES-Reports/21P-Non-Waiver")): Text of object 'Object Repository/FDR-System-Admin/FDR-Reports/FDR-MBES-Reports/21P-Non-Waiver' is: '21P Non-Waiver'

2020-09-08 11:43:59 - [MESSAGE][PASSED] - Text of object 'Object Repository/FDR-System-Admin/FDR-Reports/FDR-MBES-Reports/21P-Non-Waiver' is: '21P Non-Waiver'

2020-09-08 11:43:59 - [TEST_STEP][PASSED] - assert NonWaiver_21P == "21P Non-Waiver": null

2020-09-08 11:43:59 - [TEST_STEP][PASSED] - waitForElementPresent(findTestObject("Object Repository/FDR-System-Admin/FDR-Reports/FDR-MBES-Reports/FDR-21P-Non-Waiver/21P-Non-Waiver-Btn"), 3): Object 'Object Repository/FDR-System-Admin/FDR-Reports/FDR-MBES-Reports/FDR-21P-Non-Waiver/21P-Non-Waiver-Btn' is present

2020-09-08 11:43:59 - [MESSAGE][PASSED] - Object 'Object Repository/FDR-System-Admin/FDR-Reports/FDR-MBES-Reports/FDR-21P-Non-Waiver/21P-Non-Waiver-Btn' is present

2020-09-08 11:43:59 - [TEST_STEP][PASSED] - click(findTestObject("Object Repository/FDR-System-Admin/FDR-Reports/FDR-MBES-Reports/FDR-21P-Non-Waiver/21P-Non-Waiver-Btn")): Object: 'Object Repository/FDR-System-Admin/FDR-Reports/FDR-MBES-Reports/FDR-21P-Non-Waiver/21P-Non-Waiver-Btn' is clicked on

2020-09-08 11:43:59 - [MESSAGE][PASSED] - Object: 'Object Repository/FDR-System-Admin/FDR-Reports/FDR-MBES-Reports/FDR-21P-Non-Waiver/21P-Non-Waiver-Btn' is clicked on

2020-09-08 11:43:59 - [TEST_STEP][PASSED] - waitForElementPresent(findTestObject("Object Repository/FDR-System-Admin/FDR-Reports/FDR-MBES-Reports/FDR-21P-Non-Waiver/21P-Non-Waiver-Header"), 3): Object 'Object Repository/FDR-System-Admin/FDR-Reports/FDR-MBES-Reports/FDR-21P-Non-Waiver/21P-Non-Waiver-Header' is present

2020-09-08 11:44:00 - [MESSAGE][PASSED] - Object 'Object Repository/FDR-System-Admin/FDR-Reports/FDR-MBES-Reports/FDR-21P-Non-Waiver/21P-Non-Waiver-Header' is present

2020-09-08 11:44:00 - [TEST_STEP][PASSED] - waitForElementPresent(findTestObject("Object Repository/FDR-System-Admin/FDR-Reports/FDR-MBES-Reports/FDR-21P-Non-Waiver/quartersDropdown"), 3): Object 'Object Repository/FDR-System-Admin/FDR-Reports/FDR-MBES-Reports/FDR-21P-Non-Waiver/quartersDropdown' is present

2020-09-08 11:44:00 - [MESSAGE][PASSED] - Object 'Object Repository/FDR-System-Admin/FDR-Reports/FDR-MBES-Reports/FDR-21P-Non-Waiver/quartersDropdown' is present

2020-09-08 11:44:00 - [TEST_STEP][PASSED] - click(findTestObject("Object Repository/FDR-System-Admin/FDR-Reports/FDR-MBES-Reports/FDR-21P-Non-Waiver/quartersDropdown")): Object: 'Object Repository/FDR-System-Admin/FDR-Reports/FDR-MBES-Reports/FDR-21P-Non-Waiver/quartersDropdown' is clicked on

2020-09-08 11:44:01 - [MESSAGE][PASSED] - Object: 'Object Repository/FDR-System-Admin/FDR-Reports/FDR-MBES-Reports/FDR-21P-Non-Waiver/quartersDropdown' is clicked on

2020-09-08 11:44:01 - [TEST_STEP][PASSED] - waitForElementPresent(findTestObject("Object Repository/FDR-System-Admin/FDR-Reports/FDR-MBES-Reports/FDR-21P-Non-Waiver/quartersOption"), 3): Object 'Object Repository/FDR-System-Admin/FDR-Reports/FDR-MBES-Reports/FDR-21P-Non-Waiver/quartersOption' is present

2020-09-08 11:44:01 - [MESSAGE][PASSED] - Object 'Object Repository/FDR-System-Admin/FDR-Reports/FDR-MBES-Reports/FDR-21P-Non-Waiver/quartersOption' is present

2020-09-08 11:44:01 - [TEST_STEP][PASSED] - click(findTestObject("Object Repository/FDR-System-Admin/FDR-Reports/FDR-MBES-Reports/FDR-21P-Non-Waiver/quartersOption")): Object: 'Object Repository/FDR-System-Admin/FDR-Reports/FDR-MBES-Reports/FDR-21P-Non-Waiver/quartersOption' is clicked on

2020-09-08 11:44:02 - [MESSAGE][PASSED] - Object: 'Object Repository/FDR-System-Admin/FDR-Reports/FDR-MBES-Reports/FDR-21P-Non-Waiver/quartersOption' is clicked on

2020-09-08 11:44:02 - [TEST_STEP][PASSED] - waitForElementPresent(findTestObject("Object Repository/FDR-System-Admin/FDR-Reports/FDR-MBES-Reports/FDR-21P-Non-Waiver/lineNumberDropdown"), 3): Object 'Object Repository/FDR-System-Admin/FDR-Reports/FDR-MBES-Reports/FDR-21P-Non-Waiver/lineNumberDropdown' is present

2020-09-08 11:44:02 - [MESSAGE][PASSED] - Object 'Object Repository/FDR-System-Admin/FDR-Reports/FDR-MBES-Reports/FDR-21P-Non-Waiver/lineNumberDropdown' is present

2020-09-08 11:44:02 - [TEST_STEP][PASSED] - click(findTestObject("Object Repository/FDR-System-Admin/FDR-Reports/FDR-MBES-Reports/FDR-21P-Non-Waiver/lineNumberDropdown")): Object: 'Object Repository/FDR-System-Admin/FDR-Reports/FDR-MBES-Reports/FDR-21P-Non-Waiver/lineNumberDropdown' is clicked on

2020-09-08 11:44:02 - [MESSAGE][PASSED] - Object: 'Object Repository/FDR-System-Admin/FDR-Reports/FDR-MBES-Reports/FDR-21P-Non-Waiver/lineNumberDropdown' is clicked on

2020-09-08 11:44:02 - [TEST_STEP][PASSED] - waitForElementPresent(findTestObject("Object Repository/FDR-System-Admin/FDR-Reports/FDR-MBES-Reports/FDR-21P-Non-Waiver/lineNumberOption"), 3): Object 'Object Repository/FDR-System-Admin/FDR-Reports/FDR-MBES-Reports/FDR-21P-Non-Waiver/lineNumberOption' is present

2020-09-08 11:44:03 - [MESSAGE][PASSED] - Object 'Object Repository/FDR-System-Admin/FDR-Reports/FDR-MBES-Reports/FDR-21P-Non-Waiver/lineNumberOption' is present

2020-09-08 11:44:03 - [TEST_STEP][PASSED] - click(findTestObject("Object Repository/FDR-System-Admin/FDR-Reports/FDR-MBES-Reports/FDR-21P-Non-Waiver/lineNumberOption")): Object: 'Object Repository/FDR-System-Admin/FDR-Reports/FDR-MBES-Reports/FDR-21P-Non-Waiver/lineNumberOption' is clicked on

2020-09-08 11:44:03 - [MESSAGE][PASSED] - Object: 'Object Repository/FDR-System-Admin/FDR-Reports/FDR-MBES-Reports/FDR-21P-Non-Waiver/lineNumberOption' is clicked on

2020-09-08 11:44:03 - [TEST_STEP][PASSED] - waitForElementPresent(findTestObject("Object Repository/FDR-System-Admin/FDR-Reports/FDR-MBES-Reports/FDR-21P-Non-Waiver/21P-Non-Waiver-Header"), 3): Object 'Object Repository/FDR-System-Admin/FDR-Reports/FDR-MBES-Reports/FDR-21P-Non-Waiver/21P-Non-Waiver-Header' is present

2020-09-08 11:44:04 - [MESSAGE][PASSED] - Object 'Object Repository/FDR-System-Admin/FDR-Reports/FDR-MBES-Reports/FDR-21P-Non-Waiver/21P-Non-Waiver-Header' is present

2020-09-08 11:44:04 - [TEST_STEP][PASSED] - click(findTestObject("Object Repository/FDR-System-Admin/FDR-Reports/FDR-MBES-Reports/FDR-ReportBtns/backToMBESReports")): Object: 'Object Repository/FDR-System-Admin/FDR-Reports/FDR-MBES-Reports/FDR-ReportBtns/backToMBESReports' is clicked on

2020-09-08 11:44:04 - [MESSAGE][PASSED] - Object: 'Object Repository/FDR-System-Admin/FDR-Reports/FDR-MBES-Reports/FDR-ReportBtns/backToMBESReports' is clicked on

2020-09-08 11:44:04 - [TEST_STEP][PASSED] - nonWaiver_6421UP = getText(findTestObject("Object Repository/FDR-System-Admin/FDR-Reports/FDR-MBES-Reports/64.21UP-Non-Waiver")): Text of object 'Object Repository/FDR-System-Admin/FDR-Reports/FDR-MBES-Reports/64.21UP-Non-Waiver' is: '64.21UP Non-Waiver'

2020-09-08 11:44:04 - [MESSAGE][PASSED] - Text of object 'Object Repository/FDR-System-Admin/FDR-Reports/FDR-MBES-Reports/64.21UP-Non-Waiver' is: '64.21UP Non-Waiver'

2020-09-08 11:44:04 - [TEST_STEP][PASSED] - assert nonWaiver_6421UP == "64.21UP Non-Waiver": null

2020-09-08 11:44:04 - [TEST_STEP][PASSED] - waitForElementPresent(findTestObject("Object Repository/FDR-System-Admin/FDR-Reports/FDR-MBES-Reports/FDR-ReportBtns/64.21UP-NonWaiverBtn"), 3): Object 'Object Repository/FDR-System-Admin/FDR-Reports/FDR-MBES-Reports/FDR-ReportBtns/64.21UP-NonWaiverBtn' is present

2020-09-08 11:44:05 - [MESSAGE][PASSED] - Object 'Object Repository/FDR-System-Admin/FDR-Reports/FDR-MBES-Reports/FDR-ReportBtns/64.21UP-NonWaiverBtn' is present

2020-09-08 11:44:05 - [TEST_STEP][PASSED] - click(findTestObject("Object Repository/FDR-System-Admin/FDR-Reports/FDR-MBES-Reports/FDR-ReportBtns/64.21UP-NonWaiverBtn")): Object: 'Object Repository/FDR-System-Admin/FDR-Reports/FDR-MBES-Reports/FDR-ReportBtns/64.21UP-NonWaiverBtn' is clicked on

2020-09-08 11:44:05 - [MESSAGE][PASSED] - Object: 'Object Repository/FDR-System-Admin/FDR-Reports/FDR-MBES-Reports/FDR-ReportBtns/64.21UP-NonWaiverBtn' is clicked on

2020-09-08 11:44:05 - [TEST_STEP][PASSED] - waitForElementPresent(findTestObject("Object Repository/FDR-System-Admin/FDR-Reports/FDR-MBES-Reports/FDR-64.21UP Non-Waiver/header"), 3): Object 'Object Repository/FDR-System-Admin/FDR-Reports/FDR-MBES-Reports/FDR-64.21UP Non-Waiver/header' is present

2020-09-08 11:44:06 - [MESSAGE][PASSED] - Object 'Object Repository/FDR-System-Admin/FDR-Reports/FDR-MBES-Reports/FDR-64.21UP Non-Waiver/header' is present

2020-09-08 11:44:06 - [TEST_STEP][PASSED] - waitForElementPresent(findTestObject("Object Repository/FDR-System-Admin/FDR-Reports/FDR-MBES-Reports/FDR-64.21UP Non-Waiver/header"), 3): Object 'Object Repository/FDR-System-Admin/FDR-Reports/FDR-MBES-Reports/FDR-64.21UP Non-Waiver/header' is present

2020-09-08 11:44:06 - [MESSAGE][PASSED] - Object 'Object Repository/FDR-System-Admin/FDR-Reports/FDR-MBES-Reports/FDR-64.21UP Non-Waiver/header' is present

2020-09-08 11:44:06 - [TEST_STEP][PASSED] - click(findTestObject("Object Repository/FDR-System-Admin/FDR-Reports/FDR-MBES-Reports/FDR-64.21UP Non-Waiver/quartersDropdown")): Object: 'Object Repository/FDR-System-Admin/FDR-Reports/FDR-MBES-Reports/FDR-64.21UP Non-Waiver/quartersDropdown' is clicked on

2020-09-08 11:44:06 - [MESSAGE][PASSED] - Object: 'Object Repository/FDR-System-Admin/FDR-Reports/FDR-MBES-Reports/FDR-64.21UP Non-Waiver/quartersDropdown' is clicked on

2020-09-08 11:44:06 - [TEST_STEP][PASSED] - waitForElementPresent(findTestObject("Object Repository/FDR-System-Admin/FDR-Reports/FDR-MBES-Reports/FDR-64.21UP Non-Waiver/quartersOption"), 3): Object 'Object Repository/FDR-System-Admin/FDR-Reports/FDR-MBES-Reports/FDR-64.21UP Non-Waiver/quartersOption' is present

2020-09-08 11:44:07 - [MESSAGE][PASSED] - Object 'Object Repository/FDR-System-Admin/FDR-Reports/FDR-MBES-Reports/FDR-64.21UP Non-Waiver/quartersOption' is present

2020-09-08 11:44:07 - [TEST_STEP][PASSED] - click(findTestObject("Object Repository/FDR-System-Admin/FDR-Reports/FDR-MBES-Reports/FDR-64.21UP Non-Waiver/quartersOption")): Object: 'Object Repository/FDR-System-Admin/FDR-Reports/FDR-MBES-Reports/FDR-64.21UP Non-Waiver/quartersOption' is clicked on

2020-09-08 11:44:07 - [MESSAGE][PASSED] - Object: 'Object Repository/FDR-System-Admin/FDR-Reports/FDR-MBES-Reports/FDR-64.21UP Non-Waiver/quartersOption' is clicked on

2020-09-08 11:44:07 - [TEST_STEP][PASSED] - waitForElementPresent(findTestObject("Object Repository/FDR-System-Admin/FDR-Reports/FDR-MBES-Reports/FDR-64.21UP Non-Waiver/lineNumberDropdown"), 3): Object 'Object Repository/FDR-System-Admin/FDR-Reports/FDR-MBES-Reports/FDR-64.21UP Non-Waiver/lineNumberDropdown' is present

2020-09-08 11:44:07 - [MESSAGE][PASSED] - Object 'Object Repository/FDR-System-Admin/FDR-Reports/FDR-MBES-Reports/FDR-64.21UP Non-Waiver/lineNumberDropdown' is present

2020-09-08 11:44:07 - [TEST_STEP][PASSED] - click(findTestObject("Object Repository/FDR-System-Admin/FDR-Reports/FDR-MBES-Reports/FDR-64.21UP Non-Waiver/lineNumberDropdown")): Object: 'Object Repository/FDR-System-Admin/FDR-Reports/FDR-MBES-Reports/FDR-64.21UP Non-Waiver/lineNumberDropdown' is clicked on

2020-09-08 11:44:08 - [MESSAGE][PASSED] - Object: 'Object Repository/FDR-System-Admin/FDR-Reports/FDR-MBES-Reports/FDR-64.21UP Non-Waiver/lineNumberDropdown' is clicked on

2020-09-08 11:44:08 - [TEST_STEP][PASSED] - waitForElementPresent(findTestObject("Object Repository/FDR-System-Admin/FDR-Reports/FDR-MBES-Reports/FDR-64.21UP Non-Waiver/lineNumberOption"), 3): Object 'Object Repository/FDR-System-Admin/FDR-Reports/FDR-MBES-Reports/FDR-64.21UP Non-Waiver/lineNumberOption' is present

2020-09-08 11:44:08 - [MESSAGE][PASSED] - Object 'Object Repository/FDR-System-Admin/FDR-Reports/FDR-MBES-Reports/FDR-64.21UP Non-Waiver/lineNumberOption' is present

2020-09-08 11:44:08 - [TEST_STEP][PASSED] - click(findTestObject("Object Repository/FDR-System-Admin/FDR-Reports/FDR-MBES-Reports/FDR-64.21UP Non-Waiver/lineNumberOption")): Object: 'Object Repository/FDR-System-Admin/FDR-Reports/FDR-MBES-Reports/FDR-64.21UP Non-Waiver/lineNumberOption' is clicked on

2020-09-08 11:44:08 - [MESSAGE][PASSED] - Object: 'Object Repository/FDR-System-Admin/FDR-Reports/FDR-MBES-Reports/FDR-64.21UP Non-Waiver/lineNumberOption' is clicked on

2020-09-08 11:44:08 - [TEST_STEP][PASSED] - waitForElementPresent(findTestObject("Object Repository/FDR-System-Admin/FDR-Reports/FDR-MBES-Reports/FDR-ReportBtns/64.21UP-NonWaiverHeader"), 3): Object 'Object Repository/FDR-System-Admin/FDR-Reports/FDR-MBES-Reports/FDR-ReportBtns/64.21UP-NonWaiverHeader' is not present after 3 second(s)

2020-09-08 11:44:13 - [MESSAGE][INFO] - Unable to find the element located by 'By.xpath: //*[@id="wrapper"]/main/div/div/div/div/main/div[1]/div[2]/div/h5'. Please recheck the objects properties to make sure the desired element is located. 

2020-09-08 11:44:13 - [MESSAGE][WARNING] - Object 'Object Repository/FDR-System-Admin/FDR-Reports/FDR-MBES-Reports/FDR-ReportBtns/64.21UP-NonWaiverHeader' is not present after 3 second(s)

2020-09-08 11:44:13 - [TEST_STEP][PASSED] - click(findTestObject("Object Repository/FDR-System-Admin/FDR-Reports/FDR-MBES-Reports/FDR-ReportBtns/backToMBESReports")): Object: 'Object Repository/FDR-System-Admin/FDR-Reports/FDR-MBES-Reports/FDR-ReportBtns/backToMBESReports' is clicked on

2020-09-08 11:44:13 - [MESSAGE][PASSED] - Object: 'Object Repository/FDR-System-Admin/FDR-Reports/FDR-MBES-Reports/FDR-ReportBtns/backToMBESReports' is clicked on

2020-09-08 11:44:13 - [TEST_STEP][PASSED] - waiver_6421U = getText(findTestObject("Object Repository/FDR-System-Admin/FDR-Reports/FDR-MBES-Reports/64.21U-Waiver")): Text of object 'Object Repository/FDR-System-Admin/FDR-Reports/FDR-MBES-Reports/64.21U-Waiver' is: '64.21U Waiver'

2020-09-08 11:44:13 - [MESSAGE][PASSED] - Text of object 'Object Repository/FDR-System-Admin/FDR-Reports/FDR-MBES-Reports/64.21U-Waiver' is: '64.21U Waiver'

2020-09-08 11:44:13 - [TEST_STEP][PASSED] - assert waiver_6421U == "64.21U Waiver": null

2020-09-08 11:44:13 - [TEST_STEP][PASSED] - waiver_6421UP = getText(findTestObject("Object Repository/FDR-System-Admin/FDR-Reports/FDR-MBES-Reports/64.21UP-Waiver")): Text of object 'Object Repository/FDR-System-Admin/FDR-Reports/FDR-MBES-Reports/64.21UP-Waiver' is: '64.21UP Waiver'

2020-09-08 11:44:14 - [MESSAGE][PASSED] - Text of object 'Object Repository/FDR-System-Admin/FDR-Reports/FDR-MBES-Reports/64.21UP-Waiver' is: '64.21UP Waiver'

2020-09-08 11:44:14 - [TEST_STEP][PASSED] - assert waiver_6421UP == "64.21UP Waiver": null

2020-09-08 11:44:14 - [TEST_STEP][PASSED] - waitForElementPresent(findTestObject("Object Repository/FDR-System-Admin/FDR-Reports/FDR-MBES-Reports/FDR-ReportBtns/64.21UP-WaiverBtn"), 3): Object 'Object Repository/FDR-System-Admin/FDR-Reports/FDR-MBES-Reports/FDR-ReportBtns/64.21UP-WaiverBtn' is present

2020-09-08 11:44:14 - [MESSAGE][PASSED] - Object 'Object Repository/FDR-System-Admin/FDR-Reports/FDR-MBES-Reports/FDR-ReportBtns/64.21UP-WaiverBtn' is present

2020-09-08 11:44:14 - [TEST_STEP][PASSED] - click(findTestObject("Object Repository/FDR-System-Admin/FDR-Reports/FDR-MBES-Reports/FDR-ReportBtns/64.21UP-WaiverBtn")): Object: 'Object Repository/FDR-System-Admin/FDR-Reports/FDR-MBES-Reports/FDR-ReportBtns/64.21UP-WaiverBtn' is clicked on

2020-09-08 11:44:14 - [MESSAGE][PASSED] - Object: 'Object Repository/FDR-System-Admin/FDR-Reports/FDR-MBES-Reports/FDR-ReportBtns/64.21UP-WaiverBtn' is clicked on

2020-09-08 11:44:14 - [TEST_STEP][PASSED] - waitForElementPresent(findTestObject("Object Repository/FDR-System-Admin/FDR-Reports/FDR-MBES-Reports/FDR-ReportBtns/64.21UP-WaiverHeader"), 3): Object 'Object Repository/FDR-System-Admin/FDR-Reports/FDR-MBES-Reports/FDR-ReportBtns/64.21UP-WaiverHeader' is present

2020-09-08 11:44:15 - [MESSAGE][PASSED] - Object 'Object Repository/FDR-System-Admin/FDR-Reports/FDR-MBES-Reports/FDR-ReportBtns/64.21UP-WaiverHeader' is present

2020-09-08 11:44:15 - [TEST_STEP][PASSED] - click(findTestObject("Object Repository/FDR-System-Admin/FDR-Reports/FDR-MBES-Reports/FDR-ReportBtns/backToMBESReports")): Object: 'Object Repository/FDR-System-Admin/FDR-Reports/FDR-MBES-Reports/FDR-ReportBtns/backToMBESReports' is clicked on

2020-09-08 11:44:15 - [MESSAGE][PASSED] - Object: 'Object Repository/FDR-System-Admin/FDR-Reports/FDR-MBES-Reports/FDR-ReportBtns/backToMBESReports' is clicked on

2020-09-08 11:44:15 - [TEST_STEP][PASSED] - nonWaiver_649 = getText(findTestObject("Object Repository/FDR-System-Admin/FDR-Reports/FDR-MBES-Reports/64.9Non-Waiver")): Text of object 'Object Repository/FDR-System-Admin/FDR-Reports/FDR-MBES-Reports/64.9Non-Waiver' is: '64.9 Non-Waiver'

2020-09-08 11:44:16 - [MESSAGE][PASSED] - Text of object 'Object Repository/FDR-System-Admin/FDR-Reports/FDR-MBES-Reports/64.9Non-Waiver' is: '64.9 Non-Waiver'

2020-09-08 11:44:16 - [TEST_STEP][PASSED] - assert nonWaiver_649 == "64.9 Non-Waiver": null

2020-09-08 11:44:16 - [TEST_STEP][PASSED] - nonWaiver_649P = getText(findTestObject("Object Repository/FDR-System-Admin/FDR-Reports/FDR-MBES-Reports/64.9PNon-Waiver")): Text of object 'Object Repository/FDR-System-Admin/FDR-Reports/FDR-MBES-Reports/64.9PNon-Waiver' is: '64.9P Non-Waiver'

2020-09-08 11:44:16 - [MESSAGE][PASSED] - Text of object 'Object Repository/FDR-System-Admin/FDR-Reports/FDR-MBES-Reports/64.9PNon-Waiver' is: '64.9P Non-Waiver'

2020-09-08 11:44:16 - [TEST_STEP][PASSED] - assert nonWaiver_649P == "64.9P Non-Waiver": null

2020-09-08 11:44:16 - [TEST_STEP][PASSED] - waitForElementPresent(findTestObject("Object Repository/FDR-System-Admin/FDR-Reports/FDR-MBES-Reports/FDR-ReportBtns/64.9P-NonWaiverBtn"), 3): Object 'Object Repository/FDR-System-Admin/FDR-Reports/FDR-MBES-Reports/FDR-ReportBtns/64.9P-NonWaiverBtn' is present

2020-09-08 11:44:16 - [MESSAGE][PASSED] - Object 'Object Repository/FDR-System-Admin/FDR-Reports/FDR-MBES-Reports/FDR-ReportBtns/64.9P-NonWaiverBtn' is present

2020-09-08 11:44:16 - [TEST_STEP][PASSED] - click(findTestObject("Object Repository/FDR-System-Admin/FDR-Reports/FDR-MBES-Reports/FDR-ReportBtns/64.9P-NonWaiverBtn")): Object: 'Object Repository/FDR-System-Admin/FDR-Reports/FDR-MBES-Reports/FDR-ReportBtns/64.9P-NonWaiverBtn' is clicked on

2020-09-08 11:44:17 - [MESSAGE][PASSED] - Object: 'Object Repository/FDR-System-Admin/FDR-Reports/FDR-MBES-Reports/FDR-ReportBtns/64.9P-NonWaiverBtn' is clicked on

2020-09-08 11:44:17 - [TEST_STEP][PASSED] - waitForElementPresent(findTestObject("Object Repository/FDR-System-Admin/FDR-Reports/FDR-MBES-Reports/FDR-ReportBtns/64.9P-NonWaiverHeader"), 3): Object 'Object Repository/FDR-System-Admin/FDR-Reports/FDR-MBES-Reports/FDR-ReportBtns/64.9P-NonWaiverHeader' is present

2020-09-08 11:44:17 - [MESSAGE][PASSED] - Object 'Object Repository/FDR-System-Admin/FDR-Reports/FDR-MBES-Reports/FDR-ReportBtns/64.9P-NonWaiverHeader' is present

2020-09-08 11:44:17 - [TEST_STEP][PASSED] - click(findTestObject("Object Repository/FDR-System-Admin/FDR-Reports/FDR-MBES-Reports/FDR-ReportBtns/backToMBESReports")): Object: 'Object Repository/FDR-System-Admin/FDR-Reports/FDR-MBES-Reports/FDR-ReportBtns/backToMBESReports' is clicked on

2020-09-08 11:44:18 - [MESSAGE][PASSED] - Object: 'Object Repository/FDR-System-Admin/FDR-Reports/FDR-MBES-Reports/FDR-ReportBtns/backToMBESReports' is clicked on

2020-09-08 11:44:18 - [TEST_STEP][PASSED] - waiver_649 = getText(findTestObject("Object Repository/FDR-System-Admin/FDR-Reports/FDR-MBES-Reports/64.9Waiver")): Text of object 'Object Repository/FDR-System-Admin/FDR-Reports/FDR-MBES-Reports/64.9Waiver' is: '64.9 Waiver'

2020-09-08 11:44:18 - [MESSAGE][PASSED] - Text of object 'Object Repository/FDR-System-Admin/FDR-Reports/FDR-MBES-Reports/64.9Waiver' is: '64.9 Waiver'

2020-09-08 11:44:18 - [TEST_STEP][PASSED] - assert waiver_649 == "64.9 Waiver": null

2020-09-08 11:44:18 - [TEST_STEP][PASSED] - waitForElementPresent(findTestObject("Object Repository/FDR-System-Admin/FDR-Reports/FDR-MBES-Reports/FDR-ReportBtns/64.9-WaiverBtn"), 3): Object 'Object Repository/FDR-System-Admin/FDR-Reports/FDR-MBES-Reports/FDR-ReportBtns/64.9-WaiverBtn' is present

2020-09-08 11:44:18 - [MESSAGE][PASSED] - Object 'Object Repository/FDR-System-Admin/FDR-Reports/FDR-MBES-Reports/FDR-ReportBtns/64.9-WaiverBtn' is present

2020-09-08 11:44:18 - [TEST_STEP][PASSED] - click(findTestObject("Object Repository/FDR-System-Admin/FDR-Reports/FDR-MBES-Reports/FDR-ReportBtns/64.9-WaiverBtn")): Object: 'Object Repository/FDR-System-Admin/FDR-Reports/FDR-MBES-Reports/FDR-ReportBtns/64.9-WaiverBtn' is clicked on

2020-09-08 11:44:19 - [MESSAGE][PASSED] - Object: 'Object Repository/FDR-System-Admin/FDR-Reports/FDR-MBES-Reports/FDR-ReportBtns/64.9-WaiverBtn' is clicked on

2020-09-08 11:44:19 - [TEST_STEP][PASSED] - delay(2): Delayed 2 second(s)

2020-09-08 11:44:21 - [MESSAGE][PASSED] - Delayed 2 second(s)

2020-09-08 11:44:21 - [TEST_STEP][PASSED] - waitForElementPresent(findTestObject("Object Repository/FDR-System-Admin/FDR-Reports/FDR-MBES-Reports/FDR-ReportBtns/64.9-WaiverHeader"), 3): Object 'Object Repository/FDR-System-Admin/FDR-Reports/FDR-MBES-Reports/FDR-ReportBtns/64.9-WaiverHeader' is present

2020-09-08 11:44:21 - [MESSAGE][PASSED] - Object 'Object Repository/FDR-System-Admin/FDR-Reports/FDR-MBES-Reports/FDR-ReportBtns/64.9-WaiverHeader' is present

2020-09-08 11:44:21 - [TEST_STEP][PASSED] - click(findTestObject("Object Repository/FDR-System-Admin/FDR-Reports/FDR-MBES-Reports/FDR-ReportBtns/backToMBESReports")): Object: 'Object Repository/FDR-System-Admin/FDR-Reports/FDR-MBES-Reports/FDR-ReportBtns/backToMBESReports' is clicked on

2020-09-08 11:44:21 - [MESSAGE][PASSED] - Object: 'Object Repository/FDR-System-Admin/FDR-Reports/FDR-MBES-Reports/FDR-ReportBtns/backToMBESReports' is clicked on

2020-09-08 11:44:21 - [TEST_STEP][PASSED] - waiver_649P = getText(findTestObject("Object Repository/FDR-System-Admin/FDR-Reports/FDR-MBES-Reports/64.9P-Waiver")): Text of object 'Object Repository/FDR-System-Admin/FDR-Reports/FDR-MBES-Reports/64.9P-Waiver' is: '64.9P Waiver'

2020-09-08 11:44:22 - [MESSAGE][PASSED] - Text of object 'Object Repository/FDR-System-Admin/FDR-Reports/FDR-MBES-Reports/64.9P-Waiver' is: '64.9P Waiver'

2020-09-08 11:44:22 - [TEST_STEP][PASSED] - assert waiver_649P == "64.9P Waiver": null

2020-09-08 11:44:22 - [TEST_STEP][PASSED] - waitForElementPresent(findTestObject("Object Repository/FDR-System-Admin/FDR-Reports/FDR-MBES-Reports/FDR-ReportBtns/64.9P-WaiverBtn"), 3): Object 'Object Repository/FDR-System-Admin/FDR-Reports/FDR-MBES-Reports/FDR-ReportBtns/64.9P-WaiverBtn' is present

2020-09-08 11:44:22 - [MESSAGE][PASSED] - Object 'Object Repository/FDR-System-Admin/FDR-Reports/FDR-MBES-Reports/FDR-ReportBtns/64.9P-WaiverBtn' is present

2020-09-08 11:44:22 - [TEST_STEP][PASSED] - click(findTestObject("Object Repository/FDR-System-Admin/FDR-Reports/FDR-MBES-Reports/FDR-ReportBtns/64.9P-WaiverBtn")): Object: 'Object Repository/FDR-System-Admin/FDR-Reports/FDR-MBES-Reports/FDR-ReportBtns/64.9P-WaiverBtn' is clicked on

2020-09-08 11:44:22 - [MESSAGE][PASSED] - Object: 'Object Repository/FDR-System-Admin/FDR-Reports/FDR-MBES-Reports/FDR-ReportBtns/64.9P-WaiverBtn' is clicked on

2020-09-08 11:44:22 - [TEST_STEP][PASSED] - waitForElementPresent(findTestObject("Object Repository/FDR-System-Admin/FDR-Reports/FDR-MBES-Reports/FDR-ReportBtns/64.9P-WaiverHeader"), 3): Object 'Object Repository/FDR-System-Admin/FDR-Reports/FDR-MBES-Reports/FDR-ReportBtns/64.9P-WaiverHeader' is present

2020-09-08 11:44:23 - [MESSAGE][PASSED] - Object 'Object Repository/FDR-System-Admin/FDR-Reports/FDR-MBES-Reports/FDR-ReportBtns/64.9P-WaiverHeader' is present

2020-09-08 11:44:23 - [TEST_STEP][PASSED] - click(findTestObject("Object Repository/FDR-System-Admin/FDR-Reports/FDR-MBES-Reports/FDR-ReportBtns/backToMBESReports")): Object: 'Object Repository/FDR-System-Admin/FDR-Reports/FDR-MBES-Reports/FDR-ReportBtns/backToMBESReports' is clicked on

2020-09-08 11:44:23 - [MESSAGE][PASSED] - Object: 'Object Repository/FDR-System-Admin/FDR-Reports/FDR-MBES-Reports/FDR-ReportBtns/backToMBESReports' is clicked on

2020-09-08 11:44:23 - [TEST_STEP][PASSED] - nonWaiver_649VIII = getText(findTestObject("Object Repository/FDR-System-Admin/FDR-Reports/FDR-MBES-Reports/64.9VIII-Non-Waiver")): Text of object 'Object Repository/FDR-System-Admin/FDR-Reports/FDR-MBES-Reports/64.9VIII-Non-Waiver' is: '64.9VIII Non-Waiver'

2020-09-08 11:44:24 - [MESSAGE][PASSED] - Text of object 'Object Repository/FDR-System-Admin/FDR-Reports/FDR-MBES-Reports/64.9VIII-Non-Waiver' is: '64.9VIII Non-Waiver'

2020-09-08 11:44:24 - [TEST_STEP][PASSED] - assert nonWaiver_649VIII == "64.9VIII Non-Waiver": null

2020-09-08 11:44:24 - [TEST_STEP][PASSED] - nonWaiver_649VIIIP = getText(findTestObject("Object Repository/FDR-System-Admin/FDR-Reports/FDR-MBES-Reports/64.9VIIIP-Non-Waiver")): Text of object 'Object Repository/FDR-System-Admin/FDR-Reports/FDR-MBES-Reports/64.9VIIIP-Non-Waiver' is: '64.9VIIIP Non-Waiver'

2020-09-08 11:44:24 - [MESSAGE][PASSED] - Text of object 'Object Repository/FDR-System-Admin/FDR-Reports/FDR-MBES-Reports/64.9VIIIP-Non-Waiver' is: '64.9VIIIP Non-Waiver'

2020-09-08 11:44:24 - [TEST_STEP][PASSED] - assert nonWaiver_649VIIIP == "64.9VIIIP Non-Waiver": null

2020-09-08 11:44:24 - [TEST_STEP][PASSED] - waitForElementPresent(findTestObject("Object Repository/FDR-System-Admin/FDR-Reports/FDR-MBES-Reports/FDR-ReportBtns/64.9VIIIP-NonWaiverBtn"), 3): Object 'Object Repository/FDR-System-Admin/FDR-Reports/FDR-MBES-Reports/FDR-ReportBtns/64.9VIIIP-NonWaiverBtn' is present

2020-09-08 11:44:24 - [MESSAGE][PASSED] - Object 'Object Repository/FDR-System-Admin/FDR-Reports/FDR-MBES-Reports/FDR-ReportBtns/64.9VIIIP-NonWaiverBtn' is present

2020-09-08 11:44:24 - [TEST_STEP][PASSED] - click(findTestObject("Object Repository/FDR-System-Admin/FDR-Reports/FDR-MBES-Reports/FDR-ReportBtns/64.9VIIIP-NonWaiverBtn")): Object: 'Object Repository/FDR-System-Admin/FDR-Reports/FDR-MBES-Reports/FDR-ReportBtns/64.9VIIIP-NonWaiverBtn' is clicked on

2020-09-08 11:44:25 - [MESSAGE][PASSED] - Object: 'Object Repository/FDR-System-Admin/FDR-Reports/FDR-MBES-Reports/FDR-ReportBtns/64.9VIIIP-NonWaiverBtn' is clicked on

2020-09-08 11:44:25 - [TEST_STEP][PASSED] - waitForElementPresent(findTestObject("Object Repository/FDR-System-Admin/FDR-Reports/FDR-MBES-Reports/FDR-ReportBtns/64.9VIIIP-NonWaiverHeader"), 3): Object 'Object Repository/FDR-System-Admin/FDR-Reports/FDR-MBES-Reports/FDR-ReportBtns/64.9VIIIP-NonWaiverHeader' is present

2020-09-08 11:44:25 - [MESSAGE][PASSED] - Object 'Object Repository/FDR-System-Admin/FDR-Reports/FDR-MBES-Reports/FDR-ReportBtns/64.9VIIIP-NonWaiverHeader' is present

2020-09-08 11:44:25 - [TEST_STEP][PASSED] - click(findTestObject("Object Repository/FDR-System-Admin/FDR-Reports/FDR-MBES-Reports/FDR-ReportBtns/backToMBESReports")): Object: 'Object Repository/FDR-System-Admin/FDR-Reports/FDR-MBES-Reports/FDR-ReportBtns/backToMBESReports' is clicked on

2020-09-08 11:44:26 - [MESSAGE][PASSED] - Object: 'Object Repository/FDR-System-Admin/FDR-Reports/FDR-MBES-Reports/FDR-ReportBtns/backToMBESReports' is clicked on

2020-09-08 11:44:26 - [TEST_STEP][PASSED] - waiver_649VIII = getText(findTestObject("Object Repository/FDR-System-Admin/FDR-Reports/FDR-MBES-Reports/64.9VIII-Waiver")): Text of object 'Object Repository/FDR-System-Admin/FDR-Reports/FDR-MBES-Reports/64.9VIII-Waiver' is: '64.9VIII Waiver'

2020-09-08 11:44:26 - [MESSAGE][PASSED] - Text of object 'Object Repository/FDR-System-Admin/FDR-Reports/FDR-MBES-Reports/64.9VIII-Waiver' is: '64.9VIII Waiver'

2020-09-08 11:44:26 - [TEST_STEP][PASSED] - assert waiver_649VIII == "64.9VIII Waiver": null

2020-09-08 11:44:26 - [TEST_STEP][PASSED] - refresh(): Refresh successfully

2020-09-08 11:44:27 - [MESSAGE][PASSED] - Refresh successfully

2020-09-08 11:44:27 - [TEST_STEP][PASSED] - waiver_649VIIIP = getText(findTestObject("Object Repository/FDR-System-Admin/FDR-Reports/FDR-MBES-Reports/64.9VIIIP-Waiver")): Text of object 'Object Repository/FDR-System-Admin/FDR-Reports/FDR-MBES-Reports/64.9VIIIP-Waiver' is: '64.9VIIIP Waiver'

2020-09-08 11:44:28 - [MESSAGE][PASSED] - Text of object 'Object Repository/FDR-System-Admin/FDR-Reports/FDR-MBES-Reports/64.9VIIIP-Waiver' is: '64.9VIIIP Waiver'

2020-09-08 11:44:28 - [TEST_STEP][PASSED] - assert waiver_649VIIIP == "64.9VIIIP Waiver": null

2020-09-08 11:44:28 - [TEST_STEP][PASSED] - waitForElementPresent(findTestObject("Object Repository/FDR-System-Admin/FDR-Reports/FDR-MBES-Reports/FDR-ReportBtns/64.9VIIIP-WaiverBtn"), 3): Object 'Object Repository/FDR-System-Admin/FDR-Reports/FDR-MBES-Reports/FDR-ReportBtns/64.9VIIIP-WaiverBtn' is present

2020-09-08 11:44:28 - [MESSAGE][PASSED] - Object 'Object Repository/FDR-System-Admin/FDR-Reports/FDR-MBES-Reports/FDR-ReportBtns/64.9VIIIP-WaiverBtn' is present

2020-09-08 11:44:28 - [TEST_STEP][PASSED] - click(findTestObject("Object Repository/FDR-System-Admin/FDR-Reports/FDR-MBES-Reports/FDR-ReportBtns/64.9VIIIP-WaiverBtn")): Object: 'Object Repository/FDR-System-Admin/FDR-Reports/FDR-MBES-Reports/FDR-ReportBtns/64.9VIIIP-WaiverBtn' is clicked on

2020-09-08 11:44:29 - [MESSAGE][PASSED] - Object: 'Object Repository/FDR-System-Admin/FDR-Reports/FDR-MBES-Reports/FDR-ReportBtns/64.9VIIIP-WaiverBtn' is clicked on

2020-09-08 11:44:29 - [TEST_STEP][PASSED] - waitForElementPresent(findTestObject("Object Repository/FDR-System-Admin/FDR-Reports/FDR-MBES-Reports/FDR-ReportBtns/64.9VIIIP-WaiverHeader"), 3): Object 'Object Repository/FDR-System-Admin/FDR-Reports/FDR-MBES-Reports/FDR-ReportBtns/64.9VIIIP-WaiverHeader' is present

2020-09-08 11:44:29 - [MESSAGE][PASSED] - Object 'Object Repository/FDR-System-Admin/FDR-Reports/FDR-MBES-Reports/FDR-ReportBtns/64.9VIIIP-WaiverHeader' is present

2020-09-08 11:44:29 - [TEST_STEP][PASSED] - Start listener action : sampleAfterTestCase: null

2020-09-08 11:44:29 - [TEST_STEP][PASSED] - profileName = getExecutionProfile(): null

2020-09-08 11:44:29 - [TEST_STEP][PASSED] - switch (profileName): null

2020-09-08 11:44:29 - [TEST_STEP][PASSED] - case "superUser":: null

2020-09-08 11:44:29 - [TEST_STEP][PASSED] - return null: null

2020-09-08 11:44:29 - [TEST_STEP][PASSED] - Start listener action : afterTestCase: Browser is closed

2020-09-08 11:44:29 - [TEST_STEP][PASSED] - profileName = getExecutionProfile(): null

2020-09-08 11:44:29 - [TEST_STEP][PASSED] - if (profileName.equalsIgnoreCase("SysAdmin")): Browser is closed

2020-09-08 11:44:29 - [TEST_STEP][PASSED] - closeBrowser(): Browser is closed

2020-09-08 11:44:30 - [MESSAGE][PASSED] - Browser is closed

2020-09-08 11:44:30 - [TEST_STEP][PASSED] - Start listener action : sampleAfterTestCase: null

2020-09-08 11:44:30 - [TEST_STEP][PASSED] - profileName = getExecutionProfile(): null

2020-09-08 11:44:30 - [TEST_STEP][PASSED] - switch (profileName): null

2020-09-08 11:44:30 - [TEST_STEP][PASSED] - Default: null

2020-09-08 11:44:30 - [TEST_STEP][PASSED] - return null: null

2020-09-08 11:44:30 - [TEST_STEP][PASSED] - Start listener action : addFailedTCToList: null]]></system-out>
         <system-err><![CDATA[]]></system-err>
      </testcase>
      <testcase name="Test Cases/WEB-UI-TESTS/SysAdmin/CalendarPage/FDR-Calendar-Dashboard" time="24.594" classname="Test Cases/WEB-UI-TESTS/SysAdmin/CalendarPage/FDR-Calendar-Dashboard" status="PASSED">
         <system-out><![CDATA[2020-09-08 11:44:30 - [TEST_CASE][PASSED] - Test Cases/WEB-UI-TESTS/SysAdmin/CalendarPage/FDR-Calendar-Dashboard: Test Cases/WEB-UI-TESTS/SysAdmin/CalendarPage/FDR-Calendar-Dashboard

2020-09-08 11:44:30 - [TEST_STEP][PASSED] - Start listener action : sampleBeforeTestCase: null

2020-09-08 11:44:30 - [TEST_STEP][PASSED] - profileName = getExecutionProfile(): null

2020-09-08 11:44:30 - [TEST_STEP][PASSED] - switch (profileName): null

2020-09-08 11:44:30 - [TEST_STEP][PASSED] - case "superUser":: null

2020-09-08 11:44:30 - [TEST_STEP][PASSED] - return null: null

2020-09-08 11:44:30 - [TEST_STEP][PASSED] - Start listener action : beforeTestCase: Call Test Case 'Test Cases/WEB-UI-TESTS/SysAdmin/SystemAdmin-Login' successfully

2020-09-08 11:44:30 - [TEST_STEP][PASSED] - profileName = getExecutionProfile(): null

2020-09-08 11:44:30 - [TEST_STEP][PASSED] - if (profileName.equalsIgnoreCase("SysAdmin")): Call Test Case 'Test Cases/WEB-UI-TESTS/SysAdmin/SystemAdmin-Login' successfully

2020-09-08 11:44:30 - [TEST_STEP][PASSED] - callTestCase(findTestCase("Test Cases/WEB-UI-TESTS/SysAdmin/SystemAdmin-Login"), null): Call Test Case 'Test Cases/WEB-UI-TESTS/SysAdmin/SystemAdmin-Login' successfully

2020-09-08 11:44:30 - [TEST_CASE][PASSED] - Test Cases/WEB-UI-TESTS/SysAdmin/SystemAdmin-Login: Test Cases/WEB-UI-TESTS/SysAdmin/SystemAdmin-Login

2020-09-08 11:44:30 - [TEST_STEP][PASSED] - openBrowser(URL): Browser is opened with url: 'https://fdr-katalon.cammis-mod-dev.dhcs.ca.gov'

2020-09-08 11:44:30 - [MESSAGE][INFO] - Starting 'Chrome' driver

2020-09-08 11:44:30 - [MESSAGE][INFO] - Action delay is set to 0 milliseconds

2020-09-08 11:44:34 - [MESSAGE][PASSED] - Browser is opened with url: 'https://fdr-katalon.cammis-mod-dev.dhcs.ca.gov'

2020-09-08 11:44:34 - [TEST_STEP][PASSED] - maximizeWindow(): Current window maximized

2020-09-08 11:44:36 - [MESSAGE][PASSED] - Current window maximized

2020-09-08 11:44:36 - [TEST_STEP][PASSED] - refresh(): Refresh successfully

2020-09-08 11:44:36 - [MESSAGE][PASSED] - Refresh successfully

2020-09-08 11:44:36 - [TEST_STEP][PASSED] - delay(2): Delayed 2 second(s)

2020-09-08 11:44:38 - [MESSAGE][PASSED] - Delayed 2 second(s)

2020-09-08 11:44:38 - [TEST_STEP][PASSED] - waitForElementPresent(findTestObject("FDR-System-Admin/SysAdmin-SignIn/adminEmail"), 5): Object 'Object Repository/FDR-System-Admin/SysAdmin-SignIn/adminEmail' is present

2020-09-08 11:44:38 - [MESSAGE][PASSED] - Object 'Object Repository/FDR-System-Admin/SysAdmin-SignIn/adminEmail' is present

2020-09-08 11:44:38 - [TEST_STEP][PASSED] - setText(findTestObject("FDR-System-Admin/SysAdmin-SignIn/adminEmail"), adminEmail): Text 'fdr.test10@dhcs.ca.gov
' is set on object 'Object Repository/FDR-System-Admin/SysAdmin-SignIn/adminEmail'

2020-09-08 11:44:39 - [MESSAGE][PASSED] - Text 'fdr.test10@dhcs.ca.gov
' is set on object 'Object Repository/FDR-System-Admin/SysAdmin-SignIn/adminEmail'

2020-09-08 11:44:39 - [TEST_STEP][PASSED] - waitForElementPresent(findTestObject("FDR-System-Admin/SysAdmin-SignIn/adminUserName"), 5): Object 'Object Repository/FDR-System-Admin/SysAdmin-SignIn/adminUserName' is present

2020-09-08 11:44:42 - [MESSAGE][PASSED] - Object 'Object Repository/FDR-System-Admin/SysAdmin-SignIn/adminUserName' is present

2020-09-08 11:44:42 - [TEST_STEP][PASSED] - setText(findTestObject("FDR-System-Admin/SysAdmin-SignIn/adminUserName"), UserName): Text 'fdr.test10@dhcs.ca.gov' is set on object 'Object Repository/FDR-System-Admin/SysAdmin-SignIn/adminUserName'

2020-09-08 11:44:43 - [MESSAGE][PASSED] - Text 'fdr.test10@dhcs.ca.gov' is set on object 'Object Repository/FDR-System-Admin/SysAdmin-SignIn/adminUserName'

2020-09-08 11:44:43 - [TEST_STEP][PASSED] - setText(findTestObject("FDR-System-Admin/SysAdmin-SignIn/adminPass"), Password): Text 'Password18' is set on object 'Object Repository/FDR-System-Admin/SysAdmin-SignIn/adminPass'

2020-09-08 11:44:43 - [MESSAGE][PASSED] - Text 'Password18' is set on object 'Object Repository/FDR-System-Admin/SysAdmin-SignIn/adminPass'

2020-09-08 11:44:43 - [TEST_STEP][PASSED] - click(findTestObject("FDR-System-Admin/SysAdmin-SignIn/adminSignIn")): Object: 'Object Repository/FDR-System-Admin/SysAdmin-SignIn/adminSignIn' is clicked on

2020-09-08 11:44:45 - [MESSAGE][PASSED] - Object: 'Object Repository/FDR-System-Admin/SysAdmin-SignIn/adminSignIn' is clicked on

2020-09-08 11:44:45 - [TEST_STEP][PASSED] - waitForElementPresent(findTestObject("Object Repository/FDR-System-Admin/SysAdmin-Dashboard/maintainReferenceDataBtn"), 3): Object 'Object Repository/FDR-System-Admin/SysAdmin-Dashboard/maintainReferenceDataBtn' is present

2020-09-08 11:44:48 - [MESSAGE][PASSED] - Object 'Object Repository/FDR-System-Admin/SysAdmin-Dashboard/maintainReferenceDataBtn' is present

2020-09-08 11:44:48 - [TEST_STEP][PASSED] - verifyElementPresent(findTestObject("Object Repository/FDR-System-Admin/SysAdmin-Dashboard/maintainReferenceDataBtn"), Timeout): Object 'Object Repository/FDR-System-Admin/SysAdmin-Dashboard/maintainReferenceDataBtn' is present

2020-09-08 11:44:48 - [MESSAGE][PASSED] - Object 'Object Repository/FDR-System-Admin/SysAdmin-Dashboard/maintainReferenceDataBtn' is present

2020-09-08 11:44:48 - [TEST_STEP][PASSED] - refresh(): Refresh successfully

2020-09-08 11:44:49 - [MESSAGE][PASSED] - Refresh successfully

2020-09-08 11:44:49 - [MESSAGE][PASSED] - Call Test Case 'Test Cases/WEB-UI-TESTS/SysAdmin/SystemAdmin-Login' successfully

2020-09-08 11:44:49 - [TEST_STEP][PASSED] - Start listener action : sampleBeforeTestCase: null

2020-09-08 11:44:49 - [TEST_STEP][PASSED] - profileName = getExecutionProfile(): null

2020-09-08 11:44:49 - [TEST_STEP][PASSED] - testCaseId = testCaseContext.getTestCaseId(): null

2020-09-08 11:44:49 - [TEST_STEP][PASSED] - switch (profileName): null

2020-09-08 11:44:49 - [TEST_STEP][PASSED] - Default: null

2020-09-08 11:44:49 - [TEST_STEP][PASSED] - return null: null

2020-09-08 11:44:49 - [TEST_STEP][PASSED] - Start listener action : executeRows: null

2020-09-08 11:44:50 - [TEST_STEP][PASSED] - waitForElementPresent(findTestObject("Object Repository/FDR-System-Admin/FDR-Calendar/FDR-Calendar-Dashboard/calendarBtn"), 3): Object 'Object Repository/FDR-System-Admin/FDR-Calendar/FDR-Calendar-Dashboard/calendarBtn' is present

2020-09-08 11:44:50 - [MESSAGE][PASSED] - Object 'Object Repository/FDR-System-Admin/FDR-Calendar/FDR-Calendar-Dashboard/calendarBtn' is present

2020-09-08 11:44:50 - [TEST_STEP][PASSED] - taskName = "Calendar": null

2020-09-08 11:44:50 - [TEST_STEP][PASSED] - verifyElementText(findTestObject("Object Repository/FDR-System-Admin/FDR-Calendar/FDR-Calendar-Dashboard/calendarBtnText"), taskName): Actual text and expected text of test object 'Object Repository/FDR-System-Admin/FDR-Calendar/FDR-Calendar-Dashboard/calendarBtnText' are matched.

2020-09-08 11:44:50 - [MESSAGE][PASSED] - Actual text and expected text of test object 'Object Repository/FDR-System-Admin/FDR-Calendar/FDR-Calendar-Dashboard/calendarBtnText' are matched.

2020-09-08 11:44:50 - [TEST_STEP][PASSED] - click(findTestObject("Object Repository/FDR-System-Admin/FDR-Calendar/FDR-Calendar-Dashboard/calendarBtn")): Object: 'Object Repository/FDR-System-Admin/FDR-Calendar/FDR-Calendar-Dashboard/calendarBtn' is clicked on

2020-09-08 11:44:50 - [MESSAGE][PASSED] - Object: 'Object Repository/FDR-System-Admin/FDR-Calendar/FDR-Calendar-Dashboard/calendarBtn' is clicked on

2020-09-08 11:44:50 - [TEST_STEP][PASSED] - click(findTestObject("Object Repository/FDR-System-Admin/FDR-Calendar/FDR-Calendar-Dashboard/calendarDataTypeDropdown")): Object: 'Object Repository/FDR-System-Admin/FDR-Calendar/FDR-Calendar-Dashboard/calendarDataTypeDropdown' is clicked on

2020-09-08 11:44:51 - [MESSAGE][PASSED] - Object: 'Object Repository/FDR-System-Admin/FDR-Calendar/FDR-Calendar-Dashboard/calendarDataTypeDropdown' is clicked on

2020-09-08 11:44:51 - [TEST_STEP][PASSED] - click(findTestObject("Object Repository/FDR-System-Admin/FDR-Calendar/FDR-Calendar-Dashboard/drawDateOption")): Object: 'Object Repository/FDR-System-Admin/FDR-Calendar/FDR-Calendar-Dashboard/drawDateOption' is clicked on

2020-09-08 11:44:51 - [MESSAGE][PASSED] - Object: 'Object Repository/FDR-System-Admin/FDR-Calendar/FDR-Calendar-Dashboard/drawDateOption' is clicked on

2020-09-08 11:44:51 - [TEST_STEP][PASSED] - click(findTestObject("Object Repository/FDR-System-Admin/FDR-Calendar/FDR-Calendar-Dashboard/calendarDropdown")): Object: 'Object Repository/FDR-System-Admin/FDR-Calendar/FDR-Calendar-Dashboard/calendarDropdown' is clicked on

2020-09-08 11:44:52 - [MESSAGE][PASSED] - Object: 'Object Repository/FDR-System-Admin/FDR-Calendar/FDR-Calendar-Dashboard/calendarDropdown' is clicked on

2020-09-08 11:44:52 - [TEST_STEP][PASSED] - click(findTestObject("Object Repository/FDR-System-Admin/FDR-Calendar/FDR-Calendar-Dashboard/federalFiscalYearOption")): Object: 'Object Repository/FDR-System-Admin/FDR-Calendar/FDR-Calendar-Dashboard/federalFiscalYearOption' is clicked on

2020-09-08 11:44:53 - [MESSAGE][PASSED] - Object: 'Object Repository/FDR-System-Admin/FDR-Calendar/FDR-Calendar-Dashboard/federalFiscalYearOption' is clicked on

2020-09-08 11:44:53 - [TEST_STEP][PASSED] - click(findTestObject("Object Repository/FDR-System-Admin/FDR-Calendar/FDR-Calendar-Dashboard/calendarDropdown")): Object: 'Object Repository/FDR-System-Admin/FDR-Calendar/FDR-Calendar-Dashboard/calendarDropdown' is clicked on

2020-09-08 11:44:53 - [MESSAGE][PASSED] - Object: 'Object Repository/FDR-System-Admin/FDR-Calendar/FDR-Calendar-Dashboard/calendarDropdown' is clicked on

2020-09-08 11:44:53 - [TEST_STEP][PASSED] - click(findTestObject("Object Repository/FDR-System-Admin/FDR-Calendar/FDR-Calendar-Dashboard/stateFiscalYearOption")): Object: 'Object Repository/FDR-System-Admin/FDR-Calendar/FDR-Calendar-Dashboard/stateFiscalYearOption' is clicked on

2020-09-08 11:44:54 - [MESSAGE][PASSED] - Object: 'Object Repository/FDR-System-Admin/FDR-Calendar/FDR-Calendar-Dashboard/stateFiscalYearOption' is clicked on

2020-09-08 11:44:54 - [TEST_STEP][PASSED] - Start listener action : sampleAfterTestCase: null

2020-09-08 11:44:54 - [TEST_STEP][PASSED] - profileName = getExecutionProfile(): null

2020-09-08 11:44:54 - [TEST_STEP][PASSED] - switch (profileName): null

2020-09-08 11:44:54 - [TEST_STEP][PASSED] - case "superUser":: null

2020-09-08 11:44:54 - [TEST_STEP][PASSED] - return null: null

2020-09-08 11:44:54 - [TEST_STEP][PASSED] - Start listener action : afterTestCase: Browser is closed

2020-09-08 11:44:54 - [TEST_STEP][PASSED] - profileName = getExecutionProfile(): null

2020-09-08 11:44:54 - [TEST_STEP][PASSED] - if (profileName.equalsIgnoreCase("SysAdmin")): Browser is closed

2020-09-08 11:44:54 - [TEST_STEP][PASSED] - closeBrowser(): Browser is closed

2020-09-08 11:44:54 - [MESSAGE][PASSED] - Browser is closed

2020-09-08 11:44:54 - [TEST_STEP][PASSED] - Start listener action : sampleAfterTestCase: null

2020-09-08 11:44:54 - [TEST_STEP][PASSED] - profileName = getExecutionProfile(): null

2020-09-08 11:44:54 - [TEST_STEP][PASSED] - switch (profileName): null

2020-09-08 11:44:54 - [TEST_STEP][PASSED] - Default: null

2020-09-08 11:44:54 - [TEST_STEP][PASSED] - return null: null

2020-09-08 11:44:54 - [TEST_STEP][PASSED] - Start listener action : addFailedTCToList: null]]></system-out>
         <system-err><![CDATA[]]></system-err>
      </testcase>
      <testcase name="Test Cases/WEB-UI-TESTS/SysAdmin/CalendarPage/FDR-Calendar-StateFiscalYear" time="31.793" classname="Test Cases/WEB-UI-TESTS/SysAdmin/CalendarPage/FDR-Calendar-StateFiscalYear" status="PASSED">
         <system-out><![CDATA[2020-09-08 11:44:54 - [TEST_CASE][PASSED] - Test Cases/WEB-UI-TESTS/SysAdmin/CalendarPage/FDR-Calendar-StateFiscalYear: Test Cases/WEB-UI-TESTS/SysAdmin/CalendarPage/FDR-Calendar-StateFiscalYear

2020-09-08 11:44:54 - [TEST_STEP][PASSED] - Start listener action : sampleBeforeTestCase: null

2020-09-08 11:44:54 - [TEST_STEP][PASSED] - profileName = getExecutionProfile(): null

2020-09-08 11:44:54 - [TEST_STEP][PASSED] - switch (profileName): null

2020-09-08 11:44:54 - [TEST_STEP][PASSED] - case "superUser":: null

2020-09-08 11:44:54 - [TEST_STEP][PASSED] - return null: null

2020-09-08 11:44:54 - [TEST_STEP][PASSED] - Start listener action : beforeTestCase: Call Test Case 'Test Cases/WEB-UI-TESTS/SysAdmin/SystemAdmin-Login' successfully

2020-09-08 11:44:54 - [TEST_STEP][PASSED] - profileName = getExecutionProfile(): null

2020-09-08 11:44:54 - [TEST_STEP][PASSED] - if (profileName.equalsIgnoreCase("SysAdmin")): Call Test Case 'Test Cases/WEB-UI-TESTS/SysAdmin/SystemAdmin-Login' successfully

2020-09-08 11:44:54 - [TEST_STEP][PASSED] - callTestCase(findTestCase("Test Cases/WEB-UI-TESTS/SysAdmin/SystemAdmin-Login"), null): Call Test Case 'Test Cases/WEB-UI-TESTS/SysAdmin/SystemAdmin-Login' successfully

2020-09-08 11:44:54 - [TEST_CASE][PASSED] - Test Cases/WEB-UI-TESTS/SysAdmin/SystemAdmin-Login: Test Cases/WEB-UI-TESTS/SysAdmin/SystemAdmin-Login

2020-09-08 11:44:54 - [TEST_STEP][PASSED] - openBrowser(URL): Browser is opened with url: 'https://fdr-katalon.cammis-mod-dev.dhcs.ca.gov'

2020-09-08 11:44:54 - [MESSAGE][INFO] - Starting 'Chrome' driver

2020-09-08 11:44:54 - [MESSAGE][INFO] - Action delay is set to 0 milliseconds

2020-09-08 11:44:59 - [MESSAGE][PASSED] - Browser is opened with url: 'https://fdr-katalon.cammis-mod-dev.dhcs.ca.gov'

2020-09-08 11:44:59 - [TEST_STEP][PASSED] - maximizeWindow(): Current window maximized

2020-09-08 11:45:02 - [MESSAGE][PASSED] - Current window maximized

2020-09-08 11:45:02 - [TEST_STEP][PASSED] - refresh(): Refresh successfully

2020-09-08 11:45:03 - [MESSAGE][PASSED] - Refresh successfully

2020-09-08 11:45:03 - [TEST_STEP][PASSED] - delay(2): Delayed 2 second(s)

2020-09-08 11:45:05 - [MESSAGE][PASSED] - Delayed 2 second(s)

2020-09-08 11:45:05 - [TEST_STEP][PASSED] - waitForElementPresent(findTestObject("FDR-System-Admin/SysAdmin-SignIn/adminEmail"), 5): Object 'Object Repository/FDR-System-Admin/SysAdmin-SignIn/adminEmail' is present

2020-09-08 11:45:05 - [MESSAGE][PASSED] - Object 'Object Repository/FDR-System-Admin/SysAdmin-SignIn/adminEmail' is present

2020-09-08 11:45:05 - [TEST_STEP][PASSED] - setText(findTestObject("FDR-System-Admin/SysAdmin-SignIn/adminEmail"), adminEmail): Text 'fdr.test10@dhcs.ca.gov
' is set on object 'Object Repository/FDR-System-Admin/SysAdmin-SignIn/adminEmail'

2020-09-08 11:45:06 - [MESSAGE][PASSED] - Text 'fdr.test10@dhcs.ca.gov
' is set on object 'Object Repository/FDR-System-Admin/SysAdmin-SignIn/adminEmail'

2020-09-08 11:45:06 - [TEST_STEP][PASSED] - waitForElementPresent(findTestObject("FDR-System-Admin/SysAdmin-SignIn/adminUserName"), 5): Object 'Object Repository/FDR-System-Admin/SysAdmin-SignIn/adminUserName' is present

2020-09-08 11:45:09 - [MESSAGE][PASSED] - Object 'Object Repository/FDR-System-Admin/SysAdmin-SignIn/adminUserName' is present

2020-09-08 11:45:09 - [TEST_STEP][PASSED] - setText(findTestObject("FDR-System-Admin/SysAdmin-SignIn/adminUserName"), UserName): Text 'fdr.test10@dhcs.ca.gov' is set on object 'Object Repository/FDR-System-Admin/SysAdmin-SignIn/adminUserName'

2020-09-08 11:45:10 - [MESSAGE][PASSED] - Text 'fdr.test10@dhcs.ca.gov' is set on object 'Object Repository/FDR-System-Admin/SysAdmin-SignIn/adminUserName'

2020-09-08 11:45:10 - [TEST_STEP][PASSED] - setText(findTestObject("FDR-System-Admin/SysAdmin-SignIn/adminPass"), Password): Text 'Password18' is set on object 'Object Repository/FDR-System-Admin/SysAdmin-SignIn/adminPass'

2020-09-08 11:45:10 - [MESSAGE][PASSED] - Text 'Password18' is set on object 'Object Repository/FDR-System-Admin/SysAdmin-SignIn/adminPass'

2020-09-08 11:45:10 - [TEST_STEP][PASSED] - click(findTestObject("FDR-System-Admin/SysAdmin-SignIn/adminSignIn")): Object: 'Object Repository/FDR-System-Admin/SysAdmin-SignIn/adminSignIn' is clicked on

2020-09-08 11:45:12 - [MESSAGE][PASSED] - Object: 'Object Repository/FDR-System-Admin/SysAdmin-SignIn/adminSignIn' is clicked on

2020-09-08 11:45:12 - [TEST_STEP][PASSED] - waitForElementPresent(findTestObject("Object Repository/FDR-System-Admin/SysAdmin-Dashboard/maintainReferenceDataBtn"), 3): Object 'Object Repository/FDR-System-Admin/SysAdmin-Dashboard/maintainReferenceDataBtn' is present

2020-09-08 11:45:14 - [MESSAGE][PASSED] - Object 'Object Repository/FDR-System-Admin/SysAdmin-Dashboard/maintainReferenceDataBtn' is present

2020-09-08 11:45:14 - [TEST_STEP][PASSED] - verifyElementPresent(findTestObject("Object Repository/FDR-System-Admin/SysAdmin-Dashboard/maintainReferenceDataBtn"), Timeout): Object 'Object Repository/FDR-System-Admin/SysAdmin-Dashboard/maintainReferenceDataBtn' is present

2020-09-08 11:45:15 - [MESSAGE][PASSED] - Object 'Object Repository/FDR-System-Admin/SysAdmin-Dashboard/maintainReferenceDataBtn' is present

2020-09-08 11:45:15 - [TEST_STEP][PASSED] - refresh(): Refresh successfully

2020-09-08 11:45:15 - [MESSAGE][PASSED] - Refresh successfully

2020-09-08 11:45:15 - [MESSAGE][PASSED] - Call Test Case 'Test Cases/WEB-UI-TESTS/SysAdmin/SystemAdmin-Login' successfully

2020-09-08 11:45:15 - [TEST_STEP][PASSED] - Start listener action : sampleBeforeTestCase: null

2020-09-08 11:45:15 - [TEST_STEP][PASSED] - profileName = getExecutionProfile(): null

2020-09-08 11:45:15 - [TEST_STEP][PASSED] - testCaseId = testCaseContext.getTestCaseId(): null

2020-09-08 11:45:15 - [TEST_STEP][PASSED] - switch (profileName): null

2020-09-08 11:45:15 - [TEST_STEP][PASSED] - Default: null

2020-09-08 11:45:15 - [TEST_STEP][PASSED] - return null: null

2020-09-08 11:45:15 - [TEST_STEP][PASSED] - Start listener action : executeRows: null

2020-09-08 11:45:16 - [TEST_STEP][PASSED] - waitForElementPresent(findTestObject("Object Repository/FDR-System-Admin/FDR-Calendar/FDR-Calendar-Dashboard/calendarBtn"), 3): Object 'Object Repository/FDR-System-Admin/FDR-Calendar/FDR-Calendar-Dashboard/calendarBtn' is present

2020-09-08 11:45:16 - [MESSAGE][PASSED] - Object 'Object Repository/FDR-System-Admin/FDR-Calendar/FDR-Calendar-Dashboard/calendarBtn' is present

2020-09-08 11:45:16 - [TEST_STEP][PASSED] - taskName = "Calendar": null

2020-09-08 11:45:16 - [TEST_STEP][PASSED] - verifyElementText(findTestObject("Object Repository/FDR-System-Admin/FDR-Calendar/FDR-Calendar-Dashboard/calendarBtnText"), taskName): Actual text and expected text of test object 'Object Repository/FDR-System-Admin/FDR-Calendar/FDR-Calendar-Dashboard/calendarBtnText' are matched.

2020-09-08 11:45:16 - [MESSAGE][PASSED] - Actual text and expected text of test object 'Object Repository/FDR-System-Admin/FDR-Calendar/FDR-Calendar-Dashboard/calendarBtnText' are matched.

2020-09-08 11:45:16 - [TEST_STEP][PASSED] - click(findTestObject("Object Repository/FDR-System-Admin/FDR-Calendar/FDR-Calendar-Dashboard/calendarBtn")): Object: 'Object Repository/FDR-System-Admin/FDR-Calendar/FDR-Calendar-Dashboard/calendarBtn' is clicked on

2020-09-08 11:45:16 - [MESSAGE][PASSED] - Object: 'Object Repository/FDR-System-Admin/FDR-Calendar/FDR-Calendar-Dashboard/calendarBtn' is clicked on

2020-09-08 11:45:16 - [TEST_STEP][PASSED] - setText(findTestObject("Object Repository/FDR-System-Admin/FDR-Calendar/FDR-Calendar-Dashboard/calendarDataTypeDropdown"), ""): Text '' is set on object 'Object Repository/FDR-System-Admin/FDR-Calendar/FDR-Calendar-Dashboard/calendarDataTypeDropdown'

2020-09-08 11:45:17 - [MESSAGE][PASSED] - Text '' is set on object 'Object Repository/FDR-System-Admin/FDR-Calendar/FDR-Calendar-Dashboard/calendarDataTypeDropdown'

2020-09-08 11:45:17 - [TEST_STEP][PASSED] - click(findTestObject("Object Repository/FDR-System-Admin/FDR-Calendar/FDR-Calendar-Dashboard/calendarDropdown")): Object: 'Object Repository/FDR-System-Admin/FDR-Calendar/FDR-Calendar-Dashboard/calendarDropdown' is clicked on

2020-09-08 11:45:18 - [MESSAGE][PASSED] - Object: 'Object Repository/FDR-System-Admin/FDR-Calendar/FDR-Calendar-Dashboard/calendarDropdown' is clicked on

2020-09-08 11:45:18 - [TEST_STEP][PASSED] - click(findTestObject("Object Repository/FDR-System-Admin/FDR-Calendar/FDR-Calendar-Dashboard/stateFiscalYearOption")): Object: 'Object Repository/FDR-System-Admin/FDR-Calendar/FDR-Calendar-Dashboard/stateFiscalYearOption' is clicked on

2020-09-08 11:45:18 - [MESSAGE][PASSED] - Object: 'Object Repository/FDR-System-Admin/FDR-Calendar/FDR-Calendar-Dashboard/stateFiscalYearOption' is clicked on

2020-09-08 11:45:18 - [TEST_STEP][PASSED] - waitForElementPresent(findTestObject("Object Repository/FDR-System-Admin/FDR-Calendar/FDR-Calendar-StateFiscalYear/gridViewFiscalYearLabel"), 3): Object 'Object Repository/FDR-System-Admin/FDR-Calendar/FDR-Calendar-StateFiscalYear/gridViewFiscalYearLabel' is present

2020-09-08 11:45:19 - [MESSAGE][PASSED] - Object 'Object Repository/FDR-System-Admin/FDR-Calendar/FDR-Calendar-StateFiscalYear/gridViewFiscalYearLabel' is present

2020-09-08 11:45:19 - [TEST_STEP][PASSED] - stateFiscalYearLabel = "Fiscal Year": null

2020-09-08 11:45:19 - [TEST_STEP][PASSED] - verifyElementText(findTestObject("Object Repository/FDR-System-Admin/FDR-Calendar/FDR-Calendar-StateFiscalYear/gridViewFiscalYearLabel"), stateFiscalYearLabel): Actual text and expected text of test object 'Object Repository/FDR-System-Admin/FDR-Calendar/FDR-Calendar-StateFiscalYear/gridViewFiscalYearLabel' are matched.

2020-09-08 11:45:19 - [MESSAGE][PASSED] - Actual text and expected text of test object 'Object Repository/FDR-System-Admin/FDR-Calendar/FDR-Calendar-StateFiscalYear/gridViewFiscalYearLabel' are matched.

2020-09-08 11:45:19 - [TEST_STEP][PASSED] - navigateToUrl("https://fdr-katalon.cammis-mod-dev.dhcs.ca.gov/admin/calendar/state/2020"): Navigate to 'https://fdr-katalon.cammis-mod-dev.dhcs.ca.gov/admin/calendar/state/2020' successfully

2020-09-08 11:45:19 - [MESSAGE][PASSED] - Navigate to 'https://fdr-katalon.cammis-mod-dev.dhcs.ca.gov/admin/calendar/state/2020' successfully

2020-09-08 11:45:19 - [TEST_STEP][PASSED] - waitForElementPresent(findTestObject("Object Repository/FDR-System-Admin/FDR-Calendar/FDR-Calendar-StateFiscalYear/stateFiscalYearHeader"), 3): Object 'Object Repository/FDR-System-Admin/FDR-Calendar/FDR-Calendar-StateFiscalYear/stateFiscalYearHeader' is not present after 3 second(s)

2020-09-08 11:45:23 - [MESSAGE][INFO] - Unable to find the element located by 'By.xpath: //*[@id="wrapper"]/main/div/div/div/div/main/div/div[2]/div/div/div[1]/div/div/div/h2'. Please recheck the objects properties to make sure the desired element is located. 

2020-09-08 11:45:23 - [MESSAGE][WARNING] - Object 'Object Repository/FDR-System-Admin/FDR-Calendar/FDR-Calendar-StateFiscalYear/stateFiscalYearHeader' is not present after 3 second(s)

2020-09-08 11:45:23 - [TEST_STEP][PASSED] - navigateToUrl("https://fdr-katalon.cammis-mod-dev.dhcs.ca.gov/admin/calendar/state/2020"): Navigate to 'https://fdr-katalon.cammis-mod-dev.dhcs.ca.gov/admin/calendar/state/2020' successfully

2020-09-08 11:45:24 - [MESSAGE][PASSED] - Navigate to 'https://fdr-katalon.cammis-mod-dev.dhcs.ca.gov/admin/calendar/state/2020' successfully

2020-09-08 11:45:24 - [TEST_STEP][PASSED] - waitForElementPresent(findTestObject("Object Repository/FDR-System-Admin/FDR-Calendar/FDR-Calendar-StateFiscalYear/quarter1-Header"), 3): Object 'Object Repository/FDR-System-Admin/FDR-Calendar/FDR-Calendar-StateFiscalYear/quarter1-Header' is present

2020-09-08 11:45:24 - [MESSAGE][PASSED] - Object 'Object Repository/FDR-System-Admin/FDR-Calendar/FDR-Calendar-StateFiscalYear/quarter1-Header' is present

2020-09-08 11:45:24 - [TEST_STEP][PASSED] - quarter1 = "Quarter 1": null

2020-09-08 11:45:24 - [TEST_STEP][PASSED] - verifyElementText(findTestObject("Object Repository/FDR-System-Admin/FDR-Calendar/FDR-Calendar-StateFiscalYear/quarter1-Header"), quarter1): Actual text and expected text of test object 'Object Repository/FDR-System-Admin/FDR-Calendar/FDR-Calendar-StateFiscalYear/quarter1-Header' are matched.

2020-09-08 11:45:25 - [MESSAGE][PASSED] - Actual text and expected text of test object 'Object Repository/FDR-System-Admin/FDR-Calendar/FDR-Calendar-StateFiscalYear/quarter1-Header' are matched.

2020-09-08 11:45:25 - [TEST_STEP][PASSED] - quarter2 = "Quarter 2": null

2020-09-08 11:45:25 - [TEST_STEP][PASSED] - verifyElementText(findTestObject("Object Repository/FDR-System-Admin/FDR-Calendar/FDR-Calendar-StateFiscalYear/quarter2-header"), quarter2): Actual text and expected text of test object 'Object Repository/FDR-System-Admin/FDR-Calendar/FDR-Calendar-StateFiscalYear/quarter2-header' are matched.

2020-09-08 11:45:25 - [MESSAGE][PASSED] - Actual text and expected text of test object 'Object Repository/FDR-System-Admin/FDR-Calendar/FDR-Calendar-StateFiscalYear/quarter2-header' are matched.

2020-09-08 11:45:25 - [TEST_STEP][PASSED] - quarter3 = "Quarter 3": null

2020-09-08 11:45:25 - [TEST_STEP][PASSED] - verifyElementText(findTestObject("Object Repository/FDR-System-Admin/FDR-Calendar/FDR-Calendar-StateFiscalYear/quarter3-Header"), quarter3): Actual text and expected text of test object 'Object Repository/FDR-System-Admin/FDR-Calendar/FDR-Calendar-StateFiscalYear/quarter3-Header' are matched.

2020-09-08 11:45:25 - [MESSAGE][PASSED] - Actual text and expected text of test object 'Object Repository/FDR-System-Admin/FDR-Calendar/FDR-Calendar-StateFiscalYear/quarter3-Header' are matched.

2020-09-08 11:45:25 - [TEST_STEP][PASSED] - quarter4 = "Quarter 4": null

2020-09-08 11:45:25 - [TEST_STEP][PASSED] - verifyElementText(findTestObject("Object Repository/FDR-System-Admin/FDR-Calendar/FDR-Calendar-StateFiscalYear/quarter4-Header"), quarter4): Actual text and expected text of test object 'Object Repository/FDR-System-Admin/FDR-Calendar/FDR-Calendar-StateFiscalYear/quarter4-Header' are matched.

2020-09-08 11:45:25 - [MESSAGE][PASSED] - Actual text and expected text of test object 'Object Repository/FDR-System-Admin/FDR-Calendar/FDR-Calendar-StateFiscalYear/quarter4-Header' are matched.

2020-09-08 11:45:25 - [TEST_STEP][PASSED] - Start listener action : sampleAfterTestCase: null

2020-09-08 11:45:25 - [TEST_STEP][PASSED] - profileName = getExecutionProfile(): null

2020-09-08 11:45:25 - [TEST_STEP][PASSED] - switch (profileName): null

2020-09-08 11:45:25 - [TEST_STEP][PASSED] - case "superUser":: null

2020-09-08 11:45:25 - [TEST_STEP][PASSED] - return null: null

2020-09-08 11:45:25 - [TEST_STEP][PASSED] - Start listener action : afterTestCase: Browser is closed

2020-09-08 11:45:25 - [TEST_STEP][PASSED] - profileName = getExecutionProfile(): null

2020-09-08 11:45:25 - [TEST_STEP][PASSED] - if (profileName.equalsIgnoreCase("SysAdmin")): Browser is closed

2020-09-08 11:45:25 - [TEST_STEP][PASSED] - closeBrowser(): Browser is closed

2020-09-08 11:45:26 - [MESSAGE][PASSED] - Browser is closed

2020-09-08 11:45:26 - [TEST_STEP][PASSED] - Start listener action : sampleAfterTestCase: null

2020-09-08 11:45:26 - [TEST_STEP][PASSED] - profileName = getExecutionProfile(): null

2020-09-08 11:45:26 - [TEST_STEP][PASSED] - switch (profileName): null

2020-09-08 11:45:26 - [TEST_STEP][PASSED] - Default: null

2020-09-08 11:45:26 - [TEST_STEP][PASSED] - return null: null

2020-09-08 11:45:26 - [TEST_STEP][PASSED] - Start listener action : addFailedTCToList: null]]></system-out>
         <system-err><![CDATA[]]></system-err>
      </testcase>
      <testcase name="Test Cases/WEB-UI-TESTS/SysAdmin/CalendarPage/FDR-Calendar-FederalFiscalYear" time="27.052" classname="Test Cases/WEB-UI-TESTS/SysAdmin/CalendarPage/FDR-Calendar-FederalFiscalYear" status="PASSED">
         <system-out><![CDATA[2020-09-08 11:45:26 - [TEST_CASE][PASSED] - Test Cases/WEB-UI-TESTS/SysAdmin/CalendarPage/FDR-Calendar-FederalFiscalYear: Test Cases/WEB-UI-TESTS/SysAdmin/CalendarPage/FDR-Calendar-FederalFiscalYear

2020-09-08 11:45:26 - [TEST_STEP][PASSED] - Start listener action : sampleBeforeTestCase: null

2020-09-08 11:45:26 - [TEST_STEP][PASSED] - profileName = getExecutionProfile(): null

2020-09-08 11:45:26 - [TEST_STEP][PASSED] - switch (profileName): null

2020-09-08 11:45:26 - [TEST_STEP][PASSED] - case "superUser":: null

2020-09-08 11:45:26 - [TEST_STEP][PASSED] - return null: null

2020-09-08 11:45:26 - [TEST_STEP][PASSED] - Start listener action : beforeTestCase: Call Test Case 'Test Cases/WEB-UI-TESTS/SysAdmin/SystemAdmin-Login' successfully

2020-09-08 11:45:26 - [TEST_STEP][PASSED] - profileName = getExecutionProfile(): null

2020-09-08 11:45:26 - [TEST_STEP][PASSED] - if (profileName.equalsIgnoreCase("SysAdmin")): Call Test Case 'Test Cases/WEB-UI-TESTS/SysAdmin/SystemAdmin-Login' successfully

2020-09-08 11:45:26 - [TEST_STEP][PASSED] - callTestCase(findTestCase("Test Cases/WEB-UI-TESTS/SysAdmin/SystemAdmin-Login"), null): Call Test Case 'Test Cases/WEB-UI-TESTS/SysAdmin/SystemAdmin-Login' successfully

2020-09-08 11:45:26 - [TEST_CASE][PASSED] - Test Cases/WEB-UI-TESTS/SysAdmin/SystemAdmin-Login: Test Cases/WEB-UI-TESTS/SysAdmin/SystemAdmin-Login

2020-09-08 11:45:26 - [TEST_STEP][PASSED] - openBrowser(URL): Browser is opened with url: 'https://fdr-katalon.cammis-mod-dev.dhcs.ca.gov'

2020-09-08 11:45:26 - [MESSAGE][INFO] - Starting 'Chrome' driver

2020-09-08 11:45:26 - [MESSAGE][INFO] - Action delay is set to 0 milliseconds

2020-09-08 11:45:31 - [MESSAGE][PASSED] - Browser is opened with url: 'https://fdr-katalon.cammis-mod-dev.dhcs.ca.gov'

2020-09-08 11:45:31 - [TEST_STEP][PASSED] - maximizeWindow(): Current window maximized

2020-09-08 11:45:33 - [MESSAGE][PASSED] - Current window maximized

2020-09-08 11:45:33 - [TEST_STEP][PASSED] - refresh(): Refresh successfully

2020-09-08 11:45:34 - [MESSAGE][PASSED] - Refresh successfully

2020-09-08 11:45:34 - [TEST_STEP][PASSED] - delay(2): Delayed 2 second(s)

2020-09-08 11:45:36 - [MESSAGE][PASSED] - Delayed 2 second(s)

2020-09-08 11:45:36 - [TEST_STEP][PASSED] - waitForElementPresent(findTestObject("FDR-System-Admin/SysAdmin-SignIn/adminEmail"), 5): Object 'Object Repository/FDR-System-Admin/SysAdmin-SignIn/adminEmail' is present

2020-09-08 11:45:36 - [MESSAGE][PASSED] - Object 'Object Repository/FDR-System-Admin/SysAdmin-SignIn/adminEmail' is present

2020-09-08 11:45:36 - [TEST_STEP][PASSED] - setText(findTestObject("FDR-System-Admin/SysAdmin-SignIn/adminEmail"), adminEmail): Text 'fdr.test10@dhcs.ca.gov
' is set on object 'Object Repository/FDR-System-Admin/SysAdmin-SignIn/adminEmail'

2020-09-08 11:45:37 - [MESSAGE][PASSED] - Text 'fdr.test10@dhcs.ca.gov
' is set on object 'Object Repository/FDR-System-Admin/SysAdmin-SignIn/adminEmail'

2020-09-08 11:45:37 - [TEST_STEP][PASSED] - waitForElementPresent(findTestObject("FDR-System-Admin/SysAdmin-SignIn/adminUserName"), 5): Object 'Object Repository/FDR-System-Admin/SysAdmin-SignIn/adminUserName' is present

2020-09-08 11:45:40 - [MESSAGE][PASSED] - Object 'Object Repository/FDR-System-Admin/SysAdmin-SignIn/adminUserName' is present

2020-09-08 11:45:40 - [TEST_STEP][PASSED] - setText(findTestObject("FDR-System-Admin/SysAdmin-SignIn/adminUserName"), UserName): Text 'fdr.test10@dhcs.ca.gov' is set on object 'Object Repository/FDR-System-Admin/SysAdmin-SignIn/adminUserName'

2020-09-08 11:45:41 - [MESSAGE][PASSED] - Text 'fdr.test10@dhcs.ca.gov' is set on object 'Object Repository/FDR-System-Admin/SysAdmin-SignIn/adminUserName'

2020-09-08 11:45:41 - [TEST_STEP][PASSED] - setText(findTestObject("FDR-System-Admin/SysAdmin-SignIn/adminPass"), Password): Text 'Password18' is set on object 'Object Repository/FDR-System-Admin/SysAdmin-SignIn/adminPass'

2020-09-08 11:45:41 - [MESSAGE][PASSED] - Text 'Password18' is set on object 'Object Repository/FDR-System-Admin/SysAdmin-SignIn/adminPass'

2020-09-08 11:45:41 - [TEST_STEP][PASSED] - click(findTestObject("FDR-System-Admin/SysAdmin-SignIn/adminSignIn")): Object: 'Object Repository/FDR-System-Admin/SysAdmin-SignIn/adminSignIn' is clicked on

2020-09-08 11:45:43 - [MESSAGE][PASSED] - Object: 'Object Repository/FDR-System-Admin/SysAdmin-SignIn/adminSignIn' is clicked on

2020-09-08 11:45:43 - [TEST_STEP][PASSED] - waitForElementPresent(findTestObject("Object Repository/FDR-System-Admin/SysAdmin-Dashboard/maintainReferenceDataBtn"), 3): Object 'Object Repository/FDR-System-Admin/SysAdmin-Dashboard/maintainReferenceDataBtn' is present

2020-09-08 11:45:45 - [MESSAGE][PASSED] - Object 'Object Repository/FDR-System-Admin/SysAdmin-Dashboard/maintainReferenceDataBtn' is present

2020-09-08 11:45:45 - [TEST_STEP][PASSED] - verifyElementPresent(findTestObject("Object Repository/FDR-System-Admin/SysAdmin-Dashboard/maintainReferenceDataBtn"), Timeout): Object 'Object Repository/FDR-System-Admin/SysAdmin-Dashboard/maintainReferenceDataBtn' is present

2020-09-08 11:45:45 - [MESSAGE][PASSED] - Object 'Object Repository/FDR-System-Admin/SysAdmin-Dashboard/maintainReferenceDataBtn' is present

2020-09-08 11:45:45 - [TEST_STEP][PASSED] - refresh(): Refresh successfully

2020-09-08 11:45:46 - [MESSAGE][PASSED] - Refresh successfully

2020-09-08 11:45:46 - [MESSAGE][PASSED] - Call Test Case 'Test Cases/WEB-UI-TESTS/SysAdmin/SystemAdmin-Login' successfully

2020-09-08 11:45:46 - [TEST_STEP][PASSED] - Start listener action : sampleBeforeTestCase: null

2020-09-08 11:45:46 - [TEST_STEP][PASSED] - profileName = getExecutionProfile(): null

2020-09-08 11:45:46 - [TEST_STEP][PASSED] - testCaseId = testCaseContext.getTestCaseId(): null

2020-09-08 11:45:46 - [TEST_STEP][PASSED] - switch (profileName): null

2020-09-08 11:45:46 - [TEST_STEP][PASSED] - Default: null

2020-09-08 11:45:46 - [TEST_STEP][PASSED] - return null: null

2020-09-08 11:45:46 - [TEST_STEP][PASSED] - Start listener action : executeRows: null

2020-09-08 11:45:46 - [TEST_STEP][PASSED] - waitForElementPresent(findTestObject("Object Repository/FDR-System-Admin/FDR-Calendar/FDR-Calendar-Dashboard/calendarBtn"), 3): Object 'Object Repository/FDR-System-Admin/FDR-Calendar/FDR-Calendar-Dashboard/calendarBtn' is present

2020-09-08 11:45:47 - [MESSAGE][PASSED] - Object 'Object Repository/FDR-System-Admin/FDR-Calendar/FDR-Calendar-Dashboard/calendarBtn' is present

2020-09-08 11:45:47 - [TEST_STEP][PASSED] - taskName = "Calendar": null

2020-09-08 11:45:47 - [TEST_STEP][PASSED] - verifyElementText(findTestObject("Object Repository/FDR-System-Admin/FDR-Calendar/FDR-Calendar-Dashboard/calendarBtnText"), taskName): Actual text and expected text of test object 'Object Repository/FDR-System-Admin/FDR-Calendar/FDR-Calendar-Dashboard/calendarBtnText' are matched.

2020-09-08 11:45:47 - [MESSAGE][PASSED] - Actual text and expected text of test object 'Object Repository/FDR-System-Admin/FDR-Calendar/FDR-Calendar-Dashboard/calendarBtnText' are matched.

2020-09-08 11:45:47 - [TEST_STEP][PASSED] - click(findTestObject("Object Repository/FDR-System-Admin/FDR-Calendar/FDR-Calendar-Dashboard/calendarBtn")): Object: 'Object Repository/FDR-System-Admin/FDR-Calendar/FDR-Calendar-Dashboard/calendarBtn' is clicked on

2020-09-08 11:45:47 - [MESSAGE][PASSED] - Object: 'Object Repository/FDR-System-Admin/FDR-Calendar/FDR-Calendar-Dashboard/calendarBtn' is clicked on

2020-09-08 11:45:47 - [TEST_STEP][PASSED] - click(findTestObject("Object Repository/FDR-System-Admin/FDR-Calendar/FDR-Calendar-Dashboard/calendarDataTypeDropdown")): Object: 'Object Repository/FDR-System-Admin/FDR-Calendar/FDR-Calendar-Dashboard/calendarDataTypeDropdown' is clicked on

2020-09-08 11:45:48 - [MESSAGE][PASSED] - Object: 'Object Repository/FDR-System-Admin/FDR-Calendar/FDR-Calendar-Dashboard/calendarDataTypeDropdown' is clicked on

2020-09-08 11:45:48 - [TEST_STEP][PASSED] - setText(findTestObject("Object Repository/FDR-System-Admin/FDR-Calendar/FDR-Calendar-Dashboard/calendarDataTypeDropdown"), ""): Text '' is set on object 'Object Repository/FDR-System-Admin/FDR-Calendar/FDR-Calendar-Dashboard/calendarDataTypeDropdown'

2020-09-08 11:45:49 - [MESSAGE][PASSED] - Text '' is set on object 'Object Repository/FDR-System-Admin/FDR-Calendar/FDR-Calendar-Dashboard/calendarDataTypeDropdown'

2020-09-08 11:45:49 - [TEST_STEP][PASSED] - click(findTestObject("Object Repository/FDR-System-Admin/FDR-Calendar/FDR-Calendar-Dashboard/federalFiscalYearOption")): Object: 'Object Repository/FDR-System-Admin/FDR-Calendar/FDR-Calendar-Dashboard/federalFiscalYearOption' is clicked on

2020-09-08 11:45:49 - [MESSAGE][PASSED] - Object: 'Object Repository/FDR-System-Admin/FDR-Calendar/FDR-Calendar-Dashboard/federalFiscalYearOption' is clicked on

2020-09-08 11:45:49 - [TEST_STEP][PASSED] - waitForElementPresent(findTestObject("Object Repository/FDR-System-Admin/FDR-Calendar/FDR-Calendar-FederalFiscalYear/gridViewFiscalYearLabel"), 3): Object 'Object Repository/FDR-System-Admin/FDR-Calendar/FDR-Calendar-FederalFiscalYear/gridViewFiscalYearLabel' is present

2020-09-08 11:45:49 - [MESSAGE][PASSED] - Object 'Object Repository/FDR-System-Admin/FDR-Calendar/FDR-Calendar-FederalFiscalYear/gridViewFiscalYearLabel' is present

2020-09-08 11:45:49 - [TEST_STEP][PASSED] - fiscalYear = "Fiscal Year": null

2020-09-08 11:45:49 - [TEST_STEP][PASSED] - verifyElementText(findTestObject("Object Repository/FDR-System-Admin/FDR-Calendar/FDR-Calendar-FederalFiscalYear/gridViewFiscalYearLabel"), fiscalYear): Actual text and expected text of test object 'Object Repository/FDR-System-Admin/FDR-Calendar/FDR-Calendar-FederalFiscalYear/gridViewFiscalYearLabel' are matched.

2020-09-08 11:45:50 - [MESSAGE][PASSED] - Actual text and expected text of test object 'Object Repository/FDR-System-Admin/FDR-Calendar/FDR-Calendar-FederalFiscalYear/gridViewFiscalYearLabel' are matched.

2020-09-08 11:45:50 - [TEST_STEP][PASSED] - navigateToUrl("https://fdr-katalon.cammis-mod-dev.dhcs.ca.gov/admin/calendar/federal/2020"): Navigate to 'https://fdr-katalon.cammis-mod-dev.dhcs.ca.gov/admin/calendar/federal/2020' successfully

2020-09-08 11:45:50 - [MESSAGE][PASSED] - Navigate to 'https://fdr-katalon.cammis-mod-dev.dhcs.ca.gov/admin/calendar/federal/2020' successfully

2020-09-08 11:45:50 - [TEST_STEP][PASSED] - waitForElementPresent(findTestObject("Object Repository/FDR-System-Admin/FDR-Calendar/FDR-Calendar-FederalFiscalYear/federalFiscalYearHeader"), 3): Object 'Object Repository/FDR-System-Admin/FDR-Calendar/FDR-Calendar-FederalFiscalYear/federalFiscalYearHeader' is present

2020-09-08 11:45:51 - [MESSAGE][PASSED] - Object 'Object Repository/FDR-System-Admin/FDR-Calendar/FDR-Calendar-FederalFiscalYear/federalFiscalYearHeader' is present

2020-09-08 11:45:51 - [TEST_STEP][PASSED] - navigateToUrl("https://fdr-katalon.cammis-mod-dev.dhcs.ca.gov/admin/calendar/state/2020"): Navigate to 'https://fdr-katalon.cammis-mod-dev.dhcs.ca.gov/admin/calendar/state/2020' successfully

2020-09-08 11:45:51 - [MESSAGE][PASSED] - Navigate to 'https://fdr-katalon.cammis-mod-dev.dhcs.ca.gov/admin/calendar/state/2020' successfully

2020-09-08 11:45:51 - [TEST_STEP][PASSED] - quarter1 = "Quarter 1": null

2020-09-08 11:45:51 - [TEST_STEP][PASSED] - verifyElementText(findTestObject("Object Repository/FDR-System-Admin/FDR-Calendar/FDR-Calendar-FederalFiscalYear/quarter1-Header"), quarter1): Actual text and expected text of test object 'Object Repository/FDR-System-Admin/FDR-Calendar/FDR-Calendar-FederalFiscalYear/quarter1-Header' are matched.

2020-09-08 11:45:52 - [MESSAGE][PASSED] - Actual text and expected text of test object 'Object Repository/FDR-System-Admin/FDR-Calendar/FDR-Calendar-FederalFiscalYear/quarter1-Header' are matched.

2020-09-08 11:45:52 - [TEST_STEP][PASSED] - quarter2 = "Quarter 2": null

2020-09-08 11:45:52 - [TEST_STEP][PASSED] - verifyElementText(findTestObject("Object Repository/FDR-System-Admin/FDR-Calendar/FDR-Calendar-FederalFiscalYear/quarter2-Header"), quarter2): Actual text and expected text of test object 'Object Repository/FDR-System-Admin/FDR-Calendar/FDR-Calendar-FederalFiscalYear/quarter2-Header' are matched.

2020-09-08 11:45:52 - [MESSAGE][PASSED] - Actual text and expected text of test object 'Object Repository/FDR-System-Admin/FDR-Calendar/FDR-Calendar-FederalFiscalYear/quarter2-Header' are matched.

2020-09-08 11:45:52 - [TEST_STEP][PASSED] - quarter3 = "Quarter 3": null

2020-09-08 11:45:52 - [TEST_STEP][PASSED] - verifyElementText(findTestObject("Object Repository/FDR-System-Admin/FDR-Calendar/FDR-Calendar-FederalFiscalYear/quarter3-Header"), quarter3): Actual text and expected text of test object 'Object Repository/FDR-System-Admin/FDR-Calendar/FDR-Calendar-FederalFiscalYear/quarter3-Header' are matched.

2020-09-08 11:45:52 - [MESSAGE][PASSED] - Actual text and expected text of test object 'Object Repository/FDR-System-Admin/FDR-Calendar/FDR-Calendar-FederalFiscalYear/quarter3-Header' are matched.

2020-09-08 11:45:52 - [TEST_STEP][PASSED] - quarter4 = "Quarter 4": null

2020-09-08 11:45:52 - [TEST_STEP][PASSED] - verifyElementText(findTestObject("Object Repository/FDR-System-Admin/FDR-Calendar/FDR-Calendar-FederalFiscalYear/quarter4-Header"), quarter4): Actual text and expected text of test object 'Object Repository/FDR-System-Admin/FDR-Calendar/FDR-Calendar-FederalFiscalYear/quarter4-Header' are matched.

2020-09-08 11:45:52 - [MESSAGE][PASSED] - Actual text and expected text of test object 'Object Repository/FDR-System-Admin/FDR-Calendar/FDR-Calendar-FederalFiscalYear/quarter4-Header' are matched.

2020-09-08 11:45:52 - [TEST_STEP][PASSED] - Start listener action : sampleAfterTestCase: null

2020-09-08 11:45:52 - [TEST_STEP][PASSED] - profileName = getExecutionProfile(): null

2020-09-08 11:45:52 - [TEST_STEP][PASSED] - switch (profileName): null

2020-09-08 11:45:52 - [TEST_STEP][PASSED] - case "superUser":: null

2020-09-08 11:45:52 - [TEST_STEP][PASSED] - return null: null

2020-09-08 11:45:52 - [TEST_STEP][PASSED] - Start listener action : afterTestCase: Browser is closed

2020-09-08 11:45:52 - [TEST_STEP][PASSED] - profileName = getExecutionProfile(): null

2020-09-08 11:45:52 - [TEST_STEP][PASSED] - if (profileName.equalsIgnoreCase("SysAdmin")): Browser is closed

2020-09-08 11:45:52 - [TEST_STEP][PASSED] - closeBrowser(): Browser is closed

2020-09-08 11:45:53 - [MESSAGE][PASSED] - Browser is closed

2020-09-08 11:45:53 - [TEST_STEP][PASSED] - Start listener action : sampleAfterTestCase: null

2020-09-08 11:45:53 - [TEST_STEP][PASSED] - profileName = getExecutionProfile(): null

2020-09-08 11:45:53 - [TEST_STEP][PASSED] - switch (profileName): null

2020-09-08 11:45:53 - [TEST_STEP][PASSED] - Default: null

2020-09-08 11:45:53 - [TEST_STEP][PASSED] - return null: null

2020-09-08 11:45:53 - [TEST_STEP][PASSED] - Start listener action : addFailedTCToList: null]]></system-out>
         <system-err><![CDATA[]]></system-err>
      </testcase>
      <testcase name="Test Cases/WEB-UI-TESTS/SysAdmin/ReportsPage/FDR-Custom-Reports" time="29.935" classname="Test Cases/WEB-UI-TESTS/SysAdmin/ReportsPage/FDR-Custom-Reports" status="PASSED">
         <system-out><![CDATA[2020-09-08 11:45:53 - [TEST_CASE][PASSED] - Test Cases/WEB-UI-TESTS/SysAdmin/ReportsPage/FDR-Custom-Reports: Test Cases/WEB-UI-TESTS/SysAdmin/ReportsPage/FDR-Custom-Reports

2020-09-08 11:45:53 - [TEST_STEP][PASSED] - Start listener action : sampleBeforeTestCase: null

2020-09-08 11:45:53 - [TEST_STEP][PASSED] - profileName = getExecutionProfile(): null

2020-09-08 11:45:53 - [TEST_STEP][PASSED] - switch (profileName): null

2020-09-08 11:45:53 - [TEST_STEP][PASSED] - case "superUser":: null

2020-09-08 11:45:53 - [TEST_STEP][PASSED] - return null: null

2020-09-08 11:45:53 - [TEST_STEP][PASSED] - Start listener action : beforeTestCase: Call Test Case 'Test Cases/WEB-UI-TESTS/SysAdmin/SystemAdmin-Login' successfully

2020-09-08 11:45:53 - [TEST_STEP][PASSED] - profileName = getExecutionProfile(): null

2020-09-08 11:45:53 - [TEST_STEP][PASSED] - if (profileName.equalsIgnoreCase("SysAdmin")): Call Test Case 'Test Cases/WEB-UI-TESTS/SysAdmin/SystemAdmin-Login' successfully

2020-09-08 11:45:53 - [TEST_STEP][PASSED] - callTestCase(findTestCase("Test Cases/WEB-UI-TESTS/SysAdmin/SystemAdmin-Login"), null): Call Test Case 'Test Cases/WEB-UI-TESTS/SysAdmin/SystemAdmin-Login' successfully

2020-09-08 11:45:53 - [TEST_CASE][PASSED] - Test Cases/WEB-UI-TESTS/SysAdmin/SystemAdmin-Login: Test Cases/WEB-UI-TESTS/SysAdmin/SystemAdmin-Login

2020-09-08 11:45:53 - [TEST_STEP][PASSED] - openBrowser(URL): Browser is opened with url: 'https://fdr-katalon.cammis-mod-dev.dhcs.ca.gov'

2020-09-08 11:45:53 - [MESSAGE][INFO] - Starting 'Chrome' driver

2020-09-08 11:45:53 - [MESSAGE][INFO] - Action delay is set to 0 milliseconds

2020-09-08 11:45:58 - [MESSAGE][PASSED] - Browser is opened with url: 'https://fdr-katalon.cammis-mod-dev.dhcs.ca.gov'

2020-09-08 11:45:58 - [TEST_STEP][PASSED] - maximizeWindow(): Current window maximized

2020-09-08 11:46:00 - [MESSAGE][PASSED] - Current window maximized

2020-09-08 11:46:00 - [TEST_STEP][PASSED] - refresh(): Refresh successfully

2020-09-08 11:46:00 - [MESSAGE][PASSED] - Refresh successfully

2020-09-08 11:46:00 - [TEST_STEP][PASSED] - delay(2): Delayed 2 second(s)

2020-09-08 11:46:02 - [MESSAGE][PASSED] - Delayed 2 second(s)

2020-09-08 11:46:02 - [TEST_STEP][PASSED] - waitForElementPresent(findTestObject("FDR-System-Admin/SysAdmin-SignIn/adminEmail"), 5): Object 'Object Repository/FDR-System-Admin/SysAdmin-SignIn/adminEmail' is present

2020-09-08 11:46:03 - [MESSAGE][PASSED] - Object 'Object Repository/FDR-System-Admin/SysAdmin-SignIn/adminEmail' is present

2020-09-08 11:46:03 - [TEST_STEP][PASSED] - setText(findTestObject("FDR-System-Admin/SysAdmin-SignIn/adminEmail"), adminEmail): Text 'fdr.test10@dhcs.ca.gov
' is set on object 'Object Repository/FDR-System-Admin/SysAdmin-SignIn/adminEmail'

2020-09-08 11:46:03 - [MESSAGE][PASSED] - Text 'fdr.test10@dhcs.ca.gov
' is set on object 'Object Repository/FDR-System-Admin/SysAdmin-SignIn/adminEmail'

2020-09-08 11:46:03 - [TEST_STEP][PASSED] - waitForElementPresent(findTestObject("FDR-System-Admin/SysAdmin-SignIn/adminUserName"), 5): Object 'Object Repository/FDR-System-Admin/SysAdmin-SignIn/adminUserName' is present

2020-09-08 11:46:09 - [MESSAGE][PASSED] - Object 'Object Repository/FDR-System-Admin/SysAdmin-SignIn/adminUserName' is present

2020-09-08 11:46:09 - [TEST_STEP][PASSED] - setText(findTestObject("FDR-System-Admin/SysAdmin-SignIn/adminUserName"), UserName): Text 'fdr.test10@dhcs.ca.gov' is set on object 'Object Repository/FDR-System-Admin/SysAdmin-SignIn/adminUserName'

2020-09-08 11:46:10 - [MESSAGE][PASSED] - Text 'fdr.test10@dhcs.ca.gov' is set on object 'Object Repository/FDR-System-Admin/SysAdmin-SignIn/adminUserName'

2020-09-08 11:46:10 - [TEST_STEP][PASSED] - setText(findTestObject("FDR-System-Admin/SysAdmin-SignIn/adminPass"), Password): Text 'Password18' is set on object 'Object Repository/FDR-System-Admin/SysAdmin-SignIn/adminPass'

2020-09-08 11:46:11 - [MESSAGE][PASSED] - Text 'Password18' is set on object 'Object Repository/FDR-System-Admin/SysAdmin-SignIn/adminPass'

2020-09-08 11:46:11 - [TEST_STEP][PASSED] - click(findTestObject("FDR-System-Admin/SysAdmin-SignIn/adminSignIn")): Object: 'Object Repository/FDR-System-Admin/SysAdmin-SignIn/adminSignIn' is clicked on

2020-09-08 11:46:12 - [MESSAGE][PASSED] - Object: 'Object Repository/FDR-System-Admin/SysAdmin-SignIn/adminSignIn' is clicked on

2020-09-08 11:46:12 - [TEST_STEP][PASSED] - waitForElementPresent(findTestObject("Object Repository/FDR-System-Admin/SysAdmin-Dashboard/maintainReferenceDataBtn"), 3): Object 'Object Repository/FDR-System-Admin/SysAdmin-Dashboard/maintainReferenceDataBtn' is present

2020-09-08 11:46:14 - [MESSAGE][PASSED] - Object 'Object Repository/FDR-System-Admin/SysAdmin-Dashboard/maintainReferenceDataBtn' is present

2020-09-08 11:46:14 - [TEST_STEP][PASSED] - verifyElementPresent(findTestObject("Object Repository/FDR-System-Admin/SysAdmin-Dashboard/maintainReferenceDataBtn"), Timeout): Object 'Object Repository/FDR-System-Admin/SysAdmin-Dashboard/maintainReferenceDataBtn' is present

2020-09-08 11:46:14 - [MESSAGE][PASSED] - Object 'Object Repository/FDR-System-Admin/SysAdmin-Dashboard/maintainReferenceDataBtn' is present

2020-09-08 11:46:14 - [TEST_STEP][PASSED] - refresh(): Refresh successfully

2020-09-08 11:46:15 - [MESSAGE][PASSED] - Refresh successfully

2020-09-08 11:46:15 - [MESSAGE][PASSED] - Call Test Case 'Test Cases/WEB-UI-TESTS/SysAdmin/SystemAdmin-Login' successfully

2020-09-08 11:46:15 - [TEST_STEP][PASSED] - Start listener action : sampleBeforeTestCase: null

2020-09-08 11:46:15 - [TEST_STEP][PASSED] - profileName = getExecutionProfile(): null

2020-09-08 11:46:15 - [TEST_STEP][PASSED] - testCaseId = testCaseContext.getTestCaseId(): null

2020-09-08 11:46:15 - [TEST_STEP][PASSED] - switch (profileName): null

2020-09-08 11:46:15 - [TEST_STEP][PASSED] - Default: null

2020-09-08 11:46:15 - [TEST_STEP][PASSED] - return null: null

2020-09-08 11:46:15 - [TEST_STEP][PASSED] - Start listener action : executeRows: null

2020-09-08 11:46:15 - [TEST_STEP][PASSED] - waitForElementPresent(findTestObject("FDR-System-Admin/FDR-Reports/FDR-Report-Dashboard/mbesReportBtn"), 3): Object 'Object Repository/FDR-System-Admin/FDR-Reports/FDR-Report-Dashboard/mbesReportBtn' is not present after 3 second(s)

2020-09-08 11:46:20 - [MESSAGE][INFO] - Unable to find the element located by 'By.xpath: //*[@id="wrapper"]/div/div/div/main/div/div[2]/div/div[1]/div/button/div/div[2]/h3'. Please recheck the objects properties to make sure the desired element is located. 

2020-09-08 11:46:20 - [MESSAGE][WARNING] - Object 'Object Repository/FDR-System-Admin/FDR-Reports/FDR-Report-Dashboard/mbesReportBtn' is not present after 3 second(s)

2020-09-08 11:46:20 - [TEST_STEP][PASSED] - click(findTestObject("FDR-System-Admin/FDR-Reports/FDR-Report-Dashboard/reportBtn")): Object: 'Object Repository/FDR-System-Admin/FDR-Reports/FDR-Report-Dashboard/reportBtn' is clicked on

2020-09-08 11:46:20 - [MESSAGE][PASSED] - Object: 'Object Repository/FDR-System-Admin/FDR-Reports/FDR-Report-Dashboard/reportBtn' is clicked on

2020-09-08 11:46:20 - [TEST_STEP][PASSED] - waitForElementPresent(findTestObject("FDR-System-Admin/FDR-Reports/FDR-Report-Dashboard/mbesReportBtn"), 3): Object 'Object Repository/FDR-System-Admin/FDR-Reports/FDR-Report-Dashboard/mbesReportBtn' is present

2020-09-08 11:46:20 - [MESSAGE][PASSED] - Object 'Object Repository/FDR-System-Admin/FDR-Reports/FDR-Report-Dashboard/mbesReportBtn' is present

2020-09-08 11:46:20 - [TEST_STEP][PASSED] - click(findTestObject("FDR-System-Admin/FDR-Reports/FDR-Custom-Reports/customReports")): Object: 'Object Repository/FDR-System-Admin/FDR-Reports/FDR-Custom-Reports/customReports' is clicked on

2020-09-08 11:46:21 - [MESSAGE][PASSED] - Object: 'Object Repository/FDR-System-Admin/FDR-Reports/FDR-Custom-Reports/customReports' is clicked on

2020-09-08 11:46:21 - [TEST_STEP][PASSED] - verifyElementPresent(findTestObject("FDR-System-Admin/FDR-Reports/FDR-Custom-Reports/auditReportsSubText"), 2): Object 'Object Repository/FDR-System-Admin/FDR-Reports/FDR-Custom-Reports/auditReportsSubText' is present

2020-09-08 11:46:21 - [MESSAGE][PASSED] - Object 'Object Repository/FDR-System-Admin/FDR-Reports/FDR-Custom-Reports/auditReportsSubText' is present

2020-09-08 11:46:21 - [TEST_STEP][PASSED] - click(findTestObject("FDR-System-Admin/FDR-Reports/FDR-Custom-Reports/auditReports")): Object: 'Object Repository/FDR-System-Admin/FDR-Reports/FDR-Custom-Reports/auditReports' is clicked on

2020-09-08 11:46:22 - [MESSAGE][PASSED] - Object: 'Object Repository/FDR-System-Admin/FDR-Reports/FDR-Custom-Reports/auditReports' is clicked on

2020-09-08 11:46:22 - [TEST_STEP][PASSED] - verifyElementPresent(findTestObject("FDR-System-Admin/FDR-Reports/FDR-Custom-Reports/voucherHistoryReportSubText"), 2): Object 'Object Repository/FDR-System-Admin/FDR-Reports/FDR-Custom-Reports/voucherHistoryReportSubText' is present

2020-09-08 11:46:22 - [MESSAGE][PASSED] - Object 'Object Repository/FDR-System-Admin/FDR-Reports/FDR-Custom-Reports/voucherHistoryReportSubText' is present

2020-09-08 11:46:22 - [TEST_STEP][PASSED] - verifyElementPresent(findTestObject("FDR-System-Admin/FDR-Reports/FDR-Custom-Reports/receiptHistoryReportSubText"), 2): Object 'Object Repository/FDR-System-Admin/FDR-Reports/FDR-Custom-Reports/receiptHistoryReportSubText' is present

2020-09-08 11:46:22 - [MESSAGE][PASSED] - Object 'Object Repository/FDR-System-Admin/FDR-Reports/FDR-Custom-Reports/receiptHistoryReportSubText' is present

2020-09-08 11:46:22 - [TEST_STEP][PASSED] - Start listener action : sampleAfterTestCase: null

2020-09-08 11:46:22 - [TEST_STEP][PASSED] - profileName = getExecutionProfile(): null

2020-09-08 11:46:22 - [TEST_STEP][PASSED] - switch (profileName): null

2020-09-08 11:46:22 - [TEST_STEP][PASSED] - case "superUser":: null

2020-09-08 11:46:22 - [TEST_STEP][PASSED] - return null: null

2020-09-08 11:46:22 - [TEST_STEP][PASSED] - Start listener action : afterTestCase: Browser is closed

2020-09-08 11:46:22 - [TEST_STEP][PASSED] - profileName = getExecutionProfile(): null

2020-09-08 11:46:22 - [TEST_STEP][PASSED] - if (profileName.equalsIgnoreCase("SysAdmin")): Browser is closed

2020-09-08 11:46:22 - [TEST_STEP][PASSED] - closeBrowser(): Browser is closed

2020-09-08 11:46:23 - [MESSAGE][PASSED] - Browser is closed

2020-09-08 11:46:23 - [TEST_STEP][PASSED] - Start listener action : sampleAfterTestCase: null

2020-09-08 11:46:23 - [TEST_STEP][PASSED] - profileName = getExecutionProfile(): null

2020-09-08 11:46:23 - [TEST_STEP][PASSED] - switch (profileName): null

2020-09-08 11:46:23 - [TEST_STEP][PASSED] - Default: null

2020-09-08 11:46:23 - [TEST_STEP][PASSED] - return null: null

2020-09-08 11:46:23 - [TEST_STEP][PASSED] - Start listener action : addFailedTCToList: null]]></system-out>
         <system-err><![CDATA[]]></system-err>
      </testcase>
      <system-out><![CDATA[2020-09-08 11:32:17 - [TEST_SUITE][PASSED] - SystemAdmin-Integration_Suite: Test Cases/WEB-UI-TESTS/SysAdmin/ReportsPage/FDR-Custom-Reports]]></system-out>
      <system-err><![CDATA[]]></system-err>
   </testsuite>
   <testsuite name="Voucher-Integration_Suite" tests="17" failures="3" errors="0" time="3179.086" timestamp="2020-09-08 11:32:18" hostname="nagesh.allu - DESKTOP-9VU7G8T.attlocal.net" id="Test Suites/Voucher-Integration_Suite">
      <properties>
         <property name="deviceName" value=""/>
         <property name="devicePlatform" value=""/>
         <property name="logFolder" value="C:\\fdr-automation-develop_08_25_2020\\Reports\\20200908_113210\\Voucher-Integration_Suite\\20200908_113211"/>
         <property name="logFiles" value="C:\\fdr-automation-develop_08_25_2020\\Reports\\20200908_113210\\Voucher-Integration_Suite\\20200908_113211\\execution0.log"/>
         <property name="attachments" value="C:\\fdr-automation-develop_08_25_2020\\Reports\\20200908_113210\\Voucher-Integration_Suite\\20200908_113211\\1599591534903.png, C:\\fdr-automation-develop_08_25_2020\\Reports\\20200908_113210\\Voucher-Integration_Suite\\20200908_113211\\1599591543334.png, C:\\fdr-automation-develop_08_25_2020\\Reports\\20200908_113210\\Voucher-Integration_Suite\\20200908_113211\\1599591554824.png, C:\\fdr-automation-develop_08_25_2020\\Reports\\20200908_113210\\Voucher-Integration_Suite\\20200908_113211\\1599591565834.png, C:\\fdr-automation-develop_08_25_2020\\Reports\\20200908_113210\\Voucher-Integration_Suite\\20200908_113211\\1599592323620.png, C:\\fdr-automation-develop_08_25_2020\\Reports\\20200908_113210\\Voucher-Integration_Suite\\20200908_113211\\1599592636419.png"/>
         <property name="hostName" value="nagesh.allu - DESKTOP-9VU7G8T.attlocal.net"/>
         <property name="os" value="Windows 10 64bit"/>
         <property name="katalonVersion" value="7.6.6.205"/>
         <property name="browser" value="Chrome 85.0.4183.83"/>
         <property name="hostAddress" value="192.168.1.188"/>
         <property name="sessionId" value="959d1e518c3f093c0be8a62794750e8f"/>
         <property name="seleniumVersion" value="3.141.59"/>
         <property name="proxyInformation" value="ProxyInformation { proxyOption=NO_PROXY, proxyServerType=HTTP, username=, password=********, proxyServerAddress=, proxyServerPort=0, executionList=&quot;&quot;, isApplyToDesiredCapabilities=true }"/>
         <property name="platform" value="Windows 10"/>
      </properties>
      <testcase name="Test Cases/WEB-UI-TESTS/Voucher/FDR-Validate-Pagination" time="53.511" classname="Test Cases/WEB-UI-TESTS/Voucher/FDR-Validate-Pagination" status="PASSED">
         <system-out><![CDATA[2020-09-08 11:32:19 - [TEST_CASE][PASSED] - Test Cases/WEB-UI-TESTS/Voucher/FDR-Validate-Pagination: Test Cases/WEB-UI-TESTS/Voucher/FDR-Validate-Pagination

2020-09-08 11:32:19 - [TEST_STEP][PASSED] - Start listener action : sampleBeforeTestCase: null

2020-09-08 11:32:19 - [TEST_STEP][PASSED] - profileName = getExecutionProfile(): null

2020-09-08 11:32:19 - [TEST_STEP][PASSED] - switch (profileName): null

2020-09-08 11:32:19 - [TEST_STEP][PASSED] - case "superUser":: null

2020-09-08 11:32:19 - [TEST_STEP][PASSED] - return null: null

2020-09-08 11:32:19 - [TEST_STEP][PASSED] - Start listener action : beforeTestCase: null

2020-09-08 11:32:19 - [TEST_STEP][PASSED] - profileName = getExecutionProfile(): null

2020-09-08 11:32:19 - [TEST_STEP][PASSED] - if (profileName.equalsIgnoreCase("SysAdmin")): null

2020-09-08 11:32:19 - [TEST_STEP][PASSED] - Start listener action : sampleBeforeTestCase: Navigate to 'https://fdr-katalon.cammis-mod-dev.dhcs.ca.gov' successfully

2020-09-08 11:32:19 - [TEST_STEP][PASSED] - profileName = getExecutionProfile(): null

2020-09-08 11:32:19 - [TEST_STEP][PASSED] - testCaseId = testCaseContext.getTestCaseId(): null

2020-09-08 11:32:19 - [TEST_STEP][PASSED] - switch (profileName): null

2020-09-08 11:32:19 - [TEST_STEP][PASSED] - case "Voucher":: null

2020-09-08 11:32:19 - [TEST_STEP][PASSED] - Uifunctions.loginFDR(accountsApproverAcc2, accountsApproverAcc2Pwd): Object: 'Object Repository/FDR-SignIn/SignInButton' is clicked on

2020-09-08 11:32:20 - [MESSAGE][INFO] - Starting 'Chrome' driver

2020-09-08 11:32:20 - [MESSAGE][INFO] - Action delay is set to 0 milliseconds

2020-09-08 11:32:25 - [MESSAGE][PASSED] - Browser is opened with url: ''

2020-09-08 11:32:27 - [MESSAGE][PASSED] - Current window maximized

2020-09-08 11:32:28 - [MESSAGE][PASSED] - Navigate to 'https://fdr-katalon.cammis-mod-dev.dhcs.ca.gov' successfully

2020-09-08 11:32:30 - [MESSAGE][PASSED] - Object 'Object Repository/FDR-SignIn/SignInEmail' is present

2020-09-08 11:32:30 - [MESSAGE][PASSED] - Object: 'Object Repository/FDR-SignIn/SignInEmail' is clicked on

2020-09-08 11:32:31 - [MESSAGE][PASSED] - Object 'Object Repository/FDR-SignIn/SignInEmail' is present

2020-09-08 11:32:32 - [MESSAGE][PASSED] - Text 'fdr.test2@dhcs.ca.gov' is set on object 'Object Repository/FDR-SignIn/SignInEmail'

2020-09-08 11:32:32 - [MESSAGE][PASSED] - Object 'Object Repository/FDR-SignIn/SignInEmailNext' is visible

2020-09-08 11:32:32 - [MESSAGE][PASSED] - Object: 'Object Repository/FDR-SignIn/SignInEmailNext' is clicked on

2020-09-08 11:32:36 - [MESSAGE][PASSED] - Object 'Object Repository/FDR-SignIn/SignInEmailPassword' is visible

2020-09-08 11:32:36 - [MESSAGE][PASSED] - Object: 'Object Repository/FDR-SignIn/SignInEmailPassword' is clicked on

2020-09-08 11:32:37 - [MESSAGE][PASSED] - Text ****** has been set on object 'Object Repository/FDR-SignIn/SignInEmailPassword'

2020-09-08 11:32:39 - [MESSAGE][PASSED] - Object: 'Object Repository/FDR-SignIn/SignInButton' is clicked on

2020-09-08 11:32:39 - [TEST_STEP][PASSED] - break: null

2020-09-08 11:32:39 - [TEST_STEP][PASSED] - navigateToUrl(URL): Navigate to 'https://fdr-katalon.cammis-mod-dev.dhcs.ca.gov' successfully

2020-09-08 11:32:39 - [MESSAGE][PASSED] - Navigate to 'https://fdr-katalon.cammis-mod-dev.dhcs.ca.gov' successfully

2020-09-08 11:32:39 - [TEST_STEP][PASSED] - Start listener action : executeRows: null

2020-09-08 11:32:39 - [TEST_STEP][PASSED] - Start setup action : setupTestCase: Method 'setupTestCase' complete successfully

2020-09-08 11:32:40 - [MESSAGE][PASSED] - Method 'setupTestCase' complete successfully

2020-09-08 11:32:40 - [TEST_STEP][PASSED] - waitForElementPresent(findTestObject("FDR-VoucherEntry/Voucher/voucherText"), 3): Object 'Object Repository/FDR-VoucherEntry/Voucher/voucherText' is not present after 3 second(s)

2020-09-08 11:32:44 - [MESSAGE][INFO] - Unable to find the element located by 'By.xpath: //*[text()='New Voucher']'. Please recheck the objects properties to make sure the desired element is located. 

2020-09-08 11:32:44 - [MESSAGE][WARNING] - Object 'Object Repository/FDR-VoucherEntry/Voucher/voucherText' is not present after 3 second(s)

2020-09-08 11:32:44 - [TEST_STEP][PASSED] - scrollToPosition(99999, 99999, STOP_ON_FAILURE): Browser is scrolled to position x = 99999, y = 99999

2020-09-08 11:32:44 - [MESSAGE][PASSED] - Browser is scrolled to position x = 99999, y = 99999

2020-09-08 11:32:44 - [TEST_STEP][PASSED] - verifyElementVisible(findTestObject("FDR-Dashboard/Pagination/rowsPerPage"), STOP_ON_FAILURE): Object 'Object Repository/FDR-Dashboard/Pagination/rowsPerPage' is visible

2020-09-08 11:32:44 - [MESSAGE][PASSED] - Object 'Object Repository/FDR-Dashboard/Pagination/rowsPerPage' is visible

2020-09-08 11:32:44 - [TEST_STEP][PASSED] - verifyElementText(findTestObject("FDR-Dashboard/Pagination/listBox"), "10"): Actual text and expected text of test object 'Object Repository/FDR-Dashboard/Pagination/listBox' are matched.

2020-09-08 11:32:44 - [MESSAGE][PASSED] - Actual text and expected text of test object 'Object Repository/FDR-Dashboard/Pagination/listBox' are matched.

2020-09-08 11:32:44 - [TEST_STEP][PASSED] - paginationIndicatorText = getText(findTestObject("FDR-Dashboard/Pagination/paginationIndicator")): Text of object 'Object Repository/FDR-Dashboard/Pagination/paginationIndicator' is: '1-10 of 115'

2020-09-08 11:32:45 - [MESSAGE][PASSED] - Text of object 'Object Repository/FDR-Dashboard/Pagination/paginationIndicator' is: '1-10 of 115'

2020-09-08 11:32:45 - [TEST_STEP][PASSED] - totalVouchers = paginationIndicatorText.split("of ")[1]: null

2020-09-08 11:32:45 - [TEST_STEP][PASSED] - rowsPerPage = getText(findTestObject("FDR-Dashboard/Pagination/listBox")): Text of object 'Object Repository/FDR-Dashboard/Pagination/listBox' is: '10'

2020-09-08 11:32:45 - [MESSAGE][PASSED] - Text of object 'Object Repository/FDR-Dashboard/Pagination/listBox' is: '10'

2020-09-08 11:32:45 - [TEST_STEP][PASSED] - assert validators.validateDashboardPagination(totalVouchers, rowsPerPage) == true: null

2020-09-08 11:32:45 - [TEST_STEP][PASSED] - waitForElementPresent(findTestObject("FDR-VoucherEntry/Voucher/voucherText"), 2): Object 'Object Repository/FDR-VoucherEntry/Voucher/voucherText' is not present after 2 second(s)

2020-09-08 11:32:48 - [MESSAGE][INFO] - Unable to find the element located by 'By.xpath: //*[text()='New Voucher']'. Please recheck the objects properties to make sure the desired element is located. 

2020-09-08 11:32:48 - [MESSAGE][WARNING] - Object 'Object Repository/FDR-VoucherEntry/Voucher/voucherText' is not present after 2 second(s)

2020-09-08 11:32:48 - [TEST_STEP][PASSED] - if (totalVouchers > 10): Object 'Object Repository/FDR-VoucherEntry/Voucher/voucherText' is not present after 2 second(s)

2020-09-08 11:32:48 - [TEST_STEP][PASSED] - click(findTestObject("FDR-Dashboard/Pagination/paginationRight")): Object: 'Object Repository/FDR-Dashboard/Pagination/paginationRight' is clicked on

2020-09-08 11:32:49 - [MESSAGE][PASSED] - Object: 'Object Repository/FDR-Dashboard/Pagination/paginationRight' is clicked on

2020-09-08 11:32:49 - [TEST_STEP][PASSED] - waitForElementPresent(findTestObject("FDR-VoucherEntry/Voucher/voucherText"), 2): Object 'Object Repository/FDR-VoucherEntry/Voucher/voucherText' is not present after 2 second(s)

2020-09-08 11:32:52 - [MESSAGE][INFO] - Unable to find the element located by 'By.xpath: //*[text()='New Voucher']'. Please recheck the objects properties to make sure the desired element is located. 

2020-09-08 11:32:52 - [MESSAGE][WARNING] - Object 'Object Repository/FDR-VoucherEntry/Voucher/voucherText' is not present after 2 second(s)

2020-09-08 11:32:52 - [TEST_STEP][PASSED] - assert validators.validateDashboardPagination(totalVouchers - 10, rowsPerPage) == true: null

2020-09-08 11:32:52 - [TEST_STEP][PASSED] - click(findTestObject("FDR-Dashboard/Pagination/paginationLeft")): Object: 'Object Repository/FDR-Dashboard/Pagination/paginationLeft' is clicked on

2020-09-08 11:32:53 - [MESSAGE][PASSED] - Object: 'Object Repository/FDR-Dashboard/Pagination/paginationLeft' is clicked on

2020-09-08 11:32:53 - [TEST_STEP][PASSED] - waitForElementPresent(findTestObject("FDR-VoucherEntry/Voucher/voucherText"), 2): Object 'Object Repository/FDR-VoucherEntry/Voucher/voucherText' is not present after 2 second(s)

2020-09-08 11:32:56 - [MESSAGE][INFO] - Unable to find the element located by 'By.xpath: //*[text()='New Voucher']'. Please recheck the objects properties to make sure the desired element is located. 

2020-09-08 11:32:56 - [MESSAGE][WARNING] - Object 'Object Repository/FDR-VoucherEntry/Voucher/voucherText' is not present after 2 second(s)

2020-09-08 11:32:56 - [TEST_STEP][PASSED] - markPassed("Pagination Validation for 10 rows per page"): Pagination Validation for 10 rows per page

2020-09-08 11:32:56 - [MESSAGE][PASSED] - Pagination Validation for 10 rows per page

2020-09-08 11:32:56 - [TEST_STEP][PASSED] - scrollToElement(findTestObject("FDR-Dashboard/Pagination/listBox"), 3): Scroll to object 'Object Repository/FDR-Dashboard/Pagination/listBox' successfully

2020-09-08 11:32:56 - [MESSAGE][PASSED] - Scroll to object 'Object Repository/FDR-Dashboard/Pagination/listBox' successfully

2020-09-08 11:32:56 - [TEST_STEP][PASSED] - click(findTestObject("FDR-Dashboard/Pagination/listBox")): Object: 'Object Repository/FDR-Dashboard/Pagination/listBox' is clicked on

2020-09-08 11:32:56 - [MESSAGE][PASSED] - Object: 'Object Repository/FDR-Dashboard/Pagination/listBox' is clicked on

2020-09-08 11:32:56 - [TEST_STEP][PASSED] - waitForElementPresent(findTestObject("FDR-Dashboard/Pagination/listBox"), 2): Object 'Object Repository/FDR-Dashboard/Pagination/listBox' is present

2020-09-08 11:32:57 - [MESSAGE][PASSED] - Object 'Object Repository/FDR-Dashboard/Pagination/listBox' is present

2020-09-08 11:32:57 - [TEST_STEP][PASSED] - click(findTestObject("FDR-Dashboard/Pagination/listbox25"), STOP_ON_FAILURE): Object: 'Object Repository/FDR-Dashboard/Pagination/listbox25' is clicked on

2020-09-08 11:32:57 - [MESSAGE][PASSED] - Object: 'Object Repository/FDR-Dashboard/Pagination/listbox25' is clicked on

2020-09-08 11:32:57 - [TEST_STEP][PASSED] - waitForElementPresent(findTestObject("FDR-VoucherEntry/Voucher/voucherText"), 2): Object 'Object Repository/FDR-VoucherEntry/Voucher/voucherText' is not present after 2 second(s)

2020-09-08 11:33:00 - [MESSAGE][INFO] - Unable to find the element located by 'By.xpath: //*[text()='New Voucher']'. Please recheck the objects properties to make sure the desired element is located. 

2020-09-08 11:33:00 - [MESSAGE][WARNING] - Object 'Object Repository/FDR-VoucherEntry/Voucher/voucherText' is not present after 2 second(s)

2020-09-08 11:33:00 - [TEST_STEP][PASSED] - rowsPerPage = getText(findTestObject("FDR-Dashboard/Pagination/listBox")): Text of object 'Object Repository/FDR-Dashboard/Pagination/listBox' is: '25'

2020-09-08 11:33:00 - [MESSAGE][PASSED] - Text of object 'Object Repository/FDR-Dashboard/Pagination/listBox' is: '25'

2020-09-08 11:33:00 - [TEST_STEP][PASSED] - assert validators.validateDashboardPagination(totalVouchers, rowsPerPage) == true: null

2020-09-08 11:33:01 - [TEST_STEP][PASSED] - waitForElementPresent(findTestObject("FDR-VoucherEntry/Voucher/voucherText"), 2): Object 'Object Repository/FDR-VoucherEntry/Voucher/voucherText' is not present after 2 second(s)

2020-09-08 11:33:04 - [MESSAGE][INFO] - Unable to find the element located by 'By.xpath: //*[text()='New Voucher']'. Please recheck the objects properties to make sure the desired element is located. 

2020-09-08 11:33:04 - [MESSAGE][WARNING] - Object 'Object Repository/FDR-VoucherEntry/Voucher/voucherText' is not present after 2 second(s)

2020-09-08 11:33:04 - [TEST_STEP][PASSED] - if (totalVouchers > 25): Object 'Object Repository/FDR-VoucherEntry/Voucher/voucherText' is not present after 2 second(s)

2020-09-08 11:33:04 - [TEST_STEP][PASSED] - click(findTestObject("FDR-Dashboard/Pagination/paginationRight")): Object: 'Object Repository/FDR-Dashboard/Pagination/paginationRight' is clicked on

2020-09-08 11:33:05 - [MESSAGE][PASSED] - Object: 'Object Repository/FDR-Dashboard/Pagination/paginationRight' is clicked on

2020-09-08 11:33:05 - [TEST_STEP][PASSED] - waitForElementPresent(findTestObject("FDR-VoucherEntry/Voucher/voucherText"), 2): Object 'Object Repository/FDR-VoucherEntry/Voucher/voucherText' is not present after 2 second(s)

2020-09-08 11:33:08 - [MESSAGE][INFO] - Unable to find the element located by 'By.xpath: //*[text()='New Voucher']'. Please recheck the objects properties to make sure the desired element is located. 

2020-09-08 11:33:08 - [MESSAGE][WARNING] - Object 'Object Repository/FDR-VoucherEntry/Voucher/voucherText' is not present after 2 second(s)

2020-09-08 11:33:08 - [TEST_STEP][PASSED] - assert validators.validateDashboardPagination(totalVouchers - 25, rowsPerPage) == true: null

2020-09-08 11:33:08 - [TEST_STEP][PASSED] - click(findTestObject("FDR-Dashboard/Pagination/paginationLeft")): Object: 'Object Repository/FDR-Dashboard/Pagination/paginationLeft' is clicked on

2020-09-08 11:33:08 - [MESSAGE][PASSED] - Object: 'Object Repository/FDR-Dashboard/Pagination/paginationLeft' is clicked on

2020-09-08 11:33:08 - [TEST_STEP][PASSED] - waitForElementPresent(findTestObject("FDR-VoucherEntry/Voucher/voucherText"), 2): Object 'Object Repository/FDR-VoucherEntry/Voucher/voucherText' is not present after 2 second(s)

2020-09-08 11:33:11 - [MESSAGE][INFO] - Unable to find the element located by 'By.xpath: //*[text()='New Voucher']'. Please recheck the objects properties to make sure the desired element is located. 

2020-09-08 11:33:11 - [MESSAGE][WARNING] - Object 'Object Repository/FDR-VoucherEntry/Voucher/voucherText' is not present after 2 second(s)

2020-09-08 11:33:11 - [TEST_STEP][PASSED] - markPassed("Pagination Validation for 25 rows per page"): Pagination Validation for 25 rows per page

2020-09-08 11:33:11 - [MESSAGE][PASSED] - Pagination Validation for 25 rows per page

2020-09-08 11:33:11 - [TEST_STEP][PASSED] - Start tear down : tearDownTestCase: Method 'tearDownTestCase' complete successfully

2020-09-08 11:33:11 - [MESSAGE][PASSED] - Method 'tearDownTestCase' complete successfully

2020-09-08 11:33:11 - [TEST_STEP][PASSED] - Start listener action : sampleAfterTestCase: null

2020-09-08 11:33:11 - [TEST_STEP][PASSED] - profileName = getExecutionProfile(): null

2020-09-08 11:33:11 - [TEST_STEP][PASSED] - switch (profileName): null

2020-09-08 11:33:11 - [TEST_STEP][PASSED] - case "superUser":: null

2020-09-08 11:33:11 - [TEST_STEP][PASSED] - return null: null

2020-09-08 11:33:11 - [TEST_STEP][PASSED] - Start listener action : afterTestCase: null

2020-09-08 11:33:11 - [TEST_STEP][PASSED] - profileName = getExecutionProfile(): null

2020-09-08 11:33:11 - [TEST_STEP][PASSED] - if (profileName.equalsIgnoreCase("SysAdmin")): null

2020-09-08 11:33:11 - [TEST_STEP][PASSED] - Start listener action : sampleAfterTestCase: null

2020-09-08 11:33:11 - [TEST_STEP][PASSED] - profileName = getExecutionProfile(): null

2020-09-08 11:33:11 - [TEST_STEP][PASSED] - switch (profileName): null

2020-09-08 11:33:11 - [TEST_STEP][PASSED] - case "Voucher":: null

2020-09-08 11:33:11 - [TEST_STEP][PASSED] - Uifunctions.logoutFDR(): Browser is closed

2020-09-08 11:33:12 - [MESSAGE][PASSED] - Browser is closed

2020-09-08 11:33:12 - [TEST_STEP][PASSED] - break: null

2020-09-08 11:33:12 - [TEST_STEP][PASSED] - Start listener action : addFailedTCToList: null]]></system-out>
         <system-err><![CDATA[]]></system-err>
      </testcase>
      <testcase name="Test Cases/WEB-UI-TESTS/Voucher/FDR-Error-Validation" time="216.42" classname="Test Cases/WEB-UI-TESTS/Voucher/FDR-Error-Validation" status="PASSED">
         <system-out><![CDATA[2020-09-08 11:33:12 - [TEST_CASE][PASSED] - Test Cases/WEB-UI-TESTS/Voucher/FDR-Error-Validation: Test Cases/WEB-UI-TESTS/Voucher/FDR-Error-Validation

2020-09-08 11:33:12 - [TEST_STEP][PASSED] - Start listener action : sampleBeforeTestCase: null

2020-09-08 11:33:12 - [TEST_STEP][PASSED] - profileName = getExecutionProfile(): null

2020-09-08 11:33:12 - [TEST_STEP][PASSED] - switch (profileName): null

2020-09-08 11:33:12 - [TEST_STEP][PASSED] - case "superUser":: null

2020-09-08 11:33:12 - [TEST_STEP][PASSED] - return null: null

2020-09-08 11:33:12 - [TEST_STEP][PASSED] - Start listener action : beforeTestCase: null

2020-09-08 11:33:12 - [TEST_STEP][PASSED] - profileName = getExecutionProfile(): null

2020-09-08 11:33:12 - [TEST_STEP][PASSED] - if (profileName.equalsIgnoreCase("SysAdmin")): null

2020-09-08 11:33:12 - [TEST_STEP][PASSED] - Start listener action : sampleBeforeTestCase: Navigate to 'https://fdr-katalon.cammis-mod-dev.dhcs.ca.gov' successfully

2020-09-08 11:33:12 - [TEST_STEP][PASSED] - profileName = getExecutionProfile(): null

2020-09-08 11:33:12 - [TEST_STEP][PASSED] - testCaseId = testCaseContext.getTestCaseId(): null

2020-09-08 11:33:12 - [TEST_STEP][PASSED] - switch (profileName): null

2020-09-08 11:33:12 - [TEST_STEP][PASSED] - case "Voucher":: null

2020-09-08 11:33:12 - [TEST_STEP][PASSED] - Uifunctions.loginFDR(accountsApproverAcc2, accountsApproverAcc2Pwd): Object: 'Object Repository/FDR-SignIn/SignInButton' is clicked on

2020-09-08 11:33:12 - [MESSAGE][INFO] - Starting 'Chrome' driver

2020-09-08 11:33:12 - [MESSAGE][INFO] - Action delay is set to 0 milliseconds

2020-09-08 11:33:15 - [MESSAGE][PASSED] - Browser is opened with url: ''

2020-09-08 11:33:18 - [MESSAGE][PASSED] - Current window maximized

2020-09-08 11:33:19 - [MESSAGE][PASSED] - Navigate to 'https://fdr-katalon.cammis-mod-dev.dhcs.ca.gov' successfully

2020-09-08 11:33:20 - [MESSAGE][PASSED] - Object 'Object Repository/FDR-SignIn/SignInEmail' is present

2020-09-08 11:33:20 - [MESSAGE][PASSED] - Object: 'Object Repository/FDR-SignIn/SignInEmail' is clicked on

2020-09-08 11:33:20 - [MESSAGE][PASSED] - Object 'Object Repository/FDR-SignIn/SignInEmail' is present

2020-09-08 11:33:21 - [MESSAGE][PASSED] - Text 'fdr.test2@dhcs.ca.gov' is set on object 'Object Repository/FDR-SignIn/SignInEmail'

2020-09-08 11:33:21 - [MESSAGE][PASSED] - Object 'Object Repository/FDR-SignIn/SignInEmailNext' is visible

2020-09-08 11:33:22 - [MESSAGE][PASSED] - Object: 'Object Repository/FDR-SignIn/SignInEmailNext' is clicked on

2020-09-08 11:33:25 - [MESSAGE][PASSED] - Object 'Object Repository/FDR-SignIn/SignInEmailPassword' is visible

2020-09-08 11:33:25 - [MESSAGE][PASSED] - Object: 'Object Repository/FDR-SignIn/SignInEmailPassword' is clicked on

2020-09-08 11:33:25 - [MESSAGE][PASSED] - Text ****** has been set on object 'Object Repository/FDR-SignIn/SignInEmailPassword'

2020-09-08 11:33:27 - [MESSAGE][PASSED] - Object: 'Object Repository/FDR-SignIn/SignInButton' is clicked on

2020-09-08 11:33:27 - [TEST_STEP][PASSED] - break: null

2020-09-08 11:33:27 - [TEST_STEP][PASSED] - navigateToUrl(URL): Navigate to 'https://fdr-katalon.cammis-mod-dev.dhcs.ca.gov' successfully

2020-09-08 11:33:28 - [MESSAGE][PASSED] - Navigate to 'https://fdr-katalon.cammis-mod-dev.dhcs.ca.gov' successfully

2020-09-08 11:33:28 - [TEST_STEP][PASSED] - Start listener action : executeRows: null

2020-09-08 11:33:28 - [TEST_STEP][PASSED] - Start setup action : setupTestCase: Method 'setupTestCase' complete successfully

2020-09-08 11:33:28 - [MESSAGE][PASSED] - Method 'setupTestCase' complete successfully

2020-09-08 11:33:28 - [TEST_STEP][PASSED] - waitForElementPresent(findTestObject("FDR-Dashboard/createNewVoucherButton"), 8): Object 'Object Repository/FDR-Dashboard/createNewVoucherButton' is present

2020-09-08 11:33:30 - [MESSAGE][PASSED] - Object 'Object Repository/FDR-Dashboard/createNewVoucherButton' is present

2020-09-08 11:33:30 - [TEST_STEP][PASSED] - click(findTestObject("FDR-Dashboard/createNewVoucherButton")): Object: 'Object Repository/FDR-Dashboard/createNewVoucherButton' is clicked on

2020-09-08 11:33:31 - [MESSAGE][PASSED] - Object: 'Object Repository/FDR-Dashboard/createNewVoucherButton' is clicked on

2020-09-08 11:33:31 - [TEST_STEP][PASSED] - waitForElementPresent(findTestObject("FDR-VoucherEntry/Voucher/voucherText"), 2): Object 'Object Repository/FDR-VoucherEntry/Voucher/voucherText' is not present after 2 second(s)

2020-09-08 11:33:34 - [MESSAGE][INFO] - Unable to find the element located by 'By.xpath: //*[text()='New Voucher']'. Please recheck the objects properties to make sure the desired element is located. 

2020-09-08 11:33:34 - [MESSAGE][WARNING] - Object 'Object Repository/FDR-VoucherEntry/Voucher/voucherText' is not present after 2 second(s)

2020-09-08 11:33:34 - [TEST_STEP][PASSED] - vmessage = RandomStringUtils.randomAlphabetic(232): null

2020-09-08 11:33:34 - [TEST_STEP][PASSED] - setText(findTestObject("FDR-VoucherEntry/Voucher/vendorMessage"), vmessage): Text 'GvUFmhJVsIqxRkJOHoyJJOwxTBKbPOsxHyxrsNuyzOEJQzPSHYMRZPNnFTIssDdAQvarBbsAiBELkThLSMQUzWEixAZtYQZXHTdCaZIgqykkqrjjfBfrKZHGJZRzdWohbiuKzoNzApYkcMuYYeKHnhhQDspQjBVVebqfTHKBrkJJgYNhAoHLUlvKgzUdFOkOWZefvwdXyVxHetveCgXNxTUurakgWZfHERKFAZWB' is set on object 'Object Repository/FDR-VoucherEntry/Voucher/vendorMessage'

2020-09-08 11:33:41 - [MESSAGE][PASSED] - Text 'GvUFmhJVsIqxRkJOHoyJJOwxTBKbPOsxHyxrsNuyzOEJQzPSHYMRZPNnFTIssDdAQvarBbsAiBELkThLSMQUzWEixAZtYQZXHTdCaZIgqykkqrjjfBfrKZHGJZRzdWohbiuKzoNzApYkcMuYYeKHnhhQDspQjBVVebqfTHKBrkJJgYNhAoHLUlvKgzUdFOkOWZefvwdXyVxHetveCgXNxTUurakgWZfHERKFAZWB' is set on object 'Object Repository/FDR-VoucherEntry/Voucher/vendorMessage'

2020-09-08 11:33:41 - [TEST_STEP][PASSED] - waitForElementPresent(findTestObject("FDR-VoucherEntry/Voucher/buttonNext"), 2): Object 'Object Repository/FDR-VoucherEntry/Voucher/buttonNext' is present

2020-09-08 11:33:42 - [MESSAGE][PASSED] - Object 'Object Repository/FDR-VoucherEntry/Voucher/buttonNext' is present

2020-09-08 11:33:42 - [TEST_STEP][PASSED] - click(findTestObject("FDR-VoucherEntry/Voucher/buttonNext")): Object: 'Object Repository/FDR-VoucherEntry/Voucher/buttonNext' is clicked on

2020-09-08 11:33:42 - [MESSAGE][PASSED] - Object: 'Object Repository/FDR-VoucherEntry/Voucher/buttonNext' is clicked on

2020-09-08 11:33:42 - [TEST_STEP][PASSED] - verifyElementVisible(findTestObject("FDR-EditVoucher/VoucherErrorMessages/drawDateErr"), STOP_ON_FAILURE): Object 'Object Repository/FDR-EditVoucher/VoucherErrorMessages/drawDateErr' is visible

2020-09-08 11:33:43 - [MESSAGE][PASSED] - Object 'Object Repository/FDR-EditVoucher/VoucherErrorMessages/drawDateErr' is visible

2020-09-08 11:33:43 - [TEST_STEP][PASSED] - verifyElementVisible(findTestObject("FDR-EditVoucher/VoucherErrorMessages/payDateErr")): Object 'Object Repository/FDR-EditVoucher/VoucherErrorMessages/payDateErr' is visible

2020-09-08 11:33:43 - [MESSAGE][PASSED] - Object 'Object Repository/FDR-EditVoucher/VoucherErrorMessages/payDateErr' is visible

2020-09-08 11:33:43 - [TEST_STEP][PASSED] - verifyElementVisible(findTestObject("FDR-EditVoucher/DLErrorMessages/errorMessage")): Object 'Object Repository/FDR-EditVoucher/DLErrorMessages/errorMessage' is visible

2020-09-08 11:33:44 - [MESSAGE][PASSED] - Object 'Object Repository/FDR-EditVoucher/DLErrorMessages/errorMessage' is visible

2020-09-08 11:33:44 - [TEST_STEP][PASSED] - verifyElementVisible(findTestObject("FDR-EditVoucher/DLErrorMessages/errorMessage")): Object 'Object Repository/FDR-EditVoucher/DLErrorMessages/errorMessage' is visible

2020-09-08 11:33:44 - [MESSAGE][PASSED] - Object 'Object Repository/FDR-EditVoucher/DLErrorMessages/errorMessage' is visible

2020-09-08 11:33:44 - [TEST_STEP][PASSED] - verifyElementVisible(findTestObject("FDR-EditVoucher/DLErrorMessages/errorMessage")): Object 'Object Repository/FDR-EditVoucher/DLErrorMessages/errorMessage' is visible

2020-09-08 11:33:44 - [MESSAGE][PASSED] - Object 'Object Repository/FDR-EditVoucher/DLErrorMessages/errorMessage' is visible

2020-09-08 11:33:44 - [TEST_STEP][PASSED] - verifyElementVisible(findTestObject("FDR-EditVoucher/DLErrorMessages/errorMessage")): Object 'Object Repository/FDR-EditVoucher/DLErrorMessages/errorMessage' is visible

2020-09-08 11:33:45 - [MESSAGE][PASSED] - Object 'Object Repository/FDR-EditVoucher/DLErrorMessages/errorMessage' is visible

2020-09-08 11:33:45 - [TEST_STEP][PASSED] - verifyElementVisible(findTestObject("FDR-EditVoucher/DLErrorMessages/errorMessage")): Object 'Object Repository/FDR-EditVoucher/DLErrorMessages/errorMessage' is visible

2020-09-08 11:33:45 - [MESSAGE][PASSED] - Object 'Object Repository/FDR-EditVoucher/DLErrorMessages/errorMessage' is visible

2020-09-08 11:33:45 - [TEST_STEP][PASSED] - verifyElementVisible(findTestObject("FDR-EditVoucher/DLErrorMessages/errorMessage")): Object 'Object Repository/FDR-EditVoucher/DLErrorMessages/errorMessage' is visible

2020-09-08 11:33:45 - [MESSAGE][PASSED] - Object 'Object Repository/FDR-EditVoucher/DLErrorMessages/errorMessage' is visible

2020-09-08 11:33:45 - [TEST_STEP][PASSED] - verifyElementVisible(findTestObject("FDR-EditVoucher/DLErrorMessages/errorMessage")): Object 'Object Repository/FDR-EditVoucher/DLErrorMessages/errorMessage' is visible

2020-09-08 11:33:45 - [MESSAGE][PASSED] - Object 'Object Repository/FDR-EditVoucher/DLErrorMessages/errorMessage' is visible

2020-09-08 11:33:45 - [TEST_STEP][PASSED] - verifyElementVisible(findTestObject("FDR-EditVoucher/DLErrorMessages/errorMessage")): Object 'Object Repository/FDR-EditVoucher/DLErrorMessages/errorMessage' is visible

2020-09-08 11:33:46 - [MESSAGE][PASSED] - Object 'Object Repository/FDR-EditVoucher/DLErrorMessages/errorMessage' is visible

2020-09-08 11:33:46 - [TEST_STEP][PASSED] - back(): Navigate back successfully

2020-09-08 11:33:46 - [MESSAGE][PASSED] - Navigate back successfully

2020-09-08 11:33:46 - [TEST_STEP][PASSED] - waitForElementPresent(findTestObject("FDR-VoucherEntry/Voucher/voucherText"), 5): Object 'Object Repository/FDR-VoucherEntry/Voucher/voucherText' is not present after 5 second(s)

2020-09-08 11:33:52 - [MESSAGE][INFO] - Unable to find the element located by 'By.xpath: //*[text()='New Voucher']'. Please recheck the objects properties to make sure the desired element is located. 

2020-09-08 11:33:52 - [MESSAGE][WARNING] - Object 'Object Repository/FDR-VoucherEntry/Voucher/voucherText' is not present after 5 second(s)

2020-09-08 11:33:52 - [TEST_STEP][PASSED] - callTestCase(findTestCase("WEB-UI-TESTS/Voucher/FDR-Create-Simple-Voucher"), ["drawDate":drawDate, "payDate":payDate, "programType":programType, "invoiceType":invoiceType, "fundCode":fundCode, "supplier":supplier, ... ], STOP_ON_FAILURE): Call Test Case 'Test Cases/WEB-UI-TESTS/Voucher/FDR-Create-Simple-Voucher' successfully

2020-09-08 11:33:52 - [TEST_CASE][PASSED] - Test Cases/WEB-UI-TESTS/Voucher/FDR-Create-Simple-Voucher: Test Cases/WEB-UI-TESTS/Voucher/FDR-Create-Simple-Voucher

2020-09-08 11:33:52 - [TEST_STEP][PASSED] - voucherHeaderData = ["drawDate":drawDate, "payDate":payDate, "programType":programType, "invoiceType":invoiceType, "fundCode":fundCode, "supplier":supplier, ... ]: null

2020-09-08 11:33:52 - [TEST_STEP][PASSED] - Uifunctions.createVoucherHeader(voucherHeaderData): Object 'Object Repository/FDR-VoucherEntry/VoucherHeader/reviewButton' is present

2020-09-08 11:33:52 - [MESSAGE][PASSED] - Object 'Object Repository/FDR-Dashboard/createNewVoucherButton' is present

2020-09-08 11:33:53 - [MESSAGE][PASSED] - Object: 'Object Repository/FDR-Dashboard/createNewVoucherButton' is clicked on

2020-09-08 11:33:57 - [MESSAGE][INFO] - Unable to find the element located by 'By.xpath: //*[@data-id='action-button']//*[contains(text(),'Review')]'. Please recheck the objects properties to make sure the desired element is located. 

2020-09-08 11:33:57 - [MESSAGE][WARNING] - Object 'Object Repository/FDR-VoucherEntry/VoucherHeader/reviewButton' is not present after 3 second(s)

2020-09-08 11:33:57 - [MESSAGE][PASSED] - Object: 'Object Repository/FDR-VoucherEntry/Voucher/drawDate' is clicked on

2020-09-08 11:33:59 - [MESSAGE][INFO] - Unable to find the element located by 'By.xpath: //*[@data-id='button-link']//*[contains(text(),'Create New Voucher')]'. Please recheck the objects properties to make sure the desired element is located. 

2020-09-08 11:33:59 - [MESSAGE][WARNING] - Object 'Object Repository/FDR-Dashboard/createNewVoucherButton' is not present after 1 second(s)

2020-09-08 11:34:01 - [MESSAGE][PASSED] - Text '09/23/2020' is set on object 'Object Repository/FDR-VoucherEntry/Voucher/drawDate'

2020-09-08 11:34:05 - [MESSAGE][INFO] - Unable to find the element located by 'By.xpath: //*[@data-id='button-link']//*[contains(text(),'Create New Voucher')]'. Please recheck the objects properties to make sure the desired element is located. 

2020-09-08 11:34:05 - [MESSAGE][WARNING] - Object 'Object Repository/FDR-Dashboard/createNewVoucherButton' is not present after 3 second(s)

2020-09-08 11:34:06 - [MESSAGE][PASSED] - Object: 'Object Repository/FDR-VoucherEntry/Voucher/programType' is clicked on

2020-09-08 11:34:09 - [MESSAGE][INFO] - Unable to find the element located by 'By.xpath: //*[@data-id='button-link']//*[contains(text(),'Create New Voucher')]'. Please recheck the objects properties to make sure the desired element is located. 

2020-09-08 11:34:09 - [MESSAGE][WARNING] - Object 'Object Repository/FDR-Dashboard/createNewVoucherButton' is not present after 2 second(s)

2020-09-08 11:34:09 - [MESSAGE][PASSED] - Keys 'Medical Assistance (MA)' sent to object: 'Object Repository/FDR-VoucherEntry/Voucher/programType'

2020-09-08 11:34:10 - [MESSAGE][PASSED] - Object 'Object Repository/FDR-VoucherEntry/Voucher/programType' is present

2020-09-08 11:34:10 - [MESSAGE][PASSED] - Keys 'DOWN + ENTER + ' sent to object: 'Object Repository/FDR-VoucherEntry/Voucher/programType'

2020-09-08 11:34:11 - [MESSAGE][PASSED] - Object: 'Object Repository/FDR-VoucherEntry/Voucher/invoiceType' is clicked on

2020-09-08 11:34:11 - [MESSAGE][PASSED] - Object 'Object Repository/FDR-VoucherEntry/Voucher/invoiceType' is present

2020-09-08 11:34:11 - [MESSAGE][PASSED] - Keys 'CAP' sent to object: 'Object Repository/FDR-VoucherEntry/Voucher/invoiceType'

2020-09-08 11:34:12 - [MESSAGE][PASSED] - Keys 'DOWN + ENTER + ' sent to object: 'Object Repository/FDR-VoucherEntry/Voucher/invoiceType'

2020-09-08 11:34:12 - [MESSAGE][PASSED] - Object: 'Object Repository/FDR-VoucherEntry/Voucher/fundCode' is clicked on

2020-09-08 11:34:13 - [MESSAGE][PASSED] - Keys 'Health Care Deposit Fund (0912)' sent to object: 'Object Repository/FDR-VoucherEntry/Voucher/fundCode'

2020-09-08 11:34:13 - [MESSAGE][PASSED] - Object 'Object Repository/FDR-VoucherEntry/Voucher/fundCode' is present

2020-09-08 11:34:14 - [MESSAGE][PASSED] - Keys 'DOWN + ENTER + ' sent to object: 'Object Repository/FDR-VoucherEntry/Voucher/fundCode'

2020-09-08 11:34:14 - [MESSAGE][PASSED] - Object: 'Object Repository/FDR-VoucherEntry/Voucher/supplierID' is clicked on

2020-09-08 11:34:15 - [MESSAGE][PASSED] - Keys '0000007954' sent to object: 'Object Repository/FDR-VoucherEntry/Voucher/supplierID'

2020-09-08 11:34:15 - [MESSAGE][PASSED] - Object 'Object Repository/FDR-VoucherEntry/Voucher/supplierID' is present

2020-09-08 11:34:16 - [MESSAGE][PASSED] - Keys 'DOWN + ENTER + ' sent to object: 'Object Repository/FDR-VoucherEntry/Voucher/supplierID'

2020-09-08 11:34:17 - [MESSAGE][PASSED] - Object: 'Object Repository/FDR-VoucherEntry/Voucher/seqNum' is clicked on

2020-09-08 11:34:17 - [MESSAGE][PASSED] - Object 'Object Repository/FDR-VoucherEntry/Voucher/seqNum' is present

2020-09-08 11:34:17 - [MESSAGE][PASSED] - Keys 'DOWN + ENTER + ' sent to object: 'Object Repository/FDR-VoucherEntry/Voucher/seqNum'

2020-09-08 11:34:18 - [MESSAGE][PASSED] - Object: 'Object Repository/FDR-VoucherEntry/Voucher/contractNum' is clicked on

2020-09-08 11:34:18 - [MESSAGE][PASSED] - Keys '07-65707' sent to object: 'Object Repository/FDR-VoucherEntry/Voucher/contractNum'

2020-09-08 11:34:19 - [MESSAGE][PASSED] - Object 'Object Repository/FDR-VoucherEntry/Voucher/contractNum' is present

2020-09-08 11:34:19 - [MESSAGE][PASSED] - Keys 'DOWN + ENTER + ' sent to object: 'Object Repository/FDR-VoucherEntry/Voucher/contractNum'

2020-09-08 11:34:21 - [MESSAGE][PASSED] - Text 'This message will print on the Remittance Advice' is set on object 'Object Repository/FDR-VoucherEntry/Voucher/vendorMessage'

2020-09-08 11:34:22 - [MESSAGE][PASSED] - Object: 'Object Repository/FDR-VoucherEntry/Voucher/primaryContact' is clicked on

2020-09-08 11:34:22 - [MESSAGE][PASSED] - Keys 'Aung Lin' sent to object: 'Object Repository/FDR-VoucherEntry/Voucher/primaryContact'

2020-09-08 11:34:23 - [MESSAGE][PASSED] - Object 'Object Repository/FDR-VoucherEntry/Voucher/primaryContact' is present

2020-09-08 11:34:24 - [MESSAGE][PASSED] - Keys 'DOWN + ENTER + ' sent to object: 'Object Repository/FDR-VoucherEntry/Voucher/primaryContact'

2020-09-08 11:34:24 - [MESSAGE][PASSED] - Object: 'Object Repository/FDR-VoucherEntry/Voucher/secondaryContact' is clicked on

2020-09-08 11:34:25 - [MESSAGE][PASSED] - Keys 'Vivian Ly' sent to object: 'Object Repository/FDR-VoucherEntry/Voucher/secondaryContact'

2020-09-08 11:34:25 - [MESSAGE][PASSED] - Object 'Object Repository/FDR-VoucherEntry/Voucher/secondaryContact' is present

2020-09-08 11:34:25 - [MESSAGE][PASSED] - Object 'Object Repository/FDR-VoucherEntry/Voucher/secondaryContact' is present

2020-09-08 11:34:26 - [MESSAGE][PASSED] - Keys 'DOWN + ENTER + ' sent to object: 'Object Repository/FDR-VoucherEntry/Voucher/secondaryContact'

2020-09-08 11:34:26 - [MESSAGE][PASSED] - Object: 'Object Repository/FDR-VoucherEntry/Voucher/buttonNext' is clicked on

2020-09-08 11:34:29 - [MESSAGE][PASSED] - Delayed 3 second(s)

2020-09-08 11:34:30 - [MESSAGE][PASSED] - Object 'Object Repository/FDR-VoucherEntry/VoucherHeader/reviewButton' is present

2020-09-08 11:34:30 - [TEST_STEP][PASSED] - waitForElementPresent(findTestObject("FDR-Dashboard/createNewVoucherButton"), 4): Object 'Object Repository/FDR-Dashboard/createNewVoucherButton' is not present after 4 second(s)

2020-09-08 11:34:35 - [MESSAGE][INFO] - Unable to find the element located by 'By.xpath: //*[@data-id='button-link']//*[contains(text(),'Create New Voucher')]'. Please recheck the objects properties to make sure the desired element is located. 

2020-09-08 11:34:35 - [MESSAGE][WARNING] - Object 'Object Repository/FDR-Dashboard/createNewVoucherButton' is not present after 4 second(s)

2020-09-08 11:34:35 - [TEST_STEP][PASSED] - Uifunctions.createInvoiceLine(1): Object 'Object Repository/FDR-VoucherEntry/VoucherHeader/reviewButton' is present

2020-09-08 11:34:35 - [MESSAGE][PASSED] - Object 'Object Repository/FDR-VoucherEntry/VoucherHeader/reviewButton' is present

2020-09-08 11:34:38 - [MESSAGE][INFO] - Unable to find the element located by 'By.xpath: //*[contains(text(),'Add voucher')]//parent::button'. Please recheck the objects properties to make sure the desired element is located. 

2020-09-08 11:34:38 - [MESSAGE][WARNING] - Object 'Object Repository/FDR-VoucherEntry/InvoiceLine/addVoucherButton' is not present after 2 second(s)

2020-09-08 11:34:39 - [MESSAGE][PASSED] - Object 'Object Repository/FDR-VoucherEntry/InvoiceLine/invoice' is clickable

2020-09-08 11:34:39 - [MESSAGE][PASSED] - Object: 'Object Repository/FDR-VoucherEntry/InvoiceLine/invoice' is clicked on

2020-09-08 11:34:39 - [MESSAGE][PASSED] - Text '9500' is set on object 'Object Repository/FDR-VoucherEntry/InvoiceLine/invoice'

2020-09-08 11:34:40 - [MESSAGE][PASSED] - Object: 'Object Repository/FDR-VoucherEntry/InvoiceLine/invoiceDate' is clicked on

2020-09-08 11:34:40 - [MESSAGE][PASSED] - Object 'Object Repository/FDR-VoucherEntry/InvoiceLine/invoiceDate' is present

2020-09-08 11:34:41 - [MESSAGE][PASSED] - Text '09/08/2020' is set on object 'Object Repository/FDR-VoucherEntry/InvoiceLine/invoiceDate'

2020-09-08 11:34:42 - [MESSAGE][PASSED] - Object: 'Object Repository/FDR-VoucherEntry/InvoiceLine/originalWarrantDate' is clicked on

2020-09-08 11:34:42 - [MESSAGE][PASSED] - Text '09/09/2020' is set on object 'Object Repository/FDR-VoucherEntry/InvoiceLine/originalWarrantDate'

2020-09-08 11:34:43 - [MESSAGE][PASSED] - Object 'Object Repository/FDR-VoucherEntry/InvoiceLine/addInvoiceLineButton' is present

2020-09-08 11:34:43 - [MESSAGE][PASSED] - Object: 'Object Repository/FDR-VoucherEntry/InvoiceLine/addInvoiceLineButtonIndex2' is clicked on

2020-09-08 11:34:44 - [MESSAGE][PASSED] - Object 'Object Repository/FDR-VoucherEntry/VoucherHeader/reviewButton' is present

2020-09-08 11:34:44 - [TEST_STEP][PASSED] - waitForElementClickable(findTestObject("FDR-VoucherEntry/InvoiceLine/invoiceLineExpandButton"), 5): Object 'Object Repository/FDR-VoucherEntry/InvoiceLine/invoiceLineExpandButton' is clickable

2020-09-08 11:34:44 - [MESSAGE][PASSED] - Object 'Object Repository/FDR-VoucherEntry/InvoiceLine/invoiceLineExpandButton' is clickable

2020-09-08 11:34:44 - [TEST_STEP][PASSED] - click(findTestObject("FDR-VoucherEntry/InvoiceLine/invoiceLineExpandButton")): Object: 'Object Repository/FDR-VoucherEntry/InvoiceLine/invoiceLineExpandButton' is clicked on

2020-09-08 11:34:45 - [MESSAGE][PASSED] - Object: 'Object Repository/FDR-VoucherEntry/InvoiceLine/invoiceLineExpandButton' is clicked on

2020-09-08 11:34:45 - [TEST_STEP][PASSED] - waitForElementPresent(findTestObject("FDR-Dashboard/createNewVoucherButton"), 4): Object 'Object Repository/FDR-Dashboard/createNewVoucherButton' is not present after 4 second(s)

2020-09-08 11:34:50 - [MESSAGE][INFO] - Unable to find the element located by 'By.xpath: //*[@data-id='button-link']//*[contains(text(),'Create New Voucher')]'. Please recheck the objects properties to make sure the desired element is located. 

2020-09-08 11:34:50 - [MESSAGE][WARNING] - Object 'Object Repository/FDR-Dashboard/createNewVoucherButton' is not present after 4 second(s)

2020-09-08 11:34:50 - [TEST_STEP][PASSED] - click(findTestObject("FDR-VoucherEntry/InvoiceLine/invoiceAddlineButton")): Object: 'Object Repository/FDR-VoucherEntry/InvoiceLine/invoiceAddlineButton' is clicked on

2020-09-08 11:34:50 - [MESSAGE][PASSED] - Object: 'Object Repository/FDR-VoucherEntry/InvoiceLine/invoiceAddlineButton' is clicked on

2020-09-08 11:34:50 - [TEST_STEP][PASSED] - Uifunctions.createDistributionLines(1, "Voucher/FDR-DL"): Object: 'Object Repository/FDR-VoucherEntry/DistributionLine/addSaveButton' is clicked on

2020-09-08 11:34:54 - [MESSAGE][INFO] - Unable to find the element located by 'By.xpath: //*[@data-id='button-link']//*[contains(text(),'Create New Voucher')]'. Please recheck the objects properties to make sure the desired element is located. 

2020-09-08 11:34:54 - [MESSAGE][WARNING] - Object 'Object Repository/FDR-Dashboard/createNewVoucherButton' is not present after 3 second(s)

2020-09-08 11:34:58 - [MESSAGE][INFO] - Unable to find the element located by 'By.xpath: //*[@data-id='button-link']//*[contains(text(),'Create New Voucher')]'. Please recheck the objects properties to make sure the desired element is located. 

2020-09-08 11:34:58 - [MESSAGE][WARNING] - Object 'Object Repository/FDR-Dashboard/createNewVoucherButton' is not present after 2 second(s)

2020-09-08 11:34:58 - [MESSAGE][PASSED] - Object 'Object Repository/FDR-VoucherEntry/DistributionLine/serviceDateFrom' is clickable

2020-09-08 11:34:58 - [MESSAGE][PASSED] - Object: 'Object Repository/FDR-VoucherEntry/DistributionLine/serviceDateFrom' is clicked on

2020-09-08 11:34:58 - [MESSAGE][PASSED] - Object 'Object Repository/FDR-VoucherEntry/DistributionLine/serviceDateFrom' is present

2020-09-08 11:34:59 - [MESSAGE][PASSED] - Text '08/04/2020' is set on object 'Object Repository/FDR-VoucherEntry/DistributionLine/serviceDateFrom'

2020-09-08 11:35:00 - [MESSAGE][PASSED] - Object: 'Object Repository/FDR-VoucherEntry/DistributionLine/serviceDateTo' is clicked on

2020-09-08 11:35:00 - [MESSAGE][PASSED] - Object 'Object Repository/FDR-VoucherEntry/DistributionLine/serviceDateTo' is present

2020-09-08 11:35:02 - [MESSAGE][PASSED] - Text '08/05/2020' is set on object 'Object Repository/FDR-VoucherEntry/DistributionLine/serviceDateTo'

2020-09-08 11:35:05 - [MESSAGE][INFO] - Unable to find the element located by 'By.xpath: //*[@data-id='button-link']//*[contains(text(),'Create New Voucher')]'. Please recheck the objects properties to make sure the desired element is located. 

2020-09-08 11:35:05 - [MESSAGE][WARNING] - Object 'Object Repository/FDR-Dashboard/createNewVoucherButton' is not present after 2 second(s)

2020-09-08 11:35:05 - [MESSAGE][PASSED] - Object: 'Object Repository/FDR-VoucherEntry/DistributionLine/amount' is clicked on

2020-09-08 11:35:06 - [MESSAGE][PASSED] - Execute JavaScript 'arguments[0].value='';' successfully

2020-09-08 11:35:06 - [MESSAGE][PASSED] - Keys '100' sent to object: 'Object Repository/FDR-VoucherEntry/DistributionLine/amount'

2020-09-08 11:35:09 - [MESSAGE][INFO] - Unable to find the element located by 'By.xpath: //*[@data-id='button-link']//*[contains(text(),'Create New Voucher')]'. Please recheck the objects properties to make sure the desired element is located. 

2020-09-08 11:35:09 - [MESSAGE][WARNING] - Object 'Object Repository/FDR-Dashboard/createNewVoucherButton' is not present after 1 second(s)

2020-09-08 11:35:09 - [MESSAGE][PASSED] - Object: 'Object Repository/FDR-VoucherEntry/DistributionLine/waiverType' is clicked on

2020-09-08 11:35:11 - [MESSAGE][INFO] - Unable to find the element located by 'By.xpath: //*[@data-id='button-link']//*[contains(text(),'Create New Voucher')]'. Please recheck the objects properties to make sure the desired element is located. 

2020-09-08 11:35:11 - [MESSAGE][WARNING] - Object 'Object Repository/FDR-Dashboard/createNewVoucherButton' is not present after 1 second(s)

2020-09-08 11:35:11 - [MESSAGE][PASSED] - Keys '1115' sent to object: 'Object Repository/FDR-VoucherEntry/DistributionLine/waiverType'

2020-09-08 11:35:15 - [MESSAGE][INFO] - Unable to find the element located by 'By.xpath: //*[@data-id='button-link']//*[contains(text(),'Create New Voucher')]'. Please recheck the objects properties to make sure the desired element is located. 

2020-09-08 11:35:15 - [MESSAGE][WARNING] - Object 'Object Repository/FDR-Dashboard/createNewVoucherButton' is not present after 2 second(s)

2020-09-08 11:35:15 - [MESSAGE][PASSED] - Keys 'DOWN + ENTER + ' sent to object: 'Object Repository/FDR-VoucherEntry/DistributionLine/waiverType'

2020-09-08 11:35:16 - [MESSAGE][PASSED] - Object: 'Object Repository/FDR-VoucherEntry/DistributionLine/waiverName' is clicked on

2020-09-08 11:35:16 - [MESSAGE][PASSED] - Keys 'CBAS' sent to object: 'Object Repository/FDR-VoucherEntry/DistributionLine/waiverName'

2020-09-08 11:35:19 - [MESSAGE][INFO] - Unable to find the element located by 'By.xpath: //*[@data-id='button-link']//*[contains(text(),'Create New Voucher')]'. Please recheck the objects properties to make sure the desired element is located. 

2020-09-08 11:35:19 - [MESSAGE][WARNING] - Object 'Object Repository/FDR-Dashboard/createNewVoucherButton' is not present after 2 second(s)

2020-09-08 11:35:20 - [MESSAGE][PASSED] - Keys 'DOWN + ENTER + ' sent to object: 'Object Repository/FDR-VoucherEntry/DistributionLine/waiverName'

2020-09-08 11:35:20 - [MESSAGE][PASSED] - Object: 'Object Repository/FDR-VoucherEntry/DistributionLine/fundingSource' is clicked on

2020-09-08 11:35:21 - [MESSAGE][PASSED] - Keys 'Dental' sent to object: 'Object Repository/FDR-VoucherEntry/DistributionLine/fundingSource'

2020-09-08 11:35:24 - [MESSAGE][INFO] - Unable to find the element located by 'By.xpath: //*[@data-id='button-link']//*[contains(text(),'Create New Voucher')]'. Please recheck the objects properties to make sure the desired element is located. 

2020-09-08 11:35:24 - [MESSAGE][WARNING] - Object 'Object Repository/FDR-Dashboard/createNewVoucherButton' is not present after 2 second(s)

2020-09-08 11:35:24 - [MESSAGE][PASSED] - Keys 'DOWN + ENTER + ' sent to object: 'Object Repository/FDR-VoucherEntry/DistributionLine/fundingSource'

2020-09-08 11:35:25 - [MESSAGE][PASSED] - Object: 'Object Repository/FDR-VoucherEntry/DistributionLine/fundRatio' is clicked on

2020-09-08 11:35:25 - [MESSAGE][PASSED] - Keys '90/10' sent to object: 'Object Repository/FDR-VoucherEntry/DistributionLine/fundRatio'

2020-09-08 11:35:29 - [MESSAGE][INFO] - Unable to find the element located by 'By.xpath: //*[@data-id='button-link']//*[contains(text(),'Create New Voucher')]'. Please recheck the objects properties to make sure the desired element is located. 

2020-09-08 11:35:29 - [MESSAGE][WARNING] - Object 'Object Repository/FDR-Dashboard/createNewVoucherButton' is not present after 2 second(s)

2020-09-08 11:35:29 - [MESSAGE][PASSED] - Keys 'DOWN + ENTER + ' sent to object: 'Object Repository/FDR-VoucherEntry/DistributionLine/fundRatio'

2020-09-08 11:35:30 - [MESSAGE][PASSED] - Object: 'Object Repository/FDR-VoucherEntry/DistributionLine/nonFederalFund' is clicked on

2020-09-08 11:35:30 - [MESSAGE][PASSED] - Keys '0001' sent to object: 'Object Repository/FDR-VoucherEntry/DistributionLine/nonFederalFund'

2020-09-08 11:35:33 - [MESSAGE][INFO] - Unable to find the element located by 'By.xpath: //*[@data-id='button-link']//*[contains(text(),'Create New Voucher')]'. Please recheck the objects properties to make sure the desired element is located. 

2020-09-08 11:35:33 - [MESSAGE][WARNING] - Object 'Object Repository/FDR-Dashboard/createNewVoucherButton' is not present after 2 second(s)

2020-09-08 11:35:34 - [MESSAGE][PASSED] - Keys 'DOWN + ENTER + ' sent to object: 'Object Repository/FDR-VoucherEntry/DistributionLine/nonFederalFund'

2020-09-08 11:35:34 - [MESSAGE][PASSED] - Object: 'Object Repository/FDR-VoucherEntry/DistributionLine/account' is clicked on

2020-09-08 11:35:35 - [MESSAGE][PASSED] - Keys '5442000' sent to object: 'Object Repository/FDR-VoucherEntry/DistributionLine/account'

2020-09-08 11:35:35 - [MESSAGE][PASSED] - Keys 'DOWN + ENTER + ' sent to object: 'Object Repository/FDR-VoucherEntry/DistributionLine/account'

2020-09-08 11:35:36 - [MESSAGE][PASSED] - Object: 'Object Repository/FDR-VoucherEntry/DistributionLine/altAccount' is clicked on

2020-09-08 11:35:37 - [MESSAGE][PASSED] - Keys '5442000' sent to object: 'Object Repository/FDR-VoucherEntry/DistributionLine/altAccount'

2020-09-08 11:35:37 - [MESSAGE][PASSED] - Object 'Object Repository/FDR-VoucherEntry/DistributionLine/altAccount' is present

2020-09-08 11:35:37 - [MESSAGE][PASSED] - Keys 'DOWN + ENTER + ' sent to object: 'Object Repository/FDR-VoucherEntry/DistributionLine/altAccount'

2020-09-08 11:35:38 - [MESSAGE][PASSED] - Object: 'Object Repository/FDR-VoucherEntry/DistributionLine/serviceCategory' is clicked on

2020-09-08 11:35:41 - [MESSAGE][INFO] - Unable to find the element located by 'By.xpath: //*[@data-id='button-link']//*[contains(text(),'Create New Voucher')]'. Please recheck the objects properties to make sure the desired element is located. 

2020-09-08 11:35:41 - [MESSAGE][WARNING] - Object 'Object Repository/FDR-Dashboard/createNewVoucherButton' is not present after 2 second(s)

2020-09-08 11:35:41 - [MESSAGE][PASSED] - Keys '18B1' sent to object: 'Object Repository/FDR-VoucherEntry/DistributionLine/serviceCategory'

2020-09-08 11:35:42 - [MESSAGE][PASSED] - Keys 'DOWN + ENTER + ' sent to object: 'Object Repository/FDR-VoucherEntry/DistributionLine/serviceCategory'

2020-09-08 11:35:42 - [MESSAGE][PASSED] - Object: 'Object Repository/FDR-VoucherEntry/DistributionLine/incDecLine' is clicked on

2020-09-08 11:35:43 - [MESSAGE][PASSED] - Keys '8: Adjustments and corrections' sent to object: 'Object Repository/FDR-VoucherEntry/DistributionLine/incDecLine'

2020-09-08 11:35:43 - [MESSAGE][PASSED] - Keys 'DOWN + ENTER + ' sent to object: 'Object Repository/FDR-VoucherEntry/DistributionLine/incDecLine'

2020-09-08 11:35:45 - [MESSAGE][INFO] - Unable to find the element located by 'By.xpath: //*[@data-id='button-link']//*[contains(text(),'Create New Voucher')]'. Please recheck the objects properties to make sure the desired element is located. 

2020-09-08 11:35:45 - [MESSAGE][WARNING] - Object 'Object Repository/FDR-Dashboard/createNewVoucherButton' is not present after 1 second(s)

2020-09-08 11:35:46 - [MESSAGE][PASSED] - Object: 'Object Repository/FDR-VoucherEntry/DistributionLine/index' is clicked on

2020-09-08 11:35:46 - [MESSAGE][PASSED] - Keys '1155' sent to object: 'Object Repository/FDR-VoucherEntry/DistributionLine/index'

2020-09-08 11:35:46 - [MESSAGE][PASSED] - Keys 'DOWN + ENTER + ' sent to object: 'Object Repository/FDR-VoucherEntry/DistributionLine/index'

2020-09-08 11:35:47 - [MESSAGE][PASSED] - Object: 'Object Repository/FDR-VoucherEntry/DistributionLine/addSaveButton' is clicked on

2020-09-08 11:35:47 - [MESSAGE][PASSED] - Call Test Case 'Test Cases/WEB-UI-TESTS/Voucher/FDR-Create-Simple-Voucher' successfully

2020-09-08 11:35:47 - [TEST_STEP][PASSED] - waitForElementPresent(findTestObject("FDR-Dashboard/createNewVoucherButton"), 4): Object 'Object Repository/FDR-Dashboard/createNewVoucherButton' is not present after 4 second(s)

2020-09-08 11:35:52 - [MESSAGE][INFO] - Unable to find the element located by 'By.xpath: //*[@data-id='button-link']//*[contains(text(),'Create New Voucher')]'. Please recheck the objects properties to make sure the desired element is located. 

2020-09-08 11:35:52 - [MESSAGE][WARNING] - Object 'Object Repository/FDR-Dashboard/createNewVoucherButton' is not present after 4 second(s)

2020-09-08 11:35:52 - [TEST_STEP][PASSED] - click(findTestObject("FDR-VoucherEntry/InvoiceLine/invoiceLineExpandButton")): Object: 'Object Repository/FDR-VoucherEntry/InvoiceLine/invoiceLineExpandButton' is clicked on

2020-09-08 11:35:53 - [MESSAGE][PASSED] - Object: 'Object Repository/FDR-VoucherEntry/InvoiceLine/invoiceLineExpandButton' is clicked on

2020-09-08 11:35:53 - [TEST_STEP][PASSED] - waitForElementPresent(findTestObject("FDR-Dashboard/createNewVoucherButton"), 2): Object 'Object Repository/FDR-Dashboard/createNewVoucherButton' is not present after 2 second(s)

2020-09-08 11:35:56 - [MESSAGE][INFO] - Unable to find the element located by 'By.xpath: //*[@data-id='button-link']//*[contains(text(),'Create New Voucher')]'. Please recheck the objects properties to make sure the desired element is located. 

2020-09-08 11:35:56 - [MESSAGE][WARNING] - Object 'Object Repository/FDR-Dashboard/createNewVoucherButton' is not present after 2 second(s)

2020-09-08 11:35:56 - [TEST_STEP][PASSED] - processorVoucherNumber = getText(findTestObject("FDR-VoucherEntry/VoucherHeader/voucherNum")): Text of object 'Object Repository/FDR-VoucherEntry/VoucherHeader/voucherNum' is: 'CAP00000127'

2020-09-08 11:35:56 - [MESSAGE][PASSED] - Text of object 'Object Repository/FDR-VoucherEntry/VoucherHeader/voucherNum' is: 'CAP00000127'

2020-09-08 11:35:56 - [TEST_STEP][PASSED] - existingInvoiceNumber = getText(findTestObject("FDR-EditVoucher/firstInvoiceNumber")): Text of object 'Object Repository/FDR-EditVoucher/firstInvoiceNumber' is: '9500'

2020-09-08 11:35:56 - [MESSAGE][PASSED] - Text of object 'Object Repository/FDR-EditVoucher/firstInvoiceNumber' is: '9500'

2020-09-08 11:35:56 - [TEST_STEP][PASSED] - setText(findTestObject("FDR-VoucherEntry/VoucherEntryObjects/inputInvoiceDescription"), existingInvoiceNumber): Text '9500' is set on object 'Object Repository/FDR-VoucherEntry/VoucherEntryObjects/inputInvoiceDescription'

2020-09-08 11:35:57 - [MESSAGE][PASSED] - Text '9500' is set on object 'Object Repository/FDR-VoucherEntry/VoucherEntryObjects/inputInvoiceDescription'

2020-09-08 11:35:57 - [TEST_STEP][PASSED] - waitForElementPresent(findTestObject("FDR-Dashboard/createNewVoucherButton"), 2): Object 'Object Repository/FDR-Dashboard/createNewVoucherButton' is not present after 2 second(s)

2020-09-08 11:36:00 - [MESSAGE][INFO] - Unable to find the element located by 'By.xpath: //*[@data-id='button-link']//*[contains(text(),'Create New Voucher')]'. Please recheck the objects properties to make sure the desired element is located. 

2020-09-08 11:36:00 - [MESSAGE][WARNING] - Object 'Object Repository/FDR-Dashboard/createNewVoucherButton' is not present after 2 second(s)

2020-09-08 11:36:00 - [TEST_STEP][PASSED] - click(findTestObject("FDR-EditVoucher/button_Add")): Object: 'Object Repository/FDR-EditVoucher/button_Add' is clicked on

2020-09-08 11:36:01 - [MESSAGE][PASSED] - Object: 'Object Repository/FDR-EditVoucher/button_Add' is clicked on

2020-09-08 11:36:01 - [TEST_STEP][PASSED] - waitForElementPresent(findTestObject("FDR-Dashboard/createNewVoucherButton"), 2): Object 'Object Repository/FDR-Dashboard/createNewVoucherButton' is not present after 2 second(s)

2020-09-08 11:36:05 - [MESSAGE][INFO] - Unable to find the element located by 'By.xpath: //*[@data-id='button-link']//*[contains(text(),'Create New Voucher')]'. Please recheck the objects properties to make sure the desired element is located. 

2020-09-08 11:36:05 - [MESSAGE][WARNING] - Object 'Object Repository/FDR-Dashboard/createNewVoucherButton' is not present after 2 second(s)

2020-09-08 11:36:05 - [TEST_STEP][PASSED] - verifyElementVisible(findTestObject("FDR-EditVoucher/InvoiceErrorMessages/duplicateInvoiceErr")): Object 'Object Repository/FDR-EditVoucher/InvoiceErrorMessages/duplicateInvoiceErr' is visible

2020-09-08 11:36:05 - [MESSAGE][PASSED] - Object 'Object Repository/FDR-EditVoucher/InvoiceErrorMessages/duplicateInvoiceErr' is visible

2020-09-08 11:36:05 - [TEST_STEP][PASSED] - waitForElementPresent(findTestObject("FDR-Dashboard/createNewVoucherButton"), 2): Object 'Object Repository/FDR-Dashboard/createNewVoucherButton' is not present after 2 second(s)

2020-09-08 11:36:08 - [MESSAGE][INFO] - Unable to find the element located by 'By.xpath: //*[@data-id='button-link']//*[contains(text(),'Create New Voucher')]'. Please recheck the objects properties to make sure the desired element is located. 

2020-09-08 11:36:08 - [MESSAGE][WARNING] - Object 'Object Repository/FDR-Dashboard/createNewVoucherButton' is not present after 2 second(s)

2020-09-08 11:36:08 - [TEST_STEP][PASSED] - verifyElementVisible(findTestObject("FDR-EditVoucher/DLErrorMessages/dateErrorMessage")): Object 'Object Repository/FDR-EditVoucher/DLErrorMessages/dateErrorMessage' is visible

2020-09-08 11:36:08 - [MESSAGE][PASSED] - Object 'Object Repository/FDR-EditVoucher/DLErrorMessages/dateErrorMessage' is visible

2020-09-08 11:36:08 - [TEST_STEP][PASSED] - waitForElementPresent(findTestObject("FDR-Dashboard/createNewVoucherButton"), 3): Object 'Object Repository/FDR-Dashboard/createNewVoucherButton' is not present after 3 second(s)

2020-09-08 11:36:13 - [MESSAGE][INFO] - Unable to find the element located by 'By.xpath: //*[@data-id='button-link']//*[contains(text(),'Create New Voucher')]'. Please recheck the objects properties to make sure the desired element is located. 

2020-09-08 11:36:13 - [MESSAGE][WARNING] - Object 'Object Repository/FDR-Dashboard/createNewVoucherButton' is not present after 3 second(s)

2020-09-08 11:36:13 - [TEST_STEP][PASSED] - click(findTestObject("FDR-VoucherEntry/InvoiceLine/invoiceLineExpandButton")): Object: 'Object Repository/FDR-VoucherEntry/InvoiceLine/invoiceLineExpandButton' is clicked on

2020-09-08 11:36:13 - [MESSAGE][PASSED] - Object: 'Object Repository/FDR-VoucherEntry/InvoiceLine/invoiceLineExpandButton' is clicked on

2020-09-08 11:36:13 - [TEST_STEP][PASSED] - waitForElementPresent(findTestObject("FDR-Dashboard/createNewVoucherButton"), 3): Object 'Object Repository/FDR-Dashboard/createNewVoucherButton' is not present after 3 second(s)

2020-09-08 11:36:17 - [MESSAGE][INFO] - Unable to find the element located by 'By.xpath: //*[@data-id='button-link']//*[contains(text(),'Create New Voucher')]'. Please recheck the objects properties to make sure the desired element is located. 

2020-09-08 11:36:17 - [MESSAGE][WARNING] - Object 'Object Repository/FDR-Dashboard/createNewVoucherButton' is not present after 3 second(s)

2020-09-08 11:36:17 - [TEST_STEP][PASSED] - click(findTestObject("FDR-VoucherEntry/InvoiceLine/invoiceAddlineButton")): Object: 'Object Repository/FDR-VoucherEntry/InvoiceLine/invoiceAddlineButton' is clicked on

2020-09-08 11:36:17 - [MESSAGE][PASSED] - Object: 'Object Repository/FDR-VoucherEntry/InvoiceLine/invoiceAddlineButton' is clicked on

2020-09-08 11:36:17 - [TEST_STEP][PASSED] - waitForElementPresent(findTestObject("FDR-Dashboard/createNewVoucherButton"), 6): Object 'Object Repository/FDR-Dashboard/createNewVoucherButton' is not present after 6 second(s)

2020-09-08 11:36:25 - [MESSAGE][INFO] - Unable to find the element located by 'By.xpath: //*[@data-id='button-link']//*[contains(text(),'Create New Voucher')]'. Please recheck the objects properties to make sure the desired element is located. 

2020-09-08 11:36:25 - [MESSAGE][WARNING] - Object 'Object Repository/FDR-Dashboard/createNewVoucherButton' is not present after 6 second(s)

2020-09-08 11:36:25 - [TEST_STEP][PASSED] - click(findTestObject("FDR-VoucherEntry/DistributionLine/addSaveButton")): Object: 'Object Repository/FDR-VoucherEntry/DistributionLine/addSaveButton' is clicked on

2020-09-08 11:36:25 - [MESSAGE][PASSED] - Object: 'Object Repository/FDR-VoucherEntry/DistributionLine/addSaveButton' is clicked on

2020-09-08 11:36:25 - [TEST_STEP][PASSED] - verifyElementVisible(findTestObject("FDR-EditVoucher/DLErrorMessages/dateErrorMessage"), STOP_ON_FAILURE): Object 'Object Repository/FDR-EditVoucher/DLErrorMessages/dateErrorMessage' is visible

2020-09-08 11:36:26 - [MESSAGE][PASSED] - Object 'Object Repository/FDR-EditVoucher/DLErrorMessages/dateErrorMessage' is visible

2020-09-08 11:36:26 - [TEST_STEP][PASSED] - verifyElementVisible(findTestObject("FDR-EditVoucher/DLErrorMessages/dateErrorMessage")): Object 'Object Repository/FDR-EditVoucher/DLErrorMessages/dateErrorMessage' is visible

2020-09-08 11:36:26 - [MESSAGE][PASSED] - Object 'Object Repository/FDR-EditVoucher/DLErrorMessages/dateErrorMessage' is visible

2020-09-08 11:36:26 - [TEST_STEP][PASSED] - verifyElementVisible(findTestObject("FDR-EditVoucher/DLErrorMessages/errorMessage")): Object 'Object Repository/FDR-EditVoucher/DLErrorMessages/errorMessage' is visible

2020-09-08 11:36:26 - [MESSAGE][PASSED] - Object 'Object Repository/FDR-EditVoucher/DLErrorMessages/errorMessage' is visible

2020-09-08 11:36:26 - [TEST_STEP][PASSED] - verifyElementVisible(findTestObject("FDR-EditVoucher/DLErrorMessages/errorMessage")): Object 'Object Repository/FDR-EditVoucher/DLErrorMessages/errorMessage' is visible

2020-09-08 11:36:27 - [MESSAGE][PASSED] - Object 'Object Repository/FDR-EditVoucher/DLErrorMessages/errorMessage' is visible

2020-09-08 11:36:27 - [TEST_STEP][PASSED] - verifyElementVisible(findTestObject("FDR-EditVoucher/DLErrorMessages/errorMessage")): Object 'Object Repository/FDR-EditVoucher/DLErrorMessages/errorMessage' is visible

2020-09-08 11:36:27 - [MESSAGE][PASSED] - Object 'Object Repository/FDR-EditVoucher/DLErrorMessages/errorMessage' is visible

2020-09-08 11:36:27 - [TEST_STEP][PASSED] - verifyElementVisible(findTestObject("FDR-EditVoucher/DLErrorMessages/errorMessage")): Object 'Object Repository/FDR-EditVoucher/DLErrorMessages/errorMessage' is visible

2020-09-08 11:36:27 - [MESSAGE][PASSED] - Object 'Object Repository/FDR-EditVoucher/DLErrorMessages/errorMessage' is visible

2020-09-08 11:36:27 - [TEST_STEP][PASSED] - verifyElementVisible(findTestObject("FDR-EditVoucher/DLErrorMessages/errorMessage")): Object 'Object Repository/FDR-EditVoucher/DLErrorMessages/errorMessage' is visible

2020-09-08 11:36:28 - [MESSAGE][PASSED] - Object 'Object Repository/FDR-EditVoucher/DLErrorMessages/errorMessage' is visible

2020-09-08 11:36:28 - [TEST_STEP][PASSED] - verifyElementVisible(findTestObject("FDR-EditVoucher/DLErrorMessages/errorMessage")): Object 'Object Repository/FDR-EditVoucher/DLErrorMessages/errorMessage' is visible

2020-09-08 11:36:28 - [MESSAGE][PASSED] - Object 'Object Repository/FDR-EditVoucher/DLErrorMessages/errorMessage' is visible

2020-09-08 11:36:28 - [TEST_STEP][PASSED] - waitForElementPresent(findTestObject("FDR-Dashboard/createNewVoucherButton"), 2): Object 'Object Repository/FDR-Dashboard/createNewVoucherButton' is not present after 2 second(s)

2020-09-08 11:36:31 - [MESSAGE][INFO] - Unable to find the element located by 'By.xpath: //*[@data-id='button-link']//*[contains(text(),'Create New Voucher')]'. Please recheck the objects properties to make sure the desired element is located. 

2020-09-08 11:36:31 - [MESSAGE][WARNING] - Object 'Object Repository/FDR-Dashboard/createNewVoucherButton' is not present after 2 second(s)

2020-09-08 11:36:31 - [TEST_STEP][PASSED] - click(findTestObject("FDR-VoucherEntry/DistributionLine/waiverType")): Object: 'Object Repository/FDR-VoucherEntry/DistributionLine/waiverType' is clicked on

2020-09-08 11:36:31 - [MESSAGE][PASSED] - Object: 'Object Repository/FDR-VoucherEntry/DistributionLine/waiverType' is clicked on

2020-09-08 11:36:31 - [TEST_STEP][PASSED] - sendKeys(findTestObject("FDR-VoucherEntry/DistributionLine/waiverType"), "2020"): Keys '2020' sent to object: 'Object Repository/FDR-VoucherEntry/DistributionLine/waiverType'

2020-09-08 11:36:32 - [MESSAGE][PASSED] - Keys '2020' sent to object: 'Object Repository/FDR-VoucherEntry/DistributionLine/waiverType'

2020-09-08 11:36:32 - [TEST_STEP][PASSED] - sendKeys(findTestObject("FDR-VoucherEntry/DistributionLine/waiverType"), Keys.chord(DOWN, ENTER)): Keys 'DOWN + ENTER + ' sent to object: 'Object Repository/FDR-VoucherEntry/DistributionLine/waiverType'

2020-09-08 11:36:33 - [MESSAGE][PASSED] - Keys 'DOWN + ENTER + ' sent to object: 'Object Repository/FDR-VoucherEntry/DistributionLine/waiverType'

2020-09-08 11:36:33 - [TEST_STEP][PASSED] - click(findTestObject("FDR-VoucherEntry/DistributionLine/waiverName")): Object: 'Object Repository/FDR-VoucherEntry/DistributionLine/waiverName' is clicked on

2020-09-08 11:36:33 - [MESSAGE][PASSED] - Object: 'Object Repository/FDR-VoucherEntry/DistributionLine/waiverName' is clicked on

2020-09-08 11:36:33 - [TEST_STEP][PASSED] - sendKeys(findTestObject("FDR-VoucherEntry/DistributionLine/waiverName"), "A-FamilyU TPM/GMC"): Keys 'A-FamilyU TPM/GMC' sent to object: 'Object Repository/FDR-VoucherEntry/DistributionLine/waiverName'

2020-09-08 11:36:34 - [MESSAGE][PASSED] - Keys 'A-FamilyU TPM/GMC' sent to object: 'Object Repository/FDR-VoucherEntry/DistributionLine/waiverName'

2020-09-08 11:36:34 - [TEST_STEP][PASSED] - sendKeys(findTestObject("FDR-VoucherEntry/DistributionLine/waiverName"), Keys.chord(DOWN, ENTER)): Keys 'DOWN + ENTER + ' sent to object: 'Object Repository/FDR-VoucherEntry/DistributionLine/waiverName'

2020-09-08 11:36:34 - [MESSAGE][PASSED] - Keys 'DOWN + ENTER + ' sent to object: 'Object Repository/FDR-VoucherEntry/DistributionLine/waiverName'

2020-09-08 11:36:34 - [TEST_STEP][PASSED] - waitForElementPresent(findTestObject("FDR-Dashboard/createNewVoucherButton"), 2): Object 'Object Repository/FDR-Dashboard/createNewVoucherButton' is not present after 2 second(s)

2020-09-08 11:36:37 - [MESSAGE][INFO] - Unable to find the element located by 'By.xpath: //*[@data-id='button-link']//*[contains(text(),'Create New Voucher')]'. Please recheck the objects properties to make sure the desired element is located. 

2020-09-08 11:36:37 - [MESSAGE][WARNING] - Object 'Object Repository/FDR-Dashboard/createNewVoucherButton' is not present after 2 second(s)

2020-09-08 11:36:37 - [TEST_STEP][PASSED] - click(findTestObject("FDR-VoucherEntry/DistributionLine/fundingSource")): Object: 'Object Repository/FDR-VoucherEntry/DistributionLine/fundingSource' is clicked on

2020-09-08 11:36:38 - [MESSAGE][PASSED] - Object: 'Object Repository/FDR-VoucherEntry/DistributionLine/fundingSource' is clicked on

2020-09-08 11:36:38 - [TEST_STEP][PASSED] - sendKeys(findTestObject("FDR-VoucherEntry/DistributionLine/fundingSource"), "Dental"): Keys 'Dental' sent to object: 'Object Repository/FDR-VoucherEntry/DistributionLine/fundingSource'

2020-09-08 11:36:38 - [MESSAGE][PASSED] - Keys 'Dental' sent to object: 'Object Repository/FDR-VoucherEntry/DistributionLine/fundingSource'

2020-09-08 11:36:38 - [TEST_STEP][PASSED] - sendKeys(findTestObject("FDR-VoucherEntry/DistributionLine/fundingSource"), Keys.chord(DOWN, ENTER)): Keys 'DOWN + ENTER + ' sent to object: 'Object Repository/FDR-VoucherEntry/DistributionLine/fundingSource'

2020-09-08 11:36:39 - [MESSAGE][PASSED] - Keys 'DOWN + ENTER + ' sent to object: 'Object Repository/FDR-VoucherEntry/DistributionLine/fundingSource'

2020-09-08 11:36:39 - [TEST_STEP][PASSED] - waitForElementPresent(findTestObject("FDR-Dashboard/createNewVoucherButton"), 2): Object 'Object Repository/FDR-Dashboard/createNewVoucherButton' is not present after 2 second(s)

2020-09-08 11:36:42 - [MESSAGE][INFO] - Unable to find the element located by 'By.xpath: //*[@data-id='button-link']//*[contains(text(),'Create New Voucher')]'. Please recheck the objects properties to make sure the desired element is located. 

2020-09-08 11:36:42 - [MESSAGE][WARNING] - Object 'Object Repository/FDR-Dashboard/createNewVoucherButton' is not present after 2 second(s)

2020-09-08 11:36:42 - [TEST_STEP][PASSED] - click(findTestObject("FDR-VoucherEntry/DistributionLine/fundRatio")): Object: 'Object Repository/FDR-VoucherEntry/DistributionLine/fundRatio' is clicked on

2020-09-08 11:36:42 - [MESSAGE][PASSED] - Object: 'Object Repository/FDR-VoucherEntry/DistributionLine/fundRatio' is clicked on

2020-09-08 11:36:42 - [TEST_STEP][PASSED] - sendKeys(findTestObject("FDR-VoucherEntry/DistributionLine/fundRatio"), "50/50"): Keys '50/50' sent to object: 'Object Repository/FDR-VoucherEntry/DistributionLine/fundRatio'

2020-09-08 11:36:43 - [MESSAGE][PASSED] - Keys '50/50' sent to object: 'Object Repository/FDR-VoucherEntry/DistributionLine/fundRatio'

2020-09-08 11:36:43 - [TEST_STEP][PASSED] - waitForElementPresent(findTestObject("FDR-VoucherEntry/DistributionLine/fundRatio"), 2): Object 'Object Repository/FDR-VoucherEntry/DistributionLine/fundRatio' is present

2020-09-08 11:36:43 - [MESSAGE][PASSED] - Object 'Object Repository/FDR-VoucherEntry/DistributionLine/fundRatio' is present

2020-09-08 11:36:43 - [TEST_STEP][PASSED] - sendKeys(findTestObject("FDR-VoucherEntry/DistributionLine/fundRatio"), Keys.chord(DOWN, ENTER)): Keys 'DOWN + ENTER + ' sent to object: 'Object Repository/FDR-VoucherEntry/DistributionLine/fundRatio'

2020-09-08 11:36:43 - [MESSAGE][PASSED] - Keys 'DOWN + ENTER + ' sent to object: 'Object Repository/FDR-VoucherEntry/DistributionLine/fundRatio'

2020-09-08 11:36:43 - [TEST_STEP][PASSED] - verifyElementVisible(findTestObject("FDR-EditVoucher/DLErrorMessages/errorMessage")): Object 'Object Repository/FDR-EditVoucher/DLErrorMessages/errorMessage' is visible

2020-09-08 11:36:44 - [MESSAGE][PASSED] - Object 'Object Repository/FDR-EditVoucher/DLErrorMessages/errorMessage' is visible

2020-09-08 11:36:44 - [TEST_STEP][PASSED] - verifyElementVisible(findTestObject("FDR-EditVoucher/DLErrorMessages/errorMessage")): Object 'Object Repository/FDR-EditVoucher/DLErrorMessages/errorMessage' is visible

2020-09-08 11:36:44 - [MESSAGE][PASSED] - Object 'Object Repository/FDR-EditVoucher/DLErrorMessages/errorMessage' is visible

2020-09-08 11:36:44 - [TEST_STEP][PASSED] - verifyElementVisible(findTestObject("FDR-EditVoucher/DLErrorMessages/errorMessage")): Object 'Object Repository/FDR-EditVoucher/DLErrorMessages/errorMessage' is visible

2020-09-08 11:36:44 - [MESSAGE][PASSED] - Object 'Object Repository/FDR-EditVoucher/DLErrorMessages/errorMessage' is visible

2020-09-08 11:36:44 - [TEST_STEP][PASSED] - waitForElementPresent(findTestObject("FDR-Dashboard/createNewVoucherButton"), 2): Object 'Object Repository/FDR-Dashboard/createNewVoucherButton' is not present after 2 second(s)

2020-09-08 11:36:48 - [MESSAGE][INFO] - Unable to find the element located by 'By.xpath: //*[@data-id='button-link']//*[contains(text(),'Create New Voucher')]'. Please recheck the objects properties to make sure the desired element is located. 

2020-09-08 11:36:48 - [MESSAGE][WARNING] - Object 'Object Repository/FDR-Dashboard/createNewVoucherButton' is not present after 2 second(s)

2020-09-08 11:36:48 - [TEST_STEP][PASSED] - click(findTestObject("FDR-VoucherEntry/DistributionLine/cancelButton")): Object: 'Object Repository/FDR-VoucherEntry/DistributionLine/cancelButton' is clicked on

2020-09-08 11:36:48 - [MESSAGE][PASSED] - Object: 'Object Repository/FDR-VoucherEntry/DistributionLine/cancelButton' is clicked on

2020-09-08 11:36:48 - [TEST_STEP][PASSED] - Start tear down : tearDownTestCase: Method 'tearDownTestCase' complete successfully

2020-09-08 11:36:48 - [MESSAGE][PASSED] - Method 'tearDownTestCase' complete successfully

2020-09-08 11:36:48 - [TEST_STEP][PASSED] - Start listener action : sampleAfterTestCase: null

2020-09-08 11:36:48 - [TEST_STEP][PASSED] - profileName = getExecutionProfile(): null

2020-09-08 11:36:48 - [TEST_STEP][PASSED] - switch (profileName): null

2020-09-08 11:36:48 - [TEST_STEP][PASSED] - case "superUser":: null

2020-09-08 11:36:48 - [TEST_STEP][PASSED] - return null: null

2020-09-08 11:36:48 - [TEST_STEP][PASSED] - Start listener action : afterTestCase: null

2020-09-08 11:36:48 - [TEST_STEP][PASSED] - profileName = getExecutionProfile(): null

2020-09-08 11:36:48 - [TEST_STEP][PASSED] - if (profileName.equalsIgnoreCase("SysAdmin")): null

2020-09-08 11:36:48 - [TEST_STEP][PASSED] - Start listener action : sampleAfterTestCase: null

2020-09-08 11:36:48 - [TEST_STEP][PASSED] - profileName = getExecutionProfile(): null

2020-09-08 11:36:48 - [TEST_STEP][PASSED] - switch (profileName): null

2020-09-08 11:36:48 - [TEST_STEP][PASSED] - case "Voucher":: null

2020-09-08 11:36:48 - [TEST_STEP][PASSED] - Uifunctions.logoutFDR(): Browser is closed

2020-09-08 11:36:49 - [MESSAGE][PASSED] - Browser is closed

2020-09-08 11:36:49 - [TEST_STEP][PASSED] - break: null

2020-09-08 11:36:49 - [TEST_STEP][PASSED] - Start listener action : addFailedTCToList: null]]></system-out>
         <system-err><![CDATA[]]></system-err>
      </testcase>
      <testcase name="Test Cases/WEB-UI-TESTS/Voucher/FDR-Fund-Ratio-Validations" time="478.313" classname="Test Cases/WEB-UI-TESTS/Voucher/FDR-Fund-Ratio-Validations" status="PASSED">
         <system-out><![CDATA[2020-09-08 11:36:49 - [TEST_CASE][PASSED] - Test Cases/WEB-UI-TESTS/Voucher/FDR-Fund-Ratio-Validations: Test Cases/WEB-UI-TESTS/Voucher/FDR-Fund-Ratio-Validations

2020-09-08 11:36:49 - [TEST_STEP][PASSED] - Start listener action : sampleBeforeTestCase: null

2020-09-08 11:36:49 - [TEST_STEP][PASSED] - profileName = getExecutionProfile(): null

2020-09-08 11:36:49 - [TEST_STEP][PASSED] - switch (profileName): null

2020-09-08 11:36:49 - [TEST_STEP][PASSED] - case "superUser":: null

2020-09-08 11:36:49 - [TEST_STEP][PASSED] - return null: null

2020-09-08 11:36:49 - [TEST_STEP][PASSED] - Start listener action : beforeTestCase: null

2020-09-08 11:36:49 - [TEST_STEP][PASSED] - profileName = getExecutionProfile(): null

2020-09-08 11:36:49 - [TEST_STEP][PASSED] - if (profileName.equalsIgnoreCase("SysAdmin")): null

2020-09-08 11:36:49 - [TEST_STEP][PASSED] - Start listener action : sampleBeforeTestCase: Navigate to 'https://fdr-katalon.cammis-mod-dev.dhcs.ca.gov' successfully

2020-09-08 11:36:49 - [TEST_STEP][PASSED] - profileName = getExecutionProfile(): null

2020-09-08 11:36:49 - [TEST_STEP][PASSED] - testCaseId = testCaseContext.getTestCaseId(): null

2020-09-08 11:36:49 - [TEST_STEP][PASSED] - switch (profileName): null

2020-09-08 11:36:49 - [TEST_STEP][PASSED] - case "Voucher":: null

2020-09-08 11:36:49 - [TEST_STEP][PASSED] - Uifunctions.loginFDR(accountsApproverAcc2, accountsApproverAcc2Pwd): Object: 'Object Repository/FDR-SignIn/SignInButton' is clicked on

2020-09-08 11:36:49 - [MESSAGE][INFO] - Starting 'Chrome' driver

2020-09-08 11:36:49 - [MESSAGE][INFO] - Action delay is set to 0 milliseconds

2020-09-08 11:36:52 - [MESSAGE][PASSED] - Browser is opened with url: ''

2020-09-08 11:36:54 - [MESSAGE][PASSED] - Current window maximized

2020-09-08 11:36:56 - [MESSAGE][PASSED] - Navigate to 'https://fdr-katalon.cammis-mod-dev.dhcs.ca.gov' successfully

2020-09-08 11:36:57 - [MESSAGE][PASSED] - Object 'Object Repository/FDR-SignIn/SignInEmail' is present

2020-09-08 11:36:57 - [MESSAGE][PASSED] - Object: 'Object Repository/FDR-SignIn/SignInEmail' is clicked on

2020-09-08 11:36:58 - [MESSAGE][PASSED] - Object 'Object Repository/FDR-SignIn/SignInEmail' is present

2020-09-08 11:36:58 - [MESSAGE][PASSED] - Text 'fdr.test2@dhcs.ca.gov' is set on object 'Object Repository/FDR-SignIn/SignInEmail'

2020-09-08 11:36:59 - [MESSAGE][PASSED] - Object 'Object Repository/FDR-SignIn/SignInEmailNext' is visible

2020-09-08 11:36:59 - [MESSAGE][PASSED] - Object: 'Object Repository/FDR-SignIn/SignInEmailNext' is clicked on

2020-09-08 11:37:02 - [MESSAGE][PASSED] - Object 'Object Repository/FDR-SignIn/SignInEmailPassword' is visible

2020-09-08 11:37:03 - [MESSAGE][PASSED] - Object: 'Object Repository/FDR-SignIn/SignInEmailPassword' is clicked on

2020-09-08 11:37:03 - [MESSAGE][PASSED] - Text ****** has been set on object 'Object Repository/FDR-SignIn/SignInEmailPassword'

2020-09-08 11:37:05 - [MESSAGE][PASSED] - Object: 'Object Repository/FDR-SignIn/SignInButton' is clicked on

2020-09-08 11:37:05 - [TEST_STEP][PASSED] - break: null

2020-09-08 11:37:05 - [TEST_STEP][PASSED] - navigateToUrl(URL): Navigate to 'https://fdr-katalon.cammis-mod-dev.dhcs.ca.gov' successfully

2020-09-08 11:37:05 - [MESSAGE][PASSED] - Navigate to 'https://fdr-katalon.cammis-mod-dev.dhcs.ca.gov' successfully

2020-09-08 11:37:05 - [TEST_STEP][PASSED] - Start listener action : executeRows: null

2020-09-08 11:37:05 - [TEST_STEP][PASSED] - Start setup action : setupTestCase: Method 'setupTestCase' complete successfully

2020-09-08 11:37:05 - [MESSAGE][PASSED] - Method 'setupTestCase' complete successfully

2020-09-08 11:37:05 - [TEST_STEP][PASSED] - voucherHeaderData = ["drawDate":drawDate, "payDate":payDate, "programType":programType, "invoiceType":invoiceType, "fundCode":fundCode, "supplier":supplier, ... ]: null

2020-09-08 11:37:05 - [TEST_STEP][PASSED] - Uifunctions.createVoucherHeader(voucherHeaderData): Object 'Object Repository/FDR-VoucherEntry/VoucherHeader/reviewButton' is present

2020-09-08 11:37:07 - [MESSAGE][PASSED] - Object 'Object Repository/FDR-Dashboard/createNewVoucherButton' is present

2020-09-08 11:37:08 - [MESSAGE][PASSED] - Object: 'Object Repository/FDR-Dashboard/createNewVoucherButton' is clicked on

2020-09-08 11:37:12 - [MESSAGE][INFO] - Unable to find the element located by 'By.xpath: //*[@data-id='action-button']//*[contains(text(),'Review')]'. Please recheck the objects properties to make sure the desired element is located. 

2020-09-08 11:37:12 - [MESSAGE][WARNING] - Object 'Object Repository/FDR-VoucherEntry/VoucherHeader/reviewButton' is not present after 3 second(s)

2020-09-08 11:37:13 - [MESSAGE][PASSED] - Object: 'Object Repository/FDR-VoucherEntry/Voucher/drawDate' is clicked on

2020-09-08 11:37:15 - [MESSAGE][INFO] - Unable to find the element located by 'By.xpath: //*[@data-id='button-link']//*[contains(text(),'Create New Voucher')]'. Please recheck the objects properties to make sure the desired element is located. 

2020-09-08 11:37:15 - [MESSAGE][WARNING] - Object 'Object Repository/FDR-Dashboard/createNewVoucherButton' is not present after 1 second(s)

2020-09-08 11:37:16 - [MESSAGE][PASSED] - Text '09/23/2020' is set on object 'Object Repository/FDR-VoucherEntry/Voucher/drawDate'

2020-09-08 11:37:20 - [MESSAGE][INFO] - Unable to find the element located by 'By.xpath: //*[@data-id='button-link']//*[contains(text(),'Create New Voucher')]'. Please recheck the objects properties to make sure the desired element is located. 

2020-09-08 11:37:20 - [MESSAGE][WARNING] - Object 'Object Repository/FDR-Dashboard/createNewVoucherButton' is not present after 3 second(s)

2020-09-08 11:37:21 - [MESSAGE][PASSED] - Object: 'Object Repository/FDR-VoucherEntry/Voucher/programType' is clicked on

2020-09-08 11:37:24 - [MESSAGE][INFO] - Unable to find the element located by 'By.xpath: //*[@data-id='button-link']//*[contains(text(),'Create New Voucher')]'. Please recheck the objects properties to make sure the desired element is located. 

2020-09-08 11:37:24 - [MESSAGE][WARNING] - Object 'Object Repository/FDR-Dashboard/createNewVoucherButton' is not present after 2 second(s)

2020-09-08 11:37:24 - [MESSAGE][PASSED] - Keys 'Medical Assistance (MA)' sent to object: 'Object Repository/FDR-VoucherEntry/Voucher/programType'

2020-09-08 11:37:25 - [MESSAGE][PASSED] - Object 'Object Repository/FDR-VoucherEntry/Voucher/programType' is present

2020-09-08 11:37:25 - [MESSAGE][PASSED] - Keys 'DOWN + ENTER + ' sent to object: 'Object Repository/FDR-VoucherEntry/Voucher/programType'

2020-09-08 11:37:26 - [MESSAGE][PASSED] - Object: 'Object Repository/FDR-VoucherEntry/Voucher/invoiceType' is clicked on

2020-09-08 11:37:26 - [MESSAGE][PASSED] - Object 'Object Repository/FDR-VoucherEntry/Voucher/invoiceType' is present

2020-09-08 11:37:27 - [MESSAGE][PASSED] - Keys 'CAP' sent to object: 'Object Repository/FDR-VoucherEntry/Voucher/invoiceType'

2020-09-08 11:37:27 - [MESSAGE][PASSED] - Keys 'DOWN + ENTER + ' sent to object: 'Object Repository/FDR-VoucherEntry/Voucher/invoiceType'

2020-09-08 11:37:28 - [MESSAGE][PASSED] - Object: 'Object Repository/FDR-VoucherEntry/Voucher/fundCode' is clicked on

2020-09-08 11:37:28 - [MESSAGE][PASSED] - Keys 'Health Care Deposit Fund (0912)' sent to object: 'Object Repository/FDR-VoucherEntry/Voucher/fundCode'

2020-09-08 11:37:29 - [MESSAGE][PASSED] - Object 'Object Repository/FDR-VoucherEntry/Voucher/fundCode' is present

2020-09-08 11:37:29 - [MESSAGE][PASSED] - Keys 'DOWN + ENTER + ' sent to object: 'Object Repository/FDR-VoucherEntry/Voucher/fundCode'

2020-09-08 11:37:30 - [MESSAGE][PASSED] - Object: 'Object Repository/FDR-VoucherEntry/Voucher/supplierID' is clicked on

2020-09-08 11:37:30 - [MESSAGE][PASSED] - Keys '0000007954' sent to object: 'Object Repository/FDR-VoucherEntry/Voucher/supplierID'

2020-09-08 11:37:31 - [MESSAGE][PASSED] - Object 'Object Repository/FDR-VoucherEntry/Voucher/supplierID' is present

2020-09-08 11:37:32 - [MESSAGE][PASSED] - Keys 'DOWN + ENTER + ' sent to object: 'Object Repository/FDR-VoucherEntry/Voucher/supplierID'

2020-09-08 11:37:32 - [MESSAGE][PASSED] - Object: 'Object Repository/FDR-VoucherEntry/Voucher/seqNum' is clicked on

2020-09-08 11:37:33 - [MESSAGE][PASSED] - Object 'Object Repository/FDR-VoucherEntry/Voucher/seqNum' is present

2020-09-08 11:37:33 - [MESSAGE][PASSED] - Keys 'DOWN + ENTER + ' sent to object: 'Object Repository/FDR-VoucherEntry/Voucher/seqNum'

2020-09-08 11:37:33 - [MESSAGE][PASSED] - Object: 'Object Repository/FDR-VoucherEntry/Voucher/contractNum' is clicked on

2020-09-08 11:37:34 - [MESSAGE][PASSED] - Keys '07-65707' sent to object: 'Object Repository/FDR-VoucherEntry/Voucher/contractNum'

2020-09-08 11:37:34 - [MESSAGE][PASSED] - Object 'Object Repository/FDR-VoucherEntry/Voucher/contractNum' is present

2020-09-08 11:37:35 - [MESSAGE][PASSED] - Keys 'DOWN + ENTER + ' sent to object: 'Object Repository/FDR-VoucherEntry/Voucher/contractNum'

2020-09-08 11:37:37 - [MESSAGE][PASSED] - Text 'This message will print on the Remittance Advice' is set on object 'Object Repository/FDR-VoucherEntry/Voucher/vendorMessage'

2020-09-08 11:37:38 - [MESSAGE][PASSED] - Object: 'Object Repository/FDR-VoucherEntry/Voucher/primaryContact' is clicked on

2020-09-08 11:37:38 - [MESSAGE][PASSED] - Keys 'Aung Lin' sent to object: 'Object Repository/FDR-VoucherEntry/Voucher/primaryContact'

2020-09-08 11:37:39 - [MESSAGE][PASSED] - Object 'Object Repository/FDR-VoucherEntry/Voucher/primaryContact' is present

2020-09-08 11:37:39 - [MESSAGE][PASSED] - Keys 'DOWN + ENTER + ' sent to object: 'Object Repository/FDR-VoucherEntry/Voucher/primaryContact'

2020-09-08 11:37:40 - [MESSAGE][PASSED] - Object: 'Object Repository/FDR-VoucherEntry/Voucher/secondaryContact' is clicked on

2020-09-08 11:37:40 - [MESSAGE][PASSED] - Keys 'Vivian Ly' sent to object: 'Object Repository/FDR-VoucherEntry/Voucher/secondaryContact'

2020-09-08 11:37:41 - [MESSAGE][PASSED] - Object 'Object Repository/FDR-VoucherEntry/Voucher/secondaryContact' is present

2020-09-08 11:37:41 - [MESSAGE][PASSED] - Object 'Object Repository/FDR-VoucherEntry/Voucher/secondaryContact' is present

2020-09-08 11:37:41 - [MESSAGE][PASSED] - Keys 'DOWN + ENTER + ' sent to object: 'Object Repository/FDR-VoucherEntry/Voucher/secondaryContact'

2020-09-08 11:37:42 - [MESSAGE][PASSED] - Object: 'Object Repository/FDR-VoucherEntry/Voucher/buttonNext' is clicked on

2020-09-08 11:37:45 - [MESSAGE][PASSED] - Delayed 3 second(s)

2020-09-08 11:37:45 - [MESSAGE][PASSED] - Object 'Object Repository/FDR-VoucherEntry/VoucherHeader/reviewButton' is present

2020-09-08 11:37:45 - [TEST_STEP][PASSED] - waitForElementPresent(findTestObject("FDR-Dashboard/createNewVoucherButton"), 4): Object 'Object Repository/FDR-Dashboard/createNewVoucherButton' is not present after 4 second(s)

2020-09-08 11:37:50 - [MESSAGE][INFO] - Unable to find the element located by 'By.xpath: //*[@data-id='button-link']//*[contains(text(),'Create New Voucher')]'. Please recheck the objects properties to make sure the desired element is located. 

2020-09-08 11:37:50 - [MESSAGE][WARNING] - Object 'Object Repository/FDR-Dashboard/createNewVoucherButton' is not present after 4 second(s)

2020-09-08 11:37:50 - [TEST_STEP][PASSED] - Uifunctions.createInvoiceLine(1): Object 'Object Repository/FDR-VoucherEntry/VoucherHeader/reviewButton' is present

2020-09-08 11:37:51 - [MESSAGE][PASSED] - Object 'Object Repository/FDR-VoucherEntry/VoucherHeader/reviewButton' is present

2020-09-08 11:37:54 - [MESSAGE][INFO] - Unable to find the element located by 'By.xpath: //*[contains(text(),'Add voucher')]//parent::button'. Please recheck the objects properties to make sure the desired element is located. 

2020-09-08 11:37:54 - [MESSAGE][WARNING] - Object 'Object Repository/FDR-VoucherEntry/InvoiceLine/addVoucherButton' is not present after 2 second(s)

2020-09-08 11:37:54 - [MESSAGE][PASSED] - Object 'Object Repository/FDR-VoucherEntry/InvoiceLine/invoice' is clickable

2020-09-08 11:37:54 - [MESSAGE][PASSED] - Object: 'Object Repository/FDR-VoucherEntry/InvoiceLine/invoice' is clicked on

2020-09-08 11:37:55 - [MESSAGE][PASSED] - Text '4610' is set on object 'Object Repository/FDR-VoucherEntry/InvoiceLine/invoice'

2020-09-08 11:37:56 - [MESSAGE][PASSED] - Object: 'Object Repository/FDR-VoucherEntry/InvoiceLine/invoiceDate' is clicked on

2020-09-08 11:37:56 - [MESSAGE][PASSED] - Object 'Object Repository/FDR-VoucherEntry/InvoiceLine/invoiceDate' is present

2020-09-08 11:37:57 - [MESSAGE][PASSED] - Text '09/08/2020' is set on object 'Object Repository/FDR-VoucherEntry/InvoiceLine/invoiceDate'

2020-09-08 11:37:57 - [MESSAGE][PASSED] - Object: 'Object Repository/FDR-VoucherEntry/InvoiceLine/originalWarrantDate' is clicked on

2020-09-08 11:37:58 - [MESSAGE][PASSED] - Text '09/09/2020' is set on object 'Object Repository/FDR-VoucherEntry/InvoiceLine/originalWarrantDate'

2020-09-08 11:37:58 - [MESSAGE][PASSED] - Object 'Object Repository/FDR-VoucherEntry/InvoiceLine/addInvoiceLineButton' is present

2020-09-08 11:37:59 - [MESSAGE][PASSED] - Object: 'Object Repository/FDR-VoucherEntry/InvoiceLine/addInvoiceLineButtonIndex2' is clicked on

2020-09-08 11:37:59 - [MESSAGE][PASSED] - Object 'Object Repository/FDR-VoucherEntry/VoucherHeader/reviewButton' is present

2020-09-08 11:37:59 - [TEST_STEP][PASSED] - waitForElementClickable(findTestObject("FDR-VoucherEntry/InvoiceLine/invoiceLineExpandButton"), 5): Object 'Object Repository/FDR-VoucherEntry/InvoiceLine/invoiceLineExpandButton' is clickable

2020-09-08 11:38:04 - [MESSAGE][PASSED] - Object 'Object Repository/FDR-VoucherEntry/InvoiceLine/invoiceLineExpandButton' is clickable

2020-09-08 11:38:04 - [TEST_STEP][PASSED] - click(findTestObject("FDR-VoucherEntry/InvoiceLine/invoiceLineExpandButton")): Object: 'Object Repository/FDR-VoucherEntry/InvoiceLine/invoiceLineExpandButton' is clicked on

2020-09-08 11:38:04 - [MESSAGE][PASSED] - Object: 'Object Repository/FDR-VoucherEntry/InvoiceLine/invoiceLineExpandButton' is clicked on

2020-09-08 11:38:04 - [TEST_STEP][PASSED] - waitForElementPresent(findTestObject("FDR-Dashboard/createNewVoucherButton"), 4): Object 'Object Repository/FDR-Dashboard/createNewVoucherButton' is not present after 4 second(s)

2020-09-08 11:38:09 - [MESSAGE][INFO] - Unable to find the element located by 'By.xpath: //*[@data-id='button-link']//*[contains(text(),'Create New Voucher')]'. Please recheck the objects properties to make sure the desired element is located. 

2020-09-08 11:38:09 - [MESSAGE][WARNING] - Object 'Object Repository/FDR-Dashboard/createNewVoucherButton' is not present after 4 second(s)

2020-09-08 11:38:09 - [TEST_STEP][PASSED] - click(findTestObject("FDR-VoucherEntry/InvoiceLine/invoiceAddlineButton")): Object: 'Object Repository/FDR-VoucherEntry/InvoiceLine/invoiceAddlineButton' is clicked on

2020-09-08 11:38:10 - [MESSAGE][PASSED] - Object: 'Object Repository/FDR-VoucherEntry/InvoiceLine/invoiceAddlineButton' is clicked on

2020-09-08 11:38:10 - [TEST_STEP][PASSED] - Uifunctions.createDistributionLines(6, "Voucher/FDR-DL"): Object: 'Object Repository/FDR-VoucherEntry/DistributionLine/addSaveButton' is clicked on

2020-09-08 11:38:14 - [MESSAGE][INFO] - Unable to find the element located by 'By.xpath: //*[@data-id='button-link']//*[contains(text(),'Create New Voucher')]'. Please recheck the objects properties to make sure the desired element is located. 

2020-09-08 11:38:14 - [MESSAGE][WARNING] - Object 'Object Repository/FDR-Dashboard/createNewVoucherButton' is not present after 3 second(s)

2020-09-08 11:38:17 - [MESSAGE][INFO] - Unable to find the element located by 'By.xpath: //*[@data-id='button-link']//*[contains(text(),'Create New Voucher')]'. Please recheck the objects properties to make sure the desired element is located. 

2020-09-08 11:38:17 - [MESSAGE][WARNING] - Object 'Object Repository/FDR-Dashboard/createNewVoucherButton' is not present after 2 second(s)

2020-09-08 11:38:17 - [MESSAGE][PASSED] - Object 'Object Repository/FDR-VoucherEntry/DistributionLine/serviceDateFrom' is clickable

2020-09-08 11:38:18 - [MESSAGE][PASSED] - Object: 'Object Repository/FDR-VoucherEntry/DistributionLine/serviceDateFrom' is clicked on

2020-09-08 11:38:18 - [MESSAGE][PASSED] - Object 'Object Repository/FDR-VoucherEntry/DistributionLine/serviceDateFrom' is present

2020-09-08 11:38:19 - [MESSAGE][PASSED] - Text '08/04/2020' is set on object 'Object Repository/FDR-VoucherEntry/DistributionLine/serviceDateFrom'

2020-09-08 11:38:19 - [MESSAGE][PASSED] - Object: 'Object Repository/FDR-VoucherEntry/DistributionLine/serviceDateTo' is clicked on

2020-09-08 11:38:20 - [MESSAGE][PASSED] - Object 'Object Repository/FDR-VoucherEntry/DistributionLine/serviceDateTo' is present

2020-09-08 11:38:21 - [MESSAGE][PASSED] - Text '08/05/2020' is set on object 'Object Repository/FDR-VoucherEntry/DistributionLine/serviceDateTo'

2020-09-08 11:38:24 - [MESSAGE][INFO] - Unable to find the element located by 'By.xpath: //*[@data-id='button-link']//*[contains(text(),'Create New Voucher')]'. Please recheck the objects properties to make sure the desired element is located. 

2020-09-08 11:38:24 - [MESSAGE][WARNING] - Object 'Object Repository/FDR-Dashboard/createNewVoucherButton' is not present after 2 second(s)

2020-09-08 11:38:24 - [MESSAGE][PASSED] - Object: 'Object Repository/FDR-VoucherEntry/DistributionLine/amount' is clicked on

2020-09-08 11:38:24 - [MESSAGE][PASSED] - Execute JavaScript 'arguments[0].value='';' successfully

2020-09-08 11:38:25 - [MESSAGE][PASSED] - Keys '100' sent to object: 'Object Repository/FDR-VoucherEntry/DistributionLine/amount'

2020-09-08 11:38:27 - [MESSAGE][INFO] - Unable to find the element located by 'By.xpath: //*[@data-id='button-link']//*[contains(text(),'Create New Voucher')]'. Please recheck the objects properties to make sure the desired element is located. 

2020-09-08 11:38:27 - [MESSAGE][WARNING] - Object 'Object Repository/FDR-Dashboard/createNewVoucherButton' is not present after 1 second(s)

2020-09-08 11:38:27 - [MESSAGE][PASSED] - Object: 'Object Repository/FDR-VoucherEntry/DistributionLine/waiverType' is clicked on

2020-09-08 11:38:30 - [MESSAGE][INFO] - Unable to find the element located by 'By.xpath: //*[@data-id='button-link']//*[contains(text(),'Create New Voucher')]'. Please recheck the objects properties to make sure the desired element is located. 

2020-09-08 11:38:30 - [MESSAGE][WARNING] - Object 'Object Repository/FDR-Dashboard/createNewVoucherButton' is not present after 1 second(s)

2020-09-08 11:38:30 - [MESSAGE][PASSED] - Keys '1115' sent to object: 'Object Repository/FDR-VoucherEntry/DistributionLine/waiverType'

2020-09-08 11:38:33 - [MESSAGE][INFO] - Unable to find the element located by 'By.xpath: //*[@data-id='button-link']//*[contains(text(),'Create New Voucher')]'. Please recheck the objects properties to make sure the desired element is located. 

2020-09-08 11:38:33 - [MESSAGE][WARNING] - Object 'Object Repository/FDR-Dashboard/createNewVoucherButton' is not present after 2 second(s)

2020-09-08 11:38:34 - [MESSAGE][PASSED] - Keys 'DOWN + ENTER + ' sent to object: 'Object Repository/FDR-VoucherEntry/DistributionLine/waiverType'

2020-09-08 11:38:34 - [MESSAGE][PASSED] - Object: 'Object Repository/FDR-VoucherEntry/DistributionLine/waiverName' is clicked on

2020-09-08 11:38:35 - [MESSAGE][PASSED] - Keys 'CBAS' sent to object: 'Object Repository/FDR-VoucherEntry/DistributionLine/waiverName'

2020-09-08 11:38:38 - [MESSAGE][INFO] - Unable to find the element located by 'By.xpath: //*[@data-id='button-link']//*[contains(text(),'Create New Voucher')]'. Please recheck the objects properties to make sure the desired element is located. 

2020-09-08 11:38:38 - [MESSAGE][WARNING] - Object 'Object Repository/FDR-Dashboard/createNewVoucherButton' is not present after 2 second(s)

2020-09-08 11:38:39 - [MESSAGE][PASSED] - Keys 'DOWN + ENTER + ' sent to object: 'Object Repository/FDR-VoucherEntry/DistributionLine/waiverName'

2020-09-08 11:38:39 - [MESSAGE][PASSED] - Object: 'Object Repository/FDR-VoucherEntry/DistributionLine/fundingSource' is clicked on

2020-09-08 11:38:40 - [MESSAGE][PASSED] - Keys 'Dental' sent to object: 'Object Repository/FDR-VoucherEntry/DistributionLine/fundingSource'

2020-09-08 11:38:43 - [MESSAGE][INFO] - Unable to find the element located by 'By.xpath: //*[@data-id='button-link']//*[contains(text(),'Create New Voucher')]'. Please recheck the objects properties to make sure the desired element is located. 

2020-09-08 11:38:43 - [MESSAGE][WARNING] - Object 'Object Repository/FDR-Dashboard/createNewVoucherButton' is not present after 2 second(s)

2020-09-08 11:38:43 - [MESSAGE][PASSED] - Keys 'DOWN + ENTER + ' sent to object: 'Object Repository/FDR-VoucherEntry/DistributionLine/fundingSource'

2020-09-08 11:38:44 - [MESSAGE][PASSED] - Object: 'Object Repository/FDR-VoucherEntry/DistributionLine/fundRatio' is clicked on

2020-09-08 11:38:44 - [MESSAGE][PASSED] - Keys '90/10' sent to object: 'Object Repository/FDR-VoucherEntry/DistributionLine/fundRatio'

2020-09-08 11:38:47 - [MESSAGE][INFO] - Unable to find the element located by 'By.xpath: //*[@data-id='button-link']//*[contains(text(),'Create New Voucher')]'. Please recheck the objects properties to make sure the desired element is located. 

2020-09-08 11:38:47 - [MESSAGE][WARNING] - Object 'Object Repository/FDR-Dashboard/createNewVoucherButton' is not present after 2 second(s)

2020-09-08 11:38:48 - [MESSAGE][PASSED] - Keys 'DOWN + ENTER + ' sent to object: 'Object Repository/FDR-VoucherEntry/DistributionLine/fundRatio'

2020-09-08 11:38:48 - [MESSAGE][PASSED] - Object: 'Object Repository/FDR-VoucherEntry/DistributionLine/nonFederalFund' is clicked on

2020-09-08 11:38:49 - [MESSAGE][PASSED] - Keys '0001' sent to object: 'Object Repository/FDR-VoucherEntry/DistributionLine/nonFederalFund'

2020-09-08 11:38:52 - [MESSAGE][INFO] - Unable to find the element located by 'By.xpath: //*[@data-id='button-link']//*[contains(text(),'Create New Voucher')]'. Please recheck the objects properties to make sure the desired element is located. 

2020-09-08 11:38:52 - [MESSAGE][WARNING] - Object 'Object Repository/FDR-Dashboard/createNewVoucherButton' is not present after 2 second(s)

2020-09-08 11:38:52 - [MESSAGE][PASSED] - Keys 'DOWN + ENTER + ' sent to object: 'Object Repository/FDR-VoucherEntry/DistributionLine/nonFederalFund'

2020-09-08 11:38:53 - [MESSAGE][PASSED] - Object: 'Object Repository/FDR-VoucherEntry/DistributionLine/account' is clicked on

2020-09-08 11:38:54 - [MESSAGE][PASSED] - Keys '5442000' sent to object: 'Object Repository/FDR-VoucherEntry/DistributionLine/account'

2020-09-08 11:38:54 - [MESSAGE][PASSED] - Keys 'DOWN + ENTER + ' sent to object: 'Object Repository/FDR-VoucherEntry/DistributionLine/account'

2020-09-08 11:38:55 - [MESSAGE][PASSED] - Object: 'Object Repository/FDR-VoucherEntry/DistributionLine/altAccount' is clicked on

2020-09-08 11:38:55 - [MESSAGE][PASSED] - Keys '5442000' sent to object: 'Object Repository/FDR-VoucherEntry/DistributionLine/altAccount'

2020-09-08 11:38:56 - [MESSAGE][PASSED] - Object 'Object Repository/FDR-VoucherEntry/DistributionLine/altAccount' is present

2020-09-08 11:38:56 - [MESSAGE][PASSED] - Keys 'DOWN + ENTER + ' sent to object: 'Object Repository/FDR-VoucherEntry/DistributionLine/altAccount'

2020-09-08 11:38:57 - [MESSAGE][PASSED] - Object: 'Object Repository/FDR-VoucherEntry/DistributionLine/serviceCategory' is clicked on

2020-09-08 11:39:00 - [MESSAGE][INFO] - Unable to find the element located by 'By.xpath: //*[@data-id='button-link']//*[contains(text(),'Create New Voucher')]'. Please recheck the objects properties to make sure the desired element is located. 

2020-09-08 11:39:00 - [MESSAGE][WARNING] - Object 'Object Repository/FDR-Dashboard/createNewVoucherButton' is not present after 2 second(s)

2020-09-08 11:39:00 - [MESSAGE][PASSED] - Keys '18B1' sent to object: 'Object Repository/FDR-VoucherEntry/DistributionLine/serviceCategory'

2020-09-08 11:39:01 - [MESSAGE][PASSED] - Keys 'DOWN + ENTER + ' sent to object: 'Object Repository/FDR-VoucherEntry/DistributionLine/serviceCategory'

2020-09-08 11:39:02 - [MESSAGE][PASSED] - Object: 'Object Repository/FDR-VoucherEntry/DistributionLine/incDecLine' is clicked on

2020-09-08 11:39:03 - [MESSAGE][PASSED] - Keys '8: Adjustments and corrections' sent to object: 'Object Repository/FDR-VoucherEntry/DistributionLine/incDecLine'

2020-09-08 11:39:03 - [MESSAGE][PASSED] - Keys 'DOWN + ENTER + ' sent to object: 'Object Repository/FDR-VoucherEntry/DistributionLine/incDecLine'

2020-09-08 11:39:05 - [MESSAGE][INFO] - Unable to find the element located by 'By.xpath: //*[@data-id='button-link']//*[contains(text(),'Create New Voucher')]'. Please recheck the objects properties to make sure the desired element is located. 

2020-09-08 11:39:05 - [MESSAGE][WARNING] - Object 'Object Repository/FDR-Dashboard/createNewVoucherButton' is not present after 1 second(s)

2020-09-08 11:39:06 - [MESSAGE][PASSED] - Object: 'Object Repository/FDR-VoucherEntry/DistributionLine/index' is clicked on

2020-09-08 11:39:06 - [MESSAGE][PASSED] - Keys '1155' sent to object: 'Object Repository/FDR-VoucherEntry/DistributionLine/index'

2020-09-08 11:39:06 - [MESSAGE][PASSED] - Keys 'DOWN + ENTER + ' sent to object: 'Object Repository/FDR-VoucherEntry/DistributionLine/index'

2020-09-08 11:39:07 - [MESSAGE][PASSED] - Object: 'Object Repository/FDR-VoucherEntry/DistributionLine/addAnotherLine' is clicked on

2020-09-08 11:39:09 - [MESSAGE][INFO] - Unable to find the element located by 'By.xpath: //*[@data-id='button-link']//*[contains(text(),'Create New Voucher')]'. Please recheck the objects properties to make sure the desired element is located. 

2020-09-08 11:39:09 - [MESSAGE][WARNING] - Object 'Object Repository/FDR-Dashboard/createNewVoucherButton' is not present after 1 second(s)

2020-09-08 11:39:10 - [MESSAGE][PASSED] - Object: 'Object Repository/FDR-VoucherEntry/DistributionLine/clearButton' is clicked on

2020-09-08 11:39:13 - [MESSAGE][INFO] - Unable to find the element located by 'By.xpath: //*[@data-id='button-link']//*[contains(text(),'Create New Voucher')]'. Please recheck the objects properties to make sure the desired element is located. 

2020-09-08 11:39:13 - [MESSAGE][WARNING] - Object 'Object Repository/FDR-Dashboard/createNewVoucherButton' is not present after 2 second(s)

2020-09-08 11:39:16 - [MESSAGE][INFO] - Unable to find the element located by 'By.xpath: //*[@data-id='button-link']//*[contains(text(),'Create New Voucher')]'. Please recheck the objects properties to make sure the desired element is located. 

2020-09-08 11:39:16 - [MESSAGE][WARNING] - Object 'Object Repository/FDR-Dashboard/createNewVoucherButton' is not present after 2 second(s)

2020-09-08 11:39:16 - [MESSAGE][PASSED] - Object 'Object Repository/FDR-VoucherEntry/DistributionLine/serviceDateFrom' is clickable

2020-09-08 11:39:17 - [MESSAGE][PASSED] - Object: 'Object Repository/FDR-VoucherEntry/DistributionLine/serviceDateFrom' is clicked on

2020-09-08 11:39:17 - [MESSAGE][PASSED] - Object 'Object Repository/FDR-VoucherEntry/DistributionLine/serviceDateFrom' is present

2020-09-08 11:39:18 - [MESSAGE][PASSED] - Text '08/04/2020' is set on object 'Object Repository/FDR-VoucherEntry/DistributionLine/serviceDateFrom'

2020-09-08 11:39:18 - [MESSAGE][PASSED] - Object: 'Object Repository/FDR-VoucherEntry/DistributionLine/serviceDateTo' is clicked on

2020-09-08 11:39:18 - [MESSAGE][PASSED] - Object 'Object Repository/FDR-VoucherEntry/DistributionLine/serviceDateTo' is present

2020-09-08 11:39:19 - [MESSAGE][PASSED] - Text '08/05/2020' is set on object 'Object Repository/FDR-VoucherEntry/DistributionLine/serviceDateTo'

2020-09-08 11:39:22 - [MESSAGE][INFO] - Unable to find the element located by 'By.xpath: //*[@data-id='button-link']//*[contains(text(),'Create New Voucher')]'. Please recheck the objects properties to make sure the desired element is located. 

2020-09-08 11:39:22 - [MESSAGE][WARNING] - Object 'Object Repository/FDR-Dashboard/createNewVoucherButton' is not present after 2 second(s)

2020-09-08 11:39:22 - [MESSAGE][PASSED] - Object: 'Object Repository/FDR-VoucherEntry/DistributionLine/amount' is clicked on

2020-09-08 11:39:22 - [MESSAGE][PASSED] - Execute JavaScript 'arguments[0].value='';' successfully

2020-09-08 11:39:23 - [MESSAGE][PASSED] - Keys '350' sent to object: 'Object Repository/FDR-VoucherEntry/DistributionLine/amount'

2020-09-08 11:39:25 - [MESSAGE][INFO] - Unable to find the element located by 'By.xpath: //*[@data-id='button-link']//*[contains(text(),'Create New Voucher')]'. Please recheck the objects properties to make sure the desired element is located. 

2020-09-08 11:39:25 - [MESSAGE][WARNING] - Object 'Object Repository/FDR-Dashboard/createNewVoucherButton' is not present after 1 second(s)

2020-09-08 11:39:26 - [MESSAGE][PASSED] - Object: 'Object Repository/FDR-VoucherEntry/DistributionLine/waiverType' is clicked on

2020-09-08 11:39:28 - [MESSAGE][INFO] - Unable to find the element located by 'By.xpath: //*[@data-id='button-link']//*[contains(text(),'Create New Voucher')]'. Please recheck the objects properties to make sure the desired element is located. 

2020-09-08 11:39:28 - [MESSAGE][WARNING] - Object 'Object Repository/FDR-Dashboard/createNewVoucherButton' is not present after 1 second(s)

2020-09-08 11:39:28 - [MESSAGE][PASSED] - Keys '1115' sent to object: 'Object Repository/FDR-VoucherEntry/DistributionLine/waiverType'

2020-09-08 11:39:31 - [MESSAGE][INFO] - Unable to find the element located by 'By.xpath: //*[@data-id='button-link']//*[contains(text(),'Create New Voucher')]'. Please recheck the objects properties to make sure the desired element is located. 

2020-09-08 11:39:31 - [MESSAGE][WARNING] - Object 'Object Repository/FDR-Dashboard/createNewVoucherButton' is not present after 2 second(s)

2020-09-08 11:39:32 - [MESSAGE][PASSED] - Keys 'DOWN + ENTER + ' sent to object: 'Object Repository/FDR-VoucherEntry/DistributionLine/waiverType'

2020-09-08 11:39:32 - [MESSAGE][PASSED] - Object: 'Object Repository/FDR-VoucherEntry/DistributionLine/waiverName' is clicked on

2020-09-08 11:39:33 - [MESSAGE][PASSED] - Keys 'CBAS' sent to object: 'Object Repository/FDR-VoucherEntry/DistributionLine/waiverName'

2020-09-08 11:39:36 - [MESSAGE][INFO] - Unable to find the element located by 'By.xpath: //*[@data-id='button-link']//*[contains(text(),'Create New Voucher')]'. Please recheck the objects properties to make sure the desired element is located. 

2020-09-08 11:39:36 - [MESSAGE][WARNING] - Object 'Object Repository/FDR-Dashboard/createNewVoucherButton' is not present after 2 second(s)

2020-09-08 11:39:37 - [MESSAGE][PASSED] - Keys 'DOWN + ENTER + ' sent to object: 'Object Repository/FDR-VoucherEntry/DistributionLine/waiverName'

2020-09-08 11:39:37 - [MESSAGE][PASSED] - Object: 'Object Repository/FDR-VoucherEntry/DistributionLine/fundingSource' is clicked on

2020-09-08 11:39:38 - [MESSAGE][PASSED] - Keys 'Pace' sent to object: 'Object Repository/FDR-VoucherEntry/DistributionLine/fundingSource'

2020-09-08 11:39:41 - [MESSAGE][INFO] - Unable to find the element located by 'By.xpath: //*[@data-id='button-link']//*[contains(text(),'Create New Voucher')]'. Please recheck the objects properties to make sure the desired element is located. 

2020-09-08 11:39:41 - [MESSAGE][WARNING] - Object 'Object Repository/FDR-Dashboard/createNewVoucherButton' is not present after 2 second(s)

2020-09-08 11:39:41 - [MESSAGE][PASSED] - Keys 'DOWN + ENTER + ' sent to object: 'Object Repository/FDR-VoucherEntry/DistributionLine/fundingSource'

2020-09-08 11:39:42 - [MESSAGE][PASSED] - Object: 'Object Repository/FDR-VoucherEntry/DistributionLine/fundRatio' is clicked on

2020-09-08 11:39:42 - [MESSAGE][PASSED] - Keys '90/10' sent to object: 'Object Repository/FDR-VoucherEntry/DistributionLine/fundRatio'

2020-09-08 11:39:45 - [MESSAGE][INFO] - Unable to find the element located by 'By.xpath: //*[@data-id='button-link']//*[contains(text(),'Create New Voucher')]'. Please recheck the objects properties to make sure the desired element is located. 

2020-09-08 11:39:45 - [MESSAGE][WARNING] - Object 'Object Repository/FDR-Dashboard/createNewVoucherButton' is not present after 2 second(s)

2020-09-08 11:39:46 - [MESSAGE][PASSED] - Keys 'DOWN + ENTER + ' sent to object: 'Object Repository/FDR-VoucherEntry/DistributionLine/fundRatio'

2020-09-08 11:39:46 - [MESSAGE][PASSED] - Object: 'Object Repository/FDR-VoucherEntry/DistributionLine/nonFederalFund' is clicked on

2020-09-08 11:39:47 - [MESSAGE][PASSED] - Keys '0001' sent to object: 'Object Repository/FDR-VoucherEntry/DistributionLine/nonFederalFund'

2020-09-08 11:39:50 - [MESSAGE][INFO] - Unable to find the element located by 'By.xpath: //*[@data-id='button-link']//*[contains(text(),'Create New Voucher')]'. Please recheck the objects properties to make sure the desired element is located. 

2020-09-08 11:39:50 - [MESSAGE][WARNING] - Object 'Object Repository/FDR-Dashboard/createNewVoucherButton' is not present after 2 second(s)

2020-09-08 11:39:51 - [MESSAGE][PASSED] - Keys 'DOWN + ENTER + ' sent to object: 'Object Repository/FDR-VoucherEntry/DistributionLine/nonFederalFund'

2020-09-08 11:39:51 - [MESSAGE][PASSED] - Object: 'Object Repository/FDR-VoucherEntry/DistributionLine/account' is clicked on

2020-09-08 11:39:52 - [MESSAGE][PASSED] - Keys '5432000' sent to object: 'Object Repository/FDR-VoucherEntry/DistributionLine/account'

2020-09-08 11:39:52 - [MESSAGE][PASSED] - Keys 'DOWN + ENTER + ' sent to object: 'Object Repository/FDR-VoucherEntry/DistributionLine/account'

2020-09-08 11:39:53 - [MESSAGE][PASSED] - Object: 'Object Repository/FDR-VoucherEntry/DistributionLine/altAccount' is clicked on

2020-09-08 11:39:53 - [MESSAGE][PASSED] - Keys '5432000' sent to object: 'Object Repository/FDR-VoucherEntry/DistributionLine/altAccount'

2020-09-08 11:39:54 - [MESSAGE][PASSED] - Object 'Object Repository/FDR-VoucherEntry/DistributionLine/altAccount' is present

2020-09-08 11:39:54 - [MESSAGE][PASSED] - Keys 'DOWN + ENTER + ' sent to object: 'Object Repository/FDR-VoucherEntry/DistributionLine/altAccount'

2020-09-08 11:39:55 - [MESSAGE][PASSED] - Object: 'Object Repository/FDR-VoucherEntry/DistributionLine/serviceCategory' is clicked on

2020-09-08 11:39:58 - [MESSAGE][INFO] - Unable to find the element located by 'By.xpath: //*[@data-id='button-link']//*[contains(text(),'Create New Voucher')]'. Please recheck the objects properties to make sure the desired element is located. 

2020-09-08 11:39:58 - [MESSAGE][WARNING] - Object 'Object Repository/FDR-Dashboard/createNewVoucherButton' is not present after 2 second(s)

2020-09-08 11:39:58 - [MESSAGE][PASSED] - Keys '22' sent to object: 'Object Repository/FDR-VoucherEntry/DistributionLine/serviceCategory'

2020-09-08 11:39:59 - [MESSAGE][PASSED] - Keys 'DOWN + ENTER + ' sent to object: 'Object Repository/FDR-VoucherEntry/DistributionLine/serviceCategory'

2020-09-08 11:39:59 - [MESSAGE][PASSED] - Object: 'Object Repository/FDR-VoucherEntry/DistributionLine/incDecLine' is clicked on

2020-09-08 11:40:00 - [MESSAGE][PASSED] - Keys '10b: Receipts or any decrease' sent to object: 'Object Repository/FDR-VoucherEntry/DistributionLine/incDecLine'

2020-09-08 11:40:00 - [MESSAGE][PASSED] - Keys 'DOWN + ENTER + ' sent to object: 'Object Repository/FDR-VoucherEntry/DistributionLine/incDecLine'

2020-09-08 11:40:02 - [MESSAGE][INFO] - Unable to find the element located by 'By.xpath: //*[@data-id='button-link']//*[contains(text(),'Create New Voucher')]'. Please recheck the objects properties to make sure the desired element is located. 

2020-09-08 11:40:02 - [MESSAGE][WARNING] - Object 'Object Repository/FDR-Dashboard/createNewVoucherButton' is not present after 1 second(s)

2020-09-08 11:40:03 - [MESSAGE][PASSED] - Object: 'Object Repository/FDR-VoucherEntry/DistributionLine/index' is clicked on

2020-09-08 11:40:03 - [MESSAGE][PASSED] - Keys '1155' sent to object: 'Object Repository/FDR-VoucherEntry/DistributionLine/index'

2020-09-08 11:40:04 - [MESSAGE][PASSED] - Keys 'DOWN + ENTER + ' sent to object: 'Object Repository/FDR-VoucherEntry/DistributionLine/index'

2020-09-08 11:40:05 - [MESSAGE][PASSED] - Object: 'Object Repository/FDR-VoucherEntry/DistributionLine/addAnotherLine' is clicked on

2020-09-08 11:40:07 - [MESSAGE][INFO] - Unable to find the element located by 'By.xpath: //*[@data-id='button-link']//*[contains(text(),'Create New Voucher')]'. Please recheck the objects properties to make sure the desired element is located. 

2020-09-08 11:40:07 - [MESSAGE][WARNING] - Object 'Object Repository/FDR-Dashboard/createNewVoucherButton' is not present after 1 second(s)

2020-09-08 11:40:07 - [MESSAGE][PASSED] - Object: 'Object Repository/FDR-VoucherEntry/DistributionLine/clearButton' is clicked on

2020-09-08 11:40:10 - [MESSAGE][INFO] - Unable to find the element located by 'By.xpath: //*[@data-id='button-link']//*[contains(text(),'Create New Voucher')]'. Please recheck the objects properties to make sure the desired element is located. 

2020-09-08 11:40:10 - [MESSAGE][WARNING] - Object 'Object Repository/FDR-Dashboard/createNewVoucherButton' is not present after 2 second(s)

2020-09-08 11:40:13 - [MESSAGE][INFO] - Unable to find the element located by 'By.xpath: //*[@data-id='button-link']//*[contains(text(),'Create New Voucher')]'. Please recheck the objects properties to make sure the desired element is located. 

2020-09-08 11:40:13 - [MESSAGE][WARNING] - Object 'Object Repository/FDR-Dashboard/createNewVoucherButton' is not present after 2 second(s)

2020-09-08 11:40:14 - [MESSAGE][PASSED] - Object 'Object Repository/FDR-VoucherEntry/DistributionLine/serviceDateFrom' is clickable

2020-09-08 11:40:14 - [MESSAGE][PASSED] - Object: 'Object Repository/FDR-VoucherEntry/DistributionLine/serviceDateFrom' is clicked on

2020-09-08 11:40:14 - [MESSAGE][PASSED] - Object 'Object Repository/FDR-VoucherEntry/DistributionLine/serviceDateFrom' is present

2020-09-08 11:40:15 - [MESSAGE][PASSED] - Text '08/04/2020' is set on object 'Object Repository/FDR-VoucherEntry/DistributionLine/serviceDateFrom'

2020-09-08 11:40:15 - [MESSAGE][PASSED] - Object: 'Object Repository/FDR-VoucherEntry/DistributionLine/serviceDateTo' is clicked on

2020-09-08 11:40:15 - [MESSAGE][PASSED] - Object 'Object Repository/FDR-VoucherEntry/DistributionLine/serviceDateTo' is present

2020-09-08 11:40:16 - [MESSAGE][PASSED] - Text '08/05/2020' is set on object 'Object Repository/FDR-VoucherEntry/DistributionLine/serviceDateTo'

2020-09-08 11:40:19 - [MESSAGE][INFO] - Unable to find the element located by 'By.xpath: //*[@data-id='button-link']//*[contains(text(),'Create New Voucher')]'. Please recheck the objects properties to make sure the desired element is located. 

2020-09-08 11:40:19 - [MESSAGE][WARNING] - Object 'Object Repository/FDR-Dashboard/createNewVoucherButton' is not present after 2 second(s)

2020-09-08 11:40:19 - [MESSAGE][PASSED] - Object: 'Object Repository/FDR-VoucherEntry/DistributionLine/amount' is clicked on

2020-09-08 11:40:20 - [MESSAGE][PASSED] - Execute JavaScript 'arguments[0].value='';' successfully

2020-09-08 11:40:20 - [MESSAGE][PASSED] - Keys '500' sent to object: 'Object Repository/FDR-VoucherEntry/DistributionLine/amount'

2020-09-08 11:40:22 - [MESSAGE][INFO] - Unable to find the element located by 'By.xpath: //*[@data-id='button-link']//*[contains(text(),'Create New Voucher')]'. Please recheck the objects properties to make sure the desired element is located. 

2020-09-08 11:40:22 - [MESSAGE][WARNING] - Object 'Object Repository/FDR-Dashboard/createNewVoucherButton' is not present after 1 second(s)

2020-09-08 11:40:23 - [MESSAGE][PASSED] - Object: 'Object Repository/FDR-VoucherEntry/DistributionLine/waiverType' is clicked on

2020-09-08 11:40:25 - [MESSAGE][INFO] - Unable to find the element located by 'By.xpath: //*[@data-id='button-link']//*[contains(text(),'Create New Voucher')]'. Please recheck the objects properties to make sure the desired element is located. 

2020-09-08 11:40:25 - [MESSAGE][WARNING] - Object 'Object Repository/FDR-Dashboard/createNewVoucherButton' is not present after 1 second(s)

2020-09-08 11:40:25 - [MESSAGE][PASSED] - Keys '2020' sent to object: 'Object Repository/FDR-VoucherEntry/DistributionLine/waiverType'

2020-09-08 11:40:29 - [MESSAGE][INFO] - Unable to find the element located by 'By.xpath: //*[@data-id='button-link']//*[contains(text(),'Create New Voucher')]'. Please recheck the objects properties to make sure the desired element is located. 

2020-09-08 11:40:29 - [MESSAGE][WARNING] - Object 'Object Repository/FDR-Dashboard/createNewVoucherButton' is not present after 2 second(s)

2020-09-08 11:40:29 - [MESSAGE][PASSED] - Keys 'DOWN + ENTER + ' sent to object: 'Object Repository/FDR-VoucherEntry/DistributionLine/waiverType'

2020-09-08 11:40:30 - [MESSAGE][PASSED] - Object: 'Object Repository/FDR-VoucherEntry/DistributionLine/waiverName' is clicked on

2020-09-08 11:40:30 - [MESSAGE][PASSED] - Keys 'Non-Waiver' sent to object: 'Object Repository/FDR-VoucherEntry/DistributionLine/waiverName'

2020-09-08 11:40:33 - [MESSAGE][INFO] - Unable to find the element located by 'By.xpath: //*[@data-id='button-link']//*[contains(text(),'Create New Voucher')]'. Please recheck the objects properties to make sure the desired element is located. 

2020-09-08 11:40:33 - [MESSAGE][WARNING] - Object 'Object Repository/FDR-Dashboard/createNewVoucherButton' is not present after 2 second(s)

2020-09-08 11:40:34 - [MESSAGE][PASSED] - Keys 'DOWN + ENTER + ' sent to object: 'Object Repository/FDR-VoucherEntry/DistributionLine/waiverName'

2020-09-08 11:40:35 - [MESSAGE][PASSED] - Object: 'Object Repository/FDR-VoucherEntry/DistributionLine/fundingSource' is clicked on

2020-09-08 11:40:35 - [MESSAGE][PASSED] - Keys 'Dental' sent to object: 'Object Repository/FDR-VoucherEntry/DistributionLine/fundingSource'

2020-09-08 11:40:38 - [MESSAGE][INFO] - Unable to find the element located by 'By.xpath: //*[@data-id='button-link']//*[contains(text(),'Create New Voucher')]'. Please recheck the objects properties to make sure the desired element is located. 

2020-09-08 11:40:38 - [MESSAGE][WARNING] - Object 'Object Repository/FDR-Dashboard/createNewVoucherButton' is not present after 2 second(s)

2020-09-08 11:40:39 - [MESSAGE][PASSED] - Keys 'DOWN + ENTER + ' sent to object: 'Object Repository/FDR-VoucherEntry/DistributionLine/fundingSource'

2020-09-08 11:40:39 - [MESSAGE][PASSED] - Object: 'Object Repository/FDR-VoucherEntry/DistributionLine/fundRatio' is clicked on

2020-09-08 11:40:40 - [MESSAGE][PASSED] - Keys '56/44' sent to object: 'Object Repository/FDR-VoucherEntry/DistributionLine/fundRatio'

2020-09-08 11:40:43 - [MESSAGE][INFO] - Unable to find the element located by 'By.xpath: //*[@data-id='button-link']//*[contains(text(),'Create New Voucher')]'. Please recheck the objects properties to make sure the desired element is located. 

2020-09-08 11:40:43 - [MESSAGE][WARNING] - Object 'Object Repository/FDR-Dashboard/createNewVoucherButton' is not present after 2 second(s)

2020-09-08 11:40:44 - [MESSAGE][PASSED] - Keys 'DOWN + ENTER + ' sent to object: 'Object Repository/FDR-VoucherEntry/DistributionLine/fundRatio'

2020-09-08 11:40:44 - [MESSAGE][PASSED] - Object: 'Object Repository/FDR-VoucherEntry/DistributionLine/nonFederalFund' is clicked on

2020-09-08 11:40:45 - [MESSAGE][PASSED] - Keys '0001' sent to object: 'Object Repository/FDR-VoucherEntry/DistributionLine/nonFederalFund'

2020-09-08 11:40:48 - [MESSAGE][INFO] - Unable to find the element located by 'By.xpath: //*[@data-id='button-link']//*[contains(text(),'Create New Voucher')]'. Please recheck the objects properties to make sure the desired element is located. 

2020-09-08 11:40:48 - [MESSAGE][WARNING] - Object 'Object Repository/FDR-Dashboard/createNewVoucherButton' is not present after 2 second(s)

2020-09-08 11:40:48 - [MESSAGE][PASSED] - Keys 'DOWN + ENTER + ' sent to object: 'Object Repository/FDR-VoucherEntry/DistributionLine/nonFederalFund'

2020-09-08 11:40:49 - [MESSAGE][PASSED] - Object: 'Object Repository/FDR-VoucherEntry/DistributionLine/account' is clicked on

2020-09-08 11:40:49 - [MESSAGE][PASSED] - Keys '5442000' sent to object: 'Object Repository/FDR-VoucherEntry/DistributionLine/account'

2020-09-08 11:40:50 - [MESSAGE][PASSED] - Keys 'DOWN + ENTER + ' sent to object: 'Object Repository/FDR-VoucherEntry/DistributionLine/account'

2020-09-08 11:40:51 - [MESSAGE][PASSED] - Object: 'Object Repository/FDR-VoucherEntry/DistributionLine/altAccount' is clicked on

2020-09-08 11:40:51 - [MESSAGE][PASSED] - Keys '5442000' sent to object: 'Object Repository/FDR-VoucherEntry/DistributionLine/altAccount'

2020-09-08 11:40:51 - [MESSAGE][PASSED] - Object 'Object Repository/FDR-VoucherEntry/DistributionLine/altAccount' is present

2020-09-08 11:40:52 - [MESSAGE][PASSED] - Keys 'DOWN + ENTER + ' sent to object: 'Object Repository/FDR-VoucherEntry/DistributionLine/altAccount'

2020-09-08 11:40:52 - [MESSAGE][PASSED] - Object: 'Object Repository/FDR-VoucherEntry/DistributionLine/serviceCategory' is clicked on

2020-09-08 11:40:55 - [MESSAGE][INFO] - Unable to find the element located by 'By.xpath: //*[@data-id='button-link']//*[contains(text(),'Create New Voucher')]'. Please recheck the objects properties to make sure the desired element is located. 

2020-09-08 11:40:55 - [MESSAGE][WARNING] - Object 'Object Repository/FDR-Dashboard/createNewVoucherButton' is not present after 2 second(s)

2020-09-08 11:40:56 - [MESSAGE][PASSED] - Keys '18B1' sent to object: 'Object Repository/FDR-VoucherEntry/DistributionLine/serviceCategory'

2020-09-08 11:40:56 - [MESSAGE][PASSED] - Keys 'DOWN + ENTER + ' sent to object: 'Object Repository/FDR-VoucherEntry/DistributionLine/serviceCategory'

2020-09-08 11:40:57 - [MESSAGE][PASSED] - Object: 'Object Repository/FDR-VoucherEntry/DistributionLine/incDecLine' is clicked on

2020-09-08 11:40:57 - [MESSAGE][PASSED] - Keys '10b: Receipts or any decrease' sent to object: 'Object Repository/FDR-VoucherEntry/DistributionLine/incDecLine'

2020-09-08 11:40:58 - [MESSAGE][PASSED] - Keys 'DOWN + ENTER + ' sent to object: 'Object Repository/FDR-VoucherEntry/DistributionLine/incDecLine'

2020-09-08 11:41:00 - [MESSAGE][INFO] - Unable to find the element located by 'By.xpath: //*[@data-id='button-link']//*[contains(text(),'Create New Voucher')]'. Please recheck the objects properties to make sure the desired element is located. 

2020-09-08 11:41:00 - [MESSAGE][WARNING] - Object 'Object Repository/FDR-Dashboard/createNewVoucherButton' is not present after 1 second(s)

2020-09-08 11:41:01 - [MESSAGE][PASSED] - Object: 'Object Repository/FDR-VoucherEntry/DistributionLine/index' is clicked on

2020-09-08 11:41:02 - [MESSAGE][PASSED] - Keys '1155' sent to object: 'Object Repository/FDR-VoucherEntry/DistributionLine/index'

2020-09-08 11:41:02 - [MESSAGE][PASSED] - Keys 'DOWN + ENTER + ' sent to object: 'Object Repository/FDR-VoucherEntry/DistributionLine/index'

2020-09-08 11:41:03 - [MESSAGE][PASSED] - Object: 'Object Repository/FDR-VoucherEntry/DistributionLine/addAnotherLine' is clicked on

2020-09-08 11:41:06 - [MESSAGE][INFO] - Unable to find the element located by 'By.xpath: //*[@data-id='button-link']//*[contains(text(),'Create New Voucher')]'. Please recheck the objects properties to make sure the desired element is located. 

2020-09-08 11:41:06 - [MESSAGE][WARNING] - Object 'Object Repository/FDR-Dashboard/createNewVoucherButton' is not present after 1 second(s)

2020-09-08 11:41:06 - [MESSAGE][PASSED] - Object: 'Object Repository/FDR-VoucherEntry/DistributionLine/clearButton' is clicked on

2020-09-08 11:41:09 - [MESSAGE][INFO] - Unable to find the element located by 'By.xpath: //*[@data-id='button-link']//*[contains(text(),'Create New Voucher')]'. Please recheck the objects properties to make sure the desired element is located. 

2020-09-08 11:41:09 - [MESSAGE][WARNING] - Object 'Object Repository/FDR-Dashboard/createNewVoucherButton' is not present after 2 second(s)

2020-09-08 11:41:13 - [MESSAGE][INFO] - Unable to find the element located by 'By.xpath: //*[@data-id='button-link']//*[contains(text(),'Create New Voucher')]'. Please recheck the objects properties to make sure the desired element is located. 

2020-09-08 11:41:13 - [MESSAGE][WARNING] - Object 'Object Repository/FDR-Dashboard/createNewVoucherButton' is not present after 2 second(s)

2020-09-08 11:41:13 - [MESSAGE][PASSED] - Object 'Object Repository/FDR-VoucherEntry/DistributionLine/serviceDateFrom' is clickable

2020-09-08 11:41:13 - [MESSAGE][PASSED] - Object: 'Object Repository/FDR-VoucherEntry/DistributionLine/serviceDateFrom' is clicked on

2020-09-08 11:41:14 - [MESSAGE][PASSED] - Object 'Object Repository/FDR-VoucherEntry/DistributionLine/serviceDateFrom' is present

2020-09-08 11:41:14 - [MESSAGE][PASSED] - Text '08/04/2020' is set on object 'Object Repository/FDR-VoucherEntry/DistributionLine/serviceDateFrom'

2020-09-08 11:41:15 - [MESSAGE][PASSED] - Object: 'Object Repository/FDR-VoucherEntry/DistributionLine/serviceDateTo' is clicked on

2020-09-08 11:41:15 - [MESSAGE][PASSED] - Object 'Object Repository/FDR-VoucherEntry/DistributionLine/serviceDateTo' is present

2020-09-08 11:41:16 - [MESSAGE][PASSED] - Text '08/05/2020' is set on object 'Object Repository/FDR-VoucherEntry/DistributionLine/serviceDateTo'

2020-09-08 11:41:19 - [MESSAGE][INFO] - Unable to find the element located by 'By.xpath: //*[@data-id='button-link']//*[contains(text(),'Create New Voucher')]'. Please recheck the objects properties to make sure the desired element is located. 

2020-09-08 11:41:19 - [MESSAGE][WARNING] - Object 'Object Repository/FDR-Dashboard/createNewVoucherButton' is not present after 2 second(s)

2020-09-08 11:41:20 - [MESSAGE][PASSED] - Object: 'Object Repository/FDR-VoucherEntry/DistributionLine/amount' is clicked on

2020-09-08 11:41:20 - [MESSAGE][PASSED] - Execute JavaScript 'arguments[0].value='';' successfully

2020-09-08 11:41:21 - [MESSAGE][PASSED] - Keys '10.31' sent to object: 'Object Repository/FDR-VoucherEntry/DistributionLine/amount'

2020-09-08 11:41:23 - [MESSAGE][INFO] - Unable to find the element located by 'By.xpath: //*[@data-id='button-link']//*[contains(text(),'Create New Voucher')]'. Please recheck the objects properties to make sure the desired element is located. 

2020-09-08 11:41:23 - [MESSAGE][WARNING] - Object 'Object Repository/FDR-Dashboard/createNewVoucherButton' is not present after 1 second(s)

2020-09-08 11:41:24 - [MESSAGE][PASSED] - Object: 'Object Repository/FDR-VoucherEntry/DistributionLine/waiverType' is clicked on

2020-09-08 11:41:26 - [MESSAGE][INFO] - Unable to find the element located by 'By.xpath: //*[@data-id='button-link']//*[contains(text(),'Create New Voucher')]'. Please recheck the objects properties to make sure the desired element is located. 

2020-09-08 11:41:26 - [MESSAGE][WARNING] - Object 'Object Repository/FDR-Dashboard/createNewVoucherButton' is not present after 1 second(s)

2020-09-08 11:41:26 - [MESSAGE][PASSED] - Keys 'ACA' sent to object: 'Object Repository/FDR-VoucherEntry/DistributionLine/waiverType'

2020-09-08 11:41:29 - [MESSAGE][INFO] - Unable to find the element located by 'By.xpath: //*[@data-id='button-link']//*[contains(text(),'Create New Voucher')]'. Please recheck the objects properties to make sure the desired element is located. 

2020-09-08 11:41:29 - [MESSAGE][WARNING] - Object 'Object Repository/FDR-Dashboard/createNewVoucherButton' is not present after 2 second(s)

2020-09-08 11:41:30 - [MESSAGE][PASSED] - Keys 'DOWN + ENTER + ' sent to object: 'Object Repository/FDR-VoucherEntry/DistributionLine/waiverType'

2020-09-08 11:41:30 - [MESSAGE][PASSED] - Object: 'Object Repository/FDR-VoucherEntry/DistributionLine/waiverName' is clicked on

2020-09-08 11:41:31 - [MESSAGE][PASSED] - Keys 'Non-Waiver' sent to object: 'Object Repository/FDR-VoucherEntry/DistributionLine/waiverName'

2020-09-08 11:41:34 - [MESSAGE][INFO] - Unable to find the element located by 'By.xpath: //*[@data-id='button-link']//*[contains(text(),'Create New Voucher')]'. Please recheck the objects properties to make sure the desired element is located. 

2020-09-08 11:41:34 - [MESSAGE][WARNING] - Object 'Object Repository/FDR-Dashboard/createNewVoucherButton' is not present after 2 second(s)

2020-09-08 11:41:34 - [MESSAGE][PASSED] - Keys 'DOWN + ENTER + ' sent to object: 'Object Repository/FDR-VoucherEntry/DistributionLine/waiverName'

2020-09-08 11:41:35 - [MESSAGE][PASSED] - Object: 'Object Repository/FDR-VoucherEntry/DistributionLine/fundingSource' is clicked on

2020-09-08 11:41:35 - [MESSAGE][PASSED] - Keys 'Family Planning ' sent to object: 'Object Repository/FDR-VoucherEntry/DistributionLine/fundingSource'

2020-09-08 11:41:39 - [MESSAGE][INFO] - Unable to find the element located by 'By.xpath: //*[@data-id='button-link']//*[contains(text(),'Create New Voucher')]'. Please recheck the objects properties to make sure the desired element is located. 

2020-09-08 11:41:39 - [MESSAGE][WARNING] - Object 'Object Repository/FDR-Dashboard/createNewVoucherButton' is not present after 2 second(s)

2020-09-08 11:41:39 - [MESSAGE][PASSED] - Keys 'DOWN + ENTER + ' sent to object: 'Object Repository/FDR-VoucherEntry/DistributionLine/fundingSource'

2020-09-08 11:41:40 - [MESSAGE][PASSED] - Object: 'Object Repository/FDR-VoucherEntry/DistributionLine/fundRatio' is clicked on

2020-09-08 11:41:40 - [MESSAGE][PASSED] - Keys '56/44' sent to object: 'Object Repository/FDR-VoucherEntry/DistributionLine/fundRatio'

2020-09-08 11:41:43 - [MESSAGE][INFO] - Unable to find the element located by 'By.xpath: //*[@data-id='button-link']//*[contains(text(),'Create New Voucher')]'. Please recheck the objects properties to make sure the desired element is located. 

2020-09-08 11:41:43 - [MESSAGE][WARNING] - Object 'Object Repository/FDR-Dashboard/createNewVoucherButton' is not present after 2 second(s)

2020-09-08 11:41:44 - [MESSAGE][PASSED] - Keys 'DOWN + ENTER + ' sent to object: 'Object Repository/FDR-VoucherEntry/DistributionLine/fundRatio'

2020-09-08 11:41:44 - [MESSAGE][PASSED] - Object: 'Object Repository/FDR-VoucherEntry/DistributionLine/nonFederalFund' is clicked on

2020-09-08 11:41:45 - [MESSAGE][PASSED] - Keys '0001' sent to object: 'Object Repository/FDR-VoucherEntry/DistributionLine/nonFederalFund'

2020-09-08 11:41:48 - [MESSAGE][INFO] - Unable to find the element located by 'By.xpath: //*[@data-id='button-link']//*[contains(text(),'Create New Voucher')]'. Please recheck the objects properties to make sure the desired element is located. 

2020-09-08 11:41:48 - [MESSAGE][WARNING] - Object 'Object Repository/FDR-Dashboard/createNewVoucherButton' is not present after 2 second(s)

2020-09-08 11:41:49 - [MESSAGE][PASSED] - Keys 'DOWN + ENTER + ' sent to object: 'Object Repository/FDR-VoucherEntry/DistributionLine/nonFederalFund'

2020-09-08 11:41:50 - [MESSAGE][PASSED] - Object: 'Object Repository/FDR-VoucherEntry/DistributionLine/account' is clicked on

2020-09-08 11:41:50 - [MESSAGE][PASSED] - Keys '5432000' sent to object: 'Object Repository/FDR-VoucherEntry/DistributionLine/account'

2020-09-08 11:41:51 - [MESSAGE][PASSED] - Keys 'DOWN + ENTER + ' sent to object: 'Object Repository/FDR-VoucherEntry/DistributionLine/account'

2020-09-08 11:41:51 - [MESSAGE][PASSED] - Object: 'Object Repository/FDR-VoucherEntry/DistributionLine/altAccount' is clicked on

2020-09-08 11:41:52 - [MESSAGE][PASSED] - Keys '5432000' sent to object: 'Object Repository/FDR-VoucherEntry/DistributionLine/altAccount'

2020-09-08 11:41:52 - [MESSAGE][PASSED] - Object 'Object Repository/FDR-VoucherEntry/DistributionLine/altAccount' is present

2020-09-08 11:41:53 - [MESSAGE][PASSED] - Keys 'DOWN + ENTER + ' sent to object: 'Object Repository/FDR-VoucherEntry/DistributionLine/altAccount'

2020-09-08 11:41:54 - [MESSAGE][PASSED] - Object: 'Object Repository/FDR-VoucherEntry/DistributionLine/serviceCategory' is clicked on

2020-09-08 11:41:57 - [MESSAGE][INFO] - Unable to find the element located by 'By.xpath: //*[@data-id='button-link']//*[contains(text(),'Create New Voucher')]'. Please recheck the objects properties to make sure the desired element is located. 

2020-09-08 11:41:57 - [MESSAGE][WARNING] - Object 'Object Repository/FDR-Dashboard/createNewVoucherButton' is not present after 2 second(s)

2020-09-08 11:41:57 - [MESSAGE][PASSED] - Keys '18B1' sent to object: 'Object Repository/FDR-VoucherEntry/DistributionLine/serviceCategory'

2020-09-08 11:41:58 - [MESSAGE][PASSED] - Keys 'DOWN + ENTER + ' sent to object: 'Object Repository/FDR-VoucherEntry/DistributionLine/serviceCategory'

2020-09-08 11:41:59 - [MESSAGE][PASSED] - Object: 'Object Repository/FDR-VoucherEntry/DistributionLine/incDecLine' is clicked on

2020-09-08 11:41:59 - [MESSAGE][PASSED] - Keys '10b: Receipts or any decrease' sent to object: 'Object Repository/FDR-VoucherEntry/DistributionLine/incDecLine'

2020-09-08 11:42:00 - [MESSAGE][PASSED] - Keys 'DOWN + ENTER + ' sent to object: 'Object Repository/FDR-VoucherEntry/DistributionLine/incDecLine'

2020-09-08 11:42:02 - [MESSAGE][INFO] - Unable to find the element located by 'By.xpath: //*[@data-id='button-link']//*[contains(text(),'Create New Voucher')]'. Please recheck the objects properties to make sure the desired element is located. 

2020-09-08 11:42:02 - [MESSAGE][WARNING] - Object 'Object Repository/FDR-Dashboard/createNewVoucherButton' is not present after 1 second(s)

2020-09-08 11:42:03 - [MESSAGE][PASSED] - Object: 'Object Repository/FDR-VoucherEntry/DistributionLine/index' is clicked on

2020-09-08 11:42:03 - [MESSAGE][PASSED] - Keys '1155' sent to object: 'Object Repository/FDR-VoucherEntry/DistributionLine/index'

2020-09-08 11:42:04 - [MESSAGE][PASSED] - Keys 'DOWN + ENTER + ' sent to object: 'Object Repository/FDR-VoucherEntry/DistributionLine/index'

2020-09-08 11:42:04 - [MESSAGE][PASSED] - Object: 'Object Repository/FDR-VoucherEntry/DistributionLine/addAnotherLine' is clicked on

2020-09-08 11:42:07 - [MESSAGE][INFO] - Unable to find the element located by 'By.xpath: //*[@data-id='button-link']//*[contains(text(),'Create New Voucher')]'. Please recheck the objects properties to make sure the desired element is located. 

2020-09-08 11:42:07 - [MESSAGE][WARNING] - Object 'Object Repository/FDR-Dashboard/createNewVoucherButton' is not present after 1 second(s)

2020-09-08 11:42:07 - [MESSAGE][PASSED] - Object: 'Object Repository/FDR-VoucherEntry/DistributionLine/clearButton' is clicked on

2020-09-08 11:42:10 - [MESSAGE][INFO] - Unable to find the element located by 'By.xpath: //*[@data-id='button-link']//*[contains(text(),'Create New Voucher')]'. Please recheck the objects properties to make sure the desired element is located. 

2020-09-08 11:42:10 - [MESSAGE][WARNING] - Object 'Object Repository/FDR-Dashboard/createNewVoucherButton' is not present after 2 second(s)

2020-09-08 11:42:13 - [MESSAGE][INFO] - Unable to find the element located by 'By.xpath: //*[@data-id='button-link']//*[contains(text(),'Create New Voucher')]'. Please recheck the objects properties to make sure the desired element is located. 

2020-09-08 11:42:13 - [MESSAGE][WARNING] - Object 'Object Repository/FDR-Dashboard/createNewVoucherButton' is not present after 2 second(s)

2020-09-08 11:42:14 - [MESSAGE][PASSED] - Object 'Object Repository/FDR-VoucherEntry/DistributionLine/serviceDateFrom' is clickable

2020-09-08 11:42:14 - [MESSAGE][PASSED] - Object: 'Object Repository/FDR-VoucherEntry/DistributionLine/serviceDateFrom' is clicked on

2020-09-08 11:42:14 - [MESSAGE][PASSED] - Object 'Object Repository/FDR-VoucherEntry/DistributionLine/serviceDateFrom' is present

2020-09-08 11:42:15 - [MESSAGE][PASSED] - Text '08/04/2020' is set on object 'Object Repository/FDR-VoucherEntry/DistributionLine/serviceDateFrom'

2020-09-08 11:42:15 - [MESSAGE][PASSED] - Object: 'Object Repository/FDR-VoucherEntry/DistributionLine/serviceDateTo' is clicked on

2020-09-08 11:42:15 - [MESSAGE][PASSED] - Object 'Object Repository/FDR-VoucherEntry/DistributionLine/serviceDateTo' is present

2020-09-08 11:42:16 - [MESSAGE][PASSED] - Text '08/05/2020' is set on object 'Object Repository/FDR-VoucherEntry/DistributionLine/serviceDateTo'

2020-09-08 11:42:19 - [MESSAGE][INFO] - Unable to find the element located by 'By.xpath: //*[@data-id='button-link']//*[contains(text(),'Create New Voucher')]'. Please recheck the objects properties to make sure the desired element is located. 

2020-09-08 11:42:19 - [MESSAGE][WARNING] - Object 'Object Repository/FDR-Dashboard/createNewVoucherButton' is not present after 2 second(s)

2020-09-08 11:42:19 - [MESSAGE][PASSED] - Object: 'Object Repository/FDR-VoucherEntry/DistributionLine/amount' is clicked on

2020-09-08 11:42:20 - [MESSAGE][PASSED] - Execute JavaScript 'arguments[0].value='';' successfully

2020-09-08 11:42:20 - [MESSAGE][PASSED] - Keys '-12.35' sent to object: 'Object Repository/FDR-VoucherEntry/DistributionLine/amount'

2020-09-08 11:42:23 - [MESSAGE][INFO] - Unable to find the element located by 'By.xpath: //*[@data-id='button-link']//*[contains(text(),'Create New Voucher')]'. Please recheck the objects properties to make sure the desired element is located. 

2020-09-08 11:42:23 - [MESSAGE][WARNING] - Object 'Object Repository/FDR-Dashboard/createNewVoucherButton' is not present after 1 second(s)

2020-09-08 11:42:23 - [MESSAGE][PASSED] - Object: 'Object Repository/FDR-VoucherEntry/DistributionLine/waiverType' is clicked on

2020-09-08 11:42:25 - [MESSAGE][INFO] - Unable to find the element located by 'By.xpath: //*[@data-id='button-link']//*[contains(text(),'Create New Voucher')]'. Please recheck the objects properties to make sure the desired element is located. 

2020-09-08 11:42:25 - [MESSAGE][WARNING] - Object 'Object Repository/FDR-Dashboard/createNewVoucherButton' is not present after 1 second(s)

2020-09-08 11:42:26 - [MESSAGE][PASSED] - Keys 'No Waiver' sent to object: 'Object Repository/FDR-VoucherEntry/DistributionLine/waiverType'

2020-09-08 11:42:29 - [MESSAGE][INFO] - Unable to find the element located by 'By.xpath: //*[@data-id='button-link']//*[contains(text(),'Create New Voucher')]'. Please recheck the objects properties to make sure the desired element is located. 

2020-09-08 11:42:29 - [MESSAGE][WARNING] - Object 'Object Repository/FDR-Dashboard/createNewVoucherButton' is not present after 2 second(s)

2020-09-08 11:42:29 - [MESSAGE][PASSED] - Keys 'DOWN + ENTER + ' sent to object: 'Object Repository/FDR-VoucherEntry/DistributionLine/waiverType'

2020-09-08 11:42:30 - [MESSAGE][PASSED] - Object: 'Object Repository/FDR-VoucherEntry/DistributionLine/waiverName' is clicked on

2020-09-08 11:42:30 - [MESSAGE][PASSED] - Keys 'Non-Waiver' sent to object: 'Object Repository/FDR-VoucherEntry/DistributionLine/waiverName'

2020-09-08 11:42:33 - [MESSAGE][INFO] - Unable to find the element located by 'By.xpath: //*[@data-id='button-link']//*[contains(text(),'Create New Voucher')]'. Please recheck the objects properties to make sure the desired element is located. 

2020-09-08 11:42:33 - [MESSAGE][WARNING] - Object 'Object Repository/FDR-Dashboard/createNewVoucherButton' is not present after 2 second(s)

2020-09-08 11:42:34 - [MESSAGE][PASSED] - Keys 'DOWN + ENTER + ' sent to object: 'Object Repository/FDR-VoucherEntry/DistributionLine/waiverName'

2020-09-08 11:42:34 - [MESSAGE][PASSED] - Object: 'Object Repository/FDR-VoucherEntry/DistributionLine/fundingSource' is clicked on

2020-09-08 11:42:35 - [MESSAGE][PASSED] - Keys 'HQAF' sent to object: 'Object Repository/FDR-VoucherEntry/DistributionLine/fundingSource'

2020-09-08 11:42:38 - [MESSAGE][INFO] - Unable to find the element located by 'By.xpath: //*[@data-id='button-link']//*[contains(text(),'Create New Voucher')]'. Please recheck the objects properties to make sure the desired element is located. 

2020-09-08 11:42:38 - [MESSAGE][WARNING] - Object 'Object Repository/FDR-Dashboard/createNewVoucherButton' is not present after 2 second(s)

2020-09-08 11:42:38 - [MESSAGE][PASSED] - Keys 'DOWN + ENTER + ' sent to object: 'Object Repository/FDR-VoucherEntry/DistributionLine/fundingSource'

2020-09-08 11:42:39 - [MESSAGE][PASSED] - Object: 'Object Repository/FDR-VoucherEntry/DistributionLine/fundRatio' is clicked on

2020-09-08 11:42:39 - [MESSAGE][PASSED] - Keys '90/10' sent to object: 'Object Repository/FDR-VoucherEntry/DistributionLine/fundRatio'

2020-09-08 11:42:43 - [MESSAGE][INFO] - Unable to find the element located by 'By.xpath: //*[@data-id='button-link']//*[contains(text(),'Create New Voucher')]'. Please recheck the objects properties to make sure the desired element is located. 

2020-09-08 11:42:43 - [MESSAGE][WARNING] - Object 'Object Repository/FDR-Dashboard/createNewVoucherButton' is not present after 2 second(s)

2020-09-08 11:42:43 - [MESSAGE][PASSED] - Keys 'DOWN + ENTER + ' sent to object: 'Object Repository/FDR-VoucherEntry/DistributionLine/fundRatio'

2020-09-08 11:42:44 - [MESSAGE][PASSED] - Object: 'Object Repository/FDR-VoucherEntry/DistributionLine/nonFederalFund' is clicked on

2020-09-08 11:42:44 - [MESSAGE][PASSED] - Keys '3158' sent to object: 'Object Repository/FDR-VoucherEntry/DistributionLine/nonFederalFund'

2020-09-08 11:42:47 - [MESSAGE][INFO] - Unable to find the element located by 'By.xpath: //*[@data-id='button-link']//*[contains(text(),'Create New Voucher')]'. Please recheck the objects properties to make sure the desired element is located. 

2020-09-08 11:42:47 - [MESSAGE][WARNING] - Object 'Object Repository/FDR-Dashboard/createNewVoucherButton' is not present after 2 second(s)

2020-09-08 11:42:48 - [MESSAGE][PASSED] - Keys 'DOWN + ENTER + ' sent to object: 'Object Repository/FDR-VoucherEntry/DistributionLine/nonFederalFund'

2020-09-08 11:42:48 - [MESSAGE][PASSED] - Object: 'Object Repository/FDR-VoucherEntry/DistributionLine/account' is clicked on

2020-09-08 11:42:49 - [MESSAGE][PASSED] - Keys '5442000' sent to object: 'Object Repository/FDR-VoucherEntry/DistributionLine/account'

2020-09-08 11:42:49 - [MESSAGE][PASSED] - Keys 'DOWN + ENTER + ' sent to object: 'Object Repository/FDR-VoucherEntry/DistributionLine/account'

2020-09-08 11:42:50 - [MESSAGE][PASSED] - Object: 'Object Repository/FDR-VoucherEntry/DistributionLine/altAccount' is clicked on

2020-09-08 11:42:50 - [MESSAGE][PASSED] - Keys '5442000' sent to object: 'Object Repository/FDR-VoucherEntry/DistributionLine/altAccount'

2020-09-08 11:42:51 - [MESSAGE][PASSED] - Object 'Object Repository/FDR-VoucherEntry/DistributionLine/altAccount' is present

2020-09-08 11:42:51 - [MESSAGE][PASSED] - Keys 'DOWN + ENTER + ' sent to object: 'Object Repository/FDR-VoucherEntry/DistributionLine/altAccount'

2020-09-08 11:42:52 - [MESSAGE][PASSED] - Object: 'Object Repository/FDR-VoucherEntry/DistributionLine/serviceCategory' is clicked on

2020-09-08 11:42:55 - [MESSAGE][INFO] - Unable to find the element located by 'By.xpath: //*[@data-id='button-link']//*[contains(text(),'Create New Voucher')]'. Please recheck the objects properties to make sure the desired element is located. 

2020-09-08 11:42:55 - [MESSAGE][WARNING] - Object 'Object Repository/FDR-Dashboard/createNewVoucherButton' is not present after 2 second(s)

2020-09-08 11:42:55 - [MESSAGE][PASSED] - Keys '1A' sent to object: 'Object Repository/FDR-VoucherEntry/DistributionLine/serviceCategory'

2020-09-08 11:42:56 - [MESSAGE][PASSED] - Keys 'DOWN + ENTER + ' sent to object: 'Object Repository/FDR-VoucherEntry/DistributionLine/serviceCategory'

2020-09-08 11:42:56 - [MESSAGE][PASSED] - Object: 'Object Repository/FDR-VoucherEntry/DistributionLine/incDecLine' is clicked on

2020-09-08 11:42:57 - [MESSAGE][PASSED] - Keys '10b: Receipts or any decrease' sent to object: 'Object Repository/FDR-VoucherEntry/DistributionLine/incDecLine'

2020-09-08 11:42:58 - [MESSAGE][PASSED] - Keys 'DOWN + ENTER + ' sent to object: 'Object Repository/FDR-VoucherEntry/DistributionLine/incDecLine'

2020-09-08 11:43:00 - [MESSAGE][INFO] - Unable to find the element located by 'By.xpath: //*[@data-id='button-link']//*[contains(text(),'Create New Voucher')]'. Please recheck the objects properties to make sure the desired element is located. 

2020-09-08 11:43:00 - [MESSAGE][WARNING] - Object 'Object Repository/FDR-Dashboard/createNewVoucherButton' is not present after 1 second(s)

2020-09-08 11:43:01 - [MESSAGE][PASSED] - Object: 'Object Repository/FDR-VoucherEntry/DistributionLine/index' is clicked on

2020-09-08 11:43:01 - [MESSAGE][PASSED] - Keys '1155' sent to object: 'Object Repository/FDR-VoucherEntry/DistributionLine/index'

2020-09-08 11:43:02 - [MESSAGE][PASSED] - Keys 'DOWN + ENTER + ' sent to object: 'Object Repository/FDR-VoucherEntry/DistributionLine/index'

2020-09-08 11:43:03 - [MESSAGE][PASSED] - Object: 'Object Repository/FDR-VoucherEntry/DistributionLine/addAnotherLine' is clicked on

2020-09-08 11:43:05 - [MESSAGE][INFO] - Unable to find the element located by 'By.xpath: //*[@data-id='button-link']//*[contains(text(),'Create New Voucher')]'. Please recheck the objects properties to make sure the desired element is located. 

2020-09-08 11:43:05 - [MESSAGE][WARNING] - Object 'Object Repository/FDR-Dashboard/createNewVoucherButton' is not present after 1 second(s)

2020-09-08 11:43:05 - [MESSAGE][PASSED] - Object: 'Object Repository/FDR-VoucherEntry/DistributionLine/clearButton' is clicked on

2020-09-08 11:43:08 - [MESSAGE][INFO] - Unable to find the element located by 'By.xpath: //*[@data-id='button-link']//*[contains(text(),'Create New Voucher')]'. Please recheck the objects properties to make sure the desired element is located. 

2020-09-08 11:43:08 - [MESSAGE][WARNING] - Object 'Object Repository/FDR-Dashboard/createNewVoucherButton' is not present after 2 second(s)

2020-09-08 11:43:12 - [MESSAGE][INFO] - Unable to find the element located by 'By.xpath: //*[@data-id='button-link']//*[contains(text(),'Create New Voucher')]'. Please recheck the objects properties to make sure the desired element is located. 

2020-09-08 11:43:12 - [MESSAGE][WARNING] - Object 'Object Repository/FDR-Dashboard/createNewVoucherButton' is not present after 2 second(s)

2020-09-08 11:43:12 - [MESSAGE][PASSED] - Object 'Object Repository/FDR-VoucherEntry/DistributionLine/serviceDateFrom' is clickable

2020-09-08 11:43:12 - [MESSAGE][PASSED] - Object: 'Object Repository/FDR-VoucherEntry/DistributionLine/serviceDateFrom' is clicked on

2020-09-08 11:43:12 - [MESSAGE][PASSED] - Object 'Object Repository/FDR-VoucherEntry/DistributionLine/serviceDateFrom' is present

2020-09-08 11:43:13 - [MESSAGE][PASSED] - Text '08/04/2020' is set on object 'Object Repository/FDR-VoucherEntry/DistributionLine/serviceDateFrom'

2020-09-08 11:43:13 - [MESSAGE][PASSED] - Object: 'Object Repository/FDR-VoucherEntry/DistributionLine/serviceDateTo' is clicked on

2020-09-08 11:43:14 - [MESSAGE][PASSED] - Object 'Object Repository/FDR-VoucherEntry/DistributionLine/serviceDateTo' is present

2020-09-08 11:43:14 - [MESSAGE][PASSED] - Text '08/05/2020' is set on object 'Object Repository/FDR-VoucherEntry/DistributionLine/serviceDateTo'

2020-09-08 11:43:18 - [MESSAGE][INFO] - Unable to find the element located by 'By.xpath: //*[@data-id='button-link']//*[contains(text(),'Create New Voucher')]'. Please recheck the objects properties to make sure the desired element is located. 

2020-09-08 11:43:18 - [MESSAGE][WARNING] - Object 'Object Repository/FDR-Dashboard/createNewVoucherButton' is not present after 2 second(s)

2020-09-08 11:43:18 - [MESSAGE][PASSED] - Object: 'Object Repository/FDR-VoucherEntry/DistributionLine/amount' is clicked on

2020-09-08 11:43:18 - [MESSAGE][PASSED] - Execute JavaScript 'arguments[0].value='';' successfully

2020-09-08 11:43:19 - [MESSAGE][PASSED] - Keys '-150' sent to object: 'Object Repository/FDR-VoucherEntry/DistributionLine/amount'

2020-09-08 11:43:21 - [MESSAGE][INFO] - Unable to find the element located by 'By.xpath: //*[@data-id='button-link']//*[contains(text(),'Create New Voucher')]'. Please recheck the objects properties to make sure the desired element is located. 

2020-09-08 11:43:21 - [MESSAGE][WARNING] - Object 'Object Repository/FDR-Dashboard/createNewVoucherButton' is not present after 1 second(s)

2020-09-08 11:43:21 - [MESSAGE][PASSED] - Object: 'Object Repository/FDR-VoucherEntry/DistributionLine/waiverType' is clicked on

2020-09-08 11:43:23 - [MESSAGE][INFO] - Unable to find the element located by 'By.xpath: //*[@data-id='button-link']//*[contains(text(),'Create New Voucher')]'. Please recheck the objects properties to make sure the desired element is located. 

2020-09-08 11:43:23 - [MESSAGE][WARNING] - Object 'Object Repository/FDR-Dashboard/createNewVoucherButton' is not present after 1 second(s)

2020-09-08 11:43:24 - [MESSAGE][PASSED] - Keys 'No Waiver' sent to object: 'Object Repository/FDR-VoucherEntry/DistributionLine/waiverType'

2020-09-08 11:43:27 - [MESSAGE][INFO] - Unable to find the element located by 'By.xpath: //*[@data-id='button-link']//*[contains(text(),'Create New Voucher')]'. Please recheck the objects properties to make sure the desired element is located. 

2020-09-08 11:43:27 - [MESSAGE][WARNING] - Object 'Object Repository/FDR-Dashboard/createNewVoucherButton' is not present after 2 second(s)

2020-09-08 11:43:27 - [MESSAGE][PASSED] - Keys 'DOWN + ENTER + ' sent to object: 'Object Repository/FDR-VoucherEntry/DistributionLine/waiverType'

2020-09-08 11:43:28 - [MESSAGE][PASSED] - Object: 'Object Repository/FDR-VoucherEntry/DistributionLine/waiverName' is clicked on

2020-09-08 11:43:28 - [MESSAGE][PASSED] - Keys 'Non-Waiver' sent to object: 'Object Repository/FDR-VoucherEntry/DistributionLine/waiverName'

2020-09-08 11:43:31 - [MESSAGE][INFO] - Unable to find the element located by 'By.xpath: //*[@data-id='button-link']//*[contains(text(),'Create New Voucher')]'. Please recheck the objects properties to make sure the desired element is located. 

2020-09-08 11:43:31 - [MESSAGE][WARNING] - Object 'Object Repository/FDR-Dashboard/createNewVoucherButton' is not present after 2 second(s)

2020-09-08 11:43:32 - [MESSAGE][PASSED] - Keys 'DOWN + ENTER + ' sent to object: 'Object Repository/FDR-VoucherEntry/DistributionLine/waiverName'

2020-09-08 11:43:32 - [MESSAGE][PASSED] - Object: 'Object Repository/FDR-VoucherEntry/DistributionLine/fundingSource' is clicked on

2020-09-08 11:43:33 - [MESSAGE][PASSED] - Keys 'Family Planning ' sent to object: 'Object Repository/FDR-VoucherEntry/DistributionLine/fundingSource'

2020-09-08 11:43:36 - [MESSAGE][INFO] - Unable to find the element located by 'By.xpath: //*[@data-id='button-link']//*[contains(text(),'Create New Voucher')]'. Please recheck the objects properties to make sure the desired element is located. 

2020-09-08 11:43:36 - [MESSAGE][WARNING] - Object 'Object Repository/FDR-Dashboard/createNewVoucherButton' is not present after 2 second(s)

2020-09-08 11:43:37 - [MESSAGE][PASSED] - Keys 'DOWN + ENTER + ' sent to object: 'Object Repository/FDR-VoucherEntry/DistributionLine/fundingSource'

2020-09-08 11:43:37 - [MESSAGE][PASSED] - Object: 'Object Repository/FDR-VoucherEntry/DistributionLine/fundRatio' is clicked on

2020-09-08 11:43:38 - [MESSAGE][PASSED] - Keys '90/10' sent to object: 'Object Repository/FDR-VoucherEntry/DistributionLine/fundRatio'

2020-09-08 11:43:41 - [MESSAGE][INFO] - Unable to find the element located by 'By.xpath: //*[@data-id='button-link']//*[contains(text(),'Create New Voucher')]'. Please recheck the objects properties to make sure the desired element is located. 

2020-09-08 11:43:41 - [MESSAGE][WARNING] - Object 'Object Repository/FDR-Dashboard/createNewVoucherButton' is not present after 2 second(s)

2020-09-08 11:43:41 - [MESSAGE][PASSED] - Keys 'DOWN + ENTER + ' sent to object: 'Object Repository/FDR-VoucherEntry/DistributionLine/fundRatio'

2020-09-08 11:43:42 - [MESSAGE][PASSED] - Object: 'Object Repository/FDR-VoucherEntry/DistributionLine/nonFederalFund' is clicked on

2020-09-08 11:43:42 - [MESSAGE][PASSED] - Keys '0001' sent to object: 'Object Repository/FDR-VoucherEntry/DistributionLine/nonFederalFund'

2020-09-08 11:43:45 - [MESSAGE][INFO] - Unable to find the element located by 'By.xpath: //*[@data-id='button-link']//*[contains(text(),'Create New Voucher')]'. Please recheck the objects properties to make sure the desired element is located. 

2020-09-08 11:43:45 - [MESSAGE][WARNING] - Object 'Object Repository/FDR-Dashboard/createNewVoucherButton' is not present after 2 second(s)

2020-09-08 11:43:46 - [MESSAGE][PASSED] - Keys 'DOWN + ENTER + ' sent to object: 'Object Repository/FDR-VoucherEntry/DistributionLine/nonFederalFund'

2020-09-08 11:43:46 - [MESSAGE][PASSED] - Object: 'Object Repository/FDR-VoucherEntry/DistributionLine/account' is clicked on

2020-09-08 11:43:47 - [MESSAGE][PASSED] - Keys '5432000' sent to object: 'Object Repository/FDR-VoucherEntry/DistributionLine/account'

2020-09-08 11:43:48 - [MESSAGE][PASSED] - Keys 'DOWN + ENTER + ' sent to object: 'Object Repository/FDR-VoucherEntry/DistributionLine/account'

2020-09-08 11:43:48 - [MESSAGE][PASSED] - Object: 'Object Repository/FDR-VoucherEntry/DistributionLine/altAccount' is clicked on

2020-09-08 11:43:49 - [MESSAGE][PASSED] - Keys '5432000' sent to object: 'Object Repository/FDR-VoucherEntry/DistributionLine/altAccount'

2020-09-08 11:43:49 - [MESSAGE][PASSED] - Object 'Object Repository/FDR-VoucherEntry/DistributionLine/altAccount' is present

2020-09-08 11:43:50 - [MESSAGE][PASSED] - Keys 'DOWN + ENTER + ' sent to object: 'Object Repository/FDR-VoucherEntry/DistributionLine/altAccount'

2020-09-08 11:43:50 - [MESSAGE][PASSED] - Object: 'Object Repository/FDR-VoucherEntry/DistributionLine/serviceCategory' is clicked on

2020-09-08 11:43:53 - [MESSAGE][INFO] - Unable to find the element located by 'By.xpath: //*[@data-id='button-link']//*[contains(text(),'Create New Voucher')]'. Please recheck the objects properties to make sure the desired element is located. 

2020-09-08 11:43:53 - [MESSAGE][WARNING] - Object 'Object Repository/FDR-Dashboard/createNewVoucherButton' is not present after 2 second(s)

2020-09-08 11:43:54 - [MESSAGE][PASSED] - Keys '22' sent to object: 'Object Repository/FDR-VoucherEntry/DistributionLine/serviceCategory'

2020-09-08 11:43:54 - [MESSAGE][PASSED] - Keys 'DOWN + ENTER + ' sent to object: 'Object Repository/FDR-VoucherEntry/DistributionLine/serviceCategory'

2020-09-08 11:43:55 - [MESSAGE][PASSED] - Object: 'Object Repository/FDR-VoucherEntry/DistributionLine/incDecLine' is clicked on

2020-09-08 11:43:56 - [MESSAGE][PASSED] - Keys '7: New (service period is prior quarter and never been claimed)' sent to object: 'Object Repository/FDR-VoucherEntry/DistributionLine/incDecLine'

2020-09-08 11:43:56 - [MESSAGE][PASSED] - Keys 'DOWN + ENTER + ' sent to object: 'Object Repository/FDR-VoucherEntry/DistributionLine/incDecLine'

2020-09-08 11:43:58 - [MESSAGE][INFO] - Unable to find the element located by 'By.xpath: //*[@data-id='button-link']//*[contains(text(),'Create New Voucher')]'. Please recheck the objects properties to make sure the desired element is located. 

2020-09-08 11:43:58 - [MESSAGE][WARNING] - Object 'Object Repository/FDR-Dashboard/createNewVoucherButton' is not present after 1 second(s)

2020-09-08 11:43:58 - [MESSAGE][PASSED] - Object: 'Object Repository/FDR-VoucherEntry/DistributionLine/index' is clicked on

2020-09-08 11:43:59 - [MESSAGE][PASSED] - Keys '1155' sent to object: 'Object Repository/FDR-VoucherEntry/DistributionLine/index'

2020-09-08 11:43:59 - [MESSAGE][PASSED] - Keys 'DOWN + ENTER + ' sent to object: 'Object Repository/FDR-VoucherEntry/DistributionLine/index'

2020-09-08 11:44:00 - [MESSAGE][PASSED] - Object: 'Object Repository/FDR-VoucherEntry/DistributionLine/addSaveButton' is clicked on

2020-09-08 11:44:00 - [TEST_STEP][PASSED] - waitForElementPresent(findTestObject("FDR-Dashboard/createNewVoucherButton"), 4): Object 'Object Repository/FDR-Dashboard/createNewVoucherButton' is not present after 4 second(s)

2020-09-08 11:44:06 - [MESSAGE][INFO] - Unable to find the element located by 'By.xpath: //*[@data-id='button-link']//*[contains(text(),'Create New Voucher')]'. Please recheck the objects properties to make sure the desired element is located. 

2020-09-08 11:44:06 - [MESSAGE][WARNING] - Object 'Object Repository/FDR-Dashboard/createNewVoucherButton' is not present after 4 second(s)

2020-09-08 11:44:06 - [TEST_STEP][PASSED] - federalShareHeaderValue = getText(findTestObject("FDR-VoucherEntry/VoucherHeader/federalShare")): Text of object 'Object Repository/FDR-VoucherEntry/VoucherHeader/federalShare' is: '$544.65'

2020-09-08 11:44:06 - [MESSAGE][PASSED] - Text of object 'Object Repository/FDR-VoucherEntry/VoucherHeader/federalShare' is: '$544.65'

2020-09-08 11:44:06 - [TEST_STEP][PASSED] - federalShareRowAmtValue = getText(findTestObject("FDR-VoucherEntry/InvoiceLine/federalShareRowAmt")): Text of object 'Object Repository/FDR-VoucherEntry/InvoiceLine/federalShareRowAmt' is: '$544.65'

2020-09-08 11:44:06 - [MESSAGE][PASSED] - Text of object 'Object Repository/FDR-VoucherEntry/InvoiceLine/federalShareRowAmt' is: '$544.65'

2020-09-08 11:44:06 - [TEST_STEP][PASSED] - verifyMatch(federalShareRowAmtValue, federalShareHeaderValue, false): Actual text '$544.65' and expected text '$544.65' are matched 

2020-09-08 11:44:06 - [MESSAGE][PASSED] - Actual text '$544.65' and expected text '$544.65' are matched 

2020-09-08 11:44:06 - [TEST_STEP][PASSED] - nonFederalShareHeaderValue = getText(findTestObject("FDR-VoucherEntry/VoucherHeader/nonFederalShare")): Text of object 'Object Repository/FDR-VoucherEntry/VoucherHeader/nonFederalShare' is: '$253.31'

2020-09-08 11:44:07 - [MESSAGE][PASSED] - Text of object 'Object Repository/FDR-VoucherEntry/VoucherHeader/nonFederalShare' is: '$253.31'

2020-09-08 11:44:07 - [TEST_STEP][PASSED] - nonFederalShareRowAmtValue = getText(findTestObject("FDR-VoucherEntry/InvoiceLine/nonFederalShareRowAmt")): Text of object 'Object Repository/FDR-VoucherEntry/InvoiceLine/nonFederalShareRowAmt' is: '$253.31'

2020-09-08 11:44:07 - [MESSAGE][PASSED] - Text of object 'Object Repository/FDR-VoucherEntry/InvoiceLine/nonFederalShareRowAmt' is: '$253.31'

2020-09-08 11:44:07 - [TEST_STEP][PASSED] - verifyMatch(nonFederalShareHeaderValue, nonFederalShareRowAmtValue, false): Actual text '$253.31' and expected text '$253.31' are matched 

2020-09-08 11:44:07 - [MESSAGE][PASSED] - Actual text '$253.31' and expected text '$253.31' are matched 

2020-09-08 11:44:07 - [TEST_STEP][PASSED] - vouhcerTotalHeaderValue = getText(findTestObject("FDR-VoucherEntry/VoucherHeader/voucherTotal")): Text of object 'Object Repository/FDR-VoucherEntry/VoucherHeader/voucherTotal' is: '$797.96'

2020-09-08 11:44:07 - [MESSAGE][PASSED] - Text of object 'Object Repository/FDR-VoucherEntry/VoucherHeader/voucherTotal' is: '$797.96'

2020-09-08 11:44:07 - [TEST_STEP][PASSED] - vouhcerTotalRowAmtValue = getText(findTestObject("FDR-VoucherEntry/InvoiceLine/voucherTotalRowAmt")): Text of object 'Object Repository/FDR-VoucherEntry/InvoiceLine/voucherTotalRowAmt' is: '$797.96'

2020-09-08 11:44:07 - [MESSAGE][PASSED] - Text of object 'Object Repository/FDR-VoucherEntry/InvoiceLine/voucherTotalRowAmt' is: '$797.96'

2020-09-08 11:44:07 - [TEST_STEP][PASSED] - verifyMatch(vouhcerTotalHeaderValue, vouhcerTotalRowAmtValue, false): Actual text '$797.96' and expected text '$797.96' are matched 

2020-09-08 11:44:07 - [MESSAGE][PASSED] - Actual text '$797.96' and expected text '$797.96' are matched 

2020-09-08 11:44:07 - [TEST_STEP][PASSED] - waitForElementPresent(findTestObject("FDR-Dashboard/createNewVoucherButton"), 4): Object 'Object Repository/FDR-Dashboard/createNewVoucherButton' is not present after 4 second(s)

2020-09-08 11:44:13 - [MESSAGE][INFO] - Unable to find the element located by 'By.xpath: //*[@data-id='button-link']//*[contains(text(),'Create New Voucher')]'. Please recheck the objects properties to make sure the desired element is located. 

2020-09-08 11:44:13 - [MESSAGE][WARNING] - Object 'Object Repository/FDR-Dashboard/createNewVoucherButton' is not present after 4 second(s)

2020-09-08 11:44:13 - [TEST_STEP][PASSED] - validators.validateDistributionLineData(federalShareRowAmtValue, nonFederalShareRowAmtValue, vouhcerTotalRowAmtValue):  Total amount Expected Value : 797.96 is matching with Actual Value : 797.96

2020-09-08 11:44:13 - [MESSAGE][PASSED] - Object 'Object Repository/FDR-VoucherEntry/InvoiceLine/invoiceLineExpandButton' is clickable

2020-09-08 11:44:13 - [MESSAGE][PASSED] - Object '' is present

2020-09-08 11:44:14 - [MESSAGE][PASSED] - Text of object '' is: '$90.00'

2020-09-08 11:44:14 - [MESSAGE][PASSED] - Object '' is present

2020-09-08 11:44:14 - [MESSAGE][PASSED] - Text of object '' is: '$10.00'

2020-09-08 11:44:14 - [MESSAGE][PASSED] - Object '' is present

2020-09-08 11:44:14 - [MESSAGE][PASSED] - Text of object '' is: '$100.00'

2020-09-08 11:44:15 - [MESSAGE][PASSED] - Object '' is present

2020-09-08 11:44:15 - [MESSAGE][PASSED] - Text of object '' is: '90/10'

2020-09-08 11:44:15 - [MESSAGE][PASSED] - Object '' is present

2020-09-08 11:44:15 - [MESSAGE][PASSED] - Text of object '' is: '$315.00'

2020-09-08 11:44:16 - [MESSAGE][PASSED] - Object '' is present

2020-09-08 11:44:16 - [MESSAGE][PASSED] - Text of object '' is: '$35.00'

2020-09-08 11:44:16 - [MESSAGE][PASSED] - Object '' is present

2020-09-08 11:44:16 - [MESSAGE][PASSED] - Text of object '' is: '$350.00'

2020-09-08 11:44:17 - [MESSAGE][PASSED] - Object '' is present

2020-09-08 11:44:17 - [MESSAGE][PASSED] - Text of object '' is: '90/10'

2020-09-08 11:44:17 - [MESSAGE][PASSED] - Object '' is present

2020-09-08 11:44:17 - [MESSAGE][PASSED] - Text of object '' is: '$280.00'

2020-09-08 11:44:17 - [MESSAGE][PASSED] - Object '' is present

2020-09-08 11:44:18 - [MESSAGE][PASSED] - Text of object '' is: '$220.00'

2020-09-08 11:44:18 - [MESSAGE][PASSED] - Object '' is present

2020-09-08 11:44:18 - [MESSAGE][PASSED] - Text of object '' is: '$500.00'

2020-09-08 11:44:18 - [MESSAGE][PASSED] - Object '' is present

2020-09-08 11:44:19 - [MESSAGE][PASSED] - Text of object '' is: '56/44'

2020-09-08 11:44:19 - [MESSAGE][PASSED] - Object '' is present

2020-09-08 11:44:19 - [MESSAGE][PASSED] - Text of object '' is: '$5.77'

2020-09-08 11:44:19 - [MESSAGE][PASSED] - Object '' is present

2020-09-08 11:44:20 - [MESSAGE][PASSED] - Text of object '' is: '$4.54'

2020-09-08 11:44:20 - [MESSAGE][PASSED] - Object '' is present

2020-09-08 11:44:20 - [MESSAGE][PASSED] - Text of object '' is: '$10.31'

2020-09-08 11:44:20 - [MESSAGE][PASSED] - Object '' is present

2020-09-08 11:44:21 - [MESSAGE][PASSED] - Text of object '' is: '56/44'

2020-09-08 11:44:21 - [MESSAGE][PASSED] - Object '' is present

2020-09-08 11:44:21 - [MESSAGE][PASSED] - Text of object '' is: '($11.12)'

2020-09-08 11:44:21 - [MESSAGE][PASSED] - Object '' is present

2020-09-08 11:44:22 - [MESSAGE][PASSED] - Text of object '' is: '($1.23)'

2020-09-08 11:44:22 - [MESSAGE][PASSED] - Object '' is present

2020-09-08 11:44:22 - [MESSAGE][PASSED] - Text of object '' is: '($12.35)'

2020-09-08 11:44:22 - [MESSAGE][PASSED] - Object '' is present

2020-09-08 11:44:22 - [MESSAGE][PASSED] - Text of object '' is: '90/10'

2020-09-08 11:44:23 - [MESSAGE][PASSED] - Object '' is present

2020-09-08 11:44:23 - [MESSAGE][PASSED] - Text of object '' is: '($135.00)'

2020-09-08 11:44:23 - [MESSAGE][PASSED] - Object '' is present

2020-09-08 11:44:23 - [MESSAGE][PASSED] - Text of object '' is: '($15.00)'

2020-09-08 11:44:24 - [MESSAGE][PASSED] - Object '' is present

2020-09-08 11:44:24 - [MESSAGE][PASSED] - Text of object '' is: '($150.00)'

2020-09-08 11:44:24 - [MESSAGE][PASSED] - Object '' is present

2020-09-08 11:44:24 - [MESSAGE][PASSED] - Text of object '' is: '90/10'

2020-09-08 11:44:25 - [MESSAGE][PASSED] - Actual object '90' and expected object '90' are equal

2020-09-08 11:44:25 - [MESSAGE][PASSED] - Federal Share amount - Expected Value : 90.0 is matching with Actual Value : 90.0

2020-09-08 11:44:25 - [MESSAGE][PASSED] - Actual object '10' and expected object '10' are equal

2020-09-08 11:44:25 - [MESSAGE][PASSED] - Non Federal Share amount - Expected Value : 10.0 is matching with Actual Value : 10.0

2020-09-08 11:44:25 - [MESSAGE][PASSED] - Actual object '100' and expected object '100' are equal

2020-09-08 11:44:25 - [MESSAGE][PASSED] -  subTotals amount - Expected Value : 100.0 is matching with Actual Value : 100.0

2020-09-08 11:44:28 - [MESSAGE][PASSED] - Delayed 3 second(s)

2020-09-08 11:44:28 - [MESSAGE][PASSED] - Actual object '90/10' and expected object '90/10' are equal

2020-09-08 11:44:28 - [MESSAGE][PASSED] -  fundRatio  - Expected Value : 90/10 is matching with Actual Value : 90/10

2020-09-08 11:44:28 - [MESSAGE][PASSED] - Actual object '315' and expected object '315' are equal

2020-09-08 11:44:28 - [MESSAGE][PASSED] - Federal Share amount - Expected Value : 315.0 is matching with Actual Value : 315.0

2020-09-08 11:44:28 - [MESSAGE][PASSED] - Actual object '35' and expected object '35' are equal

2020-09-08 11:44:28 - [MESSAGE][PASSED] - Non Federal Share amount - Expected Value : 35.0 is matching with Actual Value : 35.0

2020-09-08 11:44:28 - [MESSAGE][PASSED] - Actual object '350' and expected object '350' are equal

2020-09-08 11:44:28 - [MESSAGE][PASSED] -  subTotals amount - Expected Value : 350.0 is matching with Actual Value : 350.0

2020-09-08 11:44:31 - [MESSAGE][PASSED] - Delayed 3 second(s)

2020-09-08 11:44:31 - [MESSAGE][PASSED] - Actual object '90/10' and expected object '90/10' are equal

2020-09-08 11:44:31 - [MESSAGE][PASSED] -  fundRatio  - Expected Value : 90/10 is matching with Actual Value : 90/10

2020-09-08 11:44:31 - [MESSAGE][PASSED] - Actual object '280' and expected object '280' are equal

2020-09-08 11:44:31 - [MESSAGE][PASSED] - Federal Share amount - Expected Value : 280.0 is matching with Actual Value : 280.0

2020-09-08 11:44:31 - [MESSAGE][PASSED] - Actual object '220' and expected object '220' are equal

2020-09-08 11:44:31 - [MESSAGE][PASSED] - Non Federal Share amount - Expected Value : 220.0 is matching with Actual Value : 220.0

2020-09-08 11:44:32 - [MESSAGE][PASSED] - Actual object '500' and expected object '500' are equal

2020-09-08 11:44:32 - [MESSAGE][PASSED] -  subTotals amount - Expected Value : 500.0 is matching with Actual Value : 500.0

2020-09-08 11:44:35 - [MESSAGE][PASSED] - Delayed 3 second(s)

2020-09-08 11:44:35 - [MESSAGE][PASSED] - Actual object '56/44' and expected object '56/44' are equal

2020-09-08 11:44:35 - [MESSAGE][PASSED] -  fundRatio  - Expected Value : 56/44 is matching with Actual Value : 56/44

2020-09-08 11:44:35 - [MESSAGE][PASSED] - Actual object '5.77' and expected object '5.77' are equal

2020-09-08 11:44:35 - [MESSAGE][PASSED] - Federal Share amount - Expected Value : 5.77 is matching with Actual Value : 5.77

2020-09-08 11:44:35 - [MESSAGE][PASSED] - Actual object '4.54' and expected object '4.54' are equal

2020-09-08 11:44:35 - [MESSAGE][PASSED] - Non Federal Share amount - Expected Value : 4.54 is matching with Actual Value : 4.54

2020-09-08 11:44:35 - [MESSAGE][PASSED] - Actual object '10.31' and expected object '10.31' are equal

2020-09-08 11:44:35 - [MESSAGE][PASSED] -  subTotals amount - Expected Value : 10.31 is matching with Actual Value : 10.31

2020-09-08 11:44:38 - [MESSAGE][PASSED] - Delayed 3 second(s)

2020-09-08 11:44:38 - [MESSAGE][PASSED] - Actual object '56/44' and expected object '56/44' are equal

2020-09-08 11:44:38 - [MESSAGE][PASSED] -  fundRatio  - Expected Value : 56/44 is matching with Actual Value : 56/44

2020-09-08 11:44:38 - [MESSAGE][PASSED] - Actual object '-11.12' and expected object '-11.12' are equal

2020-09-08 11:44:38 - [MESSAGE][PASSED] - Federal Share amount - Expected Value : -11.12 is matching with Actual Value : -11.12

2020-09-08 11:44:38 - [MESSAGE][PASSED] - Actual object '-1.23' and expected object '-1.23' are equal

2020-09-08 11:44:38 - [MESSAGE][PASSED] - Non Federal Share amount - Expected Value : -1.23 is matching with Actual Value : -1.23

2020-09-08 11:44:38 - [MESSAGE][PASSED] - Actual object '-12.35' and expected object '-12.35' are equal

2020-09-08 11:44:38 - [MESSAGE][PASSED] -  subTotals amount - Expected Value : -12.35 is matching with Actual Value : -12.35

2020-09-08 11:44:41 - [MESSAGE][PASSED] - Delayed 3 second(s)

2020-09-08 11:44:41 - [MESSAGE][PASSED] - Actual object '90/10' and expected object '90/10' are equal

2020-09-08 11:44:41 - [MESSAGE][PASSED] -  fundRatio  - Expected Value : 90/10 is matching with Actual Value : 90/10

2020-09-08 11:44:41 - [MESSAGE][PASSED] - Actual object '-135' and expected object '-135' are equal

2020-09-08 11:44:41 - [MESSAGE][PASSED] - Federal Share amount - Expected Value : -135.0 is matching with Actual Value : -135.0

2020-09-08 11:44:41 - [MESSAGE][PASSED] - Actual object '-15' and expected object '-15' are equal

2020-09-08 11:44:41 - [MESSAGE][PASSED] - Non Federal Share amount - Expected Value : -15.0 is matching with Actual Value : -15.0

2020-09-08 11:44:41 - [MESSAGE][PASSED] - Actual object '-150' and expected object '-150' are equal

2020-09-08 11:44:41 - [MESSAGE][PASSED] -  subTotals amount - Expected Value : -150.0 is matching with Actual Value : -150.0

2020-09-08 11:44:44 - [MESSAGE][PASSED] - Delayed 3 second(s)

2020-09-08 11:44:44 - [MESSAGE][PASSED] - Actual object '90/10' and expected object '90/10' are equal

2020-09-08 11:44:44 - [MESSAGE][PASSED] -  fundRatio  - Expected Value : 90/10 is matching with Actual Value : 90/10

2020-09-08 11:44:44 - [MESSAGE][PASSED] - Actual object '450' and expected object '450' are equal

2020-09-08 11:44:44 - [MESSAGE][PASSED] -  Line Total Amount  Expected Value : 450.0 is matching with Actual Value : 450.0

2020-09-08 11:44:44 - [MESSAGE][PASSED] - Actual object '500' and expected object '500' are equal

2020-09-08 11:44:44 - [MESSAGE][PASSED] -  Line Total Amount  Expected Value : 500.0 is matching with Actual Value : 500.0

2020-09-08 11:44:44 - [MESSAGE][PASSED] - Actual object '10.31' and expected object '10.31' are equal

2020-09-08 11:44:44 - [MESSAGE][PASSED] -  Line Total Amount  Expected Value : 10.31 is matching with Actual Value : 10.31

2020-09-08 11:44:44 - [MESSAGE][PASSED] - Actual object '-162.35' and expected object '-162.35' are equal

2020-09-08 11:44:44 - [MESSAGE][PASSED] -  Line Total Amount  Expected Value : -162.35 is matching with Actual Value : -162.35

2020-09-08 11:44:44 - [MESSAGE][PASSED] - Object: 'Object Repository/FDR-VoucherEntry/VoucherHeader/expandButton' is clicked on

2020-09-08 11:44:44 - [MESSAGE][PASSED] - Text of object 'Object Repository/FDR-VoucherEntry/VoucherHeader/drawDate' is: '09/23/2020'

2020-09-08 11:44:45 - [MESSAGE][PASSED] - Text of object 'Object Repository/FDR-VoucherEntry/VoucherHeader/payDate' is: '09/25/2020'

2020-09-08 11:44:45 - [MESSAGE][PASSED] - Text of object 'Object Repository/FDR-VoucherEntry/VoucherHeader/supplier' is: '0000007954-1'

2020-09-08 11:44:45 - [MESSAGE][PASSED] - Text of object 'Object Repository/FDR-VoucherEntry/VoucherHeader/supplierName' is: 'ON LOK SENIOR HEALTH SERVICES'

2020-09-08 11:44:46 - [MESSAGE][PASSED] - Text of object 'Object Repository/FDR-VoucherEntry/VoucherHeader/contract' is: '07-65707'

2020-09-08 11:44:46 - [MESSAGE][PASSED] - Text of object 'Object Repository/FDR-VoucherEntry/VoucherHeader/fundCode' is: '0912'

2020-09-08 11:44:46 - [MESSAGE][PASSED] - Text of object 'Object Repository/FDR-VoucherEntry/VoucherHeader/vendorMessage' is: 'This message will print on the Remittance Advice'

2020-09-08 11:44:46 - [MESSAGE][PASSED] - Actual object '0000007954-1' and expected object '0000007954-1' are equal

2020-09-08 11:44:46 - [MESSAGE][PASSED] - Voucher supplier - Expected Value : 0000007954-1 is matching with Actual Value : 0000007954-1

2020-09-08 11:44:46 - [MESSAGE][PASSED] - Actual object 'ON LOK SENIOR HEALTH SERVICES' and expected object 'ON LOK SENIOR HEALTH SERVICES' are equal

2020-09-08 11:44:46 - [MESSAGE][PASSED] - Voucher supplierName - Expected Value : ON LOK SENIOR HEALTH SERVICES is matching with Actual Value : ON LOK SENIOR HEALTH SERVICES

2020-09-08 11:44:46 - [MESSAGE][PASSED] - Actual object '07-65707' and expected object '07-65707' are equal

2020-09-08 11:44:46 - [MESSAGE][PASSED] - Voucher contract - Expected Value : 07-65707 is matching with Actual Value : 07-65707

2020-09-08 11:44:46 - [MESSAGE][PASSED] - Actual object '0912' and expected object '0912' are equal

2020-09-08 11:44:46 - [MESSAGE][PASSED] - Voucher fundCode - Expected Value : 0912 is matching with Actual Value : 0912

2020-09-08 11:44:46 - [MESSAGE][PASSED] - Actual object 'This message will print on the Remittance Advice' and expected object 'This message will print on the Remittance Advice' are equal

2020-09-08 11:44:46 - [MESSAGE][PASSED] - Voucher vendorMessage - Expected Value : This message will print on the Remittance Advice is matching with Actual Value : This message will print on the Remittance Advice

2020-09-08 11:44:46 - [MESSAGE][PASSED] - Actual object '544.65' and expected object '544.65' are equal

2020-09-08 11:44:46 - [MESSAGE][PASSED] - Federal Share Total  amount - Expected Value : 544.65 is matching with Actual Value : 544.65

2020-09-08 11:44:46 - [MESSAGE][PASSED] - Actual object '253.31' and expected object '253.31' are equal

2020-09-08 11:44:46 - [MESSAGE][PASSED] - Non Federal Share Total amount - Expected Value : 253.31 is matching with Actual Value : 253.31

2020-09-08 11:44:46 - [MESSAGE][PASSED] - Actual object '797.96' and expected object '797.96' are equal

2020-09-08 11:44:46 - [MESSAGE][PASSED] -  Total amount Expected Value : 797.96 is matching with Actual Value : 797.96

2020-09-08 11:44:46 - [TEST_STEP][PASSED] - Start tear down : tearDownTestCase: Method 'tearDownTestCase' complete successfully

2020-09-08 11:44:46 - [MESSAGE][PASSED] - Method 'tearDownTestCase' complete successfully

2020-09-08 11:44:46 - [TEST_STEP][PASSED] - Start listener action : sampleAfterTestCase: null

2020-09-08 11:44:46 - [TEST_STEP][PASSED] - profileName = getExecutionProfile(): null

2020-09-08 11:44:46 - [TEST_STEP][PASSED] - switch (profileName): null

2020-09-08 11:44:46 - [TEST_STEP][PASSED] - case "superUser":: null

2020-09-08 11:44:46 - [TEST_STEP][PASSED] - return null: null

2020-09-08 11:44:46 - [TEST_STEP][PASSED] - Start listener action : afterTestCase: null

2020-09-08 11:44:46 - [TEST_STEP][PASSED] - profileName = getExecutionProfile(): null

2020-09-08 11:44:46 - [TEST_STEP][PASSED] - if (profileName.equalsIgnoreCase("SysAdmin")): null

2020-09-08 11:44:46 - [TEST_STEP][PASSED] - Start listener action : sampleAfterTestCase: null

2020-09-08 11:44:46 - [TEST_STEP][PASSED] - profileName = getExecutionProfile(): null

2020-09-08 11:44:46 - [TEST_STEP][PASSED] - switch (profileName): null

2020-09-08 11:44:46 - [TEST_STEP][PASSED] - case "Voucher":: null

2020-09-08 11:44:46 - [TEST_STEP][PASSED] - Uifunctions.logoutFDR(): Browser is closed

2020-09-08 11:44:47 - [MESSAGE][PASSED] - Browser is closed

2020-09-08 11:44:47 - [TEST_STEP][PASSED] - break: null

2020-09-08 11:44:47 - [TEST_STEP][PASSED] - Start listener action : addFailedTCToList: null]]></system-out>
         <system-err><![CDATA[]]></system-err>
      </testcase>
      <testcase name="Test Cases/WEB-UI-TESTS/Voucher/FDR-Delete-Undo-Voucher-Line" time="202.106" classname="Test Cases/WEB-UI-TESTS/Voucher/FDR-Delete-Undo-Voucher-Line" status="PASSED">
         <system-out><![CDATA[2020-09-08 11:44:47 - [TEST_CASE][PASSED] - Test Cases/WEB-UI-TESTS/Voucher/FDR-Delete-Undo-Voucher-Line: Test Cases/WEB-UI-TESTS/Voucher/FDR-Delete-Undo-Voucher-Line

2020-09-08 11:44:47 - [TEST_STEP][PASSED] - Start listener action : sampleBeforeTestCase: null

2020-09-08 11:44:47 - [TEST_STEP][PASSED] - profileName = getExecutionProfile(): null

2020-09-08 11:44:47 - [TEST_STEP][PASSED] - switch (profileName): null

2020-09-08 11:44:47 - [TEST_STEP][PASSED] - case "superUser":: null

2020-09-08 11:44:47 - [TEST_STEP][PASSED] - return null: null

2020-09-08 11:44:47 - [TEST_STEP][PASSED] - Start listener action : beforeTestCase: null

2020-09-08 11:44:47 - [TEST_STEP][PASSED] - profileName = getExecutionProfile(): null

2020-09-08 11:44:47 - [TEST_STEP][PASSED] - if (profileName.equalsIgnoreCase("SysAdmin")): null

2020-09-08 11:44:47 - [TEST_STEP][PASSED] - Start listener action : sampleBeforeTestCase: Navigate to 'https://fdr-katalon.cammis-mod-dev.dhcs.ca.gov' successfully

2020-09-08 11:44:47 - [TEST_STEP][PASSED] - profileName = getExecutionProfile(): null

2020-09-08 11:44:47 - [TEST_STEP][PASSED] - testCaseId = testCaseContext.getTestCaseId(): null

2020-09-08 11:44:47 - [TEST_STEP][PASSED] - switch (profileName): null

2020-09-08 11:44:47 - [TEST_STEP][PASSED] - case "Voucher":: null

2020-09-08 11:44:47 - [TEST_STEP][PASSED] - Uifunctions.loginFDR(accountsApproverAcc2, accountsApproverAcc2Pwd): Object: 'Object Repository/FDR-SignIn/SignInButton' is clicked on

2020-09-08 11:44:47 - [MESSAGE][INFO] - Starting 'Chrome' driver

2020-09-08 11:44:47 - [MESSAGE][INFO] - Action delay is set to 0 milliseconds

2020-09-08 11:44:50 - [MESSAGE][PASSED] - Browser is opened with url: ''

2020-09-08 11:44:53 - [MESSAGE][PASSED] - Current window maximized

2020-09-08 11:44:54 - [MESSAGE][PASSED] - Navigate to 'https://fdr-katalon.cammis-mod-dev.dhcs.ca.gov' successfully

2020-09-08 11:44:55 - [MESSAGE][PASSED] - Object 'Object Repository/FDR-SignIn/SignInEmail' is present

2020-09-08 11:44:56 - [MESSAGE][PASSED] - Object: 'Object Repository/FDR-SignIn/SignInEmail' is clicked on

2020-09-08 11:44:56 - [MESSAGE][PASSED] - Object 'Object Repository/FDR-SignIn/SignInEmail' is present

2020-09-08 11:44:57 - [MESSAGE][PASSED] - Text 'fdr.test2@dhcs.ca.gov' is set on object 'Object Repository/FDR-SignIn/SignInEmail'

2020-09-08 11:44:57 - [MESSAGE][PASSED] - Object 'Object Repository/FDR-SignIn/SignInEmailNext' is visible

2020-09-08 11:44:57 - [MESSAGE][PASSED] - Object: 'Object Repository/FDR-SignIn/SignInEmailNext' is clicked on

2020-09-08 11:45:01 - [MESSAGE][PASSED] - Object 'Object Repository/FDR-SignIn/SignInEmailPassword' is visible

2020-09-08 11:45:02 - [MESSAGE][PASSED] - Object: 'Object Repository/FDR-SignIn/SignInEmailPassword' is clicked on

2020-09-08 11:45:03 - [MESSAGE][PASSED] - Text ****** has been set on object 'Object Repository/FDR-SignIn/SignInEmailPassword'

2020-09-08 11:45:06 - [MESSAGE][PASSED] - Object: 'Object Repository/FDR-SignIn/SignInButton' is clicked on

2020-09-08 11:45:06 - [TEST_STEP][PASSED] - break: null

2020-09-08 11:45:06 - [TEST_STEP][PASSED] - navigateToUrl(URL): Navigate to 'https://fdr-katalon.cammis-mod-dev.dhcs.ca.gov' successfully

2020-09-08 11:45:07 - [MESSAGE][PASSED] - Navigate to 'https://fdr-katalon.cammis-mod-dev.dhcs.ca.gov' successfully

2020-09-08 11:45:07 - [TEST_STEP][PASSED] - Start listener action : executeRows: null

2020-09-08 11:45:07 - [TEST_STEP][PASSED] - Start setup action : setupTestCase: Method 'setupTestCase' complete successfully

2020-09-08 11:45:07 - [MESSAGE][PASSED] - Method 'setupTestCase' complete successfully

2020-09-08 11:45:08 - [TEST_STEP][PASSED] - callTestCase(findTestCase("WEB-UI-TESTS/Voucher/FDR-Create-Simple-Voucher"), ["drawDate":drawDate, "payDate":payDate, "programType":programType, "invoiceType":invoiceType, "fundCode":fundCode, "supplier":supplier, ... ], STOP_ON_FAILURE): Call Test Case 'Test Cases/WEB-UI-TESTS/Voucher/FDR-Create-Simple-Voucher' successfully

2020-09-08 11:45:08 - [TEST_CASE][PASSED] - Test Cases/WEB-UI-TESTS/Voucher/FDR-Create-Simple-Voucher: Test Cases/WEB-UI-TESTS/Voucher/FDR-Create-Simple-Voucher

2020-09-08 11:45:08 - [TEST_STEP][PASSED] - voucherHeaderData = ["drawDate":drawDate, "payDate":payDate, "programType":programType, "invoiceType":invoiceType, "fundCode":fundCode, "supplier":supplier, ... ]: null

2020-09-08 11:45:08 - [TEST_STEP][PASSED] - Uifunctions.createVoucherHeader(voucherHeaderData): Object 'Object Repository/FDR-VoucherEntry/VoucherHeader/reviewButton' is present

2020-09-08 11:45:10 - [MESSAGE][PASSED] - Object 'Object Repository/FDR-Dashboard/createNewVoucherButton' is present

2020-09-08 11:45:11 - [MESSAGE][PASSED] - Object: 'Object Repository/FDR-Dashboard/createNewVoucherButton' is clicked on

2020-09-08 11:45:15 - [MESSAGE][INFO] - Unable to find the element located by 'By.xpath: //*[@data-id='action-button']//*[contains(text(),'Review')]'. Please recheck the objects properties to make sure the desired element is located. 

2020-09-08 11:45:15 - [MESSAGE][WARNING] - Object 'Object Repository/FDR-VoucherEntry/VoucherHeader/reviewButton' is not present after 3 second(s)

2020-09-08 11:45:15 - [MESSAGE][PASSED] - Object: 'Object Repository/FDR-VoucherEntry/Voucher/drawDate' is clicked on

2020-09-08 11:45:17 - [MESSAGE][INFO] - Unable to find the element located by 'By.xpath: //*[@data-id='button-link']//*[contains(text(),'Create New Voucher')]'. Please recheck the objects properties to make sure the desired element is located. 

2020-09-08 11:45:17 - [MESSAGE][WARNING] - Object 'Object Repository/FDR-Dashboard/createNewVoucherButton' is not present after 1 second(s)

2020-09-08 11:45:19 - [MESSAGE][PASSED] - Text '09/23/2020' is set on object 'Object Repository/FDR-VoucherEntry/Voucher/drawDate'

2020-09-08 11:45:23 - [MESSAGE][INFO] - Unable to find the element located by 'By.xpath: //*[@data-id='button-link']//*[contains(text(),'Create New Voucher')]'. Please recheck the objects properties to make sure the desired element is located. 

2020-09-08 11:45:23 - [MESSAGE][WARNING] - Object 'Object Repository/FDR-Dashboard/createNewVoucherButton' is not present after 3 second(s)

2020-09-08 11:45:23 - [MESSAGE][PASSED] - Object: 'Object Repository/FDR-VoucherEntry/Voucher/programType' is clicked on

2020-09-08 11:45:26 - [MESSAGE][INFO] - Unable to find the element located by 'By.xpath: //*[@data-id='button-link']//*[contains(text(),'Create New Voucher')]'. Please recheck the objects properties to make sure the desired element is located. 

2020-09-08 11:45:26 - [MESSAGE][WARNING] - Object 'Object Repository/FDR-Dashboard/createNewVoucherButton' is not present after 2 second(s)

2020-09-08 11:45:27 - [MESSAGE][PASSED] - Keys 'Medical Assistance (MA)' sent to object: 'Object Repository/FDR-VoucherEntry/Voucher/programType'

2020-09-08 11:45:27 - [MESSAGE][PASSED] - Object 'Object Repository/FDR-VoucherEntry/Voucher/programType' is present

2020-09-08 11:45:28 - [MESSAGE][PASSED] - Keys 'DOWN + ENTER + ' sent to object: 'Object Repository/FDR-VoucherEntry/Voucher/programType'

2020-09-08 11:45:28 - [MESSAGE][PASSED] - Object: 'Object Repository/FDR-VoucherEntry/Voucher/invoiceType' is clicked on

2020-09-08 11:45:29 - [MESSAGE][PASSED] - Object 'Object Repository/FDR-VoucherEntry/Voucher/invoiceType' is present

2020-09-08 11:45:29 - [MESSAGE][PASSED] - Keys 'CAP' sent to object: 'Object Repository/FDR-VoucherEntry/Voucher/invoiceType'

2020-09-08 11:45:29 - [MESSAGE][PASSED] - Keys 'DOWN + ENTER + ' sent to object: 'Object Repository/FDR-VoucherEntry/Voucher/invoiceType'

2020-09-08 11:45:30 - [MESSAGE][PASSED] - Object: 'Object Repository/FDR-VoucherEntry/Voucher/fundCode' is clicked on

2020-09-08 11:45:31 - [MESSAGE][PASSED] - Keys 'Health Care Deposit Fund (0912)' sent to object: 'Object Repository/FDR-VoucherEntry/Voucher/fundCode'

2020-09-08 11:45:31 - [MESSAGE][PASSED] - Object 'Object Repository/FDR-VoucherEntry/Voucher/fundCode' is present

2020-09-08 11:45:31 - [MESSAGE][PASSED] - Keys 'DOWN + ENTER + ' sent to object: 'Object Repository/FDR-VoucherEntry/Voucher/fundCode'

2020-09-08 11:45:32 - [MESSAGE][PASSED] - Object: 'Object Repository/FDR-VoucherEntry/Voucher/supplierID' is clicked on

2020-09-08 11:45:32 - [MESSAGE][PASSED] - Keys '0000007954' sent to object: 'Object Repository/FDR-VoucherEntry/Voucher/supplierID'

2020-09-08 11:45:33 - [MESSAGE][PASSED] - Object 'Object Repository/FDR-VoucherEntry/Voucher/supplierID' is present

2020-09-08 11:45:33 - [MESSAGE][PASSED] - Keys 'DOWN + ENTER + ' sent to object: 'Object Repository/FDR-VoucherEntry/Voucher/supplierID'

2020-09-08 11:45:34 - [MESSAGE][PASSED] - Object: 'Object Repository/FDR-VoucherEntry/Voucher/seqNum' is clicked on

2020-09-08 11:45:35 - [MESSAGE][PASSED] - Object 'Object Repository/FDR-VoucherEntry/Voucher/seqNum' is present

2020-09-08 11:45:35 - [MESSAGE][PASSED] - Keys 'DOWN + ENTER + ' sent to object: 'Object Repository/FDR-VoucherEntry/Voucher/seqNum'

2020-09-08 11:45:35 - [MESSAGE][PASSED] - Object: 'Object Repository/FDR-VoucherEntry/Voucher/contractNum' is clicked on

2020-09-08 11:45:36 - [MESSAGE][PASSED] - Keys '07-65707' sent to object: 'Object Repository/FDR-VoucherEntry/Voucher/contractNum'

2020-09-08 11:45:36 - [MESSAGE][PASSED] - Object 'Object Repository/FDR-VoucherEntry/Voucher/contractNum' is present

2020-09-08 11:45:37 - [MESSAGE][PASSED] - Keys 'DOWN + ENTER + ' sent to object: 'Object Repository/FDR-VoucherEntry/Voucher/contractNum'

2020-09-08 11:45:39 - [MESSAGE][PASSED] - Text 'This message will print on the Remittance Advice' is set on object 'Object Repository/FDR-VoucherEntry/Voucher/vendorMessage'

2020-09-08 11:45:40 - [MESSAGE][PASSED] - Object: 'Object Repository/FDR-VoucherEntry/Voucher/primaryContact' is clicked on

2020-09-08 11:45:40 - [MESSAGE][PASSED] - Keys 'Aung Lin' sent to object: 'Object Repository/FDR-VoucherEntry/Voucher/primaryContact'

2020-09-08 11:45:41 - [MESSAGE][PASSED] - Object 'Object Repository/FDR-VoucherEntry/Voucher/primaryContact' is present

2020-09-08 11:45:41 - [MESSAGE][PASSED] - Keys 'DOWN + ENTER + ' sent to object: 'Object Repository/FDR-VoucherEntry/Voucher/primaryContact'

2020-09-08 11:45:41 - [MESSAGE][PASSED] - Object: 'Object Repository/FDR-VoucherEntry/Voucher/secondaryContact' is clicked on

2020-09-08 11:45:42 - [MESSAGE][PASSED] - Keys 'Vivian Ly' sent to object: 'Object Repository/FDR-VoucherEntry/Voucher/secondaryContact'

2020-09-08 11:45:42 - [MESSAGE][PASSED] - Object 'Object Repository/FDR-VoucherEntry/Voucher/secondaryContact' is present

2020-09-08 11:45:43 - [MESSAGE][PASSED] - Object 'Object Repository/FDR-VoucherEntry/Voucher/secondaryContact' is present

2020-09-08 11:45:43 - [MESSAGE][PASSED] - Keys 'DOWN + ENTER + ' sent to object: 'Object Repository/FDR-VoucherEntry/Voucher/secondaryContact'

2020-09-08 11:45:44 - [MESSAGE][PASSED] - Object: 'Object Repository/FDR-VoucherEntry/Voucher/buttonNext' is clicked on

2020-09-08 11:45:47 - [MESSAGE][PASSED] - Delayed 3 second(s)

2020-09-08 11:45:47 - [MESSAGE][PASSED] - Object 'Object Repository/FDR-VoucherEntry/VoucherHeader/reviewButton' is present

2020-09-08 11:45:47 - [TEST_STEP][PASSED] - waitForElementPresent(findTestObject("FDR-Dashboard/createNewVoucherButton"), 4): Object 'Object Repository/FDR-Dashboard/createNewVoucherButton' is not present after 4 second(s)

2020-09-08 11:45:52 - [MESSAGE][INFO] - Unable to find the element located by 'By.xpath: //*[@data-id='button-link']//*[contains(text(),'Create New Voucher')]'. Please recheck the objects properties to make sure the desired element is located. 

2020-09-08 11:45:52 - [MESSAGE][WARNING] - Object 'Object Repository/FDR-Dashboard/createNewVoucherButton' is not present after 4 second(s)

2020-09-08 11:45:52 - [TEST_STEP][PASSED] - Uifunctions.createInvoiceLine(1): Object 'Object Repository/FDR-VoucherEntry/VoucherHeader/reviewButton' is present

2020-09-08 11:45:52 - [MESSAGE][PASSED] - Object 'Object Repository/FDR-VoucherEntry/VoucherHeader/reviewButton' is present

2020-09-08 11:45:55 - [MESSAGE][INFO] - Unable to find the element located by 'By.xpath: //*[contains(text(),'Add voucher')]//parent::button'. Please recheck the objects properties to make sure the desired element is located. 

2020-09-08 11:45:55 - [MESSAGE][WARNING] - Object 'Object Repository/FDR-VoucherEntry/InvoiceLine/addVoucherButton' is not present after 2 second(s)

2020-09-08 11:45:56 - [MESSAGE][PASSED] - Object 'Object Repository/FDR-VoucherEntry/InvoiceLine/invoice' is clickable

2020-09-08 11:45:56 - [MESSAGE][PASSED] - Object: 'Object Repository/FDR-VoucherEntry/InvoiceLine/invoice' is clicked on

2020-09-08 11:45:57 - [MESSAGE][PASSED] - Text '6040' is set on object 'Object Repository/FDR-VoucherEntry/InvoiceLine/invoice'

2020-09-08 11:45:57 - [MESSAGE][PASSED] - Object: 'Object Repository/FDR-VoucherEntry/InvoiceLine/invoiceDate' is clicked on

2020-09-08 11:45:58 - [MESSAGE][PASSED] - Object 'Object Repository/FDR-VoucherEntry/InvoiceLine/invoiceDate' is present

2020-09-08 11:45:58 - [MESSAGE][PASSED] - Text '09/08/2020' is set on object 'Object Repository/FDR-VoucherEntry/InvoiceLine/invoiceDate'

2020-09-08 11:45:59 - [MESSAGE][PASSED] - Object: 'Object Repository/FDR-VoucherEntry/InvoiceLine/originalWarrantDate' is clicked on

2020-09-08 11:46:00 - [MESSAGE][PASSED] - Text '09/09/2020' is set on object 'Object Repository/FDR-VoucherEntry/InvoiceLine/originalWarrantDate'

2020-09-08 11:46:00 - [MESSAGE][PASSED] - Object 'Object Repository/FDR-VoucherEntry/InvoiceLine/addInvoiceLineButton' is present

2020-09-08 11:46:01 - [MESSAGE][PASSED] - Object: 'Object Repository/FDR-VoucherEntry/InvoiceLine/addInvoiceLineButtonIndex2' is clicked on

2020-09-08 11:46:02 - [MESSAGE][PASSED] - Object 'Object Repository/FDR-VoucherEntry/VoucherHeader/reviewButton' is present

2020-09-08 11:46:02 - [TEST_STEP][PASSED] - waitForElementClickable(findTestObject("FDR-VoucherEntry/InvoiceLine/invoiceLineExpandButton"), 5): Object 'Object Repository/FDR-VoucherEntry/InvoiceLine/invoiceLineExpandButton' is clickable

2020-09-08 11:46:02 - [MESSAGE][PASSED] - Object 'Object Repository/FDR-VoucherEntry/InvoiceLine/invoiceLineExpandButton' is clickable

2020-09-08 11:46:02 - [TEST_STEP][PASSED] - click(findTestObject("FDR-VoucherEntry/InvoiceLine/invoiceLineExpandButton")): Object: 'Object Repository/FDR-VoucherEntry/InvoiceLine/invoiceLineExpandButton' is clicked on

2020-09-08 11:46:03 - [MESSAGE][PASSED] - Object: 'Object Repository/FDR-VoucherEntry/InvoiceLine/invoiceLineExpandButton' is clicked on

2020-09-08 11:46:03 - [TEST_STEP][PASSED] - waitForElementPresent(findTestObject("FDR-Dashboard/createNewVoucherButton"), 4): Object 'Object Repository/FDR-Dashboard/createNewVoucherButton' is not present after 4 second(s)

2020-09-08 11:46:08 - [MESSAGE][INFO] - Unable to find the element located by 'By.xpath: //*[@data-id='button-link']//*[contains(text(),'Create New Voucher')]'. Please recheck the objects properties to make sure the desired element is located. 

2020-09-08 11:46:08 - [MESSAGE][WARNING] - Object 'Object Repository/FDR-Dashboard/createNewVoucherButton' is not present after 4 second(s)

2020-09-08 11:46:08 - [TEST_STEP][PASSED] - click(findTestObject("FDR-VoucherEntry/InvoiceLine/invoiceAddlineButton")): Object: 'Object Repository/FDR-VoucherEntry/InvoiceLine/invoiceAddlineButton' is clicked on

2020-09-08 11:46:09 - [MESSAGE][PASSED] - Object: 'Object Repository/FDR-VoucherEntry/InvoiceLine/invoiceAddlineButton' is clicked on

2020-09-08 11:46:09 - [TEST_STEP][PASSED] - Uifunctions.createDistributionLines(1, "Voucher/FDR-DL"): Object: 'Object Repository/FDR-VoucherEntry/DistributionLine/addSaveButton' is clicked on

2020-09-08 11:46:13 - [MESSAGE][INFO] - Unable to find the element located by 'By.xpath: //*[@data-id='button-link']//*[contains(text(),'Create New Voucher')]'. Please recheck the objects properties to make sure the desired element is located. 

2020-09-08 11:46:13 - [MESSAGE][WARNING] - Object 'Object Repository/FDR-Dashboard/createNewVoucherButton' is not present after 3 second(s)

2020-09-08 11:46:16 - [MESSAGE][INFO] - Unable to find the element located by 'By.xpath: //*[@data-id='button-link']//*[contains(text(),'Create New Voucher')]'. Please recheck the objects properties to make sure the desired element is located. 

2020-09-08 11:46:16 - [MESSAGE][WARNING] - Object 'Object Repository/FDR-Dashboard/createNewVoucherButton' is not present after 2 second(s)

2020-09-08 11:46:16 - [MESSAGE][PASSED] - Object 'Object Repository/FDR-VoucherEntry/DistributionLine/serviceDateFrom' is clickable

2020-09-08 11:46:17 - [MESSAGE][PASSED] - Object: 'Object Repository/FDR-VoucherEntry/DistributionLine/serviceDateFrom' is clicked on

2020-09-08 11:46:17 - [MESSAGE][PASSED] - Object 'Object Repository/FDR-VoucherEntry/DistributionLine/serviceDateFrom' is present

2020-09-08 11:46:18 - [MESSAGE][PASSED] - Text '08/04/2020' is set on object 'Object Repository/FDR-VoucherEntry/DistributionLine/serviceDateFrom'

2020-09-08 11:46:18 - [MESSAGE][PASSED] - Object: 'Object Repository/FDR-VoucherEntry/DistributionLine/serviceDateTo' is clicked on

2020-09-08 11:46:18 - [MESSAGE][PASSED] - Object 'Object Repository/FDR-VoucherEntry/DistributionLine/serviceDateTo' is present

2020-09-08 11:46:19 - [MESSAGE][PASSED] - Text '08/05/2020' is set on object 'Object Repository/FDR-VoucherEntry/DistributionLine/serviceDateTo'

2020-09-08 11:46:23 - [MESSAGE][INFO] - Unable to find the element located by 'By.xpath: //*[@data-id='button-link']//*[contains(text(),'Create New Voucher')]'. Please recheck the objects properties to make sure the desired element is located. 

2020-09-08 11:46:23 - [MESSAGE][WARNING] - Object 'Object Repository/FDR-Dashboard/createNewVoucherButton' is not present after 2 second(s)

2020-09-08 11:46:23 - [MESSAGE][PASSED] - Object: 'Object Repository/FDR-VoucherEntry/DistributionLine/amount' is clicked on

2020-09-08 11:46:23 - [MESSAGE][PASSED] - Execute JavaScript 'arguments[0].value='';' successfully

2020-09-08 11:46:24 - [MESSAGE][PASSED] - Keys '100' sent to object: 'Object Repository/FDR-VoucherEntry/DistributionLine/amount'

2020-09-08 11:46:26 - [MESSAGE][INFO] - Unable to find the element located by 'By.xpath: //*[@data-id='button-link']//*[contains(text(),'Create New Voucher')]'. Please recheck the objects properties to make sure the desired element is located. 

2020-09-08 11:46:26 - [MESSAGE][WARNING] - Object 'Object Repository/FDR-Dashboard/createNewVoucherButton' is not present after 1 second(s)

2020-09-08 11:46:27 - [MESSAGE][PASSED] - Object: 'Object Repository/FDR-VoucherEntry/DistributionLine/waiverType' is clicked on

2020-09-08 11:46:29 - [MESSAGE][INFO] - Unable to find the element located by 'By.xpath: //*[@data-id='button-link']//*[contains(text(),'Create New Voucher')]'. Please recheck the objects properties to make sure the desired element is located. 

2020-09-08 11:46:29 - [MESSAGE][WARNING] - Object 'Object Repository/FDR-Dashboard/createNewVoucherButton' is not present after 1 second(s)

2020-09-08 11:46:29 - [MESSAGE][PASSED] - Keys '1115' sent to object: 'Object Repository/FDR-VoucherEntry/DistributionLine/waiverType'

2020-09-08 11:46:32 - [MESSAGE][INFO] - Unable to find the element located by 'By.xpath: //*[@data-id='button-link']//*[contains(text(),'Create New Voucher')]'. Please recheck the objects properties to make sure the desired element is located. 

2020-09-08 11:46:32 - [MESSAGE][WARNING] - Object 'Object Repository/FDR-Dashboard/createNewVoucherButton' is not present after 2 second(s)

2020-09-08 11:46:33 - [MESSAGE][PASSED] - Keys 'DOWN + ENTER + ' sent to object: 'Object Repository/FDR-VoucherEntry/DistributionLine/waiverType'

2020-09-08 11:46:33 - [MESSAGE][PASSED] - Object: 'Object Repository/FDR-VoucherEntry/DistributionLine/waiverName' is clicked on

2020-09-08 11:46:34 - [MESSAGE][PASSED] - Keys 'CBAS' sent to object: 'Object Repository/FDR-VoucherEntry/DistributionLine/waiverName'

2020-09-08 11:46:37 - [MESSAGE][INFO] - Unable to find the element located by 'By.xpath: //*[@data-id='button-link']//*[contains(text(),'Create New Voucher')]'. Please recheck the objects properties to make sure the desired element is located. 

2020-09-08 11:46:37 - [MESSAGE][WARNING] - Object 'Object Repository/FDR-Dashboard/createNewVoucherButton' is not present after 2 second(s)

2020-09-08 11:46:37 - [MESSAGE][PASSED] - Keys 'DOWN + ENTER + ' sent to object: 'Object Repository/FDR-VoucherEntry/DistributionLine/waiverName'

2020-09-08 11:46:38 - [MESSAGE][PASSED] - Object: 'Object Repository/FDR-VoucherEntry/DistributionLine/fundingSource' is clicked on

2020-09-08 11:46:39 - [MESSAGE][PASSED] - Keys 'Dental' sent to object: 'Object Repository/FDR-VoucherEntry/DistributionLine/fundingSource'

2020-09-08 11:46:42 - [MESSAGE][INFO] - Unable to find the element located by 'By.xpath: //*[@data-id='button-link']//*[contains(text(),'Create New Voucher')]'. Please recheck the objects properties to make sure the desired element is located. 

2020-09-08 11:46:42 - [MESSAGE][WARNING] - Object 'Object Repository/FDR-Dashboard/createNewVoucherButton' is not present after 2 second(s)

2020-09-08 11:46:42 - [MESSAGE][PASSED] - Keys 'DOWN + ENTER + ' sent to object: 'Object Repository/FDR-VoucherEntry/DistributionLine/fundingSource'

2020-09-08 11:46:43 - [MESSAGE][PASSED] - Object: 'Object Repository/FDR-VoucherEntry/DistributionLine/fundRatio' is clicked on

2020-09-08 11:46:43 - [MESSAGE][PASSED] - Keys '90/10' sent to object: 'Object Repository/FDR-VoucherEntry/DistributionLine/fundRatio'

2020-09-08 11:46:46 - [MESSAGE][INFO] - Unable to find the element located by 'By.xpath: //*[@data-id='button-link']//*[contains(text(),'Create New Voucher')]'. Please recheck the objects properties to make sure the desired element is located. 

2020-09-08 11:46:46 - [MESSAGE][WARNING] - Object 'Object Repository/FDR-Dashboard/createNewVoucherButton' is not present after 2 second(s)

2020-09-08 11:46:47 - [MESSAGE][PASSED] - Keys 'DOWN + ENTER + ' sent to object: 'Object Repository/FDR-VoucherEntry/DistributionLine/fundRatio'

2020-09-08 11:46:47 - [MESSAGE][PASSED] - Object: 'Object Repository/FDR-VoucherEntry/DistributionLine/nonFederalFund' is clicked on

2020-09-08 11:46:48 - [MESSAGE][PASSED] - Keys '0001' sent to object: 'Object Repository/FDR-VoucherEntry/DistributionLine/nonFederalFund'

2020-09-08 11:46:51 - [MESSAGE][INFO] - Unable to find the element located by 'By.xpath: //*[@data-id='button-link']//*[contains(text(),'Create New Voucher')]'. Please recheck the objects properties to make sure the desired element is located. 

2020-09-08 11:46:51 - [MESSAGE][WARNING] - Object 'Object Repository/FDR-Dashboard/createNewVoucherButton' is not present after 2 second(s)

2020-09-08 11:46:51 - [MESSAGE][PASSED] - Keys 'DOWN + ENTER + ' sent to object: 'Object Repository/FDR-VoucherEntry/DistributionLine/nonFederalFund'

2020-09-08 11:46:52 - [MESSAGE][PASSED] - Object: 'Object Repository/FDR-VoucherEntry/DistributionLine/account' is clicked on

2020-09-08 11:46:52 - [MESSAGE][PASSED] - Keys '5442000' sent to object: 'Object Repository/FDR-VoucherEntry/DistributionLine/account'

2020-09-08 11:46:53 - [MESSAGE][PASSED] - Keys 'DOWN + ENTER + ' sent to object: 'Object Repository/FDR-VoucherEntry/DistributionLine/account'

2020-09-08 11:46:54 - [MESSAGE][PASSED] - Object: 'Object Repository/FDR-VoucherEntry/DistributionLine/altAccount' is clicked on

2020-09-08 11:46:54 - [MESSAGE][PASSED] - Keys '5442000' sent to object: 'Object Repository/FDR-VoucherEntry/DistributionLine/altAccount'

2020-09-08 11:46:54 - [MESSAGE][PASSED] - Object 'Object Repository/FDR-VoucherEntry/DistributionLine/altAccount' is present

2020-09-08 11:46:55 - [MESSAGE][PASSED] - Keys 'DOWN + ENTER + ' sent to object: 'Object Repository/FDR-VoucherEntry/DistributionLine/altAccount'

2020-09-08 11:46:55 - [MESSAGE][PASSED] - Object: 'Object Repository/FDR-VoucherEntry/DistributionLine/serviceCategory' is clicked on

2020-09-08 11:46:58 - [MESSAGE][INFO] - Unable to find the element located by 'By.xpath: //*[@data-id='button-link']//*[contains(text(),'Create New Voucher')]'. Please recheck the objects properties to make sure the desired element is located. 

2020-09-08 11:46:58 - [MESSAGE][WARNING] - Object 'Object Repository/FDR-Dashboard/createNewVoucherButton' is not present after 2 second(s)

2020-09-08 11:46:59 - [MESSAGE][PASSED] - Keys '18B1' sent to object: 'Object Repository/FDR-VoucherEntry/DistributionLine/serviceCategory'

2020-09-08 11:46:59 - [MESSAGE][PASSED] - Keys 'DOWN + ENTER + ' sent to object: 'Object Repository/FDR-VoucherEntry/DistributionLine/serviceCategory'

2020-09-08 11:47:00 - [MESSAGE][PASSED] - Object: 'Object Repository/FDR-VoucherEntry/DistributionLine/incDecLine' is clicked on

2020-09-08 11:47:01 - [MESSAGE][PASSED] - Keys '8: Adjustments and corrections' sent to object: 'Object Repository/FDR-VoucherEntry/DistributionLine/incDecLine'

2020-09-08 11:47:02 - [MESSAGE][PASSED] - Keys 'DOWN + ENTER + ' sent to object: 'Object Repository/FDR-VoucherEntry/DistributionLine/incDecLine'

2020-09-08 11:47:04 - [MESSAGE][INFO] - Unable to find the element located by 'By.xpath: //*[@data-id='button-link']//*[contains(text(),'Create New Voucher')]'. Please recheck the objects properties to make sure the desired element is located. 

2020-09-08 11:47:04 - [MESSAGE][WARNING] - Object 'Object Repository/FDR-Dashboard/createNewVoucherButton' is not present after 1 second(s)

2020-09-08 11:47:04 - [MESSAGE][PASSED] - Object: 'Object Repository/FDR-VoucherEntry/DistributionLine/index' is clicked on

2020-09-08 11:47:04 - [MESSAGE][PASSED] - Keys '1155' sent to object: 'Object Repository/FDR-VoucherEntry/DistributionLine/index'

2020-09-08 11:47:05 - [MESSAGE][PASSED] - Keys 'DOWN + ENTER + ' sent to object: 'Object Repository/FDR-VoucherEntry/DistributionLine/index'

2020-09-08 11:47:05 - [MESSAGE][PASSED] - Object: 'Object Repository/FDR-VoucherEntry/DistributionLine/addSaveButton' is clicked on

2020-09-08 11:47:05 - [MESSAGE][PASSED] - Call Test Case 'Test Cases/WEB-UI-TESTS/Voucher/FDR-Create-Simple-Voucher' successfully

2020-09-08 11:47:05 - [TEST_STEP][PASSED] - waitForElementPresent(findTestObject("FDR-Dashboard/createNewVoucherButton"), 4): Object 'Object Repository/FDR-Dashboard/createNewVoucherButton' is not present after 4 second(s)

2020-09-08 11:47:11 - [MESSAGE][INFO] - Unable to find the element located by 'By.xpath: //*[@data-id='button-link']//*[contains(text(),'Create New Voucher')]'. Please recheck the objects properties to make sure the desired element is located. 

2020-09-08 11:47:11 - [MESSAGE][WARNING] - Object 'Object Repository/FDR-Dashboard/createNewVoucherButton' is not present after 4 second(s)

2020-09-08 11:47:11 - [TEST_STEP][PASSED] - click(findTestObject("FDR-VoucherEntry/InvoiceLine/invoiceLineExpandButton")): Object: 'Object Repository/FDR-VoucherEntry/InvoiceLine/invoiceLineExpandButton' is clicked on

2020-09-08 11:47:11 - [MESSAGE][PASSED] - Object: 'Object Repository/FDR-VoucherEntry/InvoiceLine/invoiceLineExpandButton' is clicked on

2020-09-08 11:47:11 - [TEST_STEP][PASSED] - waitForElementPresent(findTestObject("FDR-Dashboard/createNewVoucherButton"), 4): Object 'Object Repository/FDR-Dashboard/createNewVoucherButton' is not present after 4 second(s)

2020-09-08 11:47:16 - [MESSAGE][INFO] - Unable to find the element located by 'By.xpath: //*[@data-id='button-link']//*[contains(text(),'Create New Voucher')]'. Please recheck the objects properties to make sure the desired element is located. 

2020-09-08 11:47:16 - [MESSAGE][WARNING] - Object 'Object Repository/FDR-Dashboard/createNewVoucherButton' is not present after 4 second(s)

2020-09-08 11:47:16 - [TEST_STEP][PASSED] - VouchertotalbefDelwith$ = getText(findTestObject("FDR-VoucherEntry/VoucherHeader/voucherTotal")): Text of object 'Object Repository/FDR-VoucherEntry/VoucherHeader/voucherTotal' is: '$100.00'

2020-09-08 11:47:16 - [MESSAGE][PASSED] - Text of object 'Object Repository/FDR-VoucherEntry/VoucherHeader/voucherTotal' is: '$100.00'

2020-09-08 11:47:16 - [TEST_STEP][PASSED] - VouchertotalbefDLDelwithout$ = VouchertotalbefDelwith$.substring(1): null

2020-09-08 11:47:16 - [TEST_STEP][PASSED] - VouchertotalbefDLDelwithoutComma = VouchertotalbefDLDelwithout$.replaceAll(",", ""): null

2020-09-08 11:47:16 - [TEST_STEP][PASSED] - VouchertotalbefDLDel = Float.parseFloat(VouchertotalbefDLDelwithoutComma): null

2020-09-08 11:47:16 - [TEST_STEP][PASSED] - waitForElementPresent(findTestObject("FDR-VoucherEntry/InvoiceLine/voucherTotalRowAmt"), 1): Object 'Object Repository/FDR-VoucherEntry/InvoiceLine/voucherTotalRowAmt' is present

2020-09-08 11:47:17 - [MESSAGE][PASSED] - Object 'Object Repository/FDR-VoucherEntry/InvoiceLine/voucherTotalRowAmt' is present

2020-09-08 11:47:17 - [TEST_STEP][PASSED] - InvTotalbefDelwith$ = getText(findTestObject("FDR-VoucherEntry/InvoiceLine/voucherTotalRowAmt")): Text of object 'Object Repository/FDR-VoucherEntry/InvoiceLine/voucherTotalRowAmt' is: '$100.00'

2020-09-08 11:47:17 - [MESSAGE][PASSED] - Text of object 'Object Repository/FDR-VoucherEntry/InvoiceLine/voucherTotalRowAmt' is: '$100.00'

2020-09-08 11:47:17 - [TEST_STEP][PASSED] - InvTotalbefDelwithout$ = InvTotalbefDelwith$.substring(1): null

2020-09-08 11:47:17 - [TEST_STEP][PASSED] - InvTotalbefDelwithoutComma = InvTotalbefDelwithout$.replaceAll(",", ""): null

2020-09-08 11:47:17 - [TEST_STEP][PASSED] - InvTotalbefDel = Float.parseFloat(InvTotalbefDelwithoutComma): null

2020-09-08 11:47:17 - [TEST_STEP][PASSED] - Newexpectedvouchertotal = VouchertotalbefDLDel - InvTotalbefDel: null

2020-09-08 11:47:17 - [TEST_STEP][PASSED] - Uifunctions.deleteVoucherLine(): Object 'Object Repository/FDR-Dashboard/createNewVoucherButton' is not present after 2 second(s)

2020-09-08 11:47:20 - [MESSAGE][INFO] - Unable to find the element located by 'By.xpath: //*[@data-id='button-link']//*[contains(text(),'Create New Voucher')]'. Please recheck the objects properties to make sure the desired element is located. 

2020-09-08 11:47:20 - [MESSAGE][WARNING] - Object 'Object Repository/FDR-Dashboard/createNewVoucherButton' is not present after 2 second(s)

2020-09-08 11:47:20 - [MESSAGE][PASSED] - Object: 'Object Repository/FDR-EditVoucher/invoiceHover' is hovered

2020-09-08 11:47:21 - [MESSAGE][PASSED] - Object: 'Object Repository/FDR-EditVoucher/voucherLineEditIcon' is clicked on

2020-09-08 11:47:24 - [MESSAGE][INFO] - Unable to find the element located by 'By.xpath: //*[@data-id='button-link']//*[contains(text(),'Create New Voucher')]'. Please recheck the objects properties to make sure the desired element is located. 

2020-09-08 11:47:24 - [MESSAGE][WARNING] - Object 'Object Repository/FDR-Dashboard/createNewVoucherButton' is not present after 2 second(s)

2020-09-08 11:47:24 - [MESSAGE][PASSED] - Object: 'Object Repository/FDR-EditVoucher/voucherLineDeleteClick' is clicked on

2020-09-08 11:47:28 - [MESSAGE][INFO] - Unable to find the element located by 'By.xpath: //*[@data-id='button-link']//*[contains(text(),'Create New Voucher')]'. Please recheck the objects properties to make sure the desired element is located. 

2020-09-08 11:47:28 - [MESSAGE][WARNING] - Object 'Object Repository/FDR-Dashboard/createNewVoucherButton' is not present after 2 second(s)

2020-09-08 11:47:28 - [TEST_STEP][PASSED] - waitForElementPresent(findTestObject("FDR-Dashboard/createNewVoucherButton"), 4): Object 'Object Repository/FDR-Dashboard/createNewVoucherButton' is not present after 4 second(s)

2020-09-08 11:47:33 - [MESSAGE][INFO] - Unable to find the element located by 'By.xpath: //*[@data-id='button-link']//*[contains(text(),'Create New Voucher')]'. Please recheck the objects properties to make sure the desired element is located. 

2020-09-08 11:47:33 - [MESSAGE][WARNING] - Object 'Object Repository/FDR-Dashboard/createNewVoucherButton' is not present after 4 second(s)

2020-09-08 11:47:33 - [TEST_STEP][PASSED] - click(findTestObject("FDR-EditVoucher/undoButton")): Object: 'Object Repository/FDR-EditVoucher/undoButton' is clicked on

2020-09-08 11:47:33 - [MESSAGE][PASSED] - Object: 'Object Repository/FDR-EditVoucher/undoButton' is clicked on

2020-09-08 11:47:33 - [TEST_STEP][PASSED] - waitForElementPresent(findTestObject("FDR-Dashboard/createNewVoucherButton"), 6): Object 'Object Repository/FDR-Dashboard/createNewVoucherButton' is not present after 6 second(s)

2020-09-08 11:47:40 - [MESSAGE][INFO] - Unable to find the element located by 'By.xpath: //*[@data-id='button-link']//*[contains(text(),'Create New Voucher')]'. Please recheck the objects properties to make sure the desired element is located. 

2020-09-08 11:47:40 - [MESSAGE][WARNING] - Object 'Object Repository/FDR-Dashboard/createNewVoucherButton' is not present after 6 second(s)

2020-09-08 11:47:40 - [TEST_STEP][PASSED] - validators.validateVoucherHeaderTotals(VouchertotalbefDLDel, false): Valid Vouchertotal

2020-09-08 11:47:47 - [MESSAGE][INFO] - Unable to find the element located by 'By.xpath: //*[@data-id='button-link']//*[contains(text(),'Create New Voucher')]'. Please recheck the objects properties to make sure the desired element is located. 

2020-09-08 11:47:47 - [MESSAGE][WARNING] - Object 'Object Repository/FDR-Dashboard/createNewVoucherButton' is not present after 6 second(s)

2020-09-08 11:47:48 - [MESSAGE][PASSED] - Text of object 'Object Repository/FDR-VoucherEntry/VoucherHeader/voucherTotal' is: '$100.00'

2020-09-08 11:47:48 - [MESSAGE][PASSED] - Valid Vouchertotal

2020-09-08 11:47:48 - [TEST_STEP][PASSED] - Uifunctions.deleteVoucherLine(): Object 'Object Repository/FDR-Dashboard/createNewVoucherButton' is not present after 2 second(s)

2020-09-08 11:47:51 - [MESSAGE][INFO] - Unable to find the element located by 'By.xpath: //*[@data-id='button-link']//*[contains(text(),'Create New Voucher')]'. Please recheck the objects properties to make sure the desired element is located. 

2020-09-08 11:47:51 - [MESSAGE][WARNING] - Object 'Object Repository/FDR-Dashboard/createNewVoucherButton' is not present after 2 second(s)

2020-09-08 11:47:51 - [MESSAGE][PASSED] - Object: 'Object Repository/FDR-EditVoucher/invoiceHover' is hovered

2020-09-08 11:47:52 - [MESSAGE][PASSED] - Object: 'Object Repository/FDR-EditVoucher/voucherLineEditIcon' is clicked on

2020-09-08 11:47:55 - [MESSAGE][INFO] - Unable to find the element located by 'By.xpath: //*[@data-id='button-link']//*[contains(text(),'Create New Voucher')]'. Please recheck the objects properties to make sure the desired element is located. 

2020-09-08 11:47:55 - [MESSAGE][WARNING] - Object 'Object Repository/FDR-Dashboard/createNewVoucherButton' is not present after 2 second(s)

2020-09-08 11:47:55 - [MESSAGE][PASSED] - Object: 'Object Repository/FDR-EditVoucher/voucherLineDeleteClick' is clicked on

2020-09-08 11:47:58 - [MESSAGE][INFO] - Unable to find the element located by 'By.xpath: //*[@data-id='button-link']//*[contains(text(),'Create New Voucher')]'. Please recheck the objects properties to make sure the desired element is located. 

2020-09-08 11:47:58 - [MESSAGE][WARNING] - Object 'Object Repository/FDR-Dashboard/createNewVoucherButton' is not present after 2 second(s)

2020-09-08 11:47:58 - [TEST_STEP][PASSED] - waitForElementPresent(findTestObject("FDR-Dashboard/createNewVoucherButton"), 2): Object 'Object Repository/FDR-Dashboard/createNewVoucherButton' is not present after 2 second(s)

2020-09-08 11:48:01 - [MESSAGE][INFO] - Unable to find the element located by 'By.xpath: //*[@data-id='button-link']//*[contains(text(),'Create New Voucher')]'. Please recheck the objects properties to make sure the desired element is located. 

2020-09-08 11:48:01 - [MESSAGE][WARNING] - Object 'Object Repository/FDR-Dashboard/createNewVoucherButton' is not present after 2 second(s)

2020-09-08 11:48:01 - [TEST_STEP][PASSED] - validators.validateVoucherHeaderTotals(Newexpectedvouchertotal, true): Valid Vouchertotal

2020-09-08 11:48:08 - [MESSAGE][INFO] - Unable to find the element located by 'By.xpath: //*[@data-id='button-link']//*[contains(text(),'Create New Voucher')]'. Please recheck the objects properties to make sure the desired element is located. 

2020-09-08 11:48:08 - [MESSAGE][WARNING] - Object 'Object Repository/FDR-Dashboard/createNewVoucherButton' is not present after 6 second(s)

2020-09-08 11:48:09 - [MESSAGE][PASSED] - Text of object 'Object Repository/FDR-VoucherEntry/VoucherHeader/voucherTotal' is: '$0.00'

2020-09-08 11:48:09 - [MESSAGE][PASSED] - Valid Vouchertotal

2020-09-08 11:48:09 - [TEST_STEP][PASSED] - Start tear down : tearDownTestCase: Method 'tearDownTestCase' complete successfully

2020-09-08 11:48:09 - [MESSAGE][PASSED] - Method 'tearDownTestCase' complete successfully

2020-09-08 11:48:09 - [TEST_STEP][PASSED] - Start listener action : sampleAfterTestCase: null

2020-09-08 11:48:09 - [TEST_STEP][PASSED] - profileName = getExecutionProfile(): null

2020-09-08 11:48:09 - [TEST_STEP][PASSED] - switch (profileName): null

2020-09-08 11:48:09 - [TEST_STEP][PASSED] - case "superUser":: null

2020-09-08 11:48:09 - [TEST_STEP][PASSED] - return null: null

2020-09-08 11:48:09 - [TEST_STEP][PASSED] - Start listener action : afterTestCase: null

2020-09-08 11:48:09 - [TEST_STEP][PASSED] - profileName = getExecutionProfile(): null

2020-09-08 11:48:09 - [TEST_STEP][PASSED] - if (profileName.equalsIgnoreCase("SysAdmin")): null

2020-09-08 11:48:09 - [TEST_STEP][PASSED] - Start listener action : sampleAfterTestCase: null

2020-09-08 11:48:09 - [TEST_STEP][PASSED] - profileName = getExecutionProfile(): null

2020-09-08 11:48:09 - [TEST_STEP][PASSED] - switch (profileName): null

2020-09-08 11:48:09 - [TEST_STEP][PASSED] - case "Voucher":: null

2020-09-08 11:48:09 - [TEST_STEP][PASSED] - Uifunctions.logoutFDR(): Browser is closed

2020-09-08 11:48:09 - [MESSAGE][PASSED] - Browser is closed

2020-09-08 11:48:09 - [TEST_STEP][PASSED] - break: null

2020-09-08 11:48:09 - [TEST_STEP][PASSED] - Start listener action : addFailedTCToList: null]]></system-out>
         <system-err><![CDATA[]]></system-err>
      </testcase>
      <testcase name="Test Cases/WEB-UI-TESTS/Voucher/FDR-Verify-Search-Functionality" time="70.968" classname="Test Cases/WEB-UI-TESTS/Voucher/FDR-Verify-Search-Functionality" status="PASSED">
         <system-out><![CDATA[2020-09-08 11:48:09 - [TEST_CASE][PASSED] - Test Cases/WEB-UI-TESTS/Voucher/FDR-Verify-Search-Functionality: Test Cases/WEB-UI-TESTS/Voucher/FDR-Verify-Search-Functionality

2020-09-08 11:48:09 - [TEST_STEP][PASSED] - Start listener action : sampleBeforeTestCase: null

2020-09-08 11:48:09 - [TEST_STEP][PASSED] - profileName = getExecutionProfile(): null

2020-09-08 11:48:09 - [TEST_STEP][PASSED] - switch (profileName): null

2020-09-08 11:48:09 - [TEST_STEP][PASSED] - case "superUser":: null

2020-09-08 11:48:09 - [TEST_STEP][PASSED] - return null: null

2020-09-08 11:48:09 - [TEST_STEP][PASSED] - Start listener action : beforeTestCase: null

2020-09-08 11:48:09 - [TEST_STEP][PASSED] - profileName = getExecutionProfile(): null

2020-09-08 11:48:09 - [TEST_STEP][PASSED] - if (profileName.equalsIgnoreCase("SysAdmin")): null

2020-09-08 11:48:09 - [TEST_STEP][PASSED] - Start listener action : sampleBeforeTestCase: Navigate to 'https://fdr-katalon.cammis-mod-dev.dhcs.ca.gov' successfully

2020-09-08 11:48:09 - [TEST_STEP][PASSED] - profileName = getExecutionProfile(): null

2020-09-08 11:48:09 - [TEST_STEP][PASSED] - testCaseId = testCaseContext.getTestCaseId(): null

2020-09-08 11:48:09 - [TEST_STEP][PASSED] - switch (profileName): null

2020-09-08 11:48:09 - [TEST_STEP][PASSED] - case "Voucher":: null

2020-09-08 11:48:09 - [TEST_STEP][PASSED] - Uifunctions.loginFDR(accountsApproverAcc2, accountsApproverAcc2Pwd): Object: 'Object Repository/FDR-SignIn/SignInButton' is clicked on

2020-09-08 11:48:09 - [MESSAGE][INFO] - Starting 'Chrome' driver

2020-09-08 11:48:09 - [MESSAGE][INFO] - Action delay is set to 0 milliseconds

2020-09-08 11:48:12 - [MESSAGE][PASSED] - Browser is opened with url: ''

2020-09-08 11:48:14 - [MESSAGE][PASSED] - Current window maximized

2020-09-08 11:48:16 - [MESSAGE][PASSED] - Navigate to 'https://fdr-katalon.cammis-mod-dev.dhcs.ca.gov' successfully

2020-09-08 11:48:17 - [MESSAGE][PASSED] - Object 'Object Repository/FDR-SignIn/SignInEmail' is present

2020-09-08 11:48:17 - [MESSAGE][PASSED] - Object: 'Object Repository/FDR-SignIn/SignInEmail' is clicked on

2020-09-08 11:48:17 - [MESSAGE][PASSED] - Object 'Object Repository/FDR-SignIn/SignInEmail' is present

2020-09-08 11:48:18 - [MESSAGE][PASSED] - Text 'fdr.test2@dhcs.ca.gov' is set on object 'Object Repository/FDR-SignIn/SignInEmail'

2020-09-08 11:48:18 - [MESSAGE][PASSED] - Object 'Object Repository/FDR-SignIn/SignInEmailNext' is visible

2020-09-08 11:48:19 - [MESSAGE][PASSED] - Object: 'Object Repository/FDR-SignIn/SignInEmailNext' is clicked on

2020-09-08 11:48:22 - [MESSAGE][PASSED] - Object 'Object Repository/FDR-SignIn/SignInEmailPassword' is visible

2020-09-08 11:48:22 - [MESSAGE][PASSED] - Object: 'Object Repository/FDR-SignIn/SignInEmailPassword' is clicked on

2020-09-08 11:48:22 - [MESSAGE][PASSED] - Text ****** has been set on object 'Object Repository/FDR-SignIn/SignInEmailPassword'

2020-09-08 11:48:24 - [MESSAGE][PASSED] - Object: 'Object Repository/FDR-SignIn/SignInButton' is clicked on

2020-09-08 11:48:24 - [TEST_STEP][PASSED] - break: null

2020-09-08 11:48:24 - [TEST_STEP][PASSED] - navigateToUrl(URL): Navigate to 'https://fdr-katalon.cammis-mod-dev.dhcs.ca.gov' successfully

2020-09-08 11:48:25 - [MESSAGE][PASSED] - Navigate to 'https://fdr-katalon.cammis-mod-dev.dhcs.ca.gov' successfully

2020-09-08 11:48:25 - [TEST_STEP][PASSED] - Start listener action : executeRows: null

2020-09-08 11:48:25 - [TEST_STEP][PASSED] - Start setup action : setupTestCase: Method 'setupTestCase' complete successfully

2020-09-08 11:48:25 - [MESSAGE][PASSED] - Method 'setupTestCase' complete successfully

2020-09-08 11:48:25 - [TEST_STEP][PASSED] - waitTime = 3: null

2020-09-08 11:48:25 - [TEST_STEP][PASSED] - softAssertion = new org.testng.asserts.SoftAssert(): null

2020-09-08 11:48:25 - [TEST_STEP][PASSED] - waitForElementPresent(findTestObject("FDR-Dashboard/createNewVoucherButton"), waitTime): Object 'Object Repository/FDR-Dashboard/createNewVoucherButton' is present

2020-09-08 11:48:27 - [MESSAGE][PASSED] - Object 'Object Repository/FDR-Dashboard/createNewVoucherButton' is present

2020-09-08 11:48:27 - [TEST_STEP][PASSED] - click(findTestObject("FDR-Dashboard/Search/searchInputField")): Object: 'Object Repository/FDR-Dashboard/Search/searchInputField' is clicked on

2020-09-08 11:48:27 - [MESSAGE][PASSED] - Object: 'Object Repository/FDR-Dashboard/Search/searchInputField' is clicked on

2020-09-08 11:48:27 - [TEST_STEP][PASSED] - setText(findTestObject("FDR-Dashboard/Search/searchInputField"), "Entry"): Text 'Entry' is set on object 'Object Repository/FDR-Dashboard/Search/searchInputField'

2020-09-08 11:48:28 - [MESSAGE][PASSED] - Text 'Entry' is set on object 'Object Repository/FDR-Dashboard/Search/searchInputField'

2020-09-08 11:48:28 - [TEST_STEP][PASSED] - waitForElementClickable(findTestObject("FDR-VoucherEntry/VoucherHeader/reviewButton"), 2): Web element with id: 'Object Repository/FDR-VoucherEntry/VoucherHeader/reviewButton' located by '//*[@data-id='action-button']//*[contains(text(),'Review')]' not found

2020-09-08 11:48:31 - [MESSAGE][INFO] - Unable to find the element located by 'By.xpath: //*[@data-id='action-button']//*[contains(text(),'Review')]'. Please recheck the objects properties to make sure the desired element is located. 

2020-09-08 11:48:31 - [MESSAGE][WARNING] - Web element with id: 'Object Repository/FDR-VoucherEntry/VoucherHeader/reviewButton' located by '//*[@data-id='action-button']//*[contains(text(),'Review')]' not found

2020-09-08 11:48:31 - [TEST_STEP][PASSED] - validate = validators.validateDashboardFilterValidation("Resume"): null

2020-09-08 11:48:31 - [TEST_STEP][PASSED] - softAssertion.assertTrue(validate, "Entry state validation failed"): null

2020-09-08 11:48:31 - [TEST_STEP][PASSED] - Uifunctions.clearElementText(findTestObject("FDR-Dashboard/Search/searchInputField")): Execute JavaScript 'arguments[0].value='';' successfully

2020-09-08 11:48:32 - [MESSAGE][PASSED] - Execute JavaScript 'arguments[0].value='';' successfully

2020-09-08 11:48:32 - [TEST_STEP][PASSED] - setText(findTestObject("FDR-Dashboard/Search/searchInputField"), "Validation"): Text 'Validation' is set on object 'Object Repository/FDR-Dashboard/Search/searchInputField'

2020-09-08 11:48:32 - [MESSAGE][PASSED] - Text 'Validation' is set on object 'Object Repository/FDR-Dashboard/Search/searchInputField'

2020-09-08 11:48:32 - [TEST_STEP][PASSED] - waitForElementClickable(findTestObject("FDR-VoucherEntry/VoucherHeader/reviewButton"), 2): Web element with id: 'Object Repository/FDR-VoucherEntry/VoucherHeader/reviewButton' located by '//*[@data-id='action-button']//*[contains(text(),'Review')]' not found

2020-09-08 11:48:35 - [MESSAGE][INFO] - Unable to find the element located by 'By.xpath: //*[@data-id='action-button']//*[contains(text(),'Review')]'. Please recheck the objects properties to make sure the desired element is located. 

2020-09-08 11:48:35 - [MESSAGE][WARNING] - Web element with id: 'Object Repository/FDR-VoucherEntry/VoucherHeader/reviewButton' located by '//*[@data-id='action-button']//*[contains(text(),'Review')]' not found

2020-09-08 11:48:35 - [TEST_STEP][PASSED] - validate = validators.validateDashboardFilterValidation("Validate"): null

2020-09-08 11:48:35 - [TEST_STEP][PASSED] - softAssertion.assertTrue(validate, "Validate state validation failed"): null

2020-09-08 11:48:35 - [TEST_STEP][PASSED] - Uifunctions.clearElementText(findTestObject("FDR-Dashboard/Search/searchInputField")): Execute JavaScript 'arguments[0].value='';' successfully

2020-09-08 11:48:36 - [MESSAGE][PASSED] - Execute JavaScript 'arguments[0].value='';' successfully

2020-09-08 11:48:36 - [TEST_STEP][PASSED] - waitForElementPresent(findTestObject("FDR-Dashboard/Search/searchInputField"), 2): Object 'Object Repository/FDR-Dashboard/Search/searchInputField' is present

2020-09-08 11:48:36 - [MESSAGE][PASSED] - Object 'Object Repository/FDR-Dashboard/Search/searchInputField' is present

2020-09-08 11:48:36 - [TEST_STEP][PASSED] - setText(findTestObject("FDR-Dashboard/Search/searchInputField"), "Revision"): Text 'Revision' is set on object 'Object Repository/FDR-Dashboard/Search/searchInputField'

2020-09-08 11:48:37 - [MESSAGE][PASSED] - Text 'Revision' is set on object 'Object Repository/FDR-Dashboard/Search/searchInputField'

2020-09-08 11:48:37 - [TEST_STEP][PASSED] - waitForElementClickable(findTestObject("FDR-VoucherEntry/VoucherHeader/reviewButton"), 2): Web element with id: 'Object Repository/FDR-VoucherEntry/VoucherHeader/reviewButton' located by '//*[@data-id='action-button']//*[contains(text(),'Review')]' not found

2020-09-08 11:48:40 - [MESSAGE][INFO] - Unable to find the element located by 'By.xpath: //*[@data-id='action-button']//*[contains(text(),'Review')]'. Please recheck the objects properties to make sure the desired element is located. 

2020-09-08 11:48:40 - [MESSAGE][WARNING] - Web element with id: 'Object Repository/FDR-VoucherEntry/VoucherHeader/reviewButton' located by '//*[@data-id='action-button']//*[contains(text(),'Review')]' not found

2020-09-08 11:48:40 - [TEST_STEP][PASSED] - validate = validators.validateDashboardFilterValidation("Fix"): null

2020-09-08 11:48:40 - [TEST_STEP][PASSED] - softAssertion.assertTrue(validate, "Fix State validation failed"): null

2020-09-08 11:48:40 - [TEST_STEP][PASSED] - Uifunctions.clearElementText(findTestObject("FDR-Dashboard/Search/searchInputField")): Execute JavaScript 'arguments[0].value='';' successfully

2020-09-08 11:48:40 - [MESSAGE][PASSED] - Execute JavaScript 'arguments[0].value='';' successfully

2020-09-08 11:48:40 - [TEST_STEP][PASSED] - waitForElementPresent(findTestObject("FDR-Dashboard/Search/searchInputField"), 2): Object 'Object Repository/FDR-Dashboard/Search/searchInputField' is present

2020-09-08 11:48:40 - [MESSAGE][PASSED] - Object 'Object Repository/FDR-Dashboard/Search/searchInputField' is present

2020-09-08 11:48:40 - [TEST_STEP][PASSED] - waitForElementClickable(findTestObject("FDR-VoucherEntry/VoucherHeader/reviewButton"), 2): Web element with id: 'Object Repository/FDR-VoucherEntry/VoucherHeader/reviewButton' located by '//*[@data-id='action-button']//*[contains(text(),'Review')]' not found

2020-09-08 11:48:44 - [MESSAGE][INFO] - Unable to find the element located by 'By.xpath: //*[@data-id='action-button']//*[contains(text(),'Review')]'. Please recheck the objects properties to make sure the desired element is located. 

2020-09-08 11:48:44 - [MESSAGE][WARNING] - Web element with id: 'Object Repository/FDR-VoucherEntry/VoucherHeader/reviewButton' located by '//*[@data-id='action-button']//*[contains(text(),'Review')]' not found

2020-09-08 11:48:44 - [TEST_STEP][PASSED] - setText(findTestObject("FDR-Dashboard/Search/searchInputField"), "Printing"): Text 'Printing' is set on object 'Object Repository/FDR-Dashboard/Search/searchInputField'

2020-09-08 11:48:44 - [MESSAGE][PASSED] - Text 'Printing' is set on object 'Object Repository/FDR-Dashboard/Search/searchInputField'

2020-09-08 11:48:44 - [TEST_STEP][PASSED] - waitForElementClickable(findTestObject("FDR-VoucherEntry/VoucherHeader/reviewButton"), 2): Web element with id: 'Object Repository/FDR-VoucherEntry/VoucherHeader/reviewButton' located by '//*[@data-id='action-button']//*[contains(text(),'Review')]' not found

2020-09-08 11:48:47 - [MESSAGE][INFO] - Unable to find the element located by 'By.xpath: //*[@data-id='action-button']//*[contains(text(),'Review')]'. Please recheck the objects properties to make sure the desired element is located. 

2020-09-08 11:48:47 - [MESSAGE][WARNING] - Web element with id: 'Object Repository/FDR-VoucherEntry/VoucherHeader/reviewButton' located by '//*[@data-id='action-button']//*[contains(text(),'Review')]' not found

2020-09-08 11:48:47 - [TEST_STEP][PASSED] - validate = validators.validateDashboardFilterValidation("Print"): null

2020-09-08 11:48:48 - [TEST_STEP][PASSED] - softAssertion.assertTrue(validate, "Print State validation failed"): null

2020-09-08 11:48:48 - [TEST_STEP][PASSED] - Uifunctions.clearElementText(findTestObject("FDR-Dashboard/Search/searchInputField")): Execute JavaScript 'arguments[0].value='';' successfully

2020-09-08 11:48:48 - [MESSAGE][PASSED] - Execute JavaScript 'arguments[0].value='';' successfully

2020-09-08 11:48:48 - [TEST_STEP][PASSED] - waitForElementPresent(findTestObject("FDR-Dashboard/Search/searchInputField"), 2): Object 'Object Repository/FDR-Dashboard/Search/searchInputField' is present

2020-09-08 11:48:48 - [MESSAGE][PASSED] - Object 'Object Repository/FDR-Dashboard/Search/searchInputField' is present

2020-09-08 11:48:48 - [TEST_STEP][PASSED] - setText(findTestObject("FDR-Dashboard/Search/searchInputField"), "Print Validation"): Text 'Print Validation' is set on object 'Object Repository/FDR-Dashboard/Search/searchInputField'

2020-09-08 11:48:49 - [MESSAGE][PASSED] - Text 'Print Validation' is set on object 'Object Repository/FDR-Dashboard/Search/searchInputField'

2020-09-08 11:48:49 - [TEST_STEP][PASSED] - waitForElementClickable(findTestObject("FDR-VoucherEntry/VoucherHeader/reviewButton"), 2): Web element with id: 'Object Repository/FDR-VoucherEntry/VoucherHeader/reviewButton' located by '//*[@data-id='action-button']//*[contains(text(),'Review')]' not found

2020-09-08 11:48:52 - [MESSAGE][INFO] - Unable to find the element located by 'By.xpath: //*[@data-id='action-button']//*[contains(text(),'Review')]'. Please recheck the objects properties to make sure the desired element is located. 

2020-09-08 11:48:52 - [MESSAGE][WARNING] - Web element with id: 'Object Repository/FDR-VoucherEntry/VoucherHeader/reviewButton' located by '//*[@data-id='action-button']//*[contains(text(),'Review')]' not found

2020-09-08 11:48:52 - [TEST_STEP][PASSED] - validate = validators.validateDashboardFilterValidation("Print", "Validate"): null

2020-09-08 11:48:52 - [TEST_STEP][PASSED] - softAssertion.assertTrue(validate, "Print , Validate State validation failed"): null

2020-09-08 11:48:52 - [TEST_STEP][PASSED] - Uifunctions.clearElementText(findTestObject("FDR-Dashboard/Search/searchInputField")): Execute JavaScript 'arguments[0].value='';' successfully

2020-09-08 11:48:52 - [MESSAGE][PASSED] - Execute JavaScript 'arguments[0].value='';' successfully

2020-09-08 11:48:52 - [TEST_STEP][PASSED] - waitForElementPresent(findTestObject("FDR-Dashboard/Search/searchInputField"), 2): Object 'Object Repository/FDR-Dashboard/Search/searchInputField' is present

2020-09-08 11:48:53 - [MESSAGE][PASSED] - Object 'Object Repository/FDR-Dashboard/Search/searchInputField' is present

2020-09-08 11:48:53 - [TEST_STEP][PASSED] - setText(findTestObject("FDR-Dashboard/Search/searchInputField"), "Print Validation revision"): Text 'Print Validation revision' is set on object 'Object Repository/FDR-Dashboard/Search/searchInputField'

2020-09-08 11:48:53 - [MESSAGE][PASSED] - Text 'Print Validation revision' is set on object 'Object Repository/FDR-Dashboard/Search/searchInputField'

2020-09-08 11:48:53 - [TEST_STEP][PASSED] - waitForElementClickable(findTestObject("FDR-VoucherEntry/VoucherHeader/reviewButton"), 2): Web element with id: 'Object Repository/FDR-VoucherEntry/VoucherHeader/reviewButton' located by '//*[@data-id='action-button']//*[contains(text(),'Review')]' not found

2020-09-08 11:48:56 - [MESSAGE][INFO] - Unable to find the element located by 'By.xpath: //*[@data-id='action-button']//*[contains(text(),'Review')]'. Please recheck the objects properties to make sure the desired element is located. 

2020-09-08 11:48:56 - [MESSAGE][WARNING] - Web element with id: 'Object Repository/FDR-VoucherEntry/VoucherHeader/reviewButton' located by '//*[@data-id='action-button']//*[contains(text(),'Review')]' not found

2020-09-08 11:48:56 - [TEST_STEP][PASSED] - validate = validators.validateDashboardFilterValidation("Print", "Validate", "Fix"): null

2020-09-08 11:48:57 - [TEST_STEP][PASSED] - softAssertion.assertTrue(validate, "Print , Validate, Fix State validation failed"): null

2020-09-08 11:48:57 - [TEST_STEP][PASSED] - Uifunctions.clearElementText(findTestObject("FDR-Dashboard/Search/searchInputField")): Execute JavaScript 'arguments[0].value='';' successfully

2020-09-08 11:48:57 - [MESSAGE][PASSED] - Execute JavaScript 'arguments[0].value='';' successfully

2020-09-08 11:48:57 - [TEST_STEP][PASSED] - waitForElementPresent(findTestObject("FDR-Dashboard/Search/searchInputField"), 2): Object 'Object Repository/FDR-Dashboard/Search/searchInputField' is present

2020-09-08 11:48:57 - [MESSAGE][PASSED] - Object 'Object Repository/FDR-Dashboard/Search/searchInputField' is present

2020-09-08 11:48:57 - [TEST_STEP][PASSED] - setText(findTestObject("FDR-Dashboard/Search/searchInputField"), "01/04"): Text '01/04' is set on object 'Object Repository/FDR-Dashboard/Search/searchInputField'

2020-09-08 11:48:58 - [MESSAGE][PASSED] - Text '01/04' is set on object 'Object Repository/FDR-Dashboard/Search/searchInputField'

2020-09-08 11:48:58 - [TEST_STEP][PASSED] - waitForElementClickable(findTestObject("FDR-VoucherEntry/VoucherHeader/reviewButton"), 2): Web element with id: 'Object Repository/FDR-VoucherEntry/VoucherHeader/reviewButton' located by '//*[@data-id='action-button']//*[contains(text(),'Review')]' not found

2020-09-08 11:49:01 - [MESSAGE][INFO] - Unable to find the element located by 'By.xpath: //*[@data-id='action-button']//*[contains(text(),'Review')]'. Please recheck the objects properties to make sure the desired element is located. 

2020-09-08 11:49:01 - [MESSAGE][WARNING] - Web element with id: 'Object Repository/FDR-VoucherEntry/VoucherHeader/reviewButton' located by '//*[@data-id='action-button']//*[contains(text(),'Review')]' not found

2020-09-08 11:49:01 - [TEST_STEP][PASSED] - validate = validators.voucherSearchValidation("01/04"): null

2020-09-08 11:49:01 - [TEST_STEP][PASSED] - softAssertion.assertTrue(validate, "PayDate validation failed"): null

2020-09-08 11:49:01 - [TEST_STEP][PASSED] - Uifunctions.clearElementText(findTestObject("FDR-Dashboard/Search/searchInputField")): Execute JavaScript 'arguments[0].value='';' successfully

2020-09-08 11:49:01 - [MESSAGE][PASSED] - Execute JavaScript 'arguments[0].value='';' successfully

2020-09-08 11:49:01 - [TEST_STEP][PASSED] - waitForElementPresent(findTestObject("FDR-Dashboard/Search/searchInputField"), 2): Object 'Object Repository/FDR-Dashboard/Search/searchInputField' is present

2020-09-08 11:49:02 - [MESSAGE][PASSED] - Object 'Object Repository/FDR-Dashboard/Search/searchInputField' is present

2020-09-08 11:49:02 - [TEST_STEP][PASSED] - setText(findTestObject("FDR-Dashboard/Search/searchInputField"), "6543"): Text '6543' is set on object 'Object Repository/FDR-Dashboard/Search/searchInputField'

2020-09-08 11:49:02 - [MESSAGE][PASSED] - Text '6543' is set on object 'Object Repository/FDR-Dashboard/Search/searchInputField'

2020-09-08 11:49:02 - [TEST_STEP][PASSED] - waitForElementClickable(findTestObject("FDR-VoucherEntry/VoucherHeader/reviewButton"), 2): Web element with id: 'Object Repository/FDR-VoucherEntry/VoucherHeader/reviewButton' located by '//*[@data-id='action-button']//*[contains(text(),'Review')]' not found

2020-09-08 11:49:05 - [MESSAGE][INFO] - Unable to find the element located by 'By.xpath: //*[@data-id='action-button']//*[contains(text(),'Review')]'. Please recheck the objects properties to make sure the desired element is located. 

2020-09-08 11:49:05 - [MESSAGE][WARNING] - Web element with id: 'Object Repository/FDR-VoucherEntry/VoucherHeader/reviewButton' located by '//*[@data-id='action-button']//*[contains(text(),'Review')]' not found

2020-09-08 11:49:05 - [TEST_STEP][PASSED] - validate = validators.voucherSearchValidation("6543"): null

2020-09-08 11:49:05 - [TEST_STEP][PASSED] - softAssertion.assertTrue(validate, "supplier Vvalidation Failed"): null

2020-09-08 11:49:05 - [TEST_STEP][PASSED] - Uifunctions.clearElementText(findTestObject("FDR-Dashboard/Search/searchInputField")): Execute JavaScript 'arguments[0].value='';' successfully

2020-09-08 11:49:06 - [MESSAGE][PASSED] - Execute JavaScript 'arguments[0].value='';' successfully

2020-09-08 11:49:06 - [TEST_STEP][PASSED] - waitForElementPresent(findTestObject("FDR-Dashboard/Search/searchInputField"), 2): Object 'Object Repository/FDR-Dashboard/Search/searchInputField' is present

2020-09-08 11:49:06 - [MESSAGE][PASSED] - Object 'Object Repository/FDR-Dashboard/Search/searchInputField' is present

2020-09-08 11:49:06 - [TEST_STEP][PASSED] - setText(findTestObject("FDR-Dashboard/Search/searchInputField"), "yoda"): Text 'yoda' is set on object 'Object Repository/FDR-Dashboard/Search/searchInputField'

2020-09-08 11:49:07 - [MESSAGE][PASSED] - Text 'yoda' is set on object 'Object Repository/FDR-Dashboard/Search/searchInputField'

2020-09-08 11:49:07 - [TEST_STEP][PASSED] - waitForElementClickable(findTestObject("FDR-VoucherEntry/VoucherHeader/reviewButton"), 2): Web element with id: 'Object Repository/FDR-VoucherEntry/VoucherHeader/reviewButton' located by '//*[@data-id='action-button']//*[contains(text(),'Review')]' not found

2020-09-08 11:49:10 - [MESSAGE][INFO] - Unable to find the element located by 'By.xpath: //*[@data-id='action-button']//*[contains(text(),'Review')]'. Please recheck the objects properties to make sure the desired element is located. 

2020-09-08 11:49:10 - [MESSAGE][WARNING] - Web element with id: 'Object Repository/FDR-VoucherEntry/VoucherHeader/reviewButton' located by '//*[@data-id='action-button']//*[contains(text(),'Review')]' not found

2020-09-08 11:49:10 - [TEST_STEP][PASSED] - validate = validators.voucherSearchValidation("4567"): null

2020-09-08 11:49:10 - [TEST_STEP][PASSED] - softAssertion.assertTrue(validate, "supplier Vvalidation Failed"): null

2020-09-08 11:49:10 - [TEST_STEP][PASSED] - Uifunctions.clearElementText(findTestObject("FDR-Dashboard/Search/searchInputField")): Execute JavaScript 'arguments[0].value='';' successfully

2020-09-08 11:49:10 - [MESSAGE][PASSED] - Execute JavaScript 'arguments[0].value='';' successfully

2020-09-08 11:49:10 - [TEST_STEP][PASSED] - waitForElementPresent(findTestObject("FDR-Dashboard/Search/searchInputField"), 2): Object 'Object Repository/FDR-Dashboard/Search/searchInputField' is present

2020-09-08 11:49:10 - [MESSAGE][PASSED] - Object 'Object Repository/FDR-Dashboard/Search/searchInputField' is present

2020-09-08 11:49:10 - [TEST_STEP][PASSED] - setText(findTestObject("FDR-Dashboard/Search/searchInputField"), "Thor"): Text 'Thor' is set on object 'Object Repository/FDR-Dashboard/Search/searchInputField'

2020-09-08 11:49:11 - [MESSAGE][PASSED] - Text 'Thor' is set on object 'Object Repository/FDR-Dashboard/Search/searchInputField'

2020-09-08 11:49:11 - [TEST_STEP][PASSED] - waitForElementClickable(findTestObject("FDR-VoucherEntry/VoucherHeader/reviewButton"), 2): Web element with id: 'Object Repository/FDR-VoucherEntry/VoucherHeader/reviewButton' located by '//*[@data-id='action-button']//*[contains(text(),'Review')]' not found

2020-09-08 11:49:14 - [MESSAGE][INFO] - Unable to find the element located by 'By.xpath: //*[@data-id='action-button']//*[contains(text(),'Review')]'. Please recheck the objects properties to make sure the desired element is located. 

2020-09-08 11:49:14 - [MESSAGE][WARNING] - Web element with id: 'Object Repository/FDR-VoucherEntry/VoucherHeader/reviewButton' located by '//*[@data-id='action-button']//*[contains(text(),'Review')]' not found

2020-09-08 11:49:14 - [TEST_STEP][PASSED] - validate = validators.voucherSearchValidation("6789"): null

2020-09-08 11:49:14 - [TEST_STEP][PASSED] - softAssertion.assertTrue(validate, "supplier validation Failed"): null

2020-09-08 11:49:14 - [TEST_STEP][PASSED] - Uifunctions.clearElementText(findTestObject("FDR-Dashboard/Search/searchInputField")): Execute JavaScript 'arguments[0].value='';' successfully

2020-09-08 11:49:14 - [MESSAGE][PASSED] - Execute JavaScript 'arguments[0].value='';' successfully

2020-09-08 11:49:14 - [TEST_STEP][PASSED] - waitForElementPresent(findTestObject("FDR-Dashboard/Search/searchInputField"), 2): Object 'Object Repository/FDR-Dashboard/Search/searchInputField' is present

2020-09-08 11:49:15 - [MESSAGE][PASSED] - Object 'Object Repository/FDR-Dashboard/Search/searchInputField' is present

2020-09-08 11:49:15 - [TEST_STEP][PASSED] - setText(findTestObject("FDR-Dashboard/Search/searchInputField"), "98735"): Text '98735' is set on object 'Object Repository/FDR-Dashboard/Search/searchInputField'

2020-09-08 11:49:15 - [MESSAGE][PASSED] - Text '98735' is set on object 'Object Repository/FDR-Dashboard/Search/searchInputField'

2020-09-08 11:49:15 - [TEST_STEP][PASSED] - waitForElementClickable(findTestObject("FDR-VoucherEntry/VoucherHeader/reviewButton"), 2): Web element with id: 'Object Repository/FDR-VoucherEntry/VoucherHeader/reviewButton' located by '//*[@data-id='action-button']//*[contains(text(),'Review')]' not found

2020-09-08 11:49:18 - [MESSAGE][INFO] - Unable to find the element located by 'By.xpath: //*[@data-id='action-button']//*[contains(text(),'Review')]'. Please recheck the objects properties to make sure the desired element is located. 

2020-09-08 11:49:18 - [MESSAGE][WARNING] - Web element with id: 'Object Repository/FDR-VoucherEntry/VoucherHeader/reviewButton' located by '//*[@data-id='action-button']//*[contains(text(),'Review')]' not found

2020-09-08 11:49:18 - [TEST_STEP][PASSED] - validate = validators.voucherSearchValidation("98735"): null

2020-09-08 11:49:20 - [TEST_STEP][PASSED] - softAssertion.assertTrue(validate, "Contract validation Failed"): null

2020-09-08 11:49:20 - [TEST_STEP][PASSED] - Start tear down : tearDownTestCase: Method 'tearDownTestCase' complete successfully

2020-09-08 11:49:20 - [MESSAGE][PASSED] - Method 'tearDownTestCase' complete successfully

2020-09-08 11:49:20 - [TEST_STEP][PASSED] - Start listener action : sampleAfterTestCase: null

2020-09-08 11:49:20 - [TEST_STEP][PASSED] - profileName = getExecutionProfile(): null

2020-09-08 11:49:20 - [TEST_STEP][PASSED] - switch (profileName): null

2020-09-08 11:49:20 - [TEST_STEP][PASSED] - case "superUser":: null

2020-09-08 11:49:20 - [TEST_STEP][PASSED] - return null: null

2020-09-08 11:49:20 - [TEST_STEP][PASSED] - Start listener action : afterTestCase: null

2020-09-08 11:49:20 - [TEST_STEP][PASSED] - profileName = getExecutionProfile(): null

2020-09-08 11:49:20 - [TEST_STEP][PASSED] - if (profileName.equalsIgnoreCase("SysAdmin")): null

2020-09-08 11:49:20 - [TEST_STEP][PASSED] - Start listener action : sampleAfterTestCase: null

2020-09-08 11:49:20 - [TEST_STEP][PASSED] - profileName = getExecutionProfile(): null

2020-09-08 11:49:20 - [TEST_STEP][PASSED] - switch (profileName): null

2020-09-08 11:49:20 - [TEST_STEP][PASSED] - case "Voucher":: null

2020-09-08 11:49:20 - [TEST_STEP][PASSED] - Uifunctions.logoutFDR(): Browser is closed

2020-09-08 11:49:20 - [MESSAGE][PASSED] - Browser is closed

2020-09-08 11:49:20 - [TEST_STEP][PASSED] - break: null

2020-09-08 11:49:20 - [TEST_STEP][PASSED] - Start listener action : addFailedTCToList: null]]></system-out>
         <system-err><![CDATA[]]></system-err>
      </testcase>
      <testcase name="Test Cases/WEB-UI-TESTS/Voucher/FDR-Delete-Voucher-Header" time="177.484" classname="Test Cases/WEB-UI-TESTS/Voucher/FDR-Delete-Voucher-Header" status="PASSED">
         <system-out><![CDATA[2020-09-08 11:49:20 - [TEST_CASE][PASSED] - Test Cases/WEB-UI-TESTS/Voucher/FDR-Delete-Voucher-Header: Test Cases/WEB-UI-TESTS/Voucher/FDR-Delete-Voucher-Header

2020-09-08 11:49:20 - [TEST_STEP][PASSED] - Start listener action : sampleBeforeTestCase: null

2020-09-08 11:49:20 - [TEST_STEP][PASSED] - profileName = getExecutionProfile(): null

2020-09-08 11:49:20 - [TEST_STEP][PASSED] - switch (profileName): null

2020-09-08 11:49:20 - [TEST_STEP][PASSED] - case "superUser":: null

2020-09-08 11:49:20 - [TEST_STEP][PASSED] - return null: null

2020-09-08 11:49:20 - [TEST_STEP][PASSED] - Start listener action : beforeTestCase: null

2020-09-08 11:49:20 - [TEST_STEP][PASSED] - profileName = getExecutionProfile(): null

2020-09-08 11:49:20 - [TEST_STEP][PASSED] - if (profileName.equalsIgnoreCase("SysAdmin")): null

2020-09-08 11:49:20 - [TEST_STEP][PASSED] - Start listener action : sampleBeforeTestCase: Navigate to 'https://fdr-katalon.cammis-mod-dev.dhcs.ca.gov' successfully

2020-09-08 11:49:20 - [TEST_STEP][PASSED] - profileName = getExecutionProfile(): null

2020-09-08 11:49:20 - [TEST_STEP][PASSED] - testCaseId = testCaseContext.getTestCaseId(): null

2020-09-08 11:49:20 - [TEST_STEP][PASSED] - switch (profileName): null

2020-09-08 11:49:20 - [TEST_STEP][PASSED] - case "Voucher":: null

2020-09-08 11:49:20 - [TEST_STEP][PASSED] - Uifunctions.loginFDR(accountsApproverAcc2, accountsApproverAcc2Pwd): Object: 'Object Repository/FDR-SignIn/SignInButton' is clicked on

2020-09-08 11:49:20 - [MESSAGE][INFO] - Starting 'Chrome' driver

2020-09-08 11:49:20 - [MESSAGE][INFO] - Action delay is set to 0 milliseconds

2020-09-08 11:49:23 - [MESSAGE][PASSED] - Browser is opened with url: ''

2020-09-08 11:49:25 - [MESSAGE][PASSED] - Current window maximized

2020-09-08 11:49:26 - [MESSAGE][PASSED] - Navigate to 'https://fdr-katalon.cammis-mod-dev.dhcs.ca.gov' successfully

2020-09-08 11:49:28 - [MESSAGE][PASSED] - Object 'Object Repository/FDR-SignIn/SignInEmail' is present

2020-09-08 11:49:28 - [MESSAGE][PASSED] - Object: 'Object Repository/FDR-SignIn/SignInEmail' is clicked on

2020-09-08 11:49:28 - [MESSAGE][PASSED] - Object 'Object Repository/FDR-SignIn/SignInEmail' is present

2020-09-08 11:49:29 - [MESSAGE][PASSED] - Text 'fdr.test2@dhcs.ca.gov' is set on object 'Object Repository/FDR-SignIn/SignInEmail'

2020-09-08 11:49:29 - [MESSAGE][PASSED] - Object 'Object Repository/FDR-SignIn/SignInEmailNext' is visible

2020-09-08 11:49:29 - [MESSAGE][PASSED] - Object: 'Object Repository/FDR-SignIn/SignInEmailNext' is clicked on

2020-09-08 11:49:33 - [MESSAGE][PASSED] - Object 'Object Repository/FDR-SignIn/SignInEmailPassword' is visible

2020-09-08 11:49:33 - [MESSAGE][PASSED] - Object: 'Object Repository/FDR-SignIn/SignInEmailPassword' is clicked on

2020-09-08 11:49:33 - [MESSAGE][PASSED] - Text ****** has been set on object 'Object Repository/FDR-SignIn/SignInEmailPassword'

2020-09-08 11:49:35 - [MESSAGE][PASSED] - Object: 'Object Repository/FDR-SignIn/SignInButton' is clicked on

2020-09-08 11:49:35 - [TEST_STEP][PASSED] - break: null

2020-09-08 11:49:35 - [TEST_STEP][PASSED] - navigateToUrl(URL): Navigate to 'https://fdr-katalon.cammis-mod-dev.dhcs.ca.gov' successfully

2020-09-08 11:49:36 - [MESSAGE][PASSED] - Navigate to 'https://fdr-katalon.cammis-mod-dev.dhcs.ca.gov' successfully

2020-09-08 11:49:36 - [TEST_STEP][PASSED] - Start listener action : executeRows: null

2020-09-08 11:49:36 - [TEST_STEP][PASSED] - Start setup action : setupTestCase: Method 'setupTestCase' complete successfully

2020-09-08 11:49:36 - [MESSAGE][PASSED] - Method 'setupTestCase' complete successfully

2020-09-08 11:49:36 - [TEST_STEP][PASSED] - callTestCase(findTestCase("WEB-UI-TESTS/Voucher/FDR-Create-Simple-Voucher"), ["drawDate":drawDate, "payDate":payDate, "programType":programType, "invoiceType":invoiceType, "fundCode":fundCode, "supplier":supplier, ... ], STOP_ON_FAILURE): Call Test Case 'Test Cases/WEB-UI-TESTS/Voucher/FDR-Create-Simple-Voucher' successfully

2020-09-08 11:49:36 - [TEST_CASE][PASSED] - Test Cases/WEB-UI-TESTS/Voucher/FDR-Create-Simple-Voucher: Test Cases/WEB-UI-TESTS/Voucher/FDR-Create-Simple-Voucher

2020-09-08 11:49:36 - [TEST_STEP][PASSED] - voucherHeaderData = ["drawDate":drawDate, "payDate":payDate, "programType":programType, "invoiceType":invoiceType, "fundCode":fundCode, "supplier":supplier, ... ]: null

2020-09-08 11:49:36 - [TEST_STEP][PASSED] - Uifunctions.createVoucherHeader(voucherHeaderData): Object 'Object Repository/FDR-VoucherEntry/VoucherHeader/reviewButton' is present

2020-09-08 11:49:38 - [MESSAGE][PASSED] - Object 'Object Repository/FDR-Dashboard/createNewVoucherButton' is present

2020-09-08 11:49:39 - [MESSAGE][PASSED] - Object: 'Object Repository/FDR-Dashboard/createNewVoucherButton' is clicked on

2020-09-08 11:49:43 - [MESSAGE][INFO] - Unable to find the element located by 'By.xpath: //*[@data-id='action-button']//*[contains(text(),'Review')]'. Please recheck the objects properties to make sure the desired element is located. 

2020-09-08 11:49:43 - [MESSAGE][WARNING] - Object 'Object Repository/FDR-VoucherEntry/VoucherHeader/reviewButton' is not present after 3 second(s)

2020-09-08 11:49:44 - [MESSAGE][PASSED] - Object: 'Object Repository/FDR-VoucherEntry/Voucher/drawDate' is clicked on

2020-09-08 11:49:46 - [MESSAGE][INFO] - Unable to find the element located by 'By.xpath: //*[@data-id='button-link']//*[contains(text(),'Create New Voucher')]'. Please recheck the objects properties to make sure the desired element is located. 

2020-09-08 11:49:46 - [MESSAGE][WARNING] - Object 'Object Repository/FDR-Dashboard/createNewVoucherButton' is not present after 1 second(s)

2020-09-08 11:49:47 - [MESSAGE][PASSED] - Text '09/23/2020' is set on object 'Object Repository/FDR-VoucherEntry/Voucher/drawDate'

2020-09-08 11:49:51 - [MESSAGE][INFO] - Unable to find the element located by 'By.xpath: //*[@data-id='button-link']//*[contains(text(),'Create New Voucher')]'. Please recheck the objects properties to make sure the desired element is located. 

2020-09-08 11:49:51 - [MESSAGE][WARNING] - Object 'Object Repository/FDR-Dashboard/createNewVoucherButton' is not present after 3 second(s)

2020-09-08 11:49:51 - [MESSAGE][PASSED] - Object: 'Object Repository/FDR-VoucherEntry/Voucher/programType' is clicked on

2020-09-08 11:49:54 - [MESSAGE][INFO] - Unable to find the element located by 'By.xpath: //*[@data-id='button-link']//*[contains(text(),'Create New Voucher')]'. Please recheck the objects properties to make sure the desired element is located. 

2020-09-08 11:49:54 - [MESSAGE][WARNING] - Object 'Object Repository/FDR-Dashboard/createNewVoucherButton' is not present after 2 second(s)

2020-09-08 11:49:55 - [MESSAGE][PASSED] - Keys 'Medical Assistance (MA)' sent to object: 'Object Repository/FDR-VoucherEntry/Voucher/programType'

2020-09-08 11:49:55 - [MESSAGE][PASSED] - Object 'Object Repository/FDR-VoucherEntry/Voucher/programType' is present

2020-09-08 11:49:55 - [MESSAGE][PASSED] - Keys 'DOWN + ENTER + ' sent to object: 'Object Repository/FDR-VoucherEntry/Voucher/programType'

2020-09-08 11:49:56 - [MESSAGE][PASSED] - Object: 'Object Repository/FDR-VoucherEntry/Voucher/invoiceType' is clicked on

2020-09-08 11:49:56 - [MESSAGE][PASSED] - Object 'Object Repository/FDR-VoucherEntry/Voucher/invoiceType' is present

2020-09-08 11:49:57 - [MESSAGE][PASSED] - Keys 'CAP' sent to object: 'Object Repository/FDR-VoucherEntry/Voucher/invoiceType'

2020-09-08 11:49:57 - [MESSAGE][PASSED] - Keys 'DOWN + ENTER + ' sent to object: 'Object Repository/FDR-VoucherEntry/Voucher/invoiceType'

2020-09-08 11:49:58 - [MESSAGE][PASSED] - Object: 'Object Repository/FDR-VoucherEntry/Voucher/fundCode' is clicked on

2020-09-08 11:49:58 - [MESSAGE][PASSED] - Keys 'Health Care Deposit Fund (0912)' sent to object: 'Object Repository/FDR-VoucherEntry/Voucher/fundCode'

2020-09-08 11:49:59 - [MESSAGE][PASSED] - Object 'Object Repository/FDR-VoucherEntry/Voucher/fundCode' is present

2020-09-08 11:49:59 - [MESSAGE][PASSED] - Keys 'DOWN + ENTER + ' sent to object: 'Object Repository/FDR-VoucherEntry/Voucher/fundCode'

2020-09-08 11:50:00 - [MESSAGE][PASSED] - Object: 'Object Repository/FDR-VoucherEntry/Voucher/supplierID' is clicked on

2020-09-08 11:50:00 - [MESSAGE][PASSED] - Keys '0000007954' sent to object: 'Object Repository/FDR-VoucherEntry/Voucher/supplierID'

2020-09-08 11:50:01 - [MESSAGE][PASSED] - Object 'Object Repository/FDR-VoucherEntry/Voucher/supplierID' is present

2020-09-08 11:50:02 - [MESSAGE][PASSED] - Keys 'DOWN + ENTER + ' sent to object: 'Object Repository/FDR-VoucherEntry/Voucher/supplierID'

2020-09-08 11:50:02 - [MESSAGE][PASSED] - Object: 'Object Repository/FDR-VoucherEntry/Voucher/seqNum' is clicked on

2020-09-08 11:50:03 - [MESSAGE][PASSED] - Object 'Object Repository/FDR-VoucherEntry/Voucher/seqNum' is present

2020-09-08 11:50:03 - [MESSAGE][PASSED] - Keys 'DOWN + ENTER + ' sent to object: 'Object Repository/FDR-VoucherEntry/Voucher/seqNum'

2020-09-08 11:50:03 - [MESSAGE][PASSED] - Object: 'Object Repository/FDR-VoucherEntry/Voucher/contractNum' is clicked on

2020-09-08 11:50:04 - [MESSAGE][PASSED] - Keys '07-65707' sent to object: 'Object Repository/FDR-VoucherEntry/Voucher/contractNum'

2020-09-08 11:50:04 - [MESSAGE][PASSED] - Object 'Object Repository/FDR-VoucherEntry/Voucher/contractNum' is present

2020-09-08 11:50:04 - [MESSAGE][PASSED] - Keys 'DOWN + ENTER + ' sent to object: 'Object Repository/FDR-VoucherEntry/Voucher/contractNum'

2020-09-08 11:50:07 - [MESSAGE][PASSED] - Text 'This message will print on the Remittance Advice' is set on object 'Object Repository/FDR-VoucherEntry/Voucher/vendorMessage'

2020-09-08 11:50:07 - [MESSAGE][PASSED] - Object: 'Object Repository/FDR-VoucherEntry/Voucher/primaryContact' is clicked on

2020-09-08 11:50:08 - [MESSAGE][PASSED] - Keys 'Aung Lin' sent to object: 'Object Repository/FDR-VoucherEntry/Voucher/primaryContact'

2020-09-08 11:50:08 - [MESSAGE][PASSED] - Object 'Object Repository/FDR-VoucherEntry/Voucher/primaryContact' is present

2020-09-08 11:50:09 - [MESSAGE][PASSED] - Keys 'DOWN + ENTER + ' sent to object: 'Object Repository/FDR-VoucherEntry/Voucher/primaryContact'

2020-09-08 11:50:09 - [MESSAGE][PASSED] - Object: 'Object Repository/FDR-VoucherEntry/Voucher/secondaryContact' is clicked on

2020-09-08 11:50:10 - [MESSAGE][PASSED] - Keys 'Vivian Ly' sent to object: 'Object Repository/FDR-VoucherEntry/Voucher/secondaryContact'

2020-09-08 11:50:10 - [MESSAGE][PASSED] - Object 'Object Repository/FDR-VoucherEntry/Voucher/secondaryContact' is present

2020-09-08 11:50:11 - [MESSAGE][PASSED] - Object 'Object Repository/FDR-VoucherEntry/Voucher/secondaryContact' is present

2020-09-08 11:50:11 - [MESSAGE][PASSED] - Keys 'DOWN + ENTER + ' sent to object: 'Object Repository/FDR-VoucherEntry/Voucher/secondaryContact'

2020-09-08 11:50:11 - [MESSAGE][PASSED] - Object: 'Object Repository/FDR-VoucherEntry/Voucher/buttonNext' is clicked on

2020-09-08 11:50:14 - [MESSAGE][PASSED] - Delayed 3 second(s)

2020-09-08 11:50:15 - [MESSAGE][PASSED] - Object 'Object Repository/FDR-VoucherEntry/VoucherHeader/reviewButton' is present

2020-09-08 11:50:15 - [TEST_STEP][PASSED] - waitForElementPresent(findTestObject("FDR-Dashboard/createNewVoucherButton"), 4): Object 'Object Repository/FDR-Dashboard/createNewVoucherButton' is not present after 4 second(s)

2020-09-08 11:50:20 - [MESSAGE][INFO] - Unable to find the element located by 'By.xpath: //*[@data-id='button-link']//*[contains(text(),'Create New Voucher')]'. Please recheck the objects properties to make sure the desired element is located. 

2020-09-08 11:50:20 - [MESSAGE][WARNING] - Object 'Object Repository/FDR-Dashboard/createNewVoucherButton' is not present after 4 second(s)

2020-09-08 11:50:20 - [TEST_STEP][PASSED] - Uifunctions.createInvoiceLine(1): Object 'Object Repository/FDR-VoucherEntry/VoucherHeader/reviewButton' is present

2020-09-08 11:50:20 - [MESSAGE][PASSED] - Object 'Object Repository/FDR-VoucherEntry/VoucherHeader/reviewButton' is present

2020-09-08 11:50:23 - [MESSAGE][INFO] - Unable to find the element located by 'By.xpath: //*[contains(text(),'Add voucher')]//parent::button'. Please recheck the objects properties to make sure the desired element is located. 

2020-09-08 11:50:23 - [MESSAGE][WARNING] - Object 'Object Repository/FDR-VoucherEntry/InvoiceLine/addVoucherButton' is not present after 2 second(s)

2020-09-08 11:50:23 - [MESSAGE][PASSED] - Object 'Object Repository/FDR-VoucherEntry/InvoiceLine/invoice' is clickable

2020-09-08 11:50:24 - [MESSAGE][PASSED] - Object: 'Object Repository/FDR-VoucherEntry/InvoiceLine/invoice' is clicked on

2020-09-08 11:50:24 - [MESSAGE][PASSED] - Text '6070' is set on object 'Object Repository/FDR-VoucherEntry/InvoiceLine/invoice'

2020-09-08 11:50:25 - [MESSAGE][PASSED] - Object: 'Object Repository/FDR-VoucherEntry/InvoiceLine/invoiceDate' is clicked on

2020-09-08 11:50:25 - [MESSAGE][PASSED] - Object 'Object Repository/FDR-VoucherEntry/InvoiceLine/invoiceDate' is present

2020-09-08 11:50:26 - [MESSAGE][PASSED] - Text '09/08/2020' is set on object 'Object Repository/FDR-VoucherEntry/InvoiceLine/invoiceDate'

2020-09-08 11:50:26 - [MESSAGE][PASSED] - Object: 'Object Repository/FDR-VoucherEntry/InvoiceLine/originalWarrantDate' is clicked on

2020-09-08 11:50:27 - [MESSAGE][PASSED] - Text '09/09/2020' is set on object 'Object Repository/FDR-VoucherEntry/InvoiceLine/originalWarrantDate'

2020-09-08 11:50:28 - [MESSAGE][PASSED] - Object 'Object Repository/FDR-VoucherEntry/InvoiceLine/addInvoiceLineButton' is present

2020-09-08 11:50:28 - [MESSAGE][PASSED] - Object: 'Object Repository/FDR-VoucherEntry/InvoiceLine/addInvoiceLineButtonIndex2' is clicked on

2020-09-08 11:50:29 - [MESSAGE][PASSED] - Object 'Object Repository/FDR-VoucherEntry/VoucherHeader/reviewButton' is present

2020-09-08 11:50:29 - [TEST_STEP][PASSED] - waitForElementClickable(findTestObject("FDR-VoucherEntry/InvoiceLine/invoiceLineExpandButton"), 5): Object 'Object Repository/FDR-VoucherEntry/InvoiceLine/invoiceLineExpandButton' is clickable

2020-09-08 11:50:29 - [MESSAGE][PASSED] - Object 'Object Repository/FDR-VoucherEntry/InvoiceLine/invoiceLineExpandButton' is clickable

2020-09-08 11:50:29 - [TEST_STEP][PASSED] - click(findTestObject("FDR-VoucherEntry/InvoiceLine/invoiceLineExpandButton")): Object: 'Object Repository/FDR-VoucherEntry/InvoiceLine/invoiceLineExpandButton' is clicked on

2020-09-08 11:50:29 - [MESSAGE][PASSED] - Object: 'Object Repository/FDR-VoucherEntry/InvoiceLine/invoiceLineExpandButton' is clicked on

2020-09-08 11:50:29 - [TEST_STEP][PASSED] - waitForElementPresent(findTestObject("FDR-Dashboard/createNewVoucherButton"), 4): Object 'Object Repository/FDR-Dashboard/createNewVoucherButton' is not present after 4 second(s)

2020-09-08 11:50:34 - [MESSAGE][INFO] - Unable to find the element located by 'By.xpath: //*[@data-id='button-link']//*[contains(text(),'Create New Voucher')]'. Please recheck the objects properties to make sure the desired element is located. 

2020-09-08 11:50:34 - [MESSAGE][WARNING] - Object 'Object Repository/FDR-Dashboard/createNewVoucherButton' is not present after 4 second(s)

2020-09-08 11:50:34 - [TEST_STEP][PASSED] - click(findTestObject("FDR-VoucherEntry/InvoiceLine/invoiceAddlineButton")): Object: 'Object Repository/FDR-VoucherEntry/InvoiceLine/invoiceAddlineButton' is clicked on

2020-09-08 11:50:35 - [MESSAGE][PASSED] - Object: 'Object Repository/FDR-VoucherEntry/InvoiceLine/invoiceAddlineButton' is clicked on

2020-09-08 11:50:35 - [TEST_STEP][PASSED] - Uifunctions.createDistributionLines(1, "Voucher/FDR-DL"): Object: 'Object Repository/FDR-VoucherEntry/DistributionLine/addSaveButton' is clicked on

2020-09-08 11:50:39 - [MESSAGE][INFO] - Unable to find the element located by 'By.xpath: //*[@data-id='button-link']//*[contains(text(),'Create New Voucher')]'. Please recheck the objects properties to make sure the desired element is located. 

2020-09-08 11:50:39 - [MESSAGE][WARNING] - Object 'Object Repository/FDR-Dashboard/createNewVoucherButton' is not present after 3 second(s)

2020-09-08 11:50:42 - [MESSAGE][INFO] - Unable to find the element located by 'By.xpath: //*[@data-id='button-link']//*[contains(text(),'Create New Voucher')]'. Please recheck the objects properties to make sure the desired element is located. 

2020-09-08 11:50:42 - [MESSAGE][WARNING] - Object 'Object Repository/FDR-Dashboard/createNewVoucherButton' is not present after 2 second(s)

2020-09-08 11:50:42 - [MESSAGE][PASSED] - Object 'Object Repository/FDR-VoucherEntry/DistributionLine/serviceDateFrom' is clickable

2020-09-08 11:50:43 - [MESSAGE][PASSED] - Object: 'Object Repository/FDR-VoucherEntry/DistributionLine/serviceDateFrom' is clicked on

2020-09-08 11:50:43 - [MESSAGE][PASSED] - Object 'Object Repository/FDR-VoucherEntry/DistributionLine/serviceDateFrom' is present

2020-09-08 11:50:44 - [MESSAGE][PASSED] - Text '08/04/2020' is set on object 'Object Repository/FDR-VoucherEntry/DistributionLine/serviceDateFrom'

2020-09-08 11:50:44 - [MESSAGE][PASSED] - Object: 'Object Repository/FDR-VoucherEntry/DistributionLine/serviceDateTo' is clicked on

2020-09-08 11:50:45 - [MESSAGE][PASSED] - Object 'Object Repository/FDR-VoucherEntry/DistributionLine/serviceDateTo' is present

2020-09-08 11:50:45 - [MESSAGE][PASSED] - Text '08/05/2020' is set on object 'Object Repository/FDR-VoucherEntry/DistributionLine/serviceDateTo'

2020-09-08 11:50:49 - [MESSAGE][INFO] - Unable to find the element located by 'By.xpath: //*[@data-id='button-link']//*[contains(text(),'Create New Voucher')]'. Please recheck the objects properties to make sure the desired element is located. 

2020-09-08 11:50:49 - [MESSAGE][WARNING] - Object 'Object Repository/FDR-Dashboard/createNewVoucherButton' is not present after 2 second(s)

2020-09-08 11:50:49 - [MESSAGE][PASSED] - Object: 'Object Repository/FDR-VoucherEntry/DistributionLine/amount' is clicked on

2020-09-08 11:50:49 - [MESSAGE][PASSED] - Execute JavaScript 'arguments[0].value='';' successfully

2020-09-08 11:50:50 - [MESSAGE][PASSED] - Keys '100' sent to object: 'Object Repository/FDR-VoucherEntry/DistributionLine/amount'

2020-09-08 11:50:52 - [MESSAGE][INFO] - Unable to find the element located by 'By.xpath: //*[@data-id='button-link']//*[contains(text(),'Create New Voucher')]'. Please recheck the objects properties to make sure the desired element is located. 

2020-09-08 11:50:52 - [MESSAGE][WARNING] - Object 'Object Repository/FDR-Dashboard/createNewVoucherButton' is not present after 1 second(s)

2020-09-08 11:50:52 - [MESSAGE][PASSED] - Object: 'Object Repository/FDR-VoucherEntry/DistributionLine/waiverType' is clicked on

2020-09-08 11:50:55 - [MESSAGE][INFO] - Unable to find the element located by 'By.xpath: //*[@data-id='button-link']//*[contains(text(),'Create New Voucher')]'. Please recheck the objects properties to make sure the desired element is located. 

2020-09-08 11:50:55 - [MESSAGE][WARNING] - Object 'Object Repository/FDR-Dashboard/createNewVoucherButton' is not present after 1 second(s)

2020-09-08 11:50:55 - [MESSAGE][PASSED] - Keys '1115' sent to object: 'Object Repository/FDR-VoucherEntry/DistributionLine/waiverType'

2020-09-08 11:50:58 - [MESSAGE][INFO] - Unable to find the element located by 'By.xpath: //*[@data-id='button-link']//*[contains(text(),'Create New Voucher')]'. Please recheck the objects properties to make sure the desired element is located. 

2020-09-08 11:50:58 - [MESSAGE][WARNING] - Object 'Object Repository/FDR-Dashboard/createNewVoucherButton' is not present after 2 second(s)

2020-09-08 11:50:59 - [MESSAGE][PASSED] - Keys 'DOWN + ENTER + ' sent to object: 'Object Repository/FDR-VoucherEntry/DistributionLine/waiverType'

2020-09-08 11:50:59 - [MESSAGE][PASSED] - Object: 'Object Repository/FDR-VoucherEntry/DistributionLine/waiverName' is clicked on

2020-09-08 11:50:59 - [MESSAGE][PASSED] - Keys 'CBAS' sent to object: 'Object Repository/FDR-VoucherEntry/DistributionLine/waiverName'

2020-09-08 11:51:03 - [MESSAGE][INFO] - Unable to find the element located by 'By.xpath: //*[@data-id='button-link']//*[contains(text(),'Create New Voucher')]'. Please recheck the objects properties to make sure the desired element is located. 

2020-09-08 11:51:03 - [MESSAGE][WARNING] - Object 'Object Repository/FDR-Dashboard/createNewVoucherButton' is not present after 2 second(s)

2020-09-08 11:51:03 - [MESSAGE][PASSED] - Keys 'DOWN + ENTER + ' sent to object: 'Object Repository/FDR-VoucherEntry/DistributionLine/waiverName'

2020-09-08 11:51:04 - [MESSAGE][PASSED] - Object: 'Object Repository/FDR-VoucherEntry/DistributionLine/fundingSource' is clicked on

2020-09-08 11:51:04 - [MESSAGE][PASSED] - Keys 'Dental' sent to object: 'Object Repository/FDR-VoucherEntry/DistributionLine/fundingSource'

2020-09-08 11:51:07 - [MESSAGE][INFO] - Unable to find the element located by 'By.xpath: //*[@data-id='button-link']//*[contains(text(),'Create New Voucher')]'. Please recheck the objects properties to make sure the desired element is located. 

2020-09-08 11:51:07 - [MESSAGE][WARNING] - Object 'Object Repository/FDR-Dashboard/createNewVoucherButton' is not present after 2 second(s)

2020-09-08 11:51:08 - [MESSAGE][PASSED] - Keys 'DOWN + ENTER + ' sent to object: 'Object Repository/FDR-VoucherEntry/DistributionLine/fundingSource'

2020-09-08 11:51:08 - [MESSAGE][PASSED] - Object: 'Object Repository/FDR-VoucherEntry/DistributionLine/fundRatio' is clicked on

2020-09-08 11:51:09 - [MESSAGE][PASSED] - Keys '90/10' sent to object: 'Object Repository/FDR-VoucherEntry/DistributionLine/fundRatio'

2020-09-08 11:51:12 - [MESSAGE][INFO] - Unable to find the element located by 'By.xpath: //*[@data-id='button-link']//*[contains(text(),'Create New Voucher')]'. Please recheck the objects properties to make sure the desired element is located. 

2020-09-08 11:51:12 - [MESSAGE][WARNING] - Object 'Object Repository/FDR-Dashboard/createNewVoucherButton' is not present after 2 second(s)

2020-09-08 11:51:12 - [MESSAGE][PASSED] - Keys 'DOWN + ENTER + ' sent to object: 'Object Repository/FDR-VoucherEntry/DistributionLine/fundRatio'

2020-09-08 11:51:13 - [MESSAGE][PASSED] - Object: 'Object Repository/FDR-VoucherEntry/DistributionLine/nonFederalFund' is clicked on

2020-09-08 11:51:13 - [MESSAGE][PASSED] - Keys '0001' sent to object: 'Object Repository/FDR-VoucherEntry/DistributionLine/nonFederalFund'

2020-09-08 11:51:16 - [MESSAGE][INFO] - Unable to find the element located by 'By.xpath: //*[@data-id='button-link']//*[contains(text(),'Create New Voucher')]'. Please recheck the objects properties to make sure the desired element is located. 

2020-09-08 11:51:16 - [MESSAGE][WARNING] - Object 'Object Repository/FDR-Dashboard/createNewVoucherButton' is not present after 2 second(s)

2020-09-08 11:51:17 - [MESSAGE][PASSED] - Keys 'DOWN + ENTER + ' sent to object: 'Object Repository/FDR-VoucherEntry/DistributionLine/nonFederalFund'

2020-09-08 11:51:17 - [MESSAGE][PASSED] - Object: 'Object Repository/FDR-VoucherEntry/DistributionLine/account' is clicked on

2020-09-08 11:51:18 - [MESSAGE][PASSED] - Keys '5442000' sent to object: 'Object Repository/FDR-VoucherEntry/DistributionLine/account'

2020-09-08 11:51:18 - [MESSAGE][PASSED] - Keys 'DOWN + ENTER + ' sent to object: 'Object Repository/FDR-VoucherEntry/DistributionLine/account'

2020-09-08 11:51:19 - [MESSAGE][PASSED] - Object: 'Object Repository/FDR-VoucherEntry/DistributionLine/altAccount' is clicked on

2020-09-08 11:51:19 - [MESSAGE][PASSED] - Keys '5442000' sent to object: 'Object Repository/FDR-VoucherEntry/DistributionLine/altAccount'

2020-09-08 11:51:20 - [MESSAGE][PASSED] - Object 'Object Repository/FDR-VoucherEntry/DistributionLine/altAccount' is present

2020-09-08 11:51:20 - [MESSAGE][PASSED] - Keys 'DOWN + ENTER + ' sent to object: 'Object Repository/FDR-VoucherEntry/DistributionLine/altAccount'

2020-09-08 11:51:21 - [MESSAGE][PASSED] - Object: 'Object Repository/FDR-VoucherEntry/DistributionLine/serviceCategory' is clicked on

2020-09-08 11:51:24 - [MESSAGE][INFO] - Unable to find the element located by 'By.xpath: //*[@data-id='button-link']//*[contains(text(),'Create New Voucher')]'. Please recheck the objects properties to make sure the desired element is located. 

2020-09-08 11:51:24 - [MESSAGE][WARNING] - Object 'Object Repository/FDR-Dashboard/createNewVoucherButton' is not present after 2 second(s)

2020-09-08 11:51:24 - [MESSAGE][PASSED] - Keys '18B1' sent to object: 'Object Repository/FDR-VoucherEntry/DistributionLine/serviceCategory'

2020-09-08 11:51:24 - [MESSAGE][PASSED] - Keys 'DOWN + ENTER + ' sent to object: 'Object Repository/FDR-VoucherEntry/DistributionLine/serviceCategory'

2020-09-08 11:51:25 - [MESSAGE][PASSED] - Object: 'Object Repository/FDR-VoucherEntry/DistributionLine/incDecLine' is clicked on

2020-09-08 11:51:25 - [MESSAGE][PASSED] - Keys '8: Adjustments and corrections' sent to object: 'Object Repository/FDR-VoucherEntry/DistributionLine/incDecLine'

2020-09-08 11:51:26 - [MESSAGE][PASSED] - Keys 'DOWN + ENTER + ' sent to object: 'Object Repository/FDR-VoucherEntry/DistributionLine/incDecLine'

2020-09-08 11:51:28 - [MESSAGE][INFO] - Unable to find the element located by 'By.xpath: //*[@data-id='button-link']//*[contains(text(),'Create New Voucher')]'. Please recheck the objects properties to make sure the desired element is located. 

2020-09-08 11:51:28 - [MESSAGE][WARNING] - Object 'Object Repository/FDR-Dashboard/createNewVoucherButton' is not present after 1 second(s)

2020-09-08 11:51:28 - [MESSAGE][PASSED] - Object: 'Object Repository/FDR-VoucherEntry/DistributionLine/index' is clicked on

2020-09-08 11:51:29 - [MESSAGE][PASSED] - Keys '1155' sent to object: 'Object Repository/FDR-VoucherEntry/DistributionLine/index'

2020-09-08 11:51:29 - [MESSAGE][PASSED] - Keys 'DOWN + ENTER + ' sent to object: 'Object Repository/FDR-VoucherEntry/DistributionLine/index'

2020-09-08 11:51:30 - [MESSAGE][PASSED] - Object: 'Object Repository/FDR-VoucherEntry/DistributionLine/addSaveButton' is clicked on

2020-09-08 11:51:30 - [MESSAGE][PASSED] - Call Test Case 'Test Cases/WEB-UI-TESTS/Voucher/FDR-Create-Simple-Voucher' successfully

2020-09-08 11:51:30 - [TEST_STEP][PASSED] - waitForElementPresent(findTestObject("FDR-Dashboard/createNewVoucherButton"), 3): Object 'Object Repository/FDR-Dashboard/createNewVoucherButton' is not present after 3 second(s)

2020-09-08 11:51:34 - [MESSAGE][INFO] - Unable to find the element located by 'By.xpath: //*[@data-id='button-link']//*[contains(text(),'Create New Voucher')]'. Please recheck the objects properties to make sure the desired element is located. 

2020-09-08 11:51:34 - [MESSAGE][WARNING] - Object 'Object Repository/FDR-Dashboard/createNewVoucherButton' is not present after 3 second(s)

2020-09-08 11:51:34 - [TEST_STEP][PASSED] - processorVoucherNumber = getText(findTestObject("FDR-VoucherEntry/VoucherHeader/voucherNum")): Text of object 'Object Repository/FDR-VoucherEntry/VoucherHeader/voucherNum' is: 'CAP00000130'

2020-09-08 11:51:34 - [MESSAGE][PASSED] - Text of object 'Object Repository/FDR-VoucherEntry/VoucherHeader/voucherNum' is: 'CAP00000130'

2020-09-08 11:51:34 - [TEST_STEP][PASSED] - click(findTestObject("FDR-EditVoucher/voucherEditIcon")): Object: 'Object Repository/FDR-EditVoucher/voucherEditIcon' is clicked on

2020-09-08 11:51:35 - [MESSAGE][PASSED] - Object: 'Object Repository/FDR-EditVoucher/voucherEditIcon' is clicked on

2020-09-08 11:51:35 - [TEST_STEP][PASSED] - click(findTestObject("FDR-EditVoucher/voucherDelete")): Object: 'Object Repository/FDR-EditVoucher/voucherDelete' is clicked on

2020-09-08 11:51:35 - [MESSAGE][PASSED] - Object: 'Object Repository/FDR-EditVoucher/voucherDelete' is clicked on

2020-09-08 11:51:35 - [TEST_STEP][PASSED] - waitForElementPresent(findTestObject("FDR-VoucherEntry/VoucherHeader/reviewButton"), 4): Object 'Object Repository/FDR-VoucherEntry/VoucherHeader/reviewButton' is not present after 4 second(s)

2020-09-08 11:51:40 - [MESSAGE][INFO] - Unable to find the element located by 'By.xpath: //*[@data-id='action-button']//*[contains(text(),'Review')]'. Please recheck the objects properties to make sure the desired element is located. 

2020-09-08 11:51:40 - [MESSAGE][WARNING] - Object 'Object Repository/FDR-VoucherEntry/VoucherHeader/reviewButton' is not present after 4 second(s)

2020-09-08 11:51:40 - [TEST_STEP][PASSED] - click(findTestObject("FDR-EditVoucher/undoButton")): Object: 'Object Repository/FDR-EditVoucher/undoButton' is clicked on

2020-09-08 11:51:41 - [MESSAGE][PASSED] - Object: 'Object Repository/FDR-EditVoucher/undoButton' is clicked on

2020-09-08 11:51:41 - [TEST_STEP][PASSED] - waitForElementPresent(findTestObject("FDR-Dashboard/createNewVoucherButton"), 5): Object 'Object Repository/FDR-Dashboard/createNewVoucherButton' is present

2020-09-08 11:51:42 - [MESSAGE][PASSED] - Object 'Object Repository/FDR-Dashboard/createNewVoucherButton' is present

2020-09-08 11:51:42 - [TEST_STEP][PASSED] - returnVoucherNumber = Uifunctions.findVoucherWithVoucherNum(processorVoucherNumber): Text of object 'Object Repository/FDR-VoucherEntry/VoucherHeader/voucherTotal' is: '$100.00'

2020-09-08 11:51:42 - [MESSAGE][PASSED] - Navigate to 'https://fdr-katalon.cammis-mod-dev.dhcs.ca.gov/vouchers/00000130/entry' successfully

2020-09-08 11:51:48 - [MESSAGE][INFO] - Unable to find the element located by 'By.xpath: //*[@data-id='button-link']//*[contains(text(),'Create New Voucher')]'. Please recheck the objects properties to make sure the desired element is located. 

2020-09-08 11:51:48 - [MESSAGE][WARNING] - Object 'Object Repository/FDR-Dashboard/createNewVoucherButton' is not present after 5 second(s)

2020-09-08 11:51:49 - [MESSAGE][PASSED] - Text of object 'Object Repository/FDR-VoucherEntry/VoucherHeader/voucherTotal' is: '$100.00'

2020-09-08 11:51:49 - [TEST_STEP][PASSED] - waitForElementPresent(findTestObject("FDR-Dashboard/createNewVoucherButton"), 3): Object 'Object Repository/FDR-Dashboard/createNewVoucherButton' is not present after 3 second(s)

2020-09-08 11:51:53 - [MESSAGE][INFO] - Unable to find the element located by 'By.xpath: //*[@data-id='button-link']//*[contains(text(),'Create New Voucher')]'. Please recheck the objects properties to make sure the desired element is located. 

2020-09-08 11:51:53 - [MESSAGE][WARNING] - Object 'Object Repository/FDR-Dashboard/createNewVoucherButton' is not present after 3 second(s)

2020-09-08 11:51:53 - [TEST_STEP][PASSED] - Assert.assertNotNull(returnVoucherNumber, "Voucher deleted"): null

2020-09-08 11:51:53 - [TEST_STEP][PASSED] - click(findTestObject("FDR-EditVoucher/voucherEditIcon")): Object: 'Object Repository/FDR-EditVoucher/voucherEditIcon' is clicked on

2020-09-08 11:51:53 - [MESSAGE][PASSED] - Object: 'Object Repository/FDR-EditVoucher/voucherEditIcon' is clicked on

2020-09-08 11:51:53 - [TEST_STEP][PASSED] - click(findTestObject("FDR-EditVoucher/voucherDelete")): Object: 'Object Repository/FDR-EditVoucher/voucherDelete' is clicked on

2020-09-08 11:51:53 - [MESSAGE][PASSED] - Object: 'Object Repository/FDR-EditVoucher/voucherDelete' is clicked on

2020-09-08 11:51:53 - [TEST_STEP][PASSED] - waitForElementPresent(findTestObject("FDR-VoucherEntry/VoucherHeader/reviewButton"), 5): Object 'Object Repository/FDR-VoucherEntry/VoucherHeader/reviewButton' is not present after 5 second(s)

2020-09-08 11:52:00 - [MESSAGE][INFO] - Unable to find the element located by 'By.xpath: //*[@data-id='action-button']//*[contains(text(),'Review')]'. Please recheck the objects properties to make sure the desired element is located. 

2020-09-08 11:52:00 - [MESSAGE][WARNING] - Object 'Object Repository/FDR-VoucherEntry/VoucherHeader/reviewButton' is not present after 5 second(s)

2020-09-08 11:52:00 - [TEST_STEP][PASSED] - navigateToUrl(URL + "/vouchers/" + Integer.parseInt(processorVoucherNumber.split("CAP")[1]) + "/entry"): Navigate to 'https://fdr-katalon.cammis-mod-dev.dhcs.ca.gov/vouchers/130/entry' successfully

2020-09-08 11:52:01 - [MESSAGE][PASSED] - Navigate to 'https://fdr-katalon.cammis-mod-dev.dhcs.ca.gov/vouchers/130/entry' successfully

2020-09-08 11:52:01 - [TEST_STEP][PASSED] - waitForElementPresent(findTestObject("FDR-Dashboard/createNewVoucherButton"), 8): Object 'Object Repository/FDR-Dashboard/createNewVoucherButton' is not present after 8 second(s)

2020-09-08 11:52:10 - [MESSAGE][INFO] - Unable to find the element located by 'By.xpath: //*[@data-id='button-link']//*[contains(text(),'Create New Voucher')]'. Please recheck the objects properties to make sure the desired element is located. 

2020-09-08 11:52:10 - [MESSAGE][WARNING] - Object 'Object Repository/FDR-Dashboard/createNewVoucherButton' is not present after 8 second(s)

2020-09-08 11:52:10 - [TEST_STEP][PASSED] - returnVoucherNumber = Uifunctions.findVoucherWithVoucherNum(processorVoucherNumber): Text of object 'Object Repository/FDR-VoucherEntry/VoucherHeader/voucherTotal' is: '$0.00'

2020-09-08 11:52:11 - [MESSAGE][PASSED] - Navigate to 'https://fdr-katalon.cammis-mod-dev.dhcs.ca.gov/vouchers/00000130/entry' successfully

2020-09-08 11:52:17 - [MESSAGE][INFO] - Unable to find the element located by 'By.xpath: //*[@data-id='button-link']//*[contains(text(),'Create New Voucher')]'. Please recheck the objects properties to make sure the desired element is located. 

2020-09-08 11:52:17 - [MESSAGE][WARNING] - Object 'Object Repository/FDR-Dashboard/createNewVoucherButton' is not present after 5 second(s)

2020-09-08 11:52:17 - [MESSAGE][PASSED] - Text of object 'Object Repository/FDR-VoucherEntry/VoucherHeader/voucherTotal' is: '$0.00'

2020-09-08 11:52:17 - [TEST_STEP][PASSED] - Assert.assertTrue(returnVoucherNumber.contains("undefined"), "Voucher not deleted"): null

2020-09-08 11:52:17 - [TEST_STEP][PASSED] - Start tear down : tearDownTestCase: Method 'tearDownTestCase' complete successfully

2020-09-08 11:52:17 - [MESSAGE][PASSED] - Method 'tearDownTestCase' complete successfully

2020-09-08 11:52:17 - [TEST_STEP][PASSED] - Start listener action : sampleAfterTestCase: null

2020-09-08 11:52:17 - [TEST_STEP][PASSED] - profileName = getExecutionProfile(): null

2020-09-08 11:52:17 - [TEST_STEP][PASSED] - switch (profileName): null

2020-09-08 11:52:17 - [TEST_STEP][PASSED] - case "superUser":: null

2020-09-08 11:52:17 - [TEST_STEP][PASSED] - return null: null

2020-09-08 11:52:17 - [TEST_STEP][PASSED] - Start listener action : afterTestCase: null

2020-09-08 11:52:17 - [TEST_STEP][PASSED] - profileName = getExecutionProfile(): null

2020-09-08 11:52:17 - [TEST_STEP][PASSED] - if (profileName.equalsIgnoreCase("SysAdmin")): null

2020-09-08 11:52:17 - [TEST_STEP][PASSED] - Start listener action : sampleAfterTestCase: null

2020-09-08 11:52:17 - [TEST_STEP][PASSED] - profileName = getExecutionProfile(): null

2020-09-08 11:52:17 - [TEST_STEP][PASSED] - switch (profileName): null

2020-09-08 11:52:17 - [TEST_STEP][PASSED] - case "Voucher":: null

2020-09-08 11:52:17 - [TEST_STEP][PASSED] - Uifunctions.logoutFDR(): Browser is closed

2020-09-08 11:52:18 - [MESSAGE][PASSED] - Browser is closed

2020-09-08 11:52:18 - [TEST_STEP][PASSED] - break: null

2020-09-08 11:52:18 - [TEST_STEP][PASSED] - Start listener action : addFailedTCToList: null]]></system-out>
         <system-err><![CDATA[]]></system-err>
      </testcase>
      <testcase name="Test Cases/WEB-UI-TESTS/Voucher/FDR-Dashboard-Filters" time="107.723" classname="Test Cases/WEB-UI-TESTS/Voucher/FDR-Dashboard-Filters" status="PASSED">
         <system-out><![CDATA[2020-09-08 11:52:18 - [TEST_CASE][PASSED] - Test Cases/WEB-UI-TESTS/Voucher/FDR-Dashboard-Filters: Test Cases/WEB-UI-TESTS/Voucher/FDR-Dashboard-Filters

2020-09-08 11:52:18 - [TEST_STEP][PASSED] - Start listener action : sampleBeforeTestCase: null

2020-09-08 11:52:18 - [TEST_STEP][PASSED] - profileName = getExecutionProfile(): null

2020-09-08 11:52:18 - [TEST_STEP][PASSED] - switch (profileName): null

2020-09-08 11:52:18 - [TEST_STEP][PASSED] - case "superUser":: null

2020-09-08 11:52:18 - [TEST_STEP][PASSED] - return null: null

2020-09-08 11:52:18 - [TEST_STEP][PASSED] - Start listener action : beforeTestCase: null

2020-09-08 11:52:18 - [TEST_STEP][PASSED] - profileName = getExecutionProfile(): null

2020-09-08 11:52:18 - [TEST_STEP][PASSED] - if (profileName.equalsIgnoreCase("SysAdmin")): null

2020-09-08 11:52:18 - [TEST_STEP][PASSED] - Start listener action : sampleBeforeTestCase: Navigate to 'https://fdr-katalon.cammis-mod-dev.dhcs.ca.gov' successfully

2020-09-08 11:52:18 - [TEST_STEP][PASSED] - profileName = getExecutionProfile(): null

2020-09-08 11:52:18 - [TEST_STEP][PASSED] - testCaseId = testCaseContext.getTestCaseId(): null

2020-09-08 11:52:18 - [TEST_STEP][PASSED] - switch (profileName): null

2020-09-08 11:52:18 - [TEST_STEP][PASSED] - case "Voucher":: null

2020-09-08 11:52:18 - [TEST_STEP][PASSED] - Uifunctions.loginFDR(accountsApproverAcc2, accountsApproverAcc2Pwd): Object: 'Object Repository/FDR-SignIn/SignInButton' is clicked on

2020-09-08 11:52:18 - [MESSAGE][INFO] - Starting 'Chrome' driver

2020-09-08 11:52:18 - [MESSAGE][INFO] - Action delay is set to 0 milliseconds

2020-09-08 11:52:21 - [MESSAGE][PASSED] - Browser is opened with url: ''

2020-09-08 11:52:23 - [MESSAGE][PASSED] - Current window maximized

2020-09-08 11:52:24 - [MESSAGE][PASSED] - Navigate to 'https://fdr-katalon.cammis-mod-dev.dhcs.ca.gov' successfully

2020-09-08 11:52:26 - [MESSAGE][PASSED] - Object 'Object Repository/FDR-SignIn/SignInEmail' is present

2020-09-08 11:52:26 - [MESSAGE][PASSED] - Object: 'Object Repository/FDR-SignIn/SignInEmail' is clicked on

2020-09-08 11:52:26 - [MESSAGE][PASSED] - Object 'Object Repository/FDR-SignIn/SignInEmail' is present

2020-09-08 11:52:27 - [MESSAGE][PASSED] - Text 'fdr.test2@dhcs.ca.gov' is set on object 'Object Repository/FDR-SignIn/SignInEmail'

2020-09-08 11:52:27 - [MESSAGE][PASSED] - Object 'Object Repository/FDR-SignIn/SignInEmailNext' is visible

2020-09-08 11:52:28 - [MESSAGE][PASSED] - Object: 'Object Repository/FDR-SignIn/SignInEmailNext' is clicked on

2020-09-08 11:52:31 - [MESSAGE][PASSED] - Object 'Object Repository/FDR-SignIn/SignInEmailPassword' is visible

2020-09-08 11:52:31 - [MESSAGE][PASSED] - Object: 'Object Repository/FDR-SignIn/SignInEmailPassword' is clicked on

2020-09-08 11:52:31 - [MESSAGE][PASSED] - Text ****** has been set on object 'Object Repository/FDR-SignIn/SignInEmailPassword'

2020-09-08 11:52:33 - [MESSAGE][PASSED] - Object: 'Object Repository/FDR-SignIn/SignInButton' is clicked on

2020-09-08 11:52:33 - [TEST_STEP][PASSED] - break: null

2020-09-08 11:52:33 - [TEST_STEP][PASSED] - navigateToUrl(URL): Navigate to 'https://fdr-katalon.cammis-mod-dev.dhcs.ca.gov' successfully

2020-09-08 11:52:34 - [MESSAGE][PASSED] - Navigate to 'https://fdr-katalon.cammis-mod-dev.dhcs.ca.gov' successfully

2020-09-08 11:52:34 - [TEST_STEP][PASSED] - Start listener action : executeRows: null

2020-09-08 11:52:34 - [TEST_STEP][PASSED] - Start setup action : setupTestCase: Method 'setupTestCase' complete successfully

2020-09-08 11:52:34 - [MESSAGE][PASSED] - Method 'setupTestCase' complete successfully

2020-09-08 11:52:34 - [TEST_STEP][PASSED] - waitTime = 2: null

2020-09-08 11:52:34 - [TEST_STEP][PASSED] - softAssertion = new org.testng.asserts.SoftAssert(): null

2020-09-08 11:52:34 - [TEST_STEP][PASSED] - waitForElementPresent(findTestObject("FDR-Dashboard/createNewVoucherButton"), waitTime): Object 'Object Repository/FDR-Dashboard/createNewVoucherButton' is present

2020-09-08 11:52:36 - [MESSAGE][PASSED] - Object 'Object Repository/FDR-Dashboard/createNewVoucherButton' is present

2020-09-08 11:52:36 - [TEST_STEP][PASSED] - click(findTestObject("FDR-Dashboard/Filters/clearFilterButton")): Object: 'Object Repository/FDR-Dashboard/Filters/clearFilterButton' is clicked on

2020-09-08 11:52:37 - [MESSAGE][PASSED] - Object: 'Object Repository/FDR-Dashboard/Filters/clearFilterButton' is clicked on

2020-09-08 11:52:37 - [TEST_STEP][PASSED] - click(findTestObject("FDR-Dashboard/Filters/resumeFilterButton")): Object: 'Object Repository/FDR-Dashboard/Filters/resumeFilterButton' is clicked on

2020-09-08 11:52:37 - [MESSAGE][PASSED] - Object: 'Object Repository/FDR-Dashboard/Filters/resumeFilterButton' is clicked on

2020-09-08 11:52:37 - [TEST_STEP][PASSED] - waitForElementPresent(findTestObject("FDR-VoucherEntry/VoucherHeader/reviewButton"), waitTime): Object 'Object Repository/FDR-VoucherEntry/VoucherHeader/reviewButton' is not present after 2 second(s)

2020-09-08 11:52:40 - [MESSAGE][INFO] - Unable to find the element located by 'By.xpath: //*[@data-id='action-button']//*[contains(text(),'Review')]'. Please recheck the objects properties to make sure the desired element is located. 

2020-09-08 11:52:40 - [MESSAGE][WARNING] - Object 'Object Repository/FDR-VoucherEntry/VoucherHeader/reviewButton' is not present after 2 second(s)

2020-09-08 11:52:40 - [TEST_STEP][PASSED] - waitForElementPresent(findTestObject("FDR-Dashboard/VouhcersTable/resumeButton"), waitTime): Object 'Object Repository/FDR-Dashboard/VouhcersTable/resumeButton' is present

2020-09-08 11:52:41 - [MESSAGE][PASSED] - Object 'Object Repository/FDR-Dashboard/VouhcersTable/resumeButton' is present

2020-09-08 11:52:41 - [TEST_STEP][PASSED] - validate = validators.validateDashboardFilterValidation("Resume"): Object 'Object Repository/FDR-Dashboard/createNewVoucherButton' is present

2020-09-08 11:52:41 - [MESSAGE][PASSED] - Object 'Object Repository/FDR-Dashboard/createNewVoucherButton' is present

2020-09-08 11:52:42 - [MESSAGE][PASSED] - Object 'Object Repository/FDR-Dashboard/createNewVoucherButton' is present

2020-09-08 11:52:42 - [MESSAGE][PASSED] - Object 'Object Repository/FDR-Dashboard/createNewVoucherButton' is present

2020-09-08 11:52:43 - [MESSAGE][PASSED] - Object 'Object Repository/FDR-Dashboard/createNewVoucherButton' is present

2020-09-08 11:52:43 - [MESSAGE][PASSED] - Object 'Object Repository/FDR-Dashboard/createNewVoucherButton' is present

2020-09-08 11:52:44 - [MESSAGE][PASSED] - Object 'Object Repository/FDR-Dashboard/createNewVoucherButton' is present

2020-09-08 11:52:44 - [MESSAGE][PASSED] - Object 'Object Repository/FDR-Dashboard/createNewVoucherButton' is present

2020-09-08 11:52:45 - [MESSAGE][PASSED] - Object 'Object Repository/FDR-Dashboard/createNewVoucherButton' is present

2020-09-08 11:52:45 - [MESSAGE][PASSED] - Object 'Object Repository/FDR-Dashboard/createNewVoucherButton' is present

2020-09-08 11:52:45 - [TEST_STEP][PASSED] - softAssertion.assertTrue(validate, "Voucher button validation failed"): null

2020-09-08 11:52:45 - [TEST_STEP][PASSED] - click(findTestObject("FDR-Dashboard/Filters/clearFilterButton")): Object: 'Object Repository/FDR-Dashboard/Filters/clearFilterButton' is clicked on

2020-09-08 11:52:46 - [MESSAGE][PASSED] - Object: 'Object Repository/FDR-Dashboard/Filters/clearFilterButton' is clicked on

2020-09-08 11:52:46 - [TEST_STEP][PASSED] - click(findTestObject("FDR-Dashboard/Filters/printFilterButton")): Object: 'Object Repository/FDR-Dashboard/Filters/printFilterButton' is clicked on

2020-09-08 11:52:47 - [MESSAGE][PASSED] - Object: 'Object Repository/FDR-Dashboard/Filters/printFilterButton' is clicked on

2020-09-08 11:52:47 - [TEST_STEP][PASSED] - waitForElementPresent(findTestObject("FDR-VoucherEntry/VoucherHeader/reviewButton"), waitTime): Object 'Object Repository/FDR-VoucherEntry/VoucherHeader/reviewButton' is not present after 2 second(s)

2020-09-08 11:52:50 - [MESSAGE][INFO] - Unable to find the element located by 'By.xpath: //*[@data-id='action-button']//*[contains(text(),'Review')]'. Please recheck the objects properties to make sure the desired element is located. 

2020-09-08 11:52:50 - [MESSAGE][WARNING] - Object 'Object Repository/FDR-VoucherEntry/VoucherHeader/reviewButton' is not present after 2 second(s)

2020-09-08 11:52:50 - [TEST_STEP][PASSED] - waitForElementPresent(findTestObject("FDR-Dashboard/VouhcersTable/printButton"), waitTime): Object 'Object Repository/FDR-Dashboard/VouhcersTable/printButton' is not present after 2 second(s)

2020-09-08 11:52:53 - [MESSAGE][INFO] - Unable to find the element located by 'By.xpath: //*[text()='Print']'. Please recheck the objects properties to make sure the desired element is located. 

2020-09-08 11:52:53 - [MESSAGE][WARNING] - Object 'Object Repository/FDR-Dashboard/VouhcersTable/printButton' is not present after 2 second(s)

2020-09-08 11:52:53 - [TEST_STEP][PASSED] - validate = validators.validateDashboardFilterValidation("Print"): null

2020-09-08 11:52:53 - [TEST_STEP][PASSED] - softAssertion.assertTrue(validate, "Print Voucher button validation failed"): null

2020-09-08 11:52:53 - [TEST_STEP][PASSED] - click(findTestObject("FDR-Dashboard/Filters/clearFilterButton")): Object: 'Object Repository/FDR-Dashboard/Filters/clearFilterButton' is clicked on

2020-09-08 11:52:54 - [MESSAGE][PASSED] - Object: 'Object Repository/FDR-Dashboard/Filters/clearFilterButton' is clicked on

2020-09-08 11:52:54 - [TEST_STEP][PASSED] - click(findTestObject("FDR-Dashboard/Filters/fixFilterButton")): Object: 'Object Repository/FDR-Dashboard/Filters/fixFilterButton' is clicked on

2020-09-08 11:52:55 - [MESSAGE][PASSED] - Object: 'Object Repository/FDR-Dashboard/Filters/fixFilterButton' is clicked on

2020-09-08 11:52:55 - [TEST_STEP][PASSED] - waitForElementPresent(findTestObject("FDR-VoucherEntry/VoucherHeader/reviewButton"), waitTime): Object 'Object Repository/FDR-VoucherEntry/VoucherHeader/reviewButton' is not present after 2 second(s)

2020-09-08 11:52:58 - [MESSAGE][INFO] - Unable to find the element located by 'By.xpath: //*[@data-id='action-button']//*[contains(text(),'Review')]'. Please recheck the objects properties to make sure the desired element is located. 

2020-09-08 11:52:58 - [MESSAGE][WARNING] - Object 'Object Repository/FDR-VoucherEntry/VoucherHeader/reviewButton' is not present after 2 second(s)

2020-09-08 11:52:58 - [TEST_STEP][PASSED] - waitForElementPresent(findTestObject("FDR-Dashboard/VouhcersTable/fixButton"), waitTime): Object 'Object Repository/FDR-Dashboard/VouhcersTable/fixButton' is present

2020-09-08 11:52:58 - [MESSAGE][PASSED] - Object 'Object Repository/FDR-Dashboard/VouhcersTable/fixButton' is present

2020-09-08 11:52:58 - [TEST_STEP][PASSED] - validate = validators.validateDashboardFilterValidation("Fix"): Object 'Object Repository/FDR-Dashboard/createNewVoucherButton' is present

2020-09-08 11:52:59 - [MESSAGE][PASSED] - Object 'Object Repository/FDR-Dashboard/createNewVoucherButton' is present

2020-09-08 11:52:59 - [MESSAGE][PASSED] - Object 'Object Repository/FDR-Dashboard/createNewVoucherButton' is present

2020-09-08 11:53:00 - [MESSAGE][PASSED] - Object 'Object Repository/FDR-Dashboard/createNewVoucherButton' is present

2020-09-08 11:53:00 - [MESSAGE][PASSED] - Object 'Object Repository/FDR-Dashboard/createNewVoucherButton' is present

2020-09-08 11:53:01 - [MESSAGE][PASSED] - Object 'Object Repository/FDR-Dashboard/createNewVoucherButton' is present

2020-09-08 11:53:01 - [MESSAGE][PASSED] - Object 'Object Repository/FDR-Dashboard/createNewVoucherButton' is present

2020-09-08 11:53:02 - [MESSAGE][PASSED] - Object 'Object Repository/FDR-Dashboard/createNewVoucherButton' is present

2020-09-08 11:53:02 - [MESSAGE][PASSED] - Object 'Object Repository/FDR-Dashboard/createNewVoucherButton' is present

2020-09-08 11:53:03 - [MESSAGE][PASSED] - Object 'Object Repository/FDR-Dashboard/createNewVoucherButton' is present

2020-09-08 11:53:03 - [TEST_STEP][PASSED] - softAssertion.assertTrue(validate, "Fix Voucher button validation failed"): null

2020-09-08 11:53:03 - [TEST_STEP][PASSED] - click(findTestObject("FDR-Dashboard/Filters/clearFilterButton")): Object: 'Object Repository/FDR-Dashboard/Filters/clearFilterButton' is clicked on

2020-09-08 11:53:03 - [MESSAGE][PASSED] - Object: 'Object Repository/FDR-Dashboard/Filters/clearFilterButton' is clicked on

2020-09-08 11:53:03 - [TEST_STEP][PASSED] - click(findTestObject("FDR-Dashboard/Filters/validateFilterButton")): Object: 'Object Repository/FDR-Dashboard/Filters/validateFilterButton' is clicked on

2020-09-08 11:53:05 - [MESSAGE][PASSED] - Object: 'Object Repository/FDR-Dashboard/Filters/validateFilterButton' is clicked on

2020-09-08 11:53:05 - [TEST_STEP][PASSED] - waitForElementPresent(findTestObject("FDR-VoucherEntry/VoucherHeader/reviewButton"), waitTime): Object 'Object Repository/FDR-VoucherEntry/VoucherHeader/reviewButton' is not present after 2 second(s)

2020-09-08 11:53:08 - [MESSAGE][INFO] - Unable to find the element located by 'By.xpath: //*[@data-id='action-button']//*[contains(text(),'Review')]'. Please recheck the objects properties to make sure the desired element is located. 

2020-09-08 11:53:08 - [MESSAGE][WARNING] - Object 'Object Repository/FDR-VoucherEntry/VoucherHeader/reviewButton' is not present after 2 second(s)

2020-09-08 11:53:08 - [TEST_STEP][PASSED] - waitForElementPresent(findTestObject("FDR-Dashboard/VouhcersTable/validateButton"), waitTime): Object 'Object Repository/FDR-Dashboard/VouhcersTable/validateButton' is not present after 2 second(s)

2020-09-08 11:53:11 - [MESSAGE][INFO] - Unable to find the element located by 'By.xpath: //*[text()='Validate']'. Please recheck the objects properties to make sure the desired element is located. 

2020-09-08 11:53:11 - [MESSAGE][WARNING] - Object 'Object Repository/FDR-Dashboard/VouhcersTable/validateButton' is not present after 2 second(s)

2020-09-08 11:53:11 - [TEST_STEP][PASSED] - validate = validators.validateDashboardFilterValidation("Validate"): null

2020-09-08 11:53:11 - [TEST_STEP][PASSED] - softAssertion.assertTrue(validate, "Validate Voucher button validation failed"): null

2020-09-08 11:53:11 - [TEST_STEP][PASSED] - click(findTestObject("FDR-Dashboard/Filters/clearFilterButton")): Object: 'Object Repository/FDR-Dashboard/Filters/clearFilterButton' is clicked on

2020-09-08 11:53:11 - [MESSAGE][PASSED] - Object: 'Object Repository/FDR-Dashboard/Filters/clearFilterButton' is clicked on

2020-09-08 11:53:11 - [TEST_STEP][PASSED] - click(findTestObject("FDR-Dashboard/Filters/resumeFilterButton")): Object: 'Object Repository/FDR-Dashboard/Filters/resumeFilterButton' is clicked on

2020-09-08 11:53:12 - [MESSAGE][PASSED] - Object: 'Object Repository/FDR-Dashboard/Filters/resumeFilterButton' is clicked on

2020-09-08 11:53:12 - [TEST_STEP][PASSED] - click(findTestObject("FDR-Dashboard/Filters/printFilterButton")): Object: 'Object Repository/FDR-Dashboard/Filters/printFilterButton' is clicked on

2020-09-08 11:53:13 - [MESSAGE][PASSED] - Object: 'Object Repository/FDR-Dashboard/Filters/printFilterButton' is clicked on

2020-09-08 11:53:13 - [TEST_STEP][PASSED] - waitForElementPresent(findTestObject("FDR-VoucherEntry/VoucherHeader/reviewButton"), waitTime): Object 'Object Repository/FDR-VoucherEntry/VoucherHeader/reviewButton' is not present after 2 second(s)

2020-09-08 11:53:17 - [MESSAGE][INFO] - Unable to find the element located by 'By.xpath: //*[@data-id='action-button']//*[contains(text(),'Review')]'. Please recheck the objects properties to make sure the desired element is located. 

2020-09-08 11:53:17 - [MESSAGE][WARNING] - Object 'Object Repository/FDR-VoucherEntry/VoucherHeader/reviewButton' is not present after 2 second(s)

2020-09-08 11:53:17 - [TEST_STEP][PASSED] - waitForElementPresent(findTestObject("FDR-Dashboard/VouhcersTable/printButton"), waitTime): Object 'Object Repository/FDR-Dashboard/VouhcersTable/printButton' is not present after 2 second(s)

2020-09-08 11:53:20 - [MESSAGE][INFO] - Unable to find the element located by 'By.xpath: //*[text()='Print']'. Please recheck the objects properties to make sure the desired element is located. 

2020-09-08 11:53:20 - [MESSAGE][WARNING] - Object 'Object Repository/FDR-Dashboard/VouhcersTable/printButton' is not present after 2 second(s)

2020-09-08 11:53:20 - [TEST_STEP][PASSED] - validate = validators.validateDashboardFilterValidation("Resume", "Print"): Object 'Object Repository/FDR-Dashboard/createNewVoucherButton' is present

2020-09-08 11:53:20 - [MESSAGE][PASSED] - Object 'Object Repository/FDR-Dashboard/createNewVoucherButton' is present

2020-09-08 11:53:21 - [MESSAGE][PASSED] - Object 'Object Repository/FDR-Dashboard/createNewVoucherButton' is present

2020-09-08 11:53:21 - [MESSAGE][PASSED] - Object 'Object Repository/FDR-Dashboard/createNewVoucherButton' is present

2020-09-08 11:53:22 - [MESSAGE][PASSED] - Object 'Object Repository/FDR-Dashboard/createNewVoucherButton' is present

2020-09-08 11:53:22 - [MESSAGE][PASSED] - Object 'Object Repository/FDR-Dashboard/createNewVoucherButton' is present

2020-09-08 11:53:23 - [MESSAGE][PASSED] - Object 'Object Repository/FDR-Dashboard/createNewVoucherButton' is present

2020-09-08 11:53:23 - [MESSAGE][PASSED] - Object 'Object Repository/FDR-Dashboard/createNewVoucherButton' is present

2020-09-08 11:53:24 - [MESSAGE][PASSED] - Object 'Object Repository/FDR-Dashboard/createNewVoucherButton' is present

2020-09-08 11:53:25 - [MESSAGE][PASSED] - Object 'Object Repository/FDR-Dashboard/createNewVoucherButton' is present

2020-09-08 11:53:25 - [TEST_STEP][PASSED] - softAssertion.assertTrue(validate, "Voucher and Print voucher buttons combination validation failed"): null

2020-09-08 11:53:25 - [TEST_STEP][PASSED] - click(findTestObject("FDR-Dashboard/Filters/clearFilterButton")): Object: 'Object Repository/FDR-Dashboard/Filters/clearFilterButton' is clicked on

2020-09-08 11:53:25 - [MESSAGE][PASSED] - Object: 'Object Repository/FDR-Dashboard/Filters/clearFilterButton' is clicked on

2020-09-08 11:53:25 - [TEST_STEP][PASSED] - click(findTestObject("FDR-Dashboard/Filters/fixFilterButton")): Object: 'Object Repository/FDR-Dashboard/Filters/fixFilterButton' is clicked on

2020-09-08 11:53:26 - [MESSAGE][PASSED] - Object: 'Object Repository/FDR-Dashboard/Filters/fixFilterButton' is clicked on

2020-09-08 11:53:26 - [TEST_STEP][PASSED] - click(findTestObject("FDR-Dashboard/Filters/validateFilterButton")): Object: 'Object Repository/FDR-Dashboard/Filters/validateFilterButton' is clicked on

2020-09-08 11:53:27 - [MESSAGE][PASSED] - Object: 'Object Repository/FDR-Dashboard/Filters/validateFilterButton' is clicked on

2020-09-08 11:53:27 - [TEST_STEP][PASSED] - waitForElementPresent(findTestObject("FDR-VoucherEntry/VoucherHeader/reviewButton"), waitTime): Object 'Object Repository/FDR-VoucherEntry/VoucherHeader/reviewButton' is not present after 2 second(s)

2020-09-08 11:53:30 - [MESSAGE][INFO] - Unable to find the element located by 'By.xpath: //*[@data-id='action-button']//*[contains(text(),'Review')]'. Please recheck the objects properties to make sure the desired element is located. 

2020-09-08 11:53:30 - [MESSAGE][WARNING] - Object 'Object Repository/FDR-VoucherEntry/VoucherHeader/reviewButton' is not present after 2 second(s)

2020-09-08 11:53:30 - [TEST_STEP][PASSED] - waitForElementPresent(findTestObject("FDR-Dashboard/VouhcersTable/validateButton"), waitTime): Object 'Object Repository/FDR-Dashboard/VouhcersTable/validateButton' is not present after 2 second(s)

2020-09-08 11:53:34 - [MESSAGE][INFO] - Unable to find the element located by 'By.xpath: //*[text()='Validate']'. Please recheck the objects properties to make sure the desired element is located. 

2020-09-08 11:53:34 - [MESSAGE][WARNING] - Object 'Object Repository/FDR-Dashboard/VouhcersTable/validateButton' is not present after 2 second(s)

2020-09-08 11:53:34 - [TEST_STEP][PASSED] - waitForElementPresent(findTestObject("FDR-VoucherEntry/VoucherHeader/reviewButton"), waitTime): Object 'Object Repository/FDR-VoucherEntry/VoucherHeader/reviewButton' is not present after 2 second(s)

2020-09-08 11:53:37 - [MESSAGE][INFO] - Unable to find the element located by 'By.xpath: //*[@data-id='action-button']//*[contains(text(),'Review')]'. Please recheck the objects properties to make sure the desired element is located. 

2020-09-08 11:53:37 - [MESSAGE][WARNING] - Object 'Object Repository/FDR-VoucherEntry/VoucherHeader/reviewButton' is not present after 2 second(s)

2020-09-08 11:53:37 - [TEST_STEP][PASSED] - waitForElementPresent(findTestObject("FDR-Dashboard/VouhcersTable/fixButton"), waitTime): Object 'Object Repository/FDR-Dashboard/VouhcersTable/fixButton' is present

2020-09-08 11:53:37 - [MESSAGE][PASSED] - Object 'Object Repository/FDR-Dashboard/VouhcersTable/fixButton' is present

2020-09-08 11:53:37 - [TEST_STEP][PASSED] - validate = validators.validateDashboardFilterValidation("Fix", "Validate"): Object 'Object Repository/FDR-Dashboard/createNewVoucherButton' is present

2020-09-08 11:53:38 - [MESSAGE][PASSED] - Object 'Object Repository/FDR-Dashboard/createNewVoucherButton' is present

2020-09-08 11:53:38 - [MESSAGE][PASSED] - Object 'Object Repository/FDR-Dashboard/createNewVoucherButton' is present

2020-09-08 11:53:39 - [MESSAGE][PASSED] - Object 'Object Repository/FDR-Dashboard/createNewVoucherButton' is present

2020-09-08 11:53:39 - [MESSAGE][PASSED] - Object 'Object Repository/FDR-Dashboard/createNewVoucherButton' is present

2020-09-08 11:53:40 - [MESSAGE][PASSED] - Object 'Object Repository/FDR-Dashboard/createNewVoucherButton' is present

2020-09-08 11:53:40 - [MESSAGE][PASSED] - Object 'Object Repository/FDR-Dashboard/createNewVoucherButton' is present

2020-09-08 11:53:41 - [MESSAGE][PASSED] - Object 'Object Repository/FDR-Dashboard/createNewVoucherButton' is present

2020-09-08 11:53:41 - [MESSAGE][PASSED] - Object 'Object Repository/FDR-Dashboard/createNewVoucherButton' is present

2020-09-08 11:53:42 - [MESSAGE][PASSED] - Object 'Object Repository/FDR-Dashboard/createNewVoucherButton' is present

2020-09-08 11:53:42 - [TEST_STEP][PASSED] - softAssertion.assertTrue(validate, "Fix voucher  and validate voucher buttons combination validation failed"): null

2020-09-08 11:53:42 - [TEST_STEP][PASSED] - click(findTestObject("FDR-Dashboard/Filters/clearFilterButton")): Object: 'Object Repository/FDR-Dashboard/Filters/clearFilterButton' is clicked on

2020-09-08 11:53:42 - [MESSAGE][PASSED] - Object: 'Object Repository/FDR-Dashboard/Filters/clearFilterButton' is clicked on

2020-09-08 11:53:42 - [TEST_STEP][PASSED] - click(findTestObject("FDR-Dashboard/Filters/resumeFilterButton")): Object: 'Object Repository/FDR-Dashboard/Filters/resumeFilterButton' is clicked on

2020-09-08 11:53:43 - [MESSAGE][PASSED] - Object: 'Object Repository/FDR-Dashboard/Filters/resumeFilterButton' is clicked on

2020-09-08 11:53:43 - [TEST_STEP][PASSED] - click(findTestObject("FDR-Dashboard/Filters/printFilterButton")): Object: 'Object Repository/FDR-Dashboard/Filters/printFilterButton' is clicked on

2020-09-08 11:53:44 - [MESSAGE][PASSED] - Object: 'Object Repository/FDR-Dashboard/Filters/printFilterButton' is clicked on

2020-09-08 11:53:44 - [TEST_STEP][PASSED] - click(findTestObject("FDR-Dashboard/Filters/fixFilterButton")): Object: 'Object Repository/FDR-Dashboard/Filters/fixFilterButton' is clicked on

2020-09-08 11:53:45 - [MESSAGE][PASSED] - Object: 'Object Repository/FDR-Dashboard/Filters/fixFilterButton' is clicked on

2020-09-08 11:53:45 - [TEST_STEP][PASSED] - waitForElementPresent(findTestObject("FDR-Dashboard/VouhcersTable/fixButton"), waitTime): Object 'Object Repository/FDR-Dashboard/VouhcersTable/fixButton' is not present after 2 second(s)

2020-09-08 11:53:49 - [MESSAGE][INFO] - Unable to find the element located by 'By.xpath: //*[text()='Fix']'. Please recheck the objects properties to make sure the desired element is located. 

2020-09-08 11:53:49 - [MESSAGE][WARNING] - Object 'Object Repository/FDR-Dashboard/VouhcersTable/fixButton' is not present after 2 second(s)

2020-09-08 11:53:49 - [TEST_STEP][PASSED] - validate = validators.validateDashboardFilterValidation("Resume", "Print", "Fix"): Object 'Object Repository/FDR-Dashboard/createNewVoucherButton' is present

2020-09-08 11:53:49 - [MESSAGE][PASSED] - Object 'Object Repository/FDR-Dashboard/createNewVoucherButton' is present

2020-09-08 11:53:49 - [MESSAGE][PASSED] - Object 'Object Repository/FDR-Dashboard/createNewVoucherButton' is present

2020-09-08 11:53:50 - [MESSAGE][PASSED] - Object 'Object Repository/FDR-Dashboard/createNewVoucherButton' is present

2020-09-08 11:53:50 - [MESSAGE][PASSED] - Object 'Object Repository/FDR-Dashboard/createNewVoucherButton' is present

2020-09-08 11:53:51 - [MESSAGE][PASSED] - Object 'Object Repository/FDR-Dashboard/createNewVoucherButton' is present

2020-09-08 11:53:51 - [MESSAGE][PASSED] - Object 'Object Repository/FDR-Dashboard/createNewVoucherButton' is present

2020-09-08 11:53:52 - [MESSAGE][PASSED] - Object 'Object Repository/FDR-Dashboard/createNewVoucherButton' is present

2020-09-08 11:53:52 - [MESSAGE][PASSED] - Object 'Object Repository/FDR-Dashboard/createNewVoucherButton' is present

2020-09-08 11:53:53 - [MESSAGE][PASSED] - Object 'Object Repository/FDR-Dashboard/createNewVoucherButton' is present

2020-09-08 11:53:53 - [TEST_STEP][PASSED] - softAssertion.assertTrue(validate, "Voucher, Print voucher and Fix voucher buttons combination validation failed"): null

2020-09-08 11:53:53 - [TEST_STEP][PASSED] - click(findTestObject("FDR-Dashboard/Filters/clearFilterButton")): Object: 'Object Repository/FDR-Dashboard/Filters/clearFilterButton' is clicked on

2020-09-08 11:53:53 - [MESSAGE][PASSED] - Object: 'Object Repository/FDR-Dashboard/Filters/clearFilterButton' is clicked on

2020-09-08 11:53:53 - [TEST_STEP][PASSED] - click(findTestObject("FDR-Dashboard/Filters/validateFilterButton")): Object: 'Object Repository/FDR-Dashboard/Filters/validateFilterButton' is clicked on

2020-09-08 11:53:54 - [MESSAGE][PASSED] - Object: 'Object Repository/FDR-Dashboard/Filters/validateFilterButton' is clicked on

2020-09-08 11:53:54 - [TEST_STEP][PASSED] - click(findTestObject("FDR-Dashboard/Filters/printFilterButton")): Object: 'Object Repository/FDR-Dashboard/Filters/printFilterButton' is clicked on

2020-09-08 11:53:56 - [MESSAGE][PASSED] - Object: 'Object Repository/FDR-Dashboard/Filters/printFilterButton' is clicked on

2020-09-08 11:53:56 - [TEST_STEP][PASSED] - click(findTestObject("FDR-Dashboard/Filters/fixFilterButton")): Object: 'Object Repository/FDR-Dashboard/Filters/fixFilterButton' is clicked on

2020-09-08 11:53:57 - [MESSAGE][PASSED] - Object: 'Object Repository/FDR-Dashboard/Filters/fixFilterButton' is clicked on

2020-09-08 11:53:57 - [TEST_STEP][PASSED] - waitForElementPresent(findTestObject("FDR-VoucherEntry/VoucherHeader/reviewButton"), waitTime): Object 'Object Repository/FDR-VoucherEntry/VoucherHeader/reviewButton' is not present after 2 second(s)

2020-09-08 11:54:00 - [MESSAGE][INFO] - Unable to find the element located by 'By.xpath: //*[@data-id='action-button']//*[contains(text(),'Review')]'. Please recheck the objects properties to make sure the desired element is located. 

2020-09-08 11:54:00 - [MESSAGE][WARNING] - Object 'Object Repository/FDR-VoucherEntry/VoucherHeader/reviewButton' is not present after 2 second(s)

2020-09-08 11:54:00 - [TEST_STEP][PASSED] - waitForElementPresent(findTestObject("FDR-Dashboard/VouhcersTable/fixButton"), waitTime): Object 'Object Repository/FDR-Dashboard/VouhcersTable/fixButton' is present

2020-09-08 11:54:00 - [MESSAGE][PASSED] - Object 'Object Repository/FDR-Dashboard/VouhcersTable/fixButton' is present

2020-09-08 11:54:00 - [TEST_STEP][PASSED] - validate = validators.validateDashboardFilterValidation("Validate", "Print", "Fix"): Object 'Object Repository/FDR-Dashboard/createNewVoucherButton' is present

2020-09-08 11:54:01 - [MESSAGE][PASSED] - Object 'Object Repository/FDR-Dashboard/createNewVoucherButton' is present

2020-09-08 11:54:01 - [MESSAGE][PASSED] - Object 'Object Repository/FDR-Dashboard/createNewVoucherButton' is present

2020-09-08 11:54:02 - [MESSAGE][PASSED] - Object 'Object Repository/FDR-Dashboard/createNewVoucherButton' is present

2020-09-08 11:54:02 - [MESSAGE][PASSED] - Object 'Object Repository/FDR-Dashboard/createNewVoucherButton' is present

2020-09-08 11:54:03 - [MESSAGE][PASSED] - Object 'Object Repository/FDR-Dashboard/createNewVoucherButton' is present

2020-09-08 11:54:03 - [MESSAGE][PASSED] - Object 'Object Repository/FDR-Dashboard/createNewVoucherButton' is present

2020-09-08 11:54:04 - [MESSAGE][PASSED] - Object 'Object Repository/FDR-Dashboard/createNewVoucherButton' is present

2020-09-08 11:54:04 - [MESSAGE][PASSED] - Object 'Object Repository/FDR-Dashboard/createNewVoucherButton' is present

2020-09-08 11:54:05 - [MESSAGE][PASSED] - Object 'Object Repository/FDR-Dashboard/createNewVoucherButton' is present

2020-09-08 11:54:05 - [TEST_STEP][PASSED] - softAssertion.assertTrue(validate, " Validate voucher, Print voucher and Fix voucher buttons combination validation failed"): null

2020-09-08 11:54:05 - [TEST_STEP][PASSED] - Start tear down : tearDownTestCase: Method 'tearDownTestCase' complete successfully

2020-09-08 11:54:05 - [MESSAGE][PASSED] - Method 'tearDownTestCase' complete successfully

2020-09-08 11:54:05 - [TEST_STEP][PASSED] - Start listener action : sampleAfterTestCase: null

2020-09-08 11:54:05 - [TEST_STEP][PASSED] - profileName = getExecutionProfile(): null

2020-09-08 11:54:05 - [TEST_STEP][PASSED] - switch (profileName): null

2020-09-08 11:54:05 - [TEST_STEP][PASSED] - case "superUser":: null

2020-09-08 11:54:05 - [TEST_STEP][PASSED] - return null: null

2020-09-08 11:54:05 - [TEST_STEP][PASSED] - Start listener action : afterTestCase: null

2020-09-08 11:54:05 - [TEST_STEP][PASSED] - profileName = getExecutionProfile(): null

2020-09-08 11:54:05 - [TEST_STEP][PASSED] - if (profileName.equalsIgnoreCase("SysAdmin")): null

2020-09-08 11:54:05 - [TEST_STEP][PASSED] - Start listener action : sampleAfterTestCase: null

2020-09-08 11:54:05 - [TEST_STEP][PASSED] - profileName = getExecutionProfile(): null

2020-09-08 11:54:05 - [TEST_STEP][PASSED] - switch (profileName): null

2020-09-08 11:54:05 - [TEST_STEP][PASSED] - case "Voucher":: null

2020-09-08 11:54:05 - [TEST_STEP][PASSED] - Uifunctions.logoutFDR(): Browser is closed

2020-09-08 11:54:06 - [MESSAGE][PASSED] - Browser is closed

2020-09-08 11:54:06 - [TEST_STEP][PASSED] - break: null

2020-09-08 11:54:06 - [TEST_STEP][PASSED] - Start listener action : addFailedTCToList: null]]></system-out>
         <system-err><![CDATA[]]></system-err>
      </testcase>
      <testcase name="Test Cases/WEB-UI-TESTS/Voucher/FDR-Voucher-High-Priority-Tags" time="70.441" classname="Test Cases/WEB-UI-TESTS/Voucher/FDR-Voucher-High-Priority-Tags" status="PASSED">
         <system-out><![CDATA[2020-09-08 11:54:06 - [TEST_CASE][PASSED] - Test Cases/WEB-UI-TESTS/Voucher/FDR-Voucher-High-Priority-Tags: Test Cases/WEB-UI-TESTS/Voucher/FDR-Voucher-High-Priority-Tags

2020-09-08 11:54:06 - [TEST_STEP][PASSED] - Start listener action : sampleBeforeTestCase: null

2020-09-08 11:54:06 - [TEST_STEP][PASSED] - profileName = getExecutionProfile(): null

2020-09-08 11:54:06 - [TEST_STEP][PASSED] - switch (profileName): null

2020-09-08 11:54:06 - [TEST_STEP][PASSED] - case "superUser":: null

2020-09-08 11:54:06 - [TEST_STEP][PASSED] - return null: null

2020-09-08 11:54:06 - [TEST_STEP][PASSED] - Start listener action : beforeTestCase: null

2020-09-08 11:54:06 - [TEST_STEP][PASSED] - profileName = getExecutionProfile(): null

2020-09-08 11:54:06 - [TEST_STEP][PASSED] - if (profileName.equalsIgnoreCase("SysAdmin")): null

2020-09-08 11:54:06 - [TEST_STEP][PASSED] - Start listener action : sampleBeforeTestCase: Navigate to 'https://fdr-katalon.cammis-mod-dev.dhcs.ca.gov' successfully

2020-09-08 11:54:06 - [TEST_STEP][PASSED] - profileName = getExecutionProfile(): null

2020-09-08 11:54:06 - [TEST_STEP][PASSED] - testCaseId = testCaseContext.getTestCaseId(): null

2020-09-08 11:54:06 - [TEST_STEP][PASSED] - switch (profileName): null

2020-09-08 11:54:06 - [TEST_STEP][PASSED] - case "Voucher":: null

2020-09-08 11:54:06 - [TEST_STEP][PASSED] - Uifunctions.loginFDR(accountsApproverAcc2, accountsApproverAcc2Pwd): Object: 'Object Repository/FDR-SignIn/SignInButton' is clicked on

2020-09-08 11:54:06 - [MESSAGE][INFO] - Starting 'Chrome' driver

2020-09-08 11:54:06 - [MESSAGE][INFO] - Action delay is set to 0 milliseconds

2020-09-08 11:54:09 - [MESSAGE][PASSED] - Browser is opened with url: ''

2020-09-08 11:54:11 - [MESSAGE][PASSED] - Current window maximized

2020-09-08 11:54:12 - [MESSAGE][PASSED] - Navigate to 'https://fdr-katalon.cammis-mod-dev.dhcs.ca.gov' successfully

2020-09-08 11:54:13 - [MESSAGE][PASSED] - Object 'Object Repository/FDR-SignIn/SignInEmail' is present

2020-09-08 11:54:13 - [MESSAGE][PASSED] - Object: 'Object Repository/FDR-SignIn/SignInEmail' is clicked on

2020-09-08 11:54:14 - [MESSAGE][PASSED] - Object 'Object Repository/FDR-SignIn/SignInEmail' is present

2020-09-08 11:54:14 - [MESSAGE][PASSED] - Text 'fdr.test2@dhcs.ca.gov' is set on object 'Object Repository/FDR-SignIn/SignInEmail'

2020-09-08 11:54:14 - [MESSAGE][PASSED] - Object 'Object Repository/FDR-SignIn/SignInEmailNext' is visible

2020-09-08 11:54:15 - [MESSAGE][PASSED] - Object: 'Object Repository/FDR-SignIn/SignInEmailNext' is clicked on

2020-09-08 11:54:18 - [MESSAGE][PASSED] - Object 'Object Repository/FDR-SignIn/SignInEmailPassword' is visible

2020-09-08 11:54:18 - [MESSAGE][PASSED] - Object: 'Object Repository/FDR-SignIn/SignInEmailPassword' is clicked on

2020-09-08 11:54:19 - [MESSAGE][PASSED] - Text ****** has been set on object 'Object Repository/FDR-SignIn/SignInEmailPassword'

2020-09-08 11:54:20 - [MESSAGE][PASSED] - Object: 'Object Repository/FDR-SignIn/SignInButton' is clicked on

2020-09-08 11:54:20 - [TEST_STEP][PASSED] - break: null

2020-09-08 11:54:20 - [TEST_STEP][PASSED] - navigateToUrl(URL): Navigate to 'https://fdr-katalon.cammis-mod-dev.dhcs.ca.gov' successfully

2020-09-08 11:54:21 - [MESSAGE][PASSED] - Navigate to 'https://fdr-katalon.cammis-mod-dev.dhcs.ca.gov' successfully

2020-09-08 11:54:21 - [TEST_STEP][PASSED] - Start listener action : executeRows: null

2020-09-08 11:54:21 - [TEST_STEP][PASSED] - Start setup action : setupTestCase: Method 'setupTestCase' complete successfully

2020-09-08 11:54:21 - [MESSAGE][PASSED] - Method 'setupTestCase' complete successfully

2020-09-08 11:54:21 - [TEST_STEP][PASSED] - waitForElementPresent(findTestObject("FDR-Dashboard/Filters/clearFilterButton"), 4): Object 'Object Repository/FDR-Dashboard/Filters/clearFilterButton' is present

2020-09-08 11:54:23 - [MESSAGE][PASSED] - Object 'Object Repository/FDR-Dashboard/Filters/clearFilterButton' is present

2020-09-08 11:54:23 - [TEST_STEP][PASSED] - waitForElementPresent(findTestObject("FDR-VoucherEntry/VoucherHeader/reviewButton"), 2): Object 'Object Repository/FDR-VoucherEntry/VoucherHeader/reviewButton' is not present after 2 second(s)

2020-09-08 11:54:26 - [MESSAGE][INFO] - Unable to find the element located by 'By.xpath: //*[@data-id='action-button']//*[contains(text(),'Review')]'. Please recheck the objects properties to make sure the desired element is located. 

2020-09-08 11:54:26 - [MESSAGE][WARNING] - Object 'Object Repository/FDR-VoucherEntry/VoucherHeader/reviewButton' is not present after 2 second(s)

2020-09-08 11:54:26 - [TEST_STEP][PASSED] - click(findTestObject("FDR-Dashboard/Filters/clearFilterButton")): Object: 'Object Repository/FDR-Dashboard/Filters/clearFilterButton' is clicked on

2020-09-08 11:54:26 - [MESSAGE][PASSED] - Object: 'Object Repository/FDR-Dashboard/Filters/clearFilterButton' is clicked on

2020-09-08 11:54:26 - [TEST_STEP][PASSED] - waitForElementPresent(findTestObject("FDR-VoucherEntry/VoucherHeader/reviewButton"), 2): Object 'Object Repository/FDR-VoucherEntry/VoucherHeader/reviewButton' is not present after 2 second(s)

2020-09-08 11:54:29 - [MESSAGE][INFO] - Unable to find the element located by 'By.xpath: //*[@data-id='action-button']//*[contains(text(),'Review')]'. Please recheck the objects properties to make sure the desired element is located. 

2020-09-08 11:54:29 - [MESSAGE][WARNING] - Object 'Object Repository/FDR-VoucherEntry/VoucherHeader/reviewButton' is not present after 2 second(s)

2020-09-08 11:54:29 - [TEST_STEP][PASSED] - click(findTestObject("FDR-Dashboard/Filters/resumeFilterButton")): Object: 'Object Repository/FDR-Dashboard/Filters/resumeFilterButton' is clicked on

2020-09-08 11:54:29 - [MESSAGE][PASSED] - Object: 'Object Repository/FDR-Dashboard/Filters/resumeFilterButton' is clicked on

2020-09-08 11:54:29 - [TEST_STEP][PASSED] - waitForElementPresent(findTestObject("FDR-VoucherEntry/VoucherHeader/reviewButton"), 2): Object 'Object Repository/FDR-VoucherEntry/VoucherHeader/reviewButton' is not present after 2 second(s)

2020-09-08 11:54:33 - [MESSAGE][INFO] - Unable to find the element located by 'By.xpath: //*[@data-id='action-button']//*[contains(text(),'Review')]'. Please recheck the objects properties to make sure the desired element is located. 

2020-09-08 11:54:33 - [MESSAGE][WARNING] - Object 'Object Repository/FDR-VoucherEntry/VoucherHeader/reviewButton' is not present after 2 second(s)

2020-09-08 11:54:33 - [TEST_STEP][PASSED] - assert validators.validateVoucherLabelAndTag("Resume") == true: For Voucher Number CAP00000016 Label is Submit for draw and HighPriorityTag Presence is false

2020-09-08 11:54:33 - [MESSAGE][PASSED] - Object 'Object Repository/FDR-Dashboard/createNewVoucherButton' is present

2020-09-08 11:54:34 - [MESSAGE][PASSED] - For Voucher Number CAP00000002 Label is Submit immediately and HighPriorityTag Presence is false

2020-09-08 11:54:35 - [MESSAGE][PASSED] - For Voucher Number CAP00000003 Label is Submit immediately and HighPriorityTag Presence is false

2020-09-08 11:54:36 - [MESSAGE][PASSED] - For Voucher Number CAP00000004 Label is Submit immediately and HighPriorityTag Presence is false

2020-09-08 11:54:37 - [MESSAGE][PASSED] - For Voucher Number CAP00000005 Label is Submit immediately and HighPriorityTag Presence is false

2020-09-08 11:54:38 - [MESSAGE][PASSED] - For Voucher Number CAP00000006 Label is Submit immediately and HighPriorityTag Presence is false

2020-09-08 11:54:39 - [MESSAGE][PASSED] - For Voucher Number CAP00000007 Label is Submit immediately and HighPriorityTag Presence is false

2020-09-08 11:54:40 - [MESSAGE][PASSED] - For Voucher Number CAP00000008 Label is Submit immediately and HighPriorityTag Presence is false

2020-09-08 11:54:41 - [MESSAGE][PASSED] - For Voucher Number CAP00000009 Label is Submit immediately and HighPriorityTag Presence is false

2020-09-08 11:54:42 - [MESSAGE][PASSED] - For Voucher Number CAP00000010 Label is Submit immediately and HighPriorityTag Presence is false

2020-09-08 11:54:43 - [MESSAGE][PASSED] - For Resume State voucher CAP00000016 Label:Submit for draw and Presence of High Priority Tag false is Verified when duration is >10days+72hours

2020-09-08 11:54:43 - [MESSAGE][PASSED] - For Voucher Number CAP00000016 Label is Submit for draw and HighPriorityTag Presence is false

2020-09-08 11:54:43 - [TEST_STEP][PASSED] - click(findTestObject("FDR-Dashboard/Filters/clearFilterButton")): Object: 'Object Repository/FDR-Dashboard/Filters/clearFilterButton' is clicked on

2020-09-08 11:54:43 - [MESSAGE][PASSED] - Object: 'Object Repository/FDR-Dashboard/Filters/clearFilterButton' is clicked on

2020-09-08 11:54:43 - [TEST_STEP][PASSED] - waitForElementPresent(findTestObject("FDR-VoucherEntry/VoucherHeader/reviewButton"), 2): Object 'Object Repository/FDR-VoucherEntry/VoucherHeader/reviewButton' is not present after 2 second(s)

2020-09-08 11:54:46 - [MESSAGE][INFO] - Unable to find the element located by 'By.xpath: //*[@data-id='action-button']//*[contains(text(),'Review')]'. Please recheck the objects properties to make sure the desired element is located. 

2020-09-08 11:54:46 - [MESSAGE][WARNING] - Object 'Object Repository/FDR-VoucherEntry/VoucherHeader/reviewButton' is not present after 2 second(s)

2020-09-08 11:54:46 - [TEST_STEP][PASSED] - click(findTestObject("FDR-Dashboard/Filters/fixFilterButton")): Object: 'Object Repository/FDR-Dashboard/Filters/fixFilterButton' is clicked on

2020-09-08 11:54:47 - [MESSAGE][PASSED] - Object: 'Object Repository/FDR-Dashboard/Filters/fixFilterButton' is clicked on

2020-09-08 11:54:47 - [TEST_STEP][PASSED] - waitForElementPresent(findTestObject("FDR-VoucherEntry/VoucherHeader/reviewButton"), 2): Object 'Object Repository/FDR-VoucherEntry/VoucherHeader/reviewButton' is not present after 2 second(s)

2020-09-08 11:54:50 - [MESSAGE][INFO] - Unable to find the element located by 'By.xpath: //*[@data-id='action-button']//*[contains(text(),'Review')]'. Please recheck the objects properties to make sure the desired element is located. 

2020-09-08 11:54:50 - [MESSAGE][WARNING] - Object 'Object Repository/FDR-VoucherEntry/VoucherHeader/reviewButton' is not present after 2 second(s)

2020-09-08 11:54:50 - [TEST_STEP][PASSED] - assert validators.validateVoucherLabelAndTag("Fix") == true: For Voucher Number CAP00000093 Label is Submit for draw and HighPriorityTag Presence is false

2020-09-08 11:54:50 - [MESSAGE][PASSED] - Object 'Object Repository/FDR-Dashboard/createNewVoucherButton' is present

2020-09-08 11:54:51 - [MESSAGE][PASSED] - For Fix State voucher CAP00000064 Label:Submit for draw and Presence of High Priority Tag false is Verified when duration is >10days+72hours

2020-09-08 11:54:51 - [MESSAGE][PASSED] - For Voucher Number CAP00000064 Label is Submit for draw and HighPriorityTag Presence is false

2020-09-08 11:54:52 - [MESSAGE][PASSED] - For Fix State voucher CAP00000053 Label:Submit for draw and Presence of High Priority Tag false is Verified when duration is >10days+72hours

2020-09-08 11:54:52 - [MESSAGE][PASSED] - For Voucher Number CAP00000053 Label is Submit for draw and HighPriorityTag Presence is false

2020-09-08 11:54:53 - [MESSAGE][PASSED] - For Fix State voucher CAP00000063 Label:Submit for draw and Presence of High Priority Tag false is Verified when duration is >10days+72hours

2020-09-08 11:54:53 - [MESSAGE][PASSED] - For Voucher Number CAP00000063 Label is Submit for draw and HighPriorityTag Presence is false

2020-09-08 11:54:54 - [MESSAGE][PASSED] - For Fix State voucher CAP00000055 Label:Submit for draw and Presence of High Priority Tag false is Verified when duration is >10days+72hours

2020-09-08 11:54:54 - [MESSAGE][PASSED] - For Voucher Number CAP00000055 Label is Submit for draw and HighPriorityTag Presence is false

2020-09-08 11:54:55 - [MESSAGE][PASSED] - For Fix State voucher CAP00000076 Label:Submit for draw and Presence of High Priority Tag false is Verified when duration is >10days+72hours

2020-09-08 11:54:55 - [MESSAGE][PASSED] - For Voucher Number CAP00000076 Label is Submit for draw and HighPriorityTag Presence is false

2020-09-08 11:54:56 - [MESSAGE][PASSED] - For Fix State voucher CAP00000082 Label:Submit for draw and Presence of High Priority Tag false is Verified when duration is >10days+72hours

2020-09-08 11:54:56 - [MESSAGE][PASSED] - For Voucher Number CAP00000082 Label is Submit for draw and HighPriorityTag Presence is false

2020-09-08 11:54:57 - [MESSAGE][PASSED] - For Voucher Number CAP00000098 Label is Submit for draw and HighPriorityTag Presence is false

2020-09-08 11:54:58 - [MESSAGE][PASSED] - For Voucher Number CAP00000099 Label is Submit for draw and HighPriorityTag Presence is false

2020-09-08 11:54:59 - [MESSAGE][PASSED] - For Fix State voucher CAP00000097 Label:Submit for draw and Presence of High Priority Tag false is Verified when duration is >10days+72hours

2020-09-08 11:54:59 - [MESSAGE][PASSED] - For Voucher Number CAP00000097 Label is Submit for draw and HighPriorityTag Presence is false

2020-09-08 11:55:00 - [MESSAGE][PASSED] - For Fix State voucher CAP00000093 Label:Submit for draw and Presence of High Priority Tag false is Verified when duration is >10days+72hours

2020-09-08 11:55:00 - [MESSAGE][PASSED] - For Voucher Number CAP00000093 Label is Submit for draw and HighPriorityTag Presence is false

2020-09-08 11:55:00 - [TEST_STEP][PASSED] - click(findTestObject("FDR-Dashboard/Filters/clearFilterButton")): Object: 'Object Repository/FDR-Dashboard/Filters/clearFilterButton' is clicked on

2020-09-08 11:55:01 - [MESSAGE][PASSED] - Object: 'Object Repository/FDR-Dashboard/Filters/clearFilterButton' is clicked on

2020-09-08 11:55:01 - [TEST_STEP][PASSED] - waitForElementPresent(findTestObject("FDR-VoucherEntry/VoucherHeader/reviewButton"), 2): Object 'Object Repository/FDR-VoucherEntry/VoucherHeader/reviewButton' is not present after 2 second(s)

2020-09-08 11:55:04 - [MESSAGE][INFO] - Unable to find the element located by 'By.xpath: //*[@data-id='action-button']//*[contains(text(),'Review')]'. Please recheck the objects properties to make sure the desired element is located. 

2020-09-08 11:55:04 - [MESSAGE][WARNING] - Object 'Object Repository/FDR-VoucherEntry/VoucherHeader/reviewButton' is not present after 2 second(s)

2020-09-08 11:55:04 - [TEST_STEP][PASSED] - click(findTestObject("FDR-Dashboard/Filters/printFilterButton")): Object: 'Object Repository/FDR-Dashboard/Filters/printFilterButton' is clicked on

2020-09-08 11:55:04 - [MESSAGE][PASSED] - Object: 'Object Repository/FDR-Dashboard/Filters/printFilterButton' is clicked on

2020-09-08 11:55:04 - [TEST_STEP][PASSED] - waitForElementPresent(findTestObject("FDR-VoucherEntry/VoucherHeader/reviewButton"), 2): Object 'Object Repository/FDR-VoucherEntry/VoucherHeader/reviewButton' is not present after 2 second(s)

2020-09-08 11:55:08 - [MESSAGE][INFO] - Unable to find the element located by 'By.xpath: //*[@data-id='action-button']//*[contains(text(),'Review')]'. Please recheck the objects properties to make sure the desired element is located. 

2020-09-08 11:55:08 - [MESSAGE][WARNING] - Object 'Object Repository/FDR-VoucherEntry/VoucherHeader/reviewButton' is not present after 2 second(s)

2020-09-08 11:55:08 - [TEST_STEP][PASSED] - assert validators.validateVoucherLabelAndTag("Print") == true: Object 'Object Repository/FDR-Dashboard/createNewVoucherButton' is present

2020-09-08 11:55:08 - [MESSAGE][PASSED] - Object 'Object Repository/FDR-Dashboard/createNewVoucherButton' is present

2020-09-08 11:55:08 - [TEST_STEP][PASSED] - click(findTestObject("FDR-Dashboard/Filters/clearFilterButton")): Object: 'Object Repository/FDR-Dashboard/Filters/clearFilterButton' is clicked on

2020-09-08 11:55:08 - [MESSAGE][PASSED] - Object: 'Object Repository/FDR-Dashboard/Filters/clearFilterButton' is clicked on

2020-09-08 11:55:08 - [TEST_STEP][PASSED] - waitForElementPresent(findTestObject("FDR-VoucherEntry/VoucherHeader/reviewButton"), 2): Object 'Object Repository/FDR-VoucherEntry/VoucherHeader/reviewButton' is not present after 2 second(s)

2020-09-08 11:55:11 - [MESSAGE][INFO] - Unable to find the element located by 'By.xpath: //*[@data-id='action-button']//*[contains(text(),'Review')]'. Please recheck the objects properties to make sure the desired element is located. 

2020-09-08 11:55:11 - [MESSAGE][WARNING] - Object 'Object Repository/FDR-VoucherEntry/VoucherHeader/reviewButton' is not present after 2 second(s)

2020-09-08 11:55:11 - [TEST_STEP][PASSED] - click(findTestObject("FDR-Dashboard/Filters/validateFilterButton")): Object: 'Object Repository/FDR-Dashboard/Filters/validateFilterButton' is clicked on

2020-09-08 11:55:12 - [MESSAGE][PASSED] - Object: 'Object Repository/FDR-Dashboard/Filters/validateFilterButton' is clicked on

2020-09-08 11:55:12 - [TEST_STEP][PASSED] - waitForElementPresent(findTestObject("FDR-VoucherEntry/VoucherHeader/reviewButton"), 2): Object 'Object Repository/FDR-VoucherEntry/VoucherHeader/reviewButton' is not present after 2 second(s)

2020-09-08 11:55:15 - [MESSAGE][INFO] - Unable to find the element located by 'By.xpath: //*[@data-id='action-button']//*[contains(text(),'Review')]'. Please recheck the objects properties to make sure the desired element is located. 

2020-09-08 11:55:15 - [MESSAGE][WARNING] - Object 'Object Repository/FDR-VoucherEntry/VoucherHeader/reviewButton' is not present after 2 second(s)

2020-09-08 11:55:15 - [TEST_STEP][PASSED] - assert validators.validateVoucherLabelAndTag("Validate") == true: Object 'Object Repository/FDR-Dashboard/createNewVoucherButton' is present

2020-09-08 11:55:15 - [MESSAGE][PASSED] - Object 'Object Repository/FDR-Dashboard/createNewVoucherButton' is present

2020-09-08 11:55:15 - [TEST_STEP][PASSED] - Start tear down : tearDownTestCase: Method 'tearDownTestCase' complete successfully

2020-09-08 11:55:15 - [MESSAGE][PASSED] - Method 'tearDownTestCase' complete successfully

2020-09-08 11:55:15 - [TEST_STEP][PASSED] - Start listener action : sampleAfterTestCase: null

2020-09-08 11:55:15 - [TEST_STEP][PASSED] - profileName = getExecutionProfile(): null

2020-09-08 11:55:15 - [TEST_STEP][PASSED] - switch (profileName): null

2020-09-08 11:55:15 - [TEST_STEP][PASSED] - case "superUser":: null

2020-09-08 11:55:15 - [TEST_STEP][PASSED] - return null: null

2020-09-08 11:55:15 - [TEST_STEP][PASSED] - Start listener action : afterTestCase: null

2020-09-08 11:55:15 - [TEST_STEP][PASSED] - profileName = getExecutionProfile(): null

2020-09-08 11:55:15 - [TEST_STEP][PASSED] - if (profileName.equalsIgnoreCase("SysAdmin")): null

2020-09-08 11:55:15 - [TEST_STEP][PASSED] - Start listener action : sampleAfterTestCase: null

2020-09-08 11:55:15 - [TEST_STEP][PASSED] - profileName = getExecutionProfile(): null

2020-09-08 11:55:15 - [TEST_STEP][PASSED] - switch (profileName): null

2020-09-08 11:55:15 - [TEST_STEP][PASSED] - case "Voucher":: null

2020-09-08 11:55:15 - [TEST_STEP][PASSED] - Uifunctions.logoutFDR(): Browser is closed

2020-09-08 11:55:16 - [MESSAGE][PASSED] - Browser is closed

2020-09-08 11:55:16 - [TEST_STEP][PASSED] - break: null

2020-09-08 11:55:16 - [TEST_STEP][PASSED] - Start listener action : addFailedTCToList: null]]></system-out>
         <system-err><![CDATA[]]></system-err>
      </testcase>
      <testcase name="Test Cases/WEB-UI-TESTS/Voucher/FDR-Delete-Undo-DistributionLine" time="263.448" classname="Test Cases/WEB-UI-TESTS/Voucher/FDR-Delete-Undo-DistributionLine" status="FAILED">
         <failure type="FAILED" message="Test Cases/WEB-UI-TESTS/Voucher/FDR-Delete-Undo-DistributionLine FAILED.
Reason:
com.kms.katalon.core.exception.StepFailedException: Unable to move mouse over object 'Object Repository/FDR-EditVoucher/DLHover' (Root cause: com.kms.katalon.core.exception.StepFailedException: Unable to move mouse over object 'Object Repository/FDR-EditVoucher/DLHover'
	at com.kms.katalon.core.webui.keyword.internal.WebUIKeywordMain.stepFailed(WebUIKeywordMain.groovy:64)
	at com.kms.katalon.core.webui.keyword.internal.WebUIKeywordMain.runKeyword(WebUIKeywordMain.groovy:26)
	at com.kms.katalon.core.webui.keyword.builtin.MouseOverKeyword.mouseOver(MouseOverKeyword.groovy:66)
	at com.kms.katalon.core.webui.keyword.builtin.MouseOverKeyword.execute(MouseOverKeyword.groovy:40)
	at com.kms.katalon.core.keyword.internal.KeywordExecutor.executeKeywordForPlatform(KeywordExecutor.groovy:73)
	at com.kms.katalon.core.webui.keyword.WebUiBuiltInKeywords.mouseOver(WebUiBuiltInKeywords.groovy:802)
	at com.kms.katalon.core.webui.keyword.WebUiBuiltInKeywords$mouseOver$19.call(Unknown Source)
	at com.functions.Uifunctions.deleteFirstDistributionLine(Uifunctions.groovy:82)
	at com.functions.Uifunctions$deleteFirstDistributionLine$7.call(Unknown Source)
	at FDR-Delete-Undo-DistributionLine.run(FDR-Delete-Undo-DistributionLine:61)
	at com.kms.katalon.core.main.ScriptEngine.run(ScriptEngine.java:194)
	at com.kms.katalon.core.main.ScriptEngine.runScriptAsRawText(ScriptEngine.java:119)
	at com.kms.katalon.core.main.TestCaseExecutor.runScript(TestCaseExecutor.java:339)
	at com.kms.katalon.core.main.TestCaseExecutor.doExecute(TestCaseExecutor.java:330)
	at com.kms.katalon.core.main.TestCaseExecutor.processExecutionPhase(TestCaseExecutor.java:309)
	at com.kms.katalon.core.main.TestCaseExecutor.accessMainPhase(TestCaseExecutor.java:301)
	at com.kms.katalon.core.main.TestCaseExecutor.execute(TestCaseExecutor.java:235)
	at com.kms.katalon.core.main.TestSuiteExecutor.accessTestCaseMainPhase(TestSuiteExecutor.java:191)
	at com.kms.katalon.core.main.TestSuiteExecutor.accessTestSuiteMainPhase(TestSuiteExecutor.java:141)
	at com.kms.katalon.core.main.TestSuiteExecutor.execute(TestSuiteExecutor.java:90)
	at com.kms.katalon.core.main.TestCaseMain.startTestSuite(TestCaseMain.java:157)
	at com.kms.katalon.core.main.TestCaseMain$startTestSuite$0.call(Unknown Source)
	at TempTestSuite1599589931846.run(TempTestSuite1599589931846.groovy:39)
Caused by: com.kms.katalon.core.webui.exception.WebElementNotFoundException: Web element with id: 'Object Repository/FDR-EditVoucher/DLHover' located by '(//*[@data-id='line-grid'] //parent::*//div//div)[1]' not found
	at com.kms.katalon.core.webui.common.WebUiCommonHelper.findWebElement(WebUiCommonHelper.java:1368)
	at com.kms.katalon.core.webui.keyword.internal.WebUIAbstractKeyword.findWebElement(WebUIAbstractKeyword.groovy:27)
	at com.kms.katalon.core.webui.keyword.internal.WebUIAbstractKeyword.findWebElement(WebUIAbstractKeyword.groovy:26)
	at com.kms.katalon.core.webui.keyword.builtin.MouseOverKeyword$_mouseOver_closure1.doCall(MouseOverKeyword.groovy:54)
	at com.kms.katalon.core.webui.keyword.builtin.MouseOverKeyword$_mouseOver_closure1.call(MouseOverKeyword.groovy)
	at com.kms.katalon.core.webui.keyword.internal.WebUIKeywordMain.runKeyword(WebUIKeywordMain.groovy:20)
	at com.kms.katalon.core.webui.keyword.builtin.MouseOverKeyword.mouseOver(MouseOverKeyword.groovy:66)
	at com.kms.katalon.core.webui.keyword.builtin.MouseOverKeyword.execute(MouseOverKeyword.groovy:40)
	at com.kms.katalon.core.keyword.internal.KeywordExecutor.executeKeywordForPlatform(KeywordExecutor.groovy:73)
	at com.kms.katalon.core.webui.keyword.WebUiBuiltInKeywords.mouseOver(WebUiBuiltInKeywords.groovy:802)
	at com.kms.katalon.core.webui.keyword.WebUiBuiltInKeywords$mouseOver$19.call(Unknown Source)
	at com.functions.Uifunctions.deleteFirstDistributionLine(Uifunctions.groovy:82)
	at com.functions.Uifunctions$deleteFirstDistributionLine$7.call(Unknown Source)
	at Script1581969940117.run(Script1581969940117.groovy:61)
	... 13 more
)
	at com.kms.katalon.core.keyword.internal.KeywordMain.stepFailed(KeywordMain.groovy:39)
	at com.kms.katalon.core.webui.keyword.internal.WebUIKeywordMain.stepFailed(WebUIKeywordMain.groovy:64)
	at com.kms.katalon.core.webui.keyword.internal.WebUIKeywordMain.runKeyword(WebUIKeywordMain.groovy:26)
	at com.kms.katalon.core.webui.keyword.builtin.MouseOverKeyword.mouseOver(MouseOverKeyword.groovy:66)
	at com.kms.katalon.core.webui.keyword.builtin.MouseOverKeyword.execute(MouseOverKeyword.groovy:40)
	at com.kms.katalon.core.keyword.internal.KeywordExecutor.executeKeywordForPlatform(KeywordExecutor.groovy:73)
	at com.kms.katalon.core.webui.keyword.WebUiBuiltInKeywords.mouseOver(WebUiBuiltInKeywords.groovy:802)
	at com.kms.katalon.core.webui.keyword.WebUiBuiltInKeywords$mouseOver$19.call(Unknown Source)
	at com.functions.Uifunctions.deleteFirstDistributionLine(Uifunctions.groovy:82)
	at com.functions.Uifunctions$deleteFirstDistributionLine$7.call(Unknown Source)
	at FDR-Delete-Undo-DistributionLine.run(FDR-Delete-Undo-DistributionLine:61)
	at com.kms.katalon.core.main.ScriptEngine.run(ScriptEngine.java:194)
	at com.kms.katalon.core.main.ScriptEngine.runScriptAsRawText(ScriptEngine.java:119)
	at com.kms.katalon.core.main.TestCaseExecutor.runScript(TestCaseExecutor.java:339)
	at com.kms.katalon.core.main.TestCaseExecutor.doExecute(TestCaseExecutor.java:330)
	at com.kms.katalon.core.main.TestCaseExecutor.processExecutionPhase(TestCaseExecutor.java:309)
	at com.kms.katalon.core.main.TestCaseExecutor.accessMainPhase(TestCaseExecutor.java:301)
	at com.kms.katalon.core.main.TestCaseExecutor.execute(TestCaseExecutor.java:235)
	at com.kms.katalon.core.main.TestSuiteExecutor.accessTestCaseMainPhase(TestSuiteExecutor.java:191)
	at com.kms.katalon.core.main.TestSuiteExecutor.accessTestSuiteMainPhase(TestSuiteExecutor.java:141)
	at com.kms.katalon.core.main.TestSuiteExecutor.execute(TestSuiteExecutor.java:90)
	at com.kms.katalon.core.main.TestCaseMain.startTestSuite(TestCaseMain.java:157)
	at com.kms.katalon.core.main.TestCaseMain$startTestSuite$0.call(Unknown Source)
	at TempTestSuite1599589931846.run(TempTestSuite1599589931846.groovy:39)
Caused by: com.kms.katalon.core.exception.StepFailedException: Unable to move mouse over object 'Object Repository/FDR-EditVoucher/DLHover'
	... 23 more
Caused by: com.kms.katalon.core.webui.exception.WebElementNotFoundException: Web element with id: 'Object Repository/FDR-EditVoucher/DLHover' located by '(//*[@data-id='line-grid'] //parent::*//div//div)[1]' not found
	at com.kms.katalon.core.webui.common.WebUiCommonHelper.findWebElement(WebUiCommonHelper.java:1368)
	at com.kms.katalon.core.webui.keyword.internal.WebUIAbstractKeyword.findWebElement(WebUIAbstractKeyword.groovy:27)
	at com.kms.katalon.core.webui.keyword.internal.WebUIAbstractKeyword.findWebElement(WebUIAbstractKeyword.groovy:26)
	at com.kms.katalon.core.webui.keyword.builtin.MouseOverKeyword$_mouseOver_closure1.doCall(MouseOverKeyword.groovy:54)
	at com.kms.katalon.core.webui.keyword.builtin.MouseOverKeyword$_mouseOver_closure1.call(MouseOverKeyword.groovy)
	at com.kms.katalon.core.webui.keyword.internal.WebUIKeywordMain.runKeyword(WebUIKeywordMain.groovy:20)
	... 21 more
"/>
         <system-out><![CDATA[2020-09-08 11:55:16 - [TEST_CASE][FAILED] - Test Cases/WEB-UI-TESTS/Voucher/FDR-Delete-Undo-DistributionLine: Test Cases/WEB-UI-TESTS/Voucher/FDR-Delete-Undo-DistributionLine FAILED.
Reason:
com.kms.katalon.core.exception.StepFailedException: Unable to move mouse over object 'Object Repository/FDR-EditVoucher/DLHover' (Root cause: com.kms.katalon.core.exception.StepFailedException: Unable to move mouse over object 'Object Repository/FDR-EditVoucher/DLHover'
	at com.kms.katalon.core.webui.keyword.internal.WebUIKeywordMain.stepFailed(WebUIKeywordMain.groovy:64)
	at com.kms.katalon.core.webui.keyword.internal.WebUIKeywordMain.runKeyword(WebUIKeywordMain.groovy:26)
	at com.kms.katalon.core.webui.keyword.builtin.MouseOverKeyword.mouseOver(MouseOverKeyword.groovy:66)
	at com.kms.katalon.core.webui.keyword.builtin.MouseOverKeyword.execute(MouseOverKeyword.groovy:40)
	at com.kms.katalon.core.keyword.internal.KeywordExecutor.executeKeywordForPlatform(KeywordExecutor.groovy:73)
	at com.kms.katalon.core.webui.keyword.WebUiBuiltInKeywords.mouseOver(WebUiBuiltInKeywords.groovy:802)
	at com.kms.katalon.core.webui.keyword.WebUiBuiltInKeywords$mouseOver$19.call(Unknown Source)
	at com.functions.Uifunctions.deleteFirstDistributionLine(Uifunctions.groovy:82)
	at com.functions.Uifunctions$deleteFirstDistributionLine$7.call(Unknown Source)
	at FDR-Delete-Undo-DistributionLine.run(FDR-Delete-Undo-DistributionLine:61)
	at com.kms.katalon.core.main.ScriptEngine.run(ScriptEngine.java:194)
	at com.kms.katalon.core.main.ScriptEngine.runScriptAsRawText(ScriptEngine.java:119)
	at com.kms.katalon.core.main.TestCaseExecutor.runScript(TestCaseExecutor.java:339)
	at com.kms.katalon.core.main.TestCaseExecutor.doExecute(TestCaseExecutor.java:330)
	at com.kms.katalon.core.main.TestCaseExecutor.processExecutionPhase(TestCaseExecutor.java:309)
	at com.kms.katalon.core.main.TestCaseExecutor.accessMainPhase(TestCaseExecutor.java:301)
	at com.kms.katalon.core.main.TestCaseExecutor.execute(TestCaseExecutor.java:235)
	at com.kms.katalon.core.main.TestSuiteExecutor.accessTestCaseMainPhase(TestSuiteExecutor.java:191)
	at com.kms.katalon.core.main.TestSuiteExecutor.accessTestSuiteMainPhase(TestSuiteExecutor.java:141)
	at com.kms.katalon.core.main.TestSuiteExecutor.execute(TestSuiteExecutor.java:90)
	at com.kms.katalon.core.main.TestCaseMain.startTestSuite(TestCaseMain.java:157)
	at com.kms.katalon.core.main.TestCaseMain$startTestSuite$0.call(Unknown Source)
	at TempTestSuite1599589931846.run(TempTestSuite1599589931846.groovy:39)
Caused by: com.kms.katalon.core.webui.exception.WebElementNotFoundException: Web element with id: 'Object Repository/FDR-EditVoucher/DLHover' located by '(//*[@data-id='line-grid'] //parent::*//div//div)[1]' not found
	at com.kms.katalon.core.webui.common.WebUiCommonHelper.findWebElement(WebUiCommonHelper.java:1368)
	at com.kms.katalon.core.webui.keyword.internal.WebUIAbstractKeyword.findWebElement(WebUIAbstractKeyword.groovy:27)
	at com.kms.katalon.core.webui.keyword.internal.WebUIAbstractKeyword.findWebElement(WebUIAbstractKeyword.groovy:26)
	at com.kms.katalon.core.webui.keyword.builtin.MouseOverKeyword$_mouseOver_closure1.doCall(MouseOverKeyword.groovy:54)
	at com.kms.katalon.core.webui.keyword.builtin.MouseOverKeyword$_mouseOver_closure1.call(MouseOverKeyword.groovy)
	at com.kms.katalon.core.webui.keyword.internal.WebUIKeywordMain.runKeyword(WebUIKeywordMain.groovy:20)
	at com.kms.katalon.core.webui.keyword.builtin.MouseOverKeyword.mouseOver(MouseOverKeyword.groovy:66)
	at com.kms.katalon.core.webui.keyword.builtin.MouseOverKeyword.execute(MouseOverKeyword.groovy:40)
	at com.kms.katalon.core.keyword.internal.KeywordExecutor.executeKeywordForPlatform(KeywordExecutor.groovy:73)
	at com.kms.katalon.core.webui.keyword.WebUiBuiltInKeywords.mouseOver(WebUiBuiltInKeywords.groovy:802)
	at com.kms.katalon.core.webui.keyword.WebUiBuiltInKeywords$mouseOver$19.call(Unknown Source)
	at com.functions.Uifunctions.deleteFirstDistributionLine(Uifunctions.groovy:82)
	at com.functions.Uifunctions$deleteFirstDistributionLine$7.call(Unknown Source)
	at Script1581969940117.run(Script1581969940117.groovy:61)
	... 13 more
)
	at com.kms.katalon.core.keyword.internal.KeywordMain.stepFailed(KeywordMain.groovy:39)
	at com.kms.katalon.core.webui.keyword.internal.WebUIKeywordMain.stepFailed(WebUIKeywordMain.groovy:64)
	at com.kms.katalon.core.webui.keyword.internal.WebUIKeywordMain.runKeyword(WebUIKeywordMain.groovy:26)
	at com.kms.katalon.core.webui.keyword.builtin.MouseOverKeyword.mouseOver(MouseOverKeyword.groovy:66)
	at com.kms.katalon.core.webui.keyword.builtin.MouseOverKeyword.execute(MouseOverKeyword.groovy:40)
	at com.kms.katalon.core.keyword.internal.KeywordExecutor.executeKeywordForPlatform(KeywordExecutor.groovy:73)
	at com.kms.katalon.core.webui.keyword.WebUiBuiltInKeywords.mouseOver(WebUiBuiltInKeywords.groovy:802)
	at com.kms.katalon.core.webui.keyword.WebUiBuiltInKeywords$mouseOver$19.call(Unknown Source)
	at com.functions.Uifunctions.deleteFirstDistributionLine(Uifunctions.groovy:82)
	at com.functions.Uifunctions$deleteFirstDistributionLine$7.call(Unknown Source)
	at FDR-Delete-Undo-DistributionLine.run(FDR-Delete-Undo-DistributionLine:61)
	at com.kms.katalon.core.main.ScriptEngine.run(ScriptEngine.java:194)
	at com.kms.katalon.core.main.ScriptEngine.runScriptAsRawText(ScriptEngine.java:119)
	at com.kms.katalon.core.main.TestCaseExecutor.runScript(TestCaseExecutor.java:339)
	at com.kms.katalon.core.main.TestCaseExecutor.doExecute(TestCaseExecutor.java:330)
	at com.kms.katalon.core.main.TestCaseExecutor.processExecutionPhase(TestCaseExecutor.java:309)
	at com.kms.katalon.core.main.TestCaseExecutor.accessMainPhase(TestCaseExecutor.java:301)
	at com.kms.katalon.core.main.TestCaseExecutor.execute(TestCaseExecutor.java:235)
	at com.kms.katalon.core.main.TestSuiteExecutor.accessTestCaseMainPhase(TestSuiteExecutor.java:191)
	at com.kms.katalon.core.main.TestSuiteExecutor.accessTestSuiteMainPhase(TestSuiteExecutor.java:141)
	at com.kms.katalon.core.main.TestSuiteExecutor.execute(TestSuiteExecutor.java:90)
	at com.kms.katalon.core.main.TestCaseMain.startTestSuite(TestCaseMain.java:157)
	at com.kms.katalon.core.main.TestCaseMain$startTestSuite$0.call(Unknown Source)
	at TempTestSuite1599589931846.run(TempTestSuite1599589931846.groovy:39)
Caused by: com.kms.katalon.core.exception.StepFailedException: Unable to move mouse over object 'Object Repository/FDR-EditVoucher/DLHover'
	... 23 more
Caused by: com.kms.katalon.core.webui.exception.WebElementNotFoundException: Web element with id: 'Object Repository/FDR-EditVoucher/DLHover' located by '(//*[@data-id='line-grid'] //parent::*//div//div)[1]' not found
	at com.kms.katalon.core.webui.common.WebUiCommonHelper.findWebElement(WebUiCommonHelper.java:1368)
	at com.kms.katalon.core.webui.keyword.internal.WebUIAbstractKeyword.findWebElement(WebUIAbstractKeyword.groovy:27)
	at com.kms.katalon.core.webui.keyword.internal.WebUIAbstractKeyword.findWebElement(WebUIAbstractKeyword.groovy:26)
	at com.kms.katalon.core.webui.keyword.builtin.MouseOverKeyword$_mouseOver_closure1.doCall(MouseOverKeyword.groovy:54)
	at com.kms.katalon.core.webui.keyword.builtin.MouseOverKeyword$_mouseOver_closure1.call(MouseOverKeyword.groovy)
	at com.kms.katalon.core.webui.keyword.internal.WebUIKeywordMain.runKeyword(WebUIKeywordMain.groovy:20)
	... 21 more


2020-09-08 11:55:16 - [TEST_STEP][PASSED] - Start listener action : sampleBeforeTestCase: null

2020-09-08 11:55:16 - [TEST_STEP][PASSED] - profileName = getExecutionProfile(): null

2020-09-08 11:55:16 - [TEST_STEP][PASSED] - switch (profileName): null

2020-09-08 11:55:16 - [TEST_STEP][PASSED] - case "superUser":: null

2020-09-08 11:55:16 - [TEST_STEP][PASSED] - return null: null

2020-09-08 11:55:16 - [TEST_STEP][PASSED] - Start listener action : beforeTestCase: null

2020-09-08 11:55:16 - [TEST_STEP][PASSED] - profileName = getExecutionProfile(): null

2020-09-08 11:55:16 - [TEST_STEP][PASSED] - if (profileName.equalsIgnoreCase("SysAdmin")): null

2020-09-08 11:55:16 - [TEST_STEP][PASSED] - Start listener action : sampleBeforeTestCase: Navigate to 'https://fdr-katalon.cammis-mod-dev.dhcs.ca.gov' successfully

2020-09-08 11:55:16 - [TEST_STEP][PASSED] - profileName = getExecutionProfile(): null

2020-09-08 11:55:16 - [TEST_STEP][PASSED] - testCaseId = testCaseContext.getTestCaseId(): null

2020-09-08 11:55:16 - [TEST_STEP][PASSED] - switch (profileName): null

2020-09-08 11:55:16 - [TEST_STEP][PASSED] - case "Voucher":: null

2020-09-08 11:55:16 - [TEST_STEP][PASSED] - Uifunctions.loginFDR(accountsApproverAcc2, accountsApproverAcc2Pwd): Object: 'Object Repository/FDR-SignIn/SignInButton' is clicked on

2020-09-08 11:55:16 - [MESSAGE][INFO] - Starting 'Chrome' driver

2020-09-08 11:55:16 - [MESSAGE][INFO] - Action delay is set to 0 milliseconds

2020-09-08 11:55:19 - [MESSAGE][PASSED] - Browser is opened with url: ''

2020-09-08 11:55:21 - [MESSAGE][PASSED] - Current window maximized

2020-09-08 11:55:25 - [MESSAGE][PASSED] - Navigate to 'https://fdr-katalon.cammis-mod-dev.dhcs.ca.gov' successfully

2020-09-08 11:55:26 - [MESSAGE][PASSED] - Object 'Object Repository/FDR-SignIn/SignInEmail' is present

2020-09-08 11:55:27 - [MESSAGE][PASSED] - Object: 'Object Repository/FDR-SignIn/SignInEmail' is clicked on

2020-09-08 11:55:27 - [MESSAGE][PASSED] - Object 'Object Repository/FDR-SignIn/SignInEmail' is present

2020-09-08 11:55:27 - [MESSAGE][PASSED] - Text 'fdr.test2@dhcs.ca.gov' is set on object 'Object Repository/FDR-SignIn/SignInEmail'

2020-09-08 11:55:28 - [MESSAGE][PASSED] - Object 'Object Repository/FDR-SignIn/SignInEmailNext' is visible

2020-09-08 11:55:28 - [MESSAGE][PASSED] - Object: 'Object Repository/FDR-SignIn/SignInEmailNext' is clicked on

2020-09-08 11:55:32 - [MESSAGE][PASSED] - Object 'Object Repository/FDR-SignIn/SignInEmailPassword' is visible

2020-09-08 11:55:33 - [MESSAGE][PASSED] - Object: 'Object Repository/FDR-SignIn/SignInEmailPassword' is clicked on

2020-09-08 11:55:33 - [MESSAGE][PASSED] - Text ****** has been set on object 'Object Repository/FDR-SignIn/SignInEmailPassword'

2020-09-08 11:55:34 - [MESSAGE][PASSED] - Object: 'Object Repository/FDR-SignIn/SignInButton' is clicked on

2020-09-08 11:55:34 - [TEST_STEP][PASSED] - break: null

2020-09-08 11:55:34 - [TEST_STEP][PASSED] - navigateToUrl(URL): Navigate to 'https://fdr-katalon.cammis-mod-dev.dhcs.ca.gov' successfully

2020-09-08 11:55:35 - [MESSAGE][PASSED] - Navigate to 'https://fdr-katalon.cammis-mod-dev.dhcs.ca.gov' successfully

2020-09-08 11:55:35 - [TEST_STEP][PASSED] - Start listener action : executeRows: null

2020-09-08 11:55:35 - [TEST_STEP][PASSED] - Start setup action : setupTestCase: Method 'setupTestCase' complete successfully

2020-09-08 11:55:35 - [MESSAGE][PASSED] - Method 'setupTestCase' complete successfully

2020-09-08 11:55:35 - [TEST_STEP][PASSED] - callTestCase(findTestCase("WEB-UI-TESTS/Voucher/FDR-Create-Simple-Voucher"), ["drawDate":drawDate, "payDate":payDate, "programType":programType, "invoiceType":invoiceType, "fundCode":fundCode, "supplier":supplier, ... ], STOP_ON_FAILURE): Call Test Case 'Test Cases/WEB-UI-TESTS/Voucher/FDR-Create-Simple-Voucher' successfully

2020-09-08 11:55:35 - [TEST_CASE][PASSED] - Test Cases/WEB-UI-TESTS/Voucher/FDR-Create-Simple-Voucher: Test Cases/WEB-UI-TESTS/Voucher/FDR-Create-Simple-Voucher

2020-09-08 11:55:35 - [TEST_STEP][PASSED] - voucherHeaderData = ["drawDate":drawDate, "payDate":payDate, "programType":programType, "invoiceType":invoiceType, "fundCode":fundCode, "supplier":supplier, ... ]: null

2020-09-08 11:55:35 - [TEST_STEP][PASSED] - Uifunctions.createVoucherHeader(voucherHeaderData): Object 'Object Repository/FDR-VoucherEntry/VoucherHeader/reviewButton' is present

2020-09-08 11:55:37 - [MESSAGE][PASSED] - Object 'Object Repository/FDR-Dashboard/createNewVoucherButton' is present

2020-09-08 11:55:37 - [MESSAGE][PASSED] - Object: 'Object Repository/FDR-Dashboard/createNewVoucherButton' is clicked on

2020-09-08 11:55:42 - [MESSAGE][INFO] - Unable to find the element located by 'By.xpath: //*[@data-id='action-button']//*[contains(text(),'Review')]'. Please recheck the objects properties to make sure the desired element is located. 

2020-09-08 11:55:42 - [MESSAGE][WARNING] - Object 'Object Repository/FDR-VoucherEntry/VoucherHeader/reviewButton' is not present after 3 second(s)

2020-09-08 11:55:42 - [MESSAGE][PASSED] - Object: 'Object Repository/FDR-VoucherEntry/Voucher/drawDate' is clicked on

2020-09-08 11:55:44 - [MESSAGE][INFO] - Unable to find the element located by 'By.xpath: //*[@data-id='button-link']//*[contains(text(),'Create New Voucher')]'. Please recheck the objects properties to make sure the desired element is located. 

2020-09-08 11:55:44 - [MESSAGE][WARNING] - Object 'Object Repository/FDR-Dashboard/createNewVoucherButton' is not present after 1 second(s)

2020-09-08 11:55:45 - [MESSAGE][PASSED] - Text '09/23/2020' is set on object 'Object Repository/FDR-VoucherEntry/Voucher/drawDate'

2020-09-08 11:55:49 - [MESSAGE][INFO] - Unable to find the element located by 'By.xpath: //*[@data-id='button-link']//*[contains(text(),'Create New Voucher')]'. Please recheck the objects properties to make sure the desired element is located. 

2020-09-08 11:55:49 - [MESSAGE][WARNING] - Object 'Object Repository/FDR-Dashboard/createNewVoucherButton' is not present after 3 second(s)

2020-09-08 11:55:50 - [MESSAGE][PASSED] - Object: 'Object Repository/FDR-VoucherEntry/Voucher/programType' is clicked on

2020-09-08 11:55:53 - [MESSAGE][INFO] - Unable to find the element located by 'By.xpath: //*[@data-id='button-link']//*[contains(text(),'Create New Voucher')]'. Please recheck the objects properties to make sure the desired element is located. 

2020-09-08 11:55:53 - [MESSAGE][WARNING] - Object 'Object Repository/FDR-Dashboard/createNewVoucherButton' is not present after 2 second(s)

2020-09-08 11:55:53 - [MESSAGE][PASSED] - Keys 'Medical Assistance (MA)' sent to object: 'Object Repository/FDR-VoucherEntry/Voucher/programType'

2020-09-08 11:55:53 - [MESSAGE][PASSED] - Object 'Object Repository/FDR-VoucherEntry/Voucher/programType' is present

2020-09-08 11:55:54 - [MESSAGE][PASSED] - Keys 'DOWN + ENTER + ' sent to object: 'Object Repository/FDR-VoucherEntry/Voucher/programType'

2020-09-08 11:55:54 - [MESSAGE][PASSED] - Object: 'Object Repository/FDR-VoucherEntry/Voucher/invoiceType' is clicked on

2020-09-08 11:55:55 - [MESSAGE][PASSED] - Object 'Object Repository/FDR-VoucherEntry/Voucher/invoiceType' is present

2020-09-08 11:55:55 - [MESSAGE][PASSED] - Keys 'CAP' sent to object: 'Object Repository/FDR-VoucherEntry/Voucher/invoiceType'

2020-09-08 11:55:56 - [MESSAGE][PASSED] - Keys 'DOWN + ENTER + ' sent to object: 'Object Repository/FDR-VoucherEntry/Voucher/invoiceType'

2020-09-08 11:55:56 - [MESSAGE][PASSED] - Object: 'Object Repository/FDR-VoucherEntry/Voucher/fundCode' is clicked on

2020-09-08 11:55:57 - [MESSAGE][PASSED] - Keys 'Health Care Deposit Fund (0912)' sent to object: 'Object Repository/FDR-VoucherEntry/Voucher/fundCode'

2020-09-08 11:55:57 - [MESSAGE][PASSED] - Object 'Object Repository/FDR-VoucherEntry/Voucher/fundCode' is present

2020-09-08 11:55:58 - [MESSAGE][PASSED] - Keys 'DOWN + ENTER + ' sent to object: 'Object Repository/FDR-VoucherEntry/Voucher/fundCode'

2020-09-08 11:55:58 - [MESSAGE][PASSED] - Object: 'Object Repository/FDR-VoucherEntry/Voucher/supplierID' is clicked on

2020-09-08 11:55:59 - [MESSAGE][PASSED] - Keys '0000008024' sent to object: 'Object Repository/FDR-VoucherEntry/Voucher/supplierID'

2020-09-08 11:55:59 - [MESSAGE][PASSED] - Object 'Object Repository/FDR-VoucherEntry/Voucher/supplierID' is present

2020-09-08 11:55:59 - [MESSAGE][PASSED] - Keys 'DOWN + ENTER + ' sent to object: 'Object Repository/FDR-VoucherEntry/Voucher/supplierID'

2020-09-08 11:56:00 - [MESSAGE][PASSED] - Object: 'Object Repository/FDR-VoucherEntry/Voucher/seqNum' is clicked on

2020-09-08 11:56:01 - [MESSAGE][PASSED] - Object 'Object Repository/FDR-VoucherEntry/Voucher/seqNum' is present

2020-09-08 11:56:01 - [MESSAGE][PASSED] - Keys 'DOWN + ENTER + ' sent to object: 'Object Repository/FDR-VoucherEntry/Voucher/seqNum'

2020-09-08 11:56:02 - [MESSAGE][PASSED] - Object: 'Object Repository/FDR-VoucherEntry/Voucher/contractNum' is clicked on

2020-09-08 11:56:02 - [MESSAGE][PASSED] - Keys '11-88291' sent to object: 'Object Repository/FDR-VoucherEntry/Voucher/contractNum'

2020-09-08 11:56:03 - [MESSAGE][PASSED] - Object 'Object Repository/FDR-VoucherEntry/Voucher/contractNum' is present

2020-09-08 11:56:03 - [MESSAGE][PASSED] - Keys 'DOWN + ENTER + ' sent to object: 'Object Repository/FDR-VoucherEntry/Voucher/contractNum'

2020-09-08 11:56:05 - [MESSAGE][PASSED] - Text 'This message will print on the Remittance Advice' is set on object 'Object Repository/FDR-VoucherEntry/Voucher/vendorMessage'

2020-09-08 11:56:05 - [MESSAGE][PASSED] - Object: 'Object Repository/FDR-VoucherEntry/Voucher/primaryContact' is clicked on

2020-09-08 11:56:06 - [MESSAGE][PASSED] - Keys 'James Mowrer' sent to object: 'Object Repository/FDR-VoucherEntry/Voucher/primaryContact'

2020-09-08 11:56:06 - [MESSAGE][PASSED] - Object 'Object Repository/FDR-VoucherEntry/Voucher/primaryContact' is present

2020-09-08 11:56:07 - [MESSAGE][PASSED] - Keys 'DOWN + ENTER + ' sent to object: 'Object Repository/FDR-VoucherEntry/Voucher/primaryContact'

2020-09-08 11:56:07 - [MESSAGE][PASSED] - Object: 'Object Repository/FDR-VoucherEntry/Voucher/secondaryContact' is clicked on

2020-09-08 11:56:08 - [MESSAGE][PASSED] - Keys 'Angela Kazaryan' sent to object: 'Object Repository/FDR-VoucherEntry/Voucher/secondaryContact'

2020-09-08 11:56:08 - [MESSAGE][PASSED] - Object 'Object Repository/FDR-VoucherEntry/Voucher/secondaryContact' is present

2020-09-08 11:56:09 - [MESSAGE][PASSED] - Object 'Object Repository/FDR-VoucherEntry/Voucher/secondaryContact' is present

2020-09-08 11:56:09 - [MESSAGE][PASSED] - Keys 'DOWN + ENTER + ' sent to object: 'Object Repository/FDR-VoucherEntry/Voucher/secondaryContact'

2020-09-08 11:56:10 - [MESSAGE][PASSED] - Object: 'Object Repository/FDR-VoucherEntry/Voucher/buttonNext' is clicked on

2020-09-08 11:56:13 - [MESSAGE][PASSED] - Delayed 3 second(s)

2020-09-08 11:56:13 - [MESSAGE][PASSED] - Object 'Object Repository/FDR-VoucherEntry/VoucherHeader/reviewButton' is present

2020-09-08 11:56:13 - [TEST_STEP][PASSED] - waitForElementPresent(findTestObject("FDR-Dashboard/createNewVoucherButton"), 4): Object 'Object Repository/FDR-Dashboard/createNewVoucherButton' is not present after 4 second(s)

2020-09-08 11:56:18 - [MESSAGE][INFO] - Unable to find the element located by 'By.xpath: //*[@data-id='button-link']//*[contains(text(),'Create New Voucher')]'. Please recheck the objects properties to make sure the desired element is located. 

2020-09-08 11:56:18 - [MESSAGE][WARNING] - Object 'Object Repository/FDR-Dashboard/createNewVoucherButton' is not present after 4 second(s)

2020-09-08 11:56:18 - [TEST_STEP][PASSED] - Uifunctions.createInvoiceLine(1): Object 'Object Repository/FDR-VoucherEntry/VoucherHeader/reviewButton' is present

2020-09-08 11:56:18 - [MESSAGE][PASSED] - Object 'Object Repository/FDR-VoucherEntry/VoucherHeader/reviewButton' is present

2020-09-08 11:56:22 - [MESSAGE][INFO] - Unable to find the element located by 'By.xpath: //*[contains(text(),'Add voucher')]//parent::button'. Please recheck the objects properties to make sure the desired element is located. 

2020-09-08 11:56:22 - [MESSAGE][WARNING] - Object 'Object Repository/FDR-VoucherEntry/InvoiceLine/addVoucherButton' is not present after 2 second(s)

2020-09-08 11:56:22 - [MESSAGE][PASSED] - Object 'Object Repository/FDR-VoucherEntry/InvoiceLine/invoice' is clickable

2020-09-08 11:56:22 - [MESSAGE][PASSED] - Object: 'Object Repository/FDR-VoucherEntry/InvoiceLine/invoice' is clicked on

2020-09-08 11:56:23 - [MESSAGE][PASSED] - Text '5420' is set on object 'Object Repository/FDR-VoucherEntry/InvoiceLine/invoice'

2020-09-08 11:56:23 - [MESSAGE][PASSED] - Object: 'Object Repository/FDR-VoucherEntry/InvoiceLine/invoiceDate' is clicked on

2020-09-08 11:56:24 - [MESSAGE][PASSED] - Object 'Object Repository/FDR-VoucherEntry/InvoiceLine/invoiceDate' is present

2020-09-08 11:56:24 - [MESSAGE][PASSED] - Text '09/08/2020' is set on object 'Object Repository/FDR-VoucherEntry/InvoiceLine/invoiceDate'

2020-09-08 11:56:25 - [MESSAGE][PASSED] - Object: 'Object Repository/FDR-VoucherEntry/InvoiceLine/originalWarrantDate' is clicked on

2020-09-08 11:56:26 - [MESSAGE][PASSED] - Text '09/09/2020' is set on object 'Object Repository/FDR-VoucherEntry/InvoiceLine/originalWarrantDate'

2020-09-08 11:56:26 - [MESSAGE][PASSED] - Object 'Object Repository/FDR-VoucherEntry/InvoiceLine/addInvoiceLineButton' is present

2020-09-08 11:56:26 - [MESSAGE][PASSED] - Object: 'Object Repository/FDR-VoucherEntry/InvoiceLine/addInvoiceLineButtonIndex2' is clicked on

2020-09-08 11:56:27 - [MESSAGE][PASSED] - Object 'Object Repository/FDR-VoucherEntry/VoucherHeader/reviewButton' is present

2020-09-08 11:56:27 - [TEST_STEP][PASSED] - waitForElementClickable(findTestObject("FDR-VoucherEntry/InvoiceLine/invoiceLineExpandButton"), 5): Object 'Object Repository/FDR-VoucherEntry/InvoiceLine/invoiceLineExpandButton' is clickable

2020-09-08 11:56:27 - [MESSAGE][PASSED] - Object 'Object Repository/FDR-VoucherEntry/InvoiceLine/invoiceLineExpandButton' is clickable

2020-09-08 11:56:27 - [TEST_STEP][PASSED] - click(findTestObject("FDR-VoucherEntry/InvoiceLine/invoiceLineExpandButton")): Object: 'Object Repository/FDR-VoucherEntry/InvoiceLine/invoiceLineExpandButton' is clicked on

2020-09-08 11:56:28 - [MESSAGE][PASSED] - Object: 'Object Repository/FDR-VoucherEntry/InvoiceLine/invoiceLineExpandButton' is clicked on

2020-09-08 11:56:28 - [TEST_STEP][PASSED] - waitForElementPresent(findTestObject("FDR-Dashboard/createNewVoucherButton"), 4): Object 'Object Repository/FDR-Dashboard/createNewVoucherButton' is not present after 4 second(s)

2020-09-08 11:56:33 - [MESSAGE][INFO] - Unable to find the element located by 'By.xpath: //*[@data-id='button-link']//*[contains(text(),'Create New Voucher')]'. Please recheck the objects properties to make sure the desired element is located. 

2020-09-08 11:56:33 - [MESSAGE][WARNING] - Object 'Object Repository/FDR-Dashboard/createNewVoucherButton' is not present after 4 second(s)

2020-09-08 11:56:33 - [TEST_STEP][PASSED] - click(findTestObject("FDR-VoucherEntry/InvoiceLine/invoiceAddlineButton")): Object: 'Object Repository/FDR-VoucherEntry/InvoiceLine/invoiceAddlineButton' is clicked on

2020-09-08 11:56:33 - [MESSAGE][PASSED] - Object: 'Object Repository/FDR-VoucherEntry/InvoiceLine/invoiceAddlineButton' is clicked on

2020-09-08 11:56:33 - [TEST_STEP][PASSED] - Uifunctions.createDistributionLines(1, "Voucher/FDR-DL"): Object: 'Object Repository/FDR-VoucherEntry/DistributionLine/addSaveButton' is clicked on

2020-09-08 11:56:37 - [MESSAGE][INFO] - Unable to find the element located by 'By.xpath: //*[@data-id='button-link']//*[contains(text(),'Create New Voucher')]'. Please recheck the objects properties to make sure the desired element is located. 

2020-09-08 11:56:37 - [MESSAGE][WARNING] - Object 'Object Repository/FDR-Dashboard/createNewVoucherButton' is not present after 3 second(s)

2020-09-08 11:56:40 - [MESSAGE][INFO] - Unable to find the element located by 'By.xpath: //*[@data-id='button-link']//*[contains(text(),'Create New Voucher')]'. Please recheck the objects properties to make sure the desired element is located. 

2020-09-08 11:56:40 - [MESSAGE][WARNING] - Object 'Object Repository/FDR-Dashboard/createNewVoucherButton' is not present after 2 second(s)

2020-09-08 11:56:41 - [MESSAGE][PASSED] - Object 'Object Repository/FDR-VoucherEntry/DistributionLine/serviceDateFrom' is clickable

2020-09-08 11:56:41 - [MESSAGE][PASSED] - Object: 'Object Repository/FDR-VoucherEntry/DistributionLine/serviceDateFrom' is clicked on

2020-09-08 11:56:41 - [MESSAGE][PASSED] - Object 'Object Repository/FDR-VoucherEntry/DistributionLine/serviceDateFrom' is present

2020-09-08 11:56:42 - [MESSAGE][PASSED] - Text '08/04/2020' is set on object 'Object Repository/FDR-VoucherEntry/DistributionLine/serviceDateFrom'

2020-09-08 11:56:43 - [MESSAGE][PASSED] - Object: 'Object Repository/FDR-VoucherEntry/DistributionLine/serviceDateTo' is clicked on

2020-09-08 11:56:43 - [MESSAGE][PASSED] - Object 'Object Repository/FDR-VoucherEntry/DistributionLine/serviceDateTo' is present

2020-09-08 11:56:44 - [MESSAGE][PASSED] - Text '08/05/2020' is set on object 'Object Repository/FDR-VoucherEntry/DistributionLine/serviceDateTo'

2020-09-08 11:56:47 - [MESSAGE][INFO] - Unable to find the element located by 'By.xpath: //*[@data-id='button-link']//*[contains(text(),'Create New Voucher')]'. Please recheck the objects properties to make sure the desired element is located. 

2020-09-08 11:56:47 - [MESSAGE][WARNING] - Object 'Object Repository/FDR-Dashboard/createNewVoucherButton' is not present after 2 second(s)

2020-09-08 11:56:47 - [MESSAGE][PASSED] - Object: 'Object Repository/FDR-VoucherEntry/DistributionLine/amount' is clicked on

2020-09-08 11:56:47 - [MESSAGE][PASSED] - Execute JavaScript 'arguments[0].value='';' successfully

2020-09-08 11:56:48 - [MESSAGE][PASSED] - Keys '100' sent to object: 'Object Repository/FDR-VoucherEntry/DistributionLine/amount'

2020-09-08 11:56:50 - [MESSAGE][INFO] - Unable to find the element located by 'By.xpath: //*[@data-id='button-link']//*[contains(text(),'Create New Voucher')]'. Please recheck the objects properties to make sure the desired element is located. 

2020-09-08 11:56:50 - [MESSAGE][WARNING] - Object 'Object Repository/FDR-Dashboard/createNewVoucherButton' is not present after 1 second(s)

2020-09-08 11:56:50 - [MESSAGE][PASSED] - Object: 'Object Repository/FDR-VoucherEntry/DistributionLine/waiverType' is clicked on

2020-09-08 11:56:53 - [MESSAGE][INFO] - Unable to find the element located by 'By.xpath: //*[@data-id='button-link']//*[contains(text(),'Create New Voucher')]'. Please recheck the objects properties to make sure the desired element is located. 

2020-09-08 11:56:53 - [MESSAGE][WARNING] - Object 'Object Repository/FDR-Dashboard/createNewVoucherButton' is not present after 1 second(s)

2020-09-08 11:56:53 - [MESSAGE][PASSED] - Keys '1115' sent to object: 'Object Repository/FDR-VoucherEntry/DistributionLine/waiverType'

2020-09-08 11:56:56 - [MESSAGE][INFO] - Unable to find the element located by 'By.xpath: //*[@data-id='button-link']//*[contains(text(),'Create New Voucher')]'. Please recheck the objects properties to make sure the desired element is located. 

2020-09-08 11:56:56 - [MESSAGE][WARNING] - Object 'Object Repository/FDR-Dashboard/createNewVoucherButton' is not present after 2 second(s)

2020-09-08 11:56:56 - [MESSAGE][PASSED] - Keys 'DOWN + ENTER + ' sent to object: 'Object Repository/FDR-VoucherEntry/DistributionLine/waiverType'

2020-09-08 11:56:57 - [MESSAGE][PASSED] - Object: 'Object Repository/FDR-VoucherEntry/DistributionLine/waiverName' is clicked on

2020-09-08 11:56:57 - [MESSAGE][PASSED] - Keys 'CBAS' sent to object: 'Object Repository/FDR-VoucherEntry/DistributionLine/waiverName'

2020-09-08 11:57:00 - [MESSAGE][INFO] - Unable to find the element located by 'By.xpath: //*[@data-id='button-link']//*[contains(text(),'Create New Voucher')]'. Please recheck the objects properties to make sure the desired element is located. 

2020-09-08 11:57:00 - [MESSAGE][WARNING] - Object 'Object Repository/FDR-Dashboard/createNewVoucherButton' is not present after 2 second(s)

2020-09-08 11:57:01 - [MESSAGE][PASSED] - Keys 'DOWN + ENTER + ' sent to object: 'Object Repository/FDR-VoucherEntry/DistributionLine/waiverName'

2020-09-08 11:57:01 - [MESSAGE][PASSED] - Object: 'Object Repository/FDR-VoucherEntry/DistributionLine/fundingSource' is clicked on

2020-09-08 11:57:02 - [MESSAGE][PASSED] - Keys 'Dental' sent to object: 'Object Repository/FDR-VoucherEntry/DistributionLine/fundingSource'

2020-09-08 11:57:05 - [MESSAGE][INFO] - Unable to find the element located by 'By.xpath: //*[@data-id='button-link']//*[contains(text(),'Create New Voucher')]'. Please recheck the objects properties to make sure the desired element is located. 

2020-09-08 11:57:05 - [MESSAGE][WARNING] - Object 'Object Repository/FDR-Dashboard/createNewVoucherButton' is not present after 2 second(s)

2020-09-08 11:57:05 - [MESSAGE][PASSED] - Keys 'DOWN + ENTER + ' sent to object: 'Object Repository/FDR-VoucherEntry/DistributionLine/fundingSource'

2020-09-08 11:57:06 - [MESSAGE][PASSED] - Object: 'Object Repository/FDR-VoucherEntry/DistributionLine/fundRatio' is clicked on

2020-09-08 11:57:06 - [MESSAGE][PASSED] - Keys '90/10' sent to object: 'Object Repository/FDR-VoucherEntry/DistributionLine/fundRatio'

2020-09-08 11:57:10 - [MESSAGE][INFO] - Unable to find the element located by 'By.xpath: //*[@data-id='button-link']//*[contains(text(),'Create New Voucher')]'. Please recheck the objects properties to make sure the desired element is located. 

2020-09-08 11:57:10 - [MESSAGE][WARNING] - Object 'Object Repository/FDR-Dashboard/createNewVoucherButton' is not present after 2 second(s)

2020-09-08 11:57:10 - [MESSAGE][PASSED] - Keys 'DOWN + ENTER + ' sent to object: 'Object Repository/FDR-VoucherEntry/DistributionLine/fundRatio'

2020-09-08 11:57:11 - [MESSAGE][PASSED] - Object: 'Object Repository/FDR-VoucherEntry/DistributionLine/nonFederalFund' is clicked on

2020-09-08 11:57:11 - [MESSAGE][PASSED] - Keys '0001' sent to object: 'Object Repository/FDR-VoucherEntry/DistributionLine/nonFederalFund'

2020-09-08 11:57:14 - [MESSAGE][INFO] - Unable to find the element located by 'By.xpath: //*[@data-id='button-link']//*[contains(text(),'Create New Voucher')]'. Please recheck the objects properties to make sure the desired element is located. 

2020-09-08 11:57:14 - [MESSAGE][WARNING] - Object 'Object Repository/FDR-Dashboard/createNewVoucherButton' is not present after 2 second(s)

2020-09-08 11:57:15 - [MESSAGE][PASSED] - Keys 'DOWN + ENTER + ' sent to object: 'Object Repository/FDR-VoucherEntry/DistributionLine/nonFederalFund'

2020-09-08 11:57:15 - [MESSAGE][PASSED] - Object: 'Object Repository/FDR-VoucherEntry/DistributionLine/account' is clicked on

2020-09-08 11:57:16 - [MESSAGE][PASSED] - Keys '5442000' sent to object: 'Object Repository/FDR-VoucherEntry/DistributionLine/account'

2020-09-08 11:57:16 - [MESSAGE][PASSED] - Keys 'DOWN + ENTER + ' sent to object: 'Object Repository/FDR-VoucherEntry/DistributionLine/account'

2020-09-08 11:57:17 - [MESSAGE][PASSED] - Object: 'Object Repository/FDR-VoucherEntry/DistributionLine/altAccount' is clicked on

2020-09-08 11:57:17 - [MESSAGE][PASSED] - Keys '5442000' sent to object: 'Object Repository/FDR-VoucherEntry/DistributionLine/altAccount'

2020-09-08 11:57:18 - [MESSAGE][PASSED] - Object 'Object Repository/FDR-VoucherEntry/DistributionLine/altAccount' is present

2020-09-08 11:57:18 - [MESSAGE][PASSED] - Keys 'DOWN + ENTER + ' sent to object: 'Object Repository/FDR-VoucherEntry/DistributionLine/altAccount'

2020-09-08 11:57:19 - [MESSAGE][PASSED] - Object: 'Object Repository/FDR-VoucherEntry/DistributionLine/serviceCategory' is clicked on

2020-09-08 11:57:22 - [MESSAGE][INFO] - Unable to find the element located by 'By.xpath: //*[@data-id='button-link']//*[contains(text(),'Create New Voucher')]'. Please recheck the objects properties to make sure the desired element is located. 

2020-09-08 11:57:22 - [MESSAGE][WARNING] - Object 'Object Repository/FDR-Dashboard/createNewVoucherButton' is not present after 2 second(s)

2020-09-08 11:57:22 - [MESSAGE][PASSED] - Keys '18B1' sent to object: 'Object Repository/FDR-VoucherEntry/DistributionLine/serviceCategory'

2020-09-08 11:57:22 - [MESSAGE][PASSED] - Keys 'DOWN + ENTER + ' sent to object: 'Object Repository/FDR-VoucherEntry/DistributionLine/serviceCategory'

2020-09-08 11:57:23 - [MESSAGE][PASSED] - Object: 'Object Repository/FDR-VoucherEntry/DistributionLine/incDecLine' is clicked on

2020-09-08 11:57:23 - [MESSAGE][PASSED] - Keys '8: Adjustments and corrections' sent to object: 'Object Repository/FDR-VoucherEntry/DistributionLine/incDecLine'

2020-09-08 11:57:24 - [MESSAGE][PASSED] - Keys 'DOWN + ENTER + ' sent to object: 'Object Repository/FDR-VoucherEntry/DistributionLine/incDecLine'

2020-09-08 11:57:26 - [MESSAGE][INFO] - Unable to find the element located by 'By.xpath: //*[@data-id='button-link']//*[contains(text(),'Create New Voucher')]'. Please recheck the objects properties to make sure the desired element is located. 

2020-09-08 11:57:26 - [MESSAGE][WARNING] - Object 'Object Repository/FDR-Dashboard/createNewVoucherButton' is not present after 1 second(s)

2020-09-08 11:57:26 - [MESSAGE][PASSED] - Object: 'Object Repository/FDR-VoucherEntry/DistributionLine/index' is clicked on

2020-09-08 11:57:27 - [MESSAGE][PASSED] - Keys '1155' sent to object: 'Object Repository/FDR-VoucherEntry/DistributionLine/index'

2020-09-08 11:57:27 - [MESSAGE][PASSED] - Keys 'DOWN + ENTER + ' sent to object: 'Object Repository/FDR-VoucherEntry/DistributionLine/index'

2020-09-08 11:57:28 - [MESSAGE][PASSED] - Object: 'Object Repository/FDR-VoucherEntry/DistributionLine/addSaveButton' is clicked on

2020-09-08 11:57:28 - [MESSAGE][PASSED] - Call Test Case 'Test Cases/WEB-UI-TESTS/Voucher/FDR-Create-Simple-Voucher' successfully

2020-09-08 11:57:28 - [TEST_STEP][PASSED] - waitForElementPresent(findTestObject("FDR-Dashboard/createNewVoucherButton"), 5): Object 'Object Repository/FDR-Dashboard/createNewVoucherButton' is not present after 5 second(s)

2020-09-08 11:57:34 - [MESSAGE][INFO] - Unable to find the element located by 'By.xpath: //*[@data-id='button-link']//*[contains(text(),'Create New Voucher')]'. Please recheck the objects properties to make sure the desired element is located. 

2020-09-08 11:57:34 - [MESSAGE][WARNING] - Object 'Object Repository/FDR-Dashboard/createNewVoucherButton' is not present after 5 second(s)

2020-09-08 11:57:34 - [TEST_STEP][PASSED] - processorVoucherNumber = getText(findTestObject("FDR-VoucherEntry/VoucherHeader/voucherNum")): Text of object 'Object Repository/FDR-VoucherEntry/VoucherHeader/voucherNum' is: 'CAP00000131'

2020-09-08 11:57:34 - [MESSAGE][PASSED] - Text of object 'Object Repository/FDR-VoucherEntry/VoucherHeader/voucherNum' is: 'CAP00000131'

2020-09-08 11:57:34 - [TEST_STEP][PASSED] - VouchertotalbefDelwith$ = getText(findTestObject("FDR-VoucherEntry/VoucherHeader/voucherTotal")): Text of object 'Object Repository/FDR-VoucherEntry/VoucherHeader/voucherTotal' is: '$100.00'

2020-09-08 11:57:35 - [MESSAGE][PASSED] - Text of object 'Object Repository/FDR-VoucherEntry/VoucherHeader/voucherTotal' is: '$100.00'

2020-09-08 11:57:35 - [TEST_STEP][PASSED] - VouchertotalbefDLDelwithout$ = VouchertotalbefDelwith$.substring(1): null

2020-09-08 11:57:35 - [TEST_STEP][PASSED] - VouchertotalbefDLDelwithoutComma = VouchertotalbefDLDelwithout$.replaceAll(",", ""): null

2020-09-08 11:57:35 - [TEST_STEP][PASSED] - VouchertotalbefDLDel = Float.parseFloat(VouchertotalbefDLDelwithoutComma): null

2020-09-08 11:57:35 - [TEST_STEP][PASSED] - InvTotalbefDLDelwith$ = getText(findTestObject("FDR-VoucherEntry/InvoiceLine/voucherTotalRowAmt")): Text of object 'Object Repository/FDR-VoucherEntry/InvoiceLine/voucherTotalRowAmt' is: '$100.00'

2020-09-08 11:57:35 - [MESSAGE][PASSED] - Text of object 'Object Repository/FDR-VoucherEntry/InvoiceLine/voucherTotalRowAmt' is: '$100.00'

2020-09-08 11:57:35 - [TEST_STEP][PASSED] - InvTotalbefDLDelwithout$ = InvTotalbefDLDelwith$.substring(1): null

2020-09-08 11:57:35 - [TEST_STEP][PASSED] - InvTotalbefDLDelwithoutComma = InvTotalbefDLDelwithout$.replaceAll(",", ""): null

2020-09-08 11:57:35 - [TEST_STEP][PASSED] - InvTotalbefDLDel = Float.parseFloat(InvTotalbefDLDelwithoutComma): null

2020-09-08 11:57:35 - [TEST_STEP][PASSED] - if (verifyElementPresent(findTestObject("FDR-VoucherEntry/DistributionLine/firstDLTotalAmt"), 3) == true): Valid Invoice total.

2020-09-08 11:57:35 - [MESSAGE][PASSED] - Object 'Object Repository/FDR-VoucherEntry/DistributionLine/firstDLTotalAmt' is present

2020-09-08 11:57:35 - [TEST_STEP][PASSED] - waitForElementPresent(findTestObject("FDR-VoucherEntry/VoucherHeader/reviewButton"), 3): Object 'Object Repository/FDR-VoucherEntry/VoucherHeader/reviewButton' is present

2020-09-08 11:57:36 - [MESSAGE][PASSED] - Object 'Object Repository/FDR-VoucherEntry/VoucherHeader/reviewButton' is present

2020-09-08 11:57:36 - [TEST_STEP][PASSED] - dLsubtotalbeforeDelwith$ = getText(findTestObject("FDR-VoucherEntry/DistributionLine/firstDLTotalAmt")): Text of object 'Object Repository/FDR-VoucherEntry/DistributionLine/firstDLTotalAmt' is: '$100.00'

2020-09-08 11:57:36 - [MESSAGE][PASSED] - Text of object 'Object Repository/FDR-VoucherEntry/DistributionLine/firstDLTotalAmt' is: '$100.00'

2020-09-08 11:57:36 - [TEST_STEP][PASSED] - dLsubtotalbeforeDelwithout$ = dLsubtotalbeforeDelwith$.substring(1): null

2020-09-08 11:57:36 - [TEST_STEP][PASSED] - dLsubtotalbeforeDelwithoutComma = dLsubtotalbeforeDelwithout$.replaceAll(",", ""): null

2020-09-08 11:57:36 - [TEST_STEP][PASSED] - dLsubtotalbeforeDel = Float.parseFloat(dLsubtotalbeforeDelwithoutComma): null

2020-09-08 11:57:36 - [TEST_STEP][PASSED] - Newexpectedvouchertotal = VouchertotalbefDLDel - dLsubtotalbeforeDel: null

2020-09-08 11:57:36 - [TEST_STEP][PASSED] - Newexpectedinvoicetotal = InvTotalbefDLDel - dLsubtotalbeforeDel: null

2020-09-08 11:57:36 - [TEST_STEP][PASSED] - Uifunctions.deleteFirstDistributionLine(): Object 'Object Repository/FDR-VoucherEntry/VoucherHeader/voucherTotal' is present

2020-09-08 11:57:36 - [MESSAGE][PASSED] - Object 'Object Repository/FDR-EditVoucher/DLHover' is present

2020-09-08 11:57:36 - [MESSAGE][PASSED] - Object: 'Object Repository/FDR-EditVoucher/DLHover' is hovered

2020-09-08 11:57:37 - [MESSAGE][PASSED] - Object 'Object Repository/FDR-EditVoucher/DLEditIcon' is present

2020-09-08 11:57:37 - [MESSAGE][PASSED] - Object: 'Object Repository/FDR-EditVoucher/DLEditIcon' is clicked on

2020-09-08 11:57:37 - [MESSAGE][PASSED] - Object 'Object Repository/FDR-EditVoucher/DLDeleteClick' is present

2020-09-08 11:57:38 - [MESSAGE][PASSED] - Object: 'Object Repository/FDR-EditVoucher/DLDeleteClick' is clicked on

2020-09-08 11:57:39 - [MESSAGE][PASSED] - Object 'Object Repository/FDR-VoucherEntry/VoucherHeader/voucherTotal' is present

2020-09-08 11:57:39 - [TEST_STEP][PASSED] - waitForElementPresent(findTestObject("FDR-Dashboard/createNewVoucherButton"), 66): Object 'Object Repository/FDR-Dashboard/createNewVoucherButton' is not present after 66 second(s)

2020-09-08 11:58:46 - [MESSAGE][INFO] - Unable to find the element located by 'By.xpath: //*[@data-id='button-link']//*[contains(text(),'Create New Voucher')]'. Please recheck the objects properties to make sure the desired element is located. 

2020-09-08 11:58:46 - [MESSAGE][WARNING] - Object 'Object Repository/FDR-Dashboard/createNewVoucherButton' is not present after 66 second(s)

2020-09-08 11:58:46 - [TEST_STEP][PASSED] - Uifunctions.deleteFirstDistributionLine(): Object 'Object Repository/FDR-VoucherEntry/VoucherHeader/voucherTotal' is present

2020-09-08 11:58:50 - [MESSAGE][INFO] - Unable to find the element located by 'By.xpath: (//*[@data-id='line-grid'] //parent::*//div//div)[1]'. Please recheck the objects properties to make sure the desired element is located. 

2020-09-08 11:58:50 - [MESSAGE][WARNING] - Object 'Object Repository/FDR-EditVoucher/DLHover' is not present after 3 second(s)

2020-09-08 11:58:54 - [MESSAGE][INFO] - Unable to find the element located by 'By.xpath: (//*[@data-id='line-grid'] //parent::*//div//div)[1]'. Please recheck the objects properties to make sure the desired element is located. 

2020-09-08 11:58:55 - [MESSAGE][FAILED] - Unable to move mouse over object 'Object Repository/FDR-EditVoucher/DLHover' (Root cause: com.kms.katalon.core.exception.StepFailedException: Unable to move mouse over object 'Object Repository/FDR-EditVoucher/DLHover'
	at com.kms.katalon.core.webui.keyword.internal.WebUIKeywordMain.stepFailed(WebUIKeywordMain.groovy:64)
	at com.kms.katalon.core.webui.keyword.internal.WebUIKeywordMain.runKeyword(WebUIKeywordMain.groovy:26)
	at com.kms.katalon.core.webui.keyword.builtin.MouseOverKeyword.mouseOver(MouseOverKeyword.groovy:66)
	at com.kms.katalon.core.webui.keyword.builtin.MouseOverKeyword.execute(MouseOverKeyword.groovy:40)
	at com.kms.katalon.core.keyword.internal.KeywordExecutor.executeKeywordForPlatform(KeywordExecutor.groovy:73)
	at com.kms.katalon.core.webui.keyword.WebUiBuiltInKeywords.mouseOver(WebUiBuiltInKeywords.groovy:802)
	at com.kms.katalon.core.webui.keyword.WebUiBuiltInKeywords$mouseOver$19.call(Unknown Source)
	at com.functions.Uifunctions.deleteFirstDistributionLine(Uifunctions.groovy:82)
	at com.functions.Uifunctions$deleteFirstDistributionLine$7.call(Unknown Source)
	at FDR-Delete-Undo-DistributionLine.run(FDR-Delete-Undo-DistributionLine:61)
	at com.kms.katalon.core.main.ScriptEngine.run(ScriptEngine.java:194)
	at com.kms.katalon.core.main.ScriptEngine.runScriptAsRawText(ScriptEngine.java:119)
	at com.kms.katalon.core.main.TestCaseExecutor.runScript(TestCaseExecutor.java:339)
	at com.kms.katalon.core.main.TestCaseExecutor.doExecute(TestCaseExecutor.java:330)
	at com.kms.katalon.core.main.TestCaseExecutor.processExecutionPhase(TestCaseExecutor.java:309)
	at com.kms.katalon.core.main.TestCaseExecutor.accessMainPhase(TestCaseExecutor.java:301)
	at com.kms.katalon.core.main.TestCaseExecutor.execute(TestCaseExecutor.java:235)
	at com.kms.katalon.core.main.TestSuiteExecutor.accessTestCaseMainPhase(TestSuiteExecutor.java:191)
	at com.kms.katalon.core.main.TestSuiteExecutor.accessTestSuiteMainPhase(TestSuiteExecutor.java:141)
	at com.kms.katalon.core.main.TestSuiteExecutor.execute(TestSuiteExecutor.java:90)
	at com.kms.katalon.core.main.TestCaseMain.startTestSuite(TestCaseMain.java:157)
	at com.kms.katalon.core.main.TestCaseMain$startTestSuite$0.call(Unknown Source)
	at TempTestSuite1599589931846.run(TempTestSuite1599589931846.groovy:39)
Caused by: com.kms.katalon.core.webui.exception.WebElementNotFoundException: Web element with id: 'Object Repository/FDR-EditVoucher/DLHover' located by '(//*[@data-id='line-grid'] //parent::*//div//div)[1]' not found
	at com.kms.katalon.core.webui.common.WebUiCommonHelper.findWebElement(WebUiCommonHelper.java:1368)
	at com.kms.katalon.core.webui.keyword.internal.WebUIAbstractKeyword.findWebElement(WebUIAbstractKeyword.groovy:27)
	at com.kms.katalon.core.webui.keyword.internal.WebUIAbstractKeyword.findWebElement(WebUIAbstractKeyword.groovy:26)
	at com.kms.katalon.core.webui.keyword.builtin.MouseOverKeyword$_mouseOver_closure1.doCall(MouseOverKeyword.groovy:54)
	at com.kms.katalon.core.webui.keyword.builtin.MouseOverKeyword$_mouseOver_closure1.call(MouseOverKeyword.groovy)
	at com.kms.katalon.core.webui.keyword.internal.WebUIKeywordMain.runKeyword(WebUIKeywordMain.groovy:20)
	at com.kms.katalon.core.webui.keyword.builtin.MouseOverKeyword.mouseOver(MouseOverKeyword.groovy:66)
	at com.kms.katalon.core.webui.keyword.builtin.MouseOverKeyword.execute(MouseOverKeyword.groovy:40)
	at com.kms.katalon.core.keyword.internal.KeywordExecutor.executeKeywordForPlatform(KeywordExecutor.groovy:73)
	at com.kms.katalon.core.webui.keyword.WebUiBuiltInKeywords.mouseOver(WebUiBuiltInKeywords.groovy:802)
	at com.kms.katalon.core.webui.keyword.WebUiBuiltInKeywords$mouseOver$19.call(Unknown Source)
	at com.functions.Uifunctions.deleteFirstDistributionLine(Uifunctions.groovy:82)
	at com.functions.Uifunctions$deleteFirstDistributionLine$7.call(Unknown Source)
	at Script1581969940117.run(Script1581969940117.groovy:61)
	... 13 more
)
[[ATTACHMENT|C:\\fdr-automation-develop_08_25_2020\\Reports\\20200908_113210\\Voucher-Integration_Suite\\20200908_113211\\1599591534903.png]]

2020-09-08 11:58:59 - [MESSAGE][INFO] - Unable to find the element located by 'By.xpath: (//*[contains(@id,'distributionLineActionMenu')])[1]'. Please recheck the objects properties to make sure the desired element is located. 

2020-09-08 11:58:59 - [MESSAGE][WARNING] - Object 'Object Repository/FDR-EditVoucher/DLEditIcon' is not present after 3 second(s)

2020-09-08 11:59:03 - [MESSAGE][INFO] - Unable to find the element located by 'By.xpath: (//*[contains(@id,'distributionLineActionMenu')])[1]'. Please recheck the objects properties to make sure the desired element is located. 

2020-09-08 11:59:03 - [MESSAGE][FAILED] - Unable to click on object 'Object Repository/FDR-EditVoucher/DLEditIcon' (Root cause: com.kms.katalon.core.exception.StepFailedException: Unable to click on object 'Object Repository/FDR-EditVoucher/DLEditIcon'
	at com.kms.katalon.core.webui.keyword.internal.WebUIKeywordMain.stepFailed(WebUIKeywordMain.groovy:64)
	at com.kms.katalon.core.webui.keyword.internal.WebUIKeywordMain.runKeyword(WebUIKeywordMain.groovy:26)
	at com.kms.katalon.core.webui.keyword.builtin.ClickKeyword.click(ClickKeyword.groovy:76)
	at com.kms.katalon.core.webui.keyword.builtin.ClickKeyword.execute(ClickKeyword.groovy:43)
	at com.kms.katalon.core.keyword.internal.KeywordExecutor.executeKeywordForPlatform(KeywordExecutor.groovy:73)
	at com.kms.katalon.core.webui.keyword.WebUiBuiltInKeywords.click(WebUiBuiltInKeywords.groovy:616)
	at com.kms.katalon.core.webui.keyword.WebUiBuiltInKeywords$click$6.call(Unknown Source)
	at com.functions.Uifunctions.deleteFirstDistributionLine(Uifunctions.groovy:84)
	at com.functions.Uifunctions$deleteFirstDistributionLine$7.call(Unknown Source)
	at FDR-Delete-Undo-DistributionLine.run(FDR-Delete-Undo-DistributionLine:61)
	at com.kms.katalon.core.main.ScriptEngine.run(ScriptEngine.java:194)
	at com.kms.katalon.core.main.ScriptEngine.runScriptAsRawText(ScriptEngine.java:119)
	at com.kms.katalon.core.main.TestCaseExecutor.runScript(TestCaseExecutor.java:339)
	at com.kms.katalon.core.main.TestCaseExecutor.doExecute(TestCaseExecutor.java:330)
	at com.kms.katalon.core.main.TestCaseExecutor.processExecutionPhase(TestCaseExecutor.java:309)
	at com.kms.katalon.core.main.TestCaseExecutor.accessMainPhase(TestCaseExecutor.java:301)
	at com.kms.katalon.core.main.TestCaseExecutor.execute(TestCaseExecutor.java:235)
	at com.kms.katalon.core.main.TestSuiteExecutor.accessTestCaseMainPhase(TestSuiteExecutor.java:191)
	at com.kms.katalon.core.main.TestSuiteExecutor.accessTestSuiteMainPhase(TestSuiteExecutor.java:141)
	at com.kms.katalon.core.main.TestSuiteExecutor.execute(TestSuiteExecutor.java:90)
	at com.kms.katalon.core.main.TestCaseMain.startTestSuite(TestCaseMain.java:157)
	at com.kms.katalon.core.main.TestCaseMain$startTestSuite$0.call(Unknown Source)
	at TempTestSuite1599589931846.run(TempTestSuite1599589931846.groovy:39)
Caused by: com.kms.katalon.core.webui.exception.WebElementNotFoundException: Web element with id: 'Object Repository/FDR-EditVoucher/DLEditIcon' located by '(//*[contains(@id,'distributionLineActionMenu')])[1]' not found
	at com.kms.katalon.core.webui.common.WebUiCommonHelper.findWebElement(WebUiCommonHelper.java:1368)
	at com.kms.katalon.core.webui.keyword.internal.WebUIAbstractKeyword.findWebElement(WebUIAbstractKeyword.groovy:27)
	at com.kms.katalon.core.webui.keyword.internal.WebUIAbstractKeyword.findWebElement(WebUIAbstractKeyword.groovy:26)
	at com.kms.katalon.core.webui.keyword.builtin.ClickKeyword$_click_closure1.doCall(ClickKeyword.groovy:67)
	at com.kms.katalon.core.webui.keyword.builtin.ClickKeyword$_click_closure1.call(ClickKeyword.groovy)
	at com.kms.katalon.core.webui.keyword.internal.WebUIKeywordMain.runKeyword(WebUIKeywordMain.groovy:20)
	at com.kms.katalon.core.webui.keyword.builtin.ClickKeyword.click(ClickKeyword.groovy:76)
	at com.kms.katalon.core.webui.keyword.builtin.ClickKeyword.execute(ClickKeyword.groovy:43)
	at com.kms.katalon.core.keyword.internal.KeywordExecutor.executeKeywordForPlatform(KeywordExecutor.groovy:73)
	at com.kms.katalon.core.webui.keyword.WebUiBuiltInKeywords.click(WebUiBuiltInKeywords.groovy:616)
	at com.kms.katalon.core.webui.keyword.WebUiBuiltInKeywords$click$6.call(Unknown Source)
	at com.functions.Uifunctions.deleteFirstDistributionLine(Uifunctions.groovy:84)
	at com.functions.Uifunctions$deleteFirstDistributionLine$7.call(Unknown Source)
	at Script1581969940117.run(Script1581969940117.groovy:61)
	... 13 more
)
[[ATTACHMENT|C:\\fdr-automation-develop_08_25_2020\\Reports\\20200908_113210\\Voucher-Integration_Suite\\20200908_113211\\1599591543334.png]]

2020-09-08 11:59:10 - [MESSAGE][INFO] - Unable to find the element located by 'By.xpath: //*[contains(@style,'opacity: 1')] //* [contains(text(),'Delete')]'. Please recheck the objects properties to make sure the desired element is located. 

2020-09-08 11:59:10 - [MESSAGE][WARNING] - Object 'Object Repository/FDR-EditVoucher/DLDeleteClick' is not present after 6 second(s)

2020-09-08 11:59:14 - [MESSAGE][INFO] - Unable to find the element located by 'By.xpath: //*[contains(@style,'opacity: 1')] //* [contains(text(),'Delete')]'. Please recheck the objects properties to make sure the desired element is located. 

2020-09-08 11:59:15 - [MESSAGE][FAILED] - Unable to click on object 'Object Repository/FDR-EditVoucher/DLDeleteClick' (Root cause: com.kms.katalon.core.exception.StepFailedException: Unable to click on object 'Object Repository/FDR-EditVoucher/DLDeleteClick'
	at com.kms.katalon.core.webui.keyword.internal.WebUIKeywordMain.stepFailed(WebUIKeywordMain.groovy:64)
	at com.kms.katalon.core.webui.keyword.internal.WebUIKeywordMain.runKeyword(WebUIKeywordMain.groovy:26)
	at com.kms.katalon.core.webui.keyword.builtin.ClickKeyword.click(ClickKeyword.groovy:76)
	at com.kms.katalon.core.webui.keyword.builtin.ClickKeyword.execute(ClickKeyword.groovy:43)
	at com.kms.katalon.core.keyword.internal.KeywordExecutor.executeKeywordForPlatform(KeywordExecutor.groovy:73)
	at com.kms.katalon.core.webui.keyword.WebUiBuiltInKeywords.click(WebUiBuiltInKeywords.groovy:616)
	at com.kms.katalon.core.webui.keyword.WebUiBuiltInKeywords$click$6.call(Unknown Source)
	at com.functions.Uifunctions.deleteFirstDistributionLine(Uifunctions.groovy:86)
	at com.functions.Uifunctions$deleteFirstDistributionLine$7.call(Unknown Source)
	at FDR-Delete-Undo-DistributionLine.run(FDR-Delete-Undo-DistributionLine:61)
	at com.kms.katalon.core.main.ScriptEngine.run(ScriptEngine.java:194)
	at com.kms.katalon.core.main.ScriptEngine.runScriptAsRawText(ScriptEngine.java:119)
	at com.kms.katalon.core.main.TestCaseExecutor.runScript(TestCaseExecutor.java:339)
	at com.kms.katalon.core.main.TestCaseExecutor.doExecute(TestCaseExecutor.java:330)
	at com.kms.katalon.core.main.TestCaseExecutor.processExecutionPhase(TestCaseExecutor.java:309)
	at com.kms.katalon.core.main.TestCaseExecutor.accessMainPhase(TestCaseExecutor.java:301)
	at com.kms.katalon.core.main.TestCaseExecutor.execute(TestCaseExecutor.java:235)
	at com.kms.katalon.core.main.TestSuiteExecutor.accessTestCaseMainPhase(TestSuiteExecutor.java:191)
	at com.kms.katalon.core.main.TestSuiteExecutor.accessTestSuiteMainPhase(TestSuiteExecutor.java:141)
	at com.kms.katalon.core.main.TestSuiteExecutor.execute(TestSuiteExecutor.java:90)
	at com.kms.katalon.core.main.TestCaseMain.startTestSuite(TestCaseMain.java:157)
	at com.kms.katalon.core.main.TestCaseMain$startTestSuite$0.call(Unknown Source)
	at TempTestSuite1599589931846.run(TempTestSuite1599589931846.groovy:39)
Caused by: com.kms.katalon.core.webui.exception.WebElementNotFoundException: Web element with id: 'Object Repository/FDR-EditVoucher/DLDeleteClick' located by '//*[contains(@style,'opacity: 1')] //* [contains(text(),'Delete')]' not found
	at com.kms.katalon.core.webui.common.WebUiCommonHelper.findWebElement(WebUiCommonHelper.java:1368)
	at com.kms.katalon.core.webui.keyword.internal.WebUIAbstractKeyword.findWebElement(WebUIAbstractKeyword.groovy:27)
	at com.kms.katalon.core.webui.keyword.internal.WebUIAbstractKeyword.findWebElement(WebUIAbstractKeyword.groovy:26)
	at com.kms.katalon.core.webui.keyword.builtin.ClickKeyword$_click_closure1.doCall(ClickKeyword.groovy:67)
	at com.kms.katalon.core.webui.keyword.builtin.ClickKeyword$_click_closure1.call(ClickKeyword.groovy)
	at com.kms.katalon.core.webui.keyword.internal.WebUIKeywordMain.runKeyword(WebUIKeywordMain.groovy:20)
	at com.kms.katalon.core.webui.keyword.builtin.ClickKeyword.click(ClickKeyword.groovy:76)
	at com.kms.katalon.core.webui.keyword.builtin.ClickKeyword.execute(ClickKeyword.groovy:43)
	at com.kms.katalon.core.keyword.internal.KeywordExecutor.executeKeywordForPlatform(KeywordExecutor.groovy:73)
	at com.kms.katalon.core.webui.keyword.WebUiBuiltInKeywords.click(WebUiBuiltInKeywords.groovy:616)
	at com.kms.katalon.core.webui.keyword.WebUiBuiltInKeywords$click$6.call(Unknown Source)
	at com.functions.Uifunctions.deleteFirstDistributionLine(Uifunctions.groovy:86)
	at com.functions.Uifunctions$deleteFirstDistributionLine$7.call(Unknown Source)
	at Script1581969940117.run(Script1581969940117.groovy:61)
	... 13 more
)
[[ATTACHMENT|C:\\fdr-automation-develop_08_25_2020\\Reports\\20200908_113210\\Voucher-Integration_Suite\\20200908_113211\\1599591554824.png]]

2020-09-08 11:59:15 - [MESSAGE][PASSED] - Object 'Object Repository/FDR-VoucherEntry/VoucherHeader/voucherTotal' is present

2020-09-08 11:59:15 - [TEST_STEP][PASSED] - waitForElementPresent(findTestObject("FDR-Dashboard/createNewVoucherButton"), 5): Object 'Object Repository/FDR-Dashboard/createNewVoucherButton' is not present after 5 second(s)

2020-09-08 11:59:21 - [MESSAGE][INFO] - Unable to find the element located by 'By.xpath: //*[@data-id='button-link']//*[contains(text(),'Create New Voucher')]'. Please recheck the objects properties to make sure the desired element is located. 

2020-09-08 11:59:21 - [MESSAGE][WARNING] - Object 'Object Repository/FDR-Dashboard/createNewVoucherButton' is not present after 5 second(s)

2020-09-08 11:59:21 - [TEST_STEP][FAILED] - click(findTestObject("FDR-EditVoucher/undoButton")): Unable to click on object 'Object Repository/FDR-EditVoucher/undoButton' (Root cause: com.kms.katalon.core.exception.StepFailedException: Unable to click on object 'Object Repository/FDR-EditVoucher/undoButton'
	at com.kms.katalon.core.webui.keyword.internal.WebUIKeywordMain.stepFailed(WebUIKeywordMain.groovy:64)
	at com.kms.katalon.core.webui.keyword.internal.WebUIKeywordMain.runKeyword(WebUIKeywordMain.groovy:26)
	at com.kms.katalon.core.webui.keyword.builtin.ClickKeyword.click(ClickKeyword.groovy:76)
	at com.kms.katalon.core.webui.keyword.builtin.ClickKeyword.execute(ClickKeyword.groovy:43)
	at com.kms.katalon.core.keyword.internal.KeywordExecutor.executeKeywordForPlatform(KeywordExecutor.groovy:73)
	at com.kms.katalon.core.webui.keyword.WebUiBuiltInKeywords.click(WebUiBuiltInKeywords.groovy:616)
	at com.kms.katalon.core.webui.keyword.WebUiBuiltInKeywords$click$6.call(Unknown Source)
	at FDR-Delete-Undo-DistributionLine.run(FDR-Delete-Undo-DistributionLine:65)
	at com.kms.katalon.core.main.ScriptEngine.run(ScriptEngine.java:194)
	at com.kms.katalon.core.main.ScriptEngine.runScriptAsRawText(ScriptEngine.java:119)
	at com.kms.katalon.core.main.TestCaseExecutor.runScript(TestCaseExecutor.java:339)
	at com.kms.katalon.core.main.TestCaseExecutor.doExecute(TestCaseExecutor.java:330)
	at com.kms.katalon.core.main.TestCaseExecutor.processExecutionPhase(TestCaseExecutor.java:309)
	at com.kms.katalon.core.main.TestCaseExecutor.accessMainPhase(TestCaseExecutor.java:301)
	at com.kms.katalon.core.main.TestCaseExecutor.execute(TestCaseExecutor.java:235)
	at com.kms.katalon.core.main.TestSuiteExecutor.accessTestCaseMainPhase(TestSuiteExecutor.java:191)
	at com.kms.katalon.core.main.TestSuiteExecutor.accessTestSuiteMainPhase(TestSuiteExecutor.java:141)
	at com.kms.katalon.core.main.TestSuiteExecutor.execute(TestSuiteExecutor.java:90)
	at com.kms.katalon.core.main.TestCaseMain.startTestSuite(TestCaseMain.java:157)
	at com.kms.katalon.core.main.TestCaseMain$startTestSuite$0.call(Unknown Source)
	at TempTestSuite1599589931846.run(TempTestSuite1599589931846.groovy:39)
Caused by: com.kms.katalon.core.webui.exception.WebElementNotFoundException: Web element with id: 'Object Repository/FDR-EditVoucher/undoButton' located by '//*[@type='button']//*[contains(text(),'UNDO')]' not found
	at com.kms.katalon.core.webui.common.WebUiCommonHelper.findWebElement(WebUiCommonHelper.java:1368)
	at com.kms.katalon.core.webui.keyword.internal.WebUIAbstractKeyword.findWebElement(WebUIAbstractKeyword.groovy:27)
	at com.kms.katalon.core.webui.keyword.internal.WebUIAbstractKeyword.findWebElement(WebUIAbstractKeyword.groovy:26)
	at com.kms.katalon.core.webui.keyword.builtin.ClickKeyword$_click_closure1.doCall(ClickKeyword.groovy:67)
	at com.kms.katalon.core.webui.keyword.builtin.ClickKeyword$_click_closure1.call(ClickKeyword.groovy)
	at com.kms.katalon.core.webui.keyword.internal.WebUIKeywordMain.runKeyword(WebUIKeywordMain.groovy:20)
	at com.kms.katalon.core.webui.keyword.builtin.ClickKeyword.click(ClickKeyword.groovy:76)
	at com.kms.katalon.core.webui.keyword.builtin.ClickKeyword.execute(ClickKeyword.groovy:43)
	at com.kms.katalon.core.keyword.internal.KeywordExecutor.executeKeywordForPlatform(KeywordExecutor.groovy:73)
	at com.kms.katalon.core.webui.keyword.WebUiBuiltInKeywords.click(WebUiBuiltInKeywords.groovy:616)
	at com.kms.katalon.core.webui.keyword.WebUiBuiltInKeywords$click$6.call(Unknown Source)
	at Script1581969940117.run(Script1581969940117.groovy:65)
	... 13 more
)

2020-09-08 11:59:25 - [MESSAGE][INFO] - Unable to find the element located by 'By.xpath: //*[@type='button']//*[contains(text(),'UNDO')]'. Please recheck the objects properties to make sure the desired element is located. 

2020-09-08 11:59:26 - [MESSAGE][FAILED] - Unable to click on object 'Object Repository/FDR-EditVoucher/undoButton' (Root cause: com.kms.katalon.core.exception.StepFailedException: Unable to click on object 'Object Repository/FDR-EditVoucher/undoButton'
	at com.kms.katalon.core.webui.keyword.internal.WebUIKeywordMain.stepFailed(WebUIKeywordMain.groovy:64)
	at com.kms.katalon.core.webui.keyword.internal.WebUIKeywordMain.runKeyword(WebUIKeywordMain.groovy:26)
	at com.kms.katalon.core.webui.keyword.builtin.ClickKeyword.click(ClickKeyword.groovy:76)
	at com.kms.katalon.core.webui.keyword.builtin.ClickKeyword.execute(ClickKeyword.groovy:43)
	at com.kms.katalon.core.keyword.internal.KeywordExecutor.executeKeywordForPlatform(KeywordExecutor.groovy:73)
	at com.kms.katalon.core.webui.keyword.WebUiBuiltInKeywords.click(WebUiBuiltInKeywords.groovy:616)
	at com.kms.katalon.core.webui.keyword.WebUiBuiltInKeywords$click$6.call(Unknown Source)
	at FDR-Delete-Undo-DistributionLine.run(FDR-Delete-Undo-DistributionLine:65)
	at com.kms.katalon.core.main.ScriptEngine.run(ScriptEngine.java:194)
	at com.kms.katalon.core.main.ScriptEngine.runScriptAsRawText(ScriptEngine.java:119)
	at com.kms.katalon.core.main.TestCaseExecutor.runScript(TestCaseExecutor.java:339)
	at com.kms.katalon.core.main.TestCaseExecutor.doExecute(TestCaseExecutor.java:330)
	at com.kms.katalon.core.main.TestCaseExecutor.processExecutionPhase(TestCaseExecutor.java:309)
	at com.kms.katalon.core.main.TestCaseExecutor.accessMainPhase(TestCaseExecutor.java:301)
	at com.kms.katalon.core.main.TestCaseExecutor.execute(TestCaseExecutor.java:235)
	at com.kms.katalon.core.main.TestSuiteExecutor.accessTestCaseMainPhase(TestSuiteExecutor.java:191)
	at com.kms.katalon.core.main.TestSuiteExecutor.accessTestSuiteMainPhase(TestSuiteExecutor.java:141)
	at com.kms.katalon.core.main.TestSuiteExecutor.execute(TestSuiteExecutor.java:90)
	at com.kms.katalon.core.main.TestCaseMain.startTestSuite(TestCaseMain.java:157)
	at com.kms.katalon.core.main.TestCaseMain$startTestSuite$0.call(Unknown Source)
	at TempTestSuite1599589931846.run(TempTestSuite1599589931846.groovy:39)
Caused by: com.kms.katalon.core.webui.exception.WebElementNotFoundException: Web element with id: 'Object Repository/FDR-EditVoucher/undoButton' located by '//*[@type='button']//*[contains(text(),'UNDO')]' not found
	at com.kms.katalon.core.webui.common.WebUiCommonHelper.findWebElement(WebUiCommonHelper.java:1368)
	at com.kms.katalon.core.webui.keyword.internal.WebUIAbstractKeyword.findWebElement(WebUIAbstractKeyword.groovy:27)
	at com.kms.katalon.core.webui.keyword.internal.WebUIAbstractKeyword.findWebElement(WebUIAbstractKeyword.groovy:26)
	at com.kms.katalon.core.webui.keyword.builtin.ClickKeyword$_click_closure1.doCall(ClickKeyword.groovy:67)
	at com.kms.katalon.core.webui.keyword.builtin.ClickKeyword$_click_closure1.call(ClickKeyword.groovy)
	at com.kms.katalon.core.webui.keyword.internal.WebUIKeywordMain.runKeyword(WebUIKeywordMain.groovy:20)
	at com.kms.katalon.core.webui.keyword.builtin.ClickKeyword.click(ClickKeyword.groovy:76)
	at com.kms.katalon.core.webui.keyword.builtin.ClickKeyword.execute(ClickKeyword.groovy:43)
	at com.kms.katalon.core.keyword.internal.KeywordExecutor.executeKeywordForPlatform(KeywordExecutor.groovy:73)
	at com.kms.katalon.core.webui.keyword.WebUiBuiltInKeywords.click(WebUiBuiltInKeywords.groovy:616)
	at com.kms.katalon.core.webui.keyword.WebUiBuiltInKeywords$click$6.call(Unknown Source)
	at Script1581969940117.run(Script1581969940117.groovy:65)
	... 13 more
)
[[ATTACHMENT|C:\\fdr-automation-develop_08_25_2020\\Reports\\20200908_113210\\Voucher-Integration_Suite\\20200908_113211\\1599591565834.png]]

2020-09-08 11:59:26 - [TEST_STEP][PASSED] - waitForElementPresent(findTestObject("FDR-Dashboard/createNewVoucherButton"), 4): Object 'Object Repository/FDR-Dashboard/createNewVoucherButton' is not present after 4 second(s)

2020-09-08 11:59:31 - [MESSAGE][INFO] - Unable to find the element located by 'By.xpath: //*[@data-id='button-link']//*[contains(text(),'Create New Voucher')]'. Please recheck the objects properties to make sure the desired element is located. 

2020-09-08 11:59:31 - [MESSAGE][WARNING] - Object 'Object Repository/FDR-Dashboard/createNewVoucherButton' is not present after 4 second(s)

2020-09-08 11:59:31 - [TEST_STEP][PASSED] - validators.validateVoucherInvoicLineTotals(Newexpectedvouchertotal, Newexpectedinvoicetotal): Valid Invoice total.

2020-09-08 11:59:38 - [MESSAGE][INFO] - Unable to find the element located by 'By.xpath: //*[@data-id='button-link']//*[contains(text(),'Create New Voucher')]'. Please recheck the objects properties to make sure the desired element is located. 

2020-09-08 11:59:38 - [MESSAGE][WARNING] - Object 'Object Repository/FDR-Dashboard/createNewVoucherButton' is not present after 6 second(s)

2020-09-08 11:59:38 - [MESSAGE][PASSED] - Text of object 'Object Repository/FDR-VoucherEntry/VoucherHeader/voucherTotal' is: '$0.00'

2020-09-08 11:59:39 - [MESSAGE][PASSED] - Object 'Object Repository/FDR-VoucherEntry/InvoiceLine/voucherTotalRowAmt' is present

2020-09-08 11:59:39 - [MESSAGE][PASSED] - Text of object 'Object Repository/FDR-VoucherEntry/InvoiceLine/voucherTotalRowAmt' is: '$0.00'

2020-09-08 11:59:39 - [MESSAGE][PASSED] - Valid Vouchertotal

2020-09-08 11:59:39 - [MESSAGE][PASSED] - Valid Invoice total.

2020-09-08 11:59:39 - [TEST_STEP][PASSED] - Start tear down : tearDownTestCase: Method 'tearDownTestCase' complete successfully

2020-09-08 11:59:39 - [MESSAGE][PASSED] - Method 'tearDownTestCase' complete successfully

2020-09-08 11:59:39 - [TEST_STEP][PASSED] - Start listener action : sampleAfterTestCase: null

2020-09-08 11:59:39 - [TEST_STEP][PASSED] - profileName = getExecutionProfile(): null

2020-09-08 11:59:39 - [TEST_STEP][PASSED] - switch (profileName): null

2020-09-08 11:59:39 - [TEST_STEP][PASSED] - case "superUser":: null

2020-09-08 11:59:39 - [TEST_STEP][PASSED] - return null: null

2020-09-08 11:59:39 - [TEST_STEP][PASSED] - Start listener action : afterTestCase: null

2020-09-08 11:59:39 - [TEST_STEP][PASSED] - profileName = getExecutionProfile(): null

2020-09-08 11:59:39 - [TEST_STEP][PASSED] - if (profileName.equalsIgnoreCase("SysAdmin")): null

2020-09-08 11:59:39 - [TEST_STEP][PASSED] - Start listener action : sampleAfterTestCase: null

2020-09-08 11:59:39 - [TEST_STEP][PASSED] - profileName = getExecutionProfile(): null

2020-09-08 11:59:39 - [TEST_STEP][PASSED] - switch (profileName): null

2020-09-08 11:59:39 - [TEST_STEP][PASSED] - case "Voucher":: null

2020-09-08 11:59:39 - [TEST_STEP][PASSED] - Uifunctions.logoutFDR(): Browser is closed

2020-09-08 11:59:39 - [MESSAGE][PASSED] - Browser is closed

2020-09-08 11:59:39 - [TEST_STEP][PASSED] - break: null

2020-09-08 11:59:39 - [TEST_STEP][PASSED] - Start listener action : addFailedTCToList: null]]></system-out>
         <system-err><![CDATA[2020-09-08 11:55:16 - [TEST_CASE][FAILED] - Test Cases/WEB-UI-TESTS/Voucher/FDR-Delete-Undo-DistributionLine: Test Cases/WEB-UI-TESTS/Voucher/FDR-Delete-Undo-DistributionLine FAILED.
Reason:
com.kms.katalon.core.exception.StepFailedException: Unable to move mouse over object 'Object Repository/FDR-EditVoucher/DLHover' (Root cause: com.kms.katalon.core.exception.StepFailedException: Unable to move mouse over object 'Object Repository/FDR-EditVoucher/DLHover'
	at com.kms.katalon.core.webui.keyword.internal.WebUIKeywordMain.stepFailed(WebUIKeywordMain.groovy:64)
	at com.kms.katalon.core.webui.keyword.internal.WebUIKeywordMain.runKeyword(WebUIKeywordMain.groovy:26)
	at com.kms.katalon.core.webui.keyword.builtin.MouseOverKeyword.mouseOver(MouseOverKeyword.groovy:66)
	at com.kms.katalon.core.webui.keyword.builtin.MouseOverKeyword.execute(MouseOverKeyword.groovy:40)
	at com.kms.katalon.core.keyword.internal.KeywordExecutor.executeKeywordForPlatform(KeywordExecutor.groovy:73)
	at com.kms.katalon.core.webui.keyword.WebUiBuiltInKeywords.mouseOver(WebUiBuiltInKeywords.groovy:802)
	at com.kms.katalon.core.webui.keyword.WebUiBuiltInKeywords$mouseOver$19.call(Unknown Source)
	at com.functions.Uifunctions.deleteFirstDistributionLine(Uifunctions.groovy:82)
	at com.functions.Uifunctions$deleteFirstDistributionLine$7.call(Unknown Source)
	at FDR-Delete-Undo-DistributionLine.run(FDR-Delete-Undo-DistributionLine:61)
	at com.kms.katalon.core.main.ScriptEngine.run(ScriptEngine.java:194)
	at com.kms.katalon.core.main.ScriptEngine.runScriptAsRawText(ScriptEngine.java:119)
	at com.kms.katalon.core.main.TestCaseExecutor.runScript(TestCaseExecutor.java:339)
	at com.kms.katalon.core.main.TestCaseExecutor.doExecute(TestCaseExecutor.java:330)
	at com.kms.katalon.core.main.TestCaseExecutor.processExecutionPhase(TestCaseExecutor.java:309)
	at com.kms.katalon.core.main.TestCaseExecutor.accessMainPhase(TestCaseExecutor.java:301)
	at com.kms.katalon.core.main.TestCaseExecutor.execute(TestCaseExecutor.java:235)
	at com.kms.katalon.core.main.TestSuiteExecutor.accessTestCaseMainPhase(TestSuiteExecutor.java:191)
	at com.kms.katalon.core.main.TestSuiteExecutor.accessTestSuiteMainPhase(TestSuiteExecutor.java:141)
	at com.kms.katalon.core.main.TestSuiteExecutor.execute(TestSuiteExecutor.java:90)
	at com.kms.katalon.core.main.TestCaseMain.startTestSuite(TestCaseMain.java:157)
	at com.kms.katalon.core.main.TestCaseMain$startTestSuite$0.call(Unknown Source)
	at TempTestSuite1599589931846.run(TempTestSuite1599589931846.groovy:39)
Caused by: com.kms.katalon.core.webui.exception.WebElementNotFoundException: Web element with id: 'Object Repository/FDR-EditVoucher/DLHover' located by '(//*[@data-id='line-grid'] //parent::*//div//div)[1]' not found
	at com.kms.katalon.core.webui.common.WebUiCommonHelper.findWebElement(WebUiCommonHelper.java:1368)
	at com.kms.katalon.core.webui.keyword.internal.WebUIAbstractKeyword.findWebElement(WebUIAbstractKeyword.groovy:27)
	at com.kms.katalon.core.webui.keyword.internal.WebUIAbstractKeyword.findWebElement(WebUIAbstractKeyword.groovy:26)
	at com.kms.katalon.core.webui.keyword.builtin.MouseOverKeyword$_mouseOver_closure1.doCall(MouseOverKeyword.groovy:54)
	at com.kms.katalon.core.webui.keyword.builtin.MouseOverKeyword$_mouseOver_closure1.call(MouseOverKeyword.groovy)
	at com.kms.katalon.core.webui.keyword.internal.WebUIKeywordMain.runKeyword(WebUIKeywordMain.groovy:20)
	at com.kms.katalon.core.webui.keyword.builtin.MouseOverKeyword.mouseOver(MouseOverKeyword.groovy:66)
	at com.kms.katalon.core.webui.keyword.builtin.MouseOverKeyword.execute(MouseOverKeyword.groovy:40)
	at com.kms.katalon.core.keyword.internal.KeywordExecutor.executeKeywordForPlatform(KeywordExecutor.groovy:73)
	at com.kms.katalon.core.webui.keyword.WebUiBuiltInKeywords.mouseOver(WebUiBuiltInKeywords.groovy:802)
	at com.kms.katalon.core.webui.keyword.WebUiBuiltInKeywords$mouseOver$19.call(Unknown Source)
	at com.functions.Uifunctions.deleteFirstDistributionLine(Uifunctions.groovy:82)
	at com.functions.Uifunctions$deleteFirstDistributionLine$7.call(Unknown Source)
	at Script1581969940117.run(Script1581969940117.groovy:61)
	... 13 more
)
	at com.kms.katalon.core.keyword.internal.KeywordMain.stepFailed(KeywordMain.groovy:39)
	at com.kms.katalon.core.webui.keyword.internal.WebUIKeywordMain.stepFailed(WebUIKeywordMain.groovy:64)
	at com.kms.katalon.core.webui.keyword.internal.WebUIKeywordMain.runKeyword(WebUIKeywordMain.groovy:26)
	at com.kms.katalon.core.webui.keyword.builtin.MouseOverKeyword.mouseOver(MouseOverKeyword.groovy:66)
	at com.kms.katalon.core.webui.keyword.builtin.MouseOverKeyword.execute(MouseOverKeyword.groovy:40)
	at com.kms.katalon.core.keyword.internal.KeywordExecutor.executeKeywordForPlatform(KeywordExecutor.groovy:73)
	at com.kms.katalon.core.webui.keyword.WebUiBuiltInKeywords.mouseOver(WebUiBuiltInKeywords.groovy:802)
	at com.kms.katalon.core.webui.keyword.WebUiBuiltInKeywords$mouseOver$19.call(Unknown Source)
	at com.functions.Uifunctions.deleteFirstDistributionLine(Uifunctions.groovy:82)
	at com.functions.Uifunctions$deleteFirstDistributionLine$7.call(Unknown Source)
	at FDR-Delete-Undo-DistributionLine.run(FDR-Delete-Undo-DistributionLine:61)
	at com.kms.katalon.core.main.ScriptEngine.run(ScriptEngine.java:194)
	at com.kms.katalon.core.main.ScriptEngine.runScriptAsRawText(ScriptEngine.java:119)
	at com.kms.katalon.core.main.TestCaseExecutor.runScript(TestCaseExecutor.java:339)
	at com.kms.katalon.core.main.TestCaseExecutor.doExecute(TestCaseExecutor.java:330)
	at com.kms.katalon.core.main.TestCaseExecutor.processExecutionPhase(TestCaseExecutor.java:309)
	at com.kms.katalon.core.main.TestCaseExecutor.accessMainPhase(TestCaseExecutor.java:301)
	at com.kms.katalon.core.main.TestCaseExecutor.execute(TestCaseExecutor.java:235)
	at com.kms.katalon.core.main.TestSuiteExecutor.accessTestCaseMainPhase(TestSuiteExecutor.java:191)
	at com.kms.katalon.core.main.TestSuiteExecutor.accessTestSuiteMainPhase(TestSuiteExecutor.java:141)
	at com.kms.katalon.core.main.TestSuiteExecutor.execute(TestSuiteExecutor.java:90)
	at com.kms.katalon.core.main.TestCaseMain.startTestSuite(TestCaseMain.java:157)
	at com.kms.katalon.core.main.TestCaseMain$startTestSuite$0.call(Unknown Source)
	at TempTestSuite1599589931846.run(TempTestSuite1599589931846.groovy:39)
Caused by: com.kms.katalon.core.exception.StepFailedException: Unable to move mouse over object 'Object Repository/FDR-EditVoucher/DLHover'
	... 23 more
Caused by: com.kms.katalon.core.webui.exception.WebElementNotFoundException: Web element with id: 'Object Repository/FDR-EditVoucher/DLHover' located by '(//*[@data-id='line-grid'] //parent::*//div//div)[1]' not found
	at com.kms.katalon.core.webui.common.WebUiCommonHelper.findWebElement(WebUiCommonHelper.java:1368)
	at com.kms.katalon.core.webui.keyword.internal.WebUIAbstractKeyword.findWebElement(WebUIAbstractKeyword.groovy:27)
	at com.kms.katalon.core.webui.keyword.internal.WebUIAbstractKeyword.findWebElement(WebUIAbstractKeyword.groovy:26)
	at com.kms.katalon.core.webui.keyword.builtin.MouseOverKeyword$_mouseOver_closure1.doCall(MouseOverKeyword.groovy:54)
	at com.kms.katalon.core.webui.keyword.builtin.MouseOverKeyword$_mouseOver_closure1.call(MouseOverKeyword.groovy)
	at com.kms.katalon.core.webui.keyword.internal.WebUIKeywordMain.runKeyword(WebUIKeywordMain.groovy:20)
	... 21 more]]></system-err>
      </testcase>
      <testcase name="Test Cases/WEB-UI-TESTS/Voucher/FDR-Edit-Voucher" time="229.338" classname="Test Cases/WEB-UI-TESTS/Voucher/FDR-Edit-Voucher" status="PASSED">
         <system-out><![CDATA[2020-09-08 11:59:40 - [TEST_CASE][PASSED] - Test Cases/WEB-UI-TESTS/Voucher/FDR-Edit-Voucher: Test Cases/WEB-UI-TESTS/Voucher/FDR-Edit-Voucher

2020-09-08 11:59:40 - [TEST_STEP][PASSED] - Start listener action : sampleBeforeTestCase: null

2020-09-08 11:59:40 - [TEST_STEP][PASSED] - profileName = getExecutionProfile(): null

2020-09-08 11:59:40 - [TEST_STEP][PASSED] - switch (profileName): null

2020-09-08 11:59:40 - [TEST_STEP][PASSED] - case "superUser":: null

2020-09-08 11:59:40 - [TEST_STEP][PASSED] - return null: null

2020-09-08 11:59:40 - [TEST_STEP][PASSED] - Start listener action : beforeTestCase: null

2020-09-08 11:59:40 - [TEST_STEP][PASSED] - profileName = getExecutionProfile(): null

2020-09-08 11:59:40 - [TEST_STEP][PASSED] - if (profileName.equalsIgnoreCase("SysAdmin")): null

2020-09-08 11:59:40 - [TEST_STEP][PASSED] - Start listener action : sampleBeforeTestCase: Navigate to 'https://fdr-katalon.cammis-mod-dev.dhcs.ca.gov' successfully

2020-09-08 11:59:40 - [TEST_STEP][PASSED] - profileName = getExecutionProfile(): null

2020-09-08 11:59:40 - [TEST_STEP][PASSED] - testCaseId = testCaseContext.getTestCaseId(): null

2020-09-08 11:59:40 - [TEST_STEP][PASSED] - switch (profileName): null

2020-09-08 11:59:40 - [TEST_STEP][PASSED] - case "Voucher":: null

2020-09-08 11:59:40 - [TEST_STEP][PASSED] - Uifunctions.loginFDR(accountsApproverAcc2, accountsApproverAcc2Pwd): Object: 'Object Repository/FDR-SignIn/SignInButton' is clicked on

2020-09-08 11:59:40 - [MESSAGE][INFO] - Starting 'Chrome' driver

2020-09-08 11:59:40 - [MESSAGE][INFO] - Action delay is set to 0 milliseconds

2020-09-08 11:59:43 - [MESSAGE][PASSED] - Browser is opened with url: ''

2020-09-08 11:59:45 - [MESSAGE][PASSED] - Current window maximized

2020-09-08 11:59:49 - [MESSAGE][PASSED] - Navigate to 'https://fdr-katalon.cammis-mod-dev.dhcs.ca.gov' successfully

2020-09-08 11:59:50 - [MESSAGE][PASSED] - Object 'Object Repository/FDR-SignIn/SignInEmail' is present

2020-09-08 11:59:50 - [MESSAGE][PASSED] - Object: 'Object Repository/FDR-SignIn/SignInEmail' is clicked on

2020-09-08 11:59:51 - [MESSAGE][PASSED] - Object 'Object Repository/FDR-SignIn/SignInEmail' is present

2020-09-08 11:59:51 - [MESSAGE][PASSED] - Text 'fdr.test2@dhcs.ca.gov' is set on object 'Object Repository/FDR-SignIn/SignInEmail'

2020-09-08 11:59:51 - [MESSAGE][PASSED] - Object 'Object Repository/FDR-SignIn/SignInEmailNext' is visible

2020-09-08 11:59:52 - [MESSAGE][PASSED] - Object: 'Object Repository/FDR-SignIn/SignInEmailNext' is clicked on

2020-09-08 11:59:55 - [MESSAGE][PASSED] - Object 'Object Repository/FDR-SignIn/SignInEmailPassword' is visible

2020-09-08 11:59:55 - [MESSAGE][PASSED] - Object: 'Object Repository/FDR-SignIn/SignInEmailPassword' is clicked on

2020-09-08 11:59:55 - [MESSAGE][PASSED] - Text ****** has been set on object 'Object Repository/FDR-SignIn/SignInEmailPassword'

2020-09-08 11:59:57 - [MESSAGE][PASSED] - Object: 'Object Repository/FDR-SignIn/SignInButton' is clicked on

2020-09-08 11:59:57 - [TEST_STEP][PASSED] - break: null

2020-09-08 11:59:57 - [TEST_STEP][PASSED] - navigateToUrl(URL): Navigate to 'https://fdr-katalon.cammis-mod-dev.dhcs.ca.gov' successfully

2020-09-08 11:59:57 - [MESSAGE][PASSED] - Navigate to 'https://fdr-katalon.cammis-mod-dev.dhcs.ca.gov' successfully

2020-09-08 11:59:57 - [TEST_STEP][PASSED] - Start listener action : executeRows: null

2020-09-08 11:59:57 - [TEST_STEP][PASSED] - Start setup action : setupTestCase: Method 'setupTestCase' complete successfully

2020-09-08 11:59:57 - [MESSAGE][PASSED] - Method 'setupTestCase' complete successfully

2020-09-08 11:59:57 - [TEST_STEP][PASSED] - callTestCase(findTestCase("WEB-UI-TESTS/Voucher/FDR-Create-Simple-Voucher"), ["drawDate":drawDate, "payDate":payDate, "programType":programType, "invoiceType":invoiceType, "fundCode":fundCode, "supplier":supplier, ... ], STOP_ON_FAILURE): Call Test Case 'Test Cases/WEB-UI-TESTS/Voucher/FDR-Create-Simple-Voucher' successfully

2020-09-08 11:59:57 - [TEST_CASE][PASSED] - Test Cases/WEB-UI-TESTS/Voucher/FDR-Create-Simple-Voucher: Test Cases/WEB-UI-TESTS/Voucher/FDR-Create-Simple-Voucher

2020-09-08 11:59:57 - [TEST_STEP][PASSED] - voucherHeaderData = ["drawDate":drawDate, "payDate":payDate, "programType":programType, "invoiceType":invoiceType, "fundCode":fundCode, "supplier":supplier, ... ]: null

2020-09-08 11:59:57 - [TEST_STEP][PASSED] - Uifunctions.createVoucherHeader(voucherHeaderData): Object 'Object Repository/FDR-VoucherEntry/VoucherHeader/reviewButton' is present

2020-09-08 11:59:59 - [MESSAGE][PASSED] - Object 'Object Repository/FDR-Dashboard/createNewVoucherButton' is present

2020-09-08 12:00:00 - [MESSAGE][PASSED] - Object: 'Object Repository/FDR-Dashboard/createNewVoucherButton' is clicked on

2020-09-08 12:00:04 - [MESSAGE][INFO] - Unable to find the element located by 'By.xpath: //*[@data-id='action-button']//*[contains(text(),'Review')]'. Please recheck the objects properties to make sure the desired element is located. 

2020-09-08 12:00:04 - [MESSAGE][WARNING] - Object 'Object Repository/FDR-VoucherEntry/VoucherHeader/reviewButton' is not present after 3 second(s)

2020-09-08 12:00:04 - [MESSAGE][PASSED] - Object: 'Object Repository/FDR-VoucherEntry/Voucher/drawDate' is clicked on

2020-09-08 12:00:06 - [MESSAGE][INFO] - Unable to find the element located by 'By.xpath: //*[@data-id='button-link']//*[contains(text(),'Create New Voucher')]'. Please recheck the objects properties to make sure the desired element is located. 

2020-09-08 12:00:06 - [MESSAGE][WARNING] - Object 'Object Repository/FDR-Dashboard/createNewVoucherButton' is not present after 1 second(s)

2020-09-08 12:00:07 - [MESSAGE][PASSED] - Text '09/23/2020' is set on object 'Object Repository/FDR-VoucherEntry/Voucher/drawDate'

2020-09-08 12:00:12 - [MESSAGE][INFO] - Unable to find the element located by 'By.xpath: //*[@data-id='button-link']//*[contains(text(),'Create New Voucher')]'. Please recheck the objects properties to make sure the desired element is located. 

2020-09-08 12:00:12 - [MESSAGE][WARNING] - Object 'Object Repository/FDR-Dashboard/createNewVoucherButton' is not present after 3 second(s)

2020-09-08 12:00:12 - [MESSAGE][PASSED] - Object: 'Object Repository/FDR-VoucherEntry/Voucher/programType' is clicked on

2020-09-08 12:00:15 - [MESSAGE][INFO] - Unable to find the element located by 'By.xpath: //*[@data-id='button-link']//*[contains(text(),'Create New Voucher')]'. Please recheck the objects properties to make sure the desired element is located. 

2020-09-08 12:00:15 - [MESSAGE][WARNING] - Object 'Object Repository/FDR-Dashboard/createNewVoucherButton' is not present after 2 second(s)

2020-09-08 12:00:15 - [MESSAGE][PASSED] - Keys 'Medical Assistance (MA)' sent to object: 'Object Repository/FDR-VoucherEntry/Voucher/programType'

2020-09-08 12:00:16 - [MESSAGE][PASSED] - Object 'Object Repository/FDR-VoucherEntry/Voucher/programType' is present

2020-09-08 12:00:16 - [MESSAGE][PASSED] - Keys 'DOWN + ENTER + ' sent to object: 'Object Repository/FDR-VoucherEntry/Voucher/programType'

2020-09-08 12:00:17 - [MESSAGE][PASSED] - Object: 'Object Repository/FDR-VoucherEntry/Voucher/invoiceType' is clicked on

2020-09-08 12:00:17 - [MESSAGE][PASSED] - Object 'Object Repository/FDR-VoucherEntry/Voucher/invoiceType' is present

2020-09-08 12:00:17 - [MESSAGE][PASSED] - Keys 'CAP' sent to object: 'Object Repository/FDR-VoucherEntry/Voucher/invoiceType'

2020-09-08 12:00:18 - [MESSAGE][PASSED] - Keys 'DOWN + ENTER + ' sent to object: 'Object Repository/FDR-VoucherEntry/Voucher/invoiceType'

2020-09-08 12:00:19 - [MESSAGE][PASSED] - Object: 'Object Repository/FDR-VoucherEntry/Voucher/fundCode' is clicked on

2020-09-08 12:00:19 - [MESSAGE][PASSED] - Keys 'Health Care Deposit Fund (0912)' sent to object: 'Object Repository/FDR-VoucherEntry/Voucher/fundCode'

2020-09-08 12:00:20 - [MESSAGE][PASSED] - Object 'Object Repository/FDR-VoucherEntry/Voucher/fundCode' is present

2020-09-08 12:00:20 - [MESSAGE][PASSED] - Keys 'DOWN + ENTER + ' sent to object: 'Object Repository/FDR-VoucherEntry/Voucher/fundCode'

2020-09-08 12:00:20 - [MESSAGE][PASSED] - Object: 'Object Repository/FDR-VoucherEntry/Voucher/supplierID' is clicked on

2020-09-08 12:00:21 - [MESSAGE][PASSED] - Keys '0000007954' sent to object: 'Object Repository/FDR-VoucherEntry/Voucher/supplierID'

2020-09-08 12:00:21 - [MESSAGE][PASSED] - Object 'Object Repository/FDR-VoucherEntry/Voucher/supplierID' is present

2020-09-08 12:00:22 - [MESSAGE][PASSED] - Keys 'DOWN + ENTER + ' sent to object: 'Object Repository/FDR-VoucherEntry/Voucher/supplierID'

2020-09-08 12:00:22 - [MESSAGE][PASSED] - Object: 'Object Repository/FDR-VoucherEntry/Voucher/seqNum' is clicked on

2020-09-08 12:00:23 - [MESSAGE][PASSED] - Object 'Object Repository/FDR-VoucherEntry/Voucher/seqNum' is present

2020-09-08 12:00:23 - [MESSAGE][PASSED] - Keys 'DOWN + ENTER + ' sent to object: 'Object Repository/FDR-VoucherEntry/Voucher/seqNum'

2020-09-08 12:00:24 - [MESSAGE][PASSED] - Object: 'Object Repository/FDR-VoucherEntry/Voucher/contractNum' is clicked on

2020-09-08 12:00:24 - [MESSAGE][PASSED] - Keys '07-65707' sent to object: 'Object Repository/FDR-VoucherEntry/Voucher/contractNum'

2020-09-08 12:00:25 - [MESSAGE][PASSED] - Object 'Object Repository/FDR-VoucherEntry/Voucher/contractNum' is present

2020-09-08 12:00:25 - [MESSAGE][PASSED] - Keys 'DOWN + ENTER + ' sent to object: 'Object Repository/FDR-VoucherEntry/Voucher/contractNum'

2020-09-08 12:00:27 - [MESSAGE][PASSED] - Text 'This message will print on the Remittance Advice' is set on object 'Object Repository/FDR-VoucherEntry/Voucher/vendorMessage'

2020-09-08 12:00:27 - [MESSAGE][PASSED] - Object: 'Object Repository/FDR-VoucherEntry/Voucher/primaryContact' is clicked on

2020-09-08 12:00:28 - [MESSAGE][PASSED] - Keys 'Aung Lin' sent to object: 'Object Repository/FDR-VoucherEntry/Voucher/primaryContact'

2020-09-08 12:00:28 - [MESSAGE][PASSED] - Object 'Object Repository/FDR-VoucherEntry/Voucher/primaryContact' is present

2020-09-08 12:00:29 - [MESSAGE][PASSED] - Keys 'DOWN + ENTER + ' sent to object: 'Object Repository/FDR-VoucherEntry/Voucher/primaryContact'

2020-09-08 12:00:29 - [MESSAGE][PASSED] - Object: 'Object Repository/FDR-VoucherEntry/Voucher/secondaryContact' is clicked on

2020-09-08 12:00:30 - [MESSAGE][PASSED] - Keys 'Vivian Ly' sent to object: 'Object Repository/FDR-VoucherEntry/Voucher/secondaryContact'

2020-09-08 12:00:30 - [MESSAGE][PASSED] - Object 'Object Repository/FDR-VoucherEntry/Voucher/secondaryContact' is present

2020-09-08 12:00:31 - [MESSAGE][PASSED] - Object 'Object Repository/FDR-VoucherEntry/Voucher/secondaryContact' is present

2020-09-08 12:00:31 - [MESSAGE][PASSED] - Keys 'DOWN + ENTER + ' sent to object: 'Object Repository/FDR-VoucherEntry/Voucher/secondaryContact'

2020-09-08 12:00:32 - [MESSAGE][PASSED] - Object: 'Object Repository/FDR-VoucherEntry/Voucher/buttonNext' is clicked on

2020-09-08 12:00:35 - [MESSAGE][PASSED] - Delayed 3 second(s)

2020-09-08 12:00:35 - [MESSAGE][PASSED] - Object 'Object Repository/FDR-VoucherEntry/VoucherHeader/reviewButton' is present

2020-09-08 12:00:35 - [TEST_STEP][PASSED] - waitForElementPresent(findTestObject("FDR-Dashboard/createNewVoucherButton"), 4): Object 'Object Repository/FDR-Dashboard/createNewVoucherButton' is not present after 4 second(s)

2020-09-08 12:00:40 - [MESSAGE][INFO] - Unable to find the element located by 'By.xpath: //*[@data-id='button-link']//*[contains(text(),'Create New Voucher')]'. Please recheck the objects properties to make sure the desired element is located. 

2020-09-08 12:00:40 - [MESSAGE][WARNING] - Object 'Object Repository/FDR-Dashboard/createNewVoucherButton' is not present after 4 second(s)

2020-09-08 12:00:40 - [TEST_STEP][PASSED] - Uifunctions.createInvoiceLine(1): Object 'Object Repository/FDR-VoucherEntry/VoucherHeader/reviewButton' is present

2020-09-08 12:00:40 - [MESSAGE][PASSED] - Object 'Object Repository/FDR-VoucherEntry/VoucherHeader/reviewButton' is present

2020-09-08 12:00:43 - [MESSAGE][INFO] - Unable to find the element located by 'By.xpath: //*[contains(text(),'Add voucher')]//parent::button'. Please recheck the objects properties to make sure the desired element is located. 

2020-09-08 12:00:43 - [MESSAGE][WARNING] - Object 'Object Repository/FDR-VoucherEntry/InvoiceLine/addVoucherButton' is not present after 2 second(s)

2020-09-08 12:00:44 - [MESSAGE][PASSED] - Object 'Object Repository/FDR-VoucherEntry/InvoiceLine/invoice' is clickable

2020-09-08 12:00:44 - [MESSAGE][PASSED] - Object: 'Object Repository/FDR-VoucherEntry/InvoiceLine/invoice' is clicked on

2020-09-08 12:00:45 - [MESSAGE][PASSED] - Text '3670' is set on object 'Object Repository/FDR-VoucherEntry/InvoiceLine/invoice'

2020-09-08 12:00:45 - [MESSAGE][PASSED] - Object: 'Object Repository/FDR-VoucherEntry/InvoiceLine/invoiceDate' is clicked on

2020-09-08 12:00:45 - [MESSAGE][PASSED] - Object 'Object Repository/FDR-VoucherEntry/InvoiceLine/invoiceDate' is present

2020-09-08 12:00:46 - [MESSAGE][PASSED] - Text '09/08/2020' is set on object 'Object Repository/FDR-VoucherEntry/InvoiceLine/invoiceDate'

2020-09-08 12:00:47 - [MESSAGE][PASSED] - Object: 'Object Repository/FDR-VoucherEntry/InvoiceLine/originalWarrantDate' is clicked on

2020-09-08 12:00:47 - [MESSAGE][PASSED] - Text '09/09/2020' is set on object 'Object Repository/FDR-VoucherEntry/InvoiceLine/originalWarrantDate'

2020-09-08 12:00:48 - [MESSAGE][PASSED] - Object 'Object Repository/FDR-VoucherEntry/InvoiceLine/addInvoiceLineButton' is present

2020-09-08 12:00:48 - [MESSAGE][PASSED] - Object: 'Object Repository/FDR-VoucherEntry/InvoiceLine/addInvoiceLineButtonIndex2' is clicked on

2020-09-08 12:00:49 - [MESSAGE][PASSED] - Object 'Object Repository/FDR-VoucherEntry/VoucherHeader/reviewButton' is present

2020-09-08 12:00:49 - [TEST_STEP][PASSED] - waitForElementClickable(findTestObject("FDR-VoucherEntry/InvoiceLine/invoiceLineExpandButton"), 5): Object 'Object Repository/FDR-VoucherEntry/InvoiceLine/invoiceLineExpandButton' is clickable

2020-09-08 12:00:49 - [MESSAGE][PASSED] - Object 'Object Repository/FDR-VoucherEntry/InvoiceLine/invoiceLineExpandButton' is clickable

2020-09-08 12:00:49 - [TEST_STEP][PASSED] - click(findTestObject("FDR-VoucherEntry/InvoiceLine/invoiceLineExpandButton")): Object: 'Object Repository/FDR-VoucherEntry/InvoiceLine/invoiceLineExpandButton' is clicked on

2020-09-08 12:00:49 - [MESSAGE][PASSED] - Object: 'Object Repository/FDR-VoucherEntry/InvoiceLine/invoiceLineExpandButton' is clicked on

2020-09-08 12:00:49 - [TEST_STEP][PASSED] - waitForElementPresent(findTestObject("FDR-Dashboard/createNewVoucherButton"), 4): Object 'Object Repository/FDR-Dashboard/createNewVoucherButton' is not present after 4 second(s)

2020-09-08 12:00:54 - [MESSAGE][INFO] - Unable to find the element located by 'By.xpath: //*[@data-id='button-link']//*[contains(text(),'Create New Voucher')]'. Please recheck the objects properties to make sure the desired element is located. 

2020-09-08 12:00:54 - [MESSAGE][WARNING] - Object 'Object Repository/FDR-Dashboard/createNewVoucherButton' is not present after 4 second(s)

2020-09-08 12:00:54 - [TEST_STEP][PASSED] - click(findTestObject("FDR-VoucherEntry/InvoiceLine/invoiceAddlineButton")): Object: 'Object Repository/FDR-VoucherEntry/InvoiceLine/invoiceAddlineButton' is clicked on

2020-09-08 12:00:55 - [MESSAGE][PASSED] - Object: 'Object Repository/FDR-VoucherEntry/InvoiceLine/invoiceAddlineButton' is clicked on

2020-09-08 12:00:55 - [TEST_STEP][PASSED] - Uifunctions.createDistributionLines(1, "Voucher/FDR-DL"): Object: 'Object Repository/FDR-VoucherEntry/DistributionLine/addSaveButton' is clicked on

2020-09-08 12:00:59 - [MESSAGE][INFO] - Unable to find the element located by 'By.xpath: //*[@data-id='button-link']//*[contains(text(),'Create New Voucher')]'. Please recheck the objects properties to make sure the desired element is located. 

2020-09-08 12:00:59 - [MESSAGE][WARNING] - Object 'Object Repository/FDR-Dashboard/createNewVoucherButton' is not present after 3 second(s)

2020-09-08 12:01:02 - [MESSAGE][INFO] - Unable to find the element located by 'By.xpath: //*[@data-id='button-link']//*[contains(text(),'Create New Voucher')]'. Please recheck the objects properties to make sure the desired element is located. 

2020-09-08 12:01:02 - [MESSAGE][WARNING] - Object 'Object Repository/FDR-Dashboard/createNewVoucherButton' is not present after 2 second(s)

2020-09-08 12:01:02 - [MESSAGE][PASSED] - Object 'Object Repository/FDR-VoucherEntry/DistributionLine/serviceDateFrom' is clickable

2020-09-08 12:01:03 - [MESSAGE][PASSED] - Object: 'Object Repository/FDR-VoucherEntry/DistributionLine/serviceDateFrom' is clicked on

2020-09-08 12:01:03 - [MESSAGE][PASSED] - Object 'Object Repository/FDR-VoucherEntry/DistributionLine/serviceDateFrom' is present

2020-09-08 12:01:04 - [MESSAGE][PASSED] - Text '08/04/2020' is set on object 'Object Repository/FDR-VoucherEntry/DistributionLine/serviceDateFrom'

2020-09-08 12:01:04 - [MESSAGE][PASSED] - Object: 'Object Repository/FDR-VoucherEntry/DistributionLine/serviceDateTo' is clicked on

2020-09-08 12:01:05 - [MESSAGE][PASSED] - Object 'Object Repository/FDR-VoucherEntry/DistributionLine/serviceDateTo' is present

2020-09-08 12:01:06 - [MESSAGE][PASSED] - Text '08/05/2020' is set on object 'Object Repository/FDR-VoucherEntry/DistributionLine/serviceDateTo'

2020-09-08 12:01:09 - [MESSAGE][INFO] - Unable to find the element located by 'By.xpath: //*[@data-id='button-link']//*[contains(text(),'Create New Voucher')]'. Please recheck the objects properties to make sure the desired element is located. 

2020-09-08 12:01:09 - [MESSAGE][WARNING] - Object 'Object Repository/FDR-Dashboard/createNewVoucherButton' is not present after 2 second(s)

2020-09-08 12:01:09 - [MESSAGE][PASSED] - Object: 'Object Repository/FDR-VoucherEntry/DistributionLine/amount' is clicked on

2020-09-08 12:01:09 - [MESSAGE][PASSED] - Execute JavaScript 'arguments[0].value='';' successfully

2020-09-08 12:01:10 - [MESSAGE][PASSED] - Keys '100' sent to object: 'Object Repository/FDR-VoucherEntry/DistributionLine/amount'

2020-09-08 12:01:12 - [MESSAGE][INFO] - Unable to find the element located by 'By.xpath: //*[@data-id='button-link']//*[contains(text(),'Create New Voucher')]'. Please recheck the objects properties to make sure the desired element is located. 

2020-09-08 12:01:12 - [MESSAGE][WARNING] - Object 'Object Repository/FDR-Dashboard/createNewVoucherButton' is not present after 1 second(s)

2020-09-08 12:01:12 - [MESSAGE][PASSED] - Object: 'Object Repository/FDR-VoucherEntry/DistributionLine/waiverType' is clicked on

2020-09-08 12:01:14 - [MESSAGE][INFO] - Unable to find the element located by 'By.xpath: //*[@data-id='button-link']//*[contains(text(),'Create New Voucher')]'. Please recheck the objects properties to make sure the desired element is located. 

2020-09-08 12:01:14 - [MESSAGE][WARNING] - Object 'Object Repository/FDR-Dashboard/createNewVoucherButton' is not present after 1 second(s)

2020-09-08 12:01:15 - [MESSAGE][PASSED] - Keys '1115' sent to object: 'Object Repository/FDR-VoucherEntry/DistributionLine/waiverType'

2020-09-08 12:01:18 - [MESSAGE][INFO] - Unable to find the element located by 'By.xpath: //*[@data-id='button-link']//*[contains(text(),'Create New Voucher')]'. Please recheck the objects properties to make sure the desired element is located. 

2020-09-08 12:01:18 - [MESSAGE][WARNING] - Object 'Object Repository/FDR-Dashboard/createNewVoucherButton' is not present after 2 second(s)

2020-09-08 12:01:18 - [MESSAGE][PASSED] - Keys 'DOWN + ENTER + ' sent to object: 'Object Repository/FDR-VoucherEntry/DistributionLine/waiverType'

2020-09-08 12:01:19 - [MESSAGE][PASSED] - Object: 'Object Repository/FDR-VoucherEntry/DistributionLine/waiverName' is clicked on

2020-09-08 12:01:19 - [MESSAGE][PASSED] - Keys 'CBAS' sent to object: 'Object Repository/FDR-VoucherEntry/DistributionLine/waiverName'

2020-09-08 12:01:23 - [MESSAGE][INFO] - Unable to find the element located by 'By.xpath: //*[@data-id='button-link']//*[contains(text(),'Create New Voucher')]'. Please recheck the objects properties to make sure the desired element is located. 

2020-09-08 12:01:23 - [MESSAGE][WARNING] - Object 'Object Repository/FDR-Dashboard/createNewVoucherButton' is not present after 2 second(s)

2020-09-08 12:01:23 - [MESSAGE][PASSED] - Keys 'DOWN + ENTER + ' sent to object: 'Object Repository/FDR-VoucherEntry/DistributionLine/waiverName'

2020-09-08 12:01:24 - [MESSAGE][PASSED] - Object: 'Object Repository/FDR-VoucherEntry/DistributionLine/fundingSource' is clicked on

2020-09-08 12:01:24 - [MESSAGE][PASSED] - Keys 'Dental' sent to object: 'Object Repository/FDR-VoucherEntry/DistributionLine/fundingSource'

2020-09-08 12:01:27 - [MESSAGE][INFO] - Unable to find the element located by 'By.xpath: //*[@data-id='button-link']//*[contains(text(),'Create New Voucher')]'. Please recheck the objects properties to make sure the desired element is located. 

2020-09-08 12:01:27 - [MESSAGE][WARNING] - Object 'Object Repository/FDR-Dashboard/createNewVoucherButton' is not present after 2 second(s)

2020-09-08 12:01:28 - [MESSAGE][PASSED] - Keys 'DOWN + ENTER + ' sent to object: 'Object Repository/FDR-VoucherEntry/DistributionLine/fundingSource'

2020-09-08 12:01:28 - [MESSAGE][PASSED] - Object: 'Object Repository/FDR-VoucherEntry/DistributionLine/fundRatio' is clicked on

2020-09-08 12:01:29 - [MESSAGE][PASSED] - Keys '90/10' sent to object: 'Object Repository/FDR-VoucherEntry/DistributionLine/fundRatio'

2020-09-08 12:01:32 - [MESSAGE][INFO] - Unable to find the element located by 'By.xpath: //*[@data-id='button-link']//*[contains(text(),'Create New Voucher')]'. Please recheck the objects properties to make sure the desired element is located. 

2020-09-08 12:01:32 - [MESSAGE][WARNING] - Object 'Object Repository/FDR-Dashboard/createNewVoucherButton' is not present after 2 second(s)

2020-09-08 12:01:32 - [MESSAGE][PASSED] - Keys 'DOWN + ENTER + ' sent to object: 'Object Repository/FDR-VoucherEntry/DistributionLine/fundRatio'

2020-09-08 12:01:33 - [MESSAGE][PASSED] - Object: 'Object Repository/FDR-VoucherEntry/DistributionLine/nonFederalFund' is clicked on

2020-09-08 12:01:33 - [MESSAGE][PASSED] - Keys '0001' sent to object: 'Object Repository/FDR-VoucherEntry/DistributionLine/nonFederalFund'

2020-09-08 12:01:36 - [MESSAGE][INFO] - Unable to find the element located by 'By.xpath: //*[@data-id='button-link']//*[contains(text(),'Create New Voucher')]'. Please recheck the objects properties to make sure the desired element is located. 

2020-09-08 12:01:36 - [MESSAGE][WARNING] - Object 'Object Repository/FDR-Dashboard/createNewVoucherButton' is not present after 2 second(s)

2020-09-08 12:01:37 - [MESSAGE][PASSED] - Keys 'DOWN + ENTER + ' sent to object: 'Object Repository/FDR-VoucherEntry/DistributionLine/nonFederalFund'

2020-09-08 12:01:37 - [MESSAGE][PASSED] - Object: 'Object Repository/FDR-VoucherEntry/DistributionLine/account' is clicked on

2020-09-08 12:01:38 - [MESSAGE][PASSED] - Keys '5442000' sent to object: 'Object Repository/FDR-VoucherEntry/DistributionLine/account'

2020-09-08 12:01:38 - [MESSAGE][PASSED] - Keys 'DOWN + ENTER + ' sent to object: 'Object Repository/FDR-VoucherEntry/DistributionLine/account'

2020-09-08 12:01:39 - [MESSAGE][PASSED] - Object: 'Object Repository/FDR-VoucherEntry/DistributionLine/altAccount' is clicked on

2020-09-08 12:01:39 - [MESSAGE][PASSED] - Keys '5442000' sent to object: 'Object Repository/FDR-VoucherEntry/DistributionLine/altAccount'

2020-09-08 12:01:40 - [MESSAGE][PASSED] - Object 'Object Repository/FDR-VoucherEntry/DistributionLine/altAccount' is present

2020-09-08 12:01:40 - [MESSAGE][PASSED] - Keys 'DOWN + ENTER + ' sent to object: 'Object Repository/FDR-VoucherEntry/DistributionLine/altAccount'

2020-09-08 12:01:41 - [MESSAGE][PASSED] - Object: 'Object Repository/FDR-VoucherEntry/DistributionLine/serviceCategory' is clicked on

2020-09-08 12:01:44 - [MESSAGE][INFO] - Unable to find the element located by 'By.xpath: //*[@data-id='button-link']//*[contains(text(),'Create New Voucher')]'. Please recheck the objects properties to make sure the desired element is located. 

2020-09-08 12:01:44 - [MESSAGE][WARNING] - Object 'Object Repository/FDR-Dashboard/createNewVoucherButton' is not present after 2 second(s)

2020-09-08 12:01:44 - [MESSAGE][PASSED] - Keys '18B1' sent to object: 'Object Repository/FDR-VoucherEntry/DistributionLine/serviceCategory'

2020-09-08 12:01:44 - [MESSAGE][PASSED] - Keys 'DOWN + ENTER + ' sent to object: 'Object Repository/FDR-VoucherEntry/DistributionLine/serviceCategory'

2020-09-08 12:01:45 - [MESSAGE][PASSED] - Object: 'Object Repository/FDR-VoucherEntry/DistributionLine/incDecLine' is clicked on

2020-09-08 12:01:45 - [MESSAGE][PASSED] - Keys '8: Adjustments and corrections' sent to object: 'Object Repository/FDR-VoucherEntry/DistributionLine/incDecLine'

2020-09-08 12:01:46 - [MESSAGE][PASSED] - Keys 'DOWN + ENTER + ' sent to object: 'Object Repository/FDR-VoucherEntry/DistributionLine/incDecLine'

2020-09-08 12:01:48 - [MESSAGE][INFO] - Unable to find the element located by 'By.xpath: //*[@data-id='button-link']//*[contains(text(),'Create New Voucher')]'. Please recheck the objects properties to make sure the desired element is located. 

2020-09-08 12:01:48 - [MESSAGE][WARNING] - Object 'Object Repository/FDR-Dashboard/createNewVoucherButton' is not present after 1 second(s)

2020-09-08 12:01:48 - [MESSAGE][PASSED] - Object: 'Object Repository/FDR-VoucherEntry/DistributionLine/index' is clicked on

2020-09-08 12:01:49 - [MESSAGE][PASSED] - Keys '1155' sent to object: 'Object Repository/FDR-VoucherEntry/DistributionLine/index'

2020-09-08 12:01:49 - [MESSAGE][PASSED] - Keys 'DOWN + ENTER + ' sent to object: 'Object Repository/FDR-VoucherEntry/DistributionLine/index'

2020-09-08 12:01:50 - [MESSAGE][PASSED] - Object: 'Object Repository/FDR-VoucherEntry/DistributionLine/addSaveButton' is clicked on

2020-09-08 12:01:50 - [MESSAGE][PASSED] - Call Test Case 'Test Cases/WEB-UI-TESTS/Voucher/FDR-Create-Simple-Voucher' successfully

2020-09-08 12:01:50 - [TEST_STEP][PASSED] - processorVoucherNumber = getText(findTestObject("FDR-VoucherEntry/VoucherHeader/voucherNum")): Text of object 'Object Repository/FDR-VoucherEntry/VoucherHeader/voucherNum' is: 'CAP00000132'

2020-09-08 12:01:51 - [MESSAGE][PASSED] - Text of object 'Object Repository/FDR-VoucherEntry/VoucherHeader/voucherNum' is: 'CAP00000132'

2020-09-08 12:01:51 - [TEST_STEP][PASSED] - editors.editVoucherInfo(supplier, sequence, contractNum): Text 'Hello this is my edit first voucher' is set on object 'Object Repository/FDR-VoucherEntry/Voucher/vendorMessage'

2020-09-08 12:01:55 - [MESSAGE][INFO] - Unable to find the element located by 'By.xpath: //*[@data-id='button-link']//*[contains(text(),'Create New Voucher')]'. Please recheck the objects properties to make sure the desired element is located. 

2020-09-08 12:01:55 - [MESSAGE][WARNING] - Object 'Object Repository/FDR-Dashboard/createNewVoucherButton' is not present after 3 second(s)

2020-09-08 12:01:56 - [MESSAGE][PASSED] - Object: 'Object Repository/FDR-EditVoucher/voucherEditIcon' is clicked on

2020-09-08 12:01:56 - [MESSAGE][PASSED] - Object 'Object Repository/FDR-EditVoucher/voucherEdit' is present

2020-09-08 12:01:57 - [MESSAGE][PASSED] - Object: 'Object Repository/FDR-EditVoucher/voucherEdit' is clicked on

2020-09-08 12:01:58 - [MESSAGE][PASSED] - Object 'Object Repository/FDR-VoucherEntry/Voucher/supplierID' is present

2020-09-08 12:01:58 - [MESSAGE][PASSED] - Object: 'Object Repository/FDR-VoucherEntry/Voucher/supplierID' is clicked on

2020-09-08 12:01:58 - [MESSAGE][PASSED] - Object 'Object Repository/FDR-VoucherEntry/Voucher/supplierID' is present

2020-09-08 12:01:59 - [MESSAGE][PASSED] - Keys '0000007954
' sent to object: 'Object Repository/FDR-VoucherEntry/Voucher/supplierID'

2020-09-08 12:02:02 - [MESSAGE][INFO] - Unable to find the element located by 'By.xpath: //*[@data-id='button-link']//*[contains(text(),'Create New Voucher')]'. Please recheck the objects properties to make sure the desired element is located. 

2020-09-08 12:02:02 - [MESSAGE][WARNING] - Object 'Object Repository/FDR-Dashboard/createNewVoucherButton' is not present after 2 second(s)

2020-09-08 12:02:02 - [MESSAGE][PASSED] - Object 'Object Repository/FDR-VoucherEntry/Voucher/seqNum' is present

2020-09-08 12:02:02 - [MESSAGE][PASSED] - Object: 'Object Repository/FDR-VoucherEntry/Voucher/seqNum' is clicked on

2020-09-08 12:02:03 - [MESSAGE][PASSED] - Keys '01
' sent to object: 'Object Repository/FDR-VoucherEntry/Voucher/seqNum'

2020-09-08 12:02:06 - [MESSAGE][INFO] - Unable to find the element located by 'By.xpath: //*[@data-id='button-link']//*[contains(text(),'Create New Voucher')]'. Please recheck the objects properties to make sure the desired element is located. 

2020-09-08 12:02:06 - [MESSAGE][WARNING] - Object 'Object Repository/FDR-Dashboard/createNewVoucherButton' is not present after 2 second(s)

2020-09-08 12:02:09 - [MESSAGE][INFO] - Unable to find the element located by 'By.xpath: //*[@data-id='button-link']//*[contains(text(),'Create New Voucher')]'. Please recheck the objects properties to make sure the desired element is located. 

2020-09-08 12:02:09 - [MESSAGE][WARNING] - Object 'Object Repository/FDR-Dashboard/createNewVoucherButton' is not present after 2 second(s)

2020-09-08 12:02:10 - [MESSAGE][PASSED] - Object: 'Object Repository/FDR-VoucherEntry/Voucher/contractNum' is clicked on

2020-09-08 12:02:13 - [MESSAGE][INFO] - Unable to find the element located by 'By.xpath: //*[@data-id='button-link']//*[contains(text(),'Create New Voucher')]'. Please recheck the objects properties to make sure the desired element is located. 

2020-09-08 12:02:13 - [MESSAGE][WARNING] - Object 'Object Repository/FDR-Dashboard/createNewVoucherButton' is not present after 2 second(s)

2020-09-08 12:02:13 - [MESSAGE][PASSED] - Keys '07-65707
' sent to object: 'Object Repository/FDR-VoucherEntry/Voucher/contractNum'

2020-09-08 12:02:13 - [MESSAGE][PASSED] - Object 'Object Repository/FDR-VoucherEntry/Voucher/vendorMessage' is present

2020-09-08 12:02:14 - [MESSAGE][PASSED] - Object: 'Object Repository/FDR-VoucherEntry/Voucher/vendorMessage' is clicked on

2020-09-08 12:02:14 - [MESSAGE][PASSED] - Execute JavaScript 'arguments[0].value='';' successfully

2020-09-08 12:02:16 - [MESSAGE][PASSED] - Text 'Hello this is my edit first voucher' is set on object 'Object Repository/FDR-VoucherEntry/Voucher/vendorMessage'

2020-09-08 12:02:16 - [TEST_STEP][PASSED] - takenSupplier = getAttribute(findTestObject("FDR-VoucherEntry/Voucher/supplierID"), "value"): Attribute 'value' of object 'Object Repository/FDR-VoucherEntry/Voucher/supplierID' is: '0000007954'

2020-09-08 12:02:16 - [MESSAGE][PASSED] - Attribute 'value' of object 'Object Repository/FDR-VoucherEntry/Voucher/supplierID' is: '0000007954'

2020-09-08 12:02:16 - [TEST_STEP][PASSED] - takenContract = getAttribute(findTestObject("FDR-VoucherEntry/Voucher/contractNum"), "value"): Attribute 'value' of object 'Object Repository/FDR-VoucherEntry/Voucher/contractNum' is: '07-65707'

2020-09-08 12:02:16 - [MESSAGE][PASSED] - Attribute 'value' of object 'Object Repository/FDR-VoucherEntry/Voucher/contractNum' is: '07-65707'

2020-09-08 12:02:16 - [TEST_STEP][PASSED] - waitForElementClickable(findTestObject("FDR-VoucherEntry/Voucher/buttonNext"), 4): Object 'Object Repository/FDR-VoucherEntry/Voucher/buttonNext' is clickable

2020-09-08 12:02:17 - [MESSAGE][PASSED] - Object 'Object Repository/FDR-VoucherEntry/Voucher/buttonNext' is clickable

2020-09-08 12:02:17 - [TEST_STEP][PASSED] - click(findTestObject("FDR-VoucherEntry/Voucher/buttonNext")): Object: 'Object Repository/FDR-VoucherEntry/Voucher/buttonNext' is clicked on

2020-09-08 12:02:17 - [MESSAGE][PASSED] - Object: 'Object Repository/FDR-VoucherEntry/Voucher/buttonNext' is clicked on

2020-09-08 12:02:17 - [TEST_STEP][PASSED] - waitForElementPresent(findTestObject("FDR-Dashboard/createNewVoucherButton"), 3): Object 'Object Repository/FDR-Dashboard/createNewVoucherButton' is not present after 3 second(s)

2020-09-08 12:02:21 - [MESSAGE][INFO] - Unable to find the element located by 'By.xpath: //*[@data-id='button-link']//*[contains(text(),'Create New Voucher')]'. Please recheck the objects properties to make sure the desired element is located. 

2020-09-08 12:02:21 - [MESSAGE][WARNING] - Object 'Object Repository/FDR-Dashboard/createNewVoucherButton' is not present after 3 second(s)

2020-09-08 12:02:21 - [TEST_STEP][PASSED] - click(findTestObject("FDR-VoucherEntry/VoucherHeader/expandButton")): Object: 'Object Repository/FDR-VoucherEntry/VoucherHeader/expandButton' is clicked on

2020-09-08 12:02:21 - [MESSAGE][PASSED] - Object: 'Object Repository/FDR-VoucherEntry/VoucherHeader/expandButton' is clicked on

2020-09-08 12:02:21 - [TEST_STEP][PASSED] - waitForElementPresent(findTestObject("FDR-Dashboard/createNewVoucherButton"), 3): Object 'Object Repository/FDR-Dashboard/createNewVoucherButton' is not present after 3 second(s)

2020-09-08 12:02:25 - [MESSAGE][INFO] - Unable to find the element located by 'By.xpath: //*[@data-id='button-link']//*[contains(text(),'Create New Voucher')]'. Please recheck the objects properties to make sure the desired element is located. 

2020-09-08 12:02:25 - [MESSAGE][WARNING] - Object 'Object Repository/FDR-Dashboard/createNewVoucherButton' is not present after 3 second(s)

2020-09-08 12:02:25 - [TEST_STEP][PASSED] - validators.validateVoucherInfo(takenSupplier, takenContract): Actual text and expected text of test object 'Object Repository/FDR-VoucherEntry/VoucherHeader/contract' are matched.

2020-09-08 12:02:26 - [MESSAGE][PASSED] - Text of object 'Object Repository/FDR-VoucherEntry/VoucherHeader/supplier' is: '0000007954-1'

2020-09-08 12:02:26 - [MESSAGE][PASSED] - Actual text and expected text of test object 'Object Repository/FDR-VoucherEntry/VoucherHeader/contract' are matched.

2020-09-08 12:02:26 - [TEST_STEP][PASSED] - editors.editVoucherLineInfo(): Text '005' is set on object 'Object Repository/FDR-VoucherEntry/VoucherEntryObjects/inputInvoiceDescription'

2020-09-08 12:02:26 - [MESSAGE][PASSED] - Object 'Object Repository/FDR-EditVoucher/invoiceHover' is present

2020-09-08 12:02:27 - [MESSAGE][PASSED] - Object: 'Object Repository/FDR-EditVoucher/invoiceHover' is hovered

2020-09-08 12:02:27 - [MESSAGE][PASSED] - Object 'Object Repository/FDR-EditVoucher/voucherLineEditIcon' is present

2020-09-08 12:02:27 - [MESSAGE][PASSED] - Object: 'Object Repository/FDR-EditVoucher/voucherLineEditIcon' is clicked on

2020-09-08 12:02:28 - [MESSAGE][PASSED] - Object 'Object Repository/FDR-EditVoucher/voucherLineEditClick' is present

2020-09-08 12:02:28 - [MESSAGE][PASSED] - Object: 'Object Repository/FDR-EditVoucher/voucherLineEditClick' is clicked on

2020-09-08 12:02:29 - [MESSAGE][PASSED] - Object 'Object Repository/FDR-VoucherEntry/VoucherEntryObjects/inputInvoiceDescription' is present

2020-09-08 12:02:29 - [MESSAGE][PASSED] - Object: 'Object Repository/FDR-VoucherEntry/VoucherEntryObjects/inputInvoiceDescription' is clicked on

2020-09-08 12:02:29 - [MESSAGE][PASSED] - Execute JavaScript 'arguments[0].value='';' successfully

2020-09-08 12:02:30 - [MESSAGE][PASSED] - Text '005' is set on object 'Object Repository/FDR-VoucherEntry/VoucherEntryObjects/inputInvoiceDescription'

2020-09-08 12:02:30 - [TEST_STEP][PASSED] - waitForElementPresent(findTestObject("FDR-VoucherEntry/VoucherHeader/reviewButton"), 5): Object 'Object Repository/FDR-VoucherEntry/VoucherHeader/reviewButton' is present

2020-09-08 12:02:30 - [MESSAGE][PASSED] - Object 'Object Repository/FDR-VoucherEntry/VoucherHeader/reviewButton' is present

2020-09-08 12:02:30 - [TEST_STEP][PASSED] - waitForElementPresent(findTestObject("FDR-EditVoucher/editvocuherSave"), 5): Object 'Object Repository/FDR-EditVoucher/editvocuherSave' is present

2020-09-08 12:02:31 - [MESSAGE][PASSED] - Object 'Object Repository/FDR-EditVoucher/editvocuherSave' is present

2020-09-08 12:02:31 - [TEST_STEP][PASSED] - click(findTestObject("FDR-EditVoucher/editvocuherSave")): Object: 'Object Repository/FDR-EditVoucher/editvocuherSave' is clicked on

2020-09-08 12:02:31 - [MESSAGE][PASSED] - Object: 'Object Repository/FDR-EditVoucher/editvocuherSave' is clicked on

2020-09-08 12:02:31 - [TEST_STEP][PASSED] - waitForElementPresent(findTestObject("FDR-VoucherEntry/InvoiceLine/invoiceLineExpandButton"), 3): Object 'Object Repository/FDR-VoucherEntry/InvoiceLine/invoiceLineExpandButton' is present

2020-09-08 12:02:32 - [MESSAGE][PASSED] - Object 'Object Repository/FDR-VoucherEntry/InvoiceLine/invoiceLineExpandButton' is present

2020-09-08 12:02:32 - [TEST_STEP][PASSED] - click(findTestObject("FDR-VoucherEntry/InvoiceLine/invoiceLineExpandButton")): Object: 'Object Repository/FDR-VoucherEntry/InvoiceLine/invoiceLineExpandButton' is clicked on

2020-09-08 12:02:32 - [MESSAGE][PASSED] - Object: 'Object Repository/FDR-VoucherEntry/InvoiceLine/invoiceLineExpandButton' is clicked on

2020-09-08 12:02:32 - [TEST_STEP][PASSED] - editors.editDistributionLineInfo(waiverType, waiverName, fundingSource, serviceCategory): Execute JavaScript 'arguments[0].value='';' successfully

2020-09-08 12:02:37 - [MESSAGE][INFO] - Unable to find the element located by 'By.xpath: //*[@data-id='button-link']//*[contains(text(),'Create New Voucher')]'. Please recheck the objects properties to make sure the desired element is located. 

2020-09-08 12:02:37 - [MESSAGE][WARNING] - Object 'Object Repository/FDR-Dashboard/createNewVoucherButton' is not present after 4 second(s)

2020-09-08 12:02:37 - [MESSAGE][PASSED] - Object: 'Object Repository/FDR-EditVoucher/DLHover' is hovered

2020-09-08 12:02:38 - [MESSAGE][PASSED] - Object 'Object Repository/FDR-EditVoucher/DLEditIcon' is present

2020-09-08 12:02:38 - [MESSAGE][PASSED] - Object: 'Object Repository/FDR-EditVoucher/DLEditIcon' is clicked on

2020-09-08 12:02:38 - [MESSAGE][PASSED] - Object 'Object Repository/FDR-EditVoucher/DLEditClick' is present

2020-09-08 12:02:39 - [MESSAGE][PASSED] - Object: 'Object Repository/FDR-EditVoucher/DLEditClick' is clicked on

2020-09-08 12:02:46 - [MESSAGE][INFO] - Unable to find the element located by 'By.xpath: //*[@data-id='button-link']//*[contains(text(),'Create New Voucher')]'. Please recheck the objects properties to make sure the desired element is located. 

2020-09-08 12:02:46 - [MESSAGE][WARNING] - Object 'Object Repository/FDR-Dashboard/createNewVoucherButton' is not present after 6 second(s)

2020-09-08 12:02:47 - [MESSAGE][PASSED] - Object: 'Object Repository/FDR-VoucherEntry/DistributionLine/waiverName' is clicked on

2020-09-08 12:02:47 - [MESSAGE][PASSED] - Keys 'CBAS' sent to object: 'Object Repository/FDR-VoucherEntry/DistributionLine/waiverName'

2020-09-08 12:02:48 - [MESSAGE][PASSED] - Keys 'DOWN + ENTER + ' sent to object: 'Object Repository/FDR-VoucherEntry/DistributionLine/waiverName'

2020-09-08 12:02:48 - [MESSAGE][PASSED] - Object 'Object Repository/FDR-VoucherEntry/DistributionLine/fundingSource' is present

2020-09-08 12:02:49 - [MESSAGE][PASSED] - Object: 'Object Repository/FDR-VoucherEntry/DistributionLine/fundingSource' is clicked on

2020-09-08 12:02:49 - [MESSAGE][PASSED] - Keys 'Dental' sent to object: 'Object Repository/FDR-VoucherEntry/DistributionLine/fundingSource'

2020-09-08 12:02:50 - [MESSAGE][PASSED] - Keys 'DOWN + ENTER + ' sent to object: 'Object Repository/FDR-VoucherEntry/DistributionLine/fundingSource'

2020-09-08 12:02:50 - [MESSAGE][PASSED] - Object 'Object Repository/FDR-VoucherEntry/DistributionLine/serviceCategory' is present

2020-09-08 12:02:51 - [MESSAGE][PASSED] - Object: 'Object Repository/FDR-VoucherEntry/DistributionLine/serviceCategory' is clicked on

2020-09-08 12:02:51 - [MESSAGE][PASSED] - Keys '18B1' sent to object: 'Object Repository/FDR-VoucherEntry/DistributionLine/serviceCategory'

2020-09-08 12:02:52 - [MESSAGE][PASSED] - Keys 'DOWN + ENTER + ' sent to object: 'Object Repository/FDR-VoucherEntry/DistributionLine/serviceCategory'

2020-09-08 12:02:52 - [MESSAGE][PASSED] - Object 'Object Repository/FDR-VoucherEntry/DistributionLine/amount' is present

2020-09-08 12:02:52 - [MESSAGE][PASSED] - Object: 'Object Repository/FDR-VoucherEntry/DistributionLine/amount' is clicked on

2020-09-08 12:02:53 - [MESSAGE][PASSED] - Execute JavaScript 'arguments[0].value='';' successfully

2020-09-08 12:02:53 - [TEST_STEP][PASSED] - takenWaiverType = getAttribute(findTestObject("FDR-EditVoucher/waiverTypeEditVal"), "value"): Attribute 'value' of object 'Object Repository/FDR-EditVoucher/waiverTypeEditVal' is: '1115'

2020-09-08 12:02:54 - [MESSAGE][PASSED] - Attribute 'value' of object 'Object Repository/FDR-EditVoucher/waiverTypeEditVal' is: '1115'

2020-09-08 12:02:54 - [TEST_STEP][PASSED] - takenFundingSource = getAttribute(findTestObject("FDR-EditVoucher/fundingSourceEditVal"), "value"): Attribute 'value' of object 'Object Repository/FDR-EditVoucher/fundingSourceEditVal' is: 'Family Planning Services'

2020-09-08 12:02:54 - [MESSAGE][PASSED] - Attribute 'value' of object 'Object Repository/FDR-EditVoucher/fundingSourceEditVal' is: 'Family Planning Services'

2020-09-08 12:02:54 - [TEST_STEP][PASSED] - takenAmount = getAttribute(findTestObject("FDR-EditVoucher/amountEditVal"), "value"): Attribute 'value' of object 'Object Repository/FDR-EditVoucher/amountEditVal' is: '$325'

2020-09-08 12:02:54 - [MESSAGE][PASSED] - Attribute 'value' of object 'Object Repository/FDR-EditVoucher/amountEditVal' is: '$325'

2020-09-08 12:02:54 - [TEST_STEP][PASSED] - waitForElementPresent(findTestObject("FDR-EditVoucher/dlCancelButton"), 3): Object 'Object Repository/FDR-EditVoucher/dlCancelButton' is present

2020-09-08 12:02:55 - [MESSAGE][PASSED] - Object 'Object Repository/FDR-EditVoucher/dlCancelButton' is present

2020-09-08 12:02:55 - [TEST_STEP][PASSED] - click(findTestObject("FDR-EditVoucher/dlCancelButton")): Object: 'Object Repository/FDR-EditVoucher/dlCancelButton' is clicked on

2020-09-08 12:02:55 - [MESSAGE][PASSED] - Object: 'Object Repository/FDR-EditVoucher/dlCancelButton' is clicked on

2020-09-08 12:02:55 - [TEST_STEP][PASSED] - waitForElementPresent(findTestObject("FDR-VoucherEntry/Voucher/voucherText"), 3): Object 'Object Repository/FDR-VoucherEntry/Voucher/voucherText' is not present after 3 second(s)

2020-09-08 12:02:59 - [MESSAGE][INFO] - Unable to find the element located by 'By.xpath: //*[text()='New Voucher']'. Please recheck the objects properties to make sure the desired element is located. 

2020-09-08 12:02:59 - [MESSAGE][WARNING] - Object 'Object Repository/FDR-VoucherEntry/Voucher/voucherText' is not present after 3 second(s)

2020-09-08 12:02:59 - [TEST_STEP][PASSED] - editors.editDistributionLineInfo(waiverType, waiverName, fundingSource, serviceCategory): Execute JavaScript 'arguments[0].value='';' successfully

2020-09-08 12:03:04 - [MESSAGE][INFO] - Unable to find the element located by 'By.xpath: //*[@data-id='button-link']//*[contains(text(),'Create New Voucher')]'. Please recheck the objects properties to make sure the desired element is located. 

2020-09-08 12:03:04 - [MESSAGE][WARNING] - Object 'Object Repository/FDR-Dashboard/createNewVoucherButton' is not present after 4 second(s)

2020-09-08 12:03:05 - [MESSAGE][PASSED] - Object: 'Object Repository/FDR-EditVoucher/DLHover' is hovered

2020-09-08 12:03:05 - [MESSAGE][PASSED] - Object 'Object Repository/FDR-EditVoucher/DLEditIcon' is present

2020-09-08 12:03:05 - [MESSAGE][PASSED] - Object: 'Object Repository/FDR-EditVoucher/DLEditIcon' is clicked on

2020-09-08 12:03:06 - [MESSAGE][PASSED] - Object 'Object Repository/FDR-EditVoucher/DLEditClick' is present

2020-09-08 12:03:07 - [MESSAGE][PASSED] - Object: 'Object Repository/FDR-EditVoucher/DLEditClick' is clicked on

2020-09-08 12:03:14 - [MESSAGE][INFO] - Unable to find the element located by 'By.xpath: //*[@data-id='button-link']//*[contains(text(),'Create New Voucher')]'. Please recheck the objects properties to make sure the desired element is located. 

2020-09-08 12:03:14 - [MESSAGE][WARNING] - Object 'Object Repository/FDR-Dashboard/createNewVoucherButton' is not present after 6 second(s)

2020-09-08 12:03:14 - [MESSAGE][PASSED] - Object: 'Object Repository/FDR-VoucherEntry/DistributionLine/waiverName' is clicked on

2020-09-08 12:03:14 - [MESSAGE][PASSED] - Keys 'CBAS' sent to object: 'Object Repository/FDR-VoucherEntry/DistributionLine/waiverName'

2020-09-08 12:03:15 - [MESSAGE][PASSED] - Keys 'DOWN + ENTER + ' sent to object: 'Object Repository/FDR-VoucherEntry/DistributionLine/waiverName'

2020-09-08 12:03:16 - [MESSAGE][PASSED] - Object 'Object Repository/FDR-VoucherEntry/DistributionLine/fundingSource' is present

2020-09-08 12:03:16 - [MESSAGE][PASSED] - Object: 'Object Repository/FDR-VoucherEntry/DistributionLine/fundingSource' is clicked on

2020-09-08 12:03:16 - [MESSAGE][PASSED] - Keys 'Dental' sent to object: 'Object Repository/FDR-VoucherEntry/DistributionLine/fundingSource'

2020-09-08 12:03:17 - [MESSAGE][PASSED] - Keys 'DOWN + ENTER + ' sent to object: 'Object Repository/FDR-VoucherEntry/DistributionLine/fundingSource'

2020-09-08 12:03:18 - [MESSAGE][PASSED] - Object 'Object Repository/FDR-VoucherEntry/DistributionLine/serviceCategory' is present

2020-09-08 12:03:18 - [MESSAGE][PASSED] - Object: 'Object Repository/FDR-VoucherEntry/DistributionLine/serviceCategory' is clicked on

2020-09-08 12:03:18 - [MESSAGE][PASSED] - Keys '18B1' sent to object: 'Object Repository/FDR-VoucherEntry/DistributionLine/serviceCategory'

2020-09-08 12:03:19 - [MESSAGE][PASSED] - Keys 'DOWN + ENTER + ' sent to object: 'Object Repository/FDR-VoucherEntry/DistributionLine/serviceCategory'

2020-09-08 12:03:19 - [MESSAGE][PASSED] - Object 'Object Repository/FDR-VoucherEntry/DistributionLine/amount' is present

2020-09-08 12:03:20 - [MESSAGE][PASSED] - Object: 'Object Repository/FDR-VoucherEntry/DistributionLine/amount' is clicked on

2020-09-08 12:03:20 - [MESSAGE][PASSED] - Execute JavaScript 'arguments[0].value='';' successfully

2020-09-08 12:03:21 - [TEST_STEP][PASSED] - takenWaiverType = getAttribute(findTestObject("FDR-EditVoucher/waiverTypeEditVal"), "value"): Attribute 'value' of object 'Object Repository/FDR-EditVoucher/waiverTypeEditVal' is: '1115'

2020-09-08 12:03:21 - [MESSAGE][PASSED] - Attribute 'value' of object 'Object Repository/FDR-EditVoucher/waiverTypeEditVal' is: '1115'

2020-09-08 12:03:21 - [TEST_STEP][PASSED] - waitForElementPresent(findTestObject("FDR-EditVoucher/fundingSourceEditVal"), 4): Object 'Object Repository/FDR-EditVoucher/fundingSourceEditVal' is present

2020-09-08 12:03:21 - [MESSAGE][PASSED] - Object 'Object Repository/FDR-EditVoucher/fundingSourceEditVal' is present

2020-09-08 12:03:21 - [TEST_STEP][PASSED] - takenFundingSource = getAttribute(findTestObject("FDR-EditVoucher/fundingSourceEditVal"), "value"): Attribute 'value' of object 'Object Repository/FDR-EditVoucher/fundingSourceEditVal' is: 'Family Planning Services'

2020-09-08 12:03:22 - [MESSAGE][PASSED] - Attribute 'value' of object 'Object Repository/FDR-EditVoucher/fundingSourceEditVal' is: 'Family Planning Services'

2020-09-08 12:03:22 - [TEST_STEP][PASSED] - waitForElementPresent(findTestObject("FDR-EditVoucher/amountVal"), 4): Object 'Object Repository/FDR-EditVoucher/amountVal' is not present after 4 second(s)

2020-09-08 12:03:27 - [MESSAGE][INFO] - Unable to find the element located by 'By.xpath: ((//*[contains(@targetid,'distributionLineActionMenu')])[1]/div/div)[7]/span'. Please recheck the objects properties to make sure the desired element is located. 

2020-09-08 12:03:27 - [MESSAGE][WARNING] - Object 'Object Repository/FDR-EditVoucher/amountVal' is not present after 4 second(s)

2020-09-08 12:03:27 - [TEST_STEP][PASSED] - takenAmount = getAttribute(findTestObject("FDR-EditVoucher/amountEditVal"), "value"): Attribute 'value' of object 'Object Repository/FDR-EditVoucher/amountEditVal' is: '$325'

2020-09-08 12:03:27 - [MESSAGE][PASSED] - Attribute 'value' of object 'Object Repository/FDR-EditVoucher/amountEditVal' is: '$325'

2020-09-08 12:03:27 - [TEST_STEP][PASSED] - waitForElementPresent(findTestObject("FDR-EditVoucher/dlSaveButton"), 4): Object 'Object Repository/FDR-EditVoucher/dlSaveButton' is present

2020-09-08 12:03:27 - [MESSAGE][PASSED] - Object 'Object Repository/FDR-EditVoucher/dlSaveButton' is present

2020-09-08 12:03:27 - [TEST_STEP][PASSED] - click(findTestObject("FDR-EditVoucher/dlSaveButton")): Object: 'Object Repository/FDR-EditVoucher/dlSaveButton' is clicked on

2020-09-08 12:03:28 - [MESSAGE][PASSED] - Object: 'Object Repository/FDR-EditVoucher/dlSaveButton' is clicked on

2020-09-08 12:03:28 - [TEST_STEP][PASSED] - waitForElementPresent(findTestObject("FDR-VoucherEntry/VoucherHeader/reviewButton"), 4): Object 'Object Repository/FDR-VoucherEntry/VoucherHeader/reviewButton' is present

2020-09-08 12:03:28 - [MESSAGE][PASSED] - Object 'Object Repository/FDR-VoucherEntry/VoucherHeader/reviewButton' is present

2020-09-08 12:03:28 - [TEST_STEP][PASSED] - Start tear down : tearDownTestCase: Method 'tearDownTestCase' complete successfully

2020-09-08 12:03:28 - [MESSAGE][PASSED] - Method 'tearDownTestCase' complete successfully

2020-09-08 12:03:28 - [TEST_STEP][PASSED] - Start listener action : sampleAfterTestCase: null

2020-09-08 12:03:28 - [TEST_STEP][PASSED] - profileName = getExecutionProfile(): null

2020-09-08 12:03:28 - [TEST_STEP][PASSED] - switch (profileName): null

2020-09-08 12:03:28 - [TEST_STEP][PASSED] - case "superUser":: null

2020-09-08 12:03:28 - [TEST_STEP][PASSED] - return null: null

2020-09-08 12:03:28 - [TEST_STEP][PASSED] - Start listener action : afterTestCase: null

2020-09-08 12:03:28 - [TEST_STEP][PASSED] - profileName = getExecutionProfile(): null

2020-09-08 12:03:28 - [TEST_STEP][PASSED] - if (profileName.equalsIgnoreCase("SysAdmin")): null

2020-09-08 12:03:28 - [TEST_STEP][PASSED] - Start listener action : sampleAfterTestCase: null

2020-09-08 12:03:28 - [TEST_STEP][PASSED] - profileName = getExecutionProfile(): null

2020-09-08 12:03:28 - [TEST_STEP][PASSED] - switch (profileName): null

2020-09-08 12:03:28 - [TEST_STEP][PASSED] - case "Voucher":: null

2020-09-08 12:03:28 - [TEST_STEP][PASSED] - Uifunctions.logoutFDR(): Browser is closed

2020-09-08 12:03:29 - [MESSAGE][PASSED] - Browser is closed

2020-09-08 12:03:29 - [TEST_STEP][PASSED] - break: null

2020-09-08 12:03:29 - [TEST_STEP][PASSED] - Start listener action : addFailedTCToList: null]]></system-out>
         <system-err><![CDATA[]]></system-err>
      </testcase>
      <testcase name="Test Cases/WEB-UI-TESTS/Voucher/FDR-Create-Complex-Voucher" time="188.425" classname="Test Cases/WEB-UI-TESTS/Voucher/FDR-Create-Complex-Voucher" status="PASSED">
         <system-out><![CDATA[2020-09-08 12:03:29 - [TEST_CASE][PASSED] - Test Cases/WEB-UI-TESTS/Voucher/FDR-Create-Complex-Voucher: Test Cases/WEB-UI-TESTS/Voucher/FDR-Create-Complex-Voucher

2020-09-08 12:03:29 - [TEST_STEP][PASSED] - Start listener action : sampleBeforeTestCase: null

2020-09-08 12:03:29 - [TEST_STEP][PASSED] - profileName = getExecutionProfile(): null

2020-09-08 12:03:29 - [TEST_STEP][PASSED] - switch (profileName): null

2020-09-08 12:03:29 - [TEST_STEP][PASSED] - case "superUser":: null

2020-09-08 12:03:29 - [TEST_STEP][PASSED] - return null: null

2020-09-08 12:03:29 - [TEST_STEP][PASSED] - Start listener action : beforeTestCase: null

2020-09-08 12:03:29 - [TEST_STEP][PASSED] - profileName = getExecutionProfile(): null

2020-09-08 12:03:29 - [TEST_STEP][PASSED] - if (profileName.equalsIgnoreCase("SysAdmin")): null

2020-09-08 12:03:29 - [TEST_STEP][PASSED] - Start listener action : sampleBeforeTestCase: Navigate to 'https://fdr-katalon.cammis-mod-dev.dhcs.ca.gov' successfully

2020-09-08 12:03:29 - [TEST_STEP][PASSED] - profileName = getExecutionProfile(): null

2020-09-08 12:03:29 - [TEST_STEP][PASSED] - testCaseId = testCaseContext.getTestCaseId(): null

2020-09-08 12:03:29 - [TEST_STEP][PASSED] - switch (profileName): null

2020-09-08 12:03:29 - [TEST_STEP][PASSED] - case "Voucher":: null

2020-09-08 12:03:29 - [TEST_STEP][PASSED] - Uifunctions.loginFDR(accountsApproverAcc2, accountsApproverAcc2Pwd): Object: 'Object Repository/FDR-SignIn/SignInButton' is clicked on

2020-09-08 12:03:29 - [MESSAGE][INFO] - Starting 'Chrome' driver

2020-09-08 12:03:29 - [MESSAGE][INFO] - Action delay is set to 0 milliseconds

2020-09-08 12:03:32 - [MESSAGE][PASSED] - Browser is opened with url: ''

2020-09-08 12:03:34 - [MESSAGE][PASSED] - Current window maximized

2020-09-08 12:03:38 - [MESSAGE][PASSED] - Navigate to 'https://fdr-katalon.cammis-mod-dev.dhcs.ca.gov' successfully

2020-09-08 12:03:39 - [MESSAGE][PASSED] - Object 'Object Repository/FDR-SignIn/SignInEmail' is present

2020-09-08 12:03:40 - [MESSAGE][PASSED] - Object: 'Object Repository/FDR-SignIn/SignInEmail' is clicked on

2020-09-08 12:03:40 - [MESSAGE][PASSED] - Object 'Object Repository/FDR-SignIn/SignInEmail' is present

2020-09-08 12:03:41 - [MESSAGE][PASSED] - Text 'fdr.test2@dhcs.ca.gov' is set on object 'Object Repository/FDR-SignIn/SignInEmail'

2020-09-08 12:03:41 - [MESSAGE][PASSED] - Object 'Object Repository/FDR-SignIn/SignInEmailNext' is visible

2020-09-08 12:03:41 - [MESSAGE][PASSED] - Object: 'Object Repository/FDR-SignIn/SignInEmailNext' is clicked on

2020-09-08 12:03:44 - [MESSAGE][PASSED] - Object 'Object Repository/FDR-SignIn/SignInEmailPassword' is visible

2020-09-08 12:03:45 - [MESSAGE][PASSED] - Object: 'Object Repository/FDR-SignIn/SignInEmailPassword' is clicked on

2020-09-08 12:03:45 - [MESSAGE][PASSED] - Text ****** has been set on object 'Object Repository/FDR-SignIn/SignInEmailPassword'

2020-09-08 12:03:47 - [MESSAGE][PASSED] - Object: 'Object Repository/FDR-SignIn/SignInButton' is clicked on

2020-09-08 12:03:47 - [TEST_STEP][PASSED] - break: null

2020-09-08 12:03:47 - [TEST_STEP][PASSED] - navigateToUrl(URL): Navigate to 'https://fdr-katalon.cammis-mod-dev.dhcs.ca.gov' successfully

2020-09-08 12:03:47 - [MESSAGE][PASSED] - Navigate to 'https://fdr-katalon.cammis-mod-dev.dhcs.ca.gov' successfully

2020-09-08 12:03:47 - [TEST_STEP][PASSED] - Start listener action : executeRows: null

2020-09-08 12:03:47 - [TEST_STEP][PASSED] - Start setup action : setupTestCase: Method 'setupTestCase' complete successfully

2020-09-08 12:03:47 - [MESSAGE][PASSED] - Method 'setupTestCase' complete successfully

2020-09-08 12:03:47 - [TEST_STEP][PASSED] - voucherHeaderData = ["drawDate":drawDate, "payDate":payDate, "programType":programType, "invoiceType":invoiceType, "fundCode":fundCode, "supplier":supplier, ... ]: null

2020-09-08 12:03:47 - [TEST_STEP][PASSED] - Uifunctions.createVoucherHeader(voucherHeaderData): Object 'Object Repository/FDR-VoucherEntry/VoucherHeader/reviewButton' is present

2020-09-08 12:03:49 - [MESSAGE][PASSED] - Object 'Object Repository/FDR-Dashboard/createNewVoucherButton' is present

2020-09-08 12:03:50 - [MESSAGE][PASSED] - Object: 'Object Repository/FDR-Dashboard/createNewVoucherButton' is clicked on

2020-09-08 12:03:54 - [MESSAGE][INFO] - Unable to find the element located by 'By.xpath: //*[@data-id='action-button']//*[contains(text(),'Review')]'. Please recheck the objects properties to make sure the desired element is located. 

2020-09-08 12:03:54 - [MESSAGE][WARNING] - Object 'Object Repository/FDR-VoucherEntry/VoucherHeader/reviewButton' is not present after 3 second(s)

2020-09-08 12:03:54 - [MESSAGE][PASSED] - Object: 'Object Repository/FDR-VoucherEntry/Voucher/drawDate' is clicked on

2020-09-08 12:03:56 - [MESSAGE][INFO] - Unable to find the element located by 'By.xpath: //*[@data-id='button-link']//*[contains(text(),'Create New Voucher')]'. Please recheck the objects properties to make sure the desired element is located. 

2020-09-08 12:03:56 - [MESSAGE][WARNING] - Object 'Object Repository/FDR-Dashboard/createNewVoucherButton' is not present after 1 second(s)

2020-09-08 12:03:57 - [MESSAGE][PASSED] - Text '09/23/2020' is set on object 'Object Repository/FDR-VoucherEntry/Voucher/drawDate'

2020-09-08 12:04:02 - [MESSAGE][INFO] - Unable to find the element located by 'By.xpath: //*[@data-id='button-link']//*[contains(text(),'Create New Voucher')]'. Please recheck the objects properties to make sure the desired element is located. 

2020-09-08 12:04:02 - [MESSAGE][WARNING] - Object 'Object Repository/FDR-Dashboard/createNewVoucherButton' is not present after 3 second(s)

2020-09-08 12:04:02 - [MESSAGE][PASSED] - Object: 'Object Repository/FDR-VoucherEntry/Voucher/programType' is clicked on

2020-09-08 12:04:05 - [MESSAGE][INFO] - Unable to find the element located by 'By.xpath: //*[@data-id='button-link']//*[contains(text(),'Create New Voucher')]'. Please recheck the objects properties to make sure the desired element is located. 

2020-09-08 12:04:05 - [MESSAGE][WARNING] - Object 'Object Repository/FDR-Dashboard/createNewVoucherButton' is not present after 2 second(s)

2020-09-08 12:04:05 - [MESSAGE][PASSED] - Keys 'Medical Assistance (MA)' sent to object: 'Object Repository/FDR-VoucherEntry/Voucher/programType'

2020-09-08 12:04:06 - [MESSAGE][PASSED] - Object 'Object Repository/FDR-VoucherEntry/Voucher/programType' is present

2020-09-08 12:04:06 - [MESSAGE][PASSED] - Keys 'DOWN + ENTER + ' sent to object: 'Object Repository/FDR-VoucherEntry/Voucher/programType'

2020-09-08 12:04:07 - [MESSAGE][PASSED] - Object: 'Object Repository/FDR-VoucherEntry/Voucher/invoiceType' is clicked on

2020-09-08 12:04:07 - [MESSAGE][PASSED] - Object 'Object Repository/FDR-VoucherEntry/Voucher/invoiceType' is present

2020-09-08 12:04:07 - [MESSAGE][PASSED] - Keys 'CAP' sent to object: 'Object Repository/FDR-VoucherEntry/Voucher/invoiceType'

2020-09-08 12:04:08 - [MESSAGE][PASSED] - Keys 'DOWN + ENTER + ' sent to object: 'Object Repository/FDR-VoucherEntry/Voucher/invoiceType'

2020-09-08 12:04:09 - [MESSAGE][PASSED] - Object: 'Object Repository/FDR-VoucherEntry/Voucher/fundCode' is clicked on

2020-09-08 12:04:09 - [MESSAGE][PASSED] - Keys 'Health Care Deposit Fund (0912)' sent to object: 'Object Repository/FDR-VoucherEntry/Voucher/fundCode'

2020-09-08 12:04:09 - [MESSAGE][PASSED] - Object 'Object Repository/FDR-VoucherEntry/Voucher/fundCode' is present

2020-09-08 12:04:10 - [MESSAGE][PASSED] - Keys 'DOWN + ENTER + ' sent to object: 'Object Repository/FDR-VoucherEntry/Voucher/fundCode'

2020-09-08 12:04:10 - [MESSAGE][PASSED] - Object: 'Object Repository/FDR-VoucherEntry/Voucher/supplierID' is clicked on

2020-09-08 12:04:11 - [MESSAGE][PASSED] - Keys '0000007954' sent to object: 'Object Repository/FDR-VoucherEntry/Voucher/supplierID'

2020-09-08 12:04:11 - [MESSAGE][PASSED] - Object 'Object Repository/FDR-VoucherEntry/Voucher/supplierID' is present

2020-09-08 12:04:12 - [MESSAGE][PASSED] - Keys 'DOWN + ENTER + ' sent to object: 'Object Repository/FDR-VoucherEntry/Voucher/supplierID'

2020-09-08 12:04:12 - [MESSAGE][PASSED] - Object: 'Object Repository/FDR-VoucherEntry/Voucher/seqNum' is clicked on

2020-09-08 12:04:13 - [MESSAGE][PASSED] - Object 'Object Repository/FDR-VoucherEntry/Voucher/seqNum' is present

2020-09-08 12:04:13 - [MESSAGE][PASSED] - Keys 'DOWN + ENTER + ' sent to object: 'Object Repository/FDR-VoucherEntry/Voucher/seqNum'

2020-09-08 12:04:14 - [MESSAGE][PASSED] - Object: 'Object Repository/FDR-VoucherEntry/Voucher/contractNum' is clicked on

2020-09-08 12:04:14 - [MESSAGE][PASSED] - Keys '07-65707' sent to object: 'Object Repository/FDR-VoucherEntry/Voucher/contractNum'

2020-09-08 12:04:14 - [MESSAGE][PASSED] - Object 'Object Repository/FDR-VoucherEntry/Voucher/contractNum' is present

2020-09-08 12:04:15 - [MESSAGE][PASSED] - Keys 'DOWN + ENTER + ' sent to object: 'Object Repository/FDR-VoucherEntry/Voucher/contractNum'

2020-09-08 12:04:17 - [MESSAGE][PASSED] - Text 'This message will print on the Remittance Advice' is set on object 'Object Repository/FDR-VoucherEntry/Voucher/vendorMessage'

2020-09-08 12:04:17 - [MESSAGE][PASSED] - Object: 'Object Repository/FDR-VoucherEntry/Voucher/primaryContact' is clicked on

2020-09-08 12:04:18 - [MESSAGE][PASSED] - Keys 'Aung Lin' sent to object: 'Object Repository/FDR-VoucherEntry/Voucher/primaryContact'

2020-09-08 12:04:18 - [MESSAGE][PASSED] - Object 'Object Repository/FDR-VoucherEntry/Voucher/primaryContact' is present

2020-09-08 12:04:19 - [MESSAGE][PASSED] - Keys 'DOWN + ENTER + ' sent to object: 'Object Repository/FDR-VoucherEntry/Voucher/primaryContact'

2020-09-08 12:04:19 - [MESSAGE][PASSED] - Object: 'Object Repository/FDR-VoucherEntry/Voucher/secondaryContact' is clicked on

2020-09-08 12:04:20 - [MESSAGE][PASSED] - Keys 'Vivian Ly' sent to object: 'Object Repository/FDR-VoucherEntry/Voucher/secondaryContact'

2020-09-08 12:04:20 - [MESSAGE][PASSED] - Object 'Object Repository/FDR-VoucherEntry/Voucher/secondaryContact' is present

2020-09-08 12:04:20 - [MESSAGE][PASSED] - Object 'Object Repository/FDR-VoucherEntry/Voucher/secondaryContact' is present

2020-09-08 12:04:21 - [MESSAGE][PASSED] - Keys 'DOWN + ENTER + ' sent to object: 'Object Repository/FDR-VoucherEntry/Voucher/secondaryContact'

2020-09-08 12:04:21 - [MESSAGE][PASSED] - Object: 'Object Repository/FDR-VoucherEntry/Voucher/buttonNext' is clicked on

2020-09-08 12:04:24 - [MESSAGE][PASSED] - Delayed 3 second(s)

2020-09-08 12:04:25 - [MESSAGE][PASSED] - Object 'Object Repository/FDR-VoucherEntry/VoucherHeader/reviewButton' is present

2020-09-08 12:04:25 - [TEST_STEP][PASSED] - waitForElementPresent(findTestObject("FDR-VoucherEntry/VoucherHeader/reviewButton"), 5): Object 'Object Repository/FDR-VoucherEntry/VoucherHeader/reviewButton' is present

2020-09-08 12:04:25 - [MESSAGE][PASSED] - Object 'Object Repository/FDR-VoucherEntry/VoucherHeader/reviewButton' is present

2020-09-08 12:04:25 - [TEST_STEP][PASSED] - Uifunctions.createInvoiceLine(2): Object 'Object Repository/FDR-VoucherEntry/VoucherHeader/reviewButton' is present

2020-09-08 12:04:25 - [MESSAGE][PASSED] - Object 'Object Repository/FDR-VoucherEntry/VoucherHeader/reviewButton' is present

2020-09-08 12:04:28 - [MESSAGE][INFO] - Unable to find the element located by 'By.xpath: //*[contains(text(),'Add voucher')]//parent::button'. Please recheck the objects properties to make sure the desired element is located. 

2020-09-08 12:04:28 - [MESSAGE][WARNING] - Object 'Object Repository/FDR-VoucherEntry/InvoiceLine/addVoucherButton' is not present after 2 second(s)

2020-09-08 12:04:29 - [MESSAGE][PASSED] - Object 'Object Repository/FDR-VoucherEntry/InvoiceLine/invoice' is clickable

2020-09-08 12:04:29 - [MESSAGE][PASSED] - Object: 'Object Repository/FDR-VoucherEntry/InvoiceLine/invoice' is clicked on

2020-09-08 12:04:29 - [MESSAGE][PASSED] - Text '4270' is set on object 'Object Repository/FDR-VoucherEntry/InvoiceLine/invoice'

2020-09-08 12:04:30 - [MESSAGE][PASSED] - Object: 'Object Repository/FDR-VoucherEntry/InvoiceLine/invoiceDate' is clicked on

2020-09-08 12:04:30 - [MESSAGE][PASSED] - Object 'Object Repository/FDR-VoucherEntry/InvoiceLine/invoiceDate' is present

2020-09-08 12:04:31 - [MESSAGE][PASSED] - Text '09/08/2020' is set on object 'Object Repository/FDR-VoucherEntry/InvoiceLine/invoiceDate'

2020-09-08 12:04:32 - [MESSAGE][PASSED] - Object: 'Object Repository/FDR-VoucherEntry/InvoiceLine/originalWarrantDate' is clicked on

2020-09-08 12:04:32 - [MESSAGE][PASSED] - Text '09/09/2020' is set on object 'Object Repository/FDR-VoucherEntry/InvoiceLine/originalWarrantDate'

2020-09-08 12:04:33 - [MESSAGE][PASSED] - Object 'Object Repository/FDR-VoucherEntry/InvoiceLine/addInvoiceLineButton' is present

2020-09-08 12:04:33 - [MESSAGE][PASSED] - Object: 'Object Repository/FDR-VoucherEntry/InvoiceLine/addInvoiceLineButton' is clicked on

2020-09-08 12:04:34 - [MESSAGE][PASSED] - Object 'Object Repository/FDR-VoucherEntry/VoucherHeader/reviewButton' is present

2020-09-08 12:04:37 - [MESSAGE][INFO] - Unable to find the element located by 'By.xpath: //*[contains(text(),'Add voucher')]//parent::button'. Please recheck the objects properties to make sure the desired element is located. 

2020-09-08 12:04:37 - [MESSAGE][WARNING] - Object 'Object Repository/FDR-VoucherEntry/InvoiceLine/addVoucherButton' is not present after 2 second(s)

2020-09-08 12:04:37 - [MESSAGE][PASSED] - Object 'Object Repository/FDR-VoucherEntry/InvoiceLine/invoice' is clickable

2020-09-08 12:04:37 - [MESSAGE][PASSED] - Object: 'Object Repository/FDR-VoucherEntry/InvoiceLine/invoice' is clicked on

2020-09-08 12:04:38 - [MESSAGE][PASSED] - Text '5641' is set on object 'Object Repository/FDR-VoucherEntry/InvoiceLine/invoice'

2020-09-08 12:04:39 - [MESSAGE][PASSED] - Object: 'Object Repository/FDR-VoucherEntry/InvoiceLine/invoiceDate' is clicked on

2020-09-08 12:04:39 - [MESSAGE][PASSED] - Object 'Object Repository/FDR-VoucherEntry/InvoiceLine/invoiceDate' is present

2020-09-08 12:04:40 - [MESSAGE][PASSED] - Text '09/09/2020' is set on object 'Object Repository/FDR-VoucherEntry/InvoiceLine/invoiceDate'

2020-09-08 12:04:40 - [MESSAGE][PASSED] - Object: 'Object Repository/FDR-VoucherEntry/InvoiceLine/originalWarrantDate' is clicked on

2020-09-08 12:04:41 - [MESSAGE][PASSED] - Text '09/10/2020' is set on object 'Object Repository/FDR-VoucherEntry/InvoiceLine/originalWarrantDate'

2020-09-08 12:04:41 - [MESSAGE][PASSED] - Object 'Object Repository/FDR-VoucherEntry/InvoiceLine/addInvoiceLineButton' is present

2020-09-08 12:04:42 - [MESSAGE][PASSED] - Object: 'Object Repository/FDR-VoucherEntry/InvoiceLine/addInvoiceLineButtonIndex2' is clicked on

2020-09-08 12:04:42 - [MESSAGE][PASSED] - Object 'Object Repository/FDR-VoucherEntry/VoucherHeader/reviewButton' is present

2020-09-08 12:04:42 - [TEST_STEP][PASSED] - waitForElementClickable(findTestObject("FDR-VoucherEntry/InvoiceLine/invoiceLineExpandButton"), 5): Object 'Object Repository/FDR-VoucherEntry/InvoiceLine/invoiceLineExpandButton' is clickable

2020-09-08 12:04:42 - [MESSAGE][PASSED] - Object 'Object Repository/FDR-VoucherEntry/InvoiceLine/invoiceLineExpandButton' is clickable

2020-09-08 12:04:42 - [TEST_STEP][PASSED] - click(findTestObject("FDR-VoucherEntry/InvoiceLine/invoiceLineExpandButton")): Object: 'Object Repository/FDR-VoucherEntry/InvoiceLine/invoiceLineExpandButton' is clicked on

2020-09-08 12:04:43 - [MESSAGE][PASSED] - Object: 'Object Repository/FDR-VoucherEntry/InvoiceLine/invoiceLineExpandButton' is clicked on

2020-09-08 12:04:43 - [TEST_STEP][PASSED] - waitForElementClickable(findTestObject("FDR-VoucherEntry/InvoiceLine/invoiceAddlineButton"), 5): Object 'Object Repository/FDR-VoucherEntry/InvoiceLine/invoiceAddlineButton' is clickable

2020-09-08 12:04:44 - [MESSAGE][PASSED] - Object 'Object Repository/FDR-VoucherEntry/InvoiceLine/invoiceAddlineButton' is clickable

2020-09-08 12:04:44 - [TEST_STEP][PASSED] - click(findTestObject("FDR-VoucherEntry/InvoiceLine/invoiceAddlineButton")): Object: 'Object Repository/FDR-VoucherEntry/InvoiceLine/invoiceAddlineButton' is clicked on

2020-09-08 12:04:44 - [MESSAGE][PASSED] - Object: 'Object Repository/FDR-VoucherEntry/InvoiceLine/invoiceAddlineButton' is clicked on

2020-09-08 12:04:44 - [TEST_STEP][PASSED] - Uifunctions.createDistributionLines(2, "Voucher/FDR-DL"): Object: 'Object Repository/FDR-VoucherEntry/DistributionLine/addSaveButton' is clicked on

2020-09-08 12:04:48 - [MESSAGE][INFO] - Unable to find the element located by 'By.xpath: //*[@data-id='button-link']//*[contains(text(),'Create New Voucher')]'. Please recheck the objects properties to make sure the desired element is located. 

2020-09-08 12:04:48 - [MESSAGE][WARNING] - Object 'Object Repository/FDR-Dashboard/createNewVoucherButton' is not present after 3 second(s)

2020-09-08 12:04:51 - [MESSAGE][INFO] - Unable to find the element located by 'By.xpath: //*[@data-id='button-link']//*[contains(text(),'Create New Voucher')]'. Please recheck the objects properties to make sure the desired element is located. 

2020-09-08 12:04:51 - [MESSAGE][WARNING] - Object 'Object Repository/FDR-Dashboard/createNewVoucherButton' is not present after 2 second(s)

2020-09-08 12:04:52 - [MESSAGE][PASSED] - Object 'Object Repository/FDR-VoucherEntry/DistributionLine/serviceDateFrom' is clickable

2020-09-08 12:04:52 - [MESSAGE][PASSED] - Object: 'Object Repository/FDR-VoucherEntry/DistributionLine/serviceDateFrom' is clicked on

2020-09-08 12:04:52 - [MESSAGE][PASSED] - Object 'Object Repository/FDR-VoucherEntry/DistributionLine/serviceDateFrom' is present

2020-09-08 12:04:53 - [MESSAGE][PASSED] - Text '08/04/2020' is set on object 'Object Repository/FDR-VoucherEntry/DistributionLine/serviceDateFrom'

2020-09-08 12:04:54 - [MESSAGE][PASSED] - Object: 'Object Repository/FDR-VoucherEntry/DistributionLine/serviceDateTo' is clicked on

2020-09-08 12:04:54 - [MESSAGE][PASSED] - Object 'Object Repository/FDR-VoucherEntry/DistributionLine/serviceDateTo' is present

2020-09-08 12:04:55 - [MESSAGE][PASSED] - Text '08/05/2020' is set on object 'Object Repository/FDR-VoucherEntry/DistributionLine/serviceDateTo'

2020-09-08 12:04:58 - [MESSAGE][INFO] - Unable to find the element located by 'By.xpath: //*[@data-id='button-link']//*[contains(text(),'Create New Voucher')]'. Please recheck the objects properties to make sure the desired element is located. 

2020-09-08 12:04:58 - [MESSAGE][WARNING] - Object 'Object Repository/FDR-Dashboard/createNewVoucherButton' is not present after 2 second(s)

2020-09-08 12:04:58 - [MESSAGE][PASSED] - Object: 'Object Repository/FDR-VoucherEntry/DistributionLine/amount' is clicked on

2020-09-08 12:04:58 - [MESSAGE][PASSED] - Execute JavaScript 'arguments[0].value='';' successfully

2020-09-08 12:04:59 - [MESSAGE][PASSED] - Keys '100' sent to object: 'Object Repository/FDR-VoucherEntry/DistributionLine/amount'

2020-09-08 12:05:01 - [MESSAGE][INFO] - Unable to find the element located by 'By.xpath: //*[@data-id='button-link']//*[contains(text(),'Create New Voucher')]'. Please recheck the objects properties to make sure the desired element is located. 

2020-09-08 12:05:01 - [MESSAGE][WARNING] - Object 'Object Repository/FDR-Dashboard/createNewVoucherButton' is not present after 1 second(s)

2020-09-08 12:05:01 - [MESSAGE][PASSED] - Object: 'Object Repository/FDR-VoucherEntry/DistributionLine/waiverType' is clicked on

2020-09-08 12:05:04 - [MESSAGE][INFO] - Unable to find the element located by 'By.xpath: //*[@data-id='button-link']//*[contains(text(),'Create New Voucher')]'. Please recheck the objects properties to make sure the desired element is located. 

2020-09-08 12:05:04 - [MESSAGE][WARNING] - Object 'Object Repository/FDR-Dashboard/createNewVoucherButton' is not present after 1 second(s)

2020-09-08 12:05:04 - [MESSAGE][PASSED] - Keys '1115' sent to object: 'Object Repository/FDR-VoucherEntry/DistributionLine/waiverType'

2020-09-08 12:05:07 - [MESSAGE][INFO] - Unable to find the element located by 'By.xpath: //*[@data-id='button-link']//*[contains(text(),'Create New Voucher')]'. Please recheck the objects properties to make sure the desired element is located. 

2020-09-08 12:05:07 - [MESSAGE][WARNING] - Object 'Object Repository/FDR-Dashboard/createNewVoucherButton' is not present after 2 second(s)

2020-09-08 12:05:07 - [MESSAGE][PASSED] - Keys 'DOWN + ENTER + ' sent to object: 'Object Repository/FDR-VoucherEntry/DistributionLine/waiverType'

2020-09-08 12:05:08 - [MESSAGE][PASSED] - Object: 'Object Repository/FDR-VoucherEntry/DistributionLine/waiverName' is clicked on

2020-09-08 12:05:08 - [MESSAGE][PASSED] - Keys 'CBAS' sent to object: 'Object Repository/FDR-VoucherEntry/DistributionLine/waiverName'

2020-09-08 12:05:12 - [MESSAGE][INFO] - Unable to find the element located by 'By.xpath: //*[@data-id='button-link']//*[contains(text(),'Create New Voucher')]'. Please recheck the objects properties to make sure the desired element is located. 

2020-09-08 12:05:12 - [MESSAGE][WARNING] - Object 'Object Repository/FDR-Dashboard/createNewVoucherButton' is not present after 2 second(s)

2020-09-08 12:05:12 - [MESSAGE][PASSED] - Keys 'DOWN + ENTER + ' sent to object: 'Object Repository/FDR-VoucherEntry/DistributionLine/waiverName'

2020-09-08 12:05:12 - [MESSAGE][PASSED] - Object: 'Object Repository/FDR-VoucherEntry/DistributionLine/fundingSource' is clicked on

2020-09-08 12:05:13 - [MESSAGE][PASSED] - Keys 'Dental' sent to object: 'Object Repository/FDR-VoucherEntry/DistributionLine/fundingSource'

2020-09-08 12:05:16 - [MESSAGE][INFO] - Unable to find the element located by 'By.xpath: //*[@data-id='button-link']//*[contains(text(),'Create New Voucher')]'. Please recheck the objects properties to make sure the desired element is located. 

2020-09-08 12:05:16 - [MESSAGE][WARNING] - Object 'Object Repository/FDR-Dashboard/createNewVoucherButton' is not present after 2 second(s)

2020-09-08 12:05:17 - [MESSAGE][PASSED] - Keys 'DOWN + ENTER + ' sent to object: 'Object Repository/FDR-VoucherEntry/DistributionLine/fundingSource'

2020-09-08 12:05:17 - [MESSAGE][PASSED] - Object: 'Object Repository/FDR-VoucherEntry/DistributionLine/fundRatio' is clicked on

2020-09-08 12:05:18 - [MESSAGE][PASSED] - Keys '90/10' sent to object: 'Object Repository/FDR-VoucherEntry/DistributionLine/fundRatio'

2020-09-08 12:05:21 - [MESSAGE][INFO] - Unable to find the element located by 'By.xpath: //*[@data-id='button-link']//*[contains(text(),'Create New Voucher')]'. Please recheck the objects properties to make sure the desired element is located. 

2020-09-08 12:05:21 - [MESSAGE][WARNING] - Object 'Object Repository/FDR-Dashboard/createNewVoucherButton' is not present after 2 second(s)

2020-09-08 12:05:21 - [MESSAGE][PASSED] - Keys 'DOWN + ENTER + ' sent to object: 'Object Repository/FDR-VoucherEntry/DistributionLine/fundRatio'

2020-09-08 12:05:22 - [MESSAGE][PASSED] - Object: 'Object Repository/FDR-VoucherEntry/DistributionLine/nonFederalFund' is clicked on

2020-09-08 12:05:22 - [MESSAGE][PASSED] - Keys '0001' sent to object: 'Object Repository/FDR-VoucherEntry/DistributionLine/nonFederalFund'

2020-09-08 12:05:25 - [MESSAGE][INFO] - Unable to find the element located by 'By.xpath: //*[@data-id='button-link']//*[contains(text(),'Create New Voucher')]'. Please recheck the objects properties to make sure the desired element is located. 

2020-09-08 12:05:25 - [MESSAGE][WARNING] - Object 'Object Repository/FDR-Dashboard/createNewVoucherButton' is not present after 2 second(s)

2020-09-08 12:05:26 - [MESSAGE][PASSED] - Keys 'DOWN + ENTER + ' sent to object: 'Object Repository/FDR-VoucherEntry/DistributionLine/nonFederalFund'

2020-09-08 12:05:26 - [MESSAGE][PASSED] - Object: 'Object Repository/FDR-VoucherEntry/DistributionLine/account' is clicked on

2020-09-08 12:05:27 - [MESSAGE][PASSED] - Keys '5442000' sent to object: 'Object Repository/FDR-VoucherEntry/DistributionLine/account'

2020-09-08 12:05:27 - [MESSAGE][PASSED] - Keys 'DOWN + ENTER + ' sent to object: 'Object Repository/FDR-VoucherEntry/DistributionLine/account'

2020-09-08 12:05:28 - [MESSAGE][PASSED] - Object: 'Object Repository/FDR-VoucherEntry/DistributionLine/altAccount' is clicked on

2020-09-08 12:05:28 - [MESSAGE][PASSED] - Keys '5442000' sent to object: 'Object Repository/FDR-VoucherEntry/DistributionLine/altAccount'

2020-09-08 12:05:29 - [MESSAGE][PASSED] - Object 'Object Repository/FDR-VoucherEntry/DistributionLine/altAccount' is present

2020-09-08 12:05:29 - [MESSAGE][PASSED] - Keys 'DOWN + ENTER + ' sent to object: 'Object Repository/FDR-VoucherEntry/DistributionLine/altAccount'

2020-09-08 12:05:30 - [MESSAGE][PASSED] - Object: 'Object Repository/FDR-VoucherEntry/DistributionLine/serviceCategory' is clicked on

2020-09-08 12:05:33 - [MESSAGE][INFO] - Unable to find the element located by 'By.xpath: //*[@data-id='button-link']//*[contains(text(),'Create New Voucher')]'. Please recheck the objects properties to make sure the desired element is located. 

2020-09-08 12:05:33 - [MESSAGE][WARNING] - Object 'Object Repository/FDR-Dashboard/createNewVoucherButton' is not present after 2 second(s)

2020-09-08 12:05:33 - [MESSAGE][PASSED] - Keys '18B1' sent to object: 'Object Repository/FDR-VoucherEntry/DistributionLine/serviceCategory'

2020-09-08 12:05:34 - [MESSAGE][PASSED] - Keys 'DOWN + ENTER + ' sent to object: 'Object Repository/FDR-VoucherEntry/DistributionLine/serviceCategory'

2020-09-08 12:05:34 - [MESSAGE][PASSED] - Object: 'Object Repository/FDR-VoucherEntry/DistributionLine/incDecLine' is clicked on

2020-09-08 12:05:35 - [MESSAGE][PASSED] - Keys '8: Adjustments and corrections' sent to object: 'Object Repository/FDR-VoucherEntry/DistributionLine/incDecLine'

2020-09-08 12:05:35 - [MESSAGE][PASSED] - Keys 'DOWN + ENTER + ' sent to object: 'Object Repository/FDR-VoucherEntry/DistributionLine/incDecLine'

2020-09-08 12:05:37 - [MESSAGE][INFO] - Unable to find the element located by 'By.xpath: //*[@data-id='button-link']//*[contains(text(),'Create New Voucher')]'. Please recheck the objects properties to make sure the desired element is located. 

2020-09-08 12:05:37 - [MESSAGE][WARNING] - Object 'Object Repository/FDR-Dashboard/createNewVoucherButton' is not present after 1 second(s)

2020-09-08 12:05:38 - [MESSAGE][PASSED] - Object: 'Object Repository/FDR-VoucherEntry/DistributionLine/index' is clicked on

2020-09-08 12:05:38 - [MESSAGE][PASSED] - Keys '1155' sent to object: 'Object Repository/FDR-VoucherEntry/DistributionLine/index'

2020-09-08 12:05:38 - [MESSAGE][PASSED] - Keys 'DOWN + ENTER + ' sent to object: 'Object Repository/FDR-VoucherEntry/DistributionLine/index'

2020-09-08 12:05:39 - [MESSAGE][PASSED] - Object: 'Object Repository/FDR-VoucherEntry/DistributionLine/addAnotherLine' is clicked on

2020-09-08 12:05:41 - [MESSAGE][INFO] - Unable to find the element located by 'By.xpath: //*[@data-id='button-link']//*[contains(text(),'Create New Voucher')]'. Please recheck the objects properties to make sure the desired element is located. 

2020-09-08 12:05:41 - [MESSAGE][WARNING] - Object 'Object Repository/FDR-Dashboard/createNewVoucherButton' is not present after 1 second(s)

2020-09-08 12:05:42 - [MESSAGE][PASSED] - Object: 'Object Repository/FDR-VoucherEntry/DistributionLine/clearButton' is clicked on

2020-09-08 12:05:45 - [MESSAGE][INFO] - Unable to find the element located by 'By.xpath: //*[@data-id='button-link']//*[contains(text(),'Create New Voucher')]'. Please recheck the objects properties to make sure the desired element is located. 

2020-09-08 12:05:45 - [MESSAGE][WARNING] - Object 'Object Repository/FDR-Dashboard/createNewVoucherButton' is not present after 2 second(s)

2020-09-08 12:05:48 - [MESSAGE][INFO] - Unable to find the element located by 'By.xpath: //*[@data-id='button-link']//*[contains(text(),'Create New Voucher')]'. Please recheck the objects properties to make sure the desired element is located. 

2020-09-08 12:05:48 - [MESSAGE][WARNING] - Object 'Object Repository/FDR-Dashboard/createNewVoucherButton' is not present after 2 second(s)

2020-09-08 12:05:48 - [MESSAGE][PASSED] - Object 'Object Repository/FDR-VoucherEntry/DistributionLine/serviceDateFrom' is clickable

2020-09-08 12:05:49 - [MESSAGE][PASSED] - Object: 'Object Repository/FDR-VoucherEntry/DistributionLine/serviceDateFrom' is clicked on

2020-09-08 12:05:49 - [MESSAGE][PASSED] - Object 'Object Repository/FDR-VoucherEntry/DistributionLine/serviceDateFrom' is present

2020-09-08 12:05:50 - [MESSAGE][PASSED] - Text '08/04/2020' is set on object 'Object Repository/FDR-VoucherEntry/DistributionLine/serviceDateFrom'

2020-09-08 12:05:50 - [MESSAGE][PASSED] - Object: 'Object Repository/FDR-VoucherEntry/DistributionLine/serviceDateTo' is clicked on

2020-09-08 12:05:50 - [MESSAGE][PASSED] - Object 'Object Repository/FDR-VoucherEntry/DistributionLine/serviceDateTo' is present

2020-09-08 12:05:51 - [MESSAGE][PASSED] - Text '08/05/2020' is set on object 'Object Repository/FDR-VoucherEntry/DistributionLine/serviceDateTo'

2020-09-08 12:05:54 - [MESSAGE][INFO] - Unable to find the element located by 'By.xpath: //*[@data-id='button-link']//*[contains(text(),'Create New Voucher')]'. Please recheck the objects properties to make sure the desired element is located. 

2020-09-08 12:05:54 - [MESSAGE][WARNING] - Object 'Object Repository/FDR-Dashboard/createNewVoucherButton' is not present after 2 second(s)

2020-09-08 12:05:54 - [MESSAGE][PASSED] - Object: 'Object Repository/FDR-VoucherEntry/DistributionLine/amount' is clicked on

2020-09-08 12:05:54 - [MESSAGE][PASSED] - Execute JavaScript 'arguments[0].value='';' successfully

2020-09-08 12:05:55 - [MESSAGE][PASSED] - Keys '350' sent to object: 'Object Repository/FDR-VoucherEntry/DistributionLine/amount'

2020-09-08 12:05:57 - [MESSAGE][INFO] - Unable to find the element located by 'By.xpath: //*[@data-id='button-link']//*[contains(text(),'Create New Voucher')]'. Please recheck the objects properties to make sure the desired element is located. 

2020-09-08 12:05:57 - [MESSAGE][WARNING] - Object 'Object Repository/FDR-Dashboard/createNewVoucherButton' is not present after 1 second(s)

2020-09-08 12:05:57 - [MESSAGE][PASSED] - Object: 'Object Repository/FDR-VoucherEntry/DistributionLine/waiverType' is clicked on

2020-09-08 12:06:00 - [MESSAGE][INFO] - Unable to find the element located by 'By.xpath: //*[@data-id='button-link']//*[contains(text(),'Create New Voucher')]'. Please recheck the objects properties to make sure the desired element is located. 

2020-09-08 12:06:00 - [MESSAGE][WARNING] - Object 'Object Repository/FDR-Dashboard/createNewVoucherButton' is not present after 1 second(s)

2020-09-08 12:06:00 - [MESSAGE][PASSED] - Keys '1115' sent to object: 'Object Repository/FDR-VoucherEntry/DistributionLine/waiverType'

2020-09-08 12:06:03 - [MESSAGE][INFO] - Unable to find the element located by 'By.xpath: //*[@data-id='button-link']//*[contains(text(),'Create New Voucher')]'. Please recheck the objects properties to make sure the desired element is located. 

2020-09-08 12:06:03 - [MESSAGE][WARNING] - Object 'Object Repository/FDR-Dashboard/createNewVoucherButton' is not present after 2 second(s)

2020-09-08 12:06:04 - [MESSAGE][PASSED] - Keys 'DOWN + ENTER + ' sent to object: 'Object Repository/FDR-VoucherEntry/DistributionLine/waiverType'

2020-09-08 12:06:04 - [MESSAGE][PASSED] - Object: 'Object Repository/FDR-VoucherEntry/DistributionLine/waiverName' is clicked on

2020-09-08 12:06:05 - [MESSAGE][PASSED] - Keys 'CBAS' sent to object: 'Object Repository/FDR-VoucherEntry/DistributionLine/waiverName'

2020-09-08 12:06:08 - [MESSAGE][INFO] - Unable to find the element located by 'By.xpath: //*[@data-id='button-link']//*[contains(text(),'Create New Voucher')]'. Please recheck the objects properties to make sure the desired element is located. 

2020-09-08 12:06:08 - [MESSAGE][WARNING] - Object 'Object Repository/FDR-Dashboard/createNewVoucherButton' is not present after 2 second(s)

2020-09-08 12:06:08 - [MESSAGE][PASSED] - Keys 'DOWN + ENTER + ' sent to object: 'Object Repository/FDR-VoucherEntry/DistributionLine/waiverName'

2020-09-08 12:06:09 - [MESSAGE][PASSED] - Object: 'Object Repository/FDR-VoucherEntry/DistributionLine/fundingSource' is clicked on

2020-09-08 12:06:09 - [MESSAGE][PASSED] - Keys 'Pace' sent to object: 'Object Repository/FDR-VoucherEntry/DistributionLine/fundingSource'

2020-09-08 12:06:12 - [MESSAGE][INFO] - Unable to find the element located by 'By.xpath: //*[@data-id='button-link']//*[contains(text(),'Create New Voucher')]'. Please recheck the objects properties to make sure the desired element is located. 

2020-09-08 12:06:12 - [MESSAGE][WARNING] - Object 'Object Repository/FDR-Dashboard/createNewVoucherButton' is not present after 2 second(s)

2020-09-08 12:06:13 - [MESSAGE][PASSED] - Keys 'DOWN + ENTER + ' sent to object: 'Object Repository/FDR-VoucherEntry/DistributionLine/fundingSource'

2020-09-08 12:06:13 - [MESSAGE][PASSED] - Object: 'Object Repository/FDR-VoucherEntry/DistributionLine/fundRatio' is clicked on

2020-09-08 12:06:14 - [MESSAGE][PASSED] - Keys '90/10' sent to object: 'Object Repository/FDR-VoucherEntry/DistributionLine/fundRatio'

2020-09-08 12:06:17 - [MESSAGE][INFO] - Unable to find the element located by 'By.xpath: //*[@data-id='button-link']//*[contains(text(),'Create New Voucher')]'. Please recheck the objects properties to make sure the desired element is located. 

2020-09-08 12:06:17 - [MESSAGE][WARNING] - Object 'Object Repository/FDR-Dashboard/createNewVoucherButton' is not present after 2 second(s)

2020-09-08 12:06:17 - [MESSAGE][PASSED] - Keys 'DOWN + ENTER + ' sent to object: 'Object Repository/FDR-VoucherEntry/DistributionLine/fundRatio'

2020-09-08 12:06:18 - [MESSAGE][PASSED] - Object: 'Object Repository/FDR-VoucherEntry/DistributionLine/nonFederalFund' is clicked on

2020-09-08 12:06:18 - [MESSAGE][PASSED] - Keys '0001' sent to object: 'Object Repository/FDR-VoucherEntry/DistributionLine/nonFederalFund'

2020-09-08 12:06:21 - [MESSAGE][INFO] - Unable to find the element located by 'By.xpath: //*[@data-id='button-link']//*[contains(text(),'Create New Voucher')]'. Please recheck the objects properties to make sure the desired element is located. 

2020-09-08 12:06:21 - [MESSAGE][WARNING] - Object 'Object Repository/FDR-Dashboard/createNewVoucherButton' is not present after 2 second(s)

2020-09-08 12:06:22 - [MESSAGE][PASSED] - Keys 'DOWN + ENTER + ' sent to object: 'Object Repository/FDR-VoucherEntry/DistributionLine/nonFederalFund'

2020-09-08 12:06:22 - [MESSAGE][PASSED] - Object: 'Object Repository/FDR-VoucherEntry/DistributionLine/account' is clicked on

2020-09-08 12:06:23 - [MESSAGE][PASSED] - Keys '5432000' sent to object: 'Object Repository/FDR-VoucherEntry/DistributionLine/account'

2020-09-08 12:06:23 - [MESSAGE][PASSED] - Keys 'DOWN + ENTER + ' sent to object: 'Object Repository/FDR-VoucherEntry/DistributionLine/account'

2020-09-08 12:06:24 - [MESSAGE][PASSED] - Object: 'Object Repository/FDR-VoucherEntry/DistributionLine/altAccount' is clicked on

2020-09-08 12:06:24 - [MESSAGE][PASSED] - Keys '5432000' sent to object: 'Object Repository/FDR-VoucherEntry/DistributionLine/altAccount'

2020-09-08 12:06:25 - [MESSAGE][PASSED] - Object 'Object Repository/FDR-VoucherEntry/DistributionLine/altAccount' is present

2020-09-08 12:06:25 - [MESSAGE][PASSED] - Keys 'DOWN + ENTER + ' sent to object: 'Object Repository/FDR-VoucherEntry/DistributionLine/altAccount'

2020-09-08 12:06:26 - [MESSAGE][PASSED] - Object: 'Object Repository/FDR-VoucherEntry/DistributionLine/serviceCategory' is clicked on

2020-09-08 12:06:29 - [MESSAGE][INFO] - Unable to find the element located by 'By.xpath: //*[@data-id='button-link']//*[contains(text(),'Create New Voucher')]'. Please recheck the objects properties to make sure the desired element is located. 

2020-09-08 12:06:29 - [MESSAGE][WARNING] - Object 'Object Repository/FDR-Dashboard/createNewVoucherButton' is not present after 2 second(s)

2020-09-08 12:06:29 - [MESSAGE][PASSED] - Keys '22' sent to object: 'Object Repository/FDR-VoucherEntry/DistributionLine/serviceCategory'

2020-09-08 12:06:30 - [MESSAGE][PASSED] - Keys 'DOWN + ENTER + ' sent to object: 'Object Repository/FDR-VoucherEntry/DistributionLine/serviceCategory'

2020-09-08 12:06:30 - [MESSAGE][PASSED] - Object: 'Object Repository/FDR-VoucherEntry/DistributionLine/incDecLine' is clicked on

2020-09-08 12:06:31 - [MESSAGE][PASSED] - Keys '10b: Receipts or any decrease' sent to object: 'Object Repository/FDR-VoucherEntry/DistributionLine/incDecLine'

2020-09-08 12:06:31 - [MESSAGE][PASSED] - Keys 'DOWN + ENTER + ' sent to object: 'Object Repository/FDR-VoucherEntry/DistributionLine/incDecLine'

2020-09-08 12:06:33 - [MESSAGE][INFO] - Unable to find the element located by 'By.xpath: //*[@data-id='button-link']//*[contains(text(),'Create New Voucher')]'. Please recheck the objects properties to make sure the desired element is located. 

2020-09-08 12:06:33 - [MESSAGE][WARNING] - Object 'Object Repository/FDR-Dashboard/createNewVoucherButton' is not present after 1 second(s)

2020-09-08 12:06:34 - [MESSAGE][PASSED] - Object: 'Object Repository/FDR-VoucherEntry/DistributionLine/index' is clicked on

2020-09-08 12:06:34 - [MESSAGE][PASSED] - Keys '1155' sent to object: 'Object Repository/FDR-VoucherEntry/DistributionLine/index'

2020-09-08 12:06:35 - [MESSAGE][PASSED] - Keys 'DOWN + ENTER + ' sent to object: 'Object Repository/FDR-VoucherEntry/DistributionLine/index'

2020-09-08 12:06:36 - [MESSAGE][PASSED] - Object: 'Object Repository/FDR-VoucherEntry/DistributionLine/addSaveButton' is clicked on

2020-09-08 12:06:36 - [TEST_STEP][PASSED] - waitForElementPresent(findTestObject("FDR-VoucherEntry/VoucherHeader/reviewButton"), 5): Object 'Object Repository/FDR-VoucherEntry/VoucherHeader/reviewButton' is present

2020-09-08 12:06:37 - [MESSAGE][PASSED] - Object 'Object Repository/FDR-VoucherEntry/VoucherHeader/reviewButton' is present

2020-09-08 12:06:37 - [TEST_STEP][PASSED] - Start tear down : tearDownTestCase: Method 'tearDownTestCase' complete successfully

2020-09-08 12:06:37 - [MESSAGE][PASSED] - Method 'tearDownTestCase' complete successfully

2020-09-08 12:06:37 - [TEST_STEP][PASSED] - Start listener action : sampleAfterTestCase: null

2020-09-08 12:06:37 - [TEST_STEP][PASSED] - profileName = getExecutionProfile(): null

2020-09-08 12:06:37 - [TEST_STEP][PASSED] - switch (profileName): null

2020-09-08 12:06:37 - [TEST_STEP][PASSED] - case "superUser":: null

2020-09-08 12:06:37 - [TEST_STEP][PASSED] - return null: null

2020-09-08 12:06:37 - [TEST_STEP][PASSED] - Start listener action : afterTestCase: null

2020-09-08 12:06:37 - [TEST_STEP][PASSED] - profileName = getExecutionProfile(): null

2020-09-08 12:06:37 - [TEST_STEP][PASSED] - if (profileName.equalsIgnoreCase("SysAdmin")): null

2020-09-08 12:06:37 - [TEST_STEP][PASSED] - Start listener action : sampleAfterTestCase: null

2020-09-08 12:06:37 - [TEST_STEP][PASSED] - profileName = getExecutionProfile(): null

2020-09-08 12:06:37 - [TEST_STEP][PASSED] - switch (profileName): null

2020-09-08 12:06:37 - [TEST_STEP][PASSED] - case "Voucher":: null

2020-09-08 12:06:37 - [TEST_STEP][PASSED] - Uifunctions.logoutFDR(): Browser is closed

2020-09-08 12:06:37 - [MESSAGE][PASSED] - Browser is closed

2020-09-08 12:06:37 - [TEST_STEP][PASSED] - break: null

2020-09-08 12:06:37 - [TEST_STEP][PASSED] - Start listener action : addFailedTCToList: null]]></system-out>
         <system-err><![CDATA[]]></system-err>
      </testcase>
      <testcase name="Test Cases/WEB-UI-TESTS/Voucher/FDR-Create-Simple-Voucher" time="132.526" classname="Test Cases/WEB-UI-TESTS/Voucher/FDR-Create-Simple-Voucher" status="PASSED">
         <system-out><![CDATA[2020-09-08 12:06:37 - [TEST_CASE][PASSED] - Test Cases/WEB-UI-TESTS/Voucher/FDR-Create-Simple-Voucher: Test Cases/WEB-UI-TESTS/Voucher/FDR-Create-Simple-Voucher

2020-09-08 12:06:37 - [TEST_STEP][PASSED] - Start listener action : sampleBeforeTestCase: null

2020-09-08 12:06:37 - [TEST_STEP][PASSED] - profileName = getExecutionProfile(): null

2020-09-08 12:06:37 - [TEST_STEP][PASSED] - switch (profileName): null

2020-09-08 12:06:37 - [TEST_STEP][PASSED] - case "superUser":: null

2020-09-08 12:06:37 - [TEST_STEP][PASSED] - return null: null

2020-09-08 12:06:37 - [TEST_STEP][PASSED] - Start listener action : beforeTestCase: null

2020-09-08 12:06:37 - [TEST_STEP][PASSED] - profileName = getExecutionProfile(): null

2020-09-08 12:06:37 - [TEST_STEP][PASSED] - if (profileName.equalsIgnoreCase("SysAdmin")): null

2020-09-08 12:06:37 - [TEST_STEP][PASSED] - Start listener action : sampleBeforeTestCase: Navigate to 'https://fdr-katalon.cammis-mod-dev.dhcs.ca.gov' successfully

2020-09-08 12:06:37 - [TEST_STEP][PASSED] - profileName = getExecutionProfile(): null

2020-09-08 12:06:37 - [TEST_STEP][PASSED] - testCaseId = testCaseContext.getTestCaseId(): null

2020-09-08 12:06:37 - [TEST_STEP][PASSED] - switch (profileName): null

2020-09-08 12:06:37 - [TEST_STEP][PASSED] - case "Voucher":: null

2020-09-08 12:06:37 - [TEST_STEP][PASSED] - Uifunctions.loginFDR(accountsApproverAcc2, accountsApproverAcc2Pwd): Object: 'Object Repository/FDR-SignIn/SignInButton' is clicked on

2020-09-08 12:06:37 - [MESSAGE][INFO] - Starting 'Chrome' driver

2020-09-08 12:06:37 - [MESSAGE][INFO] - Action delay is set to 0 milliseconds

2020-09-08 12:06:40 - [MESSAGE][PASSED] - Browser is opened with url: ''

2020-09-08 12:06:43 - [MESSAGE][PASSED] - Current window maximized

2020-09-08 12:06:44 - [MESSAGE][PASSED] - Navigate to 'https://fdr-katalon.cammis-mod-dev.dhcs.ca.gov' successfully

2020-09-08 12:06:46 - [MESSAGE][PASSED] - Object 'Object Repository/FDR-SignIn/SignInEmail' is present

2020-09-08 12:06:46 - [MESSAGE][PASSED] - Object: 'Object Repository/FDR-SignIn/SignInEmail' is clicked on

2020-09-08 12:06:46 - [MESSAGE][PASSED] - Object 'Object Repository/FDR-SignIn/SignInEmail' is present

2020-09-08 12:06:47 - [MESSAGE][PASSED] - Text 'fdr.test2@dhcs.ca.gov' is set on object 'Object Repository/FDR-SignIn/SignInEmail'

2020-09-08 12:06:47 - [MESSAGE][PASSED] - Object 'Object Repository/FDR-SignIn/SignInEmailNext' is visible

2020-09-08 12:06:48 - [MESSAGE][PASSED] - Object: 'Object Repository/FDR-SignIn/SignInEmailNext' is clicked on

2020-09-08 12:06:54 - [MESSAGE][PASSED] - Object 'Object Repository/FDR-SignIn/SignInEmailPassword' is visible

2020-09-08 12:06:54 - [MESSAGE][PASSED] - Object: 'Object Repository/FDR-SignIn/SignInEmailPassword' is clicked on

2020-09-08 12:06:55 - [MESSAGE][PASSED] - Text ****** has been set on object 'Object Repository/FDR-SignIn/SignInEmailPassword'

2020-09-08 12:06:56 - [MESSAGE][PASSED] - Object: 'Object Repository/FDR-SignIn/SignInButton' is clicked on

2020-09-08 12:06:56 - [TEST_STEP][PASSED] - break: null

2020-09-08 12:06:56 - [TEST_STEP][PASSED] - navigateToUrl(URL): Navigate to 'https://fdr-katalon.cammis-mod-dev.dhcs.ca.gov' successfully

2020-09-08 12:06:57 - [MESSAGE][PASSED] - Navigate to 'https://fdr-katalon.cammis-mod-dev.dhcs.ca.gov' successfully

2020-09-08 12:06:57 - [TEST_STEP][PASSED] - Start listener action : executeRows: null

2020-09-08 12:06:57 - [TEST_STEP][PASSED] - Start setup action : setupTestCase: Method 'setupTestCase' complete successfully

2020-09-08 12:06:57 - [MESSAGE][PASSED] - Method 'setupTestCase' complete successfully

2020-09-08 12:06:57 - [TEST_STEP][PASSED] - voucherHeaderData = ["drawDate":drawDate, "payDate":payDate, "programType":programType, "invoiceType":invoiceType, "fundCode":fundCode, "supplier":supplier, ... ]: null

2020-09-08 12:06:57 - [TEST_STEP][PASSED] - Uifunctions.createVoucherHeader(voucherHeaderData): Object 'Object Repository/FDR-VoucherEntry/VoucherHeader/reviewButton' is present

2020-09-08 12:06:59 - [MESSAGE][PASSED] - Object 'Object Repository/FDR-Dashboard/createNewVoucherButton' is present

2020-09-08 12:06:59 - [MESSAGE][PASSED] - Object: 'Object Repository/FDR-Dashboard/createNewVoucherButton' is clicked on

2020-09-08 12:07:04 - [MESSAGE][INFO] - Unable to find the element located by 'By.xpath: //*[@data-id='action-button']//*[contains(text(),'Review')]'. Please recheck the objects properties to make sure the desired element is located. 

2020-09-08 12:07:04 - [MESSAGE][WARNING] - Object 'Object Repository/FDR-VoucherEntry/VoucherHeader/reviewButton' is not present after 3 second(s)

2020-09-08 12:07:04 - [MESSAGE][PASSED] - Object: 'Object Repository/FDR-VoucherEntry/Voucher/drawDate' is clicked on

2020-09-08 12:07:06 - [MESSAGE][INFO] - Unable to find the element located by 'By.xpath: //*[@data-id='button-link']//*[contains(text(),'Create New Voucher')]'. Please recheck the objects properties to make sure the desired element is located. 

2020-09-08 12:07:06 - [MESSAGE][WARNING] - Object 'Object Repository/FDR-Dashboard/createNewVoucherButton' is not present after 1 second(s)

2020-09-08 12:07:07 - [MESSAGE][PASSED] - Text '09/23/2020' is set on object 'Object Repository/FDR-VoucherEntry/Voucher/drawDate'

2020-09-08 12:07:11 - [MESSAGE][INFO] - Unable to find the element located by 'By.xpath: //*[@data-id='button-link']//*[contains(text(),'Create New Voucher')]'. Please recheck the objects properties to make sure the desired element is located. 

2020-09-08 12:07:11 - [MESSAGE][WARNING] - Object 'Object Repository/FDR-Dashboard/createNewVoucherButton' is not present after 3 second(s)

2020-09-08 12:07:12 - [MESSAGE][PASSED] - Object: 'Object Repository/FDR-VoucherEntry/Voucher/programType' is clicked on

2020-09-08 12:07:15 - [MESSAGE][INFO] - Unable to find the element located by 'By.xpath: //*[@data-id='button-link']//*[contains(text(),'Create New Voucher')]'. Please recheck the objects properties to make sure the desired element is located. 

2020-09-08 12:07:15 - [MESSAGE][WARNING] - Object 'Object Repository/FDR-Dashboard/createNewVoucherButton' is not present after 2 second(s)

2020-09-08 12:07:15 - [MESSAGE][PASSED] - Keys 'Medical Assistance (MA)' sent to object: 'Object Repository/FDR-VoucherEntry/Voucher/programType'

2020-09-08 12:07:16 - [MESSAGE][PASSED] - Object 'Object Repository/FDR-VoucherEntry/Voucher/programType' is present

2020-09-08 12:07:16 - [MESSAGE][PASSED] - Keys 'DOWN + ENTER + ' sent to object: 'Object Repository/FDR-VoucherEntry/Voucher/programType'

2020-09-08 12:07:16 - [MESSAGE][PASSED] - Object: 'Object Repository/FDR-VoucherEntry/Voucher/invoiceType' is clicked on

2020-09-08 12:07:17 - [MESSAGE][PASSED] - Object 'Object Repository/FDR-VoucherEntry/Voucher/invoiceType' is present

2020-09-08 12:07:17 - [MESSAGE][PASSED] - Keys 'CAP' sent to object: 'Object Repository/FDR-VoucherEntry/Voucher/invoiceType'

2020-09-08 12:07:18 - [MESSAGE][PASSED] - Keys 'DOWN + ENTER + ' sent to object: 'Object Repository/FDR-VoucherEntry/Voucher/invoiceType'

2020-09-08 12:07:18 - [MESSAGE][PASSED] - Object: 'Object Repository/FDR-VoucherEntry/Voucher/fundCode' is clicked on

2020-09-08 12:07:19 - [MESSAGE][PASSED] - Keys 'Health Care Deposit Fund (0912)' sent to object: 'Object Repository/FDR-VoucherEntry/Voucher/fundCode'

2020-09-08 12:07:19 - [MESSAGE][PASSED] - Object 'Object Repository/FDR-VoucherEntry/Voucher/fundCode' is present

2020-09-08 12:07:20 - [MESSAGE][PASSED] - Keys 'DOWN + ENTER + ' sent to object: 'Object Repository/FDR-VoucherEntry/Voucher/fundCode'

2020-09-08 12:07:20 - [MESSAGE][PASSED] - Object: 'Object Repository/FDR-VoucherEntry/Voucher/supplierID' is clicked on

2020-09-08 12:07:21 - [MESSAGE][PASSED] - Keys '0000007954' sent to object: 'Object Repository/FDR-VoucherEntry/Voucher/supplierID'

2020-09-08 12:07:21 - [MESSAGE][PASSED] - Object 'Object Repository/FDR-VoucherEntry/Voucher/supplierID' is present

2020-09-08 12:07:22 - [MESSAGE][PASSED] - Keys 'DOWN + ENTER + ' sent to object: 'Object Repository/FDR-VoucherEntry/Voucher/supplierID'

2020-09-08 12:07:22 - [MESSAGE][PASSED] - Object: 'Object Repository/FDR-VoucherEntry/Voucher/seqNum' is clicked on

2020-09-08 12:07:23 - [MESSAGE][PASSED] - Object 'Object Repository/FDR-VoucherEntry/Voucher/seqNum' is present

2020-09-08 12:07:23 - [MESSAGE][PASSED] - Keys 'DOWN + ENTER + ' sent to object: 'Object Repository/FDR-VoucherEntry/Voucher/seqNum'

2020-09-08 12:07:23 - [MESSAGE][PASSED] - Object: 'Object Repository/FDR-VoucherEntry/Voucher/contractNum' is clicked on

2020-09-08 12:07:24 - [MESSAGE][PASSED] - Keys '07-65707' sent to object: 'Object Repository/FDR-VoucherEntry/Voucher/contractNum'

2020-09-08 12:07:24 - [MESSAGE][PASSED] - Object 'Object Repository/FDR-VoucherEntry/Voucher/contractNum' is present

2020-09-08 12:07:25 - [MESSAGE][PASSED] - Keys 'DOWN + ENTER + ' sent to object: 'Object Repository/FDR-VoucherEntry/Voucher/contractNum'

2020-09-08 12:07:27 - [MESSAGE][PASSED] - Text 'This message will print on the Remittance Advice' is set on object 'Object Repository/FDR-VoucherEntry/Voucher/vendorMessage'

2020-09-08 12:07:27 - [MESSAGE][PASSED] - Object: 'Object Repository/FDR-VoucherEntry/Voucher/primaryContact' is clicked on

2020-09-08 12:07:28 - [MESSAGE][PASSED] - Keys 'Aung Lin' sent to object: 'Object Repository/FDR-VoucherEntry/Voucher/primaryContact'

2020-09-08 12:07:28 - [MESSAGE][PASSED] - Object 'Object Repository/FDR-VoucherEntry/Voucher/primaryContact' is present

2020-09-08 12:07:29 - [MESSAGE][PASSED] - Keys 'DOWN + ENTER + ' sent to object: 'Object Repository/FDR-VoucherEntry/Voucher/primaryContact'

2020-09-08 12:07:29 - [MESSAGE][PASSED] - Object: 'Object Repository/FDR-VoucherEntry/Voucher/secondaryContact' is clicked on

2020-09-08 12:07:30 - [MESSAGE][PASSED] - Keys 'Vivian Ly' sent to object: 'Object Repository/FDR-VoucherEntry/Voucher/secondaryContact'

2020-09-08 12:07:30 - [MESSAGE][PASSED] - Object 'Object Repository/FDR-VoucherEntry/Voucher/secondaryContact' is present

2020-09-08 12:07:30 - [MESSAGE][PASSED] - Object 'Object Repository/FDR-VoucherEntry/Voucher/secondaryContact' is present

2020-09-08 12:07:31 - [MESSAGE][PASSED] - Keys 'DOWN + ENTER + ' sent to object: 'Object Repository/FDR-VoucherEntry/Voucher/secondaryContact'

2020-09-08 12:07:31 - [MESSAGE][PASSED] - Object: 'Object Repository/FDR-VoucherEntry/Voucher/buttonNext' is clicked on

2020-09-08 12:07:34 - [MESSAGE][PASSED] - Delayed 3 second(s)

2020-09-08 12:07:35 - [MESSAGE][PASSED] - Object 'Object Repository/FDR-VoucherEntry/VoucherHeader/reviewButton' is present

2020-09-08 12:07:35 - [TEST_STEP][PASSED] - waitForElementPresent(findTestObject("FDR-Dashboard/createNewVoucherButton"), 4): Object 'Object Repository/FDR-Dashboard/createNewVoucherButton' is not present after 4 second(s)

2020-09-08 12:07:40 - [MESSAGE][INFO] - Unable to find the element located by 'By.xpath: //*[@data-id='button-link']//*[contains(text(),'Create New Voucher')]'. Please recheck the objects properties to make sure the desired element is located. 

2020-09-08 12:07:40 - [MESSAGE][WARNING] - Object 'Object Repository/FDR-Dashboard/createNewVoucherButton' is not present after 4 second(s)

2020-09-08 12:07:40 - [TEST_STEP][PASSED] - Uifunctions.createInvoiceLine(1): Object 'Object Repository/FDR-VoucherEntry/VoucherHeader/reviewButton' is present

2020-09-08 12:07:40 - [MESSAGE][PASSED] - Object 'Object Repository/FDR-VoucherEntry/VoucherHeader/reviewButton' is present

2020-09-08 12:07:43 - [MESSAGE][INFO] - Unable to find the element located by 'By.xpath: //*[contains(text(),'Add voucher')]//parent::button'. Please recheck the objects properties to make sure the desired element is located. 

2020-09-08 12:07:43 - [MESSAGE][WARNING] - Object 'Object Repository/FDR-VoucherEntry/InvoiceLine/addVoucherButton' is not present after 2 second(s)

2020-09-08 12:07:43 - [MESSAGE][PASSED] - Object 'Object Repository/FDR-VoucherEntry/InvoiceLine/invoice' is clickable

2020-09-08 12:07:44 - [MESSAGE][PASSED] - Object: 'Object Repository/FDR-VoucherEntry/InvoiceLine/invoice' is clicked on

2020-09-08 12:07:44 - [MESSAGE][PASSED] - Text '1970' is set on object 'Object Repository/FDR-VoucherEntry/InvoiceLine/invoice'

2020-09-08 12:07:45 - [MESSAGE][PASSED] - Object: 'Object Repository/FDR-VoucherEntry/InvoiceLine/invoiceDate' is clicked on

2020-09-08 12:07:45 - [MESSAGE][PASSED] - Object 'Object Repository/FDR-VoucherEntry/InvoiceLine/invoiceDate' is present

2020-09-08 12:07:46 - [MESSAGE][PASSED] - Text '09/08/2020' is set on object 'Object Repository/FDR-VoucherEntry/InvoiceLine/invoiceDate'

2020-09-08 12:07:46 - [MESSAGE][PASSED] - Object: 'Object Repository/FDR-VoucherEntry/InvoiceLine/originalWarrantDate' is clicked on

2020-09-08 12:07:47 - [MESSAGE][PASSED] - Text '09/09/2020' is set on object 'Object Repository/FDR-VoucherEntry/InvoiceLine/originalWarrantDate'

2020-09-08 12:07:48 - [MESSAGE][PASSED] - Object 'Object Repository/FDR-VoucherEntry/InvoiceLine/addInvoiceLineButton' is present

2020-09-08 12:07:48 - [MESSAGE][PASSED] - Object: 'Object Repository/FDR-VoucherEntry/InvoiceLine/addInvoiceLineButtonIndex2' is clicked on

2020-09-08 12:07:48 - [MESSAGE][PASSED] - Object 'Object Repository/FDR-VoucherEntry/VoucherHeader/reviewButton' is present

2020-09-08 12:07:48 - [TEST_STEP][PASSED] - waitForElementClickable(findTestObject("FDR-VoucherEntry/InvoiceLine/invoiceLineExpandButton"), 5): Object 'Object Repository/FDR-VoucherEntry/InvoiceLine/invoiceLineExpandButton' is clickable

2020-09-08 12:07:49 - [MESSAGE][PASSED] - Object 'Object Repository/FDR-VoucherEntry/InvoiceLine/invoiceLineExpandButton' is clickable

2020-09-08 12:07:49 - [TEST_STEP][PASSED] - click(findTestObject("FDR-VoucherEntry/InvoiceLine/invoiceLineExpandButton")): Object: 'Object Repository/FDR-VoucherEntry/InvoiceLine/invoiceLineExpandButton' is clicked on

2020-09-08 12:07:49 - [MESSAGE][PASSED] - Object: 'Object Repository/FDR-VoucherEntry/InvoiceLine/invoiceLineExpandButton' is clicked on

2020-09-08 12:07:49 - [TEST_STEP][PASSED] - waitForElementPresent(findTestObject("FDR-Dashboard/createNewVoucherButton"), 4): Object 'Object Repository/FDR-Dashboard/createNewVoucherButton' is not present after 4 second(s)

2020-09-08 12:07:54 - [MESSAGE][INFO] - Unable to find the element located by 'By.xpath: //*[@data-id='button-link']//*[contains(text(),'Create New Voucher')]'. Please recheck the objects properties to make sure the desired element is located. 

2020-09-08 12:07:54 - [MESSAGE][WARNING] - Object 'Object Repository/FDR-Dashboard/createNewVoucherButton' is not present after 4 second(s)

2020-09-08 12:07:54 - [TEST_STEP][PASSED] - click(findTestObject("FDR-VoucherEntry/InvoiceLine/invoiceAddlineButton")): Object: 'Object Repository/FDR-VoucherEntry/InvoiceLine/invoiceAddlineButton' is clicked on

2020-09-08 12:07:55 - [MESSAGE][PASSED] - Object: 'Object Repository/FDR-VoucherEntry/InvoiceLine/invoiceAddlineButton' is clicked on

2020-09-08 12:07:55 - [TEST_STEP][PASSED] - Uifunctions.createDistributionLines(1, "Voucher/FDR-DL"): Object: 'Object Repository/FDR-VoucherEntry/DistributionLine/addSaveButton' is clicked on

2020-09-08 12:07:59 - [MESSAGE][INFO] - Unable to find the element located by 'By.xpath: //*[@data-id='button-link']//*[contains(text(),'Create New Voucher')]'. Please recheck the objects properties to make sure the desired element is located. 

2020-09-08 12:07:59 - [MESSAGE][WARNING] - Object 'Object Repository/FDR-Dashboard/createNewVoucherButton' is not present after 3 second(s)

2020-09-08 12:08:02 - [MESSAGE][INFO] - Unable to find the element located by 'By.xpath: //*[@data-id='button-link']//*[contains(text(),'Create New Voucher')]'. Please recheck the objects properties to make sure the desired element is located. 

2020-09-08 12:08:02 - [MESSAGE][WARNING] - Object 'Object Repository/FDR-Dashboard/createNewVoucherButton' is not present after 2 second(s)

2020-09-08 12:08:02 - [MESSAGE][PASSED] - Object 'Object Repository/FDR-VoucherEntry/DistributionLine/serviceDateFrom' is clickable

2020-09-08 12:08:03 - [MESSAGE][PASSED] - Object: 'Object Repository/FDR-VoucherEntry/DistributionLine/serviceDateFrom' is clicked on

2020-09-08 12:08:03 - [MESSAGE][PASSED] - Object 'Object Repository/FDR-VoucherEntry/DistributionLine/serviceDateFrom' is present

2020-09-08 12:08:04 - [MESSAGE][PASSED] - Text '08/04/2020' is set on object 'Object Repository/FDR-VoucherEntry/DistributionLine/serviceDateFrom'

2020-09-08 12:08:04 - [MESSAGE][PASSED] - Object: 'Object Repository/FDR-VoucherEntry/DistributionLine/serviceDateTo' is clicked on

2020-09-08 12:08:05 - [MESSAGE][PASSED] - Object 'Object Repository/FDR-VoucherEntry/DistributionLine/serviceDateTo' is present

2020-09-08 12:08:05 - [MESSAGE][PASSED] - Text '08/05/2020' is set on object 'Object Repository/FDR-VoucherEntry/DistributionLine/serviceDateTo'

2020-09-08 12:08:09 - [MESSAGE][INFO] - Unable to find the element located by 'By.xpath: //*[@data-id='button-link']//*[contains(text(),'Create New Voucher')]'. Please recheck the objects properties to make sure the desired element is located. 

2020-09-08 12:08:09 - [MESSAGE][WARNING] - Object 'Object Repository/FDR-Dashboard/createNewVoucherButton' is not present after 2 second(s)

2020-09-08 12:08:09 - [MESSAGE][PASSED] - Object: 'Object Repository/FDR-VoucherEntry/DistributionLine/amount' is clicked on

2020-09-08 12:08:09 - [MESSAGE][PASSED] - Execute JavaScript 'arguments[0].value='';' successfully

2020-09-08 12:08:10 - [MESSAGE][PASSED] - Keys '100' sent to object: 'Object Repository/FDR-VoucherEntry/DistributionLine/amount'

2020-09-08 12:08:12 - [MESSAGE][INFO] - Unable to find the element located by 'By.xpath: //*[@data-id='button-link']//*[contains(text(),'Create New Voucher')]'. Please recheck the objects properties to make sure the desired element is located. 

2020-09-08 12:08:12 - [MESSAGE][WARNING] - Object 'Object Repository/FDR-Dashboard/createNewVoucherButton' is not present after 1 second(s)

2020-09-08 12:08:12 - [MESSAGE][PASSED] - Object: 'Object Repository/FDR-VoucherEntry/DistributionLine/waiverType' is clicked on

2020-09-08 12:08:14 - [MESSAGE][INFO] - Unable to find the element located by 'By.xpath: //*[@data-id='button-link']//*[contains(text(),'Create New Voucher')]'. Please recheck the objects properties to make sure the desired element is located. 

2020-09-08 12:08:14 - [MESSAGE][WARNING] - Object 'Object Repository/FDR-Dashboard/createNewVoucherButton' is not present after 1 second(s)

2020-09-08 12:08:14 - [MESSAGE][PASSED] - Keys '1115' sent to object: 'Object Repository/FDR-VoucherEntry/DistributionLine/waiverType'

2020-09-08 12:08:18 - [MESSAGE][INFO] - Unable to find the element located by 'By.xpath: //*[@data-id='button-link']//*[contains(text(),'Create New Voucher')]'. Please recheck the objects properties to make sure the desired element is located. 

2020-09-08 12:08:18 - [MESSAGE][WARNING] - Object 'Object Repository/FDR-Dashboard/createNewVoucherButton' is not present after 2 second(s)

2020-09-08 12:08:18 - [MESSAGE][PASSED] - Keys 'DOWN + ENTER + ' sent to object: 'Object Repository/FDR-VoucherEntry/DistributionLine/waiverType'

2020-09-08 12:08:18 - [MESSAGE][PASSED] - Object: 'Object Repository/FDR-VoucherEntry/DistributionLine/waiverName' is clicked on

2020-09-08 12:08:19 - [MESSAGE][PASSED] - Keys 'CBAS' sent to object: 'Object Repository/FDR-VoucherEntry/DistributionLine/waiverName'

2020-09-08 12:08:22 - [MESSAGE][INFO] - Unable to find the element located by 'By.xpath: //*[@data-id='button-link']//*[contains(text(),'Create New Voucher')]'. Please recheck the objects properties to make sure the desired element is located. 

2020-09-08 12:08:22 - [MESSAGE][WARNING] - Object 'Object Repository/FDR-Dashboard/createNewVoucherButton' is not present after 2 second(s)

2020-09-08 12:08:22 - [MESSAGE][PASSED] - Keys 'DOWN + ENTER + ' sent to object: 'Object Repository/FDR-VoucherEntry/DistributionLine/waiverName'

2020-09-08 12:08:23 - [MESSAGE][PASSED] - Object: 'Object Repository/FDR-VoucherEntry/DistributionLine/fundingSource' is clicked on

2020-09-08 12:08:24 - [MESSAGE][PASSED] - Keys 'Dental' sent to object: 'Object Repository/FDR-VoucherEntry/DistributionLine/fundingSource'

2020-09-08 12:08:27 - [MESSAGE][INFO] - Unable to find the element located by 'By.xpath: //*[@data-id='button-link']//*[contains(text(),'Create New Voucher')]'. Please recheck the objects properties to make sure the desired element is located. 

2020-09-08 12:08:27 - [MESSAGE][WARNING] - Object 'Object Repository/FDR-Dashboard/createNewVoucherButton' is not present after 2 second(s)

2020-09-08 12:08:27 - [MESSAGE][PASSED] - Keys 'DOWN + ENTER + ' sent to object: 'Object Repository/FDR-VoucherEntry/DistributionLine/fundingSource'

2020-09-08 12:08:27 - [MESSAGE][PASSED] - Object: 'Object Repository/FDR-VoucherEntry/DistributionLine/fundRatio' is clicked on

2020-09-08 12:08:28 - [MESSAGE][PASSED] - Keys '90/10' sent to object: 'Object Repository/FDR-VoucherEntry/DistributionLine/fundRatio'

2020-09-08 12:08:31 - [MESSAGE][INFO] - Unable to find the element located by 'By.xpath: //*[@data-id='button-link']//*[contains(text(),'Create New Voucher')]'. Please recheck the objects properties to make sure the desired element is located. 

2020-09-08 12:08:31 - [MESSAGE][WARNING] - Object 'Object Repository/FDR-Dashboard/createNewVoucherButton' is not present after 2 second(s)

2020-09-08 12:08:31 - [MESSAGE][PASSED] - Keys 'DOWN + ENTER + ' sent to object: 'Object Repository/FDR-VoucherEntry/DistributionLine/fundRatio'

2020-09-08 12:08:32 - [MESSAGE][PASSED] - Object: 'Object Repository/FDR-VoucherEntry/DistributionLine/nonFederalFund' is clicked on

2020-09-08 12:08:33 - [MESSAGE][PASSED] - Keys '0001' sent to object: 'Object Repository/FDR-VoucherEntry/DistributionLine/nonFederalFund'

2020-09-08 12:08:36 - [MESSAGE][INFO] - Unable to find the element located by 'By.xpath: //*[@data-id='button-link']//*[contains(text(),'Create New Voucher')]'. Please recheck the objects properties to make sure the desired element is located. 

2020-09-08 12:08:36 - [MESSAGE][WARNING] - Object 'Object Repository/FDR-Dashboard/createNewVoucherButton' is not present after 2 second(s)

2020-09-08 12:08:36 - [MESSAGE][PASSED] - Keys 'DOWN + ENTER + ' sent to object: 'Object Repository/FDR-VoucherEntry/DistributionLine/nonFederalFund'

2020-09-08 12:08:37 - [MESSAGE][PASSED] - Object: 'Object Repository/FDR-VoucherEntry/DistributionLine/account' is clicked on

2020-09-08 12:08:37 - [MESSAGE][PASSED] - Keys '5442000' sent to object: 'Object Repository/FDR-VoucherEntry/DistributionLine/account'

2020-09-08 12:08:38 - [MESSAGE][PASSED] - Keys 'DOWN + ENTER + ' sent to object: 'Object Repository/FDR-VoucherEntry/DistributionLine/account'

2020-09-08 12:08:38 - [MESSAGE][PASSED] - Object: 'Object Repository/FDR-VoucherEntry/DistributionLine/altAccount' is clicked on

2020-09-08 12:08:39 - [MESSAGE][PASSED] - Keys '5442000' sent to object: 'Object Repository/FDR-VoucherEntry/DistributionLine/altAccount'

2020-09-08 12:08:39 - [MESSAGE][PASSED] - Object 'Object Repository/FDR-VoucherEntry/DistributionLine/altAccount' is present

2020-09-08 12:08:39 - [MESSAGE][PASSED] - Keys 'DOWN + ENTER + ' sent to object: 'Object Repository/FDR-VoucherEntry/DistributionLine/altAccount'

2020-09-08 12:08:40 - [MESSAGE][PASSED] - Object: 'Object Repository/FDR-VoucherEntry/DistributionLine/serviceCategory' is clicked on

2020-09-08 12:08:43 - [MESSAGE][INFO] - Unable to find the element located by 'By.xpath: //*[@data-id='button-link']//*[contains(text(),'Create New Voucher')]'. Please recheck the objects properties to make sure the desired element is located. 

2020-09-08 12:08:43 - [MESSAGE][WARNING] - Object 'Object Repository/FDR-Dashboard/createNewVoucherButton' is not present after 2 second(s)

2020-09-08 12:08:43 - [MESSAGE][PASSED] - Keys '18B1' sent to object: 'Object Repository/FDR-VoucherEntry/DistributionLine/serviceCategory'

2020-09-08 12:08:44 - [MESSAGE][PASSED] - Keys 'DOWN + ENTER + ' sent to object: 'Object Repository/FDR-VoucherEntry/DistributionLine/serviceCategory'

2020-09-08 12:08:44 - [MESSAGE][PASSED] - Object: 'Object Repository/FDR-VoucherEntry/DistributionLine/incDecLine' is clicked on

2020-09-08 12:08:45 - [MESSAGE][PASSED] - Keys '8: Adjustments and corrections' sent to object: 'Object Repository/FDR-VoucherEntry/DistributionLine/incDecLine'

2020-09-08 12:08:45 - [MESSAGE][PASSED] - Keys 'DOWN + ENTER + ' sent to object: 'Object Repository/FDR-VoucherEntry/DistributionLine/incDecLine'

2020-09-08 12:08:47 - [MESSAGE][INFO] - Unable to find the element located by 'By.xpath: //*[@data-id='button-link']//*[contains(text(),'Create New Voucher')]'. Please recheck the objects properties to make sure the desired element is located. 

2020-09-08 12:08:47 - [MESSAGE][WARNING] - Object 'Object Repository/FDR-Dashboard/createNewVoucherButton' is not present after 1 second(s)

2020-09-08 12:08:48 - [MESSAGE][PASSED] - Object: 'Object Repository/FDR-VoucherEntry/DistributionLine/index' is clicked on

2020-09-08 12:08:48 - [MESSAGE][PASSED] - Keys '1155' sent to object: 'Object Repository/FDR-VoucherEntry/DistributionLine/index'

2020-09-08 12:08:49 - [MESSAGE][PASSED] - Keys 'DOWN + ENTER + ' sent to object: 'Object Repository/FDR-VoucherEntry/DistributionLine/index'

2020-09-08 12:08:49 - [MESSAGE][PASSED] - Object: 'Object Repository/FDR-VoucherEntry/DistributionLine/addSaveButton' is clicked on

2020-09-08 12:08:49 - [TEST_STEP][PASSED] - Start tear down : tearDownTestCase: Method 'tearDownTestCase' complete successfully

2020-09-08 12:08:49 - [MESSAGE][PASSED] - Method 'tearDownTestCase' complete successfully

2020-09-08 12:08:49 - [TEST_STEP][PASSED] - Start listener action : sampleAfterTestCase: null

2020-09-08 12:08:49 - [TEST_STEP][PASSED] - profileName = getExecutionProfile(): null

2020-09-08 12:08:49 - [TEST_STEP][PASSED] - switch (profileName): null

2020-09-08 12:08:49 - [TEST_STEP][PASSED] - case "superUser":: null

2020-09-08 12:08:49 - [TEST_STEP][PASSED] - return null: null

2020-09-08 12:08:49 - [TEST_STEP][PASSED] - Start listener action : afterTestCase: null

2020-09-08 12:08:49 - [TEST_STEP][PASSED] - profileName = getExecutionProfile(): null

2020-09-08 12:08:49 - [TEST_STEP][PASSED] - if (profileName.equalsIgnoreCase("SysAdmin")): null

2020-09-08 12:08:49 - [TEST_STEP][PASSED] - Start listener action : sampleAfterTestCase: null

2020-09-08 12:08:49 - [TEST_STEP][PASSED] - profileName = getExecutionProfile(): null

2020-09-08 12:08:49 - [TEST_STEP][PASSED] - switch (profileName): null

2020-09-08 12:08:49 - [TEST_STEP][PASSED] - case "Voucher":: null

2020-09-08 12:08:49 - [TEST_STEP][PASSED] - Uifunctions.logoutFDR(): Browser is closed

2020-09-08 12:08:50 - [MESSAGE][PASSED] - Browser is closed

2020-09-08 12:08:50 - [TEST_STEP][PASSED] - break: null

2020-09-08 12:08:50 - [TEST_STEP][PASSED] - Start listener action : addFailedTCToList: null]]></system-out>
         <system-err><![CDATA[]]></system-err>
      </testcase>
      <testcase name="Test Cases/WEB-UI-TESTS/Voucher/FDR-Verify-VoucherHeader-Labels" time="63.715" classname="Test Cases/WEB-UI-TESTS/Voucher/FDR-Verify-VoucherHeader-Labels" status="PASSED">
         <system-out><![CDATA[2020-09-08 12:08:50 - [TEST_CASE][PASSED] - Test Cases/WEB-UI-TESTS/Voucher/FDR-Verify-VoucherHeader-Labels: Test Cases/WEB-UI-TESTS/Voucher/FDR-Verify-VoucherHeader-Labels

2020-09-08 12:08:50 - [TEST_STEP][PASSED] - Start listener action : sampleBeforeTestCase: null

2020-09-08 12:08:50 - [TEST_STEP][PASSED] - profileName = getExecutionProfile(): null

2020-09-08 12:08:50 - [TEST_STEP][PASSED] - switch (profileName): null

2020-09-08 12:08:50 - [TEST_STEP][PASSED] - case "superUser":: null

2020-09-08 12:08:50 - [TEST_STEP][PASSED] - return null: null

2020-09-08 12:08:50 - [TEST_STEP][PASSED] - Start listener action : beforeTestCase: null

2020-09-08 12:08:50 - [TEST_STEP][PASSED] - profileName = getExecutionProfile(): null

2020-09-08 12:08:50 - [TEST_STEP][PASSED] - if (profileName.equalsIgnoreCase("SysAdmin")): null

2020-09-08 12:08:50 - [TEST_STEP][PASSED] - Start listener action : sampleBeforeTestCase: Navigate to 'https://fdr-katalon.cammis-mod-dev.dhcs.ca.gov' successfully

2020-09-08 12:08:50 - [TEST_STEP][PASSED] - profileName = getExecutionProfile(): null

2020-09-08 12:08:50 - [TEST_STEP][PASSED] - testCaseId = testCaseContext.getTestCaseId(): null

2020-09-08 12:08:50 - [TEST_STEP][PASSED] - switch (profileName): null

2020-09-08 12:08:50 - [TEST_STEP][PASSED] - case "Voucher":: null

2020-09-08 12:08:50 - [TEST_STEP][PASSED] - Uifunctions.loginFDR(accountsApproverAcc2, accountsApproverAcc2Pwd): Object: 'Object Repository/FDR-SignIn/SignInButton' is clicked on

2020-09-08 12:08:50 - [MESSAGE][INFO] - Starting 'Chrome' driver

2020-09-08 12:08:50 - [MESSAGE][INFO] - Action delay is set to 0 milliseconds

2020-09-08 12:08:53 - [MESSAGE][PASSED] - Browser is opened with url: ''

2020-09-08 12:08:55 - [MESSAGE][PASSED] - Current window maximized

2020-09-08 12:08:56 - [MESSAGE][PASSED] - Navigate to 'https://fdr-katalon.cammis-mod-dev.dhcs.ca.gov' successfully

2020-09-08 12:08:57 - [MESSAGE][PASSED] - Object 'Object Repository/FDR-SignIn/SignInEmail' is present

2020-09-08 12:08:58 - [MESSAGE][PASSED] - Object: 'Object Repository/FDR-SignIn/SignInEmail' is clicked on

2020-09-08 12:08:58 - [MESSAGE][PASSED] - Object 'Object Repository/FDR-SignIn/SignInEmail' is present

2020-09-08 12:08:59 - [MESSAGE][PASSED] - Text 'fdr.test2@dhcs.ca.gov' is set on object 'Object Repository/FDR-SignIn/SignInEmail'

2020-09-08 12:08:59 - [MESSAGE][PASSED] - Object 'Object Repository/FDR-SignIn/SignInEmailNext' is visible

2020-09-08 12:08:59 - [MESSAGE][PASSED] - Object: 'Object Repository/FDR-SignIn/SignInEmailNext' is clicked on

2020-09-08 12:09:02 - [MESSAGE][PASSED] - Object 'Object Repository/FDR-SignIn/SignInEmailPassword' is visible

2020-09-08 12:09:03 - [MESSAGE][PASSED] - Object: 'Object Repository/FDR-SignIn/SignInEmailPassword' is clicked on

2020-09-08 12:09:03 - [MESSAGE][PASSED] - Text ****** has been set on object 'Object Repository/FDR-SignIn/SignInEmailPassword'

2020-09-08 12:09:05 - [MESSAGE][PASSED] - Object: 'Object Repository/FDR-SignIn/SignInButton' is clicked on

2020-09-08 12:09:05 - [TEST_STEP][PASSED] - break: null

2020-09-08 12:09:05 - [TEST_STEP][PASSED] - navigateToUrl(URL): Navigate to 'https://fdr-katalon.cammis-mod-dev.dhcs.ca.gov' successfully

2020-09-08 12:09:05 - [MESSAGE][PASSED] - Navigate to 'https://fdr-katalon.cammis-mod-dev.dhcs.ca.gov' successfully

2020-09-08 12:09:05 - [TEST_STEP][PASSED] - Start listener action : executeRows: null

2020-09-08 12:09:05 - [TEST_STEP][PASSED] - Start setup action : setupTestCase: Method 'setupTestCase' complete successfully

2020-09-08 12:09:05 - [MESSAGE][PASSED] - Method 'setupTestCase' complete successfully

2020-09-08 12:09:05 - [TEST_STEP][PASSED] - callTestCase(findTestCase("WEB-UI-TESTS/Voucher/FDR-Create-Voucher-Header"), ["drawDate":drawDate, "payDate":payDate, "programType":programType, "invoiceType":invoiceType, "fundCode":fundCode, "supplier":supplier, ... ]): Call Test Case 'Test Cases/WEB-UI-TESTS/Voucher/FDR-Create-Voucher-Header' successfully

2020-09-08 12:09:05 - [TEST_CASE][PASSED] - Test Cases/WEB-UI-TESTS/Voucher/FDR-Create-Voucher-Header: Test Cases/WEB-UI-TESTS/Voucher/FDR-Create-Voucher-Header

2020-09-08 12:09:05 - [TEST_STEP][PASSED] - voucherHeaderData = ["drawDate":drawDate, "payDate":payDate, "programType":programType, "invoiceType":invoiceType, "fundCode":fundCode, "supplier":supplier, ... ]: null

2020-09-08 12:09:05 - [TEST_STEP][PASSED] - Uifunctions.createVoucherHeader(voucherHeaderData): Object 'Object Repository/FDR-VoucherEntry/VoucherHeader/reviewButton' is present

2020-09-08 12:09:07 - [MESSAGE][PASSED] - Object 'Object Repository/FDR-Dashboard/createNewVoucherButton' is present

2020-09-08 12:09:08 - [MESSAGE][PASSED] - Object: 'Object Repository/FDR-Dashboard/createNewVoucherButton' is clicked on

2020-09-08 12:09:12 - [MESSAGE][INFO] - Unable to find the element located by 'By.xpath: //*[@data-id='action-button']//*[contains(text(),'Review')]'. Please recheck the objects properties to make sure the desired element is located. 

2020-09-08 12:09:12 - [MESSAGE][WARNING] - Object 'Object Repository/FDR-VoucherEntry/VoucherHeader/reviewButton' is not present after 3 second(s)

2020-09-08 12:09:12 - [MESSAGE][PASSED] - Object: 'Object Repository/FDR-VoucherEntry/Voucher/drawDate' is clicked on

2020-09-08 12:09:15 - [MESSAGE][INFO] - Unable to find the element located by 'By.xpath: //*[@data-id='button-link']//*[contains(text(),'Create New Voucher')]'. Please recheck the objects properties to make sure the desired element is located. 

2020-09-08 12:09:15 - [MESSAGE][WARNING] - Object 'Object Repository/FDR-Dashboard/createNewVoucherButton' is not present after 1 second(s)

2020-09-08 12:09:16 - [MESSAGE][PASSED] - Text '09/23/2020' is set on object 'Object Repository/FDR-VoucherEntry/Voucher/drawDate'

2020-09-08 12:09:20 - [MESSAGE][INFO] - Unable to find the element located by 'By.xpath: //*[@data-id='button-link']//*[contains(text(),'Create New Voucher')]'. Please recheck the objects properties to make sure the desired element is located. 

2020-09-08 12:09:20 - [MESSAGE][WARNING] - Object 'Object Repository/FDR-Dashboard/createNewVoucherButton' is not present after 3 second(s)

2020-09-08 12:09:20 - [MESSAGE][PASSED] - Object: 'Object Repository/FDR-VoucherEntry/Voucher/programType' is clicked on

2020-09-08 12:09:23 - [MESSAGE][INFO] - Unable to find the element located by 'By.xpath: //*[@data-id='button-link']//*[contains(text(),'Create New Voucher')]'. Please recheck the objects properties to make sure the desired element is located. 

2020-09-08 12:09:23 - [MESSAGE][WARNING] - Object 'Object Repository/FDR-Dashboard/createNewVoucherButton' is not present after 2 second(s)

2020-09-08 12:09:23 - [MESSAGE][PASSED] - Keys 'Medical Assistance (MA)' sent to object: 'Object Repository/FDR-VoucherEntry/Voucher/programType'

2020-09-08 12:09:24 - [MESSAGE][PASSED] - Object 'Object Repository/FDR-VoucherEntry/Voucher/programType' is present

2020-09-08 12:09:24 - [MESSAGE][PASSED] - Keys 'DOWN + ENTER + ' sent to object: 'Object Repository/FDR-VoucherEntry/Voucher/programType'

2020-09-08 12:09:25 - [MESSAGE][PASSED] - Object: 'Object Repository/FDR-VoucherEntry/Voucher/invoiceType' is clicked on

2020-09-08 12:09:25 - [MESSAGE][PASSED] - Object 'Object Repository/FDR-VoucherEntry/Voucher/invoiceType' is present

2020-09-08 12:09:25 - [MESSAGE][PASSED] - Keys 'CAP' sent to object: 'Object Repository/FDR-VoucherEntry/Voucher/invoiceType'

2020-09-08 12:09:26 - [MESSAGE][PASSED] - Keys 'DOWN + ENTER + ' sent to object: 'Object Repository/FDR-VoucherEntry/Voucher/invoiceType'

2020-09-08 12:09:27 - [MESSAGE][PASSED] - Object: 'Object Repository/FDR-VoucherEntry/Voucher/fundCode' is clicked on

2020-09-08 12:09:27 - [MESSAGE][PASSED] - Keys 'Health Care Deposit Fund (0912)' sent to object: 'Object Repository/FDR-VoucherEntry/Voucher/fundCode'

2020-09-08 12:09:27 - [MESSAGE][PASSED] - Object 'Object Repository/FDR-VoucherEntry/Voucher/fundCode' is present

2020-09-08 12:09:28 - [MESSAGE][PASSED] - Keys 'DOWN + ENTER + ' sent to object: 'Object Repository/FDR-VoucherEntry/Voucher/fundCode'

2020-09-08 12:09:28 - [MESSAGE][PASSED] - Object: 'Object Repository/FDR-VoucherEntry/Voucher/supplierID' is clicked on

2020-09-08 12:09:29 - [MESSAGE][PASSED] - Keys '0000007954' sent to object: 'Object Repository/FDR-VoucherEntry/Voucher/supplierID'

2020-09-08 12:09:29 - [MESSAGE][PASSED] - Object 'Object Repository/FDR-VoucherEntry/Voucher/supplierID' is present

2020-09-08 12:09:30 - [MESSAGE][PASSED] - Keys 'DOWN + ENTER + ' sent to object: 'Object Repository/FDR-VoucherEntry/Voucher/supplierID'

2020-09-08 12:09:30 - [MESSAGE][PASSED] - Object: 'Object Repository/FDR-VoucherEntry/Voucher/seqNum' is clicked on

2020-09-08 12:09:31 - [MESSAGE][PASSED] - Object 'Object Repository/FDR-VoucherEntry/Voucher/seqNum' is present

2020-09-08 12:09:31 - [MESSAGE][PASSED] - Keys 'DOWN + ENTER + ' sent to object: 'Object Repository/FDR-VoucherEntry/Voucher/seqNum'

2020-09-08 12:09:32 - [MESSAGE][PASSED] - Object: 'Object Repository/FDR-VoucherEntry/Voucher/contractNum' is clicked on

2020-09-08 12:09:32 - [MESSAGE][PASSED] - Keys '07-65707' sent to object: 'Object Repository/FDR-VoucherEntry/Voucher/contractNum'

2020-09-08 12:09:33 - [MESSAGE][PASSED] - Object 'Object Repository/FDR-VoucherEntry/Voucher/contractNum' is present

2020-09-08 12:09:33 - [MESSAGE][PASSED] - Keys 'DOWN + ENTER + ' sent to object: 'Object Repository/FDR-VoucherEntry/Voucher/contractNum'

2020-09-08 12:09:35 - [MESSAGE][PASSED] - Text 'This message will print on the Remittance Advice' is set on object 'Object Repository/FDR-VoucherEntry/Voucher/vendorMessage'

2020-09-08 12:09:35 - [MESSAGE][PASSED] - Object: 'Object Repository/FDR-VoucherEntry/Voucher/primaryContact' is clicked on

2020-09-08 12:09:36 - [MESSAGE][PASSED] - Keys 'Aung Lin' sent to object: 'Object Repository/FDR-VoucherEntry/Voucher/primaryContact'

2020-09-08 12:09:36 - [MESSAGE][PASSED] - Object 'Object Repository/FDR-VoucherEntry/Voucher/primaryContact' is present

2020-09-08 12:09:37 - [MESSAGE][PASSED] - Keys 'DOWN + ENTER + ' sent to object: 'Object Repository/FDR-VoucherEntry/Voucher/primaryContact'

2020-09-08 12:09:37 - [MESSAGE][PASSED] - Object: 'Object Repository/FDR-VoucherEntry/Voucher/secondaryContact' is clicked on

2020-09-08 12:09:38 - [MESSAGE][PASSED] - Keys 'Vivian Ly' sent to object: 'Object Repository/FDR-VoucherEntry/Voucher/secondaryContact'

2020-09-08 12:09:38 - [MESSAGE][PASSED] - Object 'Object Repository/FDR-VoucherEntry/Voucher/secondaryContact' is present

2020-09-08 12:09:39 - [MESSAGE][PASSED] - Object 'Object Repository/FDR-VoucherEntry/Voucher/secondaryContact' is present

2020-09-08 12:09:39 - [MESSAGE][PASSED] - Keys 'DOWN + ENTER + ' sent to object: 'Object Repository/FDR-VoucherEntry/Voucher/secondaryContact'

2020-09-08 12:09:40 - [MESSAGE][PASSED] - Object: 'Object Repository/FDR-VoucherEntry/Voucher/buttonNext' is clicked on

2020-09-08 12:09:43 - [MESSAGE][PASSED] - Delayed 3 second(s)

2020-09-08 12:09:43 - [MESSAGE][PASSED] - Object 'Object Repository/FDR-VoucherEntry/VoucherHeader/reviewButton' is present

2020-09-08 12:09:43 - [MESSAGE][PASSED] - Call Test Case 'Test Cases/WEB-UI-TESTS/Voucher/FDR-Create-Voucher-Header' successfully

2020-09-08 12:09:43 - [TEST_STEP][PASSED] - processorVoucherNumber = getText(findTestObject("FDR-VoucherEntry/VoucherHeader/voucherNum")): Text of object 'Object Repository/FDR-VoucherEntry/VoucherHeader/voucherNum' is: 'CAP00000135'

2020-09-08 12:09:43 - [MESSAGE][PASSED] - Text of object 'Object Repository/FDR-VoucherEntry/VoucherHeader/voucherNum' is: 'CAP00000135'

2020-09-08 12:09:43 - [TEST_STEP][PASSED] - waitForElementPresent(findTestObject("FDR-VoucherEntry/VoucherHeader/expandButton"), 3): Object 'Object Repository/FDR-VoucherEntry/VoucherHeader/expandButton' is present

2020-09-08 12:09:43 - [MESSAGE][PASSED] - Object 'Object Repository/FDR-VoucherEntry/VoucherHeader/expandButton' is present

2020-09-08 12:09:43 - [TEST_STEP][PASSED] - click(findTestObject("FDR-VoucherEntry/VoucherHeader/expandButton")): Object: 'Object Repository/FDR-VoucherEntry/VoucherHeader/expandButton' is clicked on

2020-09-08 12:09:44 - [MESSAGE][PASSED] - Object: 'Object Repository/FDR-VoucherEntry/VoucherHeader/expandButton' is clicked on

2020-09-08 12:09:44 - [TEST_STEP][PASSED] - waitForElementPresent(findTestObject("FDR-Dashboard/createNewVoucherButton"), 3): Object 'Object Repository/FDR-Dashboard/createNewVoucherButton' is not present after 3 second(s)

2020-09-08 12:09:48 - [MESSAGE][INFO] - Unable to find the element located by 'By.xpath: //*[@data-id='button-link']//*[contains(text(),'Create New Voucher')]'. Please recheck the objects properties to make sure the desired element is located. 

2020-09-08 12:09:48 - [MESSAGE][WARNING] - Object 'Object Repository/FDR-Dashboard/createNewVoucherButton' is not present after 3 second(s)

2020-09-08 12:09:48 - [TEST_STEP][PASSED] - ContractExpected = "CONTRACT": null

2020-09-08 12:09:48 - [TEST_STEP][PASSED] - ContractActual = getText(findTestObject("FDR-VoucherEntry/VoucherHeader/contractLabel")): Text of object 'Object Repository/FDR-VoucherEntry/VoucherHeader/contractLabel' is: 'CONTRACT'

2020-09-08 12:09:48 - [MESSAGE][PASSED] - Text of object 'Object Repository/FDR-VoucherEntry/VoucherHeader/contractLabel' is: 'CONTRACT'

2020-09-08 12:09:48 - [TEST_STEP][PASSED] - assert ContractActual == ContractExpected: null

2020-09-08 12:09:48 - [TEST_STEP][PASSED] - SupplierExpected = "SUPPLIER": null

2020-09-08 12:09:48 - [TEST_STEP][PASSED] - SupplierActual = getText(findTestObject("FDR-VoucherEntry/VoucherHeader/supplierLabel")): Text of object 'Object Repository/FDR-VoucherEntry/VoucherHeader/supplierLabel' is: 'SUPPLIER'

2020-09-08 12:09:48 - [MESSAGE][PASSED] - Text of object 'Object Repository/FDR-VoucherEntry/VoucherHeader/supplierLabel' is: 'SUPPLIER'

2020-09-08 12:09:48 - [TEST_STEP][PASSED] - assert SupplierActual == SupplierExpected: null

2020-09-08 12:09:48 - [TEST_STEP][PASSED] - DrawDateExpected = "DRAW DATE": null

2020-09-08 12:09:48 - [TEST_STEP][PASSED] - DrawDateActual = getText(findTestObject("FDR-VoucherEntry/VoucherHeader/drawDateLabel")): Text of object 'Object Repository/FDR-VoucherEntry/VoucherHeader/drawDateLabel' is: 'DRAW DATE'

2020-09-08 12:09:49 - [MESSAGE][PASSED] - Text of object 'Object Repository/FDR-VoucherEntry/VoucherHeader/drawDateLabel' is: 'DRAW DATE'

2020-09-08 12:09:49 - [TEST_STEP][PASSED] - assert DrawDateActual == DrawDateExpected: null

2020-09-08 12:09:49 - [TEST_STEP][PASSED] - PayDateExpected = "PAY DATE": null

2020-09-08 12:09:49 - [TEST_STEP][PASSED] - PayDateActual = getText(findTestObject("FDR-VoucherEntry/VoucherHeader/payDateLabel")): Text of object 'Object Repository/FDR-VoucherEntry/VoucherHeader/payDateLabel' is: 'PAY DATE'

2020-09-08 12:09:49 - [MESSAGE][PASSED] - Text of object 'Object Repository/FDR-VoucherEntry/VoucherHeader/payDateLabel' is: 'PAY DATE'

2020-09-08 12:09:49 - [TEST_STEP][PASSED] - assert PayDateActual == PayDateExpected: null

2020-09-08 12:09:49 - [TEST_STEP][PASSED] - FundCodeExpected = "FUND CODE": null

2020-09-08 12:09:49 - [TEST_STEP][PASSED] - FundCodeActual = getText(findTestObject("FDR-VoucherEntry/VoucherHeader/fundCodeLabel")): Text of object 'Object Repository/FDR-VoucherEntry/VoucherHeader/fundCodeLabel' is: 'FUND CODE'

2020-09-08 12:09:49 - [MESSAGE][PASSED] - Text of object 'Object Repository/FDR-VoucherEntry/VoucherHeader/fundCodeLabel' is: 'FUND CODE'

2020-09-08 12:09:49 - [TEST_STEP][PASSED] - assert FundCodeActual == FundCodeExpected: null

2020-09-08 12:09:49 - [TEST_STEP][PASSED] - VendorMessageExpected = "VENDOR MESSAGE": null

2020-09-08 12:09:49 - [TEST_STEP][PASSED] - VendorMessageActual = getText(findTestObject("FDR-VoucherEntry/VoucherHeader/vendorMessageLabel")): Text of object 'Object Repository/FDR-VoucherEntry/VoucherHeader/vendorMessageLabel' is: 'VENDOR MESSAGE'

2020-09-08 12:09:50 - [MESSAGE][PASSED] - Text of object 'Object Repository/FDR-VoucherEntry/VoucherHeader/vendorMessageLabel' is: 'VENDOR MESSAGE'

2020-09-08 12:09:50 - [TEST_STEP][PASSED] - assert VendorMessageActual == VendorMessageExpected: null

2020-09-08 12:09:50 - [TEST_STEP][PASSED] - FederalshareActual = getText(findTestObject("FDR-VoucherEntry/VoucherHeader/federalShareLabel")): Text of object 'Object Repository/FDR-VoucherEntry/VoucherHeader/federalShareLabel' is: 'FEDERAL SHARE (0890)'

2020-09-08 12:09:50 - [MESSAGE][PASSED] - Text of object 'Object Repository/FDR-VoucherEntry/VoucherHeader/federalShareLabel' is: 'FEDERAL SHARE (0890)'

2020-09-08 12:09:50 - [TEST_STEP][PASSED] - FederalshareExpected = "FEDERAL SHARE (0890)": null

2020-09-08 12:09:50 - [TEST_STEP][PASSED] - assert FederalshareActual == FederalshareExpected: null

2020-09-08 12:09:50 - [TEST_STEP][PASSED] - NonfederalshareActual = getText(findTestObject("FDR-VoucherEntry/VoucherHeader/nonFederalShareLabel")): Text of object 'Object Repository/FDR-VoucherEntry/VoucherHeader/nonFederalShareLabel' is: 'NON-FEDERAL SHARE'

2020-09-08 12:09:50 - [MESSAGE][PASSED] - Text of object 'Object Repository/FDR-VoucherEntry/VoucherHeader/nonFederalShareLabel' is: 'NON-FEDERAL SHARE'

2020-09-08 12:09:50 - [TEST_STEP][PASSED] - NonfederalshareExpected = "NON-FEDERAL SHARE": null

2020-09-08 12:09:50 - [TEST_STEP][PASSED] - assert NonfederalshareActual == NonfederalshareExpected: null

2020-09-08 12:09:50 - [TEST_STEP][PASSED] - VouchertotalActual = getText(findTestObject("FDR-VoucherEntry/VoucherHeader/voucherTotalLabel")): Text of object 'Object Repository/FDR-VoucherEntry/VoucherHeader/voucherTotalLabel' is: 'CONTRACT'

2020-09-08 12:09:50 - [MESSAGE][PASSED] - Text of object 'Object Repository/FDR-VoucherEntry/VoucherHeader/voucherTotalLabel' is: 'CONTRACT'

2020-09-08 12:09:50 - [TEST_STEP][PASSED] - VouchertotalExpected = "VOUCHER TOTAL": null

2020-09-08 12:09:50 - [TEST_STEP][PASSED] - assert VouchertotalExpected == VouchertotalExpected: null

2020-09-08 12:09:50 - [TEST_STEP][PASSED] - voucherNo = getText(findTestObject("FDR-VoucherEntry/VoucherHeader/voucherNum")): Text of object 'Object Repository/FDR-VoucherEntry/VoucherHeader/voucherNum' is: 'CAP00000135'

2020-09-08 12:09:51 - [MESSAGE][PASSED] - Text of object 'Object Repository/FDR-VoucherEntry/VoucherHeader/voucherNum' is: 'CAP00000135'

2020-09-08 12:09:51 - [TEST_STEP][PASSED] - Drawdate = getText(findTestObject("FDR-VoucherEntry/VoucherHeader/drawDate")): Text of object 'Object Repository/FDR-VoucherEntry/VoucherHeader/drawDate' is: '09/23/2020'

2020-09-08 12:09:51 - [MESSAGE][PASSED] - Text of object 'Object Repository/FDR-VoucherEntry/VoucherHeader/drawDate' is: '09/23/2020'

2020-09-08 12:09:51 - [TEST_STEP][PASSED] - Paydate = getText(findTestObject("FDR-VoucherEntry/VoucherHeader/payDate")): Text of object 'Object Repository/FDR-VoucherEntry/VoucherHeader/payDate' is: '09/25/2020'

2020-09-08 12:09:51 - [MESSAGE][PASSED] - Text of object 'Object Repository/FDR-VoucherEntry/VoucherHeader/payDate' is: '09/25/2020'

2020-09-08 12:09:51 - [TEST_STEP][PASSED] - Supplier = getText(findTestObject("FDR-VoucherEntry/VoucherHeader/supplier")): Text of object 'Object Repository/FDR-VoucherEntry/VoucherHeader/supplier' is: '0000007954-1'

2020-09-08 12:09:51 - [MESSAGE][PASSED] - Text of object 'Object Repository/FDR-VoucherEntry/VoucherHeader/supplier' is: '0000007954-1'

2020-09-08 12:09:51 - [TEST_STEP][PASSED] - Contract = getText(findTestObject("FDR-VoucherEntry/VoucherHeader/contract")): Text of object 'Object Repository/FDR-VoucherEntry/VoucherHeader/contract' is: '07-65707'

2020-09-08 12:09:52 - [MESSAGE][PASSED] - Text of object 'Object Repository/FDR-VoucherEntry/VoucherHeader/contract' is: '07-65707'

2020-09-08 12:09:52 - [TEST_STEP][PASSED] - Federalshare = getText(findTestObject("FDR-VoucherEntry/VoucherHeader/federalShare")): Text of object 'Object Repository/FDR-VoucherEntry/VoucherHeader/federalShare' is: '$0.00'

2020-09-08 12:09:52 - [MESSAGE][PASSED] - Text of object 'Object Repository/FDR-VoucherEntry/VoucherHeader/federalShare' is: '$0.00'

2020-09-08 12:09:52 - [TEST_STEP][PASSED] - Nonfederalshare = getText(findTestObject("FDR-VoucherEntry/VoucherHeader/nonFederalShare")): Text of object 'Object Repository/FDR-VoucherEntry/VoucherHeader/nonFederalShare' is: '$0.00'

2020-09-08 12:09:52 - [MESSAGE][PASSED] - Text of object 'Object Repository/FDR-VoucherEntry/VoucherHeader/nonFederalShare' is: '$0.00'

2020-09-08 12:09:52 - [TEST_STEP][PASSED] - Vouchertotal = getText(findTestObject("FDR-VoucherEntry/VoucherHeader/voucherTotal")): Text of object 'Object Repository/FDR-VoucherEntry/VoucherHeader/voucherTotal' is: '$0.00'

2020-09-08 12:09:53 - [MESSAGE][PASSED] - Text of object 'Object Repository/FDR-VoucherEntry/VoucherHeader/voucherTotal' is: '$0.00'

2020-09-08 12:09:53 - [TEST_STEP][PASSED] - Fundcode = getText(findTestObject("FDR-VoucherEntry/VoucherHeader/fundCode")): Text of object 'Object Repository/FDR-VoucherEntry/VoucherHeader/fundCode' is: '0912'

2020-09-08 12:09:53 - [MESSAGE][PASSED] - Text of object 'Object Repository/FDR-VoucherEntry/VoucherHeader/fundCode' is: '0912'

2020-09-08 12:09:53 - [TEST_STEP][PASSED] - vendormessage = getText(findTestObject("FDR-VoucherEntry/VoucherHeader/vendorMessage")): Text of object 'Object Repository/FDR-VoucherEntry/VoucherHeader/vendorMessage' is: 'This message will print on the Remittance Advice'

2020-09-08 12:09:53 - [MESSAGE][PASSED] - Text of object 'Object Repository/FDR-VoucherEntry/VoucherHeader/vendorMessage' is: 'This message will print on the Remittance Advice'

2020-09-08 12:09:53 - [TEST_STEP][PASSED] - markPassed("VoucherNo  " + voucherNo + "  Draw Date  " + Drawdate + "  Paydate  " + Paydate + "  Supplier  " + Supplier + "  Contract  " + Contract + "  Federalshare  " + Federalshare + "  Nonfederalshare  " + Nonfederalshare + "  Vouchertotal " + Vouchertotal + "  Fundcode " + Fundcode + "  vendormessage  " + vendormessage): VoucherNo  CAP00000135  Draw Date  09/23/2020  Paydate  09/25/2020  Supplier  0000007954-1  Contract  07-65707  Federalshare  $0.00  Nonfederalshare  $0.00  Vouchertotal $0.00  Fundcode 0912  vendormessage  This message will print on the Remittance Advice

2020-09-08 12:09:53 - [MESSAGE][PASSED] - VoucherNo  CAP00000135  Draw Date  09/23/2020  Paydate  09/25/2020  Supplier  0000007954-1  Contract  07-65707  Federalshare  $0.00  Nonfederalshare  $0.00  Vouchertotal $0.00  Fundcode 0912  vendormessage  This message will print on the Remittance Advice

2020-09-08 12:09:53 - [TEST_STEP][PASSED] - Start tear down : tearDownTestCase: Method 'tearDownTestCase' complete successfully

2020-09-08 12:09:53 - [MESSAGE][PASSED] - Method 'tearDownTestCase' complete successfully

2020-09-08 12:09:53 - [TEST_STEP][PASSED] - Start listener action : sampleAfterTestCase: null

2020-09-08 12:09:53 - [TEST_STEP][PASSED] - profileName = getExecutionProfile(): null

2020-09-08 12:09:53 - [TEST_STEP][PASSED] - switch (profileName): null

2020-09-08 12:09:53 - [TEST_STEP][PASSED] - case "superUser":: null

2020-09-08 12:09:53 - [TEST_STEP][PASSED] - return null: null

2020-09-08 12:09:53 - [TEST_STEP][PASSED] - Start listener action : afterTestCase: null

2020-09-08 12:09:53 - [TEST_STEP][PASSED] - profileName = getExecutionProfile(): null

2020-09-08 12:09:53 - [TEST_STEP][PASSED] - if (profileName.equalsIgnoreCase("SysAdmin")): null

2020-09-08 12:09:53 - [TEST_STEP][PASSED] - Start listener action : sampleAfterTestCase: null

2020-09-08 12:09:53 - [TEST_STEP][PASSED] - profileName = getExecutionProfile(): null

2020-09-08 12:09:53 - [TEST_STEP][PASSED] - switch (profileName): null

2020-09-08 12:09:53 - [TEST_STEP][PASSED] - case "Voucher":: null

2020-09-08 12:09:53 - [TEST_STEP][PASSED] - Uifunctions.logoutFDR(): Browser is closed

2020-09-08 12:09:54 - [MESSAGE][PASSED] - Browser is closed

2020-09-08 12:09:54 - [TEST_STEP][PASSED] - break: null

2020-09-08 12:09:54 - [TEST_STEP][PASSED] - Start listener action : addFailedTCToList: null]]></system-out>
         <system-err><![CDATA[]]></system-err>
      </testcase>
      <testcase name="Test Cases/WEB-UI-TESTS/Voucher/FDR-Create-Voucher-0555" time="130.405" classname="Test Cases/WEB-UI-TESTS/Voucher/FDR-Create-Voucher-0555" status="FAILED">
         <failure type="FAILED" message="Test Cases/WEB-UI-TESTS/Voucher/FDR-Create-Voucher-0555 FAILED.
Reason:
com.kms.katalon.core.exception.StepFailedException: Unable to click on object 'Object Repository/FDR-VoucherEntry/DistributionLine/addSaveButton' (Root cause: com.kms.katalon.core.exception.StepFailedException: Unable to click on object 'Object Repository/FDR-VoucherEntry/DistributionLine/addSaveButton'
	at com.kms.katalon.core.webui.keyword.internal.WebUIKeywordMain.stepFailed(WebUIKeywordMain.groovy:64)
	at com.kms.katalon.core.webui.keyword.internal.WebUIKeywordMain.runKeyword(WebUIKeywordMain.groovy:26)
	at com.kms.katalon.core.webui.keyword.builtin.ClickKeyword.click(ClickKeyword.groovy:76)
	at com.kms.katalon.core.webui.keyword.builtin.ClickKeyword.execute(ClickKeyword.groovy:43)
	at com.kms.katalon.core.keyword.internal.KeywordExecutor.executeKeywordForPlatform(KeywordExecutor.groovy:73)
	at com.kms.katalon.core.webui.keyword.WebUiBuiltInKeywords.click(WebUiBuiltInKeywords.groovy:616)
	at com.kms.katalon.core.webui.keyword.WebUiBuiltInKeywords$click$6.call(Unknown Source)
	at FDR-Create-Voucher-0555.run(FDR-Create-Voucher-0555:37)
	at com.kms.katalon.core.main.ScriptEngine.run(ScriptEngine.java:194)
	at com.kms.katalon.core.main.ScriptEngine.runScriptAsRawText(ScriptEngine.java:119)
	at com.kms.katalon.core.main.TestCaseExecutor.runScript(TestCaseExecutor.java:339)
	at com.kms.katalon.core.main.TestCaseExecutor.doExecute(TestCaseExecutor.java:330)
	at com.kms.katalon.core.main.TestCaseExecutor.processExecutionPhase(TestCaseExecutor.java:309)
	at com.kms.katalon.core.main.TestCaseExecutor.accessMainPhase(TestCaseExecutor.java:301)
	at com.kms.katalon.core.main.TestCaseExecutor.execute(TestCaseExecutor.java:235)
	at com.kms.katalon.core.main.TestSuiteExecutor.accessTestCaseMainPhase(TestSuiteExecutor.java:191)
	at com.kms.katalon.core.main.TestSuiteExecutor.accessTestSuiteMainPhase(TestSuiteExecutor.java:141)
	at com.kms.katalon.core.main.TestSuiteExecutor.execute(TestSuiteExecutor.java:90)
	at com.kms.katalon.core.main.TestCaseMain.startTestSuite(TestCaseMain.java:157)
	at com.kms.katalon.core.main.TestCaseMain$startTestSuite$0.call(Unknown Source)
	at TempTestSuite1599589931846.run(TempTestSuite1599589931846.groovy:39)
Caused by: com.kms.katalon.core.webui.exception.WebElementNotFoundException: Web element with id: 'Object Repository/FDR-VoucherEntry/DistributionLine/addSaveButton' located by '//*[text()='Save &amp; Close']//parent::button[@data-id='action-button']' not found
	at com.kms.katalon.core.webui.common.WebUiCommonHelper.findWebElement(WebUiCommonHelper.java:1368)
	at com.kms.katalon.core.webui.keyword.internal.WebUIAbstractKeyword.findWebElement(WebUIAbstractKeyword.groovy:27)
	at com.kms.katalon.core.webui.keyword.internal.WebUIAbstractKeyword.findWebElement(WebUIAbstractKeyword.groovy:26)
	at com.kms.katalon.core.webui.keyword.builtin.ClickKeyword$_click_closure1.doCall(ClickKeyword.groovy:67)
	at com.kms.katalon.core.webui.keyword.builtin.ClickKeyword$_click_closure1.call(ClickKeyword.groovy)
	at com.kms.katalon.core.webui.keyword.internal.WebUIKeywordMain.runKeyword(WebUIKeywordMain.groovy:20)
	at com.kms.katalon.core.webui.keyword.builtin.ClickKeyword.click(ClickKeyword.groovy:76)
	at com.kms.katalon.core.webui.keyword.builtin.ClickKeyword.execute(ClickKeyword.groovy:43)
	at com.kms.katalon.core.keyword.internal.KeywordExecutor.executeKeywordForPlatform(KeywordExecutor.groovy:73)
	at com.kms.katalon.core.webui.keyword.WebUiBuiltInKeywords.click(WebUiBuiltInKeywords.groovy:616)
	at com.kms.katalon.core.webui.keyword.WebUiBuiltInKeywords$click$6.call(Unknown Source)
	at Script1593004178586.run(Script1593004178586.groovy:37)
	... 13 more
)
	at com.kms.katalon.core.keyword.internal.KeywordMain.stepFailed(KeywordMain.groovy:39)
	at com.kms.katalon.core.webui.keyword.internal.WebUIKeywordMain.stepFailed(WebUIKeywordMain.groovy:64)
	at com.kms.katalon.core.webui.keyword.internal.WebUIKeywordMain.runKeyword(WebUIKeywordMain.groovy:26)
	at com.kms.katalon.core.webui.keyword.builtin.ClickKeyword.click(ClickKeyword.groovy:76)
	at com.kms.katalon.core.webui.keyword.builtin.ClickKeyword.execute(ClickKeyword.groovy:43)
	at com.kms.katalon.core.keyword.internal.KeywordExecutor.executeKeywordForPlatform(KeywordExecutor.groovy:73)
	at com.kms.katalon.core.webui.keyword.WebUiBuiltInKeywords.click(WebUiBuiltInKeywords.groovy:616)
	at com.kms.katalon.core.webui.keyword.WebUiBuiltInKeywords$click$6.call(Unknown Source)
	at FDR-Create-Voucher-0555.run(FDR-Create-Voucher-0555:37)
	at com.kms.katalon.core.main.ScriptEngine.run(ScriptEngine.java:194)
	at com.kms.katalon.core.main.ScriptEngine.runScriptAsRawText(ScriptEngine.java:119)
	at com.kms.katalon.core.main.TestCaseExecutor.runScript(TestCaseExecutor.java:339)
	at com.kms.katalon.core.main.TestCaseExecutor.doExecute(TestCaseExecutor.java:330)
	at com.kms.katalon.core.main.TestCaseExecutor.processExecutionPhase(TestCaseExecutor.java:309)
	at com.kms.katalon.core.main.TestCaseExecutor.accessMainPhase(TestCaseExecutor.java:301)
	at com.kms.katalon.core.main.TestCaseExecutor.execute(TestCaseExecutor.java:235)
	at com.kms.katalon.core.main.TestSuiteExecutor.accessTestCaseMainPhase(TestSuiteExecutor.java:191)
	at com.kms.katalon.core.main.TestSuiteExecutor.accessTestSuiteMainPhase(TestSuiteExecutor.java:141)
	at com.kms.katalon.core.main.TestSuiteExecutor.execute(TestSuiteExecutor.java:90)
	at com.kms.katalon.core.main.TestCaseMain.startTestSuite(TestCaseMain.java:157)
	at com.kms.katalon.core.main.TestCaseMain$startTestSuite$0.call(Unknown Source)
	at TempTestSuite1599589931846.run(TempTestSuite1599589931846.groovy:39)
Caused by: com.kms.katalon.core.exception.StepFailedException: Unable to click on object 'Object Repository/FDR-VoucherEntry/DistributionLine/addSaveButton'
	... 21 more
Caused by: com.kms.katalon.core.webui.exception.WebElementNotFoundException: Web element with id: 'Object Repository/FDR-VoucherEntry/DistributionLine/addSaveButton' located by '//*[text()='Save &amp; Close']//parent::button[@data-id='action-button']' not found
	at com.kms.katalon.core.webui.common.WebUiCommonHelper.findWebElement(WebUiCommonHelper.java:1368)
	at com.kms.katalon.core.webui.keyword.internal.WebUIAbstractKeyword.findWebElement(WebUIAbstractKeyword.groovy:27)
	at com.kms.katalon.core.webui.keyword.internal.WebUIAbstractKeyword.findWebElement(WebUIAbstractKeyword.groovy:26)
	at com.kms.katalon.core.webui.keyword.builtin.ClickKeyword$_click_closure1.doCall(ClickKeyword.groovy:67)
	at com.kms.katalon.core.webui.keyword.builtin.ClickKeyword$_click_closure1.call(ClickKeyword.groovy)
	at com.kms.katalon.core.webui.keyword.internal.WebUIKeywordMain.runKeyword(WebUIKeywordMain.groovy:20)
	... 19 more
"/>
         <system-out><![CDATA[2020-09-08 12:09:54 - [TEST_CASE][FAILED] - Test Cases/WEB-UI-TESTS/Voucher/FDR-Create-Voucher-0555: Test Cases/WEB-UI-TESTS/Voucher/FDR-Create-Voucher-0555 FAILED.
Reason:
com.kms.katalon.core.exception.StepFailedException: Unable to click on object 'Object Repository/FDR-VoucherEntry/DistributionLine/addSaveButton' (Root cause: com.kms.katalon.core.exception.StepFailedException: Unable to click on object 'Object Repository/FDR-VoucherEntry/DistributionLine/addSaveButton'
	at com.kms.katalon.core.webui.keyword.internal.WebUIKeywordMain.stepFailed(WebUIKeywordMain.groovy:64)
	at com.kms.katalon.core.webui.keyword.internal.WebUIKeywordMain.runKeyword(WebUIKeywordMain.groovy:26)
	at com.kms.katalon.core.webui.keyword.builtin.ClickKeyword.click(ClickKeyword.groovy:76)
	at com.kms.katalon.core.webui.keyword.builtin.ClickKeyword.execute(ClickKeyword.groovy:43)
	at com.kms.katalon.core.keyword.internal.KeywordExecutor.executeKeywordForPlatform(KeywordExecutor.groovy:73)
	at com.kms.katalon.core.webui.keyword.WebUiBuiltInKeywords.click(WebUiBuiltInKeywords.groovy:616)
	at com.kms.katalon.core.webui.keyword.WebUiBuiltInKeywords$click$6.call(Unknown Source)
	at FDR-Create-Voucher-0555.run(FDR-Create-Voucher-0555:37)
	at com.kms.katalon.core.main.ScriptEngine.run(ScriptEngine.java:194)
	at com.kms.katalon.core.main.ScriptEngine.runScriptAsRawText(ScriptEngine.java:119)
	at com.kms.katalon.core.main.TestCaseExecutor.runScript(TestCaseExecutor.java:339)
	at com.kms.katalon.core.main.TestCaseExecutor.doExecute(TestCaseExecutor.java:330)
	at com.kms.katalon.core.main.TestCaseExecutor.processExecutionPhase(TestCaseExecutor.java:309)
	at com.kms.katalon.core.main.TestCaseExecutor.accessMainPhase(TestCaseExecutor.java:301)
	at com.kms.katalon.core.main.TestCaseExecutor.execute(TestCaseExecutor.java:235)
	at com.kms.katalon.core.main.TestSuiteExecutor.accessTestCaseMainPhase(TestSuiteExecutor.java:191)
	at com.kms.katalon.core.main.TestSuiteExecutor.accessTestSuiteMainPhase(TestSuiteExecutor.java:141)
	at com.kms.katalon.core.main.TestSuiteExecutor.execute(TestSuiteExecutor.java:90)
	at com.kms.katalon.core.main.TestCaseMain.startTestSuite(TestCaseMain.java:157)
	at com.kms.katalon.core.main.TestCaseMain$startTestSuite$0.call(Unknown Source)
	at TempTestSuite1599589931846.run(TempTestSuite1599589931846.groovy:39)
Caused by: com.kms.katalon.core.webui.exception.WebElementNotFoundException: Web element with id: 'Object Repository/FDR-VoucherEntry/DistributionLine/addSaveButton' located by '//*[text()='Save & Close']//parent::button[@data-id='action-button']' not found
	at com.kms.katalon.core.webui.common.WebUiCommonHelper.findWebElement(WebUiCommonHelper.java:1368)
	at com.kms.katalon.core.webui.keyword.internal.WebUIAbstractKeyword.findWebElement(WebUIAbstractKeyword.groovy:27)
	at com.kms.katalon.core.webui.keyword.internal.WebUIAbstractKeyword.findWebElement(WebUIAbstractKeyword.groovy:26)
	at com.kms.katalon.core.webui.keyword.builtin.ClickKeyword$_click_closure1.doCall(ClickKeyword.groovy:67)
	at com.kms.katalon.core.webui.keyword.builtin.ClickKeyword$_click_closure1.call(ClickKeyword.groovy)
	at com.kms.katalon.core.webui.keyword.internal.WebUIKeywordMain.runKeyword(WebUIKeywordMain.groovy:20)
	at com.kms.katalon.core.webui.keyword.builtin.ClickKeyword.click(ClickKeyword.groovy:76)
	at com.kms.katalon.core.webui.keyword.builtin.ClickKeyword.execute(ClickKeyword.groovy:43)
	at com.kms.katalon.core.keyword.internal.KeywordExecutor.executeKeywordForPlatform(KeywordExecutor.groovy:73)
	at com.kms.katalon.core.webui.keyword.WebUiBuiltInKeywords.click(WebUiBuiltInKeywords.groovy:616)
	at com.kms.katalon.core.webui.keyword.WebUiBuiltInKeywords$click$6.call(Unknown Source)
	at Script1593004178586.run(Script1593004178586.groovy:37)
	... 13 more
)
	at com.kms.katalon.core.keyword.internal.KeywordMain.stepFailed(KeywordMain.groovy:39)
	at com.kms.katalon.core.webui.keyword.internal.WebUIKeywordMain.stepFailed(WebUIKeywordMain.groovy:64)
	at com.kms.katalon.core.webui.keyword.internal.WebUIKeywordMain.runKeyword(WebUIKeywordMain.groovy:26)
	at com.kms.katalon.core.webui.keyword.builtin.ClickKeyword.click(ClickKeyword.groovy:76)
	at com.kms.katalon.core.webui.keyword.builtin.ClickKeyword.execute(ClickKeyword.groovy:43)
	at com.kms.katalon.core.keyword.internal.KeywordExecutor.executeKeywordForPlatform(KeywordExecutor.groovy:73)
	at com.kms.katalon.core.webui.keyword.WebUiBuiltInKeywords.click(WebUiBuiltInKeywords.groovy:616)
	at com.kms.katalon.core.webui.keyword.WebUiBuiltInKeywords$click$6.call(Unknown Source)
	at FDR-Create-Voucher-0555.run(FDR-Create-Voucher-0555:37)
	at com.kms.katalon.core.main.ScriptEngine.run(ScriptEngine.java:194)
	at com.kms.katalon.core.main.ScriptEngine.runScriptAsRawText(ScriptEngine.java:119)
	at com.kms.katalon.core.main.TestCaseExecutor.runScript(TestCaseExecutor.java:339)
	at com.kms.katalon.core.main.TestCaseExecutor.doExecute(TestCaseExecutor.java:330)
	at com.kms.katalon.core.main.TestCaseExecutor.processExecutionPhase(TestCaseExecutor.java:309)
	at com.kms.katalon.core.main.TestCaseExecutor.accessMainPhase(TestCaseExecutor.java:301)
	at com.kms.katalon.core.main.TestCaseExecutor.execute(TestCaseExecutor.java:235)
	at com.kms.katalon.core.main.TestSuiteExecutor.accessTestCaseMainPhase(TestSuiteExecutor.java:191)
	at com.kms.katalon.core.main.TestSuiteExecutor.accessTestSuiteMainPhase(TestSuiteExecutor.java:141)
	at com.kms.katalon.core.main.TestSuiteExecutor.execute(TestSuiteExecutor.java:90)
	at com.kms.katalon.core.main.TestCaseMain.startTestSuite(TestCaseMain.java:157)
	at com.kms.katalon.core.main.TestCaseMain$startTestSuite$0.call(Unknown Source)
	at TempTestSuite1599589931846.run(TempTestSuite1599589931846.groovy:39)
Caused by: com.kms.katalon.core.exception.StepFailedException: Unable to click on object 'Object Repository/FDR-VoucherEntry/DistributionLine/addSaveButton'
	... 21 more
Caused by: com.kms.katalon.core.webui.exception.WebElementNotFoundException: Web element with id: 'Object Repository/FDR-VoucherEntry/DistributionLine/addSaveButton' located by '//*[text()='Save & Close']//parent::button[@data-id='action-button']' not found
	at com.kms.katalon.core.webui.common.WebUiCommonHelper.findWebElement(WebUiCommonHelper.java:1368)
	at com.kms.katalon.core.webui.keyword.internal.WebUIAbstractKeyword.findWebElement(WebUIAbstractKeyword.groovy:27)
	at com.kms.katalon.core.webui.keyword.internal.WebUIAbstractKeyword.findWebElement(WebUIAbstractKeyword.groovy:26)
	at com.kms.katalon.core.webui.keyword.builtin.ClickKeyword$_click_closure1.doCall(ClickKeyword.groovy:67)
	at com.kms.katalon.core.webui.keyword.builtin.ClickKeyword$_click_closure1.call(ClickKeyword.groovy)
	at com.kms.katalon.core.webui.keyword.internal.WebUIKeywordMain.runKeyword(WebUIKeywordMain.groovy:20)
	... 19 more


2020-09-08 12:09:54 - [TEST_STEP][PASSED] - Start listener action : sampleBeforeTestCase: null

2020-09-08 12:09:54 - [TEST_STEP][PASSED] - profileName = getExecutionProfile(): null

2020-09-08 12:09:54 - [TEST_STEP][PASSED] - switch (profileName): null

2020-09-08 12:09:54 - [TEST_STEP][PASSED] - case "superUser":: null

2020-09-08 12:09:54 - [TEST_STEP][PASSED] - return null: null

2020-09-08 12:09:54 - [TEST_STEP][PASSED] - Start listener action : beforeTestCase: null

2020-09-08 12:09:54 - [TEST_STEP][PASSED] - profileName = getExecutionProfile(): null

2020-09-08 12:09:54 - [TEST_STEP][PASSED] - if (profileName.equalsIgnoreCase("SysAdmin")): null

2020-09-08 12:09:54 - [TEST_STEP][PASSED] - Start listener action : sampleBeforeTestCase: Navigate to 'https://fdr-katalon.cammis-mod-dev.dhcs.ca.gov' successfully

2020-09-08 12:09:54 - [TEST_STEP][PASSED] - profileName = getExecutionProfile(): null

2020-09-08 12:09:54 - [TEST_STEP][PASSED] - testCaseId = testCaseContext.getTestCaseId(): null

2020-09-08 12:09:54 - [TEST_STEP][PASSED] - switch (profileName): null

2020-09-08 12:09:54 - [TEST_STEP][PASSED] - case "Voucher":: null

2020-09-08 12:09:54 - [TEST_STEP][PASSED] - Uifunctions.loginFDR(accountsApproverAcc2, accountsApproverAcc2Pwd): Object: 'Object Repository/FDR-SignIn/SignInButton' is clicked on

2020-09-08 12:09:54 - [MESSAGE][INFO] - Starting 'Chrome' driver

2020-09-08 12:09:54 - [MESSAGE][INFO] - Action delay is set to 0 milliseconds

2020-09-08 12:09:57 - [MESSAGE][PASSED] - Browser is opened with url: ''

2020-09-08 12:09:59 - [MESSAGE][PASSED] - Current window maximized

2020-09-08 12:10:00 - [MESSAGE][PASSED] - Navigate to 'https://fdr-katalon.cammis-mod-dev.dhcs.ca.gov' successfully

2020-09-08 12:10:02 - [MESSAGE][PASSED] - Object 'Object Repository/FDR-SignIn/SignInEmail' is present

2020-09-08 12:10:02 - [MESSAGE][PASSED] - Object: 'Object Repository/FDR-SignIn/SignInEmail' is clicked on

2020-09-08 12:10:02 - [MESSAGE][PASSED] - Object 'Object Repository/FDR-SignIn/SignInEmail' is present

2020-09-08 12:10:03 - [MESSAGE][PASSED] - Text 'fdr.test2@dhcs.ca.gov' is set on object 'Object Repository/FDR-SignIn/SignInEmail'

2020-09-08 12:10:03 - [MESSAGE][PASSED] - Object 'Object Repository/FDR-SignIn/SignInEmailNext' is visible

2020-09-08 12:10:03 - [MESSAGE][PASSED] - Object: 'Object Repository/FDR-SignIn/SignInEmailNext' is clicked on

2020-09-08 12:10:07 - [MESSAGE][PASSED] - Object 'Object Repository/FDR-SignIn/SignInEmailPassword' is visible

2020-09-08 12:10:08 - [MESSAGE][PASSED] - Object: 'Object Repository/FDR-SignIn/SignInEmailPassword' is clicked on

2020-09-08 12:10:08 - [MESSAGE][PASSED] - Text ****** has been set on object 'Object Repository/FDR-SignIn/SignInEmailPassword'

2020-09-08 12:10:10 - [MESSAGE][PASSED] - Object: 'Object Repository/FDR-SignIn/SignInButton' is clicked on

2020-09-08 12:10:10 - [TEST_STEP][PASSED] - break: null

2020-09-08 12:10:10 - [TEST_STEP][PASSED] - navigateToUrl(URL): Navigate to 'https://fdr-katalon.cammis-mod-dev.dhcs.ca.gov' successfully

2020-09-08 12:10:10 - [MESSAGE][PASSED] - Navigate to 'https://fdr-katalon.cammis-mod-dev.dhcs.ca.gov' successfully

2020-09-08 12:10:10 - [TEST_STEP][PASSED] - Start listener action : executeRows: null

2020-09-08 12:10:10 - [TEST_STEP][PASSED] - Start setup action : setupTestCase: Method 'setupTestCase' complete successfully

2020-09-08 12:10:10 - [MESSAGE][PASSED] - Method 'setupTestCase' complete successfully

2020-09-08 12:10:10 - [TEST_STEP][PASSED] - voucherHeaderData = ["drawDate":drawDate, "payDate":payDate, "programType":programType, "invoiceType":invoiceType, "fundCode":fundCode, "supplier":supplier, ... ]: null

2020-09-08 12:10:10 - [TEST_STEP][PASSED] - Uifunctions.createVoucherHeader(voucherHeaderData): Object 'Object Repository/FDR-VoucherEntry/VoucherHeader/reviewButton' is present

2020-09-08 12:10:12 - [MESSAGE][PASSED] - Object 'Object Repository/FDR-Dashboard/createNewVoucherButton' is present

2020-09-08 12:10:13 - [MESSAGE][PASSED] - Object: 'Object Repository/FDR-Dashboard/createNewVoucherButton' is clicked on

2020-09-08 12:10:17 - [MESSAGE][INFO] - Unable to find the element located by 'By.xpath: //*[@data-id='action-button']//*[contains(text(),'Review')]'. Please recheck the objects properties to make sure the desired element is located. 

2020-09-08 12:10:17 - [MESSAGE][WARNING] - Object 'Object Repository/FDR-VoucherEntry/VoucherHeader/reviewButton' is not present after 3 second(s)

2020-09-08 12:10:17 - [MESSAGE][PASSED] - Object: 'Object Repository/FDR-VoucherEntry/Voucher/drawDate' is clicked on

2020-09-08 12:10:19 - [MESSAGE][INFO] - Unable to find the element located by 'By.xpath: //*[@data-id='button-link']//*[contains(text(),'Create New Voucher')]'. Please recheck the objects properties to make sure the desired element is located. 

2020-09-08 12:10:19 - [MESSAGE][WARNING] - Object 'Object Repository/FDR-Dashboard/createNewVoucherButton' is not present after 1 second(s)

2020-09-08 12:10:20 - [MESSAGE][PASSED] - Text '09/23/2020' is set on object 'Object Repository/FDR-VoucherEntry/Voucher/drawDate'

2020-09-08 12:10:24 - [MESSAGE][INFO] - Unable to find the element located by 'By.xpath: //*[@data-id='button-link']//*[contains(text(),'Create New Voucher')]'. Please recheck the objects properties to make sure the desired element is located. 

2020-09-08 12:10:24 - [MESSAGE][WARNING] - Object 'Object Repository/FDR-Dashboard/createNewVoucherButton' is not present after 3 second(s)

2020-09-08 12:10:25 - [MESSAGE][PASSED] - Object: 'Object Repository/FDR-VoucherEntry/Voucher/programType' is clicked on

2020-09-08 12:10:28 - [MESSAGE][INFO] - Unable to find the element located by 'By.xpath: //*[@data-id='button-link']//*[contains(text(),'Create New Voucher')]'. Please recheck the objects properties to make sure the desired element is located. 

2020-09-08 12:10:28 - [MESSAGE][WARNING] - Object 'Object Repository/FDR-Dashboard/createNewVoucherButton' is not present after 2 second(s)

2020-09-08 12:10:28 - [MESSAGE][PASSED] - Keys 'Medical Assistance (MA)' sent to object: 'Object Repository/FDR-VoucherEntry/Voucher/programType'

2020-09-08 12:10:29 - [MESSAGE][PASSED] - Object 'Object Repository/FDR-VoucherEntry/Voucher/programType' is present

2020-09-08 12:10:29 - [MESSAGE][PASSED] - Keys 'DOWN + ENTER + ' sent to object: 'Object Repository/FDR-VoucherEntry/Voucher/programType'

2020-09-08 12:10:29 - [MESSAGE][PASSED] - Object: 'Object Repository/FDR-VoucherEntry/Voucher/invoiceType' is clicked on

2020-09-08 12:10:30 - [MESSAGE][PASSED] - Object 'Object Repository/FDR-VoucherEntry/Voucher/invoiceType' is present

2020-09-08 12:10:30 - [MESSAGE][PASSED] - Keys 'CAP' sent to object: 'Object Repository/FDR-VoucherEntry/Voucher/invoiceType'

2020-09-08 12:10:31 - [MESSAGE][PASSED] - Keys 'DOWN + ENTER + ' sent to object: 'Object Repository/FDR-VoucherEntry/Voucher/invoiceType'

2020-09-08 12:10:31 - [MESSAGE][PASSED] - Object: 'Object Repository/FDR-VoucherEntry/Voucher/fundCode' is clicked on

2020-09-08 12:10:32 - [MESSAGE][PASSED] - Keys 'Healthy Families Fund (0555)' sent to object: 'Object Repository/FDR-VoucherEntry/Voucher/fundCode'

2020-09-08 12:10:32 - [MESSAGE][PASSED] - Object 'Object Repository/FDR-VoucherEntry/Voucher/fundCode' is present

2020-09-08 12:10:33 - [MESSAGE][PASSED] - Keys 'DOWN + ENTER + ' sent to object: 'Object Repository/FDR-VoucherEntry/Voucher/fundCode'

2020-09-08 12:10:33 - [MESSAGE][PASSED] - Object: 'Object Repository/FDR-VoucherEntry/Voucher/supplierID' is clicked on

2020-09-08 12:10:34 - [MESSAGE][PASSED] - Keys '0000007954' sent to object: 'Object Repository/FDR-VoucherEntry/Voucher/supplierID'

2020-09-08 12:10:34 - [MESSAGE][PASSED] - Object 'Object Repository/FDR-VoucherEntry/Voucher/supplierID' is present

2020-09-08 12:10:35 - [MESSAGE][PASSED] - Keys 'DOWN + ENTER + ' sent to object: 'Object Repository/FDR-VoucherEntry/Voucher/supplierID'

2020-09-08 12:10:35 - [MESSAGE][PASSED] - Object: 'Object Repository/FDR-VoucherEntry/Voucher/seqNum' is clicked on

2020-09-08 12:10:36 - [MESSAGE][PASSED] - Object 'Object Repository/FDR-VoucherEntry/Voucher/seqNum' is present

2020-09-08 12:10:36 - [MESSAGE][PASSED] - Keys 'DOWN + ENTER + ' sent to object: 'Object Repository/FDR-VoucherEntry/Voucher/seqNum'

2020-09-08 12:10:37 - [MESSAGE][PASSED] - Object: 'Object Repository/FDR-VoucherEntry/Voucher/contractNum' is clicked on

2020-09-08 12:10:37 - [MESSAGE][PASSED] - Keys '07-65707' sent to object: 'Object Repository/FDR-VoucherEntry/Voucher/contractNum'

2020-09-08 12:10:37 - [MESSAGE][PASSED] - Object 'Object Repository/FDR-VoucherEntry/Voucher/contractNum' is present

2020-09-08 12:10:38 - [MESSAGE][PASSED] - Keys 'DOWN + ENTER + ' sent to object: 'Object Repository/FDR-VoucherEntry/Voucher/contractNum'

2020-09-08 12:10:40 - [MESSAGE][PASSED] - Text 'This message will print on the Remittance Advice' is set on object 'Object Repository/FDR-VoucherEntry/Voucher/vendorMessage'

2020-09-08 12:10:40 - [MESSAGE][PASSED] - Object: 'Object Repository/FDR-VoucherEntry/Voucher/primaryContact' is clicked on

2020-09-08 12:10:41 - [MESSAGE][PASSED] - Keys 'Aung Lin' sent to object: 'Object Repository/FDR-VoucherEntry/Voucher/primaryContact'

2020-09-08 12:10:41 - [MESSAGE][PASSED] - Object 'Object Repository/FDR-VoucherEntry/Voucher/primaryContact' is present

2020-09-08 12:10:42 - [MESSAGE][PASSED] - Keys 'DOWN + ENTER + ' sent to object: 'Object Repository/FDR-VoucherEntry/Voucher/primaryContact'

2020-09-08 12:10:42 - [MESSAGE][PASSED] - Object: 'Object Repository/FDR-VoucherEntry/Voucher/secondaryContact' is clicked on

2020-09-08 12:10:43 - [MESSAGE][PASSED] - Keys 'Vivian Ly' sent to object: 'Object Repository/FDR-VoucherEntry/Voucher/secondaryContact'

2020-09-08 12:10:43 - [MESSAGE][PASSED] - Object 'Object Repository/FDR-VoucherEntry/Voucher/secondaryContact' is present

2020-09-08 12:10:43 - [MESSAGE][PASSED] - Object 'Object Repository/FDR-VoucherEntry/Voucher/secondaryContact' is present

2020-09-08 12:10:44 - [MESSAGE][PASSED] - Keys 'DOWN + ENTER + ' sent to object: 'Object Repository/FDR-VoucherEntry/Voucher/secondaryContact'

2020-09-08 12:10:44 - [MESSAGE][PASSED] - Object: 'Object Repository/FDR-VoucherEntry/Voucher/buttonNext' is clicked on

2020-09-08 12:10:47 - [MESSAGE][PASSED] - Delayed 3 second(s)

2020-09-08 12:10:48 - [MESSAGE][PASSED] - Object 'Object Repository/FDR-VoucherEntry/VoucherHeader/reviewButton' is present

2020-09-08 12:10:48 - [TEST_STEP][PASSED] - waitForElementPresent(findTestObject("FDR-Dashboard/createNewVoucherButton"), 4): Object 'Object Repository/FDR-Dashboard/createNewVoucherButton' is not present after 4 second(s)

2020-09-08 12:10:53 - [MESSAGE][INFO] - Unable to find the element located by 'By.xpath: //*[@data-id='button-link']//*[contains(text(),'Create New Voucher')]'. Please recheck the objects properties to make sure the desired element is located. 

2020-09-08 12:10:53 - [MESSAGE][WARNING] - Object 'Object Repository/FDR-Dashboard/createNewVoucherButton' is not present after 4 second(s)

2020-09-08 12:10:53 - [TEST_STEP][PASSED] - Uifunctions.createInvoiceLine(1): Object 'Object Repository/FDR-VoucherEntry/VoucherHeader/reviewButton' is present

2020-09-08 12:10:53 - [MESSAGE][PASSED] - Object 'Object Repository/FDR-VoucherEntry/VoucherHeader/reviewButton' is present

2020-09-08 12:10:56 - [MESSAGE][INFO] - Unable to find the element located by 'By.xpath: //*[contains(text(),'Add voucher')]//parent::button'. Please recheck the objects properties to make sure the desired element is located. 

2020-09-08 12:10:56 - [MESSAGE][WARNING] - Object 'Object Repository/FDR-VoucherEntry/InvoiceLine/addVoucherButton' is not present after 2 second(s)

2020-09-08 12:10:56 - [MESSAGE][PASSED] - Object 'Object Repository/FDR-VoucherEntry/InvoiceLine/invoice' is clickable

2020-09-08 12:10:57 - [MESSAGE][PASSED] - Object: 'Object Repository/FDR-VoucherEntry/InvoiceLine/invoice' is clicked on

2020-09-08 12:10:57 - [MESSAGE][PASSED] - Text '4510' is set on object 'Object Repository/FDR-VoucherEntry/InvoiceLine/invoice'

2020-09-08 12:10:58 - [MESSAGE][PASSED] - Object: 'Object Repository/FDR-VoucherEntry/InvoiceLine/invoiceDate' is clicked on

2020-09-08 12:10:58 - [MESSAGE][PASSED] - Object 'Object Repository/FDR-VoucherEntry/InvoiceLine/invoiceDate' is present

2020-09-08 12:10:59 - [MESSAGE][PASSED] - Text '09/08/2020' is set on object 'Object Repository/FDR-VoucherEntry/InvoiceLine/invoiceDate'

2020-09-08 12:11:00 - [MESSAGE][PASSED] - Object: 'Object Repository/FDR-VoucherEntry/InvoiceLine/originalWarrantDate' is clicked on

2020-09-08 12:11:00 - [MESSAGE][PASSED] - Text '09/09/2020' is set on object 'Object Repository/FDR-VoucherEntry/InvoiceLine/originalWarrantDate'

2020-09-08 12:11:01 - [MESSAGE][PASSED] - Object 'Object Repository/FDR-VoucherEntry/InvoiceLine/addInvoiceLineButton' is present

2020-09-08 12:11:01 - [MESSAGE][PASSED] - Object: 'Object Repository/FDR-VoucherEntry/InvoiceLine/addInvoiceLineButtonIndex2' is clicked on

2020-09-08 12:11:02 - [MESSAGE][PASSED] - Object 'Object Repository/FDR-VoucherEntry/VoucherHeader/reviewButton' is present

2020-09-08 12:11:02 - [TEST_STEP][PASSED] - waitForElementClickable(findTestObject("FDR-VoucherEntry/InvoiceLine/invoiceLineExpandButton"), 5): Object 'Object Repository/FDR-VoucherEntry/InvoiceLine/invoiceLineExpandButton' is clickable

2020-09-08 12:11:02 - [MESSAGE][PASSED] - Object 'Object Repository/FDR-VoucherEntry/InvoiceLine/invoiceLineExpandButton' is clickable

2020-09-08 12:11:02 - [TEST_STEP][PASSED] - click(findTestObject("FDR-VoucherEntry/InvoiceLine/invoiceLineExpandButton")): Object: 'Object Repository/FDR-VoucherEntry/InvoiceLine/invoiceLineExpandButton' is clicked on

2020-09-08 12:11:02 - [MESSAGE][PASSED] - Object: 'Object Repository/FDR-VoucherEntry/InvoiceLine/invoiceLineExpandButton' is clicked on

2020-09-08 12:11:02 - [TEST_STEP][PASSED] - waitForElementPresent(findTestObject("FDR-Dashboard/createNewVoucherButton"), 4): Object 'Object Repository/FDR-Dashboard/createNewVoucherButton' is not present after 4 second(s)

2020-09-08 12:11:07 - [MESSAGE][INFO] - Unable to find the element located by 'By.xpath: //*[@data-id='button-link']//*[contains(text(),'Create New Voucher')]'. Please recheck the objects properties to make sure the desired element is located. 

2020-09-08 12:11:07 - [MESSAGE][WARNING] - Object 'Object Repository/FDR-Dashboard/createNewVoucherButton' is not present after 4 second(s)

2020-09-08 12:11:07 - [TEST_STEP][PASSED] - click(findTestObject("FDR-VoucherEntry/InvoiceLine/invoiceAddlineButton")): Object: 'Object Repository/FDR-VoucherEntry/InvoiceLine/invoiceAddlineButton' is clicked on

2020-09-08 12:11:08 - [MESSAGE][PASSED] - Object: 'Object Repository/FDR-VoucherEntry/InvoiceLine/invoiceAddlineButton' is clicked on

2020-09-08 12:11:08 - [TEST_STEP][PASSED] - Uifunctions.createDistributionLines(1, "Voucher/FDR-DL-0555", "0555"): Object: 'Object Repository/FDR-VoucherEntry/DistributionLine/addSaveButton' is clicked on

2020-09-08 12:11:12 - [MESSAGE][INFO] - Unable to find the element located by 'By.xpath: //*[@data-id='button-link']//*[contains(text(),'Create New Voucher')]'. Please recheck the objects properties to make sure the desired element is located. 

2020-09-08 12:11:12 - [MESSAGE][WARNING] - Object 'Object Repository/FDR-Dashboard/createNewVoucherButton' is not present after 3 second(s)

2020-09-08 12:11:15 - [MESSAGE][INFO] - Unable to find the element located by 'By.xpath: //*[@data-id='button-link']//*[contains(text(),'Create New Voucher')]'. Please recheck the objects properties to make sure the desired element is located. 

2020-09-08 12:11:15 - [MESSAGE][WARNING] - Object 'Object Repository/FDR-Dashboard/createNewVoucherButton' is not present after 2 second(s)

2020-09-08 12:11:15 - [MESSAGE][PASSED] - Object 'Object Repository/FDR-VoucherEntry/DistributionLine/serviceDateFrom' is clickable

2020-09-08 12:11:16 - [MESSAGE][PASSED] - Object: 'Object Repository/FDR-VoucherEntry/DistributionLine/serviceDateFrom' is clicked on

2020-09-08 12:11:16 - [MESSAGE][PASSED] - Object 'Object Repository/FDR-VoucherEntry/DistributionLine/serviceDateFrom' is present

2020-09-08 12:11:17 - [MESSAGE][PASSED] - Text '08/20/2020' is set on object 'Object Repository/FDR-VoucherEntry/DistributionLine/serviceDateFrom'

2020-09-08 12:11:17 - [MESSAGE][PASSED] - Object: 'Object Repository/FDR-VoucherEntry/DistributionLine/serviceDateTo' is clicked on

2020-09-08 12:11:18 - [MESSAGE][PASSED] - Object 'Object Repository/FDR-VoucherEntry/DistributionLine/serviceDateTo' is present

2020-09-08 12:11:18 - [MESSAGE][PASSED] - Text '08/21/2020' is set on object 'Object Repository/FDR-VoucherEntry/DistributionLine/serviceDateTo'

2020-09-08 12:11:22 - [MESSAGE][INFO] - Unable to find the element located by 'By.xpath: //*[@data-id='button-link']//*[contains(text(),'Create New Voucher')]'. Please recheck the objects properties to make sure the desired element is located. 

2020-09-08 12:11:22 - [MESSAGE][WARNING] - Object 'Object Repository/FDR-Dashboard/createNewVoucherButton' is not present after 2 second(s)

2020-09-08 12:11:22 - [MESSAGE][PASSED] - Object: 'Object Repository/FDR-VoucherEntry/DistributionLine/amount' is clicked on

2020-09-08 12:11:22 - [MESSAGE][PASSED] - Execute JavaScript 'arguments[0].value='';' successfully

2020-09-08 12:11:23 - [MESSAGE][PASSED] - Keys '5400' sent to object: 'Object Repository/FDR-VoucherEntry/DistributionLine/amount'

2020-09-08 12:11:25 - [MESSAGE][INFO] - Unable to find the element located by 'By.xpath: //*[@data-id='button-link']//*[contains(text(),'Create New Voucher')]'. Please recheck the objects properties to make sure the desired element is located. 

2020-09-08 12:11:25 - [MESSAGE][WARNING] - Object 'Object Repository/FDR-Dashboard/createNewVoucherButton' is not present after 1 second(s)

2020-09-08 12:11:25 - [MESSAGE][PASSED] - Object: 'Object Repository/FDR-VoucherEntry/DistributionLine/waiverType' is clicked on

2020-09-08 12:11:27 - [MESSAGE][INFO] - Unable to find the element located by 'By.xpath: //*[@data-id='button-link']//*[contains(text(),'Create New Voucher')]'. Please recheck the objects properties to make sure the desired element is located. 

2020-09-08 12:11:27 - [MESSAGE][WARNING] - Object 'Object Repository/FDR-Dashboard/createNewVoucherButton' is not present after 1 second(s)

2020-09-08 12:11:28 - [MESSAGE][PASSED] - Keys 'SCHIP' sent to object: 'Object Repository/FDR-VoucherEntry/DistributionLine/waiverType'

2020-09-08 12:11:31 - [MESSAGE][INFO] - Unable to find the element located by 'By.xpath: //*[@data-id='button-link']//*[contains(text(),'Create New Voucher')]'. Please recheck the objects properties to make sure the desired element is located. 

2020-09-08 12:11:31 - [MESSAGE][WARNING] - Object 'Object Repository/FDR-Dashboard/createNewVoucherButton' is not present after 2 second(s)

2020-09-08 12:11:31 - [MESSAGE][PASSED] - Keys 'DOWN + ENTER + ' sent to object: 'Object Repository/FDR-VoucherEntry/DistributionLine/waiverType'

2020-09-08 12:11:32 - [MESSAGE][PASSED] - Object: 'Object Repository/FDR-VoucherEntry/DistributionLine/waiverName' is clicked on

2020-09-08 12:11:32 - [MESSAGE][PASSED] - Keys 'Non-Waiver' sent to object: 'Object Repository/FDR-VoucherEntry/DistributionLine/waiverName'

2020-09-08 12:11:35 - [MESSAGE][INFO] - Unable to find the element located by 'By.xpath: //*[@data-id='button-link']//*[contains(text(),'Create New Voucher')]'. Please recheck the objects properties to make sure the desired element is located. 

2020-09-08 12:11:35 - [MESSAGE][WARNING] - Object 'Object Repository/FDR-Dashboard/createNewVoucherButton' is not present after 2 second(s)

2020-09-08 12:11:36 - [MESSAGE][PASSED] - Keys 'DOWN + ENTER + ' sent to object: 'Object Repository/FDR-VoucherEntry/DistributionLine/waiverName'

2020-09-08 12:11:36 - [MESSAGE][PASSED] - Object: 'Object Repository/FDR-VoucherEntry/DistributionLine/fundingSource' is clicked on

2020-09-08 12:11:37 - [MESSAGE][PASSED] - Keys 'HQAF' sent to object: 'Object Repository/FDR-VoucherEntry/DistributionLine/fundingSource'

2020-09-08 12:11:40 - [MESSAGE][INFO] - Unable to find the element located by 'By.xpath: //*[@data-id='button-link']//*[contains(text(),'Create New Voucher')]'. Please recheck the objects properties to make sure the desired element is located. 

2020-09-08 12:11:40 - [MESSAGE][WARNING] - Object 'Object Repository/FDR-Dashboard/createNewVoucherButton' is not present after 2 second(s)

2020-09-08 12:11:40 - [MESSAGE][PASSED] - Keys 'DOWN + ENTER + ' sent to object: 'Object Repository/FDR-VoucherEntry/DistributionLine/fundingSource'

2020-09-08 12:11:41 - [MESSAGE][PASSED] - Object: 'Object Repository/FDR-VoucherEntry/DistributionLine/fundRatio' is clicked on

2020-09-08 12:11:41 - [MESSAGE][PASSED] - Keys '88/12' sent to object: 'Object Repository/FDR-VoucherEntry/DistributionLine/fundRatio'

2020-09-08 12:11:44 - [MESSAGE][INFO] - Unable to find the element located by 'By.xpath: //*[@data-id='button-link']//*[contains(text(),'Create New Voucher')]'. Please recheck the objects properties to make sure the desired element is located. 

2020-09-08 12:11:44 - [MESSAGE][WARNING] - Object 'Object Repository/FDR-Dashboard/createNewVoucherButton' is not present after 2 second(s)

2020-09-08 12:11:45 - [MESSAGE][PASSED] - Keys 'DOWN + ENTER + ' sent to object: 'Object Repository/FDR-VoucherEntry/DistributionLine/fundRatio'

2020-09-08 12:11:45 - [MESSAGE][PASSED] - Object: 'Object Repository/FDR-VoucherEntry/DistributionLine/nonFederalFund' is clicked on

2020-09-08 12:11:46 - [MESSAGE][PASSED] - Keys '3158' sent to object: 'Object Repository/FDR-VoucherEntry/DistributionLine/nonFederalFund'

2020-09-08 12:11:49 - [MESSAGE][INFO] - Unable to find the element located by 'By.xpath: //*[@data-id='button-link']//*[contains(text(),'Create New Voucher')]'. Please recheck the objects properties to make sure the desired element is located. 

2020-09-08 12:11:49 - [MESSAGE][WARNING] - Object 'Object Repository/FDR-Dashboard/createNewVoucherButton' is not present after 2 second(s)

2020-09-08 12:11:49 - [MESSAGE][PASSED] - Keys 'DOWN + ENTER + ' sent to object: 'Object Repository/FDR-VoucherEntry/DistributionLine/nonFederalFund'

2020-09-08 12:11:50 - [MESSAGE][PASSED] - Object: 'Object Repository/FDR-VoucherEntry/DistributionLine/serviceCategory' is clicked on

2020-09-08 12:11:53 - [MESSAGE][INFO] - Unable to find the element located by 'By.xpath: //*[@data-id='button-link']//*[contains(text(),'Create New Voucher')]'. Please recheck the objects properties to make sure the desired element is located. 

2020-09-08 12:11:53 - [MESSAGE][WARNING] - Object 'Object Repository/FDR-Dashboard/createNewVoucherButton' is not present after 2 second(s)

2020-09-08 12:11:53 - [MESSAGE][PASSED] - Keys '1C' sent to object: 'Object Repository/FDR-VoucherEntry/DistributionLine/serviceCategory'

2020-09-08 12:11:53 - [MESSAGE][PASSED] - Keys 'DOWN + ENTER + ' sent to object: 'Object Repository/FDR-VoucherEntry/DistributionLine/serviceCategory'

2020-09-08 12:11:54 - [MESSAGE][PASSED] - Object: 'Object Repository/FDR-VoucherEntry/DistributionLine/incDecLine' is clicked on

2020-09-08 12:11:55 - [MESSAGE][PASSED] - Keys '8: Adjustments and corrections' sent to object: 'Object Repository/FDR-VoucherEntry/DistributionLine/incDecLine'

2020-09-08 12:11:55 - [MESSAGE][PASSED] - Keys 'DOWN + ENTER + ' sent to object: 'Object Repository/FDR-VoucherEntry/DistributionLine/incDecLine'

2020-09-08 12:11:57 - [MESSAGE][INFO] - Unable to find the element located by 'By.xpath: //*[@data-id='button-link']//*[contains(text(),'Create New Voucher')]'. Please recheck the objects properties to make sure the desired element is located. 

2020-09-08 12:11:57 - [MESSAGE][WARNING] - Object 'Object Repository/FDR-Dashboard/createNewVoucherButton' is not present after 1 second(s)

2020-09-08 12:11:58 - [MESSAGE][PASSED] - Object: 'Object Repository/FDR-VoucherEntry/DistributionLine/index' is clicked on

2020-09-08 12:11:58 - [MESSAGE][PASSED] - Keys '1155' sent to object: 'Object Repository/FDR-VoucherEntry/DistributionLine/index'

2020-09-08 12:11:58 - [MESSAGE][PASSED] - Keys 'DOWN + ENTER + ' sent to object: 'Object Repository/FDR-VoucherEntry/DistributionLine/index'

2020-09-08 12:11:59 - [MESSAGE][PASSED] - Object: 'Object Repository/FDR-VoucherEntry/DistributionLine/addSaveButton' is clicked on

2020-09-08 12:11:59 - [TEST_STEP][FAILED] - click(findTestObject("FDR-VoucherEntry/DistributionLine/addSaveButton")): Unable to click on object 'Object Repository/FDR-VoucherEntry/DistributionLine/addSaveButton' (Root cause: com.kms.katalon.core.exception.StepFailedException: Unable to click on object 'Object Repository/FDR-VoucherEntry/DistributionLine/addSaveButton'
	at com.kms.katalon.core.webui.keyword.internal.WebUIKeywordMain.stepFailed(WebUIKeywordMain.groovy:64)
	at com.kms.katalon.core.webui.keyword.internal.WebUIKeywordMain.runKeyword(WebUIKeywordMain.groovy:26)
	at com.kms.katalon.core.webui.keyword.builtin.ClickKeyword.click(ClickKeyword.groovy:76)
	at com.kms.katalon.core.webui.keyword.builtin.ClickKeyword.execute(ClickKeyword.groovy:43)
	at com.kms.katalon.core.keyword.internal.KeywordExecutor.executeKeywordForPlatform(KeywordExecutor.groovy:73)
	at com.kms.katalon.core.webui.keyword.WebUiBuiltInKeywords.click(WebUiBuiltInKeywords.groovy:616)
	at com.kms.katalon.core.webui.keyword.WebUiBuiltInKeywords$click$6.call(Unknown Source)
	at FDR-Create-Voucher-0555.run(FDR-Create-Voucher-0555:37)
	at com.kms.katalon.core.main.ScriptEngine.run(ScriptEngine.java:194)
	at com.kms.katalon.core.main.ScriptEngine.runScriptAsRawText(ScriptEngine.java:119)
	at com.kms.katalon.core.main.TestCaseExecutor.runScript(TestCaseExecutor.java:339)
	at com.kms.katalon.core.main.TestCaseExecutor.doExecute(TestCaseExecutor.java:330)
	at com.kms.katalon.core.main.TestCaseExecutor.processExecutionPhase(TestCaseExecutor.java:309)
	at com.kms.katalon.core.main.TestCaseExecutor.accessMainPhase(TestCaseExecutor.java:301)
	at com.kms.katalon.core.main.TestCaseExecutor.execute(TestCaseExecutor.java:235)
	at com.kms.katalon.core.main.TestSuiteExecutor.accessTestCaseMainPhase(TestSuiteExecutor.java:191)
	at com.kms.katalon.core.main.TestSuiteExecutor.accessTestSuiteMainPhase(TestSuiteExecutor.java:141)
	at com.kms.katalon.core.main.TestSuiteExecutor.execute(TestSuiteExecutor.java:90)
	at com.kms.katalon.core.main.TestCaseMain.startTestSuite(TestCaseMain.java:157)
	at com.kms.katalon.core.main.TestCaseMain$startTestSuite$0.call(Unknown Source)
	at TempTestSuite1599589931846.run(TempTestSuite1599589931846.groovy:39)
Caused by: com.kms.katalon.core.webui.exception.WebElementNotFoundException: Web element with id: 'Object Repository/FDR-VoucherEntry/DistributionLine/addSaveButton' located by '//*[text()='Save & Close']//parent::button[@data-id='action-button']' not found
	at com.kms.katalon.core.webui.common.WebUiCommonHelper.findWebElement(WebUiCommonHelper.java:1368)
	at com.kms.katalon.core.webui.keyword.internal.WebUIAbstractKeyword.findWebElement(WebUIAbstractKeyword.groovy:27)
	at com.kms.katalon.core.webui.keyword.internal.WebUIAbstractKeyword.findWebElement(WebUIAbstractKeyword.groovy:26)
	at com.kms.katalon.core.webui.keyword.builtin.ClickKeyword$_click_closure1.doCall(ClickKeyword.groovy:67)
	at com.kms.katalon.core.webui.keyword.builtin.ClickKeyword$_click_closure1.call(ClickKeyword.groovy)
	at com.kms.katalon.core.webui.keyword.internal.WebUIKeywordMain.runKeyword(WebUIKeywordMain.groovy:20)
	at com.kms.katalon.core.webui.keyword.builtin.ClickKeyword.click(ClickKeyword.groovy:76)
	at com.kms.katalon.core.webui.keyword.builtin.ClickKeyword.execute(ClickKeyword.groovy:43)
	at com.kms.katalon.core.keyword.internal.KeywordExecutor.executeKeywordForPlatform(KeywordExecutor.groovy:73)
	at com.kms.katalon.core.webui.keyword.WebUiBuiltInKeywords.click(WebUiBuiltInKeywords.groovy:616)
	at com.kms.katalon.core.webui.keyword.WebUiBuiltInKeywords$click$6.call(Unknown Source)
	at Script1593004178586.run(Script1593004178586.groovy:37)
	... 13 more
)

2020-09-08 12:12:03 - [MESSAGE][INFO] - Unable to find the element located by 'By.xpath: //*[text()='Save & Close']//parent::button[@data-id='action-button']'. Please recheck the objects properties to make sure the desired element is located. 

2020-09-08 12:12:03 - [MESSAGE][FAILED] - Unable to click on object 'Object Repository/FDR-VoucherEntry/DistributionLine/addSaveButton' (Root cause: com.kms.katalon.core.exception.StepFailedException: Unable to click on object 'Object Repository/FDR-VoucherEntry/DistributionLine/addSaveButton'
	at com.kms.katalon.core.webui.keyword.internal.WebUIKeywordMain.stepFailed(WebUIKeywordMain.groovy:64)
	at com.kms.katalon.core.webui.keyword.internal.WebUIKeywordMain.runKeyword(WebUIKeywordMain.groovy:26)
	at com.kms.katalon.core.webui.keyword.builtin.ClickKeyword.click(ClickKeyword.groovy:76)
	at com.kms.katalon.core.webui.keyword.builtin.ClickKeyword.execute(ClickKeyword.groovy:43)
	at com.kms.katalon.core.keyword.internal.KeywordExecutor.executeKeywordForPlatform(KeywordExecutor.groovy:73)
	at com.kms.katalon.core.webui.keyword.WebUiBuiltInKeywords.click(WebUiBuiltInKeywords.groovy:616)
	at com.kms.katalon.core.webui.keyword.WebUiBuiltInKeywords$click$6.call(Unknown Source)
	at FDR-Create-Voucher-0555.run(FDR-Create-Voucher-0555:37)
	at com.kms.katalon.core.main.ScriptEngine.run(ScriptEngine.java:194)
	at com.kms.katalon.core.main.ScriptEngine.runScriptAsRawText(ScriptEngine.java:119)
	at com.kms.katalon.core.main.TestCaseExecutor.runScript(TestCaseExecutor.java:339)
	at com.kms.katalon.core.main.TestCaseExecutor.doExecute(TestCaseExecutor.java:330)
	at com.kms.katalon.core.main.TestCaseExecutor.processExecutionPhase(TestCaseExecutor.java:309)
	at com.kms.katalon.core.main.TestCaseExecutor.accessMainPhase(TestCaseExecutor.java:301)
	at com.kms.katalon.core.main.TestCaseExecutor.execute(TestCaseExecutor.java:235)
	at com.kms.katalon.core.main.TestSuiteExecutor.accessTestCaseMainPhase(TestSuiteExecutor.java:191)
	at com.kms.katalon.core.main.TestSuiteExecutor.accessTestSuiteMainPhase(TestSuiteExecutor.java:141)
	at com.kms.katalon.core.main.TestSuiteExecutor.execute(TestSuiteExecutor.java:90)
	at com.kms.katalon.core.main.TestCaseMain.startTestSuite(TestCaseMain.java:157)
	at com.kms.katalon.core.main.TestCaseMain$startTestSuite$0.call(Unknown Source)
	at TempTestSuite1599589931846.run(TempTestSuite1599589931846.groovy:39)
Caused by: com.kms.katalon.core.webui.exception.WebElementNotFoundException: Web element with id: 'Object Repository/FDR-VoucherEntry/DistributionLine/addSaveButton' located by '//*[text()='Save & Close']//parent::button[@data-id='action-button']' not found
	at com.kms.katalon.core.webui.common.WebUiCommonHelper.findWebElement(WebUiCommonHelper.java:1368)
	at com.kms.katalon.core.webui.keyword.internal.WebUIAbstractKeyword.findWebElement(WebUIAbstractKeyword.groovy:27)
	at com.kms.katalon.core.webui.keyword.internal.WebUIAbstractKeyword.findWebElement(WebUIAbstractKeyword.groovy:26)
	at com.kms.katalon.core.webui.keyword.builtin.ClickKeyword$_click_closure1.doCall(ClickKeyword.groovy:67)
	at com.kms.katalon.core.webui.keyword.builtin.ClickKeyword$_click_closure1.call(ClickKeyword.groovy)
	at com.kms.katalon.core.webui.keyword.internal.WebUIKeywordMain.runKeyword(WebUIKeywordMain.groovy:20)
	at com.kms.katalon.core.webui.keyword.builtin.ClickKeyword.click(ClickKeyword.groovy:76)
	at com.kms.katalon.core.webui.keyword.builtin.ClickKeyword.execute(ClickKeyword.groovy:43)
	at com.kms.katalon.core.keyword.internal.KeywordExecutor.executeKeywordForPlatform(KeywordExecutor.groovy:73)
	at com.kms.katalon.core.webui.keyword.WebUiBuiltInKeywords.click(WebUiBuiltInKeywords.groovy:616)
	at com.kms.katalon.core.webui.keyword.WebUiBuiltInKeywords$click$6.call(Unknown Source)
	at Script1593004178586.run(Script1593004178586.groovy:37)
	... 13 more
)
[[ATTACHMENT|C:\\fdr-automation-develop_08_25_2020\\Reports\\20200908_113210\\Voucher-Integration_Suite\\20200908_113211\\1599592323620.png]]

2020-09-08 12:12:03 - [TEST_STEP][PASSED] - Start tear down : tearDownTestCase: Method 'tearDownTestCase' complete successfully

2020-09-08 12:12:03 - [MESSAGE][PASSED] - Method 'tearDownTestCase' complete successfully

2020-09-08 12:12:03 - [TEST_STEP][PASSED] - Start listener action : sampleAfterTestCase: null

2020-09-08 12:12:03 - [TEST_STEP][PASSED] - profileName = getExecutionProfile(): null

2020-09-08 12:12:03 - [TEST_STEP][PASSED] - switch (profileName): null

2020-09-08 12:12:03 - [TEST_STEP][PASSED] - case "superUser":: null

2020-09-08 12:12:03 - [TEST_STEP][PASSED] - return null: null

2020-09-08 12:12:03 - [TEST_STEP][PASSED] - Start listener action : afterTestCase: null

2020-09-08 12:12:03 - [TEST_STEP][PASSED] - profileName = getExecutionProfile(): null

2020-09-08 12:12:03 - [TEST_STEP][PASSED] - if (profileName.equalsIgnoreCase("SysAdmin")): null

2020-09-08 12:12:03 - [TEST_STEP][PASSED] - Start listener action : sampleAfterTestCase: null

2020-09-08 12:12:03 - [TEST_STEP][PASSED] - profileName = getExecutionProfile(): null

2020-09-08 12:12:03 - [TEST_STEP][PASSED] - switch (profileName): null

2020-09-08 12:12:03 - [TEST_STEP][PASSED] - case "Voucher":: null

2020-09-08 12:12:03 - [TEST_STEP][PASSED] - Uifunctions.logoutFDR(): Browser is closed

2020-09-08 12:12:04 - [MESSAGE][PASSED] - Browser is closed

2020-09-08 12:12:04 - [TEST_STEP][PASSED] - break: null

2020-09-08 12:12:04 - [TEST_STEP][PASSED] - Start listener action : addFailedTCToList: null]]></system-out>
         <system-err><![CDATA[2020-09-08 12:09:54 - [TEST_CASE][FAILED] - Test Cases/WEB-UI-TESTS/Voucher/FDR-Create-Voucher-0555: Test Cases/WEB-UI-TESTS/Voucher/FDR-Create-Voucher-0555 FAILED.
Reason:
com.kms.katalon.core.exception.StepFailedException: Unable to click on object 'Object Repository/FDR-VoucherEntry/DistributionLine/addSaveButton' (Root cause: com.kms.katalon.core.exception.StepFailedException: Unable to click on object 'Object Repository/FDR-VoucherEntry/DistributionLine/addSaveButton'
	at com.kms.katalon.core.webui.keyword.internal.WebUIKeywordMain.stepFailed(WebUIKeywordMain.groovy:64)
	at com.kms.katalon.core.webui.keyword.internal.WebUIKeywordMain.runKeyword(WebUIKeywordMain.groovy:26)
	at com.kms.katalon.core.webui.keyword.builtin.ClickKeyword.click(ClickKeyword.groovy:76)
	at com.kms.katalon.core.webui.keyword.builtin.ClickKeyword.execute(ClickKeyword.groovy:43)
	at com.kms.katalon.core.keyword.internal.KeywordExecutor.executeKeywordForPlatform(KeywordExecutor.groovy:73)
	at com.kms.katalon.core.webui.keyword.WebUiBuiltInKeywords.click(WebUiBuiltInKeywords.groovy:616)
	at com.kms.katalon.core.webui.keyword.WebUiBuiltInKeywords$click$6.call(Unknown Source)
	at FDR-Create-Voucher-0555.run(FDR-Create-Voucher-0555:37)
	at com.kms.katalon.core.main.ScriptEngine.run(ScriptEngine.java:194)
	at com.kms.katalon.core.main.ScriptEngine.runScriptAsRawText(ScriptEngine.java:119)
	at com.kms.katalon.core.main.TestCaseExecutor.runScript(TestCaseExecutor.java:339)
	at com.kms.katalon.core.main.TestCaseExecutor.doExecute(TestCaseExecutor.java:330)
	at com.kms.katalon.core.main.TestCaseExecutor.processExecutionPhase(TestCaseExecutor.java:309)
	at com.kms.katalon.core.main.TestCaseExecutor.accessMainPhase(TestCaseExecutor.java:301)
	at com.kms.katalon.core.main.TestCaseExecutor.execute(TestCaseExecutor.java:235)
	at com.kms.katalon.core.main.TestSuiteExecutor.accessTestCaseMainPhase(TestSuiteExecutor.java:191)
	at com.kms.katalon.core.main.TestSuiteExecutor.accessTestSuiteMainPhase(TestSuiteExecutor.java:141)
	at com.kms.katalon.core.main.TestSuiteExecutor.execute(TestSuiteExecutor.java:90)
	at com.kms.katalon.core.main.TestCaseMain.startTestSuite(TestCaseMain.java:157)
	at com.kms.katalon.core.main.TestCaseMain$startTestSuite$0.call(Unknown Source)
	at TempTestSuite1599589931846.run(TempTestSuite1599589931846.groovy:39)
Caused by: com.kms.katalon.core.webui.exception.WebElementNotFoundException: Web element with id: 'Object Repository/FDR-VoucherEntry/DistributionLine/addSaveButton' located by '//*[text()='Save & Close']//parent::button[@data-id='action-button']' not found
	at com.kms.katalon.core.webui.common.WebUiCommonHelper.findWebElement(WebUiCommonHelper.java:1368)
	at com.kms.katalon.core.webui.keyword.internal.WebUIAbstractKeyword.findWebElement(WebUIAbstractKeyword.groovy:27)
	at com.kms.katalon.core.webui.keyword.internal.WebUIAbstractKeyword.findWebElement(WebUIAbstractKeyword.groovy:26)
	at com.kms.katalon.core.webui.keyword.builtin.ClickKeyword$_click_closure1.doCall(ClickKeyword.groovy:67)
	at com.kms.katalon.core.webui.keyword.builtin.ClickKeyword$_click_closure1.call(ClickKeyword.groovy)
	at com.kms.katalon.core.webui.keyword.internal.WebUIKeywordMain.runKeyword(WebUIKeywordMain.groovy:20)
	at com.kms.katalon.core.webui.keyword.builtin.ClickKeyword.click(ClickKeyword.groovy:76)
	at com.kms.katalon.core.webui.keyword.builtin.ClickKeyword.execute(ClickKeyword.groovy:43)
	at com.kms.katalon.core.keyword.internal.KeywordExecutor.executeKeywordForPlatform(KeywordExecutor.groovy:73)
	at com.kms.katalon.core.webui.keyword.WebUiBuiltInKeywords.click(WebUiBuiltInKeywords.groovy:616)
	at com.kms.katalon.core.webui.keyword.WebUiBuiltInKeywords$click$6.call(Unknown Source)
	at Script1593004178586.run(Script1593004178586.groovy:37)
	... 13 more
)
	at com.kms.katalon.core.keyword.internal.KeywordMain.stepFailed(KeywordMain.groovy:39)
	at com.kms.katalon.core.webui.keyword.internal.WebUIKeywordMain.stepFailed(WebUIKeywordMain.groovy:64)
	at com.kms.katalon.core.webui.keyword.internal.WebUIKeywordMain.runKeyword(WebUIKeywordMain.groovy:26)
	at com.kms.katalon.core.webui.keyword.builtin.ClickKeyword.click(ClickKeyword.groovy:76)
	at com.kms.katalon.core.webui.keyword.builtin.ClickKeyword.execute(ClickKeyword.groovy:43)
	at com.kms.katalon.core.keyword.internal.KeywordExecutor.executeKeywordForPlatform(KeywordExecutor.groovy:73)
	at com.kms.katalon.core.webui.keyword.WebUiBuiltInKeywords.click(WebUiBuiltInKeywords.groovy:616)
	at com.kms.katalon.core.webui.keyword.WebUiBuiltInKeywords$click$6.call(Unknown Source)
	at FDR-Create-Voucher-0555.run(FDR-Create-Voucher-0555:37)
	at com.kms.katalon.core.main.ScriptEngine.run(ScriptEngine.java:194)
	at com.kms.katalon.core.main.ScriptEngine.runScriptAsRawText(ScriptEngine.java:119)
	at com.kms.katalon.core.main.TestCaseExecutor.runScript(TestCaseExecutor.java:339)
	at com.kms.katalon.core.main.TestCaseExecutor.doExecute(TestCaseExecutor.java:330)
	at com.kms.katalon.core.main.TestCaseExecutor.processExecutionPhase(TestCaseExecutor.java:309)
	at com.kms.katalon.core.main.TestCaseExecutor.accessMainPhase(TestCaseExecutor.java:301)
	at com.kms.katalon.core.main.TestCaseExecutor.execute(TestCaseExecutor.java:235)
	at com.kms.katalon.core.main.TestSuiteExecutor.accessTestCaseMainPhase(TestSuiteExecutor.java:191)
	at com.kms.katalon.core.main.TestSuiteExecutor.accessTestSuiteMainPhase(TestSuiteExecutor.java:141)
	at com.kms.katalon.core.main.TestSuiteExecutor.execute(TestSuiteExecutor.java:90)
	at com.kms.katalon.core.main.TestCaseMain.startTestSuite(TestCaseMain.java:157)
	at com.kms.katalon.core.main.TestCaseMain$startTestSuite$0.call(Unknown Source)
	at TempTestSuite1599589931846.run(TempTestSuite1599589931846.groovy:39)
Caused by: com.kms.katalon.core.exception.StepFailedException: Unable to click on object 'Object Repository/FDR-VoucherEntry/DistributionLine/addSaveButton'
	... 21 more
Caused by: com.kms.katalon.core.webui.exception.WebElementNotFoundException: Web element with id: 'Object Repository/FDR-VoucherEntry/DistributionLine/addSaveButton' located by '//*[text()='Save & Close']//parent::button[@data-id='action-button']' not found
	at com.kms.katalon.core.webui.common.WebUiCommonHelper.findWebElement(WebUiCommonHelper.java:1368)
	at com.kms.katalon.core.webui.keyword.internal.WebUIAbstractKeyword.findWebElement(WebUIAbstractKeyword.groovy:27)
	at com.kms.katalon.core.webui.keyword.internal.WebUIAbstractKeyword.findWebElement(WebUIAbstractKeyword.groovy:26)
	at com.kms.katalon.core.webui.keyword.builtin.ClickKeyword$_click_closure1.doCall(ClickKeyword.groovy:67)
	at com.kms.katalon.core.webui.keyword.builtin.ClickKeyword$_click_closure1.call(ClickKeyword.groovy)
	at com.kms.katalon.core.webui.keyword.internal.WebUIKeywordMain.runKeyword(WebUIKeywordMain.groovy:20)
	... 19 more]]></system-err>
      </testcase>
      <testcase name="Test Cases/WEB-UI-TESTS/Voucher/FDR-Reject-Voucher" time="313.022" classname="Test Cases/WEB-UI-TESTS/Voucher/FDR-Reject-Voucher" status="FAILED">
         <failure type="FAILED" message="Test Cases/WEB-UI-TESTS/Voucher/FDR-Reject-Voucher FAILED.
Reason:
com.kms.katalon.core.exception.StepFailedException: Unable to get text of object 'Object Repository/FDR-Vouchers-States/Validate/Reject/verificationReasons/dlGroup1RejectionReason' (Root cause: com.kms.katalon.core.exception.StepFailedException: Unable to get text of object 'Object Repository/FDR-Vouchers-States/Validate/Reject/verificationReasons/dlGroup1RejectionReason'
	at com.kms.katalon.core.webui.keyword.internal.WebUIKeywordMain.stepFailed(WebUIKeywordMain.groovy:64)
	at com.kms.katalon.core.webui.keyword.internal.WebUIKeywordMain.runKeyword(WebUIKeywordMain.groovy:26)
	at com.kms.katalon.core.webui.keyword.builtin.GetTextKeyword.getText(GetTextKeyword.groovy:88)
	at com.kms.katalon.core.webui.keyword.builtin.GetTextKeyword.execute(GetTextKeyword.groovy:67)
	at com.kms.katalon.core.keyword.internal.KeywordExecutor.executeKeywordForPlatform(KeywordExecutor.groovy:73)
	at com.kms.katalon.core.webui.keyword.WebUiBuiltInKeywords.getText(WebUiBuiltInKeywords.groovy:914)
	at com.kms.katalon.core.webui.keyword.WebUiBuiltInKeywords$getText$11.call(Unknown Source)
	at FDR-Reject-Voucher.run(FDR-Reject-Voucher:133)
	at com.kms.katalon.core.main.ScriptEngine.run(ScriptEngine.java:194)
	at com.kms.katalon.core.main.ScriptEngine.runScriptAsRawText(ScriptEngine.java:119)
	at com.kms.katalon.core.main.TestCaseExecutor.runScript(TestCaseExecutor.java:339)
	at com.kms.katalon.core.main.TestCaseExecutor.doExecute(TestCaseExecutor.java:330)
	at com.kms.katalon.core.main.TestCaseExecutor.processExecutionPhase(TestCaseExecutor.java:309)
	at com.kms.katalon.core.main.TestCaseExecutor.accessMainPhase(TestCaseExecutor.java:301)
	at com.kms.katalon.core.main.TestCaseExecutor.execute(TestCaseExecutor.java:235)
	at com.kms.katalon.core.main.TestSuiteExecutor.accessTestCaseMainPhase(TestSuiteExecutor.java:191)
	at com.kms.katalon.core.main.TestSuiteExecutor.accessTestSuiteMainPhase(TestSuiteExecutor.java:141)
	at com.kms.katalon.core.main.TestSuiteExecutor.execute(TestSuiteExecutor.java:90)
	at com.kms.katalon.core.main.TestCaseMain.startTestSuite(TestCaseMain.java:157)
	at com.kms.katalon.core.main.TestCaseMain$startTestSuite$0.call(Unknown Source)
	at TempTestSuite1599589931846.run(TempTestSuite1599589931846.groovy:39)
Caused by: com.kms.katalon.core.webui.exception.WebElementNotFoundException: Web element with id: 'Object Repository/FDR-Vouchers-States/Validate/Reject/verificationReasons/dlGroup1RejectionReason' located by '(//*[text()='Line 1 Group 1: ' ]//parent::*//*[2])[1]' not found
	at com.kms.katalon.core.webui.common.WebUiCommonHelper.findWebElement(WebUiCommonHelper.java:1368)
	at com.kms.katalon.core.webui.keyword.internal.WebUIAbstractKeyword.findWebElement(WebUIAbstractKeyword.groovy:27)
	at com.kms.katalon.core.webui.keyword.internal.WebUIAbstractKeyword.findWebElement(WebUIAbstractKeyword.groovy:26)
	at com.kms.katalon.core.webui.keyword.builtin.GetTextKeyword$_getText_closure1.doCall(GetTextKeyword.groovy:78)
	at com.kms.katalon.core.webui.keyword.builtin.GetTextKeyword$_getText_closure1.call(GetTextKeyword.groovy)
	at com.kms.katalon.core.webui.keyword.internal.WebUIKeywordMain.runKeyword(WebUIKeywordMain.groovy:20)
	at com.kms.katalon.core.webui.keyword.builtin.GetTextKeyword.getText(GetTextKeyword.groovy:88)
	at com.kms.katalon.core.webui.keyword.builtin.GetTextKeyword.execute(GetTextKeyword.groovy:67)
	at com.kms.katalon.core.keyword.internal.KeywordExecutor.executeKeywordForPlatform(KeywordExecutor.groovy:73)
	at com.kms.katalon.core.webui.keyword.WebUiBuiltInKeywords.getText(WebUiBuiltInKeywords.groovy:914)
	at com.kms.katalon.core.webui.keyword.WebUiBuiltInKeywords$getText$11.call(Unknown Source)
	at Script1585606028046.run(Script1585606028046.groovy:133)
	... 13 more
)
	at com.kms.katalon.core.keyword.internal.KeywordMain.stepFailed(KeywordMain.groovy:39)
	at com.kms.katalon.core.webui.keyword.internal.WebUIKeywordMain.stepFailed(WebUIKeywordMain.groovy:64)
	at com.kms.katalon.core.webui.keyword.internal.WebUIKeywordMain.runKeyword(WebUIKeywordMain.groovy:26)
	at com.kms.katalon.core.webui.keyword.builtin.GetTextKeyword.getText(GetTextKeyword.groovy:88)
	at com.kms.katalon.core.webui.keyword.builtin.GetTextKeyword.execute(GetTextKeyword.groovy:67)
	at com.kms.katalon.core.keyword.internal.KeywordExecutor.executeKeywordForPlatform(KeywordExecutor.groovy:73)
	at com.kms.katalon.core.webui.keyword.WebUiBuiltInKeywords.getText(WebUiBuiltInKeywords.groovy:914)
	at com.kms.katalon.core.webui.keyword.WebUiBuiltInKeywords$getText$11.call(Unknown Source)
	at FDR-Reject-Voucher.run(FDR-Reject-Voucher:133)
	at com.kms.katalon.core.main.ScriptEngine.run(ScriptEngine.java:194)
	at com.kms.katalon.core.main.ScriptEngine.runScriptAsRawText(ScriptEngine.java:119)
	at com.kms.katalon.core.main.TestCaseExecutor.runScript(TestCaseExecutor.java:339)
	at com.kms.katalon.core.main.TestCaseExecutor.doExecute(TestCaseExecutor.java:330)
	at com.kms.katalon.core.main.TestCaseExecutor.processExecutionPhase(TestCaseExecutor.java:309)
	at com.kms.katalon.core.main.TestCaseExecutor.accessMainPhase(TestCaseExecutor.java:301)
	at com.kms.katalon.core.main.TestCaseExecutor.execute(TestCaseExecutor.java:235)
	at com.kms.katalon.core.main.TestSuiteExecutor.accessTestCaseMainPhase(TestSuiteExecutor.java:191)
	at com.kms.katalon.core.main.TestSuiteExecutor.accessTestSuiteMainPhase(TestSuiteExecutor.java:141)
	at com.kms.katalon.core.main.TestSuiteExecutor.execute(TestSuiteExecutor.java:90)
	at com.kms.katalon.core.main.TestCaseMain.startTestSuite(TestCaseMain.java:157)
	at com.kms.katalon.core.main.TestCaseMain$startTestSuite$0.call(Unknown Source)
	at TempTestSuite1599589931846.run(TempTestSuite1599589931846.groovy:39)
Caused by: com.kms.katalon.core.exception.StepFailedException: Unable to get text of object 'Object Repository/FDR-Vouchers-States/Validate/Reject/verificationReasons/dlGroup1RejectionReason'
	... 21 more
Caused by: com.kms.katalon.core.webui.exception.WebElementNotFoundException: Web element with id: 'Object Repository/FDR-Vouchers-States/Validate/Reject/verificationReasons/dlGroup1RejectionReason' located by '(//*[text()='Line 1 Group 1: ' ]//parent::*//*[2])[1]' not found
	at com.kms.katalon.core.webui.common.WebUiCommonHelper.findWebElement(WebUiCommonHelper.java:1368)
	at com.kms.katalon.core.webui.keyword.internal.WebUIAbstractKeyword.findWebElement(WebUIAbstractKeyword.groovy:27)
	at com.kms.katalon.core.webui.keyword.internal.WebUIAbstractKeyword.findWebElement(WebUIAbstractKeyword.groovy:26)
	at com.kms.katalon.core.webui.keyword.builtin.GetTextKeyword$_getText_closure1.doCall(GetTextKeyword.groovy:78)
	at com.kms.katalon.core.webui.keyword.builtin.GetTextKeyword$_getText_closure1.call(GetTextKeyword.groovy)
	at com.kms.katalon.core.webui.keyword.internal.WebUIKeywordMain.runKeyword(WebUIKeywordMain.groovy:20)
	... 19 more
"/>
         <system-out><![CDATA[2020-09-08 12:12:04 - [TEST_CASE][FAILED] - Test Cases/WEB-UI-TESTS/Voucher/FDR-Reject-Voucher: Test Cases/WEB-UI-TESTS/Voucher/FDR-Reject-Voucher FAILED.
Reason:
com.kms.katalon.core.exception.StepFailedException: Unable to get text of object 'Object Repository/FDR-Vouchers-States/Validate/Reject/verificationReasons/dlGroup1RejectionReason' (Root cause: com.kms.katalon.core.exception.StepFailedException: Unable to get text of object 'Object Repository/FDR-Vouchers-States/Validate/Reject/verificationReasons/dlGroup1RejectionReason'
	at com.kms.katalon.core.webui.keyword.internal.WebUIKeywordMain.stepFailed(WebUIKeywordMain.groovy:64)
	at com.kms.katalon.core.webui.keyword.internal.WebUIKeywordMain.runKeyword(WebUIKeywordMain.groovy:26)
	at com.kms.katalon.core.webui.keyword.builtin.GetTextKeyword.getText(GetTextKeyword.groovy:88)
	at com.kms.katalon.core.webui.keyword.builtin.GetTextKeyword.execute(GetTextKeyword.groovy:67)
	at com.kms.katalon.core.keyword.internal.KeywordExecutor.executeKeywordForPlatform(KeywordExecutor.groovy:73)
	at com.kms.katalon.core.webui.keyword.WebUiBuiltInKeywords.getText(WebUiBuiltInKeywords.groovy:914)
	at com.kms.katalon.core.webui.keyword.WebUiBuiltInKeywords$getText$11.call(Unknown Source)
	at FDR-Reject-Voucher.run(FDR-Reject-Voucher:133)
	at com.kms.katalon.core.main.ScriptEngine.run(ScriptEngine.java:194)
	at com.kms.katalon.core.main.ScriptEngine.runScriptAsRawText(ScriptEngine.java:119)
	at com.kms.katalon.core.main.TestCaseExecutor.runScript(TestCaseExecutor.java:339)
	at com.kms.katalon.core.main.TestCaseExecutor.doExecute(TestCaseExecutor.java:330)
	at com.kms.katalon.core.main.TestCaseExecutor.processExecutionPhase(TestCaseExecutor.java:309)
	at com.kms.katalon.core.main.TestCaseExecutor.accessMainPhase(TestCaseExecutor.java:301)
	at com.kms.katalon.core.main.TestCaseExecutor.execute(TestCaseExecutor.java:235)
	at com.kms.katalon.core.main.TestSuiteExecutor.accessTestCaseMainPhase(TestSuiteExecutor.java:191)
	at com.kms.katalon.core.main.TestSuiteExecutor.accessTestSuiteMainPhase(TestSuiteExecutor.java:141)
	at com.kms.katalon.core.main.TestSuiteExecutor.execute(TestSuiteExecutor.java:90)
	at com.kms.katalon.core.main.TestCaseMain.startTestSuite(TestCaseMain.java:157)
	at com.kms.katalon.core.main.TestCaseMain$startTestSuite$0.call(Unknown Source)
	at TempTestSuite1599589931846.run(TempTestSuite1599589931846.groovy:39)
Caused by: com.kms.katalon.core.webui.exception.WebElementNotFoundException: Web element with id: 'Object Repository/FDR-Vouchers-States/Validate/Reject/verificationReasons/dlGroup1RejectionReason' located by '(//*[text()='Line 1 Group 1: ' ]//parent::*//*[2])[1]' not found
	at com.kms.katalon.core.webui.common.WebUiCommonHelper.findWebElement(WebUiCommonHelper.java:1368)
	at com.kms.katalon.core.webui.keyword.internal.WebUIAbstractKeyword.findWebElement(WebUIAbstractKeyword.groovy:27)
	at com.kms.katalon.core.webui.keyword.internal.WebUIAbstractKeyword.findWebElement(WebUIAbstractKeyword.groovy:26)
	at com.kms.katalon.core.webui.keyword.builtin.GetTextKeyword$_getText_closure1.doCall(GetTextKeyword.groovy:78)
	at com.kms.katalon.core.webui.keyword.builtin.GetTextKeyword$_getText_closure1.call(GetTextKeyword.groovy)
	at com.kms.katalon.core.webui.keyword.internal.WebUIKeywordMain.runKeyword(WebUIKeywordMain.groovy:20)
	at com.kms.katalon.core.webui.keyword.builtin.GetTextKeyword.getText(GetTextKeyword.groovy:88)
	at com.kms.katalon.core.webui.keyword.builtin.GetTextKeyword.execute(GetTextKeyword.groovy:67)
	at com.kms.katalon.core.keyword.internal.KeywordExecutor.executeKeywordForPlatform(KeywordExecutor.groovy:73)
	at com.kms.katalon.core.webui.keyword.WebUiBuiltInKeywords.getText(WebUiBuiltInKeywords.groovy:914)
	at com.kms.katalon.core.webui.keyword.WebUiBuiltInKeywords$getText$11.call(Unknown Source)
	at Script1585606028046.run(Script1585606028046.groovy:133)
	... 13 more
)
	at com.kms.katalon.core.keyword.internal.KeywordMain.stepFailed(KeywordMain.groovy:39)
	at com.kms.katalon.core.webui.keyword.internal.WebUIKeywordMain.stepFailed(WebUIKeywordMain.groovy:64)
	at com.kms.katalon.core.webui.keyword.internal.WebUIKeywordMain.runKeyword(WebUIKeywordMain.groovy:26)
	at com.kms.katalon.core.webui.keyword.builtin.GetTextKeyword.getText(GetTextKeyword.groovy:88)
	at com.kms.katalon.core.webui.keyword.builtin.GetTextKeyword.execute(GetTextKeyword.groovy:67)
	at com.kms.katalon.core.keyword.internal.KeywordExecutor.executeKeywordForPlatform(KeywordExecutor.groovy:73)
	at com.kms.katalon.core.webui.keyword.WebUiBuiltInKeywords.getText(WebUiBuiltInKeywords.groovy:914)
	at com.kms.katalon.core.webui.keyword.WebUiBuiltInKeywords$getText$11.call(Unknown Source)
	at FDR-Reject-Voucher.run(FDR-Reject-Voucher:133)
	at com.kms.katalon.core.main.ScriptEngine.run(ScriptEngine.java:194)
	at com.kms.katalon.core.main.ScriptEngine.runScriptAsRawText(ScriptEngine.java:119)
	at com.kms.katalon.core.main.TestCaseExecutor.runScript(TestCaseExecutor.java:339)
	at com.kms.katalon.core.main.TestCaseExecutor.doExecute(TestCaseExecutor.java:330)
	at com.kms.katalon.core.main.TestCaseExecutor.processExecutionPhase(TestCaseExecutor.java:309)
	at com.kms.katalon.core.main.TestCaseExecutor.accessMainPhase(TestCaseExecutor.java:301)
	at com.kms.katalon.core.main.TestCaseExecutor.execute(TestCaseExecutor.java:235)
	at com.kms.katalon.core.main.TestSuiteExecutor.accessTestCaseMainPhase(TestSuiteExecutor.java:191)
	at com.kms.katalon.core.main.TestSuiteExecutor.accessTestSuiteMainPhase(TestSuiteExecutor.java:141)
	at com.kms.katalon.core.main.TestSuiteExecutor.execute(TestSuiteExecutor.java:90)
	at com.kms.katalon.core.main.TestCaseMain.startTestSuite(TestCaseMain.java:157)
	at com.kms.katalon.core.main.TestCaseMain$startTestSuite$0.call(Unknown Source)
	at TempTestSuite1599589931846.run(TempTestSuite1599589931846.groovy:39)
Caused by: com.kms.katalon.core.exception.StepFailedException: Unable to get text of object 'Object Repository/FDR-Vouchers-States/Validate/Reject/verificationReasons/dlGroup1RejectionReason'
	... 21 more
Caused by: com.kms.katalon.core.webui.exception.WebElementNotFoundException: Web element with id: 'Object Repository/FDR-Vouchers-States/Validate/Reject/verificationReasons/dlGroup1RejectionReason' located by '(//*[text()='Line 1 Group 1: ' ]//parent::*//*[2])[1]' not found
	at com.kms.katalon.core.webui.common.WebUiCommonHelper.findWebElement(WebUiCommonHelper.java:1368)
	at com.kms.katalon.core.webui.keyword.internal.WebUIAbstractKeyword.findWebElement(WebUIAbstractKeyword.groovy:27)
	at com.kms.katalon.core.webui.keyword.internal.WebUIAbstractKeyword.findWebElement(WebUIAbstractKeyword.groovy:26)
	at com.kms.katalon.core.webui.keyword.builtin.GetTextKeyword$_getText_closure1.doCall(GetTextKeyword.groovy:78)
	at com.kms.katalon.core.webui.keyword.builtin.GetTextKeyword$_getText_closure1.call(GetTextKeyword.groovy)
	at com.kms.katalon.core.webui.keyword.internal.WebUIKeywordMain.runKeyword(WebUIKeywordMain.groovy:20)
	... 19 more


2020-09-08 12:12:04 - [TEST_STEP][PASSED] - Start listener action : sampleBeforeTestCase: null

2020-09-08 12:12:04 - [TEST_STEP][PASSED] - profileName = getExecutionProfile(): null

2020-09-08 12:12:04 - [TEST_STEP][PASSED] - switch (profileName): null

2020-09-08 12:12:04 - [TEST_STEP][PASSED] - case "superUser":: null

2020-09-08 12:12:04 - [TEST_STEP][PASSED] - return null: null

2020-09-08 12:12:04 - [TEST_STEP][PASSED] - Start listener action : beforeTestCase: null

2020-09-08 12:12:04 - [TEST_STEP][PASSED] - profileName = getExecutionProfile(): null

2020-09-08 12:12:04 - [TEST_STEP][PASSED] - if (profileName.equalsIgnoreCase("SysAdmin")): null

2020-09-08 12:12:04 - [TEST_STEP][PASSED] - Start listener action : sampleBeforeTestCase: Navigate to 'https://fdr-katalon.cammis-mod-dev.dhcs.ca.gov' successfully

2020-09-08 12:12:04 - [TEST_STEP][PASSED] - profileName = getExecutionProfile(): null

2020-09-08 12:12:04 - [TEST_STEP][PASSED] - testCaseId = testCaseContext.getTestCaseId(): null

2020-09-08 12:12:04 - [TEST_STEP][PASSED] - switch (profileName): null

2020-09-08 12:12:04 - [TEST_STEP][PASSED] - case "Voucher":: null

2020-09-08 12:12:04 - [TEST_STEP][PASSED] - Uifunctions.loginFDR(accountsApproverAcc2, accountsApproverAcc2Pwd): Object: 'Object Repository/FDR-SignIn/SignInButton' is clicked on

2020-09-08 12:12:04 - [MESSAGE][INFO] - Starting 'Chrome' driver

2020-09-08 12:12:04 - [MESSAGE][INFO] - Action delay is set to 0 milliseconds

2020-09-08 12:12:07 - [MESSAGE][PASSED] - Browser is opened with url: ''

2020-09-08 12:12:09 - [MESSAGE][PASSED] - Current window maximized

2020-09-08 12:12:10 - [MESSAGE][PASSED] - Navigate to 'https://fdr-katalon.cammis-mod-dev.dhcs.ca.gov' successfully

2020-09-08 12:12:13 - [MESSAGE][PASSED] - Object 'Object Repository/FDR-SignIn/SignInEmail' is present

2020-09-08 12:12:13 - [MESSAGE][PASSED] - Object: 'Object Repository/FDR-SignIn/SignInEmail' is clicked on

2020-09-08 12:12:13 - [MESSAGE][PASSED] - Object 'Object Repository/FDR-SignIn/SignInEmail' is present

2020-09-08 12:12:14 - [MESSAGE][PASSED] - Text 'fdr.test2@dhcs.ca.gov' is set on object 'Object Repository/FDR-SignIn/SignInEmail'

2020-09-08 12:12:14 - [MESSAGE][PASSED] - Object 'Object Repository/FDR-SignIn/SignInEmailNext' is visible

2020-09-08 12:12:14 - [MESSAGE][PASSED] - Object: 'Object Repository/FDR-SignIn/SignInEmailNext' is clicked on

2020-09-08 12:12:18 - [MESSAGE][PASSED] - Object 'Object Repository/FDR-SignIn/SignInEmailPassword' is visible

2020-09-08 12:12:18 - [MESSAGE][PASSED] - Object: 'Object Repository/FDR-SignIn/SignInEmailPassword' is clicked on

2020-09-08 12:12:18 - [MESSAGE][PASSED] - Text ****** has been set on object 'Object Repository/FDR-SignIn/SignInEmailPassword'

2020-09-08 12:12:20 - [MESSAGE][PASSED] - Object: 'Object Repository/FDR-SignIn/SignInButton' is clicked on

2020-09-08 12:12:20 - [TEST_STEP][PASSED] - break: null

2020-09-08 12:12:20 - [TEST_STEP][PASSED] - navigateToUrl(URL): Navigate to 'https://fdr-katalon.cammis-mod-dev.dhcs.ca.gov' successfully

2020-09-08 12:12:20 - [MESSAGE][PASSED] - Navigate to 'https://fdr-katalon.cammis-mod-dev.dhcs.ca.gov' successfully

2020-09-08 12:12:20 - [TEST_STEP][PASSED] - Start listener action : executeRows: null

2020-09-08 12:12:20 - [TEST_STEP][PASSED] - Start setup action : setupTestCase: Method 'setupTestCase' complete successfully

2020-09-08 12:12:20 - [MESSAGE][PASSED] - Method 'setupTestCase' complete successfully

2020-09-08 12:12:21 - [TEST_STEP][PASSED] - callTestCase(findTestCase("WEB-UI-TESTS/Voucher/FDR-Create-Complex-Voucher"), ["drawDate":drawDate, "payDate":payDate, "programType":programType, "invoiceType":invoiceType, "fundCode":fundCode, "supplier":supplier, ... ], STOP_ON_FAILURE): Call Test Case 'Test Cases/WEB-UI-TESTS/Voucher/FDR-Create-Complex-Voucher' successfully

2020-09-08 12:12:21 - [TEST_CASE][PASSED] - Test Cases/WEB-UI-TESTS/Voucher/FDR-Create-Complex-Voucher: Test Cases/WEB-UI-TESTS/Voucher/FDR-Create-Complex-Voucher

2020-09-08 12:12:21 - [TEST_STEP][PASSED] - voucherHeaderData = ["drawDate":drawDate, "payDate":payDate, "programType":programType, "invoiceType":invoiceType, "fundCode":fundCode, "supplier":supplier, ... ]: null

2020-09-08 12:12:21 - [TEST_STEP][PASSED] - Uifunctions.createVoucherHeader(voucherHeaderData): Object 'Object Repository/FDR-VoucherEntry/VoucherHeader/reviewButton' is present

2020-09-08 12:12:22 - [MESSAGE][PASSED] - Object 'Object Repository/FDR-Dashboard/createNewVoucherButton' is present

2020-09-08 12:12:23 - [MESSAGE][PASSED] - Object: 'Object Repository/FDR-Dashboard/createNewVoucherButton' is clicked on

2020-09-08 12:12:27 - [MESSAGE][INFO] - Unable to find the element located by 'By.xpath: //*[@data-id='action-button']//*[contains(text(),'Review')]'. Please recheck the objects properties to make sure the desired element is located. 

2020-09-08 12:12:27 - [MESSAGE][WARNING] - Object 'Object Repository/FDR-VoucherEntry/VoucherHeader/reviewButton' is not present after 3 second(s)

2020-09-08 12:12:27 - [MESSAGE][PASSED] - Object: 'Object Repository/FDR-VoucherEntry/Voucher/drawDate' is clicked on

2020-09-08 12:12:30 - [MESSAGE][INFO] - Unable to find the element located by 'By.xpath: //*[@data-id='button-link']//*[contains(text(),'Create New Voucher')]'. Please recheck the objects properties to make sure the desired element is located. 

2020-09-08 12:12:30 - [MESSAGE][WARNING] - Object 'Object Repository/FDR-Dashboard/createNewVoucherButton' is not present after 1 second(s)

2020-09-08 12:12:31 - [MESSAGE][PASSED] - Text '09/23/2020' is set on object 'Object Repository/FDR-VoucherEntry/Voucher/drawDate'

2020-09-08 12:12:35 - [MESSAGE][INFO] - Unable to find the element located by 'By.xpath: //*[@data-id='button-link']//*[contains(text(),'Create New Voucher')]'. Please recheck the objects properties to make sure the desired element is located. 

2020-09-08 12:12:35 - [MESSAGE][WARNING] - Object 'Object Repository/FDR-Dashboard/createNewVoucherButton' is not present after 3 second(s)

2020-09-08 12:12:35 - [MESSAGE][PASSED] - Object: 'Object Repository/FDR-VoucherEntry/Voucher/programType' is clicked on

2020-09-08 12:12:38 - [MESSAGE][INFO] - Unable to find the element located by 'By.xpath: //*[@data-id='button-link']//*[contains(text(),'Create New Voucher')]'. Please recheck the objects properties to make sure the desired element is located. 

2020-09-08 12:12:38 - [MESSAGE][WARNING] - Object 'Object Repository/FDR-Dashboard/createNewVoucherButton' is not present after 2 second(s)

2020-09-08 12:12:39 - [MESSAGE][PASSED] - Keys 'Medical Assistance (MA)' sent to object: 'Object Repository/FDR-VoucherEntry/Voucher/programType'

2020-09-08 12:12:39 - [MESSAGE][PASSED] - Object 'Object Repository/FDR-VoucherEntry/Voucher/programType' is present

2020-09-08 12:12:39 - [MESSAGE][PASSED] - Keys 'DOWN + ENTER + ' sent to object: 'Object Repository/FDR-VoucherEntry/Voucher/programType'

2020-09-08 12:12:40 - [MESSAGE][PASSED] - Object: 'Object Repository/FDR-VoucherEntry/Voucher/invoiceType' is clicked on

2020-09-08 12:12:40 - [MESSAGE][PASSED] - Object 'Object Repository/FDR-VoucherEntry/Voucher/invoiceType' is present

2020-09-08 12:12:41 - [MESSAGE][PASSED] - Keys 'CAP' sent to object: 'Object Repository/FDR-VoucherEntry/Voucher/invoiceType'

2020-09-08 12:12:41 - [MESSAGE][PASSED] - Keys 'DOWN + ENTER + ' sent to object: 'Object Repository/FDR-VoucherEntry/Voucher/invoiceType'

2020-09-08 12:12:42 - [MESSAGE][PASSED] - Object: 'Object Repository/FDR-VoucherEntry/Voucher/fundCode' is clicked on

2020-09-08 12:12:42 - [MESSAGE][PASSED] - Keys 'Health Care Deposit Fund (0912)' sent to object: 'Object Repository/FDR-VoucherEntry/Voucher/fundCode'

2020-09-08 12:12:43 - [MESSAGE][PASSED] - Object 'Object Repository/FDR-VoucherEntry/Voucher/fundCode' is present

2020-09-08 12:12:43 - [MESSAGE][PASSED] - Keys 'DOWN + ENTER + ' sent to object: 'Object Repository/FDR-VoucherEntry/Voucher/fundCode'

2020-09-08 12:12:44 - [MESSAGE][PASSED] - Object: 'Object Repository/FDR-VoucherEntry/Voucher/supplierID' is clicked on

2020-09-08 12:12:44 - [MESSAGE][PASSED] - Keys '0000007954' sent to object: 'Object Repository/FDR-VoucherEntry/Voucher/supplierID'

2020-09-08 12:12:45 - [MESSAGE][PASSED] - Object 'Object Repository/FDR-VoucherEntry/Voucher/supplierID' is present

2020-09-08 12:12:45 - [MESSAGE][PASSED] - Keys 'DOWN + ENTER + ' sent to object: 'Object Repository/FDR-VoucherEntry/Voucher/supplierID'

2020-09-08 12:12:46 - [MESSAGE][PASSED] - Object: 'Object Repository/FDR-VoucherEntry/Voucher/seqNum' is clicked on

2020-09-08 12:12:46 - [MESSAGE][PASSED] - Object 'Object Repository/FDR-VoucherEntry/Voucher/seqNum' is present

2020-09-08 12:12:46 - [MESSAGE][PASSED] - Keys 'DOWN + ENTER + ' sent to object: 'Object Repository/FDR-VoucherEntry/Voucher/seqNum'

2020-09-08 12:12:47 - [MESSAGE][PASSED] - Object: 'Object Repository/FDR-VoucherEntry/Voucher/contractNum' is clicked on

2020-09-08 12:12:47 - [MESSAGE][PASSED] - Keys '07-65707' sent to object: 'Object Repository/FDR-VoucherEntry/Voucher/contractNum'

2020-09-08 12:12:48 - [MESSAGE][PASSED] - Object 'Object Repository/FDR-VoucherEntry/Voucher/contractNum' is present

2020-09-08 12:12:48 - [MESSAGE][PASSED] - Keys 'DOWN + ENTER + ' sent to object: 'Object Repository/FDR-VoucherEntry/Voucher/contractNum'

2020-09-08 12:12:50 - [MESSAGE][PASSED] - Text 'This message will print on the Remittance Advice' is set on object 'Object Repository/FDR-VoucherEntry/Voucher/vendorMessage'

2020-09-08 12:12:51 - [MESSAGE][PASSED] - Object: 'Object Repository/FDR-VoucherEntry/Voucher/primaryContact' is clicked on

2020-09-08 12:12:51 - [MESSAGE][PASSED] - Keys 'Aung Lin' sent to object: 'Object Repository/FDR-VoucherEntry/Voucher/primaryContact'

2020-09-08 12:12:52 - [MESSAGE][PASSED] - Object 'Object Repository/FDR-VoucherEntry/Voucher/primaryContact' is present

2020-09-08 12:12:52 - [MESSAGE][PASSED] - Keys 'DOWN + ENTER + ' sent to object: 'Object Repository/FDR-VoucherEntry/Voucher/primaryContact'

2020-09-08 12:12:53 - [MESSAGE][PASSED] - Object: 'Object Repository/FDR-VoucherEntry/Voucher/secondaryContact' is clicked on

2020-09-08 12:12:53 - [MESSAGE][PASSED] - Keys 'Vivian Ly' sent to object: 'Object Repository/FDR-VoucherEntry/Voucher/secondaryContact'

2020-09-08 12:12:54 - [MESSAGE][PASSED] - Object 'Object Repository/FDR-VoucherEntry/Voucher/secondaryContact' is present

2020-09-08 12:12:54 - [MESSAGE][PASSED] - Object 'Object Repository/FDR-VoucherEntry/Voucher/secondaryContact' is present

2020-09-08 12:12:54 - [MESSAGE][PASSED] - Keys 'DOWN + ENTER + ' sent to object: 'Object Repository/FDR-VoucherEntry/Voucher/secondaryContact'

2020-09-08 12:12:55 - [MESSAGE][PASSED] - Object: 'Object Repository/FDR-VoucherEntry/Voucher/buttonNext' is clicked on

2020-09-08 12:12:58 - [MESSAGE][PASSED] - Delayed 3 second(s)

2020-09-08 12:12:58 - [MESSAGE][PASSED] - Object 'Object Repository/FDR-VoucherEntry/VoucherHeader/reviewButton' is present

2020-09-08 12:12:58 - [TEST_STEP][PASSED] - waitForElementPresent(findTestObject("FDR-VoucherEntry/VoucherHeader/reviewButton"), 5): Object 'Object Repository/FDR-VoucherEntry/VoucherHeader/reviewButton' is present

2020-09-08 12:12:58 - [MESSAGE][PASSED] - Object 'Object Repository/FDR-VoucherEntry/VoucherHeader/reviewButton' is present

2020-09-08 12:12:58 - [TEST_STEP][PASSED] - Uifunctions.createInvoiceLine(2): Object 'Object Repository/FDR-VoucherEntry/VoucherHeader/reviewButton' is present

2020-09-08 12:12:59 - [MESSAGE][PASSED] - Object 'Object Repository/FDR-VoucherEntry/VoucherHeader/reviewButton' is present

2020-09-08 12:13:02 - [MESSAGE][INFO] - Unable to find the element located by 'By.xpath: //*[contains(text(),'Add voucher')]//parent::button'. Please recheck the objects properties to make sure the desired element is located. 

2020-09-08 12:13:02 - [MESSAGE][WARNING] - Object 'Object Repository/FDR-VoucherEntry/InvoiceLine/addVoucherButton' is not present after 2 second(s)

2020-09-08 12:13:02 - [MESSAGE][PASSED] - Object 'Object Repository/FDR-VoucherEntry/InvoiceLine/invoice' is clickable

2020-09-08 12:13:02 - [MESSAGE][PASSED] - Object: 'Object Repository/FDR-VoucherEntry/InvoiceLine/invoice' is clicked on

2020-09-08 12:13:03 - [MESSAGE][PASSED] - Text '1920' is set on object 'Object Repository/FDR-VoucherEntry/InvoiceLine/invoice'

2020-09-08 12:13:04 - [MESSAGE][PASSED] - Object: 'Object Repository/FDR-VoucherEntry/InvoiceLine/invoiceDate' is clicked on

2020-09-08 12:13:04 - [MESSAGE][PASSED] - Object 'Object Repository/FDR-VoucherEntry/InvoiceLine/invoiceDate' is present

2020-09-08 12:13:05 - [MESSAGE][PASSED] - Text '09/08/2020' is set on object 'Object Repository/FDR-VoucherEntry/InvoiceLine/invoiceDate'

2020-09-08 12:13:05 - [MESSAGE][PASSED] - Object: 'Object Repository/FDR-VoucherEntry/InvoiceLine/originalWarrantDate' is clicked on

2020-09-08 12:13:06 - [MESSAGE][PASSED] - Text '09/09/2020' is set on object 'Object Repository/FDR-VoucherEntry/InvoiceLine/originalWarrantDate'

2020-09-08 12:13:06 - [MESSAGE][PASSED] - Object 'Object Repository/FDR-VoucherEntry/InvoiceLine/addInvoiceLineButton' is present

2020-09-08 12:13:07 - [MESSAGE][PASSED] - Object: 'Object Repository/FDR-VoucherEntry/InvoiceLine/addInvoiceLineButton' is clicked on

2020-09-08 12:13:07 - [MESSAGE][PASSED] - Object 'Object Repository/FDR-VoucherEntry/VoucherHeader/reviewButton' is present

2020-09-08 12:13:10 - [MESSAGE][INFO] - Unable to find the element located by 'By.xpath: //*[contains(text(),'Add voucher')]//parent::button'. Please recheck the objects properties to make sure the desired element is located. 

2020-09-08 12:13:10 - [MESSAGE][WARNING] - Object 'Object Repository/FDR-VoucherEntry/InvoiceLine/addVoucherButton' is not present after 2 second(s)

2020-09-08 12:13:11 - [MESSAGE][PASSED] - Object 'Object Repository/FDR-VoucherEntry/InvoiceLine/invoice' is clickable

2020-09-08 12:13:11 - [MESSAGE][PASSED] - Object: 'Object Repository/FDR-VoucherEntry/InvoiceLine/invoice' is clicked on

2020-09-08 12:13:11 - [MESSAGE][PASSED] - Text '9671' is set on object 'Object Repository/FDR-VoucherEntry/InvoiceLine/invoice'

2020-09-08 12:13:12 - [MESSAGE][PASSED] - Object: 'Object Repository/FDR-VoucherEntry/InvoiceLine/invoiceDate' is clicked on

2020-09-08 12:13:12 - [MESSAGE][PASSED] - Object 'Object Repository/FDR-VoucherEntry/InvoiceLine/invoiceDate' is present

2020-09-08 12:13:13 - [MESSAGE][PASSED] - Text '09/09/2020' is set on object 'Object Repository/FDR-VoucherEntry/InvoiceLine/invoiceDate'

2020-09-08 12:13:14 - [MESSAGE][PASSED] - Object: 'Object Repository/FDR-VoucherEntry/InvoiceLine/originalWarrantDate' is clicked on

2020-09-08 12:13:14 - [MESSAGE][PASSED] - Text '09/10/2020' is set on object 'Object Repository/FDR-VoucherEntry/InvoiceLine/originalWarrantDate'

2020-09-08 12:13:15 - [MESSAGE][PASSED] - Object 'Object Repository/FDR-VoucherEntry/InvoiceLine/addInvoiceLineButton' is present

2020-09-08 12:13:15 - [MESSAGE][PASSED] - Object: 'Object Repository/FDR-VoucherEntry/InvoiceLine/addInvoiceLineButtonIndex2' is clicked on

2020-09-08 12:13:16 - [MESSAGE][PASSED] - Object 'Object Repository/FDR-VoucherEntry/VoucherHeader/reviewButton' is present

2020-09-08 12:13:16 - [TEST_STEP][PASSED] - waitForElementClickable(findTestObject("FDR-VoucherEntry/InvoiceLine/invoiceLineExpandButton"), 5): Object 'Object Repository/FDR-VoucherEntry/InvoiceLine/invoiceLineExpandButton' is clickable

2020-09-08 12:13:16 - [MESSAGE][PASSED] - Object 'Object Repository/FDR-VoucherEntry/InvoiceLine/invoiceLineExpandButton' is clickable

2020-09-08 12:13:16 - [TEST_STEP][PASSED] - click(findTestObject("FDR-VoucherEntry/InvoiceLine/invoiceLineExpandButton")): Object: 'Object Repository/FDR-VoucherEntry/InvoiceLine/invoiceLineExpandButton' is clicked on

2020-09-08 12:13:16 - [MESSAGE][PASSED] - Object: 'Object Repository/FDR-VoucherEntry/InvoiceLine/invoiceLineExpandButton' is clicked on

2020-09-08 12:13:16 - [TEST_STEP][PASSED] - waitForElementClickable(findTestObject("FDR-VoucherEntry/InvoiceLine/invoiceAddlineButton"), 5): Object 'Object Repository/FDR-VoucherEntry/InvoiceLine/invoiceAddlineButton' is clickable

2020-09-08 12:13:17 - [MESSAGE][PASSED] - Object 'Object Repository/FDR-VoucherEntry/InvoiceLine/invoiceAddlineButton' is clickable

2020-09-08 12:13:17 - [TEST_STEP][PASSED] - click(findTestObject("FDR-VoucherEntry/InvoiceLine/invoiceAddlineButton")): Object: 'Object Repository/FDR-VoucherEntry/InvoiceLine/invoiceAddlineButton' is clicked on

2020-09-08 12:13:18 - [MESSAGE][PASSED] - Object: 'Object Repository/FDR-VoucherEntry/InvoiceLine/invoiceAddlineButton' is clicked on

2020-09-08 12:13:18 - [TEST_STEP][PASSED] - Uifunctions.createDistributionLines(2, "Voucher/FDR-DL"): Object: 'Object Repository/FDR-VoucherEntry/DistributionLine/addSaveButton' is clicked on

2020-09-08 12:13:22 - [MESSAGE][INFO] - Unable to find the element located by 'By.xpath: //*[@data-id='button-link']//*[contains(text(),'Create New Voucher')]'. Please recheck the objects properties to make sure the desired element is located. 

2020-09-08 12:13:22 - [MESSAGE][WARNING] - Object 'Object Repository/FDR-Dashboard/createNewVoucherButton' is not present after 3 second(s)

2020-09-08 12:13:25 - [MESSAGE][INFO] - Unable to find the element located by 'By.xpath: //*[@data-id='button-link']//*[contains(text(),'Create New Voucher')]'. Please recheck the objects properties to make sure the desired element is located. 

2020-09-08 12:13:25 - [MESSAGE][WARNING] - Object 'Object Repository/FDR-Dashboard/createNewVoucherButton' is not present after 2 second(s)

2020-09-08 12:13:25 - [MESSAGE][PASSED] - Object 'Object Repository/FDR-VoucherEntry/DistributionLine/serviceDateFrom' is clickable

2020-09-08 12:13:26 - [MESSAGE][PASSED] - Object: 'Object Repository/FDR-VoucherEntry/DistributionLine/serviceDateFrom' is clicked on

2020-09-08 12:13:26 - [MESSAGE][PASSED] - Object 'Object Repository/FDR-VoucherEntry/DistributionLine/serviceDateFrom' is present

2020-09-08 12:13:27 - [MESSAGE][PASSED] - Text '08/04/2020' is set on object 'Object Repository/FDR-VoucherEntry/DistributionLine/serviceDateFrom'

2020-09-08 12:13:27 - [MESSAGE][PASSED] - Object: 'Object Repository/FDR-VoucherEntry/DistributionLine/serviceDateTo' is clicked on

2020-09-08 12:13:28 - [MESSAGE][PASSED] - Object 'Object Repository/FDR-VoucherEntry/DistributionLine/serviceDateTo' is present

2020-09-08 12:13:28 - [MESSAGE][PASSED] - Text '08/05/2020' is set on object 'Object Repository/FDR-VoucherEntry/DistributionLine/serviceDateTo'

2020-09-08 12:13:32 - [MESSAGE][INFO] - Unable to find the element located by 'By.xpath: //*[@data-id='button-link']//*[contains(text(),'Create New Voucher')]'. Please recheck the objects properties to make sure the desired element is located. 

2020-09-08 12:13:32 - [MESSAGE][WARNING] - Object 'Object Repository/FDR-Dashboard/createNewVoucherButton' is not present after 2 second(s)

2020-09-08 12:13:32 - [MESSAGE][PASSED] - Object: 'Object Repository/FDR-VoucherEntry/DistributionLine/amount' is clicked on

2020-09-08 12:13:32 - [MESSAGE][PASSED] - Execute JavaScript 'arguments[0].value='';' successfully

2020-09-08 12:13:33 - [MESSAGE][PASSED] - Keys '100' sent to object: 'Object Repository/FDR-VoucherEntry/DistributionLine/amount'

2020-09-08 12:13:35 - [MESSAGE][INFO] - Unable to find the element located by 'By.xpath: //*[@data-id='button-link']//*[contains(text(),'Create New Voucher')]'. Please recheck the objects properties to make sure the desired element is located. 

2020-09-08 12:13:35 - [MESSAGE][WARNING] - Object 'Object Repository/FDR-Dashboard/createNewVoucherButton' is not present after 1 second(s)

2020-09-08 12:13:35 - [MESSAGE][PASSED] - Object: 'Object Repository/FDR-VoucherEntry/DistributionLine/waiverType' is clicked on

2020-09-08 12:13:37 - [MESSAGE][INFO] - Unable to find the element located by 'By.xpath: //*[@data-id='button-link']//*[contains(text(),'Create New Voucher')]'. Please recheck the objects properties to make sure the desired element is located. 

2020-09-08 12:13:37 - [MESSAGE][WARNING] - Object 'Object Repository/FDR-Dashboard/createNewVoucherButton' is not present after 1 second(s)

2020-09-08 12:13:37 - [MESSAGE][PASSED] - Keys '1115' sent to object: 'Object Repository/FDR-VoucherEntry/DistributionLine/waiverType'

2020-09-08 12:13:41 - [MESSAGE][INFO] - Unable to find the element located by 'By.xpath: //*[@data-id='button-link']//*[contains(text(),'Create New Voucher')]'. Please recheck the objects properties to make sure the desired element is located. 

2020-09-08 12:13:41 - [MESSAGE][WARNING] - Object 'Object Repository/FDR-Dashboard/createNewVoucherButton' is not present after 2 second(s)

2020-09-08 12:13:41 - [MESSAGE][PASSED] - Keys 'DOWN + ENTER + ' sent to object: 'Object Repository/FDR-VoucherEntry/DistributionLine/waiverType'

2020-09-08 12:13:42 - [MESSAGE][PASSED] - Object: 'Object Repository/FDR-VoucherEntry/DistributionLine/waiverName' is clicked on

2020-09-08 12:13:42 - [MESSAGE][PASSED] - Keys 'CBAS' sent to object: 'Object Repository/FDR-VoucherEntry/DistributionLine/waiverName'

2020-09-08 12:13:45 - [MESSAGE][INFO] - Unable to find the element located by 'By.xpath: //*[@data-id='button-link']//*[contains(text(),'Create New Voucher')]'. Please recheck the objects properties to make sure the desired element is located. 

2020-09-08 12:13:45 - [MESSAGE][WARNING] - Object 'Object Repository/FDR-Dashboard/createNewVoucherButton' is not present after 2 second(s)

2020-09-08 12:13:46 - [MESSAGE][PASSED] - Keys 'DOWN + ENTER + ' sent to object: 'Object Repository/FDR-VoucherEntry/DistributionLine/waiverName'

2020-09-08 12:13:46 - [MESSAGE][PASSED] - Object: 'Object Repository/FDR-VoucherEntry/DistributionLine/fundingSource' is clicked on

2020-09-08 12:13:47 - [MESSAGE][PASSED] - Keys 'Dental' sent to object: 'Object Repository/FDR-VoucherEntry/DistributionLine/fundingSource'

2020-09-08 12:13:50 - [MESSAGE][INFO] - Unable to find the element located by 'By.xpath: //*[@data-id='button-link']//*[contains(text(),'Create New Voucher')]'. Please recheck the objects properties to make sure the desired element is located. 

2020-09-08 12:13:50 - [MESSAGE][WARNING] - Object 'Object Repository/FDR-Dashboard/createNewVoucherButton' is not present after 2 second(s)

2020-09-08 12:13:50 - [MESSAGE][PASSED] - Keys 'DOWN + ENTER + ' sent to object: 'Object Repository/FDR-VoucherEntry/DistributionLine/fundingSource'

2020-09-08 12:13:51 - [MESSAGE][PASSED] - Object: 'Object Repository/FDR-VoucherEntry/DistributionLine/fundRatio' is clicked on

2020-09-08 12:13:51 - [MESSAGE][PASSED] - Keys '90/10' sent to object: 'Object Repository/FDR-VoucherEntry/DistributionLine/fundRatio'

2020-09-08 12:13:54 - [MESSAGE][INFO] - Unable to find the element located by 'By.xpath: //*[@data-id='button-link']//*[contains(text(),'Create New Voucher')]'. Please recheck the objects properties to make sure the desired element is located. 

2020-09-08 12:13:54 - [MESSAGE][WARNING] - Object 'Object Repository/FDR-Dashboard/createNewVoucherButton' is not present after 2 second(s)

2020-09-08 12:13:55 - [MESSAGE][PASSED] - Keys 'DOWN + ENTER + ' sent to object: 'Object Repository/FDR-VoucherEntry/DistributionLine/fundRatio'

2020-09-08 12:13:55 - [MESSAGE][PASSED] - Object: 'Object Repository/FDR-VoucherEntry/DistributionLine/nonFederalFund' is clicked on

2020-09-08 12:13:56 - [MESSAGE][PASSED] - Keys '0001' sent to object: 'Object Repository/FDR-VoucherEntry/DistributionLine/nonFederalFund'

2020-09-08 12:13:59 - [MESSAGE][INFO] - Unable to find the element located by 'By.xpath: //*[@data-id='button-link']//*[contains(text(),'Create New Voucher')]'. Please recheck the objects properties to make sure the desired element is located. 

2020-09-08 12:13:59 - [MESSAGE][WARNING] - Object 'Object Repository/FDR-Dashboard/createNewVoucherButton' is not present after 2 second(s)

2020-09-08 12:13:59 - [MESSAGE][PASSED] - Keys 'DOWN + ENTER + ' sent to object: 'Object Repository/FDR-VoucherEntry/DistributionLine/nonFederalFund'

2020-09-08 12:14:00 - [MESSAGE][PASSED] - Object: 'Object Repository/FDR-VoucherEntry/DistributionLine/account' is clicked on

2020-09-08 12:14:00 - [MESSAGE][PASSED] - Keys '5442000' sent to object: 'Object Repository/FDR-VoucherEntry/DistributionLine/account'

2020-09-08 12:14:01 - [MESSAGE][PASSED] - Keys 'DOWN + ENTER + ' sent to object: 'Object Repository/FDR-VoucherEntry/DistributionLine/account'

2020-09-08 12:14:02 - [MESSAGE][PASSED] - Object: 'Object Repository/FDR-VoucherEntry/DistributionLine/altAccount' is clicked on

2020-09-08 12:14:02 - [MESSAGE][PASSED] - Keys '5442000' sent to object: 'Object Repository/FDR-VoucherEntry/DistributionLine/altAccount'

2020-09-08 12:14:03 - [MESSAGE][PASSED] - Object 'Object Repository/FDR-VoucherEntry/DistributionLine/altAccount' is present

2020-09-08 12:14:03 - [MESSAGE][PASSED] - Keys 'DOWN + ENTER + ' sent to object: 'Object Repository/FDR-VoucherEntry/DistributionLine/altAccount'

2020-09-08 12:14:03 - [MESSAGE][PASSED] - Object: 'Object Repository/FDR-VoucherEntry/DistributionLine/serviceCategory' is clicked on

2020-09-08 12:14:07 - [MESSAGE][INFO] - Unable to find the element located by 'By.xpath: //*[@data-id='button-link']//*[contains(text(),'Create New Voucher')]'. Please recheck the objects properties to make sure the desired element is located. 

2020-09-08 12:14:07 - [MESSAGE][WARNING] - Object 'Object Repository/FDR-Dashboard/createNewVoucherButton' is not present after 2 second(s)

2020-09-08 12:14:07 - [MESSAGE][PASSED] - Keys '18B1' sent to object: 'Object Repository/FDR-VoucherEntry/DistributionLine/serviceCategory'

2020-09-08 12:14:07 - [MESSAGE][PASSED] - Keys 'DOWN + ENTER + ' sent to object: 'Object Repository/FDR-VoucherEntry/DistributionLine/serviceCategory'

2020-09-08 12:14:08 - [MESSAGE][PASSED] - Object: 'Object Repository/FDR-VoucherEntry/DistributionLine/incDecLine' is clicked on

2020-09-08 12:14:08 - [MESSAGE][PASSED] - Keys '8: Adjustments and corrections' sent to object: 'Object Repository/FDR-VoucherEntry/DistributionLine/incDecLine'

2020-09-08 12:14:09 - [MESSAGE][PASSED] - Keys 'DOWN + ENTER + ' sent to object: 'Object Repository/FDR-VoucherEntry/DistributionLine/incDecLine'

2020-09-08 12:14:11 - [MESSAGE][INFO] - Unable to find the element located by 'By.xpath: //*[@data-id='button-link']//*[contains(text(),'Create New Voucher')]'. Please recheck the objects properties to make sure the desired element is located. 

2020-09-08 12:14:11 - [MESSAGE][WARNING] - Object 'Object Repository/FDR-Dashboard/createNewVoucherButton' is not present after 1 second(s)

2020-09-08 12:14:11 - [MESSAGE][PASSED] - Object: 'Object Repository/FDR-VoucherEntry/DistributionLine/index' is clicked on

2020-09-08 12:14:12 - [MESSAGE][PASSED] - Keys '1155' sent to object: 'Object Repository/FDR-VoucherEntry/DistributionLine/index'

2020-09-08 12:14:12 - [MESSAGE][PASSED] - Keys 'DOWN + ENTER + ' sent to object: 'Object Repository/FDR-VoucherEntry/DistributionLine/index'

2020-09-08 12:14:13 - [MESSAGE][PASSED] - Object: 'Object Repository/FDR-VoucherEntry/DistributionLine/addAnotherLine' is clicked on

2020-09-08 12:14:15 - [MESSAGE][INFO] - Unable to find the element located by 'By.xpath: //*[@data-id='button-link']//*[contains(text(),'Create New Voucher')]'. Please recheck the objects properties to make sure the desired element is located. 

2020-09-08 12:14:15 - [MESSAGE][WARNING] - Object 'Object Repository/FDR-Dashboard/createNewVoucherButton' is not present after 1 second(s)

2020-09-08 12:14:15 - [MESSAGE][PASSED] - Object: 'Object Repository/FDR-VoucherEntry/DistributionLine/clearButton' is clicked on

2020-09-08 12:14:18 - [MESSAGE][INFO] - Unable to find the element located by 'By.xpath: //*[@data-id='button-link']//*[contains(text(),'Create New Voucher')]'. Please recheck the objects properties to make sure the desired element is located. 

2020-09-08 12:14:18 - [MESSAGE][WARNING] - Object 'Object Repository/FDR-Dashboard/createNewVoucherButton' is not present after 2 second(s)

2020-09-08 12:14:22 - [MESSAGE][INFO] - Unable to find the element located by 'By.xpath: //*[@data-id='button-link']//*[contains(text(),'Create New Voucher')]'. Please recheck the objects properties to make sure the desired element is located. 

2020-09-08 12:14:22 - [MESSAGE][WARNING] - Object 'Object Repository/FDR-Dashboard/createNewVoucherButton' is not present after 2 second(s)

2020-09-08 12:14:22 - [MESSAGE][PASSED] - Object 'Object Repository/FDR-VoucherEntry/DistributionLine/serviceDateFrom' is clickable

2020-09-08 12:14:22 - [MESSAGE][PASSED] - Object: 'Object Repository/FDR-VoucherEntry/DistributionLine/serviceDateFrom' is clicked on

2020-09-08 12:14:22 - [MESSAGE][PASSED] - Object 'Object Repository/FDR-VoucherEntry/DistributionLine/serviceDateFrom' is present

2020-09-08 12:14:23 - [MESSAGE][PASSED] - Text '08/04/2020' is set on object 'Object Repository/FDR-VoucherEntry/DistributionLine/serviceDateFrom'

2020-09-08 12:14:23 - [MESSAGE][PASSED] - Object: 'Object Repository/FDR-VoucherEntry/DistributionLine/serviceDateTo' is clicked on

2020-09-08 12:14:24 - [MESSAGE][PASSED] - Object 'Object Repository/FDR-VoucherEntry/DistributionLine/serviceDateTo' is present

2020-09-08 12:14:24 - [MESSAGE][PASSED] - Text '08/05/2020' is set on object 'Object Repository/FDR-VoucherEntry/DistributionLine/serviceDateTo'

2020-09-08 12:14:27 - [MESSAGE][INFO] - Unable to find the element located by 'By.xpath: //*[@data-id='button-link']//*[contains(text(),'Create New Voucher')]'. Please recheck the objects properties to make sure the desired element is located. 

2020-09-08 12:14:27 - [MESSAGE][WARNING] - Object 'Object Repository/FDR-Dashboard/createNewVoucherButton' is not present after 2 second(s)

2020-09-08 12:14:28 - [MESSAGE][PASSED] - Object: 'Object Repository/FDR-VoucherEntry/DistributionLine/amount' is clicked on

2020-09-08 12:14:28 - [MESSAGE][PASSED] - Execute JavaScript 'arguments[0].value='';' successfully

2020-09-08 12:14:28 - [MESSAGE][PASSED] - Keys '350' sent to object: 'Object Repository/FDR-VoucherEntry/DistributionLine/amount'

2020-09-08 12:14:30 - [MESSAGE][INFO] - Unable to find the element located by 'By.xpath: //*[@data-id='button-link']//*[contains(text(),'Create New Voucher')]'. Please recheck the objects properties to make sure the desired element is located. 

2020-09-08 12:14:30 - [MESSAGE][WARNING] - Object 'Object Repository/FDR-Dashboard/createNewVoucherButton' is not present after 1 second(s)

2020-09-08 12:14:31 - [MESSAGE][PASSED] - Object: 'Object Repository/FDR-VoucherEntry/DistributionLine/waiverType' is clicked on

2020-09-08 12:14:33 - [MESSAGE][INFO] - Unable to find the element located by 'By.xpath: //*[@data-id='button-link']//*[contains(text(),'Create New Voucher')]'. Please recheck the objects properties to make sure the desired element is located. 

2020-09-08 12:14:33 - [MESSAGE][WARNING] - Object 'Object Repository/FDR-Dashboard/createNewVoucherButton' is not present after 1 second(s)

2020-09-08 12:14:33 - [MESSAGE][PASSED] - Keys '1115' sent to object: 'Object Repository/FDR-VoucherEntry/DistributionLine/waiverType'

2020-09-08 12:14:36 - [MESSAGE][INFO] - Unable to find the element located by 'By.xpath: //*[@data-id='button-link']//*[contains(text(),'Create New Voucher')]'. Please recheck the objects properties to make sure the desired element is located. 

2020-09-08 12:14:36 - [MESSAGE][WARNING] - Object 'Object Repository/FDR-Dashboard/createNewVoucherButton' is not present after 2 second(s)

2020-09-08 12:14:37 - [MESSAGE][PASSED] - Keys 'DOWN + ENTER + ' sent to object: 'Object Repository/FDR-VoucherEntry/DistributionLine/waiverType'

2020-09-08 12:14:37 - [MESSAGE][PASSED] - Object: 'Object Repository/FDR-VoucherEntry/DistributionLine/waiverName' is clicked on

2020-09-08 12:14:38 - [MESSAGE][PASSED] - Keys 'CBAS' sent to object: 'Object Repository/FDR-VoucherEntry/DistributionLine/waiverName'

2020-09-08 12:14:41 - [MESSAGE][INFO] - Unable to find the element located by 'By.xpath: //*[@data-id='button-link']//*[contains(text(),'Create New Voucher')]'. Please recheck the objects properties to make sure the desired element is located. 

2020-09-08 12:14:41 - [MESSAGE][WARNING] - Object 'Object Repository/FDR-Dashboard/createNewVoucherButton' is not present after 2 second(s)

2020-09-08 12:14:41 - [MESSAGE][PASSED] - Keys 'DOWN + ENTER + ' sent to object: 'Object Repository/FDR-VoucherEntry/DistributionLine/waiverName'

2020-09-08 12:14:42 - [MESSAGE][PASSED] - Object: 'Object Repository/FDR-VoucherEntry/DistributionLine/fundingSource' is clicked on

2020-09-08 12:14:43 - [MESSAGE][PASSED] - Keys 'Pace' sent to object: 'Object Repository/FDR-VoucherEntry/DistributionLine/fundingSource'

2020-09-08 12:14:46 - [MESSAGE][INFO] - Unable to find the element located by 'By.xpath: //*[@data-id='button-link']//*[contains(text(),'Create New Voucher')]'. Please recheck the objects properties to make sure the desired element is located. 

2020-09-08 12:14:46 - [MESSAGE][WARNING] - Object 'Object Repository/FDR-Dashboard/createNewVoucherButton' is not present after 2 second(s)

2020-09-08 12:14:46 - [MESSAGE][PASSED] - Keys 'DOWN + ENTER + ' sent to object: 'Object Repository/FDR-VoucherEntry/DistributionLine/fundingSource'

2020-09-08 12:14:47 - [MESSAGE][PASSED] - Object: 'Object Repository/FDR-VoucherEntry/DistributionLine/fundRatio' is clicked on

2020-09-08 12:14:47 - [MESSAGE][PASSED] - Keys '90/10' sent to object: 'Object Repository/FDR-VoucherEntry/DistributionLine/fundRatio'

2020-09-08 12:14:50 - [MESSAGE][INFO] - Unable to find the element located by 'By.xpath: //*[@data-id='button-link']//*[contains(text(),'Create New Voucher')]'. Please recheck the objects properties to make sure the desired element is located. 

2020-09-08 12:14:50 - [MESSAGE][WARNING] - Object 'Object Repository/FDR-Dashboard/createNewVoucherButton' is not present after 2 second(s)

2020-09-08 12:14:51 - [MESSAGE][PASSED] - Keys 'DOWN + ENTER + ' sent to object: 'Object Repository/FDR-VoucherEntry/DistributionLine/fundRatio'

2020-09-08 12:14:51 - [MESSAGE][PASSED] - Object: 'Object Repository/FDR-VoucherEntry/DistributionLine/nonFederalFund' is clicked on

2020-09-08 12:14:52 - [MESSAGE][PASSED] - Keys '0001' sent to object: 'Object Repository/FDR-VoucherEntry/DistributionLine/nonFederalFund'

2020-09-08 12:14:55 - [MESSAGE][INFO] - Unable to find the element located by 'By.xpath: //*[@data-id='button-link']//*[contains(text(),'Create New Voucher')]'. Please recheck the objects properties to make sure the desired element is located. 

2020-09-08 12:14:55 - [MESSAGE][WARNING] - Object 'Object Repository/FDR-Dashboard/createNewVoucherButton' is not present after 2 second(s)

2020-09-08 12:14:55 - [MESSAGE][PASSED] - Keys 'DOWN + ENTER + ' sent to object: 'Object Repository/FDR-VoucherEntry/DistributionLine/nonFederalFund'

2020-09-08 12:14:56 - [MESSAGE][PASSED] - Object: 'Object Repository/FDR-VoucherEntry/DistributionLine/account' is clicked on

2020-09-08 12:14:56 - [MESSAGE][PASSED] - Keys '5432000' sent to object: 'Object Repository/FDR-VoucherEntry/DistributionLine/account'

2020-09-08 12:14:57 - [MESSAGE][PASSED] - Keys 'DOWN + ENTER + ' sent to object: 'Object Repository/FDR-VoucherEntry/DistributionLine/account'

2020-09-08 12:14:57 - [MESSAGE][PASSED] - Object: 'Object Repository/FDR-VoucherEntry/DistributionLine/altAccount' is clicked on

2020-09-08 12:14:58 - [MESSAGE][PASSED] - Keys '5432000' sent to object: 'Object Repository/FDR-VoucherEntry/DistributionLine/altAccount'

2020-09-08 12:14:58 - [MESSAGE][PASSED] - Object 'Object Repository/FDR-VoucherEntry/DistributionLine/altAccount' is present

2020-09-08 12:14:59 - [MESSAGE][PASSED] - Keys 'DOWN + ENTER + ' sent to object: 'Object Repository/FDR-VoucherEntry/DistributionLine/altAccount'

2020-09-08 12:14:59 - [MESSAGE][PASSED] - Object: 'Object Repository/FDR-VoucherEntry/DistributionLine/serviceCategory' is clicked on

2020-09-08 12:15:02 - [MESSAGE][INFO] - Unable to find the element located by 'By.xpath: //*[@data-id='button-link']//*[contains(text(),'Create New Voucher')]'. Please recheck the objects properties to make sure the desired element is located. 

2020-09-08 12:15:02 - [MESSAGE][WARNING] - Object 'Object Repository/FDR-Dashboard/createNewVoucherButton' is not present after 2 second(s)

2020-09-08 12:15:03 - [MESSAGE][PASSED] - Keys '22' sent to object: 'Object Repository/FDR-VoucherEntry/DistributionLine/serviceCategory'

2020-09-08 12:15:03 - [MESSAGE][PASSED] - Keys 'DOWN + ENTER + ' sent to object: 'Object Repository/FDR-VoucherEntry/DistributionLine/serviceCategory'

2020-09-08 12:15:04 - [MESSAGE][PASSED] - Object: 'Object Repository/FDR-VoucherEntry/DistributionLine/incDecLine' is clicked on

2020-09-08 12:15:04 - [MESSAGE][PASSED] - Keys '10b: Receipts or any decrease' sent to object: 'Object Repository/FDR-VoucherEntry/DistributionLine/incDecLine'

2020-09-08 12:15:05 - [MESSAGE][PASSED] - Keys 'DOWN + ENTER + ' sent to object: 'Object Repository/FDR-VoucherEntry/DistributionLine/incDecLine'

2020-09-08 12:15:07 - [MESSAGE][INFO] - Unable to find the element located by 'By.xpath: //*[@data-id='button-link']//*[contains(text(),'Create New Voucher')]'. Please recheck the objects properties to make sure the desired element is located. 

2020-09-08 12:15:07 - [MESSAGE][WARNING] - Object 'Object Repository/FDR-Dashboard/createNewVoucherButton' is not present after 1 second(s)

2020-09-08 12:15:07 - [MESSAGE][PASSED] - Object: 'Object Repository/FDR-VoucherEntry/DistributionLine/index' is clicked on

2020-09-08 12:15:08 - [MESSAGE][PASSED] - Keys '1155' sent to object: 'Object Repository/FDR-VoucherEntry/DistributionLine/index'

2020-09-08 12:15:08 - [MESSAGE][PASSED] - Keys 'DOWN + ENTER + ' sent to object: 'Object Repository/FDR-VoucherEntry/DistributionLine/index'

2020-09-08 12:15:09 - [MESSAGE][PASSED] - Object: 'Object Repository/FDR-VoucherEntry/DistributionLine/addSaveButton' is clicked on

2020-09-08 12:15:09 - [TEST_STEP][PASSED] - waitForElementPresent(findTestObject("FDR-VoucherEntry/VoucherHeader/reviewButton"), 5): Object 'Object Repository/FDR-VoucherEntry/VoucherHeader/reviewButton' is present

2020-09-08 12:15:10 - [MESSAGE][PASSED] - Object 'Object Repository/FDR-VoucherEntry/VoucherHeader/reviewButton' is present

2020-09-08 12:15:10 - [MESSAGE][PASSED] - Call Test Case 'Test Cases/WEB-UI-TESTS/Voucher/FDR-Create-Complex-Voucher' successfully

2020-09-08 12:15:10 - [TEST_STEP][PASSED] - waitForElementPresent(findTestObject("FDR-Dashboard/createNewVoucherButton"), 4): Object 'Object Repository/FDR-Dashboard/createNewVoucherButton' is not present after 4 second(s)

2020-09-08 12:15:15 - [MESSAGE][INFO] - Unable to find the element located by 'By.xpath: //*[@data-id='button-link']//*[contains(text(),'Create New Voucher')]'. Please recheck the objects properties to make sure the desired element is located. 

2020-09-08 12:15:15 - [MESSAGE][WARNING] - Object 'Object Repository/FDR-Dashboard/createNewVoucherButton' is not present after 4 second(s)

2020-09-08 12:15:15 - [TEST_STEP][PASSED] - processorVoucherNumber = getText(findTestObject("FDR-VoucherEntry/VoucherHeader/voucherNum")): Text of object 'Object Repository/FDR-VoucherEntry/VoucherHeader/voucherNum' is: 'CAP00000137'

2020-09-08 12:15:16 - [MESSAGE][PASSED] - Text of object 'Object Repository/FDR-VoucherEntry/VoucherHeader/voucherNum' is: 'CAP00000137'

2020-09-08 12:15:16 - [TEST_STEP][PASSED] - waitForElementPresent(findTestObject("FDR-Dashboard/createNewVoucherButton"), 4): Object 'Object Repository/FDR-Dashboard/createNewVoucherButton' is not present after 4 second(s)

2020-09-08 12:15:21 - [MESSAGE][INFO] - Unable to find the element located by 'By.xpath: //*[@data-id='button-link']//*[contains(text(),'Create New Voucher')]'. Please recheck the objects properties to make sure the desired element is located. 

2020-09-08 12:15:21 - [MESSAGE][WARNING] - Object 'Object Repository/FDR-Dashboard/createNewVoucherButton' is not present after 4 second(s)

2020-09-08 12:15:21 - [TEST_STEP][PASSED] - click(findTestObject("FDR-Vouchers-States/Resume/reviewButton")): Object: 'Object Repository/FDR-Vouchers-States/Resume/reviewButton' is clicked on

2020-09-08 12:15:21 - [MESSAGE][PASSED] - Object: 'Object Repository/FDR-Vouchers-States/Resume/reviewButton' is clicked on

2020-09-08 12:15:21 - [TEST_STEP][PASSED] - waitForElementPresent(findTestObject("FDR-Dashboard/createNewVoucherButton"), 4): Object 'Object Repository/FDR-Dashboard/createNewVoucherButton' is not present after 4 second(s)

2020-09-08 12:15:26 - [MESSAGE][INFO] - Unable to find the element located by 'By.xpath: //*[@data-id='button-link']//*[contains(text(),'Create New Voucher')]'. Please recheck the objects properties to make sure the desired element is located. 

2020-09-08 12:15:26 - [MESSAGE][WARNING] - Object 'Object Repository/FDR-Dashboard/createNewVoucherButton' is not present after 4 second(s)

2020-09-08 12:15:26 - [TEST_STEP][PASSED] - click(findTestObject("FDR-Vouchers-States/Resume/submitForApproval")): Object: 'Object Repository/FDR-Vouchers-States/Resume/submitForApproval' is clicked on

2020-09-08 12:15:27 - [MESSAGE][PASSED] - Object: 'Object Repository/FDR-Vouchers-States/Resume/submitForApproval' is clicked on

2020-09-08 12:15:27 - [TEST_STEP][PASSED] - waitForElementPresent(findTestObject("FDR-Dashboard/createNewVoucherButton"), 4): Object 'Object Repository/FDR-Dashboard/createNewVoucherButton' is present

2020-09-08 12:15:27 - [MESSAGE][PASSED] - Object 'Object Repository/FDR-Dashboard/createNewVoucherButton' is present

2020-09-08 12:15:27 - [TEST_STEP][PASSED] - navigateToUrl(URL + "/vouchers/" + Integer.parseInt(processorVoucherNumber.split("CAP")[1]) + "/entry"): Navigate to 'https://fdr-katalon.cammis-mod-dev.dhcs.ca.gov/vouchers/137/entry' successfully

2020-09-08 12:15:28 - [MESSAGE][PASSED] - Navigate to 'https://fdr-katalon.cammis-mod-dev.dhcs.ca.gov/vouchers/137/entry' successfully

2020-09-08 12:15:28 - [TEST_STEP][PASSED] - waitForElementPresent(findTestObject("FDR-Dashboard/createNewVoucherButton"), 6): Object 'Object Repository/FDR-Dashboard/createNewVoucherButton' is not present after 6 second(s)

2020-09-08 12:15:35 - [MESSAGE][INFO] - Unable to find the element located by 'By.xpath: //*[@data-id='button-link']//*[contains(text(),'Create New Voucher')]'. Please recheck the objects properties to make sure the desired element is located. 

2020-09-08 12:15:35 - [MESSAGE][WARNING] - Object 'Object Repository/FDR-Dashboard/createNewVoucherButton' is not present after 6 second(s)

2020-09-08 12:15:35 - [TEST_STEP][PASSED] - click(findTestObject("FDR-VoucherEntry/InvoiceLine/invoiceLineExpandButton")): Object: 'Object Repository/FDR-VoucherEntry/InvoiceLine/invoiceLineExpandButton' is clicked on

2020-09-08 12:15:36 - [MESSAGE][PASSED] - Object: 'Object Repository/FDR-VoucherEntry/InvoiceLine/invoiceLineExpandButton' is clicked on

2020-09-08 12:15:36 - [TEST_STEP][PASSED] - waitForElementPresent(findTestObject("FDR-EditVoucher/DLHover"), 3): Object 'Object Repository/FDR-EditVoucher/DLHover' is present

2020-09-08 12:15:37 - [MESSAGE][PASSED] - Object 'Object Repository/FDR-EditVoucher/DLHover' is present

2020-09-08 12:15:37 - [TEST_STEP][PASSED] - mouseOver(findTestObject("FDR-EditVoucher/DLHover")): Object: 'Object Repository/FDR-EditVoucher/DLHover' is hovered

2020-09-08 12:15:37 - [MESSAGE][PASSED] - Object: 'Object Repository/FDR-EditVoucher/DLHover' is hovered

2020-09-08 12:15:37 - [TEST_STEP][PASSED] - waitForElementPresent(findTestObject("FDR-EditVoucher/DLEditIcon"), 3): Object 'Object Repository/FDR-EditVoucher/DLEditIcon' is present

2020-09-08 12:15:37 - [MESSAGE][PASSED] - Object 'Object Repository/FDR-EditVoucher/DLEditIcon' is present

2020-09-08 12:15:37 - [TEST_STEP][PASSED] - click(findTestObject("FDR-EditVoucher/DLEditIcon")): Object: 'Object Repository/FDR-EditVoucher/DLEditIcon' is clicked on

2020-09-08 12:15:38 - [MESSAGE][PASSED] - Object: 'Object Repository/FDR-EditVoucher/DLEditIcon' is clicked on

2020-09-08 12:15:38 - [TEST_STEP][PASSED] - waitForElementPresent(findTestObject("FDR-Dashboard/createNewVoucherButton"), 3): Object 'Object Repository/FDR-Dashboard/createNewVoucherButton' is not present after 3 second(s)

2020-09-08 12:15:42 - [MESSAGE][INFO] - Unable to find the element located by 'By.xpath: //*[@data-id='button-link']//*[contains(text(),'Create New Voucher')]'. Please recheck the objects properties to make sure the desired element is located. 

2020-09-08 12:15:42 - [MESSAGE][WARNING] - Object 'Object Repository/FDR-Dashboard/createNewVoucherButton' is not present after 3 second(s)

2020-09-08 12:15:42 - [TEST_STEP][PASSED] - click(findTestObject("FDR-Vouchers-States/Validate/Reject/RejectDistributionLine/DLRejectClick")): Object: 'Object Repository/FDR-Vouchers-States/Validate/Reject/RejectDistributionLine/DLRejectClick' is clicked on

2020-09-08 12:15:42 - [MESSAGE][PASSED] - Object: 'Object Repository/FDR-Vouchers-States/Validate/Reject/RejectDistributionLine/DLRejectClick' is clicked on

2020-09-08 12:15:42 - [TEST_STEP][PASSED] - waitForElementPresent(findTestObject("FDR-Dashboard/createNewVoucherButton"), 5): Object 'Object Repository/FDR-Dashboard/createNewVoucherButton' is not present after 5 second(s)

2020-09-08 12:15:48 - [MESSAGE][INFO] - Unable to find the element located by 'By.xpath: //*[@data-id='button-link']//*[contains(text(),'Create New Voucher')]'. Please recheck the objects properties to make sure the desired element is located. 

2020-09-08 12:15:48 - [MESSAGE][WARNING] - Object 'Object Repository/FDR-Dashboard/createNewVoucherButton' is not present after 5 second(s)

2020-09-08 12:15:48 - [TEST_STEP][PASSED] - click(findTestObject("FDR-Vouchers-States/Validate/Reject/RejectDistributionLine/rejectDistributionLine")): Object: 'Object Repository/FDR-Vouchers-States/Validate/Reject/RejectDistributionLine/rejectDistributionLine' is clicked on

2020-09-08 12:15:49 - [MESSAGE][PASSED] - Object: 'Object Repository/FDR-Vouchers-States/Validate/Reject/RejectDistributionLine/rejectDistributionLine' is clicked on

2020-09-08 12:15:49 - [TEST_STEP][PASSED] - waitForElementPresent(findTestObject("FDR-Dashboard/createNewVoucherButton"), 3): Object 'Object Repository/FDR-Dashboard/createNewVoucherButton' is not present after 3 second(s)

2020-09-08 12:15:53 - [MESSAGE][INFO] - Unable to find the element located by 'By.xpath: //*[@data-id='button-link']//*[contains(text(),'Create New Voucher')]'. Please recheck the objects properties to make sure the desired element is located. 

2020-09-08 12:15:53 - [MESSAGE][WARNING] - Object 'Object Repository/FDR-Dashboard/createNewVoucherButton' is not present after 3 second(s)

2020-09-08 12:15:53 - [TEST_STEP][PASSED] - elementStyle = getAttribute(findTestObject("FDR-Vouchers-States/Validate/Reject/RejectDistributionLine/rejectionReasonsText"), "class"): Attribute 'class' of object 'Object Repository/FDR-Vouchers-States/Validate/Reject/RejectDistributionLine/rejectionReasonsText' is: 'MuiFormLabel-root-1530 jss1528 jss1529 Mui-error'

2020-09-08 12:15:53 - [MESSAGE][PASSED] - Attribute 'class' of object 'Object Repository/FDR-Vouchers-States/Validate/Reject/RejectDistributionLine/rejectionReasonsText' is: 'MuiFormLabel-root-1530 jss1528 jss1529 Mui-error'

2020-09-08 12:15:53 - [TEST_STEP][PASSED] - Assert.assertTrue(elementStyle.contains("Mui-error"), "rejectionreasons for distribution line color not changed"): null

2020-09-08 12:15:53 - [TEST_STEP][PASSED] - click(findTestObject("FDR-Vouchers-States/Validate/Reject/RejectDistributionLine/spanIncorrectFundRatio")): Object: 'Object Repository/FDR-Vouchers-States/Validate/Reject/RejectDistributionLine/spanIncorrectFundRatio' is clicked on

2020-09-08 12:15:54 - [MESSAGE][PASSED] - Object: 'Object Repository/FDR-Vouchers-States/Validate/Reject/RejectDistributionLine/spanIncorrectFundRatio' is clicked on

2020-09-08 12:15:54 - [TEST_STEP][PASSED] - waitForElementPresent(findTestObject("FDR-Dashboard/createNewVoucherButton"), 4): Object 'Object Repository/FDR-Dashboard/createNewVoucherButton' is not present after 4 second(s)

2020-09-08 12:15:59 - [MESSAGE][INFO] - Unable to find the element located by 'By.xpath: //*[@data-id='button-link']//*[contains(text(),'Create New Voucher')]'. Please recheck the objects properties to make sure the desired element is located. 

2020-09-08 12:15:59 - [MESSAGE][WARNING] - Object 'Object Repository/FDR-Dashboard/createNewVoucherButton' is not present after 4 second(s)

2020-09-08 12:15:59 - [TEST_STEP][PASSED] - click(findTestObject("FDR-Vouchers-States/Validate/Reject/RejectDistributionLine/spanIncorrectDistributionLine")): Object: 'Object Repository/FDR-Vouchers-States/Validate/Reject/RejectDistributionLine/spanIncorrectDistributionLine' is clicked on

2020-09-08 12:15:59 - [MESSAGE][PASSED] - Object: 'Object Repository/FDR-Vouchers-States/Validate/Reject/RejectDistributionLine/spanIncorrectDistributionLine' is clicked on

2020-09-08 12:15:59 - [TEST_STEP][PASSED] - waitForElementPresent(findTestObject("FDR-Dashboard/createNewVoucherButton"), 3): Object 'Object Repository/FDR-Dashboard/createNewVoucherButton' is not present after 3 second(s)

2020-09-08 12:16:03 - [MESSAGE][INFO] - Unable to find the element located by 'By.xpath: //*[@data-id='button-link']//*[contains(text(),'Create New Voucher')]'. Please recheck the objects properties to make sure the desired element is located. 

2020-09-08 12:16:03 - [MESSAGE][WARNING] - Object 'Object Repository/FDR-Dashboard/createNewVoucherButton' is not present after 3 second(s)

2020-09-08 12:16:03 - [TEST_STEP][PASSED] - click(findTestObject("FDR-Vouchers-States/Validate/Reject/RejectDistributionLine/rejectDistributionLine")): Object: 'Object Repository/FDR-Vouchers-States/Validate/Reject/RejectDistributionLine/rejectDistributionLine' is clicked on

2020-09-08 12:16:04 - [MESSAGE][PASSED] - Object: 'Object Repository/FDR-Vouchers-States/Validate/Reject/RejectDistributionLine/rejectDistributionLine' is clicked on

2020-09-08 12:16:04 - [TEST_STEP][PASSED] - waitForElementPresent(findTestObject("FDR-Dashboard/createNewVoucherButton"), 4): Object 'Object Repository/FDR-Dashboard/createNewVoucherButton' is not present after 4 second(s)

2020-09-08 12:16:09 - [MESSAGE][INFO] - Unable to find the element located by 'By.xpath: //*[@data-id='button-link']//*[contains(text(),'Create New Voucher')]'. Please recheck the objects properties to make sure the desired element is located. 

2020-09-08 12:16:09 - [MESSAGE][WARNING] - Object 'Object Repository/FDR-Dashboard/createNewVoucherButton' is not present after 4 second(s)

2020-09-08 12:16:09 - [TEST_STEP][PASSED] - mouseOver(findTestObject("FDR-EditVoucher/DLHoverSecondLine")): Object: 'Object Repository/FDR-EditVoucher/DLHoverSecondLine' is hovered

2020-09-08 12:16:09 - [MESSAGE][PASSED] - Object: 'Object Repository/FDR-EditVoucher/DLHoverSecondLine' is hovered

2020-09-08 12:16:09 - [TEST_STEP][PASSED] - click(findTestObject("FDR-EditVoucher/DLEditIcon")): Object: 'Object Repository/FDR-EditVoucher/DLEditIcon' is clicked on

2020-09-08 12:16:09 - [MESSAGE][PASSED] - Object: 'Object Repository/FDR-EditVoucher/DLEditIcon' is clicked on

2020-09-08 12:16:09 - [TEST_STEP][PASSED] - waitForElementPresent(findTestObject("FDR-Dashboard/createNewVoucherButton"), 4): Object 'Object Repository/FDR-Dashboard/createNewVoucherButton' is not present after 4 second(s)

2020-09-08 12:16:15 - [MESSAGE][INFO] - Unable to find the element located by 'By.xpath: //*[@data-id='button-link']//*[contains(text(),'Create New Voucher')]'. Please recheck the objects properties to make sure the desired element is located. 

2020-09-08 12:16:15 - [MESSAGE][WARNING] - Object 'Object Repository/FDR-Dashboard/createNewVoucherButton' is not present after 4 second(s)

2020-09-08 12:16:15 - [TEST_STEP][PASSED] - click(findTestObject("FDR-Vouchers-States/Validate/Reject/RejectDistributionLine/DLRejectClick")): Object: 'Object Repository/FDR-Vouchers-States/Validate/Reject/RejectDistributionLine/DLRejectClick' is clicked on

2020-09-08 12:16:15 - [MESSAGE][PASSED] - Object: 'Object Repository/FDR-Vouchers-States/Validate/Reject/RejectDistributionLine/DLRejectClick' is clicked on

2020-09-08 12:16:15 - [TEST_STEP][PASSED] - waitForElementPresent(findTestObject("FDR-Dashboard/createNewVoucherButton"), 2): Object 'Object Repository/FDR-Dashboard/createNewVoucherButton' is not present after 2 second(s)

2020-09-08 12:16:18 - [MESSAGE][INFO] - Unable to find the element located by 'By.xpath: //*[@data-id='button-link']//*[contains(text(),'Create New Voucher')]'. Please recheck the objects properties to make sure the desired element is located. 

2020-09-08 12:16:18 - [MESSAGE][WARNING] - Object 'Object Repository/FDR-Dashboard/createNewVoucherButton' is not present after 2 second(s)

2020-09-08 12:16:18 - [TEST_STEP][PASSED] - click(findTestObject("FDR-Vouchers-States/Validate/Reject/RejectDistributionLine/spanIncorrectFundRatio")): Object: 'Object Repository/FDR-Vouchers-States/Validate/Reject/RejectDistributionLine/spanIncorrectFundRatio' is clicked on

2020-09-08 12:16:18 - [MESSAGE][PASSED] - Object: 'Object Repository/FDR-Vouchers-States/Validate/Reject/RejectDistributionLine/spanIncorrectFundRatio' is clicked on

2020-09-08 12:16:18 - [TEST_STEP][PASSED] - waitForElementPresent(findTestObject("FDR-Dashboard/createNewVoucherButton"), 2): Object 'Object Repository/FDR-Dashboard/createNewVoucherButton' is not present after 2 second(s)

2020-09-08 12:16:22 - [MESSAGE][INFO] - Unable to find the element located by 'By.xpath: //*[@data-id='button-link']//*[contains(text(),'Create New Voucher')]'. Please recheck the objects properties to make sure the desired element is located. 

2020-09-08 12:16:22 - [MESSAGE][WARNING] - Object 'Object Repository/FDR-Dashboard/createNewVoucherButton' is not present after 2 second(s)

2020-09-08 12:16:22 - [TEST_STEP][PASSED] - click(findTestObject("FDR-Vouchers-States/Validate/Reject/RejectDistributionLine/spanIncorrectServiceCategory")): Object: 'Object Repository/FDR-Vouchers-States/Validate/Reject/RejectDistributionLine/spanIncorrectServiceCategory' is clicked on

2020-09-08 12:16:22 - [MESSAGE][PASSED] - Object: 'Object Repository/FDR-Vouchers-States/Validate/Reject/RejectDistributionLine/spanIncorrectServiceCategory' is clicked on

2020-09-08 12:16:22 - [TEST_STEP][PASSED] - waitForElementPresent(findTestObject("FDR-Dashboard/createNewVoucherButton"), 3): Object 'Object Repository/FDR-Dashboard/createNewVoucherButton' is not present after 3 second(s)

2020-09-08 12:16:26 - [MESSAGE][INFO] - Unable to find the element located by 'By.xpath: //*[@data-id='button-link']//*[contains(text(),'Create New Voucher')]'. Please recheck the objects properties to make sure the desired element is located. 

2020-09-08 12:16:26 - [MESSAGE][WARNING] - Object 'Object Repository/FDR-Dashboard/createNewVoucherButton' is not present after 3 second(s)

2020-09-08 12:16:26 - [TEST_STEP][PASSED] - click(findTestObject("FDR-Vouchers-States/Validate/Reject/RejectDistributionLine/rejectDistributionLine")): Object: 'Object Repository/FDR-Vouchers-States/Validate/Reject/RejectDistributionLine/rejectDistributionLine' is clicked on

2020-09-08 12:16:26 - [MESSAGE][PASSED] - Object: 'Object Repository/FDR-Vouchers-States/Validate/Reject/RejectDistributionLine/rejectDistributionLine' is clicked on

2020-09-08 12:16:26 - [TEST_STEP][PASSED] - waitForElementPresent(findTestObject("FDR-Dashboard/createNewVoucherButton"), 5): Object 'Object Repository/FDR-Dashboard/createNewVoucherButton' is not present after 5 second(s)

2020-09-08 12:16:32 - [MESSAGE][INFO] - Unable to find the element located by 'By.xpath: //*[@data-id='button-link']//*[contains(text(),'Create New Voucher')]'. Please recheck the objects properties to make sure the desired element is located. 

2020-09-08 12:16:32 - [MESSAGE][WARNING] - Object 'Object Repository/FDR-Dashboard/createNewVoucherButton' is not present after 5 second(s)

2020-09-08 12:16:32 - [TEST_STEP][PASSED] - mouseOver(findTestObject("FDR-EditVoucher/invoiceHover")): Object: 'Object Repository/FDR-EditVoucher/invoiceHover' is hovered

2020-09-08 12:16:33 - [MESSAGE][PASSED] - Object: 'Object Repository/FDR-EditVoucher/invoiceHover' is hovered

2020-09-08 12:16:33 - [TEST_STEP][PASSED] - click(findTestObject("FDR-EditVoucher/voucherLineEditIcon")): Object: 'Object Repository/FDR-EditVoucher/voucherLineEditIcon' is clicked on

2020-09-08 12:16:33 - [MESSAGE][PASSED] - Object: 'Object Repository/FDR-EditVoucher/voucherLineEditIcon' is clicked on

2020-09-08 12:16:33 - [TEST_STEP][PASSED] - waitForElementPresent(findTestObject("FDR-Dashboard/createNewVoucherButton"), 2): Object 'Object Repository/FDR-Dashboard/createNewVoucherButton' is not present after 2 second(s)

2020-09-08 12:16:36 - [MESSAGE][INFO] - Unable to find the element located by 'By.xpath: //*[@data-id='button-link']//*[contains(text(),'Create New Voucher')]'. Please recheck the objects properties to make sure the desired element is located. 

2020-09-08 12:16:36 - [MESSAGE][WARNING] - Object 'Object Repository/FDR-Dashboard/createNewVoucherButton' is not present after 2 second(s)

2020-09-08 12:16:36 - [TEST_STEP][PASSED] - click(findTestObject("FDR-Vouchers-States/Validate/Reject/RejectDistributionLine/DLRejectClick")): Object: 'Object Repository/FDR-Vouchers-States/Validate/Reject/RejectDistributionLine/DLRejectClick' is clicked on

2020-09-08 12:16:37 - [MESSAGE][PASSED] - Object: 'Object Repository/FDR-Vouchers-States/Validate/Reject/RejectDistributionLine/DLRejectClick' is clicked on

2020-09-08 12:16:37 - [TEST_STEP][PASSED] - waitForElementPresent(findTestObject("FDR-Dashboard/createNewVoucherButton"), 5): Object 'Object Repository/FDR-Dashboard/createNewVoucherButton' is not present after 5 second(s)

2020-09-08 12:16:43 - [MESSAGE][INFO] - Unable to find the element located by 'By.xpath: //*[@data-id='button-link']//*[contains(text(),'Create New Voucher')]'. Please recheck the objects properties to make sure the desired element is located. 

2020-09-08 12:16:43 - [MESSAGE][WARNING] - Object 'Object Repository/FDR-Dashboard/createNewVoucherButton' is not present after 5 second(s)

2020-09-08 12:16:43 - [TEST_STEP][PASSED] - click(findTestObject("FDR-Vouchers-States/Validate/Reject/RejectVoucherLine/spanIncorrectInvoiceNum")): Object: 'Object Repository/FDR-Vouchers-States/Validate/Reject/RejectVoucherLine/spanIncorrectInvoiceNum' is clicked on

2020-09-08 12:16:43 - [MESSAGE][PASSED] - Object: 'Object Repository/FDR-Vouchers-States/Validate/Reject/RejectVoucherLine/spanIncorrectInvoiceNum' is clicked on

2020-09-08 12:16:43 - [TEST_STEP][PASSED] - waitForElementPresent(findTestObject("FDR-Dashboard/createNewVoucherButton"), 4): Object 'Object Repository/FDR-Dashboard/createNewVoucherButton' is not present after 4 second(s)

2020-09-08 12:16:48 - [MESSAGE][INFO] - Unable to find the element located by 'By.xpath: //*[@data-id='button-link']//*[contains(text(),'Create New Voucher')]'. Please recheck the objects properties to make sure the desired element is located. 

2020-09-08 12:16:48 - [MESSAGE][WARNING] - Object 'Object Repository/FDR-Dashboard/createNewVoucherButton' is not present after 4 second(s)

2020-09-08 12:16:48 - [TEST_STEP][PASSED] - click(findTestObject("FDR-Vouchers-States/Validate/Reject/RejectVoucherLine/spanIncorrectInvoiceAmount")): Object: 'Object Repository/FDR-Vouchers-States/Validate/Reject/RejectVoucherLine/spanIncorrectInvoiceAmount' is clicked on

2020-09-08 12:16:49 - [MESSAGE][PASSED] - Object: 'Object Repository/FDR-Vouchers-States/Validate/Reject/RejectVoucherLine/spanIncorrectInvoiceAmount' is clicked on

2020-09-08 12:16:49 - [TEST_STEP][PASSED] - waitForElementPresent(findTestObject("FDR-Dashboard/createNewVoucherButton"), 4): Object 'Object Repository/FDR-Dashboard/createNewVoucherButton' is not present after 4 second(s)

2020-09-08 12:16:54 - [MESSAGE][INFO] - Unable to find the element located by 'By.xpath: //*[@data-id='button-link']//*[contains(text(),'Create New Voucher')]'. Please recheck the objects properties to make sure the desired element is located. 

2020-09-08 12:16:54 - [MESSAGE][WARNING] - Object 'Object Repository/FDR-Dashboard/createNewVoucherButton' is not present after 4 second(s)

2020-09-08 12:16:54 - [TEST_STEP][PASSED] - click(findTestObject("FDR-Vouchers-States/Validate/Reject/RejectVoucherLine/rejectInvoiceLine")): Object: 'Object Repository/FDR-Vouchers-States/Validate/Reject/RejectVoucherLine/rejectInvoiceLine' is clicked on

2020-09-08 12:16:54 - [MESSAGE][PASSED] - Object: 'Object Repository/FDR-Vouchers-States/Validate/Reject/RejectVoucherLine/rejectInvoiceLine' is clicked on

2020-09-08 12:16:54 - [TEST_STEP][PASSED] - waitForElementPresent(findTestObject("FDR-Dashboard/createNewVoucherButton"), 2): Object 'Object Repository/FDR-Dashboard/createNewVoucherButton' is not present after 2 second(s)

2020-09-08 12:16:57 - [MESSAGE][INFO] - Unable to find the element located by 'By.xpath: //*[@data-id='button-link']//*[contains(text(),'Create New Voucher')]'. Please recheck the objects properties to make sure the desired element is located. 

2020-09-08 12:16:57 - [MESSAGE][WARNING] - Object 'Object Repository/FDR-Dashboard/createNewVoucherButton' is not present after 2 second(s)

2020-09-08 12:16:57 - [TEST_STEP][PASSED] - click(findTestObject("FDR-VoucherEntry/InvoiceLine/invoiceLineExpandButton")): Object: 'Object Repository/FDR-VoucherEntry/InvoiceLine/invoiceLineExpandButton' is clicked on

2020-09-08 12:16:58 - [MESSAGE][PASSED] - Object: 'Object Repository/FDR-VoucherEntry/InvoiceLine/invoiceLineExpandButton' is clicked on

2020-09-08 12:16:58 - [TEST_STEP][PASSED] - waitForElementPresent(findTestObject("FDR-Dashboard/createNewVoucherButton"), 2): Object 'Object Repository/FDR-Dashboard/createNewVoucherButton' is not present after 2 second(s)

2020-09-08 12:17:01 - [MESSAGE][INFO] - Unable to find the element located by 'By.xpath: //*[@data-id='button-link']//*[contains(text(),'Create New Voucher')]'. Please recheck the objects properties to make sure the desired element is located. 

2020-09-08 12:17:01 - [MESSAGE][WARNING] - Object 'Object Repository/FDR-Dashboard/createNewVoucherButton' is not present after 2 second(s)

2020-09-08 12:17:01 - [TEST_STEP][PASSED] - click(findTestObject("FDR-Vouchers-States/Validate/Reject/rejectButton")): Object: 'Object Repository/FDR-Vouchers-States/Validate/Reject/rejectButton' is clicked on

2020-09-08 12:17:01 - [MESSAGE][PASSED] - Object: 'Object Repository/FDR-Vouchers-States/Validate/Reject/rejectButton' is clicked on

2020-09-08 12:17:01 - [TEST_STEP][PASSED] - waitForElementPresent(findTestObject("FDR-Dashboard/createNewVoucherButton"), 2): Object 'Object Repository/FDR-Dashboard/createNewVoucherButton' is not present after 2 second(s)

2020-09-08 12:17:04 - [MESSAGE][INFO] - Unable to find the element located by 'By.xpath: //*[@data-id='button-link']//*[contains(text(),'Create New Voucher')]'. Please recheck the objects properties to make sure the desired element is located. 

2020-09-08 12:17:04 - [MESSAGE][WARNING] - Object 'Object Repository/FDR-Dashboard/createNewVoucherButton' is not present after 2 second(s)

2020-09-08 12:17:04 - [TEST_STEP][PASSED] - click(findTestObject("FDR-Vouchers-States/Validate/Reject/RejectVoucher/rejectVoucherButton")): Object: 'Object Repository/FDR-Vouchers-States/Validate/Reject/RejectVoucher/rejectVoucherButton' is clicked on

2020-09-08 12:17:05 - [MESSAGE][PASSED] - Object: 'Object Repository/FDR-Vouchers-States/Validate/Reject/RejectVoucher/rejectVoucherButton' is clicked on

2020-09-08 12:17:05 - [TEST_STEP][PASSED] - waitForElementPresent(findTestObject("FDR-Dashboard/createNewVoucherButton"), 2): Object 'Object Repository/FDR-Dashboard/createNewVoucherButton' is present

2020-09-08 12:17:06 - [MESSAGE][PASSED] - Object 'Object Repository/FDR-Dashboard/createNewVoucherButton' is present

2020-09-08 12:17:06 - [TEST_STEP][PASSED] - navigateToUrl(URL + "/vouchers/" + Integer.parseInt(processorVoucherNumber.split("CAP")[1]) + "/entry"): Navigate to 'https://fdr-katalon.cammis-mod-dev.dhcs.ca.gov/vouchers/137/entry' successfully

2020-09-08 12:17:06 - [MESSAGE][PASSED] - Navigate to 'https://fdr-katalon.cammis-mod-dev.dhcs.ca.gov/vouchers/137/entry' successfully

2020-09-08 12:17:06 - [TEST_STEP][PASSED] - waitForElementPresent(findTestObject("FDR-Dashboard/createNewVoucherButton"), 4): Object 'Object Repository/FDR-Dashboard/createNewVoucherButton' is not present after 4 second(s)

2020-09-08 12:17:12 - [MESSAGE][INFO] - Unable to find the element located by 'By.xpath: //*[@data-id='button-link']//*[contains(text(),'Create New Voucher')]'. Please recheck the objects properties to make sure the desired element is located. 

2020-09-08 12:17:12 - [MESSAGE][WARNING] - Object 'Object Repository/FDR-Dashboard/createNewVoucherButton' is not present after 4 second(s)

2020-09-08 12:17:12 - [TEST_STEP][FAILED] - rejectionReason = getText(findTestObject("FDR-Vouchers-States/Validate/Reject/verificationReasons/dlGroup1RejectionReason")): Unable to get text of object 'Object Repository/FDR-Vouchers-States/Validate/Reject/verificationReasons/dlGroup1RejectionReason' (Root cause: com.kms.katalon.core.exception.StepFailedException: Unable to get text of object 'Object Repository/FDR-Vouchers-States/Validate/Reject/verificationReasons/dlGroup1RejectionReason'
	at com.kms.katalon.core.webui.keyword.internal.WebUIKeywordMain.stepFailed(WebUIKeywordMain.groovy:64)
	at com.kms.katalon.core.webui.keyword.internal.WebUIKeywordMain.runKeyword(WebUIKeywordMain.groovy:26)
	at com.kms.katalon.core.webui.keyword.builtin.GetTextKeyword.getText(GetTextKeyword.groovy:88)
	at com.kms.katalon.core.webui.keyword.builtin.GetTextKeyword.execute(GetTextKeyword.groovy:67)
	at com.kms.katalon.core.keyword.internal.KeywordExecutor.executeKeywordForPlatform(KeywordExecutor.groovy:73)
	at com.kms.katalon.core.webui.keyword.WebUiBuiltInKeywords.getText(WebUiBuiltInKeywords.groovy:914)
	at com.kms.katalon.core.webui.keyword.WebUiBuiltInKeywords$getText$11.call(Unknown Source)
	at FDR-Reject-Voucher.run(FDR-Reject-Voucher:133)
	at com.kms.katalon.core.main.ScriptEngine.run(ScriptEngine.java:194)
	at com.kms.katalon.core.main.ScriptEngine.runScriptAsRawText(ScriptEngine.java:119)
	at com.kms.katalon.core.main.TestCaseExecutor.runScript(TestCaseExecutor.java:339)
	at com.kms.katalon.core.main.TestCaseExecutor.doExecute(TestCaseExecutor.java:330)
	at com.kms.katalon.core.main.TestCaseExecutor.processExecutionPhase(TestCaseExecutor.java:309)
	at com.kms.katalon.core.main.TestCaseExecutor.accessMainPhase(TestCaseExecutor.java:301)
	at com.kms.katalon.core.main.TestCaseExecutor.execute(TestCaseExecutor.java:235)
	at com.kms.katalon.core.main.TestSuiteExecutor.accessTestCaseMainPhase(TestSuiteExecutor.java:191)
	at com.kms.katalon.core.main.TestSuiteExecutor.accessTestSuiteMainPhase(TestSuiteExecutor.java:141)
	at com.kms.katalon.core.main.TestSuiteExecutor.execute(TestSuiteExecutor.java:90)
	at com.kms.katalon.core.main.TestCaseMain.startTestSuite(TestCaseMain.java:157)
	at com.kms.katalon.core.main.TestCaseMain$startTestSuite$0.call(Unknown Source)
	at TempTestSuite1599589931846.run(TempTestSuite1599589931846.groovy:39)
Caused by: com.kms.katalon.core.webui.exception.WebElementNotFoundException: Web element with id: 'Object Repository/FDR-Vouchers-States/Validate/Reject/verificationReasons/dlGroup1RejectionReason' located by '(//*[text()='Line 1 Group 1: ' ]//parent::*//*[2])[1]' not found
	at com.kms.katalon.core.webui.common.WebUiCommonHelper.findWebElement(WebUiCommonHelper.java:1368)
	at com.kms.katalon.core.webui.keyword.internal.WebUIAbstractKeyword.findWebElement(WebUIAbstractKeyword.groovy:27)
	at com.kms.katalon.core.webui.keyword.internal.WebUIAbstractKeyword.findWebElement(WebUIAbstractKeyword.groovy:26)
	at com.kms.katalon.core.webui.keyword.builtin.GetTextKeyword$_getText_closure1.doCall(GetTextKeyword.groovy:78)
	at com.kms.katalon.core.webui.keyword.builtin.GetTextKeyword$_getText_closure1.call(GetTextKeyword.groovy)
	at com.kms.katalon.core.webui.keyword.internal.WebUIKeywordMain.runKeyword(WebUIKeywordMain.groovy:20)
	at com.kms.katalon.core.webui.keyword.builtin.GetTextKeyword.getText(GetTextKeyword.groovy:88)
	at com.kms.katalon.core.webui.keyword.builtin.GetTextKeyword.execute(GetTextKeyword.groovy:67)
	at com.kms.katalon.core.keyword.internal.KeywordExecutor.executeKeywordForPlatform(KeywordExecutor.groovy:73)
	at com.kms.katalon.core.webui.keyword.WebUiBuiltInKeywords.getText(WebUiBuiltInKeywords.groovy:914)
	at com.kms.katalon.core.webui.keyword.WebUiBuiltInKeywords$getText$11.call(Unknown Source)
	at Script1585606028046.run(Script1585606028046.groovy:133)
	... 13 more
)

2020-09-08 12:17:16 - [MESSAGE][INFO] - Unable to find the element located by 'By.xpath: (//*[text()='Line 1 Group 1: ' ]//parent::*//*[2])[1]'. Please recheck the objects properties to make sure the desired element is located. 

2020-09-08 12:17:17 - [MESSAGE][FAILED] - Unable to get text of object 'Object Repository/FDR-Vouchers-States/Validate/Reject/verificationReasons/dlGroup1RejectionReason' (Root cause: com.kms.katalon.core.exception.StepFailedException: Unable to get text of object 'Object Repository/FDR-Vouchers-States/Validate/Reject/verificationReasons/dlGroup1RejectionReason'
	at com.kms.katalon.core.webui.keyword.internal.WebUIKeywordMain.stepFailed(WebUIKeywordMain.groovy:64)
	at com.kms.katalon.core.webui.keyword.internal.WebUIKeywordMain.runKeyword(WebUIKeywordMain.groovy:26)
	at com.kms.katalon.core.webui.keyword.builtin.GetTextKeyword.getText(GetTextKeyword.groovy:88)
	at com.kms.katalon.core.webui.keyword.builtin.GetTextKeyword.execute(GetTextKeyword.groovy:67)
	at com.kms.katalon.core.keyword.internal.KeywordExecutor.executeKeywordForPlatform(KeywordExecutor.groovy:73)
	at com.kms.katalon.core.webui.keyword.WebUiBuiltInKeywords.getText(WebUiBuiltInKeywords.groovy:914)
	at com.kms.katalon.core.webui.keyword.WebUiBuiltInKeywords$getText$11.call(Unknown Source)
	at FDR-Reject-Voucher.run(FDR-Reject-Voucher:133)
	at com.kms.katalon.core.main.ScriptEngine.run(ScriptEngine.java:194)
	at com.kms.katalon.core.main.ScriptEngine.runScriptAsRawText(ScriptEngine.java:119)
	at com.kms.katalon.core.main.TestCaseExecutor.runScript(TestCaseExecutor.java:339)
	at com.kms.katalon.core.main.TestCaseExecutor.doExecute(TestCaseExecutor.java:330)
	at com.kms.katalon.core.main.TestCaseExecutor.processExecutionPhase(TestCaseExecutor.java:309)
	at com.kms.katalon.core.main.TestCaseExecutor.accessMainPhase(TestCaseExecutor.java:301)
	at com.kms.katalon.core.main.TestCaseExecutor.execute(TestCaseExecutor.java:235)
	at com.kms.katalon.core.main.TestSuiteExecutor.accessTestCaseMainPhase(TestSuiteExecutor.java:191)
	at com.kms.katalon.core.main.TestSuiteExecutor.accessTestSuiteMainPhase(TestSuiteExecutor.java:141)
	at com.kms.katalon.core.main.TestSuiteExecutor.execute(TestSuiteExecutor.java:90)
	at com.kms.katalon.core.main.TestCaseMain.startTestSuite(TestCaseMain.java:157)
	at com.kms.katalon.core.main.TestCaseMain$startTestSuite$0.call(Unknown Source)
	at TempTestSuite1599589931846.run(TempTestSuite1599589931846.groovy:39)
Caused by: com.kms.katalon.core.webui.exception.WebElementNotFoundException: Web element with id: 'Object Repository/FDR-Vouchers-States/Validate/Reject/verificationReasons/dlGroup1RejectionReason' located by '(//*[text()='Line 1 Group 1: ' ]//parent::*//*[2])[1]' not found
	at com.kms.katalon.core.webui.common.WebUiCommonHelper.findWebElement(WebUiCommonHelper.java:1368)
	at com.kms.katalon.core.webui.keyword.internal.WebUIAbstractKeyword.findWebElement(WebUIAbstractKeyword.groovy:27)
	at com.kms.katalon.core.webui.keyword.internal.WebUIAbstractKeyword.findWebElement(WebUIAbstractKeyword.groovy:26)
	at com.kms.katalon.core.webui.keyword.builtin.GetTextKeyword$_getText_closure1.doCall(GetTextKeyword.groovy:78)
	at com.kms.katalon.core.webui.keyword.builtin.GetTextKeyword$_getText_closure1.call(GetTextKeyword.groovy)
	at com.kms.katalon.core.webui.keyword.internal.WebUIKeywordMain.runKeyword(WebUIKeywordMain.groovy:20)
	at com.kms.katalon.core.webui.keyword.builtin.GetTextKeyword.getText(GetTextKeyword.groovy:88)
	at com.kms.katalon.core.webui.keyword.builtin.GetTextKeyword.execute(GetTextKeyword.groovy:67)
	at com.kms.katalon.core.keyword.internal.KeywordExecutor.executeKeywordForPlatform(KeywordExecutor.groovy:73)
	at com.kms.katalon.core.webui.keyword.WebUiBuiltInKeywords.getText(WebUiBuiltInKeywords.groovy:914)
	at com.kms.katalon.core.webui.keyword.WebUiBuiltInKeywords$getText$11.call(Unknown Source)
	at Script1585606028046.run(Script1585606028046.groovy:133)
	... 13 more
)
[[ATTACHMENT|C:\\fdr-automation-develop_08_25_2020\\Reports\\20200908_113210\\Voucher-Integration_Suite\\20200908_113211\\1599592636419.png]]

2020-09-08 12:17:17 - [TEST_STEP][PASSED] - Assert.assertEquals(rejectionReason, "Incorrect distribution line amount, Incorrect fund ratio", "DL group1 rejection reasons not matching"): null

2020-09-08 12:17:17 - [TEST_STEP][PASSED] - Start tear down : tearDownTestCase: Method 'tearDownTestCase' complete successfully

2020-09-08 12:17:17 - [MESSAGE][PASSED] - Method 'tearDownTestCase' complete successfully

2020-09-08 12:17:17 - [TEST_STEP][PASSED] - Start listener action : sampleAfterTestCase: null

2020-09-08 12:17:17 - [TEST_STEP][PASSED] - profileName = getExecutionProfile(): null

2020-09-08 12:17:17 - [TEST_STEP][PASSED] - switch (profileName): null

2020-09-08 12:17:17 - [TEST_STEP][PASSED] - case "superUser":: null

2020-09-08 12:17:17 - [TEST_STEP][PASSED] - return null: null

2020-09-08 12:17:17 - [TEST_STEP][PASSED] - Start listener action : afterTestCase: null

2020-09-08 12:17:17 - [TEST_STEP][PASSED] - profileName = getExecutionProfile(): null

2020-09-08 12:17:17 - [TEST_STEP][PASSED] - if (profileName.equalsIgnoreCase("SysAdmin")): null

2020-09-08 12:17:17 - [TEST_STEP][PASSED] - Start listener action : sampleAfterTestCase: null

2020-09-08 12:17:17 - [TEST_STEP][PASSED] - profileName = getExecutionProfile(): null

2020-09-08 12:17:17 - [TEST_STEP][PASSED] - switch (profileName): null

2020-09-08 12:17:17 - [TEST_STEP][PASSED] - case "Voucher":: null

2020-09-08 12:17:17 - [TEST_STEP][PASSED] - Uifunctions.logoutFDR(): Browser is closed

2020-09-08 12:17:17 - [MESSAGE][PASSED] - Browser is closed

2020-09-08 12:17:17 - [TEST_STEP][PASSED] - break: null

2020-09-08 12:17:17 - [TEST_STEP][PASSED] - Start listener action : addFailedTCToList: null]]></system-out>
         <system-err><![CDATA[2020-09-08 12:12:04 - [TEST_CASE][FAILED] - Test Cases/WEB-UI-TESTS/Voucher/FDR-Reject-Voucher: Test Cases/WEB-UI-TESTS/Voucher/FDR-Reject-Voucher FAILED.
Reason:
com.kms.katalon.core.exception.StepFailedException: Unable to get text of object 'Object Repository/FDR-Vouchers-States/Validate/Reject/verificationReasons/dlGroup1RejectionReason' (Root cause: com.kms.katalon.core.exception.StepFailedException: Unable to get text of object 'Object Repository/FDR-Vouchers-States/Validate/Reject/verificationReasons/dlGroup1RejectionReason'
	at com.kms.katalon.core.webui.keyword.internal.WebUIKeywordMain.stepFailed(WebUIKeywordMain.groovy:64)
	at com.kms.katalon.core.webui.keyword.internal.WebUIKeywordMain.runKeyword(WebUIKeywordMain.groovy:26)
	at com.kms.katalon.core.webui.keyword.builtin.GetTextKeyword.getText(GetTextKeyword.groovy:88)
	at com.kms.katalon.core.webui.keyword.builtin.GetTextKeyword.execute(GetTextKeyword.groovy:67)
	at com.kms.katalon.core.keyword.internal.KeywordExecutor.executeKeywordForPlatform(KeywordExecutor.groovy:73)
	at com.kms.katalon.core.webui.keyword.WebUiBuiltInKeywords.getText(WebUiBuiltInKeywords.groovy:914)
	at com.kms.katalon.core.webui.keyword.WebUiBuiltInKeywords$getText$11.call(Unknown Source)
	at FDR-Reject-Voucher.run(FDR-Reject-Voucher:133)
	at com.kms.katalon.core.main.ScriptEngine.run(ScriptEngine.java:194)
	at com.kms.katalon.core.main.ScriptEngine.runScriptAsRawText(ScriptEngine.java:119)
	at com.kms.katalon.core.main.TestCaseExecutor.runScript(TestCaseExecutor.java:339)
	at com.kms.katalon.core.main.TestCaseExecutor.doExecute(TestCaseExecutor.java:330)
	at com.kms.katalon.core.main.TestCaseExecutor.processExecutionPhase(TestCaseExecutor.java:309)
	at com.kms.katalon.core.main.TestCaseExecutor.accessMainPhase(TestCaseExecutor.java:301)
	at com.kms.katalon.core.main.TestCaseExecutor.execute(TestCaseExecutor.java:235)
	at com.kms.katalon.core.main.TestSuiteExecutor.accessTestCaseMainPhase(TestSuiteExecutor.java:191)
	at com.kms.katalon.core.main.TestSuiteExecutor.accessTestSuiteMainPhase(TestSuiteExecutor.java:141)
	at com.kms.katalon.core.main.TestSuiteExecutor.execute(TestSuiteExecutor.java:90)
	at com.kms.katalon.core.main.TestCaseMain.startTestSuite(TestCaseMain.java:157)
	at com.kms.katalon.core.main.TestCaseMain$startTestSuite$0.call(Unknown Source)
	at TempTestSuite1599589931846.run(TempTestSuite1599589931846.groovy:39)
Caused by: com.kms.katalon.core.webui.exception.WebElementNotFoundException: Web element with id: 'Object Repository/FDR-Vouchers-States/Validate/Reject/verificationReasons/dlGroup1RejectionReason' located by '(//*[text()='Line 1 Group 1: ' ]//parent::*//*[2])[1]' not found
	at com.kms.katalon.core.webui.common.WebUiCommonHelper.findWebElement(WebUiCommonHelper.java:1368)
	at com.kms.katalon.core.webui.keyword.internal.WebUIAbstractKeyword.findWebElement(WebUIAbstractKeyword.groovy:27)
	at com.kms.katalon.core.webui.keyword.internal.WebUIAbstractKeyword.findWebElement(WebUIAbstractKeyword.groovy:26)
	at com.kms.katalon.core.webui.keyword.builtin.GetTextKeyword$_getText_closure1.doCall(GetTextKeyword.groovy:78)
	at com.kms.katalon.core.webui.keyword.builtin.GetTextKeyword$_getText_closure1.call(GetTextKeyword.groovy)
	at com.kms.katalon.core.webui.keyword.internal.WebUIKeywordMain.runKeyword(WebUIKeywordMain.groovy:20)
	at com.kms.katalon.core.webui.keyword.builtin.GetTextKeyword.getText(GetTextKeyword.groovy:88)
	at com.kms.katalon.core.webui.keyword.builtin.GetTextKeyword.execute(GetTextKeyword.groovy:67)
	at com.kms.katalon.core.keyword.internal.KeywordExecutor.executeKeywordForPlatform(KeywordExecutor.groovy:73)
	at com.kms.katalon.core.webui.keyword.WebUiBuiltInKeywords.getText(WebUiBuiltInKeywords.groovy:914)
	at com.kms.katalon.core.webui.keyword.WebUiBuiltInKeywords$getText$11.call(Unknown Source)
	at Script1585606028046.run(Script1585606028046.groovy:133)
	... 13 more
)
	at com.kms.katalon.core.keyword.internal.KeywordMain.stepFailed(KeywordMain.groovy:39)
	at com.kms.katalon.core.webui.keyword.internal.WebUIKeywordMain.stepFailed(WebUIKeywordMain.groovy:64)
	at com.kms.katalon.core.webui.keyword.internal.WebUIKeywordMain.runKeyword(WebUIKeywordMain.groovy:26)
	at com.kms.katalon.core.webui.keyword.builtin.GetTextKeyword.getText(GetTextKeyword.groovy:88)
	at com.kms.katalon.core.webui.keyword.builtin.GetTextKeyword.execute(GetTextKeyword.groovy:67)
	at com.kms.katalon.core.keyword.internal.KeywordExecutor.executeKeywordForPlatform(KeywordExecutor.groovy:73)
	at com.kms.katalon.core.webui.keyword.WebUiBuiltInKeywords.getText(WebUiBuiltInKeywords.groovy:914)
	at com.kms.katalon.core.webui.keyword.WebUiBuiltInKeywords$getText$11.call(Unknown Source)
	at FDR-Reject-Voucher.run(FDR-Reject-Voucher:133)
	at com.kms.katalon.core.main.ScriptEngine.run(ScriptEngine.java:194)
	at com.kms.katalon.core.main.ScriptEngine.runScriptAsRawText(ScriptEngine.java:119)
	at com.kms.katalon.core.main.TestCaseExecutor.runScript(TestCaseExecutor.java:339)
	at com.kms.katalon.core.main.TestCaseExecutor.doExecute(TestCaseExecutor.java:330)
	at com.kms.katalon.core.main.TestCaseExecutor.processExecutionPhase(TestCaseExecutor.java:309)
	at com.kms.katalon.core.main.TestCaseExecutor.accessMainPhase(TestCaseExecutor.java:301)
	at com.kms.katalon.core.main.TestCaseExecutor.execute(TestCaseExecutor.java:235)
	at com.kms.katalon.core.main.TestSuiteExecutor.accessTestCaseMainPhase(TestSuiteExecutor.java:191)
	at com.kms.katalon.core.main.TestSuiteExecutor.accessTestSuiteMainPhase(TestSuiteExecutor.java:141)
	at com.kms.katalon.core.main.TestSuiteExecutor.execute(TestSuiteExecutor.java:90)
	at com.kms.katalon.core.main.TestCaseMain.startTestSuite(TestCaseMain.java:157)
	at com.kms.katalon.core.main.TestCaseMain$startTestSuite$0.call(Unknown Source)
	at TempTestSuite1599589931846.run(TempTestSuite1599589931846.groovy:39)
Caused by: com.kms.katalon.core.exception.StepFailedException: Unable to get text of object 'Object Repository/FDR-Vouchers-States/Validate/Reject/verificationReasons/dlGroup1RejectionReason'
	... 21 more
Caused by: com.kms.katalon.core.webui.exception.WebElementNotFoundException: Web element with id: 'Object Repository/FDR-Vouchers-States/Validate/Reject/verificationReasons/dlGroup1RejectionReason' located by '(//*[text()='Line 1 Group 1: ' ]//parent::*//*[2])[1]' not found
	at com.kms.katalon.core.webui.common.WebUiCommonHelper.findWebElement(WebUiCommonHelper.java:1368)
	at com.kms.katalon.core.webui.keyword.internal.WebUIAbstractKeyword.findWebElement(WebUIAbstractKeyword.groovy:27)
	at com.kms.katalon.core.webui.keyword.internal.WebUIAbstractKeyword.findWebElement(WebUIAbstractKeyword.groovy:26)
	at com.kms.katalon.core.webui.keyword.builtin.GetTextKeyword$_getText_closure1.doCall(GetTextKeyword.groovy:78)
	at com.kms.katalon.core.webui.keyword.builtin.GetTextKeyword$_getText_closure1.call(GetTextKeyword.groovy)
	at com.kms.katalon.core.webui.keyword.internal.WebUIKeywordMain.runKeyword(WebUIKeywordMain.groovy:20)
	... 19 more]]></system-err>
      </testcase>
      <testcase name="Test Cases/WEB-UI-TESTS/Voucher/FDR-Validate-Approve-Modal" time="233.607" classname="Test Cases/WEB-UI-TESTS/Voucher/FDR-Validate-Approve-Modal" status="PASSED">
         <system-out><![CDATA[2020-09-08 12:17:17 - [TEST_CASE][PASSED] - Test Cases/WEB-UI-TESTS/Voucher/FDR-Validate-Approve-Modal: Test Cases/WEB-UI-TESTS/Voucher/FDR-Validate-Approve-Modal

2020-09-08 12:17:17 - [TEST_STEP][PASSED] - Start listener action : sampleBeforeTestCase: null

2020-09-08 12:17:17 - [TEST_STEP][PASSED] - profileName = getExecutionProfile(): null

2020-09-08 12:17:17 - [TEST_STEP][PASSED] - switch (profileName): null

2020-09-08 12:17:17 - [TEST_STEP][PASSED] - case "superUser":: null

2020-09-08 12:17:17 - [TEST_STEP][PASSED] - return null: null

2020-09-08 12:17:17 - [TEST_STEP][PASSED] - Start listener action : beforeTestCase: null

2020-09-08 12:17:17 - [TEST_STEP][PASSED] - profileName = getExecutionProfile(): null

2020-09-08 12:17:17 - [TEST_STEP][PASSED] - if (profileName.equalsIgnoreCase("SysAdmin")): null

2020-09-08 12:17:17 - [TEST_STEP][PASSED] - Start listener action : sampleBeforeTestCase: Navigate to 'https://fdr-katalon.cammis-mod-dev.dhcs.ca.gov' successfully

2020-09-08 12:17:17 - [TEST_STEP][PASSED] - profileName = getExecutionProfile(): null

2020-09-08 12:17:17 - [TEST_STEP][PASSED] - testCaseId = testCaseContext.getTestCaseId(): null

2020-09-08 12:17:17 - [TEST_STEP][PASSED] - switch (profileName): null

2020-09-08 12:17:17 - [TEST_STEP][PASSED] - case "Voucher":: null

2020-09-08 12:17:17 - [TEST_STEP][PASSED] - Uifunctions.loginFDR(accountsApproverAcc2, accountsApproverAcc2Pwd): Object: 'Object Repository/FDR-SignIn/SignInButton' is clicked on

2020-09-08 12:17:17 - [MESSAGE][INFO] - Starting 'Chrome' driver

2020-09-08 12:17:17 - [MESSAGE][INFO] - Action delay is set to 0 milliseconds

2020-09-08 12:17:20 - [MESSAGE][PASSED] - Browser is opened with url: ''

2020-09-08 12:17:22 - [MESSAGE][PASSED] - Current window maximized

2020-09-08 12:17:23 - [MESSAGE][PASSED] - Navigate to 'https://fdr-katalon.cammis-mod-dev.dhcs.ca.gov' successfully

2020-09-08 12:17:25 - [MESSAGE][PASSED] - Object 'Object Repository/FDR-SignIn/SignInEmail' is present

2020-09-08 12:17:25 - [MESSAGE][PASSED] - Object: 'Object Repository/FDR-SignIn/SignInEmail' is clicked on

2020-09-08 12:17:25 - [MESSAGE][PASSED] - Object 'Object Repository/FDR-SignIn/SignInEmail' is present

2020-09-08 12:17:26 - [MESSAGE][PASSED] - Text 'fdr.test2@dhcs.ca.gov' is set on object 'Object Repository/FDR-SignIn/SignInEmail'

2020-09-08 12:17:26 - [MESSAGE][PASSED] - Object 'Object Repository/FDR-SignIn/SignInEmailNext' is visible

2020-09-08 12:17:26 - [MESSAGE][PASSED] - Object: 'Object Repository/FDR-SignIn/SignInEmailNext' is clicked on

2020-09-08 12:17:31 - [MESSAGE][PASSED] - Object 'Object Repository/FDR-SignIn/SignInEmailPassword' is visible

2020-09-08 12:17:31 - [MESSAGE][PASSED] - Object: 'Object Repository/FDR-SignIn/SignInEmailPassword' is clicked on

2020-09-08 12:17:31 - [MESSAGE][PASSED] - Text ****** has been set on object 'Object Repository/FDR-SignIn/SignInEmailPassword'

2020-09-08 12:17:33 - [MESSAGE][PASSED] - Object: 'Object Repository/FDR-SignIn/SignInButton' is clicked on

2020-09-08 12:17:33 - [TEST_STEP][PASSED] - break: null

2020-09-08 12:17:33 - [TEST_STEP][PASSED] - navigateToUrl(URL): Navigate to 'https://fdr-katalon.cammis-mod-dev.dhcs.ca.gov' successfully

2020-09-08 12:17:33 - [MESSAGE][PASSED] - Navigate to 'https://fdr-katalon.cammis-mod-dev.dhcs.ca.gov' successfully

2020-09-08 12:17:33 - [TEST_STEP][PASSED] - Start listener action : executeRows: null

2020-09-08 12:17:33 - [TEST_STEP][PASSED] - Start setup action : setupTestCase: Method 'setupTestCase' complete successfully

2020-09-08 12:17:33 - [MESSAGE][PASSED] - Method 'setupTestCase' complete successfully

2020-09-08 12:17:33 - [TEST_STEP][PASSED] - callTestCase(findTestCase("WEB-UI-TESTS/Voucher/FDR-Create-Simple-Voucher"), ["drawDate":drawDate, "payDate":payDate, "programType":programType, "invoiceType":invoiceType, "fundCode":fundCode, "supplier":supplier, ... ], STOP_ON_FAILURE): Call Test Case 'Test Cases/WEB-UI-TESTS/Voucher/FDR-Create-Simple-Voucher' successfully

2020-09-08 12:17:33 - [TEST_CASE][PASSED] - Test Cases/WEB-UI-TESTS/Voucher/FDR-Create-Simple-Voucher: Test Cases/WEB-UI-TESTS/Voucher/FDR-Create-Simple-Voucher

2020-09-08 12:17:33 - [TEST_STEP][PASSED] - voucherHeaderData = ["drawDate":drawDate, "payDate":payDate, "programType":programType, "invoiceType":invoiceType, "fundCode":fundCode, "supplier":supplier, ... ]: null

2020-09-08 12:17:33 - [TEST_STEP][PASSED] - Uifunctions.createVoucherHeader(voucherHeaderData): Object 'Object Repository/FDR-VoucherEntry/VoucherHeader/reviewButton' is present

2020-09-08 12:17:35 - [MESSAGE][PASSED] - Object 'Object Repository/FDR-Dashboard/createNewVoucherButton' is present

2020-09-08 12:17:36 - [MESSAGE][PASSED] - Object: 'Object Repository/FDR-Dashboard/createNewVoucherButton' is clicked on

2020-09-08 12:17:40 - [MESSAGE][INFO] - Unable to find the element located by 'By.xpath: //*[@data-id='action-button']//*[contains(text(),'Review')]'. Please recheck the objects properties to make sure the desired element is located. 

2020-09-08 12:17:40 - [MESSAGE][WARNING] - Object 'Object Repository/FDR-VoucherEntry/VoucherHeader/reviewButton' is not present after 3 second(s)

2020-09-08 12:17:40 - [MESSAGE][PASSED] - Object: 'Object Repository/FDR-VoucherEntry/Voucher/drawDate' is clicked on

2020-09-08 12:17:42 - [MESSAGE][INFO] - Unable to find the element located by 'By.xpath: //*[@data-id='button-link']//*[contains(text(),'Create New Voucher')]'. Please recheck the objects properties to make sure the desired element is located. 

2020-09-08 12:17:42 - [MESSAGE][WARNING] - Object 'Object Repository/FDR-Dashboard/createNewVoucherButton' is not present after 1 second(s)

2020-09-08 12:17:43 - [MESSAGE][PASSED] - Text '09/23/2020' is set on object 'Object Repository/FDR-VoucherEntry/Voucher/drawDate'

2020-09-08 12:17:47 - [MESSAGE][INFO] - Unable to find the element located by 'By.xpath: //*[@data-id='button-link']//*[contains(text(),'Create New Voucher')]'. Please recheck the objects properties to make sure the desired element is located. 

2020-09-08 12:17:47 - [MESSAGE][WARNING] - Object 'Object Repository/FDR-Dashboard/createNewVoucherButton' is not present after 3 second(s)

2020-09-08 12:17:48 - [MESSAGE][PASSED] - Object: 'Object Repository/FDR-VoucherEntry/Voucher/programType' is clicked on

2020-09-08 12:17:51 - [MESSAGE][INFO] - Unable to find the element located by 'By.xpath: //*[@data-id='button-link']//*[contains(text(),'Create New Voucher')]'. Please recheck the objects properties to make sure the desired element is located. 

2020-09-08 12:17:51 - [MESSAGE][WARNING] - Object 'Object Repository/FDR-Dashboard/createNewVoucherButton' is not present after 2 second(s)

2020-09-08 12:17:51 - [MESSAGE][PASSED] - Keys 'Medical Assistance (MA)' sent to object: 'Object Repository/FDR-VoucherEntry/Voucher/programType'

2020-09-08 12:17:52 - [MESSAGE][PASSED] - Object 'Object Repository/FDR-VoucherEntry/Voucher/programType' is present

2020-09-08 12:17:52 - [MESSAGE][PASSED] - Keys 'DOWN + ENTER + ' sent to object: 'Object Repository/FDR-VoucherEntry/Voucher/programType'

2020-09-08 12:17:53 - [MESSAGE][PASSED] - Object: 'Object Repository/FDR-VoucherEntry/Voucher/invoiceType' is clicked on

2020-09-08 12:17:53 - [MESSAGE][PASSED] - Object 'Object Repository/FDR-VoucherEntry/Voucher/invoiceType' is present

2020-09-08 12:17:53 - [MESSAGE][PASSED] - Keys 'CAP' sent to object: 'Object Repository/FDR-VoucherEntry/Voucher/invoiceType'

2020-09-08 12:17:54 - [MESSAGE][PASSED] - Keys 'DOWN + ENTER + ' sent to object: 'Object Repository/FDR-VoucherEntry/Voucher/invoiceType'

2020-09-08 12:17:54 - [MESSAGE][PASSED] - Object: 'Object Repository/FDR-VoucherEntry/Voucher/fundCode' is clicked on

2020-09-08 12:17:55 - [MESSAGE][PASSED] - Keys 'lth Care Deposit Fund (0912)' sent to object: 'Object Repository/FDR-VoucherEntry/Voucher/fundCode'

2020-09-08 12:17:55 - [MESSAGE][PASSED] - Object 'Object Repository/FDR-VoucherEntry/Voucher/fundCode' is present

2020-09-08 12:17:56 - [MESSAGE][PASSED] - Keys 'DOWN + ENTER + ' sent to object: 'Object Repository/FDR-VoucherEntry/Voucher/fundCode'

2020-09-08 12:17:56 - [MESSAGE][PASSED] - Object: 'Object Repository/FDR-VoucherEntry/Voucher/supplierID' is clicked on

2020-09-08 12:17:57 - [MESSAGE][PASSED] - Keys '0000008170' sent to object: 'Object Repository/FDR-VoucherEntry/Voucher/supplierID'

2020-09-08 12:17:57 - [MESSAGE][PASSED] - Object 'Object Repository/FDR-VoucherEntry/Voucher/supplierID' is present

2020-09-08 12:17:58 - [MESSAGE][PASSED] - Keys 'DOWN + ENTER + ' sent to object: 'Object Repository/FDR-VoucherEntry/Voucher/supplierID'

2020-09-08 12:17:58 - [MESSAGE][PASSED] - Object: 'Object Repository/FDR-VoucherEntry/Voucher/seqNum' is clicked on

2020-09-08 12:17:59 - [MESSAGE][PASSED] - Object 'Object Repository/FDR-VoucherEntry/Voucher/seqNum' is present

2020-09-08 12:17:59 - [MESSAGE][PASSED] - Keys 'DOWN + ENTER + ' sent to object: 'Object Repository/FDR-VoucherEntry/Voucher/seqNum'

2020-09-08 12:18:00 - [MESSAGE][PASSED] - Object: 'Object Repository/FDR-VoucherEntry/Voucher/contractNum' is clicked on

2020-09-08 12:18:00 - [MESSAGE][PASSED] - Keys '13-90186' sent to object: 'Object Repository/FDR-VoucherEntry/Voucher/contractNum'

2020-09-08 12:18:01 - [MESSAGE][PASSED] - Object 'Object Repository/FDR-VoucherEntry/Voucher/contractNum' is present

2020-09-08 12:18:01 - [MESSAGE][PASSED] - Keys 'DOWN + ENTER + ' sent to object: 'Object Repository/FDR-VoucherEntry/Voucher/contractNum'

2020-09-08 12:18:02 - [MESSAGE][PASSED] - Text '' is set on object 'Object Repository/FDR-VoucherEntry/Voucher/vendorMessage'

2020-09-08 12:18:02 - [MESSAGE][PASSED] - Object: 'Object Repository/FDR-VoucherEntry/Voucher/primaryContact' is clicked on

2020-09-08 12:18:03 - [MESSAGE][PASSED] - Keys 'Baoson Dang' sent to object: 'Object Repository/FDR-VoucherEntry/Voucher/primaryContact'

2020-09-08 12:18:03 - [MESSAGE][PASSED] - Object 'Object Repository/FDR-VoucherEntry/Voucher/primaryContact' is present

2020-09-08 12:18:04 - [MESSAGE][PASSED] - Keys 'DOWN + ENTER + ' sent to object: 'Object Repository/FDR-VoucherEntry/Voucher/primaryContact'

2020-09-08 12:18:04 - [MESSAGE][PASSED] - Object: 'Object Repository/FDR-VoucherEntry/Voucher/secondaryContact' is clicked on

2020-09-08 12:18:05 - [MESSAGE][PASSED] - Keys 'Angela Kazaryan' sent to object: 'Object Repository/FDR-VoucherEntry/Voucher/secondaryContact'

2020-09-08 12:18:05 - [MESSAGE][PASSED] - Object 'Object Repository/FDR-VoucherEntry/Voucher/secondaryContact' is present

2020-09-08 12:18:06 - [MESSAGE][PASSED] - Object 'Object Repository/FDR-VoucherEntry/Voucher/secondaryContact' is present

2020-09-08 12:18:06 - [MESSAGE][PASSED] - Keys 'DOWN + ENTER + ' sent to object: 'Object Repository/FDR-VoucherEntry/Voucher/secondaryContact'

2020-09-08 12:18:06 - [MESSAGE][PASSED] - Object: 'Object Repository/FDR-VoucherEntry/Voucher/buttonNext' is clicked on

2020-09-08 12:18:09 - [MESSAGE][PASSED] - Delayed 3 second(s)

2020-09-08 12:18:10 - [MESSAGE][PASSED] - Object 'Object Repository/FDR-VoucherEntry/VoucherHeader/reviewButton' is present

2020-09-08 12:18:10 - [TEST_STEP][PASSED] - waitForElementPresent(findTestObject("FDR-Dashboard/createNewVoucherButton"), 4): Object 'Object Repository/FDR-Dashboard/createNewVoucherButton' is not present after 4 second(s)

2020-09-08 12:18:15 - [MESSAGE][INFO] - Unable to find the element located by 'By.xpath: //*[@data-id='button-link']//*[contains(text(),'Create New Voucher')]'. Please recheck the objects properties to make sure the desired element is located. 

2020-09-08 12:18:15 - [MESSAGE][WARNING] - Object 'Object Repository/FDR-Dashboard/createNewVoucherButton' is not present after 4 second(s)

2020-09-08 12:18:15 - [TEST_STEP][PASSED] - Uifunctions.createInvoiceLine(1): Object 'Object Repository/FDR-VoucherEntry/VoucherHeader/reviewButton' is present

2020-09-08 12:18:15 - [MESSAGE][PASSED] - Object 'Object Repository/FDR-VoucherEntry/VoucherHeader/reviewButton' is present

2020-09-08 12:18:18 - [MESSAGE][INFO] - Unable to find the element located by 'By.xpath: //*[contains(text(),'Add voucher')]//parent::button'. Please recheck the objects properties to make sure the desired element is located. 

2020-09-08 12:18:18 - [MESSAGE][WARNING] - Object 'Object Repository/FDR-VoucherEntry/InvoiceLine/addVoucherButton' is not present after 2 second(s)

2020-09-08 12:18:19 - [MESSAGE][PASSED] - Object 'Object Repository/FDR-VoucherEntry/InvoiceLine/invoice' is clickable

2020-09-08 12:18:19 - [MESSAGE][PASSED] - Object: 'Object Repository/FDR-VoucherEntry/InvoiceLine/invoice' is clicked on

2020-09-08 12:18:20 - [MESSAGE][PASSED] - Text '9810' is set on object 'Object Repository/FDR-VoucherEntry/InvoiceLine/invoice'

2020-09-08 12:18:20 - [MESSAGE][PASSED] - Object: 'Object Repository/FDR-VoucherEntry/InvoiceLine/invoiceDate' is clicked on

2020-09-08 12:18:21 - [MESSAGE][PASSED] - Object 'Object Repository/FDR-VoucherEntry/InvoiceLine/invoiceDate' is present

2020-09-08 12:18:21 - [MESSAGE][PASSED] - Text '09/08/2020' is set on object 'Object Repository/FDR-VoucherEntry/InvoiceLine/invoiceDate'

2020-09-08 12:18:22 - [MESSAGE][PASSED] - Object: 'Object Repository/FDR-VoucherEntry/InvoiceLine/originalWarrantDate' is clicked on

2020-09-08 12:18:22 - [MESSAGE][PASSED] - Text '09/09/2020' is set on object 'Object Repository/FDR-VoucherEntry/InvoiceLine/originalWarrantDate'

2020-09-08 12:18:23 - [MESSAGE][PASSED] - Object 'Object Repository/FDR-VoucherEntry/InvoiceLine/addInvoiceLineButton' is present

2020-09-08 12:18:23 - [MESSAGE][PASSED] - Object: 'Object Repository/FDR-VoucherEntry/InvoiceLine/addInvoiceLineButtonIndex2' is clicked on

2020-09-08 12:18:24 - [MESSAGE][PASSED] - Object 'Object Repository/FDR-VoucherEntry/VoucherHeader/reviewButton' is present

2020-09-08 12:18:24 - [TEST_STEP][PASSED] - waitForElementClickable(findTestObject("FDR-VoucherEntry/InvoiceLine/invoiceLineExpandButton"), 5): Object 'Object Repository/FDR-VoucherEntry/InvoiceLine/invoiceLineExpandButton' is clickable

2020-09-08 12:18:24 - [MESSAGE][PASSED] - Object 'Object Repository/FDR-VoucherEntry/InvoiceLine/invoiceLineExpandButton' is clickable

2020-09-08 12:18:24 - [TEST_STEP][PASSED] - click(findTestObject("FDR-VoucherEntry/InvoiceLine/invoiceLineExpandButton")): Object: 'Object Repository/FDR-VoucherEntry/InvoiceLine/invoiceLineExpandButton' is clicked on

2020-09-08 12:18:24 - [MESSAGE][PASSED] - Object: 'Object Repository/FDR-VoucherEntry/InvoiceLine/invoiceLineExpandButton' is clicked on

2020-09-08 12:18:24 - [TEST_STEP][PASSED] - waitForElementPresent(findTestObject("FDR-Dashboard/createNewVoucherButton"), 4): Object 'Object Repository/FDR-Dashboard/createNewVoucherButton' is not present after 4 second(s)

2020-09-08 12:18:30 - [MESSAGE][INFO] - Unable to find the element located by 'By.xpath: //*[@data-id='button-link']//*[contains(text(),'Create New Voucher')]'. Please recheck the objects properties to make sure the desired element is located. 

2020-09-08 12:18:30 - [MESSAGE][WARNING] - Object 'Object Repository/FDR-Dashboard/createNewVoucherButton' is not present after 4 second(s)

2020-09-08 12:18:30 - [TEST_STEP][PASSED] - click(findTestObject("FDR-VoucherEntry/InvoiceLine/invoiceAddlineButton")): Object: 'Object Repository/FDR-VoucherEntry/InvoiceLine/invoiceAddlineButton' is clicked on

2020-09-08 12:18:30 - [MESSAGE][PASSED] - Object: 'Object Repository/FDR-VoucherEntry/InvoiceLine/invoiceAddlineButton' is clicked on

2020-09-08 12:18:30 - [TEST_STEP][PASSED] - Uifunctions.createDistributionLines(1, "Voucher/FDR-DL"): Object: 'Object Repository/FDR-VoucherEntry/DistributionLine/addSaveButton' is clicked on

2020-09-08 12:18:34 - [MESSAGE][INFO] - Unable to find the element located by 'By.xpath: //*[@data-id='button-link']//*[contains(text(),'Create New Voucher')]'. Please recheck the objects properties to make sure the desired element is located. 

2020-09-08 12:18:34 - [MESSAGE][WARNING] - Object 'Object Repository/FDR-Dashboard/createNewVoucherButton' is not present after 3 second(s)

2020-09-08 12:18:37 - [MESSAGE][INFO] - Unable to find the element located by 'By.xpath: //*[@data-id='button-link']//*[contains(text(),'Create New Voucher')]'. Please recheck the objects properties to make sure the desired element is located. 

2020-09-08 12:18:37 - [MESSAGE][WARNING] - Object 'Object Repository/FDR-Dashboard/createNewVoucherButton' is not present after 2 second(s)

2020-09-08 12:18:38 - [MESSAGE][PASSED] - Object 'Object Repository/FDR-VoucherEntry/DistributionLine/serviceDateFrom' is clickable

2020-09-08 12:18:38 - [MESSAGE][PASSED] - Object: 'Object Repository/FDR-VoucherEntry/DistributionLine/serviceDateFrom' is clicked on

2020-09-08 12:18:38 - [MESSAGE][PASSED] - Object 'Object Repository/FDR-VoucherEntry/DistributionLine/serviceDateFrom' is present

2020-09-08 12:18:39 - [MESSAGE][PASSED] - Text '08/04/2020' is set on object 'Object Repository/FDR-VoucherEntry/DistributionLine/serviceDateFrom'

2020-09-08 12:18:40 - [MESSAGE][PASSED] - Object: 'Object Repository/FDR-VoucherEntry/DistributionLine/serviceDateTo' is clicked on

2020-09-08 12:18:40 - [MESSAGE][PASSED] - Object 'Object Repository/FDR-VoucherEntry/DistributionLine/serviceDateTo' is present

2020-09-08 12:18:41 - [MESSAGE][PASSED] - Text '08/05/2020' is set on object 'Object Repository/FDR-VoucherEntry/DistributionLine/serviceDateTo'

2020-09-08 12:18:44 - [MESSAGE][INFO] - Unable to find the element located by 'By.xpath: //*[@data-id='button-link']//*[contains(text(),'Create New Voucher')]'. Please recheck the objects properties to make sure the desired element is located. 

2020-09-08 12:18:44 - [MESSAGE][WARNING] - Object 'Object Repository/FDR-Dashboard/createNewVoucherButton' is not present after 2 second(s)

2020-09-08 12:18:44 - [MESSAGE][PASSED] - Object: 'Object Repository/FDR-VoucherEntry/DistributionLine/amount' is clicked on

2020-09-08 12:18:44 - [MESSAGE][PASSED] - Execute JavaScript 'arguments[0].value='';' successfully

2020-09-08 12:18:45 - [MESSAGE][PASSED] - Keys '100' sent to object: 'Object Repository/FDR-VoucherEntry/DistributionLine/amount'

2020-09-08 12:18:47 - [MESSAGE][INFO] - Unable to find the element located by 'By.xpath: //*[@data-id='button-link']//*[contains(text(),'Create New Voucher')]'. Please recheck the objects properties to make sure the desired element is located. 

2020-09-08 12:18:47 - [MESSAGE][WARNING] - Object 'Object Repository/FDR-Dashboard/createNewVoucherButton' is not present after 1 second(s)

2020-09-08 12:18:48 - [MESSAGE][PASSED] - Object: 'Object Repository/FDR-VoucherEntry/DistributionLine/waiverType' is clicked on

2020-09-08 12:18:50 - [MESSAGE][INFO] - Unable to find the element located by 'By.xpath: //*[@data-id='button-link']//*[contains(text(),'Create New Voucher')]'. Please recheck the objects properties to make sure the desired element is located. 

2020-09-08 12:18:50 - [MESSAGE][WARNING] - Object 'Object Repository/FDR-Dashboard/createNewVoucherButton' is not present after 1 second(s)

2020-09-08 12:18:50 - [MESSAGE][PASSED] - Keys '1115' sent to object: 'Object Repository/FDR-VoucherEntry/DistributionLine/waiverType'

2020-09-08 12:18:53 - [MESSAGE][INFO] - Unable to find the element located by 'By.xpath: //*[@data-id='button-link']//*[contains(text(),'Create New Voucher')]'. Please recheck the objects properties to make sure the desired element is located. 

2020-09-08 12:18:53 - [MESSAGE][WARNING] - Object 'Object Repository/FDR-Dashboard/createNewVoucherButton' is not present after 2 second(s)

2020-09-08 12:18:54 - [MESSAGE][PASSED] - Keys 'DOWN + ENTER + ' sent to object: 'Object Repository/FDR-VoucherEntry/DistributionLine/waiverType'

2020-09-08 12:18:54 - [MESSAGE][PASSED] - Object: 'Object Repository/FDR-VoucherEntry/DistributionLine/waiverName' is clicked on

2020-09-08 12:18:55 - [MESSAGE][PASSED] - Keys 'CBAS' sent to object: 'Object Repository/FDR-VoucherEntry/DistributionLine/waiverName'

2020-09-08 12:18:58 - [MESSAGE][INFO] - Unable to find the element located by 'By.xpath: //*[@data-id='button-link']//*[contains(text(),'Create New Voucher')]'. Please recheck the objects properties to make sure the desired element is located. 

2020-09-08 12:18:58 - [MESSAGE][WARNING] - Object 'Object Repository/FDR-Dashboard/createNewVoucherButton' is not present after 2 second(s)

2020-09-08 12:18:58 - [MESSAGE][PASSED] - Keys 'DOWN + ENTER + ' sent to object: 'Object Repository/FDR-VoucherEntry/DistributionLine/waiverName'

2020-09-08 12:18:59 - [MESSAGE][PASSED] - Object: 'Object Repository/FDR-VoucherEntry/DistributionLine/fundingSource' is clicked on

2020-09-08 12:18:59 - [MESSAGE][PASSED] - Keys 'Dental' sent to object: 'Object Repository/FDR-VoucherEntry/DistributionLine/fundingSource'

2020-09-08 12:19:02 - [MESSAGE][INFO] - Unable to find the element located by 'By.xpath: //*[@data-id='button-link']//*[contains(text(),'Create New Voucher')]'. Please recheck the objects properties to make sure the desired element is located. 

2020-09-08 12:19:02 - [MESSAGE][WARNING] - Object 'Object Repository/FDR-Dashboard/createNewVoucherButton' is not present after 2 second(s)

2020-09-08 12:19:03 - [MESSAGE][PASSED] - Keys 'DOWN + ENTER + ' sent to object: 'Object Repository/FDR-VoucherEntry/DistributionLine/fundingSource'

2020-09-08 12:19:03 - [MESSAGE][PASSED] - Object: 'Object Repository/FDR-VoucherEntry/DistributionLine/fundRatio' is clicked on

2020-09-08 12:19:04 - [MESSAGE][PASSED] - Keys '90/10' sent to object: 'Object Repository/FDR-VoucherEntry/DistributionLine/fundRatio'

2020-09-08 12:19:07 - [MESSAGE][INFO] - Unable to find the element located by 'By.xpath: //*[@data-id='button-link']//*[contains(text(),'Create New Voucher')]'. Please recheck the objects properties to make sure the desired element is located. 

2020-09-08 12:19:07 - [MESSAGE][WARNING] - Object 'Object Repository/FDR-Dashboard/createNewVoucherButton' is not present after 2 second(s)

2020-09-08 12:19:07 - [MESSAGE][PASSED] - Keys 'DOWN + ENTER + ' sent to object: 'Object Repository/FDR-VoucherEntry/DistributionLine/fundRatio'

2020-09-08 12:19:08 - [MESSAGE][PASSED] - Object: 'Object Repository/FDR-VoucherEntry/DistributionLine/nonFederalFund' is clicked on

2020-09-08 12:19:08 - [MESSAGE][PASSED] - Keys '0001' sent to object: 'Object Repository/FDR-VoucherEntry/DistributionLine/nonFederalFund'

2020-09-08 12:19:11 - [MESSAGE][INFO] - Unable to find the element located by 'By.xpath: //*[@data-id='button-link']//*[contains(text(),'Create New Voucher')]'. Please recheck the objects properties to make sure the desired element is located. 

2020-09-08 12:19:11 - [MESSAGE][WARNING] - Object 'Object Repository/FDR-Dashboard/createNewVoucherButton' is not present after 2 second(s)

2020-09-08 12:19:12 - [MESSAGE][PASSED] - Keys 'DOWN + ENTER + ' sent to object: 'Object Repository/FDR-VoucherEntry/DistributionLine/nonFederalFund'

2020-09-08 12:19:12 - [MESSAGE][PASSED] - Object: 'Object Repository/FDR-VoucherEntry/DistributionLine/account' is clicked on

2020-09-08 12:19:13 - [MESSAGE][PASSED] - Keys '5442000' sent to object: 'Object Repository/FDR-VoucherEntry/DistributionLine/account'

2020-09-08 12:19:13 - [MESSAGE][PASSED] - Keys 'DOWN + ENTER + ' sent to object: 'Object Repository/FDR-VoucherEntry/DistributionLine/account'

2020-09-08 12:19:14 - [MESSAGE][PASSED] - Object: 'Object Repository/FDR-VoucherEntry/DistributionLine/altAccount' is clicked on

2020-09-08 12:19:15 - [MESSAGE][PASSED] - Keys '5442000' sent to object: 'Object Repository/FDR-VoucherEntry/DistributionLine/altAccount'

2020-09-08 12:19:15 - [MESSAGE][PASSED] - Object 'Object Repository/FDR-VoucherEntry/DistributionLine/altAccount' is present

2020-09-08 12:19:15 - [MESSAGE][PASSED] - Keys 'DOWN + ENTER + ' sent to object: 'Object Repository/FDR-VoucherEntry/DistributionLine/altAccount'

2020-09-08 12:19:16 - [MESSAGE][PASSED] - Object: 'Object Repository/FDR-VoucherEntry/DistributionLine/serviceCategory' is clicked on

2020-09-08 12:19:19 - [MESSAGE][INFO] - Unable to find the element located by 'By.xpath: //*[@data-id='button-link']//*[contains(text(),'Create New Voucher')]'. Please recheck the objects properties to make sure the desired element is located. 

2020-09-08 12:19:19 - [MESSAGE][WARNING] - Object 'Object Repository/FDR-Dashboard/createNewVoucherButton' is not present after 2 second(s)

2020-09-08 12:19:19 - [MESSAGE][PASSED] - Keys '18B1' sent to object: 'Object Repository/FDR-VoucherEntry/DistributionLine/serviceCategory'

2020-09-08 12:19:20 - [MESSAGE][PASSED] - Keys 'DOWN + ENTER + ' sent to object: 'Object Repository/FDR-VoucherEntry/DistributionLine/serviceCategory'

2020-09-08 12:19:20 - [MESSAGE][PASSED] - Object: 'Object Repository/FDR-VoucherEntry/DistributionLine/incDecLine' is clicked on

2020-09-08 12:19:21 - [MESSAGE][PASSED] - Keys '8: Adjustments and corrections' sent to object: 'Object Repository/FDR-VoucherEntry/DistributionLine/incDecLine'

2020-09-08 12:19:21 - [MESSAGE][PASSED] - Keys 'DOWN + ENTER + ' sent to object: 'Object Repository/FDR-VoucherEntry/DistributionLine/incDecLine'

2020-09-08 12:19:23 - [MESSAGE][INFO] - Unable to find the element located by 'By.xpath: //*[@data-id='button-link']//*[contains(text(),'Create New Voucher')]'. Please recheck the objects properties to make sure the desired element is located. 

2020-09-08 12:19:23 - [MESSAGE][WARNING] - Object 'Object Repository/FDR-Dashboard/createNewVoucherButton' is not present after 1 second(s)

2020-09-08 12:19:24 - [MESSAGE][PASSED] - Object: 'Object Repository/FDR-VoucherEntry/DistributionLine/index' is clicked on

2020-09-08 12:19:24 - [MESSAGE][PASSED] - Keys '1155' sent to object: 'Object Repository/FDR-VoucherEntry/DistributionLine/index'

2020-09-08 12:19:25 - [MESSAGE][PASSED] - Keys 'DOWN + ENTER + ' sent to object: 'Object Repository/FDR-VoucherEntry/DistributionLine/index'

2020-09-08 12:19:25 - [MESSAGE][PASSED] - Object: 'Object Repository/FDR-VoucherEntry/DistributionLine/addSaveButton' is clicked on

2020-09-08 12:19:25 - [MESSAGE][PASSED] - Call Test Case 'Test Cases/WEB-UI-TESTS/Voucher/FDR-Create-Simple-Voucher' successfully

2020-09-08 12:19:25 - [TEST_STEP][PASSED] - waitForElementPresent(findTestObject("FDR-VoucherEntry/VoucherHeader/reviewButton"), 5): Object 'Object Repository/FDR-VoucherEntry/VoucherHeader/reviewButton' is present

2020-09-08 12:19:27 - [MESSAGE][PASSED] - Object 'Object Repository/FDR-VoucherEntry/VoucherHeader/reviewButton' is present

2020-09-08 12:19:27 - [TEST_STEP][PASSED] - voucherDrawDate = getText(findTestObject("FDR-VoucherEntry/VoucherHeader/drawDate")): Text of object 'Object Repository/FDR-VoucherEntry/VoucherHeader/drawDate' is: '09/23/2020'

2020-09-08 12:19:27 - [MESSAGE][PASSED] - Text of object 'Object Repository/FDR-VoucherEntry/VoucherHeader/drawDate' is: '09/23/2020'

2020-09-08 12:19:27 - [TEST_STEP][PASSED] - Uifunctions.createInvoiceLine(1): Object 'Object Repository/FDR-VoucherEntry/VoucherHeader/reviewButton' is present

2020-09-08 12:19:27 - [MESSAGE][PASSED] - Object 'Object Repository/FDR-VoucherEntry/VoucherHeader/reviewButton' is present

2020-09-08 12:19:30 - [MESSAGE][INFO] - Unable to find the element located by 'By.xpath: //*[contains(text(),'Add voucher')]//parent::button'. Please recheck the objects properties to make sure the desired element is located. 

2020-09-08 12:19:30 - [MESSAGE][WARNING] - Object 'Object Repository/FDR-VoucherEntry/InvoiceLine/addVoucherButton' is not present after 2 second(s)

2020-09-08 12:19:30 - [MESSAGE][PASSED] - Object 'Object Repository/FDR-VoucherEntry/InvoiceLine/invoice' is clickable

2020-09-08 12:19:31 - [MESSAGE][PASSED] - Object: 'Object Repository/FDR-VoucherEntry/InvoiceLine/invoice' is clicked on

2020-09-08 12:19:31 - [MESSAGE][PASSED] - Text '1310' is set on object 'Object Repository/FDR-VoucherEntry/InvoiceLine/invoice'

2020-09-08 12:19:32 - [MESSAGE][PASSED] - Object: 'Object Repository/FDR-VoucherEntry/InvoiceLine/invoiceDate' is clicked on

2020-09-08 12:19:32 - [MESSAGE][PASSED] - Object 'Object Repository/FDR-VoucherEntry/InvoiceLine/invoiceDate' is present

2020-09-08 12:19:33 - [MESSAGE][PASSED] - Text '09/08/2020' is set on object 'Object Repository/FDR-VoucherEntry/InvoiceLine/invoiceDate'

2020-09-08 12:19:33 - [MESSAGE][PASSED] - Object: 'Object Repository/FDR-VoucherEntry/InvoiceLine/originalWarrantDate' is clicked on

2020-09-08 12:19:34 - [MESSAGE][PASSED] - Text '09/09/2020' is set on object 'Object Repository/FDR-VoucherEntry/InvoiceLine/originalWarrantDate'

2020-09-08 12:19:35 - [MESSAGE][PASSED] - Object 'Object Repository/FDR-VoucherEntry/InvoiceLine/addInvoiceLineButton' is present

2020-09-08 12:19:35 - [MESSAGE][PASSED] - Object: 'Object Repository/FDR-VoucherEntry/InvoiceLine/addInvoiceLineButtonIndex2' is clicked on

2020-09-08 12:19:36 - [MESSAGE][PASSED] - Object 'Object Repository/FDR-VoucherEntry/VoucherHeader/reviewButton' is present

2020-09-08 12:19:36 - [TEST_STEP][PASSED] - processorVoucherNumber = getText(findTestObject("FDR-VoucherEntry/VoucherHeader/voucherNum")): Text of object 'Object Repository/FDR-VoucherEntry/VoucherHeader/voucherNum' is: 'CAP00000138'

2020-09-08 12:19:36 - [MESSAGE][PASSED] - Text of object 'Object Repository/FDR-VoucherEntry/VoucherHeader/voucherNum' is: 'CAP00000138'

2020-09-08 12:19:36 - [TEST_STEP][PASSED] - waitForElementPresent(findTestObject("FDR-Dashboard/createNewVoucherButton"), 4): Object 'Object Repository/FDR-Dashboard/createNewVoucherButton' is not present after 4 second(s)

2020-09-08 12:19:41 - [MESSAGE][INFO] - Unable to find the element located by 'By.xpath: //*[@data-id='button-link']//*[contains(text(),'Create New Voucher')]'. Please recheck the objects properties to make sure the desired element is located. 

2020-09-08 12:19:41 - [MESSAGE][WARNING] - Object 'Object Repository/FDR-Dashboard/createNewVoucherButton' is not present after 4 second(s)

2020-09-08 12:19:41 - [TEST_STEP][PASSED] - click(findTestObject("FDR-VoucherEntry/VoucherHeader/reviewButton")): Object: 'Object Repository/FDR-VoucherEntry/VoucherHeader/reviewButton' is clicked on

2020-09-08 12:19:41 - [MESSAGE][PASSED] - Object: 'Object Repository/FDR-VoucherEntry/VoucherHeader/reviewButton' is clicked on

2020-09-08 12:19:41 - [TEST_STEP][PASSED] - waitForElementPresent(findTestObject("FDR-Dashboard/createNewVoucherButton"), 4): Object 'Object Repository/FDR-Dashboard/createNewVoucherButton' is not present after 4 second(s)

2020-09-08 12:19:46 - [MESSAGE][INFO] - Unable to find the element located by 'By.xpath: //*[@data-id='button-link']//*[contains(text(),'Create New Voucher')]'. Please recheck the objects properties to make sure the desired element is located. 

2020-09-08 12:19:46 - [MESSAGE][WARNING] - Object 'Object Repository/FDR-Dashboard/createNewVoucherButton' is not present after 4 second(s)

2020-09-08 12:19:46 - [TEST_STEP][PASSED] - click(findTestObject("FDR-Vouchers-States/Resume/submitForApproval")): Object: 'Object Repository/FDR-Vouchers-States/Resume/submitForApproval' is clicked on

2020-09-08 12:19:47 - [MESSAGE][PASSED] - Object: 'Object Repository/FDR-Vouchers-States/Resume/submitForApproval' is clicked on

2020-09-08 12:19:47 - [TEST_STEP][PASSED] - waitForElementPresent(findTestObject("FDR-Dashboard/createNewVoucherButton"), 4): Object 'Object Repository/FDR-Dashboard/createNewVoucherButton' is present

2020-09-08 12:19:47 - [MESSAGE][PASSED] - Object 'Object Repository/FDR-Dashboard/createNewVoucherButton' is present

2020-09-08 12:19:47 - [TEST_STEP][PASSED] - println(URL + "/vouchers/" + Integer.parseInt(processorVoucherNumber.split("CAP")[1]) + "/entry"): null

2020-09-08 12:19:47 - [TEST_STEP][PASSED] - navigateToUrl(URL + "/vouchers/" + Integer.parseInt(processorVoucherNumber.split("CAP")[1]) + "/entry"): Navigate to 'https://fdr-katalon.cammis-mod-dev.dhcs.ca.gov/vouchers/138/entry' successfully

2020-09-08 12:19:48 - [MESSAGE][PASSED] - Navigate to 'https://fdr-katalon.cammis-mod-dev.dhcs.ca.gov/vouchers/138/entry' successfully

2020-09-08 12:19:48 - [TEST_STEP][PASSED] - waitForElementPresent(findTestObject("FDR-Dashboard/createNewVoucherButton"), 4): Object 'Object Repository/FDR-Dashboard/createNewVoucherButton' is not present after 4 second(s)

2020-09-08 12:19:53 - [MESSAGE][INFO] - Unable to find the element located by 'By.xpath: //*[@data-id='button-link']//*[contains(text(),'Create New Voucher')]'. Please recheck the objects properties to make sure the desired element is located. 

2020-09-08 12:19:53 - [MESSAGE][WARNING] - Object 'Object Repository/FDR-Dashboard/createNewVoucherButton' is not present after 4 second(s)

2020-09-08 12:19:53 - [TEST_STEP][PASSED] - waitForElementPresent(findTestObject("FDR-Dashboard/createNewVoucherButton"), 5): Object 'Object Repository/FDR-Dashboard/createNewVoucherButton' is not present after 5 second(s)

2020-09-08 12:19:59 - [MESSAGE][INFO] - Unable to find the element located by 'By.xpath: //*[@data-id='button-link']//*[contains(text(),'Create New Voucher')]'. Please recheck the objects properties to make sure the desired element is located. 

2020-09-08 12:19:59 - [MESSAGE][WARNING] - Object 'Object Repository/FDR-Dashboard/createNewVoucherButton' is not present after 5 second(s)

2020-09-08 12:19:59 - [TEST_STEP][PASSED] - click(findTestObject("FDR-Vouchers-States/Validate/approveButton")): Object: 'Object Repository/FDR-Vouchers-States/Validate/approveButton' is clicked on

2020-09-08 12:20:00 - [MESSAGE][PASSED] - Object: 'Object Repository/FDR-Vouchers-States/Validate/approveButton' is clicked on

2020-09-08 12:20:00 - [TEST_STEP][PASSED] - waitForElementPresent(findTestObject("FDR-Dashboard/createNewVoucherButton"), 4): Object 'Object Repository/FDR-Dashboard/createNewVoucherButton' is present

2020-09-08 12:20:01 - [MESSAGE][PASSED] - Object 'Object Repository/FDR-Dashboard/createNewVoucherButton' is present

2020-09-08 12:20:01 - [TEST_STEP][PASSED] - navigateToUrl(URL + "/vouchers/" + Integer.parseInt(processorVoucherNumber.split("CAP")[1]) + "/entry"): Navigate to 'https://fdr-katalon.cammis-mod-dev.dhcs.ca.gov/vouchers/138/entry' successfully

2020-09-08 12:20:02 - [MESSAGE][PASSED] - Navigate to 'https://fdr-katalon.cammis-mod-dev.dhcs.ca.gov/vouchers/138/entry' successfully

2020-09-08 12:20:02 - [TEST_STEP][PASSED] - waitForElementPresent(findTestObject("FDR-Dashboard/createNewVoucherButton"), 3): Object 'Object Repository/FDR-Dashboard/createNewVoucherButton' is not present after 3 second(s)

2020-09-08 12:20:06 - [MESSAGE][INFO] - Unable to find the element located by 'By.xpath: //*[@data-id='button-link']//*[contains(text(),'Create New Voucher')]'. Please recheck the objects properties to make sure the desired element is located. 

2020-09-08 12:20:06 - [MESSAGE][WARNING] - Object 'Object Repository/FDR-Dashboard/createNewVoucherButton' is not present after 3 second(s)

2020-09-08 12:20:06 - [TEST_STEP][PASSED] - click(findTestObject("FDR-Vouchers-States/Print/printCMIAForm")): Object: 'Object Repository/FDR-Vouchers-States/Print/printCMIAForm' is clicked on

2020-09-08 12:20:06 - [MESSAGE][PASSED] - Object: 'Object Repository/FDR-Vouchers-States/Print/printCMIAForm' is clicked on

2020-09-08 12:20:06 - [TEST_STEP][PASSED] - waitForElementPresent(findTestObject("FDR-Dashboard/createNewVoucherButton"), 3): Object 'Object Repository/FDR-Dashboard/createNewVoucherButton' is not present after 3 second(s)

2020-09-08 12:20:12 - [MESSAGE][INFO] - Unable to find the element located by 'By.xpath: //*[@data-id='button-link']//*[contains(text(),'Create New Voucher')]'. Please recheck the objects properties to make sure the desired element is located. 

2020-09-08 12:20:12 - [MESSAGE][WARNING] - Object 'Object Repository/FDR-Dashboard/createNewVoucherButton' is not present after 3 second(s)

2020-09-08 12:20:12 - [TEST_STEP][PASSED] - driver = getWebDriver(): null

2020-09-08 12:20:12 - [TEST_STEP][PASSED] - switchTo().window(driver.getWindowHandle()): null

2020-09-08 12:20:12 - [TEST_STEP][PASSED] - waitForElementPresent(findTestObject("FDR-Dashboard/createNewVoucherButton"), 3): Object 'Object Repository/FDR-Dashboard/createNewVoucherButton' is not present after 3 second(s)

2020-09-08 12:20:16 - [MESSAGE][INFO] - Unable to find the element located by 'By.xpath: //*[@data-id='button-link']//*[contains(text(),'Create New Voucher')]'. Please recheck the objects properties to make sure the desired element is located. 

2020-09-08 12:20:16 - [MESSAGE][WARNING] - Object 'Object Repository/FDR-Dashboard/createNewVoucherButton' is not present after 3 second(s)

2020-09-08 12:20:16 - [TEST_STEP][PASSED] - click(findTestObject("FDR-Vouchers-States/Print/printFaceSheet")): Object: 'Object Repository/FDR-Vouchers-States/Print/printFaceSheet' is clicked on

2020-09-08 12:20:16 - [MESSAGE][PASSED] - Object: 'Object Repository/FDR-Vouchers-States/Print/printFaceSheet' is clicked on

2020-09-08 12:20:16 - [TEST_STEP][PASSED] - waitForElementPresent(findTestObject("FDR-Dashboard/createNewVoucherButton"), 3): Object 'Object Repository/FDR-Dashboard/createNewVoucherButton' is not present after 3 second(s)

2020-09-08 12:20:21 - [MESSAGE][INFO] - Unable to find the element located by 'By.xpath: //*[@data-id='button-link']//*[contains(text(),'Create New Voucher')]'. Please recheck the objects properties to make sure the desired element is located. 

2020-09-08 12:20:21 - [MESSAGE][WARNING] - Object 'Object Repository/FDR-Dashboard/createNewVoucherButton' is not present after 3 second(s)

2020-09-08 12:20:21 - [TEST_STEP][PASSED] - switchTo().window(driver.getWindowHandle()): null

2020-09-08 12:20:21 - [TEST_STEP][PASSED] - waitForElementPresent(findTestObject("FDR-Dashboard/createNewVoucherButton"), 3): Object 'Object Repository/FDR-Dashboard/createNewVoucherButton' is not present after 3 second(s)

2020-09-08 12:20:25 - [MESSAGE][INFO] - Unable to find the element located by 'By.xpath: //*[@data-id='button-link']//*[contains(text(),'Create New Voucher')]'. Please recheck the objects properties to make sure the desired element is located. 

2020-09-08 12:20:25 - [MESSAGE][WARNING] - Object 'Object Repository/FDR-Dashboard/createNewVoucherButton' is not present after 3 second(s)

2020-09-08 12:20:25 - [TEST_STEP][PASSED] - click(findTestObject("FDR-Vouchers-States/Print/printRA")): Object: 'Object Repository/FDR-Vouchers-States/Print/printRA' is clicked on

2020-09-08 12:20:25 - [MESSAGE][PASSED] - Object: 'Object Repository/FDR-Vouchers-States/Print/printRA' is clicked on

2020-09-08 12:20:25 - [TEST_STEP][PASSED] - waitForElementPresent(findTestObject("FDR-Dashboard/createNewVoucherButton"), 5): Object 'Object Repository/FDR-Dashboard/createNewVoucherButton' is not present after 5 second(s)

2020-09-08 12:20:31 - [MESSAGE][INFO] - Unable to find the element located by 'By.xpath: //*[@data-id='button-link']//*[contains(text(),'Create New Voucher')]'. Please recheck the objects properties to make sure the desired element is located. 

2020-09-08 12:20:31 - [MESSAGE][WARNING] - Object 'Object Repository/FDR-Dashboard/createNewVoucherButton' is not present after 5 second(s)

2020-09-08 12:20:31 - [TEST_STEP][PASSED] - click(findTestObject("FDR-Vouchers-States/Print/bankInfoTextArea")): Object: 'Object Repository/FDR-Vouchers-States/Print/bankInfoTextArea' is clicked on

2020-09-08 12:20:32 - [MESSAGE][PASSED] - Object: 'Object Repository/FDR-Vouchers-States/Print/bankInfoTextArea' is clicked on

2020-09-08 12:20:32 - [TEST_STEP][PASSED] - bankInfoText = "Bank Information this will provide bank detail 
 Bank Information this will provide bank detail 
 Bank Information this will provide bank detail 
 Bank Information this will provide bank detail 
 Bank Information this will provide bank detail": null

2020-09-08 12:20:32 - [TEST_STEP][PASSED] - setText(findTestObject("FDR-Vouchers-States/Print/bankInfoTextArea"), bankInfoText): Text 'Bank Information this will provide bank detail 
 Bank Information this will provide bank detail 
 Bank Information this will provide bank detail 
 Bank Information this will provide bank detail 
 Bank Information this will provide bank detail' is set on object 'Object Repository/FDR-Vouchers-States/Print/bankInfoTextArea'

2020-09-08 12:20:34 - [MESSAGE][PASSED] - Text 'Bank Information this will provide bank detail 
 Bank Information this will provide bank detail 
 Bank Information this will provide bank detail 
 Bank Information this will provide bank detail 
 Bank Information this will provide bank detail' is set on object 'Object Repository/FDR-Vouchers-States/Print/bankInfoTextArea'

2020-09-08 12:20:34 - [TEST_STEP][PASSED] - waitForElementPresent(findTestObject("FDR-Dashboard/createNewVoucherButton"), 2): Object 'Object Repository/FDR-Dashboard/createNewVoucherButton' is not present after 2 second(s)

2020-09-08 12:20:38 - [MESSAGE][INFO] - Unable to find the element located by 'By.xpath: //*[@data-id='button-link']//*[contains(text(),'Create New Voucher')]'. Please recheck the objects properties to make sure the desired element is located. 

2020-09-08 12:20:38 - [MESSAGE][WARNING] - Object 'Object Repository/FDR-Dashboard/createNewVoucherButton' is not present after 2 second(s)

2020-09-08 12:20:38 - [TEST_STEP][PASSED] - click(findTestObject("FDR-Vouchers-States/Print/bankInfoSubmit")): Object: 'Object Repository/FDR-Vouchers-States/Print/bankInfoSubmit' is clicked on

2020-09-08 12:20:38 - [MESSAGE][PASSED] - Object: 'Object Repository/FDR-Vouchers-States/Print/bankInfoSubmit' is clicked on

2020-09-08 12:20:38 - [TEST_STEP][PASSED] - waitForElementPresent(findTestObject("FDR-Dashboard/createNewVoucherButton"), 2): Object 'Object Repository/FDR-Dashboard/createNewVoucherButton' is not present after 2 second(s)

2020-09-08 12:20:41 - [MESSAGE][INFO] - Unable to find the element located by 'By.xpath: //*[@data-id='button-link']//*[contains(text(),'Create New Voucher')]'. Please recheck the objects properties to make sure the desired element is located. 

2020-09-08 12:20:41 - [MESSAGE][WARNING] - Object 'Object Repository/FDR-Dashboard/createNewVoucherButton' is not present after 2 second(s)

2020-09-08 12:20:41 - [TEST_STEP][PASSED] - verifyElementPresent(findTestObject("FDR-Vouchers-States/Print/bankInfoErrorMessage"), 1, STOP_ON_FAILURE): Object 'Object Repository/FDR-Vouchers-States/Print/bankInfoErrorMessage' is present

2020-09-08 12:20:41 - [MESSAGE][PASSED] - Object 'Object Repository/FDR-Vouchers-States/Print/bankInfoErrorMessage' is present

2020-09-08 12:20:41 - [TEST_STEP][PASSED] - waitForElementPresent(findTestObject("FDR-Dashboard/createNewVoucherButton"), 2): Object 'Object Repository/FDR-Dashboard/createNewVoucherButton' is not present after 2 second(s)

2020-09-08 12:20:44 - [MESSAGE][INFO] - Unable to find the element located by 'By.xpath: //*[@data-id='button-link']//*[contains(text(),'Create New Voucher')]'. Please recheck the objects properties to make sure the desired element is located. 

2020-09-08 12:20:44 - [MESSAGE][WARNING] - Object 'Object Repository/FDR-Dashboard/createNewVoucherButton' is not present after 2 second(s)

2020-09-08 12:20:44 - [TEST_STEP][PASSED] - click(findTestObject("FDR-Vouchers-States/Print/bankInfoCancel")): Object: 'Object Repository/FDR-Vouchers-States/Print/bankInfoCancel' is clicked on

2020-09-08 12:20:45 - [MESSAGE][PASSED] - Object: 'Object Repository/FDR-Vouchers-States/Print/bankInfoCancel' is clicked on

2020-09-08 12:20:45 - [TEST_STEP][PASSED] - waitForElementPresent(findTestObject("FDR-Dashboard/createNewVoucherButton"), 5): Object 'Object Repository/FDR-Dashboard/createNewVoucherButton' is not present after 5 second(s)

2020-09-08 12:20:51 - [MESSAGE][INFO] - Unable to find the element located by 'By.xpath: //*[@data-id='button-link']//*[contains(text(),'Create New Voucher')]'. Please recheck the objects properties to make sure the desired element is located. 

2020-09-08 12:20:51 - [MESSAGE][WARNING] - Object 'Object Repository/FDR-Dashboard/createNewVoucherButton' is not present after 5 second(s)

2020-09-08 12:20:51 - [TEST_STEP][PASSED] - click(findTestObject("FDR-Vouchers-States/Print/printRA")): Object: 'Object Repository/FDR-Vouchers-States/Print/printRA' is clicked on

2020-09-08 12:20:51 - [MESSAGE][PASSED] - Object: 'Object Repository/FDR-Vouchers-States/Print/printRA' is clicked on

2020-09-08 12:20:51 - [TEST_STEP][PASSED] - waitForElementPresent(findTestObject("FDR-Dashboard/createNewVoucherButton"), 3): Object 'Object Repository/FDR-Dashboard/createNewVoucherButton' is not present after 3 second(s)

2020-09-08 12:20:55 - [MESSAGE][INFO] - Unable to find the element located by 'By.xpath: //*[@data-id='button-link']//*[contains(text(),'Create New Voucher')]'. Please recheck the objects properties to make sure the desired element is located. 

2020-09-08 12:20:55 - [MESSAGE][WARNING] - Object 'Object Repository/FDR-Dashboard/createNewVoucherButton' is not present after 3 second(s)

2020-09-08 12:20:55 - [TEST_STEP][PASSED] - click(findTestObject("FDR-Vouchers-States/Print/bankInfoTextArea")): Object: 'Object Repository/FDR-Vouchers-States/Print/bankInfoTextArea' is clicked on

2020-09-08 12:20:56 - [MESSAGE][PASSED] - Object: 'Object Repository/FDR-Vouchers-States/Print/bankInfoTextArea' is clicked on

2020-09-08 12:20:56 - [TEST_STEP][PASSED] - waitForElementPresent(findTestObject("FDR-Dashboard/createNewVoucherButton"), 1): Object 'Object Repository/FDR-Dashboard/createNewVoucherButton' is not present after 1 second(s)

2020-09-08 12:20:58 - [MESSAGE][INFO] - Unable to find the element located by 'By.xpath: //*[@data-id='button-link']//*[contains(text(),'Create New Voucher')]'. Please recheck the objects properties to make sure the desired element is located. 

2020-09-08 12:20:58 - [MESSAGE][WARNING] - Object 'Object Repository/FDR-Dashboard/createNewVoucherButton' is not present after 1 second(s)

2020-09-08 12:20:58 - [TEST_STEP][PASSED] - setText(findTestObject("FDR-Vouchers-States/Print/bankInfoTextArea"), "Bank Information this will provide bank"): Text 'Bank Information this will provide bank' is set on object 'Object Repository/FDR-Vouchers-States/Print/bankInfoTextArea'

2020-09-08 12:20:59 - [MESSAGE][PASSED] - Text 'Bank Information this will provide bank' is set on object 'Object Repository/FDR-Vouchers-States/Print/bankInfoTextArea'

2020-09-08 12:20:59 - [TEST_STEP][PASSED] - click(findTestObject("FDR-Vouchers-States/Print/bankInfoSubmit")): Object: 'Object Repository/FDR-Vouchers-States/Print/bankInfoSubmit' is clicked on

2020-09-08 12:20:59 - [MESSAGE][PASSED] - Object: 'Object Repository/FDR-Vouchers-States/Print/bankInfoSubmit' is clicked on

2020-09-08 12:20:59 - [TEST_STEP][PASSED] - waitForElementPresent(findTestObject("FDR-Dashboard/createNewVoucherButton"), 5): Object 'Object Repository/FDR-Dashboard/createNewVoucherButton' is not present after 5 second(s)

2020-09-08 12:21:07 - [MESSAGE][INFO] - Unable to find the element located by 'By.xpath: //*[@data-id='button-link']//*[contains(text(),'Create New Voucher')]'. Please recheck the objects properties to make sure the desired element is located. 

2020-09-08 12:21:07 - [MESSAGE][WARNING] - Object 'Object Repository/FDR-Dashboard/createNewVoucherButton' is not present after 5 second(s)

2020-09-08 12:21:07 - [TEST_STEP][PASSED] - switchTo().window(driver.getWindowHandle()): null

2020-09-08 12:21:07 - [TEST_STEP][PASSED] - waitForElementPresent(findTestObject("FDR-Dashboard/createNewVoucherButton"), 2): Object 'Object Repository/FDR-Dashboard/createNewVoucherButton' is not present after 2 second(s)

2020-09-08 12:21:10 - [MESSAGE][INFO] - Unable to find the element located by 'By.xpath: //*[@data-id='button-link']//*[contains(text(),'Create New Voucher')]'. Please recheck the objects properties to make sure the desired element is located. 

2020-09-08 12:21:10 - [MESSAGE][WARNING] - Object 'Object Repository/FDR-Dashboard/createNewVoucherButton' is not present after 2 second(s)

2020-09-08 12:21:10 - [TEST_STEP][PASSED] - click(findTestObject("FDR-Vouchers-States/Print/allFormsPrintButton")): Object: 'Object Repository/FDR-Vouchers-States/Print/allFormsPrintButton' is clicked on

2020-09-08 12:21:10 - [MESSAGE][PASSED] - Object: 'Object Repository/FDR-Vouchers-States/Print/allFormsPrintButton' is clicked on

2020-09-08 12:21:10 - [TEST_STEP][PASSED] - values = [voucherDrawDate, processorVoucherNumber]: null

2020-09-08 12:21:10 - [TEST_STEP][PASSED] - return voucherDrawDate: null

2020-09-08 12:21:10 - [TEST_STEP][PASSED] - Start tear down : tearDownTestCase: Method 'tearDownTestCase' complete successfully

2020-09-08 12:21:10 - [MESSAGE][PASSED] - Method 'tearDownTestCase' complete successfully

2020-09-08 12:21:10 - [TEST_STEP][PASSED] - Start listener action : sampleAfterTestCase: null

2020-09-08 12:21:10 - [TEST_STEP][PASSED] - profileName = getExecutionProfile(): null

2020-09-08 12:21:10 - [TEST_STEP][PASSED] - switch (profileName): null

2020-09-08 12:21:10 - [TEST_STEP][PASSED] - case "superUser":: null

2020-09-08 12:21:10 - [TEST_STEP][PASSED] - return null: null

2020-09-08 12:21:10 - [TEST_STEP][PASSED] - Start listener action : afterTestCase: null

2020-09-08 12:21:10 - [TEST_STEP][PASSED] - profileName = getExecutionProfile(): null

2020-09-08 12:21:10 - [TEST_STEP][PASSED] - if (profileName.equalsIgnoreCase("SysAdmin")): null

2020-09-08 12:21:10 - [TEST_STEP][PASSED] - Start listener action : sampleAfterTestCase: null

2020-09-08 12:21:10 - [TEST_STEP][PASSED] - profileName = getExecutionProfile(): null

2020-09-08 12:21:10 - [TEST_STEP][PASSED] - switch (profileName): null

2020-09-08 12:21:10 - [TEST_STEP][PASSED] - case "Voucher":: null

2020-09-08 12:21:10 - [TEST_STEP][PASSED] - Uifunctions.logoutFDR(): Browser is closed

2020-09-08 12:21:11 - [MESSAGE][PASSED] - Browser is closed

2020-09-08 12:21:11 - [TEST_STEP][PASSED] - break: null

2020-09-08 12:21:11 - [TEST_STEP][PASSED] - Start listener action : addFailedTCToList: null]]></system-out>
         <system-err><![CDATA[]]></system-err>
      </testcase>
      <testcase name="Test Cases/WEB-UI-TESTS/Voucher/FDR-Validate-OverRide-Icon" time="232.72" classname="Test Cases/WEB-UI-TESTS/Voucher/FDR-Validate-OverRide-Icon" status="PASSED">
         <system-out><![CDATA[2020-09-08 12:21:11 - [TEST_CASE][PASSED] - Test Cases/WEB-UI-TESTS/Voucher/FDR-Validate-OverRide-Icon: Test Cases/WEB-UI-TESTS/Voucher/FDR-Validate-OverRide-Icon

2020-09-08 12:21:11 - [TEST_STEP][PASSED] - Start listener action : sampleBeforeTestCase: null

2020-09-08 12:21:11 - [TEST_STEP][PASSED] - profileName = getExecutionProfile(): null

2020-09-08 12:21:11 - [TEST_STEP][PASSED] - switch (profileName): null

2020-09-08 12:21:11 - [TEST_STEP][PASSED] - case "superUser":: null

2020-09-08 12:21:11 - [TEST_STEP][PASSED] - return null: null

2020-09-08 12:21:11 - [TEST_STEP][PASSED] - Start listener action : beforeTestCase: null

2020-09-08 12:21:11 - [TEST_STEP][PASSED] - profileName = getExecutionProfile(): null

2020-09-08 12:21:11 - [TEST_STEP][PASSED] - if (profileName.equalsIgnoreCase("SysAdmin")): null

2020-09-08 12:21:11 - [TEST_STEP][PASSED] - Start listener action : sampleBeforeTestCase: Navigate to 'https://fdr-katalon.cammis-mod-dev.dhcs.ca.gov' successfully

2020-09-08 12:21:11 - [TEST_STEP][PASSED] - profileName = getExecutionProfile(): null

2020-09-08 12:21:11 - [TEST_STEP][PASSED] - testCaseId = testCaseContext.getTestCaseId(): null

2020-09-08 12:21:11 - [TEST_STEP][PASSED] - switch (profileName): null

2020-09-08 12:21:11 - [TEST_STEP][PASSED] - case "Voucher":: null

2020-09-08 12:21:11 - [TEST_STEP][PASSED] - Uifunctions.loginFDR(accountsApproverAcc2, accountsApproverAcc2Pwd): Object: 'Object Repository/FDR-SignIn/SignInButton' is clicked on

2020-09-08 12:21:11 - [MESSAGE][INFO] - Starting 'Chrome' driver

2020-09-08 12:21:11 - [MESSAGE][INFO] - Action delay is set to 0 milliseconds

2020-09-08 12:21:14 - [MESSAGE][PASSED] - Browser is opened with url: ''

2020-09-08 12:21:16 - [MESSAGE][PASSED] - Current window maximized

2020-09-08 12:21:17 - [MESSAGE][PASSED] - Navigate to 'https://fdr-katalon.cammis-mod-dev.dhcs.ca.gov' successfully

2020-09-08 12:21:18 - [MESSAGE][PASSED] - Object 'Object Repository/FDR-SignIn/SignInEmail' is present

2020-09-08 12:21:19 - [MESSAGE][PASSED] - Object: 'Object Repository/FDR-SignIn/SignInEmail' is clicked on

2020-09-08 12:21:19 - [MESSAGE][PASSED] - Object 'Object Repository/FDR-SignIn/SignInEmail' is present

2020-09-08 12:21:19 - [MESSAGE][PASSED] - Text 'fdr.test2@dhcs.ca.gov' is set on object 'Object Repository/FDR-SignIn/SignInEmail'

2020-09-08 12:21:20 - [MESSAGE][PASSED] - Object 'Object Repository/FDR-SignIn/SignInEmailNext' is visible

2020-09-08 12:21:20 - [MESSAGE][PASSED] - Object: 'Object Repository/FDR-SignIn/SignInEmailNext' is clicked on

2020-09-08 12:21:23 - [MESSAGE][PASSED] - Object 'Object Repository/FDR-SignIn/SignInEmailPassword' is visible

2020-09-08 12:21:23 - [MESSAGE][PASSED] - Object: 'Object Repository/FDR-SignIn/SignInEmailPassword' is clicked on

2020-09-08 12:21:24 - [MESSAGE][PASSED] - Text ****** has been set on object 'Object Repository/FDR-SignIn/SignInEmailPassword'

2020-09-08 12:21:25 - [MESSAGE][PASSED] - Object: 'Object Repository/FDR-SignIn/SignInButton' is clicked on

2020-09-08 12:21:25 - [TEST_STEP][PASSED] - break: null

2020-09-08 12:21:25 - [TEST_STEP][PASSED] - navigateToUrl(URL): Navigate to 'https://fdr-katalon.cammis-mod-dev.dhcs.ca.gov' successfully

2020-09-08 12:21:25 - [MESSAGE][PASSED] - Navigate to 'https://fdr-katalon.cammis-mod-dev.dhcs.ca.gov' successfully

2020-09-08 12:21:25 - [TEST_STEP][PASSED] - Start listener action : executeRows: null

2020-09-08 12:21:25 - [TEST_STEP][PASSED] - Start setup action : setupTestCase: Method 'setupTestCase' complete successfully

2020-09-08 12:21:25 - [MESSAGE][PASSED] - Method 'setupTestCase' complete successfully

2020-09-08 12:21:26 - [TEST_STEP][PASSED] - voucherHeaderData = ["drawDate":drawDate, "payDate":payDate, "programType":programType, "invoiceType":invoiceType, "fundCode":fundCode, "supplier":supplier, ... ]: null

2020-09-08 12:21:26 - [TEST_STEP][PASSED] - Uifunctions.createVoucherHeader(voucherHeaderData): Object 'Object Repository/FDR-VoucherEntry/VoucherHeader/reviewButton' is present

2020-09-08 12:21:28 - [MESSAGE][PASSED] - Object 'Object Repository/FDR-Dashboard/createNewVoucherButton' is present

2020-09-08 12:21:28 - [MESSAGE][PASSED] - Object: 'Object Repository/FDR-Dashboard/createNewVoucherButton' is clicked on

2020-09-08 12:21:32 - [MESSAGE][INFO] - Unable to find the element located by 'By.xpath: //*[@data-id='action-button']//*[contains(text(),'Review')]'. Please recheck the objects properties to make sure the desired element is located. 

2020-09-08 12:21:32 - [MESSAGE][WARNING] - Object 'Object Repository/FDR-VoucherEntry/VoucherHeader/reviewButton' is not present after 3 second(s)

2020-09-08 12:21:33 - [MESSAGE][PASSED] - Object: 'Object Repository/FDR-VoucherEntry/Voucher/drawDate' is clicked on

2020-09-08 12:21:35 - [MESSAGE][INFO] - Unable to find the element located by 'By.xpath: //*[@data-id='button-link']//*[contains(text(),'Create New Voucher')]'. Please recheck the objects properties to make sure the desired element is located. 

2020-09-08 12:21:35 - [MESSAGE][WARNING] - Object 'Object Repository/FDR-Dashboard/createNewVoucherButton' is not present after 1 second(s)

2020-09-08 12:21:36 - [MESSAGE][PASSED] - Text '09/23/2020' is set on object 'Object Repository/FDR-VoucherEntry/Voucher/drawDate'

2020-09-08 12:21:40 - [MESSAGE][INFO] - Unable to find the element located by 'By.xpath: //*[@data-id='button-link']//*[contains(text(),'Create New Voucher')]'. Please recheck the objects properties to make sure the desired element is located. 

2020-09-08 12:21:40 - [MESSAGE][WARNING] - Object 'Object Repository/FDR-Dashboard/createNewVoucherButton' is not present after 3 second(s)

2020-09-08 12:21:40 - [MESSAGE][PASSED] - Object: 'Object Repository/FDR-VoucherEntry/Voucher/programType' is clicked on

2020-09-08 12:21:43 - [MESSAGE][INFO] - Unable to find the element located by 'By.xpath: //*[@data-id='button-link']//*[contains(text(),'Create New Voucher')]'. Please recheck the objects properties to make sure the desired element is located. 

2020-09-08 12:21:43 - [MESSAGE][WARNING] - Object 'Object Repository/FDR-Dashboard/createNewVoucherButton' is not present after 2 second(s)

2020-09-08 12:21:44 - [MESSAGE][PASSED] - Keys 'Medical Assistance (MA)' sent to object: 'Object Repository/FDR-VoucherEntry/Voucher/programType'

2020-09-08 12:21:44 - [MESSAGE][PASSED] - Object 'Object Repository/FDR-VoucherEntry/Voucher/programType' is present

2020-09-08 12:21:45 - [MESSAGE][PASSED] - Keys 'DOWN + ENTER + ' sent to object: 'Object Repository/FDR-VoucherEntry/Voucher/programType'

2020-09-08 12:21:45 - [MESSAGE][PASSED] - Object: 'Object Repository/FDR-VoucherEntry/Voucher/invoiceType' is clicked on

2020-09-08 12:21:46 - [MESSAGE][PASSED] - Object 'Object Repository/FDR-VoucherEntry/Voucher/invoiceType' is present

2020-09-08 12:21:46 - [MESSAGE][PASSED] - Keys 'CAP' sent to object: 'Object Repository/FDR-VoucherEntry/Voucher/invoiceType'

2020-09-08 12:21:46 - [MESSAGE][PASSED] - Keys 'DOWN + ENTER + ' sent to object: 'Object Repository/FDR-VoucherEntry/Voucher/invoiceType'

2020-09-08 12:21:47 - [MESSAGE][PASSED] - Object: 'Object Repository/FDR-VoucherEntry/Voucher/fundCode' is clicked on

2020-09-08 12:21:48 - [MESSAGE][PASSED] - Keys 'Health Care Deposit Fund (0912)' sent to object: 'Object Repository/FDR-VoucherEntry/Voucher/fundCode'

2020-09-08 12:21:48 - [MESSAGE][PASSED] - Object 'Object Repository/FDR-VoucherEntry/Voucher/fundCode' is present

2020-09-08 12:21:48 - [MESSAGE][PASSED] - Keys 'DOWN + ENTER + ' sent to object: 'Object Repository/FDR-VoucherEntry/Voucher/fundCode'

2020-09-08 12:21:49 - [MESSAGE][PASSED] - Object: 'Object Repository/FDR-VoucherEntry/Voucher/supplierID' is clicked on

2020-09-08 12:21:49 - [MESSAGE][PASSED] - Keys '0000007954' sent to object: 'Object Repository/FDR-VoucherEntry/Voucher/supplierID'

2020-09-08 12:21:50 - [MESSAGE][PASSED] - Object 'Object Repository/FDR-VoucherEntry/Voucher/supplierID' is present

2020-09-08 12:21:50 - [MESSAGE][PASSED] - Keys 'DOWN + ENTER + ' sent to object: 'Object Repository/FDR-VoucherEntry/Voucher/supplierID'

2020-09-08 12:21:51 - [MESSAGE][PASSED] - Object: 'Object Repository/FDR-VoucherEntry/Voucher/seqNum' is clicked on

2020-09-08 12:21:51 - [MESSAGE][PASSED] - Object 'Object Repository/FDR-VoucherEntry/Voucher/seqNum' is present

2020-09-08 12:21:52 - [MESSAGE][PASSED] - Keys 'DOWN + ENTER + ' sent to object: 'Object Repository/FDR-VoucherEntry/Voucher/seqNum'

2020-09-08 12:21:52 - [MESSAGE][PASSED] - Object: 'Object Repository/FDR-VoucherEntry/Voucher/contractNum' is clicked on

2020-09-08 12:21:53 - [MESSAGE][PASSED] - Keys '07-65707' sent to object: 'Object Repository/FDR-VoucherEntry/Voucher/contractNum'

2020-09-08 12:21:53 - [MESSAGE][PASSED] - Object 'Object Repository/FDR-VoucherEntry/Voucher/contractNum' is present

2020-09-08 12:21:53 - [MESSAGE][PASSED] - Keys 'DOWN + ENTER + ' sent to object: 'Object Repository/FDR-VoucherEntry/Voucher/contractNum'

2020-09-08 12:21:55 - [MESSAGE][PASSED] - Text 'This message will print on the Remittance Advice' is set on object 'Object Repository/FDR-VoucherEntry/Voucher/vendorMessage'

2020-09-08 12:21:56 - [MESSAGE][PASSED] - Object: 'Object Repository/FDR-VoucherEntry/Voucher/primaryContact' is clicked on

2020-09-08 12:21:56 - [MESSAGE][PASSED] - Keys 'Aung Lin' sent to object: 'Object Repository/FDR-VoucherEntry/Voucher/primaryContact'

2020-09-08 12:21:57 - [MESSAGE][PASSED] - Object 'Object Repository/FDR-VoucherEntry/Voucher/primaryContact' is present

2020-09-08 12:21:57 - [MESSAGE][PASSED] - Keys 'DOWN + ENTER + ' sent to object: 'Object Repository/FDR-VoucherEntry/Voucher/primaryContact'

2020-09-08 12:21:58 - [MESSAGE][PASSED] - Object: 'Object Repository/FDR-VoucherEntry/Voucher/secondaryContact' is clicked on

2020-09-08 12:21:58 - [MESSAGE][PASSED] - Keys 'Vivian Ly' sent to object: 'Object Repository/FDR-VoucherEntry/Voucher/secondaryContact'

2020-09-08 12:21:59 - [MESSAGE][PASSED] - Object 'Object Repository/FDR-VoucherEntry/Voucher/secondaryContact' is present

2020-09-08 12:21:59 - [MESSAGE][PASSED] - Object 'Object Repository/FDR-VoucherEntry/Voucher/secondaryContact' is present

2020-09-08 12:21:59 - [MESSAGE][PASSED] - Keys 'DOWN + ENTER + ' sent to object: 'Object Repository/FDR-VoucherEntry/Voucher/secondaryContact'

2020-09-08 12:22:00 - [MESSAGE][PASSED] - Object: 'Object Repository/FDR-VoucherEntry/Voucher/buttonNext' is clicked on

2020-09-08 12:22:03 - [MESSAGE][PASSED] - Delayed 3 second(s)

2020-09-08 12:22:03 - [MESSAGE][PASSED] - Object 'Object Repository/FDR-VoucherEntry/VoucherHeader/reviewButton' is present

2020-09-08 12:22:03 - [TEST_STEP][PASSED] - waitForElementPresent(findTestObject("FDR-Dashboard/createNewVoucherButton"), 4): Object 'Object Repository/FDR-Dashboard/createNewVoucherButton' is not present after 4 second(s)

2020-09-08 12:22:08 - [MESSAGE][INFO] - Unable to find the element located by 'By.xpath: //*[@data-id='button-link']//*[contains(text(),'Create New Voucher')]'. Please recheck the objects properties to make sure the desired element is located. 

2020-09-08 12:22:08 - [MESSAGE][WARNING] - Object 'Object Repository/FDR-Dashboard/createNewVoucherButton' is not present after 4 second(s)

2020-09-08 12:22:08 - [TEST_STEP][PASSED] - Uifunctions.createInvoiceLine(1): Object 'Object Repository/FDR-VoucherEntry/VoucherHeader/reviewButton' is present

2020-09-08 12:22:08 - [MESSAGE][PASSED] - Object 'Object Repository/FDR-VoucherEntry/VoucherHeader/reviewButton' is present

2020-09-08 12:22:12 - [MESSAGE][INFO] - Unable to find the element located by 'By.xpath: //*[contains(text(),'Add voucher')]//parent::button'. Please recheck the objects properties to make sure the desired element is located. 

2020-09-08 12:22:12 - [MESSAGE][WARNING] - Object 'Object Repository/FDR-VoucherEntry/InvoiceLine/addVoucherButton' is not present after 2 second(s)

2020-09-08 12:22:12 - [MESSAGE][PASSED] - Object 'Object Repository/FDR-VoucherEntry/InvoiceLine/invoice' is clickable

2020-09-08 12:22:12 - [MESSAGE][PASSED] - Object: 'Object Repository/FDR-VoucherEntry/InvoiceLine/invoice' is clicked on

2020-09-08 12:22:13 - [MESSAGE][PASSED] - Text '4160' is set on object 'Object Repository/FDR-VoucherEntry/InvoiceLine/invoice'

2020-09-08 12:22:13 - [MESSAGE][PASSED] - Object: 'Object Repository/FDR-VoucherEntry/InvoiceLine/invoiceDate' is clicked on

2020-09-08 12:22:14 - [MESSAGE][PASSED] - Object 'Object Repository/FDR-VoucherEntry/InvoiceLine/invoiceDate' is present

2020-09-08 12:22:14 - [MESSAGE][PASSED] - Text '09/08/2020' is set on object 'Object Repository/FDR-VoucherEntry/InvoiceLine/invoiceDate'

2020-09-08 12:22:15 - [MESSAGE][PASSED] - Object: 'Object Repository/FDR-VoucherEntry/InvoiceLine/originalWarrantDate' is clicked on

2020-09-08 12:22:16 - [MESSAGE][PASSED] - Text '09/09/2020' is set on object 'Object Repository/FDR-VoucherEntry/InvoiceLine/originalWarrantDate'

2020-09-08 12:22:16 - [MESSAGE][PASSED] - Object 'Object Repository/FDR-VoucherEntry/InvoiceLine/addInvoiceLineButton' is present

2020-09-08 12:22:16 - [MESSAGE][PASSED] - Object: 'Object Repository/FDR-VoucherEntry/InvoiceLine/addInvoiceLineButtonIndex2' is clicked on

2020-09-08 12:22:17 - [MESSAGE][PASSED] - Object 'Object Repository/FDR-VoucherEntry/VoucherHeader/reviewButton' is present

2020-09-08 12:22:17 - [TEST_STEP][PASSED] - waitForElementClickable(findTestObject("FDR-VoucherEntry/InvoiceLine/invoiceLineExpandButton"), 5): Object 'Object Repository/FDR-VoucherEntry/InvoiceLine/invoiceLineExpandButton' is clickable

2020-09-08 12:22:17 - [MESSAGE][PASSED] - Object 'Object Repository/FDR-VoucherEntry/InvoiceLine/invoiceLineExpandButton' is clickable

2020-09-08 12:22:17 - [TEST_STEP][PASSED] - click(findTestObject("FDR-VoucherEntry/InvoiceLine/invoiceLineExpandButton")): Object: 'Object Repository/FDR-VoucherEntry/InvoiceLine/invoiceLineExpandButton' is clicked on

2020-09-08 12:22:17 - [MESSAGE][PASSED] - Object: 'Object Repository/FDR-VoucherEntry/InvoiceLine/invoiceLineExpandButton' is clicked on

2020-09-08 12:22:17 - [TEST_STEP][PASSED] - waitForElementPresent(findTestObject("FDR-Dashboard/createNewVoucherButton"), 4): Object 'Object Repository/FDR-Dashboard/createNewVoucherButton' is not present after 4 second(s)

2020-09-08 12:22:23 - [MESSAGE][INFO] - Unable to find the element located by 'By.xpath: //*[@data-id='button-link']//*[contains(text(),'Create New Voucher')]'. Please recheck the objects properties to make sure the desired element is located. 

2020-09-08 12:22:23 - [MESSAGE][WARNING] - Object 'Object Repository/FDR-Dashboard/createNewVoucherButton' is not present after 4 second(s)

2020-09-08 12:22:23 - [TEST_STEP][PASSED] - click(findTestObject("FDR-VoucherEntry/InvoiceLine/invoiceAddlineButton")): Object: 'Object Repository/FDR-VoucherEntry/InvoiceLine/invoiceAddlineButton' is clicked on

2020-09-08 12:22:23 - [MESSAGE][PASSED] - Object: 'Object Repository/FDR-VoucherEntry/InvoiceLine/invoiceAddlineButton' is clicked on

2020-09-08 12:22:23 - [TEST_STEP][PASSED] - waitForElementPresent(findTestObject("FDR-Dashboard/createNewVoucherButton"), 2): Object 'Object Repository/FDR-Dashboard/createNewVoucherButton' is not present after 2 second(s)

2020-09-08 12:22:27 - [MESSAGE][INFO] - Unable to find the element located by 'By.xpath: //*[@data-id='button-link']//*[contains(text(),'Create New Voucher')]'. Please recheck the objects properties to make sure the desired element is located. 

2020-09-08 12:22:27 - [MESSAGE][WARNING] - Object 'Object Repository/FDR-Dashboard/createNewVoucherButton' is not present after 2 second(s)

2020-09-08 12:22:27 - [TEST_STEP][PASSED] - waitForElementClickable(findTestObject("FDR-VoucherEntry/DistributionLine/serviceDateFrom"), 2): Object 'Object Repository/FDR-VoucherEntry/DistributionLine/serviceDateFrom' is clickable

2020-09-08 12:22:29 - [MESSAGE][PASSED] - Object 'Object Repository/FDR-VoucherEntry/DistributionLine/serviceDateFrom' is clickable

2020-09-08 12:22:29 - [TEST_STEP][PASSED] - click(findTestObject("FDR-VoucherEntry/DistributionLine/serviceDateFrom")): Object: 'Object Repository/FDR-VoucherEntry/DistributionLine/serviceDateFrom' is clicked on

2020-09-08 12:22:31 - [MESSAGE][PASSED] - Object: 'Object Repository/FDR-VoucherEntry/DistributionLine/serviceDateFrom' is clicked on

2020-09-08 12:22:31 - [TEST_STEP][PASSED] - waitForElementPresent(findTestObject("FDR-VoucherEntry/DistributionLine/serviceDateFrom"), 2): Object 'Object Repository/FDR-VoucherEntry/DistributionLine/serviceDateFrom' is present

2020-09-08 12:22:33 - [MESSAGE][PASSED] - Object 'Object Repository/FDR-VoucherEntry/DistributionLine/serviceDateFrom' is present

2020-09-08 12:22:33 - [TEST_STEP][PASSED] - dataSheet = "Voucher/FDR-DL-OverRide": null

2020-09-08 12:22:33 - [TEST_STEP][PASSED] - setText(findTestObject("FDR-VoucherEntry/DistributionLine/serviceDateFrom"), findTestData(dataSheet).getValue("serviceDateFrom", 1)): Text '08/04/2017' is set on object 'Object Repository/FDR-VoucherEntry/DistributionLine/serviceDateFrom'

2020-09-08 12:22:37 - [MESSAGE][PASSED] - Text '08/04/2017' is set on object 'Object Repository/FDR-VoucherEntry/DistributionLine/serviceDateFrom'

2020-09-08 12:22:37 - [TEST_STEP][PASSED] - click(findTestObject("FDR-VoucherEntry/DistributionLine/serviceDateTo")): Object: 'Object Repository/FDR-VoucherEntry/DistributionLine/serviceDateTo' is clicked on

2020-09-08 12:22:39 - [MESSAGE][PASSED] - Object: 'Object Repository/FDR-VoucherEntry/DistributionLine/serviceDateTo' is clicked on

2020-09-08 12:22:39 - [TEST_STEP][PASSED] - waitForElementPresent(findTestObject("FDR-VoucherEntry/DistributionLine/serviceDateTo"), 2): Object 'Object Repository/FDR-VoucherEntry/DistributionLine/serviceDateTo' is present

2020-09-08 12:22:41 - [MESSAGE][PASSED] - Object 'Object Repository/FDR-VoucherEntry/DistributionLine/serviceDateTo' is present

2020-09-08 12:22:41 - [TEST_STEP][PASSED] - setText(findTestObject("FDR-VoucherEntry/DistributionLine/serviceDateTo"), findTestData(dataSheet).getValue("serviceDateTo", 1)): Text '08/05/2017' is set on object 'Object Repository/FDR-VoucherEntry/DistributionLine/serviceDateTo'

2020-09-08 12:22:45 - [MESSAGE][PASSED] - Text '08/05/2017' is set on object 'Object Repository/FDR-VoucherEntry/DistributionLine/serviceDateTo'

2020-09-08 12:22:45 - [TEST_STEP][PASSED] - waitForElementPresent(findTestObject("FDR-Dashboard/createNewVoucherButton"), 2): Object 'Object Repository/FDR-Dashboard/createNewVoucherButton' is not present after 2 second(s)

2020-09-08 12:22:49 - [MESSAGE][INFO] - Unable to find the element located by 'By.xpath: //*[@data-id='button-link']//*[contains(text(),'Create New Voucher')]'. Please recheck the objects properties to make sure the desired element is located. 

2020-09-08 12:22:49 - [MESSAGE][WARNING] - Object 'Object Repository/FDR-Dashboard/createNewVoucherButton' is not present after 2 second(s)

2020-09-08 12:22:49 - [TEST_STEP][PASSED] - click(findTestObject("FDR-VoucherEntry/DistributionLine/checkBox")): Object: 'Object Repository/FDR-VoucherEntry/DistributionLine/checkBox' is clicked on

2020-09-08 12:22:51 - [MESSAGE][PASSED] - Object: 'Object Repository/FDR-VoucherEntry/DistributionLine/checkBox' is clicked on

2020-09-08 12:22:51 - [TEST_STEP][PASSED] - click(findTestObject("FDR-VoucherEntry/DistributionLine/amount")): Object: 'Object Repository/FDR-VoucherEntry/DistributionLine/amount' is clicked on

2020-09-08 12:22:53 - [MESSAGE][PASSED] - Object: 'Object Repository/FDR-VoucherEntry/DistributionLine/amount' is clicked on

2020-09-08 12:22:53 - [TEST_STEP][PASSED] - Uifunctions.clearElementText(findTestObject("FDR-VoucherEntry/DistributionLine/amount")): Execute JavaScript 'arguments[0].value='';' successfully

2020-09-08 12:22:55 - [MESSAGE][PASSED] - Execute JavaScript 'arguments[0].value='';' successfully

2020-09-08 12:22:55 - [TEST_STEP][PASSED] - sendKeys(findTestObject("FDR-VoucherEntry/DistributionLine/amount"), findTestData(dataSheet).getValue("amount", 1)): Keys '100' sent to object: 'Object Repository/FDR-VoucherEntry/DistributionLine/amount'

2020-09-08 12:22:57 - [MESSAGE][PASSED] - Keys '100' sent to object: 'Object Repository/FDR-VoucherEntry/DistributionLine/amount'

2020-09-08 12:22:57 - [TEST_STEP][PASSED] - waitForElementPresent(findTestObject("FDR-Dashboard/createNewVoucherButton"), 1): Object 'Object Repository/FDR-Dashboard/createNewVoucherButton' is not present after 1 second(s)

2020-09-08 12:23:01 - [MESSAGE][INFO] - Unable to find the element located by 'By.xpath: //*[@data-id='button-link']//*[contains(text(),'Create New Voucher')]'. Please recheck the objects properties to make sure the desired element is located. 

2020-09-08 12:23:01 - [MESSAGE][WARNING] - Object 'Object Repository/FDR-Dashboard/createNewVoucherButton' is not present after 1 second(s)

2020-09-08 12:23:01 - [TEST_STEP][PASSED] - click(findTestObject("FDR-VoucherEntry/DistributionLine/waiverType")): Object: 'Object Repository/FDR-VoucherEntry/DistributionLine/waiverType' is clicked on

2020-09-08 12:23:03 - [MESSAGE][PASSED] - Object: 'Object Repository/FDR-VoucherEntry/DistributionLine/waiverType' is clicked on

2020-09-08 12:23:03 - [TEST_STEP][PASSED] - waitForElementPresent(findTestObject("FDR-Dashboard/createNewVoucherButton"), 1): Object 'Object Repository/FDR-Dashboard/createNewVoucherButton' is not present after 1 second(s)

2020-09-08 12:23:07 - [MESSAGE][INFO] - Unable to find the element located by 'By.xpath: //*[@data-id='button-link']//*[contains(text(),'Create New Voucher')]'. Please recheck the objects properties to make sure the desired element is located. 

2020-09-08 12:23:07 - [MESSAGE][WARNING] - Object 'Object Repository/FDR-Dashboard/createNewVoucherButton' is not present after 1 second(s)

2020-09-08 12:23:07 - [TEST_STEP][PASSED] - sendKeys(findTestObject("FDR-VoucherEntry/DistributionLine/waiverType"), findTestData(dataSheet).getValue("waiverType", 1)): Keys '1115' sent to object: 'Object Repository/FDR-VoucherEntry/DistributionLine/waiverType'

2020-09-08 12:23:09 - [MESSAGE][PASSED] - Keys '1115' sent to object: 'Object Repository/FDR-VoucherEntry/DistributionLine/waiverType'

2020-09-08 12:23:09 - [TEST_STEP][PASSED] - waitForElementPresent(findTestObject("FDR-Dashboard/createNewVoucherButton"), 2): Object 'Object Repository/FDR-Dashboard/createNewVoucherButton' is not present after 2 second(s)

2020-09-08 12:23:13 - [MESSAGE][INFO] - Unable to find the element located by 'By.xpath: //*[@data-id='button-link']//*[contains(text(),'Create New Voucher')]'. Please recheck the objects properties to make sure the desired element is located. 

2020-09-08 12:23:13 - [MESSAGE][WARNING] - Object 'Object Repository/FDR-Dashboard/createNewVoucherButton' is not present after 2 second(s)

2020-09-08 12:23:13 - [TEST_STEP][PASSED] - sendKeys(findTestObject("FDR-VoucherEntry/DistributionLine/waiverType"), Keys.chord(DOWN, ENTER)): Keys 'DOWN + ENTER + ' sent to object: 'Object Repository/FDR-VoucherEntry/DistributionLine/waiverType'

2020-09-08 12:23:15 - [MESSAGE][PASSED] - Keys 'DOWN + ENTER + ' sent to object: 'Object Repository/FDR-VoucherEntry/DistributionLine/waiverType'

2020-09-08 12:23:15 - [TEST_STEP][PASSED] - click(findTestObject("FDR-VoucherEntry/DistributionLine/waiverName")): Object: 'Object Repository/FDR-VoucherEntry/DistributionLine/waiverName' is clicked on

2020-09-08 12:23:17 - [MESSAGE][PASSED] - Object: 'Object Repository/FDR-VoucherEntry/DistributionLine/waiverName' is clicked on

2020-09-08 12:23:17 - [TEST_STEP][PASSED] - sendKeys(findTestObject("FDR-VoucherEntry/DistributionLine/waiverName"), findTestData(dataSheet).getValue("waiverName", 1)): Keys 'CBAS' sent to object: 'Object Repository/FDR-VoucherEntry/DistributionLine/waiverName'

2020-09-08 12:23:19 - [MESSAGE][PASSED] - Keys 'CBAS' sent to object: 'Object Repository/FDR-VoucherEntry/DistributionLine/waiverName'

2020-09-08 12:23:19 - [TEST_STEP][PASSED] - waitForElementPresent(findTestObject("FDR-Dashboard/createNewVoucherButton"), 2): Object 'Object Repository/FDR-Dashboard/createNewVoucherButton' is not present after 2 second(s)

2020-09-08 12:23:23 - [MESSAGE][INFO] - Unable to find the element located by 'By.xpath: //*[@data-id='button-link']//*[contains(text(),'Create New Voucher')]'. Please recheck the objects properties to make sure the desired element is located. 

2020-09-08 12:23:23 - [MESSAGE][WARNING] - Object 'Object Repository/FDR-Dashboard/createNewVoucherButton' is not present after 2 second(s)

2020-09-08 12:23:23 - [TEST_STEP][PASSED] - sendKeys(findTestObject("FDR-VoucherEntry/DistributionLine/waiverName"), Keys.chord(DOWN, ENTER)): Keys 'DOWN + ENTER + ' sent to object: 'Object Repository/FDR-VoucherEntry/DistributionLine/waiverName'

2020-09-08 12:23:25 - [MESSAGE][PASSED] - Keys 'DOWN + ENTER + ' sent to object: 'Object Repository/FDR-VoucherEntry/DistributionLine/waiverName'

2020-09-08 12:23:25 - [TEST_STEP][PASSED] - click(findTestObject("FDR-VoucherEntry/DistributionLine/orgFundingSource")): Object: 'Object Repository/FDR-VoucherEntry/DistributionLine/orgFundingSource' is clicked on

2020-09-08 12:23:27 - [MESSAGE][PASSED] - Object: 'Object Repository/FDR-VoucherEntry/DistributionLine/orgFundingSource' is clicked on

2020-09-08 12:23:27 - [TEST_STEP][PASSED] - sendKeys(findTestObject("FDR-VoucherEntry/DistributionLine/orgFundingSource"), findTestData(dataSheet).getValue("orgFundSource", 1)): Keys 'Dental' sent to object: 'Object Repository/FDR-VoucherEntry/DistributionLine/orgFundingSource'

2020-09-08 12:23:29 - [MESSAGE][PASSED] - Keys 'Dental' sent to object: 'Object Repository/FDR-VoucherEntry/DistributionLine/orgFundingSource'

2020-09-08 12:23:29 - [TEST_STEP][PASSED] - waitForElementPresent(findTestObject("FDR-Dashboard/createNewVoucherButton"), 2): Object 'Object Repository/FDR-Dashboard/createNewVoucherButton' is not present after 2 second(s)

2020-09-08 12:23:33 - [MESSAGE][INFO] - Unable to find the element located by 'By.xpath: //*[@data-id='button-link']//*[contains(text(),'Create New Voucher')]'. Please recheck the objects properties to make sure the desired element is located. 

2020-09-08 12:23:33 - [MESSAGE][WARNING] - Object 'Object Repository/FDR-Dashboard/createNewVoucherButton' is not present after 2 second(s)

2020-09-08 12:23:33 - [TEST_STEP][PASSED] - sendKeys(findTestObject("FDR-VoucherEntry/DistributionLine/orgFundingSource"), Keys.chord(DOWN, ENTER)): Keys 'DOWN + ENTER + ' sent to object: 'Object Repository/FDR-VoucherEntry/DistributionLine/orgFundingSource'

2020-09-08 12:23:35 - [MESSAGE][PASSED] - Keys 'DOWN + ENTER + ' sent to object: 'Object Repository/FDR-VoucherEntry/DistributionLine/orgFundingSource'

2020-09-08 12:23:35 - [TEST_STEP][PASSED] - fundRatio = findTestData(dataSheet).getValue("orgFundRatio", 1): null

2020-09-08 12:23:35 - [TEST_STEP][PASSED] - click(findTestObject("FDR-VoucherEntry/DistributionLine/orgFundRatio")): Object: 'Object Repository/FDR-VoucherEntry/DistributionLine/orgFundRatio' is clicked on

2020-09-08 12:23:37 - [MESSAGE][PASSED] - Object: 'Object Repository/FDR-VoucherEntry/DistributionLine/orgFundRatio' is clicked on

2020-09-08 12:23:37 - [TEST_STEP][PASSED] - sendKeys(findTestObject("FDR-VoucherEntry/DistributionLine/orgFundRatio"), fundRatio): Keys '90/10' sent to object: 'Object Repository/FDR-VoucherEntry/DistributionLine/orgFundRatio'

2020-09-08 12:23:39 - [MESSAGE][PASSED] - Keys '90/10' sent to object: 'Object Repository/FDR-VoucherEntry/DistributionLine/orgFundRatio'

2020-09-08 12:23:39 - [TEST_STEP][PASSED] - waitForElementPresent(findTestObject("FDR-Dashboard/createNewVoucherButton"), 2): Object 'Object Repository/FDR-Dashboard/createNewVoucherButton' is not present after 2 second(s)

2020-09-08 12:23:43 - [MESSAGE][INFO] - Unable to find the element located by 'By.xpath: //*[@data-id='button-link']//*[contains(text(),'Create New Voucher')]'. Please recheck the objects properties to make sure the desired element is located. 

2020-09-08 12:23:43 - [MESSAGE][WARNING] - Object 'Object Repository/FDR-Dashboard/createNewVoucherButton' is not present after 2 second(s)

2020-09-08 12:23:43 - [TEST_STEP][PASSED] - sendKeys(findTestObject("FDR-VoucherEntry/DistributionLine/orgFundRatio"), Keys.chord(DOWN, ENTER)): Keys 'DOWN + ENTER + ' sent to object: 'Object Repository/FDR-VoucherEntry/DistributionLine/orgFundRatio'

2020-09-08 12:23:45 - [MESSAGE][PASSED] - Keys 'DOWN + ENTER + ' sent to object: 'Object Repository/FDR-VoucherEntry/DistributionLine/orgFundRatio'

2020-09-08 12:23:45 - [TEST_STEP][PASSED] - click(findTestObject("FDR-VoucherEntry/DistributionLine/orgNonFederalFund")): Object: 'Object Repository/FDR-VoucherEntry/DistributionLine/orgNonFederalFund' is clicked on

2020-09-08 12:23:47 - [MESSAGE][PASSED] - Object: 'Object Repository/FDR-VoucherEntry/DistributionLine/orgNonFederalFund' is clicked on

2020-09-08 12:23:47 - [TEST_STEP][PASSED] - sendKeys(findTestObject("FDR-VoucherEntry/DistributionLine/orgNonFederalFund"), findTestData(dataSheet).getValue("orgNonFederal", 1)): Keys '0001' sent to object: 'Object Repository/FDR-VoucherEntry/DistributionLine/orgNonFederalFund'

2020-09-08 12:23:49 - [MESSAGE][PASSED] - Keys '0001' sent to object: 'Object Repository/FDR-VoucherEntry/DistributionLine/orgNonFederalFund'

2020-09-08 12:23:49 - [TEST_STEP][PASSED] - waitForElementPresent(findTestObject("FDR-Dashboard/createNewVoucherButton"), 2): Object 'Object Repository/FDR-Dashboard/createNewVoucherButton' is not present after 2 second(s)

2020-09-08 12:23:53 - [MESSAGE][INFO] - Unable to find the element located by 'By.xpath: //*[@data-id='button-link']//*[contains(text(),'Create New Voucher')]'. Please recheck the objects properties to make sure the desired element is located. 

2020-09-08 12:23:53 - [MESSAGE][WARNING] - Object 'Object Repository/FDR-Dashboard/createNewVoucherButton' is not present after 2 second(s)

2020-09-08 12:23:53 - [TEST_STEP][PASSED] - sendKeys(findTestObject("FDR-VoucherEntry/DistributionLine/orgNonFederalFund"), Keys.chord(DOWN, ENTER)): Keys 'DOWN + ENTER + ' sent to object: 'Object Repository/FDR-VoucherEntry/DistributionLine/orgNonFederalFund'

2020-09-08 12:23:55 - [MESSAGE][PASSED] - Keys 'DOWN + ENTER + ' sent to object: 'Object Repository/FDR-VoucherEntry/DistributionLine/orgNonFederalFund'

2020-09-08 12:23:55 - [TEST_STEP][PASSED] - click(findTestObject("FDR-VoucherEntry/DistributionLine/orgNonFederalFund")): Object: 'Object Repository/FDR-VoucherEntry/DistributionLine/orgNonFederalFund' is clicked on

2020-09-08 12:23:57 - [MESSAGE][PASSED] - Object: 'Object Repository/FDR-VoucherEntry/DistributionLine/orgNonFederalFund' is clicked on

2020-09-08 12:23:57 - [TEST_STEP][PASSED] - click(findTestObject("FDR-VoucherEntry/DistributionLine/fundingSource")): Object: 'Object Repository/FDR-VoucherEntry/DistributionLine/fundingSource' is clicked on

2020-09-08 12:23:59 - [MESSAGE][PASSED] - Object: 'Object Repository/FDR-VoucherEntry/DistributionLine/fundingSource' is clicked on

2020-09-08 12:23:59 - [TEST_STEP][PASSED] - sendKeys(findTestObject("FDR-VoucherEntry/DistributionLine/fundingSource"), findTestData(dataSheet).getValue("fundingSource", 1)): Keys 'Pace' sent to object: 'Object Repository/FDR-VoucherEntry/DistributionLine/fundingSource'

2020-09-08 12:24:01 - [MESSAGE][PASSED] - Keys 'Pace' sent to object: 'Object Repository/FDR-VoucherEntry/DistributionLine/fundingSource'

2020-09-08 12:24:01 - [TEST_STEP][PASSED] - waitForElementPresent(findTestObject("FDR-Dashboard/createNewVoucherButton"), 2): Object 'Object Repository/FDR-Dashboard/createNewVoucherButton' is not present after 2 second(s)

2020-09-08 12:24:05 - [MESSAGE][INFO] - Unable to find the element located by 'By.xpath: //*[@data-id='button-link']//*[contains(text(),'Create New Voucher')]'. Please recheck the objects properties to make sure the desired element is located. 

2020-09-08 12:24:05 - [MESSAGE][WARNING] - Object 'Object Repository/FDR-Dashboard/createNewVoucherButton' is not present after 2 second(s)

2020-09-08 12:24:05 - [TEST_STEP][PASSED] - sendKeys(findTestObject("FDR-VoucherEntry/DistributionLine/fundingSource"), Keys.chord(DOWN, ENTER)): Keys 'DOWN + ENTER + ' sent to object: 'Object Repository/FDR-VoucherEntry/DistributionLine/fundingSource'

2020-09-08 12:24:07 - [MESSAGE][PASSED] - Keys 'DOWN + ENTER + ' sent to object: 'Object Repository/FDR-VoucherEntry/DistributionLine/fundingSource'

2020-09-08 12:24:07 - [TEST_STEP][PASSED] - fundRatio = findTestData(dataSheet).getValue("fundRatio", 1): null

2020-09-08 12:24:07 - [TEST_STEP][PASSED] - click(findTestObject("FDR-VoucherEntry/DistributionLine/fundRatio")): Object: 'Object Repository/FDR-VoucherEntry/DistributionLine/fundRatio' is clicked on

2020-09-08 12:24:09 - [MESSAGE][PASSED] - Object: 'Object Repository/FDR-VoucherEntry/DistributionLine/fundRatio' is clicked on

2020-09-08 12:24:09 - [TEST_STEP][PASSED] - sendKeys(findTestObject("FDR-VoucherEntry/DistributionLine/fundRatio"), fundRatio): Keys '0/100' sent to object: 'Object Repository/FDR-VoucherEntry/DistributionLine/fundRatio'

2020-09-08 12:24:11 - [MESSAGE][PASSED] - Keys '0/100' sent to object: 'Object Repository/FDR-VoucherEntry/DistributionLine/fundRatio'

2020-09-08 12:24:11 - [TEST_STEP][PASSED] - waitForElementPresent(findTestObject("FDR-Dashboard/createNewVoucherButton"), 2): Object 'Object Repository/FDR-Dashboard/createNewVoucherButton' is not present after 2 second(s)

2020-09-08 12:24:15 - [MESSAGE][INFO] - Unable to find the element located by 'By.xpath: //*[@data-id='button-link']//*[contains(text(),'Create New Voucher')]'. Please recheck the objects properties to make sure the desired element is located. 

2020-09-08 12:24:15 - [MESSAGE][WARNING] - Object 'Object Repository/FDR-Dashboard/createNewVoucherButton' is not present after 2 second(s)

2020-09-08 12:24:15 - [TEST_STEP][PASSED] - sendKeys(findTestObject("FDR-VoucherEntry/DistributionLine/fundRatio"), Keys.chord(DOWN, ENTER)): Keys 'DOWN + ENTER + ' sent to object: 'Object Repository/FDR-VoucherEntry/DistributionLine/fundRatio'

2020-09-08 12:24:17 - [MESSAGE][PASSED] - Keys 'DOWN + ENTER + ' sent to object: 'Object Repository/FDR-VoucherEntry/DistributionLine/fundRatio'

2020-09-08 12:24:17 - [TEST_STEP][PASSED] - if (fundRatio != "100/0"): Keys 'DOWN + ENTER + ' sent to object: 'Object Repository/FDR-VoucherEntry/DistributionLine/nonFederalFund'

2020-09-08 12:24:17 - [TEST_STEP][PASSED] - click(findTestObject("FDR-VoucherEntry/DistributionLine/nonFederalFund")): Object: 'Object Repository/FDR-VoucherEntry/DistributionLine/nonFederalFund' is clicked on

2020-09-08 12:24:19 - [MESSAGE][PASSED] - Object: 'Object Repository/FDR-VoucherEntry/DistributionLine/nonFederalFund' is clicked on

2020-09-08 12:24:19 - [TEST_STEP][PASSED] - sendKeys(findTestObject("FDR-VoucherEntry/DistributionLine/nonFederalFund"), findTestData(dataSheet).getValue("nonFederal", 1)): Keys '0001' sent to object: 'Object Repository/FDR-VoucherEntry/DistributionLine/nonFederalFund'

2020-09-08 12:24:21 - [MESSAGE][PASSED] - Keys '0001' sent to object: 'Object Repository/FDR-VoucherEntry/DistributionLine/nonFederalFund'

2020-09-08 12:24:21 - [TEST_STEP][PASSED] - waitForElementPresent(findTestObject("FDR-Dashboard/createNewVoucherButton"), 2): Object 'Object Repository/FDR-Dashboard/createNewVoucherButton' is not present after 2 second(s)

2020-09-08 12:24:25 - [MESSAGE][INFO] - Unable to find the element located by 'By.xpath: //*[@data-id='button-link']//*[contains(text(),'Create New Voucher')]'. Please recheck the objects properties to make sure the desired element is located. 

2020-09-08 12:24:25 - [MESSAGE][WARNING] - Object 'Object Repository/FDR-Dashboard/createNewVoucherButton' is not present after 2 second(s)

2020-09-08 12:24:25 - [TEST_STEP][PASSED] - sendKeys(findTestObject("FDR-VoucherEntry/DistributionLine/nonFederalFund"), Keys.chord(DOWN, ENTER)): Keys 'DOWN + ENTER + ' sent to object: 'Object Repository/FDR-VoucherEntry/DistributionLine/nonFederalFund'

2020-09-08 12:24:27 - [MESSAGE][PASSED] - Keys 'DOWN + ENTER + ' sent to object: 'Object Repository/FDR-VoucherEntry/DistributionLine/nonFederalFund'

2020-09-08 12:24:27 - [TEST_STEP][PASSED] - click(findTestObject("FDR-VoucherEntry/DistributionLine/account")): Object: 'Object Repository/FDR-VoucherEntry/DistributionLine/account' is clicked on

2020-09-08 12:24:29 - [MESSAGE][PASSED] - Object: 'Object Repository/FDR-VoucherEntry/DistributionLine/account' is clicked on

2020-09-08 12:24:29 - [TEST_STEP][PASSED] - sendKeys(findTestObject("FDR-VoucherEntry/DistributionLine/account"), findTestData(dataSheet).getValue("account", 1)): Keys '5442000' sent to object: 'Object Repository/FDR-VoucherEntry/DistributionLine/account'

2020-09-08 12:24:31 - [MESSAGE][PASSED] - Keys '5442000' sent to object: 'Object Repository/FDR-VoucherEntry/DistributionLine/account'

2020-09-08 12:24:31 - [TEST_STEP][PASSED] - sendKeys(findTestObject("FDR-VoucherEntry/DistributionLine/account"), Keys.chord(DOWN, ENTER)): Keys 'DOWN + ENTER + ' sent to object: 'Object Repository/FDR-VoucherEntry/DistributionLine/account'

2020-09-08 12:24:33 - [MESSAGE][PASSED] - Keys 'DOWN + ENTER + ' sent to object: 'Object Repository/FDR-VoucherEntry/DistributionLine/account'

2020-09-08 12:24:33 - [TEST_STEP][PASSED] - click(findTestObject("FDR-VoucherEntry/DistributionLine/altAccount")): Object: 'Object Repository/FDR-VoucherEntry/DistributionLine/altAccount' is clicked on

2020-09-08 12:24:35 - [MESSAGE][PASSED] - Object: 'Object Repository/FDR-VoucherEntry/DistributionLine/altAccount' is clicked on

2020-09-08 12:24:35 - [TEST_STEP][PASSED] - sendKeys(findTestObject("FDR-VoucherEntry/DistributionLine/altAccount"), findTestData(dataSheet).getValue("altAccount", 1)): Keys '5442000' sent to object: 'Object Repository/FDR-VoucherEntry/DistributionLine/altAccount'

2020-09-08 12:24:37 - [MESSAGE][PASSED] - Keys '5442000' sent to object: 'Object Repository/FDR-VoucherEntry/DistributionLine/altAccount'

2020-09-08 12:24:37 - [TEST_STEP][PASSED] - waitForElementPresent(findTestObject("FDR-VoucherEntry/DistributionLine/altAccount"), 1): Object 'Object Repository/FDR-VoucherEntry/DistributionLine/altAccount' is present

2020-09-08 12:24:39 - [MESSAGE][PASSED] - Object 'Object Repository/FDR-VoucherEntry/DistributionLine/altAccount' is present

2020-09-08 12:24:39 - [TEST_STEP][PASSED] - sendKeys(findTestObject("FDR-VoucherEntry/DistributionLine/altAccount"), Keys.chord(DOWN, ENTER)): Keys 'DOWN + ENTER + ' sent to object: 'Object Repository/FDR-VoucherEntry/DistributionLine/altAccount'

2020-09-08 12:24:41 - [MESSAGE][PASSED] - Keys 'DOWN + ENTER + ' sent to object: 'Object Repository/FDR-VoucherEntry/DistributionLine/altAccount'

2020-09-08 12:24:41 - [TEST_STEP][PASSED] - click(findTestObject("FDR-VoucherEntry/DistributionLine/incDecLine")): Object: 'Object Repository/FDR-VoucherEntry/DistributionLine/incDecLine' is clicked on

2020-09-08 12:24:43 - [MESSAGE][PASSED] - Object: 'Object Repository/FDR-VoucherEntry/DistributionLine/incDecLine' is clicked on

2020-09-08 12:24:43 - [TEST_STEP][PASSED] - sendKeys(findTestObject("FDR-VoucherEntry/DistributionLine/incDecLine"), findTestData(dataSheet).getValue("incDecLine", 1)): Keys '8: Adjustments and corrections' sent to object: 'Object Repository/FDR-VoucherEntry/DistributionLine/incDecLine'

2020-09-08 12:24:45 - [MESSAGE][PASSED] - Keys '8: Adjustments and corrections' sent to object: 'Object Repository/FDR-VoucherEntry/DistributionLine/incDecLine'

2020-09-08 12:24:45 - [TEST_STEP][PASSED] - sendKeys(findTestObject("FDR-VoucherEntry/DistributionLine/incDecLine"), Keys.chord(DOWN, ENTER)): Keys 'DOWN + ENTER + ' sent to object: 'Object Repository/FDR-VoucherEntry/DistributionLine/incDecLine'

2020-09-08 12:24:47 - [MESSAGE][PASSED] - Keys 'DOWN + ENTER + ' sent to object: 'Object Repository/FDR-VoucherEntry/DistributionLine/incDecLine'

2020-09-08 12:24:47 - [TEST_STEP][PASSED] - waitForElementPresent(findTestObject("FDR-Dashboard/createNewVoucherButton"), 1): Object 'Object Repository/FDR-Dashboard/createNewVoucherButton' is not present after 1 second(s)

2020-09-08 12:24:51 - [MESSAGE][INFO] - Unable to find the element located by 'By.xpath: //*[@data-id='button-link']//*[contains(text(),'Create New Voucher')]'. Please recheck the objects properties to make sure the desired element is located. 

2020-09-08 12:24:51 - [MESSAGE][WARNING] - Object 'Object Repository/FDR-Dashboard/createNewVoucherButton' is not present after 1 second(s)

2020-09-08 12:24:51 - [TEST_STEP][PASSED] - click(findTestObject("FDR-VoucherEntry/DistributionLine/index")): Object: 'Object Repository/FDR-VoucherEntry/DistributionLine/index' is clicked on

2020-09-08 12:24:53 - [MESSAGE][PASSED] - Object: 'Object Repository/FDR-VoucherEntry/DistributionLine/index' is clicked on

2020-09-08 12:24:53 - [TEST_STEP][PASSED] - sendKeys(findTestObject("FDR-VoucherEntry/DistributionLine/index"), findTestData(dataSheet).getValue("index", 1)): Keys '1155' sent to object: 'Object Repository/FDR-VoucherEntry/DistributionLine/index'

2020-09-08 12:24:55 - [MESSAGE][PASSED] - Keys '1155' sent to object: 'Object Repository/FDR-VoucherEntry/DistributionLine/index'

2020-09-08 12:24:55 - [TEST_STEP][PASSED] - sendKeys(findTestObject("FDR-VoucherEntry/DistributionLine/index"), Keys.chord(DOWN, ENTER)): Keys 'DOWN + ENTER + ' sent to object: 'Object Repository/FDR-VoucherEntry/DistributionLine/index'

2020-09-08 12:24:57 - [MESSAGE][PASSED] - Keys 'DOWN + ENTER + ' sent to object: 'Object Repository/FDR-VoucherEntry/DistributionLine/index'

2020-09-08 12:24:57 - [TEST_STEP][PASSED] - click(findTestObject("FDR-VoucherEntry/DistributionLine/addSaveButton")): Object: 'Object Repository/FDR-VoucherEntry/DistributionLine/addSaveButton' is clicked on

2020-09-08 12:24:59 - [MESSAGE][PASSED] - Object: 'Object Repository/FDR-VoucherEntry/DistributionLine/addSaveButton' is clicked on

2020-09-08 12:24:59 - [TEST_STEP][PASSED] - delay(4): Delayed 4 second(s)

2020-09-08 12:25:03 - [MESSAGE][PASSED] - Delayed 4 second(s)

2020-09-08 12:25:03 - [TEST_STEP][PASSED] - Start tear down : tearDownTestCase: Method 'tearDownTestCase' complete successfully

2020-09-08 12:25:03 - [MESSAGE][PASSED] - Method 'tearDownTestCase' complete successfully

2020-09-08 12:25:03 - [TEST_STEP][PASSED] - Start listener action : sampleAfterTestCase: null

2020-09-08 12:25:03 - [TEST_STEP][PASSED] - profileName = getExecutionProfile(): null

2020-09-08 12:25:03 - [TEST_STEP][PASSED] - switch (profileName): null

2020-09-08 12:25:03 - [TEST_STEP][PASSED] - case "superUser":: null

2020-09-08 12:25:03 - [TEST_STEP][PASSED] - return null: null

2020-09-08 12:25:03 - [TEST_STEP][PASSED] - Start listener action : afterTestCase: null

2020-09-08 12:25:03 - [TEST_STEP][PASSED] - profileName = getExecutionProfile(): null

2020-09-08 12:25:03 - [TEST_STEP][PASSED] - if (profileName.equalsIgnoreCase("SysAdmin")): null

2020-09-08 12:25:03 - [TEST_STEP][PASSED] - Start listener action : sampleAfterTestCase: null

2020-09-08 12:25:03 - [TEST_STEP][PASSED] - profileName = getExecutionProfile(): null

2020-09-08 12:25:03 - [TEST_STEP][PASSED] - switch (profileName): null

2020-09-08 12:25:03 - [TEST_STEP][PASSED] - case "Voucher":: null

2020-09-08 12:25:03 - [TEST_STEP][PASSED] - Uifunctions.logoutFDR(): Browser is closed

2020-09-08 12:25:04 - [MESSAGE][PASSED] - Browser is closed

2020-09-08 12:25:04 - [TEST_STEP][PASSED] - break: null

2020-09-08 12:25:04 - [TEST_STEP][PASSED] - Start listener action : addFailedTCToList: null]]></system-out>
         <system-err><![CDATA[]]></system-err>
      </testcase>
      <system-out><![CDATA[2020-09-08 11:32:18 - [TEST_SUITE][FAILED] - Voucher-Integration_Suite: Test Cases/WEB-UI-TESTS/Voucher/FDR-Delete-Undo-DistributionLine FAILED.
Reason:
com.kms.katalon.core.exception.StepFailedException: Unable to move mouse over object 'Object Repository/FDR-EditVoucher/DLHover' (Root cause: com.kms.katalon.core.exception.StepFailedException: Unable to move mouse over object 'Object Repository/FDR-EditVoucher/DLHover'
	at com.kms.katalon.core.webui.keyword.internal.WebUIKeywordMain.stepFailed(WebUIKeywordMain.groovy:64)
	at com.kms.katalon.core.webui.keyword.internal.WebUIKeywordMain.runKeyword(WebUIKeywordMain.groovy:26)
	at com.kms.katalon.core.webui.keyword.builtin.MouseOverKeyword.mouseOver(MouseOverKeyword.groovy:66)
	at com.kms.katalon.core.webui.keyword.builtin.MouseOverKeyword.execute(MouseOverKeyword.groovy:40)
	at com.kms.katalon.core.keyword.internal.KeywordExecutor.executeKeywordForPlatform(KeywordExecutor.groovy:73)
	at com.kms.katalon.core.webui.keyword.WebUiBuiltInKeywords.mouseOver(WebUiBuiltInKeywords.groovy:802)
	at com.kms.katalon.core.webui.keyword.WebUiBuiltInKeywords$mouseOver$19.call(Unknown Source)
	at com.functions.Uifunctions.deleteFirstDistributionLine(Uifunctions.groovy:82)
	at com.functions.Uifunctions$deleteFirstDistributionLine$7.call(Unknown Source)
	at FDR-Delete-Undo-DistributionLine.run(FDR-Delete-Undo-DistributionLine:61)
	at com.kms.katalon.core.main.ScriptEngine.run(ScriptEngine.java:194)
	at com.kms.katalon.core.main.ScriptEngine.runScriptAsRawText(ScriptEngine.java:119)
	at com.kms.katalon.core.main.TestCaseExecutor.runScript(TestCaseExecutor.java:339)
	at com.kms.katalon.core.main.TestCaseExecutor.doExecute(TestCaseExecutor.java:330)
	at com.kms.katalon.core.main.TestCaseExecutor.processExecutionPhase(TestCaseExecutor.java:309)
	at com.kms.katalon.core.main.TestCaseExecutor.accessMainPhase(TestCaseExecutor.java:301)
	at com.kms.katalon.core.main.TestCaseExecutor.execute(TestCaseExecutor.java:235)
	at com.kms.katalon.core.main.TestSuiteExecutor.accessTestCaseMainPhase(TestSuiteExecutor.java:191)
	at com.kms.katalon.core.main.TestSuiteExecutor.accessTestSuiteMainPhase(TestSuiteExecutor.java:141)
	at com.kms.katalon.core.main.TestSuiteExecutor.execute(TestSuiteExecutor.java:90)
	at com.kms.katalon.core.main.TestCaseMain.startTestSuite(TestCaseMain.java:157)
	at com.kms.katalon.core.main.TestCaseMain$startTestSuite$0.call(Unknown Source)
	at TempTestSuite1599589931846.run(TempTestSuite1599589931846.groovy:39)
Caused by: com.kms.katalon.core.webui.exception.WebElementNotFoundException: Web element with id: 'Object Repository/FDR-EditVoucher/DLHover' located by '(//*[@data-id='line-grid'] //parent::*//div//div)[1]' not found
	at com.kms.katalon.core.webui.common.WebUiCommonHelper.findWebElement(WebUiCommonHelper.java:1368)
	at com.kms.katalon.core.webui.keyword.internal.WebUIAbstractKeyword.findWebElement(WebUIAbstractKeyword.groovy:27)
	at com.kms.katalon.core.webui.keyword.internal.WebUIAbstractKeyword.findWebElement(WebUIAbstractKeyword.groovy:26)
	at com.kms.katalon.core.webui.keyword.builtin.MouseOverKeyword$_mouseOver_closure1.doCall(MouseOverKeyword.groovy:54)
	at com.kms.katalon.core.webui.keyword.builtin.MouseOverKeyword$_mouseOver_closure1.call(MouseOverKeyword.groovy)
	at com.kms.katalon.core.webui.keyword.internal.WebUIKeywordMain.runKeyword(WebUIKeywordMain.groovy:20)
	at com.kms.katalon.core.webui.keyword.builtin.MouseOverKeyword.mouseOver(MouseOverKeyword.groovy:66)
	at com.kms.katalon.core.webui.keyword.builtin.MouseOverKeyword.execute(MouseOverKeyword.groovy:40)
	at com.kms.katalon.core.keyword.internal.KeywordExecutor.executeKeywordForPlatform(KeywordExecutor.groovy:73)
	at com.kms.katalon.core.webui.keyword.WebUiBuiltInKeywords.mouseOver(WebUiBuiltInKeywords.groovy:802)
	at com.kms.katalon.core.webui.keyword.WebUiBuiltInKeywords$mouseOver$19.call(Unknown Source)
	at com.functions.Uifunctions.deleteFirstDistributionLine(Uifunctions.groovy:82)
	at com.functions.Uifunctions$deleteFirstDistributionLine$7.call(Unknown Source)
	at Script1581969940117.run(Script1581969940117.groovy:61)
	... 13 more
)
	at com.kms.katalon.core.keyword.internal.KeywordMain.stepFailed(KeywordMain.groovy:39)
	at com.kms.katalon.core.webui.keyword.internal.WebUIKeywordMain.stepFailed(WebUIKeywordMain.groovy:64)
	at com.kms.katalon.core.webui.keyword.internal.WebUIKeywordMain.runKeyword(WebUIKeywordMain.groovy:26)
	at com.kms.katalon.core.webui.keyword.builtin.MouseOverKeyword.mouseOver(MouseOverKeyword.groovy:66)
	at com.kms.katalon.core.webui.keyword.builtin.MouseOverKeyword.execute(MouseOverKeyword.groovy:40)
	at com.kms.katalon.core.keyword.internal.KeywordExecutor.executeKeywordForPlatform(KeywordExecutor.groovy:73)
	at com.kms.katalon.core.webui.keyword.WebUiBuiltInKeywords.mouseOver(WebUiBuiltInKeywords.groovy:802)
	at com.kms.katalon.core.webui.keyword.WebUiBuiltInKeywords$mouseOver$19.call(Unknown Source)
	at com.functions.Uifunctions.deleteFirstDistributionLine(Uifunctions.groovy:82)
	at com.functions.Uifunctions$deleteFirstDistributionLine$7.call(Unknown Source)
	at FDR-Delete-Undo-DistributionLine.run(FDR-Delete-Undo-DistributionLine:61)
	at com.kms.katalon.core.main.ScriptEngine.run(ScriptEngine.java:194)
	at com.kms.katalon.core.main.ScriptEngine.runScriptAsRawText(ScriptEngine.java:119)
	at com.kms.katalon.core.main.TestCaseExecutor.runScript(TestCaseExecutor.java:339)
	at com.kms.katalon.core.main.TestCaseExecutor.doExecute(TestCaseExecutor.java:330)
	at com.kms.katalon.core.main.TestCaseExecutor.processExecutionPhase(TestCaseExecutor.java:309)
	at com.kms.katalon.core.main.TestCaseExecutor.accessMainPhase(TestCaseExecutor.java:301)
	at com.kms.katalon.core.main.TestCaseExecutor.execute(TestCaseExecutor.java:235)
	at com.kms.katalon.core.main.TestSuiteExecutor.accessTestCaseMainPhase(TestSuiteExecutor.java:191)
	at com.kms.katalon.core.main.TestSuiteExecutor.accessTestSuiteMainPhase(TestSuiteExecutor.java:141)
	at com.kms.katalon.core.main.TestSuiteExecutor.execute(TestSuiteExecutor.java:90)
	at com.kms.katalon.core.main.TestCaseMain.startTestSuite(TestCaseMain.java:157)
	at com.kms.katalon.core.main.TestCaseMain$startTestSuite$0.call(Unknown Source)
	at TempTestSuite1599589931846.run(TempTestSuite1599589931846.groovy:39)
Caused by: com.kms.katalon.core.exception.StepFailedException: Unable to move mouse over object 'Object Repository/FDR-EditVoucher/DLHover'
	... 23 more
Caused by: com.kms.katalon.core.webui.exception.WebElementNotFoundException: Web element with id: 'Object Repository/FDR-EditVoucher/DLHover' located by '(//*[@data-id='line-grid'] //parent::*//div//div)[1]' not found
	at com.kms.katalon.core.webui.common.WebUiCommonHelper.findWebElement(WebUiCommonHelper.java:1368)
	at com.kms.katalon.core.webui.keyword.internal.WebUIAbstractKeyword.findWebElement(WebUIAbstractKeyword.groovy:27)
	at com.kms.katalon.core.webui.keyword.internal.WebUIAbstractKeyword.findWebElement(WebUIAbstractKeyword.groovy:26)
	at com.kms.katalon.core.webui.keyword.builtin.MouseOverKeyword$_mouseOver_closure1.doCall(MouseOverKeyword.groovy:54)
	at com.kms.katalon.core.webui.keyword.builtin.MouseOverKeyword$_mouseOver_closure1.call(MouseOverKeyword.groovy)
	at com.kms.katalon.core.webui.keyword.internal.WebUIKeywordMain.runKeyword(WebUIKeywordMain.groovy:20)
	... 21 more]]></system-out>
      <system-err><![CDATA[2020-09-08 11:32:18 - [TEST_SUITE][FAILED] - Voucher-Integration_Suite: Test Cases/WEB-UI-TESTS/Voucher/FDR-Delete-Undo-DistributionLine FAILED.
Reason:
com.kms.katalon.core.exception.StepFailedException: Unable to move mouse over object 'Object Repository/FDR-EditVoucher/DLHover' (Root cause: com.kms.katalon.core.exception.StepFailedException: Unable to move mouse over object 'Object Repository/FDR-EditVoucher/DLHover'
	at com.kms.katalon.core.webui.keyword.internal.WebUIKeywordMain.stepFailed(WebUIKeywordMain.groovy:64)
	at com.kms.katalon.core.webui.keyword.internal.WebUIKeywordMain.runKeyword(WebUIKeywordMain.groovy:26)
	at com.kms.katalon.core.webui.keyword.builtin.MouseOverKeyword.mouseOver(MouseOverKeyword.groovy:66)
	at com.kms.katalon.core.webui.keyword.builtin.MouseOverKeyword.execute(MouseOverKeyword.groovy:40)
	at com.kms.katalon.core.keyword.internal.KeywordExecutor.executeKeywordForPlatform(KeywordExecutor.groovy:73)
	at com.kms.katalon.core.webui.keyword.WebUiBuiltInKeywords.mouseOver(WebUiBuiltInKeywords.groovy:802)
	at com.kms.katalon.core.webui.keyword.WebUiBuiltInKeywords$mouseOver$19.call(Unknown Source)
	at com.functions.Uifunctions.deleteFirstDistributionLine(Uifunctions.groovy:82)
	at com.functions.Uifunctions$deleteFirstDistributionLine$7.call(Unknown Source)
	at FDR-Delete-Undo-DistributionLine.run(FDR-Delete-Undo-DistributionLine:61)
	at com.kms.katalon.core.main.ScriptEngine.run(ScriptEngine.java:194)
	at com.kms.katalon.core.main.ScriptEngine.runScriptAsRawText(ScriptEngine.java:119)
	at com.kms.katalon.core.main.TestCaseExecutor.runScript(TestCaseExecutor.java:339)
	at com.kms.katalon.core.main.TestCaseExecutor.doExecute(TestCaseExecutor.java:330)
	at com.kms.katalon.core.main.TestCaseExecutor.processExecutionPhase(TestCaseExecutor.java:309)
	at com.kms.katalon.core.main.TestCaseExecutor.accessMainPhase(TestCaseExecutor.java:301)
	at com.kms.katalon.core.main.TestCaseExecutor.execute(TestCaseExecutor.java:235)
	at com.kms.katalon.core.main.TestSuiteExecutor.accessTestCaseMainPhase(TestSuiteExecutor.java:191)
	at com.kms.katalon.core.main.TestSuiteExecutor.accessTestSuiteMainPhase(TestSuiteExecutor.java:141)
	at com.kms.katalon.core.main.TestSuiteExecutor.execute(TestSuiteExecutor.java:90)
	at com.kms.katalon.core.main.TestCaseMain.startTestSuite(TestCaseMain.java:157)
	at com.kms.katalon.core.main.TestCaseMain$startTestSuite$0.call(Unknown Source)
	at TempTestSuite1599589931846.run(TempTestSuite1599589931846.groovy:39)
Caused by: com.kms.katalon.core.webui.exception.WebElementNotFoundException: Web element with id: 'Object Repository/FDR-EditVoucher/DLHover' located by '(//*[@data-id='line-grid'] //parent::*//div//div)[1]' not found
	at com.kms.katalon.core.webui.common.WebUiCommonHelper.findWebElement(WebUiCommonHelper.java:1368)
	at com.kms.katalon.core.webui.keyword.internal.WebUIAbstractKeyword.findWebElement(WebUIAbstractKeyword.groovy:27)
	at com.kms.katalon.core.webui.keyword.internal.WebUIAbstractKeyword.findWebElement(WebUIAbstractKeyword.groovy:26)
	at com.kms.katalon.core.webui.keyword.builtin.MouseOverKeyword$_mouseOver_closure1.doCall(MouseOverKeyword.groovy:54)
	at com.kms.katalon.core.webui.keyword.builtin.MouseOverKeyword$_mouseOver_closure1.call(MouseOverKeyword.groovy)
	at com.kms.katalon.core.webui.keyword.internal.WebUIKeywordMain.runKeyword(WebUIKeywordMain.groovy:20)
	at com.kms.katalon.core.webui.keyword.builtin.MouseOverKeyword.mouseOver(MouseOverKeyword.groovy:66)
	at com.kms.katalon.core.webui.keyword.builtin.MouseOverKeyword.execute(MouseOverKeyword.groovy:40)
	at com.kms.katalon.core.keyword.internal.KeywordExecutor.executeKeywordForPlatform(KeywordExecutor.groovy:73)
	at com.kms.katalon.core.webui.keyword.WebUiBuiltInKeywords.mouseOver(WebUiBuiltInKeywords.groovy:802)
	at com.kms.katalon.core.webui.keyword.WebUiBuiltInKeywords$mouseOver$19.call(Unknown Source)
	at com.functions.Uifunctions.deleteFirstDistributionLine(Uifunctions.groovy:82)
	at com.functions.Uifunctions$deleteFirstDistributionLine$7.call(Unknown Source)
	at Script1581969940117.run(Script1581969940117.groovy:61)
	... 13 more
)
	at com.kms.katalon.core.keyword.internal.KeywordMain.stepFailed(KeywordMain.groovy:39)
	at com.kms.katalon.core.webui.keyword.internal.WebUIKeywordMain.stepFailed(WebUIKeywordMain.groovy:64)
	at com.kms.katalon.core.webui.keyword.internal.WebUIKeywordMain.runKeyword(WebUIKeywordMain.groovy:26)
	at com.kms.katalon.core.webui.keyword.builtin.MouseOverKeyword.mouseOver(MouseOverKeyword.groovy:66)
	at com.kms.katalon.core.webui.keyword.builtin.MouseOverKeyword.execute(MouseOverKeyword.groovy:40)
	at com.kms.katalon.core.keyword.internal.KeywordExecutor.executeKeywordForPlatform(KeywordExecutor.groovy:73)
	at com.kms.katalon.core.webui.keyword.WebUiBuiltInKeywords.mouseOver(WebUiBuiltInKeywords.groovy:802)
	at com.kms.katalon.core.webui.keyword.WebUiBuiltInKeywords$mouseOver$19.call(Unknown Source)
	at com.functions.Uifunctions.deleteFirstDistributionLine(Uifunctions.groovy:82)
	at com.functions.Uifunctions$deleteFirstDistributionLine$7.call(Unknown Source)
	at FDR-Delete-Undo-DistributionLine.run(FDR-Delete-Undo-DistributionLine:61)
	at com.kms.katalon.core.main.ScriptEngine.run(ScriptEngine.java:194)
	at com.kms.katalon.core.main.ScriptEngine.runScriptAsRawText(ScriptEngine.java:119)
	at com.kms.katalon.core.main.TestCaseExecutor.runScript(TestCaseExecutor.java:339)
	at com.kms.katalon.core.main.TestCaseExecutor.doExecute(TestCaseExecutor.java:330)
	at com.kms.katalon.core.main.TestCaseExecutor.processExecutionPhase(TestCaseExecutor.java:309)
	at com.kms.katalon.core.main.TestCaseExecutor.accessMainPhase(TestCaseExecutor.java:301)
	at com.kms.katalon.core.main.TestCaseExecutor.execute(TestCaseExecutor.java:235)
	at com.kms.katalon.core.main.TestSuiteExecutor.accessTestCaseMainPhase(TestSuiteExecutor.java:191)
	at com.kms.katalon.core.main.TestSuiteExecutor.accessTestSuiteMainPhase(TestSuiteExecutor.java:141)
	at com.kms.katalon.core.main.TestSuiteExecutor.execute(TestSuiteExecutor.java:90)
	at com.kms.katalon.core.main.TestCaseMain.startTestSuite(TestCaseMain.java:157)
	at com.kms.katalon.core.main.TestCaseMain$startTestSuite$0.call(Unknown Source)
	at TempTestSuite1599589931846.run(TempTestSuite1599589931846.groovy:39)
Caused by: com.kms.katalon.core.exception.StepFailedException: Unable to move mouse over object 'Object Repository/FDR-EditVoucher/DLHover'
	... 23 more
Caused by: com.kms.katalon.core.webui.exception.WebElementNotFoundException: Web element with id: 'Object Repository/FDR-EditVoucher/DLHover' located by '(//*[@data-id='line-grid'] //parent::*//div//div)[1]' not found
	at com.kms.katalon.core.webui.common.WebUiCommonHelper.findWebElement(WebUiCommonHelper.java:1368)
	at com.kms.katalon.core.webui.keyword.internal.WebUIAbstractKeyword.findWebElement(WebUIAbstractKeyword.groovy:27)
	at com.kms.katalon.core.webui.keyword.internal.WebUIAbstractKeyword.findWebElement(WebUIAbstractKeyword.groovy:26)
	at com.kms.katalon.core.webui.keyword.builtin.MouseOverKeyword$_mouseOver_closure1.doCall(MouseOverKeyword.groovy:54)
	at com.kms.katalon.core.webui.keyword.builtin.MouseOverKeyword$_mouseOver_closure1.call(MouseOverKeyword.groovy)
	at com.kms.katalon.core.webui.keyword.internal.WebUIKeywordMain.runKeyword(WebUIKeywordMain.groovy:20)
	... 21 more]]></system-err>
   </testsuite>
   <testsuite name="Receipt-Integration_Suite" tests="19" failures="0" errors="0" time="1122.113" timestamp="2020-09-08 11:32:18" hostname="nagesh.allu - DESKTOP-9VU7G8T.attlocal.net" id="Test Suites/Receipt-Integration_Suite">
      <properties>
         <property name="deviceName" value=""/>
         <property name="devicePlatform" value=""/>
         <property name="logFolder" value="C:\\fdr-automation-develop_08_25_2020\\Reports\\20200908_113210\\Receipt-Integration_Suite\\20200908_113212"/>
         <property name="logFiles" value="C:\\fdr-automation-develop_08_25_2020\\Reports\\20200908_113210\\Receipt-Integration_Suite\\20200908_113212\\execution0.log"/>
         <property name="attachments" value=""/>
         <property name="hostName" value="nagesh.allu - DESKTOP-9VU7G8T.attlocal.net"/>
         <property name="os" value="Windows 10 64bit"/>
         <property name="katalonVersion" value="7.6.6.205"/>
         <property name="browser" value="Chrome 85.0.4183.83"/>
         <property name="hostAddress" value="192.168.1.188"/>
         <property name="sessionId" value="60db1666cde1764411eaedb9074204f4"/>
         <property name="seleniumVersion" value="3.141.59"/>
         <property name="proxyInformation" value="ProxyInformation { proxyOption=NO_PROXY, proxyServerType=HTTP, username=, password=********, proxyServerAddress=, proxyServerPort=0, executionList=&quot;&quot;, isApplyToDesiredCapabilities=true }"/>
         <property name="platform" value="Windows 10"/>
      </properties>
      <testcase name="Test Cases/WEB-UI-TESTS/Receipt/FDR-Create-Receipt-Header" time="40.013" classname="Test Cases/WEB-UI-TESTS/Receipt/FDR-Create-Receipt-Header" status="PASSED">
         <system-out><![CDATA[2020-09-08 11:32:19 - [TEST_CASE][PASSED] - Test Cases/WEB-UI-TESTS/Receipt/FDR-Create-Receipt-Header: Test Cases/WEB-UI-TESTS/Receipt/FDR-Create-Receipt-Header

2020-09-08 11:32:19 - [TEST_STEP][PASSED] - Start listener action : sampleBeforeTestCase: Navigate to 'https://fdr-katalon.cammis-mod-dev.dhcs.ca.gov' successfully

2020-09-08 11:32:19 - [TEST_STEP][PASSED] - profileName = getExecutionProfile(): null

2020-09-08 11:32:19 - [TEST_STEP][PASSED] - switch (profileName): null

2020-09-08 11:32:19 - [TEST_STEP][PASSED] - testCaseId = testCaseContext.getTestCaseId(): null

2020-09-08 11:32:19 - [TEST_STEP][PASSED] - if (!(skipBeforeAndAfterTestCase)): Navigate to 'https://fdr-katalon.cammis-mod-dev.dhcs.ca.gov' successfully

2020-09-08 11:32:19 - [TEST_STEP][PASSED] - if (account7TestCases.contains(testCaseId)): null

2020-09-08 11:32:19 - [TEST_STEP][PASSED] - else if (account10TestCases.contains(testCaseId)): null

2020-09-08 11:32:19 - [TEST_STEP][PASSED] - else: Object: 'Object Repository/FDR-SignIn/SignInButton' is clicked on

2020-09-08 11:32:19 - [TEST_STEP][PASSED] - Uifunctions.loginFDR(accountsApprover, accountsApproverPwd): Object: 'Object Repository/FDR-SignIn/SignInButton' is clicked on

2020-09-08 11:32:20 - [MESSAGE][INFO] - Starting 'Chrome' driver

2020-09-08 11:32:20 - [MESSAGE][INFO] - Action delay is set to 0 milliseconds

2020-09-08 11:32:25 - [MESSAGE][PASSED] - Browser is opened with url: ''

2020-09-08 11:32:27 - [MESSAGE][PASSED] - Current window maximized

2020-09-08 11:32:28 - [MESSAGE][PASSED] - Navigate to 'https://fdr-katalon.cammis-mod-dev.dhcs.ca.gov' successfully

2020-09-08 11:32:30 - [MESSAGE][PASSED] - Object 'Object Repository/FDR-SignIn/SignInEmail' is present

2020-09-08 11:32:30 - [MESSAGE][PASSED] - Object: 'Object Repository/FDR-SignIn/SignInEmail' is clicked on

2020-09-08 11:32:31 - [MESSAGE][PASSED] - Object 'Object Repository/FDR-SignIn/SignInEmail' is present

2020-09-08 11:32:32 - [MESSAGE][PASSED] - Text 'fdr.test3@dhcs.ca.gov' is set on object 'Object Repository/FDR-SignIn/SignInEmail'

2020-09-08 11:32:32 - [MESSAGE][PASSED] - Object 'Object Repository/FDR-SignIn/SignInEmailNext' is visible

2020-09-08 11:32:32 - [MESSAGE][PASSED] - Object: 'Object Repository/FDR-SignIn/SignInEmailNext' is clicked on

2020-09-08 11:32:36 - [MESSAGE][PASSED] - Object 'Object Repository/FDR-SignIn/SignInEmailPassword' is visible

2020-09-08 11:32:36 - [MESSAGE][PASSED] - Object: 'Object Repository/FDR-SignIn/SignInEmailPassword' is clicked on

2020-09-08 11:32:37 - [MESSAGE][PASSED] - Text ****** has been set on object 'Object Repository/FDR-SignIn/SignInEmailPassword'

2020-09-08 11:32:39 - [MESSAGE][PASSED] - Object: 'Object Repository/FDR-SignIn/SignInButton' is clicked on

2020-09-08 11:32:39 - [TEST_STEP][PASSED] - navigateToUrl(URL): Navigate to 'https://fdr-katalon.cammis-mod-dev.dhcs.ca.gov' successfully

2020-09-08 11:32:39 - [MESSAGE][PASSED] - Navigate to 'https://fdr-katalon.cammis-mod-dev.dhcs.ca.gov' successfully

2020-09-08 11:32:39 - [TEST_STEP][PASSED] - Start listener action : beforeTestCase: null

2020-09-08 11:32:39 - [TEST_STEP][PASSED] - profileName = getExecutionProfile(): null

2020-09-08 11:32:39 - [TEST_STEP][PASSED] - if (profileName.equalsIgnoreCase("SysAdmin")): null

2020-09-08 11:32:39 - [TEST_STEP][PASSED] - Start listener action : sampleBeforeTestCase: null

2020-09-08 11:32:39 - [TEST_STEP][PASSED] - profileName = getExecutionProfile(): null

2020-09-08 11:32:39 - [TEST_STEP][PASSED] - testCaseId = testCaseContext.getTestCaseId(): null

2020-09-08 11:32:39 - [TEST_STEP][PASSED] - switch (profileName): null

2020-09-08 11:32:39 - [TEST_STEP][PASSED] - Default: null

2020-09-08 11:32:39 - [TEST_STEP][PASSED] - return null: null

2020-09-08 11:32:39 - [TEST_STEP][PASSED] - Start listener action : executeRows: null

2020-09-08 11:32:40 - [TEST_STEP][PASSED] - waitForElementPresent(findTestObject("FDR-Dashboard/createNewVoucherButton"), 4): Object 'Object Repository/FDR-Dashboard/createNewVoucherButton' is not present after 4 second(s)

2020-09-08 11:32:45 - [MESSAGE][INFO] - Unable to find the element located by 'By.xpath: //*[@data-id='button-link']//*[contains(text(),'Create New Voucher')]'. Please recheck the objects properties to make sure the desired element is located. 

2020-09-08 11:32:45 - [MESSAGE][WARNING] - Object 'Object Repository/FDR-Dashboard/createNewVoucherButton' is not present after 4 second(s)

2020-09-08 11:32:45 - [TEST_STEP][PASSED] - waitForElementPresent(findTestObject("FDR-Receipt/FDR-Receipt-Dashboard/createNew_ReceiptBatch_Button"), 3): Object 'Object Repository/FDR-Receipt/FDR-Receipt-Dashboard/createNew_ReceiptBatch_Button' is present

2020-09-08 11:32:45 - [MESSAGE][PASSED] - Object 'Object Repository/FDR-Receipt/FDR-Receipt-Dashboard/createNew_ReceiptBatch_Button' is present

2020-09-08 11:32:45 - [TEST_STEP][PASSED] - click(findTestObject("FDR-Receipt/FDR-Receipt-Dashboard/createNew_ReceiptBatch_Button")): Object: 'Object Repository/FDR-Receipt/FDR-Receipt-Dashboard/createNew_ReceiptBatch_Button' is clicked on

2020-09-08 11:32:46 - [MESSAGE][PASSED] - Object: 'Object Repository/FDR-Receipt/FDR-Receipt-Dashboard/createNew_ReceiptBatch_Button' is clicked on

2020-09-08 11:32:46 - [TEST_STEP][PASSED] - waitForElementPresent(findTestObject("FDR-Receipt/FDR-Receipt-Header/View/inputDrawDate"), 3): Object 'Object Repository/FDR-Receipt/FDR-Receipt-Header/View/inputDrawDate' is present

2020-09-08 11:32:46 - [MESSAGE][PASSED] - Object 'Object Repository/FDR-Receipt/FDR-Receipt-Header/View/inputDrawDate' is present

2020-09-08 11:32:46 - [TEST_STEP][PASSED] - setText(findTestObject("FDR-Receipt/FDR-Receipt-Header/View/inputDrawDate"), Drawdate): Text '09/28/2020' is set on object 'Object Repository/FDR-Receipt/FDR-Receipt-Header/View/inputDrawDate'

2020-09-08 11:32:47 - [MESSAGE][PASSED] - Text '09/28/2020' is set on object 'Object Repository/FDR-Receipt/FDR-Receipt-Header/View/inputDrawDate'

2020-09-08 11:32:47 - [TEST_STEP][PASSED] - waitForElementPresent(findTestObject("FDR-Receipt/FDR-Receipt-Header/Edit/payDate"), 3): Object 'Object Repository/FDR-Receipt/FDR-Receipt-Header/Edit/payDate' is present

2020-09-08 11:32:48 - [MESSAGE][PASSED] - Object 'Object Repository/FDR-Receipt/FDR-Receipt-Header/Edit/payDate' is present

2020-09-08 11:32:48 - [TEST_STEP][PASSED] - setText(findTestObject("FDR-Receipt/FDR-Receipt-Header/Edit/payDate"), Paydate): Text '09/30/2020' is set on object 'Object Repository/FDR-Receipt/FDR-Receipt-Header/Edit/payDate'

2020-09-08 11:32:48 - [MESSAGE][PASSED] - Text '09/30/2020' is set on object 'Object Repository/FDR-Receipt/FDR-Receipt-Header/Edit/payDate'

2020-09-08 11:32:48 - [TEST_STEP][PASSED] - waitForElementPresent(findTestObject("FDR-Receipt/FDR-Receipt-Header/View/deposit ID"), 10): Object 'Object Repository/FDR-Receipt/FDR-Receipt-Header/View/deposit ID' is present

2020-09-08 11:32:48 - [MESSAGE][PASSED] - Object 'Object Repository/FDR-Receipt/FDR-Receipt-Header/View/deposit ID' is present

2020-09-08 11:32:48 - [TEST_STEP][PASSED] - depositId = RandomStringUtils.randomNumeric(7): null

2020-09-08 11:32:48 - [TEST_STEP][PASSED] - setText(findTestObject("FDR-Receipt/FDR-Receipt-Header/View/deposit ID"), depositId): Text '0005117' is set on object 'Object Repository/FDR-Receipt/FDR-Receipt-Header/View/deposit ID'

2020-09-08 11:32:49 - [MESSAGE][PASSED] - Text '0005117' is set on object 'Object Repository/FDR-Receipt/FDR-Receipt-Header/View/deposit ID'

2020-09-08 11:32:49 - [TEST_STEP][PASSED] - waitForElementPresent(findTestObject("FDR-Receipt/FDR-ReceiptBatch/receiptNotes"), 10): Object 'Object Repository/FDR-Receipt/FDR-ReceiptBatch/receiptNotes' is present

2020-09-08 11:32:50 - [MESSAGE][PASSED] - Object 'Object Repository/FDR-Receipt/FDR-ReceiptBatch/receiptNotes' is present

2020-09-08 11:32:50 - [TEST_STEP][PASSED] - setText(findTestObject("FDR-Receipt/FDR-ReceiptBatch/receiptNotes"), Receiptnotes): Text 'rqewrq' is set on object 'Object Repository/FDR-Receipt/FDR-ReceiptBatch/receiptNotes'

2020-09-08 11:32:50 - [MESSAGE][PASSED] - Text 'rqewrq' is set on object 'Object Repository/FDR-Receipt/FDR-ReceiptBatch/receiptNotes'

2020-09-08 11:32:50 - [TEST_STEP][PASSED] - waitForElementPresent(findTestObject("FDR-Receipt/FDR-Receipt-Header/View/buttonNext"), 10): Object 'Object Repository/FDR-Receipt/FDR-Receipt-Header/View/buttonNext' is present

2020-09-08 11:32:51 - [MESSAGE][PASSED] - Object 'Object Repository/FDR-Receipt/FDR-Receipt-Header/View/buttonNext' is present

2020-09-08 11:32:51 - [TEST_STEP][PASSED] - click(findTestObject("FDR-Receipt/FDR-Receipt-Header/View/buttonNext")): Object: 'Object Repository/FDR-Receipt/FDR-Receipt-Header/View/buttonNext' is clicked on

2020-09-08 11:32:51 - [MESSAGE][PASSED] - Object: 'Object Repository/FDR-Receipt/FDR-Receipt-Header/View/buttonNext' is clicked on

2020-09-08 11:32:51 - [TEST_STEP][PASSED] - waitForElementPresent(findTestObject("FDR-Dashboard/createNewVoucherButton"), 4): Object 'Object Repository/FDR-Dashboard/createNewVoucherButton' is not present after 4 second(s)

2020-09-08 11:32:57 - [MESSAGE][INFO] - Unable to find the element located by 'By.xpath: //*[@data-id='button-link']//*[contains(text(),'Create New Voucher')]'. Please recheck the objects properties to make sure the desired element is located. 

2020-09-08 11:32:57 - [MESSAGE][WARNING] - Object 'Object Repository/FDR-Dashboard/createNewVoucherButton' is not present after 4 second(s)

2020-09-08 11:32:57 - [TEST_STEP][PASSED] - waitForElementPresent(findTestObject("FDR-Receipt/FDR-Receipt-Header/View/pDrawDate"), 2): Object 'Object Repository/FDR-Receipt/FDR-Receipt-Header/View/pDrawDate' is present

2020-09-08 11:32:57 - [MESSAGE][PASSED] - Object 'Object Repository/FDR-Receipt/FDR-Receipt-Header/View/pDrawDate' is present

2020-09-08 11:32:57 - [TEST_STEP][PASSED] - if (getText(findTestObject("FDR-Receipt/FDR-Receipt-Header/View/pDrawDate")) == findTestData("Receipt/FDR-ReceiptHeaderTestData").getValue(1, 1)): Valid DrawDate

2020-09-08 11:32:57 - [MESSAGE][PASSED] - Text of object 'Object Repository/FDR-Receipt/FDR-Receipt-Header/View/pDrawDate' is: '09/28/2020'

2020-09-08 11:32:57 - [TEST_STEP][PASSED] - markPassed("Valid DrawDate"): Valid DrawDate

2020-09-08 11:32:57 - [MESSAGE][PASSED] - Valid DrawDate

2020-09-08 11:32:57 - [TEST_STEP][PASSED] - waitForElementPresent(findTestObject("FDR-Receipt/FDR-Receipt-Header/View/payDate"), 2): Object 'Object Repository/FDR-Receipt/FDR-Receipt-Header/View/payDate' is present

2020-09-08 11:32:57 - [MESSAGE][PASSED] - Object 'Object Repository/FDR-Receipt/FDR-Receipt-Header/View/payDate' is present

2020-09-08 11:32:57 - [TEST_STEP][PASSED] - if (getText(findTestObject("FDR-Receipt/FDR-Receipt-Header/View/payDate")) == findTestData("Receipt/FDR-ReceiptHeaderTestData").getValue(2, 1)): Valid PayDate

2020-09-08 11:32:58 - [MESSAGE][PASSED] - Text of object 'Object Repository/FDR-Receipt/FDR-Receipt-Header/View/payDate' is: '09/30/2020'

2020-09-08 11:32:58 - [TEST_STEP][PASSED] - markPassed("Valid PayDate"): Valid PayDate

2020-09-08 11:32:58 - [MESSAGE][PASSED] - Valid PayDate

2020-09-08 11:32:58 - [TEST_STEP][PASSED] - waitForElementPresent(findTestObject("FDR-Receipt/FDR-Receipt-Header/View/depositId"), 2): Object 'Object Repository/FDR-Receipt/FDR-Receipt-Header/View/depositId' is present

2020-09-08 11:32:58 - [MESSAGE][PASSED] - Object 'Object Repository/FDR-Receipt/FDR-Receipt-Header/View/depositId' is present

2020-09-08 11:32:58 - [TEST_STEP][PASSED] - if (getText(findTestObject("FDR-Receipt/FDR-Receipt-Header/View/depositId")) == depositId): Valid DepositId

2020-09-08 11:32:58 - [MESSAGE][PASSED] - Text of object 'Object Repository/FDR-Receipt/FDR-Receipt-Header/View/depositId' is: '0005117'

2020-09-08 11:32:58 - [TEST_STEP][PASSED] - markPassed("Valid DepositId"): Valid DepositId

2020-09-08 11:32:58 - [MESSAGE][PASSED] - Valid DepositId

2020-09-08 11:32:58 - [TEST_STEP][PASSED] - closeBrowser(CONTINUE_ON_FAILURE): Browser is closed

2020-09-08 11:32:59 - [MESSAGE][PASSED] - Browser is closed

2020-09-08 11:32:59 - [TEST_STEP][PASSED] - Start listener action : sampleAfterTestCase: Browser is closed

2020-09-08 11:32:59 - [TEST_STEP][PASSED] - profileName = getExecutionProfile(): null

2020-09-08 11:32:59 - [TEST_STEP][PASSED] - switch (profileName): null

2020-09-08 11:32:59 - [TEST_STEP][PASSED] - if (!(skipBeforeAndAfterTestCase)): Browser is closed

2020-09-08 11:32:59 - [TEST_STEP][PASSED] - Uifunctions.logoutFDR(): Browser is closed

2020-09-08 11:32:59 - [MESSAGE][PASSED] - Browser is closed

2020-09-08 11:32:59 - [TEST_STEP][PASSED] - Start listener action : afterTestCase: null

2020-09-08 11:32:59 - [TEST_STEP][PASSED] - profileName = getExecutionProfile(): null

2020-09-08 11:32:59 - [TEST_STEP][PASSED] - if (profileName.equalsIgnoreCase("SysAdmin")): null

2020-09-08 11:32:59 - [TEST_STEP][PASSED] - Start listener action : sampleAfterTestCase: null

2020-09-08 11:32:59 - [TEST_STEP][PASSED] - profileName = getExecutionProfile(): null

2020-09-08 11:32:59 - [TEST_STEP][PASSED] - switch (profileName): null

2020-09-08 11:32:59 - [TEST_STEP][PASSED] - Default: null

2020-09-08 11:32:59 - [TEST_STEP][PASSED] - return null: null

2020-09-08 11:32:59 - [TEST_STEP][PASSED] - Start listener action : addFailedTCToList: null]]></system-out>
         <system-err><![CDATA[]]></system-err>
      </testcase>
      <testcase name="Test Cases/WEB-UI-TESTS/Receipt/FDR-Display-Receipt-Header" time="34.151" classname="Test Cases/WEB-UI-TESTS/Receipt/FDR-Display-Receipt-Header" status="PASSED">
         <system-out><![CDATA[2020-09-08 11:32:59 - [TEST_CASE][PASSED] - Test Cases/WEB-UI-TESTS/Receipt/FDR-Display-Receipt-Header: Test Cases/WEB-UI-TESTS/Receipt/FDR-Display-Receipt-Header

2020-09-08 11:32:59 - [TEST_STEP][PASSED] - Start listener action : sampleBeforeTestCase: Navigate to 'https://fdr-katalon.cammis-mod-dev.dhcs.ca.gov' successfully

2020-09-08 11:32:59 - [TEST_STEP][PASSED] - profileName = getExecutionProfile(): null

2020-09-08 11:32:59 - [TEST_STEP][PASSED] - switch (profileName): null

2020-09-08 11:32:59 - [TEST_STEP][PASSED] - testCaseId = testCaseContext.getTestCaseId(): null

2020-09-08 11:32:59 - [TEST_STEP][PASSED] - if (!(skipBeforeAndAfterTestCase)): Navigate to 'https://fdr-katalon.cammis-mod-dev.dhcs.ca.gov' successfully

2020-09-08 11:32:59 - [TEST_STEP][PASSED] - if (account7TestCases.contains(testCaseId)): null

2020-09-08 11:32:59 - [TEST_STEP][PASSED] - else if (account10TestCases.contains(testCaseId)): null

2020-09-08 11:32:59 - [TEST_STEP][PASSED] - else: Object: 'Object Repository/FDR-SignIn/SignInButton' is clicked on

2020-09-08 11:32:59 - [TEST_STEP][PASSED] - Uifunctions.loginFDR(accountsApprover, accountsApproverPwd): Object: 'Object Repository/FDR-SignIn/SignInButton' is clicked on

2020-09-08 11:32:59 - [MESSAGE][INFO] - Starting 'Chrome' driver

2020-09-08 11:32:59 - [MESSAGE][INFO] - Action delay is set to 0 milliseconds

2020-09-08 11:33:02 - [MESSAGE][PASSED] - Browser is opened with url: ''

2020-09-08 11:33:04 - [MESSAGE][PASSED] - Current window maximized

2020-09-08 11:33:05 - [MESSAGE][PASSED] - Navigate to 'https://fdr-katalon.cammis-mod-dev.dhcs.ca.gov' successfully

2020-09-08 11:33:07 - [MESSAGE][PASSED] - Object 'Object Repository/FDR-SignIn/SignInEmail' is present

2020-09-08 11:33:07 - [MESSAGE][PASSED] - Object: 'Object Repository/FDR-SignIn/SignInEmail' is clicked on

2020-09-08 11:33:07 - [MESSAGE][PASSED] - Object 'Object Repository/FDR-SignIn/SignInEmail' is present

2020-09-08 11:33:08 - [MESSAGE][PASSED] - Text 'fdr.test3@dhcs.ca.gov' is set on object 'Object Repository/FDR-SignIn/SignInEmail'

2020-09-08 11:33:08 - [MESSAGE][PASSED] - Object 'Object Repository/FDR-SignIn/SignInEmailNext' is visible

2020-09-08 11:33:08 - [MESSAGE][PASSED] - Object: 'Object Repository/FDR-SignIn/SignInEmailNext' is clicked on

2020-09-08 11:33:12 - [MESSAGE][PASSED] - Object 'Object Repository/FDR-SignIn/SignInEmailPassword' is visible

2020-09-08 11:33:12 - [MESSAGE][PASSED] - Object: 'Object Repository/FDR-SignIn/SignInEmailPassword' is clicked on

2020-09-08 11:33:12 - [MESSAGE][PASSED] - Text ****** has been set on object 'Object Repository/FDR-SignIn/SignInEmailPassword'

2020-09-08 11:33:14 - [MESSAGE][PASSED] - Object: 'Object Repository/FDR-SignIn/SignInButton' is clicked on

2020-09-08 11:33:14 - [TEST_STEP][PASSED] - navigateToUrl(URL): Navigate to 'https://fdr-katalon.cammis-mod-dev.dhcs.ca.gov' successfully

2020-09-08 11:33:15 - [MESSAGE][PASSED] - Navigate to 'https://fdr-katalon.cammis-mod-dev.dhcs.ca.gov' successfully

2020-09-08 11:33:15 - [TEST_STEP][PASSED] - Start listener action : beforeTestCase: null

2020-09-08 11:33:15 - [TEST_STEP][PASSED] - profileName = getExecutionProfile(): null

2020-09-08 11:33:15 - [TEST_STEP][PASSED] - if (profileName.equalsIgnoreCase("SysAdmin")): null

2020-09-08 11:33:15 - [TEST_STEP][PASSED] - Start listener action : sampleBeforeTestCase: null

2020-09-08 11:33:15 - [TEST_STEP][PASSED] - profileName = getExecutionProfile(): null

2020-09-08 11:33:15 - [TEST_STEP][PASSED] - testCaseId = testCaseContext.getTestCaseId(): null

2020-09-08 11:33:15 - [TEST_STEP][PASSED] - switch (profileName): null

2020-09-08 11:33:15 - [TEST_STEP][PASSED] - Default: null

2020-09-08 11:33:15 - [TEST_STEP][PASSED] - return null: null

2020-09-08 11:33:15 - [TEST_STEP][PASSED] - Start listener action : executeRows: null

2020-09-08 11:33:15 - [TEST_STEP][PASSED] - newDepositId = RandomStringUtils.randomNumeric(7): null

2020-09-08 11:33:15 - [TEST_STEP][PASSED] - editors.createReceipt(Drawdate, Paydate, newDepositId, Receiptnotes): Object: 'Object Repository/FDR-Receipt/FDR-Receipt-Header/View/buttonNext' is clicked on

2020-09-08 11:33:20 - [MESSAGE][INFO] - Unable to find the element located by 'By.xpath: //*[@data-id='button-link']//*[contains(text(),'Create New Voucher')]'. Please recheck the objects properties to make sure the desired element is located. 

2020-09-08 11:33:20 - [MESSAGE][WARNING] - Object 'Object Repository/FDR-Dashboard/createNewVoucherButton' is not present after 4 second(s)

2020-09-08 11:33:20 - [MESSAGE][PASSED] - Object 'Object Repository/FDR-Receipt/FDR-Receipt-Dashboard/createNew_ReceiptBatch_Button' is present

2020-09-08 11:33:21 - [MESSAGE][PASSED] - Object: 'Object Repository/FDR-Receipt/FDR-Receipt-Dashboard/createNew_ReceiptBatch_Button' is clicked on

2020-09-08 11:33:21 - [MESSAGE][PASSED] - Object 'Object Repository/FDR-Receipt/FDR-Receipt-Header/View/inputDrawDate' is present

2020-09-08 11:33:22 - [MESSAGE][PASSED] - Text '09/28/2020' is set on object 'Object Repository/FDR-Receipt/FDR-Receipt-Header/View/inputDrawDate'

2020-09-08 11:33:23 - [MESSAGE][PASSED] - Keys 'TAB + ENTER + ENTER + ' sent to object: 'Object Repository/FDR-Receipt/FDR-Receipt-Header/View/inputDrawDate'

2020-09-08 11:33:24 - [MESSAGE][PASSED] - Object 'Object Repository/FDR-Receipt/FDR-Receipt-Header/Edit/payDate' is present

2020-09-08 11:33:25 - [MESSAGE][PASSED] - Text '09/30/2020' is set on object 'Object Repository/FDR-Receipt/FDR-Receipt-Header/Edit/payDate'

2020-09-08 11:33:25 - [MESSAGE][PASSED] - Object 'Object Repository/FDR-Receipt/FDR-Receipt-Header/View/deposit ID' is present

2020-09-08 11:33:26 - [MESSAGE][PASSED] - Text '4484287' is set on object 'Object Repository/FDR-Receipt/FDR-Receipt-Header/View/deposit ID'

2020-09-08 11:33:27 - [MESSAGE][PASSED] - Object 'Object Repository/FDR-Receipt/FDR-ReceiptBatch/receiptNotes' is present

2020-09-08 11:33:27 - [MESSAGE][PASSED] - Text 'rqewrq' is set on object 'Object Repository/FDR-Receipt/FDR-ReceiptBatch/receiptNotes'

2020-09-08 11:33:28 - [MESSAGE][PASSED] - Object 'Object Repository/FDR-Receipt/FDR-Receipt-Header/Edit/remmitanceAdviceInput' is present

2020-09-08 11:33:28 - [MESSAGE][PASSED] - Keys '' sent to object: 'Object Repository/FDR-Receipt/FDR-Receipt-Header/Edit/remmitanceAdviceInput'

2020-09-08 11:33:29 - [MESSAGE][PASSED] - Object 'Object Repository/FDR-Receipt/FDR-Receipt-Header/Edit/controllerReceiptInput' is present

2020-09-08 11:33:29 - [MESSAGE][PASSED] - Keys '' sent to object: 'Object Repository/FDR-Receipt/FDR-Receipt-Header/Edit/controllerReceiptInput'

2020-09-08 11:33:29 - [MESSAGE][PASSED] - Object 'Object Repository/FDR-Receipt/FDR-Receipt-Header/View/buttonNext' is present

2020-09-08 11:33:30 - [MESSAGE][PASSED] - Object: 'Object Repository/FDR-Receipt/FDR-Receipt-Header/View/buttonNext' is clicked on

2020-09-08 11:33:30 - [TEST_STEP][PASSED] - waitForElementPresent(findTestObject("FDR-Receipt/FDR-Receipt-Header/View/depositId"), 10): Object 'Object Repository/FDR-Receipt/FDR-Receipt-Header/View/depositId' is present

2020-09-08 11:33:31 - [MESSAGE][PASSED] - Object 'Object Repository/FDR-Receipt/FDR-Receipt-Header/View/depositId' is present

2020-09-08 11:33:31 - [TEST_STEP][PASSED] - depositId = getText(findTestObject("FDR-Receipt/FDR-Receipt-Header/View/depositId")): Text of object 'Object Repository/FDR-Receipt/FDR-Receipt-Header/View/depositId' is: '4484287'

2020-09-08 11:33:31 - [MESSAGE][PASSED] - Text of object 'Object Repository/FDR-Receipt/FDR-Receipt-Header/View/depositId' is: '4484287'

2020-09-08 11:33:31 - [TEST_STEP][PASSED] - waitForElementPresent(findTestObject("FDR-Receipt/FDR-Receipt-Header/View/pDrawDate"), 2): Object 'Object Repository/FDR-Receipt/FDR-Receipt-Header/View/pDrawDate' is present

2020-09-08 11:33:32 - [MESSAGE][PASSED] - Object 'Object Repository/FDR-Receipt/FDR-Receipt-Header/View/pDrawDate' is present

2020-09-08 11:33:32 - [TEST_STEP][PASSED] - drawDate = getText(findTestObject("FDR-Receipt/FDR-Receipt-Header/View/pDrawDate")): Text of object 'Object Repository/FDR-Receipt/FDR-Receipt-Header/View/pDrawDate' is: '09/28/2020'

2020-09-08 11:33:32 - [MESSAGE][PASSED] - Text of object 'Object Repository/FDR-Receipt/FDR-Receipt-Header/View/pDrawDate' is: '09/28/2020'

2020-09-08 11:33:32 - [TEST_STEP][PASSED] - waitForElementPresent(findTestObject("FDR-Receipt/FDR-Receipt-Header/View/payDate"), 2): Object 'Object Repository/FDR-Receipt/FDR-Receipt-Header/View/payDate' is present

2020-09-08 11:33:32 - [MESSAGE][PASSED] - Object 'Object Repository/FDR-Receipt/FDR-Receipt-Header/View/payDate' is present

2020-09-08 11:33:32 - [TEST_STEP][PASSED] - payDate = getText(findTestObject("FDR-Receipt/FDR-Receipt-Header/View/payDate")): Text of object 'Object Repository/FDR-Receipt/FDR-Receipt-Header/View/payDate' is: '09/30/2020'

2020-09-08 11:33:32 - [MESSAGE][PASSED] - Text of object 'Object Repository/FDR-Receipt/FDR-Receipt-Header/View/payDate' is: '09/30/2020'

2020-09-08 11:33:32 - [TEST_STEP][PASSED] - println(" DepositId  " + depositId + "  DrawDate  " + drawDate + "  Paydate  " + payDate): null

2020-09-08 11:33:32 - [TEST_STEP][PASSED] - closeBrowser(CONTINUE_ON_FAILURE): Browser is closed

2020-09-08 11:33:33 - [MESSAGE][PASSED] - Browser is closed

2020-09-08 11:33:33 - [TEST_STEP][PASSED] - Start listener action : sampleAfterTestCase: Browser is closed

2020-09-08 11:33:33 - [TEST_STEP][PASSED] - profileName = getExecutionProfile(): null

2020-09-08 11:33:33 - [TEST_STEP][PASSED] - switch (profileName): null

2020-09-08 11:33:33 - [TEST_STEP][PASSED] - if (!(skipBeforeAndAfterTestCase)): Browser is closed

2020-09-08 11:33:33 - [TEST_STEP][PASSED] - Uifunctions.logoutFDR(): Browser is closed

2020-09-08 11:33:33 - [MESSAGE][PASSED] - Browser is closed

2020-09-08 11:33:33 - [TEST_STEP][PASSED] - Start listener action : afterTestCase: null

2020-09-08 11:33:33 - [TEST_STEP][PASSED] - profileName = getExecutionProfile(): null

2020-09-08 11:33:33 - [TEST_STEP][PASSED] - if (profileName.equalsIgnoreCase("SysAdmin")): null

2020-09-08 11:33:33 - [TEST_STEP][PASSED] - Start listener action : sampleAfterTestCase: null

2020-09-08 11:33:33 - [TEST_STEP][PASSED] - profileName = getExecutionProfile(): null

2020-09-08 11:33:33 - [TEST_STEP][PASSED] - switch (profileName): null

2020-09-08 11:33:33 - [TEST_STEP][PASSED] - Default: null

2020-09-08 11:33:33 - [TEST_STEP][PASSED] - return null: null

2020-09-08 11:33:33 - [TEST_STEP][PASSED] - Start listener action : addFailedTCToList: null]]></system-out>
         <system-err><![CDATA[]]></system-err>
      </testcase>
      <testcase name="Test Cases/WEB-UI-TESTS/Receipt/FDR-Edit-Receipt-Header" time="42.377" classname="Test Cases/WEB-UI-TESTS/Receipt/FDR-Edit-Receipt-Header" status="PASSED">
         <system-out><![CDATA[2020-09-08 11:33:33 - [TEST_CASE][PASSED] - Test Cases/WEB-UI-TESTS/Receipt/FDR-Edit-Receipt-Header: Test Cases/WEB-UI-TESTS/Receipt/FDR-Edit-Receipt-Header

2020-09-08 11:33:33 - [TEST_STEP][PASSED] - Start listener action : sampleBeforeTestCase: Navigate to 'https://fdr-katalon.cammis-mod-dev.dhcs.ca.gov' successfully

2020-09-08 11:33:33 - [TEST_STEP][PASSED] - profileName = getExecutionProfile(): null

2020-09-08 11:33:33 - [TEST_STEP][PASSED] - switch (profileName): null

2020-09-08 11:33:33 - [TEST_STEP][PASSED] - testCaseId = testCaseContext.getTestCaseId(): null

2020-09-08 11:33:33 - [TEST_STEP][PASSED] - if (!(skipBeforeAndAfterTestCase)): Navigate to 'https://fdr-katalon.cammis-mod-dev.dhcs.ca.gov' successfully

2020-09-08 11:33:33 - [TEST_STEP][PASSED] - if (account7TestCases.contains(testCaseId)): null

2020-09-08 11:33:33 - [TEST_STEP][PASSED] - else if (account10TestCases.contains(testCaseId)): null

2020-09-08 11:33:33 - [TEST_STEP][PASSED] - else: Object: 'Object Repository/FDR-SignIn/SignInButton' is clicked on

2020-09-08 11:33:33 - [TEST_STEP][PASSED] - Uifunctions.loginFDR(accountsApprover, accountsApproverPwd): Object: 'Object Repository/FDR-SignIn/SignInButton' is clicked on

2020-09-08 11:33:33 - [MESSAGE][INFO] - Starting 'Chrome' driver

2020-09-08 11:33:33 - [MESSAGE][INFO] - Action delay is set to 0 milliseconds

2020-09-08 11:33:36 - [MESSAGE][PASSED] - Browser is opened with url: ''

2020-09-08 11:33:38 - [MESSAGE][PASSED] - Current window maximized

2020-09-08 11:33:39 - [MESSAGE][PASSED] - Navigate to 'https://fdr-katalon.cammis-mod-dev.dhcs.ca.gov' successfully

2020-09-08 11:33:41 - [MESSAGE][PASSED] - Object 'Object Repository/FDR-SignIn/SignInEmail' is present

2020-09-08 11:33:41 - [MESSAGE][PASSED] - Object: 'Object Repository/FDR-SignIn/SignInEmail' is clicked on

2020-09-08 11:33:41 - [MESSAGE][PASSED] - Object 'Object Repository/FDR-SignIn/SignInEmail' is present

2020-09-08 11:33:42 - [MESSAGE][PASSED] - Text 'fdr.test3@dhcs.ca.gov' is set on object 'Object Repository/FDR-SignIn/SignInEmail'

2020-09-08 11:33:42 - [MESSAGE][PASSED] - Object 'Object Repository/FDR-SignIn/SignInEmailNext' is visible

2020-09-08 11:33:42 - [MESSAGE][PASSED] - Object: 'Object Repository/FDR-SignIn/SignInEmailNext' is clicked on

2020-09-08 11:33:46 - [MESSAGE][PASSED] - Object 'Object Repository/FDR-SignIn/SignInEmailPassword' is visible

2020-09-08 11:33:46 - [MESSAGE][PASSED] - Object: 'Object Repository/FDR-SignIn/SignInEmailPassword' is clicked on

2020-09-08 11:33:46 - [MESSAGE][PASSED] - Text ****** has been set on object 'Object Repository/FDR-SignIn/SignInEmailPassword'

2020-09-08 11:33:47 - [MESSAGE][PASSED] - Object: 'Object Repository/FDR-SignIn/SignInButton' is clicked on

2020-09-08 11:33:47 - [TEST_STEP][PASSED] - navigateToUrl(URL): Navigate to 'https://fdr-katalon.cammis-mod-dev.dhcs.ca.gov' successfully

2020-09-08 11:33:48 - [MESSAGE][PASSED] - Navigate to 'https://fdr-katalon.cammis-mod-dev.dhcs.ca.gov' successfully

2020-09-08 11:33:48 - [TEST_STEP][PASSED] - Start listener action : beforeTestCase: null

2020-09-08 11:33:48 - [TEST_STEP][PASSED] - profileName = getExecutionProfile(): null

2020-09-08 11:33:48 - [TEST_STEP][PASSED] - if (profileName.equalsIgnoreCase("SysAdmin")): null

2020-09-08 11:33:48 - [TEST_STEP][PASSED] - Start listener action : sampleBeforeTestCase: null

2020-09-08 11:33:48 - [TEST_STEP][PASSED] - profileName = getExecutionProfile(): null

2020-09-08 11:33:48 - [TEST_STEP][PASSED] - testCaseId = testCaseContext.getTestCaseId(): null

2020-09-08 11:33:48 - [TEST_STEP][PASSED] - switch (profileName): null

2020-09-08 11:33:48 - [TEST_STEP][PASSED] - Default: null

2020-09-08 11:33:48 - [TEST_STEP][PASSED] - return null: null

2020-09-08 11:33:48 - [TEST_STEP][PASSED] - Start listener action : executeRows: null

2020-09-08 11:33:49 - [TEST_STEP][PASSED] - newDepositId = RandomStringUtils.randomNumeric(7): null

2020-09-08 11:33:49 - [TEST_STEP][PASSED] - newDepositId2 = RandomStringUtils.randomNumeric(7): null

2020-09-08 11:33:49 - [TEST_STEP][PASSED] - editors.createReceipt(Drawdate, Paydate, newDepositId, Receiptnotes): Object: 'Object Repository/FDR-Receipt/FDR-Receipt-Header/View/buttonNext' is clicked on

2020-09-08 11:33:54 - [MESSAGE][INFO] - Unable to find the element located by 'By.xpath: //*[@data-id='button-link']//*[contains(text(),'Create New Voucher')]'. Please recheck the objects properties to make sure the desired element is located. 

2020-09-08 11:33:54 - [MESSAGE][WARNING] - Object 'Object Repository/FDR-Dashboard/createNewVoucherButton' is not present after 4 second(s)

2020-09-08 11:33:54 - [MESSAGE][PASSED] - Object 'Object Repository/FDR-Receipt/FDR-Receipt-Dashboard/createNew_ReceiptBatch_Button' is present

2020-09-08 11:33:54 - [MESSAGE][PASSED] - Object: 'Object Repository/FDR-Receipt/FDR-Receipt-Dashboard/createNew_ReceiptBatch_Button' is clicked on

2020-09-08 11:33:55 - [MESSAGE][PASSED] - Object 'Object Repository/FDR-Receipt/FDR-Receipt-Header/View/inputDrawDate' is present

2020-09-08 11:33:56 - [MESSAGE][PASSED] - Text '09/28/2020' is set on object 'Object Repository/FDR-Receipt/FDR-Receipt-Header/View/inputDrawDate'

2020-09-08 11:33:57 - [MESSAGE][PASSED] - Keys 'TAB + ENTER + ENTER + ' sent to object: 'Object Repository/FDR-Receipt/FDR-Receipt-Header/View/inputDrawDate'

2020-09-08 11:33:57 - [MESSAGE][PASSED] - Object 'Object Repository/FDR-Receipt/FDR-Receipt-Header/Edit/payDate' is present

2020-09-08 11:33:58 - [MESSAGE][PASSED] - Text '09/30/2020' is set on object 'Object Repository/FDR-Receipt/FDR-Receipt-Header/Edit/payDate'

2020-09-08 11:33:59 - [MESSAGE][PASSED] - Object 'Object Repository/FDR-Receipt/FDR-Receipt-Header/View/deposit ID' is present

2020-09-08 11:34:00 - [MESSAGE][PASSED] - Text '4480468' is set on object 'Object Repository/FDR-Receipt/FDR-Receipt-Header/View/deposit ID'

2020-09-08 11:34:00 - [MESSAGE][PASSED] - Object 'Object Repository/FDR-Receipt/FDR-ReceiptBatch/receiptNotes' is present

2020-09-08 11:34:01 - [MESSAGE][PASSED] - Text 'rqewrq' is set on object 'Object Repository/FDR-Receipt/FDR-ReceiptBatch/receiptNotes'

2020-09-08 11:34:02 - [MESSAGE][PASSED] - Object 'Object Repository/FDR-Receipt/FDR-Receipt-Header/Edit/remmitanceAdviceInput' is present

2020-09-08 11:34:02 - [MESSAGE][PASSED] - Keys '' sent to object: 'Object Repository/FDR-Receipt/FDR-Receipt-Header/Edit/remmitanceAdviceInput'

2020-09-08 11:34:03 - [MESSAGE][PASSED] - Object 'Object Repository/FDR-Receipt/FDR-Receipt-Header/Edit/controllerReceiptInput' is present

2020-09-08 11:34:03 - [MESSAGE][PASSED] - Keys '' sent to object: 'Object Repository/FDR-Receipt/FDR-Receipt-Header/Edit/controllerReceiptInput'

2020-09-08 11:34:03 - [MESSAGE][PASSED] - Object 'Object Repository/FDR-Receipt/FDR-Receipt-Header/View/buttonNext' is present

2020-09-08 11:34:04 - [MESSAGE][PASSED] - Object: 'Object Repository/FDR-Receipt/FDR-Receipt-Header/View/buttonNext' is clicked on

2020-09-08 11:34:04 - [TEST_STEP][PASSED] - waitForElementPresent(findTestObject("FDR-Receipt/FDR-Receipt-Header/Edit/Mose_over"), 2): Object 'Object Repository/FDR-Receipt/FDR-Receipt-Header/Edit/Mose_over' is present

2020-09-08 11:34:05 - [MESSAGE][PASSED] - Object 'Object Repository/FDR-Receipt/FDR-Receipt-Header/Edit/Mose_over' is present

2020-09-08 11:34:05 - [TEST_STEP][PASSED] - click(findTestObject("FDR-Receipt/FDR-Receipt-Header/Edit/Mose_over")): Object: 'Object Repository/FDR-Receipt/FDR-Receipt-Header/Edit/Mose_over' is clicked on

2020-09-08 11:34:05 - [MESSAGE][PASSED] - Object: 'Object Repository/FDR-Receipt/FDR-Receipt-Header/Edit/Mose_over' is clicked on

2020-09-08 11:34:05 - [TEST_STEP][PASSED] - waitForElementPresent(findTestObject("FDR-Receipt/FDR-Receipt-Header/Edit/3dots_icon"), 2): Object 'Object Repository/FDR-Receipt/FDR-Receipt-Header/Edit/3dots_icon' is present

2020-09-08 11:34:06 - [MESSAGE][PASSED] - Object 'Object Repository/FDR-Receipt/FDR-Receipt-Header/Edit/3dots_icon' is present

2020-09-08 11:34:06 - [TEST_STEP][PASSED] - click(findTestObject("FDR-Receipt/FDR-Receipt-Header/Edit/3dots_icon"), STOP_ON_FAILURE): Object: 'Object Repository/FDR-Receipt/FDR-Receipt-Header/Edit/3dots_icon' is clicked on

2020-09-08 11:34:06 - [MESSAGE][PASSED] - Object: 'Object Repository/FDR-Receipt/FDR-Receipt-Header/Edit/3dots_icon' is clicked on

2020-09-08 11:34:06 - [TEST_STEP][PASSED] - click(findTestObject("FDR-Receipt/FDR-Receipt-Header/Edit/edit-Icon"), STOP_ON_FAILURE): Object: 'Object Repository/FDR-Receipt/FDR-Receipt-Header/Edit/edit-Icon' is clicked on

2020-09-08 11:34:07 - [MESSAGE][PASSED] - Object: 'Object Repository/FDR-Receipt/FDR-Receipt-Header/Edit/edit-Icon' is clicked on

2020-09-08 11:34:07 - [TEST_STEP][PASSED] - waitForElementPresent(findTestObject("FDR-Receipt/FDR-Receipt-Header/Edit/payDate"), 10): Object 'Object Repository/FDR-Receipt/FDR-Receipt-Header/Edit/payDate' is present

2020-09-08 11:34:07 - [MESSAGE][PASSED] - Object 'Object Repository/FDR-Receipt/FDR-Receipt-Header/Edit/payDate' is present

2020-09-08 11:34:07 - [TEST_STEP][PASSED] - sendKeys(findTestObject("FDR-Receipt/FDR-Receipt-Header/Edit/payDate"), Keys.chord(TAB, TAB)): Keys 'TAB + TAB + ' sent to object: 'Object Repository/FDR-Receipt/FDR-Receipt-Header/Edit/payDate'

2020-09-08 11:34:07 - [MESSAGE][PASSED] - Keys 'TAB + TAB + ' sent to object: 'Object Repository/FDR-Receipt/FDR-Receipt-Header/Edit/payDate'

2020-09-08 11:34:07 - [TEST_STEP][PASSED] - waitForElementPresent(findTestObject("FDR-Receipt/FDR-Receipt-Header/Edit/deposit_ID"), 5): Object 'Object Repository/FDR-Receipt/FDR-Receipt-Header/Edit/deposit_ID' is present

2020-09-08 11:34:08 - [MESSAGE][PASSED] - Object 'Object Repository/FDR-Receipt/FDR-Receipt-Header/Edit/deposit_ID' is present

2020-09-08 11:34:08 - [TEST_STEP][PASSED] - sendKeys(findTestObject("FDR-Receipt/FDR-Receipt-Header/Edit/deposit_ID"), Keys.chord(DELETE)): Keys 'DELETE + ' sent to object: 'Object Repository/FDR-Receipt/FDR-Receipt-Header/Edit/deposit_ID'

2020-09-08 11:34:09 - [MESSAGE][PASSED] - Keys 'DELETE + ' sent to object: 'Object Repository/FDR-Receipt/FDR-Receipt-Header/Edit/deposit_ID'

2020-09-08 11:34:09 - [TEST_STEP][PASSED] - sendKeys(findTestObject("FDR-Receipt/FDR-Receipt-Header/Edit/deposit_ID"), newDepositId2 + Keys.chord(TAB)): Keys 'TAB + 5322780' sent to object: 'Object Repository/FDR-Receipt/FDR-Receipt-Header/Edit/deposit_ID'

2020-09-08 11:34:09 - [MESSAGE][PASSED] - Keys 'TAB + 5322780' sent to object: 'Object Repository/FDR-Receipt/FDR-Receipt-Header/Edit/deposit_ID'

2020-09-08 11:34:09 - [TEST_STEP][PASSED] - waitForElementPresent(findTestObject("FDR-Receipt/FDR-Receipt-Header/Edit/receipt_Notes"), 5): Object 'Object Repository/FDR-Receipt/FDR-Receipt-Header/Edit/receipt_Notes' is present

2020-09-08 11:34:10 - [MESSAGE][PASSED] - Object 'Object Repository/FDR-Receipt/FDR-Receipt-Header/Edit/receipt_Notes' is present

2020-09-08 11:34:10 - [TEST_STEP][PASSED] - sendKeys(findTestObject("FDR-Receipt/FDR-Receipt-Header/Edit/receipt_Notes"), Keys.chord(DELETE)): Keys 'DELETE + ' sent to object: 'Object Repository/FDR-Receipt/FDR-Receipt-Header/Edit/receipt_Notes'

2020-09-08 11:34:10 - [MESSAGE][PASSED] - Keys 'DELETE + ' sent to object: 'Object Repository/FDR-Receipt/FDR-Receipt-Header/Edit/receipt_Notes'

2020-09-08 11:34:10 - [TEST_STEP][PASSED] - sendKeys(findTestObject("FDR-Receipt/FDR-Receipt-Header/Edit/receipt_Notes"), receiptnotes): Keys '123456' sent to object: 'Object Repository/FDR-Receipt/FDR-Receipt-Header/Edit/receipt_Notes'

2020-09-08 11:34:11 - [MESSAGE][PASSED] - Keys '123456' sent to object: 'Object Repository/FDR-Receipt/FDR-Receipt-Header/Edit/receipt_Notes'

2020-09-08 11:34:11 - [TEST_STEP][PASSED] - sendKeys(findTestObject("FDR-Receipt/FDR-Receipt-Header/Edit/receipt_Notes"), Keys.chord(TAB)): Keys 'TAB + ' sent to object: 'Object Repository/FDR-Receipt/FDR-Receipt-Header/Edit/receipt_Notes'

2020-09-08 11:34:11 - [MESSAGE][PASSED] - Keys 'TAB + ' sent to object: 'Object Repository/FDR-Receipt/FDR-Receipt-Header/Edit/receipt_Notes'

2020-09-08 11:34:11 - [TEST_STEP][PASSED] - waitForElementPresent(findTestObject("FDR-Receipt/FDR-Receipt-Header/Edit/next_Button"), 10): Object 'Object Repository/FDR-Receipt/FDR-Receipt-Header/Edit/next_Button' is present

2020-09-08 11:34:12 - [MESSAGE][PASSED] - Object 'Object Repository/FDR-Receipt/FDR-Receipt-Header/Edit/next_Button' is present

2020-09-08 11:34:12 - [TEST_STEP][PASSED] - click(findTestObject("FDR-Receipt/FDR-Receipt-Header/Edit/next_Button")): Object: 'Object Repository/FDR-Receipt/FDR-Receipt-Header/Edit/next_Button' is clicked on

2020-09-08 11:34:12 - [MESSAGE][PASSED] - Object: 'Object Repository/FDR-Receipt/FDR-Receipt-Header/Edit/next_Button' is clicked on

2020-09-08 11:34:12 - [TEST_STEP][PASSED] - waitForElementPresent(findTestObject("FDR-Receipt/FDR-Receipt-Header/Edit/Mose_over"), 2): Object 'Object Repository/FDR-Receipt/FDR-Receipt-Header/Edit/Mose_over' is present

2020-09-08 11:34:13 - [MESSAGE][PASSED] - Object 'Object Repository/FDR-Receipt/FDR-Receipt-Header/Edit/Mose_over' is present

2020-09-08 11:34:13 - [TEST_STEP][PASSED] - click(findTestObject("FDR-Receipt/FDR-Receipt-Header/Edit/Mose_over")): Object: 'Object Repository/FDR-Receipt/FDR-Receipt-Header/Edit/Mose_over' is clicked on

2020-09-08 11:34:13 - [MESSAGE][PASSED] - Object: 'Object Repository/FDR-Receipt/FDR-Receipt-Header/Edit/Mose_over' is clicked on

2020-09-08 11:34:13 - [TEST_STEP][PASSED] - waitForElementPresent(findTestObject("FDR-Receipt/FDR-Receipt-Header/View/depositId"), 2): Object 'Object Repository/FDR-Receipt/FDR-Receipt-Header/View/depositId' is present

2020-09-08 11:34:14 - [MESSAGE][PASSED] - Object 'Object Repository/FDR-Receipt/FDR-Receipt-Header/View/depositId' is present

2020-09-08 11:34:14 - [TEST_STEP][PASSED] - if (getText(findTestObject("FDR-Receipt/FDR-Receipt-Header/View/depositId")) == newDepositId2.toString()): Text of object 'Object Repository/FDR-Receipt/FDR-Receipt-Header/View/depositId' is: '4480468'

2020-09-08 11:34:14 - [MESSAGE][PASSED] - Text of object 'Object Repository/FDR-Receipt/FDR-Receipt-Header/View/depositId' is: '4480468'

2020-09-08 11:34:14 - [TEST_STEP][PASSED] - else: null

2020-09-08 11:34:14 - [TEST_STEP][PASSED] - OPTIONAL: null

2020-09-08 11:34:14 - [TEST_STEP][PASSED] - waitForElementPresent(findTestObject("FDR-Receipt/FDR-Receipt-Header/View/receiptsNotes"), 2): Object 'Object Repository/FDR-Receipt/FDR-Receipt-Header/View/receiptsNotes' is present

2020-09-08 11:34:14 - [MESSAGE][PASSED] - Object 'Object Repository/FDR-Receipt/FDR-Receipt-Header/View/receiptsNotes' is present

2020-09-08 11:34:14 - [TEST_STEP][PASSED] - if (getText(findTestObject("FDR-Receipt/FDR-Receipt-Header/View/receiptsNotes")) == receiptnotes): Text of object 'Object Repository/FDR-Receipt/FDR-Receipt-Header/View/receiptsNotes' is: 'rqewrq'

2020-09-08 11:34:15 - [MESSAGE][PASSED] - Text of object 'Object Repository/FDR-Receipt/FDR-Receipt-Header/View/receiptsNotes' is: 'rqewrq'

2020-09-08 11:34:15 - [TEST_STEP][PASSED] - else: null

2020-09-08 11:34:15 - [TEST_STEP][PASSED] - OPTIONAL: null

2020-09-08 11:34:15 - [TEST_STEP][PASSED] - closeBrowser(CONTINUE_ON_FAILURE): Browser is closed

2020-09-08 11:34:15 - [MESSAGE][PASSED] - Browser is closed

2020-09-08 11:34:15 - [TEST_STEP][PASSED] - Start listener action : sampleAfterTestCase: Browser is closed

2020-09-08 11:34:15 - [TEST_STEP][PASSED] - profileName = getExecutionProfile(): null

2020-09-08 11:34:15 - [TEST_STEP][PASSED] - switch (profileName): null

2020-09-08 11:34:15 - [TEST_STEP][PASSED] - if (!(skipBeforeAndAfterTestCase)): Browser is closed

2020-09-08 11:34:15 - [TEST_STEP][PASSED] - Uifunctions.logoutFDR(): Browser is closed

2020-09-08 11:34:15 - [MESSAGE][PASSED] - Browser is closed

2020-09-08 11:34:15 - [TEST_STEP][PASSED] - Start listener action : afterTestCase: null

2020-09-08 11:34:15 - [TEST_STEP][PASSED] - profileName = getExecutionProfile(): null

2020-09-08 11:34:15 - [TEST_STEP][PASSED] - if (profileName.equalsIgnoreCase("SysAdmin")): null

2020-09-08 11:34:15 - [TEST_STEP][PASSED] - Start listener action : sampleAfterTestCase: null

2020-09-08 11:34:15 - [TEST_STEP][PASSED] - profileName = getExecutionProfile(): null

2020-09-08 11:34:15 - [TEST_STEP][PASSED] - switch (profileName): null

2020-09-08 11:34:15 - [TEST_STEP][PASSED] - Default: null

2020-09-08 11:34:15 - [TEST_STEP][PASSED] - return null: null

2020-09-08 11:34:15 - [TEST_STEP][PASSED] - Start listener action : addFailedTCToList: null]]></system-out>
         <system-err><![CDATA[]]></system-err>
      </testcase>
      <testcase name="Test Cases/WEB-UI-TESTS/Receipt/FDR-Create-Receipt-CheckLine" time="42.383" classname="Test Cases/WEB-UI-TESTS/Receipt/FDR-Create-Receipt-CheckLine" status="PASSED">
         <system-out><![CDATA[2020-09-08 11:34:15 - [TEST_CASE][PASSED] - Test Cases/WEB-UI-TESTS/Receipt/FDR-Create-Receipt-CheckLine: Test Cases/WEB-UI-TESTS/Receipt/FDR-Create-Receipt-CheckLine

2020-09-08 11:34:15 - [TEST_STEP][PASSED] - Start listener action : sampleBeforeTestCase: Navigate to 'https://fdr-katalon.cammis-mod-dev.dhcs.ca.gov' successfully

2020-09-08 11:34:15 - [TEST_STEP][PASSED] - profileName = getExecutionProfile(): null

2020-09-08 11:34:15 - [TEST_STEP][PASSED] - switch (profileName): null

2020-09-08 11:34:15 - [TEST_STEP][PASSED] - testCaseId = testCaseContext.getTestCaseId(): null

2020-09-08 11:34:15 - [TEST_STEP][PASSED] - if (!(skipBeforeAndAfterTestCase)): Navigate to 'https://fdr-katalon.cammis-mod-dev.dhcs.ca.gov' successfully

2020-09-08 11:34:15 - [TEST_STEP][PASSED] - if (account7TestCases.contains(testCaseId)): null

2020-09-08 11:34:15 - [TEST_STEP][PASSED] - else if (account10TestCases.contains(testCaseId)): null

2020-09-08 11:34:15 - [TEST_STEP][PASSED] - else: Object: 'Object Repository/FDR-SignIn/SignInButton' is clicked on

2020-09-08 11:34:15 - [TEST_STEP][PASSED] - Uifunctions.loginFDR(accountsApprover, accountsApproverPwd): Object: 'Object Repository/FDR-SignIn/SignInButton' is clicked on

2020-09-08 11:34:15 - [MESSAGE][INFO] - Starting 'Chrome' driver

2020-09-08 11:34:15 - [MESSAGE][INFO] - Action delay is set to 0 milliseconds

2020-09-08 11:34:19 - [MESSAGE][PASSED] - Browser is opened with url: ''

2020-09-08 11:34:21 - [MESSAGE][PASSED] - Current window maximized

2020-09-08 11:34:22 - [MESSAGE][PASSED] - Navigate to 'https://fdr-katalon.cammis-mod-dev.dhcs.ca.gov' successfully

2020-09-08 11:34:24 - [MESSAGE][PASSED] - Object 'Object Repository/FDR-SignIn/SignInEmail' is present

2020-09-08 11:34:24 - [MESSAGE][PASSED] - Object: 'Object Repository/FDR-SignIn/SignInEmail' is clicked on

2020-09-08 11:34:24 - [MESSAGE][PASSED] - Object 'Object Repository/FDR-SignIn/SignInEmail' is present

2020-09-08 11:34:25 - [MESSAGE][PASSED] - Text 'fdr.test3@dhcs.ca.gov' is set on object 'Object Repository/FDR-SignIn/SignInEmail'

2020-09-08 11:34:25 - [MESSAGE][PASSED] - Object 'Object Repository/FDR-SignIn/SignInEmailNext' is visible

2020-09-08 11:34:25 - [MESSAGE][PASSED] - Object: 'Object Repository/FDR-SignIn/SignInEmailNext' is clicked on

2020-09-08 11:34:29 - [MESSAGE][PASSED] - Object 'Object Repository/FDR-SignIn/SignInEmailPassword' is visible

2020-09-08 11:34:29 - [MESSAGE][PASSED] - Object: 'Object Repository/FDR-SignIn/SignInEmailPassword' is clicked on

2020-09-08 11:34:30 - [MESSAGE][PASSED] - Text ****** has been set on object 'Object Repository/FDR-SignIn/SignInEmailPassword'

2020-09-08 11:34:31 - [MESSAGE][PASSED] - Object: 'Object Repository/FDR-SignIn/SignInButton' is clicked on

2020-09-08 11:34:31 - [TEST_STEP][PASSED] - navigateToUrl(URL): Navigate to 'https://fdr-katalon.cammis-mod-dev.dhcs.ca.gov' successfully

2020-09-08 11:34:32 - [MESSAGE][PASSED] - Navigate to 'https://fdr-katalon.cammis-mod-dev.dhcs.ca.gov' successfully

2020-09-08 11:34:32 - [TEST_STEP][PASSED] - Start listener action : beforeTestCase: null

2020-09-08 11:34:32 - [TEST_STEP][PASSED] - profileName = getExecutionProfile(): null

2020-09-08 11:34:32 - [TEST_STEP][PASSED] - if (profileName.equalsIgnoreCase("SysAdmin")): null

2020-09-08 11:34:32 - [TEST_STEP][PASSED] - Start listener action : sampleBeforeTestCase: null

2020-09-08 11:34:32 - [TEST_STEP][PASSED] - profileName = getExecutionProfile(): null

2020-09-08 11:34:32 - [TEST_STEP][PASSED] - testCaseId = testCaseContext.getTestCaseId(): null

2020-09-08 11:34:32 - [TEST_STEP][PASSED] - switch (profileName): null

2020-09-08 11:34:32 - [TEST_STEP][PASSED] - Default: null

2020-09-08 11:34:32 - [TEST_STEP][PASSED] - return null: null

2020-09-08 11:34:32 - [TEST_STEP][PASSED] - Start listener action : executeRows: null

2020-09-08 11:34:32 - [TEST_STEP][PASSED] - newDepositId = RandomStringUtils.randomNumeric(7): null

2020-09-08 11:34:32 - [TEST_STEP][PASSED] - editors.createReceipt(Drawdate, Paydate, newDepositId, Receiptnotes): Object: 'Object Repository/FDR-Receipt/FDR-Receipt-Header/View/buttonNext' is clicked on

2020-09-08 11:34:37 - [MESSAGE][INFO] - Unable to find the element located by 'By.xpath: //*[@data-id='button-link']//*[contains(text(),'Create New Voucher')]'. Please recheck the objects properties to make sure the desired element is located. 

2020-09-08 11:34:37 - [MESSAGE][WARNING] - Object 'Object Repository/FDR-Dashboard/createNewVoucherButton' is not present after 4 second(s)

2020-09-08 11:34:38 - [MESSAGE][PASSED] - Object 'Object Repository/FDR-Receipt/FDR-Receipt-Dashboard/createNew_ReceiptBatch_Button' is present

2020-09-08 11:34:38 - [MESSAGE][PASSED] - Object: 'Object Repository/FDR-Receipt/FDR-Receipt-Dashboard/createNew_ReceiptBatch_Button' is clicked on

2020-09-08 11:34:39 - [MESSAGE][PASSED] - Object 'Object Repository/FDR-Receipt/FDR-Receipt-Header/View/inputDrawDate' is present

2020-09-08 11:34:40 - [MESSAGE][PASSED] - Text '09/28/2020' is set on object 'Object Repository/FDR-Receipt/FDR-Receipt-Header/View/inputDrawDate'

2020-09-08 11:34:41 - [MESSAGE][PASSED] - Keys 'TAB + ENTER + ENTER + ' sent to object: 'Object Repository/FDR-Receipt/FDR-Receipt-Header/View/inputDrawDate'

2020-09-08 11:34:42 - [MESSAGE][PASSED] - Object 'Object Repository/FDR-Receipt/FDR-Receipt-Header/Edit/payDate' is present

2020-09-08 11:34:42 - [MESSAGE][PASSED] - Text '09/30/2020' is set on object 'Object Repository/FDR-Receipt/FDR-Receipt-Header/Edit/payDate'

2020-09-08 11:34:43 - [MESSAGE][PASSED] - Object 'Object Repository/FDR-Receipt/FDR-Receipt-Header/View/deposit ID' is present

2020-09-08 11:34:44 - [MESSAGE][PASSED] - Text '1311800' is set on object 'Object Repository/FDR-Receipt/FDR-Receipt-Header/View/deposit ID'

2020-09-08 11:34:44 - [MESSAGE][PASSED] - Object 'Object Repository/FDR-Receipt/FDR-ReceiptBatch/receiptNotes' is present

2020-09-08 11:34:45 - [MESSAGE][PASSED] - Text 'rqewrq' is set on object 'Object Repository/FDR-Receipt/FDR-ReceiptBatch/receiptNotes'

2020-09-08 11:34:46 - [MESSAGE][PASSED] - Object 'Object Repository/FDR-Receipt/FDR-Receipt-Header/Edit/remmitanceAdviceInput' is present

2020-09-08 11:34:46 - [MESSAGE][PASSED] - Keys '' sent to object: 'Object Repository/FDR-Receipt/FDR-Receipt-Header/Edit/remmitanceAdviceInput'

2020-09-08 11:34:46 - [MESSAGE][PASSED] - Object 'Object Repository/FDR-Receipt/FDR-Receipt-Header/Edit/controllerReceiptInput' is present

2020-09-08 11:34:47 - [MESSAGE][PASSED] - Keys '' sent to object: 'Object Repository/FDR-Receipt/FDR-Receipt-Header/Edit/controllerReceiptInput'

2020-09-08 11:34:47 - [MESSAGE][PASSED] - Object 'Object Repository/FDR-Receipt/FDR-Receipt-Header/View/buttonNext' is present

2020-09-08 11:34:48 - [MESSAGE][PASSED] - Object: 'Object Repository/FDR-Receipt/FDR-Receipt-Header/View/buttonNext' is clicked on

2020-09-08 11:34:48 - [TEST_STEP][PASSED] - editors.createReceiptline(ReceiptID, SupplierID, DepositDate): Object: 'Object Repository/FDR-Receipt/FDR-Receipt-Checkline/View/addReceipt_Button2' is clicked on

2020-09-08 11:34:48 - [MESSAGE][PASSED] - Object 'Object Repository/FDR-Receipt/FDR-Receipt-Checkline/View/receipt_ID' is present

2020-09-08 11:34:49 - [MESSAGE][PASSED] - Keys 'CHK10322' sent to object: 'Object Repository/FDR-Receipt/FDR-Receipt-Checkline/View/receipt_ID'

2020-09-08 11:34:49 - [MESSAGE][PASSED] - Object 'Object Repository/FDR-Receipt/FDR-Receipt-Checkline/View/supplier_Id' is present

2020-09-08 11:34:50 - [MESSAGE][PASSED] - Object: 'Object Repository/FDR-Receipt/FDR-Receipt-Checkline/View/supplier_Id' is clicked on

2020-09-08 11:34:50 - [MESSAGE][PASSED] - Keys '0000007954' sent to object: 'Object Repository/FDR-Receipt/FDR-Receipt-Checkline/View/supplier_Id'

2020-09-08 11:34:51 - [MESSAGE][PASSED] - Keys 'DOWN + ENTER + ' sent to object: 'Object Repository/FDR-Receipt/FDR-Receipt-Checkline/View/supplier_Id'

2020-09-08 11:34:51 - [MESSAGE][PASSED] - Object 'Object Repository/FDR-Receipt/FDR-Receipt-Checkline/View/deposit_Date' is present

2020-09-08 11:34:51 - [MESSAGE][PASSED] - Keys '02/24/2020' sent to object: 'Object Repository/FDR-Receipt/FDR-Receipt-Checkline/View/deposit_Date'

2020-09-08 11:34:57 - [MESSAGE][INFO] - Unable to find the element located by 'By.xpath: //*[@data-id='button-link']//*[contains(text(),'Create New Voucher')]'. Please recheck the objects properties to make sure the desired element is located. 

2020-09-08 11:34:57 - [MESSAGE][WARNING] - Object 'Object Repository/FDR-Dashboard/createNewVoucherButton' is not present after 4 second(s)

2020-09-08 11:34:57 - [MESSAGE][PASSED] - Object 'Object Repository/FDR-Receipt/FDR-Receipt-Checkline/View/addReceipt_Button2' is present

2020-09-08 11:34:57 - [MESSAGE][PASSED] - Object: 'Object Repository/FDR-Receipt/FDR-Receipt-Checkline/View/addReceipt_Button2' is clicked on

2020-09-08 11:34:57 - [TEST_STEP][PASSED] - Start listener action : sampleAfterTestCase: Browser is closed

2020-09-08 11:34:57 - [TEST_STEP][PASSED] - profileName = getExecutionProfile(): null

2020-09-08 11:34:57 - [TEST_STEP][PASSED] - switch (profileName): null

2020-09-08 11:34:57 - [TEST_STEP][PASSED] - if (!(skipBeforeAndAfterTestCase)): Browser is closed

2020-09-08 11:34:57 - [TEST_STEP][PASSED] - Uifunctions.logoutFDR(): Browser is closed

2020-09-08 11:34:58 - [MESSAGE][PASSED] - Browser is closed

2020-09-08 11:34:58 - [TEST_STEP][PASSED] - Start listener action : afterTestCase: null

2020-09-08 11:34:58 - [TEST_STEP][PASSED] - profileName = getExecutionProfile(): null

2020-09-08 11:34:58 - [TEST_STEP][PASSED] - if (profileName.equalsIgnoreCase("SysAdmin")): null

2020-09-08 11:34:58 - [TEST_STEP][PASSED] - Start listener action : sampleAfterTestCase: null

2020-09-08 11:34:58 - [TEST_STEP][PASSED] - profileName = getExecutionProfile(): null

2020-09-08 11:34:58 - [TEST_STEP][PASSED] - switch (profileName): null

2020-09-08 11:34:58 - [TEST_STEP][PASSED] - Default: null

2020-09-08 11:34:58 - [TEST_STEP][PASSED] - return null: null

2020-09-08 11:34:58 - [TEST_STEP][PASSED] - Start listener action : addFailedTCToList: null]]></system-out>
         <system-err><![CDATA[]]></system-err>
      </testcase>
      <testcase name="Test Cases/WEB-UI-TESTS/Receipt/FDR-Edit-Receipt_Line" time="51.169" classname="Test Cases/WEB-UI-TESTS/Receipt/FDR-Edit-Receipt_Line" status="PASSED">
         <system-out><![CDATA[2020-09-08 11:34:58 - [TEST_CASE][PASSED] - Test Cases/WEB-UI-TESTS/Receipt/FDR-Edit-Receipt_Line: Test Cases/WEB-UI-TESTS/Receipt/FDR-Edit-Receipt_Line

2020-09-08 11:34:58 - [TEST_STEP][PASSED] - Start listener action : sampleBeforeTestCase: Navigate to 'https://fdr-katalon.cammis-mod-dev.dhcs.ca.gov' successfully

2020-09-08 11:34:58 - [TEST_STEP][PASSED] - profileName = getExecutionProfile(): null

2020-09-08 11:34:58 - [TEST_STEP][PASSED] - switch (profileName): null

2020-09-08 11:34:58 - [TEST_STEP][PASSED] - testCaseId = testCaseContext.getTestCaseId(): null

2020-09-08 11:34:58 - [TEST_STEP][PASSED] - if (!(skipBeforeAndAfterTestCase)): Navigate to 'https://fdr-katalon.cammis-mod-dev.dhcs.ca.gov' successfully

2020-09-08 11:34:58 - [TEST_STEP][PASSED] - if (account7TestCases.contains(testCaseId)): null

2020-09-08 11:34:58 - [TEST_STEP][PASSED] - else if (account10TestCases.contains(testCaseId)): null

2020-09-08 11:34:58 - [TEST_STEP][PASSED] - else: Object: 'Object Repository/FDR-SignIn/SignInButton' is clicked on

2020-09-08 11:34:58 - [TEST_STEP][PASSED] - Uifunctions.loginFDR(accountsApprover, accountsApproverPwd): Object: 'Object Repository/FDR-SignIn/SignInButton' is clicked on

2020-09-08 11:34:58 - [MESSAGE][INFO] - Starting 'Chrome' driver

2020-09-08 11:34:58 - [MESSAGE][INFO] - Action delay is set to 0 milliseconds

2020-09-08 11:35:01 - [MESSAGE][PASSED] - Browser is opened with url: ''

2020-09-08 11:35:03 - [MESSAGE][PASSED] - Current window maximized

2020-09-08 11:35:05 - [MESSAGE][PASSED] - Navigate to 'https://fdr-katalon.cammis-mod-dev.dhcs.ca.gov' successfully

2020-09-08 11:35:06 - [MESSAGE][PASSED] - Object 'Object Repository/FDR-SignIn/SignInEmail' is present

2020-09-08 11:35:06 - [MESSAGE][PASSED] - Object: 'Object Repository/FDR-SignIn/SignInEmail' is clicked on

2020-09-08 11:35:07 - [MESSAGE][PASSED] - Object 'Object Repository/FDR-SignIn/SignInEmail' is present

2020-09-08 11:35:07 - [MESSAGE][PASSED] - Text 'fdr.test3@dhcs.ca.gov' is set on object 'Object Repository/FDR-SignIn/SignInEmail'

2020-09-08 11:35:07 - [MESSAGE][PASSED] - Object 'Object Repository/FDR-SignIn/SignInEmailNext' is visible

2020-09-08 11:35:08 - [MESSAGE][PASSED] - Object: 'Object Repository/FDR-SignIn/SignInEmailNext' is clicked on

2020-09-08 11:35:11 - [MESSAGE][PASSED] - Object 'Object Repository/FDR-SignIn/SignInEmailPassword' is visible

2020-09-08 11:35:11 - [MESSAGE][PASSED] - Object: 'Object Repository/FDR-SignIn/SignInEmailPassword' is clicked on

2020-09-08 11:35:11 - [MESSAGE][PASSED] - Text ****** has been set on object 'Object Repository/FDR-SignIn/SignInEmailPassword'

2020-09-08 11:35:13 - [MESSAGE][PASSED] - Object: 'Object Repository/FDR-SignIn/SignInButton' is clicked on

2020-09-08 11:35:13 - [TEST_STEP][PASSED] - navigateToUrl(URL): Navigate to 'https://fdr-katalon.cammis-mod-dev.dhcs.ca.gov' successfully

2020-09-08 11:35:14 - [MESSAGE][PASSED] - Navigate to 'https://fdr-katalon.cammis-mod-dev.dhcs.ca.gov' successfully

2020-09-08 11:35:14 - [TEST_STEP][PASSED] - Start listener action : beforeTestCase: null

2020-09-08 11:35:14 - [TEST_STEP][PASSED] - profileName = getExecutionProfile(): null

2020-09-08 11:35:14 - [TEST_STEP][PASSED] - if (profileName.equalsIgnoreCase("SysAdmin")): null

2020-09-08 11:35:14 - [TEST_STEP][PASSED] - Start listener action : sampleBeforeTestCase: null

2020-09-08 11:35:14 - [TEST_STEP][PASSED] - profileName = getExecutionProfile(): null

2020-09-08 11:35:14 - [TEST_STEP][PASSED] - testCaseId = testCaseContext.getTestCaseId(): null

2020-09-08 11:35:14 - [TEST_STEP][PASSED] - switch (profileName): null

2020-09-08 11:35:14 - [TEST_STEP][PASSED] - Default: null

2020-09-08 11:35:14 - [TEST_STEP][PASSED] - return null: null

2020-09-08 11:35:14 - [TEST_STEP][PASSED] - Start listener action : executeRows: null

2020-09-08 11:35:14 - [TEST_STEP][PASSED] - newDepositId = RandomStringUtils.randomNumeric(7): null

2020-09-08 11:35:14 - [TEST_STEP][PASSED] - editors.createReceipt(Drawdate, Paydate, newDepositId, Receiptnotes): Object: 'Object Repository/FDR-Receipt/FDR-Receipt-Header/View/buttonNext' is clicked on

2020-09-08 11:35:19 - [MESSAGE][INFO] - Unable to find the element located by 'By.xpath: //*[@data-id='button-link']//*[contains(text(),'Create New Voucher')]'. Please recheck the objects properties to make sure the desired element is located. 

2020-09-08 11:35:19 - [MESSAGE][WARNING] - Object 'Object Repository/FDR-Dashboard/createNewVoucherButton' is not present after 4 second(s)

2020-09-08 11:35:20 - [MESSAGE][PASSED] - Object 'Object Repository/FDR-Receipt/FDR-Receipt-Dashboard/createNew_ReceiptBatch_Button' is present

2020-09-08 11:35:20 - [MESSAGE][PASSED] - Object: 'Object Repository/FDR-Receipt/FDR-Receipt-Dashboard/createNew_ReceiptBatch_Button' is clicked on

2020-09-08 11:35:20 - [MESSAGE][PASSED] - Object 'Object Repository/FDR-Receipt/FDR-Receipt-Header/View/inputDrawDate' is present

2020-09-08 11:35:22 - [MESSAGE][PASSED] - Text '09/28/2020' is set on object 'Object Repository/FDR-Receipt/FDR-Receipt-Header/View/inputDrawDate'

2020-09-08 11:35:22 - [MESSAGE][PASSED] - Keys 'TAB + ENTER + ENTER + ' sent to object: 'Object Repository/FDR-Receipt/FDR-Receipt-Header/View/inputDrawDate'

2020-09-08 11:35:23 - [MESSAGE][PASSED] - Object 'Object Repository/FDR-Receipt/FDR-Receipt-Header/Edit/payDate' is present

2020-09-08 11:35:24 - [MESSAGE][PASSED] - Text '09/30/2020' is set on object 'Object Repository/FDR-Receipt/FDR-Receipt-Header/Edit/payDate'

2020-09-08 11:35:24 - [MESSAGE][PASSED] - Object 'Object Repository/FDR-Receipt/FDR-Receipt-Header/View/deposit ID' is present

2020-09-08 11:35:25 - [MESSAGE][PASSED] - Text '9837262' is set on object 'Object Repository/FDR-Receipt/FDR-Receipt-Header/View/deposit ID'

2020-09-08 11:35:26 - [MESSAGE][PASSED] - Object 'Object Repository/FDR-Receipt/FDR-ReceiptBatch/receiptNotes' is present

2020-09-08 11:35:27 - [MESSAGE][PASSED] - Text 'rqewrq' is set on object 'Object Repository/FDR-Receipt/FDR-ReceiptBatch/receiptNotes'

2020-09-08 11:35:27 - [MESSAGE][PASSED] - Object 'Object Repository/FDR-Receipt/FDR-Receipt-Header/Edit/remmitanceAdviceInput' is present

2020-09-08 11:35:27 - [MESSAGE][PASSED] - Keys '' sent to object: 'Object Repository/FDR-Receipt/FDR-Receipt-Header/Edit/remmitanceAdviceInput'

2020-09-08 11:35:28 - [MESSAGE][PASSED] - Object 'Object Repository/FDR-Receipt/FDR-Receipt-Header/Edit/controllerReceiptInput' is present

2020-09-08 11:35:28 - [MESSAGE][PASSED] - Keys '' sent to object: 'Object Repository/FDR-Receipt/FDR-Receipt-Header/Edit/controllerReceiptInput'

2020-09-08 11:35:29 - [MESSAGE][PASSED] - Object 'Object Repository/FDR-Receipt/FDR-Receipt-Header/View/buttonNext' is present

2020-09-08 11:35:29 - [MESSAGE][PASSED] - Object: 'Object Repository/FDR-Receipt/FDR-Receipt-Header/View/buttonNext' is clicked on

2020-09-08 11:35:29 - [TEST_STEP][PASSED] - editors.createReceiptline(ReceiptID, SupplierID, DepositDate): Object: 'Object Repository/FDR-Receipt/FDR-Receipt-Checkline/View/addReceipt_Button2' is clicked on

2020-09-08 11:35:30 - [MESSAGE][PASSED] - Object 'Object Repository/FDR-Receipt/FDR-Receipt-Checkline/View/receipt_ID' is present

2020-09-08 11:35:30 - [MESSAGE][PASSED] - Keys 'CHK10322' sent to object: 'Object Repository/FDR-Receipt/FDR-Receipt-Checkline/View/receipt_ID'

2020-09-08 11:35:31 - [MESSAGE][PASSED] - Object 'Object Repository/FDR-Receipt/FDR-Receipt-Checkline/View/supplier_Id' is present

2020-09-08 11:35:31 - [MESSAGE][PASSED] - Object: 'Object Repository/FDR-Receipt/FDR-Receipt-Checkline/View/supplier_Id' is clicked on

2020-09-08 11:35:32 - [MESSAGE][PASSED] - Keys '0000007954' sent to object: 'Object Repository/FDR-Receipt/FDR-Receipt-Checkline/View/supplier_Id'

2020-09-08 11:35:32 - [MESSAGE][PASSED] - Keys 'DOWN + ENTER + ' sent to object: 'Object Repository/FDR-Receipt/FDR-Receipt-Checkline/View/supplier_Id'

2020-09-08 11:35:33 - [MESSAGE][PASSED] - Object 'Object Repository/FDR-Receipt/FDR-Receipt-Checkline/View/deposit_Date' is present

2020-09-08 11:35:33 - [MESSAGE][PASSED] - Keys '02/24/2020' sent to object: 'Object Repository/FDR-Receipt/FDR-Receipt-Checkline/View/deposit_Date'

2020-09-08 11:35:38 - [MESSAGE][INFO] - Unable to find the element located by 'By.xpath: //*[@data-id='button-link']//*[contains(text(),'Create New Voucher')]'. Please recheck the objects properties to make sure the desired element is located. 

2020-09-08 11:35:38 - [MESSAGE][WARNING] - Object 'Object Repository/FDR-Dashboard/createNewVoucherButton' is not present after 4 second(s)

2020-09-08 11:35:39 - [MESSAGE][PASSED] - Object 'Object Repository/FDR-Receipt/FDR-Receipt-Checkline/View/addReceipt_Button2' is present

2020-09-08 11:35:39 - [MESSAGE][PASSED] - Object: 'Object Repository/FDR-Receipt/FDR-Receipt-Checkline/View/addReceipt_Button2' is clicked on

2020-09-08 11:35:39 - [TEST_STEP][PASSED] - waitForElementPresent(findTestObject("FDR-Dashboard/createNewVoucherButton"), 4): Object 'Object Repository/FDR-Dashboard/createNewVoucherButton' is not present after 4 second(s)

2020-09-08 11:35:44 - [MESSAGE][INFO] - Unable to find the element located by 'By.xpath: //*[@data-id='button-link']//*[contains(text(),'Create New Voucher')]'. Please recheck the objects properties to make sure the desired element is located. 

2020-09-08 11:35:44 - [MESSAGE][WARNING] - Object 'Object Repository/FDR-Dashboard/createNewVoucherButton' is not present after 4 second(s)

2020-09-08 11:35:44 - [TEST_STEP][PASSED] - waitForElementPresent(findTestObject("FDR-Receipt/FDR-Receipt-Header/Edit/3dots_icon"), 4): Object 'Object Repository/FDR-Receipt/FDR-Receipt-Header/Edit/3dots_icon' is present

2020-09-08 11:35:44 - [MESSAGE][PASSED] - Object 'Object Repository/FDR-Receipt/FDR-Receipt-Header/Edit/3dots_icon' is present

2020-09-08 11:35:44 - [TEST_STEP][PASSED] - click(findTestObject("FDR-Receipt/FDR-Receipt-Checkline/Edit/3dots_Icon")): Object: 'Object Repository/FDR-Receipt/FDR-Receipt-Checkline/Edit/3dots_Icon' is clicked on

2020-09-08 11:35:45 - [MESSAGE][PASSED] - Object: 'Object Repository/FDR-Receipt/FDR-Receipt-Checkline/Edit/3dots_Icon' is clicked on

2020-09-08 11:35:45 - [TEST_STEP][PASSED] - click(findTestObject("FDR-Receipt/FDR-Receipt-Checkline/Edit/li_Edit")): Object: 'Object Repository/FDR-Receipt/FDR-Receipt-Checkline/Edit/li_Edit' is clicked on

2020-09-08 11:35:45 - [MESSAGE][PASSED] - Object: 'Object Repository/FDR-Receipt/FDR-Receipt-Checkline/Edit/li_Edit' is clicked on

2020-09-08 11:35:45 - [TEST_STEP][PASSED] - waitForElementPresent(findTestObject("FDR-Receipt/FDR-Receipt-Checkline/View/receipt_ID"), 10): Object 'Object Repository/FDR-Receipt/FDR-Receipt-Checkline/View/receipt_ID' is present

2020-09-08 11:35:46 - [MESSAGE][PASSED] - Object 'Object Repository/FDR-Receipt/FDR-Receipt-Checkline/View/receipt_ID' is present

2020-09-08 11:35:46 - [TEST_STEP][PASSED] - click(findTestObject("FDR-Receipt/FDR-Receipt-Checkline/View/receipt_ID")): Object: 'Object Repository/FDR-Receipt/FDR-Receipt-Checkline/View/receipt_ID' is clicked on

2020-09-08 11:35:46 - [MESSAGE][PASSED] - Object: 'Object Repository/FDR-Receipt/FDR-Receipt-Checkline/View/receipt_ID' is clicked on

2020-09-08 11:35:46 - [TEST_STEP][PASSED] - Uifunctions.clearElementText(findTestObject("FDR-Receipt/FDR-Receipt-Checkline/View/receipt_ID")): Execute JavaScript 'arguments[0].value='';' successfully

2020-09-08 11:35:46 - [MESSAGE][PASSED] - Execute JavaScript 'arguments[0].value='';' successfully

2020-09-08 11:35:46 - [TEST_STEP][PASSED] - elementri = findWebElement(findTestObject("FDR-Receipt/FDR-Receipt-Checkline/View/receipt_ID"), 30): null

2020-09-08 11:35:46 - [TEST_STEP][PASSED] - elementri.clear(): null

2020-09-08 11:35:46 - [TEST_STEP][PASSED] - sendKeys(findTestObject("FDR-Receipt/FDR-Receipt-Checkline/View/receipt_ID"), ReceiptId): Keys 'CHK10322' sent to object: 'Object Repository/FDR-Receipt/FDR-Receipt-Checkline/View/receipt_ID'

2020-09-08 11:35:47 - [MESSAGE][PASSED] - Keys 'CHK10322' sent to object: 'Object Repository/FDR-Receipt/FDR-Receipt-Checkline/View/receipt_ID'

2020-09-08 11:35:47 - [TEST_STEP][PASSED] - waitForElementPresent(findTestObject("FDR-Receipt/FDR-Receipt-Checkline/Edit/button_Save"), 30): Object 'Object Repository/FDR-Receipt/FDR-Receipt-Checkline/Edit/button_Save' is present

2020-09-08 11:35:47 - [MESSAGE][PASSED] - Object 'Object Repository/FDR-Receipt/FDR-Receipt-Checkline/Edit/button_Save' is present

2020-09-08 11:35:47 - [TEST_STEP][PASSED] - click(findTestObject("FDR-Receipt/FDR-Receipt-Checkline/Edit/button_Save")): Object: 'Object Repository/FDR-Receipt/FDR-Receipt-Checkline/Edit/button_Save' is clicked on

2020-09-08 11:35:48 - [MESSAGE][PASSED] - Object: 'Object Repository/FDR-Receipt/FDR-Receipt-Checkline/Edit/button_Save' is clicked on

2020-09-08 11:35:48 - [TEST_STEP][PASSED] - if (getText(findTestObject("FDR-Receipt/FDR-Receipt-Checkline/View/receiptId_Added")) == findTestData("Receipt/FDR-EditCheckLineTestData").getValue(1, 1)): ReceiptId updated successfully

2020-09-08 11:35:48 - [MESSAGE][PASSED] - Text of object 'Object Repository/FDR-Receipt/FDR-Receipt-Checkline/View/receiptId_Added' is: 'CHK10322'

2020-09-08 11:35:48 - [TEST_STEP][PASSED] - markPassed("ReceiptId updated successfully"): ReceiptId updated successfully

2020-09-08 11:35:48 - [MESSAGE][PASSED] - ReceiptId updated successfully

2020-09-08 11:35:48 - [TEST_STEP][PASSED] - Start listener action : sampleAfterTestCase: Browser is closed

2020-09-08 11:35:48 - [TEST_STEP][PASSED] - profileName = getExecutionProfile(): null

2020-09-08 11:35:48 - [TEST_STEP][PASSED] - switch (profileName): null

2020-09-08 11:35:48 - [TEST_STEP][PASSED] - if (!(skipBeforeAndAfterTestCase)): Browser is closed

2020-09-08 11:35:48 - [TEST_STEP][PASSED] - Uifunctions.logoutFDR(): Browser is closed

2020-09-08 11:35:49 - [MESSAGE][PASSED] - Browser is closed

2020-09-08 11:35:49 - [TEST_STEP][PASSED] - Start listener action : afterTestCase: null

2020-09-08 11:35:49 - [TEST_STEP][PASSED] - profileName = getExecutionProfile(): null

2020-09-08 11:35:49 - [TEST_STEP][PASSED] - if (profileName.equalsIgnoreCase("SysAdmin")): null

2020-09-08 11:35:49 - [TEST_STEP][PASSED] - Start listener action : sampleAfterTestCase: null

2020-09-08 11:35:49 - [TEST_STEP][PASSED] - profileName = getExecutionProfile(): null

2020-09-08 11:35:49 - [TEST_STEP][PASSED] - switch (profileName): null

2020-09-08 11:35:49 - [TEST_STEP][PASSED] - Default: null

2020-09-08 11:35:49 - [TEST_STEP][PASSED] - return null: null

2020-09-08 11:35:49 - [TEST_STEP][PASSED] - Start listener action : addFailedTCToList: null]]></system-out>
         <system-err><![CDATA[]]></system-err>
      </testcase>
      <testcase name="Test Cases/WEB-UI-TESTS/Receipt/FDR-Delete-Undo-Receipt-Header" time="49.122" classname="Test Cases/WEB-UI-TESTS/Receipt/FDR-Delete-Undo-Receipt-Header" status="PASSED">
         <system-out><![CDATA[2020-09-08 11:35:49 - [TEST_CASE][PASSED] - Test Cases/WEB-UI-TESTS/Receipt/FDR-Delete-Undo-Receipt-Header: Test Cases/WEB-UI-TESTS/Receipt/FDR-Delete-Undo-Receipt-Header

2020-09-08 11:35:49 - [TEST_STEP][PASSED] - Start listener action : sampleBeforeTestCase: Navigate to 'https://fdr-katalon.cammis-mod-dev.dhcs.ca.gov' successfully

2020-09-08 11:35:49 - [TEST_STEP][PASSED] - profileName = getExecutionProfile(): null

2020-09-08 11:35:49 - [TEST_STEP][PASSED] - switch (profileName): null

2020-09-08 11:35:49 - [TEST_STEP][PASSED] - testCaseId = testCaseContext.getTestCaseId(): null

2020-09-08 11:35:49 - [TEST_STEP][PASSED] - if (!(skipBeforeAndAfterTestCase)): Navigate to 'https://fdr-katalon.cammis-mod-dev.dhcs.ca.gov' successfully

2020-09-08 11:35:49 - [TEST_STEP][PASSED] - if (account7TestCases.contains(testCaseId)): Object: 'Object Repository/FDR-SignIn/SignInButton' is clicked on

2020-09-08 11:35:49 - [TEST_STEP][PASSED] - Uifunctions.loginFDR(accountsAdmin, accountsAdminPwd): Object: 'Object Repository/FDR-SignIn/SignInButton' is clicked on

2020-09-08 11:35:49 - [MESSAGE][INFO] - Starting 'Chrome' driver

2020-09-08 11:35:49 - [MESSAGE][INFO] - Action delay is set to 0 milliseconds

2020-09-08 11:35:52 - [MESSAGE][PASSED] - Browser is opened with url: ''

2020-09-08 11:35:54 - [MESSAGE][PASSED] - Current window maximized

2020-09-08 11:35:56 - [MESSAGE][PASSED] - Navigate to 'https://fdr-katalon.cammis-mod-dev.dhcs.ca.gov' successfully

2020-09-08 11:35:57 - [MESSAGE][PASSED] - Object 'Object Repository/FDR-SignIn/SignInEmail' is present

2020-09-08 11:35:57 - [MESSAGE][PASSED] - Object: 'Object Repository/FDR-SignIn/SignInEmail' is clicked on

2020-09-08 11:35:58 - [MESSAGE][PASSED] - Object 'Object Repository/FDR-SignIn/SignInEmail' is present

2020-09-08 11:35:58 - [MESSAGE][PASSED] - Text 'fdr.test4@dhcs.ca.gov' is set on object 'Object Repository/FDR-SignIn/SignInEmail'

2020-09-08 11:35:58 - [MESSAGE][PASSED] - Object 'Object Repository/FDR-SignIn/SignInEmailNext' is visible

2020-09-08 11:35:59 - [MESSAGE][PASSED] - Object: 'Object Repository/FDR-SignIn/SignInEmailNext' is clicked on

2020-09-08 11:36:02 - [MESSAGE][PASSED] - Object 'Object Repository/FDR-SignIn/SignInEmailPassword' is visible

2020-09-08 11:36:02 - [MESSAGE][PASSED] - Object: 'Object Repository/FDR-SignIn/SignInEmailPassword' is clicked on

2020-09-08 11:36:03 - [MESSAGE][PASSED] - Text ****** has been set on object 'Object Repository/FDR-SignIn/SignInEmailPassword'

2020-09-08 11:36:04 - [MESSAGE][PASSED] - Object: 'Object Repository/FDR-SignIn/SignInButton' is clicked on

2020-09-08 11:36:04 - [TEST_STEP][PASSED] - navigateToUrl(URL): Navigate to 'https://fdr-katalon.cammis-mod-dev.dhcs.ca.gov' successfully

2020-09-08 11:36:05 - [MESSAGE][PASSED] - Navigate to 'https://fdr-katalon.cammis-mod-dev.dhcs.ca.gov' successfully

2020-09-08 11:36:05 - [TEST_STEP][PASSED] - Start listener action : beforeTestCase: null

2020-09-08 11:36:05 - [TEST_STEP][PASSED] - profileName = getExecutionProfile(): null

2020-09-08 11:36:05 - [TEST_STEP][PASSED] - if (profileName.equalsIgnoreCase("SysAdmin")): null

2020-09-08 11:36:05 - [TEST_STEP][PASSED] - Start listener action : sampleBeforeTestCase: null

2020-09-08 11:36:05 - [TEST_STEP][PASSED] - profileName = getExecutionProfile(): null

2020-09-08 11:36:05 - [TEST_STEP][PASSED] - testCaseId = testCaseContext.getTestCaseId(): null

2020-09-08 11:36:05 - [TEST_STEP][PASSED] - switch (profileName): null

2020-09-08 11:36:05 - [TEST_STEP][PASSED] - Default: null

2020-09-08 11:36:05 - [TEST_STEP][PASSED] - return null: null

2020-09-08 11:36:05 - [TEST_STEP][PASSED] - Start listener action : executeRows: null

2020-09-08 11:36:05 - [TEST_STEP][PASSED] - newDepositId = RandomStringUtils.randomNumeric(7): null

2020-09-08 11:36:05 - [TEST_STEP][PASSED] - editors.createReceipt(Drawdate, Paydate, newDepositId, Receiptnotes): Object: 'Object Repository/FDR-Receipt/FDR-Receipt-Header/View/buttonNext' is clicked on

2020-09-08 11:36:10 - [MESSAGE][INFO] - Unable to find the element located by 'By.xpath: //*[@data-id='button-link']//*[contains(text(),'Create New Voucher')]'. Please recheck the objects properties to make sure the desired element is located. 

2020-09-08 11:36:10 - [MESSAGE][WARNING] - Object 'Object Repository/FDR-Dashboard/createNewVoucherButton' is not present after 4 second(s)

2020-09-08 11:36:11 - [MESSAGE][PASSED] - Object 'Object Repository/FDR-Receipt/FDR-Receipt-Dashboard/createNew_ReceiptBatch_Button' is present

2020-09-08 11:36:11 - [MESSAGE][PASSED] - Object: 'Object Repository/FDR-Receipt/FDR-Receipt-Dashboard/createNew_ReceiptBatch_Button' is clicked on

2020-09-08 11:36:12 - [MESSAGE][PASSED] - Object 'Object Repository/FDR-Receipt/FDR-Receipt-Header/View/inputDrawDate' is present

2020-09-08 11:36:13 - [MESSAGE][PASSED] - Text '09/28/2020' is set on object 'Object Repository/FDR-Receipt/FDR-Receipt-Header/View/inputDrawDate'

2020-09-08 11:36:13 - [MESSAGE][PASSED] - Keys 'TAB + ENTER + ENTER + ' sent to object: 'Object Repository/FDR-Receipt/FDR-Receipt-Header/View/inputDrawDate'

2020-09-08 11:36:14 - [MESSAGE][PASSED] - Object 'Object Repository/FDR-Receipt/FDR-Receipt-Header/Edit/payDate' is present

2020-09-08 11:36:15 - [MESSAGE][PASSED] - Text '09/30/2020' is set on object 'Object Repository/FDR-Receipt/FDR-Receipt-Header/Edit/payDate'

2020-09-08 11:36:15 - [MESSAGE][PASSED] - Object 'Object Repository/FDR-Receipt/FDR-Receipt-Header/View/deposit ID' is present

2020-09-08 11:36:16 - [MESSAGE][PASSED] - Text '4772690' is set on object 'Object Repository/FDR-Receipt/FDR-Receipt-Header/View/deposit ID'

2020-09-08 11:36:16 - [MESSAGE][PASSED] - Object 'Object Repository/FDR-Receipt/FDR-ReceiptBatch/receiptNotes' is present

2020-09-08 11:36:17 - [MESSAGE][PASSED] - Text 'rqewrq' is set on object 'Object Repository/FDR-Receipt/FDR-ReceiptBatch/receiptNotes'

2020-09-08 11:36:18 - [MESSAGE][PASSED] - Object 'Object Repository/FDR-Receipt/FDR-Receipt-Header/Edit/remmitanceAdviceInput' is present

2020-09-08 11:36:18 - [MESSAGE][PASSED] - Keys '' sent to object: 'Object Repository/FDR-Receipt/FDR-Receipt-Header/Edit/remmitanceAdviceInput'

2020-09-08 11:36:19 - [MESSAGE][PASSED] - Object 'Object Repository/FDR-Receipt/FDR-Receipt-Header/Edit/controllerReceiptInput' is present

2020-09-08 11:36:19 - [MESSAGE][PASSED] - Keys '' sent to object: 'Object Repository/FDR-Receipt/FDR-Receipt-Header/Edit/controllerReceiptInput'

2020-09-08 11:36:19 - [MESSAGE][PASSED] - Object 'Object Repository/FDR-Receipt/FDR-Receipt-Header/View/buttonNext' is present

2020-09-08 11:36:19 - [MESSAGE][PASSED] - Object: 'Object Repository/FDR-Receipt/FDR-Receipt-Header/View/buttonNext' is clicked on

2020-09-08 11:36:19 - [TEST_STEP][PASSED] - editors.createReceiptline(ReceiptID, SupplierID, DepositDate): Object: 'Object Repository/FDR-Receipt/FDR-Receipt-Checkline/View/addReceipt_Button2' is clicked on

2020-09-08 11:36:20 - [MESSAGE][PASSED] - Object 'Object Repository/FDR-Receipt/FDR-Receipt-Checkline/View/receipt_ID' is present

2020-09-08 11:36:21 - [MESSAGE][PASSED] - Keys 'CHK10322' sent to object: 'Object Repository/FDR-Receipt/FDR-Receipt-Checkline/View/receipt_ID'

2020-09-08 11:36:21 - [MESSAGE][PASSED] - Object 'Object Repository/FDR-Receipt/FDR-Receipt-Checkline/View/supplier_Id' is present

2020-09-08 11:36:22 - [MESSAGE][PASSED] - Object: 'Object Repository/FDR-Receipt/FDR-Receipt-Checkline/View/supplier_Id' is clicked on

2020-09-08 11:36:22 - [MESSAGE][PASSED] - Keys '0000007954' sent to object: 'Object Repository/FDR-Receipt/FDR-Receipt-Checkline/View/supplier_Id'

2020-09-08 11:36:23 - [MESSAGE][PASSED] - Keys 'DOWN + ENTER + ' sent to object: 'Object Repository/FDR-Receipt/FDR-Receipt-Checkline/View/supplier_Id'

2020-09-08 11:36:23 - [MESSAGE][PASSED] - Object 'Object Repository/FDR-Receipt/FDR-Receipt-Checkline/View/deposit_Date' is present

2020-09-08 11:36:24 - [MESSAGE][PASSED] - Keys '02/24/2020' sent to object: 'Object Repository/FDR-Receipt/FDR-Receipt-Checkline/View/deposit_Date'

2020-09-08 11:36:29 - [MESSAGE][INFO] - Unable to find the element located by 'By.xpath: //*[@data-id='button-link']//*[contains(text(),'Create New Voucher')]'. Please recheck the objects properties to make sure the desired element is located. 

2020-09-08 11:36:29 - [MESSAGE][WARNING] - Object 'Object Repository/FDR-Dashboard/createNewVoucherButton' is not present after 4 second(s)

2020-09-08 11:36:29 - [MESSAGE][PASSED] - Object 'Object Repository/FDR-Receipt/FDR-Receipt-Checkline/View/addReceipt_Button2' is present

2020-09-08 11:36:29 - [MESSAGE][PASSED] - Object: 'Object Repository/FDR-Receipt/FDR-Receipt-Checkline/View/addReceipt_Button2' is clicked on

2020-09-08 11:36:29 - [TEST_STEP][PASSED] - delay(2): Delayed 2 second(s)

2020-09-08 11:36:31 - [MESSAGE][PASSED] - Delayed 2 second(s)

2020-09-08 11:36:31 - [TEST_STEP][PASSED] - waitForElementPresent(findTestObject("FDR-Receipt/FDR-Receipt-Header/Delete/3dots_icon"), 2): Object 'Object Repository/FDR-Receipt/FDR-Receipt-Header/Delete/3dots_icon' is present

2020-09-08 11:36:32 - [MESSAGE][PASSED] - Object 'Object Repository/FDR-Receipt/FDR-Receipt-Header/Delete/3dots_icon' is present

2020-09-08 11:36:32 - [TEST_STEP][PASSED] - click(findTestObject("FDR-Receipt/FDR-Receipt-Header/Delete/3dots_icon")): Object: 'Object Repository/FDR-Receipt/FDR-Receipt-Header/Delete/3dots_icon' is clicked on

2020-09-08 11:36:32 - [MESSAGE][PASSED] - Object: 'Object Repository/FDR-Receipt/FDR-Receipt-Header/Delete/3dots_icon' is clicked on

2020-09-08 11:36:32 - [TEST_STEP][PASSED] - waitForElementPresent(findTestObject("FDR-Receipt/FDR-Receipt-Header/Delete/deleteHeader"), 2): Object 'Object Repository/FDR-Receipt/FDR-Receipt-Header/Delete/deleteHeader' is present

2020-09-08 11:36:33 - [MESSAGE][PASSED] - Object 'Object Repository/FDR-Receipt/FDR-Receipt-Header/Delete/deleteHeader' is present

2020-09-08 11:36:33 - [TEST_STEP][PASSED] - click(findTestObject("FDR-Receipt/FDR-Receipt-Header/Delete/deleteHeader")): Object: 'Object Repository/FDR-Receipt/FDR-Receipt-Header/Delete/deleteHeader' is clicked on

2020-09-08 11:36:33 - [MESSAGE][PASSED] - Object: 'Object Repository/FDR-Receipt/FDR-Receipt-Header/Delete/deleteHeader' is clicked on

2020-09-08 11:36:33 - [TEST_STEP][PASSED] - waitForElementPresent(findTestObject("FDR-Receipt/FDR-Receipt-Checkline/Delete/undoIcon"), 5): Object 'Object Repository/FDR-Receipt/FDR-Receipt-Checkline/Delete/undoIcon' is present

2020-09-08 11:36:34 - [MESSAGE][PASSED] - Object 'Object Repository/FDR-Receipt/FDR-Receipt-Checkline/Delete/undoIcon' is present

2020-09-08 11:36:34 - [TEST_STEP][PASSED] - click(findTestObject("FDR-Receipt/FDR-Receipt-Checkline/Delete/undoIcon")): Object: 'Object Repository/FDR-Receipt/FDR-Receipt-Checkline/Delete/undoIcon' is clicked on

2020-09-08 11:36:34 - [MESSAGE][PASSED] - Object: 'Object Repository/FDR-Receipt/FDR-Receipt-Checkline/Delete/undoIcon' is clicked on

2020-09-08 11:36:34 - [TEST_STEP][PASSED] - waitForElementPresent(findTestObject("FDR-Receipt/FDR-Receipt-Checkline/Delete/lineAttribute"), 2): Object 'Object Repository/FDR-Receipt/FDR-Receipt-Checkline/Delete/lineAttribute' is not present after 2 second(s)

2020-09-08 11:36:38 - [MESSAGE][INFO] - Unable to find the element located by 'By.xpath: (//*[@data-id="transaction-line-attribute"])[2]'. Please recheck the objects properties to make sure the desired element is located. 

2020-09-08 11:36:38 - [MESSAGE][WARNING] - Object 'Object Repository/FDR-Receipt/FDR-Receipt-Checkline/Delete/lineAttribute' is not present after 2 second(s)

2020-09-08 11:36:38 - [TEST_STEP][PASSED] - Start listener action : sampleAfterTestCase: Browser is closed

2020-09-08 11:36:38 - [TEST_STEP][PASSED] - profileName = getExecutionProfile(): null

2020-09-08 11:36:38 - [TEST_STEP][PASSED] - switch (profileName): null

2020-09-08 11:36:38 - [TEST_STEP][PASSED] - if (!(skipBeforeAndAfterTestCase)): Browser is closed

2020-09-08 11:36:38 - [TEST_STEP][PASSED] - Uifunctions.logoutFDR(): Browser is closed

2020-09-08 11:36:38 - [MESSAGE][PASSED] - Browser is closed

2020-09-08 11:36:38 - [TEST_STEP][PASSED] - Start listener action : afterTestCase: null

2020-09-08 11:36:38 - [TEST_STEP][PASSED] - profileName = getExecutionProfile(): null

2020-09-08 11:36:38 - [TEST_STEP][PASSED] - if (profileName.equalsIgnoreCase("SysAdmin")): null

2020-09-08 11:36:38 - [TEST_STEP][PASSED] - Start listener action : sampleAfterTestCase: null

2020-09-08 11:36:38 - [TEST_STEP][PASSED] - profileName = getExecutionProfile(): null

2020-09-08 11:36:38 - [TEST_STEP][PASSED] - switch (profileName): null

2020-09-08 11:36:38 - [TEST_STEP][PASSED] - Default: null

2020-09-08 11:36:38 - [TEST_STEP][PASSED] - return null: null

2020-09-08 11:36:38 - [TEST_STEP][PASSED] - Start listener action : addFailedTCToList: null]]></system-out>
         <system-err><![CDATA[]]></system-err>
      </testcase>
      <testcase name="Test Cases/WEB-UI-TESTS/Receipt/FDR-Review Receipt" time="40.652" classname="Test Cases/WEB-UI-TESTS/Receipt/FDR-Review Receipt" status="PASSED">
         <system-out><![CDATA[2020-09-08 11:36:38 - [TEST_CASE][PASSED] - Test Cases/WEB-UI-TESTS/Receipt/FDR-Review Receipt: Test Cases/WEB-UI-TESTS/Receipt/FDR-Review Receipt

2020-09-08 11:36:38 - [TEST_STEP][PASSED] - Start listener action : sampleBeforeTestCase: Navigate to 'https://fdr-katalon.cammis-mod-dev.dhcs.ca.gov' successfully

2020-09-08 11:36:38 - [TEST_STEP][PASSED] - profileName = getExecutionProfile(): null

2020-09-08 11:36:38 - [TEST_STEP][PASSED] - switch (profileName): null

2020-09-08 11:36:38 - [TEST_STEP][PASSED] - testCaseId = testCaseContext.getTestCaseId(): null

2020-09-08 11:36:38 - [TEST_STEP][PASSED] - if (!(skipBeforeAndAfterTestCase)): Navigate to 'https://fdr-katalon.cammis-mod-dev.dhcs.ca.gov' successfully

2020-09-08 11:36:38 - [TEST_STEP][PASSED] - if (account7TestCases.contains(testCaseId)): null

2020-09-08 11:36:38 - [TEST_STEP][PASSED] - else if (account10TestCases.contains(testCaseId)): null

2020-09-08 11:36:38 - [TEST_STEP][PASSED] - else: Object: 'Object Repository/FDR-SignIn/SignInButton' is clicked on

2020-09-08 11:36:38 - [TEST_STEP][PASSED] - Uifunctions.loginFDR(accountsApprover, accountsApproverPwd): Object: 'Object Repository/FDR-SignIn/SignInButton' is clicked on

2020-09-08 11:36:38 - [MESSAGE][INFO] - Starting 'Chrome' driver

2020-09-08 11:36:38 - [MESSAGE][INFO] - Action delay is set to 0 milliseconds

2020-09-08 11:36:41 - [MESSAGE][PASSED] - Browser is opened with url: ''

2020-09-08 11:36:43 - [MESSAGE][PASSED] - Current window maximized

2020-09-08 11:36:44 - [MESSAGE][PASSED] - Navigate to 'https://fdr-katalon.cammis-mod-dev.dhcs.ca.gov' successfully

2020-09-08 11:36:46 - [MESSAGE][PASSED] - Object 'Object Repository/FDR-SignIn/SignInEmail' is present

2020-09-08 11:36:46 - [MESSAGE][PASSED] - Object: 'Object Repository/FDR-SignIn/SignInEmail' is clicked on

2020-09-08 11:36:46 - [MESSAGE][PASSED] - Object 'Object Repository/FDR-SignIn/SignInEmail' is present

2020-09-08 11:36:47 - [MESSAGE][PASSED] - Text 'fdr.test3@dhcs.ca.gov' is set on object 'Object Repository/FDR-SignIn/SignInEmail'

2020-09-08 11:36:47 - [MESSAGE][PASSED] - Object 'Object Repository/FDR-SignIn/SignInEmailNext' is visible

2020-09-08 11:36:47 - [MESSAGE][PASSED] - Object: 'Object Repository/FDR-SignIn/SignInEmailNext' is clicked on

2020-09-08 11:36:53 - [MESSAGE][PASSED] - Object 'Object Repository/FDR-SignIn/SignInEmailPassword' is visible

2020-09-08 11:36:53 - [MESSAGE][PASSED] - Object: 'Object Repository/FDR-SignIn/SignInEmailPassword' is clicked on

2020-09-08 11:36:54 - [MESSAGE][PASSED] - Text ****** has been set on object 'Object Repository/FDR-SignIn/SignInEmailPassword'

2020-09-08 11:36:56 - [MESSAGE][PASSED] - Object: 'Object Repository/FDR-SignIn/SignInButton' is clicked on

2020-09-08 11:36:56 - [TEST_STEP][PASSED] - navigateToUrl(URL): Navigate to 'https://fdr-katalon.cammis-mod-dev.dhcs.ca.gov' successfully

2020-09-08 11:36:56 - [MESSAGE][PASSED] - Navigate to 'https://fdr-katalon.cammis-mod-dev.dhcs.ca.gov' successfully

2020-09-08 11:36:56 - [TEST_STEP][PASSED] - Start listener action : beforeTestCase: null

2020-09-08 11:36:56 - [TEST_STEP][PASSED] - profileName = getExecutionProfile(): null

2020-09-08 11:36:56 - [TEST_STEP][PASSED] - if (profileName.equalsIgnoreCase("SysAdmin")): null

2020-09-08 11:36:56 - [TEST_STEP][PASSED] - Start listener action : sampleBeforeTestCase: null

2020-09-08 11:36:56 - [TEST_STEP][PASSED] - profileName = getExecutionProfile(): null

2020-09-08 11:36:56 - [TEST_STEP][PASSED] - testCaseId = testCaseContext.getTestCaseId(): null

2020-09-08 11:36:56 - [TEST_STEP][PASSED] - switch (profileName): null

2020-09-08 11:36:56 - [TEST_STEP][PASSED] - Default: null

2020-09-08 11:36:56 - [TEST_STEP][PASSED] - return null: null

2020-09-08 11:36:56 - [TEST_STEP][PASSED] - Start listener action : executeRows: null

2020-09-08 11:36:57 - [TEST_STEP][PASSED] - newDepositId = RandomStringUtils.randomNumeric(7): null

2020-09-08 11:36:57 - [TEST_STEP][PASSED] - waitForElementPresent(findTestObject("FDR-Receipt/FDR-Receipt-Dashboard/createNew_ReceiptBatch_Button"), 3): Object 'Object Repository/FDR-Receipt/FDR-Receipt-Dashboard/createNew_ReceiptBatch_Button' is present

2020-09-08 11:36:59 - [MESSAGE][PASSED] - Object 'Object Repository/FDR-Receipt/FDR-Receipt-Dashboard/createNew_ReceiptBatch_Button' is present

2020-09-08 11:36:59 - [TEST_STEP][PASSED] - click(findTestObject("FDR-Receipt/FDR-Receipt-Dashboard/createNew_ReceiptBatch_Button")): Object: 'Object Repository/FDR-Receipt/FDR-Receipt-Dashboard/createNew_ReceiptBatch_Button' is clicked on

2020-09-08 11:37:00 - [MESSAGE][PASSED] - Object: 'Object Repository/FDR-Receipt/FDR-Receipt-Dashboard/createNew_ReceiptBatch_Button' is clicked on

2020-09-08 11:37:00 - [TEST_STEP][PASSED] - waitForElementPresent(findTestObject("FDR-Dashboard/createNewVoucherButton"), 4): Object 'Object Repository/FDR-Dashboard/createNewVoucherButton' is not present after 4 second(s)

2020-09-08 11:37:05 - [MESSAGE][INFO] - Unable to find the element located by 'By.xpath: //*[@data-id='button-link']//*[contains(text(),'Create New Voucher')]'. Please recheck the objects properties to make sure the desired element is located. 

2020-09-08 11:37:05 - [MESSAGE][WARNING] - Object 'Object Repository/FDR-Dashboard/createNewVoucherButton' is not present after 4 second(s)

2020-09-08 11:37:05 - [TEST_STEP][PASSED] - waitForElementPresent(findTestObject("FDR-Receipt/FDR-Receipt-Header/View/inputDrawDate"), 3): Object 'Object Repository/FDR-Receipt/FDR-Receipt-Header/View/inputDrawDate' is present

2020-09-08 11:37:05 - [MESSAGE][PASSED] - Object 'Object Repository/FDR-Receipt/FDR-Receipt-Header/View/inputDrawDate' is present

2020-09-08 11:37:05 - [TEST_STEP][PASSED] - setText(findTestObject("FDR-Receipt/FDR-Receipt-Header/View/inputDrawDate"), Drawdate): Text '09/28/2020' is set on object 'Object Repository/FDR-Receipt/FDR-Receipt-Header/View/inputDrawDate'

2020-09-08 11:37:06 - [MESSAGE][PASSED] - Text '09/28/2020' is set on object 'Object Repository/FDR-Receipt/FDR-Receipt-Header/View/inputDrawDate'

2020-09-08 11:37:06 - [TEST_STEP][PASSED] - waitForElementPresent(findTestObject("FDR-Receipt/FDR-Receipt-Header/Edit/payDate"), 3): Object 'Object Repository/FDR-Receipt/FDR-Receipt-Header/Edit/payDate' is present

2020-09-08 11:37:07 - [MESSAGE][PASSED] - Object 'Object Repository/FDR-Receipt/FDR-Receipt-Header/Edit/payDate' is present

2020-09-08 11:37:07 - [TEST_STEP][PASSED] - setText(findTestObject("FDR-Receipt/FDR-Receipt-Header/Edit/payDate"), Paydate): Text '09/30/2020' is set on object 'Object Repository/FDR-Receipt/FDR-Receipt-Header/Edit/payDate'

2020-09-08 11:37:07 - [MESSAGE][PASSED] - Text '09/30/2020' is set on object 'Object Repository/FDR-Receipt/FDR-Receipt-Header/Edit/payDate'

2020-09-08 11:37:07 - [TEST_STEP][PASSED] - waitForElementPresent(findTestObject("FDR-Receipt/FDR-Receipt-Header/View/deposit ID"), 10): Object 'Object Repository/FDR-Receipt/FDR-Receipt-Header/View/deposit ID' is present

2020-09-08 11:37:08 - [MESSAGE][PASSED] - Object 'Object Repository/FDR-Receipt/FDR-Receipt-Header/View/deposit ID' is present

2020-09-08 11:37:08 - [TEST_STEP][PASSED] - sendKeys(findTestObject("FDR-Receipt/FDR-Receipt-Header/View/deposit ID"), newDepositId): Keys '6211089' sent to object: 'Object Repository/FDR-Receipt/FDR-Receipt-Header/View/deposit ID'

2020-09-08 11:37:08 - [MESSAGE][PASSED] - Keys '6211089' sent to object: 'Object Repository/FDR-Receipt/FDR-Receipt-Header/View/deposit ID'

2020-09-08 11:37:08 - [TEST_STEP][PASSED] - waitForElementPresent(findTestObject("FDR-Receipt/FDR-ReceiptBatch/receiptNotes"), 10): Object 'Object Repository/FDR-Receipt/FDR-ReceiptBatch/receiptNotes' is present

2020-09-08 11:37:08 - [MESSAGE][PASSED] - Object 'Object Repository/FDR-Receipt/FDR-ReceiptBatch/receiptNotes' is present

2020-09-08 11:37:08 - [TEST_STEP][PASSED] - sendKeys(findTestObject("FDR-Receipt/FDR-ReceiptBatch/receiptNotes"), Receiptnotes): Keys 'rqewrq' sent to object: 'Object Repository/FDR-Receipt/FDR-ReceiptBatch/receiptNotes'

2020-09-08 11:37:09 - [MESSAGE][PASSED] - Keys 'rqewrq' sent to object: 'Object Repository/FDR-Receipt/FDR-ReceiptBatch/receiptNotes'

2020-09-08 11:37:09 - [TEST_STEP][PASSED] - waitForElementPresent(findTestObject("FDR-Receipt/FDR-Receipt-Header/View/remittanceNo"), 10): Object 'Object Repository/FDR-Receipt/FDR-Receipt-Header/View/remittanceNo' is present

2020-09-08 11:37:09 - [MESSAGE][PASSED] - Object 'Object Repository/FDR-Receipt/FDR-Receipt-Header/View/remittanceNo' is present

2020-09-08 11:37:09 - [TEST_STEP][PASSED] - sendKeys(findTestObject("FDR-Receipt/FDR-Receipt-Header/View/remittanceNo"), Remittance): Keys '1234' sent to object: 'Object Repository/FDR-Receipt/FDR-Receipt-Header/View/remittanceNo'

2020-09-08 11:37:10 - [MESSAGE][PASSED] - Keys '1234' sent to object: 'Object Repository/FDR-Receipt/FDR-Receipt-Header/View/remittanceNo'

2020-09-08 11:37:10 - [TEST_STEP][PASSED] - waitForElementPresent(findTestObject("FDR-Receipt/FDR-Receipt-Header/View/controllerNo"), 10): Object 'Object Repository/FDR-Receipt/FDR-Receipt-Header/View/controllerNo' is present

2020-09-08 11:37:10 - [MESSAGE][PASSED] - Object 'Object Repository/FDR-Receipt/FDR-Receipt-Header/View/controllerNo' is present

2020-09-08 11:37:10 - [TEST_STEP][PASSED] - sendKeys(findTestObject("FDR-Receipt/FDR-Receipt-Header/View/controllerNo"), Controller): Keys '4567' sent to object: 'Object Repository/FDR-Receipt/FDR-Receipt-Header/View/controllerNo'

2020-09-08 11:37:11 - [MESSAGE][PASSED] - Keys '4567' sent to object: 'Object Repository/FDR-Receipt/FDR-Receipt-Header/View/controllerNo'

2020-09-08 11:37:11 - [TEST_STEP][PASSED] - waitForElementPresent(findTestObject("FDR-Receipt/FDR-Receipt-Header/View/buttonNext"), 10): Object 'Object Repository/FDR-Receipt/FDR-Receipt-Header/View/buttonNext' is present

2020-09-08 11:37:11 - [MESSAGE][PASSED] - Object 'Object Repository/FDR-Receipt/FDR-Receipt-Header/View/buttonNext' is present

2020-09-08 11:37:11 - [TEST_STEP][PASSED] - click(findTestObject("FDR-Receipt/FDR-Receipt-Header/View/buttonNext")): Object: 'Object Repository/FDR-Receipt/FDR-Receipt-Header/View/buttonNext' is clicked on

2020-09-08 11:37:12 - [MESSAGE][PASSED] - Object: 'Object Repository/FDR-Receipt/FDR-Receipt-Header/View/buttonNext' is clicked on

2020-09-08 11:37:12 - [TEST_STEP][PASSED] - delay(5): Delayed 5 second(s)

2020-09-08 11:37:17 - [MESSAGE][PASSED] - Delayed 5 second(s)

2020-09-08 11:37:17 - [TEST_STEP][PASSED] - waitForElementPresent(findTestObject("FDR-Receipt/FDR-ReceiptBatch/Review-Receipt/button_Review"), 2): Object 'Object Repository/FDR-Receipt/FDR-ReceiptBatch/Review-Receipt/button_Review' is present

2020-09-08 11:37:17 - [MESSAGE][PASSED] - Object 'Object Repository/FDR-Receipt/FDR-ReceiptBatch/Review-Receipt/button_Review' is present

2020-09-08 11:37:17 - [TEST_STEP][PASSED] - click(findTestObject("FDR-Receipt/FDR-ReceiptBatch/Review-Receipt/button_Review"), STOP_ON_FAILURE): Object: 'Object Repository/FDR-Receipt/FDR-ReceiptBatch/Review-Receipt/button_Review' is clicked on

2020-09-08 11:37:17 - [MESSAGE][PASSED] - Object: 'Object Repository/FDR-Receipt/FDR-ReceiptBatch/Review-Receipt/button_Review' is clicked on

2020-09-08 11:37:17 - [TEST_STEP][PASSED] - waitForElementPresent(findTestObject("FDR-Receipt/FDR-ReceiptBatch/Review-Receipt/button_Submitforapproval"), 2): Object 'Object Repository/FDR-Receipt/FDR-ReceiptBatch/Review-Receipt/button_Submitforapproval' is present

2020-09-08 11:37:18 - [MESSAGE][PASSED] - Object 'Object Repository/FDR-Receipt/FDR-ReceiptBatch/Review-Receipt/button_Submitforapproval' is present

2020-09-08 11:37:18 - [TEST_STEP][PASSED] - click(findTestObject("FDR-Receipt/FDR-ReceiptBatch/Review-Receipt/button_Submitforapproval"), STOP_ON_FAILURE): Object: 'Object Repository/FDR-Receipt/FDR-ReceiptBatch/Review-Receipt/button_Submitforapproval' is clicked on

2020-09-08 11:37:18 - [MESSAGE][PASSED] - Object: 'Object Repository/FDR-Receipt/FDR-ReceiptBatch/Review-Receipt/button_Submitforapproval' is clicked on

2020-09-08 11:37:18 - [TEST_STEP][PASSED] - closeBrowser(CONTINUE_ON_FAILURE): Browser is closed

2020-09-08 11:37:19 - [MESSAGE][PASSED] - Browser is closed

2020-09-08 11:37:19 - [TEST_STEP][PASSED] - Start listener action : sampleAfterTestCase: Browser is closed

2020-09-08 11:37:19 - [TEST_STEP][PASSED] - profileName = getExecutionProfile(): null

2020-09-08 11:37:19 - [TEST_STEP][PASSED] - switch (profileName): null

2020-09-08 11:37:19 - [TEST_STEP][PASSED] - if (!(skipBeforeAndAfterTestCase)): Browser is closed

2020-09-08 11:37:19 - [TEST_STEP][PASSED] - Uifunctions.logoutFDR(): Browser is closed

2020-09-08 11:37:19 - [MESSAGE][PASSED] - Browser is closed

2020-09-08 11:37:19 - [TEST_STEP][PASSED] - Start listener action : afterTestCase: null

2020-09-08 11:37:19 - [TEST_STEP][PASSED] - profileName = getExecutionProfile(): null

2020-09-08 11:37:19 - [TEST_STEP][PASSED] - if (profileName.equalsIgnoreCase("SysAdmin")): null

2020-09-08 11:37:19 - [TEST_STEP][PASSED] - Start listener action : sampleAfterTestCase: null

2020-09-08 11:37:19 - [TEST_STEP][PASSED] - profileName = getExecutionProfile(): null

2020-09-08 11:37:19 - [TEST_STEP][PASSED] - switch (profileName): null

2020-09-08 11:37:19 - [TEST_STEP][PASSED] - Default: null

2020-09-08 11:37:19 - [TEST_STEP][PASSED] - return null: null

2020-09-08 11:37:19 - [TEST_STEP][PASSED] - Start listener action : addFailedTCToList: null]]></system-out>
         <system-err><![CDATA[]]></system-err>
      </testcase>
      <testcase name="Test Cases/WEB-UI-TESTS/Receipt/FDR-Receipts-FixStateReasons" time="61.415" classname="Test Cases/WEB-UI-TESTS/Receipt/FDR-Receipts-FixStateReasons" status="PASSED">
         <system-out><![CDATA[2020-09-08 11:37:19 - [TEST_CASE][PASSED] - Test Cases/WEB-UI-TESTS/Receipt/FDR-Receipts-FixStateReasons: Test Cases/WEB-UI-TESTS/Receipt/FDR-Receipts-FixStateReasons

2020-09-08 11:37:19 - [TEST_STEP][PASSED] - Start listener action : sampleBeforeTestCase: Navigate to 'https://fdr-katalon.cammis-mod-dev.dhcs.ca.gov' successfully

2020-09-08 11:37:19 - [TEST_STEP][PASSED] - profileName = getExecutionProfile(): null

2020-09-08 11:37:19 - [TEST_STEP][PASSED] - switch (profileName): null

2020-09-08 11:37:19 - [TEST_STEP][PASSED] - testCaseId = testCaseContext.getTestCaseId(): null

2020-09-08 11:37:19 - [TEST_STEP][PASSED] - if (!(skipBeforeAndAfterTestCase)): Navigate to 'https://fdr-katalon.cammis-mod-dev.dhcs.ca.gov' successfully

2020-09-08 11:37:19 - [TEST_STEP][PASSED] - if (account7TestCases.contains(testCaseId)): Object: 'Object Repository/FDR-SignIn/SignInButton' is clicked on

2020-09-08 11:37:19 - [TEST_STEP][PASSED] - Uifunctions.loginFDR(accountsAdmin, accountsAdminPwd): Object: 'Object Repository/FDR-SignIn/SignInButton' is clicked on

2020-09-08 11:37:19 - [MESSAGE][INFO] - Starting 'Chrome' driver

2020-09-08 11:37:19 - [MESSAGE][INFO] - Action delay is set to 0 milliseconds

2020-09-08 11:37:22 - [MESSAGE][PASSED] - Browser is opened with url: ''

2020-09-08 11:37:24 - [MESSAGE][PASSED] - Current window maximized

2020-09-08 11:37:25 - [MESSAGE][PASSED] - Navigate to 'https://fdr-katalon.cammis-mod-dev.dhcs.ca.gov' successfully

2020-09-08 11:37:27 - [MESSAGE][PASSED] - Object 'Object Repository/FDR-SignIn/SignInEmail' is present

2020-09-08 11:37:27 - [MESSAGE][PASSED] - Object: 'Object Repository/FDR-SignIn/SignInEmail' is clicked on

2020-09-08 11:37:27 - [MESSAGE][PASSED] - Object 'Object Repository/FDR-SignIn/SignInEmail' is present

2020-09-08 11:37:28 - [MESSAGE][PASSED] - Text 'fdr.test4@dhcs.ca.gov' is set on object 'Object Repository/FDR-SignIn/SignInEmail'

2020-09-08 11:37:28 - [MESSAGE][PASSED] - Object 'Object Repository/FDR-SignIn/SignInEmailNext' is visible

2020-09-08 11:37:28 - [MESSAGE][PASSED] - Object: 'Object Repository/FDR-SignIn/SignInEmailNext' is clicked on

2020-09-08 11:37:32 - [MESSAGE][PASSED] - Object 'Object Repository/FDR-SignIn/SignInEmailPassword' is visible

2020-09-08 11:37:32 - [MESSAGE][PASSED] - Object: 'Object Repository/FDR-SignIn/SignInEmailPassword' is clicked on

2020-09-08 11:37:32 - [MESSAGE][PASSED] - Text ****** has been set on object 'Object Repository/FDR-SignIn/SignInEmailPassword'

2020-09-08 11:37:34 - [MESSAGE][PASSED] - Object: 'Object Repository/FDR-SignIn/SignInButton' is clicked on

2020-09-08 11:37:34 - [TEST_STEP][PASSED] - navigateToUrl(URL): Navigate to 'https://fdr-katalon.cammis-mod-dev.dhcs.ca.gov' successfully

2020-09-08 11:37:35 - [MESSAGE][PASSED] - Navigate to 'https://fdr-katalon.cammis-mod-dev.dhcs.ca.gov' successfully

2020-09-08 11:37:35 - [TEST_STEP][PASSED] - Start listener action : beforeTestCase: null

2020-09-08 11:37:35 - [TEST_STEP][PASSED] - profileName = getExecutionProfile(): null

2020-09-08 11:37:35 - [TEST_STEP][PASSED] - if (profileName.equalsIgnoreCase("SysAdmin")): null

2020-09-08 11:37:35 - [TEST_STEP][PASSED] - Start listener action : sampleBeforeTestCase: null

2020-09-08 11:37:35 - [TEST_STEP][PASSED] - profileName = getExecutionProfile(): null

2020-09-08 11:37:35 - [TEST_STEP][PASSED] - testCaseId = testCaseContext.getTestCaseId(): null

2020-09-08 11:37:35 - [TEST_STEP][PASSED] - switch (profileName): null

2020-09-08 11:37:35 - [TEST_STEP][PASSED] - Default: null

2020-09-08 11:37:35 - [TEST_STEP][PASSED] - return null: null

2020-09-08 11:37:35 - [TEST_STEP][PASSED] - Start listener action : executeRows: null

2020-09-08 11:37:35 - [TEST_STEP][PASSED] - d = Date().plus(1): null

2020-09-08 11:37:35 - [TEST_STEP][PASSED] - dd = Date().plus(2): null

2020-09-08 11:37:35 - [TEST_STEP][PASSED] - servicedatefrom = d.format("MM/dd/yyyy"): null

2020-09-08 11:37:35 - [TEST_STEP][PASSED] - servicedateto = dd.format("MM/dd/yyyy"): null

2020-09-08 11:37:35 - [TEST_STEP][PASSED] - originalwarrantdate = dd.format("MM/dd/yyyy"): null

2020-09-08 11:37:35 - [TEST_STEP][PASSED] - newDepositId = RandomStringUtils.randomNumeric(7): null

2020-09-08 11:37:35 - [TEST_STEP][PASSED] - editors.createReceipt(Drawdate, Paydate, newDepositId, ReceiptNotes, Remittance, Controller): Object: 'Object Repository/FDR-Receipt/FDR-Receipt-Header/View/buttonNext' is clicked on

2020-09-08 11:37:40 - [MESSAGE][INFO] - Unable to find the element located by 'By.xpath: //*[@data-id='button-link']//*[contains(text(),'Create New Voucher')]'. Please recheck the objects properties to make sure the desired element is located. 

2020-09-08 11:37:40 - [MESSAGE][WARNING] - Object 'Object Repository/FDR-Dashboard/createNewVoucherButton' is not present after 4 second(s)

2020-09-08 11:37:41 - [MESSAGE][PASSED] - Object 'Object Repository/FDR-Receipt/FDR-Receipt-Dashboard/createNew_ReceiptBatch_Button' is present

2020-09-08 11:37:41 - [MESSAGE][PASSED] - Object: 'Object Repository/FDR-Receipt/FDR-Receipt-Dashboard/createNew_ReceiptBatch_Button' is clicked on

2020-09-08 11:37:42 - [MESSAGE][PASSED] - Object 'Object Repository/FDR-Receipt/FDR-Receipt-Header/View/inputDrawDate' is present

2020-09-08 11:37:43 - [MESSAGE][PASSED] - Text '09/28/2020' is set on object 'Object Repository/FDR-Receipt/FDR-Receipt-Header/View/inputDrawDate'

2020-09-08 11:37:43 - [MESSAGE][PASSED] - Keys 'TAB + ENTER + ENTER + ' sent to object: 'Object Repository/FDR-Receipt/FDR-Receipt-Header/View/inputDrawDate'

2020-09-08 11:37:44 - [MESSAGE][PASSED] - Object 'Object Repository/FDR-Receipt/FDR-Receipt-Header/Edit/payDate' is present

2020-09-08 11:37:45 - [MESSAGE][PASSED] - Text '09/30/2020' is set on object 'Object Repository/FDR-Receipt/FDR-Receipt-Header/Edit/payDate'

2020-09-08 11:37:46 - [MESSAGE][PASSED] - Object 'Object Repository/FDR-Receipt/FDR-Receipt-Header/View/deposit ID' is present

2020-09-08 11:37:46 - [MESSAGE][PASSED] - Text '8872092' is set on object 'Object Repository/FDR-Receipt/FDR-Receipt-Header/View/deposit ID'

2020-09-08 11:37:47 - [MESSAGE][PASSED] - Object 'Object Repository/FDR-Receipt/FDR-ReceiptBatch/receiptNotes' is present

2020-09-08 11:37:48 - [MESSAGE][PASSED] - Text 'rqewrq' is set on object 'Object Repository/FDR-Receipt/FDR-ReceiptBatch/receiptNotes'

2020-09-08 11:37:48 - [MESSAGE][PASSED] - Object 'Object Repository/FDR-Receipt/FDR-Receipt-Header/Edit/remmitanceAdviceInput' is present

2020-09-08 11:37:48 - [MESSAGE][PASSED] - Keys '1234' sent to object: 'Object Repository/FDR-Receipt/FDR-Receipt-Header/Edit/remmitanceAdviceInput'

2020-09-08 11:37:49 - [MESSAGE][PASSED] - Object 'Object Repository/FDR-Receipt/FDR-Receipt-Header/Edit/controllerReceiptInput' is present

2020-09-08 11:37:49 - [MESSAGE][PASSED] - Keys '4567' sent to object: 'Object Repository/FDR-Receipt/FDR-Receipt-Header/Edit/controllerReceiptInput'

2020-09-08 11:37:50 - [MESSAGE][PASSED] - Object 'Object Repository/FDR-Receipt/FDR-Receipt-Header/View/buttonNext' is present

2020-09-08 11:37:50 - [MESSAGE][PASSED] - Object: 'Object Repository/FDR-Receipt/FDR-Receipt-Header/View/buttonNext' is clicked on

2020-09-08 11:37:50 - [TEST_STEP][PASSED] - editors.createReceiptline(ReceiptID, SupplierID, DepositDate): Object: 'Object Repository/FDR-Receipt/FDR-Receipt-Checkline/View/addReceipt_Button2' is clicked on

2020-09-08 11:37:51 - [MESSAGE][PASSED] - Object 'Object Repository/FDR-Receipt/FDR-Receipt-Checkline/View/receipt_ID' is present

2020-09-08 11:37:52 - [MESSAGE][PASSED] - Keys 'CHK10322' sent to object: 'Object Repository/FDR-Receipt/FDR-Receipt-Checkline/View/receipt_ID'

2020-09-08 11:37:52 - [MESSAGE][PASSED] - Object 'Object Repository/FDR-Receipt/FDR-Receipt-Checkline/View/supplier_Id' is present

2020-09-08 11:37:53 - [MESSAGE][PASSED] - Object: 'Object Repository/FDR-Receipt/FDR-Receipt-Checkline/View/supplier_Id' is clicked on

2020-09-08 11:37:53 - [MESSAGE][PASSED] - Keys '0000007954' sent to object: 'Object Repository/FDR-Receipt/FDR-Receipt-Checkline/View/supplier_Id'

2020-09-08 11:37:54 - [MESSAGE][PASSED] - Keys 'DOWN + ENTER + ' sent to object: 'Object Repository/FDR-Receipt/FDR-Receipt-Checkline/View/supplier_Id'

2020-09-08 11:37:54 - [MESSAGE][PASSED] - Object 'Object Repository/FDR-Receipt/FDR-Receipt-Checkline/View/deposit_Date' is present

2020-09-08 11:37:55 - [MESSAGE][PASSED] - Keys '02/24/2020' sent to object: 'Object Repository/FDR-Receipt/FDR-Receipt-Checkline/View/deposit_Date'

2020-09-08 11:38:00 - [MESSAGE][INFO] - Unable to find the element located by 'By.xpath: //*[@data-id='button-link']//*[contains(text(),'Create New Voucher')]'. Please recheck the objects properties to make sure the desired element is located. 

2020-09-08 11:38:00 - [MESSAGE][WARNING] - Object 'Object Repository/FDR-Dashboard/createNewVoucherButton' is not present after 4 second(s)

2020-09-08 11:38:00 - [MESSAGE][PASSED] - Object 'Object Repository/FDR-Receipt/FDR-Receipt-Checkline/View/addReceipt_Button2' is present

2020-09-08 11:38:01 - [MESSAGE][PASSED] - Object: 'Object Repository/FDR-Receipt/FDR-Receipt-Checkline/View/addReceipt_Button2' is clicked on

2020-09-08 11:38:01 - [TEST_STEP][PASSED] - waitForElementPresent(findTestObject("FDR-Receipt/FDR-ReceiptBatch/Fix/reviewButton"), 5): Object 'Object Repository/FDR-Receipt/FDR-ReceiptBatch/Fix/reviewButton' is present

2020-09-08 11:38:01 - [MESSAGE][PASSED] - Object 'Object Repository/FDR-Receipt/FDR-ReceiptBatch/Fix/reviewButton' is present

2020-09-08 11:38:01 - [TEST_STEP][PASSED] - click(findTestObject("FDR-Receipt/FDR-ReceiptBatch/Fix/reviewButton")): Object: 'Object Repository/FDR-Receipt/FDR-ReceiptBatch/Fix/reviewButton' is clicked on

2020-09-08 11:38:02 - [MESSAGE][PASSED] - Object: 'Object Repository/FDR-Receipt/FDR-ReceiptBatch/Fix/reviewButton' is clicked on

2020-09-08 11:38:02 - [TEST_STEP][PASSED] - waitForElementPresent(findTestObject("FDR-Receipt/FDR-ReceiptBatch/Review-Receipt/button_Submitforapproval"), 2): Object 'Object Repository/FDR-Receipt/FDR-ReceiptBatch/Review-Receipt/button_Submitforapproval' is present

2020-09-08 11:38:02 - [MESSAGE][PASSED] - Object 'Object Repository/FDR-Receipt/FDR-ReceiptBatch/Review-Receipt/button_Submitforapproval' is present

2020-09-08 11:38:02 - [TEST_STEP][PASSED] - click(findTestObject("FDR-Receipt/FDR-ReceiptBatch/Review-Receipt/button_Submitforapproval")): Object: 'Object Repository/FDR-Receipt/FDR-ReceiptBatch/Review-Receipt/button_Submitforapproval' is clicked on

2020-09-08 11:38:03 - [MESSAGE][PASSED] - Object: 'Object Repository/FDR-Receipt/FDR-ReceiptBatch/Review-Receipt/button_Submitforapproval' is clicked on

2020-09-08 11:38:03 - [TEST_STEP][PASSED] - waitForElementPresent(findTestObject("FDR-Receipt/FDR-Receipt-Dashboard/filterValidatebatch"), 2): Object 'Object Repository/FDR-Receipt/FDR-Receipt-Dashboard/filterValidatebatch' is present

2020-09-08 11:38:04 - [MESSAGE][PASSED] - Object 'Object Repository/FDR-Receipt/FDR-Receipt-Dashboard/filterValidatebatch' is present

2020-09-08 11:38:04 - [TEST_STEP][PASSED] - waitForElementClickable(findTestObject("FDR-Receipt/FDR-Receipt-Dashboard/filterValidatebatch"), 10): Object 'Object Repository/FDR-Receipt/FDR-Receipt-Dashboard/filterValidatebatch' is clickable

2020-09-08 11:38:04 - [MESSAGE][PASSED] - Object 'Object Repository/FDR-Receipt/FDR-Receipt-Dashboard/filterValidatebatch' is clickable

2020-09-08 11:38:04 - [TEST_STEP][PASSED] - click(findTestObject("FDR-Receipt/FDR-Receipt-Dashboard/filterValidatebatch")): Object: 'Object Repository/FDR-Receipt/FDR-Receipt-Dashboard/filterValidatebatch' is clicked on

2020-09-08 11:38:05 - [MESSAGE][PASSED] - Object: 'Object Repository/FDR-Receipt/FDR-Receipt-Dashboard/filterValidatebatch' is clicked on

2020-09-08 11:38:05 - [TEST_STEP][PASSED] - waitForElementPresent(findTestObject("FDR-Receipt/FDR-Receipt-Dashboard/buttonValidate"), 2): Object 'Object Repository/FDR-Receipt/FDR-Receipt-Dashboard/buttonValidate' is present

2020-09-08 11:38:06 - [MESSAGE][PASSED] - Object 'Object Repository/FDR-Receipt/FDR-Receipt-Dashboard/buttonValidate' is present

2020-09-08 11:38:06 - [TEST_STEP][PASSED] - click(findTestObject("FDR-Receipt/FDR-Receipt-Dashboard/buttonValidate")): Object: 'Object Repository/FDR-Receipt/FDR-Receipt-Dashboard/buttonValidate' is clicked on

2020-09-08 11:38:06 - [MESSAGE][PASSED] - Object: 'Object Repository/FDR-Receipt/FDR-Receipt-Dashboard/buttonValidate' is clicked on

2020-09-08 11:38:06 - [TEST_STEP][PASSED] - waitForElementPresent(findTestObject("FDR-Receipt/FDR-ReceiptBatch/Review-Receipt/button_Reject"), 5): Object 'Object Repository/FDR-Receipt/FDR-ReceiptBatch/Review-Receipt/button_Reject' is present

2020-09-08 11:38:07 - [MESSAGE][PASSED] - Object 'Object Repository/FDR-Receipt/FDR-ReceiptBatch/Review-Receipt/button_Reject' is present

2020-09-08 11:38:07 - [TEST_STEP][PASSED] - click(findTestObject("FDR-Receipt/FDR-ReceiptBatch/Review-Receipt/button_Reject")): Object: 'Object Repository/FDR-Receipt/FDR-ReceiptBatch/Review-Receipt/button_Reject' is clicked on

2020-09-08 11:38:07 - [MESSAGE][PASSED] - Object: 'Object Repository/FDR-Receipt/FDR-ReceiptBatch/Review-Receipt/button_Reject' is clicked on

2020-09-08 11:38:07 - [TEST_STEP][PASSED] - waitForElementPresent(findTestObject("FDR-Receipt/FDR-ReceiptBatch/Review-Receipt/incorrectDrawDate"), 5): Object 'Object Repository/FDR-Receipt/FDR-ReceiptBatch/Review-Receipt/incorrectDrawDate' is present

2020-09-08 11:38:08 - [MESSAGE][PASSED] - Object 'Object Repository/FDR-Receipt/FDR-ReceiptBatch/Review-Receipt/incorrectDrawDate' is present

2020-09-08 11:38:08 - [TEST_STEP][PASSED] - click(findTestObject("FDR-Receipt/FDR-ReceiptBatch/Review-Receipt/incorrectDrawDate")): Object: 'Object Repository/FDR-Receipt/FDR-ReceiptBatch/Review-Receipt/incorrectDrawDate' is clicked on

2020-09-08 11:38:08 - [MESSAGE][PASSED] - Object: 'Object Repository/FDR-Receipt/FDR-ReceiptBatch/Review-Receipt/incorrectDrawDate' is clicked on

2020-09-08 11:38:08 - [TEST_STEP][PASSED] - waitForElementPresent(findTestObject("FDR-Receipt/FDR-ReceiptBatch/Review-Receipt/button_RejectReceiptBatch"), 2): Object 'Object Repository/FDR-Receipt/FDR-ReceiptBatch/Review-Receipt/button_RejectReceiptBatch' is present

2020-09-08 11:38:09 - [MESSAGE][PASSED] - Object 'Object Repository/FDR-Receipt/FDR-ReceiptBatch/Review-Receipt/button_RejectReceiptBatch' is present

2020-09-08 11:38:09 - [TEST_STEP][PASSED] - click(findTestObject("FDR-Receipt/FDR-ReceiptBatch/Review-Receipt/button_RejectReceiptBatch")): Object: 'Object Repository/FDR-Receipt/FDR-ReceiptBatch/Review-Receipt/button_RejectReceiptBatch' is clicked on

2020-09-08 11:38:09 - [MESSAGE][PASSED] - Object: 'Object Repository/FDR-Receipt/FDR-ReceiptBatch/Review-Receipt/button_RejectReceiptBatch' is clicked on

2020-09-08 11:38:09 - [TEST_STEP][PASSED] - waitForElementPresent(findTestObject("FDR-Receipt/FDR-ReceiptBatch/Fix/clearButton"), 5): Object 'Object Repository/FDR-Receipt/FDR-ReceiptBatch/Fix/clearButton' is present

2020-09-08 11:38:11 - [MESSAGE][PASSED] - Object 'Object Repository/FDR-Receipt/FDR-ReceiptBatch/Fix/clearButton' is present

2020-09-08 11:38:11 - [TEST_STEP][PASSED] - click(findTestObject("FDR-Receipt/FDR-ReceiptBatch/Fix/clearButton")): Object: 'Object Repository/FDR-Receipt/FDR-ReceiptBatch/Fix/clearButton' is clicked on

2020-09-08 11:38:11 - [MESSAGE][PASSED] - Object: 'Object Repository/FDR-Receipt/FDR-ReceiptBatch/Fix/clearButton' is clicked on

2020-09-08 11:38:11 - [TEST_STEP][PASSED] - waitForElementPresent(findTestObject("FDR-Receipt/FDR-ReceiptBatch/Fix/fixBatchButton"), 5): Object 'Object Repository/FDR-Receipt/FDR-ReceiptBatch/Fix/fixBatchButton' is present

2020-09-08 11:38:12 - [MESSAGE][PASSED] - Object 'Object Repository/FDR-Receipt/FDR-ReceiptBatch/Fix/fixBatchButton' is present

2020-09-08 11:38:12 - [TEST_STEP][PASSED] - click(findTestObject("FDR-Receipt/FDR-ReceiptBatch/Fix/fixBatchButton")): Object: 'Object Repository/FDR-Receipt/FDR-ReceiptBatch/Fix/fixBatchButton' is clicked on

2020-09-08 11:38:12 - [MESSAGE][PASSED] - Object: 'Object Repository/FDR-Receipt/FDR-ReceiptBatch/Fix/fixBatchButton' is clicked on

2020-09-08 11:38:12 - [TEST_STEP][PASSED] - waitForElementPresent(findTestObject("FDR-Receipt/FDR-ReceiptBatch/Fix/fixButton"), 5): Object 'Object Repository/FDR-Receipt/FDR-ReceiptBatch/Fix/fixButton' is present

2020-09-08 11:38:13 - [MESSAGE][PASSED] - Object 'Object Repository/FDR-Receipt/FDR-ReceiptBatch/Fix/fixButton' is present

2020-09-08 11:38:13 - [TEST_STEP][PASSED] - click(findTestObject("FDR-Receipt/FDR-ReceiptBatch/Fix/fixButton")): Object: 'Object Repository/FDR-Receipt/FDR-ReceiptBatch/Fix/fixButton' is clicked on

2020-09-08 11:38:14 - [MESSAGE][PASSED] - Object: 'Object Repository/FDR-Receipt/FDR-ReceiptBatch/Fix/fixButton' is clicked on

2020-09-08 11:38:14 - [TEST_STEP][PASSED] - waitForElementPresent(findTestObject("FDR-Dashboard/createNewVoucherButton"), 4): Object 'Object Repository/FDR-Dashboard/createNewVoucherButton' is not present after 4 second(s)

2020-09-08 11:38:19 - [MESSAGE][INFO] - Unable to find the element located by 'By.xpath: //*[@data-id='button-link']//*[contains(text(),'Create New Voucher')]'. Please recheck the objects properties to make sure the desired element is located. 

2020-09-08 11:38:19 - [MESSAGE][WARNING] - Object 'Object Repository/FDR-Dashboard/createNewVoucherButton' is not present after 4 second(s)

2020-09-08 11:38:19 - [TEST_STEP][PASSED] - instructionsLabel = "INSTRUCTIONS FOR FIXING THIS RECEIPT": null

2020-09-08 11:38:19 - [TEST_STEP][PASSED] - verifyElementText(findTestObject("FDR-Receipt/FDR-ReceiptBatch/Fix/instructionsLabel"), instructionsLabel, STOP_ON_FAILURE): Actual text and expected text of test object 'Object Repository/FDR-Receipt/FDR-ReceiptBatch/Fix/instructionsLabel' are matched.

2020-09-08 11:38:19 - [MESSAGE][PASSED] - Actual text and expected text of test object 'Object Repository/FDR-Receipt/FDR-ReceiptBatch/Fix/instructionsLabel' are matched.

2020-09-08 11:38:19 - [TEST_STEP][PASSED] - instructionsIncorrectDrawDate = "Incorrect Draw Date": null

2020-09-08 11:38:19 - [TEST_STEP][PASSED] - verifyElementText(findTestObject("FDR-Receipt/FDR-ReceiptBatch/Fix/instructionsIncorrectDrawDate"), instructionsIncorrectDrawDate, STOP_ON_FAILURE): Actual text and expected text of test object 'Object Repository/FDR-Receipt/FDR-ReceiptBatch/Fix/instructionsIncorrectDrawDate' are matched.

2020-09-08 11:38:19 - [MESSAGE][PASSED] - Actual text and expected text of test object 'Object Repository/FDR-Receipt/FDR-ReceiptBatch/Fix/instructionsIncorrectDrawDate' are matched.

2020-09-08 11:38:19 - [TEST_STEP][PASSED] - waitForElementPresent(findTestObject("FDR-Receipt/FDR-ReceiptBatch/Fix/reviewButton"), 5): Object 'Object Repository/FDR-Receipt/FDR-ReceiptBatch/Fix/reviewButton' is present

2020-09-08 11:38:19 - [MESSAGE][PASSED] - Object 'Object Repository/FDR-Receipt/FDR-ReceiptBatch/Fix/reviewButton' is present

2020-09-08 11:38:19 - [TEST_STEP][PASSED] - click(findTestObject("FDR-Receipt/FDR-ReceiptBatch/Fix/reviewButton")): Object: 'Object Repository/FDR-Receipt/FDR-ReceiptBatch/Fix/reviewButton' is clicked on

2020-09-08 11:38:20 - [MESSAGE][PASSED] - Object: 'Object Repository/FDR-Receipt/FDR-ReceiptBatch/Fix/reviewButton' is clicked on

2020-09-08 11:38:20 - [TEST_STEP][PASSED] - Start listener action : sampleAfterTestCase: Browser is closed

2020-09-08 11:38:20 - [TEST_STEP][PASSED] - profileName = getExecutionProfile(): null

2020-09-08 11:38:20 - [TEST_STEP][PASSED] - switch (profileName): null

2020-09-08 11:38:20 - [TEST_STEP][PASSED] - if (!(skipBeforeAndAfterTestCase)): Browser is closed

2020-09-08 11:38:20 - [TEST_STEP][PASSED] - Uifunctions.logoutFDR(): Browser is closed

2020-09-08 11:38:20 - [MESSAGE][PASSED] - Browser is closed

2020-09-08 11:38:20 - [TEST_STEP][PASSED] - Start listener action : afterTestCase: null

2020-09-08 11:38:20 - [TEST_STEP][PASSED] - profileName = getExecutionProfile(): null

2020-09-08 11:38:20 - [TEST_STEP][PASSED] - if (profileName.equalsIgnoreCase("SysAdmin")): null

2020-09-08 11:38:20 - [TEST_STEP][PASSED] - Start listener action : sampleAfterTestCase: null

2020-09-08 11:38:20 - [TEST_STEP][PASSED] - profileName = getExecutionProfile(): null

2020-09-08 11:38:20 - [TEST_STEP][PASSED] - switch (profileName): null

2020-09-08 11:38:20 - [TEST_STEP][PASSED] - Default: null

2020-09-08 11:38:20 - [TEST_STEP][PASSED] - return null: null

2020-09-08 11:38:20 - [TEST_STEP][PASSED] - Start listener action : addFailedTCToList: null]]></system-out>
         <system-err><![CDATA[]]></system-err>
      </testcase>
      <testcase name="Test Cases/WEB-UI-TESTS/Receipt/FDR-Validate-Receipt-RA-CR-checkMarked" time="35.049" classname="Test Cases/WEB-UI-TESTS/Receipt/FDR-Validate-Receipt-RA-CR-checkMarked" status="PASSED">
         <system-out><![CDATA[2020-09-08 11:38:20 - [TEST_CASE][PASSED] - Test Cases/WEB-UI-TESTS/Receipt/FDR-Validate-Receipt-RA-CR-checkMarked: Test Cases/WEB-UI-TESTS/Receipt/FDR-Validate-Receipt-RA-CR-checkMarked

2020-09-08 11:38:20 - [TEST_STEP][PASSED] - Start listener action : sampleBeforeTestCase: Navigate to 'https://fdr-katalon.cammis-mod-dev.dhcs.ca.gov' successfully

2020-09-08 11:38:20 - [TEST_STEP][PASSED] - profileName = getExecutionProfile(): null

2020-09-08 11:38:20 - [TEST_STEP][PASSED] - switch (profileName): null

2020-09-08 11:38:20 - [TEST_STEP][PASSED] - testCaseId = testCaseContext.getTestCaseId(): null

2020-09-08 11:38:20 - [TEST_STEP][PASSED] - if (!(skipBeforeAndAfterTestCase)): Navigate to 'https://fdr-katalon.cammis-mod-dev.dhcs.ca.gov' successfully

2020-09-08 11:38:20 - [TEST_STEP][PASSED] - if (account7TestCases.contains(testCaseId)): Object: 'Object Repository/FDR-SignIn/SignInButton' is clicked on

2020-09-08 11:38:20 - [TEST_STEP][PASSED] - Uifunctions.loginFDR(accountsAdmin, accountsAdminPwd): Object: 'Object Repository/FDR-SignIn/SignInButton' is clicked on

2020-09-08 11:38:20 - [MESSAGE][INFO] - Starting 'Chrome' driver

2020-09-08 11:38:20 - [MESSAGE][INFO] - Action delay is set to 0 milliseconds

2020-09-08 11:38:24 - [MESSAGE][PASSED] - Browser is opened with url: ''

2020-09-08 11:38:26 - [MESSAGE][PASSED] - Current window maximized

2020-09-08 11:38:28 - [MESSAGE][PASSED] - Navigate to 'https://fdr-katalon.cammis-mod-dev.dhcs.ca.gov' successfully

2020-09-08 11:38:29 - [MESSAGE][PASSED] - Object 'Object Repository/FDR-SignIn/SignInEmail' is present

2020-09-08 11:38:29 - [MESSAGE][PASSED] - Object: 'Object Repository/FDR-SignIn/SignInEmail' is clicked on

2020-09-08 11:38:30 - [MESSAGE][PASSED] - Object 'Object Repository/FDR-SignIn/SignInEmail' is present

2020-09-08 11:38:30 - [MESSAGE][PASSED] - Text 'fdr.test4@dhcs.ca.gov' is set on object 'Object Repository/FDR-SignIn/SignInEmail'

2020-09-08 11:38:31 - [MESSAGE][PASSED] - Object 'Object Repository/FDR-SignIn/SignInEmailNext' is visible

2020-09-08 11:38:31 - [MESSAGE][PASSED] - Object: 'Object Repository/FDR-SignIn/SignInEmailNext' is clicked on

2020-09-08 11:38:34 - [MESSAGE][PASSED] - Object 'Object Repository/FDR-SignIn/SignInEmailPassword' is visible

2020-09-08 11:38:35 - [MESSAGE][PASSED] - Object: 'Object Repository/FDR-SignIn/SignInEmailPassword' is clicked on

2020-09-08 11:38:35 - [MESSAGE][PASSED] - Text ****** has been set on object 'Object Repository/FDR-SignIn/SignInEmailPassword'

2020-09-08 11:38:37 - [MESSAGE][PASSED] - Object: 'Object Repository/FDR-SignIn/SignInButton' is clicked on

2020-09-08 11:38:37 - [TEST_STEP][PASSED] - navigateToUrl(URL): Navigate to 'https://fdr-katalon.cammis-mod-dev.dhcs.ca.gov' successfully

2020-09-08 11:38:38 - [MESSAGE][PASSED] - Navigate to 'https://fdr-katalon.cammis-mod-dev.dhcs.ca.gov' successfully

2020-09-08 11:38:38 - [TEST_STEP][PASSED] - Start listener action : beforeTestCase: null

2020-09-08 11:38:38 - [TEST_STEP][PASSED] - profileName = getExecutionProfile(): null

2020-09-08 11:38:38 - [TEST_STEP][PASSED] - if (profileName.equalsIgnoreCase("SysAdmin")): null

2020-09-08 11:38:38 - [TEST_STEP][PASSED] - Start listener action : sampleBeforeTestCase: null

2020-09-08 11:38:38 - [TEST_STEP][PASSED] - profileName = getExecutionProfile(): null

2020-09-08 11:38:38 - [TEST_STEP][PASSED] - testCaseId = testCaseContext.getTestCaseId(): null

2020-09-08 11:38:38 - [TEST_STEP][PASSED] - switch (profileName): null

2020-09-08 11:38:38 - [TEST_STEP][PASSED] - Default: null

2020-09-08 11:38:38 - [TEST_STEP][PASSED] - return null: null

2020-09-08 11:38:38 - [TEST_STEP][PASSED] - Start listener action : executeRows: null

2020-09-08 11:38:38 - [TEST_STEP][PASSED] - newDepositId = RandomStringUtils.randomNumeric(7): null

2020-09-08 11:38:38 - [TEST_STEP][PASSED] - waitForElementPresent(findTestObject("FDR-Receipt/FDR-Receipt-Dashboard/createNew_ReceiptBatch_Button"), 3): Object 'Object Repository/FDR-Receipt/FDR-Receipt-Dashboard/createNew_ReceiptBatch_Button' is present

2020-09-08 11:38:41 - [MESSAGE][PASSED] - Object 'Object Repository/FDR-Receipt/FDR-Receipt-Dashboard/createNew_ReceiptBatch_Button' is present

2020-09-08 11:38:41 - [TEST_STEP][PASSED] - click(findTestObject("FDR-Receipt/FDR-Receipt-Dashboard/createNew_ReceiptBatch_Button")): Object: 'Object Repository/FDR-Receipt/FDR-Receipt-Dashboard/createNew_ReceiptBatch_Button' is clicked on

2020-09-08 11:38:42 - [MESSAGE][PASSED] - Object: 'Object Repository/FDR-Receipt/FDR-Receipt-Dashboard/createNew_ReceiptBatch_Button' is clicked on

2020-09-08 11:38:42 - [TEST_STEP][PASSED] - waitForElementPresent(findTestObject("FDR-Dashboard/createNewVoucherButton"), 4): Object 'Object Repository/FDR-Dashboard/createNewVoucherButton' is not present after 4 second(s)

2020-09-08 11:38:47 - [MESSAGE][INFO] - Unable to find the element located by 'By.xpath: //*[@data-id='button-link']//*[contains(text(),'Create New Voucher')]'. Please recheck the objects properties to make sure the desired element is located. 

2020-09-08 11:38:47 - [MESSAGE][WARNING] - Object 'Object Repository/FDR-Dashboard/createNewVoucherButton' is not present after 4 second(s)

2020-09-08 11:38:47 - [TEST_STEP][PASSED] - waitForElementPresent(findTestObject("FDR-Receipt/FDR-Receipt-Header/View/inputDrawDate"), 3): Object 'Object Repository/FDR-Receipt/FDR-Receipt-Header/View/inputDrawDate' is present

2020-09-08 11:38:47 - [MESSAGE][PASSED] - Object 'Object Repository/FDR-Receipt/FDR-Receipt-Header/View/inputDrawDate' is present

2020-09-08 11:38:47 - [TEST_STEP][PASSED] - sendKeys(findTestObject("FDR-Receipt/FDR-Receipt-Header/View/inputDrawDate"), Drawdate): Keys '09/28/2020' sent to object: 'Object Repository/FDR-Receipt/FDR-Receipt-Header/View/inputDrawDate'

2020-09-08 11:38:48 - [MESSAGE][PASSED] - Keys '09/28/2020' sent to object: 'Object Repository/FDR-Receipt/FDR-Receipt-Header/View/inputDrawDate'

2020-09-08 11:38:48 - [TEST_STEP][PASSED] - waitForElementPresent(findTestObject("FDR-Receipt/FDR-Receipt-Header/Edit/payDate"), 3): Object 'Object Repository/FDR-Receipt/FDR-Receipt-Header/Edit/payDate' is present

2020-09-08 11:38:48 - [MESSAGE][PASSED] - Object 'Object Repository/FDR-Receipt/FDR-Receipt-Header/Edit/payDate' is present

2020-09-08 11:38:48 - [TEST_STEP][PASSED] - sendKeys(findTestObject("FDR-Receipt/FDR-Receipt-Header/Edit/payDate"), Paydate): Keys '09/30/2020' sent to object: 'Object Repository/FDR-Receipt/FDR-Receipt-Header/Edit/payDate'

2020-09-08 11:38:48 - [MESSAGE][PASSED] - Keys '09/30/2020' sent to object: 'Object Repository/FDR-Receipt/FDR-Receipt-Header/Edit/payDate'

2020-09-08 11:38:48 - [TEST_STEP][PASSED] - waitForElementPresent(findTestObject("FDR-Receipt/FDR-Receipt-Header/View/deposit ID"), 5): Object 'Object Repository/FDR-Receipt/FDR-Receipt-Header/View/deposit ID' is present

2020-09-08 11:38:49 - [MESSAGE][PASSED] - Object 'Object Repository/FDR-Receipt/FDR-Receipt-Header/View/deposit ID' is present

2020-09-08 11:38:49 - [TEST_STEP][PASSED] - sendKeys(findTestObject("FDR-Receipt/FDR-Receipt-Header/View/deposit ID"), newDepositId): Keys '2294346' sent to object: 'Object Repository/FDR-Receipt/FDR-Receipt-Header/View/deposit ID'

2020-09-08 11:38:49 - [MESSAGE][PASSED] - Keys '2294346' sent to object: 'Object Repository/FDR-Receipt/FDR-Receipt-Header/View/deposit ID'

2020-09-08 11:38:49 - [TEST_STEP][PASSED] - waitForElementPresent(findTestObject("FDR-Receipt/FDR-ReceiptBatch/receiptNotes"), 5): Object 'Object Repository/FDR-Receipt/FDR-ReceiptBatch/receiptNotes' is present

2020-09-08 11:38:50 - [MESSAGE][PASSED] - Object 'Object Repository/FDR-Receipt/FDR-ReceiptBatch/receiptNotes' is present

2020-09-08 11:38:50 - [TEST_STEP][PASSED] - sendKeys(findTestObject("FDR-Receipt/FDR-ReceiptBatch/receiptNotes"), Receiptnotes): Keys 'rqewrq' sent to object: 'Object Repository/FDR-Receipt/FDR-ReceiptBatch/receiptNotes'

2020-09-08 11:38:50 - [MESSAGE][PASSED] - Keys 'rqewrq' sent to object: 'Object Repository/FDR-Receipt/FDR-ReceiptBatch/receiptNotes'

2020-09-08 11:38:50 - [TEST_STEP][PASSED] - waitForElementPresent(findTestObject("FDR-Receipt/FDR-Receipt-Header/View/remittanceNo"), 5): Object 'Object Repository/FDR-Receipt/FDR-Receipt-Header/View/remittanceNo' is present

2020-09-08 11:38:51 - [MESSAGE][PASSED] - Object 'Object Repository/FDR-Receipt/FDR-Receipt-Header/View/remittanceNo' is present

2020-09-08 11:38:51 - [TEST_STEP][PASSED] - sendKeys(findTestObject("FDR-Receipt/FDR-Receipt-Header/View/remittanceNo"), Remittance): Keys '1234' sent to object: 'Object Repository/FDR-Receipt/FDR-Receipt-Header/View/remittanceNo'

2020-09-08 11:38:51 - [MESSAGE][PASSED] - Keys '1234' sent to object: 'Object Repository/FDR-Receipt/FDR-Receipt-Header/View/remittanceNo'

2020-09-08 11:38:51 - [TEST_STEP][PASSED] - waitForElementPresent(findTestObject("FDR-Receipt/FDR-Receipt-Header/View/controllerNo"), 5): Object 'Object Repository/FDR-Receipt/FDR-Receipt-Header/View/controllerNo' is present

2020-09-08 11:38:51 - [MESSAGE][PASSED] - Object 'Object Repository/FDR-Receipt/FDR-Receipt-Header/View/controllerNo' is present

2020-09-08 11:38:51 - [TEST_STEP][PASSED] - sendKeys(findTestObject("FDR-Receipt/FDR-Receipt-Header/View/controllerNo"), Controller): Keys '4567' sent to object: 'Object Repository/FDR-Receipt/FDR-Receipt-Header/View/controllerNo'

2020-09-08 11:38:52 - [MESSAGE][PASSED] - Keys '4567' sent to object: 'Object Repository/FDR-Receipt/FDR-Receipt-Header/View/controllerNo'

2020-09-08 11:38:52 - [TEST_STEP][PASSED] - waitForElementPresent(findTestObject("FDR-Receipt/FDR-Receipt-Header/View/buttonNext"), 5): Object 'Object Repository/FDR-Receipt/FDR-Receipt-Header/View/buttonNext' is present

2020-09-08 11:38:52 - [MESSAGE][PASSED] - Object 'Object Repository/FDR-Receipt/FDR-Receipt-Header/View/buttonNext' is present

2020-09-08 11:38:52 - [TEST_STEP][PASSED] - click(findTestObject("FDR-Receipt/FDR-Receipt-Header/View/buttonNext")): Object: 'Object Repository/FDR-Receipt/FDR-Receipt-Header/View/buttonNext' is clicked on

2020-09-08 11:38:53 - [MESSAGE][PASSED] - Object: 'Object Repository/FDR-Receipt/FDR-Receipt-Header/View/buttonNext' is clicked on

2020-09-08 11:38:53 - [TEST_STEP][PASSED] - waitForElementPresent(findTestObject("FDR-Receipt/FDR-ReceiptBatch/colorRA"), 5): Object 'Object Repository/FDR-Receipt/FDR-ReceiptBatch/colorRA' is present

2020-09-08 11:38:54 - [MESSAGE][PASSED] - Object 'Object Repository/FDR-Receipt/FDR-ReceiptBatch/colorRA' is present

2020-09-08 11:38:54 - [TEST_STEP][PASSED] - css_color_RA = getCSSValue(findTestObject("FDR-Receipt/FDR-ReceiptBatch/colorRA"), "color"): Get CSS 'color' value on 'Object Repository/FDR-Receipt/FDR-ReceiptBatch/colorRA' successfully: 'rgba(71, 185, 112, 1)'.

2020-09-08 11:38:54 - [MESSAGE][PASSED] - Get CSS 'color' value on 'Object Repository/FDR-Receipt/FDR-ReceiptBatch/colorRA' successfully: 'rgba(71, 185, 112, 1)'.

2020-09-08 11:38:54 - [TEST_STEP][PASSED] - css_color_CA = getCSSValue(findTestObject("FDR-Receipt/FDR-ReceiptBatch/colorCA"), "color"): Get CSS 'color' value on 'Object Repository/FDR-Receipt/FDR-ReceiptBatch/colorCA' successfully: 'rgba(71, 185, 112, 1)'.

2020-09-08 11:38:55 - [MESSAGE][PASSED] - Get CSS 'color' value on 'Object Repository/FDR-Receipt/FDR-ReceiptBatch/colorCA' successfully: 'rgba(71, 185, 112, 1)'.

2020-09-08 11:38:55 - [TEST_STEP][PASSED] - verifyEqual(css_color_RA, "rgba(71, 185, 112, 1)"): Actual object 'rgba(71, 185, 112, 1)' and expected object 'rgba(71, 185, 112, 1)' are equal

2020-09-08 11:38:55 - [MESSAGE][PASSED] - Actual object 'rgba(71, 185, 112, 1)' and expected object 'rgba(71, 185, 112, 1)' are equal

2020-09-08 11:38:55 - [TEST_STEP][PASSED] - if (css_color_RA == "rgba(71, 185, 112, 1)" && css_color_CA == "rgba(71, 185, 112, 1)"): Object 'Object Repository/FDR-Receipt/FDR-ReceiptBatch/reviewButton' is clickable

2020-09-08 11:38:55 - [TEST_STEP][PASSED] - verifyElementClickable(findTestObject("FDR-Receipt/FDR-ReceiptBatch/reviewButton")): Object 'Object Repository/FDR-Receipt/FDR-ReceiptBatch/reviewButton' is clickable

2020-09-08 11:38:55 - [MESSAGE][PASSED] - Object 'Object Repository/FDR-Receipt/FDR-ReceiptBatch/reviewButton' is clickable

2020-09-08 11:38:55 - [TEST_STEP][PASSED] - Start listener action : sampleAfterTestCase: Browser is closed

2020-09-08 11:38:55 - [TEST_STEP][PASSED] - profileName = getExecutionProfile(): null

2020-09-08 11:38:55 - [TEST_STEP][PASSED] - switch (profileName): null

2020-09-08 11:38:55 - [TEST_STEP][PASSED] - if (!(skipBeforeAndAfterTestCase)): Browser is closed

2020-09-08 11:38:55 - [TEST_STEP][PASSED] - Uifunctions.logoutFDR(): Browser is closed

2020-09-08 11:38:55 - [MESSAGE][PASSED] - Browser is closed

2020-09-08 11:38:55 - [TEST_STEP][PASSED] - Start listener action : afterTestCase: null

2020-09-08 11:38:55 - [TEST_STEP][PASSED] - profileName = getExecutionProfile(): null

2020-09-08 11:38:55 - [TEST_STEP][PASSED] - if (profileName.equalsIgnoreCase("SysAdmin")): null

2020-09-08 11:38:55 - [TEST_STEP][PASSED] - Start listener action : sampleAfterTestCase: null

2020-09-08 11:38:55 - [TEST_STEP][PASSED] - profileName = getExecutionProfile(): null

2020-09-08 11:38:55 - [TEST_STEP][PASSED] - switch (profileName): null

2020-09-08 11:38:55 - [TEST_STEP][PASSED] - Default: null

2020-09-08 11:38:55 - [TEST_STEP][PASSED] - return null: null

2020-09-08 11:38:55 - [TEST_STEP][PASSED] - Start listener action : addFailedTCToList: null]]></system-out>
         <system-err><![CDATA[]]></system-err>
      </testcase>
      <testcase name="Test Cases/WEB-UI-TESTS/Receipt/FDR-Validate-Updated-Receipt-DistributionLine" time="74.747" classname="Test Cases/WEB-UI-TESTS/Receipt/FDR-Validate-Updated-Receipt-DistributionLine" status="PASSED">
         <system-out><![CDATA[2020-09-08 11:38:56 - [TEST_CASE][PASSED] - Test Cases/WEB-UI-TESTS/Receipt/FDR-Validate-Updated-Receipt-DistributionLine: Test Cases/WEB-UI-TESTS/Receipt/FDR-Validate-Updated-Receipt-DistributionLine

2020-09-08 11:38:56 - [TEST_STEP][PASSED] - Start listener action : sampleBeforeTestCase: Navigate to 'https://fdr-katalon.cammis-mod-dev.dhcs.ca.gov' successfully

2020-09-08 11:38:56 - [TEST_STEP][PASSED] - profileName = getExecutionProfile(): null

2020-09-08 11:38:56 - [TEST_STEP][PASSED] - switch (profileName): null

2020-09-08 11:38:56 - [TEST_STEP][PASSED] - testCaseId = testCaseContext.getTestCaseId(): null

2020-09-08 11:38:56 - [TEST_STEP][PASSED] - if (!(skipBeforeAndAfterTestCase)): Navigate to 'https://fdr-katalon.cammis-mod-dev.dhcs.ca.gov' successfully

2020-09-08 11:38:56 - [TEST_STEP][PASSED] - if (account7TestCases.contains(testCaseId)): Object: 'Object Repository/FDR-SignIn/SignInButton' is clicked on

2020-09-08 11:38:56 - [TEST_STEP][PASSED] - Uifunctions.loginFDR(accountsAdmin, accountsAdminPwd): Object: 'Object Repository/FDR-SignIn/SignInButton' is clicked on

2020-09-08 11:38:56 - [MESSAGE][INFO] - Starting 'Chrome' driver

2020-09-08 11:38:56 - [MESSAGE][INFO] - Action delay is set to 0 milliseconds

2020-09-08 11:38:59 - [MESSAGE][PASSED] - Browser is opened with url: ''

2020-09-08 11:39:01 - [MESSAGE][PASSED] - Current window maximized

2020-09-08 11:39:02 - [MESSAGE][PASSED] - Navigate to 'https://fdr-katalon.cammis-mod-dev.dhcs.ca.gov' successfully

2020-09-08 11:39:04 - [MESSAGE][PASSED] - Object 'Object Repository/FDR-SignIn/SignInEmail' is present

2020-09-08 11:39:04 - [MESSAGE][PASSED] - Object: 'Object Repository/FDR-SignIn/SignInEmail' is clicked on

2020-09-08 11:39:04 - [MESSAGE][PASSED] - Object 'Object Repository/FDR-SignIn/SignInEmail' is present

2020-09-08 11:39:05 - [MESSAGE][PASSED] - Text 'fdr.test4@dhcs.ca.gov' is set on object 'Object Repository/FDR-SignIn/SignInEmail'

2020-09-08 11:39:05 - [MESSAGE][PASSED] - Object 'Object Repository/FDR-SignIn/SignInEmailNext' is visible

2020-09-08 11:39:05 - [MESSAGE][PASSED] - Object: 'Object Repository/FDR-SignIn/SignInEmailNext' is clicked on

2020-09-08 11:39:08 - [MESSAGE][PASSED] - Object 'Object Repository/FDR-SignIn/SignInEmailPassword' is visible

2020-09-08 11:39:09 - [MESSAGE][PASSED] - Object: 'Object Repository/FDR-SignIn/SignInEmailPassword' is clicked on

2020-09-08 11:39:09 - [MESSAGE][PASSED] - Text ****** has been set on object 'Object Repository/FDR-SignIn/SignInEmailPassword'

2020-09-08 11:39:11 - [MESSAGE][PASSED] - Object: 'Object Repository/FDR-SignIn/SignInButton' is clicked on

2020-09-08 11:39:11 - [TEST_STEP][PASSED] - navigateToUrl(URL): Navigate to 'https://fdr-katalon.cammis-mod-dev.dhcs.ca.gov' successfully

2020-09-08 11:39:12 - [MESSAGE][PASSED] - Navigate to 'https://fdr-katalon.cammis-mod-dev.dhcs.ca.gov' successfully

2020-09-08 11:39:12 - [TEST_STEP][PASSED] - Start listener action : beforeTestCase: null

2020-09-08 11:39:12 - [TEST_STEP][PASSED] - profileName = getExecutionProfile(): null

2020-09-08 11:39:12 - [TEST_STEP][PASSED] - if (profileName.equalsIgnoreCase("SysAdmin")): null

2020-09-08 11:39:12 - [TEST_STEP][PASSED] - Start listener action : sampleBeforeTestCase: null

2020-09-08 11:39:12 - [TEST_STEP][PASSED] - profileName = getExecutionProfile(): null

2020-09-08 11:39:12 - [TEST_STEP][PASSED] - testCaseId = testCaseContext.getTestCaseId(): null

2020-09-08 11:39:12 - [TEST_STEP][PASSED] - switch (profileName): null

2020-09-08 11:39:12 - [TEST_STEP][PASSED] - Default: null

2020-09-08 11:39:12 - [TEST_STEP][PASSED] - return null: null

2020-09-08 11:39:12 - [TEST_STEP][PASSED] - Start listener action : executeRows: null

2020-09-08 11:39:12 - [TEST_STEP][PASSED] - d = Date().plus(1): null

2020-09-08 11:39:12 - [TEST_STEP][PASSED] - dd = Date().plus(2): null

2020-09-08 11:39:12 - [TEST_STEP][PASSED] - servicedatefrom = d.format("MM/dd/yyyy"): null

2020-09-08 11:39:12 - [TEST_STEP][PASSED] - servicedateto = dd.format("MM/dd/yyyy"): null

2020-09-08 11:39:12 - [TEST_STEP][PASSED] - newDepositId = RandomStringUtils.randomNumeric(7): null

2020-09-08 11:39:12 - [TEST_STEP][PASSED] - editors.createReceipt(Drawdate, Paydate, newDepositId, Receiptnotes): Object: 'Object Repository/FDR-Receipt/FDR-Receipt-Header/View/buttonNext' is clicked on

2020-09-08 11:39:17 - [MESSAGE][INFO] - Unable to find the element located by 'By.xpath: //*[@data-id='button-link']//*[contains(text(),'Create New Voucher')]'. Please recheck the objects properties to make sure the desired element is located. 

2020-09-08 11:39:17 - [MESSAGE][WARNING] - Object 'Object Repository/FDR-Dashboard/createNewVoucherButton' is not present after 4 second(s)

2020-09-08 11:39:17 - [MESSAGE][PASSED] - Object 'Object Repository/FDR-Receipt/FDR-Receipt-Dashboard/createNew_ReceiptBatch_Button' is present

2020-09-08 11:39:18 - [MESSAGE][PASSED] - Object: 'Object Repository/FDR-Receipt/FDR-Receipt-Dashboard/createNew_ReceiptBatch_Button' is clicked on

2020-09-08 11:39:18 - [MESSAGE][PASSED] - Object 'Object Repository/FDR-Receipt/FDR-Receipt-Header/View/inputDrawDate' is present

2020-09-08 11:39:19 - [MESSAGE][PASSED] - Text '09/28/2020' is set on object 'Object Repository/FDR-Receipt/FDR-Receipt-Header/View/inputDrawDate'

2020-09-08 11:39:20 - [MESSAGE][PASSED] - Keys 'TAB + ENTER + ENTER + ' sent to object: 'Object Repository/FDR-Receipt/FDR-Receipt-Header/View/inputDrawDate'

2020-09-08 11:39:21 - [MESSAGE][PASSED] - Object 'Object Repository/FDR-Receipt/FDR-Receipt-Header/Edit/payDate' is present

2020-09-08 11:39:22 - [MESSAGE][PASSED] - Text '09/30/2020' is set on object 'Object Repository/FDR-Receipt/FDR-Receipt-Header/Edit/payDate'

2020-09-08 11:39:22 - [MESSAGE][PASSED] - Object 'Object Repository/FDR-Receipt/FDR-Receipt-Header/View/deposit ID' is present

2020-09-08 11:39:23 - [MESSAGE][PASSED] - Text '7045085' is set on object 'Object Repository/FDR-Receipt/FDR-Receipt-Header/View/deposit ID'

2020-09-08 11:39:24 - [MESSAGE][PASSED] - Object 'Object Repository/FDR-Receipt/FDR-ReceiptBatch/receiptNotes' is present

2020-09-08 11:39:24 - [MESSAGE][PASSED] - Text 'rqewrq' is set on object 'Object Repository/FDR-Receipt/FDR-ReceiptBatch/receiptNotes'

2020-09-08 11:39:25 - [MESSAGE][PASSED] - Object 'Object Repository/FDR-Receipt/FDR-Receipt-Header/Edit/remmitanceAdviceInput' is present

2020-09-08 11:39:25 - [MESSAGE][PASSED] - Keys '' sent to object: 'Object Repository/FDR-Receipt/FDR-Receipt-Header/Edit/remmitanceAdviceInput'

2020-09-08 11:39:26 - [MESSAGE][PASSED] - Object 'Object Repository/FDR-Receipt/FDR-Receipt-Header/Edit/controllerReceiptInput' is present

2020-09-08 11:39:26 - [MESSAGE][PASSED] - Keys '' sent to object: 'Object Repository/FDR-Receipt/FDR-Receipt-Header/Edit/controllerReceiptInput'

2020-09-08 11:39:26 - [MESSAGE][PASSED] - Object 'Object Repository/FDR-Receipt/FDR-Receipt-Header/View/buttonNext' is present

2020-09-08 11:39:27 - [MESSAGE][PASSED] - Object: 'Object Repository/FDR-Receipt/FDR-Receipt-Header/View/buttonNext' is clicked on

2020-09-08 11:39:27 - [TEST_STEP][PASSED] - editors.createReceiptline(ReceiptID, SupplierID, DepositDate): Object: 'Object Repository/FDR-Receipt/FDR-Receipt-Checkline/View/addReceipt_Button2' is clicked on

2020-09-08 11:39:28 - [MESSAGE][PASSED] - Object 'Object Repository/FDR-Receipt/FDR-Receipt-Checkline/View/receipt_ID' is present

2020-09-08 11:39:28 - [MESSAGE][PASSED] - Keys 'CHK10322' sent to object: 'Object Repository/FDR-Receipt/FDR-Receipt-Checkline/View/receipt_ID'

2020-09-08 11:39:29 - [MESSAGE][PASSED] - Object 'Object Repository/FDR-Receipt/FDR-Receipt-Checkline/View/supplier_Id' is present

2020-09-08 11:39:29 - [MESSAGE][PASSED] - Object: 'Object Repository/FDR-Receipt/FDR-Receipt-Checkline/View/supplier_Id' is clicked on

2020-09-08 11:39:30 - [MESSAGE][PASSED] - Keys '0000007954' sent to object: 'Object Repository/FDR-Receipt/FDR-Receipt-Checkline/View/supplier_Id'

2020-09-08 11:39:30 - [MESSAGE][PASSED] - Keys 'DOWN + ENTER + ' sent to object: 'Object Repository/FDR-Receipt/FDR-Receipt-Checkline/View/supplier_Id'

2020-09-08 11:39:31 - [MESSAGE][PASSED] - Object 'Object Repository/FDR-Receipt/FDR-Receipt-Checkline/View/deposit_Date' is present

2020-09-08 11:39:31 - [MESSAGE][PASSED] - Keys '02/24/2020' sent to object: 'Object Repository/FDR-Receipt/FDR-Receipt-Checkline/View/deposit_Date'

2020-09-08 11:39:36 - [MESSAGE][INFO] - Unable to find the element located by 'By.xpath: //*[@data-id='button-link']//*[contains(text(),'Create New Voucher')]'. Please recheck the objects properties to make sure the desired element is located. 

2020-09-08 11:39:36 - [MESSAGE][WARNING] - Object 'Object Repository/FDR-Dashboard/createNewVoucherButton' is not present after 4 second(s)

2020-09-08 11:39:37 - [MESSAGE][PASSED] - Object 'Object Repository/FDR-Receipt/FDR-Receipt-Checkline/View/addReceipt_Button2' is present

2020-09-08 11:39:37 - [MESSAGE][PASSED] - Object: 'Object Repository/FDR-Receipt/FDR-Receipt-Checkline/View/addReceipt_Button2' is clicked on

2020-09-08 11:39:37 - [TEST_STEP][PASSED] - editors.createReceiptDistributionLine(servicedatefrom, servicedateto, amount, waiverType, waiverName, fundingSource, fundCode, fundRatio, nonFederalFund, serviceLocation, index, programType, serviceCategory, increaseDecreaseLine, accountId, altAccountId): Object: 'Object Repository/FDR-Receipt/FDR-Receipt-DistributionLine/FDR-AddEdit-DistributionLine/button_SaveClose' is clicked on

2020-09-08 11:39:38 - [MESSAGE][PASSED] - Object 'Object Repository/FDR-Receipt/FDR-Receipt-DistributionLine/FDR-AddEdit-DistributionLine/arrow_Down' is clickable

2020-09-08 11:39:38 - [MESSAGE][PASSED] - Object: 'Object Repository/FDR-Receipt/FDR-Receipt-DistributionLine/FDR-AddEdit-DistributionLine/arrow_Down' is clicked on

2020-09-08 11:39:39 - [MESSAGE][PASSED] - Object 'Object Repository/FDR-Receipt/FDR-Receipt-DistributionLine/FDR-AddEdit-DistributionLine/button_Add-Invoiceline' is present

2020-09-08 11:39:39 - [MESSAGE][PASSED] - Scroll to object 'Object Repository/FDR-Receipt/FDR-Receipt-DistributionLine/FDR-AddEdit-DistributionLine/button_Add-Invoiceline' successfully

2020-09-08 11:39:39 - [MESSAGE][PASSED] - Object 'Object Repository/FDR-Receipt/FDR-Receipt-DistributionLine/FDR-AddEdit-DistributionLine/button_Add-Invoiceline' is clickable

2020-09-08 11:39:40 - [MESSAGE][PASSED] - Object: 'Object Repository/FDR-Receipt/FDR-Receipt-DistributionLine/FDR-AddEdit-DistributionLine/button_Add-Invoiceline' is clicked on

2020-09-08 11:39:40 - [MESSAGE][PASSED] - Object 'Object Repository/FDR-Receipt/FDR-Receipt-DistributionLine/FDR-AddEdit-DistributionLine/invoice_Searchfield' is present

2020-09-08 11:39:41 - [MESSAGE][PASSED] - Keys 'MC' sent to object: 'Object Repository/FDR-Receipt/FDR-Receipt-DistributionLine/FDR-AddEdit-DistributionLine/invoice_Searchfield'

2020-09-08 11:39:42 - [MESSAGE][PASSED] - Object: 'Object Repository/FDR-Receipt/FDR-Receipt-DistributionLine/FDR-AddEdit-DistributionLine/button_Add_invoicemanually' is clicked on

2020-09-08 11:39:42 - [MESSAGE][PASSED] - Object 'Object Repository/FDR-Receipt/FDR-Receipt-DistributionLine/FDR-AddEdit-DistributionLine/input_Service date (from)' is present

2020-09-08 11:39:43 - [MESSAGE][PASSED] - Keys '09/09/2020' sent to object: 'Object Repository/FDR-Receipt/FDR-Receipt-DistributionLine/FDR-AddEdit-DistributionLine/input_Service date (from)'

2020-09-08 11:39:43 - [MESSAGE][PASSED] - Object 'Object Repository/FDR-Receipt/FDR-Receipt-DistributionLine/FDR-AddEdit-DistributionLine/input_Service date (to)' is present

2020-09-08 11:39:44 - [MESSAGE][PASSED] - Keys '09/10/2020' sent to object: 'Object Repository/FDR-Receipt/FDR-Receipt-DistributionLine/FDR-AddEdit-DistributionLine/input_Service date (to)'

2020-09-08 11:39:44 - [MESSAGE][PASSED] - Object 'Object Repository/FDR-Receipt/FDR-Receipt-DistributionLine/FDR-AddEdit-DistributionLine/input_Amount' is present

2020-09-08 11:39:45 - [MESSAGE][PASSED] - Keys '3000' sent to object: 'Object Repository/FDR-Receipt/FDR-Receipt-DistributionLine/FDR-AddEdit-DistributionLine/input_Amount'

2020-09-08 11:39:45 - [MESSAGE][PASSED] - Object 'Object Repository/FDR-Receipt/FDR-Receipt-DistributionLine/FDR-AddEdit-DistributionLine/waiver_Type' is present

2020-09-08 11:39:45 - [MESSAGE][PASSED] - Object 'Object Repository/FDR-Receipt/FDR-Receipt-DistributionLine/FDR-AddEdit-DistributionLine/waiver_Type' is present

2020-09-08 11:39:46 - [MESSAGE][PASSED] - Keys '2020' sent to object: 'Object Repository/FDR-Receipt/FDR-Receipt-DistributionLine/FDR-AddEdit-DistributionLine/waiver_Type'

2020-09-08 11:39:47 - [MESSAGE][PASSED] - Keys 'DOWN + ENTER + ' sent to object: 'Object Repository/FDR-Receipt/FDR-Receipt-DistributionLine/FDR-AddEdit-DistributionLine/waiver_Type'

2020-09-08 11:39:47 - [MESSAGE][PASSED] - Object 'Object Repository/FDR-Receipt/FDR-Receipt-DistributionLine/FDR-AddEdit-DistributionLine/waiver_Name' is present

2020-09-08 11:39:47 - [MESSAGE][PASSED] - Keys 'A-FamilyU TPM/GMC' sent to object: 'Object Repository/FDR-Receipt/FDR-Receipt-DistributionLine/FDR-AddEdit-DistributionLine/waiver_Name'

2020-09-08 11:39:48 - [MESSAGE][PASSED] - Keys 'DOWN + ENTER + ' sent to object: 'Object Repository/FDR-Receipt/FDR-Receipt-DistributionLine/FDR-AddEdit-DistributionLine/waiver_Name'

2020-09-08 11:39:48 - [MESSAGE][PASSED] - Object 'Object Repository/FDR-Receipt/FDR-Receipt-DistributionLine/FDR-AddEdit-DistributionLine/funding_Source' is present

2020-09-08 11:39:49 - [MESSAGE][PASSED] - Keys 'Dental' sent to object: 'Object Repository/FDR-Receipt/FDR-Receipt-DistributionLine/FDR-AddEdit-DistributionLine/funding_Source'

2020-09-08 11:39:49 - [MESSAGE][PASSED] - Keys 'DOWN + ENTER + ' sent to object: 'Object Repository/FDR-Receipt/FDR-Receipt-DistributionLine/FDR-AddEdit-DistributionLine/funding_Source'

2020-09-08 11:39:50 - [MESSAGE][PASSED] - Object 'Object Repository/FDR-Receipt/FDR-Receipt-DistributionLine/FDR-AddEdit-DistributionLine/fund_Code' is present

2020-09-08 11:39:50 - [MESSAGE][PASSED] - Keys 'Health Care Deposit Fund (0912)' sent to object: 'Object Repository/FDR-Receipt/FDR-Receipt-DistributionLine/FDR-AddEdit-DistributionLine/fund_Code'

2020-09-08 11:39:50 - [MESSAGE][PASSED] - Keys 'DOWN + ENTER + ' sent to object: 'Object Repository/FDR-Receipt/FDR-Receipt-DistributionLine/FDR-AddEdit-DistributionLine/fund_Code'

2020-09-08 11:39:51 - [MESSAGE][PASSED] - Object 'Object Repository/FDR-Receipt/FDR-Receipt-DistributionLine/FDR-AddEdit-DistributionLine/fund_Ratio' is present

2020-09-08 11:39:51 - [MESSAGE][PASSED] - Keys '5' sent to object: 'Object Repository/FDR-Receipt/FDR-Receipt-DistributionLine/FDR-AddEdit-DistributionLine/fund_Ratio'

2020-09-08 11:39:52 - [MESSAGE][PASSED] - Keys 'DOWN + ENTER + ' sent to object: 'Object Repository/FDR-Receipt/FDR-Receipt-DistributionLine/FDR-AddEdit-DistributionLine/fund_Ratio'

2020-09-08 11:39:52 - [MESSAGE][PASSED] - Object 'Object Repository/FDR-Receipt/FDR-Receipt-DistributionLine/FDR-AddEdit-DistributionLine/non_Federalfund' is present

2020-09-08 11:39:53 - [MESSAGE][PASSED] - Keys '0001' sent to object: 'Object Repository/FDR-Receipt/FDR-Receipt-DistributionLine/FDR-AddEdit-DistributionLine/non_Federalfund'

2020-09-08 11:39:53 - [MESSAGE][PASSED] - Keys 'DOWN + ENTER + ' sent to object: 'Object Repository/FDR-Receipt/FDR-Receipt-DistributionLine/FDR-AddEdit-DistributionLine/non_Federalfund'

2020-09-08 11:39:54 - [MESSAGE][PASSED] - Object 'Object Repository/FDR-Receipt/FDR-Receipt-DistributionLine/FDR-AddEdit-DistributionLine/inputAccountId' is present

2020-09-08 11:39:54 - [MESSAGE][PASSED] - Keys '5432000' sent to object: 'Object Repository/FDR-Receipt/FDR-Receipt-DistributionLine/FDR-AddEdit-DistributionLine/inputAccountId'

2020-09-08 11:39:55 - [MESSAGE][PASSED] - Keys 'DOWN + ENTER + ' sent to object: 'Object Repository/FDR-Receipt/FDR-Receipt-DistributionLine/FDR-AddEdit-DistributionLine/inputAccountId'

2020-09-08 11:39:55 - [MESSAGE][PASSED] - Object 'Object Repository/FDR-Receipt/FDR-Receipt-DistributionLine/FDR-AddEdit-DistributionLine/inputAltAccountId' is present

2020-09-08 11:39:55 - [MESSAGE][PASSED] - Keys '5432000019' sent to object: 'Object Repository/FDR-Receipt/FDR-Receipt-DistributionLine/FDR-AddEdit-DistributionLine/inputAltAccountId'

2020-09-08 11:39:56 - [MESSAGE][PASSED] - Keys 'DOWN + ENTER + ' sent to object: 'Object Repository/FDR-Receipt/FDR-Receipt-DistributionLine/FDR-AddEdit-DistributionLine/inputAltAccountId'

2020-09-08 11:39:56 - [MESSAGE][PASSED] - Object 'Object Repository/FDR-Receipt/FDR-Receipt-DistributionLine/FDR-AddEdit-DistributionLine/input_Service location_serviceLocation' is present

2020-09-08 11:39:57 - [MESSAGE][PASSED] - Keys '3445' sent to object: 'Object Repository/FDR-Receipt/FDR-Receipt-DistributionLine/FDR-AddEdit-DistributionLine/input_Service location_serviceLocation'

2020-09-08 11:39:57 - [MESSAGE][PASSED] - Keys 'DOWN + ENTER + ' sent to object: 'Object Repository/FDR-Receipt/FDR-Receipt-DistributionLine/FDR-AddEdit-DistributionLine/input_Service location_serviceLocation'

2020-09-08 11:39:57 - [MESSAGE][PASSED] - Object 'Object Repository/FDR-Receipt/FDR-Receipt-DistributionLine/FDR-AddEdit-DistributionLine/Index' is present

2020-09-08 11:39:58 - [MESSAGE][PASSED] - Keys '1155' sent to object: 'Object Repository/FDR-Receipt/FDR-Receipt-DistributionLine/FDR-AddEdit-DistributionLine/Index'

2020-09-08 11:39:58 - [MESSAGE][PASSED] - Keys 'DOWN + ENTER + ' sent to object: 'Object Repository/FDR-Receipt/FDR-Receipt-DistributionLine/FDR-AddEdit-DistributionLine/Index'

2020-09-08 11:39:59 - [MESSAGE][PASSED] - Object 'Object Repository/FDR-Receipt/FDR-Receipt-DistributionLine/FDR-AddEdit-DistributionLine/program_Type' is present

2020-09-08 11:39:59 - [MESSAGE][PASSED] - Keys 'Medical Assistance (MA)' sent to object: 'Object Repository/FDR-Receipt/FDR-Receipt-DistributionLine/FDR-AddEdit-DistributionLine/program_Type'

2020-09-08 11:40:00 - [MESSAGE][PASSED] - Keys 'DOWN + ENTER + ' sent to object: 'Object Repository/FDR-Receipt/FDR-Receipt-DistributionLine/FDR-AddEdit-DistributionLine/program_Type'

2020-09-08 11:40:00 - [MESSAGE][PASSED] - Object 'Object Repository/FDR-Receipt/FDR-Receipt-DistributionLine/FDR-AddEdit-DistributionLine/service_Category' is present

2020-09-08 11:40:01 - [MESSAGE][PASSED] - Keys '18B1' sent to object: 'Object Repository/FDR-Receipt/FDR-Receipt-DistributionLine/FDR-AddEdit-DistributionLine/service_Category'

2020-09-08 11:40:01 - [MESSAGE][PASSED] - Keys 'DOWN + ENTER + ' sent to object: 'Object Repository/FDR-Receipt/FDR-Receipt-DistributionLine/FDR-AddEdit-DistributionLine/service_Category'

2020-09-08 11:40:02 - [MESSAGE][PASSED] - Object 'Object Repository/FDR-Receipt/FDR-Receipt-DistributionLine/FDR-AddEdit-DistributionLine/increaseDecreaseLine' is present

2020-09-08 11:40:02 - [MESSAGE][PASSED] - Keys '10b: Receipts or any decrease' sent to object: 'Object Repository/FDR-Receipt/FDR-Receipt-DistributionLine/FDR-AddEdit-DistributionLine/increaseDecreaseLine'

2020-09-08 11:40:03 - [MESSAGE][PASSED] - Keys 'DOWN + ENTER + ' sent to object: 'Object Repository/FDR-Receipt/FDR-Receipt-DistributionLine/FDR-AddEdit-DistributionLine/increaseDecreaseLine'

2020-09-08 11:40:03 - [MESSAGE][PASSED] - Object 'Object Repository/FDR-Receipt/FDR-Receipt-DistributionLine/FDR-AddEdit-DistributionLine/button_SaveClose' is present

2020-09-08 11:40:04 - [MESSAGE][PASSED] - Object 'Object Repository/FDR-Receipt/FDR-Receipt-DistributionLine/FDR-AddEdit-DistributionLine/button_SaveClose' is clickable

2020-09-08 11:40:04 - [MESSAGE][PASSED] - Object: 'Object Repository/FDR-Receipt/FDR-Receipt-DistributionLine/FDR-AddEdit-DistributionLine/button_SaveClose' is clicked on

2020-09-08 11:40:04 - [TEST_STEP][PASSED] - waitForElementPresent(findTestObject("FDR-Receipt/FDR-Receipt-DistributionLine/FDR-View-DitributionLine/InvoiceNumberTitle"), 3, STOP_ON_FAILURE): Object 'Object Repository/FDR-Receipt/FDR-Receipt-DistributionLine/FDR-View-DitributionLine/InvoiceNumberTitle' is present

2020-09-08 11:40:06 - [MESSAGE][PASSED] - Object 'Object Repository/FDR-Receipt/FDR-Receipt-DistributionLine/FDR-View-DitributionLine/InvoiceNumberTitle' is present

2020-09-08 11:40:06 - [TEST_STEP][PASSED] - waitForElementPresent(findTestObject("FDR-Receipt/FDR-Receipt-DistributionLine/FDR-View-DitributionLine/FundCodeTitle"), 3, STOP_ON_FAILURE): Object 'Object Repository/FDR-Receipt/FDR-Receipt-DistributionLine/FDR-View-DitributionLine/FundCodeTitle' is present

2020-09-08 11:40:06 - [MESSAGE][PASSED] - Object 'Object Repository/FDR-Receipt/FDR-Receipt-DistributionLine/FDR-View-DitributionLine/FundCodeTitle' is present

2020-09-08 11:40:06 - [TEST_STEP][PASSED] - waitForElementPresent(findTestObject("FDR-Receipt/FDR-Receipt-DistributionLine/FDR-View-DitributionLine/FundingSourceTitle"), 3, STOP_ON_FAILURE): Object 'Object Repository/FDR-Receipt/FDR-Receipt-DistributionLine/FDR-View-DitributionLine/FundingSourceTitle' is present

2020-09-08 11:40:06 - [MESSAGE][PASSED] - Object 'Object Repository/FDR-Receipt/FDR-Receipt-DistributionLine/FDR-View-DitributionLine/FundingSourceTitle' is present

2020-09-08 11:40:06 - [TEST_STEP][PASSED] - waitForElementPresent(findTestObject("FDR-Receipt/FDR-Receipt-DistributionLine/FDR-View-DitributionLine/FundRatioTitle"), 3, STOP_ON_FAILURE): Object 'Object Repository/FDR-Receipt/FDR-Receipt-DistributionLine/FDR-View-DitributionLine/FundRatioTitle' is present

2020-09-08 11:40:07 - [MESSAGE][PASSED] - Object 'Object Repository/FDR-Receipt/FDR-Receipt-DistributionLine/FDR-View-DitributionLine/FundRatioTitle' is present

2020-09-08 11:40:07 - [TEST_STEP][PASSED] - waitForElementPresent(findTestObject("FDR-Receipt/FDR-Receipt-DistributionLine/FDR-View-DitributionLine/Non-FederalFundTitle"), 3, STOP_ON_FAILURE): Object 'Object Repository/FDR-Receipt/FDR-Receipt-DistributionLine/FDR-View-DitributionLine/Non-FederalFundTitle' is present

2020-09-08 11:40:07 - [MESSAGE][PASSED] - Object 'Object Repository/FDR-Receipt/FDR-Receipt-DistributionLine/FDR-View-DitributionLine/Non-FederalFundTitle' is present

2020-09-08 11:40:07 - [TEST_STEP][PASSED] - waitForElementPresent(findTestObject("FDR-Receipt/FDR-Receipt-DistributionLine/FDR-View-DitributionLine/FederalShareTitle"), 3, STOP_ON_FAILURE): Object 'Object Repository/FDR-Receipt/FDR-Receipt-DistributionLine/FDR-View-DitributionLine/FederalShareTitle' is present

2020-09-08 11:40:07 - [MESSAGE][PASSED] - Object 'Object Repository/FDR-Receipt/FDR-Receipt-DistributionLine/FDR-View-DitributionLine/FederalShareTitle' is present

2020-09-08 11:40:07 - [TEST_STEP][PASSED] - waitForElementPresent(findTestObject("FDR-Receipt/FDR-Receipt-DistributionLine/FDR-View-DitributionLine/Non-FederalShareTitle"), 3, STOP_ON_FAILURE): Object 'Object Repository/FDR-Receipt/FDR-Receipt-DistributionLine/FDR-View-DitributionLine/Non-FederalShareTitle' is present

2020-09-08 11:40:07 - [MESSAGE][PASSED] - Object 'Object Repository/FDR-Receipt/FDR-Receipt-DistributionLine/FDR-View-DitributionLine/Non-FederalShareTitle' is present

2020-09-08 11:40:07 - [TEST_STEP][PASSED] - waitForElementPresent(findTestObject("FDR-Receipt/FDR-Receipt-DistributionLine/FDR-View-DitributionLine/SubtotalTitle"), 3, STOP_ON_FAILURE): Object 'Object Repository/FDR-Receipt/FDR-Receipt-DistributionLine/FDR-View-DitributionLine/SubtotalTitle' is present

2020-09-08 11:40:08 - [MESSAGE][PASSED] - Object 'Object Repository/FDR-Receipt/FDR-Receipt-DistributionLine/FDR-View-DitributionLine/SubtotalTitle' is present

2020-09-08 11:40:08 - [TEST_STEP][PASSED] - waitForElementPresent(findTestObject("FDR-Receipt/FDR-Receipt-DistributionLine/FDR-View-DitributionLine/popoverIcon"), 3, STOP_ON_FAILURE): Object 'Object Repository/FDR-Receipt/FDR-Receipt-DistributionLine/FDR-View-DitributionLine/popoverIcon' is present

2020-09-08 11:40:08 - [MESSAGE][PASSED] - Object 'Object Repository/FDR-Receipt/FDR-Receipt-DistributionLine/FDR-View-DitributionLine/popoverIcon' is present

2020-09-08 11:40:08 - [TEST_STEP][PASSED] - click(findTestObject("FDR-Receipt/FDR-Receipt-DistributionLine/FDR-View-DitributionLine/popoverIcon")): Object: 'Object Repository/FDR-Receipt/FDR-Receipt-DistributionLine/FDR-View-DitributionLine/popoverIcon' is clicked on

2020-09-08 11:40:08 - [MESSAGE][PASSED] - Object: 'Object Repository/FDR-Receipt/FDR-Receipt-DistributionLine/FDR-View-DitributionLine/popoverIcon' is clicked on

2020-09-08 11:40:08 - [TEST_STEP][PASSED] - waitForElementPresent(findTestObject("FDR-Receipt/FDR-Receipt-DistributionLine/FDR-View-DitributionLine/pAccountIdText"), 3, STOP_ON_FAILURE): Object 'Object Repository/FDR-Receipt/FDR-Receipt-DistributionLine/FDR-View-DitributionLine/pAccountIdText' is present

2020-09-08 11:40:09 - [MESSAGE][PASSED] - Object 'Object Repository/FDR-Receipt/FDR-Receipt-DistributionLine/FDR-View-DitributionLine/pAccountIdText' is present

2020-09-08 11:40:09 - [TEST_STEP][PASSED] - accountIdTxt = getText(findTestObject("FDR-Receipt/FDR-Receipt-DistributionLine/FDR-View-DitributionLine/pAccountIdText"), STOP_ON_FAILURE): Text of object 'Object Repository/FDR-Receipt/FDR-Receipt-DistributionLine/FDR-View-DitributionLine/pAccountIdText' is: '5432000'

2020-09-08 11:40:09 - [MESSAGE][PASSED] - Text of object 'Object Repository/FDR-Receipt/FDR-Receipt-DistributionLine/FDR-View-DitributionLine/pAccountIdText' is: '5432000'

2020-09-08 11:40:09 - [TEST_STEP][PASSED] - waitForElementPresent(findTestObject("FDR-Receipt/FDR-Receipt-DistributionLine/FDR-View-DitributionLine/pAltAccountIdText"), 3, STOP_ON_FAILURE): Object 'Object Repository/FDR-Receipt/FDR-Receipt-DistributionLine/FDR-View-DitributionLine/pAltAccountIdText' is present

2020-09-08 11:40:09 - [MESSAGE][PASSED] - Object 'Object Repository/FDR-Receipt/FDR-Receipt-DistributionLine/FDR-View-DitributionLine/pAltAccountIdText' is present

2020-09-08 11:40:09 - [TEST_STEP][PASSED] - altAccountIdTxt = getText(findTestObject("FDR-Receipt/FDR-Receipt-DistributionLine/FDR-View-DitributionLine/pAltAccountIdText"), STOP_ON_FAILURE): Text of object 'Object Repository/FDR-Receipt/FDR-Receipt-DistributionLine/FDR-View-DitributionLine/pAltAccountIdText' is: '5432000019'

2020-09-08 11:40:10 - [MESSAGE][PASSED] - Text of object 'Object Repository/FDR-Receipt/FDR-Receipt-DistributionLine/FDR-View-DitributionLine/pAltAccountIdText' is: '5432000019'

2020-09-08 11:40:10 - [TEST_STEP][PASSED] - if (accountIdTxt == accountId && altAccountIdTxt == altAccountId): Valid Account and Alt Account

2020-09-08 11:40:10 - [TEST_STEP][PASSED] - markPassed("Valid Account and Alt Account"): Valid Account and Alt Account

2020-09-08 11:40:10 - [MESSAGE][PASSED] - Valid Account and Alt Account

2020-09-08 11:40:10 - [TEST_STEP][PASSED] - Start listener action : sampleAfterTestCase: Browser is closed

2020-09-08 11:40:10 - [TEST_STEP][PASSED] - profileName = getExecutionProfile(): null

2020-09-08 11:40:10 - [TEST_STEP][PASSED] - switch (profileName): null

2020-09-08 11:40:10 - [TEST_STEP][PASSED] - if (!(skipBeforeAndAfterTestCase)): Browser is closed

2020-09-08 11:40:10 - [TEST_STEP][PASSED] - Uifunctions.logoutFDR(): Browser is closed

2020-09-08 11:40:10 - [MESSAGE][PASSED] - Browser is closed

2020-09-08 11:40:10 - [TEST_STEP][PASSED] - Start listener action : afterTestCase: null

2020-09-08 11:40:10 - [TEST_STEP][PASSED] - profileName = getExecutionProfile(): null

2020-09-08 11:40:10 - [TEST_STEP][PASSED] - if (profileName.equalsIgnoreCase("SysAdmin")): null

2020-09-08 11:40:10 - [TEST_STEP][PASSED] - Start listener action : sampleAfterTestCase: null

2020-09-08 11:40:10 - [TEST_STEP][PASSED] - profileName = getExecutionProfile(): null

2020-09-08 11:40:10 - [TEST_STEP][PASSED] - switch (profileName): null

2020-09-08 11:40:10 - [TEST_STEP][PASSED] - Default: null

2020-09-08 11:40:10 - [TEST_STEP][PASSED] - return null: null

2020-09-08 11:40:10 - [TEST_STEP][PASSED] - Start listener action : addFailedTCToList: null]]></system-out>
         <system-err><![CDATA[]]></system-err>
      </testcase>
      <testcase name="Test Cases/WEB-UI-TESTS/Receipt/FDR-Review-Preview-Forms-Prior-Approval" time="79.853" classname="Test Cases/WEB-UI-TESTS/Receipt/FDR-Review-Preview-Forms-Prior-Approval" status="PASSED">
         <system-out><![CDATA[2020-09-08 11:40:10 - [TEST_CASE][PASSED] - Test Cases/WEB-UI-TESTS/Receipt/FDR-Review-Preview-Forms-Prior-Approval: Test Cases/WEB-UI-TESTS/Receipt/FDR-Review-Preview-Forms-Prior-Approval

2020-09-08 11:40:10 - [TEST_STEP][PASSED] - Start listener action : sampleBeforeTestCase: Navigate to 'https://fdr-katalon.cammis-mod-dev.dhcs.ca.gov' successfully

2020-09-08 11:40:10 - [TEST_STEP][PASSED] - profileName = getExecutionProfile(): null

2020-09-08 11:40:10 - [TEST_STEP][PASSED] - switch (profileName): null

2020-09-08 11:40:10 - [TEST_STEP][PASSED] - testCaseId = testCaseContext.getTestCaseId(): null

2020-09-08 11:40:10 - [TEST_STEP][PASSED] - if (!(skipBeforeAndAfterTestCase)): Navigate to 'https://fdr-katalon.cammis-mod-dev.dhcs.ca.gov' successfully

2020-09-08 11:40:10 - [TEST_STEP][PASSED] - if (account7TestCases.contains(testCaseId)): null

2020-09-08 11:40:10 - [TEST_STEP][PASSED] - else if (account10TestCases.contains(testCaseId)): null

2020-09-08 11:40:10 - [TEST_STEP][PASSED] - else: Object: 'Object Repository/FDR-SignIn/SignInButton' is clicked on

2020-09-08 11:40:10 - [TEST_STEP][PASSED] - Uifunctions.loginFDR(accountsApprover, accountsApproverPwd): Object: 'Object Repository/FDR-SignIn/SignInButton' is clicked on

2020-09-08 11:40:10 - [MESSAGE][INFO] - Starting 'Chrome' driver

2020-09-08 11:40:10 - [MESSAGE][INFO] - Action delay is set to 0 milliseconds

2020-09-08 11:40:13 - [MESSAGE][PASSED] - Browser is opened with url: ''

2020-09-08 11:40:16 - [MESSAGE][PASSED] - Current window maximized

2020-09-08 11:40:17 - [MESSAGE][PASSED] - Navigate to 'https://fdr-katalon.cammis-mod-dev.dhcs.ca.gov' successfully

2020-09-08 11:40:18 - [MESSAGE][PASSED] - Object 'Object Repository/FDR-SignIn/SignInEmail' is present

2020-09-08 11:40:18 - [MESSAGE][PASSED] - Object: 'Object Repository/FDR-SignIn/SignInEmail' is clicked on

2020-09-08 11:40:19 - [MESSAGE][PASSED] - Object 'Object Repository/FDR-SignIn/SignInEmail' is present

2020-09-08 11:40:19 - [MESSAGE][PASSED] - Text 'fdr.test3@dhcs.ca.gov' is set on object 'Object Repository/FDR-SignIn/SignInEmail'

2020-09-08 11:40:19 - [MESSAGE][PASSED] - Object 'Object Repository/FDR-SignIn/SignInEmailNext' is visible

2020-09-08 11:40:20 - [MESSAGE][PASSED] - Object: 'Object Repository/FDR-SignIn/SignInEmailNext' is clicked on

2020-09-08 11:40:23 - [MESSAGE][PASSED] - Object 'Object Repository/FDR-SignIn/SignInEmailPassword' is visible

2020-09-08 11:40:23 - [MESSAGE][PASSED] - Object: 'Object Repository/FDR-SignIn/SignInEmailPassword' is clicked on

2020-09-08 11:40:24 - [MESSAGE][PASSED] - Text ****** has been set on object 'Object Repository/FDR-SignIn/SignInEmailPassword'

2020-09-08 11:40:26 - [MESSAGE][PASSED] - Object: 'Object Repository/FDR-SignIn/SignInButton' is clicked on

2020-09-08 11:40:26 - [TEST_STEP][PASSED] - navigateToUrl(URL): Navigate to 'https://fdr-katalon.cammis-mod-dev.dhcs.ca.gov' successfully

2020-09-08 11:40:27 - [MESSAGE][PASSED] - Navigate to 'https://fdr-katalon.cammis-mod-dev.dhcs.ca.gov' successfully

2020-09-08 11:40:27 - [TEST_STEP][PASSED] - Start listener action : beforeTestCase: null

2020-09-08 11:40:27 - [TEST_STEP][PASSED] - profileName = getExecutionProfile(): null

2020-09-08 11:40:27 - [TEST_STEP][PASSED] - if (profileName.equalsIgnoreCase("SysAdmin")): null

2020-09-08 11:40:27 - [TEST_STEP][PASSED] - Start listener action : sampleBeforeTestCase: null

2020-09-08 11:40:27 - [TEST_STEP][PASSED] - profileName = getExecutionProfile(): null

2020-09-08 11:40:27 - [TEST_STEP][PASSED] - testCaseId = testCaseContext.getTestCaseId(): null

2020-09-08 11:40:27 - [TEST_STEP][PASSED] - switch (profileName): null

2020-09-08 11:40:27 - [TEST_STEP][PASSED] - Default: null

2020-09-08 11:40:27 - [TEST_STEP][PASSED] - return null: null

2020-09-08 11:40:27 - [TEST_STEP][PASSED] - Start listener action : executeRows: null

2020-09-08 11:40:28 - [TEST_STEP][PASSED] - d = Date().plus(1): null

2020-09-08 11:40:28 - [TEST_STEP][PASSED] - dd = Date().plus(2): null

2020-09-08 11:40:28 - [TEST_STEP][PASSED] - servicedatefrom = d.format("MM/dd/yyyy"): null

2020-09-08 11:40:28 - [TEST_STEP][PASSED] - servicedateto = dd.format("MM/dd/yyyy"): null

2020-09-08 11:40:28 - [TEST_STEP][PASSED] - newDepositId = RandomStringUtils.randomNumeric(7): null

2020-09-08 11:40:28 - [TEST_STEP][PASSED] - editors.createReceipt(Drawdate, Paydate, newDepositId, Receiptnotes, RA, CR): Object: 'Object Repository/FDR-Receipt/FDR-Receipt-Header/View/buttonNext' is clicked on

2020-09-08 11:40:33 - [MESSAGE][INFO] - Unable to find the element located by 'By.xpath: //*[@data-id='button-link']//*[contains(text(),'Create New Voucher')]'. Please recheck the objects properties to make sure the desired element is located. 

2020-09-08 11:40:33 - [MESSAGE][WARNING] - Object 'Object Repository/FDR-Dashboard/createNewVoucherButton' is not present after 4 second(s)

2020-09-08 11:40:33 - [MESSAGE][PASSED] - Object 'Object Repository/FDR-Receipt/FDR-Receipt-Dashboard/createNew_ReceiptBatch_Button' is present

2020-09-08 11:40:33 - [MESSAGE][PASSED] - Object: 'Object Repository/FDR-Receipt/FDR-Receipt-Dashboard/createNew_ReceiptBatch_Button' is clicked on

2020-09-08 11:40:34 - [MESSAGE][PASSED] - Object 'Object Repository/FDR-Receipt/FDR-Receipt-Header/View/inputDrawDate' is present

2020-09-08 11:40:36 - [MESSAGE][PASSED] - Text '09/28/2020' is set on object 'Object Repository/FDR-Receipt/FDR-Receipt-Header/View/inputDrawDate'

2020-09-08 11:40:36 - [MESSAGE][PASSED] - Keys 'TAB + ENTER + ENTER + ' sent to object: 'Object Repository/FDR-Receipt/FDR-Receipt-Header/View/inputDrawDate'

2020-09-08 11:40:37 - [MESSAGE][PASSED] - Object 'Object Repository/FDR-Receipt/FDR-Receipt-Header/Edit/payDate' is present

2020-09-08 11:40:38 - [MESSAGE][PASSED] - Text '09/30/2020' is set on object 'Object Repository/FDR-Receipt/FDR-Receipt-Header/Edit/payDate'

2020-09-08 11:40:39 - [MESSAGE][PASSED] - Object 'Object Repository/FDR-Receipt/FDR-Receipt-Header/View/deposit ID' is present

2020-09-08 11:40:39 - [MESSAGE][PASSED] - Text '8743328' is set on object 'Object Repository/FDR-Receipt/FDR-Receipt-Header/View/deposit ID'

2020-09-08 11:40:40 - [MESSAGE][PASSED] - Object 'Object Repository/FDR-Receipt/FDR-ReceiptBatch/receiptNotes' is present

2020-09-08 11:40:41 - [MESSAGE][PASSED] - Text 'rqewrq' is set on object 'Object Repository/FDR-Receipt/FDR-ReceiptBatch/receiptNotes'

2020-09-08 11:40:41 - [MESSAGE][PASSED] - Object 'Object Repository/FDR-Receipt/FDR-Receipt-Header/Edit/remmitanceAdviceInput' is present

2020-09-08 11:40:41 - [MESSAGE][PASSED] - Keys '1234' sent to object: 'Object Repository/FDR-Receipt/FDR-Receipt-Header/Edit/remmitanceAdviceInput'

2020-09-08 11:40:42 - [MESSAGE][PASSED] - Object 'Object Repository/FDR-Receipt/FDR-Receipt-Header/Edit/controllerReceiptInput' is present

2020-09-08 11:40:42 - [MESSAGE][PASSED] - Keys '4567' sent to object: 'Object Repository/FDR-Receipt/FDR-Receipt-Header/Edit/controllerReceiptInput'

2020-09-08 11:40:43 - [MESSAGE][PASSED] - Object 'Object Repository/FDR-Receipt/FDR-Receipt-Header/View/buttonNext' is present

2020-09-08 11:40:43 - [MESSAGE][PASSED] - Object: 'Object Repository/FDR-Receipt/FDR-Receipt-Header/View/buttonNext' is clicked on

2020-09-08 11:40:43 - [TEST_STEP][PASSED] - editors.createReceiptline(ReceiptID, SupplierID, DepositDate): Object: 'Object Repository/FDR-Receipt/FDR-Receipt-Checkline/View/addReceipt_Button2' is clicked on

2020-09-08 11:40:44 - [MESSAGE][PASSED] - Object 'Object Repository/FDR-Receipt/FDR-Receipt-Checkline/View/receipt_ID' is present

2020-09-08 11:40:45 - [MESSAGE][PASSED] - Keys 'CHK10322' sent to object: 'Object Repository/FDR-Receipt/FDR-Receipt-Checkline/View/receipt_ID'

2020-09-08 11:40:45 - [MESSAGE][PASSED] - Object 'Object Repository/FDR-Receipt/FDR-Receipt-Checkline/View/supplier_Id' is present

2020-09-08 11:40:46 - [MESSAGE][PASSED] - Object: 'Object Repository/FDR-Receipt/FDR-Receipt-Checkline/View/supplier_Id' is clicked on

2020-09-08 11:40:46 - [MESSAGE][PASSED] - Keys '0000007954' sent to object: 'Object Repository/FDR-Receipt/FDR-Receipt-Checkline/View/supplier_Id'

2020-09-08 11:40:47 - [MESSAGE][PASSED] - Keys 'DOWN + ENTER + ' sent to object: 'Object Repository/FDR-Receipt/FDR-Receipt-Checkline/View/supplier_Id'

2020-09-08 11:40:47 - [MESSAGE][PASSED] - Object 'Object Repository/FDR-Receipt/FDR-Receipt-Checkline/View/deposit_Date' is present

2020-09-08 11:40:47 - [MESSAGE][PASSED] - Keys '02/24/2020' sent to object: 'Object Repository/FDR-Receipt/FDR-Receipt-Checkline/View/deposit_Date'

2020-09-08 11:40:53 - [MESSAGE][INFO] - Unable to find the element located by 'By.xpath: //*[@data-id='button-link']//*[contains(text(),'Create New Voucher')]'. Please recheck the objects properties to make sure the desired element is located. 

2020-09-08 11:40:53 - [MESSAGE][WARNING] - Object 'Object Repository/FDR-Dashboard/createNewVoucherButton' is not present after 4 second(s)

2020-09-08 11:40:53 - [MESSAGE][PASSED] - Object 'Object Repository/FDR-Receipt/FDR-Receipt-Checkline/View/addReceipt_Button2' is present

2020-09-08 11:40:53 - [MESSAGE][PASSED] - Object: 'Object Repository/FDR-Receipt/FDR-Receipt-Checkline/View/addReceipt_Button2' is clicked on

2020-09-08 11:40:53 - [TEST_STEP][PASSED] - editors.createReceiptDistributionLine(servicedatefrom, servicedateto, amount, waiverType, waiverName, fundingSource, fundCode, fundRatio, nonFederalFund, serviceLocation, index, programType, serviceCategory, increaseDecreaseLine, accountId, altAccountId): Object: 'Object Repository/FDR-Receipt/FDR-Receipt-DistributionLine/FDR-AddEdit-DistributionLine/button_SaveClose' is clicked on

2020-09-08 11:40:54 - [MESSAGE][PASSED] - Object 'Object Repository/FDR-Receipt/FDR-Receipt-DistributionLine/FDR-AddEdit-DistributionLine/arrow_Down' is clickable

2020-09-08 11:40:54 - [MESSAGE][PASSED] - Object: 'Object Repository/FDR-Receipt/FDR-Receipt-DistributionLine/FDR-AddEdit-DistributionLine/arrow_Down' is clicked on

2020-09-08 11:40:55 - [MESSAGE][PASSED] - Object 'Object Repository/FDR-Receipt/FDR-Receipt-DistributionLine/FDR-AddEdit-DistributionLine/button_Add-Invoiceline' is present

2020-09-08 11:40:56 - [MESSAGE][PASSED] - Scroll to object 'Object Repository/FDR-Receipt/FDR-Receipt-DistributionLine/FDR-AddEdit-DistributionLine/button_Add-Invoiceline' successfully

2020-09-08 11:40:56 - [MESSAGE][PASSED] - Object 'Object Repository/FDR-Receipt/FDR-Receipt-DistributionLine/FDR-AddEdit-DistributionLine/button_Add-Invoiceline' is clickable

2020-09-08 11:40:56 - [MESSAGE][PASSED] - Object: 'Object Repository/FDR-Receipt/FDR-Receipt-DistributionLine/FDR-AddEdit-DistributionLine/button_Add-Invoiceline' is clicked on

2020-09-08 11:40:57 - [MESSAGE][PASSED] - Object 'Object Repository/FDR-Receipt/FDR-Receipt-DistributionLine/FDR-AddEdit-DistributionLine/invoice_Searchfield' is present

2020-09-08 11:40:58 - [MESSAGE][PASSED] - Keys 'MC' sent to object: 'Object Repository/FDR-Receipt/FDR-Receipt-DistributionLine/FDR-AddEdit-DistributionLine/invoice_Searchfield'

2020-09-08 11:40:59 - [MESSAGE][PASSED] - Object: 'Object Repository/FDR-Receipt/FDR-Receipt-DistributionLine/FDR-AddEdit-DistributionLine/button_Add_invoicemanually' is clicked on

2020-09-08 11:40:59 - [MESSAGE][PASSED] - Object 'Object Repository/FDR-Receipt/FDR-Receipt-DistributionLine/FDR-AddEdit-DistributionLine/input_Service date (from)' is present

2020-09-08 11:41:00 - [MESSAGE][PASSED] - Keys '09/09/2020' sent to object: 'Object Repository/FDR-Receipt/FDR-Receipt-DistributionLine/FDR-AddEdit-DistributionLine/input_Service date (from)'

2020-09-08 11:41:01 - [MESSAGE][PASSED] - Object 'Object Repository/FDR-Receipt/FDR-Receipt-DistributionLine/FDR-AddEdit-DistributionLine/input_Service date (to)' is present

2020-09-08 11:41:02 - [MESSAGE][PASSED] - Keys '09/10/2020' sent to object: 'Object Repository/FDR-Receipt/FDR-Receipt-DistributionLine/FDR-AddEdit-DistributionLine/input_Service date (to)'

2020-09-08 11:41:02 - [MESSAGE][PASSED] - Object 'Object Repository/FDR-Receipt/FDR-Receipt-DistributionLine/FDR-AddEdit-DistributionLine/input_Amount' is present

2020-09-08 11:41:03 - [MESSAGE][PASSED] - Keys '3000' sent to object: 'Object Repository/FDR-Receipt/FDR-Receipt-DistributionLine/FDR-AddEdit-DistributionLine/input_Amount'

2020-09-08 11:41:03 - [MESSAGE][PASSED] - Object 'Object Repository/FDR-Receipt/FDR-Receipt-DistributionLine/FDR-AddEdit-DistributionLine/waiver_Type' is present

2020-09-08 11:41:04 - [MESSAGE][PASSED] - Object 'Object Repository/FDR-Receipt/FDR-Receipt-DistributionLine/FDR-AddEdit-DistributionLine/waiver_Type' is present

2020-09-08 11:41:04 - [MESSAGE][PASSED] - Keys '2020' sent to object: 'Object Repository/FDR-Receipt/FDR-Receipt-DistributionLine/FDR-AddEdit-DistributionLine/waiver_Type'

2020-09-08 11:41:05 - [MESSAGE][PASSED] - Keys 'DOWN + ENTER + ' sent to object: 'Object Repository/FDR-Receipt/FDR-Receipt-DistributionLine/FDR-AddEdit-DistributionLine/waiver_Type'

2020-09-08 11:41:05 - [MESSAGE][PASSED] - Object 'Object Repository/FDR-Receipt/FDR-Receipt-DistributionLine/FDR-AddEdit-DistributionLine/waiver_Name' is present

2020-09-08 11:41:06 - [MESSAGE][PASSED] - Keys 'A-FamilyU TPM/GMC' sent to object: 'Object Repository/FDR-Receipt/FDR-Receipt-DistributionLine/FDR-AddEdit-DistributionLine/waiver_Name'

2020-09-08 11:41:07 - [MESSAGE][PASSED] - Keys 'DOWN + ENTER + ' sent to object: 'Object Repository/FDR-Receipt/FDR-Receipt-DistributionLine/FDR-AddEdit-DistributionLine/waiver_Name'

2020-09-08 11:41:07 - [MESSAGE][PASSED] - Object 'Object Repository/FDR-Receipt/FDR-Receipt-DistributionLine/FDR-AddEdit-DistributionLine/funding_Source' is present

2020-09-08 11:41:07 - [MESSAGE][PASSED] - Keys 'Dental' sent to object: 'Object Repository/FDR-Receipt/FDR-Receipt-DistributionLine/FDR-AddEdit-DistributionLine/funding_Source'

2020-09-08 11:41:08 - [MESSAGE][PASSED] - Keys 'DOWN + ENTER + ' sent to object: 'Object Repository/FDR-Receipt/FDR-Receipt-DistributionLine/FDR-AddEdit-DistributionLine/funding_Source'

2020-09-08 11:41:08 - [MESSAGE][PASSED] - Object 'Object Repository/FDR-Receipt/FDR-Receipt-DistributionLine/FDR-AddEdit-DistributionLine/fund_Code' is present

2020-09-08 11:41:09 - [MESSAGE][PASSED] - Keys 'Health Care Deposit Fund (0912)' sent to object: 'Object Repository/FDR-Receipt/FDR-Receipt-DistributionLine/FDR-AddEdit-DistributionLine/fund_Code'

2020-09-08 11:41:09 - [MESSAGE][PASSED] - Keys 'DOWN + ENTER + ' sent to object: 'Object Repository/FDR-Receipt/FDR-Receipt-DistributionLine/FDR-AddEdit-DistributionLine/fund_Code'

2020-09-08 11:41:10 - [MESSAGE][PASSED] - Object 'Object Repository/FDR-Receipt/FDR-Receipt-DistributionLine/FDR-AddEdit-DistributionLine/fund_Ratio' is present

2020-09-08 11:41:10 - [MESSAGE][PASSED] - Keys '5' sent to object: 'Object Repository/FDR-Receipt/FDR-Receipt-DistributionLine/FDR-AddEdit-DistributionLine/fund_Ratio'

2020-09-08 11:41:11 - [MESSAGE][PASSED] - Keys 'DOWN + ENTER + ' sent to object: 'Object Repository/FDR-Receipt/FDR-Receipt-DistributionLine/FDR-AddEdit-DistributionLine/fund_Ratio'

2020-09-08 11:41:11 - [MESSAGE][PASSED] - Object 'Object Repository/FDR-Receipt/FDR-Receipt-DistributionLine/FDR-AddEdit-DistributionLine/non_Federalfund' is present

2020-09-08 11:41:12 - [MESSAGE][PASSED] - Keys '0001' sent to object: 'Object Repository/FDR-Receipt/FDR-Receipt-DistributionLine/FDR-AddEdit-DistributionLine/non_Federalfund'

2020-09-08 11:41:12 - [MESSAGE][PASSED] - Keys 'DOWN + ENTER + ' sent to object: 'Object Repository/FDR-Receipt/FDR-Receipt-DistributionLine/FDR-AddEdit-DistributionLine/non_Federalfund'

2020-09-08 11:41:13 - [MESSAGE][PASSED] - Object 'Object Repository/FDR-Receipt/FDR-Receipt-DistributionLine/FDR-AddEdit-DistributionLine/inputAccountId' is present

2020-09-08 11:41:13 - [MESSAGE][PASSED] - Keys '5432000' sent to object: 'Object Repository/FDR-Receipt/FDR-Receipt-DistributionLine/FDR-AddEdit-DistributionLine/inputAccountId'

2020-09-08 11:41:14 - [MESSAGE][PASSED] - Keys 'DOWN + ENTER + ' sent to object: 'Object Repository/FDR-Receipt/FDR-Receipt-DistributionLine/FDR-AddEdit-DistributionLine/inputAccountId'

2020-09-08 11:41:14 - [MESSAGE][PASSED] - Object 'Object Repository/FDR-Receipt/FDR-Receipt-DistributionLine/FDR-AddEdit-DistributionLine/inputAltAccountId' is present

2020-09-08 11:41:15 - [MESSAGE][PASSED] - Keys '5432000019' sent to object: 'Object Repository/FDR-Receipt/FDR-Receipt-DistributionLine/FDR-AddEdit-DistributionLine/inputAltAccountId'

2020-09-08 11:41:16 - [MESSAGE][PASSED] - Keys 'DOWN + ENTER + ' sent to object: 'Object Repository/FDR-Receipt/FDR-Receipt-DistributionLine/FDR-AddEdit-DistributionLine/inputAltAccountId'

2020-09-08 11:41:16 - [MESSAGE][PASSED] - Object 'Object Repository/FDR-Receipt/FDR-Receipt-DistributionLine/FDR-AddEdit-DistributionLine/input_Service location_serviceLocation' is present

2020-09-08 11:41:18 - [MESSAGE][PASSED] - Keys '3445' sent to object: 'Object Repository/FDR-Receipt/FDR-Receipt-DistributionLine/FDR-AddEdit-DistributionLine/input_Service location_serviceLocation'

2020-09-08 11:41:18 - [MESSAGE][PASSED] - Keys 'DOWN + ENTER + ' sent to object: 'Object Repository/FDR-Receipt/FDR-Receipt-DistributionLine/FDR-AddEdit-DistributionLine/input_Service location_serviceLocation'

2020-09-08 11:41:18 - [MESSAGE][PASSED] - Object 'Object Repository/FDR-Receipt/FDR-Receipt-DistributionLine/FDR-AddEdit-DistributionLine/Index' is present

2020-09-08 11:41:19 - [MESSAGE][PASSED] - Keys '1155' sent to object: 'Object Repository/FDR-Receipt/FDR-Receipt-DistributionLine/FDR-AddEdit-DistributionLine/Index'

2020-09-08 11:41:20 - [MESSAGE][PASSED] - Keys 'DOWN + ENTER + ' sent to object: 'Object Repository/FDR-Receipt/FDR-Receipt-DistributionLine/FDR-AddEdit-DistributionLine/Index'

2020-09-08 11:41:20 - [MESSAGE][PASSED] - Object 'Object Repository/FDR-Receipt/FDR-Receipt-DistributionLine/FDR-AddEdit-DistributionLine/program_Type' is present

2020-09-08 11:41:21 - [MESSAGE][PASSED] - Keys 'Medical Assistance (MA)' sent to object: 'Object Repository/FDR-Receipt/FDR-Receipt-DistributionLine/FDR-AddEdit-DistributionLine/program_Type'

2020-09-08 11:41:21 - [MESSAGE][PASSED] - Keys 'DOWN + ENTER + ' sent to object: 'Object Repository/FDR-Receipt/FDR-Receipt-DistributionLine/FDR-AddEdit-DistributionLine/program_Type'

2020-09-08 11:41:21 - [MESSAGE][PASSED] - Object 'Object Repository/FDR-Receipt/FDR-Receipt-DistributionLine/FDR-AddEdit-DistributionLine/service_Category' is present

2020-09-08 11:41:22 - [MESSAGE][PASSED] - Keys '18B1' sent to object: 'Object Repository/FDR-Receipt/FDR-Receipt-DistributionLine/FDR-AddEdit-DistributionLine/service_Category'

2020-09-08 11:41:23 - [MESSAGE][PASSED] - Keys 'DOWN + ENTER + ' sent to object: 'Object Repository/FDR-Receipt/FDR-Receipt-DistributionLine/FDR-AddEdit-DistributionLine/service_Category'

2020-09-08 11:41:23 - [MESSAGE][PASSED] - Object 'Object Repository/FDR-Receipt/FDR-Receipt-DistributionLine/FDR-AddEdit-DistributionLine/increaseDecreaseLine' is present

2020-09-08 11:41:24 - [MESSAGE][PASSED] - Keys '10b: Receipts or any decrease' sent to object: 'Object Repository/FDR-Receipt/FDR-Receipt-DistributionLine/FDR-AddEdit-DistributionLine/increaseDecreaseLine'

2020-09-08 11:41:24 - [MESSAGE][PASSED] - Keys 'DOWN + ENTER + ' sent to object: 'Object Repository/FDR-Receipt/FDR-Receipt-DistributionLine/FDR-AddEdit-DistributionLine/increaseDecreaseLine'

2020-09-08 11:41:25 - [MESSAGE][PASSED] - Object 'Object Repository/FDR-Receipt/FDR-Receipt-DistributionLine/FDR-AddEdit-DistributionLine/button_SaveClose' is present

2020-09-08 11:41:25 - [MESSAGE][PASSED] - Object 'Object Repository/FDR-Receipt/FDR-Receipt-DistributionLine/FDR-AddEdit-DistributionLine/button_SaveClose' is clickable

2020-09-08 11:41:26 - [MESSAGE][PASSED] - Object: 'Object Repository/FDR-Receipt/FDR-Receipt-DistributionLine/FDR-AddEdit-DistributionLine/button_SaveClose' is clicked on

2020-09-08 11:41:26 - [TEST_STEP][PASSED] - buttonColor = getCSSValue(findTestObject("FDR-Receipt/FDR-ReceiptBatch/Fix/reviewButton"), "color"): Get CSS 'color' value on 'Object Repository/FDR-Receipt/FDR-ReceiptBatch/Fix/reviewButton' successfully: 'rgba(255, 255, 255, 1)'.

2020-09-08 11:41:27 - [MESSAGE][PASSED] - Get CSS 'color' value on 'Object Repository/FDR-Receipt/FDR-ReceiptBatch/Fix/reviewButton' successfully: 'rgba(255, 255, 255, 1)'.

2020-09-08 11:41:27 - [TEST_STEP][PASSED] - waitForElementPresent(findTestObject("FDR-Receipt/FDR-ReceiptBatch/Fix/reviewButton"), 5): Object 'Object Repository/FDR-Receipt/FDR-ReceiptBatch/Fix/reviewButton' is present

2020-09-08 11:41:27 - [MESSAGE][PASSED] - Object 'Object Repository/FDR-Receipt/FDR-ReceiptBatch/Fix/reviewButton' is present

2020-09-08 11:41:27 - [TEST_STEP][PASSED] - click(findTestObject("FDR-Receipt/FDR-ReceiptBatch/Fix/reviewButton")): Object: 'Object Repository/FDR-Receipt/FDR-ReceiptBatch/Fix/reviewButton' is clicked on

2020-09-08 11:41:28 - [MESSAGE][PASSED] - Object: 'Object Repository/FDR-Receipt/FDR-ReceiptBatch/Fix/reviewButton' is clicked on

2020-09-08 11:41:28 - [TEST_STEP][PASSED] - waitForElementPresent(findTestObject("FDR-Receipt/FDR-ReceiptBatch/PrintForms/buttonTransactionRequestPreview"), 2): Object 'Object Repository/FDR-Receipt/FDR-ReceiptBatch/PrintForms/buttonTransactionRequestPreview' is present

2020-09-08 11:41:29 - [MESSAGE][PASSED] - Object 'Object Repository/FDR-Receipt/FDR-ReceiptBatch/PrintForms/buttonTransactionRequestPreview' is present

2020-09-08 11:41:29 - [TEST_STEP][PASSED] - click(findTestObject("FDR-Receipt/FDR-ReceiptBatch/PrintForms/buttonTransactionRequestPreview")): Object: 'Object Repository/FDR-Receipt/FDR-ReceiptBatch/PrintForms/buttonTransactionRequestPreview' is clicked on

2020-09-08 11:41:29 - [MESSAGE][PASSED] - Object: 'Object Repository/FDR-Receipt/FDR-ReceiptBatch/PrintForms/buttonTransactionRequestPreview' is clicked on

2020-09-08 11:41:29 - [TEST_STEP][PASSED] - verifyElementPresent(findTestObject("FDR-Receipt/FDR-ReceiptBatch/PrintForms/titleTransactionRequestPreview"), 2): Object 'Object Repository/FDR-Receipt/FDR-ReceiptBatch/PrintForms/titleTransactionRequestPreview' is present

2020-09-08 11:41:30 - [MESSAGE][PASSED] - Object 'Object Repository/FDR-Receipt/FDR-ReceiptBatch/PrintForms/titleTransactionRequestPreview' is present

2020-09-08 11:41:30 - [TEST_STEP][PASSED] - Start listener action : sampleAfterTestCase: Browser is closed

2020-09-08 11:41:30 - [TEST_STEP][PASSED] - profileName = getExecutionProfile(): null

2020-09-08 11:41:30 - [TEST_STEP][PASSED] - switch (profileName): null

2020-09-08 11:41:30 - [TEST_STEP][PASSED] - if (!(skipBeforeAndAfterTestCase)): Browser is closed

2020-09-08 11:41:30 - [TEST_STEP][PASSED] - Uifunctions.logoutFDR(): Browser is closed

2020-09-08 11:41:30 - [MESSAGE][PASSED] - Browser is closed

2020-09-08 11:41:30 - [TEST_STEP][PASSED] - Start listener action : afterTestCase: null

2020-09-08 11:41:30 - [TEST_STEP][PASSED] - profileName = getExecutionProfile(): null

2020-09-08 11:41:30 - [TEST_STEP][PASSED] - if (profileName.equalsIgnoreCase("SysAdmin")): null

2020-09-08 11:41:30 - [TEST_STEP][PASSED] - Start listener action : sampleAfterTestCase: null

2020-09-08 11:41:30 - [TEST_STEP][PASSED] - profileName = getExecutionProfile(): null

2020-09-08 11:41:30 - [TEST_STEP][PASSED] - switch (profileName): null

2020-09-08 11:41:30 - [TEST_STEP][PASSED] - Default: null

2020-09-08 11:41:30 - [TEST_STEP][PASSED] - return null: null

2020-09-08 11:41:30 - [TEST_STEP][PASSED] - Start listener action : addFailedTCToList: null]]></system-out>
         <system-err><![CDATA[]]></system-err>
      </testcase>
      <testcase name="Test Cases/WEB-UI-TESTS/Receipt/FDR-Review-Print-Forms" time="86.228" classname="Test Cases/WEB-UI-TESTS/Receipt/FDR-Review-Print-Forms" status="PASSED">
         <system-out><![CDATA[2020-09-08 11:41:30 - [TEST_CASE][PASSED] - Test Cases/WEB-UI-TESTS/Receipt/FDR-Review-Print-Forms: Test Cases/WEB-UI-TESTS/Receipt/FDR-Review-Print-Forms

2020-09-08 11:41:30 - [TEST_STEP][PASSED] - Start listener action : sampleBeforeTestCase: Navigate to 'https://fdr-katalon.cammis-mod-dev.dhcs.ca.gov' successfully

2020-09-08 11:41:30 - [TEST_STEP][PASSED] - profileName = getExecutionProfile(): null

2020-09-08 11:41:30 - [TEST_STEP][PASSED] - switch (profileName): null

2020-09-08 11:41:30 - [TEST_STEP][PASSED] - testCaseId = testCaseContext.getTestCaseId(): null

2020-09-08 11:41:30 - [TEST_STEP][PASSED] - if (!(skipBeforeAndAfterTestCase)): Navigate to 'https://fdr-katalon.cammis-mod-dev.dhcs.ca.gov' successfully

2020-09-08 11:41:30 - [TEST_STEP][PASSED] - if (account7TestCases.contains(testCaseId)): Object: 'Object Repository/FDR-SignIn/SignInButton' is clicked on

2020-09-08 11:41:30 - [TEST_STEP][PASSED] - Uifunctions.loginFDR(accountsAdmin, accountsAdminPwd): Object: 'Object Repository/FDR-SignIn/SignInButton' is clicked on

2020-09-08 11:41:30 - [MESSAGE][INFO] - Starting 'Chrome' driver

2020-09-08 11:41:30 - [MESSAGE][INFO] - Action delay is set to 0 milliseconds

2020-09-08 11:41:34 - [MESSAGE][PASSED] - Browser is opened with url: ''

2020-09-08 11:41:36 - [MESSAGE][PASSED] - Current window maximized

2020-09-08 11:41:37 - [MESSAGE][PASSED] - Navigate to 'https://fdr-katalon.cammis-mod-dev.dhcs.ca.gov' successfully

2020-09-08 11:41:39 - [MESSAGE][PASSED] - Object 'Object Repository/FDR-SignIn/SignInEmail' is present

2020-09-08 11:41:39 - [MESSAGE][PASSED] - Object: 'Object Repository/FDR-SignIn/SignInEmail' is clicked on

2020-09-08 11:41:39 - [MESSAGE][PASSED] - Object 'Object Repository/FDR-SignIn/SignInEmail' is present

2020-09-08 11:41:40 - [MESSAGE][PASSED] - Text 'fdr.test4@dhcs.ca.gov' is set on object 'Object Repository/FDR-SignIn/SignInEmail'

2020-09-08 11:41:40 - [MESSAGE][PASSED] - Object 'Object Repository/FDR-SignIn/SignInEmailNext' is visible

2020-09-08 11:41:40 - [MESSAGE][PASSED] - Object: 'Object Repository/FDR-SignIn/SignInEmailNext' is clicked on

2020-09-08 11:41:44 - [MESSAGE][PASSED] - Object 'Object Repository/FDR-SignIn/SignInEmailPassword' is visible

2020-09-08 11:41:44 - [MESSAGE][PASSED] - Object: 'Object Repository/FDR-SignIn/SignInEmailPassword' is clicked on

2020-09-08 11:41:44 - [MESSAGE][PASSED] - Text ****** has been set on object 'Object Repository/FDR-SignIn/SignInEmailPassword'

2020-09-08 11:41:46 - [MESSAGE][PASSED] - Object: 'Object Repository/FDR-SignIn/SignInButton' is clicked on

2020-09-08 11:41:46 - [TEST_STEP][PASSED] - navigateToUrl(URL): Navigate to 'https://fdr-katalon.cammis-mod-dev.dhcs.ca.gov' successfully

2020-09-08 11:41:47 - [MESSAGE][PASSED] - Navigate to 'https://fdr-katalon.cammis-mod-dev.dhcs.ca.gov' successfully

2020-09-08 11:41:47 - [TEST_STEP][PASSED] - Start listener action : beforeTestCase: null

2020-09-08 11:41:47 - [TEST_STEP][PASSED] - profileName = getExecutionProfile(): null

2020-09-08 11:41:47 - [TEST_STEP][PASSED] - if (profileName.equalsIgnoreCase("SysAdmin")): null

2020-09-08 11:41:47 - [TEST_STEP][PASSED] - Start listener action : sampleBeforeTestCase: null

2020-09-08 11:41:47 - [TEST_STEP][PASSED] - profileName = getExecutionProfile(): null

2020-09-08 11:41:47 - [TEST_STEP][PASSED] - testCaseId = testCaseContext.getTestCaseId(): null

2020-09-08 11:41:47 - [TEST_STEP][PASSED] - switch (profileName): null

2020-09-08 11:41:47 - [TEST_STEP][PASSED] - Default: null

2020-09-08 11:41:47 - [TEST_STEP][PASSED] - return null: null

2020-09-08 11:41:47 - [TEST_STEP][PASSED] - Start listener action : executeRows: null

2020-09-08 11:41:47 - [TEST_STEP][PASSED] - d = Date().plus(1): null

2020-09-08 11:41:47 - [TEST_STEP][PASSED] - dd = Date().plus(2): null

2020-09-08 11:41:47 - [TEST_STEP][PASSED] - servicedatefrom = d.format("MM/dd/yyyy"): null

2020-09-08 11:41:47 - [TEST_STEP][PASSED] - servicedateto = dd.format("MM/dd/yyyy"): null

2020-09-08 11:41:47 - [TEST_STEP][PASSED] - originalwarrantdate = dd.format("MM/dd/yyyy"): null

2020-09-08 11:41:47 - [TEST_STEP][PASSED] - waitForElementPresent(findTestObject("FDR-Receipt/FDR-Receipt-Dashboard/createNew_ReceiptBatch_Button"), 3): Object 'Object Repository/FDR-Receipt/FDR-Receipt-Dashboard/createNew_ReceiptBatch_Button' is present

2020-09-08 11:41:49 - [MESSAGE][PASSED] - Object 'Object Repository/FDR-Receipt/FDR-Receipt-Dashboard/createNew_ReceiptBatch_Button' is present

2020-09-08 11:41:49 - [TEST_STEP][PASSED] - click(findTestObject("FDR-Receipt/FDR-Receipt-Dashboard/createNew_ReceiptBatch_Button")): Object: 'Object Repository/FDR-Receipt/FDR-Receipt-Dashboard/createNew_ReceiptBatch_Button' is clicked on

2020-09-08 11:41:50 - [MESSAGE][PASSED] - Object: 'Object Repository/FDR-Receipt/FDR-Receipt-Dashboard/createNew_ReceiptBatch_Button' is clicked on

2020-09-08 11:41:50 - [TEST_STEP][PASSED] - waitForElementPresent(findTestObject("FDR-Dashboard/createNewVoucherButton"), 4): Object 'Object Repository/FDR-Dashboard/createNewVoucherButton' is not present after 4 second(s)

2020-09-08 11:41:55 - [MESSAGE][INFO] - Unable to find the element located by 'By.xpath: //*[@data-id='button-link']//*[contains(text(),'Create New Voucher')]'. Please recheck the objects properties to make sure the desired element is located. 

2020-09-08 11:41:55 - [MESSAGE][WARNING] - Object 'Object Repository/FDR-Dashboard/createNewVoucherButton' is not present after 4 second(s)

2020-09-08 11:41:55 - [TEST_STEP][PASSED] - waitForElementPresent(findTestObject("FDR-Receipt/FDR-Receipt-Header/View/inputDrawDate"), 3): Object 'Object Repository/FDR-Receipt/FDR-Receipt-Header/View/inputDrawDate' is present

2020-09-08 11:41:56 - [MESSAGE][PASSED] - Object 'Object Repository/FDR-Receipt/FDR-Receipt-Header/View/inputDrawDate' is present

2020-09-08 11:41:56 - [TEST_STEP][PASSED] - sendKeys(findTestObject("FDR-Receipt/FDR-Receipt-Header/View/inputDrawDate"), Drawdate): Keys '09/28/2020' sent to object: 'Object Repository/FDR-Receipt/FDR-Receipt-Header/View/inputDrawDate'

2020-09-08 11:41:58 - [MESSAGE][PASSED] - Keys '09/28/2020' sent to object: 'Object Repository/FDR-Receipt/FDR-Receipt-Header/View/inputDrawDate'

2020-09-08 11:41:58 - [TEST_STEP][PASSED] - waitForElementPresent(findTestObject("FDR-Receipt/FDR-Receipt-Header/Edit/payDate"), 3): Object 'Object Repository/FDR-Receipt/FDR-Receipt-Header/Edit/payDate' is present

2020-09-08 11:41:59 - [MESSAGE][PASSED] - Object 'Object Repository/FDR-Receipt/FDR-Receipt-Header/Edit/payDate' is present

2020-09-08 11:41:59 - [TEST_STEP][PASSED] - sendKeys(findTestObject("FDR-Receipt/FDR-Receipt-Header/Edit/payDate"), Paydate): Keys '09/30/2020' sent to object: 'Object Repository/FDR-Receipt/FDR-Receipt-Header/Edit/payDate'

2020-09-08 11:41:59 - [MESSAGE][PASSED] - Keys '09/30/2020' sent to object: 'Object Repository/FDR-Receipt/FDR-Receipt-Header/Edit/payDate'

2020-09-08 11:41:59 - [TEST_STEP][PASSED] - waitForElementPresent(findTestObject("FDR-Receipt/FDR-Receipt-Header/View/deposit ID"), 10): Object 'Object Repository/FDR-Receipt/FDR-Receipt-Header/View/deposit ID' is present

2020-09-08 11:41:59 - [MESSAGE][PASSED] - Object 'Object Repository/FDR-Receipt/FDR-Receipt-Header/View/deposit ID' is present

2020-09-08 11:41:59 - [TEST_STEP][PASSED] - depositId = RandomStringUtils.randomNumeric(7): null

2020-09-08 11:41:59 - [TEST_STEP][PASSED] - sendKeys(findTestObject("FDR-Receipt/FDR-Receipt-Header/View/deposit ID"), depositId): Keys '6561245' sent to object: 'Object Repository/FDR-Receipt/FDR-Receipt-Header/View/deposit ID'

2020-09-08 11:42:00 - [MESSAGE][PASSED] - Keys '6561245' sent to object: 'Object Repository/FDR-Receipt/FDR-Receipt-Header/View/deposit ID'

2020-09-08 11:42:00 - [TEST_STEP][PASSED] - waitForElementPresent(findTestObject("FDR-Receipt/FDR-ReceiptBatch/receiptNotes"), 10): Object 'Object Repository/FDR-Receipt/FDR-ReceiptBatch/receiptNotes' is present

2020-09-08 11:42:01 - [MESSAGE][PASSED] - Object 'Object Repository/FDR-Receipt/FDR-ReceiptBatch/receiptNotes' is present

2020-09-08 11:42:01 - [TEST_STEP][PASSED] - sendKeys(findTestObject("FDR-Receipt/FDR-ReceiptBatch/receiptNotes"), Receiptnotes): Keys 'rqewrq' sent to object: 'Object Repository/FDR-Receipt/FDR-ReceiptBatch/receiptNotes'

2020-09-08 11:42:02 - [MESSAGE][PASSED] - Keys 'rqewrq' sent to object: 'Object Repository/FDR-Receipt/FDR-ReceiptBatch/receiptNotes'

2020-09-08 11:42:02 - [TEST_STEP][PASSED] - sendKeys(findTestObject("FDR-Receipt/FDR-Receipt-Header/View/remittanceNo"), Remittance): Keys '1234' sent to object: 'Object Repository/FDR-Receipt/FDR-Receipt-Header/View/remittanceNo'

2020-09-08 11:42:03 - [MESSAGE][PASSED] - Keys '1234' sent to object: 'Object Repository/FDR-Receipt/FDR-Receipt-Header/View/remittanceNo'

2020-09-08 11:42:03 - [TEST_STEP][PASSED] - waitForElementPresent(findTestObject("FDR-Receipt/FDR-Receipt-Header/View/controllerNo"), 10): Object 'Object Repository/FDR-Receipt/FDR-Receipt-Header/View/controllerNo' is present

2020-09-08 11:42:03 - [MESSAGE][PASSED] - Object 'Object Repository/FDR-Receipt/FDR-Receipt-Header/View/controllerNo' is present

2020-09-08 11:42:03 - [TEST_STEP][PASSED] - sendKeys(findTestObject("FDR-Receipt/FDR-Receipt-Header/View/controllerNo"), Controller): Keys '4567' sent to object: 'Object Repository/FDR-Receipt/FDR-Receipt-Header/View/controllerNo'

2020-09-08 11:42:04 - [MESSAGE][PASSED] - Keys '4567' sent to object: 'Object Repository/FDR-Receipt/FDR-Receipt-Header/View/controllerNo'

2020-09-08 11:42:04 - [TEST_STEP][PASSED] - waitForElementPresent(findTestObject("FDR-Receipt/FDR-Receipt-Header/View/buttonNext"), 10): Object 'Object Repository/FDR-Receipt/FDR-Receipt-Header/View/buttonNext' is present

2020-09-08 11:42:04 - [MESSAGE][PASSED] - Object 'Object Repository/FDR-Receipt/FDR-Receipt-Header/View/buttonNext' is present

2020-09-08 11:42:04 - [TEST_STEP][PASSED] - click(findTestObject("FDR-Receipt/FDR-Receipt-Header/View/buttonNext")): Object: 'Object Repository/FDR-Receipt/FDR-Receipt-Header/View/buttonNext' is clicked on

2020-09-08 11:42:05 - [MESSAGE][PASSED] - Object: 'Object Repository/FDR-Receipt/FDR-Receipt-Header/View/buttonNext' is clicked on

2020-09-08 11:42:05 - [TEST_STEP][PASSED] - delay(2): Delayed 2 second(s)

2020-09-08 11:42:07 - [MESSAGE][PASSED] - Delayed 2 second(s)

2020-09-08 11:42:07 - [TEST_STEP][PASSED] - waitForElementPresent(findTestObject("FDR-Receipt/FDR-Receipt-Checkline/View/receipt_ID"), 10): Object 'Object Repository/FDR-Receipt/FDR-Receipt-Checkline/View/receipt_ID' is present

2020-09-08 11:42:07 - [MESSAGE][PASSED] - Object 'Object Repository/FDR-Receipt/FDR-Receipt-Checkline/View/receipt_ID' is present

2020-09-08 11:42:07 - [TEST_STEP][PASSED] - sendKeys(findTestObject("FDR-Receipt/FDR-Receipt-Checkline/View/receipt_ID"), ReceiptID): Keys 'CHK10322' sent to object: 'Object Repository/FDR-Receipt/FDR-Receipt-Checkline/View/receipt_ID'

2020-09-08 11:42:07 - [MESSAGE][PASSED] - Keys 'CHK10322' sent to object: 'Object Repository/FDR-Receipt/FDR-Receipt-Checkline/View/receipt_ID'

2020-09-08 11:42:07 - [TEST_STEP][PASSED] - waitForElementPresent(findTestObject("FDR-Receipt/FDR-Receipt-Checkline/View/supplier_Id"), 10): Object 'Object Repository/FDR-Receipt/FDR-Receipt-Checkline/View/supplier_Id' is present

2020-09-08 11:42:08 - [MESSAGE][PASSED] - Object 'Object Repository/FDR-Receipt/FDR-Receipt-Checkline/View/supplier_Id' is present

2020-09-08 11:42:08 - [TEST_STEP][PASSED] - sendKeys(findTestObject("FDR-Receipt/FDR-Receipt-Checkline/View/supplier_Id"), SupplierID): Keys '0000007954' sent to object: 'Object Repository/FDR-Receipt/FDR-Receipt-Checkline/View/supplier_Id'

2020-09-08 11:42:08 - [MESSAGE][PASSED] - Keys '0000007954' sent to object: 'Object Repository/FDR-Receipt/FDR-Receipt-Checkline/View/supplier_Id'

2020-09-08 11:42:08 - [TEST_STEP][PASSED] - sendKeys(findTestObject("FDR-Receipt/FDR-Receipt-Checkline/View/supplier_Id"), Keys.chord(DOWN, ENTER)): Keys 'DOWN + ENTER + ' sent to object: 'Object Repository/FDR-Receipt/FDR-Receipt-Checkline/View/supplier_Id'

2020-09-08 11:42:09 - [MESSAGE][PASSED] - Keys 'DOWN + ENTER + ' sent to object: 'Object Repository/FDR-Receipt/FDR-Receipt-Checkline/View/supplier_Id'

2020-09-08 11:42:09 - [TEST_STEP][PASSED] - waitForElementPresent(findTestObject("FDR-Receipt/FDR-Receipt-Checkline/View/deposit_Date"), 10): Object 'Object Repository/FDR-Receipt/FDR-Receipt-Checkline/View/deposit_Date' is present

2020-09-08 11:42:09 - [MESSAGE][PASSED] - Object 'Object Repository/FDR-Receipt/FDR-Receipt-Checkline/View/deposit_Date' is present

2020-09-08 11:42:09 - [TEST_STEP][PASSED] - sendKeys(findTestObject("FDR-Receipt/FDR-Receipt-Checkline/View/deposit_Date"), DepositDate): Keys '02/24/2020' sent to object: 'Object Repository/FDR-Receipt/FDR-Receipt-Checkline/View/deposit_Date'

2020-09-08 11:42:10 - [MESSAGE][PASSED] - Keys '02/24/2020' sent to object: 'Object Repository/FDR-Receipt/FDR-Receipt-Checkline/View/deposit_Date'

2020-09-08 11:42:10 - [TEST_STEP][PASSED] - waitForElementPresent(findTestObject("FDR-Receipt/FDR-Receipt-Checkline/View/addReceipt_Button2"), 10): Object 'Object Repository/FDR-Receipt/FDR-Receipt-Checkline/View/addReceipt_Button2' is present

2020-09-08 11:42:10 - [MESSAGE][PASSED] - Object 'Object Repository/FDR-Receipt/FDR-Receipt-Checkline/View/addReceipt_Button2' is present

2020-09-08 11:42:10 - [TEST_STEP][PASSED] - click(findTestObject("FDR-Receipt/FDR-Receipt-Checkline/View/addReceipt_Button2")): Object: 'Object Repository/FDR-Receipt/FDR-Receipt-Checkline/View/addReceipt_Button2' is clicked on

2020-09-08 11:42:11 - [MESSAGE][PASSED] - Object: 'Object Repository/FDR-Receipt/FDR-Receipt-Checkline/View/addReceipt_Button2' is clicked on

2020-09-08 11:42:11 - [TEST_STEP][PASSED] - verifyElementClickable(findTestObject("FDR-Receipt/FDR-Receipt-DistributionLine/FDR-AddEdit-DistributionLine/arrow_Down"), STOP_ON_FAILURE): Object 'Object Repository/FDR-Receipt/FDR-Receipt-DistributionLine/FDR-AddEdit-DistributionLine/arrow_Down' is clickable

2020-09-08 11:42:11 - [MESSAGE][PASSED] - Object 'Object Repository/FDR-Receipt/FDR-Receipt-DistributionLine/FDR-AddEdit-DistributionLine/arrow_Down' is clickable

2020-09-08 11:42:11 - [TEST_STEP][PASSED] - click(findTestObject("FDR-Receipt/FDR-Receipt-DistributionLine/FDR-AddEdit-DistributionLine/arrow_Down"), STOP_ON_FAILURE): Object: 'Object Repository/FDR-Receipt/FDR-Receipt-DistributionLine/FDR-AddEdit-DistributionLine/arrow_Down' is clicked on

2020-09-08 11:42:11 - [MESSAGE][PASSED] - Object: 'Object Repository/FDR-Receipt/FDR-Receipt-DistributionLine/FDR-AddEdit-DistributionLine/arrow_Down' is clicked on

2020-09-08 11:42:11 - [TEST_STEP][PASSED] - waitForElementPresent(findTestObject("FDR-Receipt/FDR-Receipt-DistributionLine/FDR-AddEdit-DistributionLine/button_Add-Invoiceline"), 10): Object 'Object Repository/FDR-Receipt/FDR-Receipt-DistributionLine/FDR-AddEdit-DistributionLine/button_Add-Invoiceline' is present

2020-09-08 11:42:12 - [MESSAGE][PASSED] - Object 'Object Repository/FDR-Receipt/FDR-Receipt-DistributionLine/FDR-AddEdit-DistributionLine/button_Add-Invoiceline' is present

2020-09-08 11:42:12 - [TEST_STEP][PASSED] - scrollToElement(findTestObject("FDR-Receipt/FDR-Receipt-DistributionLine/FDR-AddEdit-DistributionLine/button_Add-Invoiceline"), 3): Scroll to object 'Object Repository/FDR-Receipt/FDR-Receipt-DistributionLine/FDR-AddEdit-DistributionLine/button_Add-Invoiceline' successfully

2020-09-08 11:42:13 - [MESSAGE][PASSED] - Scroll to object 'Object Repository/FDR-Receipt/FDR-Receipt-DistributionLine/FDR-AddEdit-DistributionLine/button_Add-Invoiceline' successfully

2020-09-08 11:42:13 - [TEST_STEP][PASSED] - verifyElementClickable(findTestObject("FDR-Receipt/FDR-Receipt-DistributionLine/FDR-AddEdit-DistributionLine/button_Add-Invoiceline"), STOP_ON_FAILURE): Object 'Object Repository/FDR-Receipt/FDR-Receipt-DistributionLine/FDR-AddEdit-DistributionLine/button_Add-Invoiceline' is clickable

2020-09-08 11:42:13 - [MESSAGE][PASSED] - Object 'Object Repository/FDR-Receipt/FDR-Receipt-DistributionLine/FDR-AddEdit-DistributionLine/button_Add-Invoiceline' is clickable

2020-09-08 11:42:13 - [TEST_STEP][PASSED] - click(findTestObject("FDR-Receipt/FDR-Receipt-DistributionLine/FDR-AddEdit-DistributionLine/button_Add-Invoiceline"), STOP_ON_FAILURE): Object: 'Object Repository/FDR-Receipt/FDR-Receipt-DistributionLine/FDR-AddEdit-DistributionLine/button_Add-Invoiceline' is clicked on

2020-09-08 11:42:13 - [MESSAGE][PASSED] - Object: 'Object Repository/FDR-Receipt/FDR-Receipt-DistributionLine/FDR-AddEdit-DistributionLine/button_Add-Invoiceline' is clicked on

2020-09-08 11:42:13 - [TEST_STEP][PASSED] - waitForElementPresent(findTestObject("FDR-Receipt/FDR-Receipt-DistributionLine/FDR-AddEdit-DistributionLine/invoice_Searchfield"), 10): Object 'Object Repository/FDR-Receipt/FDR-Receipt-DistributionLine/FDR-AddEdit-DistributionLine/invoice_Searchfield' is present

2020-09-08 11:42:14 - [MESSAGE][PASSED] - Object 'Object Repository/FDR-Receipt/FDR-Receipt-DistributionLine/FDR-AddEdit-DistributionLine/invoice_Searchfield' is present

2020-09-08 11:42:14 - [TEST_STEP][PASSED] - sendKeys(findTestObject("FDR-Receipt/FDR-Receipt-DistributionLine/FDR-AddEdit-DistributionLine/invoice_Searchfield"), searchfield): Keys '524342' sent to object: 'Object Repository/FDR-Receipt/FDR-Receipt-DistributionLine/FDR-AddEdit-DistributionLine/invoice_Searchfield'

2020-09-08 11:42:15 - [MESSAGE][PASSED] - Keys '524342' sent to object: 'Object Repository/FDR-Receipt/FDR-Receipt-DistributionLine/FDR-AddEdit-DistributionLine/invoice_Searchfield'

2020-09-08 11:42:15 - [TEST_STEP][PASSED] - click(findTestObject("FDR-Receipt/FDR-Receipt-DistributionLine/FDR-AddEdit-DistributionLine/button_Add_invoicemanually")): Object: 'Object Repository/FDR-Receipt/FDR-Receipt-DistributionLine/FDR-AddEdit-DistributionLine/button_Add_invoicemanually' is clicked on

2020-09-08 11:42:16 - [MESSAGE][PASSED] - Object: 'Object Repository/FDR-Receipt/FDR-Receipt-DistributionLine/FDR-AddEdit-DistributionLine/button_Add_invoicemanually' is clicked on

2020-09-08 11:42:16 - [TEST_STEP][PASSED] - waitForElementPresent(findTestObject("FDR-Receipt/FDR-Receipt-DistributionLine/FDR-AddEdit-DistributionLine/input_Service date (from)"), 10): Object 'Object Repository/FDR-Receipt/FDR-Receipt-DistributionLine/FDR-AddEdit-DistributionLine/input_Service date (from)' is present

2020-09-08 11:42:16 - [MESSAGE][PASSED] - Object 'Object Repository/FDR-Receipt/FDR-Receipt-DistributionLine/FDR-AddEdit-DistributionLine/input_Service date (from)' is present

2020-09-08 11:42:16 - [TEST_STEP][PASSED] - sendKeys(findTestObject("FDR-Receipt/FDR-Receipt-DistributionLine/FDR-AddEdit-DistributionLine/input_Service date (from)"), servicedatefrom): Keys '09/09/2020' sent to object: 'Object Repository/FDR-Receipt/FDR-Receipt-DistributionLine/FDR-AddEdit-DistributionLine/input_Service date (from)'

2020-09-08 11:42:17 - [MESSAGE][PASSED] - Keys '09/09/2020' sent to object: 'Object Repository/FDR-Receipt/FDR-Receipt-DistributionLine/FDR-AddEdit-DistributionLine/input_Service date (from)'

2020-09-08 11:42:17 - [TEST_STEP][PASSED] - waitForElementPresent(findTestObject("FDR-Receipt/FDR-Receipt-DistributionLine/FDR-AddEdit-DistributionLine/input_Service date (to)"), 10): Object 'Object Repository/FDR-Receipt/FDR-Receipt-DistributionLine/FDR-AddEdit-DistributionLine/input_Service date (to)' is present

2020-09-08 11:42:17 - [MESSAGE][PASSED] - Object 'Object Repository/FDR-Receipt/FDR-Receipt-DistributionLine/FDR-AddEdit-DistributionLine/input_Service date (to)' is present

2020-09-08 11:42:17 - [TEST_STEP][PASSED] - sendKeys(findTestObject("FDR-Receipt/FDR-Receipt-DistributionLine/FDR-AddEdit-DistributionLine/input_Service date (to)"), servicedateto): Keys '09/10/2020' sent to object: 'Object Repository/FDR-Receipt/FDR-Receipt-DistributionLine/FDR-AddEdit-DistributionLine/input_Service date (to)'

2020-09-08 11:42:18 - [MESSAGE][PASSED] - Keys '09/10/2020' sent to object: 'Object Repository/FDR-Receipt/FDR-Receipt-DistributionLine/FDR-AddEdit-DistributionLine/input_Service date (to)'

2020-09-08 11:42:18 - [TEST_STEP][PASSED] - waitForElementPresent(findTestObject("FDR-Receipt/FDR-Receipt-DistributionLine/FDR-AddEdit-DistributionLine/input_OrginalWarrantDate"), 10): Object 'Object Repository/FDR-Receipt/FDR-Receipt-DistributionLine/FDR-AddEdit-DistributionLine/input_OrginalWarrantDate' is present

2020-09-08 11:42:18 - [MESSAGE][PASSED] - Object 'Object Repository/FDR-Receipt/FDR-Receipt-DistributionLine/FDR-AddEdit-DistributionLine/input_OrginalWarrantDate' is present

2020-09-08 11:42:18 - [TEST_STEP][PASSED] - sendKeys(findTestObject("FDR-Receipt/FDR-Receipt-DistributionLine/FDR-AddEdit-DistributionLine/input_OrginalWarrantDate"), originalwarrantdate): Keys '09/10/2020' sent to object: 'Object Repository/FDR-Receipt/FDR-Receipt-DistributionLine/FDR-AddEdit-DistributionLine/input_OrginalWarrantDate'

2020-09-08 11:42:19 - [MESSAGE][PASSED] - Keys '09/10/2020' sent to object: 'Object Repository/FDR-Receipt/FDR-Receipt-DistributionLine/FDR-AddEdit-DistributionLine/input_OrginalWarrantDate'

2020-09-08 11:42:19 - [TEST_STEP][PASSED] - waitForElementPresent(findTestObject("FDR-Receipt/FDR-Receipt-DistributionLine/FDR-AddEdit-DistributionLine/input_Amount"), 10): Object 'Object Repository/FDR-Receipt/FDR-Receipt-DistributionLine/FDR-AddEdit-DistributionLine/input_Amount' is present

2020-09-08 11:42:19 - [MESSAGE][PASSED] - Object 'Object Repository/FDR-Receipt/FDR-Receipt-DistributionLine/FDR-AddEdit-DistributionLine/input_Amount' is present

2020-09-08 11:42:19 - [TEST_STEP][PASSED] - sendKeys(findTestObject("FDR-Receipt/FDR-Receipt-DistributionLine/FDR-AddEdit-DistributionLine/input_Amount"), Amount): Keys '3000' sent to object: 'Object Repository/FDR-Receipt/FDR-Receipt-DistributionLine/FDR-AddEdit-DistributionLine/input_Amount'

2020-09-08 11:42:20 - [MESSAGE][PASSED] - Keys '3000' sent to object: 'Object Repository/FDR-Receipt/FDR-Receipt-DistributionLine/FDR-AddEdit-DistributionLine/input_Amount'

2020-09-08 11:42:20 - [TEST_STEP][PASSED] - waitForElementPresent(findTestObject("FDR-Receipt/FDR-Receipt-DistributionLine/FDR-AddEdit-DistributionLine/waiver_Type"), 10): Object 'Object Repository/FDR-Receipt/FDR-Receipt-DistributionLine/FDR-AddEdit-DistributionLine/waiver_Type' is present

2020-09-08 11:42:20 - [MESSAGE][PASSED] - Object 'Object Repository/FDR-Receipt/FDR-Receipt-DistributionLine/FDR-AddEdit-DistributionLine/waiver_Type' is present

2020-09-08 11:42:20 - [TEST_STEP][PASSED] - waitForElementPresent(findTestObject("FDR-Receipt/FDR-Receipt-DistributionLine/FDR-AddEdit-DistributionLine/waiver_Type"), 8): Object 'Object Repository/FDR-Receipt/FDR-Receipt-DistributionLine/FDR-AddEdit-DistributionLine/waiver_Type' is present

2020-09-08 11:42:21 - [MESSAGE][PASSED] - Object 'Object Repository/FDR-Receipt/FDR-Receipt-DistributionLine/FDR-AddEdit-DistributionLine/waiver_Type' is present

2020-09-08 11:42:21 - [TEST_STEP][PASSED] - sendKeys(findTestObject("FDR-Receipt/FDR-Receipt-DistributionLine/FDR-AddEdit-DistributionLine/waiver_Type"), Waivertype): Keys '2020' sent to object: 'Object Repository/FDR-Receipt/FDR-Receipt-DistributionLine/FDR-AddEdit-DistributionLine/waiver_Type'

2020-09-08 11:42:21 - [MESSAGE][PASSED] - Keys '2020' sent to object: 'Object Repository/FDR-Receipt/FDR-Receipt-DistributionLine/FDR-AddEdit-DistributionLine/waiver_Type'

2020-09-08 11:42:21 - [TEST_STEP][PASSED] - sendKeys(findTestObject("FDR-Receipt/FDR-Receipt-DistributionLine/FDR-AddEdit-DistributionLine/waiver_Type"), Keys.chord(DOWN, ENTER)): Keys 'DOWN + ENTER + ' sent to object: 'Object Repository/FDR-Receipt/FDR-Receipt-DistributionLine/FDR-AddEdit-DistributionLine/waiver_Type'

2020-09-08 11:42:22 - [MESSAGE][PASSED] - Keys 'DOWN + ENTER + ' sent to object: 'Object Repository/FDR-Receipt/FDR-Receipt-DistributionLine/FDR-AddEdit-DistributionLine/waiver_Type'

2020-09-08 11:42:22 - [TEST_STEP][PASSED] - waitForElementPresent(findTestObject("FDR-Receipt/FDR-Receipt-DistributionLine/FDR-AddEdit-DistributionLine/waiver_Name"), 6): Object 'Object Repository/FDR-Receipt/FDR-Receipt-DistributionLine/FDR-AddEdit-DistributionLine/waiver_Name' is present

2020-09-08 11:42:22 - [MESSAGE][PASSED] - Object 'Object Repository/FDR-Receipt/FDR-Receipt-DistributionLine/FDR-AddEdit-DistributionLine/waiver_Name' is present

2020-09-08 11:42:22 - [TEST_STEP][PASSED] - sendKeys(findTestObject("FDR-Receipt/FDR-Receipt-DistributionLine/FDR-AddEdit-DistributionLine/waiver_Name"), Waivername): Keys 'A-FamilyU TPM/GMC' sent to object: 'Object Repository/FDR-Receipt/FDR-Receipt-DistributionLine/FDR-AddEdit-DistributionLine/waiver_Name'

2020-09-08 11:42:22 - [MESSAGE][PASSED] - Keys 'A-FamilyU TPM/GMC' sent to object: 'Object Repository/FDR-Receipt/FDR-Receipt-DistributionLine/FDR-AddEdit-DistributionLine/waiver_Name'

2020-09-08 11:42:22 - [TEST_STEP][PASSED] - sendKeys(findTestObject("FDR-Receipt/FDR-Receipt-DistributionLine/FDR-AddEdit-DistributionLine/waiver_Name"), Keys.chord(DOWN, ENTER)): Keys 'DOWN + ENTER + ' sent to object: 'Object Repository/FDR-Receipt/FDR-Receipt-DistributionLine/FDR-AddEdit-DistributionLine/waiver_Name'

2020-09-08 11:42:23 - [MESSAGE][PASSED] - Keys 'DOWN + ENTER + ' sent to object: 'Object Repository/FDR-Receipt/FDR-Receipt-DistributionLine/FDR-AddEdit-DistributionLine/waiver_Name'

2020-09-08 11:42:23 - [TEST_STEP][PASSED] - waitForElementPresent(findTestObject("FDR-Receipt/FDR-Receipt-DistributionLine/FDR-AddEdit-DistributionLine/funding_Source"), 6): Object 'Object Repository/FDR-Receipt/FDR-Receipt-DistributionLine/FDR-AddEdit-DistributionLine/funding_Source' is present

2020-09-08 11:42:24 - [MESSAGE][PASSED] - Object 'Object Repository/FDR-Receipt/FDR-Receipt-DistributionLine/FDR-AddEdit-DistributionLine/funding_Source' is present

2020-09-08 11:42:24 - [TEST_STEP][PASSED] - sendKeys(findTestObject("FDR-Receipt/FDR-Receipt-DistributionLine/FDR-AddEdit-DistributionLine/funding_Source"), Fundingsource): Keys 'Dental' sent to object: 'Object Repository/FDR-Receipt/FDR-Receipt-DistributionLine/FDR-AddEdit-DistributionLine/funding_Source'

2020-09-08 11:42:24 - [MESSAGE][PASSED] - Keys 'Dental' sent to object: 'Object Repository/FDR-Receipt/FDR-Receipt-DistributionLine/FDR-AddEdit-DistributionLine/funding_Source'

2020-09-08 11:42:24 - [TEST_STEP][PASSED] - sendKeys(findTestObject("FDR-Receipt/FDR-Receipt-DistributionLine/FDR-AddEdit-DistributionLine/funding_Source"), Keys.chord(DOWN, ENTER)): Keys 'DOWN + ENTER + ' sent to object: 'Object Repository/FDR-Receipt/FDR-Receipt-DistributionLine/FDR-AddEdit-DistributionLine/funding_Source'

2020-09-08 11:42:24 - [MESSAGE][PASSED] - Keys 'DOWN + ENTER + ' sent to object: 'Object Repository/FDR-Receipt/FDR-Receipt-DistributionLine/FDR-AddEdit-DistributionLine/funding_Source'

2020-09-08 11:42:24 - [TEST_STEP][PASSED] - waitForElementPresent(findTestObject("FDR-Receipt/FDR-Receipt-DistributionLine/FDR-AddEdit-DistributionLine/fund_Code"), 30): Object 'Object Repository/FDR-Receipt/FDR-Receipt-DistributionLine/FDR-AddEdit-DistributionLine/fund_Code' is present

2020-09-08 11:42:25 - [MESSAGE][PASSED] - Object 'Object Repository/FDR-Receipt/FDR-Receipt-DistributionLine/FDR-AddEdit-DistributionLine/fund_Code' is present

2020-09-08 11:42:25 - [TEST_STEP][PASSED] - sendKeys(findTestObject("FDR-Receipt/FDR-Receipt-DistributionLine/FDR-AddEdit-DistributionLine/fund_Code"), Fundcode): Keys 'Health Care Deposit Fund (0912)' sent to object: 'Object Repository/FDR-Receipt/FDR-Receipt-DistributionLine/FDR-AddEdit-DistributionLine/fund_Code'

2020-09-08 11:42:25 - [MESSAGE][PASSED] - Keys 'Health Care Deposit Fund (0912)' sent to object: 'Object Repository/FDR-Receipt/FDR-Receipt-DistributionLine/FDR-AddEdit-DistributionLine/fund_Code'

2020-09-08 11:42:25 - [TEST_STEP][PASSED] - sendKeys(findTestObject("FDR-Receipt/FDR-Receipt-DistributionLine/FDR-AddEdit-DistributionLine/fund_Code"), Keys.chord(DOWN, ENTER)): Keys 'DOWN + ENTER + ' sent to object: 'Object Repository/FDR-Receipt/FDR-Receipt-DistributionLine/FDR-AddEdit-DistributionLine/fund_Code'

2020-09-08 11:42:26 - [MESSAGE][PASSED] - Keys 'DOWN + ENTER + ' sent to object: 'Object Repository/FDR-Receipt/FDR-Receipt-DistributionLine/FDR-AddEdit-DistributionLine/fund_Code'

2020-09-08 11:42:26 - [TEST_STEP][PASSED] - waitForElementPresent(findTestObject("FDR-Receipt/FDR-Receipt-DistributionLine/FDR-AddEdit-DistributionLine/fund_Ratio"), 10): Object 'Object Repository/FDR-Receipt/FDR-Receipt-DistributionLine/FDR-AddEdit-DistributionLine/fund_Ratio' is present

2020-09-08 11:42:26 - [MESSAGE][PASSED] - Object 'Object Repository/FDR-Receipt/FDR-Receipt-DistributionLine/FDR-AddEdit-DistributionLine/fund_Ratio' is present

2020-09-08 11:42:26 - [TEST_STEP][PASSED] - sendKeys(findTestObject("FDR-Receipt/FDR-Receipt-DistributionLine/FDR-AddEdit-DistributionLine/fund_Ratio"), Fundratio): Keys '5' sent to object: 'Object Repository/FDR-Receipt/FDR-Receipt-DistributionLine/FDR-AddEdit-DistributionLine/fund_Ratio'

2020-09-08 11:42:27 - [MESSAGE][PASSED] - Keys '5' sent to object: 'Object Repository/FDR-Receipt/FDR-Receipt-DistributionLine/FDR-AddEdit-DistributionLine/fund_Ratio'

2020-09-08 11:42:27 - [TEST_STEP][PASSED] - sendKeys(findTestObject("FDR-Receipt/FDR-Receipt-DistributionLine/FDR-AddEdit-DistributionLine/fund_Ratio"), Keys.chord(DOWN, ENTER)): Keys 'DOWN + ENTER + ' sent to object: 'Object Repository/FDR-Receipt/FDR-Receipt-DistributionLine/FDR-AddEdit-DistributionLine/fund_Ratio'

2020-09-08 11:42:27 - [MESSAGE][PASSED] - Keys 'DOWN + ENTER + ' sent to object: 'Object Repository/FDR-Receipt/FDR-Receipt-DistributionLine/FDR-AddEdit-DistributionLine/fund_Ratio'

2020-09-08 11:42:27 - [TEST_STEP][PASSED] - waitForElementPresent(findTestObject("FDR-Receipt/FDR-Receipt-DistributionLine/FDR-AddEdit-DistributionLine/non_Federalfund"), 10): Object 'Object Repository/FDR-Receipt/FDR-Receipt-DistributionLine/FDR-AddEdit-DistributionLine/non_Federalfund' is present

2020-09-08 11:42:28 - [MESSAGE][PASSED] - Object 'Object Repository/FDR-Receipt/FDR-Receipt-DistributionLine/FDR-AddEdit-DistributionLine/non_Federalfund' is present

2020-09-08 11:42:28 - [TEST_STEP][PASSED] - sendKeys(findTestObject("FDR-Receipt/FDR-Receipt-DistributionLine/FDR-AddEdit-DistributionLine/non_Federalfund"), Nonfederalfund): Keys '0001' sent to object: 'Object Repository/FDR-Receipt/FDR-Receipt-DistributionLine/FDR-AddEdit-DistributionLine/non_Federalfund'

2020-09-08 11:42:28 - [MESSAGE][PASSED] - Keys '0001' sent to object: 'Object Repository/FDR-Receipt/FDR-Receipt-DistributionLine/FDR-AddEdit-DistributionLine/non_Federalfund'

2020-09-08 11:42:28 - [TEST_STEP][PASSED] - sendKeys(findTestObject("FDR-Receipt/FDR-Receipt-DistributionLine/FDR-AddEdit-DistributionLine/non_Federalfund"), Keys.chord(DOWN, ENTER)): Keys 'DOWN + ENTER + ' sent to object: 'Object Repository/FDR-Receipt/FDR-Receipt-DistributionLine/FDR-AddEdit-DistributionLine/non_Federalfund'

2020-09-08 11:42:29 - [MESSAGE][PASSED] - Keys 'DOWN + ENTER + ' sent to object: 'Object Repository/FDR-Receipt/FDR-Receipt-DistributionLine/FDR-AddEdit-DistributionLine/non_Federalfund'

2020-09-08 11:42:29 - [TEST_STEP][PASSED] - waitForElementPresent(findTestObject("FDR-Receipt/FDR-Receipt-DistributionLine/FDR-AddEdit-DistributionLine/input_Service location_serviceLocation"), 10): Object 'Object Repository/FDR-Receipt/FDR-Receipt-DistributionLine/FDR-AddEdit-DistributionLine/input_Service location_serviceLocation' is present

2020-09-08 11:42:29 - [MESSAGE][PASSED] - Object 'Object Repository/FDR-Receipt/FDR-Receipt-DistributionLine/FDR-AddEdit-DistributionLine/input_Service location_serviceLocation' is present

2020-09-08 11:42:29 - [TEST_STEP][PASSED] - sendKeys(findTestObject("FDR-Receipt/FDR-Receipt-DistributionLine/FDR-AddEdit-DistributionLine/input_Service location_serviceLocation"), Servicelocation): Keys '3445' sent to object: 'Object Repository/FDR-Receipt/FDR-Receipt-DistributionLine/FDR-AddEdit-DistributionLine/input_Service location_serviceLocation'

2020-09-08 11:42:30 - [MESSAGE][PASSED] - Keys '3445' sent to object: 'Object Repository/FDR-Receipt/FDR-Receipt-DistributionLine/FDR-AddEdit-DistributionLine/input_Service location_serviceLocation'

2020-09-08 11:42:30 - [TEST_STEP][PASSED] - sendKeys(findTestObject("FDR-Receipt/FDR-Receipt-DistributionLine/FDR-AddEdit-DistributionLine/input_Service location_serviceLocation"), Keys.chord(DOWN, ENTER)): Keys 'DOWN + ENTER + ' sent to object: 'Object Repository/FDR-Receipt/FDR-Receipt-DistributionLine/FDR-AddEdit-DistributionLine/input_Service location_serviceLocation'

2020-09-08 11:42:30 - [MESSAGE][PASSED] - Keys 'DOWN + ENTER + ' sent to object: 'Object Repository/FDR-Receipt/FDR-Receipt-DistributionLine/FDR-AddEdit-DistributionLine/input_Service location_serviceLocation'

2020-09-08 11:42:30 - [TEST_STEP][PASSED] - waitForElementPresent(findTestObject("FDR-Receipt/FDR-Receipt-DistributionLine/FDR-AddEdit-DistributionLine/Index"), 10): Object 'Object Repository/FDR-Receipt/FDR-Receipt-DistributionLine/FDR-AddEdit-DistributionLine/Index' is present

2020-09-08 11:42:30 - [MESSAGE][PASSED] - Object 'Object Repository/FDR-Receipt/FDR-Receipt-DistributionLine/FDR-AddEdit-DistributionLine/Index' is present

2020-09-08 11:42:30 - [TEST_STEP][PASSED] - sendKeys(findTestObject("FDR-Receipt/FDR-Receipt-DistributionLine/FDR-AddEdit-DistributionLine/Index"), Index): Keys '1155' sent to object: 'Object Repository/FDR-Receipt/FDR-Receipt-DistributionLine/FDR-AddEdit-DistributionLine/Index'

2020-09-08 11:42:30 - [MESSAGE][PASSED] - Keys '1155' sent to object: 'Object Repository/FDR-Receipt/FDR-Receipt-DistributionLine/FDR-AddEdit-DistributionLine/Index'

2020-09-08 11:42:30 - [TEST_STEP][PASSED] - sendKeys(findTestObject("FDR-Receipt/FDR-Receipt-DistributionLine/FDR-AddEdit-DistributionLine/Index"), Keys.chord(DOWN, ENTER)): Keys 'DOWN + ENTER + ' sent to object: 'Object Repository/FDR-Receipt/FDR-Receipt-DistributionLine/FDR-AddEdit-DistributionLine/Index'

2020-09-08 11:42:31 - [MESSAGE][PASSED] - Keys 'DOWN + ENTER + ' sent to object: 'Object Repository/FDR-Receipt/FDR-Receipt-DistributionLine/FDR-AddEdit-DistributionLine/Index'

2020-09-08 11:42:31 - [TEST_STEP][PASSED] - waitForElementPresent(findTestObject("FDR-Receipt/FDR-Receipt-DistributionLine/FDR-AddEdit-DistributionLine/program_Type"), 10): Object 'Object Repository/FDR-Receipt/FDR-Receipt-DistributionLine/FDR-AddEdit-DistributionLine/program_Type' is present

2020-09-08 11:42:31 - [MESSAGE][PASSED] - Object 'Object Repository/FDR-Receipt/FDR-Receipt-DistributionLine/FDR-AddEdit-DistributionLine/program_Type' is present

2020-09-08 11:42:31 - [TEST_STEP][PASSED] - sendKeys(findTestObject("FDR-Receipt/FDR-Receipt-DistributionLine/FDR-AddEdit-DistributionLine/program_Type"), Programtype): Keys 'Medical Assistance (MA)' sent to object: 'Object Repository/FDR-Receipt/FDR-Receipt-DistributionLine/FDR-AddEdit-DistributionLine/program_Type'

2020-09-08 11:42:32 - [MESSAGE][PASSED] - Keys 'Medical Assistance (MA)' sent to object: 'Object Repository/FDR-Receipt/FDR-Receipt-DistributionLine/FDR-AddEdit-DistributionLine/program_Type'

2020-09-08 11:42:32 - [TEST_STEP][PASSED] - sendKeys(findTestObject("FDR-Receipt/FDR-Receipt-DistributionLine/FDR-AddEdit-DistributionLine/program_Type"), Keys.chord(DOWN, ENTER)): Keys 'DOWN + ENTER + ' sent to object: 'Object Repository/FDR-Receipt/FDR-Receipt-DistributionLine/FDR-AddEdit-DistributionLine/program_Type'

2020-09-08 11:42:32 - [MESSAGE][PASSED] - Keys 'DOWN + ENTER + ' sent to object: 'Object Repository/FDR-Receipt/FDR-Receipt-DistributionLine/FDR-AddEdit-DistributionLine/program_Type'

2020-09-08 11:42:32 - [TEST_STEP][PASSED] - waitForElementPresent(findTestObject("FDR-Receipt/FDR-Receipt-DistributionLine/FDR-AddEdit-DistributionLine/service_Category"), 10): Object 'Object Repository/FDR-Receipt/FDR-Receipt-DistributionLine/FDR-AddEdit-DistributionLine/service_Category' is present

2020-09-08 11:42:33 - [MESSAGE][PASSED] - Object 'Object Repository/FDR-Receipt/FDR-Receipt-DistributionLine/FDR-AddEdit-DistributionLine/service_Category' is present

2020-09-08 11:42:33 - [TEST_STEP][PASSED] - sendKeys(findTestObject("FDR-Receipt/FDR-Receipt-DistributionLine/FDR-AddEdit-DistributionLine/service_Category"), Servicecategory): Keys '18B1' sent to object: 'Object Repository/FDR-Receipt/FDR-Receipt-DistributionLine/FDR-AddEdit-DistributionLine/service_Category'

2020-09-08 11:42:33 - [MESSAGE][PASSED] - Keys '18B1' sent to object: 'Object Repository/FDR-Receipt/FDR-Receipt-DistributionLine/FDR-AddEdit-DistributionLine/service_Category'

2020-09-08 11:42:33 - [TEST_STEP][PASSED] - sendKeys(findTestObject("FDR-Receipt/FDR-Receipt-DistributionLine/FDR-AddEdit-DistributionLine/service_Category"), Keys.chord(DOWN, ENTER)): Keys 'DOWN + ENTER + ' sent to object: 'Object Repository/FDR-Receipt/FDR-Receipt-DistributionLine/FDR-AddEdit-DistributionLine/service_Category'

2020-09-08 11:42:34 - [MESSAGE][PASSED] - Keys 'DOWN + ENTER + ' sent to object: 'Object Repository/FDR-Receipt/FDR-Receipt-DistributionLine/FDR-AddEdit-DistributionLine/service_Category'

2020-09-08 11:42:34 - [TEST_STEP][PASSED] - waitForElementPresent(findTestObject("FDR-Receipt/FDR-Receipt-DistributionLine/FDR-AddEdit-DistributionLine/increaseDecreaseLine"), 10): Object 'Object Repository/FDR-Receipt/FDR-Receipt-DistributionLine/FDR-AddEdit-DistributionLine/increaseDecreaseLine' is present

2020-09-08 11:42:34 - [MESSAGE][PASSED] - Object 'Object Repository/FDR-Receipt/FDR-Receipt-DistributionLine/FDR-AddEdit-DistributionLine/increaseDecreaseLine' is present

2020-09-08 11:42:34 - [TEST_STEP][PASSED] - sendKeys(findTestObject("FDR-Receipt/FDR-Receipt-DistributionLine/FDR-AddEdit-DistributionLine/increaseDecreaseLine"), IncreaseDecreaseLine): Keys '10b: Receipts or any decrease' sent to object: 'Object Repository/FDR-Receipt/FDR-Receipt-DistributionLine/FDR-AddEdit-DistributionLine/increaseDecreaseLine'

2020-09-08 11:42:35 - [MESSAGE][PASSED] - Keys '10b: Receipts or any decrease' sent to object: 'Object Repository/FDR-Receipt/FDR-Receipt-DistributionLine/FDR-AddEdit-DistributionLine/increaseDecreaseLine'

2020-09-08 11:42:35 - [TEST_STEP][PASSED] - sendKeys(findTestObject("FDR-Receipt/FDR-Receipt-DistributionLine/FDR-AddEdit-DistributionLine/increaseDecreaseLine"), Keys.chord(ARROW_DOWN, ENTER)): Keys 'DOWN + ENTER + ' sent to object: 'Object Repository/FDR-Receipt/FDR-Receipt-DistributionLine/FDR-AddEdit-DistributionLine/increaseDecreaseLine'

2020-09-08 11:42:35 - [MESSAGE][PASSED] - Keys 'DOWN + ENTER + ' sent to object: 'Object Repository/FDR-Receipt/FDR-Receipt-DistributionLine/FDR-AddEdit-DistributionLine/increaseDecreaseLine'

2020-09-08 11:42:35 - [TEST_STEP][PASSED] - waitForElementPresent(findTestObject("FDR-Receipt/FDR-Receipt-DistributionLine/FDR-AddEdit-DistributionLine/input_accountId"), 2, STOP_ON_FAILURE): Object 'Object Repository/FDR-Receipt/FDR-Receipt-DistributionLine/FDR-AddEdit-DistributionLine/input_accountId' is present

2020-09-08 11:42:36 - [MESSAGE][PASSED] - Object 'Object Repository/FDR-Receipt/FDR-Receipt-DistributionLine/FDR-AddEdit-DistributionLine/input_accountId' is present

2020-09-08 11:42:36 - [TEST_STEP][PASSED] - sendKeys(findTestObject("FDR-Receipt/FDR-Receipt-DistributionLine/FDR-AddEdit-DistributionLine/input_accountId"), accountId + Keys.chord(ARROW_DOWN, ENTER)): Keys 'DOWN + ENTER + 5432000' sent to object: 'Object Repository/FDR-Receipt/FDR-Receipt-DistributionLine/FDR-AddEdit-DistributionLine/input_accountId'

2020-09-08 11:42:36 - [MESSAGE][PASSED] - Keys 'DOWN + ENTER + 5432000' sent to object: 'Object Repository/FDR-Receipt/FDR-Receipt-DistributionLine/FDR-AddEdit-DistributionLine/input_accountId'

2020-09-08 11:42:36 - [TEST_STEP][PASSED] - waitForElementPresent(findTestObject("FDR-Receipt/FDR-Receipt-DistributionLine/FDR-AddEdit-DistributionLine/input_altAccountId"), 2, STOP_ON_FAILURE): Object 'Object Repository/FDR-Receipt/FDR-Receipt-DistributionLine/FDR-AddEdit-DistributionLine/input_altAccountId' is present

2020-09-08 11:42:36 - [MESSAGE][PASSED] - Object 'Object Repository/FDR-Receipt/FDR-Receipt-DistributionLine/FDR-AddEdit-DistributionLine/input_altAccountId' is present

2020-09-08 11:42:36 - [TEST_STEP][PASSED] - sendKeys(findTestObject("FDR-Receipt/FDR-Receipt-DistributionLine/FDR-AddEdit-DistributionLine/input_altAccountId"), altAccountId): Keys '5432000019' sent to object: 'Object Repository/FDR-Receipt/FDR-Receipt-DistributionLine/FDR-AddEdit-DistributionLine/input_altAccountId'

2020-09-08 11:42:37 - [MESSAGE][PASSED] - Keys '5432000019' sent to object: 'Object Repository/FDR-Receipt/FDR-Receipt-DistributionLine/FDR-AddEdit-DistributionLine/input_altAccountId'

2020-09-08 11:42:37 - [TEST_STEP][PASSED] - sendKeys(findTestObject("FDR-Receipt/FDR-Receipt-DistributionLine/FDR-AddEdit-DistributionLine/input_altAccountId"), Keys.chord(ARROW_DOWN, ENTER)): Keys 'DOWN + ENTER + ' sent to object: 'Object Repository/FDR-Receipt/FDR-Receipt-DistributionLine/FDR-AddEdit-DistributionLine/input_altAccountId'

2020-09-08 11:42:37 - [MESSAGE][PASSED] - Keys 'DOWN + ENTER + ' sent to object: 'Object Repository/FDR-Receipt/FDR-Receipt-DistributionLine/FDR-AddEdit-DistributionLine/input_altAccountId'

2020-09-08 11:42:37 - [TEST_STEP][PASSED] - waitForElementPresent(findTestObject("FDR-Receipt/FDR-Receipt-DistributionLine/FDR-AddEdit-DistributionLine/button_SaveClose"), 10): Object 'Object Repository/FDR-Receipt/FDR-Receipt-DistributionLine/FDR-AddEdit-DistributionLine/button_SaveClose' is present

2020-09-08 11:42:38 - [MESSAGE][PASSED] - Object 'Object Repository/FDR-Receipt/FDR-Receipt-DistributionLine/FDR-AddEdit-DistributionLine/button_SaveClose' is present

2020-09-08 11:42:38 - [TEST_STEP][PASSED] - waitForElementClickable(findTestObject("FDR-Receipt/FDR-Receipt-DistributionLine/FDR-AddEdit-DistributionLine/button_SaveClose"), 10): Object 'Object Repository/FDR-Receipt/FDR-Receipt-DistributionLine/FDR-AddEdit-DistributionLine/button_SaveClose' is clickable

2020-09-08 11:42:38 - [MESSAGE][PASSED] - Object 'Object Repository/FDR-Receipt/FDR-Receipt-DistributionLine/FDR-AddEdit-DistributionLine/button_SaveClose' is clickable

2020-09-08 11:42:38 - [TEST_STEP][PASSED] - click(findTestObject("FDR-Receipt/FDR-Receipt-DistributionLine/FDR-AddEdit-DistributionLine/button_SaveClose")): Object: 'Object Repository/FDR-Receipt/FDR-Receipt-DistributionLine/FDR-AddEdit-DistributionLine/button_SaveClose' is clicked on

2020-09-08 11:42:39 - [MESSAGE][PASSED] - Object: 'Object Repository/FDR-Receipt/FDR-Receipt-DistributionLine/FDR-AddEdit-DistributionLine/button_SaveClose' is clicked on

2020-09-08 11:42:39 - [TEST_STEP][PASSED] - waitForElementPresent(findTestObject("FDR-Receipt/FDR-ReceiptBatch/Fix/reviewButton"), 5): Object 'Object Repository/FDR-Receipt/FDR-ReceiptBatch/Fix/reviewButton' is present

2020-09-08 11:42:40 - [MESSAGE][PASSED] - Object 'Object Repository/FDR-Receipt/FDR-ReceiptBatch/Fix/reviewButton' is present

2020-09-08 11:42:40 - [TEST_STEP][PASSED] - click(findTestObject("FDR-Receipt/FDR-ReceiptBatch/Fix/reviewButton")): Object: 'Object Repository/FDR-Receipt/FDR-ReceiptBatch/Fix/reviewButton' is clicked on

2020-09-08 11:42:40 - [MESSAGE][PASSED] - Object: 'Object Repository/FDR-Receipt/FDR-ReceiptBatch/Fix/reviewButton' is clicked on

2020-09-08 11:42:40 - [TEST_STEP][PASSED] - waitForElementPresent(findTestObject("FDR-Receipt/FDR-ReceiptBatch/Review-Receipt/previewTROthers"), 2, STOP_ON_FAILURE): Object 'Object Repository/FDR-Receipt/FDR-ReceiptBatch/Review-Receipt/previewTROthers' is present

2020-09-08 11:42:41 - [MESSAGE][PASSED] - Object 'Object Repository/FDR-Receipt/FDR-ReceiptBatch/Review-Receipt/previewTROthers' is present

2020-09-08 11:42:41 - [TEST_STEP][PASSED] - click(findTestObject("FDR-Receipt/FDR-ReceiptBatch/Review-Receipt/previewTROthers")): Object: 'Object Repository/FDR-Receipt/FDR-ReceiptBatch/Review-Receipt/previewTROthers' is clicked on

2020-09-08 11:42:42 - [MESSAGE][PASSED] - Object: 'Object Repository/FDR-Receipt/FDR-ReceiptBatch/Review-Receipt/previewTROthers' is clicked on

2020-09-08 11:42:42 - [TEST_STEP][PASSED] - waitForElementPresent(findTestObject("FDR-Receipt/FDR-ReceiptBatch/Review-Receipt/closePreview"), 2): Object 'Object Repository/FDR-Receipt/FDR-ReceiptBatch/Review-Receipt/closePreview' is present

2020-09-08 11:42:42 - [MESSAGE][PASSED] - Object 'Object Repository/FDR-Receipt/FDR-ReceiptBatch/Review-Receipt/closePreview' is present

2020-09-08 11:42:42 - [TEST_STEP][PASSED] - click(findTestObject("FDR-Receipt/FDR-ReceiptBatch/Review-Receipt/closePreview")): Object: 'Object Repository/FDR-Receipt/FDR-ReceiptBatch/Review-Receipt/closePreview' is clicked on

2020-09-08 11:42:43 - [MESSAGE][PASSED] - Object: 'Object Repository/FDR-Receipt/FDR-ReceiptBatch/Review-Receipt/closePreview' is clicked on

2020-09-08 11:42:43 - [TEST_STEP][PASSED] - waitForElementPresent(findTestObject("FDR-Receipt/FDR-ReceiptBatch/Review-Receipt/previewTRHQAF"), 2, STOP_ON_FAILURE): Object 'Object Repository/FDR-Receipt/FDR-ReceiptBatch/Review-Receipt/previewTRHQAF' is present

2020-09-08 11:42:43 - [MESSAGE][PASSED] - Object 'Object Repository/FDR-Receipt/FDR-ReceiptBatch/Review-Receipt/previewTRHQAF' is present

2020-09-08 11:42:43 - [TEST_STEP][PASSED] - click(findTestObject("FDR-Receipt/FDR-ReceiptBatch/Review-Receipt/previewTRHQAF")): Object: 'Object Repository/FDR-Receipt/FDR-ReceiptBatch/Review-Receipt/previewTRHQAF' is clicked on

2020-09-08 11:42:43 - [MESSAGE][PASSED] - Object: 'Object Repository/FDR-Receipt/FDR-ReceiptBatch/Review-Receipt/previewTRHQAF' is clicked on

2020-09-08 11:42:43 - [TEST_STEP][PASSED] - waitForElementPresent(findTestObject("FDR-Receipt/FDR-ReceiptBatch/Review-Receipt/closePreview"), 2): Object 'Object Repository/FDR-Receipt/FDR-ReceiptBatch/Review-Receipt/closePreview' is present

2020-09-08 11:42:44 - [MESSAGE][PASSED] - Object 'Object Repository/FDR-Receipt/FDR-ReceiptBatch/Review-Receipt/closePreview' is present

2020-09-08 11:42:44 - [TEST_STEP][PASSED] - click(findTestObject("FDR-Receipt/FDR-ReceiptBatch/Review-Receipt/closePreview")): Object: 'Object Repository/FDR-Receipt/FDR-ReceiptBatch/Review-Receipt/closePreview' is clicked on

2020-09-08 11:42:44 - [MESSAGE][PASSED] - Object: 'Object Repository/FDR-Receipt/FDR-ReceiptBatch/Review-Receipt/closePreview' is clicked on

2020-09-08 11:42:44 - [TEST_STEP][PASSED] - waitForElementPresent(findTestObject("FDR-Receipt/FDR-ReceiptBatch/Review-Receipt/previewTRHHP"), 2, STOP_ON_FAILURE): Object 'Object Repository/FDR-Receipt/FDR-ReceiptBatch/Review-Receipt/previewTRHHP' is present

2020-09-08 11:42:45 - [MESSAGE][PASSED] - Object 'Object Repository/FDR-Receipt/FDR-ReceiptBatch/Review-Receipt/previewTRHHP' is present

2020-09-08 11:42:45 - [TEST_STEP][PASSED] - click(findTestObject("FDR-Receipt/FDR-ReceiptBatch/Review-Receipt/previewTRHHP")): Object: 'Object Repository/FDR-Receipt/FDR-ReceiptBatch/Review-Receipt/previewTRHHP' is clicked on

2020-09-08 11:42:45 - [MESSAGE][PASSED] - Object: 'Object Repository/FDR-Receipt/FDR-ReceiptBatch/Review-Receipt/previewTRHHP' is clicked on

2020-09-08 11:42:45 - [TEST_STEP][PASSED] - waitForElementPresent(findTestObject("FDR-Receipt/FDR-ReceiptBatch/Review-Receipt/closePreview"), 2): Object 'Object Repository/FDR-Receipt/FDR-ReceiptBatch/Review-Receipt/closePreview' is present

2020-09-08 11:42:46 - [MESSAGE][PASSED] - Object 'Object Repository/FDR-Receipt/FDR-ReceiptBatch/Review-Receipt/closePreview' is present

2020-09-08 11:42:46 - [TEST_STEP][PASSED] - click(findTestObject("FDR-Receipt/FDR-ReceiptBatch/Review-Receipt/closePreview")): Object: 'Object Repository/FDR-Receipt/FDR-ReceiptBatch/Review-Receipt/closePreview' is clicked on

2020-09-08 11:42:46 - [MESSAGE][PASSED] - Object: 'Object Repository/FDR-Receipt/FDR-ReceiptBatch/Review-Receipt/closePreview' is clicked on

2020-09-08 11:42:46 - [TEST_STEP][PASSED] - waitForElementPresent(findTestObject("FDR-Receipt/FDR-ReceiptBatch/Review-Receipt/button_Submitforapproval"), 2): Object 'Object Repository/FDR-Receipt/FDR-ReceiptBatch/Review-Receipt/button_Submitforapproval' is present

2020-09-08 11:42:47 - [MESSAGE][PASSED] - Object 'Object Repository/FDR-Receipt/FDR-ReceiptBatch/Review-Receipt/button_Submitforapproval' is present

2020-09-08 11:42:47 - [TEST_STEP][PASSED] - click(findTestObject("FDR-Receipt/FDR-ReceiptBatch/Review-Receipt/button_Submitforapproval")): Object: 'Object Repository/FDR-Receipt/FDR-ReceiptBatch/Review-Receipt/button_Submitforapproval' is clicked on

2020-09-08 11:42:47 - [MESSAGE][PASSED] - Object: 'Object Repository/FDR-Receipt/FDR-ReceiptBatch/Review-Receipt/button_Submitforapproval' is clicked on

2020-09-08 11:42:47 - [TEST_STEP][PASSED] - waitForElementPresent(findTestObject("FDR-Receipt/FDR-Receipt-Dashboard/filterValidatebatch"), 2): Object 'Object Repository/FDR-Receipt/FDR-Receipt-Dashboard/filterValidatebatch' is present

2020-09-08 11:42:48 - [MESSAGE][PASSED] - Object 'Object Repository/FDR-Receipt/FDR-Receipt-Dashboard/filterValidatebatch' is present

2020-09-08 11:42:48 - [TEST_STEP][PASSED] - waitForElementClickable(findTestObject("FDR-Receipt/FDR-Receipt-Dashboard/filterValidatebatch"), 10): Object 'Object Repository/FDR-Receipt/FDR-Receipt-Dashboard/filterValidatebatch' is clickable

2020-09-08 11:42:48 - [MESSAGE][PASSED] - Object 'Object Repository/FDR-Receipt/FDR-Receipt-Dashboard/filterValidatebatch' is clickable

2020-09-08 11:42:48 - [TEST_STEP][PASSED] - click(findTestObject("FDR-Receipt/FDR-Receipt-Dashboard/filterValidatebatch")): Object: 'Object Repository/FDR-Receipt/FDR-Receipt-Dashboard/filterValidatebatch' is clicked on

2020-09-08 11:42:49 - [MESSAGE][PASSED] - Object: 'Object Repository/FDR-Receipt/FDR-Receipt-Dashboard/filterValidatebatch' is clicked on

2020-09-08 11:42:49 - [TEST_STEP][PASSED] - waitForElementPresent(findTestObject("FDR-Receipt/FDR-Receipt-Dashboard/buttonValidate"), 2): Object 'Object Repository/FDR-Receipt/FDR-Receipt-Dashboard/buttonValidate' is present

2020-09-08 11:42:50 - [MESSAGE][PASSED] - Object 'Object Repository/FDR-Receipt/FDR-Receipt-Dashboard/buttonValidate' is present

2020-09-08 11:42:50 - [TEST_STEP][PASSED] - click(findTestObject("FDR-Receipt/FDR-Receipt-Dashboard/buttonValidate")): Object: 'Object Repository/FDR-Receipt/FDR-Receipt-Dashboard/buttonValidate' is clicked on

2020-09-08 11:42:50 - [MESSAGE][PASSED] - Object: 'Object Repository/FDR-Receipt/FDR-Receipt-Dashboard/buttonValidate' is clicked on

2020-09-08 11:42:50 - [TEST_STEP][PASSED] - waitForElementPresent(findTestObject("FDR-Receipt/FDR-ReceiptBatch/Review-Receipt/button_Approve"), 5): Object 'Object Repository/FDR-Receipt/FDR-ReceiptBatch/Review-Receipt/button_Approve' is present

2020-09-08 11:42:51 - [MESSAGE][PASSED] - Object 'Object Repository/FDR-Receipt/FDR-ReceiptBatch/Review-Receipt/button_Approve' is present

2020-09-08 11:42:51 - [TEST_STEP][PASSED] - click(findTestObject("FDR-Receipt/FDR-ReceiptBatch/Review-Receipt/button_Approve")): Object: 'Object Repository/FDR-Receipt/FDR-ReceiptBatch/Review-Receipt/button_Approve' is clicked on

2020-09-08 11:42:51 - [MESSAGE][PASSED] - Object: 'Object Repository/FDR-Receipt/FDR-ReceiptBatch/Review-Receipt/button_Approve' is clicked on

2020-09-08 11:42:51 - [TEST_STEP][PASSED] - waitForElementPresent(findTestObject("FDR-Receipt/FDR-Receipt-Dashboard/reportButton"), 2): Object 'Object Repository/FDR-Receipt/FDR-Receipt-Dashboard/reportButton' is present

2020-09-08 11:42:52 - [MESSAGE][PASSED] - Object 'Object Repository/FDR-Receipt/FDR-Receipt-Dashboard/reportButton' is present

2020-09-08 11:42:52 - [TEST_STEP][PASSED] - click(findTestObject("FDR-Receipt/FDR-Receipt-Dashboard/reportButton")): Object: 'Object Repository/FDR-Receipt/FDR-Receipt-Dashboard/reportButton' is clicked on

2020-09-08 11:42:52 - [MESSAGE][PASSED] - Object: 'Object Repository/FDR-Receipt/FDR-Receipt-Dashboard/reportButton' is clicked on

2020-09-08 11:42:52 - [TEST_STEP][PASSED] - waitForElementPresent(findTestObject("FDR-Receipt/FDR-Report-Generation/FDR-Report-Dashboard/receiptTransactionRequests"), 5, STOP_ON_FAILURE): Object 'Object Repository/FDR-Receipt/FDR-Report-Generation/FDR-Report-Dashboard/receiptTransactionRequests' is present

2020-09-08 11:42:52 - [MESSAGE][PASSED] - Object 'Object Repository/FDR-Receipt/FDR-Report-Generation/FDR-Report-Dashboard/receiptTransactionRequests' is present

2020-09-08 11:42:52 - [TEST_STEP][PASSED] - click(findTestObject("FDR-Receipt/FDR-Report-Generation/FDR-Report-Dashboard/receiptTransactionRequests")): Object: 'Object Repository/FDR-Receipt/FDR-Report-Generation/FDR-Report-Dashboard/receiptTransactionRequests' is clicked on

2020-09-08 11:42:53 - [MESSAGE][PASSED] - Object: 'Object Repository/FDR-Receipt/FDR-Report-Generation/FDR-Report-Dashboard/receiptTransactionRequests' is clicked on

2020-09-08 11:42:53 - [TEST_STEP][PASSED] - waitForElementPresent(findTestObject("FDR-Receipt/FDR-Receipt-Header/View/inputDrawDate"), 3): Object 'Object Repository/FDR-Receipt/FDR-Receipt-Header/View/inputDrawDate' is present

2020-09-08 11:42:53 - [MESSAGE][PASSED] - Object 'Object Repository/FDR-Receipt/FDR-Receipt-Header/View/inputDrawDate' is present

2020-09-08 11:42:53 - [TEST_STEP][PASSED] - sendKeys(findTestObject("FDR-Receipt/FDR-Receipt-Header/View/inputDrawDate"), Drawdate): Keys '09/28/2020' sent to object: 'Object Repository/FDR-Receipt/FDR-Receipt-Header/View/inputDrawDate'

2020-09-08 11:42:54 - [MESSAGE][PASSED] - Keys '09/28/2020' sent to object: 'Object Repository/FDR-Receipt/FDR-Receipt-Header/View/inputDrawDate'

2020-09-08 11:42:54 - [TEST_STEP][PASSED] - waitForElementClickable(findTestObject("FDR-Receipt/FDR-Report-Generation/FDR-Report-Dashboard/button_generateTRs"), 10, STOP_ON_FAILURE): Object 'Object Repository/FDR-Receipt/FDR-Report-Generation/FDR-Report-Dashboard/button_generateTRs' is clickable

2020-09-08 11:42:55 - [MESSAGE][PASSED] - Object 'Object Repository/FDR-Receipt/FDR-Report-Generation/FDR-Report-Dashboard/button_generateTRs' is clickable

2020-09-08 11:42:55 - [TEST_STEP][PASSED] - click(findTestObject("FDR-Receipt/FDR-Report-Generation/FDR-Report-Dashboard/button_generateTRs")): Object: 'Object Repository/FDR-Receipt/FDR-Report-Generation/FDR-Report-Dashboard/button_generateTRs' is clicked on

2020-09-08 11:42:55 - [MESSAGE][PASSED] - Object: 'Object Repository/FDR-Receipt/FDR-Report-Generation/FDR-Report-Dashboard/button_generateTRs' is clicked on

2020-09-08 11:42:55 - [TEST_STEP][PASSED] - waitForElementClickable(findTestObject("FDR-Receipt/FDR-Report-Generation/FDR-Report-Dashboard/backToDashboardBtn"), 2, STOP_ON_FAILURE): Object 'Object Repository/FDR-Receipt/FDR-Report-Generation/FDR-Report-Dashboard/backToDashboardBtn' is clickable

2020-09-08 11:42:56 - [MESSAGE][PASSED] - Object 'Object Repository/FDR-Receipt/FDR-Report-Generation/FDR-Report-Dashboard/backToDashboardBtn' is clickable

2020-09-08 11:42:56 - [TEST_STEP][PASSED] - Start listener action : sampleAfterTestCase: Browser is closed

2020-09-08 11:42:56 - [TEST_STEP][PASSED] - profileName = getExecutionProfile(): null

2020-09-08 11:42:56 - [TEST_STEP][PASSED] - switch (profileName): null

2020-09-08 11:42:56 - [TEST_STEP][PASSED] - if (!(skipBeforeAndAfterTestCase)): Browser is closed

2020-09-08 11:42:56 - [TEST_STEP][PASSED] - Uifunctions.logoutFDR(): Browser is closed

2020-09-08 11:42:57 - [MESSAGE][PASSED] - Browser is closed

2020-09-08 11:42:57 - [TEST_STEP][PASSED] - Start listener action : afterTestCase: null

2020-09-08 11:42:57 - [TEST_STEP][PASSED] - profileName = getExecutionProfile(): null

2020-09-08 11:42:57 - [TEST_STEP][PASSED] - if (profileName.equalsIgnoreCase("SysAdmin")): null

2020-09-08 11:42:57 - [TEST_STEP][PASSED] - Start listener action : sampleAfterTestCase: null

2020-09-08 11:42:57 - [TEST_STEP][PASSED] - profileName = getExecutionProfile(): null

2020-09-08 11:42:57 - [TEST_STEP][PASSED] - switch (profileName): null

2020-09-08 11:42:57 - [TEST_STEP][PASSED] - Default: null

2020-09-08 11:42:57 - [TEST_STEP][PASSED] - return null: null

2020-09-08 11:42:57 - [TEST_STEP][PASSED] - Start listener action : addFailedTCToList: null]]></system-out>
         <system-err><![CDATA[]]></system-err>
      </testcase>
      <testcase name="Test Cases/WEB-UI-TESTS/Receipt/FDR-Delete-Undo-Receipt-Line" time="55.448" classname="Test Cases/WEB-UI-TESTS/Receipt/FDR-Delete-Undo-Receipt-Line" status="PASSED">
         <system-out><![CDATA[2020-09-08 11:42:57 - [TEST_CASE][PASSED] - Test Cases/WEB-UI-TESTS/Receipt/FDR-Delete-Undo-Receipt-Line: Test Cases/WEB-UI-TESTS/Receipt/FDR-Delete-Undo-Receipt-Line

2020-09-08 11:42:57 - [TEST_STEP][PASSED] - Start listener action : sampleBeforeTestCase: Navigate to 'https://fdr-katalon.cammis-mod-dev.dhcs.ca.gov' successfully

2020-09-08 11:42:57 - [TEST_STEP][PASSED] - profileName = getExecutionProfile(): null

2020-09-08 11:42:57 - [TEST_STEP][PASSED] - switch (profileName): null

2020-09-08 11:42:57 - [TEST_STEP][PASSED] - testCaseId = testCaseContext.getTestCaseId(): null

2020-09-08 11:42:57 - [TEST_STEP][PASSED] - if (!(skipBeforeAndAfterTestCase)): Navigate to 'https://fdr-katalon.cammis-mod-dev.dhcs.ca.gov' successfully

2020-09-08 11:42:57 - [TEST_STEP][PASSED] - if (account7TestCases.contains(testCaseId)): null

2020-09-08 11:42:57 - [TEST_STEP][PASSED] - else if (account10TestCases.contains(testCaseId)): null

2020-09-08 11:42:57 - [TEST_STEP][PASSED] - else: Object: 'Object Repository/FDR-SignIn/SignInButton' is clicked on

2020-09-08 11:42:57 - [TEST_STEP][PASSED] - Uifunctions.loginFDR(accountsApprover, accountsApproverPwd): Object: 'Object Repository/FDR-SignIn/SignInButton' is clicked on

2020-09-08 11:42:57 - [MESSAGE][INFO] - Starting 'Chrome' driver

2020-09-08 11:42:57 - [MESSAGE][INFO] - Action delay is set to 0 milliseconds

2020-09-08 11:43:00 - [MESSAGE][PASSED] - Browser is opened with url: ''

2020-09-08 11:43:02 - [MESSAGE][PASSED] - Current window maximized

2020-09-08 11:43:03 - [MESSAGE][PASSED] - Navigate to 'https://fdr-katalon.cammis-mod-dev.dhcs.ca.gov' successfully

2020-09-08 11:43:05 - [MESSAGE][PASSED] - Object 'Object Repository/FDR-SignIn/SignInEmail' is present

2020-09-08 11:43:05 - [MESSAGE][PASSED] - Object: 'Object Repository/FDR-SignIn/SignInEmail' is clicked on

2020-09-08 11:43:05 - [MESSAGE][PASSED] - Object 'Object Repository/FDR-SignIn/SignInEmail' is present

2020-09-08 11:43:06 - [MESSAGE][PASSED] - Text 'fdr.test3@dhcs.ca.gov' is set on object 'Object Repository/FDR-SignIn/SignInEmail'

2020-09-08 11:43:06 - [MESSAGE][PASSED] - Object 'Object Repository/FDR-SignIn/SignInEmailNext' is visible

2020-09-08 11:43:06 - [MESSAGE][PASSED] - Object: 'Object Repository/FDR-SignIn/SignInEmailNext' is clicked on

2020-09-08 11:43:09 - [MESSAGE][PASSED] - Object 'Object Repository/FDR-SignIn/SignInEmailPassword' is visible

2020-09-08 11:43:10 - [MESSAGE][PASSED] - Object: 'Object Repository/FDR-SignIn/SignInEmailPassword' is clicked on

2020-09-08 11:43:10 - [MESSAGE][PASSED] - Text ****** has been set on object 'Object Repository/FDR-SignIn/SignInEmailPassword'

2020-09-08 11:43:12 - [MESSAGE][PASSED] - Object: 'Object Repository/FDR-SignIn/SignInButton' is clicked on

2020-09-08 11:43:12 - [TEST_STEP][PASSED] - navigateToUrl(URL): Navigate to 'https://fdr-katalon.cammis-mod-dev.dhcs.ca.gov' successfully

2020-09-08 11:43:13 - [MESSAGE][PASSED] - Navigate to 'https://fdr-katalon.cammis-mod-dev.dhcs.ca.gov' successfully

2020-09-08 11:43:13 - [TEST_STEP][PASSED] - Start listener action : beforeTestCase: null

2020-09-08 11:43:13 - [TEST_STEP][PASSED] - profileName = getExecutionProfile(): null

2020-09-08 11:43:13 - [TEST_STEP][PASSED] - if (profileName.equalsIgnoreCase("SysAdmin")): null

2020-09-08 11:43:13 - [TEST_STEP][PASSED] - Start listener action : sampleBeforeTestCase: null

2020-09-08 11:43:13 - [TEST_STEP][PASSED] - profileName = getExecutionProfile(): null

2020-09-08 11:43:13 - [TEST_STEP][PASSED] - testCaseId = testCaseContext.getTestCaseId(): null

2020-09-08 11:43:13 - [TEST_STEP][PASSED] - switch (profileName): null

2020-09-08 11:43:13 - [TEST_STEP][PASSED] - Default: null

2020-09-08 11:43:13 - [TEST_STEP][PASSED] - return null: null

2020-09-08 11:43:13 - [TEST_STEP][PASSED] - Start listener action : executeRows: null

2020-09-08 11:43:13 - [TEST_STEP][PASSED] - newDepositId = RandomStringUtils.randomNumeric(7): null

2020-09-08 11:43:13 - [TEST_STEP][PASSED] - editors.createReceipt(Drawdate, Paydate, newDepositId, Receiptnotes): Object: 'Object Repository/FDR-Receipt/FDR-Receipt-Header/View/buttonNext' is clicked on

2020-09-08 11:43:18 - [MESSAGE][INFO] - Unable to find the element located by 'By.xpath: //*[@data-id='button-link']//*[contains(text(),'Create New Voucher')]'. Please recheck the objects properties to make sure the desired element is located. 

2020-09-08 11:43:18 - [MESSAGE][WARNING] - Object 'Object Repository/FDR-Dashboard/createNewVoucherButton' is not present after 4 second(s)

2020-09-08 11:43:18 - [MESSAGE][PASSED] - Object 'Object Repository/FDR-Receipt/FDR-Receipt-Dashboard/createNew_ReceiptBatch_Button' is present

2020-09-08 11:43:19 - [MESSAGE][PASSED] - Object: 'Object Repository/FDR-Receipt/FDR-Receipt-Dashboard/createNew_ReceiptBatch_Button' is clicked on

2020-09-08 11:43:19 - [MESSAGE][PASSED] - Object 'Object Repository/FDR-Receipt/FDR-Receipt-Header/View/inputDrawDate' is present

2020-09-08 11:43:20 - [MESSAGE][PASSED] - Text '09/28/2020' is set on object 'Object Repository/FDR-Receipt/FDR-Receipt-Header/View/inputDrawDate'

2020-09-08 11:43:21 - [MESSAGE][PASSED] - Keys 'TAB + ENTER + ENTER + ' sent to object: 'Object Repository/FDR-Receipt/FDR-Receipt-Header/View/inputDrawDate'

2020-09-08 11:43:22 - [MESSAGE][PASSED] - Object 'Object Repository/FDR-Receipt/FDR-Receipt-Header/Edit/payDate' is present

2020-09-08 11:43:22 - [MESSAGE][PASSED] - Text '09/30/2020' is set on object 'Object Repository/FDR-Receipt/FDR-Receipt-Header/Edit/payDate'

2020-09-08 11:43:23 - [MESSAGE][PASSED] - Object 'Object Repository/FDR-Receipt/FDR-Receipt-Header/View/deposit ID' is present

2020-09-08 11:43:24 - [MESSAGE][PASSED] - Text '9482379' is set on object 'Object Repository/FDR-Receipt/FDR-Receipt-Header/View/deposit ID'

2020-09-08 11:43:24 - [MESSAGE][PASSED] - Object 'Object Repository/FDR-Receipt/FDR-ReceiptBatch/receiptNotes' is present

2020-09-08 11:43:25 - [MESSAGE][PASSED] - Text 'rqewrq' is set on object 'Object Repository/FDR-Receipt/FDR-ReceiptBatch/receiptNotes'

2020-09-08 11:43:25 - [MESSAGE][PASSED] - Object 'Object Repository/FDR-Receipt/FDR-Receipt-Header/Edit/remmitanceAdviceInput' is present

2020-09-08 11:43:26 - [MESSAGE][PASSED] - Keys '' sent to object: 'Object Repository/FDR-Receipt/FDR-Receipt-Header/Edit/remmitanceAdviceInput'

2020-09-08 11:43:26 - [MESSAGE][PASSED] - Object 'Object Repository/FDR-Receipt/FDR-Receipt-Header/Edit/controllerReceiptInput' is present

2020-09-08 11:43:26 - [MESSAGE][PASSED] - Keys '' sent to object: 'Object Repository/FDR-Receipt/FDR-Receipt-Header/Edit/controllerReceiptInput'

2020-09-08 11:43:27 - [MESSAGE][PASSED] - Object 'Object Repository/FDR-Receipt/FDR-Receipt-Header/View/buttonNext' is present

2020-09-08 11:43:27 - [MESSAGE][PASSED] - Object: 'Object Repository/FDR-Receipt/FDR-Receipt-Header/View/buttonNext' is clicked on

2020-09-08 11:43:27 - [TEST_STEP][PASSED] - editors.createReceiptline(ReceiptID, SupplierID, DepositDate): Object: 'Object Repository/FDR-Receipt/FDR-Receipt-Checkline/View/addReceipt_Button2' is clicked on

2020-09-08 11:43:28 - [MESSAGE][PASSED] - Object 'Object Repository/FDR-Receipt/FDR-Receipt-Checkline/View/receipt_ID' is present

2020-09-08 11:43:29 - [MESSAGE][PASSED] - Keys 'CHK10322' sent to object: 'Object Repository/FDR-Receipt/FDR-Receipt-Checkline/View/receipt_ID'

2020-09-08 11:43:29 - [MESSAGE][PASSED] - Object 'Object Repository/FDR-Receipt/FDR-Receipt-Checkline/View/supplier_Id' is present

2020-09-08 11:43:29 - [MESSAGE][PASSED] - Object: 'Object Repository/FDR-Receipt/FDR-Receipt-Checkline/View/supplier_Id' is clicked on

2020-09-08 11:43:30 - [MESSAGE][PASSED] - Keys '0000007954' sent to object: 'Object Repository/FDR-Receipt/FDR-Receipt-Checkline/View/supplier_Id'

2020-09-08 11:43:30 - [MESSAGE][PASSED] - Keys 'DOWN + ENTER + ' sent to object: 'Object Repository/FDR-Receipt/FDR-Receipt-Checkline/View/supplier_Id'

2020-09-08 11:43:31 - [MESSAGE][PASSED] - Object 'Object Repository/FDR-Receipt/FDR-Receipt-Checkline/View/deposit_Date' is present

2020-09-08 11:43:31 - [MESSAGE][PASSED] - Keys '02/24/2020' sent to object: 'Object Repository/FDR-Receipt/FDR-Receipt-Checkline/View/deposit_Date'

2020-09-08 11:43:36 - [MESSAGE][INFO] - Unable to find the element located by 'By.xpath: //*[@data-id='button-link']//*[contains(text(),'Create New Voucher')]'. Please recheck the objects properties to make sure the desired element is located. 

2020-09-08 11:43:36 - [MESSAGE][WARNING] - Object 'Object Repository/FDR-Dashboard/createNewVoucherButton' is not present after 4 second(s)

2020-09-08 11:43:37 - [MESSAGE][PASSED] - Object 'Object Repository/FDR-Receipt/FDR-Receipt-Checkline/View/addReceipt_Button2' is present

2020-09-08 11:43:37 - [MESSAGE][PASSED] - Object: 'Object Repository/FDR-Receipt/FDR-Receipt-Checkline/View/addReceipt_Button2' is clicked on

2020-09-08 11:43:37 - [TEST_STEP][PASSED] - delay(2): Delayed 2 second(s)

2020-09-08 11:43:39 - [MESSAGE][PASSED] - Delayed 2 second(s)

2020-09-08 11:43:39 - [TEST_STEP][PASSED] - click(findTestObject("FDR-Receipt/FDR-Receipt-Checkline/Delete/lineAttribute")): Object: 'Object Repository/FDR-Receipt/FDR-Receipt-Checkline/Delete/lineAttribute' is clicked on

2020-09-08 11:43:39 - [MESSAGE][PASSED] - Object: 'Object Repository/FDR-Receipt/FDR-Receipt-Checkline/Delete/lineAttribute' is clicked on

2020-09-08 11:43:39 - [TEST_STEP][PASSED] - mouseOver(findTestObject("FDR-Receipt/FDR-Receipt-Checkline/Edit/Mose_over")): Object: 'Object Repository/FDR-Receipt/FDR-Receipt-Checkline/Edit/Mose_over' is hovered

2020-09-08 11:43:40 - [MESSAGE][PASSED] - Object: 'Object Repository/FDR-Receipt/FDR-Receipt-Checkline/Edit/Mose_over' is hovered

2020-09-08 11:43:40 - [TEST_STEP][PASSED] - waitForElementPresent(findTestObject("FDR-Receipt/FDR-Receipt-Checkline/Edit/3dots_Icon"), 2): Object 'Object Repository/FDR-Receipt/FDR-Receipt-Checkline/Edit/3dots_Icon' is present

2020-09-08 11:43:40 - [MESSAGE][PASSED] - Object 'Object Repository/FDR-Receipt/FDR-Receipt-Checkline/Edit/3dots_Icon' is present

2020-09-08 11:43:40 - [TEST_STEP][PASSED] - click(findTestObject("FDR-Receipt/FDR-Receipt-Checkline/Edit/3dots_Icon")): Object: 'Object Repository/FDR-Receipt/FDR-Receipt-Checkline/Edit/3dots_Icon' is clicked on

2020-09-08 11:43:41 - [MESSAGE][PASSED] - Object: 'Object Repository/FDR-Receipt/FDR-Receipt-Checkline/Edit/3dots_Icon' is clicked on

2020-09-08 11:43:41 - [TEST_STEP][PASSED] - waitForElementPresent(findTestObject("FDR-Receipt/FDR-Receipt-Checkline/Delete/li_Delete"), 2): Object 'Object Repository/FDR-Receipt/FDR-Receipt-Checkline/Delete/li_Delete' is present

2020-09-08 11:43:41 - [MESSAGE][PASSED] - Object 'Object Repository/FDR-Receipt/FDR-Receipt-Checkline/Delete/li_Delete' is present

2020-09-08 11:43:41 - [TEST_STEP][PASSED] - click(findTestObject("FDR-Receipt/FDR-Receipt-Checkline/Delete/li_Delete")): Object: 'Object Repository/FDR-Receipt/FDR-Receipt-Checkline/Delete/li_Delete' is clicked on

2020-09-08 11:43:42 - [MESSAGE][PASSED] - Object: 'Object Repository/FDR-Receipt/FDR-Receipt-Checkline/Delete/li_Delete' is clicked on

2020-09-08 11:43:42 - [TEST_STEP][PASSED] - waitForElementPresent(findTestObject("FDR-Receipt/FDR-Receipt-Checkline/Delete/li_Delete"), 5): Object 'Object Repository/FDR-Receipt/FDR-Receipt-Checkline/Delete/li_Delete' is not present after 5 second(s)

2020-09-08 11:43:48 - [MESSAGE][INFO] - Unable to find the element located by 'By.xpath: //*[@id="long-menu"]/div[3]/ul/li[2]'. Please recheck the objects properties to make sure the desired element is located. 

2020-09-08 11:43:48 - [MESSAGE][WARNING] - Object 'Object Repository/FDR-Receipt/FDR-Receipt-Checkline/Delete/li_Delete' is not present after 5 second(s)

2020-09-08 11:43:48 - [TEST_STEP][PASSED] - click(findTestObject("FDR-Receipt/FDR-Receipt-Checkline/Delete/undoIcon")): Object: 'Object Repository/FDR-Receipt/FDR-Receipt-Checkline/Delete/undoIcon' is clicked on

2020-09-08 11:43:48 - [MESSAGE][PASSED] - Object: 'Object Repository/FDR-Receipt/FDR-Receipt-Checkline/Delete/undoIcon' is clicked on

2020-09-08 11:43:48 - [TEST_STEP][PASSED] - waitForElementPresent(findTestObject("FDR-Receipt/FDR-Receipt-Checkline/Delete/li_Delete"), 2): Object 'Object Repository/FDR-Receipt/FDR-Receipt-Checkline/Delete/li_Delete' is not present after 2 second(s)

2020-09-08 11:43:52 - [MESSAGE][INFO] - Unable to find the element located by 'By.xpath: //*[@id="long-menu"]/div[3]/ul/li[2]'. Please recheck the objects properties to make sure the desired element is located. 

2020-09-08 11:43:52 - [MESSAGE][WARNING] - Object 'Object Repository/FDR-Receipt/FDR-Receipt-Checkline/Delete/li_Delete' is not present after 2 second(s)

2020-09-08 11:43:52 - [TEST_STEP][PASSED] - Start listener action : sampleAfterTestCase: Browser is closed

2020-09-08 11:43:52 - [TEST_STEP][PASSED] - profileName = getExecutionProfile(): null

2020-09-08 11:43:52 - [TEST_STEP][PASSED] - switch (profileName): null

2020-09-08 11:43:52 - [TEST_STEP][PASSED] - if (!(skipBeforeAndAfterTestCase)): Browser is closed

2020-09-08 11:43:52 - [TEST_STEP][PASSED] - Uifunctions.logoutFDR(): Browser is closed

2020-09-08 11:43:52 - [MESSAGE][PASSED] - Browser is closed

2020-09-08 11:43:52 - [TEST_STEP][PASSED] - Start listener action : afterTestCase: null

2020-09-08 11:43:52 - [TEST_STEP][PASSED] - profileName = getExecutionProfile(): null

2020-09-08 11:43:52 - [TEST_STEP][PASSED] - if (profileName.equalsIgnoreCase("SysAdmin")): null

2020-09-08 11:43:52 - [TEST_STEP][PASSED] - Start listener action : sampleAfterTestCase: null

2020-09-08 11:43:52 - [TEST_STEP][PASSED] - profileName = getExecutionProfile(): null

2020-09-08 11:43:52 - [TEST_STEP][PASSED] - switch (profileName): null

2020-09-08 11:43:52 - [TEST_STEP][PASSED] - Default: null

2020-09-08 11:43:52 - [TEST_STEP][PASSED] - return null: null

2020-09-08 11:43:52 - [TEST_STEP][PASSED] - Start listener action : addFailedTCToList: null]]></system-out>
         <system-err><![CDATA[]]></system-err>
      </testcase>
      <testcase name="Test Cases/WEB-UI-TESTS/Receipt/FDR-Validate-ReceiptHeader-RA-CR" time="38.279" classname="Test Cases/WEB-UI-TESTS/Receipt/FDR-Validate-ReceiptHeader-RA-CR" status="PASSED">
         <system-out><![CDATA[2020-09-08 11:43:52 - [TEST_CASE][PASSED] - Test Cases/WEB-UI-TESTS/Receipt/FDR-Validate-ReceiptHeader-RA-CR: Test Cases/WEB-UI-TESTS/Receipt/FDR-Validate-ReceiptHeader-RA-CR

2020-09-08 11:43:52 - [TEST_STEP][PASSED] - Start listener action : sampleBeforeTestCase: Navigate to 'https://fdr-katalon.cammis-mod-dev.dhcs.ca.gov' successfully

2020-09-08 11:43:52 - [TEST_STEP][PASSED] - profileName = getExecutionProfile(): null

2020-09-08 11:43:52 - [TEST_STEP][PASSED] - switch (profileName): null

2020-09-08 11:43:52 - [TEST_STEP][PASSED] - testCaseId = testCaseContext.getTestCaseId(): null

2020-09-08 11:43:52 - [TEST_STEP][PASSED] - if (!(skipBeforeAndAfterTestCase)): Navigate to 'https://fdr-katalon.cammis-mod-dev.dhcs.ca.gov' successfully

2020-09-08 11:43:52 - [TEST_STEP][PASSED] - if (account7TestCases.contains(testCaseId)): Object: 'Object Repository/FDR-SignIn/SignInButton' is clicked on

2020-09-08 11:43:52 - [TEST_STEP][PASSED] - Uifunctions.loginFDR(accountsAdmin, accountsAdminPwd): Object: 'Object Repository/FDR-SignIn/SignInButton' is clicked on

2020-09-08 11:43:52 - [MESSAGE][INFO] - Starting 'Chrome' driver

2020-09-08 11:43:52 - [MESSAGE][INFO] - Action delay is set to 0 milliseconds

2020-09-08 11:43:55 - [MESSAGE][PASSED] - Browser is opened with url: ''

2020-09-08 11:43:57 - [MESSAGE][PASSED] - Current window maximized

2020-09-08 11:43:58 - [MESSAGE][PASSED] - Navigate to 'https://fdr-katalon.cammis-mod-dev.dhcs.ca.gov' successfully

2020-09-08 11:44:00 - [MESSAGE][PASSED] - Object 'Object Repository/FDR-SignIn/SignInEmail' is present

2020-09-08 11:44:00 - [MESSAGE][PASSED] - Object: 'Object Repository/FDR-SignIn/SignInEmail' is clicked on

2020-09-08 11:44:00 - [MESSAGE][PASSED] - Object 'Object Repository/FDR-SignIn/SignInEmail' is present

2020-09-08 11:44:01 - [MESSAGE][PASSED] - Text 'fdr.test4@dhcs.ca.gov' is set on object 'Object Repository/FDR-SignIn/SignInEmail'

2020-09-08 11:44:01 - [MESSAGE][PASSED] - Object 'Object Repository/FDR-SignIn/SignInEmailNext' is visible

2020-09-08 11:44:02 - [MESSAGE][PASSED] - Object: 'Object Repository/FDR-SignIn/SignInEmailNext' is clicked on

2020-09-08 11:44:05 - [MESSAGE][PASSED] - Object 'Object Repository/FDR-SignIn/SignInEmailPassword' is visible

2020-09-08 11:44:05 - [MESSAGE][PASSED] - Object: 'Object Repository/FDR-SignIn/SignInEmailPassword' is clicked on

2020-09-08 11:44:05 - [MESSAGE][PASSED] - Text ****** has been set on object 'Object Repository/FDR-SignIn/SignInEmailPassword'

2020-09-08 11:44:07 - [MESSAGE][PASSED] - Object: 'Object Repository/FDR-SignIn/SignInButton' is clicked on

2020-09-08 11:44:07 - [TEST_STEP][PASSED] - navigateToUrl(URL): Navigate to 'https://fdr-katalon.cammis-mod-dev.dhcs.ca.gov' successfully

2020-09-08 11:44:08 - [MESSAGE][PASSED] - Navigate to 'https://fdr-katalon.cammis-mod-dev.dhcs.ca.gov' successfully

2020-09-08 11:44:08 - [TEST_STEP][PASSED] - Start listener action : beforeTestCase: null

2020-09-08 11:44:08 - [TEST_STEP][PASSED] - profileName = getExecutionProfile(): null

2020-09-08 11:44:08 - [TEST_STEP][PASSED] - if (profileName.equalsIgnoreCase("SysAdmin")): null

2020-09-08 11:44:08 - [TEST_STEP][PASSED] - Start listener action : sampleBeforeTestCase: null

2020-09-08 11:44:08 - [TEST_STEP][PASSED] - profileName = getExecutionProfile(): null

2020-09-08 11:44:08 - [TEST_STEP][PASSED] - testCaseId = testCaseContext.getTestCaseId(): null

2020-09-08 11:44:08 - [TEST_STEP][PASSED] - switch (profileName): null

2020-09-08 11:44:08 - [TEST_STEP][PASSED] - Default: null

2020-09-08 11:44:08 - [TEST_STEP][PASSED] - return null: null

2020-09-08 11:44:08 - [TEST_STEP][PASSED] - Start listener action : executeRows: null

2020-09-08 11:44:08 - [TEST_STEP][PASSED] - d = Date().plus(1): null

2020-09-08 11:44:08 - [TEST_STEP][PASSED] - dd = Date().plus(2): null

2020-09-08 11:44:08 - [TEST_STEP][PASSED] - servicedatefrom = d.format("MM/dd/yyyy"): null

2020-09-08 11:44:08 - [TEST_STEP][PASSED] - servicedateto = dd.format("MM/dd/yyyy"): null

2020-09-08 11:44:08 - [TEST_STEP][PASSED] - newDepositId = RandomStringUtils.randomNumeric(7): null

2020-09-08 11:44:08 - [TEST_STEP][PASSED] - editors.createReceipt(Drawdate, Paydate, newDepositId, Receiptnotes): Object: 'Object Repository/FDR-Receipt/FDR-Receipt-Header/View/buttonNext' is clicked on

2020-09-08 11:44:13 - [MESSAGE][INFO] - Unable to find the element located by 'By.xpath: //*[@data-id='button-link']//*[contains(text(),'Create New Voucher')]'. Please recheck the objects properties to make sure the desired element is located. 

2020-09-08 11:44:13 - [MESSAGE][WARNING] - Object 'Object Repository/FDR-Dashboard/createNewVoucherButton' is not present after 4 second(s)

2020-09-08 11:44:13 - [MESSAGE][PASSED] - Object 'Object Repository/FDR-Receipt/FDR-Receipt-Dashboard/createNew_ReceiptBatch_Button' is present

2020-09-08 11:44:14 - [MESSAGE][PASSED] - Object: 'Object Repository/FDR-Receipt/FDR-Receipt-Dashboard/createNew_ReceiptBatch_Button' is clicked on

2020-09-08 11:44:14 - [MESSAGE][PASSED] - Object 'Object Repository/FDR-Receipt/FDR-Receipt-Header/View/inputDrawDate' is present

2020-09-08 11:44:15 - [MESSAGE][PASSED] - Text '09/28/2020' is set on object 'Object Repository/FDR-Receipt/FDR-Receipt-Header/View/inputDrawDate'

2020-09-08 11:44:16 - [MESSAGE][PASSED] - Keys 'TAB + ENTER + ENTER + ' sent to object: 'Object Repository/FDR-Receipt/FDR-Receipt-Header/View/inputDrawDate'

2020-09-08 11:44:17 - [MESSAGE][PASSED] - Object 'Object Repository/FDR-Receipt/FDR-Receipt-Header/Edit/payDate' is present

2020-09-08 11:44:17 - [MESSAGE][PASSED] - Text '09/30/2020' is set on object 'Object Repository/FDR-Receipt/FDR-Receipt-Header/Edit/payDate'

2020-09-08 11:44:18 - [MESSAGE][PASSED] - Object 'Object Repository/FDR-Receipt/FDR-Receipt-Header/View/deposit ID' is present

2020-09-08 11:44:19 - [MESSAGE][PASSED] - Text '7481653' is set on object 'Object Repository/FDR-Receipt/FDR-Receipt-Header/View/deposit ID'

2020-09-08 11:44:19 - [MESSAGE][PASSED] - Object 'Object Repository/FDR-Receipt/FDR-ReceiptBatch/receiptNotes' is present

2020-09-08 11:44:20 - [MESSAGE][PASSED] - Text 'rqewrq' is set on object 'Object Repository/FDR-Receipt/FDR-ReceiptBatch/receiptNotes'

2020-09-08 11:44:20 - [MESSAGE][PASSED] - Object 'Object Repository/FDR-Receipt/FDR-Receipt-Header/Edit/remmitanceAdviceInput' is present

2020-09-08 11:44:21 - [MESSAGE][PASSED] - Keys '' sent to object: 'Object Repository/FDR-Receipt/FDR-Receipt-Header/Edit/remmitanceAdviceInput'

2020-09-08 11:44:21 - [MESSAGE][PASSED] - Object 'Object Repository/FDR-Receipt/FDR-Receipt-Header/Edit/controllerReceiptInput' is present

2020-09-08 11:44:22 - [MESSAGE][PASSED] - Keys '' sent to object: 'Object Repository/FDR-Receipt/FDR-Receipt-Header/Edit/controllerReceiptInput'

2020-09-08 11:44:22 - [MESSAGE][PASSED] - Object 'Object Repository/FDR-Receipt/FDR-Receipt-Header/View/buttonNext' is present

2020-09-08 11:44:22 - [MESSAGE][PASSED] - Object: 'Object Repository/FDR-Receipt/FDR-Receipt-Header/View/buttonNext' is clicked on

2020-09-08 11:44:22 - [TEST_STEP][PASSED] - waitForElementPresent(findTestObject("FDR-Receipt/FDR-Receipt-Header/Edit/3dots_icon"), 2): Object 'Object Repository/FDR-Receipt/FDR-Receipt-Header/Edit/3dots_icon' is present

2020-09-08 11:44:23 - [MESSAGE][PASSED] - Object 'Object Repository/FDR-Receipt/FDR-Receipt-Header/Edit/3dots_icon' is present

2020-09-08 11:44:23 - [TEST_STEP][PASSED] - click(findTestObject("FDR-Receipt/FDR-Receipt-Header/Edit/3dots_icon"), STOP_ON_FAILURE): Object: 'Object Repository/FDR-Receipt/FDR-Receipt-Header/Edit/3dots_icon' is clicked on

2020-09-08 11:44:24 - [MESSAGE][PASSED] - Object: 'Object Repository/FDR-Receipt/FDR-Receipt-Header/Edit/3dots_icon' is clicked on

2020-09-08 11:44:24 - [TEST_STEP][PASSED] - click(findTestObject("FDR-Receipt/FDR-Receipt-Header/Edit/edit-Icon"), STOP_ON_FAILURE): Object: 'Object Repository/FDR-Receipt/FDR-Receipt-Header/Edit/edit-Icon' is clicked on

2020-09-08 11:44:24 - [MESSAGE][PASSED] - Object: 'Object Repository/FDR-Receipt/FDR-Receipt-Header/Edit/edit-Icon' is clicked on

2020-09-08 11:44:24 - [TEST_STEP][PASSED] - verifyElementPresent(findTestObject("FDR-Receipt/FDR-Receipt-Header/Edit/remmitanceAdviceInput"), 2, STOP_ON_FAILURE): Object 'Object Repository/FDR-Receipt/FDR-Receipt-Header/Edit/remmitanceAdviceInput' is present

2020-09-08 11:44:25 - [MESSAGE][PASSED] - Object 'Object Repository/FDR-Receipt/FDR-Receipt-Header/Edit/remmitanceAdviceInput' is present

2020-09-08 11:44:25 - [TEST_STEP][PASSED] - sendKeys(findTestObject("FDR-Receipt/FDR-Receipt-Header/Edit/remmitanceAdviceInput"), remmitanceAdvice): Keys '1234' sent to object: 'Object Repository/FDR-Receipt/FDR-Receipt-Header/Edit/remmitanceAdviceInput'

2020-09-08 11:44:25 - [MESSAGE][PASSED] - Keys '1234' sent to object: 'Object Repository/FDR-Receipt/FDR-Receipt-Header/Edit/remmitanceAdviceInput'

2020-09-08 11:44:25 - [TEST_STEP][PASSED] - verifyElementPresent(findTestObject("FDR-Receipt/FDR-Receipt-Header/Edit/controllerReceiptInput"), 2, STOP_ON_FAILURE): Object 'Object Repository/FDR-Receipt/FDR-Receipt-Header/Edit/controllerReceiptInput' is present

2020-09-08 11:44:26 - [MESSAGE][PASSED] - Object 'Object Repository/FDR-Receipt/FDR-Receipt-Header/Edit/controllerReceiptInput' is present

2020-09-08 11:44:26 - [TEST_STEP][PASSED] - sendKeys(findTestObject("FDR-Receipt/FDR-Receipt-Header/Edit/controllerReceiptInput"), controllerReceipt): Keys '4567' sent to object: 'Object Repository/FDR-Receipt/FDR-Receipt-Header/Edit/controllerReceiptInput'

2020-09-08 11:44:26 - [MESSAGE][PASSED] - Keys '4567' sent to object: 'Object Repository/FDR-Receipt/FDR-Receipt-Header/Edit/controllerReceiptInput'

2020-09-08 11:44:26 - [TEST_STEP][PASSED] - waitForElementPresent(findTestObject("FDR-Receipt/FDR-Receipt-Header/Edit/next_Button"), 2): Object 'Object Repository/FDR-Receipt/FDR-Receipt-Header/Edit/next_Button' is present

2020-09-08 11:44:27 - [MESSAGE][PASSED] - Object 'Object Repository/FDR-Receipt/FDR-Receipt-Header/Edit/next_Button' is present

2020-09-08 11:44:27 - [TEST_STEP][PASSED] - click(findTestObject("FDR-Receipt/FDR-Receipt-Header/Edit/next_Button")): Object: 'Object Repository/FDR-Receipt/FDR-Receipt-Header/Edit/next_Button' is clicked on

2020-09-08 11:44:28 - [MESSAGE][PASSED] - Object: 'Object Repository/FDR-Receipt/FDR-Receipt-Header/Edit/next_Button' is clicked on

2020-09-08 11:44:28 - [TEST_STEP][PASSED] - waitForElementPresent(findTestObject("FDR-Receipt/FDR-Receipt-Header/Edit/Mose_over"), 2): Object 'Object Repository/FDR-Receipt/FDR-Receipt-Header/Edit/Mose_over' is present

2020-09-08 11:44:28 - [MESSAGE][PASSED] - Object 'Object Repository/FDR-Receipt/FDR-Receipt-Header/Edit/Mose_over' is present

2020-09-08 11:44:28 - [TEST_STEP][PASSED] - click(findTestObject("FDR-Receipt/FDR-Receipt-Header/Edit/Mose_over")): Object: 'Object Repository/FDR-Receipt/FDR-Receipt-Header/Edit/Mose_over' is clicked on

2020-09-08 11:44:28 - [MESSAGE][PASSED] - Object: 'Object Repository/FDR-Receipt/FDR-Receipt-Header/Edit/Mose_over' is clicked on

2020-09-08 11:44:28 - [TEST_STEP][PASSED] - waitForElementPresent(findTestObject("FDR-Receipt/FDR-Receipt-Header/Edit/remmitanceAdviceView"), 2): Object 'Object Repository/FDR-Receipt/FDR-Receipt-Header/Edit/remmitanceAdviceView' is present

2020-09-08 11:44:29 - [MESSAGE][PASSED] - Object 'Object Repository/FDR-Receipt/FDR-Receipt-Header/Edit/remmitanceAdviceView' is present

2020-09-08 11:44:29 - [TEST_STEP][PASSED] - if (getText(findTestObject("FDR-Receipt/FDR-Receipt-Header/Edit/remmitanceAdviceView")) == remmitanceAdvice): Text of object 'Object Repository/FDR-Receipt/FDR-Receipt-Header/Edit/remmitanceAdviceView' is: ''

2020-09-08 11:44:29 - [MESSAGE][PASSED] - Text of object 'Object Repository/FDR-Receipt/FDR-Receipt-Header/Edit/remmitanceAdviceView' is: ''

2020-09-08 11:44:29 - [TEST_STEP][PASSED] - waitForElementPresent(findTestObject("FDR-Receipt/FDR-Receipt-Header/Edit/controllerReceiptView"), 2): Object 'Object Repository/FDR-Receipt/FDR-Receipt-Header/Edit/controllerReceiptView' is present

2020-09-08 11:44:30 - [MESSAGE][PASSED] - Object 'Object Repository/FDR-Receipt/FDR-Receipt-Header/Edit/controllerReceiptView' is present

2020-09-08 11:44:30 - [TEST_STEP][PASSED] - if (getText(findTestObject("FDR-Receipt/FDR-Receipt-Header/Edit/controllerReceiptView")) == controllerReceipt): Text of object 'Object Repository/FDR-Receipt/FDR-Receipt-Header/Edit/controllerReceiptView' is: ''

2020-09-08 11:44:30 - [MESSAGE][PASSED] - Text of object 'Object Repository/FDR-Receipt/FDR-Receipt-Header/Edit/controllerReceiptView' is: ''

2020-09-08 11:44:30 - [TEST_STEP][PASSED] - Start listener action : sampleAfterTestCase: Browser is closed

2020-09-08 11:44:30 - [TEST_STEP][PASSED] - profileName = getExecutionProfile(): null

2020-09-08 11:44:30 - [TEST_STEP][PASSED] - switch (profileName): null

2020-09-08 11:44:30 - [TEST_STEP][PASSED] - if (!(skipBeforeAndAfterTestCase)): Browser is closed

2020-09-08 11:44:30 - [TEST_STEP][PASSED] - Uifunctions.logoutFDR(): Browser is closed

2020-09-08 11:44:30 - [MESSAGE][PASSED] - Browser is closed

2020-09-08 11:44:30 - [TEST_STEP][PASSED] - Start listener action : afterTestCase: null

2020-09-08 11:44:30 - [TEST_STEP][PASSED] - profileName = getExecutionProfile(): null

2020-09-08 11:44:30 - [TEST_STEP][PASSED] - if (profileName.equalsIgnoreCase("SysAdmin")): null

2020-09-08 11:44:30 - [TEST_STEP][PASSED] - Start listener action : sampleAfterTestCase: null

2020-09-08 11:44:30 - [TEST_STEP][PASSED] - profileName = getExecutionProfile(): null

2020-09-08 11:44:30 - [TEST_STEP][PASSED] - switch (profileName): null

2020-09-08 11:44:30 - [TEST_STEP][PASSED] - Default: null

2020-09-08 11:44:30 - [TEST_STEP][PASSED] - return null: null

2020-09-08 11:44:30 - [TEST_STEP][PASSED] - Start listener action : addFailedTCToList: null]]></system-out>
         <system-err><![CDATA[]]></system-err>
      </testcase>
      <testcase name="Test Cases/WEB-UI-TESTS/Receipt/FDR-Create-Receipt-DistributionLine" time="131.987" classname="Test Cases/WEB-UI-TESTS/Receipt/FDR-Create-Receipt-DistributionLine" status="PASSED">
         <system-out><![CDATA[2020-09-08 11:44:31 - [TEST_CASE][PASSED] - Test Cases/WEB-UI-TESTS/Receipt/FDR-Create-Receipt-DistributionLine: Test Cases/WEB-UI-TESTS/Receipt/FDR-Create-Receipt-DistributionLine

2020-09-08 11:44:31 - [TEST_STEP][PASSED] - Start listener action : sampleBeforeTestCase: Navigate to 'https://fdr-katalon.cammis-mod-dev.dhcs.ca.gov' successfully

2020-09-08 11:44:31 - [TEST_STEP][PASSED] - profileName = getExecutionProfile(): null

2020-09-08 11:44:31 - [TEST_STEP][PASSED] - switch (profileName): null

2020-09-08 11:44:31 - [TEST_STEP][PASSED] - testCaseId = testCaseContext.getTestCaseId(): null

2020-09-08 11:44:31 - [TEST_STEP][PASSED] - if (!(skipBeforeAndAfterTestCase)): Navigate to 'https://fdr-katalon.cammis-mod-dev.dhcs.ca.gov' successfully

2020-09-08 11:44:31 - [TEST_STEP][PASSED] - if (account7TestCases.contains(testCaseId)): null

2020-09-08 11:44:31 - [TEST_STEP][PASSED] - else if (account10TestCases.contains(testCaseId)): null

2020-09-08 11:44:31 - [TEST_STEP][PASSED] - else: Object: 'Object Repository/FDR-SignIn/SignInButton' is clicked on

2020-09-08 11:44:31 - [TEST_STEP][PASSED] - Uifunctions.loginFDR(accountsApprover, accountsApproverPwd): Object: 'Object Repository/FDR-SignIn/SignInButton' is clicked on

2020-09-08 11:44:31 - [MESSAGE][INFO] - Starting 'Chrome' driver

2020-09-08 11:44:31 - [MESSAGE][INFO] - Action delay is set to 0 milliseconds

2020-09-08 11:44:34 - [MESSAGE][PASSED] - Browser is opened with url: ''

2020-09-08 11:44:36 - [MESSAGE][PASSED] - Current window maximized

2020-09-08 11:44:37 - [MESSAGE][PASSED] - Navigate to 'https://fdr-katalon.cammis-mod-dev.dhcs.ca.gov' successfully

2020-09-08 11:44:38 - [MESSAGE][PASSED] - Object 'Object Repository/FDR-SignIn/SignInEmail' is present

2020-09-08 11:44:38 - [MESSAGE][PASSED] - Object: 'Object Repository/FDR-SignIn/SignInEmail' is clicked on

2020-09-08 11:44:39 - [MESSAGE][PASSED] - Object 'Object Repository/FDR-SignIn/SignInEmail' is present

2020-09-08 11:44:39 - [MESSAGE][PASSED] - Text 'fdr.test3@dhcs.ca.gov' is set on object 'Object Repository/FDR-SignIn/SignInEmail'

2020-09-08 11:44:39 - [MESSAGE][PASSED] - Object 'Object Repository/FDR-SignIn/SignInEmailNext' is visible

2020-09-08 11:44:40 - [MESSAGE][PASSED] - Object: 'Object Repository/FDR-SignIn/SignInEmailNext' is clicked on

2020-09-08 11:44:43 - [MESSAGE][PASSED] - Object 'Object Repository/FDR-SignIn/SignInEmailPassword' is visible

2020-09-08 11:44:43 - [MESSAGE][PASSED] - Object: 'Object Repository/FDR-SignIn/SignInEmailPassword' is clicked on

2020-09-08 11:44:44 - [MESSAGE][PASSED] - Text ****** has been set on object 'Object Repository/FDR-SignIn/SignInEmailPassword'

2020-09-08 11:44:46 - [MESSAGE][PASSED] - Object: 'Object Repository/FDR-SignIn/SignInButton' is clicked on

2020-09-08 11:44:46 - [TEST_STEP][PASSED] - navigateToUrl(URL): Navigate to 'https://fdr-katalon.cammis-mod-dev.dhcs.ca.gov' successfully

2020-09-08 11:44:46 - [MESSAGE][PASSED] - Navigate to 'https://fdr-katalon.cammis-mod-dev.dhcs.ca.gov' successfully

2020-09-08 11:44:46 - [TEST_STEP][PASSED] - Start listener action : beforeTestCase: null

2020-09-08 11:44:46 - [TEST_STEP][PASSED] - profileName = getExecutionProfile(): null

2020-09-08 11:44:46 - [TEST_STEP][PASSED] - if (profileName.equalsIgnoreCase("SysAdmin")): null

2020-09-08 11:44:46 - [TEST_STEP][PASSED] - Start listener action : sampleBeforeTestCase: null

2020-09-08 11:44:46 - [TEST_STEP][PASSED] - profileName = getExecutionProfile(): null

2020-09-08 11:44:46 - [TEST_STEP][PASSED] - testCaseId = testCaseContext.getTestCaseId(): null

2020-09-08 11:44:46 - [TEST_STEP][PASSED] - switch (profileName): null

2020-09-08 11:44:46 - [TEST_STEP][PASSED] - Default: null

2020-09-08 11:44:46 - [TEST_STEP][PASSED] - return null: null

2020-09-08 11:44:46 - [TEST_STEP][PASSED] - Start listener action : executeRows: null

2020-09-08 11:44:47 - [TEST_STEP][PASSED] - d = Date().plus(1): null

2020-09-08 11:44:47 - [TEST_STEP][PASSED] - dd = Date().plus(2): null

2020-09-08 11:44:47 - [TEST_STEP][PASSED] - servicedatefrom = d.format("MM/dd/yyyy"): null

2020-09-08 11:44:47 - [TEST_STEP][PASSED] - servicedateto = dd.format("MM/dd/yyyy"): null

2020-09-08 11:44:47 - [TEST_STEP][PASSED] - originalwarrantdate = dd.format("MM/dd/yyyy"): null

2020-09-08 11:44:47 - [TEST_STEP][PASSED] - newDepositId = RandomStringUtils.randomNumeric(7): null

2020-09-08 11:44:47 - [TEST_STEP][PASSED] - editors.createReceipt(Drawdate, Paydate, newDepositId, Receiptnotes): Object: 'Object Repository/FDR-Receipt/FDR-Receipt-Header/View/buttonNext' is clicked on

2020-09-08 11:44:52 - [MESSAGE][INFO] - Unable to find the element located by 'By.xpath: //*[@data-id='button-link']//*[contains(text(),'Create New Voucher')]'. Please recheck the objects properties to make sure the desired element is located. 

2020-09-08 11:44:52 - [MESSAGE][WARNING] - Object 'Object Repository/FDR-Dashboard/createNewVoucherButton' is not present after 4 second(s)

2020-09-08 11:44:52 - [MESSAGE][PASSED] - Object 'Object Repository/FDR-Receipt/FDR-Receipt-Dashboard/createNew_ReceiptBatch_Button' is present

2020-09-08 11:44:53 - [MESSAGE][PASSED] - Object: 'Object Repository/FDR-Receipt/FDR-Receipt-Dashboard/createNew_ReceiptBatch_Button' is clicked on

2020-09-08 11:44:53 - [MESSAGE][PASSED] - Object 'Object Repository/FDR-Receipt/FDR-Receipt-Header/View/inputDrawDate' is present

2020-09-08 11:44:55 - [MESSAGE][PASSED] - Text '09/28/2020' is set on object 'Object Repository/FDR-Receipt/FDR-Receipt-Header/View/inputDrawDate'

2020-09-08 11:44:56 - [MESSAGE][PASSED] - Keys 'TAB + ENTER + ENTER + ' sent to object: 'Object Repository/FDR-Receipt/FDR-Receipt-Header/View/inputDrawDate'

2020-09-08 11:44:56 - [MESSAGE][PASSED] - Object 'Object Repository/FDR-Receipt/FDR-Receipt-Header/Edit/payDate' is present

2020-09-08 11:44:57 - [MESSAGE][PASSED] - Text '09/30/2020' is set on object 'Object Repository/FDR-Receipt/FDR-Receipt-Header/Edit/payDate'

2020-09-08 11:44:58 - [MESSAGE][PASSED] - Object 'Object Repository/FDR-Receipt/FDR-Receipt-Header/View/deposit ID' is present

2020-09-08 11:44:59 - [MESSAGE][PASSED] - Text '4245784' is set on object 'Object Repository/FDR-Receipt/FDR-Receipt-Header/View/deposit ID'

2020-09-08 11:45:00 - [MESSAGE][PASSED] - Object 'Object Repository/FDR-Receipt/FDR-ReceiptBatch/receiptNotes' is present

2020-09-08 11:45:01 - [MESSAGE][PASSED] - Text 'rqewrq' is set on object 'Object Repository/FDR-Receipt/FDR-ReceiptBatch/receiptNotes'

2020-09-08 11:45:01 - [MESSAGE][PASSED] - Object 'Object Repository/FDR-Receipt/FDR-Receipt-Header/Edit/remmitanceAdviceInput' is present

2020-09-08 11:45:03 - [MESSAGE][PASSED] - Keys '' sent to object: 'Object Repository/FDR-Receipt/FDR-Receipt-Header/Edit/remmitanceAdviceInput'

2020-09-08 11:45:03 - [MESSAGE][PASSED] - Object 'Object Repository/FDR-Receipt/FDR-Receipt-Header/Edit/controllerReceiptInput' is present

2020-09-08 11:45:04 - [MESSAGE][PASSED] - Keys '' sent to object: 'Object Repository/FDR-Receipt/FDR-Receipt-Header/Edit/controllerReceiptInput'

2020-09-08 11:45:04 - [MESSAGE][PASSED] - Object 'Object Repository/FDR-Receipt/FDR-Receipt-Header/View/buttonNext' is present

2020-09-08 11:45:05 - [MESSAGE][PASSED] - Object: 'Object Repository/FDR-Receipt/FDR-Receipt-Header/View/buttonNext' is clicked on

2020-09-08 11:45:05 - [TEST_STEP][PASSED] - editors.createReceiptline(ReceiptID, SupplierID, DepositDate): Object: 'Object Repository/FDR-Receipt/FDR-Receipt-Checkline/View/addReceipt_Button2' is clicked on

2020-09-08 11:45:06 - [MESSAGE][PASSED] - Object 'Object Repository/FDR-Receipt/FDR-Receipt-Checkline/View/receipt_ID' is present

2020-09-08 11:45:07 - [MESSAGE][PASSED] - Keys 'CHK10322' sent to object: 'Object Repository/FDR-Receipt/FDR-Receipt-Checkline/View/receipt_ID'

2020-09-08 11:45:08 - [MESSAGE][PASSED] - Object 'Object Repository/FDR-Receipt/FDR-Receipt-Checkline/View/supplier_Id' is present

2020-09-08 11:45:08 - [MESSAGE][PASSED] - Object: 'Object Repository/FDR-Receipt/FDR-Receipt-Checkline/View/supplier_Id' is clicked on

2020-09-08 11:45:09 - [MESSAGE][PASSED] - Keys '0000007954' sent to object: 'Object Repository/FDR-Receipt/FDR-Receipt-Checkline/View/supplier_Id'

2020-09-08 11:45:09 - [MESSAGE][PASSED] - Keys 'DOWN + ENTER + ' sent to object: 'Object Repository/FDR-Receipt/FDR-Receipt-Checkline/View/supplier_Id'

2020-09-08 11:45:10 - [MESSAGE][PASSED] - Object 'Object Repository/FDR-Receipt/FDR-Receipt-Checkline/View/deposit_Date' is present

2020-09-08 11:45:10 - [MESSAGE][PASSED] - Keys '02/24/2020' sent to object: 'Object Repository/FDR-Receipt/FDR-Receipt-Checkline/View/deposit_Date'

2020-09-08 11:45:15 - [MESSAGE][INFO] - Unable to find the element located by 'By.xpath: //*[@data-id='button-link']//*[contains(text(),'Create New Voucher')]'. Please recheck the objects properties to make sure the desired element is located. 

2020-09-08 11:45:15 - [MESSAGE][WARNING] - Object 'Object Repository/FDR-Dashboard/createNewVoucherButton' is not present after 4 second(s)

2020-09-08 11:45:16 - [MESSAGE][PASSED] - Object 'Object Repository/FDR-Receipt/FDR-Receipt-Checkline/View/addReceipt_Button2' is present

2020-09-08 11:45:16 - [MESSAGE][PASSED] - Object: 'Object Repository/FDR-Receipt/FDR-Receipt-Checkline/View/addReceipt_Button2' is clicked on

2020-09-08 11:45:16 - [TEST_STEP][PASSED] - verifyElementClickable(findTestObject("FDR-Receipt/FDR-Receipt-DistributionLine/FDR-AddEdit-DistributionLine/arrow_Down"), STOP_ON_FAILURE): Object 'Object Repository/FDR-Receipt/FDR-Receipt-DistributionLine/FDR-AddEdit-DistributionLine/arrow_Down' is clickable

2020-09-08 11:45:17 - [MESSAGE][PASSED] - Object 'Object Repository/FDR-Receipt/FDR-Receipt-DistributionLine/FDR-AddEdit-DistributionLine/arrow_Down' is clickable

2020-09-08 11:45:17 - [TEST_STEP][PASSED] - click(findTestObject("FDR-Receipt/FDR-Receipt-DistributionLine/FDR-AddEdit-DistributionLine/arrow_Down"), STOP_ON_FAILURE): Object: 'Object Repository/FDR-Receipt/FDR-Receipt-DistributionLine/FDR-AddEdit-DistributionLine/arrow_Down' is clicked on

2020-09-08 11:45:17 - [MESSAGE][PASSED] - Object: 'Object Repository/FDR-Receipt/FDR-Receipt-DistributionLine/FDR-AddEdit-DistributionLine/arrow_Down' is clicked on

2020-09-08 11:45:17 - [TEST_STEP][PASSED] - waitForElementPresent(findTestObject("FDR-Receipt/FDR-Receipt-Checkline/View/deposit_Control_Amount"), 10): Object 'Object Repository/FDR-Receipt/FDR-Receipt-Checkline/View/deposit_Control_Amount' is present

2020-09-08 11:45:17 - [MESSAGE][PASSED] - Object 'Object Repository/FDR-Receipt/FDR-Receipt-Checkline/View/deposit_Control_Amount' is present

2020-09-08 11:45:17 - [TEST_STEP][PASSED] - Receipttotalbefaddwith$ = getText(findTestObject("FDR-Receipt/FDR-Receipt-Checkline/View/deposit_Control_Amount")): Text of object 'Object Repository/FDR-Receipt/FDR-Receipt-Checkline/View/deposit_Control_Amount' is: '$0.00'

2020-09-08 11:45:18 - [MESSAGE][PASSED] - Text of object 'Object Repository/FDR-Receipt/FDR-Receipt-Checkline/View/deposit_Control_Amount' is: '$0.00'

2020-09-08 11:45:18 - [TEST_STEP][PASSED] - Receipttotalbefaddwithout$ = Receipttotalbefaddwith$.substring(1): null

2020-09-08 11:45:18 - [TEST_STEP][PASSED] - ReceipttotalbefaddwithoutComma = Receipttotalbefaddwithout$.replaceAll(",", ""): null

2020-09-08 11:45:18 - [TEST_STEP][PASSED] - Receipttotalbefreceiptlineadd = Float.parseFloat(ReceipttotalbefaddwithoutComma): null

2020-09-08 11:45:18 - [TEST_STEP][PASSED] - waitForElementPresent(findTestObject("FDR-Receipt/FDR-Receipt-DistributionLine/FDR-AddEdit-DistributionLine/button_Add-Invoiceline"), 10): Object 'Object Repository/FDR-Receipt/FDR-Receipt-DistributionLine/FDR-AddEdit-DistributionLine/button_Add-Invoiceline' is present

2020-09-08 11:45:18 - [MESSAGE][PASSED] - Object 'Object Repository/FDR-Receipt/FDR-Receipt-DistributionLine/FDR-AddEdit-DistributionLine/button_Add-Invoiceline' is present

2020-09-08 11:45:18 - [TEST_STEP][PASSED] - scrollToElement(findTestObject("FDR-Receipt/FDR-Receipt-DistributionLine/FDR-AddEdit-DistributionLine/button_Add-Invoiceline"), 3): Scroll to object 'Object Repository/FDR-Receipt/FDR-Receipt-DistributionLine/FDR-AddEdit-DistributionLine/button_Add-Invoiceline' successfully

2020-09-08 11:45:18 - [MESSAGE][PASSED] - Scroll to object 'Object Repository/FDR-Receipt/FDR-Receipt-DistributionLine/FDR-AddEdit-DistributionLine/button_Add-Invoiceline' successfully

2020-09-08 11:45:18 - [TEST_STEP][PASSED] - verifyElementClickable(findTestObject("FDR-Receipt/FDR-Receipt-DistributionLine/FDR-AddEdit-DistributionLine/button_Add-Invoiceline"), STOP_ON_FAILURE): Object 'Object Repository/FDR-Receipt/FDR-Receipt-DistributionLine/FDR-AddEdit-DistributionLine/button_Add-Invoiceline' is clickable

2020-09-08 11:45:19 - [MESSAGE][PASSED] - Object 'Object Repository/FDR-Receipt/FDR-Receipt-DistributionLine/FDR-AddEdit-DistributionLine/button_Add-Invoiceline' is clickable

2020-09-08 11:45:19 - [TEST_STEP][PASSED] - click(findTestObject("FDR-Receipt/FDR-Receipt-DistributionLine/FDR-AddEdit-DistributionLine/button_Add-Invoiceline"), STOP_ON_FAILURE): Object: 'Object Repository/FDR-Receipt/FDR-Receipt-DistributionLine/FDR-AddEdit-DistributionLine/button_Add-Invoiceline' is clicked on

2020-09-08 11:45:19 - [MESSAGE][PASSED] - Object: 'Object Repository/FDR-Receipt/FDR-Receipt-DistributionLine/FDR-AddEdit-DistributionLine/button_Add-Invoiceline' is clicked on

2020-09-08 11:45:19 - [TEST_STEP][PASSED] - waitForElementPresent(findTestObject("FDR-Receipt/FDR-Receipt-DistributionLine/FDR-AddEdit-DistributionLine/invoice_Searchfield"), 10): Object 'Object Repository/FDR-Receipt/FDR-Receipt-DistributionLine/FDR-AddEdit-DistributionLine/invoice_Searchfield' is present

2020-09-08 11:45:20 - [MESSAGE][PASSED] - Object 'Object Repository/FDR-Receipt/FDR-Receipt-DistributionLine/FDR-AddEdit-DistributionLine/invoice_Searchfield' is present

2020-09-08 11:45:20 - [TEST_STEP][PASSED] - sendKeys(findTestObject("FDR-Receipt/FDR-Receipt-DistributionLine/FDR-AddEdit-DistributionLine/invoice_Searchfield"), searchfield): Keys '524342' sent to object: 'Object Repository/FDR-Receipt/FDR-Receipt-DistributionLine/FDR-AddEdit-DistributionLine/invoice_Searchfield'

2020-09-08 11:45:20 - [MESSAGE][PASSED] - Keys '524342' sent to object: 'Object Repository/FDR-Receipt/FDR-Receipt-DistributionLine/FDR-AddEdit-DistributionLine/invoice_Searchfield'

2020-09-08 11:45:20 - [TEST_STEP][PASSED] - click(findTestObject("FDR-Receipt/FDR-Receipt-DistributionLine/FDR-AddEdit-DistributionLine/button_Add_invoicemanually")): Object: 'Object Repository/FDR-Receipt/FDR-Receipt-DistributionLine/FDR-AddEdit-DistributionLine/button_Add_invoicemanually' is clicked on

2020-09-08 11:45:21 - [MESSAGE][PASSED] - Object: 'Object Repository/FDR-Receipt/FDR-Receipt-DistributionLine/FDR-AddEdit-DistributionLine/button_Add_invoicemanually' is clicked on

2020-09-08 11:45:21 - [TEST_STEP][PASSED] - waitForElementPresent(findTestObject("FDR-Receipt/FDR-Receipt-DistributionLine/FDR-AddEdit-DistributionLine/input_Service date (from)"), 10): Object 'Object Repository/FDR-Receipt/FDR-Receipt-DistributionLine/FDR-AddEdit-DistributionLine/input_Service date (from)' is present

2020-09-08 11:45:22 - [MESSAGE][PASSED] - Object 'Object Repository/FDR-Receipt/FDR-Receipt-DistributionLine/FDR-AddEdit-DistributionLine/input_Service date (from)' is present

2020-09-08 11:45:22 - [TEST_STEP][PASSED] - sendKeys(findTestObject("FDR-Receipt/FDR-Receipt-DistributionLine/FDR-AddEdit-DistributionLine/input_Service date (from)"), servicedatefrom): Keys '09/09/2020' sent to object: 'Object Repository/FDR-Receipt/FDR-Receipt-DistributionLine/FDR-AddEdit-DistributionLine/input_Service date (from)'

2020-09-08 11:45:23 - [MESSAGE][PASSED] - Keys '09/09/2020' sent to object: 'Object Repository/FDR-Receipt/FDR-Receipt-DistributionLine/FDR-AddEdit-DistributionLine/input_Service date (from)'

2020-09-08 11:45:23 - [TEST_STEP][PASSED] - waitForElementPresent(findTestObject("FDR-Receipt/FDR-Receipt-DistributionLine/FDR-AddEdit-DistributionLine/input_Service date (to)"), 10): Object 'Object Repository/FDR-Receipt/FDR-Receipt-DistributionLine/FDR-AddEdit-DistributionLine/input_Service date (to)' is present

2020-09-08 11:45:23 - [MESSAGE][PASSED] - Object 'Object Repository/FDR-Receipt/FDR-Receipt-DistributionLine/FDR-AddEdit-DistributionLine/input_Service date (to)' is present

2020-09-08 11:45:23 - [TEST_STEP][PASSED] - sendKeys(findTestObject("FDR-Receipt/FDR-Receipt-DistributionLine/FDR-AddEdit-DistributionLine/input_Service date (to)"), servicedateto): Keys '09/10/2020' sent to object: 'Object Repository/FDR-Receipt/FDR-Receipt-DistributionLine/FDR-AddEdit-DistributionLine/input_Service date (to)'

2020-09-08 11:45:23 - [MESSAGE][PASSED] - Keys '09/10/2020' sent to object: 'Object Repository/FDR-Receipt/FDR-Receipt-DistributionLine/FDR-AddEdit-DistributionLine/input_Service date (to)'

2020-09-08 11:45:23 - [TEST_STEP][PASSED] - waitForElementPresent(findTestObject("FDR-Receipt/FDR-Receipt-DistributionLine/FDR-AddEdit-DistributionLine/input_OrginalWarrantDate"), 10): Object 'Object Repository/FDR-Receipt/FDR-Receipt-DistributionLine/FDR-AddEdit-DistributionLine/input_OrginalWarrantDate' is present

2020-09-08 11:45:24 - [MESSAGE][PASSED] - Object 'Object Repository/FDR-Receipt/FDR-Receipt-DistributionLine/FDR-AddEdit-DistributionLine/input_OrginalWarrantDate' is present

2020-09-08 11:45:24 - [TEST_STEP][PASSED] - sendKeys(findTestObject("FDR-Receipt/FDR-Receipt-DistributionLine/FDR-AddEdit-DistributionLine/input_OrginalWarrantDate"), originalwarrantdate): Keys '09/10/2020' sent to object: 'Object Repository/FDR-Receipt/FDR-Receipt-DistributionLine/FDR-AddEdit-DistributionLine/input_OrginalWarrantDate'

2020-09-08 11:45:24 - [MESSAGE][PASSED] - Keys '09/10/2020' sent to object: 'Object Repository/FDR-Receipt/FDR-Receipt-DistributionLine/FDR-AddEdit-DistributionLine/input_OrginalWarrantDate'

2020-09-08 11:45:24 - [TEST_STEP][PASSED] - waitForElementPresent(findTestObject("FDR-Receipt/FDR-Receipt-DistributionLine/FDR-AddEdit-DistributionLine/input_Amount"), 10): Object 'Object Repository/FDR-Receipt/FDR-Receipt-DistributionLine/FDR-AddEdit-DistributionLine/input_Amount' is present

2020-09-08 11:45:25 - [MESSAGE][PASSED] - Object 'Object Repository/FDR-Receipt/FDR-Receipt-DistributionLine/FDR-AddEdit-DistributionLine/input_Amount' is present

2020-09-08 11:45:25 - [TEST_STEP][PASSED] - sendKeys(findTestObject("FDR-Receipt/FDR-Receipt-DistributionLine/FDR-AddEdit-DistributionLine/input_Amount"), Amount): Keys '3000' sent to object: 'Object Repository/FDR-Receipt/FDR-Receipt-DistributionLine/FDR-AddEdit-DistributionLine/input_Amount'

2020-09-08 11:45:25 - [MESSAGE][PASSED] - Keys '3000' sent to object: 'Object Repository/FDR-Receipt/FDR-Receipt-DistributionLine/FDR-AddEdit-DistributionLine/input_Amount'

2020-09-08 11:45:25 - [TEST_STEP][PASSED] - waitForElementPresent(findTestObject("FDR-Receipt/FDR-Receipt-DistributionLine/FDR-AddEdit-DistributionLine/waiver_Type"), 10): Object 'Object Repository/FDR-Receipt/FDR-Receipt-DistributionLine/FDR-AddEdit-DistributionLine/waiver_Type' is present

2020-09-08 11:45:25 - [MESSAGE][PASSED] - Object 'Object Repository/FDR-Receipt/FDR-Receipt-DistributionLine/FDR-AddEdit-DistributionLine/waiver_Type' is present

2020-09-08 11:45:25 - [TEST_STEP][PASSED] - waitForElementPresent(findTestObject("FDR-Receipt/FDR-Receipt-DistributionLine/FDR-AddEdit-DistributionLine/waiver_Type"), 8): Object 'Object Repository/FDR-Receipt/FDR-Receipt-DistributionLine/FDR-AddEdit-DistributionLine/waiver_Type' is present

2020-09-08 11:45:26 - [MESSAGE][PASSED] - Object 'Object Repository/FDR-Receipt/FDR-Receipt-DistributionLine/FDR-AddEdit-DistributionLine/waiver_Type' is present

2020-09-08 11:45:26 - [TEST_STEP][PASSED] - sendKeys(findTestObject("FDR-Receipt/FDR-Receipt-DistributionLine/FDR-AddEdit-DistributionLine/waiver_Type"), Waivertype): Keys '2020' sent to object: 'Object Repository/FDR-Receipt/FDR-Receipt-DistributionLine/FDR-AddEdit-DistributionLine/waiver_Type'

2020-09-08 11:45:26 - [MESSAGE][PASSED] - Keys '2020' sent to object: 'Object Repository/FDR-Receipt/FDR-Receipt-DistributionLine/FDR-AddEdit-DistributionLine/waiver_Type'

2020-09-08 11:45:26 - [TEST_STEP][PASSED] - sendKeys(findTestObject("FDR-Receipt/FDR-Receipt-DistributionLine/FDR-AddEdit-DistributionLine/waiver_Type"), Keys.chord(DOWN, ENTER)): Keys 'DOWN + ENTER + ' sent to object: 'Object Repository/FDR-Receipt/FDR-Receipt-DistributionLine/FDR-AddEdit-DistributionLine/waiver_Type'

2020-09-08 11:45:27 - [MESSAGE][PASSED] - Keys 'DOWN + ENTER + ' sent to object: 'Object Repository/FDR-Receipt/FDR-Receipt-DistributionLine/FDR-AddEdit-DistributionLine/waiver_Type'

2020-09-08 11:45:27 - [TEST_STEP][PASSED] - waitForElementPresent(findTestObject("FDR-Receipt/FDR-Receipt-DistributionLine/FDR-AddEdit-DistributionLine/waiver_Name"), 6): Object 'Object Repository/FDR-Receipt/FDR-Receipt-DistributionLine/FDR-AddEdit-DistributionLine/waiver_Name' is present

2020-09-08 11:45:27 - [MESSAGE][PASSED] - Object 'Object Repository/FDR-Receipt/FDR-Receipt-DistributionLine/FDR-AddEdit-DistributionLine/waiver_Name' is present

2020-09-08 11:45:27 - [TEST_STEP][PASSED] - sendKeys(findTestObject("FDR-Receipt/FDR-Receipt-DistributionLine/FDR-AddEdit-DistributionLine/waiver_Name"), Waivername): Keys 'A-FamilyU TPM/GMC' sent to object: 'Object Repository/FDR-Receipt/FDR-Receipt-DistributionLine/FDR-AddEdit-DistributionLine/waiver_Name'

2020-09-08 11:45:28 - [MESSAGE][PASSED] - Keys 'A-FamilyU TPM/GMC' sent to object: 'Object Repository/FDR-Receipt/FDR-Receipt-DistributionLine/FDR-AddEdit-DistributionLine/waiver_Name'

2020-09-08 11:45:28 - [TEST_STEP][PASSED] - sendKeys(findTestObject("FDR-Receipt/FDR-Receipt-DistributionLine/FDR-AddEdit-DistributionLine/waiver_Name"), Keys.chord(DOWN, ENTER)): Keys 'DOWN + ENTER + ' sent to object: 'Object Repository/FDR-Receipt/FDR-Receipt-DistributionLine/FDR-AddEdit-DistributionLine/waiver_Name'

2020-09-08 11:45:28 - [MESSAGE][PASSED] - Keys 'DOWN + ENTER + ' sent to object: 'Object Repository/FDR-Receipt/FDR-Receipt-DistributionLine/FDR-AddEdit-DistributionLine/waiver_Name'

2020-09-08 11:45:28 - [TEST_STEP][PASSED] - waitForElementPresent(findTestObject("FDR-Receipt/FDR-Receipt-DistributionLine/FDR-AddEdit-DistributionLine/funding_Source"), 6): Object 'Object Repository/FDR-Receipt/FDR-Receipt-DistributionLine/FDR-AddEdit-DistributionLine/funding_Source' is present

2020-09-08 11:45:29 - [MESSAGE][PASSED] - Object 'Object Repository/FDR-Receipt/FDR-Receipt-DistributionLine/FDR-AddEdit-DistributionLine/funding_Source' is present

2020-09-08 11:45:29 - [TEST_STEP][PASSED] - waitForElementPresent(findTestObject("FDR-Receipt/FDR-Receipt-DistributionLine/FDR-AddEdit-DistributionLine/fund_Code"), 30): Object 'Object Repository/FDR-Receipt/FDR-Receipt-DistributionLine/FDR-AddEdit-DistributionLine/fund_Code' is present

2020-09-08 11:45:29 - [MESSAGE][PASSED] - Object 'Object Repository/FDR-Receipt/FDR-Receipt-DistributionLine/FDR-AddEdit-DistributionLine/fund_Code' is present

2020-09-08 11:45:29 - [TEST_STEP][PASSED] - sendKeys(findTestObject("FDR-Receipt/FDR-Receipt-DistributionLine/FDR-AddEdit-DistributionLine/fund_Code"), Fundcode): Keys 'Health Care Deposit Fund (0912)' sent to object: 'Object Repository/FDR-Receipt/FDR-Receipt-DistributionLine/FDR-AddEdit-DistributionLine/fund_Code'

2020-09-08 11:45:29 - [MESSAGE][PASSED] - Keys 'Health Care Deposit Fund (0912)' sent to object: 'Object Repository/FDR-Receipt/FDR-Receipt-DistributionLine/FDR-AddEdit-DistributionLine/fund_Code'

2020-09-08 11:45:29 - [TEST_STEP][PASSED] - sendKeys(findTestObject("FDR-Receipt/FDR-Receipt-DistributionLine/FDR-AddEdit-DistributionLine/fund_Code"), Keys.chord(DOWN, ENTER)): Keys 'DOWN + ENTER + ' sent to object: 'Object Repository/FDR-Receipt/FDR-Receipt-DistributionLine/FDR-AddEdit-DistributionLine/fund_Code'

2020-09-08 11:45:30 - [MESSAGE][PASSED] - Keys 'DOWN + ENTER + ' sent to object: 'Object Repository/FDR-Receipt/FDR-Receipt-DistributionLine/FDR-AddEdit-DistributionLine/fund_Code'

2020-09-08 11:45:30 - [TEST_STEP][PASSED] - sendKeys(findTestObject("FDR-Receipt/FDR-Receipt-DistributionLine/FDR-AddEdit-DistributionLine/funding_Source"), Fundingsource): Keys 'Dental' sent to object: 'Object Repository/FDR-Receipt/FDR-Receipt-DistributionLine/FDR-AddEdit-DistributionLine/funding_Source'

2020-09-08 11:45:30 - [MESSAGE][PASSED] - Keys 'Dental' sent to object: 'Object Repository/FDR-Receipt/FDR-Receipt-DistributionLine/FDR-AddEdit-DistributionLine/funding_Source'

2020-09-08 11:45:30 - [TEST_STEP][PASSED] - sendKeys(findTestObject("FDR-Receipt/FDR-Receipt-DistributionLine/FDR-AddEdit-DistributionLine/funding_Source"), Keys.chord(DOWN, ENTER)): Keys 'DOWN + ENTER + ' sent to object: 'Object Repository/FDR-Receipt/FDR-Receipt-DistributionLine/FDR-AddEdit-DistributionLine/funding_Source'

2020-09-08 11:45:31 - [MESSAGE][PASSED] - Keys 'DOWN + ENTER + ' sent to object: 'Object Repository/FDR-Receipt/FDR-Receipt-DistributionLine/FDR-AddEdit-DistributionLine/funding_Source'

2020-09-08 11:45:31 - [TEST_STEP][PASSED] - waitForElementPresent(findTestObject("FDR-Receipt/FDR-Receipt-DistributionLine/FDR-AddEdit-DistributionLine/service_Category"), 10): Object 'Object Repository/FDR-Receipt/FDR-Receipt-DistributionLine/FDR-AddEdit-DistributionLine/service_Category' is present

2020-09-08 11:45:31 - [MESSAGE][PASSED] - Object 'Object Repository/FDR-Receipt/FDR-Receipt-DistributionLine/FDR-AddEdit-DistributionLine/service_Category' is present

2020-09-08 11:45:31 - [TEST_STEP][PASSED] - sendKeys(findTestObject("FDR-Receipt/FDR-Receipt-DistributionLine/FDR-AddEdit-DistributionLine/service_Category"), Servicecategory): Keys '18B1' sent to object: 'Object Repository/FDR-Receipt/FDR-Receipt-DistributionLine/FDR-AddEdit-DistributionLine/service_Category'

2020-09-08 11:45:32 - [MESSAGE][PASSED] - Keys '18B1' sent to object: 'Object Repository/FDR-Receipt/FDR-Receipt-DistributionLine/FDR-AddEdit-DistributionLine/service_Category'

2020-09-08 11:45:32 - [TEST_STEP][PASSED] - sendKeys(findTestObject("FDR-Receipt/FDR-Receipt-DistributionLine/FDR-AddEdit-DistributionLine/service_Category"), Keys.chord(DOWN, ENTER)): Keys 'DOWN + ENTER + ' sent to object: 'Object Repository/FDR-Receipt/FDR-Receipt-DistributionLine/FDR-AddEdit-DistributionLine/service_Category'

2020-09-08 11:45:32 - [MESSAGE][PASSED] - Keys 'DOWN + ENTER + ' sent to object: 'Object Repository/FDR-Receipt/FDR-Receipt-DistributionLine/FDR-AddEdit-DistributionLine/service_Category'

2020-09-08 11:45:32 - [TEST_STEP][PASSED] - waitForElementPresent(findTestObject("FDR-Receipt/FDR-Receipt-DistributionLine/FDR-AddEdit-DistributionLine/fund_Ratio"), 10): Object 'Object Repository/FDR-Receipt/FDR-Receipt-DistributionLine/FDR-AddEdit-DistributionLine/fund_Ratio' is present

2020-09-08 11:45:33 - [MESSAGE][PASSED] - Object 'Object Repository/FDR-Receipt/FDR-Receipt-DistributionLine/FDR-AddEdit-DistributionLine/fund_Ratio' is present

2020-09-08 11:45:33 - [TEST_STEP][PASSED] - sendKeys(findTestObject("FDR-Receipt/FDR-Receipt-DistributionLine/FDR-AddEdit-DistributionLine/fund_Ratio"), Fundratio): Keys '5' sent to object: 'Object Repository/FDR-Receipt/FDR-Receipt-DistributionLine/FDR-AddEdit-DistributionLine/fund_Ratio'

2020-09-08 11:45:33 - [MESSAGE][PASSED] - Keys '5' sent to object: 'Object Repository/FDR-Receipt/FDR-Receipt-DistributionLine/FDR-AddEdit-DistributionLine/fund_Ratio'

2020-09-08 11:45:33 - [TEST_STEP][PASSED] - sendKeys(findTestObject("FDR-Receipt/FDR-Receipt-DistributionLine/FDR-AddEdit-DistributionLine/fund_Ratio"), Keys.chord(DOWN, ENTER)): Keys 'DOWN + ENTER + ' sent to object: 'Object Repository/FDR-Receipt/FDR-Receipt-DistributionLine/FDR-AddEdit-DistributionLine/fund_Ratio'

2020-09-08 11:45:34 - [MESSAGE][PASSED] - Keys 'DOWN + ENTER + ' sent to object: 'Object Repository/FDR-Receipt/FDR-Receipt-DistributionLine/FDR-AddEdit-DistributionLine/fund_Ratio'

2020-09-08 11:45:34 - [TEST_STEP][PASSED] - waitForElementPresent(findTestObject("FDR-Receipt/FDR-Receipt-DistributionLine/FDR-AddEdit-DistributionLine/non_Federalfund"), 10): Object 'Object Repository/FDR-Receipt/FDR-Receipt-DistributionLine/FDR-AddEdit-DistributionLine/non_Federalfund' is present

2020-09-08 11:45:34 - [MESSAGE][PASSED] - Object 'Object Repository/FDR-Receipt/FDR-Receipt-DistributionLine/FDR-AddEdit-DistributionLine/non_Federalfund' is present

2020-09-08 11:45:34 - [TEST_STEP][PASSED] - sendKeys(findTestObject("FDR-Receipt/FDR-Receipt-DistributionLine/FDR-AddEdit-DistributionLine/non_Federalfund"), Nonfederalfund): Keys '0001' sent to object: 'Object Repository/FDR-Receipt/FDR-Receipt-DistributionLine/FDR-AddEdit-DistributionLine/non_Federalfund'

2020-09-08 11:45:35 - [MESSAGE][PASSED] - Keys '0001' sent to object: 'Object Repository/FDR-Receipt/FDR-Receipt-DistributionLine/FDR-AddEdit-DistributionLine/non_Federalfund'

2020-09-08 11:45:35 - [TEST_STEP][PASSED] - sendKeys(findTestObject("FDR-Receipt/FDR-Receipt-DistributionLine/FDR-AddEdit-DistributionLine/non_Federalfund"), Keys.chord(DOWN, ENTER)): Keys 'DOWN + ENTER + ' sent to object: 'Object Repository/FDR-Receipt/FDR-Receipt-DistributionLine/FDR-AddEdit-DistributionLine/non_Federalfund'

2020-09-08 11:45:35 - [MESSAGE][PASSED] - Keys 'DOWN + ENTER + ' sent to object: 'Object Repository/FDR-Receipt/FDR-Receipt-DistributionLine/FDR-AddEdit-DistributionLine/non_Federalfund'

2020-09-08 11:45:35 - [TEST_STEP][PASSED] - waitForElementPresent(findTestObject("FDR-Receipt/FDR-Receipt-DistributionLine/FDR-AddEdit-DistributionLine/input_accountId"), 2, STOP_ON_FAILURE): Object 'Object Repository/FDR-Receipt/FDR-Receipt-DistributionLine/FDR-AddEdit-DistributionLine/input_accountId' is present

2020-09-08 11:45:36 - [MESSAGE][PASSED] - Object 'Object Repository/FDR-Receipt/FDR-Receipt-DistributionLine/FDR-AddEdit-DistributionLine/input_accountId' is present

2020-09-08 11:45:36 - [TEST_STEP][PASSED] - sendKeys(findTestObject("FDR-Receipt/FDR-Receipt-DistributionLine/FDR-AddEdit-DistributionLine/input_accountId"), accountId + Keys.chord(ARROW_DOWN, ENTER)): Keys 'DOWN + ENTER + 5432000' sent to object: 'Object Repository/FDR-Receipt/FDR-Receipt-DistributionLine/FDR-AddEdit-DistributionLine/input_accountId'

2020-09-08 11:45:36 - [MESSAGE][PASSED] - Keys 'DOWN + ENTER + 5432000' sent to object: 'Object Repository/FDR-Receipt/FDR-Receipt-DistributionLine/FDR-AddEdit-DistributionLine/input_accountId'

2020-09-08 11:45:36 - [TEST_STEP][PASSED] - waitForElementPresent(findTestObject("FDR-Receipt/FDR-Receipt-DistributionLine/FDR-AddEdit-DistributionLine/input_altAccountId"), 2, STOP_ON_FAILURE): Object 'Object Repository/FDR-Receipt/FDR-Receipt-DistributionLine/FDR-AddEdit-DistributionLine/input_altAccountId' is present

2020-09-08 11:45:37 - [MESSAGE][PASSED] - Object 'Object Repository/FDR-Receipt/FDR-Receipt-DistributionLine/FDR-AddEdit-DistributionLine/input_altAccountId' is present

2020-09-08 11:45:37 - [TEST_STEP][PASSED] - sendKeys(findTestObject("FDR-Receipt/FDR-Receipt-DistributionLine/FDR-AddEdit-DistributionLine/input_altAccountId"), altAccountId): Keys '5432000019' sent to object: 'Object Repository/FDR-Receipt/FDR-Receipt-DistributionLine/FDR-AddEdit-DistributionLine/input_altAccountId'

2020-09-08 11:45:37 - [MESSAGE][PASSED] - Keys '5432000019' sent to object: 'Object Repository/FDR-Receipt/FDR-Receipt-DistributionLine/FDR-AddEdit-DistributionLine/input_altAccountId'

2020-09-08 11:45:37 - [TEST_STEP][PASSED] - sendKeys(findTestObject("FDR-Receipt/FDR-Receipt-DistributionLine/FDR-AddEdit-DistributionLine/input_altAccountId"), Keys.chord(ARROW_DOWN, ENTER)): Keys 'DOWN + ENTER + ' sent to object: 'Object Repository/FDR-Receipt/FDR-Receipt-DistributionLine/FDR-AddEdit-DistributionLine/input_altAccountId'

2020-09-08 11:45:38 - [MESSAGE][PASSED] - Keys 'DOWN + ENTER + ' sent to object: 'Object Repository/FDR-Receipt/FDR-Receipt-DistributionLine/FDR-AddEdit-DistributionLine/input_altAccountId'

2020-09-08 11:45:38 - [TEST_STEP][PASSED] - waitForElementPresent(findTestObject("FDR-Receipt/FDR-Receipt-DistributionLine/FDR-AddEdit-DistributionLine/increaseDecreaseLine"), 10): Object 'Object Repository/FDR-Receipt/FDR-Receipt-DistributionLine/FDR-AddEdit-DistributionLine/increaseDecreaseLine' is present

2020-09-08 11:45:38 - [MESSAGE][PASSED] - Object 'Object Repository/FDR-Receipt/FDR-Receipt-DistributionLine/FDR-AddEdit-DistributionLine/increaseDecreaseLine' is present

2020-09-08 11:45:38 - [TEST_STEP][PASSED] - sendKeys(findTestObject("FDR-Receipt/FDR-Receipt-DistributionLine/FDR-AddEdit-DistributionLine/increaseDecreaseLine"), IncreaseDecreaseLine): Keys '10b: Receipts or any decrease' sent to object: 'Object Repository/FDR-Receipt/FDR-Receipt-DistributionLine/FDR-AddEdit-DistributionLine/increaseDecreaseLine'

2020-09-08 11:45:39 - [MESSAGE][PASSED] - Keys '10b: Receipts or any decrease' sent to object: 'Object Repository/FDR-Receipt/FDR-Receipt-DistributionLine/FDR-AddEdit-DistributionLine/increaseDecreaseLine'

2020-09-08 11:45:39 - [TEST_STEP][PASSED] - sendKeys(findTestObject("FDR-Receipt/FDR-Receipt-DistributionLine/FDR-AddEdit-DistributionLine/increaseDecreaseLine"), Keys.chord(ARROW_DOWN, ENTER)): Keys 'DOWN + ENTER + ' sent to object: 'Object Repository/FDR-Receipt/FDR-Receipt-DistributionLine/FDR-AddEdit-DistributionLine/increaseDecreaseLine'

2020-09-08 11:45:39 - [MESSAGE][PASSED] - Keys 'DOWN + ENTER + ' sent to object: 'Object Repository/FDR-Receipt/FDR-Receipt-DistributionLine/FDR-AddEdit-DistributionLine/increaseDecreaseLine'

2020-09-08 11:45:39 - [TEST_STEP][PASSED] - waitForElementPresent(findTestObject("FDR-Receipt/FDR-Receipt-DistributionLine/FDR-AddEdit-DistributionLine/program_Type"), 10): Object 'Object Repository/FDR-Receipt/FDR-Receipt-DistributionLine/FDR-AddEdit-DistributionLine/program_Type' is present

2020-09-08 11:45:39 - [MESSAGE][PASSED] - Object 'Object Repository/FDR-Receipt/FDR-Receipt-DistributionLine/FDR-AddEdit-DistributionLine/program_Type' is present

2020-09-08 11:45:39 - [TEST_STEP][PASSED] - sendKeys(findTestObject("FDR-Receipt/FDR-Receipt-DistributionLine/FDR-AddEdit-DistributionLine/program_Type"), Programtype): Keys 'Medical Assistance (MA)' sent to object: 'Object Repository/FDR-Receipt/FDR-Receipt-DistributionLine/FDR-AddEdit-DistributionLine/program_Type'

2020-09-08 11:45:40 - [MESSAGE][PASSED] - Keys 'Medical Assistance (MA)' sent to object: 'Object Repository/FDR-Receipt/FDR-Receipt-DistributionLine/FDR-AddEdit-DistributionLine/program_Type'

2020-09-08 11:45:40 - [TEST_STEP][PASSED] - sendKeys(findTestObject("FDR-Receipt/FDR-Receipt-DistributionLine/FDR-AddEdit-DistributionLine/program_Type"), Keys.chord(DOWN, ENTER)): Keys 'DOWN + ENTER + ' sent to object: 'Object Repository/FDR-Receipt/FDR-Receipt-DistributionLine/FDR-AddEdit-DistributionLine/program_Type'

2020-09-08 11:45:40 - [MESSAGE][PASSED] - Keys 'DOWN + ENTER + ' sent to object: 'Object Repository/FDR-Receipt/FDR-Receipt-DistributionLine/FDR-AddEdit-DistributionLine/program_Type'

2020-09-08 11:45:40 - [TEST_STEP][PASSED] - waitForElementPresent(findTestObject("FDR-Receipt/FDR-Receipt-DistributionLine/FDR-AddEdit-DistributionLine/Index"), 10): Object 'Object Repository/FDR-Receipt/FDR-Receipt-DistributionLine/FDR-AddEdit-DistributionLine/Index' is present

2020-09-08 11:45:41 - [MESSAGE][PASSED] - Object 'Object Repository/FDR-Receipt/FDR-Receipt-DistributionLine/FDR-AddEdit-DistributionLine/Index' is present

2020-09-08 11:45:41 - [TEST_STEP][PASSED] - sendKeys(findTestObject("FDR-Receipt/FDR-Receipt-DistributionLine/FDR-AddEdit-DistributionLine/Index"), Index): Keys '1155' sent to object: 'Object Repository/FDR-Receipt/FDR-Receipt-DistributionLine/FDR-AddEdit-DistributionLine/Index'

2020-09-08 11:45:41 - [MESSAGE][PASSED] - Keys '1155' sent to object: 'Object Repository/FDR-Receipt/FDR-Receipt-DistributionLine/FDR-AddEdit-DistributionLine/Index'

2020-09-08 11:45:41 - [TEST_STEP][PASSED] - sendKeys(findTestObject("FDR-Receipt/FDR-Receipt-DistributionLine/FDR-AddEdit-DistributionLine/Index"), Keys.chord(DOWN, ENTER)): Keys 'DOWN + ENTER + ' sent to object: 'Object Repository/FDR-Receipt/FDR-Receipt-DistributionLine/FDR-AddEdit-DistributionLine/Index'

2020-09-08 11:45:42 - [MESSAGE][PASSED] - Keys 'DOWN + ENTER + ' sent to object: 'Object Repository/FDR-Receipt/FDR-Receipt-DistributionLine/FDR-AddEdit-DistributionLine/Index'

2020-09-08 11:45:42 - [TEST_STEP][PASSED] - waitForElementPresent(findTestObject("FDR-Receipt/FDR-Receipt-DistributionLine/FDR-AddEdit-DistributionLine/input_Service location_serviceLocation"), 10): Object 'Object Repository/FDR-Receipt/FDR-Receipt-DistributionLine/FDR-AddEdit-DistributionLine/input_Service location_serviceLocation' is present

2020-09-08 11:45:42 - [MESSAGE][PASSED] - Object 'Object Repository/FDR-Receipt/FDR-Receipt-DistributionLine/FDR-AddEdit-DistributionLine/input_Service location_serviceLocation' is present

2020-09-08 11:45:42 - [TEST_STEP][PASSED] - sendKeys(findTestObject("FDR-Receipt/FDR-Receipt-DistributionLine/FDR-AddEdit-DistributionLine/input_Service location_serviceLocation"), Servicelocation): Keys '3445' sent to object: 'Object Repository/FDR-Receipt/FDR-Receipt-DistributionLine/FDR-AddEdit-DistributionLine/input_Service location_serviceLocation'

2020-09-08 11:45:43 - [MESSAGE][PASSED] - Keys '3445' sent to object: 'Object Repository/FDR-Receipt/FDR-Receipt-DistributionLine/FDR-AddEdit-DistributionLine/input_Service location_serviceLocation'

2020-09-08 11:45:43 - [TEST_STEP][PASSED] - sendKeys(findTestObject("FDR-Receipt/FDR-Receipt-DistributionLine/FDR-AddEdit-DistributionLine/input_Service location_serviceLocation"), Keys.chord(DOWN, ENTER)): Keys 'DOWN + ENTER + ' sent to object: 'Object Repository/FDR-Receipt/FDR-Receipt-DistributionLine/FDR-AddEdit-DistributionLine/input_Service location_serviceLocation'

2020-09-08 11:45:43 - [MESSAGE][PASSED] - Keys 'DOWN + ENTER + ' sent to object: 'Object Repository/FDR-Receipt/FDR-Receipt-DistributionLine/FDR-AddEdit-DistributionLine/input_Service location_serviceLocation'

2020-09-08 11:45:43 - [TEST_STEP][PASSED] - click(findTestObject("FDR-Receipt/FDR-Receipt-DistributionLine/FDR-AddEdit-DistributionLine/button_Clear"), STOP_ON_FAILURE): Object: 'Object Repository/FDR-Receipt/FDR-Receipt-DistributionLine/FDR-AddEdit-DistributionLine/button_Clear' is clicked on

2020-09-08 11:45:44 - [MESSAGE][PASSED] - Object: 'Object Repository/FDR-Receipt/FDR-Receipt-DistributionLine/FDR-AddEdit-DistributionLine/button_Clear' is clicked on

2020-09-08 11:45:44 - [TEST_STEP][PASSED] - sendKeys(findTestObject("FDR-Receipt/FDR-Receipt-DistributionLine/FDR-AddEdit-DistributionLine/waiver_Type"), Waivertype): Keys '2020' sent to object: 'Object Repository/FDR-Receipt/FDR-Receipt-DistributionLine/FDR-AddEdit-DistributionLine/waiver_Type'

2020-09-08 11:45:44 - [MESSAGE][PASSED] - Keys '2020' sent to object: 'Object Repository/FDR-Receipt/FDR-Receipt-DistributionLine/FDR-AddEdit-DistributionLine/waiver_Type'

2020-09-08 11:45:44 - [TEST_STEP][PASSED] - sendKeys(findTestObject("FDR-Receipt/FDR-Receipt-DistributionLine/FDR-AddEdit-DistributionLine/waiver_Type"), Keys.chord(DOWN, ENTER)): Keys 'DOWN + ENTER + ' sent to object: 'Object Repository/FDR-Receipt/FDR-Receipt-DistributionLine/FDR-AddEdit-DistributionLine/waiver_Type'

2020-09-08 11:45:45 - [MESSAGE][PASSED] - Keys 'DOWN + ENTER + ' sent to object: 'Object Repository/FDR-Receipt/FDR-Receipt-DistributionLine/FDR-AddEdit-DistributionLine/waiver_Type'

2020-09-08 11:45:45 - [TEST_STEP][PASSED] - waitForElementPresent(findTestObject("FDR-Receipt/FDR-Receipt-DistributionLine/FDR-AddEdit-DistributionLine/waiver_Name"), 6): Object 'Object Repository/FDR-Receipt/FDR-Receipt-DistributionLine/FDR-AddEdit-DistributionLine/waiver_Name' is present

2020-09-08 11:45:45 - [MESSAGE][PASSED] - Object 'Object Repository/FDR-Receipt/FDR-Receipt-DistributionLine/FDR-AddEdit-DistributionLine/waiver_Name' is present

2020-09-08 11:45:45 - [TEST_STEP][PASSED] - sendKeys(findTestObject("FDR-Receipt/FDR-Receipt-DistributionLine/FDR-AddEdit-DistributionLine/waiver_Name"), Waivername): Keys 'A-FamilyU TPM/GMC' sent to object: 'Object Repository/FDR-Receipt/FDR-Receipt-DistributionLine/FDR-AddEdit-DistributionLine/waiver_Name'

2020-09-08 11:45:46 - [MESSAGE][PASSED] - Keys 'A-FamilyU TPM/GMC' sent to object: 'Object Repository/FDR-Receipt/FDR-Receipt-DistributionLine/FDR-AddEdit-DistributionLine/waiver_Name'

2020-09-08 11:45:46 - [TEST_STEP][PASSED] - sendKeys(findTestObject("FDR-Receipt/FDR-Receipt-DistributionLine/FDR-AddEdit-DistributionLine/waiver_Name"), Keys.chord(DOWN, ENTER)): Keys 'DOWN + ENTER + ' sent to object: 'Object Repository/FDR-Receipt/FDR-Receipt-DistributionLine/FDR-AddEdit-DistributionLine/waiver_Name'

2020-09-08 11:45:47 - [MESSAGE][PASSED] - Keys 'DOWN + ENTER + ' sent to object: 'Object Repository/FDR-Receipt/FDR-Receipt-DistributionLine/FDR-AddEdit-DistributionLine/waiver_Name'

2020-09-08 11:45:47 - [TEST_STEP][PASSED] - waitForElementPresent(findTestObject("FDR-Receipt/FDR-Receipt-DistributionLine/FDR-AddEdit-DistributionLine/funding_Source"), 6): Object 'Object Repository/FDR-Receipt/FDR-Receipt-DistributionLine/FDR-AddEdit-DistributionLine/funding_Source' is present

2020-09-08 11:45:47 - [MESSAGE][PASSED] - Object 'Object Repository/FDR-Receipt/FDR-Receipt-DistributionLine/FDR-AddEdit-DistributionLine/funding_Source' is present

2020-09-08 11:45:47 - [TEST_STEP][PASSED] - sendKeys(findTestObject("FDR-Receipt/FDR-Receipt-DistributionLine/FDR-AddEdit-DistributionLine/funding_Source"), Fundingsource): Keys 'Dental' sent to object: 'Object Repository/FDR-Receipt/FDR-Receipt-DistributionLine/FDR-AddEdit-DistributionLine/funding_Source'

2020-09-08 11:45:47 - [MESSAGE][PASSED] - Keys 'Dental' sent to object: 'Object Repository/FDR-Receipt/FDR-Receipt-DistributionLine/FDR-AddEdit-DistributionLine/funding_Source'

2020-09-08 11:45:47 - [TEST_STEP][PASSED] - sendKeys(findTestObject("FDR-Receipt/FDR-Receipt-DistributionLine/FDR-AddEdit-DistributionLine/funding_Source"), Keys.chord(DOWN, ENTER)): Keys 'DOWN + ENTER + ' sent to object: 'Object Repository/FDR-Receipt/FDR-Receipt-DistributionLine/FDR-AddEdit-DistributionLine/funding_Source'

2020-09-08 11:45:48 - [MESSAGE][PASSED] - Keys 'DOWN + ENTER + ' sent to object: 'Object Repository/FDR-Receipt/FDR-Receipt-DistributionLine/FDR-AddEdit-DistributionLine/funding_Source'

2020-09-08 11:45:48 - [TEST_STEP][PASSED] - waitForElementPresent(findTestObject("FDR-Receipt/FDR-Receipt-DistributionLine/FDR-AddEdit-DistributionLine/fund_Code"), 30): Object 'Object Repository/FDR-Receipt/FDR-Receipt-DistributionLine/FDR-AddEdit-DistributionLine/fund_Code' is present

2020-09-08 11:45:48 - [MESSAGE][PASSED] - Object 'Object Repository/FDR-Receipt/FDR-Receipt-DistributionLine/FDR-AddEdit-DistributionLine/fund_Code' is present

2020-09-08 11:45:48 - [TEST_STEP][PASSED] - sendKeys(findTestObject("FDR-Receipt/FDR-Receipt-DistributionLine/FDR-AddEdit-DistributionLine/fund_Code"), Fundcode): Keys 'Health Care Deposit Fund (0912)' sent to object: 'Object Repository/FDR-Receipt/FDR-Receipt-DistributionLine/FDR-AddEdit-DistributionLine/fund_Code'

2020-09-08 11:45:49 - [MESSAGE][PASSED] - Keys 'Health Care Deposit Fund (0912)' sent to object: 'Object Repository/FDR-Receipt/FDR-Receipt-DistributionLine/FDR-AddEdit-DistributionLine/fund_Code'

2020-09-08 11:45:49 - [TEST_STEP][PASSED] - sendKeys(findTestObject("FDR-Receipt/FDR-Receipt-DistributionLine/FDR-AddEdit-DistributionLine/fund_Code"), Keys.chord(DOWN, ENTER)): Keys 'DOWN + ENTER + ' sent to object: 'Object Repository/FDR-Receipt/FDR-Receipt-DistributionLine/FDR-AddEdit-DistributionLine/fund_Code'

2020-09-08 11:45:49 - [MESSAGE][PASSED] - Keys 'DOWN + ENTER + ' sent to object: 'Object Repository/FDR-Receipt/FDR-Receipt-DistributionLine/FDR-AddEdit-DistributionLine/fund_Code'

2020-09-08 11:45:49 - [TEST_STEP][PASSED] - waitForElementPresent(findTestObject("FDR-Receipt/FDR-Receipt-DistributionLine/FDR-AddEdit-DistributionLine/fund_Ratio"), 10): Object 'Object Repository/FDR-Receipt/FDR-Receipt-DistributionLine/FDR-AddEdit-DistributionLine/fund_Ratio' is present

2020-09-08 11:45:50 - [MESSAGE][PASSED] - Object 'Object Repository/FDR-Receipt/FDR-Receipt-DistributionLine/FDR-AddEdit-DistributionLine/fund_Ratio' is present

2020-09-08 11:45:50 - [TEST_STEP][PASSED] - sendKeys(findTestObject("FDR-Receipt/FDR-Receipt-DistributionLine/FDR-AddEdit-DistributionLine/fund_Ratio"), Fundratio): Keys '5' sent to object: 'Object Repository/FDR-Receipt/FDR-Receipt-DistributionLine/FDR-AddEdit-DistributionLine/fund_Ratio'

2020-09-08 11:45:50 - [MESSAGE][PASSED] - Keys '5' sent to object: 'Object Repository/FDR-Receipt/FDR-Receipt-DistributionLine/FDR-AddEdit-DistributionLine/fund_Ratio'

2020-09-08 11:45:50 - [TEST_STEP][PASSED] - sendKeys(findTestObject("FDR-Receipt/FDR-Receipt-DistributionLine/FDR-AddEdit-DistributionLine/fund_Ratio"), Keys.chord(DOWN, ENTER)): Keys 'DOWN + ENTER + ' sent to object: 'Object Repository/FDR-Receipt/FDR-Receipt-DistributionLine/FDR-AddEdit-DistributionLine/fund_Ratio'

2020-09-08 11:45:51 - [MESSAGE][PASSED] - Keys 'DOWN + ENTER + ' sent to object: 'Object Repository/FDR-Receipt/FDR-Receipt-DistributionLine/FDR-AddEdit-DistributionLine/fund_Ratio'

2020-09-08 11:45:51 - [TEST_STEP][PASSED] - waitForElementPresent(findTestObject("FDR-Receipt/FDR-Receipt-DistributionLine/FDR-AddEdit-DistributionLine/non_Federalfund"), 10): Object 'Object Repository/FDR-Receipt/FDR-Receipt-DistributionLine/FDR-AddEdit-DistributionLine/non_Federalfund' is present

2020-09-08 11:45:51 - [MESSAGE][PASSED] - Object 'Object Repository/FDR-Receipt/FDR-Receipt-DistributionLine/FDR-AddEdit-DistributionLine/non_Federalfund' is present

2020-09-08 11:45:51 - [TEST_STEP][PASSED] - sendKeys(findTestObject("FDR-Receipt/FDR-Receipt-DistributionLine/FDR-AddEdit-DistributionLine/non_Federalfund"), Nonfederalfund): Keys '0001' sent to object: 'Object Repository/FDR-Receipt/FDR-Receipt-DistributionLine/FDR-AddEdit-DistributionLine/non_Federalfund'

2020-09-08 11:45:51 - [MESSAGE][PASSED] - Keys '0001' sent to object: 'Object Repository/FDR-Receipt/FDR-Receipt-DistributionLine/FDR-AddEdit-DistributionLine/non_Federalfund'

2020-09-08 11:45:51 - [TEST_STEP][PASSED] - sendKeys(findTestObject("FDR-Receipt/FDR-Receipt-DistributionLine/FDR-AddEdit-DistributionLine/non_Federalfund"), Keys.chord(DOWN, ENTER)): Keys 'DOWN + ENTER + ' sent to object: 'Object Repository/FDR-Receipt/FDR-Receipt-DistributionLine/FDR-AddEdit-DistributionLine/non_Federalfund'

2020-09-08 11:45:52 - [MESSAGE][PASSED] - Keys 'DOWN + ENTER + ' sent to object: 'Object Repository/FDR-Receipt/FDR-Receipt-DistributionLine/FDR-AddEdit-DistributionLine/non_Federalfund'

2020-09-08 11:45:52 - [TEST_STEP][PASSED] - waitForElementPresent(findTestObject("FDR-Receipt/FDR-Receipt-DistributionLine/FDR-AddEdit-DistributionLine/program_Type"), 10): Object 'Object Repository/FDR-Receipt/FDR-Receipt-DistributionLine/FDR-AddEdit-DistributionLine/program_Type' is present

2020-09-08 11:45:52 - [MESSAGE][PASSED] - Object 'Object Repository/FDR-Receipt/FDR-Receipt-DistributionLine/FDR-AddEdit-DistributionLine/program_Type' is present

2020-09-08 11:45:52 - [TEST_STEP][PASSED] - sendKeys(findTestObject("FDR-Receipt/FDR-Receipt-DistributionLine/FDR-AddEdit-DistributionLine/program_Type"), Programtype): Keys 'Medical Assistance (MA)' sent to object: 'Object Repository/FDR-Receipt/FDR-Receipt-DistributionLine/FDR-AddEdit-DistributionLine/program_Type'

2020-09-08 11:45:53 - [MESSAGE][PASSED] - Keys 'Medical Assistance (MA)' sent to object: 'Object Repository/FDR-Receipt/FDR-Receipt-DistributionLine/FDR-AddEdit-DistributionLine/program_Type'

2020-09-08 11:45:53 - [TEST_STEP][PASSED] - sendKeys(findTestObject("FDR-Receipt/FDR-Receipt-DistributionLine/FDR-AddEdit-DistributionLine/program_Type"), Keys.chord(DOWN, ENTER)): Keys 'DOWN + ENTER + ' sent to object: 'Object Repository/FDR-Receipt/FDR-Receipt-DistributionLine/FDR-AddEdit-DistributionLine/program_Type'

2020-09-08 11:45:53 - [MESSAGE][PASSED] - Keys 'DOWN + ENTER + ' sent to object: 'Object Repository/FDR-Receipt/FDR-Receipt-DistributionLine/FDR-AddEdit-DistributionLine/program_Type'

2020-09-08 11:45:53 - [TEST_STEP][PASSED] - waitForElementPresent(findTestObject("FDR-Receipt/FDR-Receipt-DistributionLine/FDR-AddEdit-DistributionLine/service_Category"), 10): Object 'Object Repository/FDR-Receipt/FDR-Receipt-DistributionLine/FDR-AddEdit-DistributionLine/service_Category' is present

2020-09-08 11:45:54 - [MESSAGE][PASSED] - Object 'Object Repository/FDR-Receipt/FDR-Receipt-DistributionLine/FDR-AddEdit-DistributionLine/service_Category' is present

2020-09-08 11:45:54 - [TEST_STEP][PASSED] - sendKeys(findTestObject("FDR-Receipt/FDR-Receipt-DistributionLine/FDR-AddEdit-DistributionLine/service_Category"), Servicecategory): Keys '18B1' sent to object: 'Object Repository/FDR-Receipt/FDR-Receipt-DistributionLine/FDR-AddEdit-DistributionLine/service_Category'

2020-09-08 11:45:54 - [MESSAGE][PASSED] - Keys '18B1' sent to object: 'Object Repository/FDR-Receipt/FDR-Receipt-DistributionLine/FDR-AddEdit-DistributionLine/service_Category'

2020-09-08 11:45:54 - [TEST_STEP][PASSED] - sendKeys(findTestObject("FDR-Receipt/FDR-Receipt-DistributionLine/FDR-AddEdit-DistributionLine/service_Category"), Keys.chord(DOWN, ENTER)): Keys 'DOWN + ENTER + ' sent to object: 'Object Repository/FDR-Receipt/FDR-Receipt-DistributionLine/FDR-AddEdit-DistributionLine/service_Category'

2020-09-08 11:45:55 - [MESSAGE][PASSED] - Keys 'DOWN + ENTER + ' sent to object: 'Object Repository/FDR-Receipt/FDR-Receipt-DistributionLine/FDR-AddEdit-DistributionLine/service_Category'

2020-09-08 11:45:55 - [TEST_STEP][PASSED] - waitForElementPresent(findTestObject("FDR-Receipt/FDR-Receipt-DistributionLine/FDR-AddEdit-DistributionLine/input_accountId"), 2, STOP_ON_FAILURE): Object 'Object Repository/FDR-Receipt/FDR-Receipt-DistributionLine/FDR-AddEdit-DistributionLine/input_accountId' is present

2020-09-08 11:45:55 - [MESSAGE][PASSED] - Object 'Object Repository/FDR-Receipt/FDR-Receipt-DistributionLine/FDR-AddEdit-DistributionLine/input_accountId' is present

2020-09-08 11:45:55 - [TEST_STEP][PASSED] - sendKeys(findTestObject("FDR-Receipt/FDR-Receipt-DistributionLine/FDR-AddEdit-DistributionLine/input_accountId"), accountId + Keys.chord(ARROW_DOWN, ENTER)): Keys 'DOWN + ENTER + 5432000' sent to object: 'Object Repository/FDR-Receipt/FDR-Receipt-DistributionLine/FDR-AddEdit-DistributionLine/input_accountId'

2020-09-08 11:45:56 - [MESSAGE][PASSED] - Keys 'DOWN + ENTER + 5432000' sent to object: 'Object Repository/FDR-Receipt/FDR-Receipt-DistributionLine/FDR-AddEdit-DistributionLine/input_accountId'

2020-09-08 11:45:56 - [TEST_STEP][PASSED] - waitForElementPresent(findTestObject("FDR-Receipt/FDR-Receipt-DistributionLine/FDR-AddEdit-DistributionLine/input_altAccountId"), 2, STOP_ON_FAILURE): Object 'Object Repository/FDR-Receipt/FDR-Receipt-DistributionLine/FDR-AddEdit-DistributionLine/input_altAccountId' is present

2020-09-08 11:45:56 - [MESSAGE][PASSED] - Object 'Object Repository/FDR-Receipt/FDR-Receipt-DistributionLine/FDR-AddEdit-DistributionLine/input_altAccountId' is present

2020-09-08 11:45:56 - [TEST_STEP][PASSED] - sendKeys(findTestObject("FDR-Receipt/FDR-Receipt-DistributionLine/FDR-AddEdit-DistributionLine/input_altAccountId"), altAccountId): Keys '5432000019' sent to object: 'Object Repository/FDR-Receipt/FDR-Receipt-DistributionLine/FDR-AddEdit-DistributionLine/input_altAccountId'

2020-09-08 11:45:57 - [MESSAGE][PASSED] - Keys '5432000019' sent to object: 'Object Repository/FDR-Receipt/FDR-Receipt-DistributionLine/FDR-AddEdit-DistributionLine/input_altAccountId'

2020-09-08 11:45:57 - [TEST_STEP][PASSED] - sendKeys(findTestObject("FDR-Receipt/FDR-Receipt-DistributionLine/FDR-AddEdit-DistributionLine/input_altAccountId"), Keys.chord(ARROW_DOWN, ENTER)): Keys 'DOWN + ENTER + ' sent to object: 'Object Repository/FDR-Receipt/FDR-Receipt-DistributionLine/FDR-AddEdit-DistributionLine/input_altAccountId'

2020-09-08 11:45:58 - [MESSAGE][PASSED] - Keys 'DOWN + ENTER + ' sent to object: 'Object Repository/FDR-Receipt/FDR-Receipt-DistributionLine/FDR-AddEdit-DistributionLine/input_altAccountId'

2020-09-08 11:45:58 - [TEST_STEP][PASSED] - click(findTestObject("FDR-Receipt/FDR-Receipt-DistributionLine/FDR-AddEdit-DistributionLine/button_SaveClose")): Object: 'Object Repository/FDR-Receipt/FDR-Receipt-DistributionLine/FDR-AddEdit-DistributionLine/button_SaveClose' is clicked on

2020-09-08 11:45:58 - [MESSAGE][PASSED] - Object: 'Object Repository/FDR-Receipt/FDR-Receipt-DistributionLine/FDR-AddEdit-DistributionLine/button_SaveClose' is clicked on

2020-09-08 11:45:58 - [TEST_STEP][PASSED] - scrollToElement(findTestObject("FDR-Receipt/FDR-Receipt-DistributionLine/FDR-AddEdit-DistributionLine/button_Add-Invoiceline"), 3): Scroll to object 'Object Repository/FDR-Receipt/FDR-Receipt-DistributionLine/FDR-AddEdit-DistributionLine/button_Add-Invoiceline' successfully

2020-09-08 11:46:00 - [MESSAGE][PASSED] - Scroll to object 'Object Repository/FDR-Receipt/FDR-Receipt-DistributionLine/FDR-AddEdit-DistributionLine/button_Add-Invoiceline' successfully

2020-09-08 11:46:00 - [TEST_STEP][PASSED] - verifyElementClickable(findTestObject("FDR-Receipt/FDR-Receipt-DistributionLine/FDR-AddEdit-DistributionLine/button_Add-Invoiceline"), STOP_ON_FAILURE): Object 'Object Repository/FDR-Receipt/FDR-Receipt-DistributionLine/FDR-AddEdit-DistributionLine/button_Add-Invoiceline' is clickable

2020-09-08 11:46:00 - [MESSAGE][PASSED] - Object 'Object Repository/FDR-Receipt/FDR-Receipt-DistributionLine/FDR-AddEdit-DistributionLine/button_Add-Invoiceline' is clickable

2020-09-08 11:46:00 - [TEST_STEP][PASSED] - click(findTestObject("FDR-Receipt/FDR-Receipt-DistributionLine/FDR-AddEdit-DistributionLine/button_Add-Invoiceline"), STOP_ON_FAILURE): Object: 'Object Repository/FDR-Receipt/FDR-Receipt-DistributionLine/FDR-AddEdit-DistributionLine/button_Add-Invoiceline' is clicked on

2020-09-08 11:46:01 - [MESSAGE][PASSED] - Object: 'Object Repository/FDR-Receipt/FDR-Receipt-DistributionLine/FDR-AddEdit-DistributionLine/button_Add-Invoiceline' is clicked on

2020-09-08 11:46:01 - [TEST_STEP][PASSED] - waitForElementPresent(findTestObject("FDR-Receipt/FDR-Receipt-DistributionLine/FDR-AddEdit-DistributionLine/invoice_Searchfield"), 10): Object 'Object Repository/FDR-Receipt/FDR-Receipt-DistributionLine/FDR-AddEdit-DistributionLine/invoice_Searchfield' is present

2020-09-08 11:46:02 - [MESSAGE][PASSED] - Object 'Object Repository/FDR-Receipt/FDR-Receipt-DistributionLine/FDR-AddEdit-DistributionLine/invoice_Searchfield' is present

2020-09-08 11:46:02 - [TEST_STEP][PASSED] - sendKeys(findTestObject("FDR-Receipt/FDR-Receipt-DistributionLine/FDR-AddEdit-DistributionLine/invoice_Searchfield"), searchfield): Keys '524342' sent to object: 'Object Repository/FDR-Receipt/FDR-Receipt-DistributionLine/FDR-AddEdit-DistributionLine/invoice_Searchfield'

2020-09-08 11:46:02 - [MESSAGE][PASSED] - Keys '524342' sent to object: 'Object Repository/FDR-Receipt/FDR-Receipt-DistributionLine/FDR-AddEdit-DistributionLine/invoice_Searchfield'

2020-09-08 11:46:02 - [TEST_STEP][PASSED] - click(findTestObject("FDR-Receipt/FDR-Receipt-DistributionLine/FDR-AddEdit-DistributionLine/button_Add_invoicemanually")): Object: 'Object Repository/FDR-Receipt/FDR-Receipt-DistributionLine/FDR-AddEdit-DistributionLine/button_Add_invoicemanually' is clicked on

2020-09-08 11:46:03 - [MESSAGE][PASSED] - Object: 'Object Repository/FDR-Receipt/FDR-Receipt-DistributionLine/FDR-AddEdit-DistributionLine/button_Add_invoicemanually' is clicked on

2020-09-08 11:46:03 - [TEST_STEP][PASSED] - waitForElementPresent(findTestObject("FDR-Receipt/FDR-Receipt-DistributionLine/FDR-AddEdit-DistributionLine/input_Service date (from)"), 10): Object 'Object Repository/FDR-Receipt/FDR-Receipt-DistributionLine/FDR-AddEdit-DistributionLine/input_Service date (from)' is present

2020-09-08 11:46:04 - [MESSAGE][PASSED] - Object 'Object Repository/FDR-Receipt/FDR-Receipt-DistributionLine/FDR-AddEdit-DistributionLine/input_Service date (from)' is present

2020-09-08 11:46:04 - [TEST_STEP][PASSED] - sendKeys(findTestObject("FDR-Receipt/FDR-Receipt-DistributionLine/FDR-AddEdit-DistributionLine/input_Service date (from)"), servicedatefrom): Keys '09/09/2020' sent to object: 'Object Repository/FDR-Receipt/FDR-Receipt-DistributionLine/FDR-AddEdit-DistributionLine/input_Service date (from)'

2020-09-08 11:46:04 - [MESSAGE][PASSED] - Keys '09/09/2020' sent to object: 'Object Repository/FDR-Receipt/FDR-Receipt-DistributionLine/FDR-AddEdit-DistributionLine/input_Service date (from)'

2020-09-08 11:46:04 - [TEST_STEP][PASSED] - waitForElementPresent(findTestObject("FDR-Receipt/FDR-Receipt-DistributionLine/FDR-AddEdit-DistributionLine/input_Service date (to)"), 10): Object 'Object Repository/FDR-Receipt/FDR-Receipt-DistributionLine/FDR-AddEdit-DistributionLine/input_Service date (to)' is present

2020-09-08 11:46:05 - [MESSAGE][PASSED] - Object 'Object Repository/FDR-Receipt/FDR-Receipt-DistributionLine/FDR-AddEdit-DistributionLine/input_Service date (to)' is present

2020-09-08 11:46:05 - [TEST_STEP][PASSED] - sendKeys(findTestObject("FDR-Receipt/FDR-Receipt-DistributionLine/FDR-AddEdit-DistributionLine/input_Service date (to)"), servicedateto): Keys '09/10/2020' sent to object: 'Object Repository/FDR-Receipt/FDR-Receipt-DistributionLine/FDR-AddEdit-DistributionLine/input_Service date (to)'

2020-09-08 11:46:06 - [MESSAGE][PASSED] - Keys '09/10/2020' sent to object: 'Object Repository/FDR-Receipt/FDR-Receipt-DistributionLine/FDR-AddEdit-DistributionLine/input_Service date (to)'

2020-09-08 11:46:06 - [TEST_STEP][PASSED] - delay(4): Delayed 4 second(s)

2020-09-08 11:46:10 - [MESSAGE][PASSED] - Delayed 4 second(s)

2020-09-08 11:46:10 - [TEST_STEP][PASSED] - waitForElementPresent(findTestObject("FDR-Receipt/FDR-Receipt-DistributionLine/FDR-AddEdit-DistributionLine/input_Amount"), 10): Object 'Object Repository/FDR-Receipt/FDR-Receipt-DistributionLine/FDR-AddEdit-DistributionLine/input_Amount' is present

2020-09-08 11:46:10 - [MESSAGE][PASSED] - Object 'Object Repository/FDR-Receipt/FDR-Receipt-DistributionLine/FDR-AddEdit-DistributionLine/input_Amount' is present

2020-09-08 11:46:10 - [TEST_STEP][PASSED] - sendKeys(findTestObject("FDR-Receipt/FDR-Receipt-DistributionLine/FDR-AddEdit-DistributionLine/input_Amount"), NegativeAmount): Keys '500-' sent to object: 'Object Repository/FDR-Receipt/FDR-Receipt-DistributionLine/FDR-AddEdit-DistributionLine/input_Amount'

2020-09-08 11:46:10 - [MESSAGE][PASSED] - Keys '500-' sent to object: 'Object Repository/FDR-Receipt/FDR-Receipt-DistributionLine/FDR-AddEdit-DistributionLine/input_Amount'

2020-09-08 11:46:10 - [TEST_STEP][PASSED] - delay(2): Delayed 2 second(s)

2020-09-08 11:46:12 - [MESSAGE][PASSED] - Delayed 2 second(s)

2020-09-08 11:46:12 - [TEST_STEP][PASSED] - waitForElementPresent(findTestObject("FDR-Receipt/FDR-Receipt-DistributionLine/FDR-AddEdit-DistributionLine/waiver_Type"), 10): Object 'Object Repository/FDR-Receipt/FDR-Receipt-DistributionLine/FDR-AddEdit-DistributionLine/waiver_Type' is present

2020-09-08 11:46:13 - [MESSAGE][PASSED] - Object 'Object Repository/FDR-Receipt/FDR-Receipt-DistributionLine/FDR-AddEdit-DistributionLine/waiver_Type' is present

2020-09-08 11:46:13 - [TEST_STEP][PASSED] - waitForElementPresent(findTestObject("FDR-Receipt/FDR-Receipt-DistributionLine/FDR-AddEdit-DistributionLine/waiver_Type"), 8): Object 'Object Repository/FDR-Receipt/FDR-Receipt-DistributionLine/FDR-AddEdit-DistributionLine/waiver_Type' is present

2020-09-08 11:46:13 - [MESSAGE][PASSED] - Object 'Object Repository/FDR-Receipt/FDR-Receipt-DistributionLine/FDR-AddEdit-DistributionLine/waiver_Type' is present

2020-09-08 11:46:13 - [TEST_STEP][PASSED] - sendKeys(findTestObject("FDR-Receipt/FDR-Receipt-DistributionLine/FDR-AddEdit-DistributionLine/waiver_Type"), Waivertype): Keys '2020' sent to object: 'Object Repository/FDR-Receipt/FDR-Receipt-DistributionLine/FDR-AddEdit-DistributionLine/waiver_Type'

2020-09-08 11:46:13 - [MESSAGE][PASSED] - Keys '2020' sent to object: 'Object Repository/FDR-Receipt/FDR-Receipt-DistributionLine/FDR-AddEdit-DistributionLine/waiver_Type'

2020-09-08 11:46:13 - [TEST_STEP][PASSED] - sendKeys(findTestObject("FDR-Receipt/FDR-Receipt-DistributionLine/FDR-AddEdit-DistributionLine/waiver_Type"), Keys.chord(DOWN, ENTER)): Keys 'DOWN + ENTER + ' sent to object: 'Object Repository/FDR-Receipt/FDR-Receipt-DistributionLine/FDR-AddEdit-DistributionLine/waiver_Type'

2020-09-08 11:46:14 - [MESSAGE][PASSED] - Keys 'DOWN + ENTER + ' sent to object: 'Object Repository/FDR-Receipt/FDR-Receipt-DistributionLine/FDR-AddEdit-DistributionLine/waiver_Type'

2020-09-08 11:46:14 - [TEST_STEP][PASSED] - waitForElementPresent(findTestObject("FDR-Receipt/FDR-Receipt-DistributionLine/FDR-AddEdit-DistributionLine/waiver_Name"), 6): Object 'Object Repository/FDR-Receipt/FDR-Receipt-DistributionLine/FDR-AddEdit-DistributionLine/waiver_Name' is present

2020-09-08 11:46:14 - [MESSAGE][PASSED] - Object 'Object Repository/FDR-Receipt/FDR-Receipt-DistributionLine/FDR-AddEdit-DistributionLine/waiver_Name' is present

2020-09-08 11:46:14 - [TEST_STEP][PASSED] - sendKeys(findTestObject("FDR-Receipt/FDR-Receipt-DistributionLine/FDR-AddEdit-DistributionLine/waiver_Name"), Waivername): Keys 'A-FamilyU TPM/GMC' sent to object: 'Object Repository/FDR-Receipt/FDR-Receipt-DistributionLine/FDR-AddEdit-DistributionLine/waiver_Name'

2020-09-08 11:46:15 - [MESSAGE][PASSED] - Keys 'A-FamilyU TPM/GMC' sent to object: 'Object Repository/FDR-Receipt/FDR-Receipt-DistributionLine/FDR-AddEdit-DistributionLine/waiver_Name'

2020-09-08 11:46:15 - [TEST_STEP][PASSED] - sendKeys(findTestObject("FDR-Receipt/FDR-Receipt-DistributionLine/FDR-AddEdit-DistributionLine/waiver_Name"), Keys.chord(DOWN, ENTER)): Keys 'DOWN + ENTER + ' sent to object: 'Object Repository/FDR-Receipt/FDR-Receipt-DistributionLine/FDR-AddEdit-DistributionLine/waiver_Name'

2020-09-08 11:46:15 - [MESSAGE][PASSED] - Keys 'DOWN + ENTER + ' sent to object: 'Object Repository/FDR-Receipt/FDR-Receipt-DistributionLine/FDR-AddEdit-DistributionLine/waiver_Name'

2020-09-08 11:46:15 - [TEST_STEP][PASSED] - waitForElementPresent(findTestObject("FDR-Receipt/FDR-Receipt-DistributionLine/FDR-AddEdit-DistributionLine/funding_Source"), 6): Object 'Object Repository/FDR-Receipt/FDR-Receipt-DistributionLine/FDR-AddEdit-DistributionLine/funding_Source' is present

2020-09-08 11:46:16 - [MESSAGE][PASSED] - Object 'Object Repository/FDR-Receipt/FDR-Receipt-DistributionLine/FDR-AddEdit-DistributionLine/funding_Source' is present

2020-09-08 11:46:16 - [TEST_STEP][PASSED] - sendKeys(findTestObject("FDR-Receipt/FDR-Receipt-DistributionLine/FDR-AddEdit-DistributionLine/funding_Source"), Fundingsource): Keys 'Dental' sent to object: 'Object Repository/FDR-Receipt/FDR-Receipt-DistributionLine/FDR-AddEdit-DistributionLine/funding_Source'

2020-09-08 11:46:16 - [MESSAGE][PASSED] - Keys 'Dental' sent to object: 'Object Repository/FDR-Receipt/FDR-Receipt-DistributionLine/FDR-AddEdit-DistributionLine/funding_Source'

2020-09-08 11:46:16 - [TEST_STEP][PASSED] - sendKeys(findTestObject("FDR-Receipt/FDR-Receipt-DistributionLine/FDR-AddEdit-DistributionLine/funding_Source"), Keys.chord(DOWN, ENTER)): Keys 'DOWN + ENTER + ' sent to object: 'Object Repository/FDR-Receipt/FDR-Receipt-DistributionLine/FDR-AddEdit-DistributionLine/funding_Source'

2020-09-08 11:46:17 - [MESSAGE][PASSED] - Keys 'DOWN + ENTER + ' sent to object: 'Object Repository/FDR-Receipt/FDR-Receipt-DistributionLine/FDR-AddEdit-DistributionLine/funding_Source'

2020-09-08 11:46:17 - [TEST_STEP][PASSED] - waitForElementPresent(findTestObject("FDR-Receipt/FDR-Receipt-DistributionLine/FDR-AddEdit-DistributionLine/fund_Code"), 30): Object 'Object Repository/FDR-Receipt/FDR-Receipt-DistributionLine/FDR-AddEdit-DistributionLine/fund_Code' is present

2020-09-08 11:46:17 - [MESSAGE][PASSED] - Object 'Object Repository/FDR-Receipt/FDR-Receipt-DistributionLine/FDR-AddEdit-DistributionLine/fund_Code' is present

2020-09-08 11:46:17 - [TEST_STEP][PASSED] - sendKeys(findTestObject("FDR-Receipt/FDR-Receipt-DistributionLine/FDR-AddEdit-DistributionLine/fund_Code"), Fundcode): Keys 'Health Care Deposit Fund (0912)' sent to object: 'Object Repository/FDR-Receipt/FDR-Receipt-DistributionLine/FDR-AddEdit-DistributionLine/fund_Code'

2020-09-08 11:46:18 - [MESSAGE][PASSED] - Keys 'Health Care Deposit Fund (0912)' sent to object: 'Object Repository/FDR-Receipt/FDR-Receipt-DistributionLine/FDR-AddEdit-DistributionLine/fund_Code'

2020-09-08 11:46:18 - [TEST_STEP][PASSED] - sendKeys(findTestObject("FDR-Receipt/FDR-Receipt-DistributionLine/FDR-AddEdit-DistributionLine/fund_Code"), Keys.chord(DOWN, ENTER)): Keys 'DOWN + ENTER + ' sent to object: 'Object Repository/FDR-Receipt/FDR-Receipt-DistributionLine/FDR-AddEdit-DistributionLine/fund_Code'

2020-09-08 11:46:18 - [MESSAGE][PASSED] - Keys 'DOWN + ENTER + ' sent to object: 'Object Repository/FDR-Receipt/FDR-Receipt-DistributionLine/FDR-AddEdit-DistributionLine/fund_Code'

2020-09-08 11:46:18 - [TEST_STEP][PASSED] - waitForElementPresent(findTestObject("FDR-Receipt/FDR-Receipt-DistributionLine/FDR-AddEdit-DistributionLine/fund_Ratio"), 10): Object 'Object Repository/FDR-Receipt/FDR-Receipt-DistributionLine/FDR-AddEdit-DistributionLine/fund_Ratio' is present

2020-09-08 11:46:19 - [MESSAGE][PASSED] - Object 'Object Repository/FDR-Receipt/FDR-Receipt-DistributionLine/FDR-AddEdit-DistributionLine/fund_Ratio' is present

2020-09-08 11:46:19 - [TEST_STEP][PASSED] - sendKeys(findTestObject("FDR-Receipt/FDR-Receipt-DistributionLine/FDR-AddEdit-DistributionLine/fund_Ratio"), Fundratio): Keys '5' sent to object: 'Object Repository/FDR-Receipt/FDR-Receipt-DistributionLine/FDR-AddEdit-DistributionLine/fund_Ratio'

2020-09-08 11:46:19 - [MESSAGE][PASSED] - Keys '5' sent to object: 'Object Repository/FDR-Receipt/FDR-Receipt-DistributionLine/FDR-AddEdit-DistributionLine/fund_Ratio'

2020-09-08 11:46:19 - [TEST_STEP][PASSED] - sendKeys(findTestObject("FDR-Receipt/FDR-Receipt-DistributionLine/FDR-AddEdit-DistributionLine/fund_Ratio"), Keys.chord(DOWN, ENTER)): Keys 'DOWN + ENTER + ' sent to object: 'Object Repository/FDR-Receipt/FDR-Receipt-DistributionLine/FDR-AddEdit-DistributionLine/fund_Ratio'

2020-09-08 11:46:20 - [MESSAGE][PASSED] - Keys 'DOWN + ENTER + ' sent to object: 'Object Repository/FDR-Receipt/FDR-Receipt-DistributionLine/FDR-AddEdit-DistributionLine/fund_Ratio'

2020-09-08 11:46:20 - [TEST_STEP][PASSED] - waitForElementPresent(findTestObject("FDR-Receipt/FDR-Receipt-DistributionLine/FDR-AddEdit-DistributionLine/non_Federalfund"), 10): Object 'Object Repository/FDR-Receipt/FDR-Receipt-DistributionLine/FDR-AddEdit-DistributionLine/non_Federalfund' is present

2020-09-08 11:46:20 - [MESSAGE][PASSED] - Object 'Object Repository/FDR-Receipt/FDR-Receipt-DistributionLine/FDR-AddEdit-DistributionLine/non_Federalfund' is present

2020-09-08 11:46:20 - [TEST_STEP][PASSED] - sendKeys(findTestObject("FDR-Receipt/FDR-Receipt-DistributionLine/FDR-AddEdit-DistributionLine/non_Federalfund"), Nonfederalfund): Keys '0001' sent to object: 'Object Repository/FDR-Receipt/FDR-Receipt-DistributionLine/FDR-AddEdit-DistributionLine/non_Federalfund'

2020-09-08 11:46:21 - [MESSAGE][PASSED] - Keys '0001' sent to object: 'Object Repository/FDR-Receipt/FDR-Receipt-DistributionLine/FDR-AddEdit-DistributionLine/non_Federalfund'

2020-09-08 11:46:21 - [TEST_STEP][PASSED] - sendKeys(findTestObject("FDR-Receipt/FDR-Receipt-DistributionLine/FDR-AddEdit-DistributionLine/non_Federalfund"), Keys.chord(DOWN, ENTER)): Keys 'DOWN + ENTER + ' sent to object: 'Object Repository/FDR-Receipt/FDR-Receipt-DistributionLine/FDR-AddEdit-DistributionLine/non_Federalfund'

2020-09-08 11:46:21 - [MESSAGE][PASSED] - Keys 'DOWN + ENTER + ' sent to object: 'Object Repository/FDR-Receipt/FDR-Receipt-DistributionLine/FDR-AddEdit-DistributionLine/non_Federalfund'

2020-09-08 11:46:21 - [TEST_STEP][PASSED] - waitForElementPresent(findTestObject("FDR-Receipt/FDR-Receipt-DistributionLine/FDR-AddEdit-DistributionLine/input_Service location_serviceLocation"), 10): Object 'Object Repository/FDR-Receipt/FDR-Receipt-DistributionLine/FDR-AddEdit-DistributionLine/input_Service location_serviceLocation' is present

2020-09-08 11:46:22 - [MESSAGE][PASSED] - Object 'Object Repository/FDR-Receipt/FDR-Receipt-DistributionLine/FDR-AddEdit-DistributionLine/input_Service location_serviceLocation' is present

2020-09-08 11:46:22 - [TEST_STEP][PASSED] - sendKeys(findTestObject("FDR-Receipt/FDR-Receipt-DistributionLine/FDR-AddEdit-DistributionLine/input_Service location_serviceLocation"), Servicelocation): Keys '3445' sent to object: 'Object Repository/FDR-Receipt/FDR-Receipt-DistributionLine/FDR-AddEdit-DistributionLine/input_Service location_serviceLocation'

2020-09-08 11:46:22 - [MESSAGE][PASSED] - Keys '3445' sent to object: 'Object Repository/FDR-Receipt/FDR-Receipt-DistributionLine/FDR-AddEdit-DistributionLine/input_Service location_serviceLocation'

2020-09-08 11:46:22 - [TEST_STEP][PASSED] - sendKeys(findTestObject("FDR-Receipt/FDR-Receipt-DistributionLine/FDR-AddEdit-DistributionLine/input_Service location_serviceLocation"), Keys.chord(DOWN, ENTER)): Keys 'DOWN + ENTER + ' sent to object: 'Object Repository/FDR-Receipt/FDR-Receipt-DistributionLine/FDR-AddEdit-DistributionLine/input_Service location_serviceLocation'

2020-09-08 11:46:22 - [MESSAGE][PASSED] - Keys 'DOWN + ENTER + ' sent to object: 'Object Repository/FDR-Receipt/FDR-Receipt-DistributionLine/FDR-AddEdit-DistributionLine/input_Service location_serviceLocation'

2020-09-08 11:46:22 - [TEST_STEP][PASSED] - waitForElementPresent(findTestObject("FDR-Receipt/FDR-Receipt-DistributionLine/FDR-AddEdit-DistributionLine/Index"), 10): Object 'Object Repository/FDR-Receipt/FDR-Receipt-DistributionLine/FDR-AddEdit-DistributionLine/Index' is present

2020-09-08 11:46:23 - [MESSAGE][PASSED] - Object 'Object Repository/FDR-Receipt/FDR-Receipt-DistributionLine/FDR-AddEdit-DistributionLine/Index' is present

2020-09-08 11:46:23 - [TEST_STEP][PASSED] - sendKeys(findTestObject("FDR-Receipt/FDR-Receipt-DistributionLine/FDR-AddEdit-DistributionLine/Index"), Index): Keys '1155' sent to object: 'Object Repository/FDR-Receipt/FDR-Receipt-DistributionLine/FDR-AddEdit-DistributionLine/Index'

2020-09-08 11:46:23 - [MESSAGE][PASSED] - Keys '1155' sent to object: 'Object Repository/FDR-Receipt/FDR-Receipt-DistributionLine/FDR-AddEdit-DistributionLine/Index'

2020-09-08 11:46:23 - [TEST_STEP][PASSED] - sendKeys(findTestObject("FDR-Receipt/FDR-Receipt-DistributionLine/FDR-AddEdit-DistributionLine/Index"), Keys.chord(DOWN, ENTER)): Keys 'DOWN + ENTER + ' sent to object: 'Object Repository/FDR-Receipt/FDR-Receipt-DistributionLine/FDR-AddEdit-DistributionLine/Index'

2020-09-08 11:46:23 - [MESSAGE][PASSED] - Keys 'DOWN + ENTER + ' sent to object: 'Object Repository/FDR-Receipt/FDR-Receipt-DistributionLine/FDR-AddEdit-DistributionLine/Index'

2020-09-08 11:46:23 - [TEST_STEP][PASSED] - waitForElementPresent(findTestObject("FDR-Receipt/FDR-Receipt-DistributionLine/FDR-AddEdit-DistributionLine/program_Type"), 10): Object 'Object Repository/FDR-Receipt/FDR-Receipt-DistributionLine/FDR-AddEdit-DistributionLine/program_Type' is present

2020-09-08 11:46:24 - [MESSAGE][PASSED] - Object 'Object Repository/FDR-Receipt/FDR-Receipt-DistributionLine/FDR-AddEdit-DistributionLine/program_Type' is present

2020-09-08 11:46:24 - [TEST_STEP][PASSED] - sendKeys(findTestObject("FDR-Receipt/FDR-Receipt-DistributionLine/FDR-AddEdit-DistributionLine/program_Type"), Programtype): Keys 'Medical Assistance (MA)' sent to object: 'Object Repository/FDR-Receipt/FDR-Receipt-DistributionLine/FDR-AddEdit-DistributionLine/program_Type'

2020-09-08 11:46:25 - [MESSAGE][PASSED] - Keys 'Medical Assistance (MA)' sent to object: 'Object Repository/FDR-Receipt/FDR-Receipt-DistributionLine/FDR-AddEdit-DistributionLine/program_Type'

2020-09-08 11:46:25 - [TEST_STEP][PASSED] - sendKeys(findTestObject("FDR-Receipt/FDR-Receipt-DistributionLine/FDR-AddEdit-DistributionLine/program_Type"), Keys.chord(DOWN, ENTER)): Keys 'DOWN + ENTER + ' sent to object: 'Object Repository/FDR-Receipt/FDR-Receipt-DistributionLine/FDR-AddEdit-DistributionLine/program_Type'

2020-09-08 11:46:25 - [MESSAGE][PASSED] - Keys 'DOWN + ENTER + ' sent to object: 'Object Repository/FDR-Receipt/FDR-Receipt-DistributionLine/FDR-AddEdit-DistributionLine/program_Type'

2020-09-08 11:46:25 - [TEST_STEP][PASSED] - waitForElementPresent(findTestObject("FDR-Receipt/FDR-Receipt-DistributionLine/FDR-AddEdit-DistributionLine/service_Category"), 10): Object 'Object Repository/FDR-Receipt/FDR-Receipt-DistributionLine/FDR-AddEdit-DistributionLine/service_Category' is present

2020-09-08 11:46:25 - [MESSAGE][PASSED] - Object 'Object Repository/FDR-Receipt/FDR-Receipt-DistributionLine/FDR-AddEdit-DistributionLine/service_Category' is present

2020-09-08 11:46:25 - [TEST_STEP][PASSED] - sendKeys(findTestObject("FDR-Receipt/FDR-Receipt-DistributionLine/FDR-AddEdit-DistributionLine/service_Category"), Servicecategory): Keys '18B1' sent to object: 'Object Repository/FDR-Receipt/FDR-Receipt-DistributionLine/FDR-AddEdit-DistributionLine/service_Category'

2020-09-08 11:46:26 - [MESSAGE][PASSED] - Keys '18B1' sent to object: 'Object Repository/FDR-Receipt/FDR-Receipt-DistributionLine/FDR-AddEdit-DistributionLine/service_Category'

2020-09-08 11:46:26 - [TEST_STEP][PASSED] - sendKeys(findTestObject("FDR-Receipt/FDR-Receipt-DistributionLine/FDR-AddEdit-DistributionLine/service_Category"), Keys.chord(DOWN, ENTER)): Keys 'DOWN + ENTER + ' sent to object: 'Object Repository/FDR-Receipt/FDR-Receipt-DistributionLine/FDR-AddEdit-DistributionLine/service_Category'

2020-09-08 11:46:26 - [MESSAGE][PASSED] - Keys 'DOWN + ENTER + ' sent to object: 'Object Repository/FDR-Receipt/FDR-Receipt-DistributionLine/FDR-AddEdit-DistributionLine/service_Category'

2020-09-08 11:46:26 - [TEST_STEP][PASSED] - waitForElementPresent(findTestObject("FDR-Receipt/FDR-Receipt-DistributionLine/FDR-AddEdit-DistributionLine/increaseDecreaseLine"), 10): Object 'Object Repository/FDR-Receipt/FDR-Receipt-DistributionLine/FDR-AddEdit-DistributionLine/increaseDecreaseLine' is present

2020-09-08 11:46:27 - [MESSAGE][PASSED] - Object 'Object Repository/FDR-Receipt/FDR-Receipt-DistributionLine/FDR-AddEdit-DistributionLine/increaseDecreaseLine' is present

2020-09-08 11:46:27 - [TEST_STEP][PASSED] - sendKeys(findTestObject("FDR-Receipt/FDR-Receipt-DistributionLine/FDR-AddEdit-DistributionLine/increaseDecreaseLine"), IncreaseDecreaseLine): Keys '10b: Receipts or any decrease' sent to object: 'Object Repository/FDR-Receipt/FDR-Receipt-DistributionLine/FDR-AddEdit-DistributionLine/increaseDecreaseLine'

2020-09-08 11:46:27 - [MESSAGE][PASSED] - Keys '10b: Receipts or any decrease' sent to object: 'Object Repository/FDR-Receipt/FDR-Receipt-DistributionLine/FDR-AddEdit-DistributionLine/increaseDecreaseLine'

2020-09-08 11:46:27 - [TEST_STEP][PASSED] - sendKeys(findTestObject("FDR-Receipt/FDR-Receipt-DistributionLine/FDR-AddEdit-DistributionLine/increaseDecreaseLine"), Keys.chord(ARROW_DOWN, ENTER)): Keys 'DOWN + ENTER + ' sent to object: 'Object Repository/FDR-Receipt/FDR-Receipt-DistributionLine/FDR-AddEdit-DistributionLine/increaseDecreaseLine'

2020-09-08 11:46:28 - [MESSAGE][PASSED] - Keys 'DOWN + ENTER + ' sent to object: 'Object Repository/FDR-Receipt/FDR-Receipt-DistributionLine/FDR-AddEdit-DistributionLine/increaseDecreaseLine'

2020-09-08 11:46:28 - [TEST_STEP][PASSED] - waitForElementPresent(findTestObject("FDR-Receipt/FDR-Receipt-DistributionLine/FDR-AddEdit-DistributionLine/input_accountId"), 2, STOP_ON_FAILURE): Object 'Object Repository/FDR-Receipt/FDR-Receipt-DistributionLine/FDR-AddEdit-DistributionLine/input_accountId' is present

2020-09-08 11:46:28 - [MESSAGE][PASSED] - Object 'Object Repository/FDR-Receipt/FDR-Receipt-DistributionLine/FDR-AddEdit-DistributionLine/input_accountId' is present

2020-09-08 11:46:28 - [TEST_STEP][PASSED] - sendKeys(findTestObject("FDR-Receipt/FDR-Receipt-DistributionLine/FDR-AddEdit-DistributionLine/input_accountId"), accountId + Keys.chord(ARROW_DOWN, ENTER)): Keys 'DOWN + ENTER + 5432000' sent to object: 'Object Repository/FDR-Receipt/FDR-Receipt-DistributionLine/FDR-AddEdit-DistributionLine/input_accountId'

2020-09-08 11:46:29 - [MESSAGE][PASSED] - Keys 'DOWN + ENTER + 5432000' sent to object: 'Object Repository/FDR-Receipt/FDR-Receipt-DistributionLine/FDR-AddEdit-DistributionLine/input_accountId'

2020-09-08 11:46:29 - [TEST_STEP][PASSED] - waitForElementPresent(findTestObject("FDR-Receipt/FDR-Receipt-DistributionLine/FDR-AddEdit-DistributionLine/input_altAccountId"), 2, STOP_ON_FAILURE): Object 'Object Repository/FDR-Receipt/FDR-Receipt-DistributionLine/FDR-AddEdit-DistributionLine/input_altAccountId' is present

2020-09-08 11:46:29 - [MESSAGE][PASSED] - Object 'Object Repository/FDR-Receipt/FDR-Receipt-DistributionLine/FDR-AddEdit-DistributionLine/input_altAccountId' is present

2020-09-08 11:46:29 - [TEST_STEP][PASSED] - sendKeys(findTestObject("FDR-Receipt/FDR-Receipt-DistributionLine/FDR-AddEdit-DistributionLine/input_altAccountId"), altAccountId): Keys '5432000019' sent to object: 'Object Repository/FDR-Receipt/FDR-Receipt-DistributionLine/FDR-AddEdit-DistributionLine/input_altAccountId'

2020-09-08 11:46:30 - [MESSAGE][PASSED] - Keys '5432000019' sent to object: 'Object Repository/FDR-Receipt/FDR-Receipt-DistributionLine/FDR-AddEdit-DistributionLine/input_altAccountId'

2020-09-08 11:46:30 - [TEST_STEP][PASSED] - sendKeys(findTestObject("FDR-Receipt/FDR-Receipt-DistributionLine/FDR-AddEdit-DistributionLine/input_altAccountId"), Keys.chord(ARROW_DOWN, ENTER)): Keys 'DOWN + ENTER + ' sent to object: 'Object Repository/FDR-Receipt/FDR-Receipt-DistributionLine/FDR-AddEdit-DistributionLine/input_altAccountId'

2020-09-08 11:46:31 - [MESSAGE][PASSED] - Keys 'DOWN + ENTER + ' sent to object: 'Object Repository/FDR-Receipt/FDR-Receipt-DistributionLine/FDR-AddEdit-DistributionLine/input_altAccountId'

2020-09-08 11:46:31 - [TEST_STEP][PASSED] - waitForElementPresent(findTestObject("FDR-Receipt/FDR-Receipt-DistributionLine/FDR-AddEdit-DistributionLine/button_SaveClose"), 10): Object 'Object Repository/FDR-Receipt/FDR-Receipt-DistributionLine/FDR-AddEdit-DistributionLine/button_SaveClose' is present

2020-09-08 11:46:31 - [MESSAGE][PASSED] - Object 'Object Repository/FDR-Receipt/FDR-Receipt-DistributionLine/FDR-AddEdit-DistributionLine/button_SaveClose' is present

2020-09-08 11:46:31 - [TEST_STEP][PASSED] - click(findTestObject("FDR-Receipt/FDR-Receipt-DistributionLine/FDR-AddEdit-DistributionLine/button_SaveClose")): Object: 'Object Repository/FDR-Receipt/FDR-Receipt-DistributionLine/FDR-AddEdit-DistributionLine/button_SaveClose' is clicked on

2020-09-08 11:46:32 - [MESSAGE][PASSED] - Object: 'Object Repository/FDR-Receipt/FDR-Receipt-DistributionLine/FDR-AddEdit-DistributionLine/button_SaveClose' is clicked on

2020-09-08 11:46:32 - [TEST_STEP][PASSED] - waitForElementPresent(findTestObject("FDR-Receipt/FDR-Receipt-Checkline/View/deposit_Control_Amount"), 5): Object 'Object Repository/FDR-Receipt/FDR-Receipt-Checkline/View/deposit_Control_Amount' is present

2020-09-08 11:46:33 - [MESSAGE][PASSED] - Object 'Object Repository/FDR-Receipt/FDR-Receipt-Checkline/View/deposit_Control_Amount' is present

2020-09-08 11:46:33 - [TEST_STEP][PASSED] - delay(4): Delayed 4 second(s)

2020-09-08 11:46:37 - [MESSAGE][PASSED] - Delayed 4 second(s)

2020-09-08 11:46:37 - [TEST_STEP][PASSED] - Receipttotalaftaddwith$ = getText(findTestObject("FDR-Receipt/FDR-Receipt-Checkline/View/deposit_Control_Amount")): Text of object 'Object Repository/FDR-Receipt/FDR-Receipt-Checkline/View/deposit_Control_Amount' is: '$2,500.00'

2020-09-08 11:46:37 - [MESSAGE][PASSED] - Text of object 'Object Repository/FDR-Receipt/FDR-Receipt-Checkline/View/deposit_Control_Amount' is: '$2,500.00'

2020-09-08 11:46:37 - [TEST_STEP][PASSED] - Receipttotalaftaddwithout$ = Receipttotalaftaddwith$.substring(1): null

2020-09-08 11:46:37 - [TEST_STEP][PASSED] - ReceipttotalaftaddwithoutComma = Receipttotalaftaddwithout$.replaceAll(",", ""): null

2020-09-08 11:46:37 - [TEST_STEP][PASSED] - Recdeptotalaftreceiptlinseadded = Float.parseFloat(ReceipttotalaftaddwithoutComma): null

2020-09-08 11:46:37 - [TEST_STEP][PASSED] - println(Recdeptotalaftreceiptlinseadded): null

2020-09-08 11:46:37 - [TEST_STEP][PASSED] - waitForElementPresent(findTestObject("FDR-Receipt/FDR-Receipt-Checkline/View/receiptLine_Total"), 5): Object 'Object Repository/FDR-Receipt/FDR-Receipt-Checkline/View/receiptLine_Total' is present

2020-09-08 11:46:38 - [MESSAGE][PASSED] - Object 'Object Repository/FDR-Receipt/FDR-Receipt-Checkline/View/receiptLine_Total' is present

2020-09-08 11:46:38 - [TEST_STEP][PASSED] - delay(4): Delayed 4 second(s)

2020-09-08 11:46:42 - [MESSAGE][PASSED] - Delayed 4 second(s)

2020-09-08 11:46:42 - [TEST_STEP][PASSED] - Receiptlinetotalaftaddwith$ = getText(findTestObject("FDR-Receipt/FDR-Receipt-Checkline/View/receiptLine_Total")): Text of object 'Object Repository/FDR-Receipt/FDR-Receipt-Checkline/View/receiptLine_Total' is: '$2,500.00'

2020-09-08 11:46:42 - [MESSAGE][PASSED] - Text of object 'Object Repository/FDR-Receipt/FDR-Receipt-Checkline/View/receiptLine_Total' is: '$2,500.00'

2020-09-08 11:46:42 - [TEST_STEP][PASSED] - Receiptlinetotalaftaddwithout$ = Receiptlinetotalaftaddwith$.substring(1): null

2020-09-08 11:46:42 - [TEST_STEP][PASSED] - ReceiptlinetotalaftaddwithoutComma = Receiptlinetotalaftaddwithout$.replaceAll(",", ""): null

2020-09-08 11:46:42 - [TEST_STEP][PASSED] - Receiptlinetotal = Float.parseFloat(ReceiptlinetotalaftaddwithoutComma): null

2020-09-08 11:46:42 - [TEST_STEP][PASSED] - if (Receiptlinetotal == Recdeptotalaftreceiptlinseadded): Valid Total Deposit Control Amount

2020-09-08 11:46:42 - [TEST_STEP][PASSED] - markPassed("Valid Total Deposit Control Amount"): Valid Total Deposit Control Amount

2020-09-08 11:46:42 - [MESSAGE][PASSED] - Valid Total Deposit Control Amount

2020-09-08 11:46:42 - [TEST_STEP][PASSED] - Start listener action : sampleAfterTestCase: Browser is closed

2020-09-08 11:46:42 - [TEST_STEP][PASSED] - profileName = getExecutionProfile(): null

2020-09-08 11:46:42 - [TEST_STEP][PASSED] - switch (profileName): null

2020-09-08 11:46:42 - [TEST_STEP][PASSED] - if (!(skipBeforeAndAfterTestCase)): Browser is closed

2020-09-08 11:46:42 - [TEST_STEP][PASSED] - Uifunctions.logoutFDR(): Browser is closed

2020-09-08 11:46:43 - [MESSAGE][PASSED] - Browser is closed

2020-09-08 11:46:43 - [TEST_STEP][PASSED] - Start listener action : afterTestCase: null

2020-09-08 11:46:43 - [TEST_STEP][PASSED] - profileName = getExecutionProfile(): null

2020-09-08 11:46:43 - [TEST_STEP][PASSED] - if (profileName.equalsIgnoreCase("SysAdmin")): null

2020-09-08 11:46:43 - [TEST_STEP][PASSED] - Start listener action : sampleAfterTestCase: null

2020-09-08 11:46:43 - [TEST_STEP][PASSED] - profileName = getExecutionProfile(): null

2020-09-08 11:46:43 - [TEST_STEP][PASSED] - switch (profileName): null

2020-09-08 11:46:43 - [TEST_STEP][PASSED] - Default: null

2020-09-08 11:46:43 - [TEST_STEP][PASSED] - return null: null

2020-09-08 11:46:43 - [TEST_STEP][PASSED] - Start listener action : addFailedTCToList: null]]></system-out>
         <system-err><![CDATA[]]></system-err>
      </testcase>
      <testcase name="Test Cases/WEB-UI-TESTS/Receipt/FDR-Delete-Receipt-Distribution-Line" time="112.745" classname="Test Cases/WEB-UI-TESTS/Receipt/FDR-Delete-Receipt-Distribution-Line" status="PASSED">
         <system-out><![CDATA[2020-09-08 11:46:43 - [TEST_CASE][PASSED] - Test Cases/WEB-UI-TESTS/Receipt/FDR-Delete-Receipt-Distribution-Line: Test Cases/WEB-UI-TESTS/Receipt/FDR-Delete-Receipt-Distribution-Line

2020-09-08 11:46:43 - [TEST_STEP][PASSED] - Start listener action : sampleBeforeTestCase: Navigate to 'https://fdr-katalon.cammis-mod-dev.dhcs.ca.gov' successfully

2020-09-08 11:46:43 - [TEST_STEP][PASSED] - profileName = getExecutionProfile(): null

2020-09-08 11:46:43 - [TEST_STEP][PASSED] - switch (profileName): null

2020-09-08 11:46:43 - [TEST_STEP][PASSED] - testCaseId = testCaseContext.getTestCaseId(): null

2020-09-08 11:46:43 - [TEST_STEP][PASSED] - if (!(skipBeforeAndAfterTestCase)): Navigate to 'https://fdr-katalon.cammis-mod-dev.dhcs.ca.gov' successfully

2020-09-08 11:46:43 - [TEST_STEP][PASSED] - if (account7TestCases.contains(testCaseId)): null

2020-09-08 11:46:43 - [TEST_STEP][PASSED] - else if (account10TestCases.contains(testCaseId)): null

2020-09-08 11:46:43 - [TEST_STEP][PASSED] - else: Object: 'Object Repository/FDR-SignIn/SignInButton' is clicked on

2020-09-08 11:46:43 - [TEST_STEP][PASSED] - Uifunctions.loginFDR(accountsApprover, accountsApproverPwd): Object: 'Object Repository/FDR-SignIn/SignInButton' is clicked on

2020-09-08 11:46:43 - [MESSAGE][INFO] - Starting 'Chrome' driver

2020-09-08 11:46:43 - [MESSAGE][INFO] - Action delay is set to 0 milliseconds

2020-09-08 11:46:46 - [MESSAGE][PASSED] - Browser is opened with url: ''

2020-09-08 11:46:48 - [MESSAGE][PASSED] - Current window maximized

2020-09-08 11:46:50 - [MESSAGE][PASSED] - Navigate to 'https://fdr-katalon.cammis-mod-dev.dhcs.ca.gov' successfully

2020-09-08 11:46:52 - [MESSAGE][PASSED] - Object 'Object Repository/FDR-SignIn/SignInEmail' is present

2020-09-08 11:46:52 - [MESSAGE][PASSED] - Object: 'Object Repository/FDR-SignIn/SignInEmail' is clicked on

2020-09-08 11:46:52 - [MESSAGE][PASSED] - Object 'Object Repository/FDR-SignIn/SignInEmail' is present

2020-09-08 11:46:53 - [MESSAGE][PASSED] - Text 'fdr.test3@dhcs.ca.gov' is set on object 'Object Repository/FDR-SignIn/SignInEmail'

2020-09-08 11:46:53 - [MESSAGE][PASSED] - Object 'Object Repository/FDR-SignIn/SignInEmailNext' is visible

2020-09-08 11:46:53 - [MESSAGE][PASSED] - Object: 'Object Repository/FDR-SignIn/SignInEmailNext' is clicked on

2020-09-08 11:47:00 - [MESSAGE][PASSED] - Object 'Object Repository/FDR-SignIn/SignInEmailPassword' is visible

2020-09-08 11:47:00 - [MESSAGE][PASSED] - Object: 'Object Repository/FDR-SignIn/SignInEmailPassword' is clicked on

2020-09-08 11:47:00 - [MESSAGE][PASSED] - Text ****** has been set on object 'Object Repository/FDR-SignIn/SignInEmailPassword'

2020-09-08 11:47:02 - [MESSAGE][PASSED] - Object: 'Object Repository/FDR-SignIn/SignInButton' is clicked on

2020-09-08 11:47:02 - [TEST_STEP][PASSED] - navigateToUrl(URL): Navigate to 'https://fdr-katalon.cammis-mod-dev.dhcs.ca.gov' successfully

2020-09-08 11:47:03 - [MESSAGE][PASSED] - Navigate to 'https://fdr-katalon.cammis-mod-dev.dhcs.ca.gov' successfully

2020-09-08 11:47:03 - [TEST_STEP][PASSED] - Start listener action : beforeTestCase: null

2020-09-08 11:47:03 - [TEST_STEP][PASSED] - profileName = getExecutionProfile(): null

2020-09-08 11:47:03 - [TEST_STEP][PASSED] - if (profileName.equalsIgnoreCase("SysAdmin")): null

2020-09-08 11:47:03 - [TEST_STEP][PASSED] - Start listener action : sampleBeforeTestCase: null

2020-09-08 11:47:03 - [TEST_STEP][PASSED] - profileName = getExecutionProfile(): null

2020-09-08 11:47:03 - [TEST_STEP][PASSED] - testCaseId = testCaseContext.getTestCaseId(): null

2020-09-08 11:47:03 - [TEST_STEP][PASSED] - switch (profileName): null

2020-09-08 11:47:03 - [TEST_STEP][PASSED] - Default: null

2020-09-08 11:47:03 - [TEST_STEP][PASSED] - return null: null

2020-09-08 11:47:03 - [TEST_STEP][PASSED] - Start listener action : executeRows: null

2020-09-08 11:47:03 - [TEST_STEP][PASSED] - d = Date().plus(1): null

2020-09-08 11:47:03 - [TEST_STEP][PASSED] - dd = Date().plus(2): null

2020-09-08 11:47:03 - [TEST_STEP][PASSED] - servicedatefrom = d.format("MM/dd/yyyy"): null

2020-09-08 11:47:03 - [TEST_STEP][PASSED] - servicedateto = dd.format("MM/dd/yyyy"): null

2020-09-08 11:47:03 - [TEST_STEP][PASSED] - originalwarrantdate = dd.format("MM/dd/yyyy"): null

2020-09-08 11:47:03 - [TEST_STEP][PASSED] - newDepositId = RandomStringUtils.randomNumeric(7): null

2020-09-08 11:47:03 - [TEST_STEP][PASSED] - editors.createReceipt(Drawdate, Paydate, newDepositId, Receiptnotes): Object: 'Object Repository/FDR-Receipt/FDR-Receipt-Header/View/buttonNext' is clicked on

2020-09-08 11:47:09 - [MESSAGE][INFO] - Unable to find the element located by 'By.xpath: //*[@data-id='button-link']//*[contains(text(),'Create New Voucher')]'. Please recheck the objects properties to make sure the desired element is located. 

2020-09-08 11:47:09 - [MESSAGE][WARNING] - Object 'Object Repository/FDR-Dashboard/createNewVoucherButton' is not present after 4 second(s)

2020-09-08 11:47:09 - [MESSAGE][PASSED] - Object 'Object Repository/FDR-Receipt/FDR-Receipt-Dashboard/createNew_ReceiptBatch_Button' is present

2020-09-08 11:47:10 - [MESSAGE][PASSED] - Object: 'Object Repository/FDR-Receipt/FDR-Receipt-Dashboard/createNew_ReceiptBatch_Button' is clicked on

2020-09-08 11:47:10 - [MESSAGE][PASSED] - Object 'Object Repository/FDR-Receipt/FDR-Receipt-Header/View/inputDrawDate' is present

2020-09-08 11:47:11 - [MESSAGE][PASSED] - Text '09/28/2020' is set on object 'Object Repository/FDR-Receipt/FDR-Receipt-Header/View/inputDrawDate'

2020-09-08 11:47:12 - [MESSAGE][PASSED] - Keys 'TAB + ENTER + ENTER + ' sent to object: 'Object Repository/FDR-Receipt/FDR-Receipt-Header/View/inputDrawDate'

2020-09-08 11:47:13 - [MESSAGE][PASSED] - Object 'Object Repository/FDR-Receipt/FDR-Receipt-Header/Edit/payDate' is present

2020-09-08 11:47:13 - [MESSAGE][PASSED] - Text '09/30/2020' is set on object 'Object Repository/FDR-Receipt/FDR-Receipt-Header/Edit/payDate'

2020-09-08 11:47:13 - [MESSAGE][PASSED] - Object 'Object Repository/FDR-Receipt/FDR-Receipt-Header/View/deposit ID' is present

2020-09-08 11:47:14 - [MESSAGE][PASSED] - Text '2364775' is set on object 'Object Repository/FDR-Receipt/FDR-Receipt-Header/View/deposit ID'

2020-09-08 11:47:15 - [MESSAGE][PASSED] - Object 'Object Repository/FDR-Receipt/FDR-ReceiptBatch/receiptNotes' is present

2020-09-08 11:47:16 - [MESSAGE][PASSED] - Text 'rqewrq' is set on object 'Object Repository/FDR-Receipt/FDR-ReceiptBatch/receiptNotes'

2020-09-08 11:47:16 - [MESSAGE][PASSED] - Object 'Object Repository/FDR-Receipt/FDR-Receipt-Header/Edit/remmitanceAdviceInput' is present

2020-09-08 11:47:16 - [MESSAGE][PASSED] - Keys '' sent to object: 'Object Repository/FDR-Receipt/FDR-Receipt-Header/Edit/remmitanceAdviceInput'

2020-09-08 11:47:17 - [MESSAGE][PASSED] - Object 'Object Repository/FDR-Receipt/FDR-Receipt-Header/Edit/controllerReceiptInput' is present

2020-09-08 11:47:17 - [MESSAGE][PASSED] - Keys '' sent to object: 'Object Repository/FDR-Receipt/FDR-Receipt-Header/Edit/controllerReceiptInput'

2020-09-08 11:47:18 - [MESSAGE][PASSED] - Object 'Object Repository/FDR-Receipt/FDR-Receipt-Header/View/buttonNext' is present

2020-09-08 11:47:18 - [MESSAGE][PASSED] - Object: 'Object Repository/FDR-Receipt/FDR-Receipt-Header/View/buttonNext' is clicked on

2020-09-08 11:47:18 - [TEST_STEP][PASSED] - editors.createReceiptline(ReceiptID, SupplierID, DepositDate): Object: 'Object Repository/FDR-Receipt/FDR-Receipt-Checkline/View/addReceipt_Button2' is clicked on

2020-09-08 11:47:19 - [MESSAGE][PASSED] - Object 'Object Repository/FDR-Receipt/FDR-Receipt-Checkline/View/receipt_ID' is present

2020-09-08 11:47:19 - [MESSAGE][PASSED] - Keys 'CHK10322' sent to object: 'Object Repository/FDR-Receipt/FDR-Receipt-Checkline/View/receipt_ID'

2020-09-08 11:47:20 - [MESSAGE][PASSED] - Object 'Object Repository/FDR-Receipt/FDR-Receipt-Checkline/View/supplier_Id' is present

2020-09-08 11:47:20 - [MESSAGE][PASSED] - Object: 'Object Repository/FDR-Receipt/FDR-Receipt-Checkline/View/supplier_Id' is clicked on

2020-09-08 11:47:20 - [MESSAGE][PASSED] - Keys '0000007954' sent to object: 'Object Repository/FDR-Receipt/FDR-Receipt-Checkline/View/supplier_Id'

2020-09-08 11:47:21 - [MESSAGE][PASSED] - Keys 'DOWN + ENTER + ' sent to object: 'Object Repository/FDR-Receipt/FDR-Receipt-Checkline/View/supplier_Id'

2020-09-08 11:47:21 - [MESSAGE][PASSED] - Object 'Object Repository/FDR-Receipt/FDR-Receipt-Checkline/View/deposit_Date' is present

2020-09-08 11:47:22 - [MESSAGE][PASSED] - Keys '02/24/2020' sent to object: 'Object Repository/FDR-Receipt/FDR-Receipt-Checkline/View/deposit_Date'

2020-09-08 11:47:27 - [MESSAGE][INFO] - Unable to find the element located by 'By.xpath: //*[@data-id='button-link']//*[contains(text(),'Create New Voucher')]'. Please recheck the objects properties to make sure the desired element is located. 

2020-09-08 11:47:27 - [MESSAGE][WARNING] - Object 'Object Repository/FDR-Dashboard/createNewVoucherButton' is not present after 4 second(s)

2020-09-08 11:47:27 - [MESSAGE][PASSED] - Object 'Object Repository/FDR-Receipt/FDR-Receipt-Checkline/View/addReceipt_Button2' is present

2020-09-08 11:47:28 - [MESSAGE][PASSED] - Object: 'Object Repository/FDR-Receipt/FDR-Receipt-Checkline/View/addReceipt_Button2' is clicked on

2020-09-08 11:47:28 - [TEST_STEP][PASSED] - verifyElementClickable(findTestObject("FDR-Receipt/FDR-Receipt-DistributionLine/FDR-AddEdit-DistributionLine/arrow_Down"), STOP_ON_FAILURE): Object 'Object Repository/FDR-Receipt/FDR-Receipt-DistributionLine/FDR-AddEdit-DistributionLine/arrow_Down' is clickable

2020-09-08 11:47:28 - [MESSAGE][PASSED] - Object 'Object Repository/FDR-Receipt/FDR-Receipt-DistributionLine/FDR-AddEdit-DistributionLine/arrow_Down' is clickable

2020-09-08 11:47:28 - [TEST_STEP][PASSED] - click(findTestObject("FDR-Receipt/FDR-Receipt-DistributionLine/FDR-AddEdit-DistributionLine/arrow_Down"), STOP_ON_FAILURE): Object: 'Object Repository/FDR-Receipt/FDR-Receipt-DistributionLine/FDR-AddEdit-DistributionLine/arrow_Down' is clicked on

2020-09-08 11:47:29 - [MESSAGE][PASSED] - Object: 'Object Repository/FDR-Receipt/FDR-Receipt-DistributionLine/FDR-AddEdit-DistributionLine/arrow_Down' is clicked on

2020-09-08 11:47:29 - [TEST_STEP][PASSED] - waitForElementPresent(findTestObject("FDR-Receipt/FDR-Receipt-Checkline/View/deposit_Control_Amount"), 10): Object 'Object Repository/FDR-Receipt/FDR-Receipt-Checkline/View/deposit_Control_Amount' is present

2020-09-08 11:47:29 - [MESSAGE][PASSED] - Object 'Object Repository/FDR-Receipt/FDR-Receipt-Checkline/View/deposit_Control_Amount' is present

2020-09-08 11:47:29 - [TEST_STEP][PASSED] - Receipttotalbefaddwith$ = getText(findTestObject("FDR-Receipt/FDR-Receipt-Checkline/View/deposit_Control_Amount")): Text of object 'Object Repository/FDR-Receipt/FDR-Receipt-Checkline/View/deposit_Control_Amount' is: '$0.00'

2020-09-08 11:47:29 - [MESSAGE][PASSED] - Text of object 'Object Repository/FDR-Receipt/FDR-Receipt-Checkline/View/deposit_Control_Amount' is: '$0.00'

2020-09-08 11:47:29 - [TEST_STEP][PASSED] - Receipttotalbefaddwithout$ = Receipttotalbefaddwith$.substring(1): null

2020-09-08 11:47:29 - [TEST_STEP][PASSED] - ReceipttotalbefaddwithoutComma = Receipttotalbefaddwithout$.replaceAll(",", ""): null

2020-09-08 11:47:29 - [TEST_STEP][PASSED] - Receipttotalbefreceiptlineadd = Float.parseFloat(ReceipttotalbefaddwithoutComma): null

2020-09-08 11:47:29 - [TEST_STEP][PASSED] - waitForElementPresent(findTestObject("FDR-Receipt/FDR-Receipt-DistributionLine/FDR-AddEdit-DistributionLine/button_Add-Invoiceline"), 10): Object 'Object Repository/FDR-Receipt/FDR-Receipt-DistributionLine/FDR-AddEdit-DistributionLine/button_Add-Invoiceline' is present

2020-09-08 11:47:30 - [MESSAGE][PASSED] - Object 'Object Repository/FDR-Receipt/FDR-Receipt-DistributionLine/FDR-AddEdit-DistributionLine/button_Add-Invoiceline' is present

2020-09-08 11:47:30 - [TEST_STEP][PASSED] - scrollToElement(findTestObject("FDR-Receipt/FDR-Receipt-DistributionLine/FDR-AddEdit-DistributionLine/button_Add-Invoiceline"), 3): Scroll to object 'Object Repository/FDR-Receipt/FDR-Receipt-DistributionLine/FDR-AddEdit-DistributionLine/button_Add-Invoiceline' successfully

2020-09-08 11:47:30 - [MESSAGE][PASSED] - Scroll to object 'Object Repository/FDR-Receipt/FDR-Receipt-DistributionLine/FDR-AddEdit-DistributionLine/button_Add-Invoiceline' successfully

2020-09-08 11:47:30 - [TEST_STEP][PASSED] - verifyElementClickable(findTestObject("FDR-Receipt/FDR-Receipt-DistributionLine/FDR-AddEdit-DistributionLine/button_Add-Invoiceline"), STOP_ON_FAILURE): Object 'Object Repository/FDR-Receipt/FDR-Receipt-DistributionLine/FDR-AddEdit-DistributionLine/button_Add-Invoiceline' is clickable

2020-09-08 11:47:30 - [MESSAGE][PASSED] - Object 'Object Repository/FDR-Receipt/FDR-Receipt-DistributionLine/FDR-AddEdit-DistributionLine/button_Add-Invoiceline' is clickable

2020-09-08 11:47:30 - [TEST_STEP][PASSED] - click(findTestObject("FDR-Receipt/FDR-Receipt-DistributionLine/FDR-AddEdit-DistributionLine/button_Add-Invoiceline"), STOP_ON_FAILURE): Object: 'Object Repository/FDR-Receipt/FDR-Receipt-DistributionLine/FDR-AddEdit-DistributionLine/button_Add-Invoiceline' is clicked on

2020-09-08 11:47:31 - [MESSAGE][PASSED] - Object: 'Object Repository/FDR-Receipt/FDR-Receipt-DistributionLine/FDR-AddEdit-DistributionLine/button_Add-Invoiceline' is clicked on

2020-09-08 11:47:31 - [TEST_STEP][PASSED] - waitForElementPresent(findTestObject("FDR-Receipt/FDR-Receipt-DistributionLine/FDR-AddEdit-DistributionLine/invoice_Searchfield"), 10): Object 'Object Repository/FDR-Receipt/FDR-Receipt-DistributionLine/FDR-AddEdit-DistributionLine/invoice_Searchfield' is present

2020-09-08 11:47:31 - [MESSAGE][PASSED] - Object 'Object Repository/FDR-Receipt/FDR-Receipt-DistributionLine/FDR-AddEdit-DistributionLine/invoice_Searchfield' is present

2020-09-08 11:47:31 - [TEST_STEP][PASSED] - sendKeys(findTestObject("FDR-Receipt/FDR-Receipt-DistributionLine/FDR-AddEdit-DistributionLine/invoice_Searchfield"), searchfield): Keys '524342' sent to object: 'Object Repository/FDR-Receipt/FDR-Receipt-DistributionLine/FDR-AddEdit-DistributionLine/invoice_Searchfield'

2020-09-08 11:47:32 - [MESSAGE][PASSED] - Keys '524342' sent to object: 'Object Repository/FDR-Receipt/FDR-Receipt-DistributionLine/FDR-AddEdit-DistributionLine/invoice_Searchfield'

2020-09-08 11:47:32 - [TEST_STEP][PASSED] - click(findTestObject("FDR-Receipt/FDR-Receipt-DistributionLine/FDR-AddEdit-DistributionLine/button_Add_invoicemanually")): Object: 'Object Repository/FDR-Receipt/FDR-Receipt-DistributionLine/FDR-AddEdit-DistributionLine/button_Add_invoicemanually' is clicked on

2020-09-08 11:47:33 - [MESSAGE][PASSED] - Object: 'Object Repository/FDR-Receipt/FDR-Receipt-DistributionLine/FDR-AddEdit-DistributionLine/button_Add_invoicemanually' is clicked on

2020-09-08 11:47:33 - [TEST_STEP][PASSED] - waitForElementPresent(findTestObject("FDR-Receipt/FDR-Receipt-DistributionLine/FDR-AddEdit-DistributionLine/input_Service date (from)"), 10): Object 'Object Repository/FDR-Receipt/FDR-Receipt-DistributionLine/FDR-AddEdit-DistributionLine/input_Service date (from)' is present

2020-09-08 11:47:33 - [MESSAGE][PASSED] - Object 'Object Repository/FDR-Receipt/FDR-Receipt-DistributionLine/FDR-AddEdit-DistributionLine/input_Service date (from)' is present

2020-09-08 11:47:33 - [TEST_STEP][PASSED] - sendKeys(findTestObject("FDR-Receipt/FDR-Receipt-DistributionLine/FDR-AddEdit-DistributionLine/input_Service date (from)"), servicedatefrom): Keys '09/09/2020' sent to object: 'Object Repository/FDR-Receipt/FDR-Receipt-DistributionLine/FDR-AddEdit-DistributionLine/input_Service date (from)'

2020-09-08 11:47:34 - [MESSAGE][PASSED] - Keys '09/09/2020' sent to object: 'Object Repository/FDR-Receipt/FDR-Receipt-DistributionLine/FDR-AddEdit-DistributionLine/input_Service date (from)'

2020-09-08 11:47:34 - [TEST_STEP][PASSED] - waitForElementPresent(findTestObject("FDR-Receipt/FDR-Receipt-DistributionLine/FDR-AddEdit-DistributionLine/input_Service date (to)"), 10): Object 'Object Repository/FDR-Receipt/FDR-Receipt-DistributionLine/FDR-AddEdit-DistributionLine/input_Service date (to)' is present

2020-09-08 11:47:34 - [MESSAGE][PASSED] - Object 'Object Repository/FDR-Receipt/FDR-Receipt-DistributionLine/FDR-AddEdit-DistributionLine/input_Service date (to)' is present

2020-09-08 11:47:34 - [TEST_STEP][PASSED] - sendKeys(findTestObject("FDR-Receipt/FDR-Receipt-DistributionLine/FDR-AddEdit-DistributionLine/input_Service date (to)"), servicedateto): Keys '09/10/2020' sent to object: 'Object Repository/FDR-Receipt/FDR-Receipt-DistributionLine/FDR-AddEdit-DistributionLine/input_Service date (to)'

2020-09-08 11:47:35 - [MESSAGE][PASSED] - Keys '09/10/2020' sent to object: 'Object Repository/FDR-Receipt/FDR-Receipt-DistributionLine/FDR-AddEdit-DistributionLine/input_Service date (to)'

2020-09-08 11:47:35 - [TEST_STEP][PASSED] - waitForElementPresent(findTestObject("FDR-Receipt/FDR-Receipt-DistributionLine/FDR-AddEdit-DistributionLine/input_OrginalWarrantDate"), 10): Object 'Object Repository/FDR-Receipt/FDR-Receipt-DistributionLine/FDR-AddEdit-DistributionLine/input_OrginalWarrantDate' is present

2020-09-08 11:47:35 - [MESSAGE][PASSED] - Object 'Object Repository/FDR-Receipt/FDR-Receipt-DistributionLine/FDR-AddEdit-DistributionLine/input_OrginalWarrantDate' is present

2020-09-08 11:47:35 - [TEST_STEP][PASSED] - sendKeys(findTestObject("FDR-Receipt/FDR-Receipt-DistributionLine/FDR-AddEdit-DistributionLine/input_OrginalWarrantDate"), originalwarrantdate): Keys '09/10/2020' sent to object: 'Object Repository/FDR-Receipt/FDR-Receipt-DistributionLine/FDR-AddEdit-DistributionLine/input_OrginalWarrantDate'

2020-09-08 11:47:36 - [MESSAGE][PASSED] - Keys '09/10/2020' sent to object: 'Object Repository/FDR-Receipt/FDR-Receipt-DistributionLine/FDR-AddEdit-DistributionLine/input_OrginalWarrantDate'

2020-09-08 11:47:36 - [TEST_STEP][PASSED] - waitForElementPresent(findTestObject("FDR-Receipt/FDR-Receipt-DistributionLine/FDR-AddEdit-DistributionLine/input_Amount"), 10): Object 'Object Repository/FDR-Receipt/FDR-Receipt-DistributionLine/FDR-AddEdit-DistributionLine/input_Amount' is present

2020-09-08 11:47:36 - [MESSAGE][PASSED] - Object 'Object Repository/FDR-Receipt/FDR-Receipt-DistributionLine/FDR-AddEdit-DistributionLine/input_Amount' is present

2020-09-08 11:47:36 - [TEST_STEP][PASSED] - sendKeys(findTestObject("FDR-Receipt/FDR-Receipt-DistributionLine/FDR-AddEdit-DistributionLine/input_Amount"), Amount): Keys '3000' sent to object: 'Object Repository/FDR-Receipt/FDR-Receipt-DistributionLine/FDR-AddEdit-DistributionLine/input_Amount'

2020-09-08 11:47:36 - [MESSAGE][PASSED] - Keys '3000' sent to object: 'Object Repository/FDR-Receipt/FDR-Receipt-DistributionLine/FDR-AddEdit-DistributionLine/input_Amount'

2020-09-08 11:47:36 - [TEST_STEP][PASSED] - waitForElementPresent(findTestObject("FDR-Receipt/FDR-Receipt-DistributionLine/FDR-AddEdit-DistributionLine/waiver_Type"), 10): Object 'Object Repository/FDR-Receipt/FDR-Receipt-DistributionLine/FDR-AddEdit-DistributionLine/waiver_Type' is present

2020-09-08 11:47:37 - [MESSAGE][PASSED] - Object 'Object Repository/FDR-Receipt/FDR-Receipt-DistributionLine/FDR-AddEdit-DistributionLine/waiver_Type' is present

2020-09-08 11:47:37 - [TEST_STEP][PASSED] - waitForElementPresent(findTestObject("FDR-Receipt/FDR-Receipt-DistributionLine/FDR-AddEdit-DistributionLine/waiver_Type"), 8): Object 'Object Repository/FDR-Receipt/FDR-Receipt-DistributionLine/FDR-AddEdit-DistributionLine/waiver_Type' is present

2020-09-08 11:47:37 - [MESSAGE][PASSED] - Object 'Object Repository/FDR-Receipt/FDR-Receipt-DistributionLine/FDR-AddEdit-DistributionLine/waiver_Type' is present

2020-09-08 11:47:37 - [TEST_STEP][PASSED] - sendKeys(findTestObject("FDR-Receipt/FDR-Receipt-DistributionLine/FDR-AddEdit-DistributionLine/waiver_Type"), Waivertype): Keys '2020' sent to object: 'Object Repository/FDR-Receipt/FDR-Receipt-DistributionLine/FDR-AddEdit-DistributionLine/waiver_Type'

2020-09-08 11:47:37 - [MESSAGE][PASSED] - Keys '2020' sent to object: 'Object Repository/FDR-Receipt/FDR-Receipt-DistributionLine/FDR-AddEdit-DistributionLine/waiver_Type'

2020-09-08 11:47:37 - [TEST_STEP][PASSED] - sendKeys(findTestObject("FDR-Receipt/FDR-Receipt-DistributionLine/FDR-AddEdit-DistributionLine/waiver_Type"), Keys.chord(DOWN, ENTER)): Keys 'DOWN + ENTER + ' sent to object: 'Object Repository/FDR-Receipt/FDR-Receipt-DistributionLine/FDR-AddEdit-DistributionLine/waiver_Type'

2020-09-08 11:47:38 - [MESSAGE][PASSED] - Keys 'DOWN + ENTER + ' sent to object: 'Object Repository/FDR-Receipt/FDR-Receipt-DistributionLine/FDR-AddEdit-DistributionLine/waiver_Type'

2020-09-08 11:47:38 - [TEST_STEP][PASSED] - waitForElementPresent(findTestObject("FDR-Receipt/FDR-Receipt-DistributionLine/FDR-AddEdit-DistributionLine/waiver_Name"), 6): Object 'Object Repository/FDR-Receipt/FDR-Receipt-DistributionLine/FDR-AddEdit-DistributionLine/waiver_Name' is present

2020-09-08 11:47:38 - [MESSAGE][PASSED] - Object 'Object Repository/FDR-Receipt/FDR-Receipt-DistributionLine/FDR-AddEdit-DistributionLine/waiver_Name' is present

2020-09-08 11:47:38 - [TEST_STEP][PASSED] - sendKeys(findTestObject("FDR-Receipt/FDR-Receipt-DistributionLine/FDR-AddEdit-DistributionLine/waiver_Name"), Waivername): Keys 'A-FamilyU TPM/GMC' sent to object: 'Object Repository/FDR-Receipt/FDR-Receipt-DistributionLine/FDR-AddEdit-DistributionLine/waiver_Name'

2020-09-08 11:47:39 - [MESSAGE][PASSED] - Keys 'A-FamilyU TPM/GMC' sent to object: 'Object Repository/FDR-Receipt/FDR-Receipt-DistributionLine/FDR-AddEdit-DistributionLine/waiver_Name'

2020-09-08 11:47:39 - [TEST_STEP][PASSED] - sendKeys(findTestObject("FDR-Receipt/FDR-Receipt-DistributionLine/FDR-AddEdit-DistributionLine/waiver_Name"), Keys.chord(DOWN, ENTER)): Keys 'DOWN + ENTER + ' sent to object: 'Object Repository/FDR-Receipt/FDR-Receipt-DistributionLine/FDR-AddEdit-DistributionLine/waiver_Name'

2020-09-08 11:47:39 - [MESSAGE][PASSED] - Keys 'DOWN + ENTER + ' sent to object: 'Object Repository/FDR-Receipt/FDR-Receipt-DistributionLine/FDR-AddEdit-DistributionLine/waiver_Name'

2020-09-08 11:47:39 - [TEST_STEP][PASSED] - waitForElementPresent(findTestObject("FDR-Receipt/FDR-Receipt-DistributionLine/FDR-AddEdit-DistributionLine/funding_Source"), 6): Object 'Object Repository/FDR-Receipt/FDR-Receipt-DistributionLine/FDR-AddEdit-DistributionLine/funding_Source' is present

2020-09-08 11:47:40 - [MESSAGE][PASSED] - Object 'Object Repository/FDR-Receipt/FDR-Receipt-DistributionLine/FDR-AddEdit-DistributionLine/funding_Source' is present

2020-09-08 11:47:40 - [TEST_STEP][PASSED] - sendKeys(findTestObject("FDR-Receipt/FDR-Receipt-DistributionLine/FDR-AddEdit-DistributionLine/funding_Source"), Fundingsource): Keys 'Dental' sent to object: 'Object Repository/FDR-Receipt/FDR-Receipt-DistributionLine/FDR-AddEdit-DistributionLine/funding_Source'

2020-09-08 11:47:40 - [MESSAGE][PASSED] - Keys 'Dental' sent to object: 'Object Repository/FDR-Receipt/FDR-Receipt-DistributionLine/FDR-AddEdit-DistributionLine/funding_Source'

2020-09-08 11:47:40 - [TEST_STEP][PASSED] - sendKeys(findTestObject("FDR-Receipt/FDR-Receipt-DistributionLine/FDR-AddEdit-DistributionLine/funding_Source"), Keys.chord(DOWN, ENTER)): Keys 'DOWN + ENTER + ' sent to object: 'Object Repository/FDR-Receipt/FDR-Receipt-DistributionLine/FDR-AddEdit-DistributionLine/funding_Source'

2020-09-08 11:47:41 - [MESSAGE][PASSED] - Keys 'DOWN + ENTER + ' sent to object: 'Object Repository/FDR-Receipt/FDR-Receipt-DistributionLine/FDR-AddEdit-DistributionLine/funding_Source'

2020-09-08 11:47:41 - [TEST_STEP][PASSED] - waitForElementPresent(findTestObject("FDR-Receipt/FDR-Receipt-DistributionLine/FDR-AddEdit-DistributionLine/fund_Code"), 30): Object 'Object Repository/FDR-Receipt/FDR-Receipt-DistributionLine/FDR-AddEdit-DistributionLine/fund_Code' is present

2020-09-08 11:47:41 - [MESSAGE][PASSED] - Object 'Object Repository/FDR-Receipt/FDR-Receipt-DistributionLine/FDR-AddEdit-DistributionLine/fund_Code' is present

2020-09-08 11:47:41 - [TEST_STEP][PASSED] - sendKeys(findTestObject("FDR-Receipt/FDR-Receipt-DistributionLine/FDR-AddEdit-DistributionLine/fund_Code"), Fundcode): Keys 'Health Care Deposit Fund (0912)' sent to object: 'Object Repository/FDR-Receipt/FDR-Receipt-DistributionLine/FDR-AddEdit-DistributionLine/fund_Code'

2020-09-08 11:47:42 - [MESSAGE][PASSED] - Keys 'Health Care Deposit Fund (0912)' sent to object: 'Object Repository/FDR-Receipt/FDR-Receipt-DistributionLine/FDR-AddEdit-DistributionLine/fund_Code'

2020-09-08 11:47:42 - [TEST_STEP][PASSED] - sendKeys(findTestObject("FDR-Receipt/FDR-Receipt-DistributionLine/FDR-AddEdit-DistributionLine/fund_Code"), Keys.chord(DOWN, ENTER)): Keys 'DOWN + ENTER + ' sent to object: 'Object Repository/FDR-Receipt/FDR-Receipt-DistributionLine/FDR-AddEdit-DistributionLine/fund_Code'

2020-09-08 11:47:42 - [MESSAGE][PASSED] - Keys 'DOWN + ENTER + ' sent to object: 'Object Repository/FDR-Receipt/FDR-Receipt-DistributionLine/FDR-AddEdit-DistributionLine/fund_Code'

2020-09-08 11:47:42 - [TEST_STEP][PASSED] - waitForElementPresent(findTestObject("FDR-Receipt/FDR-Receipt-DistributionLine/FDR-AddEdit-DistributionLine/fund_Ratio"), 10): Object 'Object Repository/FDR-Receipt/FDR-Receipt-DistributionLine/FDR-AddEdit-DistributionLine/fund_Ratio' is present

2020-09-08 11:47:42 - [MESSAGE][PASSED] - Object 'Object Repository/FDR-Receipt/FDR-Receipt-DistributionLine/FDR-AddEdit-DistributionLine/fund_Ratio' is present

2020-09-08 11:47:42 - [TEST_STEP][PASSED] - sendKeys(findTestObject("FDR-Receipt/FDR-Receipt-DistributionLine/FDR-AddEdit-DistributionLine/fund_Ratio"), Fundratio): Keys '5' sent to object: 'Object Repository/FDR-Receipt/FDR-Receipt-DistributionLine/FDR-AddEdit-DistributionLine/fund_Ratio'

2020-09-08 11:47:43 - [MESSAGE][PASSED] - Keys '5' sent to object: 'Object Repository/FDR-Receipt/FDR-Receipt-DistributionLine/FDR-AddEdit-DistributionLine/fund_Ratio'

2020-09-08 11:47:43 - [TEST_STEP][PASSED] - sendKeys(findTestObject("FDR-Receipt/FDR-Receipt-DistributionLine/FDR-AddEdit-DistributionLine/fund_Ratio"), Keys.chord(DOWN, ENTER)): Keys 'DOWN + ENTER + ' sent to object: 'Object Repository/FDR-Receipt/FDR-Receipt-DistributionLine/FDR-AddEdit-DistributionLine/fund_Ratio'

2020-09-08 11:47:43 - [MESSAGE][PASSED] - Keys 'DOWN + ENTER + ' sent to object: 'Object Repository/FDR-Receipt/FDR-Receipt-DistributionLine/FDR-AddEdit-DistributionLine/fund_Ratio'

2020-09-08 11:47:43 - [TEST_STEP][PASSED] - waitForElementPresent(findTestObject("FDR-Receipt/FDR-Receipt-DistributionLine/FDR-AddEdit-DistributionLine/non_Federalfund"), 10): Object 'Object Repository/FDR-Receipt/FDR-Receipt-DistributionLine/FDR-AddEdit-DistributionLine/non_Federalfund' is present

2020-09-08 11:47:44 - [MESSAGE][PASSED] - Object 'Object Repository/FDR-Receipt/FDR-Receipt-DistributionLine/FDR-AddEdit-DistributionLine/non_Federalfund' is present

2020-09-08 11:47:44 - [TEST_STEP][PASSED] - sendKeys(findTestObject("FDR-Receipt/FDR-Receipt-DistributionLine/FDR-AddEdit-DistributionLine/non_Federalfund"), Nonfederalfund): Keys '0001' sent to object: 'Object Repository/FDR-Receipt/FDR-Receipt-DistributionLine/FDR-AddEdit-DistributionLine/non_Federalfund'

2020-09-08 11:47:44 - [MESSAGE][PASSED] - Keys '0001' sent to object: 'Object Repository/FDR-Receipt/FDR-Receipt-DistributionLine/FDR-AddEdit-DistributionLine/non_Federalfund'

2020-09-08 11:47:44 - [TEST_STEP][PASSED] - sendKeys(findTestObject("FDR-Receipt/FDR-Receipt-DistributionLine/FDR-AddEdit-DistributionLine/non_Federalfund"), Keys.chord(DOWN, ENTER)): Keys 'DOWN + ENTER + ' sent to object: 'Object Repository/FDR-Receipt/FDR-Receipt-DistributionLine/FDR-AddEdit-DistributionLine/non_Federalfund'

2020-09-08 11:47:45 - [MESSAGE][PASSED] - Keys 'DOWN + ENTER + ' sent to object: 'Object Repository/FDR-Receipt/FDR-Receipt-DistributionLine/FDR-AddEdit-DistributionLine/non_Federalfund'

2020-09-08 11:47:45 - [TEST_STEP][PASSED] - waitForElementPresent(findTestObject("FDR-Receipt/FDR-Receipt-DistributionLine/FDR-AddEdit-DistributionLine/input_Service location_serviceLocation"), 10): Object 'Object Repository/FDR-Receipt/FDR-Receipt-DistributionLine/FDR-AddEdit-DistributionLine/input_Service location_serviceLocation' is present

2020-09-08 11:47:45 - [MESSAGE][PASSED] - Object 'Object Repository/FDR-Receipt/FDR-Receipt-DistributionLine/FDR-AddEdit-DistributionLine/input_Service location_serviceLocation' is present

2020-09-08 11:47:45 - [TEST_STEP][PASSED] - sendKeys(findTestObject("FDR-Receipt/FDR-Receipt-DistributionLine/FDR-AddEdit-DistributionLine/input_Service location_serviceLocation"), Servicelocation): Keys '3445' sent to object: 'Object Repository/FDR-Receipt/FDR-Receipt-DistributionLine/FDR-AddEdit-DistributionLine/input_Service location_serviceLocation'

2020-09-08 11:47:46 - [MESSAGE][PASSED] - Keys '3445' sent to object: 'Object Repository/FDR-Receipt/FDR-Receipt-DistributionLine/FDR-AddEdit-DistributionLine/input_Service location_serviceLocation'

2020-09-08 11:47:46 - [TEST_STEP][PASSED] - sendKeys(findTestObject("FDR-Receipt/FDR-Receipt-DistributionLine/FDR-AddEdit-DistributionLine/input_Service location_serviceLocation"), Keys.chord(DOWN, ENTER)): Keys 'DOWN + ENTER + ' sent to object: 'Object Repository/FDR-Receipt/FDR-Receipt-DistributionLine/FDR-AddEdit-DistributionLine/input_Service location_serviceLocation'

2020-09-08 11:47:46 - [MESSAGE][PASSED] - Keys 'DOWN + ENTER + ' sent to object: 'Object Repository/FDR-Receipt/FDR-Receipt-DistributionLine/FDR-AddEdit-DistributionLine/input_Service location_serviceLocation'

2020-09-08 11:47:46 - [TEST_STEP][PASSED] - waitForElementPresent(findTestObject("FDR-Receipt/FDR-Receipt-DistributionLine/FDR-AddEdit-DistributionLine/Index"), 10): Object 'Object Repository/FDR-Receipt/FDR-Receipt-DistributionLine/FDR-AddEdit-DistributionLine/Index' is present

2020-09-08 11:47:46 - [MESSAGE][PASSED] - Object 'Object Repository/FDR-Receipt/FDR-Receipt-DistributionLine/FDR-AddEdit-DistributionLine/Index' is present

2020-09-08 11:47:46 - [TEST_STEP][PASSED] - sendKeys(findTestObject("FDR-Receipt/FDR-Receipt-DistributionLine/FDR-AddEdit-DistributionLine/Index"), Index): Keys '1155' sent to object: 'Object Repository/FDR-Receipt/FDR-Receipt-DistributionLine/FDR-AddEdit-DistributionLine/Index'

2020-09-08 11:47:46 - [MESSAGE][PASSED] - Keys '1155' sent to object: 'Object Repository/FDR-Receipt/FDR-Receipt-DistributionLine/FDR-AddEdit-DistributionLine/Index'

2020-09-08 11:47:46 - [TEST_STEP][PASSED] - sendKeys(findTestObject("FDR-Receipt/FDR-Receipt-DistributionLine/FDR-AddEdit-DistributionLine/Index"), Keys.chord(DOWN, ENTER)): Keys 'DOWN + ENTER + ' sent to object: 'Object Repository/FDR-Receipt/FDR-Receipt-DistributionLine/FDR-AddEdit-DistributionLine/Index'

2020-09-08 11:47:47 - [MESSAGE][PASSED] - Keys 'DOWN + ENTER + ' sent to object: 'Object Repository/FDR-Receipt/FDR-Receipt-DistributionLine/FDR-AddEdit-DistributionLine/Index'

2020-09-08 11:47:47 - [TEST_STEP][PASSED] - waitForElementPresent(findTestObject("FDR-Receipt/FDR-Receipt-DistributionLine/FDR-AddEdit-DistributionLine/program_Type"), 10): Object 'Object Repository/FDR-Receipt/FDR-Receipt-DistributionLine/FDR-AddEdit-DistributionLine/program_Type' is present

2020-09-08 11:47:47 - [MESSAGE][PASSED] - Object 'Object Repository/FDR-Receipt/FDR-Receipt-DistributionLine/FDR-AddEdit-DistributionLine/program_Type' is present

2020-09-08 11:47:47 - [TEST_STEP][PASSED] - sendKeys(findTestObject("FDR-Receipt/FDR-Receipt-DistributionLine/FDR-AddEdit-DistributionLine/program_Type"), Programtype): Keys 'Medical Assistance (MA)' sent to object: 'Object Repository/FDR-Receipt/FDR-Receipt-DistributionLine/FDR-AddEdit-DistributionLine/program_Type'

2020-09-08 11:47:48 - [MESSAGE][PASSED] - Keys 'Medical Assistance (MA)' sent to object: 'Object Repository/FDR-Receipt/FDR-Receipt-DistributionLine/FDR-AddEdit-DistributionLine/program_Type'

2020-09-08 11:47:48 - [TEST_STEP][PASSED] - sendKeys(findTestObject("FDR-Receipt/FDR-Receipt-DistributionLine/FDR-AddEdit-DistributionLine/program_Type"), Keys.chord(DOWN, ENTER)): Keys 'DOWN + ENTER + ' sent to object: 'Object Repository/FDR-Receipt/FDR-Receipt-DistributionLine/FDR-AddEdit-DistributionLine/program_Type'

2020-09-08 11:47:48 - [MESSAGE][PASSED] - Keys 'DOWN + ENTER + ' sent to object: 'Object Repository/FDR-Receipt/FDR-Receipt-DistributionLine/FDR-AddEdit-DistributionLine/program_Type'

2020-09-08 11:47:48 - [TEST_STEP][PASSED] - waitForElementPresent(findTestObject("FDR-Receipt/FDR-Receipt-DistributionLine/FDR-AddEdit-DistributionLine/service_Category"), 10): Object 'Object Repository/FDR-Receipt/FDR-Receipt-DistributionLine/FDR-AddEdit-DistributionLine/service_Category' is present

2020-09-08 11:47:49 - [MESSAGE][PASSED] - Object 'Object Repository/FDR-Receipt/FDR-Receipt-DistributionLine/FDR-AddEdit-DistributionLine/service_Category' is present

2020-09-08 11:47:49 - [TEST_STEP][PASSED] - sendKeys(findTestObject("FDR-Receipt/FDR-Receipt-DistributionLine/FDR-AddEdit-DistributionLine/service_Category"), Servicecategory): Keys '18B1' sent to object: 'Object Repository/FDR-Receipt/FDR-Receipt-DistributionLine/FDR-AddEdit-DistributionLine/service_Category'

2020-09-08 11:47:49 - [MESSAGE][PASSED] - Keys '18B1' sent to object: 'Object Repository/FDR-Receipt/FDR-Receipt-DistributionLine/FDR-AddEdit-DistributionLine/service_Category'

2020-09-08 11:47:49 - [TEST_STEP][PASSED] - sendKeys(findTestObject("FDR-Receipt/FDR-Receipt-DistributionLine/FDR-AddEdit-DistributionLine/service_Category"), Keys.chord(DOWN, ENTER)): Keys 'DOWN + ENTER + ' sent to object: 'Object Repository/FDR-Receipt/FDR-Receipt-DistributionLine/FDR-AddEdit-DistributionLine/service_Category'

2020-09-08 11:47:50 - [MESSAGE][PASSED] - Keys 'DOWN + ENTER + ' sent to object: 'Object Repository/FDR-Receipt/FDR-Receipt-DistributionLine/FDR-AddEdit-DistributionLine/service_Category'

2020-09-08 11:47:50 - [TEST_STEP][PASSED] - waitForElementPresent(findTestObject("FDR-Receipt/FDR-Receipt-DistributionLine/FDR-AddEdit-DistributionLine/increaseDecreaseLine"), 10): Object 'Object Repository/FDR-Receipt/FDR-Receipt-DistributionLine/FDR-AddEdit-DistributionLine/increaseDecreaseLine' is present

2020-09-08 11:47:50 - [MESSAGE][PASSED] - Object 'Object Repository/FDR-Receipt/FDR-Receipt-DistributionLine/FDR-AddEdit-DistributionLine/increaseDecreaseLine' is present

2020-09-08 11:47:50 - [TEST_STEP][PASSED] - sendKeys(findTestObject("FDR-Receipt/FDR-Receipt-DistributionLine/FDR-AddEdit-DistributionLine/increaseDecreaseLine"), IncreaseDecreaseLine): Keys '10b: Receipts or any decrease' sent to object: 'Object Repository/FDR-Receipt/FDR-Receipt-DistributionLine/FDR-AddEdit-DistributionLine/increaseDecreaseLine'

2020-09-08 11:47:50 - [MESSAGE][PASSED] - Keys '10b: Receipts or any decrease' sent to object: 'Object Repository/FDR-Receipt/FDR-Receipt-DistributionLine/FDR-AddEdit-DistributionLine/increaseDecreaseLine'

2020-09-08 11:47:50 - [TEST_STEP][PASSED] - sendKeys(findTestObject("FDR-Receipt/FDR-Receipt-DistributionLine/FDR-AddEdit-DistributionLine/increaseDecreaseLine"), Keys.chord(ARROW_DOWN, ENTER)): Keys 'DOWN + ENTER + ' sent to object: 'Object Repository/FDR-Receipt/FDR-Receipt-DistributionLine/FDR-AddEdit-DistributionLine/increaseDecreaseLine'

2020-09-08 11:47:51 - [MESSAGE][PASSED] - Keys 'DOWN + ENTER + ' sent to object: 'Object Repository/FDR-Receipt/FDR-Receipt-DistributionLine/FDR-AddEdit-DistributionLine/increaseDecreaseLine'

2020-09-08 11:47:51 - [TEST_STEP][PASSED] - waitForElementPresent(findTestObject("FDR-Receipt/FDR-Receipt-DistributionLine/FDR-AddEdit-DistributionLine/input_accountId"), 2, STOP_ON_FAILURE): Object 'Object Repository/FDR-Receipt/FDR-Receipt-DistributionLine/FDR-AddEdit-DistributionLine/input_accountId' is present

2020-09-08 11:47:51 - [MESSAGE][PASSED] - Object 'Object Repository/FDR-Receipt/FDR-Receipt-DistributionLine/FDR-AddEdit-DistributionLine/input_accountId' is present

2020-09-08 11:47:51 - [TEST_STEP][PASSED] - sendKeys(findTestObject("FDR-Receipt/FDR-Receipt-DistributionLine/FDR-AddEdit-DistributionLine/input_accountId"), accountId + Keys.chord(ARROW_DOWN, ENTER)): Keys 'DOWN + ENTER + 5432000' sent to object: 'Object Repository/FDR-Receipt/FDR-Receipt-DistributionLine/FDR-AddEdit-DistributionLine/input_accountId'

2020-09-08 11:47:52 - [MESSAGE][PASSED] - Keys 'DOWN + ENTER + 5432000' sent to object: 'Object Repository/FDR-Receipt/FDR-Receipt-DistributionLine/FDR-AddEdit-DistributionLine/input_accountId'

2020-09-08 11:47:52 - [TEST_STEP][PASSED] - waitForElementPresent(findTestObject("FDR-Receipt/FDR-Receipt-DistributionLine/FDR-AddEdit-DistributionLine/input_altAccountId"), 2, STOP_ON_FAILURE): Object 'Object Repository/FDR-Receipt/FDR-Receipt-DistributionLine/FDR-AddEdit-DistributionLine/input_altAccountId' is present

2020-09-08 11:47:52 - [MESSAGE][PASSED] - Object 'Object Repository/FDR-Receipt/FDR-Receipt-DistributionLine/FDR-AddEdit-DistributionLine/input_altAccountId' is present

2020-09-08 11:47:52 - [TEST_STEP][PASSED] - sendKeys(findTestObject("FDR-Receipt/FDR-Receipt-DistributionLine/FDR-AddEdit-DistributionLine/input_altAccountId"), altAccountId): Keys '5432000019' sent to object: 'Object Repository/FDR-Receipt/FDR-Receipt-DistributionLine/FDR-AddEdit-DistributionLine/input_altAccountId'

2020-09-08 11:47:53 - [MESSAGE][PASSED] - Keys '5432000019' sent to object: 'Object Repository/FDR-Receipt/FDR-Receipt-DistributionLine/FDR-AddEdit-DistributionLine/input_altAccountId'

2020-09-08 11:47:53 - [TEST_STEP][PASSED] - sendKeys(findTestObject("FDR-Receipt/FDR-Receipt-DistributionLine/FDR-AddEdit-DistributionLine/input_altAccountId"), Keys.chord(ARROW_DOWN, ENTER)): Keys 'DOWN + ENTER + ' sent to object: 'Object Repository/FDR-Receipt/FDR-Receipt-DistributionLine/FDR-AddEdit-DistributionLine/input_altAccountId'

2020-09-08 11:47:53 - [MESSAGE][PASSED] - Keys 'DOWN + ENTER + ' sent to object: 'Object Repository/FDR-Receipt/FDR-Receipt-DistributionLine/FDR-AddEdit-DistributionLine/input_altAccountId'

2020-09-08 11:47:53 - [TEST_STEP][PASSED] - waitForElementPresent(findTestObject("FDR-Receipt/FDR-Receipt-DistributionLine/FDR-AddEdit-DistributionLine/button_SaveClose"), 10): Object 'Object Repository/FDR-Receipt/FDR-Receipt-DistributionLine/FDR-AddEdit-DistributionLine/button_SaveClose' is present

2020-09-08 11:47:54 - [MESSAGE][PASSED] - Object 'Object Repository/FDR-Receipt/FDR-Receipt-DistributionLine/FDR-AddEdit-DistributionLine/button_SaveClose' is present

2020-09-08 11:47:54 - [TEST_STEP][PASSED] - waitForElementClickable(findTestObject("FDR-Receipt/FDR-Receipt-DistributionLine/FDR-AddEdit-DistributionLine/button_SaveClose"), 10): Object 'Object Repository/FDR-Receipt/FDR-Receipt-DistributionLine/FDR-AddEdit-DistributionLine/button_SaveClose' is clickable

2020-09-08 11:47:54 - [MESSAGE][PASSED] - Object 'Object Repository/FDR-Receipt/FDR-Receipt-DistributionLine/FDR-AddEdit-DistributionLine/button_SaveClose' is clickable

2020-09-08 11:47:54 - [TEST_STEP][PASSED] - click(findTestObject("FDR-Receipt/FDR-Receipt-DistributionLine/FDR-AddEdit-DistributionLine/button_SaveClose")): Object: 'Object Repository/FDR-Receipt/FDR-Receipt-DistributionLine/FDR-AddEdit-DistributionLine/button_SaveClose' is clicked on

2020-09-08 11:47:54 - [MESSAGE][PASSED] - Object: 'Object Repository/FDR-Receipt/FDR-Receipt-DistributionLine/FDR-AddEdit-DistributionLine/button_SaveClose' is clicked on

2020-09-08 11:47:54 - [TEST_STEP][PASSED] - scrollToElement(findTestObject("FDR-Receipt/FDR-Receipt-DistributionLine/FDR-AddEdit-DistributionLine/button_Add-Invoiceline"), 3): Scroll to object 'Object Repository/FDR-Receipt/FDR-Receipt-DistributionLine/FDR-AddEdit-DistributionLine/button_Add-Invoiceline' successfully

2020-09-08 11:47:55 - [MESSAGE][PASSED] - Scroll to object 'Object Repository/FDR-Receipt/FDR-Receipt-DistributionLine/FDR-AddEdit-DistributionLine/button_Add-Invoiceline' successfully

2020-09-08 11:47:55 - [TEST_STEP][PASSED] - verifyElementClickable(findTestObject("FDR-Receipt/FDR-Receipt-DistributionLine/FDR-AddEdit-DistributionLine/button_Add-Invoiceline"), STOP_ON_FAILURE): Object 'Object Repository/FDR-Receipt/FDR-Receipt-DistributionLine/FDR-AddEdit-DistributionLine/button_Add-Invoiceline' is clickable

2020-09-08 11:47:56 - [MESSAGE][PASSED] - Object 'Object Repository/FDR-Receipt/FDR-Receipt-DistributionLine/FDR-AddEdit-DistributionLine/button_Add-Invoiceline' is clickable

2020-09-08 11:47:56 - [TEST_STEP][PASSED] - click(findTestObject("FDR-Receipt/FDR-Receipt-DistributionLine/FDR-AddEdit-DistributionLine/button_Add-Invoiceline"), STOP_ON_FAILURE): Object: 'Object Repository/FDR-Receipt/FDR-Receipt-DistributionLine/FDR-AddEdit-DistributionLine/button_Add-Invoiceline' is clicked on

2020-09-08 11:47:56 - [MESSAGE][PASSED] - Object: 'Object Repository/FDR-Receipt/FDR-Receipt-DistributionLine/FDR-AddEdit-DistributionLine/button_Add-Invoiceline' is clicked on

2020-09-08 11:47:56 - [TEST_STEP][PASSED] - waitForElementPresent(findTestObject("FDR-Receipt/FDR-Receipt-DistributionLine/FDR-AddEdit-DistributionLine/invoice_Searchfield"), 10): Object 'Object Repository/FDR-Receipt/FDR-Receipt-DistributionLine/FDR-AddEdit-DistributionLine/invoice_Searchfield' is present

2020-09-08 11:47:57 - [MESSAGE][PASSED] - Object 'Object Repository/FDR-Receipt/FDR-Receipt-DistributionLine/FDR-AddEdit-DistributionLine/invoice_Searchfield' is present

2020-09-08 11:47:57 - [TEST_STEP][PASSED] - sendKeys(findTestObject("FDR-Receipt/FDR-Receipt-DistributionLine/FDR-AddEdit-DistributionLine/invoice_Searchfield"), searchfield): Keys '524342' sent to object: 'Object Repository/FDR-Receipt/FDR-Receipt-DistributionLine/FDR-AddEdit-DistributionLine/invoice_Searchfield'

2020-09-08 11:47:57 - [MESSAGE][PASSED] - Keys '524342' sent to object: 'Object Repository/FDR-Receipt/FDR-Receipt-DistributionLine/FDR-AddEdit-DistributionLine/invoice_Searchfield'

2020-09-08 11:47:57 - [TEST_STEP][PASSED] - click(findTestObject("FDR-Receipt/FDR-Receipt-DistributionLine/FDR-AddEdit-DistributionLine/button_Add_invoicemanually")): Object: 'Object Repository/FDR-Receipt/FDR-Receipt-DistributionLine/FDR-AddEdit-DistributionLine/button_Add_invoicemanually' is clicked on

2020-09-08 11:47:58 - [MESSAGE][PASSED] - Object: 'Object Repository/FDR-Receipt/FDR-Receipt-DistributionLine/FDR-AddEdit-DistributionLine/button_Add_invoicemanually' is clicked on

2020-09-08 11:47:58 - [TEST_STEP][PASSED] - waitForElementPresent(findTestObject("FDR-Receipt/FDR-Receipt-DistributionLine/FDR-AddEdit-DistributionLine/input_Service date (from)"), 10): Object 'Object Repository/FDR-Receipt/FDR-Receipt-DistributionLine/FDR-AddEdit-DistributionLine/input_Service date (from)' is present

2020-09-08 11:47:59 - [MESSAGE][PASSED] - Object 'Object Repository/FDR-Receipt/FDR-Receipt-DistributionLine/FDR-AddEdit-DistributionLine/input_Service date (from)' is present

2020-09-08 11:47:59 - [TEST_STEP][PASSED] - sendKeys(findTestObject("FDR-Receipt/FDR-Receipt-DistributionLine/FDR-AddEdit-DistributionLine/input_Service date (from)"), servicedatefrom): Keys '09/09/2020' sent to object: 'Object Repository/FDR-Receipt/FDR-Receipt-DistributionLine/FDR-AddEdit-DistributionLine/input_Service date (from)'

2020-09-08 11:47:59 - [MESSAGE][PASSED] - Keys '09/09/2020' sent to object: 'Object Repository/FDR-Receipt/FDR-Receipt-DistributionLine/FDR-AddEdit-DistributionLine/input_Service date (from)'

2020-09-08 11:47:59 - [TEST_STEP][PASSED] - waitForElementPresent(findTestObject("FDR-Receipt/FDR-Receipt-DistributionLine/FDR-AddEdit-DistributionLine/input_Service date (to)"), 10): Object 'Object Repository/FDR-Receipt/FDR-Receipt-DistributionLine/FDR-AddEdit-DistributionLine/input_Service date (to)' is present

2020-09-08 11:47:59 - [MESSAGE][PASSED] - Object 'Object Repository/FDR-Receipt/FDR-Receipt-DistributionLine/FDR-AddEdit-DistributionLine/input_Service date (to)' is present

2020-09-08 11:47:59 - [TEST_STEP][PASSED] - sendKeys(findTestObject("FDR-Receipt/FDR-Receipt-DistributionLine/FDR-AddEdit-DistributionLine/input_Service date (to)"), servicedateto): Keys '09/10/2020' sent to object: 'Object Repository/FDR-Receipt/FDR-Receipt-DistributionLine/FDR-AddEdit-DistributionLine/input_Service date (to)'

2020-09-08 11:48:00 - [MESSAGE][PASSED] - Keys '09/10/2020' sent to object: 'Object Repository/FDR-Receipt/FDR-Receipt-DistributionLine/FDR-AddEdit-DistributionLine/input_Service date (to)'

2020-09-08 11:48:00 - [TEST_STEP][PASSED] - delay(4): Delayed 4 second(s)

2020-09-08 11:48:04 - [MESSAGE][PASSED] - Delayed 4 second(s)

2020-09-08 11:48:04 - [TEST_STEP][PASSED] - waitForElementPresent(findTestObject("FDR-Receipt/FDR-Receipt-DistributionLine/FDR-AddEdit-DistributionLine/input_Amount"), 10): Object 'Object Repository/FDR-Receipt/FDR-Receipt-DistributionLine/FDR-AddEdit-DistributionLine/input_Amount' is present

2020-09-08 11:48:04 - [MESSAGE][PASSED] - Object 'Object Repository/FDR-Receipt/FDR-Receipt-DistributionLine/FDR-AddEdit-DistributionLine/input_Amount' is present

2020-09-08 11:48:04 - [TEST_STEP][PASSED] - sendKeys(findTestObject("FDR-Receipt/FDR-Receipt-DistributionLine/FDR-AddEdit-DistributionLine/input_Amount"), NegativeAmount): Keys '500-' sent to object: 'Object Repository/FDR-Receipt/FDR-Receipt-DistributionLine/FDR-AddEdit-DistributionLine/input_Amount'

2020-09-08 11:48:05 - [MESSAGE][PASSED] - Keys '500-' sent to object: 'Object Repository/FDR-Receipt/FDR-Receipt-DistributionLine/FDR-AddEdit-DistributionLine/input_Amount'

2020-09-08 11:48:05 - [TEST_STEP][PASSED] - delay(2): Delayed 2 second(s)

2020-09-08 11:48:07 - [MESSAGE][PASSED] - Delayed 2 second(s)

2020-09-08 11:48:07 - [TEST_STEP][PASSED] - waitForElementPresent(findTestObject("FDR-Receipt/FDR-Receipt-DistributionLine/FDR-AddEdit-DistributionLine/waiver_Type"), 10): Object 'Object Repository/FDR-Receipt/FDR-Receipt-DistributionLine/FDR-AddEdit-DistributionLine/waiver_Type' is present

2020-09-08 11:48:07 - [MESSAGE][PASSED] - Object 'Object Repository/FDR-Receipt/FDR-Receipt-DistributionLine/FDR-AddEdit-DistributionLine/waiver_Type' is present

2020-09-08 11:48:07 - [TEST_STEP][PASSED] - waitForElementPresent(findTestObject("FDR-Receipt/FDR-Receipt-DistributionLine/FDR-AddEdit-DistributionLine/waiver_Type"), 8): Object 'Object Repository/FDR-Receipt/FDR-Receipt-DistributionLine/FDR-AddEdit-DistributionLine/waiver_Type' is present

2020-09-08 11:48:07 - [MESSAGE][PASSED] - Object 'Object Repository/FDR-Receipt/FDR-Receipt-DistributionLine/FDR-AddEdit-DistributionLine/waiver_Type' is present

2020-09-08 11:48:07 - [TEST_STEP][PASSED] - sendKeys(findTestObject("FDR-Receipt/FDR-Receipt-DistributionLine/FDR-AddEdit-DistributionLine/waiver_Type"), Waivertype): Keys '2020' sent to object: 'Object Repository/FDR-Receipt/FDR-Receipt-DistributionLine/FDR-AddEdit-DistributionLine/waiver_Type'

2020-09-08 11:48:08 - [MESSAGE][PASSED] - Keys '2020' sent to object: 'Object Repository/FDR-Receipt/FDR-Receipt-DistributionLine/FDR-AddEdit-DistributionLine/waiver_Type'

2020-09-08 11:48:08 - [TEST_STEP][PASSED] - sendKeys(findTestObject("FDR-Receipt/FDR-Receipt-DistributionLine/FDR-AddEdit-DistributionLine/waiver_Type"), Keys.chord(DOWN, ENTER)): Keys 'DOWN + ENTER + ' sent to object: 'Object Repository/FDR-Receipt/FDR-Receipt-DistributionLine/FDR-AddEdit-DistributionLine/waiver_Type'

2020-09-08 11:48:08 - [MESSAGE][PASSED] - Keys 'DOWN + ENTER + ' sent to object: 'Object Repository/FDR-Receipt/FDR-Receipt-DistributionLine/FDR-AddEdit-DistributionLine/waiver_Type'

2020-09-08 11:48:08 - [TEST_STEP][PASSED] - waitForElementPresent(findTestObject("FDR-Receipt/FDR-Receipt-DistributionLine/FDR-AddEdit-DistributionLine/waiver_Name"), 6): Object 'Object Repository/FDR-Receipt/FDR-Receipt-DistributionLine/FDR-AddEdit-DistributionLine/waiver_Name' is present

2020-09-08 11:48:09 - [MESSAGE][PASSED] - Object 'Object Repository/FDR-Receipt/FDR-Receipt-DistributionLine/FDR-AddEdit-DistributionLine/waiver_Name' is present

2020-09-08 11:48:09 - [TEST_STEP][PASSED] - sendKeys(findTestObject("FDR-Receipt/FDR-Receipt-DistributionLine/FDR-AddEdit-DistributionLine/waiver_Name"), Waivername): Keys 'A-FamilyU TPM/GMC' sent to object: 'Object Repository/FDR-Receipt/FDR-Receipt-DistributionLine/FDR-AddEdit-DistributionLine/waiver_Name'

2020-09-08 11:48:09 - [MESSAGE][PASSED] - Keys 'A-FamilyU TPM/GMC' sent to object: 'Object Repository/FDR-Receipt/FDR-Receipt-DistributionLine/FDR-AddEdit-DistributionLine/waiver_Name'

2020-09-08 11:48:09 - [TEST_STEP][PASSED] - sendKeys(findTestObject("FDR-Receipt/FDR-Receipt-DistributionLine/FDR-AddEdit-DistributionLine/waiver_Name"), Keys.chord(DOWN, ENTER)): Keys 'DOWN + ENTER + ' sent to object: 'Object Repository/FDR-Receipt/FDR-Receipt-DistributionLine/FDR-AddEdit-DistributionLine/waiver_Name'

2020-09-08 11:48:10 - [MESSAGE][PASSED] - Keys 'DOWN + ENTER + ' sent to object: 'Object Repository/FDR-Receipt/FDR-Receipt-DistributionLine/FDR-AddEdit-DistributionLine/waiver_Name'

2020-09-08 11:48:10 - [TEST_STEP][PASSED] - waitForElementPresent(findTestObject("FDR-Receipt/FDR-Receipt-DistributionLine/FDR-AddEdit-DistributionLine/funding_Source"), 6): Object 'Object Repository/FDR-Receipt/FDR-Receipt-DistributionLine/FDR-AddEdit-DistributionLine/funding_Source' is present

2020-09-08 11:48:10 - [MESSAGE][PASSED] - Object 'Object Repository/FDR-Receipt/FDR-Receipt-DistributionLine/FDR-AddEdit-DistributionLine/funding_Source' is present

2020-09-08 11:48:10 - [TEST_STEP][PASSED] - sendKeys(findTestObject("FDR-Receipt/FDR-Receipt-DistributionLine/FDR-AddEdit-DistributionLine/funding_Source"), Fundingsource): Keys 'Dental' sent to object: 'Object Repository/FDR-Receipt/FDR-Receipt-DistributionLine/FDR-AddEdit-DistributionLine/funding_Source'

2020-09-08 11:48:11 - [MESSAGE][PASSED] - Keys 'Dental' sent to object: 'Object Repository/FDR-Receipt/FDR-Receipt-DistributionLine/FDR-AddEdit-DistributionLine/funding_Source'

2020-09-08 11:48:11 - [TEST_STEP][PASSED] - sendKeys(findTestObject("FDR-Receipt/FDR-Receipt-DistributionLine/FDR-AddEdit-DistributionLine/funding_Source"), Keys.chord(DOWN, ENTER)): Keys 'DOWN + ENTER + ' sent to object: 'Object Repository/FDR-Receipt/FDR-Receipt-DistributionLine/FDR-AddEdit-DistributionLine/funding_Source'

2020-09-08 11:48:11 - [MESSAGE][PASSED] - Keys 'DOWN + ENTER + ' sent to object: 'Object Repository/FDR-Receipt/FDR-Receipt-DistributionLine/FDR-AddEdit-DistributionLine/funding_Source'

2020-09-08 11:48:11 - [TEST_STEP][PASSED] - waitForElementPresent(findTestObject("FDR-Receipt/FDR-Receipt-DistributionLine/FDR-AddEdit-DistributionLine/fund_Code"), 30): Object 'Object Repository/FDR-Receipt/FDR-Receipt-DistributionLine/FDR-AddEdit-DistributionLine/fund_Code' is present

2020-09-08 11:48:12 - [MESSAGE][PASSED] - Object 'Object Repository/FDR-Receipt/FDR-Receipt-DistributionLine/FDR-AddEdit-DistributionLine/fund_Code' is present

2020-09-08 11:48:12 - [TEST_STEP][PASSED] - sendKeys(findTestObject("FDR-Receipt/FDR-Receipt-DistributionLine/FDR-AddEdit-DistributionLine/fund_Code"), Fundcode): Keys 'Health Care Deposit Fund (0912)' sent to object: 'Object Repository/FDR-Receipt/FDR-Receipt-DistributionLine/FDR-AddEdit-DistributionLine/fund_Code'

2020-09-08 11:48:12 - [MESSAGE][PASSED] - Keys 'Health Care Deposit Fund (0912)' sent to object: 'Object Repository/FDR-Receipt/FDR-Receipt-DistributionLine/FDR-AddEdit-DistributionLine/fund_Code'

2020-09-08 11:48:12 - [TEST_STEP][PASSED] - sendKeys(findTestObject("FDR-Receipt/FDR-Receipt-DistributionLine/FDR-AddEdit-DistributionLine/fund_Code"), Keys.chord(DOWN, ENTER)): Keys 'DOWN + ENTER + ' sent to object: 'Object Repository/FDR-Receipt/FDR-Receipt-DistributionLine/FDR-AddEdit-DistributionLine/fund_Code'

2020-09-08 11:48:12 - [MESSAGE][PASSED] - Keys 'DOWN + ENTER + ' sent to object: 'Object Repository/FDR-Receipt/FDR-Receipt-DistributionLine/FDR-AddEdit-DistributionLine/fund_Code'

2020-09-08 11:48:12 - [TEST_STEP][PASSED] - waitForElementPresent(findTestObject("FDR-Receipt/FDR-Receipt-DistributionLine/FDR-AddEdit-DistributionLine/fund_Ratio"), 10): Object 'Object Repository/FDR-Receipt/FDR-Receipt-DistributionLine/FDR-AddEdit-DistributionLine/fund_Ratio' is present

2020-09-08 11:48:13 - [MESSAGE][PASSED] - Object 'Object Repository/FDR-Receipt/FDR-Receipt-DistributionLine/FDR-AddEdit-DistributionLine/fund_Ratio' is present

2020-09-08 11:48:13 - [TEST_STEP][PASSED] - sendKeys(findTestObject("FDR-Receipt/FDR-Receipt-DistributionLine/FDR-AddEdit-DistributionLine/fund_Ratio"), Fundratio): Keys '5' sent to object: 'Object Repository/FDR-Receipt/FDR-Receipt-DistributionLine/FDR-AddEdit-DistributionLine/fund_Ratio'

2020-09-08 11:48:13 - [MESSAGE][PASSED] - Keys '5' sent to object: 'Object Repository/FDR-Receipt/FDR-Receipt-DistributionLine/FDR-AddEdit-DistributionLine/fund_Ratio'

2020-09-08 11:48:13 - [TEST_STEP][PASSED] - sendKeys(findTestObject("FDR-Receipt/FDR-Receipt-DistributionLine/FDR-AddEdit-DistributionLine/fund_Ratio"), Keys.chord(DOWN, ENTER)): Keys 'DOWN + ENTER + ' sent to object: 'Object Repository/FDR-Receipt/FDR-Receipt-DistributionLine/FDR-AddEdit-DistributionLine/fund_Ratio'

2020-09-08 11:48:14 - [MESSAGE][PASSED] - Keys 'DOWN + ENTER + ' sent to object: 'Object Repository/FDR-Receipt/FDR-Receipt-DistributionLine/FDR-AddEdit-DistributionLine/fund_Ratio'

2020-09-08 11:48:14 - [TEST_STEP][PASSED] - waitForElementPresent(findTestObject("FDR-Receipt/FDR-Receipt-DistributionLine/FDR-AddEdit-DistributionLine/non_Federalfund"), 10): Object 'Object Repository/FDR-Receipt/FDR-Receipt-DistributionLine/FDR-AddEdit-DistributionLine/non_Federalfund' is present

2020-09-08 11:48:14 - [MESSAGE][PASSED] - Object 'Object Repository/FDR-Receipt/FDR-Receipt-DistributionLine/FDR-AddEdit-DistributionLine/non_Federalfund' is present

2020-09-08 11:48:14 - [TEST_STEP][PASSED] - sendKeys(findTestObject("FDR-Receipt/FDR-Receipt-DistributionLine/FDR-AddEdit-DistributionLine/non_Federalfund"), Nonfederalfund): Keys '0001' sent to object: 'Object Repository/FDR-Receipt/FDR-Receipt-DistributionLine/FDR-AddEdit-DistributionLine/non_Federalfund'

2020-09-08 11:48:15 - [MESSAGE][PASSED] - Keys '0001' sent to object: 'Object Repository/FDR-Receipt/FDR-Receipt-DistributionLine/FDR-AddEdit-DistributionLine/non_Federalfund'

2020-09-08 11:48:15 - [TEST_STEP][PASSED] - sendKeys(findTestObject("FDR-Receipt/FDR-Receipt-DistributionLine/FDR-AddEdit-DistributionLine/non_Federalfund"), Keys.chord(DOWN, ENTER)): Keys 'DOWN + ENTER + ' sent to object: 'Object Repository/FDR-Receipt/FDR-Receipt-DistributionLine/FDR-AddEdit-DistributionLine/non_Federalfund'

2020-09-08 11:48:15 - [MESSAGE][PASSED] - Keys 'DOWN + ENTER + ' sent to object: 'Object Repository/FDR-Receipt/FDR-Receipt-DistributionLine/FDR-AddEdit-DistributionLine/non_Federalfund'

2020-09-08 11:48:15 - [TEST_STEP][PASSED] - waitForElementPresent(findTestObject("FDR-Receipt/FDR-Receipt-DistributionLine/FDR-AddEdit-DistributionLine/input_Service location_serviceLocation"), 10): Object 'Object Repository/FDR-Receipt/FDR-Receipt-DistributionLine/FDR-AddEdit-DistributionLine/input_Service location_serviceLocation' is present

2020-09-08 11:48:16 - [MESSAGE][PASSED] - Object 'Object Repository/FDR-Receipt/FDR-Receipt-DistributionLine/FDR-AddEdit-DistributionLine/input_Service location_serviceLocation' is present

2020-09-08 11:48:16 - [TEST_STEP][PASSED] - sendKeys(findTestObject("FDR-Receipt/FDR-Receipt-DistributionLine/FDR-AddEdit-DistributionLine/input_Service location_serviceLocation"), Servicelocation): Keys '3445' sent to object: 'Object Repository/FDR-Receipt/FDR-Receipt-DistributionLine/FDR-AddEdit-DistributionLine/input_Service location_serviceLocation'

2020-09-08 11:48:16 - [MESSAGE][PASSED] - Keys '3445' sent to object: 'Object Repository/FDR-Receipt/FDR-Receipt-DistributionLine/FDR-AddEdit-DistributionLine/input_Service location_serviceLocation'

2020-09-08 11:48:16 - [TEST_STEP][PASSED] - sendKeys(findTestObject("FDR-Receipt/FDR-Receipt-DistributionLine/FDR-AddEdit-DistributionLine/input_Service location_serviceLocation"), Keys.chord(DOWN, ENTER)): Keys 'DOWN + ENTER + ' sent to object: 'Object Repository/FDR-Receipt/FDR-Receipt-DistributionLine/FDR-AddEdit-DistributionLine/input_Service location_serviceLocation'

2020-09-08 11:48:16 - [MESSAGE][PASSED] - Keys 'DOWN + ENTER + ' sent to object: 'Object Repository/FDR-Receipt/FDR-Receipt-DistributionLine/FDR-AddEdit-DistributionLine/input_Service location_serviceLocation'

2020-09-08 11:48:16 - [TEST_STEP][PASSED] - waitForElementPresent(findTestObject("FDR-Receipt/FDR-Receipt-DistributionLine/FDR-AddEdit-DistributionLine/Index"), 10): Object 'Object Repository/FDR-Receipt/FDR-Receipt-DistributionLine/FDR-AddEdit-DistributionLine/Index' is present

2020-09-08 11:48:17 - [MESSAGE][PASSED] - Object 'Object Repository/FDR-Receipt/FDR-Receipt-DistributionLine/FDR-AddEdit-DistributionLine/Index' is present

2020-09-08 11:48:17 - [TEST_STEP][PASSED] - sendKeys(findTestObject("FDR-Receipt/FDR-Receipt-DistributionLine/FDR-AddEdit-DistributionLine/Index"), Index): Keys '1155' sent to object: 'Object Repository/FDR-Receipt/FDR-Receipt-DistributionLine/FDR-AddEdit-DistributionLine/Index'

2020-09-08 11:48:17 - [MESSAGE][PASSED] - Keys '1155' sent to object: 'Object Repository/FDR-Receipt/FDR-Receipt-DistributionLine/FDR-AddEdit-DistributionLine/Index'

2020-09-08 11:48:17 - [TEST_STEP][PASSED] - sendKeys(findTestObject("FDR-Receipt/FDR-Receipt-DistributionLine/FDR-AddEdit-DistributionLine/Index"), Keys.chord(DOWN, ENTER)): Keys 'DOWN + ENTER + ' sent to object: 'Object Repository/FDR-Receipt/FDR-Receipt-DistributionLine/FDR-AddEdit-DistributionLine/Index'

2020-09-08 11:48:17 - [MESSAGE][PASSED] - Keys 'DOWN + ENTER + ' sent to object: 'Object Repository/FDR-Receipt/FDR-Receipt-DistributionLine/FDR-AddEdit-DistributionLine/Index'

2020-09-08 11:48:17 - [TEST_STEP][PASSED] - waitForElementPresent(findTestObject("FDR-Receipt/FDR-Receipt-DistributionLine/FDR-AddEdit-DistributionLine/program_Type"), 10): Object 'Object Repository/FDR-Receipt/FDR-Receipt-DistributionLine/FDR-AddEdit-DistributionLine/program_Type' is present

2020-09-08 11:48:18 - [MESSAGE][PASSED] - Object 'Object Repository/FDR-Receipt/FDR-Receipt-DistributionLine/FDR-AddEdit-DistributionLine/program_Type' is present

2020-09-08 11:48:18 - [TEST_STEP][PASSED] - sendKeys(findTestObject("FDR-Receipt/FDR-Receipt-DistributionLine/FDR-AddEdit-DistributionLine/program_Type"), Programtype): Keys 'Medical Assistance (MA)' sent to object: 'Object Repository/FDR-Receipt/FDR-Receipt-DistributionLine/FDR-AddEdit-DistributionLine/program_Type'

2020-09-08 11:48:18 - [MESSAGE][PASSED] - Keys 'Medical Assistance (MA)' sent to object: 'Object Repository/FDR-Receipt/FDR-Receipt-DistributionLine/FDR-AddEdit-DistributionLine/program_Type'

2020-09-08 11:48:18 - [TEST_STEP][PASSED] - sendKeys(findTestObject("FDR-Receipt/FDR-Receipt-DistributionLine/FDR-AddEdit-DistributionLine/program_Type"), Keys.chord(DOWN, ENTER)): Keys 'DOWN + ENTER + ' sent to object: 'Object Repository/FDR-Receipt/FDR-Receipt-DistributionLine/FDR-AddEdit-DistributionLine/program_Type'

2020-09-08 11:48:19 - [MESSAGE][PASSED] - Keys 'DOWN + ENTER + ' sent to object: 'Object Repository/FDR-Receipt/FDR-Receipt-DistributionLine/FDR-AddEdit-DistributionLine/program_Type'

2020-09-08 11:48:19 - [TEST_STEP][PASSED] - waitForElementPresent(findTestObject("FDR-Receipt/FDR-Receipt-DistributionLine/FDR-AddEdit-DistributionLine/service_Category"), 10): Object 'Object Repository/FDR-Receipt/FDR-Receipt-DistributionLine/FDR-AddEdit-DistributionLine/service_Category' is present

2020-09-08 11:48:19 - [MESSAGE][PASSED] - Object 'Object Repository/FDR-Receipt/FDR-Receipt-DistributionLine/FDR-AddEdit-DistributionLine/service_Category' is present

2020-09-08 11:48:19 - [TEST_STEP][PASSED] - sendKeys(findTestObject("FDR-Receipt/FDR-Receipt-DistributionLine/FDR-AddEdit-DistributionLine/service_Category"), Servicecategory): Keys '18B1' sent to object: 'Object Repository/FDR-Receipt/FDR-Receipt-DistributionLine/FDR-AddEdit-DistributionLine/service_Category'

2020-09-08 11:48:20 - [MESSAGE][PASSED] - Keys '18B1' sent to object: 'Object Repository/FDR-Receipt/FDR-Receipt-DistributionLine/FDR-AddEdit-DistributionLine/service_Category'

2020-09-08 11:48:20 - [TEST_STEP][PASSED] - sendKeys(findTestObject("FDR-Receipt/FDR-Receipt-DistributionLine/FDR-AddEdit-DistributionLine/service_Category"), Keys.chord(DOWN, ENTER)): Keys 'DOWN + ENTER + ' sent to object: 'Object Repository/FDR-Receipt/FDR-Receipt-DistributionLine/FDR-AddEdit-DistributionLine/service_Category'

2020-09-08 11:48:20 - [MESSAGE][PASSED] - Keys 'DOWN + ENTER + ' sent to object: 'Object Repository/FDR-Receipt/FDR-Receipt-DistributionLine/FDR-AddEdit-DistributionLine/service_Category'

2020-09-08 11:48:20 - [TEST_STEP][PASSED] - waitForElementPresent(findTestObject("FDR-Receipt/FDR-Receipt-DistributionLine/FDR-AddEdit-DistributionLine/increaseDecreaseLine"), 10): Object 'Object Repository/FDR-Receipt/FDR-Receipt-DistributionLine/FDR-AddEdit-DistributionLine/increaseDecreaseLine' is present

2020-09-08 11:48:21 - [MESSAGE][PASSED] - Object 'Object Repository/FDR-Receipt/FDR-Receipt-DistributionLine/FDR-AddEdit-DistributionLine/increaseDecreaseLine' is present

2020-09-08 11:48:21 - [TEST_STEP][PASSED] - sendKeys(findTestObject("FDR-Receipt/FDR-Receipt-DistributionLine/FDR-AddEdit-DistributionLine/increaseDecreaseLine"), IncreaseDecreaseLine): Keys '10b: Receipts or any decrease' sent to object: 'Object Repository/FDR-Receipt/FDR-Receipt-DistributionLine/FDR-AddEdit-DistributionLine/increaseDecreaseLine'

2020-09-08 11:48:21 - [MESSAGE][PASSED] - Keys '10b: Receipts or any decrease' sent to object: 'Object Repository/FDR-Receipt/FDR-Receipt-DistributionLine/FDR-AddEdit-DistributionLine/increaseDecreaseLine'

2020-09-08 11:48:21 - [TEST_STEP][PASSED] - sendKeys(findTestObject("FDR-Receipt/FDR-Receipt-DistributionLine/FDR-AddEdit-DistributionLine/increaseDecreaseLine"), Keys.chord(ARROW_DOWN, ENTER)): Keys 'DOWN + ENTER + ' sent to object: 'Object Repository/FDR-Receipt/FDR-Receipt-DistributionLine/FDR-AddEdit-DistributionLine/increaseDecreaseLine'

2020-09-08 11:48:22 - [MESSAGE][PASSED] - Keys 'DOWN + ENTER + ' sent to object: 'Object Repository/FDR-Receipt/FDR-Receipt-DistributionLine/FDR-AddEdit-DistributionLine/increaseDecreaseLine'

2020-09-08 11:48:22 - [TEST_STEP][PASSED] - waitForElementPresent(findTestObject("FDR-Receipt/FDR-Receipt-DistributionLine/FDR-AddEdit-DistributionLine/input_accountId"), 2, STOP_ON_FAILURE): Object 'Object Repository/FDR-Receipt/FDR-Receipt-DistributionLine/FDR-AddEdit-DistributionLine/input_accountId' is present

2020-09-08 11:48:22 - [MESSAGE][PASSED] - Object 'Object Repository/FDR-Receipt/FDR-Receipt-DistributionLine/FDR-AddEdit-DistributionLine/input_accountId' is present

2020-09-08 11:48:22 - [TEST_STEP][PASSED] - sendKeys(findTestObject("FDR-Receipt/FDR-Receipt-DistributionLine/FDR-AddEdit-DistributionLine/input_accountId"), accountId + Keys.chord(ARROW_DOWN, ENTER)): Keys 'DOWN + ENTER + 5432000' sent to object: 'Object Repository/FDR-Receipt/FDR-Receipt-DistributionLine/FDR-AddEdit-DistributionLine/input_accountId'

2020-09-08 11:48:23 - [MESSAGE][PASSED] - Keys 'DOWN + ENTER + 5432000' sent to object: 'Object Repository/FDR-Receipt/FDR-Receipt-DistributionLine/FDR-AddEdit-DistributionLine/input_accountId'

2020-09-08 11:48:23 - [TEST_STEP][PASSED] - waitForElementPresent(findTestObject("FDR-Receipt/FDR-Receipt-DistributionLine/FDR-AddEdit-DistributionLine/input_altAccountId"), 2, STOP_ON_FAILURE): Object 'Object Repository/FDR-Receipt/FDR-Receipt-DistributionLine/FDR-AddEdit-DistributionLine/input_altAccountId' is present

2020-09-08 11:48:23 - [MESSAGE][PASSED] - Object 'Object Repository/FDR-Receipt/FDR-Receipt-DistributionLine/FDR-AddEdit-DistributionLine/input_altAccountId' is present

2020-09-08 11:48:23 - [TEST_STEP][PASSED] - sendKeys(findTestObject("FDR-Receipt/FDR-Receipt-DistributionLine/FDR-AddEdit-DistributionLine/input_altAccountId"), altAccountId): Keys '5432000019' sent to object: 'Object Repository/FDR-Receipt/FDR-Receipt-DistributionLine/FDR-AddEdit-DistributionLine/input_altAccountId'

2020-09-08 11:48:24 - [MESSAGE][PASSED] - Keys '5432000019' sent to object: 'Object Repository/FDR-Receipt/FDR-Receipt-DistributionLine/FDR-AddEdit-DistributionLine/input_altAccountId'

2020-09-08 11:48:24 - [TEST_STEP][PASSED] - sendKeys(findTestObject("FDR-Receipt/FDR-Receipt-DistributionLine/FDR-AddEdit-DistributionLine/input_altAccountId"), Keys.chord(ARROW_DOWN, ENTER)): Keys 'DOWN + ENTER + ' sent to object: 'Object Repository/FDR-Receipt/FDR-Receipt-DistributionLine/FDR-AddEdit-DistributionLine/input_altAccountId'

2020-09-08 11:48:24 - [MESSAGE][PASSED] - Keys 'DOWN + ENTER + ' sent to object: 'Object Repository/FDR-Receipt/FDR-Receipt-DistributionLine/FDR-AddEdit-DistributionLine/input_altAccountId'

2020-09-08 11:48:24 - [TEST_STEP][PASSED] - waitForElementPresent(findTestObject("FDR-Receipt/FDR-Receipt-DistributionLine/FDR-AddEdit-DistributionLine/saveCloseButton"), 5): Object 'Object Repository/FDR-Receipt/FDR-Receipt-DistributionLine/FDR-AddEdit-DistributionLine/saveCloseButton' is present

2020-09-08 11:48:25 - [MESSAGE][PASSED] - Object 'Object Repository/FDR-Receipt/FDR-Receipt-DistributionLine/FDR-AddEdit-DistributionLine/saveCloseButton' is present

2020-09-08 11:48:25 - [TEST_STEP][PASSED] - click(findTestObject("FDR-Receipt/FDR-Receipt-DistributionLine/FDR-AddEdit-DistributionLine/saveCloseButton"), STOP_ON_FAILURE): Object: 'Object Repository/FDR-Receipt/FDR-Receipt-DistributionLine/FDR-AddEdit-DistributionLine/saveCloseButton' is clicked on

2020-09-08 11:48:25 - [MESSAGE][PASSED] - Object: 'Object Repository/FDR-Receipt/FDR-Receipt-DistributionLine/FDR-AddEdit-DistributionLine/saveCloseButton' is clicked on

2020-09-08 11:48:25 - [TEST_STEP][PASSED] - waitForElementPresent(findTestObject("FDR-Receipt/FDR-Receipt-Checkline/View/deposit_Control_Amount"), 5): Object 'Object Repository/FDR-Receipt/FDR-Receipt-Checkline/View/deposit_Control_Amount' is present

2020-09-08 11:48:26 - [MESSAGE][PASSED] - Object 'Object Repository/FDR-Receipt/FDR-Receipt-Checkline/View/deposit_Control_Amount' is present

2020-09-08 11:48:26 - [TEST_STEP][PASSED] - Receipttotalaftaddwith$ = getText(findTestObject("FDR-Receipt/FDR-Receipt-Checkline/View/deposit_Control_Amount")): Text of object 'Object Repository/FDR-Receipt/FDR-Receipt-Checkline/View/deposit_Control_Amount' is: '$2,500.00'

2020-09-08 11:48:27 - [MESSAGE][PASSED] - Text of object 'Object Repository/FDR-Receipt/FDR-Receipt-Checkline/View/deposit_Control_Amount' is: '$2,500.00'

2020-09-08 11:48:27 - [TEST_STEP][PASSED] - Receipttotalaftaddwithout$ = Receipttotalaftaddwith$.substring(1): null

2020-09-08 11:48:27 - [TEST_STEP][PASSED] - ReceipttotalaftaddwithoutComma = Receipttotalaftaddwithout$.replaceAll(",", ""): null

2020-09-08 11:48:27 - [TEST_STEP][PASSED] - Recdeptotalaftreceiptlinseadded = Float.parseFloat(ReceipttotalaftaddwithoutComma): null

2020-09-08 11:48:27 - [TEST_STEP][PASSED] - println(Recdeptotalaftreceiptlinseadded): null

2020-09-08 11:48:27 - [TEST_STEP][PASSED] - waitForElementPresent(findTestObject("FDR-Receipt/FDR-Receipt-Checkline/View/receiptLine_Total"), 5): Object 'Object Repository/FDR-Receipt/FDR-Receipt-Checkline/View/receiptLine_Total' is present

2020-09-08 11:48:27 - [MESSAGE][PASSED] - Object 'Object Repository/FDR-Receipt/FDR-Receipt-Checkline/View/receiptLine_Total' is present

2020-09-08 11:48:27 - [TEST_STEP][PASSED] - Receiptlinetotalaftaddwith$ = getText(findTestObject("FDR-Receipt/FDR-Receipt-Checkline/View/receiptLine_Total")): Text of object 'Object Repository/FDR-Receipt/FDR-Receipt-Checkline/View/receiptLine_Total' is: '$2,500.00'

2020-09-08 11:48:27 - [MESSAGE][PASSED] - Text of object 'Object Repository/FDR-Receipt/FDR-Receipt-Checkline/View/receiptLine_Total' is: '$2,500.00'

2020-09-08 11:48:27 - [TEST_STEP][PASSED] - Receiptlinetotalaftaddwithout$ = Receiptlinetotalaftaddwith$.substring(1): null

2020-09-08 11:48:27 - [TEST_STEP][PASSED] - ReceiptlinetotalaftaddwithoutComma = Receiptlinetotalaftaddwithout$.replaceAll(",", ""): null

2020-09-08 11:48:27 - [TEST_STEP][PASSED] - Receiptlinetotal = Float.parseFloat(ReceiptlinetotalaftaddwithoutComma): null

2020-09-08 11:48:27 - [TEST_STEP][PASSED] - waitForElementPresent(findTestObject("FDR-Receipt/FDR-Receipt-DistributionLine/3dots/distributionLineHover"), 3): Object 'Object Repository/FDR-Receipt/FDR-Receipt-DistributionLine/3dots/distributionLineHover' is present

2020-09-08 11:48:27 - [MESSAGE][PASSED] - Object 'Object Repository/FDR-Receipt/FDR-Receipt-DistributionLine/3dots/distributionLineHover' is present

2020-09-08 11:48:27 - [TEST_STEP][PASSED] - mouseOver(findTestObject("FDR-Receipt/FDR-Receipt-DistributionLine/3dots/distributionLineHover")): Object: 'Object Repository/FDR-Receipt/FDR-Receipt-DistributionLine/3dots/distributionLineHover' is hovered

2020-09-08 11:48:28 - [MESSAGE][PASSED] - Object: 'Object Repository/FDR-Receipt/FDR-Receipt-DistributionLine/3dots/distributionLineHover' is hovered

2020-09-08 11:48:28 - [TEST_STEP][PASSED] - waitForElementPresent(findTestObject("FDR-Receipt/FDR-Receipt-DistributionLine/3dots/distributionLineHover"), 1): Object 'Object Repository/FDR-Receipt/FDR-Receipt-DistributionLine/3dots/distributionLineHover' is present

2020-09-08 11:48:28 - [MESSAGE][PASSED] - Object 'Object Repository/FDR-Receipt/FDR-Receipt-DistributionLine/3dots/distributionLineHover' is present

2020-09-08 11:48:28 - [TEST_STEP][PASSED] - click(findTestObject("FDR-Receipt/FDR-Receipt-DistributionLine/3dots/editIconDistributionLine")): Object: 'Object Repository/FDR-Receipt/FDR-Receipt-DistributionLine/3dots/editIconDistributionLine' is clicked on

2020-09-08 11:48:28 - [MESSAGE][PASSED] - Object: 'Object Repository/FDR-Receipt/FDR-Receipt-DistributionLine/3dots/editIconDistributionLine' is clicked on

2020-09-08 11:48:28 - [TEST_STEP][PASSED] - waitForElementPresent(findTestObject("FDR-Receipt/FDR-Receipt-DistributionLine/FDR-AddEdit-DistributionLine/program_Type"), 4): Object 'Object Repository/FDR-Receipt/FDR-Receipt-DistributionLine/FDR-AddEdit-DistributionLine/program_Type' is not present after 4 second(s)

2020-09-08 11:48:34 - [MESSAGE][INFO] - Unable to find the element located by 'By.xpath: //input[@id='programTypeId']'. Please recheck the objects properties to make sure the desired element is located. 

2020-09-08 11:48:34 - [MESSAGE][WARNING] - Object 'Object Repository/FDR-Receipt/FDR-Receipt-DistributionLine/FDR-AddEdit-DistributionLine/program_Type' is not present after 4 second(s)

2020-09-08 11:48:34 - [TEST_STEP][PASSED] - click(findTestObject("FDR-Receipt/FDR-Receipt-DistributionLine/Delete/Delete-distributionline")): Object: 'Object Repository/FDR-Receipt/FDR-Receipt-DistributionLine/Delete/Delete-distributionline' is clicked on

2020-09-08 11:48:34 - [MESSAGE][PASSED] - Object: 'Object Repository/FDR-Receipt/FDR-Receipt-DistributionLine/Delete/Delete-distributionline' is clicked on

2020-09-08 11:48:34 - [TEST_STEP][PASSED] - waitForElementPresent(findTestObject("FDR-Receipt/FDR-Receipt-Checkline/Delete/undoIcon"), 4): Object 'Object Repository/FDR-Receipt/FDR-Receipt-Checkline/Delete/undoIcon' is present

2020-09-08 11:48:34 - [MESSAGE][PASSED] - Object 'Object Repository/FDR-Receipt/FDR-Receipt-Checkline/Delete/undoIcon' is present

2020-09-08 11:48:34 - [TEST_STEP][PASSED] - click(findTestObject("FDR-Receipt/FDR-Receipt-Checkline/Delete/undoIcon")): Object: 'Object Repository/FDR-Receipt/FDR-Receipt-Checkline/Delete/undoIcon' is clicked on

2020-09-08 11:48:35 - [MESSAGE][PASSED] - Object: 'Object Repository/FDR-Receipt/FDR-Receipt-Checkline/Delete/undoIcon' is clicked on

2020-09-08 11:48:35 - [TEST_STEP][PASSED] - Start listener action : sampleAfterTestCase: Browser is closed

2020-09-08 11:48:35 - [TEST_STEP][PASSED] - profileName = getExecutionProfile(): null

2020-09-08 11:48:35 - [TEST_STEP][PASSED] - switch (profileName): null

2020-09-08 11:48:35 - [TEST_STEP][PASSED] - if (!(skipBeforeAndAfterTestCase)): Browser is closed

2020-09-08 11:48:35 - [TEST_STEP][PASSED] - Uifunctions.logoutFDR(): Browser is closed

2020-09-08 11:48:35 - [MESSAGE][PASSED] - Browser is closed

2020-09-08 11:48:35 - [TEST_STEP][PASSED] - Start listener action : afterTestCase: null

2020-09-08 11:48:35 - [TEST_STEP][PASSED] - profileName = getExecutionProfile(): null

2020-09-08 11:48:35 - [TEST_STEP][PASSED] - if (profileName.equalsIgnoreCase("SysAdmin")): null

2020-09-08 11:48:35 - [TEST_STEP][PASSED] - Start listener action : sampleAfterTestCase: null

2020-09-08 11:48:35 - [TEST_STEP][PASSED] - profileName = getExecutionProfile(): null

2020-09-08 11:48:35 - [TEST_STEP][PASSED] - switch (profileName): null

2020-09-08 11:48:35 - [TEST_STEP][PASSED] - Default: null

2020-09-08 11:48:35 - [TEST_STEP][PASSED] - return null: null

2020-09-08 11:48:35 - [TEST_STEP][PASSED] - Start listener action : addFailedTCToList: null]]></system-out>
         <system-err><![CDATA[]]></system-err>
      </testcase>
      <testcase name="Test Cases/WEB-UI-TESTS/Receipt/FDR-Validate-Account-AltAccount-0555" time="47.771" classname="Test Cases/WEB-UI-TESTS/Receipt/FDR-Validate-Account-AltAccount-0555" status="PASSED">
         <system-out><![CDATA[2020-09-08 11:48:36 - [TEST_CASE][PASSED] - Test Cases/WEB-UI-TESTS/Receipt/FDR-Validate-Account-AltAccount-0555: Test Cases/WEB-UI-TESTS/Receipt/FDR-Validate-Account-AltAccount-0555

2020-09-08 11:48:36 - [TEST_STEP][PASSED] - Start listener action : sampleBeforeTestCase: Navigate to 'https://fdr-katalon.cammis-mod-dev.dhcs.ca.gov' successfully

2020-09-08 11:48:36 - [TEST_STEP][PASSED] - profileName = getExecutionProfile(): null

2020-09-08 11:48:36 - [TEST_STEP][PASSED] - switch (profileName): null

2020-09-08 11:48:36 - [TEST_STEP][PASSED] - testCaseId = testCaseContext.getTestCaseId(): null

2020-09-08 11:48:36 - [TEST_STEP][PASSED] - if (!(skipBeforeAndAfterTestCase)): Navigate to 'https://fdr-katalon.cammis-mod-dev.dhcs.ca.gov' successfully

2020-09-08 11:48:36 - [TEST_STEP][PASSED] - if (account7TestCases.contains(testCaseId)): null

2020-09-08 11:48:36 - [TEST_STEP][PASSED] - else if (account10TestCases.contains(testCaseId)): null

2020-09-08 11:48:36 - [TEST_STEP][PASSED] - else: Object: 'Object Repository/FDR-SignIn/SignInButton' is clicked on

2020-09-08 11:48:36 - [TEST_STEP][PASSED] - Uifunctions.loginFDR(accountsApprover, accountsApproverPwd): Object: 'Object Repository/FDR-SignIn/SignInButton' is clicked on

2020-09-08 11:48:36 - [MESSAGE][INFO] - Starting 'Chrome' driver

2020-09-08 11:48:36 - [MESSAGE][INFO] - Action delay is set to 0 milliseconds

2020-09-08 11:48:39 - [MESSAGE][PASSED] - Browser is opened with url: ''

2020-09-08 11:48:41 - [MESSAGE][PASSED] - Current window maximized

2020-09-08 11:48:42 - [MESSAGE][PASSED] - Navigate to 'https://fdr-katalon.cammis-mod-dev.dhcs.ca.gov' successfully

2020-09-08 11:48:43 - [MESSAGE][PASSED] - Object 'Object Repository/FDR-SignIn/SignInEmail' is present

2020-09-08 11:48:43 - [MESSAGE][PASSED] - Object: 'Object Repository/FDR-SignIn/SignInEmail' is clicked on

2020-09-08 11:48:44 - [MESSAGE][PASSED] - Object 'Object Repository/FDR-SignIn/SignInEmail' is present

2020-09-08 11:48:44 - [MESSAGE][PASSED] - Text 'fdr.test3@dhcs.ca.gov' is set on object 'Object Repository/FDR-SignIn/SignInEmail'

2020-09-08 11:48:45 - [MESSAGE][PASSED] - Object 'Object Repository/FDR-SignIn/SignInEmailNext' is visible

2020-09-08 11:48:45 - [MESSAGE][PASSED] - Object: 'Object Repository/FDR-SignIn/SignInEmailNext' is clicked on

2020-09-08 11:48:48 - [MESSAGE][PASSED] - Object 'Object Repository/FDR-SignIn/SignInEmailPassword' is visible

2020-09-08 11:48:48 - [MESSAGE][PASSED] - Object: 'Object Repository/FDR-SignIn/SignInEmailPassword' is clicked on

2020-09-08 11:48:49 - [MESSAGE][PASSED] - Text ****** has been set on object 'Object Repository/FDR-SignIn/SignInEmailPassword'

2020-09-08 11:48:50 - [MESSAGE][PASSED] - Object: 'Object Repository/FDR-SignIn/SignInButton' is clicked on

2020-09-08 11:48:50 - [TEST_STEP][PASSED] - navigateToUrl(URL): Navigate to 'https://fdr-katalon.cammis-mod-dev.dhcs.ca.gov' successfully

2020-09-08 11:48:51 - [MESSAGE][PASSED] - Navigate to 'https://fdr-katalon.cammis-mod-dev.dhcs.ca.gov' successfully

2020-09-08 11:48:51 - [TEST_STEP][PASSED] - Start listener action : beforeTestCase: null

2020-09-08 11:48:51 - [TEST_STEP][PASSED] - profileName = getExecutionProfile(): null

2020-09-08 11:48:51 - [TEST_STEP][PASSED] - if (profileName.equalsIgnoreCase("SysAdmin")): null

2020-09-08 11:48:51 - [TEST_STEP][PASSED] - Start listener action : sampleBeforeTestCase: null

2020-09-08 11:48:51 - [TEST_STEP][PASSED] - profileName = getExecutionProfile(): null

2020-09-08 11:48:51 - [TEST_STEP][PASSED] - testCaseId = testCaseContext.getTestCaseId(): null

2020-09-08 11:48:51 - [TEST_STEP][PASSED] - switch (profileName): null

2020-09-08 11:48:51 - [TEST_STEP][PASSED] - Default: null

2020-09-08 11:48:51 - [TEST_STEP][PASSED] - return null: null

2020-09-08 11:48:51 - [TEST_STEP][PASSED] - Start listener action : executeRows: null

2020-09-08 11:48:51 - [TEST_STEP][PASSED] - d = Date().plus(1): null

2020-09-08 11:48:51 - [TEST_STEP][PASSED] - dd = Date().plus(2): null

2020-09-08 11:48:51 - [TEST_STEP][PASSED] - servicedatefrom = d.format("MM/dd/yyyy"): null

2020-09-08 11:48:51 - [TEST_STEP][PASSED] - servicedateto = dd.format("MM/dd/yyyy"): null

2020-09-08 11:48:51 - [TEST_STEP][PASSED] - originalwarrantdate = dd.format("MM/dd/yyyy"): null

2020-09-08 11:48:51 - [TEST_STEP][PASSED] - newDepositId = RandomStringUtils.randomNumeric(7): null

2020-09-08 11:48:51 - [TEST_STEP][PASSED] - searchfield = RandomStringUtils.randomNumeric(7): null

2020-09-08 11:48:51 - [TEST_STEP][PASSED] - editors.createReceipt(Drawdate, Paydate, newDepositId, Receiptnotes): Object: 'Object Repository/FDR-Receipt/FDR-Receipt-Header/View/buttonNext' is clicked on

2020-09-08 11:48:56 - [MESSAGE][INFO] - Unable to find the element located by 'By.xpath: //*[@data-id='button-link']//*[contains(text(),'Create New Voucher')]'. Please recheck the objects properties to make sure the desired element is located. 

2020-09-08 11:48:56 - [MESSAGE][WARNING] - Object 'Object Repository/FDR-Dashboard/createNewVoucherButton' is not present after 4 second(s)

2020-09-08 11:48:56 - [MESSAGE][PASSED] - Object 'Object Repository/FDR-Receipt/FDR-Receipt-Dashboard/createNew_ReceiptBatch_Button' is present

2020-09-08 11:48:57 - [MESSAGE][PASSED] - Object: 'Object Repository/FDR-Receipt/FDR-Receipt-Dashboard/createNew_ReceiptBatch_Button' is clicked on

2020-09-08 11:48:57 - [MESSAGE][PASSED] - Object 'Object Repository/FDR-Receipt/FDR-Receipt-Header/View/inputDrawDate' is present

2020-09-08 11:48:58 - [MESSAGE][PASSED] - Text '09/28/2020' is set on object 'Object Repository/FDR-Receipt/FDR-Receipt-Header/View/inputDrawDate'

2020-09-08 11:48:59 - [MESSAGE][PASSED] - Keys 'TAB + ENTER + ENTER + ' sent to object: 'Object Repository/FDR-Receipt/FDR-Receipt-Header/View/inputDrawDate'

2020-09-08 11:49:00 - [MESSAGE][PASSED] - Object 'Object Repository/FDR-Receipt/FDR-Receipt-Header/Edit/payDate' is present

2020-09-08 11:49:01 - [MESSAGE][PASSED] - Text '09/30/2020' is set on object 'Object Repository/FDR-Receipt/FDR-Receipt-Header/Edit/payDate'

2020-09-08 11:49:01 - [MESSAGE][PASSED] - Object 'Object Repository/FDR-Receipt/FDR-Receipt-Header/View/deposit ID' is present

2020-09-08 11:49:02 - [MESSAGE][PASSED] - Text '6721133' is set on object 'Object Repository/FDR-Receipt/FDR-Receipt-Header/View/deposit ID'

2020-09-08 11:49:02 - [MESSAGE][PASSED] - Object 'Object Repository/FDR-Receipt/FDR-ReceiptBatch/receiptNotes' is present

2020-09-08 11:49:03 - [MESSAGE][PASSED] - Text 'rqewrq' is set on object 'Object Repository/FDR-Receipt/FDR-ReceiptBatch/receiptNotes'

2020-09-08 11:49:04 - [MESSAGE][PASSED] - Object 'Object Repository/FDR-Receipt/FDR-Receipt-Header/Edit/remmitanceAdviceInput' is present

2020-09-08 11:49:04 - [MESSAGE][PASSED] - Keys '' sent to object: 'Object Repository/FDR-Receipt/FDR-Receipt-Header/Edit/remmitanceAdviceInput'

2020-09-08 11:49:04 - [MESSAGE][PASSED] - Object 'Object Repository/FDR-Receipt/FDR-Receipt-Header/Edit/controllerReceiptInput' is present

2020-09-08 11:49:05 - [MESSAGE][PASSED] - Keys '' sent to object: 'Object Repository/FDR-Receipt/FDR-Receipt-Header/Edit/controllerReceiptInput'

2020-09-08 11:49:05 - [MESSAGE][PASSED] - Object 'Object Repository/FDR-Receipt/FDR-Receipt-Header/View/buttonNext' is present

2020-09-08 11:49:06 - [MESSAGE][PASSED] - Object: 'Object Repository/FDR-Receipt/FDR-Receipt-Header/View/buttonNext' is clicked on

2020-09-08 11:49:06 - [TEST_STEP][PASSED] - editors.createReceiptline(ReceiptID, SupplierID, DepositDate): Object: 'Object Repository/FDR-Receipt/FDR-Receipt-Checkline/View/addReceipt_Button2' is clicked on

2020-09-08 11:49:06 - [MESSAGE][PASSED] - Object 'Object Repository/FDR-Receipt/FDR-Receipt-Checkline/View/receipt_ID' is present

2020-09-08 11:49:07 - [MESSAGE][PASSED] - Keys '11234556' sent to object: 'Object Repository/FDR-Receipt/FDR-Receipt-Checkline/View/receipt_ID'

2020-09-08 11:49:07 - [MESSAGE][PASSED] - Object 'Object Repository/FDR-Receipt/FDR-Receipt-Checkline/View/supplier_Id' is present

2020-09-08 11:49:08 - [MESSAGE][PASSED] - Object: 'Object Repository/FDR-Receipt/FDR-Receipt-Checkline/View/supplier_Id' is clicked on

2020-09-08 11:49:08 - [MESSAGE][PASSED] - Keys '0000007954' sent to object: 'Object Repository/FDR-Receipt/FDR-Receipt-Checkline/View/supplier_Id'

2020-09-08 11:49:09 - [MESSAGE][PASSED] - Keys 'DOWN + ENTER + ' sent to object: 'Object Repository/FDR-Receipt/FDR-Receipt-Checkline/View/supplier_Id'

2020-09-08 11:49:09 - [MESSAGE][PASSED] - Object 'Object Repository/FDR-Receipt/FDR-Receipt-Checkline/View/deposit_Date' is present

2020-09-08 11:49:09 - [MESSAGE][PASSED] - Keys '12/31/2019' sent to object: 'Object Repository/FDR-Receipt/FDR-Receipt-Checkline/View/deposit_Date'

2020-09-08 11:49:15 - [MESSAGE][INFO] - Unable to find the element located by 'By.xpath: //*[@data-id='button-link']//*[contains(text(),'Create New Voucher')]'. Please recheck the objects properties to make sure the desired element is located. 

2020-09-08 11:49:15 - [MESSAGE][WARNING] - Object 'Object Repository/FDR-Dashboard/createNewVoucherButton' is not present after 4 second(s)

2020-09-08 11:49:15 - [MESSAGE][PASSED] - Object 'Object Repository/FDR-Receipt/FDR-Receipt-Checkline/View/addReceipt_Button2' is present

2020-09-08 11:49:15 - [MESSAGE][PASSED] - Object: 'Object Repository/FDR-Receipt/FDR-Receipt-Checkline/View/addReceipt_Button2' is clicked on

2020-09-08 11:49:15 - [TEST_STEP][PASSED] - verifyElementClickable(findTestObject("FDR-Receipt/FDR-Receipt-DistributionLine/FDR-AddEdit-DistributionLine/arrow_Down"), STOP_ON_FAILURE): Object 'Object Repository/FDR-Receipt/FDR-Receipt-DistributionLine/FDR-AddEdit-DistributionLine/arrow_Down' is clickable

2020-09-08 11:49:16 - [MESSAGE][PASSED] - Object 'Object Repository/FDR-Receipt/FDR-Receipt-DistributionLine/FDR-AddEdit-DistributionLine/arrow_Down' is clickable

2020-09-08 11:49:16 - [TEST_STEP][PASSED] - click(findTestObject("FDR-Receipt/FDR-Receipt-DistributionLine/FDR-AddEdit-DistributionLine/arrow_Down"), STOP_ON_FAILURE): Object: 'Object Repository/FDR-Receipt/FDR-Receipt-DistributionLine/FDR-AddEdit-DistributionLine/arrow_Down' is clicked on

2020-09-08 11:49:16 - [MESSAGE][PASSED] - Object: 'Object Repository/FDR-Receipt/FDR-Receipt-DistributionLine/FDR-AddEdit-DistributionLine/arrow_Down' is clicked on

2020-09-08 11:49:16 - [TEST_STEP][PASSED] - waitForElementPresent(findTestObject("FDR-Receipt/FDR-Receipt-DistributionLine/FDR-AddEdit-DistributionLine/button_Add-Invoiceline"), 10): Object 'Object Repository/FDR-Receipt/FDR-Receipt-DistributionLine/FDR-AddEdit-DistributionLine/button_Add-Invoiceline' is present

2020-09-08 11:49:17 - [MESSAGE][PASSED] - Object 'Object Repository/FDR-Receipt/FDR-Receipt-DistributionLine/FDR-AddEdit-DistributionLine/button_Add-Invoiceline' is present

2020-09-08 11:49:17 - [TEST_STEP][PASSED] - scrollToElement(findTestObject("FDR-Receipt/FDR-Receipt-DistributionLine/FDR-AddEdit-DistributionLine/button_Add-Invoiceline"), 3): Scroll to object 'Object Repository/FDR-Receipt/FDR-Receipt-DistributionLine/FDR-AddEdit-DistributionLine/button_Add-Invoiceline' successfully

2020-09-08 11:49:17 - [MESSAGE][PASSED] - Scroll to object 'Object Repository/FDR-Receipt/FDR-Receipt-DistributionLine/FDR-AddEdit-DistributionLine/button_Add-Invoiceline' successfully

2020-09-08 11:49:17 - [TEST_STEP][PASSED] - verifyElementClickable(findTestObject("FDR-Receipt/FDR-Receipt-DistributionLine/FDR-AddEdit-DistributionLine/button_Add-Invoiceline"), STOP_ON_FAILURE): Object 'Object Repository/FDR-Receipt/FDR-Receipt-DistributionLine/FDR-AddEdit-DistributionLine/button_Add-Invoiceline' is clickable

2020-09-08 11:49:18 - [MESSAGE][PASSED] - Object 'Object Repository/FDR-Receipt/FDR-Receipt-DistributionLine/FDR-AddEdit-DistributionLine/button_Add-Invoiceline' is clickable

2020-09-08 11:49:18 - [TEST_STEP][PASSED] - click(findTestObject("FDR-Receipt/FDR-Receipt-DistributionLine/FDR-AddEdit-DistributionLine/button_Add-Invoiceline"), STOP_ON_FAILURE): Object: 'Object Repository/FDR-Receipt/FDR-Receipt-DistributionLine/FDR-AddEdit-DistributionLine/button_Add-Invoiceline' is clicked on

2020-09-08 11:49:18 - [MESSAGE][PASSED] - Object: 'Object Repository/FDR-Receipt/FDR-Receipt-DistributionLine/FDR-AddEdit-DistributionLine/button_Add-Invoiceline' is clicked on

2020-09-08 11:49:18 - [TEST_STEP][PASSED] - waitForElementPresent(findTestObject("FDR-Receipt/FDR-Receipt-DistributionLine/FDR-AddEdit-DistributionLine/invoice_Searchfield"), 10): Object 'Object Repository/FDR-Receipt/FDR-Receipt-DistributionLine/FDR-AddEdit-DistributionLine/invoice_Searchfield' is present

2020-09-08 11:49:18 - [MESSAGE][PASSED] - Object 'Object Repository/FDR-Receipt/FDR-Receipt-DistributionLine/FDR-AddEdit-DistributionLine/invoice_Searchfield' is present

2020-09-08 11:49:18 - [TEST_STEP][PASSED] - sendKeys(findTestObject("FDR-Receipt/FDR-Receipt-DistributionLine/FDR-AddEdit-DistributionLine/invoice_Searchfield"), searchfield): Keys '0536159' sent to object: 'Object Repository/FDR-Receipt/FDR-Receipt-DistributionLine/FDR-AddEdit-DistributionLine/invoice_Searchfield'

2020-09-08 11:49:19 - [MESSAGE][PASSED] - Keys '0536159' sent to object: 'Object Repository/FDR-Receipt/FDR-Receipt-DistributionLine/FDR-AddEdit-DistributionLine/invoice_Searchfield'

2020-09-08 11:49:19 - [TEST_STEP][PASSED] - click(findTestObject("FDR-Receipt/FDR-Receipt-DistributionLine/FDR-AddEdit-DistributionLine/button_Add_invoicemanually")): Object: 'Object Repository/FDR-Receipt/FDR-Receipt-DistributionLine/FDR-AddEdit-DistributionLine/button_Add_invoicemanually' is clicked on

2020-09-08 11:49:20 - [MESSAGE][PASSED] - Object: 'Object Repository/FDR-Receipt/FDR-Receipt-DistributionLine/FDR-AddEdit-DistributionLine/button_Add_invoicemanually' is clicked on

2020-09-08 11:49:20 - [TEST_STEP][PASSED] - waitForElementPresent(findTestObject("FDR-Receipt/FDR-Receipt-DistributionLine/FDR-AddEdit-DistributionLine/fund_Code"), 30): Object 'Object Repository/FDR-Receipt/FDR-Receipt-DistributionLine/FDR-AddEdit-DistributionLine/fund_Code' is present

2020-09-08 11:49:21 - [MESSAGE][PASSED] - Object 'Object Repository/FDR-Receipt/FDR-Receipt-DistributionLine/FDR-AddEdit-DistributionLine/fund_Code' is present

2020-09-08 11:49:21 - [TEST_STEP][PASSED] - sendKeys(findTestObject("FDR-Receipt/FDR-Receipt-DistributionLine/FDR-AddEdit-DistributionLine/fund_Code"), Fundcode): Keys 'Healthy Families Fund (0555)' sent to object: 'Object Repository/FDR-Receipt/FDR-Receipt-DistributionLine/FDR-AddEdit-DistributionLine/fund_Code'

2020-09-08 11:49:21 - [MESSAGE][PASSED] - Keys 'Healthy Families Fund (0555)' sent to object: 'Object Repository/FDR-Receipt/FDR-Receipt-DistributionLine/FDR-AddEdit-DistributionLine/fund_Code'

2020-09-08 11:49:21 - [TEST_STEP][PASSED] - sendKeys(findTestObject("FDR-Receipt/FDR-Receipt-DistributionLine/FDR-AddEdit-DistributionLine/fund_Code"), Keys.chord(DOWN, ENTER)): Keys 'DOWN + ENTER + ' sent to object: 'Object Repository/FDR-Receipt/FDR-Receipt-DistributionLine/FDR-AddEdit-DistributionLine/fund_Code'

2020-09-08 11:49:21 - [MESSAGE][PASSED] - Keys 'DOWN + ENTER + ' sent to object: 'Object Repository/FDR-Receipt/FDR-Receipt-DistributionLine/FDR-AddEdit-DistributionLine/fund_Code'

2020-09-08 11:49:21 - [TEST_STEP][PASSED] - waitForElementPresent(findTestObject("FDR-Receipt/FDR-Receipt-DistributionLine/FDR-AddEdit-DistributionLine/input_accountId"), 2, STOP_ON_FAILURE): Object 'Object Repository/FDR-Receipt/FDR-Receipt-DistributionLine/FDR-AddEdit-DistributionLine/input_accountId' is present

2020-09-08 11:49:22 - [MESSAGE][PASSED] - Object 'Object Repository/FDR-Receipt/FDR-Receipt-DistributionLine/FDR-AddEdit-DistributionLine/input_accountId' is present

2020-09-08 11:49:22 - [TEST_STEP][PASSED] - if (getText(findTestObject("FDR-Receipt/FDR-Receipt-DistributionLine/FDR-AddEdit-DistributionLine/input_accountId")) == accountId): Text of object 'Object Repository/FDR-Receipt/FDR-Receipt-DistributionLine/FDR-AddEdit-DistributionLine/input_accountId' is: ''

2020-09-08 11:49:22 - [MESSAGE][PASSED] - Text of object 'Object Repository/FDR-Receipt/FDR-Receipt-DistributionLine/FDR-AddEdit-DistributionLine/input_accountId' is: ''

2020-09-08 11:49:22 - [TEST_STEP][PASSED] - else: null

2020-09-08 11:49:22 - [TEST_STEP][PASSED] - OPTIONAL: null

2020-09-08 11:49:22 - [TEST_STEP][PASSED] - waitForElementPresent(findTestObject("FDR-Receipt/FDR-Receipt-DistributionLine/FDR-AddEdit-DistributionLine/input_altAccountId"), 2, STOP_ON_FAILURE): Object 'Object Repository/FDR-Receipt/FDR-Receipt-DistributionLine/FDR-AddEdit-DistributionLine/input_altAccountId' is present

2020-09-08 11:49:22 - [MESSAGE][PASSED] - Object 'Object Repository/FDR-Receipt/FDR-Receipt-DistributionLine/FDR-AddEdit-DistributionLine/input_altAccountId' is present

2020-09-08 11:49:22 - [TEST_STEP][PASSED] - if (getText(findTestObject("FDR-Receipt/FDR-Receipt-DistributionLine/FDR-AddEdit-DistributionLine/input_altAccountId")) == altAccountId): Text of object 'Object Repository/FDR-Receipt/FDR-Receipt-DistributionLine/FDR-AddEdit-DistributionLine/input_altAccountId' is: ''

2020-09-08 11:49:23 - [MESSAGE][PASSED] - Text of object 'Object Repository/FDR-Receipt/FDR-Receipt-DistributionLine/FDR-AddEdit-DistributionLine/input_altAccountId' is: ''

2020-09-08 11:49:23 - [TEST_STEP][PASSED] - else: null

2020-09-08 11:49:23 - [TEST_STEP][PASSED] - OPTIONAL: null

2020-09-08 11:49:23 - [TEST_STEP][PASSED] - Start listener action : sampleAfterTestCase: Browser is closed

2020-09-08 11:49:23 - [TEST_STEP][PASSED] - profileName = getExecutionProfile(): null

2020-09-08 11:49:23 - [TEST_STEP][PASSED] - switch (profileName): null

2020-09-08 11:49:23 - [TEST_STEP][PASSED] - if (!(skipBeforeAndAfterTestCase)): Browser is closed

2020-09-08 11:49:23 - [TEST_STEP][PASSED] - Uifunctions.logoutFDR(): Browser is closed

2020-09-08 11:49:23 - [MESSAGE][PASSED] - Browser is closed

2020-09-08 11:49:23 - [TEST_STEP][PASSED] - Start listener action : afterTestCase: null

2020-09-08 11:49:23 - [TEST_STEP][PASSED] - profileName = getExecutionProfile(): null

2020-09-08 11:49:23 - [TEST_STEP][PASSED] - if (profileName.equalsIgnoreCase("SysAdmin")): null

2020-09-08 11:49:23 - [TEST_STEP][PASSED] - Start listener action : sampleAfterTestCase: null

2020-09-08 11:49:23 - [TEST_STEP][PASSED] - profileName = getExecutionProfile(): null

2020-09-08 11:49:23 - [TEST_STEP][PASSED] - switch (profileName): null

2020-09-08 11:49:23 - [TEST_STEP][PASSED] - Default: null

2020-09-08 11:49:23 - [TEST_STEP][PASSED] - return null: null

2020-09-08 11:49:23 - [TEST_STEP][PASSED] - Start listener action : addFailedTCToList: null]]></system-out>
         <system-err><![CDATA[]]></system-err>
      </testcase>
      <testcase name="Test Cases/WEB-UI-TESTS/Receipt/FDR-Generate-Reports" time="29.175" classname="Test Cases/WEB-UI-TESTS/Receipt/FDR-Generate-Reports" status="PASSED">
         <system-out><![CDATA[2020-09-08 11:49:23 - [TEST_CASE][PASSED] - Test Cases/WEB-UI-TESTS/Receipt/FDR-Generate-Reports: Test Cases/WEB-UI-TESTS/Receipt/FDR-Generate-Reports

2020-09-08 11:49:23 - [TEST_STEP][PASSED] - Start listener action : sampleBeforeTestCase: Navigate to 'https://fdr-katalon.cammis-mod-dev.dhcs.ca.gov' successfully

2020-09-08 11:49:23 - [TEST_STEP][PASSED] - profileName = getExecutionProfile(): null

2020-09-08 11:49:23 - [TEST_STEP][PASSED] - switch (profileName): null

2020-09-08 11:49:23 - [TEST_STEP][PASSED] - testCaseId = testCaseContext.getTestCaseId(): null

2020-09-08 11:49:23 - [TEST_STEP][PASSED] - if (!(skipBeforeAndAfterTestCase)): Navigate to 'https://fdr-katalon.cammis-mod-dev.dhcs.ca.gov' successfully

2020-09-08 11:49:23 - [TEST_STEP][PASSED] - if (account7TestCases.contains(testCaseId)): null

2020-09-08 11:49:23 - [TEST_STEP][PASSED] - else if (account10TestCases.contains(testCaseId)): null

2020-09-08 11:49:23 - [TEST_STEP][PASSED] - else: Object: 'Object Repository/FDR-SignIn/SignInButton' is clicked on

2020-09-08 11:49:23 - [TEST_STEP][PASSED] - Uifunctions.loginFDR(accountsApprover, accountsApproverPwd): Object: 'Object Repository/FDR-SignIn/SignInButton' is clicked on

2020-09-08 11:49:23 - [MESSAGE][INFO] - Starting 'Chrome' driver

2020-09-08 11:49:23 - [MESSAGE][INFO] - Action delay is set to 0 milliseconds

2020-09-08 11:49:26 - [MESSAGE][PASSED] - Browser is opened with url: ''

2020-09-08 11:49:28 - [MESSAGE][PASSED] - Current window maximized

2020-09-08 11:49:29 - [MESSAGE][PASSED] - Navigate to 'https://fdr-katalon.cammis-mod-dev.dhcs.ca.gov' successfully

2020-09-08 11:49:31 - [MESSAGE][PASSED] - Object 'Object Repository/FDR-SignIn/SignInEmail' is present

2020-09-08 11:49:31 - [MESSAGE][PASSED] - Object: 'Object Repository/FDR-SignIn/SignInEmail' is clicked on

2020-09-08 11:49:31 - [MESSAGE][PASSED] - Object 'Object Repository/FDR-SignIn/SignInEmail' is present

2020-09-08 11:49:32 - [MESSAGE][PASSED] - Text 'fdr.test3@dhcs.ca.gov' is set on object 'Object Repository/FDR-SignIn/SignInEmail'

2020-09-08 11:49:32 - [MESSAGE][PASSED] - Object 'Object Repository/FDR-SignIn/SignInEmailNext' is visible

2020-09-08 11:49:32 - [MESSAGE][PASSED] - Object: 'Object Repository/FDR-SignIn/SignInEmailNext' is clicked on

2020-09-08 11:49:36 - [MESSAGE][PASSED] - Object 'Object Repository/FDR-SignIn/SignInEmailPassword' is visible

2020-09-08 11:49:36 - [MESSAGE][PASSED] - Object: 'Object Repository/FDR-SignIn/SignInEmailPassword' is clicked on

2020-09-08 11:49:36 - [MESSAGE][PASSED] - Text ****** has been set on object 'Object Repository/FDR-SignIn/SignInEmailPassword'

2020-09-08 11:49:38 - [MESSAGE][PASSED] - Object: 'Object Repository/FDR-SignIn/SignInButton' is clicked on

2020-09-08 11:49:38 - [TEST_STEP][PASSED] - navigateToUrl(URL): Navigate to 'https://fdr-katalon.cammis-mod-dev.dhcs.ca.gov' successfully

2020-09-08 11:49:38 - [MESSAGE][PASSED] - Navigate to 'https://fdr-katalon.cammis-mod-dev.dhcs.ca.gov' successfully

2020-09-08 11:49:38 - [TEST_STEP][PASSED] - Start listener action : beforeTestCase: null

2020-09-08 11:49:38 - [TEST_STEP][PASSED] - profileName = getExecutionProfile(): null

2020-09-08 11:49:38 - [TEST_STEP][PASSED] - if (profileName.equalsIgnoreCase("SysAdmin")): null

2020-09-08 11:49:38 - [TEST_STEP][PASSED] - Start listener action : sampleBeforeTestCase: null

2020-09-08 11:49:38 - [TEST_STEP][PASSED] - profileName = getExecutionProfile(): null

2020-09-08 11:49:38 - [TEST_STEP][PASSED] - testCaseId = testCaseContext.getTestCaseId(): null

2020-09-08 11:49:38 - [TEST_STEP][PASSED] - switch (profileName): null

2020-09-08 11:49:38 - [TEST_STEP][PASSED] - Default: null

2020-09-08 11:49:38 - [TEST_STEP][PASSED] - return null: null

2020-09-08 11:49:38 - [TEST_STEP][PASSED] - Start listener action : executeRows: null

2020-09-08 11:49:39 - [TEST_STEP][PASSED] - waitForElementPresent(findTestObject("FDR-Receipt/FDR-Receipt-Dashboard/reportButton"), 2): Object 'Object Repository/FDR-Receipt/FDR-Receipt-Dashboard/reportButton' is present

2020-09-08 11:49:40 - [MESSAGE][PASSED] - Object 'Object Repository/FDR-Receipt/FDR-Receipt-Dashboard/reportButton' is present

2020-09-08 11:49:40 - [TEST_STEP][PASSED] - click(findTestObject("FDR-Receipt/FDR-Receipt-Dashboard/reportButton")): Object: 'Object Repository/FDR-Receipt/FDR-Receipt-Dashboard/reportButton' is clicked on

2020-09-08 11:49:41 - [MESSAGE][PASSED] - Object: 'Object Repository/FDR-Receipt/FDR-Receipt-Dashboard/reportButton' is clicked on

2020-09-08 11:49:41 - [TEST_STEP][PASSED] - waitForElementPresent(findTestObject("FDR-Receipt/FDR-Report-Generation/FDR-Report-Dashboard/receiptTransactionRequests"), 5, STOP_ON_FAILURE): Object 'Object Repository/FDR-Receipt/FDR-Report-Generation/FDR-Report-Dashboard/receiptTransactionRequests' is present

2020-09-08 11:49:42 - [MESSAGE][PASSED] - Object 'Object Repository/FDR-Receipt/FDR-Report-Generation/FDR-Report-Dashboard/receiptTransactionRequests' is present

2020-09-08 11:49:42 - [TEST_STEP][PASSED] - click(findTestObject("FDR-Receipt/FDR-Report-Generation/FDR-Report-Dashboard/receiptTransactionRequests")): Object: 'Object Repository/FDR-Receipt/FDR-Report-Generation/FDR-Report-Dashboard/receiptTransactionRequests' is clicked on

2020-09-08 11:49:42 - [MESSAGE][PASSED] - Object: 'Object Repository/FDR-Receipt/FDR-Report-Generation/FDR-Report-Dashboard/receiptTransactionRequests' is clicked on

2020-09-08 11:49:42 - [TEST_STEP][PASSED] - waitForElementPresent(findTestObject("FDR-Receipt/FDR-Receipt-Header/View/inputDrawDate"), 3, STOP_ON_FAILURE): Object 'Object Repository/FDR-Receipt/FDR-Receipt-Header/View/inputDrawDate' is present

2020-09-08 11:49:43 - [MESSAGE][PASSED] - Object 'Object Repository/FDR-Receipt/FDR-Receipt-Header/View/inputDrawDate' is present

2020-09-08 11:49:43 - [TEST_STEP][PASSED] - waitForElementClickable(findTestObject("FDR-Receipt/FDR-Report-Generation/FDR-Report-Dashboard/button_Cancel"), 3, STOP_ON_FAILURE): Object 'Object Repository/FDR-Receipt/FDR-Report-Generation/FDR-Report-Dashboard/button_Cancel' is clickable

2020-09-08 11:49:43 - [MESSAGE][PASSED] - Object 'Object Repository/FDR-Receipt/FDR-Report-Generation/FDR-Report-Dashboard/button_Cancel' is clickable

2020-09-08 11:49:43 - [TEST_STEP][PASSED] - click(findTestObject("FDR-Receipt/FDR-Report-Generation/FDR-Report-Dashboard/button_Cancel")): Object: 'Object Repository/FDR-Receipt/FDR-Report-Generation/FDR-Report-Dashboard/button_Cancel' is clicked on

2020-09-08 11:49:43 - [MESSAGE][PASSED] - Object: 'Object Repository/FDR-Receipt/FDR-Report-Generation/FDR-Report-Dashboard/button_Cancel' is clicked on

2020-09-08 11:49:43 - [TEST_STEP][PASSED] - waitForElementPresent(findTestObject("Object Repository/FDR-Receipt/FDR-Report-Generation/FDR-Report-Dashboard/FDR-Monthly-Receipts/monthlyReceiptLabel"), 3): Object 'Object Repository/FDR-Receipt/FDR-Report-Generation/FDR-Report-Dashboard/FDR-Monthly-Receipts/monthlyReceiptLabel' is present

2020-09-08 11:49:44 - [MESSAGE][PASSED] - Object 'Object Repository/FDR-Receipt/FDR-Report-Generation/FDR-Report-Dashboard/FDR-Monthly-Receipts/monthlyReceiptLabel' is present

2020-09-08 11:49:44 - [TEST_STEP][PASSED] - monthlyReceiptLabel = getText(findTestObject("Object Repository/FDR-Receipt/FDR-Report-Generation/FDR-Report-Dashboard/FDR-Monthly-Receipts/monthlyReceiptLabel")): Text of object 'Object Repository/FDR-Receipt/FDR-Report-Generation/FDR-Report-Dashboard/FDR-Monthly-Receipts/monthlyReceiptLabel' is: 'Monthly Receipt Report for Federal Reporting (Defined by Draw Date)'

2020-09-08 11:49:44 - [MESSAGE][PASSED] - Text of object 'Object Repository/FDR-Receipt/FDR-Report-Generation/FDR-Report-Dashboard/FDR-Monthly-Receipts/monthlyReceiptLabel' is: 'Monthly Receipt Report for Federal Reporting (Defined by Draw Date)'

2020-09-08 11:49:44 - [TEST_STEP][PASSED] - assert monthlyReceiptLabel == "Monthly Receipt Report for Federal Reporting (Defined by Draw Date)": null

2020-09-08 11:49:44 - [TEST_STEP][PASSED] - waitForElementPresent(findTestObject("Object Repository/FDR-Receipt/FDR-Report-Generation/FDR-Report-Dashboard/FDR-Monthly-Receipts/monthlyReceiptBtn"), 3): Object 'Object Repository/FDR-Receipt/FDR-Report-Generation/FDR-Report-Dashboard/FDR-Monthly-Receipts/monthlyReceiptBtn' is present

2020-09-08 11:49:45 - [MESSAGE][PASSED] - Object 'Object Repository/FDR-Receipt/FDR-Report-Generation/FDR-Report-Dashboard/FDR-Monthly-Receipts/monthlyReceiptBtn' is present

2020-09-08 11:49:45 - [TEST_STEP][PASSED] - click(findTestObject("Object Repository/FDR-Receipt/FDR-Report-Generation/FDR-Report-Dashboard/FDR-Monthly-Receipts/monthlyReceiptBtn")): Object: 'Object Repository/FDR-Receipt/FDR-Report-Generation/FDR-Report-Dashboard/FDR-Monthly-Receipts/monthlyReceiptBtn' is clicked on

2020-09-08 11:49:45 - [MESSAGE][PASSED] - Object: 'Object Repository/FDR-Receipt/FDR-Report-Generation/FDR-Report-Dashboard/FDR-Monthly-Receipts/monthlyReceiptBtn' is clicked on

2020-09-08 11:49:45 - [TEST_STEP][PASSED] - waitForElementPresent(findTestObject("Object Repository/FDR-Receipt/FDR-Report-Generation/FDR-Report-Dashboard/FDR-Monthly-Receipts/monthlyReceiptSummaryHeader"), 3): Object 'Object Repository/FDR-Receipt/FDR-Report-Generation/FDR-Report-Dashboard/FDR-Monthly-Receipts/monthlyReceiptSummaryHeader' is present

2020-09-08 11:49:45 - [MESSAGE][PASSED] - Object 'Object Repository/FDR-Receipt/FDR-Report-Generation/FDR-Report-Dashboard/FDR-Monthly-Receipts/monthlyReceiptSummaryHeader' is present

2020-09-08 11:49:45 - [TEST_STEP][PASSED] - waitForElementPresent(findTestObject("Object Repository/FDR-Receipt/FDR-Report-Generation/FDR-Report-Dashboard/FDR-Monthly-Receipts/monthDropdown"), 3): Object 'Object Repository/FDR-Receipt/FDR-Report-Generation/FDR-Report-Dashboard/FDR-Monthly-Receipts/monthDropdown' is present

2020-09-08 11:49:46 - [MESSAGE][PASSED] - Object 'Object Repository/FDR-Receipt/FDR-Report-Generation/FDR-Report-Dashboard/FDR-Monthly-Receipts/monthDropdown' is present

2020-09-08 11:49:46 - [TEST_STEP][PASSED] - click(findTestObject("Object Repository/FDR-Receipt/FDR-Report-Generation/FDR-Report-Dashboard/FDR-Monthly-Receipts/monthDropdown")): Object: 'Object Repository/FDR-Receipt/FDR-Report-Generation/FDR-Report-Dashboard/FDR-Monthly-Receipts/monthDropdown' is clicked on

2020-09-08 11:49:46 - [MESSAGE][PASSED] - Object: 'Object Repository/FDR-Receipt/FDR-Report-Generation/FDR-Report-Dashboard/FDR-Monthly-Receipts/monthDropdown' is clicked on

2020-09-08 11:49:46 - [TEST_STEP][PASSED] - waitForElementPresent(findTestObject("Object Repository/FDR-Receipt/FDR-Report-Generation/FDR-Report-Dashboard/FDR-Monthly-Receipts/monthOption"), 3): Object 'Object Repository/FDR-Receipt/FDR-Report-Generation/FDR-Report-Dashboard/FDR-Monthly-Receipts/monthOption' is present

2020-09-08 11:49:46 - [MESSAGE][PASSED] - Object 'Object Repository/FDR-Receipt/FDR-Report-Generation/FDR-Report-Dashboard/FDR-Monthly-Receipts/monthOption' is present

2020-09-08 11:49:46 - [TEST_STEP][PASSED] - click(findTestObject("Object Repository/FDR-Receipt/FDR-Report-Generation/FDR-Report-Dashboard/FDR-Monthly-Receipts/monthOption")): Object: 'Object Repository/FDR-Receipt/FDR-Report-Generation/FDR-Report-Dashboard/FDR-Monthly-Receipts/monthOption' is clicked on

2020-09-08 11:49:47 - [MESSAGE][PASSED] - Object: 'Object Repository/FDR-Receipt/FDR-Report-Generation/FDR-Report-Dashboard/FDR-Monthly-Receipts/monthOption' is clicked on

2020-09-08 11:49:47 - [TEST_STEP][PASSED] - waitForElementPresent(findTestObject("FDR-Receipt/FDR-Report-Generation/FDR-Report-Dashboard/button_backToDashboard"), 3, STOP_ON_FAILURE): Object 'Object Repository/FDR-Receipt/FDR-Report-Generation/FDR-Report-Dashboard/button_backToDashboard' is present

2020-09-08 11:49:47 - [MESSAGE][PASSED] - Object 'Object Repository/FDR-Receipt/FDR-Report-Generation/FDR-Report-Dashboard/button_backToDashboard' is present

2020-09-08 11:49:47 - [TEST_STEP][PASSED] - click(findTestObject("FDR-Receipt/FDR-Report-Generation/FDR-Report-Dashboard/button_backToDashboard")): Object: 'Object Repository/FDR-Receipt/FDR-Report-Generation/FDR-Report-Dashboard/button_backToDashboard' is clicked on

2020-09-08 11:49:47 - [MESSAGE][PASSED] - Object: 'Object Repository/FDR-Receipt/FDR-Report-Generation/FDR-Report-Dashboard/button_backToDashboard' is clicked on

2020-09-08 11:49:47 - [TEST_STEP][PASSED] - waitForElementPresent(findTestObject("Object Repository/FDR-Receipt/FDR-Report-Generation/FDR-Report-Dashboard/FDR-Daily-Processing-Receipts/dailyProcessingReceiptsLabel"), 3): Object 'Object Repository/FDR-Receipt/FDR-Report-Generation/FDR-Report-Dashboard/FDR-Daily-Processing-Receipts/dailyProcessingReceiptsLabel' is present

2020-09-08 11:49:48 - [MESSAGE][PASSED] - Object 'Object Repository/FDR-Receipt/FDR-Report-Generation/FDR-Report-Dashboard/FDR-Daily-Processing-Receipts/dailyProcessingReceiptsLabel' is present

2020-09-08 11:49:48 - [TEST_STEP][PASSED] - dailyReceiptLabel = getText(findTestObject("Object Repository/FDR-Receipt/FDR-Report-Generation/FDR-Report-Dashboard/FDR-Daily-Processing-Receipts/dailyProcessingReceiptsLabel")): Text of object 'Object Repository/FDR-Receipt/FDR-Report-Generation/FDR-Report-Dashboard/FDR-Daily-Processing-Receipts/dailyProcessingReceiptsLabel' is: 'Daily Receipt Report (Defined by Processing Date)'

2020-09-08 11:49:48 - [MESSAGE][PASSED] - Text of object 'Object Repository/FDR-Receipt/FDR-Report-Generation/FDR-Report-Dashboard/FDR-Daily-Processing-Receipts/dailyProcessingReceiptsLabel' is: 'Daily Receipt Report (Defined by Processing Date)'

2020-09-08 11:49:48 - [TEST_STEP][PASSED] - assert dailyReceiptLabel == "Daily Receipt Report (Defined by Processing Date)": null

2020-09-08 11:49:48 - [TEST_STEP][PASSED] - waitForElementPresent(findTestObject("Object Repository/FDR-Receipt/FDR-Report-Generation/FDR-Report-Dashboard/FDR-Daily-Processing-Receipts/dailyProcessingReceiptsBtn"), 1): Object 'Object Repository/FDR-Receipt/FDR-Report-Generation/FDR-Report-Dashboard/FDR-Daily-Processing-Receipts/dailyProcessingReceiptsBtn' is present

2020-09-08 11:49:48 - [MESSAGE][PASSED] - Object 'Object Repository/FDR-Receipt/FDR-Report-Generation/FDR-Report-Dashboard/FDR-Daily-Processing-Receipts/dailyProcessingReceiptsBtn' is present

2020-09-08 11:49:48 - [TEST_STEP][PASSED] - click(findTestObject("Object Repository/FDR-Receipt/FDR-Report-Generation/FDR-Report-Dashboard/FDR-Daily-Processing-Receipts/dailyProcessingReceiptsBtn")): Object: 'Object Repository/FDR-Receipt/FDR-Report-Generation/FDR-Report-Dashboard/FDR-Daily-Processing-Receipts/dailyProcessingReceiptsBtn' is clicked on

2020-09-08 11:49:49 - [MESSAGE][PASSED] - Object: 'Object Repository/FDR-Receipt/FDR-Report-Generation/FDR-Report-Dashboard/FDR-Daily-Processing-Receipts/dailyProcessingReceiptsBtn' is clicked on

2020-09-08 11:49:49 - [TEST_STEP][PASSED] - waitForElementPresent(findTestObject("Object Repository/FDR-Receipt/FDR-Report-Generation/FDR-Report-Dashboard/FDR-Daily-Processing-Receipts/dailyProcessingReceiptHeader"), 3): Object 'Object Repository/FDR-Receipt/FDR-Report-Generation/FDR-Report-Dashboard/FDR-Daily-Processing-Receipts/dailyProcessingReceiptHeader' is present

2020-09-08 11:49:49 - [MESSAGE][PASSED] - Object 'Object Repository/FDR-Receipt/FDR-Report-Generation/FDR-Report-Dashboard/FDR-Daily-Processing-Receipts/dailyProcessingReceiptHeader' is present

2020-09-08 11:49:49 - [TEST_STEP][PASSED] - waitForElementPresent(findTestObject("FDR-Receipt/FDR-Report-Generation/FDR-Report-Dashboard/button_backToDashboard"), 1, STOP_ON_FAILURE): Object 'Object Repository/FDR-Receipt/FDR-Report-Generation/FDR-Report-Dashboard/button_backToDashboard' is present

2020-09-08 11:49:49 - [MESSAGE][PASSED] - Object 'Object Repository/FDR-Receipt/FDR-Report-Generation/FDR-Report-Dashboard/button_backToDashboard' is present

2020-09-08 11:49:49 - [TEST_STEP][PASSED] - click(findTestObject("FDR-Receipt/FDR-Report-Generation/FDR-Report-Dashboard/button_backToDashboard")): Object: 'Object Repository/FDR-Receipt/FDR-Report-Generation/FDR-Report-Dashboard/button_backToDashboard' is clicked on

2020-09-08 11:49:50 - [MESSAGE][PASSED] - Object: 'Object Repository/FDR-Receipt/FDR-Report-Generation/FDR-Report-Dashboard/button_backToDashboard' is clicked on

2020-09-08 11:49:50 - [TEST_STEP][PASSED] - delay(2): Delayed 2 second(s)

2020-09-08 11:49:52 - [MESSAGE][PASSED] - Delayed 2 second(s)

2020-09-08 11:49:52 - [TEST_STEP][PASSED] - Start listener action : sampleAfterTestCase: Browser is closed

2020-09-08 11:49:52 - [TEST_STEP][PASSED] - profileName = getExecutionProfile(): null

2020-09-08 11:49:52 - [TEST_STEP][PASSED] - switch (profileName): null

2020-09-08 11:49:52 - [TEST_STEP][PASSED] - if (!(skipBeforeAndAfterTestCase)): Browser is closed

2020-09-08 11:49:52 - [TEST_STEP][PASSED] - Uifunctions.logoutFDR(): Browser is closed

2020-09-08 11:49:52 - [MESSAGE][PASSED] - Browser is closed

2020-09-08 11:49:52 - [TEST_STEP][PASSED] - Start listener action : afterTestCase: null

2020-09-08 11:49:52 - [TEST_STEP][PASSED] - profileName = getExecutionProfile(): null

2020-09-08 11:49:52 - [TEST_STEP][PASSED] - if (profileName.equalsIgnoreCase("SysAdmin")): null

2020-09-08 11:49:52 - [TEST_STEP][PASSED] - Start listener action : sampleAfterTestCase: null

2020-09-08 11:49:52 - [TEST_STEP][PASSED] - profileName = getExecutionProfile(): null

2020-09-08 11:49:52 - [TEST_STEP][PASSED] - switch (profileName): null

2020-09-08 11:49:52 - [TEST_STEP][PASSED] - Default: null

2020-09-08 11:49:52 - [TEST_STEP][PASSED] - return null: null

2020-09-08 11:49:52 - [TEST_STEP][PASSED] - Start listener action : addFailedTCToList: null]]></system-out>
         <system-err><![CDATA[]]></system-err>
      </testcase>
      <testcase name="Test Cases/WEB-UI-TESTS/Receipt/FDR-Search-Receipt" time="55.112" classname="Test Cases/WEB-UI-TESTS/Receipt/FDR-Search-Receipt" status="PASSED">
         <system-out><![CDATA[2020-09-08 11:49:52 - [TEST_CASE][PASSED] - Test Cases/WEB-UI-TESTS/Receipt/FDR-Search-Receipt: Test Cases/WEB-UI-TESTS/Receipt/FDR-Search-Receipt

2020-09-08 11:49:52 - [TEST_STEP][PASSED] - Start listener action : sampleBeforeTestCase: Navigate to 'https://fdr-katalon.cammis-mod-dev.dhcs.ca.gov' successfully

2020-09-08 11:49:52 - [TEST_STEP][PASSED] - profileName = getExecutionProfile(): null

2020-09-08 11:49:52 - [TEST_STEP][PASSED] - switch (profileName): null

2020-09-08 11:49:52 - [TEST_STEP][PASSED] - testCaseId = testCaseContext.getTestCaseId(): null

2020-09-08 11:49:52 - [TEST_STEP][PASSED] - if (!(skipBeforeAndAfterTestCase)): Navigate to 'https://fdr-katalon.cammis-mod-dev.dhcs.ca.gov' successfully

2020-09-08 11:49:52 - [TEST_STEP][PASSED] - if (account7TestCases.contains(testCaseId)): null

2020-09-08 11:49:52 - [TEST_STEP][PASSED] - else if (account10TestCases.contains(testCaseId)): null

2020-09-08 11:49:52 - [TEST_STEP][PASSED] - else: Object: 'Object Repository/FDR-SignIn/SignInButton' is clicked on

2020-09-08 11:49:52 - [TEST_STEP][PASSED] - Uifunctions.loginFDR(accountsApprover, accountsApproverPwd): Object: 'Object Repository/FDR-SignIn/SignInButton' is clicked on

2020-09-08 11:49:52 - [MESSAGE][INFO] - Starting 'Chrome' driver

2020-09-08 11:49:52 - [MESSAGE][INFO] - Action delay is set to 0 milliseconds

2020-09-08 11:49:56 - [MESSAGE][PASSED] - Browser is opened with url: ''

2020-09-08 11:49:58 - [MESSAGE][PASSED] - Current window maximized

2020-09-08 11:49:59 - [MESSAGE][PASSED] - Navigate to 'https://fdr-katalon.cammis-mod-dev.dhcs.ca.gov' successfully

2020-09-08 11:50:01 - [MESSAGE][PASSED] - Object 'Object Repository/FDR-SignIn/SignInEmail' is present

2020-09-08 11:50:01 - [MESSAGE][PASSED] - Object: 'Object Repository/FDR-SignIn/SignInEmail' is clicked on

2020-09-08 11:50:01 - [MESSAGE][PASSED] - Object 'Object Repository/FDR-SignIn/SignInEmail' is present

2020-09-08 11:50:02 - [MESSAGE][PASSED] - Text 'fdr.test3@dhcs.ca.gov' is set on object 'Object Repository/FDR-SignIn/SignInEmail'

2020-09-08 11:50:02 - [MESSAGE][PASSED] - Object 'Object Repository/FDR-SignIn/SignInEmailNext' is visible

2020-09-08 11:50:03 - [MESSAGE][PASSED] - Object: 'Object Repository/FDR-SignIn/SignInEmailNext' is clicked on

2020-09-08 11:50:06 - [MESSAGE][PASSED] - Object 'Object Repository/FDR-SignIn/SignInEmailPassword' is visible

2020-09-08 11:50:06 - [MESSAGE][PASSED] - Object: 'Object Repository/FDR-SignIn/SignInEmailPassword' is clicked on

2020-09-08 11:50:06 - [MESSAGE][PASSED] - Text ****** has been set on object 'Object Repository/FDR-SignIn/SignInEmailPassword'

2020-09-08 11:50:08 - [MESSAGE][PASSED] - Object: 'Object Repository/FDR-SignIn/SignInButton' is clicked on

2020-09-08 11:50:08 - [TEST_STEP][PASSED] - navigateToUrl(URL): Navigate to 'https://fdr-katalon.cammis-mod-dev.dhcs.ca.gov' successfully

2020-09-08 11:50:09 - [MESSAGE][PASSED] - Navigate to 'https://fdr-katalon.cammis-mod-dev.dhcs.ca.gov' successfully

2020-09-08 11:50:09 - [TEST_STEP][PASSED] - Start listener action : beforeTestCase: null

2020-09-08 11:50:09 - [TEST_STEP][PASSED] - profileName = getExecutionProfile(): null

2020-09-08 11:50:09 - [TEST_STEP][PASSED] - if (profileName.equalsIgnoreCase("SysAdmin")): null

2020-09-08 11:50:09 - [TEST_STEP][PASSED] - Start listener action : sampleBeforeTestCase: null

2020-09-08 11:50:09 - [TEST_STEP][PASSED] - profileName = getExecutionProfile(): null

2020-09-08 11:50:09 - [TEST_STEP][PASSED] - testCaseId = testCaseContext.getTestCaseId(): null

2020-09-08 11:50:09 - [TEST_STEP][PASSED] - switch (profileName): null

2020-09-08 11:50:09 - [TEST_STEP][PASSED] - Default: null

2020-09-08 11:50:09 - [TEST_STEP][PASSED] - return null: null

2020-09-08 11:50:09 - [TEST_STEP][PASSED] - Start listener action : executeRows: null

2020-09-08 11:50:09 - [TEST_STEP][PASSED] - waitForElementPresent(findTestObject("Object Repository/FDR-Receipt/FDR-Search-Receipt/searchBar"), 3): Object 'Object Repository/FDR-Receipt/FDR-Search-Receipt/searchBar' is present

2020-09-08 11:50:11 - [MESSAGE][PASSED] - Object 'Object Repository/FDR-Receipt/FDR-Search-Receipt/searchBar' is present

2020-09-08 11:50:11 - [TEST_STEP][PASSED] - click(findTestObject("Object Repository/FDR-Receipt/FDR-Search-Receipt/searchBar")): Object: 'Object Repository/FDR-Receipt/FDR-Search-Receipt/searchBar' is clicked on

2020-09-08 11:50:11 - [MESSAGE][PASSED] - Object: 'Object Repository/FDR-Receipt/FDR-Search-Receipt/searchBar' is clicked on

2020-09-08 11:50:11 - [TEST_STEP][PASSED] - setText(findTestObject("Object Repository/FDR-Receipt/FDR-Search-Receipt/searchBar"), depositId): Text '769' is set on object 'Object Repository/FDR-Receipt/FDR-Search-Receipt/searchBar'

2020-09-08 11:50:12 - [MESSAGE][PASSED] - Text '769' is set on object 'Object Repository/FDR-Receipt/FDR-Search-Receipt/searchBar'

2020-09-08 11:50:12 - [TEST_STEP][PASSED] - waitForElementPresent(findTestObject("Object Repository/FDR-Receipt/FDR-Search-Receipt/noMatchingTasks"), 2, STOP_ON_FAILURE): Object 'Object Repository/FDR-Receipt/FDR-Search-Receipt/noMatchingTasks' is not present after 2 second(s)

2020-09-08 11:50:15 - [MESSAGE][INFO] - Unable to find the element located by 'By.xpath: //*[contains(text(),'No matching')]'. Please recheck the objects properties to make sure the desired element is located. 

2020-09-08 11:50:15 - [MESSAGE][WARNING] - Object 'Object Repository/FDR-Receipt/FDR-Search-Receipt/noMatchingTasks' is not present after 2 second(s)

2020-09-08 11:50:15 - [TEST_STEP][PASSED] - setText(findTestObject("Object Repository/FDR-Receipt/FDR-Search-Receipt/searchBar"), ""): Text '' is set on object 'Object Repository/FDR-Receipt/FDR-Search-Receipt/searchBar'

2020-09-08 11:50:16 - [MESSAGE][PASSED] - Text '' is set on object 'Object Repository/FDR-Receipt/FDR-Search-Receipt/searchBar'

2020-09-08 11:50:16 - [TEST_STEP][PASSED] - refresh(): Refresh successfully

2020-09-08 11:50:16 - [MESSAGE][PASSED] - Refresh successfully

2020-09-08 11:50:16 - [TEST_STEP][PASSED] - waitForElementPresent(findTestObject("Object Repository/FDR-Receipt/FDR-Search-Receipt/searchBar"), 3): Object 'Object Repository/FDR-Receipt/FDR-Search-Receipt/searchBar' is present

2020-09-08 11:50:17 - [MESSAGE][PASSED] - Object 'Object Repository/FDR-Receipt/FDR-Search-Receipt/searchBar' is present

2020-09-08 11:50:17 - [TEST_STEP][PASSED] - click(findTestObject("Object Repository/FDR-Receipt/FDR-Search-Receipt/searchBar")): Object: 'Object Repository/FDR-Receipt/FDR-Search-Receipt/searchBar' is clicked on

2020-09-08 11:50:17 - [MESSAGE][PASSED] - Object: 'Object Repository/FDR-Receipt/FDR-Search-Receipt/searchBar' is clicked on

2020-09-08 11:50:17 - [TEST_STEP][PASSED] - setText(findTestObject("Object Repository/FDR-Receipt/FDR-Search-Receipt/searchBar"), drawDate): Text '01/13/2021' is set on object 'Object Repository/FDR-Receipt/FDR-Search-Receipt/searchBar'

2020-09-08 11:50:18 - [MESSAGE][PASSED] - Text '01/13/2021' is set on object 'Object Repository/FDR-Receipt/FDR-Search-Receipt/searchBar'

2020-09-08 11:50:18 - [TEST_STEP][PASSED] - waitForElementPresent(findTestObject("Object Repository/FDR-Receipt/FDR-Search-Receipt/noMatchingTasks"), 2, STOP_ON_FAILURE): Object 'Object Repository/FDR-Receipt/FDR-Search-Receipt/noMatchingTasks' is present

2020-09-08 11:50:19 - [MESSAGE][PASSED] - Object 'Object Repository/FDR-Receipt/FDR-Search-Receipt/noMatchingTasks' is present

2020-09-08 11:50:19 - [TEST_STEP][PASSED] - setText(findTestObject("Object Repository/FDR-Receipt/FDR-Search-Receipt/searchBar"), ""): Text '' is set on object 'Object Repository/FDR-Receipt/FDR-Search-Receipt/searchBar'

2020-09-08 11:50:19 - [MESSAGE][PASSED] - Text '' is set on object 'Object Repository/FDR-Receipt/FDR-Search-Receipt/searchBar'

2020-09-08 11:50:19 - [TEST_STEP][PASSED] - refresh(): Refresh successfully

2020-09-08 11:50:20 - [MESSAGE][PASSED] - Refresh successfully

2020-09-08 11:50:20 - [TEST_STEP][PASSED] - waitForElementPresent(findTestObject("Object Repository/FDR-Receipt/FDR-Search-Receipt/searchBar"), 3): Object 'Object Repository/FDR-Receipt/FDR-Search-Receipt/searchBar' is present

2020-09-08 11:50:21 - [MESSAGE][PASSED] - Object 'Object Repository/FDR-Receipt/FDR-Search-Receipt/searchBar' is present

2020-09-08 11:50:21 - [TEST_STEP][PASSED] - click(findTestObject("Object Repository/FDR-Receipt/FDR-Search-Receipt/searchBar")): Object: 'Object Repository/FDR-Receipt/FDR-Search-Receipt/searchBar' is clicked on

2020-09-08 11:50:21 - [MESSAGE][PASSED] - Object: 'Object Repository/FDR-Receipt/FDR-Search-Receipt/searchBar' is clicked on

2020-09-08 11:50:21 - [TEST_STEP][PASSED] - setText(findTestObject("Object Repository/FDR-Receipt/FDR-Search-Receipt/searchBar"), payDate): Text '01/15/2021' is set on object 'Object Repository/FDR-Receipt/FDR-Search-Receipt/searchBar'

2020-09-08 11:50:22 - [MESSAGE][PASSED] - Text '01/15/2021' is set on object 'Object Repository/FDR-Receipt/FDR-Search-Receipt/searchBar'

2020-09-08 11:50:22 - [TEST_STEP][PASSED] - waitForElementPresent(findTestObject("Object Repository/FDR-Receipt/FDR-Search-Receipt/noMatchingTasks"), 2, STOP_ON_FAILURE): Object 'Object Repository/FDR-Receipt/FDR-Search-Receipt/noMatchingTasks' is present

2020-09-08 11:50:23 - [MESSAGE][PASSED] - Object 'Object Repository/FDR-Receipt/FDR-Search-Receipt/noMatchingTasks' is present

2020-09-08 11:50:23 - [TEST_STEP][PASSED] - setText(findTestObject("Object Repository/FDR-Receipt/FDR-Search-Receipt/searchBar"), ""): Text '' is set on object 'Object Repository/FDR-Receipt/FDR-Search-Receipt/searchBar'

2020-09-08 11:50:23 - [MESSAGE][PASSED] - Text '' is set on object 'Object Repository/FDR-Receipt/FDR-Search-Receipt/searchBar'

2020-09-08 11:50:23 - [TEST_STEP][PASSED] - refresh(): Refresh successfully

2020-09-08 11:50:24 - [MESSAGE][PASSED] - Refresh successfully

2020-09-08 11:50:24 - [TEST_STEP][PASSED] - click(findTestObject("Object Repository/FDR-Receipt/FDR-Search-Receipt/searchBar")): Object: 'Object Repository/FDR-Receipt/FDR-Search-Receipt/searchBar' is clicked on

2020-09-08 11:50:25 - [MESSAGE][PASSED] - Object: 'Object Repository/FDR-Receipt/FDR-Search-Receipt/searchBar' is clicked on

2020-09-08 11:50:25 - [TEST_STEP][PASSED] - setText(findTestObject("Object Repository/FDR-Receipt/FDR-Search-Receipt/searchBar"), "resume"): Text 'resume' is set on object 'Object Repository/FDR-Receipt/FDR-Search-Receipt/searchBar'

2020-09-08 11:50:25 - [MESSAGE][PASSED] - Text 'resume' is set on object 'Object Repository/FDR-Receipt/FDR-Search-Receipt/searchBar'

2020-09-08 11:50:25 - [TEST_STEP][PASSED] - delay(4): Delayed 4 second(s)

2020-09-08 11:50:29 - [MESSAGE][PASSED] - Delayed 4 second(s)

2020-09-08 11:50:29 - [TEST_STEP][PASSED] - waitForElementPresent(findTestObject("Object Repository/FDR-Receipt/FDR-Search-Receipt/noMatchingTasks"), 2, STOP_ON_FAILURE): Object 'Object Repository/FDR-Receipt/FDR-Search-Receipt/noMatchingTasks' is present

2020-09-08 11:50:30 - [MESSAGE][PASSED] - Object 'Object Repository/FDR-Receipt/FDR-Search-Receipt/noMatchingTasks' is present

2020-09-08 11:50:30 - [TEST_STEP][PASSED] - setText(findTestObject("Object Repository/FDR-Receipt/FDR-Search-Receipt/searchBar"), ""): Text '' is set on object 'Object Repository/FDR-Receipt/FDR-Search-Receipt/searchBar'

2020-09-08 11:50:30 - [MESSAGE][PASSED] - Text '' is set on object 'Object Repository/FDR-Receipt/FDR-Search-Receipt/searchBar'

2020-09-08 11:50:30 - [TEST_STEP][PASSED] - refresh(): Refresh successfully

2020-09-08 11:50:31 - [MESSAGE][PASSED] - Refresh successfully

2020-09-08 11:50:31 - [TEST_STEP][PASSED] - click(findTestObject("Object Repository/FDR-Receipt/FDR-Search-Receipt/searchBar")): Object: 'Object Repository/FDR-Receipt/FDR-Search-Receipt/searchBar' is clicked on

2020-09-08 11:50:31 - [MESSAGE][PASSED] - Object: 'Object Repository/FDR-Receipt/FDR-Search-Receipt/searchBar' is clicked on

2020-09-08 11:50:31 - [TEST_STEP][PASSED] - setText(findTestObject("Object Repository/FDR-Receipt/FDR-Search-Receipt/searchBar"), "fix"): Text 'fix' is set on object 'Object Repository/FDR-Receipt/FDR-Search-Receipt/searchBar'

2020-09-08 11:50:32 - [MESSAGE][PASSED] - Text 'fix' is set on object 'Object Repository/FDR-Receipt/FDR-Search-Receipt/searchBar'

2020-09-08 11:50:32 - [TEST_STEP][PASSED] - waitForElementPresent(findTestObject("Object Repository/FDR-Receipt/FDR-Search-Receipt/noMatchingTasks"), 2, STOP_ON_FAILURE): Object 'Object Repository/FDR-Receipt/FDR-Search-Receipt/noMatchingTasks' is present

2020-09-08 11:50:33 - [MESSAGE][PASSED] - Object 'Object Repository/FDR-Receipt/FDR-Search-Receipt/noMatchingTasks' is present

2020-09-08 11:50:33 - [TEST_STEP][PASSED] - setText(findTestObject("Object Repository/FDR-Receipt/FDR-Search-Receipt/searchBar"), ""): Text '' is set on object 'Object Repository/FDR-Receipt/FDR-Search-Receipt/searchBar'

2020-09-08 11:50:34 - [MESSAGE][PASSED] - Text '' is set on object 'Object Repository/FDR-Receipt/FDR-Search-Receipt/searchBar'

2020-09-08 11:50:34 - [TEST_STEP][PASSED] - refresh(): Refresh successfully

2020-09-08 11:50:34 - [MESSAGE][PASSED] - Refresh successfully

2020-09-08 11:50:34 - [TEST_STEP][PASSED] - click(findTestObject("Object Repository/FDR-Receipt/FDR-Search-Receipt/buttonResume")): Object: 'Object Repository/FDR-Receipt/FDR-Search-Receipt/buttonResume' is clicked on

2020-09-08 11:50:35 - [MESSAGE][PASSED] - Object: 'Object Repository/FDR-Receipt/FDR-Search-Receipt/buttonResume' is clicked on

2020-09-08 11:50:35 - [TEST_STEP][PASSED] - waitForElementPresent(findTestObject("Object Repository/FDR-Receipt/FDR-Search-Receipt/resumeBatch"), 2, STOP_ON_FAILURE): Object 'Object Repository/FDR-Receipt/FDR-Search-Receipt/resumeBatch' is present

2020-09-08 11:50:36 - [MESSAGE][PASSED] - Object 'Object Repository/FDR-Receipt/FDR-Search-Receipt/resumeBatch' is present

2020-09-08 11:50:36 - [TEST_STEP][PASSED] - click(findTestObject("Object Repository/FDR-Receipt/FDR-Search-Receipt/resumeBatch")): Object: 'Object Repository/FDR-Receipt/FDR-Search-Receipt/resumeBatch' is clicked on

2020-09-08 11:50:37 - [MESSAGE][PASSED] - Object: 'Object Repository/FDR-Receipt/FDR-Search-Receipt/resumeBatch' is clicked on

2020-09-08 11:50:37 - [TEST_STEP][PASSED] - delay(10): Delayed 10 second(s)

2020-09-08 11:50:47 - [MESSAGE][PASSED] - Delayed 10 second(s)

2020-09-08 11:50:47 - [TEST_STEP][PASSED] - waitForElementPresent(findTestObject("Object Repository/FDR-Receipt/FDR-ReceiptBatch/Fix/reviewButton"), 2, STOP_ON_FAILURE): Object 'Object Repository/FDR-Receipt/FDR-ReceiptBatch/Fix/reviewButton' is present

2020-09-08 11:50:47 - [MESSAGE][PASSED] - Object 'Object Repository/FDR-Receipt/FDR-ReceiptBatch/Fix/reviewButton' is present

2020-09-08 11:50:47 - [TEST_STEP][PASSED] - Start listener action : sampleAfterTestCase: Browser is closed

2020-09-08 11:50:47 - [TEST_STEP][PASSED] - profileName = getExecutionProfile(): null

2020-09-08 11:50:47 - [TEST_STEP][PASSED] - switch (profileName): null

2020-09-08 11:50:47 - [TEST_STEP][PASSED] - if (!(skipBeforeAndAfterTestCase)): Browser is closed

2020-09-08 11:50:47 - [TEST_STEP][PASSED] - Uifunctions.logoutFDR(): Browser is closed

2020-09-08 11:50:48 - [MESSAGE][PASSED] - Browser is closed

2020-09-08 11:50:48 - [TEST_STEP][PASSED] - Start listener action : afterTestCase: null

2020-09-08 11:50:48 - [TEST_STEP][PASSED] - profileName = getExecutionProfile(): null

2020-09-08 11:50:48 - [TEST_STEP][PASSED] - if (profileName.equalsIgnoreCase("SysAdmin")): null

2020-09-08 11:50:48 - [TEST_STEP][PASSED] - Start listener action : sampleAfterTestCase: null

2020-09-08 11:50:48 - [TEST_STEP][PASSED] - profileName = getExecutionProfile(): null

2020-09-08 11:50:48 - [TEST_STEP][PASSED] - switch (profileName): null

2020-09-08 11:50:48 - [TEST_STEP][PASSED] - Default: null

2020-09-08 11:50:48 - [TEST_STEP][PASSED] - return null: null

2020-09-08 11:50:48 - [TEST_STEP][PASSED] - Start listener action : addFailedTCToList: null]]></system-out>
         <system-err><![CDATA[]]></system-err>
      </testcase>
      <system-out><![CDATA[2020-09-08 11:32:18 - [TEST_SUITE][PASSED] - Receipt-Integration_Suite: Test Cases/WEB-UI-TESTS/Receipt/FDR-Search-Receipt]]></system-out>
      <system-err><![CDATA[]]></system-err>
   </testsuite>
   <testsuite name="Draw-Integration_Suite" tests="8" failures="3" errors="1" time="1229.561" timestamp="2020-09-08 11:32:18" hostname="nagesh.allu - DESKTOP-9VU7G8T.attlocal.net" id="Test Suites/Draw-Integration_Suite">
      <properties>
         <property name="deviceName" value=""/>
         <property name="devicePlatform" value=""/>
         <property name="logFolder" value="C:\\fdr-automation-develop_08_25_2020\\Reports\\20200908_113210\\Draw-Integration_Suite\\20200908_113213"/>
         <property name="logFiles" value="C:\\fdr-automation-develop_08_25_2020\\Reports\\20200908_113210\\Draw-Integration_Suite\\20200908_113213\\execution0.log"/>
         <property name="attachments" value="C:\\fdr-automation-develop_08_25_2020\\Reports\\20200908_113210\\Draw-Integration_Suite\\20200908_113213\\1599590420212.png, C:\\fdr-automation-develop_08_25_2020\\Reports\\20200908_113210\\Draw-Integration_Suite\\20200908_113213\\1599590427772.png, C:\\fdr-automation-develop_08_25_2020\\Reports\\20200908_113210\\Draw-Integration_Suite\\20200908_113213\\1599590435540.png, C:\\fdr-automation-develop_08_25_2020\\Reports\\20200908_113210\\Draw-Integration_Suite\\20200908_113213\\1599590443383.png, C:\\fdr-automation-develop_08_25_2020\\Reports\\20200908_113210\\Draw-Integration_Suite\\20200908_113213\\1599590450975.png, C:\\fdr-automation-develop_08_25_2020\\Reports\\20200908_113210\\Draw-Integration_Suite\\20200908_113213\\1599590460648.png, C:\\fdr-automation-develop_08_25_2020\\Reports\\20200908_113210\\Draw-Integration_Suite\\20200908_113213\\1599590471155.png, C:\\fdr-automation-develop_08_25_2020\\Reports\\20200908_113210\\Draw-Integration_Suite\\20200908_113213\\1599590478978.png, C:\\fdr-automation-develop_08_25_2020\\Reports\\20200908_113210\\Draw-Integration_Suite\\20200908_113213\\1599590487015.png, C:\\fdr-automation-develop_08_25_2020\\Reports\\20200908_113210\\Draw-Integration_Suite\\20200908_113213\\1599590494798.png, C:\\fdr-automation-develop_08_25_2020\\Reports\\20200908_113210\\Draw-Integration_Suite\\20200908_113213\\1599590566247.png, C:\\fdr-automation-develop_08_25_2020\\Reports\\20200908_113210\\Draw-Integration_Suite\\20200908_113213\\1599590571964.png, C:\\fdr-automation-develop_08_25_2020\\Reports\\20200908_113210\\Draw-Integration_Suite\\20200908_113213\\1599590579316.png, C:\\fdr-automation-develop_08_25_2020\\Reports\\20200908_113210\\Draw-Integration_Suite\\20200908_113213\\1599590585918.png, C:\\fdr-automation-develop_08_25_2020\\Reports\\20200908_113210\\Draw-Integration_Suite\\20200908_113213\\1599590590377.png, C:\\fdr-automation-develop_08_25_2020\\Reports\\20200908_113210\\Draw-Integration_Suite\\20200908_113213\\1599590594828.png, C:\\fdr-automation-develop_08_25_2020\\Reports\\20200908_113210\\Draw-Integration_Suite\\20200908_113213\\1599590599186.png, C:\\fdr-automation-develop_08_25_2020\\Reports\\20200908_113210\\Draw-Integration_Suite\\20200908_113213\\1599590605605.png, C:\\fdr-automation-develop_08_25_2020\\Reports\\20200908_113210\\Draw-Integration_Suite\\20200908_113213\\1599590612073.png, C:\\fdr-automation-develop_08_25_2020\\Reports\\20200908_113210\\Draw-Integration_Suite\\20200908_113213\\1599590618513.png, C:\\fdr-automation-develop_08_25_2020\\Reports\\20200908_113210\\Draw-Integration_Suite\\20200908_113213\\1599590624992.png, C:\\fdr-automation-develop_08_25_2020\\Reports\\20200908_113210\\Draw-Integration_Suite\\20200908_113213\\1599590631618.png, C:\\fdr-automation-develop_08_25_2020\\Reports\\20200908_113210\\Draw-Integration_Suite\\20200908_113213\\1599590638103.png, C:\\fdr-automation-develop_08_25_2020\\Reports\\20200908_113210\\Draw-Integration_Suite\\20200908_113213\\1599590644744.png, C:\\fdr-automation-develop_08_25_2020\\Reports\\20200908_113210\\Draw-Integration_Suite\\20200908_113213\\1599590651187.png, C:\\fdr-automation-develop_08_25_2020\\Reports\\20200908_113210\\Draw-Integration_Suite\\20200908_113213\\1599590657594.png, C:\\fdr-automation-develop_08_25_2020\\Reports\\20200908_113210\\Draw-Integration_Suite\\20200908_113213\\1599590664039.png, C:\\fdr-automation-develop_08_25_2020\\Reports\\20200908_113210\\Draw-Integration_Suite\\20200908_113213\\1599590670533.png, C:\\fdr-automation-develop_08_25_2020\\Reports\\20200908_113210\\Draw-Integration_Suite\\20200908_113213\\1599590676987.png, C:\\fdr-automation-develop_08_25_2020\\Reports\\20200908_113210\\Draw-Integration_Suite\\20200908_113213\\1599590683391.png, C:\\fdr-automation-develop_08_25_2020\\Reports\\20200908_113210\\Draw-Integration_Suite\\20200908_113213\\1599590689957.png, C:\\fdr-automation-develop_08_25_2020\\Reports\\20200908_113210\\Draw-Integration_Suite\\20200908_113213\\1599590696546.png, C:\\fdr-automation-develop_08_25_2020\\Reports\\20200908_113210\\Draw-Integration_Suite\\20200908_113213\\1599590703267.png, C:\\fdr-automation-develop_08_25_2020\\Reports\\20200908_113210\\Draw-Integration_Suite\\20200908_113213\\1599590710054.png, C:\\fdr-automation-develop_08_25_2020\\Reports\\20200908_113210\\Draw-Integration_Suite\\20200908_113213\\1599590716588.png, C:\\fdr-automation-develop_08_25_2020\\Reports\\20200908_113210\\Draw-Integration_Suite\\20200908_113213\\1599590722995.png, C:\\fdr-automation-develop_08_25_2020\\Reports\\20200908_113210\\Draw-Integration_Suite\\20200908_113213\\1599590729657.png, C:\\fdr-automation-develop_08_25_2020\\Reports\\20200908_113210\\Draw-Integration_Suite\\20200908_113213\\1599590736175.png, C:\\fdr-automation-develop_08_25_2020\\Reports\\20200908_113210\\Draw-Integration_Suite\\20200908_113213\\1599590742645.png, C:\\fdr-automation-develop_08_25_2020\\Reports\\20200908_113210\\Draw-Integration_Suite\\20200908_113213\\1599590749153.png, C:\\fdr-automation-develop_08_25_2020\\Reports\\20200908_113210\\Draw-Integration_Suite\\20200908_113213\\1599590755772.png, C:\\fdr-automation-develop_08_25_2020\\Reports\\20200908_113210\\Draw-Integration_Suite\\20200908_113213\\1599590762440.png, C:\\fdr-automation-develop_08_25_2020\\Reports\\20200908_113210\\Draw-Integration_Suite\\20200908_113213\\1599590769010.png, C:\\fdr-automation-develop_08_25_2020\\Reports\\20200908_113210\\Draw-Integration_Suite\\20200908_113213\\1599590775553.png, C:\\fdr-automation-develop_08_25_2020\\Reports\\20200908_113210\\Draw-Integration_Suite\\20200908_113213\\1599590782450.png, C:\\fdr-automation-develop_08_25_2020\\Reports\\20200908_113210\\Draw-Integration_Suite\\20200908_113213\\1599590783288.png, C:\\fdr-automation-develop_08_25_2020\\Reports\\20200908_113210\\Draw-Integration_Suite\\20200908_113213\\1599590786106.png, C:\\fdr-automation-develop_08_25_2020\\Reports\\20200908_113210\\Draw-Integration_Suite\\20200908_113213\\1599590791082.png, C:\\fdr-automation-develop_08_25_2020\\Reports\\20200908_113210\\Draw-Integration_Suite\\20200908_113213\\1599590795807.png, C:\\fdr-automation-develop_08_25_2020\\Reports\\20200908_113210\\Draw-Integration_Suite\\20200908_113213\\1599590800339.png, C:\\fdr-automation-develop_08_25_2020\\Reports\\20200908_113210\\Draw-Integration_Suite\\20200908_113213\\1599590804766.png, C:\\fdr-automation-develop_08_25_2020\\Reports\\20200908_113210\\Draw-Integration_Suite\\20200908_113213\\1599590813643.png, C:\\fdr-automation-develop_08_25_2020\\Reports\\20200908_113210\\Draw-Integration_Suite\\20200908_113213\\1599590821152.png, C:\\fdr-automation-develop_08_25_2020\\Reports\\20200908_113210\\Draw-Integration_Suite\\20200908_113213\\1599590827829.png, C:\\fdr-automation-develop_08_25_2020\\Reports\\20200908_113210\\Draw-Integration_Suite\\20200908_113213\\1599590832224.png, C:\\fdr-automation-develop_08_25_2020\\Reports\\20200908_113210\\Draw-Integration_Suite\\20200908_113213\\1599590836762.png, C:\\fdr-automation-develop_08_25_2020\\Reports\\20200908_113210\\Draw-Integration_Suite\\20200908_113213\\1599590841094.png, C:\\fdr-automation-develop_08_25_2020\\Reports\\20200908_113210\\Draw-Integration_Suite\\20200908_113213\\1599590847757.png, C:\\fdr-automation-develop_08_25_2020\\Reports\\20200908_113210\\Draw-Integration_Suite\\20200908_113213\\1599590854363.png, C:\\fdr-automation-develop_08_25_2020\\Reports\\20200908_113210\\Draw-Integration_Suite\\20200908_113213\\1599590860989.png, C:\\fdr-automation-develop_08_25_2020\\Reports\\20200908_113210\\Draw-Integration_Suite\\20200908_113213\\1599590867465.png, C:\\fdr-automation-develop_08_25_2020\\Reports\\20200908_113210\\Draw-Integration_Suite\\20200908_113213\\1599590873807.png, C:\\fdr-automation-develop_08_25_2020\\Reports\\20200908_113210\\Draw-Integration_Suite\\20200908_113213\\1599590880190.png, C:\\fdr-automation-develop_08_25_2020\\Reports\\20200908_113210\\Draw-Integration_Suite\\20200908_113213\\1599590886946.png, C:\\fdr-automation-develop_08_25_2020\\Reports\\20200908_113210\\Draw-Integration_Suite\\20200908_113213\\1599590893329.png, C:\\fdr-automation-develop_08_25_2020\\Reports\\20200908_113210\\Draw-Integration_Suite\\20200908_113213\\1599590899768.png, C:\\fdr-automation-develop_08_25_2020\\Reports\\20200908_113210\\Draw-Integration_Suite\\20200908_113213\\1599590906206.png, C:\\fdr-automation-develop_08_25_2020\\Reports\\20200908_113210\\Draw-Integration_Suite\\20200908_113213\\1599590912652.png, C:\\fdr-automation-develop_08_25_2020\\Reports\\20200908_113210\\Draw-Integration_Suite\\20200908_113213\\1599590919264.png, C:\\fdr-automation-develop_08_25_2020\\Reports\\20200908_113210\\Draw-Integration_Suite\\20200908_113213\\1599590925870.png, C:\\fdr-automation-develop_08_25_2020\\Reports\\20200908_113210\\Draw-Integration_Suite\\20200908_113213\\1599590932454.png, C:\\fdr-automation-develop_08_25_2020\\Reports\\20200908_113210\\Draw-Integration_Suite\\20200908_113213\\1599590939112.png, C:\\fdr-automation-develop_08_25_2020\\Reports\\20200908_113210\\Draw-Integration_Suite\\20200908_113213\\1599590945967.png, C:\\fdr-automation-develop_08_25_2020\\Reports\\20200908_113210\\Draw-Integration_Suite\\20200908_113213\\1599590952563.png, C:\\fdr-automation-develop_08_25_2020\\Reports\\20200908_113210\\Draw-Integration_Suite\\20200908_113213\\1599590959130.png, C:\\fdr-automation-develop_08_25_2020\\Reports\\20200908_113210\\Draw-Integration_Suite\\20200908_113213\\1599590965796.png, C:\\fdr-automation-develop_08_25_2020\\Reports\\20200908_113210\\Draw-Integration_Suite\\20200908_113213\\1599590972391.png, C:\\fdr-automation-develop_08_25_2020\\Reports\\20200908_113210\\Draw-Integration_Suite\\20200908_113213\\1599590978829.png, C:\\fdr-automation-develop_08_25_2020\\Reports\\20200908_113210\\Draw-Integration_Suite\\20200908_113213\\1599590985601.png, C:\\fdr-automation-develop_08_25_2020\\Reports\\20200908_113210\\Draw-Integration_Suite\\20200908_113213\\1599590992392.png, C:\\fdr-automation-develop_08_25_2020\\Reports\\20200908_113210\\Draw-Integration_Suite\\20200908_113213\\1599590998976.png, C:\\fdr-automation-develop_08_25_2020\\Reports\\20200908_113210\\Draw-Integration_Suite\\20200908_113213\\1599591005938.png, C:\\fdr-automation-develop_08_25_2020\\Reports\\20200908_113210\\Draw-Integration_Suite\\20200908_113213\\1599591012334.png, C:\\fdr-automation-develop_08_25_2020\\Reports\\20200908_113210\\Draw-Integration_Suite\\20200908_113213\\1599591018907.png, C:\\fdr-automation-develop_08_25_2020\\Reports\\20200908_113210\\Draw-Integration_Suite\\20200908_113213\\1599591025720.png, C:\\fdr-automation-develop_08_25_2020\\Reports\\20200908_113210\\Draw-Integration_Suite\\20200908_113213\\1599591026530.png, C:\\fdr-automation-develop_08_25_2020\\Reports\\20200908_113210\\Draw-Integration_Suite\\20200908_113213\\1599591029092.png, C:\\fdr-automation-develop_08_25_2020\\Reports\\20200908_113210\\Draw-Integration_Suite\\20200908_113213\\1599591033698.png, C:\\fdr-automation-develop_08_25_2020\\Reports\\20200908_113210\\Draw-Integration_Suite\\20200908_113213\\1599591041506.png, C:\\fdr-automation-develop_08_25_2020\\Reports\\20200908_113210\\Draw-Integration_Suite\\20200908_113213\\1599591046045.png, C:\\fdr-automation-develop_08_25_2020\\Reports\\20200908_113210\\Draw-Integration_Suite\\20200908_113213\\1599591050421.png, C:\\fdr-automation-develop_08_25_2020\\Reports\\20200908_113210\\Draw-Integration_Suite\\20200908_113213\\1599591054904.png, C:\\fdr-automation-develop_08_25_2020\\Reports\\20200908_113210\\Draw-Integration_Suite\\20200908_113213\\1599591061539.png, C:\\fdr-automation-develop_08_25_2020\\Reports\\20200908_113210\\Draw-Integration_Suite\\20200908_113213\\1599591068141.png, C:\\fdr-automation-develop_08_25_2020\\Reports\\20200908_113210\\Draw-Integration_Suite\\20200908_113213\\1599591078959.png, C:\\fdr-automation-develop_08_25_2020\\Reports\\20200908_113210\\Draw-Integration_Suite\\20200908_113213\\1599591086609.png, C:\\fdr-automation-develop_08_25_2020\\Reports\\20200908_113210\\Draw-Integration_Suite\\20200908_113213\\1599591093112.png, C:\\fdr-automation-develop_08_25_2020\\Reports\\20200908_113210\\Draw-Integration_Suite\\20200908_113213\\1599591098596.png, C:\\fdr-automation-develop_08_25_2020\\Reports\\20200908_113210\\Draw-Integration_Suite\\20200908_113213\\1599591109599.png, C:\\fdr-automation-develop_08_25_2020\\Reports\\20200908_113210\\Draw-Integration_Suite\\20200908_113213\\1599591119069.png, C:\\fdr-automation-develop_08_25_2020\\Reports\\20200908_113210\\Draw-Integration_Suite\\20200908_113213\\1599591126597.png, C:\\fdr-automation-develop_08_25_2020\\Reports\\20200908_113210\\Draw-Integration_Suite\\20200908_113213\\1599591134127.png, C:\\fdr-automation-develop_08_25_2020\\Reports\\20200908_113210\\Draw-Integration_Suite\\20200908_113213\\1599591140698.png"/>
         <property name="hostName" value="nagesh.allu - DESKTOP-9VU7G8T.attlocal.net"/>
         <property name="os" value="Windows 10 64bit"/>
         <property name="katalonVersion" value="7.6.6.205"/>
         <property name="browser" value="Chrome 85.0.4183.83"/>
         <property name="hostAddress" value="192.168.1.188"/>
         <property name="sessionId" value="511aee2560964b024ae65a6d5353ddcf"/>
         <property name="seleniumVersion" value="3.141.59"/>
         <property name="proxyInformation" value="ProxyInformation { proxyOption=NO_PROXY, proxyServerType=HTTP, username=, password=********, proxyServerAddress=, proxyServerPort=0, executionList=&quot;&quot;, isApplyToDesiredCapabilities=true }"/>
         <property name="platform" value="Windows 10"/>
      </properties>
      <testcase name="Test Cases/WEB-UI-TESTS/Draw/FDR-Draw-Voucher-Date-Validation" time="129.764" classname="Test Cases/WEB-UI-TESTS/Draw/FDR-Draw-Voucher-Date-Validation" status="PASSED">
         <system-out><![CDATA[2020-09-08 11:32:19 - [TEST_CASE][PASSED] - Test Cases/WEB-UI-TESTS/Draw/FDR-Draw-Voucher-Date-Validation: Test Cases/WEB-UI-TESTS/Draw/FDR-Draw-Voucher-Date-Validation

2020-09-08 11:32:19 - [TEST_STEP][PASSED] - Start listener action : sampleBeforeTestCase: null

2020-09-08 11:32:19 - [TEST_STEP][PASSED] - profileName = getExecutionProfile(): null

2020-09-08 11:32:19 - [TEST_STEP][PASSED] - switch (profileName): null

2020-09-08 11:32:19 - [TEST_STEP][PASSED] - case "superUser":: null

2020-09-08 11:32:19 - [TEST_STEP][PASSED] - return null: null

2020-09-08 11:32:19 - [TEST_STEP][PASSED] - Start listener action : beforeTestCase: null

2020-09-08 11:32:19 - [TEST_STEP][PASSED] - profileName = getExecutionProfile(): null

2020-09-08 11:32:19 - [TEST_STEP][PASSED] - if (profileName.equalsIgnoreCase("SysAdmin")): null

2020-09-08 11:32:19 - [TEST_STEP][PASSED] - Start listener action : sampleBeforeTestCase: Navigate to 'https://fdr-katalon.cammis-mod-dev.dhcs.ca.gov' successfully

2020-09-08 11:32:19 - [TEST_STEP][PASSED] - profileName = getExecutionProfile(): null

2020-09-08 11:32:19 - [TEST_STEP][PASSED] - testCaseId = testCaseContext.getTestCaseId(): null

2020-09-08 11:32:19 - [TEST_STEP][PASSED] - switch (profileName): null

2020-09-08 11:32:19 - [TEST_STEP][PASSED] - case "Draw":: null

2020-09-08 11:32:19 - [TEST_STEP][PASSED] - if (account6TestCases.contains(testCaseId)): null

2020-09-08 11:32:19 - [TEST_STEP][PASSED] - else if (account2TestCases.contains(testCaseId)): Object: 'Object Repository/FDR-SignIn/SignInButton' is clicked on

2020-09-08 11:32:19 - [TEST_STEP][PASSED] - Uifunctions.loginFDR(accountsApproverAcc2, accountsApproverAcc2Pwd): Object: 'Object Repository/FDR-SignIn/SignInButton' is clicked on

2020-09-08 11:32:20 - [MESSAGE][INFO] - Starting 'Chrome' driver

2020-09-08 11:32:20 - [MESSAGE][INFO] - Action delay is set to 0 milliseconds

2020-09-08 11:32:25 - [MESSAGE][PASSED] - Browser is opened with url: ''

2020-09-08 11:32:27 - [MESSAGE][PASSED] - Current window maximized

2020-09-08 11:32:29 - [MESSAGE][PASSED] - Navigate to 'https://fdr-katalon.cammis-mod-dev.dhcs.ca.gov' successfully

2020-09-08 11:32:30 - [MESSAGE][PASSED] - Object 'Object Repository/FDR-SignIn/SignInEmail' is present

2020-09-08 11:32:31 - [MESSAGE][PASSED] - Object: 'Object Repository/FDR-SignIn/SignInEmail' is clicked on

2020-09-08 11:32:31 - [MESSAGE][PASSED] - Object 'Object Repository/FDR-SignIn/SignInEmail' is present

2020-09-08 11:32:32 - [MESSAGE][PASSED] - Text 'fdr.test2@dhcs.ca.gov' is set on object 'Object Repository/FDR-SignIn/SignInEmail'

2020-09-08 11:32:32 - [MESSAGE][PASSED] - Object 'Object Repository/FDR-SignIn/SignInEmailNext' is visible

2020-09-08 11:32:33 - [MESSAGE][PASSED] - Object: 'Object Repository/FDR-SignIn/SignInEmailNext' is clicked on

2020-09-08 11:32:36 - [MESSAGE][PASSED] - Object 'Object Repository/FDR-SignIn/SignInEmailPassword' is visible

2020-09-08 11:32:36 - [MESSAGE][PASSED] - Object: 'Object Repository/FDR-SignIn/SignInEmailPassword' is clicked on

2020-09-08 11:32:37 - [MESSAGE][PASSED] - Text ****** has been set on object 'Object Repository/FDR-SignIn/SignInEmailPassword'

2020-09-08 11:32:39 - [MESSAGE][PASSED] - Object: 'Object Repository/FDR-SignIn/SignInButton' is clicked on

2020-09-08 11:32:39 - [TEST_STEP][PASSED] - break: null

2020-09-08 11:32:39 - [TEST_STEP][PASSED] - navigateToUrl(URL): Navigate to 'https://fdr-katalon.cammis-mod-dev.dhcs.ca.gov' successfully

2020-09-08 11:32:39 - [MESSAGE][PASSED] - Navigate to 'https://fdr-katalon.cammis-mod-dev.dhcs.ca.gov' successfully

2020-09-08 11:32:39 - [TEST_STEP][PASSED] - Start listener action : executeRows: null

2020-09-08 11:32:40 - [TEST_STEP][PASSED] - voucherHeaderData = ["drawDate":drawDate, "payDate":payDate, "programType":programType, "invoiceType":invoiceType, "fundCode":fundCode, "supplier":supplier, ... ]: null

2020-09-08 11:32:40 - [TEST_STEP][PASSED] - Uifunctions.createVoucherHeader(voucherHeaderData): Object 'Object Repository/FDR-VoucherEntry/VoucherHeader/reviewButton' is present

2020-09-08 11:32:42 - [MESSAGE][PASSED] - Object 'Object Repository/FDR-Dashboard/createNewVoucherButton' is present

2020-09-08 11:32:43 - [MESSAGE][PASSED] - Object: 'Object Repository/FDR-Dashboard/createNewVoucherButton' is clicked on

2020-09-08 11:32:47 - [MESSAGE][INFO] - Unable to find the element located by 'By.xpath: //*[@data-id='action-button']//*[contains(text(),'Review')]'. Please recheck the objects properties to make sure the desired element is located. 

2020-09-08 11:32:47 - [MESSAGE][WARNING] - Object 'Object Repository/FDR-VoucherEntry/VoucherHeader/reviewButton' is not present after 3 second(s)

2020-09-08 11:32:47 - [MESSAGE][PASSED] - Object: 'Object Repository/FDR-VoucherEntry/Voucher/drawDate' is clicked on

2020-09-08 11:32:49 - [MESSAGE][INFO] - Unable to find the element located by 'By.xpath: //*[@data-id='button-link']//*[contains(text(),'Create New Voucher')]'. Please recheck the objects properties to make sure the desired element is located. 

2020-09-08 11:32:49 - [MESSAGE][WARNING] - Object 'Object Repository/FDR-Dashboard/createNewVoucherButton' is not present after 1 second(s)

2020-09-08 11:32:50 - [MESSAGE][PASSED] - Text '09/23/2020' is set on object 'Object Repository/FDR-VoucherEntry/Voucher/drawDate'

2020-09-08 11:32:54 - [MESSAGE][INFO] - Unable to find the element located by 'By.xpath: //*[@data-id='button-link']//*[contains(text(),'Create New Voucher')]'. Please recheck the objects properties to make sure the desired element is located. 

2020-09-08 11:32:54 - [MESSAGE][WARNING] - Object 'Object Repository/FDR-Dashboard/createNewVoucherButton' is not present after 3 second(s)

2020-09-08 11:32:55 - [MESSAGE][PASSED] - Object: 'Object Repository/FDR-VoucherEntry/Voucher/programType' is clicked on

2020-09-08 11:32:58 - [MESSAGE][INFO] - Unable to find the element located by 'By.xpath: //*[@data-id='button-link']//*[contains(text(),'Create New Voucher')]'. Please recheck the objects properties to make sure the desired element is located. 

2020-09-08 11:32:58 - [MESSAGE][WARNING] - Object 'Object Repository/FDR-Dashboard/createNewVoucherButton' is not present after 2 second(s)

2020-09-08 11:32:58 - [MESSAGE][PASSED] - Keys 'Medical Assistance (MA)' sent to object: 'Object Repository/FDR-VoucherEntry/Voucher/programType'

2020-09-08 11:32:59 - [MESSAGE][PASSED] - Object 'Object Repository/FDR-VoucherEntry/Voucher/programType' is present

2020-09-08 11:32:59 - [MESSAGE][PASSED] - Keys 'DOWN + ENTER + ' sent to object: 'Object Repository/FDR-VoucherEntry/Voucher/programType'

2020-09-08 11:33:00 - [MESSAGE][PASSED] - Object: 'Object Repository/FDR-VoucherEntry/Voucher/invoiceType' is clicked on

2020-09-08 11:33:00 - [MESSAGE][PASSED] - Object 'Object Repository/FDR-VoucherEntry/Voucher/invoiceType' is present

2020-09-08 11:33:01 - [MESSAGE][PASSED] - Keys 'CAP' sent to object: 'Object Repository/FDR-VoucherEntry/Voucher/invoiceType'

2020-09-08 11:33:01 - [MESSAGE][PASSED] - Keys 'DOWN + ENTER + ' sent to object: 'Object Repository/FDR-VoucherEntry/Voucher/invoiceType'

2020-09-08 11:33:02 - [MESSAGE][PASSED] - Object: 'Object Repository/FDR-VoucherEntry/Voucher/fundCode' is clicked on

2020-09-08 11:33:03 - [MESSAGE][PASSED] - Keys 'lth Care Deposit Fund (0912)' sent to object: 'Object Repository/FDR-VoucherEntry/Voucher/fundCode'

2020-09-08 11:33:03 - [MESSAGE][PASSED] - Object 'Object Repository/FDR-VoucherEntry/Voucher/fundCode' is present

2020-09-08 11:33:03 - [MESSAGE][PASSED] - Keys 'DOWN + ENTER + ' sent to object: 'Object Repository/FDR-VoucherEntry/Voucher/fundCode'

2020-09-08 11:33:04 - [MESSAGE][PASSED] - Object: 'Object Repository/FDR-VoucherEntry/Voucher/supplierID' is clicked on

2020-09-08 11:33:04 - [MESSAGE][PASSED] - Keys '0000007954' sent to object: 'Object Repository/FDR-VoucherEntry/Voucher/supplierID'

2020-09-08 11:33:05 - [MESSAGE][PASSED] - Object 'Object Repository/FDR-VoucherEntry/Voucher/supplierID' is present

2020-09-08 11:33:05 - [MESSAGE][PASSED] - Keys 'DOWN + ENTER + ' sent to object: 'Object Repository/FDR-VoucherEntry/Voucher/supplierID'

2020-09-08 11:33:06 - [MESSAGE][PASSED] - Object: 'Object Repository/FDR-VoucherEntry/Voucher/seqNum' is clicked on

2020-09-08 11:33:06 - [MESSAGE][PASSED] - Object 'Object Repository/FDR-VoucherEntry/Voucher/seqNum' is present

2020-09-08 11:33:07 - [MESSAGE][PASSED] - Keys 'DOWN + ENTER + ' sent to object: 'Object Repository/FDR-VoucherEntry/Voucher/seqNum'

2020-09-08 11:33:07 - [MESSAGE][PASSED] - Object: 'Object Repository/FDR-VoucherEntry/Voucher/contractNum' is clicked on

2020-09-08 11:33:08 - [MESSAGE][PASSED] - Keys '07-65707' sent to object: 'Object Repository/FDR-VoucherEntry/Voucher/contractNum'

2020-09-08 11:33:08 - [MESSAGE][PASSED] - Object 'Object Repository/FDR-VoucherEntry/Voucher/contractNum' is present

2020-09-08 11:33:08 - [MESSAGE][PASSED] - Keys 'DOWN + ENTER + ' sent to object: 'Object Repository/FDR-VoucherEntry/Voucher/contractNum'

2020-09-08 11:33:11 - [MESSAGE][PASSED] - Text 'This message will print on the Remittance Advice' is set on object 'Object Repository/FDR-VoucherEntry/Voucher/vendorMessage'

2020-09-08 11:33:12 - [MESSAGE][PASSED] - Object: 'Object Repository/FDR-VoucherEntry/Voucher/primaryContact' is clicked on

2020-09-08 11:33:12 - [MESSAGE][PASSED] - Keys 'Aung Lin' sent to object: 'Object Repository/FDR-VoucherEntry/Voucher/primaryContact'

2020-09-08 11:33:13 - [MESSAGE][PASSED] - Object 'Object Repository/FDR-VoucherEntry/Voucher/primaryContact' is present

2020-09-08 11:33:13 - [MESSAGE][PASSED] - Keys 'DOWN + ENTER + ' sent to object: 'Object Repository/FDR-VoucherEntry/Voucher/primaryContact'

2020-09-08 11:33:14 - [MESSAGE][PASSED] - Object: 'Object Repository/FDR-VoucherEntry/Voucher/secondaryContact' is clicked on

2020-09-08 11:33:14 - [MESSAGE][PASSED] - Keys 'Vivian Ly' sent to object: 'Object Repository/FDR-VoucherEntry/Voucher/secondaryContact'

2020-09-08 11:33:15 - [MESSAGE][PASSED] - Object 'Object Repository/FDR-VoucherEntry/Voucher/secondaryContact' is present

2020-09-08 11:33:15 - [MESSAGE][PASSED] - Object 'Object Repository/FDR-VoucherEntry/Voucher/secondaryContact' is present

2020-09-08 11:33:15 - [MESSAGE][PASSED] - Keys 'DOWN + ENTER + ' sent to object: 'Object Repository/FDR-VoucherEntry/Voucher/secondaryContact'

2020-09-08 11:33:16 - [MESSAGE][PASSED] - Object: 'Object Repository/FDR-VoucherEntry/Voucher/buttonNext' is clicked on

2020-09-08 11:33:19 - [MESSAGE][PASSED] - Delayed 3 second(s)

2020-09-08 11:33:19 - [MESSAGE][PASSED] - Object 'Object Repository/FDR-VoucherEntry/VoucherHeader/reviewButton' is present

2020-09-08 11:33:19 - [TEST_STEP][PASSED] - waitForElementPresent(findTestObject("FDR-VoucherEntry/VoucherHeader/reviewButton"), 5): Object 'Object Repository/FDR-VoucherEntry/VoucherHeader/reviewButton' is present

2020-09-08 11:33:20 - [MESSAGE][PASSED] - Object 'Object Repository/FDR-VoucherEntry/VoucherHeader/reviewButton' is present

2020-09-08 11:33:20 - [TEST_STEP][PASSED] - voucherDrawDate = getText(findTestObject("FDR-VoucherEntry/VoucherHeader/drawDate")): Text of object 'Object Repository/FDR-VoucherEntry/VoucherHeader/drawDate' is: '09/23/2020'

2020-09-08 11:33:20 - [MESSAGE][PASSED] - Text of object 'Object Repository/FDR-VoucherEntry/VoucherHeader/drawDate' is: '09/23/2020'

2020-09-08 11:33:20 - [TEST_STEP][PASSED] - Uifunctions.createInvoiceLine(1): Object 'Object Repository/FDR-VoucherEntry/VoucherHeader/reviewButton' is present

2020-09-08 11:33:20 - [MESSAGE][PASSED] - Object 'Object Repository/FDR-VoucherEntry/VoucherHeader/reviewButton' is present

2020-09-08 11:33:23 - [MESSAGE][INFO] - Unable to find the element located by 'By.xpath: //*[contains(text(),'Add voucher')]//parent::button'. Please recheck the objects properties to make sure the desired element is located. 

2020-09-08 11:33:23 - [MESSAGE][WARNING] - Object 'Object Repository/FDR-VoucherEntry/InvoiceLine/addVoucherButton' is not present after 2 second(s)

2020-09-08 11:33:24 - [MESSAGE][PASSED] - Object 'Object Repository/FDR-VoucherEntry/InvoiceLine/invoice' is clickable

2020-09-08 11:33:24 - [MESSAGE][PASSED] - Object: 'Object Repository/FDR-VoucherEntry/InvoiceLine/invoice' is clicked on

2020-09-08 11:33:25 - [MESSAGE][PASSED] - Text '1560' is set on object 'Object Repository/FDR-VoucherEntry/InvoiceLine/invoice'

2020-09-08 11:33:25 - [MESSAGE][PASSED] - Object: 'Object Repository/FDR-VoucherEntry/InvoiceLine/invoiceDate' is clicked on

2020-09-08 11:33:26 - [MESSAGE][PASSED] - Object 'Object Repository/FDR-VoucherEntry/InvoiceLine/invoiceDate' is present

2020-09-08 11:33:26 - [MESSAGE][PASSED] - Text '09/08/2020' is set on object 'Object Repository/FDR-VoucherEntry/InvoiceLine/invoiceDate'

2020-09-08 11:33:27 - [MESSAGE][PASSED] - Object: 'Object Repository/FDR-VoucherEntry/InvoiceLine/originalWarrantDate' is clicked on

2020-09-08 11:33:28 - [MESSAGE][PASSED] - Text '09/09/2020' is set on object 'Object Repository/FDR-VoucherEntry/InvoiceLine/originalWarrantDate'

2020-09-08 11:33:28 - [MESSAGE][PASSED] - Object 'Object Repository/FDR-VoucherEntry/InvoiceLine/addInvoiceLineButton' is present

2020-09-08 11:33:28 - [MESSAGE][PASSED] - Object: 'Object Repository/FDR-VoucherEntry/InvoiceLine/addInvoiceLineButtonIndex2' is clicked on

2020-09-08 11:33:29 - [MESSAGE][PASSED] - Object 'Object Repository/FDR-VoucherEntry/VoucherHeader/reviewButton' is present

2020-09-08 11:33:29 - [TEST_STEP][PASSED] - waitForElementClickable(findTestObject("FDR-VoucherEntry/InvoiceLine/invoiceLineExpandButton"), 5): Object 'Object Repository/FDR-VoucherEntry/InvoiceLine/invoiceLineExpandButton' is clickable

2020-09-08 11:33:29 - [MESSAGE][PASSED] - Object 'Object Repository/FDR-VoucherEntry/InvoiceLine/invoiceLineExpandButton' is clickable

2020-09-08 11:33:29 - [TEST_STEP][PASSED] - click(findTestObject("FDR-VoucherEntry/InvoiceLine/invoiceLineExpandButton")): Object: 'Object Repository/FDR-VoucherEntry/InvoiceLine/invoiceLineExpandButton' is clicked on

2020-09-08 11:33:30 - [MESSAGE][PASSED] - Object: 'Object Repository/FDR-VoucherEntry/InvoiceLine/invoiceLineExpandButton' is clicked on

2020-09-08 11:33:30 - [TEST_STEP][PASSED] - waitForElementClickable(findTestObject("FDR-VoucherEntry/InvoiceLine/invoiceAddlineButton"), 5): Object 'Object Repository/FDR-VoucherEntry/InvoiceLine/invoiceAddlineButton' is clickable

2020-09-08 11:33:31 - [MESSAGE][PASSED] - Object 'Object Repository/FDR-VoucherEntry/InvoiceLine/invoiceAddlineButton' is clickable

2020-09-08 11:33:31 - [TEST_STEP][PASSED] - click(findTestObject("FDR-VoucherEntry/InvoiceLine/invoiceAddlineButton")): Object: 'Object Repository/FDR-VoucherEntry/InvoiceLine/invoiceAddlineButton' is clicked on

2020-09-08 11:33:31 - [MESSAGE][PASSED] - Object: 'Object Repository/FDR-VoucherEntry/InvoiceLine/invoiceAddlineButton' is clicked on

2020-09-08 11:33:31 - [TEST_STEP][PASSED] - Uifunctions.createDistributionLines(1, "Voucher/FDR-DL"): Object: 'Object Repository/FDR-VoucherEntry/DistributionLine/addSaveButton' is clicked on

2020-09-08 11:33:35 - [MESSAGE][INFO] - Unable to find the element located by 'By.xpath: //*[@data-id='button-link']//*[contains(text(),'Create New Voucher')]'. Please recheck the objects properties to make sure the desired element is located. 

2020-09-08 11:33:35 - [MESSAGE][WARNING] - Object 'Object Repository/FDR-Dashboard/createNewVoucherButton' is not present after 3 second(s)

2020-09-08 11:33:38 - [MESSAGE][INFO] - Unable to find the element located by 'By.xpath: //*[@data-id='button-link']//*[contains(text(),'Create New Voucher')]'. Please recheck the objects properties to make sure the desired element is located. 

2020-09-08 11:33:38 - [MESSAGE][WARNING] - Object 'Object Repository/FDR-Dashboard/createNewVoucherButton' is not present after 2 second(s)

2020-09-08 11:33:39 - [MESSAGE][PASSED] - Object 'Object Repository/FDR-VoucherEntry/DistributionLine/serviceDateFrom' is clickable

2020-09-08 11:33:39 - [MESSAGE][PASSED] - Object: 'Object Repository/FDR-VoucherEntry/DistributionLine/serviceDateFrom' is clicked on

2020-09-08 11:33:39 - [MESSAGE][PASSED] - Object 'Object Repository/FDR-VoucherEntry/DistributionLine/serviceDateFrom' is present

2020-09-08 11:33:40 - [MESSAGE][PASSED] - Text '08/04/2020' is set on object 'Object Repository/FDR-VoucherEntry/DistributionLine/serviceDateFrom'

2020-09-08 11:33:41 - [MESSAGE][PASSED] - Object: 'Object Repository/FDR-VoucherEntry/DistributionLine/serviceDateTo' is clicked on

2020-09-08 11:33:41 - [MESSAGE][PASSED] - Object 'Object Repository/FDR-VoucherEntry/DistributionLine/serviceDateTo' is present

2020-09-08 11:33:42 - [MESSAGE][PASSED] - Text '08/05/2020' is set on object 'Object Repository/FDR-VoucherEntry/DistributionLine/serviceDateTo'

2020-09-08 11:33:45 - [MESSAGE][INFO] - Unable to find the element located by 'By.xpath: //*[@data-id='button-link']//*[contains(text(),'Create New Voucher')]'. Please recheck the objects properties to make sure the desired element is located. 

2020-09-08 11:33:45 - [MESSAGE][WARNING] - Object 'Object Repository/FDR-Dashboard/createNewVoucherButton' is not present after 2 second(s)

2020-09-08 11:33:46 - [MESSAGE][PASSED] - Object: 'Object Repository/FDR-VoucherEntry/DistributionLine/amount' is clicked on

2020-09-08 11:33:46 - [MESSAGE][PASSED] - Execute JavaScript 'arguments[0].value='';' successfully

2020-09-08 11:33:46 - [MESSAGE][PASSED] - Keys '100' sent to object: 'Object Repository/FDR-VoucherEntry/DistributionLine/amount'

2020-09-08 11:33:49 - [MESSAGE][INFO] - Unable to find the element located by 'By.xpath: //*[@data-id='button-link']//*[contains(text(),'Create New Voucher')]'. Please recheck the objects properties to make sure the desired element is located. 

2020-09-08 11:33:49 - [MESSAGE][WARNING] - Object 'Object Repository/FDR-Dashboard/createNewVoucherButton' is not present after 1 second(s)

2020-09-08 11:33:49 - [MESSAGE][PASSED] - Object: 'Object Repository/FDR-VoucherEntry/DistributionLine/waiverType' is clicked on

2020-09-08 11:33:51 - [MESSAGE][INFO] - Unable to find the element located by 'By.xpath: //*[@data-id='button-link']//*[contains(text(),'Create New Voucher')]'. Please recheck the objects properties to make sure the desired element is located. 

2020-09-08 11:33:51 - [MESSAGE][WARNING] - Object 'Object Repository/FDR-Dashboard/createNewVoucherButton' is not present after 1 second(s)

2020-09-08 11:33:51 - [MESSAGE][PASSED] - Keys '1115' sent to object: 'Object Repository/FDR-VoucherEntry/DistributionLine/waiverType'

2020-09-08 11:33:55 - [MESSAGE][INFO] - Unable to find the element located by 'By.xpath: //*[@data-id='button-link']//*[contains(text(),'Create New Voucher')]'. Please recheck the objects properties to make sure the desired element is located. 

2020-09-08 11:33:55 - [MESSAGE][WARNING] - Object 'Object Repository/FDR-Dashboard/createNewVoucherButton' is not present after 2 second(s)

2020-09-08 11:33:55 - [MESSAGE][PASSED] - Keys 'DOWN + ENTER + ' sent to object: 'Object Repository/FDR-VoucherEntry/DistributionLine/waiverType'

2020-09-08 11:33:55 - [MESSAGE][PASSED] - Object: 'Object Repository/FDR-VoucherEntry/DistributionLine/waiverName' is clicked on

2020-09-08 11:33:56 - [MESSAGE][PASSED] - Keys 'CBAS' sent to object: 'Object Repository/FDR-VoucherEntry/DistributionLine/waiverName'

2020-09-08 11:33:59 - [MESSAGE][INFO] - Unable to find the element located by 'By.xpath: //*[@data-id='button-link']//*[contains(text(),'Create New Voucher')]'. Please recheck the objects properties to make sure the desired element is located. 

2020-09-08 11:33:59 - [MESSAGE][WARNING] - Object 'Object Repository/FDR-Dashboard/createNewVoucherButton' is not present after 2 second(s)

2020-09-08 11:34:00 - [MESSAGE][PASSED] - Keys 'DOWN + ENTER + ' sent to object: 'Object Repository/FDR-VoucherEntry/DistributionLine/waiverName'

2020-09-08 11:34:00 - [MESSAGE][PASSED] - Object: 'Object Repository/FDR-VoucherEntry/DistributionLine/fundingSource' is clicked on

2020-09-08 11:34:01 - [MESSAGE][PASSED] - Keys 'Dental' sent to object: 'Object Repository/FDR-VoucherEntry/DistributionLine/fundingSource'

2020-09-08 11:34:04 - [MESSAGE][INFO] - Unable to find the element located by 'By.xpath: //*[@data-id='button-link']//*[contains(text(),'Create New Voucher')]'. Please recheck the objects properties to make sure the desired element is located. 

2020-09-08 11:34:04 - [MESSAGE][WARNING] - Object 'Object Repository/FDR-Dashboard/createNewVoucherButton' is not present after 2 second(s)

2020-09-08 11:34:05 - [MESSAGE][PASSED] - Keys 'DOWN + ENTER + ' sent to object: 'Object Repository/FDR-VoucherEntry/DistributionLine/fundingSource'

2020-09-08 11:34:05 - [MESSAGE][PASSED] - Object: 'Object Repository/FDR-VoucherEntry/DistributionLine/fundRatio' is clicked on

2020-09-08 11:34:06 - [MESSAGE][PASSED] - Keys '90/10' sent to object: 'Object Repository/FDR-VoucherEntry/DistributionLine/fundRatio'

2020-09-08 11:34:09 - [MESSAGE][INFO] - Unable to find the element located by 'By.xpath: //*[@data-id='button-link']//*[contains(text(),'Create New Voucher')]'. Please recheck the objects properties to make sure the desired element is located. 

2020-09-08 11:34:09 - [MESSAGE][WARNING] - Object 'Object Repository/FDR-Dashboard/createNewVoucherButton' is not present after 2 second(s)

2020-09-08 11:34:09 - [MESSAGE][PASSED] - Keys 'DOWN + ENTER + ' sent to object: 'Object Repository/FDR-VoucherEntry/DistributionLine/fundRatio'

2020-09-08 11:34:10 - [MESSAGE][PASSED] - Object: 'Object Repository/FDR-VoucherEntry/DistributionLine/nonFederalFund' is clicked on

2020-09-08 11:34:11 - [MESSAGE][PASSED] - Keys '0001' sent to object: 'Object Repository/FDR-VoucherEntry/DistributionLine/nonFederalFund'

2020-09-08 11:34:14 - [MESSAGE][INFO] - Unable to find the element located by 'By.xpath: //*[@data-id='button-link']//*[contains(text(),'Create New Voucher')]'. Please recheck the objects properties to make sure the desired element is located. 

2020-09-08 11:34:14 - [MESSAGE][WARNING] - Object 'Object Repository/FDR-Dashboard/createNewVoucherButton' is not present after 2 second(s)

2020-09-08 11:34:14 - [MESSAGE][PASSED] - Keys 'DOWN + ENTER + ' sent to object: 'Object Repository/FDR-VoucherEntry/DistributionLine/nonFederalFund'

2020-09-08 11:34:15 - [MESSAGE][PASSED] - Object: 'Object Repository/FDR-VoucherEntry/DistributionLine/account' is clicked on

2020-09-08 11:34:15 - [MESSAGE][PASSED] - Keys '5442000' sent to object: 'Object Repository/FDR-VoucherEntry/DistributionLine/account'

2020-09-08 11:34:16 - [MESSAGE][PASSED] - Keys 'DOWN + ENTER + ' sent to object: 'Object Repository/FDR-VoucherEntry/DistributionLine/account'

2020-09-08 11:34:17 - [MESSAGE][PASSED] - Object: 'Object Repository/FDR-VoucherEntry/DistributionLine/altAccount' is clicked on

2020-09-08 11:34:17 - [MESSAGE][PASSED] - Keys '5442000' sent to object: 'Object Repository/FDR-VoucherEntry/DistributionLine/altAccount'

2020-09-08 11:34:17 - [MESSAGE][PASSED] - Object 'Object Repository/FDR-VoucherEntry/DistributionLine/altAccount' is present

2020-09-08 11:34:18 - [MESSAGE][PASSED] - Keys 'DOWN + ENTER + ' sent to object: 'Object Repository/FDR-VoucherEntry/DistributionLine/altAccount'

2020-09-08 11:34:18 - [MESSAGE][PASSED] - Object: 'Object Repository/FDR-VoucherEntry/DistributionLine/serviceCategory' is clicked on

2020-09-08 11:34:22 - [MESSAGE][INFO] - Unable to find the element located by 'By.xpath: //*[@data-id='button-link']//*[contains(text(),'Create New Voucher')]'. Please recheck the objects properties to make sure the desired element is located. 

2020-09-08 11:34:22 - [MESSAGE][WARNING] - Object 'Object Repository/FDR-Dashboard/createNewVoucherButton' is not present after 2 second(s)

2020-09-08 11:34:22 - [MESSAGE][PASSED] - Keys '18B1' sent to object: 'Object Repository/FDR-VoucherEntry/DistributionLine/serviceCategory'

2020-09-08 11:34:22 - [MESSAGE][PASSED] - Keys 'DOWN + ENTER + ' sent to object: 'Object Repository/FDR-VoucherEntry/DistributionLine/serviceCategory'

2020-09-08 11:34:23 - [MESSAGE][PASSED] - Object: 'Object Repository/FDR-VoucherEntry/DistributionLine/incDecLine' is clicked on

2020-09-08 11:34:23 - [MESSAGE][PASSED] - Keys '8: Adjustments and corrections' sent to object: 'Object Repository/FDR-VoucherEntry/DistributionLine/incDecLine'

2020-09-08 11:34:24 - [MESSAGE][PASSED] - Keys 'DOWN + ENTER + ' sent to object: 'Object Repository/FDR-VoucherEntry/DistributionLine/incDecLine'

2020-09-08 11:34:26 - [MESSAGE][INFO] - Unable to find the element located by 'By.xpath: //*[@data-id='button-link']//*[contains(text(),'Create New Voucher')]'. Please recheck the objects properties to make sure the desired element is located. 

2020-09-08 11:34:26 - [MESSAGE][WARNING] - Object 'Object Repository/FDR-Dashboard/createNewVoucherButton' is not present after 1 second(s)

2020-09-08 11:34:27 - [MESSAGE][PASSED] - Object: 'Object Repository/FDR-VoucherEntry/DistributionLine/index' is clicked on

2020-09-08 11:34:27 - [MESSAGE][PASSED] - Keys '1155' sent to object: 'Object Repository/FDR-VoucherEntry/DistributionLine/index'

2020-09-08 11:34:27 - [MESSAGE][PASSED] - Keys 'DOWN + ENTER + ' sent to object: 'Object Repository/FDR-VoucherEntry/DistributionLine/index'

2020-09-08 11:34:28 - [MESSAGE][PASSED] - Object: 'Object Repository/FDR-VoucherEntry/DistributionLine/addSaveButton' is clicked on

2020-09-08 11:34:28 - [TEST_STEP][PASSED] - Start listener action : sampleAfterTestCase: null

2020-09-08 11:34:28 - [TEST_STEP][PASSED] - profileName = getExecutionProfile(): null

2020-09-08 11:34:28 - [TEST_STEP][PASSED] - switch (profileName): null

2020-09-08 11:34:28 - [TEST_STEP][PASSED] - case "superUser":: null

2020-09-08 11:34:28 - [TEST_STEP][PASSED] - return null: null

2020-09-08 11:34:28 - [TEST_STEP][PASSED] - Start listener action : afterTestCase: null

2020-09-08 11:34:28 - [TEST_STEP][PASSED] - profileName = getExecutionProfile(): null

2020-09-08 11:34:28 - [TEST_STEP][PASSED] - if (profileName.equalsIgnoreCase("SysAdmin")): null

2020-09-08 11:34:28 - [TEST_STEP][PASSED] - Start listener action : sampleAfterTestCase: null

2020-09-08 11:34:28 - [TEST_STEP][PASSED] - profileName = getExecutionProfile(): null

2020-09-08 11:34:28 - [TEST_STEP][PASSED] - switch (profileName): null

2020-09-08 11:34:28 - [TEST_STEP][PASSED] - case "Draw":: null

2020-09-08 11:34:28 - [TEST_STEP][PASSED] - Uifunctions.logoutFDR(): Browser is closed

2020-09-08 11:34:29 - [MESSAGE][PASSED] - Browser is closed

2020-09-08 11:34:29 - [TEST_STEP][PASSED] - break: null

2020-09-08 11:34:29 - [TEST_STEP][PASSED] - Start listener action : addFailedTCToList: null]]></system-out>
         <system-err><![CDATA[]]></system-err>
      </testcase>
      <testcase name="Test Cases/WEB-UI-TESTS/Draw/FDR-Draw-Receipts-Date-Validation" time="78.479" classname="Test Cases/WEB-UI-TESTS/Draw/FDR-Draw-Receipts-Date-Validation" status="PASSED">
         <system-out><![CDATA[2020-09-08 11:34:29 - [TEST_CASE][PASSED] - Test Cases/WEB-UI-TESTS/Draw/FDR-Draw-Receipts-Date-Validation: Test Cases/WEB-UI-TESTS/Draw/FDR-Draw-Receipts-Date-Validation

2020-09-08 11:34:29 - [TEST_STEP][PASSED] - Start listener action : sampleBeforeTestCase: null

2020-09-08 11:34:29 - [TEST_STEP][PASSED] - profileName = getExecutionProfile(): null

2020-09-08 11:34:29 - [TEST_STEP][PASSED] - switch (profileName): null

2020-09-08 11:34:29 - [TEST_STEP][PASSED] - case "superUser":: null

2020-09-08 11:34:29 - [TEST_STEP][PASSED] - return null: null

2020-09-08 11:34:29 - [TEST_STEP][PASSED] - Start listener action : beforeTestCase: null

2020-09-08 11:34:29 - [TEST_STEP][PASSED] - profileName = getExecutionProfile(): null

2020-09-08 11:34:29 - [TEST_STEP][PASSED] - if (profileName.equalsIgnoreCase("SysAdmin")): null

2020-09-08 11:34:29 - [TEST_STEP][PASSED] - Start listener action : sampleBeforeTestCase: Navigate to 'https://fdr-katalon.cammis-mod-dev.dhcs.ca.gov' successfully

2020-09-08 11:34:29 - [TEST_STEP][PASSED] - profileName = getExecutionProfile(): null

2020-09-08 11:34:29 - [TEST_STEP][PASSED] - testCaseId = testCaseContext.getTestCaseId(): null

2020-09-08 11:34:29 - [TEST_STEP][PASSED] - switch (profileName): null

2020-09-08 11:34:29 - [TEST_STEP][PASSED] - case "Draw":: null

2020-09-08 11:34:29 - [TEST_STEP][PASSED] - if (account6TestCases.contains(testCaseId)): null

2020-09-08 11:34:29 - [TEST_STEP][PASSED] - else if (account2TestCases.contains(testCaseId)): null

2020-09-08 11:34:29 - [TEST_STEP][PASSED] - else if (account4TestCases.contains(testCaseId)): Object: 'Object Repository/FDR-SignIn/SignInButton' is clicked on

2020-09-08 11:34:29 - [TEST_STEP][PASSED] - Uifunctions.loginFDR(cashierApprover, cashierPwd): Object: 'Object Repository/FDR-SignIn/SignInButton' is clicked on

2020-09-08 11:34:29 - [MESSAGE][INFO] - Starting 'Chrome' driver

2020-09-08 11:34:29 - [MESSAGE][INFO] - Action delay is set to 0 milliseconds

2020-09-08 11:34:32 - [MESSAGE][PASSED] - Browser is opened with url: ''

2020-09-08 11:34:35 - [MESSAGE][PASSED] - Current window maximized

2020-09-08 11:34:36 - [MESSAGE][PASSED] - Navigate to 'https://fdr-katalon.cammis-mod-dev.dhcs.ca.gov' successfully

2020-09-08 11:34:37 - [MESSAGE][PASSED] - Object 'Object Repository/FDR-SignIn/SignInEmail' is present

2020-09-08 11:34:38 - [MESSAGE][PASSED] - Object: 'Object Repository/FDR-SignIn/SignInEmail' is clicked on

2020-09-08 11:34:38 - [MESSAGE][PASSED] - Object 'Object Repository/FDR-SignIn/SignInEmail' is present

2020-09-08 11:34:39 - [MESSAGE][PASSED] - Text 'fdr.test4@dhcs.ca.gov' is set on object 'Object Repository/FDR-SignIn/SignInEmail'

2020-09-08 11:34:39 - [MESSAGE][PASSED] - Object 'Object Repository/FDR-SignIn/SignInEmailNext' is visible

2020-09-08 11:34:39 - [MESSAGE][PASSED] - Object: 'Object Repository/FDR-SignIn/SignInEmailNext' is clicked on

2020-09-08 11:34:42 - [MESSAGE][PASSED] - Object 'Object Repository/FDR-SignIn/SignInEmailPassword' is visible

2020-09-08 11:34:42 - [MESSAGE][PASSED] - Object: 'Object Repository/FDR-SignIn/SignInEmailPassword' is clicked on

2020-09-08 11:34:43 - [MESSAGE][PASSED] - Text ****** has been set on object 'Object Repository/FDR-SignIn/SignInEmailPassword'

2020-09-08 11:34:44 - [MESSAGE][PASSED] - Object: 'Object Repository/FDR-SignIn/SignInButton' is clicked on

2020-09-08 11:34:44 - [TEST_STEP][PASSED] - break: null

2020-09-08 11:34:44 - [TEST_STEP][PASSED] - navigateToUrl(URL): Navigate to 'https://fdr-katalon.cammis-mod-dev.dhcs.ca.gov' successfully

2020-09-08 11:34:45 - [MESSAGE][PASSED] - Navigate to 'https://fdr-katalon.cammis-mod-dev.dhcs.ca.gov' successfully

2020-09-08 11:34:45 - [TEST_STEP][PASSED] - Start listener action : executeRows: null

2020-09-08 11:34:45 - [TEST_STEP][PASSED] - waitForElementPresent(findTestObject("FDR-Dashboard/createNewVoucherButton"), 3): Object 'Object Repository/FDR-Dashboard/createNewVoucherButton' is not present after 3 second(s)

2020-09-08 11:34:50 - [MESSAGE][INFO] - Unable to find the element located by 'By.xpath: //*[@data-id='button-link']//*[contains(text(),'Create New Voucher')]'. Please recheck the objects properties to make sure the desired element is located. 

2020-09-08 11:34:50 - [MESSAGE][WARNING] - Object 'Object Repository/FDR-Dashboard/createNewVoucherButton' is not present after 3 second(s)

2020-09-08 11:34:50 - [TEST_STEP][PASSED] - newDepositId = RandomStringUtils.randomNumeric(7): null

2020-09-08 11:34:50 - [TEST_STEP][PASSED] - editors.createReceipt(Drawdate, Paydate, newDepositId, Receiptnotes, Remittance, Controller): Object: 'Object Repository/FDR-Receipt/FDR-Receipt-Header/View/buttonNext' is clicked on

2020-09-08 11:34:55 - [MESSAGE][INFO] - Unable to find the element located by 'By.xpath: //*[@data-id='button-link']//*[contains(text(),'Create New Voucher')]'. Please recheck the objects properties to make sure the desired element is located. 

2020-09-08 11:34:55 - [MESSAGE][WARNING] - Object 'Object Repository/FDR-Dashboard/createNewVoucherButton' is not present after 4 second(s)

2020-09-08 11:34:55 - [MESSAGE][PASSED] - Object 'Object Repository/FDR-Receipt/FDR-Receipt-Dashboard/createNew_ReceiptBatch_Button' is present

2020-09-08 11:34:56 - [MESSAGE][PASSED] - Object: 'Object Repository/FDR-Receipt/FDR-Receipt-Dashboard/createNew_ReceiptBatch_Button' is clicked on

2020-09-08 11:34:56 - [MESSAGE][PASSED] - Object 'Object Repository/FDR-Receipt/FDR-Receipt-Header/View/inputDrawDate' is present

2020-09-08 11:34:57 - [MESSAGE][PASSED] - Text '09/28/2020' is set on object 'Object Repository/FDR-Receipt/FDR-Receipt-Header/View/inputDrawDate'

2020-09-08 11:34:58 - [MESSAGE][PASSED] - Keys 'TAB + ENTER + ENTER + ' sent to object: 'Object Repository/FDR-Receipt/FDR-Receipt-Header/View/inputDrawDate'

2020-09-08 11:34:59 - [MESSAGE][PASSED] - Object 'Object Repository/FDR-Receipt/FDR-Receipt-Header/Edit/payDate' is present

2020-09-08 11:34:59 - [MESSAGE][PASSED] - Text '09/30/2020' is set on object 'Object Repository/FDR-Receipt/FDR-Receipt-Header/Edit/payDate'

2020-09-08 11:35:00 - [MESSAGE][PASSED] - Object 'Object Repository/FDR-Receipt/FDR-Receipt-Header/View/deposit ID' is present

2020-09-08 11:35:02 - [MESSAGE][PASSED] - Text '6191172' is set on object 'Object Repository/FDR-Receipt/FDR-Receipt-Header/View/deposit ID'

2020-09-08 11:35:02 - [MESSAGE][PASSED] - Object 'Object Repository/FDR-Receipt/FDR-ReceiptBatch/receiptNotes' is present

2020-09-08 11:35:03 - [MESSAGE][PASSED] - Text 'rqewrq' is set on object 'Object Repository/FDR-Receipt/FDR-ReceiptBatch/receiptNotes'

2020-09-08 11:35:03 - [MESSAGE][PASSED] - Object 'Object Repository/FDR-Receipt/FDR-Receipt-Header/Edit/remmitanceAdviceInput' is present

2020-09-08 11:35:04 - [MESSAGE][PASSED] - Keys '1234' sent to object: 'Object Repository/FDR-Receipt/FDR-Receipt-Header/Edit/remmitanceAdviceInput'

2020-09-08 11:35:04 - [MESSAGE][PASSED] - Object 'Object Repository/FDR-Receipt/FDR-Receipt-Header/Edit/controllerReceiptInput' is present

2020-09-08 11:35:05 - [MESSAGE][PASSED] - Keys '4567' sent to object: 'Object Repository/FDR-Receipt/FDR-Receipt-Header/Edit/controllerReceiptInput'

2020-09-08 11:35:05 - [MESSAGE][PASSED] - Object 'Object Repository/FDR-Receipt/FDR-Receipt-Header/View/buttonNext' is present

2020-09-08 11:35:06 - [MESSAGE][PASSED] - Object: 'Object Repository/FDR-Receipt/FDR-Receipt-Header/View/buttonNext' is clicked on

2020-09-08 11:35:06 - [TEST_STEP][PASSED] - editors.createReceiptline(ReceiptID, SupplierID, DepositDate): Object: 'Object Repository/FDR-Receipt/FDR-Receipt-Checkline/View/addReceipt_Button2' is clicked on

2020-09-08 11:35:07 - [MESSAGE][PASSED] - Object 'Object Repository/FDR-Receipt/FDR-Receipt-Checkline/View/receipt_ID' is present

2020-09-08 11:35:07 - [MESSAGE][PASSED] - Keys 'CHK10322' sent to object: 'Object Repository/FDR-Receipt/FDR-Receipt-Checkline/View/receipt_ID'

2020-09-08 11:35:08 - [MESSAGE][PASSED] - Object 'Object Repository/FDR-Receipt/FDR-Receipt-Checkline/View/supplier_Id' is present

2020-09-08 11:35:08 - [MESSAGE][PASSED] - Object: 'Object Repository/FDR-Receipt/FDR-Receipt-Checkline/View/supplier_Id' is clicked on

2020-09-08 11:35:09 - [MESSAGE][PASSED] - Keys '0000007954' sent to object: 'Object Repository/FDR-Receipt/FDR-Receipt-Checkline/View/supplier_Id'

2020-09-08 11:35:09 - [MESSAGE][PASSED] - Keys 'DOWN + ENTER + ' sent to object: 'Object Repository/FDR-Receipt/FDR-Receipt-Checkline/View/supplier_Id'

2020-09-08 11:35:10 - [MESSAGE][PASSED] - Object 'Object Repository/FDR-Receipt/FDR-Receipt-Checkline/View/deposit_Date' is present

2020-09-08 11:35:10 - [MESSAGE][PASSED] - Keys '02/24/2020' sent to object: 'Object Repository/FDR-Receipt/FDR-Receipt-Checkline/View/deposit_Date'

2020-09-08 11:35:15 - [MESSAGE][INFO] - Unable to find the element located by 'By.xpath: //*[@data-id='button-link']//*[contains(text(),'Create New Voucher')]'. Please recheck the objects properties to make sure the desired element is located. 

2020-09-08 11:35:15 - [MESSAGE][WARNING] - Object 'Object Repository/FDR-Dashboard/createNewVoucherButton' is not present after 4 second(s)

2020-09-08 11:35:16 - [MESSAGE][PASSED] - Object 'Object Repository/FDR-Receipt/FDR-Receipt-Checkline/View/addReceipt_Button2' is present

2020-09-08 11:35:16 - [MESSAGE][PASSED] - Object: 'Object Repository/FDR-Receipt/FDR-Receipt-Checkline/View/addReceipt_Button2' is clicked on

2020-09-08 11:35:16 - [TEST_STEP][PASSED] - d = Date().plus(1): null

2020-09-08 11:35:16 - [TEST_STEP][PASSED] - dd = Date().plus(2): null

2020-09-08 11:35:16 - [TEST_STEP][PASSED] - servicedatefrom = d.format("MM/dd/yyyy"): null

2020-09-08 11:35:16 - [TEST_STEP][PASSED] - servicedateto = dd.format("MM/dd/yyyy"): null

2020-09-08 11:35:16 - [TEST_STEP][PASSED] - originalwarrantdate = dd.format("MM/dd/yyyy"): null

2020-09-08 11:35:16 - [TEST_STEP][PASSED] - verifyElementClickable(findTestObject("FDR-Receipt/FDR-Receipt-DistributionLine/FDR-AddEdit-DistributionLine/arrow_Down_Receipts"), STOP_ON_FAILURE): Object 'Object Repository/FDR-Receipt/FDR-Receipt-DistributionLine/FDR-AddEdit-DistributionLine/arrow_Down_Receipts' is clickable

2020-09-08 11:35:17 - [MESSAGE][PASSED] - Object 'Object Repository/FDR-Receipt/FDR-Receipt-DistributionLine/FDR-AddEdit-DistributionLine/arrow_Down_Receipts' is clickable

2020-09-08 11:35:17 - [TEST_STEP][PASSED] - click(findTestObject("FDR-Receipt/FDR-Receipt-DistributionLine/FDR-AddEdit-DistributionLine/arrow_Down_Receipts"), STOP_ON_FAILURE): Object: 'Object Repository/FDR-Receipt/FDR-Receipt-DistributionLine/FDR-AddEdit-DistributionLine/arrow_Down_Receipts' is clicked on

2020-09-08 11:35:17 - [MESSAGE][PASSED] - Object: 'Object Repository/FDR-Receipt/FDR-Receipt-DistributionLine/FDR-AddEdit-DistributionLine/arrow_Down_Receipts' is clicked on

2020-09-08 11:35:17 - [TEST_STEP][PASSED] - waitForElementPresent(findTestObject("FDR-Receipt/FDR-Receipt-Checkline/View/deposit_Control_Amount"), 10): Object 'Object Repository/FDR-Receipt/FDR-Receipt-Checkline/View/deposit_Control_Amount' is present

2020-09-08 11:35:18 - [MESSAGE][PASSED] - Object 'Object Repository/FDR-Receipt/FDR-Receipt-Checkline/View/deposit_Control_Amount' is present

2020-09-08 11:35:18 - [TEST_STEP][PASSED] - Receipttotalbefaddwith$ = getText(findTestObject("FDR-Receipt/FDR-Receipt-Checkline/View/deposit_Control_Amount")): Text of object 'Object Repository/FDR-Receipt/FDR-Receipt-Checkline/View/deposit_Control_Amount' is: '$0.00'

2020-09-08 11:35:18 - [MESSAGE][PASSED] - Text of object 'Object Repository/FDR-Receipt/FDR-Receipt-Checkline/View/deposit_Control_Amount' is: '$0.00'

2020-09-08 11:35:18 - [TEST_STEP][PASSED] - Receipttotalbefaddwithout$ = Receipttotalbefaddwith$.substring(1): null

2020-09-08 11:35:18 - [TEST_STEP][PASSED] - ReceipttotalbefaddwithoutComma = Receipttotalbefaddwithout$.replaceAll(",", ""): null

2020-09-08 11:35:18 - [TEST_STEP][PASSED] - Receipttotalbefreceiptlineadd = Float.parseFloat(ReceipttotalbefaddwithoutComma): null

2020-09-08 11:35:18 - [TEST_STEP][PASSED] - waitForElementPresent(findTestObject("FDR-Receipt/FDR-Receipt-DistributionLine/FDR-AddEdit-DistributionLine/button_Add-Invoiceline"), 10): Object 'Object Repository/FDR-Receipt/FDR-Receipt-DistributionLine/FDR-AddEdit-DistributionLine/button_Add-Invoiceline' is present

2020-09-08 11:35:18 - [MESSAGE][PASSED] - Object 'Object Repository/FDR-Receipt/FDR-Receipt-DistributionLine/FDR-AddEdit-DistributionLine/button_Add-Invoiceline' is present

2020-09-08 11:35:18 - [TEST_STEP][PASSED] - scrollToElement(findTestObject("FDR-Receipt/FDR-Receipt-DistributionLine/FDR-AddEdit-DistributionLine/button_Add-Invoiceline"), 3): Scroll to object 'Object Repository/FDR-Receipt/FDR-Receipt-DistributionLine/FDR-AddEdit-DistributionLine/button_Add-Invoiceline' successfully

2020-09-08 11:35:19 - [MESSAGE][PASSED] - Scroll to object 'Object Repository/FDR-Receipt/FDR-Receipt-DistributionLine/FDR-AddEdit-DistributionLine/button_Add-Invoiceline' successfully

2020-09-08 11:35:19 - [TEST_STEP][PASSED] - verifyElementClickable(findTestObject("FDR-Receipt/FDR-Receipt-DistributionLine/FDR-AddEdit-DistributionLine/button_Add-Invoiceline"), STOP_ON_FAILURE): Object 'Object Repository/FDR-Receipt/FDR-Receipt-DistributionLine/FDR-AddEdit-DistributionLine/button_Add-Invoiceline' is clickable

2020-09-08 11:35:19 - [MESSAGE][PASSED] - Object 'Object Repository/FDR-Receipt/FDR-Receipt-DistributionLine/FDR-AddEdit-DistributionLine/button_Add-Invoiceline' is clickable

2020-09-08 11:35:19 - [TEST_STEP][PASSED] - click(findTestObject("FDR-Receipt/FDR-Receipt-DistributionLine/FDR-AddEdit-DistributionLine/button_Add-Invoiceline"), STOP_ON_FAILURE): Object: 'Object Repository/FDR-Receipt/FDR-Receipt-DistributionLine/FDR-AddEdit-DistributionLine/button_Add-Invoiceline' is clicked on

2020-09-08 11:35:19 - [MESSAGE][PASSED] - Object: 'Object Repository/FDR-Receipt/FDR-Receipt-DistributionLine/FDR-AddEdit-DistributionLine/button_Add-Invoiceline' is clicked on

2020-09-08 11:35:19 - [TEST_STEP][PASSED] - waitForElementPresent(findTestObject("FDR-Receipt/FDR-Receipt-DistributionLine/FDR-AddEdit-DistributionLine/invoice_Searchfield"), 10): Object 'Object Repository/FDR-Receipt/FDR-Receipt-DistributionLine/FDR-AddEdit-DistributionLine/invoice_Searchfield' is present

2020-09-08 11:35:20 - [MESSAGE][PASSED] - Object 'Object Repository/FDR-Receipt/FDR-Receipt-DistributionLine/FDR-AddEdit-DistributionLine/invoice_Searchfield' is present

2020-09-08 11:35:20 - [TEST_STEP][PASSED] - sendKeys(findTestObject("FDR-Receipt/FDR-Receipt-DistributionLine/FDR-AddEdit-DistributionLine/invoice_Searchfield"), searchfield): Keys '524342' sent to object: 'Object Repository/FDR-Receipt/FDR-Receipt-DistributionLine/FDR-AddEdit-DistributionLine/invoice_Searchfield'

2020-09-08 11:35:21 - [MESSAGE][PASSED] - Keys '524342' sent to object: 'Object Repository/FDR-Receipt/FDR-Receipt-DistributionLine/FDR-AddEdit-DistributionLine/invoice_Searchfield'

2020-09-08 11:35:21 - [TEST_STEP][PASSED] - click(findTestObject("FDR-Receipt/FDR-Receipt-DistributionLine/FDR-AddEdit-DistributionLine/button_Add_invoicemanually")): Object: 'Object Repository/FDR-Receipt/FDR-Receipt-DistributionLine/FDR-AddEdit-DistributionLine/button_Add_invoicemanually' is clicked on

2020-09-08 11:35:22 - [MESSAGE][PASSED] - Object: 'Object Repository/FDR-Receipt/FDR-Receipt-DistributionLine/FDR-AddEdit-DistributionLine/button_Add_invoicemanually' is clicked on

2020-09-08 11:35:22 - [TEST_STEP][PASSED] - waitForElementPresent(findTestObject("FDR-Receipt/FDR-Receipt-DistributionLine/FDR-AddEdit-DistributionLine/input_Service date (from)"), 10): Object 'Object Repository/FDR-Receipt/FDR-Receipt-DistributionLine/FDR-AddEdit-DistributionLine/input_Service date (from)' is present

2020-09-08 11:35:22 - [MESSAGE][PASSED] - Object 'Object Repository/FDR-Receipt/FDR-Receipt-DistributionLine/FDR-AddEdit-DistributionLine/input_Service date (from)' is present

2020-09-08 11:35:22 - [TEST_STEP][PASSED] - sendKeys(findTestObject("FDR-Receipt/FDR-Receipt-DistributionLine/FDR-AddEdit-DistributionLine/input_Service date (from)"), servicedatefrom): Keys '09/09/2020' sent to object: 'Object Repository/FDR-Receipt/FDR-Receipt-DistributionLine/FDR-AddEdit-DistributionLine/input_Service date (from)'

2020-09-08 11:35:23 - [MESSAGE][PASSED] - Keys '09/09/2020' sent to object: 'Object Repository/FDR-Receipt/FDR-Receipt-DistributionLine/FDR-AddEdit-DistributionLine/input_Service date (from)'

2020-09-08 11:35:23 - [TEST_STEP][PASSED] - waitForElementPresent(findTestObject("FDR-Receipt/FDR-Receipt-DistributionLine/FDR-AddEdit-DistributionLine/input_Service date (to)"), 10): Object 'Object Repository/FDR-Receipt/FDR-Receipt-DistributionLine/FDR-AddEdit-DistributionLine/input_Service date (to)' is present

2020-09-08 11:35:23 - [MESSAGE][PASSED] - Object 'Object Repository/FDR-Receipt/FDR-Receipt-DistributionLine/FDR-AddEdit-DistributionLine/input_Service date (to)' is present

2020-09-08 11:35:23 - [TEST_STEP][PASSED] - sendKeys(findTestObject("FDR-Receipt/FDR-Receipt-DistributionLine/FDR-AddEdit-DistributionLine/input_Service date (to)"), servicedateto): Keys '09/10/2020' sent to object: 'Object Repository/FDR-Receipt/FDR-Receipt-DistributionLine/FDR-AddEdit-DistributionLine/input_Service date (to)'

2020-09-08 11:35:24 - [MESSAGE][PASSED] - Keys '09/10/2020' sent to object: 'Object Repository/FDR-Receipt/FDR-Receipt-DistributionLine/FDR-AddEdit-DistributionLine/input_Service date (to)'

2020-09-08 11:35:24 - [TEST_STEP][PASSED] - waitForElementPresent(findTestObject("FDR-Receipt/FDR-Receipt-DistributionLine/FDR-AddEdit-DistributionLine/input_OrginalWarrantDate"), 10): Object 'Object Repository/FDR-Receipt/FDR-Receipt-DistributionLine/FDR-AddEdit-DistributionLine/input_OrginalWarrantDate' is present

2020-09-08 11:35:24 - [MESSAGE][PASSED] - Object 'Object Repository/FDR-Receipt/FDR-Receipt-DistributionLine/FDR-AddEdit-DistributionLine/input_OrginalWarrantDate' is present

2020-09-08 11:35:24 - [TEST_STEP][PASSED] - sendKeys(findTestObject("FDR-Receipt/FDR-Receipt-DistributionLine/FDR-AddEdit-DistributionLine/input_OrginalWarrantDate"), originalwarrantdate): Keys '09/10/2020' sent to object: 'Object Repository/FDR-Receipt/FDR-Receipt-DistributionLine/FDR-AddEdit-DistributionLine/input_OrginalWarrantDate'

2020-09-08 11:35:25 - [MESSAGE][PASSED] - Keys '09/10/2020' sent to object: 'Object Repository/FDR-Receipt/FDR-Receipt-DistributionLine/FDR-AddEdit-DistributionLine/input_OrginalWarrantDate'

2020-09-08 11:35:25 - [TEST_STEP][PASSED] - waitForElementPresent(findTestObject("FDR-Receipt/FDR-Receipt-DistributionLine/FDR-AddEdit-DistributionLine/input_Amount"), 10): Object 'Object Repository/FDR-Receipt/FDR-Receipt-DistributionLine/FDR-AddEdit-DistributionLine/input_Amount' is present

2020-09-08 11:35:25 - [MESSAGE][PASSED] - Object 'Object Repository/FDR-Receipt/FDR-Receipt-DistributionLine/FDR-AddEdit-DistributionLine/input_Amount' is present

2020-09-08 11:35:25 - [TEST_STEP][PASSED] - sendKeys(findTestObject("FDR-Receipt/FDR-Receipt-DistributionLine/FDR-AddEdit-DistributionLine/input_Amount"), Amount): Keys '3000' sent to object: 'Object Repository/FDR-Receipt/FDR-Receipt-DistributionLine/FDR-AddEdit-DistributionLine/input_Amount'

2020-09-08 11:35:26 - [MESSAGE][PASSED] - Keys '3000' sent to object: 'Object Repository/FDR-Receipt/FDR-Receipt-DistributionLine/FDR-AddEdit-DistributionLine/input_Amount'

2020-09-08 11:35:26 - [TEST_STEP][PASSED] - waitForElementPresent(findTestObject("FDR-Receipt/FDR-Receipt-DistributionLine/FDR-AddEdit-DistributionLine/waiver_Type"), 10): Object 'Object Repository/FDR-Receipt/FDR-Receipt-DistributionLine/FDR-AddEdit-DistributionLine/waiver_Type' is present

2020-09-08 11:35:26 - [MESSAGE][PASSED] - Object 'Object Repository/FDR-Receipt/FDR-Receipt-DistributionLine/FDR-AddEdit-DistributionLine/waiver_Type' is present

2020-09-08 11:35:26 - [TEST_STEP][PASSED] - waitForElementPresent(findTestObject("FDR-Receipt/FDR-Receipt-DistributionLine/FDR-AddEdit-DistributionLine/waiver_Type"), 8): Object 'Object Repository/FDR-Receipt/FDR-Receipt-DistributionLine/FDR-AddEdit-DistributionLine/waiver_Type' is present

2020-09-08 11:35:26 - [MESSAGE][PASSED] - Object 'Object Repository/FDR-Receipt/FDR-Receipt-DistributionLine/FDR-AddEdit-DistributionLine/waiver_Type' is present

2020-09-08 11:35:26 - [TEST_STEP][PASSED] - sendKeys(findTestObject("FDR-Receipt/FDR-Receipt-DistributionLine/FDR-AddEdit-DistributionLine/waiver_Type"), Waivertype): Keys '2020' sent to object: 'Object Repository/FDR-Receipt/FDR-Receipt-DistributionLine/FDR-AddEdit-DistributionLine/waiver_Type'

2020-09-08 11:35:27 - [MESSAGE][PASSED] - Keys '2020' sent to object: 'Object Repository/FDR-Receipt/FDR-Receipt-DistributionLine/FDR-AddEdit-DistributionLine/waiver_Type'

2020-09-08 11:35:27 - [TEST_STEP][PASSED] - sendKeys(findTestObject("FDR-Receipt/FDR-Receipt-DistributionLine/FDR-AddEdit-DistributionLine/waiver_Type"), Keys.chord(DOWN, ENTER)): Keys 'DOWN + ENTER + ' sent to object: 'Object Repository/FDR-Receipt/FDR-Receipt-DistributionLine/FDR-AddEdit-DistributionLine/waiver_Type'

2020-09-08 11:35:27 - [MESSAGE][PASSED] - Keys 'DOWN + ENTER + ' sent to object: 'Object Repository/FDR-Receipt/FDR-Receipt-DistributionLine/FDR-AddEdit-DistributionLine/waiver_Type'

2020-09-08 11:35:27 - [TEST_STEP][PASSED] - waitForElementPresent(findTestObject("FDR-Receipt/FDR-Receipt-DistributionLine/FDR-AddEdit-DistributionLine/waiver_Name"), 6): Object 'Object Repository/FDR-Receipt/FDR-Receipt-DistributionLine/FDR-AddEdit-DistributionLine/waiver_Name' is present

2020-09-08 11:35:28 - [MESSAGE][PASSED] - Object 'Object Repository/FDR-Receipt/FDR-Receipt-DistributionLine/FDR-AddEdit-DistributionLine/waiver_Name' is present

2020-09-08 11:35:28 - [TEST_STEP][PASSED] - sendKeys(findTestObject("FDR-Receipt/FDR-Receipt-DistributionLine/FDR-AddEdit-DistributionLine/waiver_Name"), Waivername): Keys 'A-FamilyU TPM/GMC' sent to object: 'Object Repository/FDR-Receipt/FDR-Receipt-DistributionLine/FDR-AddEdit-DistributionLine/waiver_Name'

2020-09-08 11:35:28 - [MESSAGE][PASSED] - Keys 'A-FamilyU TPM/GMC' sent to object: 'Object Repository/FDR-Receipt/FDR-Receipt-DistributionLine/FDR-AddEdit-DistributionLine/waiver_Name'

2020-09-08 11:35:28 - [TEST_STEP][PASSED] - sendKeys(findTestObject("FDR-Receipt/FDR-Receipt-DistributionLine/FDR-AddEdit-DistributionLine/waiver_Name"), Keys.chord(DOWN, ENTER)): Keys 'DOWN + ENTER + ' sent to object: 'Object Repository/FDR-Receipt/FDR-Receipt-DistributionLine/FDR-AddEdit-DistributionLine/waiver_Name'

2020-09-08 11:35:29 - [MESSAGE][PASSED] - Keys 'DOWN + ENTER + ' sent to object: 'Object Repository/FDR-Receipt/FDR-Receipt-DistributionLine/FDR-AddEdit-DistributionLine/waiver_Name'

2020-09-08 11:35:29 - [TEST_STEP][PASSED] - waitForElementPresent(findTestObject("FDR-Receipt/FDR-Receipt-DistributionLine/FDR-AddEdit-DistributionLine/funding_Source"), 6): Object 'Object Repository/FDR-Receipt/FDR-Receipt-DistributionLine/FDR-AddEdit-DistributionLine/funding_Source' is present

2020-09-08 11:35:29 - [MESSAGE][PASSED] - Object 'Object Repository/FDR-Receipt/FDR-Receipt-DistributionLine/FDR-AddEdit-DistributionLine/funding_Source' is present

2020-09-08 11:35:29 - [TEST_STEP][PASSED] - sendKeys(findTestObject("FDR-Receipt/FDR-Receipt-DistributionLine/FDR-AddEdit-DistributionLine/funding_Source"), Fundingsource): Keys 'Dental' sent to object: 'Object Repository/FDR-Receipt/FDR-Receipt-DistributionLine/FDR-AddEdit-DistributionLine/funding_Source'

2020-09-08 11:35:30 - [MESSAGE][PASSED] - Keys 'Dental' sent to object: 'Object Repository/FDR-Receipt/FDR-Receipt-DistributionLine/FDR-AddEdit-DistributionLine/funding_Source'

2020-09-08 11:35:30 - [TEST_STEP][PASSED] - sendKeys(findTestObject("FDR-Receipt/FDR-Receipt-DistributionLine/FDR-AddEdit-DistributionLine/funding_Source"), Keys.chord(DOWN, ENTER)): Keys 'DOWN + ENTER + ' sent to object: 'Object Repository/FDR-Receipt/FDR-Receipt-DistributionLine/FDR-AddEdit-DistributionLine/funding_Source'

2020-09-08 11:35:30 - [MESSAGE][PASSED] - Keys 'DOWN + ENTER + ' sent to object: 'Object Repository/FDR-Receipt/FDR-Receipt-DistributionLine/FDR-AddEdit-DistributionLine/funding_Source'

2020-09-08 11:35:30 - [TEST_STEP][PASSED] - waitForElementPresent(findTestObject("FDR-Receipt/FDR-Receipt-DistributionLine/FDR-AddEdit-DistributionLine/fund_Code"), 30): Object 'Object Repository/FDR-Receipt/FDR-Receipt-DistributionLine/FDR-AddEdit-DistributionLine/fund_Code' is present

2020-09-08 11:35:31 - [MESSAGE][PASSED] - Object 'Object Repository/FDR-Receipt/FDR-Receipt-DistributionLine/FDR-AddEdit-DistributionLine/fund_Code' is present

2020-09-08 11:35:31 - [TEST_STEP][PASSED] - sendKeys(findTestObject("FDR-Receipt/FDR-Receipt-DistributionLine/FDR-AddEdit-DistributionLine/fund_Code"), Fundcode): Keys 'Health Care Deposit Fund (0912)' sent to object: 'Object Repository/FDR-Receipt/FDR-Receipt-DistributionLine/FDR-AddEdit-DistributionLine/fund_Code'

2020-09-08 11:35:31 - [MESSAGE][PASSED] - Keys 'Health Care Deposit Fund (0912)' sent to object: 'Object Repository/FDR-Receipt/FDR-Receipt-DistributionLine/FDR-AddEdit-DistributionLine/fund_Code'

2020-09-08 11:35:31 - [TEST_STEP][PASSED] - sendKeys(findTestObject("FDR-Receipt/FDR-Receipt-DistributionLine/FDR-AddEdit-DistributionLine/fund_Code"), Keys.chord(DOWN, ENTER)): Keys 'DOWN + ENTER + ' sent to object: 'Object Repository/FDR-Receipt/FDR-Receipt-DistributionLine/FDR-AddEdit-DistributionLine/fund_Code'

2020-09-08 11:35:31 - [MESSAGE][PASSED] - Keys 'DOWN + ENTER + ' sent to object: 'Object Repository/FDR-Receipt/FDR-Receipt-DistributionLine/FDR-AddEdit-DistributionLine/fund_Code'

2020-09-08 11:35:31 - [TEST_STEP][PASSED] - waitForElementPresent(findTestObject("FDR-Receipt/FDR-Receipt-DistributionLine/FDR-AddEdit-DistributionLine/fund_Ratio"), 10): Object 'Object Repository/FDR-Receipt/FDR-Receipt-DistributionLine/FDR-AddEdit-DistributionLine/fund_Ratio' is present

2020-09-08 11:35:32 - [MESSAGE][PASSED] - Object 'Object Repository/FDR-Receipt/FDR-Receipt-DistributionLine/FDR-AddEdit-DistributionLine/fund_Ratio' is present

2020-09-08 11:35:32 - [TEST_STEP][PASSED] - sendKeys(findTestObject("FDR-Receipt/FDR-Receipt-DistributionLine/FDR-AddEdit-DistributionLine/fund_Ratio"), Fundratio): Keys '5' sent to object: 'Object Repository/FDR-Receipt/FDR-Receipt-DistributionLine/FDR-AddEdit-DistributionLine/fund_Ratio'

2020-09-08 11:35:32 - [MESSAGE][PASSED] - Keys '5' sent to object: 'Object Repository/FDR-Receipt/FDR-Receipt-DistributionLine/FDR-AddEdit-DistributionLine/fund_Ratio'

2020-09-08 11:35:32 - [TEST_STEP][PASSED] - sendKeys(findTestObject("FDR-Receipt/FDR-Receipt-DistributionLine/FDR-AddEdit-DistributionLine/fund_Ratio"), Keys.chord(DOWN, ENTER)): Keys 'DOWN + ENTER + ' sent to object: 'Object Repository/FDR-Receipt/FDR-Receipt-DistributionLine/FDR-AddEdit-DistributionLine/fund_Ratio'

2020-09-08 11:35:33 - [MESSAGE][PASSED] - Keys 'DOWN + ENTER + ' sent to object: 'Object Repository/FDR-Receipt/FDR-Receipt-DistributionLine/FDR-AddEdit-DistributionLine/fund_Ratio'

2020-09-08 11:35:33 - [TEST_STEP][PASSED] - waitForElementPresent(findTestObject("FDR-Receipt/FDR-Receipt-DistributionLine/FDR-AddEdit-DistributionLine/non_Federalfund"), 10): Object 'Object Repository/FDR-Receipt/FDR-Receipt-DistributionLine/FDR-AddEdit-DistributionLine/non_Federalfund' is present

2020-09-08 11:35:33 - [MESSAGE][PASSED] - Object 'Object Repository/FDR-Receipt/FDR-Receipt-DistributionLine/FDR-AddEdit-DistributionLine/non_Federalfund' is present

2020-09-08 11:35:33 - [TEST_STEP][PASSED] - click(findTestObject("FDR-Receipt/FDR-Receipt-DistributionLine/FDR-AddEdit-DistributionLine/non_Federalfund")): Object: 'Object Repository/FDR-Receipt/FDR-Receipt-DistributionLine/FDR-AddEdit-DistributionLine/non_Federalfund' is clicked on

2020-09-08 11:35:34 - [MESSAGE][PASSED] - Object: 'Object Repository/FDR-Receipt/FDR-Receipt-DistributionLine/FDR-AddEdit-DistributionLine/non_Federalfund' is clicked on

2020-09-08 11:35:34 - [TEST_STEP][PASSED] - sendKeys(findTestObject("FDR-Receipt/FDR-Receipt-DistributionLine/FDR-AddEdit-DistributionLine/non_Federalfund"), Nonfederalfund): Keys '0001' sent to object: 'Object Repository/FDR-Receipt/FDR-Receipt-DistributionLine/FDR-AddEdit-DistributionLine/non_Federalfund'

2020-09-08 11:35:34 - [MESSAGE][PASSED] - Keys '0001' sent to object: 'Object Repository/FDR-Receipt/FDR-Receipt-DistributionLine/FDR-AddEdit-DistributionLine/non_Federalfund'

2020-09-08 11:35:34 - [TEST_STEP][PASSED] - sendKeys(findTestObject("FDR-Receipt/FDR-Receipt-DistributionLine/FDR-AddEdit-DistributionLine/non_Federalfund"), Keys.chord(DOWN, ENTER)): Keys 'DOWN + ENTER + ' sent to object: 'Object Repository/FDR-Receipt/FDR-Receipt-DistributionLine/FDR-AddEdit-DistributionLine/non_Federalfund'

2020-09-08 11:35:35 - [MESSAGE][PASSED] - Keys 'DOWN + ENTER + ' sent to object: 'Object Repository/FDR-Receipt/FDR-Receipt-DistributionLine/FDR-AddEdit-DistributionLine/non_Federalfund'

2020-09-08 11:35:35 - [TEST_STEP][PASSED] - waitForElementPresent(findTestObject("FDR-Receipt/FDR-Receipt-DistributionLine/FDR-AddEdit-DistributionLine/input_Service location_serviceLocation"), 10): Object 'Object Repository/FDR-Receipt/FDR-Receipt-DistributionLine/FDR-AddEdit-DistributionLine/input_Service location_serviceLocation' is present

2020-09-08 11:35:35 - [MESSAGE][PASSED] - Object 'Object Repository/FDR-Receipt/FDR-Receipt-DistributionLine/FDR-AddEdit-DistributionLine/input_Service location_serviceLocation' is present

2020-09-08 11:35:35 - [TEST_STEP][PASSED] - sendKeys(findTestObject("FDR-Receipt/FDR-Receipt-DistributionLine/FDR-AddEdit-DistributionLine/input_Service location_serviceLocation"), Servicelocation): Keys '3445' sent to object: 'Object Repository/FDR-Receipt/FDR-Receipt-DistributionLine/FDR-AddEdit-DistributionLine/input_Service location_serviceLocation'

2020-09-08 11:35:35 - [MESSAGE][PASSED] - Keys '3445' sent to object: 'Object Repository/FDR-Receipt/FDR-Receipt-DistributionLine/FDR-AddEdit-DistributionLine/input_Service location_serviceLocation'

2020-09-08 11:35:35 - [TEST_STEP][PASSED] - sendKeys(findTestObject("FDR-Receipt/FDR-Receipt-DistributionLine/FDR-AddEdit-DistributionLine/input_Service location_serviceLocation"), Keys.chord(DOWN, ENTER)): Keys 'DOWN + ENTER + ' sent to object: 'Object Repository/FDR-Receipt/FDR-Receipt-DistributionLine/FDR-AddEdit-DistributionLine/input_Service location_serviceLocation'

2020-09-08 11:35:36 - [MESSAGE][PASSED] - Keys 'DOWN + ENTER + ' sent to object: 'Object Repository/FDR-Receipt/FDR-Receipt-DistributionLine/FDR-AddEdit-DistributionLine/input_Service location_serviceLocation'

2020-09-08 11:35:36 - [TEST_STEP][PASSED] - waitForElementPresent(findTestObject("FDR-Receipt/FDR-Receipt-DistributionLine/FDR-AddEdit-DistributionLine/Index"), 10): Object 'Object Repository/FDR-Receipt/FDR-Receipt-DistributionLine/FDR-AddEdit-DistributionLine/Index' is present

2020-09-08 11:35:36 - [MESSAGE][PASSED] - Object 'Object Repository/FDR-Receipt/FDR-Receipt-DistributionLine/FDR-AddEdit-DistributionLine/Index' is present

2020-09-08 11:35:36 - [TEST_STEP][PASSED] - sendKeys(findTestObject("FDR-Receipt/FDR-Receipt-DistributionLine/FDR-AddEdit-DistributionLine/Index"), Index): Keys '1155' sent to object: 'Object Repository/FDR-Receipt/FDR-Receipt-DistributionLine/FDR-AddEdit-DistributionLine/Index'

2020-09-08 11:35:36 - [MESSAGE][PASSED] - Keys '1155' sent to object: 'Object Repository/FDR-Receipt/FDR-Receipt-DistributionLine/FDR-AddEdit-DistributionLine/Index'

2020-09-08 11:35:36 - [TEST_STEP][PASSED] - sendKeys(findTestObject("FDR-Receipt/FDR-Receipt-DistributionLine/FDR-AddEdit-DistributionLine/Index"), Keys.chord(DOWN, ENTER)): Keys 'DOWN + ENTER + ' sent to object: 'Object Repository/FDR-Receipt/FDR-Receipt-DistributionLine/FDR-AddEdit-DistributionLine/Index'

2020-09-08 11:35:37 - [MESSAGE][PASSED] - Keys 'DOWN + ENTER + ' sent to object: 'Object Repository/FDR-Receipt/FDR-Receipt-DistributionLine/FDR-AddEdit-DistributionLine/Index'

2020-09-08 11:35:37 - [TEST_STEP][PASSED] - waitForElementPresent(findTestObject("FDR-Receipt/FDR-Receipt-DistributionLine/FDR-AddEdit-DistributionLine/program_Type"), 10): Object 'Object Repository/FDR-Receipt/FDR-Receipt-DistributionLine/FDR-AddEdit-DistributionLine/program_Type' is present

2020-09-08 11:35:37 - [MESSAGE][PASSED] - Object 'Object Repository/FDR-Receipt/FDR-Receipt-DistributionLine/FDR-AddEdit-DistributionLine/program_Type' is present

2020-09-08 11:35:37 - [TEST_STEP][PASSED] - sendKeys(findTestObject("FDR-Receipt/FDR-Receipt-DistributionLine/FDR-AddEdit-DistributionLine/program_Type"), Programtype): Keys 'Medical Assistance (MA)' sent to object: 'Object Repository/FDR-Receipt/FDR-Receipt-DistributionLine/FDR-AddEdit-DistributionLine/program_Type'

2020-09-08 11:35:38 - [MESSAGE][PASSED] - Keys 'Medical Assistance (MA)' sent to object: 'Object Repository/FDR-Receipt/FDR-Receipt-DistributionLine/FDR-AddEdit-DistributionLine/program_Type'

2020-09-08 11:35:38 - [TEST_STEP][PASSED] - sendKeys(findTestObject("FDR-Receipt/FDR-Receipt-DistributionLine/FDR-AddEdit-DistributionLine/program_Type"), Keys.chord(DOWN, ENTER)): Keys 'DOWN + ENTER + ' sent to object: 'Object Repository/FDR-Receipt/FDR-Receipt-DistributionLine/FDR-AddEdit-DistributionLine/program_Type'

2020-09-08 11:35:38 - [MESSAGE][PASSED] - Keys 'DOWN + ENTER + ' sent to object: 'Object Repository/FDR-Receipt/FDR-Receipt-DistributionLine/FDR-AddEdit-DistributionLine/program_Type'

2020-09-08 11:35:38 - [TEST_STEP][PASSED] - waitForElementPresent(findTestObject("FDR-Receipt/FDR-Receipt-DistributionLine/FDR-AddEdit-DistributionLine/service_Category"), 10): Object 'Object Repository/FDR-Receipt/FDR-Receipt-DistributionLine/FDR-AddEdit-DistributionLine/service_Category' is present

2020-09-08 11:35:39 - [MESSAGE][PASSED] - Object 'Object Repository/FDR-Receipt/FDR-Receipt-DistributionLine/FDR-AddEdit-DistributionLine/service_Category' is present

2020-09-08 11:35:39 - [TEST_STEP][PASSED] - sendKeys(findTestObject("FDR-Receipt/FDR-Receipt-DistributionLine/FDR-AddEdit-DistributionLine/service_Category"), Servicecategory): Keys '18B1' sent to object: 'Object Repository/FDR-Receipt/FDR-Receipt-DistributionLine/FDR-AddEdit-DistributionLine/service_Category'

2020-09-08 11:35:39 - [MESSAGE][PASSED] - Keys '18B1' sent to object: 'Object Repository/FDR-Receipt/FDR-Receipt-DistributionLine/FDR-AddEdit-DistributionLine/service_Category'

2020-09-08 11:35:39 - [TEST_STEP][PASSED] - sendKeys(findTestObject("FDR-Receipt/FDR-Receipt-DistributionLine/FDR-AddEdit-DistributionLine/service_Category"), Keys.chord(DOWN, ENTER)): Keys 'DOWN + ENTER + ' sent to object: 'Object Repository/FDR-Receipt/FDR-Receipt-DistributionLine/FDR-AddEdit-DistributionLine/service_Category'

2020-09-08 11:35:39 - [MESSAGE][PASSED] - Keys 'DOWN + ENTER + ' sent to object: 'Object Repository/FDR-Receipt/FDR-Receipt-DistributionLine/FDR-AddEdit-DistributionLine/service_Category'

2020-09-08 11:35:39 - [TEST_STEP][PASSED] - waitForElementPresent(findTestObject("FDR-Receipt/FDR-Receipt-DistributionLine/FDR-AddEdit-DistributionLine/increaseDecreaseLine"), 10): Object 'Object Repository/FDR-Receipt/FDR-Receipt-DistributionLine/FDR-AddEdit-DistributionLine/increaseDecreaseLine' is present

2020-09-08 11:35:40 - [MESSAGE][PASSED] - Object 'Object Repository/FDR-Receipt/FDR-Receipt-DistributionLine/FDR-AddEdit-DistributionLine/increaseDecreaseLine' is present

2020-09-08 11:35:40 - [TEST_STEP][PASSED] - sendKeys(findTestObject("FDR-Receipt/FDR-Receipt-DistributionLine/FDR-AddEdit-DistributionLine/increaseDecreaseLine"), IncreaseDecreaseLine): Keys '10b: Receipts or any decrease' sent to object: 'Object Repository/FDR-Receipt/FDR-Receipt-DistributionLine/FDR-AddEdit-DistributionLine/increaseDecreaseLine'

2020-09-08 11:35:40 - [MESSAGE][PASSED] - Keys '10b: Receipts or any decrease' sent to object: 'Object Repository/FDR-Receipt/FDR-Receipt-DistributionLine/FDR-AddEdit-DistributionLine/increaseDecreaseLine'

2020-09-08 11:35:40 - [TEST_STEP][PASSED] - sendKeys(findTestObject("FDR-Receipt/FDR-Receipt-DistributionLine/FDR-AddEdit-DistributionLine/increaseDecreaseLine"), Keys.chord(ARROW_DOWN, ENTER)): Keys 'DOWN + ENTER + ' sent to object: 'Object Repository/FDR-Receipt/FDR-Receipt-DistributionLine/FDR-AddEdit-DistributionLine/increaseDecreaseLine'

2020-09-08 11:35:41 - [MESSAGE][PASSED] - Keys 'DOWN + ENTER + ' sent to object: 'Object Repository/FDR-Receipt/FDR-Receipt-DistributionLine/FDR-AddEdit-DistributionLine/increaseDecreaseLine'

2020-09-08 11:35:41 - [TEST_STEP][PASSED] - waitForElementPresent(findTestObject("FDR-Receipt/FDR-Receipt-DistributionLine/FDR-AddEdit-DistributionLine/input_accountId"), 2, STOP_ON_FAILURE): Object 'Object Repository/FDR-Receipt/FDR-Receipt-DistributionLine/FDR-AddEdit-DistributionLine/input_accountId' is present

2020-09-08 11:35:41 - [MESSAGE][PASSED] - Object 'Object Repository/FDR-Receipt/FDR-Receipt-DistributionLine/FDR-AddEdit-DistributionLine/input_accountId' is present

2020-09-08 11:35:41 - [TEST_STEP][PASSED] - sendKeys(findTestObject("FDR-Receipt/FDR-Receipt-DistributionLine/FDR-AddEdit-DistributionLine/input_accountId"), accountId + Keys.chord(ARROW_DOWN, ENTER)): Keys 'DOWN + ENTER + 5432000' sent to object: 'Object Repository/FDR-Receipt/FDR-Receipt-DistributionLine/FDR-AddEdit-DistributionLine/input_accountId'

2020-09-08 11:35:42 - [MESSAGE][PASSED] - Keys 'DOWN + ENTER + 5432000' sent to object: 'Object Repository/FDR-Receipt/FDR-Receipt-DistributionLine/FDR-AddEdit-DistributionLine/input_accountId'

2020-09-08 11:35:42 - [TEST_STEP][PASSED] - delay(4): Delayed 4 second(s)

2020-09-08 11:35:46 - [MESSAGE][PASSED] - Delayed 4 second(s)

2020-09-08 11:35:46 - [TEST_STEP][PASSED] - sendKeys(findTestObject("FDR-Receipt/FDR-Receipt-DistributionLine/FDR-AddEdit-DistributionLine/input_altAccountId"), altAccountId + Keys.chord(ARROW_DOWN, ENTER)): Keys 'DOWN + ENTER + 5432000019' sent to object: 'Object Repository/FDR-Receipt/FDR-Receipt-DistributionLine/FDR-AddEdit-DistributionLine/input_altAccountId'

2020-09-08 11:35:46 - [MESSAGE][PASSED] - Keys 'DOWN + ENTER + 5432000019' sent to object: 'Object Repository/FDR-Receipt/FDR-Receipt-DistributionLine/FDR-AddEdit-DistributionLine/input_altAccountId'

2020-09-08 11:35:46 - [TEST_STEP][PASSED] - waitForElementPresent(findTestObject("FDR-Receipt/FDR-Receipt-DistributionLine/FDR-AddEdit-DistributionLine/button_SaveClose"), 10): Object 'Object Repository/FDR-Receipt/FDR-Receipt-DistributionLine/FDR-AddEdit-DistributionLine/button_SaveClose' is present

2020-09-08 11:35:47 - [MESSAGE][PASSED] - Object 'Object Repository/FDR-Receipt/FDR-Receipt-DistributionLine/FDR-AddEdit-DistributionLine/button_SaveClose' is present

2020-09-08 11:35:47 - [TEST_STEP][PASSED] - click(findTestObject("FDR-Receipt/FDR-Receipt-DistributionLine/FDR-AddEdit-DistributionLine/button_SaveClose")): Object: 'Object Repository/FDR-Receipt/FDR-Receipt-DistributionLine/FDR-AddEdit-DistributionLine/button_SaveClose' is clicked on

2020-09-08 11:35:47 - [MESSAGE][PASSED] - Object: 'Object Repository/FDR-Receipt/FDR-Receipt-DistributionLine/FDR-AddEdit-DistributionLine/button_SaveClose' is clicked on

2020-09-08 11:35:47 - [TEST_STEP][PASSED] - Start listener action : sampleAfterTestCase: null

2020-09-08 11:35:47 - [TEST_STEP][PASSED] - profileName = getExecutionProfile(): null

2020-09-08 11:35:47 - [TEST_STEP][PASSED] - switch (profileName): null

2020-09-08 11:35:47 - [TEST_STEP][PASSED] - case "superUser":: null

2020-09-08 11:35:47 - [TEST_STEP][PASSED] - return null: null

2020-09-08 11:35:47 - [TEST_STEP][PASSED] - Start listener action : afterTestCase: null

2020-09-08 11:35:47 - [TEST_STEP][PASSED] - profileName = getExecutionProfile(): null

2020-09-08 11:35:47 - [TEST_STEP][PASSED] - if (profileName.equalsIgnoreCase("SysAdmin")): null

2020-09-08 11:35:47 - [TEST_STEP][PASSED] - Start listener action : sampleAfterTestCase: null

2020-09-08 11:35:47 - [TEST_STEP][PASSED] - profileName = getExecutionProfile(): null

2020-09-08 11:35:47 - [TEST_STEP][PASSED] - switch (profileName): null

2020-09-08 11:35:47 - [TEST_STEP][PASSED] - case "Draw":: null

2020-09-08 11:35:47 - [TEST_STEP][PASSED] - Uifunctions.logoutFDR(): Browser is closed

2020-09-08 11:35:48 - [MESSAGE][PASSED] - Browser is closed

2020-09-08 11:35:48 - [TEST_STEP][PASSED] - break: null

2020-09-08 11:35:48 - [TEST_STEP][PASSED] - Start listener action : addFailedTCToList: null]]></system-out>
         <system-err><![CDATA[]]></system-err>
      </testcase>
      <testcase name="Test Cases/WEB-UI-TESTS/Draw/FDR-Total-Validations-Receipts-Vouchers" time="49.319" classname="Test Cases/WEB-UI-TESTS/Draw/FDR-Total-Validations-Receipts-Vouchers" status="FAILED">
         <failure type="FAILED" message="Test Cases/WEB-UI-TESTS/Draw/FDR-Total-Validations-Receipts-Vouchers FAILED.
Reason:
com.kms.katalon.core.exception.StepFailedException: Unable to verify equal between actual object '500' and expected object '0' (Root cause: com.kms.katalon.core.exception.StepFailedException: Actual object '500' and expected object '0' are not equal
	at com.kms.katalon.core.keyword.builtin.VerifyEqualKeyword$_verifyEqual_closure1.doCall(VerifyEqualKeyword.groovy:58)
	at com.kms.katalon.core.keyword.builtin.VerifyEqualKeyword$_verifyEqual_closure1.call(VerifyEqualKeyword.groovy)
	at com.kms.katalon.core.keyword.internal.KeywordMain.runKeyword(KeywordMain.groovy:68)
	at com.kms.katalon.core.keyword.builtin.VerifyEqualKeyword.verifyEqual(VerifyEqualKeyword.groovy:63)
	at com.kms.katalon.core.keyword.builtin.VerifyEqualKeyword.execute(VerifyEqualKeyword.groovy:44)
	at com.kms.katalon.core.keyword.internal.KeywordExecutor.executeKeywordForPlatform(KeywordExecutor.groovy:73)
	at com.kms.katalon.core.keyword.BuiltinKeywords.verifyEqual(BuiltinKeywords.groovy:141)
	at FDR-Total-Validations-Receipts-Vouchers.run(FDR-Total-Validations-Receipts-Vouchers:26)
	at com.kms.katalon.core.main.ScriptEngine.run(ScriptEngine.java:194)
	at com.kms.katalon.core.main.ScriptEngine.runScriptAsRawText(ScriptEngine.java:119)
	at com.kms.katalon.core.main.TestCaseExecutor.runScript(TestCaseExecutor.java:339)
	at com.kms.katalon.core.main.TestCaseExecutor.doExecute(TestCaseExecutor.java:330)
	at com.kms.katalon.core.main.TestCaseExecutor.processExecutionPhase(TestCaseExecutor.java:309)
	at com.kms.katalon.core.main.TestCaseExecutor.accessMainPhase(TestCaseExecutor.java:301)
	at com.kms.katalon.core.main.TestCaseExecutor.execute(TestCaseExecutor.java:235)
	at com.kms.katalon.core.main.TestSuiteExecutor.accessTestCaseMainPhase(TestSuiteExecutor.java:191)
	at com.kms.katalon.core.main.TestSuiteExecutor.accessTestSuiteMainPhase(TestSuiteExecutor.java:141)
	at com.kms.katalon.core.main.TestSuiteExecutor.execute(TestSuiteExecutor.java:90)
	at com.kms.katalon.core.main.TestCaseMain.startTestSuite(TestCaseMain.java:157)
	at com.kms.katalon.core.main.TestCaseMain$startTestSuite$0.call(Unknown Source)
	at TempTestSuite1599589933195.run(TempTestSuite1599589933195.groovy:39)
)
	at com.kms.katalon.core.keyword.internal.KeywordMain.stepFailed(KeywordMain.groovy:39)
	at com.kms.katalon.core.keyword.internal.KeywordMain.stepFailed(KeywordMain.groovy)
	at com.kms.katalon.core.keyword.internal.KeywordMain.runKeyword(KeywordMain.groovy:70)
	at com.kms.katalon.core.keyword.builtin.VerifyEqualKeyword.verifyEqual(VerifyEqualKeyword.groovy:63)
	at com.kms.katalon.core.keyword.builtin.VerifyEqualKeyword.execute(VerifyEqualKeyword.groovy:44)
	at com.kms.katalon.core.keyword.internal.KeywordExecutor.executeKeywordForPlatform(KeywordExecutor.groovy:73)
	at com.kms.katalon.core.keyword.BuiltinKeywords.verifyEqual(BuiltinKeywords.groovy:141)
	at FDR-Total-Validations-Receipts-Vouchers.run(FDR-Total-Validations-Receipts-Vouchers:26)
	at com.kms.katalon.core.main.ScriptEngine.run(ScriptEngine.java:194)
	at com.kms.katalon.core.main.ScriptEngine.runScriptAsRawText(ScriptEngine.java:119)
	at com.kms.katalon.core.main.TestCaseExecutor.runScript(TestCaseExecutor.java:339)
	at com.kms.katalon.core.main.TestCaseExecutor.doExecute(TestCaseExecutor.java:330)
	at com.kms.katalon.core.main.TestCaseExecutor.processExecutionPhase(TestCaseExecutor.java:309)
	at com.kms.katalon.core.main.TestCaseExecutor.accessMainPhase(TestCaseExecutor.java:301)
	at com.kms.katalon.core.main.TestCaseExecutor.execute(TestCaseExecutor.java:235)
	at com.kms.katalon.core.main.TestSuiteExecutor.accessTestCaseMainPhase(TestSuiteExecutor.java:191)
	at com.kms.katalon.core.main.TestSuiteExecutor.accessTestSuiteMainPhase(TestSuiteExecutor.java:141)
	at com.kms.katalon.core.main.TestSuiteExecutor.execute(TestSuiteExecutor.java:90)
	at com.kms.katalon.core.main.TestCaseMain.startTestSuite(TestCaseMain.java:157)
	at com.kms.katalon.core.main.TestCaseMain$startTestSuite$0.call(Unknown Source)
	at TempTestSuite1599589933195.run(TempTestSuite1599589933195.groovy:39)
Caused by: com.kms.katalon.core.exception.StepFailedException: Actual object '500' and expected object '0' are not equal
	at com.kms.katalon.core.keyword.builtin.VerifyEqualKeyword$_verifyEqual_closure1.doCall(VerifyEqualKeyword.groovy:58)
	at com.kms.katalon.core.keyword.builtin.VerifyEqualKeyword$_verifyEqual_closure1.call(VerifyEqualKeyword.groovy)
	at com.kms.katalon.core.keyword.internal.KeywordMain.runKeyword(KeywordMain.groovy:68)
	... 18 more
"/>
         <system-out><![CDATA[2020-09-08 11:35:48 - [TEST_CASE][FAILED] - Test Cases/WEB-UI-TESTS/Draw/FDR-Total-Validations-Receipts-Vouchers: Test Cases/WEB-UI-TESTS/Draw/FDR-Total-Validations-Receipts-Vouchers FAILED.
Reason:
com.kms.katalon.core.exception.StepFailedException: Unable to verify equal between actual object '500' and expected object '0' (Root cause: com.kms.katalon.core.exception.StepFailedException: Actual object '500' and expected object '0' are not equal
	at com.kms.katalon.core.keyword.builtin.VerifyEqualKeyword$_verifyEqual_closure1.doCall(VerifyEqualKeyword.groovy:58)
	at com.kms.katalon.core.keyword.builtin.VerifyEqualKeyword$_verifyEqual_closure1.call(VerifyEqualKeyword.groovy)
	at com.kms.katalon.core.keyword.internal.KeywordMain.runKeyword(KeywordMain.groovy:68)
	at com.kms.katalon.core.keyword.builtin.VerifyEqualKeyword.verifyEqual(VerifyEqualKeyword.groovy:63)
	at com.kms.katalon.core.keyword.builtin.VerifyEqualKeyword.execute(VerifyEqualKeyword.groovy:44)
	at com.kms.katalon.core.keyword.internal.KeywordExecutor.executeKeywordForPlatform(KeywordExecutor.groovy:73)
	at com.kms.katalon.core.keyword.BuiltinKeywords.verifyEqual(BuiltinKeywords.groovy:141)
	at FDR-Total-Validations-Receipts-Vouchers.run(FDR-Total-Validations-Receipts-Vouchers:26)
	at com.kms.katalon.core.main.ScriptEngine.run(ScriptEngine.java:194)
	at com.kms.katalon.core.main.ScriptEngine.runScriptAsRawText(ScriptEngine.java:119)
	at com.kms.katalon.core.main.TestCaseExecutor.runScript(TestCaseExecutor.java:339)
	at com.kms.katalon.core.main.TestCaseExecutor.doExecute(TestCaseExecutor.java:330)
	at com.kms.katalon.core.main.TestCaseExecutor.processExecutionPhase(TestCaseExecutor.java:309)
	at com.kms.katalon.core.main.TestCaseExecutor.accessMainPhase(TestCaseExecutor.java:301)
	at com.kms.katalon.core.main.TestCaseExecutor.execute(TestCaseExecutor.java:235)
	at com.kms.katalon.core.main.TestSuiteExecutor.accessTestCaseMainPhase(TestSuiteExecutor.java:191)
	at com.kms.katalon.core.main.TestSuiteExecutor.accessTestSuiteMainPhase(TestSuiteExecutor.java:141)
	at com.kms.katalon.core.main.TestSuiteExecutor.execute(TestSuiteExecutor.java:90)
	at com.kms.katalon.core.main.TestCaseMain.startTestSuite(TestCaseMain.java:157)
	at com.kms.katalon.core.main.TestCaseMain$startTestSuite$0.call(Unknown Source)
	at TempTestSuite1599589933195.run(TempTestSuite1599589933195.groovy:39)
)
	at com.kms.katalon.core.keyword.internal.KeywordMain.stepFailed(KeywordMain.groovy:39)
	at com.kms.katalon.core.keyword.internal.KeywordMain.stepFailed(KeywordMain.groovy)
	at com.kms.katalon.core.keyword.internal.KeywordMain.runKeyword(KeywordMain.groovy:70)
	at com.kms.katalon.core.keyword.builtin.VerifyEqualKeyword.verifyEqual(VerifyEqualKeyword.groovy:63)
	at com.kms.katalon.core.keyword.builtin.VerifyEqualKeyword.execute(VerifyEqualKeyword.groovy:44)
	at com.kms.katalon.core.keyword.internal.KeywordExecutor.executeKeywordForPlatform(KeywordExecutor.groovy:73)
	at com.kms.katalon.core.keyword.BuiltinKeywords.verifyEqual(BuiltinKeywords.groovy:141)
	at FDR-Total-Validations-Receipts-Vouchers.run(FDR-Total-Validations-Receipts-Vouchers:26)
	at com.kms.katalon.core.main.ScriptEngine.run(ScriptEngine.java:194)
	at com.kms.katalon.core.main.ScriptEngine.runScriptAsRawText(ScriptEngine.java:119)
	at com.kms.katalon.core.main.TestCaseExecutor.runScript(TestCaseExecutor.java:339)
	at com.kms.katalon.core.main.TestCaseExecutor.doExecute(TestCaseExecutor.java:330)
	at com.kms.katalon.core.main.TestCaseExecutor.processExecutionPhase(TestCaseExecutor.java:309)
	at com.kms.katalon.core.main.TestCaseExecutor.accessMainPhase(TestCaseExecutor.java:301)
	at com.kms.katalon.core.main.TestCaseExecutor.execute(TestCaseExecutor.java:235)
	at com.kms.katalon.core.main.TestSuiteExecutor.accessTestCaseMainPhase(TestSuiteExecutor.java:191)
	at com.kms.katalon.core.main.TestSuiteExecutor.accessTestSuiteMainPhase(TestSuiteExecutor.java:141)
	at com.kms.katalon.core.main.TestSuiteExecutor.execute(TestSuiteExecutor.java:90)
	at com.kms.katalon.core.main.TestCaseMain.startTestSuite(TestCaseMain.java:157)
	at com.kms.katalon.core.main.TestCaseMain$startTestSuite$0.call(Unknown Source)
	at TempTestSuite1599589933195.run(TempTestSuite1599589933195.groovy:39)
Caused by: com.kms.katalon.core.exception.StepFailedException: Actual object '500' and expected object '0' are not equal
	at com.kms.katalon.core.keyword.builtin.VerifyEqualKeyword$_verifyEqual_closure1.doCall(VerifyEqualKeyword.groovy:58)
	at com.kms.katalon.core.keyword.builtin.VerifyEqualKeyword$_verifyEqual_closure1.call(VerifyEqualKeyword.groovy)
	at com.kms.katalon.core.keyword.internal.KeywordMain.runKeyword(KeywordMain.groovy:68)
	... 18 more


2020-09-08 11:35:48 - [TEST_STEP][PASSED] - Start listener action : sampleBeforeTestCase: null

2020-09-08 11:35:48 - [TEST_STEP][PASSED] - profileName = getExecutionProfile(): null

2020-09-08 11:35:48 - [TEST_STEP][PASSED] - switch (profileName): null

2020-09-08 11:35:48 - [TEST_STEP][PASSED] - case "superUser":: null

2020-09-08 11:35:48 - [TEST_STEP][PASSED] - return null: null

2020-09-08 11:35:48 - [TEST_STEP][PASSED] - Start listener action : beforeTestCase: null

2020-09-08 11:35:48 - [TEST_STEP][PASSED] - profileName = getExecutionProfile(): null

2020-09-08 11:35:48 - [TEST_STEP][PASSED] - if (profileName.equalsIgnoreCase("SysAdmin")): null

2020-09-08 11:35:48 - [TEST_STEP][PASSED] - Start listener action : sampleBeforeTestCase: Navigate to 'https://fdr-katalon.cammis-mod-dev.dhcs.ca.gov' successfully

2020-09-08 11:35:48 - [TEST_STEP][PASSED] - profileName = getExecutionProfile(): null

2020-09-08 11:35:48 - [TEST_STEP][PASSED] - testCaseId = testCaseContext.getTestCaseId(): null

2020-09-08 11:35:48 - [TEST_STEP][PASSED] - switch (profileName): null

2020-09-08 11:35:48 - [TEST_STEP][PASSED] - case "Draw":: null

2020-09-08 11:35:48 - [TEST_STEP][PASSED] - if (account6TestCases.contains(testCaseId)): Object: 'Object Repository/FDR-SignIn/SignInButton' is clicked on

2020-09-08 11:35:48 - [TEST_STEP][PASSED] - Uifunctions.loginFDR(drawCashierAcc6, drawCashierAcc6Pwd): Object: 'Object Repository/FDR-SignIn/SignInButton' is clicked on

2020-09-08 11:35:48 - [MESSAGE][INFO] - Starting 'Chrome' driver

2020-09-08 11:35:48 - [MESSAGE][INFO] - Action delay is set to 0 milliseconds

2020-09-08 11:35:51 - [MESSAGE][PASSED] - Browser is opened with url: ''

2020-09-08 11:35:53 - [MESSAGE][PASSED] - Current window maximized

2020-09-08 11:35:54 - [MESSAGE][PASSED] - Navigate to 'https://fdr-katalon.cammis-mod-dev.dhcs.ca.gov' successfully

2020-09-08 11:35:56 - [MESSAGE][PASSED] - Object 'Object Repository/FDR-SignIn/SignInEmail' is present

2020-09-08 11:35:56 - [MESSAGE][PASSED] - Object: 'Object Repository/FDR-SignIn/SignInEmail' is clicked on

2020-09-08 11:35:56 - [MESSAGE][PASSED] - Object 'Object Repository/FDR-SignIn/SignInEmail' is present

2020-09-08 11:35:57 - [MESSAGE][PASSED] - Text 'fdr.test6@dhcs.ca.gov' is set on object 'Object Repository/FDR-SignIn/SignInEmail'

2020-09-08 11:35:57 - [MESSAGE][PASSED] - Object 'Object Repository/FDR-SignIn/SignInEmailNext' is visible

2020-09-08 11:35:58 - [MESSAGE][PASSED] - Object: 'Object Repository/FDR-SignIn/SignInEmailNext' is clicked on

2020-09-08 11:36:01 - [MESSAGE][PASSED] - Object 'Object Repository/FDR-SignIn/SignInEmailPassword' is visible

2020-09-08 11:36:02 - [MESSAGE][PASSED] - Object: 'Object Repository/FDR-SignIn/SignInEmailPassword' is clicked on

2020-09-08 11:36:02 - [MESSAGE][PASSED] - Text ****** has been set on object 'Object Repository/FDR-SignIn/SignInEmailPassword'

2020-09-08 11:36:04 - [MESSAGE][PASSED] - Object: 'Object Repository/FDR-SignIn/SignInButton' is clicked on

2020-09-08 11:36:04 - [TEST_STEP][PASSED] - break: null

2020-09-08 11:36:04 - [TEST_STEP][PASSED] - navigateToUrl(URL): Navigate to 'https://fdr-katalon.cammis-mod-dev.dhcs.ca.gov' successfully

2020-09-08 11:36:04 - [MESSAGE][PASSED] - Navigate to 'https://fdr-katalon.cammis-mod-dev.dhcs.ca.gov' successfully

2020-09-08 11:36:04 - [TEST_STEP][PASSED] - Start listener action : executeRows: null

2020-09-08 11:36:04 - [TEST_STEP][PASSED] - drawDate = "09/23/2020": null

2020-09-08 11:36:04 - [TEST_STEP][PASSED] - logger = new com.kms.katalon.core.logging.KeywordLogger(): null

2020-09-08 11:36:04 - [TEST_STEP][PASSED] - delay(10): Delayed 10 second(s)

2020-09-08 11:36:14 - [MESSAGE][PASSED] - Delayed 10 second(s)

2020-09-08 11:36:14 - [TEST_STEP][PASSED] - Uifunctions.clickOnReconcileButton(drawDate): Object 'Object Repository/FDR-Dashboard/createNewVoucherButton' is not present after 3 second(s)

2020-09-08 11:36:15 - [MESSAGE][PASSED] - Object: 'expandButton' is clicked on

2020-09-08 11:36:19 - [MESSAGE][INFO] - Unable to find the element located by 'By.xpath: //*[@data-id='button-link']//*[contains(text(),'Create New Voucher')]'. Please recheck the objects properties to make sure the desired element is located. 

2020-09-08 11:36:19 - [MESSAGE][WARNING] - Object 'Object Repository/FDR-Dashboard/createNewVoucherButton' is not present after 3 second(s)

2020-09-08 11:36:19 - [MESSAGE][PASSED] - Text of object 'drawDate' is: '09/23/2020'

2020-09-08 11:36:20 - [MESSAGE][PASSED] - Object: 'expandButton' is clicked on

2020-09-08 11:36:22 - [MESSAGE][INFO] - Unable to find the element located by 'By.xpath: //*[@data-id='button-link']//*[contains(text(),'Create New Voucher')]'. Please recheck the objects properties to make sure the desired element is located. 

2020-09-08 11:36:22 - [MESSAGE][WARNING] - Object 'Object Repository/FDR-Dashboard/createNewVoucherButton' is not present after 1 second(s)

2020-09-08 11:36:23 - [MESSAGE][PASSED] - Object: 'reconcileButton' is clicked on

2020-09-08 11:36:27 - [MESSAGE][INFO] - Unable to find the element located by 'By.xpath: //*[@data-id='button-link']//*[contains(text(),'Create New Voucher')]'. Please recheck the objects properties to make sure the desired element is located. 

2020-09-08 11:36:27 - [MESSAGE][WARNING] - Object 'Object Repository/FDR-Dashboard/createNewVoucherButton' is not present after 3 second(s)

2020-09-08 11:36:27 - [TEST_STEP][PASSED] - delay(5): Delayed 5 second(s)

2020-09-08 11:36:32 - [MESSAGE][PASSED] - Delayed 5 second(s)

2020-09-08 11:36:32 - [TEST_STEP][PASSED] - click(findTestObject("FDR-Draw/ReconciliationPage/expandV1Button")): Object: 'Object Repository/FDR-Draw/ReconciliationPage/expandV1Button' is clicked on

2020-09-08 11:36:33 - [MESSAGE][PASSED] - Object: 'Object Repository/FDR-Draw/ReconciliationPage/expandV1Button' is clicked on

2020-09-08 11:36:33 - [TEST_STEP][PASSED] - delay(3): Delayed 3 second(s)

2020-09-08 11:36:36 - [MESSAGE][PASSED] - Delayed 3 second(s)

2020-09-08 11:36:36 - [TEST_STEP][PASSED] - voucherTotal = util.convertToNum(findTestObject("FDR-Draw/ReconciliationPage/expenditureTotal")): Text of object 'Object Repository/FDR-Draw/ReconciliationPage/expenditureTotal' is: '$400.00'

2020-09-08 11:36:36 - [MESSAGE][PASSED] - Text of object 'Object Repository/FDR-Draw/ReconciliationPage/expenditureTotal' is: '$400.00'

2020-09-08 11:36:36 - [TEST_STEP][PASSED] - logger.logInfo("voucherTotal : " + voucherTotal): voucherTotal : 400.0

2020-09-08 11:36:36 - [MESSAGE][INFO] - voucherTotal : 400.0

2020-09-08 11:36:36 - [TEST_STEP][PASSED] - receiptsTotal = util.convertToNum(findTestObject("FDR-Draw/ReconciliationPage/receiptsTotal")): Text of object 'Object Repository/FDR-Draw/ReconciliationPage/receiptsTotal' is: '$100.00'

2020-09-08 11:36:36 - [MESSAGE][PASSED] - Text of object 'Object Repository/FDR-Draw/ReconciliationPage/receiptsTotal' is: '$100.00'

2020-09-08 11:36:36 - [TEST_STEP][PASSED] - logger.logInfo("receiptsTotal : " + receiptsTotal): receiptsTotal : 100.0

2020-09-08 11:36:36 - [MESSAGE][INFO] - receiptsTotal : 100.0

2020-09-08 11:36:36 - [TEST_STEP][PASSED] - grandTotal = util.convertToNum(findTestObject("FDR-Draw/ReconciliationPage/drawGrandTotal")): Text of object 'Object Repository/FDR-Draw/ReconciliationPage/drawGrandTotal' is: '$0.00'

2020-09-08 11:36:37 - [MESSAGE][PASSED] - Text of object 'Object Repository/FDR-Draw/ReconciliationPage/drawGrandTotal' is: '$0.00'

2020-09-08 11:36:37 - [TEST_STEP][PASSED] - logger.logInfo("grandTotal : " + grandTotal): grandTotal : 0.0

2020-09-08 11:36:37 - [MESSAGE][INFO] - grandTotal : 0.0

2020-09-08 11:36:37 - [TEST_STEP][FAILED] - verifyEqual(voucherTotal + receiptsTotal, grandTotal): Unable to verify equal between actual object '500' and expected object '0' (Root cause: com.kms.katalon.core.exception.StepFailedException: Actual object '500' and expected object '0' are not equal
	at com.kms.katalon.core.keyword.builtin.VerifyEqualKeyword$_verifyEqual_closure1.doCall(VerifyEqualKeyword.groovy:58)
	at com.kms.katalon.core.keyword.builtin.VerifyEqualKeyword$_verifyEqual_closure1.call(VerifyEqualKeyword.groovy)
	at com.kms.katalon.core.keyword.internal.KeywordMain.runKeyword(KeywordMain.groovy:68)
	at com.kms.katalon.core.keyword.builtin.VerifyEqualKeyword.verifyEqual(VerifyEqualKeyword.groovy:63)
	at com.kms.katalon.core.keyword.builtin.VerifyEqualKeyword.execute(VerifyEqualKeyword.groovy:44)
	at com.kms.katalon.core.keyword.internal.KeywordExecutor.executeKeywordForPlatform(KeywordExecutor.groovy:73)
	at com.kms.katalon.core.keyword.BuiltinKeywords.verifyEqual(BuiltinKeywords.groovy:141)
	at FDR-Total-Validations-Receipts-Vouchers.run(FDR-Total-Validations-Receipts-Vouchers:26)
	at com.kms.katalon.core.main.ScriptEngine.run(ScriptEngine.java:194)
	at com.kms.katalon.core.main.ScriptEngine.runScriptAsRawText(ScriptEngine.java:119)
	at com.kms.katalon.core.main.TestCaseExecutor.runScript(TestCaseExecutor.java:339)
	at com.kms.katalon.core.main.TestCaseExecutor.doExecute(TestCaseExecutor.java:330)
	at com.kms.katalon.core.main.TestCaseExecutor.processExecutionPhase(TestCaseExecutor.java:309)
	at com.kms.katalon.core.main.TestCaseExecutor.accessMainPhase(TestCaseExecutor.java:301)
	at com.kms.katalon.core.main.TestCaseExecutor.execute(TestCaseExecutor.java:235)
	at com.kms.katalon.core.main.TestSuiteExecutor.accessTestCaseMainPhase(TestSuiteExecutor.java:191)
	at com.kms.katalon.core.main.TestSuiteExecutor.accessTestSuiteMainPhase(TestSuiteExecutor.java:141)
	at com.kms.katalon.core.main.TestSuiteExecutor.execute(TestSuiteExecutor.java:90)
	at com.kms.katalon.core.main.TestCaseMain.startTestSuite(TestCaseMain.java:157)
	at com.kms.katalon.core.main.TestCaseMain$startTestSuite$0.call(Unknown Source)
	at TempTestSuite1599589933195.run(TempTestSuite1599589933195.groovy:39)
)

2020-09-08 11:36:37 - [MESSAGE][FAILED] - Unable to verify equal between actual object '500' and expected object '0' (Root cause: com.kms.katalon.core.exception.StepFailedException: Actual object '500' and expected object '0' are not equal
	at com.kms.katalon.core.keyword.builtin.VerifyEqualKeyword$_verifyEqual_closure1.doCall(VerifyEqualKeyword.groovy:58)
	at com.kms.katalon.core.keyword.builtin.VerifyEqualKeyword$_verifyEqual_closure1.call(VerifyEqualKeyword.groovy)
	at com.kms.katalon.core.keyword.internal.KeywordMain.runKeyword(KeywordMain.groovy:68)
	at com.kms.katalon.core.keyword.builtin.VerifyEqualKeyword.verifyEqual(VerifyEqualKeyword.groovy:63)
	at com.kms.katalon.core.keyword.builtin.VerifyEqualKeyword.execute(VerifyEqualKeyword.groovy:44)
	at com.kms.katalon.core.keyword.internal.KeywordExecutor.executeKeywordForPlatform(KeywordExecutor.groovy:73)
	at com.kms.katalon.core.keyword.BuiltinKeywords.verifyEqual(BuiltinKeywords.groovy:141)
	at FDR-Total-Validations-Receipts-Vouchers.run(FDR-Total-Validations-Receipts-Vouchers:26)
	at com.kms.katalon.core.main.ScriptEngine.run(ScriptEngine.java:194)
	at com.kms.katalon.core.main.ScriptEngine.runScriptAsRawText(ScriptEngine.java:119)
	at com.kms.katalon.core.main.TestCaseExecutor.runScript(TestCaseExecutor.java:339)
	at com.kms.katalon.core.main.TestCaseExecutor.doExecute(TestCaseExecutor.java:330)
	at com.kms.katalon.core.main.TestCaseExecutor.processExecutionPhase(TestCaseExecutor.java:309)
	at com.kms.katalon.core.main.TestCaseExecutor.accessMainPhase(TestCaseExecutor.java:301)
	at com.kms.katalon.core.main.TestCaseExecutor.execute(TestCaseExecutor.java:235)
	at com.kms.katalon.core.main.TestSuiteExecutor.accessTestCaseMainPhase(TestSuiteExecutor.java:191)
	at com.kms.katalon.core.main.TestSuiteExecutor.accessTestSuiteMainPhase(TestSuiteExecutor.java:141)
	at com.kms.katalon.core.main.TestSuiteExecutor.execute(TestSuiteExecutor.java:90)
	at com.kms.katalon.core.main.TestCaseMain.startTestSuite(TestCaseMain.java:157)
	at com.kms.katalon.core.main.TestCaseMain$startTestSuite$0.call(Unknown Source)
	at TempTestSuite1599589933195.run(TempTestSuite1599589933195.groovy:39)
)

2020-09-08 11:36:37 - [TEST_STEP][PASSED] - Start listener action : sampleAfterTestCase: null

2020-09-08 11:36:37 - [TEST_STEP][PASSED] - profileName = getExecutionProfile(): null

2020-09-08 11:36:37 - [TEST_STEP][PASSED] - switch (profileName): null

2020-09-08 11:36:37 - [TEST_STEP][PASSED] - case "superUser":: null

2020-09-08 11:36:37 - [TEST_STEP][PASSED] - return null: null

2020-09-08 11:36:37 - [TEST_STEP][PASSED] - Start listener action : afterTestCase: null

2020-09-08 11:36:37 - [TEST_STEP][PASSED] - profileName = getExecutionProfile(): null

2020-09-08 11:36:37 - [TEST_STEP][PASSED] - if (profileName.equalsIgnoreCase("SysAdmin")): null

2020-09-08 11:36:37 - [TEST_STEP][PASSED] - Start listener action : sampleAfterTestCase: null

2020-09-08 11:36:37 - [TEST_STEP][PASSED] - profileName = getExecutionProfile(): null

2020-09-08 11:36:37 - [TEST_STEP][PASSED] - switch (profileName): null

2020-09-08 11:36:37 - [TEST_STEP][PASSED] - case "Draw":: null

2020-09-08 11:36:37 - [TEST_STEP][PASSED] - Uifunctions.logoutFDR(): Browser is closed

2020-09-08 11:36:37 - [MESSAGE][PASSED] - Browser is closed

2020-09-08 11:36:37 - [TEST_STEP][PASSED] - break: null

2020-09-08 11:36:37 - [TEST_STEP][PASSED] - Start listener action : addFailedTCToList: null]]></system-out>
         <system-err><![CDATA[2020-09-08 11:35:48 - [TEST_CASE][FAILED] - Test Cases/WEB-UI-TESTS/Draw/FDR-Total-Validations-Receipts-Vouchers: Test Cases/WEB-UI-TESTS/Draw/FDR-Total-Validations-Receipts-Vouchers FAILED.
Reason:
com.kms.katalon.core.exception.StepFailedException: Unable to verify equal between actual object '500' and expected object '0' (Root cause: com.kms.katalon.core.exception.StepFailedException: Actual object '500' and expected object '0' are not equal
	at com.kms.katalon.core.keyword.builtin.VerifyEqualKeyword$_verifyEqual_closure1.doCall(VerifyEqualKeyword.groovy:58)
	at com.kms.katalon.core.keyword.builtin.VerifyEqualKeyword$_verifyEqual_closure1.call(VerifyEqualKeyword.groovy)
	at com.kms.katalon.core.keyword.internal.KeywordMain.runKeyword(KeywordMain.groovy:68)
	at com.kms.katalon.core.keyword.builtin.VerifyEqualKeyword.verifyEqual(VerifyEqualKeyword.groovy:63)
	at com.kms.katalon.core.keyword.builtin.VerifyEqualKeyword.execute(VerifyEqualKeyword.groovy:44)
	at com.kms.katalon.core.keyword.internal.KeywordExecutor.executeKeywordForPlatform(KeywordExecutor.groovy:73)
	at com.kms.katalon.core.keyword.BuiltinKeywords.verifyEqual(BuiltinKeywords.groovy:141)
	at FDR-Total-Validations-Receipts-Vouchers.run(FDR-Total-Validations-Receipts-Vouchers:26)
	at com.kms.katalon.core.main.ScriptEngine.run(ScriptEngine.java:194)
	at com.kms.katalon.core.main.ScriptEngine.runScriptAsRawText(ScriptEngine.java:119)
	at com.kms.katalon.core.main.TestCaseExecutor.runScript(TestCaseExecutor.java:339)
	at com.kms.katalon.core.main.TestCaseExecutor.doExecute(TestCaseExecutor.java:330)
	at com.kms.katalon.core.main.TestCaseExecutor.processExecutionPhase(TestCaseExecutor.java:309)
	at com.kms.katalon.core.main.TestCaseExecutor.accessMainPhase(TestCaseExecutor.java:301)
	at com.kms.katalon.core.main.TestCaseExecutor.execute(TestCaseExecutor.java:235)
	at com.kms.katalon.core.main.TestSuiteExecutor.accessTestCaseMainPhase(TestSuiteExecutor.java:191)
	at com.kms.katalon.core.main.TestSuiteExecutor.accessTestSuiteMainPhase(TestSuiteExecutor.java:141)
	at com.kms.katalon.core.main.TestSuiteExecutor.execute(TestSuiteExecutor.java:90)
	at com.kms.katalon.core.main.TestCaseMain.startTestSuite(TestCaseMain.java:157)
	at com.kms.katalon.core.main.TestCaseMain$startTestSuite$0.call(Unknown Source)
	at TempTestSuite1599589933195.run(TempTestSuite1599589933195.groovy:39)
)
	at com.kms.katalon.core.keyword.internal.KeywordMain.stepFailed(KeywordMain.groovy:39)
	at com.kms.katalon.core.keyword.internal.KeywordMain.stepFailed(KeywordMain.groovy)
	at com.kms.katalon.core.keyword.internal.KeywordMain.runKeyword(KeywordMain.groovy:70)
	at com.kms.katalon.core.keyword.builtin.VerifyEqualKeyword.verifyEqual(VerifyEqualKeyword.groovy:63)
	at com.kms.katalon.core.keyword.builtin.VerifyEqualKeyword.execute(VerifyEqualKeyword.groovy:44)
	at com.kms.katalon.core.keyword.internal.KeywordExecutor.executeKeywordForPlatform(KeywordExecutor.groovy:73)
	at com.kms.katalon.core.keyword.BuiltinKeywords.verifyEqual(BuiltinKeywords.groovy:141)
	at FDR-Total-Validations-Receipts-Vouchers.run(FDR-Total-Validations-Receipts-Vouchers:26)
	at com.kms.katalon.core.main.ScriptEngine.run(ScriptEngine.java:194)
	at com.kms.katalon.core.main.ScriptEngine.runScriptAsRawText(ScriptEngine.java:119)
	at com.kms.katalon.core.main.TestCaseExecutor.runScript(TestCaseExecutor.java:339)
	at com.kms.katalon.core.main.TestCaseExecutor.doExecute(TestCaseExecutor.java:330)
	at com.kms.katalon.core.main.TestCaseExecutor.processExecutionPhase(TestCaseExecutor.java:309)
	at com.kms.katalon.core.main.TestCaseExecutor.accessMainPhase(TestCaseExecutor.java:301)
	at com.kms.katalon.core.main.TestCaseExecutor.execute(TestCaseExecutor.java:235)
	at com.kms.katalon.core.main.TestSuiteExecutor.accessTestCaseMainPhase(TestSuiteExecutor.java:191)
	at com.kms.katalon.core.main.TestSuiteExecutor.accessTestSuiteMainPhase(TestSuiteExecutor.java:141)
	at com.kms.katalon.core.main.TestSuiteExecutor.execute(TestSuiteExecutor.java:90)
	at com.kms.katalon.core.main.TestCaseMain.startTestSuite(TestCaseMain.java:157)
	at com.kms.katalon.core.main.TestCaseMain$startTestSuite$0.call(Unknown Source)
	at TempTestSuite1599589933195.run(TempTestSuite1599589933195.groovy:39)
Caused by: com.kms.katalon.core.exception.StepFailedException: Actual object '500' and expected object '0' are not equal
	at com.kms.katalon.core.keyword.builtin.VerifyEqualKeyword$_verifyEqual_closure1.doCall(VerifyEqualKeyword.groovy:58)
	at com.kms.katalon.core.keyword.builtin.VerifyEqualKeyword$_verifyEqual_closure1.call(VerifyEqualKeyword.groovy)
	at com.kms.katalon.core.keyword.internal.KeywordMain.runKeyword(KeywordMain.groovy:68)
	... 18 more]]></system-err>
      </testcase>
      <testcase name="Test Cases/WEB-UI-TESTS/Draw/FDR-Draw-Tabs" time="37.892" classname="Test Cases/WEB-UI-TESTS/Draw/FDR-Draw-Tabs" status="PASSED">
         <system-out><![CDATA[2020-09-08 11:36:37 - [TEST_CASE][PASSED] - Test Cases/WEB-UI-TESTS/Draw/FDR-Draw-Tabs: Test Cases/WEB-UI-TESTS/Draw/FDR-Draw-Tabs

2020-09-08 11:36:37 - [TEST_STEP][PASSED] - Start listener action : sampleBeforeTestCase: null

2020-09-08 11:36:37 - [TEST_STEP][PASSED] - profileName = getExecutionProfile(): null

2020-09-08 11:36:37 - [TEST_STEP][PASSED] - switch (profileName): null

2020-09-08 11:36:37 - [TEST_STEP][PASSED] - case "superUser":: null

2020-09-08 11:36:37 - [TEST_STEP][PASSED] - return null: null

2020-09-08 11:36:37 - [TEST_STEP][PASSED] - Start listener action : beforeTestCase: null

2020-09-08 11:36:37 - [TEST_STEP][PASSED] - profileName = getExecutionProfile(): null

2020-09-08 11:36:37 - [TEST_STEP][PASSED] - if (profileName.equalsIgnoreCase("SysAdmin")): null

2020-09-08 11:36:37 - [TEST_STEP][PASSED] - Start listener action : sampleBeforeTestCase: Navigate to 'https://fdr-katalon.cammis-mod-dev.dhcs.ca.gov' successfully

2020-09-08 11:36:37 - [TEST_STEP][PASSED] - profileName = getExecutionProfile(): null

2020-09-08 11:36:37 - [TEST_STEP][PASSED] - testCaseId = testCaseContext.getTestCaseId(): null

2020-09-08 11:36:37 - [TEST_STEP][PASSED] - switch (profileName): null

2020-09-08 11:36:37 - [TEST_STEP][PASSED] - case "Draw":: null

2020-09-08 11:36:37 - [TEST_STEP][PASSED] - if (account6TestCases.contains(testCaseId)): Object: 'Object Repository/FDR-SignIn/SignInButton' is clicked on

2020-09-08 11:36:37 - [TEST_STEP][PASSED] - Uifunctions.loginFDR(drawCashierAcc6, drawCashierAcc6Pwd): Object: 'Object Repository/FDR-SignIn/SignInButton' is clicked on

2020-09-08 11:36:37 - [MESSAGE][INFO] - Starting 'Chrome' driver

2020-09-08 11:36:37 - [MESSAGE][INFO] - Action delay is set to 0 milliseconds

2020-09-08 11:36:40 - [MESSAGE][PASSED] - Browser is opened with url: ''

2020-09-08 11:36:42 - [MESSAGE][PASSED] - Current window maximized

2020-09-08 11:36:43 - [MESSAGE][PASSED] - Navigate to 'https://fdr-katalon.cammis-mod-dev.dhcs.ca.gov' successfully

2020-09-08 11:36:45 - [MESSAGE][PASSED] - Object 'Object Repository/FDR-SignIn/SignInEmail' is present

2020-09-08 11:36:45 - [MESSAGE][PASSED] - Object: 'Object Repository/FDR-SignIn/SignInEmail' is clicked on

2020-09-08 11:36:45 - [MESSAGE][PASSED] - Object 'Object Repository/FDR-SignIn/SignInEmail' is present

2020-09-08 11:36:46 - [MESSAGE][PASSED] - Text 'fdr.test6@dhcs.ca.gov' is set on object 'Object Repository/FDR-SignIn/SignInEmail'

2020-09-08 11:36:46 - [MESSAGE][PASSED] - Object 'Object Repository/FDR-SignIn/SignInEmailNext' is visible

2020-09-08 11:36:47 - [MESSAGE][PASSED] - Object: 'Object Repository/FDR-SignIn/SignInEmailNext' is clicked on

2020-09-08 11:36:53 - [MESSAGE][PASSED] - Object 'Object Repository/FDR-SignIn/SignInEmailPassword' is visible

2020-09-08 11:36:53 - [MESSAGE][PASSED] - Object: 'Object Repository/FDR-SignIn/SignInEmailPassword' is clicked on

2020-09-08 11:36:53 - [MESSAGE][PASSED] - Text ****** has been set on object 'Object Repository/FDR-SignIn/SignInEmailPassword'

2020-09-08 11:36:56 - [MESSAGE][PASSED] - Object: 'Object Repository/FDR-SignIn/SignInButton' is clicked on

2020-09-08 11:36:56 - [TEST_STEP][PASSED] - break: null

2020-09-08 11:36:56 - [TEST_STEP][PASSED] - navigateToUrl(URL): Navigate to 'https://fdr-katalon.cammis-mod-dev.dhcs.ca.gov' successfully

2020-09-08 11:36:56 - [MESSAGE][PASSED] - Navigate to 'https://fdr-katalon.cammis-mod-dev.dhcs.ca.gov' successfully

2020-09-08 11:36:56 - [TEST_STEP][PASSED] - Start listener action : executeRows: null

2020-09-08 11:36:56 - [TEST_STEP][PASSED] - waitForElementPresent(findTestObject("FDR-Dashboard/createNewVoucherButton"), 2): Object 'Object Repository/FDR-Dashboard/createNewVoucherButton' is not present after 2 second(s)

2020-09-08 11:37:00 - [MESSAGE][INFO] - Unable to find the element located by 'By.xpath: //*[@data-id='button-link']//*[contains(text(),'Create New Voucher')]'. Please recheck the objects properties to make sure the desired element is located. 

2020-09-08 11:37:00 - [MESSAGE][WARNING] - Object 'Object Repository/FDR-Dashboard/createNewVoucherButton' is not present after 2 second(s)

2020-09-08 11:37:00 - [TEST_STEP][PASSED] - click(findTestObject("FDR-Draw/CompletedTabs/completedTab")): Object: 'Object Repository/FDR-Draw/CompletedTabs/completedTab' is clicked on

2020-09-08 11:37:00 - [MESSAGE][PASSED] - Object: 'Object Repository/FDR-Draw/CompletedTabs/completedTab' is clicked on

2020-09-08 11:37:00 - [TEST_STEP][PASSED] - waitForElementPresent(findTestObject("FDR-Draw/reconcileButton"), 2): Object 'Object Repository/FDR-Draw/reconcileButton' is not present after 2 second(s)

2020-09-08 11:37:03 - [MESSAGE][INFO] - Unable to find the element located by 'By.xpath: (//*[@data-id='button-link' ]//*[contains(text(),'Reconcile')])[1]'. Please recheck the objects properties to make sure the desired element is located. 

2020-09-08 11:37:03 - [MESSAGE][WARNING] - Object 'Object Repository/FDR-Draw/reconcileButton' is not present after 2 second(s)

2020-09-08 11:37:03 - [TEST_STEP][PASSED] - verifyElementPresent(findTestObject("FDR-Draw/CompletedTabs/drawDate"), 2): Object 'Object Repository/FDR-Draw/CompletedTabs/drawDate' is present

2020-09-08 11:37:03 - [MESSAGE][PASSED] - Object 'Object Repository/FDR-Draw/CompletedTabs/drawDate' is present

2020-09-08 11:37:03 - [TEST_STEP][PASSED] - waitForElementPresent(findTestObject("FDR-Draw/reconcileButton"), 2): Object 'Object Repository/FDR-Draw/reconcileButton' is not present after 2 second(s)

2020-09-08 11:37:07 - [MESSAGE][INFO] - Unable to find the element located by 'By.xpath: (//*[@data-id='button-link' ]//*[contains(text(),'Reconcile')])[1]'. Please recheck the objects properties to make sure the desired element is located. 

2020-09-08 11:37:07 - [MESSAGE][WARNING] - Object 'Object Repository/FDR-Draw/reconcileButton' is not present after 2 second(s)

2020-09-08 11:37:07 - [TEST_STEP][PASSED] - verifyElementPresent(findTestObject("FDR-Draw/CompletedTabs/drawDateLabel"), 2): Object 'Object Repository/FDR-Draw/CompletedTabs/drawDateLabel' is present

2020-09-08 11:37:07 - [MESSAGE][PASSED] - Object 'Object Repository/FDR-Draw/CompletedTabs/drawDateLabel' is present

2020-09-08 11:37:07 - [TEST_STEP][PASSED] - verifyElementPresent(findTestObject("FDR-Draw/CompletedTabs/depositDate"), 2): Object 'Object Repository/FDR-Draw/CompletedTabs/depositDate' is present

2020-09-08 11:37:07 - [MESSAGE][PASSED] - Object 'Object Repository/FDR-Draw/CompletedTabs/depositDate' is present

2020-09-08 11:37:07 - [TEST_STEP][PASSED] - waitForElementPresent(findTestObject("FDR-Draw/reconcileButton"), 2): Object 'Object Repository/FDR-Draw/reconcileButton' is not present after 2 second(s)

2020-09-08 11:37:10 - [MESSAGE][INFO] - Unable to find the element located by 'By.xpath: (//*[@data-id='button-link' ]//*[contains(text(),'Reconcile')])[1]'. Please recheck the objects properties to make sure the desired element is located. 

2020-09-08 11:37:10 - [MESSAGE][WARNING] - Object 'Object Repository/FDR-Draw/reconcileButton' is not present after 2 second(s)

2020-09-08 11:37:10 - [TEST_STEP][PASSED] - verifyElementPresent(findTestObject("FDR-Draw/CompletedTabs/depositDateLabel"), 2): Object 'Object Repository/FDR-Draw/CompletedTabs/depositDateLabel' is present

2020-09-08 11:37:11 - [MESSAGE][PASSED] - Object 'Object Repository/FDR-Draw/CompletedTabs/depositDateLabel' is present

2020-09-08 11:37:11 - [TEST_STEP][PASSED] - verifyElementPresent(findTestObject("FDR-Draw/CompletedTabs/transactionRequest1"), 2): Object 'Object Repository/FDR-Draw/CompletedTabs/transactionRequest1' is present

2020-09-08 11:37:11 - [MESSAGE][PASSED] - Object 'Object Repository/FDR-Draw/CompletedTabs/transactionRequest1' is present

2020-09-08 11:37:11 - [TEST_STEP][PASSED] - waitForElementPresent(findTestObject("FDR-Draw/reconcileButton"), 2): Object 'Object Repository/FDR-Draw/reconcileButton' is not present after 2 second(s)

2020-09-08 11:37:14 - [MESSAGE][INFO] - Unable to find the element located by 'By.xpath: (//*[@data-id='button-link' ]//*[contains(text(),'Reconcile')])[1]'. Please recheck the objects properties to make sure the desired element is located. 

2020-09-08 11:37:14 - [MESSAGE][WARNING] - Object 'Object Repository/FDR-Draw/reconcileButton' is not present after 2 second(s)

2020-09-08 11:37:14 - [TEST_STEP][PASSED] - verifyElementPresent(findTestObject("FDR-Draw/CompletedTabs/transactionRequest1Label1"), 2): Object 'Object Repository/FDR-Draw/CompletedTabs/transactionRequest1Label1' is present

2020-09-08 11:37:14 - [MESSAGE][PASSED] - Object 'Object Repository/FDR-Draw/CompletedTabs/transactionRequest1Label1' is present

2020-09-08 11:37:14 - [TEST_STEP][PASSED] - Start listener action : sampleAfterTestCase: null

2020-09-08 11:37:14 - [TEST_STEP][PASSED] - profileName = getExecutionProfile(): null

2020-09-08 11:37:14 - [TEST_STEP][PASSED] - switch (profileName): null

2020-09-08 11:37:14 - [TEST_STEP][PASSED] - case "superUser":: null

2020-09-08 11:37:14 - [TEST_STEP][PASSED] - return null: null

2020-09-08 11:37:14 - [TEST_STEP][PASSED] - Start listener action : afterTestCase: null

2020-09-08 11:37:14 - [TEST_STEP][PASSED] - profileName = getExecutionProfile(): null

2020-09-08 11:37:14 - [TEST_STEP][PASSED] - if (profileName.equalsIgnoreCase("SysAdmin")): null

2020-09-08 11:37:14 - [TEST_STEP][PASSED] - Start listener action : sampleAfterTestCase: null

2020-09-08 11:37:14 - [TEST_STEP][PASSED] - profileName = getExecutionProfile(): null

2020-09-08 11:37:14 - [TEST_STEP][PASSED] - switch (profileName): null

2020-09-08 11:37:14 - [TEST_STEP][PASSED] - case "Draw":: null

2020-09-08 11:37:14 - [TEST_STEP][PASSED] - Uifunctions.logoutFDR(): Browser is closed

2020-09-08 11:37:15 - [MESSAGE][PASSED] - Browser is closed

2020-09-08 11:37:15 - [TEST_STEP][PASSED] - break: null

2020-09-08 11:37:15 - [TEST_STEP][PASSED] - Start listener action : addFailedTCToList: null]]></system-out>
         <system-err><![CDATA[]]></system-err>
      </testcase>
      <testcase name="Test Cases/WEB-UI-TESTS/Draw/FDR-Draw-Voucher-Expanding-Collpasing" time="52.52" classname="Test Cases/WEB-UI-TESTS/Draw/FDR-Draw-Voucher-Expanding-Collpasing" status="PASSED">
         <system-out><![CDATA[2020-09-08 11:37:15 - [TEST_CASE][PASSED] - Test Cases/WEB-UI-TESTS/Draw/FDR-Draw-Voucher-Expanding-Collpasing: Test Cases/WEB-UI-TESTS/Draw/FDR-Draw-Voucher-Expanding-Collpasing

2020-09-08 11:37:15 - [TEST_STEP][PASSED] - Start listener action : sampleBeforeTestCase: null

2020-09-08 11:37:15 - [TEST_STEP][PASSED] - profileName = getExecutionProfile(): null

2020-09-08 11:37:15 - [TEST_STEP][PASSED] - switch (profileName): null

2020-09-08 11:37:15 - [TEST_STEP][PASSED] - case "superUser":: null

2020-09-08 11:37:15 - [TEST_STEP][PASSED] - return null: null

2020-09-08 11:37:15 - [TEST_STEP][PASSED] - Start listener action : beforeTestCase: null

2020-09-08 11:37:15 - [TEST_STEP][PASSED] - profileName = getExecutionProfile(): null

2020-09-08 11:37:15 - [TEST_STEP][PASSED] - if (profileName.equalsIgnoreCase("SysAdmin")): null

2020-09-08 11:37:15 - [TEST_STEP][PASSED] - Start listener action : sampleBeforeTestCase: Navigate to 'https://fdr-katalon.cammis-mod-dev.dhcs.ca.gov' successfully

2020-09-08 11:37:15 - [TEST_STEP][PASSED] - profileName = getExecutionProfile(): null

2020-09-08 11:37:15 - [TEST_STEP][PASSED] - testCaseId = testCaseContext.getTestCaseId(): null

2020-09-08 11:37:15 - [TEST_STEP][PASSED] - switch (profileName): null

2020-09-08 11:37:15 - [TEST_STEP][PASSED] - case "Draw":: null

2020-09-08 11:37:15 - [TEST_STEP][PASSED] - if (account6TestCases.contains(testCaseId)): Object: 'Object Repository/FDR-SignIn/SignInButton' is clicked on

2020-09-08 11:37:15 - [TEST_STEP][PASSED] - Uifunctions.loginFDR(drawCashierAcc6, drawCashierAcc6Pwd): Object: 'Object Repository/FDR-SignIn/SignInButton' is clicked on

2020-09-08 11:37:15 - [MESSAGE][INFO] - Starting 'Chrome' driver

2020-09-08 11:37:15 - [MESSAGE][INFO] - Action delay is set to 0 milliseconds

2020-09-08 11:37:18 - [MESSAGE][PASSED] - Browser is opened with url: ''

2020-09-08 11:37:20 - [MESSAGE][PASSED] - Current window maximized

2020-09-08 11:37:21 - [MESSAGE][PASSED] - Navigate to 'https://fdr-katalon.cammis-mod-dev.dhcs.ca.gov' successfully

2020-09-08 11:37:23 - [MESSAGE][PASSED] - Object 'Object Repository/FDR-SignIn/SignInEmail' is present

2020-09-08 11:37:23 - [MESSAGE][PASSED] - Object: 'Object Repository/FDR-SignIn/SignInEmail' is clicked on

2020-09-08 11:37:23 - [MESSAGE][PASSED] - Object 'Object Repository/FDR-SignIn/SignInEmail' is present

2020-09-08 11:37:24 - [MESSAGE][PASSED] - Text 'fdr.test6@dhcs.ca.gov' is set on object 'Object Repository/FDR-SignIn/SignInEmail'

2020-09-08 11:37:24 - [MESSAGE][PASSED] - Object 'Object Repository/FDR-SignIn/SignInEmailNext' is visible

2020-09-08 11:37:24 - [MESSAGE][PASSED] - Object: 'Object Repository/FDR-SignIn/SignInEmailNext' is clicked on

2020-09-08 11:37:28 - [MESSAGE][PASSED] - Object 'Object Repository/FDR-SignIn/SignInEmailPassword' is visible

2020-09-08 11:37:28 - [MESSAGE][PASSED] - Object: 'Object Repository/FDR-SignIn/SignInEmailPassword' is clicked on

2020-09-08 11:37:28 - [MESSAGE][PASSED] - Text ****** has been set on object 'Object Repository/FDR-SignIn/SignInEmailPassword'

2020-09-08 11:37:31 - [MESSAGE][PASSED] - Object: 'Object Repository/FDR-SignIn/SignInButton' is clicked on

2020-09-08 11:37:31 - [TEST_STEP][PASSED] - break: null

2020-09-08 11:37:31 - [TEST_STEP][PASSED] - navigateToUrl(URL): Navigate to 'https://fdr-katalon.cammis-mod-dev.dhcs.ca.gov' successfully

2020-09-08 11:37:32 - [MESSAGE][PASSED] - Navigate to 'https://fdr-katalon.cammis-mod-dev.dhcs.ca.gov' successfully

2020-09-08 11:37:32 - [TEST_STEP][PASSED] - Start listener action : executeRows: null

2020-09-08 11:37:32 - [TEST_STEP][PASSED] - drawDate = "09/14/2020": null

2020-09-08 11:37:32 - [TEST_STEP][PASSED] - Uifunctions.clickOnReconcileButton(drawDate): Text of object 'drawDate' is: '09/28/2020'

2020-09-08 11:37:34 - [MESSAGE][PASSED] - Object: 'expandButton' is clicked on

2020-09-08 11:37:38 - [MESSAGE][INFO] - Unable to find the element located by 'By.xpath: //*[@data-id='button-link']//*[contains(text(),'Create New Voucher')]'. Please recheck the objects properties to make sure the desired element is located. 

2020-09-08 11:37:38 - [MESSAGE][WARNING] - Object 'Object Repository/FDR-Dashboard/createNewVoucherButton' is not present after 3 second(s)

2020-09-08 11:37:39 - [MESSAGE][PASSED] - Text of object 'drawDate' is: '09/23/2020'

2020-09-08 11:37:39 - [MESSAGE][PASSED] - Text of object 'drawDate' is: '09/28/2020'

2020-09-08 11:37:39 - [TEST_STEP][PASSED] - delay(5): Delayed 5 second(s)

2020-09-08 11:37:44 - [MESSAGE][PASSED] - Delayed 5 second(s)

2020-09-08 11:37:44 - [TEST_STEP][PASSED] - click(findTestObject("FDR-Draw/VoucherExpenditure/voucherExpandButton")): Object: 'Object Repository/FDR-Draw/VoucherExpenditure/voucherExpandButton' is clicked on

2020-09-08 11:37:44 - [MESSAGE][PASSED] - Object: 'Object Repository/FDR-Draw/VoucherExpenditure/voucherExpandButton' is clicked on

2020-09-08 11:37:44 - [TEST_STEP][PASSED] - click(findTestObject("Object Repository/FDR-Draw/reconcileButton")): Object: 'Object Repository/FDR-Draw/reconcileButton' is clicked on

2020-09-08 11:37:45 - [MESSAGE][PASSED] - Object: 'Object Repository/FDR-Draw/reconcileButton' is clicked on

2020-09-08 11:37:45 - [TEST_STEP][PASSED] - waitForElementPresent(findTestObject("FDR-Dashboard/createNewVoucherButton"), 4): Object 'Object Repository/FDR-Dashboard/createNewVoucherButton' is not present after 4 second(s)

2020-09-08 11:37:51 - [MESSAGE][INFO] - Unable to find the element located by 'By.xpath: //*[@data-id='button-link']//*[contains(text(),'Create New Voucher')]'. Please recheck the objects properties to make sure the desired element is located. 

2020-09-08 11:37:51 - [MESSAGE][WARNING] - Object 'Object Repository/FDR-Dashboard/createNewVoucherButton' is not present after 4 second(s)

2020-09-08 11:37:51 - [TEST_STEP][PASSED] - scrollToElement(findTestObject("FDR-Draw/VoucherExpenditure/voucherLineAmt"), 3): Scroll to object 'Object Repository/FDR-Draw/VoucherExpenditure/voucherLineAmt' successfully

2020-09-08 11:37:51 - [MESSAGE][PASSED] - Scroll to object 'Object Repository/FDR-Draw/VoucherExpenditure/voucherLineAmt' successfully

2020-09-08 11:37:51 - [TEST_STEP][PASSED] - verifyElementPresent(findTestObject("FDR-Draw/VoucherExpenditure/voucherLineAmt"), 2): Object 'Object Repository/FDR-Draw/VoucherExpenditure/voucherLineAmt' is present

2020-09-08 11:37:51 - [MESSAGE][PASSED] - Object 'Object Repository/FDR-Draw/VoucherExpenditure/voucherLineAmt' is present

2020-09-08 11:37:51 - [TEST_STEP][PASSED] - click(findTestObject("FDR-Draw/VoucherExpenditure/receiptExpandButton1")): Object: 'Object Repository/FDR-Draw/VoucherExpenditure/receiptExpandButton1' is clicked on

2020-09-08 11:37:52 - [MESSAGE][PASSED] - Object: 'Object Repository/FDR-Draw/VoucherExpenditure/receiptExpandButton1' is clicked on

2020-09-08 11:37:52 - [TEST_STEP][PASSED] - verifyElementPresent(findTestObject("FDR-Draw/VoucherExpenditure/voucherLineAmt2"), 3): Object 'Object Repository/FDR-Draw/VoucherExpenditure/voucherLineAmt2' is present

2020-09-08 11:37:53 - [MESSAGE][PASSED] - Object 'Object Repository/FDR-Draw/VoucherExpenditure/voucherLineAmt2' is present

2020-09-08 11:37:53 - [TEST_STEP][PASSED] - waitForElementPresent(findTestObject("FDR-Dashboard/createNewVoucherButton"), 4): Object 'Object Repository/FDR-Dashboard/createNewVoucherButton' is not present after 4 second(s)

2020-09-08 11:37:58 - [MESSAGE][INFO] - Unable to find the element located by 'By.xpath: //*[@data-id='button-link']//*[contains(text(),'Create New Voucher')]'. Please recheck the objects properties to make sure the desired element is located. 

2020-09-08 11:37:58 - [MESSAGE][WARNING] - Object 'Object Repository/FDR-Dashboard/createNewVoucherButton' is not present after 4 second(s)

2020-09-08 11:37:58 - [TEST_STEP][PASSED] - click(findTestObject("FDR-Draw/VoucherExpenditure/receiptExpandButton1")): Object: 'Object Repository/FDR-Draw/VoucherExpenditure/receiptExpandButton1' is clicked on

2020-09-08 11:37:58 - [MESSAGE][PASSED] - Object: 'Object Repository/FDR-Draw/VoucherExpenditure/receiptExpandButton1' is clicked on

2020-09-08 11:37:58 - [TEST_STEP][PASSED] - waitForElementPresent(findTestObject("FDR-Dashboard/createNewVoucherButton"), 4): Object 'Object Repository/FDR-Dashboard/createNewVoucherButton' is not present after 4 second(s)

2020-09-08 11:38:03 - [MESSAGE][INFO] - Unable to find the element located by 'By.xpath: //*[@data-id='button-link']//*[contains(text(),'Create New Voucher')]'. Please recheck the objects properties to make sure the desired element is located. 

2020-09-08 11:38:03 - [MESSAGE][WARNING] - Object 'Object Repository/FDR-Dashboard/createNewVoucherButton' is not present after 4 second(s)

2020-09-08 11:38:03 - [TEST_STEP][PASSED] - scrollToElement(findTestObject("FDR-Draw/VoucherExpenditure/receiptLineAmt"), 4): Scroll to object 'Object Repository/FDR-Draw/VoucherExpenditure/receiptLineAmt' successfully

2020-09-08 11:38:04 - [MESSAGE][PASSED] - Scroll to object 'Object Repository/FDR-Draw/VoucherExpenditure/receiptLineAmt' successfully

2020-09-08 11:38:04 - [TEST_STEP][PASSED] - waitForElementPresent(findTestObject("FDR-Draw/reconcileButton"), 2): Object 'Object Repository/FDR-Draw/reconcileButton' is not present after 2 second(s)

2020-09-08 11:38:07 - [MESSAGE][INFO] - Unable to find the element located by 'By.xpath: (//*[@data-id='button-link' ]//*[contains(text(),'Reconcile')])[1]'. Please recheck the objects properties to make sure the desired element is located. 

2020-09-08 11:38:07 - [MESSAGE][WARNING] - Object 'Object Repository/FDR-Draw/reconcileButton' is not present after 2 second(s)

2020-09-08 11:38:07 - [TEST_STEP][PASSED] - verifyElementPresent(findTestObject("FDR-Draw/VoucherExpenditure/receiptLineAmt"), 4): Object 'Object Repository/FDR-Draw/VoucherExpenditure/receiptLineAmt' is present

2020-09-08 11:38:07 - [MESSAGE][PASSED] - Object 'Object Repository/FDR-Draw/VoucherExpenditure/receiptLineAmt' is present

2020-09-08 11:38:07 - [TEST_STEP][PASSED] - Start listener action : sampleAfterTestCase: null

2020-09-08 11:38:07 - [TEST_STEP][PASSED] - profileName = getExecutionProfile(): null

2020-09-08 11:38:07 - [TEST_STEP][PASSED] - switch (profileName): null

2020-09-08 11:38:07 - [TEST_STEP][PASSED] - case "superUser":: null

2020-09-08 11:38:07 - [TEST_STEP][PASSED] - return null: null

2020-09-08 11:38:07 - [TEST_STEP][PASSED] - Start listener action : afterTestCase: null

2020-09-08 11:38:07 - [TEST_STEP][PASSED] - profileName = getExecutionProfile(): null

2020-09-08 11:38:07 - [TEST_STEP][PASSED] - if (profileName.equalsIgnoreCase("SysAdmin")): null

2020-09-08 11:38:07 - [TEST_STEP][PASSED] - Start listener action : sampleAfterTestCase: null

2020-09-08 11:38:07 - [TEST_STEP][PASSED] - profileName = getExecutionProfile(): null

2020-09-08 11:38:07 - [TEST_STEP][PASSED] - switch (profileName): null

2020-09-08 11:38:07 - [TEST_STEP][PASSED] - case "Draw":: null

2020-09-08 11:38:07 - [TEST_STEP][PASSED] - Uifunctions.logoutFDR(): Browser is closed

2020-09-08 11:38:08 - [MESSAGE][PASSED] - Browser is closed

2020-09-08 11:38:08 - [TEST_STEP][PASSED] - break: null

2020-09-08 11:38:08 - [TEST_STEP][PASSED] - Start listener action : addFailedTCToList: null]]></system-out>
         <system-err><![CDATA[]]></system-err>
      </testcase>
      <testcase name="Test Cases/WEB-UI-TESTS/Draw/FDR-Voucher-Expenditure-Validation" time="37.976" classname="Test Cases/WEB-UI-TESTS/Draw/FDR-Voucher-Expenditure-Validation" status="ERROR">
         <error type="ERROR" message="Test Cases/WEB-UI-TESTS/Draw/FDR-Voucher-Expenditure-Validation FAILED.
Reason:
groovy.lang.MissingMethodException: No signature of method: static com.kms.katalon.core.webui.keyword.WebUiBuiltInKeywords.verifyElementPresent() is applicable for argument types: (com.kms.katalon.core.testobject.TestObject, com.kms.katalon.core.model.FailureHandling) values: [TestObject - 'Object Repository/FDR-Draw/VoucherExpenditure/expenditureText', ...]
Possible solutions: verifyElementPresent(com.kms.katalon.core.testobject.TestObject, int), verifyElementPresent(com.kms.katalon.core.testobject.TestObject, int, com.kms.katalon.core.model.FailureHandling), verifyElementNotPresent(com.kms.katalon.core.testobject.TestObject, int), verifyElementNotPresent(com.kms.katalon.core.testobject.TestObject, int, com.kms.katalon.core.model.FailureHandling), verifyAlertPresent(int, com.kms.katalon.core.model.FailureHandling)
	at FDR-Voucher-Expenditure-Validation.run(FDR-Voucher-Expenditure-Validation:20)
	at com.kms.katalon.core.main.ScriptEngine.run(ScriptEngine.java:194)
	at com.kms.katalon.core.main.ScriptEngine.runScriptAsRawText(ScriptEngine.java:119)
	at com.kms.katalon.core.main.TestCaseExecutor.runScript(TestCaseExecutor.java:339)
	at com.kms.katalon.core.main.TestCaseExecutor.doExecute(TestCaseExecutor.java:330)
	at com.kms.katalon.core.main.TestCaseExecutor.processExecutionPhase(TestCaseExecutor.java:309)
	at com.kms.katalon.core.main.TestCaseExecutor.accessMainPhase(TestCaseExecutor.java:301)
	at com.kms.katalon.core.main.TestCaseExecutor.execute(TestCaseExecutor.java:235)
	at com.kms.katalon.core.main.TestSuiteExecutor.accessTestCaseMainPhase(TestSuiteExecutor.java:191)
	at com.kms.katalon.core.main.TestSuiteExecutor.accessTestSuiteMainPhase(TestSuiteExecutor.java:141)
	at com.kms.katalon.core.main.TestSuiteExecutor.execute(TestSuiteExecutor.java:90)
	at com.kms.katalon.core.main.TestCaseMain.startTestSuite(TestCaseMain.java:157)
	at com.kms.katalon.core.main.TestCaseMain$startTestSuite$0.call(Unknown Source)
	at TempTestSuite1599589933195.run(TempTestSuite1599589933195.groovy:39)
"/>
         <system-out><![CDATA[2020-09-08 11:38:08 - [TEST_CASE][ERROR] - Test Cases/WEB-UI-TESTS/Draw/FDR-Voucher-Expenditure-Validation: Test Cases/WEB-UI-TESTS/Draw/FDR-Voucher-Expenditure-Validation FAILED.
Reason:
groovy.lang.MissingMethodException: No signature of method: static com.kms.katalon.core.webui.keyword.WebUiBuiltInKeywords.verifyElementPresent() is applicable for argument types: (com.kms.katalon.core.testobject.TestObject, com.kms.katalon.core.model.FailureHandling) values: [TestObject - 'Object Repository/FDR-Draw/VoucherExpenditure/expenditureText', ...]
Possible solutions: verifyElementPresent(com.kms.katalon.core.testobject.TestObject, int), verifyElementPresent(com.kms.katalon.core.testobject.TestObject, int, com.kms.katalon.core.model.FailureHandling), verifyElementNotPresent(com.kms.katalon.core.testobject.TestObject, int), verifyElementNotPresent(com.kms.katalon.core.testobject.TestObject, int, com.kms.katalon.core.model.FailureHandling), verifyAlertPresent(int, com.kms.katalon.core.model.FailureHandling)
	at FDR-Voucher-Expenditure-Validation.run(FDR-Voucher-Expenditure-Validation:20)
	at com.kms.katalon.core.main.ScriptEngine.run(ScriptEngine.java:194)
	at com.kms.katalon.core.main.ScriptEngine.runScriptAsRawText(ScriptEngine.java:119)
	at com.kms.katalon.core.main.TestCaseExecutor.runScript(TestCaseExecutor.java:339)
	at com.kms.katalon.core.main.TestCaseExecutor.doExecute(TestCaseExecutor.java:330)
	at com.kms.katalon.core.main.TestCaseExecutor.processExecutionPhase(TestCaseExecutor.java:309)
	at com.kms.katalon.core.main.TestCaseExecutor.accessMainPhase(TestCaseExecutor.java:301)
	at com.kms.katalon.core.main.TestCaseExecutor.execute(TestCaseExecutor.java:235)
	at com.kms.katalon.core.main.TestSuiteExecutor.accessTestCaseMainPhase(TestSuiteExecutor.java:191)
	at com.kms.katalon.core.main.TestSuiteExecutor.accessTestSuiteMainPhase(TestSuiteExecutor.java:141)
	at com.kms.katalon.core.main.TestSuiteExecutor.execute(TestSuiteExecutor.java:90)
	at com.kms.katalon.core.main.TestCaseMain.startTestSuite(TestCaseMain.java:157)
	at com.kms.katalon.core.main.TestCaseMain$startTestSuite$0.call(Unknown Source)
	at TempTestSuite1599589933195.run(TempTestSuite1599589933195.groovy:39)


2020-09-08 11:38:08 - [TEST_STEP][PASSED] - Start listener action : sampleBeforeTestCase: null

2020-09-08 11:38:08 - [TEST_STEP][PASSED] - profileName = getExecutionProfile(): null

2020-09-08 11:38:08 - [TEST_STEP][PASSED] - switch (profileName): null

2020-09-08 11:38:08 - [TEST_STEP][PASSED] - case "superUser":: null

2020-09-08 11:38:08 - [TEST_STEP][PASSED] - return null: null

2020-09-08 11:38:08 - [TEST_STEP][PASSED] - Start listener action : beforeTestCase: null

2020-09-08 11:38:08 - [TEST_STEP][PASSED] - profileName = getExecutionProfile(): null

2020-09-08 11:38:08 - [TEST_STEP][PASSED] - if (profileName.equalsIgnoreCase("SysAdmin")): null

2020-09-08 11:38:08 - [TEST_STEP][PASSED] - Start listener action : sampleBeforeTestCase: Navigate to 'https://fdr-katalon.cammis-mod-dev.dhcs.ca.gov' successfully

2020-09-08 11:38:08 - [TEST_STEP][PASSED] - profileName = getExecutionProfile(): null

2020-09-08 11:38:08 - [TEST_STEP][PASSED] - testCaseId = testCaseContext.getTestCaseId(): null

2020-09-08 11:38:08 - [TEST_STEP][PASSED] - switch (profileName): null

2020-09-08 11:38:08 - [TEST_STEP][PASSED] - case "Draw":: null

2020-09-08 11:38:08 - [TEST_STEP][PASSED] - if (account6TestCases.contains(testCaseId)): Object: 'Object Repository/FDR-SignIn/SignInButton' is clicked on

2020-09-08 11:38:08 - [TEST_STEP][PASSED] - Uifunctions.loginFDR(drawCashierAcc6, drawCashierAcc6Pwd): Object: 'Object Repository/FDR-SignIn/SignInButton' is clicked on

2020-09-08 11:38:08 - [MESSAGE][INFO] - Starting 'Chrome' driver

2020-09-08 11:38:08 - [MESSAGE][INFO] - Action delay is set to 0 milliseconds

2020-09-08 11:38:11 - [MESSAGE][PASSED] - Browser is opened with url: ''

2020-09-08 11:38:13 - [MESSAGE][PASSED] - Current window maximized

2020-09-08 11:38:15 - [MESSAGE][PASSED] - Navigate to 'https://fdr-katalon.cammis-mod-dev.dhcs.ca.gov' successfully

2020-09-08 11:38:16 - [MESSAGE][PASSED] - Object 'Object Repository/FDR-SignIn/SignInEmail' is present

2020-09-08 11:38:16 - [MESSAGE][PASSED] - Object: 'Object Repository/FDR-SignIn/SignInEmail' is clicked on

2020-09-08 11:38:17 - [MESSAGE][PASSED] - Object 'Object Repository/FDR-SignIn/SignInEmail' is present

2020-09-08 11:38:17 - [MESSAGE][PASSED] - Text 'fdr.test6@dhcs.ca.gov' is set on object 'Object Repository/FDR-SignIn/SignInEmail'

2020-09-08 11:38:17 - [MESSAGE][PASSED] - Object 'Object Repository/FDR-SignIn/SignInEmailNext' is visible

2020-09-08 11:38:18 - [MESSAGE][PASSED] - Object: 'Object Repository/FDR-SignIn/SignInEmailNext' is clicked on

2020-09-08 11:38:21 - [MESSAGE][PASSED] - Object 'Object Repository/FDR-SignIn/SignInEmailPassword' is visible

2020-09-08 11:38:22 - [MESSAGE][PASSED] - Object: 'Object Repository/FDR-SignIn/SignInEmailPassword' is clicked on

2020-09-08 11:38:22 - [MESSAGE][PASSED] - Text ****** has been set on object 'Object Repository/FDR-SignIn/SignInEmailPassword'

2020-09-08 11:38:23 - [MESSAGE][PASSED] - Object: 'Object Repository/FDR-SignIn/SignInButton' is clicked on

2020-09-08 11:38:23 - [TEST_STEP][PASSED] - break: null

2020-09-08 11:38:23 - [TEST_STEP][PASSED] - navigateToUrl(URL): Navigate to 'https://fdr-katalon.cammis-mod-dev.dhcs.ca.gov' successfully

2020-09-08 11:38:24 - [MESSAGE][PASSED] - Navigate to 'https://fdr-katalon.cammis-mod-dev.dhcs.ca.gov' successfully

2020-09-08 11:38:24 - [TEST_STEP][PASSED] - Start listener action : executeRows: null

2020-09-08 11:38:24 - [TEST_STEP][PASSED] - drawDate = "09/14/2020": null

2020-09-08 11:38:24 - [TEST_STEP][PASSED] - waitForElementPresent(findTestObject("FDR-Dashboard/createNewVoucherButton"), 2): Object 'Object Repository/FDR-Dashboard/createNewVoucherButton' is not present after 2 second(s)

2020-09-08 11:38:27 - [MESSAGE][INFO] - Unable to find the element located by 'By.xpath: //*[@data-id='button-link']//*[contains(text(),'Create New Voucher')]'. Please recheck the objects properties to make sure the desired element is located. 

2020-09-08 11:38:27 - [MESSAGE][WARNING] - Object 'Object Repository/FDR-Dashboard/createNewVoucherButton' is not present after 2 second(s)

2020-09-08 11:38:27 - [TEST_STEP][PASSED] - Uifunctions.clickOnReconcileButton(drawDate): Text of object 'drawDate' is: '09/28/2020'

2020-09-08 11:38:27 - [MESSAGE][PASSED] - Object: 'expandButton' is clicked on

2020-09-08 11:38:32 - [MESSAGE][INFO] - Unable to find the element located by 'By.xpath: //*[@data-id='button-link']//*[contains(text(),'Create New Voucher')]'. Please recheck the objects properties to make sure the desired element is located. 

2020-09-08 11:38:32 - [MESSAGE][WARNING] - Object 'Object Repository/FDR-Dashboard/createNewVoucherButton' is not present after 3 second(s)

2020-09-08 11:38:32 - [MESSAGE][PASSED] - Text of object 'drawDate' is: '09/23/2020'

2020-09-08 11:38:32 - [MESSAGE][PASSED] - Text of object 'drawDate' is: '09/28/2020'

2020-09-08 11:38:32 - [TEST_STEP][PASSED] - delay(5): Delayed 5 second(s)

2020-09-08 11:38:37 - [MESSAGE][PASSED] - Delayed 5 second(s)

2020-09-08 11:38:37 - [TEST_STEP][PASSED] - click(findTestObject("FDR-Draw/VoucherExpenditure/voucherExpandButton")): Object: 'Object Repository/FDR-Draw/VoucherExpenditure/voucherExpandButton' is clicked on

2020-09-08 11:38:38 - [MESSAGE][PASSED] - Object: 'Object Repository/FDR-Draw/VoucherExpenditure/voucherExpandButton' is clicked on

2020-09-08 11:38:38 - [TEST_STEP][PASSED] - click(findTestObject("Object Repository/FDR-Draw/reconcileButton")): Object: 'Object Repository/FDR-Draw/reconcileButton' is clicked on

2020-09-08 11:38:40 - [MESSAGE][PASSED] - Object: 'Object Repository/FDR-Draw/reconcileButton' is clicked on

2020-09-08 11:38:40 - [TEST_STEP][PASSED] - waitForElementPresent(findTestObject("FDR-Dashboard/createNewVoucherButton"), 4): Object 'Object Repository/FDR-Dashboard/createNewVoucherButton' is not present after 4 second(s)

2020-09-08 11:38:45 - [MESSAGE][INFO] - Unable to find the element located by 'By.xpath: //*[@data-id='button-link']//*[contains(text(),'Create New Voucher')]'. Please recheck the objects properties to make sure the desired element is located. 

2020-09-08 11:38:45 - [MESSAGE][WARNING] - Object 'Object Repository/FDR-Dashboard/createNewVoucherButton' is not present after 4 second(s)

2020-09-08 11:38:45 - [TEST_STEP][PASSED] - verifyElementPresent(findTestObject("FDR-Draw/VoucherExpenditure/expenditureText"), STOP_ON_FAILURE): null

2020-09-08 11:38:45 - [TEST_STEP][PASSED] - Start listener action : sampleAfterTestCase: null

2020-09-08 11:38:45 - [TEST_STEP][PASSED] - profileName = getExecutionProfile(): null

2020-09-08 11:38:45 - [TEST_STEP][PASSED] - switch (profileName): null

2020-09-08 11:38:45 - [TEST_STEP][PASSED] - case "superUser":: null

2020-09-08 11:38:45 - [TEST_STEP][PASSED] - return null: null

2020-09-08 11:38:45 - [TEST_STEP][PASSED] - Start listener action : afterTestCase: null

2020-09-08 11:38:45 - [TEST_STEP][PASSED] - profileName = getExecutionProfile(): null

2020-09-08 11:38:45 - [TEST_STEP][PASSED] - if (profileName.equalsIgnoreCase("SysAdmin")): null

2020-09-08 11:38:45 - [TEST_STEP][PASSED] - Start listener action : sampleAfterTestCase: null

2020-09-08 11:38:45 - [TEST_STEP][PASSED] - profileName = getExecutionProfile(): null

2020-09-08 11:38:45 - [TEST_STEP][PASSED] - switch (profileName): null

2020-09-08 11:38:45 - [TEST_STEP][PASSED] - case "Draw":: null

2020-09-08 11:38:45 - [TEST_STEP][PASSED] - Uifunctions.logoutFDR(): Browser is closed

2020-09-08 11:38:46 - [MESSAGE][PASSED] - Browser is closed

2020-09-08 11:38:46 - [TEST_STEP][PASSED] - break: null

2020-09-08 11:38:46 - [TEST_STEP][PASSED] - Start listener action : addFailedTCToList: null]]></system-out>
         <system-err><![CDATA[2020-09-08 11:38:08 - [TEST_CASE][ERROR] - Test Cases/WEB-UI-TESTS/Draw/FDR-Voucher-Expenditure-Validation: Test Cases/WEB-UI-TESTS/Draw/FDR-Voucher-Expenditure-Validation FAILED.
Reason:
groovy.lang.MissingMethodException: No signature of method: static com.kms.katalon.core.webui.keyword.WebUiBuiltInKeywords.verifyElementPresent() is applicable for argument types: (com.kms.katalon.core.testobject.TestObject, com.kms.katalon.core.model.FailureHandling) values: [TestObject - 'Object Repository/FDR-Draw/VoucherExpenditure/expenditureText', ...]
Possible solutions: verifyElementPresent(com.kms.katalon.core.testobject.TestObject, int), verifyElementPresent(com.kms.katalon.core.testobject.TestObject, int, com.kms.katalon.core.model.FailureHandling), verifyElementNotPresent(com.kms.katalon.core.testobject.TestObject, int), verifyElementNotPresent(com.kms.katalon.core.testobject.TestObject, int, com.kms.katalon.core.model.FailureHandling), verifyAlertPresent(int, com.kms.katalon.core.model.FailureHandling)
	at FDR-Voucher-Expenditure-Validation.run(FDR-Voucher-Expenditure-Validation:20)
	at com.kms.katalon.core.main.ScriptEngine.run(ScriptEngine.java:194)
	at com.kms.katalon.core.main.ScriptEngine.runScriptAsRawText(ScriptEngine.java:119)
	at com.kms.katalon.core.main.TestCaseExecutor.runScript(TestCaseExecutor.java:339)
	at com.kms.katalon.core.main.TestCaseExecutor.doExecute(TestCaseExecutor.java:330)
	at com.kms.katalon.core.main.TestCaseExecutor.processExecutionPhase(TestCaseExecutor.java:309)
	at com.kms.katalon.core.main.TestCaseExecutor.accessMainPhase(TestCaseExecutor.java:301)
	at com.kms.katalon.core.main.TestCaseExecutor.execute(TestCaseExecutor.java:235)
	at com.kms.katalon.core.main.TestSuiteExecutor.accessTestCaseMainPhase(TestSuiteExecutor.java:191)
	at com.kms.katalon.core.main.TestSuiteExecutor.accessTestSuiteMainPhase(TestSuiteExecutor.java:141)
	at com.kms.katalon.core.main.TestSuiteExecutor.execute(TestSuiteExecutor.java:90)
	at com.kms.katalon.core.main.TestCaseMain.startTestSuite(TestCaseMain.java:157)
	at com.kms.katalon.core.main.TestCaseMain$startTestSuite$0.call(Unknown Source)
	at TempTestSuite1599589933195.run(TempTestSuite1599589933195.groovy:39)]]></system-err>
      </testcase>
      <testcase name="Test Cases/WEB-UI-TESTS/Draw/FDR-Draw-Reject-Vouchers-Receipts" time="202.698" classname="Test Cases/WEB-UI-TESTS/Draw/FDR-Draw-Reject-Vouchers-Receipts" status="FAILED">
         <failure type="FAILED" message="Test Cases/WEB-UI-TESTS/Draw/FDR-Draw-Reject-Vouchers-Receipts FAILED.
Reason:
com.kms.katalon.core.exception.StepFailedException: Unable to click on object 'Object Repository/FDR-Draw/RejectVocuherReceipts/spanOverdrawnFund(s)' (Root cause: com.kms.katalon.core.exception.StepFailedException: Unable to click on object 'Object Repository/FDR-Draw/RejectVocuherReceipts/spanOverdrawnFund(s)'
	at com.kms.katalon.core.webui.keyword.internal.WebUIKeywordMain.stepFailed(WebUIKeywordMain.groovy:64)
	at com.kms.katalon.core.webui.keyword.internal.WebUIKeywordMain.runKeyword(WebUIKeywordMain.groovy:26)
	at com.kms.katalon.core.webui.keyword.builtin.ClickKeyword.click(ClickKeyword.groovy:76)
	at com.kms.katalon.core.webui.keyword.builtin.ClickKeyword.execute(ClickKeyword.groovy:43)
	at com.kms.katalon.core.keyword.internal.KeywordExecutor.executeKeywordForPlatform(KeywordExecutor.groovy:73)
	at com.kms.katalon.core.webui.keyword.WebUiBuiltInKeywords.click(WebUiBuiltInKeywords.groovy:616)
	at com.kms.katalon.core.webui.keyword.WebUiBuiltInKeywords$click$6.call(Unknown Source)
	at FDR-Draw-Reject-Vouchers-Receipts.run(FDR-Draw-Reject-Vouchers-Receipts:84)
	at com.kms.katalon.core.main.ScriptEngine.run(ScriptEngine.java:194)
	at com.kms.katalon.core.main.ScriptEngine.runScriptAsRawText(ScriptEngine.java:119)
	at com.kms.katalon.core.main.TestCaseExecutor.runScript(TestCaseExecutor.java:339)
	at com.kms.katalon.core.main.TestCaseExecutor.doExecute(TestCaseExecutor.java:330)
	at com.kms.katalon.core.main.TestCaseExecutor.processExecutionPhase(TestCaseExecutor.java:309)
	at com.kms.katalon.core.main.TestCaseExecutor.accessMainPhase(TestCaseExecutor.java:301)
	at com.kms.katalon.core.main.TestCaseExecutor.execute(TestCaseExecutor.java:235)
	at com.kms.katalon.core.main.TestSuiteExecutor.accessTestCaseMainPhase(TestSuiteExecutor.java:191)
	at com.kms.katalon.core.main.TestSuiteExecutor.accessTestSuiteMainPhase(TestSuiteExecutor.java:141)
	at com.kms.katalon.core.main.TestSuiteExecutor.execute(TestSuiteExecutor.java:90)
	at com.kms.katalon.core.main.TestCaseMain.startTestSuite(TestCaseMain.java:157)
	at com.kms.katalon.core.main.TestCaseMain$startTestSuite$0.call(Unknown Source)
	at TempTestSuite1599589933195.run(TempTestSuite1599589933195.groovy:39)
Caused by: com.kms.katalon.core.webui.exception.WebElementNotFoundException: Web element with id: 'Object Repository/FDR-Draw/RejectVocuherReceipts/spanOverdrawnFund(s)' located by '//span[contains(.,'Overdrawn Fund(s)')]' not found
	at com.kms.katalon.core.webui.common.WebUiCommonHelper.findWebElement(WebUiCommonHelper.java:1368)
	at com.kms.katalon.core.webui.keyword.internal.WebUIAbstractKeyword.findWebElement(WebUIAbstractKeyword.groovy:27)
	at com.kms.katalon.core.webui.keyword.internal.WebUIAbstractKeyword.findWebElement(WebUIAbstractKeyword.groovy:26)
	at com.kms.katalon.core.webui.keyword.builtin.ClickKeyword$_click_closure1.doCall(ClickKeyword.groovy:67)
	at com.kms.katalon.core.webui.keyword.builtin.ClickKeyword$_click_closure1.call(ClickKeyword.groovy)
	at com.kms.katalon.core.webui.keyword.internal.WebUIKeywordMain.runKeyword(WebUIKeywordMain.groovy:20)
	at com.kms.katalon.core.webui.keyword.builtin.ClickKeyword.click(ClickKeyword.groovy:76)
	at com.kms.katalon.core.webui.keyword.builtin.ClickKeyword.execute(ClickKeyword.groovy:43)
	at com.kms.katalon.core.keyword.internal.KeywordExecutor.executeKeywordForPlatform(KeywordExecutor.groovy:73)
	at com.kms.katalon.core.webui.keyword.WebUiBuiltInKeywords.click(WebUiBuiltInKeywords.groovy:616)
	at com.kms.katalon.core.webui.keyword.WebUiBuiltInKeywords$click$6.call(Unknown Source)
	at Script1591634957380.run(Script1591634957380.groovy:84)
	... 13 more
)
	at com.kms.katalon.core.keyword.internal.KeywordMain.stepFailed(KeywordMain.groovy:39)
	at com.kms.katalon.core.webui.keyword.internal.WebUIKeywordMain.stepFailed(WebUIKeywordMain.groovy:64)
	at com.kms.katalon.core.webui.keyword.internal.WebUIKeywordMain.runKeyword(WebUIKeywordMain.groovy:26)
	at com.kms.katalon.core.webui.keyword.builtin.ClickKeyword.click(ClickKeyword.groovy:76)
	at com.kms.katalon.core.webui.keyword.builtin.ClickKeyword.execute(ClickKeyword.groovy:43)
	at com.kms.katalon.core.keyword.internal.KeywordExecutor.executeKeywordForPlatform(KeywordExecutor.groovy:73)
	at com.kms.katalon.core.webui.keyword.WebUiBuiltInKeywords.click(WebUiBuiltInKeywords.groovy:616)
	at com.kms.katalon.core.webui.keyword.WebUiBuiltInKeywords$click$6.call(Unknown Source)
	at FDR-Draw-Reject-Vouchers-Receipts.run(FDR-Draw-Reject-Vouchers-Receipts:84)
	at com.kms.katalon.core.main.ScriptEngine.run(ScriptEngine.java:194)
	at com.kms.katalon.core.main.ScriptEngine.runScriptAsRawText(ScriptEngine.java:119)
	at com.kms.katalon.core.main.TestCaseExecutor.runScript(TestCaseExecutor.java:339)
	at com.kms.katalon.core.main.TestCaseExecutor.doExecute(TestCaseExecutor.java:330)
	at com.kms.katalon.core.main.TestCaseExecutor.processExecutionPhase(TestCaseExecutor.java:309)
	at com.kms.katalon.core.main.TestCaseExecutor.accessMainPhase(TestCaseExecutor.java:301)
	at com.kms.katalon.core.main.TestCaseExecutor.execute(TestCaseExecutor.java:235)
	at com.kms.katalon.core.main.TestSuiteExecutor.accessTestCaseMainPhase(TestSuiteExecutor.java:191)
	at com.kms.katalon.core.main.TestSuiteExecutor.accessTestSuiteMainPhase(TestSuiteExecutor.java:141)
	at com.kms.katalon.core.main.TestSuiteExecutor.execute(TestSuiteExecutor.java:90)
	at com.kms.katalon.core.main.TestCaseMain.startTestSuite(TestCaseMain.java:157)
	at com.kms.katalon.core.main.TestCaseMain$startTestSuite$0.call(Unknown Source)
	at TempTestSuite1599589933195.run(TempTestSuite1599589933195.groovy:39)
Caused by: com.kms.katalon.core.exception.StepFailedException: Unable to click on object 'Object Repository/FDR-Draw/RejectVocuherReceipts/spanOverdrawnFund(s)'
	... 21 more
Caused by: com.kms.katalon.core.webui.exception.WebElementNotFoundException: Web element with id: 'Object Repository/FDR-Draw/RejectVocuherReceipts/spanOverdrawnFund(s)' located by '//span[contains(.,'Overdrawn Fund(s)')]' not found
	at com.kms.katalon.core.webui.common.WebUiCommonHelper.findWebElement(WebUiCommonHelper.java:1368)
	at com.kms.katalon.core.webui.keyword.internal.WebUIAbstractKeyword.findWebElement(WebUIAbstractKeyword.groovy:27)
	at com.kms.katalon.core.webui.keyword.internal.WebUIAbstractKeyword.findWebElement(WebUIAbstractKeyword.groovy:26)
	at com.kms.katalon.core.webui.keyword.builtin.ClickKeyword$_click_closure1.doCall(ClickKeyword.groovy:67)
	at com.kms.katalon.core.webui.keyword.builtin.ClickKeyword$_click_closure1.call(ClickKeyword.groovy)
	at com.kms.katalon.core.webui.keyword.internal.WebUIKeywordMain.runKeyword(WebUIKeywordMain.groovy:20)
	... 19 more
"/>
         <system-out><![CDATA[2020-09-08 11:38:46 - [TEST_CASE][FAILED] - Test Cases/WEB-UI-TESTS/Draw/FDR-Draw-Reject-Vouchers-Receipts: Test Cases/WEB-UI-TESTS/Draw/FDR-Draw-Reject-Vouchers-Receipts FAILED.
Reason:
com.kms.katalon.core.exception.StepFailedException: Unable to click on object 'Object Repository/FDR-Draw/RejectVocuherReceipts/spanOverdrawnFund(s)' (Root cause: com.kms.katalon.core.exception.StepFailedException: Unable to click on object 'Object Repository/FDR-Draw/RejectVocuherReceipts/spanOverdrawnFund(s)'
	at com.kms.katalon.core.webui.keyword.internal.WebUIKeywordMain.stepFailed(WebUIKeywordMain.groovy:64)
	at com.kms.katalon.core.webui.keyword.internal.WebUIKeywordMain.runKeyword(WebUIKeywordMain.groovy:26)
	at com.kms.katalon.core.webui.keyword.builtin.ClickKeyword.click(ClickKeyword.groovy:76)
	at com.kms.katalon.core.webui.keyword.builtin.ClickKeyword.execute(ClickKeyword.groovy:43)
	at com.kms.katalon.core.keyword.internal.KeywordExecutor.executeKeywordForPlatform(KeywordExecutor.groovy:73)
	at com.kms.katalon.core.webui.keyword.WebUiBuiltInKeywords.click(WebUiBuiltInKeywords.groovy:616)
	at com.kms.katalon.core.webui.keyword.WebUiBuiltInKeywords$click$6.call(Unknown Source)
	at FDR-Draw-Reject-Vouchers-Receipts.run(FDR-Draw-Reject-Vouchers-Receipts:84)
	at com.kms.katalon.core.main.ScriptEngine.run(ScriptEngine.java:194)
	at com.kms.katalon.core.main.ScriptEngine.runScriptAsRawText(ScriptEngine.java:119)
	at com.kms.katalon.core.main.TestCaseExecutor.runScript(TestCaseExecutor.java:339)
	at com.kms.katalon.core.main.TestCaseExecutor.doExecute(TestCaseExecutor.java:330)
	at com.kms.katalon.core.main.TestCaseExecutor.processExecutionPhase(TestCaseExecutor.java:309)
	at com.kms.katalon.core.main.TestCaseExecutor.accessMainPhase(TestCaseExecutor.java:301)
	at com.kms.katalon.core.main.TestCaseExecutor.execute(TestCaseExecutor.java:235)
	at com.kms.katalon.core.main.TestSuiteExecutor.accessTestCaseMainPhase(TestSuiteExecutor.java:191)
	at com.kms.katalon.core.main.TestSuiteExecutor.accessTestSuiteMainPhase(TestSuiteExecutor.java:141)
	at com.kms.katalon.core.main.TestSuiteExecutor.execute(TestSuiteExecutor.java:90)
	at com.kms.katalon.core.main.TestCaseMain.startTestSuite(TestCaseMain.java:157)
	at com.kms.katalon.core.main.TestCaseMain$startTestSuite$0.call(Unknown Source)
	at TempTestSuite1599589933195.run(TempTestSuite1599589933195.groovy:39)
Caused by: com.kms.katalon.core.webui.exception.WebElementNotFoundException: Web element with id: 'Object Repository/FDR-Draw/RejectVocuherReceipts/spanOverdrawnFund(s)' located by '//span[contains(.,'Overdrawn Fund(s)')]' not found
	at com.kms.katalon.core.webui.common.WebUiCommonHelper.findWebElement(WebUiCommonHelper.java:1368)
	at com.kms.katalon.core.webui.keyword.internal.WebUIAbstractKeyword.findWebElement(WebUIAbstractKeyword.groovy:27)
	at com.kms.katalon.core.webui.keyword.internal.WebUIAbstractKeyword.findWebElement(WebUIAbstractKeyword.groovy:26)
	at com.kms.katalon.core.webui.keyword.builtin.ClickKeyword$_click_closure1.doCall(ClickKeyword.groovy:67)
	at com.kms.katalon.core.webui.keyword.builtin.ClickKeyword$_click_closure1.call(ClickKeyword.groovy)
	at com.kms.katalon.core.webui.keyword.internal.WebUIKeywordMain.runKeyword(WebUIKeywordMain.groovy:20)
	at com.kms.katalon.core.webui.keyword.builtin.ClickKeyword.click(ClickKeyword.groovy:76)
	at com.kms.katalon.core.webui.keyword.builtin.ClickKeyword.execute(ClickKeyword.groovy:43)
	at com.kms.katalon.core.keyword.internal.KeywordExecutor.executeKeywordForPlatform(KeywordExecutor.groovy:73)
	at com.kms.katalon.core.webui.keyword.WebUiBuiltInKeywords.click(WebUiBuiltInKeywords.groovy:616)
	at com.kms.katalon.core.webui.keyword.WebUiBuiltInKeywords$click$6.call(Unknown Source)
	at Script1591634957380.run(Script1591634957380.groovy:84)
	... 13 more
)
	at com.kms.katalon.core.keyword.internal.KeywordMain.stepFailed(KeywordMain.groovy:39)
	at com.kms.katalon.core.webui.keyword.internal.WebUIKeywordMain.stepFailed(WebUIKeywordMain.groovy:64)
	at com.kms.katalon.core.webui.keyword.internal.WebUIKeywordMain.runKeyword(WebUIKeywordMain.groovy:26)
	at com.kms.katalon.core.webui.keyword.builtin.ClickKeyword.click(ClickKeyword.groovy:76)
	at com.kms.katalon.core.webui.keyword.builtin.ClickKeyword.execute(ClickKeyword.groovy:43)
	at com.kms.katalon.core.keyword.internal.KeywordExecutor.executeKeywordForPlatform(KeywordExecutor.groovy:73)
	at com.kms.katalon.core.webui.keyword.WebUiBuiltInKeywords.click(WebUiBuiltInKeywords.groovy:616)
	at com.kms.katalon.core.webui.keyword.WebUiBuiltInKeywords$click$6.call(Unknown Source)
	at FDR-Draw-Reject-Vouchers-Receipts.run(FDR-Draw-Reject-Vouchers-Receipts:84)
	at com.kms.katalon.core.main.ScriptEngine.run(ScriptEngine.java:194)
	at com.kms.katalon.core.main.ScriptEngine.runScriptAsRawText(ScriptEngine.java:119)
	at com.kms.katalon.core.main.TestCaseExecutor.runScript(TestCaseExecutor.java:339)
	at com.kms.katalon.core.main.TestCaseExecutor.doExecute(TestCaseExecutor.java:330)
	at com.kms.katalon.core.main.TestCaseExecutor.processExecutionPhase(TestCaseExecutor.java:309)
	at com.kms.katalon.core.main.TestCaseExecutor.accessMainPhase(TestCaseExecutor.java:301)
	at com.kms.katalon.core.main.TestCaseExecutor.execute(TestCaseExecutor.java:235)
	at com.kms.katalon.core.main.TestSuiteExecutor.accessTestCaseMainPhase(TestSuiteExecutor.java:191)
	at com.kms.katalon.core.main.TestSuiteExecutor.accessTestSuiteMainPhase(TestSuiteExecutor.java:141)
	at com.kms.katalon.core.main.TestSuiteExecutor.execute(TestSuiteExecutor.java:90)
	at com.kms.katalon.core.main.TestCaseMain.startTestSuite(TestCaseMain.java:157)
	at com.kms.katalon.core.main.TestCaseMain$startTestSuite$0.call(Unknown Source)
	at TempTestSuite1599589933195.run(TempTestSuite1599589933195.groovy:39)
Caused by: com.kms.katalon.core.exception.StepFailedException: Unable to click on object 'Object Repository/FDR-Draw/RejectVocuherReceipts/spanOverdrawnFund(s)'
	... 21 more
Caused by: com.kms.katalon.core.webui.exception.WebElementNotFoundException: Web element with id: 'Object Repository/FDR-Draw/RejectVocuherReceipts/spanOverdrawnFund(s)' located by '//span[contains(.,'Overdrawn Fund(s)')]' not found
	at com.kms.katalon.core.webui.common.WebUiCommonHelper.findWebElement(WebUiCommonHelper.java:1368)
	at com.kms.katalon.core.webui.keyword.internal.WebUIAbstractKeyword.findWebElement(WebUIAbstractKeyword.groovy:27)
	at com.kms.katalon.core.webui.keyword.internal.WebUIAbstractKeyword.findWebElement(WebUIAbstractKeyword.groovy:26)
	at com.kms.katalon.core.webui.keyword.builtin.ClickKeyword$_click_closure1.doCall(ClickKeyword.groovy:67)
	at com.kms.katalon.core.webui.keyword.builtin.ClickKeyword$_click_closure1.call(ClickKeyword.groovy)
	at com.kms.katalon.core.webui.keyword.internal.WebUIKeywordMain.runKeyword(WebUIKeywordMain.groovy:20)
	... 19 more


2020-09-08 11:38:46 - [TEST_STEP][PASSED] - Start listener action : sampleBeforeTestCase: null

2020-09-08 11:38:46 - [TEST_STEP][PASSED] - profileName = getExecutionProfile(): null

2020-09-08 11:38:46 - [TEST_STEP][PASSED] - switch (profileName): null

2020-09-08 11:38:46 - [TEST_STEP][PASSED] - case "superUser":: null

2020-09-08 11:38:46 - [TEST_STEP][PASSED] - return null: null

2020-09-08 11:38:46 - [TEST_STEP][PASSED] - Start listener action : beforeTestCase: null

2020-09-08 11:38:46 - [TEST_STEP][PASSED] - profileName = getExecutionProfile(): null

2020-09-08 11:38:46 - [TEST_STEP][PASSED] - if (profileName.equalsIgnoreCase("SysAdmin")): null

2020-09-08 11:38:46 - [TEST_STEP][PASSED] - Start listener action : sampleBeforeTestCase: Navigate to 'https://fdr-katalon.cammis-mod-dev.dhcs.ca.gov' successfully

2020-09-08 11:38:46 - [TEST_STEP][PASSED] - profileName = getExecutionProfile(): null

2020-09-08 11:38:46 - [TEST_STEP][PASSED] - testCaseId = testCaseContext.getTestCaseId(): null

2020-09-08 11:38:46 - [TEST_STEP][PASSED] - switch (profileName): null

2020-09-08 11:38:46 - [TEST_STEP][PASSED] - case "Draw":: null

2020-09-08 11:38:46 - [TEST_STEP][PASSED] - if (account6TestCases.contains(testCaseId)): Object: 'Object Repository/FDR-SignIn/SignInButton' is clicked on

2020-09-08 11:38:46 - [TEST_STEP][PASSED] - Uifunctions.loginFDR(drawCashierAcc6, drawCashierAcc6Pwd): Object: 'Object Repository/FDR-SignIn/SignInButton' is clicked on

2020-09-08 11:38:46 - [MESSAGE][INFO] - Starting 'Chrome' driver

2020-09-08 11:38:46 - [MESSAGE][INFO] - Action delay is set to 0 milliseconds

2020-09-08 11:38:49 - [MESSAGE][PASSED] - Browser is opened with url: ''

2020-09-08 11:38:51 - [MESSAGE][PASSED] - Current window maximized

2020-09-08 11:38:52 - [MESSAGE][PASSED] - Navigate to 'https://fdr-katalon.cammis-mod-dev.dhcs.ca.gov' successfully

2020-09-08 11:38:53 - [MESSAGE][PASSED] - Object 'Object Repository/FDR-SignIn/SignInEmail' is present

2020-09-08 11:38:54 - [MESSAGE][PASSED] - Object: 'Object Repository/FDR-SignIn/SignInEmail' is clicked on

2020-09-08 11:38:54 - [MESSAGE][PASSED] - Object 'Object Repository/FDR-SignIn/SignInEmail' is present

2020-09-08 11:38:54 - [MESSAGE][PASSED] - Text 'fdr.test6@dhcs.ca.gov' is set on object 'Object Repository/FDR-SignIn/SignInEmail'

2020-09-08 11:38:55 - [MESSAGE][PASSED] - Object 'Object Repository/FDR-SignIn/SignInEmailNext' is visible

2020-09-08 11:38:55 - [MESSAGE][PASSED] - Object: 'Object Repository/FDR-SignIn/SignInEmailNext' is clicked on

2020-09-08 11:38:58 - [MESSAGE][PASSED] - Object 'Object Repository/FDR-SignIn/SignInEmailPassword' is visible

2020-09-08 11:38:58 - [MESSAGE][PASSED] - Object: 'Object Repository/FDR-SignIn/SignInEmailPassword' is clicked on

2020-09-08 11:38:59 - [MESSAGE][PASSED] - Text ****** has been set on object 'Object Repository/FDR-SignIn/SignInEmailPassword'

2020-09-08 11:39:00 - [MESSAGE][PASSED] - Object: 'Object Repository/FDR-SignIn/SignInButton' is clicked on

2020-09-08 11:39:00 - [TEST_STEP][PASSED] - break: null

2020-09-08 11:39:00 - [TEST_STEP][PASSED] - navigateToUrl(URL): Navigate to 'https://fdr-katalon.cammis-mod-dev.dhcs.ca.gov' successfully

2020-09-08 11:39:02 - [MESSAGE][PASSED] - Navigate to 'https://fdr-katalon.cammis-mod-dev.dhcs.ca.gov' successfully

2020-09-08 11:39:02 - [TEST_STEP][PASSED] - Start listener action : executeRows: null

2020-09-08 11:39:02 - [TEST_STEP][PASSED] - waitForElementPresent(findTestObject("FDR-Dashboard/createNewVoucherButton"), 2): Object 'Object Repository/FDR-Dashboard/createNewVoucherButton' is not present after 2 second(s)

2020-09-08 11:39:05 - [MESSAGE][INFO] - Unable to find the element located by 'By.xpath: //*[@data-id='button-link']//*[contains(text(),'Create New Voucher')]'. Please recheck the objects properties to make sure the desired element is located. 

2020-09-08 11:39:05 - [MESSAGE][WARNING] - Object 'Object Repository/FDR-Dashboard/createNewVoucherButton' is not present after 2 second(s)

2020-09-08 11:39:05 - [TEST_STEP][PASSED] - drawDate = "10/12/2020": null

2020-09-08 11:39:05 - [TEST_STEP][PASSED] - Uifunctions.clickOnReconcileButton(drawDate): Text of object 'drawDate' is: '09/28/2020'

2020-09-08 11:39:05 - [MESSAGE][PASSED] - Object: 'expandButton' is clicked on

2020-09-08 11:39:10 - [MESSAGE][INFO] - Unable to find the element located by 'By.xpath: //*[@data-id='button-link']//*[contains(text(),'Create New Voucher')]'. Please recheck the objects properties to make sure the desired element is located. 

2020-09-08 11:39:10 - [MESSAGE][WARNING] - Object 'Object Repository/FDR-Dashboard/createNewVoucherButton' is not present after 3 second(s)

2020-09-08 11:39:10 - [MESSAGE][PASSED] - Text of object 'drawDate' is: '09/23/2020'

2020-09-08 11:39:10 - [MESSAGE][PASSED] - Text of object 'drawDate' is: '09/28/2020'

2020-09-08 11:39:10 - [TEST_STEP][PASSED] - click(findTestObject("FDR-Draw/VoucherExpenditure/voucherExpandButton")): Object: 'Object Repository/FDR-Draw/VoucherExpenditure/voucherExpandButton' is clicked on

2020-09-08 11:39:11 - [MESSAGE][PASSED] - Object: 'Object Repository/FDR-Draw/VoucherExpenditure/voucherExpandButton' is clicked on

2020-09-08 11:39:11 - [TEST_STEP][PASSED] - click(findTestObject("Object Repository/FDR-Draw/reconcileButton")): Object: 'Object Repository/FDR-Draw/reconcileButton' is clicked on

2020-09-08 11:39:12 - [MESSAGE][PASSED] - Object: 'Object Repository/FDR-Draw/reconcileButton' is clicked on

2020-09-08 11:39:12 - [TEST_STEP][PASSED] - waitForElementPresent(findTestObject("FDR-Dashboard/createNewVoucherButton"), 2): Object 'Object Repository/FDR-Dashboard/createNewVoucherButton' is not present after 2 second(s)

2020-09-08 11:39:15 - [MESSAGE][INFO] - Unable to find the element located by 'By.xpath: //*[@data-id='button-link']//*[contains(text(),'Create New Voucher')]'. Please recheck the objects properties to make sure the desired element is located. 

2020-09-08 11:39:15 - [MESSAGE][WARNING] - Object 'Object Repository/FDR-Dashboard/createNewVoucherButton' is not present after 2 second(s)

2020-09-08 11:39:15 - [TEST_STEP][PASSED] - click(findTestObject("FDR-Draw/RejectVocuherReceipts/thumbsUpButtonVoucher")): Object: 'Object Repository/FDR-Draw/RejectVocuherReceipts/thumbsUpButtonVoucher' is clicked on

2020-09-08 11:39:16 - [MESSAGE][PASSED] - Object: 'Object Repository/FDR-Draw/RejectVocuherReceipts/thumbsUpButtonVoucher' is clicked on

2020-09-08 11:39:16 - [TEST_STEP][PASSED] - waitForElementPresent(findTestObject("FDR-Dashboard/createNewVoucherButton"), 2): Object 'Object Repository/FDR-Dashboard/createNewVoucherButton' is not present after 2 second(s)

2020-09-08 11:39:19 - [MESSAGE][INFO] - Unable to find the element located by 'By.xpath: //*[@data-id='button-link']//*[contains(text(),'Create New Voucher')]'. Please recheck the objects properties to make sure the desired element is located. 

2020-09-08 11:39:19 - [MESSAGE][WARNING] - Object 'Object Repository/FDR-Dashboard/createNewVoucherButton' is not present after 2 second(s)

2020-09-08 11:39:19 - [TEST_STEP][PASSED] - rejectVoucherNum = getText(findTestObject("FDR-Draw/RejectVocuherReceipts/voucherNum1")): Text of object 'Object Repository/FDR-Draw/RejectVocuherReceipts/voucherNum1' is: 'CAP00000064'

2020-09-08 11:39:19 - [MESSAGE][PASSED] - Text of object 'Object Repository/FDR-Draw/RejectVocuherReceipts/voucherNum1' is: 'CAP00000064'

2020-09-08 11:39:19 - [TEST_STEP][PASSED] - click(findTestObject("FDR-Draw/RejectVocuherReceipts/thubmsDownVoucher1")): Object: 'Object Repository/FDR-Draw/RejectVocuherReceipts/thubmsDownVoucher1' is clicked on

2020-09-08 11:39:20 - [MESSAGE][PASSED] - Object: 'Object Repository/FDR-Draw/RejectVocuherReceipts/thubmsDownVoucher1' is clicked on

2020-09-08 11:39:20 - [TEST_STEP][PASSED] - waitForElementPresent(findTestObject("FDR-Dashboard/createNewVoucherButton"), 4): Object 'Object Repository/FDR-Dashboard/createNewVoucherButton' is not present after 4 second(s)

2020-09-08 11:39:26 - [MESSAGE][INFO] - Unable to find the element located by 'By.xpath: //*[@data-id='button-link']//*[contains(text(),'Create New Voucher')]'. Please recheck the objects properties to make sure the desired element is located. 

2020-09-08 11:39:26 - [MESSAGE][WARNING] - Object 'Object Repository/FDR-Dashboard/createNewVoucherButton' is not present after 4 second(s)

2020-09-08 11:39:26 - [TEST_STEP][PASSED] - click(findTestObject("FDR-Draw/RejectVocuherReceipts/spanOverdrawnFund(s)")): Object: 'Object Repository/FDR-Draw/RejectVocuherReceipts/spanOverdrawnFund(s)' is clicked on

2020-09-08 11:39:26 - [MESSAGE][PASSED] - Object: 'Object Repository/FDR-Draw/RejectVocuherReceipts/spanOverdrawnFund(s)' is clicked on

2020-09-08 11:39:26 - [TEST_STEP][PASSED] - waitForElementPresent(findTestObject("FDR-Draw/reconcileButton"), 2): Object 'Object Repository/FDR-Draw/reconcileButton' is not present after 2 second(s)

2020-09-08 11:39:30 - [MESSAGE][INFO] - Unable to find the element located by 'By.xpath: (//*[@data-id='button-link' ]//*[contains(text(),'Reconcile')])[1]'. Please recheck the objects properties to make sure the desired element is located. 

2020-09-08 11:39:30 - [MESSAGE][WARNING] - Object 'Object Repository/FDR-Draw/reconcileButton' is not present after 2 second(s)

2020-09-08 11:39:30 - [TEST_STEP][PASSED] - click(findTestObject("FDR-Draw/RejectVocuherReceipts/overFundInput1")): Object: 'Object Repository/FDR-Draw/RejectVocuherReceipts/overFundInput1' is clicked on

2020-09-08 11:39:30 - [MESSAGE][PASSED] - Object: 'Object Repository/FDR-Draw/RejectVocuherReceipts/overFundInput1' is clicked on

2020-09-08 11:39:30 - [TEST_STEP][PASSED] - waitForElementPresent(findTestObject("FDR-Draw/reconcileButton"), 2): Object 'Object Repository/FDR-Draw/reconcileButton' is not present after 2 second(s)

2020-09-08 11:39:33 - [MESSAGE][INFO] - Unable to find the element located by 'By.xpath: (//*[@data-id='button-link' ]//*[contains(text(),'Reconcile')])[1]'. Please recheck the objects properties to make sure the desired element is located. 

2020-09-08 11:39:33 - [MESSAGE][WARNING] - Object 'Object Repository/FDR-Draw/reconcileButton' is not present after 2 second(s)

2020-09-08 11:39:33 - [TEST_STEP][PASSED] - sendKeys(findTestObject("FDR-Draw/RejectVocuherReceipts/overFundInput1"), "Federal"): Keys 'Federal' sent to object: 'Object Repository/FDR-Draw/RejectVocuherReceipts/overFundInput1'

2020-09-08 11:39:33 - [MESSAGE][PASSED] - Keys 'Federal' sent to object: 'Object Repository/FDR-Draw/RejectVocuherReceipts/overFundInput1'

2020-09-08 11:39:33 - [TEST_STEP][PASSED] - waitForElementPresent(findTestObject("FDR-Draw/reconcileButton"), 2): Object 'Object Repository/FDR-Draw/reconcileButton' is not present after 2 second(s)

2020-09-08 11:39:37 - [MESSAGE][INFO] - Unable to find the element located by 'By.xpath: (//*[@data-id='button-link' ]//*[contains(text(),'Reconcile')])[1]'. Please recheck the objects properties to make sure the desired element is located. 

2020-09-08 11:39:37 - [MESSAGE][WARNING] - Object 'Object Repository/FDR-Draw/reconcileButton' is not present after 2 second(s)

2020-09-08 11:39:37 - [TEST_STEP][PASSED] - sendKeys(findTestObject("FDR-Draw/RejectVocuherReceipts/overFundInput1"), Keys.chord(UP, ENTER)): Keys 'UP + ENTER + ' sent to object: 'Object Repository/FDR-Draw/RejectVocuherReceipts/overFundInput1'

2020-09-08 11:39:37 - [MESSAGE][PASSED] - Keys 'UP + ENTER + ' sent to object: 'Object Repository/FDR-Draw/RejectVocuherReceipts/overFundInput1'

2020-09-08 11:39:37 - [TEST_STEP][PASSED] - waitForElementPresent(findTestObject("FDR-Draw/reconcileButton"), 2): Object 'Object Repository/FDR-Draw/reconcileButton' is not present after 2 second(s)

2020-09-08 11:39:40 - [MESSAGE][INFO] - Unable to find the element located by 'By.xpath: (//*[@data-id='button-link' ]//*[contains(text(),'Reconcile')])[1]'. Please recheck the objects properties to make sure the desired element is located. 

2020-09-08 11:39:40 - [MESSAGE][WARNING] - Object 'Object Repository/FDR-Draw/reconcileButton' is not present after 2 second(s)

2020-09-08 11:39:40 - [TEST_STEP][PASSED] - click(findTestObject("FDR-Draw/RejectVocuherReceipts/addFundButton")): Object: 'Object Repository/FDR-Draw/RejectVocuherReceipts/addFundButton' is clicked on

2020-09-08 11:39:40 - [MESSAGE][PASSED] - Object: 'Object Repository/FDR-Draw/RejectVocuherReceipts/addFundButton' is clicked on

2020-09-08 11:39:40 - [TEST_STEP][PASSED] - waitForElementPresent(findTestObject("FDR-Draw/reconcileButton"), 4): Object 'Object Repository/FDR-Draw/reconcileButton' is not present after 4 second(s)

2020-09-08 11:39:46 - [MESSAGE][INFO] - Unable to find the element located by 'By.xpath: (//*[@data-id='button-link' ]//*[contains(text(),'Reconcile')])[1]'. Please recheck the objects properties to make sure the desired element is located. 

2020-09-08 11:39:46 - [MESSAGE][WARNING] - Object 'Object Repository/FDR-Draw/reconcileButton' is not present after 4 second(s)

2020-09-08 11:39:46 - [TEST_STEP][PASSED] - click(findTestObject("FDR-Draw/RejectVocuherReceipts/overFundInput2")): Object: 'Object Repository/FDR-Draw/RejectVocuherReceipts/overFundInput2' is clicked on

2020-09-08 11:39:46 - [MESSAGE][PASSED] - Object: 'Object Repository/FDR-Draw/RejectVocuherReceipts/overFundInput2' is clicked on

2020-09-08 11:39:46 - [TEST_STEP][PASSED] - waitForElementPresent(findTestObject("FDR-Draw/reconcileButton"), 4): Object 'Object Repository/FDR-Draw/reconcileButton' is not present after 4 second(s)

2020-09-08 11:39:51 - [MESSAGE][INFO] - Unable to find the element located by 'By.xpath: (//*[@data-id='button-link' ]//*[contains(text(),'Reconcile')])[1]'. Please recheck the objects properties to make sure the desired element is located. 

2020-09-08 11:39:51 - [MESSAGE][WARNING] - Object 'Object Repository/FDR-Draw/reconcileButton' is not present after 4 second(s)

2020-09-08 11:39:51 - [TEST_STEP][PASSED] - sendKeys(findTestObject("FDR-Draw/RejectVocuherReceipts/overFundInput2"), "Non-Federal"): Keys 'Non-Federal' sent to object: 'Object Repository/FDR-Draw/RejectVocuherReceipts/overFundInput2'

2020-09-08 11:39:52 - [MESSAGE][PASSED] - Keys 'Non-Federal' sent to object: 'Object Repository/FDR-Draw/RejectVocuherReceipts/overFundInput2'

2020-09-08 11:39:52 - [TEST_STEP][PASSED] - waitForElementPresent(findTestObject("FDR-Draw/reconcileButton"), 2): Object 'Object Repository/FDR-Draw/reconcileButton' is not present after 2 second(s)

2020-09-08 11:39:55 - [MESSAGE][INFO] - Unable to find the element located by 'By.xpath: (//*[@data-id='button-link' ]//*[contains(text(),'Reconcile')])[1]'. Please recheck the objects properties to make sure the desired element is located. 

2020-09-08 11:39:55 - [MESSAGE][WARNING] - Object 'Object Repository/FDR-Draw/reconcileButton' is not present after 2 second(s)

2020-09-08 11:39:55 - [TEST_STEP][PASSED] - sendKeys(findTestObject("FDR-Draw/RejectVocuherReceipts/overFundInput2"), Keys.chord(DOWN, ENTER)): Keys 'DOWN + ENTER + ' sent to object: 'Object Repository/FDR-Draw/RejectVocuherReceipts/overFundInput2'

2020-09-08 11:39:55 - [MESSAGE][PASSED] - Keys 'DOWN + ENTER + ' sent to object: 'Object Repository/FDR-Draw/RejectVocuherReceipts/overFundInput2'

2020-09-08 11:39:55 - [TEST_STEP][PASSED] - waitForElementPresent(findTestObject("FDR-Draw/reconcileButton"), 2): Object 'Object Repository/FDR-Draw/reconcileButton' is not present after 2 second(s)

2020-09-08 11:39:58 - [MESSAGE][INFO] - Unable to find the element located by 'By.xpath: (//*[@data-id='button-link' ]//*[contains(text(),'Reconcile')])[1]'. Please recheck the objects properties to make sure the desired element is located. 

2020-09-08 11:39:58 - [MESSAGE][WARNING] - Object 'Object Repository/FDR-Draw/reconcileButton' is not present after 2 second(s)

2020-09-08 11:39:58 - [TEST_STEP][PASSED] - click(findTestObject("FDR-Draw/RejectVocuherReceipts/spanIncorrectAmountEntry")): Object: 'Object Repository/FDR-Draw/RejectVocuherReceipts/spanIncorrectAmountEntry' is clicked on

2020-09-08 11:39:59 - [MESSAGE][PASSED] - Object: 'Object Repository/FDR-Draw/RejectVocuherReceipts/spanIncorrectAmountEntry' is clicked on

2020-09-08 11:39:59 - [TEST_STEP][PASSED] - waitForElementPresent(findTestObject("FDR-Draw/reconcileButton"), 2): Object 'Object Repository/FDR-Draw/reconcileButton' is not present after 2 second(s)

2020-09-08 11:40:02 - [MESSAGE][INFO] - Unable to find the element located by 'By.xpath: (//*[@data-id='button-link' ]//*[contains(text(),'Reconcile')])[1]'. Please recheck the objects properties to make sure the desired element is located. 

2020-09-08 11:40:02 - [MESSAGE][WARNING] - Object 'Object Repository/FDR-Draw/reconcileButton' is not present after 2 second(s)

2020-09-08 11:40:02 - [TEST_STEP][PASSED] - rejectionReason1 = getAttribute(findTestObject("FDR-Draw/RejectVocuherReceipts/overFundInput1"), "value", STOP_ON_FAILURE): Attribute 'value' of object 'Object Repository/FDR-Draw/RejectVocuherReceipts/overFundInput1' is: 'Non-Federal Fund HQAF (3158), FY 2020/2021 SCHIP (611) HQAF, 611 SB239 (2013) HQAF'

2020-09-08 11:40:02 - [MESSAGE][PASSED] - Attribute 'value' of object 'Object Repository/FDR-Draw/RejectVocuherReceipts/overFundInput1' is: 'Non-Federal Fund HQAF (3158), FY 2020/2021 SCHIP (611) HQAF, 611 SB239 (2013) HQAF'

2020-09-08 11:40:02 - [TEST_STEP][PASSED] - rejectionReason2 = getAttribute(findTestObject("FDR-Draw/RejectVocuherReceipts/overFundInput2"), "value", STOP_ON_FAILURE): Attribute 'value' of object 'Object Repository/FDR-Draw/RejectVocuherReceipts/overFundInput2' is: 'Non-Federal Fund HQAF (3158), FY 2020/2021 MA (611) HQAF, 611 SB239 (2013) HQAF'

2020-09-08 11:40:03 - [MESSAGE][PASSED] - Attribute 'value' of object 'Object Repository/FDR-Draw/RejectVocuherReceipts/overFundInput2' is: 'Non-Federal Fund HQAF (3158), FY 2020/2021 MA (611) HQAF, 611 SB239 (2013) HQAF'

2020-09-08 11:40:03 - [TEST_STEP][PASSED] - click(findTestObject("FDR-Draw/RejectVocuherReceipts/rejectVoucherButton")): Object: 'Object Repository/FDR-Draw/RejectVocuherReceipts/rejectVoucherButton' is clicked on

2020-09-08 11:40:03 - [MESSAGE][PASSED] - Object: 'Object Repository/FDR-Draw/RejectVocuherReceipts/rejectVoucherButton' is clicked on

2020-09-08 11:40:03 - [TEST_STEP][PASSED] - waitForElementPresent(findTestObject("FDR-Draw/reconcileButton"), 4): Object 'Object Repository/FDR-Draw/reconcileButton' is not present after 4 second(s)

2020-09-08 11:40:09 - [MESSAGE][INFO] - Unable to find the element located by 'By.xpath: (//*[@data-id='button-link' ]//*[contains(text(),'Reconcile')])[1]'. Please recheck the objects properties to make sure the desired element is located. 

2020-09-08 11:40:09 - [MESSAGE][WARNING] - Object 'Object Repository/FDR-Draw/reconcileButton' is not present after 4 second(s)

2020-09-08 11:40:09 - [TEST_STEP][PASSED] - click(findTestObject("FDR-Draw/RejectVocuherReceipts/thumbsUpButtonReceipt")): Object: 'Object Repository/FDR-Draw/RejectVocuherReceipts/thumbsUpButtonReceipt' is clicked on

2020-09-08 11:40:09 - [MESSAGE][PASSED] - Object: 'Object Repository/FDR-Draw/RejectVocuherReceipts/thumbsUpButtonReceipt' is clicked on

2020-09-08 11:40:09 - [TEST_STEP][PASSED] - waitForElementPresent(findTestObject("FDR-Draw/reconcileButton"), 2): Object 'Object Repository/FDR-Draw/reconcileButton' is not present after 2 second(s)

2020-09-08 11:40:12 - [MESSAGE][INFO] - Unable to find the element located by 'By.xpath: (//*[@data-id='button-link' ]//*[contains(text(),'Reconcile')])[1]'. Please recheck the objects properties to make sure the desired element is located. 

2020-09-08 11:40:12 - [MESSAGE][WARNING] - Object 'Object Repository/FDR-Draw/reconcileButton' is not present after 2 second(s)

2020-09-08 11:40:12 - [TEST_STEP][PASSED] - click(findTestObject("FDR-Draw/RejectVocuherReceipts/thubmsDownReceipts1")): Object: 'Object Repository/FDR-Draw/RejectVocuherReceipts/thubmsDownReceipts1' is clicked on

2020-09-08 11:40:12 - [MESSAGE][PASSED] - Object: 'Object Repository/FDR-Draw/RejectVocuherReceipts/thubmsDownReceipts1' is clicked on

2020-09-08 11:40:12 - [TEST_STEP][PASSED] - waitForElementPresent(findTestObject("FDR-Draw/reconcileButton"), 2): Object 'Object Repository/FDR-Draw/reconcileButton' is not present after 2 second(s)

2020-09-08 11:40:16 - [MESSAGE][INFO] - Unable to find the element located by 'By.xpath: (//*[@data-id='button-link' ]//*[contains(text(),'Reconcile')])[1]'. Please recheck the objects properties to make sure the desired element is located. 

2020-09-08 11:40:16 - [MESSAGE][WARNING] - Object 'Object Repository/FDR-Draw/reconcileButton' is not present after 2 second(s)

2020-09-08 11:40:16 - [TEST_STEP][FAILED] - click(findTestObject("FDR-Draw/RejectVocuherReceipts/spanOverdrawnFund(s)")): Unable to click on object 'Object Repository/FDR-Draw/RejectVocuherReceipts/spanOverdrawnFund(s)' (Root cause: com.kms.katalon.core.exception.StepFailedException: Unable to click on object 'Object Repository/FDR-Draw/RejectVocuherReceipts/spanOverdrawnFund(s)'
	at com.kms.katalon.core.webui.keyword.internal.WebUIKeywordMain.stepFailed(WebUIKeywordMain.groovy:64)
	at com.kms.katalon.core.webui.keyword.internal.WebUIKeywordMain.runKeyword(WebUIKeywordMain.groovy:26)
	at com.kms.katalon.core.webui.keyword.builtin.ClickKeyword.click(ClickKeyword.groovy:76)
	at com.kms.katalon.core.webui.keyword.builtin.ClickKeyword.execute(ClickKeyword.groovy:43)
	at com.kms.katalon.core.keyword.internal.KeywordExecutor.executeKeywordForPlatform(KeywordExecutor.groovy:73)
	at com.kms.katalon.core.webui.keyword.WebUiBuiltInKeywords.click(WebUiBuiltInKeywords.groovy:616)
	at com.kms.katalon.core.webui.keyword.WebUiBuiltInKeywords$click$6.call(Unknown Source)
	at FDR-Draw-Reject-Vouchers-Receipts.run(FDR-Draw-Reject-Vouchers-Receipts:84)
	at com.kms.katalon.core.main.ScriptEngine.run(ScriptEngine.java:194)
	at com.kms.katalon.core.main.ScriptEngine.runScriptAsRawText(ScriptEngine.java:119)
	at com.kms.katalon.core.main.TestCaseExecutor.runScript(TestCaseExecutor.java:339)
	at com.kms.katalon.core.main.TestCaseExecutor.doExecute(TestCaseExecutor.java:330)
	at com.kms.katalon.core.main.TestCaseExecutor.processExecutionPhase(TestCaseExecutor.java:309)
	at com.kms.katalon.core.main.TestCaseExecutor.accessMainPhase(TestCaseExecutor.java:301)
	at com.kms.katalon.core.main.TestCaseExecutor.execute(TestCaseExecutor.java:235)
	at com.kms.katalon.core.main.TestSuiteExecutor.accessTestCaseMainPhase(TestSuiteExecutor.java:191)
	at com.kms.katalon.core.main.TestSuiteExecutor.accessTestSuiteMainPhase(TestSuiteExecutor.java:141)
	at com.kms.katalon.core.main.TestSuiteExecutor.execute(TestSuiteExecutor.java:90)
	at com.kms.katalon.core.main.TestCaseMain.startTestSuite(TestCaseMain.java:157)
	at com.kms.katalon.core.main.TestCaseMain$startTestSuite$0.call(Unknown Source)
	at TempTestSuite1599589933195.run(TempTestSuite1599589933195.groovy:39)
Caused by: com.kms.katalon.core.webui.exception.WebElementNotFoundException: Web element with id: 'Object Repository/FDR-Draw/RejectVocuherReceipts/spanOverdrawnFund(s)' located by '//span[contains(.,'Overdrawn Fund(s)')]' not found
	at com.kms.katalon.core.webui.common.WebUiCommonHelper.findWebElement(WebUiCommonHelper.java:1368)
	at com.kms.katalon.core.webui.keyword.internal.WebUIAbstractKeyword.findWebElement(WebUIAbstractKeyword.groovy:27)
	at com.kms.katalon.core.webui.keyword.internal.WebUIAbstractKeyword.findWebElement(WebUIAbstractKeyword.groovy:26)
	at com.kms.katalon.core.webui.keyword.builtin.ClickKeyword$_click_closure1.doCall(ClickKeyword.groovy:67)
	at com.kms.katalon.core.webui.keyword.builtin.ClickKeyword$_click_closure1.call(ClickKeyword.groovy)
	at com.kms.katalon.core.webui.keyword.internal.WebUIKeywordMain.runKeyword(WebUIKeywordMain.groovy:20)
	at com.kms.katalon.core.webui.keyword.builtin.ClickKeyword.click(ClickKeyword.groovy:76)
	at com.kms.katalon.core.webui.keyword.builtin.ClickKeyword.execute(ClickKeyword.groovy:43)
	at com.kms.katalon.core.keyword.internal.KeywordExecutor.executeKeywordForPlatform(KeywordExecutor.groovy:73)
	at com.kms.katalon.core.webui.keyword.WebUiBuiltInKeywords.click(WebUiBuiltInKeywords.groovy:616)
	at com.kms.katalon.core.webui.keyword.WebUiBuiltInKeywords$click$6.call(Unknown Source)
	at Script1591634957380.run(Script1591634957380.groovy:84)
	... 13 more
)

2020-09-08 11:40:20 - [MESSAGE][INFO] - Unable to find the element located by 'By.xpath: //span[contains(.,'Overdrawn Fund(s)')]'. Please recheck the objects properties to make sure the desired element is located. 

2020-09-08 11:40:20 - [MESSAGE][FAILED] - Unable to click on object 'Object Repository/FDR-Draw/RejectVocuherReceipts/spanOverdrawnFund(s)' (Root cause: com.kms.katalon.core.exception.StepFailedException: Unable to click on object 'Object Repository/FDR-Draw/RejectVocuherReceipts/spanOverdrawnFund(s)'
	at com.kms.katalon.core.webui.keyword.internal.WebUIKeywordMain.stepFailed(WebUIKeywordMain.groovy:64)
	at com.kms.katalon.core.webui.keyword.internal.WebUIKeywordMain.runKeyword(WebUIKeywordMain.groovy:26)
	at com.kms.katalon.core.webui.keyword.builtin.ClickKeyword.click(ClickKeyword.groovy:76)
	at com.kms.katalon.core.webui.keyword.builtin.ClickKeyword.execute(ClickKeyword.groovy:43)
	at com.kms.katalon.core.keyword.internal.KeywordExecutor.executeKeywordForPlatform(KeywordExecutor.groovy:73)
	at com.kms.katalon.core.webui.keyword.WebUiBuiltInKeywords.click(WebUiBuiltInKeywords.groovy:616)
	at com.kms.katalon.core.webui.keyword.WebUiBuiltInKeywords$click$6.call(Unknown Source)
	at FDR-Draw-Reject-Vouchers-Receipts.run(FDR-Draw-Reject-Vouchers-Receipts:84)
	at com.kms.katalon.core.main.ScriptEngine.run(ScriptEngine.java:194)
	at com.kms.katalon.core.main.ScriptEngine.runScriptAsRawText(ScriptEngine.java:119)
	at com.kms.katalon.core.main.TestCaseExecutor.runScript(TestCaseExecutor.java:339)
	at com.kms.katalon.core.main.TestCaseExecutor.doExecute(TestCaseExecutor.java:330)
	at com.kms.katalon.core.main.TestCaseExecutor.processExecutionPhase(TestCaseExecutor.java:309)
	at com.kms.katalon.core.main.TestCaseExecutor.accessMainPhase(TestCaseExecutor.java:301)
	at com.kms.katalon.core.main.TestCaseExecutor.execute(TestCaseExecutor.java:235)
	at com.kms.katalon.core.main.TestSuiteExecutor.accessTestCaseMainPhase(TestSuiteExecutor.java:191)
	at com.kms.katalon.core.main.TestSuiteExecutor.accessTestSuiteMainPhase(TestSuiteExecutor.java:141)
	at com.kms.katalon.core.main.TestSuiteExecutor.execute(TestSuiteExecutor.java:90)
	at com.kms.katalon.core.main.TestCaseMain.startTestSuite(TestCaseMain.java:157)
	at com.kms.katalon.core.main.TestCaseMain$startTestSuite$0.call(Unknown Source)
	at TempTestSuite1599589933195.run(TempTestSuite1599589933195.groovy:39)
Caused by: com.kms.katalon.core.webui.exception.WebElementNotFoundException: Web element with id: 'Object Repository/FDR-Draw/RejectVocuherReceipts/spanOverdrawnFund(s)' located by '//span[contains(.,'Overdrawn Fund(s)')]' not found
	at com.kms.katalon.core.webui.common.WebUiCommonHelper.findWebElement(WebUiCommonHelper.java:1368)
	at com.kms.katalon.core.webui.keyword.internal.WebUIAbstractKeyword.findWebElement(WebUIAbstractKeyword.groovy:27)
	at com.kms.katalon.core.webui.keyword.internal.WebUIAbstractKeyword.findWebElement(WebUIAbstractKeyword.groovy:26)
	at com.kms.katalon.core.webui.keyword.builtin.ClickKeyword$_click_closure1.doCall(ClickKeyword.groovy:67)
	at com.kms.katalon.core.webui.keyword.builtin.ClickKeyword$_click_closure1.call(ClickKeyword.groovy)
	at com.kms.katalon.core.webui.keyword.internal.WebUIKeywordMain.runKeyword(WebUIKeywordMain.groovy:20)
	at com.kms.katalon.core.webui.keyword.builtin.ClickKeyword.click(ClickKeyword.groovy:76)
	at com.kms.katalon.core.webui.keyword.builtin.ClickKeyword.execute(ClickKeyword.groovy:43)
	at com.kms.katalon.core.keyword.internal.KeywordExecutor.executeKeywordForPlatform(KeywordExecutor.groovy:73)
	at com.kms.katalon.core.webui.keyword.WebUiBuiltInKeywords.click(WebUiBuiltInKeywords.groovy:616)
	at com.kms.katalon.core.webui.keyword.WebUiBuiltInKeywords$click$6.call(Unknown Source)
	at Script1591634957380.run(Script1591634957380.groovy:84)
	... 13 more
)
[[ATTACHMENT|C:\\fdr-automation-develop_08_25_2020\\Reports\\20200908_113210\\Draw-Integration_Suite\\20200908_113213\\1599590420212.png]]

2020-09-08 11:40:20 - [TEST_STEP][PASSED] - waitForElementPresent(findTestObject("FDR-Draw/reconcileButton"), 2): Object 'Object Repository/FDR-Draw/reconcileButton' is not present after 2 second(s)

2020-09-08 11:40:23 - [MESSAGE][INFO] - Unable to find the element located by 'By.xpath: (//*[@data-id='button-link' ]//*[contains(text(),'Reconcile')])[1]'. Please recheck the objects properties to make sure the desired element is located. 

2020-09-08 11:40:23 - [MESSAGE][WARNING] - Object 'Object Repository/FDR-Draw/reconcileButton' is not present after 2 second(s)

2020-09-08 11:40:23 - [TEST_STEP][FAILED] - click(findTestObject("FDR-Draw/RejectVocuherReceipts/overFundInput1")): Unable to click on object 'Object Repository/FDR-Draw/RejectVocuherReceipts/overFundInput1' (Root cause: com.kms.katalon.core.exception.StepFailedException: Unable to click on object 'Object Repository/FDR-Draw/RejectVocuherReceipts/overFundInput1'
	at com.kms.katalon.core.webui.keyword.internal.WebUIKeywordMain.stepFailed(WebUIKeywordMain.groovy:64)
	at com.kms.katalon.core.webui.keyword.internal.WebUIKeywordMain.runKeyword(WebUIKeywordMain.groovy:26)
	at com.kms.katalon.core.webui.keyword.builtin.ClickKeyword.click(ClickKeyword.groovy:76)
	at com.kms.katalon.core.webui.keyword.builtin.ClickKeyword.execute(ClickKeyword.groovy:43)
	at com.kms.katalon.core.keyword.internal.KeywordExecutor.executeKeywordForPlatform(KeywordExecutor.groovy:73)
	at com.kms.katalon.core.webui.keyword.WebUiBuiltInKeywords.click(WebUiBuiltInKeywords.groovy:616)
	at com.kms.katalon.core.webui.keyword.WebUiBuiltInKeywords$click$6.call(Unknown Source)
	at FDR-Draw-Reject-Vouchers-Receipts.run(FDR-Draw-Reject-Vouchers-Receipts:88)
	at com.kms.katalon.core.main.ScriptEngine.run(ScriptEngine.java:194)
	at com.kms.katalon.core.main.ScriptEngine.runScriptAsRawText(ScriptEngine.java:119)
	at com.kms.katalon.core.main.TestCaseExecutor.runScript(TestCaseExecutor.java:339)
	at com.kms.katalon.core.main.TestCaseExecutor.doExecute(TestCaseExecutor.java:330)
	at com.kms.katalon.core.main.TestCaseExecutor.processExecutionPhase(TestCaseExecutor.java:309)
	at com.kms.katalon.core.main.TestCaseExecutor.accessMainPhase(TestCaseExecutor.java:301)
	at com.kms.katalon.core.main.TestCaseExecutor.execute(TestCaseExecutor.java:235)
	at com.kms.katalon.core.main.TestSuiteExecutor.accessTestCaseMainPhase(TestSuiteExecutor.java:191)
	at com.kms.katalon.core.main.TestSuiteExecutor.accessTestSuiteMainPhase(TestSuiteExecutor.java:141)
	at com.kms.katalon.core.main.TestSuiteExecutor.execute(TestSuiteExecutor.java:90)
	at com.kms.katalon.core.main.TestCaseMain.startTestSuite(TestCaseMain.java:157)
	at com.kms.katalon.core.main.TestCaseMain$startTestSuite$0.call(Unknown Source)
	at TempTestSuite1599589933195.run(TempTestSuite1599589933195.groovy:39)
Caused by: com.kms.katalon.core.webui.exception.WebElementNotFoundException: Web element with id: 'Object Repository/FDR-Draw/RejectVocuherReceipts/overFundInput1' located by '//*[@id='overdrawnFunds[0]']' not found
	at com.kms.katalon.core.webui.common.WebUiCommonHelper.findWebElement(WebUiCommonHelper.java:1368)
	at com.kms.katalon.core.webui.keyword.internal.WebUIAbstractKeyword.findWebElement(WebUIAbstractKeyword.groovy:27)
	at com.kms.katalon.core.webui.keyword.internal.WebUIAbstractKeyword.findWebElement(WebUIAbstractKeyword.groovy:26)
	at com.kms.katalon.core.webui.keyword.builtin.ClickKeyword$_click_closure1.doCall(ClickKeyword.groovy:67)
	at com.kms.katalon.core.webui.keyword.builtin.ClickKeyword$_click_closure1.call(ClickKeyword.groovy)
	at com.kms.katalon.core.webui.keyword.internal.WebUIKeywordMain.runKeyword(WebUIKeywordMain.groovy:20)
	at com.kms.katalon.core.webui.keyword.builtin.ClickKeyword.click(ClickKeyword.groovy:76)
	at com.kms.katalon.core.webui.keyword.builtin.ClickKeyword.execute(ClickKeyword.groovy:43)
	at com.kms.katalon.core.keyword.internal.KeywordExecutor.executeKeywordForPlatform(KeywordExecutor.groovy:73)
	at com.kms.katalon.core.webui.keyword.WebUiBuiltInKeywords.click(WebUiBuiltInKeywords.groovy:616)
	at com.kms.katalon.core.webui.keyword.WebUiBuiltInKeywords$click$6.call(Unknown Source)
	at Script1591634957380.run(Script1591634957380.groovy:88)
	... 13 more
)

2020-09-08 11:40:27 - [MESSAGE][INFO] - Unable to find the element located by 'By.xpath: //*[@id='overdrawnFunds[0]']'. Please recheck the objects properties to make sure the desired element is located. 

2020-09-08 11:40:28 - [MESSAGE][FAILED] - Unable to click on object 'Object Repository/FDR-Draw/RejectVocuherReceipts/overFundInput1' (Root cause: com.kms.katalon.core.exception.StepFailedException: Unable to click on object 'Object Repository/FDR-Draw/RejectVocuherReceipts/overFundInput1'
	at com.kms.katalon.core.webui.keyword.internal.WebUIKeywordMain.stepFailed(WebUIKeywordMain.groovy:64)
	at com.kms.katalon.core.webui.keyword.internal.WebUIKeywordMain.runKeyword(WebUIKeywordMain.groovy:26)
	at com.kms.katalon.core.webui.keyword.builtin.ClickKeyword.click(ClickKeyword.groovy:76)
	at com.kms.katalon.core.webui.keyword.builtin.ClickKeyword.execute(ClickKeyword.groovy:43)
	at com.kms.katalon.core.keyword.internal.KeywordExecutor.executeKeywordForPlatform(KeywordExecutor.groovy:73)
	at com.kms.katalon.core.webui.keyword.WebUiBuiltInKeywords.click(WebUiBuiltInKeywords.groovy:616)
	at com.kms.katalon.core.webui.keyword.WebUiBuiltInKeywords$click$6.call(Unknown Source)
	at FDR-Draw-Reject-Vouchers-Receipts.run(FDR-Draw-Reject-Vouchers-Receipts:88)
	at com.kms.katalon.core.main.ScriptEngine.run(ScriptEngine.java:194)
	at com.kms.katalon.core.main.ScriptEngine.runScriptAsRawText(ScriptEngine.java:119)
	at com.kms.katalon.core.main.TestCaseExecutor.runScript(TestCaseExecutor.java:339)
	at com.kms.katalon.core.main.TestCaseExecutor.doExecute(TestCaseExecutor.java:330)
	at com.kms.katalon.core.main.TestCaseExecutor.processExecutionPhase(TestCaseExecutor.java:309)
	at com.kms.katalon.core.main.TestCaseExecutor.accessMainPhase(TestCaseExecutor.java:301)
	at com.kms.katalon.core.main.TestCaseExecutor.execute(TestCaseExecutor.java:235)
	at com.kms.katalon.core.main.TestSuiteExecutor.accessTestCaseMainPhase(TestSuiteExecutor.java:191)
	at com.kms.katalon.core.main.TestSuiteExecutor.accessTestSuiteMainPhase(TestSuiteExecutor.java:141)
	at com.kms.katalon.core.main.TestSuiteExecutor.execute(TestSuiteExecutor.java:90)
	at com.kms.katalon.core.main.TestCaseMain.startTestSuite(TestCaseMain.java:157)
	at com.kms.katalon.core.main.TestCaseMain$startTestSuite$0.call(Unknown Source)
	at TempTestSuite1599589933195.run(TempTestSuite1599589933195.groovy:39)
Caused by: com.kms.katalon.core.webui.exception.WebElementNotFoundException: Web element with id: 'Object Repository/FDR-Draw/RejectVocuherReceipts/overFundInput1' located by '//*[@id='overdrawnFunds[0]']' not found
	at com.kms.katalon.core.webui.common.WebUiCommonHelper.findWebElement(WebUiCommonHelper.java:1368)
	at com.kms.katalon.core.webui.keyword.internal.WebUIAbstractKeyword.findWebElement(WebUIAbstractKeyword.groovy:27)
	at com.kms.katalon.core.webui.keyword.internal.WebUIAbstractKeyword.findWebElement(WebUIAbstractKeyword.groovy:26)
	at com.kms.katalon.core.webui.keyword.builtin.ClickKeyword$_click_closure1.doCall(ClickKeyword.groovy:67)
	at com.kms.katalon.core.webui.keyword.builtin.ClickKeyword$_click_closure1.call(ClickKeyword.groovy)
	at com.kms.katalon.core.webui.keyword.internal.WebUIKeywordMain.runKeyword(WebUIKeywordMain.groovy:20)
	at com.kms.katalon.core.webui.keyword.builtin.ClickKeyword.click(ClickKeyword.groovy:76)
	at com.kms.katalon.core.webui.keyword.builtin.ClickKeyword.execute(ClickKeyword.groovy:43)
	at com.kms.katalon.core.keyword.internal.KeywordExecutor.executeKeywordForPlatform(KeywordExecutor.groovy:73)
	at com.kms.katalon.core.webui.keyword.WebUiBuiltInKeywords.click(WebUiBuiltInKeywords.groovy:616)
	at com.kms.katalon.core.webui.keyword.WebUiBuiltInKeywords$click$6.call(Unknown Source)
	at Script1591634957380.run(Script1591634957380.groovy:88)
	... 13 more
)
[[ATTACHMENT|C:\\fdr-automation-develop_08_25_2020\\Reports\\20200908_113210\\Draw-Integration_Suite\\20200908_113213\\1599590427772.png]]

2020-09-08 11:40:28 - [TEST_STEP][PASSED] - waitForElementPresent(findTestObject("FDR-Draw/reconcileButton"), 2): Object 'Object Repository/FDR-Draw/reconcileButton' is not present after 2 second(s)

2020-09-08 11:40:31 - [MESSAGE][INFO] - Unable to find the element located by 'By.xpath: (//*[@data-id='button-link' ]//*[contains(text(),'Reconcile')])[1]'. Please recheck the objects properties to make sure the desired element is located. 

2020-09-08 11:40:31 - [MESSAGE][WARNING] - Object 'Object Repository/FDR-Draw/reconcileButton' is not present after 2 second(s)

2020-09-08 11:40:31 - [TEST_STEP][FAILED] - sendKeys(findTestObject("FDR-Draw/RejectVocuherReceipts/overFundInput1"), "Federal"): Unable to send keys 'Federal' to object 'Object Repository/FDR-Draw/RejectVocuherReceipts/overFundInput1' (Root cause: com.kms.katalon.core.exception.StepFailedException: Unable to send keys 'Federal' to object 'Object Repository/FDR-Draw/RejectVocuherReceipts/overFundInput1'
	at com.kms.katalon.core.webui.keyword.internal.WebUIKeywordMain.stepFailed(WebUIKeywordMain.groovy:64)
	at com.kms.katalon.core.webui.keyword.internal.WebUIKeywordMain.runKeyword(WebUIKeywordMain.groovy:26)
	at com.kms.katalon.core.webui.keyword.builtin.SendKeysKeyword.sendKeys(SendKeysKeyword.groovy:60)
	at com.kms.katalon.core.webui.keyword.builtin.SendKeysKeyword.execute(SendKeysKeyword.groovy:38)
	at com.kms.katalon.core.keyword.internal.KeywordExecutor.executeKeywordForPlatform(KeywordExecutor.groovy:73)
	at com.kms.katalon.core.webui.keyword.WebUiBuiltInKeywords.sendKeys(WebUiBuiltInKeywords.groovy:860)
	at com.kms.katalon.core.webui.keyword.WebUiBuiltInKeywords$sendKeys$8.call(Unknown Source)
	at FDR-Draw-Reject-Vouchers-Receipts.run(FDR-Draw-Reject-Vouchers-Receipts:92)
	at com.kms.katalon.core.main.ScriptEngine.run(ScriptEngine.java:194)
	at com.kms.katalon.core.main.ScriptEngine.runScriptAsRawText(ScriptEngine.java:119)
	at com.kms.katalon.core.main.TestCaseExecutor.runScript(TestCaseExecutor.java:339)
	at com.kms.katalon.core.main.TestCaseExecutor.doExecute(TestCaseExecutor.java:330)
	at com.kms.katalon.core.main.TestCaseExecutor.processExecutionPhase(TestCaseExecutor.java:309)
	at com.kms.katalon.core.main.TestCaseExecutor.accessMainPhase(TestCaseExecutor.java:301)
	at com.kms.katalon.core.main.TestCaseExecutor.execute(TestCaseExecutor.java:235)
	at com.kms.katalon.core.main.TestSuiteExecutor.accessTestCaseMainPhase(TestSuiteExecutor.java:191)
	at com.kms.katalon.core.main.TestSuiteExecutor.accessTestSuiteMainPhase(TestSuiteExecutor.java:141)
	at com.kms.katalon.core.main.TestSuiteExecutor.execute(TestSuiteExecutor.java:90)
	at com.kms.katalon.core.main.TestCaseMain.startTestSuite(TestCaseMain.java:157)
	at com.kms.katalon.core.main.TestCaseMain$startTestSuite$0.call(Unknown Source)
	at TempTestSuite1599589933195.run(TempTestSuite1599589933195.groovy:39)
Caused by: com.kms.katalon.core.webui.exception.WebElementNotFoundException: Web element with id: 'Object Repository/FDR-Draw/RejectVocuherReceipts/overFundInput1' located by '//*[@id='overdrawnFunds[0]']' not found
	at com.kms.katalon.core.webui.common.WebUiCommonHelper.findWebElement(WebUiCommonHelper.java:1368)
	at com.kms.katalon.core.webui.keyword.internal.WebUIAbstractKeyword.findWebElement(WebUIAbstractKeyword.groovy:27)
	at com.kms.katalon.core.webui.keyword.internal.WebUIAbstractKeyword.findWebElement(WebUIAbstractKeyword.groovy:26)
	at com.kms.katalon.core.webui.keyword.builtin.SendKeysKeyword$_sendKeys_closure1.doCall(SendKeysKeyword.groovy:52)
	at com.kms.katalon.core.webui.keyword.builtin.SendKeysKeyword$_sendKeys_closure1.call(SendKeysKeyword.groovy)
	at com.kms.katalon.core.webui.keyword.internal.WebUIKeywordMain.runKeyword(WebUIKeywordMain.groovy:20)
	at com.kms.katalon.core.webui.keyword.builtin.SendKeysKeyword.sendKeys(SendKeysKeyword.groovy:60)
	at com.kms.katalon.core.webui.keyword.builtin.SendKeysKeyword.execute(SendKeysKeyword.groovy:38)
	at com.kms.katalon.core.keyword.internal.KeywordExecutor.executeKeywordForPlatform(KeywordExecutor.groovy:73)
	at com.kms.katalon.core.webui.keyword.WebUiBuiltInKeywords.sendKeys(WebUiBuiltInKeywords.groovy:860)
	at com.kms.katalon.core.webui.keyword.WebUiBuiltInKeywords$sendKeys$8.call(Unknown Source)
	at Script1591634957380.run(Script1591634957380.groovy:92)
	... 13 more
)

2020-09-08 11:40:35 - [MESSAGE][INFO] - Unable to find the element located by 'By.xpath: //*[@id='overdrawnFunds[0]']'. Please recheck the objects properties to make sure the desired element is located. 

2020-09-08 11:40:35 - [MESSAGE][FAILED] - Unable to send keys 'Federal' to object 'Object Repository/FDR-Draw/RejectVocuherReceipts/overFundInput1' (Root cause: com.kms.katalon.core.exception.StepFailedException: Unable to send keys 'Federal' to object 'Object Repository/FDR-Draw/RejectVocuherReceipts/overFundInput1'
	at com.kms.katalon.core.webui.keyword.internal.WebUIKeywordMain.stepFailed(WebUIKeywordMain.groovy:64)
	at com.kms.katalon.core.webui.keyword.internal.WebUIKeywordMain.runKeyword(WebUIKeywordMain.groovy:26)
	at com.kms.katalon.core.webui.keyword.builtin.SendKeysKeyword.sendKeys(SendKeysKeyword.groovy:60)
	at com.kms.katalon.core.webui.keyword.builtin.SendKeysKeyword.execute(SendKeysKeyword.groovy:38)
	at com.kms.katalon.core.keyword.internal.KeywordExecutor.executeKeywordForPlatform(KeywordExecutor.groovy:73)
	at com.kms.katalon.core.webui.keyword.WebUiBuiltInKeywords.sendKeys(WebUiBuiltInKeywords.groovy:860)
	at com.kms.katalon.core.webui.keyword.WebUiBuiltInKeywords$sendKeys$8.call(Unknown Source)
	at FDR-Draw-Reject-Vouchers-Receipts.run(FDR-Draw-Reject-Vouchers-Receipts:92)
	at com.kms.katalon.core.main.ScriptEngine.run(ScriptEngine.java:194)
	at com.kms.katalon.core.main.ScriptEngine.runScriptAsRawText(ScriptEngine.java:119)
	at com.kms.katalon.core.main.TestCaseExecutor.runScript(TestCaseExecutor.java:339)
	at com.kms.katalon.core.main.TestCaseExecutor.doExecute(TestCaseExecutor.java:330)
	at com.kms.katalon.core.main.TestCaseExecutor.processExecutionPhase(TestCaseExecutor.java:309)
	at com.kms.katalon.core.main.TestCaseExecutor.accessMainPhase(TestCaseExecutor.java:301)
	at com.kms.katalon.core.main.TestCaseExecutor.execute(TestCaseExecutor.java:235)
	at com.kms.katalon.core.main.TestSuiteExecutor.accessTestCaseMainPhase(TestSuiteExecutor.java:191)
	at com.kms.katalon.core.main.TestSuiteExecutor.accessTestSuiteMainPhase(TestSuiteExecutor.java:141)
	at com.kms.katalon.core.main.TestSuiteExecutor.execute(TestSuiteExecutor.java:90)
	at com.kms.katalon.core.main.TestCaseMain.startTestSuite(TestCaseMain.java:157)
	at com.kms.katalon.core.main.TestCaseMain$startTestSuite$0.call(Unknown Source)
	at TempTestSuite1599589933195.run(TempTestSuite1599589933195.groovy:39)
Caused by: com.kms.katalon.core.webui.exception.WebElementNotFoundException: Web element with id: 'Object Repository/FDR-Draw/RejectVocuherReceipts/overFundInput1' located by '//*[@id='overdrawnFunds[0]']' not found
	at com.kms.katalon.core.webui.common.WebUiCommonHelper.findWebElement(WebUiCommonHelper.java:1368)
	at com.kms.katalon.core.webui.keyword.internal.WebUIAbstractKeyword.findWebElement(WebUIAbstractKeyword.groovy:27)
	at com.kms.katalon.core.webui.keyword.internal.WebUIAbstractKeyword.findWebElement(WebUIAbstractKeyword.groovy:26)
	at com.kms.katalon.core.webui.keyword.builtin.SendKeysKeyword$_sendKeys_closure1.doCall(SendKeysKeyword.groovy:52)
	at com.kms.katalon.core.webui.keyword.builtin.SendKeysKeyword$_sendKeys_closure1.call(SendKeysKeyword.groovy)
	at com.kms.katalon.core.webui.keyword.internal.WebUIKeywordMain.runKeyword(WebUIKeywordMain.groovy:20)
	at com.kms.katalon.core.webui.keyword.builtin.SendKeysKeyword.sendKeys(SendKeysKeyword.groovy:60)
	at com.kms.katalon.core.webui.keyword.builtin.SendKeysKeyword.execute(SendKeysKeyword.groovy:38)
	at com.kms.katalon.core.keyword.internal.KeywordExecutor.executeKeywordForPlatform(KeywordExecutor.groovy:73)
	at com.kms.katalon.core.webui.keyword.WebUiBuiltInKeywords.sendKeys(WebUiBuiltInKeywords.groovy:860)
	at com.kms.katalon.core.webui.keyword.WebUiBuiltInKeywords$sendKeys$8.call(Unknown Source)
	at Script1591634957380.run(Script1591634957380.groovy:92)
	... 13 more
)
[[ATTACHMENT|C:\\fdr-automation-develop_08_25_2020\\Reports\\20200908_113210\\Draw-Integration_Suite\\20200908_113213\\1599590435540.png]]

2020-09-08 11:40:35 - [TEST_STEP][PASSED] - waitForElementPresent(findTestObject("FDR-Draw/reconcileButton"), 2): Object 'Object Repository/FDR-Draw/reconcileButton' is not present after 2 second(s)

2020-09-08 11:40:39 - [MESSAGE][INFO] - Unable to find the element located by 'By.xpath: (//*[@data-id='button-link' ]//*[contains(text(),'Reconcile')])[1]'. Please recheck the objects properties to make sure the desired element is located. 

2020-09-08 11:40:39 - [MESSAGE][WARNING] - Object 'Object Repository/FDR-Draw/reconcileButton' is not present after 2 second(s)

2020-09-08 11:40:39 - [TEST_STEP][FAILED] - sendKeys(findTestObject("FDR-Draw/RejectVocuherReceipts/overFundInput1"), Keys.chord(UP, ENTER)): Unable to send keys '' to object 'Object Repository/FDR-Draw/RejectVocuherReceipts/overFundInput1' (Root cause: com.kms.katalon.core.exception.StepFailedException: Unable to send keys '' to object 'Object Repository/FDR-Draw/RejectVocuherReceipts/overFundInput1'
	at com.kms.katalon.core.webui.keyword.internal.WebUIKeywordMain.stepFailed(WebUIKeywordMain.groovy:64)
	at com.kms.katalon.core.webui.keyword.internal.WebUIKeywordMain.runKeyword(WebUIKeywordMain.groovy:26)
	at com.kms.katalon.core.webui.keyword.builtin.SendKeysKeyword.sendKeys(SendKeysKeyword.groovy:60)
	at com.kms.katalon.core.webui.keyword.builtin.SendKeysKeyword.execute(SendKeysKeyword.groovy:38)
	at com.kms.katalon.core.keyword.internal.KeywordExecutor.executeKeywordForPlatform(KeywordExecutor.groovy:73)
	at com.kms.katalon.core.webui.keyword.WebUiBuiltInKeywords.sendKeys(WebUiBuiltInKeywords.groovy:860)
	at com.kms.katalon.core.webui.keyword.WebUiBuiltInKeywords$sendKeys$8.call(Unknown Source)
	at FDR-Draw-Reject-Vouchers-Receipts.run(FDR-Draw-Reject-Vouchers-Receipts:96)
	at com.kms.katalon.core.main.ScriptEngine.run(ScriptEngine.java:194)
	at com.kms.katalon.core.main.ScriptEngine.runScriptAsRawText(ScriptEngine.java:119)
	at com.kms.katalon.core.main.TestCaseExecutor.runScript(TestCaseExecutor.java:339)
	at com.kms.katalon.core.main.TestCaseExecutor.doExecute(TestCaseExecutor.java:330)
	at com.kms.katalon.core.main.TestCaseExecutor.processExecutionPhase(TestCaseExecutor.java:309)
	at com.kms.katalon.core.main.TestCaseExecutor.accessMainPhase(TestCaseExecutor.java:301)
	at com.kms.katalon.core.main.TestCaseExecutor.execute(TestCaseExecutor.java:235)
	at com.kms.katalon.core.main.TestSuiteExecutor.accessTestCaseMainPhase(TestSuiteExecutor.java:191)
	at com.kms.katalon.core.main.TestSuiteExecutor.accessTestSuiteMainPhase(TestSuiteExecutor.java:141)
	at com.kms.katalon.core.main.TestSuiteExecutor.execute(TestSuiteExecutor.java:90)
	at com.kms.katalon.core.main.TestCaseMain.startTestSuite(TestCaseMain.java:157)
	at com.kms.katalon.core.main.TestCaseMain$startTestSuite$0.call(Unknown Source)
	at TempTestSuite1599589933195.run(TempTestSuite1599589933195.groovy:39)
Caused by: com.kms.katalon.core.webui.exception.WebElementNotFoundException: Web element with id: 'Object Repository/FDR-Draw/RejectVocuherReceipts/overFundInput1' located by '//*[@id='overdrawnFunds[0]']' not found
	at com.kms.katalon.core.webui.common.WebUiCommonHelper.findWebElement(WebUiCommonHelper.java:1368)
	at com.kms.katalon.core.webui.keyword.internal.WebUIAbstractKeyword.findWebElement(WebUIAbstractKeyword.groovy:27)
	at com.kms.katalon.core.webui.keyword.internal.WebUIAbstractKeyword.findWebElement(WebUIAbstractKeyword.groovy:26)
	at com.kms.katalon.core.webui.keyword.builtin.SendKeysKeyword$_sendKeys_closure1.doCall(SendKeysKeyword.groovy:52)
	at com.kms.katalon.core.webui.keyword.builtin.SendKeysKeyword$_sendKeys_closure1.call(SendKeysKeyword.groovy)
	at com.kms.katalon.core.webui.keyword.internal.WebUIKeywordMain.runKeyword(WebUIKeywordMain.groovy:20)
	at com.kms.katalon.core.webui.keyword.builtin.SendKeysKeyword.sendKeys(SendKeysKeyword.groovy:60)
	at com.kms.katalon.core.webui.keyword.builtin.SendKeysKeyword.execute(SendKeysKeyword.groovy:38)
	at com.kms.katalon.core.keyword.internal.KeywordExecutor.executeKeywordForPlatform(KeywordExecutor.groovy:73)
	at com.kms.katalon.core.webui.keyword.WebUiBuiltInKeywords.sendKeys(WebUiBuiltInKeywords.groovy:860)
	at com.kms.katalon.core.webui.keyword.WebUiBuiltInKeywords$sendKeys$8.call(Unknown Source)
	at Script1591634957380.run(Script1591634957380.groovy:96)
	... 13 more
)

2020-09-08 11:40:43 - [MESSAGE][INFO] - Unable to find the element located by 'By.xpath: //*[@id='overdrawnFunds[0]']'. Please recheck the objects properties to make sure the desired element is located. 

2020-09-08 11:40:43 - [MESSAGE][FAILED] - Unable to send keys '' to object 'Object Repository/FDR-Draw/RejectVocuherReceipts/overFundInput1' (Root cause: com.kms.katalon.core.exception.StepFailedException: Unable to send keys '' to object 'Object Repository/FDR-Draw/RejectVocuherReceipts/overFundInput1'
	at com.kms.katalon.core.webui.keyword.internal.WebUIKeywordMain.stepFailed(WebUIKeywordMain.groovy:64)
	at com.kms.katalon.core.webui.keyword.internal.WebUIKeywordMain.runKeyword(WebUIKeywordMain.groovy:26)
	at com.kms.katalon.core.webui.keyword.builtin.SendKeysKeyword.sendKeys(SendKeysKeyword.groovy:60)
	at com.kms.katalon.core.webui.keyword.builtin.SendKeysKeyword.execute(SendKeysKeyword.groovy:38)
	at com.kms.katalon.core.keyword.internal.KeywordExecutor.executeKeywordForPlatform(KeywordExecutor.groovy:73)
	at com.kms.katalon.core.webui.keyword.WebUiBuiltInKeywords.sendKeys(WebUiBuiltInKeywords.groovy:860)
	at com.kms.katalon.core.webui.keyword.WebUiBuiltInKeywords$sendKeys$8.call(Unknown Source)
	at FDR-Draw-Reject-Vouchers-Receipts.run(FDR-Draw-Reject-Vouchers-Receipts:96)
	at com.kms.katalon.core.main.ScriptEngine.run(ScriptEngine.java:194)
	at com.kms.katalon.core.main.ScriptEngine.runScriptAsRawText(ScriptEngine.java:119)
	at com.kms.katalon.core.main.TestCaseExecutor.runScript(TestCaseExecutor.java:339)
	at com.kms.katalon.core.main.TestCaseExecutor.doExecute(TestCaseExecutor.java:330)
	at com.kms.katalon.core.main.TestCaseExecutor.processExecutionPhase(TestCaseExecutor.java:309)
	at com.kms.katalon.core.main.TestCaseExecutor.accessMainPhase(TestCaseExecutor.java:301)
	at com.kms.katalon.core.main.TestCaseExecutor.execute(TestCaseExecutor.java:235)
	at com.kms.katalon.core.main.TestSuiteExecutor.accessTestCaseMainPhase(TestSuiteExecutor.java:191)
	at com.kms.katalon.core.main.TestSuiteExecutor.accessTestSuiteMainPhase(TestSuiteExecutor.java:141)
	at com.kms.katalon.core.main.TestSuiteExecutor.execute(TestSuiteExecutor.java:90)
	at com.kms.katalon.core.main.TestCaseMain.startTestSuite(TestCaseMain.java:157)
	at com.kms.katalon.core.main.TestCaseMain$startTestSuite$0.call(Unknown Source)
	at TempTestSuite1599589933195.run(TempTestSuite1599589933195.groovy:39)
Caused by: com.kms.katalon.core.webui.exception.WebElementNotFoundException: Web element with id: 'Object Repository/FDR-Draw/RejectVocuherReceipts/overFundInput1' located by '//*[@id='overdrawnFunds[0]']' not found
	at com.kms.katalon.core.webui.common.WebUiCommonHelper.findWebElement(WebUiCommonHelper.java:1368)
	at com.kms.katalon.core.webui.keyword.internal.WebUIAbstractKeyword.findWebElement(WebUIAbstractKeyword.groovy:27)
	at com.kms.katalon.core.webui.keyword.internal.WebUIAbstractKeyword.findWebElement(WebUIAbstractKeyword.groovy:26)
	at com.kms.katalon.core.webui.keyword.builtin.SendKeysKeyword$_sendKeys_closure1.doCall(SendKeysKeyword.groovy:52)
	at com.kms.katalon.core.webui.keyword.builtin.SendKeysKeyword$_sendKeys_closure1.call(SendKeysKeyword.groovy)
	at com.kms.katalon.core.webui.keyword.internal.WebUIKeywordMain.runKeyword(WebUIKeywordMain.groovy:20)
	at com.kms.katalon.core.webui.keyword.builtin.SendKeysKeyword.sendKeys(SendKeysKeyword.groovy:60)
	at com.kms.katalon.core.webui.keyword.builtin.SendKeysKeyword.execute(SendKeysKeyword.groovy:38)
	at com.kms.katalon.core.keyword.internal.KeywordExecutor.executeKeywordForPlatform(KeywordExecutor.groovy:73)
	at com.kms.katalon.core.webui.keyword.WebUiBuiltInKeywords.sendKeys(WebUiBuiltInKeywords.groovy:860)
	at com.kms.katalon.core.webui.keyword.WebUiBuiltInKeywords$sendKeys$8.call(Unknown Source)
	at Script1591634957380.run(Script1591634957380.groovy:96)
	... 13 more
)
[[ATTACHMENT|C:\\fdr-automation-develop_08_25_2020\\Reports\\20200908_113210\\Draw-Integration_Suite\\20200908_113213\\1599590443383.png]]

2020-09-08 11:40:43 - [TEST_STEP][PASSED] - waitForElementPresent(findTestObject("FDR-Draw/reconcileButton"), 2): Object 'Object Repository/FDR-Draw/reconcileButton' is not present after 2 second(s)

2020-09-08 11:40:46 - [MESSAGE][INFO] - Unable to find the element located by 'By.xpath: (//*[@data-id='button-link' ]//*[contains(text(),'Reconcile')])[1]'. Please recheck the objects properties to make sure the desired element is located. 

2020-09-08 11:40:46 - [MESSAGE][WARNING] - Object 'Object Repository/FDR-Draw/reconcileButton' is not present after 2 second(s)

2020-09-08 11:40:46 - [TEST_STEP][FAILED] - click(findTestObject("FDR-Draw/RejectVocuherReceipts/addFundButton")): Unable to click on object 'Object Repository/FDR-Draw/RejectVocuherReceipts/addFundButton' (Root cause: com.kms.katalon.core.exception.StepFailedException: Unable to click on object 'Object Repository/FDR-Draw/RejectVocuherReceipts/addFundButton'
	at com.kms.katalon.core.webui.keyword.internal.WebUIKeywordMain.stepFailed(WebUIKeywordMain.groovy:64)
	at com.kms.katalon.core.webui.keyword.internal.WebUIKeywordMain.runKeyword(WebUIKeywordMain.groovy:26)
	at com.kms.katalon.core.webui.keyword.builtin.ClickKeyword.click(ClickKeyword.groovy:76)
	at com.kms.katalon.core.webui.keyword.builtin.ClickKeyword.execute(ClickKeyword.groovy:43)
	at com.kms.katalon.core.keyword.internal.KeywordExecutor.executeKeywordForPlatform(KeywordExecutor.groovy:73)
	at com.kms.katalon.core.webui.keyword.WebUiBuiltInKeywords.click(WebUiBuiltInKeywords.groovy:616)
	at com.kms.katalon.core.webui.keyword.WebUiBuiltInKeywords$click$6.call(Unknown Source)
	at FDR-Draw-Reject-Vouchers-Receipts.run(FDR-Draw-Reject-Vouchers-Receipts:100)
	at com.kms.katalon.core.main.ScriptEngine.run(ScriptEngine.java:194)
	at com.kms.katalon.core.main.ScriptEngine.runScriptAsRawText(ScriptEngine.java:119)
	at com.kms.katalon.core.main.TestCaseExecutor.runScript(TestCaseExecutor.java:339)
	at com.kms.katalon.core.main.TestCaseExecutor.doExecute(TestCaseExecutor.java:330)
	at com.kms.katalon.core.main.TestCaseExecutor.processExecutionPhase(TestCaseExecutor.java:309)
	at com.kms.katalon.core.main.TestCaseExecutor.accessMainPhase(TestCaseExecutor.java:301)
	at com.kms.katalon.core.main.TestCaseExecutor.execute(TestCaseExecutor.java:235)
	at com.kms.katalon.core.main.TestSuiteExecutor.accessTestCaseMainPhase(TestSuiteExecutor.java:191)
	at com.kms.katalon.core.main.TestSuiteExecutor.accessTestSuiteMainPhase(TestSuiteExecutor.java:141)
	at com.kms.katalon.core.main.TestSuiteExecutor.execute(TestSuiteExecutor.java:90)
	at com.kms.katalon.core.main.TestCaseMain.startTestSuite(TestCaseMain.java:157)
	at com.kms.katalon.core.main.TestCaseMain$startTestSuite$0.call(Unknown Source)
	at TempTestSuite1599589933195.run(TempTestSuite1599589933195.groovy:39)
Caused by: com.kms.katalon.core.webui.exception.WebElementNotFoundException: Web element with id: 'Object Repository/FDR-Draw/RejectVocuherReceipts/addFundButton' located by '//button[@type='button' and contains(., 'Add Fund')]' not found
	at com.kms.katalon.core.webui.common.WebUiCommonHelper.findWebElement(WebUiCommonHelper.java:1368)
	at com.kms.katalon.core.webui.keyword.internal.WebUIAbstractKeyword.findWebElement(WebUIAbstractKeyword.groovy:27)
	at com.kms.katalon.core.webui.keyword.internal.WebUIAbstractKeyword.findWebElement(WebUIAbstractKeyword.groovy:26)
	at com.kms.katalon.core.webui.keyword.builtin.ClickKeyword$_click_closure1.doCall(ClickKeyword.groovy:67)
	at com.kms.katalon.core.webui.keyword.builtin.ClickKeyword$_click_closure1.call(ClickKeyword.groovy)
	at com.kms.katalon.core.webui.keyword.internal.WebUIKeywordMain.runKeyword(WebUIKeywordMain.groovy:20)
	at com.kms.katalon.core.webui.keyword.builtin.ClickKeyword.click(ClickKeyword.groovy:76)
	at com.kms.katalon.core.webui.keyword.builtin.ClickKeyword.execute(ClickKeyword.groovy:43)
	at com.kms.katalon.core.keyword.internal.KeywordExecutor.executeKeywordForPlatform(KeywordExecutor.groovy:73)
	at com.kms.katalon.core.webui.keyword.WebUiBuiltInKeywords.click(WebUiBuiltInKeywords.groovy:616)
	at com.kms.katalon.core.webui.keyword.WebUiBuiltInKeywords$click$6.call(Unknown Source)
	at Script1591634957380.run(Script1591634957380.groovy:100)
	... 13 more
)

2020-09-08 11:40:50 - [MESSAGE][INFO] - Unable to find the element located by 'By.xpath: //button[@type='button' and contains(., 'Add Fund')]'. Please recheck the objects properties to make sure the desired element is located. 

2020-09-08 11:40:51 - [MESSAGE][FAILED] - Unable to click on object 'Object Repository/FDR-Draw/RejectVocuherReceipts/addFundButton' (Root cause: com.kms.katalon.core.exception.StepFailedException: Unable to click on object 'Object Repository/FDR-Draw/RejectVocuherReceipts/addFundButton'
	at com.kms.katalon.core.webui.keyword.internal.WebUIKeywordMain.stepFailed(WebUIKeywordMain.groovy:64)
	at com.kms.katalon.core.webui.keyword.internal.WebUIKeywordMain.runKeyword(WebUIKeywordMain.groovy:26)
	at com.kms.katalon.core.webui.keyword.builtin.ClickKeyword.click(ClickKeyword.groovy:76)
	at com.kms.katalon.core.webui.keyword.builtin.ClickKeyword.execute(ClickKeyword.groovy:43)
	at com.kms.katalon.core.keyword.internal.KeywordExecutor.executeKeywordForPlatform(KeywordExecutor.groovy:73)
	at com.kms.katalon.core.webui.keyword.WebUiBuiltInKeywords.click(WebUiBuiltInKeywords.groovy:616)
	at com.kms.katalon.core.webui.keyword.WebUiBuiltInKeywords$click$6.call(Unknown Source)
	at FDR-Draw-Reject-Vouchers-Receipts.run(FDR-Draw-Reject-Vouchers-Receipts:100)
	at com.kms.katalon.core.main.ScriptEngine.run(ScriptEngine.java:194)
	at com.kms.katalon.core.main.ScriptEngine.runScriptAsRawText(ScriptEngine.java:119)
	at com.kms.katalon.core.main.TestCaseExecutor.runScript(TestCaseExecutor.java:339)
	at com.kms.katalon.core.main.TestCaseExecutor.doExecute(TestCaseExecutor.java:330)
	at com.kms.katalon.core.main.TestCaseExecutor.processExecutionPhase(TestCaseExecutor.java:309)
	at com.kms.katalon.core.main.TestCaseExecutor.accessMainPhase(TestCaseExecutor.java:301)
	at com.kms.katalon.core.main.TestCaseExecutor.execute(TestCaseExecutor.java:235)
	at com.kms.katalon.core.main.TestSuiteExecutor.accessTestCaseMainPhase(TestSuiteExecutor.java:191)
	at com.kms.katalon.core.main.TestSuiteExecutor.accessTestSuiteMainPhase(TestSuiteExecutor.java:141)
	at com.kms.katalon.core.main.TestSuiteExecutor.execute(TestSuiteExecutor.java:90)
	at com.kms.katalon.core.main.TestCaseMain.startTestSuite(TestCaseMain.java:157)
	at com.kms.katalon.core.main.TestCaseMain$startTestSuite$0.call(Unknown Source)
	at TempTestSuite1599589933195.run(TempTestSuite1599589933195.groovy:39)
Caused by: com.kms.katalon.core.webui.exception.WebElementNotFoundException: Web element with id: 'Object Repository/FDR-Draw/RejectVocuherReceipts/addFundButton' located by '//button[@type='button' and contains(., 'Add Fund')]' not found
	at com.kms.katalon.core.webui.common.WebUiCommonHelper.findWebElement(WebUiCommonHelper.java:1368)
	at com.kms.katalon.core.webui.keyword.internal.WebUIAbstractKeyword.findWebElement(WebUIAbstractKeyword.groovy:27)
	at com.kms.katalon.core.webui.keyword.internal.WebUIAbstractKeyword.findWebElement(WebUIAbstractKeyword.groovy:26)
	at com.kms.katalon.core.webui.keyword.builtin.ClickKeyword$_click_closure1.doCall(ClickKeyword.groovy:67)
	at com.kms.katalon.core.webui.keyword.builtin.ClickKeyword$_click_closure1.call(ClickKeyword.groovy)
	at com.kms.katalon.core.webui.keyword.internal.WebUIKeywordMain.runKeyword(WebUIKeywordMain.groovy:20)
	at com.kms.katalon.core.webui.keyword.builtin.ClickKeyword.click(ClickKeyword.groovy:76)
	at com.kms.katalon.core.webui.keyword.builtin.ClickKeyword.execute(ClickKeyword.groovy:43)
	at com.kms.katalon.core.keyword.internal.KeywordExecutor.executeKeywordForPlatform(KeywordExecutor.groovy:73)
	at com.kms.katalon.core.webui.keyword.WebUiBuiltInKeywords.click(WebUiBuiltInKeywords.groovy:616)
	at com.kms.katalon.core.webui.keyword.WebUiBuiltInKeywords$click$6.call(Unknown Source)
	at Script1591634957380.run(Script1591634957380.groovy:100)
	... 13 more
)
[[ATTACHMENT|C:\\fdr-automation-develop_08_25_2020\\Reports\\20200908_113210\\Draw-Integration_Suite\\20200908_113213\\1599590450975.png]]

2020-09-08 11:40:51 - [TEST_STEP][PASSED] - waitForElementPresent(findTestObject("FDR-Draw/reconcileButton"), 4): Object 'Object Repository/FDR-Draw/reconcileButton' is not present after 4 second(s)

2020-09-08 11:40:56 - [MESSAGE][INFO] - Unable to find the element located by 'By.xpath: (//*[@data-id='button-link' ]//*[contains(text(),'Reconcile')])[1]'. Please recheck the objects properties to make sure the desired element is located. 

2020-09-08 11:40:56 - [MESSAGE][WARNING] - Object 'Object Repository/FDR-Draw/reconcileButton' is not present after 4 second(s)

2020-09-08 11:40:56 - [TEST_STEP][FAILED] - click(findTestObject("FDR-Draw/RejectVocuherReceipts/overFundInput2")): Unable to click on object 'Object Repository/FDR-Draw/RejectVocuherReceipts/overFundInput2' (Root cause: com.kms.katalon.core.exception.StepFailedException: Unable to click on object 'Object Repository/FDR-Draw/RejectVocuherReceipts/overFundInput2'
	at com.kms.katalon.core.webui.keyword.internal.WebUIKeywordMain.stepFailed(WebUIKeywordMain.groovy:64)
	at com.kms.katalon.core.webui.keyword.internal.WebUIKeywordMain.runKeyword(WebUIKeywordMain.groovy:26)
	at com.kms.katalon.core.webui.keyword.builtin.ClickKeyword.click(ClickKeyword.groovy:76)
	at com.kms.katalon.core.webui.keyword.builtin.ClickKeyword.execute(ClickKeyword.groovy:43)
	at com.kms.katalon.core.keyword.internal.KeywordExecutor.executeKeywordForPlatform(KeywordExecutor.groovy:73)
	at com.kms.katalon.core.webui.keyword.WebUiBuiltInKeywords.click(WebUiBuiltInKeywords.groovy:616)
	at com.kms.katalon.core.webui.keyword.WebUiBuiltInKeywords$click$6.call(Unknown Source)
	at FDR-Draw-Reject-Vouchers-Receipts.run(FDR-Draw-Reject-Vouchers-Receipts:104)
	at com.kms.katalon.core.main.ScriptEngine.run(ScriptEngine.java:194)
	at com.kms.katalon.core.main.ScriptEngine.runScriptAsRawText(ScriptEngine.java:119)
	at com.kms.katalon.core.main.TestCaseExecutor.runScript(TestCaseExecutor.java:339)
	at com.kms.katalon.core.main.TestCaseExecutor.doExecute(TestCaseExecutor.java:330)
	at com.kms.katalon.core.main.TestCaseExecutor.processExecutionPhase(TestCaseExecutor.java:309)
	at com.kms.katalon.core.main.TestCaseExecutor.accessMainPhase(TestCaseExecutor.java:301)
	at com.kms.katalon.core.main.TestCaseExecutor.execute(TestCaseExecutor.java:235)
	at com.kms.katalon.core.main.TestSuiteExecutor.accessTestCaseMainPhase(TestSuiteExecutor.java:191)
	at com.kms.katalon.core.main.TestSuiteExecutor.accessTestSuiteMainPhase(TestSuiteExecutor.java:141)
	at com.kms.katalon.core.main.TestSuiteExecutor.execute(TestSuiteExecutor.java:90)
	at com.kms.katalon.core.main.TestCaseMain.startTestSuite(TestCaseMain.java:157)
	at com.kms.katalon.core.main.TestCaseMain$startTestSuite$0.call(Unknown Source)
	at TempTestSuite1599589933195.run(TempTestSuite1599589933195.groovy:39)
Caused by: com.kms.katalon.core.webui.exception.WebElementNotFoundException: Web element with id: 'Object Repository/FDR-Draw/RejectVocuherReceipts/overFundInput2' located by '//*[@id='overdrawnFunds[1]']' not found
	at com.kms.katalon.core.webui.common.WebUiCommonHelper.findWebElement(WebUiCommonHelper.java:1368)
	at com.kms.katalon.core.webui.keyword.internal.WebUIAbstractKeyword.findWebElement(WebUIAbstractKeyword.groovy:27)
	at com.kms.katalon.core.webui.keyword.internal.WebUIAbstractKeyword.findWebElement(WebUIAbstractKeyword.groovy:26)
	at com.kms.katalon.core.webui.keyword.builtin.ClickKeyword$_click_closure1.doCall(ClickKeyword.groovy:67)
	at com.kms.katalon.core.webui.keyword.builtin.ClickKeyword$_click_closure1.call(ClickKeyword.groovy)
	at com.kms.katalon.core.webui.keyword.internal.WebUIKeywordMain.runKeyword(WebUIKeywordMain.groovy:20)
	at com.kms.katalon.core.webui.keyword.builtin.ClickKeyword.click(ClickKeyword.groovy:76)
	at com.kms.katalon.core.webui.keyword.builtin.ClickKeyword.execute(ClickKeyword.groovy:43)
	at com.kms.katalon.core.keyword.internal.KeywordExecutor.executeKeywordForPlatform(KeywordExecutor.groovy:73)
	at com.kms.katalon.core.webui.keyword.WebUiBuiltInKeywords.click(WebUiBuiltInKeywords.groovy:616)
	at com.kms.katalon.core.webui.keyword.WebUiBuiltInKeywords$click$6.call(Unknown Source)
	at Script1591634957380.run(Script1591634957380.groovy:104)
	... 13 more
)

2020-09-08 11:41:00 - [MESSAGE][INFO] - Unable to find the element located by 'By.xpath: //*[@id='overdrawnFunds[1]']'. Please recheck the objects properties to make sure the desired element is located. 

2020-09-08 11:41:01 - [MESSAGE][FAILED] - Unable to click on object 'Object Repository/FDR-Draw/RejectVocuherReceipts/overFundInput2' (Root cause: com.kms.katalon.core.exception.StepFailedException: Unable to click on object 'Object Repository/FDR-Draw/RejectVocuherReceipts/overFundInput2'
	at com.kms.katalon.core.webui.keyword.internal.WebUIKeywordMain.stepFailed(WebUIKeywordMain.groovy:64)
	at com.kms.katalon.core.webui.keyword.internal.WebUIKeywordMain.runKeyword(WebUIKeywordMain.groovy:26)
	at com.kms.katalon.core.webui.keyword.builtin.ClickKeyword.click(ClickKeyword.groovy:76)
	at com.kms.katalon.core.webui.keyword.builtin.ClickKeyword.execute(ClickKeyword.groovy:43)
	at com.kms.katalon.core.keyword.internal.KeywordExecutor.executeKeywordForPlatform(KeywordExecutor.groovy:73)
	at com.kms.katalon.core.webui.keyword.WebUiBuiltInKeywords.click(WebUiBuiltInKeywords.groovy:616)
	at com.kms.katalon.core.webui.keyword.WebUiBuiltInKeywords$click$6.call(Unknown Source)
	at FDR-Draw-Reject-Vouchers-Receipts.run(FDR-Draw-Reject-Vouchers-Receipts:104)
	at com.kms.katalon.core.main.ScriptEngine.run(ScriptEngine.java:194)
	at com.kms.katalon.core.main.ScriptEngine.runScriptAsRawText(ScriptEngine.java:119)
	at com.kms.katalon.core.main.TestCaseExecutor.runScript(TestCaseExecutor.java:339)
	at com.kms.katalon.core.main.TestCaseExecutor.doExecute(TestCaseExecutor.java:330)
	at com.kms.katalon.core.main.TestCaseExecutor.processExecutionPhase(TestCaseExecutor.java:309)
	at com.kms.katalon.core.main.TestCaseExecutor.accessMainPhase(TestCaseExecutor.java:301)
	at com.kms.katalon.core.main.TestCaseExecutor.execute(TestCaseExecutor.java:235)
	at com.kms.katalon.core.main.TestSuiteExecutor.accessTestCaseMainPhase(TestSuiteExecutor.java:191)
	at com.kms.katalon.core.main.TestSuiteExecutor.accessTestSuiteMainPhase(TestSuiteExecutor.java:141)
	at com.kms.katalon.core.main.TestSuiteExecutor.execute(TestSuiteExecutor.java:90)
	at com.kms.katalon.core.main.TestCaseMain.startTestSuite(TestCaseMain.java:157)
	at com.kms.katalon.core.main.TestCaseMain$startTestSuite$0.call(Unknown Source)
	at TempTestSuite1599589933195.run(TempTestSuite1599589933195.groovy:39)
Caused by: com.kms.katalon.core.webui.exception.WebElementNotFoundException: Web element with id: 'Object Repository/FDR-Draw/RejectVocuherReceipts/overFundInput2' located by '//*[@id='overdrawnFunds[1]']' not found
	at com.kms.katalon.core.webui.common.WebUiCommonHelper.findWebElement(WebUiCommonHelper.java:1368)
	at com.kms.katalon.core.webui.keyword.internal.WebUIAbstractKeyword.findWebElement(WebUIAbstractKeyword.groovy:27)
	at com.kms.katalon.core.webui.keyword.internal.WebUIAbstractKeyword.findWebElement(WebUIAbstractKeyword.groovy:26)
	at com.kms.katalon.core.webui.keyword.builtin.ClickKeyword$_click_closure1.doCall(ClickKeyword.groovy:67)
	at com.kms.katalon.core.webui.keyword.builtin.ClickKeyword$_click_closure1.call(ClickKeyword.groovy)
	at com.kms.katalon.core.webui.keyword.internal.WebUIKeywordMain.runKeyword(WebUIKeywordMain.groovy:20)
	at com.kms.katalon.core.webui.keyword.builtin.ClickKeyword.click(ClickKeyword.groovy:76)
	at com.kms.katalon.core.webui.keyword.builtin.ClickKeyword.execute(ClickKeyword.groovy:43)
	at com.kms.katalon.core.keyword.internal.KeywordExecutor.executeKeywordForPlatform(KeywordExecutor.groovy:73)
	at com.kms.katalon.core.webui.keyword.WebUiBuiltInKeywords.click(WebUiBuiltInKeywords.groovy:616)
	at com.kms.katalon.core.webui.keyword.WebUiBuiltInKeywords$click$6.call(Unknown Source)
	at Script1591634957380.run(Script1591634957380.groovy:104)
	... 13 more
)
[[ATTACHMENT|C:\\fdr-automation-develop_08_25_2020\\Reports\\20200908_113210\\Draw-Integration_Suite\\20200908_113213\\1599590460648.png]]

2020-09-08 11:41:01 - [TEST_STEP][PASSED] - waitForElementPresent(findTestObject("FDR-Draw/reconcileButton"), 4): Object 'Object Repository/FDR-Draw/reconcileButton' is not present after 4 second(s)

2020-09-08 11:41:06 - [MESSAGE][INFO] - Unable to find the element located by 'By.xpath: (//*[@data-id='button-link' ]//*[contains(text(),'Reconcile')])[1]'. Please recheck the objects properties to make sure the desired element is located. 

2020-09-08 11:41:06 - [MESSAGE][WARNING] - Object 'Object Repository/FDR-Draw/reconcileButton' is not present after 4 second(s)

2020-09-08 11:41:06 - [TEST_STEP][FAILED] - sendKeys(findTestObject("FDR-Draw/RejectVocuherReceipts/overFundInput2"), "Non-Federal"): Unable to send keys 'Non-Federal' to object 'Object Repository/FDR-Draw/RejectVocuherReceipts/overFundInput2' (Root cause: com.kms.katalon.core.exception.StepFailedException: Unable to send keys 'Non-Federal' to object 'Object Repository/FDR-Draw/RejectVocuherReceipts/overFundInput2'
	at com.kms.katalon.core.webui.keyword.internal.WebUIKeywordMain.stepFailed(WebUIKeywordMain.groovy:64)
	at com.kms.katalon.core.webui.keyword.internal.WebUIKeywordMain.runKeyword(WebUIKeywordMain.groovy:26)
	at com.kms.katalon.core.webui.keyword.builtin.SendKeysKeyword.sendKeys(SendKeysKeyword.groovy:60)
	at com.kms.katalon.core.webui.keyword.builtin.SendKeysKeyword.execute(SendKeysKeyword.groovy:38)
	at com.kms.katalon.core.keyword.internal.KeywordExecutor.executeKeywordForPlatform(KeywordExecutor.groovy:73)
	at com.kms.katalon.core.webui.keyword.WebUiBuiltInKeywords.sendKeys(WebUiBuiltInKeywords.groovy:860)
	at com.kms.katalon.core.webui.keyword.WebUiBuiltInKeywords$sendKeys$8.call(Unknown Source)
	at FDR-Draw-Reject-Vouchers-Receipts.run(FDR-Draw-Reject-Vouchers-Receipts:108)
	at com.kms.katalon.core.main.ScriptEngine.run(ScriptEngine.java:194)
	at com.kms.katalon.core.main.ScriptEngine.runScriptAsRawText(ScriptEngine.java:119)
	at com.kms.katalon.core.main.TestCaseExecutor.runScript(TestCaseExecutor.java:339)
	at com.kms.katalon.core.main.TestCaseExecutor.doExecute(TestCaseExecutor.java:330)
	at com.kms.katalon.core.main.TestCaseExecutor.processExecutionPhase(TestCaseExecutor.java:309)
	at com.kms.katalon.core.main.TestCaseExecutor.accessMainPhase(TestCaseExecutor.java:301)
	at com.kms.katalon.core.main.TestCaseExecutor.execute(TestCaseExecutor.java:235)
	at com.kms.katalon.core.main.TestSuiteExecutor.accessTestCaseMainPhase(TestSuiteExecutor.java:191)
	at com.kms.katalon.core.main.TestSuiteExecutor.accessTestSuiteMainPhase(TestSuiteExecutor.java:141)
	at com.kms.katalon.core.main.TestSuiteExecutor.execute(TestSuiteExecutor.java:90)
	at com.kms.katalon.core.main.TestCaseMain.startTestSuite(TestCaseMain.java:157)
	at com.kms.katalon.core.main.TestCaseMain$startTestSuite$0.call(Unknown Source)
	at TempTestSuite1599589933195.run(TempTestSuite1599589933195.groovy:39)
Caused by: com.kms.katalon.core.webui.exception.WebElementNotFoundException: Web element with id: 'Object Repository/FDR-Draw/RejectVocuherReceipts/overFundInput2' located by '//*[@id='overdrawnFunds[1]']' not found
	at com.kms.katalon.core.webui.common.WebUiCommonHelper.findWebElement(WebUiCommonHelper.java:1368)
	at com.kms.katalon.core.webui.keyword.internal.WebUIAbstractKeyword.findWebElement(WebUIAbstractKeyword.groovy:27)
	at com.kms.katalon.core.webui.keyword.internal.WebUIAbstractKeyword.findWebElement(WebUIAbstractKeyword.groovy:26)
	at com.kms.katalon.core.webui.keyword.builtin.SendKeysKeyword$_sendKeys_closure1.doCall(SendKeysKeyword.groovy:52)
	at com.kms.katalon.core.webui.keyword.builtin.SendKeysKeyword$_sendKeys_closure1.call(SendKeysKeyword.groovy)
	at com.kms.katalon.core.webui.keyword.internal.WebUIKeywordMain.runKeyword(WebUIKeywordMain.groovy:20)
	at com.kms.katalon.core.webui.keyword.builtin.SendKeysKeyword.sendKeys(SendKeysKeyword.groovy:60)
	at com.kms.katalon.core.webui.keyword.builtin.SendKeysKeyword.execute(SendKeysKeyword.groovy:38)
	at com.kms.katalon.core.keyword.internal.KeywordExecutor.executeKeywordForPlatform(KeywordExecutor.groovy:73)
	at com.kms.katalon.core.webui.keyword.WebUiBuiltInKeywords.sendKeys(WebUiBuiltInKeywords.groovy:860)
	at com.kms.katalon.core.webui.keyword.WebUiBuiltInKeywords$sendKeys$8.call(Unknown Source)
	at Script1591634957380.run(Script1591634957380.groovy:108)
	... 13 more
)

2020-09-08 11:41:11 - [MESSAGE][INFO] - Unable to find the element located by 'By.xpath: //*[@id='overdrawnFunds[1]']'. Please recheck the objects properties to make sure the desired element is located. 

2020-09-08 11:41:11 - [MESSAGE][FAILED] - Unable to send keys 'Non-Federal' to object 'Object Repository/FDR-Draw/RejectVocuherReceipts/overFundInput2' (Root cause: com.kms.katalon.core.exception.StepFailedException: Unable to send keys 'Non-Federal' to object 'Object Repository/FDR-Draw/RejectVocuherReceipts/overFundInput2'
	at com.kms.katalon.core.webui.keyword.internal.WebUIKeywordMain.stepFailed(WebUIKeywordMain.groovy:64)
	at com.kms.katalon.core.webui.keyword.internal.WebUIKeywordMain.runKeyword(WebUIKeywordMain.groovy:26)
	at com.kms.katalon.core.webui.keyword.builtin.SendKeysKeyword.sendKeys(SendKeysKeyword.groovy:60)
	at com.kms.katalon.core.webui.keyword.builtin.SendKeysKeyword.execute(SendKeysKeyword.groovy:38)
	at com.kms.katalon.core.keyword.internal.KeywordExecutor.executeKeywordForPlatform(KeywordExecutor.groovy:73)
	at com.kms.katalon.core.webui.keyword.WebUiBuiltInKeywords.sendKeys(WebUiBuiltInKeywords.groovy:860)
	at com.kms.katalon.core.webui.keyword.WebUiBuiltInKeywords$sendKeys$8.call(Unknown Source)
	at FDR-Draw-Reject-Vouchers-Receipts.run(FDR-Draw-Reject-Vouchers-Receipts:108)
	at com.kms.katalon.core.main.ScriptEngine.run(ScriptEngine.java:194)
	at com.kms.katalon.core.main.ScriptEngine.runScriptAsRawText(ScriptEngine.java:119)
	at com.kms.katalon.core.main.TestCaseExecutor.runScript(TestCaseExecutor.java:339)
	at com.kms.katalon.core.main.TestCaseExecutor.doExecute(TestCaseExecutor.java:330)
	at com.kms.katalon.core.main.TestCaseExecutor.processExecutionPhase(TestCaseExecutor.java:309)
	at com.kms.katalon.core.main.TestCaseExecutor.accessMainPhase(TestCaseExecutor.java:301)
	at com.kms.katalon.core.main.TestCaseExecutor.execute(TestCaseExecutor.java:235)
	at com.kms.katalon.core.main.TestSuiteExecutor.accessTestCaseMainPhase(TestSuiteExecutor.java:191)
	at com.kms.katalon.core.main.TestSuiteExecutor.accessTestSuiteMainPhase(TestSuiteExecutor.java:141)
	at com.kms.katalon.core.main.TestSuiteExecutor.execute(TestSuiteExecutor.java:90)
	at com.kms.katalon.core.main.TestCaseMain.startTestSuite(TestCaseMain.java:157)
	at com.kms.katalon.core.main.TestCaseMain$startTestSuite$0.call(Unknown Source)
	at TempTestSuite1599589933195.run(TempTestSuite1599589933195.groovy:39)
Caused by: com.kms.katalon.core.webui.exception.WebElementNotFoundException: Web element with id: 'Object Repository/FDR-Draw/RejectVocuherReceipts/overFundInput2' located by '//*[@id='overdrawnFunds[1]']' not found
	at com.kms.katalon.core.webui.common.WebUiCommonHelper.findWebElement(WebUiCommonHelper.java:1368)
	at com.kms.katalon.core.webui.keyword.internal.WebUIAbstractKeyword.findWebElement(WebUIAbstractKeyword.groovy:27)
	at com.kms.katalon.core.webui.keyword.internal.WebUIAbstractKeyword.findWebElement(WebUIAbstractKeyword.groovy:26)
	at com.kms.katalon.core.webui.keyword.builtin.SendKeysKeyword$_sendKeys_closure1.doCall(SendKeysKeyword.groovy:52)
	at com.kms.katalon.core.webui.keyword.builtin.SendKeysKeyword$_sendKeys_closure1.call(SendKeysKeyword.groovy)
	at com.kms.katalon.core.webui.keyword.internal.WebUIKeywordMain.runKeyword(WebUIKeywordMain.groovy:20)
	at com.kms.katalon.core.webui.keyword.builtin.SendKeysKeyword.sendKeys(SendKeysKeyword.groovy:60)
	at com.kms.katalon.core.webui.keyword.builtin.SendKeysKeyword.execute(SendKeysKeyword.groovy:38)
	at com.kms.katalon.core.keyword.internal.KeywordExecutor.executeKeywordForPlatform(KeywordExecutor.groovy:73)
	at com.kms.katalon.core.webui.keyword.WebUiBuiltInKeywords.sendKeys(WebUiBuiltInKeywords.groovy:860)
	at com.kms.katalon.core.webui.keyword.WebUiBuiltInKeywords$sendKeys$8.call(Unknown Source)
	at Script1591634957380.run(Script1591634957380.groovy:108)
	... 13 more
)
[[ATTACHMENT|C:\\fdr-automation-develop_08_25_2020\\Reports\\20200908_113210\\Draw-Integration_Suite\\20200908_113213\\1599590471155.png]]

2020-09-08 11:41:11 - [TEST_STEP][PASSED] - waitForElementPresent(findTestObject("FDR-Draw/reconcileButton"), 2): Object 'Object Repository/FDR-Draw/reconcileButton' is not present after 2 second(s)

2020-09-08 11:41:14 - [MESSAGE][INFO] - Unable to find the element located by 'By.xpath: (//*[@data-id='button-link' ]//*[contains(text(),'Reconcile')])[1]'. Please recheck the objects properties to make sure the desired element is located. 

2020-09-08 11:41:14 - [MESSAGE][WARNING] - Object 'Object Repository/FDR-Draw/reconcileButton' is not present after 2 second(s)

2020-09-08 11:41:14 - [TEST_STEP][FAILED] - sendKeys(findTestObject("FDR-Draw/RejectVocuherReceipts/overFundInput2"), Keys.chord(DOWN, ENTER)): Unable to send keys '' to object 'Object Repository/FDR-Draw/RejectVocuherReceipts/overFundInput2' (Root cause: com.kms.katalon.core.exception.StepFailedException: Unable to send keys '' to object 'Object Repository/FDR-Draw/RejectVocuherReceipts/overFundInput2'
	at com.kms.katalon.core.webui.keyword.internal.WebUIKeywordMain.stepFailed(WebUIKeywordMain.groovy:64)
	at com.kms.katalon.core.webui.keyword.internal.WebUIKeywordMain.runKeyword(WebUIKeywordMain.groovy:26)
	at com.kms.katalon.core.webui.keyword.builtin.SendKeysKeyword.sendKeys(SendKeysKeyword.groovy:60)
	at com.kms.katalon.core.webui.keyword.builtin.SendKeysKeyword.execute(SendKeysKeyword.groovy:38)
	at com.kms.katalon.core.keyword.internal.KeywordExecutor.executeKeywordForPlatform(KeywordExecutor.groovy:73)
	at com.kms.katalon.core.webui.keyword.WebUiBuiltInKeywords.sendKeys(WebUiBuiltInKeywords.groovy:860)
	at com.kms.katalon.core.webui.keyword.WebUiBuiltInKeywords$sendKeys$8.call(Unknown Source)
	at FDR-Draw-Reject-Vouchers-Receipts.run(FDR-Draw-Reject-Vouchers-Receipts:112)
	at com.kms.katalon.core.main.ScriptEngine.run(ScriptEngine.java:194)
	at com.kms.katalon.core.main.ScriptEngine.runScriptAsRawText(ScriptEngine.java:119)
	at com.kms.katalon.core.main.TestCaseExecutor.runScript(TestCaseExecutor.java:339)
	at com.kms.katalon.core.main.TestCaseExecutor.doExecute(TestCaseExecutor.java:330)
	at com.kms.katalon.core.main.TestCaseExecutor.processExecutionPhase(TestCaseExecutor.java:309)
	at com.kms.katalon.core.main.TestCaseExecutor.accessMainPhase(TestCaseExecutor.java:301)
	at com.kms.katalon.core.main.TestCaseExecutor.execute(TestCaseExecutor.java:235)
	at com.kms.katalon.core.main.TestSuiteExecutor.accessTestCaseMainPhase(TestSuiteExecutor.java:191)
	at com.kms.katalon.core.main.TestSuiteExecutor.accessTestSuiteMainPhase(TestSuiteExecutor.java:141)
	at com.kms.katalon.core.main.TestSuiteExecutor.execute(TestSuiteExecutor.java:90)
	at com.kms.katalon.core.main.TestCaseMain.startTestSuite(TestCaseMain.java:157)
	at com.kms.katalon.core.main.TestCaseMain$startTestSuite$0.call(Unknown Source)
	at TempTestSuite1599589933195.run(TempTestSuite1599589933195.groovy:39)
Caused by: com.kms.katalon.core.webui.exception.WebElementNotFoundException: Web element with id: 'Object Repository/FDR-Draw/RejectVocuherReceipts/overFundInput2' located by '//*[@id='overdrawnFunds[1]']' not found
	at com.kms.katalon.core.webui.common.WebUiCommonHelper.findWebElement(WebUiCommonHelper.java:1368)
	at com.kms.katalon.core.webui.keyword.internal.WebUIAbstractKeyword.findWebElement(WebUIAbstractKeyword.groovy:27)
	at com.kms.katalon.core.webui.keyword.internal.WebUIAbstractKeyword.findWebElement(WebUIAbstractKeyword.groovy:26)
	at com.kms.katalon.core.webui.keyword.builtin.SendKeysKeyword$_sendKeys_closure1.doCall(SendKeysKeyword.groovy:52)
	at com.kms.katalon.core.webui.keyword.builtin.SendKeysKeyword$_sendKeys_closure1.call(SendKeysKeyword.groovy)
	at com.kms.katalon.core.webui.keyword.internal.WebUIKeywordMain.runKeyword(WebUIKeywordMain.groovy:20)
	at com.kms.katalon.core.webui.keyword.builtin.SendKeysKeyword.sendKeys(SendKeysKeyword.groovy:60)
	at com.kms.katalon.core.webui.keyword.builtin.SendKeysKeyword.execute(SendKeysKeyword.groovy:38)
	at com.kms.katalon.core.keyword.internal.KeywordExecutor.executeKeywordForPlatform(KeywordExecutor.groovy:73)
	at com.kms.katalon.core.webui.keyword.WebUiBuiltInKeywords.sendKeys(WebUiBuiltInKeywords.groovy:860)
	at com.kms.katalon.core.webui.keyword.WebUiBuiltInKeywords$sendKeys$8.call(Unknown Source)
	at Script1591634957380.run(Script1591634957380.groovy:112)
	... 13 more
)

2020-09-08 11:41:18 - [MESSAGE][INFO] - Unable to find the element located by 'By.xpath: //*[@id='overdrawnFunds[1]']'. Please recheck the objects properties to make sure the desired element is located. 

2020-09-08 11:41:19 - [MESSAGE][FAILED] - Unable to send keys '' to object 'Object Repository/FDR-Draw/RejectVocuherReceipts/overFundInput2' (Root cause: com.kms.katalon.core.exception.StepFailedException: Unable to send keys '' to object 'Object Repository/FDR-Draw/RejectVocuherReceipts/overFundInput2'
	at com.kms.katalon.core.webui.keyword.internal.WebUIKeywordMain.stepFailed(WebUIKeywordMain.groovy:64)
	at com.kms.katalon.core.webui.keyword.internal.WebUIKeywordMain.runKeyword(WebUIKeywordMain.groovy:26)
	at com.kms.katalon.core.webui.keyword.builtin.SendKeysKeyword.sendKeys(SendKeysKeyword.groovy:60)
	at com.kms.katalon.core.webui.keyword.builtin.SendKeysKeyword.execute(SendKeysKeyword.groovy:38)
	at com.kms.katalon.core.keyword.internal.KeywordExecutor.executeKeywordForPlatform(KeywordExecutor.groovy:73)
	at com.kms.katalon.core.webui.keyword.WebUiBuiltInKeywords.sendKeys(WebUiBuiltInKeywords.groovy:860)
	at com.kms.katalon.core.webui.keyword.WebUiBuiltInKeywords$sendKeys$8.call(Unknown Source)
	at FDR-Draw-Reject-Vouchers-Receipts.run(FDR-Draw-Reject-Vouchers-Receipts:112)
	at com.kms.katalon.core.main.ScriptEngine.run(ScriptEngine.java:194)
	at com.kms.katalon.core.main.ScriptEngine.runScriptAsRawText(ScriptEngine.java:119)
	at com.kms.katalon.core.main.TestCaseExecutor.runScript(TestCaseExecutor.java:339)
	at com.kms.katalon.core.main.TestCaseExecutor.doExecute(TestCaseExecutor.java:330)
	at com.kms.katalon.core.main.TestCaseExecutor.processExecutionPhase(TestCaseExecutor.java:309)
	at com.kms.katalon.core.main.TestCaseExecutor.accessMainPhase(TestCaseExecutor.java:301)
	at com.kms.katalon.core.main.TestCaseExecutor.execute(TestCaseExecutor.java:235)
	at com.kms.katalon.core.main.TestSuiteExecutor.accessTestCaseMainPhase(TestSuiteExecutor.java:191)
	at com.kms.katalon.core.main.TestSuiteExecutor.accessTestSuiteMainPhase(TestSuiteExecutor.java:141)
	at com.kms.katalon.core.main.TestSuiteExecutor.execute(TestSuiteExecutor.java:90)
	at com.kms.katalon.core.main.TestCaseMain.startTestSuite(TestCaseMain.java:157)
	at com.kms.katalon.core.main.TestCaseMain$startTestSuite$0.call(Unknown Source)
	at TempTestSuite1599589933195.run(TempTestSuite1599589933195.groovy:39)
Caused by: com.kms.katalon.core.webui.exception.WebElementNotFoundException: Web element with id: 'Object Repository/FDR-Draw/RejectVocuherReceipts/overFundInput2' located by '//*[@id='overdrawnFunds[1]']' not found
	at com.kms.katalon.core.webui.common.WebUiCommonHelper.findWebElement(WebUiCommonHelper.java:1368)
	at com.kms.katalon.core.webui.keyword.internal.WebUIAbstractKeyword.findWebElement(WebUIAbstractKeyword.groovy:27)
	at com.kms.katalon.core.webui.keyword.internal.WebUIAbstractKeyword.findWebElement(WebUIAbstractKeyword.groovy:26)
	at com.kms.katalon.core.webui.keyword.builtin.SendKeysKeyword$_sendKeys_closure1.doCall(SendKeysKeyword.groovy:52)
	at com.kms.katalon.core.webui.keyword.builtin.SendKeysKeyword$_sendKeys_closure1.call(SendKeysKeyword.groovy)
	at com.kms.katalon.core.webui.keyword.internal.WebUIKeywordMain.runKeyword(WebUIKeywordMain.groovy:20)
	at com.kms.katalon.core.webui.keyword.builtin.SendKeysKeyword.sendKeys(SendKeysKeyword.groovy:60)
	at com.kms.katalon.core.webui.keyword.builtin.SendKeysKeyword.execute(SendKeysKeyword.groovy:38)
	at com.kms.katalon.core.keyword.internal.KeywordExecutor.executeKeywordForPlatform(KeywordExecutor.groovy:73)
	at com.kms.katalon.core.webui.keyword.WebUiBuiltInKeywords.sendKeys(WebUiBuiltInKeywords.groovy:860)
	at com.kms.katalon.core.webui.keyword.WebUiBuiltInKeywords$sendKeys$8.call(Unknown Source)
	at Script1591634957380.run(Script1591634957380.groovy:112)
	... 13 more
)
[[ATTACHMENT|C:\\fdr-automation-develop_08_25_2020\\Reports\\20200908_113210\\Draw-Integration_Suite\\20200908_113213\\1599590478978.png]]

2020-09-08 11:41:19 - [TEST_STEP][PASSED] - waitForElementPresent(findTestObject("FDR-Draw/reconcileButton"), 2): Object 'Object Repository/FDR-Draw/reconcileButton' is not present after 2 second(s)

2020-09-08 11:41:22 - [MESSAGE][INFO] - Unable to find the element located by 'By.xpath: (//*[@data-id='button-link' ]//*[contains(text(),'Reconcile')])[1]'. Please recheck the objects properties to make sure the desired element is located. 

2020-09-08 11:41:22 - [MESSAGE][WARNING] - Object 'Object Repository/FDR-Draw/reconcileButton' is not present after 2 second(s)

2020-09-08 11:41:22 - [TEST_STEP][FAILED] - click(findTestObject("FDR-Draw/RejectVocuherReceipts/spanIncorrectAmountEntry")): Unable to click on object 'Object Repository/FDR-Draw/RejectVocuherReceipts/spanIncorrectAmountEntry' (Root cause: com.kms.katalon.core.exception.StepFailedException: Unable to click on object 'Object Repository/FDR-Draw/RejectVocuherReceipts/spanIncorrectAmountEntry'
	at com.kms.katalon.core.webui.keyword.internal.WebUIKeywordMain.stepFailed(WebUIKeywordMain.groovy:64)
	at com.kms.katalon.core.webui.keyword.internal.WebUIKeywordMain.runKeyword(WebUIKeywordMain.groovy:26)
	at com.kms.katalon.core.webui.keyword.builtin.ClickKeyword.click(ClickKeyword.groovy:76)
	at com.kms.katalon.core.webui.keyword.builtin.ClickKeyword.execute(ClickKeyword.groovy:43)
	at com.kms.katalon.core.keyword.internal.KeywordExecutor.executeKeywordForPlatform(KeywordExecutor.groovy:73)
	at com.kms.katalon.core.webui.keyword.WebUiBuiltInKeywords.click(WebUiBuiltInKeywords.groovy:616)
	at com.kms.katalon.core.webui.keyword.WebUiBuiltInKeywords$click$6.call(Unknown Source)
	at FDR-Draw-Reject-Vouchers-Receipts.run(FDR-Draw-Reject-Vouchers-Receipts:116)
	at com.kms.katalon.core.main.ScriptEngine.run(ScriptEngine.java:194)
	at com.kms.katalon.core.main.ScriptEngine.runScriptAsRawText(ScriptEngine.java:119)
	at com.kms.katalon.core.main.TestCaseExecutor.runScript(TestCaseExecutor.java:339)
	at com.kms.katalon.core.main.TestCaseExecutor.doExecute(TestCaseExecutor.java:330)
	at com.kms.katalon.core.main.TestCaseExecutor.processExecutionPhase(TestCaseExecutor.java:309)
	at com.kms.katalon.core.main.TestCaseExecutor.accessMainPhase(TestCaseExecutor.java:301)
	at com.kms.katalon.core.main.TestCaseExecutor.execute(TestCaseExecutor.java:235)
	at com.kms.katalon.core.main.TestSuiteExecutor.accessTestCaseMainPhase(TestSuiteExecutor.java:191)
	at com.kms.katalon.core.main.TestSuiteExecutor.accessTestSuiteMainPhase(TestSuiteExecutor.java:141)
	at com.kms.katalon.core.main.TestSuiteExecutor.execute(TestSuiteExecutor.java:90)
	at com.kms.katalon.core.main.TestCaseMain.startTestSuite(TestCaseMain.java:157)
	at com.kms.katalon.core.main.TestCaseMain$startTestSuite$0.call(Unknown Source)
	at TempTestSuite1599589933195.run(TempTestSuite1599589933195.groovy:39)
Caused by: com.kms.katalon.core.webui.exception.WebElementNotFoundException: Web element with id: 'Object Repository/FDR-Draw/RejectVocuherReceipts/spanIncorrectAmountEntry' located by '(//*[@data-id='checkbox'])[2]' not found
	at com.kms.katalon.core.webui.common.WebUiCommonHelper.findWebElement(WebUiCommonHelper.java:1368)
	at com.kms.katalon.core.webui.keyword.internal.WebUIAbstractKeyword.findWebElement(WebUIAbstractKeyword.groovy:27)
	at com.kms.katalon.core.webui.keyword.internal.WebUIAbstractKeyword.findWebElement(WebUIAbstractKeyword.groovy:26)
	at com.kms.katalon.core.webui.keyword.builtin.ClickKeyword$_click_closure1.doCall(ClickKeyword.groovy:67)
	at com.kms.katalon.core.webui.keyword.builtin.ClickKeyword$_click_closure1.call(ClickKeyword.groovy)
	at com.kms.katalon.core.webui.keyword.internal.WebUIKeywordMain.runKeyword(WebUIKeywordMain.groovy:20)
	at com.kms.katalon.core.webui.keyword.builtin.ClickKeyword.click(ClickKeyword.groovy:76)
	at com.kms.katalon.core.webui.keyword.builtin.ClickKeyword.execute(ClickKeyword.groovy:43)
	at com.kms.katalon.core.keyword.internal.KeywordExecutor.executeKeywordForPlatform(KeywordExecutor.groovy:73)
	at com.kms.katalon.core.webui.keyword.WebUiBuiltInKeywords.click(WebUiBuiltInKeywords.groovy:616)
	at com.kms.katalon.core.webui.keyword.WebUiBuiltInKeywords$click$6.call(Unknown Source)
	at Script1591634957380.run(Script1591634957380.groovy:116)
	... 13 more
)

2020-09-08 11:41:27 - [MESSAGE][INFO] - Unable to find the element located by 'By.xpath: (//*[@data-id='checkbox'])[2]'. Please recheck the objects properties to make sure the desired element is located. 

2020-09-08 11:41:27 - [MESSAGE][FAILED] - Unable to click on object 'Object Repository/FDR-Draw/RejectVocuherReceipts/spanIncorrectAmountEntry' (Root cause: com.kms.katalon.core.exception.StepFailedException: Unable to click on object 'Object Repository/FDR-Draw/RejectVocuherReceipts/spanIncorrectAmountEntry'
	at com.kms.katalon.core.webui.keyword.internal.WebUIKeywordMain.stepFailed(WebUIKeywordMain.groovy:64)
	at com.kms.katalon.core.webui.keyword.internal.WebUIKeywordMain.runKeyword(WebUIKeywordMain.groovy:26)
	at com.kms.katalon.core.webui.keyword.builtin.ClickKeyword.click(ClickKeyword.groovy:76)
	at com.kms.katalon.core.webui.keyword.builtin.ClickKeyword.execute(ClickKeyword.groovy:43)
	at com.kms.katalon.core.keyword.internal.KeywordExecutor.executeKeywordForPlatform(KeywordExecutor.groovy:73)
	at com.kms.katalon.core.webui.keyword.WebUiBuiltInKeywords.click(WebUiBuiltInKeywords.groovy:616)
	at com.kms.katalon.core.webui.keyword.WebUiBuiltInKeywords$click$6.call(Unknown Source)
	at FDR-Draw-Reject-Vouchers-Receipts.run(FDR-Draw-Reject-Vouchers-Receipts:116)
	at com.kms.katalon.core.main.ScriptEngine.run(ScriptEngine.java:194)
	at com.kms.katalon.core.main.ScriptEngine.runScriptAsRawText(ScriptEngine.java:119)
	at com.kms.katalon.core.main.TestCaseExecutor.runScript(TestCaseExecutor.java:339)
	at com.kms.katalon.core.main.TestCaseExecutor.doExecute(TestCaseExecutor.java:330)
	at com.kms.katalon.core.main.TestCaseExecutor.processExecutionPhase(TestCaseExecutor.java:309)
	at com.kms.katalon.core.main.TestCaseExecutor.accessMainPhase(TestCaseExecutor.java:301)
	at com.kms.katalon.core.main.TestCaseExecutor.execute(TestCaseExecutor.java:235)
	at com.kms.katalon.core.main.TestSuiteExecutor.accessTestCaseMainPhase(TestSuiteExecutor.java:191)
	at com.kms.katalon.core.main.TestSuiteExecutor.accessTestSuiteMainPhase(TestSuiteExecutor.java:141)
	at com.kms.katalon.core.main.TestSuiteExecutor.execute(TestSuiteExecutor.java:90)
	at com.kms.katalon.core.main.TestCaseMain.startTestSuite(TestCaseMain.java:157)
	at com.kms.katalon.core.main.TestCaseMain$startTestSuite$0.call(Unknown Source)
	at TempTestSuite1599589933195.run(TempTestSuite1599589933195.groovy:39)
Caused by: com.kms.katalon.core.webui.exception.WebElementNotFoundException: Web element with id: 'Object Repository/FDR-Draw/RejectVocuherReceipts/spanIncorrectAmountEntry' located by '(//*[@data-id='checkbox'])[2]' not found
	at com.kms.katalon.core.webui.common.WebUiCommonHelper.findWebElement(WebUiCommonHelper.java:1368)
	at com.kms.katalon.core.webui.keyword.internal.WebUIAbstractKeyword.findWebElement(WebUIAbstractKeyword.groovy:27)
	at com.kms.katalon.core.webui.keyword.internal.WebUIAbstractKeyword.findWebElement(WebUIAbstractKeyword.groovy:26)
	at com.kms.katalon.core.webui.keyword.builtin.ClickKeyword$_click_closure1.doCall(ClickKeyword.groovy:67)
	at com.kms.katalon.core.webui.keyword.builtin.ClickKeyword$_click_closure1.call(ClickKeyword.groovy)
	at com.kms.katalon.core.webui.keyword.internal.WebUIKeywordMain.runKeyword(WebUIKeywordMain.groovy:20)
	at com.kms.katalon.core.webui.keyword.builtin.ClickKeyword.click(ClickKeyword.groovy:76)
	at com.kms.katalon.core.webui.keyword.builtin.ClickKeyword.execute(ClickKeyword.groovy:43)
	at com.kms.katalon.core.keyword.internal.KeywordExecutor.executeKeywordForPlatform(KeywordExecutor.groovy:73)
	at com.kms.katalon.core.webui.keyword.WebUiBuiltInKeywords.click(WebUiBuiltInKeywords.groovy:616)
	at com.kms.katalon.core.webui.keyword.WebUiBuiltInKeywords$click$6.call(Unknown Source)
	at Script1591634957380.run(Script1591634957380.groovy:116)
	... 13 more
)
[[ATTACHMENT|C:\\fdr-automation-develop_08_25_2020\\Reports\\20200908_113210\\Draw-Integration_Suite\\20200908_113213\\1599590487015.png]]

2020-09-08 11:41:27 - [TEST_STEP][PASSED] - waitForElementPresent(findTestObject("FDR-Draw/reconcileButton"), 2): Object 'Object Repository/FDR-Draw/reconcileButton' is not present after 2 second(s)

2020-09-08 11:41:30 - [MESSAGE][INFO] - Unable to find the element located by 'By.xpath: (//*[@data-id='button-link' ]//*[contains(text(),'Reconcile')])[1]'. Please recheck the objects properties to make sure the desired element is located. 

2020-09-08 11:41:30 - [MESSAGE][WARNING] - Object 'Object Repository/FDR-Draw/reconcileButton' is not present after 2 second(s)

2020-09-08 11:41:30 - [TEST_STEP][FAILED] - click(findTestObject("FDR-Draw/RejectVocuherReceipts/rejectReceiptButton")): Unable to click on object 'Object Repository/FDR-Draw/RejectVocuherReceipts/rejectReceiptButton' (Root cause: com.kms.katalon.core.exception.StepFailedException: Unable to click on object 'Object Repository/FDR-Draw/RejectVocuherReceipts/rejectReceiptButton'
	at com.kms.katalon.core.webui.keyword.internal.WebUIKeywordMain.stepFailed(WebUIKeywordMain.groovy:64)
	at com.kms.katalon.core.webui.keyword.internal.WebUIKeywordMain.runKeyword(WebUIKeywordMain.groovy:26)
	at com.kms.katalon.core.webui.keyword.builtin.ClickKeyword.click(ClickKeyword.groovy:76)
	at com.kms.katalon.core.webui.keyword.builtin.ClickKeyword.execute(ClickKeyword.groovy:43)
	at com.kms.katalon.core.keyword.internal.KeywordExecutor.executeKeywordForPlatform(KeywordExecutor.groovy:73)
	at com.kms.katalon.core.webui.keyword.WebUiBuiltInKeywords.click(WebUiBuiltInKeywords.groovy:616)
	at com.kms.katalon.core.webui.keyword.WebUiBuiltInKeywords$click$6.call(Unknown Source)
	at FDR-Draw-Reject-Vouchers-Receipts.run(FDR-Draw-Reject-Vouchers-Receipts:120)
	at com.kms.katalon.core.main.ScriptEngine.run(ScriptEngine.java:194)
	at com.kms.katalon.core.main.ScriptEngine.runScriptAsRawText(ScriptEngine.java:119)
	at com.kms.katalon.core.main.TestCaseExecutor.runScript(TestCaseExecutor.java:339)
	at com.kms.katalon.core.main.TestCaseExecutor.doExecute(TestCaseExecutor.java:330)
	at com.kms.katalon.core.main.TestCaseExecutor.processExecutionPhase(TestCaseExecutor.java:309)
	at com.kms.katalon.core.main.TestCaseExecutor.accessMainPhase(TestCaseExecutor.java:301)
	at com.kms.katalon.core.main.TestCaseExecutor.execute(TestCaseExecutor.java:235)
	at com.kms.katalon.core.main.TestSuiteExecutor.accessTestCaseMainPhase(TestSuiteExecutor.java:191)
	at com.kms.katalon.core.main.TestSuiteExecutor.accessTestSuiteMainPhase(TestSuiteExecutor.java:141)
	at com.kms.katalon.core.main.TestSuiteExecutor.execute(TestSuiteExecutor.java:90)
	at com.kms.katalon.core.main.TestCaseMain.startTestSuite(TestCaseMain.java:157)
	at com.kms.katalon.core.main.TestCaseMain$startTestSuite$0.call(Unknown Source)
	at TempTestSuite1599589933195.run(TempTestSuite1599589933195.groovy:39)
Caused by: com.kms.katalon.core.webui.exception.WebElementNotFoundException: Web element with id: 'Object Repository/FDR-Draw/RejectVocuherReceipts/rejectReceiptButton' located by '//*[@data-id='action-button']//*[contains(text(),'Reject Receipt')]' not found
	at com.kms.katalon.core.webui.common.WebUiCommonHelper.findWebElement(WebUiCommonHelper.java:1368)
	at com.kms.katalon.core.webui.keyword.internal.WebUIAbstractKeyword.findWebElement(WebUIAbstractKeyword.groovy:27)
	at com.kms.katalon.core.webui.keyword.internal.WebUIAbstractKeyword.findWebElement(WebUIAbstractKeyword.groovy:26)
	at com.kms.katalon.core.webui.keyword.builtin.ClickKeyword$_click_closure1.doCall(ClickKeyword.groovy:67)
	at com.kms.katalon.core.webui.keyword.builtin.ClickKeyword$_click_closure1.call(ClickKeyword.groovy)
	at com.kms.katalon.core.webui.keyword.internal.WebUIKeywordMain.runKeyword(WebUIKeywordMain.groovy:20)
	at com.kms.katalon.core.webui.keyword.builtin.ClickKeyword.click(ClickKeyword.groovy:76)
	at com.kms.katalon.core.webui.keyword.builtin.ClickKeyword.execute(ClickKeyword.groovy:43)
	at com.kms.katalon.core.keyword.internal.KeywordExecutor.executeKeywordForPlatform(KeywordExecutor.groovy:73)
	at com.kms.katalon.core.webui.keyword.WebUiBuiltInKeywords.click(WebUiBuiltInKeywords.groovy:616)
	at com.kms.katalon.core.webui.keyword.WebUiBuiltInKeywords$click$6.call(Unknown Source)
	at Script1591634957380.run(Script1591634957380.groovy:120)
	... 13 more
)

2020-09-08 11:41:34 - [MESSAGE][INFO] - Unable to find the element located by 'By.xpath: //*[@data-id='action-button']//*[contains(text(),'Reject Receipt')]'. Please recheck the objects properties to make sure the desired element is located. 

2020-09-08 11:41:35 - [MESSAGE][FAILED] - Unable to click on object 'Object Repository/FDR-Draw/RejectVocuherReceipts/rejectReceiptButton' (Root cause: com.kms.katalon.core.exception.StepFailedException: Unable to click on object 'Object Repository/FDR-Draw/RejectVocuherReceipts/rejectReceiptButton'
	at com.kms.katalon.core.webui.keyword.internal.WebUIKeywordMain.stepFailed(WebUIKeywordMain.groovy:64)
	at com.kms.katalon.core.webui.keyword.internal.WebUIKeywordMain.runKeyword(WebUIKeywordMain.groovy:26)
	at com.kms.katalon.core.webui.keyword.builtin.ClickKeyword.click(ClickKeyword.groovy:76)
	at com.kms.katalon.core.webui.keyword.builtin.ClickKeyword.execute(ClickKeyword.groovy:43)
	at com.kms.katalon.core.keyword.internal.KeywordExecutor.executeKeywordForPlatform(KeywordExecutor.groovy:73)
	at com.kms.katalon.core.webui.keyword.WebUiBuiltInKeywords.click(WebUiBuiltInKeywords.groovy:616)
	at com.kms.katalon.core.webui.keyword.WebUiBuiltInKeywords$click$6.call(Unknown Source)
	at FDR-Draw-Reject-Vouchers-Receipts.run(FDR-Draw-Reject-Vouchers-Receipts:120)
	at com.kms.katalon.core.main.ScriptEngine.run(ScriptEngine.java:194)
	at com.kms.katalon.core.main.ScriptEngine.runScriptAsRawText(ScriptEngine.java:119)
	at com.kms.katalon.core.main.TestCaseExecutor.runScript(TestCaseExecutor.java:339)
	at com.kms.katalon.core.main.TestCaseExecutor.doExecute(TestCaseExecutor.java:330)
	at com.kms.katalon.core.main.TestCaseExecutor.processExecutionPhase(TestCaseExecutor.java:309)
	at com.kms.katalon.core.main.TestCaseExecutor.accessMainPhase(TestCaseExecutor.java:301)
	at com.kms.katalon.core.main.TestCaseExecutor.execute(TestCaseExecutor.java:235)
	at com.kms.katalon.core.main.TestSuiteExecutor.accessTestCaseMainPhase(TestSuiteExecutor.java:191)
	at com.kms.katalon.core.main.TestSuiteExecutor.accessTestSuiteMainPhase(TestSuiteExecutor.java:141)
	at com.kms.katalon.core.main.TestSuiteExecutor.execute(TestSuiteExecutor.java:90)
	at com.kms.katalon.core.main.TestCaseMain.startTestSuite(TestCaseMain.java:157)
	at com.kms.katalon.core.main.TestCaseMain$startTestSuite$0.call(Unknown Source)
	at TempTestSuite1599589933195.run(TempTestSuite1599589933195.groovy:39)
Caused by: com.kms.katalon.core.webui.exception.WebElementNotFoundException: Web element with id: 'Object Repository/FDR-Draw/RejectVocuherReceipts/rejectReceiptButton' located by '//*[@data-id='action-button']//*[contains(text(),'Reject Receipt')]' not found
	at com.kms.katalon.core.webui.common.WebUiCommonHelper.findWebElement(WebUiCommonHelper.java:1368)
	at com.kms.katalon.core.webui.keyword.internal.WebUIAbstractKeyword.findWebElement(WebUIAbstractKeyword.groovy:27)
	at com.kms.katalon.core.webui.keyword.internal.WebUIAbstractKeyword.findWebElement(WebUIAbstractKeyword.groovy:26)
	at com.kms.katalon.core.webui.keyword.builtin.ClickKeyword$_click_closure1.doCall(ClickKeyword.groovy:67)
	at com.kms.katalon.core.webui.keyword.builtin.ClickKeyword$_click_closure1.call(ClickKeyword.groovy)
	at com.kms.katalon.core.webui.keyword.internal.WebUIKeywordMain.runKeyword(WebUIKeywordMain.groovy:20)
	at com.kms.katalon.core.webui.keyword.builtin.ClickKeyword.click(ClickKeyword.groovy:76)
	at com.kms.katalon.core.webui.keyword.builtin.ClickKeyword.execute(ClickKeyword.groovy:43)
	at com.kms.katalon.core.keyword.internal.KeywordExecutor.executeKeywordForPlatform(KeywordExecutor.groovy:73)
	at com.kms.katalon.core.webui.keyword.WebUiBuiltInKeywords.click(WebUiBuiltInKeywords.groovy:616)
	at com.kms.katalon.core.webui.keyword.WebUiBuiltInKeywords$click$6.call(Unknown Source)
	at Script1591634957380.run(Script1591634957380.groovy:120)
	... 13 more
)
[[ATTACHMENT|C:\\fdr-automation-develop_08_25_2020\\Reports\\20200908_113210\\Draw-Integration_Suite\\20200908_113213\\1599590494798.png]]

2020-09-08 11:41:35 - [TEST_STEP][PASSED] - waitForElementPresent(findTestObject("FDR-Draw/reconcileButton"), 2): Object 'Object Repository/FDR-Draw/reconcileButton' is not present after 2 second(s)

2020-09-08 11:41:38 - [MESSAGE][INFO] - Unable to find the element located by 'By.xpath: (//*[@data-id='button-link' ]//*[contains(text(),'Reconcile')])[1]'. Please recheck the objects properties to make sure the desired element is located. 

2020-09-08 11:41:38 - [MESSAGE][WARNING] - Object 'Object Repository/FDR-Draw/reconcileButton' is not present after 2 second(s)

2020-09-08 11:41:38 - [TEST_STEP][PASSED] - Uifunctions.logoutFDR(): Browser is closed

2020-09-08 11:41:39 - [MESSAGE][PASSED] - Browser is closed

2020-09-08 11:41:39 - [TEST_STEP][PASSED] - Uifunctions.loginFDR(accountsApproverAcc2, accountsApproverAcc2Pwd): Object: 'Object Repository/FDR-SignIn/SignInButton' is clicked on

2020-09-08 11:41:39 - [MESSAGE][INFO] - Starting 'Chrome' driver

2020-09-08 11:41:39 - [MESSAGE][INFO] - Action delay is set to 0 milliseconds

2020-09-08 11:41:42 - [MESSAGE][PASSED] - Browser is opened with url: ''

2020-09-08 11:41:44 - [MESSAGE][PASSED] - Current window maximized

2020-09-08 11:41:45 - [MESSAGE][PASSED] - Navigate to 'https://fdr-katalon.cammis-mod-dev.dhcs.ca.gov' successfully

2020-09-08 11:41:47 - [MESSAGE][PASSED] - Object 'Object Repository/FDR-SignIn/SignInEmail' is present

2020-09-08 11:41:47 - [MESSAGE][PASSED] - Object: 'Object Repository/FDR-SignIn/SignInEmail' is clicked on

2020-09-08 11:41:47 - [MESSAGE][PASSED] - Object 'Object Repository/FDR-SignIn/SignInEmail' is present

2020-09-08 11:41:48 - [MESSAGE][PASSED] - Text 'fdr.test2@dhcs.ca.gov' is set on object 'Object Repository/FDR-SignIn/SignInEmail'

2020-09-08 11:41:48 - [MESSAGE][PASSED] - Object 'Object Repository/FDR-SignIn/SignInEmailNext' is visible

2020-09-08 11:41:48 - [MESSAGE][PASSED] - Object: 'Object Repository/FDR-SignIn/SignInEmailNext' is clicked on

2020-09-08 11:41:52 - [MESSAGE][PASSED] - Object 'Object Repository/FDR-SignIn/SignInEmailPassword' is visible

2020-09-08 11:41:52 - [MESSAGE][PASSED] - Object: 'Object Repository/FDR-SignIn/SignInEmailPassword' is clicked on

2020-09-08 11:41:52 - [MESSAGE][PASSED] - Text ****** has been set on object 'Object Repository/FDR-SignIn/SignInEmailPassword'

2020-09-08 11:41:57 - [MESSAGE][PASSED] - Object: 'Object Repository/FDR-SignIn/SignInButton' is clicked on

2020-09-08 11:41:57 - [TEST_STEP][PASSED] - waitForElementPresent(findTestObject("FDR-Draw/reconcileButton"), 4): Object 'Object Repository/FDR-Draw/reconcileButton' is not present after 4 second(s)

2020-09-08 11:42:02 - [MESSAGE][INFO] - Unable to find the element located by 'By.xpath: (//*[@data-id='button-link' ]//*[contains(text(),'Reconcile')])[1]'. Please recheck the objects properties to make sure the desired element is located. 

2020-09-08 11:42:02 - [MESSAGE][WARNING] - Object 'Object Repository/FDR-Draw/reconcileButton' is not present after 4 second(s)

2020-09-08 11:42:02 - [TEST_STEP][PASSED] - navigateToUrl(URL + "/vouchers/" + Integer.parseInt(rejectVoucherNum.split("CAP")[1]) + "/entry"): Navigate to 'https://fdr-katalon.cammis-mod-dev.dhcs.ca.gov/vouchers/64/entry' successfully

2020-09-08 11:42:03 - [MESSAGE][PASSED] - Navigate to 'https://fdr-katalon.cammis-mod-dev.dhcs.ca.gov/vouchers/64/entry' successfully

2020-09-08 11:42:03 - [TEST_STEP][PASSED] - waitForElementPresent(findTestObject("FDR-Draw/reconcileButton"), 2): Object 'Object Repository/FDR-Draw/reconcileButton' is not present after 2 second(s)

2020-09-08 11:42:06 - [MESSAGE][INFO] - Unable to find the element located by 'By.xpath: (//*[@data-id='button-link' ]//*[contains(text(),'Reconcile')])[1]'. Please recheck the objects properties to make sure the desired element is located. 

2020-09-08 11:42:06 - [MESSAGE][WARNING] - Object 'Object Repository/FDR-Draw/reconcileButton' is not present after 2 second(s)

2020-09-08 11:42:06 - [TEST_STEP][PASSED] - verifyElementPresent(findTestObject("FDR-Draw/RejectVocuherReceipts/vchrjreasonsubtitle"), 2): Object 'Object Repository/FDR-Draw/RejectVocuherReceipts/vchrjreasonsubtitle' is present

2020-09-08 11:42:07 - [MESSAGE][PASSED] - Object 'Object Repository/FDR-Draw/RejectVocuherReceipts/vchrjreasonsubtitle' is present

2020-09-08 11:42:07 - [TEST_STEP][PASSED] - verifyTextPresent(rejectionReason1, false): Text 'Non-Federal Fund HQAF (3158), FY 2020/2021 SCHIP (611) HQAF, 611 SB239 (2013) HQAF' is present on page 

2020-09-08 11:42:07 - [MESSAGE][PASSED] - Text 'Non-Federal Fund HQAF (3158), FY 2020/2021 SCHIP (611) HQAF, 611 SB239 (2013) HQAF' is present on page 

2020-09-08 11:42:07 - [TEST_STEP][PASSED] - verifyTextPresent(rejectionReason2, false): Text 'Non-Federal Fund HQAF (3158), FY 2020/2021 MA (611) HQAF, 611 SB239 (2013) HQAF' is present on page 

2020-09-08 11:42:07 - [MESSAGE][PASSED] - Text 'Non-Federal Fund HQAF (3158), FY 2020/2021 MA (611) HQAF, 611 SB239 (2013) HQAF' is present on page 

2020-09-08 11:42:07 - [TEST_STEP][PASSED] - verifyTextPresent("Incorrect Amount", false): Text 'Incorrect Amount' is present on page 

2020-09-08 11:42:08 - [MESSAGE][PASSED] - Text 'Incorrect Amount' is present on page 

2020-09-08 11:42:08 - [TEST_STEP][PASSED] - Start listener action : sampleAfterTestCase: null

2020-09-08 11:42:08 - [TEST_STEP][PASSED] - profileName = getExecutionProfile(): null

2020-09-08 11:42:08 - [TEST_STEP][PASSED] - switch (profileName): null

2020-09-08 11:42:08 - [TEST_STEP][PASSED] - case "superUser":: null

2020-09-08 11:42:08 - [TEST_STEP][PASSED] - return null: null

2020-09-08 11:42:08 - [TEST_STEP][PASSED] - Start listener action : afterTestCase: null

2020-09-08 11:42:08 - [TEST_STEP][PASSED] - profileName = getExecutionProfile(): null

2020-09-08 11:42:08 - [TEST_STEP][PASSED] - if (profileName.equalsIgnoreCase("SysAdmin")): null

2020-09-08 11:42:08 - [TEST_STEP][PASSED] - Start listener action : sampleAfterTestCase: null

2020-09-08 11:42:08 - [TEST_STEP][PASSED] - profileName = getExecutionProfile(): null

2020-09-08 11:42:08 - [TEST_STEP][PASSED] - switch (profileName): null

2020-09-08 11:42:08 - [TEST_STEP][PASSED] - case "Draw":: null

2020-09-08 11:42:08 - [TEST_STEP][PASSED] - Uifunctions.logoutFDR(): Browser is closed

2020-09-08 11:42:08 - [MESSAGE][PASSED] - Browser is closed

2020-09-08 11:42:08 - [TEST_STEP][PASSED] - break: null

2020-09-08 11:42:08 - [TEST_STEP][PASSED] - Start listener action : addFailedTCToList: null]]></system-out>
         <system-err><![CDATA[2020-09-08 11:38:46 - [TEST_CASE][FAILED] - Test Cases/WEB-UI-TESTS/Draw/FDR-Draw-Reject-Vouchers-Receipts: Test Cases/WEB-UI-TESTS/Draw/FDR-Draw-Reject-Vouchers-Receipts FAILED.
Reason:
com.kms.katalon.core.exception.StepFailedException: Unable to click on object 'Object Repository/FDR-Draw/RejectVocuherReceipts/spanOverdrawnFund(s)' (Root cause: com.kms.katalon.core.exception.StepFailedException: Unable to click on object 'Object Repository/FDR-Draw/RejectVocuherReceipts/spanOverdrawnFund(s)'
	at com.kms.katalon.core.webui.keyword.internal.WebUIKeywordMain.stepFailed(WebUIKeywordMain.groovy:64)
	at com.kms.katalon.core.webui.keyword.internal.WebUIKeywordMain.runKeyword(WebUIKeywordMain.groovy:26)
	at com.kms.katalon.core.webui.keyword.builtin.ClickKeyword.click(ClickKeyword.groovy:76)
	at com.kms.katalon.core.webui.keyword.builtin.ClickKeyword.execute(ClickKeyword.groovy:43)
	at com.kms.katalon.core.keyword.internal.KeywordExecutor.executeKeywordForPlatform(KeywordExecutor.groovy:73)
	at com.kms.katalon.core.webui.keyword.WebUiBuiltInKeywords.click(WebUiBuiltInKeywords.groovy:616)
	at com.kms.katalon.core.webui.keyword.WebUiBuiltInKeywords$click$6.call(Unknown Source)
	at FDR-Draw-Reject-Vouchers-Receipts.run(FDR-Draw-Reject-Vouchers-Receipts:84)
	at com.kms.katalon.core.main.ScriptEngine.run(ScriptEngine.java:194)
	at com.kms.katalon.core.main.ScriptEngine.runScriptAsRawText(ScriptEngine.java:119)
	at com.kms.katalon.core.main.TestCaseExecutor.runScript(TestCaseExecutor.java:339)
	at com.kms.katalon.core.main.TestCaseExecutor.doExecute(TestCaseExecutor.java:330)
	at com.kms.katalon.core.main.TestCaseExecutor.processExecutionPhase(TestCaseExecutor.java:309)
	at com.kms.katalon.core.main.TestCaseExecutor.accessMainPhase(TestCaseExecutor.java:301)
	at com.kms.katalon.core.main.TestCaseExecutor.execute(TestCaseExecutor.java:235)
	at com.kms.katalon.core.main.TestSuiteExecutor.accessTestCaseMainPhase(TestSuiteExecutor.java:191)
	at com.kms.katalon.core.main.TestSuiteExecutor.accessTestSuiteMainPhase(TestSuiteExecutor.java:141)
	at com.kms.katalon.core.main.TestSuiteExecutor.execute(TestSuiteExecutor.java:90)
	at com.kms.katalon.core.main.TestCaseMain.startTestSuite(TestCaseMain.java:157)
	at com.kms.katalon.core.main.TestCaseMain$startTestSuite$0.call(Unknown Source)
	at TempTestSuite1599589933195.run(TempTestSuite1599589933195.groovy:39)
Caused by: com.kms.katalon.core.webui.exception.WebElementNotFoundException: Web element with id: 'Object Repository/FDR-Draw/RejectVocuherReceipts/spanOverdrawnFund(s)' located by '//span[contains(.,'Overdrawn Fund(s)')]' not found
	at com.kms.katalon.core.webui.common.WebUiCommonHelper.findWebElement(WebUiCommonHelper.java:1368)
	at com.kms.katalon.core.webui.keyword.internal.WebUIAbstractKeyword.findWebElement(WebUIAbstractKeyword.groovy:27)
	at com.kms.katalon.core.webui.keyword.internal.WebUIAbstractKeyword.findWebElement(WebUIAbstractKeyword.groovy:26)
	at com.kms.katalon.core.webui.keyword.builtin.ClickKeyword$_click_closure1.doCall(ClickKeyword.groovy:67)
	at com.kms.katalon.core.webui.keyword.builtin.ClickKeyword$_click_closure1.call(ClickKeyword.groovy)
	at com.kms.katalon.core.webui.keyword.internal.WebUIKeywordMain.runKeyword(WebUIKeywordMain.groovy:20)
	at com.kms.katalon.core.webui.keyword.builtin.ClickKeyword.click(ClickKeyword.groovy:76)
	at com.kms.katalon.core.webui.keyword.builtin.ClickKeyword.execute(ClickKeyword.groovy:43)
	at com.kms.katalon.core.keyword.internal.KeywordExecutor.executeKeywordForPlatform(KeywordExecutor.groovy:73)
	at com.kms.katalon.core.webui.keyword.WebUiBuiltInKeywords.click(WebUiBuiltInKeywords.groovy:616)
	at com.kms.katalon.core.webui.keyword.WebUiBuiltInKeywords$click$6.call(Unknown Source)
	at Script1591634957380.run(Script1591634957380.groovy:84)
	... 13 more
)
	at com.kms.katalon.core.keyword.internal.KeywordMain.stepFailed(KeywordMain.groovy:39)
	at com.kms.katalon.core.webui.keyword.internal.WebUIKeywordMain.stepFailed(WebUIKeywordMain.groovy:64)
	at com.kms.katalon.core.webui.keyword.internal.WebUIKeywordMain.runKeyword(WebUIKeywordMain.groovy:26)
	at com.kms.katalon.core.webui.keyword.builtin.ClickKeyword.click(ClickKeyword.groovy:76)
	at com.kms.katalon.core.webui.keyword.builtin.ClickKeyword.execute(ClickKeyword.groovy:43)
	at com.kms.katalon.core.keyword.internal.KeywordExecutor.executeKeywordForPlatform(KeywordExecutor.groovy:73)
	at com.kms.katalon.core.webui.keyword.WebUiBuiltInKeywords.click(WebUiBuiltInKeywords.groovy:616)
	at com.kms.katalon.core.webui.keyword.WebUiBuiltInKeywords$click$6.call(Unknown Source)
	at FDR-Draw-Reject-Vouchers-Receipts.run(FDR-Draw-Reject-Vouchers-Receipts:84)
	at com.kms.katalon.core.main.ScriptEngine.run(ScriptEngine.java:194)
	at com.kms.katalon.core.main.ScriptEngine.runScriptAsRawText(ScriptEngine.java:119)
	at com.kms.katalon.core.main.TestCaseExecutor.runScript(TestCaseExecutor.java:339)
	at com.kms.katalon.core.main.TestCaseExecutor.doExecute(TestCaseExecutor.java:330)
	at com.kms.katalon.core.main.TestCaseExecutor.processExecutionPhase(TestCaseExecutor.java:309)
	at com.kms.katalon.core.main.TestCaseExecutor.accessMainPhase(TestCaseExecutor.java:301)
	at com.kms.katalon.core.main.TestCaseExecutor.execute(TestCaseExecutor.java:235)
	at com.kms.katalon.core.main.TestSuiteExecutor.accessTestCaseMainPhase(TestSuiteExecutor.java:191)
	at com.kms.katalon.core.main.TestSuiteExecutor.accessTestSuiteMainPhase(TestSuiteExecutor.java:141)
	at com.kms.katalon.core.main.TestSuiteExecutor.execute(TestSuiteExecutor.java:90)
	at com.kms.katalon.core.main.TestCaseMain.startTestSuite(TestCaseMain.java:157)
	at com.kms.katalon.core.main.TestCaseMain$startTestSuite$0.call(Unknown Source)
	at TempTestSuite1599589933195.run(TempTestSuite1599589933195.groovy:39)
Caused by: com.kms.katalon.core.exception.StepFailedException: Unable to click on object 'Object Repository/FDR-Draw/RejectVocuherReceipts/spanOverdrawnFund(s)'
	... 21 more
Caused by: com.kms.katalon.core.webui.exception.WebElementNotFoundException: Web element with id: 'Object Repository/FDR-Draw/RejectVocuherReceipts/spanOverdrawnFund(s)' located by '//span[contains(.,'Overdrawn Fund(s)')]' not found
	at com.kms.katalon.core.webui.common.WebUiCommonHelper.findWebElement(WebUiCommonHelper.java:1368)
	at com.kms.katalon.core.webui.keyword.internal.WebUIAbstractKeyword.findWebElement(WebUIAbstractKeyword.groovy:27)
	at com.kms.katalon.core.webui.keyword.internal.WebUIAbstractKeyword.findWebElement(WebUIAbstractKeyword.groovy:26)
	at com.kms.katalon.core.webui.keyword.builtin.ClickKeyword$_click_closure1.doCall(ClickKeyword.groovy:67)
	at com.kms.katalon.core.webui.keyword.builtin.ClickKeyword$_click_closure1.call(ClickKeyword.groovy)
	at com.kms.katalon.core.webui.keyword.internal.WebUIKeywordMain.runKeyword(WebUIKeywordMain.groovy:20)
	... 19 more]]></system-err>
      </testcase>
      <testcase name="Test Cases/WEB-UI-TESTS/Draw/FDR-Update-SCO-Balances-Icons" time="612.889" classname="Test Cases/WEB-UI-TESTS/Draw/FDR-Update-SCO-Balances-Icons" status="FAILED">
         <failure type="FAILED" message="Test Cases/WEB-UI-TESTS/Draw/FDR-Update-SCO-Balances-Icons FAILED.
Reason:
com.kms.katalon.core.exception.StepFailedException: Cannot get CSS 'color' value on 'Object Repository/FDR-Draw/reviewScreen/scoBalanceVerifiedIcon'. (Root cause: com.kms.katalon.core.exception.StepFailedException: Cannot get CSS 'color' value on 'Object Repository/FDR-Draw/reviewScreen/scoBalanceVerifiedIcon'.
	at com.kms.katalon.core.webui.keyword.internal.WebUIKeywordMain.stepFailed(WebUIKeywordMain.groovy:64)
	at com.kms.katalon.core.webui.keyword.internal.WebUIKeywordMain.runKeyword(WebUIKeywordMain.groovy:26)
	at com.kms.katalon.core.webui.keyword.builtin.getCSSValueKeyword.getCSSValue(GetCSSValueKeyword.groovy:84)
	at com.kms.katalon.core.webui.keyword.builtin.getCSSValueKeyword.execute(GetCSSValueKeyword.groovy:68)
	at com.kms.katalon.core.keyword.internal.KeywordExecutor.executeKeywordForPlatform(KeywordExecutor.groovy:73)
	at com.kms.katalon.core.webui.keyword.WebUiBuiltInKeywords.getCSSValue(WebUiBuiltInKeywords.groovy:3534)
	at com.kms.katalon.core.webui.keyword.WebUiBuiltInKeywords$getCSSValue$19.call(Unknown Source)
	at FDR-Update-SCO-Balances-Icons.run(FDR-Update-SCO-Balances-Icons:44)
	at com.kms.katalon.core.main.ScriptEngine.run(ScriptEngine.java:194)
	at com.kms.katalon.core.main.ScriptEngine.runScriptAsRawText(ScriptEngine.java:119)
	at com.kms.katalon.core.main.TestCaseExecutor.runScript(TestCaseExecutor.java:339)
	at com.kms.katalon.core.main.TestCaseExecutor.doExecute(TestCaseExecutor.java:330)
	at com.kms.katalon.core.main.TestCaseExecutor.processExecutionPhase(TestCaseExecutor.java:309)
	at com.kms.katalon.core.main.TestCaseExecutor.accessMainPhase(TestCaseExecutor.java:301)
	at com.kms.katalon.core.main.TestCaseExecutor.execute(TestCaseExecutor.java:235)
	at com.kms.katalon.core.main.TestSuiteExecutor.accessTestCaseMainPhase(TestSuiteExecutor.java:191)
	at com.kms.katalon.core.main.TestSuiteExecutor.accessTestSuiteMainPhase(TestSuiteExecutor.java:141)
	at com.kms.katalon.core.main.TestSuiteExecutor.execute(TestSuiteExecutor.java:90)
	at com.kms.katalon.core.main.TestCaseMain.startTestSuite(TestCaseMain.java:157)
	at com.kms.katalon.core.main.TestCaseMain$startTestSuite$0.call(Unknown Source)
	at TempTestSuite1599589933195.run(TempTestSuite1599589933195.groovy:39)
Caused by: com.kms.katalon.core.webui.exception.WebElementNotFoundException: Web element with id: 'Object Repository/FDR-Draw/reviewScreen/scoBalanceVerifiedIcon' located by '(//*[text()='SCO Balances Verified']//parent::*//*)[1]' not found
	at com.kms.katalon.core.webui.common.WebUiCommonHelper.findWebElement(WebUiCommonHelper.java:1368)
	at com.kms.katalon.core.webui.keyword.internal.WebUIAbstractKeyword.findWebElement(WebUIAbstractKeyword.groovy:27)
	at com.kms.katalon.core.webui.keyword.internal.WebUIAbstractKeyword.findWebElement(WebUIAbstractKeyword.groovy:26)
	at com.kms.katalon.core.webui.keyword.builtin.getCSSValueKeyword$_getCSSValue_closure1.doCall(GetCSSValueKeyword.groovy:75)
	at com.kms.katalon.core.webui.keyword.builtin.getCSSValueKeyword$_getCSSValue_closure1.call(GetCSSValueKeyword.groovy)
	at com.kms.katalon.core.webui.keyword.internal.WebUIKeywordMain.runKeyword(WebUIKeywordMain.groovy:20)
	at com.kms.katalon.core.webui.keyword.builtin.getCSSValueKeyword.getCSSValue(GetCSSValueKeyword.groovy:84)
	at com.kms.katalon.core.webui.keyword.builtin.getCSSValueKeyword.execute(GetCSSValueKeyword.groovy:68)
	at com.kms.katalon.core.keyword.internal.KeywordExecutor.executeKeywordForPlatform(KeywordExecutor.groovy:73)
	at com.kms.katalon.core.webui.keyword.WebUiBuiltInKeywords.getCSSValue(WebUiBuiltInKeywords.groovy:3534)
	at com.kms.katalon.core.webui.keyword.WebUiBuiltInKeywords$getCSSValue$19.call(Unknown Source)
	at Script1591634907012.run(Script1591634907012.groovy:44)
	... 13 more
)
	at com.kms.katalon.core.keyword.internal.KeywordMain.stepFailed(KeywordMain.groovy:39)
	at com.kms.katalon.core.webui.keyword.internal.WebUIKeywordMain.stepFailed(WebUIKeywordMain.groovy:64)
	at com.kms.katalon.core.webui.keyword.internal.WebUIKeywordMain.runKeyword(WebUIKeywordMain.groovy:26)
	at com.kms.katalon.core.webui.keyword.builtin.getCSSValueKeyword.getCSSValue(GetCSSValueKeyword.groovy:84)
	at com.kms.katalon.core.webui.keyword.builtin.getCSSValueKeyword.execute(GetCSSValueKeyword.groovy:68)
	at com.kms.katalon.core.keyword.internal.KeywordExecutor.executeKeywordForPlatform(KeywordExecutor.groovy:73)
	at com.kms.katalon.core.webui.keyword.WebUiBuiltInKeywords.getCSSValue(WebUiBuiltInKeywords.groovy:3534)
	at com.kms.katalon.core.webui.keyword.WebUiBuiltInKeywords$getCSSValue$19.call(Unknown Source)
	at FDR-Update-SCO-Balances-Icons.run(FDR-Update-SCO-Balances-Icons:44)
	at com.kms.katalon.core.main.ScriptEngine.run(ScriptEngine.java:194)
	at com.kms.katalon.core.main.ScriptEngine.runScriptAsRawText(ScriptEngine.java:119)
	at com.kms.katalon.core.main.TestCaseExecutor.runScript(TestCaseExecutor.java:339)
	at com.kms.katalon.core.main.TestCaseExecutor.doExecute(TestCaseExecutor.java:330)
	at com.kms.katalon.core.main.TestCaseExecutor.processExecutionPhase(TestCaseExecutor.java:309)
	at com.kms.katalon.core.main.TestCaseExecutor.accessMainPhase(TestCaseExecutor.java:301)
	at com.kms.katalon.core.main.TestCaseExecutor.execute(TestCaseExecutor.java:235)
	at com.kms.katalon.core.main.TestSuiteExecutor.accessTestCaseMainPhase(TestSuiteExecutor.java:191)
	at com.kms.katalon.core.main.TestSuiteExecutor.accessTestSuiteMainPhase(TestSuiteExecutor.java:141)
	at com.kms.katalon.core.main.TestSuiteExecutor.execute(TestSuiteExecutor.java:90)
	at com.kms.katalon.core.main.TestCaseMain.startTestSuite(TestCaseMain.java:157)
	at com.kms.katalon.core.main.TestCaseMain$startTestSuite$0.call(Unknown Source)
	at TempTestSuite1599589933195.run(TempTestSuite1599589933195.groovy:39)
Caused by: com.kms.katalon.core.exception.StepFailedException: Cannot get CSS 'color' value on 'Object Repository/FDR-Draw/reviewScreen/scoBalanceVerifiedIcon'.
	... 21 more
Caused by: com.kms.katalon.core.webui.exception.WebElementNotFoundException: Web element with id: 'Object Repository/FDR-Draw/reviewScreen/scoBalanceVerifiedIcon' located by '(//*[text()='SCO Balances Verified']//parent::*//*)[1]' not found
	at com.kms.katalon.core.webui.common.WebUiCommonHelper.findWebElement(WebUiCommonHelper.java:1368)
	at com.kms.katalon.core.webui.keyword.internal.WebUIAbstractKeyword.findWebElement(WebUIAbstractKeyword.groovy:27)
	at com.kms.katalon.core.webui.keyword.internal.WebUIAbstractKeyword.findWebElement(WebUIAbstractKeyword.groovy:26)
	at com.kms.katalon.core.webui.keyword.builtin.getCSSValueKeyword$_getCSSValue_closure1.doCall(GetCSSValueKeyword.groovy:75)
	at com.kms.katalon.core.webui.keyword.builtin.getCSSValueKeyword$_getCSSValue_closure1.call(GetCSSValueKeyword.groovy)
	at com.kms.katalon.core.webui.keyword.internal.WebUIKeywordMain.runKeyword(WebUIKeywordMain.groovy:20)
	... 19 more
"/>
         <system-out><![CDATA[2020-09-08 11:42:08 - [TEST_CASE][FAILED] - Test Cases/WEB-UI-TESTS/Draw/FDR-Update-SCO-Balances-Icons: Test Cases/WEB-UI-TESTS/Draw/FDR-Update-SCO-Balances-Icons FAILED.
Reason:
com.kms.katalon.core.exception.StepFailedException: Cannot get CSS 'color' value on 'Object Repository/FDR-Draw/reviewScreen/scoBalanceVerifiedIcon'. (Root cause: com.kms.katalon.core.exception.StepFailedException: Cannot get CSS 'color' value on 'Object Repository/FDR-Draw/reviewScreen/scoBalanceVerifiedIcon'.
	at com.kms.katalon.core.webui.keyword.internal.WebUIKeywordMain.stepFailed(WebUIKeywordMain.groovy:64)
	at com.kms.katalon.core.webui.keyword.internal.WebUIKeywordMain.runKeyword(WebUIKeywordMain.groovy:26)
	at com.kms.katalon.core.webui.keyword.builtin.getCSSValueKeyword.getCSSValue(GetCSSValueKeyword.groovy:84)
	at com.kms.katalon.core.webui.keyword.builtin.getCSSValueKeyword.execute(GetCSSValueKeyword.groovy:68)
	at com.kms.katalon.core.keyword.internal.KeywordExecutor.executeKeywordForPlatform(KeywordExecutor.groovy:73)
	at com.kms.katalon.core.webui.keyword.WebUiBuiltInKeywords.getCSSValue(WebUiBuiltInKeywords.groovy:3534)
	at com.kms.katalon.core.webui.keyword.WebUiBuiltInKeywords$getCSSValue$19.call(Unknown Source)
	at FDR-Update-SCO-Balances-Icons.run(FDR-Update-SCO-Balances-Icons:44)
	at com.kms.katalon.core.main.ScriptEngine.run(ScriptEngine.java:194)
	at com.kms.katalon.core.main.ScriptEngine.runScriptAsRawText(ScriptEngine.java:119)
	at com.kms.katalon.core.main.TestCaseExecutor.runScript(TestCaseExecutor.java:339)
	at com.kms.katalon.core.main.TestCaseExecutor.doExecute(TestCaseExecutor.java:330)
	at com.kms.katalon.core.main.TestCaseExecutor.processExecutionPhase(TestCaseExecutor.java:309)
	at com.kms.katalon.core.main.TestCaseExecutor.accessMainPhase(TestCaseExecutor.java:301)
	at com.kms.katalon.core.main.TestCaseExecutor.execute(TestCaseExecutor.java:235)
	at com.kms.katalon.core.main.TestSuiteExecutor.accessTestCaseMainPhase(TestSuiteExecutor.java:191)
	at com.kms.katalon.core.main.TestSuiteExecutor.accessTestSuiteMainPhase(TestSuiteExecutor.java:141)
	at com.kms.katalon.core.main.TestSuiteExecutor.execute(TestSuiteExecutor.java:90)
	at com.kms.katalon.core.main.TestCaseMain.startTestSuite(TestCaseMain.java:157)
	at com.kms.katalon.core.main.TestCaseMain$startTestSuite$0.call(Unknown Source)
	at TempTestSuite1599589933195.run(TempTestSuite1599589933195.groovy:39)
Caused by: com.kms.katalon.core.webui.exception.WebElementNotFoundException: Web element with id: 'Object Repository/FDR-Draw/reviewScreen/scoBalanceVerifiedIcon' located by '(//*[text()='SCO Balances Verified']//parent::*//*)[1]' not found
	at com.kms.katalon.core.webui.common.WebUiCommonHelper.findWebElement(WebUiCommonHelper.java:1368)
	at com.kms.katalon.core.webui.keyword.internal.WebUIAbstractKeyword.findWebElement(WebUIAbstractKeyword.groovy:27)
	at com.kms.katalon.core.webui.keyword.internal.WebUIAbstractKeyword.findWebElement(WebUIAbstractKeyword.groovy:26)
	at com.kms.katalon.core.webui.keyword.builtin.getCSSValueKeyword$_getCSSValue_closure1.doCall(GetCSSValueKeyword.groovy:75)
	at com.kms.katalon.core.webui.keyword.builtin.getCSSValueKeyword$_getCSSValue_closure1.call(GetCSSValueKeyword.groovy)
	at com.kms.katalon.core.webui.keyword.internal.WebUIKeywordMain.runKeyword(WebUIKeywordMain.groovy:20)
	at com.kms.katalon.core.webui.keyword.builtin.getCSSValueKeyword.getCSSValue(GetCSSValueKeyword.groovy:84)
	at com.kms.katalon.core.webui.keyword.builtin.getCSSValueKeyword.execute(GetCSSValueKeyword.groovy:68)
	at com.kms.katalon.core.keyword.internal.KeywordExecutor.executeKeywordForPlatform(KeywordExecutor.groovy:73)
	at com.kms.katalon.core.webui.keyword.WebUiBuiltInKeywords.getCSSValue(WebUiBuiltInKeywords.groovy:3534)
	at com.kms.katalon.core.webui.keyword.WebUiBuiltInKeywords$getCSSValue$19.call(Unknown Source)
	at Script1591634907012.run(Script1591634907012.groovy:44)
	... 13 more
)
	at com.kms.katalon.core.keyword.internal.KeywordMain.stepFailed(KeywordMain.groovy:39)
	at com.kms.katalon.core.webui.keyword.internal.WebUIKeywordMain.stepFailed(WebUIKeywordMain.groovy:64)
	at com.kms.katalon.core.webui.keyword.internal.WebUIKeywordMain.runKeyword(WebUIKeywordMain.groovy:26)
	at com.kms.katalon.core.webui.keyword.builtin.getCSSValueKeyword.getCSSValue(GetCSSValueKeyword.groovy:84)
	at com.kms.katalon.core.webui.keyword.builtin.getCSSValueKeyword.execute(GetCSSValueKeyword.groovy:68)
	at com.kms.katalon.core.keyword.internal.KeywordExecutor.executeKeywordForPlatform(KeywordExecutor.groovy:73)
	at com.kms.katalon.core.webui.keyword.WebUiBuiltInKeywords.getCSSValue(WebUiBuiltInKeywords.groovy:3534)
	at com.kms.katalon.core.webui.keyword.WebUiBuiltInKeywords$getCSSValue$19.call(Unknown Source)
	at FDR-Update-SCO-Balances-Icons.run(FDR-Update-SCO-Balances-Icons:44)
	at com.kms.katalon.core.main.ScriptEngine.run(ScriptEngine.java:194)
	at com.kms.katalon.core.main.ScriptEngine.runScriptAsRawText(ScriptEngine.java:119)
	at com.kms.katalon.core.main.TestCaseExecutor.runScript(TestCaseExecutor.java:339)
	at com.kms.katalon.core.main.TestCaseExecutor.doExecute(TestCaseExecutor.java:330)
	at com.kms.katalon.core.main.TestCaseExecutor.processExecutionPhase(TestCaseExecutor.java:309)
	at com.kms.katalon.core.main.TestCaseExecutor.accessMainPhase(TestCaseExecutor.java:301)
	at com.kms.katalon.core.main.TestCaseExecutor.execute(TestCaseExecutor.java:235)
	at com.kms.katalon.core.main.TestSuiteExecutor.accessTestCaseMainPhase(TestSuiteExecutor.java:191)
	at com.kms.katalon.core.main.TestSuiteExecutor.accessTestSuiteMainPhase(TestSuiteExecutor.java:141)
	at com.kms.katalon.core.main.TestSuiteExecutor.execute(TestSuiteExecutor.java:90)
	at com.kms.katalon.core.main.TestCaseMain.startTestSuite(TestCaseMain.java:157)
	at com.kms.katalon.core.main.TestCaseMain$startTestSuite$0.call(Unknown Source)
	at TempTestSuite1599589933195.run(TempTestSuite1599589933195.groovy:39)
Caused by: com.kms.katalon.core.exception.StepFailedException: Cannot get CSS 'color' value on 'Object Repository/FDR-Draw/reviewScreen/scoBalanceVerifiedIcon'.
	... 21 more
Caused by: com.kms.katalon.core.webui.exception.WebElementNotFoundException: Web element with id: 'Object Repository/FDR-Draw/reviewScreen/scoBalanceVerifiedIcon' located by '(//*[text()='SCO Balances Verified']//parent::*//*)[1]' not found
	at com.kms.katalon.core.webui.common.WebUiCommonHelper.findWebElement(WebUiCommonHelper.java:1368)
	at com.kms.katalon.core.webui.keyword.internal.WebUIAbstractKeyword.findWebElement(WebUIAbstractKeyword.groovy:27)
	at com.kms.katalon.core.webui.keyword.internal.WebUIAbstractKeyword.findWebElement(WebUIAbstractKeyword.groovy:26)
	at com.kms.katalon.core.webui.keyword.builtin.getCSSValueKeyword$_getCSSValue_closure1.doCall(GetCSSValueKeyword.groovy:75)
	at com.kms.katalon.core.webui.keyword.builtin.getCSSValueKeyword$_getCSSValue_closure1.call(GetCSSValueKeyword.groovy)
	at com.kms.katalon.core.webui.keyword.internal.WebUIKeywordMain.runKeyword(WebUIKeywordMain.groovy:20)
	... 19 more


2020-09-08 11:42:08 - [TEST_STEP][PASSED] - Start listener action : sampleBeforeTestCase: null

2020-09-08 11:42:08 - [TEST_STEP][PASSED] - profileName = getExecutionProfile(): null

2020-09-08 11:42:08 - [TEST_STEP][PASSED] - switch (profileName): null

2020-09-08 11:42:08 - [TEST_STEP][PASSED] - case "superUser":: null

2020-09-08 11:42:08 - [TEST_STEP][PASSED] - return null: null

2020-09-08 11:42:08 - [TEST_STEP][PASSED] - Start listener action : beforeTestCase: null

2020-09-08 11:42:08 - [TEST_STEP][PASSED] - profileName = getExecutionProfile(): null

2020-09-08 11:42:08 - [TEST_STEP][PASSED] - if (profileName.equalsIgnoreCase("SysAdmin")): null

2020-09-08 11:42:08 - [TEST_STEP][PASSED] - Start listener action : sampleBeforeTestCase: Navigate to 'https://fdr-katalon.cammis-mod-dev.dhcs.ca.gov' successfully

2020-09-08 11:42:08 - [TEST_STEP][PASSED] - profileName = getExecutionProfile(): null

2020-09-08 11:42:08 - [TEST_STEP][PASSED] - testCaseId = testCaseContext.getTestCaseId(): null

2020-09-08 11:42:08 - [TEST_STEP][PASSED] - switch (profileName): null

2020-09-08 11:42:08 - [TEST_STEP][PASSED] - case "Draw":: null

2020-09-08 11:42:08 - [TEST_STEP][PASSED] - if (account6TestCases.contains(testCaseId)): null

2020-09-08 11:42:08 - [TEST_STEP][PASSED] - else if (account2TestCases.contains(testCaseId)): null

2020-09-08 11:42:08 - [TEST_STEP][PASSED] - else if (account4TestCases.contains(testCaseId)): null

2020-09-08 11:42:08 - [TEST_STEP][PASSED] - else: Object: 'Object Repository/FDR-SignIn/SignInButton' is clicked on

2020-09-08 11:42:08 - [TEST_STEP][PASSED] - Uifunctions.loginFDR(drawCashierAcc7, drawCashierAcc7Pwd): Object: 'Object Repository/FDR-SignIn/SignInButton' is clicked on

2020-09-08 11:42:08 - [MESSAGE][INFO] - Starting 'Chrome' driver

2020-09-08 11:42:08 - [MESSAGE][INFO] - Action delay is set to 0 milliseconds

2020-09-08 11:42:11 - [MESSAGE][PASSED] - Browser is opened with url: ''

2020-09-08 11:42:13 - [MESSAGE][PASSED] - Current window maximized

2020-09-08 11:42:15 - [MESSAGE][PASSED] - Navigate to 'https://fdr-katalon.cammis-mod-dev.dhcs.ca.gov' successfully

2020-09-08 11:42:16 - [MESSAGE][PASSED] - Object 'Object Repository/FDR-SignIn/SignInEmail' is present

2020-09-08 11:42:16 - [MESSAGE][PASSED] - Object: 'Object Repository/FDR-SignIn/SignInEmail' is clicked on

2020-09-08 11:42:17 - [MESSAGE][PASSED] - Object 'Object Repository/FDR-SignIn/SignInEmail' is present

2020-09-08 11:42:17 - [MESSAGE][PASSED] - Text 'fdr.test7@dhcs.ca.gov' is set on object 'Object Repository/FDR-SignIn/SignInEmail'

2020-09-08 11:42:17 - [MESSAGE][PASSED] - Object 'Object Repository/FDR-SignIn/SignInEmailNext' is visible

2020-09-08 11:42:18 - [MESSAGE][PASSED] - Object: 'Object Repository/FDR-SignIn/SignInEmailNext' is clicked on

2020-09-08 11:42:24 - [MESSAGE][PASSED] - Object 'Object Repository/FDR-SignIn/SignInEmailPassword' is visible

2020-09-08 11:42:24 - [MESSAGE][PASSED] - Object: 'Object Repository/FDR-SignIn/SignInEmailPassword' is clicked on

2020-09-08 11:42:25 - [MESSAGE][PASSED] - Text ****** has been set on object 'Object Repository/FDR-SignIn/SignInEmailPassword'

2020-09-08 11:42:26 - [MESSAGE][PASSED] - Object: 'Object Repository/FDR-SignIn/SignInButton' is clicked on

2020-09-08 11:42:26 - [TEST_STEP][PASSED] - break: null

2020-09-08 11:42:26 - [TEST_STEP][PASSED] - navigateToUrl(URL): Navigate to 'https://fdr-katalon.cammis-mod-dev.dhcs.ca.gov' successfully

2020-09-08 11:42:27 - [MESSAGE][PASSED] - Navigate to 'https://fdr-katalon.cammis-mod-dev.dhcs.ca.gov' successfully

2020-09-08 11:42:27 - [TEST_STEP][PASSED] - Start listener action : executeRows: null

2020-09-08 11:42:27 - [TEST_STEP][PASSED] - grayRGBValue = "rgba(190, 194, 199, 1)": null

2020-09-08 11:42:27 - [TEST_STEP][PASSED] - greenRGBValue = "rgba(71, 185, 112, 1)": null

2020-09-08 11:42:27 - [TEST_STEP][PASSED] - redRGBValue = "rgba(190, 71, 39, 1)": null

2020-09-08 11:42:27 - [TEST_STEP][PASSED] - scoBalanceStatus = 0: null

2020-09-08 11:42:27 - [TEST_STEP][PASSED] - documentAmountsStatus = 0: null

2020-09-08 11:42:27 - [TEST_STEP][PASSED] - postDrawBalancesStatus = 0: null

2020-09-08 11:42:27 - [TEST_STEP][PASSED] - drawClosed = 0: null

2020-09-08 11:42:27 - [TEST_STEP][PASSED] - drawDate = "10/05/2020": null

2020-09-08 11:42:27 - [TEST_STEP][PASSED] - waitForElementPresent(findTestObject("FDR-Dashboard/createNewVoucherButton"), 2): Object 'Object Repository/FDR-Dashboard/createNewVoucherButton' is not present after 2 second(s)

2020-09-08 11:42:30 - [MESSAGE][INFO] - Unable to find the element located by 'By.xpath: //*[@data-id='button-link']//*[contains(text(),'Create New Voucher')]'. Please recheck the objects properties to make sure the desired element is located. 

2020-09-08 11:42:30 - [MESSAGE][WARNING] - Object 'Object Repository/FDR-Dashboard/createNewVoucherButton' is not present after 2 second(s)

2020-09-08 11:42:30 - [TEST_STEP][PASSED] - Uifunctions.clickOnReconcileButton(drawDate): Text of object 'drawDate' is: '09/28/2020'

2020-09-08 11:42:30 - [MESSAGE][PASSED] - Object: 'expandButton' is clicked on

2020-09-08 11:42:35 - [MESSAGE][INFO] - Unable to find the element located by 'By.xpath: //*[@data-id='button-link']//*[contains(text(),'Create New Voucher')]'. Please recheck the objects properties to make sure the desired element is located. 

2020-09-08 11:42:35 - [MESSAGE][WARNING] - Object 'Object Repository/FDR-Dashboard/createNewVoucherButton' is not present after 3 second(s)

2020-09-08 11:42:35 - [MESSAGE][PASSED] - Text of object 'drawDate' is: '09/23/2020'

2020-09-08 11:42:35 - [MESSAGE][PASSED] - Text of object 'drawDate' is: '09/28/2020'

2020-09-08 11:42:35 - [TEST_STEP][PASSED] - waitForElementPresent(findTestObject("FDR-Dashboard/createNewVoucherButton"), 5): Object 'Object Repository/FDR-Dashboard/createNewVoucherButton' is not present after 5 second(s)

2020-09-08 11:42:41 - [MESSAGE][INFO] - Unable to find the element located by 'By.xpath: //*[@data-id='button-link']//*[contains(text(),'Create New Voucher')]'. Please recheck the objects properties to make sure the desired element is located. 

2020-09-08 11:42:41 - [MESSAGE][WARNING] - Object 'Object Repository/FDR-Dashboard/createNewVoucherButton' is not present after 5 second(s)

2020-09-08 11:42:41 - [TEST_STEP][FAILED] - scoBalanceIconStatus = getCSSValue(findTestObject("Object Repository/FDR-Draw/reviewScreen/scoBalanceVerifiedIcon"), "color"): Cannot get CSS 'color' value on 'Object Repository/FDR-Draw/reviewScreen/scoBalanceVerifiedIcon'. (Root cause: com.kms.katalon.core.exception.StepFailedException: Cannot get CSS 'color' value on 'Object Repository/FDR-Draw/reviewScreen/scoBalanceVerifiedIcon'.
	at com.kms.katalon.core.webui.keyword.internal.WebUIKeywordMain.stepFailed(WebUIKeywordMain.groovy:64)
	at com.kms.katalon.core.webui.keyword.internal.WebUIKeywordMain.runKeyword(WebUIKeywordMain.groovy:26)
	at com.kms.katalon.core.webui.keyword.builtin.getCSSValueKeyword.getCSSValue(GetCSSValueKeyword.groovy:84)
	at com.kms.katalon.core.webui.keyword.builtin.getCSSValueKeyword.execute(GetCSSValueKeyword.groovy:68)
	at com.kms.katalon.core.keyword.internal.KeywordExecutor.executeKeywordForPlatform(KeywordExecutor.groovy:73)
	at com.kms.katalon.core.webui.keyword.WebUiBuiltInKeywords.getCSSValue(WebUiBuiltInKeywords.groovy:3534)
	at com.kms.katalon.core.webui.keyword.WebUiBuiltInKeywords$getCSSValue$19.call(Unknown Source)
	at FDR-Update-SCO-Balances-Icons.run(FDR-Update-SCO-Balances-Icons:44)
	at com.kms.katalon.core.main.ScriptEngine.run(ScriptEngine.java:194)
	at com.kms.katalon.core.main.ScriptEngine.runScriptAsRawText(ScriptEngine.java:119)
	at com.kms.katalon.core.main.TestCaseExecutor.runScript(TestCaseExecutor.java:339)
	at com.kms.katalon.core.main.TestCaseExecutor.doExecute(TestCaseExecutor.java:330)
	at com.kms.katalon.core.main.TestCaseExecutor.processExecutionPhase(TestCaseExecutor.java:309)
	at com.kms.katalon.core.main.TestCaseExecutor.accessMainPhase(TestCaseExecutor.java:301)
	at com.kms.katalon.core.main.TestCaseExecutor.execute(TestCaseExecutor.java:235)
	at com.kms.katalon.core.main.TestSuiteExecutor.accessTestCaseMainPhase(TestSuiteExecutor.java:191)
	at com.kms.katalon.core.main.TestSuiteExecutor.accessTestSuiteMainPhase(TestSuiteExecutor.java:141)
	at com.kms.katalon.core.main.TestSuiteExecutor.execute(TestSuiteExecutor.java:90)
	at com.kms.katalon.core.main.TestCaseMain.startTestSuite(TestCaseMain.java:157)
	at com.kms.katalon.core.main.TestCaseMain$startTestSuite$0.call(Unknown Source)
	at TempTestSuite1599589933195.run(TempTestSuite1599589933195.groovy:39)
Caused by: com.kms.katalon.core.webui.exception.WebElementNotFoundException: Web element with id: 'Object Repository/FDR-Draw/reviewScreen/scoBalanceVerifiedIcon' located by '(//*[text()='SCO Balances Verified']//parent::*//*)[1]' not found
	at com.kms.katalon.core.webui.common.WebUiCommonHelper.findWebElement(WebUiCommonHelper.java:1368)
	at com.kms.katalon.core.webui.keyword.internal.WebUIAbstractKeyword.findWebElement(WebUIAbstractKeyword.groovy:27)
	at com.kms.katalon.core.webui.keyword.internal.WebUIAbstractKeyword.findWebElement(WebUIAbstractKeyword.groovy:26)
	at com.kms.katalon.core.webui.keyword.builtin.getCSSValueKeyword$_getCSSValue_closure1.doCall(GetCSSValueKeyword.groovy:75)
	at com.kms.katalon.core.webui.keyword.builtin.getCSSValueKeyword$_getCSSValue_closure1.call(GetCSSValueKeyword.groovy)
	at com.kms.katalon.core.webui.keyword.internal.WebUIKeywordMain.runKeyword(WebUIKeywordMain.groovy:20)
	at com.kms.katalon.core.webui.keyword.builtin.getCSSValueKeyword.getCSSValue(GetCSSValueKeyword.groovy:84)
	at com.kms.katalon.core.webui.keyword.builtin.getCSSValueKeyword.execute(GetCSSValueKeyword.groovy:68)
	at com.kms.katalon.core.keyword.internal.KeywordExecutor.executeKeywordForPlatform(KeywordExecutor.groovy:73)
	at com.kms.katalon.core.webui.keyword.WebUiBuiltInKeywords.getCSSValue(WebUiBuiltInKeywords.groovy:3534)
	at com.kms.katalon.core.webui.keyword.WebUiBuiltInKeywords$getCSSValue$19.call(Unknown Source)
	at Script1591634907012.run(Script1591634907012.groovy:44)
	... 13 more
)

2020-09-08 11:42:46 - [MESSAGE][INFO] - Unable to find the element located by 'By.xpath: (//*[text()='SCO Balances Verified']//parent::*//*)[1]'. Please recheck the objects properties to make sure the desired element is located. 

2020-09-08 11:42:46 - [MESSAGE][FAILED] - Cannot get CSS 'color' value on 'Object Repository/FDR-Draw/reviewScreen/scoBalanceVerifiedIcon'. (Root cause: com.kms.katalon.core.exception.StepFailedException: Cannot get CSS 'color' value on 'Object Repository/FDR-Draw/reviewScreen/scoBalanceVerifiedIcon'.
	at com.kms.katalon.core.webui.keyword.internal.WebUIKeywordMain.stepFailed(WebUIKeywordMain.groovy:64)
	at com.kms.katalon.core.webui.keyword.internal.WebUIKeywordMain.runKeyword(WebUIKeywordMain.groovy:26)
	at com.kms.katalon.core.webui.keyword.builtin.getCSSValueKeyword.getCSSValue(GetCSSValueKeyword.groovy:84)
	at com.kms.katalon.core.webui.keyword.builtin.getCSSValueKeyword.execute(GetCSSValueKeyword.groovy:68)
	at com.kms.katalon.core.keyword.internal.KeywordExecutor.executeKeywordForPlatform(KeywordExecutor.groovy:73)
	at com.kms.katalon.core.webui.keyword.WebUiBuiltInKeywords.getCSSValue(WebUiBuiltInKeywords.groovy:3534)
	at com.kms.katalon.core.webui.keyword.WebUiBuiltInKeywords$getCSSValue$19.call(Unknown Source)
	at FDR-Update-SCO-Balances-Icons.run(FDR-Update-SCO-Balances-Icons:44)
	at com.kms.katalon.core.main.ScriptEngine.run(ScriptEngine.java:194)
	at com.kms.katalon.core.main.ScriptEngine.runScriptAsRawText(ScriptEngine.java:119)
	at com.kms.katalon.core.main.TestCaseExecutor.runScript(TestCaseExecutor.java:339)
	at com.kms.katalon.core.main.TestCaseExecutor.doExecute(TestCaseExecutor.java:330)
	at com.kms.katalon.core.main.TestCaseExecutor.processExecutionPhase(TestCaseExecutor.java:309)
	at com.kms.katalon.core.main.TestCaseExecutor.accessMainPhase(TestCaseExecutor.java:301)
	at com.kms.katalon.core.main.TestCaseExecutor.execute(TestCaseExecutor.java:235)
	at com.kms.katalon.core.main.TestSuiteExecutor.accessTestCaseMainPhase(TestSuiteExecutor.java:191)
	at com.kms.katalon.core.main.TestSuiteExecutor.accessTestSuiteMainPhase(TestSuiteExecutor.java:141)
	at com.kms.katalon.core.main.TestSuiteExecutor.execute(TestSuiteExecutor.java:90)
	at com.kms.katalon.core.main.TestCaseMain.startTestSuite(TestCaseMain.java:157)
	at com.kms.katalon.core.main.TestCaseMain$startTestSuite$0.call(Unknown Source)
	at TempTestSuite1599589933195.run(TempTestSuite1599589933195.groovy:39)
Caused by: com.kms.katalon.core.webui.exception.WebElementNotFoundException: Web element with id: 'Object Repository/FDR-Draw/reviewScreen/scoBalanceVerifiedIcon' located by '(//*[text()='SCO Balances Verified']//parent::*//*)[1]' not found
	at com.kms.katalon.core.webui.common.WebUiCommonHelper.findWebElement(WebUiCommonHelper.java:1368)
	at com.kms.katalon.core.webui.keyword.internal.WebUIAbstractKeyword.findWebElement(WebUIAbstractKeyword.groovy:27)
	at com.kms.katalon.core.webui.keyword.internal.WebUIAbstractKeyword.findWebElement(WebUIAbstractKeyword.groovy:26)
	at com.kms.katalon.core.webui.keyword.builtin.getCSSValueKeyword$_getCSSValue_closure1.doCall(GetCSSValueKeyword.groovy:75)
	at com.kms.katalon.core.webui.keyword.builtin.getCSSValueKeyword$_getCSSValue_closure1.call(GetCSSValueKeyword.groovy)
	at com.kms.katalon.core.webui.keyword.internal.WebUIKeywordMain.runKeyword(WebUIKeywordMain.groovy:20)
	at com.kms.katalon.core.webui.keyword.builtin.getCSSValueKeyword.getCSSValue(GetCSSValueKeyword.groovy:84)
	at com.kms.katalon.core.webui.keyword.builtin.getCSSValueKeyword.execute(GetCSSValueKeyword.groovy:68)
	at com.kms.katalon.core.keyword.internal.KeywordExecutor.executeKeywordForPlatform(KeywordExecutor.groovy:73)
	at com.kms.katalon.core.webui.keyword.WebUiBuiltInKeywords.getCSSValue(WebUiBuiltInKeywords.groovy:3534)
	at com.kms.katalon.core.webui.keyword.WebUiBuiltInKeywords$getCSSValue$19.call(Unknown Source)
	at Script1591634907012.run(Script1591634907012.groovy:44)
	... 13 more
)
[[ATTACHMENT|C:\\fdr-automation-develop_08_25_2020\\Reports\\20200908_113210\\Draw-Integration_Suite\\20200908_113213\\1599590566247.png]]

2020-09-08 11:42:46 - [TEST_STEP][PASSED] - if (scoBalanceIconStatus == grayRGBValue): null

2020-09-08 11:42:46 - [TEST_STEP][PASSED] - else if (scoBalanceIconStatus == greenRGBValue): null

2020-09-08 11:42:46 - [TEST_STEP][FAILED] - else: scoBalance Icon color  is neither Green nor Gray

2020-09-08 11:42:46 - [TEST_STEP][FAILED] - markFailed("scoBalance Icon color  is neither Green nor Gray"): scoBalance Icon color  is neither Green nor Gray

2020-09-08 11:42:46 - [MESSAGE][FAILED] - scoBalance Icon color  is neither Green nor Gray

2020-09-08 11:42:46 - [TEST_STEP][PASSED] - Uifunctions.updateSCOBalances("0"): Object 'Object Repository/FDR-Draw/reconcileButton' is present

2020-09-08 11:42:51 - [MESSAGE][INFO] - Unable to find the element located by 'By.xpath: //*[@data-id='button-link']//*[contains(text(),'Create New Voucher')]'. Please recheck the objects properties to make sure the desired element is located. 

2020-09-08 11:42:51 - [MESSAGE][WARNING] - Object 'Object Repository/FDR-Dashboard/createNewVoucherButton' is not present after 4 second(s)

2020-09-08 11:42:52 - [MESSAGE][FAILED] - Unable to click on object 'Object Repository/FDR-Draw/SCOBalances/buttonUpdateSCO' (Root cause: com.kms.katalon.core.exception.StepFailedException: Unable to click on object 'Object Repository/FDR-Draw/SCOBalances/buttonUpdateSCO'
	at com.kms.katalon.core.webui.keyword.internal.WebUIKeywordMain.stepFailed(WebUIKeywordMain.groovy:64)
	at com.kms.katalon.core.webui.keyword.internal.WebUIKeywordMain.runKeyword(WebUIKeywordMain.groovy:26)
	at com.kms.katalon.core.webui.keyword.builtin.ClickKeyword.click(ClickKeyword.groovy:76)
	at com.kms.katalon.core.webui.keyword.builtin.ClickKeyword.execute(ClickKeyword.groovy:43)
	at com.kms.katalon.core.keyword.internal.KeywordExecutor.executeKeywordForPlatform(KeywordExecutor.groovy:73)
	at com.kms.katalon.core.webui.keyword.WebUiBuiltInKeywords.click(WebUiBuiltInKeywords.groovy:616)
	at com.kms.katalon.core.webui.keyword.WebUiBuiltInKeywords$click$6.call(Unknown Source)
	at com.functions.Uifunctions.updateSCOBalances(Uifunctions.groovy:291)
	at com.functions.Uifunctions$updateSCOBalances$6.call(Unknown Source)
	at FDR-Update-SCO-Balances-Icons.run(FDR-Update-SCO-Balances-Icons:55)
	at com.kms.katalon.core.main.ScriptEngine.run(ScriptEngine.java:194)
	at com.kms.katalon.core.main.ScriptEngine.runScriptAsRawText(ScriptEngine.java:119)
	at com.kms.katalon.core.main.TestCaseExecutor.runScript(TestCaseExecutor.java:339)
	at com.kms.katalon.core.main.TestCaseExecutor.doExecute(TestCaseExecutor.java:330)
	at com.kms.katalon.core.main.TestCaseExecutor.processExecutionPhase(TestCaseExecutor.java:309)
	at com.kms.katalon.core.main.TestCaseExecutor.accessMainPhase(TestCaseExecutor.java:301)
	at com.kms.katalon.core.main.TestCaseExecutor.execute(TestCaseExecutor.java:235)
	at com.kms.katalon.core.main.TestSuiteExecutor.accessTestCaseMainPhase(TestSuiteExecutor.java:191)
	at com.kms.katalon.core.main.TestSuiteExecutor.accessTestSuiteMainPhase(TestSuiteExecutor.java:141)
	at com.kms.katalon.core.main.TestSuiteExecutor.execute(TestSuiteExecutor.java:90)
	at com.kms.katalon.core.main.TestCaseMain.startTestSuite(TestCaseMain.java:157)
	at com.kms.katalon.core.main.TestCaseMain$startTestSuite$0.call(Unknown Source)
	at TempTestSuite1599589933195.run(TempTestSuite1599589933195.groovy:39)
Caused by: org.openqa.selenium.ElementNotInteractableException: element not interactable
  (Session info: chrome=85.0.4183.83)
Build info: version: '3.141.59', revision: 'e82be7d358', time: '2018-11-14T08:25:53'
System info: host: 'DESKTOP-9VU7G8T', ip: '192.168.1.188', os.name: 'Windows 10', os.arch: 'amd64', os.version: '10.0', java.version: '1.8.0_181'
Driver info: com.kms.katalon.selenium.driver.CChromeDriver
Capabilities {acceptInsecureCerts: false, browserName: chrome, browserVersion: 85.0.4183.83, chrome: {chromedriverVersion: 85.0.4183.87 (cd6713ebf92fa..., userDataDir: C:\Users\NAGESH~1.ALL\AppDa...}, goog:chromeOptions: {debuggerAddress: localhost:55805}, javascriptEnabled: true, networkConnectionEnabled: false, pageLoadStrategy: normal, platform: WINDOWS, platformName: WINDOWS, proxy: Proxy(), setWindowRect: true, strictFileInteractability: false, timeouts: {implicit: 0, pageLoad: 300000, script: 30000}, unhandledPromptBehavior: dismiss and notify, webauthn:virtualAuthenticators: true}
Session ID: 511aee2560964b024ae65a6d5353ddcf
	at org.openqa.selenium.remote.http.W3CHttpResponseCodec.createException(W3CHttpResponseCodec.java:187)
	at org.openqa.selenium.remote.http.W3CHttpResponseCodec.decode(W3CHttpResponseCodec.java:122)
	at org.openqa.selenium.remote.http.W3CHttpResponseCodec.decode(W3CHttpResponseCodec.java:49)
	at org.openqa.selenium.remote.HttpCommandExecutor.execute(HttpCommandExecutor.java:158)
	at org.openqa.selenium.remote.service.DriverCommandExecutor.execute(DriverCommandExecutor.java:83)
	at org.openqa.selenium.remote.RemoteWebDriver.execute(RemoteWebDriver.java:552)
	at com.kms.katalon.selenium.driver.CChromeDriver.execute(CChromeDriver.java:19)
	at org.openqa.selenium.remote.RemoteWebElement.execute(RemoteWebElement.java:285)
	at org.openqa.selenium.remote.RemoteWebElement.click(RemoteWebElement.java:84)
	at org.openqa.selenium.support.events.EventFiringWebDriver$EventFiringWebElement.lambda$new$0(EventFiringWebDriver.java:404)
	at com.sun.proxy.$Proxy13.click(Unknown Source)
	at org.openqa.selenium.support.events.EventFiringWebDriver$EventFiringWebElement.click(EventFiringWebDriver.java:417)
	at com.kms.katalon.core.webui.keyword.builtin.ClickKeyword$_click_closure1.doCall(ClickKeyword.groovy:69)
	at com.kms.katalon.core.webui.keyword.builtin.ClickKeyword$_click_closure1.call(ClickKeyword.groovy)
	at com.kms.katalon.core.webui.keyword.internal.WebUIKeywordMain.runKeyword(WebUIKeywordMain.groovy:20)
	at com.kms.katalon.core.webui.keyword.builtin.ClickKeyword.click(ClickKeyword.groovy:76)
	at com.kms.katalon.core.webui.keyword.builtin.ClickKeyword.execute(ClickKeyword.groovy:43)
	at com.kms.katalon.core.keyword.internal.KeywordExecutor.executeKeywordForPlatform(KeywordExecutor.groovy:73)
	at com.kms.katalon.core.webui.keyword.WebUiBuiltInKeywords.click(WebUiBuiltInKeywords.groovy:616)
	at com.kms.katalon.core.webui.keyword.WebUiBuiltInKeywords$click$6.call(Unknown Source)
	at com.functions.Uifunctions.updateSCOBalances(Uifunctions.groovy:291)
	at com.functions.Uifunctions$updateSCOBalances$6.call(Unknown Source)
	at Script1591634907012.run(Script1591634907012.groovy:55)
	... 13 more
)
[[ATTACHMENT|C:\\fdr-automation-develop_08_25_2020\\Reports\\20200908_113210\\Draw-Integration_Suite\\20200908_113213\\1599590571964.png]]

2020-09-08 11:42:55 - [MESSAGE][PASSED] - Delayed 3 second(s)

2020-09-08 11:42:59 - [MESSAGE][INFO] - Unable to find the element located by 'By.xpath: (//*[@data-id='text-field'])[1]//input'. Please recheck the objects properties to make sure the desired element is located. 

2020-09-08 11:42:59 - [MESSAGE][FAILED] - Unable to click on object 'Object Repository/FDR-Draw/SCOBalances/updateFundBalanceInputText1' (Root cause: com.kms.katalon.core.exception.StepFailedException: Unable to click on object 'Object Repository/FDR-Draw/SCOBalances/updateFundBalanceInputText1'
	at com.kms.katalon.core.webui.keyword.internal.WebUIKeywordMain.stepFailed(WebUIKeywordMain.groovy:64)
	at com.kms.katalon.core.webui.keyword.internal.WebUIKeywordMain.runKeyword(WebUIKeywordMain.groovy:26)
	at com.kms.katalon.core.webui.keyword.builtin.ClickKeyword.click(ClickKeyword.groovy:76)
	at com.kms.katalon.core.webui.keyword.builtin.ClickKeyword.execute(ClickKeyword.groovy:43)
	at com.kms.katalon.core.keyword.internal.KeywordExecutor.executeKeywordForPlatform(KeywordExecutor.groovy:73)
	at com.kms.katalon.core.webui.keyword.WebUiBuiltInKeywords.click(WebUiBuiltInKeywords.groovy:616)
	at com.kms.katalon.core.webui.keyword.WebUiBuiltInKeywords$click$6.call(Unknown Source)
	at com.functions.Uifunctions.updateSCOBalances(Uifunctions.groovy:293)
	at com.functions.Uifunctions$updateSCOBalances$6.call(Unknown Source)
	at FDR-Update-SCO-Balances-Icons.run(FDR-Update-SCO-Balances-Icons:55)
	at com.kms.katalon.core.main.ScriptEngine.run(ScriptEngine.java:194)
	at com.kms.katalon.core.main.ScriptEngine.runScriptAsRawText(ScriptEngine.java:119)
	at com.kms.katalon.core.main.TestCaseExecutor.runScript(TestCaseExecutor.java:339)
	at com.kms.katalon.core.main.TestCaseExecutor.doExecute(TestCaseExecutor.java:330)
	at com.kms.katalon.core.main.TestCaseExecutor.processExecutionPhase(TestCaseExecutor.java:309)
	at com.kms.katalon.core.main.TestCaseExecutor.accessMainPhase(TestCaseExecutor.java:301)
	at com.kms.katalon.core.main.TestCaseExecutor.execute(TestCaseExecutor.java:235)
	at com.kms.katalon.core.main.TestSuiteExecutor.accessTestCaseMainPhase(TestSuiteExecutor.java:191)
	at com.kms.katalon.core.main.TestSuiteExecutor.accessTestSuiteMainPhase(TestSuiteExecutor.java:141)
	at com.kms.katalon.core.main.TestSuiteExecutor.execute(TestSuiteExecutor.java:90)
	at com.kms.katalon.core.main.TestCaseMain.startTestSuite(TestCaseMain.java:157)
	at com.kms.katalon.core.main.TestCaseMain$startTestSuite$0.call(Unknown Source)
	at TempTestSuite1599589933195.run(TempTestSuite1599589933195.groovy:39)
Caused by: com.kms.katalon.core.webui.exception.WebElementNotFoundException: Web element with id: 'Object Repository/FDR-Draw/SCOBalances/updateFundBalanceInputText1' located by '(//*[@data-id='text-field'])[1]//input' not found
	at com.kms.katalon.core.webui.common.WebUiCommonHelper.findWebElement(WebUiCommonHelper.java:1368)
	at com.kms.katalon.core.webui.keyword.internal.WebUIAbstractKeyword.findWebElement(WebUIAbstractKeyword.groovy:27)
	at com.kms.katalon.core.webui.keyword.internal.WebUIAbstractKeyword.findWebElement(WebUIAbstractKeyword.groovy:26)
	at com.kms.katalon.core.webui.keyword.builtin.ClickKeyword$_click_closure1.doCall(ClickKeyword.groovy:67)
	at com.kms.katalon.core.webui.keyword.builtin.ClickKeyword$_click_closure1.call(ClickKeyword.groovy)
	at com.kms.katalon.core.webui.keyword.internal.WebUIKeywordMain.runKeyword(WebUIKeywordMain.groovy:20)
	at com.kms.katalon.core.webui.keyword.builtin.ClickKeyword.click(ClickKeyword.groovy:76)
	at com.kms.katalon.core.webui.keyword.builtin.ClickKeyword.execute(ClickKeyword.groovy:43)
	at com.kms.katalon.core.keyword.internal.KeywordExecutor.executeKeywordForPlatform(KeywordExecutor.groovy:73)
	at com.kms.katalon.core.webui.keyword.WebUiBuiltInKeywords.click(WebUiBuiltInKeywords.groovy:616)
	at com.kms.katalon.core.webui.keyword.WebUiBuiltInKeywords$click$6.call(Unknown Source)
	at com.functions.Uifunctions.updateSCOBalances(Uifunctions.groovy:293)
	at com.functions.Uifunctions$updateSCOBalances$6.call(Unknown Source)
	at Script1591634907012.run(Script1591634907012.groovy:55)
	... 13 more
)
[[ATTACHMENT|C:\\fdr-automation-develop_08_25_2020\\Reports\\20200908_113210\\Draw-Integration_Suite\\20200908_113213\\1599590579316.png]]

2020-09-08 11:43:01 - [MESSAGE][INFO] - Unable to find the element located by 'By.xpath: //*[@data-id='button-link']//*[contains(text(),'Create New Voucher')]'. Please recheck the objects properties to make sure the desired element is located. 

2020-09-08 11:43:01 - [MESSAGE][WARNING] - Object 'Object Repository/FDR-Dashboard/createNewVoucherButton' is not present after 1 second(s)

2020-09-08 11:43:05 - [MESSAGE][INFO] - Unable to find the element located by 'By.xpath: (//*[@type='text'])[1]'. Please recheck the objects properties to make sure the desired element is located. 

2020-09-08 11:43:06 - [MESSAGE][FAILED] - Unable to set text '120' of object 'Object Repository/FDR-Draw/SCOBalances/inputTextBalance1' (Root cause: com.kms.katalon.core.exception.StepFailedException: Unable to set text '120' of object 'Object Repository/FDR-Draw/SCOBalances/inputTextBalance1'
	at com.kms.katalon.core.webui.keyword.internal.WebUIKeywordMain.stepFailed(WebUIKeywordMain.groovy:64)
	at com.kms.katalon.core.webui.keyword.internal.WebUIKeywordMain.runKeyword(WebUIKeywordMain.groovy:26)
	at com.kms.katalon.core.webui.keyword.builtin.SetTextKeyword.setText(SetTextKeyword.groovy:66)
	at com.kms.katalon.core.webui.keyword.builtin.SetTextKeyword.execute(SetTextKeyword.groovy:37)
	at com.kms.katalon.core.keyword.internal.KeywordExecutor.executeKeywordForPlatform(KeywordExecutor.groovy:73)
	at com.kms.katalon.core.webui.keyword.WebUiBuiltInKeywords.setText(WebUiBuiltInKeywords.groovy:976)
	at com.kms.katalon.core.webui.keyword.WebUiBuiltInKeywords$setText$4.call(Unknown Source)
	at com.functions.Uifunctions.updateSCOBalances(Uifunctions.groovy:295)
	at com.functions.Uifunctions$updateSCOBalances$6.call(Unknown Source)
	at FDR-Update-SCO-Balances-Icons.run(FDR-Update-SCO-Balances-Icons:55)
	at com.kms.katalon.core.main.ScriptEngine.run(ScriptEngine.java:194)
	at com.kms.katalon.core.main.ScriptEngine.runScriptAsRawText(ScriptEngine.java:119)
	at com.kms.katalon.core.main.TestCaseExecutor.runScript(TestCaseExecutor.java:339)
	at com.kms.katalon.core.main.TestCaseExecutor.doExecute(TestCaseExecutor.java:330)
	at com.kms.katalon.core.main.TestCaseExecutor.processExecutionPhase(TestCaseExecutor.java:309)
	at com.kms.katalon.core.main.TestCaseExecutor.accessMainPhase(TestCaseExecutor.java:301)
	at com.kms.katalon.core.main.TestCaseExecutor.execute(TestCaseExecutor.java:235)
	at com.kms.katalon.core.main.TestSuiteExecutor.accessTestCaseMainPhase(TestSuiteExecutor.java:191)
	at com.kms.katalon.core.main.TestSuiteExecutor.accessTestSuiteMainPhase(TestSuiteExecutor.java:141)
	at com.kms.katalon.core.main.TestSuiteExecutor.execute(TestSuiteExecutor.java:90)
	at com.kms.katalon.core.main.TestCaseMain.startTestSuite(TestCaseMain.java:157)
	at com.kms.katalon.core.main.TestCaseMain$startTestSuite$0.call(Unknown Source)
	at TempTestSuite1599589933195.run(TempTestSuite1599589933195.groovy:39)
Caused by: com.kms.katalon.core.webui.exception.WebElementNotFoundException: Web element with id: 'Object Repository/FDR-Draw/SCOBalances/inputTextBalance1' located by '(//*[@type='text'])[1]' not found
	at com.kms.katalon.core.webui.common.WebUiCommonHelper.findWebElement(WebUiCommonHelper.java:1368)
	at com.kms.katalon.core.webui.keyword.internal.WebUIAbstractKeyword.findWebElement(WebUIAbstractKeyword.groovy:27)
	at com.kms.katalon.core.webui.keyword.internal.WebUIAbstractKeyword.findWebElement(WebUIAbstractKeyword.groovy:26)
	at com.kms.katalon.core.webui.keyword.builtin.SetTextKeyword$_setText_closure1.doCall(SetTextKeyword.groovy:51)
	at com.kms.katalon.core.webui.keyword.builtin.SetTextKeyword$_setText_closure1.call(SetTextKeyword.groovy)
	at com.kms.katalon.core.webui.keyword.internal.WebUIKeywordMain.runKeyword(WebUIKeywordMain.groovy:20)
	at com.kms.katalon.core.webui.keyword.builtin.SetTextKeyword.setText(SetTextKeyword.groovy:66)
	at com.kms.katalon.core.webui.keyword.builtin.SetTextKeyword.execute(SetTextKeyword.groovy:37)
	at com.kms.katalon.core.keyword.internal.KeywordExecutor.executeKeywordForPlatform(KeywordExecutor.groovy:73)
	at com.kms.katalon.core.webui.keyword.WebUiBuiltInKeywords.setText(WebUiBuiltInKeywords.groovy:976)
	at com.kms.katalon.core.webui.keyword.WebUiBuiltInKeywords$setText$4.call(Unknown Source)
	at com.functions.Uifunctions.updateSCOBalances(Uifunctions.groovy:295)
	at com.functions.Uifunctions$updateSCOBalances$6.call(Unknown Source)
	at Script1591634907012.run(Script1591634907012.groovy:55)
	... 13 more
)
[[ATTACHMENT|C:\\fdr-automation-develop_08_25_2020\\Reports\\20200908_113210\\Draw-Integration_Suite\\20200908_113213\\1599590585918.png]]

2020-09-08 11:43:10 - [MESSAGE][INFO] - Unable to find the element located by 'By.xpath: (//*[@data-id='checkbox'])[1]'. Please recheck the objects properties to make sure the desired element is located. 

2020-09-08 11:43:10 - [MESSAGE][FAILED] - Unable to click on object 'Object Repository/FDR-Draw/SCOBalances/balanceUnchanged1' (Root cause: com.kms.katalon.core.exception.StepFailedException: Unable to click on object 'Object Repository/FDR-Draw/SCOBalances/balanceUnchanged1'
	at com.kms.katalon.core.webui.keyword.internal.WebUIKeywordMain.stepFailed(WebUIKeywordMain.groovy:64)
	at com.kms.katalon.core.webui.keyword.internal.WebUIKeywordMain.runKeyword(WebUIKeywordMain.groovy:26)
	at com.kms.katalon.core.webui.keyword.builtin.ClickKeyword.click(ClickKeyword.groovy:76)
	at com.kms.katalon.core.webui.keyword.builtin.ClickKeyword.execute(ClickKeyword.groovy:43)
	at com.kms.katalon.core.keyword.internal.KeywordExecutor.executeKeywordForPlatform(KeywordExecutor.groovy:73)
	at com.kms.katalon.core.webui.keyword.WebUiBuiltInKeywords.click(WebUiBuiltInKeywords.groovy:616)
	at com.kms.katalon.core.webui.keyword.WebUiBuiltInKeywords$click$6.call(Unknown Source)
	at com.functions.Uifunctions.updateSCOBalances(Uifunctions.groovy:296)
	at com.functions.Uifunctions$updateSCOBalances$6.call(Unknown Source)
	at FDR-Update-SCO-Balances-Icons.run(FDR-Update-SCO-Balances-Icons:55)
	at com.kms.katalon.core.main.ScriptEngine.run(ScriptEngine.java:194)
	at com.kms.katalon.core.main.ScriptEngine.runScriptAsRawText(ScriptEngine.java:119)
	at com.kms.katalon.core.main.TestCaseExecutor.runScript(TestCaseExecutor.java:339)
	at com.kms.katalon.core.main.TestCaseExecutor.doExecute(TestCaseExecutor.java:330)
	at com.kms.katalon.core.main.TestCaseExecutor.processExecutionPhase(TestCaseExecutor.java:309)
	at com.kms.katalon.core.main.TestCaseExecutor.accessMainPhase(TestCaseExecutor.java:301)
	at com.kms.katalon.core.main.TestCaseExecutor.execute(TestCaseExecutor.java:235)
	at com.kms.katalon.core.main.TestSuiteExecutor.accessTestCaseMainPhase(TestSuiteExecutor.java:191)
	at com.kms.katalon.core.main.TestSuiteExecutor.accessTestSuiteMainPhase(TestSuiteExecutor.java:141)
	at com.kms.katalon.core.main.TestSuiteExecutor.execute(TestSuiteExecutor.java:90)
	at com.kms.katalon.core.main.TestCaseMain.startTestSuite(TestCaseMain.java:157)
	at com.kms.katalon.core.main.TestCaseMain$startTestSuite$0.call(Unknown Source)
	at TempTestSuite1599589933195.run(TempTestSuite1599589933195.groovy:39)
Caused by: com.kms.katalon.core.webui.exception.WebElementNotFoundException: Web element with id: 'Object Repository/FDR-Draw/SCOBalances/balanceUnchanged1' located by '(//*[@data-id='checkbox'])[1]' not found
	at com.kms.katalon.core.webui.common.WebUiCommonHelper.findWebElement(WebUiCommonHelper.java:1368)
	at com.kms.katalon.core.webui.keyword.internal.WebUIAbstractKeyword.findWebElement(WebUIAbstractKeyword.groovy:27)
	at com.kms.katalon.core.webui.keyword.internal.WebUIAbstractKeyword.findWebElement(WebUIAbstractKeyword.groovy:26)
	at com.kms.katalon.core.webui.keyword.builtin.ClickKeyword$_click_closure1.doCall(ClickKeyword.groovy:67)
	at com.kms.katalon.core.webui.keyword.builtin.ClickKeyword$_click_closure1.call(ClickKeyword.groovy)
	at com.kms.katalon.core.webui.keyword.internal.WebUIKeywordMain.runKeyword(WebUIKeywordMain.groovy:20)
	at com.kms.katalon.core.webui.keyword.builtin.ClickKeyword.click(ClickKeyword.groovy:76)
	at com.kms.katalon.core.webui.keyword.builtin.ClickKeyword.execute(ClickKeyword.groovy:43)
	at com.kms.katalon.core.keyword.internal.KeywordExecutor.executeKeywordForPlatform(KeywordExecutor.groovy:73)
	at com.kms.katalon.core.webui.keyword.WebUiBuiltInKeywords.click(WebUiBuiltInKeywords.groovy:616)
	at com.kms.katalon.core.webui.keyword.WebUiBuiltInKeywords$click$6.call(Unknown Source)
	at com.functions.Uifunctions.updateSCOBalances(Uifunctions.groovy:296)
	at com.functions.Uifunctions$updateSCOBalances$6.call(Unknown Source)
	at Script1591634907012.run(Script1591634907012.groovy:55)
	... 13 more
)
[[ATTACHMENT|C:\\fdr-automation-develop_08_25_2020\\Reports\\20200908_113210\\Draw-Integration_Suite\\20200908_113213\\1599590590377.png]]

2020-09-08 11:43:14 - [MESSAGE][INFO] - Unable to find the element located by 'By.xpath: (//*[@data-id='checkbox'])[1]'. Please recheck the objects properties to make sure the desired element is located. 

2020-09-08 11:43:15 - [MESSAGE][FAILED] - Unable to click on object 'Object Repository/FDR-Draw/SCOBalances/balanceUnchanged1' (Root cause: com.kms.katalon.core.exception.StepFailedException: Unable to click on object 'Object Repository/FDR-Draw/SCOBalances/balanceUnchanged1'
	at com.kms.katalon.core.webui.keyword.internal.WebUIKeywordMain.stepFailed(WebUIKeywordMain.groovy:64)
	at com.kms.katalon.core.webui.keyword.internal.WebUIKeywordMain.runKeyword(WebUIKeywordMain.groovy:26)
	at com.kms.katalon.core.webui.keyword.builtin.ClickKeyword.click(ClickKeyword.groovy:76)
	at com.kms.katalon.core.webui.keyword.builtin.ClickKeyword.execute(ClickKeyword.groovy:43)
	at com.kms.katalon.core.keyword.internal.KeywordExecutor.executeKeywordForPlatform(KeywordExecutor.groovy:73)
	at com.kms.katalon.core.webui.keyword.WebUiBuiltInKeywords.click(WebUiBuiltInKeywords.groovy:616)
	at com.kms.katalon.core.webui.keyword.WebUiBuiltInKeywords$click$6.call(Unknown Source)
	at com.functions.Uifunctions.updateSCOBalances(Uifunctions.groovy:297)
	at com.functions.Uifunctions$updateSCOBalances$6.call(Unknown Source)
	at FDR-Update-SCO-Balances-Icons.run(FDR-Update-SCO-Balances-Icons:55)
	at com.kms.katalon.core.main.ScriptEngine.run(ScriptEngine.java:194)
	at com.kms.katalon.core.main.ScriptEngine.runScriptAsRawText(ScriptEngine.java:119)
	at com.kms.katalon.core.main.TestCaseExecutor.runScript(TestCaseExecutor.java:339)
	at com.kms.katalon.core.main.TestCaseExecutor.doExecute(TestCaseExecutor.java:330)
	at com.kms.katalon.core.main.TestCaseExecutor.processExecutionPhase(TestCaseExecutor.java:309)
	at com.kms.katalon.core.main.TestCaseExecutor.accessMainPhase(TestCaseExecutor.java:301)
	at com.kms.katalon.core.main.TestCaseExecutor.execute(TestCaseExecutor.java:235)
	at com.kms.katalon.core.main.TestSuiteExecutor.accessTestCaseMainPhase(TestSuiteExecutor.java:191)
	at com.kms.katalon.core.main.TestSuiteExecutor.accessTestSuiteMainPhase(TestSuiteExecutor.java:141)
	at com.kms.katalon.core.main.TestSuiteExecutor.execute(TestSuiteExecutor.java:90)
	at com.kms.katalon.core.main.TestCaseMain.startTestSuite(TestCaseMain.java:157)
	at com.kms.katalon.core.main.TestCaseMain$startTestSuite$0.call(Unknown Source)
	at TempTestSuite1599589933195.run(TempTestSuite1599589933195.groovy:39)
Caused by: com.kms.katalon.core.webui.exception.WebElementNotFoundException: Web element with id: 'Object Repository/FDR-Draw/SCOBalances/balanceUnchanged1' located by '(//*[@data-id='checkbox'])[1]' not found
	at com.kms.katalon.core.webui.common.WebUiCommonHelper.findWebElement(WebUiCommonHelper.java:1368)
	at com.kms.katalon.core.webui.keyword.internal.WebUIAbstractKeyword.findWebElement(WebUIAbstractKeyword.groovy:27)
	at com.kms.katalon.core.webui.keyword.internal.WebUIAbstractKeyword.findWebElement(WebUIAbstractKeyword.groovy:26)
	at com.kms.katalon.core.webui.keyword.builtin.ClickKeyword$_click_closure1.doCall(ClickKeyword.groovy:67)
	at com.kms.katalon.core.webui.keyword.builtin.ClickKeyword$_click_closure1.call(ClickKeyword.groovy)
	at com.kms.katalon.core.webui.keyword.internal.WebUIKeywordMain.runKeyword(WebUIKeywordMain.groovy:20)
	at com.kms.katalon.core.webui.keyword.builtin.ClickKeyword.click(ClickKeyword.groovy:76)
	at com.kms.katalon.core.webui.keyword.builtin.ClickKeyword.execute(ClickKeyword.groovy:43)
	at com.kms.katalon.core.keyword.internal.KeywordExecutor.executeKeywordForPlatform(KeywordExecutor.groovy:73)
	at com.kms.katalon.core.webui.keyword.WebUiBuiltInKeywords.click(WebUiBuiltInKeywords.groovy:616)
	at com.kms.katalon.core.webui.keyword.WebUiBuiltInKeywords$click$6.call(Unknown Source)
	at com.functions.Uifunctions.updateSCOBalances(Uifunctions.groovy:297)
	at com.functions.Uifunctions$updateSCOBalances$6.call(Unknown Source)
	at Script1591634907012.run(Script1591634907012.groovy:55)
	... 13 more
)
[[ATTACHMENT|C:\\fdr-automation-develop_08_25_2020\\Reports\\20200908_113210\\Draw-Integration_Suite\\20200908_113213\\1599590594828.png]]

2020-09-08 11:43:19 - [MESSAGE][INFO] - Unable to find the element located by 'By.xpath: (//*[@data-id='text-field'])[1]//input'. Please recheck the objects properties to make sure the desired element is located. 

2020-09-08 11:43:19 - [MESSAGE][FAILED] - Unable to click on object 'Object Repository/FDR-Draw/SCOBalances/updateFundBalanceInputText1' (Root cause: com.kms.katalon.core.exception.StepFailedException: Unable to click on object 'Object Repository/FDR-Draw/SCOBalances/updateFundBalanceInputText1'
	at com.kms.katalon.core.webui.keyword.internal.WebUIKeywordMain.stepFailed(WebUIKeywordMain.groovy:64)
	at com.kms.katalon.core.webui.keyword.internal.WebUIKeywordMain.runKeyword(WebUIKeywordMain.groovy:26)
	at com.kms.katalon.core.webui.keyword.builtin.ClickKeyword.click(ClickKeyword.groovy:76)
	at com.kms.katalon.core.webui.keyword.builtin.ClickKeyword.execute(ClickKeyword.groovy:43)
	at com.kms.katalon.core.keyword.internal.KeywordExecutor.executeKeywordForPlatform(KeywordExecutor.groovy:73)
	at com.kms.katalon.core.webui.keyword.WebUiBuiltInKeywords.click(WebUiBuiltInKeywords.groovy:616)
	at com.kms.katalon.core.webui.keyword.WebUiBuiltInKeywords$click$6.call(Unknown Source)
	at com.functions.Uifunctions.updateSCOBalances(Uifunctions.groovy:300)
	at com.functions.Uifunctions$updateSCOBalances$6.call(Unknown Source)
	at FDR-Update-SCO-Balances-Icons.run(FDR-Update-SCO-Balances-Icons:55)
	at com.kms.katalon.core.main.ScriptEngine.run(ScriptEngine.java:194)
	at com.kms.katalon.core.main.ScriptEngine.runScriptAsRawText(ScriptEngine.java:119)
	at com.kms.katalon.core.main.TestCaseExecutor.runScript(TestCaseExecutor.java:339)
	at com.kms.katalon.core.main.TestCaseExecutor.doExecute(TestCaseExecutor.java:330)
	at com.kms.katalon.core.main.TestCaseExecutor.processExecutionPhase(TestCaseExecutor.java:309)
	at com.kms.katalon.core.main.TestCaseExecutor.accessMainPhase(TestCaseExecutor.java:301)
	at com.kms.katalon.core.main.TestCaseExecutor.execute(TestCaseExecutor.java:235)
	at com.kms.katalon.core.main.TestSuiteExecutor.accessTestCaseMainPhase(TestSuiteExecutor.java:191)
	at com.kms.katalon.core.main.TestSuiteExecutor.accessTestSuiteMainPhase(TestSuiteExecutor.java:141)
	at com.kms.katalon.core.main.TestSuiteExecutor.execute(TestSuiteExecutor.java:90)
	at com.kms.katalon.core.main.TestCaseMain.startTestSuite(TestCaseMain.java:157)
	at com.kms.katalon.core.main.TestCaseMain$startTestSuite$0.call(Unknown Source)
	at TempTestSuite1599589933195.run(TempTestSuite1599589933195.groovy:39)
Caused by: com.kms.katalon.core.webui.exception.WebElementNotFoundException: Web element with id: 'Object Repository/FDR-Draw/SCOBalances/updateFundBalanceInputText1' located by '(//*[@data-id='text-field'])[1]//input' not found
	at com.kms.katalon.core.webui.common.WebUiCommonHelper.findWebElement(WebUiCommonHelper.java:1368)
	at com.kms.katalon.core.webui.keyword.internal.WebUIAbstractKeyword.findWebElement(WebUIAbstractKeyword.groovy:27)
	at com.kms.katalon.core.webui.keyword.internal.WebUIAbstractKeyword.findWebElement(WebUIAbstractKeyword.groovy:26)
	at com.kms.katalon.core.webui.keyword.builtin.ClickKeyword$_click_closure1.doCall(ClickKeyword.groovy:67)
	at com.kms.katalon.core.webui.keyword.builtin.ClickKeyword$_click_closure1.call(ClickKeyword.groovy)
	at com.kms.katalon.core.webui.keyword.internal.WebUIKeywordMain.runKeyword(WebUIKeywordMain.groovy:20)
	at com.kms.katalon.core.webui.keyword.builtin.ClickKeyword.click(ClickKeyword.groovy:76)
	at com.kms.katalon.core.webui.keyword.builtin.ClickKeyword.execute(ClickKeyword.groovy:43)
	at com.kms.katalon.core.keyword.internal.KeywordExecutor.executeKeywordForPlatform(KeywordExecutor.groovy:73)
	at com.kms.katalon.core.webui.keyword.WebUiBuiltInKeywords.click(WebUiBuiltInKeywords.groovy:616)
	at com.kms.katalon.core.webui.keyword.WebUiBuiltInKeywords$click$6.call(Unknown Source)
	at com.functions.Uifunctions.updateSCOBalances(Uifunctions.groovy:300)
	at com.functions.Uifunctions$updateSCOBalances$6.call(Unknown Source)
	at Script1591634907012.run(Script1591634907012.groovy:55)
	... 13 more
)
[[ATTACHMENT|C:\\fdr-automation-develop_08_25_2020\\Reports\\20200908_113210\\Draw-Integration_Suite\\20200908_113213\\1599590599186.png]]

2020-09-08 11:43:21 - [MESSAGE][INFO] - Unable to find the element located by 'By.xpath: //*[@data-id='button-link']//*[contains(text(),'Create New Voucher')]'. Please recheck the objects properties to make sure the desired element is located. 

2020-09-08 11:43:21 - [MESSAGE][WARNING] - Object 'Object Repository/FDR-Dashboard/createNewVoucherButton' is not present after 1 second(s)

2020-09-08 11:43:25 - [MESSAGE][INFO] - Unable to find the element located by 'By.xpath: (//*[@type='text'])[1]'. Please recheck the objects properties to make sure the desired element is located. 

2020-09-08 11:43:25 - [MESSAGE][FAILED] - Unable to set text '0' of object 'Object Repository/FDR-Draw/SCOBalances/inputTextBalance1' (Root cause: com.kms.katalon.core.exception.StepFailedException: Unable to set text '0' of object 'Object Repository/FDR-Draw/SCOBalances/inputTextBalance1'
	at com.kms.katalon.core.webui.keyword.internal.WebUIKeywordMain.stepFailed(WebUIKeywordMain.groovy:64)
	at com.kms.katalon.core.webui.keyword.internal.WebUIKeywordMain.runKeyword(WebUIKeywordMain.groovy:26)
	at com.kms.katalon.core.webui.keyword.builtin.SetTextKeyword.setText(SetTextKeyword.groovy:66)
	at com.kms.katalon.core.webui.keyword.builtin.SetTextKeyword.execute(SetTextKeyword.groovy:37)
	at com.kms.katalon.core.keyword.internal.KeywordExecutor.executeKeywordForPlatform(KeywordExecutor.groovy:73)
	at com.kms.katalon.core.webui.keyword.WebUiBuiltInKeywords.setText(WebUiBuiltInKeywords.groovy:976)
	at com.kms.katalon.core.webui.keyword.WebUiBuiltInKeywords$setText$4.call(Unknown Source)
	at com.functions.Uifunctions.updateSCOBalances(Uifunctions.groovy:302)
	at com.functions.Uifunctions$updateSCOBalances$6.call(Unknown Source)
	at FDR-Update-SCO-Balances-Icons.run(FDR-Update-SCO-Balances-Icons:55)
	at com.kms.katalon.core.main.ScriptEngine.run(ScriptEngine.java:194)
	at com.kms.katalon.core.main.ScriptEngine.runScriptAsRawText(ScriptEngine.java:119)
	at com.kms.katalon.core.main.TestCaseExecutor.runScript(TestCaseExecutor.java:339)
	at com.kms.katalon.core.main.TestCaseExecutor.doExecute(TestCaseExecutor.java:330)
	at com.kms.katalon.core.main.TestCaseExecutor.processExecutionPhase(TestCaseExecutor.java:309)
	at com.kms.katalon.core.main.TestCaseExecutor.accessMainPhase(TestCaseExecutor.java:301)
	at com.kms.katalon.core.main.TestCaseExecutor.execute(TestCaseExecutor.java:235)
	at com.kms.katalon.core.main.TestSuiteExecutor.accessTestCaseMainPhase(TestSuiteExecutor.java:191)
	at com.kms.katalon.core.main.TestSuiteExecutor.accessTestSuiteMainPhase(TestSuiteExecutor.java:141)
	at com.kms.katalon.core.main.TestSuiteExecutor.execute(TestSuiteExecutor.java:90)
	at com.kms.katalon.core.main.TestCaseMain.startTestSuite(TestCaseMain.java:157)
	at com.kms.katalon.core.main.TestCaseMain$startTestSuite$0.call(Unknown Source)
	at TempTestSuite1599589933195.run(TempTestSuite1599589933195.groovy:39)
Caused by: com.kms.katalon.core.webui.exception.WebElementNotFoundException: Web element with id: 'Object Repository/FDR-Draw/SCOBalances/inputTextBalance1' located by '(//*[@type='text'])[1]' not found
	at com.kms.katalon.core.webui.common.WebUiCommonHelper.findWebElement(WebUiCommonHelper.java:1368)
	at com.kms.katalon.core.webui.keyword.internal.WebUIAbstractKeyword.findWebElement(WebUIAbstractKeyword.groovy:27)
	at com.kms.katalon.core.webui.keyword.internal.WebUIAbstractKeyword.findWebElement(WebUIAbstractKeyword.groovy:26)
	at com.kms.katalon.core.webui.keyword.builtin.SetTextKeyword$_setText_closure1.doCall(SetTextKeyword.groovy:51)
	at com.kms.katalon.core.webui.keyword.builtin.SetTextKeyword$_setText_closure1.call(SetTextKeyword.groovy)
	at com.kms.katalon.core.webui.keyword.internal.WebUIKeywordMain.runKeyword(WebUIKeywordMain.groovy:20)
	at com.kms.katalon.core.webui.keyword.builtin.SetTextKeyword.setText(SetTextKeyword.groovy:66)
	at com.kms.katalon.core.webui.keyword.builtin.SetTextKeyword.execute(SetTextKeyword.groovy:37)
	at com.kms.katalon.core.keyword.internal.KeywordExecutor.executeKeywordForPlatform(KeywordExecutor.groovy:73)
	at com.kms.katalon.core.webui.keyword.WebUiBuiltInKeywords.setText(WebUiBuiltInKeywords.groovy:976)
	at com.kms.katalon.core.webui.keyword.WebUiBuiltInKeywords$setText$4.call(Unknown Source)
	at com.functions.Uifunctions.updateSCOBalances(Uifunctions.groovy:302)
	at com.functions.Uifunctions$updateSCOBalances$6.call(Unknown Source)
	at Script1591634907012.run(Script1591634907012.groovy:55)
	... 13 more
)
[[ATTACHMENT|C:\\fdr-automation-develop_08_25_2020\\Reports\\20200908_113210\\Draw-Integration_Suite\\20200908_113213\\1599590605605.png]]

2020-09-08 11:43:27 - [MESSAGE][INFO] - Unable to find the element located by 'By.xpath: //*[@data-id='button-link']//*[contains(text(),'Create New Voucher')]'. Please recheck the objects properties to make sure the desired element is located. 

2020-09-08 11:43:27 - [MESSAGE][WARNING] - Object 'Object Repository/FDR-Dashboard/createNewVoucherButton' is not present after 1 second(s)

2020-09-08 11:43:32 - [MESSAGE][INFO] - Unable to find the element located by 'By.xpath: (//*[@data-id='text-field'])[2]'. Please recheck the objects properties to make sure the desired element is located. 

2020-09-08 11:43:32 - [MESSAGE][FAILED] - Unable to click on object 'Object Repository/FDR-Draw/SCOBalances/updateFundBalanceInputText2' (Root cause: com.kms.katalon.core.exception.StepFailedException: Unable to click on object 'Object Repository/FDR-Draw/SCOBalances/updateFundBalanceInputText2'
	at com.kms.katalon.core.webui.keyword.internal.WebUIKeywordMain.stepFailed(WebUIKeywordMain.groovy:64)
	at com.kms.katalon.core.webui.keyword.internal.WebUIKeywordMain.runKeyword(WebUIKeywordMain.groovy:26)
	at com.kms.katalon.core.webui.keyword.builtin.ClickKeyword.click(ClickKeyword.groovy:76)
	at com.kms.katalon.core.webui.keyword.builtin.ClickKeyword.execute(ClickKeyword.groovy:43)
	at com.kms.katalon.core.keyword.internal.KeywordExecutor.executeKeywordForPlatform(KeywordExecutor.groovy:73)
	at com.kms.katalon.core.webui.keyword.WebUiBuiltInKeywords.click(WebUiBuiltInKeywords.groovy:616)
	at com.kms.katalon.core.webui.keyword.WebUiBuiltInKeywords$click$6.call(Unknown Source)
	at com.functions.Uifunctions.updateSCOBalances(Uifunctions.groovy:300)
	at com.functions.Uifunctions$updateSCOBalances$6.call(Unknown Source)
	at FDR-Update-SCO-Balances-Icons.run(FDR-Update-SCO-Balances-Icons:55)
	at com.kms.katalon.core.main.ScriptEngine.run(ScriptEngine.java:194)
	at com.kms.katalon.core.main.ScriptEngine.runScriptAsRawText(ScriptEngine.java:119)
	at com.kms.katalon.core.main.TestCaseExecutor.runScript(TestCaseExecutor.java:339)
	at com.kms.katalon.core.main.TestCaseExecutor.doExecute(TestCaseExecutor.java:330)
	at com.kms.katalon.core.main.TestCaseExecutor.processExecutionPhase(TestCaseExecutor.java:309)
	at com.kms.katalon.core.main.TestCaseExecutor.accessMainPhase(TestCaseExecutor.java:301)
	at com.kms.katalon.core.main.TestCaseExecutor.execute(TestCaseExecutor.java:235)
	at com.kms.katalon.core.main.TestSuiteExecutor.accessTestCaseMainPhase(TestSuiteExecutor.java:191)
	at com.kms.katalon.core.main.TestSuiteExecutor.accessTestSuiteMainPhase(TestSuiteExecutor.java:141)
	at com.kms.katalon.core.main.TestSuiteExecutor.execute(TestSuiteExecutor.java:90)
	at com.kms.katalon.core.main.TestCaseMain.startTestSuite(TestCaseMain.java:157)
	at com.kms.katalon.core.main.TestCaseMain$startTestSuite$0.call(Unknown Source)
	at TempTestSuite1599589933195.run(TempTestSuite1599589933195.groovy:39)
Caused by: com.kms.katalon.core.webui.exception.WebElementNotFoundException: Web element with id: 'Object Repository/FDR-Draw/SCOBalances/updateFundBalanceInputText2' located by '(//*[@data-id='text-field'])[2]' not found
	at com.kms.katalon.core.webui.common.WebUiCommonHelper.findWebElement(WebUiCommonHelper.java:1368)
	at com.kms.katalon.core.webui.keyword.internal.WebUIAbstractKeyword.findWebElement(WebUIAbstractKeyword.groovy:27)
	at com.kms.katalon.core.webui.keyword.internal.WebUIAbstractKeyword.findWebElement(WebUIAbstractKeyword.groovy:26)
	at com.kms.katalon.core.webui.keyword.builtin.ClickKeyword$_click_closure1.doCall(ClickKeyword.groovy:67)
	at com.kms.katalon.core.webui.keyword.builtin.ClickKeyword$_click_closure1.call(ClickKeyword.groovy)
	at com.kms.katalon.core.webui.keyword.internal.WebUIKeywordMain.runKeyword(WebUIKeywordMain.groovy:20)
	at com.kms.katalon.core.webui.keyword.builtin.ClickKeyword.click(ClickKeyword.groovy:76)
	at com.kms.katalon.core.webui.keyword.builtin.ClickKeyword.execute(ClickKeyword.groovy:43)
	at com.kms.katalon.core.keyword.internal.KeywordExecutor.executeKeywordForPlatform(KeywordExecutor.groovy:73)
	at com.kms.katalon.core.webui.keyword.WebUiBuiltInKeywords.click(WebUiBuiltInKeywords.groovy:616)
	at com.kms.katalon.core.webui.keyword.WebUiBuiltInKeywords$click$6.call(Unknown Source)
	at com.functions.Uifunctions.updateSCOBalances(Uifunctions.groovy:300)
	at com.functions.Uifunctions$updateSCOBalances$6.call(Unknown Source)
	at Script1591634907012.run(Script1591634907012.groovy:55)
	... 13 more
)
[[ATTACHMENT|C:\\fdr-automation-develop_08_25_2020\\Reports\\20200908_113210\\Draw-Integration_Suite\\20200908_113213\\1599590612073.png]]

2020-09-08 11:43:34 - [MESSAGE][INFO] - Unable to find the element located by 'By.xpath: //*[@data-id='button-link']//*[contains(text(),'Create New Voucher')]'. Please recheck the objects properties to make sure the desired element is located. 

2020-09-08 11:43:34 - [MESSAGE][WARNING] - Object 'Object Repository/FDR-Dashboard/createNewVoucherButton' is not present after 1 second(s)

2020-09-08 11:43:38 - [MESSAGE][INFO] - Unable to find the element located by 'By.xpath: (//*[@type='text'])[2]'. Please recheck the objects properties to make sure the desired element is located. 

2020-09-08 11:43:38 - [MESSAGE][FAILED] - Unable to set text '0' of object 'Object Repository/FDR-Draw/SCOBalances/inputTextBalance2' (Root cause: com.kms.katalon.core.exception.StepFailedException: Unable to set text '0' of object 'Object Repository/FDR-Draw/SCOBalances/inputTextBalance2'
	at com.kms.katalon.core.webui.keyword.internal.WebUIKeywordMain.stepFailed(WebUIKeywordMain.groovy:64)
	at com.kms.katalon.core.webui.keyword.internal.WebUIKeywordMain.runKeyword(WebUIKeywordMain.groovy:26)
	at com.kms.katalon.core.webui.keyword.builtin.SetTextKeyword.setText(SetTextKeyword.groovy:66)
	at com.kms.katalon.core.webui.keyword.builtin.SetTextKeyword.execute(SetTextKeyword.groovy:37)
	at com.kms.katalon.core.keyword.internal.KeywordExecutor.executeKeywordForPlatform(KeywordExecutor.groovy:73)
	at com.kms.katalon.core.webui.keyword.WebUiBuiltInKeywords.setText(WebUiBuiltInKeywords.groovy:976)
	at com.kms.katalon.core.webui.keyword.WebUiBuiltInKeywords$setText$4.call(Unknown Source)
	at com.functions.Uifunctions.updateSCOBalances(Uifunctions.groovy:302)
	at com.functions.Uifunctions$updateSCOBalances$6.call(Unknown Source)
	at FDR-Update-SCO-Balances-Icons.run(FDR-Update-SCO-Balances-Icons:55)
	at com.kms.katalon.core.main.ScriptEngine.run(ScriptEngine.java:194)
	at com.kms.katalon.core.main.ScriptEngine.runScriptAsRawText(ScriptEngine.java:119)
	at com.kms.katalon.core.main.TestCaseExecutor.runScript(TestCaseExecutor.java:339)
	at com.kms.katalon.core.main.TestCaseExecutor.doExecute(TestCaseExecutor.java:330)
	at com.kms.katalon.core.main.TestCaseExecutor.processExecutionPhase(TestCaseExecutor.java:309)
	at com.kms.katalon.core.main.TestCaseExecutor.accessMainPhase(TestCaseExecutor.java:301)
	at com.kms.katalon.core.main.TestCaseExecutor.execute(TestCaseExecutor.java:235)
	at com.kms.katalon.core.main.TestSuiteExecutor.accessTestCaseMainPhase(TestSuiteExecutor.java:191)
	at com.kms.katalon.core.main.TestSuiteExecutor.accessTestSuiteMainPhase(TestSuiteExecutor.java:141)
	at com.kms.katalon.core.main.TestSuiteExecutor.execute(TestSuiteExecutor.java:90)
	at com.kms.katalon.core.main.TestCaseMain.startTestSuite(TestCaseMain.java:157)
	at com.kms.katalon.core.main.TestCaseMain$startTestSuite$0.call(Unknown Source)
	at TempTestSuite1599589933195.run(TempTestSuite1599589933195.groovy:39)
Caused by: com.kms.katalon.core.webui.exception.WebElementNotFoundException: Web element with id: 'Object Repository/FDR-Draw/SCOBalances/inputTextBalance2' located by '(//*[@type='text'])[2]' not found
	at com.kms.katalon.core.webui.common.WebUiCommonHelper.findWebElement(WebUiCommonHelper.java:1368)
	at com.kms.katalon.core.webui.keyword.internal.WebUIAbstractKeyword.findWebElement(WebUIAbstractKeyword.groovy:27)
	at com.kms.katalon.core.webui.keyword.internal.WebUIAbstractKeyword.findWebElement(WebUIAbstractKeyword.groovy:26)
	at com.kms.katalon.core.webui.keyword.builtin.SetTextKeyword$_setText_closure1.doCall(SetTextKeyword.groovy:51)
	at com.kms.katalon.core.webui.keyword.builtin.SetTextKeyword$_setText_closure1.call(SetTextKeyword.groovy)
	at com.kms.katalon.core.webui.keyword.internal.WebUIKeywordMain.runKeyword(WebUIKeywordMain.groovy:20)
	at com.kms.katalon.core.webui.keyword.builtin.SetTextKeyword.setText(SetTextKeyword.groovy:66)
	at com.kms.katalon.core.webui.keyword.builtin.SetTextKeyword.execute(SetTextKeyword.groovy:37)
	at com.kms.katalon.core.keyword.internal.KeywordExecutor.executeKeywordForPlatform(KeywordExecutor.groovy:73)
	at com.kms.katalon.core.webui.keyword.WebUiBuiltInKeywords.setText(WebUiBuiltInKeywords.groovy:976)
	at com.kms.katalon.core.webui.keyword.WebUiBuiltInKeywords$setText$4.call(Unknown Source)
	at com.functions.Uifunctions.updateSCOBalances(Uifunctions.groovy:302)
	at com.functions.Uifunctions$updateSCOBalances$6.call(Unknown Source)
	at Script1591634907012.run(Script1591634907012.groovy:55)
	... 13 more
)
[[ATTACHMENT|C:\\fdr-automation-develop_08_25_2020\\Reports\\20200908_113210\\Draw-Integration_Suite\\20200908_113213\\1599590618513.png]]

2020-09-08 11:43:40 - [MESSAGE][INFO] - Unable to find the element located by 'By.xpath: //*[@data-id='button-link']//*[contains(text(),'Create New Voucher')]'. Please recheck the objects properties to make sure the desired element is located. 

2020-09-08 11:43:40 - [MESSAGE][WARNING] - Object 'Object Repository/FDR-Dashboard/createNewVoucherButton' is not present after 1 second(s)

2020-09-08 11:43:44 - [MESSAGE][INFO] - Unable to find the element located by 'By.xpath: (//*[@data-id='text-field'])[3]'. Please recheck the objects properties to make sure the desired element is located. 

2020-09-08 11:43:45 - [MESSAGE][FAILED] - Unable to click on object 'Object Repository/FDR-Draw/SCOBalances/updateFundBalanceInputText3' (Root cause: com.kms.katalon.core.exception.StepFailedException: Unable to click on object 'Object Repository/FDR-Draw/SCOBalances/updateFundBalanceInputText3'
	at com.kms.katalon.core.webui.keyword.internal.WebUIKeywordMain.stepFailed(WebUIKeywordMain.groovy:64)
	at com.kms.katalon.core.webui.keyword.internal.WebUIKeywordMain.runKeyword(WebUIKeywordMain.groovy:26)
	at com.kms.katalon.core.webui.keyword.builtin.ClickKeyword.click(ClickKeyword.groovy:76)
	at com.kms.katalon.core.webui.keyword.builtin.ClickKeyword.execute(ClickKeyword.groovy:43)
	at com.kms.katalon.core.keyword.internal.KeywordExecutor.executeKeywordForPlatform(KeywordExecutor.groovy:73)
	at com.kms.katalon.core.webui.keyword.WebUiBuiltInKeywords.click(WebUiBuiltInKeywords.groovy:616)
	at com.kms.katalon.core.webui.keyword.WebUiBuiltInKeywords$click$6.call(Unknown Source)
	at com.functions.Uifunctions.updateSCOBalances(Uifunctions.groovy:300)
	at com.functions.Uifunctions$updateSCOBalances$6.call(Unknown Source)
	at FDR-Update-SCO-Balances-Icons.run(FDR-Update-SCO-Balances-Icons:55)
	at com.kms.katalon.core.main.ScriptEngine.run(ScriptEngine.java:194)
	at com.kms.katalon.core.main.ScriptEngine.runScriptAsRawText(ScriptEngine.java:119)
	at com.kms.katalon.core.main.TestCaseExecutor.runScript(TestCaseExecutor.java:339)
	at com.kms.katalon.core.main.TestCaseExecutor.doExecute(TestCaseExecutor.java:330)
	at com.kms.katalon.core.main.TestCaseExecutor.processExecutionPhase(TestCaseExecutor.java:309)
	at com.kms.katalon.core.main.TestCaseExecutor.accessMainPhase(TestCaseExecutor.java:301)
	at com.kms.katalon.core.main.TestCaseExecutor.execute(TestCaseExecutor.java:235)
	at com.kms.katalon.core.main.TestSuiteExecutor.accessTestCaseMainPhase(TestSuiteExecutor.java:191)
	at com.kms.katalon.core.main.TestSuiteExecutor.accessTestSuiteMainPhase(TestSuiteExecutor.java:141)
	at com.kms.katalon.core.main.TestSuiteExecutor.execute(TestSuiteExecutor.java:90)
	at com.kms.katalon.core.main.TestCaseMain.startTestSuite(TestCaseMain.java:157)
	at com.kms.katalon.core.main.TestCaseMain$startTestSuite$0.call(Unknown Source)
	at TempTestSuite1599589933195.run(TempTestSuite1599589933195.groovy:39)
Caused by: com.kms.katalon.core.webui.exception.WebElementNotFoundException: Web element with id: 'Object Repository/FDR-Draw/SCOBalances/updateFundBalanceInputText3' located by '(//*[@data-id='text-field'])[3]' not found
	at com.kms.katalon.core.webui.common.WebUiCommonHelper.findWebElement(WebUiCommonHelper.java:1368)
	at com.kms.katalon.core.webui.keyword.internal.WebUIAbstractKeyword.findWebElement(WebUIAbstractKeyword.groovy:27)
	at com.kms.katalon.core.webui.keyword.internal.WebUIAbstractKeyword.findWebElement(WebUIAbstractKeyword.groovy:26)
	at com.kms.katalon.core.webui.keyword.builtin.ClickKeyword$_click_closure1.doCall(ClickKeyword.groovy:67)
	at com.kms.katalon.core.webui.keyword.builtin.ClickKeyword$_click_closure1.call(ClickKeyword.groovy)
	at com.kms.katalon.core.webui.keyword.internal.WebUIKeywordMain.runKeyword(WebUIKeywordMain.groovy:20)
	at com.kms.katalon.core.webui.keyword.builtin.ClickKeyword.click(ClickKeyword.groovy:76)
	at com.kms.katalon.core.webui.keyword.builtin.ClickKeyword.execute(ClickKeyword.groovy:43)
	at com.kms.katalon.core.keyword.internal.KeywordExecutor.executeKeywordForPlatform(KeywordExecutor.groovy:73)
	at com.kms.katalon.core.webui.keyword.WebUiBuiltInKeywords.click(WebUiBuiltInKeywords.groovy:616)
	at com.kms.katalon.core.webui.keyword.WebUiBuiltInKeywords$click$6.call(Unknown Source)
	at com.functions.Uifunctions.updateSCOBalances(Uifunctions.groovy:300)
	at com.functions.Uifunctions$updateSCOBalances$6.call(Unknown Source)
	at Script1591634907012.run(Script1591634907012.groovy:55)
	... 13 more
)
[[ATTACHMENT|C:\\fdr-automation-develop_08_25_2020\\Reports\\20200908_113210\\Draw-Integration_Suite\\20200908_113213\\1599590624992.png]]

2020-09-08 11:43:47 - [MESSAGE][INFO] - Unable to find the element located by 'By.xpath: //*[@data-id='button-link']//*[contains(text(),'Create New Voucher')]'. Please recheck the objects properties to make sure the desired element is located. 

2020-09-08 11:43:47 - [MESSAGE][WARNING] - Object 'Object Repository/FDR-Dashboard/createNewVoucherButton' is not present after 1 second(s)

2020-09-08 11:43:51 - [MESSAGE][INFO] - Unable to find the element located by 'By.xpath: (//*[@type='text'])[3]'. Please recheck the objects properties to make sure the desired element is located. 

2020-09-08 11:43:51 - [MESSAGE][FAILED] - Unable to set text '0' of object 'Object Repository/FDR-Draw/SCOBalances/inputTextBalance3' (Root cause: com.kms.katalon.core.exception.StepFailedException: Unable to set text '0' of object 'Object Repository/FDR-Draw/SCOBalances/inputTextBalance3'
	at com.kms.katalon.core.webui.keyword.internal.WebUIKeywordMain.stepFailed(WebUIKeywordMain.groovy:64)
	at com.kms.katalon.core.webui.keyword.internal.WebUIKeywordMain.runKeyword(WebUIKeywordMain.groovy:26)
	at com.kms.katalon.core.webui.keyword.builtin.SetTextKeyword.setText(SetTextKeyword.groovy:66)
	at com.kms.katalon.core.webui.keyword.builtin.SetTextKeyword.execute(SetTextKeyword.groovy:37)
	at com.kms.katalon.core.keyword.internal.KeywordExecutor.executeKeywordForPlatform(KeywordExecutor.groovy:73)
	at com.kms.katalon.core.webui.keyword.WebUiBuiltInKeywords.setText(WebUiBuiltInKeywords.groovy:976)
	at com.kms.katalon.core.webui.keyword.WebUiBuiltInKeywords$setText$4.call(Unknown Source)
	at com.functions.Uifunctions.updateSCOBalances(Uifunctions.groovy:302)
	at com.functions.Uifunctions$updateSCOBalances$6.call(Unknown Source)
	at FDR-Update-SCO-Balances-Icons.run(FDR-Update-SCO-Balances-Icons:55)
	at com.kms.katalon.core.main.ScriptEngine.run(ScriptEngine.java:194)
	at com.kms.katalon.core.main.ScriptEngine.runScriptAsRawText(ScriptEngine.java:119)
	at com.kms.katalon.core.main.TestCaseExecutor.runScript(TestCaseExecutor.java:339)
	at com.kms.katalon.core.main.TestCaseExecutor.doExecute(TestCaseExecutor.java:330)
	at com.kms.katalon.core.main.TestCaseExecutor.processExecutionPhase(TestCaseExecutor.java:309)
	at com.kms.katalon.core.main.TestCaseExecutor.accessMainPhase(TestCaseExecutor.java:301)
	at com.kms.katalon.core.main.TestCaseExecutor.execute(TestCaseExecutor.java:235)
	at com.kms.katalon.core.main.TestSuiteExecutor.accessTestCaseMainPhase(TestSuiteExecutor.java:191)
	at com.kms.katalon.core.main.TestSuiteExecutor.accessTestSuiteMainPhase(TestSuiteExecutor.java:141)
	at com.kms.katalon.core.main.TestSuiteExecutor.execute(TestSuiteExecutor.java:90)
	at com.kms.katalon.core.main.TestCaseMain.startTestSuite(TestCaseMain.java:157)
	at com.kms.katalon.core.main.TestCaseMain$startTestSuite$0.call(Unknown Source)
	at TempTestSuite1599589933195.run(TempTestSuite1599589933195.groovy:39)
Caused by: com.kms.katalon.core.webui.exception.WebElementNotFoundException: Web element with id: 'Object Repository/FDR-Draw/SCOBalances/inputTextBalance3' located by '(//*[@type='text'])[3]' not found
	at com.kms.katalon.core.webui.common.WebUiCommonHelper.findWebElement(WebUiCommonHelper.java:1368)
	at com.kms.katalon.core.webui.keyword.internal.WebUIAbstractKeyword.findWebElement(WebUIAbstractKeyword.groovy:27)
	at com.kms.katalon.core.webui.keyword.internal.WebUIAbstractKeyword.findWebElement(WebUIAbstractKeyword.groovy:26)
	at com.kms.katalon.core.webui.keyword.builtin.SetTextKeyword$_setText_closure1.doCall(SetTextKeyword.groovy:51)
	at com.kms.katalon.core.webui.keyword.builtin.SetTextKeyword$_setText_closure1.call(SetTextKeyword.groovy)
	at com.kms.katalon.core.webui.keyword.internal.WebUIKeywordMain.runKeyword(WebUIKeywordMain.groovy:20)
	at com.kms.katalon.core.webui.keyword.builtin.SetTextKeyword.setText(SetTextKeyword.groovy:66)
	at com.kms.katalon.core.webui.keyword.builtin.SetTextKeyword.execute(SetTextKeyword.groovy:37)
	at com.kms.katalon.core.keyword.internal.KeywordExecutor.executeKeywordForPlatform(KeywordExecutor.groovy:73)
	at com.kms.katalon.core.webui.keyword.WebUiBuiltInKeywords.setText(WebUiBuiltInKeywords.groovy:976)
	at com.kms.katalon.core.webui.keyword.WebUiBuiltInKeywords$setText$4.call(Unknown Source)
	at com.functions.Uifunctions.updateSCOBalances(Uifunctions.groovy:302)
	at com.functions.Uifunctions$updateSCOBalances$6.call(Unknown Source)
	at Script1591634907012.run(Script1591634907012.groovy:55)
	... 13 more
)
[[ATTACHMENT|C:\\fdr-automation-develop_08_25_2020\\Reports\\20200908_113210\\Draw-Integration_Suite\\20200908_113213\\1599590631618.png]]

2020-09-08 11:43:53 - [MESSAGE][INFO] - Unable to find the element located by 'By.xpath: //*[@data-id='button-link']//*[contains(text(),'Create New Voucher')]'. Please recheck the objects properties to make sure the desired element is located. 

2020-09-08 11:43:54 - [MESSAGE][WARNING] - Object 'Object Repository/FDR-Dashboard/createNewVoucherButton' is not present after 1 second(s)

2020-09-08 11:43:58 - [MESSAGE][INFO] - Unable to find the element located by 'By.xpath: (//*[@data-id='text-field'])[4]'. Please recheck the objects properties to make sure the desired element is located. 

2020-09-08 11:43:58 - [MESSAGE][FAILED] - Unable to click on object 'Object Repository/FDR-Draw/SCOBalances/updateFundBalanceInputText4' (Root cause: com.kms.katalon.core.exception.StepFailedException: Unable to click on object 'Object Repository/FDR-Draw/SCOBalances/updateFundBalanceInputText4'
	at com.kms.katalon.core.webui.keyword.internal.WebUIKeywordMain.stepFailed(WebUIKeywordMain.groovy:64)
	at com.kms.katalon.core.webui.keyword.internal.WebUIKeywordMain.runKeyword(WebUIKeywordMain.groovy:26)
	at com.kms.katalon.core.webui.keyword.builtin.ClickKeyword.click(ClickKeyword.groovy:76)
	at com.kms.katalon.core.webui.keyword.builtin.ClickKeyword.execute(ClickKeyword.groovy:43)
	at com.kms.katalon.core.keyword.internal.KeywordExecutor.executeKeywordForPlatform(KeywordExecutor.groovy:73)
	at com.kms.katalon.core.webui.keyword.WebUiBuiltInKeywords.click(WebUiBuiltInKeywords.groovy:616)
	at com.kms.katalon.core.webui.keyword.WebUiBuiltInKeywords$click$6.call(Unknown Source)
	at com.functions.Uifunctions.updateSCOBalances(Uifunctions.groovy:300)
	at com.functions.Uifunctions$updateSCOBalances$6.call(Unknown Source)
	at FDR-Update-SCO-Balances-Icons.run(FDR-Update-SCO-Balances-Icons:55)
	at com.kms.katalon.core.main.ScriptEngine.run(ScriptEngine.java:194)
	at com.kms.katalon.core.main.ScriptEngine.runScriptAsRawText(ScriptEngine.java:119)
	at com.kms.katalon.core.main.TestCaseExecutor.runScript(TestCaseExecutor.java:339)
	at com.kms.katalon.core.main.TestCaseExecutor.doExecute(TestCaseExecutor.java:330)
	at com.kms.katalon.core.main.TestCaseExecutor.processExecutionPhase(TestCaseExecutor.java:309)
	at com.kms.katalon.core.main.TestCaseExecutor.accessMainPhase(TestCaseExecutor.java:301)
	at com.kms.katalon.core.main.TestCaseExecutor.execute(TestCaseExecutor.java:235)
	at com.kms.katalon.core.main.TestSuiteExecutor.accessTestCaseMainPhase(TestSuiteExecutor.java:191)
	at com.kms.katalon.core.main.TestSuiteExecutor.accessTestSuiteMainPhase(TestSuiteExecutor.java:141)
	at com.kms.katalon.core.main.TestSuiteExecutor.execute(TestSuiteExecutor.java:90)
	at com.kms.katalon.core.main.TestCaseMain.startTestSuite(TestCaseMain.java:157)
	at com.kms.katalon.core.main.TestCaseMain$startTestSuite$0.call(Unknown Source)
	at TempTestSuite1599589933195.run(TempTestSuite1599589933195.groovy:39)
Caused by: com.kms.katalon.core.webui.exception.WebElementNotFoundException: Web element with id: 'Object Repository/FDR-Draw/SCOBalances/updateFundBalanceInputText4' located by '(//*[@data-id='text-field'])[4]' not found
	at com.kms.katalon.core.webui.common.WebUiCommonHelper.findWebElement(WebUiCommonHelper.java:1368)
	at com.kms.katalon.core.webui.keyword.internal.WebUIAbstractKeyword.findWebElement(WebUIAbstractKeyword.groovy:27)
	at com.kms.katalon.core.webui.keyword.internal.WebUIAbstractKeyword.findWebElement(WebUIAbstractKeyword.groovy:26)
	at com.kms.katalon.core.webui.keyword.builtin.ClickKeyword$_click_closure1.doCall(ClickKeyword.groovy:67)
	at com.kms.katalon.core.webui.keyword.builtin.ClickKeyword$_click_closure1.call(ClickKeyword.groovy)
	at com.kms.katalon.core.webui.keyword.internal.WebUIKeywordMain.runKeyword(WebUIKeywordMain.groovy:20)
	at com.kms.katalon.core.webui.keyword.builtin.ClickKeyword.click(ClickKeyword.groovy:76)
	at com.kms.katalon.core.webui.keyword.builtin.ClickKeyword.execute(ClickKeyword.groovy:43)
	at com.kms.katalon.core.keyword.internal.KeywordExecutor.executeKeywordForPlatform(KeywordExecutor.groovy:73)
	at com.kms.katalon.core.webui.keyword.WebUiBuiltInKeywords.click(WebUiBuiltInKeywords.groovy:616)
	at com.kms.katalon.core.webui.keyword.WebUiBuiltInKeywords$click$6.call(Unknown Source)
	at com.functions.Uifunctions.updateSCOBalances(Uifunctions.groovy:300)
	at com.functions.Uifunctions$updateSCOBalances$6.call(Unknown Source)
	at Script1591634907012.run(Script1591634907012.groovy:55)
	... 13 more
)
[[ATTACHMENT|C:\\fdr-automation-develop_08_25_2020\\Reports\\20200908_113210\\Draw-Integration_Suite\\20200908_113213\\1599590638103.png]]

2020-09-08 11:44:00 - [MESSAGE][INFO] - Unable to find the element located by 'By.xpath: //*[@data-id='button-link']//*[contains(text(),'Create New Voucher')]'. Please recheck the objects properties to make sure the desired element is located. 

2020-09-08 11:44:00 - [MESSAGE][WARNING] - Object 'Object Repository/FDR-Dashboard/createNewVoucherButton' is not present after 1 second(s)

2020-09-08 11:44:04 - [MESSAGE][INFO] - Unable to find the element located by 'By.xpath: (//*[@type='text'])[4]'. Please recheck the objects properties to make sure the desired element is located. 

2020-09-08 11:44:05 - [MESSAGE][FAILED] - Unable to set text '0' of object 'Object Repository/FDR-Draw/SCOBalances/inputTextBalance4' (Root cause: com.kms.katalon.core.exception.StepFailedException: Unable to set text '0' of object 'Object Repository/FDR-Draw/SCOBalances/inputTextBalance4'
	at com.kms.katalon.core.webui.keyword.internal.WebUIKeywordMain.stepFailed(WebUIKeywordMain.groovy:64)
	at com.kms.katalon.core.webui.keyword.internal.WebUIKeywordMain.runKeyword(WebUIKeywordMain.groovy:26)
	at com.kms.katalon.core.webui.keyword.builtin.SetTextKeyword.setText(SetTextKeyword.groovy:66)
	at com.kms.katalon.core.webui.keyword.builtin.SetTextKeyword.execute(SetTextKeyword.groovy:37)
	at com.kms.katalon.core.keyword.internal.KeywordExecutor.executeKeywordForPlatform(KeywordExecutor.groovy:73)
	at com.kms.katalon.core.webui.keyword.WebUiBuiltInKeywords.setText(WebUiBuiltInKeywords.groovy:976)
	at com.kms.katalon.core.webui.keyword.WebUiBuiltInKeywords$setText$4.call(Unknown Source)
	at com.functions.Uifunctions.updateSCOBalances(Uifunctions.groovy:302)
	at com.functions.Uifunctions$updateSCOBalances$6.call(Unknown Source)
	at FDR-Update-SCO-Balances-Icons.run(FDR-Update-SCO-Balances-Icons:55)
	at com.kms.katalon.core.main.ScriptEngine.run(ScriptEngine.java:194)
	at com.kms.katalon.core.main.ScriptEngine.runScriptAsRawText(ScriptEngine.java:119)
	at com.kms.katalon.core.main.TestCaseExecutor.runScript(TestCaseExecutor.java:339)
	at com.kms.katalon.core.main.TestCaseExecutor.doExecute(TestCaseExecutor.java:330)
	at com.kms.katalon.core.main.TestCaseExecutor.processExecutionPhase(TestCaseExecutor.java:309)
	at com.kms.katalon.core.main.TestCaseExecutor.accessMainPhase(TestCaseExecutor.java:301)
	at com.kms.katalon.core.main.TestCaseExecutor.execute(TestCaseExecutor.java:235)
	at com.kms.katalon.core.main.TestSuiteExecutor.accessTestCaseMainPhase(TestSuiteExecutor.java:191)
	at com.kms.katalon.core.main.TestSuiteExecutor.accessTestSuiteMainPhase(TestSuiteExecutor.java:141)
	at com.kms.katalon.core.main.TestSuiteExecutor.execute(TestSuiteExecutor.java:90)
	at com.kms.katalon.core.main.TestCaseMain.startTestSuite(TestCaseMain.java:157)
	at com.kms.katalon.core.main.TestCaseMain$startTestSuite$0.call(Unknown Source)
	at TempTestSuite1599589933195.run(TempTestSuite1599589933195.groovy:39)
Caused by: com.kms.katalon.core.webui.exception.WebElementNotFoundException: Web element with id: 'Object Repository/FDR-Draw/SCOBalances/inputTextBalance4' located by '(//*[@type='text'])[4]' not found
	at com.kms.katalon.core.webui.common.WebUiCommonHelper.findWebElement(WebUiCommonHelper.java:1368)
	at com.kms.katalon.core.webui.keyword.internal.WebUIAbstractKeyword.findWebElement(WebUIAbstractKeyword.groovy:27)
	at com.kms.katalon.core.webui.keyword.internal.WebUIAbstractKeyword.findWebElement(WebUIAbstractKeyword.groovy:26)
	at com.kms.katalon.core.webui.keyword.builtin.SetTextKeyword$_setText_closure1.doCall(SetTextKeyword.groovy:51)
	at com.kms.katalon.core.webui.keyword.builtin.SetTextKeyword$_setText_closure1.call(SetTextKeyword.groovy)
	at com.kms.katalon.core.webui.keyword.internal.WebUIKeywordMain.runKeyword(WebUIKeywordMain.groovy:20)
	at com.kms.katalon.core.webui.keyword.builtin.SetTextKeyword.setText(SetTextKeyword.groovy:66)
	at com.kms.katalon.core.webui.keyword.builtin.SetTextKeyword.execute(SetTextKeyword.groovy:37)
	at com.kms.katalon.core.keyword.internal.KeywordExecutor.executeKeywordForPlatform(KeywordExecutor.groovy:73)
	at com.kms.katalon.core.webui.keyword.WebUiBuiltInKeywords.setText(WebUiBuiltInKeywords.groovy:976)
	at com.kms.katalon.core.webui.keyword.WebUiBuiltInKeywords$setText$4.call(Unknown Source)
	at com.functions.Uifunctions.updateSCOBalances(Uifunctions.groovy:302)
	at com.functions.Uifunctions$updateSCOBalances$6.call(Unknown Source)
	at Script1591634907012.run(Script1591634907012.groovy:55)
	... 13 more
)
[[ATTACHMENT|C:\\fdr-automation-develop_08_25_2020\\Reports\\20200908_113210\\Draw-Integration_Suite\\20200908_113213\\1599590644744.png]]

2020-09-08 11:44:07 - [MESSAGE][INFO] - Unable to find the element located by 'By.xpath: //*[@data-id='button-link']//*[contains(text(),'Create New Voucher')]'. Please recheck the objects properties to make sure the desired element is located. 

2020-09-08 11:44:07 - [MESSAGE][WARNING] - Object 'Object Repository/FDR-Dashboard/createNewVoucherButton' is not present after 1 second(s)

2020-09-08 11:44:11 - [MESSAGE][INFO] - Unable to find the element located by 'By.xpath: (//*[@data-id='text-field'])[5]'. Please recheck the objects properties to make sure the desired element is located. 

2020-09-08 11:44:11 - [MESSAGE][FAILED] - Unable to click on object 'Object Repository/FDR-Draw/SCOBalances/updateFundBalanceInputText5' (Root cause: com.kms.katalon.core.exception.StepFailedException: Unable to click on object 'Object Repository/FDR-Draw/SCOBalances/updateFundBalanceInputText5'
	at com.kms.katalon.core.webui.keyword.internal.WebUIKeywordMain.stepFailed(WebUIKeywordMain.groovy:64)
	at com.kms.katalon.core.webui.keyword.internal.WebUIKeywordMain.runKeyword(WebUIKeywordMain.groovy:26)
	at com.kms.katalon.core.webui.keyword.builtin.ClickKeyword.click(ClickKeyword.groovy:76)
	at com.kms.katalon.core.webui.keyword.builtin.ClickKeyword.execute(ClickKeyword.groovy:43)
	at com.kms.katalon.core.keyword.internal.KeywordExecutor.executeKeywordForPlatform(KeywordExecutor.groovy:73)
	at com.kms.katalon.core.webui.keyword.WebUiBuiltInKeywords.click(WebUiBuiltInKeywords.groovy:616)
	at com.kms.katalon.core.webui.keyword.WebUiBuiltInKeywords$click$6.call(Unknown Source)
	at com.functions.Uifunctions.updateSCOBalances(Uifunctions.groovy:300)
	at com.functions.Uifunctions$updateSCOBalances$6.call(Unknown Source)
	at FDR-Update-SCO-Balances-Icons.run(FDR-Update-SCO-Balances-Icons:55)
	at com.kms.katalon.core.main.ScriptEngine.run(ScriptEngine.java:194)
	at com.kms.katalon.core.main.ScriptEngine.runScriptAsRawText(ScriptEngine.java:119)
	at com.kms.katalon.core.main.TestCaseExecutor.runScript(TestCaseExecutor.java:339)
	at com.kms.katalon.core.main.TestCaseExecutor.doExecute(TestCaseExecutor.java:330)
	at com.kms.katalon.core.main.TestCaseExecutor.processExecutionPhase(TestCaseExecutor.java:309)
	at com.kms.katalon.core.main.TestCaseExecutor.accessMainPhase(TestCaseExecutor.java:301)
	at com.kms.katalon.core.main.TestCaseExecutor.execute(TestCaseExecutor.java:235)
	at com.kms.katalon.core.main.TestSuiteExecutor.accessTestCaseMainPhase(TestSuiteExecutor.java:191)
	at com.kms.katalon.core.main.TestSuiteExecutor.accessTestSuiteMainPhase(TestSuiteExecutor.java:141)
	at com.kms.katalon.core.main.TestSuiteExecutor.execute(TestSuiteExecutor.java:90)
	at com.kms.katalon.core.main.TestCaseMain.startTestSuite(TestCaseMain.java:157)
	at com.kms.katalon.core.main.TestCaseMain$startTestSuite$0.call(Unknown Source)
	at TempTestSuite1599589933195.run(TempTestSuite1599589933195.groovy:39)
Caused by: com.kms.katalon.core.webui.exception.WebElementNotFoundException: Web element with id: 'Object Repository/FDR-Draw/SCOBalances/updateFundBalanceInputText5' located by '(//*[@data-id='text-field'])[5]' not found
	at com.kms.katalon.core.webui.common.WebUiCommonHelper.findWebElement(WebUiCommonHelper.java:1368)
	at com.kms.katalon.core.webui.keyword.internal.WebUIAbstractKeyword.findWebElement(WebUIAbstractKeyword.groovy:27)
	at com.kms.katalon.core.webui.keyword.internal.WebUIAbstractKeyword.findWebElement(WebUIAbstractKeyword.groovy:26)
	at com.kms.katalon.core.webui.keyword.builtin.ClickKeyword$_click_closure1.doCall(ClickKeyword.groovy:67)
	at com.kms.katalon.core.webui.keyword.builtin.ClickKeyword$_click_closure1.call(ClickKeyword.groovy)
	at com.kms.katalon.core.webui.keyword.internal.WebUIKeywordMain.runKeyword(WebUIKeywordMain.groovy:20)
	at com.kms.katalon.core.webui.keyword.builtin.ClickKeyword.click(ClickKeyword.groovy:76)
	at com.kms.katalon.core.webui.keyword.builtin.ClickKeyword.execute(ClickKeyword.groovy:43)
	at com.kms.katalon.core.keyword.internal.KeywordExecutor.executeKeywordForPlatform(KeywordExecutor.groovy:73)
	at com.kms.katalon.core.webui.keyword.WebUiBuiltInKeywords.click(WebUiBuiltInKeywords.groovy:616)
	at com.kms.katalon.core.webui.keyword.WebUiBuiltInKeywords$click$6.call(Unknown Source)
	at com.functions.Uifunctions.updateSCOBalances(Uifunctions.groovy:300)
	at com.functions.Uifunctions$updateSCOBalances$6.call(Unknown Source)
	at Script1591634907012.run(Script1591634907012.groovy:55)
	... 13 more
)
[[ATTACHMENT|C:\\fdr-automation-develop_08_25_2020\\Reports\\20200908_113210\\Draw-Integration_Suite\\20200908_113213\\1599590651187.png]]

2020-09-08 11:44:13 - [MESSAGE][INFO] - Unable to find the element located by 'By.xpath: //*[@data-id='button-link']//*[contains(text(),'Create New Voucher')]'. Please recheck the objects properties to make sure the desired element is located. 

2020-09-08 11:44:13 - [MESSAGE][WARNING] - Object 'Object Repository/FDR-Dashboard/createNewVoucherButton' is not present after 1 second(s)

2020-09-08 11:44:17 - [MESSAGE][INFO] - Unable to find the element located by 'By.xpath: (//*[@type='text'])[5]'. Please recheck the objects properties to make sure the desired element is located. 

2020-09-08 11:44:17 - [MESSAGE][FAILED] - Unable to set text '0' of object 'Object Repository/FDR-Draw/SCOBalances/inputTextBalance5' (Root cause: com.kms.katalon.core.exception.StepFailedException: Unable to set text '0' of object 'Object Repository/FDR-Draw/SCOBalances/inputTextBalance5'
	at com.kms.katalon.core.webui.keyword.internal.WebUIKeywordMain.stepFailed(WebUIKeywordMain.groovy:64)
	at com.kms.katalon.core.webui.keyword.internal.WebUIKeywordMain.runKeyword(WebUIKeywordMain.groovy:26)
	at com.kms.katalon.core.webui.keyword.builtin.SetTextKeyword.setText(SetTextKeyword.groovy:66)
	at com.kms.katalon.core.webui.keyword.builtin.SetTextKeyword.execute(SetTextKeyword.groovy:37)
	at com.kms.katalon.core.keyword.internal.KeywordExecutor.executeKeywordForPlatform(KeywordExecutor.groovy:73)
	at com.kms.katalon.core.webui.keyword.WebUiBuiltInKeywords.setText(WebUiBuiltInKeywords.groovy:976)
	at com.kms.katalon.core.webui.keyword.WebUiBuiltInKeywords$setText$4.call(Unknown Source)
	at com.functions.Uifunctions.updateSCOBalances(Uifunctions.groovy:302)
	at com.functions.Uifunctions$updateSCOBalances$6.call(Unknown Source)
	at FDR-Update-SCO-Balances-Icons.run(FDR-Update-SCO-Balances-Icons:55)
	at com.kms.katalon.core.main.ScriptEngine.run(ScriptEngine.java:194)
	at com.kms.katalon.core.main.ScriptEngine.runScriptAsRawText(ScriptEngine.java:119)
	at com.kms.katalon.core.main.TestCaseExecutor.runScript(TestCaseExecutor.java:339)
	at com.kms.katalon.core.main.TestCaseExecutor.doExecute(TestCaseExecutor.java:330)
	at com.kms.katalon.core.main.TestCaseExecutor.processExecutionPhase(TestCaseExecutor.java:309)
	at com.kms.katalon.core.main.TestCaseExecutor.accessMainPhase(TestCaseExecutor.java:301)
	at com.kms.katalon.core.main.TestCaseExecutor.execute(TestCaseExecutor.java:235)
	at com.kms.katalon.core.main.TestSuiteExecutor.accessTestCaseMainPhase(TestSuiteExecutor.java:191)
	at com.kms.katalon.core.main.TestSuiteExecutor.accessTestSuiteMainPhase(TestSuiteExecutor.java:141)
	at com.kms.katalon.core.main.TestSuiteExecutor.execute(TestSuiteExecutor.java:90)
	at com.kms.katalon.core.main.TestCaseMain.startTestSuite(TestCaseMain.java:157)
	at com.kms.katalon.core.main.TestCaseMain$startTestSuite$0.call(Unknown Source)
	at TempTestSuite1599589933195.run(TempTestSuite1599589933195.groovy:39)
Caused by: com.kms.katalon.core.webui.exception.WebElementNotFoundException: Web element with id: 'Object Repository/FDR-Draw/SCOBalances/inputTextBalance5' located by '(//*[@type='text'])[5]' not found
	at com.kms.katalon.core.webui.common.WebUiCommonHelper.findWebElement(WebUiCommonHelper.java:1368)
	at com.kms.katalon.core.webui.keyword.internal.WebUIAbstractKeyword.findWebElement(WebUIAbstractKeyword.groovy:27)
	at com.kms.katalon.core.webui.keyword.internal.WebUIAbstractKeyword.findWebElement(WebUIAbstractKeyword.groovy:26)
	at com.kms.katalon.core.webui.keyword.builtin.SetTextKeyword$_setText_closure1.doCall(SetTextKeyword.groovy:51)
	at com.kms.katalon.core.webui.keyword.builtin.SetTextKeyword$_setText_closure1.call(SetTextKeyword.groovy)
	at com.kms.katalon.core.webui.keyword.internal.WebUIKeywordMain.runKeyword(WebUIKeywordMain.groovy:20)
	at com.kms.katalon.core.webui.keyword.builtin.SetTextKeyword.setText(SetTextKeyword.groovy:66)
	at com.kms.katalon.core.webui.keyword.builtin.SetTextKeyword.execute(SetTextKeyword.groovy:37)
	at com.kms.katalon.core.keyword.internal.KeywordExecutor.executeKeywordForPlatform(KeywordExecutor.groovy:73)
	at com.kms.katalon.core.webui.keyword.WebUiBuiltInKeywords.setText(WebUiBuiltInKeywords.groovy:976)
	at com.kms.katalon.core.webui.keyword.WebUiBuiltInKeywords$setText$4.call(Unknown Source)
	at com.functions.Uifunctions.updateSCOBalances(Uifunctions.groovy:302)
	at com.functions.Uifunctions$updateSCOBalances$6.call(Unknown Source)
	at Script1591634907012.run(Script1591634907012.groovy:55)
	... 13 more
)
[[ATTACHMENT|C:\\fdr-automation-develop_08_25_2020\\Reports\\20200908_113210\\Draw-Integration_Suite\\20200908_113213\\1599590657594.png]]

2020-09-08 11:44:19 - [MESSAGE][INFO] - Unable to find the element located by 'By.xpath: //*[@data-id='button-link']//*[contains(text(),'Create New Voucher')]'. Please recheck the objects properties to make sure the desired element is located. 

2020-09-08 11:44:19 - [MESSAGE][WARNING] - Object 'Object Repository/FDR-Dashboard/createNewVoucherButton' is not present after 1 second(s)

2020-09-08 11:44:24 - [MESSAGE][INFO] - Unable to find the element located by 'By.xpath: (//*[@data-id='text-field'])[6]'. Please recheck the objects properties to make sure the desired element is located. 

2020-09-08 11:44:24 - [MESSAGE][FAILED] - Unable to click on object 'Object Repository/FDR-Draw/SCOBalances/updateFundBalanceInputText6' (Root cause: com.kms.katalon.core.exception.StepFailedException: Unable to click on object 'Object Repository/FDR-Draw/SCOBalances/updateFundBalanceInputText6'
	at com.kms.katalon.core.webui.keyword.internal.WebUIKeywordMain.stepFailed(WebUIKeywordMain.groovy:64)
	at com.kms.katalon.core.webui.keyword.internal.WebUIKeywordMain.runKeyword(WebUIKeywordMain.groovy:26)
	at com.kms.katalon.core.webui.keyword.builtin.ClickKeyword.click(ClickKeyword.groovy:76)
	at com.kms.katalon.core.webui.keyword.builtin.ClickKeyword.execute(ClickKeyword.groovy:43)
	at com.kms.katalon.core.keyword.internal.KeywordExecutor.executeKeywordForPlatform(KeywordExecutor.groovy:73)
	at com.kms.katalon.core.webui.keyword.WebUiBuiltInKeywords.click(WebUiBuiltInKeywords.groovy:616)
	at com.kms.katalon.core.webui.keyword.WebUiBuiltInKeywords$click$6.call(Unknown Source)
	at com.functions.Uifunctions.updateSCOBalances(Uifunctions.groovy:300)
	at com.functions.Uifunctions$updateSCOBalances$6.call(Unknown Source)
	at FDR-Update-SCO-Balances-Icons.run(FDR-Update-SCO-Balances-Icons:55)
	at com.kms.katalon.core.main.ScriptEngine.run(ScriptEngine.java:194)
	at com.kms.katalon.core.main.ScriptEngine.runScriptAsRawText(ScriptEngine.java:119)
	at com.kms.katalon.core.main.TestCaseExecutor.runScript(TestCaseExecutor.java:339)
	at com.kms.katalon.core.main.TestCaseExecutor.doExecute(TestCaseExecutor.java:330)
	at com.kms.katalon.core.main.TestCaseExecutor.processExecutionPhase(TestCaseExecutor.java:309)
	at com.kms.katalon.core.main.TestCaseExecutor.accessMainPhase(TestCaseExecutor.java:301)
	at com.kms.katalon.core.main.TestCaseExecutor.execute(TestCaseExecutor.java:235)
	at com.kms.katalon.core.main.TestSuiteExecutor.accessTestCaseMainPhase(TestSuiteExecutor.java:191)
	at com.kms.katalon.core.main.TestSuiteExecutor.accessTestSuiteMainPhase(TestSuiteExecutor.java:141)
	at com.kms.katalon.core.main.TestSuiteExecutor.execute(TestSuiteExecutor.java:90)
	at com.kms.katalon.core.main.TestCaseMain.startTestSuite(TestCaseMain.java:157)
	at com.kms.katalon.core.main.TestCaseMain$startTestSuite$0.call(Unknown Source)
	at TempTestSuite1599589933195.run(TempTestSuite1599589933195.groovy:39)
Caused by: com.kms.katalon.core.webui.exception.WebElementNotFoundException: Web element with id: 'Object Repository/FDR-Draw/SCOBalances/updateFundBalanceInputText6' located by '(//*[@data-id='text-field'])[6]' not found
	at com.kms.katalon.core.webui.common.WebUiCommonHelper.findWebElement(WebUiCommonHelper.java:1368)
	at com.kms.katalon.core.webui.keyword.internal.WebUIAbstractKeyword.findWebElement(WebUIAbstractKeyword.groovy:27)
	at com.kms.katalon.core.webui.keyword.internal.WebUIAbstractKeyword.findWebElement(WebUIAbstractKeyword.groovy:26)
	at com.kms.katalon.core.webui.keyword.builtin.ClickKeyword$_click_closure1.doCall(ClickKeyword.groovy:67)
	at com.kms.katalon.core.webui.keyword.builtin.ClickKeyword$_click_closure1.call(ClickKeyword.groovy)
	at com.kms.katalon.core.webui.keyword.internal.WebUIKeywordMain.runKeyword(WebUIKeywordMain.groovy:20)
	at com.kms.katalon.core.webui.keyword.builtin.ClickKeyword.click(ClickKeyword.groovy:76)
	at com.kms.katalon.core.webui.keyword.builtin.ClickKeyword.execute(ClickKeyword.groovy:43)
	at com.kms.katalon.core.keyword.internal.KeywordExecutor.executeKeywordForPlatform(KeywordExecutor.groovy:73)
	at com.kms.katalon.core.webui.keyword.WebUiBuiltInKeywords.click(WebUiBuiltInKeywords.groovy:616)
	at com.kms.katalon.core.webui.keyword.WebUiBuiltInKeywords$click$6.call(Unknown Source)
	at com.functions.Uifunctions.updateSCOBalances(Uifunctions.groovy:300)
	at com.functions.Uifunctions$updateSCOBalances$6.call(Unknown Source)
	at Script1591634907012.run(Script1591634907012.groovy:55)
	... 13 more
)
[[ATTACHMENT|C:\\fdr-automation-develop_08_25_2020\\Reports\\20200908_113210\\Draw-Integration_Suite\\20200908_113213\\1599590664039.png]]

2020-09-08 11:44:26 - [MESSAGE][INFO] - Unable to find the element located by 'By.xpath: //*[@data-id='button-link']//*[contains(text(),'Create New Voucher')]'. Please recheck the objects properties to make sure the desired element is located. 

2020-09-08 11:44:26 - [MESSAGE][WARNING] - Object 'Object Repository/FDR-Dashboard/createNewVoucherButton' is not present after 1 second(s)

2020-09-08 11:44:30 - [MESSAGE][INFO] - Unable to find the element located by 'By.xpath: (//*[@type='text'])[6]'. Please recheck the objects properties to make sure the desired element is located. 

2020-09-08 11:44:30 - [MESSAGE][FAILED] - Unable to set text '0' of object 'Object Repository/FDR-Draw/SCOBalances/inputTextBalance6' (Root cause: com.kms.katalon.core.exception.StepFailedException: Unable to set text '0' of object 'Object Repository/FDR-Draw/SCOBalances/inputTextBalance6'
	at com.kms.katalon.core.webui.keyword.internal.WebUIKeywordMain.stepFailed(WebUIKeywordMain.groovy:64)
	at com.kms.katalon.core.webui.keyword.internal.WebUIKeywordMain.runKeyword(WebUIKeywordMain.groovy:26)
	at com.kms.katalon.core.webui.keyword.builtin.SetTextKeyword.setText(SetTextKeyword.groovy:66)
	at com.kms.katalon.core.webui.keyword.builtin.SetTextKeyword.execute(SetTextKeyword.groovy:37)
	at com.kms.katalon.core.keyword.internal.KeywordExecutor.executeKeywordForPlatform(KeywordExecutor.groovy:73)
	at com.kms.katalon.core.webui.keyword.WebUiBuiltInKeywords.setText(WebUiBuiltInKeywords.groovy:976)
	at com.kms.katalon.core.webui.keyword.WebUiBuiltInKeywords$setText$4.call(Unknown Source)
	at com.functions.Uifunctions.updateSCOBalances(Uifunctions.groovy:302)
	at com.functions.Uifunctions$updateSCOBalances$6.call(Unknown Source)
	at FDR-Update-SCO-Balances-Icons.run(FDR-Update-SCO-Balances-Icons:55)
	at com.kms.katalon.core.main.ScriptEngine.run(ScriptEngine.java:194)
	at com.kms.katalon.core.main.ScriptEngine.runScriptAsRawText(ScriptEngine.java:119)
	at com.kms.katalon.core.main.TestCaseExecutor.runScript(TestCaseExecutor.java:339)
	at com.kms.katalon.core.main.TestCaseExecutor.doExecute(TestCaseExecutor.java:330)
	at com.kms.katalon.core.main.TestCaseExecutor.processExecutionPhase(TestCaseExecutor.java:309)
	at com.kms.katalon.core.main.TestCaseExecutor.accessMainPhase(TestCaseExecutor.java:301)
	at com.kms.katalon.core.main.TestCaseExecutor.execute(TestCaseExecutor.java:235)
	at com.kms.katalon.core.main.TestSuiteExecutor.accessTestCaseMainPhase(TestSuiteExecutor.java:191)
	at com.kms.katalon.core.main.TestSuiteExecutor.accessTestSuiteMainPhase(TestSuiteExecutor.java:141)
	at com.kms.katalon.core.main.TestSuiteExecutor.execute(TestSuiteExecutor.java:90)
	at com.kms.katalon.core.main.TestCaseMain.startTestSuite(TestCaseMain.java:157)
	at com.kms.katalon.core.main.TestCaseMain$startTestSuite$0.call(Unknown Source)
	at TempTestSuite1599589933195.run(TempTestSuite1599589933195.groovy:39)
Caused by: com.kms.katalon.core.webui.exception.WebElementNotFoundException: Web element with id: 'Object Repository/FDR-Draw/SCOBalances/inputTextBalance6' located by '(//*[@type='text'])[6]' not found
	at com.kms.katalon.core.webui.common.WebUiCommonHelper.findWebElement(WebUiCommonHelper.java:1368)
	at com.kms.katalon.core.webui.keyword.internal.WebUIAbstractKeyword.findWebElement(WebUIAbstractKeyword.groovy:27)
	at com.kms.katalon.core.webui.keyword.internal.WebUIAbstractKeyword.findWebElement(WebUIAbstractKeyword.groovy:26)
	at com.kms.katalon.core.webui.keyword.builtin.SetTextKeyword$_setText_closure1.doCall(SetTextKeyword.groovy:51)
	at com.kms.katalon.core.webui.keyword.builtin.SetTextKeyword$_setText_closure1.call(SetTextKeyword.groovy)
	at com.kms.katalon.core.webui.keyword.internal.WebUIKeywordMain.runKeyword(WebUIKeywordMain.groovy:20)
	at com.kms.katalon.core.webui.keyword.builtin.SetTextKeyword.setText(SetTextKeyword.groovy:66)
	at com.kms.katalon.core.webui.keyword.builtin.SetTextKeyword.execute(SetTextKeyword.groovy:37)
	at com.kms.katalon.core.keyword.internal.KeywordExecutor.executeKeywordForPlatform(KeywordExecutor.groovy:73)
	at com.kms.katalon.core.webui.keyword.WebUiBuiltInKeywords.setText(WebUiBuiltInKeywords.groovy:976)
	at com.kms.katalon.core.webui.keyword.WebUiBuiltInKeywords$setText$4.call(Unknown Source)
	at com.functions.Uifunctions.updateSCOBalances(Uifunctions.groovy:302)
	at com.functions.Uifunctions$updateSCOBalances$6.call(Unknown Source)
	at Script1591634907012.run(Script1591634907012.groovy:55)
	... 13 more
)
[[ATTACHMENT|C:\\fdr-automation-develop_08_25_2020\\Reports\\20200908_113210\\Draw-Integration_Suite\\20200908_113213\\1599590670533.png]]

2020-09-08 11:44:32 - [MESSAGE][INFO] - Unable to find the element located by 'By.xpath: //*[@data-id='button-link']//*[contains(text(),'Create New Voucher')]'. Please recheck the objects properties to make sure the desired element is located. 

2020-09-08 11:44:32 - [MESSAGE][WARNING] - Object 'Object Repository/FDR-Dashboard/createNewVoucherButton' is not present after 1 second(s)

2020-09-08 11:44:36 - [MESSAGE][INFO] - Unable to find the element located by 'By.xpath: (//*[@data-id='text-field'])[7]'. Please recheck the objects properties to make sure the desired element is located. 

2020-09-08 11:44:37 - [MESSAGE][FAILED] - Unable to click on object 'Object Repository/FDR-Draw/SCOBalances/updateFundBalanceInputText7' (Root cause: com.kms.katalon.core.exception.StepFailedException: Unable to click on object 'Object Repository/FDR-Draw/SCOBalances/updateFundBalanceInputText7'
	at com.kms.katalon.core.webui.keyword.internal.WebUIKeywordMain.stepFailed(WebUIKeywordMain.groovy:64)
	at com.kms.katalon.core.webui.keyword.internal.WebUIKeywordMain.runKeyword(WebUIKeywordMain.groovy:26)
	at com.kms.katalon.core.webui.keyword.builtin.ClickKeyword.click(ClickKeyword.groovy:76)
	at com.kms.katalon.core.webui.keyword.builtin.ClickKeyword.execute(ClickKeyword.groovy:43)
	at com.kms.katalon.core.keyword.internal.KeywordExecutor.executeKeywordForPlatform(KeywordExecutor.groovy:73)
	at com.kms.katalon.core.webui.keyword.WebUiBuiltInKeywords.click(WebUiBuiltInKeywords.groovy:616)
	at com.kms.katalon.core.webui.keyword.WebUiBuiltInKeywords$click$6.call(Unknown Source)
	at com.functions.Uifunctions.updateSCOBalances(Uifunctions.groovy:300)
	at com.functions.Uifunctions$updateSCOBalances$6.call(Unknown Source)
	at FDR-Update-SCO-Balances-Icons.run(FDR-Update-SCO-Balances-Icons:55)
	at com.kms.katalon.core.main.ScriptEngine.run(ScriptEngine.java:194)
	at com.kms.katalon.core.main.ScriptEngine.runScriptAsRawText(ScriptEngine.java:119)
	at com.kms.katalon.core.main.TestCaseExecutor.runScript(TestCaseExecutor.java:339)
	at com.kms.katalon.core.main.TestCaseExecutor.doExecute(TestCaseExecutor.java:330)
	at com.kms.katalon.core.main.TestCaseExecutor.processExecutionPhase(TestCaseExecutor.java:309)
	at com.kms.katalon.core.main.TestCaseExecutor.accessMainPhase(TestCaseExecutor.java:301)
	at com.kms.katalon.core.main.TestCaseExecutor.execute(TestCaseExecutor.java:235)
	at com.kms.katalon.core.main.TestSuiteExecutor.accessTestCaseMainPhase(TestSuiteExecutor.java:191)
	at com.kms.katalon.core.main.TestSuiteExecutor.accessTestSuiteMainPhase(TestSuiteExecutor.java:141)
	at com.kms.katalon.core.main.TestSuiteExecutor.execute(TestSuiteExecutor.java:90)
	at com.kms.katalon.core.main.TestCaseMain.startTestSuite(TestCaseMain.java:157)
	at com.kms.katalon.core.main.TestCaseMain$startTestSuite$0.call(Unknown Source)
	at TempTestSuite1599589933195.run(TempTestSuite1599589933195.groovy:39)
Caused by: com.kms.katalon.core.webui.exception.WebElementNotFoundException: Web element with id: 'Object Repository/FDR-Draw/SCOBalances/updateFundBalanceInputText7' located by '(//*[@data-id='text-field'])[7]' not found
	at com.kms.katalon.core.webui.common.WebUiCommonHelper.findWebElement(WebUiCommonHelper.java:1368)
	at com.kms.katalon.core.webui.keyword.internal.WebUIAbstractKeyword.findWebElement(WebUIAbstractKeyword.groovy:27)
	at com.kms.katalon.core.webui.keyword.internal.WebUIAbstractKeyword.findWebElement(WebUIAbstractKeyword.groovy:26)
	at com.kms.katalon.core.webui.keyword.builtin.ClickKeyword$_click_closure1.doCall(ClickKeyword.groovy:67)
	at com.kms.katalon.core.webui.keyword.builtin.ClickKeyword$_click_closure1.call(ClickKeyword.groovy)
	at com.kms.katalon.core.webui.keyword.internal.WebUIKeywordMain.runKeyword(WebUIKeywordMain.groovy:20)
	at com.kms.katalon.core.webui.keyword.builtin.ClickKeyword.click(ClickKeyword.groovy:76)
	at com.kms.katalon.core.webui.keyword.builtin.ClickKeyword.execute(ClickKeyword.groovy:43)
	at com.kms.katalon.core.keyword.internal.KeywordExecutor.executeKeywordForPlatform(KeywordExecutor.groovy:73)
	at com.kms.katalon.core.webui.keyword.WebUiBuiltInKeywords.click(WebUiBuiltInKeywords.groovy:616)
	at com.kms.katalon.core.webui.keyword.WebUiBuiltInKeywords$click$6.call(Unknown Source)
	at com.functions.Uifunctions.updateSCOBalances(Uifunctions.groovy:300)
	at com.functions.Uifunctions$updateSCOBalances$6.call(Unknown Source)
	at Script1591634907012.run(Script1591634907012.groovy:55)
	... 13 more
)
[[ATTACHMENT|C:\\fdr-automation-develop_08_25_2020\\Reports\\20200908_113210\\Draw-Integration_Suite\\20200908_113213\\1599590676987.png]]

2020-09-08 11:44:39 - [MESSAGE][INFO] - Unable to find the element located by 'By.xpath: //*[@data-id='button-link']//*[contains(text(),'Create New Voucher')]'. Please recheck the objects properties to make sure the desired element is located. 

2020-09-08 11:44:39 - [MESSAGE][WARNING] - Object 'Object Repository/FDR-Dashboard/createNewVoucherButton' is not present after 1 second(s)

2020-09-08 11:44:43 - [MESSAGE][INFO] - Unable to find the element located by 'By.xpath: (//*[@type='text'])[7]'. Please recheck the objects properties to make sure the desired element is located. 

2020-09-08 11:44:43 - [MESSAGE][FAILED] - Unable to set text '0' of object 'Object Repository/FDR-Draw/SCOBalances/inputTextBalance7' (Root cause: com.kms.katalon.core.exception.StepFailedException: Unable to set text '0' of object 'Object Repository/FDR-Draw/SCOBalances/inputTextBalance7'
	at com.kms.katalon.core.webui.keyword.internal.WebUIKeywordMain.stepFailed(WebUIKeywordMain.groovy:64)
	at com.kms.katalon.core.webui.keyword.internal.WebUIKeywordMain.runKeyword(WebUIKeywordMain.groovy:26)
	at com.kms.katalon.core.webui.keyword.builtin.SetTextKeyword.setText(SetTextKeyword.groovy:66)
	at com.kms.katalon.core.webui.keyword.builtin.SetTextKeyword.execute(SetTextKeyword.groovy:37)
	at com.kms.katalon.core.keyword.internal.KeywordExecutor.executeKeywordForPlatform(KeywordExecutor.groovy:73)
	at com.kms.katalon.core.webui.keyword.WebUiBuiltInKeywords.setText(WebUiBuiltInKeywords.groovy:976)
	at com.kms.katalon.core.webui.keyword.WebUiBuiltInKeywords$setText$4.call(Unknown Source)
	at com.functions.Uifunctions.updateSCOBalances(Uifunctions.groovy:302)
	at com.functions.Uifunctions$updateSCOBalances$6.call(Unknown Source)
	at FDR-Update-SCO-Balances-Icons.run(FDR-Update-SCO-Balances-Icons:55)
	at com.kms.katalon.core.main.ScriptEngine.run(ScriptEngine.java:194)
	at com.kms.katalon.core.main.ScriptEngine.runScriptAsRawText(ScriptEngine.java:119)
	at com.kms.katalon.core.main.TestCaseExecutor.runScript(TestCaseExecutor.java:339)
	at com.kms.katalon.core.main.TestCaseExecutor.doExecute(TestCaseExecutor.java:330)
	at com.kms.katalon.core.main.TestCaseExecutor.processExecutionPhase(TestCaseExecutor.java:309)
	at com.kms.katalon.core.main.TestCaseExecutor.accessMainPhase(TestCaseExecutor.java:301)
	at com.kms.katalon.core.main.TestCaseExecutor.execute(TestCaseExecutor.java:235)
	at com.kms.katalon.core.main.TestSuiteExecutor.accessTestCaseMainPhase(TestSuiteExecutor.java:191)
	at com.kms.katalon.core.main.TestSuiteExecutor.accessTestSuiteMainPhase(TestSuiteExecutor.java:141)
	at com.kms.katalon.core.main.TestSuiteExecutor.execute(TestSuiteExecutor.java:90)
	at com.kms.katalon.core.main.TestCaseMain.startTestSuite(TestCaseMain.java:157)
	at com.kms.katalon.core.main.TestCaseMain$startTestSuite$0.call(Unknown Source)
	at TempTestSuite1599589933195.run(TempTestSuite1599589933195.groovy:39)
Caused by: com.kms.katalon.core.webui.exception.WebElementNotFoundException: Web element with id: 'Object Repository/FDR-Draw/SCOBalances/inputTextBalance7' located by '(//*[@type='text'])[7]' not found
	at com.kms.katalon.core.webui.common.WebUiCommonHelper.findWebElement(WebUiCommonHelper.java:1368)
	at com.kms.katalon.core.webui.keyword.internal.WebUIAbstractKeyword.findWebElement(WebUIAbstractKeyword.groovy:27)
	at com.kms.katalon.core.webui.keyword.internal.WebUIAbstractKeyword.findWebElement(WebUIAbstractKeyword.groovy:26)
	at com.kms.katalon.core.webui.keyword.builtin.SetTextKeyword$_setText_closure1.doCall(SetTextKeyword.groovy:51)
	at com.kms.katalon.core.webui.keyword.builtin.SetTextKeyword$_setText_closure1.call(SetTextKeyword.groovy)
	at com.kms.katalon.core.webui.keyword.internal.WebUIKeywordMain.runKeyword(WebUIKeywordMain.groovy:20)
	at com.kms.katalon.core.webui.keyword.builtin.SetTextKeyword.setText(SetTextKeyword.groovy:66)
	at com.kms.katalon.core.webui.keyword.builtin.SetTextKeyword.execute(SetTextKeyword.groovy:37)
	at com.kms.katalon.core.keyword.internal.KeywordExecutor.executeKeywordForPlatform(KeywordExecutor.groovy:73)
	at com.kms.katalon.core.webui.keyword.WebUiBuiltInKeywords.setText(WebUiBuiltInKeywords.groovy:976)
	at com.kms.katalon.core.webui.keyword.WebUiBuiltInKeywords$setText$4.call(Unknown Source)
	at com.functions.Uifunctions.updateSCOBalances(Uifunctions.groovy:302)
	at com.functions.Uifunctions$updateSCOBalances$6.call(Unknown Source)
	at Script1591634907012.run(Script1591634907012.groovy:55)
	... 13 more
)
[[ATTACHMENT|C:\\fdr-automation-develop_08_25_2020\\Reports\\20200908_113210\\Draw-Integration_Suite\\20200908_113213\\1599590683391.png]]

2020-09-08 11:44:45 - [MESSAGE][INFO] - Unable to find the element located by 'By.xpath: //*[@data-id='button-link']//*[contains(text(),'Create New Voucher')]'. Please recheck the objects properties to make sure the desired element is located. 

2020-09-08 11:44:45 - [MESSAGE][WARNING] - Object 'Object Repository/FDR-Dashboard/createNewVoucherButton' is not present after 1 second(s)

2020-09-08 11:44:49 - [MESSAGE][INFO] - Unable to find the element located by 'By.xpath: (//*[@data-id='text-field'])[8]'. Please recheck the objects properties to make sure the desired element is located. 

2020-09-08 11:44:50 - [MESSAGE][FAILED] - Unable to click on object 'Object Repository/FDR-Draw/SCOBalances/updateFundBalanceInputText8' (Root cause: com.kms.katalon.core.exception.StepFailedException: Unable to click on object 'Object Repository/FDR-Draw/SCOBalances/updateFundBalanceInputText8'
	at com.kms.katalon.core.webui.keyword.internal.WebUIKeywordMain.stepFailed(WebUIKeywordMain.groovy:64)
	at com.kms.katalon.core.webui.keyword.internal.WebUIKeywordMain.runKeyword(WebUIKeywordMain.groovy:26)
	at com.kms.katalon.core.webui.keyword.builtin.ClickKeyword.click(ClickKeyword.groovy:76)
	at com.kms.katalon.core.webui.keyword.builtin.ClickKeyword.execute(ClickKeyword.groovy:43)
	at com.kms.katalon.core.keyword.internal.KeywordExecutor.executeKeywordForPlatform(KeywordExecutor.groovy:73)
	at com.kms.katalon.core.webui.keyword.WebUiBuiltInKeywords.click(WebUiBuiltInKeywords.groovy:616)
	at com.kms.katalon.core.webui.keyword.WebUiBuiltInKeywords$click$6.call(Unknown Source)
	at com.functions.Uifunctions.updateSCOBalances(Uifunctions.groovy:300)
	at com.functions.Uifunctions$updateSCOBalances$6.call(Unknown Source)
	at FDR-Update-SCO-Balances-Icons.run(FDR-Update-SCO-Balances-Icons:55)
	at com.kms.katalon.core.main.ScriptEngine.run(ScriptEngine.java:194)
	at com.kms.katalon.core.main.ScriptEngine.runScriptAsRawText(ScriptEngine.java:119)
	at com.kms.katalon.core.main.TestCaseExecutor.runScript(TestCaseExecutor.java:339)
	at com.kms.katalon.core.main.TestCaseExecutor.doExecute(TestCaseExecutor.java:330)
	at com.kms.katalon.core.main.TestCaseExecutor.processExecutionPhase(TestCaseExecutor.java:309)
	at com.kms.katalon.core.main.TestCaseExecutor.accessMainPhase(TestCaseExecutor.java:301)
	at com.kms.katalon.core.main.TestCaseExecutor.execute(TestCaseExecutor.java:235)
	at com.kms.katalon.core.main.TestSuiteExecutor.accessTestCaseMainPhase(TestSuiteExecutor.java:191)
	at com.kms.katalon.core.main.TestSuiteExecutor.accessTestSuiteMainPhase(TestSuiteExecutor.java:141)
	at com.kms.katalon.core.main.TestSuiteExecutor.execute(TestSuiteExecutor.java:90)
	at com.kms.katalon.core.main.TestCaseMain.startTestSuite(TestCaseMain.java:157)
	at com.kms.katalon.core.main.TestCaseMain$startTestSuite$0.call(Unknown Source)
	at TempTestSuite1599589933195.run(TempTestSuite1599589933195.groovy:39)
Caused by: com.kms.katalon.core.webui.exception.WebElementNotFoundException: Web element with id: 'Object Repository/FDR-Draw/SCOBalances/updateFundBalanceInputText8' located by '(//*[@data-id='text-field'])[8]' not found
	at com.kms.katalon.core.webui.common.WebUiCommonHelper.findWebElement(WebUiCommonHelper.java:1368)
	at com.kms.katalon.core.webui.keyword.internal.WebUIAbstractKeyword.findWebElement(WebUIAbstractKeyword.groovy:27)
	at com.kms.katalon.core.webui.keyword.internal.WebUIAbstractKeyword.findWebElement(WebUIAbstractKeyword.groovy:26)
	at com.kms.katalon.core.webui.keyword.builtin.ClickKeyword$_click_closure1.doCall(ClickKeyword.groovy:67)
	at com.kms.katalon.core.webui.keyword.builtin.ClickKeyword$_click_closure1.call(ClickKeyword.groovy)
	at com.kms.katalon.core.webui.keyword.internal.WebUIKeywordMain.runKeyword(WebUIKeywordMain.groovy:20)
	at com.kms.katalon.core.webui.keyword.builtin.ClickKeyword.click(ClickKeyword.groovy:76)
	at com.kms.katalon.core.webui.keyword.builtin.ClickKeyword.execute(ClickKeyword.groovy:43)
	at com.kms.katalon.core.keyword.internal.KeywordExecutor.executeKeywordForPlatform(KeywordExecutor.groovy:73)
	at com.kms.katalon.core.webui.keyword.WebUiBuiltInKeywords.click(WebUiBuiltInKeywords.groovy:616)
	at com.kms.katalon.core.webui.keyword.WebUiBuiltInKeywords$click$6.call(Unknown Source)
	at com.functions.Uifunctions.updateSCOBalances(Uifunctions.groovy:300)
	at com.functions.Uifunctions$updateSCOBalances$6.call(Unknown Source)
	at Script1591634907012.run(Script1591634907012.groovy:55)
	... 13 more
)
[[ATTACHMENT|C:\\fdr-automation-develop_08_25_2020\\Reports\\20200908_113210\\Draw-Integration_Suite\\20200908_113213\\1599590689957.png]]

2020-09-08 11:44:52 - [MESSAGE][INFO] - Unable to find the element located by 'By.xpath: //*[@data-id='button-link']//*[contains(text(),'Create New Voucher')]'. Please recheck the objects properties to make sure the desired element is located. 

2020-09-08 11:44:52 - [MESSAGE][WARNING] - Object 'Object Repository/FDR-Dashboard/createNewVoucherButton' is not present after 1 second(s)

2020-09-08 11:44:56 - [MESSAGE][INFO] - Unable to find the element located by 'By.xpath: (//*[@type='text'])[8]'. Please recheck the objects properties to make sure the desired element is located. 

2020-09-08 11:44:56 - [MESSAGE][FAILED] - Unable to set text '0' of object 'Object Repository/FDR-Draw/SCOBalances/inputTextBalance8' (Root cause: com.kms.katalon.core.exception.StepFailedException: Unable to set text '0' of object 'Object Repository/FDR-Draw/SCOBalances/inputTextBalance8'
	at com.kms.katalon.core.webui.keyword.internal.WebUIKeywordMain.stepFailed(WebUIKeywordMain.groovy:64)
	at com.kms.katalon.core.webui.keyword.internal.WebUIKeywordMain.runKeyword(WebUIKeywordMain.groovy:26)
	at com.kms.katalon.core.webui.keyword.builtin.SetTextKeyword.setText(SetTextKeyword.groovy:66)
	at com.kms.katalon.core.webui.keyword.builtin.SetTextKeyword.execute(SetTextKeyword.groovy:37)
	at com.kms.katalon.core.keyword.internal.KeywordExecutor.executeKeywordForPlatform(KeywordExecutor.groovy:73)
	at com.kms.katalon.core.webui.keyword.WebUiBuiltInKeywords.setText(WebUiBuiltInKeywords.groovy:976)
	at com.kms.katalon.core.webui.keyword.WebUiBuiltInKeywords$setText$4.call(Unknown Source)
	at com.functions.Uifunctions.updateSCOBalances(Uifunctions.groovy:302)
	at com.functions.Uifunctions$updateSCOBalances$6.call(Unknown Source)
	at FDR-Update-SCO-Balances-Icons.run(FDR-Update-SCO-Balances-Icons:55)
	at com.kms.katalon.core.main.ScriptEngine.run(ScriptEngine.java:194)
	at com.kms.katalon.core.main.ScriptEngine.runScriptAsRawText(ScriptEngine.java:119)
	at com.kms.katalon.core.main.TestCaseExecutor.runScript(TestCaseExecutor.java:339)
	at com.kms.katalon.core.main.TestCaseExecutor.doExecute(TestCaseExecutor.java:330)
	at com.kms.katalon.core.main.TestCaseExecutor.processExecutionPhase(TestCaseExecutor.java:309)
	at com.kms.katalon.core.main.TestCaseExecutor.accessMainPhase(TestCaseExecutor.java:301)
	at com.kms.katalon.core.main.TestCaseExecutor.execute(TestCaseExecutor.java:235)
	at com.kms.katalon.core.main.TestSuiteExecutor.accessTestCaseMainPhase(TestSuiteExecutor.java:191)
	at com.kms.katalon.core.main.TestSuiteExecutor.accessTestSuiteMainPhase(TestSuiteExecutor.java:141)
	at com.kms.katalon.core.main.TestSuiteExecutor.execute(TestSuiteExecutor.java:90)
	at com.kms.katalon.core.main.TestCaseMain.startTestSuite(TestCaseMain.java:157)
	at com.kms.katalon.core.main.TestCaseMain$startTestSuite$0.call(Unknown Source)
	at TempTestSuite1599589933195.run(TempTestSuite1599589933195.groovy:39)
Caused by: com.kms.katalon.core.webui.exception.WebElementNotFoundException: Web element with id: 'Object Repository/FDR-Draw/SCOBalances/inputTextBalance8' located by '(//*[@type='text'])[8]' not found
	at com.kms.katalon.core.webui.common.WebUiCommonHelper.findWebElement(WebUiCommonHelper.java:1368)
	at com.kms.katalon.core.webui.keyword.internal.WebUIAbstractKeyword.findWebElement(WebUIAbstractKeyword.groovy:27)
	at com.kms.katalon.core.webui.keyword.internal.WebUIAbstractKeyword.findWebElement(WebUIAbstractKeyword.groovy:26)
	at com.kms.katalon.core.webui.keyword.builtin.SetTextKeyword$_setText_closure1.doCall(SetTextKeyword.groovy:51)
	at com.kms.katalon.core.webui.keyword.builtin.SetTextKeyword$_setText_closure1.call(SetTextKeyword.groovy)
	at com.kms.katalon.core.webui.keyword.internal.WebUIKeywordMain.runKeyword(WebUIKeywordMain.groovy:20)
	at com.kms.katalon.core.webui.keyword.builtin.SetTextKeyword.setText(SetTextKeyword.groovy:66)
	at com.kms.katalon.core.webui.keyword.builtin.SetTextKeyword.execute(SetTextKeyword.groovy:37)
	at com.kms.katalon.core.keyword.internal.KeywordExecutor.executeKeywordForPlatform(KeywordExecutor.groovy:73)
	at com.kms.katalon.core.webui.keyword.WebUiBuiltInKeywords.setText(WebUiBuiltInKeywords.groovy:976)
	at com.kms.katalon.core.webui.keyword.WebUiBuiltInKeywords$setText$4.call(Unknown Source)
	at com.functions.Uifunctions.updateSCOBalances(Uifunctions.groovy:302)
	at com.functions.Uifunctions$updateSCOBalances$6.call(Unknown Source)
	at Script1591634907012.run(Script1591634907012.groovy:55)
	... 13 more
)
[[ATTACHMENT|C:\\fdr-automation-develop_08_25_2020\\Reports\\20200908_113210\\Draw-Integration_Suite\\20200908_113213\\1599590696546.png]]

2020-09-08 11:44:58 - [MESSAGE][INFO] - Unable to find the element located by 'By.xpath: //*[@data-id='button-link']//*[contains(text(),'Create New Voucher')]'. Please recheck the objects properties to make sure the desired element is located. 

2020-09-08 11:44:58 - [MESSAGE][WARNING] - Object 'Object Repository/FDR-Dashboard/createNewVoucherButton' is not present after 1 second(s)

2020-09-08 11:45:03 - [MESSAGE][INFO] - Unable to find the element located by 'By.xpath: (//*[@data-id='text-field'])[9]'. Please recheck the objects properties to make sure the desired element is located. 

2020-09-08 11:45:03 - [MESSAGE][FAILED] - Unable to click on object 'Object Repository/FDR-Draw/SCOBalances/updateFundBalanceInputText9' (Root cause: com.kms.katalon.core.exception.StepFailedException: Unable to click on object 'Object Repository/FDR-Draw/SCOBalances/updateFundBalanceInputText9'
	at com.kms.katalon.core.webui.keyword.internal.WebUIKeywordMain.stepFailed(WebUIKeywordMain.groovy:64)
	at com.kms.katalon.core.webui.keyword.internal.WebUIKeywordMain.runKeyword(WebUIKeywordMain.groovy:26)
	at com.kms.katalon.core.webui.keyword.builtin.ClickKeyword.click(ClickKeyword.groovy:76)
	at com.kms.katalon.core.webui.keyword.builtin.ClickKeyword.execute(ClickKeyword.groovy:43)
	at com.kms.katalon.core.keyword.internal.KeywordExecutor.executeKeywordForPlatform(KeywordExecutor.groovy:73)
	at com.kms.katalon.core.webui.keyword.WebUiBuiltInKeywords.click(WebUiBuiltInKeywords.groovy:616)
	at com.kms.katalon.core.webui.keyword.WebUiBuiltInKeywords$click$6.call(Unknown Source)
	at com.functions.Uifunctions.updateSCOBalances(Uifunctions.groovy:300)
	at com.functions.Uifunctions$updateSCOBalances$6.call(Unknown Source)
	at FDR-Update-SCO-Balances-Icons.run(FDR-Update-SCO-Balances-Icons:55)
	at com.kms.katalon.core.main.ScriptEngine.run(ScriptEngine.java:194)
	at com.kms.katalon.core.main.ScriptEngine.runScriptAsRawText(ScriptEngine.java:119)
	at com.kms.katalon.core.main.TestCaseExecutor.runScript(TestCaseExecutor.java:339)
	at com.kms.katalon.core.main.TestCaseExecutor.doExecute(TestCaseExecutor.java:330)
	at com.kms.katalon.core.main.TestCaseExecutor.processExecutionPhase(TestCaseExecutor.java:309)
	at com.kms.katalon.core.main.TestCaseExecutor.accessMainPhase(TestCaseExecutor.java:301)
	at com.kms.katalon.core.main.TestCaseExecutor.execute(TestCaseExecutor.java:235)
	at com.kms.katalon.core.main.TestSuiteExecutor.accessTestCaseMainPhase(TestSuiteExecutor.java:191)
	at com.kms.katalon.core.main.TestSuiteExecutor.accessTestSuiteMainPhase(TestSuiteExecutor.java:141)
	at com.kms.katalon.core.main.TestSuiteExecutor.execute(TestSuiteExecutor.java:90)
	at com.kms.katalon.core.main.TestCaseMain.startTestSuite(TestCaseMain.java:157)
	at com.kms.katalon.core.main.TestCaseMain$startTestSuite$0.call(Unknown Source)
	at TempTestSuite1599589933195.run(TempTestSuite1599589933195.groovy:39)
Caused by: com.kms.katalon.core.webui.exception.WebElementNotFoundException: Web element with id: 'Object Repository/FDR-Draw/SCOBalances/updateFundBalanceInputText9' located by '(//*[@data-id='text-field'])[9]' not found
	at com.kms.katalon.core.webui.common.WebUiCommonHelper.findWebElement(WebUiCommonHelper.java:1368)
	at com.kms.katalon.core.webui.keyword.internal.WebUIAbstractKeyword.findWebElement(WebUIAbstractKeyword.groovy:27)
	at com.kms.katalon.core.webui.keyword.internal.WebUIAbstractKeyword.findWebElement(WebUIAbstractKeyword.groovy:26)
	at com.kms.katalon.core.webui.keyword.builtin.ClickKeyword$_click_closure1.doCall(ClickKeyword.groovy:67)
	at com.kms.katalon.core.webui.keyword.builtin.ClickKeyword$_click_closure1.call(ClickKeyword.groovy)
	at com.kms.katalon.core.webui.keyword.internal.WebUIKeywordMain.runKeyword(WebUIKeywordMain.groovy:20)
	at com.kms.katalon.core.webui.keyword.builtin.ClickKeyword.click(ClickKeyword.groovy:76)
	at com.kms.katalon.core.webui.keyword.builtin.ClickKeyword.execute(ClickKeyword.groovy:43)
	at com.kms.katalon.core.keyword.internal.KeywordExecutor.executeKeywordForPlatform(KeywordExecutor.groovy:73)
	at com.kms.katalon.core.webui.keyword.WebUiBuiltInKeywords.click(WebUiBuiltInKeywords.groovy:616)
	at com.kms.katalon.core.webui.keyword.WebUiBuiltInKeywords$click$6.call(Unknown Source)
	at com.functions.Uifunctions.updateSCOBalances(Uifunctions.groovy:300)
	at com.functions.Uifunctions$updateSCOBalances$6.call(Unknown Source)
	at Script1591634907012.run(Script1591634907012.groovy:55)
	... 13 more
)
[[ATTACHMENT|C:\\fdr-automation-develop_08_25_2020\\Reports\\20200908_113210\\Draw-Integration_Suite\\20200908_113213\\1599590703267.png]]

2020-09-08 11:45:05 - [MESSAGE][INFO] - Unable to find the element located by 'By.xpath: //*[@data-id='button-link']//*[contains(text(),'Create New Voucher')]'. Please recheck the objects properties to make sure the desired element is located. 

2020-09-08 11:45:05 - [MESSAGE][WARNING] - Object 'Object Repository/FDR-Dashboard/createNewVoucherButton' is not present after 1 second(s)

2020-09-08 11:45:10 - [MESSAGE][INFO] - Unable to find the element located by 'By.xpath: (//*[@type='text'])[9]'. Please recheck the objects properties to make sure the desired element is located. 

2020-09-08 11:45:10 - [MESSAGE][FAILED] - Unable to set text '0' of object 'Object Repository/FDR-Draw/SCOBalances/inputTextBalance9' (Root cause: com.kms.katalon.core.exception.StepFailedException: Unable to set text '0' of object 'Object Repository/FDR-Draw/SCOBalances/inputTextBalance9'
	at com.kms.katalon.core.webui.keyword.internal.WebUIKeywordMain.stepFailed(WebUIKeywordMain.groovy:64)
	at com.kms.katalon.core.webui.keyword.internal.WebUIKeywordMain.runKeyword(WebUIKeywordMain.groovy:26)
	at com.kms.katalon.core.webui.keyword.builtin.SetTextKeyword.setText(SetTextKeyword.groovy:66)
	at com.kms.katalon.core.webui.keyword.builtin.SetTextKeyword.execute(SetTextKeyword.groovy:37)
	at com.kms.katalon.core.keyword.internal.KeywordExecutor.executeKeywordForPlatform(KeywordExecutor.groovy:73)
	at com.kms.katalon.core.webui.keyword.WebUiBuiltInKeywords.setText(WebUiBuiltInKeywords.groovy:976)
	at com.kms.katalon.core.webui.keyword.WebUiBuiltInKeywords$setText$4.call(Unknown Source)
	at com.functions.Uifunctions.updateSCOBalances(Uifunctions.groovy:302)
	at com.functions.Uifunctions$updateSCOBalances$6.call(Unknown Source)
	at FDR-Update-SCO-Balances-Icons.run(FDR-Update-SCO-Balances-Icons:55)
	at com.kms.katalon.core.main.ScriptEngine.run(ScriptEngine.java:194)
	at com.kms.katalon.core.main.ScriptEngine.runScriptAsRawText(ScriptEngine.java:119)
	at com.kms.katalon.core.main.TestCaseExecutor.runScript(TestCaseExecutor.java:339)
	at com.kms.katalon.core.main.TestCaseExecutor.doExecute(TestCaseExecutor.java:330)
	at com.kms.katalon.core.main.TestCaseExecutor.processExecutionPhase(TestCaseExecutor.java:309)
	at com.kms.katalon.core.main.TestCaseExecutor.accessMainPhase(TestCaseExecutor.java:301)
	at com.kms.katalon.core.main.TestCaseExecutor.execute(TestCaseExecutor.java:235)
	at com.kms.katalon.core.main.TestSuiteExecutor.accessTestCaseMainPhase(TestSuiteExecutor.java:191)
	at com.kms.katalon.core.main.TestSuiteExecutor.accessTestSuiteMainPhase(TestSuiteExecutor.java:141)
	at com.kms.katalon.core.main.TestSuiteExecutor.execute(TestSuiteExecutor.java:90)
	at com.kms.katalon.core.main.TestCaseMain.startTestSuite(TestCaseMain.java:157)
	at com.kms.katalon.core.main.TestCaseMain$startTestSuite$0.call(Unknown Source)
	at TempTestSuite1599589933195.run(TempTestSuite1599589933195.groovy:39)
Caused by: com.kms.katalon.core.webui.exception.WebElementNotFoundException: Web element with id: 'Object Repository/FDR-Draw/SCOBalances/inputTextBalance9' located by '(//*[@type='text'])[9]' not found
	at com.kms.katalon.core.webui.common.WebUiCommonHelper.findWebElement(WebUiCommonHelper.java:1368)
	at com.kms.katalon.core.webui.keyword.internal.WebUIAbstractKeyword.findWebElement(WebUIAbstractKeyword.groovy:27)
	at com.kms.katalon.core.webui.keyword.internal.WebUIAbstractKeyword.findWebElement(WebUIAbstractKeyword.groovy:26)
	at com.kms.katalon.core.webui.keyword.builtin.SetTextKeyword$_setText_closure1.doCall(SetTextKeyword.groovy:51)
	at com.kms.katalon.core.webui.keyword.builtin.SetTextKeyword$_setText_closure1.call(SetTextKeyword.groovy)
	at com.kms.katalon.core.webui.keyword.internal.WebUIKeywordMain.runKeyword(WebUIKeywordMain.groovy:20)
	at com.kms.katalon.core.webui.keyword.builtin.SetTextKeyword.setText(SetTextKeyword.groovy:66)
	at com.kms.katalon.core.webui.keyword.builtin.SetTextKeyword.execute(SetTextKeyword.groovy:37)
	at com.kms.katalon.core.keyword.internal.KeywordExecutor.executeKeywordForPlatform(KeywordExecutor.groovy:73)
	at com.kms.katalon.core.webui.keyword.WebUiBuiltInKeywords.setText(WebUiBuiltInKeywords.groovy:976)
	at com.kms.katalon.core.webui.keyword.WebUiBuiltInKeywords$setText$4.call(Unknown Source)
	at com.functions.Uifunctions.updateSCOBalances(Uifunctions.groovy:302)
	at com.functions.Uifunctions$updateSCOBalances$6.call(Unknown Source)
	at Script1591634907012.run(Script1591634907012.groovy:55)
	... 13 more
)
[[ATTACHMENT|C:\\fdr-automation-develop_08_25_2020\\Reports\\20200908_113210\\Draw-Integration_Suite\\20200908_113213\\1599590710054.png]]

2020-09-08 11:45:12 - [MESSAGE][INFO] - Unable to find the element located by 'By.xpath: //*[@data-id='button-link']//*[contains(text(),'Create New Voucher')]'. Please recheck the objects properties to make sure the desired element is located. 

2020-09-08 11:45:12 - [MESSAGE][WARNING] - Object 'Object Repository/FDR-Dashboard/createNewVoucherButton' is not present after 1 second(s)

2020-09-08 11:45:16 - [MESSAGE][INFO] - Unable to find the element located by 'By.xpath: (//*[@data-id='text-field'])[10]'. Please recheck the objects properties to make sure the desired element is located. 

2020-09-08 11:45:16 - [MESSAGE][FAILED] - Unable to click on object 'Object Repository/FDR-Draw/SCOBalances/updateFundBalanceInputText10' (Root cause: com.kms.katalon.core.exception.StepFailedException: Unable to click on object 'Object Repository/FDR-Draw/SCOBalances/updateFundBalanceInputText10'
	at com.kms.katalon.core.webui.keyword.internal.WebUIKeywordMain.stepFailed(WebUIKeywordMain.groovy:64)
	at com.kms.katalon.core.webui.keyword.internal.WebUIKeywordMain.runKeyword(WebUIKeywordMain.groovy:26)
	at com.kms.katalon.core.webui.keyword.builtin.ClickKeyword.click(ClickKeyword.groovy:76)
	at com.kms.katalon.core.webui.keyword.builtin.ClickKeyword.execute(ClickKeyword.groovy:43)
	at com.kms.katalon.core.keyword.internal.KeywordExecutor.executeKeywordForPlatform(KeywordExecutor.groovy:73)
	at com.kms.katalon.core.webui.keyword.WebUiBuiltInKeywords.click(WebUiBuiltInKeywords.groovy:616)
	at com.kms.katalon.core.webui.keyword.WebUiBuiltInKeywords$click$6.call(Unknown Source)
	at com.functions.Uifunctions.updateSCOBalances(Uifunctions.groovy:300)
	at com.functions.Uifunctions$updateSCOBalances$6.call(Unknown Source)
	at FDR-Update-SCO-Balances-Icons.run(FDR-Update-SCO-Balances-Icons:55)
	at com.kms.katalon.core.main.ScriptEngine.run(ScriptEngine.java:194)
	at com.kms.katalon.core.main.ScriptEngine.runScriptAsRawText(ScriptEngine.java:119)
	at com.kms.katalon.core.main.TestCaseExecutor.runScript(TestCaseExecutor.java:339)
	at com.kms.katalon.core.main.TestCaseExecutor.doExecute(TestCaseExecutor.java:330)
	at com.kms.katalon.core.main.TestCaseExecutor.processExecutionPhase(TestCaseExecutor.java:309)
	at com.kms.katalon.core.main.TestCaseExecutor.accessMainPhase(TestCaseExecutor.java:301)
	at com.kms.katalon.core.main.TestCaseExecutor.execute(TestCaseExecutor.java:235)
	at com.kms.katalon.core.main.TestSuiteExecutor.accessTestCaseMainPhase(TestSuiteExecutor.java:191)
	at com.kms.katalon.core.main.TestSuiteExecutor.accessTestSuiteMainPhase(TestSuiteExecutor.java:141)
	at com.kms.katalon.core.main.TestSuiteExecutor.execute(TestSuiteExecutor.java:90)
	at com.kms.katalon.core.main.TestCaseMain.startTestSuite(TestCaseMain.java:157)
	at com.kms.katalon.core.main.TestCaseMain$startTestSuite$0.call(Unknown Source)
	at TempTestSuite1599589933195.run(TempTestSuite1599589933195.groovy:39)
Caused by: com.kms.katalon.core.webui.exception.WebElementNotFoundException: Web element with id: 'Object Repository/FDR-Draw/SCOBalances/updateFundBalanceInputText10' located by '(//*[@data-id='text-field'])[10]' not found
	at com.kms.katalon.core.webui.common.WebUiCommonHelper.findWebElement(WebUiCommonHelper.java:1368)
	at com.kms.katalon.core.webui.keyword.internal.WebUIAbstractKeyword.findWebElement(WebUIAbstractKeyword.groovy:27)
	at com.kms.katalon.core.webui.keyword.internal.WebUIAbstractKeyword.findWebElement(WebUIAbstractKeyword.groovy:26)
	at com.kms.katalon.core.webui.keyword.builtin.ClickKeyword$_click_closure1.doCall(ClickKeyword.groovy:67)
	at com.kms.katalon.core.webui.keyword.builtin.ClickKeyword$_click_closure1.call(ClickKeyword.groovy)
	at com.kms.katalon.core.webui.keyword.internal.WebUIKeywordMain.runKeyword(WebUIKeywordMain.groovy:20)
	at com.kms.katalon.core.webui.keyword.builtin.ClickKeyword.click(ClickKeyword.groovy:76)
	at com.kms.katalon.core.webui.keyword.builtin.ClickKeyword.execute(ClickKeyword.groovy:43)
	at com.kms.katalon.core.keyword.internal.KeywordExecutor.executeKeywordForPlatform(KeywordExecutor.groovy:73)
	at com.kms.katalon.core.webui.keyword.WebUiBuiltInKeywords.click(WebUiBuiltInKeywords.groovy:616)
	at com.kms.katalon.core.webui.keyword.WebUiBuiltInKeywords$click$6.call(Unknown Source)
	at com.functions.Uifunctions.updateSCOBalances(Uifunctions.groovy:300)
	at com.functions.Uifunctions$updateSCOBalances$6.call(Unknown Source)
	at Script1591634907012.run(Script1591634907012.groovy:55)
	... 13 more
)
[[ATTACHMENT|C:\\fdr-automation-develop_08_25_2020\\Reports\\20200908_113210\\Draw-Integration_Suite\\20200908_113213\\1599590716588.png]]

2020-09-08 11:45:18 - [MESSAGE][INFO] - Unable to find the element located by 'By.xpath: //*[@data-id='button-link']//*[contains(text(),'Create New Voucher')]'. Please recheck the objects properties to make sure the desired element is located. 

2020-09-08 11:45:18 - [MESSAGE][WARNING] - Object 'Object Repository/FDR-Dashboard/createNewVoucherButton' is not present after 1 second(s)

2020-09-08 11:45:22 - [MESSAGE][INFO] - Unable to find the element located by 'By.xpath: (//*[@type='text'])[10]'. Please recheck the objects properties to make sure the desired element is located. 

2020-09-08 11:45:23 - [MESSAGE][FAILED] - Unable to set text '0' of object 'Object Repository/FDR-Draw/SCOBalances/inputTextBalance10' (Root cause: com.kms.katalon.core.exception.StepFailedException: Unable to set text '0' of object 'Object Repository/FDR-Draw/SCOBalances/inputTextBalance10'
	at com.kms.katalon.core.webui.keyword.internal.WebUIKeywordMain.stepFailed(WebUIKeywordMain.groovy:64)
	at com.kms.katalon.core.webui.keyword.internal.WebUIKeywordMain.runKeyword(WebUIKeywordMain.groovy:26)
	at com.kms.katalon.core.webui.keyword.builtin.SetTextKeyword.setText(SetTextKeyword.groovy:66)
	at com.kms.katalon.core.webui.keyword.builtin.SetTextKeyword.execute(SetTextKeyword.groovy:37)
	at com.kms.katalon.core.keyword.internal.KeywordExecutor.executeKeywordForPlatform(KeywordExecutor.groovy:73)
	at com.kms.katalon.core.webui.keyword.WebUiBuiltInKeywords.setText(WebUiBuiltInKeywords.groovy:976)
	at com.kms.katalon.core.webui.keyword.WebUiBuiltInKeywords$setText$4.call(Unknown Source)
	at com.functions.Uifunctions.updateSCOBalances(Uifunctions.groovy:302)
	at com.functions.Uifunctions$updateSCOBalances$6.call(Unknown Source)
	at FDR-Update-SCO-Balances-Icons.run(FDR-Update-SCO-Balances-Icons:55)
	at com.kms.katalon.core.main.ScriptEngine.run(ScriptEngine.java:194)
	at com.kms.katalon.core.main.ScriptEngine.runScriptAsRawText(ScriptEngine.java:119)
	at com.kms.katalon.core.main.TestCaseExecutor.runScript(TestCaseExecutor.java:339)
	at com.kms.katalon.core.main.TestCaseExecutor.doExecute(TestCaseExecutor.java:330)
	at com.kms.katalon.core.main.TestCaseExecutor.processExecutionPhase(TestCaseExecutor.java:309)
	at com.kms.katalon.core.main.TestCaseExecutor.accessMainPhase(TestCaseExecutor.java:301)
	at com.kms.katalon.core.main.TestCaseExecutor.execute(TestCaseExecutor.java:235)
	at com.kms.katalon.core.main.TestSuiteExecutor.accessTestCaseMainPhase(TestSuiteExecutor.java:191)
	at com.kms.katalon.core.main.TestSuiteExecutor.accessTestSuiteMainPhase(TestSuiteExecutor.java:141)
	at com.kms.katalon.core.main.TestSuiteExecutor.execute(TestSuiteExecutor.java:90)
	at com.kms.katalon.core.main.TestCaseMain.startTestSuite(TestCaseMain.java:157)
	at com.kms.katalon.core.main.TestCaseMain$startTestSuite$0.call(Unknown Source)
	at TempTestSuite1599589933195.run(TempTestSuite1599589933195.groovy:39)
Caused by: com.kms.katalon.core.webui.exception.WebElementNotFoundException: Web element with id: 'Object Repository/FDR-Draw/SCOBalances/inputTextBalance10' located by '(//*[@type='text'])[10]' not found
	at com.kms.katalon.core.webui.common.WebUiCommonHelper.findWebElement(WebUiCommonHelper.java:1368)
	at com.kms.katalon.core.webui.keyword.internal.WebUIAbstractKeyword.findWebElement(WebUIAbstractKeyword.groovy:27)
	at com.kms.katalon.core.webui.keyword.internal.WebUIAbstractKeyword.findWebElement(WebUIAbstractKeyword.groovy:26)
	at com.kms.katalon.core.webui.keyword.builtin.SetTextKeyword$_setText_closure1.doCall(SetTextKeyword.groovy:51)
	at com.kms.katalon.core.webui.keyword.builtin.SetTextKeyword$_setText_closure1.call(SetTextKeyword.groovy)
	at com.kms.katalon.core.webui.keyword.internal.WebUIKeywordMain.runKeyword(WebUIKeywordMain.groovy:20)
	at com.kms.katalon.core.webui.keyword.builtin.SetTextKeyword.setText(SetTextKeyword.groovy:66)
	at com.kms.katalon.core.webui.keyword.builtin.SetTextKeyword.execute(SetTextKeyword.groovy:37)
	at com.kms.katalon.core.keyword.internal.KeywordExecutor.executeKeywordForPlatform(KeywordExecutor.groovy:73)
	at com.kms.katalon.core.webui.keyword.WebUiBuiltInKeywords.setText(WebUiBuiltInKeywords.groovy:976)
	at com.kms.katalon.core.webui.keyword.WebUiBuiltInKeywords$setText$4.call(Unknown Source)
	at com.functions.Uifunctions.updateSCOBalances(Uifunctions.groovy:302)
	at com.functions.Uifunctions$updateSCOBalances$6.call(Unknown Source)
	at Script1591634907012.run(Script1591634907012.groovy:55)
	... 13 more
)
[[ATTACHMENT|C:\\fdr-automation-develop_08_25_2020\\Reports\\20200908_113210\\Draw-Integration_Suite\\20200908_113213\\1599590722995.png]]

2020-09-08 11:45:25 - [MESSAGE][INFO] - Unable to find the element located by 'By.xpath: //*[@data-id='button-link']//*[contains(text(),'Create New Voucher')]'. Please recheck the objects properties to make sure the desired element is located. 

2020-09-08 11:45:25 - [MESSAGE][WARNING] - Object 'Object Repository/FDR-Dashboard/createNewVoucherButton' is not present after 1 second(s)

2020-09-08 11:45:29 - [MESSAGE][INFO] - Unable to find the element located by 'By.xpath: (//*[@data-id='text-field'])[11]'. Please recheck the objects properties to make sure the desired element is located. 

2020-09-08 11:45:29 - [MESSAGE][FAILED] - Unable to click on object 'Object Repository/FDR-Draw/SCOBalances/updateFundBalanceInputText11' (Root cause: com.kms.katalon.core.exception.StepFailedException: Unable to click on object 'Object Repository/FDR-Draw/SCOBalances/updateFundBalanceInputText11'
	at com.kms.katalon.core.webui.keyword.internal.WebUIKeywordMain.stepFailed(WebUIKeywordMain.groovy:64)
	at com.kms.katalon.core.webui.keyword.internal.WebUIKeywordMain.runKeyword(WebUIKeywordMain.groovy:26)
	at com.kms.katalon.core.webui.keyword.builtin.ClickKeyword.click(ClickKeyword.groovy:76)
	at com.kms.katalon.core.webui.keyword.builtin.ClickKeyword.execute(ClickKeyword.groovy:43)
	at com.kms.katalon.core.keyword.internal.KeywordExecutor.executeKeywordForPlatform(KeywordExecutor.groovy:73)
	at com.kms.katalon.core.webui.keyword.WebUiBuiltInKeywords.click(WebUiBuiltInKeywords.groovy:616)
	at com.kms.katalon.core.webui.keyword.WebUiBuiltInKeywords$click$6.call(Unknown Source)
	at com.functions.Uifunctions.updateSCOBalances(Uifunctions.groovy:300)
	at com.functions.Uifunctions$updateSCOBalances$6.call(Unknown Source)
	at FDR-Update-SCO-Balances-Icons.run(FDR-Update-SCO-Balances-Icons:55)
	at com.kms.katalon.core.main.ScriptEngine.run(ScriptEngine.java:194)
	at com.kms.katalon.core.main.ScriptEngine.runScriptAsRawText(ScriptEngine.java:119)
	at com.kms.katalon.core.main.TestCaseExecutor.runScript(TestCaseExecutor.java:339)
	at com.kms.katalon.core.main.TestCaseExecutor.doExecute(TestCaseExecutor.java:330)
	at com.kms.katalon.core.main.TestCaseExecutor.processExecutionPhase(TestCaseExecutor.java:309)
	at com.kms.katalon.core.main.TestCaseExecutor.accessMainPhase(TestCaseExecutor.java:301)
	at com.kms.katalon.core.main.TestCaseExecutor.execute(TestCaseExecutor.java:235)
	at com.kms.katalon.core.main.TestSuiteExecutor.accessTestCaseMainPhase(TestSuiteExecutor.java:191)
	at com.kms.katalon.core.main.TestSuiteExecutor.accessTestSuiteMainPhase(TestSuiteExecutor.java:141)
	at com.kms.katalon.core.main.TestSuiteExecutor.execute(TestSuiteExecutor.java:90)
	at com.kms.katalon.core.main.TestCaseMain.startTestSuite(TestCaseMain.java:157)
	at com.kms.katalon.core.main.TestCaseMain$startTestSuite$0.call(Unknown Source)
	at TempTestSuite1599589933195.run(TempTestSuite1599589933195.groovy:39)
Caused by: com.kms.katalon.core.webui.exception.WebElementNotFoundException: Web element with id: 'Object Repository/FDR-Draw/SCOBalances/updateFundBalanceInputText11' located by '(//*[@data-id='text-field'])[11]' not found
	at com.kms.katalon.core.webui.common.WebUiCommonHelper.findWebElement(WebUiCommonHelper.java:1368)
	at com.kms.katalon.core.webui.keyword.internal.WebUIAbstractKeyword.findWebElement(WebUIAbstractKeyword.groovy:27)
	at com.kms.katalon.core.webui.keyword.internal.WebUIAbstractKeyword.findWebElement(WebUIAbstractKeyword.groovy:26)
	at com.kms.katalon.core.webui.keyword.builtin.ClickKeyword$_click_closure1.doCall(ClickKeyword.groovy:67)
	at com.kms.katalon.core.webui.keyword.builtin.ClickKeyword$_click_closure1.call(ClickKeyword.groovy)
	at com.kms.katalon.core.webui.keyword.internal.WebUIKeywordMain.runKeyword(WebUIKeywordMain.groovy:20)
	at com.kms.katalon.core.webui.keyword.builtin.ClickKeyword.click(ClickKeyword.groovy:76)
	at com.kms.katalon.core.webui.keyword.builtin.ClickKeyword.execute(ClickKeyword.groovy:43)
	at com.kms.katalon.core.keyword.internal.KeywordExecutor.executeKeywordForPlatform(KeywordExecutor.groovy:73)
	at com.kms.katalon.core.webui.keyword.WebUiBuiltInKeywords.click(WebUiBuiltInKeywords.groovy:616)
	at com.kms.katalon.core.webui.keyword.WebUiBuiltInKeywords$click$6.call(Unknown Source)
	at com.functions.Uifunctions.updateSCOBalances(Uifunctions.groovy:300)
	at com.functions.Uifunctions$updateSCOBalances$6.call(Unknown Source)
	at Script1591634907012.run(Script1591634907012.groovy:55)
	... 13 more
)
[[ATTACHMENT|C:\\fdr-automation-develop_08_25_2020\\Reports\\20200908_113210\\Draw-Integration_Suite\\20200908_113213\\1599590729657.png]]

2020-09-08 11:45:32 - [MESSAGE][INFO] - Unable to find the element located by 'By.xpath: //*[@data-id='button-link']//*[contains(text(),'Create New Voucher')]'. Please recheck the objects properties to make sure the desired element is located. 

2020-09-08 11:45:32 - [MESSAGE][WARNING] - Object 'Object Repository/FDR-Dashboard/createNewVoucherButton' is not present after 1 second(s)

2020-09-08 11:45:36 - [MESSAGE][INFO] - Unable to find the element located by 'By.xpath: (//*[@type='text'])[11]'. Please recheck the objects properties to make sure the desired element is located. 

2020-09-08 11:45:36 - [MESSAGE][FAILED] - Unable to set text '0' of object 'Object Repository/FDR-Draw/SCOBalances/inputTextBalance11' (Root cause: com.kms.katalon.core.exception.StepFailedException: Unable to set text '0' of object 'Object Repository/FDR-Draw/SCOBalances/inputTextBalance11'
	at com.kms.katalon.core.webui.keyword.internal.WebUIKeywordMain.stepFailed(WebUIKeywordMain.groovy:64)
	at com.kms.katalon.core.webui.keyword.internal.WebUIKeywordMain.runKeyword(WebUIKeywordMain.groovy:26)
	at com.kms.katalon.core.webui.keyword.builtin.SetTextKeyword.setText(SetTextKeyword.groovy:66)
	at com.kms.katalon.core.webui.keyword.builtin.SetTextKeyword.execute(SetTextKeyword.groovy:37)
	at com.kms.katalon.core.keyword.internal.KeywordExecutor.executeKeywordForPlatform(KeywordExecutor.groovy:73)
	at com.kms.katalon.core.webui.keyword.WebUiBuiltInKeywords.setText(WebUiBuiltInKeywords.groovy:976)
	at com.kms.katalon.core.webui.keyword.WebUiBuiltInKeywords$setText$4.call(Unknown Source)
	at com.functions.Uifunctions.updateSCOBalances(Uifunctions.groovy:302)
	at com.functions.Uifunctions$updateSCOBalances$6.call(Unknown Source)
	at FDR-Update-SCO-Balances-Icons.run(FDR-Update-SCO-Balances-Icons:55)
	at com.kms.katalon.core.main.ScriptEngine.run(ScriptEngine.java:194)
	at com.kms.katalon.core.main.ScriptEngine.runScriptAsRawText(ScriptEngine.java:119)
	at com.kms.katalon.core.main.TestCaseExecutor.runScript(TestCaseExecutor.java:339)
	at com.kms.katalon.core.main.TestCaseExecutor.doExecute(TestCaseExecutor.java:330)
	at com.kms.katalon.core.main.TestCaseExecutor.processExecutionPhase(TestCaseExecutor.java:309)
	at com.kms.katalon.core.main.TestCaseExecutor.accessMainPhase(TestCaseExecutor.java:301)
	at com.kms.katalon.core.main.TestCaseExecutor.execute(TestCaseExecutor.java:235)
	at com.kms.katalon.core.main.TestSuiteExecutor.accessTestCaseMainPhase(TestSuiteExecutor.java:191)
	at com.kms.katalon.core.main.TestSuiteExecutor.accessTestSuiteMainPhase(TestSuiteExecutor.java:141)
	at com.kms.katalon.core.main.TestSuiteExecutor.execute(TestSuiteExecutor.java:90)
	at com.kms.katalon.core.main.TestCaseMain.startTestSuite(TestCaseMain.java:157)
	at com.kms.katalon.core.main.TestCaseMain$startTestSuite$0.call(Unknown Source)
	at TempTestSuite1599589933195.run(TempTestSuite1599589933195.groovy:39)
Caused by: com.kms.katalon.core.webui.exception.WebElementNotFoundException: Web element with id: 'Object Repository/FDR-Draw/SCOBalances/inputTextBalance11' located by '(//*[@type='text'])[11]' not found
	at com.kms.katalon.core.webui.common.WebUiCommonHelper.findWebElement(WebUiCommonHelper.java:1368)
	at com.kms.katalon.core.webui.keyword.internal.WebUIAbstractKeyword.findWebElement(WebUIAbstractKeyword.groovy:27)
	at com.kms.katalon.core.webui.keyword.internal.WebUIAbstractKeyword.findWebElement(WebUIAbstractKeyword.groovy:26)
	at com.kms.katalon.core.webui.keyword.builtin.SetTextKeyword$_setText_closure1.doCall(SetTextKeyword.groovy:51)
	at com.kms.katalon.core.webui.keyword.builtin.SetTextKeyword$_setText_closure1.call(SetTextKeyword.groovy)
	at com.kms.katalon.core.webui.keyword.internal.WebUIKeywordMain.runKeyword(WebUIKeywordMain.groovy:20)
	at com.kms.katalon.core.webui.keyword.builtin.SetTextKeyword.setText(SetTextKeyword.groovy:66)
	at com.kms.katalon.core.webui.keyword.builtin.SetTextKeyword.execute(SetTextKeyword.groovy:37)
	at com.kms.katalon.core.keyword.internal.KeywordExecutor.executeKeywordForPlatform(KeywordExecutor.groovy:73)
	at com.kms.katalon.core.webui.keyword.WebUiBuiltInKeywords.setText(WebUiBuiltInKeywords.groovy:976)
	at com.kms.katalon.core.webui.keyword.WebUiBuiltInKeywords$setText$4.call(Unknown Source)
	at com.functions.Uifunctions.updateSCOBalances(Uifunctions.groovy:302)
	at com.functions.Uifunctions$updateSCOBalances$6.call(Unknown Source)
	at Script1591634907012.run(Script1591634907012.groovy:55)
	... 13 more
)
[[ATTACHMENT|C:\\fdr-automation-develop_08_25_2020\\Reports\\20200908_113210\\Draw-Integration_Suite\\20200908_113213\\1599590736175.png]]

2020-09-08 11:45:38 - [MESSAGE][INFO] - Unable to find the element located by 'By.xpath: //*[@data-id='button-link']//*[contains(text(),'Create New Voucher')]'. Please recheck the objects properties to make sure the desired element is located. 

2020-09-08 11:45:38 - [MESSAGE][WARNING] - Object 'Object Repository/FDR-Dashboard/createNewVoucherButton' is not present after 1 second(s)

2020-09-08 11:45:42 - [MESSAGE][INFO] - Unable to find the element located by 'By.xpath: (//*[@data-id='text-field'])[12]'. Please recheck the objects properties to make sure the desired element is located. 

2020-09-08 11:45:42 - [MESSAGE][FAILED] - Unable to click on object 'Object Repository/FDR-Draw/SCOBalances/updateFundBalanceInputText12' (Root cause: com.kms.katalon.core.exception.StepFailedException: Unable to click on object 'Object Repository/FDR-Draw/SCOBalances/updateFundBalanceInputText12'
	at com.kms.katalon.core.webui.keyword.internal.WebUIKeywordMain.stepFailed(WebUIKeywordMain.groovy:64)
	at com.kms.katalon.core.webui.keyword.internal.WebUIKeywordMain.runKeyword(WebUIKeywordMain.groovy:26)
	at com.kms.katalon.core.webui.keyword.builtin.ClickKeyword.click(ClickKeyword.groovy:76)
	at com.kms.katalon.core.webui.keyword.builtin.ClickKeyword.execute(ClickKeyword.groovy:43)
	at com.kms.katalon.core.keyword.internal.KeywordExecutor.executeKeywordForPlatform(KeywordExecutor.groovy:73)
	at com.kms.katalon.core.webui.keyword.WebUiBuiltInKeywords.click(WebUiBuiltInKeywords.groovy:616)
	at com.kms.katalon.core.webui.keyword.WebUiBuiltInKeywords$click$6.call(Unknown Source)
	at com.functions.Uifunctions.updateSCOBalances(Uifunctions.groovy:300)
	at com.functions.Uifunctions$updateSCOBalances$6.call(Unknown Source)
	at FDR-Update-SCO-Balances-Icons.run(FDR-Update-SCO-Balances-Icons:55)
	at com.kms.katalon.core.main.ScriptEngine.run(ScriptEngine.java:194)
	at com.kms.katalon.core.main.ScriptEngine.runScriptAsRawText(ScriptEngine.java:119)
	at com.kms.katalon.core.main.TestCaseExecutor.runScript(TestCaseExecutor.java:339)
	at com.kms.katalon.core.main.TestCaseExecutor.doExecute(TestCaseExecutor.java:330)
	at com.kms.katalon.core.main.TestCaseExecutor.processExecutionPhase(TestCaseExecutor.java:309)
	at com.kms.katalon.core.main.TestCaseExecutor.accessMainPhase(TestCaseExecutor.java:301)
	at com.kms.katalon.core.main.TestCaseExecutor.execute(TestCaseExecutor.java:235)
	at com.kms.katalon.core.main.TestSuiteExecutor.accessTestCaseMainPhase(TestSuiteExecutor.java:191)
	at com.kms.katalon.core.main.TestSuiteExecutor.accessTestSuiteMainPhase(TestSuiteExecutor.java:141)
	at com.kms.katalon.core.main.TestSuiteExecutor.execute(TestSuiteExecutor.java:90)
	at com.kms.katalon.core.main.TestCaseMain.startTestSuite(TestCaseMain.java:157)
	at com.kms.katalon.core.main.TestCaseMain$startTestSuite$0.call(Unknown Source)
	at TempTestSuite1599589933195.run(TempTestSuite1599589933195.groovy:39)
Caused by: com.kms.katalon.core.webui.exception.WebElementNotFoundException: Web element with id: 'Object Repository/FDR-Draw/SCOBalances/updateFundBalanceInputText12' located by '(//*[@data-id='text-field'])[12]' not found
	at com.kms.katalon.core.webui.common.WebUiCommonHelper.findWebElement(WebUiCommonHelper.java:1368)
	at com.kms.katalon.core.webui.keyword.internal.WebUIAbstractKeyword.findWebElement(WebUIAbstractKeyword.groovy:27)
	at com.kms.katalon.core.webui.keyword.internal.WebUIAbstractKeyword.findWebElement(WebUIAbstractKeyword.groovy:26)
	at com.kms.katalon.core.webui.keyword.builtin.ClickKeyword$_click_closure1.doCall(ClickKeyword.groovy:67)
	at com.kms.katalon.core.webui.keyword.builtin.ClickKeyword$_click_closure1.call(ClickKeyword.groovy)
	at com.kms.katalon.core.webui.keyword.internal.WebUIKeywordMain.runKeyword(WebUIKeywordMain.groovy:20)
	at com.kms.katalon.core.webui.keyword.builtin.ClickKeyword.click(ClickKeyword.groovy:76)
	at com.kms.katalon.core.webui.keyword.builtin.ClickKeyword.execute(ClickKeyword.groovy:43)
	at com.kms.katalon.core.keyword.internal.KeywordExecutor.executeKeywordForPlatform(KeywordExecutor.groovy:73)
	at com.kms.katalon.core.webui.keyword.WebUiBuiltInKeywords.click(WebUiBuiltInKeywords.groovy:616)
	at com.kms.katalon.core.webui.keyword.WebUiBuiltInKeywords$click$6.call(Unknown Source)
	at com.functions.Uifunctions.updateSCOBalances(Uifunctions.groovy:300)
	at com.functions.Uifunctions$updateSCOBalances$6.call(Unknown Source)
	at Script1591634907012.run(Script1591634907012.groovy:55)
	... 13 more
)
[[ATTACHMENT|C:\\fdr-automation-develop_08_25_2020\\Reports\\20200908_113210\\Draw-Integration_Suite\\20200908_113213\\1599590742645.png]]

2020-09-08 11:45:45 - [MESSAGE][INFO] - Unable to find the element located by 'By.xpath: //*[@data-id='button-link']//*[contains(text(),'Create New Voucher')]'. Please recheck the objects properties to make sure the desired element is located. 

2020-09-08 11:45:45 - [MESSAGE][WARNING] - Object 'Object Repository/FDR-Dashboard/createNewVoucherButton' is not present after 1 second(s)

2020-09-08 11:45:49 - [MESSAGE][INFO] - Unable to find the element located by 'By.xpath: (//*[@type='text'])[12]'. Please recheck the objects properties to make sure the desired element is located. 

2020-09-08 11:45:49 - [MESSAGE][FAILED] - Unable to set text '0' of object 'Object Repository/FDR-Draw/SCOBalances/inputTextBalance12' (Root cause: com.kms.katalon.core.exception.StepFailedException: Unable to set text '0' of object 'Object Repository/FDR-Draw/SCOBalances/inputTextBalance12'
	at com.kms.katalon.core.webui.keyword.internal.WebUIKeywordMain.stepFailed(WebUIKeywordMain.groovy:64)
	at com.kms.katalon.core.webui.keyword.internal.WebUIKeywordMain.runKeyword(WebUIKeywordMain.groovy:26)
	at com.kms.katalon.core.webui.keyword.builtin.SetTextKeyword.setText(SetTextKeyword.groovy:66)
	at com.kms.katalon.core.webui.keyword.builtin.SetTextKeyword.execute(SetTextKeyword.groovy:37)
	at com.kms.katalon.core.keyword.internal.KeywordExecutor.executeKeywordForPlatform(KeywordExecutor.groovy:73)
	at com.kms.katalon.core.webui.keyword.WebUiBuiltInKeywords.setText(WebUiBuiltInKeywords.groovy:976)
	at com.kms.katalon.core.webui.keyword.WebUiBuiltInKeywords$setText$4.call(Unknown Source)
	at com.functions.Uifunctions.updateSCOBalances(Uifunctions.groovy:302)
	at com.functions.Uifunctions$updateSCOBalances$6.call(Unknown Source)
	at FDR-Update-SCO-Balances-Icons.run(FDR-Update-SCO-Balances-Icons:55)
	at com.kms.katalon.core.main.ScriptEngine.run(ScriptEngine.java:194)
	at com.kms.katalon.core.main.ScriptEngine.runScriptAsRawText(ScriptEngine.java:119)
	at com.kms.katalon.core.main.TestCaseExecutor.runScript(TestCaseExecutor.java:339)
	at com.kms.katalon.core.main.TestCaseExecutor.doExecute(TestCaseExecutor.java:330)
	at com.kms.katalon.core.main.TestCaseExecutor.processExecutionPhase(TestCaseExecutor.java:309)
	at com.kms.katalon.core.main.TestCaseExecutor.accessMainPhase(TestCaseExecutor.java:301)
	at com.kms.katalon.core.main.TestCaseExecutor.execute(TestCaseExecutor.java:235)
	at com.kms.katalon.core.main.TestSuiteExecutor.accessTestCaseMainPhase(TestSuiteExecutor.java:191)
	at com.kms.katalon.core.main.TestSuiteExecutor.accessTestSuiteMainPhase(TestSuiteExecutor.java:141)
	at com.kms.katalon.core.main.TestSuiteExecutor.execute(TestSuiteExecutor.java:90)
	at com.kms.katalon.core.main.TestCaseMain.startTestSuite(TestCaseMain.java:157)
	at com.kms.katalon.core.main.TestCaseMain$startTestSuite$0.call(Unknown Source)
	at TempTestSuite1599589933195.run(TempTestSuite1599589933195.groovy:39)
Caused by: com.kms.katalon.core.webui.exception.WebElementNotFoundException: Web element with id: 'Object Repository/FDR-Draw/SCOBalances/inputTextBalance12' located by '(//*[@type='text'])[12]' not found
	at com.kms.katalon.core.webui.common.WebUiCommonHelper.findWebElement(WebUiCommonHelper.java:1368)
	at com.kms.katalon.core.webui.keyword.internal.WebUIAbstractKeyword.findWebElement(WebUIAbstractKeyword.groovy:27)
	at com.kms.katalon.core.webui.keyword.internal.WebUIAbstractKeyword.findWebElement(WebUIAbstractKeyword.groovy:26)
	at com.kms.katalon.core.webui.keyword.builtin.SetTextKeyword$_setText_closure1.doCall(SetTextKeyword.groovy:51)
	at com.kms.katalon.core.webui.keyword.builtin.SetTextKeyword$_setText_closure1.call(SetTextKeyword.groovy)
	at com.kms.katalon.core.webui.keyword.internal.WebUIKeywordMain.runKeyword(WebUIKeywordMain.groovy:20)
	at com.kms.katalon.core.webui.keyword.builtin.SetTextKeyword.setText(SetTextKeyword.groovy:66)
	at com.kms.katalon.core.webui.keyword.builtin.SetTextKeyword.execute(SetTextKeyword.groovy:37)
	at com.kms.katalon.core.keyword.internal.KeywordExecutor.executeKeywordForPlatform(KeywordExecutor.groovy:73)
	at com.kms.katalon.core.webui.keyword.WebUiBuiltInKeywords.setText(WebUiBuiltInKeywords.groovy:976)
	at com.kms.katalon.core.webui.keyword.WebUiBuiltInKeywords$setText$4.call(Unknown Source)
	at com.functions.Uifunctions.updateSCOBalances(Uifunctions.groovy:302)
	at com.functions.Uifunctions$updateSCOBalances$6.call(Unknown Source)
	at Script1591634907012.run(Script1591634907012.groovy:55)
	... 13 more
)
[[ATTACHMENT|C:\\fdr-automation-develop_08_25_2020\\Reports\\20200908_113210\\Draw-Integration_Suite\\20200908_113213\\1599590749153.png]]

2020-09-08 11:45:51 - [MESSAGE][INFO] - Unable to find the element located by 'By.xpath: //*[@data-id='button-link']//*[contains(text(),'Create New Voucher')]'. Please recheck the objects properties to make sure the desired element is located. 

2020-09-08 11:45:51 - [MESSAGE][WARNING] - Object 'Object Repository/FDR-Dashboard/createNewVoucherButton' is not present after 1 second(s)

2020-09-08 11:45:55 - [MESSAGE][INFO] - Unable to find the element located by 'By.xpath: (//*[@data-id='text-field'])[13]'. Please recheck the objects properties to make sure the desired element is located. 

2020-09-08 11:45:56 - [MESSAGE][FAILED] - Unable to click on object 'Object Repository/FDR-Draw/SCOBalances/updateFundBalanceInputText13' (Root cause: com.kms.katalon.core.exception.StepFailedException: Unable to click on object 'Object Repository/FDR-Draw/SCOBalances/updateFundBalanceInputText13'
	at com.kms.katalon.core.webui.keyword.internal.WebUIKeywordMain.stepFailed(WebUIKeywordMain.groovy:64)
	at com.kms.katalon.core.webui.keyword.internal.WebUIKeywordMain.runKeyword(WebUIKeywordMain.groovy:26)
	at com.kms.katalon.core.webui.keyword.builtin.ClickKeyword.click(ClickKeyword.groovy:76)
	at com.kms.katalon.core.webui.keyword.builtin.ClickKeyword.execute(ClickKeyword.groovy:43)
	at com.kms.katalon.core.keyword.internal.KeywordExecutor.executeKeywordForPlatform(KeywordExecutor.groovy:73)
	at com.kms.katalon.core.webui.keyword.WebUiBuiltInKeywords.click(WebUiBuiltInKeywords.groovy:616)
	at com.kms.katalon.core.webui.keyword.WebUiBuiltInKeywords$click$6.call(Unknown Source)
	at com.functions.Uifunctions.updateSCOBalances(Uifunctions.groovy:300)
	at com.functions.Uifunctions$updateSCOBalances$6.call(Unknown Source)
	at FDR-Update-SCO-Balances-Icons.run(FDR-Update-SCO-Balances-Icons:55)
	at com.kms.katalon.core.main.ScriptEngine.run(ScriptEngine.java:194)
	at com.kms.katalon.core.main.ScriptEngine.runScriptAsRawText(ScriptEngine.java:119)
	at com.kms.katalon.core.main.TestCaseExecutor.runScript(TestCaseExecutor.java:339)
	at com.kms.katalon.core.main.TestCaseExecutor.doExecute(TestCaseExecutor.java:330)
	at com.kms.katalon.core.main.TestCaseExecutor.processExecutionPhase(TestCaseExecutor.java:309)
	at com.kms.katalon.core.main.TestCaseExecutor.accessMainPhase(TestCaseExecutor.java:301)
	at com.kms.katalon.core.main.TestCaseExecutor.execute(TestCaseExecutor.java:235)
	at com.kms.katalon.core.main.TestSuiteExecutor.accessTestCaseMainPhase(TestSuiteExecutor.java:191)
	at com.kms.katalon.core.main.TestSuiteExecutor.accessTestSuiteMainPhase(TestSuiteExecutor.java:141)
	at com.kms.katalon.core.main.TestSuiteExecutor.execute(TestSuiteExecutor.java:90)
	at com.kms.katalon.core.main.TestCaseMain.startTestSuite(TestCaseMain.java:157)
	at com.kms.katalon.core.main.TestCaseMain$startTestSuite$0.call(Unknown Source)
	at TempTestSuite1599589933195.run(TempTestSuite1599589933195.groovy:39)
Caused by: com.kms.katalon.core.webui.exception.WebElementNotFoundException: Web element with id: 'Object Repository/FDR-Draw/SCOBalances/updateFundBalanceInputText13' located by '(//*[@data-id='text-field'])[13]' not found
	at com.kms.katalon.core.webui.common.WebUiCommonHelper.findWebElement(WebUiCommonHelper.java:1368)
	at com.kms.katalon.core.webui.keyword.internal.WebUIAbstractKeyword.findWebElement(WebUIAbstractKeyword.groovy:27)
	at com.kms.katalon.core.webui.keyword.internal.WebUIAbstractKeyword.findWebElement(WebUIAbstractKeyword.groovy:26)
	at com.kms.katalon.core.webui.keyword.builtin.ClickKeyword$_click_closure1.doCall(ClickKeyword.groovy:67)
	at com.kms.katalon.core.webui.keyword.builtin.ClickKeyword$_click_closure1.call(ClickKeyword.groovy)
	at com.kms.katalon.core.webui.keyword.internal.WebUIKeywordMain.runKeyword(WebUIKeywordMain.groovy:20)
	at com.kms.katalon.core.webui.keyword.builtin.ClickKeyword.click(ClickKeyword.groovy:76)
	at com.kms.katalon.core.webui.keyword.builtin.ClickKeyword.execute(ClickKeyword.groovy:43)
	at com.kms.katalon.core.keyword.internal.KeywordExecutor.executeKeywordForPlatform(KeywordExecutor.groovy:73)
	at com.kms.katalon.core.webui.keyword.WebUiBuiltInKeywords.click(WebUiBuiltInKeywords.groovy:616)
	at com.kms.katalon.core.webui.keyword.WebUiBuiltInKeywords$click$6.call(Unknown Source)
	at com.functions.Uifunctions.updateSCOBalances(Uifunctions.groovy:300)
	at com.functions.Uifunctions$updateSCOBalances$6.call(Unknown Source)
	at Script1591634907012.run(Script1591634907012.groovy:55)
	... 13 more
)
[[ATTACHMENT|C:\\fdr-automation-develop_08_25_2020\\Reports\\20200908_113210\\Draw-Integration_Suite\\20200908_113213\\1599590755772.png]]

2020-09-08 11:45:58 - [MESSAGE][INFO] - Unable to find the element located by 'By.xpath: //*[@data-id='button-link']//*[contains(text(),'Create New Voucher')]'. Please recheck the objects properties to make sure the desired element is located. 

2020-09-08 11:45:58 - [MESSAGE][WARNING] - Object 'Object Repository/FDR-Dashboard/createNewVoucherButton' is not present after 1 second(s)

2020-09-08 11:46:02 - [MESSAGE][INFO] - Unable to find the element located by 'By.xpath: (//*[@type='text'])[13]'. Please recheck the objects properties to make sure the desired element is located. 

2020-09-08 11:46:02 - [MESSAGE][FAILED] - Unable to set text '0' of object 'Object Repository/FDR-Draw/SCOBalances/inputTextBalance13' (Root cause: com.kms.katalon.core.exception.StepFailedException: Unable to set text '0' of object 'Object Repository/FDR-Draw/SCOBalances/inputTextBalance13'
	at com.kms.katalon.core.webui.keyword.internal.WebUIKeywordMain.stepFailed(WebUIKeywordMain.groovy:64)
	at com.kms.katalon.core.webui.keyword.internal.WebUIKeywordMain.runKeyword(WebUIKeywordMain.groovy:26)
	at com.kms.katalon.core.webui.keyword.builtin.SetTextKeyword.setText(SetTextKeyword.groovy:66)
	at com.kms.katalon.core.webui.keyword.builtin.SetTextKeyword.execute(SetTextKeyword.groovy:37)
	at com.kms.katalon.core.keyword.internal.KeywordExecutor.executeKeywordForPlatform(KeywordExecutor.groovy:73)
	at com.kms.katalon.core.webui.keyword.WebUiBuiltInKeywords.setText(WebUiBuiltInKeywords.groovy:976)
	at com.kms.katalon.core.webui.keyword.WebUiBuiltInKeywords$setText$4.call(Unknown Source)
	at com.functions.Uifunctions.updateSCOBalances(Uifunctions.groovy:302)
	at com.functions.Uifunctions$updateSCOBalances$6.call(Unknown Source)
	at FDR-Update-SCO-Balances-Icons.run(FDR-Update-SCO-Balances-Icons:55)
	at com.kms.katalon.core.main.ScriptEngine.run(ScriptEngine.java:194)
	at com.kms.katalon.core.main.ScriptEngine.runScriptAsRawText(ScriptEngine.java:119)
	at com.kms.katalon.core.main.TestCaseExecutor.runScript(TestCaseExecutor.java:339)
	at com.kms.katalon.core.main.TestCaseExecutor.doExecute(TestCaseExecutor.java:330)
	at com.kms.katalon.core.main.TestCaseExecutor.processExecutionPhase(TestCaseExecutor.java:309)
	at com.kms.katalon.core.main.TestCaseExecutor.accessMainPhase(TestCaseExecutor.java:301)
	at com.kms.katalon.core.main.TestCaseExecutor.execute(TestCaseExecutor.java:235)
	at com.kms.katalon.core.main.TestSuiteExecutor.accessTestCaseMainPhase(TestSuiteExecutor.java:191)
	at com.kms.katalon.core.main.TestSuiteExecutor.accessTestSuiteMainPhase(TestSuiteExecutor.java:141)
	at com.kms.katalon.core.main.TestSuiteExecutor.execute(TestSuiteExecutor.java:90)
	at com.kms.katalon.core.main.TestCaseMain.startTestSuite(TestCaseMain.java:157)
	at com.kms.katalon.core.main.TestCaseMain$startTestSuite$0.call(Unknown Source)
	at TempTestSuite1599589933195.run(TempTestSuite1599589933195.groovy:39)
Caused by: com.kms.katalon.core.webui.exception.WebElementNotFoundException: Web element with id: 'Object Repository/FDR-Draw/SCOBalances/inputTextBalance13' located by '(//*[@type='text'])[13]' not found
	at com.kms.katalon.core.webui.common.WebUiCommonHelper.findWebElement(WebUiCommonHelper.java:1368)
	at com.kms.katalon.core.webui.keyword.internal.WebUIAbstractKeyword.findWebElement(WebUIAbstractKeyword.groovy:27)
	at com.kms.katalon.core.webui.keyword.internal.WebUIAbstractKeyword.findWebElement(WebUIAbstractKeyword.groovy:26)
	at com.kms.katalon.core.webui.keyword.builtin.SetTextKeyword$_setText_closure1.doCall(SetTextKeyword.groovy:51)
	at com.kms.katalon.core.webui.keyword.builtin.SetTextKeyword$_setText_closure1.call(SetTextKeyword.groovy)
	at com.kms.katalon.core.webui.keyword.internal.WebUIKeywordMain.runKeyword(WebUIKeywordMain.groovy:20)
	at com.kms.katalon.core.webui.keyword.builtin.SetTextKeyword.setText(SetTextKeyword.groovy:66)
	at com.kms.katalon.core.webui.keyword.builtin.SetTextKeyword.execute(SetTextKeyword.groovy:37)
	at com.kms.katalon.core.keyword.internal.KeywordExecutor.executeKeywordForPlatform(KeywordExecutor.groovy:73)
	at com.kms.katalon.core.webui.keyword.WebUiBuiltInKeywords.setText(WebUiBuiltInKeywords.groovy:976)
	at com.kms.katalon.core.webui.keyword.WebUiBuiltInKeywords$setText$4.call(Unknown Source)
	at com.functions.Uifunctions.updateSCOBalances(Uifunctions.groovy:302)
	at com.functions.Uifunctions$updateSCOBalances$6.call(Unknown Source)
	at Script1591634907012.run(Script1591634907012.groovy:55)
	... 13 more
)
[[ATTACHMENT|C:\\fdr-automation-develop_08_25_2020\\Reports\\20200908_113210\\Draw-Integration_Suite\\20200908_113213\\1599590762440.png]]

2020-09-08 11:46:04 - [MESSAGE][INFO] - Unable to find the element located by 'By.xpath: //*[@data-id='button-link']//*[contains(text(),'Create New Voucher')]'. Please recheck the objects properties to make sure the desired element is located. 

2020-09-08 11:46:04 - [MESSAGE][WARNING] - Object 'Object Repository/FDR-Dashboard/createNewVoucherButton' is not present after 1 second(s)

2020-09-08 11:46:09 - [MESSAGE][INFO] - Unable to find the element located by 'By.xpath: (//*[@data-id='text-field'])[14]'. Please recheck the objects properties to make sure the desired element is located. 

2020-09-08 11:46:09 - [MESSAGE][FAILED] - Unable to click on object 'Object Repository/FDR-Draw/SCOBalances/updateFundBalanceInputText14' (Root cause: com.kms.katalon.core.exception.StepFailedException: Unable to click on object 'Object Repository/FDR-Draw/SCOBalances/updateFundBalanceInputText14'
	at com.kms.katalon.core.webui.keyword.internal.WebUIKeywordMain.stepFailed(WebUIKeywordMain.groovy:64)
	at com.kms.katalon.core.webui.keyword.internal.WebUIKeywordMain.runKeyword(WebUIKeywordMain.groovy:26)
	at com.kms.katalon.core.webui.keyword.builtin.ClickKeyword.click(ClickKeyword.groovy:76)
	at com.kms.katalon.core.webui.keyword.builtin.ClickKeyword.execute(ClickKeyword.groovy:43)
	at com.kms.katalon.core.keyword.internal.KeywordExecutor.executeKeywordForPlatform(KeywordExecutor.groovy:73)
	at com.kms.katalon.core.webui.keyword.WebUiBuiltInKeywords.click(WebUiBuiltInKeywords.groovy:616)
	at com.kms.katalon.core.webui.keyword.WebUiBuiltInKeywords$click$6.call(Unknown Source)
	at com.functions.Uifunctions.updateSCOBalances(Uifunctions.groovy:300)
	at com.functions.Uifunctions$updateSCOBalances$6.call(Unknown Source)
	at FDR-Update-SCO-Balances-Icons.run(FDR-Update-SCO-Balances-Icons:55)
	at com.kms.katalon.core.main.ScriptEngine.run(ScriptEngine.java:194)
	at com.kms.katalon.core.main.ScriptEngine.runScriptAsRawText(ScriptEngine.java:119)
	at com.kms.katalon.core.main.TestCaseExecutor.runScript(TestCaseExecutor.java:339)
	at com.kms.katalon.core.main.TestCaseExecutor.doExecute(TestCaseExecutor.java:330)
	at com.kms.katalon.core.main.TestCaseExecutor.processExecutionPhase(TestCaseExecutor.java:309)
	at com.kms.katalon.core.main.TestCaseExecutor.accessMainPhase(TestCaseExecutor.java:301)
	at com.kms.katalon.core.main.TestCaseExecutor.execute(TestCaseExecutor.java:235)
	at com.kms.katalon.core.main.TestSuiteExecutor.accessTestCaseMainPhase(TestSuiteExecutor.java:191)
	at com.kms.katalon.core.main.TestSuiteExecutor.accessTestSuiteMainPhase(TestSuiteExecutor.java:141)
	at com.kms.katalon.core.main.TestSuiteExecutor.execute(TestSuiteExecutor.java:90)
	at com.kms.katalon.core.main.TestCaseMain.startTestSuite(TestCaseMain.java:157)
	at com.kms.katalon.core.main.TestCaseMain$startTestSuite$0.call(Unknown Source)
	at TempTestSuite1599589933195.run(TempTestSuite1599589933195.groovy:39)
Caused by: com.kms.katalon.core.webui.exception.WebElementNotFoundException: Web element with id: 'Object Repository/FDR-Draw/SCOBalances/updateFundBalanceInputText14' located by '(//*[@data-id='text-field'])[14]' not found
	at com.kms.katalon.core.webui.common.WebUiCommonHelper.findWebElement(WebUiCommonHelper.java:1368)
	at com.kms.katalon.core.webui.keyword.internal.WebUIAbstractKeyword.findWebElement(WebUIAbstractKeyword.groovy:27)
	at com.kms.katalon.core.webui.keyword.internal.WebUIAbstractKeyword.findWebElement(WebUIAbstractKeyword.groovy:26)
	at com.kms.katalon.core.webui.keyword.builtin.ClickKeyword$_click_closure1.doCall(ClickKeyword.groovy:67)
	at com.kms.katalon.core.webui.keyword.builtin.ClickKeyword$_click_closure1.call(ClickKeyword.groovy)
	at com.kms.katalon.core.webui.keyword.internal.WebUIKeywordMain.runKeyword(WebUIKeywordMain.groovy:20)
	at com.kms.katalon.core.webui.keyword.builtin.ClickKeyword.click(ClickKeyword.groovy:76)
	at com.kms.katalon.core.webui.keyword.builtin.ClickKeyword.execute(ClickKeyword.groovy:43)
	at com.kms.katalon.core.keyword.internal.KeywordExecutor.executeKeywordForPlatform(KeywordExecutor.groovy:73)
	at com.kms.katalon.core.webui.keyword.WebUiBuiltInKeywords.click(WebUiBuiltInKeywords.groovy:616)
	at com.kms.katalon.core.webui.keyword.WebUiBuiltInKeywords$click$6.call(Unknown Source)
	at com.functions.Uifunctions.updateSCOBalances(Uifunctions.groovy:300)
	at com.functions.Uifunctions$updateSCOBalances$6.call(Unknown Source)
	at Script1591634907012.run(Script1591634907012.groovy:55)
	... 13 more
)
[[ATTACHMENT|C:\\fdr-automation-develop_08_25_2020\\Reports\\20200908_113210\\Draw-Integration_Suite\\20200908_113213\\1599590769010.png]]

2020-09-08 11:46:11 - [MESSAGE][INFO] - Unable to find the element located by 'By.xpath: //*[@data-id='button-link']//*[contains(text(),'Create New Voucher')]'. Please recheck the objects properties to make sure the desired element is located. 

2020-09-08 11:46:11 - [MESSAGE][WARNING] - Object 'Object Repository/FDR-Dashboard/createNewVoucherButton' is not present after 1 second(s)

2020-09-08 11:46:15 - [MESSAGE][INFO] - Unable to find the element located by 'By.xpath: (//*[@type='text'])[14]'. Please recheck the objects properties to make sure the desired element is located. 

2020-09-08 11:46:15 - [MESSAGE][FAILED] - Unable to set text '0' of object 'Object Repository/FDR-Draw/SCOBalances/inputTextBalance14' (Root cause: com.kms.katalon.core.exception.StepFailedException: Unable to set text '0' of object 'Object Repository/FDR-Draw/SCOBalances/inputTextBalance14'
	at com.kms.katalon.core.webui.keyword.internal.WebUIKeywordMain.stepFailed(WebUIKeywordMain.groovy:64)
	at com.kms.katalon.core.webui.keyword.internal.WebUIKeywordMain.runKeyword(WebUIKeywordMain.groovy:26)
	at com.kms.katalon.core.webui.keyword.builtin.SetTextKeyword.setText(SetTextKeyword.groovy:66)
	at com.kms.katalon.core.webui.keyword.builtin.SetTextKeyword.execute(SetTextKeyword.groovy:37)
	at com.kms.katalon.core.keyword.internal.KeywordExecutor.executeKeywordForPlatform(KeywordExecutor.groovy:73)
	at com.kms.katalon.core.webui.keyword.WebUiBuiltInKeywords.setText(WebUiBuiltInKeywords.groovy:976)
	at com.kms.katalon.core.webui.keyword.WebUiBuiltInKeywords$setText$4.call(Unknown Source)
	at com.functions.Uifunctions.updateSCOBalances(Uifunctions.groovy:302)
	at com.functions.Uifunctions$updateSCOBalances$6.call(Unknown Source)
	at FDR-Update-SCO-Balances-Icons.run(FDR-Update-SCO-Balances-Icons:55)
	at com.kms.katalon.core.main.ScriptEngine.run(ScriptEngine.java:194)
	at com.kms.katalon.core.main.ScriptEngine.runScriptAsRawText(ScriptEngine.java:119)
	at com.kms.katalon.core.main.TestCaseExecutor.runScript(TestCaseExecutor.java:339)
	at com.kms.katalon.core.main.TestCaseExecutor.doExecute(TestCaseExecutor.java:330)
	at com.kms.katalon.core.main.TestCaseExecutor.processExecutionPhase(TestCaseExecutor.java:309)
	at com.kms.katalon.core.main.TestCaseExecutor.accessMainPhase(TestCaseExecutor.java:301)
	at com.kms.katalon.core.main.TestCaseExecutor.execute(TestCaseExecutor.java:235)
	at com.kms.katalon.core.main.TestSuiteExecutor.accessTestCaseMainPhase(TestSuiteExecutor.java:191)
	at com.kms.katalon.core.main.TestSuiteExecutor.accessTestSuiteMainPhase(TestSuiteExecutor.java:141)
	at com.kms.katalon.core.main.TestSuiteExecutor.execute(TestSuiteExecutor.java:90)
	at com.kms.katalon.core.main.TestCaseMain.startTestSuite(TestCaseMain.java:157)
	at com.kms.katalon.core.main.TestCaseMain$startTestSuite$0.call(Unknown Source)
	at TempTestSuite1599589933195.run(TempTestSuite1599589933195.groovy:39)
Caused by: com.kms.katalon.core.webui.exception.WebElementNotFoundException: Web element with id: 'Object Repository/FDR-Draw/SCOBalances/inputTextBalance14' located by '(//*[@type='text'])[14]' not found
	at com.kms.katalon.core.webui.common.WebUiCommonHelper.findWebElement(WebUiCommonHelper.java:1368)
	at com.kms.katalon.core.webui.keyword.internal.WebUIAbstractKeyword.findWebElement(WebUIAbstractKeyword.groovy:27)
	at com.kms.katalon.core.webui.keyword.internal.WebUIAbstractKeyword.findWebElement(WebUIAbstractKeyword.groovy:26)
	at com.kms.katalon.core.webui.keyword.builtin.SetTextKeyword$_setText_closure1.doCall(SetTextKeyword.groovy:51)
	at com.kms.katalon.core.webui.keyword.builtin.SetTextKeyword$_setText_closure1.call(SetTextKeyword.groovy)
	at com.kms.katalon.core.webui.keyword.internal.WebUIKeywordMain.runKeyword(WebUIKeywordMain.groovy:20)
	at com.kms.katalon.core.webui.keyword.builtin.SetTextKeyword.setText(SetTextKeyword.groovy:66)
	at com.kms.katalon.core.webui.keyword.builtin.SetTextKeyword.execute(SetTextKeyword.groovy:37)
	at com.kms.katalon.core.keyword.internal.KeywordExecutor.executeKeywordForPlatform(KeywordExecutor.groovy:73)
	at com.kms.katalon.core.webui.keyword.WebUiBuiltInKeywords.setText(WebUiBuiltInKeywords.groovy:976)
	at com.kms.katalon.core.webui.keyword.WebUiBuiltInKeywords$setText$4.call(Unknown Source)
	at com.functions.Uifunctions.updateSCOBalances(Uifunctions.groovy:302)
	at com.functions.Uifunctions$updateSCOBalances$6.call(Unknown Source)
	at Script1591634907012.run(Script1591634907012.groovy:55)
	... 13 more
)
[[ATTACHMENT|C:\\fdr-automation-develop_08_25_2020\\Reports\\20200908_113210\\Draw-Integration_Suite\\20200908_113213\\1599590775553.png]]

2020-09-08 11:46:18 - [MESSAGE][INFO] - Unable to find the element located by 'By.xpath: //*[@data-id='button-link']//*[contains(text(),'Create New Voucher')]'. Please recheck the objects properties to make sure the desired element is located. 

2020-09-08 11:46:18 - [MESSAGE][WARNING] - Object 'Object Repository/FDR-Dashboard/createNewVoucherButton' is not present after 1 second(s)

2020-09-08 11:46:18 - [MESSAGE][PASSED] - Object 'Object Repository/FDR-Draw/reconcileButton' is present

2020-09-08 11:46:22 - [MESSAGE][INFO] - Unable to find the element located by 'By.xpath: //*[@data-id='action-button' ]//*[contains(text(),'Save Fund Balance')]'. Please recheck the objects properties to make sure the desired element is located. 

2020-09-08 11:46:22 - [MESSAGE][FAILED] - Unable to click on object 'Object Repository/FDR-Draw/SCOBalances/saveFundBalanceButton' (Root cause: com.kms.katalon.core.exception.StepFailedException: Unable to click on object 'Object Repository/FDR-Draw/SCOBalances/saveFundBalanceButton'
	at com.kms.katalon.core.webui.keyword.internal.WebUIKeywordMain.stepFailed(WebUIKeywordMain.groovy:64)
	at com.kms.katalon.core.webui.keyword.internal.WebUIKeywordMain.runKeyword(WebUIKeywordMain.groovy:26)
	at com.kms.katalon.core.webui.keyword.builtin.ClickKeyword.click(ClickKeyword.groovy:76)
	at com.kms.katalon.core.webui.keyword.builtin.ClickKeyword.execute(ClickKeyword.groovy:43)
	at com.kms.katalon.core.keyword.internal.KeywordExecutor.executeKeywordForPlatform(KeywordExecutor.groovy:73)
	at com.kms.katalon.core.webui.keyword.WebUiBuiltInKeywords.click(WebUiBuiltInKeywords.groovy:616)
	at com.kms.katalon.core.webui.keyword.WebUiBuiltInKeywords$click$6.call(Unknown Source)
	at com.functions.Uifunctions.updateSCOBalances(Uifunctions.groovy:306)
	at com.functions.Uifunctions$updateSCOBalances$6.call(Unknown Source)
	at FDR-Update-SCO-Balances-Icons.run(FDR-Update-SCO-Balances-Icons:55)
	at com.kms.katalon.core.main.ScriptEngine.run(ScriptEngine.java:194)
	at com.kms.katalon.core.main.ScriptEngine.runScriptAsRawText(ScriptEngine.java:119)
	at com.kms.katalon.core.main.TestCaseExecutor.runScript(TestCaseExecutor.java:339)
	at com.kms.katalon.core.main.TestCaseExecutor.doExecute(TestCaseExecutor.java:330)
	at com.kms.katalon.core.main.TestCaseExecutor.processExecutionPhase(TestCaseExecutor.java:309)
	at com.kms.katalon.core.main.TestCaseExecutor.accessMainPhase(TestCaseExecutor.java:301)
	at com.kms.katalon.core.main.TestCaseExecutor.execute(TestCaseExecutor.java:235)
	at com.kms.katalon.core.main.TestSuiteExecutor.accessTestCaseMainPhase(TestSuiteExecutor.java:191)
	at com.kms.katalon.core.main.TestSuiteExecutor.accessTestSuiteMainPhase(TestSuiteExecutor.java:141)
	at com.kms.katalon.core.main.TestSuiteExecutor.execute(TestSuiteExecutor.java:90)
	at com.kms.katalon.core.main.TestCaseMain.startTestSuite(TestCaseMain.java:157)
	at com.kms.katalon.core.main.TestCaseMain$startTestSuite$0.call(Unknown Source)
	at TempTestSuite1599589933195.run(TempTestSuite1599589933195.groovy:39)
Caused by: com.kms.katalon.core.webui.exception.WebElementNotFoundException: Web element with id: 'Object Repository/FDR-Draw/SCOBalances/saveFundBalanceButton' located by '//*[@data-id='action-button' ]//*[contains(text(),'Save Fund Balance')]' not found
	at com.kms.katalon.core.webui.common.WebUiCommonHelper.findWebElement(WebUiCommonHelper.java:1368)
	at com.kms.katalon.core.webui.keyword.internal.WebUIAbstractKeyword.findWebElement(WebUIAbstractKeyword.groovy:27)
	at com.kms.katalon.core.webui.keyword.internal.WebUIAbstractKeyword.findWebElement(WebUIAbstractKeyword.groovy:26)
	at com.kms.katalon.core.webui.keyword.builtin.ClickKeyword$_click_closure1.doCall(ClickKeyword.groovy:67)
	at com.kms.katalon.core.webui.keyword.builtin.ClickKeyword$_click_closure1.call(ClickKeyword.groovy)
	at com.kms.katalon.core.webui.keyword.internal.WebUIKeywordMain.runKeyword(WebUIKeywordMain.groovy:20)
	at com.kms.katalon.core.webui.keyword.builtin.ClickKeyword.click(ClickKeyword.groovy:76)
	at com.kms.katalon.core.webui.keyword.builtin.ClickKeyword.execute(ClickKeyword.groovy:43)
	at com.kms.katalon.core.keyword.internal.KeywordExecutor.executeKeywordForPlatform(KeywordExecutor.groovy:73)
	at com.kms.katalon.core.webui.keyword.WebUiBuiltInKeywords.click(WebUiBuiltInKeywords.groovy:616)
	at com.kms.katalon.core.webui.keyword.WebUiBuiltInKeywords$click$6.call(Unknown Source)
	at com.functions.Uifunctions.updateSCOBalances(Uifunctions.groovy:306)
	at com.functions.Uifunctions$updateSCOBalances$6.call(Unknown Source)
	at Script1591634907012.run(Script1591634907012.groovy:55)
	... 13 more
)
[[ATTACHMENT|C:\\fdr-automation-develop_08_25_2020\\Reports\\20200908_113210\\Draw-Integration_Suite\\20200908_113213\\1599590782450.png]]

2020-09-08 11:46:23 - [MESSAGE][PASSED] - Object 'Object Repository/FDR-Draw/reconcileButton' is present

2020-09-08 11:46:23 - [MESSAGE][FAILED] - Unable to click on object 'Object Repository/FDR-Draw/SCOBalances/buttonUpdateSCO' (Root cause: com.kms.katalon.core.exception.StepFailedException: Unable to click on object 'Object Repository/FDR-Draw/SCOBalances/buttonUpdateSCO'
	at com.kms.katalon.core.webui.keyword.internal.WebUIKeywordMain.stepFailed(WebUIKeywordMain.groovy:64)
	at com.kms.katalon.core.webui.keyword.internal.WebUIKeywordMain.runKeyword(WebUIKeywordMain.groovy:26)
	at com.kms.katalon.core.webui.keyword.builtin.ClickKeyword.click(ClickKeyword.groovy:76)
	at com.kms.katalon.core.webui.keyword.builtin.ClickKeyword.execute(ClickKeyword.groovy:43)
	at com.kms.katalon.core.keyword.internal.KeywordExecutor.executeKeywordForPlatform(KeywordExecutor.groovy:73)
	at com.kms.katalon.core.webui.keyword.WebUiBuiltInKeywords.click(WebUiBuiltInKeywords.groovy:616)
	at com.kms.katalon.core.webui.keyword.WebUiBuiltInKeywords$click$6.call(Unknown Source)
	at com.functions.Uifunctions.updateSCOBalances(Uifunctions.groovy:308)
	at com.functions.Uifunctions$updateSCOBalances$6.call(Unknown Source)
	at FDR-Update-SCO-Balances-Icons.run(FDR-Update-SCO-Balances-Icons:55)
	at com.kms.katalon.core.main.ScriptEngine.run(ScriptEngine.java:194)
	at com.kms.katalon.core.main.ScriptEngine.runScriptAsRawText(ScriptEngine.java:119)
	at com.kms.katalon.core.main.TestCaseExecutor.runScript(TestCaseExecutor.java:339)
	at com.kms.katalon.core.main.TestCaseExecutor.doExecute(TestCaseExecutor.java:330)
	at com.kms.katalon.core.main.TestCaseExecutor.processExecutionPhase(TestCaseExecutor.java:309)
	at com.kms.katalon.core.main.TestCaseExecutor.accessMainPhase(TestCaseExecutor.java:301)
	at com.kms.katalon.core.main.TestCaseExecutor.execute(TestCaseExecutor.java:235)
	at com.kms.katalon.core.main.TestSuiteExecutor.accessTestCaseMainPhase(TestSuiteExecutor.java:191)
	at com.kms.katalon.core.main.TestSuiteExecutor.accessTestSuiteMainPhase(TestSuiteExecutor.java:141)
	at com.kms.katalon.core.main.TestSuiteExecutor.execute(TestSuiteExecutor.java:90)
	at com.kms.katalon.core.main.TestCaseMain.startTestSuite(TestCaseMain.java:157)
	at com.kms.katalon.core.main.TestCaseMain$startTestSuite$0.call(Unknown Source)
	at TempTestSuite1599589933195.run(TempTestSuite1599589933195.groovy:39)
Caused by: org.openqa.selenium.ElementNotInteractableException: element not interactable
  (Session info: chrome=85.0.4183.83)
Build info: version: '3.141.59', revision: 'e82be7d358', time: '2018-11-14T08:25:53'
System info: host: 'DESKTOP-9VU7G8T', ip: '192.168.1.188', os.name: 'Windows 10', os.arch: 'amd64', os.version: '10.0', java.version: '1.8.0_181'
Driver info: com.kms.katalon.selenium.driver.CChromeDriver
Capabilities {acceptInsecureCerts: false, browserName: chrome, browserVersion: 85.0.4183.83, chrome: {chromedriverVersion: 85.0.4183.87 (cd6713ebf92fa..., userDataDir: C:\Users\NAGESH~1.ALL\AppDa...}, goog:chromeOptions: {debuggerAddress: localhost:55805}, javascriptEnabled: true, networkConnectionEnabled: false, pageLoadStrategy: normal, platform: WINDOWS, platformName: WINDOWS, proxy: Proxy(), setWindowRect: true, strictFileInteractability: false, timeouts: {implicit: 0, pageLoad: 300000, script: 30000}, unhandledPromptBehavior: dismiss and notify, webauthn:virtualAuthenticators: true}
Session ID: 511aee2560964b024ae65a6d5353ddcf
	at org.openqa.selenium.remote.http.W3CHttpResponseCodec.createException(W3CHttpResponseCodec.java:187)
	at org.openqa.selenium.remote.http.W3CHttpResponseCodec.decode(W3CHttpResponseCodec.java:122)
	at org.openqa.selenium.remote.http.W3CHttpResponseCodec.decode(W3CHttpResponseCodec.java:49)
	at org.openqa.selenium.remote.HttpCommandExecutor.execute(HttpCommandExecutor.java:158)
	at org.openqa.selenium.remote.service.DriverCommandExecutor.execute(DriverCommandExecutor.java:83)
	at org.openqa.selenium.remote.RemoteWebDriver.execute(RemoteWebDriver.java:552)
	at com.kms.katalon.selenium.driver.CChromeDriver.execute(CChromeDriver.java:19)
	at org.openqa.selenium.remote.RemoteWebElement.execute(RemoteWebElement.java:285)
	at org.openqa.selenium.remote.RemoteWebElement.click(RemoteWebElement.java:84)
	at org.openqa.selenium.support.events.EventFiringWebDriver$EventFiringWebElement.lambda$new$0(EventFiringWebDriver.java:404)
	at com.sun.proxy.$Proxy13.click(Unknown Source)
	at org.openqa.selenium.support.events.EventFiringWebDriver$EventFiringWebElement.click(EventFiringWebDriver.java:417)
	at com.kms.katalon.core.webui.keyword.builtin.ClickKeyword$_click_closure1.doCall(ClickKeyword.groovy:69)
	at com.kms.katalon.core.webui.keyword.builtin.ClickKeyword$_click_closure1.call(ClickKeyword.groovy)
	at com.kms.katalon.core.webui.keyword.internal.WebUIKeywordMain.runKeyword(WebUIKeywordMain.groovy:20)
	at com.kms.katalon.core.webui.keyword.builtin.ClickKeyword.click(ClickKeyword.groovy:76)
	at com.kms.katalon.core.webui.keyword.builtin.ClickKeyword.execute(ClickKeyword.groovy:43)
	at com.kms.katalon.core.keyword.internal.KeywordExecutor.executeKeywordForPlatform(KeywordExecutor.groovy:73)
	at com.kms.katalon.core.webui.keyword.WebUiBuiltInKeywords.click(WebUiBuiltInKeywords.groovy:616)
	at com.kms.katalon.core.webui.keyword.WebUiBuiltInKeywords$click$6.call(Unknown Source)
	at com.functions.Uifunctions.updateSCOBalances(Uifunctions.groovy:308)
	at com.functions.Uifunctions$updateSCOBalances$6.call(Unknown Source)
	at Script1591634907012.run(Script1591634907012.groovy:55)
	... 13 more
)
[[ATTACHMENT|C:\\fdr-automation-develop_08_25_2020\\Reports\\20200908_113210\\Draw-Integration_Suite\\20200908_113213\\1599590783288.png]]

2020-09-08 11:46:23 - [MESSAGE][PASSED] - Object 'Object Repository/FDR-Draw/reconcileButton' is present

2020-09-08 11:46:26 - [MESSAGE][INFO] - Unable to find the element located by 'By.xpath: //*[text()='Last Updated:']'. Please recheck the objects properties to make sure the desired element is located. 

2020-09-08 11:46:26 - [MESSAGE][FAILED] - com.kms.katalon.core.webui.exception.WebElementNotFoundException: Web element with id: 'Object Repository//FDR-Draw/SCOBalances/lastUpdatedText' located by '//*[text()='Last Updated:']' not found (Root cause: com.kms.katalon.core.exception.StepFailedException: com.kms.katalon.core.webui.exception.WebElementNotFoundException: Web element with id: 'Object Repository//FDR-Draw/SCOBalances/lastUpdatedText' located by '//*[text()='Last Updated:']' not found
	at com.kms.katalon.core.webui.keyword.internal.WebUIKeywordMain.stepFailed(WebUIKeywordMain.groovy:64)
	at com.kms.katalon.core.webui.keyword.builtin.VerifyElementPresentKeyword$_verifyElementPresent_closure1.doCall(VerifyElementPresentKeyword.groovy:85)
	at com.kms.katalon.core.webui.keyword.builtin.VerifyElementPresentKeyword$_verifyElementPresent_closure1.call(VerifyElementPresentKeyword.groovy)
	at com.kms.katalon.core.webui.keyword.internal.WebUIKeywordMain.runKeyword(WebUIKeywordMain.groovy:20)
	at com.kms.katalon.core.webui.keyword.builtin.VerifyElementPresentKeyword.verifyElementPresent(VerifyElementPresentKeyword.groovy:92)
	at com.kms.katalon.core.webui.keyword.builtin.VerifyElementPresentKeyword.execute(VerifyElementPresentKeyword.groovy:68)
	at com.kms.katalon.core.keyword.internal.KeywordExecutor.executeKeywordForPlatform(KeywordExecutor.groovy:73)
	at com.kms.katalon.core.webui.keyword.WebUiBuiltInKeywords.verifyElementPresent(WebUiBuiltInKeywords.groovy:1460)
	at com.kms.katalon.core.webui.keyword.WebUiBuiltInKeywords$verifyElementPresent$16.call(Unknown Source)
	at com.functions.Uifunctions.updateSCOBalances(Uifunctions.groovy:310)
	at com.functions.Uifunctions$updateSCOBalances$6.call(Unknown Source)
	at FDR-Update-SCO-Balances-Icons.run(FDR-Update-SCO-Balances-Icons:55)
	at com.kms.katalon.core.main.ScriptEngine.run(ScriptEngine.java:194)
	at com.kms.katalon.core.main.ScriptEngine.runScriptAsRawText(ScriptEngine.java:119)
	at com.kms.katalon.core.main.TestCaseExecutor.runScript(TestCaseExecutor.java:339)
	at com.kms.katalon.core.main.TestCaseExecutor.doExecute(TestCaseExecutor.java:330)
	at com.kms.katalon.core.main.TestCaseExecutor.processExecutionPhase(TestCaseExecutor.java:309)
	at com.kms.katalon.core.main.TestCaseExecutor.accessMainPhase(TestCaseExecutor.java:301)
	at com.kms.katalon.core.main.TestCaseExecutor.execute(TestCaseExecutor.java:235)
	at com.kms.katalon.core.main.TestSuiteExecutor.accessTestCaseMainPhase(TestSuiteExecutor.java:191)
	at com.kms.katalon.core.main.TestSuiteExecutor.accessTestSuiteMainPhase(TestSuiteExecutor.java:141)
	at com.kms.katalon.core.main.TestSuiteExecutor.execute(TestSuiteExecutor.java:90)
	at com.kms.katalon.core.main.TestCaseMain.startTestSuite(TestCaseMain.java:157)
	at com.kms.katalon.core.main.TestCaseMain$startTestSuite$0.call(Unknown Source)
	at TempTestSuite1599589933195.run(TempTestSuite1599589933195.groovy:39)
)
[[ATTACHMENT|C:\\fdr-automation-develop_08_25_2020\\Reports\\20200908_113210\\Draw-Integration_Suite\\20200908_113213\\1599590786106.png]]

2020-09-08 11:46:26 - [MESSAGE][PASSED] - Object 'Object Repository/FDR-Draw/reconcileButton' is present

2020-09-08 11:46:31 - [MESSAGE][INFO] - Unable to find the element located by 'By.xpath: //*[@data-id='button-link' ]//*[contains(text(),'Cancel')]'. Please recheck the objects properties to make sure the desired element is located. 

2020-09-08 11:46:31 - [MESSAGE][FAILED] - Unable to click on object 'Object Repository/FDR-Draw/SCOBalances/scoCancelButton' (Root cause: com.kms.katalon.core.exception.StepFailedException: Unable to click on object 'Object Repository/FDR-Draw/SCOBalances/scoCancelButton'
	at com.kms.katalon.core.webui.keyword.internal.WebUIKeywordMain.stepFailed(WebUIKeywordMain.groovy:64)
	at com.kms.katalon.core.webui.keyword.internal.WebUIKeywordMain.runKeyword(WebUIKeywordMain.groovy:26)
	at com.kms.katalon.core.webui.keyword.builtin.ClickKeyword.click(ClickKeyword.groovy:76)
	at com.kms.katalon.core.webui.keyword.builtin.ClickKeyword.execute(ClickKeyword.groovy:43)
	at com.kms.katalon.core.keyword.internal.KeywordExecutor.executeKeywordForPlatform(KeywordExecutor.groovy:73)
	at com.kms.katalon.core.webui.keyword.WebUiBuiltInKeywords.click(WebUiBuiltInKeywords.groovy:616)
	at com.kms.katalon.core.webui.keyword.WebUiBuiltInKeywords$click$6.call(Unknown Source)
	at com.functions.Uifunctions.updateSCOBalances(Uifunctions.groovy:312)
	at com.functions.Uifunctions$updateSCOBalances$6.call(Unknown Source)
	at FDR-Update-SCO-Balances-Icons.run(FDR-Update-SCO-Balances-Icons:55)
	at com.kms.katalon.core.main.ScriptEngine.run(ScriptEngine.java:194)
	at com.kms.katalon.core.main.ScriptEngine.runScriptAsRawText(ScriptEngine.java:119)
	at com.kms.katalon.core.main.TestCaseExecutor.runScript(TestCaseExecutor.java:339)
	at com.kms.katalon.core.main.TestCaseExecutor.doExecute(TestCaseExecutor.java:330)
	at com.kms.katalon.core.main.TestCaseExecutor.processExecutionPhase(TestCaseExecutor.java:309)
	at com.kms.katalon.core.main.TestCaseExecutor.accessMainPhase(TestCaseExecutor.java:301)
	at com.kms.katalon.core.main.TestCaseExecutor.execute(TestCaseExecutor.java:235)
	at com.kms.katalon.core.main.TestSuiteExecutor.accessTestCaseMainPhase(TestSuiteExecutor.java:191)
	at com.kms.katalon.core.main.TestSuiteExecutor.accessTestSuiteMainPhase(TestSuiteExecutor.java:141)
	at com.kms.katalon.core.main.TestSuiteExecutor.execute(TestSuiteExecutor.java:90)
	at com.kms.katalon.core.main.TestCaseMain.startTestSuite(TestCaseMain.java:157)
	at com.kms.katalon.core.main.TestCaseMain$startTestSuite$0.call(Unknown Source)
	at TempTestSuite1599589933195.run(TempTestSuite1599589933195.groovy:39)
Caused by: com.kms.katalon.core.webui.exception.WebElementNotFoundException: Web element with id: 'Object Repository/FDR-Draw/SCOBalances/scoCancelButton' located by '//*[@data-id='button-link' ]//*[contains(text(),'Cancel')]' not found
	at com.kms.katalon.core.webui.common.WebUiCommonHelper.findWebElement(WebUiCommonHelper.java:1368)
	at com.kms.katalon.core.webui.keyword.internal.WebUIAbstractKeyword.findWebElement(WebUIAbstractKeyword.groovy:27)
	at com.kms.katalon.core.webui.keyword.internal.WebUIAbstractKeyword.findWebElement(WebUIAbstractKeyword.groovy:26)
	at com.kms.katalon.core.webui.keyword.builtin.ClickKeyword$_click_closure1.doCall(ClickKeyword.groovy:67)
	at com.kms.katalon.core.webui.keyword.builtin.ClickKeyword$_click_closure1.call(ClickKeyword.groovy)
	at com.kms.katalon.core.webui.keyword.internal.WebUIKeywordMain.runKeyword(WebUIKeywordMain.groovy:20)
	at com.kms.katalon.core.webui.keyword.builtin.ClickKeyword.click(ClickKeyword.groovy:76)
	at com.kms.katalon.core.webui.keyword.builtin.ClickKeyword.execute(ClickKeyword.groovy:43)
	at com.kms.katalon.core.keyword.internal.KeywordExecutor.executeKeywordForPlatform(KeywordExecutor.groovy:73)
	at com.kms.katalon.core.webui.keyword.WebUiBuiltInKeywords.click(WebUiBuiltInKeywords.groovy:616)
	at com.kms.katalon.core.webui.keyword.WebUiBuiltInKeywords$click$6.call(Unknown Source)
	at com.functions.Uifunctions.updateSCOBalances(Uifunctions.groovy:312)
	at com.functions.Uifunctions$updateSCOBalances$6.call(Unknown Source)
	at Script1591634907012.run(Script1591634907012.groovy:55)
	... 13 more
)
[[ATTACHMENT|C:\\fdr-automation-develop_08_25_2020\\Reports\\20200908_113210\\Draw-Integration_Suite\\20200908_113213\\1599590791082.png]]

2020-09-08 11:46:31 - [MESSAGE][PASSED] - Object 'Object Repository/FDR-Draw/reconcileButton' is present

2020-09-08 11:46:31 - [TEST_STEP][PASSED] - scoBalanceStatus = 1: null

2020-09-08 11:46:31 - [TEST_STEP][FAILED] - scoBalanceIconStatus = getCSSValue(findTestObject("Object Repository/FDR-Draw/reviewScreen/scoBalanceVerifiedIcon"), "color"): Cannot get CSS 'color' value on 'Object Repository/FDR-Draw/reviewScreen/scoBalanceVerifiedIcon'. (Root cause: com.kms.katalon.core.exception.StepFailedException: Cannot get CSS 'color' value on 'Object Repository/FDR-Draw/reviewScreen/scoBalanceVerifiedIcon'.
	at com.kms.katalon.core.webui.keyword.internal.WebUIKeywordMain.stepFailed(WebUIKeywordMain.groovy:64)
	at com.kms.katalon.core.webui.keyword.internal.WebUIKeywordMain.runKeyword(WebUIKeywordMain.groovy:26)
	at com.kms.katalon.core.webui.keyword.builtin.getCSSValueKeyword.getCSSValue(GetCSSValueKeyword.groovy:84)
	at com.kms.katalon.core.webui.keyword.builtin.getCSSValueKeyword.execute(GetCSSValueKeyword.groovy:68)
	at com.kms.katalon.core.keyword.internal.KeywordExecutor.executeKeywordForPlatform(KeywordExecutor.groovy:73)
	at com.kms.katalon.core.webui.keyword.WebUiBuiltInKeywords.getCSSValue(WebUiBuiltInKeywords.groovy:3534)
	at com.kms.katalon.core.webui.keyword.WebUiBuiltInKeywords$getCSSValue$19.call(Unknown Source)
	at FDR-Update-SCO-Balances-Icons.run(FDR-Update-SCO-Balances-Icons:59)
	at com.kms.katalon.core.main.ScriptEngine.run(ScriptEngine.java:194)
	at com.kms.katalon.core.main.ScriptEngine.runScriptAsRawText(ScriptEngine.java:119)
	at com.kms.katalon.core.main.TestCaseExecutor.runScript(TestCaseExecutor.java:339)
	at com.kms.katalon.core.main.TestCaseExecutor.doExecute(TestCaseExecutor.java:330)
	at com.kms.katalon.core.main.TestCaseExecutor.processExecutionPhase(TestCaseExecutor.java:309)
	at com.kms.katalon.core.main.TestCaseExecutor.accessMainPhase(TestCaseExecutor.java:301)
	at com.kms.katalon.core.main.TestCaseExecutor.execute(TestCaseExecutor.java:235)
	at com.kms.katalon.core.main.TestSuiteExecutor.accessTestCaseMainPhase(TestSuiteExecutor.java:191)
	at com.kms.katalon.core.main.TestSuiteExecutor.accessTestSuiteMainPhase(TestSuiteExecutor.java:141)
	at com.kms.katalon.core.main.TestSuiteExecutor.execute(TestSuiteExecutor.java:90)
	at com.kms.katalon.core.main.TestCaseMain.startTestSuite(TestCaseMain.java:157)
	at com.kms.katalon.core.main.TestCaseMain$startTestSuite$0.call(Unknown Source)
	at TempTestSuite1599589933195.run(TempTestSuite1599589933195.groovy:39)
Caused by: com.kms.katalon.core.webui.exception.WebElementNotFoundException: Web element with id: 'Object Repository/FDR-Draw/reviewScreen/scoBalanceVerifiedIcon' located by '(//*[text()='SCO Balances Verified']//parent::*//*)[1]' not found
	at com.kms.katalon.core.webui.common.WebUiCommonHelper.findWebElement(WebUiCommonHelper.java:1368)
	at com.kms.katalon.core.webui.keyword.internal.WebUIAbstractKeyword.findWebElement(WebUIAbstractKeyword.groovy:27)
	at com.kms.katalon.core.webui.keyword.internal.WebUIAbstractKeyword.findWebElement(WebUIAbstractKeyword.groovy:26)
	at com.kms.katalon.core.webui.keyword.builtin.getCSSValueKeyword$_getCSSValue_closure1.doCall(GetCSSValueKeyword.groovy:75)
	at com.kms.katalon.core.webui.keyword.builtin.getCSSValueKeyword$_getCSSValue_closure1.call(GetCSSValueKeyword.groovy)
	at com.kms.katalon.core.webui.keyword.internal.WebUIKeywordMain.runKeyword(WebUIKeywordMain.groovy:20)
	at com.kms.katalon.core.webui.keyword.builtin.getCSSValueKeyword.getCSSValue(GetCSSValueKeyword.groovy:84)
	at com.kms.katalon.core.webui.keyword.builtin.getCSSValueKeyword.execute(GetCSSValueKeyword.groovy:68)
	at com.kms.katalon.core.keyword.internal.KeywordExecutor.executeKeywordForPlatform(KeywordExecutor.groovy:73)
	at com.kms.katalon.core.webui.keyword.WebUiBuiltInKeywords.getCSSValue(WebUiBuiltInKeywords.groovy:3534)
	at com.kms.katalon.core.webui.keyword.WebUiBuiltInKeywords$getCSSValue$19.call(Unknown Source)
	at Script1591634907012.run(Script1591634907012.groovy:59)
	... 13 more
)

2020-09-08 11:46:35 - [MESSAGE][INFO] - Unable to find the element located by 'By.xpath: (//*[text()='SCO Balances Verified']//parent::*//*)[1]'. Please recheck the objects properties to make sure the desired element is located. 

2020-09-08 11:46:36 - [MESSAGE][FAILED] - Cannot get CSS 'color' value on 'Object Repository/FDR-Draw/reviewScreen/scoBalanceVerifiedIcon'. (Root cause: com.kms.katalon.core.exception.StepFailedException: Cannot get CSS 'color' value on 'Object Repository/FDR-Draw/reviewScreen/scoBalanceVerifiedIcon'.
	at com.kms.katalon.core.webui.keyword.internal.WebUIKeywordMain.stepFailed(WebUIKeywordMain.groovy:64)
	at com.kms.katalon.core.webui.keyword.internal.WebUIKeywordMain.runKeyword(WebUIKeywordMain.groovy:26)
	at com.kms.katalon.core.webui.keyword.builtin.getCSSValueKeyword.getCSSValue(GetCSSValueKeyword.groovy:84)
	at com.kms.katalon.core.webui.keyword.builtin.getCSSValueKeyword.execute(GetCSSValueKeyword.groovy:68)
	at com.kms.katalon.core.keyword.internal.KeywordExecutor.executeKeywordForPlatform(KeywordExecutor.groovy:73)
	at com.kms.katalon.core.webui.keyword.WebUiBuiltInKeywords.getCSSValue(WebUiBuiltInKeywords.groovy:3534)
	at com.kms.katalon.core.webui.keyword.WebUiBuiltInKeywords$getCSSValue$19.call(Unknown Source)
	at FDR-Update-SCO-Balances-Icons.run(FDR-Update-SCO-Balances-Icons:59)
	at com.kms.katalon.core.main.ScriptEngine.run(ScriptEngine.java:194)
	at com.kms.katalon.core.main.ScriptEngine.runScriptAsRawText(ScriptEngine.java:119)
	at com.kms.katalon.core.main.TestCaseExecutor.runScript(TestCaseExecutor.java:339)
	at com.kms.katalon.core.main.TestCaseExecutor.doExecute(TestCaseExecutor.java:330)
	at com.kms.katalon.core.main.TestCaseExecutor.processExecutionPhase(TestCaseExecutor.java:309)
	at com.kms.katalon.core.main.TestCaseExecutor.accessMainPhase(TestCaseExecutor.java:301)
	at com.kms.katalon.core.main.TestCaseExecutor.execute(TestCaseExecutor.java:235)
	at com.kms.katalon.core.main.TestSuiteExecutor.accessTestCaseMainPhase(TestSuiteExecutor.java:191)
	at com.kms.katalon.core.main.TestSuiteExecutor.accessTestSuiteMainPhase(TestSuiteExecutor.java:141)
	at com.kms.katalon.core.main.TestSuiteExecutor.execute(TestSuiteExecutor.java:90)
	at com.kms.katalon.core.main.TestCaseMain.startTestSuite(TestCaseMain.java:157)
	at com.kms.katalon.core.main.TestCaseMain$startTestSuite$0.call(Unknown Source)
	at TempTestSuite1599589933195.run(TempTestSuite1599589933195.groovy:39)
Caused by: com.kms.katalon.core.webui.exception.WebElementNotFoundException: Web element with id: 'Object Repository/FDR-Draw/reviewScreen/scoBalanceVerifiedIcon' located by '(//*[text()='SCO Balances Verified']//parent::*//*)[1]' not found
	at com.kms.katalon.core.webui.common.WebUiCommonHelper.findWebElement(WebUiCommonHelper.java:1368)
	at com.kms.katalon.core.webui.keyword.internal.WebUIAbstractKeyword.findWebElement(WebUIAbstractKeyword.groovy:27)
	at com.kms.katalon.core.webui.keyword.internal.WebUIAbstractKeyword.findWebElement(WebUIAbstractKeyword.groovy:26)
	at com.kms.katalon.core.webui.keyword.builtin.getCSSValueKeyword$_getCSSValue_closure1.doCall(GetCSSValueKeyword.groovy:75)
	at com.kms.katalon.core.webui.keyword.builtin.getCSSValueKeyword$_getCSSValue_closure1.call(GetCSSValueKeyword.groovy)
	at com.kms.katalon.core.webui.keyword.internal.WebUIKeywordMain.runKeyword(WebUIKeywordMain.groovy:20)
	at com.kms.katalon.core.webui.keyword.builtin.getCSSValueKeyword.getCSSValue(GetCSSValueKeyword.groovy:84)
	at com.kms.katalon.core.webui.keyword.builtin.getCSSValueKeyword.execute(GetCSSValueKeyword.groovy:68)
	at com.kms.katalon.core.keyword.internal.KeywordExecutor.executeKeywordForPlatform(KeywordExecutor.groovy:73)
	at com.kms.katalon.core.webui.keyword.WebUiBuiltInKeywords.getCSSValue(WebUiBuiltInKeywords.groovy:3534)
	at com.kms.katalon.core.webui.keyword.WebUiBuiltInKeywords$getCSSValue$19.call(Unknown Source)
	at Script1591634907012.run(Script1591634907012.groovy:59)
	... 13 more
)
[[ATTACHMENT|C:\\fdr-automation-develop_08_25_2020\\Reports\\20200908_113210\\Draw-Integration_Suite\\20200908_113213\\1599590795807.png]]

2020-09-08 11:46:36 - [TEST_STEP][FAILED] - if (scoBalanceIconStatus != greenRGBValue): EvenThough sco balances updated color not changed to green

2020-09-08 11:46:36 - [TEST_STEP][FAILED] - markFailed("EvenThough sco balances updated color not changed to green"): EvenThough sco balances updated color not changed to green

2020-09-08 11:46:36 - [MESSAGE][FAILED] - EvenThough sco balances updated color not changed to green

2020-09-08 11:46:36 - [TEST_STEP][PASSED] - scoBalanceStatus = 1: null

2020-09-08 11:46:36 - [TEST_STEP][FAILED] - scoEndingBalanceTextColor = getCSSValue(findTestObject("FDR-Draw/SCOBalances/scoEndingBalanceText"), "color"): Cannot get CSS 'color' value on 'Object Repository/FDR-Draw/SCOBalances/scoEndingBalanceText'. (Root cause: com.kms.katalon.core.exception.StepFailedException: Cannot get CSS 'color' value on 'Object Repository/FDR-Draw/SCOBalances/scoEndingBalanceText'.
	at com.kms.katalon.core.webui.keyword.internal.WebUIKeywordMain.stepFailed(WebUIKeywordMain.groovy:64)
	at com.kms.katalon.core.webui.keyword.internal.WebUIKeywordMain.runKeyword(WebUIKeywordMain.groovy:26)
	at com.kms.katalon.core.webui.keyword.builtin.getCSSValueKeyword.getCSSValue(GetCSSValueKeyword.groovy:84)
	at com.kms.katalon.core.webui.keyword.builtin.getCSSValueKeyword.execute(GetCSSValueKeyword.groovy:68)
	at com.kms.katalon.core.keyword.internal.KeywordExecutor.executeKeywordForPlatform(KeywordExecutor.groovy:73)
	at com.kms.katalon.core.webui.keyword.WebUiBuiltInKeywords.getCSSValue(WebUiBuiltInKeywords.groovy:3534)
	at com.kms.katalon.core.webui.keyword.WebUiBuiltInKeywords$getCSSValue$19.call(Unknown Source)
	at FDR-Update-SCO-Balances-Icons.run(FDR-Update-SCO-Balances-Icons:68)
	at com.kms.katalon.core.main.ScriptEngine.run(ScriptEngine.java:194)
	at com.kms.katalon.core.main.ScriptEngine.runScriptAsRawText(ScriptEngine.java:119)
	at com.kms.katalon.core.main.TestCaseExecutor.runScript(TestCaseExecutor.java:339)
	at com.kms.katalon.core.main.TestCaseExecutor.doExecute(TestCaseExecutor.java:330)
	at com.kms.katalon.core.main.TestCaseExecutor.processExecutionPhase(TestCaseExecutor.java:309)
	at com.kms.katalon.core.main.TestCaseExecutor.accessMainPhase(TestCaseExecutor.java:301)
	at com.kms.katalon.core.main.TestCaseExecutor.execute(TestCaseExecutor.java:235)
	at com.kms.katalon.core.main.TestSuiteExecutor.accessTestCaseMainPhase(TestSuiteExecutor.java:191)
	at com.kms.katalon.core.main.TestSuiteExecutor.accessTestSuiteMainPhase(TestSuiteExecutor.java:141)
	at com.kms.katalon.core.main.TestSuiteExecutor.execute(TestSuiteExecutor.java:90)
	at com.kms.katalon.core.main.TestCaseMain.startTestSuite(TestCaseMain.java:157)
	at com.kms.katalon.core.main.TestCaseMain$startTestSuite$0.call(Unknown Source)
	at TempTestSuite1599589933195.run(TempTestSuite1599589933195.groovy:39)
Caused by: com.kms.katalon.core.webui.exception.WebElementNotFoundException: Web element with id: 'Object Repository/FDR-Draw/SCOBalances/scoEndingBalanceText' located by '//*[text()='SCO Ending Balance']' not found
	at com.kms.katalon.core.webui.common.WebUiCommonHelper.findWebElement(WebUiCommonHelper.java:1368)
	at com.kms.katalon.core.webui.keyword.internal.WebUIAbstractKeyword.findWebElement(WebUIAbstractKeyword.groovy:27)
	at com.kms.katalon.core.webui.keyword.internal.WebUIAbstractKeyword.findWebElement(WebUIAbstractKeyword.groovy:26)
	at com.kms.katalon.core.webui.keyword.builtin.getCSSValueKeyword$_getCSSValue_closure1.doCall(GetCSSValueKeyword.groovy:75)
	at com.kms.katalon.core.webui.keyword.builtin.getCSSValueKeyword$_getCSSValue_closure1.call(GetCSSValueKeyword.groovy)
	at com.kms.katalon.core.webui.keyword.internal.WebUIKeywordMain.runKeyword(WebUIKeywordMain.groovy:20)
	at com.kms.katalon.core.webui.keyword.builtin.getCSSValueKeyword.getCSSValue(GetCSSValueKeyword.groovy:84)
	at com.kms.katalon.core.webui.keyword.builtin.getCSSValueKeyword.execute(GetCSSValueKeyword.groovy:68)
	at com.kms.katalon.core.keyword.internal.KeywordExecutor.executeKeywordForPlatform(KeywordExecutor.groovy:73)
	at com.kms.katalon.core.webui.keyword.WebUiBuiltInKeywords.getCSSValue(WebUiBuiltInKeywords.groovy:3534)
	at com.kms.katalon.core.webui.keyword.WebUiBuiltInKeywords$getCSSValue$19.call(Unknown Source)
	at Script1591634907012.run(Script1591634907012.groovy:68)
	... 13 more
)

2020-09-08 11:46:40 - [MESSAGE][INFO] - Unable to find the element located by 'By.xpath: //*[text()='SCO Ending Balance']'. Please recheck the objects properties to make sure the desired element is located. 

2020-09-08 11:46:40 - [MESSAGE][FAILED] - Cannot get CSS 'color' value on 'Object Repository/FDR-Draw/SCOBalances/scoEndingBalanceText'. (Root cause: com.kms.katalon.core.exception.StepFailedException: Cannot get CSS 'color' value on 'Object Repository/FDR-Draw/SCOBalances/scoEndingBalanceText'.
	at com.kms.katalon.core.webui.keyword.internal.WebUIKeywordMain.stepFailed(WebUIKeywordMain.groovy:64)
	at com.kms.katalon.core.webui.keyword.internal.WebUIKeywordMain.runKeyword(WebUIKeywordMain.groovy:26)
	at com.kms.katalon.core.webui.keyword.builtin.getCSSValueKeyword.getCSSValue(GetCSSValueKeyword.groovy:84)
	at com.kms.katalon.core.webui.keyword.builtin.getCSSValueKeyword.execute(GetCSSValueKeyword.groovy:68)
	at com.kms.katalon.core.keyword.internal.KeywordExecutor.executeKeywordForPlatform(KeywordExecutor.groovy:73)
	at com.kms.katalon.core.webui.keyword.WebUiBuiltInKeywords.getCSSValue(WebUiBuiltInKeywords.groovy:3534)
	at com.kms.katalon.core.webui.keyword.WebUiBuiltInKeywords$getCSSValue$19.call(Unknown Source)
	at FDR-Update-SCO-Balances-Icons.run(FDR-Update-SCO-Balances-Icons:68)
	at com.kms.katalon.core.main.ScriptEngine.run(ScriptEngine.java:194)
	at com.kms.katalon.core.main.ScriptEngine.runScriptAsRawText(ScriptEngine.java:119)
	at com.kms.katalon.core.main.TestCaseExecutor.runScript(TestCaseExecutor.java:339)
	at com.kms.katalon.core.main.TestCaseExecutor.doExecute(TestCaseExecutor.java:330)
	at com.kms.katalon.core.main.TestCaseExecutor.processExecutionPhase(TestCaseExecutor.java:309)
	at com.kms.katalon.core.main.TestCaseExecutor.accessMainPhase(TestCaseExecutor.java:301)
	at com.kms.katalon.core.main.TestCaseExecutor.execute(TestCaseExecutor.java:235)
	at com.kms.katalon.core.main.TestSuiteExecutor.accessTestCaseMainPhase(TestSuiteExecutor.java:191)
	at com.kms.katalon.core.main.TestSuiteExecutor.accessTestSuiteMainPhase(TestSuiteExecutor.java:141)
	at com.kms.katalon.core.main.TestSuiteExecutor.execute(TestSuiteExecutor.java:90)
	at com.kms.katalon.core.main.TestCaseMain.startTestSuite(TestCaseMain.java:157)
	at com.kms.katalon.core.main.TestCaseMain$startTestSuite$0.call(Unknown Source)
	at TempTestSuite1599589933195.run(TempTestSuite1599589933195.groovy:39)
Caused by: com.kms.katalon.core.webui.exception.WebElementNotFoundException: Web element with id: 'Object Repository/FDR-Draw/SCOBalances/scoEndingBalanceText' located by '//*[text()='SCO Ending Balance']' not found
	at com.kms.katalon.core.webui.common.WebUiCommonHelper.findWebElement(WebUiCommonHelper.java:1368)
	at com.kms.katalon.core.webui.keyword.internal.WebUIAbstractKeyword.findWebElement(WebUIAbstractKeyword.groovy:27)
	at com.kms.katalon.core.webui.keyword.internal.WebUIAbstractKeyword.findWebElement(WebUIAbstractKeyword.groovy:26)
	at com.kms.katalon.core.webui.keyword.builtin.getCSSValueKeyword$_getCSSValue_closure1.doCall(GetCSSValueKeyword.groovy:75)
	at com.kms.katalon.core.webui.keyword.builtin.getCSSValueKeyword$_getCSSValue_closure1.call(GetCSSValueKeyword.groovy)
	at com.kms.katalon.core.webui.keyword.internal.WebUIKeywordMain.runKeyword(WebUIKeywordMain.groovy:20)
	at com.kms.katalon.core.webui.keyword.builtin.getCSSValueKeyword.getCSSValue(GetCSSValueKeyword.groovy:84)
	at com.kms.katalon.core.webui.keyword.builtin.getCSSValueKeyword.execute(GetCSSValueKeyword.groovy:68)
	at com.kms.katalon.core.keyword.internal.KeywordExecutor.executeKeywordForPlatform(KeywordExecutor.groovy:73)
	at com.kms.katalon.core.webui.keyword.WebUiBuiltInKeywords.getCSSValue(WebUiBuiltInKeywords.groovy:3534)
	at com.kms.katalon.core.webui.keyword.WebUiBuiltInKeywords$getCSSValue$19.call(Unknown Source)
	at Script1591634907012.run(Script1591634907012.groovy:68)
	... 13 more
)
[[ATTACHMENT|C:\\fdr-automation-develop_08_25_2020\\Reports\\20200908_113210\\Draw-Integration_Suite\\20200908_113213\\1599590800339.png]]

2020-09-08 11:46:40 - [TEST_STEP][FAILED] - if (scoEndingBalanceTextColor != redRGBValue): sco ending balances not negative

2020-09-08 11:46:40 - [TEST_STEP][FAILED] - markFailed("sco ending balances not negative"): sco ending balances not negative

2020-09-08 11:46:40 - [MESSAGE][FAILED] - sco ending balances not negative

2020-09-08 11:46:40 - [TEST_STEP][FAILED] - click(findTestObject("FDR-Draw/SCOBalances/overDrawFundsButton")): Unable to click on object 'Object Repository/FDR-Draw/SCOBalances/overDrawFundsButton' (Root cause: com.kms.katalon.core.exception.StepFailedException: Unable to click on object 'Object Repository/FDR-Draw/SCOBalances/overDrawFundsButton'
	at com.kms.katalon.core.webui.keyword.internal.WebUIKeywordMain.stepFailed(WebUIKeywordMain.groovy:64)
	at com.kms.katalon.core.webui.keyword.internal.WebUIKeywordMain.runKeyword(WebUIKeywordMain.groovy:26)
	at com.kms.katalon.core.webui.keyword.builtin.ClickKeyword.click(ClickKeyword.groovy:76)
	at com.kms.katalon.core.webui.keyword.builtin.ClickKeyword.execute(ClickKeyword.groovy:43)
	at com.kms.katalon.core.keyword.internal.KeywordExecutor.executeKeywordForPlatform(KeywordExecutor.groovy:73)
	at com.kms.katalon.core.webui.keyword.WebUiBuiltInKeywords.click(WebUiBuiltInKeywords.groovy:616)
	at com.kms.katalon.core.webui.keyword.WebUiBuiltInKeywords$click$6.call(Unknown Source)
	at FDR-Update-SCO-Balances-Icons.run(FDR-Update-SCO-Balances-Icons:74)
	at com.kms.katalon.core.main.ScriptEngine.run(ScriptEngine.java:194)
	at com.kms.katalon.core.main.ScriptEngine.runScriptAsRawText(ScriptEngine.java:119)
	at com.kms.katalon.core.main.TestCaseExecutor.runScript(TestCaseExecutor.java:339)
	at com.kms.katalon.core.main.TestCaseExecutor.doExecute(TestCaseExecutor.java:330)
	at com.kms.katalon.core.main.TestCaseExecutor.processExecutionPhase(TestCaseExecutor.java:309)
	at com.kms.katalon.core.main.TestCaseExecutor.accessMainPhase(TestCaseExecutor.java:301)
	at com.kms.katalon.core.main.TestCaseExecutor.execute(TestCaseExecutor.java:235)
	at com.kms.katalon.core.main.TestSuiteExecutor.accessTestCaseMainPhase(TestSuiteExecutor.java:191)
	at com.kms.katalon.core.main.TestSuiteExecutor.accessTestSuiteMainPhase(TestSuiteExecutor.java:141)
	at com.kms.katalon.core.main.TestSuiteExecutor.execute(TestSuiteExecutor.java:90)
	at com.kms.katalon.core.main.TestCaseMain.startTestSuite(TestCaseMain.java:157)
	at com.kms.katalon.core.main.TestCaseMain$startTestSuite$0.call(Unknown Source)
	at TempTestSuite1599589933195.run(TempTestSuite1599589933195.groovy:39)
Caused by: com.kms.katalon.core.webui.exception.WebElementNotFoundException: Web element with id: 'Object Repository/FDR-Draw/SCOBalances/overDrawFundsButton' located by '//*[@title='Overdrawn Fund(s)']' not found
	at com.kms.katalon.core.webui.common.WebUiCommonHelper.findWebElement(WebUiCommonHelper.java:1368)
	at com.kms.katalon.core.webui.keyword.internal.WebUIAbstractKeyword.findWebElement(WebUIAbstractKeyword.groovy:27)
	at com.kms.katalon.core.webui.keyword.internal.WebUIAbstractKeyword.findWebElement(WebUIAbstractKeyword.groovy:26)
	at com.kms.katalon.core.webui.keyword.builtin.ClickKeyword$_click_closure1.doCall(ClickKeyword.groovy:67)
	at com.kms.katalon.core.webui.keyword.builtin.ClickKeyword$_click_closure1.call(ClickKeyword.groovy)
	at com.kms.katalon.core.webui.keyword.internal.WebUIKeywordMain.runKeyword(WebUIKeywordMain.groovy:20)
	at com.kms.katalon.core.webui.keyword.builtin.ClickKeyword.click(ClickKeyword.groovy:76)
	at com.kms.katalon.core.webui.keyword.builtin.ClickKeyword.execute(ClickKeyword.groovy:43)
	at com.kms.katalon.core.keyword.internal.KeywordExecutor.executeKeywordForPlatform(KeywordExecutor.groovy:73)
	at com.kms.katalon.core.webui.keyword.WebUiBuiltInKeywords.click(WebUiBuiltInKeywords.groovy:616)
	at com.kms.katalon.core.webui.keyword.WebUiBuiltInKeywords$click$6.call(Unknown Source)
	at Script1591634907012.run(Script1591634907012.groovy:74)
	... 13 more
)

2020-09-08 11:46:44 - [MESSAGE][INFO] - Unable to find the element located by 'By.xpath: //*[@title='Overdrawn Fund(s)']'. Please recheck the objects properties to make sure the desired element is located. 

2020-09-08 11:46:45 - [MESSAGE][FAILED] - Unable to click on object 'Object Repository/FDR-Draw/SCOBalances/overDrawFundsButton' (Root cause: com.kms.katalon.core.exception.StepFailedException: Unable to click on object 'Object Repository/FDR-Draw/SCOBalances/overDrawFundsButton'
	at com.kms.katalon.core.webui.keyword.internal.WebUIKeywordMain.stepFailed(WebUIKeywordMain.groovy:64)
	at com.kms.katalon.core.webui.keyword.internal.WebUIKeywordMain.runKeyword(WebUIKeywordMain.groovy:26)
	at com.kms.katalon.core.webui.keyword.builtin.ClickKeyword.click(ClickKeyword.groovy:76)
	at com.kms.katalon.core.webui.keyword.builtin.ClickKeyword.execute(ClickKeyword.groovy:43)
	at com.kms.katalon.core.keyword.internal.KeywordExecutor.executeKeywordForPlatform(KeywordExecutor.groovy:73)
	at com.kms.katalon.core.webui.keyword.WebUiBuiltInKeywords.click(WebUiBuiltInKeywords.groovy:616)
	at com.kms.katalon.core.webui.keyword.WebUiBuiltInKeywords$click$6.call(Unknown Source)
	at FDR-Update-SCO-Balances-Icons.run(FDR-Update-SCO-Balances-Icons:74)
	at com.kms.katalon.core.main.ScriptEngine.run(ScriptEngine.java:194)
	at com.kms.katalon.core.main.ScriptEngine.runScriptAsRawText(ScriptEngine.java:119)
	at com.kms.katalon.core.main.TestCaseExecutor.runScript(TestCaseExecutor.java:339)
	at com.kms.katalon.core.main.TestCaseExecutor.doExecute(TestCaseExecutor.java:330)
	at com.kms.katalon.core.main.TestCaseExecutor.processExecutionPhase(TestCaseExecutor.java:309)
	at com.kms.katalon.core.main.TestCaseExecutor.accessMainPhase(TestCaseExecutor.java:301)
	at com.kms.katalon.core.main.TestCaseExecutor.execute(TestCaseExecutor.java:235)
	at com.kms.katalon.core.main.TestSuiteExecutor.accessTestCaseMainPhase(TestSuiteExecutor.java:191)
	at com.kms.katalon.core.main.TestSuiteExecutor.accessTestSuiteMainPhase(TestSuiteExecutor.java:141)
	at com.kms.katalon.core.main.TestSuiteExecutor.execute(TestSuiteExecutor.java:90)
	at com.kms.katalon.core.main.TestCaseMain.startTestSuite(TestCaseMain.java:157)
	at com.kms.katalon.core.main.TestCaseMain$startTestSuite$0.call(Unknown Source)
	at TempTestSuite1599589933195.run(TempTestSuite1599589933195.groovy:39)
Caused by: com.kms.katalon.core.webui.exception.WebElementNotFoundException: Web element with id: 'Object Repository/FDR-Draw/SCOBalances/overDrawFundsButton' located by '//*[@title='Overdrawn Fund(s)']' not found
	at com.kms.katalon.core.webui.common.WebUiCommonHelper.findWebElement(WebUiCommonHelper.java:1368)
	at com.kms.katalon.core.webui.keyword.internal.WebUIAbstractKeyword.findWebElement(WebUIAbstractKeyword.groovy:27)
	at com.kms.katalon.core.webui.keyword.internal.WebUIAbstractKeyword.findWebElement(WebUIAbstractKeyword.groovy:26)
	at com.kms.katalon.core.webui.keyword.builtin.ClickKeyword$_click_closure1.doCall(ClickKeyword.groovy:67)
	at com.kms.katalon.core.webui.keyword.builtin.ClickKeyword$_click_closure1.call(ClickKeyword.groovy)
	at com.kms.katalon.core.webui.keyword.internal.WebUIKeywordMain.runKeyword(WebUIKeywordMain.groovy:20)
	at com.kms.katalon.core.webui.keyword.builtin.ClickKeyword.click(ClickKeyword.groovy:76)
	at com.kms.katalon.core.webui.keyword.builtin.ClickKeyword.execute(ClickKeyword.groovy:43)
	at com.kms.katalon.core.keyword.internal.KeywordExecutor.executeKeywordForPlatform(KeywordExecutor.groovy:73)
	at com.kms.katalon.core.webui.keyword.WebUiBuiltInKeywords.click(WebUiBuiltInKeywords.groovy:616)
	at com.kms.katalon.core.webui.keyword.WebUiBuiltInKeywords$click$6.call(Unknown Source)
	at Script1591634907012.run(Script1591634907012.groovy:74)
	... 13 more
)
[[ATTACHMENT|C:\\fdr-automation-develop_08_25_2020\\Reports\\20200908_113210\\Draw-Integration_Suite\\20200908_113213\\1599590804766.png]]

2020-09-08 11:46:45 - [TEST_STEP][PASSED] - waitForElementPresent(findTestObject("FDR-Dashboard/createNewVoucherButton"), 2): Object 'Object Repository/FDR-Dashboard/createNewVoucherButton' is not present after 2 second(s)

2020-09-08 11:46:48 - [MESSAGE][INFO] - Unable to find the element located by 'By.xpath: //*[@data-id='button-link']//*[contains(text(),'Create New Voucher')]'. Please recheck the objects properties to make sure the desired element is located. 

2020-09-08 11:46:48 - [MESSAGE][WARNING] - Object 'Object Repository/FDR-Dashboard/createNewVoucherButton' is not present after 2 second(s)

2020-09-08 11:46:48 - [TEST_STEP][PASSED] - Uifunctions.updateSCOBalances("1000000"): Object 'Object Repository/FDR-Draw/reconcileButton' is present

2020-09-08 11:46:53 - [MESSAGE][INFO] - Unable to find the element located by 'By.xpath: //*[@data-id='button-link']//*[contains(text(),'Create New Voucher')]'. Please recheck the objects properties to make sure the desired element is located. 

2020-09-08 11:46:53 - [MESSAGE][WARNING] - Object 'Object Repository/FDR-Dashboard/createNewVoucherButton' is not present after 4 second(s)

2020-09-08 11:46:53 - [MESSAGE][FAILED] - Unable to click on object 'Object Repository/FDR-Draw/SCOBalances/buttonUpdateSCO' (Root cause: com.kms.katalon.core.exception.StepFailedException: Unable to click on object 'Object Repository/FDR-Draw/SCOBalances/buttonUpdateSCO'
	at com.kms.katalon.core.webui.keyword.internal.WebUIKeywordMain.stepFailed(WebUIKeywordMain.groovy:64)
	at com.kms.katalon.core.webui.keyword.internal.WebUIKeywordMain.runKeyword(WebUIKeywordMain.groovy:26)
	at com.kms.katalon.core.webui.keyword.builtin.ClickKeyword.click(ClickKeyword.groovy:76)
	at com.kms.katalon.core.webui.keyword.builtin.ClickKeyword.execute(ClickKeyword.groovy:43)
	at com.kms.katalon.core.keyword.internal.KeywordExecutor.executeKeywordForPlatform(KeywordExecutor.groovy:73)
	at com.kms.katalon.core.webui.keyword.WebUiBuiltInKeywords.click(WebUiBuiltInKeywords.groovy:616)
	at com.kms.katalon.core.webui.keyword.WebUiBuiltInKeywords$click$6.call(Unknown Source)
	at com.functions.Uifunctions.updateSCOBalances(Uifunctions.groovy:291)
	at com.functions.Uifunctions$updateSCOBalances$6.call(Unknown Source)
	at FDR-Update-SCO-Balances-Icons.run(FDR-Update-SCO-Balances-Icons:78)
	at com.kms.katalon.core.main.ScriptEngine.run(ScriptEngine.java:194)
	at com.kms.katalon.core.main.ScriptEngine.runScriptAsRawText(ScriptEngine.java:119)
	at com.kms.katalon.core.main.TestCaseExecutor.runScript(TestCaseExecutor.java:339)
	at com.kms.katalon.core.main.TestCaseExecutor.doExecute(TestCaseExecutor.java:330)
	at com.kms.katalon.core.main.TestCaseExecutor.processExecutionPhase(TestCaseExecutor.java:309)
	at com.kms.katalon.core.main.TestCaseExecutor.accessMainPhase(TestCaseExecutor.java:301)
	at com.kms.katalon.core.main.TestCaseExecutor.execute(TestCaseExecutor.java:235)
	at com.kms.katalon.core.main.TestSuiteExecutor.accessTestCaseMainPhase(TestSuiteExecutor.java:191)
	at com.kms.katalon.core.main.TestSuiteExecutor.accessTestSuiteMainPhase(TestSuiteExecutor.java:141)
	at com.kms.katalon.core.main.TestSuiteExecutor.execute(TestSuiteExecutor.java:90)
	at com.kms.katalon.core.main.TestCaseMain.startTestSuite(TestCaseMain.java:157)
	at com.kms.katalon.core.main.TestCaseMain$startTestSuite$0.call(Unknown Source)
	at TempTestSuite1599589933195.run(TempTestSuite1599589933195.groovy:39)
Caused by: org.openqa.selenium.ElementNotInteractableException: element not interactable
  (Session info: chrome=85.0.4183.83)
Build info: version: '3.141.59', revision: 'e82be7d358', time: '2018-11-14T08:25:53'
System info: host: 'DESKTOP-9VU7G8T', ip: '192.168.1.188', os.name: 'Windows 10', os.arch: 'amd64', os.version: '10.0', java.version: '1.8.0_181'
Driver info: com.kms.katalon.selenium.driver.CChromeDriver
Capabilities {acceptInsecureCerts: false, browserName: chrome, browserVersion: 85.0.4183.83, chrome: {chromedriverVersion: 85.0.4183.87 (cd6713ebf92fa..., userDataDir: C:\Users\NAGESH~1.ALL\AppDa...}, goog:chromeOptions: {debuggerAddress: localhost:55805}, javascriptEnabled: true, networkConnectionEnabled: false, pageLoadStrategy: normal, platform: WINDOWS, platformName: WINDOWS, proxy: Proxy(), setWindowRect: true, strictFileInteractability: false, timeouts: {implicit: 0, pageLoad: 300000, script: 30000}, unhandledPromptBehavior: dismiss and notify, webauthn:virtualAuthenticators: true}
Session ID: 511aee2560964b024ae65a6d5353ddcf
	at org.openqa.selenium.remote.http.W3CHttpResponseCodec.createException(W3CHttpResponseCodec.java:187)
	at org.openqa.selenium.remote.http.W3CHttpResponseCodec.decode(W3CHttpResponseCodec.java:122)
	at org.openqa.selenium.remote.http.W3CHttpResponseCodec.decode(W3CHttpResponseCodec.java:49)
	at org.openqa.selenium.remote.HttpCommandExecutor.execute(HttpCommandExecutor.java:158)
	at org.openqa.selenium.remote.service.DriverCommandExecutor.execute(DriverCommandExecutor.java:83)
	at org.openqa.selenium.remote.RemoteWebDriver.execute(RemoteWebDriver.java:552)
	at com.kms.katalon.selenium.driver.CChromeDriver.execute(CChromeDriver.java:19)
	at org.openqa.selenium.remote.RemoteWebElement.execute(RemoteWebElement.java:285)
	at org.openqa.selenium.remote.RemoteWebElement.click(RemoteWebElement.java:84)
	at org.openqa.selenium.support.events.EventFiringWebDriver$EventFiringWebElement.lambda$new$0(EventFiringWebDriver.java:404)
	at com.sun.proxy.$Proxy13.click(Unknown Source)
	at org.openqa.selenium.support.events.EventFiringWebDriver$EventFiringWebElement.click(EventFiringWebDriver.java:417)
	at com.kms.katalon.core.webui.keyword.builtin.ClickKeyword$_click_closure1.doCall(ClickKeyword.groovy:69)
	at com.kms.katalon.core.webui.keyword.builtin.ClickKeyword$_click_closure1.call(ClickKeyword.groovy)
	at com.kms.katalon.core.webui.keyword.internal.WebUIKeywordMain.runKeyword(WebUIKeywordMain.groovy:20)
	at com.kms.katalon.core.webui.keyword.builtin.ClickKeyword.click(ClickKeyword.groovy:76)
	at com.kms.katalon.core.webui.keyword.builtin.ClickKeyword.execute(ClickKeyword.groovy:43)
	at com.kms.katalon.core.keyword.internal.KeywordExecutor.executeKeywordForPlatform(KeywordExecutor.groovy:73)
	at com.kms.katalon.core.webui.keyword.WebUiBuiltInKeywords.click(WebUiBuiltInKeywords.groovy:616)
	at com.kms.katalon.core.webui.keyword.WebUiBuiltInKeywords$click$6.call(Unknown Source)
	at com.functions.Uifunctions.updateSCOBalances(Uifunctions.groovy:291)
	at com.functions.Uifunctions$updateSCOBalances$6.call(Unknown Source)
	at Script1591634907012.run(Script1591634907012.groovy:78)
	... 13 more
)
[[ATTACHMENT|C:\\fdr-automation-develop_08_25_2020\\Reports\\20200908_113210\\Draw-Integration_Suite\\20200908_113213\\1599590813643.png]]

2020-09-08 11:46:56 - [MESSAGE][PASSED] - Delayed 3 second(s)

2020-09-08 11:47:01 - [MESSAGE][INFO] - Unable to find the element located by 'By.xpath: (//*[@data-id='text-field'])[1]//input'. Please recheck the objects properties to make sure the desired element is located. 

2020-09-08 11:47:01 - [MESSAGE][FAILED] - Unable to click on object 'Object Repository/FDR-Draw/SCOBalances/updateFundBalanceInputText1' (Root cause: com.kms.katalon.core.exception.StepFailedException: Unable to click on object 'Object Repository/FDR-Draw/SCOBalances/updateFundBalanceInputText1'
	at com.kms.katalon.core.webui.keyword.internal.WebUIKeywordMain.stepFailed(WebUIKeywordMain.groovy:64)
	at com.kms.katalon.core.webui.keyword.internal.WebUIKeywordMain.runKeyword(WebUIKeywordMain.groovy:26)
	at com.kms.katalon.core.webui.keyword.builtin.ClickKeyword.click(ClickKeyword.groovy:76)
	at com.kms.katalon.core.webui.keyword.builtin.ClickKeyword.execute(ClickKeyword.groovy:43)
	at com.kms.katalon.core.keyword.internal.KeywordExecutor.executeKeywordForPlatform(KeywordExecutor.groovy:73)
	at com.kms.katalon.core.webui.keyword.WebUiBuiltInKeywords.click(WebUiBuiltInKeywords.groovy:616)
	at com.kms.katalon.core.webui.keyword.WebUiBuiltInKeywords$click$6.call(Unknown Source)
	at com.functions.Uifunctions.updateSCOBalances(Uifunctions.groovy:293)
	at com.functions.Uifunctions$updateSCOBalances$6.call(Unknown Source)
	at FDR-Update-SCO-Balances-Icons.run(FDR-Update-SCO-Balances-Icons:78)
	at com.kms.katalon.core.main.ScriptEngine.run(ScriptEngine.java:194)
	at com.kms.katalon.core.main.ScriptEngine.runScriptAsRawText(ScriptEngine.java:119)
	at com.kms.katalon.core.main.TestCaseExecutor.runScript(TestCaseExecutor.java:339)
	at com.kms.katalon.core.main.TestCaseExecutor.doExecute(TestCaseExecutor.java:330)
	at com.kms.katalon.core.main.TestCaseExecutor.processExecutionPhase(TestCaseExecutor.java:309)
	at com.kms.katalon.core.main.TestCaseExecutor.accessMainPhase(TestCaseExecutor.java:301)
	at com.kms.katalon.core.main.TestCaseExecutor.execute(TestCaseExecutor.java:235)
	at com.kms.katalon.core.main.TestSuiteExecutor.accessTestCaseMainPhase(TestSuiteExecutor.java:191)
	at com.kms.katalon.core.main.TestSuiteExecutor.accessTestSuiteMainPhase(TestSuiteExecutor.java:141)
	at com.kms.katalon.core.main.TestSuiteExecutor.execute(TestSuiteExecutor.java:90)
	at com.kms.katalon.core.main.TestCaseMain.startTestSuite(TestCaseMain.java:157)
	at com.kms.katalon.core.main.TestCaseMain$startTestSuite$0.call(Unknown Source)
	at TempTestSuite1599589933195.run(TempTestSuite1599589933195.groovy:39)
Caused by: com.kms.katalon.core.webui.exception.WebElementNotFoundException: Web element with id: 'Object Repository/FDR-Draw/SCOBalances/updateFundBalanceInputText1' located by '(//*[@data-id='text-field'])[1]//input' not found
	at com.kms.katalon.core.webui.common.WebUiCommonHelper.findWebElement(WebUiCommonHelper.java:1368)
	at com.kms.katalon.core.webui.keyword.internal.WebUIAbstractKeyword.findWebElement(WebUIAbstractKeyword.groovy:27)
	at com.kms.katalon.core.webui.keyword.internal.WebUIAbstractKeyword.findWebElement(WebUIAbstractKeyword.groovy:26)
	at com.kms.katalon.core.webui.keyword.builtin.ClickKeyword$_click_closure1.doCall(ClickKeyword.groovy:67)
	at com.kms.katalon.core.webui.keyword.builtin.ClickKeyword$_click_closure1.call(ClickKeyword.groovy)
	at com.kms.katalon.core.webui.keyword.internal.WebUIKeywordMain.runKeyword(WebUIKeywordMain.groovy:20)
	at com.kms.katalon.core.webui.keyword.builtin.ClickKeyword.click(ClickKeyword.groovy:76)
	at com.kms.katalon.core.webui.keyword.builtin.ClickKeyword.execute(ClickKeyword.groovy:43)
	at com.kms.katalon.core.keyword.internal.KeywordExecutor.executeKeywordForPlatform(KeywordExecutor.groovy:73)
	at com.kms.katalon.core.webui.keyword.WebUiBuiltInKeywords.click(WebUiBuiltInKeywords.groovy:616)
	at com.kms.katalon.core.webui.keyword.WebUiBuiltInKeywords$click$6.call(Unknown Source)
	at com.functions.Uifunctions.updateSCOBalances(Uifunctions.groovy:293)
	at com.functions.Uifunctions$updateSCOBalances$6.call(Unknown Source)
	at Script1591634907012.run(Script1591634907012.groovy:78)
	... 13 more
)
[[ATTACHMENT|C:\\fdr-automation-develop_08_25_2020\\Reports\\20200908_113210\\Draw-Integration_Suite\\20200908_113213\\1599590821152.png]]

2020-09-08 11:47:03 - [MESSAGE][INFO] - Unable to find the element located by 'By.xpath: //*[@data-id='button-link']//*[contains(text(),'Create New Voucher')]'. Please recheck the objects properties to make sure the desired element is located. 

2020-09-08 11:47:03 - [MESSAGE][WARNING] - Object 'Object Repository/FDR-Dashboard/createNewVoucherButton' is not present after 1 second(s)

2020-09-08 11:47:07 - [MESSAGE][INFO] - Unable to find the element located by 'By.xpath: (//*[@type='text'])[1]'. Please recheck the objects properties to make sure the desired element is located. 

2020-09-08 11:47:08 - [MESSAGE][FAILED] - Unable to set text '120' of object 'Object Repository/FDR-Draw/SCOBalances/inputTextBalance1' (Root cause: com.kms.katalon.core.exception.StepFailedException: Unable to set text '120' of object 'Object Repository/FDR-Draw/SCOBalances/inputTextBalance1'
	at com.kms.katalon.core.webui.keyword.internal.WebUIKeywordMain.stepFailed(WebUIKeywordMain.groovy:64)
	at com.kms.katalon.core.webui.keyword.internal.WebUIKeywordMain.runKeyword(WebUIKeywordMain.groovy:26)
	at com.kms.katalon.core.webui.keyword.builtin.SetTextKeyword.setText(SetTextKeyword.groovy:66)
	at com.kms.katalon.core.webui.keyword.builtin.SetTextKeyword.execute(SetTextKeyword.groovy:37)
	at com.kms.katalon.core.keyword.internal.KeywordExecutor.executeKeywordForPlatform(KeywordExecutor.groovy:73)
	at com.kms.katalon.core.webui.keyword.WebUiBuiltInKeywords.setText(WebUiBuiltInKeywords.groovy:976)
	at com.kms.katalon.core.webui.keyword.WebUiBuiltInKeywords$setText$4.call(Unknown Source)
	at com.functions.Uifunctions.updateSCOBalances(Uifunctions.groovy:295)
	at com.functions.Uifunctions$updateSCOBalances$6.call(Unknown Source)
	at FDR-Update-SCO-Balances-Icons.run(FDR-Update-SCO-Balances-Icons:78)
	at com.kms.katalon.core.main.ScriptEngine.run(ScriptEngine.java:194)
	at com.kms.katalon.core.main.ScriptEngine.runScriptAsRawText(ScriptEngine.java:119)
	at com.kms.katalon.core.main.TestCaseExecutor.runScript(TestCaseExecutor.java:339)
	at com.kms.katalon.core.main.TestCaseExecutor.doExecute(TestCaseExecutor.java:330)
	at com.kms.katalon.core.main.TestCaseExecutor.processExecutionPhase(TestCaseExecutor.java:309)
	at com.kms.katalon.core.main.TestCaseExecutor.accessMainPhase(TestCaseExecutor.java:301)
	at com.kms.katalon.core.main.TestCaseExecutor.execute(TestCaseExecutor.java:235)
	at com.kms.katalon.core.main.TestSuiteExecutor.accessTestCaseMainPhase(TestSuiteExecutor.java:191)
	at com.kms.katalon.core.main.TestSuiteExecutor.accessTestSuiteMainPhase(TestSuiteExecutor.java:141)
	at com.kms.katalon.core.main.TestSuiteExecutor.execute(TestSuiteExecutor.java:90)
	at com.kms.katalon.core.main.TestCaseMain.startTestSuite(TestCaseMain.java:157)
	at com.kms.katalon.core.main.TestCaseMain$startTestSuite$0.call(Unknown Source)
	at TempTestSuite1599589933195.run(TempTestSuite1599589933195.groovy:39)
Caused by: com.kms.katalon.core.webui.exception.WebElementNotFoundException: Web element with id: 'Object Repository/FDR-Draw/SCOBalances/inputTextBalance1' located by '(//*[@type='text'])[1]' not found
	at com.kms.katalon.core.webui.common.WebUiCommonHelper.findWebElement(WebUiCommonHelper.java:1368)
	at com.kms.katalon.core.webui.keyword.internal.WebUIAbstractKeyword.findWebElement(WebUIAbstractKeyword.groovy:27)
	at com.kms.katalon.core.webui.keyword.internal.WebUIAbstractKeyword.findWebElement(WebUIAbstractKeyword.groovy:26)
	at com.kms.katalon.core.webui.keyword.builtin.SetTextKeyword$_setText_closure1.doCall(SetTextKeyword.groovy:51)
	at com.kms.katalon.core.webui.keyword.builtin.SetTextKeyword$_setText_closure1.call(SetTextKeyword.groovy)
	at com.kms.katalon.core.webui.keyword.internal.WebUIKeywordMain.runKeyword(WebUIKeywordMain.groovy:20)
	at com.kms.katalon.core.webui.keyword.builtin.SetTextKeyword.setText(SetTextKeyword.groovy:66)
	at com.kms.katalon.core.webui.keyword.builtin.SetTextKeyword.execute(SetTextKeyword.groovy:37)
	at com.kms.katalon.core.keyword.internal.KeywordExecutor.executeKeywordForPlatform(KeywordExecutor.groovy:73)
	at com.kms.katalon.core.webui.keyword.WebUiBuiltInKeywords.setText(WebUiBuiltInKeywords.groovy:976)
	at com.kms.katalon.core.webui.keyword.WebUiBuiltInKeywords$setText$4.call(Unknown Source)
	at com.functions.Uifunctions.updateSCOBalances(Uifunctions.groovy:295)
	at com.functions.Uifunctions$updateSCOBalances$6.call(Unknown Source)
	at Script1591634907012.run(Script1591634907012.groovy:78)
	... 13 more
)
[[ATTACHMENT|C:\\fdr-automation-develop_08_25_2020\\Reports\\20200908_113210\\Draw-Integration_Suite\\20200908_113213\\1599590827829.png]]

2020-09-08 11:47:12 - [MESSAGE][INFO] - Unable to find the element located by 'By.xpath: (//*[@data-id='checkbox'])[1]'. Please recheck the objects properties to make sure the desired element is located. 

2020-09-08 11:47:12 - [MESSAGE][FAILED] - Unable to click on object 'Object Repository/FDR-Draw/SCOBalances/balanceUnchanged1' (Root cause: com.kms.katalon.core.exception.StepFailedException: Unable to click on object 'Object Repository/FDR-Draw/SCOBalances/balanceUnchanged1'
	at com.kms.katalon.core.webui.keyword.internal.WebUIKeywordMain.stepFailed(WebUIKeywordMain.groovy:64)
	at com.kms.katalon.core.webui.keyword.internal.WebUIKeywordMain.runKeyword(WebUIKeywordMain.groovy:26)
	at com.kms.katalon.core.webui.keyword.builtin.ClickKeyword.click(ClickKeyword.groovy:76)
	at com.kms.katalon.core.webui.keyword.builtin.ClickKeyword.execute(ClickKeyword.groovy:43)
	at com.kms.katalon.core.keyword.internal.KeywordExecutor.executeKeywordForPlatform(KeywordExecutor.groovy:73)
	at com.kms.katalon.core.webui.keyword.WebUiBuiltInKeywords.click(WebUiBuiltInKeywords.groovy:616)
	at com.kms.katalon.core.webui.keyword.WebUiBuiltInKeywords$click$6.call(Unknown Source)
	at com.functions.Uifunctions.updateSCOBalances(Uifunctions.groovy:296)
	at com.functions.Uifunctions$updateSCOBalances$6.call(Unknown Source)
	at FDR-Update-SCO-Balances-Icons.run(FDR-Update-SCO-Balances-Icons:78)
	at com.kms.katalon.core.main.ScriptEngine.run(ScriptEngine.java:194)
	at com.kms.katalon.core.main.ScriptEngine.runScriptAsRawText(ScriptEngine.java:119)
	at com.kms.katalon.core.main.TestCaseExecutor.runScript(TestCaseExecutor.java:339)
	at com.kms.katalon.core.main.TestCaseExecutor.doExecute(TestCaseExecutor.java:330)
	at com.kms.katalon.core.main.TestCaseExecutor.processExecutionPhase(TestCaseExecutor.java:309)
	at com.kms.katalon.core.main.TestCaseExecutor.accessMainPhase(TestCaseExecutor.java:301)
	at com.kms.katalon.core.main.TestCaseExecutor.execute(TestCaseExecutor.java:235)
	at com.kms.katalon.core.main.TestSuiteExecutor.accessTestCaseMainPhase(TestSuiteExecutor.java:191)
	at com.kms.katalon.core.main.TestSuiteExecutor.accessTestSuiteMainPhase(TestSuiteExecutor.java:141)
	at com.kms.katalon.core.main.TestSuiteExecutor.execute(TestSuiteExecutor.java:90)
	at com.kms.katalon.core.main.TestCaseMain.startTestSuite(TestCaseMain.java:157)
	at com.kms.katalon.core.main.TestCaseMain$startTestSuite$0.call(Unknown Source)
	at TempTestSuite1599589933195.run(TempTestSuite1599589933195.groovy:39)
Caused by: com.kms.katalon.core.webui.exception.WebElementNotFoundException: Web element with id: 'Object Repository/FDR-Draw/SCOBalances/balanceUnchanged1' located by '(//*[@data-id='checkbox'])[1]' not found
	at com.kms.katalon.core.webui.common.WebUiCommonHelper.findWebElement(WebUiCommonHelper.java:1368)
	at com.kms.katalon.core.webui.keyword.internal.WebUIAbstractKeyword.findWebElement(WebUIAbstractKeyword.groovy:27)
	at com.kms.katalon.core.webui.keyword.internal.WebUIAbstractKeyword.findWebElement(WebUIAbstractKeyword.groovy:26)
	at com.kms.katalon.core.webui.keyword.builtin.ClickKeyword$_click_closure1.doCall(ClickKeyword.groovy:67)
	at com.kms.katalon.core.webui.keyword.builtin.ClickKeyword$_click_closure1.call(ClickKeyword.groovy)
	at com.kms.katalon.core.webui.keyword.internal.WebUIKeywordMain.runKeyword(WebUIKeywordMain.groovy:20)
	at com.kms.katalon.core.webui.keyword.builtin.ClickKeyword.click(ClickKeyword.groovy:76)
	at com.kms.katalon.core.webui.keyword.builtin.ClickKeyword.execute(ClickKeyword.groovy:43)
	at com.kms.katalon.core.keyword.internal.KeywordExecutor.executeKeywordForPlatform(KeywordExecutor.groovy:73)
	at com.kms.katalon.core.webui.keyword.WebUiBuiltInKeywords.click(WebUiBuiltInKeywords.groovy:616)
	at com.kms.katalon.core.webui.keyword.WebUiBuiltInKeywords$click$6.call(Unknown Source)
	at com.functions.Uifunctions.updateSCOBalances(Uifunctions.groovy:296)
	at com.functions.Uifunctions$updateSCOBalances$6.call(Unknown Source)
	at Script1591634907012.run(Script1591634907012.groovy:78)
	... 13 more
)
[[ATTACHMENT|C:\\fdr-automation-develop_08_25_2020\\Reports\\20200908_113210\\Draw-Integration_Suite\\20200908_113213\\1599590832224.png]]

2020-09-08 11:47:16 - [MESSAGE][INFO] - Unable to find the element located by 'By.xpath: (//*[@data-id='checkbox'])[1]'. Please recheck the objects properties to make sure the desired element is located. 

2020-09-08 11:47:17 - [MESSAGE][FAILED] - Unable to click on object 'Object Repository/FDR-Draw/SCOBalances/balanceUnchanged1' (Root cause: com.kms.katalon.core.exception.StepFailedException: Unable to click on object 'Object Repository/FDR-Draw/SCOBalances/balanceUnchanged1'
	at com.kms.katalon.core.webui.keyword.internal.WebUIKeywordMain.stepFailed(WebUIKeywordMain.groovy:64)
	at com.kms.katalon.core.webui.keyword.internal.WebUIKeywordMain.runKeyword(WebUIKeywordMain.groovy:26)
	at com.kms.katalon.core.webui.keyword.builtin.ClickKeyword.click(ClickKeyword.groovy:76)
	at com.kms.katalon.core.webui.keyword.builtin.ClickKeyword.execute(ClickKeyword.groovy:43)
	at com.kms.katalon.core.keyword.internal.KeywordExecutor.executeKeywordForPlatform(KeywordExecutor.groovy:73)
	at com.kms.katalon.core.webui.keyword.WebUiBuiltInKeywords.click(WebUiBuiltInKeywords.groovy:616)
	at com.kms.katalon.core.webui.keyword.WebUiBuiltInKeywords$click$6.call(Unknown Source)
	at com.functions.Uifunctions.updateSCOBalances(Uifunctions.groovy:297)
	at com.functions.Uifunctions$updateSCOBalances$6.call(Unknown Source)
	at FDR-Update-SCO-Balances-Icons.run(FDR-Update-SCO-Balances-Icons:78)
	at com.kms.katalon.core.main.ScriptEngine.run(ScriptEngine.java:194)
	at com.kms.katalon.core.main.ScriptEngine.runScriptAsRawText(ScriptEngine.java:119)
	at com.kms.katalon.core.main.TestCaseExecutor.runScript(TestCaseExecutor.java:339)
	at com.kms.katalon.core.main.TestCaseExecutor.doExecute(TestCaseExecutor.java:330)
	at com.kms.katalon.core.main.TestCaseExecutor.processExecutionPhase(TestCaseExecutor.java:309)
	at com.kms.katalon.core.main.TestCaseExecutor.accessMainPhase(TestCaseExecutor.java:301)
	at com.kms.katalon.core.main.TestCaseExecutor.execute(TestCaseExecutor.java:235)
	at com.kms.katalon.core.main.TestSuiteExecutor.accessTestCaseMainPhase(TestSuiteExecutor.java:191)
	at com.kms.katalon.core.main.TestSuiteExecutor.accessTestSuiteMainPhase(TestSuiteExecutor.java:141)
	at com.kms.katalon.core.main.TestSuiteExecutor.execute(TestSuiteExecutor.java:90)
	at com.kms.katalon.core.main.TestCaseMain.startTestSuite(TestCaseMain.java:157)
	at com.kms.katalon.core.main.TestCaseMain$startTestSuite$0.call(Unknown Source)
	at TempTestSuite1599589933195.run(TempTestSuite1599589933195.groovy:39)
Caused by: com.kms.katalon.core.webui.exception.WebElementNotFoundException: Web element with id: 'Object Repository/FDR-Draw/SCOBalances/balanceUnchanged1' located by '(//*[@data-id='checkbox'])[1]' not found
	at com.kms.katalon.core.webui.common.WebUiCommonHelper.findWebElement(WebUiCommonHelper.java:1368)
	at com.kms.katalon.core.webui.keyword.internal.WebUIAbstractKeyword.findWebElement(WebUIAbstractKeyword.groovy:27)
	at com.kms.katalon.core.webui.keyword.internal.WebUIAbstractKeyword.findWebElement(WebUIAbstractKeyword.groovy:26)
	at com.kms.katalon.core.webui.keyword.builtin.ClickKeyword$_click_closure1.doCall(ClickKeyword.groovy:67)
	at com.kms.katalon.core.webui.keyword.builtin.ClickKeyword$_click_closure1.call(ClickKeyword.groovy)
	at com.kms.katalon.core.webui.keyword.internal.WebUIKeywordMain.runKeyword(WebUIKeywordMain.groovy:20)
	at com.kms.katalon.core.webui.keyword.builtin.ClickKeyword.click(ClickKeyword.groovy:76)
	at com.kms.katalon.core.webui.keyword.builtin.ClickKeyword.execute(ClickKeyword.groovy:43)
	at com.kms.katalon.core.keyword.internal.KeywordExecutor.executeKeywordForPlatform(KeywordExecutor.groovy:73)
	at com.kms.katalon.core.webui.keyword.WebUiBuiltInKeywords.click(WebUiBuiltInKeywords.groovy:616)
	at com.kms.katalon.core.webui.keyword.WebUiBuiltInKeywords$click$6.call(Unknown Source)
	at com.functions.Uifunctions.updateSCOBalances(Uifunctions.groovy:297)
	at com.functions.Uifunctions$updateSCOBalances$6.call(Unknown Source)
	at Script1591634907012.run(Script1591634907012.groovy:78)
	... 13 more
)
[[ATTACHMENT|C:\\fdr-automation-develop_08_25_2020\\Reports\\20200908_113210\\Draw-Integration_Suite\\20200908_113213\\1599590836762.png]]

2020-09-08 11:47:21 - [MESSAGE][INFO] - Unable to find the element located by 'By.xpath: (//*[@data-id='text-field'])[1]//input'. Please recheck the objects properties to make sure the desired element is located. 

2020-09-08 11:47:21 - [MESSAGE][FAILED] - Unable to click on object 'Object Repository/FDR-Draw/SCOBalances/updateFundBalanceInputText1' (Root cause: com.kms.katalon.core.exception.StepFailedException: Unable to click on object 'Object Repository/FDR-Draw/SCOBalances/updateFundBalanceInputText1'
	at com.kms.katalon.core.webui.keyword.internal.WebUIKeywordMain.stepFailed(WebUIKeywordMain.groovy:64)
	at com.kms.katalon.core.webui.keyword.internal.WebUIKeywordMain.runKeyword(WebUIKeywordMain.groovy:26)
	at com.kms.katalon.core.webui.keyword.builtin.ClickKeyword.click(ClickKeyword.groovy:76)
	at com.kms.katalon.core.webui.keyword.builtin.ClickKeyword.execute(ClickKeyword.groovy:43)
	at com.kms.katalon.core.keyword.internal.KeywordExecutor.executeKeywordForPlatform(KeywordExecutor.groovy:73)
	at com.kms.katalon.core.webui.keyword.WebUiBuiltInKeywords.click(WebUiBuiltInKeywords.groovy:616)
	at com.kms.katalon.core.webui.keyword.WebUiBuiltInKeywords$click$6.call(Unknown Source)
	at com.functions.Uifunctions.updateSCOBalances(Uifunctions.groovy:300)
	at com.functions.Uifunctions$updateSCOBalances$6.call(Unknown Source)
	at FDR-Update-SCO-Balances-Icons.run(FDR-Update-SCO-Balances-Icons:78)
	at com.kms.katalon.core.main.ScriptEngine.run(ScriptEngine.java:194)
	at com.kms.katalon.core.main.ScriptEngine.runScriptAsRawText(ScriptEngine.java:119)
	at com.kms.katalon.core.main.TestCaseExecutor.runScript(TestCaseExecutor.java:339)
	at com.kms.katalon.core.main.TestCaseExecutor.doExecute(TestCaseExecutor.java:330)
	at com.kms.katalon.core.main.TestCaseExecutor.processExecutionPhase(TestCaseExecutor.java:309)
	at com.kms.katalon.core.main.TestCaseExecutor.accessMainPhase(TestCaseExecutor.java:301)
	at com.kms.katalon.core.main.TestCaseExecutor.execute(TestCaseExecutor.java:235)
	at com.kms.katalon.core.main.TestSuiteExecutor.accessTestCaseMainPhase(TestSuiteExecutor.java:191)
	at com.kms.katalon.core.main.TestSuiteExecutor.accessTestSuiteMainPhase(TestSuiteExecutor.java:141)
	at com.kms.katalon.core.main.TestSuiteExecutor.execute(TestSuiteExecutor.java:90)
	at com.kms.katalon.core.main.TestCaseMain.startTestSuite(TestCaseMain.java:157)
	at com.kms.katalon.core.main.TestCaseMain$startTestSuite$0.call(Unknown Source)
	at TempTestSuite1599589933195.run(TempTestSuite1599589933195.groovy:39)
Caused by: com.kms.katalon.core.webui.exception.WebElementNotFoundException: Web element with id: 'Object Repository/FDR-Draw/SCOBalances/updateFundBalanceInputText1' located by '(//*[@data-id='text-field'])[1]//input' not found
	at com.kms.katalon.core.webui.common.WebUiCommonHelper.findWebElement(WebUiCommonHelper.java:1368)
	at com.kms.katalon.core.webui.keyword.internal.WebUIAbstractKeyword.findWebElement(WebUIAbstractKeyword.groovy:27)
	at com.kms.katalon.core.webui.keyword.internal.WebUIAbstractKeyword.findWebElement(WebUIAbstractKeyword.groovy:26)
	at com.kms.katalon.core.webui.keyword.builtin.ClickKeyword$_click_closure1.doCall(ClickKeyword.groovy:67)
	at com.kms.katalon.core.webui.keyword.builtin.ClickKeyword$_click_closure1.call(ClickKeyword.groovy)
	at com.kms.katalon.core.webui.keyword.internal.WebUIKeywordMain.runKeyword(WebUIKeywordMain.groovy:20)
	at com.kms.katalon.core.webui.keyword.builtin.ClickKeyword.click(ClickKeyword.groovy:76)
	at com.kms.katalon.core.webui.keyword.builtin.ClickKeyword.execute(ClickKeyword.groovy:43)
	at com.kms.katalon.core.keyword.internal.KeywordExecutor.executeKeywordForPlatform(KeywordExecutor.groovy:73)
	at com.kms.katalon.core.webui.keyword.WebUiBuiltInKeywords.click(WebUiBuiltInKeywords.groovy:616)
	at com.kms.katalon.core.webui.keyword.WebUiBuiltInKeywords$click$6.call(Unknown Source)
	at com.functions.Uifunctions.updateSCOBalances(Uifunctions.groovy:300)
	at com.functions.Uifunctions$updateSCOBalances$6.call(Unknown Source)
	at Script1591634907012.run(Script1591634907012.groovy:78)
	... 13 more
)
[[ATTACHMENT|C:\\fdr-automation-develop_08_25_2020\\Reports\\20200908_113210\\Draw-Integration_Suite\\20200908_113213\\1599590841094.png]]

2020-09-08 11:47:23 - [MESSAGE][INFO] - Unable to find the element located by 'By.xpath: //*[@data-id='button-link']//*[contains(text(),'Create New Voucher')]'. Please recheck the objects properties to make sure the desired element is located. 

2020-09-08 11:47:23 - [MESSAGE][WARNING] - Object 'Object Repository/FDR-Dashboard/createNewVoucherButton' is not present after 1 second(s)

2020-09-08 11:47:27 - [MESSAGE][INFO] - Unable to find the element located by 'By.xpath: (//*[@type='text'])[1]'. Please recheck the objects properties to make sure the desired element is located. 

2020-09-08 11:47:28 - [MESSAGE][FAILED] - Unable to set text '1000000' of object 'Object Repository/FDR-Draw/SCOBalances/inputTextBalance1' (Root cause: com.kms.katalon.core.exception.StepFailedException: Unable to set text '1000000' of object 'Object Repository/FDR-Draw/SCOBalances/inputTextBalance1'
	at com.kms.katalon.core.webui.keyword.internal.WebUIKeywordMain.stepFailed(WebUIKeywordMain.groovy:64)
	at com.kms.katalon.core.webui.keyword.internal.WebUIKeywordMain.runKeyword(WebUIKeywordMain.groovy:26)
	at com.kms.katalon.core.webui.keyword.builtin.SetTextKeyword.setText(SetTextKeyword.groovy:66)
	at com.kms.katalon.core.webui.keyword.builtin.SetTextKeyword.execute(SetTextKeyword.groovy:37)
	at com.kms.katalon.core.keyword.internal.KeywordExecutor.executeKeywordForPlatform(KeywordExecutor.groovy:73)
	at com.kms.katalon.core.webui.keyword.WebUiBuiltInKeywords.setText(WebUiBuiltInKeywords.groovy:976)
	at com.kms.katalon.core.webui.keyword.WebUiBuiltInKeywords$setText$4.call(Unknown Source)
	at com.functions.Uifunctions.updateSCOBalances(Uifunctions.groovy:302)
	at com.functions.Uifunctions$updateSCOBalances$6.call(Unknown Source)
	at FDR-Update-SCO-Balances-Icons.run(FDR-Update-SCO-Balances-Icons:78)
	at com.kms.katalon.core.main.ScriptEngine.run(ScriptEngine.java:194)
	at com.kms.katalon.core.main.ScriptEngine.runScriptAsRawText(ScriptEngine.java:119)
	at com.kms.katalon.core.main.TestCaseExecutor.runScript(TestCaseExecutor.java:339)
	at com.kms.katalon.core.main.TestCaseExecutor.doExecute(TestCaseExecutor.java:330)
	at com.kms.katalon.core.main.TestCaseExecutor.processExecutionPhase(TestCaseExecutor.java:309)
	at com.kms.katalon.core.main.TestCaseExecutor.accessMainPhase(TestCaseExecutor.java:301)
	at com.kms.katalon.core.main.TestCaseExecutor.execute(TestCaseExecutor.java:235)
	at com.kms.katalon.core.main.TestSuiteExecutor.accessTestCaseMainPhase(TestSuiteExecutor.java:191)
	at com.kms.katalon.core.main.TestSuiteExecutor.accessTestSuiteMainPhase(TestSuiteExecutor.java:141)
	at com.kms.katalon.core.main.TestSuiteExecutor.execute(TestSuiteExecutor.java:90)
	at com.kms.katalon.core.main.TestCaseMain.startTestSuite(TestCaseMain.java:157)
	at com.kms.katalon.core.main.TestCaseMain$startTestSuite$0.call(Unknown Source)
	at TempTestSuite1599589933195.run(TempTestSuite1599589933195.groovy:39)
Caused by: com.kms.katalon.core.webui.exception.WebElementNotFoundException: Web element with id: 'Object Repository/FDR-Draw/SCOBalances/inputTextBalance1' located by '(//*[@type='text'])[1]' not found
	at com.kms.katalon.core.webui.common.WebUiCommonHelper.findWebElement(WebUiCommonHelper.java:1368)
	at com.kms.katalon.core.webui.keyword.internal.WebUIAbstractKeyword.findWebElement(WebUIAbstractKeyword.groovy:27)
	at com.kms.katalon.core.webui.keyword.internal.WebUIAbstractKeyword.findWebElement(WebUIAbstractKeyword.groovy:26)
	at com.kms.katalon.core.webui.keyword.builtin.SetTextKeyword$_setText_closure1.doCall(SetTextKeyword.groovy:51)
	at com.kms.katalon.core.webui.keyword.builtin.SetTextKeyword$_setText_closure1.call(SetTextKeyword.groovy)
	at com.kms.katalon.core.webui.keyword.internal.WebUIKeywordMain.runKeyword(WebUIKeywordMain.groovy:20)
	at com.kms.katalon.core.webui.keyword.builtin.SetTextKeyword.setText(SetTextKeyword.groovy:66)
	at com.kms.katalon.core.webui.keyword.builtin.SetTextKeyword.execute(SetTextKeyword.groovy:37)
	at com.kms.katalon.core.keyword.internal.KeywordExecutor.executeKeywordForPlatform(KeywordExecutor.groovy:73)
	at com.kms.katalon.core.webui.keyword.WebUiBuiltInKeywords.setText(WebUiBuiltInKeywords.groovy:976)
	at com.kms.katalon.core.webui.keyword.WebUiBuiltInKeywords$setText$4.call(Unknown Source)
	at com.functions.Uifunctions.updateSCOBalances(Uifunctions.groovy:302)
	at com.functions.Uifunctions$updateSCOBalances$6.call(Unknown Source)
	at Script1591634907012.run(Script1591634907012.groovy:78)
	... 13 more
)
[[ATTACHMENT|C:\\fdr-automation-develop_08_25_2020\\Reports\\20200908_113210\\Draw-Integration_Suite\\20200908_113213\\1599590847757.png]]

2020-09-08 11:47:30 - [MESSAGE][INFO] - Unable to find the element located by 'By.xpath: //*[@data-id='button-link']//*[contains(text(),'Create New Voucher')]'. Please recheck the objects properties to make sure the desired element is located. 

2020-09-08 11:47:30 - [MESSAGE][WARNING] - Object 'Object Repository/FDR-Dashboard/createNewVoucherButton' is not present after 1 second(s)

2020-09-08 11:47:34 - [MESSAGE][INFO] - Unable to find the element located by 'By.xpath: (//*[@data-id='text-field'])[2]'. Please recheck the objects properties to make sure the desired element is located. 

2020-09-08 11:47:34 - [MESSAGE][FAILED] - Unable to click on object 'Object Repository/FDR-Draw/SCOBalances/updateFundBalanceInputText2' (Root cause: com.kms.katalon.core.exception.StepFailedException: Unable to click on object 'Object Repository/FDR-Draw/SCOBalances/updateFundBalanceInputText2'
	at com.kms.katalon.core.webui.keyword.internal.WebUIKeywordMain.stepFailed(WebUIKeywordMain.groovy:64)
	at com.kms.katalon.core.webui.keyword.internal.WebUIKeywordMain.runKeyword(WebUIKeywordMain.groovy:26)
	at com.kms.katalon.core.webui.keyword.builtin.ClickKeyword.click(ClickKeyword.groovy:76)
	at com.kms.katalon.core.webui.keyword.builtin.ClickKeyword.execute(ClickKeyword.groovy:43)
	at com.kms.katalon.core.keyword.internal.KeywordExecutor.executeKeywordForPlatform(KeywordExecutor.groovy:73)
	at com.kms.katalon.core.webui.keyword.WebUiBuiltInKeywords.click(WebUiBuiltInKeywords.groovy:616)
	at com.kms.katalon.core.webui.keyword.WebUiBuiltInKeywords$click$6.call(Unknown Source)
	at com.functions.Uifunctions.updateSCOBalances(Uifunctions.groovy:300)
	at com.functions.Uifunctions$updateSCOBalances$6.call(Unknown Source)
	at FDR-Update-SCO-Balances-Icons.run(FDR-Update-SCO-Balances-Icons:78)
	at com.kms.katalon.core.main.ScriptEngine.run(ScriptEngine.java:194)
	at com.kms.katalon.core.main.ScriptEngine.runScriptAsRawText(ScriptEngine.java:119)
	at com.kms.katalon.core.main.TestCaseExecutor.runScript(TestCaseExecutor.java:339)
	at com.kms.katalon.core.main.TestCaseExecutor.doExecute(TestCaseExecutor.java:330)
	at com.kms.katalon.core.main.TestCaseExecutor.processExecutionPhase(TestCaseExecutor.java:309)
	at com.kms.katalon.core.main.TestCaseExecutor.accessMainPhase(TestCaseExecutor.java:301)
	at com.kms.katalon.core.main.TestCaseExecutor.execute(TestCaseExecutor.java:235)
	at com.kms.katalon.core.main.TestSuiteExecutor.accessTestCaseMainPhase(TestSuiteExecutor.java:191)
	at com.kms.katalon.core.main.TestSuiteExecutor.accessTestSuiteMainPhase(TestSuiteExecutor.java:141)
	at com.kms.katalon.core.main.TestSuiteExecutor.execute(TestSuiteExecutor.java:90)
	at com.kms.katalon.core.main.TestCaseMain.startTestSuite(TestCaseMain.java:157)
	at com.kms.katalon.core.main.TestCaseMain$startTestSuite$0.call(Unknown Source)
	at TempTestSuite1599589933195.run(TempTestSuite1599589933195.groovy:39)
Caused by: com.kms.katalon.core.webui.exception.WebElementNotFoundException: Web element with id: 'Object Repository/FDR-Draw/SCOBalances/updateFundBalanceInputText2' located by '(//*[@data-id='text-field'])[2]' not found
	at com.kms.katalon.core.webui.common.WebUiCommonHelper.findWebElement(WebUiCommonHelper.java:1368)
	at com.kms.katalon.core.webui.keyword.internal.WebUIAbstractKeyword.findWebElement(WebUIAbstractKeyword.groovy:27)
	at com.kms.katalon.core.webui.keyword.internal.WebUIAbstractKeyword.findWebElement(WebUIAbstractKeyword.groovy:26)
	at com.kms.katalon.core.webui.keyword.builtin.ClickKeyword$_click_closure1.doCall(ClickKeyword.groovy:67)
	at com.kms.katalon.core.webui.keyword.builtin.ClickKeyword$_click_closure1.call(ClickKeyword.groovy)
	at com.kms.katalon.core.webui.keyword.internal.WebUIKeywordMain.runKeyword(WebUIKeywordMain.groovy:20)
	at com.kms.katalon.core.webui.keyword.builtin.ClickKeyword.click(ClickKeyword.groovy:76)
	at com.kms.katalon.core.webui.keyword.builtin.ClickKeyword.execute(ClickKeyword.groovy:43)
	at com.kms.katalon.core.keyword.internal.KeywordExecutor.executeKeywordForPlatform(KeywordExecutor.groovy:73)
	at com.kms.katalon.core.webui.keyword.WebUiBuiltInKeywords.click(WebUiBuiltInKeywords.groovy:616)
	at com.kms.katalon.core.webui.keyword.WebUiBuiltInKeywords$click$6.call(Unknown Source)
	at com.functions.Uifunctions.updateSCOBalances(Uifunctions.groovy:300)
	at com.functions.Uifunctions$updateSCOBalances$6.call(Unknown Source)
	at Script1591634907012.run(Script1591634907012.groovy:78)
	... 13 more
)
[[ATTACHMENT|C:\\fdr-automation-develop_08_25_2020\\Reports\\20200908_113210\\Draw-Integration_Suite\\20200908_113213\\1599590854363.png]]

2020-09-08 11:47:36 - [MESSAGE][INFO] - Unable to find the element located by 'By.xpath: //*[@data-id='button-link']//*[contains(text(),'Create New Voucher')]'. Please recheck the objects properties to make sure the desired element is located. 

2020-09-08 11:47:36 - [MESSAGE][WARNING] - Object 'Object Repository/FDR-Dashboard/createNewVoucherButton' is not present after 1 second(s)

2020-09-08 11:47:40 - [MESSAGE][INFO] - Unable to find the element located by 'By.xpath: (//*[@type='text'])[2]'. Please recheck the objects properties to make sure the desired element is located. 

2020-09-08 11:47:41 - [MESSAGE][FAILED] - Unable to set text '1000000' of object 'Object Repository/FDR-Draw/SCOBalances/inputTextBalance2' (Root cause: com.kms.katalon.core.exception.StepFailedException: Unable to set text '1000000' of object 'Object Repository/FDR-Draw/SCOBalances/inputTextBalance2'
	at com.kms.katalon.core.webui.keyword.internal.WebUIKeywordMain.stepFailed(WebUIKeywordMain.groovy:64)
	at com.kms.katalon.core.webui.keyword.internal.WebUIKeywordMain.runKeyword(WebUIKeywordMain.groovy:26)
	at com.kms.katalon.core.webui.keyword.builtin.SetTextKeyword.setText(SetTextKeyword.groovy:66)
	at com.kms.katalon.core.webui.keyword.builtin.SetTextKeyword.execute(SetTextKeyword.groovy:37)
	at com.kms.katalon.core.keyword.internal.KeywordExecutor.executeKeywordForPlatform(KeywordExecutor.groovy:73)
	at com.kms.katalon.core.webui.keyword.WebUiBuiltInKeywords.setText(WebUiBuiltInKeywords.groovy:976)
	at com.kms.katalon.core.webui.keyword.WebUiBuiltInKeywords$setText$4.call(Unknown Source)
	at com.functions.Uifunctions.updateSCOBalances(Uifunctions.groovy:302)
	at com.functions.Uifunctions$updateSCOBalances$6.call(Unknown Source)
	at FDR-Update-SCO-Balances-Icons.run(FDR-Update-SCO-Balances-Icons:78)
	at com.kms.katalon.core.main.ScriptEngine.run(ScriptEngine.java:194)
	at com.kms.katalon.core.main.ScriptEngine.runScriptAsRawText(ScriptEngine.java:119)
	at com.kms.katalon.core.main.TestCaseExecutor.runScript(TestCaseExecutor.java:339)
	at com.kms.katalon.core.main.TestCaseExecutor.doExecute(TestCaseExecutor.java:330)
	at com.kms.katalon.core.main.TestCaseExecutor.processExecutionPhase(TestCaseExecutor.java:309)
	at com.kms.katalon.core.main.TestCaseExecutor.accessMainPhase(TestCaseExecutor.java:301)
	at com.kms.katalon.core.main.TestCaseExecutor.execute(TestCaseExecutor.java:235)
	at com.kms.katalon.core.main.TestSuiteExecutor.accessTestCaseMainPhase(TestSuiteExecutor.java:191)
	at com.kms.katalon.core.main.TestSuiteExecutor.accessTestSuiteMainPhase(TestSuiteExecutor.java:141)
	at com.kms.katalon.core.main.TestSuiteExecutor.execute(TestSuiteExecutor.java:90)
	at com.kms.katalon.core.main.TestCaseMain.startTestSuite(TestCaseMain.java:157)
	at com.kms.katalon.core.main.TestCaseMain$startTestSuite$0.call(Unknown Source)
	at TempTestSuite1599589933195.run(TempTestSuite1599589933195.groovy:39)
Caused by: com.kms.katalon.core.webui.exception.WebElementNotFoundException: Web element with id: 'Object Repository/FDR-Draw/SCOBalances/inputTextBalance2' located by '(//*[@type='text'])[2]' not found
	at com.kms.katalon.core.webui.common.WebUiCommonHelper.findWebElement(WebUiCommonHelper.java:1368)
	at com.kms.katalon.core.webui.keyword.internal.WebUIAbstractKeyword.findWebElement(WebUIAbstractKeyword.groovy:27)
	at com.kms.katalon.core.webui.keyword.internal.WebUIAbstractKeyword.findWebElement(WebUIAbstractKeyword.groovy:26)
	at com.kms.katalon.core.webui.keyword.builtin.SetTextKeyword$_setText_closure1.doCall(SetTextKeyword.groovy:51)
	at com.kms.katalon.core.webui.keyword.builtin.SetTextKeyword$_setText_closure1.call(SetTextKeyword.groovy)
	at com.kms.katalon.core.webui.keyword.internal.WebUIKeywordMain.runKeyword(WebUIKeywordMain.groovy:20)
	at com.kms.katalon.core.webui.keyword.builtin.SetTextKeyword.setText(SetTextKeyword.groovy:66)
	at com.kms.katalon.core.webui.keyword.builtin.SetTextKeyword.execute(SetTextKeyword.groovy:37)
	at com.kms.katalon.core.keyword.internal.KeywordExecutor.executeKeywordForPlatform(KeywordExecutor.groovy:73)
	at com.kms.katalon.core.webui.keyword.WebUiBuiltInKeywords.setText(WebUiBuiltInKeywords.groovy:976)
	at com.kms.katalon.core.webui.keyword.WebUiBuiltInKeywords$setText$4.call(Unknown Source)
	at com.functions.Uifunctions.updateSCOBalances(Uifunctions.groovy:302)
	at com.functions.Uifunctions$updateSCOBalances$6.call(Unknown Source)
	at Script1591634907012.run(Script1591634907012.groovy:78)
	... 13 more
)
[[ATTACHMENT|C:\\fdr-automation-develop_08_25_2020\\Reports\\20200908_113210\\Draw-Integration_Suite\\20200908_113213\\1599590860989.png]]

2020-09-08 11:47:43 - [MESSAGE][INFO] - Unable to find the element located by 'By.xpath: //*[@data-id='button-link']//*[contains(text(),'Create New Voucher')]'. Please recheck the objects properties to make sure the desired element is located. 

2020-09-08 11:47:43 - [MESSAGE][WARNING] - Object 'Object Repository/FDR-Dashboard/createNewVoucherButton' is not present after 1 second(s)

2020-09-08 11:47:47 - [MESSAGE][INFO] - Unable to find the element located by 'By.xpath: (//*[@data-id='text-field'])[3]'. Please recheck the objects properties to make sure the desired element is located. 

2020-09-08 11:47:47 - [MESSAGE][FAILED] - Unable to click on object 'Object Repository/FDR-Draw/SCOBalances/updateFundBalanceInputText3' (Root cause: com.kms.katalon.core.exception.StepFailedException: Unable to click on object 'Object Repository/FDR-Draw/SCOBalances/updateFundBalanceInputText3'
	at com.kms.katalon.core.webui.keyword.internal.WebUIKeywordMain.stepFailed(WebUIKeywordMain.groovy:64)
	at com.kms.katalon.core.webui.keyword.internal.WebUIKeywordMain.runKeyword(WebUIKeywordMain.groovy:26)
	at com.kms.katalon.core.webui.keyword.builtin.ClickKeyword.click(ClickKeyword.groovy:76)
	at com.kms.katalon.core.webui.keyword.builtin.ClickKeyword.execute(ClickKeyword.groovy:43)
	at com.kms.katalon.core.keyword.internal.KeywordExecutor.executeKeywordForPlatform(KeywordExecutor.groovy:73)
	at com.kms.katalon.core.webui.keyword.WebUiBuiltInKeywords.click(WebUiBuiltInKeywords.groovy:616)
	at com.kms.katalon.core.webui.keyword.WebUiBuiltInKeywords$click$6.call(Unknown Source)
	at com.functions.Uifunctions.updateSCOBalances(Uifunctions.groovy:300)
	at com.functions.Uifunctions$updateSCOBalances$6.call(Unknown Source)
	at FDR-Update-SCO-Balances-Icons.run(FDR-Update-SCO-Balances-Icons:78)
	at com.kms.katalon.core.main.ScriptEngine.run(ScriptEngine.java:194)
	at com.kms.katalon.core.main.ScriptEngine.runScriptAsRawText(ScriptEngine.java:119)
	at com.kms.katalon.core.main.TestCaseExecutor.runScript(TestCaseExecutor.java:339)
	at com.kms.katalon.core.main.TestCaseExecutor.doExecute(TestCaseExecutor.java:330)
	at com.kms.katalon.core.main.TestCaseExecutor.processExecutionPhase(TestCaseExecutor.java:309)
	at com.kms.katalon.core.main.TestCaseExecutor.accessMainPhase(TestCaseExecutor.java:301)
	at com.kms.katalon.core.main.TestCaseExecutor.execute(TestCaseExecutor.java:235)
	at com.kms.katalon.core.main.TestSuiteExecutor.accessTestCaseMainPhase(TestSuiteExecutor.java:191)
	at com.kms.katalon.core.main.TestSuiteExecutor.accessTestSuiteMainPhase(TestSuiteExecutor.java:141)
	at com.kms.katalon.core.main.TestSuiteExecutor.execute(TestSuiteExecutor.java:90)
	at com.kms.katalon.core.main.TestCaseMain.startTestSuite(TestCaseMain.java:157)
	at com.kms.katalon.core.main.TestCaseMain$startTestSuite$0.call(Unknown Source)
	at TempTestSuite1599589933195.run(TempTestSuite1599589933195.groovy:39)
Caused by: com.kms.katalon.core.webui.exception.WebElementNotFoundException: Web element with id: 'Object Repository/FDR-Draw/SCOBalances/updateFundBalanceInputText3' located by '(//*[@data-id='text-field'])[3]' not found
	at com.kms.katalon.core.webui.common.WebUiCommonHelper.findWebElement(WebUiCommonHelper.java:1368)
	at com.kms.katalon.core.webui.keyword.internal.WebUIAbstractKeyword.findWebElement(WebUIAbstractKeyword.groovy:27)
	at com.kms.katalon.core.webui.keyword.internal.WebUIAbstractKeyword.findWebElement(WebUIAbstractKeyword.groovy:26)
	at com.kms.katalon.core.webui.keyword.builtin.ClickKeyword$_click_closure1.doCall(ClickKeyword.groovy:67)
	at com.kms.katalon.core.webui.keyword.builtin.ClickKeyword$_click_closure1.call(ClickKeyword.groovy)
	at com.kms.katalon.core.webui.keyword.internal.WebUIKeywordMain.runKeyword(WebUIKeywordMain.groovy:20)
	at com.kms.katalon.core.webui.keyword.builtin.ClickKeyword.click(ClickKeyword.groovy:76)
	at com.kms.katalon.core.webui.keyword.builtin.ClickKeyword.execute(ClickKeyword.groovy:43)
	at com.kms.katalon.core.keyword.internal.KeywordExecutor.executeKeywordForPlatform(KeywordExecutor.groovy:73)
	at com.kms.katalon.core.webui.keyword.WebUiBuiltInKeywords.click(WebUiBuiltInKeywords.groovy:616)
	at com.kms.katalon.core.webui.keyword.WebUiBuiltInKeywords$click$6.call(Unknown Source)
	at com.functions.Uifunctions.updateSCOBalances(Uifunctions.groovy:300)
	at com.functions.Uifunctions$updateSCOBalances$6.call(Unknown Source)
	at Script1591634907012.run(Script1591634907012.groovy:78)
	... 13 more
)
[[ATTACHMENT|C:\\fdr-automation-develop_08_25_2020\\Reports\\20200908_113210\\Draw-Integration_Suite\\20200908_113213\\1599590867465.png]]

2020-09-08 11:47:49 - [MESSAGE][INFO] - Unable to find the element located by 'By.xpath: //*[@data-id='button-link']//*[contains(text(),'Create New Voucher')]'. Please recheck the objects properties to make sure the desired element is located. 

2020-09-08 11:47:49 - [MESSAGE][WARNING] - Object 'Object Repository/FDR-Dashboard/createNewVoucherButton' is not present after 1 second(s)

2020-09-08 11:47:53 - [MESSAGE][INFO] - Unable to find the element located by 'By.xpath: (//*[@type='text'])[3]'. Please recheck the objects properties to make sure the desired element is located. 

2020-09-08 11:47:54 - [MESSAGE][FAILED] - Unable to set text '1000000' of object 'Object Repository/FDR-Draw/SCOBalances/inputTextBalance3' (Root cause: com.kms.katalon.core.exception.StepFailedException: Unable to set text '1000000' of object 'Object Repository/FDR-Draw/SCOBalances/inputTextBalance3'
	at com.kms.katalon.core.webui.keyword.internal.WebUIKeywordMain.stepFailed(WebUIKeywordMain.groovy:64)
	at com.kms.katalon.core.webui.keyword.internal.WebUIKeywordMain.runKeyword(WebUIKeywordMain.groovy:26)
	at com.kms.katalon.core.webui.keyword.builtin.SetTextKeyword.setText(SetTextKeyword.groovy:66)
	at com.kms.katalon.core.webui.keyword.builtin.SetTextKeyword.execute(SetTextKeyword.groovy:37)
	at com.kms.katalon.core.keyword.internal.KeywordExecutor.executeKeywordForPlatform(KeywordExecutor.groovy:73)
	at com.kms.katalon.core.webui.keyword.WebUiBuiltInKeywords.setText(WebUiBuiltInKeywords.groovy:976)
	at com.kms.katalon.core.webui.keyword.WebUiBuiltInKeywords$setText$4.call(Unknown Source)
	at com.functions.Uifunctions.updateSCOBalances(Uifunctions.groovy:302)
	at com.functions.Uifunctions$updateSCOBalances$6.call(Unknown Source)
	at FDR-Update-SCO-Balances-Icons.run(FDR-Update-SCO-Balances-Icons:78)
	at com.kms.katalon.core.main.ScriptEngine.run(ScriptEngine.java:194)
	at com.kms.katalon.core.main.ScriptEngine.runScriptAsRawText(ScriptEngine.java:119)
	at com.kms.katalon.core.main.TestCaseExecutor.runScript(TestCaseExecutor.java:339)
	at com.kms.katalon.core.main.TestCaseExecutor.doExecute(TestCaseExecutor.java:330)
	at com.kms.katalon.core.main.TestCaseExecutor.processExecutionPhase(TestCaseExecutor.java:309)
	at com.kms.katalon.core.main.TestCaseExecutor.accessMainPhase(TestCaseExecutor.java:301)
	at com.kms.katalon.core.main.TestCaseExecutor.execute(TestCaseExecutor.java:235)
	at com.kms.katalon.core.main.TestSuiteExecutor.accessTestCaseMainPhase(TestSuiteExecutor.java:191)
	at com.kms.katalon.core.main.TestSuiteExecutor.accessTestSuiteMainPhase(TestSuiteExecutor.java:141)
	at com.kms.katalon.core.main.TestSuiteExecutor.execute(TestSuiteExecutor.java:90)
	at com.kms.katalon.core.main.TestCaseMain.startTestSuite(TestCaseMain.java:157)
	at com.kms.katalon.core.main.TestCaseMain$startTestSuite$0.call(Unknown Source)
	at TempTestSuite1599589933195.run(TempTestSuite1599589933195.groovy:39)
Caused by: com.kms.katalon.core.webui.exception.WebElementNotFoundException: Web element with id: 'Object Repository/FDR-Draw/SCOBalances/inputTextBalance3' located by '(//*[@type='text'])[3]' not found
	at com.kms.katalon.core.webui.common.WebUiCommonHelper.findWebElement(WebUiCommonHelper.java:1368)
	at com.kms.katalon.core.webui.keyword.internal.WebUIAbstractKeyword.findWebElement(WebUIAbstractKeyword.groovy:27)
	at com.kms.katalon.core.webui.keyword.internal.WebUIAbstractKeyword.findWebElement(WebUIAbstractKeyword.groovy:26)
	at com.kms.katalon.core.webui.keyword.builtin.SetTextKeyword$_setText_closure1.doCall(SetTextKeyword.groovy:51)
	at com.kms.katalon.core.webui.keyword.builtin.SetTextKeyword$_setText_closure1.call(SetTextKeyword.groovy)
	at com.kms.katalon.core.webui.keyword.internal.WebUIKeywordMain.runKeyword(WebUIKeywordMain.groovy:20)
	at com.kms.katalon.core.webui.keyword.builtin.SetTextKeyword.setText(SetTextKeyword.groovy:66)
	at com.kms.katalon.core.webui.keyword.builtin.SetTextKeyword.execute(SetTextKeyword.groovy:37)
	at com.kms.katalon.core.keyword.internal.KeywordExecutor.executeKeywordForPlatform(KeywordExecutor.groovy:73)
	at com.kms.katalon.core.webui.keyword.WebUiBuiltInKeywords.setText(WebUiBuiltInKeywords.groovy:976)
	at com.kms.katalon.core.webui.keyword.WebUiBuiltInKeywords$setText$4.call(Unknown Source)
	at com.functions.Uifunctions.updateSCOBalances(Uifunctions.groovy:302)
	at com.functions.Uifunctions$updateSCOBalances$6.call(Unknown Source)
	at Script1591634907012.run(Script1591634907012.groovy:78)
	... 13 more
)
[[ATTACHMENT|C:\\fdr-automation-develop_08_25_2020\\Reports\\20200908_113210\\Draw-Integration_Suite\\20200908_113213\\1599590873807.png]]

2020-09-08 11:47:56 - [MESSAGE][INFO] - Unable to find the element located by 'By.xpath: //*[@data-id='button-link']//*[contains(text(),'Create New Voucher')]'. Please recheck the objects properties to make sure the desired element is located. 

2020-09-08 11:47:56 - [MESSAGE][WARNING] - Object 'Object Repository/FDR-Dashboard/createNewVoucherButton' is not present after 1 second(s)

2020-09-08 11:48:00 - [MESSAGE][INFO] - Unable to find the element located by 'By.xpath: (//*[@data-id='text-field'])[4]'. Please recheck the objects properties to make sure the desired element is located. 

2020-09-08 11:48:00 - [MESSAGE][FAILED] - Unable to click on object 'Object Repository/FDR-Draw/SCOBalances/updateFundBalanceInputText4' (Root cause: com.kms.katalon.core.exception.StepFailedException: Unable to click on object 'Object Repository/FDR-Draw/SCOBalances/updateFundBalanceInputText4'
	at com.kms.katalon.core.webui.keyword.internal.WebUIKeywordMain.stepFailed(WebUIKeywordMain.groovy:64)
	at com.kms.katalon.core.webui.keyword.internal.WebUIKeywordMain.runKeyword(WebUIKeywordMain.groovy:26)
	at com.kms.katalon.core.webui.keyword.builtin.ClickKeyword.click(ClickKeyword.groovy:76)
	at com.kms.katalon.core.webui.keyword.builtin.ClickKeyword.execute(ClickKeyword.groovy:43)
	at com.kms.katalon.core.keyword.internal.KeywordExecutor.executeKeywordForPlatform(KeywordExecutor.groovy:73)
	at com.kms.katalon.core.webui.keyword.WebUiBuiltInKeywords.click(WebUiBuiltInKeywords.groovy:616)
	at com.kms.katalon.core.webui.keyword.WebUiBuiltInKeywords$click$6.call(Unknown Source)
	at com.functions.Uifunctions.updateSCOBalances(Uifunctions.groovy:300)
	at com.functions.Uifunctions$updateSCOBalances$6.call(Unknown Source)
	at FDR-Update-SCO-Balances-Icons.run(FDR-Update-SCO-Balances-Icons:78)
	at com.kms.katalon.core.main.ScriptEngine.run(ScriptEngine.java:194)
	at com.kms.katalon.core.main.ScriptEngine.runScriptAsRawText(ScriptEngine.java:119)
	at com.kms.katalon.core.main.TestCaseExecutor.runScript(TestCaseExecutor.java:339)
	at com.kms.katalon.core.main.TestCaseExecutor.doExecute(TestCaseExecutor.java:330)
	at com.kms.katalon.core.main.TestCaseExecutor.processExecutionPhase(TestCaseExecutor.java:309)
	at com.kms.katalon.core.main.TestCaseExecutor.accessMainPhase(TestCaseExecutor.java:301)
	at com.kms.katalon.core.main.TestCaseExecutor.execute(TestCaseExecutor.java:235)
	at com.kms.katalon.core.main.TestSuiteExecutor.accessTestCaseMainPhase(TestSuiteExecutor.java:191)
	at com.kms.katalon.core.main.TestSuiteExecutor.accessTestSuiteMainPhase(TestSuiteExecutor.java:141)
	at com.kms.katalon.core.main.TestSuiteExecutor.execute(TestSuiteExecutor.java:90)
	at com.kms.katalon.core.main.TestCaseMain.startTestSuite(TestCaseMain.java:157)
	at com.kms.katalon.core.main.TestCaseMain$startTestSuite$0.call(Unknown Source)
	at TempTestSuite1599589933195.run(TempTestSuite1599589933195.groovy:39)
Caused by: com.kms.katalon.core.webui.exception.WebElementNotFoundException: Web element with id: 'Object Repository/FDR-Draw/SCOBalances/updateFundBalanceInputText4' located by '(//*[@data-id='text-field'])[4]' not found
	at com.kms.katalon.core.webui.common.WebUiCommonHelper.findWebElement(WebUiCommonHelper.java:1368)
	at com.kms.katalon.core.webui.keyword.internal.WebUIAbstractKeyword.findWebElement(WebUIAbstractKeyword.groovy:27)
	at com.kms.katalon.core.webui.keyword.internal.WebUIAbstractKeyword.findWebElement(WebUIAbstractKeyword.groovy:26)
	at com.kms.katalon.core.webui.keyword.builtin.ClickKeyword$_click_closure1.doCall(ClickKeyword.groovy:67)
	at com.kms.katalon.core.webui.keyword.builtin.ClickKeyword$_click_closure1.call(ClickKeyword.groovy)
	at com.kms.katalon.core.webui.keyword.internal.WebUIKeywordMain.runKeyword(WebUIKeywordMain.groovy:20)
	at com.kms.katalon.core.webui.keyword.builtin.ClickKeyword.click(ClickKeyword.groovy:76)
	at com.kms.katalon.core.webui.keyword.builtin.ClickKeyword.execute(ClickKeyword.groovy:43)
	at com.kms.katalon.core.keyword.internal.KeywordExecutor.executeKeywordForPlatform(KeywordExecutor.groovy:73)
	at com.kms.katalon.core.webui.keyword.WebUiBuiltInKeywords.click(WebUiBuiltInKeywords.groovy:616)
	at com.kms.katalon.core.webui.keyword.WebUiBuiltInKeywords$click$6.call(Unknown Source)
	at com.functions.Uifunctions.updateSCOBalances(Uifunctions.groovy:300)
	at com.functions.Uifunctions$updateSCOBalances$6.call(Unknown Source)
	at Script1591634907012.run(Script1591634907012.groovy:78)
	... 13 more
)
[[ATTACHMENT|C:\\fdr-automation-develop_08_25_2020\\Reports\\20200908_113210\\Draw-Integration_Suite\\20200908_113213\\1599590880190.png]]

2020-09-08 11:48:02 - [MESSAGE][INFO] - Unable to find the element located by 'By.xpath: //*[@data-id='button-link']//*[contains(text(),'Create New Voucher')]'. Please recheck the objects properties to make sure the desired element is located. 

2020-09-08 11:48:02 - [MESSAGE][WARNING] - Object 'Object Repository/FDR-Dashboard/createNewVoucherButton' is not present after 1 second(s)

2020-09-08 11:48:06 - [MESSAGE][INFO] - Unable to find the element located by 'By.xpath: (//*[@type='text'])[4]'. Please recheck the objects properties to make sure the desired element is located. 

2020-09-08 11:48:07 - [MESSAGE][FAILED] - Unable to set text '1000000' of object 'Object Repository/FDR-Draw/SCOBalances/inputTextBalance4' (Root cause: com.kms.katalon.core.exception.StepFailedException: Unable to set text '1000000' of object 'Object Repository/FDR-Draw/SCOBalances/inputTextBalance4'
	at com.kms.katalon.core.webui.keyword.internal.WebUIKeywordMain.stepFailed(WebUIKeywordMain.groovy:64)
	at com.kms.katalon.core.webui.keyword.internal.WebUIKeywordMain.runKeyword(WebUIKeywordMain.groovy:26)
	at com.kms.katalon.core.webui.keyword.builtin.SetTextKeyword.setText(SetTextKeyword.groovy:66)
	at com.kms.katalon.core.webui.keyword.builtin.SetTextKeyword.execute(SetTextKeyword.groovy:37)
	at com.kms.katalon.core.keyword.internal.KeywordExecutor.executeKeywordForPlatform(KeywordExecutor.groovy:73)
	at com.kms.katalon.core.webui.keyword.WebUiBuiltInKeywords.setText(WebUiBuiltInKeywords.groovy:976)
	at com.kms.katalon.core.webui.keyword.WebUiBuiltInKeywords$setText$4.call(Unknown Source)
	at com.functions.Uifunctions.updateSCOBalances(Uifunctions.groovy:302)
	at com.functions.Uifunctions$updateSCOBalances$6.call(Unknown Source)
	at FDR-Update-SCO-Balances-Icons.run(FDR-Update-SCO-Balances-Icons:78)
	at com.kms.katalon.core.main.ScriptEngine.run(ScriptEngine.java:194)
	at com.kms.katalon.core.main.ScriptEngine.runScriptAsRawText(ScriptEngine.java:119)
	at com.kms.katalon.core.main.TestCaseExecutor.runScript(TestCaseExecutor.java:339)
	at com.kms.katalon.core.main.TestCaseExecutor.doExecute(TestCaseExecutor.java:330)
	at com.kms.katalon.core.main.TestCaseExecutor.processExecutionPhase(TestCaseExecutor.java:309)
	at com.kms.katalon.core.main.TestCaseExecutor.accessMainPhase(TestCaseExecutor.java:301)
	at com.kms.katalon.core.main.TestCaseExecutor.execute(TestCaseExecutor.java:235)
	at com.kms.katalon.core.main.TestSuiteExecutor.accessTestCaseMainPhase(TestSuiteExecutor.java:191)
	at com.kms.katalon.core.main.TestSuiteExecutor.accessTestSuiteMainPhase(TestSuiteExecutor.java:141)
	at com.kms.katalon.core.main.TestSuiteExecutor.execute(TestSuiteExecutor.java:90)
	at com.kms.katalon.core.main.TestCaseMain.startTestSuite(TestCaseMain.java:157)
	at com.kms.katalon.core.main.TestCaseMain$startTestSuite$0.call(Unknown Source)
	at TempTestSuite1599589933195.run(TempTestSuite1599589933195.groovy:39)
Caused by: com.kms.katalon.core.webui.exception.WebElementNotFoundException: Web element with id: 'Object Repository/FDR-Draw/SCOBalances/inputTextBalance4' located by '(//*[@type='text'])[4]' not found
	at com.kms.katalon.core.webui.common.WebUiCommonHelper.findWebElement(WebUiCommonHelper.java:1368)
	at com.kms.katalon.core.webui.keyword.internal.WebUIAbstractKeyword.findWebElement(WebUIAbstractKeyword.groovy:27)
	at com.kms.katalon.core.webui.keyword.internal.WebUIAbstractKeyword.findWebElement(WebUIAbstractKeyword.groovy:26)
	at com.kms.katalon.core.webui.keyword.builtin.SetTextKeyword$_setText_closure1.doCall(SetTextKeyword.groovy:51)
	at com.kms.katalon.core.webui.keyword.builtin.SetTextKeyword$_setText_closure1.call(SetTextKeyword.groovy)
	at com.kms.katalon.core.webui.keyword.internal.WebUIKeywordMain.runKeyword(WebUIKeywordMain.groovy:20)
	at com.kms.katalon.core.webui.keyword.builtin.SetTextKeyword.setText(SetTextKeyword.groovy:66)
	at com.kms.katalon.core.webui.keyword.builtin.SetTextKeyword.execute(SetTextKeyword.groovy:37)
	at com.kms.katalon.core.keyword.internal.KeywordExecutor.executeKeywordForPlatform(KeywordExecutor.groovy:73)
	at com.kms.katalon.core.webui.keyword.WebUiBuiltInKeywords.setText(WebUiBuiltInKeywords.groovy:976)
	at com.kms.katalon.core.webui.keyword.WebUiBuiltInKeywords$setText$4.call(Unknown Source)
	at com.functions.Uifunctions.updateSCOBalances(Uifunctions.groovy:302)
	at com.functions.Uifunctions$updateSCOBalances$6.call(Unknown Source)
	at Script1591634907012.run(Script1591634907012.groovy:78)
	... 13 more
)
[[ATTACHMENT|C:\\fdr-automation-develop_08_25_2020\\Reports\\20200908_113210\\Draw-Integration_Suite\\20200908_113213\\1599590886946.png]]

2020-09-08 11:48:09 - [MESSAGE][INFO] - Unable to find the element located by 'By.xpath: //*[@data-id='button-link']//*[contains(text(),'Create New Voucher')]'. Please recheck the objects properties to make sure the desired element is located. 

2020-09-08 11:48:09 - [MESSAGE][WARNING] - Object 'Object Repository/FDR-Dashboard/createNewVoucherButton' is not present after 1 second(s)

2020-09-08 11:48:13 - [MESSAGE][INFO] - Unable to find the element located by 'By.xpath: (//*[@data-id='text-field'])[5]'. Please recheck the objects properties to make sure the desired element is located. 

2020-09-08 11:48:13 - [MESSAGE][FAILED] - Unable to click on object 'Object Repository/FDR-Draw/SCOBalances/updateFundBalanceInputText5' (Root cause: com.kms.katalon.core.exception.StepFailedException: Unable to click on object 'Object Repository/FDR-Draw/SCOBalances/updateFundBalanceInputText5'
	at com.kms.katalon.core.webui.keyword.internal.WebUIKeywordMain.stepFailed(WebUIKeywordMain.groovy:64)
	at com.kms.katalon.core.webui.keyword.internal.WebUIKeywordMain.runKeyword(WebUIKeywordMain.groovy:26)
	at com.kms.katalon.core.webui.keyword.builtin.ClickKeyword.click(ClickKeyword.groovy:76)
	at com.kms.katalon.core.webui.keyword.builtin.ClickKeyword.execute(ClickKeyword.groovy:43)
	at com.kms.katalon.core.keyword.internal.KeywordExecutor.executeKeywordForPlatform(KeywordExecutor.groovy:73)
	at com.kms.katalon.core.webui.keyword.WebUiBuiltInKeywords.click(WebUiBuiltInKeywords.groovy:616)
	at com.kms.katalon.core.webui.keyword.WebUiBuiltInKeywords$click$6.call(Unknown Source)
	at com.functions.Uifunctions.updateSCOBalances(Uifunctions.groovy:300)
	at com.functions.Uifunctions$updateSCOBalances$6.call(Unknown Source)
	at FDR-Update-SCO-Balances-Icons.run(FDR-Update-SCO-Balances-Icons:78)
	at com.kms.katalon.core.main.ScriptEngine.run(ScriptEngine.java:194)
	at com.kms.katalon.core.main.ScriptEngine.runScriptAsRawText(ScriptEngine.java:119)
	at com.kms.katalon.core.main.TestCaseExecutor.runScript(TestCaseExecutor.java:339)
	at com.kms.katalon.core.main.TestCaseExecutor.doExecute(TestCaseExecutor.java:330)
	at com.kms.katalon.core.main.TestCaseExecutor.processExecutionPhase(TestCaseExecutor.java:309)
	at com.kms.katalon.core.main.TestCaseExecutor.accessMainPhase(TestCaseExecutor.java:301)
	at com.kms.katalon.core.main.TestCaseExecutor.execute(TestCaseExecutor.java:235)
	at com.kms.katalon.core.main.TestSuiteExecutor.accessTestCaseMainPhase(TestSuiteExecutor.java:191)
	at com.kms.katalon.core.main.TestSuiteExecutor.accessTestSuiteMainPhase(TestSuiteExecutor.java:141)
	at com.kms.katalon.core.main.TestSuiteExecutor.execute(TestSuiteExecutor.java:90)
	at com.kms.katalon.core.main.TestCaseMain.startTestSuite(TestCaseMain.java:157)
	at com.kms.katalon.core.main.TestCaseMain$startTestSuite$0.call(Unknown Source)
	at TempTestSuite1599589933195.run(TempTestSuite1599589933195.groovy:39)
Caused by: com.kms.katalon.core.webui.exception.WebElementNotFoundException: Web element with id: 'Object Repository/FDR-Draw/SCOBalances/updateFundBalanceInputText5' located by '(//*[@data-id='text-field'])[5]' not found
	at com.kms.katalon.core.webui.common.WebUiCommonHelper.findWebElement(WebUiCommonHelper.java:1368)
	at com.kms.katalon.core.webui.keyword.internal.WebUIAbstractKeyword.findWebElement(WebUIAbstractKeyword.groovy:27)
	at com.kms.katalon.core.webui.keyword.internal.WebUIAbstractKeyword.findWebElement(WebUIAbstractKeyword.groovy:26)
	at com.kms.katalon.core.webui.keyword.builtin.ClickKeyword$_click_closure1.doCall(ClickKeyword.groovy:67)
	at com.kms.katalon.core.webui.keyword.builtin.ClickKeyword$_click_closure1.call(ClickKeyword.groovy)
	at com.kms.katalon.core.webui.keyword.internal.WebUIKeywordMain.runKeyword(WebUIKeywordMain.groovy:20)
	at com.kms.katalon.core.webui.keyword.builtin.ClickKeyword.click(ClickKeyword.groovy:76)
	at com.kms.katalon.core.webui.keyword.builtin.ClickKeyword.execute(ClickKeyword.groovy:43)
	at com.kms.katalon.core.keyword.internal.KeywordExecutor.executeKeywordForPlatform(KeywordExecutor.groovy:73)
	at com.kms.katalon.core.webui.keyword.WebUiBuiltInKeywords.click(WebUiBuiltInKeywords.groovy:616)
	at com.kms.katalon.core.webui.keyword.WebUiBuiltInKeywords$click$6.call(Unknown Source)
	at com.functions.Uifunctions.updateSCOBalances(Uifunctions.groovy:300)
	at com.functions.Uifunctions$updateSCOBalances$6.call(Unknown Source)
	at Script1591634907012.run(Script1591634907012.groovy:78)
	... 13 more
)
[[ATTACHMENT|C:\\fdr-automation-develop_08_25_2020\\Reports\\20200908_113210\\Draw-Integration_Suite\\20200908_113213\\1599590893329.png]]

2020-09-08 11:48:15 - [MESSAGE][INFO] - Unable to find the element located by 'By.xpath: //*[@data-id='button-link']//*[contains(text(),'Create New Voucher')]'. Please recheck the objects properties to make sure the desired element is located. 

2020-09-08 11:48:15 - [MESSAGE][WARNING] - Object 'Object Repository/FDR-Dashboard/createNewVoucherButton' is not present after 1 second(s)

2020-09-08 11:48:19 - [MESSAGE][INFO] - Unable to find the element located by 'By.xpath: (//*[@type='text'])[5]'. Please recheck the objects properties to make sure the desired element is located. 

2020-09-08 11:48:20 - [MESSAGE][FAILED] - Unable to set text '1000000' of object 'Object Repository/FDR-Draw/SCOBalances/inputTextBalance5' (Root cause: com.kms.katalon.core.exception.StepFailedException: Unable to set text '1000000' of object 'Object Repository/FDR-Draw/SCOBalances/inputTextBalance5'
	at com.kms.katalon.core.webui.keyword.internal.WebUIKeywordMain.stepFailed(WebUIKeywordMain.groovy:64)
	at com.kms.katalon.core.webui.keyword.internal.WebUIKeywordMain.runKeyword(WebUIKeywordMain.groovy:26)
	at com.kms.katalon.core.webui.keyword.builtin.SetTextKeyword.setText(SetTextKeyword.groovy:66)
	at com.kms.katalon.core.webui.keyword.builtin.SetTextKeyword.execute(SetTextKeyword.groovy:37)
	at com.kms.katalon.core.keyword.internal.KeywordExecutor.executeKeywordForPlatform(KeywordExecutor.groovy:73)
	at com.kms.katalon.core.webui.keyword.WebUiBuiltInKeywords.setText(WebUiBuiltInKeywords.groovy:976)
	at com.kms.katalon.core.webui.keyword.WebUiBuiltInKeywords$setText$4.call(Unknown Source)
	at com.functions.Uifunctions.updateSCOBalances(Uifunctions.groovy:302)
	at com.functions.Uifunctions$updateSCOBalances$6.call(Unknown Source)
	at FDR-Update-SCO-Balances-Icons.run(FDR-Update-SCO-Balances-Icons:78)
	at com.kms.katalon.core.main.ScriptEngine.run(ScriptEngine.java:194)
	at com.kms.katalon.core.main.ScriptEngine.runScriptAsRawText(ScriptEngine.java:119)
	at com.kms.katalon.core.main.TestCaseExecutor.runScript(TestCaseExecutor.java:339)
	at com.kms.katalon.core.main.TestCaseExecutor.doExecute(TestCaseExecutor.java:330)
	at com.kms.katalon.core.main.TestCaseExecutor.processExecutionPhase(TestCaseExecutor.java:309)
	at com.kms.katalon.core.main.TestCaseExecutor.accessMainPhase(TestCaseExecutor.java:301)
	at com.kms.katalon.core.main.TestCaseExecutor.execute(TestCaseExecutor.java:235)
	at com.kms.katalon.core.main.TestSuiteExecutor.accessTestCaseMainPhase(TestSuiteExecutor.java:191)
	at com.kms.katalon.core.main.TestSuiteExecutor.accessTestSuiteMainPhase(TestSuiteExecutor.java:141)
	at com.kms.katalon.core.main.TestSuiteExecutor.execute(TestSuiteExecutor.java:90)
	at com.kms.katalon.core.main.TestCaseMain.startTestSuite(TestCaseMain.java:157)
	at com.kms.katalon.core.main.TestCaseMain$startTestSuite$0.call(Unknown Source)
	at TempTestSuite1599589933195.run(TempTestSuite1599589933195.groovy:39)
Caused by: com.kms.katalon.core.webui.exception.WebElementNotFoundException: Web element with id: 'Object Repository/FDR-Draw/SCOBalances/inputTextBalance5' located by '(//*[@type='text'])[5]' not found
	at com.kms.katalon.core.webui.common.WebUiCommonHelper.findWebElement(WebUiCommonHelper.java:1368)
	at com.kms.katalon.core.webui.keyword.internal.WebUIAbstractKeyword.findWebElement(WebUIAbstractKeyword.groovy:27)
	at com.kms.katalon.core.webui.keyword.internal.WebUIAbstractKeyword.findWebElement(WebUIAbstractKeyword.groovy:26)
	at com.kms.katalon.core.webui.keyword.builtin.SetTextKeyword$_setText_closure1.doCall(SetTextKeyword.groovy:51)
	at com.kms.katalon.core.webui.keyword.builtin.SetTextKeyword$_setText_closure1.call(SetTextKeyword.groovy)
	at com.kms.katalon.core.webui.keyword.internal.WebUIKeywordMain.runKeyword(WebUIKeywordMain.groovy:20)
	at com.kms.katalon.core.webui.keyword.builtin.SetTextKeyword.setText(SetTextKeyword.groovy:66)
	at com.kms.katalon.core.webui.keyword.builtin.SetTextKeyword.execute(SetTextKeyword.groovy:37)
	at com.kms.katalon.core.keyword.internal.KeywordExecutor.executeKeywordForPlatform(KeywordExecutor.groovy:73)
	at com.kms.katalon.core.webui.keyword.WebUiBuiltInKeywords.setText(WebUiBuiltInKeywords.groovy:976)
	at com.kms.katalon.core.webui.keyword.WebUiBuiltInKeywords$setText$4.call(Unknown Source)
	at com.functions.Uifunctions.updateSCOBalances(Uifunctions.groovy:302)
	at com.functions.Uifunctions$updateSCOBalances$6.call(Unknown Source)
	at Script1591634907012.run(Script1591634907012.groovy:78)
	... 13 more
)
[[ATTACHMENT|C:\\fdr-automation-develop_08_25_2020\\Reports\\20200908_113210\\Draw-Integration_Suite\\20200908_113213\\1599590899768.png]]

2020-09-08 11:48:22 - [MESSAGE][INFO] - Unable to find the element located by 'By.xpath: //*[@data-id='button-link']//*[contains(text(),'Create New Voucher')]'. Please recheck the objects properties to make sure the desired element is located. 

2020-09-08 11:48:22 - [MESSAGE][WARNING] - Object 'Object Repository/FDR-Dashboard/createNewVoucherButton' is not present after 1 second(s)

2020-09-08 11:48:26 - [MESSAGE][INFO] - Unable to find the element located by 'By.xpath: (//*[@data-id='text-field'])[6]'. Please recheck the objects properties to make sure the desired element is located. 

2020-09-08 11:48:26 - [MESSAGE][FAILED] - Unable to click on object 'Object Repository/FDR-Draw/SCOBalances/updateFundBalanceInputText6' (Root cause: com.kms.katalon.core.exception.StepFailedException: Unable to click on object 'Object Repository/FDR-Draw/SCOBalances/updateFundBalanceInputText6'
	at com.kms.katalon.core.webui.keyword.internal.WebUIKeywordMain.stepFailed(WebUIKeywordMain.groovy:64)
	at com.kms.katalon.core.webui.keyword.internal.WebUIKeywordMain.runKeyword(WebUIKeywordMain.groovy:26)
	at com.kms.katalon.core.webui.keyword.builtin.ClickKeyword.click(ClickKeyword.groovy:76)
	at com.kms.katalon.core.webui.keyword.builtin.ClickKeyword.execute(ClickKeyword.groovy:43)
	at com.kms.katalon.core.keyword.internal.KeywordExecutor.executeKeywordForPlatform(KeywordExecutor.groovy:73)
	at com.kms.katalon.core.webui.keyword.WebUiBuiltInKeywords.click(WebUiBuiltInKeywords.groovy:616)
	at com.kms.katalon.core.webui.keyword.WebUiBuiltInKeywords$click$6.call(Unknown Source)
	at com.functions.Uifunctions.updateSCOBalances(Uifunctions.groovy:300)
	at com.functions.Uifunctions$updateSCOBalances$6.call(Unknown Source)
	at FDR-Update-SCO-Balances-Icons.run(FDR-Update-SCO-Balances-Icons:78)
	at com.kms.katalon.core.main.ScriptEngine.run(ScriptEngine.java:194)
	at com.kms.katalon.core.main.ScriptEngine.runScriptAsRawText(ScriptEngine.java:119)
	at com.kms.katalon.core.main.TestCaseExecutor.runScript(TestCaseExecutor.java:339)
	at com.kms.katalon.core.main.TestCaseExecutor.doExecute(TestCaseExecutor.java:330)
	at com.kms.katalon.core.main.TestCaseExecutor.processExecutionPhase(TestCaseExecutor.java:309)
	at com.kms.katalon.core.main.TestCaseExecutor.accessMainPhase(TestCaseExecutor.java:301)
	at com.kms.katalon.core.main.TestCaseExecutor.execute(TestCaseExecutor.java:235)
	at com.kms.katalon.core.main.TestSuiteExecutor.accessTestCaseMainPhase(TestSuiteExecutor.java:191)
	at com.kms.katalon.core.main.TestSuiteExecutor.accessTestSuiteMainPhase(TestSuiteExecutor.java:141)
	at com.kms.katalon.core.main.TestSuiteExecutor.execute(TestSuiteExecutor.java:90)
	at com.kms.katalon.core.main.TestCaseMain.startTestSuite(TestCaseMain.java:157)
	at com.kms.katalon.core.main.TestCaseMain$startTestSuite$0.call(Unknown Source)
	at TempTestSuite1599589933195.run(TempTestSuite1599589933195.groovy:39)
Caused by: com.kms.katalon.core.webui.exception.WebElementNotFoundException: Web element with id: 'Object Repository/FDR-Draw/SCOBalances/updateFundBalanceInputText6' located by '(//*[@data-id='text-field'])[6]' not found
	at com.kms.katalon.core.webui.common.WebUiCommonHelper.findWebElement(WebUiCommonHelper.java:1368)
	at com.kms.katalon.core.webui.keyword.internal.WebUIAbstractKeyword.findWebElement(WebUIAbstractKeyword.groovy:27)
	at com.kms.katalon.core.webui.keyword.internal.WebUIAbstractKeyword.findWebElement(WebUIAbstractKeyword.groovy:26)
	at com.kms.katalon.core.webui.keyword.builtin.ClickKeyword$_click_closure1.doCall(ClickKeyword.groovy:67)
	at com.kms.katalon.core.webui.keyword.builtin.ClickKeyword$_click_closure1.call(ClickKeyword.groovy)
	at com.kms.katalon.core.webui.keyword.internal.WebUIKeywordMain.runKeyword(WebUIKeywordMain.groovy:20)
	at com.kms.katalon.core.webui.keyword.builtin.ClickKeyword.click(ClickKeyword.groovy:76)
	at com.kms.katalon.core.webui.keyword.builtin.ClickKeyword.execute(ClickKeyword.groovy:43)
	at com.kms.katalon.core.keyword.internal.KeywordExecutor.executeKeywordForPlatform(KeywordExecutor.groovy:73)
	at com.kms.katalon.core.webui.keyword.WebUiBuiltInKeywords.click(WebUiBuiltInKeywords.groovy:616)
	at com.kms.katalon.core.webui.keyword.WebUiBuiltInKeywords$click$6.call(Unknown Source)
	at com.functions.Uifunctions.updateSCOBalances(Uifunctions.groovy:300)
	at com.functions.Uifunctions$updateSCOBalances$6.call(Unknown Source)
	at Script1591634907012.run(Script1591634907012.groovy:78)
	... 13 more
)
[[ATTACHMENT|C:\\fdr-automation-develop_08_25_2020\\Reports\\20200908_113210\\Draw-Integration_Suite\\20200908_113213\\1599590906206.png]]

2020-09-08 11:48:28 - [MESSAGE][INFO] - Unable to find the element located by 'By.xpath: //*[@data-id='button-link']//*[contains(text(),'Create New Voucher')]'. Please recheck the objects properties to make sure the desired element is located. 

2020-09-08 11:48:28 - [MESSAGE][WARNING] - Object 'Object Repository/FDR-Dashboard/createNewVoucherButton' is not present after 1 second(s)

2020-09-08 11:48:32 - [MESSAGE][INFO] - Unable to find the element located by 'By.xpath: (//*[@type='text'])[6]'. Please recheck the objects properties to make sure the desired element is located. 

2020-09-08 11:48:32 - [MESSAGE][FAILED] - Unable to set text '1000000' of object 'Object Repository/FDR-Draw/SCOBalances/inputTextBalance6' (Root cause: com.kms.katalon.core.exception.StepFailedException: Unable to set text '1000000' of object 'Object Repository/FDR-Draw/SCOBalances/inputTextBalance6'
	at com.kms.katalon.core.webui.keyword.internal.WebUIKeywordMain.stepFailed(WebUIKeywordMain.groovy:64)
	at com.kms.katalon.core.webui.keyword.internal.WebUIKeywordMain.runKeyword(WebUIKeywordMain.groovy:26)
	at com.kms.katalon.core.webui.keyword.builtin.SetTextKeyword.setText(SetTextKeyword.groovy:66)
	at com.kms.katalon.core.webui.keyword.builtin.SetTextKeyword.execute(SetTextKeyword.groovy:37)
	at com.kms.katalon.core.keyword.internal.KeywordExecutor.executeKeywordForPlatform(KeywordExecutor.groovy:73)
	at com.kms.katalon.core.webui.keyword.WebUiBuiltInKeywords.setText(WebUiBuiltInKeywords.groovy:976)
	at com.kms.katalon.core.webui.keyword.WebUiBuiltInKeywords$setText$4.call(Unknown Source)
	at com.functions.Uifunctions.updateSCOBalances(Uifunctions.groovy:302)
	at com.functions.Uifunctions$updateSCOBalances$6.call(Unknown Source)
	at FDR-Update-SCO-Balances-Icons.run(FDR-Update-SCO-Balances-Icons:78)
	at com.kms.katalon.core.main.ScriptEngine.run(ScriptEngine.java:194)
	at com.kms.katalon.core.main.ScriptEngine.runScriptAsRawText(ScriptEngine.java:119)
	at com.kms.katalon.core.main.TestCaseExecutor.runScript(TestCaseExecutor.java:339)
	at com.kms.katalon.core.main.TestCaseExecutor.doExecute(TestCaseExecutor.java:330)
	at com.kms.katalon.core.main.TestCaseExecutor.processExecutionPhase(TestCaseExecutor.java:309)
	at com.kms.katalon.core.main.TestCaseExecutor.accessMainPhase(TestCaseExecutor.java:301)
	at com.kms.katalon.core.main.TestCaseExecutor.execute(TestCaseExecutor.java:235)
	at com.kms.katalon.core.main.TestSuiteExecutor.accessTestCaseMainPhase(TestSuiteExecutor.java:191)
	at com.kms.katalon.core.main.TestSuiteExecutor.accessTestSuiteMainPhase(TestSuiteExecutor.java:141)
	at com.kms.katalon.core.main.TestSuiteExecutor.execute(TestSuiteExecutor.java:90)
	at com.kms.katalon.core.main.TestCaseMain.startTestSuite(TestCaseMain.java:157)
	at com.kms.katalon.core.main.TestCaseMain$startTestSuite$0.call(Unknown Source)
	at TempTestSuite1599589933195.run(TempTestSuite1599589933195.groovy:39)
Caused by: com.kms.katalon.core.webui.exception.WebElementNotFoundException: Web element with id: 'Object Repository/FDR-Draw/SCOBalances/inputTextBalance6' located by '(//*[@type='text'])[6]' not found
	at com.kms.katalon.core.webui.common.WebUiCommonHelper.findWebElement(WebUiCommonHelper.java:1368)
	at com.kms.katalon.core.webui.keyword.internal.WebUIAbstractKeyword.findWebElement(WebUIAbstractKeyword.groovy:27)
	at com.kms.katalon.core.webui.keyword.internal.WebUIAbstractKeyword.findWebElement(WebUIAbstractKeyword.groovy:26)
	at com.kms.katalon.core.webui.keyword.builtin.SetTextKeyword$_setText_closure1.doCall(SetTextKeyword.groovy:51)
	at com.kms.katalon.core.webui.keyword.builtin.SetTextKeyword$_setText_closure1.call(SetTextKeyword.groovy)
	at com.kms.katalon.core.webui.keyword.internal.WebUIKeywordMain.runKeyword(WebUIKeywordMain.groovy:20)
	at com.kms.katalon.core.webui.keyword.builtin.SetTextKeyword.setText(SetTextKeyword.groovy:66)
	at com.kms.katalon.core.webui.keyword.builtin.SetTextKeyword.execute(SetTextKeyword.groovy:37)
	at com.kms.katalon.core.keyword.internal.KeywordExecutor.executeKeywordForPlatform(KeywordExecutor.groovy:73)
	at com.kms.katalon.core.webui.keyword.WebUiBuiltInKeywords.setText(WebUiBuiltInKeywords.groovy:976)
	at com.kms.katalon.core.webui.keyword.WebUiBuiltInKeywords$setText$4.call(Unknown Source)
	at com.functions.Uifunctions.updateSCOBalances(Uifunctions.groovy:302)
	at com.functions.Uifunctions$updateSCOBalances$6.call(Unknown Source)
	at Script1591634907012.run(Script1591634907012.groovy:78)
	... 13 more
)
[[ATTACHMENT|C:\\fdr-automation-develop_08_25_2020\\Reports\\20200908_113210\\Draw-Integration_Suite\\20200908_113213\\1599590912652.png]]

2020-09-08 11:48:35 - [MESSAGE][INFO] - Unable to find the element located by 'By.xpath: //*[@data-id='button-link']//*[contains(text(),'Create New Voucher')]'. Please recheck the objects properties to make sure the desired element is located. 

2020-09-08 11:48:35 - [MESSAGE][WARNING] - Object 'Object Repository/FDR-Dashboard/createNewVoucherButton' is not present after 1 second(s)

2020-09-08 11:48:39 - [MESSAGE][INFO] - Unable to find the element located by 'By.xpath: (//*[@data-id='text-field'])[7]'. Please recheck the objects properties to make sure the desired element is located. 

2020-09-08 11:48:39 - [MESSAGE][FAILED] - Unable to click on object 'Object Repository/FDR-Draw/SCOBalances/updateFundBalanceInputText7' (Root cause: com.kms.katalon.core.exception.StepFailedException: Unable to click on object 'Object Repository/FDR-Draw/SCOBalances/updateFundBalanceInputText7'
	at com.kms.katalon.core.webui.keyword.internal.WebUIKeywordMain.stepFailed(WebUIKeywordMain.groovy:64)
	at com.kms.katalon.core.webui.keyword.internal.WebUIKeywordMain.runKeyword(WebUIKeywordMain.groovy:26)
	at com.kms.katalon.core.webui.keyword.builtin.ClickKeyword.click(ClickKeyword.groovy:76)
	at com.kms.katalon.core.webui.keyword.builtin.ClickKeyword.execute(ClickKeyword.groovy:43)
	at com.kms.katalon.core.keyword.internal.KeywordExecutor.executeKeywordForPlatform(KeywordExecutor.groovy:73)
	at com.kms.katalon.core.webui.keyword.WebUiBuiltInKeywords.click(WebUiBuiltInKeywords.groovy:616)
	at com.kms.katalon.core.webui.keyword.WebUiBuiltInKeywords$click$6.call(Unknown Source)
	at com.functions.Uifunctions.updateSCOBalances(Uifunctions.groovy:300)
	at com.functions.Uifunctions$updateSCOBalances$6.call(Unknown Source)
	at FDR-Update-SCO-Balances-Icons.run(FDR-Update-SCO-Balances-Icons:78)
	at com.kms.katalon.core.main.ScriptEngine.run(ScriptEngine.java:194)
	at com.kms.katalon.core.main.ScriptEngine.runScriptAsRawText(ScriptEngine.java:119)
	at com.kms.katalon.core.main.TestCaseExecutor.runScript(TestCaseExecutor.java:339)
	at com.kms.katalon.core.main.TestCaseExecutor.doExecute(TestCaseExecutor.java:330)
	at com.kms.katalon.core.main.TestCaseExecutor.processExecutionPhase(TestCaseExecutor.java:309)
	at com.kms.katalon.core.main.TestCaseExecutor.accessMainPhase(TestCaseExecutor.java:301)
	at com.kms.katalon.core.main.TestCaseExecutor.execute(TestCaseExecutor.java:235)
	at com.kms.katalon.core.main.TestSuiteExecutor.accessTestCaseMainPhase(TestSuiteExecutor.java:191)
	at com.kms.katalon.core.main.TestSuiteExecutor.accessTestSuiteMainPhase(TestSuiteExecutor.java:141)
	at com.kms.katalon.core.main.TestSuiteExecutor.execute(TestSuiteExecutor.java:90)
	at com.kms.katalon.core.main.TestCaseMain.startTestSuite(TestCaseMain.java:157)
	at com.kms.katalon.core.main.TestCaseMain$startTestSuite$0.call(Unknown Source)
	at TempTestSuite1599589933195.run(TempTestSuite1599589933195.groovy:39)
Caused by: com.kms.katalon.core.webui.exception.WebElementNotFoundException: Web element with id: 'Object Repository/FDR-Draw/SCOBalances/updateFundBalanceInputText7' located by '(//*[@data-id='text-field'])[7]' not found
	at com.kms.katalon.core.webui.common.WebUiCommonHelper.findWebElement(WebUiCommonHelper.java:1368)
	at com.kms.katalon.core.webui.keyword.internal.WebUIAbstractKeyword.findWebElement(WebUIAbstractKeyword.groovy:27)
	at com.kms.katalon.core.webui.keyword.internal.WebUIAbstractKeyword.findWebElement(WebUIAbstractKeyword.groovy:26)
	at com.kms.katalon.core.webui.keyword.builtin.ClickKeyword$_click_closure1.doCall(ClickKeyword.groovy:67)
	at com.kms.katalon.core.webui.keyword.builtin.ClickKeyword$_click_closure1.call(ClickKeyword.groovy)
	at com.kms.katalon.core.webui.keyword.internal.WebUIKeywordMain.runKeyword(WebUIKeywordMain.groovy:20)
	at com.kms.katalon.core.webui.keyword.builtin.ClickKeyword.click(ClickKeyword.groovy:76)
	at com.kms.katalon.core.webui.keyword.builtin.ClickKeyword.execute(ClickKeyword.groovy:43)
	at com.kms.katalon.core.keyword.internal.KeywordExecutor.executeKeywordForPlatform(KeywordExecutor.groovy:73)
	at com.kms.katalon.core.webui.keyword.WebUiBuiltInKeywords.click(WebUiBuiltInKeywords.groovy:616)
	at com.kms.katalon.core.webui.keyword.WebUiBuiltInKeywords$click$6.call(Unknown Source)
	at com.functions.Uifunctions.updateSCOBalances(Uifunctions.groovy:300)
	at com.functions.Uifunctions$updateSCOBalances$6.call(Unknown Source)
	at Script1591634907012.run(Script1591634907012.groovy:78)
	... 13 more
)
[[ATTACHMENT|C:\\fdr-automation-develop_08_25_2020\\Reports\\20200908_113210\\Draw-Integration_Suite\\20200908_113213\\1599590919264.png]]

2020-09-08 11:48:41 - [MESSAGE][INFO] - Unable to find the element located by 'By.xpath: //*[@data-id='button-link']//*[contains(text(),'Create New Voucher')]'. Please recheck the objects properties to make sure the desired element is located. 

2020-09-08 11:48:41 - [MESSAGE][WARNING] - Object 'Object Repository/FDR-Dashboard/createNewVoucherButton' is not present after 1 second(s)

2020-09-08 11:48:45 - [MESSAGE][INFO] - Unable to find the element located by 'By.xpath: (//*[@type='text'])[7]'. Please recheck the objects properties to make sure the desired element is located. 

2020-09-08 11:48:46 - [MESSAGE][FAILED] - Unable to set text '1000000' of object 'Object Repository/FDR-Draw/SCOBalances/inputTextBalance7' (Root cause: com.kms.katalon.core.exception.StepFailedException: Unable to set text '1000000' of object 'Object Repository/FDR-Draw/SCOBalances/inputTextBalance7'
	at com.kms.katalon.core.webui.keyword.internal.WebUIKeywordMain.stepFailed(WebUIKeywordMain.groovy:64)
	at com.kms.katalon.core.webui.keyword.internal.WebUIKeywordMain.runKeyword(WebUIKeywordMain.groovy:26)
	at com.kms.katalon.core.webui.keyword.builtin.SetTextKeyword.setText(SetTextKeyword.groovy:66)
	at com.kms.katalon.core.webui.keyword.builtin.SetTextKeyword.execute(SetTextKeyword.groovy:37)
	at com.kms.katalon.core.keyword.internal.KeywordExecutor.executeKeywordForPlatform(KeywordExecutor.groovy:73)
	at com.kms.katalon.core.webui.keyword.WebUiBuiltInKeywords.setText(WebUiBuiltInKeywords.groovy:976)
	at com.kms.katalon.core.webui.keyword.WebUiBuiltInKeywords$setText$4.call(Unknown Source)
	at com.functions.Uifunctions.updateSCOBalances(Uifunctions.groovy:302)
	at com.functions.Uifunctions$updateSCOBalances$6.call(Unknown Source)
	at FDR-Update-SCO-Balances-Icons.run(FDR-Update-SCO-Balances-Icons:78)
	at com.kms.katalon.core.main.ScriptEngine.run(ScriptEngine.java:194)
	at com.kms.katalon.core.main.ScriptEngine.runScriptAsRawText(ScriptEngine.java:119)
	at com.kms.katalon.core.main.TestCaseExecutor.runScript(TestCaseExecutor.java:339)
	at com.kms.katalon.core.main.TestCaseExecutor.doExecute(TestCaseExecutor.java:330)
	at com.kms.katalon.core.main.TestCaseExecutor.processExecutionPhase(TestCaseExecutor.java:309)
	at com.kms.katalon.core.main.TestCaseExecutor.accessMainPhase(TestCaseExecutor.java:301)
	at com.kms.katalon.core.main.TestCaseExecutor.execute(TestCaseExecutor.java:235)
	at com.kms.katalon.core.main.TestSuiteExecutor.accessTestCaseMainPhase(TestSuiteExecutor.java:191)
	at com.kms.katalon.core.main.TestSuiteExecutor.accessTestSuiteMainPhase(TestSuiteExecutor.java:141)
	at com.kms.katalon.core.main.TestSuiteExecutor.execute(TestSuiteExecutor.java:90)
	at com.kms.katalon.core.main.TestCaseMain.startTestSuite(TestCaseMain.java:157)
	at com.kms.katalon.core.main.TestCaseMain$startTestSuite$0.call(Unknown Source)
	at TempTestSuite1599589933195.run(TempTestSuite1599589933195.groovy:39)
Caused by: com.kms.katalon.core.webui.exception.WebElementNotFoundException: Web element with id: 'Object Repository/FDR-Draw/SCOBalances/inputTextBalance7' located by '(//*[@type='text'])[7]' not found
	at com.kms.katalon.core.webui.common.WebUiCommonHelper.findWebElement(WebUiCommonHelper.java:1368)
	at com.kms.katalon.core.webui.keyword.internal.WebUIAbstractKeyword.findWebElement(WebUIAbstractKeyword.groovy:27)
	at com.kms.katalon.core.webui.keyword.internal.WebUIAbstractKeyword.findWebElement(WebUIAbstractKeyword.groovy:26)
	at com.kms.katalon.core.webui.keyword.builtin.SetTextKeyword$_setText_closure1.doCall(SetTextKeyword.groovy:51)
	at com.kms.katalon.core.webui.keyword.builtin.SetTextKeyword$_setText_closure1.call(SetTextKeyword.groovy)
	at com.kms.katalon.core.webui.keyword.internal.WebUIKeywordMain.runKeyword(WebUIKeywordMain.groovy:20)
	at com.kms.katalon.core.webui.keyword.builtin.SetTextKeyword.setText(SetTextKeyword.groovy:66)
	at com.kms.katalon.core.webui.keyword.builtin.SetTextKeyword.execute(SetTextKeyword.groovy:37)
	at com.kms.katalon.core.keyword.internal.KeywordExecutor.executeKeywordForPlatform(KeywordExecutor.groovy:73)
	at com.kms.katalon.core.webui.keyword.WebUiBuiltInKeywords.setText(WebUiBuiltInKeywords.groovy:976)
	at com.kms.katalon.core.webui.keyword.WebUiBuiltInKeywords$setText$4.call(Unknown Source)
	at com.functions.Uifunctions.updateSCOBalances(Uifunctions.groovy:302)
	at com.functions.Uifunctions$updateSCOBalances$6.call(Unknown Source)
	at Script1591634907012.run(Script1591634907012.groovy:78)
	... 13 more
)
[[ATTACHMENT|C:\\fdr-automation-develop_08_25_2020\\Reports\\20200908_113210\\Draw-Integration_Suite\\20200908_113213\\1599590925870.png]]

2020-09-08 11:48:48 - [MESSAGE][INFO] - Unable to find the element located by 'By.xpath: //*[@data-id='button-link']//*[contains(text(),'Create New Voucher')]'. Please recheck the objects properties to make sure the desired element is located. 

2020-09-08 11:48:48 - [MESSAGE][WARNING] - Object 'Object Repository/FDR-Dashboard/createNewVoucherButton' is not present after 1 second(s)

2020-09-08 11:48:52 - [MESSAGE][INFO] - Unable to find the element located by 'By.xpath: (//*[@data-id='text-field'])[8]'. Please recheck the objects properties to make sure the desired element is located. 

2020-09-08 11:48:52 - [MESSAGE][FAILED] - Unable to click on object 'Object Repository/FDR-Draw/SCOBalances/updateFundBalanceInputText8' (Root cause: com.kms.katalon.core.exception.StepFailedException: Unable to click on object 'Object Repository/FDR-Draw/SCOBalances/updateFundBalanceInputText8'
	at com.kms.katalon.core.webui.keyword.internal.WebUIKeywordMain.stepFailed(WebUIKeywordMain.groovy:64)
	at com.kms.katalon.core.webui.keyword.internal.WebUIKeywordMain.runKeyword(WebUIKeywordMain.groovy:26)
	at com.kms.katalon.core.webui.keyword.builtin.ClickKeyword.click(ClickKeyword.groovy:76)
	at com.kms.katalon.core.webui.keyword.builtin.ClickKeyword.execute(ClickKeyword.groovy:43)
	at com.kms.katalon.core.keyword.internal.KeywordExecutor.executeKeywordForPlatform(KeywordExecutor.groovy:73)
	at com.kms.katalon.core.webui.keyword.WebUiBuiltInKeywords.click(WebUiBuiltInKeywords.groovy:616)
	at com.kms.katalon.core.webui.keyword.WebUiBuiltInKeywords$click$6.call(Unknown Source)
	at com.functions.Uifunctions.updateSCOBalances(Uifunctions.groovy:300)
	at com.functions.Uifunctions$updateSCOBalances$6.call(Unknown Source)
	at FDR-Update-SCO-Balances-Icons.run(FDR-Update-SCO-Balances-Icons:78)
	at com.kms.katalon.core.main.ScriptEngine.run(ScriptEngine.java:194)
	at com.kms.katalon.core.main.ScriptEngine.runScriptAsRawText(ScriptEngine.java:119)
	at com.kms.katalon.core.main.TestCaseExecutor.runScript(TestCaseExecutor.java:339)
	at com.kms.katalon.core.main.TestCaseExecutor.doExecute(TestCaseExecutor.java:330)
	at com.kms.katalon.core.main.TestCaseExecutor.processExecutionPhase(TestCaseExecutor.java:309)
	at com.kms.katalon.core.main.TestCaseExecutor.accessMainPhase(TestCaseExecutor.java:301)
	at com.kms.katalon.core.main.TestCaseExecutor.execute(TestCaseExecutor.java:235)
	at com.kms.katalon.core.main.TestSuiteExecutor.accessTestCaseMainPhase(TestSuiteExecutor.java:191)
	at com.kms.katalon.core.main.TestSuiteExecutor.accessTestSuiteMainPhase(TestSuiteExecutor.java:141)
	at com.kms.katalon.core.main.TestSuiteExecutor.execute(TestSuiteExecutor.java:90)
	at com.kms.katalon.core.main.TestCaseMain.startTestSuite(TestCaseMain.java:157)
	at com.kms.katalon.core.main.TestCaseMain$startTestSuite$0.call(Unknown Source)
	at TempTestSuite1599589933195.run(TempTestSuite1599589933195.groovy:39)
Caused by: com.kms.katalon.core.webui.exception.WebElementNotFoundException: Web element with id: 'Object Repository/FDR-Draw/SCOBalances/updateFundBalanceInputText8' located by '(//*[@data-id='text-field'])[8]' not found
	at com.kms.katalon.core.webui.common.WebUiCommonHelper.findWebElement(WebUiCommonHelper.java:1368)
	at com.kms.katalon.core.webui.keyword.internal.WebUIAbstractKeyword.findWebElement(WebUIAbstractKeyword.groovy:27)
	at com.kms.katalon.core.webui.keyword.internal.WebUIAbstractKeyword.findWebElement(WebUIAbstractKeyword.groovy:26)
	at com.kms.katalon.core.webui.keyword.builtin.ClickKeyword$_click_closure1.doCall(ClickKeyword.groovy:67)
	at com.kms.katalon.core.webui.keyword.builtin.ClickKeyword$_click_closure1.call(ClickKeyword.groovy)
	at com.kms.katalon.core.webui.keyword.internal.WebUIKeywordMain.runKeyword(WebUIKeywordMain.groovy:20)
	at com.kms.katalon.core.webui.keyword.builtin.ClickKeyword.click(ClickKeyword.groovy:76)
	at com.kms.katalon.core.webui.keyword.builtin.ClickKeyword.execute(ClickKeyword.groovy:43)
	at com.kms.katalon.core.keyword.internal.KeywordExecutor.executeKeywordForPlatform(KeywordExecutor.groovy:73)
	at com.kms.katalon.core.webui.keyword.WebUiBuiltInKeywords.click(WebUiBuiltInKeywords.groovy:616)
	at com.kms.katalon.core.webui.keyword.WebUiBuiltInKeywords$click$6.call(Unknown Source)
	at com.functions.Uifunctions.updateSCOBalances(Uifunctions.groovy:300)
	at com.functions.Uifunctions$updateSCOBalances$6.call(Unknown Source)
	at Script1591634907012.run(Script1591634907012.groovy:78)
	... 13 more
)
[[ATTACHMENT|C:\\fdr-automation-develop_08_25_2020\\Reports\\20200908_113210\\Draw-Integration_Suite\\20200908_113213\\1599590932454.png]]

2020-09-08 11:48:55 - [MESSAGE][INFO] - Unable to find the element located by 'By.xpath: //*[@data-id='button-link']//*[contains(text(),'Create New Voucher')]'. Please recheck the objects properties to make sure the desired element is located. 

2020-09-08 11:48:55 - [MESSAGE][WARNING] - Object 'Object Repository/FDR-Dashboard/createNewVoucherButton' is not present after 1 second(s)

2020-09-08 11:48:59 - [MESSAGE][INFO] - Unable to find the element located by 'By.xpath: (//*[@type='text'])[8]'. Please recheck the objects properties to make sure the desired element is located. 

2020-09-08 11:48:59 - [MESSAGE][FAILED] - Unable to set text '1000000' of object 'Object Repository/FDR-Draw/SCOBalances/inputTextBalance8' (Root cause: com.kms.katalon.core.exception.StepFailedException: Unable to set text '1000000' of object 'Object Repository/FDR-Draw/SCOBalances/inputTextBalance8'
	at com.kms.katalon.core.webui.keyword.internal.WebUIKeywordMain.stepFailed(WebUIKeywordMain.groovy:64)
	at com.kms.katalon.core.webui.keyword.internal.WebUIKeywordMain.runKeyword(WebUIKeywordMain.groovy:26)
	at com.kms.katalon.core.webui.keyword.builtin.SetTextKeyword.setText(SetTextKeyword.groovy:66)
	at com.kms.katalon.core.webui.keyword.builtin.SetTextKeyword.execute(SetTextKeyword.groovy:37)
	at com.kms.katalon.core.keyword.internal.KeywordExecutor.executeKeywordForPlatform(KeywordExecutor.groovy:73)
	at com.kms.katalon.core.webui.keyword.WebUiBuiltInKeywords.setText(WebUiBuiltInKeywords.groovy:976)
	at com.kms.katalon.core.webui.keyword.WebUiBuiltInKeywords$setText$4.call(Unknown Source)
	at com.functions.Uifunctions.updateSCOBalances(Uifunctions.groovy:302)
	at com.functions.Uifunctions$updateSCOBalances$6.call(Unknown Source)
	at FDR-Update-SCO-Balances-Icons.run(FDR-Update-SCO-Balances-Icons:78)
	at com.kms.katalon.core.main.ScriptEngine.run(ScriptEngine.java:194)
	at com.kms.katalon.core.main.ScriptEngine.runScriptAsRawText(ScriptEngine.java:119)
	at com.kms.katalon.core.main.TestCaseExecutor.runScript(TestCaseExecutor.java:339)
	at com.kms.katalon.core.main.TestCaseExecutor.doExecute(TestCaseExecutor.java:330)
	at com.kms.katalon.core.main.TestCaseExecutor.processExecutionPhase(TestCaseExecutor.java:309)
	at com.kms.katalon.core.main.TestCaseExecutor.accessMainPhase(TestCaseExecutor.java:301)
	at com.kms.katalon.core.main.TestCaseExecutor.execute(TestCaseExecutor.java:235)
	at com.kms.katalon.core.main.TestSuiteExecutor.accessTestCaseMainPhase(TestSuiteExecutor.java:191)
	at com.kms.katalon.core.main.TestSuiteExecutor.accessTestSuiteMainPhase(TestSuiteExecutor.java:141)
	at com.kms.katalon.core.main.TestSuiteExecutor.execute(TestSuiteExecutor.java:90)
	at com.kms.katalon.core.main.TestCaseMain.startTestSuite(TestCaseMain.java:157)
	at com.kms.katalon.core.main.TestCaseMain$startTestSuite$0.call(Unknown Source)
	at TempTestSuite1599589933195.run(TempTestSuite1599589933195.groovy:39)
Caused by: com.kms.katalon.core.webui.exception.WebElementNotFoundException: Web element with id: 'Object Repository/FDR-Draw/SCOBalances/inputTextBalance8' located by '(//*[@type='text'])[8]' not found
	at com.kms.katalon.core.webui.common.WebUiCommonHelper.findWebElement(WebUiCommonHelper.java:1368)
	at com.kms.katalon.core.webui.keyword.internal.WebUIAbstractKeyword.findWebElement(WebUIAbstractKeyword.groovy:27)
	at com.kms.katalon.core.webui.keyword.internal.WebUIAbstractKeyword.findWebElement(WebUIAbstractKeyword.groovy:26)
	at com.kms.katalon.core.webui.keyword.builtin.SetTextKeyword$_setText_closure1.doCall(SetTextKeyword.groovy:51)
	at com.kms.katalon.core.webui.keyword.builtin.SetTextKeyword$_setText_closure1.call(SetTextKeyword.groovy)
	at com.kms.katalon.core.webui.keyword.internal.WebUIKeywordMain.runKeyword(WebUIKeywordMain.groovy:20)
	at com.kms.katalon.core.webui.keyword.builtin.SetTextKeyword.setText(SetTextKeyword.groovy:66)
	at com.kms.katalon.core.webui.keyword.builtin.SetTextKeyword.execute(SetTextKeyword.groovy:37)
	at com.kms.katalon.core.keyword.internal.KeywordExecutor.executeKeywordForPlatform(KeywordExecutor.groovy:73)
	at com.kms.katalon.core.webui.keyword.WebUiBuiltInKeywords.setText(WebUiBuiltInKeywords.groovy:976)
	at com.kms.katalon.core.webui.keyword.WebUiBuiltInKeywords$setText$4.call(Unknown Source)
	at com.functions.Uifunctions.updateSCOBalances(Uifunctions.groovy:302)
	at com.functions.Uifunctions$updateSCOBalances$6.call(Unknown Source)
	at Script1591634907012.run(Script1591634907012.groovy:78)
	... 13 more
)
[[ATTACHMENT|C:\\fdr-automation-develop_08_25_2020\\Reports\\20200908_113210\\Draw-Integration_Suite\\20200908_113213\\1599590939112.png]]

2020-09-08 11:49:01 - [MESSAGE][INFO] - Unable to find the element located by 'By.xpath: //*[@data-id='button-link']//*[contains(text(),'Create New Voucher')]'. Please recheck the objects properties to make sure the desired element is located. 

2020-09-08 11:49:01 - [MESSAGE][WARNING] - Object 'Object Repository/FDR-Dashboard/createNewVoucherButton' is not present after 1 second(s)

2020-09-08 11:49:05 - [MESSAGE][INFO] - Unable to find the element located by 'By.xpath: (//*[@data-id='text-field'])[9]'. Please recheck the objects properties to make sure the desired element is located. 

2020-09-08 11:49:06 - [MESSAGE][FAILED] - Unable to click on object 'Object Repository/FDR-Draw/SCOBalances/updateFundBalanceInputText9' (Root cause: com.kms.katalon.core.exception.StepFailedException: Unable to click on object 'Object Repository/FDR-Draw/SCOBalances/updateFundBalanceInputText9'
	at com.kms.katalon.core.webui.keyword.internal.WebUIKeywordMain.stepFailed(WebUIKeywordMain.groovy:64)
	at com.kms.katalon.core.webui.keyword.internal.WebUIKeywordMain.runKeyword(WebUIKeywordMain.groovy:26)
	at com.kms.katalon.core.webui.keyword.builtin.ClickKeyword.click(ClickKeyword.groovy:76)
	at com.kms.katalon.core.webui.keyword.builtin.ClickKeyword.execute(ClickKeyword.groovy:43)
	at com.kms.katalon.core.keyword.internal.KeywordExecutor.executeKeywordForPlatform(KeywordExecutor.groovy:73)
	at com.kms.katalon.core.webui.keyword.WebUiBuiltInKeywords.click(WebUiBuiltInKeywords.groovy:616)
	at com.kms.katalon.core.webui.keyword.WebUiBuiltInKeywords$click$6.call(Unknown Source)
	at com.functions.Uifunctions.updateSCOBalances(Uifunctions.groovy:300)
	at com.functions.Uifunctions$updateSCOBalances$6.call(Unknown Source)
	at FDR-Update-SCO-Balances-Icons.run(FDR-Update-SCO-Balances-Icons:78)
	at com.kms.katalon.core.main.ScriptEngine.run(ScriptEngine.java:194)
	at com.kms.katalon.core.main.ScriptEngine.runScriptAsRawText(ScriptEngine.java:119)
	at com.kms.katalon.core.main.TestCaseExecutor.runScript(TestCaseExecutor.java:339)
	at com.kms.katalon.core.main.TestCaseExecutor.doExecute(TestCaseExecutor.java:330)
	at com.kms.katalon.core.main.TestCaseExecutor.processExecutionPhase(TestCaseExecutor.java:309)
	at com.kms.katalon.core.main.TestCaseExecutor.accessMainPhase(TestCaseExecutor.java:301)
	at com.kms.katalon.core.main.TestCaseExecutor.execute(TestCaseExecutor.java:235)
	at com.kms.katalon.core.main.TestSuiteExecutor.accessTestCaseMainPhase(TestSuiteExecutor.java:191)
	at com.kms.katalon.core.main.TestSuiteExecutor.accessTestSuiteMainPhase(TestSuiteExecutor.java:141)
	at com.kms.katalon.core.main.TestSuiteExecutor.execute(TestSuiteExecutor.java:90)
	at com.kms.katalon.core.main.TestCaseMain.startTestSuite(TestCaseMain.java:157)
	at com.kms.katalon.core.main.TestCaseMain$startTestSuite$0.call(Unknown Source)
	at TempTestSuite1599589933195.run(TempTestSuite1599589933195.groovy:39)
Caused by: com.kms.katalon.core.webui.exception.WebElementNotFoundException: Web element with id: 'Object Repository/FDR-Draw/SCOBalances/updateFundBalanceInputText9' located by '(//*[@data-id='text-field'])[9]' not found
	at com.kms.katalon.core.webui.common.WebUiCommonHelper.findWebElement(WebUiCommonHelper.java:1368)
	at com.kms.katalon.core.webui.keyword.internal.WebUIAbstractKeyword.findWebElement(WebUIAbstractKeyword.groovy:27)
	at com.kms.katalon.core.webui.keyword.internal.WebUIAbstractKeyword.findWebElement(WebUIAbstractKeyword.groovy:26)
	at com.kms.katalon.core.webui.keyword.builtin.ClickKeyword$_click_closure1.doCall(ClickKeyword.groovy:67)
	at com.kms.katalon.core.webui.keyword.builtin.ClickKeyword$_click_closure1.call(ClickKeyword.groovy)
	at com.kms.katalon.core.webui.keyword.internal.WebUIKeywordMain.runKeyword(WebUIKeywordMain.groovy:20)
	at com.kms.katalon.core.webui.keyword.builtin.ClickKeyword.click(ClickKeyword.groovy:76)
	at com.kms.katalon.core.webui.keyword.builtin.ClickKeyword.execute(ClickKeyword.groovy:43)
	at com.kms.katalon.core.keyword.internal.KeywordExecutor.executeKeywordForPlatform(KeywordExecutor.groovy:73)
	at com.kms.katalon.core.webui.keyword.WebUiBuiltInKeywords.click(WebUiBuiltInKeywords.groovy:616)
	at com.kms.katalon.core.webui.keyword.WebUiBuiltInKeywords$click$6.call(Unknown Source)
	at com.functions.Uifunctions.updateSCOBalances(Uifunctions.groovy:300)
	at com.functions.Uifunctions$updateSCOBalances$6.call(Unknown Source)
	at Script1591634907012.run(Script1591634907012.groovy:78)
	... 13 more
)
[[ATTACHMENT|C:\\fdr-automation-develop_08_25_2020\\Reports\\20200908_113210\\Draw-Integration_Suite\\20200908_113213\\1599590945967.png]]

2020-09-08 11:49:08 - [MESSAGE][INFO] - Unable to find the element located by 'By.xpath: //*[@data-id='button-link']//*[contains(text(),'Create New Voucher')]'. Please recheck the objects properties to make sure the desired element is located. 

2020-09-08 11:49:08 - [MESSAGE][WARNING] - Object 'Object Repository/FDR-Dashboard/createNewVoucherButton' is not present after 1 second(s)

2020-09-08 11:49:12 - [MESSAGE][INFO] - Unable to find the element located by 'By.xpath: (//*[@type='text'])[9]'. Please recheck the objects properties to make sure the desired element is located. 

2020-09-08 11:49:12 - [MESSAGE][FAILED] - Unable to set text '1000000' of object 'Object Repository/FDR-Draw/SCOBalances/inputTextBalance9' (Root cause: com.kms.katalon.core.exception.StepFailedException: Unable to set text '1000000' of object 'Object Repository/FDR-Draw/SCOBalances/inputTextBalance9'
	at com.kms.katalon.core.webui.keyword.internal.WebUIKeywordMain.stepFailed(WebUIKeywordMain.groovy:64)
	at com.kms.katalon.core.webui.keyword.internal.WebUIKeywordMain.runKeyword(WebUIKeywordMain.groovy:26)
	at com.kms.katalon.core.webui.keyword.builtin.SetTextKeyword.setText(SetTextKeyword.groovy:66)
	at com.kms.katalon.core.webui.keyword.builtin.SetTextKeyword.execute(SetTextKeyword.groovy:37)
	at com.kms.katalon.core.keyword.internal.KeywordExecutor.executeKeywordForPlatform(KeywordExecutor.groovy:73)
	at com.kms.katalon.core.webui.keyword.WebUiBuiltInKeywords.setText(WebUiBuiltInKeywords.groovy:976)
	at com.kms.katalon.core.webui.keyword.WebUiBuiltInKeywords$setText$4.call(Unknown Source)
	at com.functions.Uifunctions.updateSCOBalances(Uifunctions.groovy:302)
	at com.functions.Uifunctions$updateSCOBalances$6.call(Unknown Source)
	at FDR-Update-SCO-Balances-Icons.run(FDR-Update-SCO-Balances-Icons:78)
	at com.kms.katalon.core.main.ScriptEngine.run(ScriptEngine.java:194)
	at com.kms.katalon.core.main.ScriptEngine.runScriptAsRawText(ScriptEngine.java:119)
	at com.kms.katalon.core.main.TestCaseExecutor.runScript(TestCaseExecutor.java:339)
	at com.kms.katalon.core.main.TestCaseExecutor.doExecute(TestCaseExecutor.java:330)
	at com.kms.katalon.core.main.TestCaseExecutor.processExecutionPhase(TestCaseExecutor.java:309)
	at com.kms.katalon.core.main.TestCaseExecutor.accessMainPhase(TestCaseExecutor.java:301)
	at com.kms.katalon.core.main.TestCaseExecutor.execute(TestCaseExecutor.java:235)
	at com.kms.katalon.core.main.TestSuiteExecutor.accessTestCaseMainPhase(TestSuiteExecutor.java:191)
	at com.kms.katalon.core.main.TestSuiteExecutor.accessTestSuiteMainPhase(TestSuiteExecutor.java:141)
	at com.kms.katalon.core.main.TestSuiteExecutor.execute(TestSuiteExecutor.java:90)
	at com.kms.katalon.core.main.TestCaseMain.startTestSuite(TestCaseMain.java:157)
	at com.kms.katalon.core.main.TestCaseMain$startTestSuite$0.call(Unknown Source)
	at TempTestSuite1599589933195.run(TempTestSuite1599589933195.groovy:39)
Caused by: com.kms.katalon.core.webui.exception.WebElementNotFoundException: Web element with id: 'Object Repository/FDR-Draw/SCOBalances/inputTextBalance9' located by '(//*[@type='text'])[9]' not found
	at com.kms.katalon.core.webui.common.WebUiCommonHelper.findWebElement(WebUiCommonHelper.java:1368)
	at com.kms.katalon.core.webui.keyword.internal.WebUIAbstractKeyword.findWebElement(WebUIAbstractKeyword.groovy:27)
	at com.kms.katalon.core.webui.keyword.internal.WebUIAbstractKeyword.findWebElement(WebUIAbstractKeyword.groovy:26)
	at com.kms.katalon.core.webui.keyword.builtin.SetTextKeyword$_setText_closure1.doCall(SetTextKeyword.groovy:51)
	at com.kms.katalon.core.webui.keyword.builtin.SetTextKeyword$_setText_closure1.call(SetTextKeyword.groovy)
	at com.kms.katalon.core.webui.keyword.internal.WebUIKeywordMain.runKeyword(WebUIKeywordMain.groovy:20)
	at com.kms.katalon.core.webui.keyword.builtin.SetTextKeyword.setText(SetTextKeyword.groovy:66)
	at com.kms.katalon.core.webui.keyword.builtin.SetTextKeyword.execute(SetTextKeyword.groovy:37)
	at com.kms.katalon.core.keyword.internal.KeywordExecutor.executeKeywordForPlatform(KeywordExecutor.groovy:73)
	at com.kms.katalon.core.webui.keyword.WebUiBuiltInKeywords.setText(WebUiBuiltInKeywords.groovy:976)
	at com.kms.katalon.core.webui.keyword.WebUiBuiltInKeywords$setText$4.call(Unknown Source)
	at com.functions.Uifunctions.updateSCOBalances(Uifunctions.groovy:302)
	at com.functions.Uifunctions$updateSCOBalances$6.call(Unknown Source)
	at Script1591634907012.run(Script1591634907012.groovy:78)
	... 13 more
)
[[ATTACHMENT|C:\\fdr-automation-develop_08_25_2020\\Reports\\20200908_113210\\Draw-Integration_Suite\\20200908_113213\\1599590952563.png]]

2020-09-08 11:49:15 - [MESSAGE][INFO] - Unable to find the element located by 'By.xpath: //*[@data-id='button-link']//*[contains(text(),'Create New Voucher')]'. Please recheck the objects properties to make sure the desired element is located. 

2020-09-08 11:49:15 - [MESSAGE][WARNING] - Object 'Object Repository/FDR-Dashboard/createNewVoucherButton' is not present after 1 second(s)

2020-09-08 11:49:19 - [MESSAGE][INFO] - Unable to find the element located by 'By.xpath: (//*[@data-id='text-field'])[10]'. Please recheck the objects properties to make sure the desired element is located. 

2020-09-08 11:49:19 - [MESSAGE][FAILED] - Unable to click on object 'Object Repository/FDR-Draw/SCOBalances/updateFundBalanceInputText10' (Root cause: com.kms.katalon.core.exception.StepFailedException: Unable to click on object 'Object Repository/FDR-Draw/SCOBalances/updateFundBalanceInputText10'
	at com.kms.katalon.core.webui.keyword.internal.WebUIKeywordMain.stepFailed(WebUIKeywordMain.groovy:64)
	at com.kms.katalon.core.webui.keyword.internal.WebUIKeywordMain.runKeyword(WebUIKeywordMain.groovy:26)
	at com.kms.katalon.core.webui.keyword.builtin.ClickKeyword.click(ClickKeyword.groovy:76)
	at com.kms.katalon.core.webui.keyword.builtin.ClickKeyword.execute(ClickKeyword.groovy:43)
	at com.kms.katalon.core.keyword.internal.KeywordExecutor.executeKeywordForPlatform(KeywordExecutor.groovy:73)
	at com.kms.katalon.core.webui.keyword.WebUiBuiltInKeywords.click(WebUiBuiltInKeywords.groovy:616)
	at com.kms.katalon.core.webui.keyword.WebUiBuiltInKeywords$click$6.call(Unknown Source)
	at com.functions.Uifunctions.updateSCOBalances(Uifunctions.groovy:300)
	at com.functions.Uifunctions$updateSCOBalances$6.call(Unknown Source)
	at FDR-Update-SCO-Balances-Icons.run(FDR-Update-SCO-Balances-Icons:78)
	at com.kms.katalon.core.main.ScriptEngine.run(ScriptEngine.java:194)
	at com.kms.katalon.core.main.ScriptEngine.runScriptAsRawText(ScriptEngine.java:119)
	at com.kms.katalon.core.main.TestCaseExecutor.runScript(TestCaseExecutor.java:339)
	at com.kms.katalon.core.main.TestCaseExecutor.doExecute(TestCaseExecutor.java:330)
	at com.kms.katalon.core.main.TestCaseExecutor.processExecutionPhase(TestCaseExecutor.java:309)
	at com.kms.katalon.core.main.TestCaseExecutor.accessMainPhase(TestCaseExecutor.java:301)
	at com.kms.katalon.core.main.TestCaseExecutor.execute(TestCaseExecutor.java:235)
	at com.kms.katalon.core.main.TestSuiteExecutor.accessTestCaseMainPhase(TestSuiteExecutor.java:191)
	at com.kms.katalon.core.main.TestSuiteExecutor.accessTestSuiteMainPhase(TestSuiteExecutor.java:141)
	at com.kms.katalon.core.main.TestSuiteExecutor.execute(TestSuiteExecutor.java:90)
	at com.kms.katalon.core.main.TestCaseMain.startTestSuite(TestCaseMain.java:157)
	at com.kms.katalon.core.main.TestCaseMain$startTestSuite$0.call(Unknown Source)
	at TempTestSuite1599589933195.run(TempTestSuite1599589933195.groovy:39)
Caused by: com.kms.katalon.core.webui.exception.WebElementNotFoundException: Web element with id: 'Object Repository/FDR-Draw/SCOBalances/updateFundBalanceInputText10' located by '(//*[@data-id='text-field'])[10]' not found
	at com.kms.katalon.core.webui.common.WebUiCommonHelper.findWebElement(WebUiCommonHelper.java:1368)
	at com.kms.katalon.core.webui.keyword.internal.WebUIAbstractKeyword.findWebElement(WebUIAbstractKeyword.groovy:27)
	at com.kms.katalon.core.webui.keyword.internal.WebUIAbstractKeyword.findWebElement(WebUIAbstractKeyword.groovy:26)
	at com.kms.katalon.core.webui.keyword.builtin.ClickKeyword$_click_closure1.doCall(ClickKeyword.groovy:67)
	at com.kms.katalon.core.webui.keyword.builtin.ClickKeyword$_click_closure1.call(ClickKeyword.groovy)
	at com.kms.katalon.core.webui.keyword.internal.WebUIKeywordMain.runKeyword(WebUIKeywordMain.groovy:20)
	at com.kms.katalon.core.webui.keyword.builtin.ClickKeyword.click(ClickKeyword.groovy:76)
	at com.kms.katalon.core.webui.keyword.builtin.ClickKeyword.execute(ClickKeyword.groovy:43)
	at com.kms.katalon.core.keyword.internal.KeywordExecutor.executeKeywordForPlatform(KeywordExecutor.groovy:73)
	at com.kms.katalon.core.webui.keyword.WebUiBuiltInKeywords.click(WebUiBuiltInKeywords.groovy:616)
	at com.kms.katalon.core.webui.keyword.WebUiBuiltInKeywords$click$6.call(Unknown Source)
	at com.functions.Uifunctions.updateSCOBalances(Uifunctions.groovy:300)
	at com.functions.Uifunctions$updateSCOBalances$6.call(Unknown Source)
	at Script1591634907012.run(Script1591634907012.groovy:78)
	... 13 more
)
[[ATTACHMENT|C:\\fdr-automation-develop_08_25_2020\\Reports\\20200908_113210\\Draw-Integration_Suite\\20200908_113213\\1599590959130.png]]

2020-09-08 11:49:21 - [MESSAGE][INFO] - Unable to find the element located by 'By.xpath: //*[@data-id='button-link']//*[contains(text(),'Create New Voucher')]'. Please recheck the objects properties to make sure the desired element is located. 

2020-09-08 11:49:21 - [MESSAGE][WARNING] - Object 'Object Repository/FDR-Dashboard/createNewVoucherButton' is not present after 1 second(s)

2020-09-08 11:49:25 - [MESSAGE][INFO] - Unable to find the element located by 'By.xpath: (//*[@type='text'])[10]'. Please recheck the objects properties to make sure the desired element is located. 

2020-09-08 11:49:26 - [MESSAGE][FAILED] - Unable to set text '1000000' of object 'Object Repository/FDR-Draw/SCOBalances/inputTextBalance10' (Root cause: com.kms.katalon.core.exception.StepFailedException: Unable to set text '1000000' of object 'Object Repository/FDR-Draw/SCOBalances/inputTextBalance10'
	at com.kms.katalon.core.webui.keyword.internal.WebUIKeywordMain.stepFailed(WebUIKeywordMain.groovy:64)
	at com.kms.katalon.core.webui.keyword.internal.WebUIKeywordMain.runKeyword(WebUIKeywordMain.groovy:26)
	at com.kms.katalon.core.webui.keyword.builtin.SetTextKeyword.setText(SetTextKeyword.groovy:66)
	at com.kms.katalon.core.webui.keyword.builtin.SetTextKeyword.execute(SetTextKeyword.groovy:37)
	at com.kms.katalon.core.keyword.internal.KeywordExecutor.executeKeywordForPlatform(KeywordExecutor.groovy:73)
	at com.kms.katalon.core.webui.keyword.WebUiBuiltInKeywords.setText(WebUiBuiltInKeywords.groovy:976)
	at com.kms.katalon.core.webui.keyword.WebUiBuiltInKeywords$setText$4.call(Unknown Source)
	at com.functions.Uifunctions.updateSCOBalances(Uifunctions.groovy:302)
	at com.functions.Uifunctions$updateSCOBalances$6.call(Unknown Source)
	at FDR-Update-SCO-Balances-Icons.run(FDR-Update-SCO-Balances-Icons:78)
	at com.kms.katalon.core.main.ScriptEngine.run(ScriptEngine.java:194)
	at com.kms.katalon.core.main.ScriptEngine.runScriptAsRawText(ScriptEngine.java:119)
	at com.kms.katalon.core.main.TestCaseExecutor.runScript(TestCaseExecutor.java:339)
	at com.kms.katalon.core.main.TestCaseExecutor.doExecute(TestCaseExecutor.java:330)
	at com.kms.katalon.core.main.TestCaseExecutor.processExecutionPhase(TestCaseExecutor.java:309)
	at com.kms.katalon.core.main.TestCaseExecutor.accessMainPhase(TestCaseExecutor.java:301)
	at com.kms.katalon.core.main.TestCaseExecutor.execute(TestCaseExecutor.java:235)
	at com.kms.katalon.core.main.TestSuiteExecutor.accessTestCaseMainPhase(TestSuiteExecutor.java:191)
	at com.kms.katalon.core.main.TestSuiteExecutor.accessTestSuiteMainPhase(TestSuiteExecutor.java:141)
	at com.kms.katalon.core.main.TestSuiteExecutor.execute(TestSuiteExecutor.java:90)
	at com.kms.katalon.core.main.TestCaseMain.startTestSuite(TestCaseMain.java:157)
	at com.kms.katalon.core.main.TestCaseMain$startTestSuite$0.call(Unknown Source)
	at TempTestSuite1599589933195.run(TempTestSuite1599589933195.groovy:39)
Caused by: com.kms.katalon.core.webui.exception.WebElementNotFoundException: Web element with id: 'Object Repository/FDR-Draw/SCOBalances/inputTextBalance10' located by '(//*[@type='text'])[10]' not found
	at com.kms.katalon.core.webui.common.WebUiCommonHelper.findWebElement(WebUiCommonHelper.java:1368)
	at com.kms.katalon.core.webui.keyword.internal.WebUIAbstractKeyword.findWebElement(WebUIAbstractKeyword.groovy:27)
	at com.kms.katalon.core.webui.keyword.internal.WebUIAbstractKeyword.findWebElement(WebUIAbstractKeyword.groovy:26)
	at com.kms.katalon.core.webui.keyword.builtin.SetTextKeyword$_setText_closure1.doCall(SetTextKeyword.groovy:51)
	at com.kms.katalon.core.webui.keyword.builtin.SetTextKeyword$_setText_closure1.call(SetTextKeyword.groovy)
	at com.kms.katalon.core.webui.keyword.internal.WebUIKeywordMain.runKeyword(WebUIKeywordMain.groovy:20)
	at com.kms.katalon.core.webui.keyword.builtin.SetTextKeyword.setText(SetTextKeyword.groovy:66)
	at com.kms.katalon.core.webui.keyword.builtin.SetTextKeyword.execute(SetTextKeyword.groovy:37)
	at com.kms.katalon.core.keyword.internal.KeywordExecutor.executeKeywordForPlatform(KeywordExecutor.groovy:73)
	at com.kms.katalon.core.webui.keyword.WebUiBuiltInKeywords.setText(WebUiBuiltInKeywords.groovy:976)
	at com.kms.katalon.core.webui.keyword.WebUiBuiltInKeywords$setText$4.call(Unknown Source)
	at com.functions.Uifunctions.updateSCOBalances(Uifunctions.groovy:302)
	at com.functions.Uifunctions$updateSCOBalances$6.call(Unknown Source)
	at Script1591634907012.run(Script1591634907012.groovy:78)
	... 13 more
)
[[ATTACHMENT|C:\\fdr-automation-develop_08_25_2020\\Reports\\20200908_113210\\Draw-Integration_Suite\\20200908_113213\\1599590965796.png]]

2020-09-08 11:49:28 - [MESSAGE][INFO] - Unable to find the element located by 'By.xpath: //*[@data-id='button-link']//*[contains(text(),'Create New Voucher')]'. Please recheck the objects properties to make sure the desired element is located. 

2020-09-08 11:49:28 - [MESSAGE][WARNING] - Object 'Object Repository/FDR-Dashboard/createNewVoucherButton' is not present after 1 second(s)

2020-09-08 11:49:32 - [MESSAGE][INFO] - Unable to find the element located by 'By.xpath: (//*[@data-id='text-field'])[11]'. Please recheck the objects properties to make sure the desired element is located. 

2020-09-08 11:49:32 - [MESSAGE][FAILED] - Unable to click on object 'Object Repository/FDR-Draw/SCOBalances/updateFundBalanceInputText11' (Root cause: com.kms.katalon.core.exception.StepFailedException: Unable to click on object 'Object Repository/FDR-Draw/SCOBalances/updateFundBalanceInputText11'
	at com.kms.katalon.core.webui.keyword.internal.WebUIKeywordMain.stepFailed(WebUIKeywordMain.groovy:64)
	at com.kms.katalon.core.webui.keyword.internal.WebUIKeywordMain.runKeyword(WebUIKeywordMain.groovy:26)
	at com.kms.katalon.core.webui.keyword.builtin.ClickKeyword.click(ClickKeyword.groovy:76)
	at com.kms.katalon.core.webui.keyword.builtin.ClickKeyword.execute(ClickKeyword.groovy:43)
	at com.kms.katalon.core.keyword.internal.KeywordExecutor.executeKeywordForPlatform(KeywordExecutor.groovy:73)
	at com.kms.katalon.core.webui.keyword.WebUiBuiltInKeywords.click(WebUiBuiltInKeywords.groovy:616)
	at com.kms.katalon.core.webui.keyword.WebUiBuiltInKeywords$click$6.call(Unknown Source)
	at com.functions.Uifunctions.updateSCOBalances(Uifunctions.groovy:300)
	at com.functions.Uifunctions$updateSCOBalances$6.call(Unknown Source)
	at FDR-Update-SCO-Balances-Icons.run(FDR-Update-SCO-Balances-Icons:78)
	at com.kms.katalon.core.main.ScriptEngine.run(ScriptEngine.java:194)
	at com.kms.katalon.core.main.ScriptEngine.runScriptAsRawText(ScriptEngine.java:119)
	at com.kms.katalon.core.main.TestCaseExecutor.runScript(TestCaseExecutor.java:339)
	at com.kms.katalon.core.main.TestCaseExecutor.doExecute(TestCaseExecutor.java:330)
	at com.kms.katalon.core.main.TestCaseExecutor.processExecutionPhase(TestCaseExecutor.java:309)
	at com.kms.katalon.core.main.TestCaseExecutor.accessMainPhase(TestCaseExecutor.java:301)
	at com.kms.katalon.core.main.TestCaseExecutor.execute(TestCaseExecutor.java:235)
	at com.kms.katalon.core.main.TestSuiteExecutor.accessTestCaseMainPhase(TestSuiteExecutor.java:191)
	at com.kms.katalon.core.main.TestSuiteExecutor.accessTestSuiteMainPhase(TestSuiteExecutor.java:141)
	at com.kms.katalon.core.main.TestSuiteExecutor.execute(TestSuiteExecutor.java:90)
	at com.kms.katalon.core.main.TestCaseMain.startTestSuite(TestCaseMain.java:157)
	at com.kms.katalon.core.main.TestCaseMain$startTestSuite$0.call(Unknown Source)
	at TempTestSuite1599589933195.run(TempTestSuite1599589933195.groovy:39)
Caused by: com.kms.katalon.core.webui.exception.WebElementNotFoundException: Web element with id: 'Object Repository/FDR-Draw/SCOBalances/updateFundBalanceInputText11' located by '(//*[@data-id='text-field'])[11]' not found
	at com.kms.katalon.core.webui.common.WebUiCommonHelper.findWebElement(WebUiCommonHelper.java:1368)
	at com.kms.katalon.core.webui.keyword.internal.WebUIAbstractKeyword.findWebElement(WebUIAbstractKeyword.groovy:27)
	at com.kms.katalon.core.webui.keyword.internal.WebUIAbstractKeyword.findWebElement(WebUIAbstractKeyword.groovy:26)
	at com.kms.katalon.core.webui.keyword.builtin.ClickKeyword$_click_closure1.doCall(ClickKeyword.groovy:67)
	at com.kms.katalon.core.webui.keyword.builtin.ClickKeyword$_click_closure1.call(ClickKeyword.groovy)
	at com.kms.katalon.core.webui.keyword.internal.WebUIKeywordMain.runKeyword(WebUIKeywordMain.groovy:20)
	at com.kms.katalon.core.webui.keyword.builtin.ClickKeyword.click(ClickKeyword.groovy:76)
	at com.kms.katalon.core.webui.keyword.builtin.ClickKeyword.execute(ClickKeyword.groovy:43)
	at com.kms.katalon.core.keyword.internal.KeywordExecutor.executeKeywordForPlatform(KeywordExecutor.groovy:73)
	at com.kms.katalon.core.webui.keyword.WebUiBuiltInKeywords.click(WebUiBuiltInKeywords.groovy:616)
	at com.kms.katalon.core.webui.keyword.WebUiBuiltInKeywords$click$6.call(Unknown Source)
	at com.functions.Uifunctions.updateSCOBalances(Uifunctions.groovy:300)
	at com.functions.Uifunctions$updateSCOBalances$6.call(Unknown Source)
	at Script1591634907012.run(Script1591634907012.groovy:78)
	... 13 more
)
[[ATTACHMENT|C:\\fdr-automation-develop_08_25_2020\\Reports\\20200908_113210\\Draw-Integration_Suite\\20200908_113213\\1599590972391.png]]

2020-09-08 11:49:34 - [MESSAGE][INFO] - Unable to find the element located by 'By.xpath: //*[@data-id='button-link']//*[contains(text(),'Create New Voucher')]'. Please recheck the objects properties to make sure the desired element is located. 

2020-09-08 11:49:34 - [MESSAGE][WARNING] - Object 'Object Repository/FDR-Dashboard/createNewVoucherButton' is not present after 1 second(s)

2020-09-08 11:49:38 - [MESSAGE][INFO] - Unable to find the element located by 'By.xpath: (//*[@type='text'])[11]'. Please recheck the objects properties to make sure the desired element is located. 

2020-09-08 11:49:39 - [MESSAGE][FAILED] - Unable to set text '1000000' of object 'Object Repository/FDR-Draw/SCOBalances/inputTextBalance11' (Root cause: com.kms.katalon.core.exception.StepFailedException: Unable to set text '1000000' of object 'Object Repository/FDR-Draw/SCOBalances/inputTextBalance11'
	at com.kms.katalon.core.webui.keyword.internal.WebUIKeywordMain.stepFailed(WebUIKeywordMain.groovy:64)
	at com.kms.katalon.core.webui.keyword.internal.WebUIKeywordMain.runKeyword(WebUIKeywordMain.groovy:26)
	at com.kms.katalon.core.webui.keyword.builtin.SetTextKeyword.setText(SetTextKeyword.groovy:66)
	at com.kms.katalon.core.webui.keyword.builtin.SetTextKeyword.execute(SetTextKeyword.groovy:37)
	at com.kms.katalon.core.keyword.internal.KeywordExecutor.executeKeywordForPlatform(KeywordExecutor.groovy:73)
	at com.kms.katalon.core.webui.keyword.WebUiBuiltInKeywords.setText(WebUiBuiltInKeywords.groovy:976)
	at com.kms.katalon.core.webui.keyword.WebUiBuiltInKeywords$setText$4.call(Unknown Source)
	at com.functions.Uifunctions.updateSCOBalances(Uifunctions.groovy:302)
	at com.functions.Uifunctions$updateSCOBalances$6.call(Unknown Source)
	at FDR-Update-SCO-Balances-Icons.run(FDR-Update-SCO-Balances-Icons:78)
	at com.kms.katalon.core.main.ScriptEngine.run(ScriptEngine.java:194)
	at com.kms.katalon.core.main.ScriptEngine.runScriptAsRawText(ScriptEngine.java:119)
	at com.kms.katalon.core.main.TestCaseExecutor.runScript(TestCaseExecutor.java:339)
	at com.kms.katalon.core.main.TestCaseExecutor.doExecute(TestCaseExecutor.java:330)
	at com.kms.katalon.core.main.TestCaseExecutor.processExecutionPhase(TestCaseExecutor.java:309)
	at com.kms.katalon.core.main.TestCaseExecutor.accessMainPhase(TestCaseExecutor.java:301)
	at com.kms.katalon.core.main.TestCaseExecutor.execute(TestCaseExecutor.java:235)
	at com.kms.katalon.core.main.TestSuiteExecutor.accessTestCaseMainPhase(TestSuiteExecutor.java:191)
	at com.kms.katalon.core.main.TestSuiteExecutor.accessTestSuiteMainPhase(TestSuiteExecutor.java:141)
	at com.kms.katalon.core.main.TestSuiteExecutor.execute(TestSuiteExecutor.java:90)
	at com.kms.katalon.core.main.TestCaseMain.startTestSuite(TestCaseMain.java:157)
	at com.kms.katalon.core.main.TestCaseMain$startTestSuite$0.call(Unknown Source)
	at TempTestSuite1599589933195.run(TempTestSuite1599589933195.groovy:39)
Caused by: com.kms.katalon.core.webui.exception.WebElementNotFoundException: Web element with id: 'Object Repository/FDR-Draw/SCOBalances/inputTextBalance11' located by '(//*[@type='text'])[11]' not found
	at com.kms.katalon.core.webui.common.WebUiCommonHelper.findWebElement(WebUiCommonHelper.java:1368)
	at com.kms.katalon.core.webui.keyword.internal.WebUIAbstractKeyword.findWebElement(WebUIAbstractKeyword.groovy:27)
	at com.kms.katalon.core.webui.keyword.internal.WebUIAbstractKeyword.findWebElement(WebUIAbstractKeyword.groovy:26)
	at com.kms.katalon.core.webui.keyword.builtin.SetTextKeyword$_setText_closure1.doCall(SetTextKeyword.groovy:51)
	at com.kms.katalon.core.webui.keyword.builtin.SetTextKeyword$_setText_closure1.call(SetTextKeyword.groovy)
	at com.kms.katalon.core.webui.keyword.internal.WebUIKeywordMain.runKeyword(WebUIKeywordMain.groovy:20)
	at com.kms.katalon.core.webui.keyword.builtin.SetTextKeyword.setText(SetTextKeyword.groovy:66)
	at com.kms.katalon.core.webui.keyword.builtin.SetTextKeyword.execute(SetTextKeyword.groovy:37)
	at com.kms.katalon.core.keyword.internal.KeywordExecutor.executeKeywordForPlatform(KeywordExecutor.groovy:73)
	at com.kms.katalon.core.webui.keyword.WebUiBuiltInKeywords.setText(WebUiBuiltInKeywords.groovy:976)
	at com.kms.katalon.core.webui.keyword.WebUiBuiltInKeywords$setText$4.call(Unknown Source)
	at com.functions.Uifunctions.updateSCOBalances(Uifunctions.groovy:302)
	at com.functions.Uifunctions$updateSCOBalances$6.call(Unknown Source)
	at Script1591634907012.run(Script1591634907012.groovy:78)
	... 13 more
)
[[ATTACHMENT|C:\\fdr-automation-develop_08_25_2020\\Reports\\20200908_113210\\Draw-Integration_Suite\\20200908_113213\\1599590978829.png]]

2020-09-08 11:49:41 - [MESSAGE][INFO] - Unable to find the element located by 'By.xpath: //*[@data-id='button-link']//*[contains(text(),'Create New Voucher')]'. Please recheck the objects properties to make sure the desired element is located. 

2020-09-08 11:49:41 - [MESSAGE][WARNING] - Object 'Object Repository/FDR-Dashboard/createNewVoucherButton' is not present after 1 second(s)

2020-09-08 11:49:45 - [MESSAGE][INFO] - Unable to find the element located by 'By.xpath: (//*[@data-id='text-field'])[12]'. Please recheck the objects properties to make sure the desired element is located. 

2020-09-08 11:49:45 - [MESSAGE][FAILED] - Unable to click on object 'Object Repository/FDR-Draw/SCOBalances/updateFundBalanceInputText12' (Root cause: com.kms.katalon.core.exception.StepFailedException: Unable to click on object 'Object Repository/FDR-Draw/SCOBalances/updateFundBalanceInputText12'
	at com.kms.katalon.core.webui.keyword.internal.WebUIKeywordMain.stepFailed(WebUIKeywordMain.groovy:64)
	at com.kms.katalon.core.webui.keyword.internal.WebUIKeywordMain.runKeyword(WebUIKeywordMain.groovy:26)
	at com.kms.katalon.core.webui.keyword.builtin.ClickKeyword.click(ClickKeyword.groovy:76)
	at com.kms.katalon.core.webui.keyword.builtin.ClickKeyword.execute(ClickKeyword.groovy:43)
	at com.kms.katalon.core.keyword.internal.KeywordExecutor.executeKeywordForPlatform(KeywordExecutor.groovy:73)
	at com.kms.katalon.core.webui.keyword.WebUiBuiltInKeywords.click(WebUiBuiltInKeywords.groovy:616)
	at com.kms.katalon.core.webui.keyword.WebUiBuiltInKeywords$click$6.call(Unknown Source)
	at com.functions.Uifunctions.updateSCOBalances(Uifunctions.groovy:300)
	at com.functions.Uifunctions$updateSCOBalances$6.call(Unknown Source)
	at FDR-Update-SCO-Balances-Icons.run(FDR-Update-SCO-Balances-Icons:78)
	at com.kms.katalon.core.main.ScriptEngine.run(ScriptEngine.java:194)
	at com.kms.katalon.core.main.ScriptEngine.runScriptAsRawText(ScriptEngine.java:119)
	at com.kms.katalon.core.main.TestCaseExecutor.runScript(TestCaseExecutor.java:339)
	at com.kms.katalon.core.main.TestCaseExecutor.doExecute(TestCaseExecutor.java:330)
	at com.kms.katalon.core.main.TestCaseExecutor.processExecutionPhase(TestCaseExecutor.java:309)
	at com.kms.katalon.core.main.TestCaseExecutor.accessMainPhase(TestCaseExecutor.java:301)
	at com.kms.katalon.core.main.TestCaseExecutor.execute(TestCaseExecutor.java:235)
	at com.kms.katalon.core.main.TestSuiteExecutor.accessTestCaseMainPhase(TestSuiteExecutor.java:191)
	at com.kms.katalon.core.main.TestSuiteExecutor.accessTestSuiteMainPhase(TestSuiteExecutor.java:141)
	at com.kms.katalon.core.main.TestSuiteExecutor.execute(TestSuiteExecutor.java:90)
	at com.kms.katalon.core.main.TestCaseMain.startTestSuite(TestCaseMain.java:157)
	at com.kms.katalon.core.main.TestCaseMain$startTestSuite$0.call(Unknown Source)
	at TempTestSuite1599589933195.run(TempTestSuite1599589933195.groovy:39)
Caused by: com.kms.katalon.core.webui.exception.WebElementNotFoundException: Web element with id: 'Object Repository/FDR-Draw/SCOBalances/updateFundBalanceInputText12' located by '(//*[@data-id='text-field'])[12]' not found
	at com.kms.katalon.core.webui.common.WebUiCommonHelper.findWebElement(WebUiCommonHelper.java:1368)
	at com.kms.katalon.core.webui.keyword.internal.WebUIAbstractKeyword.findWebElement(WebUIAbstractKeyword.groovy:27)
	at com.kms.katalon.core.webui.keyword.internal.WebUIAbstractKeyword.findWebElement(WebUIAbstractKeyword.groovy:26)
	at com.kms.katalon.core.webui.keyword.builtin.ClickKeyword$_click_closure1.doCall(ClickKeyword.groovy:67)
	at com.kms.katalon.core.webui.keyword.builtin.ClickKeyword$_click_closure1.call(ClickKeyword.groovy)
	at com.kms.katalon.core.webui.keyword.internal.WebUIKeywordMain.runKeyword(WebUIKeywordMain.groovy:20)
	at com.kms.katalon.core.webui.keyword.builtin.ClickKeyword.click(ClickKeyword.groovy:76)
	at com.kms.katalon.core.webui.keyword.builtin.ClickKeyword.execute(ClickKeyword.groovy:43)
	at com.kms.katalon.core.keyword.internal.KeywordExecutor.executeKeywordForPlatform(KeywordExecutor.groovy:73)
	at com.kms.katalon.core.webui.keyword.WebUiBuiltInKeywords.click(WebUiBuiltInKeywords.groovy:616)
	at com.kms.katalon.core.webui.keyword.WebUiBuiltInKeywords$click$6.call(Unknown Source)
	at com.functions.Uifunctions.updateSCOBalances(Uifunctions.groovy:300)
	at com.functions.Uifunctions$updateSCOBalances$6.call(Unknown Source)
	at Script1591634907012.run(Script1591634907012.groovy:78)
	... 13 more
)
[[ATTACHMENT|C:\\fdr-automation-develop_08_25_2020\\Reports\\20200908_113210\\Draw-Integration_Suite\\20200908_113213\\1599590985601.png]]

2020-09-08 11:49:48 - [MESSAGE][INFO] - Unable to find the element located by 'By.xpath: //*[@data-id='button-link']//*[contains(text(),'Create New Voucher')]'. Please recheck the objects properties to make sure the desired element is located. 

2020-09-08 11:49:48 - [MESSAGE][WARNING] - Object 'Object Repository/FDR-Dashboard/createNewVoucherButton' is not present after 1 second(s)

2020-09-08 11:49:52 - [MESSAGE][INFO] - Unable to find the element located by 'By.xpath: (//*[@type='text'])[12]'. Please recheck the objects properties to make sure the desired element is located. 

2020-09-08 11:49:52 - [MESSAGE][FAILED] - Unable to set text '1000000' of object 'Object Repository/FDR-Draw/SCOBalances/inputTextBalance12' (Root cause: com.kms.katalon.core.exception.StepFailedException: Unable to set text '1000000' of object 'Object Repository/FDR-Draw/SCOBalances/inputTextBalance12'
	at com.kms.katalon.core.webui.keyword.internal.WebUIKeywordMain.stepFailed(WebUIKeywordMain.groovy:64)
	at com.kms.katalon.core.webui.keyword.internal.WebUIKeywordMain.runKeyword(WebUIKeywordMain.groovy:26)
	at com.kms.katalon.core.webui.keyword.builtin.SetTextKeyword.setText(SetTextKeyword.groovy:66)
	at com.kms.katalon.core.webui.keyword.builtin.SetTextKeyword.execute(SetTextKeyword.groovy:37)
	at com.kms.katalon.core.keyword.internal.KeywordExecutor.executeKeywordForPlatform(KeywordExecutor.groovy:73)
	at com.kms.katalon.core.webui.keyword.WebUiBuiltInKeywords.setText(WebUiBuiltInKeywords.groovy:976)
	at com.kms.katalon.core.webui.keyword.WebUiBuiltInKeywords$setText$4.call(Unknown Source)
	at com.functions.Uifunctions.updateSCOBalances(Uifunctions.groovy:302)
	at com.functions.Uifunctions$updateSCOBalances$6.call(Unknown Source)
	at FDR-Update-SCO-Balances-Icons.run(FDR-Update-SCO-Balances-Icons:78)
	at com.kms.katalon.core.main.ScriptEngine.run(ScriptEngine.java:194)
	at com.kms.katalon.core.main.ScriptEngine.runScriptAsRawText(ScriptEngine.java:119)
	at com.kms.katalon.core.main.TestCaseExecutor.runScript(TestCaseExecutor.java:339)
	at com.kms.katalon.core.main.TestCaseExecutor.doExecute(TestCaseExecutor.java:330)
	at com.kms.katalon.core.main.TestCaseExecutor.processExecutionPhase(TestCaseExecutor.java:309)
	at com.kms.katalon.core.main.TestCaseExecutor.accessMainPhase(TestCaseExecutor.java:301)
	at com.kms.katalon.core.main.TestCaseExecutor.execute(TestCaseExecutor.java:235)
	at com.kms.katalon.core.main.TestSuiteExecutor.accessTestCaseMainPhase(TestSuiteExecutor.java:191)
	at com.kms.katalon.core.main.TestSuiteExecutor.accessTestSuiteMainPhase(TestSuiteExecutor.java:141)
	at com.kms.katalon.core.main.TestSuiteExecutor.execute(TestSuiteExecutor.java:90)
	at com.kms.katalon.core.main.TestCaseMain.startTestSuite(TestCaseMain.java:157)
	at com.kms.katalon.core.main.TestCaseMain$startTestSuite$0.call(Unknown Source)
	at TempTestSuite1599589933195.run(TempTestSuite1599589933195.groovy:39)
Caused by: com.kms.katalon.core.webui.exception.WebElementNotFoundException: Web element with id: 'Object Repository/FDR-Draw/SCOBalances/inputTextBalance12' located by '(//*[@type='text'])[12]' not found
	at com.kms.katalon.core.webui.common.WebUiCommonHelper.findWebElement(WebUiCommonHelper.java:1368)
	at com.kms.katalon.core.webui.keyword.internal.WebUIAbstractKeyword.findWebElement(WebUIAbstractKeyword.groovy:27)
	at com.kms.katalon.core.webui.keyword.internal.WebUIAbstractKeyword.findWebElement(WebUIAbstractKeyword.groovy:26)
	at com.kms.katalon.core.webui.keyword.builtin.SetTextKeyword$_setText_closure1.doCall(SetTextKeyword.groovy:51)
	at com.kms.katalon.core.webui.keyword.builtin.SetTextKeyword$_setText_closure1.call(SetTextKeyword.groovy)
	at com.kms.katalon.core.webui.keyword.internal.WebUIKeywordMain.runKeyword(WebUIKeywordMain.groovy:20)
	at com.kms.katalon.core.webui.keyword.builtin.SetTextKeyword.setText(SetTextKeyword.groovy:66)
	at com.kms.katalon.core.webui.keyword.builtin.SetTextKeyword.execute(SetTextKeyword.groovy:37)
	at com.kms.katalon.core.keyword.internal.KeywordExecutor.executeKeywordForPlatform(KeywordExecutor.groovy:73)
	at com.kms.katalon.core.webui.keyword.WebUiBuiltInKeywords.setText(WebUiBuiltInKeywords.groovy:976)
	at com.kms.katalon.core.webui.keyword.WebUiBuiltInKeywords$setText$4.call(Unknown Source)
	at com.functions.Uifunctions.updateSCOBalances(Uifunctions.groovy:302)
	at com.functions.Uifunctions$updateSCOBalances$6.call(Unknown Source)
	at Script1591634907012.run(Script1591634907012.groovy:78)
	... 13 more
)
[[ATTACHMENT|C:\\fdr-automation-develop_08_25_2020\\Reports\\20200908_113210\\Draw-Integration_Suite\\20200908_113213\\1599590992392.png]]

2020-09-08 11:49:54 - [MESSAGE][INFO] - Unable to find the element located by 'By.xpath: //*[@data-id='button-link']//*[contains(text(),'Create New Voucher')]'. Please recheck the objects properties to make sure the desired element is located. 

2020-09-08 11:49:54 - [MESSAGE][WARNING] - Object 'Object Repository/FDR-Dashboard/createNewVoucherButton' is not present after 1 second(s)

2020-09-08 11:49:58 - [MESSAGE][INFO] - Unable to find the element located by 'By.xpath: (//*[@data-id='text-field'])[13]'. Please recheck the objects properties to make sure the desired element is located. 

2020-09-08 11:49:59 - [MESSAGE][FAILED] - Unable to click on object 'Object Repository/FDR-Draw/SCOBalances/updateFundBalanceInputText13' (Root cause: com.kms.katalon.core.exception.StepFailedException: Unable to click on object 'Object Repository/FDR-Draw/SCOBalances/updateFundBalanceInputText13'
	at com.kms.katalon.core.webui.keyword.internal.WebUIKeywordMain.stepFailed(WebUIKeywordMain.groovy:64)
	at com.kms.katalon.core.webui.keyword.internal.WebUIKeywordMain.runKeyword(WebUIKeywordMain.groovy:26)
	at com.kms.katalon.core.webui.keyword.builtin.ClickKeyword.click(ClickKeyword.groovy:76)
	at com.kms.katalon.core.webui.keyword.builtin.ClickKeyword.execute(ClickKeyword.groovy:43)
	at com.kms.katalon.core.keyword.internal.KeywordExecutor.executeKeywordForPlatform(KeywordExecutor.groovy:73)
	at com.kms.katalon.core.webui.keyword.WebUiBuiltInKeywords.click(WebUiBuiltInKeywords.groovy:616)
	at com.kms.katalon.core.webui.keyword.WebUiBuiltInKeywords$click$6.call(Unknown Source)
	at com.functions.Uifunctions.updateSCOBalances(Uifunctions.groovy:300)
	at com.functions.Uifunctions$updateSCOBalances$6.call(Unknown Source)
	at FDR-Update-SCO-Balances-Icons.run(FDR-Update-SCO-Balances-Icons:78)
	at com.kms.katalon.core.main.ScriptEngine.run(ScriptEngine.java:194)
	at com.kms.katalon.core.main.ScriptEngine.runScriptAsRawText(ScriptEngine.java:119)
	at com.kms.katalon.core.main.TestCaseExecutor.runScript(TestCaseExecutor.java:339)
	at com.kms.katalon.core.main.TestCaseExecutor.doExecute(TestCaseExecutor.java:330)
	at com.kms.katalon.core.main.TestCaseExecutor.processExecutionPhase(TestCaseExecutor.java:309)
	at com.kms.katalon.core.main.TestCaseExecutor.accessMainPhase(TestCaseExecutor.java:301)
	at com.kms.katalon.core.main.TestCaseExecutor.execute(TestCaseExecutor.java:235)
	at com.kms.katalon.core.main.TestSuiteExecutor.accessTestCaseMainPhase(TestSuiteExecutor.java:191)
	at com.kms.katalon.core.main.TestSuiteExecutor.accessTestSuiteMainPhase(TestSuiteExecutor.java:141)
	at com.kms.katalon.core.main.TestSuiteExecutor.execute(TestSuiteExecutor.java:90)
	at com.kms.katalon.core.main.TestCaseMain.startTestSuite(TestCaseMain.java:157)
	at com.kms.katalon.core.main.TestCaseMain$startTestSuite$0.call(Unknown Source)
	at TempTestSuite1599589933195.run(TempTestSuite1599589933195.groovy:39)
Caused by: com.kms.katalon.core.webui.exception.WebElementNotFoundException: Web element with id: 'Object Repository/FDR-Draw/SCOBalances/updateFundBalanceInputText13' located by '(//*[@data-id='text-field'])[13]' not found
	at com.kms.katalon.core.webui.common.WebUiCommonHelper.findWebElement(WebUiCommonHelper.java:1368)
	at com.kms.katalon.core.webui.keyword.internal.WebUIAbstractKeyword.findWebElement(WebUIAbstractKeyword.groovy:27)
	at com.kms.katalon.core.webui.keyword.internal.WebUIAbstractKeyword.findWebElement(WebUIAbstractKeyword.groovy:26)
	at com.kms.katalon.core.webui.keyword.builtin.ClickKeyword$_click_closure1.doCall(ClickKeyword.groovy:67)
	at com.kms.katalon.core.webui.keyword.builtin.ClickKeyword$_click_closure1.call(ClickKeyword.groovy)
	at com.kms.katalon.core.webui.keyword.internal.WebUIKeywordMain.runKeyword(WebUIKeywordMain.groovy:20)
	at com.kms.katalon.core.webui.keyword.builtin.ClickKeyword.click(ClickKeyword.groovy:76)
	at com.kms.katalon.core.webui.keyword.builtin.ClickKeyword.execute(ClickKeyword.groovy:43)
	at com.kms.katalon.core.keyword.internal.KeywordExecutor.executeKeywordForPlatform(KeywordExecutor.groovy:73)
	at com.kms.katalon.core.webui.keyword.WebUiBuiltInKeywords.click(WebUiBuiltInKeywords.groovy:616)
	at com.kms.katalon.core.webui.keyword.WebUiBuiltInKeywords$click$6.call(Unknown Source)
	at com.functions.Uifunctions.updateSCOBalances(Uifunctions.groovy:300)
	at com.functions.Uifunctions$updateSCOBalances$6.call(Unknown Source)
	at Script1591634907012.run(Script1591634907012.groovy:78)
	... 13 more
)
[[ATTACHMENT|C:\\fdr-automation-develop_08_25_2020\\Reports\\20200908_113210\\Draw-Integration_Suite\\20200908_113213\\1599590998976.png]]

2020-09-08 11:50:01 - [MESSAGE][INFO] - Unable to find the element located by 'By.xpath: //*[@data-id='button-link']//*[contains(text(),'Create New Voucher')]'. Please recheck the objects properties to make sure the desired element is located. 

2020-09-08 11:50:01 - [MESSAGE][WARNING] - Object 'Object Repository/FDR-Dashboard/createNewVoucherButton' is not present after 1 second(s)

2020-09-08 11:50:05 - [MESSAGE][INFO] - Unable to find the element located by 'By.xpath: (//*[@type='text'])[13]'. Please recheck the objects properties to make sure the desired element is located. 

2020-09-08 11:50:06 - [MESSAGE][FAILED] - Unable to set text '1000000' of object 'Object Repository/FDR-Draw/SCOBalances/inputTextBalance13' (Root cause: com.kms.katalon.core.exception.StepFailedException: Unable to set text '1000000' of object 'Object Repository/FDR-Draw/SCOBalances/inputTextBalance13'
	at com.kms.katalon.core.webui.keyword.internal.WebUIKeywordMain.stepFailed(WebUIKeywordMain.groovy:64)
	at com.kms.katalon.core.webui.keyword.internal.WebUIKeywordMain.runKeyword(WebUIKeywordMain.groovy:26)
	at com.kms.katalon.core.webui.keyword.builtin.SetTextKeyword.setText(SetTextKeyword.groovy:66)
	at com.kms.katalon.core.webui.keyword.builtin.SetTextKeyword.execute(SetTextKeyword.groovy:37)
	at com.kms.katalon.core.keyword.internal.KeywordExecutor.executeKeywordForPlatform(KeywordExecutor.groovy:73)
	at com.kms.katalon.core.webui.keyword.WebUiBuiltInKeywords.setText(WebUiBuiltInKeywords.groovy:976)
	at com.kms.katalon.core.webui.keyword.WebUiBuiltInKeywords$setText$4.call(Unknown Source)
	at com.functions.Uifunctions.updateSCOBalances(Uifunctions.groovy:302)
	at com.functions.Uifunctions$updateSCOBalances$6.call(Unknown Source)
	at FDR-Update-SCO-Balances-Icons.run(FDR-Update-SCO-Balances-Icons:78)
	at com.kms.katalon.core.main.ScriptEngine.run(ScriptEngine.java:194)
	at com.kms.katalon.core.main.ScriptEngine.runScriptAsRawText(ScriptEngine.java:119)
	at com.kms.katalon.core.main.TestCaseExecutor.runScript(TestCaseExecutor.java:339)
	at com.kms.katalon.core.main.TestCaseExecutor.doExecute(TestCaseExecutor.java:330)
	at com.kms.katalon.core.main.TestCaseExecutor.processExecutionPhase(TestCaseExecutor.java:309)
	at com.kms.katalon.core.main.TestCaseExecutor.accessMainPhase(TestCaseExecutor.java:301)
	at com.kms.katalon.core.main.TestCaseExecutor.execute(TestCaseExecutor.java:235)
	at com.kms.katalon.core.main.TestSuiteExecutor.accessTestCaseMainPhase(TestSuiteExecutor.java:191)
	at com.kms.katalon.core.main.TestSuiteExecutor.accessTestSuiteMainPhase(TestSuiteExecutor.java:141)
	at com.kms.katalon.core.main.TestSuiteExecutor.execute(TestSuiteExecutor.java:90)
	at com.kms.katalon.core.main.TestCaseMain.startTestSuite(TestCaseMain.java:157)
	at com.kms.katalon.core.main.TestCaseMain$startTestSuite$0.call(Unknown Source)
	at TempTestSuite1599589933195.run(TempTestSuite1599589933195.groovy:39)
Caused by: com.kms.katalon.core.webui.exception.WebElementNotFoundException: Web element with id: 'Object Repository/FDR-Draw/SCOBalances/inputTextBalance13' located by '(//*[@type='text'])[13]' not found
	at com.kms.katalon.core.webui.common.WebUiCommonHelper.findWebElement(WebUiCommonHelper.java:1368)
	at com.kms.katalon.core.webui.keyword.internal.WebUIAbstractKeyword.findWebElement(WebUIAbstractKeyword.groovy:27)
	at com.kms.katalon.core.webui.keyword.internal.WebUIAbstractKeyword.findWebElement(WebUIAbstractKeyword.groovy:26)
	at com.kms.katalon.core.webui.keyword.builtin.SetTextKeyword$_setText_closure1.doCall(SetTextKeyword.groovy:51)
	at com.kms.katalon.core.webui.keyword.builtin.SetTextKeyword$_setText_closure1.call(SetTextKeyword.groovy)
	at com.kms.katalon.core.webui.keyword.internal.WebUIKeywordMain.runKeyword(WebUIKeywordMain.groovy:20)
	at com.kms.katalon.core.webui.keyword.builtin.SetTextKeyword.setText(SetTextKeyword.groovy:66)
	at com.kms.katalon.core.webui.keyword.builtin.SetTextKeyword.execute(SetTextKeyword.groovy:37)
	at com.kms.katalon.core.keyword.internal.KeywordExecutor.executeKeywordForPlatform(KeywordExecutor.groovy:73)
	at com.kms.katalon.core.webui.keyword.WebUiBuiltInKeywords.setText(WebUiBuiltInKeywords.groovy:976)
	at com.kms.katalon.core.webui.keyword.WebUiBuiltInKeywords$setText$4.call(Unknown Source)
	at com.functions.Uifunctions.updateSCOBalances(Uifunctions.groovy:302)
	at com.functions.Uifunctions$updateSCOBalances$6.call(Unknown Source)
	at Script1591634907012.run(Script1591634907012.groovy:78)
	... 13 more
)
[[ATTACHMENT|C:\\fdr-automation-develop_08_25_2020\\Reports\\20200908_113210\\Draw-Integration_Suite\\20200908_113213\\1599591005938.png]]

2020-09-08 11:50:08 - [MESSAGE][INFO] - Unable to find the element located by 'By.xpath: //*[@data-id='button-link']//*[contains(text(),'Create New Voucher')]'. Please recheck the objects properties to make sure the desired element is located. 

2020-09-08 11:50:08 - [MESSAGE][WARNING] - Object 'Object Repository/FDR-Dashboard/createNewVoucherButton' is not present after 1 second(s)

2020-09-08 11:50:12 - [MESSAGE][INFO] - Unable to find the element located by 'By.xpath: (//*[@data-id='text-field'])[14]'. Please recheck the objects properties to make sure the desired element is located. 

2020-09-08 11:50:12 - [MESSAGE][FAILED] - Unable to click on object 'Object Repository/FDR-Draw/SCOBalances/updateFundBalanceInputText14' (Root cause: com.kms.katalon.core.exception.StepFailedException: Unable to click on object 'Object Repository/FDR-Draw/SCOBalances/updateFundBalanceInputText14'
	at com.kms.katalon.core.webui.keyword.internal.WebUIKeywordMain.stepFailed(WebUIKeywordMain.groovy:64)
	at com.kms.katalon.core.webui.keyword.internal.WebUIKeywordMain.runKeyword(WebUIKeywordMain.groovy:26)
	at com.kms.katalon.core.webui.keyword.builtin.ClickKeyword.click(ClickKeyword.groovy:76)
	at com.kms.katalon.core.webui.keyword.builtin.ClickKeyword.execute(ClickKeyword.groovy:43)
	at com.kms.katalon.core.keyword.internal.KeywordExecutor.executeKeywordForPlatform(KeywordExecutor.groovy:73)
	at com.kms.katalon.core.webui.keyword.WebUiBuiltInKeywords.click(WebUiBuiltInKeywords.groovy:616)
	at com.kms.katalon.core.webui.keyword.WebUiBuiltInKeywords$click$6.call(Unknown Source)
	at com.functions.Uifunctions.updateSCOBalances(Uifunctions.groovy:300)
	at com.functions.Uifunctions$updateSCOBalances$6.call(Unknown Source)
	at FDR-Update-SCO-Balances-Icons.run(FDR-Update-SCO-Balances-Icons:78)
	at com.kms.katalon.core.main.ScriptEngine.run(ScriptEngine.java:194)
	at com.kms.katalon.core.main.ScriptEngine.runScriptAsRawText(ScriptEngine.java:119)
	at com.kms.katalon.core.main.TestCaseExecutor.runScript(TestCaseExecutor.java:339)
	at com.kms.katalon.core.main.TestCaseExecutor.doExecute(TestCaseExecutor.java:330)
	at com.kms.katalon.core.main.TestCaseExecutor.processExecutionPhase(TestCaseExecutor.java:309)
	at com.kms.katalon.core.main.TestCaseExecutor.accessMainPhase(TestCaseExecutor.java:301)
	at com.kms.katalon.core.main.TestCaseExecutor.execute(TestCaseExecutor.java:235)
	at com.kms.katalon.core.main.TestSuiteExecutor.accessTestCaseMainPhase(TestSuiteExecutor.java:191)
	at com.kms.katalon.core.main.TestSuiteExecutor.accessTestSuiteMainPhase(TestSuiteExecutor.java:141)
	at com.kms.katalon.core.main.TestSuiteExecutor.execute(TestSuiteExecutor.java:90)
	at com.kms.katalon.core.main.TestCaseMain.startTestSuite(TestCaseMain.java:157)
	at com.kms.katalon.core.main.TestCaseMain$startTestSuite$0.call(Unknown Source)
	at TempTestSuite1599589933195.run(TempTestSuite1599589933195.groovy:39)
Caused by: com.kms.katalon.core.webui.exception.WebElementNotFoundException: Web element with id: 'Object Repository/FDR-Draw/SCOBalances/updateFundBalanceInputText14' located by '(//*[@data-id='text-field'])[14]' not found
	at com.kms.katalon.core.webui.common.WebUiCommonHelper.findWebElement(WebUiCommonHelper.java:1368)
	at com.kms.katalon.core.webui.keyword.internal.WebUIAbstractKeyword.findWebElement(WebUIAbstractKeyword.groovy:27)
	at com.kms.katalon.core.webui.keyword.internal.WebUIAbstractKeyword.findWebElement(WebUIAbstractKeyword.groovy:26)
	at com.kms.katalon.core.webui.keyword.builtin.ClickKeyword$_click_closure1.doCall(ClickKeyword.groovy:67)
	at com.kms.katalon.core.webui.keyword.builtin.ClickKeyword$_click_closure1.call(ClickKeyword.groovy)
	at com.kms.katalon.core.webui.keyword.internal.WebUIKeywordMain.runKeyword(WebUIKeywordMain.groovy:20)
	at com.kms.katalon.core.webui.keyword.builtin.ClickKeyword.click(ClickKeyword.groovy:76)
	at com.kms.katalon.core.webui.keyword.builtin.ClickKeyword.execute(ClickKeyword.groovy:43)
	at com.kms.katalon.core.keyword.internal.KeywordExecutor.executeKeywordForPlatform(KeywordExecutor.groovy:73)
	at com.kms.katalon.core.webui.keyword.WebUiBuiltInKeywords.click(WebUiBuiltInKeywords.groovy:616)
	at com.kms.katalon.core.webui.keyword.WebUiBuiltInKeywords$click$6.call(Unknown Source)
	at com.functions.Uifunctions.updateSCOBalances(Uifunctions.groovy:300)
	at com.functions.Uifunctions$updateSCOBalances$6.call(Unknown Source)
	at Script1591634907012.run(Script1591634907012.groovy:78)
	... 13 more
)
[[ATTACHMENT|C:\\fdr-automation-develop_08_25_2020\\Reports\\20200908_113210\\Draw-Integration_Suite\\20200908_113213\\1599591012334.png]]

2020-09-08 11:50:14 - [MESSAGE][INFO] - Unable to find the element located by 'By.xpath: //*[@data-id='button-link']//*[contains(text(),'Create New Voucher')]'. Please recheck the objects properties to make sure the desired element is located. 

2020-09-08 11:50:14 - [MESSAGE][WARNING] - Object 'Object Repository/FDR-Dashboard/createNewVoucherButton' is not present after 1 second(s)

2020-09-08 11:50:18 - [MESSAGE][INFO] - Unable to find the element located by 'By.xpath: (//*[@type='text'])[14]'. Please recheck the objects properties to make sure the desired element is located. 

2020-09-08 11:50:19 - [MESSAGE][FAILED] - Unable to set text '1000000' of object 'Object Repository/FDR-Draw/SCOBalances/inputTextBalance14' (Root cause: com.kms.katalon.core.exception.StepFailedException: Unable to set text '1000000' of object 'Object Repository/FDR-Draw/SCOBalances/inputTextBalance14'
	at com.kms.katalon.core.webui.keyword.internal.WebUIKeywordMain.stepFailed(WebUIKeywordMain.groovy:64)
	at com.kms.katalon.core.webui.keyword.internal.WebUIKeywordMain.runKeyword(WebUIKeywordMain.groovy:26)
	at com.kms.katalon.core.webui.keyword.builtin.SetTextKeyword.setText(SetTextKeyword.groovy:66)
	at com.kms.katalon.core.webui.keyword.builtin.SetTextKeyword.execute(SetTextKeyword.groovy:37)
	at com.kms.katalon.core.keyword.internal.KeywordExecutor.executeKeywordForPlatform(KeywordExecutor.groovy:73)
	at com.kms.katalon.core.webui.keyword.WebUiBuiltInKeywords.setText(WebUiBuiltInKeywords.groovy:976)
	at com.kms.katalon.core.webui.keyword.WebUiBuiltInKeywords$setText$4.call(Unknown Source)
	at com.functions.Uifunctions.updateSCOBalances(Uifunctions.groovy:302)
	at com.functions.Uifunctions$updateSCOBalances$6.call(Unknown Source)
	at FDR-Update-SCO-Balances-Icons.run(FDR-Update-SCO-Balances-Icons:78)
	at com.kms.katalon.core.main.ScriptEngine.run(ScriptEngine.java:194)
	at com.kms.katalon.core.main.ScriptEngine.runScriptAsRawText(ScriptEngine.java:119)
	at com.kms.katalon.core.main.TestCaseExecutor.runScript(TestCaseExecutor.java:339)
	at com.kms.katalon.core.main.TestCaseExecutor.doExecute(TestCaseExecutor.java:330)
	at com.kms.katalon.core.main.TestCaseExecutor.processExecutionPhase(TestCaseExecutor.java:309)
	at com.kms.katalon.core.main.TestCaseExecutor.accessMainPhase(TestCaseExecutor.java:301)
	at com.kms.katalon.core.main.TestCaseExecutor.execute(TestCaseExecutor.java:235)
	at com.kms.katalon.core.main.TestSuiteExecutor.accessTestCaseMainPhase(TestSuiteExecutor.java:191)
	at com.kms.katalon.core.main.TestSuiteExecutor.accessTestSuiteMainPhase(TestSuiteExecutor.java:141)
	at com.kms.katalon.core.main.TestSuiteExecutor.execute(TestSuiteExecutor.java:90)
	at com.kms.katalon.core.main.TestCaseMain.startTestSuite(TestCaseMain.java:157)
	at com.kms.katalon.core.main.TestCaseMain$startTestSuite$0.call(Unknown Source)
	at TempTestSuite1599589933195.run(TempTestSuite1599589933195.groovy:39)
Caused by: com.kms.katalon.core.webui.exception.WebElementNotFoundException: Web element with id: 'Object Repository/FDR-Draw/SCOBalances/inputTextBalance14' located by '(//*[@type='text'])[14]' not found
	at com.kms.katalon.core.webui.common.WebUiCommonHelper.findWebElement(WebUiCommonHelper.java:1368)
	at com.kms.katalon.core.webui.keyword.internal.WebUIAbstractKeyword.findWebElement(WebUIAbstractKeyword.groovy:27)
	at com.kms.katalon.core.webui.keyword.internal.WebUIAbstractKeyword.findWebElement(WebUIAbstractKeyword.groovy:26)
	at com.kms.katalon.core.webui.keyword.builtin.SetTextKeyword$_setText_closure1.doCall(SetTextKeyword.groovy:51)
	at com.kms.katalon.core.webui.keyword.builtin.SetTextKeyword$_setText_closure1.call(SetTextKeyword.groovy)
	at com.kms.katalon.core.webui.keyword.internal.WebUIKeywordMain.runKeyword(WebUIKeywordMain.groovy:20)
	at com.kms.katalon.core.webui.keyword.builtin.SetTextKeyword.setText(SetTextKeyword.groovy:66)
	at com.kms.katalon.core.webui.keyword.builtin.SetTextKeyword.execute(SetTextKeyword.groovy:37)
	at com.kms.katalon.core.keyword.internal.KeywordExecutor.executeKeywordForPlatform(KeywordExecutor.groovy:73)
	at com.kms.katalon.core.webui.keyword.WebUiBuiltInKeywords.setText(WebUiBuiltInKeywords.groovy:976)
	at com.kms.katalon.core.webui.keyword.WebUiBuiltInKeywords$setText$4.call(Unknown Source)
	at com.functions.Uifunctions.updateSCOBalances(Uifunctions.groovy:302)
	at com.functions.Uifunctions$updateSCOBalances$6.call(Unknown Source)
	at Script1591634907012.run(Script1591634907012.groovy:78)
	... 13 more
)
[[ATTACHMENT|C:\\fdr-automation-develop_08_25_2020\\Reports\\20200908_113210\\Draw-Integration_Suite\\20200908_113213\\1599591018907.png]]

2020-09-08 11:50:21 - [MESSAGE][INFO] - Unable to find the element located by 'By.xpath: //*[@data-id='button-link']//*[contains(text(),'Create New Voucher')]'. Please recheck the objects properties to make sure the desired element is located. 

2020-09-08 11:50:21 - [MESSAGE][WARNING] - Object 'Object Repository/FDR-Dashboard/createNewVoucherButton' is not present after 1 second(s)

2020-09-08 11:50:21 - [MESSAGE][PASSED] - Object 'Object Repository/FDR-Draw/reconcileButton' is present

2020-09-08 11:50:25 - [MESSAGE][INFO] - Unable to find the element located by 'By.xpath: //*[@data-id='action-button' ]//*[contains(text(),'Save Fund Balance')]'. Please recheck the objects properties to make sure the desired element is located. 

2020-09-08 11:50:26 - [MESSAGE][FAILED] - Unable to click on object 'Object Repository/FDR-Draw/SCOBalances/saveFundBalanceButton' (Root cause: com.kms.katalon.core.exception.StepFailedException: Unable to click on object 'Object Repository/FDR-Draw/SCOBalances/saveFundBalanceButton'
	at com.kms.katalon.core.webui.keyword.internal.WebUIKeywordMain.stepFailed(WebUIKeywordMain.groovy:64)
	at com.kms.katalon.core.webui.keyword.internal.WebUIKeywordMain.runKeyword(WebUIKeywordMain.groovy:26)
	at com.kms.katalon.core.webui.keyword.builtin.ClickKeyword.click(ClickKeyword.groovy:76)
	at com.kms.katalon.core.webui.keyword.builtin.ClickKeyword.execute(ClickKeyword.groovy:43)
	at com.kms.katalon.core.keyword.internal.KeywordExecutor.executeKeywordForPlatform(KeywordExecutor.groovy:73)
	at com.kms.katalon.core.webui.keyword.WebUiBuiltInKeywords.click(WebUiBuiltInKeywords.groovy:616)
	at com.kms.katalon.core.webui.keyword.WebUiBuiltInKeywords$click$6.call(Unknown Source)
	at com.functions.Uifunctions.updateSCOBalances(Uifunctions.groovy:306)
	at com.functions.Uifunctions$updateSCOBalances$6.call(Unknown Source)
	at FDR-Update-SCO-Balances-Icons.run(FDR-Update-SCO-Balances-Icons:78)
	at com.kms.katalon.core.main.ScriptEngine.run(ScriptEngine.java:194)
	at com.kms.katalon.core.main.ScriptEngine.runScriptAsRawText(ScriptEngine.java:119)
	at com.kms.katalon.core.main.TestCaseExecutor.runScript(TestCaseExecutor.java:339)
	at com.kms.katalon.core.main.TestCaseExecutor.doExecute(TestCaseExecutor.java:330)
	at com.kms.katalon.core.main.TestCaseExecutor.processExecutionPhase(TestCaseExecutor.java:309)
	at com.kms.katalon.core.main.TestCaseExecutor.accessMainPhase(TestCaseExecutor.java:301)
	at com.kms.katalon.core.main.TestCaseExecutor.execute(TestCaseExecutor.java:235)
	at com.kms.katalon.core.main.TestSuiteExecutor.accessTestCaseMainPhase(TestSuiteExecutor.java:191)
	at com.kms.katalon.core.main.TestSuiteExecutor.accessTestSuiteMainPhase(TestSuiteExecutor.java:141)
	at com.kms.katalon.core.main.TestSuiteExecutor.execute(TestSuiteExecutor.java:90)
	at com.kms.katalon.core.main.TestCaseMain.startTestSuite(TestCaseMain.java:157)
	at com.kms.katalon.core.main.TestCaseMain$startTestSuite$0.call(Unknown Source)
	at TempTestSuite1599589933195.run(TempTestSuite1599589933195.groovy:39)
Caused by: com.kms.katalon.core.webui.exception.WebElementNotFoundException: Web element with id: 'Object Repository/FDR-Draw/SCOBalances/saveFundBalanceButton' located by '//*[@data-id='action-button' ]//*[contains(text(),'Save Fund Balance')]' not found
	at com.kms.katalon.core.webui.common.WebUiCommonHelper.findWebElement(WebUiCommonHelper.java:1368)
	at com.kms.katalon.core.webui.keyword.internal.WebUIAbstractKeyword.findWebElement(WebUIAbstractKeyword.groovy:27)
	at com.kms.katalon.core.webui.keyword.internal.WebUIAbstractKeyword.findWebElement(WebUIAbstractKeyword.groovy:26)
	at com.kms.katalon.core.webui.keyword.builtin.ClickKeyword$_click_closure1.doCall(ClickKeyword.groovy:67)
	at com.kms.katalon.core.webui.keyword.builtin.ClickKeyword$_click_closure1.call(ClickKeyword.groovy)
	at com.kms.katalon.core.webui.keyword.internal.WebUIKeywordMain.runKeyword(WebUIKeywordMain.groovy:20)
	at com.kms.katalon.core.webui.keyword.builtin.ClickKeyword.click(ClickKeyword.groovy:76)
	at com.kms.katalon.core.webui.keyword.builtin.ClickKeyword.execute(ClickKeyword.groovy:43)
	at com.kms.katalon.core.keyword.internal.KeywordExecutor.executeKeywordForPlatform(KeywordExecutor.groovy:73)
	at com.kms.katalon.core.webui.keyword.WebUiBuiltInKeywords.click(WebUiBuiltInKeywords.groovy:616)
	at com.kms.katalon.core.webui.keyword.WebUiBuiltInKeywords$click$6.call(Unknown Source)
	at com.functions.Uifunctions.updateSCOBalances(Uifunctions.groovy:306)
	at com.functions.Uifunctions$updateSCOBalances$6.call(Unknown Source)
	at Script1591634907012.run(Script1591634907012.groovy:78)
	... 13 more
)
[[ATTACHMENT|C:\\fdr-automation-develop_08_25_2020\\Reports\\20200908_113210\\Draw-Integration_Suite\\20200908_113213\\1599591025720.png]]

2020-09-08 11:50:26 - [MESSAGE][PASSED] - Object 'Object Repository/FDR-Draw/reconcileButton' is present

2020-09-08 11:50:26 - [MESSAGE][FAILED] - Unable to click on object 'Object Repository/FDR-Draw/SCOBalances/buttonUpdateSCO' (Root cause: com.kms.katalon.core.exception.StepFailedException: Unable to click on object 'Object Repository/FDR-Draw/SCOBalances/buttonUpdateSCO'
	at com.kms.katalon.core.webui.keyword.internal.WebUIKeywordMain.stepFailed(WebUIKeywordMain.groovy:64)
	at com.kms.katalon.core.webui.keyword.internal.WebUIKeywordMain.runKeyword(WebUIKeywordMain.groovy:26)
	at com.kms.katalon.core.webui.keyword.builtin.ClickKeyword.click(ClickKeyword.groovy:76)
	at com.kms.katalon.core.webui.keyword.builtin.ClickKeyword.execute(ClickKeyword.groovy:43)
	at com.kms.katalon.core.keyword.internal.KeywordExecutor.executeKeywordForPlatform(KeywordExecutor.groovy:73)
	at com.kms.katalon.core.webui.keyword.WebUiBuiltInKeywords.click(WebUiBuiltInKeywords.groovy:616)
	at com.kms.katalon.core.webui.keyword.WebUiBuiltInKeywords$click$6.call(Unknown Source)
	at com.functions.Uifunctions.updateSCOBalances(Uifunctions.groovy:308)
	at com.functions.Uifunctions$updateSCOBalances$6.call(Unknown Source)
	at FDR-Update-SCO-Balances-Icons.run(FDR-Update-SCO-Balances-Icons:78)
	at com.kms.katalon.core.main.ScriptEngine.run(ScriptEngine.java:194)
	at com.kms.katalon.core.main.ScriptEngine.runScriptAsRawText(ScriptEngine.java:119)
	at com.kms.katalon.core.main.TestCaseExecutor.runScript(TestCaseExecutor.java:339)
	at com.kms.katalon.core.main.TestCaseExecutor.doExecute(TestCaseExecutor.java:330)
	at com.kms.katalon.core.main.TestCaseExecutor.processExecutionPhase(TestCaseExecutor.java:309)
	at com.kms.katalon.core.main.TestCaseExecutor.accessMainPhase(TestCaseExecutor.java:301)
	at com.kms.katalon.core.main.TestCaseExecutor.execute(TestCaseExecutor.java:235)
	at com.kms.katalon.core.main.TestSuiteExecutor.accessTestCaseMainPhase(TestSuiteExecutor.java:191)
	at com.kms.katalon.core.main.TestSuiteExecutor.accessTestSuiteMainPhase(TestSuiteExecutor.java:141)
	at com.kms.katalon.core.main.TestSuiteExecutor.execute(TestSuiteExecutor.java:90)
	at com.kms.katalon.core.main.TestCaseMain.startTestSuite(TestCaseMain.java:157)
	at com.kms.katalon.core.main.TestCaseMain$startTestSuite$0.call(Unknown Source)
	at TempTestSuite1599589933195.run(TempTestSuite1599589933195.groovy:39)
Caused by: org.openqa.selenium.ElementNotInteractableException: element not interactable
  (Session info: chrome=85.0.4183.83)
Build info: version: '3.141.59', revision: 'e82be7d358', time: '2018-11-14T08:25:53'
System info: host: 'DESKTOP-9VU7G8T', ip: '192.168.1.188', os.name: 'Windows 10', os.arch: 'amd64', os.version: '10.0', java.version: '1.8.0_181'
Driver info: com.kms.katalon.selenium.driver.CChromeDriver
Capabilities {acceptInsecureCerts: false, browserName: chrome, browserVersion: 85.0.4183.83, chrome: {chromedriverVersion: 85.0.4183.87 (cd6713ebf92fa..., userDataDir: C:\Users\NAGESH~1.ALL\AppDa...}, goog:chromeOptions: {debuggerAddress: localhost:55805}, javascriptEnabled: true, networkConnectionEnabled: false, pageLoadStrategy: normal, platform: WINDOWS, platformName: WINDOWS, proxy: Proxy(), setWindowRect: true, strictFileInteractability: false, timeouts: {implicit: 0, pageLoad: 300000, script: 30000}, unhandledPromptBehavior: dismiss and notify, webauthn:virtualAuthenticators: true}
Session ID: 511aee2560964b024ae65a6d5353ddcf
	at org.openqa.selenium.remote.http.W3CHttpResponseCodec.createException(W3CHttpResponseCodec.java:187)
	at org.openqa.selenium.remote.http.W3CHttpResponseCodec.decode(W3CHttpResponseCodec.java:122)
	at org.openqa.selenium.remote.http.W3CHttpResponseCodec.decode(W3CHttpResponseCodec.java:49)
	at org.openqa.selenium.remote.HttpCommandExecutor.execute(HttpCommandExecutor.java:158)
	at org.openqa.selenium.remote.service.DriverCommandExecutor.execute(DriverCommandExecutor.java:83)
	at org.openqa.selenium.remote.RemoteWebDriver.execute(RemoteWebDriver.java:552)
	at com.kms.katalon.selenium.driver.CChromeDriver.execute(CChromeDriver.java:19)
	at org.openqa.selenium.remote.RemoteWebElement.execute(RemoteWebElement.java:285)
	at org.openqa.selenium.remote.RemoteWebElement.click(RemoteWebElement.java:84)
	at org.openqa.selenium.support.events.EventFiringWebDriver$EventFiringWebElement.lambda$new$0(EventFiringWebDriver.java:404)
	at com.sun.proxy.$Proxy13.click(Unknown Source)
	at org.openqa.selenium.support.events.EventFiringWebDriver$EventFiringWebElement.click(EventFiringWebDriver.java:417)
	at com.kms.katalon.core.webui.keyword.builtin.ClickKeyword$_click_closure1.doCall(ClickKeyword.groovy:69)
	at com.kms.katalon.core.webui.keyword.builtin.ClickKeyword$_click_closure1.call(ClickKeyword.groovy)
	at com.kms.katalon.core.webui.keyword.internal.WebUIKeywordMain.runKeyword(WebUIKeywordMain.groovy:20)
	at com.kms.katalon.core.webui.keyword.builtin.ClickKeyword.click(ClickKeyword.groovy:76)
	at com.kms.katalon.core.webui.keyword.builtin.ClickKeyword.execute(ClickKeyword.groovy:43)
	at com.kms.katalon.core.keyword.internal.KeywordExecutor.executeKeywordForPlatform(KeywordExecutor.groovy:73)
	at com.kms.katalon.core.webui.keyword.WebUiBuiltInKeywords.click(WebUiBuiltInKeywords.groovy:616)
	at com.kms.katalon.core.webui.keyword.WebUiBuiltInKeywords$click$6.call(Unknown Source)
	at com.functions.Uifunctions.updateSCOBalances(Uifunctions.groovy:308)
	at com.functions.Uifunctions$updateSCOBalances$6.call(Unknown Source)
	at Script1591634907012.run(Script1591634907012.groovy:78)
	... 13 more
)
[[ATTACHMENT|C:\\fdr-automation-develop_08_25_2020\\Reports\\20200908_113210\\Draw-Integration_Suite\\20200908_113213\\1599591026530.png]]

2020-09-08 11:50:27 - [MESSAGE][PASSED] - Object 'Object Repository/FDR-Draw/reconcileButton' is present

2020-09-08 11:50:29 - [MESSAGE][INFO] - Unable to find the element located by 'By.xpath: //*[text()='Last Updated:']'. Please recheck the objects properties to make sure the desired element is located. 

2020-09-08 11:50:29 - [MESSAGE][FAILED] - com.kms.katalon.core.webui.exception.WebElementNotFoundException: Web element with id: 'Object Repository//FDR-Draw/SCOBalances/lastUpdatedText' located by '//*[text()='Last Updated:']' not found (Root cause: com.kms.katalon.core.exception.StepFailedException: com.kms.katalon.core.webui.exception.WebElementNotFoundException: Web element with id: 'Object Repository//FDR-Draw/SCOBalances/lastUpdatedText' located by '//*[text()='Last Updated:']' not found
	at com.kms.katalon.core.webui.keyword.internal.WebUIKeywordMain.stepFailed(WebUIKeywordMain.groovy:64)
	at com.kms.katalon.core.webui.keyword.builtin.VerifyElementPresentKeyword$_verifyElementPresent_closure1.doCall(VerifyElementPresentKeyword.groovy:85)
	at com.kms.katalon.core.webui.keyword.builtin.VerifyElementPresentKeyword$_verifyElementPresent_closure1.call(VerifyElementPresentKeyword.groovy)
	at com.kms.katalon.core.webui.keyword.internal.WebUIKeywordMain.runKeyword(WebUIKeywordMain.groovy:20)
	at com.kms.katalon.core.webui.keyword.builtin.VerifyElementPresentKeyword.verifyElementPresent(VerifyElementPresentKeyword.groovy:92)
	at com.kms.katalon.core.webui.keyword.builtin.VerifyElementPresentKeyword.execute(VerifyElementPresentKeyword.groovy:68)
	at com.kms.katalon.core.keyword.internal.KeywordExecutor.executeKeywordForPlatform(KeywordExecutor.groovy:73)
	at com.kms.katalon.core.webui.keyword.WebUiBuiltInKeywords.verifyElementPresent(WebUiBuiltInKeywords.groovy:1460)
	at com.kms.katalon.core.webui.keyword.WebUiBuiltInKeywords$verifyElementPresent$16.call(Unknown Source)
	at com.functions.Uifunctions.updateSCOBalances(Uifunctions.groovy:310)
	at com.functions.Uifunctions$updateSCOBalances$6.call(Unknown Source)
	at FDR-Update-SCO-Balances-Icons.run(FDR-Update-SCO-Balances-Icons:78)
	at com.kms.katalon.core.main.ScriptEngine.run(ScriptEngine.java:194)
	at com.kms.katalon.core.main.ScriptEngine.runScriptAsRawText(ScriptEngine.java:119)
	at com.kms.katalon.core.main.TestCaseExecutor.runScript(TestCaseExecutor.java:339)
	at com.kms.katalon.core.main.TestCaseExecutor.doExecute(TestCaseExecutor.java:330)
	at com.kms.katalon.core.main.TestCaseExecutor.processExecutionPhase(TestCaseExecutor.java:309)
	at com.kms.katalon.core.main.TestCaseExecutor.accessMainPhase(TestCaseExecutor.java:301)
	at com.kms.katalon.core.main.TestCaseExecutor.execute(TestCaseExecutor.java:235)
	at com.kms.katalon.core.main.TestSuiteExecutor.accessTestCaseMainPhase(TestSuiteExecutor.java:191)
	at com.kms.katalon.core.main.TestSuiteExecutor.accessTestSuiteMainPhase(TestSuiteExecutor.java:141)
	at com.kms.katalon.core.main.TestSuiteExecutor.execute(TestSuiteExecutor.java:90)
	at com.kms.katalon.core.main.TestCaseMain.startTestSuite(TestCaseMain.java:157)
	at com.kms.katalon.core.main.TestCaseMain$startTestSuite$0.call(Unknown Source)
	at TempTestSuite1599589933195.run(TempTestSuite1599589933195.groovy:39)
)
[[ATTACHMENT|C:\\fdr-automation-develop_08_25_2020\\Reports\\20200908_113210\\Draw-Integration_Suite\\20200908_113213\\1599591029092.png]]

2020-09-08 11:50:29 - [MESSAGE][PASSED] - Object 'Object Repository/FDR-Draw/reconcileButton' is present

2020-09-08 11:50:33 - [MESSAGE][INFO] - Unable to find the element located by 'By.xpath: //*[@data-id='button-link' ]//*[contains(text(),'Cancel')]'. Please recheck the objects properties to make sure the desired element is located. 

2020-09-08 11:50:34 - [MESSAGE][FAILED] - Unable to click on object 'Object Repository/FDR-Draw/SCOBalances/scoCancelButton' (Root cause: com.kms.katalon.core.exception.StepFailedException: Unable to click on object 'Object Repository/FDR-Draw/SCOBalances/scoCancelButton'
	at com.kms.katalon.core.webui.keyword.internal.WebUIKeywordMain.stepFailed(WebUIKeywordMain.groovy:64)
	at com.kms.katalon.core.webui.keyword.internal.WebUIKeywordMain.runKeyword(WebUIKeywordMain.groovy:26)
	at com.kms.katalon.core.webui.keyword.builtin.ClickKeyword.click(ClickKeyword.groovy:76)
	at com.kms.katalon.core.webui.keyword.builtin.ClickKeyword.execute(ClickKeyword.groovy:43)
	at com.kms.katalon.core.keyword.internal.KeywordExecutor.executeKeywordForPlatform(KeywordExecutor.groovy:73)
	at com.kms.katalon.core.webui.keyword.WebUiBuiltInKeywords.click(WebUiBuiltInKeywords.groovy:616)
	at com.kms.katalon.core.webui.keyword.WebUiBuiltInKeywords$click$6.call(Unknown Source)
	at com.functions.Uifunctions.updateSCOBalances(Uifunctions.groovy:312)
	at com.functions.Uifunctions$updateSCOBalances$6.call(Unknown Source)
	at FDR-Update-SCO-Balances-Icons.run(FDR-Update-SCO-Balances-Icons:78)
	at com.kms.katalon.core.main.ScriptEngine.run(ScriptEngine.java:194)
	at com.kms.katalon.core.main.ScriptEngine.runScriptAsRawText(ScriptEngine.java:119)
	at com.kms.katalon.core.main.TestCaseExecutor.runScript(TestCaseExecutor.java:339)
	at com.kms.katalon.core.main.TestCaseExecutor.doExecute(TestCaseExecutor.java:330)
	at com.kms.katalon.core.main.TestCaseExecutor.processExecutionPhase(TestCaseExecutor.java:309)
	at com.kms.katalon.core.main.TestCaseExecutor.accessMainPhase(TestCaseExecutor.java:301)
	at com.kms.katalon.core.main.TestCaseExecutor.execute(TestCaseExecutor.java:235)
	at com.kms.katalon.core.main.TestSuiteExecutor.accessTestCaseMainPhase(TestSuiteExecutor.java:191)
	at com.kms.katalon.core.main.TestSuiteExecutor.accessTestSuiteMainPhase(TestSuiteExecutor.java:141)
	at com.kms.katalon.core.main.TestSuiteExecutor.execute(TestSuiteExecutor.java:90)
	at com.kms.katalon.core.main.TestCaseMain.startTestSuite(TestCaseMain.java:157)
	at com.kms.katalon.core.main.TestCaseMain$startTestSuite$0.call(Unknown Source)
	at TempTestSuite1599589933195.run(TempTestSuite1599589933195.groovy:39)
Caused by: com.kms.katalon.core.webui.exception.WebElementNotFoundException: Web element with id: 'Object Repository/FDR-Draw/SCOBalances/scoCancelButton' located by '//*[@data-id='button-link' ]//*[contains(text(),'Cancel')]' not found
	at com.kms.katalon.core.webui.common.WebUiCommonHelper.findWebElement(WebUiCommonHelper.java:1368)
	at com.kms.katalon.core.webui.keyword.internal.WebUIAbstractKeyword.findWebElement(WebUIAbstractKeyword.groovy:27)
	at com.kms.katalon.core.webui.keyword.internal.WebUIAbstractKeyword.findWebElement(WebUIAbstractKeyword.groovy:26)
	at com.kms.katalon.core.webui.keyword.builtin.ClickKeyword$_click_closure1.doCall(ClickKeyword.groovy:67)
	at com.kms.katalon.core.webui.keyword.builtin.ClickKeyword$_click_closure1.call(ClickKeyword.groovy)
	at com.kms.katalon.core.webui.keyword.internal.WebUIKeywordMain.runKeyword(WebUIKeywordMain.groovy:20)
	at com.kms.katalon.core.webui.keyword.builtin.ClickKeyword.click(ClickKeyword.groovy:76)
	at com.kms.katalon.core.webui.keyword.builtin.ClickKeyword.execute(ClickKeyword.groovy:43)
	at com.kms.katalon.core.keyword.internal.KeywordExecutor.executeKeywordForPlatform(KeywordExecutor.groovy:73)
	at com.kms.katalon.core.webui.keyword.WebUiBuiltInKeywords.click(WebUiBuiltInKeywords.groovy:616)
	at com.kms.katalon.core.webui.keyword.WebUiBuiltInKeywords$click$6.call(Unknown Source)
	at com.functions.Uifunctions.updateSCOBalances(Uifunctions.groovy:312)
	at com.functions.Uifunctions$updateSCOBalances$6.call(Unknown Source)
	at Script1591634907012.run(Script1591634907012.groovy:78)
	... 13 more
)
[[ATTACHMENT|C:\\fdr-automation-develop_08_25_2020\\Reports\\20200908_113210\\Draw-Integration_Suite\\20200908_113213\\1599591033698.png]]

2020-09-08 11:50:34 - [MESSAGE][PASSED] - Object 'Object Repository/FDR-Draw/reconcileButton' is present

2020-09-08 11:50:34 - [TEST_STEP][PASSED] - waitForElementPresent(findTestObject("FDR-Dashboard/createNewVoucherButton"), 2): Object 'Object Repository/FDR-Dashboard/createNewVoucherButton' is not present after 2 second(s)

2020-09-08 11:50:37 - [MESSAGE][INFO] - Unable to find the element located by 'By.xpath: //*[@data-id='button-link']//*[contains(text(),'Create New Voucher')]'. Please recheck the objects properties to make sure the desired element is located. 

2020-09-08 11:50:37 - [MESSAGE][WARNING] - Object 'Object Repository/FDR-Dashboard/createNewVoucherButton' is not present after 2 second(s)

2020-09-08 11:50:37 - [TEST_STEP][FAILED] - postDrawBalanceIconStatus = getCSSValue(findTestObject("Object Repository/FDR-Draw/reviewScreen/postDrawBalanceSafeIcon"), "color"): Cannot get CSS 'color' value on 'Object Repository/FDR-Draw/reviewScreen/postDrawBalanceSafeIcon'. (Root cause: com.kms.katalon.core.exception.StepFailedException: Cannot get CSS 'color' value on 'Object Repository/FDR-Draw/reviewScreen/postDrawBalanceSafeIcon'.
	at com.kms.katalon.core.webui.keyword.internal.WebUIKeywordMain.stepFailed(WebUIKeywordMain.groovy:64)
	at com.kms.katalon.core.webui.keyword.internal.WebUIKeywordMain.runKeyword(WebUIKeywordMain.groovy:26)
	at com.kms.katalon.core.webui.keyword.builtin.getCSSValueKeyword.getCSSValue(GetCSSValueKeyword.groovy:84)
	at com.kms.katalon.core.webui.keyword.builtin.getCSSValueKeyword.execute(GetCSSValueKeyword.groovy:68)
	at com.kms.katalon.core.keyword.internal.KeywordExecutor.executeKeywordForPlatform(KeywordExecutor.groovy:73)
	at com.kms.katalon.core.webui.keyword.WebUiBuiltInKeywords.getCSSValue(WebUiBuiltInKeywords.groovy:3534)
	at com.kms.katalon.core.webui.keyword.WebUiBuiltInKeywords$getCSSValue$19.call(Unknown Source)
	at FDR-Update-SCO-Balances-Icons.run(FDR-Update-SCO-Balances-Icons:82)
	at com.kms.katalon.core.main.ScriptEngine.run(ScriptEngine.java:194)
	at com.kms.katalon.core.main.ScriptEngine.runScriptAsRawText(ScriptEngine.java:119)
	at com.kms.katalon.core.main.TestCaseExecutor.runScript(TestCaseExecutor.java:339)
	at com.kms.katalon.core.main.TestCaseExecutor.doExecute(TestCaseExecutor.java:330)
	at com.kms.katalon.core.main.TestCaseExecutor.processExecutionPhase(TestCaseExecutor.java:309)
	at com.kms.katalon.core.main.TestCaseExecutor.accessMainPhase(TestCaseExecutor.java:301)
	at com.kms.katalon.core.main.TestCaseExecutor.execute(TestCaseExecutor.java:235)
	at com.kms.katalon.core.main.TestSuiteExecutor.accessTestCaseMainPhase(TestSuiteExecutor.java:191)
	at com.kms.katalon.core.main.TestSuiteExecutor.accessTestSuiteMainPhase(TestSuiteExecutor.java:141)
	at com.kms.katalon.core.main.TestSuiteExecutor.execute(TestSuiteExecutor.java:90)
	at com.kms.katalon.core.main.TestCaseMain.startTestSuite(TestCaseMain.java:157)
	at com.kms.katalon.core.main.TestCaseMain$startTestSuite$0.call(Unknown Source)
	at TempTestSuite1599589933195.run(TempTestSuite1599589933195.groovy:39)
Caused by: com.kms.katalon.core.webui.exception.WebElementNotFoundException: Web element with id: 'Object Repository/FDR-Draw/reviewScreen/postDrawBalanceSafeIcon' located by '(//*[text()='Post-Draw Balances Safe']//parent::*//*)[1]' not found
	at com.kms.katalon.core.webui.common.WebUiCommonHelper.findWebElement(WebUiCommonHelper.java:1368)
	at com.kms.katalon.core.webui.keyword.internal.WebUIAbstractKeyword.findWebElement(WebUIAbstractKeyword.groovy:27)
	at com.kms.katalon.core.webui.keyword.internal.WebUIAbstractKeyword.findWebElement(WebUIAbstractKeyword.groovy:26)
	at com.kms.katalon.core.webui.keyword.builtin.getCSSValueKeyword$_getCSSValue_closure1.doCall(GetCSSValueKeyword.groovy:75)
	at com.kms.katalon.core.webui.keyword.builtin.getCSSValueKeyword$_getCSSValue_closure1.call(GetCSSValueKeyword.groovy)
	at com.kms.katalon.core.webui.keyword.internal.WebUIKeywordMain.runKeyword(WebUIKeywordMain.groovy:20)
	at com.kms.katalon.core.webui.keyword.builtin.getCSSValueKeyword.getCSSValue(GetCSSValueKeyword.groovy:84)
	at com.kms.katalon.core.webui.keyword.builtin.getCSSValueKeyword.execute(GetCSSValueKeyword.groovy:68)
	at com.kms.katalon.core.keyword.internal.KeywordExecutor.executeKeywordForPlatform(KeywordExecutor.groovy:73)
	at com.kms.katalon.core.webui.keyword.WebUiBuiltInKeywords.getCSSValue(WebUiBuiltInKeywords.groovy:3534)
	at com.kms.katalon.core.webui.keyword.WebUiBuiltInKeywords$getCSSValue$19.call(Unknown Source)
	at Script1591634907012.run(Script1591634907012.groovy:82)
	... 13 more
)

2020-09-08 11:50:41 - [MESSAGE][INFO] - Unable to find the element located by 'By.xpath: (//*[text()='Post-Draw Balances Safe']//parent::*//*)[1]'. Please recheck the objects properties to make sure the desired element is located. 

2020-09-08 11:50:41 - [MESSAGE][FAILED] - Cannot get CSS 'color' value on 'Object Repository/FDR-Draw/reviewScreen/postDrawBalanceSafeIcon'. (Root cause: com.kms.katalon.core.exception.StepFailedException: Cannot get CSS 'color' value on 'Object Repository/FDR-Draw/reviewScreen/postDrawBalanceSafeIcon'.
	at com.kms.katalon.core.webui.keyword.internal.WebUIKeywordMain.stepFailed(WebUIKeywordMain.groovy:64)
	at com.kms.katalon.core.webui.keyword.internal.WebUIKeywordMain.runKeyword(WebUIKeywordMain.groovy:26)
	at com.kms.katalon.core.webui.keyword.builtin.getCSSValueKeyword.getCSSValue(GetCSSValueKeyword.groovy:84)
	at com.kms.katalon.core.webui.keyword.builtin.getCSSValueKeyword.execute(GetCSSValueKeyword.groovy:68)
	at com.kms.katalon.core.keyword.internal.KeywordExecutor.executeKeywordForPlatform(KeywordExecutor.groovy:73)
	at com.kms.katalon.core.webui.keyword.WebUiBuiltInKeywords.getCSSValue(WebUiBuiltInKeywords.groovy:3534)
	at com.kms.katalon.core.webui.keyword.WebUiBuiltInKeywords$getCSSValue$19.call(Unknown Source)
	at FDR-Update-SCO-Balances-Icons.run(FDR-Update-SCO-Balances-Icons:82)
	at com.kms.katalon.core.main.ScriptEngine.run(ScriptEngine.java:194)
	at com.kms.katalon.core.main.ScriptEngine.runScriptAsRawText(ScriptEngine.java:119)
	at com.kms.katalon.core.main.TestCaseExecutor.runScript(TestCaseExecutor.java:339)
	at com.kms.katalon.core.main.TestCaseExecutor.doExecute(TestCaseExecutor.java:330)
	at com.kms.katalon.core.main.TestCaseExecutor.processExecutionPhase(TestCaseExecutor.java:309)
	at com.kms.katalon.core.main.TestCaseExecutor.accessMainPhase(TestCaseExecutor.java:301)
	at com.kms.katalon.core.main.TestCaseExecutor.execute(TestCaseExecutor.java:235)
	at com.kms.katalon.core.main.TestSuiteExecutor.accessTestCaseMainPhase(TestSuiteExecutor.java:191)
	at com.kms.katalon.core.main.TestSuiteExecutor.accessTestSuiteMainPhase(TestSuiteExecutor.java:141)
	at com.kms.katalon.core.main.TestSuiteExecutor.execute(TestSuiteExecutor.java:90)
	at com.kms.katalon.core.main.TestCaseMain.startTestSuite(TestCaseMain.java:157)
	at com.kms.katalon.core.main.TestCaseMain$startTestSuite$0.call(Unknown Source)
	at TempTestSuite1599589933195.run(TempTestSuite1599589933195.groovy:39)
Caused by: com.kms.katalon.core.webui.exception.WebElementNotFoundException: Web element with id: 'Object Repository/FDR-Draw/reviewScreen/postDrawBalanceSafeIcon' located by '(//*[text()='Post-Draw Balances Safe']//parent::*//*)[1]' not found
	at com.kms.katalon.core.webui.common.WebUiCommonHelper.findWebElement(WebUiCommonHelper.java:1368)
	at com.kms.katalon.core.webui.keyword.internal.WebUIAbstractKeyword.findWebElement(WebUIAbstractKeyword.groovy:27)
	at com.kms.katalon.core.webui.keyword.internal.WebUIAbstractKeyword.findWebElement(WebUIAbstractKeyword.groovy:26)
	at com.kms.katalon.core.webui.keyword.builtin.getCSSValueKeyword$_getCSSValue_closure1.doCall(GetCSSValueKeyword.groovy:75)
	at com.kms.katalon.core.webui.keyword.builtin.getCSSValueKeyword$_getCSSValue_closure1.call(GetCSSValueKeyword.groovy)
	at com.kms.katalon.core.webui.keyword.internal.WebUIKeywordMain.runKeyword(WebUIKeywordMain.groovy:20)
	at com.kms.katalon.core.webui.keyword.builtin.getCSSValueKeyword.getCSSValue(GetCSSValueKeyword.groovy:84)
	at com.kms.katalon.core.webui.keyword.builtin.getCSSValueKeyword.execute(GetCSSValueKeyword.groovy:68)
	at com.kms.katalon.core.keyword.internal.KeywordExecutor.executeKeywordForPlatform(KeywordExecutor.groovy:73)
	at com.kms.katalon.core.webui.keyword.WebUiBuiltInKeywords.getCSSValue(WebUiBuiltInKeywords.groovy:3534)
	at com.kms.katalon.core.webui.keyword.WebUiBuiltInKeywords$getCSSValue$19.call(Unknown Source)
	at Script1591634907012.run(Script1591634907012.groovy:82)
	... 13 more
)
[[ATTACHMENT|C:\\fdr-automation-develop_08_25_2020\\Reports\\20200908_113210\\Draw-Integration_Suite\\20200908_113213\\1599591041506.png]]

2020-09-08 11:50:41 - [TEST_STEP][PASSED] - if (postDrawBalanceIconStatus == grayRGBValue): null

2020-09-08 11:50:41 - [TEST_STEP][PASSED] - else if (postDrawBalanceIconStatus == greenRGBValue): null

2020-09-08 11:50:41 - [TEST_STEP][FAILED] - else: postDrawBalanceIconStatus Icon color  is neither Green nor Gray

2020-09-08 11:50:41 - [TEST_STEP][FAILED] - markFailed("postDrawBalanceIconStatus Icon color  is neither Green nor Gray"): postDrawBalanceIconStatus Icon color  is neither Green nor Gray

2020-09-08 11:50:41 - [MESSAGE][FAILED] - postDrawBalanceIconStatus Icon color  is neither Green nor Gray

2020-09-08 11:50:41 - [TEST_STEP][FAILED] - expdThumbsUpColor = getCSSValue(findTestObject("Object Repository/FDR-Draw/reviewScreen/expenditureThumsUpButton"), "color"): Cannot get CSS 'color' value on 'Object Repository/FDR-Draw/reviewScreen/expenditureThumsUpButton'. (Root cause: com.kms.katalon.core.exception.StepFailedException: Cannot get CSS 'color' value on 'Object Repository/FDR-Draw/reviewScreen/expenditureThumsUpButton'.
	at com.kms.katalon.core.webui.keyword.internal.WebUIKeywordMain.stepFailed(WebUIKeywordMain.groovy:64)
	at com.kms.katalon.core.webui.keyword.internal.WebUIKeywordMain.runKeyword(WebUIKeywordMain.groovy:26)
	at com.kms.katalon.core.webui.keyword.builtin.getCSSValueKeyword.getCSSValue(GetCSSValueKeyword.groovy:84)
	at com.kms.katalon.core.webui.keyword.builtin.getCSSValueKeyword.execute(GetCSSValueKeyword.groovy:68)
	at com.kms.katalon.core.keyword.internal.KeywordExecutor.executeKeywordForPlatform(KeywordExecutor.groovy:73)
	at com.kms.katalon.core.webui.keyword.WebUiBuiltInKeywords.getCSSValue(WebUiBuiltInKeywords.groovy:3534)
	at com.kms.katalon.core.webui.keyword.WebUiBuiltInKeywords$getCSSValue$19.call(Unknown Source)
	at FDR-Update-SCO-Balances-Icons.run(FDR-Update-SCO-Balances-Icons:93)
	at com.kms.katalon.core.main.ScriptEngine.run(ScriptEngine.java:194)
	at com.kms.katalon.core.main.ScriptEngine.runScriptAsRawText(ScriptEngine.java:119)
	at com.kms.katalon.core.main.TestCaseExecutor.runScript(TestCaseExecutor.java:339)
	at com.kms.katalon.core.main.TestCaseExecutor.doExecute(TestCaseExecutor.java:330)
	at com.kms.katalon.core.main.TestCaseExecutor.processExecutionPhase(TestCaseExecutor.java:309)
	at com.kms.katalon.core.main.TestCaseExecutor.accessMainPhase(TestCaseExecutor.java:301)
	at com.kms.katalon.core.main.TestCaseExecutor.execute(TestCaseExecutor.java:235)
	at com.kms.katalon.core.main.TestSuiteExecutor.accessTestCaseMainPhase(TestSuiteExecutor.java:191)
	at com.kms.katalon.core.main.TestSuiteExecutor.accessTestSuiteMainPhase(TestSuiteExecutor.java:141)
	at com.kms.katalon.core.main.TestSuiteExecutor.execute(TestSuiteExecutor.java:90)
	at com.kms.katalon.core.main.TestCaseMain.startTestSuite(TestCaseMain.java:157)
	at com.kms.katalon.core.main.TestCaseMain$startTestSuite$0.call(Unknown Source)
	at TempTestSuite1599589933195.run(TempTestSuite1599589933195.groovy:39)
Caused by: com.kms.katalon.core.webui.exception.WebElementNotFoundException: Web element with id: 'Object Repository/FDR-Draw/reviewScreen/expenditureThumsUpButton' located by '((//*[text()='Expenditures']//parent::*//parent::*//parent::*)//button)[2]' not found
	at com.kms.katalon.core.webui.common.WebUiCommonHelper.findWebElement(WebUiCommonHelper.java:1368)
	at com.kms.katalon.core.webui.keyword.internal.WebUIAbstractKeyword.findWebElement(WebUIAbstractKeyword.groovy:27)
	at com.kms.katalon.core.webui.keyword.internal.WebUIAbstractKeyword.findWebElement(WebUIAbstractKeyword.groovy:26)
	at com.kms.katalon.core.webui.keyword.builtin.getCSSValueKeyword$_getCSSValue_closure1.doCall(GetCSSValueKeyword.groovy:75)
	at com.kms.katalon.core.webui.keyword.builtin.getCSSValueKeyword$_getCSSValue_closure1.call(GetCSSValueKeyword.groovy)
	at com.kms.katalon.core.webui.keyword.internal.WebUIKeywordMain.runKeyword(WebUIKeywordMain.groovy:20)
	at com.kms.katalon.core.webui.keyword.builtin.getCSSValueKeyword.getCSSValue(GetCSSValueKeyword.groovy:84)
	at com.kms.katalon.core.webui.keyword.builtin.getCSSValueKeyword.execute(GetCSSValueKeyword.groovy:68)
	at com.kms.katalon.core.keyword.internal.KeywordExecutor.executeKeywordForPlatform(KeywordExecutor.groovy:73)
	at com.kms.katalon.core.webui.keyword.WebUiBuiltInKeywords.getCSSValue(WebUiBuiltInKeywords.groovy:3534)
	at com.kms.katalon.core.webui.keyword.WebUiBuiltInKeywords$getCSSValue$19.call(Unknown Source)
	at Script1591634907012.run(Script1591634907012.groovy:93)
	... 13 more
)

2020-09-08 11:50:46 - [MESSAGE][INFO] - Unable to find the element located by 'By.xpath: ((//*[text()='Expenditures']//parent::*//parent::*//parent::*)//button)[2]'. Please recheck the objects properties to make sure the desired element is located. 

2020-09-08 11:50:46 - [MESSAGE][FAILED] - Cannot get CSS 'color' value on 'Object Repository/FDR-Draw/reviewScreen/expenditureThumsUpButton'. (Root cause: com.kms.katalon.core.exception.StepFailedException: Cannot get CSS 'color' value on 'Object Repository/FDR-Draw/reviewScreen/expenditureThumsUpButton'.
	at com.kms.katalon.core.webui.keyword.internal.WebUIKeywordMain.stepFailed(WebUIKeywordMain.groovy:64)
	at com.kms.katalon.core.webui.keyword.internal.WebUIKeywordMain.runKeyword(WebUIKeywordMain.groovy:26)
	at com.kms.katalon.core.webui.keyword.builtin.getCSSValueKeyword.getCSSValue(GetCSSValueKeyword.groovy:84)
	at com.kms.katalon.core.webui.keyword.builtin.getCSSValueKeyword.execute(GetCSSValueKeyword.groovy:68)
	at com.kms.katalon.core.keyword.internal.KeywordExecutor.executeKeywordForPlatform(KeywordExecutor.groovy:73)
	at com.kms.katalon.core.webui.keyword.WebUiBuiltInKeywords.getCSSValue(WebUiBuiltInKeywords.groovy:3534)
	at com.kms.katalon.core.webui.keyword.WebUiBuiltInKeywords$getCSSValue$19.call(Unknown Source)
	at FDR-Update-SCO-Balances-Icons.run(FDR-Update-SCO-Balances-Icons:93)
	at com.kms.katalon.core.main.ScriptEngine.run(ScriptEngine.java:194)
	at com.kms.katalon.core.main.ScriptEngine.runScriptAsRawText(ScriptEngine.java:119)
	at com.kms.katalon.core.main.TestCaseExecutor.runScript(TestCaseExecutor.java:339)
	at com.kms.katalon.core.main.TestCaseExecutor.doExecute(TestCaseExecutor.java:330)
	at com.kms.katalon.core.main.TestCaseExecutor.processExecutionPhase(TestCaseExecutor.java:309)
	at com.kms.katalon.core.main.TestCaseExecutor.accessMainPhase(TestCaseExecutor.java:301)
	at com.kms.katalon.core.main.TestCaseExecutor.execute(TestCaseExecutor.java:235)
	at com.kms.katalon.core.main.TestSuiteExecutor.accessTestCaseMainPhase(TestSuiteExecutor.java:191)
	at com.kms.katalon.core.main.TestSuiteExecutor.accessTestSuiteMainPhase(TestSuiteExecutor.java:141)
	at com.kms.katalon.core.main.TestSuiteExecutor.execute(TestSuiteExecutor.java:90)
	at com.kms.katalon.core.main.TestCaseMain.startTestSuite(TestCaseMain.java:157)
	at com.kms.katalon.core.main.TestCaseMain$startTestSuite$0.call(Unknown Source)
	at TempTestSuite1599589933195.run(TempTestSuite1599589933195.groovy:39)
Caused by: com.kms.katalon.core.webui.exception.WebElementNotFoundException: Web element with id: 'Object Repository/FDR-Draw/reviewScreen/expenditureThumsUpButton' located by '((//*[text()='Expenditures']//parent::*//parent::*//parent::*)//button)[2]' not found
	at com.kms.katalon.core.webui.common.WebUiCommonHelper.findWebElement(WebUiCommonHelper.java:1368)
	at com.kms.katalon.core.webui.keyword.internal.WebUIAbstractKeyword.findWebElement(WebUIAbstractKeyword.groovy:27)
	at com.kms.katalon.core.webui.keyword.internal.WebUIAbstractKeyword.findWebElement(WebUIAbstractKeyword.groovy:26)
	at com.kms.katalon.core.webui.keyword.builtin.getCSSValueKeyword$_getCSSValue_closure1.doCall(GetCSSValueKeyword.groovy:75)
	at com.kms.katalon.core.webui.keyword.builtin.getCSSValueKeyword$_getCSSValue_closure1.call(GetCSSValueKeyword.groovy)
	at com.kms.katalon.core.webui.keyword.internal.WebUIKeywordMain.runKeyword(WebUIKeywordMain.groovy:20)
	at com.kms.katalon.core.webui.keyword.builtin.getCSSValueKeyword.getCSSValue(GetCSSValueKeyword.groovy:84)
	at com.kms.katalon.core.webui.keyword.builtin.getCSSValueKeyword.execute(GetCSSValueKeyword.groovy:68)
	at com.kms.katalon.core.keyword.internal.KeywordExecutor.executeKeywordForPlatform(KeywordExecutor.groovy:73)
	at com.kms.katalon.core.webui.keyword.WebUiBuiltInKeywords.getCSSValue(WebUiBuiltInKeywords.groovy:3534)
	at com.kms.katalon.core.webui.keyword.WebUiBuiltInKeywords$getCSSValue$19.call(Unknown Source)
	at Script1591634907012.run(Script1591634907012.groovy:93)
	... 13 more
)
[[ATTACHMENT|C:\\fdr-automation-develop_08_25_2020\\Reports\\20200908_113210\\Draw-Integration_Suite\\20200908_113213\\1599591046045.png]]

2020-09-08 11:50:46 - [TEST_STEP][PASSED] - if (expdThumbsUpColor == grayRGBValue): null

2020-09-08 11:50:46 - [TEST_STEP][FAILED] - recpThumbsUpColor = getCSSValue(findTestObject("Object Repository/FDR-Draw/reviewScreen/receiptsThumbsUpButton"), "color"): Cannot get CSS 'color' value on 'Object Repository/FDR-Draw/reviewScreen/receiptsThumbsUpButton'. (Root cause: com.kms.katalon.core.exception.StepFailedException: Cannot get CSS 'color' value on 'Object Repository/FDR-Draw/reviewScreen/receiptsThumbsUpButton'.
	at com.kms.katalon.core.webui.keyword.internal.WebUIKeywordMain.stepFailed(WebUIKeywordMain.groovy:64)
	at com.kms.katalon.core.webui.keyword.internal.WebUIKeywordMain.runKeyword(WebUIKeywordMain.groovy:26)
	at com.kms.katalon.core.webui.keyword.builtin.getCSSValueKeyword.getCSSValue(GetCSSValueKeyword.groovy:84)
	at com.kms.katalon.core.webui.keyword.builtin.getCSSValueKeyword.execute(GetCSSValueKeyword.groovy:68)
	at com.kms.katalon.core.keyword.internal.KeywordExecutor.executeKeywordForPlatform(KeywordExecutor.groovy:73)
	at com.kms.katalon.core.webui.keyword.WebUiBuiltInKeywords.getCSSValue(WebUiBuiltInKeywords.groovy:3534)
	at com.kms.katalon.core.webui.keyword.WebUiBuiltInKeywords$getCSSValue$19.call(Unknown Source)
	at FDR-Update-SCO-Balances-Icons.run(FDR-Update-SCO-Balances-Icons:102)
	at com.kms.katalon.core.main.ScriptEngine.run(ScriptEngine.java:194)
	at com.kms.katalon.core.main.ScriptEngine.runScriptAsRawText(ScriptEngine.java:119)
	at com.kms.katalon.core.main.TestCaseExecutor.runScript(TestCaseExecutor.java:339)
	at com.kms.katalon.core.main.TestCaseExecutor.doExecute(TestCaseExecutor.java:330)
	at com.kms.katalon.core.main.TestCaseExecutor.processExecutionPhase(TestCaseExecutor.java:309)
	at com.kms.katalon.core.main.TestCaseExecutor.accessMainPhase(TestCaseExecutor.java:301)
	at com.kms.katalon.core.main.TestCaseExecutor.execute(TestCaseExecutor.java:235)
	at com.kms.katalon.core.main.TestSuiteExecutor.accessTestCaseMainPhase(TestSuiteExecutor.java:191)
	at com.kms.katalon.core.main.TestSuiteExecutor.accessTestSuiteMainPhase(TestSuiteExecutor.java:141)
	at com.kms.katalon.core.main.TestSuiteExecutor.execute(TestSuiteExecutor.java:90)
	at com.kms.katalon.core.main.TestCaseMain.startTestSuite(TestCaseMain.java:157)
	at com.kms.katalon.core.main.TestCaseMain$startTestSuite$0.call(Unknown Source)
	at TempTestSuite1599589933195.run(TempTestSuite1599589933195.groovy:39)
Caused by: com.kms.katalon.core.webui.exception.WebElementNotFoundException: Web element with id: 'Object Repository/FDR-Draw/reviewScreen/receiptsThumbsUpButton' located by '((//*[text()='Receipts']//parent::*//parent::*//parent::*)//button)[2]' not found
	at com.kms.katalon.core.webui.common.WebUiCommonHelper.findWebElement(WebUiCommonHelper.java:1368)
	at com.kms.katalon.core.webui.keyword.internal.WebUIAbstractKeyword.findWebElement(WebUIAbstractKeyword.groovy:27)
	at com.kms.katalon.core.webui.keyword.internal.WebUIAbstractKeyword.findWebElement(WebUIAbstractKeyword.groovy:26)
	at com.kms.katalon.core.webui.keyword.builtin.getCSSValueKeyword$_getCSSValue_closure1.doCall(GetCSSValueKeyword.groovy:75)
	at com.kms.katalon.core.webui.keyword.builtin.getCSSValueKeyword$_getCSSValue_closure1.call(GetCSSValueKeyword.groovy)
	at com.kms.katalon.core.webui.keyword.internal.WebUIKeywordMain.runKeyword(WebUIKeywordMain.groovy:20)
	at com.kms.katalon.core.webui.keyword.builtin.getCSSValueKeyword.getCSSValue(GetCSSValueKeyword.groovy:84)
	at com.kms.katalon.core.webui.keyword.builtin.getCSSValueKeyword.execute(GetCSSValueKeyword.groovy:68)
	at com.kms.katalon.core.keyword.internal.KeywordExecutor.executeKeywordForPlatform(KeywordExecutor.groovy:73)
	at com.kms.katalon.core.webui.keyword.WebUiBuiltInKeywords.getCSSValue(WebUiBuiltInKeywords.groovy:3534)
	at com.kms.katalon.core.webui.keyword.WebUiBuiltInKeywords$getCSSValue$19.call(Unknown Source)
	at Script1591634907012.run(Script1591634907012.groovy:102)
	... 13 more
)

2020-09-08 11:50:50 - [MESSAGE][INFO] - Unable to find the element located by 'By.xpath: ((//*[text()='Receipts']//parent::*//parent::*//parent::*)//button)[2]'. Please recheck the objects properties to make sure the desired element is located. 

2020-09-08 11:50:50 - [MESSAGE][FAILED] - Cannot get CSS 'color' value on 'Object Repository/FDR-Draw/reviewScreen/receiptsThumbsUpButton'. (Root cause: com.kms.katalon.core.exception.StepFailedException: Cannot get CSS 'color' value on 'Object Repository/FDR-Draw/reviewScreen/receiptsThumbsUpButton'.
	at com.kms.katalon.core.webui.keyword.internal.WebUIKeywordMain.stepFailed(WebUIKeywordMain.groovy:64)
	at com.kms.katalon.core.webui.keyword.internal.WebUIKeywordMain.runKeyword(WebUIKeywordMain.groovy:26)
	at com.kms.katalon.core.webui.keyword.builtin.getCSSValueKeyword.getCSSValue(GetCSSValueKeyword.groovy:84)
	at com.kms.katalon.core.webui.keyword.builtin.getCSSValueKeyword.execute(GetCSSValueKeyword.groovy:68)
	at com.kms.katalon.core.keyword.internal.KeywordExecutor.executeKeywordForPlatform(KeywordExecutor.groovy:73)
	at com.kms.katalon.core.webui.keyword.WebUiBuiltInKeywords.getCSSValue(WebUiBuiltInKeywords.groovy:3534)
	at com.kms.katalon.core.webui.keyword.WebUiBuiltInKeywords$getCSSValue$19.call(Unknown Source)
	at FDR-Update-SCO-Balances-Icons.run(FDR-Update-SCO-Balances-Icons:102)
	at com.kms.katalon.core.main.ScriptEngine.run(ScriptEngine.java:194)
	at com.kms.katalon.core.main.ScriptEngine.runScriptAsRawText(ScriptEngine.java:119)
	at com.kms.katalon.core.main.TestCaseExecutor.runScript(TestCaseExecutor.java:339)
	at com.kms.katalon.core.main.TestCaseExecutor.doExecute(TestCaseExecutor.java:330)
	at com.kms.katalon.core.main.TestCaseExecutor.processExecutionPhase(TestCaseExecutor.java:309)
	at com.kms.katalon.core.main.TestCaseExecutor.accessMainPhase(TestCaseExecutor.java:301)
	at com.kms.katalon.core.main.TestCaseExecutor.execute(TestCaseExecutor.java:235)
	at com.kms.katalon.core.main.TestSuiteExecutor.accessTestCaseMainPhase(TestSuiteExecutor.java:191)
	at com.kms.katalon.core.main.TestSuiteExecutor.accessTestSuiteMainPhase(TestSuiteExecutor.java:141)
	at com.kms.katalon.core.main.TestSuiteExecutor.execute(TestSuiteExecutor.java:90)
	at com.kms.katalon.core.main.TestCaseMain.startTestSuite(TestCaseMain.java:157)
	at com.kms.katalon.core.main.TestCaseMain$startTestSuite$0.call(Unknown Source)
	at TempTestSuite1599589933195.run(TempTestSuite1599589933195.groovy:39)
Caused by: com.kms.katalon.core.webui.exception.WebElementNotFoundException: Web element with id: 'Object Repository/FDR-Draw/reviewScreen/receiptsThumbsUpButton' located by '((//*[text()='Receipts']//parent::*//parent::*//parent::*)//button)[2]' not found
	at com.kms.katalon.core.webui.common.WebUiCommonHelper.findWebElement(WebUiCommonHelper.java:1368)
	at com.kms.katalon.core.webui.keyword.internal.WebUIAbstractKeyword.findWebElement(WebUIAbstractKeyword.groovy:27)
	at com.kms.katalon.core.webui.keyword.internal.WebUIAbstractKeyword.findWebElement(WebUIAbstractKeyword.groovy:26)
	at com.kms.katalon.core.webui.keyword.builtin.getCSSValueKeyword$_getCSSValue_closure1.doCall(GetCSSValueKeyword.groovy:75)
	at com.kms.katalon.core.webui.keyword.builtin.getCSSValueKeyword$_getCSSValue_closure1.call(GetCSSValueKeyword.groovy)
	at com.kms.katalon.core.webui.keyword.internal.WebUIKeywordMain.runKeyword(WebUIKeywordMain.groovy:20)
	at com.kms.katalon.core.webui.keyword.builtin.getCSSValueKeyword.getCSSValue(GetCSSValueKeyword.groovy:84)
	at com.kms.katalon.core.webui.keyword.builtin.getCSSValueKeyword.execute(GetCSSValueKeyword.groovy:68)
	at com.kms.katalon.core.keyword.internal.KeywordExecutor.executeKeywordForPlatform(KeywordExecutor.groovy:73)
	at com.kms.katalon.core.webui.keyword.WebUiBuiltInKeywords.getCSSValue(WebUiBuiltInKeywords.groovy:3534)
	at com.kms.katalon.core.webui.keyword.WebUiBuiltInKeywords$getCSSValue$19.call(Unknown Source)
	at Script1591634907012.run(Script1591634907012.groovy:102)
	... 13 more
)
[[ATTACHMENT|C:\\fdr-automation-develop_08_25_2020\\Reports\\20200908_113210\\Draw-Integration_Suite\\20200908_113213\\1599591050421.png]]

2020-09-08 11:50:50 - [TEST_STEP][PASSED] - if (recpThumbsUpColor == grayRGBValue): null

2020-09-08 11:50:50 - [TEST_STEP][FAILED] - documenAmountIconStatus = getCSSValue(findTestObject("Object Repository/FDR-Draw/reviewScreen/documentsAmountVerified"), "color"): Cannot get CSS 'color' value on 'Object Repository/FDR-Draw/reviewScreen/documentsAmountVerified'. (Root cause: com.kms.katalon.core.exception.StepFailedException: Cannot get CSS 'color' value on 'Object Repository/FDR-Draw/reviewScreen/documentsAmountVerified'.
	at com.kms.katalon.core.webui.keyword.internal.WebUIKeywordMain.stepFailed(WebUIKeywordMain.groovy:64)
	at com.kms.katalon.core.webui.keyword.internal.WebUIKeywordMain.runKeyword(WebUIKeywordMain.groovy:26)
	at com.kms.katalon.core.webui.keyword.builtin.getCSSValueKeyword.getCSSValue(GetCSSValueKeyword.groovy:84)
	at com.kms.katalon.core.webui.keyword.builtin.getCSSValueKeyword.execute(GetCSSValueKeyword.groovy:68)
	at com.kms.katalon.core.keyword.internal.KeywordExecutor.executeKeywordForPlatform(KeywordExecutor.groovy:73)
	at com.kms.katalon.core.webui.keyword.WebUiBuiltInKeywords.getCSSValue(WebUiBuiltInKeywords.groovy:3534)
	at com.kms.katalon.core.webui.keyword.WebUiBuiltInKeywords$getCSSValue$19.call(Unknown Source)
	at FDR-Update-SCO-Balances-Icons.run(FDR-Update-SCO-Balances-Icons:111)
	at com.kms.katalon.core.main.ScriptEngine.run(ScriptEngine.java:194)
	at com.kms.katalon.core.main.ScriptEngine.runScriptAsRawText(ScriptEngine.java:119)
	at com.kms.katalon.core.main.TestCaseExecutor.runScript(TestCaseExecutor.java:339)
	at com.kms.katalon.core.main.TestCaseExecutor.doExecute(TestCaseExecutor.java:330)
	at com.kms.katalon.core.main.TestCaseExecutor.processExecutionPhase(TestCaseExecutor.java:309)
	at com.kms.katalon.core.main.TestCaseExecutor.accessMainPhase(TestCaseExecutor.java:301)
	at com.kms.katalon.core.main.TestCaseExecutor.execute(TestCaseExecutor.java:235)
	at com.kms.katalon.core.main.TestSuiteExecutor.accessTestCaseMainPhase(TestSuiteExecutor.java:191)
	at com.kms.katalon.core.main.TestSuiteExecutor.accessTestSuiteMainPhase(TestSuiteExecutor.java:141)
	at com.kms.katalon.core.main.TestSuiteExecutor.execute(TestSuiteExecutor.java:90)
	at com.kms.katalon.core.main.TestCaseMain.startTestSuite(TestCaseMain.java:157)
	at com.kms.katalon.core.main.TestCaseMain$startTestSuite$0.call(Unknown Source)
	at TempTestSuite1599589933195.run(TempTestSuite1599589933195.groovy:39)
Caused by: com.kms.katalon.core.webui.exception.WebElementNotFoundException: Web element with id: 'Object Repository/FDR-Draw/reviewScreen/documentsAmountVerified' located by '(//*[text()='Document Amounts Verified']//parent::*//*)[1]' not found
	at com.kms.katalon.core.webui.common.WebUiCommonHelper.findWebElement(WebUiCommonHelper.java:1368)
	at com.kms.katalon.core.webui.keyword.internal.WebUIAbstractKeyword.findWebElement(WebUIAbstractKeyword.groovy:27)
	at com.kms.katalon.core.webui.keyword.internal.WebUIAbstractKeyword.findWebElement(WebUIAbstractKeyword.groovy:26)
	at com.kms.katalon.core.webui.keyword.builtin.getCSSValueKeyword$_getCSSValue_closure1.doCall(GetCSSValueKeyword.groovy:75)
	at com.kms.katalon.core.webui.keyword.builtin.getCSSValueKeyword$_getCSSValue_closure1.call(GetCSSValueKeyword.groovy)
	at com.kms.katalon.core.webui.keyword.internal.WebUIKeywordMain.runKeyword(WebUIKeywordMain.groovy:20)
	at com.kms.katalon.core.webui.keyword.builtin.getCSSValueKeyword.getCSSValue(GetCSSValueKeyword.groovy:84)
	at com.kms.katalon.core.webui.keyword.builtin.getCSSValueKeyword.execute(GetCSSValueKeyword.groovy:68)
	at com.kms.katalon.core.keyword.internal.KeywordExecutor.executeKeywordForPlatform(KeywordExecutor.groovy:73)
	at com.kms.katalon.core.webui.keyword.WebUiBuiltInKeywords.getCSSValue(WebUiBuiltInKeywords.groovy:3534)
	at com.kms.katalon.core.webui.keyword.WebUiBuiltInKeywords$getCSSValue$19.call(Unknown Source)
	at Script1591634907012.run(Script1591634907012.groovy:111)
	... 13 more
)

2020-09-08 11:50:54 - [MESSAGE][INFO] - Unable to find the element located by 'By.xpath: (//*[text()='Document Amounts Verified']//parent::*//*)[1]'. Please recheck the objects properties to make sure the desired element is located. 

2020-09-08 11:50:55 - [MESSAGE][FAILED] - Cannot get CSS 'color' value on 'Object Repository/FDR-Draw/reviewScreen/documentsAmountVerified'. (Root cause: com.kms.katalon.core.exception.StepFailedException: Cannot get CSS 'color' value on 'Object Repository/FDR-Draw/reviewScreen/documentsAmountVerified'.
	at com.kms.katalon.core.webui.keyword.internal.WebUIKeywordMain.stepFailed(WebUIKeywordMain.groovy:64)
	at com.kms.katalon.core.webui.keyword.internal.WebUIKeywordMain.runKeyword(WebUIKeywordMain.groovy:26)
	at com.kms.katalon.core.webui.keyword.builtin.getCSSValueKeyword.getCSSValue(GetCSSValueKeyword.groovy:84)
	at com.kms.katalon.core.webui.keyword.builtin.getCSSValueKeyword.execute(GetCSSValueKeyword.groovy:68)
	at com.kms.katalon.core.keyword.internal.KeywordExecutor.executeKeywordForPlatform(KeywordExecutor.groovy:73)
	at com.kms.katalon.core.webui.keyword.WebUiBuiltInKeywords.getCSSValue(WebUiBuiltInKeywords.groovy:3534)
	at com.kms.katalon.core.webui.keyword.WebUiBuiltInKeywords$getCSSValue$19.call(Unknown Source)
	at FDR-Update-SCO-Balances-Icons.run(FDR-Update-SCO-Balances-Icons:111)
	at com.kms.katalon.core.main.ScriptEngine.run(ScriptEngine.java:194)
	at com.kms.katalon.core.main.ScriptEngine.runScriptAsRawText(ScriptEngine.java:119)
	at com.kms.katalon.core.main.TestCaseExecutor.runScript(TestCaseExecutor.java:339)
	at com.kms.katalon.core.main.TestCaseExecutor.doExecute(TestCaseExecutor.java:330)
	at com.kms.katalon.core.main.TestCaseExecutor.processExecutionPhase(TestCaseExecutor.java:309)
	at com.kms.katalon.core.main.TestCaseExecutor.accessMainPhase(TestCaseExecutor.java:301)
	at com.kms.katalon.core.main.TestCaseExecutor.execute(TestCaseExecutor.java:235)
	at com.kms.katalon.core.main.TestSuiteExecutor.accessTestCaseMainPhase(TestSuiteExecutor.java:191)
	at com.kms.katalon.core.main.TestSuiteExecutor.accessTestSuiteMainPhase(TestSuiteExecutor.java:141)
	at com.kms.katalon.core.main.TestSuiteExecutor.execute(TestSuiteExecutor.java:90)
	at com.kms.katalon.core.main.TestCaseMain.startTestSuite(TestCaseMain.java:157)
	at com.kms.katalon.core.main.TestCaseMain$startTestSuite$0.call(Unknown Source)
	at TempTestSuite1599589933195.run(TempTestSuite1599589933195.groovy:39)
Caused by: com.kms.katalon.core.webui.exception.WebElementNotFoundException: Web element with id: 'Object Repository/FDR-Draw/reviewScreen/documentsAmountVerified' located by '(//*[text()='Document Amounts Verified']//parent::*//*)[1]' not found
	at com.kms.katalon.core.webui.common.WebUiCommonHelper.findWebElement(WebUiCommonHelper.java:1368)
	at com.kms.katalon.core.webui.keyword.internal.WebUIAbstractKeyword.findWebElement(WebUIAbstractKeyword.groovy:27)
	at com.kms.katalon.core.webui.keyword.internal.WebUIAbstractKeyword.findWebElement(WebUIAbstractKeyword.groovy:26)
	at com.kms.katalon.core.webui.keyword.builtin.getCSSValueKeyword$_getCSSValue_closure1.doCall(GetCSSValueKeyword.groovy:75)
	at com.kms.katalon.core.webui.keyword.builtin.getCSSValueKeyword$_getCSSValue_closure1.call(GetCSSValueKeyword.groovy)
	at com.kms.katalon.core.webui.keyword.internal.WebUIKeywordMain.runKeyword(WebUIKeywordMain.groovy:20)
	at com.kms.katalon.core.webui.keyword.builtin.getCSSValueKeyword.getCSSValue(GetCSSValueKeyword.groovy:84)
	at com.kms.katalon.core.webui.keyword.builtin.getCSSValueKeyword.execute(GetCSSValueKeyword.groovy:68)
	at com.kms.katalon.core.keyword.internal.KeywordExecutor.executeKeywordForPlatform(KeywordExecutor.groovy:73)
	at com.kms.katalon.core.webui.keyword.WebUiBuiltInKeywords.getCSSValue(WebUiBuiltInKeywords.groovy:3534)
	at com.kms.katalon.core.webui.keyword.WebUiBuiltInKeywords$getCSSValue$19.call(Unknown Source)
	at Script1591634907012.run(Script1591634907012.groovy:111)
	... 13 more
)
[[ATTACHMENT|C:\\fdr-automation-develop_08_25_2020\\Reports\\20200908_113210\\Draw-Integration_Suite\\20200908_113213\\1599591054904.png]]

2020-09-08 11:50:55 - [TEST_STEP][PASSED] - if (documenAmountIconStatus == grayRGBValue): null

2020-09-08 11:50:55 - [TEST_STEP][PASSED] - documentAmountsStatus = 1: null

2020-09-08 11:50:55 - [TEST_STEP][PASSED] - waitForElementPresent(findTestObject("FDR-Dashboard/createNewVoucherButton"), 1): Object 'Object Repository/FDR-Dashboard/createNewVoucherButton' is not present after 1 second(s)

2020-09-08 11:50:57 - [MESSAGE][INFO] - Unable to find the element located by 'By.xpath: //*[@data-id='button-link']//*[contains(text(),'Create New Voucher')]'. Please recheck the objects properties to make sure the desired element is located. 

2020-09-08 11:50:57 - [MESSAGE][WARNING] - Object 'Object Repository/FDR-Dashboard/createNewVoucherButton' is not present after 1 second(s)

2020-09-08 11:50:57 - [TEST_STEP][FAILED] - click(findTestObject("Object Repository/FDR-Draw/reviewScreen/closedIcon")): Unable to click on object 'Object Repository/FDR-Draw/reviewScreen/closedIcon' (Root cause: com.kms.katalon.core.exception.StepFailedException: Unable to click on object 'Object Repository/FDR-Draw/reviewScreen/closedIcon'
	at com.kms.katalon.core.webui.keyword.internal.WebUIKeywordMain.stepFailed(WebUIKeywordMain.groovy:64)
	at com.kms.katalon.core.webui.keyword.internal.WebUIKeywordMain.runKeyword(WebUIKeywordMain.groovy:26)
	at com.kms.katalon.core.webui.keyword.builtin.ClickKeyword.click(ClickKeyword.groovy:76)
	at com.kms.katalon.core.webui.keyword.builtin.ClickKeyword.execute(ClickKeyword.groovy:43)
	at com.kms.katalon.core.keyword.internal.KeywordExecutor.executeKeywordForPlatform(KeywordExecutor.groovy:73)
	at com.kms.katalon.core.webui.keyword.WebUiBuiltInKeywords.click(WebUiBuiltInKeywords.groovy:616)
	at com.kms.katalon.core.webui.keyword.WebUiBuiltInKeywords$click$6.call(Unknown Source)
	at FDR-Update-SCO-Balances-Icons.run(FDR-Update-SCO-Balances-Icons:122)
	at com.kms.katalon.core.main.ScriptEngine.run(ScriptEngine.java:194)
	at com.kms.katalon.core.main.ScriptEngine.runScriptAsRawText(ScriptEngine.java:119)
	at com.kms.katalon.core.main.TestCaseExecutor.runScript(TestCaseExecutor.java:339)
	at com.kms.katalon.core.main.TestCaseExecutor.doExecute(TestCaseExecutor.java:330)
	at com.kms.katalon.core.main.TestCaseExecutor.processExecutionPhase(TestCaseExecutor.java:309)
	at com.kms.katalon.core.main.TestCaseExecutor.accessMainPhase(TestCaseExecutor.java:301)
	at com.kms.katalon.core.main.TestCaseExecutor.execute(TestCaseExecutor.java:235)
	at com.kms.katalon.core.main.TestSuiteExecutor.accessTestCaseMainPhase(TestSuiteExecutor.java:191)
	at com.kms.katalon.core.main.TestSuiteExecutor.accessTestSuiteMainPhase(TestSuiteExecutor.java:141)
	at com.kms.katalon.core.main.TestSuiteExecutor.execute(TestSuiteExecutor.java:90)
	at com.kms.katalon.core.main.TestCaseMain.startTestSuite(TestCaseMain.java:157)
	at com.kms.katalon.core.main.TestCaseMain$startTestSuite$0.call(Unknown Source)
	at TempTestSuite1599589933195.run(TempTestSuite1599589933195.groovy:39)
Caused by: com.kms.katalon.core.webui.exception.WebElementNotFoundException: Web element with id: 'Object Repository/FDR-Draw/reviewScreen/closedIcon' located by '//*[text()='Closed']' not found
	at com.kms.katalon.core.webui.common.WebUiCommonHelper.findWebElement(WebUiCommonHelper.java:1368)
	at com.kms.katalon.core.webui.keyword.internal.WebUIAbstractKeyword.findWebElement(WebUIAbstractKeyword.groovy:27)
	at com.kms.katalon.core.webui.keyword.internal.WebUIAbstractKeyword.findWebElement(WebUIAbstractKeyword.groovy:26)
	at com.kms.katalon.core.webui.keyword.builtin.ClickKeyword$_click_closure1.doCall(ClickKeyword.groovy:67)
	at com.kms.katalon.core.webui.keyword.builtin.ClickKeyword$_click_closure1.call(ClickKeyword.groovy)
	at com.kms.katalon.core.webui.keyword.internal.WebUIKeywordMain.runKeyword(WebUIKeywordMain.groovy:20)
	at com.kms.katalon.core.webui.keyword.builtin.ClickKeyword.click(ClickKeyword.groovy:76)
	at com.kms.katalon.core.webui.keyword.builtin.ClickKeyword.execute(ClickKeyword.groovy:43)
	at com.kms.katalon.core.keyword.internal.KeywordExecutor.executeKeywordForPlatform(KeywordExecutor.groovy:73)
	at com.kms.katalon.core.webui.keyword.WebUiBuiltInKeywords.click(WebUiBuiltInKeywords.groovy:616)
	at com.kms.katalon.core.webui.keyword.WebUiBuiltInKeywords$click$6.call(Unknown Source)
	at Script1591634907012.run(Script1591634907012.groovy:122)
	... 13 more
)

2020-09-08 11:51:01 - [MESSAGE][INFO] - Unable to find the element located by 'By.xpath: //*[text()='Closed']'. Please recheck the objects properties to make sure the desired element is located. 

2020-09-08 11:51:01 - [MESSAGE][FAILED] - Unable to click on object 'Object Repository/FDR-Draw/reviewScreen/closedIcon' (Root cause: com.kms.katalon.core.exception.StepFailedException: Unable to click on object 'Object Repository/FDR-Draw/reviewScreen/closedIcon'
	at com.kms.katalon.core.webui.keyword.internal.WebUIKeywordMain.stepFailed(WebUIKeywordMain.groovy:64)
	at com.kms.katalon.core.webui.keyword.internal.WebUIKeywordMain.runKeyword(WebUIKeywordMain.groovy:26)
	at com.kms.katalon.core.webui.keyword.builtin.ClickKeyword.click(ClickKeyword.groovy:76)
	at com.kms.katalon.core.webui.keyword.builtin.ClickKeyword.execute(ClickKeyword.groovy:43)
	at com.kms.katalon.core.keyword.internal.KeywordExecutor.executeKeywordForPlatform(KeywordExecutor.groovy:73)
	at com.kms.katalon.core.webui.keyword.WebUiBuiltInKeywords.click(WebUiBuiltInKeywords.groovy:616)
	at com.kms.katalon.core.webui.keyword.WebUiBuiltInKeywords$click$6.call(Unknown Source)
	at FDR-Update-SCO-Balances-Icons.run(FDR-Update-SCO-Balances-Icons:122)
	at com.kms.katalon.core.main.ScriptEngine.run(ScriptEngine.java:194)
	at com.kms.katalon.core.main.ScriptEngine.runScriptAsRawText(ScriptEngine.java:119)
	at com.kms.katalon.core.main.TestCaseExecutor.runScript(TestCaseExecutor.java:339)
	at com.kms.katalon.core.main.TestCaseExecutor.doExecute(TestCaseExecutor.java:330)
	at com.kms.katalon.core.main.TestCaseExecutor.processExecutionPhase(TestCaseExecutor.java:309)
	at com.kms.katalon.core.main.TestCaseExecutor.accessMainPhase(TestCaseExecutor.java:301)
	at com.kms.katalon.core.main.TestCaseExecutor.execute(TestCaseExecutor.java:235)
	at com.kms.katalon.core.main.TestSuiteExecutor.accessTestCaseMainPhase(TestSuiteExecutor.java:191)
	at com.kms.katalon.core.main.TestSuiteExecutor.accessTestSuiteMainPhase(TestSuiteExecutor.java:141)
	at com.kms.katalon.core.main.TestSuiteExecutor.execute(TestSuiteExecutor.java:90)
	at com.kms.katalon.core.main.TestCaseMain.startTestSuite(TestCaseMain.java:157)
	at com.kms.katalon.core.main.TestCaseMain$startTestSuite$0.call(Unknown Source)
	at TempTestSuite1599589933195.run(TempTestSuite1599589933195.groovy:39)
Caused by: com.kms.katalon.core.webui.exception.WebElementNotFoundException: Web element with id: 'Object Repository/FDR-Draw/reviewScreen/closedIcon' located by '//*[text()='Closed']' not found
	at com.kms.katalon.core.webui.common.WebUiCommonHelper.findWebElement(WebUiCommonHelper.java:1368)
	at com.kms.katalon.core.webui.keyword.internal.WebUIAbstractKeyword.findWebElement(WebUIAbstractKeyword.groovy:27)
	at com.kms.katalon.core.webui.keyword.internal.WebUIAbstractKeyword.findWebElement(WebUIAbstractKeyword.groovy:26)
	at com.kms.katalon.core.webui.keyword.builtin.ClickKeyword$_click_closure1.doCall(ClickKeyword.groovy:67)
	at com.kms.katalon.core.webui.keyword.builtin.ClickKeyword$_click_closure1.call(ClickKeyword.groovy)
	at com.kms.katalon.core.webui.keyword.internal.WebUIKeywordMain.runKeyword(WebUIKeywordMain.groovy:20)
	at com.kms.katalon.core.webui.keyword.builtin.ClickKeyword.click(ClickKeyword.groovy:76)
	at com.kms.katalon.core.webui.keyword.builtin.ClickKeyword.execute(ClickKeyword.groovy:43)
	at com.kms.katalon.core.keyword.internal.KeywordExecutor.executeKeywordForPlatform(KeywordExecutor.groovy:73)
	at com.kms.katalon.core.webui.keyword.WebUiBuiltInKeywords.click(WebUiBuiltInKeywords.groovy:616)
	at com.kms.katalon.core.webui.keyword.WebUiBuiltInKeywords$click$6.call(Unknown Source)
	at Script1591634907012.run(Script1591634907012.groovy:122)
	... 13 more
)
[[ATTACHMENT|C:\\fdr-automation-develop_08_25_2020\\Reports\\20200908_113210\\Draw-Integration_Suite\\20200908_113213\\1599591061539.png]]

2020-09-08 11:51:01 - [TEST_STEP][PASSED] - waitForElementPresent(findTestObject("FDR-Dashboard/createNewVoucherButton"), 1): Object 'Object Repository/FDR-Dashboard/createNewVoucherButton' is not present after 1 second(s)

2020-09-08 11:51:04 - [MESSAGE][INFO] - Unable to find the element located by 'By.xpath: //*[@data-id='button-link']//*[contains(text(),'Create New Voucher')]'. Please recheck the objects properties to make sure the desired element is located. 

2020-09-08 11:51:04 - [MESSAGE][WARNING] - Object 'Object Repository/FDR-Dashboard/createNewVoucherButton' is not present after 1 second(s)

2020-09-08 11:51:04 - [TEST_STEP][FAILED] - drawClosedIconStatus = getCSSValue(findTestObject("Object Repository/FDR-Draw/reviewScreen/drawClosedIcon"), "color"): Cannot get CSS 'color' value on 'Object Repository/FDR-Draw/reviewScreen/drawClosedIcon'. (Root cause: com.kms.katalon.core.exception.StepFailedException: Cannot get CSS 'color' value on 'Object Repository/FDR-Draw/reviewScreen/drawClosedIcon'.
	at com.kms.katalon.core.webui.keyword.internal.WebUIKeywordMain.stepFailed(WebUIKeywordMain.groovy:64)
	at com.kms.katalon.core.webui.keyword.internal.WebUIKeywordMain.runKeyword(WebUIKeywordMain.groovy:26)
	at com.kms.katalon.core.webui.keyword.builtin.getCSSValueKeyword.getCSSValue(GetCSSValueKeyword.groovy:84)
	at com.kms.katalon.core.webui.keyword.builtin.getCSSValueKeyword.execute(GetCSSValueKeyword.groovy:68)
	at com.kms.katalon.core.keyword.internal.KeywordExecutor.executeKeywordForPlatform(KeywordExecutor.groovy:73)
	at com.kms.katalon.core.webui.keyword.WebUiBuiltInKeywords.getCSSValue(WebUiBuiltInKeywords.groovy:3534)
	at com.kms.katalon.core.webui.keyword.WebUiBuiltInKeywords$getCSSValue$19.call(Unknown Source)
	at FDR-Update-SCO-Balances-Icons.run(FDR-Update-SCO-Balances-Icons:126)
	at com.kms.katalon.core.main.ScriptEngine.run(ScriptEngine.java:194)
	at com.kms.katalon.core.main.ScriptEngine.runScriptAsRawText(ScriptEngine.java:119)
	at com.kms.katalon.core.main.TestCaseExecutor.runScript(TestCaseExecutor.java:339)
	at com.kms.katalon.core.main.TestCaseExecutor.doExecute(TestCaseExecutor.java:330)
	at com.kms.katalon.core.main.TestCaseExecutor.processExecutionPhase(TestCaseExecutor.java:309)
	at com.kms.katalon.core.main.TestCaseExecutor.accessMainPhase(TestCaseExecutor.java:301)
	at com.kms.katalon.core.main.TestCaseExecutor.execute(TestCaseExecutor.java:235)
	at com.kms.katalon.core.main.TestSuiteExecutor.accessTestCaseMainPhase(TestSuiteExecutor.java:191)
	at com.kms.katalon.core.main.TestSuiteExecutor.accessTestSuiteMainPhase(TestSuiteExecutor.java:141)
	at com.kms.katalon.core.main.TestSuiteExecutor.execute(TestSuiteExecutor.java:90)
	at com.kms.katalon.core.main.TestCaseMain.startTestSuite(TestCaseMain.java:157)
	at com.kms.katalon.core.main.TestCaseMain$startTestSuite$0.call(Unknown Source)
	at TempTestSuite1599589933195.run(TempTestSuite1599589933195.groovy:39)
Caused by: com.kms.katalon.core.webui.exception.WebElementNotFoundException: Web element with id: 'Object Repository/FDR-Draw/reviewScreen/drawClosedIcon' located by '(//*[text()='Draw Closed']//parent::*//*)[1]' not found
	at com.kms.katalon.core.webui.common.WebUiCommonHelper.findWebElement(WebUiCommonHelper.java:1368)
	at com.kms.katalon.core.webui.keyword.internal.WebUIAbstractKeyword.findWebElement(WebUIAbstractKeyword.groovy:27)
	at com.kms.katalon.core.webui.keyword.internal.WebUIAbstractKeyword.findWebElement(WebUIAbstractKeyword.groovy:26)
	at com.kms.katalon.core.webui.keyword.builtin.getCSSValueKeyword$_getCSSValue_closure1.doCall(GetCSSValueKeyword.groovy:75)
	at com.kms.katalon.core.webui.keyword.builtin.getCSSValueKeyword$_getCSSValue_closure1.call(GetCSSValueKeyword.groovy)
	at com.kms.katalon.core.webui.keyword.internal.WebUIKeywordMain.runKeyword(WebUIKeywordMain.groovy:20)
	at com.kms.katalon.core.webui.keyword.builtin.getCSSValueKeyword.getCSSValue(GetCSSValueKeyword.groovy:84)
	at com.kms.katalon.core.webui.keyword.builtin.getCSSValueKeyword.execute(GetCSSValueKeyword.groovy:68)
	at com.kms.katalon.core.keyword.internal.KeywordExecutor.executeKeywordForPlatform(KeywordExecutor.groovy:73)
	at com.kms.katalon.core.webui.keyword.WebUiBuiltInKeywords.getCSSValue(WebUiBuiltInKeywords.groovy:3534)
	at com.kms.katalon.core.webui.keyword.WebUiBuiltInKeywords$getCSSValue$19.call(Unknown Source)
	at Script1591634907012.run(Script1591634907012.groovy:126)
	... 13 more
)

2020-09-08 11:51:08 - [MESSAGE][INFO] - Unable to find the element located by 'By.xpath: (//*[text()='Draw Closed']//parent::*//*)[1]'. Please recheck the objects properties to make sure the desired element is located. 

2020-09-08 11:51:08 - [MESSAGE][FAILED] - Cannot get CSS 'color' value on 'Object Repository/FDR-Draw/reviewScreen/drawClosedIcon'. (Root cause: com.kms.katalon.core.exception.StepFailedException: Cannot get CSS 'color' value on 'Object Repository/FDR-Draw/reviewScreen/drawClosedIcon'.
	at com.kms.katalon.core.webui.keyword.internal.WebUIKeywordMain.stepFailed(WebUIKeywordMain.groovy:64)
	at com.kms.katalon.core.webui.keyword.internal.WebUIKeywordMain.runKeyword(WebUIKeywordMain.groovy:26)
	at com.kms.katalon.core.webui.keyword.builtin.getCSSValueKeyword.getCSSValue(GetCSSValueKeyword.groovy:84)
	at com.kms.katalon.core.webui.keyword.builtin.getCSSValueKeyword.execute(GetCSSValueKeyword.groovy:68)
	at com.kms.katalon.core.keyword.internal.KeywordExecutor.executeKeywordForPlatform(KeywordExecutor.groovy:73)
	at com.kms.katalon.core.webui.keyword.WebUiBuiltInKeywords.getCSSValue(WebUiBuiltInKeywords.groovy:3534)
	at com.kms.katalon.core.webui.keyword.WebUiBuiltInKeywords$getCSSValue$19.call(Unknown Source)
	at FDR-Update-SCO-Balances-Icons.run(FDR-Update-SCO-Balances-Icons:126)
	at com.kms.katalon.core.main.ScriptEngine.run(ScriptEngine.java:194)
	at com.kms.katalon.core.main.ScriptEngine.runScriptAsRawText(ScriptEngine.java:119)
	at com.kms.katalon.core.main.TestCaseExecutor.runScript(TestCaseExecutor.java:339)
	at com.kms.katalon.core.main.TestCaseExecutor.doExecute(TestCaseExecutor.java:330)
	at com.kms.katalon.core.main.TestCaseExecutor.processExecutionPhase(TestCaseExecutor.java:309)
	at com.kms.katalon.core.main.TestCaseExecutor.accessMainPhase(TestCaseExecutor.java:301)
	at com.kms.katalon.core.main.TestCaseExecutor.execute(TestCaseExecutor.java:235)
	at com.kms.katalon.core.main.TestSuiteExecutor.accessTestCaseMainPhase(TestSuiteExecutor.java:191)
	at com.kms.katalon.core.main.TestSuiteExecutor.accessTestSuiteMainPhase(TestSuiteExecutor.java:141)
	at com.kms.katalon.core.main.TestSuiteExecutor.execute(TestSuiteExecutor.java:90)
	at com.kms.katalon.core.main.TestCaseMain.startTestSuite(TestCaseMain.java:157)
	at com.kms.katalon.core.main.TestCaseMain$startTestSuite$0.call(Unknown Source)
	at TempTestSuite1599589933195.run(TempTestSuite1599589933195.groovy:39)
Caused by: com.kms.katalon.core.webui.exception.WebElementNotFoundException: Web element with id: 'Object Repository/FDR-Draw/reviewScreen/drawClosedIcon' located by '(//*[text()='Draw Closed']//parent::*//*)[1]' not found
	at com.kms.katalon.core.webui.common.WebUiCommonHelper.findWebElement(WebUiCommonHelper.java:1368)
	at com.kms.katalon.core.webui.keyword.internal.WebUIAbstractKeyword.findWebElement(WebUIAbstractKeyword.groovy:27)
	at com.kms.katalon.core.webui.keyword.internal.WebUIAbstractKeyword.findWebElement(WebUIAbstractKeyword.groovy:26)
	at com.kms.katalon.core.webui.keyword.builtin.getCSSValueKeyword$_getCSSValue_closure1.doCall(GetCSSValueKeyword.groovy:75)
	at com.kms.katalon.core.webui.keyword.builtin.getCSSValueKeyword$_getCSSValue_closure1.call(GetCSSValueKeyword.groovy)
	at com.kms.katalon.core.webui.keyword.internal.WebUIKeywordMain.runKeyword(WebUIKeywordMain.groovy:20)
	at com.kms.katalon.core.webui.keyword.builtin.getCSSValueKeyword.getCSSValue(GetCSSValueKeyword.groovy:84)
	at com.kms.katalon.core.webui.keyword.builtin.getCSSValueKeyword.execute(GetCSSValueKeyword.groovy:68)
	at com.kms.katalon.core.keyword.internal.KeywordExecutor.executeKeywordForPlatform(KeywordExecutor.groovy:73)
	at com.kms.katalon.core.webui.keyword.WebUiBuiltInKeywords.getCSSValue(WebUiBuiltInKeywords.groovy:3534)
	at com.kms.katalon.core.webui.keyword.WebUiBuiltInKeywords$getCSSValue$19.call(Unknown Source)
	at Script1591634907012.run(Script1591634907012.groovy:126)
	... 13 more
)
[[ATTACHMENT|C:\\fdr-automation-develop_08_25_2020\\Reports\\20200908_113210\\Draw-Integration_Suite\\20200908_113213\\1599591068141.png]]

2020-09-08 11:51:08 - [TEST_STEP][FAILED] - if (drawClosedIconStatus != greenRGBValue): drawClosedIconStatus Icon color  not changed to Green

2020-09-08 11:51:08 - [TEST_STEP][FAILED] - markFailed("drawClosedIconStatus Icon color  not changed to Green"): drawClosedIconStatus Icon color  not changed to Green

2020-09-08 11:51:08 - [MESSAGE][FAILED] - drawClosedIconStatus Icon color  not changed to Green

2020-09-08 11:51:08 - [TEST_STEP][PASSED] - drawClosed = 1: null

2020-09-08 11:51:08 - [TEST_STEP][PASSED] - if (scoBalanceStatus == 1 && documentAmountsStatus == 1 && postDrawBalancesStatus == 1 && drawClosed == 1): null

2020-09-08 11:51:08 - [TEST_STEP][PASSED] - else: Object 'Object Repository/FDR-Draw/reviewScreen/reviewButton' is not present

2020-09-08 11:51:08 - [TEST_STEP][PASSED] - verifyElementHasAttribute(findTestObject("Object Repository/FDR-Draw/reviewScreen/reviewButton"), "disabled", 2, STOP_ON_FAILURE): Object 'Object Repository/FDR-Draw/reviewScreen/reviewButton' is not present

2020-09-08 11:51:11 - [MESSAGE][INFO] - Unable to find the element located by 'By.xpath: //*[@data-id='action-button' ]//*[contains(text(),'Review')]'. Please recheck the objects properties to make sure the desired element is located. 

2020-09-08 11:51:11 - [MESSAGE][WARNING] - Object 'Object Repository/FDR-Draw/reviewScreen/reviewButton' is not present

2020-09-08 11:51:11 - [TEST_STEP][PASSED] - waitForElementPresent(findTestObject("FDR-Dashboard/createNewVoucherButton"), 2): Object 'Object Repository/FDR-Dashboard/createNewVoucherButton' is not present after 2 second(s)

2020-09-08 11:51:14 - [MESSAGE][INFO] - Unable to find the element located by 'By.xpath: //*[@data-id='button-link']//*[contains(text(),'Create New Voucher')]'. Please recheck the objects properties to make sure the desired element is located. 

2020-09-08 11:51:14 - [MESSAGE][WARNING] - Object 'Object Repository/FDR-Dashboard/createNewVoucherButton' is not present after 2 second(s)

2020-09-08 11:51:14 - [TEST_STEP][FAILED] - click(findTestObject("Object Repository/FDR-Draw/reviewScreen/reviewButton")): Unable to click on object 'Object Repository/FDR-Draw/reviewScreen/reviewButton' (Root cause: com.kms.katalon.core.exception.StepFailedException: Unable to click on object 'Object Repository/FDR-Draw/reviewScreen/reviewButton'
	at com.kms.katalon.core.webui.keyword.internal.WebUIKeywordMain.stepFailed(WebUIKeywordMain.groovy:64)
	at com.kms.katalon.core.webui.keyword.internal.WebUIKeywordMain.runKeyword(WebUIKeywordMain.groovy:26)
	at com.kms.katalon.core.webui.keyword.builtin.ClickKeyword.click(ClickKeyword.groovy:76)
	at com.kms.katalon.core.webui.keyword.builtin.ClickKeyword.execute(ClickKeyword.groovy:43)
	at com.kms.katalon.core.keyword.internal.KeywordExecutor.executeKeywordForPlatform(KeywordExecutor.groovy:73)
	at com.kms.katalon.core.webui.keyword.WebUiBuiltInKeywords.click(WebUiBuiltInKeywords.groovy:616)
	at com.kms.katalon.core.webui.keyword.WebUiBuiltInKeywords$click$6.call(Unknown Source)
	at FDR-Update-SCO-Balances-Icons.run(FDR-Update-SCO-Balances-Icons:144)
	at com.kms.katalon.core.main.ScriptEngine.run(ScriptEngine.java:194)
	at com.kms.katalon.core.main.ScriptEngine.runScriptAsRawText(ScriptEngine.java:119)
	at com.kms.katalon.core.main.TestCaseExecutor.runScript(TestCaseExecutor.java:339)
	at com.kms.katalon.core.main.TestCaseExecutor.doExecute(TestCaseExecutor.java:330)
	at com.kms.katalon.core.main.TestCaseExecutor.processExecutionPhase(TestCaseExecutor.java:309)
	at com.kms.katalon.core.main.TestCaseExecutor.accessMainPhase(TestCaseExecutor.java:301)
	at com.kms.katalon.core.main.TestCaseExecutor.execute(TestCaseExecutor.java:235)
	at com.kms.katalon.core.main.TestSuiteExecutor.accessTestCaseMainPhase(TestSuiteExecutor.java:191)
	at com.kms.katalon.core.main.TestSuiteExecutor.accessTestSuiteMainPhase(TestSuiteExecutor.java:141)
	at com.kms.katalon.core.main.TestSuiteExecutor.execute(TestSuiteExecutor.java:90)
	at com.kms.katalon.core.main.TestCaseMain.startTestSuite(TestCaseMain.java:157)
	at com.kms.katalon.core.main.TestCaseMain$startTestSuite$0.call(Unknown Source)
	at TempTestSuite1599589933195.run(TempTestSuite1599589933195.groovy:39)
Caused by: com.kms.katalon.core.webui.exception.WebElementNotFoundException: Web element with id: 'Object Repository/FDR-Draw/reviewScreen/reviewButton' located by '//*[@data-id='action-button' ]//*[contains(text(),'Review')]' not found
	at com.kms.katalon.core.webui.common.WebUiCommonHelper.findWebElement(WebUiCommonHelper.java:1368)
	at com.kms.katalon.core.webui.keyword.internal.WebUIAbstractKeyword.findWebElement(WebUIAbstractKeyword.groovy:27)
	at com.kms.katalon.core.webui.keyword.internal.WebUIAbstractKeyword.findWebElement(WebUIAbstractKeyword.groovy:26)
	at com.kms.katalon.core.webui.keyword.builtin.ClickKeyword$_click_closure1.doCall(ClickKeyword.groovy:67)
	at com.kms.katalon.core.webui.keyword.builtin.ClickKeyword$_click_closure1.call(ClickKeyword.groovy)
	at com.kms.katalon.core.webui.keyword.internal.WebUIKeywordMain.runKeyword(WebUIKeywordMain.groovy:20)
	at com.kms.katalon.core.webui.keyword.builtin.ClickKeyword.click(ClickKeyword.groovy:76)
	at com.kms.katalon.core.webui.keyword.builtin.ClickKeyword.execute(ClickKeyword.groovy:43)
	at com.kms.katalon.core.keyword.internal.KeywordExecutor.executeKeywordForPlatform(KeywordExecutor.groovy:73)
	at com.kms.katalon.core.webui.keyword.WebUiBuiltInKeywords.click(WebUiBuiltInKeywords.groovy:616)
	at com.kms.katalon.core.webui.keyword.WebUiBuiltInKeywords$click$6.call(Unknown Source)
	at Script1591634907012.run(Script1591634907012.groovy:144)
	... 13 more
)

2020-09-08 11:51:18 - [MESSAGE][INFO] - Unable to find the element located by 'By.xpath: //*[@data-id='action-button' ]//*[contains(text(),'Review')]'. Please recheck the objects properties to make sure the desired element is located. 

2020-09-08 11:51:19 - [MESSAGE][FAILED] - Unable to click on object 'Object Repository/FDR-Draw/reviewScreen/reviewButton' (Root cause: com.kms.katalon.core.exception.StepFailedException: Unable to click on object 'Object Repository/FDR-Draw/reviewScreen/reviewButton'
	at com.kms.katalon.core.webui.keyword.internal.WebUIKeywordMain.stepFailed(WebUIKeywordMain.groovy:64)
	at com.kms.katalon.core.webui.keyword.internal.WebUIKeywordMain.runKeyword(WebUIKeywordMain.groovy:26)
	at com.kms.katalon.core.webui.keyword.builtin.ClickKeyword.click(ClickKeyword.groovy:76)
	at com.kms.katalon.core.webui.keyword.builtin.ClickKeyword.execute(ClickKeyword.groovy:43)
	at com.kms.katalon.core.keyword.internal.KeywordExecutor.executeKeywordForPlatform(KeywordExecutor.groovy:73)
	at com.kms.katalon.core.webui.keyword.WebUiBuiltInKeywords.click(WebUiBuiltInKeywords.groovy:616)
	at com.kms.katalon.core.webui.keyword.WebUiBuiltInKeywords$click$6.call(Unknown Source)
	at FDR-Update-SCO-Balances-Icons.run(FDR-Update-SCO-Balances-Icons:144)
	at com.kms.katalon.core.main.ScriptEngine.run(ScriptEngine.java:194)
	at com.kms.katalon.core.main.ScriptEngine.runScriptAsRawText(ScriptEngine.java:119)
	at com.kms.katalon.core.main.TestCaseExecutor.runScript(TestCaseExecutor.java:339)
	at com.kms.katalon.core.main.TestCaseExecutor.doExecute(TestCaseExecutor.java:330)
	at com.kms.katalon.core.main.TestCaseExecutor.processExecutionPhase(TestCaseExecutor.java:309)
	at com.kms.katalon.core.main.TestCaseExecutor.accessMainPhase(TestCaseExecutor.java:301)
	at com.kms.katalon.core.main.TestCaseExecutor.execute(TestCaseExecutor.java:235)
	at com.kms.katalon.core.main.TestSuiteExecutor.accessTestCaseMainPhase(TestSuiteExecutor.java:191)
	at com.kms.katalon.core.main.TestSuiteExecutor.accessTestSuiteMainPhase(TestSuiteExecutor.java:141)
	at com.kms.katalon.core.main.TestSuiteExecutor.execute(TestSuiteExecutor.java:90)
	at com.kms.katalon.core.main.TestCaseMain.startTestSuite(TestCaseMain.java:157)
	at com.kms.katalon.core.main.TestCaseMain$startTestSuite$0.call(Unknown Source)
	at TempTestSuite1599589933195.run(TempTestSuite1599589933195.groovy:39)
Caused by: com.kms.katalon.core.webui.exception.WebElementNotFoundException: Web element with id: 'Object Repository/FDR-Draw/reviewScreen/reviewButton' located by '//*[@data-id='action-button' ]//*[contains(text(),'Review')]' not found
	at com.kms.katalon.core.webui.common.WebUiCommonHelper.findWebElement(WebUiCommonHelper.java:1368)
	at com.kms.katalon.core.webui.keyword.internal.WebUIAbstractKeyword.findWebElement(WebUIAbstractKeyword.groovy:27)
	at com.kms.katalon.core.webui.keyword.internal.WebUIAbstractKeyword.findWebElement(WebUIAbstractKeyword.groovy:26)
	at com.kms.katalon.core.webui.keyword.builtin.ClickKeyword$_click_closure1.doCall(ClickKeyword.groovy:67)
	at com.kms.katalon.core.webui.keyword.builtin.ClickKeyword$_click_closure1.call(ClickKeyword.groovy)
	at com.kms.katalon.core.webui.keyword.internal.WebUIKeywordMain.runKeyword(WebUIKeywordMain.groovy:20)
	at com.kms.katalon.core.webui.keyword.builtin.ClickKeyword.click(ClickKeyword.groovy:76)
	at com.kms.katalon.core.webui.keyword.builtin.ClickKeyword.execute(ClickKeyword.groovy:43)
	at com.kms.katalon.core.keyword.internal.KeywordExecutor.executeKeywordForPlatform(KeywordExecutor.groovy:73)
	at com.kms.katalon.core.webui.keyword.WebUiBuiltInKeywords.click(WebUiBuiltInKeywords.groovy:616)
	at com.kms.katalon.core.webui.keyword.WebUiBuiltInKeywords$click$6.call(Unknown Source)
	at Script1591634907012.run(Script1591634907012.groovy:144)
	... 13 more
)
[[ATTACHMENT|C:\\fdr-automation-develop_08_25_2020\\Reports\\20200908_113210\\Draw-Integration_Suite\\20200908_113213\\1599591078959.png]]

2020-09-08 11:51:19 - [TEST_STEP][PASSED] - waitForElementPresent(findTestObject("FDR-Dashboard/createNewVoucherButton"), 2): Object 'Object Repository/FDR-Dashboard/createNewVoucherButton' is not present after 2 second(s)

2020-09-08 11:51:22 - [MESSAGE][INFO] - Unable to find the element located by 'By.xpath: //*[@data-id='button-link']//*[contains(text(),'Create New Voucher')]'. Please recheck the objects properties to make sure the desired element is located. 

2020-09-08 11:51:22 - [MESSAGE][WARNING] - Object 'Object Repository/FDR-Dashboard/createNewVoucherButton' is not present after 2 second(s)

2020-09-08 11:51:22 - [TEST_STEP][FAILED] - click(findTestObject("Object Repository/FDR-Draw/reviewScreen/submitForApproval")): Unable to click on object 'Object Repository/FDR-Draw/reviewScreen/submitForApproval' (Root cause: com.kms.katalon.core.exception.StepFailedException: Unable to click on object 'Object Repository/FDR-Draw/reviewScreen/submitForApproval'
	at com.kms.katalon.core.webui.keyword.internal.WebUIKeywordMain.stepFailed(WebUIKeywordMain.groovy:64)
	at com.kms.katalon.core.webui.keyword.internal.WebUIKeywordMain.runKeyword(WebUIKeywordMain.groovy:26)
	at com.kms.katalon.core.webui.keyword.builtin.ClickKeyword.click(ClickKeyword.groovy:76)
	at com.kms.katalon.core.webui.keyword.builtin.ClickKeyword.execute(ClickKeyword.groovy:43)
	at com.kms.katalon.core.keyword.internal.KeywordExecutor.executeKeywordForPlatform(KeywordExecutor.groovy:73)
	at com.kms.katalon.core.webui.keyword.WebUiBuiltInKeywords.click(WebUiBuiltInKeywords.groovy:616)
	at com.kms.katalon.core.webui.keyword.WebUiBuiltInKeywords$click$6.call(Unknown Source)
	at FDR-Update-SCO-Balances-Icons.run(FDR-Update-SCO-Balances-Icons:148)
	at com.kms.katalon.core.main.ScriptEngine.run(ScriptEngine.java:194)
	at com.kms.katalon.core.main.ScriptEngine.runScriptAsRawText(ScriptEngine.java:119)
	at com.kms.katalon.core.main.TestCaseExecutor.runScript(TestCaseExecutor.java:339)
	at com.kms.katalon.core.main.TestCaseExecutor.doExecute(TestCaseExecutor.java:330)
	at com.kms.katalon.core.main.TestCaseExecutor.processExecutionPhase(TestCaseExecutor.java:309)
	at com.kms.katalon.core.main.TestCaseExecutor.accessMainPhase(TestCaseExecutor.java:301)
	at com.kms.katalon.core.main.TestCaseExecutor.execute(TestCaseExecutor.java:235)
	at com.kms.katalon.core.main.TestSuiteExecutor.accessTestCaseMainPhase(TestSuiteExecutor.java:191)
	at com.kms.katalon.core.main.TestSuiteExecutor.accessTestSuiteMainPhase(TestSuiteExecutor.java:141)
	at com.kms.katalon.core.main.TestSuiteExecutor.execute(TestSuiteExecutor.java:90)
	at com.kms.katalon.core.main.TestCaseMain.startTestSuite(TestCaseMain.java:157)
	at com.kms.katalon.core.main.TestCaseMain$startTestSuite$0.call(Unknown Source)
	at TempTestSuite1599589933195.run(TempTestSuite1599589933195.groovy:39)
Caused by: com.kms.katalon.core.webui.exception.WebElementNotFoundException: Web element with id: 'Object Repository/FDR-Draw/reviewScreen/submitForApproval' located by '//*[@data-id='action-button' ]//*[contains(text(),'Submit for Approval')]' not found
	at com.kms.katalon.core.webui.common.WebUiCommonHelper.findWebElement(WebUiCommonHelper.java:1368)
	at com.kms.katalon.core.webui.keyword.internal.WebUIAbstractKeyword.findWebElement(WebUIAbstractKeyword.groovy:27)
	at com.kms.katalon.core.webui.keyword.internal.WebUIAbstractKeyword.findWebElement(WebUIAbstractKeyword.groovy:26)
	at com.kms.katalon.core.webui.keyword.builtin.ClickKeyword$_click_closure1.doCall(ClickKeyword.groovy:67)
	at com.kms.katalon.core.webui.keyword.builtin.ClickKeyword$_click_closure1.call(ClickKeyword.groovy)
	at com.kms.katalon.core.webui.keyword.internal.WebUIKeywordMain.runKeyword(WebUIKeywordMain.groovy:20)
	at com.kms.katalon.core.webui.keyword.builtin.ClickKeyword.click(ClickKeyword.groovy:76)
	at com.kms.katalon.core.webui.keyword.builtin.ClickKeyword.execute(ClickKeyword.groovy:43)
	at com.kms.katalon.core.keyword.internal.KeywordExecutor.executeKeywordForPlatform(KeywordExecutor.groovy:73)
	at com.kms.katalon.core.webui.keyword.WebUiBuiltInKeywords.click(WebUiBuiltInKeywords.groovy:616)
	at com.kms.katalon.core.webui.keyword.WebUiBuiltInKeywords$click$6.call(Unknown Source)
	at Script1591634907012.run(Script1591634907012.groovy:148)
	... 13 more
)

2020-09-08 11:51:26 - [MESSAGE][INFO] - Unable to find the element located by 'By.xpath: //*[@data-id='action-button' ]//*[contains(text(),'Submit for Approval')]'. Please recheck the objects properties to make sure the desired element is located. 

2020-09-08 11:51:26 - [MESSAGE][FAILED] - Unable to click on object 'Object Repository/FDR-Draw/reviewScreen/submitForApproval' (Root cause: com.kms.katalon.core.exception.StepFailedException: Unable to click on object 'Object Repository/FDR-Draw/reviewScreen/submitForApproval'
	at com.kms.katalon.core.webui.keyword.internal.WebUIKeywordMain.stepFailed(WebUIKeywordMain.groovy:64)
	at com.kms.katalon.core.webui.keyword.internal.WebUIKeywordMain.runKeyword(WebUIKeywordMain.groovy:26)
	at com.kms.katalon.core.webui.keyword.builtin.ClickKeyword.click(ClickKeyword.groovy:76)
	at com.kms.katalon.core.webui.keyword.builtin.ClickKeyword.execute(ClickKeyword.groovy:43)
	at com.kms.katalon.core.keyword.internal.KeywordExecutor.executeKeywordForPlatform(KeywordExecutor.groovy:73)
	at com.kms.katalon.core.webui.keyword.WebUiBuiltInKeywords.click(WebUiBuiltInKeywords.groovy:616)
	at com.kms.katalon.core.webui.keyword.WebUiBuiltInKeywords$click$6.call(Unknown Source)
	at FDR-Update-SCO-Balances-Icons.run(FDR-Update-SCO-Balances-Icons:148)
	at com.kms.katalon.core.main.ScriptEngine.run(ScriptEngine.java:194)
	at com.kms.katalon.core.main.ScriptEngine.runScriptAsRawText(ScriptEngine.java:119)
	at com.kms.katalon.core.main.TestCaseExecutor.runScript(TestCaseExecutor.java:339)
	at com.kms.katalon.core.main.TestCaseExecutor.doExecute(TestCaseExecutor.java:330)
	at com.kms.katalon.core.main.TestCaseExecutor.processExecutionPhase(TestCaseExecutor.java:309)
	at com.kms.katalon.core.main.TestCaseExecutor.accessMainPhase(TestCaseExecutor.java:301)
	at com.kms.katalon.core.main.TestCaseExecutor.execute(TestCaseExecutor.java:235)
	at com.kms.katalon.core.main.TestSuiteExecutor.accessTestCaseMainPhase(TestSuiteExecutor.java:191)
	at com.kms.katalon.core.main.TestSuiteExecutor.accessTestSuiteMainPhase(TestSuiteExecutor.java:141)
	at com.kms.katalon.core.main.TestSuiteExecutor.execute(TestSuiteExecutor.java:90)
	at com.kms.katalon.core.main.TestCaseMain.startTestSuite(TestCaseMain.java:157)
	at com.kms.katalon.core.main.TestCaseMain$startTestSuite$0.call(Unknown Source)
	at TempTestSuite1599589933195.run(TempTestSuite1599589933195.groovy:39)
Caused by: com.kms.katalon.core.webui.exception.WebElementNotFoundException: Web element with id: 'Object Repository/FDR-Draw/reviewScreen/submitForApproval' located by '//*[@data-id='action-button' ]//*[contains(text(),'Submit for Approval')]' not found
	at com.kms.katalon.core.webui.common.WebUiCommonHelper.findWebElement(WebUiCommonHelper.java:1368)
	at com.kms.katalon.core.webui.keyword.internal.WebUIAbstractKeyword.findWebElement(WebUIAbstractKeyword.groovy:27)
	at com.kms.katalon.core.webui.keyword.internal.WebUIAbstractKeyword.findWebElement(WebUIAbstractKeyword.groovy:26)
	at com.kms.katalon.core.webui.keyword.builtin.ClickKeyword$_click_closure1.doCall(ClickKeyword.groovy:67)
	at com.kms.katalon.core.webui.keyword.builtin.ClickKeyword$_click_closure1.call(ClickKeyword.groovy)
	at com.kms.katalon.core.webui.keyword.internal.WebUIKeywordMain.runKeyword(WebUIKeywordMain.groovy:20)
	at com.kms.katalon.core.webui.keyword.builtin.ClickKeyword.click(ClickKeyword.groovy:76)
	at com.kms.katalon.core.webui.keyword.builtin.ClickKeyword.execute(ClickKeyword.groovy:43)
	at com.kms.katalon.core.keyword.internal.KeywordExecutor.executeKeywordForPlatform(KeywordExecutor.groovy:73)
	at com.kms.katalon.core.webui.keyword.WebUiBuiltInKeywords.click(WebUiBuiltInKeywords.groovy:616)
	at com.kms.katalon.core.webui.keyword.WebUiBuiltInKeywords$click$6.call(Unknown Source)
	at Script1591634907012.run(Script1591634907012.groovy:148)
	... 13 more
)
[[ATTACHMENT|C:\\fdr-automation-develop_08_25_2020\\Reports\\20200908_113210\\Draw-Integration_Suite\\20200908_113213\\1599591086609.png]]

2020-09-08 11:51:26 - [TEST_STEP][PASSED] - waitForElementPresent(findTestObject("FDR-Dashboard/createNewVoucherButton"), 2): Object 'Object Repository/FDR-Dashboard/createNewVoucherButton' is not present after 2 second(s)

2020-09-08 11:51:29 - [MESSAGE][INFO] - Unable to find the element located by 'By.xpath: //*[@data-id='button-link']//*[contains(text(),'Create New Voucher')]'. Please recheck the objects properties to make sure the desired element is located. 

2020-09-08 11:51:29 - [MESSAGE][WARNING] - Object 'Object Repository/FDR-Dashboard/createNewVoucherButton' is not present after 2 second(s)

2020-09-08 11:51:29 - [TEST_STEP][FAILED] - verifyElementPresent(findTestObject("Object Repository/FDR-Draw/reviewScreen/validateButton"), 2): com.kms.katalon.core.webui.exception.WebElementNotFoundException: Web element with id: 'Object Repository/FDR-Draw/reviewScreen/validateButton' located by '//*[@data-id='button-link' ]//*[contains(text(),'Validate')]' not found (Root cause: com.kms.katalon.core.exception.StepFailedException: com.kms.katalon.core.webui.exception.WebElementNotFoundException: Web element with id: 'Object Repository/FDR-Draw/reviewScreen/validateButton' located by '//*[@data-id='button-link' ]//*[contains(text(),'Validate')]' not found
	at com.kms.katalon.core.webui.keyword.internal.WebUIKeywordMain.stepFailed(WebUIKeywordMain.groovy:64)
	at com.kms.katalon.core.webui.keyword.builtin.VerifyElementPresentKeyword$_verifyElementPresent_closure1.doCall(VerifyElementPresentKeyword.groovy:85)
	at com.kms.katalon.core.webui.keyword.builtin.VerifyElementPresentKeyword$_verifyElementPresent_closure1.call(VerifyElementPresentKeyword.groovy)
	at com.kms.katalon.core.webui.keyword.internal.WebUIKeywordMain.runKeyword(WebUIKeywordMain.groovy:20)
	at com.kms.katalon.core.webui.keyword.builtin.VerifyElementPresentKeyword.verifyElementPresent(VerifyElementPresentKeyword.groovy:92)
	at com.kms.katalon.core.webui.keyword.builtin.VerifyElementPresentKeyword.execute(VerifyElementPresentKeyword.groovy:68)
	at com.kms.katalon.core.keyword.internal.KeywordExecutor.executeKeywordForPlatform(KeywordExecutor.groovy:73)
	at com.kms.katalon.core.webui.keyword.WebUiBuiltInKeywords.verifyElementPresent(WebUiBuiltInKeywords.groovy:1460)
	at com.kms.katalon.core.webui.keyword.WebUiBuiltInKeywords$verifyElementPresent$16.call(Unknown Source)
	at FDR-Update-SCO-Balances-Icons.run(FDR-Update-SCO-Balances-Icons:152)
	at com.kms.katalon.core.main.ScriptEngine.run(ScriptEngine.java:194)
	at com.kms.katalon.core.main.ScriptEngine.runScriptAsRawText(ScriptEngine.java:119)
	at com.kms.katalon.core.main.TestCaseExecutor.runScript(TestCaseExecutor.java:339)
	at com.kms.katalon.core.main.TestCaseExecutor.doExecute(TestCaseExecutor.java:330)
	at com.kms.katalon.core.main.TestCaseExecutor.processExecutionPhase(TestCaseExecutor.java:309)
	at com.kms.katalon.core.main.TestCaseExecutor.accessMainPhase(TestCaseExecutor.java:301)
	at com.kms.katalon.core.main.TestCaseExecutor.execute(TestCaseExecutor.java:235)
	at com.kms.katalon.core.main.TestSuiteExecutor.accessTestCaseMainPhase(TestSuiteExecutor.java:191)
	at com.kms.katalon.core.main.TestSuiteExecutor.accessTestSuiteMainPhase(TestSuiteExecutor.java:141)
	at com.kms.katalon.core.main.TestSuiteExecutor.execute(TestSuiteExecutor.java:90)
	at com.kms.katalon.core.main.TestCaseMain.startTestSuite(TestCaseMain.java:157)
	at com.kms.katalon.core.main.TestCaseMain$startTestSuite$0.call(Unknown Source)
	at TempTestSuite1599589933195.run(TempTestSuite1599589933195.groovy:39)
)

2020-09-08 11:51:33 - [MESSAGE][INFO] - Unable to find the element located by 'By.xpath: //*[@data-id='button-link' ]//*[contains(text(),'Validate')]'. Please recheck the objects properties to make sure the desired element is located. 

2020-09-08 11:51:33 - [MESSAGE][FAILED] - com.kms.katalon.core.webui.exception.WebElementNotFoundException: Web element with id: 'Object Repository/FDR-Draw/reviewScreen/validateButton' located by '//*[@data-id='button-link' ]//*[contains(text(),'Validate')]' not found (Root cause: com.kms.katalon.core.exception.StepFailedException: com.kms.katalon.core.webui.exception.WebElementNotFoundException: Web element with id: 'Object Repository/FDR-Draw/reviewScreen/validateButton' located by '//*[@data-id='button-link' ]//*[contains(text(),'Validate')]' not found
	at com.kms.katalon.core.webui.keyword.internal.WebUIKeywordMain.stepFailed(WebUIKeywordMain.groovy:64)
	at com.kms.katalon.core.webui.keyword.builtin.VerifyElementPresentKeyword$_verifyElementPresent_closure1.doCall(VerifyElementPresentKeyword.groovy:85)
	at com.kms.katalon.core.webui.keyword.builtin.VerifyElementPresentKeyword$_verifyElementPresent_closure1.call(VerifyElementPresentKeyword.groovy)
	at com.kms.katalon.core.webui.keyword.internal.WebUIKeywordMain.runKeyword(WebUIKeywordMain.groovy:20)
	at com.kms.katalon.core.webui.keyword.builtin.VerifyElementPresentKeyword.verifyElementPresent(VerifyElementPresentKeyword.groovy:92)
	at com.kms.katalon.core.webui.keyword.builtin.VerifyElementPresentKeyword.execute(VerifyElementPresentKeyword.groovy:68)
	at com.kms.katalon.core.keyword.internal.KeywordExecutor.executeKeywordForPlatform(KeywordExecutor.groovy:73)
	at com.kms.katalon.core.webui.keyword.WebUiBuiltInKeywords.verifyElementPresent(WebUiBuiltInKeywords.groovy:1460)
	at com.kms.katalon.core.webui.keyword.WebUiBuiltInKeywords$verifyElementPresent$16.call(Unknown Source)
	at FDR-Update-SCO-Balances-Icons.run(FDR-Update-SCO-Balances-Icons:152)
	at com.kms.katalon.core.main.ScriptEngine.run(ScriptEngine.java:194)
	at com.kms.katalon.core.main.ScriptEngine.runScriptAsRawText(ScriptEngine.java:119)
	at com.kms.katalon.core.main.TestCaseExecutor.runScript(TestCaseExecutor.java:339)
	at com.kms.katalon.core.main.TestCaseExecutor.doExecute(TestCaseExecutor.java:330)
	at com.kms.katalon.core.main.TestCaseExecutor.processExecutionPhase(TestCaseExecutor.java:309)
	at com.kms.katalon.core.main.TestCaseExecutor.accessMainPhase(TestCaseExecutor.java:301)
	at com.kms.katalon.core.main.TestCaseExecutor.execute(TestCaseExecutor.java:235)
	at com.kms.katalon.core.main.TestSuiteExecutor.accessTestCaseMainPhase(TestSuiteExecutor.java:191)
	at com.kms.katalon.core.main.TestSuiteExecutor.accessTestSuiteMainPhase(TestSuiteExecutor.java:141)
	at com.kms.katalon.core.main.TestSuiteExecutor.execute(TestSuiteExecutor.java:90)
	at com.kms.katalon.core.main.TestCaseMain.startTestSuite(TestCaseMain.java:157)
	at com.kms.katalon.core.main.TestCaseMain$startTestSuite$0.call(Unknown Source)
	at TempTestSuite1599589933195.run(TempTestSuite1599589933195.groovy:39)
)
[[ATTACHMENT|C:\\fdr-automation-develop_08_25_2020\\Reports\\20200908_113210\\Draw-Integration_Suite\\20200908_113213\\1599591093112.png]]

2020-09-08 11:51:33 - [TEST_STEP][PASSED] - waitForElementPresent(findTestObject("FDR-Dashboard/createNewVoucherButton"), 1): Object 'Object Repository/FDR-Dashboard/createNewVoucherButton' is not present after 1 second(s)

2020-09-08 11:51:35 - [MESSAGE][INFO] - Unable to find the element located by 'By.xpath: //*[@data-id='button-link']//*[contains(text(),'Create New Voucher')]'. Please recheck the objects properties to make sure the desired element is located. 

2020-09-08 11:51:35 - [MESSAGE][WARNING] - Object 'Object Repository/FDR-Dashboard/createNewVoucherButton' is not present after 1 second(s)

2020-09-08 11:51:35 - [TEST_STEP][FAILED] - verifyElementPresent(findTestObject("Object Repository/FDR-Draw/reviewScreen/validateNowText"), 2): com.kms.katalon.core.webui.exception.WebElementNotFoundException: Web element with id: 'Object Repository/FDR-Draw/reviewScreen/validateNowText' located by '//*[@data-id='task-attribute' and text()='Validate now'] ' not found (Root cause: com.kms.katalon.core.exception.StepFailedException: com.kms.katalon.core.webui.exception.WebElementNotFoundException: Web element with id: 'Object Repository/FDR-Draw/reviewScreen/validateNowText' located by '//*[@data-id='task-attribute' and text()='Validate now'] ' not found
	at com.kms.katalon.core.webui.keyword.internal.WebUIKeywordMain.stepFailed(WebUIKeywordMain.groovy:64)
	at com.kms.katalon.core.webui.keyword.builtin.VerifyElementPresentKeyword$_verifyElementPresent_closure1.doCall(VerifyElementPresentKeyword.groovy:85)
	at com.kms.katalon.core.webui.keyword.builtin.VerifyElementPresentKeyword$_verifyElementPresent_closure1.call(VerifyElementPresentKeyword.groovy)
	at com.kms.katalon.core.webui.keyword.internal.WebUIKeywordMain.runKeyword(WebUIKeywordMain.groovy:20)
	at com.kms.katalon.core.webui.keyword.builtin.VerifyElementPresentKeyword.verifyElementPresent(VerifyElementPresentKeyword.groovy:92)
	at com.kms.katalon.core.webui.keyword.builtin.VerifyElementPresentKeyword.execute(VerifyElementPresentKeyword.groovy:68)
	at com.kms.katalon.core.keyword.internal.KeywordExecutor.executeKeywordForPlatform(KeywordExecutor.groovy:73)
	at com.kms.katalon.core.webui.keyword.WebUiBuiltInKeywords.verifyElementPresent(WebUiBuiltInKeywords.groovy:1460)
	at com.kms.katalon.core.webui.keyword.WebUiBuiltInKeywords$verifyElementPresent$16.call(Unknown Source)
	at FDR-Update-SCO-Balances-Icons.run(FDR-Update-SCO-Balances-Icons:156)
	at com.kms.katalon.core.main.ScriptEngine.run(ScriptEngine.java:194)
	at com.kms.katalon.core.main.ScriptEngine.runScriptAsRawText(ScriptEngine.java:119)
	at com.kms.katalon.core.main.TestCaseExecutor.runScript(TestCaseExecutor.java:339)
	at com.kms.katalon.core.main.TestCaseExecutor.doExecute(TestCaseExecutor.java:330)
	at com.kms.katalon.core.main.TestCaseExecutor.processExecutionPhase(TestCaseExecutor.java:309)
	at com.kms.katalon.core.main.TestCaseExecutor.accessMainPhase(TestCaseExecutor.java:301)
	at com.kms.katalon.core.main.TestCaseExecutor.execute(TestCaseExecutor.java:235)
	at com.kms.katalon.core.main.TestSuiteExecutor.accessTestCaseMainPhase(TestSuiteExecutor.java:191)
	at com.kms.katalon.core.main.TestSuiteExecutor.accessTestSuiteMainPhase(TestSuiteExecutor.java:141)
	at com.kms.katalon.core.main.TestSuiteExecutor.execute(TestSuiteExecutor.java:90)
	at com.kms.katalon.core.main.TestCaseMain.startTestSuite(TestCaseMain.java:157)
	at com.kms.katalon.core.main.TestCaseMain$startTestSuite$0.call(Unknown Source)
	at TempTestSuite1599589933195.run(TempTestSuite1599589933195.groovy:39)
)

2020-09-08 11:51:38 - [MESSAGE][INFO] - Unable to find the element located by 'By.xpath: //*[@data-id='task-attribute' and text()='Validate now'] '. Please recheck the objects properties to make sure the desired element is located. 

2020-09-08 11:51:38 - [MESSAGE][FAILED] - com.kms.katalon.core.webui.exception.WebElementNotFoundException: Web element with id: 'Object Repository/FDR-Draw/reviewScreen/validateNowText' located by '//*[@data-id='task-attribute' and text()='Validate now'] ' not found (Root cause: com.kms.katalon.core.exception.StepFailedException: com.kms.katalon.core.webui.exception.WebElementNotFoundException: Web element with id: 'Object Repository/FDR-Draw/reviewScreen/validateNowText' located by '//*[@data-id='task-attribute' and text()='Validate now'] ' not found
	at com.kms.katalon.core.webui.keyword.internal.WebUIKeywordMain.stepFailed(WebUIKeywordMain.groovy:64)
	at com.kms.katalon.core.webui.keyword.builtin.VerifyElementPresentKeyword$_verifyElementPresent_closure1.doCall(VerifyElementPresentKeyword.groovy:85)
	at com.kms.katalon.core.webui.keyword.builtin.VerifyElementPresentKeyword$_verifyElementPresent_closure1.call(VerifyElementPresentKeyword.groovy)
	at com.kms.katalon.core.webui.keyword.internal.WebUIKeywordMain.runKeyword(WebUIKeywordMain.groovy:20)
	at com.kms.katalon.core.webui.keyword.builtin.VerifyElementPresentKeyword.verifyElementPresent(VerifyElementPresentKeyword.groovy:92)
	at com.kms.katalon.core.webui.keyword.builtin.VerifyElementPresentKeyword.execute(VerifyElementPresentKeyword.groovy:68)
	at com.kms.katalon.core.keyword.internal.KeywordExecutor.executeKeywordForPlatform(KeywordExecutor.groovy:73)
	at com.kms.katalon.core.webui.keyword.WebUiBuiltInKeywords.verifyElementPresent(WebUiBuiltInKeywords.groovy:1460)
	at com.kms.katalon.core.webui.keyword.WebUiBuiltInKeywords$verifyElementPresent$16.call(Unknown Source)
	at FDR-Update-SCO-Balances-Icons.run(FDR-Update-SCO-Balances-Icons:156)
	at com.kms.katalon.core.main.ScriptEngine.run(ScriptEngine.java:194)
	at com.kms.katalon.core.main.ScriptEngine.runScriptAsRawText(ScriptEngine.java:119)
	at com.kms.katalon.core.main.TestCaseExecutor.runScript(TestCaseExecutor.java:339)
	at com.kms.katalon.core.main.TestCaseExecutor.doExecute(TestCaseExecutor.java:330)
	at com.kms.katalon.core.main.TestCaseExecutor.processExecutionPhase(TestCaseExecutor.java:309)
	at com.kms.katalon.core.main.TestCaseExecutor.accessMainPhase(TestCaseExecutor.java:301)
	at com.kms.katalon.core.main.TestCaseExecutor.execute(TestCaseExecutor.java:235)
	at com.kms.katalon.core.main.TestSuiteExecutor.accessTestCaseMainPhase(TestSuiteExecutor.java:191)
	at com.kms.katalon.core.main.TestSuiteExecutor.accessTestSuiteMainPhase(TestSuiteExecutor.java:141)
	at com.kms.katalon.core.main.TestSuiteExecutor.execute(TestSuiteExecutor.java:90)
	at com.kms.katalon.core.main.TestCaseMain.startTestSuite(TestCaseMain.java:157)
	at com.kms.katalon.core.main.TestCaseMain$startTestSuite$0.call(Unknown Source)
	at TempTestSuite1599589933195.run(TempTestSuite1599589933195.groovy:39)
)
[[ATTACHMENT|C:\\fdr-automation-develop_08_25_2020\\Reports\\20200908_113210\\Draw-Integration_Suite\\20200908_113213\\1599591098596.png]]

2020-09-08 11:51:38 - [TEST_STEP][PASSED] - waitForElementPresent(findTestObject("FDR-Dashboard/createNewVoucherButton"), 2): Object 'Object Repository/FDR-Dashboard/createNewVoucherButton' is not present after 2 second(s)

2020-09-08 11:51:42 - [MESSAGE][INFO] - Unable to find the element located by 'By.xpath: //*[@data-id='button-link']//*[contains(text(),'Create New Voucher')]'. Please recheck the objects properties to make sure the desired element is located. 

2020-09-08 11:51:42 - [MESSAGE][WARNING] - Object 'Object Repository/FDR-Dashboard/createNewVoucherButton' is not present after 2 second(s)

2020-09-08 11:51:42 - [TEST_STEP][PASSED] - click(findTestObject("Object Repository/FDR-Draw/reviewScreen/expandValidateButton2")): Object: 'Object Repository/FDR-Draw/reviewScreen/expandValidateButton2' is clicked on

2020-09-08 11:51:42 - [MESSAGE][PASSED] - Object: 'Object Repository/FDR-Draw/reviewScreen/expandValidateButton2' is clicked on

2020-09-08 11:51:42 - [TEST_STEP][PASSED] - waitForElementPresent(findTestObject("FDR-Dashboard/createNewVoucherButton"), 2): Object 'Object Repository/FDR-Dashboard/createNewVoucherButton' is not present after 2 second(s)

2020-09-08 11:51:45 - [MESSAGE][INFO] - Unable to find the element located by 'By.xpath: //*[@data-id='button-link']//*[contains(text(),'Create New Voucher')]'. Please recheck the objects properties to make sure the desired element is located. 

2020-09-08 11:51:45 - [MESSAGE][WARNING] - Object 'Object Repository/FDR-Dashboard/createNewVoucherButton' is not present after 2 second(s)

2020-09-08 11:51:45 - [TEST_STEP][FAILED] - click(findTestObject("Object Repository/FDR-Draw/reviewScreen/validateButton")): Unable to click on object 'Object Repository/FDR-Draw/reviewScreen/validateButton' (Root cause: com.kms.katalon.core.exception.StepFailedException: Unable to click on object 'Object Repository/FDR-Draw/reviewScreen/validateButton'
	at com.kms.katalon.core.webui.keyword.internal.WebUIKeywordMain.stepFailed(WebUIKeywordMain.groovy:64)
	at com.kms.katalon.core.webui.keyword.internal.WebUIKeywordMain.runKeyword(WebUIKeywordMain.groovy:26)
	at com.kms.katalon.core.webui.keyword.builtin.ClickKeyword.click(ClickKeyword.groovy:76)
	at com.kms.katalon.core.webui.keyword.builtin.ClickKeyword.execute(ClickKeyword.groovy:43)
	at com.kms.katalon.core.keyword.internal.KeywordExecutor.executeKeywordForPlatform(KeywordExecutor.groovy:73)
	at com.kms.katalon.core.webui.keyword.WebUiBuiltInKeywords.click(WebUiBuiltInKeywords.groovy:616)
	at com.kms.katalon.core.webui.keyword.WebUiBuiltInKeywords$click$6.call(Unknown Source)
	at FDR-Update-SCO-Balances-Icons.run(FDR-Update-SCO-Balances-Icons:164)
	at com.kms.katalon.core.main.ScriptEngine.run(ScriptEngine.java:194)
	at com.kms.katalon.core.main.ScriptEngine.runScriptAsRawText(ScriptEngine.java:119)
	at com.kms.katalon.core.main.TestCaseExecutor.runScript(TestCaseExecutor.java:339)
	at com.kms.katalon.core.main.TestCaseExecutor.doExecute(TestCaseExecutor.java:330)
	at com.kms.katalon.core.main.TestCaseExecutor.processExecutionPhase(TestCaseExecutor.java:309)
	at com.kms.katalon.core.main.TestCaseExecutor.accessMainPhase(TestCaseExecutor.java:301)
	at com.kms.katalon.core.main.TestCaseExecutor.execute(TestCaseExecutor.java:235)
	at com.kms.katalon.core.main.TestSuiteExecutor.accessTestCaseMainPhase(TestSuiteExecutor.java:191)
	at com.kms.katalon.core.main.TestSuiteExecutor.accessTestSuiteMainPhase(TestSuiteExecutor.java:141)
	at com.kms.katalon.core.main.TestSuiteExecutor.execute(TestSuiteExecutor.java:90)
	at com.kms.katalon.core.main.TestCaseMain.startTestSuite(TestCaseMain.java:157)
	at com.kms.katalon.core.main.TestCaseMain$startTestSuite$0.call(Unknown Source)
	at TempTestSuite1599589933195.run(TempTestSuite1599589933195.groovy:39)
Caused by: com.kms.katalon.core.webui.exception.WebElementNotFoundException: Web element with id: 'Object Repository/FDR-Draw/reviewScreen/validateButton' located by '//*[@data-id='button-link' ]//*[contains(text(),'Validate')]' not found
	at com.kms.katalon.core.webui.common.WebUiCommonHelper.findWebElement(WebUiCommonHelper.java:1368)
	at com.kms.katalon.core.webui.keyword.internal.WebUIAbstractKeyword.findWebElement(WebUIAbstractKeyword.groovy:27)
	at com.kms.katalon.core.webui.keyword.internal.WebUIAbstractKeyword.findWebElement(WebUIAbstractKeyword.groovy:26)
	at com.kms.katalon.core.webui.keyword.builtin.ClickKeyword$_click_closure1.doCall(ClickKeyword.groovy:67)
	at com.kms.katalon.core.webui.keyword.builtin.ClickKeyword$_click_closure1.call(ClickKeyword.groovy)
	at com.kms.katalon.core.webui.keyword.internal.WebUIKeywordMain.runKeyword(WebUIKeywordMain.groovy:20)
	at com.kms.katalon.core.webui.keyword.builtin.ClickKeyword.click(ClickKeyword.groovy:76)
	at com.kms.katalon.core.webui.keyword.builtin.ClickKeyword.execute(ClickKeyword.groovy:43)
	at com.kms.katalon.core.keyword.internal.KeywordExecutor.executeKeywordForPlatform(KeywordExecutor.groovy:73)
	at com.kms.katalon.core.webui.keyword.WebUiBuiltInKeywords.click(WebUiBuiltInKeywords.groovy:616)
	at com.kms.katalon.core.webui.keyword.WebUiBuiltInKeywords$click$6.call(Unknown Source)
	at Script1591634907012.run(Script1591634907012.groovy:164)
	... 13 more
)

2020-09-08 11:51:49 - [MESSAGE][INFO] - Unable to find the element located by 'By.xpath: //*[@data-id='button-link' ]//*[contains(text(),'Validate')]'. Please recheck the objects properties to make sure the desired element is located. 

2020-09-08 11:51:49 - [MESSAGE][FAILED] - Unable to click on object 'Object Repository/FDR-Draw/reviewScreen/validateButton' (Root cause: com.kms.katalon.core.exception.StepFailedException: Unable to click on object 'Object Repository/FDR-Draw/reviewScreen/validateButton'
	at com.kms.katalon.core.webui.keyword.internal.WebUIKeywordMain.stepFailed(WebUIKeywordMain.groovy:64)
	at com.kms.katalon.core.webui.keyword.internal.WebUIKeywordMain.runKeyword(WebUIKeywordMain.groovy:26)
	at com.kms.katalon.core.webui.keyword.builtin.ClickKeyword.click(ClickKeyword.groovy:76)
	at com.kms.katalon.core.webui.keyword.builtin.ClickKeyword.execute(ClickKeyword.groovy:43)
	at com.kms.katalon.core.keyword.internal.KeywordExecutor.executeKeywordForPlatform(KeywordExecutor.groovy:73)
	at com.kms.katalon.core.webui.keyword.WebUiBuiltInKeywords.click(WebUiBuiltInKeywords.groovy:616)
	at com.kms.katalon.core.webui.keyword.WebUiBuiltInKeywords$click$6.call(Unknown Source)
	at FDR-Update-SCO-Balances-Icons.run(FDR-Update-SCO-Balances-Icons:164)
	at com.kms.katalon.core.main.ScriptEngine.run(ScriptEngine.java:194)
	at com.kms.katalon.core.main.ScriptEngine.runScriptAsRawText(ScriptEngine.java:119)
	at com.kms.katalon.core.main.TestCaseExecutor.runScript(TestCaseExecutor.java:339)
	at com.kms.katalon.core.main.TestCaseExecutor.doExecute(TestCaseExecutor.java:330)
	at com.kms.katalon.core.main.TestCaseExecutor.processExecutionPhase(TestCaseExecutor.java:309)
	at com.kms.katalon.core.main.TestCaseExecutor.accessMainPhase(TestCaseExecutor.java:301)
	at com.kms.katalon.core.main.TestCaseExecutor.execute(TestCaseExecutor.java:235)
	at com.kms.katalon.core.main.TestSuiteExecutor.accessTestCaseMainPhase(TestSuiteExecutor.java:191)
	at com.kms.katalon.core.main.TestSuiteExecutor.accessTestSuiteMainPhase(TestSuiteExecutor.java:141)
	at com.kms.katalon.core.main.TestSuiteExecutor.execute(TestSuiteExecutor.java:90)
	at com.kms.katalon.core.main.TestCaseMain.startTestSuite(TestCaseMain.java:157)
	at com.kms.katalon.core.main.TestCaseMain$startTestSuite$0.call(Unknown Source)
	at TempTestSuite1599589933195.run(TempTestSuite1599589933195.groovy:39)
Caused by: com.kms.katalon.core.webui.exception.WebElementNotFoundException: Web element with id: 'Object Repository/FDR-Draw/reviewScreen/validateButton' located by '//*[@data-id='button-link' ]//*[contains(text(),'Validate')]' not found
	at com.kms.katalon.core.webui.common.WebUiCommonHelper.findWebElement(WebUiCommonHelper.java:1368)
	at com.kms.katalon.core.webui.keyword.internal.WebUIAbstractKeyword.findWebElement(WebUIAbstractKeyword.groovy:27)
	at com.kms.katalon.core.webui.keyword.internal.WebUIAbstractKeyword.findWebElement(WebUIAbstractKeyword.groovy:26)
	at com.kms.katalon.core.webui.keyword.builtin.ClickKeyword$_click_closure1.doCall(ClickKeyword.groovy:67)
	at com.kms.katalon.core.webui.keyword.builtin.ClickKeyword$_click_closure1.call(ClickKeyword.groovy)
	at com.kms.katalon.core.webui.keyword.internal.WebUIKeywordMain.runKeyword(WebUIKeywordMain.groovy:20)
	at com.kms.katalon.core.webui.keyword.builtin.ClickKeyword.click(ClickKeyword.groovy:76)
	at com.kms.katalon.core.webui.keyword.builtin.ClickKeyword.execute(ClickKeyword.groovy:43)
	at com.kms.katalon.core.keyword.internal.KeywordExecutor.executeKeywordForPlatform(KeywordExecutor.groovy:73)
	at com.kms.katalon.core.webui.keyword.WebUiBuiltInKeywords.click(WebUiBuiltInKeywords.groovy:616)
	at com.kms.katalon.core.webui.keyword.WebUiBuiltInKeywords$click$6.call(Unknown Source)
	at Script1591634907012.run(Script1591634907012.groovy:164)
	... 13 more
)
[[ATTACHMENT|C:\\fdr-automation-develop_08_25_2020\\Reports\\20200908_113210\\Draw-Integration_Suite\\20200908_113213\\1599591109599.png]]

2020-09-08 11:51:49 - [TEST_STEP][PASSED] - waitForElementPresent(findTestObject("FDR-Dashboard/createNewVoucherButton"), 4): Object 'Object Repository/FDR-Dashboard/createNewVoucherButton' is not present after 4 second(s)

2020-09-08 11:51:55 - [MESSAGE][INFO] - Unable to find the element located by 'By.xpath: //*[@data-id='button-link']//*[contains(text(),'Create New Voucher')]'. Please recheck the objects properties to make sure the desired element is located. 

2020-09-08 11:51:55 - [MESSAGE][WARNING] - Object 'Object Repository/FDR-Dashboard/createNewVoucherButton' is not present after 4 second(s)

2020-09-08 11:51:55 - [TEST_STEP][FAILED] - click(findTestObject("Object Repository/FDR-Draw/reviewScreen/expenditureThumsUpButton")): Unable to click on object 'Object Repository/FDR-Draw/reviewScreen/expenditureThumsUpButton' (Root cause: com.kms.katalon.core.exception.StepFailedException: Unable to click on object 'Object Repository/FDR-Draw/reviewScreen/expenditureThumsUpButton'
	at com.kms.katalon.core.webui.keyword.internal.WebUIKeywordMain.stepFailed(WebUIKeywordMain.groovy:64)
	at com.kms.katalon.core.webui.keyword.internal.WebUIKeywordMain.runKeyword(WebUIKeywordMain.groovy:26)
	at com.kms.katalon.core.webui.keyword.builtin.ClickKeyword.click(ClickKeyword.groovy:76)
	at com.kms.katalon.core.webui.keyword.builtin.ClickKeyword.execute(ClickKeyword.groovy:43)
	at com.kms.katalon.core.keyword.internal.KeywordExecutor.executeKeywordForPlatform(KeywordExecutor.groovy:73)
	at com.kms.katalon.core.webui.keyword.WebUiBuiltInKeywords.click(WebUiBuiltInKeywords.groovy:616)
	at com.kms.katalon.core.webui.keyword.WebUiBuiltInKeywords$click$6.call(Unknown Source)
	at FDR-Update-SCO-Balances-Icons.run(FDR-Update-SCO-Balances-Icons:168)
	at com.kms.katalon.core.main.ScriptEngine.run(ScriptEngine.java:194)
	at com.kms.katalon.core.main.ScriptEngine.runScriptAsRawText(ScriptEngine.java:119)
	at com.kms.katalon.core.main.TestCaseExecutor.runScript(TestCaseExecutor.java:339)
	at com.kms.katalon.core.main.TestCaseExecutor.doExecute(TestCaseExecutor.java:330)
	at com.kms.katalon.core.main.TestCaseExecutor.processExecutionPhase(TestCaseExecutor.java:309)
	at com.kms.katalon.core.main.TestCaseExecutor.accessMainPhase(TestCaseExecutor.java:301)
	at com.kms.katalon.core.main.TestCaseExecutor.execute(TestCaseExecutor.java:235)
	at com.kms.katalon.core.main.TestSuiteExecutor.accessTestCaseMainPhase(TestSuiteExecutor.java:191)
	at com.kms.katalon.core.main.TestSuiteExecutor.accessTestSuiteMainPhase(TestSuiteExecutor.java:141)
	at com.kms.katalon.core.main.TestSuiteExecutor.execute(TestSuiteExecutor.java:90)
	at com.kms.katalon.core.main.TestCaseMain.startTestSuite(TestCaseMain.java:157)
	at com.kms.katalon.core.main.TestCaseMain$startTestSuite$0.call(Unknown Source)
	at TempTestSuite1599589933195.run(TempTestSuite1599589933195.groovy:39)
Caused by: com.kms.katalon.core.webui.exception.WebElementNotFoundException: Web element with id: 'Object Repository/FDR-Draw/reviewScreen/expenditureThumsUpButton' located by '((//*[text()='Expenditures']//parent::*//parent::*//parent::*)//button)[2]' not found
	at com.kms.katalon.core.webui.common.WebUiCommonHelper.findWebElement(WebUiCommonHelper.java:1368)
	at com.kms.katalon.core.webui.keyword.internal.WebUIAbstractKeyword.findWebElement(WebUIAbstractKeyword.groovy:27)
	at com.kms.katalon.core.webui.keyword.internal.WebUIAbstractKeyword.findWebElement(WebUIAbstractKeyword.groovy:26)
	at com.kms.katalon.core.webui.keyword.builtin.ClickKeyword$_click_closure1.doCall(ClickKeyword.groovy:67)
	at com.kms.katalon.core.webui.keyword.builtin.ClickKeyword$_click_closure1.call(ClickKeyword.groovy)
	at com.kms.katalon.core.webui.keyword.internal.WebUIKeywordMain.runKeyword(WebUIKeywordMain.groovy:20)
	at com.kms.katalon.core.webui.keyword.builtin.ClickKeyword.click(ClickKeyword.groovy:76)
	at com.kms.katalon.core.webui.keyword.builtin.ClickKeyword.execute(ClickKeyword.groovy:43)
	at com.kms.katalon.core.keyword.internal.KeywordExecutor.executeKeywordForPlatform(KeywordExecutor.groovy:73)
	at com.kms.katalon.core.webui.keyword.WebUiBuiltInKeywords.click(WebUiBuiltInKeywords.groovy:616)
	at com.kms.katalon.core.webui.keyword.WebUiBuiltInKeywords$click$6.call(Unknown Source)
	at Script1591634907012.run(Script1591634907012.groovy:168)
	... 13 more
)

2020-09-08 11:51:59 - [MESSAGE][INFO] - Unable to find the element located by 'By.xpath: ((//*[text()='Expenditures']//parent::*//parent::*//parent::*)//button)[2]'. Please recheck the objects properties to make sure the desired element is located. 

2020-09-08 11:51:59 - [MESSAGE][FAILED] - Unable to click on object 'Object Repository/FDR-Draw/reviewScreen/expenditureThumsUpButton' (Root cause: com.kms.katalon.core.exception.StepFailedException: Unable to click on object 'Object Repository/FDR-Draw/reviewScreen/expenditureThumsUpButton'
	at com.kms.katalon.core.webui.keyword.internal.WebUIKeywordMain.stepFailed(WebUIKeywordMain.groovy:64)
	at com.kms.katalon.core.webui.keyword.internal.WebUIKeywordMain.runKeyword(WebUIKeywordMain.groovy:26)
	at com.kms.katalon.core.webui.keyword.builtin.ClickKeyword.click(ClickKeyword.groovy:76)
	at com.kms.katalon.core.webui.keyword.builtin.ClickKeyword.execute(ClickKeyword.groovy:43)
	at com.kms.katalon.core.keyword.internal.KeywordExecutor.executeKeywordForPlatform(KeywordExecutor.groovy:73)
	at com.kms.katalon.core.webui.keyword.WebUiBuiltInKeywords.click(WebUiBuiltInKeywords.groovy:616)
	at com.kms.katalon.core.webui.keyword.WebUiBuiltInKeywords$click$6.call(Unknown Source)
	at FDR-Update-SCO-Balances-Icons.run(FDR-Update-SCO-Balances-Icons:168)
	at com.kms.katalon.core.main.ScriptEngine.run(ScriptEngine.java:194)
	at com.kms.katalon.core.main.ScriptEngine.runScriptAsRawText(ScriptEngine.java:119)
	at com.kms.katalon.core.main.TestCaseExecutor.runScript(TestCaseExecutor.java:339)
	at com.kms.katalon.core.main.TestCaseExecutor.doExecute(TestCaseExecutor.java:330)
	at com.kms.katalon.core.main.TestCaseExecutor.processExecutionPhase(TestCaseExecutor.java:309)
	at com.kms.katalon.core.main.TestCaseExecutor.accessMainPhase(TestCaseExecutor.java:301)
	at com.kms.katalon.core.main.TestCaseExecutor.execute(TestCaseExecutor.java:235)
	at com.kms.katalon.core.main.TestSuiteExecutor.accessTestCaseMainPhase(TestSuiteExecutor.java:191)
	at com.kms.katalon.core.main.TestSuiteExecutor.accessTestSuiteMainPhase(TestSuiteExecutor.java:141)
	at com.kms.katalon.core.main.TestSuiteExecutor.execute(TestSuiteExecutor.java:90)
	at com.kms.katalon.core.main.TestCaseMain.startTestSuite(TestCaseMain.java:157)
	at com.kms.katalon.core.main.TestCaseMain$startTestSuite$0.call(Unknown Source)
	at TempTestSuite1599589933195.run(TempTestSuite1599589933195.groovy:39)
Caused by: com.kms.katalon.core.webui.exception.WebElementNotFoundException: Web element with id: 'Object Repository/FDR-Draw/reviewScreen/expenditureThumsUpButton' located by '((//*[text()='Expenditures']//parent::*//parent::*//parent::*)//button)[2]' not found
	at com.kms.katalon.core.webui.common.WebUiCommonHelper.findWebElement(WebUiCommonHelper.java:1368)
	at com.kms.katalon.core.webui.keyword.internal.WebUIAbstractKeyword.findWebElement(WebUIAbstractKeyword.groovy:27)
	at com.kms.katalon.core.webui.keyword.internal.WebUIAbstractKeyword.findWebElement(WebUIAbstractKeyword.groovy:26)
	at com.kms.katalon.core.webui.keyword.builtin.ClickKeyword$_click_closure1.doCall(ClickKeyword.groovy:67)
	at com.kms.katalon.core.webui.keyword.builtin.ClickKeyword$_click_closure1.call(ClickKeyword.groovy)
	at com.kms.katalon.core.webui.keyword.internal.WebUIKeywordMain.runKeyword(WebUIKeywordMain.groovy:20)
	at com.kms.katalon.core.webui.keyword.builtin.ClickKeyword.click(ClickKeyword.groovy:76)
	at com.kms.katalon.core.webui.keyword.builtin.ClickKeyword.execute(ClickKeyword.groovy:43)
	at com.kms.katalon.core.keyword.internal.KeywordExecutor.executeKeywordForPlatform(KeywordExecutor.groovy:73)
	at com.kms.katalon.core.webui.keyword.WebUiBuiltInKeywords.click(WebUiBuiltInKeywords.groovy:616)
	at com.kms.katalon.core.webui.keyword.WebUiBuiltInKeywords$click$6.call(Unknown Source)
	at Script1591634907012.run(Script1591634907012.groovy:168)
	... 13 more
)
[[ATTACHMENT|C:\\fdr-automation-develop_08_25_2020\\Reports\\20200908_113210\\Draw-Integration_Suite\\20200908_113213\\1599591119069.png]]

2020-09-08 11:51:59 - [TEST_STEP][PASSED] - waitForElementPresent(findTestObject("FDR-Dashboard/createNewVoucherButton"), 2): Object 'Object Repository/FDR-Dashboard/createNewVoucherButton' is not present after 2 second(s)

2020-09-08 11:52:02 - [MESSAGE][INFO] - Unable to find the element located by 'By.xpath: //*[@data-id='button-link']//*[contains(text(),'Create New Voucher')]'. Please recheck the objects properties to make sure the desired element is located. 

2020-09-08 11:52:02 - [MESSAGE][WARNING] - Object 'Object Repository/FDR-Dashboard/createNewVoucherButton' is not present after 2 second(s)

2020-09-08 11:52:02 - [TEST_STEP][FAILED] - click(findTestObject("Object Repository/FDR-Draw/reviewScreen/receiptsThumbsUpButton")): Unable to click on object 'Object Repository/FDR-Draw/reviewScreen/receiptsThumbsUpButton' (Root cause: com.kms.katalon.core.exception.StepFailedException: Unable to click on object 'Object Repository/FDR-Draw/reviewScreen/receiptsThumbsUpButton'
	at com.kms.katalon.core.webui.keyword.internal.WebUIKeywordMain.stepFailed(WebUIKeywordMain.groovy:64)
	at com.kms.katalon.core.webui.keyword.internal.WebUIKeywordMain.runKeyword(WebUIKeywordMain.groovy:26)
	at com.kms.katalon.core.webui.keyword.builtin.ClickKeyword.click(ClickKeyword.groovy:76)
	at com.kms.katalon.core.webui.keyword.builtin.ClickKeyword.execute(ClickKeyword.groovy:43)
	at com.kms.katalon.core.keyword.internal.KeywordExecutor.executeKeywordForPlatform(KeywordExecutor.groovy:73)
	at com.kms.katalon.core.webui.keyword.WebUiBuiltInKeywords.click(WebUiBuiltInKeywords.groovy:616)
	at com.kms.katalon.core.webui.keyword.WebUiBuiltInKeywords$click$6.call(Unknown Source)
	at FDR-Update-SCO-Balances-Icons.run(FDR-Update-SCO-Balances-Icons:172)
	at com.kms.katalon.core.main.ScriptEngine.run(ScriptEngine.java:194)
	at com.kms.katalon.core.main.ScriptEngine.runScriptAsRawText(ScriptEngine.java:119)
	at com.kms.katalon.core.main.TestCaseExecutor.runScript(TestCaseExecutor.java:339)
	at com.kms.katalon.core.main.TestCaseExecutor.doExecute(TestCaseExecutor.java:330)
	at com.kms.katalon.core.main.TestCaseExecutor.processExecutionPhase(TestCaseExecutor.java:309)
	at com.kms.katalon.core.main.TestCaseExecutor.accessMainPhase(TestCaseExecutor.java:301)
	at com.kms.katalon.core.main.TestCaseExecutor.execute(TestCaseExecutor.java:235)
	at com.kms.katalon.core.main.TestSuiteExecutor.accessTestCaseMainPhase(TestSuiteExecutor.java:191)
	at com.kms.katalon.core.main.TestSuiteExecutor.accessTestSuiteMainPhase(TestSuiteExecutor.java:141)
	at com.kms.katalon.core.main.TestSuiteExecutor.execute(TestSuiteExecutor.java:90)
	at com.kms.katalon.core.main.TestCaseMain.startTestSuite(TestCaseMain.java:157)
	at com.kms.katalon.core.main.TestCaseMain$startTestSuite$0.call(Unknown Source)
	at TempTestSuite1599589933195.run(TempTestSuite1599589933195.groovy:39)
Caused by: com.kms.katalon.core.webui.exception.WebElementNotFoundException: Web element with id: 'Object Repository/FDR-Draw/reviewScreen/receiptsThumbsUpButton' located by '((//*[text()='Receipts']//parent::*//parent::*//parent::*)//button)[2]' not found
	at com.kms.katalon.core.webui.common.WebUiCommonHelper.findWebElement(WebUiCommonHelper.java:1368)
	at com.kms.katalon.core.webui.keyword.internal.WebUIAbstractKeyword.findWebElement(WebUIAbstractKeyword.groovy:27)
	at com.kms.katalon.core.webui.keyword.internal.WebUIAbstractKeyword.findWebElement(WebUIAbstractKeyword.groovy:26)
	at com.kms.katalon.core.webui.keyword.builtin.ClickKeyword$_click_closure1.doCall(ClickKeyword.groovy:67)
	at com.kms.katalon.core.webui.keyword.builtin.ClickKeyword$_click_closure1.call(ClickKeyword.groovy)
	at com.kms.katalon.core.webui.keyword.internal.WebUIKeywordMain.runKeyword(WebUIKeywordMain.groovy:20)
	at com.kms.katalon.core.webui.keyword.builtin.ClickKeyword.click(ClickKeyword.groovy:76)
	at com.kms.katalon.core.webui.keyword.builtin.ClickKeyword.execute(ClickKeyword.groovy:43)
	at com.kms.katalon.core.keyword.internal.KeywordExecutor.executeKeywordForPlatform(KeywordExecutor.groovy:73)
	at com.kms.katalon.core.webui.keyword.WebUiBuiltInKeywords.click(WebUiBuiltInKeywords.groovy:616)
	at com.kms.katalon.core.webui.keyword.WebUiBuiltInKeywords$click$6.call(Unknown Source)
	at Script1591634907012.run(Script1591634907012.groovy:172)
	... 13 more
)

2020-09-08 11:52:06 - [MESSAGE][INFO] - Unable to find the element located by 'By.xpath: ((//*[text()='Receipts']//parent::*//parent::*//parent::*)//button)[2]'. Please recheck the objects properties to make sure the desired element is located. 

2020-09-08 11:52:06 - [MESSAGE][FAILED] - Unable to click on object 'Object Repository/FDR-Draw/reviewScreen/receiptsThumbsUpButton' (Root cause: com.kms.katalon.core.exception.StepFailedException: Unable to click on object 'Object Repository/FDR-Draw/reviewScreen/receiptsThumbsUpButton'
	at com.kms.katalon.core.webui.keyword.internal.WebUIKeywordMain.stepFailed(WebUIKeywordMain.groovy:64)
	at com.kms.katalon.core.webui.keyword.internal.WebUIKeywordMain.runKeyword(WebUIKeywordMain.groovy:26)
	at com.kms.katalon.core.webui.keyword.builtin.ClickKeyword.click(ClickKeyword.groovy:76)
	at com.kms.katalon.core.webui.keyword.builtin.ClickKeyword.execute(ClickKeyword.groovy:43)
	at com.kms.katalon.core.keyword.internal.KeywordExecutor.executeKeywordForPlatform(KeywordExecutor.groovy:73)
	at com.kms.katalon.core.webui.keyword.WebUiBuiltInKeywords.click(WebUiBuiltInKeywords.groovy:616)
	at com.kms.katalon.core.webui.keyword.WebUiBuiltInKeywords$click$6.call(Unknown Source)
	at FDR-Update-SCO-Balances-Icons.run(FDR-Update-SCO-Balances-Icons:172)
	at com.kms.katalon.core.main.ScriptEngine.run(ScriptEngine.java:194)
	at com.kms.katalon.core.main.ScriptEngine.runScriptAsRawText(ScriptEngine.java:119)
	at com.kms.katalon.core.main.TestCaseExecutor.runScript(TestCaseExecutor.java:339)
	at com.kms.katalon.core.main.TestCaseExecutor.doExecute(TestCaseExecutor.java:330)
	at com.kms.katalon.core.main.TestCaseExecutor.processExecutionPhase(TestCaseExecutor.java:309)
	at com.kms.katalon.core.main.TestCaseExecutor.accessMainPhase(TestCaseExecutor.java:301)
	at com.kms.katalon.core.main.TestCaseExecutor.execute(TestCaseExecutor.java:235)
	at com.kms.katalon.core.main.TestSuiteExecutor.accessTestCaseMainPhase(TestSuiteExecutor.java:191)
	at com.kms.katalon.core.main.TestSuiteExecutor.accessTestSuiteMainPhase(TestSuiteExecutor.java:141)
	at com.kms.katalon.core.main.TestSuiteExecutor.execute(TestSuiteExecutor.java:90)
	at com.kms.katalon.core.main.TestCaseMain.startTestSuite(TestCaseMain.java:157)
	at com.kms.katalon.core.main.TestCaseMain$startTestSuite$0.call(Unknown Source)
	at TempTestSuite1599589933195.run(TempTestSuite1599589933195.groovy:39)
Caused by: com.kms.katalon.core.webui.exception.WebElementNotFoundException: Web element with id: 'Object Repository/FDR-Draw/reviewScreen/receiptsThumbsUpButton' located by '((//*[text()='Receipts']//parent::*//parent::*//parent::*)//button)[2]' not found
	at com.kms.katalon.core.webui.common.WebUiCommonHelper.findWebElement(WebUiCommonHelper.java:1368)
	at com.kms.katalon.core.webui.keyword.internal.WebUIAbstractKeyword.findWebElement(WebUIAbstractKeyword.groovy:27)
	at com.kms.katalon.core.webui.keyword.internal.WebUIAbstractKeyword.findWebElement(WebUIAbstractKeyword.groovy:26)
	at com.kms.katalon.core.webui.keyword.builtin.ClickKeyword$_click_closure1.doCall(ClickKeyword.groovy:67)
	at com.kms.katalon.core.webui.keyword.builtin.ClickKeyword$_click_closure1.call(ClickKeyword.groovy)
	at com.kms.katalon.core.webui.keyword.internal.WebUIKeywordMain.runKeyword(WebUIKeywordMain.groovy:20)
	at com.kms.katalon.core.webui.keyword.builtin.ClickKeyword.click(ClickKeyword.groovy:76)
	at com.kms.katalon.core.webui.keyword.builtin.ClickKeyword.execute(ClickKeyword.groovy:43)
	at com.kms.katalon.core.keyword.internal.KeywordExecutor.executeKeywordForPlatform(KeywordExecutor.groovy:73)
	at com.kms.katalon.core.webui.keyword.WebUiBuiltInKeywords.click(WebUiBuiltInKeywords.groovy:616)
	at com.kms.katalon.core.webui.keyword.WebUiBuiltInKeywords$click$6.call(Unknown Source)
	at Script1591634907012.run(Script1591634907012.groovy:172)
	... 13 more
)
[[ATTACHMENT|C:\\fdr-automation-develop_08_25_2020\\Reports\\20200908_113210\\Draw-Integration_Suite\\20200908_113213\\1599591126597.png]]

2020-09-08 11:52:06 - [TEST_STEP][PASSED] - waitForElementPresent(findTestObject("FDR-Dashboard/createNewVoucherButton"), 2): Object 'Object Repository/FDR-Dashboard/createNewVoucherButton' is not present after 2 second(s)

2020-09-08 11:52:10 - [MESSAGE][INFO] - Unable to find the element located by 'By.xpath: //*[@data-id='button-link']//*[contains(text(),'Create New Voucher')]'. Please recheck the objects properties to make sure the desired element is located. 

2020-09-08 11:52:10 - [MESSAGE][WARNING] - Object 'Object Repository/FDR-Dashboard/createNewVoucherButton' is not present after 2 second(s)

2020-09-08 11:52:10 - [TEST_STEP][FAILED] - click(findTestObject("Object Repository/FDR-Draw/reviewScreen/reOpenDrawButton")): Unable to click on object 'Object Repository/FDR-Draw/reviewScreen/reOpenDrawButton' (Root cause: com.kms.katalon.core.exception.StepFailedException: Unable to click on object 'Object Repository/FDR-Draw/reviewScreen/reOpenDrawButton'
	at com.kms.katalon.core.webui.keyword.internal.WebUIKeywordMain.stepFailed(WebUIKeywordMain.groovy:64)
	at com.kms.katalon.core.webui.keyword.internal.WebUIKeywordMain.runKeyword(WebUIKeywordMain.groovy:26)
	at com.kms.katalon.core.webui.keyword.builtin.ClickKeyword.click(ClickKeyword.groovy:76)
	at com.kms.katalon.core.webui.keyword.builtin.ClickKeyword.execute(ClickKeyword.groovy:43)
	at com.kms.katalon.core.keyword.internal.KeywordExecutor.executeKeywordForPlatform(KeywordExecutor.groovy:73)
	at com.kms.katalon.core.webui.keyword.WebUiBuiltInKeywords.click(WebUiBuiltInKeywords.groovy:616)
	at com.kms.katalon.core.webui.keyword.WebUiBuiltInKeywords$click$6.call(Unknown Source)
	at FDR-Update-SCO-Balances-Icons.run(FDR-Update-SCO-Balances-Icons:176)
	at com.kms.katalon.core.main.ScriptEngine.run(ScriptEngine.java:194)
	at com.kms.katalon.core.main.ScriptEngine.runScriptAsRawText(ScriptEngine.java:119)
	at com.kms.katalon.core.main.TestCaseExecutor.runScript(TestCaseExecutor.java:339)
	at com.kms.katalon.core.main.TestCaseExecutor.doExecute(TestCaseExecutor.java:330)
	at com.kms.katalon.core.main.TestCaseExecutor.processExecutionPhase(TestCaseExecutor.java:309)
	at com.kms.katalon.core.main.TestCaseExecutor.accessMainPhase(TestCaseExecutor.java:301)
	at com.kms.katalon.core.main.TestCaseExecutor.execute(TestCaseExecutor.java:235)
	at com.kms.katalon.core.main.TestSuiteExecutor.accessTestCaseMainPhase(TestSuiteExecutor.java:191)
	at com.kms.katalon.core.main.TestSuiteExecutor.accessTestSuiteMainPhase(TestSuiteExecutor.java:141)
	at com.kms.katalon.core.main.TestSuiteExecutor.execute(TestSuiteExecutor.java:90)
	at com.kms.katalon.core.main.TestCaseMain.startTestSuite(TestCaseMain.java:157)
	at com.kms.katalon.core.main.TestCaseMain$startTestSuite$0.call(Unknown Source)
	at TempTestSuite1599589933195.run(TempTestSuite1599589933195.groovy:39)
Caused by: com.kms.katalon.core.webui.exception.WebElementNotFoundException: Web element with id: 'Object Repository/FDR-Draw/reviewScreen/reOpenDrawButton' located by '//*[@data-id='action-button' ]//*[contains(text(),'Reopen Draw')]' not found
	at com.kms.katalon.core.webui.common.WebUiCommonHelper.findWebElement(WebUiCommonHelper.java:1368)
	at com.kms.katalon.core.webui.keyword.internal.WebUIAbstractKeyword.findWebElement(WebUIAbstractKeyword.groovy:27)
	at com.kms.katalon.core.webui.keyword.internal.WebUIAbstractKeyword.findWebElement(WebUIAbstractKeyword.groovy:26)
	at com.kms.katalon.core.webui.keyword.builtin.ClickKeyword$_click_closure1.doCall(ClickKeyword.groovy:67)
	at com.kms.katalon.core.webui.keyword.builtin.ClickKeyword$_click_closure1.call(ClickKeyword.groovy)
	at com.kms.katalon.core.webui.keyword.internal.WebUIKeywordMain.runKeyword(WebUIKeywordMain.groovy:20)
	at com.kms.katalon.core.webui.keyword.builtin.ClickKeyword.click(ClickKeyword.groovy:76)
	at com.kms.katalon.core.webui.keyword.builtin.ClickKeyword.execute(ClickKeyword.groovy:43)
	at com.kms.katalon.core.keyword.internal.KeywordExecutor.executeKeywordForPlatform(KeywordExecutor.groovy:73)
	at com.kms.katalon.core.webui.keyword.WebUiBuiltInKeywords.click(WebUiBuiltInKeywords.groovy:616)
	at com.kms.katalon.core.webui.keyword.WebUiBuiltInKeywords$click$6.call(Unknown Source)
	at Script1591634907012.run(Script1591634907012.groovy:176)
	... 13 more
)

2020-09-08 11:52:14 - [MESSAGE][INFO] - Unable to find the element located by 'By.xpath: //*[@data-id='action-button' ]//*[contains(text(),'Reopen Draw')]'. Please recheck the objects properties to make sure the desired element is located. 

2020-09-08 11:52:14 - [MESSAGE][FAILED] - Unable to click on object 'Object Repository/FDR-Draw/reviewScreen/reOpenDrawButton' (Root cause: com.kms.katalon.core.exception.StepFailedException: Unable to click on object 'Object Repository/FDR-Draw/reviewScreen/reOpenDrawButton'
	at com.kms.katalon.core.webui.keyword.internal.WebUIKeywordMain.stepFailed(WebUIKeywordMain.groovy:64)
	at com.kms.katalon.core.webui.keyword.internal.WebUIKeywordMain.runKeyword(WebUIKeywordMain.groovy:26)
	at com.kms.katalon.core.webui.keyword.builtin.ClickKeyword.click(ClickKeyword.groovy:76)
	at com.kms.katalon.core.webui.keyword.builtin.ClickKeyword.execute(ClickKeyword.groovy:43)
	at com.kms.katalon.core.keyword.internal.KeywordExecutor.executeKeywordForPlatform(KeywordExecutor.groovy:73)
	at com.kms.katalon.core.webui.keyword.WebUiBuiltInKeywords.click(WebUiBuiltInKeywords.groovy:616)
	at com.kms.katalon.core.webui.keyword.WebUiBuiltInKeywords$click$6.call(Unknown Source)
	at FDR-Update-SCO-Balances-Icons.run(FDR-Update-SCO-Balances-Icons:176)
	at com.kms.katalon.core.main.ScriptEngine.run(ScriptEngine.java:194)
	at com.kms.katalon.core.main.ScriptEngine.runScriptAsRawText(ScriptEngine.java:119)
	at com.kms.katalon.core.main.TestCaseExecutor.runScript(TestCaseExecutor.java:339)
	at com.kms.katalon.core.main.TestCaseExecutor.doExecute(TestCaseExecutor.java:330)
	at com.kms.katalon.core.main.TestCaseExecutor.processExecutionPhase(TestCaseExecutor.java:309)
	at com.kms.katalon.core.main.TestCaseExecutor.accessMainPhase(TestCaseExecutor.java:301)
	at com.kms.katalon.core.main.TestCaseExecutor.execute(TestCaseExecutor.java:235)
	at com.kms.katalon.core.main.TestSuiteExecutor.accessTestCaseMainPhase(TestSuiteExecutor.java:191)
	at com.kms.katalon.core.main.TestSuiteExecutor.accessTestSuiteMainPhase(TestSuiteExecutor.java:141)
	at com.kms.katalon.core.main.TestSuiteExecutor.execute(TestSuiteExecutor.java:90)
	at com.kms.katalon.core.main.TestCaseMain.startTestSuite(TestCaseMain.java:157)
	at com.kms.katalon.core.main.TestCaseMain$startTestSuite$0.call(Unknown Source)
	at TempTestSuite1599589933195.run(TempTestSuite1599589933195.groovy:39)
Caused by: com.kms.katalon.core.webui.exception.WebElementNotFoundException: Web element with id: 'Object Repository/FDR-Draw/reviewScreen/reOpenDrawButton' located by '//*[@data-id='action-button' ]//*[contains(text(),'Reopen Draw')]' not found
	at com.kms.katalon.core.webui.common.WebUiCommonHelper.findWebElement(WebUiCommonHelper.java:1368)
	at com.kms.katalon.core.webui.keyword.internal.WebUIAbstractKeyword.findWebElement(WebUIAbstractKeyword.groovy:27)
	at com.kms.katalon.core.webui.keyword.internal.WebUIAbstractKeyword.findWebElement(WebUIAbstractKeyword.groovy:26)
	at com.kms.katalon.core.webui.keyword.builtin.ClickKeyword$_click_closure1.doCall(ClickKeyword.groovy:67)
	at com.kms.katalon.core.webui.keyword.builtin.ClickKeyword$_click_closure1.call(ClickKeyword.groovy)
	at com.kms.katalon.core.webui.keyword.internal.WebUIKeywordMain.runKeyword(WebUIKeywordMain.groovy:20)
	at com.kms.katalon.core.webui.keyword.builtin.ClickKeyword.click(ClickKeyword.groovy:76)
	at com.kms.katalon.core.webui.keyword.builtin.ClickKeyword.execute(ClickKeyword.groovy:43)
	at com.kms.katalon.core.keyword.internal.KeywordExecutor.executeKeywordForPlatform(KeywordExecutor.groovy:73)
	at com.kms.katalon.core.webui.keyword.WebUiBuiltInKeywords.click(WebUiBuiltInKeywords.groovy:616)
	at com.kms.katalon.core.webui.keyword.WebUiBuiltInKeywords$click$6.call(Unknown Source)
	at Script1591634907012.run(Script1591634907012.groovy:176)
	... 13 more
)
[[ATTACHMENT|C:\\fdr-automation-develop_08_25_2020\\Reports\\20200908_113210\\Draw-Integration_Suite\\20200908_113213\\1599591134127.png]]

2020-09-08 11:52:14 - [TEST_STEP][PASSED] - waitForElementPresent(findTestObject("FDR-Dashboard/createNewVoucherButton"), 2): Object 'Object Repository/FDR-Dashboard/createNewVoucherButton' is not present after 2 second(s)

2020-09-08 11:52:17 - [MESSAGE][INFO] - Unable to find the element located by 'By.xpath: //*[@data-id='button-link']//*[contains(text(),'Create New Voucher')]'. Please recheck the objects properties to make sure the desired element is located. 

2020-09-08 11:52:17 - [MESSAGE][WARNING] - Object 'Object Repository/FDR-Dashboard/createNewVoucherButton' is not present after 2 second(s)

2020-09-08 11:52:17 - [TEST_STEP][FAILED] - verifyElementPresent(findTestObject("Object Repository/FDR-Draw/reviewScreen/reOpenDrawText"), 2): com.kms.katalon.core.webui.exception.WebElementNotFoundException: Web element with id: 'Object Repository/FDR-Draw/reviewScreen/reOpenDrawText' located by '//*[text()='Reconcile Re-opened Fund 0912 Draw']' not found (Root cause: com.kms.katalon.core.exception.StepFailedException: com.kms.katalon.core.webui.exception.WebElementNotFoundException: Web element with id: 'Object Repository/FDR-Draw/reviewScreen/reOpenDrawText' located by '//*[text()='Reconcile Re-opened Fund 0912 Draw']' not found
	at com.kms.katalon.core.webui.keyword.internal.WebUIKeywordMain.stepFailed(WebUIKeywordMain.groovy:64)
	at com.kms.katalon.core.webui.keyword.builtin.VerifyElementPresentKeyword$_verifyElementPresent_closure1.doCall(VerifyElementPresentKeyword.groovy:85)
	at com.kms.katalon.core.webui.keyword.builtin.VerifyElementPresentKeyword$_verifyElementPresent_closure1.call(VerifyElementPresentKeyword.groovy)
	at com.kms.katalon.core.webui.keyword.internal.WebUIKeywordMain.runKeyword(WebUIKeywordMain.groovy:20)
	at com.kms.katalon.core.webui.keyword.builtin.VerifyElementPresentKeyword.verifyElementPresent(VerifyElementPresentKeyword.groovy:92)
	at com.kms.katalon.core.webui.keyword.builtin.VerifyElementPresentKeyword.execute(VerifyElementPresentKeyword.groovy:68)
	at com.kms.katalon.core.keyword.internal.KeywordExecutor.executeKeywordForPlatform(KeywordExecutor.groovy:73)
	at com.kms.katalon.core.webui.keyword.WebUiBuiltInKeywords.verifyElementPresent(WebUiBuiltInKeywords.groovy:1460)
	at com.kms.katalon.core.webui.keyword.WebUiBuiltInKeywords$verifyElementPresent$16.call(Unknown Source)
	at FDR-Update-SCO-Balances-Icons.run(FDR-Update-SCO-Balances-Icons:180)
	at com.kms.katalon.core.main.ScriptEngine.run(ScriptEngine.java:194)
	at com.kms.katalon.core.main.ScriptEngine.runScriptAsRawText(ScriptEngine.java:119)
	at com.kms.katalon.core.main.TestCaseExecutor.runScript(TestCaseExecutor.java:339)
	at com.kms.katalon.core.main.TestCaseExecutor.doExecute(TestCaseExecutor.java:330)
	at com.kms.katalon.core.main.TestCaseExecutor.processExecutionPhase(TestCaseExecutor.java:309)
	at com.kms.katalon.core.main.TestCaseExecutor.accessMainPhase(TestCaseExecutor.java:301)
	at com.kms.katalon.core.main.TestCaseExecutor.execute(TestCaseExecutor.java:235)
	at com.kms.katalon.core.main.TestSuiteExecutor.accessTestCaseMainPhase(TestSuiteExecutor.java:191)
	at com.kms.katalon.core.main.TestSuiteExecutor.accessTestSuiteMainPhase(TestSuiteExecutor.java:141)
	at com.kms.katalon.core.main.TestSuiteExecutor.execute(TestSuiteExecutor.java:90)
	at com.kms.katalon.core.main.TestCaseMain.startTestSuite(TestCaseMain.java:157)
	at com.kms.katalon.core.main.TestCaseMain$startTestSuite$0.call(Unknown Source)
	at TempTestSuite1599589933195.run(TempTestSuite1599589933195.groovy:39)
)

2020-09-08 11:52:20 - [MESSAGE][INFO] - Unable to find the element located by 'By.xpath: //*[text()='Reconcile Re-opened Fund 0912 Draw']'. Please recheck the objects properties to make sure the desired element is located. 

2020-09-08 11:52:20 - [MESSAGE][FAILED] - com.kms.katalon.core.webui.exception.WebElementNotFoundException: Web element with id: 'Object Repository/FDR-Draw/reviewScreen/reOpenDrawText' located by '//*[text()='Reconcile Re-opened Fund 0912 Draw']' not found (Root cause: com.kms.katalon.core.exception.StepFailedException: com.kms.katalon.core.webui.exception.WebElementNotFoundException: Web element with id: 'Object Repository/FDR-Draw/reviewScreen/reOpenDrawText' located by '//*[text()='Reconcile Re-opened Fund 0912 Draw']' not found
	at com.kms.katalon.core.webui.keyword.internal.WebUIKeywordMain.stepFailed(WebUIKeywordMain.groovy:64)
	at com.kms.katalon.core.webui.keyword.builtin.VerifyElementPresentKeyword$_verifyElementPresent_closure1.doCall(VerifyElementPresentKeyword.groovy:85)
	at com.kms.katalon.core.webui.keyword.builtin.VerifyElementPresentKeyword$_verifyElementPresent_closure1.call(VerifyElementPresentKeyword.groovy)
	at com.kms.katalon.core.webui.keyword.internal.WebUIKeywordMain.runKeyword(WebUIKeywordMain.groovy:20)
	at com.kms.katalon.core.webui.keyword.builtin.VerifyElementPresentKeyword.verifyElementPresent(VerifyElementPresentKeyword.groovy:92)
	at com.kms.katalon.core.webui.keyword.builtin.VerifyElementPresentKeyword.execute(VerifyElementPresentKeyword.groovy:68)
	at com.kms.katalon.core.keyword.internal.KeywordExecutor.executeKeywordForPlatform(KeywordExecutor.groovy:73)
	at com.kms.katalon.core.webui.keyword.WebUiBuiltInKeywords.verifyElementPresent(WebUiBuiltInKeywords.groovy:1460)
	at com.kms.katalon.core.webui.keyword.WebUiBuiltInKeywords$verifyElementPresent$16.call(Unknown Source)
	at FDR-Update-SCO-Balances-Icons.run(FDR-Update-SCO-Balances-Icons:180)
	at com.kms.katalon.core.main.ScriptEngine.run(ScriptEngine.java:194)
	at com.kms.katalon.core.main.ScriptEngine.runScriptAsRawText(ScriptEngine.java:119)
	at com.kms.katalon.core.main.TestCaseExecutor.runScript(TestCaseExecutor.java:339)
	at com.kms.katalon.core.main.TestCaseExecutor.doExecute(TestCaseExecutor.java:330)
	at com.kms.katalon.core.main.TestCaseExecutor.processExecutionPhase(TestCaseExecutor.java:309)
	at com.kms.katalon.core.main.TestCaseExecutor.accessMainPhase(TestCaseExecutor.java:301)
	at com.kms.katalon.core.main.TestCaseExecutor.execute(TestCaseExecutor.java:235)
	at com.kms.katalon.core.main.TestSuiteExecutor.accessTestCaseMainPhase(TestSuiteExecutor.java:191)
	at com.kms.katalon.core.main.TestSuiteExecutor.accessTestSuiteMainPhase(TestSuiteExecutor.java:141)
	at com.kms.katalon.core.main.TestSuiteExecutor.execute(TestSuiteExecutor.java:90)
	at com.kms.katalon.core.main.TestCaseMain.startTestSuite(TestCaseMain.java:157)
	at com.kms.katalon.core.main.TestCaseMain$startTestSuite$0.call(Unknown Source)
	at TempTestSuite1599589933195.run(TempTestSuite1599589933195.groovy:39)
)
[[ATTACHMENT|C:\\fdr-automation-develop_08_25_2020\\Reports\\20200908_113210\\Draw-Integration_Suite\\20200908_113213\\1599591140698.png]]

2020-09-08 11:52:20 - [TEST_STEP][PASSED] - Start listener action : sampleAfterTestCase: null

2020-09-08 11:52:20 - [TEST_STEP][PASSED] - profileName = getExecutionProfile(): null

2020-09-08 11:52:20 - [TEST_STEP][PASSED] - switch (profileName): null

2020-09-08 11:52:20 - [TEST_STEP][PASSED] - case "superUser":: null

2020-09-08 11:52:20 - [TEST_STEP][PASSED] - return null: null

2020-09-08 11:52:20 - [TEST_STEP][PASSED] - Start listener action : afterTestCase: null

2020-09-08 11:52:20 - [TEST_STEP][PASSED] - profileName = getExecutionProfile(): null

2020-09-08 11:52:20 - [TEST_STEP][PASSED] - if (profileName.equalsIgnoreCase("SysAdmin")): null

2020-09-08 11:52:20 - [TEST_STEP][PASSED] - Start listener action : sampleAfterTestCase: null

2020-09-08 11:52:20 - [TEST_STEP][PASSED] - profileName = getExecutionProfile(): null

2020-09-08 11:52:20 - [TEST_STEP][PASSED] - switch (profileName): null

2020-09-08 11:52:20 - [TEST_STEP][PASSED] - case "Draw":: null

2020-09-08 11:52:20 - [TEST_STEP][PASSED] - Uifunctions.logoutFDR(): Browser is closed

2020-09-08 11:52:21 - [MESSAGE][PASSED] - Browser is closed

2020-09-08 11:52:21 - [TEST_STEP][PASSED] - break: null

2020-09-08 11:52:21 - [TEST_STEP][PASSED] - Start listener action : addFailedTCToList: null]]></system-out>
         <system-err><![CDATA[2020-09-08 11:42:08 - [TEST_CASE][FAILED] - Test Cases/WEB-UI-TESTS/Draw/FDR-Update-SCO-Balances-Icons: Test Cases/WEB-UI-TESTS/Draw/FDR-Update-SCO-Balances-Icons FAILED.
Reason:
com.kms.katalon.core.exception.StepFailedException: Cannot get CSS 'color' value on 'Object Repository/FDR-Draw/reviewScreen/scoBalanceVerifiedIcon'. (Root cause: com.kms.katalon.core.exception.StepFailedException: Cannot get CSS 'color' value on 'Object Repository/FDR-Draw/reviewScreen/scoBalanceVerifiedIcon'.
	at com.kms.katalon.core.webui.keyword.internal.WebUIKeywordMain.stepFailed(WebUIKeywordMain.groovy:64)
	at com.kms.katalon.core.webui.keyword.internal.WebUIKeywordMain.runKeyword(WebUIKeywordMain.groovy:26)
	at com.kms.katalon.core.webui.keyword.builtin.getCSSValueKeyword.getCSSValue(GetCSSValueKeyword.groovy:84)
	at com.kms.katalon.core.webui.keyword.builtin.getCSSValueKeyword.execute(GetCSSValueKeyword.groovy:68)
	at com.kms.katalon.core.keyword.internal.KeywordExecutor.executeKeywordForPlatform(KeywordExecutor.groovy:73)
	at com.kms.katalon.core.webui.keyword.WebUiBuiltInKeywords.getCSSValue(WebUiBuiltInKeywords.groovy:3534)
	at com.kms.katalon.core.webui.keyword.WebUiBuiltInKeywords$getCSSValue$19.call(Unknown Source)
	at FDR-Update-SCO-Balances-Icons.run(FDR-Update-SCO-Balances-Icons:44)
	at com.kms.katalon.core.main.ScriptEngine.run(ScriptEngine.java:194)
	at com.kms.katalon.core.main.ScriptEngine.runScriptAsRawText(ScriptEngine.java:119)
	at com.kms.katalon.core.main.TestCaseExecutor.runScript(TestCaseExecutor.java:339)
	at com.kms.katalon.core.main.TestCaseExecutor.doExecute(TestCaseExecutor.java:330)
	at com.kms.katalon.core.main.TestCaseExecutor.processExecutionPhase(TestCaseExecutor.java:309)
	at com.kms.katalon.core.main.TestCaseExecutor.accessMainPhase(TestCaseExecutor.java:301)
	at com.kms.katalon.core.main.TestCaseExecutor.execute(TestCaseExecutor.java:235)
	at com.kms.katalon.core.main.TestSuiteExecutor.accessTestCaseMainPhase(TestSuiteExecutor.java:191)
	at com.kms.katalon.core.main.TestSuiteExecutor.accessTestSuiteMainPhase(TestSuiteExecutor.java:141)
	at com.kms.katalon.core.main.TestSuiteExecutor.execute(TestSuiteExecutor.java:90)
	at com.kms.katalon.core.main.TestCaseMain.startTestSuite(TestCaseMain.java:157)
	at com.kms.katalon.core.main.TestCaseMain$startTestSuite$0.call(Unknown Source)
	at TempTestSuite1599589933195.run(TempTestSuite1599589933195.groovy:39)
Caused by: com.kms.katalon.core.webui.exception.WebElementNotFoundException: Web element with id: 'Object Repository/FDR-Draw/reviewScreen/scoBalanceVerifiedIcon' located by '(//*[text()='SCO Balances Verified']//parent::*//*)[1]' not found
	at com.kms.katalon.core.webui.common.WebUiCommonHelper.findWebElement(WebUiCommonHelper.java:1368)
	at com.kms.katalon.core.webui.keyword.internal.WebUIAbstractKeyword.findWebElement(WebUIAbstractKeyword.groovy:27)
	at com.kms.katalon.core.webui.keyword.internal.WebUIAbstractKeyword.findWebElement(WebUIAbstractKeyword.groovy:26)
	at com.kms.katalon.core.webui.keyword.builtin.getCSSValueKeyword$_getCSSValue_closure1.doCall(GetCSSValueKeyword.groovy:75)
	at com.kms.katalon.core.webui.keyword.builtin.getCSSValueKeyword$_getCSSValue_closure1.call(GetCSSValueKeyword.groovy)
	at com.kms.katalon.core.webui.keyword.internal.WebUIKeywordMain.runKeyword(WebUIKeywordMain.groovy:20)
	at com.kms.katalon.core.webui.keyword.builtin.getCSSValueKeyword.getCSSValue(GetCSSValueKeyword.groovy:84)
	at com.kms.katalon.core.webui.keyword.builtin.getCSSValueKeyword.execute(GetCSSValueKeyword.groovy:68)
	at com.kms.katalon.core.keyword.internal.KeywordExecutor.executeKeywordForPlatform(KeywordExecutor.groovy:73)
	at com.kms.katalon.core.webui.keyword.WebUiBuiltInKeywords.getCSSValue(WebUiBuiltInKeywords.groovy:3534)
	at com.kms.katalon.core.webui.keyword.WebUiBuiltInKeywords$getCSSValue$19.call(Unknown Source)
	at Script1591634907012.run(Script1591634907012.groovy:44)
	... 13 more
)
	at com.kms.katalon.core.keyword.internal.KeywordMain.stepFailed(KeywordMain.groovy:39)
	at com.kms.katalon.core.webui.keyword.internal.WebUIKeywordMain.stepFailed(WebUIKeywordMain.groovy:64)
	at com.kms.katalon.core.webui.keyword.internal.WebUIKeywordMain.runKeyword(WebUIKeywordMain.groovy:26)
	at com.kms.katalon.core.webui.keyword.builtin.getCSSValueKeyword.getCSSValue(GetCSSValueKeyword.groovy:84)
	at com.kms.katalon.core.webui.keyword.builtin.getCSSValueKeyword.execute(GetCSSValueKeyword.groovy:68)
	at com.kms.katalon.core.keyword.internal.KeywordExecutor.executeKeywordForPlatform(KeywordExecutor.groovy:73)
	at com.kms.katalon.core.webui.keyword.WebUiBuiltInKeywords.getCSSValue(WebUiBuiltInKeywords.groovy:3534)
	at com.kms.katalon.core.webui.keyword.WebUiBuiltInKeywords$getCSSValue$19.call(Unknown Source)
	at FDR-Update-SCO-Balances-Icons.run(FDR-Update-SCO-Balances-Icons:44)
	at com.kms.katalon.core.main.ScriptEngine.run(ScriptEngine.java:194)
	at com.kms.katalon.core.main.ScriptEngine.runScriptAsRawText(ScriptEngine.java:119)
	at com.kms.katalon.core.main.TestCaseExecutor.runScript(TestCaseExecutor.java:339)
	at com.kms.katalon.core.main.TestCaseExecutor.doExecute(TestCaseExecutor.java:330)
	at com.kms.katalon.core.main.TestCaseExecutor.processExecutionPhase(TestCaseExecutor.java:309)
	at com.kms.katalon.core.main.TestCaseExecutor.accessMainPhase(TestCaseExecutor.java:301)
	at com.kms.katalon.core.main.TestCaseExecutor.execute(TestCaseExecutor.java:235)
	at com.kms.katalon.core.main.TestSuiteExecutor.accessTestCaseMainPhase(TestSuiteExecutor.java:191)
	at com.kms.katalon.core.main.TestSuiteExecutor.accessTestSuiteMainPhase(TestSuiteExecutor.java:141)
	at com.kms.katalon.core.main.TestSuiteExecutor.execute(TestSuiteExecutor.java:90)
	at com.kms.katalon.core.main.TestCaseMain.startTestSuite(TestCaseMain.java:157)
	at com.kms.katalon.core.main.TestCaseMain$startTestSuite$0.call(Unknown Source)
	at TempTestSuite1599589933195.run(TempTestSuite1599589933195.groovy:39)
Caused by: com.kms.katalon.core.exception.StepFailedException: Cannot get CSS 'color' value on 'Object Repository/FDR-Draw/reviewScreen/scoBalanceVerifiedIcon'.
	... 21 more
Caused by: com.kms.katalon.core.webui.exception.WebElementNotFoundException: Web element with id: 'Object Repository/FDR-Draw/reviewScreen/scoBalanceVerifiedIcon' located by '(//*[text()='SCO Balances Verified']//parent::*//*)[1]' not found
	at com.kms.katalon.core.webui.common.WebUiCommonHelper.findWebElement(WebUiCommonHelper.java:1368)
	at com.kms.katalon.core.webui.keyword.internal.WebUIAbstractKeyword.findWebElement(WebUIAbstractKeyword.groovy:27)
	at com.kms.katalon.core.webui.keyword.internal.WebUIAbstractKeyword.findWebElement(WebUIAbstractKeyword.groovy:26)
	at com.kms.katalon.core.webui.keyword.builtin.getCSSValueKeyword$_getCSSValue_closure1.doCall(GetCSSValueKeyword.groovy:75)
	at com.kms.katalon.core.webui.keyword.builtin.getCSSValueKeyword$_getCSSValue_closure1.call(GetCSSValueKeyword.groovy)
	at com.kms.katalon.core.webui.keyword.internal.WebUIKeywordMain.runKeyword(WebUIKeywordMain.groovy:20)
	... 19 more]]></system-err>
      </testcase>
      <system-out><![CDATA[2020-09-08 11:32:18 - [TEST_SUITE][FAILED] - Draw-Integration_Suite: Test Cases/WEB-UI-TESTS/Draw/FDR-Total-Validations-Receipts-Vouchers FAILED.
Reason:
com.kms.katalon.core.exception.StepFailedException: Unable to verify equal between actual object '500' and expected object '0' (Root cause: com.kms.katalon.core.exception.StepFailedException: Actual object '500' and expected object '0' are not equal
	at com.kms.katalon.core.keyword.builtin.VerifyEqualKeyword$_verifyEqual_closure1.doCall(VerifyEqualKeyword.groovy:58)
	at com.kms.katalon.core.keyword.builtin.VerifyEqualKeyword$_verifyEqual_closure1.call(VerifyEqualKeyword.groovy)
	at com.kms.katalon.core.keyword.internal.KeywordMain.runKeyword(KeywordMain.groovy:68)
	at com.kms.katalon.core.keyword.builtin.VerifyEqualKeyword.verifyEqual(VerifyEqualKeyword.groovy:63)
	at com.kms.katalon.core.keyword.builtin.VerifyEqualKeyword.execute(VerifyEqualKeyword.groovy:44)
	at com.kms.katalon.core.keyword.internal.KeywordExecutor.executeKeywordForPlatform(KeywordExecutor.groovy:73)
	at com.kms.katalon.core.keyword.BuiltinKeywords.verifyEqual(BuiltinKeywords.groovy:141)
	at FDR-Total-Validations-Receipts-Vouchers.run(FDR-Total-Validations-Receipts-Vouchers:26)
	at com.kms.katalon.core.main.ScriptEngine.run(ScriptEngine.java:194)
	at com.kms.katalon.core.main.ScriptEngine.runScriptAsRawText(ScriptEngine.java:119)
	at com.kms.katalon.core.main.TestCaseExecutor.runScript(TestCaseExecutor.java:339)
	at com.kms.katalon.core.main.TestCaseExecutor.doExecute(TestCaseExecutor.java:330)
	at com.kms.katalon.core.main.TestCaseExecutor.processExecutionPhase(TestCaseExecutor.java:309)
	at com.kms.katalon.core.main.TestCaseExecutor.accessMainPhase(TestCaseExecutor.java:301)
	at com.kms.katalon.core.main.TestCaseExecutor.execute(TestCaseExecutor.java:235)
	at com.kms.katalon.core.main.TestSuiteExecutor.accessTestCaseMainPhase(TestSuiteExecutor.java:191)
	at com.kms.katalon.core.main.TestSuiteExecutor.accessTestSuiteMainPhase(TestSuiteExecutor.java:141)
	at com.kms.katalon.core.main.TestSuiteExecutor.execute(TestSuiteExecutor.java:90)
	at com.kms.katalon.core.main.TestCaseMain.startTestSuite(TestCaseMain.java:157)
	at com.kms.katalon.core.main.TestCaseMain$startTestSuite$0.call(Unknown Source)
	at TempTestSuite1599589933195.run(TempTestSuite1599589933195.groovy:39)
)
	at com.kms.katalon.core.keyword.internal.KeywordMain.stepFailed(KeywordMain.groovy:39)
	at com.kms.katalon.core.keyword.internal.KeywordMain.stepFailed(KeywordMain.groovy)
	at com.kms.katalon.core.keyword.internal.KeywordMain.runKeyword(KeywordMain.groovy:70)
	at com.kms.katalon.core.keyword.builtin.VerifyEqualKeyword.verifyEqual(VerifyEqualKeyword.groovy:63)
	at com.kms.katalon.core.keyword.builtin.VerifyEqualKeyword.execute(VerifyEqualKeyword.groovy:44)
	at com.kms.katalon.core.keyword.internal.KeywordExecutor.executeKeywordForPlatform(KeywordExecutor.groovy:73)
	at com.kms.katalon.core.keyword.BuiltinKeywords.verifyEqual(BuiltinKeywords.groovy:141)
	at FDR-Total-Validations-Receipts-Vouchers.run(FDR-Total-Validations-Receipts-Vouchers:26)
	at com.kms.katalon.core.main.ScriptEngine.run(ScriptEngine.java:194)
	at com.kms.katalon.core.main.ScriptEngine.runScriptAsRawText(ScriptEngine.java:119)
	at com.kms.katalon.core.main.TestCaseExecutor.runScript(TestCaseExecutor.java:339)
	at com.kms.katalon.core.main.TestCaseExecutor.doExecute(TestCaseExecutor.java:330)
	at com.kms.katalon.core.main.TestCaseExecutor.processExecutionPhase(TestCaseExecutor.java:309)
	at com.kms.katalon.core.main.TestCaseExecutor.accessMainPhase(TestCaseExecutor.java:301)
	at com.kms.katalon.core.main.TestCaseExecutor.execute(TestCaseExecutor.java:235)
	at com.kms.katalon.core.main.TestSuiteExecutor.accessTestCaseMainPhase(TestSuiteExecutor.java:191)
	at com.kms.katalon.core.main.TestSuiteExecutor.accessTestSuiteMainPhase(TestSuiteExecutor.java:141)
	at com.kms.katalon.core.main.TestSuiteExecutor.execute(TestSuiteExecutor.java:90)
	at com.kms.katalon.core.main.TestCaseMain.startTestSuite(TestCaseMain.java:157)
	at com.kms.katalon.core.main.TestCaseMain$startTestSuite$0.call(Unknown Source)
	at TempTestSuite1599589933195.run(TempTestSuite1599589933195.groovy:39)
Caused by: com.kms.katalon.core.exception.StepFailedException: Actual object '500' and expected object '0' are not equal
	at com.kms.katalon.core.keyword.builtin.VerifyEqualKeyword$_verifyEqual_closure1.doCall(VerifyEqualKeyword.groovy:58)
	at com.kms.katalon.core.keyword.builtin.VerifyEqualKeyword$_verifyEqual_closure1.call(VerifyEqualKeyword.groovy)
	at com.kms.katalon.core.keyword.internal.KeywordMain.runKeyword(KeywordMain.groovy:68)
	... 18 more]]></system-out>
      <system-err><![CDATA[2020-09-08 11:32:18 - [TEST_SUITE][FAILED] - Draw-Integration_Suite: Test Cases/WEB-UI-TESTS/Draw/FDR-Total-Validations-Receipts-Vouchers FAILED.
Reason:
com.kms.katalon.core.exception.StepFailedException: Unable to verify equal between actual object '500' and expected object '0' (Root cause: com.kms.katalon.core.exception.StepFailedException: Actual object '500' and expected object '0' are not equal
	at com.kms.katalon.core.keyword.builtin.VerifyEqualKeyword$_verifyEqual_closure1.doCall(VerifyEqualKeyword.groovy:58)
	at com.kms.katalon.core.keyword.builtin.VerifyEqualKeyword$_verifyEqual_closure1.call(VerifyEqualKeyword.groovy)
	at com.kms.katalon.core.keyword.internal.KeywordMain.runKeyword(KeywordMain.groovy:68)
	at com.kms.katalon.core.keyword.builtin.VerifyEqualKeyword.verifyEqual(VerifyEqualKeyword.groovy:63)
	at com.kms.katalon.core.keyword.builtin.VerifyEqualKeyword.execute(VerifyEqualKeyword.groovy:44)
	at com.kms.katalon.core.keyword.internal.KeywordExecutor.executeKeywordForPlatform(KeywordExecutor.groovy:73)
	at com.kms.katalon.core.keyword.BuiltinKeywords.verifyEqual(BuiltinKeywords.groovy:141)
	at FDR-Total-Validations-Receipts-Vouchers.run(FDR-Total-Validations-Receipts-Vouchers:26)
	at com.kms.katalon.core.main.ScriptEngine.run(ScriptEngine.java:194)
	at com.kms.katalon.core.main.ScriptEngine.runScriptAsRawText(ScriptEngine.java:119)
	at com.kms.katalon.core.main.TestCaseExecutor.runScript(TestCaseExecutor.java:339)
	at com.kms.katalon.core.main.TestCaseExecutor.doExecute(TestCaseExecutor.java:330)
	at com.kms.katalon.core.main.TestCaseExecutor.processExecutionPhase(TestCaseExecutor.java:309)
	at com.kms.katalon.core.main.TestCaseExecutor.accessMainPhase(TestCaseExecutor.java:301)
	at com.kms.katalon.core.main.TestCaseExecutor.execute(TestCaseExecutor.java:235)
	at com.kms.katalon.core.main.TestSuiteExecutor.accessTestCaseMainPhase(TestSuiteExecutor.java:191)
	at com.kms.katalon.core.main.TestSuiteExecutor.accessTestSuiteMainPhase(TestSuiteExecutor.java:141)
	at com.kms.katalon.core.main.TestSuiteExecutor.execute(TestSuiteExecutor.java:90)
	at com.kms.katalon.core.main.TestCaseMain.startTestSuite(TestCaseMain.java:157)
	at com.kms.katalon.core.main.TestCaseMain$startTestSuite$0.call(Unknown Source)
	at TempTestSuite1599589933195.run(TempTestSuite1599589933195.groovy:39)
)
	at com.kms.katalon.core.keyword.internal.KeywordMain.stepFailed(KeywordMain.groovy:39)
	at com.kms.katalon.core.keyword.internal.KeywordMain.stepFailed(KeywordMain.groovy)
	at com.kms.katalon.core.keyword.internal.KeywordMain.runKeyword(KeywordMain.groovy:70)
	at com.kms.katalon.core.keyword.builtin.VerifyEqualKeyword.verifyEqual(VerifyEqualKeyword.groovy:63)
	at com.kms.katalon.core.keyword.builtin.VerifyEqualKeyword.execute(VerifyEqualKeyword.groovy:44)
	at com.kms.katalon.core.keyword.internal.KeywordExecutor.executeKeywordForPlatform(KeywordExecutor.groovy:73)
	at com.kms.katalon.core.keyword.BuiltinKeywords.verifyEqual(BuiltinKeywords.groovy:141)
	at FDR-Total-Validations-Receipts-Vouchers.run(FDR-Total-Validations-Receipts-Vouchers:26)
	at com.kms.katalon.core.main.ScriptEngine.run(ScriptEngine.java:194)
	at com.kms.katalon.core.main.ScriptEngine.runScriptAsRawText(ScriptEngine.java:119)
	at com.kms.katalon.core.main.TestCaseExecutor.runScript(TestCaseExecutor.java:339)
	at com.kms.katalon.core.main.TestCaseExecutor.doExecute(TestCaseExecutor.java:330)
	at com.kms.katalon.core.main.TestCaseExecutor.processExecutionPhase(TestCaseExecutor.java:309)
	at com.kms.katalon.core.main.TestCaseExecutor.accessMainPhase(TestCaseExecutor.java:301)
	at com.kms.katalon.core.main.TestCaseExecutor.execute(TestCaseExecutor.java:235)
	at com.kms.katalon.core.main.TestSuiteExecutor.accessTestCaseMainPhase(TestSuiteExecutor.java:191)
	at com.kms.katalon.core.main.TestSuiteExecutor.accessTestSuiteMainPhase(TestSuiteExecutor.java:141)
	at com.kms.katalon.core.main.TestSuiteExecutor.execute(TestSuiteExecutor.java:90)
	at com.kms.katalon.core.main.TestCaseMain.startTestSuite(TestCaseMain.java:157)
	at com.kms.katalon.core.main.TestCaseMain$startTestSuite$0.call(Unknown Source)
	at TempTestSuite1599589933195.run(TempTestSuite1599589933195.groovy:39)
Caused by: com.kms.katalon.core.exception.StepFailedException: Actual object '500' and expected object '0' are not equal
	at com.kms.katalon.core.keyword.builtin.VerifyEqualKeyword$_verifyEqual_closure1.doCall(VerifyEqualKeyword.groovy:58)
	at com.kms.katalon.core.keyword.builtin.VerifyEqualKeyword$_verifyEqual_closure1.call(VerifyEqualKeyword.groovy)
	at com.kms.katalon.core.keyword.internal.KeywordMain.runKeyword(KeywordMain.groovy:68)
	... 18 more]]></system-err>
   </testsuite>
</testsuites>
