<?xml version="1.0" encoding="UTF-8"?>
<testsuites name="FDR_E2E-REGRESSION-TESTS" time="1971.666" tests="7" failures="1" errors="0">
   <testsuite name="FDR_E2E-REGRESSION-TESTS" tests="7" failures="1" errors="0" time="1971.666" timestamp="2020-10-10 10:53:04" hostname="nagesh.allu - 192.168.1.216" id="Test Suites/FDR_E2E-REGRESSION-TESTS">
      <properties>
         <property name="deviceName" value=""/>
         <property name="devicePlatform" value=""/>
         <property name="logFolder" value="C:\\My_GitHub_Regression_working\\FDR-Katalon-Regression\\Reports\\20201010_105302\\FDR_E2E-REGRESSION-TESTS\\20201010_105302"/>
         <property name="logFiles" value="C:\\My_GitHub_Regression_working\\FDR-Katalon-Regression\\Reports\\20201010_105302\\FDR_E2E-REGRESSION-TESTS\\20201010_105302\\execution0.log"/>
         <property name="attachments" value="C:\\My_GitHub_Regression_working\\FDR-Katalon-Regression\\Reports\\20201010_105302\\FDR_E2E-REGRESSION-TESTS\\20201010_105302\\1602354089160.png, C:\\My_GitHub_Regression_working\\FDR-Katalon-Regression\\Reports\\20201010_105302\\FDR_E2E-REGRESSION-TESTS\\20201010_105302\\1602354116547.png, C:\\My_GitHub_Regression_working\\FDR-Katalon-Regression\\Reports\\20201010_105302\\FDR_E2E-REGRESSION-TESTS\\20201010_105302\\1602354133757.png, C:\\My_GitHub_Regression_working\\FDR-Katalon-Regression\\Reports\\20201010_105302\\FDR_E2E-REGRESSION-TESTS\\20201010_105302\\1602354149378.png, C:\\My_GitHub_Regression_working\\FDR-Katalon-Regression\\Reports\\20201010_105302\\FDR_E2E-REGRESSION-TESTS\\20201010_105302\\1602354164938.png, C:\\My_GitHub_Regression_working\\FDR-Katalon-Regression\\Reports\\20201010_105302\\FDR_E2E-REGRESSION-TESTS\\20201010_105302\\1602354169478.png, C:\\My_GitHub_Regression_working\\FDR-Katalon-Regression\\Reports\\20201010_105302\\FDR_E2E-REGRESSION-TESTS\\20201010_105302\\1602354173877.png, C:\\My_GitHub_Regression_working\\FDR-Katalon-Regression\\Reports\\20201010_105302\\FDR_E2E-REGRESSION-TESTS\\20201010_105302\\1602354178447.png, C:\\My_GitHub_Regression_working\\FDR-Katalon-Regression\\Reports\\20201010_105302\\FDR_E2E-REGRESSION-TESTS\\20201010_105302\\1602354182770.png, C:\\My_GitHub_Regression_working\\FDR-Katalon-Regression\\Reports\\20201010_105302\\FDR_E2E-REGRESSION-TESTS\\20201010_105302\\1602354187281.png, C:\\My_GitHub_Regression_working\\FDR-Katalon-Regression\\Reports\\20201010_105302\\FDR_E2E-REGRESSION-TESTS\\20201010_105302\\1602354191720.png, C:\\My_GitHub_Regression_working\\FDR-Katalon-Regression\\Reports\\20201010_105302\\FDR_E2E-REGRESSION-TESTS\\20201010_105302\\1602354207161.png, C:\\My_GitHub_Regression_working\\FDR-Katalon-Regression\\Reports\\20201010_105302\\FDR_E2E-REGRESSION-TESTS\\20201010_105302\\1602354211732.png, C:\\My_GitHub_Regression_working\\FDR-Katalon-Regression\\Reports\\20201010_105302\\FDR_E2E-REGRESSION-TESTS\\20201010_105302\\1602354216293.png, C:\\My_GitHub_Regression_working\\FDR-Katalon-Regression\\Reports\\20201010_105302\\FDR_E2E-REGRESSION-TESTS\\20201010_105302\\1602354220911.png, C:\\My_GitHub_Regression_working\\FDR-Katalon-Regression\\Reports\\20201010_105302\\FDR_E2E-REGRESSION-TESTS\\20201010_105302\\1602354236684.png, C:\\My_GitHub_Regression_working\\FDR-Katalon-Regression\\Reports\\20201010_105302\\FDR_E2E-REGRESSION-TESTS\\20201010_105302\\1602354241219.png, C:\\My_GitHub_Regression_working\\FDR-Katalon-Regression\\Reports\\20201010_105302\\FDR_E2E-REGRESSION-TESTS\\20201010_105302\\1602354245652.png, C:\\My_GitHub_Regression_working\\FDR-Katalon-Regression\\Reports\\20201010_105302\\FDR_E2E-REGRESSION-TESTS\\20201010_105302\\1602354250097.png, C:\\My_GitHub_Regression_working\\FDR-Katalon-Regression\\Reports\\20201010_105302\\FDR_E2E-REGRESSION-TESTS\\20201010_105302\\1602354265678.png, C:\\My_GitHub_Regression_working\\FDR-Katalon-Regression\\Reports\\20201010_105302\\FDR_E2E-REGRESSION-TESTS\\20201010_105302\\1602354307306.png"/>
         <property name="hostName" value="nagesh.allu - 192.168.1.216"/>
         <property name="os" value="Windows 10 64bit"/>
         <property name="katalonVersion" value="7.7.2.205"/>
         <property name="browser" value="Chrome 86.0.4240.75"/>
         <property name="hostAddress" value="192.168.1.216"/>
         <property name="sessionId" value="b461482126a72c9fba4e9eea244f03a0"/>
         <property name="seleniumVersion" value="3.141.59"/>
         <property name="proxyInformation" value="ProxyInformation { proxyOption=NO_PROXY, proxyServerType=HTTP, username=, password=********, proxyServerAddress=, proxyServerPort=0, executionList=&quot;&quot;, isApplyToDesiredCapabilities=true }"/>
         <property name="platform" value="Windows 10"/>
      </properties>
      <testcase name="Test Cases/FDR_E2E-REGRESSION-TESTS/TC_1-E2E-FDR-INTEGRATED-DRAW-VALIDATION/TC_1a-E2E-FDR-SINGLE-VOUCHER-VALIDATION" time="366.418" classname="Test Cases/FDR_E2E-REGRESSION-TESTS/TC_1-E2E-FDR-INTEGRATED-DRAW-VALIDATION/TC_1a-E2E-FDR-SINGLE-VOUCHER-VALIDATION" status="PASSED">
         <system-out><![CDATA[2020-10-10 10:53:05 - [TEST_CASE][PASSED] - Test Cases/FDR_E2E-REGRESSION-TESTS/TC_1-E2E-FDR-INTEGRATED-DRAW-VALIDATION/TC_1a-E2E-FDR-SINGLE-VOUCHER-VALIDATION: Test Cases/FDR_E2E-REGRESSION-TESTS/TC_1-E2E-FDR-INTEGRATED-DRAW-VALIDATION/TC_1a-E2E-FDR-SINGLE-VOUCHER-VALIDATION

2020-10-10 10:53:05 - [TEST_STEP][PASSED] - Start listener action : sampleBeforeTestCase: null

2020-10-10 10:53:05 - [TEST_STEP][PASSED] - profileName = getExecutionProfile(): null

2020-10-10 10:53:05 - [TEST_STEP][PASSED] - switch (profileName): null

2020-10-10 10:53:05 - [TEST_STEP][PASSED] - case "superUser":: null

2020-10-10 10:53:05 - [TEST_STEP][PASSED] - return null: null

2020-10-10 10:53:05 - [TEST_STEP][PASSED] - Start listener action : beforeTestCase: null

2020-10-10 10:53:05 - [TEST_STEP][PASSED] - profileName = getExecutionProfile(): null

2020-10-10 10:53:05 - [TEST_STEP][PASSED] - if (profileName.equalsIgnoreCase("SysAdmin")): null

2020-10-10 10:53:05 - [TEST_STEP][PASSED] - Start listener action : sampleBeforeTestCase: null

2020-10-10 10:53:05 - [TEST_STEP][PASSED] - profileName = getExecutionProfile(): null

2020-10-10 10:53:05 - [TEST_STEP][PASSED] - testCaseId = testCaseContext.getTestCaseId(): null

2020-10-10 10:53:05 - [TEST_STEP][PASSED] - switch (profileName): null

2020-10-10 10:53:05 - [TEST_STEP][PASSED] - Default: null

2020-10-10 10:53:05 - [TEST_STEP][PASSED] - return null: null

2020-10-10 10:53:05 - [TEST_STEP][PASSED] - Start listener action : executeRows: null

2020-10-10 10:53:05 - [TEST_STEP][PASSED] - commonFunctions.login(superUserAccnt, superUserPwd): Object: 'Object Repository/FDR-SignIn/SignInButton' is clicked on

2020-10-10 10:53:05 - [MESSAGE][INFO] - Starting 'Chrome' driver

2020-10-10 10:53:05 - [MESSAGE][INFO] - Action delay is set to 0 milliseconds

2020-10-10 10:53:11 - [MESSAGE][PASSED] - Browser is opened with url: 'https://fdr-katalon.cammis-mod-dev.dhcs.ca.gov'

2020-10-10 10:53:13 - [MESSAGE][PASSED] - Current window maximized

2020-10-10 10:53:13 - [MESSAGE][PASSED] - Object 'Object Repository/FDR-SignIn/SignInEmail' is present

2020-10-10 10:53:13 - [MESSAGE][PASSED] - Object: 'Object Repository/FDR-SignIn/SignInEmail' is clicked on

2020-10-10 10:53:14 - [MESSAGE][PASSED] - Object 'Object Repository/FDR-SignIn/SignInEmail' is present

2020-10-10 10:53:14 - [MESSAGE][PASSED] - Text 'fdr.test11@dhcs.ca.gov' is set on object 'Object Repository/FDR-SignIn/SignInEmail'

2020-10-10 10:53:15 - [MESSAGE][PASSED] - Object 'Object Repository/FDR-SignIn/SignInEmailNext' is visible

2020-10-10 10:53:15 - [MESSAGE][PASSED] - Object: 'Object Repository/FDR-SignIn/SignInEmailNext' is clicked on

2020-10-10 10:53:18 - [MESSAGE][PASSED] - Object 'Object Repository/FDR-SignIn/SignInEmailPassword' is visible

2020-10-10 10:53:18 - [MESSAGE][PASSED] - Object: 'Object Repository/FDR-SignIn/SignInEmailPassword' is clicked on

2020-10-10 10:53:19 - [MESSAGE][PASSED] - Text ****** has been set on object 'Object Repository/FDR-SignIn/SignInEmailPassword'

2020-10-10 10:53:20 - [MESSAGE][PASSED] - Object: 'Object Repository/FDR-SignIn/SignInButton' is clicked on

2020-10-10 10:53:20 - [TEST_STEP][PASSED] - commonFunctions.selectRole("accountsPayableProcessor"): Object 'Object Repository/FDR-VoucherEntry/VoucherHeader/reviewButton' is not present after 2 second(s)

2020-10-10 10:53:24 - [MESSAGE][INFO] - Unable to find the element located by 'By.xpath: //*[text()='Review']//parent::button[@data-id='action-button']'. Please recheck the objects properties to make sure the desired element is located. 

2020-10-10 10:53:24 - [MESSAGE][WARNING] - Object 'Object Repository/FDR-VoucherEntry/VoucherHeader/reviewButton' is not present after 2 second(s)

2020-10-10 10:53:24 - [MESSAGE][PASSED] - Object: 'Object Repository/FDR-SuperUser-Dashboard/userExpandButton' is clicked on

2020-10-10 10:53:27 - [MESSAGE][INFO] - Unable to find the element located by 'By.xpath: //*[text()='Review']//parent::button[@data-id='action-button']'. Please recheck the objects properties to make sure the desired element is located. 

2020-10-10 10:53:27 - [MESSAGE][WARNING] - Object 'Object Repository/FDR-VoucherEntry/VoucherHeader/reviewButton' is not present after 2 second(s)

2020-10-10 10:53:28 - [MESSAGE][PASSED] - Object: 'Object Repository/FDR-SuperUser-Dashboard/accountsPayableProcessor' is clicked on

2020-10-10 10:53:31 - [MESSAGE][INFO] - Unable to find the element located by 'By.xpath: //*[text()='Review']//parent::button[@data-id='action-button']'. Please recheck the objects properties to make sure the desired element is located. 

2020-10-10 10:53:31 - [MESSAGE][WARNING] - Object 'Object Repository/FDR-VoucherEntry/VoucherHeader/reviewButton' is not present after 2 second(s)

2020-10-10 10:53:31 - [TEST_STEP][PASSED] - vocuhersExcelData = findTestData("Regression-Voucher/E2E Regression-Single_Voucher"): null

2020-10-10 10:53:31 - [TEST_STEP][PASSED] - invoicesData = []: null

2020-10-10 10:53:31 - [TEST_STEP][PASSED] - distributionLinesData = []: null

2020-10-10 10:53:31 - [TEST_STEP][PASSED] - voucherNums = []: null

2020-10-10 10:53:31 - [TEST_STEP][PASSED] - supplierIds = []: null

2020-10-10 10:53:31 - [TEST_STEP][PASSED] - voucherIds = []: null

2020-10-10 10:53:31 - [TEST_STEP][PASSED] - numOfSheets = getSheetNames().size(): null

2020-10-10 10:53:31 - [TEST_STEP][PASSED] - for ([i = 1, i <= numOfSheets - 1, (i++)]): Object 'Object Repository/FDR-VoucherEntry/VoucherHeader/reviewButton' is not present after 10 second(s)

2020-10-10 10:53:31 - [TEST_STEP][PASSED] - vocuhersExcelData.changeSheet("Voucher" + i): null

2020-10-10 10:53:31 - [TEST_STEP][PASSED] - numOfRows = vocuhersExcelData.getRowNumbers(): null

2020-10-10 10:53:31 - [TEST_STEP][PASSED] - voucherFunctions.createVoucherHeader(vocuhersExcelData): Object 'Object Repository/FDR-VoucherEntry/VoucherHeader/reviewButton' is present

2020-10-10 10:53:37 - [MESSAGE][INFO] - Unable to find the element located by 'By.xpath: //*[text()='Review']//parent::button[@data-id='action-button']'. Please recheck the objects properties to make sure the desired element is located. 

2020-10-10 10:53:37 - [MESSAGE][WARNING] - Object 'Object Repository/FDR-VoucherEntry/VoucherHeader/reviewButton' is not present after 5 second(s)

2020-10-10 10:53:38 - [MESSAGE][PASSED] - Browser is scrolled to position x = 0, y = 0

2020-10-10 10:53:44 - [MESSAGE][INFO] - Unable to find the element located by 'By.xpath: //*[text()='Review']//parent::button[@data-id='action-button']'. Please recheck the objects properties to make sure the desired element is located. 

2020-10-10 10:53:44 - [MESSAGE][WARNING] - Object 'Object Repository/FDR-VoucherEntry/VoucherHeader/reviewButton' is not present after 5 second(s)

2020-10-10 10:53:44 - [MESSAGE][PASSED] - Object: 'Object Repository/FDR-Dashboard/createNewVoucherButton' is clicked on

2020-10-10 10:53:50 - [MESSAGE][INFO] - Unable to find the element located by 'By.xpath: //*[@data-id='button-link']//*[contains(text(),'Create New Voucher')]'. Please recheck the objects properties to make sure the desired element is located. 

2020-10-10 10:53:50 - [MESSAGE][WARNING] - Object 'Object Repository/FDR-Dashboard/createNewVoucherButton' is not present after 5 second(s)

2020-10-10 10:53:51 - [MESSAGE][PASSED] - Object: 'Object Repository/FDR-VoucherEntry/VoucherEntryObjects/DateImage' is clicked on

2020-10-10 10:53:52 - [MESSAGE][PASSED] - Object 'Object Repository/FDR-VoucherEntry/VoucherEntryObjects/AvaliableDate' is present

2020-10-10 10:53:52 - [MESSAGE][PASSED] - Object: 'Object Repository/FDR-VoucherEntry/VoucherEntryObjects/AvaliableDate' is clicked on

2020-10-10 10:53:58 - [MESSAGE][INFO] - Unable to find the element located by 'By.xpath: //*[@data-id='button-link']//*[contains(text(),'Create New Voucher')]'. Please recheck the objects properties to make sure the desired element is located. 

2020-10-10 10:53:58 - [MESSAGE][WARNING] - Object 'Object Repository/FDR-Dashboard/createNewVoucherButton' is not present after 5 second(s)

2020-10-10 10:53:59 - [MESSAGE][PASSED] - Object: 'Object Repository/FDR-VoucherEntry/Voucher/programType' is clicked on

2020-10-10 10:53:59 - [MESSAGE][PASSED] - Object 'Object Repository/FDR-VoucherEntry/Voucher/programType' is present

2020-10-10 10:53:59 - [MESSAGE][PASSED] - Keys 'Medical Assistance (MA)' sent to object: 'Object Repository/FDR-VoucherEntry/Voucher/programType'

2020-10-10 10:54:00 - [MESSAGE][PASSED] - Object 'Object Repository/FDR-VoucherEntry/Voucher/programType' is present

2020-10-10 10:54:00 - [MESSAGE][PASSED] - Keys 'DOWN + ENTER + ' sent to object: 'Object Repository/FDR-VoucherEntry/Voucher/programType'

2020-10-10 10:54:01 - [MESSAGE][PASSED] - Object: 'Object Repository/FDR-VoucherEntry/Voucher/invoiceType' is clicked on

2020-10-10 10:54:02 - [MESSAGE][PASSED] - Object 'Object Repository/FDR-VoucherEntry/Voucher/invoiceType' is present

2020-10-10 10:54:02 - [MESSAGE][PASSED] - Keys 'CAP' sent to object: 'Object Repository/FDR-VoucherEntry/Voucher/invoiceType'

2020-10-10 10:54:02 - [MESSAGE][PASSED] - Keys 'DOWN + ENTER + ' sent to object: 'Object Repository/FDR-VoucherEntry/Voucher/invoiceType'

2020-10-10 10:54:03 - [MESSAGE][PASSED] - Object: 'Object Repository/FDR-VoucherEntry/Voucher/fundCode' is clicked on

2020-10-10 10:54:04 - [MESSAGE][PASSED] - Keys 'Health Care Deposit Fund (0912)' sent to object: 'Object Repository/FDR-VoucherEntry/Voucher/fundCode'

2020-10-10 10:54:04 - [MESSAGE][PASSED] - Object 'Object Repository/FDR-VoucherEntry/Voucher/fundCode' is present

2020-10-10 10:54:04 - [MESSAGE][PASSED] - Keys 'DOWN + ENTER + ' sent to object: 'Object Repository/FDR-VoucherEntry/Voucher/fundCode'

2020-10-10 10:54:05 - [MESSAGE][PASSED] - Object: 'Object Repository/FDR-VoucherEntry/Voucher/supplierID' is clicked on

2020-10-10 10:54:05 - [MESSAGE][PASSED] - Keys '0000007690' sent to object: 'Object Repository/FDR-VoucherEntry/Voucher/supplierID'

2020-10-10 10:54:06 - [MESSAGE][PASSED] - Object 'Object Repository/FDR-VoucherEntry/Voucher/supplierID' is present

2020-10-10 10:54:06 - [MESSAGE][PASSED] - Keys 'DOWN + ENTER + ' sent to object: 'Object Repository/FDR-VoucherEntry/Voucher/supplierID'

2020-10-10 10:54:07 - [MESSAGE][PASSED] - Object: 'Object Repository/FDR-VoucherEntry/Voucher/seqNum' is clicked on

2020-10-10 10:54:07 - [MESSAGE][PASSED] - Object 'Object Repository/FDR-VoucherEntry/Voucher/seqNum' is present

2020-10-10 10:54:08 - [MESSAGE][PASSED] - Keys 'DOWN + ENTER + ' sent to object: 'Object Repository/FDR-VoucherEntry/Voucher/seqNum'

2020-10-10 10:54:14 - [MESSAGE][INFO] - Unable to find the element located by 'By.xpath: //*[text()='Review']//parent::button[@data-id='action-button']'. Please recheck the objects properties to make sure the desired element is located. 

2020-10-10 10:54:14 - [MESSAGE][WARNING] - Object 'Object Repository/FDR-VoucherEntry/VoucherHeader/reviewButton' is not present after 5 second(s)

2020-10-10 10:54:14 - [MESSAGE][PASSED] - Object: 'Object Repository/FDR-VoucherEntry/VoucherHeader/deptOfSocialServices' is clicked on

2020-10-10 10:54:21 - [MESSAGE][INFO] - Unable to find the element located by 'By.xpath: //*[text()='Review']//parent::button[@data-id='action-button']'. Please recheck the objects properties to make sure the desired element is located. 

2020-10-10 10:54:21 - [MESSAGE][WARNING] - Object 'Object Repository/FDR-VoucherEntry/VoucherHeader/reviewButton' is not present after 5 second(s)

2020-10-10 10:54:21 - [MESSAGE][PASSED] - Object: 'Object Repository/FDR-VoucherEntry/Voucher/contractNum' is clicked on

2020-10-10 10:54:21 - [MESSAGE][PASSED] - Keys '07-65815' sent to object: 'Object Repository/FDR-VoucherEntry/Voucher/contractNum'

2020-10-10 10:54:22 - [MESSAGE][PASSED] - Object 'Object Repository/FDR-VoucherEntry/Voucher/contractNum' is present

2020-10-10 10:54:22 - [MESSAGE][PASSED] - Keys 'DOWN + ENTER + ' sent to object: 'Object Repository/FDR-VoucherEntry/Voucher/contractNum'

2020-10-10 10:54:24 - [MESSAGE][PASSED] - Text 'Regression Scenario 1 Voucher 1' is set on object 'Object Repository/FDR-VoucherEntry/Voucher/vendorMessage'

2020-10-10 10:54:24 - [MESSAGE][PASSED] - Object: 'Object Repository/FDR-VoucherEntry/Voucher/primaryContact' is clicked on

2020-10-10 10:54:25 - [MESSAGE][PASSED] - Keys 'Vivian Ly' sent to object: 'Object Repository/FDR-VoucherEntry/Voucher/primaryContact'

2020-10-10 10:54:25 - [MESSAGE][PASSED] - Object 'Object Repository/FDR-VoucherEntry/Voucher/primaryContact' is present

2020-10-10 10:54:26 - [MESSAGE][PASSED] - Keys 'DOWN + ENTER + ' sent to object: 'Object Repository/FDR-VoucherEntry/Voucher/primaryContact'

2020-10-10 10:54:26 - [MESSAGE][PASSED] - Object: 'Object Repository/FDR-VoucherEntry/Voucher/secondaryContact' is clicked on

2020-10-10 10:54:27 - [MESSAGE][PASSED] - Keys 'Aung Lin' sent to object: 'Object Repository/FDR-VoucherEntry/Voucher/secondaryContact'

2020-10-10 10:54:27 - [MESSAGE][PASSED] - Object 'Object Repository/FDR-VoucherEntry/Voucher/secondaryContact' is present

2020-10-10 10:54:28 - [MESSAGE][PASSED] - Object 'Object Repository/FDR-VoucherEntry/Voucher/secondaryContact' is present

2020-10-10 10:54:28 - [MESSAGE][PASSED] - Keys 'DOWN + ENTER + ' sent to object: 'Object Repository/FDR-VoucherEntry/Voucher/secondaryContact'

2020-10-10 10:54:28 - [MESSAGE][PASSED] - Object: 'Object Repository/FDR-VoucherEntry/Voucher/buttonNext' is clicked on

2020-10-10 10:54:31 - [MESSAGE][PASSED] - Delayed 3 second(s)

2020-10-10 10:54:32 - [MESSAGE][PASSED] - Object 'Object Repository/FDR-VoucherEntry/VoucherHeader/reviewButton' is present

2020-10-10 10:54:32 - [TEST_STEP][PASSED] - processorVoucherNumber = null: null

2020-10-10 10:54:32 - [TEST_STEP][PASSED] - processorVoucherNumber = getText(findTestObject("FDR-VoucherEntry/VoucherHeader/voucherNum")): Text of object 'Object Repository/FDR-VoucherEntry/VoucherHeader/voucherNum' is: 'CAP00000098'

2020-10-10 10:54:32 - [MESSAGE][PASSED] - Text of object 'Object Repository/FDR-VoucherEntry/VoucherHeader/voucherNum' is: 'CAP00000098'

2020-10-10 10:54:32 - [TEST_STEP][PASSED] - voucherIds.add(processorVoucherNumber): null

2020-10-10 10:54:32 - [TEST_STEP][PASSED] - voucherNums.add(getText(findTestObject("FDR-VoucherEntry/VoucherHeader/voucherNum"))): Text of object 'Object Repository/FDR-VoucherEntry/VoucherHeader/voucherNum' is: 'CAP00000098'

2020-10-10 10:54:32 - [MESSAGE][PASSED] - Text of object 'Object Repository/FDR-VoucherEntry/VoucherHeader/voucherNum' is: 'CAP00000098'

2020-10-10 10:54:32 - [TEST_STEP][PASSED] - invoiceData = []: null

2020-10-10 10:54:32 - [TEST_STEP][PASSED] - for ([j = 1, j <= numOfRows, (j++)]): null

2020-10-10 10:54:32 - [TEST_STEP][PASSED] - invoiceData.add(vocuhersExcelData.getValue("Invoice Number", j)): null

2020-10-10 10:54:32 - [TEST_STEP][PASSED] - invoiceData.add(vocuhersExcelData.getValue("Invoice Date", j)): null

2020-10-10 10:54:32 - [TEST_STEP][PASSED] - invoiceData.add(vocuhersExcelData.getValue("Original Warrant Date", j)): null

2020-10-10 10:54:32 - [TEST_STEP][PASSED] - voucherInvoicePresent = false: null

2020-10-10 10:54:32 - [TEST_STEP][PASSED] - for ([k = 0, k < invoicesData.size(), (k++)]): null

2020-10-10 10:54:32 - [TEST_STEP][PASSED] - if (!(voucherInvoicePresent)): null

2020-10-10 10:54:32 - [TEST_STEP][PASSED] - invoicesData.add(invoiceData): null

2020-10-10 10:54:32 - [TEST_STEP][PASSED] - invoiceData = []: null

2020-10-10 10:54:32 - [TEST_STEP][PASSED] - invoiceData.add(vocuhersExcelData.getValue("Invoice Number", j)): null

2020-10-10 10:54:32 - [TEST_STEP][PASSED] - invoiceData.add(vocuhersExcelData.getValue("Invoice Date", j)): null

2020-10-10 10:54:32 - [TEST_STEP][PASSED] - invoiceData.add(vocuhersExcelData.getValue("Original Warrant Date", j)): null

2020-10-10 10:54:32 - [TEST_STEP][PASSED] - voucherInvoicePresent = false: null

2020-10-10 10:54:32 - [TEST_STEP][PASSED] - for ([k = 0, k < invoicesData.size(), (k++)]): null

2020-10-10 10:54:32 - [TEST_STEP][PASSED] - invData = invoicesData[k]: null

2020-10-10 10:54:32 - [TEST_STEP][PASSED] - if (invData[0] == invoiceData[0]): null

2020-10-10 10:54:32 - [TEST_STEP][PASSED] - voucherInvoicePresent = true: null

2020-10-10 10:54:32 - [TEST_STEP][PASSED] - break: null

2020-10-10 10:54:32 - [TEST_STEP][PASSED] - if (!(voucherInvoicePresent)): null

2020-10-10 10:54:32 - [TEST_STEP][PASSED] - invoiceData = []: null

2020-10-10 10:54:32 - [TEST_STEP][PASSED] - invoiceData.add(vocuhersExcelData.getValue("Invoice Number", j)): null

2020-10-10 10:54:32 - [TEST_STEP][PASSED] - invoiceData.add(vocuhersExcelData.getValue("Invoice Date", j)): null

2020-10-10 10:54:32 - [TEST_STEP][PASSED] - invoiceData.add(vocuhersExcelData.getValue("Original Warrant Date", j)): null

2020-10-10 10:54:32 - [TEST_STEP][PASSED] - voucherInvoicePresent = false: null

2020-10-10 10:54:32 - [TEST_STEP][PASSED] - for ([k = 0, k < invoicesData.size(), (k++)]): null

2020-10-10 10:54:32 - [TEST_STEP][PASSED] - invData = invoicesData[k]: null

2020-10-10 10:54:32 - [TEST_STEP][PASSED] - if (invData[0] == invoiceData[0]): null

2020-10-10 10:54:32 - [TEST_STEP][PASSED] - voucherInvoicePresent = true: null

2020-10-10 10:54:32 - [TEST_STEP][PASSED] - break: null

2020-10-10 10:54:32 - [TEST_STEP][PASSED] - if (!(voucherInvoicePresent)): null

2020-10-10 10:54:32 - [TEST_STEP][PASSED] - invoiceData = []: null

2020-10-10 10:54:32 - [TEST_STEP][PASSED] - invoiceData.add(vocuhersExcelData.getValue("Invoice Number", j)): null

2020-10-10 10:54:32 - [TEST_STEP][PASSED] - invoiceData.add(vocuhersExcelData.getValue("Invoice Date", j)): null

2020-10-10 10:54:32 - [TEST_STEP][PASSED] - invoiceData.add(vocuhersExcelData.getValue("Original Warrant Date", j)): null

2020-10-10 10:54:32 - [TEST_STEP][PASSED] - voucherInvoicePresent = false: null

2020-10-10 10:54:32 - [TEST_STEP][PASSED] - for ([k = 0, k < invoicesData.size(), (k++)]): null

2020-10-10 10:54:32 - [TEST_STEP][PASSED] - invData = invoicesData[k]: null

2020-10-10 10:54:32 - [TEST_STEP][PASSED] - if (invData[0] == invoiceData[0]): null

2020-10-10 10:54:32 - [TEST_STEP][PASSED] - voucherInvoicePresent = true: null

2020-10-10 10:54:32 - [TEST_STEP][PASSED] - break: null

2020-10-10 10:54:32 - [TEST_STEP][PASSED] - if (!(voucherInvoicePresent)): null

2020-10-10 10:54:32 - [TEST_STEP][PASSED] - invoiceData = []: null

2020-10-10 10:54:32 - [TEST_STEP][PASSED] - for ([l = 1, l <= numOfRows, (l++)]): null

2020-10-10 10:54:32 - [TEST_STEP][PASSED] - distributionLineData = []: null

2020-10-10 10:54:32 - [TEST_STEP][PASSED] - distributionLineData.add(vocuhersExcelData.getValue("Invoice Number", l)): null

2020-10-10 10:54:32 - [TEST_STEP][PASSED] - distributionLineData.add(vocuhersExcelData.getValue("Service Date ( To)", l)): null

2020-10-10 10:54:32 - [TEST_STEP][PASSED] - distributionLineData.add(vocuhersExcelData.getValue("Service Date ( From)", l)): null

2020-10-10 10:54:32 - [TEST_STEP][PASSED] - distributionLineData.add(vocuhersExcelData.getValue("Amount", l)): null

2020-10-10 10:54:32 - [TEST_STEP][PASSED] - distributionLineData.add(vocuhersExcelData.getValue("Waiver Type", l)): null

2020-10-10 10:54:32 - [TEST_STEP][PASSED] - distributionLineData.add(vocuhersExcelData.getValue("Waiver Name", l)): null

2020-10-10 10:54:32 - [TEST_STEP][PASSED] - distributionLineData.add(vocuhersExcelData.getValue("Funding Source", l)): null

2020-10-10 10:54:32 - [TEST_STEP][PASSED] - distributionLineData.add(vocuhersExcelData.getValue("Fund Ratio", l)): null

2020-10-10 10:54:32 - [TEST_STEP][PASSED] - distributionLineData.add(vocuhersExcelData.getValue("Non-Federal Fund", l)): null

2020-10-10 10:54:32 - [TEST_STEP][PASSED] - distributionLineData.add(vocuhersExcelData.getValue("Account", l)): null

2020-10-10 10:54:32 - [TEST_STEP][PASSED] - distributionLineData.add(vocuhersExcelData.getValue("Alt Account", l)): null

2020-10-10 10:54:32 - [TEST_STEP][PASSED] - distributionLineData.add(vocuhersExcelData.getValue("Service Category", l)): null

2020-10-10 10:54:32 - [TEST_STEP][PASSED] - distributionLineData.add(vocuhersExcelData.getValue("Increase/Decrease Line", l)): null

2020-10-10 10:54:32 - [TEST_STEP][PASSED] - distributionLineData.add(vocuhersExcelData.getValue("Index ", l)): null

2020-10-10 10:54:32 - [TEST_STEP][PASSED] - distributionLinesData.add(distributionLineData): null

2020-10-10 10:54:32 - [TEST_STEP][PASSED] - distributionLineData = []: null

2020-10-10 10:54:32 - [TEST_STEP][PASSED] - distributionLineData = []: null

2020-10-10 10:54:32 - [TEST_STEP][PASSED] - distributionLineData.add(vocuhersExcelData.getValue("Invoice Number", l)): null

2020-10-10 10:54:32 - [TEST_STEP][PASSED] - distributionLineData.add(vocuhersExcelData.getValue("Service Date ( To)", l)): null

2020-10-10 10:54:32 - [TEST_STEP][PASSED] - distributionLineData.add(vocuhersExcelData.getValue("Service Date ( From)", l)): null

2020-10-10 10:54:32 - [TEST_STEP][PASSED] - distributionLineData.add(vocuhersExcelData.getValue("Amount", l)): null

2020-10-10 10:54:32 - [TEST_STEP][PASSED] - distributionLineData.add(vocuhersExcelData.getValue("Waiver Type", l)): null

2020-10-10 10:54:32 - [TEST_STEP][PASSED] - distributionLineData.add(vocuhersExcelData.getValue("Waiver Name", l)): null

2020-10-10 10:54:32 - [TEST_STEP][PASSED] - distributionLineData.add(vocuhersExcelData.getValue("Funding Source", l)): null

2020-10-10 10:54:32 - [TEST_STEP][PASSED] - distributionLineData.add(vocuhersExcelData.getValue("Fund Ratio", l)): null

2020-10-10 10:54:32 - [TEST_STEP][PASSED] - distributionLineData.add(vocuhersExcelData.getValue("Non-Federal Fund", l)): null

2020-10-10 10:54:32 - [TEST_STEP][PASSED] - distributionLineData.add(vocuhersExcelData.getValue("Account", l)): null

2020-10-10 10:54:32 - [TEST_STEP][PASSED] - distributionLineData.add(vocuhersExcelData.getValue("Alt Account", l)): null

2020-10-10 10:54:32 - [TEST_STEP][PASSED] - distributionLineData.add(vocuhersExcelData.getValue("Service Category", l)): null

2020-10-10 10:54:32 - [TEST_STEP][PASSED] - distributionLineData.add(vocuhersExcelData.getValue("Increase/Decrease Line", l)): null

2020-10-10 10:54:32 - [TEST_STEP][PASSED] - distributionLineData.add(vocuhersExcelData.getValue("Index ", l)): null

2020-10-10 10:54:32 - [TEST_STEP][PASSED] - distributionLinesData.add(distributionLineData): null

2020-10-10 10:54:32 - [TEST_STEP][PASSED] - distributionLineData = []: null

2020-10-10 10:54:32 - [TEST_STEP][PASSED] - distributionLineData = []: null

2020-10-10 10:54:32 - [TEST_STEP][PASSED] - distributionLineData.add(vocuhersExcelData.getValue("Invoice Number", l)): null

2020-10-10 10:54:32 - [TEST_STEP][PASSED] - distributionLineData.add(vocuhersExcelData.getValue("Service Date ( To)", l)): null

2020-10-10 10:54:32 - [TEST_STEP][PASSED] - distributionLineData.add(vocuhersExcelData.getValue("Service Date ( From)", l)): null

2020-10-10 10:54:32 - [TEST_STEP][PASSED] - distributionLineData.add(vocuhersExcelData.getValue("Amount", l)): null

2020-10-10 10:54:32 - [TEST_STEP][PASSED] - distributionLineData.add(vocuhersExcelData.getValue("Waiver Type", l)): null

2020-10-10 10:54:32 - [TEST_STEP][PASSED] - distributionLineData.add(vocuhersExcelData.getValue("Waiver Name", l)): null

2020-10-10 10:54:32 - [TEST_STEP][PASSED] - distributionLineData.add(vocuhersExcelData.getValue("Funding Source", l)): null

2020-10-10 10:54:32 - [TEST_STEP][PASSED] - distributionLineData.add(vocuhersExcelData.getValue("Fund Ratio", l)): null

2020-10-10 10:54:32 - [TEST_STEP][PASSED] - distributionLineData.add(vocuhersExcelData.getValue("Non-Federal Fund", l)): null

2020-10-10 10:54:32 - [TEST_STEP][PASSED] - distributionLineData.add(vocuhersExcelData.getValue("Account", l)): null

2020-10-10 10:54:32 - [TEST_STEP][PASSED] - distributionLineData.add(vocuhersExcelData.getValue("Alt Account", l)): null

2020-10-10 10:54:32 - [TEST_STEP][PASSED] - distributionLineData.add(vocuhersExcelData.getValue("Service Category", l)): null

2020-10-10 10:54:32 - [TEST_STEP][PASSED] - distributionLineData.add(vocuhersExcelData.getValue("Increase/Decrease Line", l)): null

2020-10-10 10:54:32 - [TEST_STEP][PASSED] - distributionLineData.add(vocuhersExcelData.getValue("Index ", l)): null

2020-10-10 10:54:32 - [TEST_STEP][PASSED] - distributionLinesData.add(distributionLineData): null

2020-10-10 10:54:32 - [TEST_STEP][PASSED] - distributionLineData = []: null

2020-10-10 10:54:32 - [TEST_STEP][PASSED] - distributionLineData = []: null

2020-10-10 10:54:32 - [TEST_STEP][PASSED] - distributionLineData.add(vocuhersExcelData.getValue("Invoice Number", l)): null

2020-10-10 10:54:32 - [TEST_STEP][PASSED] - distributionLineData.add(vocuhersExcelData.getValue("Service Date ( To)", l)): null

2020-10-10 10:54:32 - [TEST_STEP][PASSED] - distributionLineData.add(vocuhersExcelData.getValue("Service Date ( From)", l)): null

2020-10-10 10:54:32 - [TEST_STEP][PASSED] - distributionLineData.add(vocuhersExcelData.getValue("Amount", l)): null

2020-10-10 10:54:32 - [TEST_STEP][PASSED] - distributionLineData.add(vocuhersExcelData.getValue("Waiver Type", l)): null

2020-10-10 10:54:32 - [TEST_STEP][PASSED] - distributionLineData.add(vocuhersExcelData.getValue("Waiver Name", l)): null

2020-10-10 10:54:32 - [TEST_STEP][PASSED] - distributionLineData.add(vocuhersExcelData.getValue("Funding Source", l)): null

2020-10-10 10:54:32 - [TEST_STEP][PASSED] - distributionLineData.add(vocuhersExcelData.getValue("Fund Ratio", l)): null

2020-10-10 10:54:32 - [TEST_STEP][PASSED] - distributionLineData.add(vocuhersExcelData.getValue("Non-Federal Fund", l)): null

2020-10-10 10:54:32 - [TEST_STEP][PASSED] - distributionLineData.add(vocuhersExcelData.getValue("Account", l)): null

2020-10-10 10:54:32 - [TEST_STEP][PASSED] - distributionLineData.add(vocuhersExcelData.getValue("Alt Account", l)): null

2020-10-10 10:54:32 - [TEST_STEP][PASSED] - distributionLineData.add(vocuhersExcelData.getValue("Service Category", l)): null

2020-10-10 10:54:32 - [TEST_STEP][PASSED] - distributionLineData.add(vocuhersExcelData.getValue("Increase/Decrease Line", l)): null

2020-10-10 10:54:32 - [TEST_STEP][PASSED] - distributionLineData.add(vocuhersExcelData.getValue("Index ", l)): null

2020-10-10 10:54:32 - [TEST_STEP][PASSED] - distributionLinesData.add(distributionLineData): null

2020-10-10 10:54:32 - [TEST_STEP][PASSED] - distributionLineData = []: null

2020-10-10 10:54:32 - [TEST_STEP][PASSED] - voucherFunctions.createInvoiceLinesAndDistributionLines(invoicesData, distributionLinesData): Object 'Object Repository/FDR-Dashboard/createNewVoucherButton' is not present after 3 second(s)

2020-10-10 10:54:33 - [MESSAGE][PASSED] - Object 'Object Repository/FDR-VoucherEntry/VoucherHeader/reviewButton' is present

2020-10-10 10:54:33 - [MESSAGE][PASSED] - Object 'Object Repository/FDR-VoucherEntry/VoucherHeader/reviewButton' is present

2020-10-10 10:54:33 - [MESSAGE][PASSED] - Object: 'Object Repository/FDR-VoucherEntry/InvoiceLine/invoice' is clicked on

2020-10-10 10:54:34 - [MESSAGE][PASSED] - Text 'MC0000001' is set on object 'Object Repository/FDR-VoucherEntry/InvoiceLine/invoice'

2020-10-10 10:54:34 - [MESSAGE][PASSED] - Object: 'Object Repository/FDR-VoucherEntry/InvoiceLine/invoiceDate' is clicked on

2020-10-10 10:54:35 - [MESSAGE][PASSED] - Object 'Object Repository/FDR-VoucherEntry/InvoiceLine/invoiceDate' is present

2020-10-10 10:54:35 - [MESSAGE][PASSED] - Text '06/01/2020' is set on object 'Object Repository/FDR-VoucherEntry/InvoiceLine/invoiceDate'

2020-10-10 10:54:36 - [MESSAGE][PASSED] - Object: 'Object Repository/FDR-VoucherEntry/InvoiceLine/originalWarrantDate' is clicked on

2020-10-10 10:54:37 - [MESSAGE][PASSED] - Text '07/25/2020' is set on object 'Object Repository/FDR-VoucherEntry/InvoiceLine/originalWarrantDate'

2020-10-10 10:54:37 - [MESSAGE][PASSED] - Object 'Object Repository/FDR-VoucherEntry/InvoiceLine/addInvoiceLineButton' is present

2020-10-10 10:54:37 - [MESSAGE][PASSED] - Object: 'Object Repository/FDR-VoucherEntry/InvoiceLine/addInvoiceLineButton' is clicked on

2020-10-10 10:54:38 - [MESSAGE][PASSED] - Object 'Object Repository/FDR-VoucherEntry/VoucherHeader/reviewButton' is present

2020-10-10 10:54:41 - [MESSAGE][INFO] - Unable to find the element located by 'By.xpath: //*[@data-id='button-link']//*[contains(text(),'Create New Voucher')]'. Please recheck the objects properties to make sure the desired element is located. 

2020-10-10 10:54:41 - [MESSAGE][WARNING] - Object 'Object Repository/FDR-Dashboard/createNewVoucherButton' is not present after 2 second(s)

2020-10-10 10:54:41 - [MESSAGE][PASSED] - Object: 'expandButton' is clicked on

2020-10-10 10:54:42 - [MESSAGE][PASSED] - Object 'Object Repository/FDR-VoucherEntry/InvoiceLine/invoiceAddlineButton' is clickable

2020-10-10 10:54:43 - [MESSAGE][PASSED] - Object: 'Object Repository/FDR-VoucherEntry/InvoiceLine/invoiceAddlineButton' is clicked on

2020-10-10 10:54:45 - [MESSAGE][INFO] - Unable to find the element located by 'By.xpath: //*[@data-id='button-link']//*[contains(text(),'Create New Voucher')]'. Please recheck the objects properties to make sure the desired element is located. 

2020-10-10 10:54:45 - [MESSAGE][WARNING] - Object 'Object Repository/FDR-Dashboard/createNewVoucherButton' is not present after 1 second(s)

2020-10-10 10:54:46 - [MESSAGE][PASSED] - Object: 'Object Repository/FDR-VoucherEntry/DistributionLine/serviceDateFrom' is clicked on

2020-10-10 10:54:46 - [MESSAGE][PASSED] - Text '06/01/2020' is set on object 'Object Repository/FDR-VoucherEntry/DistributionLine/serviceDateFrom'

2020-10-10 10:54:47 - [MESSAGE][PASSED] - Object: 'Object Repository/FDR-VoucherEntry/DistributionLine/serviceDateTo' is clicked on

2020-10-10 10:54:48 - [MESSAGE][PASSED] - Text '06/30/2020' is set on object 'Object Repository/FDR-VoucherEntry/DistributionLine/serviceDateTo'

2020-10-10 10:54:50 - [MESSAGE][INFO] - Unable to find the element located by 'By.xpath: //*[@data-id='button-link']//*[contains(text(),'Create New Voucher')]'. Please recheck the objects properties to make sure the desired element is located. 

2020-10-10 10:54:50 - [MESSAGE][WARNING] - Object 'Object Repository/FDR-Dashboard/createNewVoucherButton' is not present after 1 second(s)

2020-10-10 10:54:50 - [MESSAGE][PASSED] - Object: 'Object Repository/FDR-VoucherEntry/DistributionLine/amount' is clicked on

2020-10-10 10:54:51 - [MESSAGE][PASSED] - Keys '76,000.00' sent to object: 'Object Repository/FDR-VoucherEntry/DistributionLine/amount'

2020-10-10 10:54:51 - [MESSAGE][PASSED] - Object: 'Object Repository/FDR-VoucherEntry/DistributionLine/waiverType' is clicked on

2020-10-10 10:54:54 - [MESSAGE][INFO] - Unable to find the element located by 'By.xpath: //*[@data-id='button-link']//*[contains(text(),'Create New Voucher')]'. Please recheck the objects properties to make sure the desired element is located. 

2020-10-10 10:54:54 - [MESSAGE][WARNING] - Object 'Object Repository/FDR-Dashboard/createNewVoucherButton' is not present after 1 second(s)

2020-10-10 10:54:54 - [MESSAGE][PASSED] - Keys '2020
' sent to object: 'Object Repository/FDR-VoucherEntry/DistributionLine/waiverType'

2020-10-10 10:54:54 - [MESSAGE][PASSED] - Keys 'DOWN + ENTER + ' sent to object: 'Object Repository/FDR-VoucherEntry/DistributionLine/waiverType'

2020-10-10 10:54:55 - [MESSAGE][PASSED] - Object: 'Object Repository/FDR-VoucherEntry/DistributionLine/waiverName' is clicked on

2020-10-10 10:54:56 - [MESSAGE][PASSED] - Execute JavaScript 'arguments[0].value='';' successfully

2020-10-10 10:54:56 - [MESSAGE][PASSED] - Keys 'A-FamilyU TPM/GMC
' sent to object: 'Object Repository/FDR-VoucherEntry/DistributionLine/waiverName'

2020-10-10 10:54:57 - [MESSAGE][PASSED] - Keys 'DOWN + ENTER + ' sent to object: 'Object Repository/FDR-VoucherEntry/DistributionLine/waiverName'

2020-10-10 10:54:57 - [MESSAGE][PASSED] - Object: 'Object Repository/FDR-VoucherEntry/DistributionLine/fundingSource' is clicked on

2020-10-10 10:54:58 - [MESSAGE][PASSED] - Execute JavaScript 'arguments[0].value='';' successfully

2020-10-10 10:54:58 - [MESSAGE][PASSED] - Keys 'IHSS
' sent to object: 'Object Repository/FDR-VoucherEntry/DistributionLine/fundingSource'

2020-10-10 10:54:58 - [MESSAGE][PASSED] - Keys 'DOWN + ENTER + ' sent to object: 'Object Repository/FDR-VoucherEntry/DistributionLine/fundingSource'

2020-10-10 10:54:59 - [MESSAGE][PASSED] - Object: 'Object Repository/FDR-VoucherEntry/DistributionLine/fundRatio' is clicked on

2020-10-10 10:55:00 - [MESSAGE][PASSED] - Execute JavaScript 'arguments[0].value='';' successfully

2020-10-10 10:55:00 - [MESSAGE][PASSED] - Keys '56/44
' sent to object: 'Object Repository/FDR-VoucherEntry/DistributionLine/fundRatio'

2020-10-10 10:55:01 - [MESSAGE][PASSED] - Keys 'DOWN + ENTER + ' sent to object: 'Object Repository/FDR-VoucherEntry/DistributionLine/fundRatio'

2020-10-10 10:55:01 - [MESSAGE][PASSED] - Object: 'Object Repository/FDR-VoucherEntry/DistributionLine/nonFederalFund' is clicked on

2020-10-10 10:55:02 - [MESSAGE][PASSED] - Execute JavaScript 'arguments[0].value='';' successfully

2020-10-10 10:55:02 - [MESSAGE][PASSED] - Keys '0001
' sent to object: 'Object Repository/FDR-VoucherEntry/DistributionLine/nonFederalFund'

2020-10-10 10:55:03 - [MESSAGE][PASSED] - Keys 'DOWN + ENTER + ' sent to object: 'Object Repository/FDR-VoucherEntry/DistributionLine/nonFederalFund'

2020-10-10 10:55:03 - [MESSAGE][PASSED] - Object: 'Object Repository/FDR-VoucherEntry/DistributionLine/account' is clicked on

2020-10-10 10:55:04 - [MESSAGE][PASSED] - Execute JavaScript 'arguments[0].value='';' successfully

2020-10-10 10:55:04 - [MESSAGE][PASSED] - Keys '5442000
' sent to object: 'Object Repository/FDR-VoucherEntry/DistributionLine/account'

2020-10-10 10:55:05 - [MESSAGE][PASSED] - Keys 'DOWN + ENTER + ' sent to object: 'Object Repository/FDR-VoucherEntry/DistributionLine/account'

2020-10-10 10:55:05 - [MESSAGE][PASSED] - Object: 'Object Repository/FDR-VoucherEntry/DistributionLine/altAccount' is clicked on

2020-10-10 10:55:06 - [MESSAGE][PASSED] - Execute JavaScript 'arguments[0].value='';' successfully

2020-10-10 10:55:06 - [MESSAGE][PASSED] - Keys '5442000022
' sent to object: 'Object Repository/FDR-VoucherEntry/DistributionLine/altAccount'

2020-10-10 10:55:07 - [MESSAGE][PASSED] - Keys 'DOWN + ENTER + ' sent to object: 'Object Repository/FDR-VoucherEntry/DistributionLine/altAccount'

2020-10-10 10:55:07 - [MESSAGE][PASSED] - Object: 'Object Repository/FDR-VoucherEntry/DistributionLine/serviceCategory' is clicked on

2020-10-10 10:55:08 - [MESSAGE][PASSED] - Execute JavaScript 'arguments[0].value='';' successfully

2020-10-10 10:55:08 - [MESSAGE][PASSED] - Keys '18A3
' sent to object: 'Object Repository/FDR-VoucherEntry/DistributionLine/serviceCategory'

2020-10-10 10:55:08 - [MESSAGE][PASSED] - Keys 'DOWN + ENTER + ' sent to object: 'Object Repository/FDR-VoucherEntry/DistributionLine/serviceCategory'

2020-10-10 10:55:09 - [MESSAGE][PASSED] - Object: 'Object Repository/FDR-VoucherEntry/DistributionLine/incDecLine' is clicked on

2020-10-10 10:55:09 - [MESSAGE][PASSED] - Execute JavaScript 'arguments[0].value='';' successfully

2020-10-10 10:55:10 - [MESSAGE][PASSED] - Keys '1: New (service Period is current quarter and never been claimed)
' sent to object: 'Object Repository/FDR-VoucherEntry/DistributionLine/incDecLine'

2020-10-10 10:55:10 - [MESSAGE][PASSED] - Keys 'DOWN + ENTER + ' sent to object: 'Object Repository/FDR-VoucherEntry/DistributionLine/incDecLine'

2020-10-10 10:55:11 - [MESSAGE][PASSED] - Object: 'Object Repository/FDR-VoucherEntry/DistributionLine/index' is clicked on

2020-10-10 10:55:11 - [MESSAGE][PASSED] - Execute JavaScript 'arguments[0].value='';' successfully

2020-10-10 10:55:12 - [MESSAGE][PASSED] - Keys '1155
' sent to object: 'Object Repository/FDR-VoucherEntry/DistributionLine/index'

2020-10-10 10:55:12 - [MESSAGE][PASSED] - Keys 'DOWN + ENTER + ' sent to object: 'Object Repository/FDR-VoucherEntry/DistributionLine/index'

2020-10-10 10:55:13 - [MESSAGE][PASSED] - Object: 'Object Repository/FDR-VoucherEntry/DistributionLine/addAnotherLine' is clicked on

2020-10-10 10:55:15 - [MESSAGE][INFO] - Unable to find the element located by 'By.xpath: //*[@data-id='button-link']//*[contains(text(),'Create New Voucher')]'. Please recheck the objects properties to make sure the desired element is located. 

2020-10-10 10:55:15 - [MESSAGE][WARNING] - Object 'Object Repository/FDR-Dashboard/createNewVoucherButton' is not present after 1 second(s)

2020-10-10 10:55:15 - [MESSAGE][PASSED] - Object: 'Object Repository/FDR-VoucherEntry/DistributionLine/serviceDateFrom' is clicked on

2020-10-10 10:55:16 - [MESSAGE][PASSED] - Text '06/01/2020' is set on object 'Object Repository/FDR-VoucherEntry/DistributionLine/serviceDateFrom'

2020-10-10 10:55:16 - [MESSAGE][PASSED] - Object: 'Object Repository/FDR-VoucherEntry/DistributionLine/serviceDateTo' is clicked on

2020-10-10 10:55:17 - [MESSAGE][PASSED] - Text '06/30/2020' is set on object 'Object Repository/FDR-VoucherEntry/DistributionLine/serviceDateTo'

2020-10-10 10:55:19 - [MESSAGE][INFO] - Unable to find the element located by 'By.xpath: //*[@data-id='button-link']//*[contains(text(),'Create New Voucher')]'. Please recheck the objects properties to make sure the desired element is located. 

2020-10-10 10:55:19 - [MESSAGE][WARNING] - Object 'Object Repository/FDR-Dashboard/createNewVoucherButton' is not present after 1 second(s)

2020-10-10 10:55:19 - [MESSAGE][PASSED] - Object: 'Object Repository/FDR-VoucherEntry/DistributionLine/amount' is clicked on

2020-10-10 10:55:20 - [MESSAGE][PASSED] - Keys '35,000.00' sent to object: 'Object Repository/FDR-VoucherEntry/DistributionLine/amount'

2020-10-10 10:55:20 - [MESSAGE][PASSED] - Object: 'Object Repository/FDR-VoucherEntry/DistributionLine/waiverType' is clicked on

2020-10-10 10:55:23 - [MESSAGE][INFO] - Unable to find the element located by 'By.xpath: //*[@data-id='button-link']//*[contains(text(),'Create New Voucher')]'. Please recheck the objects properties to make sure the desired element is located. 

2020-10-10 10:55:23 - [MESSAGE][WARNING] - Object 'Object Repository/FDR-Dashboard/createNewVoucherButton' is not present after 1 second(s)

2020-10-10 10:55:23 - [MESSAGE][PASSED] - Keys '2020
' sent to object: 'Object Repository/FDR-VoucherEntry/DistributionLine/waiverType'

2020-10-10 10:55:23 - [MESSAGE][PASSED] - Keys 'DOWN + ENTER + ' sent to object: 'Object Repository/FDR-VoucherEntry/DistributionLine/waiverType'

2020-10-10 10:55:24 - [MESSAGE][PASSED] - Object: 'Object Repository/FDR-VoucherEntry/DistributionLine/waiverName' is clicked on

2020-10-10 10:55:24 - [MESSAGE][PASSED] - Execute JavaScript 'arguments[0].value='';' successfully

2020-10-10 10:55:25 - [MESSAGE][PASSED] - Keys 'A-FamilyR TPM/GMC
' sent to object: 'Object Repository/FDR-VoucherEntry/DistributionLine/waiverName'

2020-10-10 10:55:25 - [MESSAGE][PASSED] - Keys 'DOWN + ENTER + ' sent to object: 'Object Repository/FDR-VoucherEntry/DistributionLine/waiverName'

2020-10-10 10:55:26 - [MESSAGE][PASSED] - Object: 'Object Repository/FDR-VoucherEntry/DistributionLine/fundingSource' is clicked on

2020-10-10 10:55:26 - [MESSAGE][PASSED] - Execute JavaScript 'arguments[0].value='';' successfully

2020-10-10 10:55:27 - [MESSAGE][PASSED] - Keys 'HQAF
' sent to object: 'Object Repository/FDR-VoucherEntry/DistributionLine/fundingSource'

2020-10-10 10:55:27 - [MESSAGE][PASSED] - Keys 'DOWN + ENTER + ' sent to object: 'Object Repository/FDR-VoucherEntry/DistributionLine/fundingSource'

2020-10-10 10:55:28 - [MESSAGE][PASSED] - Object: 'Object Repository/FDR-VoucherEntry/DistributionLine/fundRatio' is clicked on

2020-10-10 10:55:28 - [MESSAGE][PASSED] - Execute JavaScript 'arguments[0].value='';' successfully

2020-10-10 10:55:29 - [MESSAGE][PASSED] - Keys '50/50
' sent to object: 'Object Repository/FDR-VoucherEntry/DistributionLine/fundRatio'

2020-10-10 10:55:29 - [MESSAGE][PASSED] - Keys 'DOWN + ENTER + ' sent to object: 'Object Repository/FDR-VoucherEntry/DistributionLine/fundRatio'

2020-10-10 10:55:30 - [MESSAGE][PASSED] - Object: 'Object Repository/FDR-VoucherEntry/DistributionLine/nonFederalFund' is clicked on

2020-10-10 10:55:30 - [MESSAGE][PASSED] - Execute JavaScript 'arguments[0].value='';' successfully

2020-10-10 10:55:31 - [MESSAGE][PASSED] - Keys '3158
' sent to object: 'Object Repository/FDR-VoucherEntry/DistributionLine/nonFederalFund'

2020-10-10 10:55:31 - [MESSAGE][PASSED] - Keys 'DOWN + ENTER + ' sent to object: 'Object Repository/FDR-VoucherEntry/DistributionLine/nonFederalFund'

2020-10-10 10:55:31 - [MESSAGE][PASSED] - Object: 'Object Repository/FDR-VoucherEntry/DistributionLine/account' is clicked on

2020-10-10 10:55:32 - [MESSAGE][PASSED] - Execute JavaScript 'arguments[0].value='';' successfully

2020-10-10 10:55:32 - [MESSAGE][PASSED] - Keys '5432000
' sent to object: 'Object Repository/FDR-VoucherEntry/DistributionLine/account'

2020-10-10 10:55:33 - [MESSAGE][PASSED] - Keys 'DOWN + ENTER + ' sent to object: 'Object Repository/FDR-VoucherEntry/DistributionLine/account'

2020-10-10 10:55:33 - [MESSAGE][PASSED] - Object: 'Object Repository/FDR-VoucherEntry/DistributionLine/altAccount' is clicked on

2020-10-10 10:55:34 - [MESSAGE][PASSED] - Execute JavaScript 'arguments[0].value='';' successfully

2020-10-10 10:55:34 - [MESSAGE][PASSED] - Keys '5432000018
' sent to object: 'Object Repository/FDR-VoucherEntry/DistributionLine/altAccount'

2020-10-10 10:55:35 - [MESSAGE][PASSED] - Keys 'DOWN + ENTER + ' sent to object: 'Object Repository/FDR-VoucherEntry/DistributionLine/altAccount'

2020-10-10 10:55:35 - [MESSAGE][PASSED] - Object: 'Object Repository/FDR-VoucherEntry/DistributionLine/serviceCategory' is clicked on

2020-10-10 10:55:36 - [MESSAGE][PASSED] - Execute JavaScript 'arguments[0].value='';' successfully

2020-10-10 10:55:36 - [MESSAGE][PASSED] - Keys '18A1
' sent to object: 'Object Repository/FDR-VoucherEntry/DistributionLine/serviceCategory'

2020-10-10 10:55:37 - [MESSAGE][PASSED] - Keys 'DOWN + ENTER + ' sent to object: 'Object Repository/FDR-VoucherEntry/DistributionLine/serviceCategory'

2020-10-10 10:55:37 - [MESSAGE][PASSED] - Object: 'Object Repository/FDR-VoucherEntry/DistributionLine/incDecLine' is clicked on

2020-10-10 10:55:38 - [MESSAGE][PASSED] - Execute JavaScript 'arguments[0].value='';' successfully

2020-10-10 10:55:38 - [MESSAGE][PASSED] - Keys '2: New (service Period is prior quarter and never been claimed)
' sent to object: 'Object Repository/FDR-VoucherEntry/DistributionLine/incDecLine'

2020-10-10 10:55:39 - [MESSAGE][PASSED] - Keys 'DOWN + ENTER + ' sent to object: 'Object Repository/FDR-VoucherEntry/DistributionLine/incDecLine'

2020-10-10 10:55:39 - [MESSAGE][PASSED] - Object: 'Object Repository/FDR-VoucherEntry/DistributionLine/index' is clicked on

2020-10-10 10:55:40 - [MESSAGE][PASSED] - Execute JavaScript 'arguments[0].value='';' successfully

2020-10-10 10:55:40 - [MESSAGE][PASSED] - Keys '1155
' sent to object: 'Object Repository/FDR-VoucherEntry/DistributionLine/index'

2020-10-10 10:55:40 - [MESSAGE][PASSED] - Keys 'DOWN + ENTER + ' sent to object: 'Object Repository/FDR-VoucherEntry/DistributionLine/index'

2020-10-10 10:55:41 - [MESSAGE][PASSED] - Object: 'Object Repository/FDR-VoucherEntry/DistributionLine/addAnotherLine' is clicked on

2020-10-10 10:55:43 - [MESSAGE][INFO] - Unable to find the element located by 'By.xpath: //*[@data-id='button-link']//*[contains(text(),'Create New Voucher')]'. Please recheck the objects properties to make sure the desired element is located. 

2020-10-10 10:55:43 - [MESSAGE][WARNING] - Object 'Object Repository/FDR-Dashboard/createNewVoucherButton' is not present after 1 second(s)

2020-10-10 10:55:44 - [MESSAGE][PASSED] - Object: 'Object Repository/FDR-VoucherEntry/DistributionLine/serviceDateFrom' is clicked on

2020-10-10 10:55:44 - [MESSAGE][PASSED] - Text '06/01/2020' is set on object 'Object Repository/FDR-VoucherEntry/DistributionLine/serviceDateFrom'

2020-10-10 10:55:45 - [MESSAGE][PASSED] - Object: 'Object Repository/FDR-VoucherEntry/DistributionLine/serviceDateTo' is clicked on

2020-10-10 10:55:45 - [MESSAGE][PASSED] - Text '06/30/2020' is set on object 'Object Repository/FDR-VoucherEntry/DistributionLine/serviceDateTo'

2020-10-10 10:55:48 - [MESSAGE][INFO] - Unable to find the element located by 'By.xpath: //*[@data-id='button-link']//*[contains(text(),'Create New Voucher')]'. Please recheck the objects properties to make sure the desired element is located. 

2020-10-10 10:55:48 - [MESSAGE][WARNING] - Object 'Object Repository/FDR-Dashboard/createNewVoucherButton' is not present after 1 second(s)

2020-10-10 10:55:48 - [MESSAGE][PASSED] - Object: 'Object Repository/FDR-VoucherEntry/DistributionLine/amount' is clicked on

2020-10-10 10:55:49 - [MESSAGE][PASSED] - Keys '76,000.00' sent to object: 'Object Repository/FDR-VoucherEntry/DistributionLine/amount'

2020-10-10 10:55:49 - [MESSAGE][PASSED] - Object: 'Object Repository/FDR-VoucherEntry/DistributionLine/waiverType' is clicked on

2020-10-10 10:55:51 - [MESSAGE][INFO] - Unable to find the element located by 'By.xpath: //*[@data-id='button-link']//*[contains(text(),'Create New Voucher')]'. Please recheck the objects properties to make sure the desired element is located. 

2020-10-10 10:55:51 - [MESSAGE][WARNING] - Object 'Object Repository/FDR-Dashboard/createNewVoucherButton' is not present after 1 second(s)

2020-10-10 10:55:51 - [MESSAGE][PASSED] - Keys '2020
' sent to object: 'Object Repository/FDR-VoucherEntry/DistributionLine/waiverType'

2020-10-10 10:55:52 - [MESSAGE][PASSED] - Keys 'DOWN + ENTER + ' sent to object: 'Object Repository/FDR-VoucherEntry/DistributionLine/waiverType'

2020-10-10 10:55:53 - [MESSAGE][PASSED] - Object: 'Object Repository/FDR-VoucherEntry/DistributionLine/waiverName' is clicked on

2020-10-10 10:55:53 - [MESSAGE][PASSED] - Execute JavaScript 'arguments[0].value='';' successfully

2020-10-10 10:55:53 - [MESSAGE][PASSED] - Keys 'A-FamilyU TPM/GMC
' sent to object: 'Object Repository/FDR-VoucherEntry/DistributionLine/waiverName'

2020-10-10 10:55:54 - [MESSAGE][PASSED] - Keys 'DOWN + ENTER + ' sent to object: 'Object Repository/FDR-VoucherEntry/DistributionLine/waiverName'

2020-10-10 10:55:55 - [MESSAGE][PASSED] - Object: 'Object Repository/FDR-VoucherEntry/DistributionLine/fundingSource' is clicked on

2020-10-10 10:55:55 - [MESSAGE][PASSED] - Execute JavaScript 'arguments[0].value='';' successfully

2020-10-10 10:55:55 - [MESSAGE][PASSED] - Keys 'HQAF
' sent to object: 'Object Repository/FDR-VoucherEntry/DistributionLine/fundingSource'

2020-10-10 10:55:56 - [MESSAGE][PASSED] - Keys 'DOWN + ENTER + ' sent to object: 'Object Repository/FDR-VoucherEntry/DistributionLine/fundingSource'

2020-10-10 10:55:56 - [MESSAGE][PASSED] - Object: 'Object Repository/FDR-VoucherEntry/DistributionLine/fundRatio' is clicked on

2020-10-10 10:55:57 - [MESSAGE][PASSED] - Execute JavaScript 'arguments[0].value='';' successfully

2020-10-10 10:55:57 - [MESSAGE][PASSED] - Keys '56.2/43.8
' sent to object: 'Object Repository/FDR-VoucherEntry/DistributionLine/fundRatio'

2020-10-10 10:55:58 - [MESSAGE][PASSED] - Keys 'DOWN + ENTER + ' sent to object: 'Object Repository/FDR-VoucherEntry/DistributionLine/fundRatio'

2020-10-10 10:55:58 - [MESSAGE][PASSED] - Object: 'Object Repository/FDR-VoucherEntry/DistributionLine/nonFederalFund' is clicked on

2020-10-10 10:55:59 - [MESSAGE][PASSED] - Execute JavaScript 'arguments[0].value='';' successfully

2020-10-10 10:55:59 - [MESSAGE][PASSED] - Keys '3158
' sent to object: 'Object Repository/FDR-VoucherEntry/DistributionLine/nonFederalFund'

2020-10-10 10:55:59 - [MESSAGE][PASSED] - Keys 'DOWN + ENTER + ' sent to object: 'Object Repository/FDR-VoucherEntry/DistributionLine/nonFederalFund'

2020-10-10 10:56:00 - [MESSAGE][PASSED] - Object: 'Object Repository/FDR-VoucherEntry/DistributionLine/account' is clicked on

2020-10-10 10:56:00 - [MESSAGE][PASSED] - Execute JavaScript 'arguments[0].value='';' successfully

2020-10-10 10:56:01 - [MESSAGE][PASSED] - Keys '5442000
' sent to object: 'Object Repository/FDR-VoucherEntry/DistributionLine/account'

2020-10-10 10:56:01 - [MESSAGE][PASSED] - Keys 'DOWN + ENTER + ' sent to object: 'Object Repository/FDR-VoucherEntry/DistributionLine/account'

2020-10-10 10:56:02 - [MESSAGE][PASSED] - Object: 'Object Repository/FDR-VoucherEntry/DistributionLine/altAccount' is clicked on

2020-10-10 10:56:02 - [MESSAGE][PASSED] - Execute JavaScript 'arguments[0].value='';' successfully

2020-10-10 10:56:03 - [MESSAGE][PASSED] - Keys '5442000022
' sent to object: 'Object Repository/FDR-VoucherEntry/DistributionLine/altAccount'

2020-10-10 10:56:03 - [MESSAGE][PASSED] - Keys 'DOWN + ENTER + ' sent to object: 'Object Repository/FDR-VoucherEntry/DistributionLine/altAccount'

2020-10-10 10:56:04 - [MESSAGE][PASSED] - Object: 'Object Repository/FDR-VoucherEntry/DistributionLine/serviceCategory' is clicked on

2020-10-10 10:56:04 - [MESSAGE][PASSED] - Execute JavaScript 'arguments[0].value='';' successfully

2020-10-10 10:56:05 - [MESSAGE][PASSED] - Keys '18A3
' sent to object: 'Object Repository/FDR-VoucherEntry/DistributionLine/serviceCategory'

2020-10-10 10:56:05 - [MESSAGE][PASSED] - Keys 'DOWN + ENTER + ' sent to object: 'Object Repository/FDR-VoucherEntry/DistributionLine/serviceCategory'

2020-10-10 10:56:06 - [MESSAGE][PASSED] - Object: 'Object Repository/FDR-VoucherEntry/DistributionLine/incDecLine' is clicked on

2020-10-10 10:56:06 - [MESSAGE][PASSED] - Execute JavaScript 'arguments[0].value='';' successfully

2020-10-10 10:56:07 - [MESSAGE][PASSED] - Keys '3: Receipts or any decrease
' sent to object: 'Object Repository/FDR-VoucherEntry/DistributionLine/incDecLine'

2020-10-10 10:56:07 - [MESSAGE][PASSED] - Keys 'DOWN + ENTER + ' sent to object: 'Object Repository/FDR-VoucherEntry/DistributionLine/incDecLine'

2020-10-10 10:56:08 - [MESSAGE][PASSED] - Object: 'Object Repository/FDR-VoucherEntry/DistributionLine/index' is clicked on

2020-10-10 10:56:08 - [MESSAGE][PASSED] - Execute JavaScript 'arguments[0].value='';' successfully

2020-10-10 10:56:09 - [MESSAGE][PASSED] - Keys '1155
' sent to object: 'Object Repository/FDR-VoucherEntry/DistributionLine/index'

2020-10-10 10:56:09 - [MESSAGE][PASSED] - Keys 'DOWN + ENTER + ' sent to object: 'Object Repository/FDR-VoucherEntry/DistributionLine/index'

2020-10-10 10:56:10 - [MESSAGE][PASSED] - Object: 'Object Repository/FDR-VoucherEntry/DistributionLine/addAnotherLine' is clicked on

2020-10-10 10:56:12 - [MESSAGE][INFO] - Unable to find the element located by 'By.xpath: //*[@data-id='button-link']//*[contains(text(),'Create New Voucher')]'. Please recheck the objects properties to make sure the desired element is located. 

2020-10-10 10:56:12 - [MESSAGE][WARNING] - Object 'Object Repository/FDR-Dashboard/createNewVoucherButton' is not present after 1 second(s)

2020-10-10 10:56:12 - [MESSAGE][PASSED] - Object: 'Object Repository/FDR-VoucherEntry/DistributionLine/serviceDateFrom' is clicked on

2020-10-10 10:56:13 - [MESSAGE][PASSED] - Text '06/01/2020' is set on object 'Object Repository/FDR-VoucherEntry/DistributionLine/serviceDateFrom'

2020-10-10 10:56:13 - [MESSAGE][PASSED] - Object: 'Object Repository/FDR-VoucherEntry/DistributionLine/serviceDateTo' is clicked on

2020-10-10 10:56:14 - [MESSAGE][PASSED] - Text '06/30/2020' is set on object 'Object Repository/FDR-VoucherEntry/DistributionLine/serviceDateTo'

2020-10-10 10:56:16 - [MESSAGE][INFO] - Unable to find the element located by 'By.xpath: //*[@data-id='button-link']//*[contains(text(),'Create New Voucher')]'. Please recheck the objects properties to make sure the desired element is located. 

2020-10-10 10:56:16 - [MESSAGE][WARNING] - Object 'Object Repository/FDR-Dashboard/createNewVoucherButton' is not present after 1 second(s)

2020-10-10 10:56:16 - [MESSAGE][PASSED] - Object: 'Object Repository/FDR-VoucherEntry/DistributionLine/amount' is clicked on

2020-10-10 10:56:17 - [MESSAGE][PASSED] - Keys '76,000.00' sent to object: 'Object Repository/FDR-VoucherEntry/DistributionLine/amount'

2020-10-10 10:56:17 - [MESSAGE][PASSED] - Object: 'Object Repository/FDR-VoucherEntry/DistributionLine/waiverType' is clicked on

2020-10-10 10:56:19 - [MESSAGE][INFO] - Unable to find the element located by 'By.xpath: //*[@data-id='button-link']//*[contains(text(),'Create New Voucher')]'. Please recheck the objects properties to make sure the desired element is located. 

2020-10-10 10:56:19 - [MESSAGE][WARNING] - Object 'Object Repository/FDR-Dashboard/createNewVoucherButton' is not present after 1 second(s)

2020-10-10 10:56:20 - [MESSAGE][PASSED] - Keys '2020
' sent to object: 'Object Repository/FDR-VoucherEntry/DistributionLine/waiverType'

2020-10-10 10:56:20 - [MESSAGE][PASSED] - Keys 'DOWN + ENTER + ' sent to object: 'Object Repository/FDR-VoucherEntry/DistributionLine/waiverType'

2020-10-10 10:56:21 - [MESSAGE][PASSED] - Object: 'Object Repository/FDR-VoucherEntry/DistributionLine/waiverName' is clicked on

2020-10-10 10:56:21 - [MESSAGE][PASSED] - Execute JavaScript 'arguments[0].value='';' successfully

2020-10-10 10:56:22 - [MESSAGE][PASSED] - Keys 'A-FamilyU TPM/GMC
' sent to object: 'Object Repository/FDR-VoucherEntry/DistributionLine/waiverName'

2020-10-10 10:56:22 - [MESSAGE][PASSED] - Keys 'DOWN + ENTER + ' sent to object: 'Object Repository/FDR-VoucherEntry/DistributionLine/waiverName'

2020-10-10 10:56:23 - [MESSAGE][PASSED] - Object: 'Object Repository/FDR-VoucherEntry/DistributionLine/fundingSource' is clicked on

2020-10-10 10:56:23 - [MESSAGE][PASSED] - Execute JavaScript 'arguments[0].value='';' successfully

2020-10-10 10:56:23 - [MESSAGE][PASSED] - Keys 'IHSS
' sent to object: 'Object Repository/FDR-VoucherEntry/DistributionLine/fundingSource'

2020-10-10 10:56:24 - [MESSAGE][PASSED] - Keys 'DOWN + ENTER + ' sent to object: 'Object Repository/FDR-VoucherEntry/DistributionLine/fundingSource'

2020-10-10 10:56:24 - [MESSAGE][PASSED] - Object: 'Object Repository/FDR-VoucherEntry/DistributionLine/fundRatio' is clicked on

2020-10-10 10:56:25 - [MESSAGE][PASSED] - Execute JavaScript 'arguments[0].value='';' successfully

2020-10-10 10:56:25 - [MESSAGE][PASSED] - Keys '56.2/43.8
' sent to object: 'Object Repository/FDR-VoucherEntry/DistributionLine/fundRatio'

2020-10-10 10:56:26 - [MESSAGE][PASSED] - Keys 'DOWN + ENTER + ' sent to object: 'Object Repository/FDR-VoucherEntry/DistributionLine/fundRatio'

2020-10-10 10:56:26 - [MESSAGE][PASSED] - Object: 'Object Repository/FDR-VoucherEntry/DistributionLine/nonFederalFund' is clicked on

2020-10-10 10:56:27 - [MESSAGE][PASSED] - Execute JavaScript 'arguments[0].value='';' successfully

2020-10-10 10:56:27 - [MESSAGE][PASSED] - Keys '0001
' sent to object: 'Object Repository/FDR-VoucherEntry/DistributionLine/nonFederalFund'

2020-10-10 10:56:28 - [MESSAGE][PASSED] - Keys 'DOWN + ENTER + ' sent to object: 'Object Repository/FDR-VoucherEntry/DistributionLine/nonFederalFund'

2020-10-10 10:56:28 - [MESSAGE][PASSED] - Object: 'Object Repository/FDR-VoucherEntry/DistributionLine/account' is clicked on

2020-10-10 10:56:29 - [MESSAGE][PASSED] - Execute JavaScript 'arguments[0].value='';' successfully

2020-10-10 10:56:29 - [MESSAGE][PASSED] - Keys '5442000
' sent to object: 'Object Repository/FDR-VoucherEntry/DistributionLine/account'

2020-10-10 10:56:30 - [MESSAGE][PASSED] - Keys 'DOWN + ENTER + ' sent to object: 'Object Repository/FDR-VoucherEntry/DistributionLine/account'

2020-10-10 10:56:30 - [MESSAGE][PASSED] - Object: 'Object Repository/FDR-VoucherEntry/DistributionLine/altAccount' is clicked on

2020-10-10 10:56:31 - [MESSAGE][PASSED] - Execute JavaScript 'arguments[0].value='';' successfully

2020-10-10 10:56:31 - [MESSAGE][PASSED] - Keys '5442000022
' sent to object: 'Object Repository/FDR-VoucherEntry/DistributionLine/altAccount'

2020-10-10 10:56:31 - [MESSAGE][PASSED] - Keys 'DOWN + ENTER + ' sent to object: 'Object Repository/FDR-VoucherEntry/DistributionLine/altAccount'

2020-10-10 10:56:32 - [MESSAGE][PASSED] - Object: 'Object Repository/FDR-VoucherEntry/DistributionLine/serviceCategory' is clicked on

2020-10-10 10:56:33 - [MESSAGE][PASSED] - Execute JavaScript 'arguments[0].value='';' successfully

2020-10-10 10:56:33 - [MESSAGE][PASSED] - Keys '18A3
' sent to object: 'Object Repository/FDR-VoucherEntry/DistributionLine/serviceCategory'

2020-10-10 10:56:33 - [MESSAGE][PASSED] - Keys 'DOWN + ENTER + ' sent to object: 'Object Repository/FDR-VoucherEntry/DistributionLine/serviceCategory'

2020-10-10 10:56:34 - [MESSAGE][PASSED] - Object: 'Object Repository/FDR-VoucherEntry/DistributionLine/incDecLine' is clicked on

2020-10-10 10:56:34 - [MESSAGE][PASSED] - Execute JavaScript 'arguments[0].value='';' successfully

2020-10-10 10:56:35 - [MESSAGE][PASSED] - Keys '6: New (service period is current quarter and never been claimed)
' sent to object: 'Object Repository/FDR-VoucherEntry/DistributionLine/incDecLine'

2020-10-10 10:56:35 - [MESSAGE][PASSED] - Keys 'DOWN + ENTER + ' sent to object: 'Object Repository/FDR-VoucherEntry/DistributionLine/incDecLine'

2020-10-10 10:56:36 - [MESSAGE][PASSED] - Object: 'Object Repository/FDR-VoucherEntry/DistributionLine/index' is clicked on

2020-10-10 10:56:36 - [MESSAGE][PASSED] - Execute JavaScript 'arguments[0].value='';' successfully

2020-10-10 10:56:37 - [MESSAGE][PASSED] - Keys '1155
' sent to object: 'Object Repository/FDR-VoucherEntry/DistributionLine/index'

2020-10-10 10:56:37 - [MESSAGE][PASSED] - Keys 'DOWN + ENTER + ' sent to object: 'Object Repository/FDR-VoucherEntry/DistributionLine/index'

2020-10-10 10:56:38 - [MESSAGE][PASSED] - Object: 'Object Repository/FDR-VoucherEntry/DistributionLine/addSaveButton' is clicked on

2020-10-10 10:56:40 - [MESSAGE][INFO] - Unable to find the element located by 'By.xpath: //*[@data-id='button-link']//*[contains(text(),'Create New Voucher')]'. Please recheck the objects properties to make sure the desired element is located. 

2020-10-10 10:56:40 - [MESSAGE][WARNING] - Object 'Object Repository/FDR-Dashboard/createNewVoucherButton' is not present after 1 second(s)

2020-10-10 10:56:40 - [MESSAGE][PASSED] - Browser is scrolled to position x = 50, y = 50

2020-10-10 10:56:42 - [MESSAGE][INFO] - Unable to find the element located by 'By.xpath: //*[@data-id='button-link']//*[contains(text(),'Create New Voucher')]'. Please recheck the objects properties to make sure the desired element is located. 

2020-10-10 10:56:42 - [MESSAGE][WARNING] - Object 'Object Repository/FDR-Dashboard/createNewVoucherButton' is not present after 1 second(s)

2020-10-10 10:56:42 - [MESSAGE][PASSED] - Object: 'expandButton' is clicked on

2020-10-10 10:56:47 - [MESSAGE][INFO] - Unable to find the element located by 'By.xpath: //*[@data-id='button-link']//*[contains(text(),'Create New Voucher')]'. Please recheck the objects properties to make sure the desired element is located. 

2020-10-10 10:56:47 - [MESSAGE][WARNING] - Object 'Object Repository/FDR-Dashboard/createNewVoucherButton' is not present after 3 second(s)

2020-10-10 10:56:47 - [TEST_STEP][PASSED] - invoicesData = []: null

2020-10-10 10:56:47 - [TEST_STEP][PASSED] - distributionLinesData = []: null

2020-10-10 10:56:47 - [TEST_STEP][PASSED] - waitForElementPresent(findTestObject("FDR-VoucherEntry/VoucherHeader/reviewButton"), 10): Object 'Object Repository/FDR-VoucherEntry/VoucherHeader/reviewButton' is present

2020-10-10 10:56:47 - [MESSAGE][PASSED] - Object 'Object Repository/FDR-VoucherEntry/VoucherHeader/reviewButton' is present

2020-10-10 10:56:47 - [TEST_STEP][PASSED] - click(findTestObject("FDR-Dashboard/appLogo")): Object: 'Object Repository/FDR-Dashboard/appLogo' is clicked on

2020-10-10 10:56:47 - [MESSAGE][PASSED] - Object: 'Object Repository/FDR-Dashboard/appLogo' is clicked on

2020-10-10 10:56:47 - [TEST_STEP][PASSED] - waitForElementPresent(findTestObject("FDR-VoucherEntry/VoucherHeader/reviewButton"), 10): Object 'Object Repository/FDR-VoucherEntry/VoucherHeader/reviewButton' is not present after 10 second(s)

2020-10-10 10:56:59 - [MESSAGE][INFO] - Unable to find the element located by 'By.xpath: //*[text()='Review']//parent::button[@data-id='action-button']'. Please recheck the objects properties to make sure the desired element is located. 

2020-10-10 10:56:59 - [MESSAGE][WARNING] - Object 'Object Repository/FDR-VoucherEntry/VoucherHeader/reviewButton' is not present after 10 second(s)

2020-10-10 10:56:59 - [TEST_STEP][PASSED] - commonFunctions.selectRole("accountsPayableApprover"): Object 'Object Repository/FDR-VoucherEntry/VoucherHeader/reviewButton' is not present after 2 second(s)

2020-10-10 10:57:02 - [MESSAGE][INFO] - Unable to find the element located by 'By.xpath: //*[text()='Review']//parent::button[@data-id='action-button']'. Please recheck the objects properties to make sure the desired element is located. 

2020-10-10 10:57:02 - [MESSAGE][WARNING] - Object 'Object Repository/FDR-VoucherEntry/VoucherHeader/reviewButton' is not present after 2 second(s)

2020-10-10 10:57:02 - [MESSAGE][PASSED] - Object: 'Object Repository/FDR-SuperUser-Dashboard/userExpandButton' is clicked on

2020-10-10 10:57:05 - [MESSAGE][INFO] - Unable to find the element located by 'By.xpath: //*[text()='Review']//parent::button[@data-id='action-button']'. Please recheck the objects properties to make sure the desired element is located. 

2020-10-10 10:57:05 - [MESSAGE][WARNING] - Object 'Object Repository/FDR-VoucherEntry/VoucherHeader/reviewButton' is not present after 2 second(s)

2020-10-10 10:57:06 - [MESSAGE][PASSED] - Object: 'Object Repository/FDR-SuperUser-Dashboard/accountsPayableApprover' is clicked on

2020-10-10 10:57:09 - [MESSAGE][INFO] - Unable to find the element located by 'By.xpath: //*[text()='Review']//parent::button[@data-id='action-button']'. Please recheck the objects properties to make sure the desired element is located. 

2020-10-10 10:57:09 - [MESSAGE][WARNING] - Object 'Object Repository/FDR-VoucherEntry/VoucherHeader/reviewButton' is not present after 2 second(s)

2020-10-10 10:57:09 - [TEST_STEP][PASSED] - for ([i = 0, i < voucherIds.size(), (i++)]): Object 'Object Repository/FDR-Dashboard/createNewVoucherButton' is present

2020-10-10 10:57:09 - [TEST_STEP][PASSED] - voucherFunctions.validateToApprove(voucherIds[i]): Object 'Object Repository/FDR-Dashboard/createNewVoucherButton' is present

2020-10-10 10:57:15 - [MESSAGE][INFO] - Unable to find the element located by 'By.xpath: //*[text()='Review']//parent::button[@data-id='action-button']'. Please recheck the objects properties to make sure the desired element is located. 

2020-10-10 10:57:15 - [MESSAGE][WARNING] - Object 'Object Repository/FDR-VoucherEntry/VoucherHeader/reviewButton' is not present after 5 second(s)

2020-10-10 10:57:15 - [MESSAGE][PASSED] - Execute JavaScript 'arguments[0].value='';' successfully

2020-10-10 10:57:15 - [MESSAGE][PASSED] - Object: 'Object Repository/FDR-Dashboard/Search/searchInputField' is clicked on

2020-10-10 10:57:16 - [MESSAGE][PASSED] - Text 'CAP00000098' is set on object 'Object Repository/FDR-Dashboard/Search/searchInputField'

2020-10-10 10:57:22 - [MESSAGE][INFO] - Unable to find the element located by 'By.xpath: //*[text()='Review']//parent::button[@data-id='action-button']'. Please recheck the objects properties to make sure the desired element is located. 

2020-10-10 10:57:22 - [MESSAGE][WARNING] - Object 'Object Repository/FDR-VoucherEntry/VoucherHeader/reviewButton' is not present after 5 second(s)

2020-10-10 10:57:23 - [MESSAGE][PASSED] - Object: 'Object Repository/FDR-Dashboard/uniqueVoucherActionButton' is clicked on

2020-10-10 10:57:29 - [MESSAGE][INFO] - Unable to find the element located by 'By.xpath: //*[@data-id='button-link']//*[contains(text(),'Create New Voucher')]'. Please recheck the objects properties to make sure the desired element is located. 

2020-10-10 10:57:29 - [MESSAGE][WARNING] - Object 'Object Repository/FDR-Dashboard/createNewVoucherButton' is not present after 5 second(s)

2020-10-10 10:57:29 - [MESSAGE][PASSED] - Object: 'Object Repository/FDR-VoucherEntry/VoucherHeader/reviewButton' is clicked on

2020-10-10 10:57:35 - [MESSAGE][INFO] - Unable to find the element located by 'By.xpath: //*[@data-id='button-link']//*[contains(text(),'Create New Voucher')]'. Please recheck the objects properties to make sure the desired element is located. 

2020-10-10 10:57:35 - [MESSAGE][WARNING] - Object 'Object Repository/FDR-Dashboard/createNewVoucherButton' is not present after 5 second(s)

2020-10-10 10:57:36 - [MESSAGE][PASSED] - Object: 'Object Repository/FDR-VoucherEntry/InvoiceLine/cmiaForm' is clicked on

2020-10-10 10:57:42 - [MESSAGE][INFO] - Unable to find the element located by 'By.xpath: //*[@data-id='button-link']//*[contains(text(),'Create New Voucher')]'. Please recheck the objects properties to make sure the desired element is located. 

2020-10-10 10:57:42 - [MESSAGE][WARNING] - Object 'Object Repository/FDR-Dashboard/createNewVoucherButton' is not present after 5 second(s)

2020-10-10 10:57:42 - [MESSAGE][PASSED] - Object: 'Object Repository/FDR-VoucherEntry/InvoiceLine/closeButton' is clicked on

2020-10-10 10:57:48 - [MESSAGE][INFO] - Unable to find the element located by 'By.xpath: //*[@data-id='button-link']//*[contains(text(),'Create New Voucher')]'. Please recheck the objects properties to make sure the desired element is located. 

2020-10-10 10:57:48 - [MESSAGE][WARNING] - Object 'Object Repository/FDR-Dashboard/createNewVoucherButton' is not present after 5 second(s)

2020-10-10 10:57:49 - [MESSAGE][PASSED] - Object: 'Object Repository/FDR-VoucherEntry/InvoiceLine/faceSheet' is clicked on

2020-10-10 10:57:55 - [MESSAGE][INFO] - Unable to find the element located by 'By.xpath: //*[@data-id='button-link']//*[contains(text(),'Create New Voucher')]'. Please recheck the objects properties to make sure the desired element is located. 

2020-10-10 10:57:55 - [MESSAGE][WARNING] - Object 'Object Repository/FDR-Dashboard/createNewVoucherButton' is not present after 5 second(s)

2020-10-10 10:57:55 - [MESSAGE][PASSED] - Object: 'Object Repository/FDR-VoucherEntry/InvoiceLine/closeButton' is clicked on

2020-10-10 10:58:01 - [MESSAGE][INFO] - Unable to find the element located by 'By.xpath: //*[@data-id='button-link']//*[contains(text(),'Create New Voucher')]'. Please recheck the objects properties to make sure the desired element is located. 

2020-10-10 10:58:01 - [MESSAGE][WARNING] - Object 'Object Repository/FDR-Dashboard/createNewVoucherButton' is not present after 5 second(s)

2020-10-10 10:58:02 - [MESSAGE][PASSED] - Object: 'Object Repository/FDR-VoucherEntry/InvoiceLine/remittanceAdvice' is clicked on

2020-10-10 10:58:08 - [MESSAGE][INFO] - Unable to find the element located by 'By.xpath: //*[@data-id='button-link']//*[contains(text(),'Create New Voucher')]'. Please recheck the objects properties to make sure the desired element is located. 

2020-10-10 10:58:08 - [MESSAGE][WARNING] - Object 'Object Repository/FDR-Dashboard/createNewVoucherButton' is not present after 5 second(s)

2020-10-10 10:58:08 - [MESSAGE][PASSED] - Object: 'Object Repository/FDR-VoucherEntry/InvoiceLine/closeButton' is clicked on

2020-10-10 10:58:14 - [MESSAGE][INFO] - Unable to find the element located by 'By.xpath: //*[@data-id='button-link']//*[contains(text(),'Create New Voucher')]'. Please recheck the objects properties to make sure the desired element is located. 

2020-10-10 10:58:14 - [MESSAGE][WARNING] - Object 'Object Repository/FDR-Dashboard/createNewVoucherButton' is not present after 5 second(s)

2020-10-10 10:58:15 - [MESSAGE][PASSED] - Object: 'Object Repository/FDR-Vouchers-States/Resume/submitForApproval' is clicked on

2020-10-10 10:58:15 - [MESSAGE][PASSED] - Object 'Object Repository/FDR-Dashboard/createNewVoucherButton' is present

2020-10-10 10:58:16 - [MESSAGE][PASSED] - Object: 'Object Repository/FDR-Dashboard/uniqueVoucherActionButton' is clicked on

2020-10-10 10:58:22 - [MESSAGE][INFO] - Unable to find the element located by 'By.xpath: //*[@data-id='button-link']//*[contains(text(),'Create New Voucher')]'. Please recheck the objects properties to make sure the desired element is located. 

2020-10-10 10:58:22 - [MESSAGE][WARNING] - Object 'Object Repository/FDR-Dashboard/createNewVoucherButton' is not present after 5 second(s)

2020-10-10 10:58:22 - [MESSAGE][PASSED] - Object: 'Object Repository/FDR-Vouchers-States/Validate/approveButton' is clicked on

2020-10-10 10:58:23 - [MESSAGE][PASSED] - Object 'Object Repository/FDR-Dashboard/createNewVoucherButton' is present

2020-10-10 10:58:23 - [MESSAGE][PASSED] - Object: 'Object Repository/FDR-Dashboard/uniqueVoucherActionButton' is clicked on

2020-10-10 10:58:29 - [MESSAGE][INFO] - Unable to find the element located by 'By.xpath: //*[@data-id='button-link']//*[contains(text(),'Create New Voucher')]'. Please recheck the objects properties to make sure the desired element is located. 

2020-10-10 10:58:29 - [MESSAGE][WARNING] - Object 'Object Repository/FDR-Dashboard/createNewVoucherButton' is not present after 5 second(s)

2020-10-10 10:58:30 - [MESSAGE][PASSED] - Object: 'Object Repository/FDR-Vouchers-States/Print/printCMIAForm' is clicked on

2020-10-10 10:58:37 - [MESSAGE][INFO] - Unable to find the element located by 'By.xpath: //*[@data-id='button-link']//*[contains(text(),'Create New Voucher')]'. Please recheck the objects properties to make sure the desired element is located. 

2020-10-10 10:58:37 - [MESSAGE][WARNING] - Object 'Object Repository/FDR-Dashboard/createNewVoucherButton' is not present after 5 second(s)

2020-10-10 10:58:40 - [MESSAGE][PASSED] - Window with index 1 is closed

2020-10-10 10:58:40 - [MESSAGE][PASSED] - Switched to window with index: '0'

2020-10-10 10:58:46 - [MESSAGE][INFO] - Unable to find the element located by 'By.xpath: //*[@data-id='button-link']//*[contains(text(),'Create New Voucher')]'. Please recheck the objects properties to make sure the desired element is located. 

2020-10-10 10:58:46 - [MESSAGE][WARNING] - Object 'Object Repository/FDR-Dashboard/createNewVoucherButton' is not present after 5 second(s)

2020-10-10 10:58:46 - [MESSAGE][PASSED] - Object: 'Object Repository/FDR-Vouchers-States/Print/printFaceSheet' is clicked on

2020-10-10 10:58:52 - [MESSAGE][INFO] - Unable to find the element located by 'By.xpath: //*[@data-id='button-link']//*[contains(text(),'Create New Voucher')]'. Please recheck the objects properties to make sure the desired element is located. 

2020-10-10 10:58:52 - [MESSAGE][WARNING] - Object 'Object Repository/FDR-Dashboard/createNewVoucherButton' is not present after 5 second(s)

2020-10-10 10:58:54 - [MESSAGE][PASSED] - Window with index 1 is closed

2020-10-10 10:58:54 - [MESSAGE][PASSED] - Switched to window with index: '0'

2020-10-10 10:59:00 - [MESSAGE][INFO] - Unable to find the element located by 'By.xpath: //*[@data-id='button-link']//*[contains(text(),'Create New Voucher')]'. Please recheck the objects properties to make sure the desired element is located. 

2020-10-10 10:59:00 - [MESSAGE][WARNING] - Object 'Object Repository/FDR-Dashboard/createNewVoucherButton' is not present after 5 second(s)

2020-10-10 10:59:01 - [MESSAGE][PASSED] - Object: 'Object Repository/FDR-Vouchers-States/Print/printRA' is clicked on

2020-10-10 10:59:07 - [MESSAGE][INFO] - Unable to find the element located by 'By.xpath: //*[@data-id='button-link']//*[contains(text(),'Create New Voucher')]'. Please recheck the objects properties to make sure the desired element is located. 

2020-10-10 10:59:07 - [MESSAGE][WARNING] - Object 'Object Repository/FDR-Dashboard/createNewVoucherButton' is not present after 5 second(s)

2020-10-10 10:59:09 - [MESSAGE][PASSED] - Window with index 1 is closed

2020-10-10 10:59:09 - [MESSAGE][PASSED] - Switched to window with index: '0'

2020-10-10 10:59:10 - [MESSAGE][PASSED] - Object: 'Object Repository/FDR-Vouchers-States/Print/allFormsPrintButton' is clicked on

2020-10-10 10:59:10 - [MESSAGE][PASSED] - Object 'Object Repository/FDR-Dashboard/createNewVoucherButton' is present

2020-10-10 10:59:10 - [TEST_STEP][PASSED] - commonFunctions.logout(): Browser is closed

2020-10-10 10:59:11 - [MESSAGE][PASSED] - Browser is closed

2020-10-10 10:59:11 - [TEST_STEP][PASSED] - Start listener action : sampleAfterTestCase: null

2020-10-10 10:59:11 - [TEST_STEP][PASSED] - profileName = getExecutionProfile(): null

2020-10-10 10:59:11 - [TEST_STEP][PASSED] - switch (profileName): null

2020-10-10 10:59:11 - [TEST_STEP][PASSED] - case "superUser":: null

2020-10-10 10:59:11 - [TEST_STEP][PASSED] - return null: null

2020-10-10 10:59:11 - [TEST_STEP][PASSED] - Start listener action : afterTestCase: null

2020-10-10 10:59:11 - [TEST_STEP][PASSED] - profileName = getExecutionProfile(): null

2020-10-10 10:59:11 - [TEST_STEP][PASSED] - if (profileName.equalsIgnoreCase("SysAdmin")): null

2020-10-10 10:59:11 - [TEST_STEP][PASSED] - Start listener action : sampleAfterTestCase: null

2020-10-10 10:59:11 - [TEST_STEP][PASSED] - profileName = getExecutionProfile(): null

2020-10-10 10:59:11 - [TEST_STEP][PASSED] - switch (profileName): null

2020-10-10 10:59:11 - [TEST_STEP][PASSED] - Default: null

2020-10-10 10:59:11 - [TEST_STEP][PASSED] - return null: null

2020-10-10 10:59:11 - [TEST_STEP][PASSED] - Start listener action : addFailedTCToList: null]]></system-out>
         <system-err><![CDATA[]]></system-err>
      </testcase>
      <testcase name="Test Cases/FDR_E2E-REGRESSION-TESTS/TC_1-E2E-FDR-INTEGRATED-DRAW-VALIDATION/TC_1b-E2E-FDR-SINGLE-RECEIPT-VALIDATION" time="179.025" classname="Test Cases/FDR_E2E-REGRESSION-TESTS/TC_1-E2E-FDR-INTEGRATED-DRAW-VALIDATION/TC_1b-E2E-FDR-SINGLE-RECEIPT-VALIDATION" status="PASSED">
         <system-out><![CDATA[2020-10-10 10:59:11 - [TEST_CASE][PASSED] - Test Cases/FDR_E2E-REGRESSION-TESTS/TC_1-E2E-FDR-INTEGRATED-DRAW-VALIDATION/TC_1b-E2E-FDR-SINGLE-RECEIPT-VALIDATION: Test Cases/FDR_E2E-REGRESSION-TESTS/TC_1-E2E-FDR-INTEGRATED-DRAW-VALIDATION/TC_1b-E2E-FDR-SINGLE-RECEIPT-VALIDATION

2020-10-10 10:59:11 - [TEST_STEP][PASSED] - Start listener action : sampleBeforeTestCase: null

2020-10-10 10:59:11 - [TEST_STEP][PASSED] - profileName = getExecutionProfile(): null

2020-10-10 10:59:11 - [TEST_STEP][PASSED] - switch (profileName): null

2020-10-10 10:59:11 - [TEST_STEP][PASSED] - case "superUser":: null

2020-10-10 10:59:11 - [TEST_STEP][PASSED] - return null: null

2020-10-10 10:59:11 - [TEST_STEP][PASSED] - Start listener action : beforeTestCase: null

2020-10-10 10:59:11 - [TEST_STEP][PASSED] - profileName = getExecutionProfile(): null

2020-10-10 10:59:11 - [TEST_STEP][PASSED] - if (profileName.equalsIgnoreCase("SysAdmin")): null

2020-10-10 10:59:11 - [TEST_STEP][PASSED] - Start listener action : sampleBeforeTestCase: null

2020-10-10 10:59:11 - [TEST_STEP][PASSED] - profileName = getExecutionProfile(): null

2020-10-10 10:59:11 - [TEST_STEP][PASSED] - testCaseId = testCaseContext.getTestCaseId(): null

2020-10-10 10:59:11 - [TEST_STEP][PASSED] - switch (profileName): null

2020-10-10 10:59:11 - [TEST_STEP][PASSED] - Default: null

2020-10-10 10:59:11 - [TEST_STEP][PASSED] - return null: null

2020-10-10 10:59:11 - [TEST_STEP][PASSED] - Start listener action : executeRows: null

2020-10-10 10:59:11 - [TEST_STEP][PASSED] - commonFunctions.login(superUserAccnt, superUserPwd): Object: 'Object Repository/FDR-SignIn/SignInButton' is clicked on

2020-10-10 10:59:11 - [MESSAGE][INFO] - Starting 'Chrome' driver

2020-10-10 10:59:11 - [MESSAGE][INFO] - Action delay is set to 0 milliseconds

2020-10-10 10:59:16 - [MESSAGE][PASSED] - Browser is opened with url: 'https://fdr-katalon.cammis-mod-dev.dhcs.ca.gov'

2020-10-10 10:59:18 - [MESSAGE][PASSED] - Current window maximized

2020-10-10 10:59:18 - [MESSAGE][PASSED] - Object 'Object Repository/FDR-SignIn/SignInEmail' is present

2020-10-10 10:59:19 - [MESSAGE][PASSED] - Object: 'Object Repository/FDR-SignIn/SignInEmail' is clicked on

2020-10-10 10:59:19 - [MESSAGE][PASSED] - Object 'Object Repository/FDR-SignIn/SignInEmail' is present

2020-10-10 10:59:19 - [MESSAGE][PASSED] - Text 'fdr.test11@dhcs.ca.gov' is set on object 'Object Repository/FDR-SignIn/SignInEmail'

2020-10-10 10:59:20 - [MESSAGE][PASSED] - Object 'Object Repository/FDR-SignIn/SignInEmailNext' is visible

2020-10-10 10:59:20 - [MESSAGE][PASSED] - Object: 'Object Repository/FDR-SignIn/SignInEmailNext' is clicked on

2020-10-10 10:59:23 - [MESSAGE][PASSED] - Object 'Object Repository/FDR-SignIn/SignInEmailPassword' is visible

2020-10-10 10:59:23 - [MESSAGE][PASSED] - Object: 'Object Repository/FDR-SignIn/SignInEmailPassword' is clicked on

2020-10-10 10:59:24 - [MESSAGE][PASSED] - Text ****** has been set on object 'Object Repository/FDR-SignIn/SignInEmailPassword'

2020-10-10 10:59:25 - [MESSAGE][PASSED] - Object: 'Object Repository/FDR-SignIn/SignInButton' is clicked on

2020-10-10 10:59:25 - [TEST_STEP][PASSED] - commonFunctions.selectRole("cashieringProcessorRole"): Object 'Object Repository/FDR-VoucherEntry/VoucherHeader/reviewButton' is not present after 2 second(s)

2020-10-10 10:59:29 - [MESSAGE][INFO] - Unable to find the element located by 'By.xpath: //*[text()='Review']//parent::button[@data-id='action-button']'. Please recheck the objects properties to make sure the desired element is located. 

2020-10-10 10:59:29 - [MESSAGE][WARNING] - Object 'Object Repository/FDR-VoucherEntry/VoucherHeader/reviewButton' is not present after 2 second(s)

2020-10-10 10:59:29 - [MESSAGE][PASSED] - Object: 'Object Repository/FDR-SuperUser-Dashboard/userExpandButton' is clicked on

2020-10-10 10:59:32 - [MESSAGE][INFO] - Unable to find the element located by 'By.xpath: //*[text()='Review']//parent::button[@data-id='action-button']'. Please recheck the objects properties to make sure the desired element is located. 

2020-10-10 10:59:32 - [MESSAGE][WARNING] - Object 'Object Repository/FDR-VoucherEntry/VoucherHeader/reviewButton' is not present after 2 second(s)

2020-10-10 10:59:33 - [MESSAGE][PASSED] - Object: 'Object Repository/FDR-SuperUser-Dashboard/cashieringProcessorRole' is clicked on

2020-10-10 10:59:36 - [MESSAGE][INFO] - Unable to find the element located by 'By.xpath: //*[text()='Review']//parent::button[@data-id='action-button']'. Please recheck the objects properties to make sure the desired element is located. 

2020-10-10 10:59:36 - [MESSAGE][WARNING] - Object 'Object Repository/FDR-VoucherEntry/VoucherHeader/reviewButton' is not present after 2 second(s)

2020-10-10 10:59:36 - [TEST_STEP][PASSED] - exceldata = findTestData("Data Files/Regression-Voucher/E2E Regression-Single_Receipt_Data"): null

2020-10-10 10:59:38 - [TEST_STEP][PASSED] - exceldata.changeSheet("Receipt1"): null

2020-10-10 10:59:38 - [TEST_STEP][PASSED] - drawdate = null: null

2020-10-10 10:59:38 - [TEST_STEP][PASSED] - paydate = null: null

2020-10-10 10:59:38 - [TEST_STEP][PASSED] - depositId = RandomStringUtils.randomNumeric(7): null

2020-10-10 10:59:38 - [TEST_STEP][PASSED] - receiptNotes = exceldata.getValue("Receipt Notes", 1): null

2020-10-10 10:59:38 - [TEST_STEP][PASSED] - remittanceAdvice = exceldata.getValue("Remittance Advise #", 1): null

2020-10-10 10:59:38 - [TEST_STEP][PASSED] - controllerReceipt = exceldata.getValue("Controller Receipt #", 1): null

2020-10-10 10:59:38 - [TEST_STEP][PASSED] - receiptId = exceldata.getValue("Receipt ID", 1): null

2020-10-10 10:59:38 - [TEST_STEP][PASSED] - supplierId = exceldata.getValue("Supplier ID", 1): null

2020-10-10 10:59:38 - [TEST_STEP][PASSED] - depositDate = exceldata.getValue("Deposit Date", 1): null

2020-10-10 10:59:38 - [TEST_STEP][PASSED] - numOfRows = 2: null

2020-10-10 10:59:38 - [TEST_STEP][PASSED] - editors.createReceipt(drawdate, paydate, depositId, receiptNotes, remittanceAdvice, controllerReceipt): Text of object 'Object Repository/FDR-VoucherEntry/VoucherHeader/drawDate' is: '10/21/2020'

2020-10-10 10:59:43 - [MESSAGE][INFO] - Unable to find the element located by 'By.xpath: //*[@data-id='button-link']//*[contains(text(),'Create New Voucher')]'. Please recheck the objects properties to make sure the desired element is located. 

2020-10-10 10:59:43 - [MESSAGE][WARNING] - Object 'Object Repository/FDR-Dashboard/createNewVoucherButton' is not present after 4 second(s)

2020-10-10 10:59:43 - [MESSAGE][PASSED] - Object 'Object Repository/FDR-Receipt/FDR-Receipt-Dashboard/createNew_ReceiptBatch_Button' is present

2020-10-10 10:59:43 - [MESSAGE][PASSED] - Object: 'Object Repository/FDR-Receipt/FDR-Receipt-Dashboard/createNew_ReceiptBatch_Button' is clicked on

2020-10-10 10:59:44 - [MESSAGE][PASSED] - Object 'Object Repository/FDR-Receipt/FDR-Receipt-Header/View/inputDrawDate' is present

2020-10-10 10:59:45 - [MESSAGE][PASSED] - Object: 'Object Repository/FDR-VoucherEntry/VoucherEntryObjects/DateImage' is clicked on

2020-10-10 10:59:45 - [MESSAGE][PASSED] - Object 'Object Repository/FDR-VoucherEntry/VoucherEntryObjects/AvaliableDate' is present

2020-10-10 10:59:46 - [MESSAGE][PASSED] - Object: 'Object Repository/FDR-VoucherEntry/VoucherEntryObjects/AvaliableDate' is clicked on

2020-10-10 10:59:47 - [MESSAGE][PASSED] - Object 'Object Repository/FDR-Receipt/FDR-Receipt-Header/View/deposit ID' is present

2020-10-10 10:59:47 - [MESSAGE][PASSED] - Text '6749495' is set on object 'Object Repository/FDR-Receipt/FDR-Receipt-Header/View/deposit ID'

2020-10-10 10:59:48 - [MESSAGE][PASSED] - Object 'Object Repository/FDR-Receipt/FDR-ReceiptBatch/receiptNotes' is present

2020-10-10 10:59:49 - [MESSAGE][PASSED] - Text 'Regression Scenario 1 Receipt 1' is set on object 'Object Repository/FDR-Receipt/FDR-ReceiptBatch/receiptNotes'

2020-10-10 10:59:50 - [MESSAGE][PASSED] - Object 'Object Repository/FDR-Receipt/FDR-Receipt-Header/Edit/remmitanceAdviceInput' is present

2020-10-10 10:59:50 - [MESSAGE][PASSED] - Keys 'RA555001' sent to object: 'Object Repository/FDR-Receipt/FDR-Receipt-Header/Edit/remmitanceAdviceInput'

2020-10-10 10:59:51 - [MESSAGE][PASSED] - Object 'Object Repository/FDR-Receipt/FDR-Receipt-Header/Edit/controllerReceiptInput' is present

2020-10-10 10:59:51 - [MESSAGE][PASSED] - Keys 'CR999001' sent to object: 'Object Repository/FDR-Receipt/FDR-Receipt-Header/Edit/controllerReceiptInput'

2020-10-10 10:59:52 - [MESSAGE][PASSED] - Object 'Object Repository/FDR-Receipt/FDR-Receipt-Header/View/buttonNext' is present

2020-10-10 10:59:52 - [MESSAGE][PASSED] - Object: 'Object Repository/FDR-Receipt/FDR-Receipt-Header/View/buttonNext' is clicked on

2020-10-10 10:59:57 - [MESSAGE][PASSED] - Delayed 5 second(s)

2020-10-10 10:59:57 - [MESSAGE][PASSED] - Text of object 'Object Repository/FDR-VoucherEntry/VoucherHeader/drawDate' is: '10/21/2020'

2020-10-10 10:59:57 - [TEST_STEP][PASSED] - editors.createReceiptline(receiptId, supplierId, depositDate): Object: 'Object Repository/FDR-Receipt/FDR-Receipt-Checkline/View/addReceipt_Button2' is clicked on

2020-10-10 10:59:58 - [MESSAGE][PASSED] - Object 'Object Repository/FDR-Receipt/FDR-Receipt-Checkline/View/receipt_ID' is present

2020-10-10 10:59:58 - [MESSAGE][PASSED] - Keys 'RI000001' sent to object: 'Object Repository/FDR-Receipt/FDR-Receipt-Checkline/View/receipt_ID'

2020-10-10 10:59:58 - [MESSAGE][PASSED] - Object 'Object Repository/FDR-Receipt/FDR-Receipt-Checkline/View/supplier_Id' is present

2020-10-10 10:59:59 - [MESSAGE][PASSED] - Object: 'Object Repository/FDR-Receipt/FDR-Receipt-Checkline/View/supplier_Id' is clicked on

2020-10-10 10:59:59 - [MESSAGE][PASSED] - Keys '0000007690' sent to object: 'Object Repository/FDR-Receipt/FDR-Receipt-Checkline/View/supplier_Id'

2020-10-10 11:00:00 - [MESSAGE][PASSED] - Keys 'DOWN + ENTER + ' sent to object: 'Object Repository/FDR-Receipt/FDR-Receipt-Checkline/View/supplier_Id'

2020-10-10 11:00:00 - [MESSAGE][PASSED] - Object 'Object Repository/FDR-Receipt/FDR-Receipt-Checkline/View/deposit_Date' is present

2020-10-10 11:00:01 - [MESSAGE][PASSED] - Keys '07/25/2020' sent to object: 'Object Repository/FDR-Receipt/FDR-Receipt-Checkline/View/deposit_Date'

2020-10-10 11:00:06 - [MESSAGE][INFO] - Unable to find the element located by 'By.xpath: //*[@data-id='button-link']//*[contains(text(),'Create New Voucher')]'. Please recheck the objects properties to make sure the desired element is located. 

2020-10-10 11:00:06 - [MESSAGE][WARNING] - Object 'Object Repository/FDR-Dashboard/createNewVoucherButton' is not present after 4 second(s)

2020-10-10 11:00:06 - [MESSAGE][PASSED] - Object 'Object Repository/FDR-Receipt/FDR-Receipt-Checkline/View/addReceipt_Button2' is present

2020-10-10 11:00:07 - [MESSAGE][PASSED] - Object: 'Object Repository/FDR-Receipt/FDR-Receipt-Checkline/View/addReceipt_Button2' is clicked on

2020-10-10 11:00:07 - [TEST_STEP][PASSED] - for ([i = 1, i <= numOfRows, (i++)]): Object: 'Object Repository/FDR-Receipt/FDR-Receipt-DistributionLine/FDR-AddEdit-DistributionLine/arrow_Down' is clicked on

2020-10-10 11:00:07 - [TEST_STEP][PASSED] - invoiceNum = exceldata.getValue("Invoice #", i): null

2020-10-10 11:00:07 - [TEST_STEP][PASSED] - manual = exceldata.getValue("Manual?", i): null

2020-10-10 11:00:07 - [TEST_STEP][PASSED] - serviceDateTo = exceldata.getValue("Service Date ( To)", i): null

2020-10-10 11:00:07 - [TEST_STEP][PASSED] - serviceDateFrom = exceldata.getValue("Service Date ( From)", i): null

2020-10-10 11:00:07 - [TEST_STEP][PASSED] - amount = exceldata.getValue("Amount", i): null

2020-10-10 11:00:07 - [TEST_STEP][PASSED] - waiverType = exceldata.getValue("Waiver Type", i): null

2020-10-10 11:00:07 - [TEST_STEP][PASSED] - waiverName = exceldata.getValue("Waiver Name", i): null

2020-10-10 11:00:07 - [TEST_STEP][PASSED] - fundingSource = exceldata.getValue("Funding Source", i): null

2020-10-10 11:00:07 - [TEST_STEP][PASSED] - fundCode = exceldata.getValue("Fund Code", i): null

2020-10-10 11:00:07 - [TEST_STEP][PASSED] - fundRatio = exceldata.getValue("Fund Ratio", i): null

2020-10-10 11:00:07 - [TEST_STEP][PASSED] - nonFederalFund = exceldata.getValue("Non-Federal Fund", i): null

2020-10-10 11:00:07 - [TEST_STEP][PASSED] - index = exceldata.getValue("Index ", i): null

2020-10-10 11:00:07 - [TEST_STEP][PASSED] - programType = "Medical Assistance (MA)": null

2020-10-10 11:00:07 - [TEST_STEP][PASSED] - serviceCategory = exceldata.getValue("Service Category", i): null

2020-10-10 11:00:07 - [TEST_STEP][PASSED] - increaseDecreaseLine = exceldata.getValue("Increase/Decrease Line", i): null

2020-10-10 11:00:07 - [TEST_STEP][PASSED] - accountId = exceldata.getValue("Account", i): null

2020-10-10 11:00:07 - [TEST_STEP][PASSED] - altAccountId = exceldata.getValue("Alt Account", i): null

2020-10-10 11:00:07 - [TEST_STEP][PASSED] - editors.createReceiptMultipleDistributionLine(serviceDateFrom, serviceDateTo, amount, waiverType, waiverName, fundingSource, fundCode, fundRatio, nonFederalFund, index, programType, serviceCategory, increaseDecreaseLine, accountId, altAccountId, invoiceNum, manual): Object: 'Object Repository/FDR-Receipt/FDR-Receipt-DistributionLine/FDR-AddEdit-DistributionLine/arrow_Down' is clicked on

2020-10-10 11:00:12 - [MESSAGE][PASSED] - Delayed 5 second(s)

2020-10-10 11:00:12 - [MESSAGE][PASSED] - Object 'Object Repository/FDR-Receipt/FDR-Receipt-DistributionLine/FDR-AddEdit-DistributionLine/arrow_Down' is clickable

2020-10-10 11:00:17 - [MESSAGE][PASSED] - Delayed 5 second(s)

2020-10-10 11:00:17 - [MESSAGE][PASSED] - Object: 'Object Repository/FDR-Receipt/FDR-Receipt-DistributionLine/FDR-AddEdit-DistributionLine/arrow_Down' is clicked on

2020-10-10 11:00:18 - [MESSAGE][PASSED] - Object 'Object Repository/FDR-Receipt/FDR-Receipt-DistributionLine/FDR-AddEdit-DistributionLine/button_Add-Invoiceline' is present

2020-10-10 11:00:19 - [MESSAGE][PASSED] - Scroll to object 'Object Repository/FDR-Receipt/FDR-Receipt-DistributionLine/FDR-AddEdit-DistributionLine/button_Add-Invoiceline' successfully

2020-10-10 11:00:19 - [MESSAGE][PASSED] - Object 'Object Repository/FDR-Receipt/FDR-Receipt-DistributionLine/FDR-AddEdit-DistributionLine/button_Add-Invoiceline' is clickable

2020-10-10 11:00:19 - [MESSAGE][PASSED] - Object: 'Object Repository/FDR-Receipt/FDR-Receipt-DistributionLine/FDR-AddEdit-DistributionLine/button_Add-Invoiceline' is clicked on

2020-10-10 11:00:20 - [MESSAGE][PASSED] - Object 'Object Repository/FDR-Receipt/FDR-Receipt-DistributionLine/FDR-AddEdit-DistributionLine/invoice_Searchfield' is present

2020-10-10 11:00:21 - [MESSAGE][PASSED] - Keys 'MC0000012' sent to object: 'Object Repository/FDR-Receipt/FDR-Receipt-DistributionLine/FDR-AddEdit-DistributionLine/invoice_Searchfield'

2020-10-10 11:00:22 - [MESSAGE][PASSED] - Object: 'Object Repository/FDR-Receipt/FDR-Receipt-DistributionLine/FDR-AddEdit-DistributionLine/button_Add_invoicemanually' is clicked on

2020-10-10 11:00:22 - [MESSAGE][PASSED] - Object 'Object Repository/FDR-Receipt/FDR-Receipt-DistributionLine/FDR-AddEdit-DistributionLine/input_Service date (from)' is present

2020-10-10 11:00:23 - [MESSAGE][PASSED] - Keys '06/01/2020' sent to object: 'Object Repository/FDR-Receipt/FDR-Receipt-DistributionLine/FDR-AddEdit-DistributionLine/input_Service date (from)'

2020-10-10 11:00:23 - [MESSAGE][PASSED] - Object 'Object Repository/FDR-Receipt/FDR-Receipt-DistributionLine/FDR-AddEdit-DistributionLine/input_Service date (to)' is present

2020-10-10 11:00:24 - [MESSAGE][PASSED] - Keys '06/01/2020' sent to object: 'Object Repository/FDR-Receipt/FDR-Receipt-DistributionLine/FDR-AddEdit-DistributionLine/input_Service date (to)'

2020-10-10 11:00:24 - [MESSAGE][PASSED] - Object 'Object Repository/FDR-Receipt/FDR-Receipt-DistributionLine/FDR-AddEdit-DistributionLine/input_Amount' is present

2020-10-10 11:00:25 - [MESSAGE][PASSED] - Keys '35,000' sent to object: 'Object Repository/FDR-Receipt/FDR-Receipt-DistributionLine/FDR-AddEdit-DistributionLine/input_Amount'

2020-10-10 11:00:25 - [MESSAGE][PASSED] - Object 'Object Repository/FDR-Receipt/FDR-Receipt-DistributionLine/FDR-AddEdit-DistributionLine/waiver_Type' is present

2020-10-10 11:00:25 - [MESSAGE][PASSED] - Object 'Object Repository/FDR-Receipt/FDR-Receipt-DistributionLine/FDR-AddEdit-DistributionLine/waiver_Type' is present

2020-10-10 11:00:25 - [MESSAGE][PASSED] - Keys '2020' sent to object: 'Object Repository/FDR-Receipt/FDR-Receipt-DistributionLine/FDR-AddEdit-DistributionLine/waiver_Type'

2020-10-10 11:00:26 - [MESSAGE][PASSED] - Keys 'DOWN + ENTER + ' sent to object: 'Object Repository/FDR-Receipt/FDR-Receipt-DistributionLine/FDR-AddEdit-DistributionLine/waiver_Type'

2020-10-10 11:00:27 - [MESSAGE][PASSED] - Object 'Object Repository/FDR-Receipt/FDR-Receipt-DistributionLine/FDR-AddEdit-DistributionLine/waiver_Name' is present

2020-10-10 11:00:27 - [MESSAGE][PASSED] - Keys 'A-FamilyR TPM/GMC' sent to object: 'Object Repository/FDR-Receipt/FDR-Receipt-DistributionLine/FDR-AddEdit-DistributionLine/waiver_Name'

2020-10-10 11:00:28 - [MESSAGE][PASSED] - Keys 'DOWN + ENTER + ' sent to object: 'Object Repository/FDR-Receipt/FDR-Receipt-DistributionLine/FDR-AddEdit-DistributionLine/waiver_Name'

2020-10-10 11:00:28 - [MESSAGE][PASSED] - Object 'Object Repository/FDR-Receipt/FDR-Receipt-DistributionLine/FDR-AddEdit-DistributionLine/funding_Source' is present

2020-10-10 11:00:28 - [MESSAGE][PASSED] - Keys 'PCP BUMP' sent to object: 'Object Repository/FDR-Receipt/FDR-Receipt-DistributionLine/FDR-AddEdit-DistributionLine/funding_Source'

2020-10-10 11:00:29 - [MESSAGE][PASSED] - Keys 'DOWN + ENTER + ' sent to object: 'Object Repository/FDR-Receipt/FDR-Receipt-DistributionLine/FDR-AddEdit-DistributionLine/funding_Source'

2020-10-10 11:00:29 - [MESSAGE][PASSED] - Object 'Object Repository/FDR-Receipt/FDR-Receipt-DistributionLine/FDR-AddEdit-DistributionLine/fund_Code' is present

2020-10-10 11:00:30 - [MESSAGE][PASSED] - Keys 'Health Care Deposit Fund (0912)' sent to object: 'Object Repository/FDR-Receipt/FDR-Receipt-DistributionLine/FDR-AddEdit-DistributionLine/fund_Code'

2020-10-10 11:00:30 - [MESSAGE][PASSED] - Keys 'DOWN + ENTER + ' sent to object: 'Object Repository/FDR-Receipt/FDR-Receipt-DistributionLine/FDR-AddEdit-DistributionLine/fund_Code'

2020-10-10 11:00:31 - [MESSAGE][PASSED] - Object 'Object Repository/FDR-Receipt/FDR-Receipt-DistributionLine/FDR-AddEdit-DistributionLine/fund_Ratio' is present

2020-10-10 11:00:31 - [MESSAGE][PASSED] - Keys '50/50' sent to object: 'Object Repository/FDR-Receipt/FDR-Receipt-DistributionLine/FDR-AddEdit-DistributionLine/fund_Ratio'

2020-10-10 11:00:32 - [MESSAGE][PASSED] - Keys 'DOWN + ENTER + ' sent to object: 'Object Repository/FDR-Receipt/FDR-Receipt-DistributionLine/FDR-AddEdit-DistributionLine/fund_Ratio'

2020-10-10 11:00:32 - [MESSAGE][PASSED] - Object 'Object Repository/FDR-Receipt/FDR-Receipt-DistributionLine/FDR-AddEdit-DistributionLine/non_Federalfund' is present

2020-10-10 11:00:33 - [MESSAGE][PASSED] - Keys '3158' sent to object: 'Object Repository/FDR-Receipt/FDR-Receipt-DistributionLine/FDR-AddEdit-DistributionLine/non_Federalfund'

2020-10-10 11:00:33 - [MESSAGE][PASSED] - Keys 'DOWN + ENTER + ' sent to object: 'Object Repository/FDR-Receipt/FDR-Receipt-DistributionLine/FDR-AddEdit-DistributionLine/non_Federalfund'

2020-10-10 11:00:34 - [MESSAGE][PASSED] - Object 'Object Repository/FDR-Receipt/FDR-Receipt-DistributionLine/FDR-AddEdit-DistributionLine/inputAccountId' is present

2020-10-10 11:00:34 - [MESSAGE][PASSED] - Keys '5432000' sent to object: 'Object Repository/FDR-Receipt/FDR-Receipt-DistributionLine/FDR-AddEdit-DistributionLine/inputAccountId'

2020-10-10 11:00:35 - [MESSAGE][PASSED] - Keys 'DOWN + ENTER + ' sent to object: 'Object Repository/FDR-Receipt/FDR-Receipt-DistributionLine/FDR-AddEdit-DistributionLine/inputAccountId'

2020-10-10 11:00:35 - [MESSAGE][PASSED] - Object 'Object Repository/FDR-Receipt/FDR-Receipt-DistributionLine/FDR-AddEdit-DistributionLine/inputAltAccountId' is present

2020-10-10 11:00:35 - [MESSAGE][PASSED] - Keys '5432000018' sent to object: 'Object Repository/FDR-Receipt/FDR-Receipt-DistributionLine/FDR-AddEdit-DistributionLine/inputAltAccountId'

2020-10-10 11:00:36 - [MESSAGE][PASSED] - Keys 'DOWN + ENTER + ' sent to object: 'Object Repository/FDR-Receipt/FDR-Receipt-DistributionLine/FDR-AddEdit-DistributionLine/inputAltAccountId'

2020-10-10 11:00:37 - [MESSAGE][PASSED] - Object 'Object Repository/FDR-Receipt/FDR-Receipt-DistributionLine/FDR-AddEdit-DistributionLine/Index' is present

2020-10-10 11:00:37 - [MESSAGE][PASSED] - Keys 'OMC' sent to object: 'Object Repository/FDR-Receipt/FDR-Receipt-DistributionLine/FDR-AddEdit-DistributionLine/Index'

2020-10-10 11:00:37 - [MESSAGE][PASSED] - Keys 'DOWN + ENTER + ' sent to object: 'Object Repository/FDR-Receipt/FDR-Receipt-DistributionLine/FDR-AddEdit-DistributionLine/Index'

2020-10-10 11:00:38 - [MESSAGE][PASSED] - Object 'Object Repository/FDR-Receipt/FDR-Receipt-DistributionLine/FDR-AddEdit-DistributionLine/program_Type' is present

2020-10-10 11:00:38 - [MESSAGE][PASSED] - Keys 'Medical Assistance (MA)' sent to object: 'Object Repository/FDR-Receipt/FDR-Receipt-DistributionLine/FDR-AddEdit-DistributionLine/program_Type'

2020-10-10 11:00:38 - [MESSAGE][PASSED] - Keys 'DOWN + ENTER + ' sent to object: 'Object Repository/FDR-Receipt/FDR-Receipt-DistributionLine/FDR-AddEdit-DistributionLine/program_Type'

2020-10-10 11:00:39 - [MESSAGE][PASSED] - Object 'Object Repository/FDR-Receipt/FDR-Receipt-DistributionLine/FDR-AddEdit-DistributionLine/service_Category' is present

2020-10-10 11:00:39 - [MESSAGE][PASSED] - Keys '18A1' sent to object: 'Object Repository/FDR-Receipt/FDR-Receipt-DistributionLine/FDR-AddEdit-DistributionLine/service_Category'

2020-10-10 11:00:40 - [MESSAGE][PASSED] - Keys 'DOWN + ENTER + ' sent to object: 'Object Repository/FDR-Receipt/FDR-Receipt-DistributionLine/FDR-AddEdit-DistributionLine/service_Category'

2020-10-10 11:00:40 - [MESSAGE][PASSED] - Object 'Object Repository/FDR-Receipt/FDR-Receipt-DistributionLine/FDR-AddEdit-DistributionLine/increaseDecreaseLine' is present

2020-10-10 11:00:41 - [MESSAGE][PASSED] - Keys '2: New (service Period is prior quarter and never been claimed)' sent to object: 'Object Repository/FDR-Receipt/FDR-Receipt-DistributionLine/FDR-AddEdit-DistributionLine/increaseDecreaseLine'

2020-10-10 11:00:41 - [MESSAGE][PASSED] - Keys 'DOWN + ENTER + ' sent to object: 'Object Repository/FDR-Receipt/FDR-Receipt-DistributionLine/FDR-AddEdit-DistributionLine/increaseDecreaseLine'

2020-10-10 11:00:42 - [MESSAGE][PASSED] - Object 'Object Repository/FDR-Receipt/FDR-Receipt-DistributionLine/FDR-AddEdit-DistributionLine/button_SaveClose' is present

2020-10-10 11:00:42 - [MESSAGE][PASSED] - Object 'Object Repository/FDR-Receipt/FDR-Receipt-DistributionLine/FDR-AddEdit-DistributionLine/button_SaveClose' is clickable

2020-10-10 11:00:42 - [MESSAGE][PASSED] - Object: 'Object Repository/FDR-Receipt/FDR-Receipt-DistributionLine/FDR-AddEdit-DistributionLine/button_SaveClose' is clicked on

2020-10-10 11:00:47 - [MESSAGE][PASSED] - Delayed 5 second(s)

2020-10-10 11:00:48 - [MESSAGE][PASSED] - Object 'Object Repository/FDR-Receipt/FDR-Receipt-DistributionLine/FDR-AddEdit-DistributionLine/arrow_Down' is clickable

2020-10-10 11:00:53 - [MESSAGE][PASSED] - Delayed 5 second(s)

2020-10-10 11:00:53 - [MESSAGE][PASSED] - Object: 'Object Repository/FDR-Receipt/FDR-Receipt-DistributionLine/FDR-AddEdit-DistributionLine/arrow_Down' is clicked on

2020-10-10 11:00:53 - [TEST_STEP][PASSED] - invoiceNum = exceldata.getValue("Invoice #", i): null

2020-10-10 11:00:53 - [TEST_STEP][PASSED] - manual = exceldata.getValue("Manual?", i): null

2020-10-10 11:00:53 - [TEST_STEP][PASSED] - serviceDateTo = exceldata.getValue("Service Date ( To)", i): null

2020-10-10 11:00:53 - [TEST_STEP][PASSED] - serviceDateFrom = exceldata.getValue("Service Date ( From)", i): null

2020-10-10 11:00:53 - [TEST_STEP][PASSED] - amount = exceldata.getValue("Amount", i): null

2020-10-10 11:00:53 - [TEST_STEP][PASSED] - waiverType = exceldata.getValue("Waiver Type", i): null

2020-10-10 11:00:53 - [TEST_STEP][PASSED] - waiverName = exceldata.getValue("Waiver Name", i): null

2020-10-10 11:00:53 - [TEST_STEP][PASSED] - fundingSource = exceldata.getValue("Funding Source", i): null

2020-10-10 11:00:53 - [TEST_STEP][PASSED] - fundCode = exceldata.getValue("Fund Code", i): null

2020-10-10 11:00:53 - [TEST_STEP][PASSED] - fundRatio = exceldata.getValue("Fund Ratio", i): null

2020-10-10 11:00:53 - [TEST_STEP][PASSED] - nonFederalFund = exceldata.getValue("Non-Federal Fund", i): null

2020-10-10 11:00:53 - [TEST_STEP][PASSED] - index = exceldata.getValue("Index ", i): null

2020-10-10 11:00:53 - [TEST_STEP][PASSED] - programType = "Medical Assistance (MA)": null

2020-10-10 11:00:53 - [TEST_STEP][PASSED] - serviceCategory = exceldata.getValue("Service Category", i): null

2020-10-10 11:00:53 - [TEST_STEP][PASSED] - increaseDecreaseLine = exceldata.getValue("Increase/Decrease Line", i): null

2020-10-10 11:00:53 - [TEST_STEP][PASSED] - accountId = exceldata.getValue("Account", i): null

2020-10-10 11:00:53 - [TEST_STEP][PASSED] - altAccountId = exceldata.getValue("Alt Account", i): null

2020-10-10 11:00:53 - [TEST_STEP][PASSED] - editors.createReceiptMultipleDistributionLine(serviceDateFrom, serviceDateTo, amount, waiverType, waiverName, fundingSource, fundCode, fundRatio, nonFederalFund, index, programType, serviceCategory, increaseDecreaseLine, accountId, altAccountId, invoiceNum, manual): Object: 'Object Repository/FDR-Receipt/FDR-Receipt-DistributionLine/FDR-AddEdit-DistributionLine/arrow_Down' is clicked on

2020-10-10 11:00:58 - [MESSAGE][PASSED] - Delayed 5 second(s)

2020-10-10 11:00:58 - [MESSAGE][PASSED] - Object 'Object Repository/FDR-Receipt/FDR-Receipt-DistributionLine/FDR-AddEdit-DistributionLine/arrow_Down' is clickable

2020-10-10 11:01:03 - [MESSAGE][PASSED] - Delayed 5 second(s)

2020-10-10 11:01:04 - [MESSAGE][PASSED] - Object: 'Object Repository/FDR-Receipt/FDR-Receipt-DistributionLine/FDR-AddEdit-DistributionLine/arrow_Down' is clicked on

2020-10-10 11:01:05 - [MESSAGE][PASSED] - Object 'Object Repository/FDR-Receipt/FDR-Receipt-DistributionLine/FDR-AddEdit-DistributionLine/button_Add-Invoiceline' is present

2020-10-10 11:01:05 - [MESSAGE][PASSED] - Scroll to object 'Object Repository/FDR-Receipt/FDR-Receipt-DistributionLine/FDR-AddEdit-DistributionLine/button_Add-Invoiceline' successfully

2020-10-10 11:01:05 - [MESSAGE][PASSED] - Object 'Object Repository/FDR-Receipt/FDR-Receipt-DistributionLine/FDR-AddEdit-DistributionLine/button_Add-Invoiceline' is clickable

2020-10-10 11:01:06 - [MESSAGE][PASSED] - Object: 'Object Repository/FDR-Receipt/FDR-Receipt-DistributionLine/FDR-AddEdit-DistributionLine/button_Add-Invoiceline' is clicked on

2020-10-10 11:01:06 - [MESSAGE][PASSED] - Object 'Object Repository/FDR-Receipt/FDR-Receipt-DistributionLine/FDR-AddEdit-DistributionLine/invoice_Searchfield' is present

2020-10-10 11:01:07 - [MESSAGE][PASSED] - Keys 'MC0000012' sent to object: 'Object Repository/FDR-Receipt/FDR-Receipt-DistributionLine/FDR-AddEdit-DistributionLine/invoice_Searchfield'

2020-10-10 11:01:08 - [MESSAGE][PASSED] - Object: 'Object Repository/FDR-Receipt/FDR-Receipt-DistributionLine/FDR-AddEdit-DistributionLine/button_Add_invoicemanually' is clicked on

2020-10-10 11:01:08 - [MESSAGE][PASSED] - Object 'Object Repository/FDR-Receipt/FDR-Receipt-DistributionLine/FDR-AddEdit-DistributionLine/input_Service date (from)' is present

2020-10-10 11:01:09 - [MESSAGE][PASSED] - Keys '06/01/2020' sent to object: 'Object Repository/FDR-Receipt/FDR-Receipt-DistributionLine/FDR-AddEdit-DistributionLine/input_Service date (from)'

2020-10-10 11:01:09 - [MESSAGE][PASSED] - Object 'Object Repository/FDR-Receipt/FDR-Receipt-DistributionLine/FDR-AddEdit-DistributionLine/input_Service date (to)' is present

2020-10-10 11:01:10 - [MESSAGE][PASSED] - Keys '06/01/2020' sent to object: 'Object Repository/FDR-Receipt/FDR-Receipt-DistributionLine/FDR-AddEdit-DistributionLine/input_Service date (to)'

2020-10-10 11:01:10 - [MESSAGE][PASSED] - Object 'Object Repository/FDR-Receipt/FDR-Receipt-DistributionLine/FDR-AddEdit-DistributionLine/input_Amount' is present

2020-10-10 11:01:11 - [MESSAGE][PASSED] - Keys '35,000' sent to object: 'Object Repository/FDR-Receipt/FDR-Receipt-DistributionLine/FDR-AddEdit-DistributionLine/input_Amount'

2020-10-10 11:01:11 - [MESSAGE][PASSED] - Object 'Object Repository/FDR-Receipt/FDR-Receipt-DistributionLine/FDR-AddEdit-DistributionLine/waiver_Type' is present

2020-10-10 11:01:11 - [MESSAGE][PASSED] - Object 'Object Repository/FDR-Receipt/FDR-Receipt-DistributionLine/FDR-AddEdit-DistributionLine/waiver_Type' is present

2020-10-10 11:01:12 - [MESSAGE][PASSED] - Keys '2020' sent to object: 'Object Repository/FDR-Receipt/FDR-Receipt-DistributionLine/FDR-AddEdit-DistributionLine/waiver_Type'

2020-10-10 11:01:12 - [MESSAGE][PASSED] - Keys 'DOWN + ENTER + ' sent to object: 'Object Repository/FDR-Receipt/FDR-Receipt-DistributionLine/FDR-AddEdit-DistributionLine/waiver_Type'

2020-10-10 11:01:13 - [MESSAGE][PASSED] - Object 'Object Repository/FDR-Receipt/FDR-Receipt-DistributionLine/FDR-AddEdit-DistributionLine/waiver_Name' is present

2020-10-10 11:01:13 - [MESSAGE][PASSED] - Keys 'A-FamilyR TPM/GMC' sent to object: 'Object Repository/FDR-Receipt/FDR-Receipt-DistributionLine/FDR-AddEdit-DistributionLine/waiver_Name'

2020-10-10 11:01:14 - [MESSAGE][PASSED] - Keys 'DOWN + ENTER + ' sent to object: 'Object Repository/FDR-Receipt/FDR-Receipt-DistributionLine/FDR-AddEdit-DistributionLine/waiver_Name'

2020-10-10 11:01:14 - [MESSAGE][PASSED] - Object 'Object Repository/FDR-Receipt/FDR-Receipt-DistributionLine/FDR-AddEdit-DistributionLine/funding_Source' is present

2020-10-10 11:01:14 - [MESSAGE][PASSED] - Keys 'PCP BUMP' sent to object: 'Object Repository/FDR-Receipt/FDR-Receipt-DistributionLine/FDR-AddEdit-DistributionLine/funding_Source'

2020-10-10 11:01:15 - [MESSAGE][PASSED] - Keys 'DOWN + ENTER + ' sent to object: 'Object Repository/FDR-Receipt/FDR-Receipt-DistributionLine/FDR-AddEdit-DistributionLine/funding_Source'

2020-10-10 11:01:15 - [MESSAGE][PASSED] - Object 'Object Repository/FDR-Receipt/FDR-Receipt-DistributionLine/FDR-AddEdit-DistributionLine/fund_Code' is present

2020-10-10 11:01:16 - [MESSAGE][PASSED] - Keys 'Health Care Deposit Fund (0912)' sent to object: 'Object Repository/FDR-Receipt/FDR-Receipt-DistributionLine/FDR-AddEdit-DistributionLine/fund_Code'

2020-10-10 11:01:16 - [MESSAGE][PASSED] - Keys 'DOWN + ENTER + ' sent to object: 'Object Repository/FDR-Receipt/FDR-Receipt-DistributionLine/FDR-AddEdit-DistributionLine/fund_Code'

2020-10-10 11:01:17 - [MESSAGE][PASSED] - Object 'Object Repository/FDR-Receipt/FDR-Receipt-DistributionLine/FDR-AddEdit-DistributionLine/fund_Ratio' is present

2020-10-10 11:01:17 - [MESSAGE][PASSED] - Keys '50/50' sent to object: 'Object Repository/FDR-Receipt/FDR-Receipt-DistributionLine/FDR-AddEdit-DistributionLine/fund_Ratio'

2020-10-10 11:01:18 - [MESSAGE][PASSED] - Keys 'DOWN + ENTER + ' sent to object: 'Object Repository/FDR-Receipt/FDR-Receipt-DistributionLine/FDR-AddEdit-DistributionLine/fund_Ratio'

2020-10-10 11:01:18 - [MESSAGE][PASSED] - Object 'Object Repository/FDR-Receipt/FDR-Receipt-DistributionLine/FDR-AddEdit-DistributionLine/non_Federalfund' is present

2020-10-10 11:01:19 - [MESSAGE][PASSED] - Keys '3158' sent to object: 'Object Repository/FDR-Receipt/FDR-Receipt-DistributionLine/FDR-AddEdit-DistributionLine/non_Federalfund'

2020-10-10 11:01:20 - [MESSAGE][PASSED] - Keys 'DOWN + ENTER + ' sent to object: 'Object Repository/FDR-Receipt/FDR-Receipt-DistributionLine/FDR-AddEdit-DistributionLine/non_Federalfund'

2020-10-10 11:01:20 - [MESSAGE][PASSED] - Object 'Object Repository/FDR-Receipt/FDR-Receipt-DistributionLine/FDR-AddEdit-DistributionLine/inputAccountId' is present

2020-10-10 11:01:21 - [MESSAGE][PASSED] - Keys '5432000' sent to object: 'Object Repository/FDR-Receipt/FDR-Receipt-DistributionLine/FDR-AddEdit-DistributionLine/inputAccountId'

2020-10-10 11:01:21 - [MESSAGE][PASSED] - Keys 'DOWN + ENTER + ' sent to object: 'Object Repository/FDR-Receipt/FDR-Receipt-DistributionLine/FDR-AddEdit-DistributionLine/inputAccountId'

2020-10-10 11:01:22 - [MESSAGE][PASSED] - Object 'Object Repository/FDR-Receipt/FDR-Receipt-DistributionLine/FDR-AddEdit-DistributionLine/inputAltAccountId' is present

2020-10-10 11:01:22 - [MESSAGE][PASSED] - Keys '5432000018' sent to object: 'Object Repository/FDR-Receipt/FDR-Receipt-DistributionLine/FDR-AddEdit-DistributionLine/inputAltAccountId'

2020-10-10 11:01:23 - [MESSAGE][PASSED] - Keys 'DOWN + ENTER + ' sent to object: 'Object Repository/FDR-Receipt/FDR-Receipt-DistributionLine/FDR-AddEdit-DistributionLine/inputAltAccountId'

2020-10-10 11:01:23 - [MESSAGE][PASSED] - Object 'Object Repository/FDR-Receipt/FDR-Receipt-DistributionLine/FDR-AddEdit-DistributionLine/Index' is present

2020-10-10 11:01:23 - [MESSAGE][PASSED] - Keys 'OMC' sent to object: 'Object Repository/FDR-Receipt/FDR-Receipt-DistributionLine/FDR-AddEdit-DistributionLine/Index'

2020-10-10 11:01:24 - [MESSAGE][PASSED] - Keys 'DOWN + ENTER + ' sent to object: 'Object Repository/FDR-Receipt/FDR-Receipt-DistributionLine/FDR-AddEdit-DistributionLine/Index'

2020-10-10 11:01:24 - [MESSAGE][PASSED] - Object 'Object Repository/FDR-Receipt/FDR-Receipt-DistributionLine/FDR-AddEdit-DistributionLine/program_Type' is present

2020-10-10 11:01:25 - [MESSAGE][PASSED] - Keys 'Medical Assistance (MA)' sent to object: 'Object Repository/FDR-Receipt/FDR-Receipt-DistributionLine/FDR-AddEdit-DistributionLine/program_Type'

2020-10-10 11:01:25 - [MESSAGE][PASSED] - Keys 'DOWN + ENTER + ' sent to object: 'Object Repository/FDR-Receipt/FDR-Receipt-DistributionLine/FDR-AddEdit-DistributionLine/program_Type'

2020-10-10 11:01:26 - [MESSAGE][PASSED] - Object 'Object Repository/FDR-Receipt/FDR-Receipt-DistributionLine/FDR-AddEdit-DistributionLine/service_Category' is present

2020-10-10 11:01:26 - [MESSAGE][PASSED] - Keys '18A1' sent to object: 'Object Repository/FDR-Receipt/FDR-Receipt-DistributionLine/FDR-AddEdit-DistributionLine/service_Category'

2020-10-10 11:01:27 - [MESSAGE][PASSED] - Keys 'DOWN + ENTER + ' sent to object: 'Object Repository/FDR-Receipt/FDR-Receipt-DistributionLine/FDR-AddEdit-DistributionLine/service_Category'

2020-10-10 11:01:27 - [MESSAGE][PASSED] - Object 'Object Repository/FDR-Receipt/FDR-Receipt-DistributionLine/FDR-AddEdit-DistributionLine/increaseDecreaseLine' is present

2020-10-10 11:01:28 - [MESSAGE][PASSED] - Keys '2: New (service Period is prior quarter and never been claimed)' sent to object: 'Object Repository/FDR-Receipt/FDR-Receipt-DistributionLine/FDR-AddEdit-DistributionLine/increaseDecreaseLine'

2020-10-10 11:01:28 - [MESSAGE][PASSED] - Keys 'DOWN + ENTER + ' sent to object: 'Object Repository/FDR-Receipt/FDR-Receipt-DistributionLine/FDR-AddEdit-DistributionLine/increaseDecreaseLine'

2020-10-10 11:01:29 - [MESSAGE][PASSED] - Object 'Object Repository/FDR-Receipt/FDR-Receipt-DistributionLine/FDR-AddEdit-DistributionLine/button_SaveClose' is present

2020-10-10 11:01:29 - [MESSAGE][PASSED] - Object 'Object Repository/FDR-Receipt/FDR-Receipt-DistributionLine/FDR-AddEdit-DistributionLine/button_SaveClose' is clickable

2020-10-10 11:01:29 - [MESSAGE][PASSED] - Object: 'Object Repository/FDR-Receipt/FDR-Receipt-DistributionLine/FDR-AddEdit-DistributionLine/button_SaveClose' is clicked on

2020-10-10 11:01:34 - [MESSAGE][PASSED] - Delayed 5 second(s)

2020-10-10 11:01:35 - [MESSAGE][PASSED] - Object 'Object Repository/FDR-Receipt/FDR-Receipt-DistributionLine/FDR-AddEdit-DistributionLine/arrow_Down' is clickable

2020-10-10 11:01:40 - [MESSAGE][PASSED] - Delayed 5 second(s)

2020-10-10 11:01:40 - [MESSAGE][PASSED] - Object: 'Object Repository/FDR-Receipt/FDR-Receipt-DistributionLine/FDR-AddEdit-DistributionLine/arrow_Down' is clicked on

2020-10-10 11:01:40 - [TEST_STEP][PASSED] - waitForElementPresent(findTestObject("FDR-Receipt/FDR-ReceiptBatch/Fix/reviewButton"), 5): Object 'Object Repository/FDR-Receipt/FDR-ReceiptBatch/Fix/reviewButton' is present

2020-10-10 11:01:41 - [MESSAGE][PASSED] - Object 'Object Repository/FDR-Receipt/FDR-ReceiptBatch/Fix/reviewButton' is present

2020-10-10 11:01:41 - [TEST_STEP][PASSED] - click(findTestObject("FDR-Receipt/FDR-ReceiptBatch/Fix/reviewButton")): Object: 'Object Repository/FDR-Receipt/FDR-ReceiptBatch/Fix/reviewButton' is clicked on

2020-10-10 11:01:41 - [MESSAGE][PASSED] - Object: 'Object Repository/FDR-Receipt/FDR-ReceiptBatch/Fix/reviewButton' is clicked on

2020-10-10 11:01:41 - [TEST_STEP][PASSED] - waitForElementPresent(findTestObject("FDR-Receipt/FDR-ReceiptBatch/Review-Receipt/previewTROthers"), 2, STOP_ON_FAILURE): Object 'Object Repository/FDR-Receipt/FDR-ReceiptBatch/Review-Receipt/previewTROthers' is present

2020-10-10 11:01:42 - [MESSAGE][PASSED] - Object 'Object Repository/FDR-Receipt/FDR-ReceiptBatch/Review-Receipt/previewTROthers' is present

2020-10-10 11:01:42 - [TEST_STEP][PASSED] - click(findTestObject("FDR-Receipt/FDR-ReceiptBatch/Review-Receipt/previewTROthers")): Object: 'Object Repository/FDR-Receipt/FDR-ReceiptBatch/Review-Receipt/previewTROthers' is clicked on

2020-10-10 11:01:42 - [MESSAGE][PASSED] - Object: 'Object Repository/FDR-Receipt/FDR-ReceiptBatch/Review-Receipt/previewTROthers' is clicked on

2020-10-10 11:01:42 - [TEST_STEP][PASSED] - waitForElementPresent(findTestObject("FDR-Receipt/FDR-ReceiptBatch/Review-Receipt/closePreview"), 2): Object 'Object Repository/FDR-Receipt/FDR-ReceiptBatch/Review-Receipt/closePreview' is present

2020-10-10 11:01:43 - [MESSAGE][PASSED] - Object 'Object Repository/FDR-Receipt/FDR-ReceiptBatch/Review-Receipt/closePreview' is present

2020-10-10 11:01:43 - [TEST_STEP][PASSED] - click(findTestObject("FDR-Receipt/FDR-ReceiptBatch/Review-Receipt/closePreview")): Object: 'Object Repository/FDR-Receipt/FDR-ReceiptBatch/Review-Receipt/closePreview' is clicked on

2020-10-10 11:01:43 - [MESSAGE][PASSED] - Object: 'Object Repository/FDR-Receipt/FDR-ReceiptBatch/Review-Receipt/closePreview' is clicked on

2020-10-10 11:01:43 - [TEST_STEP][PASSED] - waitForElementPresent(findTestObject("FDR-Receipt/FDR-ReceiptBatch/Review-Receipt/previewTRHQAF"), 2, STOP_ON_FAILURE): Object 'Object Repository/FDR-Receipt/FDR-ReceiptBatch/Review-Receipt/previewTRHQAF' is present

2020-10-10 11:01:44 - [MESSAGE][PASSED] - Object 'Object Repository/FDR-Receipt/FDR-ReceiptBatch/Review-Receipt/previewTRHQAF' is present

2020-10-10 11:01:44 - [TEST_STEP][PASSED] - click(findTestObject("FDR-Receipt/FDR-ReceiptBatch/Review-Receipt/previewTRHQAF")): Object: 'Object Repository/FDR-Receipt/FDR-ReceiptBatch/Review-Receipt/previewTRHQAF' is clicked on

2020-10-10 11:01:44 - [MESSAGE][PASSED] - Object: 'Object Repository/FDR-Receipt/FDR-ReceiptBatch/Review-Receipt/previewTRHQAF' is clicked on

2020-10-10 11:01:44 - [TEST_STEP][PASSED] - waitForElementPresent(findTestObject("FDR-Receipt/FDR-ReceiptBatch/Review-Receipt/closePreview"), 2): Object 'Object Repository/FDR-Receipt/FDR-ReceiptBatch/Review-Receipt/closePreview' is present

2020-10-10 11:01:45 - [MESSAGE][PASSED] - Object 'Object Repository/FDR-Receipt/FDR-ReceiptBatch/Review-Receipt/closePreview' is present

2020-10-10 11:01:45 - [TEST_STEP][PASSED] - click(findTestObject("FDR-Receipt/FDR-ReceiptBatch/Review-Receipt/closePreview")): Object: 'Object Repository/FDR-Receipt/FDR-ReceiptBatch/Review-Receipt/closePreview' is clicked on

2020-10-10 11:01:45 - [MESSAGE][PASSED] - Object: 'Object Repository/FDR-Receipt/FDR-ReceiptBatch/Review-Receipt/closePreview' is clicked on

2020-10-10 11:01:45 - [TEST_STEP][PASSED] - waitForElementPresent(findTestObject("FDR-Receipt/FDR-ReceiptBatch/Review-Receipt/previewTRHHP"), 2, STOP_ON_FAILURE): Object 'Object Repository/FDR-Receipt/FDR-ReceiptBatch/Review-Receipt/previewTRHHP' is present

2020-10-10 11:01:46 - [MESSAGE][PASSED] - Object 'Object Repository/FDR-Receipt/FDR-ReceiptBatch/Review-Receipt/previewTRHHP' is present

2020-10-10 11:01:46 - [TEST_STEP][PASSED] - click(findTestObject("FDR-Receipt/FDR-ReceiptBatch/Review-Receipt/previewTRHHP")): Object: 'Object Repository/FDR-Receipt/FDR-ReceiptBatch/Review-Receipt/previewTRHHP' is clicked on

2020-10-10 11:01:46 - [MESSAGE][PASSED] - Object: 'Object Repository/FDR-Receipt/FDR-ReceiptBatch/Review-Receipt/previewTRHHP' is clicked on

2020-10-10 11:01:46 - [TEST_STEP][PASSED] - waitForElementPresent(findTestObject("FDR-Receipt/FDR-ReceiptBatch/Review-Receipt/closePreview"), 2): Object 'Object Repository/FDR-Receipt/FDR-ReceiptBatch/Review-Receipt/closePreview' is present

2020-10-10 11:01:46 - [MESSAGE][PASSED] - Object 'Object Repository/FDR-Receipt/FDR-ReceiptBatch/Review-Receipt/closePreview' is present

2020-10-10 11:01:46 - [TEST_STEP][PASSED] - click(findTestObject("FDR-Receipt/FDR-ReceiptBatch/Review-Receipt/closePreview")): Object: 'Object Repository/FDR-Receipt/FDR-ReceiptBatch/Review-Receipt/closePreview' is clicked on

2020-10-10 11:01:47 - [MESSAGE][PASSED] - Object: 'Object Repository/FDR-Receipt/FDR-ReceiptBatch/Review-Receipt/closePreview' is clicked on

2020-10-10 11:01:47 - [TEST_STEP][PASSED] - waitForElementPresent(findTestObject("Object Repository/FDR-Receipt/FDR-ReceiptBatch/Review-Receipt/previewTRForReceipts"), 2): Object 'Object Repository/FDR-Receipt/FDR-ReceiptBatch/Review-Receipt/previewTRForReceipts' is present

2020-10-10 11:01:47 - [MESSAGE][PASSED] - Object 'Object Repository/FDR-Receipt/FDR-ReceiptBatch/Review-Receipt/previewTRForReceipts' is present

2020-10-10 11:01:47 - [TEST_STEP][PASSED] - click(findTestObject("Object Repository/FDR-Receipt/FDR-ReceiptBatch/Review-Receipt/previewTRForReceipts")): Object: 'Object Repository/FDR-Receipt/FDR-ReceiptBatch/Review-Receipt/previewTRForReceipts' is clicked on

2020-10-10 11:01:48 - [MESSAGE][PASSED] - Object: 'Object Repository/FDR-Receipt/FDR-ReceiptBatch/Review-Receipt/previewTRForReceipts' is clicked on

2020-10-10 11:01:48 - [TEST_STEP][PASSED] - click(findTestObject("FDR-Receipt/FDR-ReceiptBatch/Review-Receipt/closePreview")): Object: 'Object Repository/FDR-Receipt/FDR-ReceiptBatch/Review-Receipt/closePreview' is clicked on

2020-10-10 11:01:48 - [MESSAGE][PASSED] - Object: 'Object Repository/FDR-Receipt/FDR-ReceiptBatch/Review-Receipt/closePreview' is clicked on

2020-10-10 11:01:48 - [TEST_STEP][PASSED] - waitForElementPresent(findTestObject("Object Repository/FDR-Receipt/FDR-ReceiptBatch/Review-Receipt/previewTRForHQAF"), 2): Object 'Object Repository/FDR-Receipt/FDR-ReceiptBatch/Review-Receipt/previewTRForHQAF' is present

2020-10-10 11:01:49 - [MESSAGE][PASSED] - Object 'Object Repository/FDR-Receipt/FDR-ReceiptBatch/Review-Receipt/previewTRForHQAF' is present

2020-10-10 11:01:49 - [TEST_STEP][PASSED] - click(findTestObject("Object Repository/FDR-Receipt/FDR-ReceiptBatch/Review-Receipt/previewTRForHQAF")): Object: 'Object Repository/FDR-Receipt/FDR-ReceiptBatch/Review-Receipt/previewTRForHQAF' is clicked on

2020-10-10 11:01:49 - [MESSAGE][PASSED] - Object: 'Object Repository/FDR-Receipt/FDR-ReceiptBatch/Review-Receipt/previewTRForHQAF' is clicked on

2020-10-10 11:01:49 - [TEST_STEP][PASSED] - click(findTestObject("FDR-Receipt/FDR-ReceiptBatch/Review-Receipt/closePreview")): Object: 'Object Repository/FDR-Receipt/FDR-ReceiptBatch/Review-Receipt/closePreview' is clicked on

2020-10-10 11:01:50 - [MESSAGE][PASSED] - Object: 'Object Repository/FDR-Receipt/FDR-ReceiptBatch/Review-Receipt/closePreview' is clicked on

2020-10-10 11:01:50 - [TEST_STEP][PASSED] - waitForElementPresent(findTestObject("FDR-Receipt/FDR-ReceiptBatch/Review-Receipt/button_Submitforapproval"), 2): Object 'Object Repository/FDR-Receipt/FDR-ReceiptBatch/Review-Receipt/button_Submitforapproval' is present

2020-10-10 11:01:50 - [MESSAGE][PASSED] - Object 'Object Repository/FDR-Receipt/FDR-ReceiptBatch/Review-Receipt/button_Submitforapproval' is present

2020-10-10 11:01:50 - [TEST_STEP][PASSED] - click(findTestObject("FDR-Receipt/FDR-ReceiptBatch/Review-Receipt/button_Submitforapproval")): Object: 'Object Repository/FDR-Receipt/FDR-ReceiptBatch/Review-Receipt/button_Submitforapproval' is clicked on

2020-10-10 11:01:51 - [MESSAGE][PASSED] - Object: 'Object Repository/FDR-Receipt/FDR-ReceiptBatch/Review-Receipt/button_Submitforapproval' is clicked on

2020-10-10 11:01:51 - [TEST_STEP][PASSED] - commonFunctions.selectRole("cashieringApproverRole"): Object 'Object Repository/FDR-VoucherEntry/VoucherHeader/reviewButton' is not present after 2 second(s)

2020-10-10 11:01:54 - [MESSAGE][INFO] - Unable to find the element located by 'By.xpath: //*[text()='Review']//parent::button[@data-id='action-button']'. Please recheck the objects properties to make sure the desired element is located. 

2020-10-10 11:01:54 - [MESSAGE][WARNING] - Object 'Object Repository/FDR-VoucherEntry/VoucherHeader/reviewButton' is not present after 2 second(s)

2020-10-10 11:01:54 - [MESSAGE][PASSED] - Object: 'Object Repository/FDR-SuperUser-Dashboard/userExpandButton' is clicked on

2020-10-10 11:01:57 - [MESSAGE][INFO] - Unable to find the element located by 'By.xpath: //*[text()='Review']//parent::button[@data-id='action-button']'. Please recheck the objects properties to make sure the desired element is located. 

2020-10-10 11:01:57 - [MESSAGE][WARNING] - Object 'Object Repository/FDR-VoucherEntry/VoucherHeader/reviewButton' is not present after 2 second(s)

2020-10-10 11:01:58 - [MESSAGE][PASSED] - Object: 'Object Repository/FDR-SuperUser-Dashboard/cashieringApproverRole' is clicked on

2020-10-10 11:02:01 - [MESSAGE][INFO] - Unable to find the element located by 'By.xpath: //*[text()='Review']//parent::button[@data-id='action-button']'. Please recheck the objects properties to make sure the desired element is located. 

2020-10-10 11:02:01 - [MESSAGE][WARNING] - Object 'Object Repository/FDR-VoucherEntry/VoucherHeader/reviewButton' is not present after 2 second(s)

2020-10-10 11:02:01 - [TEST_STEP][PASSED] - waitForElementPresent(findTestObject("Object Repository/FDR-Receipt/FDR-Search-Receipt/searchBar"), 3): Object 'Object Repository/FDR-Receipt/FDR-Search-Receipt/searchBar' is present

2020-10-10 11:02:01 - [MESSAGE][PASSED] - Object 'Object Repository/FDR-Receipt/FDR-Search-Receipt/searchBar' is present

2020-10-10 11:02:01 - [TEST_STEP][PASSED] - click(findTestObject("Object Repository/FDR-Receipt/FDR-Search-Receipt/searchBar")): Object: 'Object Repository/FDR-Receipt/FDR-Search-Receipt/searchBar' is clicked on

2020-10-10 11:02:01 - [MESSAGE][PASSED] - Object: 'Object Repository/FDR-Receipt/FDR-Search-Receipt/searchBar' is clicked on

2020-10-10 11:02:01 - [TEST_STEP][PASSED] - setText(findTestObject("Object Repository/FDR-Receipt/FDR-Search-Receipt/searchBar"), depositId): Text '6749495' is set on object 'Object Repository/FDR-Receipt/FDR-Search-Receipt/searchBar'

2020-10-10 11:02:02 - [MESSAGE][PASSED] - Text '6749495' is set on object 'Object Repository/FDR-Receipt/FDR-Search-Receipt/searchBar'

2020-10-10 11:02:02 - [TEST_STEP][PASSED] - waitForElementPresent(findTestObject("FDR-VoucherEntry/VoucherHeader/reviewButton"), 2): Object 'Object Repository/FDR-VoucherEntry/VoucherHeader/reviewButton' is not present after 2 second(s)

2020-10-10 11:02:05 - [MESSAGE][INFO] - Unable to find the element located by 'By.xpath: //*[text()='Review']//parent::button[@data-id='action-button']'. Please recheck the objects properties to make sure the desired element is located. 

2020-10-10 11:02:05 - [MESSAGE][WARNING] - Object 'Object Repository/FDR-VoucherEntry/VoucherHeader/reviewButton' is not present after 2 second(s)

2020-10-10 11:02:05 - [TEST_STEP][PASSED] - waitForElementPresent(findTestObject("Object Repository/FDR-Receipt/FDR-EndToEnd-Regression/validateBtn"), 4): Object 'Object Repository/FDR-Receipt/FDR-EndToEnd-Regression/validateBtn' is present

2020-10-10 11:02:06 - [MESSAGE][PASSED] - Object 'Object Repository/FDR-Receipt/FDR-EndToEnd-Regression/validateBtn' is present

2020-10-10 11:02:06 - [TEST_STEP][PASSED] - click(findTestObject("Object Repository/FDR-Receipt/FDR-EndToEnd-Regression/validateBtn")): Object: 'Object Repository/FDR-Receipt/FDR-EndToEnd-Regression/validateBtn' is clicked on

2020-10-10 11:02:06 - [MESSAGE][PASSED] - Object: 'Object Repository/FDR-Receipt/FDR-EndToEnd-Regression/validateBtn' is clicked on

2020-10-10 11:02:06 - [TEST_STEP][PASSED] - waitForElementPresent(findTestObject("FDR-VoucherEntry/VoucherHeader/reviewButton"), 2): Object 'Object Repository/FDR-VoucherEntry/VoucherHeader/reviewButton' is not present after 2 second(s)

2020-10-10 11:02:09 - [MESSAGE][INFO] - Unable to find the element located by 'By.xpath: //*[text()='Review']//parent::button[@data-id='action-button']'. Please recheck the objects properties to make sure the desired element is located. 

2020-10-10 11:02:09 - [MESSAGE][WARNING] - Object 'Object Repository/FDR-VoucherEntry/VoucherHeader/reviewButton' is not present after 2 second(s)

2020-10-10 11:02:09 - [TEST_STEP][PASSED] - click(findTestObject("Object Repository/FDR-Receipt/FDR-EndToEnd-Regression/approveBtn")): Object: 'Object Repository/FDR-Receipt/FDR-EndToEnd-Regression/approveBtn' is clicked on

2020-10-10 11:02:10 - [MESSAGE][PASSED] - Object: 'Object Repository/FDR-Receipt/FDR-EndToEnd-Regression/approveBtn' is clicked on

2020-10-10 11:02:10 - [TEST_STEP][PASSED] - commonFunctions.logout(): Browser is closed

2020-10-10 11:02:10 - [MESSAGE][PASSED] - Browser is closed

2020-10-10 11:02:10 - [TEST_STEP][PASSED] - Start listener action : sampleAfterTestCase: null

2020-10-10 11:02:10 - [TEST_STEP][PASSED] - profileName = getExecutionProfile(): null

2020-10-10 11:02:10 - [TEST_STEP][PASSED] - switch (profileName): null

2020-10-10 11:02:10 - [TEST_STEP][PASSED] - case "superUser":: null

2020-10-10 11:02:10 - [TEST_STEP][PASSED] - return null: null

2020-10-10 11:02:10 - [TEST_STEP][PASSED] - Start listener action : afterTestCase: null

2020-10-10 11:02:10 - [TEST_STEP][PASSED] - profileName = getExecutionProfile(): null

2020-10-10 11:02:10 - [TEST_STEP][PASSED] - if (profileName.equalsIgnoreCase("SysAdmin")): null

2020-10-10 11:02:10 - [TEST_STEP][PASSED] - Start listener action : sampleAfterTestCase: null

2020-10-10 11:02:10 - [TEST_STEP][PASSED] - profileName = getExecutionProfile(): null

2020-10-10 11:02:10 - [TEST_STEP][PASSED] - switch (profileName): null

2020-10-10 11:02:10 - [TEST_STEP][PASSED] - Default: null

2020-10-10 11:02:10 - [TEST_STEP][PASSED] - return null: null

2020-10-10 11:02:10 - [TEST_STEP][PASSED] - Start listener action : addFailedTCToList: null]]></system-out>
         <system-err><![CDATA[]]></system-err>
      </testcase>
      <testcase name="Test Cases/FDR_E2E-REGRESSION-TESTS/TC_2-FDR-E2E-VOUCHER-REJECT" time="360.607" classname="Test Cases/FDR_E2E-REGRESSION-TESTS/TC_2-FDR-E2E-VOUCHER-REJECT" status="PASSED">
         <system-out><![CDATA[2020-10-10 11:02:10 - [TEST_CASE][PASSED] - Test Cases/FDR_E2E-REGRESSION-TESTS/TC_2-FDR-E2E-VOUCHER-REJECT: Test Cases/FDR_E2E-REGRESSION-TESTS/TC_2-FDR-E2E-VOUCHER-REJECT

2020-10-10 11:02:10 - [TEST_STEP][PASSED] - Start listener action : sampleBeforeTestCase: null

2020-10-10 11:02:10 - [TEST_STEP][PASSED] - profileName = getExecutionProfile(): null

2020-10-10 11:02:10 - [TEST_STEP][PASSED] - switch (profileName): null

2020-10-10 11:02:10 - [TEST_STEP][PASSED] - case "superUser":: null

2020-10-10 11:02:10 - [TEST_STEP][PASSED] - return null: null

2020-10-10 11:02:10 - [TEST_STEP][PASSED] - Start listener action : beforeTestCase: null

2020-10-10 11:02:10 - [TEST_STEP][PASSED] - profileName = getExecutionProfile(): null

2020-10-10 11:02:10 - [TEST_STEP][PASSED] - if (profileName.equalsIgnoreCase("SysAdmin")): null

2020-10-10 11:02:10 - [TEST_STEP][PASSED] - Start listener action : sampleBeforeTestCase: null

2020-10-10 11:02:10 - [TEST_STEP][PASSED] - profileName = getExecutionProfile(): null

2020-10-10 11:02:10 - [TEST_STEP][PASSED] - testCaseId = testCaseContext.getTestCaseId(): null

2020-10-10 11:02:10 - [TEST_STEP][PASSED] - switch (profileName): null

2020-10-10 11:02:10 - [TEST_STEP][PASSED] - Default: null

2020-10-10 11:02:10 - [TEST_STEP][PASSED] - return null: null

2020-10-10 11:02:10 - [TEST_STEP][PASSED] - Start listener action : executeRows: null

2020-10-10 11:02:10 - [TEST_STEP][PASSED] - Datasheet = findTestData("FDR_E2E-REGRESSION-TESTS-DATA/FDR-E2E-FDR-VOUCHER-APPROVAL-DATA"): null

2020-10-10 11:02:10 - [TEST_STEP][PASSED] - commonFunctions.login(superUserAccnt, superUserPwd): Object: 'Object Repository/FDR-SignIn/SignInButton' is clicked on

2020-10-10 11:02:10 - [MESSAGE][INFO] - Starting 'Chrome' driver

2020-10-10 11:02:10 - [MESSAGE][INFO] - Action delay is set to 0 milliseconds

2020-10-10 11:02:14 - [MESSAGE][PASSED] - Browser is opened with url: 'https://fdr-katalon.cammis-mod-dev.dhcs.ca.gov'

2020-10-10 11:02:17 - [MESSAGE][PASSED] - Current window maximized

2020-10-10 11:02:17 - [MESSAGE][PASSED] - Object 'Object Repository/FDR-SignIn/SignInEmail' is present

2020-10-10 11:02:17 - [MESSAGE][PASSED] - Object: 'Object Repository/FDR-SignIn/SignInEmail' is clicked on

2020-10-10 11:02:17 - [MESSAGE][PASSED] - Object 'Object Repository/FDR-SignIn/SignInEmail' is present

2020-10-10 11:02:18 - [MESSAGE][PASSED] - Text 'fdr.test11@dhcs.ca.gov' is set on object 'Object Repository/FDR-SignIn/SignInEmail'

2020-10-10 11:02:18 - [MESSAGE][PASSED] - Object 'Object Repository/FDR-SignIn/SignInEmailNext' is visible

2020-10-10 11:02:19 - [MESSAGE][PASSED] - Object: 'Object Repository/FDR-SignIn/SignInEmailNext' is clicked on

2020-10-10 11:02:26 - [MESSAGE][PASSED] - Object 'Object Repository/FDR-SignIn/SignInEmailPassword' is visible

2020-10-10 11:02:26 - [MESSAGE][PASSED] - Object: 'Object Repository/FDR-SignIn/SignInEmailPassword' is clicked on

2020-10-10 11:02:27 - [MESSAGE][PASSED] - Text ****** has been set on object 'Object Repository/FDR-SignIn/SignInEmailPassword'

2020-10-10 11:02:29 - [MESSAGE][PASSED] - Object: 'Object Repository/FDR-SignIn/SignInButton' is clicked on

2020-10-10 11:02:29 - [TEST_STEP][PASSED] - commonFunctions.selectRole("accountsPayableProcessor"): Object 'Object Repository/FDR-VoucherEntry/VoucherHeader/reviewButton' is not present after 2 second(s)

2020-10-10 11:02:32 - [MESSAGE][INFO] - Unable to find the element located by 'By.xpath: //*[text()='Review']//parent::button[@data-id='action-button']'. Please recheck the objects properties to make sure the desired element is located. 

2020-10-10 11:02:32 - [MESSAGE][WARNING] - Object 'Object Repository/FDR-VoucherEntry/VoucherHeader/reviewButton' is not present after 2 second(s)

2020-10-10 11:02:32 - [MESSAGE][PASSED] - Object: 'Object Repository/FDR-SuperUser-Dashboard/userExpandButton' is clicked on

2020-10-10 11:02:35 - [MESSAGE][INFO] - Unable to find the element located by 'By.xpath: //*[text()='Review']//parent::button[@data-id='action-button']'. Please recheck the objects properties to make sure the desired element is located. 

2020-10-10 11:02:35 - [MESSAGE][WARNING] - Object 'Object Repository/FDR-VoucherEntry/VoucherHeader/reviewButton' is not present after 2 second(s)

2020-10-10 11:02:36 - [MESSAGE][PASSED] - Object: 'Object Repository/FDR-SuperUser-Dashboard/accountsPayableProcessor' is clicked on

2020-10-10 11:02:39 - [MESSAGE][INFO] - Unable to find the element located by 'By.xpath: //*[text()='Review']//parent::button[@data-id='action-button']'. Please recheck the objects properties to make sure the desired element is located. 

2020-10-10 11:02:39 - [MESSAGE][WARNING] - Object 'Object Repository/FDR-VoucherEntry/VoucherHeader/reviewButton' is not present after 2 second(s)

2020-10-10 11:02:39 - [TEST_STEP][PASSED] - click(findTestObject("FDR-Dashboard/createNewVoucherButton")): Object: 'Object Repository/FDR-Dashboard/createNewVoucherButton' is clicked on

2020-10-10 11:02:39 - [MESSAGE][PASSED] - Object: 'Object Repository/FDR-Dashboard/createNewVoucherButton' is clicked on

2020-10-10 11:02:39 - [TEST_STEP][PASSED] - ChangeDrawDate.DrawDate(): Object: 'Object Repository/FDR-VoucherEntry/VoucherEntryObjects/AvaliableDate' is clicked on

2020-10-10 11:02:40 - [MESSAGE][PASSED] - Object: 'Object Repository/FDR-VoucherEntry/VoucherEntryObjects/DateImage' is clicked on

2020-10-10 11:02:41 - [MESSAGE][PASSED] - Object 'Object Repository/FDR-VoucherEntry/VoucherEntryObjects/AvaliableDate' is present

2020-10-10 11:02:41 - [MESSAGE][PASSED] - Object: 'Object Repository/FDR-VoucherEntry/VoucherEntryObjects/AvaliableDate' is clicked on

2020-10-10 11:02:41 - [TEST_STEP][PASSED] - waitForElementVisible(findTestObject("FDR-VoucherEntry/Voucher/programType"), 10): Object 'Object Repository/FDR-VoucherEntry/Voucher/programType' is visible

2020-10-10 11:02:42 - [MESSAGE][PASSED] - Object 'Object Repository/FDR-VoucherEntry/Voucher/programType' is visible

2020-10-10 11:02:42 - [TEST_STEP][PASSED] - click(findTestObject("FDR-VoucherEntry/Voucher/programType")): Object: 'Object Repository/FDR-VoucherEntry/Voucher/programType' is clicked on

2020-10-10 11:02:42 - [MESSAGE][PASSED] - Object: 'Object Repository/FDR-VoucherEntry/Voucher/programType' is clicked on

2020-10-10 11:02:42 - [TEST_STEP][PASSED] - sendKeys(findTestObject("FDR-VoucherEntry/Voucher/programType"), Datasheet.getValue("programType", 1)): Keys 'Medical Assistance (MA)' sent to object: 'Object Repository/FDR-VoucherEntry/Voucher/programType'

2020-10-10 11:02:43 - [MESSAGE][PASSED] - Keys 'Medical Assistance (MA)' sent to object: 'Object Repository/FDR-VoucherEntry/Voucher/programType'

2020-10-10 11:02:43 - [TEST_STEP][PASSED] - waitForElementPresent(findTestObject("FDR-VoucherEntry/Voucher/programType"), 5): Object 'Object Repository/FDR-VoucherEntry/Voucher/programType' is present

2020-10-10 11:02:43 - [MESSAGE][PASSED] - Object 'Object Repository/FDR-VoucherEntry/Voucher/programType' is present

2020-10-10 11:02:43 - [TEST_STEP][PASSED] - sendKeys(findTestObject("FDR-VoucherEntry/Voucher/programType"), Keys.chord(DOWN, ENTER)): Keys 'DOWN + ENTER + ' sent to object: 'Object Repository/FDR-VoucherEntry/Voucher/programType'

2020-10-10 11:02:44 - [MESSAGE][PASSED] - Keys 'DOWN + ENTER + ' sent to object: 'Object Repository/FDR-VoucherEntry/Voucher/programType'

2020-10-10 11:02:44 - [TEST_STEP][PASSED] - waitForElementVisible(findTestObject("FDR-VoucherEntry/Voucher/invoiceType"), 2): Object 'Object Repository/FDR-VoucherEntry/Voucher/invoiceType' is visible

2020-10-10 11:02:44 - [MESSAGE][PASSED] - Object 'Object Repository/FDR-VoucherEntry/Voucher/invoiceType' is visible

2020-10-10 11:02:44 - [TEST_STEP][PASSED] - sendKeys(findTestObject("FDR-VoucherEntry/Voucher/invoiceType"), Datasheet.getValue("invoiceType", 1)): Keys 'CAP' sent to object: 'Object Repository/FDR-VoucherEntry/Voucher/invoiceType'

2020-10-10 11:02:45 - [MESSAGE][PASSED] - Keys 'CAP' sent to object: 'Object Repository/FDR-VoucherEntry/Voucher/invoiceType'

2020-10-10 11:02:45 - [TEST_STEP][PASSED] - sendKeys(findTestObject("FDR-VoucherEntry/Voucher/invoiceType"), Keys.chord(DOWN, ENTER)): Keys 'DOWN + ENTER + ' sent to object: 'Object Repository/FDR-VoucherEntry/Voucher/invoiceType'

2020-10-10 11:02:45 - [MESSAGE][PASSED] - Keys 'DOWN + ENTER + ' sent to object: 'Object Repository/FDR-VoucherEntry/Voucher/invoiceType'

2020-10-10 11:02:45 - [TEST_STEP][PASSED] - waitForElementVisible(findTestObject("FDR-VoucherEntry/Voucher/fundcode"), 1): Object 'Object Repository/FDR-VoucherEntry/Voucher/fundcode' is visible

2020-10-10 11:02:46 - [MESSAGE][PASSED] - Object 'Object Repository/FDR-VoucherEntry/Voucher/fundcode' is visible

2020-10-10 11:02:46 - [TEST_STEP][PASSED] - sendKeys(findTestObject("FDR-VoucherEntry/Voucher/fundcode"), Datasheet.getValue("fundcode", 1)): Keys 'Health Care Deposit Fund (0912)' sent to object: 'Object Repository/FDR-VoucherEntry/Voucher/fundcode'

2020-10-10 11:02:46 - [MESSAGE][PASSED] - Keys 'Health Care Deposit Fund (0912)' sent to object: 'Object Repository/FDR-VoucherEntry/Voucher/fundcode'

2020-10-10 11:02:46 - [TEST_STEP][PASSED] - sendKeys(findTestObject("FDR-VoucherEntry/Voucher/fundcode"), Keys.chord(DOWN, ENTER)): Keys 'DOWN + ENTER + ' sent to object: 'Object Repository/FDR-VoucherEntry/Voucher/fundcode'

2020-10-10 11:02:47 - [MESSAGE][PASSED] - Keys 'DOWN + ENTER + ' sent to object: 'Object Repository/FDR-VoucherEntry/Voucher/fundcode'

2020-10-10 11:02:47 - [TEST_STEP][PASSED] - waitForElementVisible(findTestObject("FDR-VoucherEntry/Voucher/supplierID"), 1): Object 'Object Repository/FDR-VoucherEntry/Voucher/supplierID' is visible

2020-10-10 11:02:47 - [MESSAGE][PASSED] - Object 'Object Repository/FDR-VoucherEntry/Voucher/supplierID' is visible

2020-10-10 11:02:47 - [TEST_STEP][PASSED] - sendKeys(findTestObject("FDR-VoucherEntry/Voucher/supplierID"), Datasheet.getValue("supplierID", 1)): Keys '0000007954' sent to object: 'Object Repository/FDR-VoucherEntry/Voucher/supplierID'

2020-10-10 11:02:48 - [MESSAGE][PASSED] - Keys '0000007954' sent to object: 'Object Repository/FDR-VoucherEntry/Voucher/supplierID'

2020-10-10 11:02:48 - [TEST_STEP][PASSED] - sendKeys(findTestObject("FDR-VoucherEntry/Voucher/supplierID"), Keys.chord(DOWN, ENTER)): Keys 'DOWN + ENTER + ' sent to object: 'Object Repository/FDR-VoucherEntry/Voucher/supplierID'

2020-10-10 11:02:48 - [MESSAGE][PASSED] - Keys 'DOWN + ENTER + ' sent to object: 'Object Repository/FDR-VoucherEntry/Voucher/supplierID'

2020-10-10 11:02:48 - [TEST_STEP][PASSED] - click(findTestObject("FDR-VoucherEntry/Voucher/seqNum")): Object: 'Object Repository/FDR-VoucherEntry/Voucher/seqNum' is clicked on

2020-10-10 11:02:49 - [MESSAGE][PASSED] - Object: 'Object Repository/FDR-VoucherEntry/Voucher/seqNum' is clicked on

2020-10-10 11:02:49 - [TEST_STEP][PASSED] - waitForElementVisible(findTestObject("FDR-VoucherEntry/Voucher/seqNum"), 3): Object 'Object Repository/FDR-VoucherEntry/Voucher/seqNum' is visible

2020-10-10 11:02:49 - [MESSAGE][PASSED] - Object 'Object Repository/FDR-VoucherEntry/Voucher/seqNum' is visible

2020-10-10 11:02:49 - [TEST_STEP][PASSED] - sendKeys(findTestObject("FDR-VoucherEntry/Voucher/seqNum"), Keys.chord(DOWN, ENTER)): Keys 'DOWN + ENTER + ' sent to object: 'Object Repository/FDR-VoucherEntry/Voucher/seqNum'

2020-10-10 11:02:50 - [MESSAGE][PASSED] - Keys 'DOWN + ENTER + ' sent to object: 'Object Repository/FDR-VoucherEntry/Voucher/seqNum'

2020-10-10 11:02:50 - [TEST_STEP][PASSED] - waitForElementVisible(findTestObject("FDR-VoucherEntry/Voucher/seqNum"), 2): Object 'Object Repository/FDR-VoucherEntry/Voucher/seqNum' is visible

2020-10-10 11:02:50 - [MESSAGE][PASSED] - Object 'Object Repository/FDR-VoucherEntry/Voucher/seqNum' is visible

2020-10-10 11:02:50 - [TEST_STEP][PASSED] - setText(findTestObject("FDR-VoucherEntry/Voucher/seqNum"), Datasheet.getValue("seqNum", 1)): Text '01' is set on object 'Object Repository/FDR-VoucherEntry/Voucher/seqNum'

2020-10-10 11:02:51 - [MESSAGE][PASSED] - Text '01' is set on object 'Object Repository/FDR-VoucherEntry/Voucher/seqNum'

2020-10-10 11:02:51 - [TEST_STEP][PASSED] - sendKeys(findTestObject("FDR-VoucherEntry/Voucher/seqNum"), Keys.chord(DOWN, ENTER)): Keys 'DOWN + ENTER + ' sent to object: 'Object Repository/FDR-VoucherEntry/Voucher/seqNum'

2020-10-10 11:02:51 - [MESSAGE][PASSED] - Keys 'DOWN + ENTER + ' sent to object: 'Object Repository/FDR-VoucherEntry/Voucher/seqNum'

2020-10-10 11:02:51 - [TEST_STEP][PASSED] - waitForElementPresent(findTestObject("FDR-VoucherEntry/Voucher/contractNum"), 1): Object 'Object Repository/FDR-VoucherEntry/Voucher/contractNum' is present

2020-10-10 11:02:52 - [MESSAGE][PASSED] - Object 'Object Repository/FDR-VoucherEntry/Voucher/contractNum' is present

2020-10-10 11:02:52 - [TEST_STEP][PASSED] - sendKeys(findTestObject("FDR-VoucherEntry/Voucher/contractNum"), Datasheet.getValue("contractNum", 1)): Keys '07-65707' sent to object: 'Object Repository/FDR-VoucherEntry/Voucher/contractNum'

2020-10-10 11:02:52 - [MESSAGE][PASSED] - Keys '07-65707' sent to object: 'Object Repository/FDR-VoucherEntry/Voucher/contractNum'

2020-10-10 11:02:52 - [TEST_STEP][PASSED] - sendKeys(findTestObject("FDR-VoucherEntry/Voucher/contractNum"), Keys.chord(DOWN, ENTER)): Keys 'DOWN + ENTER + ' sent to object: 'Object Repository/FDR-VoucherEntry/Voucher/contractNum'

2020-10-10 11:02:53 - [MESSAGE][PASSED] - Keys 'DOWN + ENTER + ' sent to object: 'Object Repository/FDR-VoucherEntry/Voucher/contractNum'

2020-10-10 11:02:53 - [TEST_STEP][PASSED] - click(findTestObject("FDR-VoucherEntry/Voucher/vendorMessage")): Object: 'Object Repository/FDR-VoucherEntry/Voucher/vendorMessage' is clicked on

2020-10-10 11:02:53 - [MESSAGE][PASSED] - Object: 'Object Repository/FDR-VoucherEntry/Voucher/vendorMessage' is clicked on

2020-10-10 11:02:53 - [TEST_STEP][PASSED] - setText(findTestObject("Object Repository/FDR-VoucherEntry/Voucher/vendorMessage"), Datasheet.getValue("vendorMessage", 1)): Text 'TestCase ONE' is set on object 'Object Repository/FDR-VoucherEntry/Voucher/vendorMessage'

2020-10-10 11:02:54 - [MESSAGE][PASSED] - Text 'TestCase ONE' is set on object 'Object Repository/FDR-VoucherEntry/Voucher/vendorMessage'

2020-10-10 11:02:54 - [TEST_STEP][PASSED] - waitForElementPresent(findTestObject("FDR-VoucherEntry/Voucher/primaryContact"), 1): Object 'Object Repository/FDR-VoucherEntry/Voucher/primaryContact' is present

2020-10-10 11:02:55 - [MESSAGE][PASSED] - Object 'Object Repository/FDR-VoucherEntry/Voucher/primaryContact' is present

2020-10-10 11:02:55 - [TEST_STEP][PASSED] - sendKeys(findTestObject("FDR-VoucherEntry/Voucher/primaryContact"), Datasheet.getValue("primaryContact", 1)): Keys 'James Mowrer' sent to object: 'Object Repository/FDR-VoucherEntry/Voucher/primaryContact'

2020-10-10 11:02:55 - [MESSAGE][PASSED] - Keys 'James Mowrer' sent to object: 'Object Repository/FDR-VoucherEntry/Voucher/primaryContact'

2020-10-10 11:02:55 - [TEST_STEP][PASSED] - sendKeys(findTestObject("FDR-VoucherEntry/Voucher/primaryContact"), Keys.chord(DOWN, ENTER)): Keys 'DOWN + ENTER + ' sent to object: 'Object Repository/FDR-VoucherEntry/Voucher/primaryContact'

2020-10-10 11:02:56 - [MESSAGE][PASSED] - Keys 'DOWN + ENTER + ' sent to object: 'Object Repository/FDR-VoucherEntry/Voucher/primaryContact'

2020-10-10 11:02:56 - [TEST_STEP][PASSED] - waitForElementPresent(findTestObject("FDR-VoucherEntry/Voucher/secondaryContact"), 1): Object 'Object Repository/FDR-VoucherEntry/Voucher/secondaryContact' is present

2020-10-10 11:02:56 - [MESSAGE][PASSED] - Object 'Object Repository/FDR-VoucherEntry/Voucher/secondaryContact' is present

2020-10-10 11:02:56 - [TEST_STEP][PASSED] - sendKeys(findTestObject("FDR-VoucherEntry/Voucher/secondaryContact"), Datasheet.getValue("secondaryContact", 1)): Keys 'Aung Lin' sent to object: 'Object Repository/FDR-VoucherEntry/Voucher/secondaryContact'

2020-10-10 11:02:57 - [MESSAGE][PASSED] - Keys 'Aung Lin' sent to object: 'Object Repository/FDR-VoucherEntry/Voucher/secondaryContact'

2020-10-10 11:02:57 - [TEST_STEP][PASSED] - sendKeys(findTestObject("FDR-VoucherEntry/Voucher/secondaryContact"), Keys.chord(DOWN, ENTER)): Keys 'DOWN + ENTER + ' sent to object: 'Object Repository/FDR-VoucherEntry/Voucher/secondaryContact'

2020-10-10 11:02:57 - [MESSAGE][PASSED] - Keys 'DOWN + ENTER + ' sent to object: 'Object Repository/FDR-VoucherEntry/Voucher/secondaryContact'

2020-10-10 11:02:57 - [TEST_STEP][PASSED] - waitForElementPresent(findTestObject("FDR-VoucherEntry/Voucher/buttonNext"), 5): Object 'Object Repository/FDR-VoucherEntry/Voucher/buttonNext' is present

2020-10-10 11:02:58 - [MESSAGE][PASSED] - Object 'Object Repository/FDR-VoucherEntry/Voucher/buttonNext' is present

2020-10-10 11:02:58 - [TEST_STEP][PASSED] - click(findTestObject("FDR-VoucherEntry/Voucher/buttonNext")): Object: 'Object Repository/FDR-VoucherEntry/Voucher/buttonNext' is clicked on

2020-10-10 11:02:58 - [MESSAGE][PASSED] - Object: 'Object Repository/FDR-VoucherEntry/Voucher/buttonNext' is clicked on

2020-10-10 11:02:58 - [TEST_STEP][PASSED] - irandom = Random().nextInt(90000) + 10000: null

2020-10-10 11:02:58 - [TEST_STEP][PASSED] - waitForElementPresent(findTestObject("FDR-VoucherEntry/InvoiceLine/invoice"), 10): Object 'Object Repository/FDR-VoucherEntry/InvoiceLine/invoice' is not present after 10 second(s)

2020-10-10 11:03:09 - [MESSAGE][INFO] - Unable to find the element located by 'By.xpath: //*[@data-id='text-field']//input[@name='description']'. Please recheck the objects properties to make sure the desired element is located. 

2020-10-10 11:03:09 - [MESSAGE][WARNING] - Object 'Object Repository/FDR-VoucherEntry/InvoiceLine/invoice' is not present after 10 second(s)

2020-10-10 11:03:09 - [TEST_STEP][PASSED] - setText(findTestObject("FDR-VoucherEntry/InvoiceLine/invoice"), "INC-" + irandom): Text 'INC-26147' is set on object 'Object Repository/FDR-VoucherEntry/InvoiceLine/invoice'

2020-10-10 11:03:13 - [MESSAGE][PASSED] - Text 'INC-26147' is set on object 'Object Repository/FDR-VoucherEntry/InvoiceLine/invoice'

2020-10-10 11:03:13 - [TEST_STEP][PASSED] - waitForElementPresent(findTestObject("FDR-VoucherEntry/InvoiceLine/invoiceDate"), 5): Object 'Object Repository/FDR-VoucherEntry/InvoiceLine/invoiceDate' is present

2020-10-10 11:03:13 - [MESSAGE][PASSED] - Object 'Object Repository/FDR-VoucherEntry/InvoiceLine/invoiceDate' is present

2020-10-10 11:03:13 - [TEST_STEP][PASSED] - click(findTestObject("FDR-VoucherEntry/InvoiceLine/invoiceDate")): Object: 'Object Repository/FDR-VoucherEntry/InvoiceLine/invoiceDate' is clicked on

2020-10-10 11:03:13 - [MESSAGE][PASSED] - Object: 'Object Repository/FDR-VoucherEntry/InvoiceLine/invoiceDate' is clicked on

2020-10-10 11:03:13 - [TEST_STEP][PASSED] - setText(findTestObject("FDR-VoucherEntry/InvoiceLine/invoiceDate"), Datasheet.getValue("invoiceDate", 1)): Text '10/10/2020' is set on object 'Object Repository/FDR-VoucherEntry/InvoiceLine/invoiceDate'

2020-10-10 11:03:14 - [MESSAGE][PASSED] - Text '10/10/2020' is set on object 'Object Repository/FDR-VoucherEntry/InvoiceLine/invoiceDate'

2020-10-10 11:03:14 - [TEST_STEP][PASSED] - waitForElementPresent(findTestObject("FDR-VoucherEntry/InvoiceLine/originalWarrantDate"), 5): Object 'Object Repository/FDR-VoucherEntry/InvoiceLine/originalWarrantDate' is present

2020-10-10 11:03:15 - [MESSAGE][PASSED] - Object 'Object Repository/FDR-VoucherEntry/InvoiceLine/originalWarrantDate' is present

2020-10-10 11:03:15 - [TEST_STEP][PASSED] - click(findTestObject("FDR-VoucherEntry/InvoiceLine/originalWarrantDate")): Object: 'Object Repository/FDR-VoucherEntry/InvoiceLine/originalWarrantDate' is clicked on

2020-10-10 11:03:15 - [MESSAGE][PASSED] - Object: 'Object Repository/FDR-VoucherEntry/InvoiceLine/originalWarrantDate' is clicked on

2020-10-10 11:03:15 - [TEST_STEP][PASSED] - setText(findTestObject("FDR-VoucherEntry/InvoiceLine/originalWarrantDate"), Datasheet.getValue("originalWarrantDate", 1)): Text '10/10/2020' is set on object 'Object Repository/FDR-VoucherEntry/InvoiceLine/originalWarrantDate'

2020-10-10 11:03:16 - [MESSAGE][PASSED] - Text '10/10/2020' is set on object 'Object Repository/FDR-VoucherEntry/InvoiceLine/originalWarrantDate'

2020-10-10 11:03:16 - [TEST_STEP][PASSED] - click(findTestObject("FDR-VoucherEntry/InvoiceLine/addInvoiceLineButton")): Object: 'Object Repository/FDR-VoucherEntry/InvoiceLine/addInvoiceLineButton' is clicked on

2020-10-10 11:03:16 - [MESSAGE][PASSED] - Object: 'Object Repository/FDR-VoucherEntry/InvoiceLine/addInvoiceLineButton' is clicked on

2020-10-10 11:03:16 - [TEST_STEP][PASSED] - waitForElementPresent(findTestObject("FDR-Dashboard/createNewVoucherButton"), 10): Object 'Object Repository/FDR-Dashboard/createNewVoucherButton' is not present after 10 second(s)

2020-10-10 11:03:28 - [MESSAGE][INFO] - Unable to find the element located by 'By.xpath: //*[@data-id='button-link']//*[contains(text(),'Create New Voucher')]'. Please recheck the objects properties to make sure the desired element is located. 

2020-10-10 11:03:28 - [MESSAGE][WARNING] - Object 'Object Repository/FDR-Dashboard/createNewVoucherButton' is not present after 10 second(s)

2020-10-10 11:03:28 - [TEST_STEP][PASSED] - click(findTestObject("Object Repository/FDR-EditVoucher/expandicon1")): Object: 'Object Repository/FDR-EditVoucher/expandicon1' is clicked on

2020-10-10 11:03:28 - [MESSAGE][PASSED] - Object: 'Object Repository/FDR-EditVoucher/expandicon1' is clicked on

2020-10-10 11:03:28 - [TEST_STEP][PASSED] - waitForElementPresent(findTestObject("FDR-Dashboard/createNewVoucherButton"), 5): Object 'Object Repository/FDR-Dashboard/createNewVoucherButton' is not present after 5 second(s)

2020-10-10 11:03:34 - [MESSAGE][INFO] - Unable to find the element located by 'By.xpath: //*[@data-id='button-link']//*[contains(text(),'Create New Voucher')]'. Please recheck the objects properties to make sure the desired element is located. 

2020-10-10 11:03:34 - [MESSAGE][WARNING] - Object 'Object Repository/FDR-Dashboard/createNewVoucherButton' is not present after 5 second(s)

2020-10-10 11:03:34 - [TEST_STEP][PASSED] - click(findTestObject("Object Repository/FDR-VoucherEntry/InvoiceLine/invoiceAddlineButton")): Object: 'Object Repository/FDR-VoucherEntry/InvoiceLine/invoiceAddlineButton' is clicked on

2020-10-10 11:03:35 - [MESSAGE][PASSED] - Object: 'Object Repository/FDR-VoucherEntry/InvoiceLine/invoiceAddlineButton' is clicked on

2020-10-10 11:03:35 - [TEST_STEP][PASSED] - waitForElementPresent(findTestObject("FDR-Dashboard/createNewVoucherButton"), 5): Object 'Object Repository/FDR-Dashboard/createNewVoucherButton' is not present after 5 second(s)

2020-10-10 11:03:41 - [MESSAGE][INFO] - Unable to find the element located by 'By.xpath: //*[@data-id='button-link']//*[contains(text(),'Create New Voucher')]'. Please recheck the objects properties to make sure the desired element is located. 

2020-10-10 11:03:41 - [MESSAGE][WARNING] - Object 'Object Repository/FDR-Dashboard/createNewVoucherButton' is not present after 5 second(s)

2020-10-10 11:03:41 - [TEST_STEP][PASSED] - click(findTestObject("FDR-VoucherEntry/DistributionLine/serviceDateFrom")): Object: 'Object Repository/FDR-VoucherEntry/DistributionLine/serviceDateFrom' is clicked on

2020-10-10 11:03:41 - [MESSAGE][PASSED] - Object: 'Object Repository/FDR-VoucherEntry/DistributionLine/serviceDateFrom' is clicked on

2020-10-10 11:03:41 - [TEST_STEP][PASSED] - setText(findTestObject("FDR-VoucherEntry/DistributionLine/serviceDateFrom"), Datasheet.getValue("serviceDateFrom", 1)): Text '10/10/2020' is set on object 'Object Repository/FDR-VoucherEntry/DistributionLine/serviceDateFrom'

2020-10-10 11:03:42 - [MESSAGE][PASSED] - Text '10/10/2020' is set on object 'Object Repository/FDR-VoucherEntry/DistributionLine/serviceDateFrom'

2020-10-10 11:03:42 - [TEST_STEP][PASSED] - setText(findTestObject("FDR-VoucherEntry/DistributionLine/serviceDateTo"), Datasheet.getValue("serviceDateTo", 1)): Text '10/10/2020' is set on object 'Object Repository/FDR-VoucherEntry/DistributionLine/serviceDateTo'

2020-10-10 11:03:43 - [MESSAGE][PASSED] - Text '10/10/2020' is set on object 'Object Repository/FDR-VoucherEntry/DistributionLine/serviceDateTo'

2020-10-10 11:03:43 - [TEST_STEP][PASSED] - click(findTestObject("FDR-VoucherEntry/DistributionLine/amount")): Object: 'Object Repository/FDR-VoucherEntry/DistributionLine/amount' is clicked on

2020-10-10 11:03:44 - [MESSAGE][PASSED] - Object: 'Object Repository/FDR-VoucherEntry/DistributionLine/amount' is clicked on

2020-10-10 11:03:44 - [TEST_STEP][PASSED] - setText(findTestObject("FDR-VoucherEntry/DistributionLine/amount"), Datasheet.getValue("amount", 1)): Text '100000' is set on object 'Object Repository/FDR-VoucherEntry/DistributionLine/amount'

2020-10-10 11:03:45 - [MESSAGE][PASSED] - Text '100000' is set on object 'Object Repository/FDR-VoucherEntry/DistributionLine/amount'

2020-10-10 11:03:45 - [TEST_STEP][PASSED] - click(findTestObject("FDR-VoucherEntry/DistributionLine/waiverType")): Object: 'Object Repository/FDR-VoucherEntry/DistributionLine/waiverType' is clicked on

2020-10-10 11:03:45 - [MESSAGE][PASSED] - Object: 'Object Repository/FDR-VoucherEntry/DistributionLine/waiverType' is clicked on

2020-10-10 11:03:45 - [TEST_STEP][PASSED] - setText(findTestObject("FDR-VoucherEntry/DistributionLine/waiverType"), Datasheet.getValue("waiverType", 1)): Text '2020' is set on object 'Object Repository/FDR-VoucherEntry/DistributionLine/waiverType'

2020-10-10 11:03:46 - [MESSAGE][PASSED] - Text '2020' is set on object 'Object Repository/FDR-VoucherEntry/DistributionLine/waiverType'

2020-10-10 11:03:46 - [TEST_STEP][PASSED] - sendKeys(findTestObject("FDR-VoucherEntry/DistributionLine/waiverType"), Keys.chord(DOWN, ENTER)): Keys 'DOWN + ENTER + ' sent to object: 'Object Repository/FDR-VoucherEntry/DistributionLine/waiverType'

2020-10-10 11:03:46 - [MESSAGE][PASSED] - Keys 'DOWN + ENTER + ' sent to object: 'Object Repository/FDR-VoucherEntry/DistributionLine/waiverType'

2020-10-10 11:03:46 - [TEST_STEP][PASSED] - click(findTestObject("FDR-VoucherEntry/DistributionLine/waiverName")): Object: 'Object Repository/FDR-VoucherEntry/DistributionLine/waiverName' is clicked on

2020-10-10 11:03:47 - [MESSAGE][PASSED] - Object: 'Object Repository/FDR-VoucherEntry/DistributionLine/waiverName' is clicked on

2020-10-10 11:03:47 - [TEST_STEP][PASSED] - setText(findTestObject("FDR-VoucherEntry/DistributionLine/waiverName"), Datasheet.getValue("waiverName", 1)): Text 'A-FamilyU TPM/GMC' is set on object 'Object Repository/FDR-VoucherEntry/DistributionLine/waiverName'

2020-10-10 11:03:48 - [MESSAGE][PASSED] - Text 'A-FamilyU TPM/GMC' is set on object 'Object Repository/FDR-VoucherEntry/DistributionLine/waiverName'

2020-10-10 11:03:48 - [TEST_STEP][PASSED] - sendKeys(findTestObject("FDR-VoucherEntry/DistributionLine/waiverName"), Keys.chord(DOWN, ENTER)): Keys 'DOWN + ENTER + ' sent to object: 'Object Repository/FDR-VoucherEntry/DistributionLine/waiverName'

2020-10-10 11:03:49 - [MESSAGE][PASSED] - Keys 'DOWN + ENTER + ' sent to object: 'Object Repository/FDR-VoucherEntry/DistributionLine/waiverName'

2020-10-10 11:03:49 - [TEST_STEP][PASSED] - click(findTestObject("FDR-VoucherEntry/DistributionLine/fundingSource")): Object: 'Object Repository/FDR-VoucherEntry/DistributionLine/fundingSource' is clicked on

2020-10-10 11:03:49 - [MESSAGE][PASSED] - Object: 'Object Repository/FDR-VoucherEntry/DistributionLine/fundingSource' is clicked on

2020-10-10 11:03:49 - [TEST_STEP][PASSED] - setText(findTestObject("FDR-VoucherEntry/DistributionLine/fundingSource"), Datasheet.getValue("fundingSource", 1)): Text 'Dental' is set on object 'Object Repository/FDR-VoucherEntry/DistributionLine/fundingSource'

2020-10-10 11:03:50 - [MESSAGE][PASSED] - Text 'Dental' is set on object 'Object Repository/FDR-VoucherEntry/DistributionLine/fundingSource'

2020-10-10 11:03:50 - [TEST_STEP][PASSED] - sendKeys(findTestObject("FDR-VoucherEntry/DistributionLine/fundingSource"), Keys.chord(DOWN, ENTER)): Keys 'DOWN + ENTER + ' sent to object: 'Object Repository/FDR-VoucherEntry/DistributionLine/fundingSource'

2020-10-10 11:03:51 - [MESSAGE][PASSED] - Keys 'DOWN + ENTER + ' sent to object: 'Object Repository/FDR-VoucherEntry/DistributionLine/fundingSource'

2020-10-10 11:03:51 - [TEST_STEP][PASSED] - click(findTestObject("FDR-VoucherEntry/DistributionLine/fundRatio")): Object: 'Object Repository/FDR-VoucherEntry/DistributionLine/fundRatio' is clicked on

2020-10-10 11:03:51 - [MESSAGE][PASSED] - Object: 'Object Repository/FDR-VoucherEntry/DistributionLine/fundRatio' is clicked on

2020-10-10 11:03:51 - [TEST_STEP][PASSED] - setText(findTestObject("FDR-VoucherEntry/DistributionLine/fundRatio"), Datasheet.getValue("fundRatio", 1)): Text '50/50' is set on object 'Object Repository/FDR-VoucherEntry/DistributionLine/fundRatio'

2020-10-10 11:03:52 - [MESSAGE][PASSED] - Text '50/50' is set on object 'Object Repository/FDR-VoucherEntry/DistributionLine/fundRatio'

2020-10-10 11:03:52 - [TEST_STEP][PASSED] - sendKeys(findTestObject("FDR-VoucherEntry/DistributionLine/fundRatio"), Keys.chord(DOWN, ENTER)): Keys 'DOWN + ENTER + ' sent to object: 'Object Repository/FDR-VoucherEntry/DistributionLine/fundRatio'

2020-10-10 11:03:53 - [MESSAGE][PASSED] - Keys 'DOWN + ENTER + ' sent to object: 'Object Repository/FDR-VoucherEntry/DistributionLine/fundRatio'

2020-10-10 11:03:53 - [TEST_STEP][PASSED] - waitForElementPresent(findTestObject("FDR-VoucherEntry/DistributionLine/nonFederalFund"), 5): Object 'Object Repository/FDR-VoucherEntry/DistributionLine/nonFederalFund' is present

2020-10-10 11:03:53 - [MESSAGE][PASSED] - Object 'Object Repository/FDR-VoucherEntry/DistributionLine/nonFederalFund' is present

2020-10-10 11:03:53 - [TEST_STEP][PASSED] - click(findTestObject("FDR-VoucherEntry/DistributionLine/nonFederalFund")): Object: 'Object Repository/FDR-VoucherEntry/DistributionLine/nonFederalFund' is clicked on

2020-10-10 11:03:53 - [MESSAGE][PASSED] - Object: 'Object Repository/FDR-VoucherEntry/DistributionLine/nonFederalFund' is clicked on

2020-10-10 11:03:53 - [TEST_STEP][PASSED] - sendKeys(findTestObject("FDR-VoucherEntry/DistributionLine/nonFederalFund"), Datasheet.getValue("nonFederalFund", 1)): Keys '0001' sent to object: 'Object Repository/FDR-VoucherEntry/DistributionLine/nonFederalFund'

2020-10-10 11:03:54 - [MESSAGE][PASSED] - Keys '0001' sent to object: 'Object Repository/FDR-VoucherEntry/DistributionLine/nonFederalFund'

2020-10-10 11:03:54 - [TEST_STEP][PASSED] - sendKeys(findTestObject("FDR-VoucherEntry/DistributionLine/nonFederalFund"), Keys.chord(DOWN, ENTER)): Keys 'DOWN + ENTER + ' sent to object: 'Object Repository/FDR-VoucherEntry/DistributionLine/nonFederalFund'

2020-10-10 11:03:55 - [MESSAGE][PASSED] - Keys 'DOWN + ENTER + ' sent to object: 'Object Repository/FDR-VoucherEntry/DistributionLine/nonFederalFund'

2020-10-10 11:03:55 - [TEST_STEP][PASSED] - click(findTestObject("FDR-VoucherEntry/DistributionLine/account")): Object: 'Object Repository/FDR-VoucherEntry/DistributionLine/account' is clicked on

2020-10-10 11:03:55 - [MESSAGE][PASSED] - Object: 'Object Repository/FDR-VoucherEntry/DistributionLine/account' is clicked on

2020-10-10 11:03:55 - [TEST_STEP][PASSED] - sendKeys(findTestObject("FDR-VoucherEntry/DistributionLine/account"), Datasheet.getValue("account", 1)): Keys '5442000' sent to object: 'Object Repository/FDR-VoucherEntry/DistributionLine/account'

2020-10-10 11:03:56 - [MESSAGE][PASSED] - Keys '5442000' sent to object: 'Object Repository/FDR-VoucherEntry/DistributionLine/account'

2020-10-10 11:03:56 - [TEST_STEP][PASSED] - sendKeys(findTestObject("FDR-VoucherEntry/DistributionLine/account"), Keys.chord(DOWN, ENTER)): Keys 'DOWN + ENTER + ' sent to object: 'Object Repository/FDR-VoucherEntry/DistributionLine/account'

2020-10-10 11:03:56 - [MESSAGE][PASSED] - Keys 'DOWN + ENTER + ' sent to object: 'Object Repository/FDR-VoucherEntry/DistributionLine/account'

2020-10-10 11:03:56 - [TEST_STEP][PASSED] - click(findTestObject("FDR-VoucherEntry/DistributionLine/altAccount")): Object: 'Object Repository/FDR-VoucherEntry/DistributionLine/altAccount' is clicked on

2020-10-10 11:03:57 - [MESSAGE][PASSED] - Object: 'Object Repository/FDR-VoucherEntry/DistributionLine/altAccount' is clicked on

2020-10-10 11:03:57 - [TEST_STEP][PASSED] - sendKeys(findTestObject("FDR-VoucherEntry/DistributionLine/altAccount"), Datasheet.getValue("altAccount", 1)): Keys '5442000089' sent to object: 'Object Repository/FDR-VoucherEntry/DistributionLine/altAccount'

2020-10-10 11:03:57 - [MESSAGE][PASSED] - Keys '5442000089' sent to object: 'Object Repository/FDR-VoucherEntry/DistributionLine/altAccount'

2020-10-10 11:03:57 - [TEST_STEP][PASSED] - sendKeys(findTestObject("FDR-VoucherEntry/DistributionLine/altAccount"), Keys.chord(DOWN, ENTER)): Keys 'DOWN + ENTER + ' sent to object: 'Object Repository/FDR-VoucherEntry/DistributionLine/altAccount'

2020-10-10 11:03:58 - [MESSAGE][PASSED] - Keys 'DOWN + ENTER + ' sent to object: 'Object Repository/FDR-VoucherEntry/DistributionLine/altAccount'

2020-10-10 11:03:58 - [TEST_STEP][PASSED] - click(findTestObject("FDR-VoucherEntry/DistributionLine/serviceCategory")): Object: 'Object Repository/FDR-VoucherEntry/DistributionLine/serviceCategory' is clicked on

2020-10-10 11:03:58 - [MESSAGE][PASSED] - Object: 'Object Repository/FDR-VoucherEntry/DistributionLine/serviceCategory' is clicked on

2020-10-10 11:03:58 - [TEST_STEP][PASSED] - sendKeys(findTestObject("FDR-VoucherEntry/DistributionLine/serviceCategory"), Datasheet.getValue("serviceCategory", 1)): Keys '18B1' sent to object: 'Object Repository/FDR-VoucherEntry/DistributionLine/serviceCategory'

2020-10-10 11:03:59 - [MESSAGE][PASSED] - Keys '18B1' sent to object: 'Object Repository/FDR-VoucherEntry/DistributionLine/serviceCategory'

2020-10-10 11:03:59 - [TEST_STEP][PASSED] - sendKeys(findTestObject("FDR-VoucherEntry/DistributionLine/serviceCategory"), Keys.chord(DOWN, ENTER)): Keys 'DOWN + ENTER + ' sent to object: 'Object Repository/FDR-VoucherEntry/DistributionLine/serviceCategory'

2020-10-10 11:03:59 - [MESSAGE][PASSED] - Keys 'DOWN + ENTER + ' sent to object: 'Object Repository/FDR-VoucherEntry/DistributionLine/serviceCategory'

2020-10-10 11:03:59 - [TEST_STEP][PASSED] - waitForElementPresent(findTestObject("FDR-VoucherEntry/DistributionLine/incDecLine"), 5): Object 'Object Repository/FDR-VoucherEntry/DistributionLine/incDecLine' is present

2020-10-10 11:04:00 - [MESSAGE][PASSED] - Object 'Object Repository/FDR-VoucherEntry/DistributionLine/incDecLine' is present

2020-10-10 11:04:00 - [TEST_STEP][PASSED] - click(findTestObject("FDR-VoucherEntry/DistributionLine/incDecLine")): Object: 'Object Repository/FDR-VoucherEntry/DistributionLine/incDecLine' is clicked on

2020-10-10 11:04:00 - [MESSAGE][PASSED] - Object: 'Object Repository/FDR-VoucherEntry/DistributionLine/incDecLine' is clicked on

2020-10-10 11:04:00 - [TEST_STEP][PASSED] - sendKeys(findTestObject("FDR-VoucherEntry/DistributionLine/incDecLine"), Datasheet.getValue("incDecLine", 1)): Keys '1: New (service Period is current quarter and never been claimed)' sent to object: 'Object Repository/FDR-VoucherEntry/DistributionLine/incDecLine'

2020-10-10 11:04:01 - [MESSAGE][PASSED] - Keys '1: New (service Period is current quarter and never been claimed)' sent to object: 'Object Repository/FDR-VoucherEntry/DistributionLine/incDecLine'

2020-10-10 11:04:01 - [TEST_STEP][PASSED] - sendKeys(findTestObject("FDR-VoucherEntry/DistributionLine/incDecLine"), Keys.chord(DOWN, ENTER)): Keys 'DOWN + ENTER + ' sent to object: 'Object Repository/FDR-VoucherEntry/DistributionLine/incDecLine'

2020-10-10 11:04:01 - [MESSAGE][PASSED] - Keys 'DOWN + ENTER + ' sent to object: 'Object Repository/FDR-VoucherEntry/DistributionLine/incDecLine'

2020-10-10 11:04:01 - [TEST_STEP][PASSED] - click(findTestObject("FDR-VoucherEntry/DistributionLine/index")): Object: 'Object Repository/FDR-VoucherEntry/DistributionLine/index' is clicked on

2020-10-10 11:04:02 - [MESSAGE][PASSED] - Object: 'Object Repository/FDR-VoucherEntry/DistributionLine/index' is clicked on

2020-10-10 11:04:02 - [TEST_STEP][PASSED] - sendKeys(findTestObject("FDR-VoucherEntry/DistributionLine/index"), Datasheet.getValue("index", 1)): Keys '1155' sent to object: 'Object Repository/FDR-VoucherEntry/DistributionLine/index'

2020-10-10 11:04:03 - [MESSAGE][PASSED] - Keys '1155' sent to object: 'Object Repository/FDR-VoucherEntry/DistributionLine/index'

2020-10-10 11:04:03 - [TEST_STEP][PASSED] - sendKeys(findTestObject("FDR-VoucherEntry/DistributionLine/index"), Keys.chord(DOWN, ENTER)): Keys 'DOWN + ENTER + ' sent to object: 'Object Repository/FDR-VoucherEntry/DistributionLine/index'

2020-10-10 11:04:03 - [MESSAGE][PASSED] - Keys 'DOWN + ENTER + ' sent to object: 'Object Repository/FDR-VoucherEntry/DistributionLine/index'

2020-10-10 11:04:03 - [TEST_STEP][PASSED] - click(findTestObject("FDR-VoucherEntry/DistributionLine/ServiceLocation")): Object: 'Object Repository/FDR-VoucherEntry/DistributionLine/ServiceLocation' is clicked on

2020-10-10 11:04:03 - [MESSAGE][PASSED] - Object: 'Object Repository/FDR-VoucherEntry/DistributionLine/ServiceLocation' is clicked on

2020-10-10 11:04:03 - [TEST_STEP][PASSED] - sendKeys(findTestObject("FDR-VoucherEntry/DistributionLine/ServiceLocation"), Datasheet.getValue("ServiceLocation", 1)): Keys '12345' sent to object: 'Object Repository/FDR-VoucherEntry/DistributionLine/ServiceLocation'

2020-10-10 11:04:04 - [MESSAGE][PASSED] - Keys '12345' sent to object: 'Object Repository/FDR-VoucherEntry/DistributionLine/ServiceLocation'

2020-10-10 11:04:04 - [TEST_STEP][PASSED] - sendKeys(findTestObject("FDR-VoucherEntry/DistributionLine/ServiceLocation"), Keys.chord(DOWN, ENTER)): Keys 'DOWN + ENTER + ' sent to object: 'Object Repository/FDR-VoucherEntry/DistributionLine/ServiceLocation'

2020-10-10 11:04:05 - [MESSAGE][PASSED] - Keys 'DOWN + ENTER + ' sent to object: 'Object Repository/FDR-VoucherEntry/DistributionLine/ServiceLocation'

2020-10-10 11:04:05 - [TEST_STEP][PASSED] - waitForElementPresent(findTestObject("FDR-Dashboard/createNewVoucherButton"), 5): Object 'Object Repository/FDR-Dashboard/createNewVoucherButton' is not present after 5 second(s)

2020-10-10 11:04:11 - [MESSAGE][INFO] - Unable to find the element located by 'By.xpath: //*[@data-id='button-link']//*[contains(text(),'Create New Voucher')]'. Please recheck the objects properties to make sure the desired element is located. 

2020-10-10 11:04:11 - [MESSAGE][WARNING] - Object 'Object Repository/FDR-Dashboard/createNewVoucherButton' is not present after 5 second(s)

2020-10-10 11:04:11 - [TEST_STEP][PASSED] - click(findTestObject("Object Repository/FDR-VoucherEntry/DistributionLine/addSaveButton")): Object: 'Object Repository/FDR-VoucherEntry/DistributionLine/addSaveButton' is clicked on

2020-10-10 11:04:11 - [MESSAGE][PASSED] - Object: 'Object Repository/FDR-VoucherEntry/DistributionLine/addSaveButton' is clicked on

2020-10-10 11:04:11 - [TEST_STEP][PASSED] - waitForElementPresent(findTestObject("FDR-Dashboard/createNewVoucherButton"), 5): Object 'Object Repository/FDR-Dashboard/createNewVoucherButton' is not present after 5 second(s)

2020-10-10 11:04:18 - [MESSAGE][INFO] - Unable to find the element located by 'By.xpath: //*[@data-id='button-link']//*[contains(text(),'Create New Voucher')]'. Please recheck the objects properties to make sure the desired element is located. 

2020-10-10 11:04:18 - [MESSAGE][WARNING] - Object 'Object Repository/FDR-Dashboard/createNewVoucherButton' is not present after 5 second(s)

2020-10-10 11:04:18 - [TEST_STEP][PASSED] - processorVoucherNumber = getText(findTestObject("FDR-VoucherEntry/VoucherHeader/voucherNum")): Text of object 'Object Repository/FDR-VoucherEntry/VoucherHeader/voucherNum' is: 'CAP00000099'

2020-10-10 11:04:18 - [MESSAGE][PASSED] - Text of object 'Object Repository/FDR-VoucherEntry/VoucherHeader/voucherNum' is: 'CAP00000099'

2020-10-10 11:04:18 - [TEST_STEP][PASSED] - waitForElementPresent(findTestObject("FDR-VoucherEntry/VoucherHeader/reviewButton"), 10): Object 'Object Repository/FDR-VoucherEntry/VoucherHeader/reviewButton' is present

2020-10-10 11:04:18 - [MESSAGE][PASSED] - Object 'Object Repository/FDR-VoucherEntry/VoucherHeader/reviewButton' is present

2020-10-10 11:04:18 - [TEST_STEP][PASSED] - click(findTestObject("FDR-VoucherEntry/VoucherHeader/reviewButton")): Object: 'Object Repository/FDR-VoucherEntry/VoucherHeader/reviewButton' is clicked on

2020-10-10 11:04:19 - [MESSAGE][PASSED] - Object: 'Object Repository/FDR-VoucherEntry/VoucherHeader/reviewButton' is clicked on

2020-10-10 11:04:19 - [TEST_STEP][PASSED] - waitForElementPresent(findTestObject("Object Repository/FDR-Vouchers-States/Resume/submitForApproval"), 5): Object 'Object Repository/FDR-Vouchers-States/Resume/submitForApproval' is present

2020-10-10 11:04:20 - [MESSAGE][PASSED] - Object 'Object Repository/FDR-Vouchers-States/Resume/submitForApproval' is present

2020-10-10 11:04:20 - [TEST_STEP][PASSED] - click(findTestObject("Object Repository/FDR-Vouchers-States/Resume/submitForApproval")): Object: 'Object Repository/FDR-Vouchers-States/Resume/submitForApproval' is clicked on

2020-10-10 11:04:20 - [MESSAGE][PASSED] - Object: 'Object Repository/FDR-Vouchers-States/Resume/submitForApproval' is clicked on

2020-10-10 11:04:20 - [TEST_STEP][PASSED] - commonFunctions.selectRole("accountsPayableApprover"): Object 'Object Repository/FDR-VoucherEntry/VoucherHeader/reviewButton' is not present after 2 second(s)

2020-10-10 11:04:23 - [MESSAGE][INFO] - Unable to find the element located by 'By.xpath: //*[text()='Review']//parent::button[@data-id='action-button']'. Please recheck the objects properties to make sure the desired element is located. 

2020-10-10 11:04:23 - [MESSAGE][WARNING] - Object 'Object Repository/FDR-VoucherEntry/VoucherHeader/reviewButton' is not present after 2 second(s)

2020-10-10 11:04:23 - [MESSAGE][PASSED] - Object: 'Object Repository/FDR-SuperUser-Dashboard/userExpandButton' is clicked on

2020-10-10 11:04:27 - [MESSAGE][INFO] - Unable to find the element located by 'By.xpath: //*[text()='Review']//parent::button[@data-id='action-button']'. Please recheck the objects properties to make sure the desired element is located. 

2020-10-10 11:04:27 - [MESSAGE][WARNING] - Object 'Object Repository/FDR-VoucherEntry/VoucherHeader/reviewButton' is not present after 2 second(s)

2020-10-10 11:04:27 - [MESSAGE][PASSED] - Object: 'Object Repository/FDR-SuperUser-Dashboard/accountsPayableApprover' is clicked on

2020-10-10 11:04:30 - [MESSAGE][INFO] - Unable to find the element located by 'By.xpath: //*[text()='Review']//parent::button[@data-id='action-button']'. Please recheck the objects properties to make sure the desired element is located. 

2020-10-10 11:04:30 - [MESSAGE][WARNING] - Object 'Object Repository/FDR-VoucherEntry/VoucherHeader/reviewButton' is not present after 2 second(s)

2020-10-10 11:04:30 - [TEST_STEP][PASSED] - waitForElementPresent(findTestObject("FDR-Dashboard/Filters/validateFilterButton"), 5): Object 'Object Repository/FDR-Dashboard/Filters/validateFilterButton' is present

2020-10-10 11:04:30 - [MESSAGE][PASSED] - Object 'Object Repository/FDR-Dashboard/Filters/validateFilterButton' is present

2020-10-10 11:04:30 - [TEST_STEP][PASSED] - click(findTestObject("FDR-Dashboard/Filters/validateFilterButton")): Object: 'Object Repository/FDR-Dashboard/Filters/validateFilterButton' is clicked on

2020-10-10 11:04:31 - [MESSAGE][PASSED] - Object: 'Object Repository/FDR-Dashboard/Filters/validateFilterButton' is clicked on

2020-10-10 11:04:31 - [TEST_STEP][PASSED] - waitForElementPresent(findTestObject("FDR-Dashboard/Filters/validateFilterButton"), 5): Object 'Object Repository/FDR-Dashboard/Filters/validateFilterButton' is present

2020-10-10 11:04:32 - [MESSAGE][PASSED] - Object 'Object Repository/FDR-Dashboard/Filters/validateFilterButton' is present

2020-10-10 11:04:32 - [TEST_STEP][PASSED] - setText(findTestObject("FDR-Dashboard/Search/searchInputField"), processorVoucherNumber): Text 'CAP00000099' is set on object 'Object Repository/FDR-Dashboard/Search/searchInputField'

2020-10-10 11:04:32 - [MESSAGE][PASSED] - Text 'CAP00000099' is set on object 'Object Repository/FDR-Dashboard/Search/searchInputField'

2020-10-10 11:04:32 - [TEST_STEP][PASSED] - waitForElementPresent(findTestObject("Object Repository/FDR-Dashboard/VouhcersTable/validateButton"), 10): Object 'Object Repository/FDR-Dashboard/VouhcersTable/validateButton' is present

2020-10-10 11:04:33 - [MESSAGE][PASSED] - Object 'Object Repository/FDR-Dashboard/VouhcersTable/validateButton' is present

2020-10-10 11:04:33 - [TEST_STEP][PASSED] - click(findTestObject("Object Repository/FDR-Dashboard/VouhcersTable/validateButton")): Object: 'Object Repository/FDR-Dashboard/VouhcersTable/validateButton' is clicked on

2020-10-10 11:04:34 - [MESSAGE][PASSED] - Object: 'Object Repository/FDR-Dashboard/VouhcersTable/validateButton' is clicked on

2020-10-10 11:04:34 - [TEST_STEP][PASSED] - waitForElementVisible(findTestObject("FDR-VoucherEntry/InvoiceLine/invoiceLineExpandButton"), 16): Object 'Object Repository/FDR-VoucherEntry/InvoiceLine/invoiceLineExpandButton' is visible

2020-10-10 11:04:34 - [MESSAGE][PASSED] - Object 'Object Repository/FDR-VoucherEntry/InvoiceLine/invoiceLineExpandButton' is visible

2020-10-10 11:04:34 - [TEST_STEP][PASSED] - click(findTestObject("FDR-VoucherEntry/InvoiceLine/invoiceLineExpandButton")): Object: 'Object Repository/FDR-VoucherEntry/InvoiceLine/invoiceLineExpandButton' is clicked on

2020-10-10 11:04:34 - [MESSAGE][PASSED] - Object: 'Object Repository/FDR-VoucherEntry/InvoiceLine/invoiceLineExpandButton' is clicked on

2020-10-10 11:04:34 - [TEST_STEP][PASSED] - waitForElementPresent(findTestObject("FDR-EditVoucher/DLHover"), 10): Object 'Object Repository/FDR-EditVoucher/DLHover' is present

2020-10-10 11:04:35 - [MESSAGE][PASSED] - Object 'Object Repository/FDR-EditVoucher/DLHover' is present

2020-10-10 11:04:35 - [TEST_STEP][PASSED] - mouseOver(findTestObject("FDR-EditVoucher/DLHover")): Object: 'Object Repository/FDR-EditVoucher/DLHover' is hovered

2020-10-10 11:04:36 - [MESSAGE][PASSED] - Object: 'Object Repository/FDR-EditVoucher/DLHover' is hovered

2020-10-10 11:04:36 - [TEST_STEP][PASSED] - waitForElementPresent(findTestObject("FDR-EditVoucher/DLEditIcon"), 10): Object 'Object Repository/FDR-EditVoucher/DLEditIcon' is present

2020-10-10 11:04:36 - [MESSAGE][PASSED] - Object 'Object Repository/FDR-EditVoucher/DLEditIcon' is present

2020-10-10 11:04:36 - [TEST_STEP][PASSED] - click(findTestObject("FDR-EditVoucher/DLEditIcon")): Object: 'Object Repository/FDR-EditVoucher/DLEditIcon' is clicked on

2020-10-10 11:04:36 - [MESSAGE][PASSED] - Object: 'Object Repository/FDR-EditVoucher/DLEditIcon' is clicked on

2020-10-10 11:04:36 - [TEST_STEP][PASSED] - waitForElementPresent(findTestObject("FDR-Vouchers-States/Validate/Reject/RejectDistributionLine/DLRejectClick"), 7): Object 'Object Repository/FDR-Vouchers-States/Validate/Reject/RejectDistributionLine/DLRejectClick' is present

2020-10-10 11:04:37 - [MESSAGE][PASSED] - Object 'Object Repository/FDR-Vouchers-States/Validate/Reject/RejectDistributionLine/DLRejectClick' is present

2020-10-10 11:04:37 - [TEST_STEP][PASSED] - click(findTestObject("FDR-Vouchers-States/Validate/Reject/RejectDistributionLine/DLRejectClick")): Object: 'Object Repository/FDR-Vouchers-States/Validate/Reject/RejectDistributionLine/DLRejectClick' is clicked on

2020-10-10 11:04:37 - [MESSAGE][PASSED] - Object: 'Object Repository/FDR-Vouchers-States/Validate/Reject/RejectDistributionLine/DLRejectClick' is clicked on

2020-10-10 11:04:37 - [TEST_STEP][PASSED] - waitForElementPresent(findTestObject("FDR-Vouchers-States/Validate/Reject/RejectDistributionLine/rejectDistributionLine"), 7): Object 'Object Repository/FDR-Vouchers-States/Validate/Reject/RejectDistributionLine/rejectDistributionLine' is present

2020-10-10 11:04:38 - [MESSAGE][PASSED] - Object 'Object Repository/FDR-Vouchers-States/Validate/Reject/RejectDistributionLine/rejectDistributionLine' is present

2020-10-10 11:04:38 - [TEST_STEP][PASSED] - click(findTestObject("FDR-Vouchers-States/Validate/Reject/RejectDistributionLine/rejectDistributionLine")): Object: 'Object Repository/FDR-Vouchers-States/Validate/Reject/RejectDistributionLine/rejectDistributionLine' is clicked on

2020-10-10 11:04:38 - [MESSAGE][PASSED] - Object: 'Object Repository/FDR-Vouchers-States/Validate/Reject/RejectDistributionLine/rejectDistributionLine' is clicked on

2020-10-10 11:04:38 - [TEST_STEP][PASSED] - waitForElementPresent(findTestObject("FDR-Vouchers-States/Validate/Reject/RejectDistributionLine/spanIncorrectFundRatio"), 7): Object 'Object Repository/FDR-Vouchers-States/Validate/Reject/RejectDistributionLine/spanIncorrectFundRatio' is present

2020-10-10 11:04:39 - [MESSAGE][PASSED] - Object 'Object Repository/FDR-Vouchers-States/Validate/Reject/RejectDistributionLine/spanIncorrectFundRatio' is present

2020-10-10 11:04:39 - [TEST_STEP][PASSED] - click(findTestObject("FDR-Vouchers-States/Validate/Reject/RejectDistributionLine/spanIncorrectFundRatio")): Object: 'Object Repository/FDR-Vouchers-States/Validate/Reject/RejectDistributionLine/spanIncorrectFundRatio' is clicked on

2020-10-10 11:04:39 - [MESSAGE][PASSED] - Object: 'Object Repository/FDR-Vouchers-States/Validate/Reject/RejectDistributionLine/spanIncorrectFundRatio' is clicked on

2020-10-10 11:04:39 - [TEST_STEP][PASSED] - waitForElementPresent(findTestObject("FDR-Dashboard/createNewVoucherButton"), 3): Object 'Object Repository/FDR-Dashboard/createNewVoucherButton' is not present after 3 second(s)

2020-10-10 11:04:44 - [MESSAGE][INFO] - Unable to find the element located by 'By.xpath: //*[@data-id='button-link']//*[contains(text(),'Create New Voucher')]'. Please recheck the objects properties to make sure the desired element is located. 

2020-10-10 11:04:44 - [MESSAGE][WARNING] - Object 'Object Repository/FDR-Dashboard/createNewVoucherButton' is not present after 3 second(s)

2020-10-10 11:04:44 - [TEST_STEP][PASSED] - click(findTestObject("FDR-Vouchers-States/Validate/Reject/RejectDistributionLine/spanIncorrectDistributionLine")): Object: 'Object Repository/FDR-Vouchers-States/Validate/Reject/RejectDistributionLine/spanIncorrectDistributionLine' is clicked on

2020-10-10 11:04:44 - [MESSAGE][PASSED] - Object: 'Object Repository/FDR-Vouchers-States/Validate/Reject/RejectDistributionLine/spanIncorrectDistributionLine' is clicked on

2020-10-10 11:04:44 - [TEST_STEP][PASSED] - waitForElementPresent(findTestObject("FDR-Dashboard/createNewVoucherButton"), 3): Object 'Object Repository/FDR-Dashboard/createNewVoucherButton' is not present after 3 second(s)

2020-10-10 11:04:48 - [MESSAGE][INFO] - Unable to find the element located by 'By.xpath: //*[@data-id='button-link']//*[contains(text(),'Create New Voucher')]'. Please recheck the objects properties to make sure the desired element is located. 

2020-10-10 11:04:48 - [MESSAGE][WARNING] - Object 'Object Repository/FDR-Dashboard/createNewVoucherButton' is not present after 3 second(s)

2020-10-10 11:04:48 - [TEST_STEP][PASSED] - setText(findTestObject("Object Repository/FDR-Dashboard/DashBoard Validation/Notes"), "Distribution Line Reject Notes Here"): Text 'Distribution Line Reject Notes Here' is set on object 'Object Repository/FDR-Dashboard/DashBoard Validation/Notes'

2020-10-10 11:04:49 - [MESSAGE][PASSED] - Text 'Distribution Line Reject Notes Here' is set on object 'Object Repository/FDR-Dashboard/DashBoard Validation/Notes'

2020-10-10 11:04:49 - [TEST_STEP][PASSED] - click(findTestObject("FDR-Vouchers-States/Validate/Reject/RejectDistributionLine/rejectDistributionLine")): Object: 'Object Repository/FDR-Vouchers-States/Validate/Reject/RejectDistributionLine/rejectDistributionLine' is clicked on

2020-10-10 11:04:50 - [MESSAGE][PASSED] - Object: 'Object Repository/FDR-Vouchers-States/Validate/Reject/RejectDistributionLine/rejectDistributionLine' is clicked on

2020-10-10 11:04:50 - [TEST_STEP][PASSED] - waitForElementVisible(findTestObject("FDR-VoucherEntry/InvoiceLine/invoiceLineExpandButton"), 17): Object 'Object Repository/FDR-VoucherEntry/InvoiceLine/invoiceLineExpandButton' is visible

2020-10-10 11:04:51 - [MESSAGE][PASSED] - Object 'Object Repository/FDR-VoucherEntry/InvoiceLine/invoiceLineExpandButton' is visible

2020-10-10 11:04:51 - [TEST_STEP][PASSED] - click(findTestObject("FDR-VoucherEntry/InvoiceLine/invoiceLineExpandButton")): Object: 'Object Repository/FDR-VoucherEntry/InvoiceLine/invoiceLineExpandButton' is clicked on

2020-10-10 11:04:51 - [MESSAGE][PASSED] - Object: 'Object Repository/FDR-VoucherEntry/InvoiceLine/invoiceLineExpandButton' is clicked on

2020-10-10 11:04:51 - [TEST_STEP][PASSED] - waitForElementPresent(findTestObject("FDR-EditVoucher/invoiceHover"), 5): Object 'Object Repository/FDR-EditVoucher/invoiceHover' is present

2020-10-10 11:04:52 - [MESSAGE][PASSED] - Object 'Object Repository/FDR-EditVoucher/invoiceHover' is present

2020-10-10 11:04:52 - [TEST_STEP][PASSED] - mouseOver(findTestObject("FDR-EditVoucher/invoiceHover")): Object: 'Object Repository/FDR-EditVoucher/invoiceHover' is hovered

2020-10-10 11:04:53 - [MESSAGE][PASSED] - Object: 'Object Repository/FDR-EditVoucher/invoiceHover' is hovered

2020-10-10 11:04:53 - [TEST_STEP][PASSED] - waitForElementPresent(findTestObject("FDR-EditVoucher/voucherLineEditIcon"), 5): Object 'Object Repository/FDR-EditVoucher/voucherLineEditIcon' is present

2020-10-10 11:04:53 - [MESSAGE][PASSED] - Object 'Object Repository/FDR-EditVoucher/voucherLineEditIcon' is present

2020-10-10 11:04:53 - [TEST_STEP][PASSED] - click(findTestObject("FDR-EditVoucher/voucherLineEditIcon")): Object: 'Object Repository/FDR-EditVoucher/voucherLineEditIcon' is clicked on

2020-10-10 11:04:53 - [MESSAGE][PASSED] - Object: 'Object Repository/FDR-EditVoucher/voucherLineEditIcon' is clicked on

2020-10-10 11:04:53 - [TEST_STEP][PASSED] - waitForElementPresent(findTestObject("FDR-Vouchers-States/Validate/Reject/RejectDistributionLine/DLRejectClick"), 7): Object 'Object Repository/FDR-Vouchers-States/Validate/Reject/RejectDistributionLine/DLRejectClick' is present

2020-10-10 11:04:54 - [MESSAGE][PASSED] - Object 'Object Repository/FDR-Vouchers-States/Validate/Reject/RejectDistributionLine/DLRejectClick' is present

2020-10-10 11:04:54 - [TEST_STEP][PASSED] - click(findTestObject("FDR-Vouchers-States/Validate/Reject/RejectDistributionLine/DLRejectClick")): Object: 'Object Repository/FDR-Vouchers-States/Validate/Reject/RejectDistributionLine/DLRejectClick' is clicked on

2020-10-10 11:04:54 - [MESSAGE][PASSED] - Object: 'Object Repository/FDR-Vouchers-States/Validate/Reject/RejectDistributionLine/DLRejectClick' is clicked on

2020-10-10 11:04:54 - [TEST_STEP][PASSED] - waitForElementPresent(findTestObject("FDR-Vouchers-States/Validate/Reject/RejectVoucherLine/spanIncorrectInvoiceNum"), 5): Object 'Object Repository/FDR-Vouchers-States/Validate/Reject/RejectVoucherLine/spanIncorrectInvoiceNum' is present

2020-10-10 11:04:55 - [MESSAGE][PASSED] - Object 'Object Repository/FDR-Vouchers-States/Validate/Reject/RejectVoucherLine/spanIncorrectInvoiceNum' is present

2020-10-10 11:04:55 - [TEST_STEP][PASSED] - click(findTestObject("FDR-Vouchers-States/Validate/Reject/RejectVoucherLine/spanIncorrectInvoiceNum")): Object: 'Object Repository/FDR-Vouchers-States/Validate/Reject/RejectVoucherLine/spanIncorrectInvoiceNum' is clicked on

2020-10-10 11:04:55 - [MESSAGE][PASSED] - Object: 'Object Repository/FDR-Vouchers-States/Validate/Reject/RejectVoucherLine/spanIncorrectInvoiceNum' is clicked on

2020-10-10 11:04:55 - [TEST_STEP][PASSED] - waitForElementPresent(findTestObject("FDR-Dashboard/createNewVoucherButton"), 1): Object 'Object Repository/FDR-Dashboard/createNewVoucherButton' is not present after 1 second(s)

2020-10-10 11:04:57 - [MESSAGE][INFO] - Unable to find the element located by 'By.xpath: //*[@data-id='button-link']//*[contains(text(),'Create New Voucher')]'. Please recheck the objects properties to make sure the desired element is located. 

2020-10-10 11:04:57 - [MESSAGE][WARNING] - Object 'Object Repository/FDR-Dashboard/createNewVoucherButton' is not present after 1 second(s)

2020-10-10 11:04:57 - [TEST_STEP][PASSED] - click(findTestObject("FDR-Vouchers-States/Validate/Reject/RejectVoucherLine/spanIncorrectInvoiceAmount")): Object: 'Object Repository/FDR-Vouchers-States/Validate/Reject/RejectVoucherLine/spanIncorrectInvoiceAmount' is clicked on

2020-10-10 11:04:58 - [MESSAGE][PASSED] - Object: 'Object Repository/FDR-Vouchers-States/Validate/Reject/RejectVoucherLine/spanIncorrectInvoiceAmount' is clicked on

2020-10-10 11:04:58 - [TEST_STEP][PASSED] - setText(findTestObject("Object Repository/FDR-Dashboard/DashBoard Validation/Notes"), "Invoice Reject Notes Here"): Text 'Invoice Reject Notes Here' is set on object 'Object Repository/FDR-Dashboard/DashBoard Validation/Notes'

2020-10-10 11:04:59 - [MESSAGE][PASSED] - Text 'Invoice Reject Notes Here' is set on object 'Object Repository/FDR-Dashboard/DashBoard Validation/Notes'

2020-10-10 11:04:59 - [TEST_STEP][PASSED] - waitForElementPresent(findTestObject("FDR-Dashboard/createNewVoucherButton"), 4): Object 'Object Repository/FDR-Dashboard/createNewVoucherButton' is not present after 4 second(s)

2020-10-10 11:05:04 - [MESSAGE][INFO] - Unable to find the element located by 'By.xpath: //*[@data-id='button-link']//*[contains(text(),'Create New Voucher')]'. Please recheck the objects properties to make sure the desired element is located. 

2020-10-10 11:05:04 - [MESSAGE][WARNING] - Object 'Object Repository/FDR-Dashboard/createNewVoucherButton' is not present after 4 second(s)

2020-10-10 11:05:04 - [TEST_STEP][PASSED] - click(findTestObject("FDR-Vouchers-States/Validate/Reject/RejectVoucherLine/rejectInvoiceLine")): Object: 'Object Repository/FDR-Vouchers-States/Validate/Reject/RejectVoucherLine/rejectInvoiceLine' is clicked on

2020-10-10 11:05:04 - [MESSAGE][PASSED] - Object: 'Object Repository/FDR-Vouchers-States/Validate/Reject/RejectVoucherLine/rejectInvoiceLine' is clicked on

2020-10-10 11:05:04 - [TEST_STEP][PASSED] - waitForElementPresent(findTestObject("FDR-Dashboard/createNewVoucherButton"), 2): Object 'Object Repository/FDR-Dashboard/createNewVoucherButton' is not present after 2 second(s)

2020-10-10 11:05:07 - [MESSAGE][INFO] - Unable to find the element located by 'By.xpath: //*[@data-id='button-link']//*[contains(text(),'Create New Voucher')]'. Please recheck the objects properties to make sure the desired element is located. 

2020-10-10 11:05:07 - [MESSAGE][WARNING] - Object 'Object Repository/FDR-Dashboard/createNewVoucherButton' is not present after 2 second(s)

2020-10-10 11:05:07 - [TEST_STEP][PASSED] - click(findTestObject("FDR-Vouchers-States/Validate/Reject/rejectButton")): Object: 'Object Repository/FDR-Vouchers-States/Validate/Reject/rejectButton' is clicked on

2020-10-10 11:05:08 - [MESSAGE][PASSED] - Object: 'Object Repository/FDR-Vouchers-States/Validate/Reject/rejectButton' is clicked on

2020-10-10 11:05:08 - [TEST_STEP][PASSED] - check(findTestObject("FDR-Vouchers-States/Validate/Reject/RejectVoucher/spanDrawDate")): Object 'Object Repository/FDR-Vouchers-States/Validate/Reject/RejectVoucher/spanDrawDate' is checked

2020-10-10 11:05:08 - [MESSAGE][PASSED] - Object 'Object Repository/FDR-Vouchers-States/Validate/Reject/RejectVoucher/spanDrawDate' is checked

2020-10-10 11:05:08 - [TEST_STEP][PASSED] - check(findTestObject("FDR-Vouchers-States/Validate/Reject/RejectVoucher/spanPayDate")): Object 'Object Repository/FDR-Vouchers-States/Validate/Reject/RejectVoucher/spanPayDate' is checked

2020-10-10 11:05:09 - [MESSAGE][PASSED] - Object 'Object Repository/FDR-Vouchers-States/Validate/Reject/RejectVoucher/spanPayDate' is checked

2020-10-10 11:05:09 - [TEST_STEP][PASSED] - waitForElementPresent(findTestObject("FDR-Dashboard/createNewVoucherButton"), 3): Object 'Object Repository/FDR-Dashboard/createNewVoucherButton' is not present after 3 second(s)

2020-10-10 11:05:13 - [MESSAGE][INFO] - Unable to find the element located by 'By.xpath: //*[@data-id='button-link']//*[contains(text(),'Create New Voucher')]'. Please recheck the objects properties to make sure the desired element is located. 

2020-10-10 11:05:13 - [MESSAGE][WARNING] - Object 'Object Repository/FDR-Dashboard/createNewVoucherButton' is not present after 3 second(s)

2020-10-10 11:05:13 - [TEST_STEP][PASSED] - setText(findTestObject("FDR-Vouchers-States/Validate/Reject/RejectVoucher/Notes"), "Voucher Reject Notes"): Text 'Voucher Reject Notes' is set on object 'Object Repository/FDR-Vouchers-States/Validate/Reject/RejectVoucher/Notes'

2020-10-10 11:05:14 - [MESSAGE][PASSED] - Text 'Voucher Reject Notes' is set on object 'Object Repository/FDR-Vouchers-States/Validate/Reject/RejectVoucher/Notes'

2020-10-10 11:05:14 - [TEST_STEP][PASSED] - check(findTestObject("FDR-Vouchers-States/Validate/Reject/RejectVoucher/rejectVoucherButton")): Object 'Object Repository/FDR-Vouchers-States/Validate/Reject/RejectVoucher/rejectVoucherButton' is checked

2020-10-10 11:05:14 - [MESSAGE][PASSED] - Object 'Object Repository/FDR-Vouchers-States/Validate/Reject/RejectVoucher/rejectVoucherButton' is checked

2020-10-10 11:05:14 - [TEST_STEP][PASSED] - waitForElementPresent(findTestObject("FDR-Dashboard/createNewVoucherButton"), 3): Object 'Object Repository/FDR-Dashboard/createNewVoucherButton' is present

2020-10-10 11:05:15 - [MESSAGE][PASSED] - Object 'Object Repository/FDR-Dashboard/createNewVoucherButton' is present

2020-10-10 11:05:15 - [TEST_STEP][PASSED] - setText(findTestObject("FDR-Dashboard/Search/searchInputField"), processorVoucherNumber): Text 'CAP00000099' is set on object 'Object Repository/FDR-Dashboard/Search/searchInputField'

2020-10-10 11:05:16 - [MESSAGE][PASSED] - Text 'CAP00000099' is set on object 'Object Repository/FDR-Dashboard/Search/searchInputField'

2020-10-10 11:05:16 - [TEST_STEP][PASSED] - click(findTestObject("FDR-Dashboard/Filters/clearFilterButton")): Object: 'Object Repository/FDR-Dashboard/Filters/clearFilterButton' is clicked on

2020-10-10 11:05:16 - [MESSAGE][PASSED] - Object: 'Object Repository/FDR-Dashboard/Filters/clearFilterButton' is clicked on

2020-10-10 11:05:16 - [TEST_STEP][PASSED] - commonFunctions.selectRole("accountsPayableProcessor"): Object 'Object Repository/FDR-VoucherEntry/VoucherHeader/reviewButton' is not present after 2 second(s)

2020-10-10 11:05:20 - [MESSAGE][INFO] - Unable to find the element located by 'By.xpath: //*[text()='Review']//parent::button[@data-id='action-button']'. Please recheck the objects properties to make sure the desired element is located. 

2020-10-10 11:05:20 - [MESSAGE][WARNING] - Object 'Object Repository/FDR-VoucherEntry/VoucherHeader/reviewButton' is not present after 2 second(s)

2020-10-10 11:05:20 - [MESSAGE][PASSED] - Object: 'Object Repository/FDR-SuperUser-Dashboard/userExpandButton' is clicked on

2020-10-10 11:05:23 - [MESSAGE][INFO] - Unable to find the element located by 'By.xpath: //*[text()='Review']//parent::button[@data-id='action-button']'. Please recheck the objects properties to make sure the desired element is located. 

2020-10-10 11:05:23 - [MESSAGE][WARNING] - Object 'Object Repository/FDR-VoucherEntry/VoucherHeader/reviewButton' is not present after 2 second(s)

2020-10-10 11:05:23 - [MESSAGE][PASSED] - Object: 'Object Repository/FDR-SuperUser-Dashboard/accountsPayableProcessor' is clicked on

2020-10-10 11:05:27 - [MESSAGE][INFO] - Unable to find the element located by 'By.xpath: //*[text()='Review']//parent::button[@data-id='action-button']'. Please recheck the objects properties to make sure the desired element is located. 

2020-10-10 11:05:27 - [MESSAGE][WARNING] - Object 'Object Repository/FDR-VoucherEntry/VoucherHeader/reviewButton' is not present after 2 second(s)

2020-10-10 11:05:27 - [TEST_STEP][PASSED] - waitForElementPresent(findTestObject("FDR-Dashboard/createNewVoucherButton"), 2): Object 'Object Repository/FDR-Dashboard/createNewVoucherButton' is present

2020-10-10 11:05:27 - [MESSAGE][PASSED] - Object 'Object Repository/FDR-Dashboard/createNewVoucherButton' is present

2020-10-10 11:05:27 - [TEST_STEP][PASSED] - click(findTestObject("FDR-Dashboard/Filters/fixFilterButton")): Object: 'Object Repository/FDR-Dashboard/Filters/fixFilterButton' is clicked on

2020-10-10 11:05:27 - [MESSAGE][PASSED] - Object: 'Object Repository/FDR-Dashboard/Filters/fixFilterButton' is clicked on

2020-10-10 11:05:27 - [TEST_STEP][PASSED] - waitForElementPresent(findTestObject("FDR-Dashboard/createNewVoucherButton"), 2): Object 'Object Repository/FDR-Dashboard/createNewVoucherButton' is present

2020-10-10 11:05:28 - [MESSAGE][PASSED] - Object 'Object Repository/FDR-Dashboard/createNewVoucherButton' is present

2020-10-10 11:05:28 - [TEST_STEP][PASSED] - setText(findTestObject("FDR-Dashboard/Search/searchInputField"), processorVoucherNumber): Text 'CAP00000099' is set on object 'Object Repository/FDR-Dashboard/Search/searchInputField'

2020-10-10 11:05:29 - [MESSAGE][PASSED] - Text 'CAP00000099' is set on object 'Object Repository/FDR-Dashboard/Search/searchInputField'

2020-10-10 11:05:29 - [TEST_STEP][PASSED] - waitForElementPresent(findTestObject("FDR-Dashboard/createNewVoucherButton"), 2): Object 'Object Repository/FDR-Dashboard/createNewVoucherButton' is present

2020-10-10 11:05:29 - [MESSAGE][PASSED] - Object 'Object Repository/FDR-Dashboard/createNewVoucherButton' is present

2020-10-10 11:05:29 - [TEST_STEP][PASSED] - click(findTestObject("FDR-Dashboard/VouhcersTable/fixButton")): Object: 'Object Repository/FDR-Dashboard/VouhcersTable/fixButton' is clicked on

2020-10-10 11:05:30 - [MESSAGE][PASSED] - Object: 'Object Repository/FDR-Dashboard/VouhcersTable/fixButton' is clicked on

2020-10-10 11:05:30 - [TEST_STEP][PASSED] - waitForElementPresent(findTestObject("FDR-Dashboard/createNewVoucherButton"), 2): Object 'Object Repository/FDR-Dashboard/createNewVoucherButton' is not present after 2 second(s)

2020-10-10 11:05:33 - [MESSAGE][INFO] - Unable to find the element located by 'By.xpath: //*[@data-id='button-link']//*[contains(text(),'Create New Voucher')]'. Please recheck the objects properties to make sure the desired element is located. 

2020-10-10 11:05:33 - [MESSAGE][WARNING] - Object 'Object Repository/FDR-Dashboard/createNewVoucherButton' is not present after 2 second(s)

2020-10-10 11:05:33 - [TEST_STEP][PASSED] - waitForElementPresent(findTestObject("FDR-Dashboard/createNewVoucherButton"), 5): Object 'Object Repository/FDR-Dashboard/createNewVoucherButton' is not present after 5 second(s)

2020-10-10 11:05:39 - [MESSAGE][INFO] - Unable to find the element located by 'By.xpath: //*[@data-id='button-link']//*[contains(text(),'Create New Voucher')]'. Please recheck the objects properties to make sure the desired element is located. 

2020-10-10 11:05:39 - [MESSAGE][WARNING] - Object 'Object Repository/FDR-Dashboard/createNewVoucherButton' is not present after 5 second(s)

2020-10-10 11:05:39 - [TEST_STEP][PASSED] - mouseOver(findTestObject("FDR-EditVoucher/invoiceHover")): Object: 'Object Repository/FDR-EditVoucher/invoiceHover' is hovered

2020-10-10 11:05:40 - [MESSAGE][PASSED] - Object: 'Object Repository/FDR-EditVoucher/invoiceHover' is hovered

2020-10-10 11:05:40 - [TEST_STEP][PASSED] - waitForElementPresent(findTestObject("FDR-Dashboard/createNewVoucherButton"), 2): Object 'Object Repository/FDR-Dashboard/createNewVoucherButton' is not present after 2 second(s)

2020-10-10 11:05:43 - [MESSAGE][INFO] - Unable to find the element located by 'By.xpath: //*[@data-id='button-link']//*[contains(text(),'Create New Voucher')]'. Please recheck the objects properties to make sure the desired element is located. 

2020-10-10 11:05:43 - [MESSAGE][WARNING] - Object 'Object Repository/FDR-Dashboard/createNewVoucherButton' is not present after 2 second(s)

2020-10-10 11:05:43 - [TEST_STEP][PASSED] - click(findTestObject("FDR-EditVoucher/voucherLineEditIcon")): Object: 'Object Repository/FDR-EditVoucher/voucherLineEditIcon' is clicked on

2020-10-10 11:05:43 - [MESSAGE][PASSED] - Object: 'Object Repository/FDR-EditVoucher/voucherLineEditIcon' is clicked on

2020-10-10 11:05:43 - [TEST_STEP][PASSED] - waitForElementPresent(findTestObject("FDR-Dashboard/createNewVoucherButton"), 2): Object 'Object Repository/FDR-Dashboard/createNewVoucherButton' is not present after 2 second(s)

2020-10-10 11:05:47 - [MESSAGE][INFO] - Unable to find the element located by 'By.xpath: //*[@data-id='button-link']//*[contains(text(),'Create New Voucher')]'. Please recheck the objects properties to make sure the desired element is located. 

2020-10-10 11:05:47 - [MESSAGE][WARNING] - Object 'Object Repository/FDR-Dashboard/createNewVoucherButton' is not present after 2 second(s)

2020-10-10 11:05:47 - [TEST_STEP][PASSED] - click(findTestObject("Object Repository/FDR-EditVoucher/DLEditClick")): Object: 'Object Repository/FDR-EditVoucher/DLEditClick' is clicked on

2020-10-10 11:05:47 - [MESSAGE][PASSED] - Object: 'Object Repository/FDR-EditVoucher/DLEditClick' is clicked on

2020-10-10 11:05:47 - [TEST_STEP][PASSED] - waitForElementPresent(findTestObject("FDR-Dashboard/createNewVoucherButton"), 2): Object 'Object Repository/FDR-Dashboard/createNewVoucherButton' is not present after 2 second(s)

2020-10-10 11:05:50 - [MESSAGE][INFO] - Unable to find the element located by 'By.xpath: //*[@data-id='button-link']//*[contains(text(),'Create New Voucher')]'. Please recheck the objects properties to make sure the desired element is located. 

2020-10-10 11:05:50 - [MESSAGE][WARNING] - Object 'Object Repository/FDR-Dashboard/createNewVoucherButton' is not present after 2 second(s)

2020-10-10 11:05:50 - [TEST_STEP][PASSED] - click(findTestObject("FDR-VoucherEntry/VoucherEntryObjects/inputInvoiceDescription")): Object: 'Object Repository/FDR-VoucherEntry/VoucherEntryObjects/inputInvoiceDescription' is clicked on

2020-10-10 11:05:50 - [MESSAGE][PASSED] - Object: 'Object Repository/FDR-VoucherEntry/VoucherEntryObjects/inputInvoiceDescription' is clicked on

2020-10-10 11:05:50 - [TEST_STEP][PASSED] - sendKeys(findTestObject("FDR-VoucherEntry/VoucherEntryObjects/inputInvoiceDescription"), Keys.chord(CONTROL, "a")): Keys 'CONTROL + a' sent to object: 'Object Repository/FDR-VoucherEntry/VoucherEntryObjects/inputInvoiceDescription'

2020-10-10 11:05:51 - [MESSAGE][PASSED] - Keys 'CONTROL + a' sent to object: 'Object Repository/FDR-VoucherEntry/VoucherEntryObjects/inputInvoiceDescription'

2020-10-10 11:05:51 - [TEST_STEP][PASSED] - sendKeys(findTestObject("FDR-VoucherEntry/VoucherEntryObjects/inputInvoiceDescription"), Keys.chord(BACK_SPACE)): Keys 'BACK_SPACE + ' sent to object: 'Object Repository/FDR-VoucherEntry/VoucherEntryObjects/inputInvoiceDescription'

2020-10-10 11:05:51 - [MESSAGE][PASSED] - Keys 'BACK_SPACE + ' sent to object: 'Object Repository/FDR-VoucherEntry/VoucherEntryObjects/inputInvoiceDescription'

2020-10-10 11:05:51 - [TEST_STEP][PASSED] - waitForElementPresent(findTestObject("FDR-Dashboard/createNewVoucherButton"), 2): Object 'Object Repository/FDR-Dashboard/createNewVoucherButton' is not present after 2 second(s)

2020-10-10 11:05:54 - [MESSAGE][INFO] - Unable to find the element located by 'By.xpath: //*[@data-id='button-link']//*[contains(text(),'Create New Voucher')]'. Please recheck the objects properties to make sure the desired element is located. 

2020-10-10 11:05:54 - [MESSAGE][WARNING] - Object 'Object Repository/FDR-Dashboard/createNewVoucherButton' is not present after 2 second(s)

2020-10-10 11:05:54 - [TEST_STEP][PASSED] - Vrandom = Random().nextInt(900000) + 100000: null

2020-10-10 11:05:54 - [TEST_STEP][PASSED] - sendKeys(findTestObject("FDR-VoucherEntry/VoucherEntryObjects/inputInvoiceDescription"), "INC-" + Vrandom): Keys 'INC-259568' sent to object: 'Object Repository/FDR-VoucherEntry/VoucherEntryObjects/inputInvoiceDescription'

2020-10-10 11:05:55 - [MESSAGE][PASSED] - Keys 'INC-259568' sent to object: 'Object Repository/FDR-VoucherEntry/VoucherEntryObjects/inputInvoiceDescription'

2020-10-10 11:05:55 - [TEST_STEP][PASSED] - click(findTestObject("Object Repository/FDR-EditVoucher/dlSaveButton")): Object: 'Object Repository/FDR-EditVoucher/dlSaveButton' is clicked on

2020-10-10 11:05:55 - [MESSAGE][PASSED] - Object: 'Object Repository/FDR-EditVoucher/dlSaveButton' is clicked on

2020-10-10 11:05:55 - [TEST_STEP][PASSED] - waitForElementVisible(findTestObject("FDR-VoucherEntry/InvoiceLine/invoiceLineExpandButton"), 15): Object 'Object Repository/FDR-VoucherEntry/InvoiceLine/invoiceLineExpandButton' is visible

2020-10-10 11:05:56 - [MESSAGE][PASSED] - Object 'Object Repository/FDR-VoucherEntry/InvoiceLine/invoiceLineExpandButton' is visible

2020-10-10 11:05:56 - [TEST_STEP][PASSED] - click(findTestObject("FDR-VoucherEntry/InvoiceLine/invoiceLineExpandButton")): Object: 'Object Repository/FDR-VoucherEntry/InvoiceLine/invoiceLineExpandButton' is clicked on

2020-10-10 11:05:56 - [MESSAGE][PASSED] - Object: 'Object Repository/FDR-VoucherEntry/InvoiceLine/invoiceLineExpandButton' is clicked on

2020-10-10 11:05:56 - [TEST_STEP][PASSED] - waitForElementPresent(findTestObject("FDR-Dashboard/createNewVoucherButton"), 2): Object 'Object Repository/FDR-Dashboard/createNewVoucherButton' is not present after 2 second(s)

2020-10-10 11:05:59 - [MESSAGE][INFO] - Unable to find the element located by 'By.xpath: //*[@data-id='button-link']//*[contains(text(),'Create New Voucher')]'. Please recheck the objects properties to make sure the desired element is located. 

2020-10-10 11:05:59 - [MESSAGE][WARNING] - Object 'Object Repository/FDR-Dashboard/createNewVoucherButton' is not present after 2 second(s)

2020-10-10 11:05:59 - [TEST_STEP][PASSED] - mouseOver(findTestObject("Object Repository/FDR-EditVoucher/DLHover")): Object: 'Object Repository/FDR-EditVoucher/DLHover' is hovered

2020-10-10 11:06:00 - [MESSAGE][PASSED] - Object: 'Object Repository/FDR-EditVoucher/DLHover' is hovered

2020-10-10 11:06:00 - [TEST_STEP][PASSED] - waitForElementPresent(findTestObject("FDR-Dashboard/createNewVoucherButton"), 2): Object 'Object Repository/FDR-Dashboard/createNewVoucherButton' is not present after 2 second(s)

2020-10-10 11:06:03 - [MESSAGE][INFO] - Unable to find the element located by 'By.xpath: //*[@data-id='button-link']//*[contains(text(),'Create New Voucher')]'. Please recheck the objects properties to make sure the desired element is located. 

2020-10-10 11:06:03 - [MESSAGE][WARNING] - Object 'Object Repository/FDR-Dashboard/createNewVoucherButton' is not present after 2 second(s)

2020-10-10 11:06:03 - [TEST_STEP][PASSED] - click(findTestObject("FDR-Receipt/FDR-Receipt-DistributionLine/3dots/editIconDistributionLine")): Object: 'Object Repository/FDR-Receipt/FDR-Receipt-DistributionLine/3dots/editIconDistributionLine' is clicked on

2020-10-10 11:06:03 - [MESSAGE][PASSED] - Object: 'Object Repository/FDR-Receipt/FDR-Receipt-DistributionLine/3dots/editIconDistributionLine' is clicked on

2020-10-10 11:06:03 - [TEST_STEP][PASSED] - waitForElementPresent(findTestObject("Object Repository/FDR-EditVoucher/DLEditClick"), 3): Object 'Object Repository/FDR-EditVoucher/DLEditClick' is present

2020-10-10 11:06:04 - [MESSAGE][PASSED] - Object 'Object Repository/FDR-EditVoucher/DLEditClick' is present

2020-10-10 11:06:04 - [TEST_STEP][PASSED] - click(findTestObject("Object Repository/FDR-EditVoucher/DLEditClick")): Object: 'Object Repository/FDR-EditVoucher/DLEditClick' is clicked on

2020-10-10 11:06:05 - [MESSAGE][PASSED] - Object: 'Object Repository/FDR-EditVoucher/DLEditClick' is clicked on

2020-10-10 11:06:05 - [TEST_STEP][PASSED] - waitForElementPresent(findTestObject("FDR-Dashboard/createNewVoucherButton"), 2): Object 'Object Repository/FDR-Dashboard/createNewVoucherButton' is not present after 2 second(s)

2020-10-10 11:06:08 - [MESSAGE][INFO] - Unable to find the element located by 'By.xpath: //*[@data-id='button-link']//*[contains(text(),'Create New Voucher')]'. Please recheck the objects properties to make sure the desired element is located. 

2020-10-10 11:06:08 - [MESSAGE][WARNING] - Object 'Object Repository/FDR-Dashboard/createNewVoucherButton' is not present after 2 second(s)

2020-10-10 11:06:08 - [TEST_STEP][PASSED] - click(findTestObject("FDR-VoucherEntry/DistributionLine/fundRatio")): Object: 'Object Repository/FDR-VoucherEntry/DistributionLine/fundRatio' is clicked on

2020-10-10 11:06:08 - [MESSAGE][PASSED] - Object: 'Object Repository/FDR-VoucherEntry/DistributionLine/fundRatio' is clicked on

2020-10-10 11:06:08 - [TEST_STEP][PASSED] - sendKeys(findTestObject("FDR-VoucherEntry/DistributionLine/fundRatio"), Keys.chord(BACK_SPACE)): Keys 'BACK_SPACE + ' sent to object: 'Object Repository/FDR-VoucherEntry/DistributionLine/fundRatio'

2020-10-10 11:06:09 - [MESSAGE][PASSED] - Keys 'BACK_SPACE + ' sent to object: 'Object Repository/FDR-VoucherEntry/DistributionLine/fundRatio'

2020-10-10 11:06:09 - [TEST_STEP][PASSED] - setText(findTestObject("FDR-VoucherEntry/DistributionLine/fundRatio"), "90/10"): Text '90/10' is set on object 'Object Repository/FDR-VoucherEntry/DistributionLine/fundRatio'

2020-10-10 11:06:09 - [MESSAGE][PASSED] - Text '90/10' is set on object 'Object Repository/FDR-VoucherEntry/DistributionLine/fundRatio'

2020-10-10 11:06:09 - [TEST_STEP][PASSED] - sendKeys(findTestObject("FDR-VoucherEntry/DistributionLine/fundRatio"), Keys.chord(DOWN, ENTER)): Keys 'DOWN + ENTER + ' sent to object: 'Object Repository/FDR-VoucherEntry/DistributionLine/fundRatio'

2020-10-10 11:06:10 - [MESSAGE][PASSED] - Keys 'DOWN + ENTER + ' sent to object: 'Object Repository/FDR-VoucherEntry/DistributionLine/fundRatio'

2020-10-10 11:06:10 - [TEST_STEP][PASSED] - click(findTestObject("FDR-VoucherEntry/DistributionLine/nonFederalFund")): Object: 'Object Repository/FDR-VoucherEntry/DistributionLine/nonFederalFund' is clicked on

2020-10-10 11:06:11 - [MESSAGE][PASSED] - Object: 'Object Repository/FDR-VoucherEntry/DistributionLine/nonFederalFund' is clicked on

2020-10-10 11:06:11 - [TEST_STEP][PASSED] - sendKeys(findTestObject("FDR-VoucherEntry/DistributionLine/nonFederalFund"), Keys.chord(BACK_SPACE)): Keys 'BACK_SPACE + ' sent to object: 'Object Repository/FDR-VoucherEntry/DistributionLine/nonFederalFund'

2020-10-10 11:06:11 - [MESSAGE][PASSED] - Keys 'BACK_SPACE + ' sent to object: 'Object Repository/FDR-VoucherEntry/DistributionLine/nonFederalFund'

2020-10-10 11:06:11 - [TEST_STEP][PASSED] - clearText(findTestObject("FDR-VoucherEntry/DistributionLine/nonFederalFund")): Text of object 'Object Repository/FDR-VoucherEntry/DistributionLine/nonFederalFund' is cleared

2020-10-10 11:06:12 - [MESSAGE][PASSED] - Text of object 'Object Repository/FDR-VoucherEntry/DistributionLine/nonFederalFund' is cleared

2020-10-10 11:06:12 - [TEST_STEP][PASSED] - waitForElementPresent(findTestObject("FDR-VoucherEntry/DistributionLine/nonFederalFund"), 5): Object 'Object Repository/FDR-VoucherEntry/DistributionLine/nonFederalFund' is present

2020-10-10 11:06:12 - [MESSAGE][PASSED] - Object 'Object Repository/FDR-VoucherEntry/DistributionLine/nonFederalFund' is present

2020-10-10 11:06:12 - [TEST_STEP][PASSED] - setText(findTestObject("FDR-VoucherEntry/DistributionLine/nonFederalFund"), "3158"): Text '3158' is set on object 'Object Repository/FDR-VoucherEntry/DistributionLine/nonFederalFund'

2020-10-10 11:06:13 - [MESSAGE][PASSED] - Text '3158' is set on object 'Object Repository/FDR-VoucherEntry/DistributionLine/nonFederalFund'

2020-10-10 11:06:13 - [TEST_STEP][PASSED] - delay(2): Delayed 2 second(s)

2020-10-10 11:06:15 - [MESSAGE][PASSED] - Delayed 2 second(s)

2020-10-10 11:06:15 - [TEST_STEP][PASSED] - sendKeys(findTestObject("FDR-VoucherEntry/DistributionLine/nonFederalFund"), Keys.chord(DOWN, ENTER)): Keys 'DOWN + ENTER + ' sent to object: 'Object Repository/FDR-VoucherEntry/DistributionLine/nonFederalFund'

2020-10-10 11:06:15 - [MESSAGE][PASSED] - Keys 'DOWN + ENTER + ' sent to object: 'Object Repository/FDR-VoucherEntry/DistributionLine/nonFederalFund'

2020-10-10 11:06:15 - [TEST_STEP][PASSED] - click(findTestObject("FDR-VoucherEntry/DistributionLine/serviceCategory")): Object: 'Object Repository/FDR-VoucherEntry/DistributionLine/serviceCategory' is clicked on

2020-10-10 11:06:16 - [MESSAGE][PASSED] - Object: 'Object Repository/FDR-VoucherEntry/DistributionLine/serviceCategory' is clicked on

2020-10-10 11:06:16 - [TEST_STEP][PASSED] - sendKeys(findTestObject("FDR-VoucherEntry/DistributionLine/serviceCategory"), "18B1"): Keys '18B1' sent to object: 'Object Repository/FDR-VoucherEntry/DistributionLine/serviceCategory'

2020-10-10 11:06:16 - [MESSAGE][PASSED] - Keys '18B1' sent to object: 'Object Repository/FDR-VoucherEntry/DistributionLine/serviceCategory'

2020-10-10 11:06:16 - [TEST_STEP][PASSED] - sendKeys(findTestObject("FDR-VoucherEntry/DistributionLine/serviceCategory"), Keys.chord(DOWN, ENTER)): Keys 'DOWN + ENTER + ' sent to object: 'Object Repository/FDR-VoucherEntry/DistributionLine/serviceCategory'

2020-10-10 11:06:16 - [MESSAGE][PASSED] - Keys 'DOWN + ENTER + ' sent to object: 'Object Repository/FDR-VoucherEntry/DistributionLine/serviceCategory'

2020-10-10 11:06:16 - [TEST_STEP][PASSED] - click(findTestObject("Object Repository/FDR-EditVoucher/editvocuherSave")): Object: 'Object Repository/FDR-EditVoucher/editvocuherSave' is clicked on

2020-10-10 11:06:17 - [MESSAGE][PASSED] - Object: 'Object Repository/FDR-EditVoucher/editvocuherSave' is clicked on

2020-10-10 11:06:17 - [TEST_STEP][PASSED] - waitForElementPresent(findTestObject("FDR-Dashboard/createNewVoucherButton"), 3): Object 'Object Repository/FDR-Dashboard/createNewVoucherButton' is not present after 3 second(s)

2020-10-10 11:06:21 - [MESSAGE][INFO] - Unable to find the element located by 'By.xpath: //*[@data-id='button-link']//*[contains(text(),'Create New Voucher')]'. Please recheck the objects properties to make sure the desired element is located. 

2020-10-10 11:06:21 - [MESSAGE][WARNING] - Object 'Object Repository/FDR-Dashboard/createNewVoucherButton' is not present after 3 second(s)

2020-10-10 11:06:21 - [TEST_STEP][PASSED] - click(findTestObject("FDR-VoucherEntry/VoucherHeader/reviewButton")): Object: 'Object Repository/FDR-VoucherEntry/VoucherHeader/reviewButton' is clicked on

2020-10-10 11:06:22 - [MESSAGE][PASSED] - Object: 'Object Repository/FDR-VoucherEntry/VoucherHeader/reviewButton' is clicked on

2020-10-10 11:06:22 - [TEST_STEP][PASSED] - waitForElementPresent(findTestObject("FDR-Dashboard/createNewVoucherButton"), 5): Object 'Object Repository/FDR-Dashboard/createNewVoucherButton' is not present after 5 second(s)

2020-10-10 11:06:28 - [MESSAGE][INFO] - Unable to find the element located by 'By.xpath: //*[@data-id='button-link']//*[contains(text(),'Create New Voucher')]'. Please recheck the objects properties to make sure the desired element is located. 

2020-10-10 11:06:28 - [MESSAGE][WARNING] - Object 'Object Repository/FDR-Dashboard/createNewVoucherButton' is not present after 5 second(s)

2020-10-10 11:06:28 - [TEST_STEP][PASSED] - click(findTestObject("FDR-VoucherEntry/InvoiceLine/cmiaForm")): Object: 'Object Repository/FDR-VoucherEntry/InvoiceLine/cmiaForm' is clicked on

2020-10-10 11:06:28 - [MESSAGE][PASSED] - Object: 'Object Repository/FDR-VoucherEntry/InvoiceLine/cmiaForm' is clicked on

2020-10-10 11:06:28 - [TEST_STEP][PASSED] - waitForElementPresent(findTestObject("FDR-Dashboard/createNewVoucherButton"), 5): Object 'Object Repository/FDR-Dashboard/createNewVoucherButton' is not present after 5 second(s)

2020-10-10 11:06:35 - [MESSAGE][INFO] - Unable to find the element located by 'By.xpath: //*[@data-id='button-link']//*[contains(text(),'Create New Voucher')]'. Please recheck the objects properties to make sure the desired element is located. 

2020-10-10 11:06:35 - [MESSAGE][WARNING] - Object 'Object Repository/FDR-Dashboard/createNewVoucherButton' is not present after 5 second(s)

2020-10-10 11:06:35 - [TEST_STEP][PASSED] - click(findTestObject("FDR-VoucherEntry/InvoiceLine/closeButton")): Object: 'Object Repository/FDR-VoucherEntry/InvoiceLine/closeButton' is clicked on

2020-10-10 11:06:35 - [MESSAGE][PASSED] - Object: 'Object Repository/FDR-VoucherEntry/InvoiceLine/closeButton' is clicked on

2020-10-10 11:06:35 - [TEST_STEP][PASSED] - waitForElementPresent(findTestObject("FDR-Dashboard/createNewVoucherButton"), 5): Object 'Object Repository/FDR-Dashboard/createNewVoucherButton' is not present after 5 second(s)

2020-10-10 11:06:41 - [MESSAGE][INFO] - Unable to find the element located by 'By.xpath: //*[@data-id='button-link']//*[contains(text(),'Create New Voucher')]'. Please recheck the objects properties to make sure the desired element is located. 

2020-10-10 11:06:41 - [MESSAGE][WARNING] - Object 'Object Repository/FDR-Dashboard/createNewVoucherButton' is not present after 5 second(s)

2020-10-10 11:06:41 - [TEST_STEP][PASSED] - click(findTestObject("FDR-VoucherEntry/InvoiceLine/faceSheet")): Object: 'Object Repository/FDR-VoucherEntry/InvoiceLine/faceSheet' is clicked on

2020-10-10 11:06:41 - [MESSAGE][PASSED] - Object: 'Object Repository/FDR-VoucherEntry/InvoiceLine/faceSheet' is clicked on

2020-10-10 11:06:41 - [TEST_STEP][PASSED] - waitForElementPresent(findTestObject("FDR-Dashboard/createNewVoucherButton"), 5): Object 'Object Repository/FDR-Dashboard/createNewVoucherButton' is not present after 5 second(s)

2020-10-10 11:06:47 - [MESSAGE][INFO] - Unable to find the element located by 'By.xpath: //*[@data-id='button-link']//*[contains(text(),'Create New Voucher')]'. Please recheck the objects properties to make sure the desired element is located. 

2020-10-10 11:06:47 - [MESSAGE][WARNING] - Object 'Object Repository/FDR-Dashboard/createNewVoucherButton' is not present after 5 second(s)

2020-10-10 11:06:47 - [TEST_STEP][PASSED] - click(findTestObject("FDR-VoucherEntry/InvoiceLine/closeButton")): Object: 'Object Repository/FDR-VoucherEntry/InvoiceLine/closeButton' is clicked on

2020-10-10 11:06:48 - [MESSAGE][PASSED] - Object: 'Object Repository/FDR-VoucherEntry/InvoiceLine/closeButton' is clicked on

2020-10-10 11:06:48 - [TEST_STEP][PASSED] - waitForElementPresent(findTestObject("FDR-Dashboard/createNewVoucherButton"), 5): Object 'Object Repository/FDR-Dashboard/createNewVoucherButton' is not present after 5 second(s)

2020-10-10 11:06:54 - [MESSAGE][INFO] - Unable to find the element located by 'By.xpath: //*[@data-id='button-link']//*[contains(text(),'Create New Voucher')]'. Please recheck the objects properties to make sure the desired element is located. 

2020-10-10 11:06:54 - [MESSAGE][WARNING] - Object 'Object Repository/FDR-Dashboard/createNewVoucherButton' is not present after 5 second(s)

2020-10-10 11:06:54 - [TEST_STEP][PASSED] - click(findTestObject("FDR-VoucherEntry/InvoiceLine/remittanceAdvice")): Object: 'Object Repository/FDR-VoucherEntry/InvoiceLine/remittanceAdvice' is clicked on

2020-10-10 11:06:54 - [MESSAGE][PASSED] - Object: 'Object Repository/FDR-VoucherEntry/InvoiceLine/remittanceAdvice' is clicked on

2020-10-10 11:06:54 - [TEST_STEP][PASSED] - waitForElementPresent(findTestObject("FDR-Dashboard/createNewVoucherButton"), 5): Object 'Object Repository/FDR-Dashboard/createNewVoucherButton' is not present after 5 second(s)

2020-10-10 11:07:00 - [MESSAGE][INFO] - Unable to find the element located by 'By.xpath: //*[@data-id='button-link']//*[contains(text(),'Create New Voucher')]'. Please recheck the objects properties to make sure the desired element is located. 

2020-10-10 11:07:00 - [MESSAGE][WARNING] - Object 'Object Repository/FDR-Dashboard/createNewVoucherButton' is not present after 5 second(s)

2020-10-10 11:07:00 - [TEST_STEP][PASSED] - click(findTestObject("FDR-VoucherEntry/InvoiceLine/closeButton")): Object: 'Object Repository/FDR-VoucherEntry/InvoiceLine/closeButton' is clicked on

2020-10-10 11:07:01 - [MESSAGE][PASSED] - Object: 'Object Repository/FDR-VoucherEntry/InvoiceLine/closeButton' is clicked on

2020-10-10 11:07:01 - [TEST_STEP][PASSED] - waitForElementPresent(findTestObject("FDR-Dashboard/createNewVoucherButton"), 5): Object 'Object Repository/FDR-Dashboard/createNewVoucherButton' is not present after 5 second(s)

2020-10-10 11:07:07 - [MESSAGE][INFO] - Unable to find the element located by 'By.xpath: //*[@data-id='button-link']//*[contains(text(),'Create New Voucher')]'. Please recheck the objects properties to make sure the desired element is located. 

2020-10-10 11:07:07 - [MESSAGE][WARNING] - Object 'Object Repository/FDR-Dashboard/createNewVoucherButton' is not present after 5 second(s)

2020-10-10 11:07:07 - [TEST_STEP][PASSED] - waitForElementPresent(findTestObject("FDR-Vouchers-States/Resume/submitForApproval"), 7): Object 'Object Repository/FDR-Vouchers-States/Resume/submitForApproval' is present

2020-10-10 11:07:07 - [MESSAGE][PASSED] - Object 'Object Repository/FDR-Vouchers-States/Resume/submitForApproval' is present

2020-10-10 11:07:07 - [TEST_STEP][PASSED] - click(findTestObject("FDR-Vouchers-States/Resume/submitForApproval")): Object: 'Object Repository/FDR-Vouchers-States/Resume/submitForApproval' is clicked on

2020-10-10 11:07:08 - [MESSAGE][PASSED] - Object: 'Object Repository/FDR-Vouchers-States/Resume/submitForApproval' is clicked on

2020-10-10 11:07:08 - [TEST_STEP][PASSED] - waitForElementPresent(findTestObject("FDR-Dashboard/createNewVoucherButton"), 5): Object 'Object Repository/FDR-Dashboard/createNewVoucherButton' is present

2020-10-10 11:07:09 - [MESSAGE][PASSED] - Object 'Object Repository/FDR-Dashboard/createNewVoucherButton' is present

2020-10-10 11:07:09 - [TEST_STEP][PASSED] - click(findTestObject("FDR-Dashboard/Filters/clearFilterButton")): Object: 'Object Repository/FDR-Dashboard/Filters/clearFilterButton' is clicked on

2020-10-10 11:07:09 - [MESSAGE][PASSED] - Object: 'Object Repository/FDR-Dashboard/Filters/clearFilterButton' is clicked on

2020-10-10 11:07:09 - [TEST_STEP][PASSED] - waitForElementPresent(findTestObject("FDR-Dashboard/createNewVoucherButton"), 5): Object 'Object Repository/FDR-Dashboard/createNewVoucherButton' is present

2020-10-10 11:07:10 - [MESSAGE][PASSED] - Object 'Object Repository/FDR-Dashboard/createNewVoucherButton' is present

2020-10-10 11:07:10 - [TEST_STEP][PASSED] - refresh(): Refresh successfully

2020-10-10 11:07:11 - [MESSAGE][PASSED] - Refresh successfully

2020-10-10 11:07:11 - [TEST_STEP][PASSED] - waitForElementPresent(findTestObject("FDR-Dashboard/createNewVoucherButton"), 5): Object 'Object Repository/FDR-Dashboard/createNewVoucherButton' is not present after 5 second(s)

2020-10-10 11:07:17 - [MESSAGE][INFO] - Unable to find the element located by 'By.xpath: //*[@data-id='button-link']//*[contains(text(),'Create New Voucher')]'. Please recheck the objects properties to make sure the desired element is located. 

2020-10-10 11:07:17 - [MESSAGE][WARNING] - Object 'Object Repository/FDR-Dashboard/createNewVoucherButton' is not present after 5 second(s)

2020-10-10 11:07:17 - [TEST_STEP][PASSED] - commonFunctions.selectRole("accountsPayableApprover"): Object 'Object Repository/FDR-VoucherEntry/VoucherHeader/reviewButton' is not present after 2 second(s)

2020-10-10 11:07:20 - [MESSAGE][INFO] - Unable to find the element located by 'By.xpath: //*[text()='Review']//parent::button[@data-id='action-button']'. Please recheck the objects properties to make sure the desired element is located. 

2020-10-10 11:07:20 - [MESSAGE][WARNING] - Object 'Object Repository/FDR-VoucherEntry/VoucherHeader/reviewButton' is not present after 2 second(s)

2020-10-10 11:07:21 - [MESSAGE][PASSED] - Object: 'Object Repository/FDR-SuperUser-Dashboard/userExpandButton' is clicked on

2020-10-10 11:07:24 - [MESSAGE][INFO] - Unable to find the element located by 'By.xpath: //*[text()='Review']//parent::button[@data-id='action-button']'. Please recheck the objects properties to make sure the desired element is located. 

2020-10-10 11:07:24 - [MESSAGE][WARNING] - Object 'Object Repository/FDR-VoucherEntry/VoucherHeader/reviewButton' is not present after 2 second(s)

2020-10-10 11:07:24 - [MESSAGE][PASSED] - Object: 'Object Repository/FDR-SuperUser-Dashboard/accountsPayableApprover' is clicked on

2020-10-10 11:07:27 - [MESSAGE][INFO] - Unable to find the element located by 'By.xpath: //*[text()='Review']//parent::button[@data-id='action-button']'. Please recheck the objects properties to make sure the desired element is located. 

2020-10-10 11:07:27 - [MESSAGE][WARNING] - Object 'Object Repository/FDR-VoucherEntry/VoucherHeader/reviewButton' is not present after 2 second(s)

2020-10-10 11:07:27 - [TEST_STEP][PASSED] - waitForElementPresent(findTestObject("FDR-Dashboard/createNewVoucherButton"), 3): Object 'Object Repository/FDR-Dashboard/createNewVoucherButton' is present

2020-10-10 11:07:28 - [MESSAGE][PASSED] - Object 'Object Repository/FDR-Dashboard/createNewVoucherButton' is present

2020-10-10 11:07:28 - [TEST_STEP][PASSED] - setText(findTestObject("FDR-Dashboard/Search/searchInputField"), processorVoucherNumber): Text 'CAP00000099' is set on object 'Object Repository/FDR-Dashboard/Search/searchInputField'

2020-10-10 11:07:28 - [MESSAGE][PASSED] - Text 'CAP00000099' is set on object 'Object Repository/FDR-Dashboard/Search/searchInputField'

2020-10-10 11:07:28 - [TEST_STEP][PASSED] - waitForElementPresent(findTestObject("FDR-Dashboard/Filters/validateFilterButton"), 10): Object 'Object Repository/FDR-Dashboard/Filters/validateFilterButton' is present

2020-10-10 11:07:29 - [MESSAGE][PASSED] - Object 'Object Repository/FDR-Dashboard/Filters/validateFilterButton' is present

2020-10-10 11:07:29 - [TEST_STEP][PASSED] - click(findTestObject("FDR-Dashboard/Filters/validateFilterButton")): Object: 'Object Repository/FDR-Dashboard/Filters/validateFilterButton' is clicked on

2020-10-10 11:07:29 - [MESSAGE][PASSED] - Object: 'Object Repository/FDR-Dashboard/Filters/validateFilterButton' is clicked on

2020-10-10 11:07:29 - [TEST_STEP][PASSED] - waitForElementPresent(findTestObject("Object Repository/FDR-Dashboard/VouhcersTable/validateButton"), 10): Object 'Object Repository/FDR-Dashboard/VouhcersTable/validateButton' is present

2020-10-10 11:07:30 - [MESSAGE][PASSED] - Object 'Object Repository/FDR-Dashboard/VouhcersTable/validateButton' is present

2020-10-10 11:07:30 - [TEST_STEP][PASSED] - click(findTestObject("Object Repository/FDR-Dashboard/VouhcersTable/validateButton")): Object: 'Object Repository/FDR-Dashboard/VouhcersTable/validateButton' is clicked on

2020-10-10 11:07:31 - [MESSAGE][PASSED] - Object: 'Object Repository/FDR-Dashboard/VouhcersTable/validateButton' is clicked on

2020-10-10 11:07:31 - [TEST_STEP][PASSED] - waitForElementPresent(findTestObject("Object Repository/FDR-Vouchers-States/Validate/approveButton"), 10): Object 'Object Repository/FDR-Vouchers-States/Validate/approveButton' is present

2020-10-10 11:07:31 - [MESSAGE][PASSED] - Object 'Object Repository/FDR-Vouchers-States/Validate/approveButton' is present

2020-10-10 11:07:31 - [TEST_STEP][PASSED] - click(findTestObject("Object Repository/FDR-Vouchers-States/Validate/approveButton")): Object: 'Object Repository/FDR-Vouchers-States/Validate/approveButton' is clicked on

2020-10-10 11:07:32 - [MESSAGE][PASSED] - Object: 'Object Repository/FDR-Vouchers-States/Validate/approveButton' is clicked on

2020-10-10 11:07:32 - [TEST_STEP][PASSED] - click(findTestObject("FDR-Dashboard/Filters/clearFilterButton")): Object: 'Object Repository/FDR-Dashboard/Filters/clearFilterButton' is clicked on

2020-10-10 11:07:33 - [MESSAGE][PASSED] - Object: 'Object Repository/FDR-Dashboard/Filters/clearFilterButton' is clicked on

2020-10-10 11:07:33 - [TEST_STEP][PASSED] - waitForElementVisible(findTestObject("FDR-Dashboard/Search/searchInputField"), 5): Object 'Object Repository/FDR-Dashboard/Search/searchInputField' is visible

2020-10-10 11:07:34 - [MESSAGE][PASSED] - Object 'Object Repository/FDR-Dashboard/Search/searchInputField' is visible

2020-10-10 11:07:34 - [TEST_STEP][PASSED] - click(findTestObject("FDR-Dashboard/Search/searchInputField")): Object: 'Object Repository/FDR-Dashboard/Search/searchInputField' is clicked on

2020-10-10 11:07:34 - [MESSAGE][PASSED] - Object: 'Object Repository/FDR-Dashboard/Search/searchInputField' is clicked on

2020-10-10 11:07:34 - [TEST_STEP][PASSED] - setText(findTestObject("FDR-Dashboard/Search/searchInputField"), processorVoucherNumber): Text 'CAP00000099' is set on object 'Object Repository/FDR-Dashboard/Search/searchInputField'

2020-10-10 11:07:34 - [MESSAGE][PASSED] - Text 'CAP00000099' is set on object 'Object Repository/FDR-Dashboard/Search/searchInputField'

2020-10-10 11:07:34 - [TEST_STEP][PASSED] - click(findTestObject("Object Repository/FDR-Dashboard/Filters/printFilterButton")): Object: 'Object Repository/FDR-Dashboard/Filters/printFilterButton' is clicked on

2020-10-10 11:07:35 - [MESSAGE][PASSED] - Object: 'Object Repository/FDR-Dashboard/Filters/printFilterButton' is clicked on

2020-10-10 11:07:35 - [TEST_STEP][PASSED] - delay(5): Delayed 5 second(s)

2020-10-10 11:07:40 - [MESSAGE][PASSED] - Delayed 5 second(s)

2020-10-10 11:07:40 - [TEST_STEP][PASSED] - waitForElementPresent(findTestObject("Object Repository/FDR-Dashboard/VouhcersTable/printButton"), 5): Object 'Object Repository/FDR-Dashboard/VouhcersTable/printButton' is present

2020-10-10 11:07:40 - [MESSAGE][PASSED] - Object 'Object Repository/FDR-Dashboard/VouhcersTable/printButton' is present

2020-10-10 11:07:40 - [TEST_STEP][PASSED] - click(findTestObject("Object Repository/FDR-Dashboard/VouhcersTable/printButton")): Object: 'Object Repository/FDR-Dashboard/VouhcersTable/printButton' is clicked on

2020-10-10 11:07:41 - [MESSAGE][PASSED] - Object: 'Object Repository/FDR-Dashboard/VouhcersTable/printButton' is clicked on

2020-10-10 11:07:41 - [TEST_STEP][PASSED] - click(findTestObject("Object Repository/FDR-Vouchers-States/Print/printCMIAForm")): Object: 'Object Repository/FDR-Vouchers-States/Print/printCMIAForm' is clicked on

2020-10-10 11:07:41 - [MESSAGE][PASSED] - Object: 'Object Repository/FDR-Vouchers-States/Print/printCMIAForm' is clicked on

2020-10-10 11:07:41 - [TEST_STEP][PASSED] - waitForElementPresent(findTestObject("FDR-Dashboard/createNewVoucherButton"), 2): Object 'Object Repository/FDR-Dashboard/createNewVoucherButton' is not present after 2 second(s)

2020-10-10 11:07:45 - [MESSAGE][INFO] - Unable to find the element located by 'By.xpath: //*[@data-id='button-link']//*[contains(text(),'Create New Voucher')]'. Please recheck the objects properties to make sure the desired element is located. 

2020-10-10 11:07:45 - [MESSAGE][WARNING] - Object 'Object Repository/FDR-Dashboard/createNewVoucherButton' is not present after 2 second(s)

2020-10-10 11:07:45 - [TEST_STEP][PASSED] - closeWindowIndex(1, STOP_ON_FAILURE): Window with index 1 is closed

2020-10-10 11:07:48 - [MESSAGE][PASSED] - Window with index 1 is closed

2020-10-10 11:07:48 - [TEST_STEP][PASSED] - switchToWindowIndex(0, STOP_ON_FAILURE): Switched to window with index: '0'

2020-10-10 11:07:48 - [MESSAGE][PASSED] - Switched to window with index: '0'

2020-10-10 11:07:48 - [TEST_STEP][PASSED] - waitForElementPresent(findTestObject("FDR-Dashboard/createNewVoucherButton"), 2): Object 'Object Repository/FDR-Dashboard/createNewVoucherButton' is not present after 2 second(s)

2020-10-10 11:07:51 - [MESSAGE][INFO] - Unable to find the element located by 'By.xpath: //*[@data-id='button-link']//*[contains(text(),'Create New Voucher')]'. Please recheck the objects properties to make sure the desired element is located. 

2020-10-10 11:07:51 - [MESSAGE][WARNING] - Object 'Object Repository/FDR-Dashboard/createNewVoucherButton' is not present after 2 second(s)

2020-10-10 11:07:51 - [TEST_STEP][PASSED] - click(findTestObject("FDR-Vouchers-States/Print/printFaceSheet")): Object: 'Object Repository/FDR-Vouchers-States/Print/printFaceSheet' is clicked on

2020-10-10 11:07:51 - [MESSAGE][PASSED] - Object: 'Object Repository/FDR-Vouchers-States/Print/printFaceSheet' is clicked on

2020-10-10 11:07:51 - [TEST_STEP][PASSED] - waitForElementPresent(findTestObject("FDR-Dashboard/createNewVoucherButton"), 2): Object 'Object Repository/FDR-Dashboard/createNewVoucherButton' is not present after 2 second(s)

2020-10-10 11:07:55 - [MESSAGE][INFO] - Unable to find the element located by 'By.xpath: //*[@data-id='button-link']//*[contains(text(),'Create New Voucher')]'. Please recheck the objects properties to make sure the desired element is located. 

2020-10-10 11:07:55 - [MESSAGE][WARNING] - Object 'Object Repository/FDR-Dashboard/createNewVoucherButton' is not present after 2 second(s)

2020-10-10 11:07:55 - [TEST_STEP][PASSED] - closeWindowIndex(1, STOP_ON_FAILURE): Window with index 1 is closed

2020-10-10 11:07:57 - [MESSAGE][PASSED] - Window with index 1 is closed

2020-10-10 11:07:57 - [TEST_STEP][PASSED] - switchToWindowIndex(0, STOP_ON_FAILURE): Switched to window with index: '0'

2020-10-10 11:07:57 - [MESSAGE][PASSED] - Switched to window with index: '0'

2020-10-10 11:07:57 - [TEST_STEP][PASSED] - waitForElementPresent(findTestObject("FDR-Dashboard/createNewVoucherButton"), 2): Object 'Object Repository/FDR-Dashboard/createNewVoucherButton' is not present after 2 second(s)

2020-10-10 11:08:00 - [MESSAGE][INFO] - Unable to find the element located by 'By.xpath: //*[@data-id='button-link']//*[contains(text(),'Create New Voucher')]'. Please recheck the objects properties to make sure the desired element is located. 

2020-10-10 11:08:00 - [MESSAGE][WARNING] - Object 'Object Repository/FDR-Dashboard/createNewVoucherButton' is not present after 2 second(s)

2020-10-10 11:08:00 - [TEST_STEP][PASSED] - click(findTestObject("FDR-Vouchers-States/Print/printRA")): Object: 'Object Repository/FDR-Vouchers-States/Print/printRA' is clicked on

2020-10-10 11:08:01 - [MESSAGE][PASSED] - Object: 'Object Repository/FDR-Vouchers-States/Print/printRA' is clicked on

2020-10-10 11:08:01 - [TEST_STEP][PASSED] - waitForElementPresent(findTestObject("FDR-Dashboard/createNewVoucherButton"), 2): Object 'Object Repository/FDR-Dashboard/createNewVoucherButton' is not present after 2 second(s)

2020-10-10 11:08:05 - [MESSAGE][INFO] - Unable to find the element located by 'By.xpath: //*[@data-id='button-link']//*[contains(text(),'Create New Voucher')]'. Please recheck the objects properties to make sure the desired element is located. 

2020-10-10 11:08:05 - [MESSAGE][WARNING] - Object 'Object Repository/FDR-Dashboard/createNewVoucherButton' is not present after 2 second(s)

2020-10-10 11:08:05 - [TEST_STEP][PASSED] - closeWindowIndex(1, STOP_ON_FAILURE): Window with index 1 is closed

2020-10-10 11:08:07 - [MESSAGE][PASSED] - Window with index 1 is closed

2020-10-10 11:08:07 - [TEST_STEP][PASSED] - switchToWindowIndex(0, STOP_ON_FAILURE): Switched to window with index: '0'

2020-10-10 11:08:07 - [MESSAGE][PASSED] - Switched to window with index: '0'

2020-10-10 11:08:07 - [TEST_STEP][PASSED] - click(findTestObject("FDR-Vouchers-States/Print/allFormsPrintButton")): Object: 'Object Repository/FDR-Vouchers-States/Print/allFormsPrintButton' is clicked on

2020-10-10 11:08:08 - [MESSAGE][PASSED] - Object: 'Object Repository/FDR-Vouchers-States/Print/allFormsPrintButton' is clicked on

2020-10-10 11:08:08 - [TEST_STEP][PASSED] - waitForElementPresent(findTestObject("FDR-Dashboard/createNewVoucherButton"), 2): Object 'Object Repository/FDR-Dashboard/createNewVoucherButton' is present

2020-10-10 11:08:08 - [MESSAGE][PASSED] - Object 'Object Repository/FDR-Dashboard/createNewVoucherButton' is present

2020-10-10 11:08:08 - [TEST_STEP][PASSED] - click(findTestObject("FDR-Dashboard/Filters/clearFilterButton")): Object: 'Object Repository/FDR-Dashboard/Filters/clearFilterButton' is clicked on

2020-10-10 11:08:09 - [MESSAGE][PASSED] - Object: 'Object Repository/FDR-Dashboard/Filters/clearFilterButton' is clicked on

2020-10-10 11:08:09 - [TEST_STEP][PASSED] - waitForElementPresent(findTestObject("Object Repository/FDR-Dashboard/appLogo"), 2): Object 'Object Repository/FDR-Dashboard/appLogo' is present

2020-10-10 11:08:10 - [MESSAGE][PASSED] - Object 'Object Repository/FDR-Dashboard/appLogo' is present

2020-10-10 11:08:10 - [TEST_STEP][PASSED] - click(findTestObject("Object Repository/FDR-Dashboard/appLogo")): Object: 'Object Repository/FDR-Dashboard/appLogo' is clicked on

2020-10-10 11:08:10 - [MESSAGE][PASSED] - Object: 'Object Repository/FDR-Dashboard/appLogo' is clicked on

2020-10-10 11:08:10 - [TEST_STEP][PASSED] - commonFunctions.logout(): Browser is closed

2020-10-10 11:08:11 - [MESSAGE][PASSED] - Browser is closed

2020-10-10 11:08:11 - [TEST_STEP][PASSED] - Start listener action : sampleAfterTestCase: null

2020-10-10 11:08:11 - [TEST_STEP][PASSED] - profileName = getExecutionProfile(): null

2020-10-10 11:08:11 - [TEST_STEP][PASSED] - switch (profileName): null

2020-10-10 11:08:11 - [TEST_STEP][PASSED] - case "superUser":: null

2020-10-10 11:08:11 - [TEST_STEP][PASSED] - return null: null

2020-10-10 11:08:11 - [TEST_STEP][PASSED] - Start listener action : afterTestCase: null

2020-10-10 11:08:11 - [TEST_STEP][PASSED] - profileName = getExecutionProfile(): null

2020-10-10 11:08:11 - [TEST_STEP][PASSED] - if (profileName.equalsIgnoreCase("SysAdmin")): null

2020-10-10 11:08:11 - [TEST_STEP][PASSED] - Start listener action : sampleAfterTestCase: null

2020-10-10 11:08:11 - [TEST_STEP][PASSED] - profileName = getExecutionProfile(): null

2020-10-10 11:08:11 - [TEST_STEP][PASSED] - switch (profileName): null

2020-10-10 11:08:11 - [TEST_STEP][PASSED] - Default: null

2020-10-10 11:08:11 - [TEST_STEP][PASSED] - return null: null

2020-10-10 11:08:11 - [TEST_STEP][PASSED] - Start listener action : addFailedTCToList: null]]></system-out>
         <system-err><![CDATA[]]></system-err>
      </testcase>
      <testcase name="Test Cases/FDR_E2E-REGRESSION-TESTS/TC_4-FDR-E2E-RECEIPT-REJECT" time="418.744" classname="Test Cases/FDR_E2E-REGRESSION-TESTS/TC_4-FDR-E2E-RECEIPT-REJECT" status="PASSED">
         <system-out><![CDATA[2020-10-10 11:08:11 - [TEST_CASE][PASSED] - Test Cases/FDR_E2E-REGRESSION-TESTS/TC_4-FDR-E2E-RECEIPT-REJECT: Test Cases/FDR_E2E-REGRESSION-TESTS/TC_4-FDR-E2E-RECEIPT-REJECT

2020-10-10 11:08:11 - [TEST_STEP][PASSED] - Start listener action : sampleBeforeTestCase: null

2020-10-10 11:08:11 - [TEST_STEP][PASSED] - profileName = getExecutionProfile(): null

2020-10-10 11:08:11 - [TEST_STEP][PASSED] - switch (profileName): null

2020-10-10 11:08:11 - [TEST_STEP][PASSED] - case "superUser":: null

2020-10-10 11:08:11 - [TEST_STEP][PASSED] - return null: null

2020-10-10 11:08:11 - [TEST_STEP][PASSED] - Start listener action : beforeTestCase: null

2020-10-10 11:08:11 - [TEST_STEP][PASSED] - profileName = getExecutionProfile(): null

2020-10-10 11:08:11 - [TEST_STEP][PASSED] - if (profileName.equalsIgnoreCase("SysAdmin")): null

2020-10-10 11:08:11 - [TEST_STEP][PASSED] - Start listener action : sampleBeforeTestCase: null

2020-10-10 11:08:11 - [TEST_STEP][PASSED] - profileName = getExecutionProfile(): null

2020-10-10 11:08:11 - [TEST_STEP][PASSED] - testCaseId = testCaseContext.getTestCaseId(): null

2020-10-10 11:08:11 - [TEST_STEP][PASSED] - switch (profileName): null

2020-10-10 11:08:11 - [TEST_STEP][PASSED] - Default: null

2020-10-10 11:08:11 - [TEST_STEP][PASSED] - return null: null

2020-10-10 11:08:11 - [TEST_STEP][PASSED] - Start listener action : executeRows: null

2020-10-10 11:08:11 - [TEST_STEP][PASSED] - ReceiptDatasheet = findTestData("FDR_E2E-REGRESSION-TESTS-DATA/FDR-E2E-FDR-RECEIPT-REJECT-DATA"): null

2020-10-10 11:08:11 - [TEST_STEP][PASSED] - wait = 10: null

2020-10-10 11:08:11 - [TEST_STEP][PASSED] - commonFunctions.login(superUserAccnt, superUserPwd): Object: 'Object Repository/FDR-SignIn/SignInButton' is clicked on

2020-10-10 11:08:11 - [MESSAGE][INFO] - Starting 'Chrome' driver

2020-10-10 11:08:11 - [MESSAGE][INFO] - Action delay is set to 0 milliseconds

2020-10-10 11:08:15 - [MESSAGE][PASSED] - Browser is opened with url: 'https://fdr-katalon.cammis-mod-dev.dhcs.ca.gov'

2020-10-10 11:08:17 - [MESSAGE][PASSED] - Current window maximized

2020-10-10 11:08:17 - [MESSAGE][PASSED] - Object 'Object Repository/FDR-SignIn/SignInEmail' is present

2020-10-10 11:08:18 - [MESSAGE][PASSED] - Object: 'Object Repository/FDR-SignIn/SignInEmail' is clicked on

2020-10-10 11:08:18 - [MESSAGE][PASSED] - Object 'Object Repository/FDR-SignIn/SignInEmail' is present

2020-10-10 11:08:19 - [MESSAGE][PASSED] - Text 'fdr.test11@dhcs.ca.gov' is set on object 'Object Repository/FDR-SignIn/SignInEmail'

2020-10-10 11:08:19 - [MESSAGE][PASSED] - Object 'Object Repository/FDR-SignIn/SignInEmailNext' is visible

2020-10-10 11:08:19 - [MESSAGE][PASSED] - Object: 'Object Repository/FDR-SignIn/SignInEmailNext' is clicked on

2020-10-10 11:08:25 - [MESSAGE][PASSED] - Object 'Object Repository/FDR-SignIn/SignInEmailPassword' is visible

2020-10-10 11:08:26 - [MESSAGE][PASSED] - Object: 'Object Repository/FDR-SignIn/SignInEmailPassword' is clicked on

2020-10-10 11:08:26 - [MESSAGE][PASSED] - Text ****** has been set on object 'Object Repository/FDR-SignIn/SignInEmailPassword'

2020-10-10 11:08:28 - [MESSAGE][PASSED] - Object: 'Object Repository/FDR-SignIn/SignInButton' is clicked on

2020-10-10 11:08:28 - [TEST_STEP][PASSED] - waitForElementPresent(findTestObject("FDR-Dashboard/createNewVoucherButton"), wait): Object 'Object Repository/FDR-Dashboard/createNewVoucherButton' is not present after 10 second(s)

2020-10-10 11:08:39 - [MESSAGE][INFO] - Unable to find the element located by 'By.xpath: //*[@data-id='button-link']//*[contains(text(),'Create New Voucher')]'. Please recheck the objects properties to make sure the desired element is located. 

2020-10-10 11:08:39 - [MESSAGE][WARNING] - Object 'Object Repository/FDR-Dashboard/createNewVoucherButton' is not present after 10 second(s)

2020-10-10 11:08:39 - [TEST_STEP][PASSED] - commonFunctions.selectRole("cashieringProcessorRole"): Object 'Object Repository/FDR-VoucherEntry/VoucherHeader/reviewButton' is not present after 2 second(s)

2020-10-10 11:08:42 - [MESSAGE][INFO] - Unable to find the element located by 'By.xpath: //*[text()='Review']//parent::button[@data-id='action-button']'. Please recheck the objects properties to make sure the desired element is located. 

2020-10-10 11:08:42 - [MESSAGE][WARNING] - Object 'Object Repository/FDR-VoucherEntry/VoucherHeader/reviewButton' is not present after 2 second(s)

2020-10-10 11:08:42 - [MESSAGE][PASSED] - Object: 'Object Repository/FDR-SuperUser-Dashboard/userExpandButton' is clicked on

2020-10-10 11:08:46 - [MESSAGE][INFO] - Unable to find the element located by 'By.xpath: //*[text()='Review']//parent::button[@data-id='action-button']'. Please recheck the objects properties to make sure the desired element is located. 

2020-10-10 11:08:46 - [MESSAGE][WARNING] - Object 'Object Repository/FDR-VoucherEntry/VoucherHeader/reviewButton' is not present after 2 second(s)

2020-10-10 11:08:46 - [MESSAGE][PASSED] - Object: 'Object Repository/FDR-SuperUser-Dashboard/cashieringProcessorRole' is clicked on

2020-10-10 11:08:49 - [MESSAGE][INFO] - Unable to find the element located by 'By.xpath: //*[text()='Review']//parent::button[@data-id='action-button']'. Please recheck the objects properties to make sure the desired element is located. 

2020-10-10 11:08:49 - [MESSAGE][WARNING] - Object 'Object Repository/FDR-VoucherEntry/VoucherHeader/reviewButton' is not present after 2 second(s)

2020-10-10 11:08:49 - [TEST_STEP][PASSED] - waitForElementPresent(findTestObject("FDR-Dashboard/createNewVoucherButton"), wait): Object 'Object Repository/FDR-Dashboard/createNewVoucherButton' is not present after 10 second(s)

2020-10-10 11:09:00 - [MESSAGE][INFO] - Unable to find the element located by 'By.xpath: //*[@data-id='button-link']//*[contains(text(),'Create New Voucher')]'. Please recheck the objects properties to make sure the desired element is located. 

2020-10-10 11:09:00 - [MESSAGE][WARNING] - Object 'Object Repository/FDR-Dashboard/createNewVoucherButton' is not present after 10 second(s)

2020-10-10 11:09:00 - [TEST_STEP][PASSED] - waitForElementPresent(findTestObject("FDR-Receipt/FDR-Receipt-Dashboard/createNew_ReceiptBatch_Button"), wait): Object 'Object Repository/FDR-Receipt/FDR-Receipt-Dashboard/createNew_ReceiptBatch_Button' is present

2020-10-10 11:09:01 - [MESSAGE][PASSED] - Object 'Object Repository/FDR-Receipt/FDR-Receipt-Dashboard/createNew_ReceiptBatch_Button' is present

2020-10-10 11:09:01 - [TEST_STEP][PASSED] - click(findTestObject("FDR-Receipt/FDR-Receipt-Dashboard/createNew_ReceiptBatch_Button")): Object: 'Object Repository/FDR-Receipt/FDR-Receipt-Dashboard/createNew_ReceiptBatch_Button' is clicked on

2020-10-10 11:09:01 - [MESSAGE][PASSED] - Object: 'Object Repository/FDR-Receipt/FDR-Receipt-Dashboard/createNew_ReceiptBatch_Button' is clicked on

2020-10-10 11:09:01 - [TEST_STEP][PASSED] - waitForElementPresent(findTestObject("FDR-Receipt/FDR-Receipt-Header/View/inputDrawDate"), wait): Object 'Object Repository/FDR-Receipt/FDR-Receipt-Header/View/inputDrawDate' is present

2020-10-10 11:09:02 - [MESSAGE][PASSED] - Object 'Object Repository/FDR-Receipt/FDR-Receipt-Header/View/inputDrawDate' is present

2020-10-10 11:09:02 - [TEST_STEP][PASSED] - ChangeDrawDate.DrawDate(): Object: 'Object Repository/FDR-VoucherEntry/VoucherEntryObjects/AvaliableDate' is clicked on

2020-10-10 11:09:02 - [MESSAGE][PASSED] - Object: 'Object Repository/FDR-VoucherEntry/VoucherEntryObjects/DateImage' is clicked on

2020-10-10 11:09:03 - [MESSAGE][PASSED] - Object 'Object Repository/FDR-VoucherEntry/VoucherEntryObjects/AvaliableDate' is present

2020-10-10 11:09:04 - [MESSAGE][PASSED] - Object: 'Object Repository/FDR-VoucherEntry/VoucherEntryObjects/AvaliableDate' is clicked on

2020-10-10 11:09:04 - [TEST_STEP][PASSED] - waitForElementPresent(findTestObject("FDR-Receipt/FDR-Receipt-Header/View/deposit ID"), 1): Object 'Object Repository/FDR-Receipt/FDR-Receipt-Header/View/deposit ID' is present

2020-10-10 11:09:04 - [MESSAGE][PASSED] - Object 'Object Repository/FDR-Receipt/FDR-Receipt-Header/View/deposit ID' is present

2020-10-10 11:09:04 - [TEST_STEP][PASSED] - depositId = RandomStringUtils.randomNumeric(7): null

2020-10-10 11:09:04 - [TEST_STEP][PASSED] - setText(findTestObject("FDR-Receipt/FDR-Receipt-Header/View/deposit ID"), depositId): Text '6962059' is set on object 'Object Repository/FDR-Receipt/FDR-Receipt-Header/View/deposit ID'

2020-10-10 11:09:05 - [MESSAGE][PASSED] - Text '6962059' is set on object 'Object Repository/FDR-Receipt/FDR-Receipt-Header/View/deposit ID'

2020-10-10 11:09:05 - [TEST_STEP][PASSED] - waitForElementPresent(findTestObject("FDR-Receipt/FDR-ReceiptBatch/receiptNotes"), wait): Object 'Object Repository/FDR-Receipt/FDR-ReceiptBatch/receiptNotes' is present

2020-10-10 11:09:06 - [MESSAGE][PASSED] - Object 'Object Repository/FDR-Receipt/FDR-ReceiptBatch/receiptNotes' is present

2020-10-10 11:09:06 - [TEST_STEP][PASSED] - setText(findTestObject("FDR-Receipt/FDR-ReceiptBatch/receiptNotes"), ReceiptDatasheet.getValue("ReceiptNotes", 1)): Text 'Regression Scenario-Receipt 1' is set on object 'Object Repository/FDR-Receipt/FDR-ReceiptBatch/receiptNotes'

2020-10-10 11:09:07 - [MESSAGE][PASSED] - Text 'Regression Scenario-Receipt 1' is set on object 'Object Repository/FDR-Receipt/FDR-ReceiptBatch/receiptNotes'

2020-10-10 11:09:07 - [TEST_STEP][PASSED] - remittanceNo = Random().nextInt(900000) + 10000: null

2020-10-10 11:09:07 - [TEST_STEP][PASSED] - click(findTestObject("FDR-Receipt/FDR-Receipt-Header/View/remittanceNo")): Object: 'Object Repository/FDR-Receipt/FDR-Receipt-Header/View/remittanceNo' is clicked on

2020-10-10 11:09:07 - [MESSAGE][PASSED] - Object: 'Object Repository/FDR-Receipt/FDR-Receipt-Header/View/remittanceNo' is clicked on

2020-10-10 11:09:07 - [TEST_STEP][PASSED] - setText(findTestObject("FDR-Receipt/FDR-Receipt-Header/View/remittanceNo"), "RA" + remittanceNo): Text 'RA284455' is set on object 'Object Repository/FDR-Receipt/FDR-Receipt-Header/View/remittanceNo'

2020-10-10 11:09:08 - [MESSAGE][PASSED] - Text 'RA284455' is set on object 'Object Repository/FDR-Receipt/FDR-Receipt-Header/View/remittanceNo'

2020-10-10 11:09:08 - [TEST_STEP][PASSED] - controllerNo = Random().nextInt(900000) + 10000: null

2020-10-10 11:09:08 - [TEST_STEP][PASSED] - click(findTestObject("FDR-Receipt/FDR-Receipt-Header/View/controllerNo")): Object: 'Object Repository/FDR-Receipt/FDR-Receipt-Header/View/controllerNo' is clicked on

2020-10-10 11:09:09 - [MESSAGE][PASSED] - Object: 'Object Repository/FDR-Receipt/FDR-Receipt-Header/View/controllerNo' is clicked on

2020-10-10 11:09:09 - [TEST_STEP][PASSED] - setText(findTestObject("FDR-Receipt/FDR-Receipt-Header/View/controllerNo"), "CA" + controllerNo): Text 'CA455490' is set on object 'Object Repository/FDR-Receipt/FDR-Receipt-Header/View/controllerNo'

2020-10-10 11:09:10 - [MESSAGE][PASSED] - Text 'CA455490' is set on object 'Object Repository/FDR-Receipt/FDR-Receipt-Header/View/controllerNo'

2020-10-10 11:09:10 - [TEST_STEP][PASSED] - waitForElementPresent(findTestObject("FDR-Receipt/FDR-Receipt-Header/View/buttonNext"), wait): Object 'Object Repository/FDR-Receipt/FDR-Receipt-Header/View/buttonNext' is present

2020-10-10 11:09:10 - [MESSAGE][PASSED] - Object 'Object Repository/FDR-Receipt/FDR-Receipt-Header/View/buttonNext' is present

2020-10-10 11:09:10 - [TEST_STEP][PASSED] - click(findTestObject("FDR-Receipt/FDR-Receipt-Header/View/buttonNext")): Object: 'Object Repository/FDR-Receipt/FDR-Receipt-Header/View/buttonNext' is clicked on

2020-10-10 11:09:11 - [MESSAGE][PASSED] - Object: 'Object Repository/FDR-Receipt/FDR-Receipt-Header/View/buttonNext' is clicked on

2020-10-10 11:09:11 - [TEST_STEP][PASSED] - waitForElementPresent(findTestObject("FDR-Receipt/FDR-Receipt-Checkline/View/receipt_ID"), wait): Object 'Object Repository/FDR-Receipt/FDR-Receipt-Checkline/View/receipt_ID' is present

2020-10-10 11:09:12 - [MESSAGE][PASSED] - Object 'Object Repository/FDR-Receipt/FDR-Receipt-Checkline/View/receipt_ID' is present

2020-10-10 11:09:12 - [TEST_STEP][PASSED] - waitForElementPresent(findTestObject("FDR-Receipt/FDR-Receipt-Checkline/View/receipt_ID"), 3): Object 'Object Repository/FDR-Receipt/FDR-Receipt-Checkline/View/receipt_ID' is present

2020-10-10 11:09:12 - [MESSAGE][PASSED] - Object 'Object Repository/FDR-Receipt/FDR-Receipt-Checkline/View/receipt_ID' is present

2020-10-10 11:09:12 - [TEST_STEP][PASSED] - ReceiptID = Random().nextInt(90000) + 1000: null

2020-10-10 11:09:12 - [TEST_STEP][PASSED] - sendKeys(findTestObject("FDR-Receipt/FDR-Receipt-Checkline/View/receipt_ID"), "RA" + ReceiptID): Keys 'RA79799' sent to object: 'Object Repository/FDR-Receipt/FDR-Receipt-Checkline/View/receipt_ID'

2020-10-10 11:09:12 - [MESSAGE][PASSED] - Keys 'RA79799' sent to object: 'Object Repository/FDR-Receipt/FDR-Receipt-Checkline/View/receipt_ID'

2020-10-10 11:09:12 - [TEST_STEP][PASSED] - waitForElementVisible(findTestObject("FDR-Receipt/FDR-Receipt-Checkline/View/supplier_Id"), wait): Object 'Object Repository/FDR-Receipt/FDR-Receipt-Checkline/View/supplier_Id' is visible

2020-10-10 11:09:13 - [MESSAGE][PASSED] - Object 'Object Repository/FDR-Receipt/FDR-Receipt-Checkline/View/supplier_Id' is visible

2020-10-10 11:09:13 - [TEST_STEP][PASSED] - click(findTestObject("FDR-Receipt/FDR-Receipt-Checkline/View/supplier_Id")): Object: 'Object Repository/FDR-Receipt/FDR-Receipt-Checkline/View/supplier_Id' is clicked on

2020-10-10 11:09:13 - [MESSAGE][PASSED] - Object: 'Object Repository/FDR-Receipt/FDR-Receipt-Checkline/View/supplier_Id' is clicked on

2020-10-10 11:09:13 - [TEST_STEP][PASSED] - sendKeys(findTestObject("FDR-Receipt/FDR-Receipt-Checkline/View/supplier_Id"), ReceiptDatasheet.getValue("supplier_Id", 1)): Keys '0000007690' sent to object: 'Object Repository/FDR-Receipt/FDR-Receipt-Checkline/View/supplier_Id'

2020-10-10 11:09:14 - [MESSAGE][PASSED] - Keys '0000007690' sent to object: 'Object Repository/FDR-Receipt/FDR-Receipt-Checkline/View/supplier_Id'

2020-10-10 11:09:14 - [TEST_STEP][PASSED] - sendKeys(findTestObject("FDR-Receipt/FDR-Receipt-Checkline/View/supplier_Id"), Keys.chord(DOWN, ENTER)): Keys 'DOWN + ENTER + ' sent to object: 'Object Repository/FDR-Receipt/FDR-Receipt-Checkline/View/supplier_Id'

2020-10-10 11:09:14 - [MESSAGE][PASSED] - Keys 'DOWN + ENTER + ' sent to object: 'Object Repository/FDR-Receipt/FDR-Receipt-Checkline/View/supplier_Id'

2020-10-10 11:09:14 - [TEST_STEP][PASSED] - waitForElementPresent(findTestObject("FDR-Receipt/FDR-Receipt-Checkline/View/deposit_Date"), 1): Object 'Object Repository/FDR-Receipt/FDR-Receipt-Checkline/View/deposit_Date' is present

2020-10-10 11:09:15 - [MESSAGE][PASSED] - Object 'Object Repository/FDR-Receipt/FDR-Receipt-Checkline/View/deposit_Date' is present

2020-10-10 11:09:15 - [TEST_STEP][PASSED] - sendKeys(findTestObject("FDR-Receipt/FDR-Receipt-Checkline/View/deposit_Date"), ReceiptDatasheet.getValue("Deposit_Date", 1)): Keys '10/10/2020' sent to object: 'Object Repository/FDR-Receipt/FDR-Receipt-Checkline/View/deposit_Date'

2020-10-10 11:09:15 - [MESSAGE][PASSED] - Keys '10/10/2020' sent to object: 'Object Repository/FDR-Receipt/FDR-Receipt-Checkline/View/deposit_Date'

2020-10-10 11:09:15 - [TEST_STEP][PASSED] - waitForElementPresent(findTestObject("FDR-Dashboard/createNewVoucherButton"), wait): Object 'Object Repository/FDR-Dashboard/createNewVoucherButton' is not present after 10 second(s)

2020-10-10 11:09:26 - [MESSAGE][INFO] - Unable to find the element located by 'By.xpath: //*[@data-id='button-link']//*[contains(text(),'Create New Voucher')]'. Please recheck the objects properties to make sure the desired element is located. 

2020-10-10 11:09:26 - [MESSAGE][WARNING] - Object 'Object Repository/FDR-Dashboard/createNewVoucherButton' is not present after 10 second(s)

2020-10-10 11:09:26 - [TEST_STEP][PASSED] - waitForElementPresent(findTestObject("FDR-Receipt/FDR-Receipt-Checkline/View/addReceipt_Button2"), wait): Object 'Object Repository/FDR-Receipt/FDR-Receipt-Checkline/View/addReceipt_Button2' is present

2020-10-10 11:09:26 - [MESSAGE][PASSED] - Object 'Object Repository/FDR-Receipt/FDR-Receipt-Checkline/View/addReceipt_Button2' is present

2020-10-10 11:09:26 - [TEST_STEP][PASSED] - click(findTestObject("FDR-Receipt/FDR-Receipt-Checkline/View/addReceipt_Button2")): Object: 'Object Repository/FDR-Receipt/FDR-Receipt-Checkline/View/addReceipt_Button2' is clicked on

2020-10-10 11:09:27 - [MESSAGE][PASSED] - Object: 'Object Repository/FDR-Receipt/FDR-Receipt-Checkline/View/addReceipt_Button2' is clicked on

2020-10-10 11:09:27 - [TEST_STEP][PASSED] - waitForElementPresent(findTestObject("FDR-Dashboard/createNewVoucherButton"), wait): Object 'Object Repository/FDR-Dashboard/createNewVoucherButton' is not present after 10 second(s)

2020-10-10 11:09:38 - [MESSAGE][INFO] - Unable to find the element located by 'By.xpath: //*[@data-id='button-link']//*[contains(text(),'Create New Voucher')]'. Please recheck the objects properties to make sure the desired element is located. 

2020-10-10 11:09:38 - [MESSAGE][WARNING] - Object 'Object Repository/FDR-Dashboard/createNewVoucherButton' is not present after 10 second(s)

2020-10-10 11:09:38 - [TEST_STEP][PASSED] - click(findTestObject("FDR-VoucherEntry/InvoiceLine/invoiceLineExpandButton")): Object: 'Object Repository/FDR-VoucherEntry/InvoiceLine/invoiceLineExpandButton' is clicked on

2020-10-10 11:09:38 - [MESSAGE][PASSED] - Object: 'Object Repository/FDR-VoucherEntry/InvoiceLine/invoiceLineExpandButton' is clicked on

2020-10-10 11:09:38 - [TEST_STEP][PASSED] - click(findTestObject("FDR-EditVoucher/button_AddInvoice")): Object: 'Object Repository/FDR-EditVoucher/button_AddInvoice' is clicked on

2020-10-10 11:09:39 - [MESSAGE][PASSED] - Object: 'Object Repository/FDR-EditVoucher/button_AddInvoice' is clicked on

2020-10-10 11:09:39 - [TEST_STEP][PASSED] - InvoiceNo = Random().nextInt(9000) + 100: null

2020-10-10 11:09:39 - [TEST_STEP][PASSED] - waitForElementPresent(findTestObject("FDR-Dashboard/createNewVoucherButton"), wait): Object 'Object Repository/FDR-Dashboard/createNewVoucherButton' is not present after 10 second(s)

2020-10-10 11:09:50 - [MESSAGE][INFO] - Unable to find the element located by 'By.xpath: //*[@data-id='button-link']//*[contains(text(),'Create New Voucher')]'. Please recheck the objects properties to make sure the desired element is located. 

2020-10-10 11:09:50 - [MESSAGE][WARNING] - Object 'Object Repository/FDR-Dashboard/createNewVoucherButton' is not present after 10 second(s)

2020-10-10 11:09:50 - [TEST_STEP][PASSED] - sendKeys(findTestObject("FDR-Receipt/FDR-Receipt-DistributionLine/FDR-AddEdit-DistributionLine/invoice_Searchfield"), "INC" + InvoiceNo): Keys 'INC1987' sent to object: 'Object Repository/FDR-Receipt/FDR-Receipt-DistributionLine/FDR-AddEdit-DistributionLine/invoice_Searchfield'

2020-10-10 11:09:50 - [MESSAGE][PASSED] - Keys 'INC1987' sent to object: 'Object Repository/FDR-Receipt/FDR-Receipt-DistributionLine/FDR-AddEdit-DistributionLine/invoice_Searchfield'

2020-10-10 11:09:50 - [TEST_STEP][PASSED] - waitForElementPresent(findTestObject("FDR-Receipt/FDR-Receipt-DistributionLine/FDR-AddEdit-DistributionLine/button_Add_invoicemanually"), wait): Object 'Object Repository/FDR-Receipt/FDR-Receipt-DistributionLine/FDR-AddEdit-DistributionLine/button_Add_invoicemanually' is present

2020-10-10 11:09:51 - [MESSAGE][PASSED] - Object 'Object Repository/FDR-Receipt/FDR-Receipt-DistributionLine/FDR-AddEdit-DistributionLine/button_Add_invoicemanually' is present

2020-10-10 11:09:51 - [TEST_STEP][PASSED] - click(findTestObject("FDR-Receipt/FDR-Receipt-DistributionLine/FDR-AddEdit-DistributionLine/button_Add_invoicemanually")): Object: 'Object Repository/FDR-Receipt/FDR-Receipt-DistributionLine/FDR-AddEdit-DistributionLine/button_Add_invoicemanually' is clicked on

2020-10-10 11:09:52 - [MESSAGE][PASSED] - Object: 'Object Repository/FDR-Receipt/FDR-Receipt-DistributionLine/FDR-AddEdit-DistributionLine/button_Add_invoicemanually' is clicked on

2020-10-10 11:09:52 - [TEST_STEP][PASSED] - waitForElementPresent(findTestObject("FDR-Receipt/FDR-Receipt-DistributionLine/FDR-AddEdit-DistributionLine/input_Service date (from)"), wait): Object 'Object Repository/FDR-Receipt/FDR-Receipt-DistributionLine/FDR-AddEdit-DistributionLine/input_Service date (from)' is present

2020-10-10 11:09:52 - [MESSAGE][PASSED] - Object 'Object Repository/FDR-Receipt/FDR-Receipt-DistributionLine/FDR-AddEdit-DistributionLine/input_Service date (from)' is present

2020-10-10 11:09:52 - [TEST_STEP][PASSED] - sendKeys(findTestObject("FDR-Receipt/FDR-Receipt-DistributionLine/FDR-AddEdit-DistributionLine/input_Service date (from)"), ReceiptDatasheet.getValue("serviceDateFrom", 1)): Keys '07/12/2020' sent to object: 'Object Repository/FDR-Receipt/FDR-Receipt-DistributionLine/FDR-AddEdit-DistributionLine/input_Service date (from)'

2020-10-10 11:09:53 - [MESSAGE][PASSED] - Keys '07/12/2020' sent to object: 'Object Repository/FDR-Receipt/FDR-Receipt-DistributionLine/FDR-AddEdit-DistributionLine/input_Service date (from)'

2020-10-10 11:09:53 - [TEST_STEP][PASSED] - waitForElementPresent(findTestObject("FDR-Receipt/FDR-Receipt-DistributionLine/FDR-AddEdit-DistributionLine/input_Service date (to)"), wait): Object 'Object Repository/FDR-Receipt/FDR-Receipt-DistributionLine/FDR-AddEdit-DistributionLine/input_Service date (to)' is present

2020-10-10 11:09:53 - [MESSAGE][PASSED] - Object 'Object Repository/FDR-Receipt/FDR-Receipt-DistributionLine/FDR-AddEdit-DistributionLine/input_Service date (to)' is present

2020-10-10 11:09:53 - [TEST_STEP][PASSED] - sendKeys(findTestObject("FDR-Receipt/FDR-Receipt-DistributionLine/FDR-AddEdit-DistributionLine/input_Service date (to)"), ReceiptDatasheet.getValue("serviceDateTo", 1)): Keys '06/01/2020' sent to object: 'Object Repository/FDR-Receipt/FDR-Receipt-DistributionLine/FDR-AddEdit-DistributionLine/input_Service date (to)'

2020-10-10 11:09:54 - [MESSAGE][PASSED] - Keys '06/01/2020' sent to object: 'Object Repository/FDR-Receipt/FDR-Receipt-DistributionLine/FDR-AddEdit-DistributionLine/input_Service date (to)'

2020-10-10 11:09:54 - [TEST_STEP][PASSED] - waitForElementPresent(findTestObject("FDR-Receipt/FDR-Receipt-DistributionLine/FDR-AddEdit-DistributionLine/input_OrginalWarrantDate"), wait): Object 'Object Repository/FDR-Receipt/FDR-Receipt-DistributionLine/FDR-AddEdit-DistributionLine/input_OrginalWarrantDate' is present

2020-10-10 11:09:54 - [MESSAGE][PASSED] - Object 'Object Repository/FDR-Receipt/FDR-Receipt-DistributionLine/FDR-AddEdit-DistributionLine/input_OrginalWarrantDate' is present

2020-10-10 11:09:54 - [TEST_STEP][PASSED] - sendKeys(findTestObject("FDR-Receipt/FDR-Receipt-DistributionLine/FDR-AddEdit-DistributionLine/input_OrginalWarrantDate"), ReceiptDatasheet.getValue("originalWarrantDate", 1)): Keys '07/12/2020' sent to object: 'Object Repository/FDR-Receipt/FDR-Receipt-DistributionLine/FDR-AddEdit-DistributionLine/input_OrginalWarrantDate'

2020-10-10 11:09:55 - [MESSAGE][PASSED] - Keys '07/12/2020' sent to object: 'Object Repository/FDR-Receipt/FDR-Receipt-DistributionLine/FDR-AddEdit-DistributionLine/input_OrginalWarrantDate'

2020-10-10 11:09:55 - [TEST_STEP][PASSED] - waitForElementPresent(findTestObject("FDR-Receipt/FDR-Receipt-DistributionLine/FDR-AddEdit-DistributionLine/input_Amount"), wait): Object 'Object Repository/FDR-Receipt/FDR-Receipt-DistributionLine/FDR-AddEdit-DistributionLine/input_Amount' is present

2020-10-10 11:09:55 - [MESSAGE][PASSED] - Object 'Object Repository/FDR-Receipt/FDR-Receipt-DistributionLine/FDR-AddEdit-DistributionLine/input_Amount' is present

2020-10-10 11:09:55 - [TEST_STEP][PASSED] - sendKeys(findTestObject("FDR-Receipt/FDR-Receipt-DistributionLine/FDR-AddEdit-DistributionLine/input_Amount"), ReceiptDatasheet.getValue("Input_Amount", 1)): Keys '35,000' sent to object: 'Object Repository/FDR-Receipt/FDR-Receipt-DistributionLine/FDR-AddEdit-DistributionLine/input_Amount'

2020-10-10 11:09:55 - [MESSAGE][PASSED] - Keys '35,000' sent to object: 'Object Repository/FDR-Receipt/FDR-Receipt-DistributionLine/FDR-AddEdit-DistributionLine/input_Amount'

2020-10-10 11:09:55 - [TEST_STEP][PASSED] - waitForElementPresent(findTestObject("FDR-Receipt/FDR-Receipt-DistributionLine/FDR-AddEdit-DistributionLine/waiver_Type"), wait): Object 'Object Repository/FDR-Receipt/FDR-Receipt-DistributionLine/FDR-AddEdit-DistributionLine/waiver_Type' is present

2020-10-10 11:09:56 - [MESSAGE][PASSED] - Object 'Object Repository/FDR-Receipt/FDR-Receipt-DistributionLine/FDR-AddEdit-DistributionLine/waiver_Type' is present

2020-10-10 11:09:56 - [TEST_STEP][PASSED] - sendKeys(findTestObject("FDR-Receipt/FDR-Receipt-DistributionLine/FDR-AddEdit-DistributionLine/waiver_Type"), ReceiptDatasheet.getValue("waiver_Type", 1)): Keys '2020' sent to object: 'Object Repository/FDR-Receipt/FDR-Receipt-DistributionLine/FDR-AddEdit-DistributionLine/waiver_Type'

2020-10-10 11:09:56 - [MESSAGE][PASSED] - Keys '2020' sent to object: 'Object Repository/FDR-Receipt/FDR-Receipt-DistributionLine/FDR-AddEdit-DistributionLine/waiver_Type'

2020-10-10 11:09:56 - [TEST_STEP][PASSED] - sendKeys(findTestObject("FDR-Receipt/FDR-Receipt-DistributionLine/FDR-AddEdit-DistributionLine/waiver_Type"), Keys.chord(DOWN, ENTER)): Keys 'DOWN + ENTER + ' sent to object: 'Object Repository/FDR-Receipt/FDR-Receipt-DistributionLine/FDR-AddEdit-DistributionLine/waiver_Type'

2020-10-10 11:09:57 - [MESSAGE][PASSED] - Keys 'DOWN + ENTER + ' sent to object: 'Object Repository/FDR-Receipt/FDR-Receipt-DistributionLine/FDR-AddEdit-DistributionLine/waiver_Type'

2020-10-10 11:09:57 - [TEST_STEP][PASSED] - waitForElementPresent(findTestObject("FDR-Receipt/FDR-Receipt-DistributionLine/FDR-AddEdit-DistributionLine/waiver_Name"), wait): Object 'Object Repository/FDR-Receipt/FDR-Receipt-DistributionLine/FDR-AddEdit-DistributionLine/waiver_Name' is present

2020-10-10 11:09:57 - [MESSAGE][PASSED] - Object 'Object Repository/FDR-Receipt/FDR-Receipt-DistributionLine/FDR-AddEdit-DistributionLine/waiver_Name' is present

2020-10-10 11:09:57 - [TEST_STEP][PASSED] - sendKeys(findTestObject("FDR-Receipt/FDR-Receipt-DistributionLine/FDR-AddEdit-DistributionLine/waiver_Name"), ReceiptDatasheet.getValue("waiver_Name", 1)): Keys 'A-FamilyR TPM/GMC' sent to object: 'Object Repository/FDR-Receipt/FDR-Receipt-DistributionLine/FDR-AddEdit-DistributionLine/waiver_Name'

2020-10-10 11:09:58 - [MESSAGE][PASSED] - Keys 'A-FamilyR TPM/GMC' sent to object: 'Object Repository/FDR-Receipt/FDR-Receipt-DistributionLine/FDR-AddEdit-DistributionLine/waiver_Name'

2020-10-10 11:09:58 - [TEST_STEP][PASSED] - sendKeys(findTestObject("FDR-Receipt/FDR-Receipt-DistributionLine/FDR-AddEdit-DistributionLine/waiver_Name"), Keys.chord(DOWN, ENTER)): Keys 'DOWN + ENTER + ' sent to object: 'Object Repository/FDR-Receipt/FDR-Receipt-DistributionLine/FDR-AddEdit-DistributionLine/waiver_Name'

2020-10-10 11:09:58 - [MESSAGE][PASSED] - Keys 'DOWN + ENTER + ' sent to object: 'Object Repository/FDR-Receipt/FDR-Receipt-DistributionLine/FDR-AddEdit-DistributionLine/waiver_Name'

2020-10-10 11:09:58 - [TEST_STEP][PASSED] - waitForElementPresent(findTestObject("FDR-Receipt/FDR-Receipt-DistributionLine/FDR-AddEdit-DistributionLine/fund_Code"), wait): Object 'Object Repository/FDR-Receipt/FDR-Receipt-DistributionLine/FDR-AddEdit-DistributionLine/fund_Code' is present

2020-10-10 11:09:59 - [MESSAGE][PASSED] - Object 'Object Repository/FDR-Receipt/FDR-Receipt-DistributionLine/FDR-AddEdit-DistributionLine/fund_Code' is present

2020-10-10 11:09:59 - [TEST_STEP][PASSED] - sendKeys(findTestObject("FDR-Receipt/FDR-Receipt-DistributionLine/FDR-AddEdit-DistributionLine/fund_Code"), ReceiptDatasheet.getValue("fundCode", 1)): Keys 'Health Care Deposit Fund (0912)' sent to object: 'Object Repository/FDR-Receipt/FDR-Receipt-DistributionLine/FDR-AddEdit-DistributionLine/fund_Code'

2020-10-10 11:09:59 - [MESSAGE][PASSED] - Keys 'Health Care Deposit Fund (0912)' sent to object: 'Object Repository/FDR-Receipt/FDR-Receipt-DistributionLine/FDR-AddEdit-DistributionLine/fund_Code'

2020-10-10 11:09:59 - [TEST_STEP][PASSED] - sendKeys(findTestObject("FDR-Receipt/FDR-Receipt-DistributionLine/FDR-AddEdit-DistributionLine/fund_Code"), Keys.chord(DOWN, ENTER)): Keys 'DOWN + ENTER + ' sent to object: 'Object Repository/FDR-Receipt/FDR-Receipt-DistributionLine/FDR-AddEdit-DistributionLine/fund_Code'

2020-10-10 11:10:00 - [MESSAGE][PASSED] - Keys 'DOWN + ENTER + ' sent to object: 'Object Repository/FDR-Receipt/FDR-Receipt-DistributionLine/FDR-AddEdit-DistributionLine/fund_Code'

2020-10-10 11:10:00 - [TEST_STEP][PASSED] - waitForElementPresent(findTestObject("FDR-Receipt/FDR-Receipt-DistributionLine/FDR-AddEdit-DistributionLine/funding_Source"), wait): Object 'Object Repository/FDR-Receipt/FDR-Receipt-DistributionLine/FDR-AddEdit-DistributionLine/funding_Source' is present

2020-10-10 11:10:00 - [MESSAGE][PASSED] - Object 'Object Repository/FDR-Receipt/FDR-Receipt-DistributionLine/FDR-AddEdit-DistributionLine/funding_Source' is present

2020-10-10 11:10:00 - [TEST_STEP][PASSED] - sendKeys(findTestObject("FDR-Receipt/FDR-Receipt-DistributionLine/FDR-AddEdit-DistributionLine/funding_Source"), ReceiptDatasheet.getValue("funding_Source", 1)): Keys 'PCP BUMP' sent to object: 'Object Repository/FDR-Receipt/FDR-Receipt-DistributionLine/FDR-AddEdit-DistributionLine/funding_Source'

2020-10-10 11:10:01 - [MESSAGE][PASSED] - Keys 'PCP BUMP' sent to object: 'Object Repository/FDR-Receipt/FDR-Receipt-DistributionLine/FDR-AddEdit-DistributionLine/funding_Source'

2020-10-10 11:10:01 - [TEST_STEP][PASSED] - sendKeys(findTestObject("FDR-Receipt/FDR-Receipt-DistributionLine/FDR-AddEdit-DistributionLine/funding_Source"), Keys.chord(DOWN, ENTER)): Keys 'DOWN + ENTER + ' sent to object: 'Object Repository/FDR-Receipt/FDR-Receipt-DistributionLine/FDR-AddEdit-DistributionLine/funding_Source'

2020-10-10 11:10:01 - [MESSAGE][PASSED] - Keys 'DOWN + ENTER + ' sent to object: 'Object Repository/FDR-Receipt/FDR-Receipt-DistributionLine/FDR-AddEdit-DistributionLine/funding_Source'

2020-10-10 11:10:01 - [TEST_STEP][PASSED] - waitForElementPresent(findTestObject("FDR-Receipt/FDR-Receipt-DistributionLine/FDR-AddEdit-DistributionLine/service_Category"), 3): Object 'Object Repository/FDR-Receipt/FDR-Receipt-DistributionLine/FDR-AddEdit-DistributionLine/service_Category' is present

2020-10-10 11:10:02 - [MESSAGE][PASSED] - Object 'Object Repository/FDR-Receipt/FDR-Receipt-DistributionLine/FDR-AddEdit-DistributionLine/service_Category' is present

2020-10-10 11:10:02 - [TEST_STEP][PASSED] - sendKeys(findTestObject("FDR-Receipt/FDR-Receipt-DistributionLine/FDR-AddEdit-DistributionLine/service_Category"), ReceiptDatasheet.getValue("serviceCategory", 1)): Keys '18A1' sent to object: 'Object Repository/FDR-Receipt/FDR-Receipt-DistributionLine/FDR-AddEdit-DistributionLine/service_Category'

2020-10-10 11:10:02 - [MESSAGE][PASSED] - Keys '18A1' sent to object: 'Object Repository/FDR-Receipt/FDR-Receipt-DistributionLine/FDR-AddEdit-DistributionLine/service_Category'

2020-10-10 11:10:02 - [TEST_STEP][PASSED] - sendKeys(findTestObject("FDR-Receipt/FDR-Receipt-DistributionLine/FDR-AddEdit-DistributionLine/service_Category"), Keys.chord(DOWN, ENTER)): Keys 'DOWN + ENTER + ' sent to object: 'Object Repository/FDR-Receipt/FDR-Receipt-DistributionLine/FDR-AddEdit-DistributionLine/service_Category'

2020-10-10 11:10:03 - [MESSAGE][PASSED] - Keys 'DOWN + ENTER + ' sent to object: 'Object Repository/FDR-Receipt/FDR-Receipt-DistributionLine/FDR-AddEdit-DistributionLine/service_Category'

2020-10-10 11:10:03 - [TEST_STEP][PASSED] - waitForElementPresent(findTestObject("FDR-Receipt/FDR-Receipt-DistributionLine/FDR-AddEdit-DistributionLine/fund_Ratio"), 3): Object 'Object Repository/FDR-Receipt/FDR-Receipt-DistributionLine/FDR-AddEdit-DistributionLine/fund_Ratio' is present

2020-10-10 11:10:03 - [MESSAGE][PASSED] - Object 'Object Repository/FDR-Receipt/FDR-Receipt-DistributionLine/FDR-AddEdit-DistributionLine/fund_Ratio' is present

2020-10-10 11:10:03 - [TEST_STEP][PASSED] - sendKeys(findTestObject("FDR-Receipt/FDR-Receipt-DistributionLine/FDR-AddEdit-DistributionLine/fund_Ratio"), ReceiptDatasheet.getValue("fundRatio", 1)): Keys '50/50' sent to object: 'Object Repository/FDR-Receipt/FDR-Receipt-DistributionLine/FDR-AddEdit-DistributionLine/fund_Ratio'

2020-10-10 11:10:04 - [MESSAGE][PASSED] - Keys '50/50' sent to object: 'Object Repository/FDR-Receipt/FDR-Receipt-DistributionLine/FDR-AddEdit-DistributionLine/fund_Ratio'

2020-10-10 11:10:04 - [TEST_STEP][PASSED] - sendKeys(findTestObject("FDR-Receipt/FDR-Receipt-DistributionLine/FDR-AddEdit-DistributionLine/fund_Ratio"), Keys.chord(DOWN, ENTER)): Keys 'DOWN + ENTER + ' sent to object: 'Object Repository/FDR-Receipt/FDR-Receipt-DistributionLine/FDR-AddEdit-DistributionLine/fund_Ratio'

2020-10-10 11:10:04 - [MESSAGE][PASSED] - Keys 'DOWN + ENTER + ' sent to object: 'Object Repository/FDR-Receipt/FDR-Receipt-DistributionLine/FDR-AddEdit-DistributionLine/fund_Ratio'

2020-10-10 11:10:04 - [TEST_STEP][PASSED] - waitForElementPresent(findTestObject("FDR-Receipt/FDR-Receipt-DistributionLine/FDR-AddEdit-DistributionLine/non_Federalfund"), wait): Object 'Object Repository/FDR-Receipt/FDR-Receipt-DistributionLine/FDR-AddEdit-DistributionLine/non_Federalfund' is present

2020-10-10 11:10:05 - [MESSAGE][PASSED] - Object 'Object Repository/FDR-Receipt/FDR-Receipt-DistributionLine/FDR-AddEdit-DistributionLine/non_Federalfund' is present

2020-10-10 11:10:05 - [TEST_STEP][PASSED] - sendKeys(findTestObject("FDR-Receipt/FDR-Receipt-DistributionLine/FDR-AddEdit-DistributionLine/non_Federalfund"), ReceiptDatasheet.getValue("non_Federalfund", 1)): Keys '3158' sent to object: 'Object Repository/FDR-Receipt/FDR-Receipt-DistributionLine/FDR-AddEdit-DistributionLine/non_Federalfund'

2020-10-10 11:10:05 - [MESSAGE][PASSED] - Keys '3158' sent to object: 'Object Repository/FDR-Receipt/FDR-Receipt-DistributionLine/FDR-AddEdit-DistributionLine/non_Federalfund'

2020-10-10 11:10:05 - [TEST_STEP][PASSED] - sendKeys(findTestObject("FDR-Receipt/FDR-Receipt-DistributionLine/FDR-AddEdit-DistributionLine/non_Federalfund"), Keys.chord(DOWN, ENTER)): Keys 'DOWN + ENTER + ' sent to object: 'Object Repository/FDR-Receipt/FDR-Receipt-DistributionLine/FDR-AddEdit-DistributionLine/non_Federalfund'

2020-10-10 11:10:05 - [MESSAGE][PASSED] - Keys 'DOWN + ENTER + ' sent to object: 'Object Repository/FDR-Receipt/FDR-Receipt-DistributionLine/FDR-AddEdit-DistributionLine/non_Federalfund'

2020-10-10 11:10:05 - [TEST_STEP][PASSED] - waitForElementPresent(findTestObject("FDR-Receipt/FDR-Receipt-DistributionLine/FDR-AddEdit-DistributionLine/input_accountId"), wait): Object 'Object Repository/FDR-Receipt/FDR-Receipt-DistributionLine/FDR-AddEdit-DistributionLine/input_accountId' is present

2020-10-10 11:10:06 - [MESSAGE][PASSED] - Object 'Object Repository/FDR-Receipt/FDR-Receipt-DistributionLine/FDR-AddEdit-DistributionLine/input_accountId' is present

2020-10-10 11:10:06 - [TEST_STEP][PASSED] - sendKeys(findTestObject("FDR-Receipt/FDR-Receipt-DistributionLine/FDR-AddEdit-DistributionLine/input_accountId"), ReceiptDatasheet.getValue("input_accountId", 1)): Keys '5432000' sent to object: 'Object Repository/FDR-Receipt/FDR-Receipt-DistributionLine/FDR-AddEdit-DistributionLine/input_accountId'

2020-10-10 11:10:06 - [MESSAGE][PASSED] - Keys '5432000' sent to object: 'Object Repository/FDR-Receipt/FDR-Receipt-DistributionLine/FDR-AddEdit-DistributionLine/input_accountId'

2020-10-10 11:10:06 - [TEST_STEP][PASSED] - sendKeys(findTestObject("FDR-Receipt/FDR-Receipt-DistributionLine/FDR-AddEdit-DistributionLine/input_accountId"), Keys.chord(ARROW_DOWN, ENTER)): Keys 'DOWN + ENTER + ' sent to object: 'Object Repository/FDR-Receipt/FDR-Receipt-DistributionLine/FDR-AddEdit-DistributionLine/input_accountId'

2020-10-10 11:10:07 - [MESSAGE][PASSED] - Keys 'DOWN + ENTER + ' sent to object: 'Object Repository/FDR-Receipt/FDR-Receipt-DistributionLine/FDR-AddEdit-DistributionLine/input_accountId'

2020-10-10 11:10:07 - [TEST_STEP][PASSED] - waitForElementPresent(findTestObject("FDR-Receipt/FDR-Receipt-DistributionLine/FDR-AddEdit-DistributionLine/input_altAccountId"), wait): Object 'Object Repository/FDR-Receipt/FDR-Receipt-DistributionLine/FDR-AddEdit-DistributionLine/input_altAccountId' is present

2020-10-10 11:10:07 - [MESSAGE][PASSED] - Object 'Object Repository/FDR-Receipt/FDR-Receipt-DistributionLine/FDR-AddEdit-DistributionLine/input_altAccountId' is present

2020-10-10 11:10:07 - [TEST_STEP][PASSED] - sendKeys(findTestObject("FDR-Receipt/FDR-Receipt-DistributionLine/FDR-AddEdit-DistributionLine/input_altAccountId"), ReceiptDatasheet.getValue("input_altAccountId", 1)): Keys '5432000018' sent to object: 'Object Repository/FDR-Receipt/FDR-Receipt-DistributionLine/FDR-AddEdit-DistributionLine/input_altAccountId'

2020-10-10 11:10:08 - [MESSAGE][PASSED] - Keys '5432000018' sent to object: 'Object Repository/FDR-Receipt/FDR-Receipt-DistributionLine/FDR-AddEdit-DistributionLine/input_altAccountId'

2020-10-10 11:10:08 - [TEST_STEP][PASSED] - sendKeys(findTestObject("FDR-Receipt/FDR-Receipt-DistributionLine/FDR-AddEdit-DistributionLine/input_altAccountId"), Keys.chord(ARROW_DOWN, ENTER)): Keys 'DOWN + ENTER + ' sent to object: 'Object Repository/FDR-Receipt/FDR-Receipt-DistributionLine/FDR-AddEdit-DistributionLine/input_altAccountId'

2020-10-10 11:10:08 - [MESSAGE][PASSED] - Keys 'DOWN + ENTER + ' sent to object: 'Object Repository/FDR-Receipt/FDR-Receipt-DistributionLine/FDR-AddEdit-DistributionLine/input_altAccountId'

2020-10-10 11:10:08 - [TEST_STEP][PASSED] - waitForElementPresent(findTestObject("FDR-Receipt/FDR-Receipt-DistributionLine/FDR-AddEdit-DistributionLine/increaseDecreaseLine"), wait): Object 'Object Repository/FDR-Receipt/FDR-Receipt-DistributionLine/FDR-AddEdit-DistributionLine/increaseDecreaseLine' is present

2020-10-10 11:10:09 - [MESSAGE][PASSED] - Object 'Object Repository/FDR-Receipt/FDR-Receipt-DistributionLine/FDR-AddEdit-DistributionLine/increaseDecreaseLine' is present

2020-10-10 11:10:09 - [TEST_STEP][PASSED] - sendKeys(findTestObject("FDR-Receipt/FDR-Receipt-DistributionLine/FDR-AddEdit-DistributionLine/increaseDecreaseLine"), ReceiptDatasheet.getValue("IncreaseDecreaseLine", 1)): Keys '2: New (service Period is prior quarter and never been claimed)' sent to object: 'Object Repository/FDR-Receipt/FDR-Receipt-DistributionLine/FDR-AddEdit-DistributionLine/increaseDecreaseLine'

2020-10-10 11:10:09 - [MESSAGE][PASSED] - Keys '2: New (service Period is prior quarter and never been claimed)' sent to object: 'Object Repository/FDR-Receipt/FDR-Receipt-DistributionLine/FDR-AddEdit-DistributionLine/increaseDecreaseLine'

2020-10-10 11:10:09 - [TEST_STEP][PASSED] - sendKeys(findTestObject("FDR-Receipt/FDR-Receipt-DistributionLine/FDR-AddEdit-DistributionLine/increaseDecreaseLine"), Keys.chord(ARROW_DOWN, ENTER)): Keys 'DOWN + ENTER + ' sent to object: 'Object Repository/FDR-Receipt/FDR-Receipt-DistributionLine/FDR-AddEdit-DistributionLine/increaseDecreaseLine'

2020-10-10 11:10:10 - [MESSAGE][PASSED] - Keys 'DOWN + ENTER + ' sent to object: 'Object Repository/FDR-Receipt/FDR-Receipt-DistributionLine/FDR-AddEdit-DistributionLine/increaseDecreaseLine'

2020-10-10 11:10:10 - [TEST_STEP][PASSED] - waitForElementPresent(findTestObject("FDR-Receipt/FDR-Receipt-DistributionLine/FDR-AddEdit-DistributionLine/program_Type"), 3): Object 'Object Repository/FDR-Receipt/FDR-Receipt-DistributionLine/FDR-AddEdit-DistributionLine/program_Type' is present

2020-10-10 11:10:10 - [MESSAGE][PASSED] - Object 'Object Repository/FDR-Receipt/FDR-Receipt-DistributionLine/FDR-AddEdit-DistributionLine/program_Type' is present

2020-10-10 11:10:10 - [TEST_STEP][PASSED] - sendKeys(findTestObject("FDR-Receipt/FDR-Receipt-DistributionLine/FDR-AddEdit-DistributionLine/program_Type"), ReceiptDatasheet.getValue("ProgramType", 1)): Keys 'Medical Assistance (MA)' sent to object: 'Object Repository/FDR-Receipt/FDR-Receipt-DistributionLine/FDR-AddEdit-DistributionLine/program_Type'

2020-10-10 11:10:11 - [MESSAGE][PASSED] - Keys 'Medical Assistance (MA)' sent to object: 'Object Repository/FDR-Receipt/FDR-Receipt-DistributionLine/FDR-AddEdit-DistributionLine/program_Type'

2020-10-10 11:10:11 - [TEST_STEP][PASSED] - sendKeys(findTestObject("FDR-Receipt/FDR-Receipt-DistributionLine/FDR-AddEdit-DistributionLine/program_Type"), Keys.chord(DOWN, ENTER)): Keys 'DOWN + ENTER + ' sent to object: 'Object Repository/FDR-Receipt/FDR-Receipt-DistributionLine/FDR-AddEdit-DistributionLine/program_Type'

2020-10-10 11:10:11 - [MESSAGE][PASSED] - Keys 'DOWN + ENTER + ' sent to object: 'Object Repository/FDR-Receipt/FDR-Receipt-DistributionLine/FDR-AddEdit-DistributionLine/program_Type'

2020-10-10 11:10:11 - [TEST_STEP][PASSED] - waitForElementPresent(findTestObject("FDR-Receipt/FDR-Receipt-DistributionLine/FDR-AddEdit-DistributionLine/Index"), wait): Object 'Object Repository/FDR-Receipt/FDR-Receipt-DistributionLine/FDR-AddEdit-DistributionLine/Index' is present

2020-10-10 11:10:12 - [MESSAGE][PASSED] - Object 'Object Repository/FDR-Receipt/FDR-Receipt-DistributionLine/FDR-AddEdit-DistributionLine/Index' is present

2020-10-10 11:10:12 - [TEST_STEP][PASSED] - sendKeys(findTestObject("FDR-Receipt/FDR-Receipt-DistributionLine/FDR-AddEdit-DistributionLine/Index"), ReceiptDatasheet.getValue("Index", 1)): Keys '1155' sent to object: 'Object Repository/FDR-Receipt/FDR-Receipt-DistributionLine/FDR-AddEdit-DistributionLine/Index'

2020-10-10 11:10:12 - [MESSAGE][PASSED] - Keys '1155' sent to object: 'Object Repository/FDR-Receipt/FDR-Receipt-DistributionLine/FDR-AddEdit-DistributionLine/Index'

2020-10-10 11:10:12 - [TEST_STEP][PASSED] - sendKeys(findTestObject("FDR-Receipt/FDR-Receipt-DistributionLine/FDR-AddEdit-DistributionLine/Index"), Keys.chord(DOWN, ENTER)): Keys 'DOWN + ENTER + ' sent to object: 'Object Repository/FDR-Receipt/FDR-Receipt-DistributionLine/FDR-AddEdit-DistributionLine/Index'

2020-10-10 11:10:13 - [MESSAGE][PASSED] - Keys 'DOWN + ENTER + ' sent to object: 'Object Repository/FDR-Receipt/FDR-Receipt-DistributionLine/FDR-AddEdit-DistributionLine/Index'

2020-10-10 11:10:13 - [TEST_STEP][PASSED] - waitForElementPresent(findTestObject("FDR-Receipt/FDR-Receipt-DistributionLine/FDR-AddEdit-DistributionLine/serviceLocation"), 2): Object 'Object Repository/FDR-Receipt/FDR-Receipt-DistributionLine/FDR-AddEdit-DistributionLine/serviceLocation' is present

2020-10-10 11:10:13 - [MESSAGE][PASSED] - Object 'Object Repository/FDR-Receipt/FDR-Receipt-DistributionLine/FDR-AddEdit-DistributionLine/serviceLocation' is present

2020-10-10 11:10:13 - [TEST_STEP][PASSED] - sendKeys(findTestObject("FDR-Receipt/FDR-Receipt-DistributionLine/FDR-AddEdit-DistributionLine/serviceLocation"), ReceiptDatasheet.getValue("Servicelocation", 1)): Keys '12345' sent to object: 'Object Repository/FDR-Receipt/FDR-Receipt-DistributionLine/FDR-AddEdit-DistributionLine/serviceLocation'

2020-10-10 11:10:13 - [MESSAGE][PASSED] - Keys '12345' sent to object: 'Object Repository/FDR-Receipt/FDR-Receipt-DistributionLine/FDR-AddEdit-DistributionLine/serviceLocation'

2020-10-10 11:10:13 - [TEST_STEP][PASSED] - sendKeys(findTestObject("FDR-Receipt/FDR-Receipt-DistributionLine/FDR-AddEdit-DistributionLine/serviceLocation"), Keys.chord(DOWN, ENTER)): Keys 'DOWN + ENTER + ' sent to object: 'Object Repository/FDR-Receipt/FDR-Receipt-DistributionLine/FDR-AddEdit-DistributionLine/serviceLocation'

2020-10-10 11:10:14 - [MESSAGE][PASSED] - Keys 'DOWN + ENTER + ' sent to object: 'Object Repository/FDR-Receipt/FDR-Receipt-DistributionLine/FDR-AddEdit-DistributionLine/serviceLocation'

2020-10-10 11:10:14 - [TEST_STEP][PASSED] - waitForElementPresent(findTestObject("FDR-Receipt/FDR-Receipt-DistributionLine/FDR-AddEdit-DistributionLine/button_SaveClose"), 3): Object 'Object Repository/FDR-Receipt/FDR-Receipt-DistributionLine/FDR-AddEdit-DistributionLine/button_SaveClose' is present

2020-10-10 11:10:14 - [MESSAGE][PASSED] - Object 'Object Repository/FDR-Receipt/FDR-Receipt-DistributionLine/FDR-AddEdit-DistributionLine/button_SaveClose' is present

2020-10-10 11:10:14 - [TEST_STEP][PASSED] - click(findTestObject("FDR-Receipt/FDR-Receipt-DistributionLine/FDR-AddEdit-DistributionLine/button_SaveClose")): Object: 'Object Repository/FDR-Receipt/FDR-Receipt-DistributionLine/FDR-AddEdit-DistributionLine/button_SaveClose' is clicked on

2020-10-10 11:10:15 - [MESSAGE][PASSED] - Object: 'Object Repository/FDR-Receipt/FDR-Receipt-DistributionLine/FDR-AddEdit-DistributionLine/button_SaveClose' is clicked on

2020-10-10 11:10:15 - [TEST_STEP][PASSED] - waitForElementPresent(findTestObject("FDR-Dashboard/createNewVoucherButton"), wait): Object 'Object Repository/FDR-Dashboard/createNewVoucherButton' is not present after 10 second(s)

2020-10-10 11:10:26 - [MESSAGE][INFO] - Unable to find the element located by 'By.xpath: //*[@data-id='button-link']//*[contains(text(),'Create New Voucher')]'. Please recheck the objects properties to make sure the desired element is located. 

2020-10-10 11:10:26 - [MESSAGE][WARNING] - Object 'Object Repository/FDR-Dashboard/createNewVoucherButton' is not present after 10 second(s)

2020-10-10 11:10:26 - [TEST_STEP][PASSED] - click(findTestObject("FDR-Receipt/FDR-ReceiptBatch/Review-Receipt/button_Review")): Object: 'Object Repository/FDR-Receipt/FDR-ReceiptBatch/Review-Receipt/button_Review' is clicked on

2020-10-10 11:10:26 - [MESSAGE][PASSED] - Object: 'Object Repository/FDR-Receipt/FDR-ReceiptBatch/Review-Receipt/button_Review' is clicked on

2020-10-10 11:10:26 - [TEST_STEP][PASSED] - waitForElementPresent(findTestObject("FDR-Dashboard/createNewVoucherButton"), wait): Object 'Object Repository/FDR-Dashboard/createNewVoucherButton' is not present after 10 second(s)

2020-10-10 11:10:37 - [MESSAGE][INFO] - Unable to find the element located by 'By.xpath: //*[@data-id='button-link']//*[contains(text(),'Create New Voucher')]'. Please recheck the objects properties to make sure the desired element is located. 

2020-10-10 11:10:37 - [MESSAGE][WARNING] - Object 'Object Repository/FDR-Dashboard/createNewVoucherButton' is not present after 10 second(s)

2020-10-10 11:10:37 - [TEST_STEP][PASSED] - click(findTestObject("FDR-Receipt/FDR-ReceiptBatch/Review-Receipt/button_Submitforapproval")): Object: 'Object Repository/FDR-Receipt/FDR-ReceiptBatch/Review-Receipt/button_Submitforapproval' is clicked on

2020-10-10 11:10:38 - [MESSAGE][PASSED] - Object: 'Object Repository/FDR-Receipt/FDR-ReceiptBatch/Review-Receipt/button_Submitforapproval' is clicked on

2020-10-10 11:10:38 - [TEST_STEP][PASSED] - commonFunctions.selectRole("cashieringApproverRole"): Object 'Object Repository/FDR-VoucherEntry/VoucherHeader/reviewButton' is not present after 2 second(s)

2020-10-10 11:10:41 - [MESSAGE][INFO] - Unable to find the element located by 'By.xpath: //*[text()='Review']//parent::button[@data-id='action-button']'. Please recheck the objects properties to make sure the desired element is located. 

2020-10-10 11:10:41 - [MESSAGE][WARNING] - Object 'Object Repository/FDR-VoucherEntry/VoucherHeader/reviewButton' is not present after 2 second(s)

2020-10-10 11:10:41 - [MESSAGE][PASSED] - Object: 'Object Repository/FDR-SuperUser-Dashboard/userExpandButton' is clicked on

2020-10-10 11:10:44 - [MESSAGE][INFO] - Unable to find the element located by 'By.xpath: //*[text()='Review']//parent::button[@data-id='action-button']'. Please recheck the objects properties to make sure the desired element is located. 

2020-10-10 11:10:44 - [MESSAGE][WARNING] - Object 'Object Repository/FDR-VoucherEntry/VoucherHeader/reviewButton' is not present after 2 second(s)

2020-10-10 11:10:45 - [MESSAGE][PASSED] - Object: 'Object Repository/FDR-SuperUser-Dashboard/cashieringApproverRole' is clicked on

2020-10-10 11:10:48 - [MESSAGE][INFO] - Unable to find the element located by 'By.xpath: //*[text()='Review']//parent::button[@data-id='action-button']'. Please recheck the objects properties to make sure the desired element is located. 

2020-10-10 11:10:48 - [MESSAGE][WARNING] - Object 'Object Repository/FDR-VoucherEntry/VoucherHeader/reviewButton' is not present after 2 second(s)

2020-10-10 11:10:48 - [TEST_STEP][PASSED] - waitForElementPresent(findTestObject("FDR-Receipt/FDR-Search-Receipt/searchBar"), wait): Object 'Object Repository/FDR-Receipt/FDR-Search-Receipt/searchBar' is present

2020-10-10 11:10:48 - [MESSAGE][PASSED] - Object 'Object Repository/FDR-Receipt/FDR-Search-Receipt/searchBar' is present

2020-10-10 11:10:48 - [TEST_STEP][PASSED] - click(findTestObject("FDR-Receipt/FDR-Search-Receipt/searchBar")): Object: 'Object Repository/FDR-Receipt/FDR-Search-Receipt/searchBar' is clicked on

2020-10-10 11:10:49 - [MESSAGE][PASSED] - Object: 'Object Repository/FDR-Receipt/FDR-Search-Receipt/searchBar' is clicked on

2020-10-10 11:10:49 - [TEST_STEP][PASSED] - sendKeys(findTestObject("FDR-Receipt/FDR-Search-Receipt/searchBar"), depositId): Keys '6962059' sent to object: 'Object Repository/FDR-Receipt/FDR-Search-Receipt/searchBar'

2020-10-10 11:10:49 - [MESSAGE][PASSED] - Keys '6962059' sent to object: 'Object Repository/FDR-Receipt/FDR-Search-Receipt/searchBar'

2020-10-10 11:10:49 - [TEST_STEP][PASSED] - waitForElementPresent(findTestObject("FDR-Receipt/FDR-Receipt-Dashboard/filterValidatebatch"), wait): Object 'Object Repository/FDR-Receipt/FDR-Receipt-Dashboard/filterValidatebatch' is present

2020-10-10 11:10:49 - [MESSAGE][PASSED] - Object 'Object Repository/FDR-Receipt/FDR-Receipt-Dashboard/filterValidatebatch' is present

2020-10-10 11:10:49 - [TEST_STEP][PASSED] - click(findTestObject("FDR-Receipt/FDR-Receipt-Dashboard/filterValidatebatch")): Object: 'Object Repository/FDR-Receipt/FDR-Receipt-Dashboard/filterValidatebatch' is clicked on

2020-10-10 11:10:50 - [MESSAGE][PASSED] - Object: 'Object Repository/FDR-Receipt/FDR-Receipt-Dashboard/filterValidatebatch' is clicked on

2020-10-10 11:10:50 - [TEST_STEP][PASSED] - waitForElementPresent(findTestObject("FDR-Dashboard/VouhcersTable/validateButton"), wait): Object 'Object Repository/FDR-Dashboard/VouhcersTable/validateButton' is present

2020-10-10 11:10:50 - [MESSAGE][PASSED] - Object 'Object Repository/FDR-Dashboard/VouhcersTable/validateButton' is present

2020-10-10 11:10:50 - [TEST_STEP][PASSED] - click(findTestObject("FDR-Dashboard/VouhcersTable/validateButton")): Object: 'Object Repository/FDR-Dashboard/VouhcersTable/validateButton' is clicked on

2020-10-10 11:10:51 - [MESSAGE][PASSED] - Object: 'Object Repository/FDR-Dashboard/VouhcersTable/validateButton' is clicked on

2020-10-10 11:10:51 - [TEST_STEP][PASSED] - waitForElementPresent(findTestObject("FDR-Dashboard/createNewVoucherButton"), wait): Object 'Object Repository/FDR-Dashboard/createNewVoucherButton' is not present after 10 second(s)

2020-10-10 11:11:02 - [MESSAGE][INFO] - Unable to find the element located by 'By.xpath: //*[@data-id='button-link']//*[contains(text(),'Create New Voucher')]'. Please recheck the objects properties to make sure the desired element is located. 

2020-10-10 11:11:02 - [MESSAGE][WARNING] - Object 'Object Repository/FDR-Dashboard/createNewVoucherButton' is not present after 10 second(s)

2020-10-10 11:11:02 - [TEST_STEP][PASSED] - waitForElementPresent(findTestObject("FDR-VoucherEntry/InvoiceLine/invoiceLineExpandButton"), 5): Object 'Object Repository/FDR-VoucherEntry/InvoiceLine/invoiceLineExpandButton' is present

2020-10-10 11:11:02 - [MESSAGE][PASSED] - Object 'Object Repository/FDR-VoucherEntry/InvoiceLine/invoiceLineExpandButton' is present

2020-10-10 11:11:02 - [TEST_STEP][PASSED] - click(findTestObject("FDR-VoucherEntry/InvoiceLine/invoiceLineExpandButton")): Object: 'Object Repository/FDR-VoucherEntry/InvoiceLine/invoiceLineExpandButton' is clicked on

2020-10-10 11:11:03 - [MESSAGE][PASSED] - Object: 'Object Repository/FDR-VoucherEntry/InvoiceLine/invoiceLineExpandButton' is clicked on

2020-10-10 11:11:03 - [TEST_STEP][PASSED] - waitForElementPresent(findTestObject("FDR-Dashboard/createNewVoucherButton"), 15): Object 'Object Repository/FDR-Dashboard/createNewVoucherButton' is not present after 15 second(s)

2020-10-10 11:11:19 - [MESSAGE][INFO] - Unable to find the element located by 'By.xpath: //*[@data-id='button-link']//*[contains(text(),'Create New Voucher')]'. Please recheck the objects properties to make sure the desired element is located. 

2020-10-10 11:11:19 - [MESSAGE][WARNING] - Object 'Object Repository/FDR-Dashboard/createNewVoucherButton' is not present after 15 second(s)

2020-10-10 11:11:19 - [TEST_STEP][PASSED] - mouseOver(findTestObject("FDR-Receipt/FDR-Receipt-DistributionLine/3dots/distributionLineHover")): Object: 'Object Repository/FDR-Receipt/FDR-Receipt-DistributionLine/3dots/distributionLineHover' is hovered

2020-10-10 11:11:19 - [MESSAGE][PASSED] - Object: 'Object Repository/FDR-Receipt/FDR-Receipt-DistributionLine/3dots/distributionLineHover' is hovered

2020-10-10 11:11:19 - [TEST_STEP][PASSED] - waitForElementPresent(findTestObject("FDR-Receipt/FDR-Receipt-DistributionLine/3dots/distributionLineHover"), wait): Object 'Object Repository/FDR-Receipt/FDR-Receipt-DistributionLine/3dots/distributionLineHover' is present

2020-10-10 11:11:19 - [MESSAGE][PASSED] - Object 'Object Repository/FDR-Receipt/FDR-Receipt-DistributionLine/3dots/distributionLineHover' is present

2020-10-10 11:11:19 - [TEST_STEP][PASSED] - click(findTestObject("FDR-Receipt/FDR-Receipt-DistributionLine/3dots/editIconDistributionLine")): Object: 'Object Repository/FDR-Receipt/FDR-Receipt-DistributionLine/3dots/editIconDistributionLine' is clicked on

2020-10-10 11:11:20 - [MESSAGE][PASSED] - Object: 'Object Repository/FDR-Receipt/FDR-Receipt-DistributionLine/3dots/editIconDistributionLine' is clicked on

2020-10-10 11:11:20 - [TEST_STEP][PASSED] - waitForElementPresent(findTestObject("FDR-Vouchers-States/Validate/Reject/RejectDistributionLine/DLRejectClick"), wait): Object 'Object Repository/FDR-Vouchers-States/Validate/Reject/RejectDistributionLine/DLRejectClick' is present

2020-10-10 11:11:20 - [MESSAGE][PASSED] - Object 'Object Repository/FDR-Vouchers-States/Validate/Reject/RejectDistributionLine/DLRejectClick' is present

2020-10-10 11:11:20 - [TEST_STEP][PASSED] - click(findTestObject("FDR-Vouchers-States/Validate/Reject/RejectDistributionLine/DLRejectClick")): Object: 'Object Repository/FDR-Vouchers-States/Validate/Reject/RejectDistributionLine/DLRejectClick' is clicked on

2020-10-10 11:11:21 - [MESSAGE][PASSED] - Object: 'Object Repository/FDR-Vouchers-States/Validate/Reject/RejectDistributionLine/DLRejectClick' is clicked on

2020-10-10 11:11:21 - [TEST_STEP][PASSED] - waitForElementPresent(findTestObject("FDR-Draw/RejectVocuherReceipts/IncorrectInvoiceNumber"), wait): Object 'Object Repository/FDR-Draw/RejectVocuherReceipts/IncorrectInvoiceNumber' is present

2020-10-10 11:11:21 - [MESSAGE][PASSED] - Object 'Object Repository/FDR-Draw/RejectVocuherReceipts/IncorrectInvoiceNumber' is present

2020-10-10 11:11:21 - [TEST_STEP][PASSED] - click(findTestObject("FDR-Draw/RejectVocuherReceipts/IncorrectInvoiceNumber")): Object: 'Object Repository/FDR-Draw/RejectVocuherReceipts/IncorrectInvoiceNumber' is clicked on

2020-10-10 11:11:22 - [MESSAGE][PASSED] - Object: 'Object Repository/FDR-Draw/RejectVocuherReceipts/IncorrectInvoiceNumber' is clicked on

2020-10-10 11:11:22 - [TEST_STEP][PASSED] - waitForElementPresent(findTestObject("FDR-Draw/RejectVocuherReceipts/IncorrectFundCode"), wait): Object 'Object Repository/FDR-Draw/RejectVocuherReceipts/IncorrectFundCode' is present

2020-10-10 11:11:22 - [MESSAGE][PASSED] - Object 'Object Repository/FDR-Draw/RejectVocuherReceipts/IncorrectFundCode' is present

2020-10-10 11:11:22 - [TEST_STEP][PASSED] - click(findTestObject("FDR-Draw/RejectVocuherReceipts/IncorrectFundCode")): Object: 'Object Repository/FDR-Draw/RejectVocuherReceipts/IncorrectFundCode' is clicked on

2020-10-10 11:11:23 - [MESSAGE][PASSED] - Object: 'Object Repository/FDR-Draw/RejectVocuherReceipts/IncorrectFundCode' is clicked on

2020-10-10 11:11:23 - [TEST_STEP][PASSED] - waitForElementPresent(findTestObject("FDR-Draw/RejectVocuherReceipts/IncorrectFundRatio"), wait): Object 'Object Repository/FDR-Draw/RejectVocuherReceipts/IncorrectFundRatio' is present

2020-10-10 11:11:23 - [MESSAGE][PASSED] - Object 'Object Repository/FDR-Draw/RejectVocuherReceipts/IncorrectFundRatio' is present

2020-10-10 11:11:23 - [TEST_STEP][PASSED] - click(findTestObject("FDR-Draw/RejectVocuherReceipts/IncorrectFundRatio")): Object: 'Object Repository/FDR-Draw/RejectVocuherReceipts/IncorrectFundRatio' is clicked on

2020-10-10 11:11:24 - [MESSAGE][PASSED] - Object: 'Object Repository/FDR-Draw/RejectVocuherReceipts/IncorrectFundRatio' is clicked on

2020-10-10 11:11:24 - [TEST_STEP][PASSED] - setText(findTestObject("FDR-Receipt/ReceiptNotes"), "Reject Distribution Line Notes Here"): Text 'Reject Distribution Line Notes Here' is set on object 'Object Repository/FDR-Receipt/ReceiptNotes'

2020-10-10 11:11:25 - [MESSAGE][PASSED] - Text 'Reject Distribution Line Notes Here' is set on object 'Object Repository/FDR-Receipt/ReceiptNotes'

2020-10-10 11:11:25 - [TEST_STEP][PASSED] - click(findTestObject("FDR-Vouchers-States/Validate/Reject/RejectDistributionLine/rejectDistributionLine")): Object: 'Object Repository/FDR-Vouchers-States/Validate/Reject/RejectDistributionLine/rejectDistributionLine' is clicked on

2020-10-10 11:11:25 - [MESSAGE][PASSED] - Object: 'Object Repository/FDR-Vouchers-States/Validate/Reject/RejectDistributionLine/rejectDistributionLine' is clicked on

2020-10-10 11:11:25 - [TEST_STEP][PASSED] - waitForElementPresent(findTestObject("FDR-Dashboard/createNewVoucherButton"), wait): Object 'Object Repository/FDR-Dashboard/createNewVoucherButton' is not present after 10 second(s)

2020-10-10 11:11:37 - [MESSAGE][INFO] - Unable to find the element located by 'By.xpath: //*[@data-id='button-link']//*[contains(text(),'Create New Voucher')]'. Please recheck the objects properties to make sure the desired element is located. 

2020-10-10 11:11:37 - [MESSAGE][WARNING] - Object 'Object Repository/FDR-Dashboard/createNewVoucherButton' is not present after 10 second(s)

2020-10-10 11:11:37 - [TEST_STEP][PASSED] - waitForElementPresent(findTestObject("FDR-EditVoucher/invoiceHover"), 10): Object 'Object Repository/FDR-EditVoucher/invoiceHover' is present

2020-10-10 11:11:37 - [MESSAGE][PASSED] - Object 'Object Repository/FDR-EditVoucher/invoiceHover' is present

2020-10-10 11:11:37 - [TEST_STEP][PASSED] - mouseOver(findTestObject("FDR-EditVoucher/invoiceHover")): Object: 'Object Repository/FDR-EditVoucher/invoiceHover' is hovered

2020-10-10 11:11:37 - [MESSAGE][PASSED] - Object: 'Object Repository/FDR-EditVoucher/invoiceHover' is hovered

2020-10-10 11:11:37 - [TEST_STEP][PASSED] - waitForElementPresent(findTestObject("FDR-Validate-Delete-Voucher-Header/3dots_icon2"), wait): Object 'Object Repository/FDR-Validate-Delete-Voucher-Header/3dots_icon2' is present

2020-10-10 11:11:38 - [MESSAGE][PASSED] - Object 'Object Repository/FDR-Validate-Delete-Voucher-Header/3dots_icon2' is present

2020-10-10 11:11:38 - [TEST_STEP][PASSED] - click(findTestObject("FDR-Validate-Delete-Voucher-Header/3dots_icon2")): Object: 'Object Repository/FDR-Validate-Delete-Voucher-Header/3dots_icon2' is clicked on

2020-10-10 11:11:38 - [MESSAGE][PASSED] - Object: 'Object Repository/FDR-Validate-Delete-Voucher-Header/3dots_icon2' is clicked on

2020-10-10 11:11:38 - [TEST_STEP][PASSED] - waitForElementPresent(findTestObject("FDR-Vouchers-States/Validate/Reject/RejectDistributionLine/DLRejectClick"), wait): Object 'Object Repository/FDR-Vouchers-States/Validate/Reject/RejectDistributionLine/DLRejectClick' is present

2020-10-10 11:11:39 - [MESSAGE][PASSED] - Object 'Object Repository/FDR-Vouchers-States/Validate/Reject/RejectDistributionLine/DLRejectClick' is present

2020-10-10 11:11:39 - [TEST_STEP][PASSED] - click(findTestObject("FDR-Vouchers-States/Validate/Reject/RejectDistributionLine/DLRejectClick")): Object: 'Object Repository/FDR-Vouchers-States/Validate/Reject/RejectDistributionLine/DLRejectClick' is clicked on

2020-10-10 11:11:39 - [MESSAGE][PASSED] - Object: 'Object Repository/FDR-Vouchers-States/Validate/Reject/RejectDistributionLine/DLRejectClick' is clicked on

2020-10-10 11:11:39 - [TEST_STEP][PASSED] - waitForElementPresent(findTestObject("FDR-Vouchers-States/Validate/Reject/RejectVoucher/spanIncorrectreceiptIDnumber"), wait): Object 'Object Repository/FDR-Vouchers-States/Validate/Reject/RejectVoucher/spanIncorrectreceiptIDnumber' is present

2020-10-10 11:11:40 - [MESSAGE][PASSED] - Object 'Object Repository/FDR-Vouchers-States/Validate/Reject/RejectVoucher/spanIncorrectreceiptIDnumber' is present

2020-10-10 11:11:40 - [TEST_STEP][PASSED] - click(findTestObject("FDR-Vouchers-States/Validate/Reject/RejectVoucher/spanIncorrectreceiptIDnumber")): Object: 'Object Repository/FDR-Vouchers-States/Validate/Reject/RejectVoucher/spanIncorrectreceiptIDnumber' is clicked on

2020-10-10 11:11:40 - [MESSAGE][PASSED] - Object: 'Object Repository/FDR-Vouchers-States/Validate/Reject/RejectVoucher/spanIncorrectreceiptIDnumber' is clicked on

2020-10-10 11:11:40 - [TEST_STEP][PASSED] - waitForElementPresent(findTestObject("FDR-Vouchers-States/Validate/Reject/RejectVoucher/spanIncorrectsupplierID"), wait): Object 'Object Repository/FDR-Vouchers-States/Validate/Reject/RejectVoucher/spanIncorrectsupplierID' is present

2020-10-10 11:11:41 - [MESSAGE][PASSED] - Object 'Object Repository/FDR-Vouchers-States/Validate/Reject/RejectVoucher/spanIncorrectsupplierID' is present

2020-10-10 11:11:41 - [TEST_STEP][PASSED] - click(findTestObject("FDR-Vouchers-States/Validate/Reject/RejectVoucher/spanIncorrectsupplierID")): Object: 'Object Repository/FDR-Vouchers-States/Validate/Reject/RejectVoucher/spanIncorrectsupplierID' is clicked on

2020-10-10 11:11:41 - [MESSAGE][PASSED] - Object: 'Object Repository/FDR-Vouchers-States/Validate/Reject/RejectVoucher/spanIncorrectsupplierID' is clicked on

2020-10-10 11:11:41 - [TEST_STEP][PASSED] - click(findTestObject("FDR-Receipt/ReceiptNotes")): Object: 'Object Repository/FDR-Receipt/ReceiptNotes' is clicked on

2020-10-10 11:11:42 - [MESSAGE][PASSED] - Object: 'Object Repository/FDR-Receipt/ReceiptNotes' is clicked on

2020-10-10 11:11:42 - [TEST_STEP][PASSED] - setText(findTestObject("FDR-Receipt/ReceiptNotes"), "Reject Receipt Notes Here"): Text 'Reject Receipt Notes Here' is set on object 'Object Repository/FDR-Receipt/ReceiptNotes'

2020-10-10 11:11:43 - [MESSAGE][PASSED] - Text 'Reject Receipt Notes Here' is set on object 'Object Repository/FDR-Receipt/ReceiptNotes'

2020-10-10 11:11:43 - [TEST_STEP][PASSED] - click(findTestObject("FDR-Vouchers-States/Validate/Reject/RejectReceiptLine")): Object: 'Object Repository/FDR-Vouchers-States/Validate/Reject/RejectReceiptLine' is clicked on

2020-10-10 11:11:43 - [MESSAGE][PASSED] - Object: 'Object Repository/FDR-Vouchers-States/Validate/Reject/RejectReceiptLine' is clicked on

2020-10-10 11:11:43 - [TEST_STEP][PASSED] - waitForElementPresent(findTestObject("FDR-Vouchers-States/Validate/Reject/rejectButton"), wait): Object 'Object Repository/FDR-Vouchers-States/Validate/Reject/rejectButton' is present

2020-10-10 11:11:44 - [MESSAGE][PASSED] - Object 'Object Repository/FDR-Vouchers-States/Validate/Reject/rejectButton' is present

2020-10-10 11:11:44 - [TEST_STEP][PASSED] - click(findTestObject("FDR-Vouchers-States/Validate/Reject/rejectButton")): Object: 'Object Repository/FDR-Vouchers-States/Validate/Reject/rejectButton' is clicked on

2020-10-10 11:11:45 - [MESSAGE][PASSED] - Object: 'Object Repository/FDR-Vouchers-States/Validate/Reject/rejectButton' is clicked on

2020-10-10 11:11:45 - [TEST_STEP][PASSED] - waitForElementPresent(findTestObject("FDR-Draw/RejectVocuherReceipts/IncorrectDrawDate"), wait): Object 'Object Repository/FDR-Draw/RejectVocuherReceipts/IncorrectDrawDate' is present

2020-10-10 11:11:45 - [MESSAGE][PASSED] - Object 'Object Repository/FDR-Draw/RejectVocuherReceipts/IncorrectDrawDate' is present

2020-10-10 11:11:45 - [TEST_STEP][PASSED] - click(findTestObject("FDR-Draw/RejectVocuherReceipts/IncorrectDrawDate")): Object: 'Object Repository/FDR-Draw/RejectVocuherReceipts/IncorrectDrawDate' is clicked on

2020-10-10 11:11:46 - [MESSAGE][PASSED] - Object: 'Object Repository/FDR-Draw/RejectVocuherReceipts/IncorrectDrawDate' is clicked on

2020-10-10 11:11:46 - [TEST_STEP][PASSED] - waitForElementPresent(findTestObject("FDR-Draw/RejectVocuherReceipts/IncorrectPayDate"), wait): Object 'Object Repository/FDR-Draw/RejectVocuherReceipts/IncorrectPayDate' is present

2020-10-10 11:11:46 - [MESSAGE][PASSED] - Object 'Object Repository/FDR-Draw/RejectVocuherReceipts/IncorrectPayDate' is present

2020-10-10 11:11:46 - [TEST_STEP][PASSED] - click(findTestObject("FDR-Draw/RejectVocuherReceipts/IncorrectPayDate")): Object: 'Object Repository/FDR-Draw/RejectVocuherReceipts/IncorrectPayDate' is clicked on

2020-10-10 11:11:47 - [MESSAGE][PASSED] - Object: 'Object Repository/FDR-Draw/RejectVocuherReceipts/IncorrectPayDate' is clicked on

2020-10-10 11:11:47 - [TEST_STEP][PASSED] - waitForElementPresent(findTestObject("FDR-Receipt/FDR-ReceiptBatch/Review-Receipt/button_RejectReceiptBatch"), wait): Object 'Object Repository/FDR-Receipt/FDR-ReceiptBatch/Review-Receipt/button_RejectReceiptBatch' is present

2020-10-10 11:11:47 - [MESSAGE][PASSED] - Object 'Object Repository/FDR-Receipt/FDR-ReceiptBatch/Review-Receipt/button_RejectReceiptBatch' is present

2020-10-10 11:11:47 - [TEST_STEP][PASSED] - click(findTestObject("FDR-Receipt/FDR-ReceiptBatch/Review-Receipt/button_RejectReceiptBatch")): Object: 'Object Repository/FDR-Receipt/FDR-ReceiptBatch/Review-Receipt/button_RejectReceiptBatch' is clicked on

2020-10-10 11:11:48 - [MESSAGE][PASSED] - Object: 'Object Repository/FDR-Receipt/FDR-ReceiptBatch/Review-Receipt/button_RejectReceiptBatch' is clicked on

2020-10-10 11:11:48 - [TEST_STEP][PASSED] - waitForElementPresent(findTestObject("FDR-Receipt/FDR-ReceiptBatch/Fix/clearButton"), wait): Object 'Object Repository/FDR-Receipt/FDR-ReceiptBatch/Fix/clearButton' is present

2020-10-10 11:11:49 - [MESSAGE][PASSED] - Object 'Object Repository/FDR-Receipt/FDR-ReceiptBatch/Fix/clearButton' is present

2020-10-10 11:11:49 - [TEST_STEP][PASSED] - click(findTestObject("FDR-Receipt/FDR-ReceiptBatch/Fix/clearButton")): Object: 'Object Repository/FDR-Receipt/FDR-ReceiptBatch/Fix/clearButton' is clicked on

2020-10-10 11:11:49 - [MESSAGE][PASSED] - Object: 'Object Repository/FDR-Receipt/FDR-ReceiptBatch/Fix/clearButton' is clicked on

2020-10-10 11:11:49 - [TEST_STEP][PASSED] - waitForElementPresent(findTestObject("FDR-Dashboard/createNewVoucherButton"), wait): Object 'Object Repository/FDR-Dashboard/createNewVoucherButton' is not present after 10 second(s)

2020-10-10 11:12:00 - [MESSAGE][INFO] - Unable to find the element located by 'By.xpath: //*[@data-id='button-link']//*[contains(text(),'Create New Voucher')]'. Please recheck the objects properties to make sure the desired element is located. 

2020-10-10 11:12:00 - [MESSAGE][WARNING] - Object 'Object Repository/FDR-Dashboard/createNewVoucherButton' is not present after 10 second(s)

2020-10-10 11:12:00 - [TEST_STEP][PASSED] - commonFunctions.selectRole("cashieringProcessorRole"): Object 'Object Repository/FDR-VoucherEntry/VoucherHeader/reviewButton' is not present after 2 second(s)

2020-10-10 11:12:03 - [MESSAGE][INFO] - Unable to find the element located by 'By.xpath: //*[text()='Review']//parent::button[@data-id='action-button']'. Please recheck the objects properties to make sure the desired element is located. 

2020-10-10 11:12:03 - [MESSAGE][WARNING] - Object 'Object Repository/FDR-VoucherEntry/VoucherHeader/reviewButton' is not present after 2 second(s)

2020-10-10 11:12:04 - [MESSAGE][PASSED] - Object: 'Object Repository/FDR-SuperUser-Dashboard/userExpandButton' is clicked on

2020-10-10 11:12:07 - [MESSAGE][INFO] - Unable to find the element located by 'By.xpath: //*[text()='Review']//parent::button[@data-id='action-button']'. Please recheck the objects properties to make sure the desired element is located. 

2020-10-10 11:12:07 - [MESSAGE][WARNING] - Object 'Object Repository/FDR-VoucherEntry/VoucherHeader/reviewButton' is not present after 2 second(s)

2020-10-10 11:12:07 - [MESSAGE][PASSED] - Object: 'Object Repository/FDR-SuperUser-Dashboard/cashieringProcessorRole' is clicked on

2020-10-10 11:12:10 - [MESSAGE][INFO] - Unable to find the element located by 'By.xpath: //*[text()='Review']//parent::button[@data-id='action-button']'. Please recheck the objects properties to make sure the desired element is located. 

2020-10-10 11:12:10 - [MESSAGE][WARNING] - Object 'Object Repository/FDR-VoucherEntry/VoucherHeader/reviewButton' is not present after 2 second(s)

2020-10-10 11:12:10 - [TEST_STEP][PASSED] - waitForElementPresent(findTestObject("FDR-Dashboard/createNewVoucherButton"), wait): Object 'Object Repository/FDR-Dashboard/createNewVoucherButton' is not present after 10 second(s)

2020-10-10 11:12:22 - [MESSAGE][INFO] - Unable to find the element located by 'By.xpath: //*[@data-id='button-link']//*[contains(text(),'Create New Voucher')]'. Please recheck the objects properties to make sure the desired element is located. 

2020-10-10 11:12:22 - [MESSAGE][WARNING] - Object 'Object Repository/FDR-Dashboard/createNewVoucherButton' is not present after 10 second(s)

2020-10-10 11:12:22 - [TEST_STEP][PASSED] - click(findTestObject("FDR-Receipt/FDR-Search-Receipt/searchBar")): Object: 'Object Repository/FDR-Receipt/FDR-Search-Receipt/searchBar' is clicked on

2020-10-10 11:12:22 - [MESSAGE][PASSED] - Object: 'Object Repository/FDR-Receipt/FDR-Search-Receipt/searchBar' is clicked on

2020-10-10 11:12:22 - [TEST_STEP][PASSED] - waitForElementPresent(findTestObject("FDR-Dashboard/createNewVoucherButton"), wait): Object 'Object Repository/FDR-Dashboard/createNewVoucherButton' is not present after 10 second(s)

2020-10-10 11:12:33 - [MESSAGE][INFO] - Unable to find the element located by 'By.xpath: //*[@data-id='button-link']//*[contains(text(),'Create New Voucher')]'. Please recheck the objects properties to make sure the desired element is located. 

2020-10-10 11:12:33 - [MESSAGE][WARNING] - Object 'Object Repository/FDR-Dashboard/createNewVoucherButton' is not present after 10 second(s)

2020-10-10 11:12:33 - [TEST_STEP][PASSED] - sendKeys(findTestObject("FDR-Receipt/FDR-Search-Receipt/searchBar"), depositId): Keys '6962059' sent to object: 'Object Repository/FDR-Receipt/FDR-Search-Receipt/searchBar'

2020-10-10 11:12:33 - [MESSAGE][PASSED] - Keys '6962059' sent to object: 'Object Repository/FDR-Receipt/FDR-Search-Receipt/searchBar'

2020-10-10 11:12:33 - [TEST_STEP][PASSED] - waitForElementPresent(findTestObject("FDR-Dashboard/createNewVoucherButton"), 10): Object 'Object Repository/FDR-Dashboard/createNewVoucherButton' is not present after 10 second(s)

2020-10-10 11:12:44 - [MESSAGE][INFO] - Unable to find the element located by 'By.xpath: //*[@data-id='button-link']//*[contains(text(),'Create New Voucher')]'. Please recheck the objects properties to make sure the desired element is located. 

2020-10-10 11:12:44 - [MESSAGE][WARNING] - Object 'Object Repository/FDR-Dashboard/createNewVoucherButton' is not present after 10 second(s)

2020-10-10 11:12:44 - [TEST_STEP][PASSED] - click(findTestObject("FDR-Receipt/FDR-ReceiptBatch/Fix/fixButton")): Object: 'Object Repository/FDR-Receipt/FDR-ReceiptBatch/Fix/fixButton' is clicked on

2020-10-10 11:12:45 - [MESSAGE][PASSED] - Object: 'Object Repository/FDR-Receipt/FDR-ReceiptBatch/Fix/fixButton' is clicked on

2020-10-10 11:12:45 - [TEST_STEP][PASSED] - waitForElementPresent(findTestObject("FDR-Dashboard/createNewVoucherButton"), 10): Object 'Object Repository/FDR-Dashboard/createNewVoucherButton' is not present after 10 second(s)

2020-10-10 11:12:56 - [MESSAGE][INFO] - Unable to find the element located by 'By.xpath: //*[@data-id='button-link']//*[contains(text(),'Create New Voucher')]'. Please recheck the objects properties to make sure the desired element is located. 

2020-10-10 11:12:56 - [MESSAGE][WARNING] - Object 'Object Repository/FDR-Dashboard/createNewVoucherButton' is not present after 10 second(s)

2020-10-10 11:12:56 - [TEST_STEP][PASSED] - waitForElementPresent(findTestObject("FDR-EditVoucher/voucherEditIcon"), wait): Object 'Object Repository/FDR-EditVoucher/voucherEditIcon' is present

2020-10-10 11:12:56 - [MESSAGE][PASSED] - Object 'Object Repository/FDR-EditVoucher/voucherEditIcon' is present

2020-10-10 11:12:56 - [TEST_STEP][PASSED] - click(findTestObject("FDR-EditVoucher/voucherEditIcon")): Object: 'Object Repository/FDR-EditVoucher/voucherEditIcon' is clicked on

2020-10-10 11:12:57 - [MESSAGE][PASSED] - Object: 'Object Repository/FDR-EditVoucher/voucherEditIcon' is clicked on

2020-10-10 11:12:57 - [TEST_STEP][PASSED] - waitForElementPresent(findTestObject("FDR-EditVoucher/voucherEdit"), wait): Object 'Object Repository/FDR-EditVoucher/voucherEdit' is present

2020-10-10 11:12:57 - [MESSAGE][PASSED] - Object 'Object Repository/FDR-EditVoucher/voucherEdit' is present

2020-10-10 11:12:57 - [TEST_STEP][PASSED] - click(findTestObject("FDR-EditVoucher/voucherEdit")): Object: 'Object Repository/FDR-EditVoucher/voucherEdit' is clicked on

2020-10-10 11:12:58 - [MESSAGE][PASSED] - Object: 'Object Repository/FDR-EditVoucher/voucherEdit' is clicked on

2020-10-10 11:12:58 - [TEST_STEP][PASSED] - Edit_Receipt_Invoice_DistributionLines.EditRecieptLine(): Text 'CA292046' is set on object 'Object Repository/FDR-Receipt/FDR-Receipt-Header/View/controllerNo'

2020-10-10 11:12:58 - [MESSAGE][PASSED] - Object 'Object Repository/FDR-VoucherEntry/Voucher/buttonNext' is present

2020-10-10 11:12:59 - [MESSAGE][PASSED] - Object: 'Object Repository/FDR-VoucherEntry/VoucherEntryObjects/DateImage' is clicked on

2020-10-10 11:13:03 - [MESSAGE][PASSED] - Delayed 4 second(s)

2020-10-10 11:13:03 - [MESSAGE][PASSED] - Object: 'Object Repository/FDR-VoucherEntry/VoucherEntryObjects/AvaliableDate' is clicked on

2020-10-10 11:13:04 - [MESSAGE][PASSED] - Object 'Object Repository/FDR-Receipt/FDR-ReceiptBatch/receiptNotes' is present

2020-10-10 11:13:04 - [MESSAGE][PASSED] - Object: 'Object Repository/FDR-Receipt/FDR-ReceiptBatch/receiptNotes' is clicked on

2020-10-10 11:13:05 - [MESSAGE][PASSED] - Keys 'CONTROL + a' sent to object: 'Object Repository/FDR-Receipt/FDR-ReceiptBatch/receiptNotes'

2020-10-10 11:13:05 - [MESSAGE][PASSED] - Keys 'DELETE + ' sent to object: 'Object Repository/FDR-Receipt/FDR-ReceiptBatch/receiptNotes'

2020-10-10 11:13:06 - [MESSAGE][PASSED] - Text 'ReceiptNotes Updated' is set on object 'Object Repository/FDR-Receipt/FDR-ReceiptBatch/receiptNotes'

2020-10-10 11:13:07 - [MESSAGE][PASSED] - Text of object 'Object Repository/FDR-Receipt/FDR-Receipt-Header/View/remittanceNo' is cleared

2020-10-10 11:13:07 - [MESSAGE][PASSED] - Object: 'Object Repository/FDR-Receipt/FDR-Receipt-Header/View/remittanceNo' is clicked on

2020-10-10 11:13:08 - [MESSAGE][PASSED] - Keys 'CONTROL + a' sent to object: 'Object Repository/FDR-Receipt/FDR-Receipt-Header/View/remittanceNo'

2020-10-10 11:13:08 - [MESSAGE][PASSED] - Keys 'DELETE + ' sent to object: 'Object Repository/FDR-Receipt/FDR-Receipt-Header/View/remittanceNo'

2020-10-10 11:13:09 - [MESSAGE][PASSED] - Text 'RA123136' is set on object 'Object Repository/FDR-Receipt/FDR-Receipt-Header/View/remittanceNo'

2020-10-10 11:13:09 - [MESSAGE][PASSED] - Text of object 'Object Repository/FDR-Receipt/FDR-Receipt-Header/View/controllerNo' is cleared

2020-10-10 11:13:10 - [MESSAGE][PASSED] - Object: 'Object Repository/FDR-Receipt/FDR-Receipt-Header/View/controllerNo' is clicked on

2020-10-10 11:13:10 - [MESSAGE][PASSED] - Keys 'CONTROL + a' sent to object: 'Object Repository/FDR-Receipt/FDR-Receipt-Header/View/controllerNo'

2020-10-10 11:13:11 - [MESSAGE][PASSED] - Keys 'DELETE + ' sent to object: 'Object Repository/FDR-Receipt/FDR-Receipt-Header/View/controllerNo'

2020-10-10 11:13:12 - [MESSAGE][PASSED] - Text 'CA292046' is set on object 'Object Repository/FDR-Receipt/FDR-Receipt-Header/View/controllerNo'

2020-10-10 11:13:12 - [TEST_STEP][PASSED] - waitForElementPresent(findTestObject("FDR-Receipt/FDR-Receipt-Header/View/buttonNext"), wait): Object 'Object Repository/FDR-Receipt/FDR-Receipt-Header/View/buttonNext' is present

2020-10-10 11:13:12 - [MESSAGE][PASSED] - Object 'Object Repository/FDR-Receipt/FDR-Receipt-Header/View/buttonNext' is present

2020-10-10 11:13:12 - [TEST_STEP][PASSED] - click(findTestObject("FDR-Receipt/FDR-Receipt-Header/View/buttonNext")): Object: 'Object Repository/FDR-Receipt/FDR-Receipt-Header/View/buttonNext' is clicked on

2020-10-10 11:13:13 - [MESSAGE][PASSED] - Object: 'Object Repository/FDR-Receipt/FDR-Receipt-Header/View/buttonNext' is clicked on

2020-10-10 11:13:13 - [TEST_STEP][PASSED] - waitForElementPresent(findTestObject("FDR-VoucherEntry/InvoiceLine/invoiceLineExpandButton"), wait): Object 'Object Repository/FDR-VoucherEntry/InvoiceLine/invoiceLineExpandButton' is present

2020-10-10 11:13:13 - [MESSAGE][PASSED] - Object 'Object Repository/FDR-VoucherEntry/InvoiceLine/invoiceLineExpandButton' is present

2020-10-10 11:13:13 - [TEST_STEP][PASSED] - click(findTestObject("FDR-VoucherEntry/InvoiceLine/invoiceLineExpandButton")): Object: 'Object Repository/FDR-VoucherEntry/InvoiceLine/invoiceLineExpandButton' is clicked on

2020-10-10 11:13:14 - [MESSAGE][PASSED] - Object: 'Object Repository/FDR-VoucherEntry/InvoiceLine/invoiceLineExpandButton' is clicked on

2020-10-10 11:13:14 - [TEST_STEP][PASSED] - waitForElementPresent(findTestObject("FDR-Dashboard/createNewVoucherButton"), wait): Object 'Object Repository/FDR-Dashboard/createNewVoucherButton' is not present after 10 second(s)

2020-10-10 11:13:25 - [MESSAGE][INFO] - Unable to find the element located by 'By.xpath: //*[@data-id='button-link']//*[contains(text(),'Create New Voucher')]'. Please recheck the objects properties to make sure the desired element is located. 

2020-10-10 11:13:25 - [MESSAGE][WARNING] - Object 'Object Repository/FDR-Dashboard/createNewVoucherButton' is not present after 10 second(s)

2020-10-10 11:13:25 - [TEST_STEP][PASSED] - mouseOver(findTestObject("FDR-Receipt/editReceiptLine")): Object: 'Object Repository/FDR-Receipt/editReceiptLine' is hovered

2020-10-10 11:13:25 - [MESSAGE][PASSED] - Object: 'Object Repository/FDR-Receipt/editReceiptLine' is hovered

2020-10-10 11:13:25 - [TEST_STEP][PASSED] - waitForElementPresent(findTestObject("FDR-Dashboard/createNewVoucherButton"), wait): Object 'Object Repository/FDR-Dashboard/createNewVoucherButton' is not present after 10 second(s)

2020-10-10 11:13:36 - [MESSAGE][INFO] - Unable to find the element located by 'By.xpath: //*[@data-id='button-link']//*[contains(text(),'Create New Voucher')]'. Please recheck the objects properties to make sure the desired element is located. 

2020-10-10 11:13:36 - [MESSAGE][WARNING] - Object 'Object Repository/FDR-Dashboard/createNewVoucherButton' is not present after 10 second(s)

2020-10-10 11:13:36 - [TEST_STEP][PASSED] - click(findTestObject("FDR-Receipt/editReceiptLine")): Object: 'Object Repository/FDR-Receipt/editReceiptLine' is clicked on

2020-10-10 11:13:37 - [MESSAGE][PASSED] - Object: 'Object Repository/FDR-Receipt/editReceiptLine' is clicked on

2020-10-10 11:13:37 - [TEST_STEP][PASSED] - waitForElementPresent(findTestObject("FDR-Dashboard/createNewVoucherButton"), wait): Object 'Object Repository/FDR-Dashboard/createNewVoucherButton' is not present after 10 second(s)

2020-10-10 11:13:48 - [MESSAGE][INFO] - Unable to find the element located by 'By.xpath: //*[@data-id='button-link']//*[contains(text(),'Create New Voucher')]'. Please recheck the objects properties to make sure the desired element is located. 

2020-10-10 11:13:48 - [MESSAGE][WARNING] - Object 'Object Repository/FDR-Dashboard/createNewVoucherButton' is not present after 10 second(s)

2020-10-10 11:13:48 - [TEST_STEP][PASSED] - click(findTestObject("FDR-Receipt/FDR-Receipt-Checkline/Edit/li_Edit")): Object: 'Object Repository/FDR-Receipt/FDR-Receipt-Checkline/Edit/li_Edit' is clicked on

2020-10-10 11:13:48 - [MESSAGE][PASSED] - Object: 'Object Repository/FDR-Receipt/FDR-Receipt-Checkline/Edit/li_Edit' is clicked on

2020-10-10 11:13:48 - [TEST_STEP][PASSED] - Edit_Receipt_Invoice_DistributionLines.EditReceiptInvoice(): Keys '10/09/2020' sent to object: 'Object Repository/FDR-Receipt/FDR-Receipt-Checkline/View/deposit_Date'

2020-10-10 11:13:49 - [MESSAGE][PASSED] - Object: 'Object Repository/FDR-Receipt/FDR-Receipt-Checkline/View/receipt_ID' is clicked on

2020-10-10 11:13:49 - [MESSAGE][PASSED] - Keys 'CONTROL + a' sent to object: 'Object Repository/FDR-Receipt/FDR-Receipt-Checkline/View/receipt_ID'

2020-10-10 11:13:49 - [MESSAGE][PASSED] - Keys 'DELETE + ' sent to object: 'Object Repository/FDR-Receipt/FDR-Receipt-Checkline/View/receipt_ID'

2020-10-10 11:13:50 - [MESSAGE][PASSED] - Keys 'RA34755' sent to object: 'Object Repository/FDR-Receipt/FDR-Receipt-Checkline/View/receipt_ID'

2020-10-10 11:13:51 - [MESSAGE][PASSED] - Object 'Object Repository/FDR-Receipt/FDR-Receipt-Checkline/View/supplier_Id' is present

2020-10-10 11:13:51 - [MESSAGE][PASSED] - Object: 'Object Repository/FDR-Receipt/FDR-Receipt-Checkline/View/supplier_Id' is clicked on

2020-10-10 11:13:51 - [MESSAGE][PASSED] - Keys '0000008024' sent to object: 'Object Repository/FDR-Receipt/FDR-Receipt-Checkline/View/supplier_Id'

2020-10-10 11:13:52 - [MESSAGE][PASSED] - Keys 'DOWN + ENTER + ' sent to object: 'Object Repository/FDR-Receipt/FDR-Receipt-Checkline/View/supplier_Id'

2020-10-10 11:13:52 - [MESSAGE][PASSED] - Object 'Object Repository/FDR-Receipt/FDR-Receipt-Checkline/View/deposit_Date' is present

2020-10-10 11:13:53 - [MESSAGE][PASSED] - Keys '10/09/2020' sent to object: 'Object Repository/FDR-Receipt/FDR-Receipt-Checkline/View/deposit_Date'

2020-10-10 11:13:53 - [TEST_STEP][PASSED] - waitForElementPresent(findTestObject("FDR-Receipt/FDR-Receipt-Checkline/Edit/button_Save"), wait): Object 'Object Repository/FDR-Receipt/FDR-Receipt-Checkline/Edit/button_Save' is present

2020-10-10 11:13:53 - [MESSAGE][PASSED] - Object 'Object Repository/FDR-Receipt/FDR-Receipt-Checkline/Edit/button_Save' is present

2020-10-10 11:13:53 - [TEST_STEP][PASSED] - click(findTestObject("FDR-Receipt/FDR-Receipt-Checkline/Edit/button_Save")): Object: 'Object Repository/FDR-Receipt/FDR-Receipt-Checkline/Edit/button_Save' is clicked on

2020-10-10 11:13:54 - [MESSAGE][PASSED] - Object: 'Object Repository/FDR-Receipt/FDR-Receipt-Checkline/Edit/button_Save' is clicked on

2020-10-10 11:13:54 - [TEST_STEP][PASSED] - waitForElementPresent(findTestObject("FDR-Dashboard/createNewVoucherButton"), wait): Object 'Object Repository/FDR-Dashboard/createNewVoucherButton' is not present after 10 second(s)

2020-10-10 11:14:05 - [MESSAGE][INFO] - Unable to find the element located by 'By.xpath: //*[@data-id='button-link']//*[contains(text(),'Create New Voucher')]'. Please recheck the objects properties to make sure the desired element is located. 

2020-10-10 11:14:05 - [MESSAGE][WARNING] - Object 'Object Repository/FDR-Dashboard/createNewVoucherButton' is not present after 10 second(s)

2020-10-10 11:14:05 - [TEST_STEP][PASSED] - waitForElementPresent(findTestObject("FDR-Receipt/FDR-Receipt-DistributionLine/3dots/distributionLineHover"), wait): Object 'Object Repository/FDR-Receipt/FDR-Receipt-DistributionLine/3dots/distributionLineHover' is present

2020-10-10 11:14:05 - [MESSAGE][PASSED] - Object 'Object Repository/FDR-Receipt/FDR-Receipt-DistributionLine/3dots/distributionLineHover' is present

2020-10-10 11:14:05 - [TEST_STEP][PASSED] - mouseOver(findTestObject("FDR-Receipt/FDR-Receipt-DistributionLine/3dots/distributionLineHover")): Object: 'Object Repository/FDR-Receipt/FDR-Receipt-DistributionLine/3dots/distributionLineHover' is hovered

2020-10-10 11:14:06 - [MESSAGE][PASSED] - Object: 'Object Repository/FDR-Receipt/FDR-Receipt-DistributionLine/3dots/distributionLineHover' is hovered

2020-10-10 11:14:06 - [TEST_STEP][PASSED] - click(findTestObject("FDR-Receipt/FDR-Receipt-DistributionLine/3dots/distributionLineHover")): Object: 'Object Repository/FDR-Receipt/FDR-Receipt-DistributionLine/3dots/distributionLineHover' is clicked on

2020-10-10 11:14:06 - [MESSAGE][PASSED] - Object: 'Object Repository/FDR-Receipt/FDR-Receipt-DistributionLine/3dots/distributionLineHover' is clicked on

2020-10-10 11:14:06 - [TEST_STEP][PASSED] - waitForElementPresent(findTestObject("FDR-Receipt/FDR-Receipt-DistributionLine/3dots/distributionLineHover"), wait): Object 'Object Repository/FDR-Receipt/FDR-Receipt-DistributionLine/3dots/distributionLineHover' is present

2020-10-10 11:14:06 - [MESSAGE][PASSED] - Object 'Object Repository/FDR-Receipt/FDR-Receipt-DistributionLine/3dots/distributionLineHover' is present

2020-10-10 11:14:06 - [TEST_STEP][PASSED] - click(findTestObject("FDR-Receipt/FDR-Receipt-DistributionLine/3dots/editIconDistributionLine")): Object: 'Object Repository/FDR-Receipt/FDR-Receipt-DistributionLine/3dots/editIconDistributionLine' is clicked on

2020-10-10 11:14:07 - [MESSAGE][PASSED] - Object: 'Object Repository/FDR-Receipt/FDR-Receipt-DistributionLine/3dots/editIconDistributionLine' is clicked on

2020-10-10 11:14:07 - [TEST_STEP][PASSED] - waitForElementPresent(findTestObject("FDR-EditVoucher/DLEditClick"), wait): Object 'Object Repository/FDR-EditVoucher/DLEditClick' is present

2020-10-10 11:14:07 - [MESSAGE][PASSED] - Object 'Object Repository/FDR-EditVoucher/DLEditClick' is present

2020-10-10 11:14:07 - [TEST_STEP][PASSED] - click(findTestObject("FDR-EditVoucher/DLEditClick")): Object: 'Object Repository/FDR-EditVoucher/DLEditClick' is clicked on

2020-10-10 11:14:08 - [MESSAGE][PASSED] - Object: 'Object Repository/FDR-EditVoucher/DLEditClick' is clicked on

2020-10-10 11:14:08 - [TEST_STEP][PASSED] - Edit_Receipt_Invoice_DistributionLines.EditReceiptDistribution(): Object 'Object Repository/FDR-Dashboard/createNewVoucherButton' is not present after 15 second(s)

2020-10-10 11:14:08 - [MESSAGE][PASSED] - Object 'Object Repository/FDR-Receipt/FDR-Receipt-DistributionLine/FDR-AddEdit-DistributionLine/input_Service date (from)' is present

2020-10-10 11:14:09 - [MESSAGE][PASSED] - Object: 'Object Repository/FDR-Receipt/FDR-Receipt-DistributionLine/FDR-AddEdit-DistributionLine/input_Service date (from)' is clicked on

2020-10-10 11:14:09 - [MESSAGE][PASSED] - Keys 'CONTROL + a' sent to object: 'Object Repository/FDR-Receipt/FDR-Receipt-DistributionLine/FDR-AddEdit-DistributionLine/input_Service date (from)'

2020-10-10 11:14:09 - [MESSAGE][PASSED] - Keys 'DELETE + ' sent to object: 'Object Repository/FDR-Receipt/FDR-Receipt-DistributionLine/FDR-AddEdit-DistributionLine/input_Service date (from)'

2020-10-10 11:14:10 - [MESSAGE][PASSED] - Keys '10/10/2020' sent to object: 'Object Repository/FDR-Receipt/FDR-Receipt-DistributionLine/FDR-AddEdit-DistributionLine/input_Service date (from)'

2020-10-10 11:14:11 - [MESSAGE][PASSED] - Object 'Object Repository/FDR-Receipt/FDR-Receipt-DistributionLine/FDR-AddEdit-DistributionLine/input_Service date (to)' is present

2020-10-10 11:14:11 - [MESSAGE][PASSED] - Object: 'Object Repository/FDR-Receipt/FDR-Receipt-DistributionLine/FDR-AddEdit-DistributionLine/input_Service date (to)' is clicked on

2020-10-10 11:14:11 - [MESSAGE][PASSED] - Keys 'CONTROL + a' sent to object: 'Object Repository/FDR-Receipt/FDR-Receipt-DistributionLine/FDR-AddEdit-DistributionLine/input_Service date (to)'

2020-10-10 11:14:12 - [MESSAGE][PASSED] - Keys 'DELETE + ' sent to object: 'Object Repository/FDR-Receipt/FDR-Receipt-DistributionLine/FDR-AddEdit-DistributionLine/input_Service date (to)'

2020-10-10 11:14:12 - [MESSAGE][PASSED] - Keys '10/10/2020' sent to object: 'Object Repository/FDR-Receipt/FDR-Receipt-DistributionLine/FDR-AddEdit-DistributionLine/input_Service date (to)'

2020-10-10 11:14:28 - [MESSAGE][INFO] - Unable to find the element located by 'By.xpath: //*[@data-id='button-link']//*[contains(text(),'Create New Voucher')]'. Please recheck the objects properties to make sure the desired element is located. 

2020-10-10 11:14:28 - [MESSAGE][WARNING] - Object 'Object Repository/FDR-Dashboard/createNewVoucherButton' is not present after 15 second(s)

2020-10-10 11:14:28 - [TEST_STEP][PASSED] - click(findTestObject("FDR-Receipt/FDR-Receipt-DistributionLine/FDR-AddEdit-DistributionLine/button_SaveClose")): Object: 'Object Repository/FDR-Receipt/FDR-Receipt-DistributionLine/FDR-AddEdit-DistributionLine/button_SaveClose' is clicked on

2020-10-10 11:14:29 - [MESSAGE][PASSED] - Object: 'Object Repository/FDR-Receipt/FDR-Receipt-DistributionLine/FDR-AddEdit-DistributionLine/button_SaveClose' is clicked on

2020-10-10 11:14:29 - [TEST_STEP][PASSED] - waitForElementPresent(findTestObject("FDR-Dashboard/createNewVoucherButton"), 10): Object 'Object Repository/FDR-Dashboard/createNewVoucherButton' is not present after 10 second(s)

2020-10-10 11:14:40 - [MESSAGE][INFO] - Unable to find the element located by 'By.xpath: //*[@data-id='button-link']//*[contains(text(),'Create New Voucher')]'. Please recheck the objects properties to make sure the desired element is located. 

2020-10-10 11:14:40 - [MESSAGE][WARNING] - Object 'Object Repository/FDR-Dashboard/createNewVoucherButton' is not present after 10 second(s)

2020-10-10 11:14:40 - [TEST_STEP][PASSED] - click(findTestObject("FDR-Receipt/FDR-ReceiptBatch/Review-Receipt/button_Review")): Object: 'Object Repository/FDR-Receipt/FDR-ReceiptBatch/Review-Receipt/button_Review' is clicked on

2020-10-10 11:14:40 - [MESSAGE][PASSED] - Object: 'Object Repository/FDR-Receipt/FDR-ReceiptBatch/Review-Receipt/button_Review' is clicked on

2020-10-10 11:14:40 - [TEST_STEP][PASSED] - waitForElementPresent(findTestObject("FDR-Receipt/FDR-ReceiptBatch/Review-Receipt/button_Submitforapproval"), wait): Object 'Object Repository/FDR-Receipt/FDR-ReceiptBatch/Review-Receipt/button_Submitforapproval' is present

2020-10-10 11:14:41 - [MESSAGE][PASSED] - Object 'Object Repository/FDR-Receipt/FDR-ReceiptBatch/Review-Receipt/button_Submitforapproval' is present

2020-10-10 11:14:41 - [TEST_STEP][PASSED] - click(findTestObject("FDR-Receipt/FDR-ReceiptBatch/Review-Receipt/button_Submitforapproval")): Object: 'Object Repository/FDR-Receipt/FDR-ReceiptBatch/Review-Receipt/button_Submitforapproval' is clicked on

2020-10-10 11:14:42 - [MESSAGE][PASSED] - Object: 'Object Repository/FDR-Receipt/FDR-ReceiptBatch/Review-Receipt/button_Submitforapproval' is clicked on

2020-10-10 11:14:42 - [TEST_STEP][PASSED] - waitForElementPresent(findTestObject("FDR-Dashboard/createNewVoucherButton"), wait): Object 'Object Repository/FDR-Dashboard/createNewVoucherButton' is not present after 10 second(s)

2020-10-10 11:14:53 - [MESSAGE][INFO] - Unable to find the element located by 'By.xpath: //*[@data-id='button-link']//*[contains(text(),'Create New Voucher')]'. Please recheck the objects properties to make sure the desired element is located. 

2020-10-10 11:14:53 - [MESSAGE][WARNING] - Object 'Object Repository/FDR-Dashboard/createNewVoucherButton' is not present after 10 second(s)

2020-10-10 11:14:53 - [TEST_STEP][PASSED] - commonFunctions.selectRole("cashieringApproverRole"): Object 'Object Repository/FDR-VoucherEntry/VoucherHeader/reviewButton' is not present after 2 second(s)

2020-10-10 11:14:56 - [MESSAGE][INFO] - Unable to find the element located by 'By.xpath: //*[text()='Review']//parent::button[@data-id='action-button']'. Please recheck the objects properties to make sure the desired element is located. 

2020-10-10 11:14:56 - [MESSAGE][WARNING] - Object 'Object Repository/FDR-VoucherEntry/VoucherHeader/reviewButton' is not present after 2 second(s)

2020-10-10 11:14:56 - [MESSAGE][PASSED] - Object: 'Object Repository/FDR-SuperUser-Dashboard/userExpandButton' is clicked on

2020-10-10 11:15:00 - [MESSAGE][INFO] - Unable to find the element located by 'By.xpath: //*[text()='Review']//parent::button[@data-id='action-button']'. Please recheck the objects properties to make sure the desired element is located. 

2020-10-10 11:15:00 - [MESSAGE][WARNING] - Object 'Object Repository/FDR-VoucherEntry/VoucherHeader/reviewButton' is not present after 2 second(s)

2020-10-10 11:15:00 - [MESSAGE][PASSED] - Object: 'Object Repository/FDR-SuperUser-Dashboard/cashieringApproverRole' is clicked on

2020-10-10 11:15:03 - [MESSAGE][INFO] - Unable to find the element located by 'By.xpath: //*[text()='Review']//parent::button[@data-id='action-button']'. Please recheck the objects properties to make sure the desired element is located. 

2020-10-10 11:15:03 - [MESSAGE][WARNING] - Object 'Object Repository/FDR-VoucherEntry/VoucherHeader/reviewButton' is not present after 2 second(s)

2020-10-10 11:15:03 - [TEST_STEP][PASSED] - waitForElementPresent(findTestObject("FDR-Receipt/FDR-ReceiptBatch/Fix/clearButton"), wait): Object 'Object Repository/FDR-Receipt/FDR-ReceiptBatch/Fix/clearButton' is present

2020-10-10 11:15:03 - [MESSAGE][PASSED] - Object 'Object Repository/FDR-Receipt/FDR-ReceiptBatch/Fix/clearButton' is present

2020-10-10 11:15:03 - [TEST_STEP][PASSED] - click(findTestObject("FDR-Receipt/FDR-ReceiptBatch/Fix/clearButton")): Object: 'Object Repository/FDR-Receipt/FDR-ReceiptBatch/Fix/clearButton' is clicked on

2020-10-10 11:15:04 - [MESSAGE][PASSED] - Object: 'Object Repository/FDR-Receipt/FDR-ReceiptBatch/Fix/clearButton' is clicked on

2020-10-10 11:15:04 - [TEST_STEP][PASSED] - waitForElementPresent(findTestObject("FDR-Receipt/FDR-Search-Receipt/searchBar"), wait): Object 'Object Repository/FDR-Receipt/FDR-Search-Receipt/searchBar' is present

2020-10-10 11:15:04 - [MESSAGE][PASSED] - Object 'Object Repository/FDR-Receipt/FDR-Search-Receipt/searchBar' is present

2020-10-10 11:15:04 - [TEST_STEP][PASSED] - click(findTestObject("FDR-Receipt/FDR-Search-Receipt/searchBar")): Object: 'Object Repository/FDR-Receipt/FDR-Search-Receipt/searchBar' is clicked on

2020-10-10 11:15:05 - [MESSAGE][PASSED] - Object: 'Object Repository/FDR-Receipt/FDR-Search-Receipt/searchBar' is clicked on

2020-10-10 11:15:05 - [TEST_STEP][PASSED] - waitForElementPresent(findTestObject("FDR-Receipt/FDR-Search-Receipt/searchBar"), wait): Object 'Object Repository/FDR-Receipt/FDR-Search-Receipt/searchBar' is present

2020-10-10 11:15:05 - [MESSAGE][PASSED] - Object 'Object Repository/FDR-Receipt/FDR-Search-Receipt/searchBar' is present

2020-10-10 11:15:05 - [TEST_STEP][PASSED] - sendKeys(findTestObject("FDR-Receipt/FDR-Search-Receipt/searchBar"), depositId): Keys '6962059' sent to object: 'Object Repository/FDR-Receipt/FDR-Search-Receipt/searchBar'

2020-10-10 11:15:05 - [MESSAGE][PASSED] - Keys '6962059' sent to object: 'Object Repository/FDR-Receipt/FDR-Search-Receipt/searchBar'

2020-10-10 11:15:05 - [TEST_STEP][PASSED] - waitForElementPresent(findTestObject("FDR-Dashboard/VouhcersTable/validateButton"), wait): Object 'Object Repository/FDR-Dashboard/VouhcersTable/validateButton' is present

2020-10-10 11:15:06 - [MESSAGE][PASSED] - Object 'Object Repository/FDR-Dashboard/VouhcersTable/validateButton' is present

2020-10-10 11:15:06 - [TEST_STEP][PASSED] - click(findTestObject("FDR-Dashboard/VouhcersTable/validateButton")): Object: 'Object Repository/FDR-Dashboard/VouhcersTable/validateButton' is clicked on

2020-10-10 11:15:07 - [MESSAGE][PASSED] - Object: 'Object Repository/FDR-Dashboard/VouhcersTable/validateButton' is clicked on

2020-10-10 11:15:07 - [TEST_STEP][PASSED] - waitForElementPresent(findTestObject("FDR-Receipt/FDR-EndToEnd-Regression/approveBtn"), wait): Object 'Object Repository/FDR-Receipt/FDR-EndToEnd-Regression/approveBtn' is present

2020-10-10 11:15:08 - [MESSAGE][PASSED] - Object 'Object Repository/FDR-Receipt/FDR-EndToEnd-Regression/approveBtn' is present

2020-10-10 11:15:08 - [TEST_STEP][PASSED] - click(findTestObject("FDR-Receipt/FDR-EndToEnd-Regression/approveBtn")): Object: 'Object Repository/FDR-Receipt/FDR-EndToEnd-Regression/approveBtn' is clicked on

2020-10-10 11:15:08 - [MESSAGE][PASSED] - Object: 'Object Repository/FDR-Receipt/FDR-EndToEnd-Regression/approveBtn' is clicked on

2020-10-10 11:15:08 - [TEST_STEP][PASSED] - waitForElementPresent(findTestObject("FDR-Receipt/FDR-ReceiptBatch/Fix/clearButton"), wait): Object 'Object Repository/FDR-Receipt/FDR-ReceiptBatch/Fix/clearButton' is present

2020-10-10 11:15:09 - [MESSAGE][PASSED] - Object 'Object Repository/FDR-Receipt/FDR-ReceiptBatch/Fix/clearButton' is present

2020-10-10 11:15:09 - [TEST_STEP][PASSED] - click(findTestObject("FDR-Receipt/FDR-ReceiptBatch/Fix/clearButton")): Object: 'Object Repository/FDR-Receipt/FDR-ReceiptBatch/Fix/clearButton' is clicked on

2020-10-10 11:15:09 - [MESSAGE][PASSED] - Object: 'Object Repository/FDR-Receipt/FDR-ReceiptBatch/Fix/clearButton' is clicked on

2020-10-10 11:15:09 - [TEST_STEP][PASSED] - commonFunctions.logout(): Browser is closed

2020-10-10 11:15:09 - [MESSAGE][PASSED] - Browser is closed

2020-10-10 11:15:09 - [TEST_STEP][PASSED] - Start listener action : sampleAfterTestCase: null

2020-10-10 11:15:09 - [TEST_STEP][PASSED] - profileName = getExecutionProfile(): null

2020-10-10 11:15:09 - [TEST_STEP][PASSED] - switch (profileName): null

2020-10-10 11:15:09 - [TEST_STEP][PASSED] - case "superUser":: null

2020-10-10 11:15:09 - [TEST_STEP][PASSED] - return null: null

2020-10-10 11:15:09 - [TEST_STEP][PASSED] - Start listener action : afterTestCase: null

2020-10-10 11:15:09 - [TEST_STEP][PASSED] - profileName = getExecutionProfile(): null

2020-10-10 11:15:09 - [TEST_STEP][PASSED] - if (profileName.equalsIgnoreCase("SysAdmin")): null

2020-10-10 11:15:09 - [TEST_STEP][PASSED] - Start listener action : sampleAfterTestCase: null

2020-10-10 11:15:09 - [TEST_STEP][PASSED] - profileName = getExecutionProfile(): null

2020-10-10 11:15:09 - [TEST_STEP][PASSED] - switch (profileName): null

2020-10-10 11:15:09 - [TEST_STEP][PASSED] - Default: null

2020-10-10 11:15:09 - [TEST_STEP][PASSED] - return null: null

2020-10-10 11:15:09 - [TEST_STEP][PASSED] - Start listener action : addFailedTCToList: null]]></system-out>
         <system-err><![CDATA[]]></system-err>
      </testcase>
      <testcase name="Test Cases/FDR_E2E-REGRESSION-TESTS/TC_9-FDR_E2E_VOUCHER-EDIT" time="288.007" classname="Test Cases/FDR_E2E-REGRESSION-TESTS/TC_9-FDR_E2E_VOUCHER-EDIT" status="PASSED">
         <system-out><![CDATA[2020-10-10 11:15:09 - [TEST_CASE][PASSED] - Test Cases/FDR_E2E-REGRESSION-TESTS/TC_9-FDR_E2E_VOUCHER-EDIT: Test Cases/FDR_E2E-REGRESSION-TESTS/TC_9-FDR_E2E_VOUCHER-EDIT

2020-10-10 11:15:10 - [TEST_STEP][PASSED] - Start listener action : sampleBeforeTestCase: null

2020-10-10 11:15:10 - [TEST_STEP][PASSED] - profileName = getExecutionProfile(): null

2020-10-10 11:15:10 - [TEST_STEP][PASSED] - switch (profileName): null

2020-10-10 11:15:10 - [TEST_STEP][PASSED] - case "superUser":: null

2020-10-10 11:15:10 - [TEST_STEP][PASSED] - return null: null

2020-10-10 11:15:10 - [TEST_STEP][PASSED] - Start listener action : beforeTestCase: null

2020-10-10 11:15:10 - [TEST_STEP][PASSED] - profileName = getExecutionProfile(): null

2020-10-10 11:15:10 - [TEST_STEP][PASSED] - if (profileName.equalsIgnoreCase("SysAdmin")): null

2020-10-10 11:15:10 - [TEST_STEP][PASSED] - Start listener action : sampleBeforeTestCase: null

2020-10-10 11:15:10 - [TEST_STEP][PASSED] - profileName = getExecutionProfile(): null

2020-10-10 11:15:10 - [TEST_STEP][PASSED] - testCaseId = testCaseContext.getTestCaseId(): null

2020-10-10 11:15:10 - [TEST_STEP][PASSED] - switch (profileName): null

2020-10-10 11:15:10 - [TEST_STEP][PASSED] - Default: null

2020-10-10 11:15:10 - [TEST_STEP][PASSED] - return null: null

2020-10-10 11:15:10 - [TEST_STEP][PASSED] - Start listener action : executeRows: null

2020-10-10 11:15:10 - [TEST_STEP][PASSED] - Datasheet = findTestData("FDR_E2E-REGRESSION-TESTS-DATA/FDR-E2E-FDR-VOUCHER-APPROVAL-DATA"): null

2020-10-10 11:15:10 - [TEST_STEP][PASSED] - commonFunctions.login(superUserAccnt, superUserPwd): Object: 'Object Repository/FDR-SignIn/SignInButton' is clicked on

2020-10-10 11:15:10 - [MESSAGE][INFO] - Starting 'Chrome' driver

2020-10-10 11:15:10 - [MESSAGE][INFO] - Action delay is set to 0 milliseconds

2020-10-10 11:15:14 - [MESSAGE][PASSED] - Browser is opened with url: 'https://fdr-katalon.cammis-mod-dev.dhcs.ca.gov'

2020-10-10 11:15:16 - [MESSAGE][PASSED] - Current window maximized

2020-10-10 11:15:17 - [MESSAGE][PASSED] - Object 'Object Repository/FDR-SignIn/SignInEmail' is present

2020-10-10 11:15:17 - [MESSAGE][PASSED] - Object: 'Object Repository/FDR-SignIn/SignInEmail' is clicked on

2020-10-10 11:15:17 - [MESSAGE][PASSED] - Object 'Object Repository/FDR-SignIn/SignInEmail' is present

2020-10-10 11:15:18 - [MESSAGE][PASSED] - Text 'fdr.test11@dhcs.ca.gov' is set on object 'Object Repository/FDR-SignIn/SignInEmail'

2020-10-10 11:15:18 - [MESSAGE][PASSED] - Object 'Object Repository/FDR-SignIn/SignInEmailNext' is visible

2020-10-10 11:15:19 - [MESSAGE][PASSED] - Object: 'Object Repository/FDR-SignIn/SignInEmailNext' is clicked on

2020-10-10 11:15:23 - [MESSAGE][PASSED] - Object 'Object Repository/FDR-SignIn/SignInEmailPassword' is visible

2020-10-10 11:15:23 - [MESSAGE][PASSED] - Object: 'Object Repository/FDR-SignIn/SignInEmailPassword' is clicked on

2020-10-10 11:15:23 - [MESSAGE][PASSED] - Text ****** has been set on object 'Object Repository/FDR-SignIn/SignInEmailPassword'

2020-10-10 11:15:25 - [MESSAGE][PASSED] - Object: 'Object Repository/FDR-SignIn/SignInButton' is clicked on

2020-10-10 11:15:25 - [TEST_STEP][PASSED] - commonFunctions.selectRole("accountsPayableProcessor"): Object 'Object Repository/FDR-VoucherEntry/VoucherHeader/reviewButton' is not present after 2 second(s)

2020-10-10 11:15:28 - [MESSAGE][INFO] - Unable to find the element located by 'By.xpath: //*[text()='Review']//parent::button[@data-id='action-button']'. Please recheck the objects properties to make sure the desired element is located. 

2020-10-10 11:15:28 - [MESSAGE][WARNING] - Object 'Object Repository/FDR-VoucherEntry/VoucherHeader/reviewButton' is not present after 2 second(s)

2020-10-10 11:15:28 - [MESSAGE][PASSED] - Object: 'Object Repository/FDR-SuperUser-Dashboard/userExpandButton' is clicked on

2020-10-10 11:15:32 - [MESSAGE][INFO] - Unable to find the element located by 'By.xpath: //*[text()='Review']//parent::button[@data-id='action-button']'. Please recheck the objects properties to make sure the desired element is located. 

2020-10-10 11:15:32 - [MESSAGE][WARNING] - Object 'Object Repository/FDR-VoucherEntry/VoucherHeader/reviewButton' is not present after 2 second(s)

2020-10-10 11:15:32 - [MESSAGE][PASSED] - Object: 'Object Repository/FDR-SuperUser-Dashboard/accountsPayableProcessor' is clicked on

2020-10-10 11:15:35 - [MESSAGE][INFO] - Unable to find the element located by 'By.xpath: //*[text()='Review']//parent::button[@data-id='action-button']'. Please recheck the objects properties to make sure the desired element is located. 

2020-10-10 11:15:35 - [MESSAGE][WARNING] - Object 'Object Repository/FDR-VoucherEntry/VoucherHeader/reviewButton' is not present after 2 second(s)

2020-10-10 11:15:35 - [TEST_STEP][PASSED] - click(findTestObject("Object Repository/FDR-Dashboard/createNewVoucherButton")): Object: 'Object Repository/FDR-Dashboard/createNewVoucherButton' is clicked on

2020-10-10 11:15:36 - [MESSAGE][PASSED] - Object: 'Object Repository/FDR-Dashboard/createNewVoucherButton' is clicked on

2020-10-10 11:15:36 - [TEST_STEP][PASSED] - ChangeDrawDate.DrawDate(): Object: 'Object Repository/FDR-VoucherEntry/VoucherEntryObjects/AvaliableDate' is clicked on

2020-10-10 11:15:36 - [MESSAGE][PASSED] - Object: 'Object Repository/FDR-VoucherEntry/VoucherEntryObjects/DateImage' is clicked on

2020-10-10 11:15:37 - [MESSAGE][PASSED] - Object 'Object Repository/FDR-VoucherEntry/VoucherEntryObjects/AvaliableDate' is present

2020-10-10 11:15:38 - [MESSAGE][PASSED] - Object: 'Object Repository/FDR-VoucherEntry/VoucherEntryObjects/AvaliableDate' is clicked on

2020-10-10 11:15:38 - [TEST_STEP][PASSED] - click(findTestObject("FDR-VoucherEntry/Voucher/programType")): Object: 'Object Repository/FDR-VoucherEntry/Voucher/programType' is clicked on

2020-10-10 11:15:38 - [MESSAGE][PASSED] - Object: 'Object Repository/FDR-VoucherEntry/Voucher/programType' is clicked on

2020-10-10 11:15:38 - [TEST_STEP][PASSED] - waitForElementPresent(findTestObject("FDR-VoucherEntry/Voucher/programType"), 2): Object 'Object Repository/FDR-VoucherEntry/Voucher/programType' is present

2020-10-10 11:15:39 - [MESSAGE][PASSED] - Object 'Object Repository/FDR-VoucherEntry/Voucher/programType' is present

2020-10-10 11:15:39 - [TEST_STEP][PASSED] - setText(findTestObject("FDR-VoucherEntry/Voucher/programType"), Datasheet.getValue("programType", 1)): Text 'Medical Assistance (MA)' is set on object 'Object Repository/FDR-VoucherEntry/Voucher/programType'

2020-10-10 11:15:40 - [MESSAGE][PASSED] - Text 'Medical Assistance (MA)' is set on object 'Object Repository/FDR-VoucherEntry/Voucher/programType'

2020-10-10 11:15:40 - [TEST_STEP][PASSED] - waitForElementPresent(findTestObject("FDR-VoucherEntry/Voucher/programType"), 3): Object 'Object Repository/FDR-VoucherEntry/Voucher/programType' is present

2020-10-10 11:15:40 - [MESSAGE][PASSED] - Object 'Object Repository/FDR-VoucherEntry/Voucher/programType' is present

2020-10-10 11:15:40 - [TEST_STEP][PASSED] - sendKeys(findTestObject("FDR-VoucherEntry/Voucher/programType"), Keys.chord(DOWN, ENTER)): Keys 'DOWN + ENTER + ' sent to object: 'Object Repository/FDR-VoucherEntry/Voucher/programType'

2020-10-10 11:15:40 - [MESSAGE][PASSED] - Keys 'DOWN + ENTER + ' sent to object: 'Object Repository/FDR-VoucherEntry/Voucher/programType'

2020-10-10 11:15:40 - [TEST_STEP][PASSED] - click(findTestObject("FDR-VoucherEntry/Voucher/invoiceType")): Object: 'Object Repository/FDR-VoucherEntry/Voucher/invoiceType' is clicked on

2020-10-10 11:15:41 - [MESSAGE][PASSED] - Object: 'Object Repository/FDR-VoucherEntry/Voucher/invoiceType' is clicked on

2020-10-10 11:15:41 - [TEST_STEP][PASSED] - waitForElementPresent(findTestObject("FDR-VoucherEntry/Voucher/invoiceType"), 2): Object 'Object Repository/FDR-VoucherEntry/Voucher/invoiceType' is present

2020-10-10 11:15:41 - [MESSAGE][PASSED] - Object 'Object Repository/FDR-VoucherEntry/Voucher/invoiceType' is present

2020-10-10 11:15:41 - [TEST_STEP][PASSED] - sendKeys(findTestObject("FDR-VoucherEntry/Voucher/invoiceType"), Datasheet.getValue("invoiceType", 1)): Keys 'CAP' sent to object: 'Object Repository/FDR-VoucherEntry/Voucher/invoiceType'

2020-10-10 11:15:42 - [MESSAGE][PASSED] - Keys 'CAP' sent to object: 'Object Repository/FDR-VoucherEntry/Voucher/invoiceType'

2020-10-10 11:15:42 - [TEST_STEP][PASSED] - sendKeys(findTestObject("FDR-VoucherEntry/Voucher/invoiceType"), Keys.chord(DOWN, ENTER)): Keys 'DOWN + ENTER + ' sent to object: 'Object Repository/FDR-VoucherEntry/Voucher/invoiceType'

2020-10-10 11:15:42 - [MESSAGE][PASSED] - Keys 'DOWN + ENTER + ' sent to object: 'Object Repository/FDR-VoucherEntry/Voucher/invoiceType'

2020-10-10 11:15:42 - [TEST_STEP][PASSED] - click(findTestObject("FDR-VoucherEntry/Voucher/fundcode")): Object: 'Object Repository/FDR-VoucherEntry/Voucher/fundcode' is clicked on

2020-10-10 11:15:43 - [MESSAGE][PASSED] - Object: 'Object Repository/FDR-VoucherEntry/Voucher/fundcode' is clicked on

2020-10-10 11:15:43 - [TEST_STEP][PASSED] - waitForElementPresent(findTestObject("FDR-VoucherEntry/Voucher/fundcode"), 1): Object 'Object Repository/FDR-VoucherEntry/Voucher/fundcode' is present

2020-10-10 11:15:43 - [MESSAGE][PASSED] - Object 'Object Repository/FDR-VoucherEntry/Voucher/fundcode' is present

2020-10-10 11:15:43 - [TEST_STEP][PASSED] - sendKeys(findTestObject("FDR-VoucherEntry/Voucher/fundcode"), Datasheet.getValue("fundcode", 1)): Keys 'Health Care Deposit Fund (0912)' sent to object: 'Object Repository/FDR-VoucherEntry/Voucher/fundcode'

2020-10-10 11:15:44 - [MESSAGE][PASSED] - Keys 'Health Care Deposit Fund (0912)' sent to object: 'Object Repository/FDR-VoucherEntry/Voucher/fundcode'

2020-10-10 11:15:44 - [TEST_STEP][PASSED] - sendKeys(findTestObject("FDR-VoucherEntry/Voucher/fundcode"), Keys.chord(DOWN, ENTER)): Keys 'DOWN + ENTER + ' sent to object: 'Object Repository/FDR-VoucherEntry/Voucher/fundcode'

2020-10-10 11:15:44 - [MESSAGE][PASSED] - Keys 'DOWN + ENTER + ' sent to object: 'Object Repository/FDR-VoucherEntry/Voucher/fundcode'

2020-10-10 11:15:44 - [TEST_STEP][PASSED] - click(findTestObject("FDR-VoucherEntry/Voucher/supplierID")): Object: 'Object Repository/FDR-VoucherEntry/Voucher/supplierID' is clicked on

2020-10-10 11:15:45 - [MESSAGE][PASSED] - Object: 'Object Repository/FDR-VoucherEntry/Voucher/supplierID' is clicked on

2020-10-10 11:15:45 - [TEST_STEP][PASSED] - waitForElementPresent(findTestObject("FDR-VoucherEntry/Voucher/supplierID"), 1): Object 'Object Repository/FDR-VoucherEntry/Voucher/supplierID' is present

2020-10-10 11:15:45 - [MESSAGE][PASSED] - Object 'Object Repository/FDR-VoucherEntry/Voucher/supplierID' is present

2020-10-10 11:15:45 - [TEST_STEP][PASSED] - sendKeys(findTestObject("FDR-VoucherEntry/Voucher/supplierID"), Datasheet.getValue("supplierID", 1)): Keys '0000007954' sent to object: 'Object Repository/FDR-VoucherEntry/Voucher/supplierID'

2020-10-10 11:15:46 - [MESSAGE][PASSED] - Keys '0000007954' sent to object: 'Object Repository/FDR-VoucherEntry/Voucher/supplierID'

2020-10-10 11:15:46 - [TEST_STEP][PASSED] - sendKeys(findTestObject("FDR-VoucherEntry/Voucher/supplierID"), Keys.chord(DOWN, ENTER)): Keys 'DOWN + ENTER + ' sent to object: 'Object Repository/FDR-VoucherEntry/Voucher/supplierID'

2020-10-10 11:15:46 - [MESSAGE][PASSED] - Keys 'DOWN + ENTER + ' sent to object: 'Object Repository/FDR-VoucherEntry/Voucher/supplierID'

2020-10-10 11:15:46 - [TEST_STEP][PASSED] - click(findTestObject("FDR-VoucherEntry/Voucher/seqNum")): Object: 'Object Repository/FDR-VoucherEntry/Voucher/seqNum' is clicked on

2020-10-10 11:15:47 - [MESSAGE][PASSED] - Object: 'Object Repository/FDR-VoucherEntry/Voucher/seqNum' is clicked on

2020-10-10 11:15:47 - [TEST_STEP][PASSED] - waitForElementPresent(findTestObject("FDR-VoucherEntry/Voucher/seqNum"), 3): Object 'Object Repository/FDR-VoucherEntry/Voucher/seqNum' is present

2020-10-10 11:15:47 - [MESSAGE][PASSED] - Object 'Object Repository/FDR-VoucherEntry/Voucher/seqNum' is present

2020-10-10 11:15:47 - [TEST_STEP][PASSED] - sendKeys(findTestObject("FDR-VoucherEntry/Voucher/supplierID"), Datasheet.getValue("seqNum", 1)): Keys '01' sent to object: 'Object Repository/FDR-VoucherEntry/Voucher/supplierID'

2020-10-10 11:15:48 - [MESSAGE][PASSED] - Keys '01' sent to object: 'Object Repository/FDR-VoucherEntry/Voucher/supplierID'

2020-10-10 11:15:48 - [TEST_STEP][PASSED] - click(findTestObject("FDR-VoucherEntry/Voucher/seqNum")): Object: 'Object Repository/FDR-VoucherEntry/Voucher/seqNum' is clicked on

2020-10-10 11:15:48 - [MESSAGE][PASSED] - Object: 'Object Repository/FDR-VoucherEntry/Voucher/seqNum' is clicked on

2020-10-10 11:15:48 - [TEST_STEP][PASSED] - sendKeys(findTestObject("FDR-VoucherEntry/Voucher/seqNum"), Keys.chord(DOWN, ENTER)): Keys 'DOWN + ENTER + ' sent to object: 'Object Repository/FDR-VoucherEntry/Voucher/seqNum'

2020-10-10 11:15:49 - [MESSAGE][PASSED] - Keys 'DOWN + ENTER + ' sent to object: 'Object Repository/FDR-VoucherEntry/Voucher/seqNum'

2020-10-10 11:15:49 - [TEST_STEP][PASSED] - click(findTestObject("FDR-VoucherEntry/Voucher/contractNum")): Object: 'Object Repository/FDR-VoucherEntry/Voucher/contractNum' is clicked on

2020-10-10 11:15:49 - [MESSAGE][PASSED] - Object: 'Object Repository/FDR-VoucherEntry/Voucher/contractNum' is clicked on

2020-10-10 11:15:49 - [TEST_STEP][PASSED] - waitForElementPresent(findTestObject("FDR-VoucherEntry/Voucher/contractNum"), 1): Object 'Object Repository/FDR-VoucherEntry/Voucher/contractNum' is present

2020-10-10 11:15:50 - [MESSAGE][PASSED] - Object 'Object Repository/FDR-VoucherEntry/Voucher/contractNum' is present

2020-10-10 11:15:50 - [TEST_STEP][PASSED] - sendKeys(findTestObject("FDR-VoucherEntry/Voucher/contractNum"), Datasheet.getValue("contractNum", 1)): Keys '07-65707' sent to object: 'Object Repository/FDR-VoucherEntry/Voucher/contractNum'

2020-10-10 11:15:50 - [MESSAGE][PASSED] - Keys '07-65707' sent to object: 'Object Repository/FDR-VoucherEntry/Voucher/contractNum'

2020-10-10 11:15:50 - [TEST_STEP][PASSED] - click(findTestObject("FDR-VoucherEntry/Voucher/contractNum")): Object: 'Object Repository/FDR-VoucherEntry/Voucher/contractNum' is clicked on

2020-10-10 11:15:50 - [MESSAGE][PASSED] - Object: 'Object Repository/FDR-VoucherEntry/Voucher/contractNum' is clicked on

2020-10-10 11:15:50 - [TEST_STEP][PASSED] - sendKeys(findTestObject("FDR-VoucherEntry/Voucher/contractNum"), Keys.chord(DOWN, ENTER)): Keys 'DOWN + ENTER + ' sent to object: 'Object Repository/FDR-VoucherEntry/Voucher/contractNum'

2020-10-10 11:15:51 - [MESSAGE][PASSED] - Keys 'DOWN + ENTER + ' sent to object: 'Object Repository/FDR-VoucherEntry/Voucher/contractNum'

2020-10-10 11:15:51 - [TEST_STEP][PASSED] - click(findTestObject("FDR-VoucherEntry/Voucher/vendorMessage")): Object: 'Object Repository/FDR-VoucherEntry/Voucher/vendorMessage' is clicked on

2020-10-10 11:15:51 - [MESSAGE][PASSED] - Object: 'Object Repository/FDR-VoucherEntry/Voucher/vendorMessage' is clicked on

2020-10-10 11:15:51 - [TEST_STEP][PASSED] - setText(findTestObject("Object Repository/FDR-VoucherEntry/Voucher/vendorMessage"), Datasheet.getValue("vendorMessage", 1)): Text 'TestCase ONE' is set on object 'Object Repository/FDR-VoucherEntry/Voucher/vendorMessage'

2020-10-10 11:15:53 - [MESSAGE][PASSED] - Text 'TestCase ONE' is set on object 'Object Repository/FDR-VoucherEntry/Voucher/vendorMessage'

2020-10-10 11:15:53 - [TEST_STEP][PASSED] - click(findTestObject("FDR-VoucherEntry/Voucher/primaryContact")): Object: 'Object Repository/FDR-VoucherEntry/Voucher/primaryContact' is clicked on

2020-10-10 11:15:53 - [MESSAGE][PASSED] - Object: 'Object Repository/FDR-VoucherEntry/Voucher/primaryContact' is clicked on

2020-10-10 11:15:53 - [TEST_STEP][PASSED] - waitForElementPresent(findTestObject("FDR-VoucherEntry/Voucher/primaryContact"), 1): Object 'Object Repository/FDR-VoucherEntry/Voucher/primaryContact' is present

2020-10-10 11:15:54 - [MESSAGE][PASSED] - Object 'Object Repository/FDR-VoucherEntry/Voucher/primaryContact' is present

2020-10-10 11:15:54 - [TEST_STEP][PASSED] - sendKeys(findTestObject("FDR-VoucherEntry/Voucher/primaryContact"), Datasheet.getValue("primaryContact", 1)): Keys 'James Mowrer' sent to object: 'Object Repository/FDR-VoucherEntry/Voucher/primaryContact'

2020-10-10 11:15:54 - [MESSAGE][PASSED] - Keys 'James Mowrer' sent to object: 'Object Repository/FDR-VoucherEntry/Voucher/primaryContact'

2020-10-10 11:15:54 - [TEST_STEP][PASSED] - sendKeys(findTestObject("FDR-VoucherEntry/Voucher/primaryContact"), Keys.chord(DOWN, ENTER)): Keys 'DOWN + ENTER + ' sent to object: 'Object Repository/FDR-VoucherEntry/Voucher/primaryContact'

2020-10-10 11:15:55 - [MESSAGE][PASSED] - Keys 'DOWN + ENTER + ' sent to object: 'Object Repository/FDR-VoucherEntry/Voucher/primaryContact'

2020-10-10 11:15:55 - [TEST_STEP][PASSED] - click(findTestObject("FDR-VoucherEntry/Voucher/secondaryContact")): Object: 'Object Repository/FDR-VoucherEntry/Voucher/secondaryContact' is clicked on

2020-10-10 11:15:55 - [MESSAGE][PASSED] - Object: 'Object Repository/FDR-VoucherEntry/Voucher/secondaryContact' is clicked on

2020-10-10 11:15:55 - [TEST_STEP][PASSED] - waitForElementPresent(findTestObject("FDR-VoucherEntry/Voucher/secondaryContact"), 1): Object 'Object Repository/FDR-VoucherEntry/Voucher/secondaryContact' is present

2020-10-10 11:15:56 - [MESSAGE][PASSED] - Object 'Object Repository/FDR-VoucherEntry/Voucher/secondaryContact' is present

2020-10-10 11:15:56 - [TEST_STEP][PASSED] - sendKeys(findTestObject("FDR-VoucherEntry/Voucher/secondaryContact"), Datasheet.getValue("secondaryContact", 1)): Keys 'Aung Lin' sent to object: 'Object Repository/FDR-VoucherEntry/Voucher/secondaryContact'

2020-10-10 11:15:56 - [MESSAGE][PASSED] - Keys 'Aung Lin' sent to object: 'Object Repository/FDR-VoucherEntry/Voucher/secondaryContact'

2020-10-10 11:15:56 - [TEST_STEP][PASSED] - sendKeys(findTestObject("FDR-VoucherEntry/Voucher/secondaryContact"), Keys.chord(DOWN, ENTER)): Keys 'DOWN + ENTER + ' sent to object: 'Object Repository/FDR-VoucherEntry/Voucher/secondaryContact'

2020-10-10 11:15:56 - [MESSAGE][PASSED] - Keys 'DOWN + ENTER + ' sent to object: 'Object Repository/FDR-VoucherEntry/Voucher/secondaryContact'

2020-10-10 11:15:56 - [TEST_STEP][PASSED] - click(findTestObject("FDR-VoucherEntry/Voucher/buttonNext")): Object: 'Object Repository/FDR-VoucherEntry/Voucher/buttonNext' is clicked on

2020-10-10 11:15:57 - [MESSAGE][PASSED] - Object: 'Object Repository/FDR-VoucherEntry/Voucher/buttonNext' is clicked on

2020-10-10 11:15:57 - [TEST_STEP][PASSED] - waitForElementPresent(findTestObject("FDR-Dashboard/createNewVoucherButton"), 2): Object 'Object Repository/FDR-Dashboard/createNewVoucherButton' is not present after 2 second(s)

2020-10-10 11:16:00 - [MESSAGE][INFO] - Unable to find the element located by 'By.xpath: //*[@data-id='button-link']//*[contains(text(),'Create New Voucher')]'. Please recheck the objects properties to make sure the desired element is located. 

2020-10-10 11:16:00 - [MESSAGE][WARNING] - Object 'Object Repository/FDR-Dashboard/createNewVoucherButton' is not present after 2 second(s)

2020-10-10 11:16:00 - [TEST_STEP][PASSED] - waitForElementPresent(findTestObject("FDR-Dashboard/createNewVoucherButton"), 3): Object 'Object Repository/FDR-Dashboard/createNewVoucherButton' is not present after 3 second(s)

2020-10-10 11:16:04 - [MESSAGE][INFO] - Unable to find the element located by 'By.xpath: //*[@data-id='button-link']//*[contains(text(),'Create New Voucher')]'. Please recheck the objects properties to make sure the desired element is located. 

2020-10-10 11:16:04 - [MESSAGE][WARNING] - Object 'Object Repository/FDR-Dashboard/createNewVoucherButton' is not present after 3 second(s)

2020-10-10 11:16:04 - [TEST_STEP][PASSED] - noOfLine = Datasheet.getValue("NoOfLines", 1): null

2020-10-10 11:16:04 - [TEST_STEP][PASSED] - str = noOfLine: null

2020-10-10 11:16:04 - [TEST_STEP][PASSED] - for ([j = 1, j <= str, (j++)]): Object: 'Object Repository/FDR-VoucherEntry/DistributionLine/addSaveButton' is clicked on

2020-10-10 11:16:04 - [TEST_STEP][PASSED] - irandom = Random().nextInt(900000) + 100000: null

2020-10-10 11:16:04 - [TEST_STEP][PASSED] - click(findTestObject("FDR-VoucherEntry/InvoiceLine/invoice")): Object: 'Object Repository/FDR-VoucherEntry/InvoiceLine/invoice' is clicked on

2020-10-10 11:16:04 - [MESSAGE][PASSED] - Object: 'Object Repository/FDR-VoucherEntry/InvoiceLine/invoice' is clicked on

2020-10-10 11:16:04 - [TEST_STEP][PASSED] - setText(findTestObject("FDR-VoucherEntry/InvoiceLine/invoice"), "INC-" + irandom): Text 'INC-231362' is set on object 'Object Repository/FDR-VoucherEntry/InvoiceLine/invoice'

2020-10-10 11:16:05 - [MESSAGE][PASSED] - Text 'INC-231362' is set on object 'Object Repository/FDR-VoucherEntry/InvoiceLine/invoice'

2020-10-10 11:16:05 - [TEST_STEP][PASSED] - click(findTestObject("FDR-VoucherEntry/InvoiceLine/invoiceDate")): Object: 'Object Repository/FDR-VoucherEntry/InvoiceLine/invoiceDate' is clicked on

2020-10-10 11:16:06 - [MESSAGE][PASSED] - Object: 'Object Repository/FDR-VoucherEntry/InvoiceLine/invoiceDate' is clicked on

2020-10-10 11:16:06 - [TEST_STEP][PASSED] - setText(findTestObject("FDR-VoucherEntry/InvoiceLine/invoiceDate"), Datasheet.getValue("invoiceDate", 1)): Text '10/10/2020' is set on object 'Object Repository/FDR-VoucherEntry/InvoiceLine/invoiceDate'

2020-10-10 11:16:07 - [MESSAGE][PASSED] - Text '10/10/2020' is set on object 'Object Repository/FDR-VoucherEntry/InvoiceLine/invoiceDate'

2020-10-10 11:16:07 - [TEST_STEP][PASSED] - click(findTestObject("FDR-VoucherEntry/InvoiceLine/originalWarrantDate")): Object: 'Object Repository/FDR-VoucherEntry/InvoiceLine/originalWarrantDate' is clicked on

2020-10-10 11:16:07 - [MESSAGE][PASSED] - Object: 'Object Repository/FDR-VoucherEntry/InvoiceLine/originalWarrantDate' is clicked on

2020-10-10 11:16:07 - [TEST_STEP][PASSED] - setText(findTestObject("FDR-VoucherEntry/InvoiceLine/originalWarrantDate"), Datasheet.getValue("originalWarrantDate", 1)): Text '10/10/2020' is set on object 'Object Repository/FDR-VoucherEntry/InvoiceLine/originalWarrantDate'

2020-10-10 11:16:08 - [MESSAGE][PASSED] - Text '10/10/2020' is set on object 'Object Repository/FDR-VoucherEntry/InvoiceLine/originalWarrantDate'

2020-10-10 11:16:08 - [TEST_STEP][PASSED] - waitForElementPresent(findTestObject("FDR-Dashboard/createNewVoucherButton"), 3): Object 'Object Repository/FDR-Dashboard/createNewVoucherButton' is not present after 3 second(s)

2020-10-10 11:16:12 - [MESSAGE][INFO] - Unable to find the element located by 'By.xpath: //*[@data-id='button-link']//*[contains(text(),'Create New Voucher')]'. Please recheck the objects properties to make sure the desired element is located. 

2020-10-10 11:16:12 - [MESSAGE][WARNING] - Object 'Object Repository/FDR-Dashboard/createNewVoucherButton' is not present after 3 second(s)

2020-10-10 11:16:12 - [TEST_STEP][PASSED] - click(findTestObject("FDR-VoucherEntry/InvoiceLine/addInvoiceLineButton")): Object: 'Object Repository/FDR-VoucherEntry/InvoiceLine/addInvoiceLineButton' is clicked on

2020-10-10 11:16:12 - [MESSAGE][PASSED] - Object: 'Object Repository/FDR-VoucherEntry/InvoiceLine/addInvoiceLineButton' is clicked on

2020-10-10 11:16:12 - [TEST_STEP][PASSED] - delay(5): Delayed 5 second(s)

2020-10-10 11:16:17 - [MESSAGE][PASSED] - Delayed 5 second(s)

2020-10-10 11:16:17 - [TEST_STEP][PASSED] - if (j == 1): Object: 'Object Repository/FDR-EditVoucher/expandicon1' is clicked on

2020-10-10 11:16:17 - [TEST_STEP][PASSED] - click(findTestObject("Object Repository/FDR-EditVoucher/expandicon1")): Object: 'Object Repository/FDR-EditVoucher/expandicon1' is clicked on

2020-10-10 11:16:18 - [MESSAGE][PASSED] - Object: 'Object Repository/FDR-EditVoucher/expandicon1' is clicked on

2020-10-10 11:16:18 - [TEST_STEP][PASSED] - click(findTestObject("FDR-VoucherEntry/InvoiceLine/invoiceAddlineButton")): Object: 'Object Repository/FDR-VoucherEntry/InvoiceLine/invoiceAddlineButton' is clicked on

2020-10-10 11:16:18 - [MESSAGE][PASSED] - Object: 'Object Repository/FDR-VoucherEntry/InvoiceLine/invoiceAddlineButton' is clicked on

2020-10-10 11:16:18 - [TEST_STEP][PASSED] - click(findTestObject("FDR-VoucherEntry/DistributionLine/serviceDateFrom")): Object: 'Object Repository/FDR-VoucherEntry/DistributionLine/serviceDateFrom' is clicked on

2020-10-10 11:16:19 - [MESSAGE][PASSED] - Object: 'Object Repository/FDR-VoucherEntry/DistributionLine/serviceDateFrom' is clicked on

2020-10-10 11:16:19 - [TEST_STEP][PASSED] - setText(findTestObject("FDR-VoucherEntry/DistributionLine/serviceDateFrom"), Datasheet.getValue("serviceDateFrom", 1)): Text '10/10/2020' is set on object 'Object Repository/FDR-VoucherEntry/DistributionLine/serviceDateFrom'

2020-10-10 11:16:20 - [MESSAGE][PASSED] - Text '10/10/2020' is set on object 'Object Repository/FDR-VoucherEntry/DistributionLine/serviceDateFrom'

2020-10-10 11:16:20 - [TEST_STEP][PASSED] - setText(findTestObject("FDR-VoucherEntry/DistributionLine/serviceDateTo"), Datasheet.getValue("serviceDateTo", 1)): Text '10/10/2020' is set on object 'Object Repository/FDR-VoucherEntry/DistributionLine/serviceDateTo'

2020-10-10 11:16:21 - [MESSAGE][PASSED] - Text '10/10/2020' is set on object 'Object Repository/FDR-VoucherEntry/DistributionLine/serviceDateTo'

2020-10-10 11:16:21 - [TEST_STEP][PASSED] - click(findTestObject("FDR-VoucherEntry/DistributionLine/amount")): Object: 'Object Repository/FDR-VoucherEntry/DistributionLine/amount' is clicked on

2020-10-10 11:16:22 - [MESSAGE][PASSED] - Object: 'Object Repository/FDR-VoucherEntry/DistributionLine/amount' is clicked on

2020-10-10 11:16:22 - [TEST_STEP][PASSED] - setText(findTestObject("FDR-VoucherEntry/DistributionLine/amount"), Datasheet.getValue("amount", 1)): Text '100000' is set on object 'Object Repository/FDR-VoucherEntry/DistributionLine/amount'

2020-10-10 11:16:23 - [MESSAGE][PASSED] - Text '100000' is set on object 'Object Repository/FDR-VoucherEntry/DistributionLine/amount'

2020-10-10 11:16:23 - [TEST_STEP][PASSED] - click(findTestObject("FDR-VoucherEntry/DistributionLine/waiverType")): Object: 'Object Repository/FDR-VoucherEntry/DistributionLine/waiverType' is clicked on

2020-10-10 11:16:23 - [MESSAGE][PASSED] - Object: 'Object Repository/FDR-VoucherEntry/DistributionLine/waiverType' is clicked on

2020-10-10 11:16:23 - [TEST_STEP][PASSED] - setText(findTestObject("FDR-VoucherEntry/DistributionLine/waiverType"), Datasheet.getValue("waiverType", 1)): Text '2020' is set on object 'Object Repository/FDR-VoucherEntry/DistributionLine/waiverType'

2020-10-10 11:16:24 - [MESSAGE][PASSED] - Text '2020' is set on object 'Object Repository/FDR-VoucherEntry/DistributionLine/waiverType'

2020-10-10 11:16:24 - [TEST_STEP][PASSED] - sendKeys(findTestObject("FDR-VoucherEntry/DistributionLine/waiverType"), Keys.chord(DOWN, ENTER)): Keys 'DOWN + ENTER + ' sent to object: 'Object Repository/FDR-VoucherEntry/DistributionLine/waiverType'

2020-10-10 11:16:25 - [MESSAGE][PASSED] - Keys 'DOWN + ENTER + ' sent to object: 'Object Repository/FDR-VoucherEntry/DistributionLine/waiverType'

2020-10-10 11:16:25 - [TEST_STEP][PASSED] - click(findTestObject("FDR-VoucherEntry/DistributionLine/waiverName")): Object: 'Object Repository/FDR-VoucherEntry/DistributionLine/waiverName' is clicked on

2020-10-10 11:16:25 - [MESSAGE][PASSED] - Object: 'Object Repository/FDR-VoucherEntry/DistributionLine/waiverName' is clicked on

2020-10-10 11:16:25 - [TEST_STEP][PASSED] - setText(findTestObject("FDR-VoucherEntry/DistributionLine/waiverName"), Datasheet.getValue("waiverName", 1)): Text 'A-FamilyU TPM/GMC' is set on object 'Object Repository/FDR-VoucherEntry/DistributionLine/waiverName'

2020-10-10 11:16:26 - [MESSAGE][PASSED] - Text 'A-FamilyU TPM/GMC' is set on object 'Object Repository/FDR-VoucherEntry/DistributionLine/waiverName'

2020-10-10 11:16:26 - [TEST_STEP][PASSED] - sendKeys(findTestObject("FDR-VoucherEntry/DistributionLine/waiverName"), Keys.chord(DOWN, ENTER)): Keys 'DOWN + ENTER + ' sent to object: 'Object Repository/FDR-VoucherEntry/DistributionLine/waiverName'

2020-10-10 11:16:27 - [MESSAGE][PASSED] - Keys 'DOWN + ENTER + ' sent to object: 'Object Repository/FDR-VoucherEntry/DistributionLine/waiverName'

2020-10-10 11:16:27 - [TEST_STEP][PASSED] - click(findTestObject("FDR-VoucherEntry/DistributionLine/fundingSource")): Object: 'Object Repository/FDR-VoucherEntry/DistributionLine/fundingSource' is clicked on

2020-10-10 11:16:28 - [MESSAGE][PASSED] - Object: 'Object Repository/FDR-VoucherEntry/DistributionLine/fundingSource' is clicked on

2020-10-10 11:16:28 - [TEST_STEP][PASSED] - setText(findTestObject("FDR-VoucherEntry/DistributionLine/fundingSource"), Datasheet.getValue("fundingSource", 1)): Text 'Dental' is set on object 'Object Repository/FDR-VoucherEntry/DistributionLine/fundingSource'

2020-10-10 11:16:28 - [MESSAGE][PASSED] - Text 'Dental' is set on object 'Object Repository/FDR-VoucherEntry/DistributionLine/fundingSource'

2020-10-10 11:16:28 - [TEST_STEP][PASSED] - sendKeys(findTestObject("FDR-VoucherEntry/DistributionLine/fundingSource"), Keys.chord(DOWN, ENTER)): Keys 'DOWN + ENTER + ' sent to object: 'Object Repository/FDR-VoucherEntry/DistributionLine/fundingSource'

2020-10-10 11:16:29 - [MESSAGE][PASSED] - Keys 'DOWN + ENTER + ' sent to object: 'Object Repository/FDR-VoucherEntry/DistributionLine/fundingSource'

2020-10-10 11:16:29 - [TEST_STEP][PASSED] - click(findTestObject("FDR-VoucherEntry/DistributionLine/fundRatio")): Object: 'Object Repository/FDR-VoucherEntry/DistributionLine/fundRatio' is clicked on

2020-10-10 11:16:30 - [MESSAGE][PASSED] - Object: 'Object Repository/FDR-VoucherEntry/DistributionLine/fundRatio' is clicked on

2020-10-10 11:16:30 - [TEST_STEP][PASSED] - setText(findTestObject("FDR-VoucherEntry/DistributionLine/fundRatio"), Datasheet.getValue("fundRatio", 1)): Text '50/50' is set on object 'Object Repository/FDR-VoucherEntry/DistributionLine/fundRatio'

2020-10-10 11:16:30 - [MESSAGE][PASSED] - Text '50/50' is set on object 'Object Repository/FDR-VoucherEntry/DistributionLine/fundRatio'

2020-10-10 11:16:30 - [TEST_STEP][PASSED] - sendKeys(findTestObject("FDR-VoucherEntry/DistributionLine/fundRatio"), Keys.chord(DOWN, ENTER)): Keys 'DOWN + ENTER + ' sent to object: 'Object Repository/FDR-VoucherEntry/DistributionLine/fundRatio'

2020-10-10 11:16:31 - [MESSAGE][PASSED] - Keys 'DOWN + ENTER + ' sent to object: 'Object Repository/FDR-VoucherEntry/DistributionLine/fundRatio'

2020-10-10 11:16:31 - [TEST_STEP][PASSED] - click(findTestObject("FDR-VoucherEntry/DistributionLine/nonFederalFund")): Object: 'Object Repository/FDR-VoucherEntry/DistributionLine/nonFederalFund' is clicked on

2020-10-10 11:16:32 - [MESSAGE][PASSED] - Object: 'Object Repository/FDR-VoucherEntry/DistributionLine/nonFederalFund' is clicked on

2020-10-10 11:16:32 - [TEST_STEP][PASSED] - setText(findTestObject("FDR-VoucherEntry/DistributionLine/nonFederalFund"), Datasheet.getValue("nonFederalFund", 1)): Text '0001' is set on object 'Object Repository/FDR-VoucherEntry/DistributionLine/nonFederalFund'

2020-10-10 11:16:32 - [MESSAGE][PASSED] - Text '0001' is set on object 'Object Repository/FDR-VoucherEntry/DistributionLine/nonFederalFund'

2020-10-10 11:16:32 - [TEST_STEP][PASSED] - sendKeys(findTestObject("FDR-VoucherEntry/DistributionLine/nonFederalFund"), Keys.chord(DOWN, ENTER)): Keys 'DOWN + ENTER + ' sent to object: 'Object Repository/FDR-VoucherEntry/DistributionLine/nonFederalFund'

2020-10-10 11:16:33 - [MESSAGE][PASSED] - Keys 'DOWN + ENTER + ' sent to object: 'Object Repository/FDR-VoucherEntry/DistributionLine/nonFederalFund'

2020-10-10 11:16:33 - [TEST_STEP][PASSED] - click(findTestObject("FDR-VoucherEntry/DistributionLine/account")): Object: 'Object Repository/FDR-VoucherEntry/DistributionLine/account' is clicked on

2020-10-10 11:16:34 - [MESSAGE][PASSED] - Object: 'Object Repository/FDR-VoucherEntry/DistributionLine/account' is clicked on

2020-10-10 11:16:34 - [TEST_STEP][PASSED] - sendKeys(findTestObject("FDR-VoucherEntry/DistributionLine/account"), Datasheet.getValue("account", 1)): Keys '5442000' sent to object: 'Object Repository/FDR-VoucherEntry/DistributionLine/account'

2020-10-10 11:16:34 - [MESSAGE][PASSED] - Keys '5442000' sent to object: 'Object Repository/FDR-VoucherEntry/DistributionLine/account'

2020-10-10 11:16:34 - [TEST_STEP][PASSED] - sendKeys(findTestObject("FDR-VoucherEntry/DistributionLine/account"), Keys.chord(DOWN, ENTER)): Keys 'DOWN + ENTER + ' sent to object: 'Object Repository/FDR-VoucherEntry/DistributionLine/account'

2020-10-10 11:16:35 - [MESSAGE][PASSED] - Keys 'DOWN + ENTER + ' sent to object: 'Object Repository/FDR-VoucherEntry/DistributionLine/account'

2020-10-10 11:16:35 - [TEST_STEP][PASSED] - click(findTestObject("FDR-VoucherEntry/DistributionLine/altAccount")): Object: 'Object Repository/FDR-VoucherEntry/DistributionLine/altAccount' is clicked on

2020-10-10 11:16:35 - [MESSAGE][PASSED] - Object: 'Object Repository/FDR-VoucherEntry/DistributionLine/altAccount' is clicked on

2020-10-10 11:16:35 - [TEST_STEP][PASSED] - sendKeys(findTestObject("FDR-VoucherEntry/DistributionLine/altAccount"), Datasheet.getValue("altAccount", 1)): Keys '5442000089' sent to object: 'Object Repository/FDR-VoucherEntry/DistributionLine/altAccount'

2020-10-10 11:16:36 - [MESSAGE][PASSED] - Keys '5442000089' sent to object: 'Object Repository/FDR-VoucherEntry/DistributionLine/altAccount'

2020-10-10 11:16:36 - [TEST_STEP][PASSED] - sendKeys(findTestObject("FDR-VoucherEntry/DistributionLine/altAccount"), Keys.chord(DOWN, ENTER)): Keys 'DOWN + ENTER + ' sent to object: 'Object Repository/FDR-VoucherEntry/DistributionLine/altAccount'

2020-10-10 11:16:36 - [MESSAGE][PASSED] - Keys 'DOWN + ENTER + ' sent to object: 'Object Repository/FDR-VoucherEntry/DistributionLine/altAccount'

2020-10-10 11:16:36 - [TEST_STEP][PASSED] - click(findTestObject("FDR-VoucherEntry/DistributionLine/serviceCategory")): Object: 'Object Repository/FDR-VoucherEntry/DistributionLine/serviceCategory' is clicked on

2020-10-10 11:16:37 - [MESSAGE][PASSED] - Object: 'Object Repository/FDR-VoucherEntry/DistributionLine/serviceCategory' is clicked on

2020-10-10 11:16:37 - [TEST_STEP][PASSED] - sendKeys(findTestObject("FDR-VoucherEntry/DistributionLine/serviceCategory"), Datasheet.getValue("serviceCategory", 1)): Keys '18B1' sent to object: 'Object Repository/FDR-VoucherEntry/DistributionLine/serviceCategory'

2020-10-10 11:16:38 - [MESSAGE][PASSED] - Keys '18B1' sent to object: 'Object Repository/FDR-VoucherEntry/DistributionLine/serviceCategory'

2020-10-10 11:16:38 - [TEST_STEP][PASSED] - sendKeys(findTestObject("FDR-VoucherEntry/DistributionLine/serviceCategory"), Keys.chord(DOWN, ENTER)): Keys 'DOWN + ENTER + ' sent to object: 'Object Repository/FDR-VoucherEntry/DistributionLine/serviceCategory'

2020-10-10 11:16:38 - [MESSAGE][PASSED] - Keys 'DOWN + ENTER + ' sent to object: 'Object Repository/FDR-VoucherEntry/DistributionLine/serviceCategory'

2020-10-10 11:16:38 - [TEST_STEP][PASSED] - click(findTestObject("FDR-VoucherEntry/DistributionLine/incDecLine")): Object: 'Object Repository/FDR-VoucherEntry/DistributionLine/incDecLine' is clicked on

2020-10-10 11:16:39 - [MESSAGE][PASSED] - Object: 'Object Repository/FDR-VoucherEntry/DistributionLine/incDecLine' is clicked on

2020-10-10 11:16:39 - [TEST_STEP][PASSED] - sendKeys(findTestObject("FDR-VoucherEntry/DistributionLine/incDecLine"), Datasheet.getValue("incDecLine", 1)): Keys '1: New (service Period is current quarter and never been claimed)' sent to object: 'Object Repository/FDR-VoucherEntry/DistributionLine/incDecLine'

2020-10-10 11:16:39 - [MESSAGE][PASSED] - Keys '1: New (service Period is current quarter and never been claimed)' sent to object: 'Object Repository/FDR-VoucherEntry/DistributionLine/incDecLine'

2020-10-10 11:16:39 - [TEST_STEP][PASSED] - sendKeys(findTestObject("FDR-VoucherEntry/DistributionLine/incDecLine"), Keys.chord(DOWN, ENTER)): Keys 'DOWN + ENTER + ' sent to object: 'Object Repository/FDR-VoucherEntry/DistributionLine/incDecLine'

2020-10-10 11:16:40 - [MESSAGE][PASSED] - Keys 'DOWN + ENTER + ' sent to object: 'Object Repository/FDR-VoucherEntry/DistributionLine/incDecLine'

2020-10-10 11:16:40 - [TEST_STEP][PASSED] - click(findTestObject("FDR-VoucherEntry/DistributionLine/index")): Object: 'Object Repository/FDR-VoucherEntry/DistributionLine/index' is clicked on

2020-10-10 11:16:40 - [MESSAGE][PASSED] - Object: 'Object Repository/FDR-VoucherEntry/DistributionLine/index' is clicked on

2020-10-10 11:16:40 - [TEST_STEP][PASSED] - sendKeys(findTestObject("FDR-VoucherEntry/DistributionLine/index"), Datasheet.getValue("index", 1)): Keys '1155' sent to object: 'Object Repository/FDR-VoucherEntry/DistributionLine/index'

2020-10-10 11:16:41 - [MESSAGE][PASSED] - Keys '1155' sent to object: 'Object Repository/FDR-VoucherEntry/DistributionLine/index'

2020-10-10 11:16:41 - [TEST_STEP][PASSED] - sendKeys(findTestObject("FDR-VoucherEntry/DistributionLine/index"), Keys.chord(DOWN, ENTER)): Keys 'DOWN + ENTER + ' sent to object: 'Object Repository/FDR-VoucherEntry/DistributionLine/index'

2020-10-10 11:16:41 - [MESSAGE][PASSED] - Keys 'DOWN + ENTER + ' sent to object: 'Object Repository/FDR-VoucherEntry/DistributionLine/index'

2020-10-10 11:16:41 - [TEST_STEP][PASSED] - click(findTestObject("FDR-VoucherEntry/DistributionLine/ServiceLocation")): Object: 'Object Repository/FDR-VoucherEntry/DistributionLine/ServiceLocation' is clicked on

2020-10-10 11:16:42 - [MESSAGE][PASSED] - Object: 'Object Repository/FDR-VoucherEntry/DistributionLine/ServiceLocation' is clicked on

2020-10-10 11:16:42 - [TEST_STEP][PASSED] - sendKeys(findTestObject("FDR-VoucherEntry/DistributionLine/ServiceLocation"), Datasheet.getValue("ServiceLocation", 1)): Keys '12345' sent to object: 'Object Repository/FDR-VoucherEntry/DistributionLine/ServiceLocation'

2020-10-10 11:16:42 - [MESSAGE][PASSED] - Keys '12345' sent to object: 'Object Repository/FDR-VoucherEntry/DistributionLine/ServiceLocation'

2020-10-10 11:16:42 - [TEST_STEP][PASSED] - sendKeys(findTestObject("FDR-VoucherEntry/DistributionLine/ServiceLocation"), Keys.chord(DOWN, ENTER)): Keys 'DOWN + ENTER + ' sent to object: 'Object Repository/FDR-VoucherEntry/DistributionLine/ServiceLocation'

2020-10-10 11:16:43 - [MESSAGE][PASSED] - Keys 'DOWN + ENTER + ' sent to object: 'Object Repository/FDR-VoucherEntry/DistributionLine/ServiceLocation'

2020-10-10 11:16:43 - [TEST_STEP][PASSED] - click(findTestObject("Object Repository/FDR-VoucherEntry/DistributionLine/addSaveButton")): Object: 'Object Repository/FDR-VoucherEntry/DistributionLine/addSaveButton' is clicked on

2020-10-10 11:16:43 - [MESSAGE][PASSED] - Object: 'Object Repository/FDR-VoucherEntry/DistributionLine/addSaveButton' is clicked on

2020-10-10 11:16:43 - [TEST_STEP][PASSED] - processorVoucherNumber = getText(findTestObject("FDR-VoucherEntry/VoucherHeader/voucherNum")): Text of object 'Object Repository/FDR-VoucherEntry/VoucherHeader/voucherNum' is: 'CAP00000100'

2020-10-10 11:16:44 - [MESSAGE][PASSED] - Text of object 'Object Repository/FDR-VoucherEntry/VoucherHeader/voucherNum' is: 'CAP00000100'

2020-10-10 11:16:44 - [TEST_STEP][PASSED] - waitForElementPresent(findTestObject("FDR-Dashboard/createNewVoucherButton"), 3): Object 'Object Repository/FDR-Dashboard/createNewVoucherButton' is not present after 3 second(s)

2020-10-10 11:16:48 - [MESSAGE][INFO] - Unable to find the element located by 'By.xpath: //*[@data-id='button-link']//*[contains(text(),'Create New Voucher')]'. Please recheck the objects properties to make sure the desired element is located. 

2020-10-10 11:16:48 - [MESSAGE][WARNING] - Object 'Object Repository/FDR-Dashboard/createNewVoucherButton' is not present after 3 second(s)

2020-10-10 11:16:48 - [TEST_STEP][PASSED] - click(findTestObject("FDR-VoucherEntry/VoucherHeader/reviewButton")): Object: 'Object Repository/FDR-VoucherEntry/VoucherHeader/reviewButton' is clicked on

2020-10-10 11:16:48 - [MESSAGE][PASSED] - Object: 'Object Repository/FDR-VoucherEntry/VoucherHeader/reviewButton' is clicked on

2020-10-10 11:16:48 - [TEST_STEP][PASSED] - waitForElementPresent(findTestObject("FDR-Dashboard/createNewVoucherButton"), 3): Object 'Object Repository/FDR-Dashboard/createNewVoucherButton' is not present after 3 second(s)

2020-10-10 11:16:52 - [MESSAGE][INFO] - Unable to find the element located by 'By.xpath: //*[@data-id='button-link']//*[contains(text(),'Create New Voucher')]'. Please recheck the objects properties to make sure the desired element is located. 

2020-10-10 11:16:52 - [MESSAGE][WARNING] - Object 'Object Repository/FDR-Dashboard/createNewVoucherButton' is not present after 3 second(s)

2020-10-10 11:16:52 - [TEST_STEP][PASSED] - click(findTestObject("Object Repository/FDR-Draw/drawDateValidation/editVoucher")): Object: 'Object Repository/FDR-Draw/drawDateValidation/editVoucher' is clicked on

2020-10-10 11:16:53 - [MESSAGE][PASSED] - Object: 'Object Repository/FDR-Draw/drawDateValidation/editVoucher' is clicked on

2020-10-10 11:16:53 - [TEST_STEP][PASSED] - waitForElementPresent(findTestObject("FDR-Dashboard/createNewVoucherButton"), 3): Object 'Object Repository/FDR-Dashboard/createNewVoucherButton' is not present after 3 second(s)

2020-10-10 11:16:57 - [MESSAGE][INFO] - Unable to find the element located by 'By.xpath: //*[@data-id='button-link']//*[contains(text(),'Create New Voucher')]'. Please recheck the objects properties to make sure the desired element is located. 

2020-10-10 11:16:57 - [MESSAGE][WARNING] - Object 'Object Repository/FDR-Dashboard/createNewVoucherButton' is not present after 3 second(s)

2020-10-10 11:16:57 - [TEST_STEP][PASSED] - click(findTestObject("FDR-EditVoucher/voucherEditIcon")): Object: 'Object Repository/FDR-EditVoucher/voucherEditIcon' is clicked on

2020-10-10 11:16:57 - [MESSAGE][PASSED] - Object: 'Object Repository/FDR-EditVoucher/voucherEditIcon' is clicked on

2020-10-10 11:16:57 - [TEST_STEP][PASSED] - waitForElementPresent(findTestObject("FDR-EditVoucher/voucherEdit"), 1): Object 'Object Repository/FDR-EditVoucher/voucherEdit' is present

2020-10-10 11:16:58 - [MESSAGE][PASSED] - Object 'Object Repository/FDR-EditVoucher/voucherEdit' is present

2020-10-10 11:16:58 - [TEST_STEP][PASSED] - click(findTestObject("FDR-EditVoucher/voucherEdit")): Object: 'Object Repository/FDR-EditVoucher/voucherEdit' is clicked on

2020-10-10 11:16:59 - [MESSAGE][PASSED] - Object: 'Object Repository/FDR-EditVoucher/voucherEdit' is clicked on

2020-10-10 11:16:59 - [TEST_STEP][PASSED] - Edit_Voucher_Invoice_DistributionLines.EditVoucher(): Object 'Object Repository/FDR-Dashboard/createNewVoucherButton' is not present after 3 second(s)

2020-10-10 11:16:59 - [MESSAGE][PASSED] - Object 'Object Repository/FDR-VoucherEntry/Voucher/supplierID' is present

2020-10-10 11:16:59 - [MESSAGE][PASSED] - Object: 'Object Repository/FDR-VoucherEntry/Voucher/supplierID' is clicked on

2020-10-10 11:17:00 - [MESSAGE][PASSED] - Object 'Object Repository/FDR-VoucherEntry/Voucher/supplierID' is present

2020-10-10 11:17:00 - [MESSAGE][PASSED] - Keys '0000034695
' sent to object: 'Object Repository/FDR-VoucherEntry/Voucher/supplierID'

2020-10-10 11:17:04 - [MESSAGE][INFO] - Unable to find the element located by 'By.xpath: //*[@data-id='button-link']//*[contains(text(),'Create New Voucher')]'. Please recheck the objects properties to make sure the desired element is located. 

2020-10-10 11:17:04 - [MESSAGE][WARNING] - Object 'Object Repository/FDR-Dashboard/createNewVoucherButton' is not present after 2 second(s)

2020-10-10 11:17:04 - [MESSAGE][PASSED] - Keys 'DOWN + ENTER + ' sent to object: 'Object Repository/FDR-VoucherEntry/Voucher/supplierID'

2020-10-10 11:17:04 - [MESSAGE][PASSED] - Object 'Object Repository/FDR-VoucherEntry/Voucher/seqNum' is present

2020-10-10 11:17:05 - [MESSAGE][PASSED] - Object: 'Object Repository/FDR-VoucherEntry/Voucher/seqNum' is clicked on

2020-10-10 11:17:05 - [MESSAGE][PASSED] - Keys '3
' sent to object: 'Object Repository/FDR-VoucherEntry/Voucher/seqNum'

2020-10-10 11:17:08 - [MESSAGE][INFO] - Unable to find the element located by 'By.xpath: //*[@data-id='button-link']//*[contains(text(),'Create New Voucher')]'. Please recheck the objects properties to make sure the desired element is located. 

2020-10-10 11:17:08 - [MESSAGE][WARNING] - Object 'Object Repository/FDR-Dashboard/createNewVoucherButton' is not present after 2 second(s)

2020-10-10 11:17:09 - [MESSAGE][PASSED] - Keys 'DOWN + ENTER + ' sent to object: 'Object Repository/FDR-VoucherEntry/Voucher/seqNum'

2020-10-10 11:17:09 - [MESSAGE][PASSED] - Object: 'Object Repository/FDR-VoucherEntry/Voucher/contractNum' is clicked on

2020-10-10 11:17:12 - [MESSAGE][INFO] - Unable to find the element located by 'By.xpath: //*[@data-id='button-link']//*[contains(text(),'Create New Voucher')]'. Please recheck the objects properties to make sure the desired element is located. 

2020-10-10 11:17:12 - [MESSAGE][WARNING] - Object 'Object Repository/FDR-Dashboard/createNewVoucherButton' is not present after 2 second(s)

2020-10-10 11:17:13 - [MESSAGE][PASSED] - Keys '13-90159
' sent to object: 'Object Repository/FDR-VoucherEntry/Voucher/contractNum'

2020-10-10 11:17:13 - [MESSAGE][PASSED] - Keys 'DOWN + ENTER + ' sent to object: 'Object Repository/FDR-VoucherEntry/Voucher/contractNum'

2020-10-10 11:17:14 - [MESSAGE][PASSED] - Object 'Object Repository/FDR-VoucherEntry/Voucher/vendorMessage' is present

2020-10-10 11:17:14 - [MESSAGE][PASSED] - Object: 'Object Repository/FDR-VoucherEntry/Voucher/vendorMessage' is clicked on

2020-10-10 11:17:15 - [MESSAGE][PASSED] - Text of object 'Object Repository/FDR-VoucherEntry/Voucher/vendorMessage' is cleared

2020-10-10 11:17:16 - [MESSAGE][PASSED] - Text '---Update voucher' is set on object 'Object Repository/FDR-VoucherEntry/Voucher/vendorMessage'

2020-10-10 11:17:17 - [MESSAGE][PASSED] - Object: 'Object Repository/FDR-VoucherEntry/Voucher/buttonNext' is clicked on

2020-10-10 11:17:21 - [MESSAGE][INFO] - Unable to find the element located by 'By.xpath: //*[@data-id='button-link']//*[contains(text(),'Create New Voucher')]'. Please recheck the objects properties to make sure the desired element is located. 

2020-10-10 11:17:21 - [MESSAGE][WARNING] - Object 'Object Repository/FDR-Dashboard/createNewVoucherButton' is not present after 3 second(s)

2020-10-10 11:17:21 - [TEST_STEP][PASSED] - waitForElementPresent(findTestObject("FDR-EditVoucher/invoiceHover"), 3): Object 'Object Repository/FDR-EditVoucher/invoiceHover' is present

2020-10-10 11:17:22 - [MESSAGE][PASSED] - Object 'Object Repository/FDR-EditVoucher/invoiceHover' is present

2020-10-10 11:17:22 - [TEST_STEP][PASSED] - mouseOver(findTestObject("FDR-EditVoucher/invoiceHover")): Object: 'Object Repository/FDR-EditVoucher/invoiceHover' is hovered

2020-10-10 11:17:22 - [MESSAGE][PASSED] - Object: 'Object Repository/FDR-EditVoucher/invoiceHover' is hovered

2020-10-10 11:17:22 - [TEST_STEP][PASSED] - waitForElementPresent(findTestObject("FDR-EditVoucher/voucherLineEditIcon"), 1): Object 'Object Repository/FDR-EditVoucher/voucherLineEditIcon' is present

2020-10-10 11:17:22 - [MESSAGE][PASSED] - Object 'Object Repository/FDR-EditVoucher/voucherLineEditIcon' is present

2020-10-10 11:17:22 - [TEST_STEP][PASSED] - click(findTestObject("FDR-EditVoucher/voucherLineEditIcon")): Object: 'Object Repository/FDR-EditVoucher/voucherLineEditIcon' is clicked on

2020-10-10 11:17:23 - [MESSAGE][PASSED] - Object: 'Object Repository/FDR-EditVoucher/voucherLineEditIcon' is clicked on

2020-10-10 11:17:23 - [TEST_STEP][PASSED] - waitForElementPresent(findTestObject("FDR-EditVoucher/voucherLineEditClick"), 1): Object 'Object Repository/FDR-EditVoucher/voucherLineEditClick' is present

2020-10-10 11:17:23 - [MESSAGE][PASSED] - Object 'Object Repository/FDR-EditVoucher/voucherLineEditClick' is present

2020-10-10 11:17:23 - [TEST_STEP][PASSED] - click(findTestObject("FDR-EditVoucher/voucherLineEditClick")): Object: 'Object Repository/FDR-EditVoucher/voucherLineEditClick' is clicked on

2020-10-10 11:17:24 - [MESSAGE][PASSED] - Object: 'Object Repository/FDR-EditVoucher/voucherLineEditClick' is clicked on

2020-10-10 11:17:24 - [TEST_STEP][PASSED] - waitForElementPresent(findTestObject("FDR-Dashboard/createNewVoucherButton"), 3): Object 'Object Repository/FDR-Dashboard/createNewVoucherButton' is not present after 3 second(s)

2020-10-10 11:17:28 - [MESSAGE][INFO] - Unable to find the element located by 'By.xpath: //*[@data-id='button-link']//*[contains(text(),'Create New Voucher')]'. Please recheck the objects properties to make sure the desired element is located. 

2020-10-10 11:17:28 - [MESSAGE][WARNING] - Object 'Object Repository/FDR-Dashboard/createNewVoucherButton' is not present after 3 second(s)

2020-10-10 11:17:28 - [TEST_STEP][PASSED] - Edit_Voucher_Invoice_DistributionLines.EditInvoice(): Object 'Object Repository/FDR-Dashboard/createNewVoucherButton' is not present after 3 second(s)

2020-10-10 11:17:28 - [MESSAGE][PASSED] - Object 'Object Repository/FDR-VoucherEntry/VoucherEntryObjects/inputInvoiceDescription' is present

2020-10-10 11:17:28 - [MESSAGE][PASSED] - Object: 'Object Repository/FDR-VoucherEntry/VoucherEntryObjects/inputInvoiceDescription' is clicked on

2020-10-10 11:17:29 - [MESSAGE][PASSED] - Keys 'CONTROL + a' sent to object: 'Object Repository/FDR-VoucherEntry/VoucherEntryObjects/inputInvoiceDescription'

2020-10-10 11:17:29 - [MESSAGE][PASSED] - Keys 'BACK_SPACE + ' sent to object: 'Object Repository/FDR-VoucherEntry/VoucherEntryObjects/inputInvoiceDescription'

2020-10-10 11:17:32 - [MESSAGE][INFO] - Unable to find the element located by 'By.xpath: //*[@data-id='button-link']//*[contains(text(),'Create New Voucher')]'. Please recheck the objects properties to make sure the desired element is located. 

2020-10-10 11:17:32 - [MESSAGE][WARNING] - Object 'Object Repository/FDR-Dashboard/createNewVoucherButton' is not present after 2 second(s)

2020-10-10 11:17:33 - [MESSAGE][PASSED] - Keys 'INC-769235' sent to object: 'Object Repository/FDR-VoucherEntry/VoucherEntryObjects/inputInvoiceDescription'

2020-10-10 11:17:33 - [MESSAGE][PASSED] - Object: 'Object Repository/FDR-VoucherEntry/InvoiceLine/invoiceDate' is clicked on

2020-10-10 11:17:34 - [MESSAGE][PASSED] - Keys 'CONTROL + a' sent to object: 'Object Repository/FDR-VoucherEntry/InvoiceLine/invoiceDate'

2020-10-10 11:17:34 - [MESSAGE][PASSED] - Keys 'BACK_SPACE + ' sent to object: 'Object Repository/FDR-VoucherEntry/InvoiceLine/invoiceDate'

2020-10-10 11:17:35 - [MESSAGE][PASSED] - Text '09/10/2020' is set on object 'Object Repository/FDR-VoucherEntry/InvoiceLine/invoiceDate'

2020-10-10 11:17:35 - [MESSAGE][PASSED] - Object: 'Object Repository/FDR-VoucherEntry/InvoiceLine/originalWarrantDate' is clicked on

2020-10-10 11:17:36 - [MESSAGE][PASSED] - Keys 'CONTROL + a' sent to object: 'Object Repository/FDR-VoucherEntry/InvoiceLine/originalWarrantDate'

2020-10-10 11:17:36 - [MESSAGE][PASSED] - Keys 'BACK_SPACE + ' sent to object: 'Object Repository/FDR-VoucherEntry/InvoiceLine/originalWarrantDate'

2020-10-10 11:17:37 - [MESSAGE][PASSED] - Text '09/10/2020' is set on object 'Object Repository/FDR-VoucherEntry/InvoiceLine/originalWarrantDate'

2020-10-10 11:17:40 - [MESSAGE][INFO] - Unable to find the element located by 'By.xpath: //*[@data-id='button-link']//*[contains(text(),'Create New Voucher')]'. Please recheck the objects properties to make sure the desired element is located. 

2020-10-10 11:17:40 - [MESSAGE][WARNING] - Object 'Object Repository/FDR-Dashboard/createNewVoucherButton' is not present after 2 second(s)

2020-10-10 11:17:40 - [MESSAGE][PASSED] - Object: 'Object Repository/FDR-EditVoucher/dlSaveButton' is clicked on

2020-10-10 11:17:44 - [MESSAGE][INFO] - Unable to find the element located by 'By.xpath: //*[@data-id='button-link']//*[contains(text(),'Create New Voucher')]'. Please recheck the objects properties to make sure the desired element is located. 

2020-10-10 11:17:44 - [MESSAGE][WARNING] - Object 'Object Repository/FDR-Dashboard/createNewVoucherButton' is not present after 3 second(s)

2020-10-10 11:17:44 - [TEST_STEP][PASSED] - waitForElementPresent(findTestObject("FDR-Dashboard/createNewVoucherButton"), 3): Object 'Object Repository/FDR-Dashboard/createNewVoucherButton' is not present after 3 second(s)

2020-10-10 11:17:49 - [MESSAGE][INFO] - Unable to find the element located by 'By.xpath: //*[@data-id='button-link']//*[contains(text(),'Create New Voucher')]'. Please recheck the objects properties to make sure the desired element is located. 

2020-10-10 11:17:49 - [MESSAGE][WARNING] - Object 'Object Repository/FDR-Dashboard/createNewVoucherButton' is not present after 3 second(s)

2020-10-10 11:17:49 - [TEST_STEP][PASSED] - click(findTestObject("FDR-VoucherEntry/InvoiceLine/invoiceLineExpandButton")): Object: 'Object Repository/FDR-VoucherEntry/InvoiceLine/invoiceLineExpandButton' is clicked on

2020-10-10 11:17:49 - [MESSAGE][PASSED] - Object: 'Object Repository/FDR-VoucherEntry/InvoiceLine/invoiceLineExpandButton' is clicked on

2020-10-10 11:17:49 - [TEST_STEP][PASSED] - waitForElementPresent(findTestObject("FDR-Dashboard/createNewVoucherButton"), 3): Object 'Object Repository/FDR-Dashboard/createNewVoucherButton' is not present after 3 second(s)

2020-10-10 11:17:53 - [MESSAGE][INFO] - Unable to find the element located by 'By.xpath: //*[@data-id='button-link']//*[contains(text(),'Create New Voucher')]'. Please recheck the objects properties to make sure the desired element is located. 

2020-10-10 11:17:53 - [MESSAGE][WARNING] - Object 'Object Repository/FDR-Dashboard/createNewVoucherButton' is not present after 3 second(s)

2020-10-10 11:17:53 - [TEST_STEP][PASSED] - mouseOver(findTestObject("Object Repository/FDR-EditVoucher/DLHover")): Object: 'Object Repository/FDR-EditVoucher/DLHover' is hovered

2020-10-10 11:17:54 - [MESSAGE][PASSED] - Object: 'Object Repository/FDR-EditVoucher/DLHover' is hovered

2020-10-10 11:17:54 - [TEST_STEP][PASSED] - waitForElementPresent(findTestObject("FDR-Dashboard/createNewVoucherButton"), 2): Object 'Object Repository/FDR-Dashboard/createNewVoucherButton' is not present after 2 second(s)

2020-10-10 11:17:57 - [MESSAGE][INFO] - Unable to find the element located by 'By.xpath: //*[@data-id='button-link']//*[contains(text(),'Create New Voucher')]'. Please recheck the objects properties to make sure the desired element is located. 

2020-10-10 11:17:57 - [MESSAGE][WARNING] - Object 'Object Repository/FDR-Dashboard/createNewVoucherButton' is not present after 2 second(s)

2020-10-10 11:17:57 - [TEST_STEP][PASSED] - click(findTestObject("FDR-Receipt/FDR-Receipt-DistributionLine/3dots/editIconDistributionLine")): Object: 'Object Repository/FDR-Receipt/FDR-Receipt-DistributionLine/3dots/editIconDistributionLine' is clicked on

2020-10-10 11:17:57 - [MESSAGE][PASSED] - Object: 'Object Repository/FDR-Receipt/FDR-Receipt-DistributionLine/3dots/editIconDistributionLine' is clicked on

2020-10-10 11:17:57 - [TEST_STEP][PASSED] - waitForElementPresent(findTestObject("Object Repository/FDR-EditVoucher/DLEditClick"), 3): Object 'Object Repository/FDR-EditVoucher/DLEditClick' is present

2020-10-10 11:17:58 - [MESSAGE][PASSED] - Object 'Object Repository/FDR-EditVoucher/DLEditClick' is present

2020-10-10 11:17:58 - [TEST_STEP][PASSED] - click(findTestObject("Object Repository/FDR-EditVoucher/DLEditClick")): Object: 'Object Repository/FDR-EditVoucher/DLEditClick' is clicked on

2020-10-10 11:17:58 - [MESSAGE][PASSED] - Object: 'Object Repository/FDR-EditVoucher/DLEditClick' is clicked on

2020-10-10 11:17:58 - [TEST_STEP][PASSED] - waitForElementPresent(findTestObject("FDR-Dashboard/createNewVoucherButton"), 2): Object 'Object Repository/FDR-Dashboard/createNewVoucherButton' is not present after 2 second(s)

2020-10-10 11:18:01 - [MESSAGE][INFO] - Unable to find the element located by 'By.xpath: //*[@data-id='button-link']//*[contains(text(),'Create New Voucher')]'. Please recheck the objects properties to make sure the desired element is located. 

2020-10-10 11:18:01 - [MESSAGE][WARNING] - Object 'Object Repository/FDR-Dashboard/createNewVoucherButton' is not present after 2 second(s)

2020-10-10 11:18:01 - [TEST_STEP][PASSED] - Edit_Voucher_Invoice_DistributionLines.EditDistribution(): Object 'Object Repository/FDR-Dashboard/createNewVoucherButton' is not present after 3 second(s)

2020-10-10 11:18:02 - [MESSAGE][PASSED] - Object 'Object Repository/FDR-VoucherEntry/DistributionLine/amount' is present

2020-10-10 11:18:02 - [MESSAGE][PASSED] - Object: 'Object Repository/FDR-VoucherEntry/DistributionLine/amount' is clicked on

2020-10-10 11:18:02 - [MESSAGE][PASSED] - Keys 'CONTROL + a' sent to object: 'Object Repository/FDR-VoucherEntry/DistributionLine/amount'

2020-10-10 11:18:03 - [MESSAGE][PASSED] - Keys 'BACK_SPACE + ' sent to object: 'Object Repository/FDR-VoucherEntry/DistributionLine/amount'

2020-10-10 11:18:03 - [MESSAGE][PASSED] - Keys '5000' sent to object: 'Object Repository/FDR-VoucherEntry/DistributionLine/amount'

2020-10-10 11:18:04 - [MESSAGE][PASSED] - Object: 'Object Repository/FDR-VoucherEntry/DistributionLine/waiverName' is clicked on

2020-10-10 11:18:04 - [MESSAGE][PASSED] - Keys 'CBAS' sent to object: 'Object Repository/FDR-VoucherEntry/DistributionLine/waiverName'

2020-10-10 11:18:05 - [MESSAGE][PASSED] - Keys 'DOWN + ENTER + ' sent to object: 'Object Repository/FDR-VoucherEntry/DistributionLine/waiverName'

2020-10-10 11:18:05 - [MESSAGE][PASSED] - Object 'Object Repository/FDR-VoucherEntry/DistributionLine/fundingSource' is present

2020-10-10 11:18:06 - [MESSAGE][PASSED] - Object: 'Object Repository/FDR-VoucherEntry/DistributionLine/fundingSource' is clicked on

2020-10-10 11:18:06 - [MESSAGE][PASSED] - Keys 'HQAF' sent to object: 'Object Repository/FDR-VoucherEntry/DistributionLine/fundingSource'

2020-10-10 11:18:07 - [MESSAGE][PASSED] - Keys 'DOWN + ENTER + ' sent to object: 'Object Repository/FDR-VoucherEntry/DistributionLine/fundingSource'

2020-10-10 11:18:07 - [MESSAGE][PASSED] - Object 'Object Repository/FDR-VoucherEntry/DistributionLine/serviceCategory' is present

2020-10-10 11:18:08 - [MESSAGE][PASSED] - Object: 'Object Repository/FDR-VoucherEntry/DistributionLine/serviceCategory' is clicked on

2020-10-10 11:18:08 - [MESSAGE][PASSED] - Keys '22' sent to object: 'Object Repository/FDR-VoucherEntry/DistributionLine/serviceCategory'

2020-10-10 11:18:09 - [MESSAGE][PASSED] - Keys 'DOWN + ENTER + ' sent to object: 'Object Repository/FDR-VoucherEntry/DistributionLine/serviceCategory'

2020-10-10 11:18:09 - [MESSAGE][PASSED] - Object: 'Object Repository/FDR-EditVoucher/dlSaveButton' is clicked on

2020-10-10 11:18:13 - [MESSAGE][INFO] - Unable to find the element located by 'By.xpath: //*[@data-id='button-link']//*[contains(text(),'Create New Voucher')]'. Please recheck the objects properties to make sure the desired element is located. 

2020-10-10 11:18:13 - [MESSAGE][WARNING] - Object 'Object Repository/FDR-Dashboard/createNewVoucherButton' is not present after 3 second(s)

2020-10-10 11:18:13 - [TEST_STEP][PASSED] - waitForElementPresent(findTestObject("FDR-Dashboard/createNewVoucherButton"), 3): Object 'Object Repository/FDR-Dashboard/createNewVoucherButton' is not present after 3 second(s)

2020-10-10 11:18:17 - [MESSAGE][INFO] - Unable to find the element located by 'By.xpath: //*[@data-id='button-link']//*[contains(text(),'Create New Voucher')]'. Please recheck the objects properties to make sure the desired element is located. 

2020-10-10 11:18:17 - [MESSAGE][WARNING] - Object 'Object Repository/FDR-Dashboard/createNewVoucherButton' is not present after 3 second(s)

2020-10-10 11:18:17 - [TEST_STEP][PASSED] - click(findTestObject("FDR-VoucherEntry/VoucherHeader/reviewButton")): Object: 'Object Repository/FDR-VoucherEntry/VoucherHeader/reviewButton' is clicked on

2020-10-10 11:18:18 - [MESSAGE][PASSED] - Object: 'Object Repository/FDR-VoucherEntry/VoucherHeader/reviewButton' is clicked on

2020-10-10 11:18:18 - [TEST_STEP][PASSED] - waitForElementPresent(findTestObject("FDR-Dashboard/createNewVoucherButton"), 5): Object 'Object Repository/FDR-Dashboard/createNewVoucherButton' is not present after 5 second(s)

2020-10-10 11:18:24 - [MESSAGE][INFO] - Unable to find the element located by 'By.xpath: //*[@data-id='button-link']//*[contains(text(),'Create New Voucher')]'. Please recheck the objects properties to make sure the desired element is located. 

2020-10-10 11:18:24 - [MESSAGE][WARNING] - Object 'Object Repository/FDR-Dashboard/createNewVoucherButton' is not present after 5 second(s)

2020-10-10 11:18:24 - [TEST_STEP][PASSED] - click(findTestObject("FDR-VoucherEntry/InvoiceLine/cmiaForm")): Object: 'Object Repository/FDR-VoucherEntry/InvoiceLine/cmiaForm' is clicked on

2020-10-10 11:18:24 - [MESSAGE][PASSED] - Object: 'Object Repository/FDR-VoucherEntry/InvoiceLine/cmiaForm' is clicked on

2020-10-10 11:18:24 - [TEST_STEP][PASSED] - waitForElementPresent(findTestObject("FDR-Dashboard/createNewVoucherButton"), 5): Object 'Object Repository/FDR-Dashboard/createNewVoucherButton' is not present after 5 second(s)

2020-10-10 11:18:30 - [MESSAGE][INFO] - Unable to find the element located by 'By.xpath: //*[@data-id='button-link']//*[contains(text(),'Create New Voucher')]'. Please recheck the objects properties to make sure the desired element is located. 

2020-10-10 11:18:30 - [MESSAGE][WARNING] - Object 'Object Repository/FDR-Dashboard/createNewVoucherButton' is not present after 5 second(s)

2020-10-10 11:18:30 - [TEST_STEP][PASSED] - click(findTestObject("FDR-VoucherEntry/InvoiceLine/closeButton")): Object: 'Object Repository/FDR-VoucherEntry/InvoiceLine/closeButton' is clicked on

2020-10-10 11:18:31 - [MESSAGE][PASSED] - Object: 'Object Repository/FDR-VoucherEntry/InvoiceLine/closeButton' is clicked on

2020-10-10 11:18:31 - [TEST_STEP][PASSED] - waitForElementPresent(findTestObject("FDR-Dashboard/createNewVoucherButton"), 5): Object 'Object Repository/FDR-Dashboard/createNewVoucherButton' is not present after 5 second(s)

2020-10-10 11:18:37 - [MESSAGE][INFO] - Unable to find the element located by 'By.xpath: //*[@data-id='button-link']//*[contains(text(),'Create New Voucher')]'. Please recheck the objects properties to make sure the desired element is located. 

2020-10-10 11:18:37 - [MESSAGE][WARNING] - Object 'Object Repository/FDR-Dashboard/createNewVoucherButton' is not present after 5 second(s)

2020-10-10 11:18:37 - [TEST_STEP][PASSED] - click(findTestObject("FDR-VoucherEntry/InvoiceLine/faceSheet")): Object: 'Object Repository/FDR-VoucherEntry/InvoiceLine/faceSheet' is clicked on

2020-10-10 11:18:37 - [MESSAGE][PASSED] - Object: 'Object Repository/FDR-VoucherEntry/InvoiceLine/faceSheet' is clicked on

2020-10-10 11:18:37 - [TEST_STEP][PASSED] - waitForElementPresent(findTestObject("FDR-Dashboard/createNewVoucherButton"), 5): Object 'Object Repository/FDR-Dashboard/createNewVoucherButton' is not present after 5 second(s)

2020-10-10 11:18:43 - [MESSAGE][INFO] - Unable to find the element located by 'By.xpath: //*[@data-id='button-link']//*[contains(text(),'Create New Voucher')]'. Please recheck the objects properties to make sure the desired element is located. 

2020-10-10 11:18:43 - [MESSAGE][WARNING] - Object 'Object Repository/FDR-Dashboard/createNewVoucherButton' is not present after 5 second(s)

2020-10-10 11:18:43 - [TEST_STEP][PASSED] - click(findTestObject("FDR-VoucherEntry/InvoiceLine/closeButton")): Object: 'Object Repository/FDR-VoucherEntry/InvoiceLine/closeButton' is clicked on

2020-10-10 11:18:44 - [MESSAGE][PASSED] - Object: 'Object Repository/FDR-VoucherEntry/InvoiceLine/closeButton' is clicked on

2020-10-10 11:18:44 - [TEST_STEP][PASSED] - waitForElementPresent(findTestObject("FDR-Dashboard/createNewVoucherButton"), 5): Object 'Object Repository/FDR-Dashboard/createNewVoucherButton' is not present after 5 second(s)

2020-10-10 11:18:50 - [MESSAGE][INFO] - Unable to find the element located by 'By.xpath: //*[@data-id='button-link']//*[contains(text(),'Create New Voucher')]'. Please recheck the objects properties to make sure the desired element is located. 

2020-10-10 11:18:50 - [MESSAGE][WARNING] - Object 'Object Repository/FDR-Dashboard/createNewVoucherButton' is not present after 5 second(s)

2020-10-10 11:18:50 - [TEST_STEP][PASSED] - click(findTestObject("FDR-VoucherEntry/InvoiceLine/remittanceAdvice")): Object: 'Object Repository/FDR-VoucherEntry/InvoiceLine/remittanceAdvice' is clicked on

2020-10-10 11:18:50 - [MESSAGE][PASSED] - Object: 'Object Repository/FDR-VoucherEntry/InvoiceLine/remittanceAdvice' is clicked on

2020-10-10 11:18:50 - [TEST_STEP][PASSED] - waitForElementPresent(findTestObject("FDR-Dashboard/createNewVoucherButton"), 5): Object 'Object Repository/FDR-Dashboard/createNewVoucherButton' is not present after 5 second(s)

2020-10-10 11:18:56 - [MESSAGE][INFO] - Unable to find the element located by 'By.xpath: //*[@data-id='button-link']//*[contains(text(),'Create New Voucher')]'. Please recheck the objects properties to make sure the desired element is located. 

2020-10-10 11:18:56 - [MESSAGE][WARNING] - Object 'Object Repository/FDR-Dashboard/createNewVoucherButton' is not present after 5 second(s)

2020-10-10 11:18:56 - [TEST_STEP][PASSED] - click(findTestObject("FDR-VoucherEntry/InvoiceLine/closeButton")): Object: 'Object Repository/FDR-VoucherEntry/InvoiceLine/closeButton' is clicked on

2020-10-10 11:18:56 - [MESSAGE][PASSED] - Object: 'Object Repository/FDR-VoucherEntry/InvoiceLine/closeButton' is clicked on

2020-10-10 11:18:56 - [TEST_STEP][PASSED] - waitForElementPresent(findTestObject("FDR-Dashboard/createNewVoucherButton"), 5): Object 'Object Repository/FDR-Dashboard/createNewVoucherButton' is not present after 5 second(s)

2020-10-10 11:19:03 - [MESSAGE][INFO] - Unable to find the element located by 'By.xpath: //*[@data-id='button-link']//*[contains(text(),'Create New Voucher')]'. Please recheck the objects properties to make sure the desired element is located. 

2020-10-10 11:19:03 - [MESSAGE][WARNING] - Object 'Object Repository/FDR-Dashboard/createNewVoucherButton' is not present after 5 second(s)

2020-10-10 11:19:03 - [TEST_STEP][PASSED] - waitForElementPresent(findTestObject("Object Repository/FDR-Vouchers-States/Resume/submitForApproval"), 3): Object 'Object Repository/FDR-Vouchers-States/Resume/submitForApproval' is present

2020-10-10 11:19:03 - [MESSAGE][PASSED] - Object 'Object Repository/FDR-Vouchers-States/Resume/submitForApproval' is present

2020-10-10 11:19:03 - [TEST_STEP][PASSED] - click(findTestObject("Object Repository/FDR-Vouchers-States/Resume/submitForApproval")): Object: 'Object Repository/FDR-Vouchers-States/Resume/submitForApproval' is clicked on

2020-10-10 11:19:03 - [MESSAGE][PASSED] - Object: 'Object Repository/FDR-Vouchers-States/Resume/submitForApproval' is clicked on

2020-10-10 11:19:03 - [TEST_STEP][PASSED] - commonFunctions.selectRole("accountsPayableApprover"): Object 'Object Repository/FDR-VoucherEntry/VoucherHeader/reviewButton' is not present after 2 second(s)

2020-10-10 11:19:06 - [MESSAGE][INFO] - Unable to find the element located by 'By.xpath: //*[text()='Review']//parent::button[@data-id='action-button']'. Please recheck the objects properties to make sure the desired element is located. 

2020-10-10 11:19:06 - [MESSAGE][WARNING] - Object 'Object Repository/FDR-VoucherEntry/VoucherHeader/reviewButton' is not present after 2 second(s)

2020-10-10 11:19:07 - [MESSAGE][PASSED] - Object: 'Object Repository/FDR-SuperUser-Dashboard/userExpandButton' is clicked on

2020-10-10 11:19:10 - [MESSAGE][INFO] - Unable to find the element located by 'By.xpath: //*[text()='Review']//parent::button[@data-id='action-button']'. Please recheck the objects properties to make sure the desired element is located. 

2020-10-10 11:19:10 - [MESSAGE][WARNING] - Object 'Object Repository/FDR-VoucherEntry/VoucherHeader/reviewButton' is not present after 2 second(s)

2020-10-10 11:19:10 - [MESSAGE][PASSED] - Object: 'Object Repository/FDR-SuperUser-Dashboard/accountsPayableApprover' is clicked on

2020-10-10 11:19:14 - [MESSAGE][INFO] - Unable to find the element located by 'By.xpath: //*[text()='Review']//parent::button[@data-id='action-button']'. Please recheck the objects properties to make sure the desired element is located. 

2020-10-10 11:19:14 - [MESSAGE][WARNING] - Object 'Object Repository/FDR-VoucherEntry/VoucherHeader/reviewButton' is not present after 2 second(s)

2020-10-10 11:19:14 - [TEST_STEP][PASSED] - waitForElementPresent(findTestObject("FDR-Dashboard/Search/searchInputField"), 2): Object 'Object Repository/FDR-Dashboard/Search/searchInputField' is present

2020-10-10 11:19:14 - [MESSAGE][PASSED] - Object 'Object Repository/FDR-Dashboard/Search/searchInputField' is present

2020-10-10 11:19:14 - [TEST_STEP][PASSED] - setText(findTestObject("FDR-Dashboard/Search/searchInputField"), processorVoucherNumber): Text 'CAP00000100' is set on object 'Object Repository/FDR-Dashboard/Search/searchInputField'

2020-10-10 11:19:14 - [MESSAGE][PASSED] - Text 'CAP00000100' is set on object 'Object Repository/FDR-Dashboard/Search/searchInputField'

2020-10-10 11:19:14 - [TEST_STEP][PASSED] - click(findTestObject("FDR-Dashboard/Filters/validateFilterButton")): Object: 'Object Repository/FDR-Dashboard/Filters/validateFilterButton' is clicked on

2020-10-10 11:19:15 - [MESSAGE][PASSED] - Object: 'Object Repository/FDR-Dashboard/Filters/validateFilterButton' is clicked on

2020-10-10 11:19:15 - [TEST_STEP][PASSED] - waitForElementPresent(findTestObject("FDR-Dashboard/createNewVoucherButton"), 3): Object 'Object Repository/FDR-Dashboard/createNewVoucherButton' is present

2020-10-10 11:19:16 - [MESSAGE][PASSED] - Object 'Object Repository/FDR-Dashboard/createNewVoucherButton' is present

2020-10-10 11:19:16 - [TEST_STEP][PASSED] - click(findTestObject("Object Repository/FDR-Dashboard/VouhcersTable/validateButton")): Object: 'Object Repository/FDR-Dashboard/VouhcersTable/validateButton' is clicked on

2020-10-10 11:19:16 - [MESSAGE][PASSED] - Object: 'Object Repository/FDR-Dashboard/VouhcersTable/validateButton' is clicked on

2020-10-10 11:19:16 - [TEST_STEP][PASSED] - waitForElementPresent(findTestObject("FDR-Dashboard/createNewVoucherButton"), 3): Object 'Object Repository/FDR-Dashboard/createNewVoucherButton' is not present after 3 second(s)

2020-10-10 11:19:20 - [MESSAGE][INFO] - Unable to find the element located by 'By.xpath: //*[@data-id='button-link']//*[contains(text(),'Create New Voucher')]'. Please recheck the objects properties to make sure the desired element is located. 

2020-10-10 11:19:20 - [MESSAGE][WARNING] - Object 'Object Repository/FDR-Dashboard/createNewVoucherButton' is not present after 3 second(s)

2020-10-10 11:19:20 - [TEST_STEP][PASSED] - click(findTestObject("Object Repository/FDR-Draw/reviewScreen/approveButton")): Object: 'Object Repository/FDR-Draw/reviewScreen/approveButton' is clicked on

2020-10-10 11:19:21 - [MESSAGE][PASSED] - Object: 'Object Repository/FDR-Draw/reviewScreen/approveButton' is clicked on

2020-10-10 11:19:21 - [TEST_STEP][PASSED] - waitForElementPresent(findTestObject("FDR-Dashboard/createNewVoucherButton"), 3): Object 'Object Repository/FDR-Dashboard/createNewVoucherButton' is present

2020-10-10 11:19:22 - [MESSAGE][PASSED] - Object 'Object Repository/FDR-Dashboard/createNewVoucherButton' is present

2020-10-10 11:19:22 - [TEST_STEP][PASSED] - click(findTestObject("FDR-Dashboard/Filters/clearFilterButton")): Object: 'Object Repository/FDR-Dashboard/Filters/clearFilterButton' is clicked on

2020-10-10 11:19:22 - [MESSAGE][PASSED] - Object: 'Object Repository/FDR-Dashboard/Filters/clearFilterButton' is clicked on

2020-10-10 11:19:22 - [TEST_STEP][PASSED] - waitForElementPresent(findTestObject("FDR-Dashboard/createNewVoucherButton"), 3): Object 'Object Repository/FDR-Dashboard/createNewVoucherButton' is present

2020-10-10 11:19:23 - [MESSAGE][PASSED] - Object 'Object Repository/FDR-Dashboard/createNewVoucherButton' is present

2020-10-10 11:19:23 - [TEST_STEP][PASSED] - click(findTestObject("FDR-Dashboard/Search/searchInputField")): Object: 'Object Repository/FDR-Dashboard/Search/searchInputField' is clicked on

2020-10-10 11:19:23 - [MESSAGE][PASSED] - Object: 'Object Repository/FDR-Dashboard/Search/searchInputField' is clicked on

2020-10-10 11:19:23 - [TEST_STEP][PASSED] - setText(findTestObject("FDR-Dashboard/Search/searchInputField"), processorVoucherNumber): Text 'CAP00000100' is set on object 'Object Repository/FDR-Dashboard/Search/searchInputField'

2020-10-10 11:19:24 - [MESSAGE][PASSED] - Text 'CAP00000100' is set on object 'Object Repository/FDR-Dashboard/Search/searchInputField'

2020-10-10 11:19:24 - [TEST_STEP][PASSED] - waitForElementPresent(findTestObject("FDR-Dashboard/createNewVoucherButton"), 3): Object 'Object Repository/FDR-Dashboard/createNewVoucherButton' is present

2020-10-10 11:19:24 - [MESSAGE][PASSED] - Object 'Object Repository/FDR-Dashboard/createNewVoucherButton' is present

2020-10-10 11:19:24 - [TEST_STEP][PASSED] - waitForElementPresent(findTestObject("Object Repository/FDR-Dashboard/Filters/printFilterButton"), 4): Object 'Object Repository/FDR-Dashboard/Filters/printFilterButton' is present

2020-10-10 11:19:24 - [MESSAGE][PASSED] - Object 'Object Repository/FDR-Dashboard/Filters/printFilterButton' is present

2020-10-10 11:19:24 - [TEST_STEP][PASSED] - click(findTestObject("Object Repository/FDR-Dashboard/Filters/printFilterButton")): Object: 'Object Repository/FDR-Dashboard/Filters/printFilterButton' is clicked on

2020-10-10 11:19:25 - [MESSAGE][PASSED] - Object: 'Object Repository/FDR-Dashboard/Filters/printFilterButton' is clicked on

2020-10-10 11:19:25 - [TEST_STEP][PASSED] - waitForElementPresent(findTestObject("FDR-Dashboard/VouhcersTable/printButton"), 4): Object 'Object Repository/FDR-Dashboard/VouhcersTable/printButton' is present

2020-10-10 11:19:26 - [MESSAGE][PASSED] - Object 'Object Repository/FDR-Dashboard/VouhcersTable/printButton' is present

2020-10-10 11:19:26 - [TEST_STEP][PASSED] - click(findTestObject("FDR-Dashboard/VouhcersTable/printButton")): Object: 'Object Repository/FDR-Dashboard/VouhcersTable/printButton' is clicked on

2020-10-10 11:19:26 - [MESSAGE][PASSED] - Object: 'Object Repository/FDR-Dashboard/VouhcersTable/printButton' is clicked on

2020-10-10 11:19:26 - [TEST_STEP][PASSED] - waitForElementPresent(findTestObject("FDR-Dashboard/createNewVoucherButton"), 3): Object 'Object Repository/FDR-Dashboard/createNewVoucherButton' is not present after 3 second(s)

2020-10-10 11:19:30 - [MESSAGE][INFO] - Unable to find the element located by 'By.xpath: //*[@data-id='button-link']//*[contains(text(),'Create New Voucher')]'. Please recheck the objects properties to make sure the desired element is located. 

2020-10-10 11:19:30 - [MESSAGE][WARNING] - Object 'Object Repository/FDR-Dashboard/createNewVoucherButton' is not present after 3 second(s)

2020-10-10 11:19:30 - [TEST_STEP][PASSED] - click(findTestObject("Object Repository/FDR-Vouchers-States/Print/printCMIAForm")): Object: 'Object Repository/FDR-Vouchers-States/Print/printCMIAForm' is clicked on

2020-10-10 11:19:31 - [MESSAGE][PASSED] - Object: 'Object Repository/FDR-Vouchers-States/Print/printCMIAForm' is clicked on

2020-10-10 11:19:31 - [TEST_STEP][PASSED] - waitForElementPresent(findTestObject("FDR-Dashboard/createNewVoucherButton"), 2): Object 'Object Repository/FDR-Dashboard/createNewVoucherButton' is not present after 2 second(s)

2020-10-10 11:19:34 - [MESSAGE][INFO] - Unable to find the element located by 'By.xpath: //*[@data-id='button-link']//*[contains(text(),'Create New Voucher')]'. Please recheck the objects properties to make sure the desired element is located. 

2020-10-10 11:19:34 - [MESSAGE][WARNING] - Object 'Object Repository/FDR-Dashboard/createNewVoucherButton' is not present after 2 second(s)

2020-10-10 11:19:34 - [TEST_STEP][PASSED] - closeWindowIndex(1, STOP_ON_FAILURE): Window with index 1 is closed

2020-10-10 11:19:36 - [MESSAGE][PASSED] - Window with index 1 is closed

2020-10-10 11:19:36 - [TEST_STEP][PASSED] - switchToWindowIndex(0, STOP_ON_FAILURE): Switched to window with index: '0'

2020-10-10 11:19:36 - [MESSAGE][PASSED] - Switched to window with index: '0'

2020-10-10 11:19:36 - [TEST_STEP][PASSED] - waitForElementPresent(findTestObject("FDR-Dashboard/createNewVoucherButton"), 2): Object 'Object Repository/FDR-Dashboard/createNewVoucherButton' is not present after 2 second(s)

2020-10-10 11:19:39 - [MESSAGE][INFO] - Unable to find the element located by 'By.xpath: //*[@data-id='button-link']//*[contains(text(),'Create New Voucher')]'. Please recheck the objects properties to make sure the desired element is located. 

2020-10-10 11:19:39 - [MESSAGE][WARNING] - Object 'Object Repository/FDR-Dashboard/createNewVoucherButton' is not present after 2 second(s)

2020-10-10 11:19:39 - [TEST_STEP][PASSED] - click(findTestObject("FDR-Vouchers-States/Print/printFaceSheet")): Object: 'Object Repository/FDR-Vouchers-States/Print/printFaceSheet' is clicked on

2020-10-10 11:19:40 - [MESSAGE][PASSED] - Object: 'Object Repository/FDR-Vouchers-States/Print/printFaceSheet' is clicked on

2020-10-10 11:19:40 - [TEST_STEP][PASSED] - waitForElementPresent(findTestObject("FDR-Dashboard/createNewVoucherButton"), 2): Object 'Object Repository/FDR-Dashboard/createNewVoucherButton' is not present after 2 second(s)

2020-10-10 11:19:43 - [MESSAGE][INFO] - Unable to find the element located by 'By.xpath: //*[@data-id='button-link']//*[contains(text(),'Create New Voucher')]'. Please recheck the objects properties to make sure the desired element is located. 

2020-10-10 11:19:43 - [MESSAGE][WARNING] - Object 'Object Repository/FDR-Dashboard/createNewVoucherButton' is not present after 2 second(s)

2020-10-10 11:19:43 - [TEST_STEP][PASSED] - closeWindowIndex(1, STOP_ON_FAILURE): Window with index 1 is closed

2020-10-10 11:19:45 - [MESSAGE][PASSED] - Window with index 1 is closed

2020-10-10 11:19:45 - [TEST_STEP][PASSED] - switchToWindowIndex(0, STOP_ON_FAILURE): Switched to window with index: '0'

2020-10-10 11:19:45 - [MESSAGE][PASSED] - Switched to window with index: '0'

2020-10-10 11:19:45 - [TEST_STEP][PASSED] - waitForElementPresent(findTestObject("FDR-Dashboard/createNewVoucherButton"), 2): Object 'Object Repository/FDR-Dashboard/createNewVoucherButton' is not present after 2 second(s)

2020-10-10 11:19:48 - [MESSAGE][INFO] - Unable to find the element located by 'By.xpath: //*[@data-id='button-link']//*[contains(text(),'Create New Voucher')]'. Please recheck the objects properties to make sure the desired element is located. 

2020-10-10 11:19:48 - [MESSAGE][WARNING] - Object 'Object Repository/FDR-Dashboard/createNewVoucherButton' is not present after 2 second(s)

2020-10-10 11:19:48 - [TEST_STEP][PASSED] - click(findTestObject("FDR-Vouchers-States/Print/printRA")): Object: 'Object Repository/FDR-Vouchers-States/Print/printRA' is clicked on

2020-10-10 11:19:49 - [MESSAGE][PASSED] - Object: 'Object Repository/FDR-Vouchers-States/Print/printRA' is clicked on

2020-10-10 11:19:49 - [TEST_STEP][PASSED] - waitForElementPresent(findTestObject("FDR-Dashboard/createNewVoucherButton"), 2): Object 'Object Repository/FDR-Dashboard/createNewVoucherButton' is not present after 2 second(s)

2020-10-10 11:19:52 - [MESSAGE][INFO] - Unable to find the element located by 'By.xpath: //*[@data-id='button-link']//*[contains(text(),'Create New Voucher')]'. Please recheck the objects properties to make sure the desired element is located. 

2020-10-10 11:19:52 - [MESSAGE][WARNING] - Object 'Object Repository/FDR-Dashboard/createNewVoucherButton' is not present after 2 second(s)

2020-10-10 11:19:52 - [TEST_STEP][PASSED] - closeWindowIndex(1, STOP_ON_FAILURE): Window with index 1 is closed

2020-10-10 11:19:54 - [MESSAGE][PASSED] - Window with index 1 is closed

2020-10-10 11:19:54 - [TEST_STEP][PASSED] - switchToWindowIndex(0, STOP_ON_FAILURE): Switched to window with index: '0'

2020-10-10 11:19:54 - [MESSAGE][PASSED] - Switched to window with index: '0'

2020-10-10 11:19:54 - [TEST_STEP][PASSED] - click(findTestObject("FDR-Vouchers-States/Print/allFormsPrintButton")): Object: 'Object Repository/FDR-Vouchers-States/Print/allFormsPrintButton' is clicked on

2020-10-10 11:19:55 - [MESSAGE][PASSED] - Object: 'Object Repository/FDR-Vouchers-States/Print/allFormsPrintButton' is clicked on

2020-10-10 11:19:55 - [TEST_STEP][PASSED] - waitForElementPresent(findTestObject("FDR-Dashboard/createNewVoucherButton"), 2): Object 'Object Repository/FDR-Dashboard/createNewVoucherButton' is present

2020-10-10 11:19:55 - [MESSAGE][PASSED] - Object 'Object Repository/FDR-Dashboard/createNewVoucherButton' is present

2020-10-10 11:19:55 - [TEST_STEP][PASSED] - click(findTestObject("FDR-Dashboard/Filters/clearFilterButton")): Object: 'Object Repository/FDR-Dashboard/Filters/clearFilterButton' is clicked on

2020-10-10 11:19:56 - [MESSAGE][PASSED] - Object: 'Object Repository/FDR-Dashboard/Filters/clearFilterButton' is clicked on

2020-10-10 11:19:56 - [TEST_STEP][PASSED] - waitForElementPresent(findTestObject("Object Repository/FDR-Dashboard/appLogo"), 2): Object 'Object Repository/FDR-Dashboard/appLogo' is present

2020-10-10 11:19:56 - [MESSAGE][PASSED] - Object 'Object Repository/FDR-Dashboard/appLogo' is present

2020-10-10 11:19:56 - [TEST_STEP][PASSED] - click(findTestObject("Object Repository/FDR-Dashboard/appLogo")): Object: 'Object Repository/FDR-Dashboard/appLogo' is clicked on

2020-10-10 11:19:57 - [MESSAGE][PASSED] - Object: 'Object Repository/FDR-Dashboard/appLogo' is clicked on

2020-10-10 11:19:57 - [TEST_STEP][PASSED] - commonFunctions.logout(): Browser is closed

2020-10-10 11:19:58 - [MESSAGE][PASSED] - Browser is closed

2020-10-10 11:19:58 - [TEST_STEP][PASSED] - Start listener action : sampleAfterTestCase: null

2020-10-10 11:19:58 - [TEST_STEP][PASSED] - profileName = getExecutionProfile(): null

2020-10-10 11:19:58 - [TEST_STEP][PASSED] - switch (profileName): null

2020-10-10 11:19:58 - [TEST_STEP][PASSED] - case "superUser":: null

2020-10-10 11:19:58 - [TEST_STEP][PASSED] - return null: null

2020-10-10 11:19:58 - [TEST_STEP][PASSED] - Start listener action : afterTestCase: null

2020-10-10 11:19:58 - [TEST_STEP][PASSED] - profileName = getExecutionProfile(): null

2020-10-10 11:19:58 - [TEST_STEP][PASSED] - if (profileName.equalsIgnoreCase("SysAdmin")): null

2020-10-10 11:19:58 - [TEST_STEP][PASSED] - Start listener action : sampleAfterTestCase: null

2020-10-10 11:19:58 - [TEST_STEP][PASSED] - profileName = getExecutionProfile(): null

2020-10-10 11:19:58 - [TEST_STEP][PASSED] - switch (profileName): null

2020-10-10 11:19:58 - [TEST_STEP][PASSED] - Default: null

2020-10-10 11:19:58 - [TEST_STEP][PASSED] - return null: null

2020-10-10 11:19:58 - [TEST_STEP][PASSED] - Start listener action : addFailedTCToList: null]]></system-out>
         <system-err><![CDATA[]]></system-err>
      </testcase>
      <testcase name="Test Cases/FDR_E2E-REGRESSION-TESTS/TC_5-FDR_E2E-INTEGRATED-REFERENCE-DATA-VOUCHER-FLOW" time="311.788" classname="Test Cases/FDR_E2E-REGRESSION-TESTS/TC_5-FDR_E2E-INTEGRATED-REFERENCE-DATA-VOUCHER-FLOW" status="FAILED">
         <failure type="FAILED" message="Test Cases/FDR_E2E-REGRESSION-TESTS/TC_5-FDR_E2E-INTEGRATED-REFERENCE-DATA-VOUCHER-FLOW FAILED.
Reason:
com.kms.katalon.core.exception.StepFailedException: Unable to click on object 'Object Repository/FDR-Dashboard/VouhcersTable/resumeButton' (Root cause: com.kms.katalon.core.exception.StepFailedException: Unable to click on object 'Object Repository/FDR-Dashboard/VouhcersTable/resumeButton'
	at com.kms.katalon.core.webui.keyword.internal.WebUIKeywordMain.stepFailed(WebUIKeywordMain.groovy:64)
	at com.kms.katalon.core.webui.keyword.internal.WebUIKeywordMain.runKeyword(WebUIKeywordMain.groovy:26)
	at com.kms.katalon.core.webui.keyword.builtin.ClickKeyword.click(ClickKeyword.groovy:76)
	at com.kms.katalon.core.webui.keyword.builtin.ClickKeyword.execute(ClickKeyword.groovy:43)
	at com.kms.katalon.core.keyword.internal.KeywordExecutor.executeKeywordForPlatform(KeywordExecutor.groovy:73)
	at com.kms.katalon.core.webui.keyword.WebUiBuiltInKeywords.click(WebUiBuiltInKeywords.groovy:617)
	at com.kms.katalon.core.webui.keyword.WebUiBuiltInKeywords$click$5.call(Unknown Source)
	at TC_5-FDR_E2E-INTEGRATED-REFERENCE-DATA-VOUCHER-FLOW.run(TC_5-FDR_E2E-INTEGRATED-REFERENCE-DATA-VOUCHER-FLOW:106)
	at com.kms.katalon.core.main.ScriptEngine.run(ScriptEngine.java:194)
	at com.kms.katalon.core.main.ScriptEngine.runScriptAsRawText(ScriptEngine.java:119)
	at com.kms.katalon.core.main.TestCaseExecutor.runScript(TestCaseExecutor.java:339)
	at com.kms.katalon.core.main.TestCaseExecutor.doExecute(TestCaseExecutor.java:330)
	at com.kms.katalon.core.main.TestCaseExecutor.processExecutionPhase(TestCaseExecutor.java:309)
	at com.kms.katalon.core.main.TestCaseExecutor.accessMainPhase(TestCaseExecutor.java:301)
	at com.kms.katalon.core.main.TestCaseExecutor.execute(TestCaseExecutor.java:235)
	at com.kms.katalon.core.main.TestSuiteExecutor.accessTestCaseMainPhase(TestSuiteExecutor.java:191)
	at com.kms.katalon.core.main.TestSuiteExecutor.accessTestSuiteMainPhase(TestSuiteExecutor.java:141)
	at com.kms.katalon.core.main.TestSuiteExecutor.execute(TestSuiteExecutor.java:90)
	at com.kms.katalon.core.main.TestCaseMain.startTestSuite(TestCaseMain.java:157)
	at com.kms.katalon.core.main.TestCaseMain$startTestSuite$0.call(Unknown Source)
	at TempTestSuite1602352382960.run(TempTestSuite1602352382960.groovy:39)
Caused by: com.kms.katalon.core.webui.exception.WebElementNotFoundException: Web element with id: 'Object Repository/FDR-Dashboard/VouhcersTable/resumeButton' located by '//div[contains(@class,'MuiGrid-container')]/parent::div/parent::div[1]/div[1]//span[text()='Resume']' not found
	at com.kms.katalon.core.webui.common.WebUiCommonHelper.findWebElement(WebUiCommonHelper.java:1368)
	at com.kms.katalon.core.webui.keyword.internal.WebUIAbstractKeyword.findWebElement(WebUIAbstractKeyword.groovy:27)
	at com.kms.katalon.core.webui.keyword.internal.WebUIAbstractKeyword.findWebElement(WebUIAbstractKeyword.groovy:26)
	at com.kms.katalon.core.webui.keyword.builtin.ClickKeyword$_click_closure1.doCall(ClickKeyword.groovy:67)
	at com.kms.katalon.core.webui.keyword.builtin.ClickKeyword$_click_closure1.call(ClickKeyword.groovy)
	at com.kms.katalon.core.webui.keyword.internal.WebUIKeywordMain.runKeyword(WebUIKeywordMain.groovy:20)
	at com.kms.katalon.core.webui.keyword.builtin.ClickKeyword.click(ClickKeyword.groovy:76)
	at com.kms.katalon.core.webui.keyword.builtin.ClickKeyword.execute(ClickKeyword.groovy:43)
	at com.kms.katalon.core.keyword.internal.KeywordExecutor.executeKeywordForPlatform(KeywordExecutor.groovy:73)
	at com.kms.katalon.core.webui.keyword.WebUiBuiltInKeywords.click(WebUiBuiltInKeywords.groovy:617)
	at com.kms.katalon.core.webui.keyword.WebUiBuiltInKeywords$click$5.call(Unknown Source)
	at Script1601336873323.run(Script1601336873323.groovy:106)
	... 13 more
)
	at com.kms.katalon.core.keyword.internal.KeywordMain.stepFailed(KeywordMain.groovy:39)
	at com.kms.katalon.core.webui.keyword.internal.WebUIKeywordMain.stepFailed(WebUIKeywordMain.groovy:64)
	at com.kms.katalon.core.webui.keyword.internal.WebUIKeywordMain.runKeyword(WebUIKeywordMain.groovy:26)
	at com.kms.katalon.core.webui.keyword.builtin.ClickKeyword.click(ClickKeyword.groovy:76)
	at com.kms.katalon.core.webui.keyword.builtin.ClickKeyword.execute(ClickKeyword.groovy:43)
	at com.kms.katalon.core.keyword.internal.KeywordExecutor.executeKeywordForPlatform(KeywordExecutor.groovy:73)
	at com.kms.katalon.core.webui.keyword.WebUiBuiltInKeywords.click(WebUiBuiltInKeywords.groovy:617)
	at com.kms.katalon.core.webui.keyword.WebUiBuiltInKeywords$click$5.call(Unknown Source)
	at TC_5-FDR_E2E-INTEGRATED-REFERENCE-DATA-VOUCHER-FLOW.run(TC_5-FDR_E2E-INTEGRATED-REFERENCE-DATA-VOUCHER-FLOW:106)
	at com.kms.katalon.core.main.ScriptEngine.run(ScriptEngine.java:194)
	at com.kms.katalon.core.main.ScriptEngine.runScriptAsRawText(ScriptEngine.java:119)
	at com.kms.katalon.core.main.TestCaseExecutor.runScript(TestCaseExecutor.java:339)
	at com.kms.katalon.core.main.TestCaseExecutor.doExecute(TestCaseExecutor.java:330)
	at com.kms.katalon.core.main.TestCaseExecutor.processExecutionPhase(TestCaseExecutor.java:309)
	at com.kms.katalon.core.main.TestCaseExecutor.accessMainPhase(TestCaseExecutor.java:301)
	at com.kms.katalon.core.main.TestCaseExecutor.execute(TestCaseExecutor.java:235)
	at com.kms.katalon.core.main.TestSuiteExecutor.accessTestCaseMainPhase(TestSuiteExecutor.java:191)
	at com.kms.katalon.core.main.TestSuiteExecutor.accessTestSuiteMainPhase(TestSuiteExecutor.java:141)
	at com.kms.katalon.core.main.TestSuiteExecutor.execute(TestSuiteExecutor.java:90)
	at com.kms.katalon.core.main.TestCaseMain.startTestSuite(TestCaseMain.java:157)
	at com.kms.katalon.core.main.TestCaseMain$startTestSuite$0.call(Unknown Source)
	at TempTestSuite1602352382960.run(TempTestSuite1602352382960.groovy:39)
Caused by: com.kms.katalon.core.exception.StepFailedException: Unable to click on object 'Object Repository/FDR-Dashboard/VouhcersTable/resumeButton'
	... 21 more
Caused by: com.kms.katalon.core.webui.exception.WebElementNotFoundException: Web element with id: 'Object Repository/FDR-Dashboard/VouhcersTable/resumeButton' located by '//div[contains(@class,'MuiGrid-container')]/parent::div/parent::div[1]/div[1]//span[text()='Resume']' not found
	at com.kms.katalon.core.webui.common.WebUiCommonHelper.findWebElement(WebUiCommonHelper.java:1368)
	at com.kms.katalon.core.webui.keyword.internal.WebUIAbstractKeyword.findWebElement(WebUIAbstractKeyword.groovy:27)
	at com.kms.katalon.core.webui.keyword.internal.WebUIAbstractKeyword.findWebElement(WebUIAbstractKeyword.groovy:26)
	at com.kms.katalon.core.webui.keyword.builtin.ClickKeyword$_click_closure1.doCall(ClickKeyword.groovy:67)
	at com.kms.katalon.core.webui.keyword.builtin.ClickKeyword$_click_closure1.call(ClickKeyword.groovy)
	at com.kms.katalon.core.webui.keyword.internal.WebUIKeywordMain.runKeyword(WebUIKeywordMain.groovy:20)
	... 19 more
"/>
         <system-out><![CDATA[2020-10-10 11:19:58 - [TEST_CASE][FAILED] - Test Cases/FDR_E2E-REGRESSION-TESTS/TC_5-FDR_E2E-INTEGRATED-REFERENCE-DATA-VOUCHER-FLOW: Test Cases/FDR_E2E-REGRESSION-TESTS/TC_5-FDR_E2E-INTEGRATED-REFERENCE-DATA-VOUCHER-FLOW FAILED.
Reason:
com.kms.katalon.core.exception.StepFailedException: Unable to click on object 'Object Repository/FDR-Dashboard/VouhcersTable/resumeButton' (Root cause: com.kms.katalon.core.exception.StepFailedException: Unable to click on object 'Object Repository/FDR-Dashboard/VouhcersTable/resumeButton'
	at com.kms.katalon.core.webui.keyword.internal.WebUIKeywordMain.stepFailed(WebUIKeywordMain.groovy:64)
	at com.kms.katalon.core.webui.keyword.internal.WebUIKeywordMain.runKeyword(WebUIKeywordMain.groovy:26)
	at com.kms.katalon.core.webui.keyword.builtin.ClickKeyword.click(ClickKeyword.groovy:76)
	at com.kms.katalon.core.webui.keyword.builtin.ClickKeyword.execute(ClickKeyword.groovy:43)
	at com.kms.katalon.core.keyword.internal.KeywordExecutor.executeKeywordForPlatform(KeywordExecutor.groovy:73)
	at com.kms.katalon.core.webui.keyword.WebUiBuiltInKeywords.click(WebUiBuiltInKeywords.groovy:617)
	at com.kms.katalon.core.webui.keyword.WebUiBuiltInKeywords$click$5.call(Unknown Source)
	at TC_5-FDR_E2E-INTEGRATED-REFERENCE-DATA-VOUCHER-FLOW.run(TC_5-FDR_E2E-INTEGRATED-REFERENCE-DATA-VOUCHER-FLOW:106)
	at com.kms.katalon.core.main.ScriptEngine.run(ScriptEngine.java:194)
	at com.kms.katalon.core.main.ScriptEngine.runScriptAsRawText(ScriptEngine.java:119)
	at com.kms.katalon.core.main.TestCaseExecutor.runScript(TestCaseExecutor.java:339)
	at com.kms.katalon.core.main.TestCaseExecutor.doExecute(TestCaseExecutor.java:330)
	at com.kms.katalon.core.main.TestCaseExecutor.processExecutionPhase(TestCaseExecutor.java:309)
	at com.kms.katalon.core.main.TestCaseExecutor.accessMainPhase(TestCaseExecutor.java:301)
	at com.kms.katalon.core.main.TestCaseExecutor.execute(TestCaseExecutor.java:235)
	at com.kms.katalon.core.main.TestSuiteExecutor.accessTestCaseMainPhase(TestSuiteExecutor.java:191)
	at com.kms.katalon.core.main.TestSuiteExecutor.accessTestSuiteMainPhase(TestSuiteExecutor.java:141)
	at com.kms.katalon.core.main.TestSuiteExecutor.execute(TestSuiteExecutor.java:90)
	at com.kms.katalon.core.main.TestCaseMain.startTestSuite(TestCaseMain.java:157)
	at com.kms.katalon.core.main.TestCaseMain$startTestSuite$0.call(Unknown Source)
	at TempTestSuite1602352382960.run(TempTestSuite1602352382960.groovy:39)
Caused by: com.kms.katalon.core.webui.exception.WebElementNotFoundException: Web element with id: 'Object Repository/FDR-Dashboard/VouhcersTable/resumeButton' located by '//div[contains(@class,'MuiGrid-container')]/parent::div/parent::div[1]/div[1]//span[text()='Resume']' not found
	at com.kms.katalon.core.webui.common.WebUiCommonHelper.findWebElement(WebUiCommonHelper.java:1368)
	at com.kms.katalon.core.webui.keyword.internal.WebUIAbstractKeyword.findWebElement(WebUIAbstractKeyword.groovy:27)
	at com.kms.katalon.core.webui.keyword.internal.WebUIAbstractKeyword.findWebElement(WebUIAbstractKeyword.groovy:26)
	at com.kms.katalon.core.webui.keyword.builtin.ClickKeyword$_click_closure1.doCall(ClickKeyword.groovy:67)
	at com.kms.katalon.core.webui.keyword.builtin.ClickKeyword$_click_closure1.call(ClickKeyword.groovy)
	at com.kms.katalon.core.webui.keyword.internal.WebUIKeywordMain.runKeyword(WebUIKeywordMain.groovy:20)
	at com.kms.katalon.core.webui.keyword.builtin.ClickKeyword.click(ClickKeyword.groovy:76)
	at com.kms.katalon.core.webui.keyword.builtin.ClickKeyword.execute(ClickKeyword.groovy:43)
	at com.kms.katalon.core.keyword.internal.KeywordExecutor.executeKeywordForPlatform(KeywordExecutor.groovy:73)
	at com.kms.katalon.core.webui.keyword.WebUiBuiltInKeywords.click(WebUiBuiltInKeywords.groovy:617)
	at com.kms.katalon.core.webui.keyword.WebUiBuiltInKeywords$click$5.call(Unknown Source)
	at Script1601336873323.run(Script1601336873323.groovy:106)
	... 13 more
)
	at com.kms.katalon.core.keyword.internal.KeywordMain.stepFailed(KeywordMain.groovy:39)
	at com.kms.katalon.core.webui.keyword.internal.WebUIKeywordMain.stepFailed(WebUIKeywordMain.groovy:64)
	at com.kms.katalon.core.webui.keyword.internal.WebUIKeywordMain.runKeyword(WebUIKeywordMain.groovy:26)
	at com.kms.katalon.core.webui.keyword.builtin.ClickKeyword.click(ClickKeyword.groovy:76)
	at com.kms.katalon.core.webui.keyword.builtin.ClickKeyword.execute(ClickKeyword.groovy:43)
	at com.kms.katalon.core.keyword.internal.KeywordExecutor.executeKeywordForPlatform(KeywordExecutor.groovy:73)
	at com.kms.katalon.core.webui.keyword.WebUiBuiltInKeywords.click(WebUiBuiltInKeywords.groovy:617)
	at com.kms.katalon.core.webui.keyword.WebUiBuiltInKeywords$click$5.call(Unknown Source)
	at TC_5-FDR_E2E-INTEGRATED-REFERENCE-DATA-VOUCHER-FLOW.run(TC_5-FDR_E2E-INTEGRATED-REFERENCE-DATA-VOUCHER-FLOW:106)
	at com.kms.katalon.core.main.ScriptEngine.run(ScriptEngine.java:194)
	at com.kms.katalon.core.main.ScriptEngine.runScriptAsRawText(ScriptEngine.java:119)
	at com.kms.katalon.core.main.TestCaseExecutor.runScript(TestCaseExecutor.java:339)
	at com.kms.katalon.core.main.TestCaseExecutor.doExecute(TestCaseExecutor.java:330)
	at com.kms.katalon.core.main.TestCaseExecutor.processExecutionPhase(TestCaseExecutor.java:309)
	at com.kms.katalon.core.main.TestCaseExecutor.accessMainPhase(TestCaseExecutor.java:301)
	at com.kms.katalon.core.main.TestCaseExecutor.execute(TestCaseExecutor.java:235)
	at com.kms.katalon.core.main.TestSuiteExecutor.accessTestCaseMainPhase(TestSuiteExecutor.java:191)
	at com.kms.katalon.core.main.TestSuiteExecutor.accessTestSuiteMainPhase(TestSuiteExecutor.java:141)
	at com.kms.katalon.core.main.TestSuiteExecutor.execute(TestSuiteExecutor.java:90)
	at com.kms.katalon.core.main.TestCaseMain.startTestSuite(TestCaseMain.java:157)
	at com.kms.katalon.core.main.TestCaseMain$startTestSuite$0.call(Unknown Source)
	at TempTestSuite1602352382960.run(TempTestSuite1602352382960.groovy:39)
Caused by: com.kms.katalon.core.exception.StepFailedException: Unable to click on object 'Object Repository/FDR-Dashboard/VouhcersTable/resumeButton'
	... 21 more
Caused by: com.kms.katalon.core.webui.exception.WebElementNotFoundException: Web element with id: 'Object Repository/FDR-Dashboard/VouhcersTable/resumeButton' located by '//div[contains(@class,'MuiGrid-container')]/parent::div/parent::div[1]/div[1]//span[text()='Resume']' not found
	at com.kms.katalon.core.webui.common.WebUiCommonHelper.findWebElement(WebUiCommonHelper.java:1368)
	at com.kms.katalon.core.webui.keyword.internal.WebUIAbstractKeyword.findWebElement(WebUIAbstractKeyword.groovy:27)
	at com.kms.katalon.core.webui.keyword.internal.WebUIAbstractKeyword.findWebElement(WebUIAbstractKeyword.groovy:26)
	at com.kms.katalon.core.webui.keyword.builtin.ClickKeyword$_click_closure1.doCall(ClickKeyword.groovy:67)
	at com.kms.katalon.core.webui.keyword.builtin.ClickKeyword$_click_closure1.call(ClickKeyword.groovy)
	at com.kms.katalon.core.webui.keyword.internal.WebUIKeywordMain.runKeyword(WebUIKeywordMain.groovy:20)
	... 19 more


2020-10-10 11:19:58 - [TEST_STEP][PASSED] - Start listener action : sampleBeforeTestCase: null

2020-10-10 11:19:58 - [TEST_STEP][PASSED] - profileName = getExecutionProfile(): null

2020-10-10 11:19:58 - [TEST_STEP][PASSED] - switch (profileName): null

2020-10-10 11:19:58 - [TEST_STEP][PASSED] - case "superUser":: null

2020-10-10 11:19:58 - [TEST_STEP][PASSED] - return null: null

2020-10-10 11:19:58 - [TEST_STEP][PASSED] - Start listener action : beforeTestCase: null

2020-10-10 11:19:58 - [TEST_STEP][PASSED] - profileName = getExecutionProfile(): null

2020-10-10 11:19:58 - [TEST_STEP][PASSED] - if (profileName.equalsIgnoreCase("SysAdmin")): null

2020-10-10 11:19:58 - [TEST_STEP][PASSED] - Start listener action : sampleBeforeTestCase: null

2020-10-10 11:19:58 - [TEST_STEP][PASSED] - profileName = getExecutionProfile(): null

2020-10-10 11:19:58 - [TEST_STEP][PASSED] - testCaseId = testCaseContext.getTestCaseId(): null

2020-10-10 11:19:58 - [TEST_STEP][PASSED] - switch (profileName): null

2020-10-10 11:19:58 - [TEST_STEP][PASSED] - Default: null

2020-10-10 11:19:58 - [TEST_STEP][PASSED] - return null: null

2020-10-10 11:19:58 - [TEST_STEP][PASSED] - Start listener action : executeRows: null

2020-10-10 11:19:58 - [TEST_STEP][PASSED] - Datasheet = findTestData("FDR_E2E-REGRESSION-TESTS-DATA/FDR-E2E-FDR-VOUCHER-APPROVAL-DATA"): null

2020-10-10 11:19:58 - [TEST_STEP][PASSED] - commonFunctions.login(superUserAccnt, superUserPwd): Object: 'Object Repository/FDR-SignIn/SignInButton' is clicked on

2020-10-10 11:19:58 - [MESSAGE][INFO] - Starting 'Chrome' driver

2020-10-10 11:19:58 - [MESSAGE][INFO] - Action delay is set to 0 milliseconds

2020-10-10 11:20:02 - [MESSAGE][PASSED] - Browser is opened with url: 'https://fdr-katalon.cammis-mod-dev.dhcs.ca.gov'

2020-10-10 11:20:04 - [MESSAGE][PASSED] - Current window maximized

2020-10-10 11:20:04 - [MESSAGE][PASSED] - Object 'Object Repository/FDR-SignIn/SignInEmail' is present

2020-10-10 11:20:04 - [MESSAGE][PASSED] - Object: 'Object Repository/FDR-SignIn/SignInEmail' is clicked on

2020-10-10 11:20:05 - [MESSAGE][PASSED] - Object 'Object Repository/FDR-SignIn/SignInEmail' is present

2020-10-10 11:20:05 - [MESSAGE][PASSED] - Text 'fdr.test11@dhcs.ca.gov' is set on object 'Object Repository/FDR-SignIn/SignInEmail'

2020-10-10 11:20:05 - [MESSAGE][PASSED] - Object 'Object Repository/FDR-SignIn/SignInEmailNext' is visible

2020-10-10 11:20:06 - [MESSAGE][PASSED] - Object: 'Object Repository/FDR-SignIn/SignInEmailNext' is clicked on

2020-10-10 11:20:09 - [MESSAGE][PASSED] - Object 'Object Repository/FDR-SignIn/SignInEmailPassword' is visible

2020-10-10 11:20:09 - [MESSAGE][PASSED] - Object: 'Object Repository/FDR-SignIn/SignInEmailPassword' is clicked on

2020-10-10 11:20:10 - [MESSAGE][PASSED] - Text ****** has been set on object 'Object Repository/FDR-SignIn/SignInEmailPassword'

2020-10-10 11:20:11 - [MESSAGE][PASSED] - Object: 'Object Repository/FDR-SignIn/SignInButton' is clicked on

2020-10-10 11:20:11 - [TEST_STEP][PASSED] - wait = 10: null

2020-10-10 11:20:11 - [TEST_STEP][PASSED] - waitForElementPresent(findTestObject("FDR-Dashboard/createNewVoucherButton"), 10): Object 'Object Repository/FDR-Dashboard/createNewVoucherButton' is not present after 10 second(s)

2020-10-10 11:20:23 - [MESSAGE][INFO] - Unable to find the element located by 'By.xpath: //*[@data-id='button-link']//*[contains(text(),'Create New Voucher')]'. Please recheck the objects properties to make sure the desired element is located. 

2020-10-10 11:20:23 - [MESSAGE][WARNING] - Object 'Object Repository/FDR-Dashboard/createNewVoucherButton' is not present after 10 second(s)

2020-10-10 11:20:23 - [TEST_STEP][PASSED] - click(findTestObject("Object Repository/FDR-System-Admin/SysAdmin-Dashboard/maintainReferenceDataBtn")): Object: 'Object Repository/FDR-System-Admin/SysAdmin-Dashboard/maintainReferenceDataBtn' is clicked on

2020-10-10 11:20:23 - [MESSAGE][PASSED] - Object: 'Object Repository/FDR-System-Admin/SysAdmin-Dashboard/maintainReferenceDataBtn' is clicked on

2020-10-10 11:20:23 - [TEST_STEP][PASSED] - click(findTestObject("Object Repository/FDR-System-Admin/FDR-ReferencePage/reference-data")): Object: 'Object Repository/FDR-System-Admin/FDR-ReferencePage/reference-data' is clicked on

2020-10-10 11:20:23 - [MESSAGE][PASSED] - Object: 'Object Repository/FDR-System-Admin/FDR-ReferencePage/reference-data' is clicked on

2020-10-10 11:20:23 - [TEST_STEP][PASSED] - setText(findTestObject("Object Repository/FDR-System-Admin/FDR-ReferencePage/referenceDataNameInput"), "Account"): Text 'Account' is set on object 'Object Repository/FDR-System-Admin/FDR-ReferencePage/referenceDataNameInput'

2020-10-10 11:20:24 - [MESSAGE][PASSED] - Text 'Account' is set on object 'Object Repository/FDR-System-Admin/FDR-ReferencePage/referenceDataNameInput'

2020-10-10 11:20:24 - [TEST_STEP][PASSED] - click(findTestObject("Object Repository/FDR-System-Admin/FDR-ReferencePage/accountReference/accountDetail/accountRefClick")): Object: 'Object Repository/FDR-System-Admin/FDR-ReferencePage/accountReference/accountDetail/accountRefClick' is clicked on

2020-10-10 11:20:25 - [MESSAGE][PASSED] - Object: 'Object Repository/FDR-System-Admin/FDR-ReferencePage/accountReference/accountDetail/accountRefClick' is clicked on

2020-10-10 11:20:25 - [TEST_STEP][PASSED] - waitForElementPresent(findTestObject("FDR-System-Admin/FDR-Add-Account/addAccountbtn"), wait): Object 'Object Repository/FDR-System-Admin/FDR-Add-Account/addAccountbtn' is present

2020-10-10 11:20:25 - [MESSAGE][PASSED] - Object 'Object Repository/FDR-System-Admin/FDR-Add-Account/addAccountbtn' is present

2020-10-10 11:20:25 - [TEST_STEP][PASSED] - click(findTestObject("FDR-System-Admin/FDR-Add-Account/addAccountbtn")): Object: 'Object Repository/FDR-System-Admin/FDR-Add-Account/addAccountbtn' is clicked on

2020-10-10 11:20:26 - [MESSAGE][PASSED] - Object: 'Object Repository/FDR-System-Admin/FDR-Add-Account/addAccountbtn' is clicked on

2020-10-10 11:20:26 - [TEST_STEP][PASSED] - waitForElementPresent(findTestObject("FDR-System-Admin/FDR-Add-Account/accountCode"), wait): Object 'Object Repository/FDR-System-Admin/FDR-Add-Account/accountCode' is present

2020-10-10 11:20:26 - [MESSAGE][PASSED] - Object 'Object Repository/FDR-System-Admin/FDR-Add-Account/accountCode' is present

2020-10-10 11:20:26 - [TEST_STEP][PASSED] - accountCode = RandomStringUtils.randomNumeric(7): null

2020-10-10 11:20:26 - [TEST_STEP][PASSED] - setText(findTestObject("FDR-System-Admin/FDR-Add-Account/accountCode"), accountCode): Text '8338284' is set on object 'Object Repository/FDR-System-Admin/FDR-Add-Account/accountCode'

2020-10-10 11:20:27 - [MESSAGE][PASSED] - Text '8338284' is set on object 'Object Repository/FDR-System-Admin/FDR-Add-Account/accountCode'

2020-10-10 11:20:27 - [TEST_STEP][PASSED] - waitForElementPresent(findTestObject("FDR-System-Admin/FDR-Add-Account/accountName"), wait): Object 'Object Repository/FDR-System-Admin/FDR-Add-Account/accountName' is present

2020-10-10 11:20:27 - [MESSAGE][PASSED] - Object 'Object Repository/FDR-System-Admin/FDR-Add-Account/accountName' is present

2020-10-10 11:20:27 - [TEST_STEP][PASSED] - accountName = RandomStringUtils.randomAlphabetic(10): null

2020-10-10 11:20:27 - [TEST_STEP][PASSED] - setText(findTestObject("FDR-System-Admin/FDR-Add-Account/accountName"), accountName): Text 'CLpNLKbzrO' is set on object 'Object Repository/FDR-System-Admin/FDR-Add-Account/accountName'

2020-10-10 11:20:28 - [MESSAGE][PASSED] - Text 'CLpNLKbzrO' is set on object 'Object Repository/FDR-System-Admin/FDR-Add-Account/accountName'

2020-10-10 11:20:28 - [TEST_STEP][PASSED] - waitForElementPresent(findTestObject("FDR-System-Admin/FDR-Add-Account/addAccountConfirmbtn"), wait): Object 'Object Repository/FDR-System-Admin/FDR-Add-Account/addAccountConfirmbtn' is present

2020-10-10 11:20:29 - [MESSAGE][PASSED] - Object 'Object Repository/FDR-System-Admin/FDR-Add-Account/addAccountConfirmbtn' is present

2020-10-10 11:20:29 - [TEST_STEP][PASSED] - click(findTestObject("FDR-System-Admin/FDR-Add-Account/addAccountConfirmbtn")): Object: 'Object Repository/FDR-System-Admin/FDR-Add-Account/addAccountConfirmbtn' is clicked on

2020-10-10 11:20:29 - [MESSAGE][PASSED] - Object: 'Object Repository/FDR-System-Admin/FDR-Add-Account/addAccountConfirmbtn' is clicked on

2020-10-10 11:20:29 - [TEST_STEP][PASSED] - click(findTestObject("Object Repository/FDR-Dashboard/appLogo")): Object: 'Object Repository/FDR-Dashboard/appLogo' is clicked on

2020-10-10 11:20:30 - [MESSAGE][PASSED] - Object: 'Object Repository/FDR-Dashboard/appLogo' is clicked on

2020-10-10 11:20:30 - [TEST_STEP][PASSED] - waitForElementPresent(findTestObject("FDR-Dashboard/createNewVoucherButton"), 10): Object 'Object Repository/FDR-Dashboard/createNewVoucherButton' is not present after 10 second(s)

2020-10-10 11:20:41 - [MESSAGE][INFO] - Unable to find the element located by 'By.xpath: //*[@data-id='button-link']//*[contains(text(),'Create New Voucher')]'. Please recheck the objects properties to make sure the desired element is located. 

2020-10-10 11:20:41 - [MESSAGE][WARNING] - Object 'Object Repository/FDR-Dashboard/createNewVoucherButton' is not present after 10 second(s)

2020-10-10 11:20:41 - [TEST_STEP][PASSED] - click(findTestObject("Object Repository/FDR-System-Admin/SysAdmin-Dashboard/maintainReferenceDataBtn")): Object: 'Object Repository/FDR-System-Admin/SysAdmin-Dashboard/maintainReferenceDataBtn' is clicked on

2020-10-10 11:20:41 - [MESSAGE][PASSED] - Object: 'Object Repository/FDR-System-Admin/SysAdmin-Dashboard/maintainReferenceDataBtn' is clicked on

2020-10-10 11:20:41 - [TEST_STEP][PASSED] - setText(findTestObject("FDR-System-Admin/FDR-ReferencePage/referenceDataNameInput"), "alt account"): Text 'alt account' is set on object 'Object Repository/FDR-System-Admin/FDR-ReferencePage/referenceDataNameInput'

2020-10-10 11:20:42 - [MESSAGE][PASSED] - Text 'alt account' is set on object 'Object Repository/FDR-System-Admin/FDR-ReferencePage/referenceDataNameInput'

2020-10-10 11:20:42 - [TEST_STEP][PASSED] - click(findTestObject("FDR-System-Admin/FDR-ReferencePage/altAccountReference/altAccountReview/altAccount")): Object: 'Object Repository/FDR-System-Admin/FDR-ReferencePage/altAccountReference/altAccountReview/altAccount' is clicked on

2020-10-10 11:20:43 - [MESSAGE][PASSED] - Object: 'Object Repository/FDR-System-Admin/FDR-ReferencePage/altAccountReference/altAccountReview/altAccount' is clicked on

2020-10-10 11:20:43 - [TEST_STEP][PASSED] - waitForElementPresent(findTestObject("FDR-System-Admin/FDR-Add-AltAccount/addAltAccountBtn"), 10): Object 'Object Repository/FDR-System-Admin/FDR-Add-AltAccount/addAltAccountBtn' is present

2020-10-10 11:20:43 - [MESSAGE][PASSED] - Object 'Object Repository/FDR-System-Admin/FDR-Add-AltAccount/addAltAccountBtn' is present

2020-10-10 11:20:43 - [TEST_STEP][PASSED] - click(findTestObject("FDR-System-Admin/FDR-Add-AltAccount/addAltAccountBtn")): Object: 'Object Repository/FDR-System-Admin/FDR-Add-AltAccount/addAltAccountBtn' is clicked on

2020-10-10 11:20:44 - [MESSAGE][PASSED] - Object: 'Object Repository/FDR-System-Admin/FDR-Add-AltAccount/addAltAccountBtn' is clicked on

2020-10-10 11:20:44 - [TEST_STEP][PASSED] - altAccountCode = RandomStringUtils.randomNumeric(10): null

2020-10-10 11:20:44 - [TEST_STEP][PASSED] - altAccountName = RandomStringUtils.randomAlphabetic(10): null

2020-10-10 11:20:44 - [TEST_STEP][PASSED] - waitForElementPresent(findTestObject("FDR-System-Admin/FDR-Add-AltAccount/altAccountCode"), 10): Object 'Object Repository/FDR-System-Admin/FDR-Add-AltAccount/altAccountCode' is present

2020-10-10 11:20:44 - [MESSAGE][PASSED] - Object 'Object Repository/FDR-System-Admin/FDR-Add-AltAccount/altAccountCode' is present

2020-10-10 11:20:44 - [TEST_STEP][PASSED] - setText(findTestObject("FDR-System-Admin/FDR-Add-AltAccount/altAccountCode"), altAccountCode): Text '0379522871' is set on object 'Object Repository/FDR-System-Admin/FDR-Add-AltAccount/altAccountCode'

2020-10-10 11:20:45 - [MESSAGE][PASSED] - Text '0379522871' is set on object 'Object Repository/FDR-System-Admin/FDR-Add-AltAccount/altAccountCode'

2020-10-10 11:20:45 - [TEST_STEP][PASSED] - waitForElementPresent(findTestObject("FDR-System-Admin/FDR-Add-AltAccount/altAccountName"), 10): Object 'Object Repository/FDR-System-Admin/FDR-Add-AltAccount/altAccountName' is present

2020-10-10 11:20:45 - [MESSAGE][PASSED] - Object 'Object Repository/FDR-System-Admin/FDR-Add-AltAccount/altAccountName' is present

2020-10-10 11:20:45 - [TEST_STEP][PASSED] - setText(findTestObject("FDR-System-Admin/FDR-Add-AltAccount/altAccountName"), altAccountName): Text 'ULaWTsTuyr' is set on object 'Object Repository/FDR-System-Admin/FDR-Add-AltAccount/altAccountName'

2020-10-10 11:20:46 - [MESSAGE][PASSED] - Text 'ULaWTsTuyr' is set on object 'Object Repository/FDR-System-Admin/FDR-Add-AltAccount/altAccountName'

2020-10-10 11:20:46 - [TEST_STEP][PASSED] - waitForElementPresent(findTestObject("FDR-System-Admin/FDR-Add-AltAccount/accountName"), 10): Object 'Object Repository/FDR-System-Admin/FDR-Add-AltAccount/accountName' is present

2020-10-10 11:20:46 - [MESSAGE][PASSED] - Object 'Object Repository/FDR-System-Admin/FDR-Add-AltAccount/accountName' is present

2020-10-10 11:20:46 - [TEST_STEP][PASSED] - waitForElementPresent(findTestObject("FDR-System-Admin/FDR-Add-AltAccount/accountName"), 10): Object 'Object Repository/FDR-System-Admin/FDR-Add-AltAccount/accountName' is present

2020-10-10 11:20:47 - [MESSAGE][PASSED] - Object 'Object Repository/FDR-System-Admin/FDR-Add-AltAccount/accountName' is present

2020-10-10 11:20:47 - [TEST_STEP][PASSED] - click(findTestObject("FDR-System-Admin/FDR-Add-AltAccount/accountName")): Object: 'Object Repository/FDR-System-Admin/FDR-Add-AltAccount/accountName' is clicked on

2020-10-10 11:20:47 - [MESSAGE][PASSED] - Object: 'Object Repository/FDR-System-Admin/FDR-Add-AltAccount/accountName' is clicked on

2020-10-10 11:20:47 - [TEST_STEP][PASSED] - setText(findTestObject("FDR-System-Admin/FDR-Add-AltAccount/accountName"), accountName): Text 'CLpNLKbzrO' is set on object 'Object Repository/FDR-System-Admin/FDR-Add-AltAccount/accountName'

2020-10-10 11:20:48 - [MESSAGE][PASSED] - Text 'CLpNLKbzrO' is set on object 'Object Repository/FDR-System-Admin/FDR-Add-AltAccount/accountName'

2020-10-10 11:20:48 - [TEST_STEP][PASSED] - waitForElementPresent(findTestObject("Object Repository/FDR-System-Admin/FDR-Add-AltAccount/accountNameOption"), 10): Object 'Object Repository/FDR-System-Admin/FDR-Add-AltAccount/accountNameOption' is present

2020-10-10 11:20:48 - [MESSAGE][PASSED] - Object 'Object Repository/FDR-System-Admin/FDR-Add-AltAccount/accountNameOption' is present

2020-10-10 11:20:48 - [TEST_STEP][PASSED] - click(findTestObject("Object Repository/FDR-System-Admin/FDR-Add-AltAccount/accountNameOption")): Object: 'Object Repository/FDR-System-Admin/FDR-Add-AltAccount/accountNameOption' is clicked on

2020-10-10 11:20:49 - [MESSAGE][PASSED] - Object: 'Object Repository/FDR-System-Admin/FDR-Add-AltAccount/accountNameOption' is clicked on

2020-10-10 11:20:49 - [TEST_STEP][PASSED] - waitForElementPresent(findTestObject("FDR-System-Admin/FDR-Add-AltAccount/confirmAltAccountBtn"), 10): Object 'Object Repository/FDR-System-Admin/FDR-Add-AltAccount/confirmAltAccountBtn' is present

2020-10-10 11:20:49 - [MESSAGE][PASSED] - Object 'Object Repository/FDR-System-Admin/FDR-Add-AltAccount/confirmAltAccountBtn' is present

2020-10-10 11:20:49 - [TEST_STEP][PASSED] - click(findTestObject("FDR-System-Admin/FDR-Add-AltAccount/confirmAltAccountBtn")): Object: 'Object Repository/FDR-System-Admin/FDR-Add-AltAccount/confirmAltAccountBtn' is clicked on

2020-10-10 11:20:49 - [MESSAGE][PASSED] - Object: 'Object Repository/FDR-System-Admin/FDR-Add-AltAccount/confirmAltAccountBtn' is clicked on

2020-10-10 11:20:49 - [TEST_STEP][PASSED] - commonFunctions.selectRole("accountsPayableProcessor"): Object 'Object Repository/FDR-VoucherEntry/VoucherHeader/reviewButton' is not present after 2 second(s)

2020-10-10 11:20:53 - [MESSAGE][INFO] - Unable to find the element located by 'By.xpath: //*[text()='Review']//parent::button[@data-id='action-button']'. Please recheck the objects properties to make sure the desired element is located. 

2020-10-10 11:20:53 - [MESSAGE][WARNING] - Object 'Object Repository/FDR-VoucherEntry/VoucherHeader/reviewButton' is not present after 2 second(s)

2020-10-10 11:20:53 - [MESSAGE][PASSED] - Object: 'Object Repository/FDR-SuperUser-Dashboard/userExpandButton' is clicked on

2020-10-10 11:20:56 - [MESSAGE][INFO] - Unable to find the element located by 'By.xpath: //*[text()='Review']//parent::button[@data-id='action-button']'. Please recheck the objects properties to make sure the desired element is located. 

2020-10-10 11:20:56 - [MESSAGE][WARNING] - Object 'Object Repository/FDR-VoucherEntry/VoucherHeader/reviewButton' is not present after 2 second(s)

2020-10-10 11:20:57 - [MESSAGE][PASSED] - Object: 'Object Repository/FDR-SuperUser-Dashboard/accountsPayableProcessor' is clicked on

2020-10-10 11:21:00 - [MESSAGE][INFO] - Unable to find the element located by 'By.xpath: //*[text()='Review']//parent::button[@data-id='action-button']'. Please recheck the objects properties to make sure the desired element is located. 

2020-10-10 11:21:00 - [MESSAGE][WARNING] - Object 'Object Repository/FDR-VoucherEntry/VoucherHeader/reviewButton' is not present after 2 second(s)

2020-10-10 11:21:00 - [TEST_STEP][PASSED] - click(findTestObject("FDR-Dashboard/Filters/fixFilterButton")): Object: 'Object Repository/FDR-Dashboard/Filters/fixFilterButton' is clicked on

2020-10-10 11:21:00 - [MESSAGE][PASSED] - Object: 'Object Repository/FDR-Dashboard/Filters/fixFilterButton' is clicked on

2020-10-10 11:21:00 - [TEST_STEP][PASSED] - click(findTestObject("Object Repository/FDR-Dashboard/Filters/resumeFilterButton")): Object: 'Object Repository/FDR-Dashboard/Filters/resumeFilterButton' is clicked on

2020-10-10 11:21:01 - [MESSAGE][PASSED] - Object: 'Object Repository/FDR-Dashboard/Filters/resumeFilterButton' is clicked on

2020-10-10 11:21:01 - [TEST_STEP][PASSED] - waitForElementPresent(findTestObject("FDR-Dashboard/createNewVoucherButton"), 10): Object 'Object Repository/FDR-Dashboard/createNewVoucherButton' is present

2020-10-10 11:21:02 - [MESSAGE][PASSED] - Object 'Object Repository/FDR-Dashboard/createNewVoucherButton' is present

2020-10-10 11:21:02 - [TEST_STEP][PASSED] - if (waitForElementPresent(findTestObject("FDR-Dashboard/VouhcersTable/fixButton"), 10)): Object 'Object Repository/FDR-Dashboard/VouhcersTable/fixButton' is not present after 10 second(s)

2020-10-10 11:21:13 - [MESSAGE][INFO] - Unable to find the element located by 'By.xpath: //*[text()='Fix']'. Please recheck the objects properties to make sure the desired element is located. 

2020-10-10 11:21:13 - [MESSAGE][WARNING] - Object 'Object Repository/FDR-Dashboard/VouhcersTable/fixButton' is not present after 10 second(s)

2020-10-10 11:21:13 - [TEST_STEP][FAILED] - else: Unable to click on object 'Object Repository/FDR-Dashboard/VouhcersTable/resumeButton' (Root cause: com.kms.katalon.core.exception.StepFailedException: Unable to click on object 'Object Repository/FDR-Dashboard/VouhcersTable/resumeButton'
	at com.kms.katalon.core.webui.keyword.internal.WebUIKeywordMain.stepFailed(WebUIKeywordMain.groovy:64)
	at com.kms.katalon.core.webui.keyword.internal.WebUIKeywordMain.runKeyword(WebUIKeywordMain.groovy:26)
	at com.kms.katalon.core.webui.keyword.builtin.ClickKeyword.click(ClickKeyword.groovy:76)
	at com.kms.katalon.core.webui.keyword.builtin.ClickKeyword.execute(ClickKeyword.groovy:43)
	at com.kms.katalon.core.keyword.internal.KeywordExecutor.executeKeywordForPlatform(KeywordExecutor.groovy:73)
	at com.kms.katalon.core.webui.keyword.WebUiBuiltInKeywords.click(WebUiBuiltInKeywords.groovy:617)
	at com.kms.katalon.core.webui.keyword.WebUiBuiltInKeywords$click$5.call(Unknown Source)
	at TC_5-FDR_E2E-INTEGRATED-REFERENCE-DATA-VOUCHER-FLOW.run(TC_5-FDR_E2E-INTEGRATED-REFERENCE-DATA-VOUCHER-FLOW:106)
	at com.kms.katalon.core.main.ScriptEngine.run(ScriptEngine.java:194)
	at com.kms.katalon.core.main.ScriptEngine.runScriptAsRawText(ScriptEngine.java:119)
	at com.kms.katalon.core.main.TestCaseExecutor.runScript(TestCaseExecutor.java:339)
	at com.kms.katalon.core.main.TestCaseExecutor.doExecute(TestCaseExecutor.java:330)
	at com.kms.katalon.core.main.TestCaseExecutor.processExecutionPhase(TestCaseExecutor.java:309)
	at com.kms.katalon.core.main.TestCaseExecutor.accessMainPhase(TestCaseExecutor.java:301)
	at com.kms.katalon.core.main.TestCaseExecutor.execute(TestCaseExecutor.java:235)
	at com.kms.katalon.core.main.TestSuiteExecutor.accessTestCaseMainPhase(TestSuiteExecutor.java:191)
	at com.kms.katalon.core.main.TestSuiteExecutor.accessTestSuiteMainPhase(TestSuiteExecutor.java:141)
	at com.kms.katalon.core.main.TestSuiteExecutor.execute(TestSuiteExecutor.java:90)
	at com.kms.katalon.core.main.TestCaseMain.startTestSuite(TestCaseMain.java:157)
	at com.kms.katalon.core.main.TestCaseMain$startTestSuite$0.call(Unknown Source)
	at TempTestSuite1602352382960.run(TempTestSuite1602352382960.groovy:39)
Caused by: com.kms.katalon.core.webui.exception.WebElementNotFoundException: Web element with id: 'Object Repository/FDR-Dashboard/VouhcersTable/resumeButton' located by '//div[contains(@class,'MuiGrid-container')]/parent::div/parent::div[1]/div[1]//span[text()='Resume']' not found
	at com.kms.katalon.core.webui.common.WebUiCommonHelper.findWebElement(WebUiCommonHelper.java:1368)
	at com.kms.katalon.core.webui.keyword.internal.WebUIAbstractKeyword.findWebElement(WebUIAbstractKeyword.groovy:27)
	at com.kms.katalon.core.webui.keyword.internal.WebUIAbstractKeyword.findWebElement(WebUIAbstractKeyword.groovy:26)
	at com.kms.katalon.core.webui.keyword.builtin.ClickKeyword$_click_closure1.doCall(ClickKeyword.groovy:67)
	at com.kms.katalon.core.webui.keyword.builtin.ClickKeyword$_click_closure1.call(ClickKeyword.groovy)
	at com.kms.katalon.core.webui.keyword.internal.WebUIKeywordMain.runKeyword(WebUIKeywordMain.groovy:20)
	at com.kms.katalon.core.webui.keyword.builtin.ClickKeyword.click(ClickKeyword.groovy:76)
	at com.kms.katalon.core.webui.keyword.builtin.ClickKeyword.execute(ClickKeyword.groovy:43)
	at com.kms.katalon.core.keyword.internal.KeywordExecutor.executeKeywordForPlatform(KeywordExecutor.groovy:73)
	at com.kms.katalon.core.webui.keyword.WebUiBuiltInKeywords.click(WebUiBuiltInKeywords.groovy:617)
	at com.kms.katalon.core.webui.keyword.WebUiBuiltInKeywords$click$5.call(Unknown Source)
	at Script1601336873323.run(Script1601336873323.groovy:106)
	... 13 more
)

2020-10-10 11:21:13 - [TEST_STEP][PASSED] - waitForElementPresent(findTestObject("FDR-Dashboard/VouhcersTable/fixButton"), 10): Object 'Object Repository/FDR-Dashboard/VouhcersTable/fixButton' is not present after 10 second(s)

2020-10-10 11:21:24 - [MESSAGE][INFO] - Unable to find the element located by 'By.xpath: //*[text()='Fix']'. Please recheck the objects properties to make sure the desired element is located. 

2020-10-10 11:21:24 - [MESSAGE][WARNING] - Object 'Object Repository/FDR-Dashboard/VouhcersTable/fixButton' is not present after 10 second(s)

2020-10-10 11:21:24 - [TEST_STEP][FAILED] - click(findTestObject("Object Repository/FDR-Dashboard/VouhcersTable/resumeButton")): Unable to click on object 'Object Repository/FDR-Dashboard/VouhcersTable/resumeButton' (Root cause: com.kms.katalon.core.exception.StepFailedException: Unable to click on object 'Object Repository/FDR-Dashboard/VouhcersTable/resumeButton'
	at com.kms.katalon.core.webui.keyword.internal.WebUIKeywordMain.stepFailed(WebUIKeywordMain.groovy:64)
	at com.kms.katalon.core.webui.keyword.internal.WebUIKeywordMain.runKeyword(WebUIKeywordMain.groovy:26)
	at com.kms.katalon.core.webui.keyword.builtin.ClickKeyword.click(ClickKeyword.groovy:76)
	at com.kms.katalon.core.webui.keyword.builtin.ClickKeyword.execute(ClickKeyword.groovy:43)
	at com.kms.katalon.core.keyword.internal.KeywordExecutor.executeKeywordForPlatform(KeywordExecutor.groovy:73)
	at com.kms.katalon.core.webui.keyword.WebUiBuiltInKeywords.click(WebUiBuiltInKeywords.groovy:617)
	at com.kms.katalon.core.webui.keyword.WebUiBuiltInKeywords$click$5.call(Unknown Source)
	at TC_5-FDR_E2E-INTEGRATED-REFERENCE-DATA-VOUCHER-FLOW.run(TC_5-FDR_E2E-INTEGRATED-REFERENCE-DATA-VOUCHER-FLOW:106)
	at com.kms.katalon.core.main.ScriptEngine.run(ScriptEngine.java:194)
	at com.kms.katalon.core.main.ScriptEngine.runScriptAsRawText(ScriptEngine.java:119)
	at com.kms.katalon.core.main.TestCaseExecutor.runScript(TestCaseExecutor.java:339)
	at com.kms.katalon.core.main.TestCaseExecutor.doExecute(TestCaseExecutor.java:330)
	at com.kms.katalon.core.main.TestCaseExecutor.processExecutionPhase(TestCaseExecutor.java:309)
	at com.kms.katalon.core.main.TestCaseExecutor.accessMainPhase(TestCaseExecutor.java:301)
	at com.kms.katalon.core.main.TestCaseExecutor.execute(TestCaseExecutor.java:235)
	at com.kms.katalon.core.main.TestSuiteExecutor.accessTestCaseMainPhase(TestSuiteExecutor.java:191)
	at com.kms.katalon.core.main.TestSuiteExecutor.accessTestSuiteMainPhase(TestSuiteExecutor.java:141)
	at com.kms.katalon.core.main.TestSuiteExecutor.execute(TestSuiteExecutor.java:90)
	at com.kms.katalon.core.main.TestCaseMain.startTestSuite(TestCaseMain.java:157)
	at com.kms.katalon.core.main.TestCaseMain$startTestSuite$0.call(Unknown Source)
	at TempTestSuite1602352382960.run(TempTestSuite1602352382960.groovy:39)
Caused by: com.kms.katalon.core.webui.exception.WebElementNotFoundException: Web element with id: 'Object Repository/FDR-Dashboard/VouhcersTable/resumeButton' located by '//div[contains(@class,'MuiGrid-container')]/parent::div/parent::div[1]/div[1]//span[text()='Resume']' not found
	at com.kms.katalon.core.webui.common.WebUiCommonHelper.findWebElement(WebUiCommonHelper.java:1368)
	at com.kms.katalon.core.webui.keyword.internal.WebUIAbstractKeyword.findWebElement(WebUIAbstractKeyword.groovy:27)
	at com.kms.katalon.core.webui.keyword.internal.WebUIAbstractKeyword.findWebElement(WebUIAbstractKeyword.groovy:26)
	at com.kms.katalon.core.webui.keyword.builtin.ClickKeyword$_click_closure1.doCall(ClickKeyword.groovy:67)
	at com.kms.katalon.core.webui.keyword.builtin.ClickKeyword$_click_closure1.call(ClickKeyword.groovy)
	at com.kms.katalon.core.webui.keyword.internal.WebUIKeywordMain.runKeyword(WebUIKeywordMain.groovy:20)
	at com.kms.katalon.core.webui.keyword.builtin.ClickKeyword.click(ClickKeyword.groovy:76)
	at com.kms.katalon.core.webui.keyword.builtin.ClickKeyword.execute(ClickKeyword.groovy:43)
	at com.kms.katalon.core.keyword.internal.KeywordExecutor.executeKeywordForPlatform(KeywordExecutor.groovy:73)
	at com.kms.katalon.core.webui.keyword.WebUiBuiltInKeywords.click(WebUiBuiltInKeywords.groovy:617)
	at com.kms.katalon.core.webui.keyword.WebUiBuiltInKeywords$click$5.call(Unknown Source)
	at Script1601336873323.run(Script1601336873323.groovy:106)
	... 13 more
)

2020-10-10 11:21:29 - [MESSAGE][INFO] - Unable to find the element located by 'By.xpath: //div[contains(@class,'MuiGrid-container')]/parent::div/parent::div[1]/div[1]//span[text()='Resume']'. Please recheck the objects properties to make sure the desired element is located. 

2020-10-10 11:21:29 - [MESSAGE][FAILED] - Unable to click on object 'Object Repository/FDR-Dashboard/VouhcersTable/resumeButton' (Root cause: com.kms.katalon.core.exception.StepFailedException: Unable to click on object 'Object Repository/FDR-Dashboard/VouhcersTable/resumeButton'
	at com.kms.katalon.core.webui.keyword.internal.WebUIKeywordMain.stepFailed(WebUIKeywordMain.groovy:64)
	at com.kms.katalon.core.webui.keyword.internal.WebUIKeywordMain.runKeyword(WebUIKeywordMain.groovy:26)
	at com.kms.katalon.core.webui.keyword.builtin.ClickKeyword.click(ClickKeyword.groovy:76)
	at com.kms.katalon.core.webui.keyword.builtin.ClickKeyword.execute(ClickKeyword.groovy:43)
	at com.kms.katalon.core.keyword.internal.KeywordExecutor.executeKeywordForPlatform(KeywordExecutor.groovy:73)
	at com.kms.katalon.core.webui.keyword.WebUiBuiltInKeywords.click(WebUiBuiltInKeywords.groovy:617)
	at com.kms.katalon.core.webui.keyword.WebUiBuiltInKeywords$click$5.call(Unknown Source)
	at TC_5-FDR_E2E-INTEGRATED-REFERENCE-DATA-VOUCHER-FLOW.run(TC_5-FDR_E2E-INTEGRATED-REFERENCE-DATA-VOUCHER-FLOW:106)
	at com.kms.katalon.core.main.ScriptEngine.run(ScriptEngine.java:194)
	at com.kms.katalon.core.main.ScriptEngine.runScriptAsRawText(ScriptEngine.java:119)
	at com.kms.katalon.core.main.TestCaseExecutor.runScript(TestCaseExecutor.java:339)
	at com.kms.katalon.core.main.TestCaseExecutor.doExecute(TestCaseExecutor.java:330)
	at com.kms.katalon.core.main.TestCaseExecutor.processExecutionPhase(TestCaseExecutor.java:309)
	at com.kms.katalon.core.main.TestCaseExecutor.accessMainPhase(TestCaseExecutor.java:301)
	at com.kms.katalon.core.main.TestCaseExecutor.execute(TestCaseExecutor.java:235)
	at com.kms.katalon.core.main.TestSuiteExecutor.accessTestCaseMainPhase(TestSuiteExecutor.java:191)
	at com.kms.katalon.core.main.TestSuiteExecutor.accessTestSuiteMainPhase(TestSuiteExecutor.java:141)
	at com.kms.katalon.core.main.TestSuiteExecutor.execute(TestSuiteExecutor.java:90)
	at com.kms.katalon.core.main.TestCaseMain.startTestSuite(TestCaseMain.java:157)
	at com.kms.katalon.core.main.TestCaseMain$startTestSuite$0.call(Unknown Source)
	at TempTestSuite1602352382960.run(TempTestSuite1602352382960.groovy:39)
Caused by: com.kms.katalon.core.webui.exception.WebElementNotFoundException: Web element with id: 'Object Repository/FDR-Dashboard/VouhcersTable/resumeButton' located by '//div[contains(@class,'MuiGrid-container')]/parent::div/parent::div[1]/div[1]//span[text()='Resume']' not found
	at com.kms.katalon.core.webui.common.WebUiCommonHelper.findWebElement(WebUiCommonHelper.java:1368)
	at com.kms.katalon.core.webui.keyword.internal.WebUIAbstractKeyword.findWebElement(WebUIAbstractKeyword.groovy:27)
	at com.kms.katalon.core.webui.keyword.internal.WebUIAbstractKeyword.findWebElement(WebUIAbstractKeyword.groovy:26)
	at com.kms.katalon.core.webui.keyword.builtin.ClickKeyword$_click_closure1.doCall(ClickKeyword.groovy:67)
	at com.kms.katalon.core.webui.keyword.builtin.ClickKeyword$_click_closure1.call(ClickKeyword.groovy)
	at com.kms.katalon.core.webui.keyword.internal.WebUIKeywordMain.runKeyword(WebUIKeywordMain.groovy:20)
	at com.kms.katalon.core.webui.keyword.builtin.ClickKeyword.click(ClickKeyword.groovy:76)
	at com.kms.katalon.core.webui.keyword.builtin.ClickKeyword.execute(ClickKeyword.groovy:43)
	at com.kms.katalon.core.keyword.internal.KeywordExecutor.executeKeywordForPlatform(KeywordExecutor.groovy:73)
	at com.kms.katalon.core.webui.keyword.WebUiBuiltInKeywords.click(WebUiBuiltInKeywords.groovy:617)
	at com.kms.katalon.core.webui.keyword.WebUiBuiltInKeywords$click$5.call(Unknown Source)
	at Script1601336873323.run(Script1601336873323.groovy:106)
	... 13 more
)
[[ATTACHMENT|C:\\My_GitHub_Regression_working\\FDR-Katalon-Regression\\Reports\\20201010_105302\\FDR_E2E-REGRESSION-TESTS\\20201010_105302\\1602354089160.png]]

2020-10-10 11:21:29 - [TEST_STEP][PASSED] - waitForElementPresent(findTestObject("FDR-Dashboard/createNewVoucherButton"), 10): Object 'Object Repository/FDR-Dashboard/createNewVoucherButton' is not present after 10 second(s)

2020-10-10 11:21:40 - [MESSAGE][INFO] - Unable to find the element located by 'By.xpath: //*[@data-id='button-link']//*[contains(text(),'Create New Voucher')]'. Please recheck the objects properties to make sure the desired element is located. 

2020-10-10 11:21:40 - [MESSAGE][WARNING] - Object 'Object Repository/FDR-Dashboard/createNewVoucherButton' is not present after 10 second(s)

2020-10-10 11:21:40 - [TEST_STEP][PASSED] - click(findTestObject("FDR-VoucherEntry/InvoiceLine/invoiceLineExpandButton")): Object: 'Object Repository/FDR-VoucherEntry/InvoiceLine/invoiceLineExpandButton' is clicked on

2020-10-10 11:21:40 - [MESSAGE][PASSED] - Object: 'Object Repository/FDR-VoucherEntry/InvoiceLine/invoiceLineExpandButton' is clicked on

2020-10-10 11:21:40 - [TEST_STEP][PASSED] - waitForElementVisible(findTestObject("FDR-EditVoucher/DLHover"), 10): Web element with id: 'Object Repository/FDR-EditVoucher/DLHover' located by '//*[@data-id='line-grid'] //parent::*//div//*[@aria-label='more']' not found

2020-10-10 11:21:52 - [MESSAGE][INFO] - Unable to find the element located by 'By.xpath: //*[@data-id='line-grid'] //parent::*//div//*[@aria-label='more']'. Please recheck the objects properties to make sure the desired element is located. 

2020-10-10 11:21:52 - [MESSAGE][WARNING] - Web element with id: 'Object Repository/FDR-EditVoucher/DLHover' located by '//*[@data-id='line-grid'] //parent::*//div//*[@aria-label='more']' not found

2020-10-10 11:21:52 - [TEST_STEP][FAILED] - mouseOver(findTestObject("FDR-EditVoucher/DLHover")): Unable to move mouse over object 'Object Repository/FDR-EditVoucher/DLHover' (Root cause: com.kms.katalon.core.exception.StepFailedException: Unable to move mouse over object 'Object Repository/FDR-EditVoucher/DLHover'
	at com.kms.katalon.core.webui.keyword.internal.WebUIKeywordMain.stepFailed(WebUIKeywordMain.groovy:64)
	at com.kms.katalon.core.webui.keyword.internal.WebUIKeywordMain.runKeyword(WebUIKeywordMain.groovy:26)
	at com.kms.katalon.core.webui.keyword.builtin.MouseOverKeyword.mouseOver(MouseOverKeyword.groovy:66)
	at com.kms.katalon.core.webui.keyword.builtin.MouseOverKeyword.execute(MouseOverKeyword.groovy:40)
	at com.kms.katalon.core.keyword.internal.KeywordExecutor.executeKeywordForPlatform(KeywordExecutor.groovy:73)
	at com.kms.katalon.core.webui.keyword.WebUiBuiltInKeywords.mouseOver(WebUiBuiltInKeywords.groovy:803)
	at com.kms.katalon.core.webui.keyword.WebUiBuiltInKeywords$mouseOver$19.call(Unknown Source)
	at TC_5-FDR_E2E-INTEGRATED-REFERENCE-DATA-VOUCHER-FLOW.run(TC_5-FDR_E2E-INTEGRATED-REFERENCE-DATA-VOUCHER-FLOW:113)
	at com.kms.katalon.core.main.ScriptEngine.run(ScriptEngine.java:194)
	at com.kms.katalon.core.main.ScriptEngine.runScriptAsRawText(ScriptEngine.java:119)
	at com.kms.katalon.core.main.TestCaseExecutor.runScript(TestCaseExecutor.java:339)
	at com.kms.katalon.core.main.TestCaseExecutor.doExecute(TestCaseExecutor.java:330)
	at com.kms.katalon.core.main.TestCaseExecutor.processExecutionPhase(TestCaseExecutor.java:309)
	at com.kms.katalon.core.main.TestCaseExecutor.accessMainPhase(TestCaseExecutor.java:301)
	at com.kms.katalon.core.main.TestCaseExecutor.execute(TestCaseExecutor.java:235)
	at com.kms.katalon.core.main.TestSuiteExecutor.accessTestCaseMainPhase(TestSuiteExecutor.java:191)
	at com.kms.katalon.core.main.TestSuiteExecutor.accessTestSuiteMainPhase(TestSuiteExecutor.java:141)
	at com.kms.katalon.core.main.TestSuiteExecutor.execute(TestSuiteExecutor.java:90)
	at com.kms.katalon.core.main.TestCaseMain.startTestSuite(TestCaseMain.java:157)
	at com.kms.katalon.core.main.TestCaseMain$startTestSuite$0.call(Unknown Source)
	at TempTestSuite1602352382960.run(TempTestSuite1602352382960.groovy:39)
Caused by: com.kms.katalon.core.webui.exception.WebElementNotFoundException: Web element with id: 'Object Repository/FDR-EditVoucher/DLHover' located by '//*[@data-id='line-grid'] //parent::*//div//*[@aria-label='more']' not found
	at com.kms.katalon.core.webui.common.WebUiCommonHelper.findWebElement(WebUiCommonHelper.java:1368)
	at com.kms.katalon.core.webui.keyword.internal.WebUIAbstractKeyword.findWebElement(WebUIAbstractKeyword.groovy:27)
	at com.kms.katalon.core.webui.keyword.internal.WebUIAbstractKeyword.findWebElement(WebUIAbstractKeyword.groovy:26)
	at com.kms.katalon.core.webui.keyword.builtin.MouseOverKeyword$_mouseOver_closure1.doCall(MouseOverKeyword.groovy:54)
	at com.kms.katalon.core.webui.keyword.builtin.MouseOverKeyword$_mouseOver_closure1.call(MouseOverKeyword.groovy)
	at com.kms.katalon.core.webui.keyword.internal.WebUIKeywordMain.runKeyword(WebUIKeywordMain.groovy:20)
	at com.kms.katalon.core.webui.keyword.builtin.MouseOverKeyword.mouseOver(MouseOverKeyword.groovy:66)
	at com.kms.katalon.core.webui.keyword.builtin.MouseOverKeyword.execute(MouseOverKeyword.groovy:40)
	at com.kms.katalon.core.keyword.internal.KeywordExecutor.executeKeywordForPlatform(KeywordExecutor.groovy:73)
	at com.kms.katalon.core.webui.keyword.WebUiBuiltInKeywords.mouseOver(WebUiBuiltInKeywords.groovy:803)
	at com.kms.katalon.core.webui.keyword.WebUiBuiltInKeywords$mouseOver$19.call(Unknown Source)
	at Script1601336873323.run(Script1601336873323.groovy:113)
	... 13 more
)

2020-10-10 11:21:56 - [MESSAGE][INFO] - Unable to find the element located by 'By.xpath: //*[@data-id='line-grid'] //parent::*//div//*[@aria-label='more']'. Please recheck the objects properties to make sure the desired element is located. 

2020-10-10 11:21:56 - [MESSAGE][FAILED] - Unable to move mouse over object 'Object Repository/FDR-EditVoucher/DLHover' (Root cause: com.kms.katalon.core.exception.StepFailedException: Unable to move mouse over object 'Object Repository/FDR-EditVoucher/DLHover'
	at com.kms.katalon.core.webui.keyword.internal.WebUIKeywordMain.stepFailed(WebUIKeywordMain.groovy:64)
	at com.kms.katalon.core.webui.keyword.internal.WebUIKeywordMain.runKeyword(WebUIKeywordMain.groovy:26)
	at com.kms.katalon.core.webui.keyword.builtin.MouseOverKeyword.mouseOver(MouseOverKeyword.groovy:66)
	at com.kms.katalon.core.webui.keyword.builtin.MouseOverKeyword.execute(MouseOverKeyword.groovy:40)
	at com.kms.katalon.core.keyword.internal.KeywordExecutor.executeKeywordForPlatform(KeywordExecutor.groovy:73)
	at com.kms.katalon.core.webui.keyword.WebUiBuiltInKeywords.mouseOver(WebUiBuiltInKeywords.groovy:803)
	at com.kms.katalon.core.webui.keyword.WebUiBuiltInKeywords$mouseOver$19.call(Unknown Source)
	at TC_5-FDR_E2E-INTEGRATED-REFERENCE-DATA-VOUCHER-FLOW.run(TC_5-FDR_E2E-INTEGRATED-REFERENCE-DATA-VOUCHER-FLOW:113)
	at com.kms.katalon.core.main.ScriptEngine.run(ScriptEngine.java:194)
	at com.kms.katalon.core.main.ScriptEngine.runScriptAsRawText(ScriptEngine.java:119)
	at com.kms.katalon.core.main.TestCaseExecutor.runScript(TestCaseExecutor.java:339)
	at com.kms.katalon.core.main.TestCaseExecutor.doExecute(TestCaseExecutor.java:330)
	at com.kms.katalon.core.main.TestCaseExecutor.processExecutionPhase(TestCaseExecutor.java:309)
	at com.kms.katalon.core.main.TestCaseExecutor.accessMainPhase(TestCaseExecutor.java:301)
	at com.kms.katalon.core.main.TestCaseExecutor.execute(TestCaseExecutor.java:235)
	at com.kms.katalon.core.main.TestSuiteExecutor.accessTestCaseMainPhase(TestSuiteExecutor.java:191)
	at com.kms.katalon.core.main.TestSuiteExecutor.accessTestSuiteMainPhase(TestSuiteExecutor.java:141)
	at com.kms.katalon.core.main.TestSuiteExecutor.execute(TestSuiteExecutor.java:90)
	at com.kms.katalon.core.main.TestCaseMain.startTestSuite(TestCaseMain.java:157)
	at com.kms.katalon.core.main.TestCaseMain$startTestSuite$0.call(Unknown Source)
	at TempTestSuite1602352382960.run(TempTestSuite1602352382960.groovy:39)
Caused by: com.kms.katalon.core.webui.exception.WebElementNotFoundException: Web element with id: 'Object Repository/FDR-EditVoucher/DLHover' located by '//*[@data-id='line-grid'] //parent::*//div//*[@aria-label='more']' not found
	at com.kms.katalon.core.webui.common.WebUiCommonHelper.findWebElement(WebUiCommonHelper.java:1368)
	at com.kms.katalon.core.webui.keyword.internal.WebUIAbstractKeyword.findWebElement(WebUIAbstractKeyword.groovy:27)
	at com.kms.katalon.core.webui.keyword.internal.WebUIAbstractKeyword.findWebElement(WebUIAbstractKeyword.groovy:26)
	at com.kms.katalon.core.webui.keyword.builtin.MouseOverKeyword$_mouseOver_closure1.doCall(MouseOverKeyword.groovy:54)
	at com.kms.katalon.core.webui.keyword.builtin.MouseOverKeyword$_mouseOver_closure1.call(MouseOverKeyword.groovy)
	at com.kms.katalon.core.webui.keyword.internal.WebUIKeywordMain.runKeyword(WebUIKeywordMain.groovy:20)
	at com.kms.katalon.core.webui.keyword.builtin.MouseOverKeyword.mouseOver(MouseOverKeyword.groovy:66)
	at com.kms.katalon.core.webui.keyword.builtin.MouseOverKeyword.execute(MouseOverKeyword.groovy:40)
	at com.kms.katalon.core.keyword.internal.KeywordExecutor.executeKeywordForPlatform(KeywordExecutor.groovy:73)
	at com.kms.katalon.core.webui.keyword.WebUiBuiltInKeywords.mouseOver(WebUiBuiltInKeywords.groovy:803)
	at com.kms.katalon.core.webui.keyword.WebUiBuiltInKeywords$mouseOver$19.call(Unknown Source)
	at Script1601336873323.run(Script1601336873323.groovy:113)
	... 13 more
)
[[ATTACHMENT|C:\\My_GitHub_Regression_working\\FDR-Katalon-Regression\\Reports\\20201010_105302\\FDR_E2E-REGRESSION-TESTS\\20201010_105302\\1602354116547.png]]

2020-10-10 11:21:56 - [TEST_STEP][PASSED] - waitForElementVisible(findTestObject("FDR-EditVoucher/DLEditIcon"), 10): Web element with id: 'Object Repository/FDR-EditVoucher/DLEditIcon' located by '(//*[contains(@id,'distributionLineActionMenu')])[1]' not found

2020-10-10 11:22:09 - [MESSAGE][INFO] - Unable to find the element located by 'By.xpath: (//*[contains(@id,'distributionLineActionMenu')])[1]'. Please recheck the objects properties to make sure the desired element is located. 

2020-10-10 11:22:09 - [MESSAGE][WARNING] - Web element with id: 'Object Repository/FDR-EditVoucher/DLEditIcon' located by '(//*[contains(@id,'distributionLineActionMenu')])[1]' not found

2020-10-10 11:22:09 - [TEST_STEP][FAILED] - click(findTestObject("FDR-EditVoucher/DLEditIcon")): Unable to click on object 'Object Repository/FDR-EditVoucher/DLEditIcon' (Root cause: com.kms.katalon.core.exception.StepFailedException: Unable to click on object 'Object Repository/FDR-EditVoucher/DLEditIcon'
	at com.kms.katalon.core.webui.keyword.internal.WebUIKeywordMain.stepFailed(WebUIKeywordMain.groovy:64)
	at com.kms.katalon.core.webui.keyword.internal.WebUIKeywordMain.runKeyword(WebUIKeywordMain.groovy:26)
	at com.kms.katalon.core.webui.keyword.builtin.ClickKeyword.click(ClickKeyword.groovy:76)
	at com.kms.katalon.core.webui.keyword.builtin.ClickKeyword.execute(ClickKeyword.groovy:43)
	at com.kms.katalon.core.keyword.internal.KeywordExecutor.executeKeywordForPlatform(KeywordExecutor.groovy:73)
	at com.kms.katalon.core.webui.keyword.WebUiBuiltInKeywords.click(WebUiBuiltInKeywords.groovy:617)
	at com.kms.katalon.core.webui.keyword.WebUiBuiltInKeywords$click$5.call(Unknown Source)
	at TC_5-FDR_E2E-INTEGRATED-REFERENCE-DATA-VOUCHER-FLOW.run(TC_5-FDR_E2E-INTEGRATED-REFERENCE-DATA-VOUCHER-FLOW:117)
	at com.kms.katalon.core.main.ScriptEngine.run(ScriptEngine.java:194)
	at com.kms.katalon.core.main.ScriptEngine.runScriptAsRawText(ScriptEngine.java:119)
	at com.kms.katalon.core.main.TestCaseExecutor.runScript(TestCaseExecutor.java:339)
	at com.kms.katalon.core.main.TestCaseExecutor.doExecute(TestCaseExecutor.java:330)
	at com.kms.katalon.core.main.TestCaseExecutor.processExecutionPhase(TestCaseExecutor.java:309)
	at com.kms.katalon.core.main.TestCaseExecutor.accessMainPhase(TestCaseExecutor.java:301)
	at com.kms.katalon.core.main.TestCaseExecutor.execute(TestCaseExecutor.java:235)
	at com.kms.katalon.core.main.TestSuiteExecutor.accessTestCaseMainPhase(TestSuiteExecutor.java:191)
	at com.kms.katalon.core.main.TestSuiteExecutor.accessTestSuiteMainPhase(TestSuiteExecutor.java:141)
	at com.kms.katalon.core.main.TestSuiteExecutor.execute(TestSuiteExecutor.java:90)
	at com.kms.katalon.core.main.TestCaseMain.startTestSuite(TestCaseMain.java:157)
	at com.kms.katalon.core.main.TestCaseMain$startTestSuite$0.call(Unknown Source)
	at TempTestSuite1602352382960.run(TempTestSuite1602352382960.groovy:39)
Caused by: com.kms.katalon.core.webui.exception.WebElementNotFoundException: Web element with id: 'Object Repository/FDR-EditVoucher/DLEditIcon' located by '(//*[contains(@id,'distributionLineActionMenu')])[1]' not found
	at com.kms.katalon.core.webui.common.WebUiCommonHelper.findWebElement(WebUiCommonHelper.java:1368)
	at com.kms.katalon.core.webui.keyword.internal.WebUIAbstractKeyword.findWebElement(WebUIAbstractKeyword.groovy:27)
	at com.kms.katalon.core.webui.keyword.internal.WebUIAbstractKeyword.findWebElement(WebUIAbstractKeyword.groovy:26)
	at com.kms.katalon.core.webui.keyword.builtin.ClickKeyword$_click_closure1.doCall(ClickKeyword.groovy:67)
	at com.kms.katalon.core.webui.keyword.builtin.ClickKeyword$_click_closure1.call(ClickKeyword.groovy)
	at com.kms.katalon.core.webui.keyword.internal.WebUIKeywordMain.runKeyword(WebUIKeywordMain.groovy:20)
	at com.kms.katalon.core.webui.keyword.builtin.ClickKeyword.click(ClickKeyword.groovy:76)
	at com.kms.katalon.core.webui.keyword.builtin.ClickKeyword.execute(ClickKeyword.groovy:43)
	at com.kms.katalon.core.keyword.internal.KeywordExecutor.executeKeywordForPlatform(KeywordExecutor.groovy:73)
	at com.kms.katalon.core.webui.keyword.WebUiBuiltInKeywords.click(WebUiBuiltInKeywords.groovy:617)
	at com.kms.katalon.core.webui.keyword.WebUiBuiltInKeywords$click$5.call(Unknown Source)
	at Script1601336873323.run(Script1601336873323.groovy:117)
	... 13 more
)

2020-10-10 11:22:13 - [MESSAGE][INFO] - Unable to find the element located by 'By.xpath: (//*[contains(@id,'distributionLineActionMenu')])[1]'. Please recheck the objects properties to make sure the desired element is located. 

2020-10-10 11:22:14 - [MESSAGE][FAILED] - Unable to click on object 'Object Repository/FDR-EditVoucher/DLEditIcon' (Root cause: com.kms.katalon.core.exception.StepFailedException: Unable to click on object 'Object Repository/FDR-EditVoucher/DLEditIcon'
	at com.kms.katalon.core.webui.keyword.internal.WebUIKeywordMain.stepFailed(WebUIKeywordMain.groovy:64)
	at com.kms.katalon.core.webui.keyword.internal.WebUIKeywordMain.runKeyword(WebUIKeywordMain.groovy:26)
	at com.kms.katalon.core.webui.keyword.builtin.ClickKeyword.click(ClickKeyword.groovy:76)
	at com.kms.katalon.core.webui.keyword.builtin.ClickKeyword.execute(ClickKeyword.groovy:43)
	at com.kms.katalon.core.keyword.internal.KeywordExecutor.executeKeywordForPlatform(KeywordExecutor.groovy:73)
	at com.kms.katalon.core.webui.keyword.WebUiBuiltInKeywords.click(WebUiBuiltInKeywords.groovy:617)
	at com.kms.katalon.core.webui.keyword.WebUiBuiltInKeywords$click$5.call(Unknown Source)
	at TC_5-FDR_E2E-INTEGRATED-REFERENCE-DATA-VOUCHER-FLOW.run(TC_5-FDR_E2E-INTEGRATED-REFERENCE-DATA-VOUCHER-FLOW:117)
	at com.kms.katalon.core.main.ScriptEngine.run(ScriptEngine.java:194)
	at com.kms.katalon.core.main.ScriptEngine.runScriptAsRawText(ScriptEngine.java:119)
	at com.kms.katalon.core.main.TestCaseExecutor.runScript(TestCaseExecutor.java:339)
	at com.kms.katalon.core.main.TestCaseExecutor.doExecute(TestCaseExecutor.java:330)
	at com.kms.katalon.core.main.TestCaseExecutor.processExecutionPhase(TestCaseExecutor.java:309)
	at com.kms.katalon.core.main.TestCaseExecutor.accessMainPhase(TestCaseExecutor.java:301)
	at com.kms.katalon.core.main.TestCaseExecutor.execute(TestCaseExecutor.java:235)
	at com.kms.katalon.core.main.TestSuiteExecutor.accessTestCaseMainPhase(TestSuiteExecutor.java:191)
	at com.kms.katalon.core.main.TestSuiteExecutor.accessTestSuiteMainPhase(TestSuiteExecutor.java:141)
	at com.kms.katalon.core.main.TestSuiteExecutor.execute(TestSuiteExecutor.java:90)
	at com.kms.katalon.core.main.TestCaseMain.startTestSuite(TestCaseMain.java:157)
	at com.kms.katalon.core.main.TestCaseMain$startTestSuite$0.call(Unknown Source)
	at TempTestSuite1602352382960.run(TempTestSuite1602352382960.groovy:39)
Caused by: com.kms.katalon.core.webui.exception.WebElementNotFoundException: Web element with id: 'Object Repository/FDR-EditVoucher/DLEditIcon' located by '(//*[contains(@id,'distributionLineActionMenu')])[1]' not found
	at com.kms.katalon.core.webui.common.WebUiCommonHelper.findWebElement(WebUiCommonHelper.java:1368)
	at com.kms.katalon.core.webui.keyword.internal.WebUIAbstractKeyword.findWebElement(WebUIAbstractKeyword.groovy:27)
	at com.kms.katalon.core.webui.keyword.internal.WebUIAbstractKeyword.findWebElement(WebUIAbstractKeyword.groovy:26)
	at com.kms.katalon.core.webui.keyword.builtin.ClickKeyword$_click_closure1.doCall(ClickKeyword.groovy:67)
	at com.kms.katalon.core.webui.keyword.builtin.ClickKeyword$_click_closure1.call(ClickKeyword.groovy)
	at com.kms.katalon.core.webui.keyword.internal.WebUIKeywordMain.runKeyword(WebUIKeywordMain.groovy:20)
	at com.kms.katalon.core.webui.keyword.builtin.ClickKeyword.click(ClickKeyword.groovy:76)
	at com.kms.katalon.core.webui.keyword.builtin.ClickKeyword.execute(ClickKeyword.groovy:43)
	at com.kms.katalon.core.keyword.internal.KeywordExecutor.executeKeywordForPlatform(KeywordExecutor.groovy:73)
	at com.kms.katalon.core.webui.keyword.WebUiBuiltInKeywords.click(WebUiBuiltInKeywords.groovy:617)
	at com.kms.katalon.core.webui.keyword.WebUiBuiltInKeywords$click$5.call(Unknown Source)
	at Script1601336873323.run(Script1601336873323.groovy:117)
	... 13 more
)
[[ATTACHMENT|C:\\My_GitHub_Regression_working\\FDR-Katalon-Regression\\Reports\\20201010_105302\\FDR_E2E-REGRESSION-TESTS\\20201010_105302\\1602354133757.png]]

2020-10-10 11:22:14 - [TEST_STEP][PASSED] - waitForElementPresent(findTestObject("FDR-EditVoucher/DLEditClick"), wait): Object 'Object Repository/FDR-EditVoucher/DLEditClick' is not present after 10 second(s)

2020-10-10 11:22:25 - [MESSAGE][INFO] - Unable to find the element located by 'By.xpath: //*[contains(@style,'opacity: 1')] //* [contains(text(),'Edit')]'. Please recheck the objects properties to make sure the desired element is located. 

2020-10-10 11:22:25 - [MESSAGE][WARNING] - Object 'Object Repository/FDR-EditVoucher/DLEditClick' is not present after 10 second(s)

2020-10-10 11:22:25 - [TEST_STEP][FAILED] - click(findTestObject("FDR-EditVoucher/DLEditClick")): Unable to click on object 'Object Repository/FDR-EditVoucher/DLEditClick' (Root cause: com.kms.katalon.core.exception.StepFailedException: Unable to click on object 'Object Repository/FDR-EditVoucher/DLEditClick'
	at com.kms.katalon.core.webui.keyword.internal.WebUIKeywordMain.stepFailed(WebUIKeywordMain.groovy:64)
	at com.kms.katalon.core.webui.keyword.internal.WebUIKeywordMain.runKeyword(WebUIKeywordMain.groovy:26)
	at com.kms.katalon.core.webui.keyword.builtin.ClickKeyword.click(ClickKeyword.groovy:76)
	at com.kms.katalon.core.webui.keyword.builtin.ClickKeyword.execute(ClickKeyword.groovy:43)
	at com.kms.katalon.core.keyword.internal.KeywordExecutor.executeKeywordForPlatform(KeywordExecutor.groovy:73)
	at com.kms.katalon.core.webui.keyword.WebUiBuiltInKeywords.click(WebUiBuiltInKeywords.groovy:617)
	at com.kms.katalon.core.webui.keyword.WebUiBuiltInKeywords$click$5.call(Unknown Source)
	at TC_5-FDR_E2E-INTEGRATED-REFERENCE-DATA-VOUCHER-FLOW.run(TC_5-FDR_E2E-INTEGRATED-REFERENCE-DATA-VOUCHER-FLOW:119)
	at com.kms.katalon.core.main.ScriptEngine.run(ScriptEngine.java:194)
	at com.kms.katalon.core.main.ScriptEngine.runScriptAsRawText(ScriptEngine.java:119)
	at com.kms.katalon.core.main.TestCaseExecutor.runScript(TestCaseExecutor.java:339)
	at com.kms.katalon.core.main.TestCaseExecutor.doExecute(TestCaseExecutor.java:330)
	at com.kms.katalon.core.main.TestCaseExecutor.processExecutionPhase(TestCaseExecutor.java:309)
	at com.kms.katalon.core.main.TestCaseExecutor.accessMainPhase(TestCaseExecutor.java:301)
	at com.kms.katalon.core.main.TestCaseExecutor.execute(TestCaseExecutor.java:235)
	at com.kms.katalon.core.main.TestSuiteExecutor.accessTestCaseMainPhase(TestSuiteExecutor.java:191)
	at com.kms.katalon.core.main.TestSuiteExecutor.accessTestSuiteMainPhase(TestSuiteExecutor.java:141)
	at com.kms.katalon.core.main.TestSuiteExecutor.execute(TestSuiteExecutor.java:90)
	at com.kms.katalon.core.main.TestCaseMain.startTestSuite(TestCaseMain.java:157)
	at com.kms.katalon.core.main.TestCaseMain$startTestSuite$0.call(Unknown Source)
	at TempTestSuite1602352382960.run(TempTestSuite1602352382960.groovy:39)
Caused by: com.kms.katalon.core.webui.exception.WebElementNotFoundException: Web element with id: 'Object Repository/FDR-EditVoucher/DLEditClick' located by '//*[contains(@style,'opacity: 1')] //* [contains(text(),'Edit')]' not found
	at com.kms.katalon.core.webui.common.WebUiCommonHelper.findWebElement(WebUiCommonHelper.java:1368)
	at com.kms.katalon.core.webui.keyword.internal.WebUIAbstractKeyword.findWebElement(WebUIAbstractKeyword.groovy:27)
	at com.kms.katalon.core.webui.keyword.internal.WebUIAbstractKeyword.findWebElement(WebUIAbstractKeyword.groovy:26)
	at com.kms.katalon.core.webui.keyword.builtin.ClickKeyword$_click_closure1.doCall(ClickKeyword.groovy:67)
	at com.kms.katalon.core.webui.keyword.builtin.ClickKeyword$_click_closure1.call(ClickKeyword.groovy)
	at com.kms.katalon.core.webui.keyword.internal.WebUIKeywordMain.runKeyword(WebUIKeywordMain.groovy:20)
	at com.kms.katalon.core.webui.keyword.builtin.ClickKeyword.click(ClickKeyword.groovy:76)
	at com.kms.katalon.core.webui.keyword.builtin.ClickKeyword.execute(ClickKeyword.groovy:43)
	at com.kms.katalon.core.keyword.internal.KeywordExecutor.executeKeywordForPlatform(KeywordExecutor.groovy:73)
	at com.kms.katalon.core.webui.keyword.WebUiBuiltInKeywords.click(WebUiBuiltInKeywords.groovy:617)
	at com.kms.katalon.core.webui.keyword.WebUiBuiltInKeywords$click$5.call(Unknown Source)
	at Script1601336873323.run(Script1601336873323.groovy:119)
	... 13 more
)

2020-10-10 11:22:29 - [MESSAGE][INFO] - Unable to find the element located by 'By.xpath: //*[contains(@style,'opacity: 1')] //* [contains(text(),'Edit')]'. Please recheck the objects properties to make sure the desired element is located. 

2020-10-10 11:22:29 - [MESSAGE][FAILED] - Unable to click on object 'Object Repository/FDR-EditVoucher/DLEditClick' (Root cause: com.kms.katalon.core.exception.StepFailedException: Unable to click on object 'Object Repository/FDR-EditVoucher/DLEditClick'
	at com.kms.katalon.core.webui.keyword.internal.WebUIKeywordMain.stepFailed(WebUIKeywordMain.groovy:64)
	at com.kms.katalon.core.webui.keyword.internal.WebUIKeywordMain.runKeyword(WebUIKeywordMain.groovy:26)
	at com.kms.katalon.core.webui.keyword.builtin.ClickKeyword.click(ClickKeyword.groovy:76)
	at com.kms.katalon.core.webui.keyword.builtin.ClickKeyword.execute(ClickKeyword.groovy:43)
	at com.kms.katalon.core.keyword.internal.KeywordExecutor.executeKeywordForPlatform(KeywordExecutor.groovy:73)
	at com.kms.katalon.core.webui.keyword.WebUiBuiltInKeywords.click(WebUiBuiltInKeywords.groovy:617)
	at com.kms.katalon.core.webui.keyword.WebUiBuiltInKeywords$click$5.call(Unknown Source)
	at TC_5-FDR_E2E-INTEGRATED-REFERENCE-DATA-VOUCHER-FLOW.run(TC_5-FDR_E2E-INTEGRATED-REFERENCE-DATA-VOUCHER-FLOW:119)
	at com.kms.katalon.core.main.ScriptEngine.run(ScriptEngine.java:194)
	at com.kms.katalon.core.main.ScriptEngine.runScriptAsRawText(ScriptEngine.java:119)
	at com.kms.katalon.core.main.TestCaseExecutor.runScript(TestCaseExecutor.java:339)
	at com.kms.katalon.core.main.TestCaseExecutor.doExecute(TestCaseExecutor.java:330)
	at com.kms.katalon.core.main.TestCaseExecutor.processExecutionPhase(TestCaseExecutor.java:309)
	at com.kms.katalon.core.main.TestCaseExecutor.accessMainPhase(TestCaseExecutor.java:301)
	at com.kms.katalon.core.main.TestCaseExecutor.execute(TestCaseExecutor.java:235)
	at com.kms.katalon.core.main.TestSuiteExecutor.accessTestCaseMainPhase(TestSuiteExecutor.java:191)
	at com.kms.katalon.core.main.TestSuiteExecutor.accessTestSuiteMainPhase(TestSuiteExecutor.java:141)
	at com.kms.katalon.core.main.TestSuiteExecutor.execute(TestSuiteExecutor.java:90)
	at com.kms.katalon.core.main.TestCaseMain.startTestSuite(TestCaseMain.java:157)
	at com.kms.katalon.core.main.TestCaseMain$startTestSuite$0.call(Unknown Source)
	at TempTestSuite1602352382960.run(TempTestSuite1602352382960.groovy:39)
Caused by: com.kms.katalon.core.webui.exception.WebElementNotFoundException: Web element with id: 'Object Repository/FDR-EditVoucher/DLEditClick' located by '//*[contains(@style,'opacity: 1')] //* [contains(text(),'Edit')]' not found
	at com.kms.katalon.core.webui.common.WebUiCommonHelper.findWebElement(WebUiCommonHelper.java:1368)
	at com.kms.katalon.core.webui.keyword.internal.WebUIAbstractKeyword.findWebElement(WebUIAbstractKeyword.groovy:27)
	at com.kms.katalon.core.webui.keyword.internal.WebUIAbstractKeyword.findWebElement(WebUIAbstractKeyword.groovy:26)
	at com.kms.katalon.core.webui.keyword.builtin.ClickKeyword$_click_closure1.doCall(ClickKeyword.groovy:67)
	at com.kms.katalon.core.webui.keyword.builtin.ClickKeyword$_click_closure1.call(ClickKeyword.groovy)
	at com.kms.katalon.core.webui.keyword.internal.WebUIKeywordMain.runKeyword(WebUIKeywordMain.groovy:20)
	at com.kms.katalon.core.webui.keyword.builtin.ClickKeyword.click(ClickKeyword.groovy:76)
	at com.kms.katalon.core.webui.keyword.builtin.ClickKeyword.execute(ClickKeyword.groovy:43)
	at com.kms.katalon.core.keyword.internal.KeywordExecutor.executeKeywordForPlatform(KeywordExecutor.groovy:73)
	at com.kms.katalon.core.webui.keyword.WebUiBuiltInKeywords.click(WebUiBuiltInKeywords.groovy:617)
	at com.kms.katalon.core.webui.keyword.WebUiBuiltInKeywords$click$5.call(Unknown Source)
	at Script1601336873323.run(Script1601336873323.groovy:119)
	... 13 more
)
[[ATTACHMENT|C:\\My_GitHub_Regression_working\\FDR-Katalon-Regression\\Reports\\20201010_105302\\FDR_E2E-REGRESSION-TESTS\\20201010_105302\\1602354149378.png]]

2020-10-10 11:22:29 - [TEST_STEP][PASSED] - waitForElementPresent(findTestObject("FDR-Dashboard/createNewVoucherButton"), 10): Object 'Object Repository/FDR-Dashboard/createNewVoucherButton' is not present after 10 second(s)

2020-10-10 11:22:40 - [MESSAGE][INFO] - Unable to find the element located by 'By.xpath: //*[@data-id='button-link']//*[contains(text(),'Create New Voucher')]'. Please recheck the objects properties to make sure the desired element is located. 

2020-10-10 11:22:40 - [MESSAGE][WARNING] - Object 'Object Repository/FDR-Dashboard/createNewVoucherButton' is not present after 10 second(s)

2020-10-10 11:22:40 - [TEST_STEP][FAILED] - setText(findTestObject("FDR-VoucherEntry/DistributionLine/waiverName"), Datasheet.getValue("waiverName", 1)): Unable to set text 'A-FamilyU TPM/GMC' of object 'Object Repository/FDR-VoucherEntry/DistributionLine/waiverName' (Root cause: com.kms.katalon.core.exception.StepFailedException: Unable to set text 'A-FamilyU TPM/GMC' of object 'Object Repository/FDR-VoucherEntry/DistributionLine/waiverName'
	at com.kms.katalon.core.webui.keyword.internal.WebUIKeywordMain.stepFailed(WebUIKeywordMain.groovy:64)
	at com.kms.katalon.core.webui.keyword.internal.WebUIKeywordMain.runKeyword(WebUIKeywordMain.groovy:26)
	at com.kms.katalon.core.webui.keyword.builtin.SetTextKeyword.setText(SetTextKeyword.groovy:66)
	at com.kms.katalon.core.webui.keyword.builtin.SetTextKeyword.execute(SetTextKeyword.groovy:37)
	at com.kms.katalon.core.keyword.internal.KeywordExecutor.executeKeywordForPlatform(KeywordExecutor.groovy:73)
	at com.kms.katalon.core.webui.keyword.WebUiBuiltInKeywords.setText(WebUiBuiltInKeywords.groovy:977)
	at com.kms.katalon.core.webui.keyword.WebUiBuiltInKeywords$setText$3.call(Unknown Source)
	at TC_5-FDR_E2E-INTEGRATED-REFERENCE-DATA-VOUCHER-FLOW.run(TC_5-FDR_E2E-INTEGRATED-REFERENCE-DATA-VOUCHER-FLOW:123)
	at com.kms.katalon.core.main.ScriptEngine.run(ScriptEngine.java:194)
	at com.kms.katalon.core.main.ScriptEngine.runScriptAsRawText(ScriptEngine.java:119)
	at com.kms.katalon.core.main.TestCaseExecutor.runScript(TestCaseExecutor.java:339)
	at com.kms.katalon.core.main.TestCaseExecutor.doExecute(TestCaseExecutor.java:330)
	at com.kms.katalon.core.main.TestCaseExecutor.processExecutionPhase(TestCaseExecutor.java:309)
	at com.kms.katalon.core.main.TestCaseExecutor.accessMainPhase(TestCaseExecutor.java:301)
	at com.kms.katalon.core.main.TestCaseExecutor.execute(TestCaseExecutor.java:235)
	at com.kms.katalon.core.main.TestSuiteExecutor.accessTestCaseMainPhase(TestSuiteExecutor.java:191)
	at com.kms.katalon.core.main.TestSuiteExecutor.accessTestSuiteMainPhase(TestSuiteExecutor.java:141)
	at com.kms.katalon.core.main.TestSuiteExecutor.execute(TestSuiteExecutor.java:90)
	at com.kms.katalon.core.main.TestCaseMain.startTestSuite(TestCaseMain.java:157)
	at com.kms.katalon.core.main.TestCaseMain$startTestSuite$0.call(Unknown Source)
	at TempTestSuite1602352382960.run(TempTestSuite1602352382960.groovy:39)
Caused by: com.kms.katalon.core.webui.exception.WebElementNotFoundException: Web element with id: 'Object Repository/FDR-VoucherEntry/DistributionLine/waiverName' located by '//input[@id='waiverNameId']' not found
	at com.kms.katalon.core.webui.common.WebUiCommonHelper.findWebElement(WebUiCommonHelper.java:1368)
	at com.kms.katalon.core.webui.keyword.internal.WebUIAbstractKeyword.findWebElement(WebUIAbstractKeyword.groovy:27)
	at com.kms.katalon.core.webui.keyword.internal.WebUIAbstractKeyword.findWebElement(WebUIAbstractKeyword.groovy:26)
	at com.kms.katalon.core.webui.keyword.builtin.SetTextKeyword$_setText_closure1.doCall(SetTextKeyword.groovy:51)
	at com.kms.katalon.core.webui.keyword.builtin.SetTextKeyword$_setText_closure1.call(SetTextKeyword.groovy)
	at com.kms.katalon.core.webui.keyword.internal.WebUIKeywordMain.runKeyword(WebUIKeywordMain.groovy:20)
	at com.kms.katalon.core.webui.keyword.builtin.SetTextKeyword.setText(SetTextKeyword.groovy:66)
	at com.kms.katalon.core.webui.keyword.builtin.SetTextKeyword.execute(SetTextKeyword.groovy:37)
	at com.kms.katalon.core.keyword.internal.KeywordExecutor.executeKeywordForPlatform(KeywordExecutor.groovy:73)
	at com.kms.katalon.core.webui.keyword.WebUiBuiltInKeywords.setText(WebUiBuiltInKeywords.groovy:977)
	at com.kms.katalon.core.webui.keyword.WebUiBuiltInKeywords$setText$3.call(Unknown Source)
	at Script1601336873323.run(Script1601336873323.groovy:123)
	... 13 more
)

2020-10-10 11:22:44 - [MESSAGE][INFO] - Unable to find the element located by 'By.xpath: //input[@id='waiverNameId']'. Please recheck the objects properties to make sure the desired element is located. 

2020-10-10 11:22:45 - [MESSAGE][FAILED] - Unable to set text 'A-FamilyU TPM/GMC' of object 'Object Repository/FDR-VoucherEntry/DistributionLine/waiverName' (Root cause: com.kms.katalon.core.exception.StepFailedException: Unable to set text 'A-FamilyU TPM/GMC' of object 'Object Repository/FDR-VoucherEntry/DistributionLine/waiverName'
	at com.kms.katalon.core.webui.keyword.internal.WebUIKeywordMain.stepFailed(WebUIKeywordMain.groovy:64)
	at com.kms.katalon.core.webui.keyword.internal.WebUIKeywordMain.runKeyword(WebUIKeywordMain.groovy:26)
	at com.kms.katalon.core.webui.keyword.builtin.SetTextKeyword.setText(SetTextKeyword.groovy:66)
	at com.kms.katalon.core.webui.keyword.builtin.SetTextKeyword.execute(SetTextKeyword.groovy:37)
	at com.kms.katalon.core.keyword.internal.KeywordExecutor.executeKeywordForPlatform(KeywordExecutor.groovy:73)
	at com.kms.katalon.core.webui.keyword.WebUiBuiltInKeywords.setText(WebUiBuiltInKeywords.groovy:977)
	at com.kms.katalon.core.webui.keyword.WebUiBuiltInKeywords$setText$3.call(Unknown Source)
	at TC_5-FDR_E2E-INTEGRATED-REFERENCE-DATA-VOUCHER-FLOW.run(TC_5-FDR_E2E-INTEGRATED-REFERENCE-DATA-VOUCHER-FLOW:123)
	at com.kms.katalon.core.main.ScriptEngine.run(ScriptEngine.java:194)
	at com.kms.katalon.core.main.ScriptEngine.runScriptAsRawText(ScriptEngine.java:119)
	at com.kms.katalon.core.main.TestCaseExecutor.runScript(TestCaseExecutor.java:339)
	at com.kms.katalon.core.main.TestCaseExecutor.doExecute(TestCaseExecutor.java:330)
	at com.kms.katalon.core.main.TestCaseExecutor.processExecutionPhase(TestCaseExecutor.java:309)
	at com.kms.katalon.core.main.TestCaseExecutor.accessMainPhase(TestCaseExecutor.java:301)
	at com.kms.katalon.core.main.TestCaseExecutor.execute(TestCaseExecutor.java:235)
	at com.kms.katalon.core.main.TestSuiteExecutor.accessTestCaseMainPhase(TestSuiteExecutor.java:191)
	at com.kms.katalon.core.main.TestSuiteExecutor.accessTestSuiteMainPhase(TestSuiteExecutor.java:141)
	at com.kms.katalon.core.main.TestSuiteExecutor.execute(TestSuiteExecutor.java:90)
	at com.kms.katalon.core.main.TestCaseMain.startTestSuite(TestCaseMain.java:157)
	at com.kms.katalon.core.main.TestCaseMain$startTestSuite$0.call(Unknown Source)
	at TempTestSuite1602352382960.run(TempTestSuite1602352382960.groovy:39)
Caused by: com.kms.katalon.core.webui.exception.WebElementNotFoundException: Web element with id: 'Object Repository/FDR-VoucherEntry/DistributionLine/waiverName' located by '//input[@id='waiverNameId']' not found
	at com.kms.katalon.core.webui.common.WebUiCommonHelper.findWebElement(WebUiCommonHelper.java:1368)
	at com.kms.katalon.core.webui.keyword.internal.WebUIAbstractKeyword.findWebElement(WebUIAbstractKeyword.groovy:27)
	at com.kms.katalon.core.webui.keyword.internal.WebUIAbstractKeyword.findWebElement(WebUIAbstractKeyword.groovy:26)
	at com.kms.katalon.core.webui.keyword.builtin.SetTextKeyword$_setText_closure1.doCall(SetTextKeyword.groovy:51)
	at com.kms.katalon.core.webui.keyword.builtin.SetTextKeyword$_setText_closure1.call(SetTextKeyword.groovy)
	at com.kms.katalon.core.webui.keyword.internal.WebUIKeywordMain.runKeyword(WebUIKeywordMain.groovy:20)
	at com.kms.katalon.core.webui.keyword.builtin.SetTextKeyword.setText(SetTextKeyword.groovy:66)
	at com.kms.katalon.core.webui.keyword.builtin.SetTextKeyword.execute(SetTextKeyword.groovy:37)
	at com.kms.katalon.core.keyword.internal.KeywordExecutor.executeKeywordForPlatform(KeywordExecutor.groovy:73)
	at com.kms.katalon.core.webui.keyword.WebUiBuiltInKeywords.setText(WebUiBuiltInKeywords.groovy:977)
	at com.kms.katalon.core.webui.keyword.WebUiBuiltInKeywords$setText$3.call(Unknown Source)
	at Script1601336873323.run(Script1601336873323.groovy:123)
	... 13 more
)
[[ATTACHMENT|C:\\My_GitHub_Regression_working\\FDR-Katalon-Regression\\Reports\\20201010_105302\\FDR_E2E-REGRESSION-TESTS\\20201010_105302\\1602354164938.png]]

2020-10-10 11:22:45 - [TEST_STEP][FAILED] - sendKeys(findTestObject("FDR-VoucherEntry/DistributionLine/waiverName"), Keys.chord(DOWN, ENTER)): Unable to send keys '' to object 'Object Repository/FDR-VoucherEntry/DistributionLine/waiverName' (Root cause: com.kms.katalon.core.exception.StepFailedException: Unable to send keys '' to object 'Object Repository/FDR-VoucherEntry/DistributionLine/waiverName'
	at com.kms.katalon.core.webui.keyword.internal.WebUIKeywordMain.stepFailed(WebUIKeywordMain.groovy:64)
	at com.kms.katalon.core.webui.keyword.internal.WebUIKeywordMain.runKeyword(WebUIKeywordMain.groovy:26)
	at com.kms.katalon.core.webui.keyword.builtin.SendKeysKeyword.sendKeys(SendKeysKeyword.groovy:60)
	at com.kms.katalon.core.webui.keyword.builtin.SendKeysKeyword.execute(SendKeysKeyword.groovy:38)
	at com.kms.katalon.core.keyword.internal.KeywordExecutor.executeKeywordForPlatform(KeywordExecutor.groovy:73)
	at com.kms.katalon.core.webui.keyword.WebUiBuiltInKeywords.sendKeys(WebUiBuiltInKeywords.groovy:861)
	at com.kms.katalon.core.webui.keyword.WebUiBuiltInKeywords$sendKeys$8.call(Unknown Source)
	at TC_5-FDR_E2E-INTEGRATED-REFERENCE-DATA-VOUCHER-FLOW.run(TC_5-FDR_E2E-INTEGRATED-REFERENCE-DATA-VOUCHER-FLOW:124)
	at com.kms.katalon.core.main.ScriptEngine.run(ScriptEngine.java:194)
	at com.kms.katalon.core.main.ScriptEngine.runScriptAsRawText(ScriptEngine.java:119)
	at com.kms.katalon.core.main.TestCaseExecutor.runScript(TestCaseExecutor.java:339)
	at com.kms.katalon.core.main.TestCaseExecutor.doExecute(TestCaseExecutor.java:330)
	at com.kms.katalon.core.main.TestCaseExecutor.processExecutionPhase(TestCaseExecutor.java:309)
	at com.kms.katalon.core.main.TestCaseExecutor.accessMainPhase(TestCaseExecutor.java:301)
	at com.kms.katalon.core.main.TestCaseExecutor.execute(TestCaseExecutor.java:235)
	at com.kms.katalon.core.main.TestSuiteExecutor.accessTestCaseMainPhase(TestSuiteExecutor.java:191)
	at com.kms.katalon.core.main.TestSuiteExecutor.accessTestSuiteMainPhase(TestSuiteExecutor.java:141)
	at com.kms.katalon.core.main.TestSuiteExecutor.execute(TestSuiteExecutor.java:90)
	at com.kms.katalon.core.main.TestCaseMain.startTestSuite(TestCaseMain.java:157)
	at com.kms.katalon.core.main.TestCaseMain$startTestSuite$0.call(Unknown Source)
	at TempTestSuite1602352382960.run(TempTestSuite1602352382960.groovy:39)
Caused by: com.kms.katalon.core.webui.exception.WebElementNotFoundException: Web element with id: 'Object Repository/FDR-VoucherEntry/DistributionLine/waiverName' located by '//input[@id='waiverNameId']' not found
	at com.kms.katalon.core.webui.common.WebUiCommonHelper.findWebElement(WebUiCommonHelper.java:1368)
	at com.kms.katalon.core.webui.keyword.internal.WebUIAbstractKeyword.findWebElement(WebUIAbstractKeyword.groovy:27)
	at com.kms.katalon.core.webui.keyword.internal.WebUIAbstractKeyword.findWebElement(WebUIAbstractKeyword.groovy:26)
	at com.kms.katalon.core.webui.keyword.builtin.SendKeysKeyword$_sendKeys_closure1.doCall(SendKeysKeyword.groovy:52)
	at com.kms.katalon.core.webui.keyword.builtin.SendKeysKeyword$_sendKeys_closure1.call(SendKeysKeyword.groovy)
	at com.kms.katalon.core.webui.keyword.internal.WebUIKeywordMain.runKeyword(WebUIKeywordMain.groovy:20)
	at com.kms.katalon.core.webui.keyword.builtin.SendKeysKeyword.sendKeys(SendKeysKeyword.groovy:60)
	at com.kms.katalon.core.webui.keyword.builtin.SendKeysKeyword.execute(SendKeysKeyword.groovy:38)
	at com.kms.katalon.core.keyword.internal.KeywordExecutor.executeKeywordForPlatform(KeywordExecutor.groovy:73)
	at com.kms.katalon.core.webui.keyword.WebUiBuiltInKeywords.sendKeys(WebUiBuiltInKeywords.groovy:861)
	at com.kms.katalon.core.webui.keyword.WebUiBuiltInKeywords$sendKeys$8.call(Unknown Source)
	at Script1601336873323.run(Script1601336873323.groovy:124)
	... 13 more
)

2020-10-10 11:22:49 - [MESSAGE][INFO] - Unable to find the element located by 'By.xpath: //input[@id='waiverNameId']'. Please recheck the objects properties to make sure the desired element is located. 

2020-10-10 11:22:49 - [MESSAGE][FAILED] - Unable to send keys '' to object 'Object Repository/FDR-VoucherEntry/DistributionLine/waiverName' (Root cause: com.kms.katalon.core.exception.StepFailedException: Unable to send keys '' to object 'Object Repository/FDR-VoucherEntry/DistributionLine/waiverName'
	at com.kms.katalon.core.webui.keyword.internal.WebUIKeywordMain.stepFailed(WebUIKeywordMain.groovy:64)
	at com.kms.katalon.core.webui.keyword.internal.WebUIKeywordMain.runKeyword(WebUIKeywordMain.groovy:26)
	at com.kms.katalon.core.webui.keyword.builtin.SendKeysKeyword.sendKeys(SendKeysKeyword.groovy:60)
	at com.kms.katalon.core.webui.keyword.builtin.SendKeysKeyword.execute(SendKeysKeyword.groovy:38)
	at com.kms.katalon.core.keyword.internal.KeywordExecutor.executeKeywordForPlatform(KeywordExecutor.groovy:73)
	at com.kms.katalon.core.webui.keyword.WebUiBuiltInKeywords.sendKeys(WebUiBuiltInKeywords.groovy:861)
	at com.kms.katalon.core.webui.keyword.WebUiBuiltInKeywords$sendKeys$8.call(Unknown Source)
	at TC_5-FDR_E2E-INTEGRATED-REFERENCE-DATA-VOUCHER-FLOW.run(TC_5-FDR_E2E-INTEGRATED-REFERENCE-DATA-VOUCHER-FLOW:124)
	at com.kms.katalon.core.main.ScriptEngine.run(ScriptEngine.java:194)
	at com.kms.katalon.core.main.ScriptEngine.runScriptAsRawText(ScriptEngine.java:119)
	at com.kms.katalon.core.main.TestCaseExecutor.runScript(TestCaseExecutor.java:339)
	at com.kms.katalon.core.main.TestCaseExecutor.doExecute(TestCaseExecutor.java:330)
	at com.kms.katalon.core.main.TestCaseExecutor.processExecutionPhase(TestCaseExecutor.java:309)
	at com.kms.katalon.core.main.TestCaseExecutor.accessMainPhase(TestCaseExecutor.java:301)
	at com.kms.katalon.core.main.TestCaseExecutor.execute(TestCaseExecutor.java:235)
	at com.kms.katalon.core.main.TestSuiteExecutor.accessTestCaseMainPhase(TestSuiteExecutor.java:191)
	at com.kms.katalon.core.main.TestSuiteExecutor.accessTestSuiteMainPhase(TestSuiteExecutor.java:141)
	at com.kms.katalon.core.main.TestSuiteExecutor.execute(TestSuiteExecutor.java:90)
	at com.kms.katalon.core.main.TestCaseMain.startTestSuite(TestCaseMain.java:157)
	at com.kms.katalon.core.main.TestCaseMain$startTestSuite$0.call(Unknown Source)
	at TempTestSuite1602352382960.run(TempTestSuite1602352382960.groovy:39)
Caused by: com.kms.katalon.core.webui.exception.WebElementNotFoundException: Web element with id: 'Object Repository/FDR-VoucherEntry/DistributionLine/waiverName' located by '//input[@id='waiverNameId']' not found
	at com.kms.katalon.core.webui.common.WebUiCommonHelper.findWebElement(WebUiCommonHelper.java:1368)
	at com.kms.katalon.core.webui.keyword.internal.WebUIAbstractKeyword.findWebElement(WebUIAbstractKeyword.groovy:27)
	at com.kms.katalon.core.webui.keyword.internal.WebUIAbstractKeyword.findWebElement(WebUIAbstractKeyword.groovy:26)
	at com.kms.katalon.core.webui.keyword.builtin.SendKeysKeyword$_sendKeys_closure1.doCall(SendKeysKeyword.groovy:52)
	at com.kms.katalon.core.webui.keyword.builtin.SendKeysKeyword$_sendKeys_closure1.call(SendKeysKeyword.groovy)
	at com.kms.katalon.core.webui.keyword.internal.WebUIKeywordMain.runKeyword(WebUIKeywordMain.groovy:20)
	at com.kms.katalon.core.webui.keyword.builtin.SendKeysKeyword.sendKeys(SendKeysKeyword.groovy:60)
	at com.kms.katalon.core.webui.keyword.builtin.SendKeysKeyword.execute(SendKeysKeyword.groovy:38)
	at com.kms.katalon.core.keyword.internal.KeywordExecutor.executeKeywordForPlatform(KeywordExecutor.groovy:73)
	at com.kms.katalon.core.webui.keyword.WebUiBuiltInKeywords.sendKeys(WebUiBuiltInKeywords.groovy:861)
	at com.kms.katalon.core.webui.keyword.WebUiBuiltInKeywords$sendKeys$8.call(Unknown Source)
	at Script1601336873323.run(Script1601336873323.groovy:124)
	... 13 more
)
[[ATTACHMENT|C:\\My_GitHub_Regression_working\\FDR-Katalon-Regression\\Reports\\20201010_105302\\FDR_E2E-REGRESSION-TESTS\\20201010_105302\\1602354169478.png]]

2020-10-10 11:22:49 - [TEST_STEP][FAILED] - click(findTestObject("FDR-VoucherEntry/DistributionLine/waiverType")): Unable to click on object 'Object Repository/FDR-VoucherEntry/DistributionLine/waiverType' (Root cause: com.kms.katalon.core.exception.StepFailedException: Unable to click on object 'Object Repository/FDR-VoucherEntry/DistributionLine/waiverType'
	at com.kms.katalon.core.webui.keyword.internal.WebUIKeywordMain.stepFailed(WebUIKeywordMain.groovy:64)
	at com.kms.katalon.core.webui.keyword.internal.WebUIKeywordMain.runKeyword(WebUIKeywordMain.groovy:26)
	at com.kms.katalon.core.webui.keyword.builtin.ClickKeyword.click(ClickKeyword.groovy:76)
	at com.kms.katalon.core.webui.keyword.builtin.ClickKeyword.execute(ClickKeyword.groovy:43)
	at com.kms.katalon.core.keyword.internal.KeywordExecutor.executeKeywordForPlatform(KeywordExecutor.groovy:73)
	at com.kms.katalon.core.webui.keyword.WebUiBuiltInKeywords.click(WebUiBuiltInKeywords.groovy:617)
	at com.kms.katalon.core.webui.keyword.WebUiBuiltInKeywords$click$5.call(Unknown Source)
	at TC_5-FDR_E2E-INTEGRATED-REFERENCE-DATA-VOUCHER-FLOW.run(TC_5-FDR_E2E-INTEGRATED-REFERENCE-DATA-VOUCHER-FLOW:126)
	at com.kms.katalon.core.main.ScriptEngine.run(ScriptEngine.java:194)
	at com.kms.katalon.core.main.ScriptEngine.runScriptAsRawText(ScriptEngine.java:119)
	at com.kms.katalon.core.main.TestCaseExecutor.runScript(TestCaseExecutor.java:339)
	at com.kms.katalon.core.main.TestCaseExecutor.doExecute(TestCaseExecutor.java:330)
	at com.kms.katalon.core.main.TestCaseExecutor.processExecutionPhase(TestCaseExecutor.java:309)
	at com.kms.katalon.core.main.TestCaseExecutor.accessMainPhase(TestCaseExecutor.java:301)
	at com.kms.katalon.core.main.TestCaseExecutor.execute(TestCaseExecutor.java:235)
	at com.kms.katalon.core.main.TestSuiteExecutor.accessTestCaseMainPhase(TestSuiteExecutor.java:191)
	at com.kms.katalon.core.main.TestSuiteExecutor.accessTestSuiteMainPhase(TestSuiteExecutor.java:141)
	at com.kms.katalon.core.main.TestSuiteExecutor.execute(TestSuiteExecutor.java:90)
	at com.kms.katalon.core.main.TestCaseMain.startTestSuite(TestCaseMain.java:157)
	at com.kms.katalon.core.main.TestCaseMain$startTestSuite$0.call(Unknown Source)
	at TempTestSuite1602352382960.run(TempTestSuite1602352382960.groovy:39)
Caused by: com.kms.katalon.core.webui.exception.WebElementNotFoundException: Web element with id: 'Object Repository/FDR-VoucherEntry/DistributionLine/waiverType' located by '//input[@id='waiverTypeId']' not found
	at com.kms.katalon.core.webui.common.WebUiCommonHelper.findWebElement(WebUiCommonHelper.java:1368)
	at com.kms.katalon.core.webui.keyword.internal.WebUIAbstractKeyword.findWebElement(WebUIAbstractKeyword.groovy:27)
	at com.kms.katalon.core.webui.keyword.internal.WebUIAbstractKeyword.findWebElement(WebUIAbstractKeyword.groovy:26)
	at com.kms.katalon.core.webui.keyword.builtin.ClickKeyword$_click_closure1.doCall(ClickKeyword.groovy:67)
	at com.kms.katalon.core.webui.keyword.builtin.ClickKeyword$_click_closure1.call(ClickKeyword.groovy)
	at com.kms.katalon.core.webui.keyword.internal.WebUIKeywordMain.runKeyword(WebUIKeywordMain.groovy:20)
	at com.kms.katalon.core.webui.keyword.builtin.ClickKeyword.click(ClickKeyword.groovy:76)
	at com.kms.katalon.core.webui.keyword.builtin.ClickKeyword.execute(ClickKeyword.groovy:43)
	at com.kms.katalon.core.keyword.internal.KeywordExecutor.executeKeywordForPlatform(KeywordExecutor.groovy:73)
	at com.kms.katalon.core.webui.keyword.WebUiBuiltInKeywords.click(WebUiBuiltInKeywords.groovy:617)
	at com.kms.katalon.core.webui.keyword.WebUiBuiltInKeywords$click$5.call(Unknown Source)
	at Script1601336873323.run(Script1601336873323.groovy:126)
	... 13 more
)

2020-10-10 11:22:53 - [MESSAGE][INFO] - Unable to find the element located by 'By.xpath: //input[@id='waiverTypeId']'. Please recheck the objects properties to make sure the desired element is located. 

2020-10-10 11:22:54 - [MESSAGE][FAILED] - Unable to click on object 'Object Repository/FDR-VoucherEntry/DistributionLine/waiverType' (Root cause: com.kms.katalon.core.exception.StepFailedException: Unable to click on object 'Object Repository/FDR-VoucherEntry/DistributionLine/waiverType'
	at com.kms.katalon.core.webui.keyword.internal.WebUIKeywordMain.stepFailed(WebUIKeywordMain.groovy:64)
	at com.kms.katalon.core.webui.keyword.internal.WebUIKeywordMain.runKeyword(WebUIKeywordMain.groovy:26)
	at com.kms.katalon.core.webui.keyword.builtin.ClickKeyword.click(ClickKeyword.groovy:76)
	at com.kms.katalon.core.webui.keyword.builtin.ClickKeyword.execute(ClickKeyword.groovy:43)
	at com.kms.katalon.core.keyword.internal.KeywordExecutor.executeKeywordForPlatform(KeywordExecutor.groovy:73)
	at com.kms.katalon.core.webui.keyword.WebUiBuiltInKeywords.click(WebUiBuiltInKeywords.groovy:617)
	at com.kms.katalon.core.webui.keyword.WebUiBuiltInKeywords$click$5.call(Unknown Source)
	at TC_5-FDR_E2E-INTEGRATED-REFERENCE-DATA-VOUCHER-FLOW.run(TC_5-FDR_E2E-INTEGRATED-REFERENCE-DATA-VOUCHER-FLOW:126)
	at com.kms.katalon.core.main.ScriptEngine.run(ScriptEngine.java:194)
	at com.kms.katalon.core.main.ScriptEngine.runScriptAsRawText(ScriptEngine.java:119)
	at com.kms.katalon.core.main.TestCaseExecutor.runScript(TestCaseExecutor.java:339)
	at com.kms.katalon.core.main.TestCaseExecutor.doExecute(TestCaseExecutor.java:330)
	at com.kms.katalon.core.main.TestCaseExecutor.processExecutionPhase(TestCaseExecutor.java:309)
	at com.kms.katalon.core.main.TestCaseExecutor.accessMainPhase(TestCaseExecutor.java:301)
	at com.kms.katalon.core.main.TestCaseExecutor.execute(TestCaseExecutor.java:235)
	at com.kms.katalon.core.main.TestSuiteExecutor.accessTestCaseMainPhase(TestSuiteExecutor.java:191)
	at com.kms.katalon.core.main.TestSuiteExecutor.accessTestSuiteMainPhase(TestSuiteExecutor.java:141)
	at com.kms.katalon.core.main.TestSuiteExecutor.execute(TestSuiteExecutor.java:90)
	at com.kms.katalon.core.main.TestCaseMain.startTestSuite(TestCaseMain.java:157)
	at com.kms.katalon.core.main.TestCaseMain$startTestSuite$0.call(Unknown Source)
	at TempTestSuite1602352382960.run(TempTestSuite1602352382960.groovy:39)
Caused by: com.kms.katalon.core.webui.exception.WebElementNotFoundException: Web element with id: 'Object Repository/FDR-VoucherEntry/DistributionLine/waiverType' located by '//input[@id='waiverTypeId']' not found
	at com.kms.katalon.core.webui.common.WebUiCommonHelper.findWebElement(WebUiCommonHelper.java:1368)
	at com.kms.katalon.core.webui.keyword.internal.WebUIAbstractKeyword.findWebElement(WebUIAbstractKeyword.groovy:27)
	at com.kms.katalon.core.webui.keyword.internal.WebUIAbstractKeyword.findWebElement(WebUIAbstractKeyword.groovy:26)
	at com.kms.katalon.core.webui.keyword.builtin.ClickKeyword$_click_closure1.doCall(ClickKeyword.groovy:67)
	at com.kms.katalon.core.webui.keyword.builtin.ClickKeyword$_click_closure1.call(ClickKeyword.groovy)
	at com.kms.katalon.core.webui.keyword.internal.WebUIKeywordMain.runKeyword(WebUIKeywordMain.groovy:20)
	at com.kms.katalon.core.webui.keyword.builtin.ClickKeyword.click(ClickKeyword.groovy:76)
	at com.kms.katalon.core.webui.keyword.builtin.ClickKeyword.execute(ClickKeyword.groovy:43)
	at com.kms.katalon.core.keyword.internal.KeywordExecutor.executeKeywordForPlatform(KeywordExecutor.groovy:73)
	at com.kms.katalon.core.webui.keyword.WebUiBuiltInKeywords.click(WebUiBuiltInKeywords.groovy:617)
	at com.kms.katalon.core.webui.keyword.WebUiBuiltInKeywords$click$5.call(Unknown Source)
	at Script1601336873323.run(Script1601336873323.groovy:126)
	... 13 more
)
[[ATTACHMENT|C:\\My_GitHub_Regression_working\\FDR-Katalon-Regression\\Reports\\20201010_105302\\FDR_E2E-REGRESSION-TESTS\\20201010_105302\\1602354173877.png]]

2020-10-10 11:22:54 - [TEST_STEP][FAILED] - setText(findTestObject("FDR-VoucherEntry/DistributionLine/waiverType"), Datasheet.getValue("waiverType", 1)): Unable to set text '2020' of object 'Object Repository/FDR-VoucherEntry/DistributionLine/waiverType' (Root cause: com.kms.katalon.core.exception.StepFailedException: Unable to set text '2020' of object 'Object Repository/FDR-VoucherEntry/DistributionLine/waiverType'
	at com.kms.katalon.core.webui.keyword.internal.WebUIKeywordMain.stepFailed(WebUIKeywordMain.groovy:64)
	at com.kms.katalon.core.webui.keyword.internal.WebUIKeywordMain.runKeyword(WebUIKeywordMain.groovy:26)
	at com.kms.katalon.core.webui.keyword.builtin.SetTextKeyword.setText(SetTextKeyword.groovy:66)
	at com.kms.katalon.core.webui.keyword.builtin.SetTextKeyword.execute(SetTextKeyword.groovy:37)
	at com.kms.katalon.core.keyword.internal.KeywordExecutor.executeKeywordForPlatform(KeywordExecutor.groovy:73)
	at com.kms.katalon.core.webui.keyword.WebUiBuiltInKeywords.setText(WebUiBuiltInKeywords.groovy:977)
	at com.kms.katalon.core.webui.keyword.WebUiBuiltInKeywords$setText$3.call(Unknown Source)
	at TC_5-FDR_E2E-INTEGRATED-REFERENCE-DATA-VOUCHER-FLOW.run(TC_5-FDR_E2E-INTEGRATED-REFERENCE-DATA-VOUCHER-FLOW:127)
	at com.kms.katalon.core.main.ScriptEngine.run(ScriptEngine.java:194)
	at com.kms.katalon.core.main.ScriptEngine.runScriptAsRawText(ScriptEngine.java:119)
	at com.kms.katalon.core.main.TestCaseExecutor.runScript(TestCaseExecutor.java:339)
	at com.kms.katalon.core.main.TestCaseExecutor.doExecute(TestCaseExecutor.java:330)
	at com.kms.katalon.core.main.TestCaseExecutor.processExecutionPhase(TestCaseExecutor.java:309)
	at com.kms.katalon.core.main.TestCaseExecutor.accessMainPhase(TestCaseExecutor.java:301)
	at com.kms.katalon.core.main.TestCaseExecutor.execute(TestCaseExecutor.java:235)
	at com.kms.katalon.core.main.TestSuiteExecutor.accessTestCaseMainPhase(TestSuiteExecutor.java:191)
	at com.kms.katalon.core.main.TestSuiteExecutor.accessTestSuiteMainPhase(TestSuiteExecutor.java:141)
	at com.kms.katalon.core.main.TestSuiteExecutor.execute(TestSuiteExecutor.java:90)
	at com.kms.katalon.core.main.TestCaseMain.startTestSuite(TestCaseMain.java:157)
	at com.kms.katalon.core.main.TestCaseMain$startTestSuite$0.call(Unknown Source)
	at TempTestSuite1602352382960.run(TempTestSuite1602352382960.groovy:39)
Caused by: com.kms.katalon.core.webui.exception.WebElementNotFoundException: Web element with id: 'Object Repository/FDR-VoucherEntry/DistributionLine/waiverType' located by '//input[@id='waiverTypeId']' not found
	at com.kms.katalon.core.webui.common.WebUiCommonHelper.findWebElement(WebUiCommonHelper.java:1368)
	at com.kms.katalon.core.webui.keyword.internal.WebUIAbstractKeyword.findWebElement(WebUIAbstractKeyword.groovy:27)
	at com.kms.katalon.core.webui.keyword.internal.WebUIAbstractKeyword.findWebElement(WebUIAbstractKeyword.groovy:26)
	at com.kms.katalon.core.webui.keyword.builtin.SetTextKeyword$_setText_closure1.doCall(SetTextKeyword.groovy:51)
	at com.kms.katalon.core.webui.keyword.builtin.SetTextKeyword$_setText_closure1.call(SetTextKeyword.groovy)
	at com.kms.katalon.core.webui.keyword.internal.WebUIKeywordMain.runKeyword(WebUIKeywordMain.groovy:20)
	at com.kms.katalon.core.webui.keyword.builtin.SetTextKeyword.setText(SetTextKeyword.groovy:66)
	at com.kms.katalon.core.webui.keyword.builtin.SetTextKeyword.execute(SetTextKeyword.groovy:37)
	at com.kms.katalon.core.keyword.internal.KeywordExecutor.executeKeywordForPlatform(KeywordExecutor.groovy:73)
	at com.kms.katalon.core.webui.keyword.WebUiBuiltInKeywords.setText(WebUiBuiltInKeywords.groovy:977)
	at com.kms.katalon.core.webui.keyword.WebUiBuiltInKeywords$setText$3.call(Unknown Source)
	at Script1601336873323.run(Script1601336873323.groovy:127)
	... 13 more
)

2020-10-10 11:22:58 - [MESSAGE][INFO] - Unable to find the element located by 'By.xpath: //input[@id='waiverTypeId']'. Please recheck the objects properties to make sure the desired element is located. 

2020-10-10 11:22:58 - [MESSAGE][FAILED] - Unable to set text '2020' of object 'Object Repository/FDR-VoucherEntry/DistributionLine/waiverType' (Root cause: com.kms.katalon.core.exception.StepFailedException: Unable to set text '2020' of object 'Object Repository/FDR-VoucherEntry/DistributionLine/waiverType'
	at com.kms.katalon.core.webui.keyword.internal.WebUIKeywordMain.stepFailed(WebUIKeywordMain.groovy:64)
	at com.kms.katalon.core.webui.keyword.internal.WebUIKeywordMain.runKeyword(WebUIKeywordMain.groovy:26)
	at com.kms.katalon.core.webui.keyword.builtin.SetTextKeyword.setText(SetTextKeyword.groovy:66)
	at com.kms.katalon.core.webui.keyword.builtin.SetTextKeyword.execute(SetTextKeyword.groovy:37)
	at com.kms.katalon.core.keyword.internal.KeywordExecutor.executeKeywordForPlatform(KeywordExecutor.groovy:73)
	at com.kms.katalon.core.webui.keyword.WebUiBuiltInKeywords.setText(WebUiBuiltInKeywords.groovy:977)
	at com.kms.katalon.core.webui.keyword.WebUiBuiltInKeywords$setText$3.call(Unknown Source)
	at TC_5-FDR_E2E-INTEGRATED-REFERENCE-DATA-VOUCHER-FLOW.run(TC_5-FDR_E2E-INTEGRATED-REFERENCE-DATA-VOUCHER-FLOW:127)
	at com.kms.katalon.core.main.ScriptEngine.run(ScriptEngine.java:194)
	at com.kms.katalon.core.main.ScriptEngine.runScriptAsRawText(ScriptEngine.java:119)
	at com.kms.katalon.core.main.TestCaseExecutor.runScript(TestCaseExecutor.java:339)
	at com.kms.katalon.core.main.TestCaseExecutor.doExecute(TestCaseExecutor.java:330)
	at com.kms.katalon.core.main.TestCaseExecutor.processExecutionPhase(TestCaseExecutor.java:309)
	at com.kms.katalon.core.main.TestCaseExecutor.accessMainPhase(TestCaseExecutor.java:301)
	at com.kms.katalon.core.main.TestCaseExecutor.execute(TestCaseExecutor.java:235)
	at com.kms.katalon.core.main.TestSuiteExecutor.accessTestCaseMainPhase(TestSuiteExecutor.java:191)
	at com.kms.katalon.core.main.TestSuiteExecutor.accessTestSuiteMainPhase(TestSuiteExecutor.java:141)
	at com.kms.katalon.core.main.TestSuiteExecutor.execute(TestSuiteExecutor.java:90)
	at com.kms.katalon.core.main.TestCaseMain.startTestSuite(TestCaseMain.java:157)
	at com.kms.katalon.core.main.TestCaseMain$startTestSuite$0.call(Unknown Source)
	at TempTestSuite1602352382960.run(TempTestSuite1602352382960.groovy:39)
Caused by: com.kms.katalon.core.webui.exception.WebElementNotFoundException: Web element with id: 'Object Repository/FDR-VoucherEntry/DistributionLine/waiverType' located by '//input[@id='waiverTypeId']' not found
	at com.kms.katalon.core.webui.common.WebUiCommonHelper.findWebElement(WebUiCommonHelper.java:1368)
	at com.kms.katalon.core.webui.keyword.internal.WebUIAbstractKeyword.findWebElement(WebUIAbstractKeyword.groovy:27)
	at com.kms.katalon.core.webui.keyword.internal.WebUIAbstractKeyword.findWebElement(WebUIAbstractKeyword.groovy:26)
	at com.kms.katalon.core.webui.keyword.builtin.SetTextKeyword$_setText_closure1.doCall(SetTextKeyword.groovy:51)
	at com.kms.katalon.core.webui.keyword.builtin.SetTextKeyword$_setText_closure1.call(SetTextKeyword.groovy)
	at com.kms.katalon.core.webui.keyword.internal.WebUIKeywordMain.runKeyword(WebUIKeywordMain.groovy:20)
	at com.kms.katalon.core.webui.keyword.builtin.SetTextKeyword.setText(SetTextKeyword.groovy:66)
	at com.kms.katalon.core.webui.keyword.builtin.SetTextKeyword.execute(SetTextKeyword.groovy:37)
	at com.kms.katalon.core.keyword.internal.KeywordExecutor.executeKeywordForPlatform(KeywordExecutor.groovy:73)
	at com.kms.katalon.core.webui.keyword.WebUiBuiltInKeywords.setText(WebUiBuiltInKeywords.groovy:977)
	at com.kms.katalon.core.webui.keyword.WebUiBuiltInKeywords$setText$3.call(Unknown Source)
	at Script1601336873323.run(Script1601336873323.groovy:127)
	... 13 more
)
[[ATTACHMENT|C:\\My_GitHub_Regression_working\\FDR-Katalon-Regression\\Reports\\20201010_105302\\FDR_E2E-REGRESSION-TESTS\\20201010_105302\\1602354178447.png]]

2020-10-10 11:22:58 - [TEST_STEP][FAILED] - sendKeys(findTestObject("FDR-VoucherEntry/DistributionLine/waiverType"), Keys.chord(DOWN, ENTER)): Unable to send keys '' to object 'Object Repository/FDR-VoucherEntry/DistributionLine/waiverType' (Root cause: com.kms.katalon.core.exception.StepFailedException: Unable to send keys '' to object 'Object Repository/FDR-VoucherEntry/DistributionLine/waiverType'
	at com.kms.katalon.core.webui.keyword.internal.WebUIKeywordMain.stepFailed(WebUIKeywordMain.groovy:64)
	at com.kms.katalon.core.webui.keyword.internal.WebUIKeywordMain.runKeyword(WebUIKeywordMain.groovy:26)
	at com.kms.katalon.core.webui.keyword.builtin.SendKeysKeyword.sendKeys(SendKeysKeyword.groovy:60)
	at com.kms.katalon.core.webui.keyword.builtin.SendKeysKeyword.execute(SendKeysKeyword.groovy:38)
	at com.kms.katalon.core.keyword.internal.KeywordExecutor.executeKeywordForPlatform(KeywordExecutor.groovy:73)
	at com.kms.katalon.core.webui.keyword.WebUiBuiltInKeywords.sendKeys(WebUiBuiltInKeywords.groovy:861)
	at com.kms.katalon.core.webui.keyword.WebUiBuiltInKeywords$sendKeys$8.call(Unknown Source)
	at TC_5-FDR_E2E-INTEGRATED-REFERENCE-DATA-VOUCHER-FLOW.run(TC_5-FDR_E2E-INTEGRATED-REFERENCE-DATA-VOUCHER-FLOW:128)
	at com.kms.katalon.core.main.ScriptEngine.run(ScriptEngine.java:194)
	at com.kms.katalon.core.main.ScriptEngine.runScriptAsRawText(ScriptEngine.java:119)
	at com.kms.katalon.core.main.TestCaseExecutor.runScript(TestCaseExecutor.java:339)
	at com.kms.katalon.core.main.TestCaseExecutor.doExecute(TestCaseExecutor.java:330)
	at com.kms.katalon.core.main.TestCaseExecutor.processExecutionPhase(TestCaseExecutor.java:309)
	at com.kms.katalon.core.main.TestCaseExecutor.accessMainPhase(TestCaseExecutor.java:301)
	at com.kms.katalon.core.main.TestCaseExecutor.execute(TestCaseExecutor.java:235)
	at com.kms.katalon.core.main.TestSuiteExecutor.accessTestCaseMainPhase(TestSuiteExecutor.java:191)
	at com.kms.katalon.core.main.TestSuiteExecutor.accessTestSuiteMainPhase(TestSuiteExecutor.java:141)
	at com.kms.katalon.core.main.TestSuiteExecutor.execute(TestSuiteExecutor.java:90)
	at com.kms.katalon.core.main.TestCaseMain.startTestSuite(TestCaseMain.java:157)
	at com.kms.katalon.core.main.TestCaseMain$startTestSuite$0.call(Unknown Source)
	at TempTestSuite1602352382960.run(TempTestSuite1602352382960.groovy:39)
Caused by: com.kms.katalon.core.webui.exception.WebElementNotFoundException: Web element with id: 'Object Repository/FDR-VoucherEntry/DistributionLine/waiverType' located by '//input[@id='waiverTypeId']' not found
	at com.kms.katalon.core.webui.common.WebUiCommonHelper.findWebElement(WebUiCommonHelper.java:1368)
	at com.kms.katalon.core.webui.keyword.internal.WebUIAbstractKeyword.findWebElement(WebUIAbstractKeyword.groovy:27)
	at com.kms.katalon.core.webui.keyword.internal.WebUIAbstractKeyword.findWebElement(WebUIAbstractKeyword.groovy:26)
	at com.kms.katalon.core.webui.keyword.builtin.SendKeysKeyword$_sendKeys_closure1.doCall(SendKeysKeyword.groovy:52)
	at com.kms.katalon.core.webui.keyword.builtin.SendKeysKeyword$_sendKeys_closure1.call(SendKeysKeyword.groovy)
	at com.kms.katalon.core.webui.keyword.internal.WebUIKeywordMain.runKeyword(WebUIKeywordMain.groovy:20)
	at com.kms.katalon.core.webui.keyword.builtin.SendKeysKeyword.sendKeys(SendKeysKeyword.groovy:60)
	at com.kms.katalon.core.webui.keyword.builtin.SendKeysKeyword.execute(SendKeysKeyword.groovy:38)
	at com.kms.katalon.core.keyword.internal.KeywordExecutor.executeKeywordForPlatform(KeywordExecutor.groovy:73)
	at com.kms.katalon.core.webui.keyword.WebUiBuiltInKeywords.sendKeys(WebUiBuiltInKeywords.groovy:861)
	at com.kms.katalon.core.webui.keyword.WebUiBuiltInKeywords$sendKeys$8.call(Unknown Source)
	at Script1601336873323.run(Script1601336873323.groovy:128)
	... 13 more
)

2020-10-10 11:23:02 - [MESSAGE][INFO] - Unable to find the element located by 'By.xpath: //input[@id='waiverTypeId']'. Please recheck the objects properties to make sure the desired element is located. 

2020-10-10 11:23:03 - [MESSAGE][FAILED] - Unable to send keys '' to object 'Object Repository/FDR-VoucherEntry/DistributionLine/waiverType' (Root cause: com.kms.katalon.core.exception.StepFailedException: Unable to send keys '' to object 'Object Repository/FDR-VoucherEntry/DistributionLine/waiverType'
	at com.kms.katalon.core.webui.keyword.internal.WebUIKeywordMain.stepFailed(WebUIKeywordMain.groovy:64)
	at com.kms.katalon.core.webui.keyword.internal.WebUIKeywordMain.runKeyword(WebUIKeywordMain.groovy:26)
	at com.kms.katalon.core.webui.keyword.builtin.SendKeysKeyword.sendKeys(SendKeysKeyword.groovy:60)
	at com.kms.katalon.core.webui.keyword.builtin.SendKeysKeyword.execute(SendKeysKeyword.groovy:38)
	at com.kms.katalon.core.keyword.internal.KeywordExecutor.executeKeywordForPlatform(KeywordExecutor.groovy:73)
	at com.kms.katalon.core.webui.keyword.WebUiBuiltInKeywords.sendKeys(WebUiBuiltInKeywords.groovy:861)
	at com.kms.katalon.core.webui.keyword.WebUiBuiltInKeywords$sendKeys$8.call(Unknown Source)
	at TC_5-FDR_E2E-INTEGRATED-REFERENCE-DATA-VOUCHER-FLOW.run(TC_5-FDR_E2E-INTEGRATED-REFERENCE-DATA-VOUCHER-FLOW:128)
	at com.kms.katalon.core.main.ScriptEngine.run(ScriptEngine.java:194)
	at com.kms.katalon.core.main.ScriptEngine.runScriptAsRawText(ScriptEngine.java:119)
	at com.kms.katalon.core.main.TestCaseExecutor.runScript(TestCaseExecutor.java:339)
	at com.kms.katalon.core.main.TestCaseExecutor.doExecute(TestCaseExecutor.java:330)
	at com.kms.katalon.core.main.TestCaseExecutor.processExecutionPhase(TestCaseExecutor.java:309)
	at com.kms.katalon.core.main.TestCaseExecutor.accessMainPhase(TestCaseExecutor.java:301)
	at com.kms.katalon.core.main.TestCaseExecutor.execute(TestCaseExecutor.java:235)
	at com.kms.katalon.core.main.TestSuiteExecutor.accessTestCaseMainPhase(TestSuiteExecutor.java:191)
	at com.kms.katalon.core.main.TestSuiteExecutor.accessTestSuiteMainPhase(TestSuiteExecutor.java:141)
	at com.kms.katalon.core.main.TestSuiteExecutor.execute(TestSuiteExecutor.java:90)
	at com.kms.katalon.core.main.TestCaseMain.startTestSuite(TestCaseMain.java:157)
	at com.kms.katalon.core.main.TestCaseMain$startTestSuite$0.call(Unknown Source)
	at TempTestSuite1602352382960.run(TempTestSuite1602352382960.groovy:39)
Caused by: com.kms.katalon.core.webui.exception.WebElementNotFoundException: Web element with id: 'Object Repository/FDR-VoucherEntry/DistributionLine/waiverType' located by '//input[@id='waiverTypeId']' not found
	at com.kms.katalon.core.webui.common.WebUiCommonHelper.findWebElement(WebUiCommonHelper.java:1368)
	at com.kms.katalon.core.webui.keyword.internal.WebUIAbstractKeyword.findWebElement(WebUIAbstractKeyword.groovy:27)
	at com.kms.katalon.core.webui.keyword.internal.WebUIAbstractKeyword.findWebElement(WebUIAbstractKeyword.groovy:26)
	at com.kms.katalon.core.webui.keyword.builtin.SendKeysKeyword$_sendKeys_closure1.doCall(SendKeysKeyword.groovy:52)
	at com.kms.katalon.core.webui.keyword.builtin.SendKeysKeyword$_sendKeys_closure1.call(SendKeysKeyword.groovy)
	at com.kms.katalon.core.webui.keyword.internal.WebUIKeywordMain.runKeyword(WebUIKeywordMain.groovy:20)
	at com.kms.katalon.core.webui.keyword.builtin.SendKeysKeyword.sendKeys(SendKeysKeyword.groovy:60)
	at com.kms.katalon.core.webui.keyword.builtin.SendKeysKeyword.execute(SendKeysKeyword.groovy:38)
	at com.kms.katalon.core.keyword.internal.KeywordExecutor.executeKeywordForPlatform(KeywordExecutor.groovy:73)
	at com.kms.katalon.core.webui.keyword.WebUiBuiltInKeywords.sendKeys(WebUiBuiltInKeywords.groovy:861)
	at com.kms.katalon.core.webui.keyword.WebUiBuiltInKeywords$sendKeys$8.call(Unknown Source)
	at Script1601336873323.run(Script1601336873323.groovy:128)
	... 13 more
)
[[ATTACHMENT|C:\\My_GitHub_Regression_working\\FDR-Katalon-Regression\\Reports\\20201010_105302\\FDR_E2E-REGRESSION-TESTS\\20201010_105302\\1602354182770.png]]

2020-10-10 11:23:03 - [TEST_STEP][FAILED] - click(findTestObject("FDR-VoucherEntry/DistributionLine/waiverName")): Unable to click on object 'Object Repository/FDR-VoucherEntry/DistributionLine/waiverName' (Root cause: com.kms.katalon.core.exception.StepFailedException: Unable to click on object 'Object Repository/FDR-VoucherEntry/DistributionLine/waiverName'
	at com.kms.katalon.core.webui.keyword.internal.WebUIKeywordMain.stepFailed(WebUIKeywordMain.groovy:64)
	at com.kms.katalon.core.webui.keyword.internal.WebUIKeywordMain.runKeyword(WebUIKeywordMain.groovy:26)
	at com.kms.katalon.core.webui.keyword.builtin.ClickKeyword.click(ClickKeyword.groovy:76)
	at com.kms.katalon.core.webui.keyword.builtin.ClickKeyword.execute(ClickKeyword.groovy:43)
	at com.kms.katalon.core.keyword.internal.KeywordExecutor.executeKeywordForPlatform(KeywordExecutor.groovy:73)
	at com.kms.katalon.core.webui.keyword.WebUiBuiltInKeywords.click(WebUiBuiltInKeywords.groovy:617)
	at com.kms.katalon.core.webui.keyword.WebUiBuiltInKeywords$click$5.call(Unknown Source)
	at TC_5-FDR_E2E-INTEGRATED-REFERENCE-DATA-VOUCHER-FLOW.run(TC_5-FDR_E2E-INTEGRATED-REFERENCE-DATA-VOUCHER-FLOW:129)
	at com.kms.katalon.core.main.ScriptEngine.run(ScriptEngine.java:194)
	at com.kms.katalon.core.main.ScriptEngine.runScriptAsRawText(ScriptEngine.java:119)
	at com.kms.katalon.core.main.TestCaseExecutor.runScript(TestCaseExecutor.java:339)
	at com.kms.katalon.core.main.TestCaseExecutor.doExecute(TestCaseExecutor.java:330)
	at com.kms.katalon.core.main.TestCaseExecutor.processExecutionPhase(TestCaseExecutor.java:309)
	at com.kms.katalon.core.main.TestCaseExecutor.accessMainPhase(TestCaseExecutor.java:301)
	at com.kms.katalon.core.main.TestCaseExecutor.execute(TestCaseExecutor.java:235)
	at com.kms.katalon.core.main.TestSuiteExecutor.accessTestCaseMainPhase(TestSuiteExecutor.java:191)
	at com.kms.katalon.core.main.TestSuiteExecutor.accessTestSuiteMainPhase(TestSuiteExecutor.java:141)
	at com.kms.katalon.core.main.TestSuiteExecutor.execute(TestSuiteExecutor.java:90)
	at com.kms.katalon.core.main.TestCaseMain.startTestSuite(TestCaseMain.java:157)
	at com.kms.katalon.core.main.TestCaseMain$startTestSuite$0.call(Unknown Source)
	at TempTestSuite1602352382960.run(TempTestSuite1602352382960.groovy:39)
Caused by: com.kms.katalon.core.webui.exception.WebElementNotFoundException: Web element with id: 'Object Repository/FDR-VoucherEntry/DistributionLine/waiverName' located by '//input[@id='waiverNameId']' not found
	at com.kms.katalon.core.webui.common.WebUiCommonHelper.findWebElement(WebUiCommonHelper.java:1368)
	at com.kms.katalon.core.webui.keyword.internal.WebUIAbstractKeyword.findWebElement(WebUIAbstractKeyword.groovy:27)
	at com.kms.katalon.core.webui.keyword.internal.WebUIAbstractKeyword.findWebElement(WebUIAbstractKeyword.groovy:26)
	at com.kms.katalon.core.webui.keyword.builtin.ClickKeyword$_click_closure1.doCall(ClickKeyword.groovy:67)
	at com.kms.katalon.core.webui.keyword.builtin.ClickKeyword$_click_closure1.call(ClickKeyword.groovy)
	at com.kms.katalon.core.webui.keyword.internal.WebUIKeywordMain.runKeyword(WebUIKeywordMain.groovy:20)
	at com.kms.katalon.core.webui.keyword.builtin.ClickKeyword.click(ClickKeyword.groovy:76)
	at com.kms.katalon.core.webui.keyword.builtin.ClickKeyword.execute(ClickKeyword.groovy:43)
	at com.kms.katalon.core.keyword.internal.KeywordExecutor.executeKeywordForPlatform(KeywordExecutor.groovy:73)
	at com.kms.katalon.core.webui.keyword.WebUiBuiltInKeywords.click(WebUiBuiltInKeywords.groovy:617)
	at com.kms.katalon.core.webui.keyword.WebUiBuiltInKeywords$click$5.call(Unknown Source)
	at Script1601336873323.run(Script1601336873323.groovy:129)
	... 13 more
)

2020-10-10 11:23:07 - [MESSAGE][INFO] - Unable to find the element located by 'By.xpath: //input[@id='waiverNameId']'. Please recheck the objects properties to make sure the desired element is located. 

2020-10-10 11:23:07 - [MESSAGE][FAILED] - Unable to click on object 'Object Repository/FDR-VoucherEntry/DistributionLine/waiverName' (Root cause: com.kms.katalon.core.exception.StepFailedException: Unable to click on object 'Object Repository/FDR-VoucherEntry/DistributionLine/waiverName'
	at com.kms.katalon.core.webui.keyword.internal.WebUIKeywordMain.stepFailed(WebUIKeywordMain.groovy:64)
	at com.kms.katalon.core.webui.keyword.internal.WebUIKeywordMain.runKeyword(WebUIKeywordMain.groovy:26)
	at com.kms.katalon.core.webui.keyword.builtin.ClickKeyword.click(ClickKeyword.groovy:76)
	at com.kms.katalon.core.webui.keyword.builtin.ClickKeyword.execute(ClickKeyword.groovy:43)
	at com.kms.katalon.core.keyword.internal.KeywordExecutor.executeKeywordForPlatform(KeywordExecutor.groovy:73)
	at com.kms.katalon.core.webui.keyword.WebUiBuiltInKeywords.click(WebUiBuiltInKeywords.groovy:617)
	at com.kms.katalon.core.webui.keyword.WebUiBuiltInKeywords$click$5.call(Unknown Source)
	at TC_5-FDR_E2E-INTEGRATED-REFERENCE-DATA-VOUCHER-FLOW.run(TC_5-FDR_E2E-INTEGRATED-REFERENCE-DATA-VOUCHER-FLOW:129)
	at com.kms.katalon.core.main.ScriptEngine.run(ScriptEngine.java:194)
	at com.kms.katalon.core.main.ScriptEngine.runScriptAsRawText(ScriptEngine.java:119)
	at com.kms.katalon.core.main.TestCaseExecutor.runScript(TestCaseExecutor.java:339)
	at com.kms.katalon.core.main.TestCaseExecutor.doExecute(TestCaseExecutor.java:330)
	at com.kms.katalon.core.main.TestCaseExecutor.processExecutionPhase(TestCaseExecutor.java:309)
	at com.kms.katalon.core.main.TestCaseExecutor.accessMainPhase(TestCaseExecutor.java:301)
	at com.kms.katalon.core.main.TestCaseExecutor.execute(TestCaseExecutor.java:235)
	at com.kms.katalon.core.main.TestSuiteExecutor.accessTestCaseMainPhase(TestSuiteExecutor.java:191)
	at com.kms.katalon.core.main.TestSuiteExecutor.accessTestSuiteMainPhase(TestSuiteExecutor.java:141)
	at com.kms.katalon.core.main.TestSuiteExecutor.execute(TestSuiteExecutor.java:90)
	at com.kms.katalon.core.main.TestCaseMain.startTestSuite(TestCaseMain.java:157)
	at com.kms.katalon.core.main.TestCaseMain$startTestSuite$0.call(Unknown Source)
	at TempTestSuite1602352382960.run(TempTestSuite1602352382960.groovy:39)
Caused by: com.kms.katalon.core.webui.exception.WebElementNotFoundException: Web element with id: 'Object Repository/FDR-VoucherEntry/DistributionLine/waiverName' located by '//input[@id='waiverNameId']' not found
	at com.kms.katalon.core.webui.common.WebUiCommonHelper.findWebElement(WebUiCommonHelper.java:1368)
	at com.kms.katalon.core.webui.keyword.internal.WebUIAbstractKeyword.findWebElement(WebUIAbstractKeyword.groovy:27)
	at com.kms.katalon.core.webui.keyword.internal.WebUIAbstractKeyword.findWebElement(WebUIAbstractKeyword.groovy:26)
	at com.kms.katalon.core.webui.keyword.builtin.ClickKeyword$_click_closure1.doCall(ClickKeyword.groovy:67)
	at com.kms.katalon.core.webui.keyword.builtin.ClickKeyword$_click_closure1.call(ClickKeyword.groovy)
	at com.kms.katalon.core.webui.keyword.internal.WebUIKeywordMain.runKeyword(WebUIKeywordMain.groovy:20)
	at com.kms.katalon.core.webui.keyword.builtin.ClickKeyword.click(ClickKeyword.groovy:76)
	at com.kms.katalon.core.webui.keyword.builtin.ClickKeyword.execute(ClickKeyword.groovy:43)
	at com.kms.katalon.core.keyword.internal.KeywordExecutor.executeKeywordForPlatform(KeywordExecutor.groovy:73)
	at com.kms.katalon.core.webui.keyword.WebUiBuiltInKeywords.click(WebUiBuiltInKeywords.groovy:617)
	at com.kms.katalon.core.webui.keyword.WebUiBuiltInKeywords$click$5.call(Unknown Source)
	at Script1601336873323.run(Script1601336873323.groovy:129)
	... 13 more
)
[[ATTACHMENT|C:\\My_GitHub_Regression_working\\FDR-Katalon-Regression\\Reports\\20201010_105302\\FDR_E2E-REGRESSION-TESTS\\20201010_105302\\1602354187281.png]]

2020-10-10 11:23:07 - [TEST_STEP][FAILED] - click(findTestObject("FDR-VoucherEntry/DistributionLine/account")): Unable to click on object 'Object Repository/FDR-VoucherEntry/DistributionLine/account' (Root cause: com.kms.katalon.core.exception.StepFailedException: Unable to click on object 'Object Repository/FDR-VoucherEntry/DistributionLine/account'
	at com.kms.katalon.core.webui.keyword.internal.WebUIKeywordMain.stepFailed(WebUIKeywordMain.groovy:64)
	at com.kms.katalon.core.webui.keyword.internal.WebUIKeywordMain.runKeyword(WebUIKeywordMain.groovy:26)
	at com.kms.katalon.core.webui.keyword.builtin.ClickKeyword.click(ClickKeyword.groovy:76)
	at com.kms.katalon.core.webui.keyword.builtin.ClickKeyword.execute(ClickKeyword.groovy:43)
	at com.kms.katalon.core.keyword.internal.KeywordExecutor.executeKeywordForPlatform(KeywordExecutor.groovy:73)
	at com.kms.katalon.core.webui.keyword.WebUiBuiltInKeywords.click(WebUiBuiltInKeywords.groovy:617)
	at com.kms.katalon.core.webui.keyword.WebUiBuiltInKeywords$click$5.call(Unknown Source)
	at TC_5-FDR_E2E-INTEGRATED-REFERENCE-DATA-VOUCHER-FLOW.run(TC_5-FDR_E2E-INTEGRATED-REFERENCE-DATA-VOUCHER-FLOW:131)
	at com.kms.katalon.core.main.ScriptEngine.run(ScriptEngine.java:194)
	at com.kms.katalon.core.main.ScriptEngine.runScriptAsRawText(ScriptEngine.java:119)
	at com.kms.katalon.core.main.TestCaseExecutor.runScript(TestCaseExecutor.java:339)
	at com.kms.katalon.core.main.TestCaseExecutor.doExecute(TestCaseExecutor.java:330)
	at com.kms.katalon.core.main.TestCaseExecutor.processExecutionPhase(TestCaseExecutor.java:309)
	at com.kms.katalon.core.main.TestCaseExecutor.accessMainPhase(TestCaseExecutor.java:301)
	at com.kms.katalon.core.main.TestCaseExecutor.execute(TestCaseExecutor.java:235)
	at com.kms.katalon.core.main.TestSuiteExecutor.accessTestCaseMainPhase(TestSuiteExecutor.java:191)
	at com.kms.katalon.core.main.TestSuiteExecutor.accessTestSuiteMainPhase(TestSuiteExecutor.java:141)
	at com.kms.katalon.core.main.TestSuiteExecutor.execute(TestSuiteExecutor.java:90)
	at com.kms.katalon.core.main.TestCaseMain.startTestSuite(TestCaseMain.java:157)
	at com.kms.katalon.core.main.TestCaseMain$startTestSuite$0.call(Unknown Source)
	at TempTestSuite1602352382960.run(TempTestSuite1602352382960.groovy:39)
Caused by: com.kms.katalon.core.webui.exception.WebElementNotFoundException: Web element with id: 'Object Repository/FDR-VoucherEntry/DistributionLine/account' located by '//input[@id='accountId']' not found
	at com.kms.katalon.core.webui.common.WebUiCommonHelper.findWebElement(WebUiCommonHelper.java:1368)
	at com.kms.katalon.core.webui.keyword.internal.WebUIAbstractKeyword.findWebElement(WebUIAbstractKeyword.groovy:27)
	at com.kms.katalon.core.webui.keyword.internal.WebUIAbstractKeyword.findWebElement(WebUIAbstractKeyword.groovy:26)
	at com.kms.katalon.core.webui.keyword.builtin.ClickKeyword$_click_closure1.doCall(ClickKeyword.groovy:67)
	at com.kms.katalon.core.webui.keyword.builtin.ClickKeyword$_click_closure1.call(ClickKeyword.groovy)
	at com.kms.katalon.core.webui.keyword.internal.WebUIKeywordMain.runKeyword(WebUIKeywordMain.groovy:20)
	at com.kms.katalon.core.webui.keyword.builtin.ClickKeyword.click(ClickKeyword.groovy:76)
	at com.kms.katalon.core.webui.keyword.builtin.ClickKeyword.execute(ClickKeyword.groovy:43)
	at com.kms.katalon.core.keyword.internal.KeywordExecutor.executeKeywordForPlatform(KeywordExecutor.groovy:73)
	at com.kms.katalon.core.webui.keyword.WebUiBuiltInKeywords.click(WebUiBuiltInKeywords.groovy:617)
	at com.kms.katalon.core.webui.keyword.WebUiBuiltInKeywords$click$5.call(Unknown Source)
	at Script1601336873323.run(Script1601336873323.groovy:131)
	... 13 more
)

2020-10-10 11:23:11 - [MESSAGE][INFO] - Unable to find the element located by 'By.xpath: //input[@id='accountId']'. Please recheck the objects properties to make sure the desired element is located. 

2020-10-10 11:23:12 - [MESSAGE][FAILED] - Unable to click on object 'Object Repository/FDR-VoucherEntry/DistributionLine/account' (Root cause: com.kms.katalon.core.exception.StepFailedException: Unable to click on object 'Object Repository/FDR-VoucherEntry/DistributionLine/account'
	at com.kms.katalon.core.webui.keyword.internal.WebUIKeywordMain.stepFailed(WebUIKeywordMain.groovy:64)
	at com.kms.katalon.core.webui.keyword.internal.WebUIKeywordMain.runKeyword(WebUIKeywordMain.groovy:26)
	at com.kms.katalon.core.webui.keyword.builtin.ClickKeyword.click(ClickKeyword.groovy:76)
	at com.kms.katalon.core.webui.keyword.builtin.ClickKeyword.execute(ClickKeyword.groovy:43)
	at com.kms.katalon.core.keyword.internal.KeywordExecutor.executeKeywordForPlatform(KeywordExecutor.groovy:73)
	at com.kms.katalon.core.webui.keyword.WebUiBuiltInKeywords.click(WebUiBuiltInKeywords.groovy:617)
	at com.kms.katalon.core.webui.keyword.WebUiBuiltInKeywords$click$5.call(Unknown Source)
	at TC_5-FDR_E2E-INTEGRATED-REFERENCE-DATA-VOUCHER-FLOW.run(TC_5-FDR_E2E-INTEGRATED-REFERENCE-DATA-VOUCHER-FLOW:131)
	at com.kms.katalon.core.main.ScriptEngine.run(ScriptEngine.java:194)
	at com.kms.katalon.core.main.ScriptEngine.runScriptAsRawText(ScriptEngine.java:119)
	at com.kms.katalon.core.main.TestCaseExecutor.runScript(TestCaseExecutor.java:339)
	at com.kms.katalon.core.main.TestCaseExecutor.doExecute(TestCaseExecutor.java:330)
	at com.kms.katalon.core.main.TestCaseExecutor.processExecutionPhase(TestCaseExecutor.java:309)
	at com.kms.katalon.core.main.TestCaseExecutor.accessMainPhase(TestCaseExecutor.java:301)
	at com.kms.katalon.core.main.TestCaseExecutor.execute(TestCaseExecutor.java:235)
	at com.kms.katalon.core.main.TestSuiteExecutor.accessTestCaseMainPhase(TestSuiteExecutor.java:191)
	at com.kms.katalon.core.main.TestSuiteExecutor.accessTestSuiteMainPhase(TestSuiteExecutor.java:141)
	at com.kms.katalon.core.main.TestSuiteExecutor.execute(TestSuiteExecutor.java:90)
	at com.kms.katalon.core.main.TestCaseMain.startTestSuite(TestCaseMain.java:157)
	at com.kms.katalon.core.main.TestCaseMain$startTestSuite$0.call(Unknown Source)
	at TempTestSuite1602352382960.run(TempTestSuite1602352382960.groovy:39)
Caused by: com.kms.katalon.core.webui.exception.WebElementNotFoundException: Web element with id: 'Object Repository/FDR-VoucherEntry/DistributionLine/account' located by '//input[@id='accountId']' not found
	at com.kms.katalon.core.webui.common.WebUiCommonHelper.findWebElement(WebUiCommonHelper.java:1368)
	at com.kms.katalon.core.webui.keyword.internal.WebUIAbstractKeyword.findWebElement(WebUIAbstractKeyword.groovy:27)
	at com.kms.katalon.core.webui.keyword.internal.WebUIAbstractKeyword.findWebElement(WebUIAbstractKeyword.groovy:26)
	at com.kms.katalon.core.webui.keyword.builtin.ClickKeyword$_click_closure1.doCall(ClickKeyword.groovy:67)
	at com.kms.katalon.core.webui.keyword.builtin.ClickKeyword$_click_closure1.call(ClickKeyword.groovy)
	at com.kms.katalon.core.webui.keyword.internal.WebUIKeywordMain.runKeyword(WebUIKeywordMain.groovy:20)
	at com.kms.katalon.core.webui.keyword.builtin.ClickKeyword.click(ClickKeyword.groovy:76)
	at com.kms.katalon.core.webui.keyword.builtin.ClickKeyword.execute(ClickKeyword.groovy:43)
	at com.kms.katalon.core.keyword.internal.KeywordExecutor.executeKeywordForPlatform(KeywordExecutor.groovy:73)
	at com.kms.katalon.core.webui.keyword.WebUiBuiltInKeywords.click(WebUiBuiltInKeywords.groovy:617)
	at com.kms.katalon.core.webui.keyword.WebUiBuiltInKeywords$click$5.call(Unknown Source)
	at Script1601336873323.run(Script1601336873323.groovy:131)
	... 13 more
)
[[ATTACHMENT|C:\\My_GitHub_Regression_working\\FDR-Katalon-Regression\\Reports\\20201010_105302\\FDR_E2E-REGRESSION-TESTS\\20201010_105302\\1602354191720.png]]

2020-10-10 11:23:12 - [TEST_STEP][PASSED] - waitForElementPresent(findTestObject("FDR-Dashboard/createNewVoucherButton"), 10): Object 'Object Repository/FDR-Dashboard/createNewVoucherButton' is not present after 10 second(s)

2020-10-10 11:23:23 - [MESSAGE][INFO] - Unable to find the element located by 'By.xpath: //*[@data-id='button-link']//*[contains(text(),'Create New Voucher')]'. Please recheck the objects properties to make sure the desired element is located. 

2020-10-10 11:23:23 - [MESSAGE][WARNING] - Object 'Object Repository/FDR-Dashboard/createNewVoucherButton' is not present after 10 second(s)

2020-10-10 11:23:23 - [TEST_STEP][FAILED] - sendKeys(findTestObject("FDR-VoucherEntry/DistributionLine/account"), Keys.chord(CONTROL, "a")): Unable to send keys 'a' to object 'Object Repository/FDR-VoucherEntry/DistributionLine/account' (Root cause: com.kms.katalon.core.exception.StepFailedException: Unable to send keys 'a' to object 'Object Repository/FDR-VoucherEntry/DistributionLine/account'
	at com.kms.katalon.core.webui.keyword.internal.WebUIKeywordMain.stepFailed(WebUIKeywordMain.groovy:64)
	at com.kms.katalon.core.webui.keyword.internal.WebUIKeywordMain.runKeyword(WebUIKeywordMain.groovy:26)
	at com.kms.katalon.core.webui.keyword.builtin.SendKeysKeyword.sendKeys(SendKeysKeyword.groovy:60)
	at com.kms.katalon.core.webui.keyword.builtin.SendKeysKeyword.execute(SendKeysKeyword.groovy:38)
	at com.kms.katalon.core.keyword.internal.KeywordExecutor.executeKeywordForPlatform(KeywordExecutor.groovy:73)
	at com.kms.katalon.core.webui.keyword.WebUiBuiltInKeywords.sendKeys(WebUiBuiltInKeywords.groovy:861)
	at com.kms.katalon.core.webui.keyword.WebUiBuiltInKeywords$sendKeys$8.call(Unknown Source)
	at TC_5-FDR_E2E-INTEGRATED-REFERENCE-DATA-VOUCHER-FLOW.run(TC_5-FDR_E2E-INTEGRATED-REFERENCE-DATA-VOUCHER-FLOW:136)
	at com.kms.katalon.core.main.ScriptEngine.run(ScriptEngine.java:194)
	at com.kms.katalon.core.main.ScriptEngine.runScriptAsRawText(ScriptEngine.java:119)
	at com.kms.katalon.core.main.TestCaseExecutor.runScript(TestCaseExecutor.java:339)
	at com.kms.katalon.core.main.TestCaseExecutor.doExecute(TestCaseExecutor.java:330)
	at com.kms.katalon.core.main.TestCaseExecutor.processExecutionPhase(TestCaseExecutor.java:309)
	at com.kms.katalon.core.main.TestCaseExecutor.accessMainPhase(TestCaseExecutor.java:301)
	at com.kms.katalon.core.main.TestCaseExecutor.execute(TestCaseExecutor.java:235)
	at com.kms.katalon.core.main.TestSuiteExecutor.accessTestCaseMainPhase(TestSuiteExecutor.java:191)
	at com.kms.katalon.core.main.TestSuiteExecutor.accessTestSuiteMainPhase(TestSuiteExecutor.java:141)
	at com.kms.katalon.core.main.TestSuiteExecutor.execute(TestSuiteExecutor.java:90)
	at com.kms.katalon.core.main.TestCaseMain.startTestSuite(TestCaseMain.java:157)
	at com.kms.katalon.core.main.TestCaseMain$startTestSuite$0.call(Unknown Source)
	at TempTestSuite1602352382960.run(TempTestSuite1602352382960.groovy:39)
Caused by: com.kms.katalon.core.webui.exception.WebElementNotFoundException: Web element with id: 'Object Repository/FDR-VoucherEntry/DistributionLine/account' located by '//input[@id='accountId']' not found
	at com.kms.katalon.core.webui.common.WebUiCommonHelper.findWebElement(WebUiCommonHelper.java:1368)
	at com.kms.katalon.core.webui.keyword.internal.WebUIAbstractKeyword.findWebElement(WebUIAbstractKeyword.groovy:27)
	at com.kms.katalon.core.webui.keyword.internal.WebUIAbstractKeyword.findWebElement(WebUIAbstractKeyword.groovy:26)
	at com.kms.katalon.core.webui.keyword.builtin.SendKeysKeyword$_sendKeys_closure1.doCall(SendKeysKeyword.groovy:52)
	at com.kms.katalon.core.webui.keyword.builtin.SendKeysKeyword$_sendKeys_closure1.call(SendKeysKeyword.groovy)
	at com.kms.katalon.core.webui.keyword.internal.WebUIKeywordMain.runKeyword(WebUIKeywordMain.groovy:20)
	at com.kms.katalon.core.webui.keyword.builtin.SendKeysKeyword.sendKeys(SendKeysKeyword.groovy:60)
	at com.kms.katalon.core.webui.keyword.builtin.SendKeysKeyword.execute(SendKeysKeyword.groovy:38)
	at com.kms.katalon.core.keyword.internal.KeywordExecutor.executeKeywordForPlatform(KeywordExecutor.groovy:73)
	at com.kms.katalon.core.webui.keyword.WebUiBuiltInKeywords.sendKeys(WebUiBuiltInKeywords.groovy:861)
	at com.kms.katalon.core.webui.keyword.WebUiBuiltInKeywords$sendKeys$8.call(Unknown Source)
	at Script1601336873323.run(Script1601336873323.groovy:136)
	... 13 more
)

2020-10-10 11:23:27 - [MESSAGE][INFO] - Unable to find the element located by 'By.xpath: //input[@id='accountId']'. Please recheck the objects properties to make sure the desired element is located. 

2020-10-10 11:23:27 - [MESSAGE][FAILED] - Unable to send keys 'a' to object 'Object Repository/FDR-VoucherEntry/DistributionLine/account' (Root cause: com.kms.katalon.core.exception.StepFailedException: Unable to send keys 'a' to object 'Object Repository/FDR-VoucherEntry/DistributionLine/account'
	at com.kms.katalon.core.webui.keyword.internal.WebUIKeywordMain.stepFailed(WebUIKeywordMain.groovy:64)
	at com.kms.katalon.core.webui.keyword.internal.WebUIKeywordMain.runKeyword(WebUIKeywordMain.groovy:26)
	at com.kms.katalon.core.webui.keyword.builtin.SendKeysKeyword.sendKeys(SendKeysKeyword.groovy:60)
	at com.kms.katalon.core.webui.keyword.builtin.SendKeysKeyword.execute(SendKeysKeyword.groovy:38)
	at com.kms.katalon.core.keyword.internal.KeywordExecutor.executeKeywordForPlatform(KeywordExecutor.groovy:73)
	at com.kms.katalon.core.webui.keyword.WebUiBuiltInKeywords.sendKeys(WebUiBuiltInKeywords.groovy:861)
	at com.kms.katalon.core.webui.keyword.WebUiBuiltInKeywords$sendKeys$8.call(Unknown Source)
	at TC_5-FDR_E2E-INTEGRATED-REFERENCE-DATA-VOUCHER-FLOW.run(TC_5-FDR_E2E-INTEGRATED-REFERENCE-DATA-VOUCHER-FLOW:136)
	at com.kms.katalon.core.main.ScriptEngine.run(ScriptEngine.java:194)
	at com.kms.katalon.core.main.ScriptEngine.runScriptAsRawText(ScriptEngine.java:119)
	at com.kms.katalon.core.main.TestCaseExecutor.runScript(TestCaseExecutor.java:339)
	at com.kms.katalon.core.main.TestCaseExecutor.doExecute(TestCaseExecutor.java:330)
	at com.kms.katalon.core.main.TestCaseExecutor.processExecutionPhase(TestCaseExecutor.java:309)
	at com.kms.katalon.core.main.TestCaseExecutor.accessMainPhase(TestCaseExecutor.java:301)
	at com.kms.katalon.core.main.TestCaseExecutor.execute(TestCaseExecutor.java:235)
	at com.kms.katalon.core.main.TestSuiteExecutor.accessTestCaseMainPhase(TestSuiteExecutor.java:191)
	at com.kms.katalon.core.main.TestSuiteExecutor.accessTestSuiteMainPhase(TestSuiteExecutor.java:141)
	at com.kms.katalon.core.main.TestSuiteExecutor.execute(TestSuiteExecutor.java:90)
	at com.kms.katalon.core.main.TestCaseMain.startTestSuite(TestCaseMain.java:157)
	at com.kms.katalon.core.main.TestCaseMain$startTestSuite$0.call(Unknown Source)
	at TempTestSuite1602352382960.run(TempTestSuite1602352382960.groovy:39)
Caused by: com.kms.katalon.core.webui.exception.WebElementNotFoundException: Web element with id: 'Object Repository/FDR-VoucherEntry/DistributionLine/account' located by '//input[@id='accountId']' not found
	at com.kms.katalon.core.webui.common.WebUiCommonHelper.findWebElement(WebUiCommonHelper.java:1368)
	at com.kms.katalon.core.webui.keyword.internal.WebUIAbstractKeyword.findWebElement(WebUIAbstractKeyword.groovy:27)
	at com.kms.katalon.core.webui.keyword.internal.WebUIAbstractKeyword.findWebElement(WebUIAbstractKeyword.groovy:26)
	at com.kms.katalon.core.webui.keyword.builtin.SendKeysKeyword$_sendKeys_closure1.doCall(SendKeysKeyword.groovy:52)
	at com.kms.katalon.core.webui.keyword.builtin.SendKeysKeyword$_sendKeys_closure1.call(SendKeysKeyword.groovy)
	at com.kms.katalon.core.webui.keyword.internal.WebUIKeywordMain.runKeyword(WebUIKeywordMain.groovy:20)
	at com.kms.katalon.core.webui.keyword.builtin.SendKeysKeyword.sendKeys(SendKeysKeyword.groovy:60)
	at com.kms.katalon.core.webui.keyword.builtin.SendKeysKeyword.execute(SendKeysKeyword.groovy:38)
	at com.kms.katalon.core.keyword.internal.KeywordExecutor.executeKeywordForPlatform(KeywordExecutor.groovy:73)
	at com.kms.katalon.core.webui.keyword.WebUiBuiltInKeywords.sendKeys(WebUiBuiltInKeywords.groovy:861)
	at com.kms.katalon.core.webui.keyword.WebUiBuiltInKeywords$sendKeys$8.call(Unknown Source)
	at Script1601336873323.run(Script1601336873323.groovy:136)
	... 13 more
)
[[ATTACHMENT|C:\\My_GitHub_Regression_working\\FDR-Katalon-Regression\\Reports\\20201010_105302\\FDR_E2E-REGRESSION-TESTS\\20201010_105302\\1602354207161.png]]

2020-10-10 11:23:27 - [TEST_STEP][FAILED] - sendKeys(findTestObject("FDR-VoucherEntry/DistributionLine/account"), Keys.chord(BACK_SPACE)): Unable to send keys '' to object 'Object Repository/FDR-VoucherEntry/DistributionLine/account' (Root cause: com.kms.katalon.core.exception.StepFailedException: Unable to send keys '' to object 'Object Repository/FDR-VoucherEntry/DistributionLine/account'
	at com.kms.katalon.core.webui.keyword.internal.WebUIKeywordMain.stepFailed(WebUIKeywordMain.groovy:64)
	at com.kms.katalon.core.webui.keyword.internal.WebUIKeywordMain.runKeyword(WebUIKeywordMain.groovy:26)
	at com.kms.katalon.core.webui.keyword.builtin.SendKeysKeyword.sendKeys(SendKeysKeyword.groovy:60)
	at com.kms.katalon.core.webui.keyword.builtin.SendKeysKeyword.execute(SendKeysKeyword.groovy:38)
	at com.kms.katalon.core.keyword.internal.KeywordExecutor.executeKeywordForPlatform(KeywordExecutor.groovy:73)
	at com.kms.katalon.core.webui.keyword.WebUiBuiltInKeywords.sendKeys(WebUiBuiltInKeywords.groovy:861)
	at com.kms.katalon.core.webui.keyword.WebUiBuiltInKeywords$sendKeys$8.call(Unknown Source)
	at TC_5-FDR_E2E-INTEGRATED-REFERENCE-DATA-VOUCHER-FLOW.run(TC_5-FDR_E2E-INTEGRATED-REFERENCE-DATA-VOUCHER-FLOW:137)
	at com.kms.katalon.core.main.ScriptEngine.run(ScriptEngine.java:194)
	at com.kms.katalon.core.main.ScriptEngine.runScriptAsRawText(ScriptEngine.java:119)
	at com.kms.katalon.core.main.TestCaseExecutor.runScript(TestCaseExecutor.java:339)
	at com.kms.katalon.core.main.TestCaseExecutor.doExecute(TestCaseExecutor.java:330)
	at com.kms.katalon.core.main.TestCaseExecutor.processExecutionPhase(TestCaseExecutor.java:309)
	at com.kms.katalon.core.main.TestCaseExecutor.accessMainPhase(TestCaseExecutor.java:301)
	at com.kms.katalon.core.main.TestCaseExecutor.execute(TestCaseExecutor.java:235)
	at com.kms.katalon.core.main.TestSuiteExecutor.accessTestCaseMainPhase(TestSuiteExecutor.java:191)
	at com.kms.katalon.core.main.TestSuiteExecutor.accessTestSuiteMainPhase(TestSuiteExecutor.java:141)
	at com.kms.katalon.core.main.TestSuiteExecutor.execute(TestSuiteExecutor.java:90)
	at com.kms.katalon.core.main.TestCaseMain.startTestSuite(TestCaseMain.java:157)
	at com.kms.katalon.core.main.TestCaseMain$startTestSuite$0.call(Unknown Source)
	at TempTestSuite1602352382960.run(TempTestSuite1602352382960.groovy:39)
Caused by: com.kms.katalon.core.webui.exception.WebElementNotFoundException: Web element with id: 'Object Repository/FDR-VoucherEntry/DistributionLine/account' located by '//input[@id='accountId']' not found
	at com.kms.katalon.core.webui.common.WebUiCommonHelper.findWebElement(WebUiCommonHelper.java:1368)
	at com.kms.katalon.core.webui.keyword.internal.WebUIAbstractKeyword.findWebElement(WebUIAbstractKeyword.groovy:27)
	at com.kms.katalon.core.webui.keyword.internal.WebUIAbstractKeyword.findWebElement(WebUIAbstractKeyword.groovy:26)
	at com.kms.katalon.core.webui.keyword.builtin.SendKeysKeyword$_sendKeys_closure1.doCall(SendKeysKeyword.groovy:52)
	at com.kms.katalon.core.webui.keyword.builtin.SendKeysKeyword$_sendKeys_closure1.call(SendKeysKeyword.groovy)
	at com.kms.katalon.core.webui.keyword.internal.WebUIKeywordMain.runKeyword(WebUIKeywordMain.groovy:20)
	at com.kms.katalon.core.webui.keyword.builtin.SendKeysKeyword.sendKeys(SendKeysKeyword.groovy:60)
	at com.kms.katalon.core.webui.keyword.builtin.SendKeysKeyword.execute(SendKeysKeyword.groovy:38)
	at com.kms.katalon.core.keyword.internal.KeywordExecutor.executeKeywordForPlatform(KeywordExecutor.groovy:73)
	at com.kms.katalon.core.webui.keyword.WebUiBuiltInKeywords.sendKeys(WebUiBuiltInKeywords.groovy:861)
	at com.kms.katalon.core.webui.keyword.WebUiBuiltInKeywords$sendKeys$8.call(Unknown Source)
	at Script1601336873323.run(Script1601336873323.groovy:137)
	... 13 more
)

2020-10-10 11:23:31 - [MESSAGE][INFO] - Unable to find the element located by 'By.xpath: //input[@id='accountId']'. Please recheck the objects properties to make sure the desired element is located. 

2020-10-10 11:23:32 - [MESSAGE][FAILED] - Unable to send keys '' to object 'Object Repository/FDR-VoucherEntry/DistributionLine/account' (Root cause: com.kms.katalon.core.exception.StepFailedException: Unable to send keys '' to object 'Object Repository/FDR-VoucherEntry/DistributionLine/account'
	at com.kms.katalon.core.webui.keyword.internal.WebUIKeywordMain.stepFailed(WebUIKeywordMain.groovy:64)
	at com.kms.katalon.core.webui.keyword.internal.WebUIKeywordMain.runKeyword(WebUIKeywordMain.groovy:26)
	at com.kms.katalon.core.webui.keyword.builtin.SendKeysKeyword.sendKeys(SendKeysKeyword.groovy:60)
	at com.kms.katalon.core.webui.keyword.builtin.SendKeysKeyword.execute(SendKeysKeyword.groovy:38)
	at com.kms.katalon.core.keyword.internal.KeywordExecutor.executeKeywordForPlatform(KeywordExecutor.groovy:73)
	at com.kms.katalon.core.webui.keyword.WebUiBuiltInKeywords.sendKeys(WebUiBuiltInKeywords.groovy:861)
	at com.kms.katalon.core.webui.keyword.WebUiBuiltInKeywords$sendKeys$8.call(Unknown Source)
	at TC_5-FDR_E2E-INTEGRATED-REFERENCE-DATA-VOUCHER-FLOW.run(TC_5-FDR_E2E-INTEGRATED-REFERENCE-DATA-VOUCHER-FLOW:137)
	at com.kms.katalon.core.main.ScriptEngine.run(ScriptEngine.java:194)
	at com.kms.katalon.core.main.ScriptEngine.runScriptAsRawText(ScriptEngine.java:119)
	at com.kms.katalon.core.main.TestCaseExecutor.runScript(TestCaseExecutor.java:339)
	at com.kms.katalon.core.main.TestCaseExecutor.doExecute(TestCaseExecutor.java:330)
	at com.kms.katalon.core.main.TestCaseExecutor.processExecutionPhase(TestCaseExecutor.java:309)
	at com.kms.katalon.core.main.TestCaseExecutor.accessMainPhase(TestCaseExecutor.java:301)
	at com.kms.katalon.core.main.TestCaseExecutor.execute(TestCaseExecutor.java:235)
	at com.kms.katalon.core.main.TestSuiteExecutor.accessTestCaseMainPhase(TestSuiteExecutor.java:191)
	at com.kms.katalon.core.main.TestSuiteExecutor.accessTestSuiteMainPhase(TestSuiteExecutor.java:141)
	at com.kms.katalon.core.main.TestSuiteExecutor.execute(TestSuiteExecutor.java:90)
	at com.kms.katalon.core.main.TestCaseMain.startTestSuite(TestCaseMain.java:157)
	at com.kms.katalon.core.main.TestCaseMain$startTestSuite$0.call(Unknown Source)
	at TempTestSuite1602352382960.run(TempTestSuite1602352382960.groovy:39)
Caused by: com.kms.katalon.core.webui.exception.WebElementNotFoundException: Web element with id: 'Object Repository/FDR-VoucherEntry/DistributionLine/account' located by '//input[@id='accountId']' not found
	at com.kms.katalon.core.webui.common.WebUiCommonHelper.findWebElement(WebUiCommonHelper.java:1368)
	at com.kms.katalon.core.webui.keyword.internal.WebUIAbstractKeyword.findWebElement(WebUIAbstractKeyword.groovy:27)
	at com.kms.katalon.core.webui.keyword.internal.WebUIAbstractKeyword.findWebElement(WebUIAbstractKeyword.groovy:26)
	at com.kms.katalon.core.webui.keyword.builtin.SendKeysKeyword$_sendKeys_closure1.doCall(SendKeysKeyword.groovy:52)
	at com.kms.katalon.core.webui.keyword.builtin.SendKeysKeyword$_sendKeys_closure1.call(SendKeysKeyword.groovy)
	at com.kms.katalon.core.webui.keyword.internal.WebUIKeywordMain.runKeyword(WebUIKeywordMain.groovy:20)
	at com.kms.katalon.core.webui.keyword.builtin.SendKeysKeyword.sendKeys(SendKeysKeyword.groovy:60)
	at com.kms.katalon.core.webui.keyword.builtin.SendKeysKeyword.execute(SendKeysKeyword.groovy:38)
	at com.kms.katalon.core.keyword.internal.KeywordExecutor.executeKeywordForPlatform(KeywordExecutor.groovy:73)
	at com.kms.katalon.core.webui.keyword.WebUiBuiltInKeywords.sendKeys(WebUiBuiltInKeywords.groovy:861)
	at com.kms.katalon.core.webui.keyword.WebUiBuiltInKeywords$sendKeys$8.call(Unknown Source)
	at Script1601336873323.run(Script1601336873323.groovy:137)
	... 13 more
)
[[ATTACHMENT|C:\\My_GitHub_Regression_working\\FDR-Katalon-Regression\\Reports\\20201010_105302\\FDR_E2E-REGRESSION-TESTS\\20201010_105302\\1602354211732.png]]

2020-10-10 11:23:32 - [TEST_STEP][FAILED] - sendKeys(findTestObject("FDR-VoucherEntry/DistributionLine/account"), accountCode): Unable to send keys '8338284' to object 'Object Repository/FDR-VoucherEntry/DistributionLine/account' (Root cause: com.kms.katalon.core.exception.StepFailedException: Unable to send keys '8338284' to object 'Object Repository/FDR-VoucherEntry/DistributionLine/account'
	at com.kms.katalon.core.webui.keyword.internal.WebUIKeywordMain.stepFailed(WebUIKeywordMain.groovy:64)
	at com.kms.katalon.core.webui.keyword.internal.WebUIKeywordMain.runKeyword(WebUIKeywordMain.groovy:26)
	at com.kms.katalon.core.webui.keyword.builtin.SendKeysKeyword.sendKeys(SendKeysKeyword.groovy:60)
	at com.kms.katalon.core.webui.keyword.builtin.SendKeysKeyword.execute(SendKeysKeyword.groovy:38)
	at com.kms.katalon.core.keyword.internal.KeywordExecutor.executeKeywordForPlatform(KeywordExecutor.groovy:73)
	at com.kms.katalon.core.webui.keyword.WebUiBuiltInKeywords.sendKeys(WebUiBuiltInKeywords.groovy:861)
	at com.kms.katalon.core.webui.keyword.WebUiBuiltInKeywords$sendKeys$8.call(Unknown Source)
	at TC_5-FDR_E2E-INTEGRATED-REFERENCE-DATA-VOUCHER-FLOW.run(TC_5-FDR_E2E-INTEGRATED-REFERENCE-DATA-VOUCHER-FLOW:138)
	at com.kms.katalon.core.main.ScriptEngine.run(ScriptEngine.java:194)
	at com.kms.katalon.core.main.ScriptEngine.runScriptAsRawText(ScriptEngine.java:119)
	at com.kms.katalon.core.main.TestCaseExecutor.runScript(TestCaseExecutor.java:339)
	at com.kms.katalon.core.main.TestCaseExecutor.doExecute(TestCaseExecutor.java:330)
	at com.kms.katalon.core.main.TestCaseExecutor.processExecutionPhase(TestCaseExecutor.java:309)
	at com.kms.katalon.core.main.TestCaseExecutor.accessMainPhase(TestCaseExecutor.java:301)
	at com.kms.katalon.core.main.TestCaseExecutor.execute(TestCaseExecutor.java:235)
	at com.kms.katalon.core.main.TestSuiteExecutor.accessTestCaseMainPhase(TestSuiteExecutor.java:191)
	at com.kms.katalon.core.main.TestSuiteExecutor.accessTestSuiteMainPhase(TestSuiteExecutor.java:141)
	at com.kms.katalon.core.main.TestSuiteExecutor.execute(TestSuiteExecutor.java:90)
	at com.kms.katalon.core.main.TestCaseMain.startTestSuite(TestCaseMain.java:157)
	at com.kms.katalon.core.main.TestCaseMain$startTestSuite$0.call(Unknown Source)
	at TempTestSuite1602352382960.run(TempTestSuite1602352382960.groovy:39)
Caused by: com.kms.katalon.core.webui.exception.WebElementNotFoundException: Web element with id: 'Object Repository/FDR-VoucherEntry/DistributionLine/account' located by '//input[@id='accountId']' not found
	at com.kms.katalon.core.webui.common.WebUiCommonHelper.findWebElement(WebUiCommonHelper.java:1368)
	at com.kms.katalon.core.webui.keyword.internal.WebUIAbstractKeyword.findWebElement(WebUIAbstractKeyword.groovy:27)
	at com.kms.katalon.core.webui.keyword.internal.WebUIAbstractKeyword.findWebElement(WebUIAbstractKeyword.groovy:26)
	at com.kms.katalon.core.webui.keyword.builtin.SendKeysKeyword$_sendKeys_closure1.doCall(SendKeysKeyword.groovy:52)
	at com.kms.katalon.core.webui.keyword.builtin.SendKeysKeyword$_sendKeys_closure1.call(SendKeysKeyword.groovy)
	at com.kms.katalon.core.webui.keyword.internal.WebUIKeywordMain.runKeyword(WebUIKeywordMain.groovy:20)
	at com.kms.katalon.core.webui.keyword.builtin.SendKeysKeyword.sendKeys(SendKeysKeyword.groovy:60)
	at com.kms.katalon.core.webui.keyword.builtin.SendKeysKeyword.execute(SendKeysKeyword.groovy:38)
	at com.kms.katalon.core.keyword.internal.KeywordExecutor.executeKeywordForPlatform(KeywordExecutor.groovy:73)
	at com.kms.katalon.core.webui.keyword.WebUiBuiltInKeywords.sendKeys(WebUiBuiltInKeywords.groovy:861)
	at com.kms.katalon.core.webui.keyword.WebUiBuiltInKeywords$sendKeys$8.call(Unknown Source)
	at Script1601336873323.run(Script1601336873323.groovy:138)
	... 13 more
)

2020-10-10 11:23:36 - [MESSAGE][INFO] - Unable to find the element located by 'By.xpath: //input[@id='accountId']'. Please recheck the objects properties to make sure the desired element is located. 

2020-10-10 11:23:36 - [MESSAGE][FAILED] - Unable to send keys '8338284' to object 'Object Repository/FDR-VoucherEntry/DistributionLine/account' (Root cause: com.kms.katalon.core.exception.StepFailedException: Unable to send keys '8338284' to object 'Object Repository/FDR-VoucherEntry/DistributionLine/account'
	at com.kms.katalon.core.webui.keyword.internal.WebUIKeywordMain.stepFailed(WebUIKeywordMain.groovy:64)
	at com.kms.katalon.core.webui.keyword.internal.WebUIKeywordMain.runKeyword(WebUIKeywordMain.groovy:26)
	at com.kms.katalon.core.webui.keyword.builtin.SendKeysKeyword.sendKeys(SendKeysKeyword.groovy:60)
	at com.kms.katalon.core.webui.keyword.builtin.SendKeysKeyword.execute(SendKeysKeyword.groovy:38)
	at com.kms.katalon.core.keyword.internal.KeywordExecutor.executeKeywordForPlatform(KeywordExecutor.groovy:73)
	at com.kms.katalon.core.webui.keyword.WebUiBuiltInKeywords.sendKeys(WebUiBuiltInKeywords.groovy:861)
	at com.kms.katalon.core.webui.keyword.WebUiBuiltInKeywords$sendKeys$8.call(Unknown Source)
	at TC_5-FDR_E2E-INTEGRATED-REFERENCE-DATA-VOUCHER-FLOW.run(TC_5-FDR_E2E-INTEGRATED-REFERENCE-DATA-VOUCHER-FLOW:138)
	at com.kms.katalon.core.main.ScriptEngine.run(ScriptEngine.java:194)
	at com.kms.katalon.core.main.ScriptEngine.runScriptAsRawText(ScriptEngine.java:119)
	at com.kms.katalon.core.main.TestCaseExecutor.runScript(TestCaseExecutor.java:339)
	at com.kms.katalon.core.main.TestCaseExecutor.doExecute(TestCaseExecutor.java:330)
	at com.kms.katalon.core.main.TestCaseExecutor.processExecutionPhase(TestCaseExecutor.java:309)
	at com.kms.katalon.core.main.TestCaseExecutor.accessMainPhase(TestCaseExecutor.java:301)
	at com.kms.katalon.core.main.TestCaseExecutor.execute(TestCaseExecutor.java:235)
	at com.kms.katalon.core.main.TestSuiteExecutor.accessTestCaseMainPhase(TestSuiteExecutor.java:191)
	at com.kms.katalon.core.main.TestSuiteExecutor.accessTestSuiteMainPhase(TestSuiteExecutor.java:141)
	at com.kms.katalon.core.main.TestSuiteExecutor.execute(TestSuiteExecutor.java:90)
	at com.kms.katalon.core.main.TestCaseMain.startTestSuite(TestCaseMain.java:157)
	at com.kms.katalon.core.main.TestCaseMain$startTestSuite$0.call(Unknown Source)
	at TempTestSuite1602352382960.run(TempTestSuite1602352382960.groovy:39)
Caused by: com.kms.katalon.core.webui.exception.WebElementNotFoundException: Web element with id: 'Object Repository/FDR-VoucherEntry/DistributionLine/account' located by '//input[@id='accountId']' not found
	at com.kms.katalon.core.webui.common.WebUiCommonHelper.findWebElement(WebUiCommonHelper.java:1368)
	at com.kms.katalon.core.webui.keyword.internal.WebUIAbstractKeyword.findWebElement(WebUIAbstractKeyword.groovy:27)
	at com.kms.katalon.core.webui.keyword.internal.WebUIAbstractKeyword.findWebElement(WebUIAbstractKeyword.groovy:26)
	at com.kms.katalon.core.webui.keyword.builtin.SendKeysKeyword$_sendKeys_closure1.doCall(SendKeysKeyword.groovy:52)
	at com.kms.katalon.core.webui.keyword.builtin.SendKeysKeyword$_sendKeys_closure1.call(SendKeysKeyword.groovy)
	at com.kms.katalon.core.webui.keyword.internal.WebUIKeywordMain.runKeyword(WebUIKeywordMain.groovy:20)
	at com.kms.katalon.core.webui.keyword.builtin.SendKeysKeyword.sendKeys(SendKeysKeyword.groovy:60)
	at com.kms.katalon.core.webui.keyword.builtin.SendKeysKeyword.execute(SendKeysKeyword.groovy:38)
	at com.kms.katalon.core.keyword.internal.KeywordExecutor.executeKeywordForPlatform(KeywordExecutor.groovy:73)
	at com.kms.katalon.core.webui.keyword.WebUiBuiltInKeywords.sendKeys(WebUiBuiltInKeywords.groovy:861)
	at com.kms.katalon.core.webui.keyword.WebUiBuiltInKeywords$sendKeys$8.call(Unknown Source)
	at Script1601336873323.run(Script1601336873323.groovy:138)
	... 13 more
)
[[ATTACHMENT|C:\\My_GitHub_Regression_working\\FDR-Katalon-Regression\\Reports\\20201010_105302\\FDR_E2E-REGRESSION-TESTS\\20201010_105302\\1602354216293.png]]

2020-10-10 11:23:36 - [TEST_STEP][FAILED] - sendKeys(findTestObject("FDR-VoucherEntry/DistributionLine/account"), Keys.chord(DOWN, ENTER)): Unable to send keys '' to object 'Object Repository/FDR-VoucherEntry/DistributionLine/account' (Root cause: com.kms.katalon.core.exception.StepFailedException: Unable to send keys '' to object 'Object Repository/FDR-VoucherEntry/DistributionLine/account'
	at com.kms.katalon.core.webui.keyword.internal.WebUIKeywordMain.stepFailed(WebUIKeywordMain.groovy:64)
	at com.kms.katalon.core.webui.keyword.internal.WebUIKeywordMain.runKeyword(WebUIKeywordMain.groovy:26)
	at com.kms.katalon.core.webui.keyword.builtin.SendKeysKeyword.sendKeys(SendKeysKeyword.groovy:60)
	at com.kms.katalon.core.webui.keyword.builtin.SendKeysKeyword.execute(SendKeysKeyword.groovy:38)
	at com.kms.katalon.core.keyword.internal.KeywordExecutor.executeKeywordForPlatform(KeywordExecutor.groovy:73)
	at com.kms.katalon.core.webui.keyword.WebUiBuiltInKeywords.sendKeys(WebUiBuiltInKeywords.groovy:861)
	at com.kms.katalon.core.webui.keyword.WebUiBuiltInKeywords$sendKeys$8.call(Unknown Source)
	at TC_5-FDR_E2E-INTEGRATED-REFERENCE-DATA-VOUCHER-FLOW.run(TC_5-FDR_E2E-INTEGRATED-REFERENCE-DATA-VOUCHER-FLOW:139)
	at com.kms.katalon.core.main.ScriptEngine.run(ScriptEngine.java:194)
	at com.kms.katalon.core.main.ScriptEngine.runScriptAsRawText(ScriptEngine.java:119)
	at com.kms.katalon.core.main.TestCaseExecutor.runScript(TestCaseExecutor.java:339)
	at com.kms.katalon.core.main.TestCaseExecutor.doExecute(TestCaseExecutor.java:330)
	at com.kms.katalon.core.main.TestCaseExecutor.processExecutionPhase(TestCaseExecutor.java:309)
	at com.kms.katalon.core.main.TestCaseExecutor.accessMainPhase(TestCaseExecutor.java:301)
	at com.kms.katalon.core.main.TestCaseExecutor.execute(TestCaseExecutor.java:235)
	at com.kms.katalon.core.main.TestSuiteExecutor.accessTestCaseMainPhase(TestSuiteExecutor.java:191)
	at com.kms.katalon.core.main.TestSuiteExecutor.accessTestSuiteMainPhase(TestSuiteExecutor.java:141)
	at com.kms.katalon.core.main.TestSuiteExecutor.execute(TestSuiteExecutor.java:90)
	at com.kms.katalon.core.main.TestCaseMain.startTestSuite(TestCaseMain.java:157)
	at com.kms.katalon.core.main.TestCaseMain$startTestSuite$0.call(Unknown Source)
	at TempTestSuite1602352382960.run(TempTestSuite1602352382960.groovy:39)
Caused by: com.kms.katalon.core.webui.exception.WebElementNotFoundException: Web element with id: 'Object Repository/FDR-VoucherEntry/DistributionLine/account' located by '//input[@id='accountId']' not found
	at com.kms.katalon.core.webui.common.WebUiCommonHelper.findWebElement(WebUiCommonHelper.java:1368)
	at com.kms.katalon.core.webui.keyword.internal.WebUIAbstractKeyword.findWebElement(WebUIAbstractKeyword.groovy:27)
	at com.kms.katalon.core.webui.keyword.internal.WebUIAbstractKeyword.findWebElement(WebUIAbstractKeyword.groovy:26)
	at com.kms.katalon.core.webui.keyword.builtin.SendKeysKeyword$_sendKeys_closure1.doCall(SendKeysKeyword.groovy:52)
	at com.kms.katalon.core.webui.keyword.builtin.SendKeysKeyword$_sendKeys_closure1.call(SendKeysKeyword.groovy)
	at com.kms.katalon.core.webui.keyword.internal.WebUIKeywordMain.runKeyword(WebUIKeywordMain.groovy:20)
	at com.kms.katalon.core.webui.keyword.builtin.SendKeysKeyword.sendKeys(SendKeysKeyword.groovy:60)
	at com.kms.katalon.core.webui.keyword.builtin.SendKeysKeyword.execute(SendKeysKeyword.groovy:38)
	at com.kms.katalon.core.keyword.internal.KeywordExecutor.executeKeywordForPlatform(KeywordExecutor.groovy:73)
	at com.kms.katalon.core.webui.keyword.WebUiBuiltInKeywords.sendKeys(WebUiBuiltInKeywords.groovy:861)
	at com.kms.katalon.core.webui.keyword.WebUiBuiltInKeywords$sendKeys$8.call(Unknown Source)
	at Script1601336873323.run(Script1601336873323.groovy:139)
	... 13 more
)

2020-10-10 11:23:40 - [MESSAGE][INFO] - Unable to find the element located by 'By.xpath: //input[@id='accountId']'. Please recheck the objects properties to make sure the desired element is located. 

2020-10-10 11:23:41 - [MESSAGE][FAILED] - Unable to send keys '' to object 'Object Repository/FDR-VoucherEntry/DistributionLine/account' (Root cause: com.kms.katalon.core.exception.StepFailedException: Unable to send keys '' to object 'Object Repository/FDR-VoucherEntry/DistributionLine/account'
	at com.kms.katalon.core.webui.keyword.internal.WebUIKeywordMain.stepFailed(WebUIKeywordMain.groovy:64)
	at com.kms.katalon.core.webui.keyword.internal.WebUIKeywordMain.runKeyword(WebUIKeywordMain.groovy:26)
	at com.kms.katalon.core.webui.keyword.builtin.SendKeysKeyword.sendKeys(SendKeysKeyword.groovy:60)
	at com.kms.katalon.core.webui.keyword.builtin.SendKeysKeyword.execute(SendKeysKeyword.groovy:38)
	at com.kms.katalon.core.keyword.internal.KeywordExecutor.executeKeywordForPlatform(KeywordExecutor.groovy:73)
	at com.kms.katalon.core.webui.keyword.WebUiBuiltInKeywords.sendKeys(WebUiBuiltInKeywords.groovy:861)
	at com.kms.katalon.core.webui.keyword.WebUiBuiltInKeywords$sendKeys$8.call(Unknown Source)
	at TC_5-FDR_E2E-INTEGRATED-REFERENCE-DATA-VOUCHER-FLOW.run(TC_5-FDR_E2E-INTEGRATED-REFERENCE-DATA-VOUCHER-FLOW:139)
	at com.kms.katalon.core.main.ScriptEngine.run(ScriptEngine.java:194)
	at com.kms.katalon.core.main.ScriptEngine.runScriptAsRawText(ScriptEngine.java:119)
	at com.kms.katalon.core.main.TestCaseExecutor.runScript(TestCaseExecutor.java:339)
	at com.kms.katalon.core.main.TestCaseExecutor.doExecute(TestCaseExecutor.java:330)
	at com.kms.katalon.core.main.TestCaseExecutor.processExecutionPhase(TestCaseExecutor.java:309)
	at com.kms.katalon.core.main.TestCaseExecutor.accessMainPhase(TestCaseExecutor.java:301)
	at com.kms.katalon.core.main.TestCaseExecutor.execute(TestCaseExecutor.java:235)
	at com.kms.katalon.core.main.TestSuiteExecutor.accessTestCaseMainPhase(TestSuiteExecutor.java:191)
	at com.kms.katalon.core.main.TestSuiteExecutor.accessTestSuiteMainPhase(TestSuiteExecutor.java:141)
	at com.kms.katalon.core.main.TestSuiteExecutor.execute(TestSuiteExecutor.java:90)
	at com.kms.katalon.core.main.TestCaseMain.startTestSuite(TestCaseMain.java:157)
	at com.kms.katalon.core.main.TestCaseMain$startTestSuite$0.call(Unknown Source)
	at TempTestSuite1602352382960.run(TempTestSuite1602352382960.groovy:39)
Caused by: com.kms.katalon.core.webui.exception.WebElementNotFoundException: Web element with id: 'Object Repository/FDR-VoucherEntry/DistributionLine/account' located by '//input[@id='accountId']' not found
	at com.kms.katalon.core.webui.common.WebUiCommonHelper.findWebElement(WebUiCommonHelper.java:1368)
	at com.kms.katalon.core.webui.keyword.internal.WebUIAbstractKeyword.findWebElement(WebUIAbstractKeyword.groovy:27)
	at com.kms.katalon.core.webui.keyword.internal.WebUIAbstractKeyword.findWebElement(WebUIAbstractKeyword.groovy:26)
	at com.kms.katalon.core.webui.keyword.builtin.SendKeysKeyword$_sendKeys_closure1.doCall(SendKeysKeyword.groovy:52)
	at com.kms.katalon.core.webui.keyword.builtin.SendKeysKeyword$_sendKeys_closure1.call(SendKeysKeyword.groovy)
	at com.kms.katalon.core.webui.keyword.internal.WebUIKeywordMain.runKeyword(WebUIKeywordMain.groovy:20)
	at com.kms.katalon.core.webui.keyword.builtin.SendKeysKeyword.sendKeys(SendKeysKeyword.groovy:60)
	at com.kms.katalon.core.webui.keyword.builtin.SendKeysKeyword.execute(SendKeysKeyword.groovy:38)
	at com.kms.katalon.core.keyword.internal.KeywordExecutor.executeKeywordForPlatform(KeywordExecutor.groovy:73)
	at com.kms.katalon.core.webui.keyword.WebUiBuiltInKeywords.sendKeys(WebUiBuiltInKeywords.groovy:861)
	at com.kms.katalon.core.webui.keyword.WebUiBuiltInKeywords$sendKeys$8.call(Unknown Source)
	at Script1601336873323.run(Script1601336873323.groovy:139)
	... 13 more
)
[[ATTACHMENT|C:\\My_GitHub_Regression_working\\FDR-Katalon-Regression\\Reports\\20201010_105302\\FDR_E2E-REGRESSION-TESTS\\20201010_105302\\1602354220911.png]]

2020-10-10 11:23:41 - [TEST_STEP][PASSED] - waitForElementPresent(findTestObject("FDR-Dashboard/createNewVoucherButton"), 10): Object 'Object Repository/FDR-Dashboard/createNewVoucherButton' is present

2020-10-10 11:23:41 - [MESSAGE][PASSED] - Object 'Object Repository/FDR-Dashboard/createNewVoucherButton' is present

2020-10-10 11:23:41 - [TEST_STEP][PASSED] - waitForElementPresent(findTestObject("FDR-VoucherEntry/DistributionLine/altAccount"), 10): Object 'Object Repository/FDR-VoucherEntry/DistributionLine/altAccount' is not present after 10 second(s)

2020-10-10 11:23:52 - [MESSAGE][INFO] - Unable to find the element located by 'By.xpath: //input[@id='altAccountId']'. Please recheck the objects properties to make sure the desired element is located. 

2020-10-10 11:23:52 - [MESSAGE][WARNING] - Object 'Object Repository/FDR-VoucherEntry/DistributionLine/altAccount' is not present after 10 second(s)

2020-10-10 11:23:52 - [TEST_STEP][FAILED] - click(findTestObject("FDR-VoucherEntry/DistributionLine/altAccount")): Unable to click on object 'Object Repository/FDR-VoucherEntry/DistributionLine/altAccount' (Root cause: com.kms.katalon.core.exception.StepFailedException: Unable to click on object 'Object Repository/FDR-VoucherEntry/DistributionLine/altAccount'
	at com.kms.katalon.core.webui.keyword.internal.WebUIKeywordMain.stepFailed(WebUIKeywordMain.groovy:64)
	at com.kms.katalon.core.webui.keyword.internal.WebUIKeywordMain.runKeyword(WebUIKeywordMain.groovy:26)
	at com.kms.katalon.core.webui.keyword.builtin.ClickKeyword.click(ClickKeyword.groovy:76)
	at com.kms.katalon.core.webui.keyword.builtin.ClickKeyword.execute(ClickKeyword.groovy:43)
	at com.kms.katalon.core.keyword.internal.KeywordExecutor.executeKeywordForPlatform(KeywordExecutor.groovy:73)
	at com.kms.katalon.core.webui.keyword.WebUiBuiltInKeywords.click(WebUiBuiltInKeywords.groovy:617)
	at com.kms.katalon.core.webui.keyword.WebUiBuiltInKeywords$click$5.call(Unknown Source)
	at TC_5-FDR_E2E-INTEGRATED-REFERENCE-DATA-VOUCHER-FLOW.run(TC_5-FDR_E2E-INTEGRATED-REFERENCE-DATA-VOUCHER-FLOW:142)
	at com.kms.katalon.core.main.ScriptEngine.run(ScriptEngine.java:194)
	at com.kms.katalon.core.main.ScriptEngine.runScriptAsRawText(ScriptEngine.java:119)
	at com.kms.katalon.core.main.TestCaseExecutor.runScript(TestCaseExecutor.java:339)
	at com.kms.katalon.core.main.TestCaseExecutor.doExecute(TestCaseExecutor.java:330)
	at com.kms.katalon.core.main.TestCaseExecutor.processExecutionPhase(TestCaseExecutor.java:309)
	at com.kms.katalon.core.main.TestCaseExecutor.accessMainPhase(TestCaseExecutor.java:301)
	at com.kms.katalon.core.main.TestCaseExecutor.execute(TestCaseExecutor.java:235)
	at com.kms.katalon.core.main.TestSuiteExecutor.accessTestCaseMainPhase(TestSuiteExecutor.java:191)
	at com.kms.katalon.core.main.TestSuiteExecutor.accessTestSuiteMainPhase(TestSuiteExecutor.java:141)
	at com.kms.katalon.core.main.TestSuiteExecutor.execute(TestSuiteExecutor.java:90)
	at com.kms.katalon.core.main.TestCaseMain.startTestSuite(TestCaseMain.java:157)
	at com.kms.katalon.core.main.TestCaseMain$startTestSuite$0.call(Unknown Source)
	at TempTestSuite1602352382960.run(TempTestSuite1602352382960.groovy:39)
Caused by: com.kms.katalon.core.webui.exception.WebElementNotFoundException: Web element with id: 'Object Repository/FDR-VoucherEntry/DistributionLine/altAccount' located by '//input[@id='altAccountId']' not found
	at com.kms.katalon.core.webui.common.WebUiCommonHelper.findWebElement(WebUiCommonHelper.java:1368)
	at com.kms.katalon.core.webui.keyword.internal.WebUIAbstractKeyword.findWebElement(WebUIAbstractKeyword.groovy:27)
	at com.kms.katalon.core.webui.keyword.internal.WebUIAbstractKeyword.findWebElement(WebUIAbstractKeyword.groovy:26)
	at com.kms.katalon.core.webui.keyword.builtin.ClickKeyword$_click_closure1.doCall(ClickKeyword.groovy:67)
	at com.kms.katalon.core.webui.keyword.builtin.ClickKeyword$_click_closure1.call(ClickKeyword.groovy)
	at com.kms.katalon.core.webui.keyword.internal.WebUIKeywordMain.runKeyword(WebUIKeywordMain.groovy:20)
	at com.kms.katalon.core.webui.keyword.builtin.ClickKeyword.click(ClickKeyword.groovy:76)
	at com.kms.katalon.core.webui.keyword.builtin.ClickKeyword.execute(ClickKeyword.groovy:43)
	at com.kms.katalon.core.keyword.internal.KeywordExecutor.executeKeywordForPlatform(KeywordExecutor.groovy:73)
	at com.kms.katalon.core.webui.keyword.WebUiBuiltInKeywords.click(WebUiBuiltInKeywords.groovy:617)
	at com.kms.katalon.core.webui.keyword.WebUiBuiltInKeywords$click$5.call(Unknown Source)
	at Script1601336873323.run(Script1601336873323.groovy:142)
	... 13 more
)

2020-10-10 11:23:56 - [MESSAGE][INFO] - Unable to find the element located by 'By.xpath: //input[@id='altAccountId']'. Please recheck the objects properties to make sure the desired element is located. 

2020-10-10 11:23:56 - [MESSAGE][FAILED] - Unable to click on object 'Object Repository/FDR-VoucherEntry/DistributionLine/altAccount' (Root cause: com.kms.katalon.core.exception.StepFailedException: Unable to click on object 'Object Repository/FDR-VoucherEntry/DistributionLine/altAccount'
	at com.kms.katalon.core.webui.keyword.internal.WebUIKeywordMain.stepFailed(WebUIKeywordMain.groovy:64)
	at com.kms.katalon.core.webui.keyword.internal.WebUIKeywordMain.runKeyword(WebUIKeywordMain.groovy:26)
	at com.kms.katalon.core.webui.keyword.builtin.ClickKeyword.click(ClickKeyword.groovy:76)
	at com.kms.katalon.core.webui.keyword.builtin.ClickKeyword.execute(ClickKeyword.groovy:43)
	at com.kms.katalon.core.keyword.internal.KeywordExecutor.executeKeywordForPlatform(KeywordExecutor.groovy:73)
	at com.kms.katalon.core.webui.keyword.WebUiBuiltInKeywords.click(WebUiBuiltInKeywords.groovy:617)
	at com.kms.katalon.core.webui.keyword.WebUiBuiltInKeywords$click$5.call(Unknown Source)
	at TC_5-FDR_E2E-INTEGRATED-REFERENCE-DATA-VOUCHER-FLOW.run(TC_5-FDR_E2E-INTEGRATED-REFERENCE-DATA-VOUCHER-FLOW:142)
	at com.kms.katalon.core.main.ScriptEngine.run(ScriptEngine.java:194)
	at com.kms.katalon.core.main.ScriptEngine.runScriptAsRawText(ScriptEngine.java:119)
	at com.kms.katalon.core.main.TestCaseExecutor.runScript(TestCaseExecutor.java:339)
	at com.kms.katalon.core.main.TestCaseExecutor.doExecute(TestCaseExecutor.java:330)
	at com.kms.katalon.core.main.TestCaseExecutor.processExecutionPhase(TestCaseExecutor.java:309)
	at com.kms.katalon.core.main.TestCaseExecutor.accessMainPhase(TestCaseExecutor.java:301)
	at com.kms.katalon.core.main.TestCaseExecutor.execute(TestCaseExecutor.java:235)
	at com.kms.katalon.core.main.TestSuiteExecutor.accessTestCaseMainPhase(TestSuiteExecutor.java:191)
	at com.kms.katalon.core.main.TestSuiteExecutor.accessTestSuiteMainPhase(TestSuiteExecutor.java:141)
	at com.kms.katalon.core.main.TestSuiteExecutor.execute(TestSuiteExecutor.java:90)
	at com.kms.katalon.core.main.TestCaseMain.startTestSuite(TestCaseMain.java:157)
	at com.kms.katalon.core.main.TestCaseMain$startTestSuite$0.call(Unknown Source)
	at TempTestSuite1602352382960.run(TempTestSuite1602352382960.groovy:39)
Caused by: com.kms.katalon.core.webui.exception.WebElementNotFoundException: Web element with id: 'Object Repository/FDR-VoucherEntry/DistributionLine/altAccount' located by '//input[@id='altAccountId']' not found
	at com.kms.katalon.core.webui.common.WebUiCommonHelper.findWebElement(WebUiCommonHelper.java:1368)
	at com.kms.katalon.core.webui.keyword.internal.WebUIAbstractKeyword.findWebElement(WebUIAbstractKeyword.groovy:27)
	at com.kms.katalon.core.webui.keyword.internal.WebUIAbstractKeyword.findWebElement(WebUIAbstractKeyword.groovy:26)
	at com.kms.katalon.core.webui.keyword.builtin.ClickKeyword$_click_closure1.doCall(ClickKeyword.groovy:67)
	at com.kms.katalon.core.webui.keyword.builtin.ClickKeyword$_click_closure1.call(ClickKeyword.groovy)
	at com.kms.katalon.core.webui.keyword.internal.WebUIKeywordMain.runKeyword(WebUIKeywordMain.groovy:20)
	at com.kms.katalon.core.webui.keyword.builtin.ClickKeyword.click(ClickKeyword.groovy:76)
	at com.kms.katalon.core.webui.keyword.builtin.ClickKeyword.execute(ClickKeyword.groovy:43)
	at com.kms.katalon.core.keyword.internal.KeywordExecutor.executeKeywordForPlatform(KeywordExecutor.groovy:73)
	at com.kms.katalon.core.webui.keyword.WebUiBuiltInKeywords.click(WebUiBuiltInKeywords.groovy:617)
	at com.kms.katalon.core.webui.keyword.WebUiBuiltInKeywords$click$5.call(Unknown Source)
	at Script1601336873323.run(Script1601336873323.groovy:142)
	... 13 more
)
[[ATTACHMENT|C:\\My_GitHub_Regression_working\\FDR-Katalon-Regression\\Reports\\20201010_105302\\FDR_E2E-REGRESSION-TESTS\\20201010_105302\\1602354236684.png]]

2020-10-10 11:23:56 - [TEST_STEP][FAILED] - setText(findTestObject("FDR-VoucherEntry/DistributionLine/altAccount"), altAccountCode): Unable to set text '0379522871' of object 'Object Repository/FDR-VoucherEntry/DistributionLine/altAccount' (Root cause: com.kms.katalon.core.exception.StepFailedException: Unable to set text '0379522871' of object 'Object Repository/FDR-VoucherEntry/DistributionLine/altAccount'
	at com.kms.katalon.core.webui.keyword.internal.WebUIKeywordMain.stepFailed(WebUIKeywordMain.groovy:64)
	at com.kms.katalon.core.webui.keyword.internal.WebUIKeywordMain.runKeyword(WebUIKeywordMain.groovy:26)
	at com.kms.katalon.core.webui.keyword.builtin.SetTextKeyword.setText(SetTextKeyword.groovy:66)
	at com.kms.katalon.core.webui.keyword.builtin.SetTextKeyword.execute(SetTextKeyword.groovy:37)
	at com.kms.katalon.core.keyword.internal.KeywordExecutor.executeKeywordForPlatform(KeywordExecutor.groovy:73)
	at com.kms.katalon.core.webui.keyword.WebUiBuiltInKeywords.setText(WebUiBuiltInKeywords.groovy:977)
	at com.kms.katalon.core.webui.keyword.WebUiBuiltInKeywords$setText$3.call(Unknown Source)
	at TC_5-FDR_E2E-INTEGRATED-REFERENCE-DATA-VOUCHER-FLOW.run(TC_5-FDR_E2E-INTEGRATED-REFERENCE-DATA-VOUCHER-FLOW:143)
	at com.kms.katalon.core.main.ScriptEngine.run(ScriptEngine.java:194)
	at com.kms.katalon.core.main.ScriptEngine.runScriptAsRawText(ScriptEngine.java:119)
	at com.kms.katalon.core.main.TestCaseExecutor.runScript(TestCaseExecutor.java:339)
	at com.kms.katalon.core.main.TestCaseExecutor.doExecute(TestCaseExecutor.java:330)
	at com.kms.katalon.core.main.TestCaseExecutor.processExecutionPhase(TestCaseExecutor.java:309)
	at com.kms.katalon.core.main.TestCaseExecutor.accessMainPhase(TestCaseExecutor.java:301)
	at com.kms.katalon.core.main.TestCaseExecutor.execute(TestCaseExecutor.java:235)
	at com.kms.katalon.core.main.TestSuiteExecutor.accessTestCaseMainPhase(TestSuiteExecutor.java:191)
	at com.kms.katalon.core.main.TestSuiteExecutor.accessTestSuiteMainPhase(TestSuiteExecutor.java:141)
	at com.kms.katalon.core.main.TestSuiteExecutor.execute(TestSuiteExecutor.java:90)
	at com.kms.katalon.core.main.TestCaseMain.startTestSuite(TestCaseMain.java:157)
	at com.kms.katalon.core.main.TestCaseMain$startTestSuite$0.call(Unknown Source)
	at TempTestSuite1602352382960.run(TempTestSuite1602352382960.groovy:39)
Caused by: com.kms.katalon.core.webui.exception.WebElementNotFoundException: Web element with id: 'Object Repository/FDR-VoucherEntry/DistributionLine/altAccount' located by '//input[@id='altAccountId']' not found
	at com.kms.katalon.core.webui.common.WebUiCommonHelper.findWebElement(WebUiCommonHelper.java:1368)
	at com.kms.katalon.core.webui.keyword.internal.WebUIAbstractKeyword.findWebElement(WebUIAbstractKeyword.groovy:27)
	at com.kms.katalon.core.webui.keyword.internal.WebUIAbstractKeyword.findWebElement(WebUIAbstractKeyword.groovy:26)
	at com.kms.katalon.core.webui.keyword.builtin.SetTextKeyword$_setText_closure1.doCall(SetTextKeyword.groovy:51)
	at com.kms.katalon.core.webui.keyword.builtin.SetTextKeyword$_setText_closure1.call(SetTextKeyword.groovy)
	at com.kms.katalon.core.webui.keyword.internal.WebUIKeywordMain.runKeyword(WebUIKeywordMain.groovy:20)
	at com.kms.katalon.core.webui.keyword.builtin.SetTextKeyword.setText(SetTextKeyword.groovy:66)
	at com.kms.katalon.core.webui.keyword.builtin.SetTextKeyword.execute(SetTextKeyword.groovy:37)
	at com.kms.katalon.core.keyword.internal.KeywordExecutor.executeKeywordForPlatform(KeywordExecutor.groovy:73)
	at com.kms.katalon.core.webui.keyword.WebUiBuiltInKeywords.setText(WebUiBuiltInKeywords.groovy:977)
	at com.kms.katalon.core.webui.keyword.WebUiBuiltInKeywords$setText$3.call(Unknown Source)
	at Script1601336873323.run(Script1601336873323.groovy:143)
	... 13 more
)

2020-10-10 11:24:01 - [MESSAGE][INFO] - Unable to find the element located by 'By.xpath: //input[@id='altAccountId']'. Please recheck the objects properties to make sure the desired element is located. 

2020-10-10 11:24:01 - [MESSAGE][FAILED] - Unable to set text '0379522871' of object 'Object Repository/FDR-VoucherEntry/DistributionLine/altAccount' (Root cause: com.kms.katalon.core.exception.StepFailedException: Unable to set text '0379522871' of object 'Object Repository/FDR-VoucherEntry/DistributionLine/altAccount'
	at com.kms.katalon.core.webui.keyword.internal.WebUIKeywordMain.stepFailed(WebUIKeywordMain.groovy:64)
	at com.kms.katalon.core.webui.keyword.internal.WebUIKeywordMain.runKeyword(WebUIKeywordMain.groovy:26)
	at com.kms.katalon.core.webui.keyword.builtin.SetTextKeyword.setText(SetTextKeyword.groovy:66)
	at com.kms.katalon.core.webui.keyword.builtin.SetTextKeyword.execute(SetTextKeyword.groovy:37)
	at com.kms.katalon.core.keyword.internal.KeywordExecutor.executeKeywordForPlatform(KeywordExecutor.groovy:73)
	at com.kms.katalon.core.webui.keyword.WebUiBuiltInKeywords.setText(WebUiBuiltInKeywords.groovy:977)
	at com.kms.katalon.core.webui.keyword.WebUiBuiltInKeywords$setText$3.call(Unknown Source)
	at TC_5-FDR_E2E-INTEGRATED-REFERENCE-DATA-VOUCHER-FLOW.run(TC_5-FDR_E2E-INTEGRATED-REFERENCE-DATA-VOUCHER-FLOW:143)
	at com.kms.katalon.core.main.ScriptEngine.run(ScriptEngine.java:194)
	at com.kms.katalon.core.main.ScriptEngine.runScriptAsRawText(ScriptEngine.java:119)
	at com.kms.katalon.core.main.TestCaseExecutor.runScript(TestCaseExecutor.java:339)
	at com.kms.katalon.core.main.TestCaseExecutor.doExecute(TestCaseExecutor.java:330)
	at com.kms.katalon.core.main.TestCaseExecutor.processExecutionPhase(TestCaseExecutor.java:309)
	at com.kms.katalon.core.main.TestCaseExecutor.accessMainPhase(TestCaseExecutor.java:301)
	at com.kms.katalon.core.main.TestCaseExecutor.execute(TestCaseExecutor.java:235)
	at com.kms.katalon.core.main.TestSuiteExecutor.accessTestCaseMainPhase(TestSuiteExecutor.java:191)
	at com.kms.katalon.core.main.TestSuiteExecutor.accessTestSuiteMainPhase(TestSuiteExecutor.java:141)
	at com.kms.katalon.core.main.TestSuiteExecutor.execute(TestSuiteExecutor.java:90)
	at com.kms.katalon.core.main.TestCaseMain.startTestSuite(TestCaseMain.java:157)
	at com.kms.katalon.core.main.TestCaseMain$startTestSuite$0.call(Unknown Source)
	at TempTestSuite1602352382960.run(TempTestSuite1602352382960.groovy:39)
Caused by: com.kms.katalon.core.webui.exception.WebElementNotFoundException: Web element with id: 'Object Repository/FDR-VoucherEntry/DistributionLine/altAccount' located by '//input[@id='altAccountId']' not found
	at com.kms.katalon.core.webui.common.WebUiCommonHelper.findWebElement(WebUiCommonHelper.java:1368)
	at com.kms.katalon.core.webui.keyword.internal.WebUIAbstractKeyword.findWebElement(WebUIAbstractKeyword.groovy:27)
	at com.kms.katalon.core.webui.keyword.internal.WebUIAbstractKeyword.findWebElement(WebUIAbstractKeyword.groovy:26)
	at com.kms.katalon.core.webui.keyword.builtin.SetTextKeyword$_setText_closure1.doCall(SetTextKeyword.groovy:51)
	at com.kms.katalon.core.webui.keyword.builtin.SetTextKeyword$_setText_closure1.call(SetTextKeyword.groovy)
	at com.kms.katalon.core.webui.keyword.internal.WebUIKeywordMain.runKeyword(WebUIKeywordMain.groovy:20)
	at com.kms.katalon.core.webui.keyword.builtin.SetTextKeyword.setText(SetTextKeyword.groovy:66)
	at com.kms.katalon.core.webui.keyword.builtin.SetTextKeyword.execute(SetTextKeyword.groovy:37)
	at com.kms.katalon.core.keyword.internal.KeywordExecutor.executeKeywordForPlatform(KeywordExecutor.groovy:73)
	at com.kms.katalon.core.webui.keyword.WebUiBuiltInKeywords.setText(WebUiBuiltInKeywords.groovy:977)
	at com.kms.katalon.core.webui.keyword.WebUiBuiltInKeywords$setText$3.call(Unknown Source)
	at Script1601336873323.run(Script1601336873323.groovy:143)
	... 13 more
)
[[ATTACHMENT|C:\\My_GitHub_Regression_working\\FDR-Katalon-Regression\\Reports\\20201010_105302\\FDR_E2E-REGRESSION-TESTS\\20201010_105302\\1602354241219.png]]

2020-10-10 11:24:01 - [TEST_STEP][FAILED] - sendKeys(findTestObject("FDR-VoucherEntry/DistributionLine/altAccount"), Keys.chord(DOWN, ENTER)): Unable to send keys '' to object 'Object Repository/FDR-VoucherEntry/DistributionLine/altAccount' (Root cause: com.kms.katalon.core.exception.StepFailedException: Unable to send keys '' to object 'Object Repository/FDR-VoucherEntry/DistributionLine/altAccount'
	at com.kms.katalon.core.webui.keyword.internal.WebUIKeywordMain.stepFailed(WebUIKeywordMain.groovy:64)
	at com.kms.katalon.core.webui.keyword.internal.WebUIKeywordMain.runKeyword(WebUIKeywordMain.groovy:26)
	at com.kms.katalon.core.webui.keyword.builtin.SendKeysKeyword.sendKeys(SendKeysKeyword.groovy:60)
	at com.kms.katalon.core.webui.keyword.builtin.SendKeysKeyword.execute(SendKeysKeyword.groovy:38)
	at com.kms.katalon.core.keyword.internal.KeywordExecutor.executeKeywordForPlatform(KeywordExecutor.groovy:73)
	at com.kms.katalon.core.webui.keyword.WebUiBuiltInKeywords.sendKeys(WebUiBuiltInKeywords.groovy:861)
	at com.kms.katalon.core.webui.keyword.WebUiBuiltInKeywords$sendKeys$8.call(Unknown Source)
	at TC_5-FDR_E2E-INTEGRATED-REFERENCE-DATA-VOUCHER-FLOW.run(TC_5-FDR_E2E-INTEGRATED-REFERENCE-DATA-VOUCHER-FLOW:144)
	at com.kms.katalon.core.main.ScriptEngine.run(ScriptEngine.java:194)
	at com.kms.katalon.core.main.ScriptEngine.runScriptAsRawText(ScriptEngine.java:119)
	at com.kms.katalon.core.main.TestCaseExecutor.runScript(TestCaseExecutor.java:339)
	at com.kms.katalon.core.main.TestCaseExecutor.doExecute(TestCaseExecutor.java:330)
	at com.kms.katalon.core.main.TestCaseExecutor.processExecutionPhase(TestCaseExecutor.java:309)
	at com.kms.katalon.core.main.TestCaseExecutor.accessMainPhase(TestCaseExecutor.java:301)
	at com.kms.katalon.core.main.TestCaseExecutor.execute(TestCaseExecutor.java:235)
	at com.kms.katalon.core.main.TestSuiteExecutor.accessTestCaseMainPhase(TestSuiteExecutor.java:191)
	at com.kms.katalon.core.main.TestSuiteExecutor.accessTestSuiteMainPhase(TestSuiteExecutor.java:141)
	at com.kms.katalon.core.main.TestSuiteExecutor.execute(TestSuiteExecutor.java:90)
	at com.kms.katalon.core.main.TestCaseMain.startTestSuite(TestCaseMain.java:157)
	at com.kms.katalon.core.main.TestCaseMain$startTestSuite$0.call(Unknown Source)
	at TempTestSuite1602352382960.run(TempTestSuite1602352382960.groovy:39)
Caused by: com.kms.katalon.core.webui.exception.WebElementNotFoundException: Web element with id: 'Object Repository/FDR-VoucherEntry/DistributionLine/altAccount' located by '//input[@id='altAccountId']' not found
	at com.kms.katalon.core.webui.common.WebUiCommonHelper.findWebElement(WebUiCommonHelper.java:1368)
	at com.kms.katalon.core.webui.keyword.internal.WebUIAbstractKeyword.findWebElement(WebUIAbstractKeyword.groovy:27)
	at com.kms.katalon.core.webui.keyword.internal.WebUIAbstractKeyword.findWebElement(WebUIAbstractKeyword.groovy:26)
	at com.kms.katalon.core.webui.keyword.builtin.SendKeysKeyword$_sendKeys_closure1.doCall(SendKeysKeyword.groovy:52)
	at com.kms.katalon.core.webui.keyword.builtin.SendKeysKeyword$_sendKeys_closure1.call(SendKeysKeyword.groovy)
	at com.kms.katalon.core.webui.keyword.internal.WebUIKeywordMain.runKeyword(WebUIKeywordMain.groovy:20)
	at com.kms.katalon.core.webui.keyword.builtin.SendKeysKeyword.sendKeys(SendKeysKeyword.groovy:60)
	at com.kms.katalon.core.webui.keyword.builtin.SendKeysKeyword.execute(SendKeysKeyword.groovy:38)
	at com.kms.katalon.core.keyword.internal.KeywordExecutor.executeKeywordForPlatform(KeywordExecutor.groovy:73)
	at com.kms.katalon.core.webui.keyword.WebUiBuiltInKeywords.sendKeys(WebUiBuiltInKeywords.groovy:861)
	at com.kms.katalon.core.webui.keyword.WebUiBuiltInKeywords$sendKeys$8.call(Unknown Source)
	at Script1601336873323.run(Script1601336873323.groovy:144)
	... 13 more
)

2020-10-10 11:24:05 - [MESSAGE][INFO] - Unable to find the element located by 'By.xpath: //input[@id='altAccountId']'. Please recheck the objects properties to make sure the desired element is located. 

2020-10-10 11:24:05 - [MESSAGE][FAILED] - Unable to send keys '' to object 'Object Repository/FDR-VoucherEntry/DistributionLine/altAccount' (Root cause: com.kms.katalon.core.exception.StepFailedException: Unable to send keys '' to object 'Object Repository/FDR-VoucherEntry/DistributionLine/altAccount'
	at com.kms.katalon.core.webui.keyword.internal.WebUIKeywordMain.stepFailed(WebUIKeywordMain.groovy:64)
	at com.kms.katalon.core.webui.keyword.internal.WebUIKeywordMain.runKeyword(WebUIKeywordMain.groovy:26)
	at com.kms.katalon.core.webui.keyword.builtin.SendKeysKeyword.sendKeys(SendKeysKeyword.groovy:60)
	at com.kms.katalon.core.webui.keyword.builtin.SendKeysKeyword.execute(SendKeysKeyword.groovy:38)
	at com.kms.katalon.core.keyword.internal.KeywordExecutor.executeKeywordForPlatform(KeywordExecutor.groovy:73)
	at com.kms.katalon.core.webui.keyword.WebUiBuiltInKeywords.sendKeys(WebUiBuiltInKeywords.groovy:861)
	at com.kms.katalon.core.webui.keyword.WebUiBuiltInKeywords$sendKeys$8.call(Unknown Source)
	at TC_5-FDR_E2E-INTEGRATED-REFERENCE-DATA-VOUCHER-FLOW.run(TC_5-FDR_E2E-INTEGRATED-REFERENCE-DATA-VOUCHER-FLOW:144)
	at com.kms.katalon.core.main.ScriptEngine.run(ScriptEngine.java:194)
	at com.kms.katalon.core.main.ScriptEngine.runScriptAsRawText(ScriptEngine.java:119)
	at com.kms.katalon.core.main.TestCaseExecutor.runScript(TestCaseExecutor.java:339)
	at com.kms.katalon.core.main.TestCaseExecutor.doExecute(TestCaseExecutor.java:330)
	at com.kms.katalon.core.main.TestCaseExecutor.processExecutionPhase(TestCaseExecutor.java:309)
	at com.kms.katalon.core.main.TestCaseExecutor.accessMainPhase(TestCaseExecutor.java:301)
	at com.kms.katalon.core.main.TestCaseExecutor.execute(TestCaseExecutor.java:235)
	at com.kms.katalon.core.main.TestSuiteExecutor.accessTestCaseMainPhase(TestSuiteExecutor.java:191)
	at com.kms.katalon.core.main.TestSuiteExecutor.accessTestSuiteMainPhase(TestSuiteExecutor.java:141)
	at com.kms.katalon.core.main.TestSuiteExecutor.execute(TestSuiteExecutor.java:90)
	at com.kms.katalon.core.main.TestCaseMain.startTestSuite(TestCaseMain.java:157)
	at com.kms.katalon.core.main.TestCaseMain$startTestSuite$0.call(Unknown Source)
	at TempTestSuite1602352382960.run(TempTestSuite1602352382960.groovy:39)
Caused by: com.kms.katalon.core.webui.exception.WebElementNotFoundException: Web element with id: 'Object Repository/FDR-VoucherEntry/DistributionLine/altAccount' located by '//input[@id='altAccountId']' not found
	at com.kms.katalon.core.webui.common.WebUiCommonHelper.findWebElement(WebUiCommonHelper.java:1368)
	at com.kms.katalon.core.webui.keyword.internal.WebUIAbstractKeyword.findWebElement(WebUIAbstractKeyword.groovy:27)
	at com.kms.katalon.core.webui.keyword.internal.WebUIAbstractKeyword.findWebElement(WebUIAbstractKeyword.groovy:26)
	at com.kms.katalon.core.webui.keyword.builtin.SendKeysKeyword$_sendKeys_closure1.doCall(SendKeysKeyword.groovy:52)
	at com.kms.katalon.core.webui.keyword.builtin.SendKeysKeyword$_sendKeys_closure1.call(SendKeysKeyword.groovy)
	at com.kms.katalon.core.webui.keyword.internal.WebUIKeywordMain.runKeyword(WebUIKeywordMain.groovy:20)
	at com.kms.katalon.core.webui.keyword.builtin.SendKeysKeyword.sendKeys(SendKeysKeyword.groovy:60)
	at com.kms.katalon.core.webui.keyword.builtin.SendKeysKeyword.execute(SendKeysKeyword.groovy:38)
	at com.kms.katalon.core.keyword.internal.KeywordExecutor.executeKeywordForPlatform(KeywordExecutor.groovy:73)
	at com.kms.katalon.core.webui.keyword.WebUiBuiltInKeywords.sendKeys(WebUiBuiltInKeywords.groovy:861)
	at com.kms.katalon.core.webui.keyword.WebUiBuiltInKeywords$sendKeys$8.call(Unknown Source)
	at Script1601336873323.run(Script1601336873323.groovy:144)
	... 13 more
)
[[ATTACHMENT|C:\\My_GitHub_Regression_working\\FDR-Katalon-Regression\\Reports\\20201010_105302\\FDR_E2E-REGRESSION-TESTS\\20201010_105302\\1602354245652.png]]

2020-10-10 11:24:05 - [TEST_STEP][FAILED] - click(findTestObject("Object Repository/FDR-EditVoucher/dlSaveButton")): Unable to click on object 'Object Repository/FDR-EditVoucher/dlSaveButton' (Root cause: com.kms.katalon.core.exception.StepFailedException: Unable to click on object 'Object Repository/FDR-EditVoucher/dlSaveButton'
	at com.kms.katalon.core.webui.keyword.internal.WebUIKeywordMain.stepFailed(WebUIKeywordMain.groovy:64)
	at com.kms.katalon.core.webui.keyword.internal.WebUIKeywordMain.runKeyword(WebUIKeywordMain.groovy:26)
	at com.kms.katalon.core.webui.keyword.builtin.ClickKeyword.click(ClickKeyword.groovy:76)
	at com.kms.katalon.core.webui.keyword.builtin.ClickKeyword.execute(ClickKeyword.groovy:43)
	at com.kms.katalon.core.keyword.internal.KeywordExecutor.executeKeywordForPlatform(KeywordExecutor.groovy:73)
	at com.kms.katalon.core.webui.keyword.WebUiBuiltInKeywords.click(WebUiBuiltInKeywords.groovy:617)
	at com.kms.katalon.core.webui.keyword.WebUiBuiltInKeywords$click$5.call(Unknown Source)
	at TC_5-FDR_E2E-INTEGRATED-REFERENCE-DATA-VOUCHER-FLOW.run(TC_5-FDR_E2E-INTEGRATED-REFERENCE-DATA-VOUCHER-FLOW:147)
	at com.kms.katalon.core.main.ScriptEngine.run(ScriptEngine.java:194)
	at com.kms.katalon.core.main.ScriptEngine.runScriptAsRawText(ScriptEngine.java:119)
	at com.kms.katalon.core.main.TestCaseExecutor.runScript(TestCaseExecutor.java:339)
	at com.kms.katalon.core.main.TestCaseExecutor.doExecute(TestCaseExecutor.java:330)
	at com.kms.katalon.core.main.TestCaseExecutor.processExecutionPhase(TestCaseExecutor.java:309)
	at com.kms.katalon.core.main.TestCaseExecutor.accessMainPhase(TestCaseExecutor.java:301)
	at com.kms.katalon.core.main.TestCaseExecutor.execute(TestCaseExecutor.java:235)
	at com.kms.katalon.core.main.TestSuiteExecutor.accessTestCaseMainPhase(TestSuiteExecutor.java:191)
	at com.kms.katalon.core.main.TestSuiteExecutor.accessTestSuiteMainPhase(TestSuiteExecutor.java:141)
	at com.kms.katalon.core.main.TestSuiteExecutor.execute(TestSuiteExecutor.java:90)
	at com.kms.katalon.core.main.TestCaseMain.startTestSuite(TestCaseMain.java:157)
	at com.kms.katalon.core.main.TestCaseMain$startTestSuite$0.call(Unknown Source)
	at TempTestSuite1602352382960.run(TempTestSuite1602352382960.groovy:39)
Caused by: com.kms.katalon.core.webui.exception.WebElementNotFoundException: Web element with id: 'Object Repository/FDR-EditVoucher/dlSaveButton' located by '//*[@data-id='action-button']//*[contains(text(),'Save')]' not found
	at com.kms.katalon.core.webui.common.WebUiCommonHelper.findWebElement(WebUiCommonHelper.java:1368)
	at com.kms.katalon.core.webui.keyword.internal.WebUIAbstractKeyword.findWebElement(WebUIAbstractKeyword.groovy:27)
	at com.kms.katalon.core.webui.keyword.internal.WebUIAbstractKeyword.findWebElement(WebUIAbstractKeyword.groovy:26)
	at com.kms.katalon.core.webui.keyword.builtin.ClickKeyword$_click_closure1.doCall(ClickKeyword.groovy:67)
	at com.kms.katalon.core.webui.keyword.builtin.ClickKeyword$_click_closure1.call(ClickKeyword.groovy)
	at com.kms.katalon.core.webui.keyword.internal.WebUIKeywordMain.runKeyword(WebUIKeywordMain.groovy:20)
	at com.kms.katalon.core.webui.keyword.builtin.ClickKeyword.click(ClickKeyword.groovy:76)
	at com.kms.katalon.core.webui.keyword.builtin.ClickKeyword.execute(ClickKeyword.groovy:43)
	at com.kms.katalon.core.keyword.internal.KeywordExecutor.executeKeywordForPlatform(KeywordExecutor.groovy:73)
	at com.kms.katalon.core.webui.keyword.WebUiBuiltInKeywords.click(WebUiBuiltInKeywords.groovy:617)
	at com.kms.katalon.core.webui.keyword.WebUiBuiltInKeywords$click$5.call(Unknown Source)
	at Script1601336873323.run(Script1601336873323.groovy:147)
	... 13 more
)

2020-10-10 11:24:10 - [MESSAGE][INFO] - Unable to find the element located by 'By.xpath: //*[@data-id='action-button']//*[contains(text(),'Save')]'. Please recheck the objects properties to make sure the desired element is located. 

2020-10-10 11:24:10 - [MESSAGE][FAILED] - Unable to click on object 'Object Repository/FDR-EditVoucher/dlSaveButton' (Root cause: com.kms.katalon.core.exception.StepFailedException: Unable to click on object 'Object Repository/FDR-EditVoucher/dlSaveButton'
	at com.kms.katalon.core.webui.keyword.internal.WebUIKeywordMain.stepFailed(WebUIKeywordMain.groovy:64)
	at com.kms.katalon.core.webui.keyword.internal.WebUIKeywordMain.runKeyword(WebUIKeywordMain.groovy:26)
	at com.kms.katalon.core.webui.keyword.builtin.ClickKeyword.click(ClickKeyword.groovy:76)
	at com.kms.katalon.core.webui.keyword.builtin.ClickKeyword.execute(ClickKeyword.groovy:43)
	at com.kms.katalon.core.keyword.internal.KeywordExecutor.executeKeywordForPlatform(KeywordExecutor.groovy:73)
	at com.kms.katalon.core.webui.keyword.WebUiBuiltInKeywords.click(WebUiBuiltInKeywords.groovy:617)
	at com.kms.katalon.core.webui.keyword.WebUiBuiltInKeywords$click$5.call(Unknown Source)
	at TC_5-FDR_E2E-INTEGRATED-REFERENCE-DATA-VOUCHER-FLOW.run(TC_5-FDR_E2E-INTEGRATED-REFERENCE-DATA-VOUCHER-FLOW:147)
	at com.kms.katalon.core.main.ScriptEngine.run(ScriptEngine.java:194)
	at com.kms.katalon.core.main.ScriptEngine.runScriptAsRawText(ScriptEngine.java:119)
	at com.kms.katalon.core.main.TestCaseExecutor.runScript(TestCaseExecutor.java:339)
	at com.kms.katalon.core.main.TestCaseExecutor.doExecute(TestCaseExecutor.java:330)
	at com.kms.katalon.core.main.TestCaseExecutor.processExecutionPhase(TestCaseExecutor.java:309)
	at com.kms.katalon.core.main.TestCaseExecutor.accessMainPhase(TestCaseExecutor.java:301)
	at com.kms.katalon.core.main.TestCaseExecutor.execute(TestCaseExecutor.java:235)
	at com.kms.katalon.core.main.TestSuiteExecutor.accessTestCaseMainPhase(TestSuiteExecutor.java:191)
	at com.kms.katalon.core.main.TestSuiteExecutor.accessTestSuiteMainPhase(TestSuiteExecutor.java:141)
	at com.kms.katalon.core.main.TestSuiteExecutor.execute(TestSuiteExecutor.java:90)
	at com.kms.katalon.core.main.TestCaseMain.startTestSuite(TestCaseMain.java:157)
	at com.kms.katalon.core.main.TestCaseMain$startTestSuite$0.call(Unknown Source)
	at TempTestSuite1602352382960.run(TempTestSuite1602352382960.groovy:39)
Caused by: com.kms.katalon.core.webui.exception.WebElementNotFoundException: Web element with id: 'Object Repository/FDR-EditVoucher/dlSaveButton' located by '//*[@data-id='action-button']//*[contains(text(),'Save')]' not found
	at com.kms.katalon.core.webui.common.WebUiCommonHelper.findWebElement(WebUiCommonHelper.java:1368)
	at com.kms.katalon.core.webui.keyword.internal.WebUIAbstractKeyword.findWebElement(WebUIAbstractKeyword.groovy:27)
	at com.kms.katalon.core.webui.keyword.internal.WebUIAbstractKeyword.findWebElement(WebUIAbstractKeyword.groovy:26)
	at com.kms.katalon.core.webui.keyword.builtin.ClickKeyword$_click_closure1.doCall(ClickKeyword.groovy:67)
	at com.kms.katalon.core.webui.keyword.builtin.ClickKeyword$_click_closure1.call(ClickKeyword.groovy)
	at com.kms.katalon.core.webui.keyword.internal.WebUIKeywordMain.runKeyword(WebUIKeywordMain.groovy:20)
	at com.kms.katalon.core.webui.keyword.builtin.ClickKeyword.click(ClickKeyword.groovy:76)
	at com.kms.katalon.core.webui.keyword.builtin.ClickKeyword.execute(ClickKeyword.groovy:43)
	at com.kms.katalon.core.keyword.internal.KeywordExecutor.executeKeywordForPlatform(KeywordExecutor.groovy:73)
	at com.kms.katalon.core.webui.keyword.WebUiBuiltInKeywords.click(WebUiBuiltInKeywords.groovy:617)
	at com.kms.katalon.core.webui.keyword.WebUiBuiltInKeywords$click$5.call(Unknown Source)
	at Script1601336873323.run(Script1601336873323.groovy:147)
	... 13 more
)
[[ATTACHMENT|C:\\My_GitHub_Regression_working\\FDR-Katalon-Regression\\Reports\\20201010_105302\\FDR_E2E-REGRESSION-TESTS\\20201010_105302\\1602354250097.png]]

2020-10-10 11:24:10 - [TEST_STEP][PASSED] - waitForElementVisible(findTestObject("Object Repository/FDR-VoucherEntry/VoucherHeader/reviewButton"), 10): Web element with id: 'Object Repository/FDR-VoucherEntry/VoucherHeader/reviewButton' located by '//*[text()='Review']//parent::button[@data-id='action-button']' not found

2020-10-10 11:24:21 - [MESSAGE][INFO] - Unable to find the element located by 'By.xpath: //*[text()='Review']//parent::button[@data-id='action-button']'. Please recheck the objects properties to make sure the desired element is located. 

2020-10-10 11:24:21 - [MESSAGE][WARNING] - Web element with id: 'Object Repository/FDR-VoucherEntry/VoucherHeader/reviewButton' located by '//*[text()='Review']//parent::button[@data-id='action-button']' not found

2020-10-10 11:24:21 - [TEST_STEP][FAILED] - click(findTestObject("Object Repository/FDR-VoucherEntry/VoucherHeader/reviewButton")): Unable to click on object 'Object Repository/FDR-VoucherEntry/VoucherHeader/reviewButton' (Root cause: com.kms.katalon.core.exception.StepFailedException: Unable to click on object 'Object Repository/FDR-VoucherEntry/VoucherHeader/reviewButton'
	at com.kms.katalon.core.webui.keyword.internal.WebUIKeywordMain.stepFailed(WebUIKeywordMain.groovy:64)
	at com.kms.katalon.core.webui.keyword.internal.WebUIKeywordMain.runKeyword(WebUIKeywordMain.groovy:26)
	at com.kms.katalon.core.webui.keyword.builtin.ClickKeyword.click(ClickKeyword.groovy:76)
	at com.kms.katalon.core.webui.keyword.builtin.ClickKeyword.execute(ClickKeyword.groovy:43)
	at com.kms.katalon.core.keyword.internal.KeywordExecutor.executeKeywordForPlatform(KeywordExecutor.groovy:73)
	at com.kms.katalon.core.webui.keyword.WebUiBuiltInKeywords.click(WebUiBuiltInKeywords.groovy:617)
	at com.kms.katalon.core.webui.keyword.WebUiBuiltInKeywords$click$5.call(Unknown Source)
	at TC_5-FDR_E2E-INTEGRATED-REFERENCE-DATA-VOUCHER-FLOW.run(TC_5-FDR_E2E-INTEGRATED-REFERENCE-DATA-VOUCHER-FLOW:149)
	at com.kms.katalon.core.main.ScriptEngine.run(ScriptEngine.java:194)
	at com.kms.katalon.core.main.ScriptEngine.runScriptAsRawText(ScriptEngine.java:119)
	at com.kms.katalon.core.main.TestCaseExecutor.runScript(TestCaseExecutor.java:339)
	at com.kms.katalon.core.main.TestCaseExecutor.doExecute(TestCaseExecutor.java:330)
	at com.kms.katalon.core.main.TestCaseExecutor.processExecutionPhase(TestCaseExecutor.java:309)
	at com.kms.katalon.core.main.TestCaseExecutor.accessMainPhase(TestCaseExecutor.java:301)
	at com.kms.katalon.core.main.TestCaseExecutor.execute(TestCaseExecutor.java:235)
	at com.kms.katalon.core.main.TestSuiteExecutor.accessTestCaseMainPhase(TestSuiteExecutor.java:191)
	at com.kms.katalon.core.main.TestSuiteExecutor.accessTestSuiteMainPhase(TestSuiteExecutor.java:141)
	at com.kms.katalon.core.main.TestSuiteExecutor.execute(TestSuiteExecutor.java:90)
	at com.kms.katalon.core.main.TestCaseMain.startTestSuite(TestCaseMain.java:157)
	at com.kms.katalon.core.main.TestCaseMain$startTestSuite$0.call(Unknown Source)
	at TempTestSuite1602352382960.run(TempTestSuite1602352382960.groovy:39)
Caused by: com.kms.katalon.core.webui.exception.WebElementNotFoundException: Web element with id: 'Object Repository/FDR-VoucherEntry/VoucherHeader/reviewButton' located by '//*[text()='Review']//parent::button[@data-id='action-button']' not found
	at com.kms.katalon.core.webui.common.WebUiCommonHelper.findWebElement(WebUiCommonHelper.java:1368)
	at com.kms.katalon.core.webui.keyword.internal.WebUIAbstractKeyword.findWebElement(WebUIAbstractKeyword.groovy:27)
	at com.kms.katalon.core.webui.keyword.internal.WebUIAbstractKeyword.findWebElement(WebUIAbstractKeyword.groovy:26)
	at com.kms.katalon.core.webui.keyword.builtin.ClickKeyword$_click_closure1.doCall(ClickKeyword.groovy:67)
	at com.kms.katalon.core.webui.keyword.builtin.ClickKeyword$_click_closure1.call(ClickKeyword.groovy)
	at com.kms.katalon.core.webui.keyword.internal.WebUIKeywordMain.runKeyword(WebUIKeywordMain.groovy:20)
	at com.kms.katalon.core.webui.keyword.builtin.ClickKeyword.click(ClickKeyword.groovy:76)
	at com.kms.katalon.core.webui.keyword.builtin.ClickKeyword.execute(ClickKeyword.groovy:43)
	at com.kms.katalon.core.keyword.internal.KeywordExecutor.executeKeywordForPlatform(KeywordExecutor.groovy:73)
	at com.kms.katalon.core.webui.keyword.WebUiBuiltInKeywords.click(WebUiBuiltInKeywords.groovy:617)
	at com.kms.katalon.core.webui.keyword.WebUiBuiltInKeywords$click$5.call(Unknown Source)
	at Script1601336873323.run(Script1601336873323.groovy:149)
	... 13 more
)

2020-10-10 11:24:25 - [MESSAGE][INFO] - Unable to find the element located by 'By.xpath: //*[text()='Review']//parent::button[@data-id='action-button']'. Please recheck the objects properties to make sure the desired element is located. 

2020-10-10 11:24:25 - [MESSAGE][FAILED] - Unable to click on object 'Object Repository/FDR-VoucherEntry/VoucherHeader/reviewButton' (Root cause: com.kms.katalon.core.exception.StepFailedException: Unable to click on object 'Object Repository/FDR-VoucherEntry/VoucherHeader/reviewButton'
	at com.kms.katalon.core.webui.keyword.internal.WebUIKeywordMain.stepFailed(WebUIKeywordMain.groovy:64)
	at com.kms.katalon.core.webui.keyword.internal.WebUIKeywordMain.runKeyword(WebUIKeywordMain.groovy:26)
	at com.kms.katalon.core.webui.keyword.builtin.ClickKeyword.click(ClickKeyword.groovy:76)
	at com.kms.katalon.core.webui.keyword.builtin.ClickKeyword.execute(ClickKeyword.groovy:43)
	at com.kms.katalon.core.keyword.internal.KeywordExecutor.executeKeywordForPlatform(KeywordExecutor.groovy:73)
	at com.kms.katalon.core.webui.keyword.WebUiBuiltInKeywords.click(WebUiBuiltInKeywords.groovy:617)
	at com.kms.katalon.core.webui.keyword.WebUiBuiltInKeywords$click$5.call(Unknown Source)
	at TC_5-FDR_E2E-INTEGRATED-REFERENCE-DATA-VOUCHER-FLOW.run(TC_5-FDR_E2E-INTEGRATED-REFERENCE-DATA-VOUCHER-FLOW:149)
	at com.kms.katalon.core.main.ScriptEngine.run(ScriptEngine.java:194)
	at com.kms.katalon.core.main.ScriptEngine.runScriptAsRawText(ScriptEngine.java:119)
	at com.kms.katalon.core.main.TestCaseExecutor.runScript(TestCaseExecutor.java:339)
	at com.kms.katalon.core.main.TestCaseExecutor.doExecute(TestCaseExecutor.java:330)
	at com.kms.katalon.core.main.TestCaseExecutor.processExecutionPhase(TestCaseExecutor.java:309)
	at com.kms.katalon.core.main.TestCaseExecutor.accessMainPhase(TestCaseExecutor.java:301)
	at com.kms.katalon.core.main.TestCaseExecutor.execute(TestCaseExecutor.java:235)
	at com.kms.katalon.core.main.TestSuiteExecutor.accessTestCaseMainPhase(TestSuiteExecutor.java:191)
	at com.kms.katalon.core.main.TestSuiteExecutor.accessTestSuiteMainPhase(TestSuiteExecutor.java:141)
	at com.kms.katalon.core.main.TestSuiteExecutor.execute(TestSuiteExecutor.java:90)
	at com.kms.katalon.core.main.TestCaseMain.startTestSuite(TestCaseMain.java:157)
	at com.kms.katalon.core.main.TestCaseMain$startTestSuite$0.call(Unknown Source)
	at TempTestSuite1602352382960.run(TempTestSuite1602352382960.groovy:39)
Caused by: com.kms.katalon.core.webui.exception.WebElementNotFoundException: Web element with id: 'Object Repository/FDR-VoucherEntry/VoucherHeader/reviewButton' located by '//*[text()='Review']//parent::button[@data-id='action-button']' not found
	at com.kms.katalon.core.webui.common.WebUiCommonHelper.findWebElement(WebUiCommonHelper.java:1368)
	at com.kms.katalon.core.webui.keyword.internal.WebUIAbstractKeyword.findWebElement(WebUIAbstractKeyword.groovy:27)
	at com.kms.katalon.core.webui.keyword.internal.WebUIAbstractKeyword.findWebElement(WebUIAbstractKeyword.groovy:26)
	at com.kms.katalon.core.webui.keyword.builtin.ClickKeyword$_click_closure1.doCall(ClickKeyword.groovy:67)
	at com.kms.katalon.core.webui.keyword.builtin.ClickKeyword$_click_closure1.call(ClickKeyword.groovy)
	at com.kms.katalon.core.webui.keyword.internal.WebUIKeywordMain.runKeyword(WebUIKeywordMain.groovy:20)
	at com.kms.katalon.core.webui.keyword.builtin.ClickKeyword.click(ClickKeyword.groovy:76)
	at com.kms.katalon.core.webui.keyword.builtin.ClickKeyword.execute(ClickKeyword.groovy:43)
	at com.kms.katalon.core.keyword.internal.KeywordExecutor.executeKeywordForPlatform(KeywordExecutor.groovy:73)
	at com.kms.katalon.core.webui.keyword.WebUiBuiltInKeywords.click(WebUiBuiltInKeywords.groovy:617)
	at com.kms.katalon.core.webui.keyword.WebUiBuiltInKeywords$click$5.call(Unknown Source)
	at Script1601336873323.run(Script1601336873323.groovy:149)
	... 13 more
)
[[ATTACHMENT|C:\\My_GitHub_Regression_working\\FDR-Katalon-Regression\\Reports\\20201010_105302\\FDR_E2E-REGRESSION-TESTS\\20201010_105302\\1602354265678.png]]

2020-10-10 11:24:25 - [TEST_STEP][PASSED] - ChangeDrawDate.SelectAvailableDate(): Object 'Object Repository/FDR-VoucherEntry/VoucherEntryObjects/ChangeDrawDate' is not present after 5 second(s)

2020-10-10 11:24:32 - [MESSAGE][INFO] - Unable to find the element located by 'By.xpath: //*[@data-id='button-link']//*[text()='Change Draw Date']'. Please recheck the objects properties to make sure the desired element is located. 

2020-10-10 11:24:32 - [MESSAGE][WARNING] - Object 'Object Repository/FDR-VoucherEntry/VoucherEntryObjects/ChangeDrawDate' is not present after 5 second(s)

2020-10-10 11:24:32 - [TEST_STEP][PASSED] - waitForElementVisible(findTestObject("Object Repository/FDR-Vouchers-States/Resume/submitForApproval"), 30): Web element with id: 'Object Repository/FDR-Vouchers-States/Resume/submitForApproval' located by '//*[text()='Submit for approval']//parent::button[@data-id='action-button']' not found

2020-10-10 11:25:03 - [MESSAGE][INFO] - Unable to find the element located by 'By.xpath: //*[text()='Submit for approval']//parent::button[@data-id='action-button']'. Please recheck the objects properties to make sure the desired element is located. 

2020-10-10 11:25:03 - [MESSAGE][WARNING] - Web element with id: 'Object Repository/FDR-Vouchers-States/Resume/submitForApproval' located by '//*[text()='Submit for approval']//parent::button[@data-id='action-button']' not found

2020-10-10 11:25:03 - [TEST_STEP][FAILED] - click(findTestObject("Object Repository/FDR-Vouchers-States/Resume/submitForApproval")): Unable to click on object 'Object Repository/FDR-Vouchers-States/Resume/submitForApproval' (Root cause: com.kms.katalon.core.exception.StepFailedException: Unable to click on object 'Object Repository/FDR-Vouchers-States/Resume/submitForApproval'
	at com.kms.katalon.core.webui.keyword.internal.WebUIKeywordMain.stepFailed(WebUIKeywordMain.groovy:64)
	at com.kms.katalon.core.webui.keyword.internal.WebUIKeywordMain.runKeyword(WebUIKeywordMain.groovy:26)
	at com.kms.katalon.core.webui.keyword.builtin.ClickKeyword.click(ClickKeyword.groovy:76)
	at com.kms.katalon.core.webui.keyword.builtin.ClickKeyword.execute(ClickKeyword.groovy:43)
	at com.kms.katalon.core.keyword.internal.KeywordExecutor.executeKeywordForPlatform(KeywordExecutor.groovy:73)
	at com.kms.katalon.core.webui.keyword.WebUiBuiltInKeywords.click(WebUiBuiltInKeywords.groovy:617)
	at com.kms.katalon.core.webui.keyword.WebUiBuiltInKeywords$click$5.call(Unknown Source)
	at TC_5-FDR_E2E-INTEGRATED-REFERENCE-DATA-VOUCHER-FLOW.run(TC_5-FDR_E2E-INTEGRATED-REFERENCE-DATA-VOUCHER-FLOW:155)
	at com.kms.katalon.core.main.ScriptEngine.run(ScriptEngine.java:194)
	at com.kms.katalon.core.main.ScriptEngine.runScriptAsRawText(ScriptEngine.java:119)
	at com.kms.katalon.core.main.TestCaseExecutor.runScript(TestCaseExecutor.java:339)
	at com.kms.katalon.core.main.TestCaseExecutor.doExecute(TestCaseExecutor.java:330)
	at com.kms.katalon.core.main.TestCaseExecutor.processExecutionPhase(TestCaseExecutor.java:309)
	at com.kms.katalon.core.main.TestCaseExecutor.accessMainPhase(TestCaseExecutor.java:301)
	at com.kms.katalon.core.main.TestCaseExecutor.execute(TestCaseExecutor.java:235)
	at com.kms.katalon.core.main.TestSuiteExecutor.accessTestCaseMainPhase(TestSuiteExecutor.java:191)
	at com.kms.katalon.core.main.TestSuiteExecutor.accessTestSuiteMainPhase(TestSuiteExecutor.java:141)
	at com.kms.katalon.core.main.TestSuiteExecutor.execute(TestSuiteExecutor.java:90)
	at com.kms.katalon.core.main.TestCaseMain.startTestSuite(TestCaseMain.java:157)
	at com.kms.katalon.core.main.TestCaseMain$startTestSuite$0.call(Unknown Source)
	at TempTestSuite1602352382960.run(TempTestSuite1602352382960.groovy:39)
Caused by: com.kms.katalon.core.webui.exception.WebElementNotFoundException: Web element with id: 'Object Repository/FDR-Vouchers-States/Resume/submitForApproval' located by '//*[text()='Submit for approval']//parent::button[@data-id='action-button']' not found
	at com.kms.katalon.core.webui.common.WebUiCommonHelper.findWebElement(WebUiCommonHelper.java:1368)
	at com.kms.katalon.core.webui.keyword.internal.WebUIAbstractKeyword.findWebElement(WebUIAbstractKeyword.groovy:27)
	at com.kms.katalon.core.webui.keyword.internal.WebUIAbstractKeyword.findWebElement(WebUIAbstractKeyword.groovy:26)
	at com.kms.katalon.core.webui.keyword.builtin.ClickKeyword$_click_closure1.doCall(ClickKeyword.groovy:67)
	at com.kms.katalon.core.webui.keyword.builtin.ClickKeyword$_click_closure1.call(ClickKeyword.groovy)
	at com.kms.katalon.core.webui.keyword.internal.WebUIKeywordMain.runKeyword(WebUIKeywordMain.groovy:20)
	at com.kms.katalon.core.webui.keyword.builtin.ClickKeyword.click(ClickKeyword.groovy:76)
	at com.kms.katalon.core.webui.keyword.builtin.ClickKeyword.execute(ClickKeyword.groovy:43)
	at com.kms.katalon.core.keyword.internal.KeywordExecutor.executeKeywordForPlatform(KeywordExecutor.groovy:73)
	at com.kms.katalon.core.webui.keyword.WebUiBuiltInKeywords.click(WebUiBuiltInKeywords.groovy:617)
	at com.kms.katalon.core.webui.keyword.WebUiBuiltInKeywords$click$5.call(Unknown Source)
	at Script1601336873323.run(Script1601336873323.groovy:155)
	... 13 more
)

2020-10-10 11:25:07 - [MESSAGE][INFO] - Unable to find the element located by 'By.xpath: //*[text()='Submit for approval']//parent::button[@data-id='action-button']'. Please recheck the objects properties to make sure the desired element is located. 

2020-10-10 11:25:07 - [MESSAGE][FAILED] - Unable to click on object 'Object Repository/FDR-Vouchers-States/Resume/submitForApproval' (Root cause: com.kms.katalon.core.exception.StepFailedException: Unable to click on object 'Object Repository/FDR-Vouchers-States/Resume/submitForApproval'
	at com.kms.katalon.core.webui.keyword.internal.WebUIKeywordMain.stepFailed(WebUIKeywordMain.groovy:64)
	at com.kms.katalon.core.webui.keyword.internal.WebUIKeywordMain.runKeyword(WebUIKeywordMain.groovy:26)
	at com.kms.katalon.core.webui.keyword.builtin.ClickKeyword.click(ClickKeyword.groovy:76)
	at com.kms.katalon.core.webui.keyword.builtin.ClickKeyword.execute(ClickKeyword.groovy:43)
	at com.kms.katalon.core.keyword.internal.KeywordExecutor.executeKeywordForPlatform(KeywordExecutor.groovy:73)
	at com.kms.katalon.core.webui.keyword.WebUiBuiltInKeywords.click(WebUiBuiltInKeywords.groovy:617)
	at com.kms.katalon.core.webui.keyword.WebUiBuiltInKeywords$click$5.call(Unknown Source)
	at TC_5-FDR_E2E-INTEGRATED-REFERENCE-DATA-VOUCHER-FLOW.run(TC_5-FDR_E2E-INTEGRATED-REFERENCE-DATA-VOUCHER-FLOW:155)
	at com.kms.katalon.core.main.ScriptEngine.run(ScriptEngine.java:194)
	at com.kms.katalon.core.main.ScriptEngine.runScriptAsRawText(ScriptEngine.java:119)
	at com.kms.katalon.core.main.TestCaseExecutor.runScript(TestCaseExecutor.java:339)
	at com.kms.katalon.core.main.TestCaseExecutor.doExecute(TestCaseExecutor.java:330)
	at com.kms.katalon.core.main.TestCaseExecutor.processExecutionPhase(TestCaseExecutor.java:309)
	at com.kms.katalon.core.main.TestCaseExecutor.accessMainPhase(TestCaseExecutor.java:301)
	at com.kms.katalon.core.main.TestCaseExecutor.execute(TestCaseExecutor.java:235)
	at com.kms.katalon.core.main.TestSuiteExecutor.accessTestCaseMainPhase(TestSuiteExecutor.java:191)
	at com.kms.katalon.core.main.TestSuiteExecutor.accessTestSuiteMainPhase(TestSuiteExecutor.java:141)
	at com.kms.katalon.core.main.TestSuiteExecutor.execute(TestSuiteExecutor.java:90)
	at com.kms.katalon.core.main.TestCaseMain.startTestSuite(TestCaseMain.java:157)
	at com.kms.katalon.core.main.TestCaseMain$startTestSuite$0.call(Unknown Source)
	at TempTestSuite1602352382960.run(TempTestSuite1602352382960.groovy:39)
Caused by: com.kms.katalon.core.webui.exception.WebElementNotFoundException: Web element with id: 'Object Repository/FDR-Vouchers-States/Resume/submitForApproval' located by '//*[text()='Submit for approval']//parent::button[@data-id='action-button']' not found
	at com.kms.katalon.core.webui.common.WebUiCommonHelper.findWebElement(WebUiCommonHelper.java:1368)
	at com.kms.katalon.core.webui.keyword.internal.WebUIAbstractKeyword.findWebElement(WebUIAbstractKeyword.groovy:27)
	at com.kms.katalon.core.webui.keyword.internal.WebUIAbstractKeyword.findWebElement(WebUIAbstractKeyword.groovy:26)
	at com.kms.katalon.core.webui.keyword.builtin.ClickKeyword$_click_closure1.doCall(ClickKeyword.groovy:67)
	at com.kms.katalon.core.webui.keyword.builtin.ClickKeyword$_click_closure1.call(ClickKeyword.groovy)
	at com.kms.katalon.core.webui.keyword.internal.WebUIKeywordMain.runKeyword(WebUIKeywordMain.groovy:20)
	at com.kms.katalon.core.webui.keyword.builtin.ClickKeyword.click(ClickKeyword.groovy:76)
	at com.kms.katalon.core.webui.keyword.builtin.ClickKeyword.execute(ClickKeyword.groovy:43)
	at com.kms.katalon.core.keyword.internal.KeywordExecutor.executeKeywordForPlatform(KeywordExecutor.groovy:73)
	at com.kms.katalon.core.webui.keyword.WebUiBuiltInKeywords.click(WebUiBuiltInKeywords.groovy:617)
	at com.kms.katalon.core.webui.keyword.WebUiBuiltInKeywords$click$5.call(Unknown Source)
	at Script1601336873323.run(Script1601336873323.groovy:155)
	... 13 more
)
[[ATTACHMENT|C:\\My_GitHub_Regression_working\\FDR-Katalon-Regression\\Reports\\20201010_105302\\FDR_E2E-REGRESSION-TESTS\\20201010_105302\\1602354307306.png]]

2020-10-10 11:25:07 - [TEST_STEP][PASSED] - click(findTestObject("FDR-Dashboard/Filters/clearFilterButton")): Object: 'Object Repository/FDR-Dashboard/Filters/clearFilterButton' is clicked on

2020-10-10 11:25:07 - [MESSAGE][PASSED] - Object: 'Object Repository/FDR-Dashboard/Filters/clearFilterButton' is clicked on

2020-10-10 11:25:07 - [TEST_STEP][PASSED] - click(findTestObject("Object Repository/FDR-Dashboard/appLogo")): Object: 'Object Repository/FDR-Dashboard/appLogo' is clicked on

2020-10-10 11:25:09 - [MESSAGE][PASSED] - Object: 'Object Repository/FDR-Dashboard/appLogo' is clicked on

2020-10-10 11:25:09 - [TEST_STEP][PASSED] - commonFunctions.logout(): Browser is closed

2020-10-10 11:25:09 - [MESSAGE][PASSED] - Browser is closed

2020-10-10 11:25:09 - [TEST_STEP][PASSED] - Start listener action : sampleAfterTestCase: null

2020-10-10 11:25:09 - [TEST_STEP][PASSED] - profileName = getExecutionProfile(): null

2020-10-10 11:25:09 - [TEST_STEP][PASSED] - switch (profileName): null

2020-10-10 11:25:09 - [TEST_STEP][PASSED] - case "superUser":: null

2020-10-10 11:25:09 - [TEST_STEP][PASSED] - return null: null

2020-10-10 11:25:09 - [TEST_STEP][PASSED] - Start listener action : afterTestCase: null

2020-10-10 11:25:09 - [TEST_STEP][PASSED] - profileName = getExecutionProfile(): null

2020-10-10 11:25:09 - [TEST_STEP][PASSED] - if (profileName.equalsIgnoreCase("SysAdmin")): null

2020-10-10 11:25:09 - [TEST_STEP][PASSED] - Start listener action : sampleAfterTestCase: null

2020-10-10 11:25:09 - [TEST_STEP][PASSED] - profileName = getExecutionProfile(): null

2020-10-10 11:25:09 - [TEST_STEP][PASSED] - switch (profileName): null

2020-10-10 11:25:09 - [TEST_STEP][PASSED] - Default: null

2020-10-10 11:25:09 - [TEST_STEP][PASSED] - return null: null

2020-10-10 11:25:09 - [TEST_STEP][PASSED] - Start listener action : addFailedTCToList: null]]></system-out>
         <system-err><![CDATA[2020-10-10 11:19:58 - [TEST_CASE][FAILED] - Test Cases/FDR_E2E-REGRESSION-TESTS/TC_5-FDR_E2E-INTEGRATED-REFERENCE-DATA-VOUCHER-FLOW: Test Cases/FDR_E2E-REGRESSION-TESTS/TC_5-FDR_E2E-INTEGRATED-REFERENCE-DATA-VOUCHER-FLOW FAILED.
Reason:
com.kms.katalon.core.exception.StepFailedException: Unable to click on object 'Object Repository/FDR-Dashboard/VouhcersTable/resumeButton' (Root cause: com.kms.katalon.core.exception.StepFailedException: Unable to click on object 'Object Repository/FDR-Dashboard/VouhcersTable/resumeButton'
	at com.kms.katalon.core.webui.keyword.internal.WebUIKeywordMain.stepFailed(WebUIKeywordMain.groovy:64)
	at com.kms.katalon.core.webui.keyword.internal.WebUIKeywordMain.runKeyword(WebUIKeywordMain.groovy:26)
	at com.kms.katalon.core.webui.keyword.builtin.ClickKeyword.click(ClickKeyword.groovy:76)
	at com.kms.katalon.core.webui.keyword.builtin.ClickKeyword.execute(ClickKeyword.groovy:43)
	at com.kms.katalon.core.keyword.internal.KeywordExecutor.executeKeywordForPlatform(KeywordExecutor.groovy:73)
	at com.kms.katalon.core.webui.keyword.WebUiBuiltInKeywords.click(WebUiBuiltInKeywords.groovy:617)
	at com.kms.katalon.core.webui.keyword.WebUiBuiltInKeywords$click$5.call(Unknown Source)
	at TC_5-FDR_E2E-INTEGRATED-REFERENCE-DATA-VOUCHER-FLOW.run(TC_5-FDR_E2E-INTEGRATED-REFERENCE-DATA-VOUCHER-FLOW:106)
	at com.kms.katalon.core.main.ScriptEngine.run(ScriptEngine.java:194)
	at com.kms.katalon.core.main.ScriptEngine.runScriptAsRawText(ScriptEngine.java:119)
	at com.kms.katalon.core.main.TestCaseExecutor.runScript(TestCaseExecutor.java:339)
	at com.kms.katalon.core.main.TestCaseExecutor.doExecute(TestCaseExecutor.java:330)
	at com.kms.katalon.core.main.TestCaseExecutor.processExecutionPhase(TestCaseExecutor.java:309)
	at com.kms.katalon.core.main.TestCaseExecutor.accessMainPhase(TestCaseExecutor.java:301)
	at com.kms.katalon.core.main.TestCaseExecutor.execute(TestCaseExecutor.java:235)
	at com.kms.katalon.core.main.TestSuiteExecutor.accessTestCaseMainPhase(TestSuiteExecutor.java:191)
	at com.kms.katalon.core.main.TestSuiteExecutor.accessTestSuiteMainPhase(TestSuiteExecutor.java:141)
	at com.kms.katalon.core.main.TestSuiteExecutor.execute(TestSuiteExecutor.java:90)
	at com.kms.katalon.core.main.TestCaseMain.startTestSuite(TestCaseMain.java:157)
	at com.kms.katalon.core.main.TestCaseMain$startTestSuite$0.call(Unknown Source)
	at TempTestSuite1602352382960.run(TempTestSuite1602352382960.groovy:39)
Caused by: com.kms.katalon.core.webui.exception.WebElementNotFoundException: Web element with id: 'Object Repository/FDR-Dashboard/VouhcersTable/resumeButton' located by '//div[contains(@class,'MuiGrid-container')]/parent::div/parent::div[1]/div[1]//span[text()='Resume']' not found
	at com.kms.katalon.core.webui.common.WebUiCommonHelper.findWebElement(WebUiCommonHelper.java:1368)
	at com.kms.katalon.core.webui.keyword.internal.WebUIAbstractKeyword.findWebElement(WebUIAbstractKeyword.groovy:27)
	at com.kms.katalon.core.webui.keyword.internal.WebUIAbstractKeyword.findWebElement(WebUIAbstractKeyword.groovy:26)
	at com.kms.katalon.core.webui.keyword.builtin.ClickKeyword$_click_closure1.doCall(ClickKeyword.groovy:67)
	at com.kms.katalon.core.webui.keyword.builtin.ClickKeyword$_click_closure1.call(ClickKeyword.groovy)
	at com.kms.katalon.core.webui.keyword.internal.WebUIKeywordMain.runKeyword(WebUIKeywordMain.groovy:20)
	at com.kms.katalon.core.webui.keyword.builtin.ClickKeyword.click(ClickKeyword.groovy:76)
	at com.kms.katalon.core.webui.keyword.builtin.ClickKeyword.execute(ClickKeyword.groovy:43)
	at com.kms.katalon.core.keyword.internal.KeywordExecutor.executeKeywordForPlatform(KeywordExecutor.groovy:73)
	at com.kms.katalon.core.webui.keyword.WebUiBuiltInKeywords.click(WebUiBuiltInKeywords.groovy:617)
	at com.kms.katalon.core.webui.keyword.WebUiBuiltInKeywords$click$5.call(Unknown Source)
	at Script1601336873323.run(Script1601336873323.groovy:106)
	... 13 more
)
	at com.kms.katalon.core.keyword.internal.KeywordMain.stepFailed(KeywordMain.groovy:39)
	at com.kms.katalon.core.webui.keyword.internal.WebUIKeywordMain.stepFailed(WebUIKeywordMain.groovy:64)
	at com.kms.katalon.core.webui.keyword.internal.WebUIKeywordMain.runKeyword(WebUIKeywordMain.groovy:26)
	at com.kms.katalon.core.webui.keyword.builtin.ClickKeyword.click(ClickKeyword.groovy:76)
	at com.kms.katalon.core.webui.keyword.builtin.ClickKeyword.execute(ClickKeyword.groovy:43)
	at com.kms.katalon.core.keyword.internal.KeywordExecutor.executeKeywordForPlatform(KeywordExecutor.groovy:73)
	at com.kms.katalon.core.webui.keyword.WebUiBuiltInKeywords.click(WebUiBuiltInKeywords.groovy:617)
	at com.kms.katalon.core.webui.keyword.WebUiBuiltInKeywords$click$5.call(Unknown Source)
	at TC_5-FDR_E2E-INTEGRATED-REFERENCE-DATA-VOUCHER-FLOW.run(TC_5-FDR_E2E-INTEGRATED-REFERENCE-DATA-VOUCHER-FLOW:106)
	at com.kms.katalon.core.main.ScriptEngine.run(ScriptEngine.java:194)
	at com.kms.katalon.core.main.ScriptEngine.runScriptAsRawText(ScriptEngine.java:119)
	at com.kms.katalon.core.main.TestCaseExecutor.runScript(TestCaseExecutor.java:339)
	at com.kms.katalon.core.main.TestCaseExecutor.doExecute(TestCaseExecutor.java:330)
	at com.kms.katalon.core.main.TestCaseExecutor.processExecutionPhase(TestCaseExecutor.java:309)
	at com.kms.katalon.core.main.TestCaseExecutor.accessMainPhase(TestCaseExecutor.java:301)
	at com.kms.katalon.core.main.TestCaseExecutor.execute(TestCaseExecutor.java:235)
	at com.kms.katalon.core.main.TestSuiteExecutor.accessTestCaseMainPhase(TestSuiteExecutor.java:191)
	at com.kms.katalon.core.main.TestSuiteExecutor.accessTestSuiteMainPhase(TestSuiteExecutor.java:141)
	at com.kms.katalon.core.main.TestSuiteExecutor.execute(TestSuiteExecutor.java:90)
	at com.kms.katalon.core.main.TestCaseMain.startTestSuite(TestCaseMain.java:157)
	at com.kms.katalon.core.main.TestCaseMain$startTestSuite$0.call(Unknown Source)
	at TempTestSuite1602352382960.run(TempTestSuite1602352382960.groovy:39)
Caused by: com.kms.katalon.core.exception.StepFailedException: Unable to click on object 'Object Repository/FDR-Dashboard/VouhcersTable/resumeButton'
	... 21 more
Caused by: com.kms.katalon.core.webui.exception.WebElementNotFoundException: Web element with id: 'Object Repository/FDR-Dashboard/VouhcersTable/resumeButton' located by '//div[contains(@class,'MuiGrid-container')]/parent::div/parent::div[1]/div[1]//span[text()='Resume']' not found
	at com.kms.katalon.core.webui.common.WebUiCommonHelper.findWebElement(WebUiCommonHelper.java:1368)
	at com.kms.katalon.core.webui.keyword.internal.WebUIAbstractKeyword.findWebElement(WebUIAbstractKeyword.groovy:27)
	at com.kms.katalon.core.webui.keyword.internal.WebUIAbstractKeyword.findWebElement(WebUIAbstractKeyword.groovy:26)
	at com.kms.katalon.core.webui.keyword.builtin.ClickKeyword$_click_closure1.doCall(ClickKeyword.groovy:67)
	at com.kms.katalon.core.webui.keyword.builtin.ClickKeyword$_click_closure1.call(ClickKeyword.groovy)
	at com.kms.katalon.core.webui.keyword.internal.WebUIKeywordMain.runKeyword(WebUIKeywordMain.groovy:20)
	... 19 more]]></system-err>
      </testcase>
      <testcase name="Test Cases/FDR_E2E-REGRESSION-TESTS/TC_6-FDR-E2E-SYSADMIN-CALENDAR" time="33.784" classname="Test Cases/FDR_E2E-REGRESSION-TESTS/TC_6-FDR-E2E-SYSADMIN-CALENDAR" status="PASSED">
         <system-out><![CDATA[2020-10-10 11:25:09 - [TEST_CASE][PASSED] - Test Cases/FDR_E2E-REGRESSION-TESTS/TC_6-FDR-E2E-SYSADMIN-CALENDAR: Test Cases/FDR_E2E-REGRESSION-TESTS/TC_6-FDR-E2E-SYSADMIN-CALENDAR

2020-10-10 11:25:09 - [TEST_STEP][PASSED] - Start listener action : sampleBeforeTestCase: null

2020-10-10 11:25:09 - [TEST_STEP][PASSED] - profileName = getExecutionProfile(): null

2020-10-10 11:25:09 - [TEST_STEP][PASSED] - switch (profileName): null

2020-10-10 11:25:09 - [TEST_STEP][PASSED] - case "superUser":: null

2020-10-10 11:25:09 - [TEST_STEP][PASSED] - return null: null

2020-10-10 11:25:09 - [TEST_STEP][PASSED] - Start listener action : beforeTestCase: null

2020-10-10 11:25:09 - [TEST_STEP][PASSED] - profileName = getExecutionProfile(): null

2020-10-10 11:25:09 - [TEST_STEP][PASSED] - if (profileName.equalsIgnoreCase("SysAdmin")): null

2020-10-10 11:25:09 - [TEST_STEP][PASSED] - Start listener action : sampleBeforeTestCase: null

2020-10-10 11:25:09 - [TEST_STEP][PASSED] - profileName = getExecutionProfile(): null

2020-10-10 11:25:09 - [TEST_STEP][PASSED] - testCaseId = testCaseContext.getTestCaseId(): null

2020-10-10 11:25:09 - [TEST_STEP][PASSED] - switch (profileName): null

2020-10-10 11:25:09 - [TEST_STEP][PASSED] - Default: null

2020-10-10 11:25:09 - [TEST_STEP][PASSED] - return null: null

2020-10-10 11:25:09 - [TEST_STEP][PASSED] - Start listener action : executeRows: null

2020-10-10 11:25:09 - [TEST_STEP][PASSED] - commonFunctions.login(superUserAccnt, superUserPwd): Object: 'Object Repository/FDR-SignIn/SignInButton' is clicked on

2020-10-10 11:25:09 - [MESSAGE][INFO] - Starting 'Chrome' driver

2020-10-10 11:25:09 - [MESSAGE][INFO] - Action delay is set to 0 milliseconds

2020-10-10 11:25:14 - [MESSAGE][PASSED] - Browser is opened with url: 'https://fdr-katalon.cammis-mod-dev.dhcs.ca.gov'

2020-10-10 11:25:16 - [MESSAGE][PASSED] - Current window maximized

2020-10-10 11:25:16 - [MESSAGE][PASSED] - Object 'Object Repository/FDR-SignIn/SignInEmail' is present

2020-10-10 11:25:16 - [MESSAGE][PASSED] - Object: 'Object Repository/FDR-SignIn/SignInEmail' is clicked on

2020-10-10 11:25:16 - [MESSAGE][PASSED] - Object 'Object Repository/FDR-SignIn/SignInEmail' is present

2020-10-10 11:25:17 - [MESSAGE][PASSED] - Text 'fdr.test11@dhcs.ca.gov' is set on object 'Object Repository/FDR-SignIn/SignInEmail'

2020-10-10 11:25:17 - [MESSAGE][PASSED] - Object 'Object Repository/FDR-SignIn/SignInEmailNext' is visible

2020-10-10 11:25:17 - [MESSAGE][PASSED] - Object: 'Object Repository/FDR-SignIn/SignInEmailNext' is clicked on

2020-10-10 11:25:21 - [MESSAGE][PASSED] - Object 'Object Repository/FDR-SignIn/SignInEmailPassword' is visible

2020-10-10 11:25:21 - [MESSAGE][PASSED] - Object: 'Object Repository/FDR-SignIn/SignInEmailPassword' is clicked on

2020-10-10 11:25:21 - [MESSAGE][PASSED] - Text ****** has been set on object 'Object Repository/FDR-SignIn/SignInEmailPassword'

2020-10-10 11:25:23 - [MESSAGE][PASSED] - Object: 'Object Repository/FDR-SignIn/SignInButton' is clicked on

2020-10-10 11:25:23 - [TEST_STEP][PASSED] - waitForElementPresent(findTestObject("Object Repository/FDR-System-Admin/FDR-Calendar/FDR-Calendar-Dashboard/calendarBtn"), 3): Object 'Object Repository/FDR-System-Admin/FDR-Calendar/FDR-Calendar-Dashboard/calendarBtn' is present

2020-10-10 11:25:25 - [MESSAGE][PASSED] - Object 'Object Repository/FDR-System-Admin/FDR-Calendar/FDR-Calendar-Dashboard/calendarBtn' is present

2020-10-10 11:25:25 - [TEST_STEP][PASSED] - taskName = "Calendar": null

2020-10-10 11:25:25 - [TEST_STEP][PASSED] - verifyElementText(findTestObject("Object Repository/FDR-System-Admin/FDR-Calendar/FDR-Calendar-Dashboard/calendarBtnText"), taskName): Actual text and expected text of test object 'Object Repository/FDR-System-Admin/FDR-Calendar/FDR-Calendar-Dashboard/calendarBtnText' are matched.

2020-10-10 11:25:25 - [MESSAGE][PASSED] - Actual text and expected text of test object 'Object Repository/FDR-System-Admin/FDR-Calendar/FDR-Calendar-Dashboard/calendarBtnText' are matched.

2020-10-10 11:25:25 - [TEST_STEP][PASSED] - click(findTestObject("Object Repository/FDR-System-Admin/FDR-Calendar/FDR-Calendar-Dashboard/calendarBtn")): Object: 'Object Repository/FDR-System-Admin/FDR-Calendar/FDR-Calendar-Dashboard/calendarBtn' is clicked on

2020-10-10 11:25:26 - [MESSAGE][PASSED] - Object: 'Object Repository/FDR-System-Admin/FDR-Calendar/FDR-Calendar-Dashboard/calendarBtn' is clicked on

2020-10-10 11:25:26 - [TEST_STEP][PASSED] - click(findTestObject("Object Repository/FDR-System-Admin/FDR-Calendar/FDR-Calendar-Dashboard/calendarDataTypeDropdown")): Object: 'Object Repository/FDR-System-Admin/FDR-Calendar/FDR-Calendar-Dashboard/calendarDataTypeDropdown' is clicked on

2020-10-10 11:25:26 - [MESSAGE][PASSED] - Object: 'Object Repository/FDR-System-Admin/FDR-Calendar/FDR-Calendar-Dashboard/calendarDataTypeDropdown' is clicked on

2020-10-10 11:25:26 - [TEST_STEP][PASSED] - setText(findTestObject("Object Repository/FDR-System-Admin/FDR-Calendar/FDR-Calendar-Dashboard/calendarDataTypeDropdown"), ""): Text '' is set on object 'Object Repository/FDR-System-Admin/FDR-Calendar/FDR-Calendar-Dashboard/calendarDataTypeDropdown'

2020-10-10 11:25:27 - [MESSAGE][PASSED] - Text '' is set on object 'Object Repository/FDR-System-Admin/FDR-Calendar/FDR-Calendar-Dashboard/calendarDataTypeDropdown'

2020-10-10 11:25:27 - [TEST_STEP][PASSED] - click(findTestObject("Object Repository/FDR-System-Admin/FDR-Calendar/FDR-Calendar-Dashboard/federalFiscalYearOption")): Object: 'Object Repository/FDR-System-Admin/FDR-Calendar/FDR-Calendar-Dashboard/federalFiscalYearOption' is clicked on

2020-10-10 11:25:27 - [MESSAGE][PASSED] - Object: 'Object Repository/FDR-System-Admin/FDR-Calendar/FDR-Calendar-Dashboard/federalFiscalYearOption' is clicked on

2020-10-10 11:25:27 - [TEST_STEP][PASSED] - waitForElementPresent(findTestObject("Object Repository/FDR-System-Admin/FDR-Calendar/FDR-Calendar-FederalFiscalYear/gridViewFiscalYearLabel"), 3): Object 'Object Repository/FDR-System-Admin/FDR-Calendar/FDR-Calendar-FederalFiscalYear/gridViewFiscalYearLabel' is present

2020-10-10 11:25:28 - [MESSAGE][PASSED] - Object 'Object Repository/FDR-System-Admin/FDR-Calendar/FDR-Calendar-FederalFiscalYear/gridViewFiscalYearLabel' is present

2020-10-10 11:25:28 - [TEST_STEP][PASSED] - fiscalYear = "Fiscal Year": null

2020-10-10 11:25:28 - [TEST_STEP][PASSED] - verifyElementText(findTestObject("Object Repository/FDR-System-Admin/FDR-Calendar/FDR-Calendar-FederalFiscalYear/gridViewFiscalYearLabel"), fiscalYear): Actual text and expected text of test object 'Object Repository/FDR-System-Admin/FDR-Calendar/FDR-Calendar-FederalFiscalYear/gridViewFiscalYearLabel' are matched.

2020-10-10 11:25:28 - [MESSAGE][PASSED] - Actual text and expected text of test object 'Object Repository/FDR-System-Admin/FDR-Calendar/FDR-Calendar-FederalFiscalYear/gridViewFiscalYearLabel' are matched.

2020-10-10 11:25:28 - [TEST_STEP][PASSED] - navigateToUrl("https://fdr-katalon.cammis-mod-dev.dhcs.ca.gov/admin/calendar/federal/2020"): Navigate to 'https://fdr-katalon.cammis-mod-dev.dhcs.ca.gov/admin/calendar/federal/2020' successfully

2020-10-10 11:25:29 - [MESSAGE][PASSED] - Navigate to 'https://fdr-katalon.cammis-mod-dev.dhcs.ca.gov/admin/calendar/federal/2020' successfully

2020-10-10 11:25:29 - [TEST_STEP][PASSED] - waitForElementPresent(findTestObject("Object Repository/FDR-System-Admin/FDR-Calendar/FDR-Calendar-FederalFiscalYear/federalFiscalYearHeader"), 3): Object 'Object Repository/FDR-System-Admin/FDR-Calendar/FDR-Calendar-FederalFiscalYear/federalFiscalYearHeader' is present

2020-10-10 11:25:29 - [MESSAGE][PASSED] - Object 'Object Repository/FDR-System-Admin/FDR-Calendar/FDR-Calendar-FederalFiscalYear/federalFiscalYearHeader' is present

2020-10-10 11:25:29 - [TEST_STEP][PASSED] - quarter1 = "Quarter 1": null

2020-10-10 11:25:29 - [TEST_STEP][PASSED] - verifyElementText(findTestObject("Object Repository/FDR-System-Admin/FDR-Calendar/FDR-Calendar-FederalFiscalYear/quarter1-Header"), quarter1): Actual text and expected text of test object 'Object Repository/FDR-System-Admin/FDR-Calendar/FDR-Calendar-FederalFiscalYear/quarter1-Header' are matched.

2020-10-10 11:25:29 - [MESSAGE][PASSED] - Actual text and expected text of test object 'Object Repository/FDR-System-Admin/FDR-Calendar/FDR-Calendar-FederalFiscalYear/quarter1-Header' are matched.

2020-10-10 11:25:29 - [TEST_STEP][PASSED] - quarter2 = "Quarter 2": null

2020-10-10 11:25:29 - [TEST_STEP][PASSED] - verifyElementText(findTestObject("Object Repository/FDR-System-Admin/FDR-Calendar/FDR-Calendar-FederalFiscalYear/quarter2-Header"), quarter2): Actual text and expected text of test object 'Object Repository/FDR-System-Admin/FDR-Calendar/FDR-Calendar-FederalFiscalYear/quarter2-Header' are matched.

2020-10-10 11:25:30 - [MESSAGE][PASSED] - Actual text and expected text of test object 'Object Repository/FDR-System-Admin/FDR-Calendar/FDR-Calendar-FederalFiscalYear/quarter2-Header' are matched.

2020-10-10 11:25:30 - [TEST_STEP][PASSED] - quarter3 = "Quarter 3": null

2020-10-10 11:25:30 - [TEST_STEP][PASSED] - verifyElementText(findTestObject("Object Repository/FDR-System-Admin/FDR-Calendar/FDR-Calendar-FederalFiscalYear/quarter3-Header"), quarter3): Actual text and expected text of test object 'Object Repository/FDR-System-Admin/FDR-Calendar/FDR-Calendar-FederalFiscalYear/quarter3-Header' are matched.

2020-10-10 11:25:30 - [MESSAGE][PASSED] - Actual text and expected text of test object 'Object Repository/FDR-System-Admin/FDR-Calendar/FDR-Calendar-FederalFiscalYear/quarter3-Header' are matched.

2020-10-10 11:25:30 - [TEST_STEP][PASSED] - quarter4 = "Quarter 4": null

2020-10-10 11:25:30 - [TEST_STEP][PASSED] - verifyElementText(findTestObject("Object Repository/FDR-System-Admin/FDR-Calendar/FDR-Calendar-FederalFiscalYear/quarter4-Header"), quarter4): Actual text and expected text of test object 'Object Repository/FDR-System-Admin/FDR-Calendar/FDR-Calendar-FederalFiscalYear/quarter4-Header' are matched.

2020-10-10 11:25:30 - [MESSAGE][PASSED] - Actual text and expected text of test object 'Object Repository/FDR-System-Admin/FDR-Calendar/FDR-Calendar-FederalFiscalYear/quarter4-Header' are matched.

2020-10-10 11:25:30 - [TEST_STEP][PASSED] - navigateToUrl("https://fdr-katalon.cammis-mod-dev.dhcs.ca.gov/admin/calendar/"): Navigate to 'https://fdr-katalon.cammis-mod-dev.dhcs.ca.gov/admin/calendar/' successfully

2020-10-10 11:25:31 - [MESSAGE][PASSED] - Navigate to 'https://fdr-katalon.cammis-mod-dev.dhcs.ca.gov/admin/calendar/' successfully

2020-10-10 11:25:31 - [TEST_STEP][PASSED] - setText(findTestObject("Object Repository/FDR-System-Admin/FDR-Calendar/FDR-Calendar-Dashboard/calendarDataTypeDropdown"), ""): Text '' is set on object 'Object Repository/FDR-System-Admin/FDR-Calendar/FDR-Calendar-Dashboard/calendarDataTypeDropdown'

2020-10-10 11:25:31 - [MESSAGE][PASSED] - Text '' is set on object 'Object Repository/FDR-System-Admin/FDR-Calendar/FDR-Calendar-Dashboard/calendarDataTypeDropdown'

2020-10-10 11:25:31 - [TEST_STEP][PASSED] - click(findTestObject("Object Repository/FDR-System-Admin/FDR-Calendar/FDR-Calendar-Dashboard/calendarDropdown")): Object: 'Object Repository/FDR-System-Admin/FDR-Calendar/FDR-Calendar-Dashboard/calendarDropdown' is clicked on

2020-10-10 11:25:32 - [MESSAGE][PASSED] - Object: 'Object Repository/FDR-System-Admin/FDR-Calendar/FDR-Calendar-Dashboard/calendarDropdown' is clicked on

2020-10-10 11:25:32 - [TEST_STEP][PASSED] - click(findTestObject("Object Repository/FDR-System-Admin/FDR-Calendar/FDR-Calendar-Dashboard/stateFiscalYearOption")): Object: 'Object Repository/FDR-System-Admin/FDR-Calendar/FDR-Calendar-Dashboard/stateFiscalYearOption' is clicked on

2020-10-10 11:25:32 - [MESSAGE][PASSED] - Object: 'Object Repository/FDR-System-Admin/FDR-Calendar/FDR-Calendar-Dashboard/stateFiscalYearOption' is clicked on

2020-10-10 11:25:32 - [TEST_STEP][PASSED] - waitForElementPresent(findTestObject("Object Repository/FDR-System-Admin/FDR-Calendar/FDR-Calendar-StateFiscalYear/gridViewFiscalYearLabel"), 3): Object 'Object Repository/FDR-System-Admin/FDR-Calendar/FDR-Calendar-StateFiscalYear/gridViewFiscalYearLabel' is present

2020-10-10 11:25:33 - [MESSAGE][PASSED] - Object 'Object Repository/FDR-System-Admin/FDR-Calendar/FDR-Calendar-StateFiscalYear/gridViewFiscalYearLabel' is present

2020-10-10 11:25:33 - [TEST_STEP][PASSED] - stateFiscalYearLabel = "Fiscal Year": null

2020-10-10 11:25:33 - [TEST_STEP][PASSED] - verifyElementText(findTestObject("Object Repository/FDR-System-Admin/FDR-Calendar/FDR-Calendar-StateFiscalYear/gridViewFiscalYearLabel"), stateFiscalYearLabel): Actual text and expected text of test object 'Object Repository/FDR-System-Admin/FDR-Calendar/FDR-Calendar-StateFiscalYear/gridViewFiscalYearLabel' are matched.

2020-10-10 11:25:33 - [MESSAGE][PASSED] - Actual text and expected text of test object 'Object Repository/FDR-System-Admin/FDR-Calendar/FDR-Calendar-StateFiscalYear/gridViewFiscalYearLabel' are matched.

2020-10-10 11:25:33 - [TEST_STEP][PASSED] - navigateToUrl("https://fdr-katalon.cammis-mod-dev.dhcs.ca.gov/admin/calendar/state/2020"): Navigate to 'https://fdr-katalon.cammis-mod-dev.dhcs.ca.gov/admin/calendar/state/2020' successfully

2020-10-10 11:25:33 - [MESSAGE][PASSED] - Navigate to 'https://fdr-katalon.cammis-mod-dev.dhcs.ca.gov/admin/calendar/state/2020' successfully

2020-10-10 11:25:33 - [TEST_STEP][PASSED] - waitForElementPresent(findTestObject("Object Repository/FDR-System-Admin/FDR-Calendar/FDR-Calendar-StateFiscalYear/stateFiscalYearHeader"), 3): Object 'Object Repository/FDR-System-Admin/FDR-Calendar/FDR-Calendar-StateFiscalYear/stateFiscalYearHeader' is not present after 3 second(s)

2020-10-10 11:25:38 - [MESSAGE][INFO] - Unable to find the element located by 'By.xpath: //*[@id="wrapper"]/main/div/div/div/div/main/div/div[2]/div/div/div[1]/div/div/div/h2'. Please recheck the objects properties to make sure the desired element is located. 

2020-10-10 11:25:38 - [MESSAGE][WARNING] - Object 'Object Repository/FDR-System-Admin/FDR-Calendar/FDR-Calendar-StateFiscalYear/stateFiscalYearHeader' is not present after 3 second(s)

2020-10-10 11:25:38 - [TEST_STEP][PASSED] - waitForElementPresent(findTestObject("Object Repository/FDR-System-Admin/FDR-Calendar/FDR-Calendar-StateFiscalYear/quarter1-Header"), 3): Object 'Object Repository/FDR-System-Admin/FDR-Calendar/FDR-Calendar-StateFiscalYear/quarter1-Header' is present

2020-10-10 11:25:38 - [MESSAGE][PASSED] - Object 'Object Repository/FDR-System-Admin/FDR-Calendar/FDR-Calendar-StateFiscalYear/quarter1-Header' is present

2020-10-10 11:25:38 - [TEST_STEP][PASSED] - verifyElementText(findTestObject("Object Repository/FDR-System-Admin/FDR-Calendar/FDR-Calendar-StateFiscalYear/quarter1-Header"), quarter1): Actual text and expected text of test object 'Object Repository/FDR-System-Admin/FDR-Calendar/FDR-Calendar-StateFiscalYear/quarter1-Header' are matched.

2020-10-10 11:25:38 - [MESSAGE][PASSED] - Actual text and expected text of test object 'Object Repository/FDR-System-Admin/FDR-Calendar/FDR-Calendar-StateFiscalYear/quarter1-Header' are matched.

2020-10-10 11:25:38 - [TEST_STEP][PASSED] - verifyElementText(findTestObject("Object Repository/FDR-System-Admin/FDR-Calendar/FDR-Calendar-StateFiscalYear/quarter2-header"), quarter2): Actual text and expected text of test object 'Object Repository/FDR-System-Admin/FDR-Calendar/FDR-Calendar-StateFiscalYear/quarter2-header' are matched.

2020-10-10 11:25:38 - [MESSAGE][PASSED] - Actual text and expected text of test object 'Object Repository/FDR-System-Admin/FDR-Calendar/FDR-Calendar-StateFiscalYear/quarter2-header' are matched.

2020-10-10 11:25:38 - [TEST_STEP][PASSED] - verifyElementText(findTestObject("Object Repository/FDR-System-Admin/FDR-Calendar/FDR-Calendar-StateFiscalYear/quarter3-Header"), quarter3): Actual text and expected text of test object 'Object Repository/FDR-System-Admin/FDR-Calendar/FDR-Calendar-StateFiscalYear/quarter3-Header' are matched.

2020-10-10 11:25:39 - [MESSAGE][PASSED] - Actual text and expected text of test object 'Object Repository/FDR-System-Admin/FDR-Calendar/FDR-Calendar-StateFiscalYear/quarter3-Header' are matched.

2020-10-10 11:25:39 - [TEST_STEP][PASSED] - verifyElementText(findTestObject("Object Repository/FDR-System-Admin/FDR-Calendar/FDR-Calendar-StateFiscalYear/quarter4-Header"), quarter4): Actual text and expected text of test object 'Object Repository/FDR-System-Admin/FDR-Calendar/FDR-Calendar-StateFiscalYear/quarter4-Header' are matched.

2020-10-10 11:25:39 - [MESSAGE][PASSED] - Actual text and expected text of test object 'Object Repository/FDR-System-Admin/FDR-Calendar/FDR-Calendar-StateFiscalYear/quarter4-Header' are matched.

2020-10-10 11:25:39 - [TEST_STEP][PASSED] - navigateToUrl("https://fdr-katalon.cammis-mod-dev.dhcs.ca.gov/admin/calendar/"): Navigate to 'https://fdr-katalon.cammis-mod-dev.dhcs.ca.gov/admin/calendar/' successfully

2020-10-10 11:25:39 - [MESSAGE][PASSED] - Navigate to 'https://fdr-katalon.cammis-mod-dev.dhcs.ca.gov/admin/calendar/' successfully

2020-10-10 11:25:39 - [TEST_STEP][PASSED] - click(findTestObject("Object Repository/FDR-System-Admin/FDR-Calendar/FDR-Calendar-Dashboard/calendarDataTypeDropdown")): Object: 'Object Repository/FDR-System-Admin/FDR-Calendar/FDR-Calendar-Dashboard/calendarDataTypeDropdown' is clicked on

2020-10-10 11:25:40 - [MESSAGE][PASSED] - Object: 'Object Repository/FDR-System-Admin/FDR-Calendar/FDR-Calendar-Dashboard/calendarDataTypeDropdown' is clicked on

2020-10-10 11:25:40 - [TEST_STEP][PASSED] - setText(findTestObject("Object Repository/FDR-System-Admin/FDR-Calendar/FDR-Calendar-Dashboard/calendarDataTypeDropdown"), ""): Text '' is set on object 'Object Repository/FDR-System-Admin/FDR-Calendar/FDR-Calendar-Dashboard/calendarDataTypeDropdown'

2020-10-10 11:25:41 - [MESSAGE][PASSED] - Text '' is set on object 'Object Repository/FDR-System-Admin/FDR-Calendar/FDR-Calendar-Dashboard/calendarDataTypeDropdown'

2020-10-10 11:25:41 - [TEST_STEP][PASSED] - click(findTestObject("Object Repository/FDR-System-Admin/FDR-Calendar/FDR-Calendar-Dashboard/drawDateOption")): Object: 'Object Repository/FDR-System-Admin/FDR-Calendar/FDR-Calendar-Dashboard/drawDateOption' is clicked on

2020-10-10 11:25:41 - [MESSAGE][PASSED] - Object: 'Object Repository/FDR-System-Admin/FDR-Calendar/FDR-Calendar-Dashboard/drawDateOption' is clicked on

2020-10-10 11:25:41 - [TEST_STEP][PASSED] - waitForElementPresent(findTestObject("Object Repository/FDR-System-Admin/FDR-Calendar/FDR-Calendar-DrawDate/gridViewDrawDateLabel"), 3): Object 'Object Repository/FDR-System-Admin/FDR-Calendar/FDR-Calendar-DrawDate/gridViewDrawDateLabel' is present

2020-10-10 11:25:42 - [MESSAGE][PASSED] - Object 'Object Repository/FDR-System-Admin/FDR-Calendar/FDR-Calendar-DrawDate/gridViewDrawDateLabel' is present

2020-10-10 11:25:42 - [TEST_STEP][PASSED] - drawDateLabel = "Draw Date": null

2020-10-10 11:25:42 - [TEST_STEP][PASSED] - verifyElementText(findTestObject("Object Repository/FDR-System-Admin/FDR-Calendar/FDR-Calendar-DrawDate/gridViewDrawDateLabel"), drawDateLabel): Actual text and expected text of test object 'Object Repository/FDR-System-Admin/FDR-Calendar/FDR-Calendar-DrawDate/gridViewDrawDateLabel' are matched.

2020-10-10 11:25:42 - [MESSAGE][PASSED] - Actual text and expected text of test object 'Object Repository/FDR-System-Admin/FDR-Calendar/FDR-Calendar-DrawDate/gridViewDrawDateLabel' are matched.

2020-10-10 11:25:42 - [TEST_STEP][PASSED] - waitForElementPresent(findTestObject("Object Repository/FDR-System-Admin/FDR-Calendar/FDR-Calendar-DrawDate/gridViewPayDateLabel"), 3): Object 'Object Repository/FDR-System-Admin/FDR-Calendar/FDR-Calendar-DrawDate/gridViewPayDateLabel' is present

2020-10-10 11:25:42 - [MESSAGE][PASSED] - Object 'Object Repository/FDR-System-Admin/FDR-Calendar/FDR-Calendar-DrawDate/gridViewPayDateLabel' is present

2020-10-10 11:25:42 - [TEST_STEP][PASSED] - payDateLabel = "Pay Date": null

2020-10-10 11:25:42 - [TEST_STEP][PASSED] - verifyElementText(findTestObject("Object Repository/FDR-System-Admin/FDR-Calendar/FDR-Calendar-DrawDate/gridViewPayDateLabel"), payDateLabel): Actual text and expected text of test object 'Object Repository/FDR-System-Admin/FDR-Calendar/FDR-Calendar-DrawDate/gridViewPayDateLabel' are matched.

2020-10-10 11:25:42 - [MESSAGE][PASSED] - Actual text and expected text of test object 'Object Repository/FDR-System-Admin/FDR-Calendar/FDR-Calendar-DrawDate/gridViewPayDateLabel' are matched.

2020-10-10 11:25:42 - [TEST_STEP][PASSED] - commonFunctions.logout(): Browser is closed

2020-10-10 11:25:43 - [MESSAGE][PASSED] - Browser is closed

2020-10-10 11:25:43 - [TEST_STEP][PASSED] - Start listener action : sampleAfterTestCase: null

2020-10-10 11:25:43 - [TEST_STEP][PASSED] - profileName = getExecutionProfile(): null

2020-10-10 11:25:43 - [TEST_STEP][PASSED] - switch (profileName): null

2020-10-10 11:25:43 - [TEST_STEP][PASSED] - case "superUser":: null

2020-10-10 11:25:43 - [TEST_STEP][PASSED] - return null: null

2020-10-10 11:25:43 - [TEST_STEP][PASSED] - Start listener action : afterTestCase: null

2020-10-10 11:25:43 - [TEST_STEP][PASSED] - profileName = getExecutionProfile(): null

2020-10-10 11:25:43 - [TEST_STEP][PASSED] - if (profileName.equalsIgnoreCase("SysAdmin")): null

2020-10-10 11:25:43 - [TEST_STEP][PASSED] - Start listener action : sampleAfterTestCase: null

2020-10-10 11:25:43 - [TEST_STEP][PASSED] - profileName = getExecutionProfile(): null

2020-10-10 11:25:43 - [TEST_STEP][PASSED] - switch (profileName): null

2020-10-10 11:25:43 - [TEST_STEP][PASSED] - Default: null

2020-10-10 11:25:43 - [TEST_STEP][PASSED] - return null: null

2020-10-10 11:25:43 - [TEST_STEP][PASSED] - Start listener action : addFailedTCToList: null]]></system-out>
         <system-err><![CDATA[]]></system-err>
      </testcase>
      <system-out><![CDATA[2020-10-10 10:53:04 - [TEST_SUITE][FAILED] - FDR_E2E-REGRESSION-TESTS: Test Cases/FDR_E2E-REGRESSION-TESTS/TC_5-FDR_E2E-INTEGRATED-REFERENCE-DATA-VOUCHER-FLOW FAILED.
Reason:
com.kms.katalon.core.exception.StepFailedException: Unable to click on object 'Object Repository/FDR-Dashboard/VouhcersTable/resumeButton' (Root cause: com.kms.katalon.core.exception.StepFailedException: Unable to click on object 'Object Repository/FDR-Dashboard/VouhcersTable/resumeButton'
	at com.kms.katalon.core.webui.keyword.internal.WebUIKeywordMain.stepFailed(WebUIKeywordMain.groovy:64)
	at com.kms.katalon.core.webui.keyword.internal.WebUIKeywordMain.runKeyword(WebUIKeywordMain.groovy:26)
	at com.kms.katalon.core.webui.keyword.builtin.ClickKeyword.click(ClickKeyword.groovy:76)
	at com.kms.katalon.core.webui.keyword.builtin.ClickKeyword.execute(ClickKeyword.groovy:43)
	at com.kms.katalon.core.keyword.internal.KeywordExecutor.executeKeywordForPlatform(KeywordExecutor.groovy:73)
	at com.kms.katalon.core.webui.keyword.WebUiBuiltInKeywords.click(WebUiBuiltInKeywords.groovy:617)
	at com.kms.katalon.core.webui.keyword.WebUiBuiltInKeywords$click$5.call(Unknown Source)
	at TC_5-FDR_E2E-INTEGRATED-REFERENCE-DATA-VOUCHER-FLOW.run(TC_5-FDR_E2E-INTEGRATED-REFERENCE-DATA-VOUCHER-FLOW:106)
	at com.kms.katalon.core.main.ScriptEngine.run(ScriptEngine.java:194)
	at com.kms.katalon.core.main.ScriptEngine.runScriptAsRawText(ScriptEngine.java:119)
	at com.kms.katalon.core.main.TestCaseExecutor.runScript(TestCaseExecutor.java:339)
	at com.kms.katalon.core.main.TestCaseExecutor.doExecute(TestCaseExecutor.java:330)
	at com.kms.katalon.core.main.TestCaseExecutor.processExecutionPhase(TestCaseExecutor.java:309)
	at com.kms.katalon.core.main.TestCaseExecutor.accessMainPhase(TestCaseExecutor.java:301)
	at com.kms.katalon.core.main.TestCaseExecutor.execute(TestCaseExecutor.java:235)
	at com.kms.katalon.core.main.TestSuiteExecutor.accessTestCaseMainPhase(TestSuiteExecutor.java:191)
	at com.kms.katalon.core.main.TestSuiteExecutor.accessTestSuiteMainPhase(TestSuiteExecutor.java:141)
	at com.kms.katalon.core.main.TestSuiteExecutor.execute(TestSuiteExecutor.java:90)
	at com.kms.katalon.core.main.TestCaseMain.startTestSuite(TestCaseMain.java:157)
	at com.kms.katalon.core.main.TestCaseMain$startTestSuite$0.call(Unknown Source)
	at TempTestSuite1602352382960.run(TempTestSuite1602352382960.groovy:39)
Caused by: com.kms.katalon.core.webui.exception.WebElementNotFoundException: Web element with id: 'Object Repository/FDR-Dashboard/VouhcersTable/resumeButton' located by '//div[contains(@class,'MuiGrid-container')]/parent::div/parent::div[1]/div[1]//span[text()='Resume']' not found
	at com.kms.katalon.core.webui.common.WebUiCommonHelper.findWebElement(WebUiCommonHelper.java:1368)
	at com.kms.katalon.core.webui.keyword.internal.WebUIAbstractKeyword.findWebElement(WebUIAbstractKeyword.groovy:27)
	at com.kms.katalon.core.webui.keyword.internal.WebUIAbstractKeyword.findWebElement(WebUIAbstractKeyword.groovy:26)
	at com.kms.katalon.core.webui.keyword.builtin.ClickKeyword$_click_closure1.doCall(ClickKeyword.groovy:67)
	at com.kms.katalon.core.webui.keyword.builtin.ClickKeyword$_click_closure1.call(ClickKeyword.groovy)
	at com.kms.katalon.core.webui.keyword.internal.WebUIKeywordMain.runKeyword(WebUIKeywordMain.groovy:20)
	at com.kms.katalon.core.webui.keyword.builtin.ClickKeyword.click(ClickKeyword.groovy:76)
	at com.kms.katalon.core.webui.keyword.builtin.ClickKeyword.execute(ClickKeyword.groovy:43)
	at com.kms.katalon.core.keyword.internal.KeywordExecutor.executeKeywordForPlatform(KeywordExecutor.groovy:73)
	at com.kms.katalon.core.webui.keyword.WebUiBuiltInKeywords.click(WebUiBuiltInKeywords.groovy:617)
	at com.kms.katalon.core.webui.keyword.WebUiBuiltInKeywords$click$5.call(Unknown Source)
	at Script1601336873323.run(Script1601336873323.groovy:106)
	... 13 more
)
	at com.kms.katalon.core.keyword.internal.KeywordMain.stepFailed(KeywordMain.groovy:39)
	at com.kms.katalon.core.webui.keyword.internal.WebUIKeywordMain.stepFailed(WebUIKeywordMain.groovy:64)
	at com.kms.katalon.core.webui.keyword.internal.WebUIKeywordMain.runKeyword(WebUIKeywordMain.groovy:26)
	at com.kms.katalon.core.webui.keyword.builtin.ClickKeyword.click(ClickKeyword.groovy:76)
	at com.kms.katalon.core.webui.keyword.builtin.ClickKeyword.execute(ClickKeyword.groovy:43)
	at com.kms.katalon.core.keyword.internal.KeywordExecutor.executeKeywordForPlatform(KeywordExecutor.groovy:73)
	at com.kms.katalon.core.webui.keyword.WebUiBuiltInKeywords.click(WebUiBuiltInKeywords.groovy:617)
	at com.kms.katalon.core.webui.keyword.WebUiBuiltInKeywords$click$5.call(Unknown Source)
	at TC_5-FDR_E2E-INTEGRATED-REFERENCE-DATA-VOUCHER-FLOW.run(TC_5-FDR_E2E-INTEGRATED-REFERENCE-DATA-VOUCHER-FLOW:106)
	at com.kms.katalon.core.main.ScriptEngine.run(ScriptEngine.java:194)
	at com.kms.katalon.core.main.ScriptEngine.runScriptAsRawText(ScriptEngine.java:119)
	at com.kms.katalon.core.main.TestCaseExecutor.runScript(TestCaseExecutor.java:339)
	at com.kms.katalon.core.main.TestCaseExecutor.doExecute(TestCaseExecutor.java:330)
	at com.kms.katalon.core.main.TestCaseExecutor.processExecutionPhase(TestCaseExecutor.java:309)
	at com.kms.katalon.core.main.TestCaseExecutor.accessMainPhase(TestCaseExecutor.java:301)
	at com.kms.katalon.core.main.TestCaseExecutor.execute(TestCaseExecutor.java:235)
	at com.kms.katalon.core.main.TestSuiteExecutor.accessTestCaseMainPhase(TestSuiteExecutor.java:191)
	at com.kms.katalon.core.main.TestSuiteExecutor.accessTestSuiteMainPhase(TestSuiteExecutor.java:141)
	at com.kms.katalon.core.main.TestSuiteExecutor.execute(TestSuiteExecutor.java:90)
	at com.kms.katalon.core.main.TestCaseMain.startTestSuite(TestCaseMain.java:157)
	at com.kms.katalon.core.main.TestCaseMain$startTestSuite$0.call(Unknown Source)
	at TempTestSuite1602352382960.run(TempTestSuite1602352382960.groovy:39)
Caused by: com.kms.katalon.core.exception.StepFailedException: Unable to click on object 'Object Repository/FDR-Dashboard/VouhcersTable/resumeButton'
	... 21 more
Caused by: com.kms.katalon.core.webui.exception.WebElementNotFoundException: Web element with id: 'Object Repository/FDR-Dashboard/VouhcersTable/resumeButton' located by '//div[contains(@class,'MuiGrid-container')]/parent::div/parent::div[1]/div[1]//span[text()='Resume']' not found
	at com.kms.katalon.core.webui.common.WebUiCommonHelper.findWebElement(WebUiCommonHelper.java:1368)
	at com.kms.katalon.core.webui.keyword.internal.WebUIAbstractKeyword.findWebElement(WebUIAbstractKeyword.groovy:27)
	at com.kms.katalon.core.webui.keyword.internal.WebUIAbstractKeyword.findWebElement(WebUIAbstractKeyword.groovy:26)
	at com.kms.katalon.core.webui.keyword.builtin.ClickKeyword$_click_closure1.doCall(ClickKeyword.groovy:67)
	at com.kms.katalon.core.webui.keyword.builtin.ClickKeyword$_click_closure1.call(ClickKeyword.groovy)
	at com.kms.katalon.core.webui.keyword.internal.WebUIKeywordMain.runKeyword(WebUIKeywordMain.groovy:20)
	... 19 more]]></system-out>
      <system-err><![CDATA[2020-10-10 10:53:04 - [TEST_SUITE][FAILED] - FDR_E2E-REGRESSION-TESTS: Test Cases/FDR_E2E-REGRESSION-TESTS/TC_5-FDR_E2E-INTEGRATED-REFERENCE-DATA-VOUCHER-FLOW FAILED.
Reason:
com.kms.katalon.core.exception.StepFailedException: Unable to click on object 'Object Repository/FDR-Dashboard/VouhcersTable/resumeButton' (Root cause: com.kms.katalon.core.exception.StepFailedException: Unable to click on object 'Object Repository/FDR-Dashboard/VouhcersTable/resumeButton'
	at com.kms.katalon.core.webui.keyword.internal.WebUIKeywordMain.stepFailed(WebUIKeywordMain.groovy:64)
	at com.kms.katalon.core.webui.keyword.internal.WebUIKeywordMain.runKeyword(WebUIKeywordMain.groovy:26)
	at com.kms.katalon.core.webui.keyword.builtin.ClickKeyword.click(ClickKeyword.groovy:76)
	at com.kms.katalon.core.webui.keyword.builtin.ClickKeyword.execute(ClickKeyword.groovy:43)
	at com.kms.katalon.core.keyword.internal.KeywordExecutor.executeKeywordForPlatform(KeywordExecutor.groovy:73)
	at com.kms.katalon.core.webui.keyword.WebUiBuiltInKeywords.click(WebUiBuiltInKeywords.groovy:617)
	at com.kms.katalon.core.webui.keyword.WebUiBuiltInKeywords$click$5.call(Unknown Source)
	at TC_5-FDR_E2E-INTEGRATED-REFERENCE-DATA-VOUCHER-FLOW.run(TC_5-FDR_E2E-INTEGRATED-REFERENCE-DATA-VOUCHER-FLOW:106)
	at com.kms.katalon.core.main.ScriptEngine.run(ScriptEngine.java:194)
	at com.kms.katalon.core.main.ScriptEngine.runScriptAsRawText(ScriptEngine.java:119)
	at com.kms.katalon.core.main.TestCaseExecutor.runScript(TestCaseExecutor.java:339)
	at com.kms.katalon.core.main.TestCaseExecutor.doExecute(TestCaseExecutor.java:330)
	at com.kms.katalon.core.main.TestCaseExecutor.processExecutionPhase(TestCaseExecutor.java:309)
	at com.kms.katalon.core.main.TestCaseExecutor.accessMainPhase(TestCaseExecutor.java:301)
	at com.kms.katalon.core.main.TestCaseExecutor.execute(TestCaseExecutor.java:235)
	at com.kms.katalon.core.main.TestSuiteExecutor.accessTestCaseMainPhase(TestSuiteExecutor.java:191)
	at com.kms.katalon.core.main.TestSuiteExecutor.accessTestSuiteMainPhase(TestSuiteExecutor.java:141)
	at com.kms.katalon.core.main.TestSuiteExecutor.execute(TestSuiteExecutor.java:90)
	at com.kms.katalon.core.main.TestCaseMain.startTestSuite(TestCaseMain.java:157)
	at com.kms.katalon.core.main.TestCaseMain$startTestSuite$0.call(Unknown Source)
	at TempTestSuite1602352382960.run(TempTestSuite1602352382960.groovy:39)
Caused by: com.kms.katalon.core.webui.exception.WebElementNotFoundException: Web element with id: 'Object Repository/FDR-Dashboard/VouhcersTable/resumeButton' located by '//div[contains(@class,'MuiGrid-container')]/parent::div/parent::div[1]/div[1]//span[text()='Resume']' not found
	at com.kms.katalon.core.webui.common.WebUiCommonHelper.findWebElement(WebUiCommonHelper.java:1368)
	at com.kms.katalon.core.webui.keyword.internal.WebUIAbstractKeyword.findWebElement(WebUIAbstractKeyword.groovy:27)
	at com.kms.katalon.core.webui.keyword.internal.WebUIAbstractKeyword.findWebElement(WebUIAbstractKeyword.groovy:26)
	at com.kms.katalon.core.webui.keyword.builtin.ClickKeyword$_click_closure1.doCall(ClickKeyword.groovy:67)
	at com.kms.katalon.core.webui.keyword.builtin.ClickKeyword$_click_closure1.call(ClickKeyword.groovy)
	at com.kms.katalon.core.webui.keyword.internal.WebUIKeywordMain.runKeyword(WebUIKeywordMain.groovy:20)
	at com.kms.katalon.core.webui.keyword.builtin.ClickKeyword.click(ClickKeyword.groovy:76)
	at com.kms.katalon.core.webui.keyword.builtin.ClickKeyword.execute(ClickKeyword.groovy:43)
	at com.kms.katalon.core.keyword.internal.KeywordExecutor.executeKeywordForPlatform(KeywordExecutor.groovy:73)
	at com.kms.katalon.core.webui.keyword.WebUiBuiltInKeywords.click(WebUiBuiltInKeywords.groovy:617)
	at com.kms.katalon.core.webui.keyword.WebUiBuiltInKeywords$click$5.call(Unknown Source)
	at Script1601336873323.run(Script1601336873323.groovy:106)
	... 13 more
)
	at com.kms.katalon.core.keyword.internal.KeywordMain.stepFailed(KeywordMain.groovy:39)
	at com.kms.katalon.core.webui.keyword.internal.WebUIKeywordMain.stepFailed(WebUIKeywordMain.groovy:64)
	at com.kms.katalon.core.webui.keyword.internal.WebUIKeywordMain.runKeyword(WebUIKeywordMain.groovy:26)
	at com.kms.katalon.core.webui.keyword.builtin.ClickKeyword.click(ClickKeyword.groovy:76)
	at com.kms.katalon.core.webui.keyword.builtin.ClickKeyword.execute(ClickKeyword.groovy:43)
	at com.kms.katalon.core.keyword.internal.KeywordExecutor.executeKeywordForPlatform(KeywordExecutor.groovy:73)
	at com.kms.katalon.core.webui.keyword.WebUiBuiltInKeywords.click(WebUiBuiltInKeywords.groovy:617)
	at com.kms.katalon.core.webui.keyword.WebUiBuiltInKeywords$click$5.call(Unknown Source)
	at TC_5-FDR_E2E-INTEGRATED-REFERENCE-DATA-VOUCHER-FLOW.run(TC_5-FDR_E2E-INTEGRATED-REFERENCE-DATA-VOUCHER-FLOW:106)
	at com.kms.katalon.core.main.ScriptEngine.run(ScriptEngine.java:194)
	at com.kms.katalon.core.main.ScriptEngine.runScriptAsRawText(ScriptEngine.java:119)
	at com.kms.katalon.core.main.TestCaseExecutor.runScript(TestCaseExecutor.java:339)
	at com.kms.katalon.core.main.TestCaseExecutor.doExecute(TestCaseExecutor.java:330)
	at com.kms.katalon.core.main.TestCaseExecutor.processExecutionPhase(TestCaseExecutor.java:309)
	at com.kms.katalon.core.main.TestCaseExecutor.accessMainPhase(TestCaseExecutor.java:301)
	at com.kms.katalon.core.main.TestCaseExecutor.execute(TestCaseExecutor.java:235)
	at com.kms.katalon.core.main.TestSuiteExecutor.accessTestCaseMainPhase(TestSuiteExecutor.java:191)
	at com.kms.katalon.core.main.TestSuiteExecutor.accessTestSuiteMainPhase(TestSuiteExecutor.java:141)
	at com.kms.katalon.core.main.TestSuiteExecutor.execute(TestSuiteExecutor.java:90)
	at com.kms.katalon.core.main.TestCaseMain.startTestSuite(TestCaseMain.java:157)
	at com.kms.katalon.core.main.TestCaseMain$startTestSuite$0.call(Unknown Source)
	at TempTestSuite1602352382960.run(TempTestSuite1602352382960.groovy:39)
Caused by: com.kms.katalon.core.exception.StepFailedException: Unable to click on object 'Object Repository/FDR-Dashboard/VouhcersTable/resumeButton'
	... 21 more
Caused by: com.kms.katalon.core.webui.exception.WebElementNotFoundException: Web element with id: 'Object Repository/FDR-Dashboard/VouhcersTable/resumeButton' located by '//div[contains(@class,'MuiGrid-container')]/parent::div/parent::div[1]/div[1]//span[text()='Resume']' not found
	at com.kms.katalon.core.webui.common.WebUiCommonHelper.findWebElement(WebUiCommonHelper.java:1368)
	at com.kms.katalon.core.webui.keyword.internal.WebUIAbstractKeyword.findWebElement(WebUIAbstractKeyword.groovy:27)
	at com.kms.katalon.core.webui.keyword.internal.WebUIAbstractKeyword.findWebElement(WebUIAbstractKeyword.groovy:26)
	at com.kms.katalon.core.webui.keyword.builtin.ClickKeyword$_click_closure1.doCall(ClickKeyword.groovy:67)
	at com.kms.katalon.core.webui.keyword.builtin.ClickKeyword$_click_closure1.call(ClickKeyword.groovy)
	at com.kms.katalon.core.webui.keyword.internal.WebUIKeywordMain.runKeyword(WebUIKeywordMain.groovy:20)
	... 19 more]]></system-err>
   </testsuite>
</testsuites>
