<?xml version="1.0" encoding="UTF-8"?>
<testsuites name="SystemAdmin-Integration_Suite" time="806.282" tests="23" failures="0" errors="0">
   <testsuite name="SystemAdmin-Integration_Suite" tests="23" failures="0" errors="0" time="806.282" timestamp="2020-09-21 14:46:00" hostname="nagesh.allu - DESKTOP-9VU7G8T.attlocal.net" id="Test Suites/SystemAdmin-Integration_Suite">
      <properties>
         <property name="deviceName" value=""/>
         <property name="devicePlatform" value=""/>
         <property name="logFolder" value="C:\\GitHub\\FDR-Katalon-Regression\\Reports\\20200921_144555\\SystemAdmin-Integration_Suite\\20200921_144555"/>
         <property name="logFiles" value="C:\\GitHub\\FDR-Katalon-Regression\\Reports\\20200921_144555\\SystemAdmin-Integration_Suite\\20200921_144555\\execution0.log"/>
         <property name="attachments" value=""/>
         <property name="hostName" value="nagesh.allu - DESKTOP-9VU7G8T.attlocal.net"/>
         <property name="os" value="Windows 10 64bit"/>
         <property name="katalonVersion" value="7.6.6.205"/>
         <property name="browser" value="Chrome 85.0.4183.102"/>
         <property name="hostAddress" value="192.168.1.188"/>
         <property name="sessionId" value="4faf1c19c1151d4c1c282da9fe810a23"/>
         <property name="seleniumVersion" value="3.141.59"/>
         <property name="proxyInformation" value="ProxyInformation { proxyOption=NO_PROXY, proxyServerType=HTTP, username=, password=********, proxyServerAddress=, proxyServerPort=0, executionList=&quot;&quot;, isApplyToDesiredCapabilities=true }"/>
         <property name="platform" value="Windows 10"/>
      </properties>
      <testcase name="Test Cases/WEB-UI-TESTS/SysAdmin/ReferencePage/FDR-SystemAdmin-Populate-Details" time="48.349" classname="Test Cases/WEB-UI-TESTS/SysAdmin/ReferencePage/FDR-SystemAdmin-Populate-Details" status="PASSED">
         <system-out><![CDATA[2020-09-21 14:46:00 - [TEST_CASE][PASSED] - Test Cases/WEB-UI-TESTS/SysAdmin/ReferencePage/FDR-SystemAdmin-Populate-Details: Test Cases/WEB-UI-TESTS/SysAdmin/ReferencePage/FDR-SystemAdmin-Populate-Details

2020-09-21 14:46:00 - [TEST_STEP][PASSED] - Start listener action : sampleBeforeTestCase: null

2020-09-21 14:46:00 - [TEST_STEP][PASSED] - profileName = getExecutionProfile(): null

2020-09-21 14:46:00 - [TEST_STEP][PASSED] - switch (profileName): null

2020-09-21 14:46:00 - [TEST_STEP][PASSED] - case "superUser":: null

2020-09-21 14:46:00 - [TEST_STEP][PASSED] - return null: null

2020-09-21 14:46:00 - [TEST_STEP][PASSED] - Start listener action : beforeTestCase: Call Test Case 'Test Cases/WEB-UI-TESTS/SysAdmin/SystemAdmin-Login' successfully

2020-09-21 14:46:00 - [TEST_STEP][PASSED] - profileName = getExecutionProfile(): null

2020-09-21 14:46:00 - [TEST_STEP][PASSED] - if (profileName.equalsIgnoreCase("SysAdmin")): Call Test Case 'Test Cases/WEB-UI-TESTS/SysAdmin/SystemAdmin-Login' successfully

2020-09-21 14:46:00 - [TEST_STEP][PASSED] - callTestCase(findTestCase("Test Cases/WEB-UI-TESTS/SysAdmin/SystemAdmin-Login"), null): Call Test Case 'Test Cases/WEB-UI-TESTS/SysAdmin/SystemAdmin-Login' successfully

2020-09-21 14:46:01 - [TEST_CASE][PASSED] - Test Cases/WEB-UI-TESTS/SysAdmin/SystemAdmin-Login: Test Cases/WEB-UI-TESTS/SysAdmin/SystemAdmin-Login

2020-09-21 14:46:01 - [TEST_STEP][PASSED] - openBrowser(URL): Browser is opened with url: 'https://fdr-katalon.cammis-mod-dev.dhcs.ca.gov'

2020-09-21 14:46:02 - [MESSAGE][INFO] - Starting 'Chrome' driver

2020-09-21 14:46:02 - [MESSAGE][INFO] - Action delay is set to 0 milliseconds

2020-09-21 14:46:08 - [MESSAGE][PASSED] - Browser is opened with url: 'https://fdr-katalon.cammis-mod-dev.dhcs.ca.gov'

2020-09-21 14:46:08 - [TEST_STEP][PASSED] - maximizeWindow(): Current window maximized

2020-09-21 14:46:10 - [MESSAGE][PASSED] - Current window maximized

2020-09-21 14:46:10 - [TEST_STEP][PASSED] - refresh(): Refresh successfully

2020-09-21 14:46:10 - [MESSAGE][PASSED] - Refresh successfully

2020-09-21 14:46:10 - [TEST_STEP][PASSED] - delay(2): Delayed 2 second(s)

2020-09-21 14:46:12 - [MESSAGE][PASSED] - Delayed 2 second(s)

2020-09-21 14:46:12 - [TEST_STEP][PASSED] - waitForElementPresent(findTestObject("FDR-System-Admin/SysAdmin-SignIn/adminEmail"), 5): Object 'Object Repository/FDR-System-Admin/SysAdmin-SignIn/adminEmail' is present

2020-09-21 14:46:12 - [MESSAGE][PASSED] - Object 'Object Repository/FDR-System-Admin/SysAdmin-SignIn/adminEmail' is present

2020-09-21 14:46:12 - [TEST_STEP][PASSED] - setText(findTestObject("FDR-System-Admin/SysAdmin-SignIn/adminEmail"), adminEmail): Text 'fdr.test10@dhcs.ca.gov
' is set on object 'Object Repository/FDR-System-Admin/SysAdmin-SignIn/adminEmail'

2020-09-21 14:46:13 - [MESSAGE][PASSED] - Text 'fdr.test10@dhcs.ca.gov
' is set on object 'Object Repository/FDR-System-Admin/SysAdmin-SignIn/adminEmail'

2020-09-21 14:46:13 - [TEST_STEP][PASSED] - waitForElementPresent(findTestObject("FDR-System-Admin/SysAdmin-SignIn/adminUserName"), 5): Object 'Object Repository/FDR-System-Admin/SysAdmin-SignIn/adminUserName' is present

2020-09-21 14:46:16 - [MESSAGE][PASSED] - Object 'Object Repository/FDR-System-Admin/SysAdmin-SignIn/adminUserName' is present

2020-09-21 14:46:16 - [TEST_STEP][PASSED] - setText(findTestObject("FDR-System-Admin/SysAdmin-SignIn/adminUserName"), UserName): Text 'fdr.test10@dhcs.ca.gov' is set on object 'Object Repository/FDR-System-Admin/SysAdmin-SignIn/adminUserName'

2020-09-21 14:46:17 - [MESSAGE][PASSED] - Text 'fdr.test10@dhcs.ca.gov' is set on object 'Object Repository/FDR-System-Admin/SysAdmin-SignIn/adminUserName'

2020-09-21 14:46:17 - [TEST_STEP][PASSED] - setText(findTestObject("FDR-System-Admin/SysAdmin-SignIn/adminPass"), Password): Text 'Password18' is set on object 'Object Repository/FDR-System-Admin/SysAdmin-SignIn/adminPass'

2020-09-21 14:46:17 - [MESSAGE][PASSED] - Text 'Password18' is set on object 'Object Repository/FDR-System-Admin/SysAdmin-SignIn/adminPass'

2020-09-21 14:46:17 - [TEST_STEP][PASSED] - click(findTestObject("FDR-System-Admin/SysAdmin-SignIn/adminSignIn")): Object: 'Object Repository/FDR-System-Admin/SysAdmin-SignIn/adminSignIn' is clicked on

2020-09-21 14:46:19 - [MESSAGE][PASSED] - Object: 'Object Repository/FDR-System-Admin/SysAdmin-SignIn/adminSignIn' is clicked on

2020-09-21 14:46:19 - [TEST_STEP][PASSED] - waitForElementPresent(findTestObject("Object Repository/FDR-System-Admin/SysAdmin-Dashboard/maintainReferenceDataBtn"), 3): Object 'Object Repository/FDR-System-Admin/SysAdmin-Dashboard/maintainReferenceDataBtn' is present

2020-09-21 14:46:20 - [MESSAGE][PASSED] - Object 'Object Repository/FDR-System-Admin/SysAdmin-Dashboard/maintainReferenceDataBtn' is present

2020-09-21 14:46:20 - [TEST_STEP][PASSED] - verifyElementPresent(findTestObject("Object Repository/FDR-System-Admin/SysAdmin-Dashboard/maintainReferenceDataBtn"), Timeout): Object 'Object Repository/FDR-System-Admin/SysAdmin-Dashboard/maintainReferenceDataBtn' is present

2020-09-21 14:46:21 - [MESSAGE][PASSED] - Object 'Object Repository/FDR-System-Admin/SysAdmin-Dashboard/maintainReferenceDataBtn' is present

2020-09-21 14:46:21 - [TEST_STEP][PASSED] - refresh(): Refresh successfully

2020-09-21 14:46:21 - [MESSAGE][PASSED] - Refresh successfully

2020-09-21 14:46:21 - [MESSAGE][PASSED] - Call Test Case 'Test Cases/WEB-UI-TESTS/SysAdmin/SystemAdmin-Login' successfully

2020-09-21 14:46:21 - [TEST_STEP][PASSED] - Start listener action : sampleBeforeTestCase: null

2020-09-21 14:46:21 - [TEST_STEP][PASSED] - profileName = getExecutionProfile(): null

2020-09-21 14:46:21 - [TEST_STEP][PASSED] - testCaseId = testCaseContext.getTestCaseId(): null

2020-09-21 14:46:21 - [TEST_STEP][PASSED] - switch (profileName): null

2020-09-21 14:46:21 - [TEST_STEP][PASSED] - Default: null

2020-09-21 14:46:21 - [TEST_STEP][PASSED] - return null: null

2020-09-21 14:46:21 - [TEST_STEP][PASSED] - Start listener action : executeRows: null

2020-09-21 14:46:21 - [TEST_STEP][PASSED] - taskName = "Reference Data": null

2020-09-21 14:46:21 - [TEST_STEP][PASSED] - verifyElementText(findTestObject("Object Repository/FDR-System-Admin/SysAdmin-Dashboard/maintainReferenceDataTxt"), taskName): Actual text and expected text of test object 'Object Repository/FDR-System-Admin/SysAdmin-Dashboard/maintainReferenceDataTxt' are matched.

2020-09-21 14:46:22 - [MESSAGE][PASSED] - Actual text and expected text of test object 'Object Repository/FDR-System-Admin/SysAdmin-Dashboard/maintainReferenceDataTxt' are matched.

2020-09-21 14:46:22 - [TEST_STEP][PASSED] - click(findTestObject("Object Repository/FDR-System-Admin/SysAdmin-Dashboard/maintainReferenceDataBtn")): Object: 'Object Repository/FDR-System-Admin/SysAdmin-Dashboard/maintainReferenceDataBtn' is clicked on

2020-09-21 14:46:22 - [MESSAGE][PASSED] - Object: 'Object Repository/FDR-System-Admin/SysAdmin-Dashboard/maintainReferenceDataBtn' is clicked on

2020-09-21 14:46:22 - [TEST_STEP][PASSED] - click(findTestObject("FDR-System-Admin/FDR-ReferencePage/reference-data")): Object: 'Object Repository/FDR-System-Admin/FDR-ReferencePage/reference-data' is clicked on

2020-09-21 14:46:23 - [MESSAGE][PASSED] - Object: 'Object Repository/FDR-System-Admin/FDR-ReferencePage/reference-data' is clicked on

2020-09-21 14:46:23 - [TEST_STEP][PASSED] - click(findTestObject("FDR-System-Admin/FDR-ReferencePage/account")): Object: 'Object Repository/FDR-System-Admin/FDR-ReferencePage/account' is clicked on

2020-09-21 14:46:23 - [MESSAGE][PASSED] - Object: 'Object Repository/FDR-System-Admin/FDR-ReferencePage/account' is clicked on

2020-09-21 14:46:23 - [TEST_STEP][PASSED] - setText(findTestObject("FDR-System-Admin/FDR-ReferencePage/referenceDataNameInput"), ""): Text '' is set on object 'Object Repository/FDR-System-Admin/FDR-ReferencePage/referenceDataNameInput'

2020-09-21 14:46:24 - [MESSAGE][PASSED] - Text '' is set on object 'Object Repository/FDR-System-Admin/FDR-ReferencePage/referenceDataNameInput'

2020-09-21 14:46:24 - [TEST_STEP][PASSED] - click(findTestObject("Object Repository/FDR-System-Admin/FDR-ReferencePage/referenceDataDropdown")): Object: 'Object Repository/FDR-System-Admin/FDR-ReferencePage/referenceDataDropdown' is clicked on

2020-09-21 14:46:24 - [MESSAGE][PASSED] - Object: 'Object Repository/FDR-System-Admin/FDR-ReferencePage/referenceDataDropdown' is clicked on

2020-09-21 14:46:24 - [TEST_STEP][PASSED] - click(findTestObject("FDR-System-Admin/FDR-ReferencePage/altAccount")): Object: 'Object Repository/FDR-System-Admin/FDR-ReferencePage/altAccount' is clicked on

2020-09-21 14:46:25 - [MESSAGE][PASSED] - Object: 'Object Repository/FDR-System-Admin/FDR-ReferencePage/altAccount' is clicked on

2020-09-21 14:46:25 - [TEST_STEP][PASSED] - setText(findTestObject("FDR-System-Admin/FDR-ReferencePage/referenceDataNameInput"), ""): Text '' is set on object 'Object Repository/FDR-System-Admin/FDR-ReferencePage/referenceDataNameInput'

2020-09-21 14:46:26 - [MESSAGE][PASSED] - Text '' is set on object 'Object Repository/FDR-System-Admin/FDR-ReferencePage/referenceDataNameInput'

2020-09-21 14:46:26 - [TEST_STEP][PASSED] - click(findTestObject("Object Repository/FDR-System-Admin/FDR-ReferencePage/referenceDataDropdown")): Object: 'Object Repository/FDR-System-Admin/FDR-ReferencePage/referenceDataDropdown' is clicked on

2020-09-21 14:46:26 - [MESSAGE][PASSED] - Object: 'Object Repository/FDR-System-Admin/FDR-ReferencePage/referenceDataDropdown' is clicked on

2020-09-21 14:46:26 - [TEST_STEP][PASSED] - click(findTestObject("FDR-System-Admin/FDR-ReferencePage/contact")): Object: 'Object Repository/FDR-System-Admin/FDR-ReferencePage/contact' is clicked on

2020-09-21 14:46:27 - [MESSAGE][PASSED] - Object: 'Object Repository/FDR-System-Admin/FDR-ReferencePage/contact' is clicked on

2020-09-21 14:46:27 - [TEST_STEP][PASSED] - setText(findTestObject("FDR-System-Admin/FDR-ReferencePage/referenceDataNameInput"), ""): Text '' is set on object 'Object Repository/FDR-System-Admin/FDR-ReferencePage/referenceDataNameInput'

2020-09-21 14:46:27 - [MESSAGE][PASSED] - Text '' is set on object 'Object Repository/FDR-System-Admin/FDR-ReferencePage/referenceDataNameInput'

2020-09-21 14:46:27 - [TEST_STEP][PASSED] - click(findTestObject("Object Repository/FDR-System-Admin/FDR-ReferencePage/referenceDataDropdown")): Object: 'Object Repository/FDR-System-Admin/FDR-ReferencePage/referenceDataDropdown' is clicked on

2020-09-21 14:46:28 - [MESSAGE][PASSED] - Object: 'Object Repository/FDR-System-Admin/FDR-ReferencePage/referenceDataDropdown' is clicked on

2020-09-21 14:46:28 - [TEST_STEP][PASSED] - click(findTestObject("FDR-System-Admin/FDR-ReferencePage/contract")): Object: 'Object Repository/FDR-System-Admin/FDR-ReferencePage/contract' is clicked on

2020-09-21 14:46:28 - [MESSAGE][PASSED] - Object: 'Object Repository/FDR-System-Admin/FDR-ReferencePage/contract' is clicked on

2020-09-21 14:46:28 - [TEST_STEP][PASSED] - setText(findTestObject("FDR-System-Admin/FDR-ReferencePage/referenceDataNameInput"), ""): Text '' is set on object 'Object Repository/FDR-System-Admin/FDR-ReferencePage/referenceDataNameInput'

2020-09-21 14:46:29 - [MESSAGE][PASSED] - Text '' is set on object 'Object Repository/FDR-System-Admin/FDR-ReferencePage/referenceDataNameInput'

2020-09-21 14:46:29 - [TEST_STEP][PASSED] - click(findTestObject("Object Repository/FDR-System-Admin/FDR-ReferencePage/referenceDataDropdown")): Object: 'Object Repository/FDR-System-Admin/FDR-ReferencePage/referenceDataDropdown' is clicked on

2020-09-21 14:46:29 - [MESSAGE][PASSED] - Object: 'Object Repository/FDR-System-Admin/FDR-ReferencePage/referenceDataDropdown' is clicked on

2020-09-21 14:46:29 - [TEST_STEP][PASSED] - click(findTestObject("FDR-System-Admin/FDR-ReferencePage/fdrAppropriationReference")): Object: 'Object Repository/FDR-System-Admin/FDR-ReferencePage/fdrAppropriationReference' is clicked on

2020-09-21 14:46:30 - [MESSAGE][PASSED] - Object: 'Object Repository/FDR-System-Admin/FDR-ReferencePage/fdrAppropriationReference' is clicked on

2020-09-21 14:46:30 - [TEST_STEP][PASSED] - setText(findTestObject("FDR-System-Admin/FDR-ReferencePage/referenceDataNameInput"), ""): Text '' is set on object 'Object Repository/FDR-System-Admin/FDR-ReferencePage/referenceDataNameInput'

2020-09-21 14:46:31 - [MESSAGE][PASSED] - Text '' is set on object 'Object Repository/FDR-System-Admin/FDR-ReferencePage/referenceDataNameInput'

2020-09-21 14:46:31 - [TEST_STEP][PASSED] - click(findTestObject("Object Repository/FDR-System-Admin/FDR-ReferencePage/referenceDataDropdown")): Object: 'Object Repository/FDR-System-Admin/FDR-ReferencePage/referenceDataDropdown' is clicked on

2020-09-21 14:46:31 - [MESSAGE][PASSED] - Object: 'Object Repository/FDR-System-Admin/FDR-ReferencePage/referenceDataDropdown' is clicked on

2020-09-21 14:46:31 - [TEST_STEP][PASSED] - click(findTestObject("FDR-System-Admin/FDR-ReferencePage/fundCode")): Object: 'Object Repository/FDR-System-Admin/FDR-ReferencePage/fundCode' is clicked on

2020-09-21 14:46:32 - [MESSAGE][PASSED] - Object: 'Object Repository/FDR-System-Admin/FDR-ReferencePage/fundCode' is clicked on

2020-09-21 14:46:32 - [TEST_STEP][PASSED] - setText(findTestObject("FDR-System-Admin/FDR-ReferencePage/referenceDataNameInput"), ""): Text '' is set on object 'Object Repository/FDR-System-Admin/FDR-ReferencePage/referenceDataNameInput'

2020-09-21 14:46:32 - [MESSAGE][PASSED] - Text '' is set on object 'Object Repository/FDR-System-Admin/FDR-ReferencePage/referenceDataNameInput'

2020-09-21 14:46:32 - [TEST_STEP][PASSED] - click(findTestObject("Object Repository/FDR-System-Admin/FDR-ReferencePage/referenceDataDropdown")): Object: 'Object Repository/FDR-System-Admin/FDR-ReferencePage/referenceDataDropdown' is clicked on

2020-09-21 14:46:33 - [MESSAGE][PASSED] - Object: 'Object Repository/FDR-System-Admin/FDR-ReferencePage/referenceDataDropdown' is clicked on

2020-09-21 14:46:33 - [TEST_STEP][PASSED] - click(findTestObject("FDR-System-Admin/FDR-ReferencePage/fund")): Object: 'Object Repository/FDR-System-Admin/FDR-ReferencePage/fund' is clicked on

2020-09-21 14:46:33 - [MESSAGE][PASSED] - Object: 'Object Repository/FDR-System-Admin/FDR-ReferencePage/fund' is clicked on

2020-09-21 14:46:33 - [TEST_STEP][PASSED] - setText(findTestObject("FDR-System-Admin/FDR-ReferencePage/referenceDataNameInput"), ""): Text '' is set on object 'Object Repository/FDR-System-Admin/FDR-ReferencePage/referenceDataNameInput'

2020-09-21 14:46:34 - [MESSAGE][PASSED] - Text '' is set on object 'Object Repository/FDR-System-Admin/FDR-ReferencePage/referenceDataNameInput'

2020-09-21 14:46:34 - [TEST_STEP][PASSED] - click(findTestObject("Object Repository/FDR-System-Admin/FDR-ReferencePage/referenceDataDropdown")): Object: 'Object Repository/FDR-System-Admin/FDR-ReferencePage/referenceDataDropdown' is clicked on

2020-09-21 14:46:34 - [MESSAGE][PASSED] - Object: 'Object Repository/FDR-System-Admin/FDR-ReferencePage/referenceDataDropdown' is clicked on

2020-09-21 14:46:34 - [TEST_STEP][PASSED] - click(findTestObject("FDR-System-Admin/FDR-ReferencePage/fundRatio")): Object: 'Object Repository/FDR-System-Admin/FDR-ReferencePage/fundRatio' is clicked on

2020-09-21 14:46:35 - [MESSAGE][PASSED] - Object: 'Object Repository/FDR-System-Admin/FDR-ReferencePage/fundRatio' is clicked on

2020-09-21 14:46:35 - [TEST_STEP][PASSED] - setText(findTestObject("FDR-System-Admin/FDR-ReferencePage/referenceDataNameInput"), ""): Text '' is set on object 'Object Repository/FDR-System-Admin/FDR-ReferencePage/referenceDataNameInput'

2020-09-21 14:46:36 - [MESSAGE][PASSED] - Text '' is set on object 'Object Repository/FDR-System-Admin/FDR-ReferencePage/referenceDataNameInput'

2020-09-21 14:46:36 - [TEST_STEP][PASSED] - click(findTestObject("Object Repository/FDR-System-Admin/FDR-ReferencePage/referenceDataDropdown")): Object: 'Object Repository/FDR-System-Admin/FDR-ReferencePage/referenceDataDropdown' is clicked on

2020-09-21 14:46:36 - [MESSAGE][PASSED] - Object: 'Object Repository/FDR-System-Admin/FDR-ReferencePage/referenceDataDropdown' is clicked on

2020-09-21 14:46:36 - [TEST_STEP][PASSED] - click(findTestObject("FDR-System-Admin/FDR-ReferencePage/fundingSource")): Object: 'Object Repository/FDR-System-Admin/FDR-ReferencePage/fundingSource' is clicked on

2020-09-21 14:46:37 - [MESSAGE][PASSED] - Object: 'Object Repository/FDR-System-Admin/FDR-ReferencePage/fundingSource' is clicked on

2020-09-21 14:46:37 - [TEST_STEP][PASSED] - setText(findTestObject("FDR-System-Admin/FDR-ReferencePage/referenceDataNameInput"), ""): Text '' is set on object 'Object Repository/FDR-System-Admin/FDR-ReferencePage/referenceDataNameInput'

2020-09-21 14:46:37 - [MESSAGE][PASSED] - Text '' is set on object 'Object Repository/FDR-System-Admin/FDR-ReferencePage/referenceDataNameInput'

2020-09-21 14:46:37 - [TEST_STEP][PASSED] - click(findTestObject("Object Repository/FDR-System-Admin/FDR-ReferencePage/referenceDataDropdown")): Object: 'Object Repository/FDR-System-Admin/FDR-ReferencePage/referenceDataDropdown' is clicked on

2020-09-21 14:46:38 - [MESSAGE][PASSED] - Object: 'Object Repository/FDR-System-Admin/FDR-ReferencePage/referenceDataDropdown' is clicked on

2020-09-21 14:46:38 - [TEST_STEP][PASSED] - click(findTestObject("FDR-System-Admin/FDR-ReferencePage/increaseDecreaseLineNumber")): Object: 'Object Repository/FDR-System-Admin/FDR-ReferencePage/increaseDecreaseLineNumber' is clicked on

2020-09-21 14:46:38 - [MESSAGE][PASSED] - Object: 'Object Repository/FDR-System-Admin/FDR-ReferencePage/increaseDecreaseLineNumber' is clicked on

2020-09-21 14:46:38 - [TEST_STEP][PASSED] - setText(findTestObject("FDR-System-Admin/FDR-ReferencePage/referenceDataNameInput"), ""): Text '' is set on object 'Object Repository/FDR-System-Admin/FDR-ReferencePage/referenceDataNameInput'

2020-09-21 14:46:39 - [MESSAGE][PASSED] - Text '' is set on object 'Object Repository/FDR-System-Admin/FDR-ReferencePage/referenceDataNameInput'

2020-09-21 14:46:39 - [TEST_STEP][PASSED] - click(findTestObject("Object Repository/FDR-System-Admin/FDR-ReferencePage/referenceDataDropdown")): Object: 'Object Repository/FDR-System-Admin/FDR-ReferencePage/referenceDataDropdown' is clicked on

2020-09-21 14:46:39 - [MESSAGE][PASSED] - Object: 'Object Repository/FDR-System-Admin/FDR-ReferencePage/referenceDataDropdown' is clicked on

2020-09-21 14:46:39 - [TEST_STEP][PASSED] - click(findTestObject("FDR-System-Admin/FDR-ReferencePage/invoiceType")): Object: 'Object Repository/FDR-System-Admin/FDR-ReferencePage/invoiceType' is clicked on

2020-09-21 14:46:40 - [MESSAGE][PASSED] - Object: 'Object Repository/FDR-System-Admin/FDR-ReferencePage/invoiceType' is clicked on

2020-09-21 14:46:40 - [TEST_STEP][PASSED] - setText(findTestObject("FDR-System-Admin/FDR-ReferencePage/referenceDataNameInput"), ""): Text '' is set on object 'Object Repository/FDR-System-Admin/FDR-ReferencePage/referenceDataNameInput'

2020-09-21 14:46:41 - [MESSAGE][PASSED] - Text '' is set on object 'Object Repository/FDR-System-Admin/FDR-ReferencePage/referenceDataNameInput'

2020-09-21 14:46:41 - [TEST_STEP][PASSED] - click(findTestObject("Object Repository/FDR-System-Admin/FDR-ReferencePage/referenceDataDropdown")): Object: 'Object Repository/FDR-System-Admin/FDR-ReferencePage/referenceDataDropdown' is clicked on

2020-09-21 14:46:41 - [MESSAGE][PASSED] - Object: 'Object Repository/FDR-System-Admin/FDR-ReferencePage/referenceDataDropdown' is clicked on

2020-09-21 14:46:41 - [TEST_STEP][PASSED] - click(findTestObject("FDR-System-Admin/FDR-ReferencePage/programType")): Object: 'Object Repository/FDR-System-Admin/FDR-ReferencePage/programType' is clicked on

2020-09-21 14:46:41 - [MESSAGE][PASSED] - Object: 'Object Repository/FDR-System-Admin/FDR-ReferencePage/programType' is clicked on

2020-09-21 14:46:41 - [TEST_STEP][PASSED] - setText(findTestObject("FDR-System-Admin/FDR-ReferencePage/referenceDataNameInput"), ""): Text '' is set on object 'Object Repository/FDR-System-Admin/FDR-ReferencePage/referenceDataNameInput'

2020-09-21 14:46:42 - [MESSAGE][PASSED] - Text '' is set on object 'Object Repository/FDR-System-Admin/FDR-ReferencePage/referenceDataNameInput'

2020-09-21 14:46:42 - [TEST_STEP][PASSED] - click(findTestObject("Object Repository/FDR-System-Admin/FDR-ReferencePage/referenceDataDropdown")): Object: 'Object Repository/FDR-System-Admin/FDR-ReferencePage/referenceDataDropdown' is clicked on

2020-09-21 14:46:43 - [MESSAGE][PASSED] - Object: 'Object Repository/FDR-System-Admin/FDR-ReferencePage/referenceDataDropdown' is clicked on

2020-09-21 14:46:43 - [TEST_STEP][PASSED] - click(findTestObject("FDR-System-Admin/FDR-ReferencePage/serviceCategory")): Object: 'Object Repository/FDR-System-Admin/FDR-ReferencePage/serviceCategory' is clicked on

2020-09-21 14:46:43 - [MESSAGE][PASSED] - Object: 'Object Repository/FDR-System-Admin/FDR-ReferencePage/serviceCategory' is clicked on

2020-09-21 14:46:43 - [TEST_STEP][PASSED] - setText(findTestObject("FDR-System-Admin/FDR-ReferencePage/referenceDataNameInput"), ""): Text '' is set on object 'Object Repository/FDR-System-Admin/FDR-ReferencePage/referenceDataNameInput'

2020-09-21 14:46:44 - [MESSAGE][PASSED] - Text '' is set on object 'Object Repository/FDR-System-Admin/FDR-ReferencePage/referenceDataNameInput'

2020-09-21 14:46:44 - [TEST_STEP][PASSED] - click(findTestObject("Object Repository/FDR-System-Admin/FDR-ReferencePage/referenceDataDropdown")): Object: 'Object Repository/FDR-System-Admin/FDR-ReferencePage/referenceDataDropdown' is clicked on

2020-09-21 14:46:44 - [MESSAGE][PASSED] - Object: 'Object Repository/FDR-System-Admin/FDR-ReferencePage/referenceDataDropdown' is clicked on

2020-09-21 14:46:44 - [TEST_STEP][PASSED] - click(findTestObject("FDR-System-Admin/FDR-ReferencePage/supplier")): Object: 'Object Repository/FDR-System-Admin/FDR-ReferencePage/supplier' is clicked on

2020-09-21 14:46:45 - [MESSAGE][PASSED] - Object: 'Object Repository/FDR-System-Admin/FDR-ReferencePage/supplier' is clicked on

2020-09-21 14:46:45 - [TEST_STEP][PASSED] - setText(findTestObject("FDR-System-Admin/FDR-ReferencePage/referenceDataNameInput"), ""): Text '' is set on object 'Object Repository/FDR-System-Admin/FDR-ReferencePage/referenceDataNameInput'

2020-09-21 14:46:46 - [MESSAGE][PASSED] - Text '' is set on object 'Object Repository/FDR-System-Admin/FDR-ReferencePage/referenceDataNameInput'

2020-09-21 14:46:46 - [TEST_STEP][PASSED] - click(findTestObject("Object Repository/FDR-System-Admin/FDR-ReferencePage/referenceDataDropdown")): Object: 'Object Repository/FDR-System-Admin/FDR-ReferencePage/referenceDataDropdown' is clicked on

2020-09-21 14:46:46 - [MESSAGE][PASSED] - Object: 'Object Repository/FDR-System-Admin/FDR-ReferencePage/referenceDataDropdown' is clicked on

2020-09-21 14:46:46 - [TEST_STEP][PASSED] - click(findTestObject("FDR-System-Admin/FDR-ReferencePage/waiverName")): Object: 'Object Repository/FDR-System-Admin/FDR-ReferencePage/waiverName' is clicked on

2020-09-21 14:46:46 - [MESSAGE][PASSED] - Object: 'Object Repository/FDR-System-Admin/FDR-ReferencePage/waiverName' is clicked on

2020-09-21 14:46:46 - [TEST_STEP][PASSED] - setText(findTestObject("FDR-System-Admin/FDR-ReferencePage/referenceDataNameInput"), ""): Text '' is set on object 'Object Repository/FDR-System-Admin/FDR-ReferencePage/referenceDataNameInput'

2020-09-21 14:46:47 - [MESSAGE][PASSED] - Text '' is set on object 'Object Repository/FDR-System-Admin/FDR-ReferencePage/referenceDataNameInput'

2020-09-21 14:46:47 - [TEST_STEP][PASSED] - click(findTestObject("Object Repository/FDR-System-Admin/FDR-ReferencePage/referenceDataDropdown")): Object: 'Object Repository/FDR-System-Admin/FDR-ReferencePage/referenceDataDropdown' is clicked on

2020-09-21 14:46:48 - [MESSAGE][PASSED] - Object: 'Object Repository/FDR-System-Admin/FDR-ReferencePage/referenceDataDropdown' is clicked on

2020-09-21 14:46:48 - [TEST_STEP][PASSED] - click(findTestObject("FDR-System-Admin/FDR-ReferencePage/waiverTypes")): Object: 'Object Repository/FDR-System-Admin/FDR-ReferencePage/waiverTypes' is clicked on

2020-09-21 14:46:48 - [MESSAGE][PASSED] - Object: 'Object Repository/FDR-System-Admin/FDR-ReferencePage/waiverTypes' is clicked on

2020-09-21 14:46:48 - [TEST_STEP][PASSED] - Start listener action : sampleAfterTestCase: null

2020-09-21 14:46:48 - [TEST_STEP][PASSED] - profileName = getExecutionProfile(): null

2020-09-21 14:46:48 - [TEST_STEP][PASSED] - switch (profileName): null

2020-09-21 14:46:48 - [TEST_STEP][PASSED] - case "superUser":: null

2020-09-21 14:46:48 - [TEST_STEP][PASSED] - return null: null

2020-09-21 14:46:48 - [TEST_STEP][PASSED] - Start listener action : afterTestCase: Browser is closed

2020-09-21 14:46:48 - [TEST_STEP][PASSED] - profileName = getExecutionProfile(): null

2020-09-21 14:46:48 - [TEST_STEP][PASSED] - if (profileName.equalsIgnoreCase("SysAdmin")): Browser is closed

2020-09-21 14:46:48 - [TEST_STEP][PASSED] - closeBrowser(): Browser is closed

2020-09-21 14:46:49 - [MESSAGE][PASSED] - Browser is closed

2020-09-21 14:46:49 - [TEST_STEP][PASSED] - Start listener action : sampleAfterTestCase: null

2020-09-21 14:46:49 - [TEST_STEP][PASSED] - profileName = getExecutionProfile(): null

2020-09-21 14:46:49 - [TEST_STEP][PASSED] - switch (profileName): null

2020-09-21 14:46:49 - [TEST_STEP][PASSED] - Default: null

2020-09-21 14:46:49 - [TEST_STEP][PASSED] - return null: null

2020-09-21 14:46:49 - [TEST_STEP][PASSED] - Start listener action : addFailedTCToList: null]]></system-out>
         <system-err><![CDATA[]]></system-err>
      </testcase>
      <testcase name="Test Cases/WEB-UI-TESTS/SysAdmin/ReferencePage/ReferenceDetail/FDR-Add-FundRatioDetail" time="45.717" classname="Test Cases/WEB-UI-TESTS/SysAdmin/ReferencePage/ReferenceDetail/FDR-Add-FundRatioDetail" status="PASSED">
         <system-out><![CDATA[2020-09-21 14:46:49 - [TEST_CASE][PASSED] - Test Cases/WEB-UI-TESTS/SysAdmin/ReferencePage/ReferenceDetail/FDR-Add-FundRatioDetail: Test Cases/WEB-UI-TESTS/SysAdmin/ReferencePage/ReferenceDetail/FDR-Add-FundRatioDetail

2020-09-21 14:46:49 - [TEST_STEP][PASSED] - Start listener action : sampleBeforeTestCase: null

2020-09-21 14:46:49 - [TEST_STEP][PASSED] - profileName = getExecutionProfile(): null

2020-09-21 14:46:49 - [TEST_STEP][PASSED] - switch (profileName): null

2020-09-21 14:46:49 - [TEST_STEP][PASSED] - case "superUser":: null

2020-09-21 14:46:49 - [TEST_STEP][PASSED] - return null: null

2020-09-21 14:46:49 - [TEST_STEP][PASSED] - Start listener action : beforeTestCase: Call Test Case 'Test Cases/WEB-UI-TESTS/SysAdmin/SystemAdmin-Login' successfully

2020-09-21 14:46:49 - [TEST_STEP][PASSED] - profileName = getExecutionProfile(): null

2020-09-21 14:46:49 - [TEST_STEP][PASSED] - if (profileName.equalsIgnoreCase("SysAdmin")): Call Test Case 'Test Cases/WEB-UI-TESTS/SysAdmin/SystemAdmin-Login' successfully

2020-09-21 14:46:49 - [TEST_STEP][PASSED] - callTestCase(findTestCase("Test Cases/WEB-UI-TESTS/SysAdmin/SystemAdmin-Login"), null): Call Test Case 'Test Cases/WEB-UI-TESTS/SysAdmin/SystemAdmin-Login' successfully

2020-09-21 14:46:49 - [TEST_CASE][PASSED] - Test Cases/WEB-UI-TESTS/SysAdmin/SystemAdmin-Login: Test Cases/WEB-UI-TESTS/SysAdmin/SystemAdmin-Login

2020-09-21 14:46:49 - [TEST_STEP][PASSED] - openBrowser(URL): Browser is opened with url: 'https://fdr-katalon.cammis-mod-dev.dhcs.ca.gov'

2020-09-21 14:46:49 - [MESSAGE][INFO] - Starting 'Chrome' driver

2020-09-21 14:46:49 - [MESSAGE][INFO] - Action delay is set to 0 milliseconds

2020-09-21 14:46:53 - [MESSAGE][PASSED] - Browser is opened with url: 'https://fdr-katalon.cammis-mod-dev.dhcs.ca.gov'

2020-09-21 14:46:53 - [TEST_STEP][PASSED] - maximizeWindow(): Current window maximized

2020-09-21 14:46:55 - [MESSAGE][PASSED] - Current window maximized

2020-09-21 14:46:55 - [TEST_STEP][PASSED] - refresh(): Refresh successfully

2020-09-21 14:46:55 - [MESSAGE][PASSED] - Refresh successfully

2020-09-21 14:46:55 - [TEST_STEP][PASSED] - delay(2): Delayed 2 second(s)

2020-09-21 14:46:57 - [MESSAGE][PASSED] - Delayed 2 second(s)

2020-09-21 14:46:57 - [TEST_STEP][PASSED] - waitForElementPresent(findTestObject("FDR-System-Admin/SysAdmin-SignIn/adminEmail"), 5): Object 'Object Repository/FDR-System-Admin/SysAdmin-SignIn/adminEmail' is present

2020-09-21 14:46:58 - [MESSAGE][PASSED] - Object 'Object Repository/FDR-System-Admin/SysAdmin-SignIn/adminEmail' is present

2020-09-21 14:46:58 - [TEST_STEP][PASSED] - setText(findTestObject("FDR-System-Admin/SysAdmin-SignIn/adminEmail"), adminEmail): Text 'fdr.test10@dhcs.ca.gov
' is set on object 'Object Repository/FDR-System-Admin/SysAdmin-SignIn/adminEmail'

2020-09-21 14:46:58 - [MESSAGE][PASSED] - Text 'fdr.test10@dhcs.ca.gov
' is set on object 'Object Repository/FDR-System-Admin/SysAdmin-SignIn/adminEmail'

2020-09-21 14:46:58 - [TEST_STEP][PASSED] - waitForElementPresent(findTestObject("FDR-System-Admin/SysAdmin-SignIn/adminUserName"), 5): Object 'Object Repository/FDR-System-Admin/SysAdmin-SignIn/adminUserName' is present

2020-09-21 14:47:01 - [MESSAGE][PASSED] - Object 'Object Repository/FDR-System-Admin/SysAdmin-SignIn/adminUserName' is present

2020-09-21 14:47:01 - [TEST_STEP][PASSED] - setText(findTestObject("FDR-System-Admin/SysAdmin-SignIn/adminUserName"), UserName): Text 'fdr.test10@dhcs.ca.gov' is set on object 'Object Repository/FDR-System-Admin/SysAdmin-SignIn/adminUserName'

2020-09-21 14:47:02 - [MESSAGE][PASSED] - Text 'fdr.test10@dhcs.ca.gov' is set on object 'Object Repository/FDR-System-Admin/SysAdmin-SignIn/adminUserName'

2020-09-21 14:47:02 - [TEST_STEP][PASSED] - setText(findTestObject("FDR-System-Admin/SysAdmin-SignIn/adminPass"), Password): Text 'Password18' is set on object 'Object Repository/FDR-System-Admin/SysAdmin-SignIn/adminPass'

2020-09-21 14:47:03 - [MESSAGE][PASSED] - Text 'Password18' is set on object 'Object Repository/FDR-System-Admin/SysAdmin-SignIn/adminPass'

2020-09-21 14:47:03 - [TEST_STEP][PASSED] - click(findTestObject("FDR-System-Admin/SysAdmin-SignIn/adminSignIn")): Object: 'Object Repository/FDR-System-Admin/SysAdmin-SignIn/adminSignIn' is clicked on

2020-09-21 14:47:04 - [MESSAGE][PASSED] - Object: 'Object Repository/FDR-System-Admin/SysAdmin-SignIn/adminSignIn' is clicked on

2020-09-21 14:47:04 - [TEST_STEP][PASSED] - waitForElementPresent(findTestObject("Object Repository/FDR-System-Admin/SysAdmin-Dashboard/maintainReferenceDataBtn"), 3): Object 'Object Repository/FDR-System-Admin/SysAdmin-Dashboard/maintainReferenceDataBtn' is present

2020-09-21 14:47:06 - [MESSAGE][PASSED] - Object 'Object Repository/FDR-System-Admin/SysAdmin-Dashboard/maintainReferenceDataBtn' is present

2020-09-21 14:47:06 - [TEST_STEP][PASSED] - verifyElementPresent(findTestObject("Object Repository/FDR-System-Admin/SysAdmin-Dashboard/maintainReferenceDataBtn"), Timeout): Object 'Object Repository/FDR-System-Admin/SysAdmin-Dashboard/maintainReferenceDataBtn' is present

2020-09-21 14:47:06 - [MESSAGE][PASSED] - Object 'Object Repository/FDR-System-Admin/SysAdmin-Dashboard/maintainReferenceDataBtn' is present

2020-09-21 14:47:06 - [TEST_STEP][PASSED] - refresh(): Refresh successfully

2020-09-21 14:47:07 - [MESSAGE][PASSED] - Refresh successfully

2020-09-21 14:47:07 - [MESSAGE][PASSED] - Call Test Case 'Test Cases/WEB-UI-TESTS/SysAdmin/SystemAdmin-Login' successfully

2020-09-21 14:47:07 - [TEST_STEP][PASSED] - Start listener action : sampleBeforeTestCase: null

2020-09-21 14:47:07 - [TEST_STEP][PASSED] - profileName = getExecutionProfile(): null

2020-09-21 14:47:07 - [TEST_STEP][PASSED] - testCaseId = testCaseContext.getTestCaseId(): null

2020-09-21 14:47:07 - [TEST_STEP][PASSED] - switch (profileName): null

2020-09-21 14:47:07 - [TEST_STEP][PASSED] - Default: null

2020-09-21 14:47:07 - [TEST_STEP][PASSED] - return null: null

2020-09-21 14:47:07 - [TEST_STEP][PASSED] - Start listener action : executeRows: null

2020-09-21 14:47:07 - [TEST_STEP][PASSED] - click(findTestObject("Object Repository/FDR-System-Admin/SysAdmin-Dashboard/maintainReferenceDataBtn")): Object: 'Object Repository/FDR-System-Admin/SysAdmin-Dashboard/maintainReferenceDataBtn' is clicked on

2020-09-21 14:47:07 - [MESSAGE][PASSED] - Object: 'Object Repository/FDR-System-Admin/SysAdmin-Dashboard/maintainReferenceDataBtn' is clicked on

2020-09-21 14:47:07 - [TEST_STEP][PASSED] - click(findTestObject("FDR-System-Admin/FDR-ReferencePage/reference-data")): Object: 'Object Repository/FDR-System-Admin/FDR-ReferencePage/reference-data' is clicked on

2020-09-21 14:47:08 - [MESSAGE][PASSED] - Object: 'Object Repository/FDR-System-Admin/FDR-ReferencePage/reference-data' is clicked on

2020-09-21 14:47:08 - [TEST_STEP][PASSED] - setText(findTestObject("FDR-System-Admin/FDR-ReferencePage/referenceDataNameInput"), "fund ratio"): Text 'fund ratio' is set on object 'Object Repository/FDR-System-Admin/FDR-ReferencePage/referenceDataNameInput'

2020-09-21 14:47:08 - [MESSAGE][PASSED] - Text 'fund ratio' is set on object 'Object Repository/FDR-System-Admin/FDR-ReferencePage/referenceDataNameInput'

2020-09-21 14:47:08 - [TEST_STEP][PASSED] - click(findTestObject("FDR-System-Admin/FDR-ReferencePage/fundRatioReference/fundRatioDetail/fundRatio")): Object: 'Object Repository/FDR-System-Admin/FDR-ReferencePage/fundRatioReference/fundRatioDetail/fundRatio' is clicked on

2020-09-21 14:47:09 - [MESSAGE][PASSED] - Object: 'Object Repository/FDR-System-Admin/FDR-ReferencePage/fundRatioReference/fundRatioDetail/fundRatio' is clicked on

2020-09-21 14:47:09 - [TEST_STEP][PASSED] - waitForElementPresent(findTestObject("FDR-System-Admin/FDR-Add-FundRatio/addFundRatioBtn"), 3): Object 'Object Repository/FDR-System-Admin/FDR-Add-FundRatio/addFundRatioBtn' is present

2020-09-21 14:47:10 - [MESSAGE][PASSED] - Object 'Object Repository/FDR-System-Admin/FDR-Add-FundRatio/addFundRatioBtn' is present

2020-09-21 14:47:10 - [TEST_STEP][PASSED] - click(findTestObject("FDR-System-Admin/FDR-Add-FundRatio/addFundRatioBtn")): Object: 'Object Repository/FDR-System-Admin/FDR-Add-FundRatio/addFundRatioBtn' is clicked on

2020-09-21 14:47:10 - [MESSAGE][PASSED] - Object: 'Object Repository/FDR-System-Admin/FDR-Add-FundRatio/addFundRatioBtn' is clicked on

2020-09-21 14:47:10 - [TEST_STEP][PASSED] - waitForElementPresent(findTestObject("FDR-System-Admin/FDR-Add-FundRatio/federalPercent"), 3): Object 'Object Repository/FDR-System-Admin/FDR-Add-FundRatio/federalPercent' is present

2020-09-21 14:47:10 - [MESSAGE][PASSED] - Object 'Object Repository/FDR-System-Admin/FDR-Add-FundRatio/federalPercent' is present

2020-09-21 14:47:10 - [TEST_STEP][PASSED] - setText(findTestObject("FDR-System-Admin/FDR-Add-FundRatio/federalPercent"), "100"): Text '100' is set on object 'Object Repository/FDR-System-Admin/FDR-Add-FundRatio/federalPercent'

2020-09-21 14:47:11 - [MESSAGE][PASSED] - Text '100' is set on object 'Object Repository/FDR-System-Admin/FDR-Add-FundRatio/federalPercent'

2020-09-21 14:47:11 - [TEST_STEP][PASSED] - waitForElementPresent(findTestObject("FDR-System-Admin/FDR-Add-FundRatio/nonFederalPercent"), 3): Object 'Object Repository/FDR-System-Admin/FDR-Add-FundRatio/nonFederalPercent' is present

2020-09-21 14:47:11 - [MESSAGE][PASSED] - Object 'Object Repository/FDR-System-Admin/FDR-Add-FundRatio/nonFederalPercent' is present

2020-09-21 14:47:11 - [TEST_STEP][PASSED] - setText(findTestObject("FDR-System-Admin/FDR-Add-FundRatio/nonFederalPercent"), "0"): Text '0' is set on object 'Object Repository/FDR-System-Admin/FDR-Add-FundRatio/nonFederalPercent'

2020-09-21 14:47:12 - [MESSAGE][PASSED] - Text '0' is set on object 'Object Repository/FDR-System-Admin/FDR-Add-FundRatio/nonFederalPercent'

2020-09-21 14:47:12 - [TEST_STEP][PASSED] - waitForElementPresent(findTestObject("FDR-System-Admin/FDR-Add-FundRatio/fundRatioCancelBtn"), 3): Object 'Object Repository/FDR-System-Admin/FDR-Add-FundRatio/fundRatioCancelBtn' is present

2020-09-21 14:47:13 - [MESSAGE][PASSED] - Object 'Object Repository/FDR-System-Admin/FDR-Add-FundRatio/fundRatioCancelBtn' is present

2020-09-21 14:47:13 - [TEST_STEP][PASSED] - click(findTestObject("FDR-System-Admin/FDR-Add-FundRatio/fundRatioCancelBtn")): Object: 'Object Repository/FDR-System-Admin/FDR-Add-FundRatio/fundRatioCancelBtn' is clicked on

2020-09-21 14:47:13 - [MESSAGE][PASSED] - Object: 'Object Repository/FDR-System-Admin/FDR-Add-FundRatio/fundRatioCancelBtn' is clicked on

2020-09-21 14:47:13 - [TEST_STEP][PASSED] - waitForElementPresent(findTestObject("FDR-System-Admin/FDR-Edit-FundRatios/firstRowofFundRatio"), 3): Object 'Object Repository/FDR-System-Admin/FDR-Edit-FundRatios/firstRowofFundRatio' is present

2020-09-21 14:47:13 - [MESSAGE][PASSED] - Object 'Object Repository/FDR-System-Admin/FDR-Edit-FundRatios/firstRowofFundRatio' is present

2020-09-21 14:47:13 - [TEST_STEP][PASSED] - click(findTestObject("FDR-System-Admin/FDR-Edit-FundRatios/firstRowofFundRatio")): Object: 'Object Repository/FDR-System-Admin/FDR-Edit-FundRatios/firstRowofFundRatio' is clicked on

2020-09-21 14:47:14 - [MESSAGE][PASSED] - Object: 'Object Repository/FDR-System-Admin/FDR-Edit-FundRatios/firstRowofFundRatio' is clicked on

2020-09-21 14:47:14 - [TEST_STEP][PASSED] - waitForElementPresent(findTestObject("FDR-System-Admin/FDR-Edit-FundRatios/fundRatioHeader"), 3): Object 'Object Repository/FDR-System-Admin/FDR-Edit-FundRatios/fundRatioHeader' is not present after 3 second(s)

2020-09-21 14:47:18 - [MESSAGE][INFO] - Unable to find the element located by 'By.xpath: //*[@id="wrapper"]/main/div/div/div/div/main/div/div[2]/div/div[1]/div[1]/div/div[1]/div/h2'. Please recheck the objects properties to make sure the desired element is located. 

2020-09-21 14:47:18 - [MESSAGE][WARNING] - Object 'Object Repository/FDR-System-Admin/FDR-Edit-FundRatios/fundRatioHeader' is not present after 3 second(s)

2020-09-21 14:47:18 - [TEST_STEP][PASSED] - waitForElementPresent(findTestObject("FDR-System-Admin/FDR-Edit-FundRatios/fundRatioEditElipsisBtn"), 3): Object 'Object Repository/FDR-System-Admin/FDR-Edit-FundRatios/fundRatioEditElipsisBtn' is present

2020-09-21 14:47:18 - [MESSAGE][PASSED] - Object 'Object Repository/FDR-System-Admin/FDR-Edit-FundRatios/fundRatioEditElipsisBtn' is present

2020-09-21 14:47:18 - [TEST_STEP][PASSED] - click(findTestObject("FDR-System-Admin/FDR-Edit-FundRatios/fundRatioEditElipsisBtn")): Object: 'Object Repository/FDR-System-Admin/FDR-Edit-FundRatios/fundRatioEditElipsisBtn' is clicked on

2020-09-21 14:47:18 - [MESSAGE][PASSED] - Object: 'Object Repository/FDR-System-Admin/FDR-Edit-FundRatios/fundRatioEditElipsisBtn' is clicked on

2020-09-21 14:47:18 - [TEST_STEP][PASSED] - waitForElementPresent(findTestObject("FDR-System-Admin/FDR-Edit-FundRatios/fundRatioEditBtn"), 3): Object 'Object Repository/FDR-System-Admin/FDR-Edit-FundRatios/fundRatioEditBtn' is present

2020-09-21 14:47:19 - [MESSAGE][PASSED] - Object 'Object Repository/FDR-System-Admin/FDR-Edit-FundRatios/fundRatioEditBtn' is present

2020-09-21 14:47:19 - [TEST_STEP][PASSED] - click(findTestObject("FDR-System-Admin/FDR-Edit-FundRatios/fundRatioEditBtn")): Object: 'Object Repository/FDR-System-Admin/FDR-Edit-FundRatios/fundRatioEditBtn' is clicked on

2020-09-21 14:47:20 - [MESSAGE][PASSED] - Object: 'Object Repository/FDR-System-Admin/FDR-Edit-FundRatios/fundRatioEditBtn' is clicked on

2020-09-21 14:47:20 - [TEST_STEP][PASSED] - waitForElementPresent(findTestObject("FDR-System-Admin/FDR-Edit-FundRatios/editFundRatioLabel"), 3): Object 'Object Repository/FDR-System-Admin/FDR-Edit-FundRatios/editFundRatioLabel' is not present after 3 second(s)

2020-09-21 14:47:24 - [MESSAGE][INFO] - Unable to find the element located by 'By.xpath: //*[@id="wrapper"]/main/div/div/div/div/main/div[2]/form/div/div[1]/h2'. Please recheck the objects properties to make sure the desired element is located. 

2020-09-21 14:47:24 - [MESSAGE][WARNING] - Object 'Object Repository/FDR-System-Admin/FDR-Edit-FundRatios/editFundRatioLabel' is not present after 3 second(s)

2020-09-21 14:47:24 - [TEST_STEP][PASSED] - waitForElementPresent(findTestObject("FDR-System-Admin/FDR-Edit-FundRatios/saveFundRatioBtn"), 3): Object 'Object Repository/FDR-System-Admin/FDR-Edit-FundRatios/saveFundRatioBtn' is not present after 3 second(s)

2020-09-21 14:47:28 - [MESSAGE][INFO] - Unable to find the element located by 'By.xpath: //*[@id="wrapper"]/main/div/div/div/div/main/div[2]/form/div/div[3]/div/div[2]/div/div[2]/button'. Please recheck the objects properties to make sure the desired element is located. 

2020-09-21 14:47:28 - [MESSAGE][WARNING] - Object 'Object Repository/FDR-System-Admin/FDR-Edit-FundRatios/saveFundRatioBtn' is not present after 3 second(s)

2020-09-21 14:47:28 - [TEST_STEP][PASSED] - waitForElementPresent(findTestObject("FDR-System-Admin/FDR-Edit-FundRatios/backToFundRatios"), 3): Object 'Object Repository/FDR-System-Admin/FDR-Edit-FundRatios/backToFundRatios' is present

2020-09-21 14:47:28 - [MESSAGE][PASSED] - Object 'Object Repository/FDR-System-Admin/FDR-Edit-FundRatios/backToFundRatios' is present

2020-09-21 14:47:28 - [TEST_STEP][PASSED] - click(findTestObject("FDR-System-Admin/FDR-Edit-FundRatios/backToFundRatios")): Object: 'Object Repository/FDR-System-Admin/FDR-Edit-FundRatios/backToFundRatios' is clicked on

2020-09-21 14:47:28 - [MESSAGE][PASSED] - Object: 'Object Repository/FDR-System-Admin/FDR-Edit-FundRatios/backToFundRatios' is clicked on

2020-09-21 14:47:28 - [TEST_STEP][PASSED] - if (verifyElementPresent(findTestObject("FDR-System-Admin/FDR-Edit-FundRatios/firstRowofFundRatio"), 2)): null

2020-09-21 14:47:29 - [MESSAGE][PASSED] - Object 'Object Repository/FDR-System-Admin/FDR-Edit-FundRatios/firstRowofFundRatio' is present

2020-09-21 14:47:29 - [TEST_STEP][PASSED] - click(findTestObject("FDR-System-Admin/FDR-Edit-FundRatios/firstRowofFundRatio")): Object: 'Object Repository/FDR-System-Admin/FDR-Edit-FundRatios/firstRowofFundRatio' is clicked on

2020-09-21 14:47:29 - [MESSAGE][PASSED] - Object: 'Object Repository/FDR-System-Admin/FDR-Edit-FundRatios/firstRowofFundRatio' is clicked on

2020-09-21 14:47:29 - [TEST_STEP][PASSED] - waitForElementPresent(findTestObject("FDR-System-Admin/FDR-Edit-FundRatios/fundRatioHeader"), 3): Object 'Object Repository/FDR-System-Admin/FDR-Edit-FundRatios/fundRatioHeader' is not present after 3 second(s)

2020-09-21 14:47:33 - [MESSAGE][INFO] - Unable to find the element located by 'By.xpath: //*[@id="wrapper"]/main/div/div/div/div/main/div/div[2]/div/div[1]/div[1]/div/div[1]/div/h2'. Please recheck the objects properties to make sure the desired element is located. 

2020-09-21 14:47:33 - [MESSAGE][WARNING] - Object 'Object Repository/FDR-System-Admin/FDR-Edit-FundRatios/fundRatioHeader' is not present after 3 second(s)

2020-09-21 14:47:33 - [TEST_STEP][PASSED] - label = getText(findTestObject("FDR-System-Admin/FDR-ReferencePage/fundRatioReference/fundRatioDetail/federalPercentage")): Text of object 'Object Repository/FDR-System-Admin/FDR-ReferencePage/fundRatioReference/fundRatioDetail/federalPercentage' is: 'FEDERAL %'

2020-09-21 14:47:34 - [MESSAGE][PASSED] - Text of object 'Object Repository/FDR-System-Admin/FDR-ReferencePage/fundRatioReference/fundRatioDetail/federalPercentage' is: 'FEDERAL %'

2020-09-21 14:47:34 - [TEST_STEP][PASSED] - assert label == "FEDERAL %": null

2020-09-21 14:47:34 - [TEST_STEP][PASSED] - label = getText(findTestObject("FDR-System-Admin/FDR-ReferencePage/fundRatioReference/fundRatioDetail/nonFederalPercentage")): Text of object 'Object Repository/FDR-System-Admin/FDR-ReferencePage/fundRatioReference/fundRatioDetail/nonFederalPercentage' is: 'NON-FEDERAL %'

2020-09-21 14:47:34 - [MESSAGE][PASSED] - Text of object 'Object Repository/FDR-System-Admin/FDR-ReferencePage/fundRatioReference/fundRatioDetail/nonFederalPercentage' is: 'NON-FEDERAL %'

2020-09-21 14:47:34 - [TEST_STEP][PASSED] - assert label == "NON-FEDERAL %": null

2020-09-21 14:47:34 - [TEST_STEP][PASSED] - Start listener action : sampleAfterTestCase: null

2020-09-21 14:47:34 - [TEST_STEP][PASSED] - profileName = getExecutionProfile(): null

2020-09-21 14:47:34 - [TEST_STEP][PASSED] - switch (profileName): null

2020-09-21 14:47:34 - [TEST_STEP][PASSED] - case "superUser":: null

2020-09-21 14:47:34 - [TEST_STEP][PASSED] - return null: null

2020-09-21 14:47:34 - [TEST_STEP][PASSED] - Start listener action : afterTestCase: Browser is closed

2020-09-21 14:47:34 - [TEST_STEP][PASSED] - profileName = getExecutionProfile(): null

2020-09-21 14:47:34 - [TEST_STEP][PASSED] - if (profileName.equalsIgnoreCase("SysAdmin")): Browser is closed

2020-09-21 14:47:34 - [TEST_STEP][PASSED] - closeBrowser(): Browser is closed

2020-09-21 14:47:34 - [MESSAGE][PASSED] - Browser is closed

2020-09-21 14:47:34 - [TEST_STEP][PASSED] - Start listener action : sampleAfterTestCase: null

2020-09-21 14:47:34 - [TEST_STEP][PASSED] - profileName = getExecutionProfile(): null

2020-09-21 14:47:34 - [TEST_STEP][PASSED] - switch (profileName): null

2020-09-21 14:47:34 - [TEST_STEP][PASSED] - Default: null

2020-09-21 14:47:34 - [TEST_STEP][PASSED] - return null: null

2020-09-21 14:47:34 - [TEST_STEP][PASSED] - Start listener action : addFailedTCToList: null]]></system-out>
         <system-err><![CDATA[]]></system-err>
      </testcase>
      <testcase name="Test Cases/WEB-UI-TESTS/SysAdmin/ReferencePage/ReferenceDetail/FDR-Add-FundDetailReview" time="31.317" classname="Test Cases/WEB-UI-TESTS/SysAdmin/ReferencePage/ReferenceDetail/FDR-Add-FundDetailReview" status="PASSED">
         <system-out><![CDATA[2020-09-21 14:47:34 - [TEST_CASE][PASSED] - Test Cases/WEB-UI-TESTS/SysAdmin/ReferencePage/ReferenceDetail/FDR-Add-FundDetailReview: Test Cases/WEB-UI-TESTS/SysAdmin/ReferencePage/ReferenceDetail/FDR-Add-FundDetailReview

2020-09-21 14:47:34 - [TEST_STEP][PASSED] - Start listener action : sampleBeforeTestCase: null

2020-09-21 14:47:34 - [TEST_STEP][PASSED] - profileName = getExecutionProfile(): null

2020-09-21 14:47:34 - [TEST_STEP][PASSED] - switch (profileName): null

2020-09-21 14:47:34 - [TEST_STEP][PASSED] - case "superUser":: null

2020-09-21 14:47:34 - [TEST_STEP][PASSED] - return null: null

2020-09-21 14:47:34 - [TEST_STEP][PASSED] - Start listener action : beforeTestCase: Call Test Case 'Test Cases/WEB-UI-TESTS/SysAdmin/SystemAdmin-Login' successfully

2020-09-21 14:47:34 - [TEST_STEP][PASSED] - profileName = getExecutionProfile(): null

2020-09-21 14:47:34 - [TEST_STEP][PASSED] - if (profileName.equalsIgnoreCase("SysAdmin")): Call Test Case 'Test Cases/WEB-UI-TESTS/SysAdmin/SystemAdmin-Login' successfully

2020-09-21 14:47:34 - [TEST_STEP][PASSED] - callTestCase(findTestCase("Test Cases/WEB-UI-TESTS/SysAdmin/SystemAdmin-Login"), null): Call Test Case 'Test Cases/WEB-UI-TESTS/SysAdmin/SystemAdmin-Login' successfully

2020-09-21 14:47:35 - [TEST_CASE][PASSED] - Test Cases/WEB-UI-TESTS/SysAdmin/SystemAdmin-Login: Test Cases/WEB-UI-TESTS/SysAdmin/SystemAdmin-Login

2020-09-21 14:47:35 - [TEST_STEP][PASSED] - openBrowser(URL): Browser is opened with url: 'https://fdr-katalon.cammis-mod-dev.dhcs.ca.gov'

2020-09-21 14:47:35 - [MESSAGE][INFO] - Starting 'Chrome' driver

2020-09-21 14:47:35 - [MESSAGE][INFO] - Action delay is set to 0 milliseconds

2020-09-21 14:47:39 - [MESSAGE][PASSED] - Browser is opened with url: 'https://fdr-katalon.cammis-mod-dev.dhcs.ca.gov'

2020-09-21 14:47:39 - [TEST_STEP][PASSED] - maximizeWindow(): Current window maximized

2020-09-21 14:47:41 - [MESSAGE][PASSED] - Current window maximized

2020-09-21 14:47:41 - [TEST_STEP][PASSED] - refresh(): Refresh successfully

2020-09-21 14:47:41 - [MESSAGE][PASSED] - Refresh successfully

2020-09-21 14:47:41 - [TEST_STEP][PASSED] - delay(2): Delayed 2 second(s)

2020-09-21 14:47:43 - [MESSAGE][PASSED] - Delayed 2 second(s)

2020-09-21 14:47:43 - [TEST_STEP][PASSED] - waitForElementPresent(findTestObject("FDR-System-Admin/SysAdmin-SignIn/adminEmail"), 5): Object 'Object Repository/FDR-System-Admin/SysAdmin-SignIn/adminEmail' is present

2020-09-21 14:47:43 - [MESSAGE][PASSED] - Object 'Object Repository/FDR-System-Admin/SysAdmin-SignIn/adminEmail' is present

2020-09-21 14:47:43 - [TEST_STEP][PASSED] - setText(findTestObject("FDR-System-Admin/SysAdmin-SignIn/adminEmail"), adminEmail): Text 'fdr.test10@dhcs.ca.gov
' is set on object 'Object Repository/FDR-System-Admin/SysAdmin-SignIn/adminEmail'

2020-09-21 14:47:44 - [MESSAGE][PASSED] - Text 'fdr.test10@dhcs.ca.gov
' is set on object 'Object Repository/FDR-System-Admin/SysAdmin-SignIn/adminEmail'

2020-09-21 14:47:44 - [TEST_STEP][PASSED] - waitForElementPresent(findTestObject("FDR-System-Admin/SysAdmin-SignIn/adminUserName"), 5): Object 'Object Repository/FDR-System-Admin/SysAdmin-SignIn/adminUserName' is present

2020-09-21 14:47:47 - [MESSAGE][PASSED] - Object 'Object Repository/FDR-System-Admin/SysAdmin-SignIn/adminUserName' is present

2020-09-21 14:47:47 - [TEST_STEP][PASSED] - setText(findTestObject("FDR-System-Admin/SysAdmin-SignIn/adminUserName"), UserName): Text 'fdr.test10@dhcs.ca.gov' is set on object 'Object Repository/FDR-System-Admin/SysAdmin-SignIn/adminUserName'

2020-09-21 14:47:48 - [MESSAGE][PASSED] - Text 'fdr.test10@dhcs.ca.gov' is set on object 'Object Repository/FDR-System-Admin/SysAdmin-SignIn/adminUserName'

2020-09-21 14:47:48 - [TEST_STEP][PASSED] - setText(findTestObject("FDR-System-Admin/SysAdmin-SignIn/adminPass"), Password): Text 'Password18' is set on object 'Object Repository/FDR-System-Admin/SysAdmin-SignIn/adminPass'

2020-09-21 14:47:48 - [MESSAGE][PASSED] - Text 'Password18' is set on object 'Object Repository/FDR-System-Admin/SysAdmin-SignIn/adminPass'

2020-09-21 14:47:48 - [TEST_STEP][PASSED] - click(findTestObject("FDR-System-Admin/SysAdmin-SignIn/adminSignIn")): Object: 'Object Repository/FDR-System-Admin/SysAdmin-SignIn/adminSignIn' is clicked on

2020-09-21 14:47:50 - [MESSAGE][PASSED] - Object: 'Object Repository/FDR-System-Admin/SysAdmin-SignIn/adminSignIn' is clicked on

2020-09-21 14:47:50 - [TEST_STEP][PASSED] - waitForElementPresent(findTestObject("Object Repository/FDR-System-Admin/SysAdmin-Dashboard/maintainReferenceDataBtn"), 3): Object 'Object Repository/FDR-System-Admin/SysAdmin-Dashboard/maintainReferenceDataBtn' is present

2020-09-21 14:47:51 - [MESSAGE][PASSED] - Object 'Object Repository/FDR-System-Admin/SysAdmin-Dashboard/maintainReferenceDataBtn' is present

2020-09-21 14:47:51 - [TEST_STEP][PASSED] - verifyElementPresent(findTestObject("Object Repository/FDR-System-Admin/SysAdmin-Dashboard/maintainReferenceDataBtn"), Timeout): Object 'Object Repository/FDR-System-Admin/SysAdmin-Dashboard/maintainReferenceDataBtn' is present

2020-09-21 14:47:52 - [MESSAGE][PASSED] - Object 'Object Repository/FDR-System-Admin/SysAdmin-Dashboard/maintainReferenceDataBtn' is present

2020-09-21 14:47:52 - [TEST_STEP][PASSED] - refresh(): Refresh successfully

2020-09-21 14:47:52 - [MESSAGE][PASSED] - Refresh successfully

2020-09-21 14:47:52 - [MESSAGE][PASSED] - Call Test Case 'Test Cases/WEB-UI-TESTS/SysAdmin/SystemAdmin-Login' successfully

2020-09-21 14:47:52 - [TEST_STEP][PASSED] - Start listener action : sampleBeforeTestCase: null

2020-09-21 14:47:52 - [TEST_STEP][PASSED] - profileName = getExecutionProfile(): null

2020-09-21 14:47:52 - [TEST_STEP][PASSED] - testCaseId = testCaseContext.getTestCaseId(): null

2020-09-21 14:47:52 - [TEST_STEP][PASSED] - switch (profileName): null

2020-09-21 14:47:52 - [TEST_STEP][PASSED] - Default: null

2020-09-21 14:47:52 - [TEST_STEP][PASSED] - return null: null

2020-09-21 14:47:52 - [TEST_STEP][PASSED] - Start listener action : executeRows: null

2020-09-21 14:47:52 - [TEST_STEP][PASSED] - click(findTestObject("Object Repository/FDR-System-Admin/SysAdmin-Dashboard/maintainReferenceDataBtn")): Object: 'Object Repository/FDR-System-Admin/SysAdmin-Dashboard/maintainReferenceDataBtn' is clicked on

2020-09-21 14:47:53 - [MESSAGE][PASSED] - Object: 'Object Repository/FDR-System-Admin/SysAdmin-Dashboard/maintainReferenceDataBtn' is clicked on

2020-09-21 14:47:53 - [TEST_STEP][PASSED] - click(findTestObject("Object Repository/FDR-System-Admin/FDR-ReferencePage/reference-data")): Object: 'Object Repository/FDR-System-Admin/FDR-ReferencePage/reference-data' is clicked on

2020-09-21 14:47:53 - [MESSAGE][PASSED] - Object: 'Object Repository/FDR-System-Admin/FDR-ReferencePage/reference-data' is clicked on

2020-09-21 14:47:53 - [TEST_STEP][PASSED] - setText(findTestObject("Object Repository/FDR-System-Admin/FDR-ReferencePage/referenceDataNameInput"), "fund"): Text 'fund' is set on object 'Object Repository/FDR-System-Admin/FDR-ReferencePage/referenceDataNameInput'

2020-09-21 14:47:54 - [MESSAGE][PASSED] - Text 'fund' is set on object 'Object Repository/FDR-System-Admin/FDR-ReferencePage/referenceDataNameInput'

2020-09-21 14:47:54 - [TEST_STEP][PASSED] - click(findTestObject("FDR-System-Admin/FDR-ReferencePage/fundReference/fundDetail/fund")): Object: 'Object Repository/FDR-System-Admin/FDR-ReferencePage/fundReference/fundDetail/fund' is clicked on

2020-09-21 14:47:55 - [MESSAGE][PASSED] - Object: 'Object Repository/FDR-System-Admin/FDR-ReferencePage/fundReference/fundDetail/fund' is clicked on

2020-09-21 14:47:55 - [TEST_STEP][PASSED] - waitForElementPresent(findTestObject("Object Repository/FDR-System-Admin/FDR-Add-Funds/addFundBtn"), 3): Object 'Object Repository/FDR-System-Admin/FDR-Add-Funds/addFundBtn' is present

2020-09-21 14:47:55 - [MESSAGE][PASSED] - Object 'Object Repository/FDR-System-Admin/FDR-Add-Funds/addFundBtn' is present

2020-09-21 14:47:55 - [TEST_STEP][PASSED] - click(findTestObject("Object Repository/FDR-System-Admin/FDR-Add-Funds/addFundBtn")): Object: 'Object Repository/FDR-System-Admin/FDR-Add-Funds/addFundBtn' is clicked on

2020-09-21 14:47:55 - [MESSAGE][PASSED] - Object: 'Object Repository/FDR-System-Admin/FDR-Add-Funds/addFundBtn' is clicked on

2020-09-21 14:47:55 - [TEST_STEP][PASSED] - waitForElementPresent(findTestObject("Object Repository/FDR-System-Admin/FDR-Add-Funds/newFundHeaderLabel"), 3): Object 'Object Repository/FDR-System-Admin/FDR-Add-Funds/newFundHeaderLabel' is present

2020-09-21 14:47:56 - [MESSAGE][PASSED] - Object 'Object Repository/FDR-System-Admin/FDR-Add-Funds/newFundHeaderLabel' is present

2020-09-21 14:47:56 - [TEST_STEP][PASSED] - code = RandomStringUtils.randomNumeric(7): null

2020-09-21 14:47:56 - [TEST_STEP][PASSED] - fundName = RandomStringUtils.randomAlphabetic(10): null

2020-09-21 14:47:56 - [TEST_STEP][PASSED] - waitForElementPresent(findTestObject("Object Repository/FDR-System-Admin/FDR-Add-Funds/fundCode"), 3): Object 'Object Repository/FDR-System-Admin/FDR-Add-Funds/fundCode' is present

2020-09-21 14:47:56 - [MESSAGE][PASSED] - Object 'Object Repository/FDR-System-Admin/FDR-Add-Funds/fundCode' is present

2020-09-21 14:47:56 - [TEST_STEP][PASSED] - setText(findTestObject("Object Repository/FDR-System-Admin/FDR-Add-Funds/fundCode"), code): Text '1176911' is set on object 'Object Repository/FDR-System-Admin/FDR-Add-Funds/fundCode'

2020-09-21 14:47:57 - [MESSAGE][PASSED] - Text '1176911' is set on object 'Object Repository/FDR-System-Admin/FDR-Add-Funds/fundCode'

2020-09-21 14:47:57 - [TEST_STEP][PASSED] - waitForElementPresent(findTestObject("Object Repository/FDR-System-Admin/FDR-Add-Funds/fundName"), 3): Object 'Object Repository/FDR-System-Admin/FDR-Add-Funds/fundName' is present

2020-09-21 14:47:57 - [MESSAGE][PASSED] - Object 'Object Repository/FDR-System-Admin/FDR-Add-Funds/fundName' is present

2020-09-21 14:47:57 - [TEST_STEP][PASSED] - setText(findTestObject("Object Repository/FDR-System-Admin/FDR-Add-Funds/fundName"), fundName): Text 'JGcjNyOwSh' is set on object 'Object Repository/FDR-System-Admin/FDR-Add-Funds/fundName'

2020-09-21 14:47:58 - [MESSAGE][PASSED] - Text 'JGcjNyOwSh' is set on object 'Object Repository/FDR-System-Admin/FDR-Add-Funds/fundName'

2020-09-21 14:47:58 - [TEST_STEP][PASSED] - waitForElementPresent(findTestObject("Object Repository/FDR-System-Admin/FDR-Add-Funds/addFundConfirmBtn"), 3): Object 'Object Repository/FDR-System-Admin/FDR-Add-Funds/addFundConfirmBtn' is present

2020-09-21 14:47:58 - [MESSAGE][PASSED] - Object 'Object Repository/FDR-System-Admin/FDR-Add-Funds/addFundConfirmBtn' is present

2020-09-21 14:47:58 - [TEST_STEP][PASSED] - click(findTestObject("Object Repository/FDR-System-Admin/FDR-Add-Funds/addFundConfirmBtn")): Object: 'Object Repository/FDR-System-Admin/FDR-Add-Funds/addFundConfirmBtn' is clicked on

2020-09-21 14:47:59 - [MESSAGE][PASSED] - Object: 'Object Repository/FDR-System-Admin/FDR-Add-Funds/addFundConfirmBtn' is clicked on

2020-09-21 14:47:59 - [TEST_STEP][PASSED] - waitForElementPresent(findTestObject("Object Repository/FDR-System-Admin/FDR-Add-Funds/fundHeader"), 3): Object 'Object Repository/FDR-System-Admin/FDR-Add-Funds/fundHeader' is present

2020-09-21 14:47:59 - [MESSAGE][PASSED] - Object 'Object Repository/FDR-System-Admin/FDR-Add-Funds/fundHeader' is present

2020-09-21 14:47:59 - [TEST_STEP][PASSED] - waitForElementPresent(findTestObject("Object Repository/FDR-System-Admin/FDR-Edit-Fund/fundElipsisBtn"), 3): Object 'Object Repository/FDR-System-Admin/FDR-Edit-Fund/fundElipsisBtn' is present

2020-09-21 14:48:00 - [MESSAGE][PASSED] - Object 'Object Repository/FDR-System-Admin/FDR-Edit-Fund/fundElipsisBtn' is present

2020-09-21 14:48:00 - [TEST_STEP][PASSED] - click(findTestObject("Object Repository/FDR-System-Admin/FDR-Edit-Fund/fundElipsisBtn")): Object: 'Object Repository/FDR-System-Admin/FDR-Edit-Fund/fundElipsisBtn' is clicked on

2020-09-21 14:48:00 - [MESSAGE][PASSED] - Object: 'Object Repository/FDR-System-Admin/FDR-Edit-Fund/fundElipsisBtn' is clicked on

2020-09-21 14:48:00 - [TEST_STEP][PASSED] - waitForElementPresent(findTestObject("Object Repository/FDR-System-Admin/FDR-Edit-Fund/fundEditBtn"), 3): Object 'Object Repository/FDR-System-Admin/FDR-Edit-Fund/fundEditBtn' is present

2020-09-21 14:48:00 - [MESSAGE][PASSED] - Object 'Object Repository/FDR-System-Admin/FDR-Edit-Fund/fundEditBtn' is present

2020-09-21 14:48:00 - [TEST_STEP][PASSED] - click(findTestObject("Object Repository/FDR-System-Admin/FDR-Edit-Fund/fundEditBtn")): Object: 'Object Repository/FDR-System-Admin/FDR-Edit-Fund/fundEditBtn' is clicked on

2020-09-21 14:48:01 - [MESSAGE][PASSED] - Object: 'Object Repository/FDR-System-Admin/FDR-Edit-Fund/fundEditBtn' is clicked on

2020-09-21 14:48:01 - [TEST_STEP][PASSED] - editFundName = RandomStringUtils.randomAlphabetic(10): null

2020-09-21 14:48:01 - [TEST_STEP][PASSED] - waitForElementPresent(findTestObject("Object Repository/FDR-System-Admin/FDR-Add-Funds/fundName"), 3): Object 'Object Repository/FDR-System-Admin/FDR-Add-Funds/fundName' is present

2020-09-21 14:48:02 - [MESSAGE][PASSED] - Object 'Object Repository/FDR-System-Admin/FDR-Add-Funds/fundName' is present

2020-09-21 14:48:02 - [TEST_STEP][PASSED] - doubleClick(findTestObject("Object Repository/FDR-System-Admin/FDR-Add-Funds/fundName")): Object: 'Object Repository/FDR-System-Admin/FDR-Add-Funds/fundName' is double clicked on

2020-09-21 14:48:02 - [MESSAGE][PASSED] - Object: 'Object Repository/FDR-System-Admin/FDR-Add-Funds/fundName' is double clicked on

2020-09-21 14:48:02 - [TEST_STEP][PASSED] - sendKeys(findTestObject("Object Repository/FDR-System-Admin/FDR-Add-Funds/fundName"), Keys.chord(BACK_SPACE)): Keys 'BACK_SPACE + ' sent to object: 'Object Repository/FDR-System-Admin/FDR-Add-Funds/fundName'

2020-09-21 14:48:02 - [MESSAGE][PASSED] - Keys 'BACK_SPACE + ' sent to object: 'Object Repository/FDR-System-Admin/FDR-Add-Funds/fundName'

2020-09-21 14:48:02 - [TEST_STEP][PASSED] - setText(findTestObject("Object Repository/FDR-System-Admin/FDR-Add-Funds/fundName"), editFundName): Text 'iTLITvnGTS' is set on object 'Object Repository/FDR-System-Admin/FDR-Add-Funds/fundName'

2020-09-21 14:48:03 - [MESSAGE][PASSED] - Text 'iTLITvnGTS' is set on object 'Object Repository/FDR-System-Admin/FDR-Add-Funds/fundName'

2020-09-21 14:48:03 - [TEST_STEP][PASSED] - waitForElementPresent(findTestObject("Object Repository/FDR-System-Admin/FDR-Edit-Fund/fundSaveBtn"), 3): Object 'Object Repository/FDR-System-Admin/FDR-Edit-Fund/fundSaveBtn' is present

2020-09-21 14:48:04 - [MESSAGE][PASSED] - Object 'Object Repository/FDR-System-Admin/FDR-Edit-Fund/fundSaveBtn' is present

2020-09-21 14:48:04 - [TEST_STEP][PASSED] - click(findTestObject("Object Repository/FDR-System-Admin/FDR-Edit-Fund/fundSaveBtn")): Object: 'Object Repository/FDR-System-Admin/FDR-Edit-Fund/fundSaveBtn' is clicked on

2020-09-21 14:48:04 - [MESSAGE][PASSED] - Object: 'Object Repository/FDR-System-Admin/FDR-Edit-Fund/fundSaveBtn' is clicked on

2020-09-21 14:48:04 - [TEST_STEP][PASSED] - waitForElementPresent(findTestObject("Object Repository/FDR-System-Admin/FDR-Add-Funds/fundHeader"), 3): Object 'Object Repository/FDR-System-Admin/FDR-Add-Funds/fundHeader' is present

2020-09-21 14:48:05 - [MESSAGE][PASSED] - Object 'Object Repository/FDR-System-Admin/FDR-Add-Funds/fundHeader' is present

2020-09-21 14:48:05 - [TEST_STEP][PASSED] - waitForElementPresent(findTestObject("Object Repository/FDR-System-Admin/FDR-Add-Funds/backToFunds"), 3): Object 'Object Repository/FDR-System-Admin/FDR-Add-Funds/backToFunds' is present

2020-09-21 14:48:05 - [MESSAGE][PASSED] - Object 'Object Repository/FDR-System-Admin/FDR-Add-Funds/backToFunds' is present

2020-09-21 14:48:05 - [TEST_STEP][PASSED] - click(findTestObject("Object Repository/FDR-System-Admin/FDR-Add-Funds/backToFunds")): Object: 'Object Repository/FDR-System-Admin/FDR-Add-Funds/backToFunds' is clicked on

2020-09-21 14:48:05 - [MESSAGE][PASSED] - Object: 'Object Repository/FDR-System-Admin/FDR-Add-Funds/backToFunds' is clicked on

2020-09-21 14:48:05 - [TEST_STEP][PASSED] - Start listener action : sampleAfterTestCase: null

2020-09-21 14:48:05 - [TEST_STEP][PASSED] - profileName = getExecutionProfile(): null

2020-09-21 14:48:05 - [TEST_STEP][PASSED] - switch (profileName): null

2020-09-21 14:48:05 - [TEST_STEP][PASSED] - case "superUser":: null

2020-09-21 14:48:05 - [TEST_STEP][PASSED] - return null: null

2020-09-21 14:48:05 - [TEST_STEP][PASSED] - Start listener action : afterTestCase: Browser is closed

2020-09-21 14:48:05 - [TEST_STEP][PASSED] - profileName = getExecutionProfile(): null

2020-09-21 14:48:05 - [TEST_STEP][PASSED] - if (profileName.equalsIgnoreCase("SysAdmin")): Browser is closed

2020-09-21 14:48:05 - [TEST_STEP][PASSED] - closeBrowser(): Browser is closed

2020-09-21 14:48:06 - [MESSAGE][PASSED] - Browser is closed

2020-09-21 14:48:06 - [TEST_STEP][PASSED] - Start listener action : sampleAfterTestCase: null

2020-09-21 14:48:06 - [TEST_STEP][PASSED] - profileName = getExecutionProfile(): null

2020-09-21 14:48:06 - [TEST_STEP][PASSED] - switch (profileName): null

2020-09-21 14:48:06 - [TEST_STEP][PASSED] - Default: null

2020-09-21 14:48:06 - [TEST_STEP][PASSED] - return null: null

2020-09-21 14:48:06 - [TEST_STEP][PASSED] - Start listener action : addFailedTCToList: null]]></system-out>
         <system-err><![CDATA[]]></system-err>
      </testcase>
      <testcase name="Test Cases/WEB-UI-TESTS/SysAdmin/ReferencePage/ReferenceDetail/FDR-Add-AccountDetailReview" time="35.282" classname="Test Cases/WEB-UI-TESTS/SysAdmin/ReferencePage/ReferenceDetail/FDR-Add-AccountDetailReview" status="PASSED">
         <system-out><![CDATA[2020-09-21 14:48:06 - [TEST_CASE][PASSED] - Test Cases/WEB-UI-TESTS/SysAdmin/ReferencePage/ReferenceDetail/FDR-Add-AccountDetailReview: Test Cases/WEB-UI-TESTS/SysAdmin/ReferencePage/ReferenceDetail/FDR-Add-AccountDetailReview

2020-09-21 14:48:06 - [TEST_STEP][PASSED] - Start listener action : sampleBeforeTestCase: null

2020-09-21 14:48:06 - [TEST_STEP][PASSED] - profileName = getExecutionProfile(): null

2020-09-21 14:48:06 - [TEST_STEP][PASSED] - switch (profileName): null

2020-09-21 14:48:06 - [TEST_STEP][PASSED] - case "superUser":: null

2020-09-21 14:48:06 - [TEST_STEP][PASSED] - return null: null

2020-09-21 14:48:06 - [TEST_STEP][PASSED] - Start listener action : beforeTestCase: Call Test Case 'Test Cases/WEB-UI-TESTS/SysAdmin/SystemAdmin-Login' successfully

2020-09-21 14:48:06 - [TEST_STEP][PASSED] - profileName = getExecutionProfile(): null

2020-09-21 14:48:06 - [TEST_STEP][PASSED] - if (profileName.equalsIgnoreCase("SysAdmin")): Call Test Case 'Test Cases/WEB-UI-TESTS/SysAdmin/SystemAdmin-Login' successfully

2020-09-21 14:48:06 - [TEST_STEP][PASSED] - callTestCase(findTestCase("Test Cases/WEB-UI-TESTS/SysAdmin/SystemAdmin-Login"), null): Call Test Case 'Test Cases/WEB-UI-TESTS/SysAdmin/SystemAdmin-Login' successfully

2020-09-21 14:48:06 - [TEST_CASE][PASSED] - Test Cases/WEB-UI-TESTS/SysAdmin/SystemAdmin-Login: Test Cases/WEB-UI-TESTS/SysAdmin/SystemAdmin-Login

2020-09-21 14:48:06 - [TEST_STEP][PASSED] - openBrowser(URL): Browser is opened with url: 'https://fdr-katalon.cammis-mod-dev.dhcs.ca.gov'

2020-09-21 14:48:06 - [MESSAGE][INFO] - Starting 'Chrome' driver

2020-09-21 14:48:06 - [MESSAGE][INFO] - Action delay is set to 0 milliseconds

2020-09-21 14:48:10 - [MESSAGE][PASSED] - Browser is opened with url: 'https://fdr-katalon.cammis-mod-dev.dhcs.ca.gov'

2020-09-21 14:48:10 - [TEST_STEP][PASSED] - maximizeWindow(): Current window maximized

2020-09-21 14:48:12 - [MESSAGE][PASSED] - Current window maximized

2020-09-21 14:48:12 - [TEST_STEP][PASSED] - refresh(): Refresh successfully

2020-09-21 14:48:12 - [MESSAGE][PASSED] - Refresh successfully

2020-09-21 14:48:12 - [TEST_STEP][PASSED] - delay(2): Delayed 2 second(s)

2020-09-21 14:48:14 - [MESSAGE][PASSED] - Delayed 2 second(s)

2020-09-21 14:48:14 - [TEST_STEP][PASSED] - waitForElementPresent(findTestObject("FDR-System-Admin/SysAdmin-SignIn/adminEmail"), 5): Object 'Object Repository/FDR-System-Admin/SysAdmin-SignIn/adminEmail' is present

2020-09-21 14:48:15 - [MESSAGE][PASSED] - Object 'Object Repository/FDR-System-Admin/SysAdmin-SignIn/adminEmail' is present

2020-09-21 14:48:15 - [TEST_STEP][PASSED] - setText(findTestObject("FDR-System-Admin/SysAdmin-SignIn/adminEmail"), adminEmail): Text 'fdr.test10@dhcs.ca.gov
' is set on object 'Object Repository/FDR-System-Admin/SysAdmin-SignIn/adminEmail'

2020-09-21 14:48:15 - [MESSAGE][PASSED] - Text 'fdr.test10@dhcs.ca.gov
' is set on object 'Object Repository/FDR-System-Admin/SysAdmin-SignIn/adminEmail'

2020-09-21 14:48:15 - [TEST_STEP][PASSED] - waitForElementPresent(findTestObject("FDR-System-Admin/SysAdmin-SignIn/adminUserName"), 5): Object 'Object Repository/FDR-System-Admin/SysAdmin-SignIn/adminUserName' is present

2020-09-21 14:48:18 - [MESSAGE][PASSED] - Object 'Object Repository/FDR-System-Admin/SysAdmin-SignIn/adminUserName' is present

2020-09-21 14:48:18 - [TEST_STEP][PASSED] - setText(findTestObject("FDR-System-Admin/SysAdmin-SignIn/adminUserName"), UserName): Text 'fdr.test10@dhcs.ca.gov' is set on object 'Object Repository/FDR-System-Admin/SysAdmin-SignIn/adminUserName'

2020-09-21 14:48:19 - [MESSAGE][PASSED] - Text 'fdr.test10@dhcs.ca.gov' is set on object 'Object Repository/FDR-System-Admin/SysAdmin-SignIn/adminUserName'

2020-09-21 14:48:19 - [TEST_STEP][PASSED] - setText(findTestObject("FDR-System-Admin/SysAdmin-SignIn/adminPass"), Password): Text 'Password18' is set on object 'Object Repository/FDR-System-Admin/SysAdmin-SignIn/adminPass'

2020-09-21 14:48:19 - [MESSAGE][PASSED] - Text 'Password18' is set on object 'Object Repository/FDR-System-Admin/SysAdmin-SignIn/adminPass'

2020-09-21 14:48:19 - [TEST_STEP][PASSED] - click(findTestObject("FDR-System-Admin/SysAdmin-SignIn/adminSignIn")): Object: 'Object Repository/FDR-System-Admin/SysAdmin-SignIn/adminSignIn' is clicked on

2020-09-21 14:48:21 - [MESSAGE][PASSED] - Object: 'Object Repository/FDR-System-Admin/SysAdmin-SignIn/adminSignIn' is clicked on

2020-09-21 14:48:21 - [TEST_STEP][PASSED] - waitForElementPresent(findTestObject("Object Repository/FDR-System-Admin/SysAdmin-Dashboard/maintainReferenceDataBtn"), 3): Object 'Object Repository/FDR-System-Admin/SysAdmin-Dashboard/maintainReferenceDataBtn' is present

2020-09-21 14:48:23 - [MESSAGE][PASSED] - Object 'Object Repository/FDR-System-Admin/SysAdmin-Dashboard/maintainReferenceDataBtn' is present

2020-09-21 14:48:23 - [TEST_STEP][PASSED] - verifyElementPresent(findTestObject("Object Repository/FDR-System-Admin/SysAdmin-Dashboard/maintainReferenceDataBtn"), Timeout): Object 'Object Repository/FDR-System-Admin/SysAdmin-Dashboard/maintainReferenceDataBtn' is present

2020-09-21 14:48:23 - [MESSAGE][PASSED] - Object 'Object Repository/FDR-System-Admin/SysAdmin-Dashboard/maintainReferenceDataBtn' is present

2020-09-21 14:48:23 - [TEST_STEP][PASSED] - refresh(): Refresh successfully

2020-09-21 14:48:23 - [MESSAGE][PASSED] - Refresh successfully

2020-09-21 14:48:23 - [MESSAGE][PASSED] - Call Test Case 'Test Cases/WEB-UI-TESTS/SysAdmin/SystemAdmin-Login' successfully

2020-09-21 14:48:23 - [TEST_STEP][PASSED] - Start listener action : sampleBeforeTestCase: null

2020-09-21 14:48:23 - [TEST_STEP][PASSED] - profileName = getExecutionProfile(): null

2020-09-21 14:48:23 - [TEST_STEP][PASSED] - testCaseId = testCaseContext.getTestCaseId(): null

2020-09-21 14:48:23 - [TEST_STEP][PASSED] - switch (profileName): null

2020-09-21 14:48:23 - [TEST_STEP][PASSED] - Default: null

2020-09-21 14:48:23 - [TEST_STEP][PASSED] - return null: null

2020-09-21 14:48:23 - [TEST_STEP][PASSED] - Start listener action : executeRows: null

2020-09-21 14:48:24 - [TEST_STEP][PASSED] - click(findTestObject("Object Repository/FDR-System-Admin/SysAdmin-Dashboard/maintainReferenceDataBtn")): Object: 'Object Repository/FDR-System-Admin/SysAdmin-Dashboard/maintainReferenceDataBtn' is clicked on

2020-09-21 14:48:24 - [MESSAGE][PASSED] - Object: 'Object Repository/FDR-System-Admin/SysAdmin-Dashboard/maintainReferenceDataBtn' is clicked on

2020-09-21 14:48:24 - [TEST_STEP][PASSED] - click(findTestObject("Object Repository/FDR-System-Admin/FDR-ReferencePage/reference-data")): Object: 'Object Repository/FDR-System-Admin/FDR-ReferencePage/reference-data' is clicked on

2020-09-21 14:48:24 - [MESSAGE][PASSED] - Object: 'Object Repository/FDR-System-Admin/FDR-ReferencePage/reference-data' is clicked on

2020-09-21 14:48:24 - [TEST_STEP][PASSED] - setText(findTestObject("Object Repository/FDR-System-Admin/FDR-ReferencePage/referenceDataNameInput"), "Account"): Text 'Account' is set on object 'Object Repository/FDR-System-Admin/FDR-ReferencePage/referenceDataNameInput'

2020-09-21 14:48:25 - [MESSAGE][PASSED] - Text 'Account' is set on object 'Object Repository/FDR-System-Admin/FDR-ReferencePage/referenceDataNameInput'

2020-09-21 14:48:25 - [TEST_STEP][PASSED] - click(findTestObject("Object Repository/FDR-System-Admin/FDR-ReferencePage/accountReference/accountDetail/accountRefClick")): Object: 'Object Repository/FDR-System-Admin/FDR-ReferencePage/accountReference/accountDetail/accountRefClick' is clicked on

2020-09-21 14:48:26 - [MESSAGE][PASSED] - Object: 'Object Repository/FDR-System-Admin/FDR-ReferencePage/accountReference/accountDetail/accountRefClick' is clicked on

2020-09-21 14:48:26 - [TEST_STEP][PASSED] - waitForElementPresent(findTestObject("FDR-System-Admin/FDR-Add-Account/addAccountbtn"), 3): Object 'Object Repository/FDR-System-Admin/FDR-Add-Account/addAccountbtn' is present

2020-09-21 14:48:26 - [MESSAGE][PASSED] - Object 'Object Repository/FDR-System-Admin/FDR-Add-Account/addAccountbtn' is present

2020-09-21 14:48:26 - [TEST_STEP][PASSED] - click(findTestObject("FDR-System-Admin/FDR-Add-Account/addAccountbtn")): Object: 'Object Repository/FDR-System-Admin/FDR-Add-Account/addAccountbtn' is clicked on

2020-09-21 14:48:27 - [MESSAGE][PASSED] - Object: 'Object Repository/FDR-System-Admin/FDR-Add-Account/addAccountbtn' is clicked on

2020-09-21 14:48:27 - [TEST_STEP][PASSED] - waitForElementPresent(findTestObject("FDR-System-Admin/FDR-Add-Account/accountCode"), 3): Object 'Object Repository/FDR-System-Admin/FDR-Add-Account/accountCode' is present

2020-09-21 14:48:27 - [MESSAGE][PASSED] - Object 'Object Repository/FDR-System-Admin/FDR-Add-Account/accountCode' is present

2020-09-21 14:48:27 - [TEST_STEP][PASSED] - accountCode = RandomStringUtils.randomNumeric(7): null

2020-09-21 14:48:27 - [TEST_STEP][PASSED] - setText(findTestObject("FDR-System-Admin/FDR-Add-Account/accountCode"), accountCode): Text '5401104' is set on object 'Object Repository/FDR-System-Admin/FDR-Add-Account/accountCode'

2020-09-21 14:48:28 - [MESSAGE][PASSED] - Text '5401104' is set on object 'Object Repository/FDR-System-Admin/FDR-Add-Account/accountCode'

2020-09-21 14:48:28 - [TEST_STEP][PASSED] - waitForElementPresent(findTestObject("FDR-System-Admin/FDR-Add-Account/accountName"), 3): Object 'Object Repository/FDR-System-Admin/FDR-Add-Account/accountName' is present

2020-09-21 14:48:28 - [MESSAGE][PASSED] - Object 'Object Repository/FDR-System-Admin/FDR-Add-Account/accountName' is present

2020-09-21 14:48:28 - [TEST_STEP][PASSED] - accountName = RandomStringUtils.randomAlphabetic(10): null

2020-09-21 14:48:28 - [TEST_STEP][PASSED] - setText(findTestObject("FDR-System-Admin/FDR-Add-Account/accountName"), accountName): Text 'yofMiKjNsK' is set on object 'Object Repository/FDR-System-Admin/FDR-Add-Account/accountName'

2020-09-21 14:48:29 - [MESSAGE][PASSED] - Text 'yofMiKjNsK' is set on object 'Object Repository/FDR-System-Admin/FDR-Add-Account/accountName'

2020-09-21 14:48:29 - [TEST_STEP][PASSED] - waitForElementPresent(findTestObject("FDR-System-Admin/FDR-Add-Account/addAccountConfirmbtn"), 3): Object 'Object Repository/FDR-System-Admin/FDR-Add-Account/addAccountConfirmbtn' is present

2020-09-21 14:48:29 - [MESSAGE][PASSED] - Object 'Object Repository/FDR-System-Admin/FDR-Add-Account/addAccountConfirmbtn' is present

2020-09-21 14:48:29 - [TEST_STEP][PASSED] - click(findTestObject("FDR-System-Admin/FDR-Add-Account/addAccountConfirmbtn")): Object: 'Object Repository/FDR-System-Admin/FDR-Add-Account/addAccountConfirmbtn' is clicked on

2020-09-21 14:48:30 - [MESSAGE][PASSED] - Object: 'Object Repository/FDR-System-Admin/FDR-Add-Account/addAccountConfirmbtn' is clicked on

2020-09-21 14:48:30 - [TEST_STEP][PASSED] - waitForElementPresent(findTestObject("FDR-System-Admin/FDR-Edit-Account/editAccountEllipsis"), 3): Object 'Object Repository/FDR-System-Admin/FDR-Edit-Account/editAccountEllipsis' is present

2020-09-21 14:48:30 - [MESSAGE][PASSED] - Object 'Object Repository/FDR-System-Admin/FDR-Edit-Account/editAccountEllipsis' is present

2020-09-21 14:48:30 - [TEST_STEP][PASSED] - click(findTestObject("FDR-System-Admin/FDR-Edit-Account/editAccountEllipsis")): Object: 'Object Repository/FDR-System-Admin/FDR-Edit-Account/editAccountEllipsis' is clicked on

2020-09-21 14:48:31 - [MESSAGE][PASSED] - Object: 'Object Repository/FDR-System-Admin/FDR-Edit-Account/editAccountEllipsis' is clicked on

2020-09-21 14:48:31 - [TEST_STEP][PASSED] - waitForElementPresent(findTestObject("FDR-System-Admin/FDR-Edit-Account/editAccountBtn"), 3): Object 'Object Repository/FDR-System-Admin/FDR-Edit-Account/editAccountBtn' is present

2020-09-21 14:48:31 - [MESSAGE][PASSED] - Object 'Object Repository/FDR-System-Admin/FDR-Edit-Account/editAccountBtn' is present

2020-09-21 14:48:31 - [TEST_STEP][PASSED] - click(findTestObject("FDR-System-Admin/FDR-Edit-Account/editAccountBtn")): Object: 'Object Repository/FDR-System-Admin/FDR-Edit-Account/editAccountBtn' is clicked on

2020-09-21 14:48:32 - [MESSAGE][PASSED] - Object: 'Object Repository/FDR-System-Admin/FDR-Edit-Account/editAccountBtn' is clicked on

2020-09-21 14:48:32 - [TEST_STEP][PASSED] - waitForElementPresent(findTestObject("FDR-System-Admin/FDR-Edit-Account/editAccountLabel"), 3): Object 'Object Repository/FDR-System-Admin/FDR-Edit-Account/editAccountLabel' is present

2020-09-21 14:48:32 - [MESSAGE][PASSED] - Object 'Object Repository/FDR-System-Admin/FDR-Edit-Account/editAccountLabel' is present

2020-09-21 14:48:32 - [TEST_STEP][PASSED] - editAccountLabel = getText(findTestObject("FDR-System-Admin/FDR-Edit-Account/editAccountLabel")): Text of object 'Object Repository/FDR-System-Admin/FDR-Edit-Account/editAccountLabel' is: 'Edit Account'

2020-09-21 14:48:32 - [MESSAGE][PASSED] - Text of object 'Object Repository/FDR-System-Admin/FDR-Edit-Account/editAccountLabel' is: 'Edit Account'

2020-09-21 14:48:32 - [TEST_STEP][PASSED] - assert editAccountLabel == "Edit Account": null

2020-09-21 14:48:32 - [TEST_STEP][PASSED] - editAccountCode = RandomStringUtils.randomNumeric(7): null

2020-09-21 14:48:32 - [TEST_STEP][PASSED] - editAccountName = RandomStringUtils.randomAlphabetic(10): null

2020-09-21 14:48:32 - [TEST_STEP][PASSED] - waitForElementPresent(findTestObject("FDR-System-Admin/FDR-Add-Account/accountCode"), 3): Object 'Object Repository/FDR-System-Admin/FDR-Add-Account/accountCode' is present

2020-09-21 14:48:33 - [MESSAGE][PASSED] - Object 'Object Repository/FDR-System-Admin/FDR-Add-Account/accountCode' is present

2020-09-21 14:48:33 - [TEST_STEP][PASSED] - doubleClick(findTestObject("FDR-System-Admin/FDR-Add-Account/accountCode")): Object: 'Object Repository/FDR-System-Admin/FDR-Add-Account/accountCode' is double clicked on

2020-09-21 14:48:33 - [MESSAGE][PASSED] - Object: 'Object Repository/FDR-System-Admin/FDR-Add-Account/accountCode' is double clicked on

2020-09-21 14:48:33 - [TEST_STEP][PASSED] - sendKeys(findTestObject("FDR-System-Admin/FDR-Add-Account/accountCode"), Keys.chord(BACK_SPACE)): Keys 'BACK_SPACE + ' sent to object: 'Object Repository/FDR-System-Admin/FDR-Add-Account/accountCode'

2020-09-21 14:48:33 - [MESSAGE][PASSED] - Keys 'BACK_SPACE + ' sent to object: 'Object Repository/FDR-System-Admin/FDR-Add-Account/accountCode'

2020-09-21 14:48:33 - [TEST_STEP][PASSED] - waitForElementPresent(findTestObject("FDR-System-Admin/FDR-Add-Account/accountCode"), 3): Object 'Object Repository/FDR-System-Admin/FDR-Add-Account/accountCode' is present

2020-09-21 14:48:34 - [MESSAGE][PASSED] - Object 'Object Repository/FDR-System-Admin/FDR-Add-Account/accountCode' is present

2020-09-21 14:48:34 - [TEST_STEP][PASSED] - setText(findTestObject("FDR-System-Admin/FDR-Add-Account/accountCode"), editAccountCode): Text '3930331' is set on object 'Object Repository/FDR-System-Admin/FDR-Add-Account/accountCode'

2020-09-21 14:48:34 - [MESSAGE][PASSED] - Text '3930331' is set on object 'Object Repository/FDR-System-Admin/FDR-Add-Account/accountCode'

2020-09-21 14:48:34 - [TEST_STEP][PASSED] - waitForElementPresent(findTestObject("FDR-System-Admin/FDR-Add-Account/accountName"), 3): Object 'Object Repository/FDR-System-Admin/FDR-Add-Account/accountName' is present

2020-09-21 14:48:35 - [MESSAGE][PASSED] - Object 'Object Repository/FDR-System-Admin/FDR-Add-Account/accountName' is present

2020-09-21 14:48:35 - [TEST_STEP][PASSED] - doubleClick(findTestObject("FDR-System-Admin/FDR-Add-Account/accountName")): Object: 'Object Repository/FDR-System-Admin/FDR-Add-Account/accountName' is double clicked on

2020-09-21 14:48:35 - [MESSAGE][PASSED] - Object: 'Object Repository/FDR-System-Admin/FDR-Add-Account/accountName' is double clicked on

2020-09-21 14:48:35 - [TEST_STEP][PASSED] - sendKeys(findTestObject("FDR-System-Admin/FDR-Add-Account/accountName"), Keys.chord(BACK_SPACE)): Keys 'BACK_SPACE + ' sent to object: 'Object Repository/FDR-System-Admin/FDR-Add-Account/accountName'

2020-09-21 14:48:36 - [MESSAGE][PASSED] - Keys 'BACK_SPACE + ' sent to object: 'Object Repository/FDR-System-Admin/FDR-Add-Account/accountName'

2020-09-21 14:48:36 - [TEST_STEP][PASSED] - waitForElementPresent(findTestObject("FDR-System-Admin/FDR-Add-Account/accountName"), 3): Object 'Object Repository/FDR-System-Admin/FDR-Add-Account/accountName' is present

2020-09-21 14:48:36 - [MESSAGE][PASSED] - Object 'Object Repository/FDR-System-Admin/FDR-Add-Account/accountName' is present

2020-09-21 14:48:36 - [TEST_STEP][PASSED] - setText(findTestObject("FDR-System-Admin/FDR-Add-Account/accountName"), editAccountName): Text 'JbLFHhCJSl' is set on object 'Object Repository/FDR-System-Admin/FDR-Add-Account/accountName'

2020-09-21 14:48:37 - [MESSAGE][PASSED] - Text 'JbLFHhCJSl' is set on object 'Object Repository/FDR-System-Admin/FDR-Add-Account/accountName'

2020-09-21 14:48:37 - [TEST_STEP][PASSED] - waitForElementPresent(findTestObject("FDR-System-Admin/FDR-Edit-Account/editSaveBtn"), 3): Object 'Object Repository/FDR-System-Admin/FDR-Edit-Account/editSaveBtn' is present

2020-09-21 14:48:37 - [MESSAGE][PASSED] - Object 'Object Repository/FDR-System-Admin/FDR-Edit-Account/editSaveBtn' is present

2020-09-21 14:48:37 - [TEST_STEP][PASSED] - click(findTestObject("FDR-System-Admin/FDR-Edit-Account/editSaveBtn")): Object: 'Object Repository/FDR-System-Admin/FDR-Edit-Account/editSaveBtn' is clicked on

2020-09-21 14:48:38 - [MESSAGE][PASSED] - Object: 'Object Repository/FDR-System-Admin/FDR-Edit-Account/editSaveBtn' is clicked on

2020-09-21 14:48:38 - [TEST_STEP][PASSED] - waitForElementPresent(findTestObject("FDR-System-Admin/FDR-ReferencePage/accountReference/accountDetail/accountHeader"), 3): Object 'Object Repository/FDR-System-Admin/FDR-ReferencePage/accountReference/accountDetail/accountHeader' is present

2020-09-21 14:48:38 - [MESSAGE][PASSED] - Object 'Object Repository/FDR-System-Admin/FDR-ReferencePage/accountReference/accountDetail/accountHeader' is present

2020-09-21 14:48:38 - [TEST_STEP][PASSED] - waitForElementPresent(findTestObject("FDR-System-Admin/FDR-Add-Account/backToAccountsPage"), 3): Object 'Object Repository/FDR-System-Admin/FDR-Add-Account/backToAccountsPage' is present

2020-09-21 14:48:39 - [MESSAGE][PASSED] - Object 'Object Repository/FDR-System-Admin/FDR-Add-Account/backToAccountsPage' is present

2020-09-21 14:48:39 - [TEST_STEP][PASSED] - click(findTestObject("FDR-System-Admin/FDR-Add-Account/backToAccountsPage")): Object: 'Object Repository/FDR-System-Admin/FDR-Add-Account/backToAccountsPage' is clicked on

2020-09-21 14:48:39 - [MESSAGE][PASSED] - Object: 'Object Repository/FDR-System-Admin/FDR-Add-Account/backToAccountsPage' is clicked on

2020-09-21 14:48:39 - [TEST_STEP][PASSED] - if (verifyElementPresent(findTestObject("Object Repository/FDR-System-Admin/FDR-ReferencePage/firstRowOfRefData"), 2)): null

2020-09-21 14:48:39 - [MESSAGE][PASSED] - Object 'Object Repository/FDR-System-Admin/FDR-ReferencePage/firstRowOfRefData' is present

2020-09-21 14:48:39 - [TEST_STEP][PASSED] - click(findTestObject("Object Repository/FDR-System-Admin/FDR-ReferencePage/firstRowOfRefData")): Object: 'Object Repository/FDR-System-Admin/FDR-ReferencePage/firstRowOfRefData' is clicked on

2020-09-21 14:48:40 - [MESSAGE][PASSED] - Object: 'Object Repository/FDR-System-Admin/FDR-ReferencePage/firstRowOfRefData' is clicked on

2020-09-21 14:48:40 - [TEST_STEP][PASSED] - waitForElementPresent(findTestObject("FDR-System-Admin/FDR-ReferencePage/accountReference/accountDetail/accountHeader"), 3): Object 'Object Repository/FDR-System-Admin/FDR-ReferencePage/accountReference/accountDetail/accountHeader' is present

2020-09-21 14:48:40 - [MESSAGE][PASSED] - Object 'Object Repository/FDR-System-Admin/FDR-ReferencePage/accountReference/accountDetail/accountHeader' is present

2020-09-21 14:48:40 - [TEST_STEP][PASSED] - label = getText(findTestObject("FDR-System-Admin/FDR-ReferencePage/accountReference/accountDetail/accountCode")): Text of object 'Object Repository/FDR-System-Admin/FDR-ReferencePage/accountReference/accountDetail/accountCode' is: 'ACCOUNT CODE'

2020-09-21 14:48:40 - [MESSAGE][PASSED] - Text of object 'Object Repository/FDR-System-Admin/FDR-ReferencePage/accountReference/accountDetail/accountCode' is: 'ACCOUNT CODE'

2020-09-21 14:48:40 - [TEST_STEP][PASSED] - print(label): null

2020-09-21 14:48:40 - [TEST_STEP][PASSED] - assert label == "ACCOUNT CODE": null

2020-09-21 14:48:40 - [TEST_STEP][PASSED] - Start listener action : sampleAfterTestCase: null

2020-09-21 14:48:40 - [TEST_STEP][PASSED] - profileName = getExecutionProfile(): null

2020-09-21 14:48:40 - [TEST_STEP][PASSED] - switch (profileName): null

2020-09-21 14:48:40 - [TEST_STEP][PASSED] - case "superUser":: null

2020-09-21 14:48:40 - [TEST_STEP][PASSED] - return null: null

2020-09-21 14:48:40 - [TEST_STEP][PASSED] - Start listener action : afterTestCase: Browser is closed

2020-09-21 14:48:40 - [TEST_STEP][PASSED] - profileName = getExecutionProfile(): null

2020-09-21 14:48:40 - [TEST_STEP][PASSED] - if (profileName.equalsIgnoreCase("SysAdmin")): Browser is closed

2020-09-21 14:48:40 - [TEST_STEP][PASSED] - closeBrowser(): Browser is closed

2020-09-21 14:48:41 - [MESSAGE][PASSED] - Browser is closed

2020-09-21 14:48:41 - [TEST_STEP][PASSED] - Start listener action : sampleAfterTestCase: null

2020-09-21 14:48:41 - [TEST_STEP][PASSED] - profileName = getExecutionProfile(): null

2020-09-21 14:48:41 - [TEST_STEP][PASSED] - switch (profileName): null

2020-09-21 14:48:41 - [TEST_STEP][PASSED] - Default: null

2020-09-21 14:48:41 - [TEST_STEP][PASSED] - return null: null

2020-09-21 14:48:41 - [TEST_STEP][PASSED] - Start listener action : addFailedTCToList: null]]></system-out>
         <system-err><![CDATA[]]></system-err>
      </testcase>
      <testcase name="Test Cases/WEB-UI-TESTS/SysAdmin/ReferencePage/ReferenceDetail/FDR-Add-FundCodeDetailReview" time="41.892" classname="Test Cases/WEB-UI-TESTS/SysAdmin/ReferencePage/ReferenceDetail/FDR-Add-FundCodeDetailReview" status="PASSED">
         <system-out><![CDATA[2020-09-21 14:48:41 - [TEST_CASE][PASSED] - Test Cases/WEB-UI-TESTS/SysAdmin/ReferencePage/ReferenceDetail/FDR-Add-FundCodeDetailReview: Test Cases/WEB-UI-TESTS/SysAdmin/ReferencePage/ReferenceDetail/FDR-Add-FundCodeDetailReview

2020-09-21 14:48:41 - [TEST_STEP][PASSED] - Start listener action : sampleBeforeTestCase: null

2020-09-21 14:48:41 - [TEST_STEP][PASSED] - profileName = getExecutionProfile(): null

2020-09-21 14:48:41 - [TEST_STEP][PASSED] - switch (profileName): null

2020-09-21 14:48:41 - [TEST_STEP][PASSED] - case "superUser":: null

2020-09-21 14:48:41 - [TEST_STEP][PASSED] - return null: null

2020-09-21 14:48:41 - [TEST_STEP][PASSED] - Start listener action : beforeTestCase: Call Test Case 'Test Cases/WEB-UI-TESTS/SysAdmin/SystemAdmin-Login' successfully

2020-09-21 14:48:41 - [TEST_STEP][PASSED] - profileName = getExecutionProfile(): null

2020-09-21 14:48:41 - [TEST_STEP][PASSED] - if (profileName.equalsIgnoreCase("SysAdmin")): Call Test Case 'Test Cases/WEB-UI-TESTS/SysAdmin/SystemAdmin-Login' successfully

2020-09-21 14:48:41 - [TEST_STEP][PASSED] - callTestCase(findTestCase("Test Cases/WEB-UI-TESTS/SysAdmin/SystemAdmin-Login"), null): Call Test Case 'Test Cases/WEB-UI-TESTS/SysAdmin/SystemAdmin-Login' successfully

2020-09-21 14:48:41 - [TEST_CASE][PASSED] - Test Cases/WEB-UI-TESTS/SysAdmin/SystemAdmin-Login: Test Cases/WEB-UI-TESTS/SysAdmin/SystemAdmin-Login

2020-09-21 14:48:41 - [TEST_STEP][PASSED] - openBrowser(URL): Browser is opened with url: 'https://fdr-katalon.cammis-mod-dev.dhcs.ca.gov'

2020-09-21 14:48:41 - [MESSAGE][INFO] - Starting 'Chrome' driver

2020-09-21 14:48:41 - [MESSAGE][INFO] - Action delay is set to 0 milliseconds

2020-09-21 14:48:48 - [MESSAGE][PASSED] - Browser is opened with url: 'https://fdr-katalon.cammis-mod-dev.dhcs.ca.gov'

2020-09-21 14:48:48 - [TEST_STEP][PASSED] - maximizeWindow(): Current window maximized

2020-09-21 14:48:50 - [MESSAGE][PASSED] - Current window maximized

2020-09-21 14:48:50 - [TEST_STEP][PASSED] - refresh(): Refresh successfully

2020-09-21 14:48:51 - [MESSAGE][PASSED] - Refresh successfully

2020-09-21 14:48:51 - [TEST_STEP][PASSED] - delay(2): Delayed 2 second(s)

2020-09-21 14:48:53 - [MESSAGE][PASSED] - Delayed 2 second(s)

2020-09-21 14:48:53 - [TEST_STEP][PASSED] - waitForElementPresent(findTestObject("FDR-System-Admin/SysAdmin-SignIn/adminEmail"), 5): Object 'Object Repository/FDR-System-Admin/SysAdmin-SignIn/adminEmail' is present

2020-09-21 14:48:53 - [MESSAGE][PASSED] - Object 'Object Repository/FDR-System-Admin/SysAdmin-SignIn/adminEmail' is present

2020-09-21 14:48:53 - [TEST_STEP][PASSED] - setText(findTestObject("FDR-System-Admin/SysAdmin-SignIn/adminEmail"), adminEmail): Text 'fdr.test10@dhcs.ca.gov
' is set on object 'Object Repository/FDR-System-Admin/SysAdmin-SignIn/adminEmail'

2020-09-21 14:48:54 - [MESSAGE][PASSED] - Text 'fdr.test10@dhcs.ca.gov
' is set on object 'Object Repository/FDR-System-Admin/SysAdmin-SignIn/adminEmail'

2020-09-21 14:48:54 - [TEST_STEP][PASSED] - waitForElementPresent(findTestObject("FDR-System-Admin/SysAdmin-SignIn/adminUserName"), 5): Object 'Object Repository/FDR-System-Admin/SysAdmin-SignIn/adminUserName' is present

2020-09-21 14:48:57 - [MESSAGE][PASSED] - Object 'Object Repository/FDR-System-Admin/SysAdmin-SignIn/adminUserName' is present

2020-09-21 14:48:57 - [TEST_STEP][PASSED] - setText(findTestObject("FDR-System-Admin/SysAdmin-SignIn/adminUserName"), UserName): Text 'fdr.test10@dhcs.ca.gov' is set on object 'Object Repository/FDR-System-Admin/SysAdmin-SignIn/adminUserName'

2020-09-21 14:48:57 - [MESSAGE][PASSED] - Text 'fdr.test10@dhcs.ca.gov' is set on object 'Object Repository/FDR-System-Admin/SysAdmin-SignIn/adminUserName'

2020-09-21 14:48:57 - [TEST_STEP][PASSED] - setText(findTestObject("FDR-System-Admin/SysAdmin-SignIn/adminPass"), Password): Text 'Password18' is set on object 'Object Repository/FDR-System-Admin/SysAdmin-SignIn/adminPass'

2020-09-21 14:48:58 - [MESSAGE][PASSED] - Text 'Password18' is set on object 'Object Repository/FDR-System-Admin/SysAdmin-SignIn/adminPass'

2020-09-21 14:48:58 - [TEST_STEP][PASSED] - click(findTestObject("FDR-System-Admin/SysAdmin-SignIn/adminSignIn")): Object: 'Object Repository/FDR-System-Admin/SysAdmin-SignIn/adminSignIn' is clicked on

2020-09-21 14:48:59 - [MESSAGE][PASSED] - Object: 'Object Repository/FDR-System-Admin/SysAdmin-SignIn/adminSignIn' is clicked on

2020-09-21 14:48:59 - [TEST_STEP][PASSED] - waitForElementPresent(findTestObject("Object Repository/FDR-System-Admin/SysAdmin-Dashboard/maintainReferenceDataBtn"), 3): Object 'Object Repository/FDR-System-Admin/SysAdmin-Dashboard/maintainReferenceDataBtn' is present

2020-09-21 14:49:02 - [MESSAGE][PASSED] - Object 'Object Repository/FDR-System-Admin/SysAdmin-Dashboard/maintainReferenceDataBtn' is present

2020-09-21 14:49:02 - [TEST_STEP][PASSED] - verifyElementPresent(findTestObject("Object Repository/FDR-System-Admin/SysAdmin-Dashboard/maintainReferenceDataBtn"), Timeout): Object 'Object Repository/FDR-System-Admin/SysAdmin-Dashboard/maintainReferenceDataBtn' is present

2020-09-21 14:49:02 - [MESSAGE][PASSED] - Object 'Object Repository/FDR-System-Admin/SysAdmin-Dashboard/maintainReferenceDataBtn' is present

2020-09-21 14:49:02 - [TEST_STEP][PASSED] - refresh(): Refresh successfully

2020-09-21 14:49:02 - [MESSAGE][PASSED] - Refresh successfully

2020-09-21 14:49:02 - [MESSAGE][PASSED] - Call Test Case 'Test Cases/WEB-UI-TESTS/SysAdmin/SystemAdmin-Login' successfully

2020-09-21 14:49:02 - [TEST_STEP][PASSED] - Start listener action : sampleBeforeTestCase: null

2020-09-21 14:49:02 - [TEST_STEP][PASSED] - profileName = getExecutionProfile(): null

2020-09-21 14:49:02 - [TEST_STEP][PASSED] - testCaseId = testCaseContext.getTestCaseId(): null

2020-09-21 14:49:02 - [TEST_STEP][PASSED] - switch (profileName): null

2020-09-21 14:49:02 - [TEST_STEP][PASSED] - Default: null

2020-09-21 14:49:02 - [TEST_STEP][PASSED] - return null: null

2020-09-21 14:49:02 - [TEST_STEP][PASSED] - Start listener action : executeRows: null

2020-09-21 14:49:03 - [TEST_STEP][PASSED] - click(findTestObject("Object Repository/FDR-System-Admin/SysAdmin-Dashboard/maintainReferenceDataBtn")): Object: 'Object Repository/FDR-System-Admin/SysAdmin-Dashboard/maintainReferenceDataBtn' is clicked on

2020-09-21 14:49:03 - [MESSAGE][PASSED] - Object: 'Object Repository/FDR-System-Admin/SysAdmin-Dashboard/maintainReferenceDataBtn' is clicked on

2020-09-21 14:49:03 - [TEST_STEP][PASSED] - click(findTestObject("Object Repository/FDR-System-Admin/FDR-ReferencePage/reference-data")): Object: 'Object Repository/FDR-System-Admin/FDR-ReferencePage/reference-data' is clicked on

2020-09-21 14:49:04 - [MESSAGE][PASSED] - Object: 'Object Repository/FDR-System-Admin/FDR-ReferencePage/reference-data' is clicked on

2020-09-21 14:49:04 - [TEST_STEP][PASSED] - setText(findTestObject("Object Repository/FDR-System-Admin/FDR-ReferencePage/referenceDataNameInput"), "fund Code"): Text 'fund Code' is set on object 'Object Repository/FDR-System-Admin/FDR-ReferencePage/referenceDataNameInput'

2020-09-21 14:49:04 - [MESSAGE][PASSED] - Text 'fund Code' is set on object 'Object Repository/FDR-System-Admin/FDR-ReferencePage/referenceDataNameInput'

2020-09-21 14:49:04 - [TEST_STEP][PASSED] - click(findTestObject("FDR-System-Admin/FDR-ReferencePage/fundCodeReference/fundCodeDetail/fundCode")): Object: 'Object Repository/FDR-System-Admin/FDR-ReferencePage/fundCodeReference/fundCodeDetail/fundCode' is clicked on

2020-09-21 14:49:05 - [MESSAGE][PASSED] - Object: 'Object Repository/FDR-System-Admin/FDR-ReferencePage/fundCodeReference/fundCodeDetail/fundCode' is clicked on

2020-09-21 14:49:05 - [TEST_STEP][PASSED] - waitForElementPresent(findTestObject("Object Repository/FDR-System-Admin/FDR-Add-FundCode/addFundCodeBtn"), 3): Object 'Object Repository/FDR-System-Admin/FDR-Add-FundCode/addFundCodeBtn' is present

2020-09-21 14:49:05 - [MESSAGE][PASSED] - Object 'Object Repository/FDR-System-Admin/FDR-Add-FundCode/addFundCodeBtn' is present

2020-09-21 14:49:05 - [TEST_STEP][PASSED] - click(findTestObject("Object Repository/FDR-System-Admin/FDR-Add-FundCode/addFundCodeBtn")): Object: 'Object Repository/FDR-System-Admin/FDR-Add-FundCode/addFundCodeBtn' is clicked on

2020-09-21 14:49:06 - [MESSAGE][PASSED] - Object: 'Object Repository/FDR-System-Admin/FDR-Add-FundCode/addFundCodeBtn' is clicked on

2020-09-21 14:49:06 - [TEST_STEP][PASSED] - waitForElementPresent(findTestObject("Object Repository/FDR-System-Admin/FDR-Add-FundCode/newFundCodeHeader"), 3): Object 'Object Repository/FDR-System-Admin/FDR-Add-FundCode/newFundCodeHeader' is present

2020-09-21 14:49:06 - [MESSAGE][PASSED] - Object 'Object Repository/FDR-System-Admin/FDR-Add-FundCode/newFundCodeHeader' is present

2020-09-21 14:49:06 - [TEST_STEP][PASSED] - waitForElementPresent(findTestObject("Object Repository/FDR-System-Admin/FDR-Add-FundCode/fundCodeText"), 3): Object 'Object Repository/FDR-System-Admin/FDR-Add-FundCode/fundCodeText' is present

2020-09-21 14:49:07 - [MESSAGE][PASSED] - Object 'Object Repository/FDR-System-Admin/FDR-Add-FundCode/fundCodeText' is present

2020-09-21 14:49:07 - [TEST_STEP][PASSED] - fundCode = RandomStringUtils.randomNumeric(5): null

2020-09-21 14:49:07 - [TEST_STEP][PASSED] - setText(findTestObject("Object Repository/FDR-System-Admin/FDR-Add-FundCode/fundCodeText"), fundCode): Text '58214' is set on object 'Object Repository/FDR-System-Admin/FDR-Add-FundCode/fundCodeText'

2020-09-21 14:49:07 - [MESSAGE][PASSED] - Text '58214' is set on object 'Object Repository/FDR-System-Admin/FDR-Add-FundCode/fundCodeText'

2020-09-21 14:49:07 - [TEST_STEP][PASSED] - waitForElementPresent(findTestObject("Object Repository/FDR-System-Admin/FDR-Add-FundCode/fundCodeNameText"), 3): Object 'Object Repository/FDR-System-Admin/FDR-Add-FundCode/fundCodeNameText' is present

2020-09-21 14:49:08 - [MESSAGE][PASSED] - Object 'Object Repository/FDR-System-Admin/FDR-Add-FundCode/fundCodeNameText' is present

2020-09-21 14:49:08 - [TEST_STEP][PASSED] - fundCodeName = randomAlphabetic(5).toUpperCase(): null

2020-09-21 14:49:08 - [TEST_STEP][PASSED] - setText(findTestObject("Object Repository/FDR-System-Admin/FDR-Add-FundCode/fundCodeNameText"), "Health " + fundCodeName + " Fund"): Text 'Health AFQSI Fund' is set on object 'Object Repository/FDR-System-Admin/FDR-Add-FundCode/fundCodeNameText'

2020-09-21 14:49:08 - [MESSAGE][PASSED] - Text 'Health AFQSI Fund' is set on object 'Object Repository/FDR-System-Admin/FDR-Add-FundCode/fundCodeNameText'

2020-09-21 14:49:08 - [TEST_STEP][PASSED] - waitForElementPresent(findTestObject("Object Repository/FDR-System-Admin/FDR-Add-FundCode/accountDropdown"), 3): Object 'Object Repository/FDR-System-Admin/FDR-Add-FundCode/accountDropdown' is present

2020-09-21 14:49:09 - [MESSAGE][PASSED] - Object 'Object Repository/FDR-System-Admin/FDR-Add-FundCode/accountDropdown' is present

2020-09-21 14:49:09 - [TEST_STEP][PASSED] - setText(findTestObject("Object Repository/FDR-System-Admin/FDR-Add-FundCode/accountDropdown"), "Grants and Subdivisions - Governmental"): Text 'Grants and Subdivisions - Governmental' is set on object 'Object Repository/FDR-System-Admin/FDR-Add-FundCode/accountDropdown'

2020-09-21 14:49:10 - [MESSAGE][PASSED] - Text 'Grants and Subdivisions - Governmental' is set on object 'Object Repository/FDR-System-Admin/FDR-Add-FundCode/accountDropdown'

2020-09-21 14:49:10 - [TEST_STEP][PASSED] - waitForElementPresent(findTestObject("Object Repository/FDR-System-Admin/FDR-Add-FundCode/accountOption"), 3): Object 'Object Repository/FDR-System-Admin/FDR-Add-FundCode/accountOption' is present

2020-09-21 14:49:10 - [MESSAGE][PASSED] - Object 'Object Repository/FDR-System-Admin/FDR-Add-FundCode/accountOption' is present

2020-09-21 14:49:10 - [TEST_STEP][PASSED] - click(findTestObject("Object Repository/FDR-System-Admin/FDR-Add-FundCode/accountOption")): Object: 'Object Repository/FDR-System-Admin/FDR-Add-FundCode/accountOption' is clicked on

2020-09-21 14:49:10 - [MESSAGE][PASSED] - Object: 'Object Repository/FDR-System-Admin/FDR-Add-FundCode/accountOption' is clicked on

2020-09-21 14:49:10 - [TEST_STEP][PASSED] - waitForElementPresent(findTestObject("Object Repository/FDR-System-Admin/FDR-Add-FundCode/reportingStructureText"), 3): Object 'Object Repository/FDR-System-Admin/FDR-Add-FundCode/reportingStructureText' is present

2020-09-21 14:49:11 - [MESSAGE][PASSED] - Object 'Object Repository/FDR-System-Admin/FDR-Add-FundCode/reportingStructureText' is present

2020-09-21 14:49:11 - [TEST_STEP][PASSED] - reportingStructure1 = randomAlphabetic(2).toUpperCase(): null

2020-09-21 14:49:11 - [TEST_STEP][PASSED] - reportingStructure2 = RandomStringUtils.randomNumeric(1): null

2020-09-21 14:49:11 - [TEST_STEP][PASSED] - reportingStructure3 = randomAlphabetic(1).toUpperCase(): null

2020-09-21 14:49:11 - [TEST_STEP][PASSED] - setText(findTestObject("Object Repository/FDR-System-Admin/FDR-Add-FundCode/reportingStructureText"), "4260" + reportingStructure1 + reportingStructure2 + reportingStructure3): Text '4260EE9A' is set on object 'Object Repository/FDR-System-Admin/FDR-Add-FundCode/reportingStructureText'

2020-09-21 14:49:11 - [MESSAGE][PASSED] - Text '4260EE9A' is set on object 'Object Repository/FDR-System-Admin/FDR-Add-FundCode/reportingStructureText'

2020-09-21 14:49:11 - [TEST_STEP][PASSED] - waitForElementPresent(findTestObject("Object Repository/FDR-System-Admin/FDR-Add-FundCode/chapterAdvancesText"), 3): Object 'Object Repository/FDR-System-Admin/FDR-Add-FundCode/chapterAdvancesText' is present

2020-09-21 14:49:12 - [MESSAGE][PASSED] - Object 'Object Repository/FDR-System-Admin/FDR-Add-FundCode/chapterAdvancesText' is present

2020-09-21 14:49:12 - [TEST_STEP][PASSED] - chapterAdvances = randomNumeric(4).toString(): null

2020-09-21 14:49:12 - [TEST_STEP][PASSED] - setText(findTestObject("Object Repository/FDR-System-Admin/FDR-Add-FundCode/chapterAdvancesText"), chapterAdvances): Text '4758' is set on object 'Object Repository/FDR-System-Admin/FDR-Add-FundCode/chapterAdvancesText'

2020-09-21 14:49:12 - [MESSAGE][PASSED] - Text '4758' is set on object 'Object Repository/FDR-System-Admin/FDR-Add-FundCode/chapterAdvancesText'

2020-09-21 14:49:12 - [TEST_STEP][PASSED] - waitForElementPresent(findTestObject("Object Repository/FDR-System-Admin/FDR-Add-FundCode/enactmentYearText"), 3): Object 'Object Repository/FDR-System-Admin/FDR-Add-FundCode/enactmentYearText' is present

2020-09-21 14:49:13 - [MESSAGE][PASSED] - Object 'Object Repository/FDR-System-Admin/FDR-Add-FundCode/enactmentYearText' is present

2020-09-21 14:49:13 - [TEST_STEP][PASSED] - enactmentYear = RandomStringUtils.randomNumeric(2): null

2020-09-21 14:49:13 - [TEST_STEP][PASSED] - setText(findTestObject("Object Repository/FDR-System-Admin/FDR-Add-FundCode/enactmentYearText"), "19" + enactmentYear): Text '1994' is set on object 'Object Repository/FDR-System-Admin/FDR-Add-FundCode/enactmentYearText'

2020-09-21 14:49:13 - [MESSAGE][PASSED] - Text '1994' is set on object 'Object Repository/FDR-System-Admin/FDR-Add-FundCode/enactmentYearText'

2020-09-21 14:49:13 - [TEST_STEP][PASSED] - waitForElementPresent(findTestObject("Object Repository/FDR-System-Admin/FDR-Add-FundCode/confirmAddFundCodeBtn"), 3): Object 'Object Repository/FDR-System-Admin/FDR-Add-FundCode/confirmAddFundCodeBtn' is present

2020-09-21 14:49:14 - [MESSAGE][PASSED] - Object 'Object Repository/FDR-System-Admin/FDR-Add-FundCode/confirmAddFundCodeBtn' is present

2020-09-21 14:49:14 - [TEST_STEP][PASSED] - click(findTestObject("Object Repository/FDR-System-Admin/FDR-Add-FundCode/confirmAddFundCodeBtn")): Object: 'Object Repository/FDR-System-Admin/FDR-Add-FundCode/confirmAddFundCodeBtn' is clicked on

2020-09-21 14:49:14 - [MESSAGE][PASSED] - Object: 'Object Repository/FDR-System-Admin/FDR-Add-FundCode/confirmAddFundCodeBtn' is clicked on

2020-09-21 14:49:14 - [TEST_STEP][PASSED] - waitForElementPresent(findTestObject("FDR-System-Admin/FDR-ReferencePage/fundCodeReference/fundCodeDetail/fundCodeHeader"), 3): Object 'Object Repository/FDR-System-Admin/FDR-ReferencePage/fundCodeReference/fundCodeDetail/fundCodeHeader' is present

2020-09-21 14:49:15 - [MESSAGE][PASSED] - Object 'Object Repository/FDR-System-Admin/FDR-ReferencePage/fundCodeReference/fundCodeDetail/fundCodeHeader' is present

2020-09-21 14:49:15 - [TEST_STEP][PASSED] - waitForElementPresent(findTestObject("Object Repository/FDR-System-Admin/FDR-Edit-FundCode/fundCodeElipsisBtn"), 3): Object 'Object Repository/FDR-System-Admin/FDR-Edit-FundCode/fundCodeElipsisBtn' is present

2020-09-21 14:49:15 - [MESSAGE][PASSED] - Object 'Object Repository/FDR-System-Admin/FDR-Edit-FundCode/fundCodeElipsisBtn' is present

2020-09-21 14:49:15 - [TEST_STEP][PASSED] - click(findTestObject("Object Repository/FDR-System-Admin/FDR-Edit-FundCode/fundCodeElipsisBtn")): Object: 'Object Repository/FDR-System-Admin/FDR-Edit-FundCode/fundCodeElipsisBtn' is clicked on

2020-09-21 14:49:15 - [MESSAGE][PASSED] - Object: 'Object Repository/FDR-System-Admin/FDR-Edit-FundCode/fundCodeElipsisBtn' is clicked on

2020-09-21 14:49:15 - [TEST_STEP][PASSED] - waitForElementPresent(findTestObject("Object Repository/FDR-System-Admin/FDR-Edit-FundCode/fundCodeEditBtn"), 3): Object 'Object Repository/FDR-System-Admin/FDR-Edit-FundCode/fundCodeEditBtn' is present

2020-09-21 14:49:16 - [MESSAGE][PASSED] - Object 'Object Repository/FDR-System-Admin/FDR-Edit-FundCode/fundCodeEditBtn' is present

2020-09-21 14:49:16 - [TEST_STEP][PASSED] - click(findTestObject("Object Repository/FDR-System-Admin/FDR-Edit-FundCode/fundCodeEditBtn")): Object: 'Object Repository/FDR-System-Admin/FDR-Edit-FundCode/fundCodeEditBtn' is clicked on

2020-09-21 14:49:17 - [MESSAGE][PASSED] - Object: 'Object Repository/FDR-System-Admin/FDR-Edit-FundCode/fundCodeEditBtn' is clicked on

2020-09-21 14:49:17 - [TEST_STEP][PASSED] - waitForElementPresent(findTestObject("Object Repository/FDR-System-Admin/FDR-Add-FundCode/fundCodeNameText"), 3): Object 'Object Repository/FDR-System-Admin/FDR-Add-FundCode/fundCodeNameText' is present

2020-09-21 14:49:17 - [MESSAGE][PASSED] - Object 'Object Repository/FDR-System-Admin/FDR-Add-FundCode/fundCodeNameText' is present

2020-09-21 14:49:17 - [TEST_STEP][PASSED] - doubleClick(findTestObject("Object Repository/FDR-System-Admin/FDR-Add-FundCode/fundCodeNameText")): Object: 'Object Repository/FDR-System-Admin/FDR-Add-FundCode/fundCodeNameText' is double clicked on

2020-09-21 14:49:17 - [MESSAGE][PASSED] - Object: 'Object Repository/FDR-System-Admin/FDR-Add-FundCode/fundCodeNameText' is double clicked on

2020-09-21 14:49:17 - [TEST_STEP][PASSED] - sendKeys(findTestObject("Object Repository/FDR-System-Admin/FDR-Add-FundCode/fundCodeNameText"), Keys.chord(BACK_SPACE)): Keys 'BACK_SPACE + ' sent to object: 'Object Repository/FDR-System-Admin/FDR-Add-FundCode/fundCodeNameText'

2020-09-21 14:49:18 - [MESSAGE][PASSED] - Keys 'BACK_SPACE + ' sent to object: 'Object Repository/FDR-System-Admin/FDR-Add-FundCode/fundCodeNameText'

2020-09-21 14:49:18 - [TEST_STEP][PASSED] - editFundCodeName = randomAlphabetic(5).toUpperCase(): null

2020-09-21 14:49:18 - [TEST_STEP][PASSED] - setText(findTestObject("Object Repository/FDR-System-Admin/FDR-Add-FundCode/fundCodeNameText"), "Health " + editFundCodeName + " Fund"): Text 'Health YQACO Fund' is set on object 'Object Repository/FDR-System-Admin/FDR-Add-FundCode/fundCodeNameText'

2020-09-21 14:49:19 - [MESSAGE][PASSED] - Text 'Health YQACO Fund' is set on object 'Object Repository/FDR-System-Admin/FDR-Add-FundCode/fundCodeNameText'

2020-09-21 14:49:19 - [TEST_STEP][PASSED] - waitForElementPresent(findTestObject("Object Repository/FDR-System-Admin/FDR-Edit-FundCode/fundCodeSaveBtn"), 3): Object 'Object Repository/FDR-System-Admin/FDR-Edit-FundCode/fundCodeSaveBtn' is present

2020-09-21 14:49:19 - [MESSAGE][PASSED] - Object 'Object Repository/FDR-System-Admin/FDR-Edit-FundCode/fundCodeSaveBtn' is present

2020-09-21 14:49:19 - [TEST_STEP][PASSED] - click(findTestObject("Object Repository/FDR-System-Admin/FDR-Edit-FundCode/fundCodeSaveBtn")): Object: 'Object Repository/FDR-System-Admin/FDR-Edit-FundCode/fundCodeSaveBtn' is clicked on

2020-09-21 14:49:20 - [MESSAGE][PASSED] - Object: 'Object Repository/FDR-System-Admin/FDR-Edit-FundCode/fundCodeSaveBtn' is clicked on

2020-09-21 14:49:20 - [TEST_STEP][PASSED] - waitForElementPresent(findTestObject("FDR-System-Admin/FDR-ReferencePage/fundCodeReference/fundCodeDetail/fundCodeHeader"), 3): Object 'Object Repository/FDR-System-Admin/FDR-ReferencePage/fundCodeReference/fundCodeDetail/fundCodeHeader' is present

2020-09-21 14:49:20 - [MESSAGE][PASSED] - Object 'Object Repository/FDR-System-Admin/FDR-ReferencePage/fundCodeReference/fundCodeDetail/fundCodeHeader' is present

2020-09-21 14:49:20 - [TEST_STEP][PASSED] - waitForElementPresent(findTestObject("Object Repository/FDR-System-Admin/FDR-Add-FundCode/backToFundCode"), 3): Object 'Object Repository/FDR-System-Admin/FDR-Add-FundCode/backToFundCode' is present

2020-09-21 14:49:20 - [MESSAGE][PASSED] - Object 'Object Repository/FDR-System-Admin/FDR-Add-FundCode/backToFundCode' is present

2020-09-21 14:49:20 - [TEST_STEP][PASSED] - click(findTestObject("Object Repository/FDR-System-Admin/FDR-Add-FundCode/backToFundCode")): Object: 'Object Repository/FDR-System-Admin/FDR-Add-FundCode/backToFundCode' is clicked on

2020-09-21 14:49:21 - [MESSAGE][PASSED] - Object: 'Object Repository/FDR-System-Admin/FDR-Add-FundCode/backToFundCode' is clicked on

2020-09-21 14:49:21 - [TEST_STEP][PASSED] - if (verifyElementPresent(findTestObject("FDR-System-Admin/FDR-ReferencePage/firstRowOfRefData"), 2)): null

2020-09-21 14:49:21 - [MESSAGE][PASSED] - Object 'Object Repository/FDR-System-Admin/FDR-ReferencePage/firstRowOfRefData' is present

2020-09-21 14:49:21 - [TEST_STEP][PASSED] - click(findTestObject("FDR-System-Admin/FDR-ReferencePage/firstRowOfRefData")): Object: 'Object Repository/FDR-System-Admin/FDR-ReferencePage/firstRowOfRefData' is clicked on

2020-09-21 14:49:22 - [MESSAGE][PASSED] - Object: 'Object Repository/FDR-System-Admin/FDR-ReferencePage/firstRowOfRefData' is clicked on

2020-09-21 14:49:22 - [TEST_STEP][PASSED] - waitForElementPresent(findTestObject("FDR-System-Admin/FDR-ReferencePage/fundCodeReference/fundCodeDetail/fundCodeHeader"), 3): Object 'Object Repository/FDR-System-Admin/FDR-ReferencePage/fundCodeReference/fundCodeDetail/fundCodeHeader' is present

2020-09-21 14:49:22 - [MESSAGE][PASSED] - Object 'Object Repository/FDR-System-Admin/FDR-ReferencePage/fundCodeReference/fundCodeDetail/fundCodeHeader' is present

2020-09-21 14:49:22 - [TEST_STEP][PASSED] - label = getText(findTestObject("FDR-System-Admin/FDR-ReferencePage/fundCodeReference/fundCodeDetail/fundCodeName")): Text of object 'Object Repository/FDR-System-Admin/FDR-ReferencePage/fundCodeReference/fundCodeDetail/fundCodeName' is: 'CODE'

2020-09-21 14:49:22 - [MESSAGE][PASSED] - Text of object 'Object Repository/FDR-System-Admin/FDR-ReferencePage/fundCodeReference/fundCodeDetail/fundCodeName' is: 'CODE'

2020-09-21 14:49:22 - [TEST_STEP][PASSED] - assert label == "CODE": null

2020-09-21 14:49:22 - [TEST_STEP][PASSED] - Start listener action : sampleAfterTestCase: null

2020-09-21 14:49:22 - [TEST_STEP][PASSED] - profileName = getExecutionProfile(): null

2020-09-21 14:49:22 - [TEST_STEP][PASSED] - switch (profileName): null

2020-09-21 14:49:22 - [TEST_STEP][PASSED] - case "superUser":: null

2020-09-21 14:49:22 - [TEST_STEP][PASSED] - return null: null

2020-09-21 14:49:22 - [TEST_STEP][PASSED] - Start listener action : afterTestCase: Browser is closed

2020-09-21 14:49:22 - [TEST_STEP][PASSED] - profileName = getExecutionProfile(): null

2020-09-21 14:49:22 - [TEST_STEP][PASSED] - if (profileName.equalsIgnoreCase("SysAdmin")): Browser is closed

2020-09-21 14:49:22 - [TEST_STEP][PASSED] - closeBrowser(): Browser is closed

2020-09-21 14:49:23 - [MESSAGE][PASSED] - Browser is closed

2020-09-21 14:49:23 - [TEST_STEP][PASSED] - Start listener action : sampleAfterTestCase: null

2020-09-21 14:49:23 - [TEST_STEP][PASSED] - profileName = getExecutionProfile(): null

2020-09-21 14:49:23 - [TEST_STEP][PASSED] - switch (profileName): null

2020-09-21 14:49:23 - [TEST_STEP][PASSED] - Default: null

2020-09-21 14:49:23 - [TEST_STEP][PASSED] - return null: null

2020-09-21 14:49:23 - [TEST_STEP][PASSED] - Start listener action : addFailedTCToList: null]]></system-out>
         <system-err><![CDATA[]]></system-err>
      </testcase>
      <testcase name="Test Cases/WEB-UI-TESTS/SysAdmin/ReferencePage/ReferenceDetail/FDR-Add-InvoiceTypeDetailReview" time="27.485" classname="Test Cases/WEB-UI-TESTS/SysAdmin/ReferencePage/ReferenceDetail/FDR-Add-InvoiceTypeDetailReview" status="PASSED">
         <system-out><![CDATA[2020-09-21 14:49:23 - [TEST_CASE][PASSED] - Test Cases/WEB-UI-TESTS/SysAdmin/ReferencePage/ReferenceDetail/FDR-Add-InvoiceTypeDetailReview: Test Cases/WEB-UI-TESTS/SysAdmin/ReferencePage/ReferenceDetail/FDR-Add-InvoiceTypeDetailReview

2020-09-21 14:49:23 - [TEST_STEP][PASSED] - Start listener action : sampleBeforeTestCase: null

2020-09-21 14:49:23 - [TEST_STEP][PASSED] - profileName = getExecutionProfile(): null

2020-09-21 14:49:23 - [TEST_STEP][PASSED] - switch (profileName): null

2020-09-21 14:49:23 - [TEST_STEP][PASSED] - case "superUser":: null

2020-09-21 14:49:23 - [TEST_STEP][PASSED] - return null: null

2020-09-21 14:49:23 - [TEST_STEP][PASSED] - Start listener action : beforeTestCase: Call Test Case 'Test Cases/WEB-UI-TESTS/SysAdmin/SystemAdmin-Login' successfully

2020-09-21 14:49:23 - [TEST_STEP][PASSED] - profileName = getExecutionProfile(): null

2020-09-21 14:49:23 - [TEST_STEP][PASSED] - if (profileName.equalsIgnoreCase("SysAdmin")): Call Test Case 'Test Cases/WEB-UI-TESTS/SysAdmin/SystemAdmin-Login' successfully

2020-09-21 14:49:23 - [TEST_STEP][PASSED] - callTestCase(findTestCase("Test Cases/WEB-UI-TESTS/SysAdmin/SystemAdmin-Login"), null): Call Test Case 'Test Cases/WEB-UI-TESTS/SysAdmin/SystemAdmin-Login' successfully

2020-09-21 14:49:23 - [TEST_CASE][PASSED] - Test Cases/WEB-UI-TESTS/SysAdmin/SystemAdmin-Login: Test Cases/WEB-UI-TESTS/SysAdmin/SystemAdmin-Login

2020-09-21 14:49:23 - [TEST_STEP][PASSED] - openBrowser(URL): Browser is opened with url: 'https://fdr-katalon.cammis-mod-dev.dhcs.ca.gov'

2020-09-21 14:49:23 - [MESSAGE][INFO] - Starting 'Chrome' driver

2020-09-21 14:49:23 - [MESSAGE][INFO] - Action delay is set to 0 milliseconds

2020-09-21 14:49:27 - [MESSAGE][PASSED] - Browser is opened with url: 'https://fdr-katalon.cammis-mod-dev.dhcs.ca.gov'

2020-09-21 14:49:27 - [TEST_STEP][PASSED] - maximizeWindow(): Current window maximized

2020-09-21 14:49:29 - [MESSAGE][PASSED] - Current window maximized

2020-09-21 14:49:29 - [TEST_STEP][PASSED] - refresh(): Refresh successfully

2020-09-21 14:49:29 - [MESSAGE][PASSED] - Refresh successfully

2020-09-21 14:49:29 - [TEST_STEP][PASSED] - delay(2): Delayed 2 second(s)

2020-09-21 14:49:31 - [MESSAGE][PASSED] - Delayed 2 second(s)

2020-09-21 14:49:31 - [TEST_STEP][PASSED] - waitForElementPresent(findTestObject("FDR-System-Admin/SysAdmin-SignIn/adminEmail"), 5): Object 'Object Repository/FDR-System-Admin/SysAdmin-SignIn/adminEmail' is present

2020-09-21 14:49:32 - [MESSAGE][PASSED] - Object 'Object Repository/FDR-System-Admin/SysAdmin-SignIn/adminEmail' is present

2020-09-21 14:49:32 - [TEST_STEP][PASSED] - setText(findTestObject("FDR-System-Admin/SysAdmin-SignIn/adminEmail"), adminEmail): Text 'fdr.test10@dhcs.ca.gov
' is set on object 'Object Repository/FDR-System-Admin/SysAdmin-SignIn/adminEmail'

2020-09-21 14:49:32 - [MESSAGE][PASSED] - Text 'fdr.test10@dhcs.ca.gov
' is set on object 'Object Repository/FDR-System-Admin/SysAdmin-SignIn/adminEmail'

2020-09-21 14:49:32 - [TEST_STEP][PASSED] - waitForElementPresent(findTestObject("FDR-System-Admin/SysAdmin-SignIn/adminUserName"), 5): Object 'Object Repository/FDR-System-Admin/SysAdmin-SignIn/adminUserName' is present

2020-09-21 14:49:36 - [MESSAGE][PASSED] - Object 'Object Repository/FDR-System-Admin/SysAdmin-SignIn/adminUserName' is present

2020-09-21 14:49:36 - [TEST_STEP][PASSED] - setText(findTestObject("FDR-System-Admin/SysAdmin-SignIn/adminUserName"), UserName): Text 'fdr.test10@dhcs.ca.gov' is set on object 'Object Repository/FDR-System-Admin/SysAdmin-SignIn/adminUserName'

2020-09-21 14:49:36 - [MESSAGE][PASSED] - Text 'fdr.test10@dhcs.ca.gov' is set on object 'Object Repository/FDR-System-Admin/SysAdmin-SignIn/adminUserName'

2020-09-21 14:49:36 - [TEST_STEP][PASSED] - setText(findTestObject("FDR-System-Admin/SysAdmin-SignIn/adminPass"), Password): Text 'Password18' is set on object 'Object Repository/FDR-System-Admin/SysAdmin-SignIn/adminPass'

2020-09-21 14:49:37 - [MESSAGE][PASSED] - Text 'Password18' is set on object 'Object Repository/FDR-System-Admin/SysAdmin-SignIn/adminPass'

2020-09-21 14:49:37 - [TEST_STEP][PASSED] - click(findTestObject("FDR-System-Admin/SysAdmin-SignIn/adminSignIn")): Object: 'Object Repository/FDR-System-Admin/SysAdmin-SignIn/adminSignIn' is clicked on

2020-09-21 14:49:38 - [MESSAGE][PASSED] - Object: 'Object Repository/FDR-System-Admin/SysAdmin-SignIn/adminSignIn' is clicked on

2020-09-21 14:49:38 - [TEST_STEP][PASSED] - waitForElementPresent(findTestObject("Object Repository/FDR-System-Admin/SysAdmin-Dashboard/maintainReferenceDataBtn"), 3): Object 'Object Repository/FDR-System-Admin/SysAdmin-Dashboard/maintainReferenceDataBtn' is present

2020-09-21 14:49:40 - [MESSAGE][PASSED] - Object 'Object Repository/FDR-System-Admin/SysAdmin-Dashboard/maintainReferenceDataBtn' is present

2020-09-21 14:49:40 - [TEST_STEP][PASSED] - verifyElementPresent(findTestObject("Object Repository/FDR-System-Admin/SysAdmin-Dashboard/maintainReferenceDataBtn"), Timeout): Object 'Object Repository/FDR-System-Admin/SysAdmin-Dashboard/maintainReferenceDataBtn' is present

2020-09-21 14:49:40 - [MESSAGE][PASSED] - Object 'Object Repository/FDR-System-Admin/SysAdmin-Dashboard/maintainReferenceDataBtn' is present

2020-09-21 14:49:40 - [TEST_STEP][PASSED] - refresh(): Refresh successfully

2020-09-21 14:49:41 - [MESSAGE][PASSED] - Refresh successfully

2020-09-21 14:49:41 - [MESSAGE][PASSED] - Call Test Case 'Test Cases/WEB-UI-TESTS/SysAdmin/SystemAdmin-Login' successfully

2020-09-21 14:49:41 - [TEST_STEP][PASSED] - Start listener action : sampleBeforeTestCase: null

2020-09-21 14:49:41 - [TEST_STEP][PASSED] - profileName = getExecutionProfile(): null

2020-09-21 14:49:41 - [TEST_STEP][PASSED] - testCaseId = testCaseContext.getTestCaseId(): null

2020-09-21 14:49:41 - [TEST_STEP][PASSED] - switch (profileName): null

2020-09-21 14:49:41 - [TEST_STEP][PASSED] - Default: null

2020-09-21 14:49:41 - [TEST_STEP][PASSED] - return null: null

2020-09-21 14:49:41 - [TEST_STEP][PASSED] - Start listener action : executeRows: null

2020-09-21 14:49:41 - [TEST_STEP][PASSED] - click(findTestObject("Object Repository/FDR-System-Admin/SysAdmin-Dashboard/maintainReferenceDataBtn")): Object: 'Object Repository/FDR-System-Admin/SysAdmin-Dashboard/maintainReferenceDataBtn' is clicked on

2020-09-21 14:49:41 - [MESSAGE][PASSED] - Object: 'Object Repository/FDR-System-Admin/SysAdmin-Dashboard/maintainReferenceDataBtn' is clicked on

2020-09-21 14:49:41 - [TEST_STEP][PASSED] - click(findTestObject("FDR-System-Admin/FDR-ReferencePage/reference-data")): Object: 'Object Repository/FDR-System-Admin/FDR-ReferencePage/reference-data' is clicked on

2020-09-21 14:49:42 - [MESSAGE][PASSED] - Object: 'Object Repository/FDR-System-Admin/FDR-ReferencePage/reference-data' is clicked on

2020-09-21 14:49:42 - [TEST_STEP][PASSED] - setText(findTestObject("FDR-System-Admin/FDR-ReferencePage/referenceDataNameInput"), "invoice type"): Text 'invoice type' is set on object 'Object Repository/FDR-System-Admin/FDR-ReferencePage/referenceDataNameInput'

2020-09-21 14:49:43 - [MESSAGE][PASSED] - Text 'invoice type' is set on object 'Object Repository/FDR-System-Admin/FDR-ReferencePage/referenceDataNameInput'

2020-09-21 14:49:43 - [TEST_STEP][PASSED] - click(findTestObject("FDR-System-Admin/FDR-ReferencePage/invoiceTypeReference/invoiceTypeDetail/invoiceType")): Object: 'Object Repository/FDR-System-Admin/FDR-ReferencePage/invoiceTypeReference/invoiceTypeDetail/invoiceType' is clicked on

2020-09-21 14:49:43 - [MESSAGE][PASSED] - Object: 'Object Repository/FDR-System-Admin/FDR-ReferencePage/invoiceTypeReference/invoiceTypeDetail/invoiceType' is clicked on

2020-09-21 14:49:43 - [TEST_STEP][PASSED] - waitForElementPresent(findTestObject("FDR-System-Admin/FDR-Add-InvoiceType/addInvoiceTypeBtn"), 3): Object 'Object Repository/FDR-System-Admin/FDR-Add-InvoiceType/addInvoiceTypeBtn' is present

2020-09-21 14:49:44 - [MESSAGE][PASSED] - Object 'Object Repository/FDR-System-Admin/FDR-Add-InvoiceType/addInvoiceTypeBtn' is present

2020-09-21 14:49:44 - [TEST_STEP][PASSED] - click(findTestObject("FDR-System-Admin/FDR-Add-InvoiceType/addInvoiceTypeBtn")): Object: 'Object Repository/FDR-System-Admin/FDR-Add-InvoiceType/addInvoiceTypeBtn' is clicked on

2020-09-21 14:49:44 - [MESSAGE][PASSED] - Object: 'Object Repository/FDR-System-Admin/FDR-Add-InvoiceType/addInvoiceTypeBtn' is clicked on

2020-09-21 14:49:44 - [TEST_STEP][PASSED] - invoiceCode = RandomStringUtils.randomAlphanumeric(10): null

2020-09-21 14:49:44 - [TEST_STEP][PASSED] - invoiceName = RandomStringUtils.randomAlphanumeric(10): null

2020-09-21 14:49:44 - [TEST_STEP][PASSED] - waitForElementPresent(findTestObject("FDR-System-Admin/FDR-Add-InvoiceType/invoiceCode"), 3): Object 'Object Repository/FDR-System-Admin/FDR-Add-InvoiceType/invoiceCode' is present

2020-09-21 14:49:44 - [MESSAGE][PASSED] - Object 'Object Repository/FDR-System-Admin/FDR-Add-InvoiceType/invoiceCode' is present

2020-09-21 14:49:44 - [TEST_STEP][PASSED] - setText(findTestObject("FDR-System-Admin/FDR-Add-InvoiceType/invoiceCode"), invoiceCode): Text 'J6NFpf5qT6' is set on object 'Object Repository/FDR-System-Admin/FDR-Add-InvoiceType/invoiceCode'

2020-09-21 14:49:45 - [MESSAGE][PASSED] - Text 'J6NFpf5qT6' is set on object 'Object Repository/FDR-System-Admin/FDR-Add-InvoiceType/invoiceCode'

2020-09-21 14:49:45 - [TEST_STEP][PASSED] - waitForElementPresent(findTestObject("FDR-System-Admin/FDR-Add-InvoiceType/invoiceName"), 3): Object 'Object Repository/FDR-System-Admin/FDR-Add-InvoiceType/invoiceName' is present

2020-09-21 14:49:46 - [MESSAGE][PASSED] - Object 'Object Repository/FDR-System-Admin/FDR-Add-InvoiceType/invoiceName' is present

2020-09-21 14:49:46 - [TEST_STEP][PASSED] - setText(findTestObject("FDR-System-Admin/FDR-Add-InvoiceType/invoiceName"), invoiceName): Text 'ObKm5Vv6cL' is set on object 'Object Repository/FDR-System-Admin/FDR-Add-InvoiceType/invoiceName'

2020-09-21 14:49:46 - [MESSAGE][PASSED] - Text 'ObKm5Vv6cL' is set on object 'Object Repository/FDR-System-Admin/FDR-Add-InvoiceType/invoiceName'

2020-09-21 14:49:46 - [TEST_STEP][PASSED] - waitForElementPresent(findTestObject("FDR-System-Admin/FDR-Add-InvoiceType/confirmInvoiceTypeBtn"), 3): Object 'Object Repository/FDR-System-Admin/FDR-Add-InvoiceType/confirmInvoiceTypeBtn' is present

2020-09-21 14:49:47 - [MESSAGE][PASSED] - Object 'Object Repository/FDR-System-Admin/FDR-Add-InvoiceType/confirmInvoiceTypeBtn' is present

2020-09-21 14:49:47 - [TEST_STEP][PASSED] - click(findTestObject("FDR-System-Admin/FDR-Add-InvoiceType/confirmInvoiceTypeBtn")): Object: 'Object Repository/FDR-System-Admin/FDR-Add-InvoiceType/confirmInvoiceTypeBtn' is clicked on

2020-09-21 14:49:47 - [MESSAGE][PASSED] - Object: 'Object Repository/FDR-System-Admin/FDR-Add-InvoiceType/confirmInvoiceTypeBtn' is clicked on

2020-09-21 14:49:47 - [TEST_STEP][PASSED] - waitForElementPresent(findTestObject("FDR-System-Admin/FDR-Add-InvoiceType/invoiceTypeHeader"), 3): Object 'Object Repository/FDR-System-Admin/FDR-Add-InvoiceType/invoiceTypeHeader' is present

2020-09-21 14:49:48 - [MESSAGE][PASSED] - Object 'Object Repository/FDR-System-Admin/FDR-Add-InvoiceType/invoiceTypeHeader' is present

2020-09-21 14:49:48 - [TEST_STEP][PASSED] - waitForElementPresent(findTestObject("FDR-System-Admin/FDR-Add-InvoiceType/backToInvoiceTypes"), 3): Object 'Object Repository/FDR-System-Admin/FDR-Add-InvoiceType/backToInvoiceTypes' is present

2020-09-21 14:49:48 - [MESSAGE][PASSED] - Object 'Object Repository/FDR-System-Admin/FDR-Add-InvoiceType/backToInvoiceTypes' is present

2020-09-21 14:49:48 - [TEST_STEP][PASSED] - click(findTestObject("FDR-System-Admin/FDR-Add-InvoiceType/backToInvoiceTypes")): Object: 'Object Repository/FDR-System-Admin/FDR-Add-InvoiceType/backToInvoiceTypes' is clicked on

2020-09-21 14:49:48 - [MESSAGE][PASSED] - Object: 'Object Repository/FDR-System-Admin/FDR-Add-InvoiceType/backToInvoiceTypes' is clicked on

2020-09-21 14:49:48 - [TEST_STEP][PASSED] - if (verifyElementPresent(findTestObject("FDR-System-Admin/FDR-ReferencePage/firstRowOfRefData"), 2)): null

2020-09-21 14:49:49 - [MESSAGE][PASSED] - Object 'Object Repository/FDR-System-Admin/FDR-ReferencePage/firstRowOfRefData' is present

2020-09-21 14:49:49 - [TEST_STEP][PASSED] - click(findTestObject("FDR-System-Admin/FDR-ReferencePage/firstRowOfRefData")): Object: 'Object Repository/FDR-System-Admin/FDR-ReferencePage/firstRowOfRefData' is clicked on

2020-09-21 14:49:49 - [MESSAGE][PASSED] - Object: 'Object Repository/FDR-System-Admin/FDR-ReferencePage/firstRowOfRefData' is clicked on

2020-09-21 14:49:49 - [TEST_STEP][PASSED] - waitForElementPresent(findTestObject("FDR-System-Admin/FDR-Add-InvoiceType/invoiceTypeHeader"), 3): Object 'Object Repository/FDR-System-Admin/FDR-Add-InvoiceType/invoiceTypeHeader' is present

2020-09-21 14:49:50 - [MESSAGE][PASSED] - Object 'Object Repository/FDR-System-Admin/FDR-Add-InvoiceType/invoiceTypeHeader' is present

2020-09-21 14:49:50 - [TEST_STEP][PASSED] - label = getText(findTestObject("FDR-System-Admin/FDR-ReferencePage/invoiceTypeReference/invoiceTypeDetail/invoiceName")): Text of object 'Object Repository/FDR-System-Admin/FDR-ReferencePage/invoiceTypeReference/invoiceTypeDetail/invoiceName' is: 'INVOICE NAME'

2020-09-21 14:49:50 - [MESSAGE][PASSED] - Text of object 'Object Repository/FDR-System-Admin/FDR-ReferencePage/invoiceTypeReference/invoiceTypeDetail/invoiceName' is: 'INVOICE NAME'

2020-09-21 14:49:50 - [TEST_STEP][PASSED] - assert label == "INVOICE NAME": null

2020-09-21 14:49:50 - [TEST_STEP][PASSED] - Start listener action : sampleAfterTestCase: null

2020-09-21 14:49:50 - [TEST_STEP][PASSED] - profileName = getExecutionProfile(): null

2020-09-21 14:49:50 - [TEST_STEP][PASSED] - switch (profileName): null

2020-09-21 14:49:50 - [TEST_STEP][PASSED] - case "superUser":: null

2020-09-21 14:49:50 - [TEST_STEP][PASSED] - return null: null

2020-09-21 14:49:50 - [TEST_STEP][PASSED] - Start listener action : afterTestCase: Browser is closed

2020-09-21 14:49:50 - [TEST_STEP][PASSED] - profileName = getExecutionProfile(): null

2020-09-21 14:49:50 - [TEST_STEP][PASSED] - if (profileName.equalsIgnoreCase("SysAdmin")): Browser is closed

2020-09-21 14:49:50 - [TEST_STEP][PASSED] - closeBrowser(): Browser is closed

2020-09-21 14:49:50 - [MESSAGE][PASSED] - Browser is closed

2020-09-21 14:49:50 - [TEST_STEP][PASSED] - Start listener action : sampleAfterTestCase: null

2020-09-21 14:49:50 - [TEST_STEP][PASSED] - profileName = getExecutionProfile(): null

2020-09-21 14:49:50 - [TEST_STEP][PASSED] - switch (profileName): null

2020-09-21 14:49:50 - [TEST_STEP][PASSED] - Default: null

2020-09-21 14:49:50 - [TEST_STEP][PASSED] - return null: null

2020-09-21 14:49:50 - [TEST_STEP][PASSED] - Start listener action : addFailedTCToList: null]]></system-out>
         <system-err><![CDATA[]]></system-err>
      </testcase>
      <testcase name="Test Cases/WEB-UI-TESTS/SysAdmin/ReferencePage/ReferenceDetail/FDR-Add-ContractDetailReview" time="34.933" classname="Test Cases/WEB-UI-TESTS/SysAdmin/ReferencePage/ReferenceDetail/FDR-Add-ContractDetailReview" status="PASSED">
         <system-out><![CDATA[2020-09-21 14:49:50 - [TEST_CASE][PASSED] - Test Cases/WEB-UI-TESTS/SysAdmin/ReferencePage/ReferenceDetail/FDR-Add-ContractDetailReview: Test Cases/WEB-UI-TESTS/SysAdmin/ReferencePage/ReferenceDetail/FDR-Add-ContractDetailReview

2020-09-21 14:49:50 - [TEST_STEP][PASSED] - Start listener action : sampleBeforeTestCase: null

2020-09-21 14:49:50 - [TEST_STEP][PASSED] - profileName = getExecutionProfile(): null

2020-09-21 14:49:50 - [TEST_STEP][PASSED] - switch (profileName): null

2020-09-21 14:49:50 - [TEST_STEP][PASSED] - case "superUser":: null

2020-09-21 14:49:50 - [TEST_STEP][PASSED] - return null: null

2020-09-21 14:49:50 - [TEST_STEP][PASSED] - Start listener action : beforeTestCase: Call Test Case 'Test Cases/WEB-UI-TESTS/SysAdmin/SystemAdmin-Login' successfully

2020-09-21 14:49:50 - [TEST_STEP][PASSED] - profileName = getExecutionProfile(): null

2020-09-21 14:49:50 - [TEST_STEP][PASSED] - if (profileName.equalsIgnoreCase("SysAdmin")): Call Test Case 'Test Cases/WEB-UI-TESTS/SysAdmin/SystemAdmin-Login' successfully

2020-09-21 14:49:50 - [TEST_STEP][PASSED] - callTestCase(findTestCase("Test Cases/WEB-UI-TESTS/SysAdmin/SystemAdmin-Login"), null): Call Test Case 'Test Cases/WEB-UI-TESTS/SysAdmin/SystemAdmin-Login' successfully

2020-09-21 14:49:50 - [TEST_CASE][PASSED] - Test Cases/WEB-UI-TESTS/SysAdmin/SystemAdmin-Login: Test Cases/WEB-UI-TESTS/SysAdmin/SystemAdmin-Login

2020-09-21 14:49:51 - [TEST_STEP][PASSED] - openBrowser(URL): Browser is opened with url: 'https://fdr-katalon.cammis-mod-dev.dhcs.ca.gov'

2020-09-21 14:49:51 - [MESSAGE][INFO] - Starting 'Chrome' driver

2020-09-21 14:49:51 - [MESSAGE][INFO] - Action delay is set to 0 milliseconds

2020-09-21 14:49:55 - [MESSAGE][PASSED] - Browser is opened with url: 'https://fdr-katalon.cammis-mod-dev.dhcs.ca.gov'

2020-09-21 14:49:55 - [TEST_STEP][PASSED] - maximizeWindow(): Current window maximized

2020-09-21 14:49:57 - [MESSAGE][PASSED] - Current window maximized

2020-09-21 14:49:57 - [TEST_STEP][PASSED] - refresh(): Refresh successfully

2020-09-21 14:49:57 - [MESSAGE][PASSED] - Refresh successfully

2020-09-21 14:49:57 - [TEST_STEP][PASSED] - delay(2): Delayed 2 second(s)

2020-09-21 14:49:59 - [MESSAGE][PASSED] - Delayed 2 second(s)

2020-09-21 14:49:59 - [TEST_STEP][PASSED] - waitForElementPresent(findTestObject("FDR-System-Admin/SysAdmin-SignIn/adminEmail"), 5): Object 'Object Repository/FDR-System-Admin/SysAdmin-SignIn/adminEmail' is present

2020-09-21 14:49:59 - [MESSAGE][PASSED] - Object 'Object Repository/FDR-System-Admin/SysAdmin-SignIn/adminEmail' is present

2020-09-21 14:49:59 - [TEST_STEP][PASSED] - setText(findTestObject("FDR-System-Admin/SysAdmin-SignIn/adminEmail"), adminEmail): Text 'fdr.test10@dhcs.ca.gov
' is set on object 'Object Repository/FDR-System-Admin/SysAdmin-SignIn/adminEmail'

2020-09-21 14:50:00 - [MESSAGE][PASSED] - Text 'fdr.test10@dhcs.ca.gov
' is set on object 'Object Repository/FDR-System-Admin/SysAdmin-SignIn/adminEmail'

2020-09-21 14:50:00 - [TEST_STEP][PASSED] - waitForElementPresent(findTestObject("FDR-System-Admin/SysAdmin-SignIn/adminUserName"), 5): Object 'Object Repository/FDR-System-Admin/SysAdmin-SignIn/adminUserName' is present

2020-09-21 14:50:03 - [MESSAGE][PASSED] - Object 'Object Repository/FDR-System-Admin/SysAdmin-SignIn/adminUserName' is present

2020-09-21 14:50:03 - [TEST_STEP][PASSED] - setText(findTestObject("FDR-System-Admin/SysAdmin-SignIn/adminUserName"), UserName): Text 'fdr.test10@dhcs.ca.gov' is set on object 'Object Repository/FDR-System-Admin/SysAdmin-SignIn/adminUserName'

2020-09-21 14:50:03 - [MESSAGE][PASSED] - Text 'fdr.test10@dhcs.ca.gov' is set on object 'Object Repository/FDR-System-Admin/SysAdmin-SignIn/adminUserName'

2020-09-21 14:50:03 - [TEST_STEP][PASSED] - setText(findTestObject("FDR-System-Admin/SysAdmin-SignIn/adminPass"), Password): Text 'Password18' is set on object 'Object Repository/FDR-System-Admin/SysAdmin-SignIn/adminPass'

2020-09-21 14:50:04 - [MESSAGE][PASSED] - Text 'Password18' is set on object 'Object Repository/FDR-System-Admin/SysAdmin-SignIn/adminPass'

2020-09-21 14:50:04 - [TEST_STEP][PASSED] - click(findTestObject("FDR-System-Admin/SysAdmin-SignIn/adminSignIn")): Object: 'Object Repository/FDR-System-Admin/SysAdmin-SignIn/adminSignIn' is clicked on

2020-09-21 14:50:05 - [MESSAGE][PASSED] - Object: 'Object Repository/FDR-System-Admin/SysAdmin-SignIn/adminSignIn' is clicked on

2020-09-21 14:50:05 - [TEST_STEP][PASSED] - waitForElementPresent(findTestObject("Object Repository/FDR-System-Admin/SysAdmin-Dashboard/maintainReferenceDataBtn"), 3): Object 'Object Repository/FDR-System-Admin/SysAdmin-Dashboard/maintainReferenceDataBtn' is present

2020-09-21 14:50:07 - [MESSAGE][PASSED] - Object 'Object Repository/FDR-System-Admin/SysAdmin-Dashboard/maintainReferenceDataBtn' is present

2020-09-21 14:50:07 - [TEST_STEP][PASSED] - verifyElementPresent(findTestObject("Object Repository/FDR-System-Admin/SysAdmin-Dashboard/maintainReferenceDataBtn"), Timeout): Object 'Object Repository/FDR-System-Admin/SysAdmin-Dashboard/maintainReferenceDataBtn' is present

2020-09-21 14:50:07 - [MESSAGE][PASSED] - Object 'Object Repository/FDR-System-Admin/SysAdmin-Dashboard/maintainReferenceDataBtn' is present

2020-09-21 14:50:07 - [TEST_STEP][PASSED] - refresh(): Refresh successfully

2020-09-21 14:50:08 - [MESSAGE][PASSED] - Refresh successfully

2020-09-21 14:50:08 - [MESSAGE][PASSED] - Call Test Case 'Test Cases/WEB-UI-TESTS/SysAdmin/SystemAdmin-Login' successfully

2020-09-21 14:50:08 - [TEST_STEP][PASSED] - Start listener action : sampleBeforeTestCase: null

2020-09-21 14:50:08 - [TEST_STEP][PASSED] - profileName = getExecutionProfile(): null

2020-09-21 14:50:08 - [TEST_STEP][PASSED] - testCaseId = testCaseContext.getTestCaseId(): null

2020-09-21 14:50:08 - [TEST_STEP][PASSED] - switch (profileName): null

2020-09-21 14:50:08 - [TEST_STEP][PASSED] - Default: null

2020-09-21 14:50:08 - [TEST_STEP][PASSED] - return null: null

2020-09-21 14:50:08 - [TEST_STEP][PASSED] - Start listener action : executeRows: null

2020-09-21 14:50:08 - [TEST_STEP][PASSED] - click(findTestObject("Object Repository/FDR-System-Admin/SysAdmin-Dashboard/maintainReferenceDataBtn")): Object: 'Object Repository/FDR-System-Admin/SysAdmin-Dashboard/maintainReferenceDataBtn' is clicked on

2020-09-21 14:50:08 - [MESSAGE][PASSED] - Object: 'Object Repository/FDR-System-Admin/SysAdmin-Dashboard/maintainReferenceDataBtn' is clicked on

2020-09-21 14:50:08 - [TEST_STEP][PASSED] - click(findTestObject("Object Repository/FDR-System-Admin/FDR-ReferencePage/reference-data")): Object: 'Object Repository/FDR-System-Admin/FDR-ReferencePage/reference-data' is clicked on

2020-09-21 14:50:09 - [MESSAGE][PASSED] - Object: 'Object Repository/FDR-System-Admin/FDR-ReferencePage/reference-data' is clicked on

2020-09-21 14:50:09 - [TEST_STEP][PASSED] - setText(findTestObject("Object Repository/FDR-System-Admin/FDR-ReferencePage/referenceDataNameInput"), "Contracts"): Text 'Contracts' is set on object 'Object Repository/FDR-System-Admin/FDR-ReferencePage/referenceDataNameInput'

2020-09-21 14:50:10 - [MESSAGE][PASSED] - Text 'Contracts' is set on object 'Object Repository/FDR-System-Admin/FDR-ReferencePage/referenceDataNameInput'

2020-09-21 14:50:10 - [TEST_STEP][PASSED] - click(findTestObject("FDR-System-Admin/FDR-ReferencePage/contractReference/contractDetail/contract")): Object: 'Object Repository/FDR-System-Admin/FDR-ReferencePage/contractReference/contractDetail/contract' is clicked on

2020-09-21 14:50:10 - [MESSAGE][PASSED] - Object: 'Object Repository/FDR-System-Admin/FDR-ReferencePage/contractReference/contractDetail/contract' is clicked on

2020-09-21 14:50:10 - [TEST_STEP][PASSED] - waitForElementPresent(findTestObject("FDR-System-Admin/FDR-Add-Contract/addContractBtn"), 3): Object 'Object Repository/FDR-System-Admin/FDR-Add-Contract/addContractBtn' is present

2020-09-21 14:50:11 - [MESSAGE][PASSED] - Object 'Object Repository/FDR-System-Admin/FDR-Add-Contract/addContractBtn' is present

2020-09-21 14:50:11 - [TEST_STEP][PASSED] - click(findTestObject("FDR-System-Admin/FDR-Add-Contract/addContractBtn")): Object: 'Object Repository/FDR-System-Admin/FDR-Add-Contract/addContractBtn' is clicked on

2020-09-21 14:50:11 - [MESSAGE][PASSED] - Object: 'Object Repository/FDR-System-Admin/FDR-Add-Contract/addContractBtn' is clicked on

2020-09-21 14:50:11 - [TEST_STEP][PASSED] - waitForElementPresent(findTestObject("FDR-System-Admin/FDR-Add-Contract/contractNum"), 3): Object 'Object Repository/FDR-System-Admin/FDR-Add-Contract/contractNum' is present

2020-09-21 14:50:12 - [MESSAGE][PASSED] - Object 'Object Repository/FDR-System-Admin/FDR-Add-Contract/contractNum' is present

2020-09-21 14:50:12 - [TEST_STEP][PASSED] - contractNum = RandomStringUtils.randomNumeric(5): null

2020-09-21 14:50:12 - [TEST_STEP][PASSED] - setText(findTestObject("FDR-System-Admin/FDR-Add-Contract/contractNum"), "02-" + contractNum): Text '02-95980' is set on object 'Object Repository/FDR-System-Admin/FDR-Add-Contract/contractNum'

2020-09-21 14:50:12 - [MESSAGE][PASSED] - Text '02-95980' is set on object 'Object Repository/FDR-System-Admin/FDR-Add-Contract/contractNum'

2020-09-21 14:50:12 - [TEST_STEP][PASSED] - waitForElementPresent(findTestObject("FDR-System-Admin/FDR-Add-Contract/supplierDropdown"), 3): Object 'Object Repository/FDR-System-Admin/FDR-Add-Contract/supplierDropdown' is present

2020-09-21 14:50:13 - [MESSAGE][PASSED] - Object 'Object Repository/FDR-System-Admin/FDR-Add-Contract/supplierDropdown' is present

2020-09-21 14:50:13 - [TEST_STEP][PASSED] - setText(findTestObject("FDR-System-Admin/FDR-Add-Contract/supplierDropdown"), "scan health plan
"): Text 'scan health plan
' is set on object 'Object Repository/FDR-System-Admin/FDR-Add-Contract/supplierDropdown'

2020-09-21 14:50:13 - [MESSAGE][PASSED] - Text 'scan health plan
' is set on object 'Object Repository/FDR-System-Admin/FDR-Add-Contract/supplierDropdown'

2020-09-21 14:50:13 - [TEST_STEP][PASSED] - waitForElementPresent(findTestObject("Object Repository/FDR-System-Admin/FDR-Add-Contract/supplierOption"), 3): Object 'Object Repository/FDR-System-Admin/FDR-Add-Contract/supplierOption' is present

2020-09-21 14:50:14 - [MESSAGE][PASSED] - Object 'Object Repository/FDR-System-Admin/FDR-Add-Contract/supplierOption' is present

2020-09-21 14:50:14 - [TEST_STEP][PASSED] - click(findTestObject("Object Repository/FDR-System-Admin/FDR-Add-Contract/supplierOption")): Object: 'Object Repository/FDR-System-Admin/FDR-Add-Contract/supplierOption' is clicked on

2020-09-21 14:50:14 - [MESSAGE][PASSED] - Object: 'Object Repository/FDR-System-Admin/FDR-Add-Contract/supplierOption' is clicked on

2020-09-21 14:50:14 - [TEST_STEP][PASSED] - waitForElementPresent(findTestObject("FDR-System-Admin/FDR-Add-Contract/addContractConfirmBtn"), 3): Object 'Object Repository/FDR-System-Admin/FDR-Add-Contract/addContractConfirmBtn' is present

2020-09-21 14:50:15 - [MESSAGE][PASSED] - Object 'Object Repository/FDR-System-Admin/FDR-Add-Contract/addContractConfirmBtn' is present

2020-09-21 14:50:15 - [TEST_STEP][PASSED] - click(findTestObject("FDR-System-Admin/FDR-Add-Contract/addContractConfirmBtn")): Object: 'Object Repository/FDR-System-Admin/FDR-Add-Contract/addContractConfirmBtn' is clicked on

2020-09-21 14:50:15 - [MESSAGE][PASSED] - Object: 'Object Repository/FDR-System-Admin/FDR-Add-Contract/addContractConfirmBtn' is clicked on

2020-09-21 14:50:15 - [TEST_STEP][PASSED] - waitForElementPresent(findTestObject("FDR-System-Admin/FDR-ReferencePage/contractReference/contractDetail/contractHeader"), 3): Object 'Object Repository/FDR-System-Admin/FDR-ReferencePage/contractReference/contractDetail/contractHeader' is present

2020-09-21 14:50:16 - [MESSAGE][PASSED] - Object 'Object Repository/FDR-System-Admin/FDR-ReferencePage/contractReference/contractDetail/contractHeader' is present

2020-09-21 14:50:16 - [TEST_STEP][PASSED] - waitForElementPresent(findTestObject("FDR-System-Admin/FDR-Edit-Contract/editContactElipsis"), 3): Object 'Object Repository/FDR-System-Admin/FDR-Edit-Contract/editContactElipsis' is present

2020-09-21 14:50:16 - [MESSAGE][PASSED] - Object 'Object Repository/FDR-System-Admin/FDR-Edit-Contract/editContactElipsis' is present

2020-09-21 14:50:16 - [TEST_STEP][PASSED] - click(findTestObject("FDR-System-Admin/FDR-Edit-Contract/editContactElipsis")): Object: 'Object Repository/FDR-System-Admin/FDR-Edit-Contract/editContactElipsis' is clicked on

2020-09-21 14:50:16 - [MESSAGE][PASSED] - Object: 'Object Repository/FDR-System-Admin/FDR-Edit-Contract/editContactElipsis' is clicked on

2020-09-21 14:50:16 - [TEST_STEP][PASSED] - waitForElementPresent(findTestObject("FDR-System-Admin/FDR-Edit-Contract/editContractBtn"), 3): Object 'Object Repository/FDR-System-Admin/FDR-Edit-Contract/editContractBtn' is present

2020-09-21 14:50:17 - [MESSAGE][PASSED] - Object 'Object Repository/FDR-System-Admin/FDR-Edit-Contract/editContractBtn' is present

2020-09-21 14:50:17 - [TEST_STEP][PASSED] - click(findTestObject("FDR-System-Admin/FDR-Edit-Contract/editContractBtn")): Object: 'Object Repository/FDR-System-Admin/FDR-Edit-Contract/editContractBtn' is clicked on

2020-09-21 14:50:17 - [MESSAGE][PASSED] - Object: 'Object Repository/FDR-System-Admin/FDR-Edit-Contract/editContractBtn' is clicked on

2020-09-21 14:50:17 - [TEST_STEP][PASSED] - waitForElementPresent(findTestObject("FDR-System-Admin/FDR-Edit-Contract/editContractLable"), 3): Object 'Object Repository/FDR-System-Admin/FDR-Edit-Contract/editContractLable' is not present after 3 second(s)

2020-09-21 14:50:21 - [MESSAGE][INFO] - Unable to find the element located by 'By.xpath: //*[@id="wrapper"]/main/div/div/div/div/main/div[2]/form/div/div[1]/h2'. Please recheck the objects properties to make sure the desired element is located. 

2020-09-21 14:50:21 - [MESSAGE][WARNING] - Object 'Object Repository/FDR-System-Admin/FDR-Edit-Contract/editContractLable' is not present after 3 second(s)

2020-09-21 14:50:21 - [TEST_STEP][PASSED] - waitForElementPresent(findTestObject("FDR-System-Admin/FDR-Edit-Contract/saveContractBtn"), 3): Object 'Object Repository/FDR-System-Admin/FDR-Edit-Contract/saveContractBtn' is present

2020-09-21 14:50:22 - [MESSAGE][PASSED] - Object 'Object Repository/FDR-System-Admin/FDR-Edit-Contract/saveContractBtn' is present

2020-09-21 14:50:22 - [TEST_STEP][PASSED] - click(findTestObject("FDR-System-Admin/FDR-Edit-Contract/saveContractBtn")): Object: 'Object Repository/FDR-System-Admin/FDR-Edit-Contract/saveContractBtn' is clicked on

2020-09-21 14:50:22 - [MESSAGE][PASSED] - Object: 'Object Repository/FDR-System-Admin/FDR-Edit-Contract/saveContractBtn' is clicked on

2020-09-21 14:50:22 - [TEST_STEP][PASSED] - waitForElementPresent(findTestObject("FDR-System-Admin/FDR-ReferencePage/contractReference/contractDetail/contractHeader"), 3): Object 'Object Repository/FDR-System-Admin/FDR-ReferencePage/contractReference/contractDetail/contractHeader' is present

2020-09-21 14:50:23 - [MESSAGE][PASSED] - Object 'Object Repository/FDR-System-Admin/FDR-ReferencePage/contractReference/contractDetail/contractHeader' is present

2020-09-21 14:50:23 - [TEST_STEP][PASSED] - waitForElementPresent(findTestObject("FDR-System-Admin/FDR-Add-Contract/backToContractPage"), 3): Object 'Object Repository/FDR-System-Admin/FDR-Add-Contract/backToContractPage' is present

2020-09-21 14:50:23 - [MESSAGE][PASSED] - Object 'Object Repository/FDR-System-Admin/FDR-Add-Contract/backToContractPage' is present

2020-09-21 14:50:23 - [TEST_STEP][PASSED] - click(findTestObject("FDR-System-Admin/FDR-Add-Contract/backToContractPage")): Object: 'Object Repository/FDR-System-Admin/FDR-Add-Contract/backToContractPage' is clicked on

2020-09-21 14:50:23 - [MESSAGE][PASSED] - Object: 'Object Repository/FDR-System-Admin/FDR-Add-Contract/backToContractPage' is clicked on

2020-09-21 14:50:23 - [TEST_STEP][PASSED] - if (verifyElementPresent(findTestObject("FDR-System-Admin/FDR-ReferencePage/firstRowOfRefData"), 2)): null

2020-09-21 14:50:24 - [MESSAGE][PASSED] - Object 'Object Repository/FDR-System-Admin/FDR-ReferencePage/firstRowOfRefData' is present

2020-09-21 14:50:24 - [TEST_STEP][PASSED] - click(findTestObject("FDR-System-Admin/FDR-ReferencePage/firstRowOfRefData")): Object: 'Object Repository/FDR-System-Admin/FDR-ReferencePage/firstRowOfRefData' is clicked on

2020-09-21 14:50:24 - [MESSAGE][PASSED] - Object: 'Object Repository/FDR-System-Admin/FDR-ReferencePage/firstRowOfRefData' is clicked on

2020-09-21 14:50:24 - [TEST_STEP][PASSED] - waitForElementPresent(findTestObject("FDR-System-Admin/FDR-ReferencePage/contractReference/contractDetail/contractHeader"), 3): Object 'Object Repository/FDR-System-Admin/FDR-ReferencePage/contractReference/contractDetail/contractHeader' is present

2020-09-21 14:50:24 - [MESSAGE][PASSED] - Object 'Object Repository/FDR-System-Admin/FDR-ReferencePage/contractReference/contractDetail/contractHeader' is present

2020-09-21 14:50:24 - [TEST_STEP][PASSED] - label = getText(findTestObject("FDR-System-Admin/FDR-ReferencePage/contractReference/contractDetail/supplier")): Text of object 'Object Repository/FDR-System-Admin/FDR-ReferencePage/contractReference/contractDetail/supplier' is: 'SUPPLIER'

2020-09-21 14:50:25 - [MESSAGE][PASSED] - Text of object 'Object Repository/FDR-System-Admin/FDR-ReferencePage/contractReference/contractDetail/supplier' is: 'SUPPLIER'

2020-09-21 14:50:25 - [TEST_STEP][PASSED] - assert label == "SUPPLIER": null

2020-09-21 14:50:25 - [TEST_STEP][PASSED] - Start listener action : sampleAfterTestCase: null

2020-09-21 14:50:25 - [TEST_STEP][PASSED] - profileName = getExecutionProfile(): null

2020-09-21 14:50:25 - [TEST_STEP][PASSED] - switch (profileName): null

2020-09-21 14:50:25 - [TEST_STEP][PASSED] - case "superUser":: null

2020-09-21 14:50:25 - [TEST_STEP][PASSED] - return null: null

2020-09-21 14:50:25 - [TEST_STEP][PASSED] - Start listener action : afterTestCase: Browser is closed

2020-09-21 14:50:25 - [TEST_STEP][PASSED] - profileName = getExecutionProfile(): null

2020-09-21 14:50:25 - [TEST_STEP][PASSED] - if (profileName.equalsIgnoreCase("SysAdmin")): Browser is closed

2020-09-21 14:50:25 - [TEST_STEP][PASSED] - closeBrowser(): Browser is closed

2020-09-21 14:50:25 - [MESSAGE][PASSED] - Browser is closed

2020-09-21 14:50:25 - [TEST_STEP][PASSED] - Start listener action : sampleAfterTestCase: null

2020-09-21 14:50:25 - [TEST_STEP][PASSED] - profileName = getExecutionProfile(): null

2020-09-21 14:50:25 - [TEST_STEP][PASSED] - switch (profileName): null

2020-09-21 14:50:25 - [TEST_STEP][PASSED] - Default: null

2020-09-21 14:50:25 - [TEST_STEP][PASSED] - return null: null

2020-09-21 14:50:25 - [TEST_STEP][PASSED] - Start listener action : addFailedTCToList: null]]></system-out>
         <system-err><![CDATA[]]></system-err>
      </testcase>
      <testcase name="Test Cases/WEB-UI-TESTS/SysAdmin/ReferencePage/ReferenceDetail/FDR-Add-ContactDetailPage" time="34.806" classname="Test Cases/WEB-UI-TESTS/SysAdmin/ReferencePage/ReferenceDetail/FDR-Add-ContactDetailPage" status="PASSED">
         <system-out><![CDATA[2020-09-21 14:50:25 - [TEST_CASE][PASSED] - Test Cases/WEB-UI-TESTS/SysAdmin/ReferencePage/ReferenceDetail/FDR-Add-ContactDetailPage: Test Cases/WEB-UI-TESTS/SysAdmin/ReferencePage/ReferenceDetail/FDR-Add-ContactDetailPage

2020-09-21 14:50:25 - [TEST_STEP][PASSED] - Start listener action : sampleBeforeTestCase: null

2020-09-21 14:50:25 - [TEST_STEP][PASSED] - profileName = getExecutionProfile(): null

2020-09-21 14:50:25 - [TEST_STEP][PASSED] - switch (profileName): null

2020-09-21 14:50:25 - [TEST_STEP][PASSED] - case "superUser":: null

2020-09-21 14:50:25 - [TEST_STEP][PASSED] - return null: null

2020-09-21 14:50:25 - [TEST_STEP][PASSED] - Start listener action : beforeTestCase: Call Test Case 'Test Cases/WEB-UI-TESTS/SysAdmin/SystemAdmin-Login' successfully

2020-09-21 14:50:25 - [TEST_STEP][PASSED] - profileName = getExecutionProfile(): null

2020-09-21 14:50:25 - [TEST_STEP][PASSED] - if (profileName.equalsIgnoreCase("SysAdmin")): Call Test Case 'Test Cases/WEB-UI-TESTS/SysAdmin/SystemAdmin-Login' successfully

2020-09-21 14:50:25 - [TEST_STEP][PASSED] - callTestCase(findTestCase("Test Cases/WEB-UI-TESTS/SysAdmin/SystemAdmin-Login"), null): Call Test Case 'Test Cases/WEB-UI-TESTS/SysAdmin/SystemAdmin-Login' successfully

2020-09-21 14:50:25 - [TEST_CASE][PASSED] - Test Cases/WEB-UI-TESTS/SysAdmin/SystemAdmin-Login: Test Cases/WEB-UI-TESTS/SysAdmin/SystemAdmin-Login

2020-09-21 14:50:25 - [TEST_STEP][PASSED] - openBrowser(URL): Browser is opened with url: 'https://fdr-katalon.cammis-mod-dev.dhcs.ca.gov'

2020-09-21 14:50:25 - [MESSAGE][INFO] - Starting 'Chrome' driver

2020-09-21 14:50:25 - [MESSAGE][INFO] - Action delay is set to 0 milliseconds

2020-09-21 14:50:30 - [MESSAGE][PASSED] - Browser is opened with url: 'https://fdr-katalon.cammis-mod-dev.dhcs.ca.gov'

2020-09-21 14:50:30 - [TEST_STEP][PASSED] - maximizeWindow(): Current window maximized

2020-09-21 14:50:32 - [MESSAGE][PASSED] - Current window maximized

2020-09-21 14:50:32 - [TEST_STEP][PASSED] - refresh(): Refresh successfully

2020-09-21 14:50:32 - [MESSAGE][PASSED] - Refresh successfully

2020-09-21 14:50:32 - [TEST_STEP][PASSED] - delay(2): Delayed 2 second(s)

2020-09-21 14:50:34 - [MESSAGE][PASSED] - Delayed 2 second(s)

2020-09-21 14:50:34 - [TEST_STEP][PASSED] - waitForElementPresent(findTestObject("FDR-System-Admin/SysAdmin-SignIn/adminEmail"), 5): Object 'Object Repository/FDR-System-Admin/SysAdmin-SignIn/adminEmail' is present

2020-09-21 14:50:34 - [MESSAGE][PASSED] - Object 'Object Repository/FDR-System-Admin/SysAdmin-SignIn/adminEmail' is present

2020-09-21 14:50:34 - [TEST_STEP][PASSED] - setText(findTestObject("FDR-System-Admin/SysAdmin-SignIn/adminEmail"), adminEmail): Text 'fdr.test10@dhcs.ca.gov
' is set on object 'Object Repository/FDR-System-Admin/SysAdmin-SignIn/adminEmail'

2020-09-21 14:50:35 - [MESSAGE][PASSED] - Text 'fdr.test10@dhcs.ca.gov
' is set on object 'Object Repository/FDR-System-Admin/SysAdmin-SignIn/adminEmail'

2020-09-21 14:50:35 - [TEST_STEP][PASSED] - waitForElementPresent(findTestObject("FDR-System-Admin/SysAdmin-SignIn/adminUserName"), 5): Object 'Object Repository/FDR-System-Admin/SysAdmin-SignIn/adminUserName' is present

2020-09-21 14:50:38 - [MESSAGE][PASSED] - Object 'Object Repository/FDR-System-Admin/SysAdmin-SignIn/adminUserName' is present

2020-09-21 14:50:38 - [TEST_STEP][PASSED] - setText(findTestObject("FDR-System-Admin/SysAdmin-SignIn/adminUserName"), UserName): Text 'fdr.test10@dhcs.ca.gov' is set on object 'Object Repository/FDR-System-Admin/SysAdmin-SignIn/adminUserName'

2020-09-21 14:50:39 - [MESSAGE][PASSED] - Text 'fdr.test10@dhcs.ca.gov' is set on object 'Object Repository/FDR-System-Admin/SysAdmin-SignIn/adminUserName'

2020-09-21 14:50:39 - [TEST_STEP][PASSED] - setText(findTestObject("FDR-System-Admin/SysAdmin-SignIn/adminPass"), Password): Text 'Password18' is set on object 'Object Repository/FDR-System-Admin/SysAdmin-SignIn/adminPass'

2020-09-21 14:50:39 - [MESSAGE][PASSED] - Text 'Password18' is set on object 'Object Repository/FDR-System-Admin/SysAdmin-SignIn/adminPass'

2020-09-21 14:50:39 - [TEST_STEP][PASSED] - click(findTestObject("FDR-System-Admin/SysAdmin-SignIn/adminSignIn")): Object: 'Object Repository/FDR-System-Admin/SysAdmin-SignIn/adminSignIn' is clicked on

2020-09-21 14:50:41 - [MESSAGE][PASSED] - Object: 'Object Repository/FDR-System-Admin/SysAdmin-SignIn/adminSignIn' is clicked on

2020-09-21 14:50:41 - [TEST_STEP][PASSED] - waitForElementPresent(findTestObject("Object Repository/FDR-System-Admin/SysAdmin-Dashboard/maintainReferenceDataBtn"), 3): Object 'Object Repository/FDR-System-Admin/SysAdmin-Dashboard/maintainReferenceDataBtn' is present

2020-09-21 14:50:42 - [MESSAGE][PASSED] - Object 'Object Repository/FDR-System-Admin/SysAdmin-Dashboard/maintainReferenceDataBtn' is present

2020-09-21 14:50:42 - [TEST_STEP][PASSED] - verifyElementPresent(findTestObject("Object Repository/FDR-System-Admin/SysAdmin-Dashboard/maintainReferenceDataBtn"), Timeout): Object 'Object Repository/FDR-System-Admin/SysAdmin-Dashboard/maintainReferenceDataBtn' is present

2020-09-21 14:50:43 - [MESSAGE][PASSED] - Object 'Object Repository/FDR-System-Admin/SysAdmin-Dashboard/maintainReferenceDataBtn' is present

2020-09-21 14:50:43 - [TEST_STEP][PASSED] - refresh(): Refresh successfully

2020-09-21 14:50:43 - [MESSAGE][PASSED] - Refresh successfully

2020-09-21 14:50:43 - [MESSAGE][PASSED] - Call Test Case 'Test Cases/WEB-UI-TESTS/SysAdmin/SystemAdmin-Login' successfully

2020-09-21 14:50:43 - [TEST_STEP][PASSED] - Start listener action : sampleBeforeTestCase: null

2020-09-21 14:50:43 - [TEST_STEP][PASSED] - profileName = getExecutionProfile(): null

2020-09-21 14:50:43 - [TEST_STEP][PASSED] - testCaseId = testCaseContext.getTestCaseId(): null

2020-09-21 14:50:43 - [TEST_STEP][PASSED] - switch (profileName): null

2020-09-21 14:50:43 - [TEST_STEP][PASSED] - Default: null

2020-09-21 14:50:43 - [TEST_STEP][PASSED] - return null: null

2020-09-21 14:50:43 - [TEST_STEP][PASSED] - Start listener action : executeRows: null

2020-09-21 14:50:43 - [TEST_STEP][PASSED] - click(findTestObject("Object Repository/FDR-System-Admin/SysAdmin-Dashboard/maintainReferenceDataBtn")): Object: 'Object Repository/FDR-System-Admin/SysAdmin-Dashboard/maintainReferenceDataBtn' is clicked on

2020-09-21 14:50:44 - [MESSAGE][PASSED] - Object: 'Object Repository/FDR-System-Admin/SysAdmin-Dashboard/maintainReferenceDataBtn' is clicked on

2020-09-21 14:50:44 - [TEST_STEP][PASSED] - click(findTestObject("FDR-System-Admin/FDR-ReferencePage/reference-data")): Object: 'Object Repository/FDR-System-Admin/FDR-ReferencePage/reference-data' is clicked on

2020-09-21 14:50:44 - [MESSAGE][PASSED] - Object: 'Object Repository/FDR-System-Admin/FDR-ReferencePage/reference-data' is clicked on

2020-09-21 14:50:44 - [TEST_STEP][PASSED] - setText(findTestObject("FDR-System-Admin/FDR-ReferencePage/referenceDataNameInput"), "Contacts"): Text 'Contacts' is set on object 'Object Repository/FDR-System-Admin/FDR-ReferencePage/referenceDataNameInput'

2020-09-21 14:50:45 - [MESSAGE][PASSED] - Text 'Contacts' is set on object 'Object Repository/FDR-System-Admin/FDR-ReferencePage/referenceDataNameInput'

2020-09-21 14:50:45 - [TEST_STEP][PASSED] - click(findTestObject("FDR-System-Admin/FDR-ReferencePage/contactReference/contactDetails/contactClick")): Object: 'Object Repository/FDR-System-Admin/FDR-ReferencePage/contactReference/contactDetails/contactClick' is clicked on

2020-09-21 14:50:46 - [MESSAGE][PASSED] - Object: 'Object Repository/FDR-System-Admin/FDR-ReferencePage/contactReference/contactDetails/contactClick' is clicked on

2020-09-21 14:50:46 - [TEST_STEP][PASSED] - waitForElementPresent(findTestObject("FDR-System-Admin/FDR-Add-Contact/addContactBtn"), 3): Object 'Object Repository/FDR-System-Admin/FDR-Add-Contact/addContactBtn' is present

2020-09-21 14:50:46 - [MESSAGE][PASSED] - Object 'Object Repository/FDR-System-Admin/FDR-Add-Contact/addContactBtn' is present

2020-09-21 14:50:46 - [TEST_STEP][PASSED] - click(findTestObject("FDR-System-Admin/FDR-Add-Contact/addContactBtn")): Object: 'Object Repository/FDR-System-Admin/FDR-Add-Contact/addContactBtn' is clicked on

2020-09-21 14:50:46 - [MESSAGE][PASSED] - Object: 'Object Repository/FDR-System-Admin/FDR-Add-Contact/addContactBtn' is clicked on

2020-09-21 14:50:46 - [TEST_STEP][PASSED] - waitForElementPresent(findTestObject("FDR-System-Admin/FDR-Add-Contact/firstName"), 3): Object 'Object Repository/FDR-System-Admin/FDR-Add-Contact/firstName' is present

2020-09-21 14:50:47 - [MESSAGE][PASSED] - Object 'Object Repository/FDR-System-Admin/FDR-Add-Contact/firstName' is present

2020-09-21 14:50:47 - [TEST_STEP][PASSED] - firstName = RandomStringUtils.randomAlphabetic(5): null

2020-09-21 14:50:47 - [TEST_STEP][PASSED] - lastName = RandomStringUtils.randomAlphabetic(5): null

2020-09-21 14:50:47 - [TEST_STEP][PASSED] - setText(findTestObject("FDR-System-Admin/FDR-Add-Contact/firstName"), firstName): Text 'qktnB' is set on object 'Object Repository/FDR-System-Admin/FDR-Add-Contact/firstName'

2020-09-21 14:50:47 - [MESSAGE][PASSED] - Text 'qktnB' is set on object 'Object Repository/FDR-System-Admin/FDR-Add-Contact/firstName'

2020-09-21 14:50:47 - [TEST_STEP][PASSED] - setText(findTestObject("FDR-System-Admin/FDR-Add-Contact/lastName"), lastName): Text 'YCUFF' is set on object 'Object Repository/FDR-System-Admin/FDR-Add-Contact/lastName'

2020-09-21 14:50:48 - [MESSAGE][PASSED] - Text 'YCUFF' is set on object 'Object Repository/FDR-System-Admin/FDR-Add-Contact/lastName'

2020-09-21 14:50:48 - [TEST_STEP][PASSED] - phoneNum = RandomStringUtils.randomNumeric(10): null

2020-09-21 14:50:48 - [TEST_STEP][PASSED] - setText(findTestObject("FDR-System-Admin/FDR-Add-Contact/phoneNum"), phoneNum): Text '2507758574' is set on object 'Object Repository/FDR-System-Admin/FDR-Add-Contact/phoneNum'

2020-09-21 14:50:49 - [MESSAGE][PASSED] - Text '2507758574' is set on object 'Object Repository/FDR-System-Admin/FDR-Add-Contact/phoneNum'

2020-09-21 14:50:49 - [TEST_STEP][PASSED] - waitForElementPresent(findTestObject("FDR-System-Admin/FDR-Add-Contact/addContactConfirmBtn"), 3): Object 'Object Repository/FDR-System-Admin/FDR-Add-Contact/addContactConfirmBtn' is present

2020-09-21 14:50:50 - [MESSAGE][PASSED] - Object 'Object Repository/FDR-System-Admin/FDR-Add-Contact/addContactConfirmBtn' is present

2020-09-21 14:50:50 - [TEST_STEP][PASSED] - click(findTestObject("FDR-System-Admin/FDR-Add-Contact/addContactConfirmBtn")): Object: 'Object Repository/FDR-System-Admin/FDR-Add-Contact/addContactConfirmBtn' is clicked on

2020-09-21 14:50:50 - [MESSAGE][PASSED] - Object: 'Object Repository/FDR-System-Admin/FDR-Add-Contact/addContactConfirmBtn' is clicked on

2020-09-21 14:50:50 - [TEST_STEP][PASSED] - waitForElementPresent(findTestObject("Object Repository/FDR-System-Admin/FDR-ReferencePage/contactReference/contactDetails/contactPhoneNumber"), 5): Object 'Object Repository/FDR-System-Admin/FDR-ReferencePage/contactReference/contactDetails/contactPhoneNumber' is present

2020-09-21 14:50:51 - [MESSAGE][PASSED] - Object 'Object Repository/FDR-System-Admin/FDR-ReferencePage/contactReference/contactDetails/contactPhoneNumber' is present

2020-09-21 14:50:51 - [TEST_STEP][PASSED] - waitForElementPresent(findTestObject("FDR-System-Admin/FDR-Edit-Contact/editContactElipsis"), 3): Object 'Object Repository/FDR-System-Admin/FDR-Edit-Contact/editContactElipsis' is present

2020-09-21 14:50:51 - [MESSAGE][PASSED] - Object 'Object Repository/FDR-System-Admin/FDR-Edit-Contact/editContactElipsis' is present

2020-09-21 14:50:51 - [TEST_STEP][PASSED] - click(findTestObject("FDR-System-Admin/FDR-Edit-Contact/editContactElipsis")): Object: 'Object Repository/FDR-System-Admin/FDR-Edit-Contact/editContactElipsis' is clicked on

2020-09-21 14:50:51 - [MESSAGE][PASSED] - Object: 'Object Repository/FDR-System-Admin/FDR-Edit-Contact/editContactElipsis' is clicked on

2020-09-21 14:50:51 - [TEST_STEP][PASSED] - waitForElementPresent(findTestObject("FDR-System-Admin/FDR-Edit-Contact/editContactBtn"), 3): Object 'Object Repository/FDR-System-Admin/FDR-Edit-Contact/editContactBtn' is present

2020-09-21 14:50:52 - [MESSAGE][PASSED] - Object 'Object Repository/FDR-System-Admin/FDR-Edit-Contact/editContactBtn' is present

2020-09-21 14:50:52 - [TEST_STEP][PASSED] - click(findTestObject("FDR-System-Admin/FDR-Edit-Contact/editContactBtn")): Object: 'Object Repository/FDR-System-Admin/FDR-Edit-Contact/editContactBtn' is clicked on

2020-09-21 14:50:52 - [MESSAGE][PASSED] - Object: 'Object Repository/FDR-System-Admin/FDR-Edit-Contact/editContactBtn' is clicked on

2020-09-21 14:50:52 - [TEST_STEP][PASSED] - editLastName = RandomStringUtils.randomAlphabetic(10): null

2020-09-21 14:50:52 - [TEST_STEP][PASSED] - doubleClick(findTestObject("FDR-System-Admin/FDR-Add-Contact/lastName")): Object: 'Object Repository/FDR-System-Admin/FDR-Add-Contact/lastName' is double clicked on

2020-09-21 14:50:53 - [MESSAGE][PASSED] - Object: 'Object Repository/FDR-System-Admin/FDR-Add-Contact/lastName' is double clicked on

2020-09-21 14:50:53 - [TEST_STEP][PASSED] - sendKeys(findTestObject("FDR-System-Admin/FDR-Add-Contact/lastName"), Keys.chord(BACK_SPACE)): Keys 'BACK_SPACE + ' sent to object: 'Object Repository/FDR-System-Admin/FDR-Add-Contact/lastName'

2020-09-21 14:50:53 - [MESSAGE][PASSED] - Keys 'BACK_SPACE + ' sent to object: 'Object Repository/FDR-System-Admin/FDR-Add-Contact/lastName'

2020-09-21 14:50:53 - [TEST_STEP][PASSED] - setText(findTestObject("FDR-System-Admin/FDR-Add-Contact/lastName"), editLastName): Text 'UodzRlFyLa' is set on object 'Object Repository/FDR-System-Admin/FDR-Add-Contact/lastName'

2020-09-21 14:50:54 - [MESSAGE][PASSED] - Text 'UodzRlFyLa' is set on object 'Object Repository/FDR-System-Admin/FDR-Add-Contact/lastName'

2020-09-21 14:50:54 - [TEST_STEP][PASSED] - waitForElementPresent(findTestObject("FDR-System-Admin/FDR-Edit-Contact/saveContactBtn"), 3): Object 'Object Repository/FDR-System-Admin/FDR-Edit-Contact/saveContactBtn' is present

2020-09-21 14:50:54 - [MESSAGE][PASSED] - Object 'Object Repository/FDR-System-Admin/FDR-Edit-Contact/saveContactBtn' is present

2020-09-21 14:50:54 - [TEST_STEP][PASSED] - click(findTestObject("FDR-System-Admin/FDR-Edit-Contact/saveContactBtn")): Object: 'Object Repository/FDR-System-Admin/FDR-Edit-Contact/saveContactBtn' is clicked on

2020-09-21 14:50:55 - [MESSAGE][PASSED] - Object: 'Object Repository/FDR-System-Admin/FDR-Edit-Contact/saveContactBtn' is clicked on

2020-09-21 14:50:55 - [TEST_STEP][PASSED] - waitForElementPresent(findTestObject("FDR-System-Admin/FDR-Edit-Contact/editContactHeader"), 3): Object 'Object Repository/FDR-System-Admin/FDR-Edit-Contact/editContactHeader' is not present after 3 second(s)

2020-09-21 14:50:59 - [MESSAGE][INFO] - Unable to find the element located by 'By.xpath: //*[@id="wrapper"]/div/div/div/main/div[2]/form/div/div[1]/h2'. Please recheck the objects properties to make sure the desired element is located. 

2020-09-21 14:50:59 - [MESSAGE][WARNING] - Object 'Object Repository/FDR-System-Admin/FDR-Edit-Contact/editContactHeader' is not present after 3 second(s)

2020-09-21 14:50:59 - [TEST_STEP][PASSED] - waitForElementPresent(findTestObject("FDR-System-Admin/FDR-Add-Contact/backtoContactPage"), 3): Object 'Object Repository/FDR-System-Admin/FDR-Add-Contact/backtoContactPage' is present

2020-09-21 14:50:59 - [MESSAGE][PASSED] - Object 'Object Repository/FDR-System-Admin/FDR-Add-Contact/backtoContactPage' is present

2020-09-21 14:50:59 - [TEST_STEP][PASSED] - click(findTestObject("FDR-System-Admin/FDR-Add-Contact/backtoContactPage")): Object: 'Object Repository/FDR-System-Admin/FDR-Add-Contact/backtoContactPage' is clicked on

2020-09-21 14:51:00 - [MESSAGE][PASSED] - Object: 'Object Repository/FDR-System-Admin/FDR-Add-Contact/backtoContactPage' is clicked on

2020-09-21 14:51:00 - [TEST_STEP][PASSED] - Start listener action : sampleAfterTestCase: null

2020-09-21 14:51:00 - [TEST_STEP][PASSED] - profileName = getExecutionProfile(): null

2020-09-21 14:51:00 - [TEST_STEP][PASSED] - switch (profileName): null

2020-09-21 14:51:00 - [TEST_STEP][PASSED] - case "superUser":: null

2020-09-21 14:51:00 - [TEST_STEP][PASSED] - return null: null

2020-09-21 14:51:00 - [TEST_STEP][PASSED] - Start listener action : afterTestCase: Browser is closed

2020-09-21 14:51:00 - [TEST_STEP][PASSED] - profileName = getExecutionProfile(): null

2020-09-21 14:51:00 - [TEST_STEP][PASSED] - if (profileName.equalsIgnoreCase("SysAdmin")): Browser is closed

2020-09-21 14:51:00 - [TEST_STEP][PASSED] - closeBrowser(): Browser is closed

2020-09-21 14:51:00 - [MESSAGE][PASSED] - Browser is closed

2020-09-21 14:51:00 - [TEST_STEP][PASSED] - Start listener action : sampleAfterTestCase: null

2020-09-21 14:51:00 - [TEST_STEP][PASSED] - profileName = getExecutionProfile(): null

2020-09-21 14:51:00 - [TEST_STEP][PASSED] - switch (profileName): null

2020-09-21 14:51:00 - [TEST_STEP][PASSED] - Default: null

2020-09-21 14:51:00 - [TEST_STEP][PASSED] - return null: null

2020-09-21 14:51:00 - [TEST_STEP][PASSED] - Start listener action : addFailedTCToList: null]]></system-out>
         <system-err><![CDATA[]]></system-err>
      </testcase>
      <testcase name="Test Cases/WEB-UI-TESTS/SysAdmin/ReferencePage/ReferenceDetail/FDR-Add-ProgramTypeDetailReview" time="23.225" classname="Test Cases/WEB-UI-TESTS/SysAdmin/ReferencePage/ReferenceDetail/FDR-Add-ProgramTypeDetailReview" status="PASSED">
         <system-out><![CDATA[2020-09-21 14:51:00 - [TEST_CASE][PASSED] - Test Cases/WEB-UI-TESTS/SysAdmin/ReferencePage/ReferenceDetail/FDR-Add-ProgramTypeDetailReview: Test Cases/WEB-UI-TESTS/SysAdmin/ReferencePage/ReferenceDetail/FDR-Add-ProgramTypeDetailReview

2020-09-21 14:51:00 - [TEST_STEP][PASSED] - Start listener action : sampleBeforeTestCase: null

2020-09-21 14:51:00 - [TEST_STEP][PASSED] - profileName = getExecutionProfile(): null

2020-09-21 14:51:00 - [TEST_STEP][PASSED] - switch (profileName): null

2020-09-21 14:51:00 - [TEST_STEP][PASSED] - case "superUser":: null

2020-09-21 14:51:00 - [TEST_STEP][PASSED] - return null: null

2020-09-21 14:51:00 - [TEST_STEP][PASSED] - Start listener action : beforeTestCase: Call Test Case 'Test Cases/WEB-UI-TESTS/SysAdmin/SystemAdmin-Login' successfully

2020-09-21 14:51:00 - [TEST_STEP][PASSED] - profileName = getExecutionProfile(): null

2020-09-21 14:51:00 - [TEST_STEP][PASSED] - if (profileName.equalsIgnoreCase("SysAdmin")): Call Test Case 'Test Cases/WEB-UI-TESTS/SysAdmin/SystemAdmin-Login' successfully

2020-09-21 14:51:00 - [TEST_STEP][PASSED] - callTestCase(findTestCase("Test Cases/WEB-UI-TESTS/SysAdmin/SystemAdmin-Login"), null): Call Test Case 'Test Cases/WEB-UI-TESTS/SysAdmin/SystemAdmin-Login' successfully

2020-09-21 14:51:00 - [TEST_CASE][PASSED] - Test Cases/WEB-UI-TESTS/SysAdmin/SystemAdmin-Login: Test Cases/WEB-UI-TESTS/SysAdmin/SystemAdmin-Login

2020-09-21 14:51:00 - [TEST_STEP][PASSED] - openBrowser(URL): Browser is opened with url: 'https://fdr-katalon.cammis-mod-dev.dhcs.ca.gov'

2020-09-21 14:51:00 - [MESSAGE][INFO] - Starting 'Chrome' driver

2020-09-21 14:51:00 - [MESSAGE][INFO] - Action delay is set to 0 milliseconds

2020-09-21 14:51:05 - [MESSAGE][PASSED] - Browser is opened with url: 'https://fdr-katalon.cammis-mod-dev.dhcs.ca.gov'

2020-09-21 14:51:05 - [TEST_STEP][PASSED] - maximizeWindow(): Current window maximized

2020-09-21 14:51:07 - [MESSAGE][PASSED] - Current window maximized

2020-09-21 14:51:07 - [TEST_STEP][PASSED] - refresh(): Refresh successfully

2020-09-21 14:51:07 - [MESSAGE][PASSED] - Refresh successfully

2020-09-21 14:51:07 - [TEST_STEP][PASSED] - delay(2): Delayed 2 second(s)

2020-09-21 14:51:09 - [MESSAGE][PASSED] - Delayed 2 second(s)

2020-09-21 14:51:09 - [TEST_STEP][PASSED] - waitForElementPresent(findTestObject("FDR-System-Admin/SysAdmin-SignIn/adminEmail"), 5): Object 'Object Repository/FDR-System-Admin/SysAdmin-SignIn/adminEmail' is present

2020-09-21 14:51:09 - [MESSAGE][PASSED] - Object 'Object Repository/FDR-System-Admin/SysAdmin-SignIn/adminEmail' is present

2020-09-21 14:51:09 - [TEST_STEP][PASSED] - setText(findTestObject("FDR-System-Admin/SysAdmin-SignIn/adminEmail"), adminEmail): Text 'fdr.test10@dhcs.ca.gov
' is set on object 'Object Repository/FDR-System-Admin/SysAdmin-SignIn/adminEmail'

2020-09-21 14:51:10 - [MESSAGE][PASSED] - Text 'fdr.test10@dhcs.ca.gov
' is set on object 'Object Repository/FDR-System-Admin/SysAdmin-SignIn/adminEmail'

2020-09-21 14:51:10 - [TEST_STEP][PASSED] - waitForElementPresent(findTestObject("FDR-System-Admin/SysAdmin-SignIn/adminUserName"), 5): Object 'Object Repository/FDR-System-Admin/SysAdmin-SignIn/adminUserName' is present

2020-09-21 14:51:13 - [MESSAGE][PASSED] - Object 'Object Repository/FDR-System-Admin/SysAdmin-SignIn/adminUserName' is present

2020-09-21 14:51:13 - [TEST_STEP][PASSED] - setText(findTestObject("FDR-System-Admin/SysAdmin-SignIn/adminUserName"), UserName): Text 'fdr.test10@dhcs.ca.gov' is set on object 'Object Repository/FDR-System-Admin/SysAdmin-SignIn/adminUserName'

2020-09-21 14:51:14 - [MESSAGE][PASSED] - Text 'fdr.test10@dhcs.ca.gov' is set on object 'Object Repository/FDR-System-Admin/SysAdmin-SignIn/adminUserName'

2020-09-21 14:51:14 - [TEST_STEP][PASSED] - setText(findTestObject("FDR-System-Admin/SysAdmin-SignIn/adminPass"), Password): Text 'Password18' is set on object 'Object Repository/FDR-System-Admin/SysAdmin-SignIn/adminPass'

2020-09-21 14:51:14 - [MESSAGE][PASSED] - Text 'Password18' is set on object 'Object Repository/FDR-System-Admin/SysAdmin-SignIn/adminPass'

2020-09-21 14:51:14 - [TEST_STEP][PASSED] - click(findTestObject("FDR-System-Admin/SysAdmin-SignIn/adminSignIn")): Object: 'Object Repository/FDR-System-Admin/SysAdmin-SignIn/adminSignIn' is clicked on

2020-09-21 14:51:16 - [MESSAGE][PASSED] - Object: 'Object Repository/FDR-System-Admin/SysAdmin-SignIn/adminSignIn' is clicked on

2020-09-21 14:51:16 - [TEST_STEP][PASSED] - waitForElementPresent(findTestObject("Object Repository/FDR-System-Admin/SysAdmin-Dashboard/maintainReferenceDataBtn"), 3): Object 'Object Repository/FDR-System-Admin/SysAdmin-Dashboard/maintainReferenceDataBtn' is present

2020-09-21 14:51:18 - [MESSAGE][PASSED] - Object 'Object Repository/FDR-System-Admin/SysAdmin-Dashboard/maintainReferenceDataBtn' is present

2020-09-21 14:51:18 - [TEST_STEP][PASSED] - verifyElementPresent(findTestObject("Object Repository/FDR-System-Admin/SysAdmin-Dashboard/maintainReferenceDataBtn"), Timeout): Object 'Object Repository/FDR-System-Admin/SysAdmin-Dashboard/maintainReferenceDataBtn' is present

2020-09-21 14:51:18 - [MESSAGE][PASSED] - Object 'Object Repository/FDR-System-Admin/SysAdmin-Dashboard/maintainReferenceDataBtn' is present

2020-09-21 14:51:18 - [TEST_STEP][PASSED] - refresh(): Refresh successfully

2020-09-21 14:51:18 - [MESSAGE][PASSED] - Refresh successfully

2020-09-21 14:51:18 - [MESSAGE][PASSED] - Call Test Case 'Test Cases/WEB-UI-TESTS/SysAdmin/SystemAdmin-Login' successfully

2020-09-21 14:51:18 - [TEST_STEP][PASSED] - Start listener action : sampleBeforeTestCase: null

2020-09-21 14:51:18 - [TEST_STEP][PASSED] - profileName = getExecutionProfile(): null

2020-09-21 14:51:18 - [TEST_STEP][PASSED] - testCaseId = testCaseContext.getTestCaseId(): null

2020-09-21 14:51:18 - [TEST_STEP][PASSED] - switch (profileName): null

2020-09-21 14:51:18 - [TEST_STEP][PASSED] - Default: null

2020-09-21 14:51:18 - [TEST_STEP][PASSED] - return null: null

2020-09-21 14:51:18 - [TEST_STEP][PASSED] - Start listener action : executeRows: null

2020-09-21 14:51:18 - [TEST_STEP][PASSED] - taskName = "Reference Data": null

2020-09-21 14:51:18 - [TEST_STEP][PASSED] - verifyElementText(findTestObject("Object Repository/FDR-System-Admin/SysAdmin-Dashboard/maintainReferenceDataTxt"), taskName): Actual text and expected text of test object 'Object Repository/FDR-System-Admin/SysAdmin-Dashboard/maintainReferenceDataTxt' are matched.

2020-09-21 14:51:19 - [MESSAGE][PASSED] - Actual text and expected text of test object 'Object Repository/FDR-System-Admin/SysAdmin-Dashboard/maintainReferenceDataTxt' are matched.

2020-09-21 14:51:19 - [TEST_STEP][PASSED] - click(findTestObject("Object Repository/FDR-System-Admin/SysAdmin-Dashboard/maintainReferenceDataBtn")): Object: 'Object Repository/FDR-System-Admin/SysAdmin-Dashboard/maintainReferenceDataBtn' is clicked on

2020-09-21 14:51:19 - [MESSAGE][PASSED] - Object: 'Object Repository/FDR-System-Admin/SysAdmin-Dashboard/maintainReferenceDataBtn' is clicked on

2020-09-21 14:51:19 - [TEST_STEP][PASSED] - click(findTestObject("Object Repository/FDR-System-Admin/FDR-ReferencePage/reference-data")): Object: 'Object Repository/FDR-System-Admin/FDR-ReferencePage/reference-data' is clicked on

2020-09-21 14:51:20 - [MESSAGE][PASSED] - Object: 'Object Repository/FDR-System-Admin/FDR-ReferencePage/reference-data' is clicked on

2020-09-21 14:51:20 - [TEST_STEP][PASSED] - setText(findTestObject("Object Repository/FDR-System-Admin/FDR-ReferencePage/referenceDataNameInput"), "program type"): Text 'program type' is set on object 'Object Repository/FDR-System-Admin/FDR-ReferencePage/referenceDataNameInput'

2020-09-21 14:51:20 - [MESSAGE][PASSED] - Text 'program type' is set on object 'Object Repository/FDR-System-Admin/FDR-ReferencePage/referenceDataNameInput'

2020-09-21 14:51:20 - [TEST_STEP][PASSED] - click(findTestObject("FDR-System-Admin/FDR-ReferencePage/programTypeReference/programTypeDetail/programType")): Object: 'Object Repository/FDR-System-Admin/FDR-ReferencePage/programTypeReference/programTypeDetail/programType' is clicked on

2020-09-21 14:51:21 - [MESSAGE][PASSED] - Object: 'Object Repository/FDR-System-Admin/FDR-ReferencePage/programTypeReference/programTypeDetail/programType' is clicked on

2020-09-21 14:51:21 - [TEST_STEP][PASSED] - if (verifyElementPresent(findTestObject("FDR-System-Admin/FDR-ReferencePage/firstRowOfRefData"), 2)): null

2020-09-21 14:51:21 - [MESSAGE][PASSED] - Object 'Object Repository/FDR-System-Admin/FDR-ReferencePage/firstRowOfRefData' is present

2020-09-21 14:51:21 - [TEST_STEP][PASSED] - click(findTestObject("FDR-System-Admin/FDR-ReferencePage/firstRowOfRefData")): Object: 'Object Repository/FDR-System-Admin/FDR-ReferencePage/firstRowOfRefData' is clicked on

2020-09-21 14:51:22 - [MESSAGE][PASSED] - Object: 'Object Repository/FDR-System-Admin/FDR-ReferencePage/firstRowOfRefData' is clicked on

2020-09-21 14:51:22 - [TEST_STEP][PASSED] - waitForElementPresent(findTestObject("FDR-System-Admin/FDR-ReferencePage/programTypeReference/programTypeDetail/programTypeHeader"), 3): Object 'Object Repository/FDR-System-Admin/FDR-ReferencePage/programTypeReference/programTypeDetail/programTypeHeader' is present

2020-09-21 14:51:22 - [MESSAGE][PASSED] - Object 'Object Repository/FDR-System-Admin/FDR-ReferencePage/programTypeReference/programTypeDetail/programTypeHeader' is present

2020-09-21 14:51:22 - [TEST_STEP][PASSED] - header = getText(findTestObject("FDR-System-Admin/FDR-ReferencePage/programTypeReference/programTypeDetail/programTypeHeader")): Text of object 'Object Repository/FDR-System-Admin/FDR-ReferencePage/programTypeReference/programTypeDetail/programTypeHeader' is: 'Medical Assistance'

2020-09-21 14:51:23 - [MESSAGE][PASSED] - Text of object 'Object Repository/FDR-System-Admin/FDR-ReferencePage/programTypeReference/programTypeDetail/programTypeHeader' is: 'Medical Assistance'

2020-09-21 14:51:23 - [TEST_STEP][PASSED] - breadCrumbLabel = getText(findTestObject("FDR-System-Admin/FDR-ReferencePage/programTypeReference/programTypeDetail/programTypeBreadCrumb")): Text of object 'Object Repository/FDR-System-Admin/FDR-ReferencePage/programTypeReference/programTypeDetail/programTypeBreadCrumb' is: 'Medical Assistance'

2020-09-21 14:51:23 - [MESSAGE][PASSED] - Text of object 'Object Repository/FDR-System-Admin/FDR-ReferencePage/programTypeReference/programTypeDetail/programTypeBreadCrumb' is: 'Medical Assistance'

2020-09-21 14:51:23 - [TEST_STEP][PASSED] - assert breadCrumbLabel.indexOf(header) >= 0: null

2020-09-21 14:51:23 - [TEST_STEP][PASSED] - Start listener action : sampleAfterTestCase: null

2020-09-21 14:51:23 - [TEST_STEP][PASSED] - profileName = getExecutionProfile(): null

2020-09-21 14:51:23 - [TEST_STEP][PASSED] - switch (profileName): null

2020-09-21 14:51:23 - [TEST_STEP][PASSED] - case "superUser":: null

2020-09-21 14:51:23 - [TEST_STEP][PASSED] - return null: null

2020-09-21 14:51:23 - [TEST_STEP][PASSED] - Start listener action : afterTestCase: Browser is closed

2020-09-21 14:51:23 - [TEST_STEP][PASSED] - profileName = getExecutionProfile(): null

2020-09-21 14:51:23 - [TEST_STEP][PASSED] - if (profileName.equalsIgnoreCase("SysAdmin")): Browser is closed

2020-09-21 14:51:23 - [TEST_STEP][PASSED] - closeBrowser(): Browser is closed

2020-09-21 14:51:23 - [MESSAGE][PASSED] - Browser is closed

2020-09-21 14:51:23 - [TEST_STEP][PASSED] - Start listener action : sampleAfterTestCase: null

2020-09-21 14:51:23 - [TEST_STEP][PASSED] - profileName = getExecutionProfile(): null

2020-09-21 14:51:23 - [TEST_STEP][PASSED] - switch (profileName): null

2020-09-21 14:51:23 - [TEST_STEP][PASSED] - Default: null

2020-09-21 14:51:23 - [TEST_STEP][PASSED] - return null: null

2020-09-21 14:51:23 - [TEST_STEP][PASSED] - Start listener action : addFailedTCToList: null]]></system-out>
         <system-err><![CDATA[]]></system-err>
      </testcase>
      <testcase name="Test Cases/WEB-UI-TESTS/SysAdmin/ReportsPage/FDR-Reports-Dashboard" time="20.136" classname="Test Cases/WEB-UI-TESTS/SysAdmin/ReportsPage/FDR-Reports-Dashboard" status="PASSED">
         <system-out><![CDATA[2020-09-21 14:51:23 - [TEST_CASE][PASSED] - Test Cases/WEB-UI-TESTS/SysAdmin/ReportsPage/FDR-Reports-Dashboard: Test Cases/WEB-UI-TESTS/SysAdmin/ReportsPage/FDR-Reports-Dashboard

2020-09-21 14:51:23 - [TEST_STEP][PASSED] - Start listener action : sampleBeforeTestCase: null

2020-09-21 14:51:23 - [TEST_STEP][PASSED] - profileName = getExecutionProfile(): null

2020-09-21 14:51:23 - [TEST_STEP][PASSED] - switch (profileName): null

2020-09-21 14:51:23 - [TEST_STEP][PASSED] - case "superUser":: null

2020-09-21 14:51:23 - [TEST_STEP][PASSED] - return null: null

2020-09-21 14:51:23 - [TEST_STEP][PASSED] - Start listener action : beforeTestCase: Call Test Case 'Test Cases/WEB-UI-TESTS/SysAdmin/SystemAdmin-Login' successfully

2020-09-21 14:51:23 - [TEST_STEP][PASSED] - profileName = getExecutionProfile(): null

2020-09-21 14:51:23 - [TEST_STEP][PASSED] - if (profileName.equalsIgnoreCase("SysAdmin")): Call Test Case 'Test Cases/WEB-UI-TESTS/SysAdmin/SystemAdmin-Login' successfully

2020-09-21 14:51:23 - [TEST_STEP][PASSED] - callTestCase(findTestCase("Test Cases/WEB-UI-TESTS/SysAdmin/SystemAdmin-Login"), null): Call Test Case 'Test Cases/WEB-UI-TESTS/SysAdmin/SystemAdmin-Login' successfully

2020-09-21 14:51:23 - [TEST_CASE][PASSED] - Test Cases/WEB-UI-TESTS/SysAdmin/SystemAdmin-Login: Test Cases/WEB-UI-TESTS/SysAdmin/SystemAdmin-Login

2020-09-21 14:51:23 - [TEST_STEP][PASSED] - openBrowser(URL): Browser is opened with url: 'https://fdr-katalon.cammis-mod-dev.dhcs.ca.gov'

2020-09-21 14:51:23 - [MESSAGE][INFO] - Starting 'Chrome' driver

2020-09-21 14:51:23 - [MESSAGE][INFO] - Action delay is set to 0 milliseconds

2020-09-21 14:51:28 - [MESSAGE][PASSED] - Browser is opened with url: 'https://fdr-katalon.cammis-mod-dev.dhcs.ca.gov'

2020-09-21 14:51:28 - [TEST_STEP][PASSED] - maximizeWindow(): Current window maximized

2020-09-21 14:51:30 - [MESSAGE][PASSED] - Current window maximized

2020-09-21 14:51:30 - [TEST_STEP][PASSED] - refresh(): Refresh successfully

2020-09-21 14:51:30 - [MESSAGE][PASSED] - Refresh successfully

2020-09-21 14:51:30 - [TEST_STEP][PASSED] - delay(2): Delayed 2 second(s)

2020-09-21 14:51:32 - [MESSAGE][PASSED] - Delayed 2 second(s)

2020-09-21 14:51:32 - [TEST_STEP][PASSED] - waitForElementPresent(findTestObject("FDR-System-Admin/SysAdmin-SignIn/adminEmail"), 5): Object 'Object Repository/FDR-System-Admin/SysAdmin-SignIn/adminEmail' is present

2020-09-21 14:51:32 - [MESSAGE][PASSED] - Object 'Object Repository/FDR-System-Admin/SysAdmin-SignIn/adminEmail' is present

2020-09-21 14:51:32 - [TEST_STEP][PASSED] - setText(findTestObject("FDR-System-Admin/SysAdmin-SignIn/adminEmail"), adminEmail): Text 'fdr.test10@dhcs.ca.gov
' is set on object 'Object Repository/FDR-System-Admin/SysAdmin-SignIn/adminEmail'

2020-09-21 14:51:33 - [MESSAGE][PASSED] - Text 'fdr.test10@dhcs.ca.gov
' is set on object 'Object Repository/FDR-System-Admin/SysAdmin-SignIn/adminEmail'

2020-09-21 14:51:33 - [TEST_STEP][PASSED] - waitForElementPresent(findTestObject("FDR-System-Admin/SysAdmin-SignIn/adminUserName"), 5): Object 'Object Repository/FDR-System-Admin/SysAdmin-SignIn/adminUserName' is present

2020-09-21 14:51:36 - [MESSAGE][PASSED] - Object 'Object Repository/FDR-System-Admin/SysAdmin-SignIn/adminUserName' is present

2020-09-21 14:51:36 - [TEST_STEP][PASSED] - setText(findTestObject("FDR-System-Admin/SysAdmin-SignIn/adminUserName"), UserName): Text 'fdr.test10@dhcs.ca.gov' is set on object 'Object Repository/FDR-System-Admin/SysAdmin-SignIn/adminUserName'

2020-09-21 14:51:36 - [MESSAGE][PASSED] - Text 'fdr.test10@dhcs.ca.gov' is set on object 'Object Repository/FDR-System-Admin/SysAdmin-SignIn/adminUserName'

2020-09-21 14:51:36 - [TEST_STEP][PASSED] - setText(findTestObject("FDR-System-Admin/SysAdmin-SignIn/adminPass"), Password): Text 'Password18' is set on object 'Object Repository/FDR-System-Admin/SysAdmin-SignIn/adminPass'

2020-09-21 14:51:37 - [MESSAGE][PASSED] - Text 'Password18' is set on object 'Object Repository/FDR-System-Admin/SysAdmin-SignIn/adminPass'

2020-09-21 14:51:37 - [TEST_STEP][PASSED] - click(findTestObject("FDR-System-Admin/SysAdmin-SignIn/adminSignIn")): Object: 'Object Repository/FDR-System-Admin/SysAdmin-SignIn/adminSignIn' is clicked on

2020-09-21 14:51:38 - [MESSAGE][PASSED] - Object: 'Object Repository/FDR-System-Admin/SysAdmin-SignIn/adminSignIn' is clicked on

2020-09-21 14:51:38 - [TEST_STEP][PASSED] - waitForElementPresent(findTestObject("Object Repository/FDR-System-Admin/SysAdmin-Dashboard/maintainReferenceDataBtn"), 3): Object 'Object Repository/FDR-System-Admin/SysAdmin-Dashboard/maintainReferenceDataBtn' is present

2020-09-21 14:51:40 - [MESSAGE][PASSED] - Object 'Object Repository/FDR-System-Admin/SysAdmin-Dashboard/maintainReferenceDataBtn' is present

2020-09-21 14:51:40 - [TEST_STEP][PASSED] - verifyElementPresent(findTestObject("Object Repository/FDR-System-Admin/SysAdmin-Dashboard/maintainReferenceDataBtn"), Timeout): Object 'Object Repository/FDR-System-Admin/SysAdmin-Dashboard/maintainReferenceDataBtn' is present

2020-09-21 14:51:40 - [MESSAGE][PASSED] - Object 'Object Repository/FDR-System-Admin/SysAdmin-Dashboard/maintainReferenceDataBtn' is present

2020-09-21 14:51:40 - [TEST_STEP][PASSED] - refresh(): Refresh successfully

2020-09-21 14:51:41 - [MESSAGE][PASSED] - Refresh successfully

2020-09-21 14:51:41 - [MESSAGE][PASSED] - Call Test Case 'Test Cases/WEB-UI-TESTS/SysAdmin/SystemAdmin-Login' successfully

2020-09-21 14:51:41 - [TEST_STEP][PASSED] - Start listener action : sampleBeforeTestCase: null

2020-09-21 14:51:41 - [TEST_STEP][PASSED] - profileName = getExecutionProfile(): null

2020-09-21 14:51:41 - [TEST_STEP][PASSED] - testCaseId = testCaseContext.getTestCaseId(): null

2020-09-21 14:51:41 - [TEST_STEP][PASSED] - switch (profileName): null

2020-09-21 14:51:41 - [TEST_STEP][PASSED] - Default: null

2020-09-21 14:51:41 - [TEST_STEP][PASSED] - return null: null

2020-09-21 14:51:41 - [TEST_STEP][PASSED] - Start listener action : executeRows: null

2020-09-21 14:51:41 - [TEST_STEP][PASSED] - taskName = "Reports": null

2020-09-21 14:51:41 - [TEST_STEP][PASSED] - verifyElementText(findTestObject("Object Repository/FDR-System-Admin/FDR-Reports/FDR-Report-Dashboard/reportBtnText"), taskName): Actual text and expected text of test object 'Object Repository/FDR-System-Admin/FDR-Reports/FDR-Report-Dashboard/reportBtnText' are matched.

2020-09-21 14:51:41 - [MESSAGE][PASSED] - Actual text and expected text of test object 'Object Repository/FDR-System-Admin/FDR-Reports/FDR-Report-Dashboard/reportBtnText' are matched.

2020-09-21 14:51:41 - [TEST_STEP][PASSED] - waitForElementPresent(findTestObject("Object Repository/FDR-System-Admin/FDR-Reports/FDR-Report-Dashboard/reportBtn"), 3): Object 'Object Repository/FDR-System-Admin/FDR-Reports/FDR-Report-Dashboard/reportBtn' is present

2020-09-21 14:51:42 - [MESSAGE][PASSED] - Object 'Object Repository/FDR-System-Admin/FDR-Reports/FDR-Report-Dashboard/reportBtn' is present

2020-09-21 14:51:42 - [TEST_STEP][PASSED] - click(findTestObject("Object Repository/FDR-System-Admin/FDR-Reports/FDR-Report-Dashboard/reportBtn")): Object: 'Object Repository/FDR-System-Admin/FDR-Reports/FDR-Report-Dashboard/reportBtn' is clicked on

2020-09-21 14:51:42 - [MESSAGE][PASSED] - Object: 'Object Repository/FDR-System-Admin/FDR-Reports/FDR-Report-Dashboard/reportBtn' is clicked on

2020-09-21 14:51:42 - [TEST_STEP][PASSED] - waitForElementPresent(findTestObject("Object Repository/FDR-System-Admin/FDR-Reports/FDR-Report-Dashboard/mbesReportBtn"), 3): Object 'Object Repository/FDR-System-Admin/FDR-Reports/FDR-Report-Dashboard/mbesReportBtn' is present

2020-09-21 14:51:42 - [MESSAGE][PASSED] - Object 'Object Repository/FDR-System-Admin/FDR-Reports/FDR-Report-Dashboard/mbesReportBtn' is present

2020-09-21 14:51:42 - [TEST_STEP][PASSED] - mbesReportTaskName = "MBES Reports": null

2020-09-21 14:51:42 - [TEST_STEP][PASSED] - customReportTaskName = "Custom Reports": null

2020-09-21 14:51:42 - [TEST_STEP][PASSED] - verifyElementText(findTestObject("Object Repository/FDR-System-Admin/FDR-Reports/FDR-Report-Dashboard/mbesReportText"), mbesReportTaskName): Actual text and expected text of test object 'Object Repository/FDR-System-Admin/FDR-Reports/FDR-Report-Dashboard/mbesReportText' are matched.

2020-09-21 14:51:43 - [MESSAGE][PASSED] - Actual text and expected text of test object 'Object Repository/FDR-System-Admin/FDR-Reports/FDR-Report-Dashboard/mbesReportText' are matched.

2020-09-21 14:51:43 - [TEST_STEP][PASSED] - verifyElementText(findTestObject("Object Repository/FDR-System-Admin/FDR-Reports/FDR-Report-Dashboard/customReportsText"), customReportTaskName): Actual text and expected text of test object 'Object Repository/FDR-System-Admin/FDR-Reports/FDR-Report-Dashboard/customReportsText' are matched.

2020-09-21 14:51:43 - [MESSAGE][PASSED] - Actual text and expected text of test object 'Object Repository/FDR-System-Admin/FDR-Reports/FDR-Report-Dashboard/customReportsText' are matched.

2020-09-21 14:51:43 - [TEST_STEP][PASSED] - Start listener action : sampleAfterTestCase: null

2020-09-21 14:51:43 - [TEST_STEP][PASSED] - profileName = getExecutionProfile(): null

2020-09-21 14:51:43 - [TEST_STEP][PASSED] - switch (profileName): null

2020-09-21 14:51:43 - [TEST_STEP][PASSED] - case "superUser":: null

2020-09-21 14:51:43 - [TEST_STEP][PASSED] - return null: null

2020-09-21 14:51:43 - [TEST_STEP][PASSED] - Start listener action : afterTestCase: Browser is closed

2020-09-21 14:51:43 - [TEST_STEP][PASSED] - profileName = getExecutionProfile(): null

2020-09-21 14:51:43 - [TEST_STEP][PASSED] - if (profileName.equalsIgnoreCase("SysAdmin")): Browser is closed

2020-09-21 14:51:43 - [TEST_STEP][PASSED] - closeBrowser(): Browser is closed

2020-09-21 14:51:44 - [MESSAGE][PASSED] - Browser is closed

2020-09-21 14:51:44 - [TEST_STEP][PASSED] - Start listener action : sampleAfterTestCase: null

2020-09-21 14:51:44 - [TEST_STEP][PASSED] - profileName = getExecutionProfile(): null

2020-09-21 14:51:44 - [TEST_STEP][PASSED] - switch (profileName): null

2020-09-21 14:51:44 - [TEST_STEP][PASSED] - Default: null

2020-09-21 14:51:44 - [TEST_STEP][PASSED] - return null: null

2020-09-21 14:51:44 - [TEST_STEP][PASSED] - Start listener action : addFailedTCToList: null]]></system-out>
         <system-err><![CDATA[]]></system-err>
      </testcase>
      <testcase name="Test Cases/WEB-UI-TESTS/SysAdmin/ReferencePage/ReferenceDetail/FDR-Add-SupplierDetailReview" time="50.364" classname="Test Cases/WEB-UI-TESTS/SysAdmin/ReferencePage/ReferenceDetail/FDR-Add-SupplierDetailReview" status="PASSED">
         <system-out><![CDATA[2020-09-21 14:51:44 - [TEST_CASE][PASSED] - Test Cases/WEB-UI-TESTS/SysAdmin/ReferencePage/ReferenceDetail/FDR-Add-SupplierDetailReview: Test Cases/WEB-UI-TESTS/SysAdmin/ReferencePage/ReferenceDetail/FDR-Add-SupplierDetailReview

2020-09-21 14:51:44 - [TEST_STEP][PASSED] - Start listener action : sampleBeforeTestCase: null

2020-09-21 14:51:44 - [TEST_STEP][PASSED] - profileName = getExecutionProfile(): null

2020-09-21 14:51:44 - [TEST_STEP][PASSED] - switch (profileName): null

2020-09-21 14:51:44 - [TEST_STEP][PASSED] - case "superUser":: null

2020-09-21 14:51:44 - [TEST_STEP][PASSED] - return null: null

2020-09-21 14:51:44 - [TEST_STEP][PASSED] - Start listener action : beforeTestCase: Call Test Case 'Test Cases/WEB-UI-TESTS/SysAdmin/SystemAdmin-Login' successfully

2020-09-21 14:51:44 - [TEST_STEP][PASSED] - profileName = getExecutionProfile(): null

2020-09-21 14:51:44 - [TEST_STEP][PASSED] - if (profileName.equalsIgnoreCase("SysAdmin")): Call Test Case 'Test Cases/WEB-UI-TESTS/SysAdmin/SystemAdmin-Login' successfully

2020-09-21 14:51:44 - [TEST_STEP][PASSED] - callTestCase(findTestCase("Test Cases/WEB-UI-TESTS/SysAdmin/SystemAdmin-Login"), null): Call Test Case 'Test Cases/WEB-UI-TESTS/SysAdmin/SystemAdmin-Login' successfully

2020-09-21 14:51:44 - [TEST_CASE][PASSED] - Test Cases/WEB-UI-TESTS/SysAdmin/SystemAdmin-Login: Test Cases/WEB-UI-TESTS/SysAdmin/SystemAdmin-Login

2020-09-21 14:51:44 - [TEST_STEP][PASSED] - openBrowser(URL): Browser is opened with url: 'https://fdr-katalon.cammis-mod-dev.dhcs.ca.gov'

2020-09-21 14:51:44 - [MESSAGE][INFO] - Starting 'Chrome' driver

2020-09-21 14:51:44 - [MESSAGE][INFO] - Action delay is set to 0 milliseconds

2020-09-21 14:51:48 - [MESSAGE][PASSED] - Browser is opened with url: 'https://fdr-katalon.cammis-mod-dev.dhcs.ca.gov'

2020-09-21 14:51:48 - [TEST_STEP][PASSED] - maximizeWindow(): Current window maximized

2020-09-21 14:51:50 - [MESSAGE][PASSED] - Current window maximized

2020-09-21 14:51:50 - [TEST_STEP][PASSED] - refresh(): Refresh successfully

2020-09-21 14:51:50 - [MESSAGE][PASSED] - Refresh successfully

2020-09-21 14:51:50 - [TEST_STEP][PASSED] - delay(2): Delayed 2 second(s)

2020-09-21 14:51:52 - [MESSAGE][PASSED] - Delayed 2 second(s)

2020-09-21 14:51:52 - [TEST_STEP][PASSED] - waitForElementPresent(findTestObject("FDR-System-Admin/SysAdmin-SignIn/adminEmail"), 5): Object 'Object Repository/FDR-System-Admin/SysAdmin-SignIn/adminEmail' is present

2020-09-21 14:51:52 - [MESSAGE][PASSED] - Object 'Object Repository/FDR-System-Admin/SysAdmin-SignIn/adminEmail' is present

2020-09-21 14:51:52 - [TEST_STEP][PASSED] - setText(findTestObject("FDR-System-Admin/SysAdmin-SignIn/adminEmail"), adminEmail): Text 'fdr.test10@dhcs.ca.gov
' is set on object 'Object Repository/FDR-System-Admin/SysAdmin-SignIn/adminEmail'

2020-09-21 14:51:53 - [MESSAGE][PASSED] - Text 'fdr.test10@dhcs.ca.gov
' is set on object 'Object Repository/FDR-System-Admin/SysAdmin-SignIn/adminEmail'

2020-09-21 14:51:53 - [TEST_STEP][PASSED] - waitForElementPresent(findTestObject("FDR-System-Admin/SysAdmin-SignIn/adminUserName"), 5): Object 'Object Repository/FDR-System-Admin/SysAdmin-SignIn/adminUserName' is present

2020-09-21 14:51:56 - [MESSAGE][PASSED] - Object 'Object Repository/FDR-System-Admin/SysAdmin-SignIn/adminUserName' is present

2020-09-21 14:51:56 - [TEST_STEP][PASSED] - setText(findTestObject("FDR-System-Admin/SysAdmin-SignIn/adminUserName"), UserName): Text 'fdr.test10@dhcs.ca.gov' is set on object 'Object Repository/FDR-System-Admin/SysAdmin-SignIn/adminUserName'

2020-09-21 14:51:57 - [MESSAGE][PASSED] - Text 'fdr.test10@dhcs.ca.gov' is set on object 'Object Repository/FDR-System-Admin/SysAdmin-SignIn/adminUserName'

2020-09-21 14:51:57 - [TEST_STEP][PASSED] - setText(findTestObject("FDR-System-Admin/SysAdmin-SignIn/adminPass"), Password): Text 'Password18' is set on object 'Object Repository/FDR-System-Admin/SysAdmin-SignIn/adminPass'

2020-09-21 14:51:57 - [MESSAGE][PASSED] - Text 'Password18' is set on object 'Object Repository/FDR-System-Admin/SysAdmin-SignIn/adminPass'

2020-09-21 14:51:57 - [TEST_STEP][PASSED] - click(findTestObject("FDR-System-Admin/SysAdmin-SignIn/adminSignIn")): Object: 'Object Repository/FDR-System-Admin/SysAdmin-SignIn/adminSignIn' is clicked on

2020-09-21 14:51:59 - [MESSAGE][PASSED] - Object: 'Object Repository/FDR-System-Admin/SysAdmin-SignIn/adminSignIn' is clicked on

2020-09-21 14:51:59 - [TEST_STEP][PASSED] - waitForElementPresent(findTestObject("Object Repository/FDR-System-Admin/SysAdmin-Dashboard/maintainReferenceDataBtn"), 3): Object 'Object Repository/FDR-System-Admin/SysAdmin-Dashboard/maintainReferenceDataBtn' is present

2020-09-21 14:52:01 - [MESSAGE][PASSED] - Object 'Object Repository/FDR-System-Admin/SysAdmin-Dashboard/maintainReferenceDataBtn' is present

2020-09-21 14:52:01 - [TEST_STEP][PASSED] - verifyElementPresent(findTestObject("Object Repository/FDR-System-Admin/SysAdmin-Dashboard/maintainReferenceDataBtn"), Timeout): Object 'Object Repository/FDR-System-Admin/SysAdmin-Dashboard/maintainReferenceDataBtn' is present

2020-09-21 14:52:01 - [MESSAGE][PASSED] - Object 'Object Repository/FDR-System-Admin/SysAdmin-Dashboard/maintainReferenceDataBtn' is present

2020-09-21 14:52:01 - [TEST_STEP][PASSED] - refresh(): Refresh successfully

2020-09-21 14:52:02 - [MESSAGE][PASSED] - Refresh successfully

2020-09-21 14:52:02 - [MESSAGE][PASSED] - Call Test Case 'Test Cases/WEB-UI-TESTS/SysAdmin/SystemAdmin-Login' successfully

2020-09-21 14:52:02 - [TEST_STEP][PASSED] - Start listener action : sampleBeforeTestCase: null

2020-09-21 14:52:02 - [TEST_STEP][PASSED] - profileName = getExecutionProfile(): null

2020-09-21 14:52:02 - [TEST_STEP][PASSED] - testCaseId = testCaseContext.getTestCaseId(): null

2020-09-21 14:52:02 - [TEST_STEP][PASSED] - switch (profileName): null

2020-09-21 14:52:02 - [TEST_STEP][PASSED] - Default: null

2020-09-21 14:52:02 - [TEST_STEP][PASSED] - return null: null

2020-09-21 14:52:02 - [TEST_STEP][PASSED] - Start listener action : executeRows: null

2020-09-21 14:52:02 - [TEST_STEP][PASSED] - click(findTestObject("Object Repository/FDR-System-Admin/SysAdmin-Dashboard/maintainReferenceDataBtn")): Object: 'Object Repository/FDR-System-Admin/SysAdmin-Dashboard/maintainReferenceDataBtn' is clicked on

2020-09-21 14:52:02 - [MESSAGE][PASSED] - Object: 'Object Repository/FDR-System-Admin/SysAdmin-Dashboard/maintainReferenceDataBtn' is clicked on

2020-09-21 14:52:02 - [TEST_STEP][PASSED] - click(findTestObject("FDR-System-Admin/FDR-ReferencePage/reference-data")): Object: 'Object Repository/FDR-System-Admin/FDR-ReferencePage/reference-data' is clicked on

2020-09-21 14:52:03 - [MESSAGE][PASSED] - Object: 'Object Repository/FDR-System-Admin/FDR-ReferencePage/reference-data' is clicked on

2020-09-21 14:52:03 - [TEST_STEP][PASSED] - setText(findTestObject("FDR-System-Admin/FDR-ReferencePage/referenceDataNameInput"), "supplier"): Text 'supplier' is set on object 'Object Repository/FDR-System-Admin/FDR-ReferencePage/referenceDataNameInput'

2020-09-21 14:52:03 - [MESSAGE][PASSED] - Text 'supplier' is set on object 'Object Repository/FDR-System-Admin/FDR-ReferencePage/referenceDataNameInput'

2020-09-21 14:52:03 - [TEST_STEP][PASSED] - click(findTestObject("FDR-System-Admin/FDR-ReferencePage/supplierReference/supplierDetail/supplier")): Object: 'Object Repository/FDR-System-Admin/FDR-ReferencePage/supplierReference/supplierDetail/supplier' is clicked on

2020-09-21 14:52:04 - [MESSAGE][PASSED] - Object: 'Object Repository/FDR-System-Admin/FDR-ReferencePage/supplierReference/supplierDetail/supplier' is clicked on

2020-09-21 14:52:04 - [TEST_STEP][PASSED] - waitForElementPresent(findTestObject("FDR-System-Admin/FDR-Add-Suppliers/addSupplierBtn"), 3): Object 'Object Repository/FDR-System-Admin/FDR-Add-Suppliers/addSupplierBtn' is present

2020-09-21 14:52:05 - [MESSAGE][PASSED] - Object 'Object Repository/FDR-System-Admin/FDR-Add-Suppliers/addSupplierBtn' is present

2020-09-21 14:52:05 - [TEST_STEP][PASSED] - click(findTestObject("FDR-System-Admin/FDR-Add-Suppliers/addSupplierBtn")): Object: 'Object Repository/FDR-System-Admin/FDR-Add-Suppliers/addSupplierBtn' is clicked on

2020-09-21 14:52:05 - [MESSAGE][PASSED] - Object: 'Object Repository/FDR-System-Admin/FDR-Add-Suppliers/addSupplierBtn' is clicked on

2020-09-21 14:52:05 - [TEST_STEP][PASSED] - supplierCode = RandomStringUtils.randomNumeric(10): null

2020-09-21 14:52:05 - [TEST_STEP][PASSED] - supplierName = RandomStringUtils.randomAlphabetic(10): null

2020-09-21 14:52:05 - [TEST_STEP][PASSED] - waitForElementPresent(findTestObject("FDR-System-Admin/FDR-Add-Suppliers/supplierCode"), 3): Object 'Object Repository/FDR-System-Admin/FDR-Add-Suppliers/supplierCode' is present

2020-09-21 14:52:05 - [MESSAGE][PASSED] - Object 'Object Repository/FDR-System-Admin/FDR-Add-Suppliers/supplierCode' is present

2020-09-21 14:52:05 - [TEST_STEP][PASSED] - setText(findTestObject("FDR-System-Admin/FDR-Add-Suppliers/supplierCode"), supplierCode): Text '7367544903' is set on object 'Object Repository/FDR-System-Admin/FDR-Add-Suppliers/supplierCode'

2020-09-21 14:52:06 - [MESSAGE][PASSED] - Text '7367544903' is set on object 'Object Repository/FDR-System-Admin/FDR-Add-Suppliers/supplierCode'

2020-09-21 14:52:06 - [TEST_STEP][PASSED] - waitForElementPresent(findTestObject("FDR-System-Admin/FDR-Add-Suppliers/supplierName"), 3): Object 'Object Repository/FDR-System-Admin/FDR-Add-Suppliers/supplierName' is present

2020-09-21 14:52:06 - [MESSAGE][PASSED] - Object 'Object Repository/FDR-System-Admin/FDR-Add-Suppliers/supplierName' is present

2020-09-21 14:52:06 - [TEST_STEP][PASSED] - setText(findTestObject("FDR-System-Admin/FDR-Add-Suppliers/supplierName"), supplierName): Text 'OjmxdbAePi' is set on object 'Object Repository/FDR-System-Admin/FDR-Add-Suppliers/supplierName'

2020-09-21 14:52:07 - [MESSAGE][PASSED] - Text 'OjmxdbAePi' is set on object 'Object Repository/FDR-System-Admin/FDR-Add-Suppliers/supplierName'

2020-09-21 14:52:07 - [TEST_STEP][PASSED] - waitForElementPresent(findTestObject("FDR-System-Admin/FDR-Add-Suppliers/addSupplierConfirmBtn"), 3): Object 'Object Repository/FDR-System-Admin/FDR-Add-Suppliers/addSupplierConfirmBtn' is present

2020-09-21 14:52:08 - [MESSAGE][PASSED] - Object 'Object Repository/FDR-System-Admin/FDR-Add-Suppliers/addSupplierConfirmBtn' is present

2020-09-21 14:52:08 - [TEST_STEP][PASSED] - click(findTestObject("FDR-System-Admin/FDR-Add-Suppliers/addSupplierConfirmBtn")): Object: 'Object Repository/FDR-System-Admin/FDR-Add-Suppliers/addSupplierConfirmBtn' is clicked on

2020-09-21 14:52:08 - [MESSAGE][PASSED] - Object: 'Object Repository/FDR-System-Admin/FDR-Add-Suppliers/addSupplierConfirmBtn' is clicked on

2020-09-21 14:52:08 - [TEST_STEP][PASSED] - waitForElementPresent(findTestObject("FDR-System-Admin/FDR-ReferencePage/supplierReference/supplierDetail/supplierHeader"), 3): Object 'Object Repository/FDR-System-Admin/FDR-ReferencePage/supplierReference/supplierDetail/supplierHeader' is present

2020-09-21 14:52:09 - [MESSAGE][PASSED] - Object 'Object Repository/FDR-System-Admin/FDR-ReferencePage/supplierReference/supplierDetail/supplierHeader' is present

2020-09-21 14:52:09 - [TEST_STEP][PASSED] - waitForElementPresent(findTestObject("FDR-System-Admin/FDR-Edit-Supplier/editSupplierElipsis"), 3): Object 'Object Repository/FDR-System-Admin/FDR-Edit-Supplier/editSupplierElipsis' is present

2020-09-21 14:52:09 - [MESSAGE][PASSED] - Object 'Object Repository/FDR-System-Admin/FDR-Edit-Supplier/editSupplierElipsis' is present

2020-09-21 14:52:09 - [TEST_STEP][PASSED] - click(findTestObject("FDR-System-Admin/FDR-Edit-Supplier/editSupplierElipsis")): Object: 'Object Repository/FDR-System-Admin/FDR-Edit-Supplier/editSupplierElipsis' is clicked on

2020-09-21 14:52:09 - [MESSAGE][PASSED] - Object: 'Object Repository/FDR-System-Admin/FDR-Edit-Supplier/editSupplierElipsis' is clicked on

2020-09-21 14:52:09 - [TEST_STEP][PASSED] - waitForElementPresent(findTestObject("FDR-System-Admin/FDR-Edit-Supplier/editSupplierBtn"), 3): Object 'Object Repository/FDR-System-Admin/FDR-Edit-Supplier/editSupplierBtn' is present

2020-09-21 14:52:10 - [MESSAGE][PASSED] - Object 'Object Repository/FDR-System-Admin/FDR-Edit-Supplier/editSupplierBtn' is present

2020-09-21 14:52:10 - [TEST_STEP][PASSED] - click(findTestObject("FDR-System-Admin/FDR-Edit-Supplier/editSupplierBtn")): Object: 'Object Repository/FDR-System-Admin/FDR-Edit-Supplier/editSupplierBtn' is clicked on

2020-09-21 14:52:10 - [MESSAGE][PASSED] - Object: 'Object Repository/FDR-System-Admin/FDR-Edit-Supplier/editSupplierBtn' is clicked on

2020-09-21 14:52:10 - [TEST_STEP][PASSED] - waitForElementPresent(findTestObject("FDR-System-Admin/FDR-Edit-Supplier/editSupplierHeaderLabel"), 3): Object 'Object Repository/FDR-System-Admin/FDR-Edit-Supplier/editSupplierHeaderLabel' is present

2020-09-21 14:52:11 - [MESSAGE][PASSED] - Object 'Object Repository/FDR-System-Admin/FDR-Edit-Supplier/editSupplierHeaderLabel' is present

2020-09-21 14:52:11 - [TEST_STEP][PASSED] - editSupplierCode = RandomStringUtils.randomNumeric(10): null

2020-09-21 14:52:11 - [TEST_STEP][PASSED] - waitForElementPresent(findTestObject("FDR-System-Admin/FDR-Add-Suppliers/supplierCode"), 3): Object 'Object Repository/FDR-System-Admin/FDR-Add-Suppliers/supplierCode' is present

2020-09-21 14:52:11 - [MESSAGE][PASSED] - Object 'Object Repository/FDR-System-Admin/FDR-Add-Suppliers/supplierCode' is present

2020-09-21 14:52:11 - [TEST_STEP][PASSED] - doubleClick(findTestObject("FDR-System-Admin/FDR-Add-Suppliers/supplierCode")): Object: 'Object Repository/FDR-System-Admin/FDR-Add-Suppliers/supplierCode' is double clicked on

2020-09-21 14:52:11 - [MESSAGE][PASSED] - Object: 'Object Repository/FDR-System-Admin/FDR-Add-Suppliers/supplierCode' is double clicked on

2020-09-21 14:52:11 - [TEST_STEP][PASSED] - sendKeys(findTestObject("FDR-System-Admin/FDR-Add-Suppliers/supplierCode"), Keys.chord(BACK_SPACE)): Keys 'BACK_SPACE + ' sent to object: 'Object Repository/FDR-System-Admin/FDR-Add-Suppliers/supplierCode'

2020-09-21 14:52:12 - [MESSAGE][PASSED] - Keys 'BACK_SPACE + ' sent to object: 'Object Repository/FDR-System-Admin/FDR-Add-Suppliers/supplierCode'

2020-09-21 14:52:12 - [TEST_STEP][PASSED] - setText(findTestObject("FDR-System-Admin/FDR-Add-Suppliers/supplierCode"), editSupplierCode): Text '7263868106' is set on object 'Object Repository/FDR-System-Admin/FDR-Add-Suppliers/supplierCode'

2020-09-21 14:52:12 - [MESSAGE][PASSED] - Text '7263868106' is set on object 'Object Repository/FDR-System-Admin/FDR-Add-Suppliers/supplierCode'

2020-09-21 14:52:12 - [TEST_STEP][PASSED] - waitForElementPresent(findTestObject("FDR-System-Admin/FDR-Edit-Supplier/saveSupplierBtn"), 3): Object 'Object Repository/FDR-System-Admin/FDR-Edit-Supplier/saveSupplierBtn' is present

2020-09-21 14:52:13 - [MESSAGE][PASSED] - Object 'Object Repository/FDR-System-Admin/FDR-Edit-Supplier/saveSupplierBtn' is present

2020-09-21 14:52:13 - [TEST_STEP][PASSED] - click(findTestObject("FDR-System-Admin/FDR-Edit-Supplier/saveSupplierBtn")): Object: 'Object Repository/FDR-System-Admin/FDR-Edit-Supplier/saveSupplierBtn' is clicked on

2020-09-21 14:52:13 - [MESSAGE][PASSED] - Object: 'Object Repository/FDR-System-Admin/FDR-Edit-Supplier/saveSupplierBtn' is clicked on

2020-09-21 14:52:13 - [TEST_STEP][PASSED] - waitForElementPresent(findTestObject("FDR-System-Admin/FDR-ReferencePage/supplierReference/supplierDetail/supplierHeader"), 3): Object 'Object Repository/FDR-System-Admin/FDR-ReferencePage/supplierReference/supplierDetail/supplierHeader' is present

2020-09-21 14:52:14 - [MESSAGE][PASSED] - Object 'Object Repository/FDR-System-Admin/FDR-ReferencePage/supplierReference/supplierDetail/supplierHeader' is present

2020-09-21 14:52:14 - [TEST_STEP][PASSED] - waitForElementPresent(findTestObject("Object Repository/FDR-System-Admin/FDR-Add-Suppliers/FDR-AddAddress/addAddressBtn"), 3): Object 'Object Repository/FDR-System-Admin/FDR-Add-Suppliers/FDR-AddAddress/addAddressBtn' is present

2020-09-21 14:52:14 - [MESSAGE][PASSED] - Object 'Object Repository/FDR-System-Admin/FDR-Add-Suppliers/FDR-AddAddress/addAddressBtn' is present

2020-09-21 14:52:14 - [TEST_STEP][PASSED] - click(findTestObject("Object Repository/FDR-System-Admin/FDR-Add-Suppliers/FDR-AddAddress/addAddressBtn")): Object: 'Object Repository/FDR-System-Admin/FDR-Add-Suppliers/FDR-AddAddress/addAddressBtn' is clicked on

2020-09-21 14:52:14 - [MESSAGE][PASSED] - Object: 'Object Repository/FDR-System-Admin/FDR-Add-Suppliers/FDR-AddAddress/addAddressBtn' is clicked on

2020-09-21 14:52:14 - [TEST_STEP][PASSED] - waitForElementPresent(findTestObject("Object Repository/FDR-System-Admin/FDR-Add-Suppliers/FDR-AddAddress/sequenceNum"), 3): Object 'Object Repository/FDR-System-Admin/FDR-Add-Suppliers/FDR-AddAddress/sequenceNum' is present

2020-09-21 14:52:15 - [MESSAGE][PASSED] - Object 'Object Repository/FDR-System-Admin/FDR-Add-Suppliers/FDR-AddAddress/sequenceNum' is present

2020-09-21 14:52:15 - [TEST_STEP][PASSED] - setText(findTestObject("Object Repository/FDR-System-Admin/FDR-Add-Suppliers/FDR-AddAddress/sequenceNum"), SequenceNum): Text '00' is set on object 'Object Repository/FDR-System-Admin/FDR-Add-Suppliers/FDR-AddAddress/sequenceNum'

2020-09-21 14:52:15 - [MESSAGE][PASSED] - Text '00' is set on object 'Object Repository/FDR-System-Admin/FDR-Add-Suppliers/FDR-AddAddress/sequenceNum'

2020-09-21 14:52:15 - [TEST_STEP][PASSED] - waitForElementPresent(findTestObject("Object Repository/FDR-System-Admin/FDR-Add-Suppliers/FDR-AddAddress/addressLine"), 3): Object 'Object Repository/FDR-System-Admin/FDR-Add-Suppliers/FDR-AddAddress/addressLine' is present

2020-09-21 14:52:16 - [MESSAGE][PASSED] - Object 'Object Repository/FDR-System-Admin/FDR-Add-Suppliers/FDR-AddAddress/addressLine' is present

2020-09-21 14:52:16 - [TEST_STEP][PASSED] - setText(findTestObject("Object Repository/FDR-System-Admin/FDR-Add-Suppliers/FDR-AddAddress/addressLine"), AddressLine): Text '830 Stillwater Rd' is set on object 'Object Repository/FDR-System-Admin/FDR-Add-Suppliers/FDR-AddAddress/addressLine'

2020-09-21 14:52:17 - [MESSAGE][PASSED] - Text '830 Stillwater Rd' is set on object 'Object Repository/FDR-System-Admin/FDR-Add-Suppliers/FDR-AddAddress/addressLine'

2020-09-21 14:52:17 - [TEST_STEP][PASSED] - waitForElementPresent(findTestObject("Object Repository/FDR-System-Admin/FDR-Add-Suppliers/FDR-AddAddress/cityName"), 3): Object 'Object Repository/FDR-System-Admin/FDR-Add-Suppliers/FDR-AddAddress/cityName' is present

2020-09-21 14:52:17 - [MESSAGE][PASSED] - Object 'Object Repository/FDR-System-Admin/FDR-Add-Suppliers/FDR-AddAddress/cityName' is present

2020-09-21 14:52:17 - [TEST_STEP][PASSED] - setText(findTestObject("Object Repository/FDR-System-Admin/FDR-Add-Suppliers/FDR-AddAddress/cityName"), City): Text 'West Sacramento' is set on object 'Object Repository/FDR-System-Admin/FDR-Add-Suppliers/FDR-AddAddress/cityName'

2020-09-21 14:52:18 - [MESSAGE][PASSED] - Text 'West Sacramento' is set on object 'Object Repository/FDR-System-Admin/FDR-Add-Suppliers/FDR-AddAddress/cityName'

2020-09-21 14:52:18 - [TEST_STEP][PASSED] - waitForElementPresent(findTestObject("Object Repository/FDR-System-Admin/FDR-Add-Suppliers/FDR-AddAddress/stateName"), 3): Object 'Object Repository/FDR-System-Admin/FDR-Add-Suppliers/FDR-AddAddress/stateName' is present

2020-09-21 14:52:18 - [MESSAGE][PASSED] - Object 'Object Repository/FDR-System-Admin/FDR-Add-Suppliers/FDR-AddAddress/stateName' is present

2020-09-21 14:52:18 - [TEST_STEP][PASSED] - sendKeys(findTestObject("Object Repository/FDR-System-Admin/FDR-Add-Suppliers/FDR-AddAddress/stateName"), State + Keys.chord(ARROW_DOWN) + Keys.chord(ENTER)): Keys 'DOWN + ENTER + CA' sent to object: 'Object Repository/FDR-System-Admin/FDR-Add-Suppliers/FDR-AddAddress/stateName'

2020-09-21 14:52:19 - [MESSAGE][PASSED] - Keys 'DOWN + ENTER + CA' sent to object: 'Object Repository/FDR-System-Admin/FDR-Add-Suppliers/FDR-AddAddress/stateName'

2020-09-21 14:52:19 - [TEST_STEP][PASSED] - waitForElementPresent(findTestObject("Object Repository/FDR-System-Admin/FDR-Add-Suppliers/FDR-AddAddress/zipCode"), 3): Object 'Object Repository/FDR-System-Admin/FDR-Add-Suppliers/FDR-AddAddress/zipCode' is present

2020-09-21 14:52:19 - [MESSAGE][PASSED] - Object 'Object Repository/FDR-System-Admin/FDR-Add-Suppliers/FDR-AddAddress/zipCode' is present

2020-09-21 14:52:19 - [TEST_STEP][PASSED] - setText(findTestObject("Object Repository/FDR-System-Admin/FDR-Add-Suppliers/FDR-AddAddress/zipCode"), ZipCode): Text '95605-1243' is set on object 'Object Repository/FDR-System-Admin/FDR-Add-Suppliers/FDR-AddAddress/zipCode'

2020-09-21 14:52:20 - [MESSAGE][PASSED] - Text '95605-1243' is set on object 'Object Repository/FDR-System-Admin/FDR-Add-Suppliers/FDR-AddAddress/zipCode'

2020-09-21 14:52:20 - [TEST_STEP][PASSED] - waitForElementPresent(findTestObject("Object Repository/FDR-System-Admin/FDR-Add-Suppliers/FDR-AddAddress/addAddressConfirmBtn"), 3): Object 'Object Repository/FDR-System-Admin/FDR-Add-Suppliers/FDR-AddAddress/addAddressConfirmBtn' is present

2020-09-21 14:52:20 - [MESSAGE][PASSED] - Object 'Object Repository/FDR-System-Admin/FDR-Add-Suppliers/FDR-AddAddress/addAddressConfirmBtn' is present

2020-09-21 14:52:20 - [TEST_STEP][PASSED] - click(findTestObject("Object Repository/FDR-System-Admin/FDR-Add-Suppliers/FDR-AddAddress/addAddressConfirmBtn")): Object: 'Object Repository/FDR-System-Admin/FDR-Add-Suppliers/FDR-AddAddress/addAddressConfirmBtn' is clicked on

2020-09-21 14:52:21 - [MESSAGE][PASSED] - Object: 'Object Repository/FDR-System-Admin/FDR-Add-Suppliers/FDR-AddAddress/addAddressConfirmBtn' is clicked on

2020-09-21 14:52:21 - [TEST_STEP][PASSED] - waitForElementPresent(findTestObject("FDR-System-Admin/FDR-ReferencePage/supplierReference/supplierDetail/supplierHeader"), 3): Object 'Object Repository/FDR-System-Admin/FDR-ReferencePage/supplierReference/supplierDetail/supplierHeader' is present

2020-09-21 14:52:21 - [MESSAGE][PASSED] - Object 'Object Repository/FDR-System-Admin/FDR-ReferencePage/supplierReference/supplierDetail/supplierHeader' is present

2020-09-21 14:52:21 - [TEST_STEP][PASSED] - refresh(): Refresh successfully

2020-09-21 14:52:22 - [MESSAGE][PASSED] - Refresh successfully

2020-09-21 14:52:22 - [TEST_STEP][PASSED] - delay(3): Delayed 3 second(s)

2020-09-21 14:52:25 - [MESSAGE][PASSED] - Delayed 3 second(s)

2020-09-21 14:52:25 - [TEST_STEP][PASSED] - waitForElementPresent(findTestObject("Object Repository/FDR-System-Admin/FDR-Add-Suppliers/FDR-Address-DetailsPage/addressDetailsBtn"), 3): Object 'Object Repository/FDR-System-Admin/FDR-Add-Suppliers/FDR-Address-DetailsPage/addressDetailsBtn' is present

2020-09-21 14:52:25 - [MESSAGE][PASSED] - Object 'Object Repository/FDR-System-Admin/FDR-Add-Suppliers/FDR-Address-DetailsPage/addressDetailsBtn' is present

2020-09-21 14:52:25 - [TEST_STEP][PASSED] - click(findTestObject("Object Repository/FDR-System-Admin/FDR-Add-Suppliers/FDR-Address-DetailsPage/addressDetailsBtn")): Object: 'Object Repository/FDR-System-Admin/FDR-Add-Suppliers/FDR-Address-DetailsPage/addressDetailsBtn' is clicked on

2020-09-21 14:52:25 - [MESSAGE][PASSED] - Object: 'Object Repository/FDR-System-Admin/FDR-Add-Suppliers/FDR-Address-DetailsPage/addressDetailsBtn' is clicked on

2020-09-21 14:52:25 - [TEST_STEP][PASSED] - cityLabel = getText(findTestObject("Object Repository/FDR-System-Admin/FDR-Add-Suppliers/FDR-Address-DetailsPage/cityLabel")): Text of object 'Object Repository/FDR-System-Admin/FDR-Add-Suppliers/FDR-Address-DetailsPage/cityLabel' is: 'CITY'

2020-09-21 14:52:26 - [MESSAGE][PASSED] - Text of object 'Object Repository/FDR-System-Admin/FDR-Add-Suppliers/FDR-Address-DetailsPage/cityLabel' is: 'CITY'

2020-09-21 14:52:26 - [TEST_STEP][PASSED] - stateLabel = getText(findTestObject("Object Repository/FDR-System-Admin/FDR-Add-Suppliers/FDR-Address-DetailsPage/stateLabel")): Text of object 'Object Repository/FDR-System-Admin/FDR-Add-Suppliers/FDR-Address-DetailsPage/stateLabel' is: 'STATE'

2020-09-21 14:52:26 - [MESSAGE][PASSED] - Text of object 'Object Repository/FDR-System-Admin/FDR-Add-Suppliers/FDR-Address-DetailsPage/stateLabel' is: 'STATE'

2020-09-21 14:52:26 - [TEST_STEP][PASSED] - zipCodeLabel = getText(findTestObject("Object Repository/FDR-System-Admin/FDR-Add-Suppliers/FDR-Address-DetailsPage/zipcodeLabel")): Text of object 'Object Repository/FDR-System-Admin/FDR-Add-Suppliers/FDR-Address-DetailsPage/zipcodeLabel' is: 'ZIP CODE'

2020-09-21 14:52:26 - [MESSAGE][PASSED] - Text of object 'Object Repository/FDR-System-Admin/FDR-Add-Suppliers/FDR-Address-DetailsPage/zipcodeLabel' is: 'ZIP CODE'

2020-09-21 14:52:26 - [TEST_STEP][PASSED] - assert cityLabel == "CITY": null

2020-09-21 14:52:26 - [TEST_STEP][PASSED] - assert stateLabel == "STATE": null

2020-09-21 14:52:26 - [TEST_STEP][PASSED] - assert zipCodeLabel == "ZIP CODE": null

2020-09-21 14:52:26 - [TEST_STEP][PASSED] - waitForElementPresent(findTestObject("FDR-System-Admin/FDR-Edit-Supplier/editSupplierElipsis"), 3): Object 'Object Repository/FDR-System-Admin/FDR-Edit-Supplier/editSupplierElipsis' is present

2020-09-21 14:52:27 - [MESSAGE][PASSED] - Object 'Object Repository/FDR-System-Admin/FDR-Edit-Supplier/editSupplierElipsis' is present

2020-09-21 14:52:27 - [TEST_STEP][PASSED] - click(findTestObject("FDR-System-Admin/FDR-Edit-Supplier/editSupplierElipsis")): Object: 'Object Repository/FDR-System-Admin/FDR-Edit-Supplier/editSupplierElipsis' is clicked on

2020-09-21 14:52:27 - [MESSAGE][PASSED] - Object: 'Object Repository/FDR-System-Admin/FDR-Edit-Supplier/editSupplierElipsis' is clicked on

2020-09-21 14:52:27 - [TEST_STEP][PASSED] - waitForElementPresent(findTestObject("FDR-System-Admin/FDR-Edit-Supplier/editSupplierBtn"), 3): Object 'Object Repository/FDR-System-Admin/FDR-Edit-Supplier/editSupplierBtn' is present

2020-09-21 14:52:27 - [MESSAGE][PASSED] - Object 'Object Repository/FDR-System-Admin/FDR-Edit-Supplier/editSupplierBtn' is present

2020-09-21 14:52:27 - [TEST_STEP][PASSED] - click(findTestObject("FDR-System-Admin/FDR-Edit-Supplier/editSupplierBtn")): Object: 'Object Repository/FDR-System-Admin/FDR-Edit-Supplier/editSupplierBtn' is clicked on

2020-09-21 14:52:28 - [MESSAGE][PASSED] - Object: 'Object Repository/FDR-System-Admin/FDR-Edit-Supplier/editSupplierBtn' is clicked on

2020-09-21 14:52:28 - [TEST_STEP][PASSED] - waitForElementPresent(findTestObject("Object Repository/FDR-System-Admin/FDR-Add-Suppliers/FDR-EditAddress/editAddressHeader"), 3): Object 'Object Repository/FDR-System-Admin/FDR-Add-Suppliers/FDR-EditAddress/editAddressHeader' is present

2020-09-21 14:52:29 - [MESSAGE][PASSED] - Object 'Object Repository/FDR-System-Admin/FDR-Add-Suppliers/FDR-EditAddress/editAddressHeader' is present

2020-09-21 14:52:29 - [TEST_STEP][PASSED] - doubleClick(findTestObject("Object Repository/FDR-System-Admin/FDR-Add-Suppliers/FDR-EditAddress/addressInputField")): Object: 'Object Repository/FDR-System-Admin/FDR-Add-Suppliers/FDR-EditAddress/addressInputField' is double clicked on

2020-09-21 14:52:29 - [MESSAGE][PASSED] - Object: 'Object Repository/FDR-System-Admin/FDR-Add-Suppliers/FDR-EditAddress/addressInputField' is double clicked on

2020-09-21 14:52:29 - [TEST_STEP][PASSED] - sendKeys(findTestObject("Object Repository/FDR-System-Admin/FDR-Add-Suppliers/FDR-EditAddress/addressInputField"), Keys.chord(BACK_SPACE)): Keys 'BACK_SPACE + ' sent to object: 'Object Repository/FDR-System-Admin/FDR-Add-Suppliers/FDR-EditAddress/addressInputField'

2020-09-21 14:52:29 - [MESSAGE][PASSED] - Keys 'BACK_SPACE + ' sent to object: 'Object Repository/FDR-System-Admin/FDR-Add-Suppliers/FDR-EditAddress/addressInputField'

2020-09-21 14:52:29 - [TEST_STEP][PASSED] - aptNo = RandomStringUtils.randomNumeric(3): null

2020-09-21 14:52:29 - [TEST_STEP][PASSED] - setText(findTestObject("Object Repository/FDR-System-Admin/FDR-Add-Suppliers/FDR-EditAddress/addressInputField"), aptNo): Text '644' is set on object 'Object Repository/FDR-System-Admin/FDR-Add-Suppliers/FDR-EditAddress/addressInputField'

2020-09-21 14:52:30 - [MESSAGE][PASSED] - Text '644' is set on object 'Object Repository/FDR-System-Admin/FDR-Add-Suppliers/FDR-EditAddress/addressInputField'

2020-09-21 14:52:30 - [TEST_STEP][PASSED] - waitForElementPresent(findTestObject("Object Repository/FDR-System-Admin/FDR-Add-Suppliers/FDR-EditAddress/saveAddressBtn"), 3): Object 'Object Repository/FDR-System-Admin/FDR-Add-Suppliers/FDR-EditAddress/saveAddressBtn' is present

2020-09-21 14:52:30 - [MESSAGE][PASSED] - Object 'Object Repository/FDR-System-Admin/FDR-Add-Suppliers/FDR-EditAddress/saveAddressBtn' is present

2020-09-21 14:52:30 - [TEST_STEP][PASSED] - click(findTestObject("Object Repository/FDR-System-Admin/FDR-Add-Suppliers/FDR-EditAddress/saveAddressBtn")): Object: 'Object Repository/FDR-System-Admin/FDR-Add-Suppliers/FDR-EditAddress/saveAddressBtn' is clicked on

2020-09-21 14:52:31 - [MESSAGE][PASSED] - Object: 'Object Repository/FDR-System-Admin/FDR-Add-Suppliers/FDR-EditAddress/saveAddressBtn' is clicked on

2020-09-21 14:52:31 - [TEST_STEP][PASSED] - waitForElementPresent(findTestObject("Object Repository/FDR-System-Admin/FDR-Add-Suppliers/FDR-EditAddress/addressDetailsHeader"), 3): Object 'Object Repository/FDR-System-Admin/FDR-Add-Suppliers/FDR-EditAddress/addressDetailsHeader' is present

2020-09-21 14:52:31 - [MESSAGE][PASSED] - Object 'Object Repository/FDR-System-Admin/FDR-Add-Suppliers/FDR-EditAddress/addressDetailsHeader' is present

2020-09-21 14:52:31 - [TEST_STEP][PASSED] - waitForElementPresent(findTestObject("FDR-System-Admin/FDR-Add-Suppliers/backToSuppliersPage"), 3): Object 'Object Repository/FDR-System-Admin/FDR-Add-Suppliers/backToSuppliersPage' is present

2020-09-21 14:52:31 - [MESSAGE][PASSED] - Object 'Object Repository/FDR-System-Admin/FDR-Add-Suppliers/backToSuppliersPage' is present

2020-09-21 14:52:31 - [TEST_STEP][PASSED] - click(findTestObject("FDR-System-Admin/FDR-Add-Suppliers/backToSuppliersPage")): Object: 'Object Repository/FDR-System-Admin/FDR-Add-Suppliers/backToSuppliersPage' is clicked on

2020-09-21 14:52:32 - [MESSAGE][PASSED] - Object: 'Object Repository/FDR-System-Admin/FDR-Add-Suppliers/backToSuppliersPage' is clicked on

2020-09-21 14:52:32 - [TEST_STEP][PASSED] - if (verifyElementPresent(findTestObject("FDR-System-Admin/FDR-ReferencePage/firstRowOfRefData"), 2)): null

2020-09-21 14:52:32 - [MESSAGE][PASSED] - Object 'Object Repository/FDR-System-Admin/FDR-ReferencePage/firstRowOfRefData' is present

2020-09-21 14:52:32 - [TEST_STEP][PASSED] - click(findTestObject("FDR-System-Admin/FDR-ReferencePage/firstRowOfRefData")): Object: 'Object Repository/FDR-System-Admin/FDR-ReferencePage/firstRowOfRefData' is clicked on

2020-09-21 14:52:33 - [MESSAGE][PASSED] - Object: 'Object Repository/FDR-System-Admin/FDR-ReferencePage/firstRowOfRefData' is clicked on

2020-09-21 14:52:33 - [TEST_STEP][PASSED] - waitForElementPresent(findTestObject("FDR-System-Admin/FDR-ReferencePage/supplierReference/supplierDetail/supplierHeader"), 3): Object 'Object Repository/FDR-System-Admin/FDR-ReferencePage/supplierReference/supplierDetail/supplierHeader' is present

2020-09-21 14:52:33 - [MESSAGE][PASSED] - Object 'Object Repository/FDR-System-Admin/FDR-ReferencePage/supplierReference/supplierDetail/supplierHeader' is present

2020-09-21 14:52:33 - [TEST_STEP][PASSED] - label = getText(findTestObject("FDR-System-Admin/FDR-ReferencePage/supplierReference/supplierDetail/supplierCodeLabel")): Text of object 'Object Repository/FDR-System-Admin/FDR-ReferencePage/supplierReference/supplierDetail/supplierCodeLabel' is: 'SUPPLIER CODE'

2020-09-21 14:52:33 - [MESSAGE][PASSED] - Text of object 'Object Repository/FDR-System-Admin/FDR-ReferencePage/supplierReference/supplierDetail/supplierCodeLabel' is: 'SUPPLIER CODE'

2020-09-21 14:52:33 - [TEST_STEP][PASSED] - assert label == "SUPPLIER CODE": null

2020-09-21 14:52:33 - [TEST_STEP][PASSED] - Start listener action : sampleAfterTestCase: null

2020-09-21 14:52:33 - [TEST_STEP][PASSED] - profileName = getExecutionProfile(): null

2020-09-21 14:52:33 - [TEST_STEP][PASSED] - switch (profileName): null

2020-09-21 14:52:33 - [TEST_STEP][PASSED] - case "superUser":: null

2020-09-21 14:52:33 - [TEST_STEP][PASSED] - return null: null

2020-09-21 14:52:33 - [TEST_STEP][PASSED] - Start listener action : afterTestCase: Browser is closed

2020-09-21 14:52:33 - [TEST_STEP][PASSED] - profileName = getExecutionProfile(): null

2020-09-21 14:52:33 - [TEST_STEP][PASSED] - if (profileName.equalsIgnoreCase("SysAdmin")): Browser is closed

2020-09-21 14:52:33 - [TEST_STEP][PASSED] - closeBrowser(): Browser is closed

2020-09-21 14:52:34 - [MESSAGE][PASSED] - Browser is closed

2020-09-21 14:52:34 - [TEST_STEP][PASSED] - Start listener action : sampleAfterTestCase: null

2020-09-21 14:52:34 - [TEST_STEP][PASSED] - profileName = getExecutionProfile(): null

2020-09-21 14:52:34 - [TEST_STEP][PASSED] - switch (profileName): null

2020-09-21 14:52:34 - [TEST_STEP][PASSED] - Default: null

2020-09-21 14:52:34 - [TEST_STEP][PASSED] - return null: null

2020-09-21 14:52:34 - [TEST_STEP][PASSED] - Start listener action : addFailedTCToList: null]]></system-out>
         <system-err><![CDATA[]]></system-err>
      </testcase>
      <testcase name="Test Cases/WEB-UI-TESTS/SysAdmin/ReferencePage/ReferenceDetail/FDR-Add-ServiceCategoryDetailReview" time="24.627" classname="Test Cases/WEB-UI-TESTS/SysAdmin/ReferencePage/ReferenceDetail/FDR-Add-ServiceCategoryDetailReview" status="PASSED">
         <system-out><![CDATA[2020-09-21 14:52:34 - [TEST_CASE][PASSED] - Test Cases/WEB-UI-TESTS/SysAdmin/ReferencePage/ReferenceDetail/FDR-Add-ServiceCategoryDetailReview: Test Cases/WEB-UI-TESTS/SysAdmin/ReferencePage/ReferenceDetail/FDR-Add-ServiceCategoryDetailReview

2020-09-21 14:52:34 - [TEST_STEP][PASSED] - Start listener action : sampleBeforeTestCase: null

2020-09-21 14:52:34 - [TEST_STEP][PASSED] - profileName = getExecutionProfile(): null

2020-09-21 14:52:34 - [TEST_STEP][PASSED] - switch (profileName): null

2020-09-21 14:52:34 - [TEST_STEP][PASSED] - case "superUser":: null

2020-09-21 14:52:34 - [TEST_STEP][PASSED] - return null: null

2020-09-21 14:52:34 - [TEST_STEP][PASSED] - Start listener action : beforeTestCase: Call Test Case 'Test Cases/WEB-UI-TESTS/SysAdmin/SystemAdmin-Login' successfully

2020-09-21 14:52:34 - [TEST_STEP][PASSED] - profileName = getExecutionProfile(): null

2020-09-21 14:52:34 - [TEST_STEP][PASSED] - if (profileName.equalsIgnoreCase("SysAdmin")): Call Test Case 'Test Cases/WEB-UI-TESTS/SysAdmin/SystemAdmin-Login' successfully

2020-09-21 14:52:34 - [TEST_STEP][PASSED] - callTestCase(findTestCase("Test Cases/WEB-UI-TESTS/SysAdmin/SystemAdmin-Login"), null): Call Test Case 'Test Cases/WEB-UI-TESTS/SysAdmin/SystemAdmin-Login' successfully

2020-09-21 14:52:34 - [TEST_CASE][PASSED] - Test Cases/WEB-UI-TESTS/SysAdmin/SystemAdmin-Login: Test Cases/WEB-UI-TESTS/SysAdmin/SystemAdmin-Login

2020-09-21 14:52:34 - [TEST_STEP][PASSED] - openBrowser(URL): Browser is opened with url: 'https://fdr-katalon.cammis-mod-dev.dhcs.ca.gov'

2020-09-21 14:52:34 - [MESSAGE][INFO] - Starting 'Chrome' driver

2020-09-21 14:52:34 - [MESSAGE][INFO] - Action delay is set to 0 milliseconds

2020-09-21 14:52:38 - [MESSAGE][PASSED] - Browser is opened with url: 'https://fdr-katalon.cammis-mod-dev.dhcs.ca.gov'

2020-09-21 14:52:38 - [TEST_STEP][PASSED] - maximizeWindow(): Current window maximized

2020-09-21 14:52:40 - [MESSAGE][PASSED] - Current window maximized

2020-09-21 14:52:40 - [TEST_STEP][PASSED] - refresh(): Refresh successfully

2020-09-21 14:52:40 - [MESSAGE][PASSED] - Refresh successfully

2020-09-21 14:52:40 - [TEST_STEP][PASSED] - delay(2): Delayed 2 second(s)

2020-09-21 14:52:42 - [MESSAGE][PASSED] - Delayed 2 second(s)

2020-09-21 14:52:42 - [TEST_STEP][PASSED] - waitForElementPresent(findTestObject("FDR-System-Admin/SysAdmin-SignIn/adminEmail"), 5): Object 'Object Repository/FDR-System-Admin/SysAdmin-SignIn/adminEmail' is present

2020-09-21 14:52:43 - [MESSAGE][PASSED] - Object 'Object Repository/FDR-System-Admin/SysAdmin-SignIn/adminEmail' is present

2020-09-21 14:52:43 - [TEST_STEP][PASSED] - setText(findTestObject("FDR-System-Admin/SysAdmin-SignIn/adminEmail"), adminEmail): Text 'fdr.test10@dhcs.ca.gov
' is set on object 'Object Repository/FDR-System-Admin/SysAdmin-SignIn/adminEmail'

2020-09-21 14:52:43 - [MESSAGE][PASSED] - Text 'fdr.test10@dhcs.ca.gov
' is set on object 'Object Repository/FDR-System-Admin/SysAdmin-SignIn/adminEmail'

2020-09-21 14:52:43 - [TEST_STEP][PASSED] - waitForElementPresent(findTestObject("FDR-System-Admin/SysAdmin-SignIn/adminUserName"), 5): Object 'Object Repository/FDR-System-Admin/SysAdmin-SignIn/adminUserName' is present

2020-09-21 14:52:46 - [MESSAGE][PASSED] - Object 'Object Repository/FDR-System-Admin/SysAdmin-SignIn/adminUserName' is present

2020-09-21 14:52:46 - [TEST_STEP][PASSED] - setText(findTestObject("FDR-System-Admin/SysAdmin-SignIn/adminUserName"), UserName): Text 'fdr.test10@dhcs.ca.gov' is set on object 'Object Repository/FDR-System-Admin/SysAdmin-SignIn/adminUserName'

2020-09-21 14:52:47 - [MESSAGE][PASSED] - Text 'fdr.test10@dhcs.ca.gov' is set on object 'Object Repository/FDR-System-Admin/SysAdmin-SignIn/adminUserName'

2020-09-21 14:52:47 - [TEST_STEP][PASSED] - setText(findTestObject("FDR-System-Admin/SysAdmin-SignIn/adminPass"), Password): Text 'Password18' is set on object 'Object Repository/FDR-System-Admin/SysAdmin-SignIn/adminPass'

2020-09-21 14:52:48 - [MESSAGE][PASSED] - Text 'Password18' is set on object 'Object Repository/FDR-System-Admin/SysAdmin-SignIn/adminPass'

2020-09-21 14:52:48 - [TEST_STEP][PASSED] - click(findTestObject("FDR-System-Admin/SysAdmin-SignIn/adminSignIn")): Object: 'Object Repository/FDR-System-Admin/SysAdmin-SignIn/adminSignIn' is clicked on

2020-09-21 14:52:49 - [MESSAGE][PASSED] - Object: 'Object Repository/FDR-System-Admin/SysAdmin-SignIn/adminSignIn' is clicked on

2020-09-21 14:52:49 - [TEST_STEP][PASSED] - waitForElementPresent(findTestObject("Object Repository/FDR-System-Admin/SysAdmin-Dashboard/maintainReferenceDataBtn"), 3): Object 'Object Repository/FDR-System-Admin/SysAdmin-Dashboard/maintainReferenceDataBtn' is present

2020-09-21 14:52:51 - [MESSAGE][PASSED] - Object 'Object Repository/FDR-System-Admin/SysAdmin-Dashboard/maintainReferenceDataBtn' is present

2020-09-21 14:52:51 - [TEST_STEP][PASSED] - verifyElementPresent(findTestObject("Object Repository/FDR-System-Admin/SysAdmin-Dashboard/maintainReferenceDataBtn"), Timeout): Object 'Object Repository/FDR-System-Admin/SysAdmin-Dashboard/maintainReferenceDataBtn' is present

2020-09-21 14:52:51 - [MESSAGE][PASSED] - Object 'Object Repository/FDR-System-Admin/SysAdmin-Dashboard/maintainReferenceDataBtn' is present

2020-09-21 14:52:51 - [TEST_STEP][PASSED] - refresh(): Refresh successfully

2020-09-21 14:52:52 - [MESSAGE][PASSED] - Refresh successfully

2020-09-21 14:52:52 - [MESSAGE][PASSED] - Call Test Case 'Test Cases/WEB-UI-TESTS/SysAdmin/SystemAdmin-Login' successfully

2020-09-21 14:52:52 - [TEST_STEP][PASSED] - Start listener action : sampleBeforeTestCase: null

2020-09-21 14:52:52 - [TEST_STEP][PASSED] - profileName = getExecutionProfile(): null

2020-09-21 14:52:52 - [TEST_STEP][PASSED] - testCaseId = testCaseContext.getTestCaseId(): null

2020-09-21 14:52:52 - [TEST_STEP][PASSED] - switch (profileName): null

2020-09-21 14:52:52 - [TEST_STEP][PASSED] - Default: null

2020-09-21 14:52:52 - [TEST_STEP][PASSED] - return null: null

2020-09-21 14:52:52 - [TEST_STEP][PASSED] - Start listener action : executeRows: null

2020-09-21 14:52:52 - [TEST_STEP][PASSED] - click(findTestObject("Object Repository/FDR-System-Admin/SysAdmin-Dashboard/maintainReferenceDataBtn")): Object: 'Object Repository/FDR-System-Admin/SysAdmin-Dashboard/maintainReferenceDataBtn' is clicked on

2020-09-21 14:52:52 - [MESSAGE][PASSED] - Object: 'Object Repository/FDR-System-Admin/SysAdmin-Dashboard/maintainReferenceDataBtn' is clicked on

2020-09-21 14:52:52 - [TEST_STEP][PASSED] - click(findTestObject("Object Repository/FDR-System-Admin/FDR-ReferencePage/reference-data")): Object: 'Object Repository/FDR-System-Admin/FDR-ReferencePage/reference-data' is clicked on

2020-09-21 14:52:53 - [MESSAGE][PASSED] - Object: 'Object Repository/FDR-System-Admin/FDR-ReferencePage/reference-data' is clicked on

2020-09-21 14:52:53 - [TEST_STEP][PASSED] - setText(findTestObject("Object Repository/FDR-System-Admin/FDR-ReferencePage/referenceDataNameInput"), "Service Categories"): Text 'Service Categories' is set on object 'Object Repository/FDR-System-Admin/FDR-ReferencePage/referenceDataNameInput'

2020-09-21 14:52:53 - [MESSAGE][PASSED] - Text 'Service Categories' is set on object 'Object Repository/FDR-System-Admin/FDR-ReferencePage/referenceDataNameInput'

2020-09-21 14:52:53 - [TEST_STEP][PASSED] - click(findTestObject("FDR-System-Admin/FDR-ReferencePage/serviceCategoryReference/serviceCategoryDetail/serviceCategory")): Object: 'Object Repository/FDR-System-Admin/FDR-ReferencePage/serviceCategoryReference/serviceCategoryDetail/serviceCategory' is clicked on

2020-09-21 14:52:54 - [MESSAGE][PASSED] - Object: 'Object Repository/FDR-System-Admin/FDR-ReferencePage/serviceCategoryReference/serviceCategoryDetail/serviceCategory' is clicked on

2020-09-21 14:52:54 - [TEST_STEP][PASSED] - waitForElementPresent(findTestObject("Object Repository/FDR-System-Admin/FDR-ReferencePage/serviceCategoryReference/serviceCategoryDetail/addServiceCategoryBtn"), 3): Object 'Object Repository/FDR-System-Admin/FDR-ReferencePage/serviceCategoryReference/serviceCategoryDetail/addServiceCategoryBtn' is present

2020-09-21 14:52:54 - [MESSAGE][PASSED] - Object 'Object Repository/FDR-System-Admin/FDR-ReferencePage/serviceCategoryReference/serviceCategoryDetail/addServiceCategoryBtn' is present

2020-09-21 14:52:54 - [TEST_STEP][PASSED] - click(findTestObject("Object Repository/FDR-System-Admin/FDR-ReferencePage/serviceCategoryReference/serviceCategoryDetail/addServiceCategoryBtn")): Object: 'Object Repository/FDR-System-Admin/FDR-ReferencePage/serviceCategoryReference/serviceCategoryDetail/addServiceCategoryBtn' is clicked on

2020-09-21 14:52:55 - [MESSAGE][PASSED] - Object: 'Object Repository/FDR-System-Admin/FDR-ReferencePage/serviceCategoryReference/serviceCategoryDetail/addServiceCategoryBtn' is clicked on

2020-09-21 14:52:55 - [TEST_STEP][PASSED] - waitForElementPresent(findTestObject("Object Repository/FDR-System-Admin/FDR-ReferencePage/serviceCategoryReference/serviceCategoryDetail/newServiceCategoryHeader"), 3): Object 'Object Repository/FDR-System-Admin/FDR-ReferencePage/serviceCategoryReference/serviceCategoryDetail/newServiceCategoryHeader' is present

2020-09-21 14:52:55 - [MESSAGE][PASSED] - Object 'Object Repository/FDR-System-Admin/FDR-ReferencePage/serviceCategoryReference/serviceCategoryDetail/newServiceCategoryHeader' is present

2020-09-21 14:52:55 - [TEST_STEP][PASSED] - lineNumber = RandomStringUtils.randomAlphanumeric(5): null

2020-09-21 14:52:55 - [TEST_STEP][PASSED] - waitForElementPresent(findTestObject("Object Repository/FDR-System-Admin/FDR-ReferencePage/serviceCategoryReference/serviceCategoryDetail/lineNumberInputTxt"), 3): Object 'Object Repository/FDR-System-Admin/FDR-ReferencePage/serviceCategoryReference/serviceCategoryDetail/lineNumberInputTxt' is present

2020-09-21 14:52:56 - [MESSAGE][PASSED] - Object 'Object Repository/FDR-System-Admin/FDR-ReferencePage/serviceCategoryReference/serviceCategoryDetail/lineNumberInputTxt' is present

2020-09-21 14:52:56 - [TEST_STEP][PASSED] - setText(findTestObject("Object Repository/FDR-System-Admin/FDR-ReferencePage/serviceCategoryReference/serviceCategoryDetail/lineNumberInputTxt"), lineNumber): Text 'A6V2A' is set on object 'Object Repository/FDR-System-Admin/FDR-ReferencePage/serviceCategoryReference/serviceCategoryDetail/lineNumberInputTxt'

2020-09-21 14:52:56 - [MESSAGE][PASSED] - Text 'A6V2A' is set on object 'Object Repository/FDR-System-Admin/FDR-ReferencePage/serviceCategoryReference/serviceCategoryDetail/lineNumberInputTxt'

2020-09-21 14:52:56 - [TEST_STEP][PASSED] - waitForElementPresent(findTestObject("Object Repository/FDR-System-Admin/FDR-ReferencePage/serviceCategoryReference/serviceCategoryDetail/confirmAddServiceCategoryBtn"), 3): Object 'Object Repository/FDR-System-Admin/FDR-ReferencePage/serviceCategoryReference/serviceCategoryDetail/confirmAddServiceCategoryBtn' is present

2020-09-21 14:52:57 - [MESSAGE][PASSED] - Object 'Object Repository/FDR-System-Admin/FDR-ReferencePage/serviceCategoryReference/serviceCategoryDetail/confirmAddServiceCategoryBtn' is present

2020-09-21 14:52:57 - [TEST_STEP][PASSED] - click(findTestObject("Object Repository/FDR-System-Admin/FDR-ReferencePage/serviceCategoryReference/serviceCategoryDetail/confirmAddServiceCategoryBtn")): Object: 'Object Repository/FDR-System-Admin/FDR-ReferencePage/serviceCategoryReference/serviceCategoryDetail/confirmAddServiceCategoryBtn' is clicked on

2020-09-21 14:52:57 - [MESSAGE][PASSED] - Object: 'Object Repository/FDR-System-Admin/FDR-ReferencePage/serviceCategoryReference/serviceCategoryDetail/confirmAddServiceCategoryBtn' is clicked on

2020-09-21 14:52:57 - [TEST_STEP][PASSED] - waitForElementPresent(findTestObject("Object Repository/FDR-System-Admin/FDR-ReferencePage/serviceCategoryReference/serviceCategoryDetail/backToServiceCategory"), 3): Object 'Object Repository/FDR-System-Admin/FDR-ReferencePage/serviceCategoryReference/serviceCategoryDetail/backToServiceCategory' is present

2020-09-21 14:52:58 - [MESSAGE][PASSED] - Object 'Object Repository/FDR-System-Admin/FDR-ReferencePage/serviceCategoryReference/serviceCategoryDetail/backToServiceCategory' is present

2020-09-21 14:52:58 - [TEST_STEP][PASSED] - click(findTestObject("Object Repository/FDR-System-Admin/FDR-ReferencePage/serviceCategoryReference/serviceCategoryDetail/backToServiceCategory")): Object: 'Object Repository/FDR-System-Admin/FDR-ReferencePage/serviceCategoryReference/serviceCategoryDetail/backToServiceCategory' is clicked on

2020-09-21 14:52:58 - [MESSAGE][PASSED] - Object: 'Object Repository/FDR-System-Admin/FDR-ReferencePage/serviceCategoryReference/serviceCategoryDetail/backToServiceCategory' is clicked on

2020-09-21 14:52:58 - [TEST_STEP][PASSED] - Start listener action : sampleAfterTestCase: null

2020-09-21 14:52:58 - [TEST_STEP][PASSED] - profileName = getExecutionProfile(): null

2020-09-21 14:52:58 - [TEST_STEP][PASSED] - switch (profileName): null

2020-09-21 14:52:58 - [TEST_STEP][PASSED] - case "superUser":: null

2020-09-21 14:52:58 - [TEST_STEP][PASSED] - return null: null

2020-09-21 14:52:58 - [TEST_STEP][PASSED] - Start listener action : afterTestCase: Browser is closed

2020-09-21 14:52:58 - [TEST_STEP][PASSED] - profileName = getExecutionProfile(): null

2020-09-21 14:52:58 - [TEST_STEP][PASSED] - if (profileName.equalsIgnoreCase("SysAdmin")): Browser is closed

2020-09-21 14:52:58 - [TEST_STEP][PASSED] - closeBrowser(): Browser is closed

2020-09-21 14:52:59 - [MESSAGE][PASSED] - Browser is closed

2020-09-21 14:52:59 - [TEST_STEP][PASSED] - Start listener action : sampleAfterTestCase: null

2020-09-21 14:52:59 - [TEST_STEP][PASSED] - profileName = getExecutionProfile(): null

2020-09-21 14:52:59 - [TEST_STEP][PASSED] - switch (profileName): null

2020-09-21 14:52:59 - [TEST_STEP][PASSED] - Default: null

2020-09-21 14:52:59 - [TEST_STEP][PASSED] - return null: null

2020-09-21 14:52:59 - [TEST_STEP][PASSED] - Start listener action : addFailedTCToList: null]]></system-out>
         <system-err><![CDATA[]]></system-err>
      </testcase>
      <testcase name="Test Cases/WEB-UI-TESTS/SysAdmin/ReferencePage/ReferenceDetail/FDR-Edit-ServiceCategory" time="29.071" classname="Test Cases/WEB-UI-TESTS/SysAdmin/ReferencePage/ReferenceDetail/FDR-Edit-ServiceCategory" status="PASSED">
         <system-out><![CDATA[2020-09-21 14:52:59 - [TEST_CASE][PASSED] - Test Cases/WEB-UI-TESTS/SysAdmin/ReferencePage/ReferenceDetail/FDR-Edit-ServiceCategory: Test Cases/WEB-UI-TESTS/SysAdmin/ReferencePage/ReferenceDetail/FDR-Edit-ServiceCategory

2020-09-21 14:52:59 - [TEST_STEP][PASSED] - Start listener action : sampleBeforeTestCase: null

2020-09-21 14:52:59 - [TEST_STEP][PASSED] - profileName = getExecutionProfile(): null

2020-09-21 14:52:59 - [TEST_STEP][PASSED] - switch (profileName): null

2020-09-21 14:52:59 - [TEST_STEP][PASSED] - case "superUser":: null

2020-09-21 14:52:59 - [TEST_STEP][PASSED] - return null: null

2020-09-21 14:52:59 - [TEST_STEP][PASSED] - Start listener action : beforeTestCase: Call Test Case 'Test Cases/WEB-UI-TESTS/SysAdmin/SystemAdmin-Login' successfully

2020-09-21 14:52:59 - [TEST_STEP][PASSED] - profileName = getExecutionProfile(): null

2020-09-21 14:52:59 - [TEST_STEP][PASSED] - if (profileName.equalsIgnoreCase("SysAdmin")): Call Test Case 'Test Cases/WEB-UI-TESTS/SysAdmin/SystemAdmin-Login' successfully

2020-09-21 14:52:59 - [TEST_STEP][PASSED] - callTestCase(findTestCase("Test Cases/WEB-UI-TESTS/SysAdmin/SystemAdmin-Login"), null): Call Test Case 'Test Cases/WEB-UI-TESTS/SysAdmin/SystemAdmin-Login' successfully

2020-09-21 14:52:59 - [TEST_CASE][PASSED] - Test Cases/WEB-UI-TESTS/SysAdmin/SystemAdmin-Login: Test Cases/WEB-UI-TESTS/SysAdmin/SystemAdmin-Login

2020-09-21 14:52:59 - [TEST_STEP][PASSED] - openBrowser(URL): Browser is opened with url: 'https://fdr-katalon.cammis-mod-dev.dhcs.ca.gov'

2020-09-21 14:52:59 - [MESSAGE][INFO] - Starting 'Chrome' driver

2020-09-21 14:52:59 - [MESSAGE][INFO] - Action delay is set to 0 milliseconds

2020-09-21 14:53:03 - [MESSAGE][PASSED] - Browser is opened with url: 'https://fdr-katalon.cammis-mod-dev.dhcs.ca.gov'

2020-09-21 14:53:03 - [TEST_STEP][PASSED] - maximizeWindow(): Current window maximized

2020-09-21 14:53:05 - [MESSAGE][PASSED] - Current window maximized

2020-09-21 14:53:05 - [TEST_STEP][PASSED] - refresh(): Refresh successfully

2020-09-21 14:53:05 - [MESSAGE][PASSED] - Refresh successfully

2020-09-21 14:53:05 - [TEST_STEP][PASSED] - delay(2): Delayed 2 second(s)

2020-09-21 14:53:07 - [MESSAGE][PASSED] - Delayed 2 second(s)

2020-09-21 14:53:07 - [TEST_STEP][PASSED] - waitForElementPresent(findTestObject("FDR-System-Admin/SysAdmin-SignIn/adminEmail"), 5): Object 'Object Repository/FDR-System-Admin/SysAdmin-SignIn/adminEmail' is present

2020-09-21 14:53:07 - [MESSAGE][PASSED] - Object 'Object Repository/FDR-System-Admin/SysAdmin-SignIn/adminEmail' is present

2020-09-21 14:53:07 - [TEST_STEP][PASSED] - setText(findTestObject("FDR-System-Admin/SysAdmin-SignIn/adminEmail"), adminEmail): Text 'fdr.test10@dhcs.ca.gov
' is set on object 'Object Repository/FDR-System-Admin/SysAdmin-SignIn/adminEmail'

2020-09-21 14:53:08 - [MESSAGE][PASSED] - Text 'fdr.test10@dhcs.ca.gov
' is set on object 'Object Repository/FDR-System-Admin/SysAdmin-SignIn/adminEmail'

2020-09-21 14:53:08 - [TEST_STEP][PASSED] - waitForElementPresent(findTestObject("FDR-System-Admin/SysAdmin-SignIn/adminUserName"), 5): Object 'Object Repository/FDR-System-Admin/SysAdmin-SignIn/adminUserName' is present

2020-09-21 14:53:11 - [MESSAGE][PASSED] - Object 'Object Repository/FDR-System-Admin/SysAdmin-SignIn/adminUserName' is present

2020-09-21 14:53:11 - [TEST_STEP][PASSED] - setText(findTestObject("FDR-System-Admin/SysAdmin-SignIn/adminUserName"), UserName): Text 'fdr.test10@dhcs.ca.gov' is set on object 'Object Repository/FDR-System-Admin/SysAdmin-SignIn/adminUserName'

2020-09-21 14:53:12 - [MESSAGE][PASSED] - Text 'fdr.test10@dhcs.ca.gov' is set on object 'Object Repository/FDR-System-Admin/SysAdmin-SignIn/adminUserName'

2020-09-21 14:53:12 - [TEST_STEP][PASSED] - setText(findTestObject("FDR-System-Admin/SysAdmin-SignIn/adminPass"), Password): Text 'Password18' is set on object 'Object Repository/FDR-System-Admin/SysAdmin-SignIn/adminPass'

2020-09-21 14:53:12 - [MESSAGE][PASSED] - Text 'Password18' is set on object 'Object Repository/FDR-System-Admin/SysAdmin-SignIn/adminPass'

2020-09-21 14:53:12 - [TEST_STEP][PASSED] - click(findTestObject("FDR-System-Admin/SysAdmin-SignIn/adminSignIn")): Object: 'Object Repository/FDR-System-Admin/SysAdmin-SignIn/adminSignIn' is clicked on

2020-09-21 14:53:14 - [MESSAGE][PASSED] - Object: 'Object Repository/FDR-System-Admin/SysAdmin-SignIn/adminSignIn' is clicked on

2020-09-21 14:53:14 - [TEST_STEP][PASSED] - waitForElementPresent(findTestObject("Object Repository/FDR-System-Admin/SysAdmin-Dashboard/maintainReferenceDataBtn"), 3): Object 'Object Repository/FDR-System-Admin/SysAdmin-Dashboard/maintainReferenceDataBtn' is present

2020-09-21 14:53:15 - [MESSAGE][PASSED] - Object 'Object Repository/FDR-System-Admin/SysAdmin-Dashboard/maintainReferenceDataBtn' is present

2020-09-21 14:53:15 - [TEST_STEP][PASSED] - verifyElementPresent(findTestObject("Object Repository/FDR-System-Admin/SysAdmin-Dashboard/maintainReferenceDataBtn"), Timeout): Object 'Object Repository/FDR-System-Admin/SysAdmin-Dashboard/maintainReferenceDataBtn' is present

2020-09-21 14:53:16 - [MESSAGE][PASSED] - Object 'Object Repository/FDR-System-Admin/SysAdmin-Dashboard/maintainReferenceDataBtn' is present

2020-09-21 14:53:16 - [TEST_STEP][PASSED] - refresh(): Refresh successfully

2020-09-21 14:53:16 - [MESSAGE][PASSED] - Refresh successfully

2020-09-21 14:53:16 - [MESSAGE][PASSED] - Call Test Case 'Test Cases/WEB-UI-TESTS/SysAdmin/SystemAdmin-Login' successfully

2020-09-21 14:53:16 - [TEST_STEP][PASSED] - Start listener action : sampleBeforeTestCase: null

2020-09-21 14:53:16 - [TEST_STEP][PASSED] - profileName = getExecutionProfile(): null

2020-09-21 14:53:16 - [TEST_STEP][PASSED] - testCaseId = testCaseContext.getTestCaseId(): null

2020-09-21 14:53:16 - [TEST_STEP][PASSED] - switch (profileName): null

2020-09-21 14:53:16 - [TEST_STEP][PASSED] - Default: null

2020-09-21 14:53:16 - [TEST_STEP][PASSED] - return null: null

2020-09-21 14:53:16 - [TEST_STEP][PASSED] - Start listener action : executeRows: null

2020-09-21 14:53:16 - [TEST_STEP][PASSED] - click(findTestObject("Object Repository/FDR-System-Admin/SysAdmin-Dashboard/maintainReferenceDataBtn")): Object: 'Object Repository/FDR-System-Admin/SysAdmin-Dashboard/maintainReferenceDataBtn' is clicked on

2020-09-21 14:53:17 - [MESSAGE][PASSED] - Object: 'Object Repository/FDR-System-Admin/SysAdmin-Dashboard/maintainReferenceDataBtn' is clicked on

2020-09-21 14:53:17 - [TEST_STEP][PASSED] - click(findTestObject("Object Repository/FDR-System-Admin/FDR-ReferencePage/reference-data")): Object: 'Object Repository/FDR-System-Admin/FDR-ReferencePage/reference-data' is clicked on

2020-09-21 14:53:17 - [MESSAGE][PASSED] - Object: 'Object Repository/FDR-System-Admin/FDR-ReferencePage/reference-data' is clicked on

2020-09-21 14:53:17 - [TEST_STEP][PASSED] - setText(findTestObject("Object Repository/FDR-System-Admin/FDR-ReferencePage/referenceDataNameInput"), "Service Categories"): Text 'Service Categories' is set on object 'Object Repository/FDR-System-Admin/FDR-ReferencePage/referenceDataNameInput'

2020-09-21 14:53:18 - [MESSAGE][PASSED] - Text 'Service Categories' is set on object 'Object Repository/FDR-System-Admin/FDR-ReferencePage/referenceDataNameInput'

2020-09-21 14:53:18 - [TEST_STEP][PASSED] - click(findTestObject("FDR-System-Admin/FDR-ReferencePage/serviceCategoryReference/serviceCategoryDetail/serviceCategory")): Object: 'Object Repository/FDR-System-Admin/FDR-ReferencePage/serviceCategoryReference/serviceCategoryDetail/serviceCategory' is clicked on

2020-09-21 14:53:18 - [MESSAGE][PASSED] - Object: 'Object Repository/FDR-System-Admin/FDR-ReferencePage/serviceCategoryReference/serviceCategoryDetail/serviceCategory' is clicked on

2020-09-21 14:53:18 - [TEST_STEP][PASSED] - waitForElementPresent(findTestObject("FDR-System-Admin/FDR-Edit-ServiceCategory/lineNumber"), 3): Object 'Object Repository/FDR-System-Admin/FDR-Edit-ServiceCategory/lineNumber' is present

2020-09-21 14:53:19 - [MESSAGE][PASSED] - Object 'Object Repository/FDR-System-Admin/FDR-Edit-ServiceCategory/lineNumber' is present

2020-09-21 14:53:19 - [TEST_STEP][PASSED] - click(findTestObject("FDR-System-Admin/FDR-Edit-ServiceCategory/lineNumber")): Object: 'Object Repository/FDR-System-Admin/FDR-Edit-ServiceCategory/lineNumber' is clicked on

2020-09-21 14:53:19 - [MESSAGE][PASSED] - Object: 'Object Repository/FDR-System-Admin/FDR-Edit-ServiceCategory/lineNumber' is clicked on

2020-09-21 14:53:19 - [TEST_STEP][PASSED] - waitForElementPresent(findTestObject("FDR-System-Admin/FDR-Edit-ServiceCategory/ellipsis"), 3): Object 'Object Repository/FDR-System-Admin/FDR-Edit-ServiceCategory/ellipsis' is present

2020-09-21 14:53:20 - [MESSAGE][PASSED] - Object 'Object Repository/FDR-System-Admin/FDR-Edit-ServiceCategory/ellipsis' is present

2020-09-21 14:53:20 - [TEST_STEP][PASSED] - click(findTestObject("FDR-System-Admin/FDR-Edit-ServiceCategory/ellipsis")): Object: 'Object Repository/FDR-System-Admin/FDR-Edit-ServiceCategory/ellipsis' is clicked on

2020-09-21 14:53:20 - [MESSAGE][PASSED] - Object: 'Object Repository/FDR-System-Admin/FDR-Edit-ServiceCategory/ellipsis' is clicked on

2020-09-21 14:53:20 - [TEST_STEP][PASSED] - waitForElementPresent(findTestObject("FDR-System-Admin/FDR-Edit-ServiceCategory/editBtn"), 3): Object 'Object Repository/FDR-System-Admin/FDR-Edit-ServiceCategory/editBtn' is present

2020-09-21 14:53:21 - [MESSAGE][PASSED] - Object 'Object Repository/FDR-System-Admin/FDR-Edit-ServiceCategory/editBtn' is present

2020-09-21 14:53:21 - [TEST_STEP][PASSED] - click(findTestObject("FDR-System-Admin/FDR-Edit-ServiceCategory/editBtn")): Object: 'Object Repository/FDR-System-Admin/FDR-Edit-ServiceCategory/editBtn' is clicked on

2020-09-21 14:53:21 - [MESSAGE][PASSED] - Object: 'Object Repository/FDR-System-Admin/FDR-Edit-ServiceCategory/editBtn' is clicked on

2020-09-21 14:53:21 - [TEST_STEP][PASSED] - breadcrumbLabel = getText(findTestObject("FDR-System-Admin/FDR-Edit-ServiceCategory/breadcrumbLabel")): Text of object 'Object Repository/FDR-System-Admin/FDR-Edit-ServiceCategory/breadcrumbLabel' is: 'Edit Service Category'

2020-09-21 14:53:22 - [MESSAGE][PASSED] - Text of object 'Object Repository/FDR-System-Admin/FDR-Edit-ServiceCategory/breadcrumbLabel' is: 'Edit Service Category'

2020-09-21 14:53:22 - [TEST_STEP][PASSED] - assert breadcrumbLabel == "Edit Service Category": null

2020-09-21 14:53:22 - [TEST_STEP][PASSED] - lineNumber = RandomStringUtils.randomAlphanumeric(5): null

2020-09-21 14:53:22 - [TEST_STEP][PASSED] - waitForElementPresent(findTestObject("FDR-System-Admin/FDR-Edit-ServiceCategory/lineNumberText"), 3): Object 'Object Repository/FDR-System-Admin/FDR-Edit-ServiceCategory/lineNumberText' is present

2020-09-21 14:53:23 - [MESSAGE][PASSED] - Object 'Object Repository/FDR-System-Admin/FDR-Edit-ServiceCategory/lineNumberText' is present

2020-09-21 14:53:23 - [TEST_STEP][PASSED] - doubleClick(findTestObject("FDR-System-Admin/FDR-Edit-ServiceCategory/lineNumberText")): Object: 'Object Repository/FDR-System-Admin/FDR-Edit-ServiceCategory/lineNumberText' is double clicked on

2020-09-21 14:53:23 - [MESSAGE][PASSED] - Object: 'Object Repository/FDR-System-Admin/FDR-Edit-ServiceCategory/lineNumberText' is double clicked on

2020-09-21 14:53:23 - [TEST_STEP][PASSED] - sendKeys(findTestObject("FDR-System-Admin/FDR-Edit-ServiceCategory/lineNumberText"), Keys.chord(BACK_SPACE)): Keys 'BACK_SPACE + ' sent to object: 'Object Repository/FDR-System-Admin/FDR-Edit-ServiceCategory/lineNumberText'

2020-09-21 14:53:23 - [MESSAGE][PASSED] - Keys 'BACK_SPACE + ' sent to object: 'Object Repository/FDR-System-Admin/FDR-Edit-ServiceCategory/lineNumberText'

2020-09-21 14:53:23 - [TEST_STEP][PASSED] - delay(2): Delayed 2 second(s)

2020-09-21 14:53:25 - [MESSAGE][PASSED] - Delayed 2 second(s)

2020-09-21 14:53:25 - [TEST_STEP][PASSED] - waitForElementPresent(findTestObject("FDR-System-Admin/FDR-Edit-ServiceCategory/lineNumberText"), 3): Object 'Object Repository/FDR-System-Admin/FDR-Edit-ServiceCategory/lineNumberText' is present

2020-09-21 14:53:26 - [MESSAGE][PASSED] - Object 'Object Repository/FDR-System-Admin/FDR-Edit-ServiceCategory/lineNumberText' is present

2020-09-21 14:53:26 - [TEST_STEP][PASSED] - setText(findTestObject("FDR-System-Admin/FDR-Edit-ServiceCategory/lineNumberText"), lineNumber): Text 'osz0w' is set on object 'Object Repository/FDR-System-Admin/FDR-Edit-ServiceCategory/lineNumberText'

2020-09-21 14:53:26 - [MESSAGE][PASSED] - Text 'osz0w' is set on object 'Object Repository/FDR-System-Admin/FDR-Edit-ServiceCategory/lineNumberText'

2020-09-21 14:53:26 - [TEST_STEP][PASSED] - waitForElementPresent(findTestObject("FDR-System-Admin/FDR-Edit-ServiceCategory/cancelBtn"), 3): Object 'Object Repository/FDR-System-Admin/FDR-Edit-ServiceCategory/cancelBtn' is present

2020-09-21 14:53:27 - [MESSAGE][PASSED] - Object 'Object Repository/FDR-System-Admin/FDR-Edit-ServiceCategory/cancelBtn' is present

2020-09-21 14:53:27 - [TEST_STEP][PASSED] - click(findTestObject("FDR-System-Admin/FDR-Edit-ServiceCategory/cancelBtn")): Object: 'Object Repository/FDR-System-Admin/FDR-Edit-ServiceCategory/cancelBtn' is clicked on

2020-09-21 14:53:27 - [MESSAGE][PASSED] - Object: 'Object Repository/FDR-System-Admin/FDR-Edit-ServiceCategory/cancelBtn' is clicked on

2020-09-21 14:53:27 - [TEST_STEP][PASSED] - Start listener action : sampleAfterTestCase: null

2020-09-21 14:53:27 - [TEST_STEP][PASSED] - profileName = getExecutionProfile(): null

2020-09-21 14:53:27 - [TEST_STEP][PASSED] - switch (profileName): null

2020-09-21 14:53:27 - [TEST_STEP][PASSED] - case "superUser":: null

2020-09-21 14:53:27 - [TEST_STEP][PASSED] - return null: null

2020-09-21 14:53:27 - [TEST_STEP][PASSED] - Start listener action : afterTestCase: Browser is closed

2020-09-21 14:53:27 - [TEST_STEP][PASSED] - profileName = getExecutionProfile(): null

2020-09-21 14:53:27 - [TEST_STEP][PASSED] - if (profileName.equalsIgnoreCase("SysAdmin")): Browser is closed

2020-09-21 14:53:27 - [TEST_STEP][PASSED] - closeBrowser(): Browser is closed

2020-09-21 14:53:28 - [MESSAGE][PASSED] - Browser is closed

2020-09-21 14:53:28 - [TEST_STEP][PASSED] - Start listener action : sampleAfterTestCase: null

2020-09-21 14:53:28 - [TEST_STEP][PASSED] - profileName = getExecutionProfile(): null

2020-09-21 14:53:28 - [TEST_STEP][PASSED] - switch (profileName): null

2020-09-21 14:53:28 - [TEST_STEP][PASSED] - Default: null

2020-09-21 14:53:28 - [TEST_STEP][PASSED] - return null: null

2020-09-21 14:53:28 - [TEST_STEP][PASSED] - Start listener action : addFailedTCToList: null]]></system-out>
         <system-err><![CDATA[]]></system-err>
      </testcase>
      <testcase name="Test Cases/WEB-UI-TESTS/SysAdmin/ReferencePage/ReferenceDetail/FDR-Add-FdrAppropriationDetailView" time="24.165" classname="Test Cases/WEB-UI-TESTS/SysAdmin/ReferencePage/ReferenceDetail/FDR-Add-FdrAppropriationDetailView" status="PASSED">
         <system-out><![CDATA[2020-09-21 14:53:28 - [TEST_CASE][PASSED] - Test Cases/WEB-UI-TESTS/SysAdmin/ReferencePage/ReferenceDetail/FDR-Add-FdrAppropriationDetailView: Test Cases/WEB-UI-TESTS/SysAdmin/ReferencePage/ReferenceDetail/FDR-Add-FdrAppropriationDetailView

2020-09-21 14:53:28 - [TEST_STEP][PASSED] - Start listener action : sampleBeforeTestCase: null

2020-09-21 14:53:28 - [TEST_STEP][PASSED] - profileName = getExecutionProfile(): null

2020-09-21 14:53:28 - [TEST_STEP][PASSED] - switch (profileName): null

2020-09-21 14:53:28 - [TEST_STEP][PASSED] - case "superUser":: null

2020-09-21 14:53:28 - [TEST_STEP][PASSED] - return null: null

2020-09-21 14:53:28 - [TEST_STEP][PASSED] - Start listener action : beforeTestCase: Call Test Case 'Test Cases/WEB-UI-TESTS/SysAdmin/SystemAdmin-Login' successfully

2020-09-21 14:53:28 - [TEST_STEP][PASSED] - profileName = getExecutionProfile(): null

2020-09-21 14:53:28 - [TEST_STEP][PASSED] - if (profileName.equalsIgnoreCase("SysAdmin")): Call Test Case 'Test Cases/WEB-UI-TESTS/SysAdmin/SystemAdmin-Login' successfully

2020-09-21 14:53:28 - [TEST_STEP][PASSED] - callTestCase(findTestCase("Test Cases/WEB-UI-TESTS/SysAdmin/SystemAdmin-Login"), null): Call Test Case 'Test Cases/WEB-UI-TESTS/SysAdmin/SystemAdmin-Login' successfully

2020-09-21 14:53:28 - [TEST_CASE][PASSED] - Test Cases/WEB-UI-TESTS/SysAdmin/SystemAdmin-Login: Test Cases/WEB-UI-TESTS/SysAdmin/SystemAdmin-Login

2020-09-21 14:53:28 - [TEST_STEP][PASSED] - openBrowser(URL): Browser is opened with url: 'https://fdr-katalon.cammis-mod-dev.dhcs.ca.gov'

2020-09-21 14:53:28 - [MESSAGE][INFO] - Starting 'Chrome' driver

2020-09-21 14:53:28 - [MESSAGE][INFO] - Action delay is set to 0 milliseconds

2020-09-21 14:53:35 - [MESSAGE][PASSED] - Browser is opened with url: 'https://fdr-katalon.cammis-mod-dev.dhcs.ca.gov'

2020-09-21 14:53:35 - [TEST_STEP][PASSED] - maximizeWindow(): Current window maximized

2020-09-21 14:53:37 - [MESSAGE][PASSED] - Current window maximized

2020-09-21 14:53:37 - [TEST_STEP][PASSED] - refresh(): Refresh successfully

2020-09-21 14:53:37 - [MESSAGE][PASSED] - Refresh successfully

2020-09-21 14:53:37 - [TEST_STEP][PASSED] - delay(2): Delayed 2 second(s)

2020-09-21 14:53:39 - [MESSAGE][PASSED] - Delayed 2 second(s)

2020-09-21 14:53:39 - [TEST_STEP][PASSED] - waitForElementPresent(findTestObject("FDR-System-Admin/SysAdmin-SignIn/adminEmail"), 5): Object 'Object Repository/FDR-System-Admin/SysAdmin-SignIn/adminEmail' is present

2020-09-21 14:53:39 - [MESSAGE][PASSED] - Object 'Object Repository/FDR-System-Admin/SysAdmin-SignIn/adminEmail' is present

2020-09-21 14:53:39 - [TEST_STEP][PASSED] - setText(findTestObject("FDR-System-Admin/SysAdmin-SignIn/adminEmail"), adminEmail): Text 'fdr.test10@dhcs.ca.gov
' is set on object 'Object Repository/FDR-System-Admin/SysAdmin-SignIn/adminEmail'

2020-09-21 14:53:40 - [MESSAGE][PASSED] - Text 'fdr.test10@dhcs.ca.gov
' is set on object 'Object Repository/FDR-System-Admin/SysAdmin-SignIn/adminEmail'

2020-09-21 14:53:40 - [TEST_STEP][PASSED] - waitForElementPresent(findTestObject("FDR-System-Admin/SysAdmin-SignIn/adminUserName"), 5): Object 'Object Repository/FDR-System-Admin/SysAdmin-SignIn/adminUserName' is present

2020-09-21 14:53:43 - [MESSAGE][PASSED] - Object 'Object Repository/FDR-System-Admin/SysAdmin-SignIn/adminUserName' is present

2020-09-21 14:53:43 - [TEST_STEP][PASSED] - setText(findTestObject("FDR-System-Admin/SysAdmin-SignIn/adminUserName"), UserName): Text 'fdr.test10@dhcs.ca.gov' is set on object 'Object Repository/FDR-System-Admin/SysAdmin-SignIn/adminUserName'

2020-09-21 14:53:44 - [MESSAGE][PASSED] - Text 'fdr.test10@dhcs.ca.gov' is set on object 'Object Repository/FDR-System-Admin/SysAdmin-SignIn/adminUserName'

2020-09-21 14:53:44 - [TEST_STEP][PASSED] - setText(findTestObject("FDR-System-Admin/SysAdmin-SignIn/adminPass"), Password): Text 'Password18' is set on object 'Object Repository/FDR-System-Admin/SysAdmin-SignIn/adminPass'

2020-09-21 14:53:44 - [MESSAGE][PASSED] - Text 'Password18' is set on object 'Object Repository/FDR-System-Admin/SysAdmin-SignIn/adminPass'

2020-09-21 14:53:44 - [TEST_STEP][PASSED] - click(findTestObject("FDR-System-Admin/SysAdmin-SignIn/adminSignIn")): Object: 'Object Repository/FDR-System-Admin/SysAdmin-SignIn/adminSignIn' is clicked on

2020-09-21 14:53:46 - [MESSAGE][PASSED] - Object: 'Object Repository/FDR-System-Admin/SysAdmin-SignIn/adminSignIn' is clicked on

2020-09-21 14:53:46 - [TEST_STEP][PASSED] - waitForElementPresent(findTestObject("Object Repository/FDR-System-Admin/SysAdmin-Dashboard/maintainReferenceDataBtn"), 3): Object 'Object Repository/FDR-System-Admin/SysAdmin-Dashboard/maintainReferenceDataBtn' is present

2020-09-21 14:53:47 - [MESSAGE][PASSED] - Object 'Object Repository/FDR-System-Admin/SysAdmin-Dashboard/maintainReferenceDataBtn' is present

2020-09-21 14:53:47 - [TEST_STEP][PASSED] - verifyElementPresent(findTestObject("Object Repository/FDR-System-Admin/SysAdmin-Dashboard/maintainReferenceDataBtn"), Timeout): Object 'Object Repository/FDR-System-Admin/SysAdmin-Dashboard/maintainReferenceDataBtn' is present

2020-09-21 14:53:48 - [MESSAGE][PASSED] - Object 'Object Repository/FDR-System-Admin/SysAdmin-Dashboard/maintainReferenceDataBtn' is present

2020-09-21 14:53:48 - [TEST_STEP][PASSED] - refresh(): Refresh successfully

2020-09-21 14:53:48 - [MESSAGE][PASSED] - Refresh successfully

2020-09-21 14:53:48 - [MESSAGE][PASSED] - Call Test Case 'Test Cases/WEB-UI-TESTS/SysAdmin/SystemAdmin-Login' successfully

2020-09-21 14:53:48 - [TEST_STEP][PASSED] - Start listener action : sampleBeforeTestCase: null

2020-09-21 14:53:48 - [TEST_STEP][PASSED] - profileName = getExecutionProfile(): null

2020-09-21 14:53:48 - [TEST_STEP][PASSED] - testCaseId = testCaseContext.getTestCaseId(): null

2020-09-21 14:53:48 - [TEST_STEP][PASSED] - switch (profileName): null

2020-09-21 14:53:48 - [TEST_STEP][PASSED] - Default: null

2020-09-21 14:53:48 - [TEST_STEP][PASSED] - return null: null

2020-09-21 14:53:48 - [TEST_STEP][PASSED] - Start listener action : executeRows: null

2020-09-21 14:53:48 - [TEST_STEP][PASSED] - taskName = "Reference Data": null

2020-09-21 14:53:48 - [TEST_STEP][PASSED] - verifyElementText(findTestObject("Object Repository/FDR-System-Admin/SysAdmin-Dashboard/maintainReferenceDataTxt"), taskName): Actual text and expected text of test object 'Object Repository/FDR-System-Admin/SysAdmin-Dashboard/maintainReferenceDataTxt' are matched.

2020-09-21 14:53:49 - [MESSAGE][PASSED] - Actual text and expected text of test object 'Object Repository/FDR-System-Admin/SysAdmin-Dashboard/maintainReferenceDataTxt' are matched.

2020-09-21 14:53:49 - [TEST_STEP][PASSED] - click(findTestObject("Object Repository/FDR-System-Admin/SysAdmin-Dashboard/maintainReferenceDataBtn")): Object: 'Object Repository/FDR-System-Admin/SysAdmin-Dashboard/maintainReferenceDataBtn' is clicked on

2020-09-21 14:53:49 - [MESSAGE][PASSED] - Object: 'Object Repository/FDR-System-Admin/SysAdmin-Dashboard/maintainReferenceDataBtn' is clicked on

2020-09-21 14:53:49 - [TEST_STEP][PASSED] - setText(findTestObject("Object Repository/FDR-System-Admin/FDR-ReferencePage/referenceDataNameInput"), ""): Text '' is set on object 'Object Repository/FDR-System-Admin/FDR-ReferencePage/referenceDataNameInput'

2020-09-21 14:53:50 - [MESSAGE][PASSED] - Text '' is set on object 'Object Repository/FDR-System-Admin/FDR-ReferencePage/referenceDataNameInput'

2020-09-21 14:53:50 - [TEST_STEP][PASSED] - click(findTestObject("Object Repository/FDR-System-Admin/FDR-ReferencePage/referenceDataDropdown")): Object: 'Object Repository/FDR-System-Admin/FDR-ReferencePage/referenceDataDropdown' is clicked on

2020-09-21 14:53:50 - [MESSAGE][PASSED] - Object: 'Object Repository/FDR-System-Admin/FDR-ReferencePage/referenceDataDropdown' is clicked on

2020-09-21 14:53:50 - [TEST_STEP][PASSED] - click(findTestObject("Object Repository/FDR-System-Admin/FDR-ReferencePage/fdrAppropriationReference")): Object: 'Object Repository/FDR-System-Admin/FDR-ReferencePage/fdrAppropriationReference' is clicked on

2020-09-21 14:53:51 - [MESSAGE][PASSED] - Object: 'Object Repository/FDR-System-Admin/FDR-ReferencePage/fdrAppropriationReference' is clicked on

2020-09-21 14:53:51 - [TEST_STEP][PASSED] - label = getText(findTestObject("FDR-System-Admin/FDR-ReferencePage/fdrAppropriationReferences/FDRAppropriationTable/code")): Text of object 'Object Repository/FDR-System-Admin/FDR-ReferencePage/fdrAppropriationReferences/FDRAppropriationTable/code' is: 'Code'

2020-09-21 14:53:51 - [MESSAGE][PASSED] - Text of object 'Object Repository/FDR-System-Admin/FDR-ReferencePage/fdrAppropriationReferences/FDRAppropriationTable/code' is: 'Code'

2020-09-21 14:53:51 - [TEST_STEP][PASSED] - assert label == "Code": null

2020-09-21 14:53:51 - [TEST_STEP][PASSED] - Start listener action : sampleAfterTestCase: null

2020-09-21 14:53:51 - [TEST_STEP][PASSED] - profileName = getExecutionProfile(): null

2020-09-21 14:53:51 - [TEST_STEP][PASSED] - switch (profileName): null

2020-09-21 14:53:51 - [TEST_STEP][PASSED] - case "superUser":: null

2020-09-21 14:53:51 - [TEST_STEP][PASSED] - return null: null

2020-09-21 14:53:51 - [TEST_STEP][PASSED] - Start listener action : afterTestCase: Browser is closed

2020-09-21 14:53:51 - [TEST_STEP][PASSED] - profileName = getExecutionProfile(): null

2020-09-21 14:53:51 - [TEST_STEP][PASSED] - if (profileName.equalsIgnoreCase("SysAdmin")): Browser is closed

2020-09-21 14:53:51 - [TEST_STEP][PASSED] - closeBrowser(): Browser is closed

2020-09-21 14:53:52 - [MESSAGE][PASSED] - Browser is closed

2020-09-21 14:53:52 - [TEST_STEP][PASSED] - Start listener action : sampleAfterTestCase: null

2020-09-21 14:53:52 - [TEST_STEP][PASSED] - profileName = getExecutionProfile(): null

2020-09-21 14:53:52 - [TEST_STEP][PASSED] - switch (profileName): null

2020-09-21 14:53:52 - [TEST_STEP][PASSED] - Default: null

2020-09-21 14:53:52 - [TEST_STEP][PASSED] - return null: null

2020-09-21 14:53:52 - [TEST_STEP][PASSED] - Start listener action : addFailedTCToList: null]]></system-out>
         <system-err><![CDATA[]]></system-err>
      </testcase>
      <testcase name="Test Cases/WEB-UI-TESTS/SysAdmin/ReferencePage/ReferenceDetail/FDR-Add-WaiverNameDetailReview" time="30.445" classname="Test Cases/WEB-UI-TESTS/SysAdmin/ReferencePage/ReferenceDetail/FDR-Add-WaiverNameDetailReview" status="PASSED">
         <system-out><![CDATA[2020-09-21 14:53:52 - [TEST_CASE][PASSED] - Test Cases/WEB-UI-TESTS/SysAdmin/ReferencePage/ReferenceDetail/FDR-Add-WaiverNameDetailReview: Test Cases/WEB-UI-TESTS/SysAdmin/ReferencePage/ReferenceDetail/FDR-Add-WaiverNameDetailReview

2020-09-21 14:53:52 - [TEST_STEP][PASSED] - Start listener action : sampleBeforeTestCase: null

2020-09-21 14:53:52 - [TEST_STEP][PASSED] - profileName = getExecutionProfile(): null

2020-09-21 14:53:52 - [TEST_STEP][PASSED] - switch (profileName): null

2020-09-21 14:53:52 - [TEST_STEP][PASSED] - case "superUser":: null

2020-09-21 14:53:52 - [TEST_STEP][PASSED] - return null: null

2020-09-21 14:53:52 - [TEST_STEP][PASSED] - Start listener action : beforeTestCase: Call Test Case 'Test Cases/WEB-UI-TESTS/SysAdmin/SystemAdmin-Login' successfully

2020-09-21 14:53:52 - [TEST_STEP][PASSED] - profileName = getExecutionProfile(): null

2020-09-21 14:53:52 - [TEST_STEP][PASSED] - if (profileName.equalsIgnoreCase("SysAdmin")): Call Test Case 'Test Cases/WEB-UI-TESTS/SysAdmin/SystemAdmin-Login' successfully

2020-09-21 14:53:52 - [TEST_STEP][PASSED] - callTestCase(findTestCase("Test Cases/WEB-UI-TESTS/SysAdmin/SystemAdmin-Login"), null): Call Test Case 'Test Cases/WEB-UI-TESTS/SysAdmin/SystemAdmin-Login' successfully

2020-09-21 14:53:52 - [TEST_CASE][PASSED] - Test Cases/WEB-UI-TESTS/SysAdmin/SystemAdmin-Login: Test Cases/WEB-UI-TESTS/SysAdmin/SystemAdmin-Login

2020-09-21 14:53:52 - [TEST_STEP][PASSED] - openBrowser(URL): Browser is opened with url: 'https://fdr-katalon.cammis-mod-dev.dhcs.ca.gov'

2020-09-21 14:53:52 - [MESSAGE][INFO] - Starting 'Chrome' driver

2020-09-21 14:53:52 - [MESSAGE][INFO] - Action delay is set to 0 milliseconds

2020-09-21 14:53:58 - [MESSAGE][PASSED] - Browser is opened with url: 'https://fdr-katalon.cammis-mod-dev.dhcs.ca.gov'

2020-09-21 14:53:58 - [TEST_STEP][PASSED] - maximizeWindow(): Current window maximized

2020-09-21 14:54:00 - [MESSAGE][PASSED] - Current window maximized

2020-09-21 14:54:00 - [TEST_STEP][PASSED] - refresh(): Refresh successfully

2020-09-21 14:54:00 - [MESSAGE][PASSED] - Refresh successfully

2020-09-21 14:54:00 - [TEST_STEP][PASSED] - delay(2): Delayed 2 second(s)

2020-09-21 14:54:02 - [MESSAGE][PASSED] - Delayed 2 second(s)

2020-09-21 14:54:02 - [TEST_STEP][PASSED] - waitForElementPresent(findTestObject("FDR-System-Admin/SysAdmin-SignIn/adminEmail"), 5): Object 'Object Repository/FDR-System-Admin/SysAdmin-SignIn/adminEmail' is present

2020-09-21 14:54:02 - [MESSAGE][PASSED] - Object 'Object Repository/FDR-System-Admin/SysAdmin-SignIn/adminEmail' is present

2020-09-21 14:54:02 - [TEST_STEP][PASSED] - setText(findTestObject("FDR-System-Admin/SysAdmin-SignIn/adminEmail"), adminEmail): Text 'fdr.test10@dhcs.ca.gov
' is set on object 'Object Repository/FDR-System-Admin/SysAdmin-SignIn/adminEmail'

2020-09-21 14:54:03 - [MESSAGE][PASSED] - Text 'fdr.test10@dhcs.ca.gov
' is set on object 'Object Repository/FDR-System-Admin/SysAdmin-SignIn/adminEmail'

2020-09-21 14:54:03 - [TEST_STEP][PASSED] - waitForElementPresent(findTestObject("FDR-System-Admin/SysAdmin-SignIn/adminUserName"), 5): Object 'Object Repository/FDR-System-Admin/SysAdmin-SignIn/adminUserName' is present

2020-09-21 14:54:06 - [MESSAGE][PASSED] - Object 'Object Repository/FDR-System-Admin/SysAdmin-SignIn/adminUserName' is present

2020-09-21 14:54:06 - [TEST_STEP][PASSED] - setText(findTestObject("FDR-System-Admin/SysAdmin-SignIn/adminUserName"), UserName): Text 'fdr.test10@dhcs.ca.gov' is set on object 'Object Repository/FDR-System-Admin/SysAdmin-SignIn/adminUserName'

2020-09-21 14:54:06 - [MESSAGE][PASSED] - Text 'fdr.test10@dhcs.ca.gov' is set on object 'Object Repository/FDR-System-Admin/SysAdmin-SignIn/adminUserName'

2020-09-21 14:54:06 - [TEST_STEP][PASSED] - setText(findTestObject("FDR-System-Admin/SysAdmin-SignIn/adminPass"), Password): Text 'Password18' is set on object 'Object Repository/FDR-System-Admin/SysAdmin-SignIn/adminPass'

2020-09-21 14:54:07 - [MESSAGE][PASSED] - Text 'Password18' is set on object 'Object Repository/FDR-System-Admin/SysAdmin-SignIn/adminPass'

2020-09-21 14:54:07 - [TEST_STEP][PASSED] - click(findTestObject("FDR-System-Admin/SysAdmin-SignIn/adminSignIn")): Object: 'Object Repository/FDR-System-Admin/SysAdmin-SignIn/adminSignIn' is clicked on

2020-09-21 14:54:09 - [MESSAGE][PASSED] - Object: 'Object Repository/FDR-System-Admin/SysAdmin-SignIn/adminSignIn' is clicked on

2020-09-21 14:54:09 - [TEST_STEP][PASSED] - waitForElementPresent(findTestObject("Object Repository/FDR-System-Admin/SysAdmin-Dashboard/maintainReferenceDataBtn"), 3): Object 'Object Repository/FDR-System-Admin/SysAdmin-Dashboard/maintainReferenceDataBtn' is present

2020-09-21 14:54:10 - [MESSAGE][PASSED] - Object 'Object Repository/FDR-System-Admin/SysAdmin-Dashboard/maintainReferenceDataBtn' is present

2020-09-21 14:54:10 - [TEST_STEP][PASSED] - verifyElementPresent(findTestObject("Object Repository/FDR-System-Admin/SysAdmin-Dashboard/maintainReferenceDataBtn"), Timeout): Object 'Object Repository/FDR-System-Admin/SysAdmin-Dashboard/maintainReferenceDataBtn' is present

2020-09-21 14:54:11 - [MESSAGE][PASSED] - Object 'Object Repository/FDR-System-Admin/SysAdmin-Dashboard/maintainReferenceDataBtn' is present

2020-09-21 14:54:11 - [TEST_STEP][PASSED] - refresh(): Refresh successfully

2020-09-21 14:54:11 - [MESSAGE][PASSED] - Refresh successfully

2020-09-21 14:54:11 - [MESSAGE][PASSED] - Call Test Case 'Test Cases/WEB-UI-TESTS/SysAdmin/SystemAdmin-Login' successfully

2020-09-21 14:54:11 - [TEST_STEP][PASSED] - Start listener action : sampleBeforeTestCase: null

2020-09-21 14:54:11 - [TEST_STEP][PASSED] - profileName = getExecutionProfile(): null

2020-09-21 14:54:11 - [TEST_STEP][PASSED] - testCaseId = testCaseContext.getTestCaseId(): null

2020-09-21 14:54:11 - [TEST_STEP][PASSED] - switch (profileName): null

2020-09-21 14:54:11 - [TEST_STEP][PASSED] - Default: null

2020-09-21 14:54:11 - [TEST_STEP][PASSED] - return null: null

2020-09-21 14:54:11 - [TEST_STEP][PASSED] - Start listener action : executeRows: null

2020-09-21 14:54:11 - [TEST_STEP][PASSED] - click(findTestObject("Object Repository/FDR-System-Admin/SysAdmin-Dashboard/maintainReferenceDataBtn")): Object: 'Object Repository/FDR-System-Admin/SysAdmin-Dashboard/maintainReferenceDataBtn' is clicked on

2020-09-21 14:54:12 - [MESSAGE][PASSED] - Object: 'Object Repository/FDR-System-Admin/SysAdmin-Dashboard/maintainReferenceDataBtn' is clicked on

2020-09-21 14:54:12 - [TEST_STEP][PASSED] - setText(findTestObject("FDR-System-Admin/FDR-ReferencePage/referenceDataNameInput"), ""): Text '' is set on object 'Object Repository/FDR-System-Admin/FDR-ReferencePage/referenceDataNameInput'

2020-09-21 14:54:12 - [MESSAGE][PASSED] - Text '' is set on object 'Object Repository/FDR-System-Admin/FDR-ReferencePage/referenceDataNameInput'

2020-09-21 14:54:12 - [TEST_STEP][PASSED] - click(findTestObject("Object Repository/FDR-System-Admin/FDR-ReferencePage/referenceDataDropdown")): Object: 'Object Repository/FDR-System-Admin/FDR-ReferencePage/referenceDataDropdown' is clicked on

2020-09-21 14:54:13 - [MESSAGE][PASSED] - Object: 'Object Repository/FDR-System-Admin/FDR-ReferencePage/referenceDataDropdown' is clicked on

2020-09-21 14:54:13 - [TEST_STEP][PASSED] - click(findTestObject("FDR-System-Admin/FDR-ReferencePage/waiverName")): Object: 'Object Repository/FDR-System-Admin/FDR-ReferencePage/waiverName' is clicked on

2020-09-21 14:54:13 - [MESSAGE][PASSED] - Object: 'Object Repository/FDR-System-Admin/FDR-ReferencePage/waiverName' is clicked on

2020-09-21 14:54:13 - [TEST_STEP][PASSED] - waitForElementPresent(findTestObject("Object Repository/FDR-System-Admin/FDR-Add-WaiverName/addWaiverNameBtn"), 3): Object 'Object Repository/FDR-System-Admin/FDR-Add-WaiverName/addWaiverNameBtn' is present

2020-09-21 14:54:14 - [MESSAGE][PASSED] - Object 'Object Repository/FDR-System-Admin/FDR-Add-WaiverName/addWaiverNameBtn' is present

2020-09-21 14:54:14 - [TEST_STEP][PASSED] - click(findTestObject("Object Repository/FDR-System-Admin/FDR-Add-WaiverName/addWaiverNameBtn")): Object: 'Object Repository/FDR-System-Admin/FDR-Add-WaiverName/addWaiverNameBtn' is clicked on

2020-09-21 14:54:14 - [MESSAGE][PASSED] - Object: 'Object Repository/FDR-System-Admin/FDR-Add-WaiverName/addWaiverNameBtn' is clicked on

2020-09-21 14:54:14 - [TEST_STEP][PASSED] - waiverName = randomAlphabetic(5).toUpperCase(): null

2020-09-21 14:54:14 - [TEST_STEP][PASSED] - waitForElementPresent(findTestObject("Object Repository/FDR-System-Admin/FDR-Add-WaiverName/newWaiverNameHeader"), 3): Object 'Object Repository/FDR-System-Admin/FDR-Add-WaiverName/newWaiverNameHeader' is present

2020-09-21 14:54:15 - [MESSAGE][PASSED] - Object 'Object Repository/FDR-System-Admin/FDR-Add-WaiverName/newWaiverNameHeader' is present

2020-09-21 14:54:15 - [TEST_STEP][PASSED] - waitForElementPresent(findTestObject("Object Repository/FDR-System-Admin/FDR-Add-WaiverName/waiverNameInputText"), 3): Object 'Object Repository/FDR-System-Admin/FDR-Add-WaiverName/waiverNameInputText' is present

2020-09-21 14:54:15 - [MESSAGE][PASSED] - Object 'Object Repository/FDR-System-Admin/FDR-Add-WaiverName/waiverNameInputText' is present

2020-09-21 14:54:15 - [TEST_STEP][PASSED] - setText(findTestObject("Object Repository/FDR-System-Admin/FDR-Add-WaiverName/waiverNameInputText"), "A-Family " + waiverName): Text 'A-Family HOZTY' is set on object 'Object Repository/FDR-System-Admin/FDR-Add-WaiverName/waiverNameInputText'

2020-09-21 14:54:16 - [MESSAGE][PASSED] - Text 'A-Family HOZTY' is set on object 'Object Repository/FDR-System-Admin/FDR-Add-WaiverName/waiverNameInputText'

2020-09-21 14:54:16 - [TEST_STEP][PASSED] - waitForElementPresent(findTestObject("Object Repository/FDR-System-Admin/FDR-Add-WaiverName/waiverNameConfirmBtn"), 3): Object 'Object Repository/FDR-System-Admin/FDR-Add-WaiverName/waiverNameConfirmBtn' is present

2020-09-21 14:54:16 - [MESSAGE][PASSED] - Object 'Object Repository/FDR-System-Admin/FDR-Add-WaiverName/waiverNameConfirmBtn' is present

2020-09-21 14:54:16 - [TEST_STEP][PASSED] - click(findTestObject("Object Repository/FDR-System-Admin/FDR-Add-WaiverName/waiverNameConfirmBtn")): Object: 'Object Repository/FDR-System-Admin/FDR-Add-WaiverName/waiverNameConfirmBtn' is clicked on

2020-09-21 14:54:16 - [MESSAGE][PASSED] - Object: 'Object Repository/FDR-System-Admin/FDR-Add-WaiverName/waiverNameConfirmBtn' is clicked on

2020-09-21 14:54:16 - [TEST_STEP][PASSED] - waitForElementPresent(findTestObject("Object Repository/FDR-System-Admin/FDR-Add-WaiverName/waiverNameHeader"), 3): Object 'Object Repository/FDR-System-Admin/FDR-Add-WaiverName/waiverNameHeader' is present

2020-09-21 14:54:17 - [MESSAGE][PASSED] - Object 'Object Repository/FDR-System-Admin/FDR-Add-WaiverName/waiverNameHeader' is present

2020-09-21 14:54:17 - [TEST_STEP][PASSED] - waitForElementPresent(findTestObject("Object Repository/FDR-System-Admin/FDR-Edit-WaiverName/waiverNameElipsisBtn"), 3): Object 'Object Repository/FDR-System-Admin/FDR-Edit-WaiverName/waiverNameElipsisBtn' is present

2020-09-21 14:54:17 - [MESSAGE][PASSED] - Object 'Object Repository/FDR-System-Admin/FDR-Edit-WaiverName/waiverNameElipsisBtn' is present

2020-09-21 14:54:17 - [TEST_STEP][PASSED] - click(findTestObject("Object Repository/FDR-System-Admin/FDR-Edit-WaiverName/waiverNameElipsisBtn")): Object: 'Object Repository/FDR-System-Admin/FDR-Edit-WaiverName/waiverNameElipsisBtn' is clicked on

2020-09-21 14:54:18 - [MESSAGE][PASSED] - Object: 'Object Repository/FDR-System-Admin/FDR-Edit-WaiverName/waiverNameElipsisBtn' is clicked on

2020-09-21 14:54:18 - [TEST_STEP][PASSED] - waitForElementPresent(findTestObject("Object Repository/FDR-System-Admin/FDR-Edit-WaiverName/waiverNameEditBtn"), 3): Object 'Object Repository/FDR-System-Admin/FDR-Edit-WaiverName/waiverNameEditBtn' is present

2020-09-21 14:54:18 - [MESSAGE][PASSED] - Object 'Object Repository/FDR-System-Admin/FDR-Edit-WaiverName/waiverNameEditBtn' is present

2020-09-21 14:54:18 - [TEST_STEP][PASSED] - click(findTestObject("Object Repository/FDR-System-Admin/FDR-Edit-WaiverName/waiverNameEditBtn")): Object: 'Object Repository/FDR-System-Admin/FDR-Edit-WaiverName/waiverNameEditBtn' is clicked on

2020-09-21 14:54:19 - [MESSAGE][PASSED] - Object: 'Object Repository/FDR-System-Admin/FDR-Edit-WaiverName/waiverNameEditBtn' is clicked on

2020-09-21 14:54:19 - [TEST_STEP][PASSED] - editWaiverName = randomAlphabetic(5).toUpperCase(): null

2020-09-21 14:54:19 - [TEST_STEP][PASSED] - waitForElementPresent(findTestObject("Object Repository/FDR-System-Admin/FDR-Add-WaiverName/waiverNameInputText"), 3): Object 'Object Repository/FDR-System-Admin/FDR-Add-WaiverName/waiverNameInputText' is present

2020-09-21 14:54:19 - [MESSAGE][PASSED] - Object 'Object Repository/FDR-System-Admin/FDR-Add-WaiverName/waiverNameInputText' is present

2020-09-21 14:54:19 - [TEST_STEP][PASSED] - doubleClick(findTestObject("Object Repository/FDR-System-Admin/FDR-Add-WaiverName/waiverNameInputText")): Object: 'Object Repository/FDR-System-Admin/FDR-Add-WaiverName/waiverNameInputText' is double clicked on

2020-09-21 14:54:20 - [MESSAGE][PASSED] - Object: 'Object Repository/FDR-System-Admin/FDR-Add-WaiverName/waiverNameInputText' is double clicked on

2020-09-21 14:54:20 - [TEST_STEP][PASSED] - sendKeys(findTestObject("Object Repository/FDR-System-Admin/FDR-Add-WaiverName/waiverNameInputText"), Keys.chord(BACK_SPACE)): Keys 'BACK_SPACE + ' sent to object: 'Object Repository/FDR-System-Admin/FDR-Add-WaiverName/waiverNameInputText'

2020-09-21 14:54:20 - [MESSAGE][PASSED] - Keys 'BACK_SPACE + ' sent to object: 'Object Repository/FDR-System-Admin/FDR-Add-WaiverName/waiverNameInputText'

2020-09-21 14:54:20 - [TEST_STEP][PASSED] - setText(findTestObject("Object Repository/FDR-System-Admin/FDR-Add-WaiverName/waiverNameInputText"), waiverName): Text 'HOZTY' is set on object 'Object Repository/FDR-System-Admin/FDR-Add-WaiverName/waiverNameInputText'

2020-09-21 14:54:21 - [MESSAGE][PASSED] - Text 'HOZTY' is set on object 'Object Repository/FDR-System-Admin/FDR-Add-WaiverName/waiverNameInputText'

2020-09-21 14:54:21 - [TEST_STEP][PASSED] - waitForElementPresent(findTestObject("Object Repository/FDR-System-Admin/FDR-Add-WaiverName/waiverNameSaveBtn"), 3): Object 'Object Repository/FDR-System-Admin/FDR-Add-WaiverName/waiverNameSaveBtn' is present

2020-09-21 14:54:21 - [MESSAGE][PASSED] - Object 'Object Repository/FDR-System-Admin/FDR-Add-WaiverName/waiverNameSaveBtn' is present

2020-09-21 14:54:21 - [TEST_STEP][PASSED] - click(findTestObject("Object Repository/FDR-System-Admin/FDR-Add-WaiverName/waiverNameSaveBtn")): Object: 'Object Repository/FDR-System-Admin/FDR-Add-WaiverName/waiverNameSaveBtn' is clicked on

2020-09-21 14:54:22 - [MESSAGE][PASSED] - Object: 'Object Repository/FDR-System-Admin/FDR-Add-WaiverName/waiverNameSaveBtn' is clicked on

2020-09-21 14:54:22 - [TEST_STEP][PASSED] - Start listener action : sampleAfterTestCase: null

2020-09-21 14:54:22 - [TEST_STEP][PASSED] - profileName = getExecutionProfile(): null

2020-09-21 14:54:22 - [TEST_STEP][PASSED] - switch (profileName): null

2020-09-21 14:54:22 - [TEST_STEP][PASSED] - case "superUser":: null

2020-09-21 14:54:22 - [TEST_STEP][PASSED] - return null: null

2020-09-21 14:54:22 - [TEST_STEP][PASSED] - Start listener action : afterTestCase: Browser is closed

2020-09-21 14:54:22 - [TEST_STEP][PASSED] - profileName = getExecutionProfile(): null

2020-09-21 14:54:22 - [TEST_STEP][PASSED] - if (profileName.equalsIgnoreCase("SysAdmin")): Browser is closed

2020-09-21 14:54:22 - [TEST_STEP][PASSED] - closeBrowser(): Browser is closed

2020-09-21 14:54:22 - [MESSAGE][PASSED] - Browser is closed

2020-09-21 14:54:22 - [TEST_STEP][PASSED] - Start listener action : sampleAfterTestCase: null

2020-09-21 14:54:22 - [TEST_STEP][PASSED] - profileName = getExecutionProfile(): null

2020-09-21 14:54:22 - [TEST_STEP][PASSED] - switch (profileName): null

2020-09-21 14:54:22 - [TEST_STEP][PASSED] - Default: null

2020-09-21 14:54:22 - [TEST_STEP][PASSED] - return null: null

2020-09-21 14:54:22 - [TEST_STEP][PASSED] - Start listener action : addFailedTCToList: null]]></system-out>
         <system-err><![CDATA[]]></system-err>
      </testcase>
      <testcase name="Test Cases/WEB-UI-TESTS/SysAdmin/ReferencePage/ReferenceDetail/FDR-Add-WaiverTypeDetailReview" time="39.73" classname="Test Cases/WEB-UI-TESTS/SysAdmin/ReferencePage/ReferenceDetail/FDR-Add-WaiverTypeDetailReview" status="PASSED">
         <system-out><![CDATA[2020-09-21 14:54:22 - [TEST_CASE][PASSED] - Test Cases/WEB-UI-TESTS/SysAdmin/ReferencePage/ReferenceDetail/FDR-Add-WaiverTypeDetailReview: Test Cases/WEB-UI-TESTS/SysAdmin/ReferencePage/ReferenceDetail/FDR-Add-WaiverTypeDetailReview

2020-09-21 14:54:22 - [TEST_STEP][PASSED] - Start listener action : sampleBeforeTestCase: null

2020-09-21 14:54:22 - [TEST_STEP][PASSED] - profileName = getExecutionProfile(): null

2020-09-21 14:54:22 - [TEST_STEP][PASSED] - switch (profileName): null

2020-09-21 14:54:22 - [TEST_STEP][PASSED] - case "superUser":: null

2020-09-21 14:54:22 - [TEST_STEP][PASSED] - return null: null

2020-09-21 14:54:22 - [TEST_STEP][PASSED] - Start listener action : beforeTestCase: Call Test Case 'Test Cases/WEB-UI-TESTS/SysAdmin/SystemAdmin-Login' successfully

2020-09-21 14:54:22 - [TEST_STEP][PASSED] - profileName = getExecutionProfile(): null

2020-09-21 14:54:22 - [TEST_STEP][PASSED] - if (profileName.equalsIgnoreCase("SysAdmin")): Call Test Case 'Test Cases/WEB-UI-TESTS/SysAdmin/SystemAdmin-Login' successfully

2020-09-21 14:54:22 - [TEST_STEP][PASSED] - callTestCase(findTestCase("Test Cases/WEB-UI-TESTS/SysAdmin/SystemAdmin-Login"), null): Call Test Case 'Test Cases/WEB-UI-TESTS/SysAdmin/SystemAdmin-Login' successfully

2020-09-21 14:54:22 - [TEST_CASE][PASSED] - Test Cases/WEB-UI-TESTS/SysAdmin/SystemAdmin-Login: Test Cases/WEB-UI-TESTS/SysAdmin/SystemAdmin-Login

2020-09-21 14:54:22 - [TEST_STEP][PASSED] - openBrowser(URL): Browser is opened with url: 'https://fdr-katalon.cammis-mod-dev.dhcs.ca.gov'

2020-09-21 14:54:22 - [MESSAGE][INFO] - Starting 'Chrome' driver

2020-09-21 14:54:22 - [MESSAGE][INFO] - Action delay is set to 0 milliseconds

2020-09-21 14:54:29 - [MESSAGE][PASSED] - Browser is opened with url: 'https://fdr-katalon.cammis-mod-dev.dhcs.ca.gov'

2020-09-21 14:54:29 - [TEST_STEP][PASSED] - maximizeWindow(): Current window maximized

2020-09-21 14:54:31 - [MESSAGE][PASSED] - Current window maximized

2020-09-21 14:54:31 - [TEST_STEP][PASSED] - refresh(): Refresh successfully

2020-09-21 14:54:32 - [MESSAGE][PASSED] - Refresh successfully

2020-09-21 14:54:32 - [TEST_STEP][PASSED] - delay(2): Delayed 2 second(s)

2020-09-21 14:54:34 - [MESSAGE][PASSED] - Delayed 2 second(s)

2020-09-21 14:54:34 - [TEST_STEP][PASSED] - waitForElementPresent(findTestObject("FDR-System-Admin/SysAdmin-SignIn/adminEmail"), 5): Object 'Object Repository/FDR-System-Admin/SysAdmin-SignIn/adminEmail' is present

2020-09-21 14:54:34 - [MESSAGE][PASSED] - Object 'Object Repository/FDR-System-Admin/SysAdmin-SignIn/adminEmail' is present

2020-09-21 14:54:34 - [TEST_STEP][PASSED] - setText(findTestObject("FDR-System-Admin/SysAdmin-SignIn/adminEmail"), adminEmail): Text 'fdr.test10@dhcs.ca.gov
' is set on object 'Object Repository/FDR-System-Admin/SysAdmin-SignIn/adminEmail'

2020-09-21 14:54:35 - [MESSAGE][PASSED] - Text 'fdr.test10@dhcs.ca.gov
' is set on object 'Object Repository/FDR-System-Admin/SysAdmin-SignIn/adminEmail'

2020-09-21 14:54:35 - [TEST_STEP][PASSED] - waitForElementPresent(findTestObject("FDR-System-Admin/SysAdmin-SignIn/adminUserName"), 5): Object 'Object Repository/FDR-System-Admin/SysAdmin-SignIn/adminUserName' is present

2020-09-21 14:54:38 - [MESSAGE][PASSED] - Object 'Object Repository/FDR-System-Admin/SysAdmin-SignIn/adminUserName' is present

2020-09-21 14:54:38 - [TEST_STEP][PASSED] - setText(findTestObject("FDR-System-Admin/SysAdmin-SignIn/adminUserName"), UserName): Text 'fdr.test10@dhcs.ca.gov' is set on object 'Object Repository/FDR-System-Admin/SysAdmin-SignIn/adminUserName'

2020-09-21 14:54:38 - [MESSAGE][PASSED] - Text 'fdr.test10@dhcs.ca.gov' is set on object 'Object Repository/FDR-System-Admin/SysAdmin-SignIn/adminUserName'

2020-09-21 14:54:38 - [TEST_STEP][PASSED] - setText(findTestObject("FDR-System-Admin/SysAdmin-SignIn/adminPass"), Password): Text 'Password18' is set on object 'Object Repository/FDR-System-Admin/SysAdmin-SignIn/adminPass'

2020-09-21 14:54:39 - [MESSAGE][PASSED] - Text 'Password18' is set on object 'Object Repository/FDR-System-Admin/SysAdmin-SignIn/adminPass'

2020-09-21 14:54:39 - [TEST_STEP][PASSED] - click(findTestObject("FDR-System-Admin/SysAdmin-SignIn/adminSignIn")): Object: 'Object Repository/FDR-System-Admin/SysAdmin-SignIn/adminSignIn' is clicked on

2020-09-21 14:54:48 - [MESSAGE][PASSED] - Object: 'Object Repository/FDR-System-Admin/SysAdmin-SignIn/adminSignIn' is clicked on

2020-09-21 14:54:48 - [TEST_STEP][PASSED] - waitForElementPresent(findTestObject("Object Repository/FDR-System-Admin/SysAdmin-Dashboard/maintainReferenceDataBtn"), 3): Object 'Object Repository/FDR-System-Admin/SysAdmin-Dashboard/maintainReferenceDataBtn' is present

2020-09-21 14:54:50 - [MESSAGE][PASSED] - Object 'Object Repository/FDR-System-Admin/SysAdmin-Dashboard/maintainReferenceDataBtn' is present

2020-09-21 14:54:50 - [TEST_STEP][PASSED] - verifyElementPresent(findTestObject("Object Repository/FDR-System-Admin/SysAdmin-Dashboard/maintainReferenceDataBtn"), Timeout): Object 'Object Repository/FDR-System-Admin/SysAdmin-Dashboard/maintainReferenceDataBtn' is present

2020-09-21 14:54:50 - [MESSAGE][PASSED] - Object 'Object Repository/FDR-System-Admin/SysAdmin-Dashboard/maintainReferenceDataBtn' is present

2020-09-21 14:54:50 - [TEST_STEP][PASSED] - refresh(): Refresh successfully

2020-09-21 14:54:51 - [MESSAGE][PASSED] - Refresh successfully

2020-09-21 14:54:51 - [MESSAGE][PASSED] - Call Test Case 'Test Cases/WEB-UI-TESTS/SysAdmin/SystemAdmin-Login' successfully

2020-09-21 14:54:51 - [TEST_STEP][PASSED] - Start listener action : sampleBeforeTestCase: null

2020-09-21 14:54:51 - [TEST_STEP][PASSED] - profileName = getExecutionProfile(): null

2020-09-21 14:54:51 - [TEST_STEP][PASSED] - testCaseId = testCaseContext.getTestCaseId(): null

2020-09-21 14:54:51 - [TEST_STEP][PASSED] - switch (profileName): null

2020-09-21 14:54:51 - [TEST_STEP][PASSED] - Default: null

2020-09-21 14:54:51 - [TEST_STEP][PASSED] - return null: null

2020-09-21 14:54:51 - [TEST_STEP][PASSED] - Start listener action : executeRows: null

2020-09-21 14:54:51 - [TEST_STEP][PASSED] - click(findTestObject("Object Repository/FDR-System-Admin/SysAdmin-Dashboard/maintainReferenceDataBtn")): Object: 'Object Repository/FDR-System-Admin/SysAdmin-Dashboard/maintainReferenceDataBtn' is clicked on

2020-09-21 14:54:51 - [MESSAGE][PASSED] - Object: 'Object Repository/FDR-System-Admin/SysAdmin-Dashboard/maintainReferenceDataBtn' is clicked on

2020-09-21 14:54:51 - [TEST_STEP][PASSED] - setText(findTestObject("Object Repository/FDR-System-Admin/FDR-ReferencePage/referenceDataNameInput"), ""): Text '' is set on object 'Object Repository/FDR-System-Admin/FDR-ReferencePage/referenceDataNameInput'

2020-09-21 14:54:52 - [MESSAGE][PASSED] - Text '' is set on object 'Object Repository/FDR-System-Admin/FDR-ReferencePage/referenceDataNameInput'

2020-09-21 14:54:52 - [TEST_STEP][PASSED] - click(findTestObject("Object Repository/FDR-System-Admin/FDR-ReferencePage/referenceDataDropdown")): Object: 'Object Repository/FDR-System-Admin/FDR-ReferencePage/referenceDataDropdown' is clicked on

2020-09-21 14:54:52 - [MESSAGE][PASSED] - Object: 'Object Repository/FDR-System-Admin/FDR-ReferencePage/referenceDataDropdown' is clicked on

2020-09-21 14:54:52 - [TEST_STEP][PASSED] - click(findTestObject("Object Repository/FDR-System-Admin/FDR-ReferencePage/waiverTypes")): Object: 'Object Repository/FDR-System-Admin/FDR-ReferencePage/waiverTypes' is clicked on

2020-09-21 14:54:53 - [MESSAGE][PASSED] - Object: 'Object Repository/FDR-System-Admin/FDR-ReferencePage/waiverTypes' is clicked on

2020-09-21 14:54:53 - [TEST_STEP][PASSED] - waitForElementPresent(findTestObject("Object Repository/FDR-System-Admin/FDR-Add-WaiverTypes/addWaiverTypeBtn"), 3): Object 'Object Repository/FDR-System-Admin/FDR-Add-WaiverTypes/addWaiverTypeBtn' is present

2020-09-21 14:54:53 - [MESSAGE][PASSED] - Object 'Object Repository/FDR-System-Admin/FDR-Add-WaiverTypes/addWaiverTypeBtn' is present

2020-09-21 14:54:53 - [TEST_STEP][PASSED] - click(findTestObject("Object Repository/FDR-System-Admin/FDR-Add-WaiverTypes/addWaiverTypeBtn")): Object: 'Object Repository/FDR-System-Admin/FDR-Add-WaiverTypes/addWaiverTypeBtn' is clicked on

2020-09-21 14:54:54 - [MESSAGE][PASSED] - Object: 'Object Repository/FDR-System-Admin/FDR-Add-WaiverTypes/addWaiverTypeBtn' is clicked on

2020-09-21 14:54:54 - [TEST_STEP][PASSED] - waitForElementPresent(findTestObject("Object Repository/FDR-System-Admin/FDR-Add-WaiverTypes/newWaiverTypeHeader"), 3): Object 'Object Repository/FDR-System-Admin/FDR-Add-WaiverTypes/newWaiverTypeHeader' is present

2020-09-21 14:54:54 - [MESSAGE][PASSED] - Object 'Object Repository/FDR-System-Admin/FDR-Add-WaiverTypes/newWaiverTypeHeader' is present

2020-09-21 14:54:54 - [TEST_STEP][PASSED] - waitForElementPresent(findTestObject("Object Repository/FDR-System-Admin/FDR-Add-WaiverTypes/waiverTypeInputText"), 3): Object 'Object Repository/FDR-System-Admin/FDR-Add-WaiverTypes/waiverTypeInputText' is present

2020-09-21 14:54:55 - [MESSAGE][PASSED] - Object 'Object Repository/FDR-System-Admin/FDR-Add-WaiverTypes/waiverTypeInputText' is present

2020-09-21 14:54:55 - [TEST_STEP][PASSED] - waiverType = randomAlphanumeric(6).toUpperCase(): null

2020-09-21 14:54:55 - [TEST_STEP][PASSED] - setText(findTestObject("Object Repository/FDR-System-Admin/FDR-Add-WaiverTypes/waiverTypeInputText"), waiverType): Text 'FICQI6' is set on object 'Object Repository/FDR-System-Admin/FDR-Add-WaiverTypes/waiverTypeInputText'

2020-09-21 14:54:55 - [MESSAGE][PASSED] - Text 'FICQI6' is set on object 'Object Repository/FDR-System-Admin/FDR-Add-WaiverTypes/waiverTypeInputText'

2020-09-21 14:54:55 - [TEST_STEP][PASSED] - waitForElementPresent(findTestObject("Object Repository/FDR-System-Admin/FDR-Add-WaiverTypes/waiverTypeConfirmBtn"), 3): Object 'Object Repository/FDR-System-Admin/FDR-Add-WaiverTypes/waiverTypeConfirmBtn' is present

2020-09-21 14:54:56 - [MESSAGE][PASSED] - Object 'Object Repository/FDR-System-Admin/FDR-Add-WaiverTypes/waiverTypeConfirmBtn' is present

2020-09-21 14:54:56 - [TEST_STEP][PASSED] - click(findTestObject("Object Repository/FDR-System-Admin/FDR-Add-WaiverTypes/waiverTypeConfirmBtn")): Object: 'Object Repository/FDR-System-Admin/FDR-Add-WaiverTypes/waiverTypeConfirmBtn' is clicked on

2020-09-21 14:54:56 - [MESSAGE][PASSED] - Object: 'Object Repository/FDR-System-Admin/FDR-Add-WaiverTypes/waiverTypeConfirmBtn' is clicked on

2020-09-21 14:54:56 - [TEST_STEP][PASSED] - waitForElementPresent(findTestObject("Object Repository/FDR-System-Admin/FDR-Add-WaiverTypes/waiverTypeHeader"), 3): Object 'Object Repository/FDR-System-Admin/FDR-Add-WaiverTypes/waiverTypeHeader' is present

2020-09-21 14:54:57 - [MESSAGE][PASSED] - Object 'Object Repository/FDR-System-Admin/FDR-Add-WaiverTypes/waiverTypeHeader' is present

2020-09-21 14:54:57 - [TEST_STEP][PASSED] - waitForElementPresent(findTestObject("Object Repository/FDR-System-Admin/FDR-Edit-WaiverType/waiverTypeElipsisBtn"), 3): Object 'Object Repository/FDR-System-Admin/FDR-Edit-WaiverType/waiverTypeElipsisBtn' is present

2020-09-21 14:54:57 - [MESSAGE][PASSED] - Object 'Object Repository/FDR-System-Admin/FDR-Edit-WaiverType/waiverTypeElipsisBtn' is present

2020-09-21 14:54:57 - [TEST_STEP][PASSED] - click(findTestObject("Object Repository/FDR-System-Admin/FDR-Edit-WaiverType/waiverTypeElipsisBtn")): Object: 'Object Repository/FDR-System-Admin/FDR-Edit-WaiverType/waiverTypeElipsisBtn' is clicked on

2020-09-21 14:54:57 - [MESSAGE][PASSED] - Object: 'Object Repository/FDR-System-Admin/FDR-Edit-WaiverType/waiverTypeElipsisBtn' is clicked on

2020-09-21 14:54:57 - [TEST_STEP][PASSED] - waitForElementPresent(findTestObject("Object Repository/FDR-System-Admin/FDR-Edit-WaiverType/waiverTypeEditBtn"), 3): Object 'Object Repository/FDR-System-Admin/FDR-Edit-WaiverType/waiverTypeEditBtn' is present

2020-09-21 14:54:58 - [MESSAGE][PASSED] - Object 'Object Repository/FDR-System-Admin/FDR-Edit-WaiverType/waiverTypeEditBtn' is present

2020-09-21 14:54:58 - [TEST_STEP][PASSED] - click(findTestObject("Object Repository/FDR-System-Admin/FDR-Edit-WaiverType/waiverTypeEditBtn")): Object: 'Object Repository/FDR-System-Admin/FDR-Edit-WaiverType/waiverTypeEditBtn' is clicked on

2020-09-21 14:54:58 - [MESSAGE][PASSED] - Object: 'Object Repository/FDR-System-Admin/FDR-Edit-WaiverType/waiverTypeEditBtn' is clicked on

2020-09-21 14:54:58 - [TEST_STEP][PASSED] - waitForElementPresent(findTestObject("Object Repository/FDR-System-Admin/FDR-Add-WaiverTypes/waiverTypeInputText"), 3): Object 'Object Repository/FDR-System-Admin/FDR-Add-WaiverTypes/waiverTypeInputText' is present

2020-09-21 14:54:59 - [MESSAGE][PASSED] - Object 'Object Repository/FDR-System-Admin/FDR-Add-WaiverTypes/waiverTypeInputText' is present

2020-09-21 14:54:59 - [TEST_STEP][PASSED] - editWaiverType = randomAlphanumeric(6).toUpperCase(): null

2020-09-21 14:54:59 - [TEST_STEP][PASSED] - doubleClick(findTestObject("Object Repository/FDR-System-Admin/FDR-Add-WaiverTypes/waiverTypeInputText")): Object: 'Object Repository/FDR-System-Admin/FDR-Add-WaiverTypes/waiverTypeInputText' is double clicked on

2020-09-21 14:54:59 - [MESSAGE][PASSED] - Object: 'Object Repository/FDR-System-Admin/FDR-Add-WaiverTypes/waiverTypeInputText' is double clicked on

2020-09-21 14:54:59 - [TEST_STEP][PASSED] - sendKeys(findTestObject("Object Repository/FDR-System-Admin/FDR-Add-WaiverTypes/waiverTypeInputText"), Keys.chord(BACK_SPACE)): Keys 'BACK_SPACE + ' sent to object: 'Object Repository/FDR-System-Admin/FDR-Add-WaiverTypes/waiverTypeInputText'

2020-09-21 14:55:00 - [MESSAGE][PASSED] - Keys 'BACK_SPACE + ' sent to object: 'Object Repository/FDR-System-Admin/FDR-Add-WaiverTypes/waiverTypeInputText'

2020-09-21 14:55:00 - [TEST_STEP][PASSED] - setText(findTestObject("Object Repository/FDR-System-Admin/FDR-Add-WaiverTypes/waiverTypeInputText"), editWaiverType): Text '1F0FDL' is set on object 'Object Repository/FDR-System-Admin/FDR-Add-WaiverTypes/waiverTypeInputText'

2020-09-21 14:55:01 - [MESSAGE][PASSED] - Text '1F0FDL' is set on object 'Object Repository/FDR-System-Admin/FDR-Add-WaiverTypes/waiverTypeInputText'

2020-09-21 14:55:01 - [TEST_STEP][PASSED] - waitForElementPresent(findTestObject("Object Repository/FDR-System-Admin/FDR-Edit-WaiverType/waiverTypeSaveBtn"), 3): Object 'Object Repository/FDR-System-Admin/FDR-Edit-WaiverType/waiverTypeSaveBtn' is present

2020-09-21 14:55:01 - [MESSAGE][PASSED] - Object 'Object Repository/FDR-System-Admin/FDR-Edit-WaiverType/waiverTypeSaveBtn' is present

2020-09-21 14:55:01 - [TEST_STEP][PASSED] - click(findTestObject("Object Repository/FDR-System-Admin/FDR-Edit-WaiverType/waiverTypeSaveBtn")): Object: 'Object Repository/FDR-System-Admin/FDR-Edit-WaiverType/waiverTypeSaveBtn' is clicked on

2020-09-21 14:55:01 - [MESSAGE][PASSED] - Object: 'Object Repository/FDR-System-Admin/FDR-Edit-WaiverType/waiverTypeSaveBtn' is clicked on

2020-09-21 14:55:01 - [TEST_STEP][PASSED] - Start listener action : sampleAfterTestCase: null

2020-09-21 14:55:01 - [TEST_STEP][PASSED] - profileName = getExecutionProfile(): null

2020-09-21 14:55:01 - [TEST_STEP][PASSED] - switch (profileName): null

2020-09-21 14:55:01 - [TEST_STEP][PASSED] - case "superUser":: null

2020-09-21 14:55:01 - [TEST_STEP][PASSED] - return null: null

2020-09-21 14:55:01 - [TEST_STEP][PASSED] - Start listener action : afterTestCase: Browser is closed

2020-09-21 14:55:01 - [TEST_STEP][PASSED] - profileName = getExecutionProfile(): null

2020-09-21 14:55:01 - [TEST_STEP][PASSED] - if (profileName.equalsIgnoreCase("SysAdmin")): Browser is closed

2020-09-21 14:55:01 - [TEST_STEP][PASSED] - closeBrowser(): Browser is closed

2020-09-21 14:55:02 - [MESSAGE][PASSED] - Browser is closed

2020-09-21 14:55:02 - [TEST_STEP][PASSED] - Start listener action : sampleAfterTestCase: null

2020-09-21 14:55:02 - [TEST_STEP][PASSED] - profileName = getExecutionProfile(): null

2020-09-21 14:55:02 - [TEST_STEP][PASSED] - switch (profileName): null

2020-09-21 14:55:02 - [TEST_STEP][PASSED] - Default: null

2020-09-21 14:55:02 - [TEST_STEP][PASSED] - return null: null

2020-09-21 14:55:02 - [TEST_STEP][PASSED] - Start listener action : addFailedTCToList: null]]></system-out>
         <system-err><![CDATA[]]></system-err>
      </testcase>
      <testcase name="Test Cases/WEB-UI-TESTS/SysAdmin/ReferencePage/ReferenceDetail/FDR-Add-FundingSourceDetailReview" time="59.371" classname="Test Cases/WEB-UI-TESTS/SysAdmin/ReferencePage/ReferenceDetail/FDR-Add-FundingSourceDetailReview" status="PASSED">
         <system-out><![CDATA[2020-09-21 14:55:02 - [TEST_CASE][PASSED] - Test Cases/WEB-UI-TESTS/SysAdmin/ReferencePage/ReferenceDetail/FDR-Add-FundingSourceDetailReview: Test Cases/WEB-UI-TESTS/SysAdmin/ReferencePage/ReferenceDetail/FDR-Add-FundingSourceDetailReview

2020-09-21 14:55:02 - [TEST_STEP][PASSED] - Start listener action : sampleBeforeTestCase: null

2020-09-21 14:55:02 - [TEST_STEP][PASSED] - profileName = getExecutionProfile(): null

2020-09-21 14:55:02 - [TEST_STEP][PASSED] - switch (profileName): null

2020-09-21 14:55:02 - [TEST_STEP][PASSED] - case "superUser":: null

2020-09-21 14:55:02 - [TEST_STEP][PASSED] - return null: null

2020-09-21 14:55:02 - [TEST_STEP][PASSED] - Start listener action : beforeTestCase: Call Test Case 'Test Cases/WEB-UI-TESTS/SysAdmin/SystemAdmin-Login' successfully

2020-09-21 14:55:02 - [TEST_STEP][PASSED] - profileName = getExecutionProfile(): null

2020-09-21 14:55:02 - [TEST_STEP][PASSED] - if (profileName.equalsIgnoreCase("SysAdmin")): Call Test Case 'Test Cases/WEB-UI-TESTS/SysAdmin/SystemAdmin-Login' successfully

2020-09-21 14:55:02 - [TEST_STEP][PASSED] - callTestCase(findTestCase("Test Cases/WEB-UI-TESTS/SysAdmin/SystemAdmin-Login"), null): Call Test Case 'Test Cases/WEB-UI-TESTS/SysAdmin/SystemAdmin-Login' successfully

2020-09-21 14:55:02 - [TEST_CASE][PASSED] - Test Cases/WEB-UI-TESTS/SysAdmin/SystemAdmin-Login: Test Cases/WEB-UI-TESTS/SysAdmin/SystemAdmin-Login

2020-09-21 14:55:02 - [TEST_STEP][PASSED] - openBrowser(URL): Browser is opened with url: 'https://fdr-katalon.cammis-mod-dev.dhcs.ca.gov'

2020-09-21 14:55:02 - [MESSAGE][INFO] - Starting 'Chrome' driver

2020-09-21 14:55:02 - [MESSAGE][INFO] - Action delay is set to 0 milliseconds

2020-09-21 14:55:06 - [MESSAGE][PASSED] - Browser is opened with url: 'https://fdr-katalon.cammis-mod-dev.dhcs.ca.gov'

2020-09-21 14:55:06 - [TEST_STEP][PASSED] - maximizeWindow(): Current window maximized

2020-09-21 14:55:08 - [MESSAGE][PASSED] - Current window maximized

2020-09-21 14:55:08 - [TEST_STEP][PASSED] - refresh(): Refresh successfully

2020-09-21 14:55:08 - [MESSAGE][PASSED] - Refresh successfully

2020-09-21 14:55:08 - [TEST_STEP][PASSED] - delay(2): Delayed 2 second(s)

2020-09-21 14:55:10 - [MESSAGE][PASSED] - Delayed 2 second(s)

2020-09-21 14:55:10 - [TEST_STEP][PASSED] - waitForElementPresent(findTestObject("FDR-System-Admin/SysAdmin-SignIn/adminEmail"), 5): Object 'Object Repository/FDR-System-Admin/SysAdmin-SignIn/adminEmail' is present

2020-09-21 14:55:11 - [MESSAGE][PASSED] - Object 'Object Repository/FDR-System-Admin/SysAdmin-SignIn/adminEmail' is present

2020-09-21 14:55:11 - [TEST_STEP][PASSED] - setText(findTestObject("FDR-System-Admin/SysAdmin-SignIn/adminEmail"), adminEmail): Text 'fdr.test10@dhcs.ca.gov
' is set on object 'Object Repository/FDR-System-Admin/SysAdmin-SignIn/adminEmail'

2020-09-21 14:55:11 - [MESSAGE][PASSED] - Text 'fdr.test10@dhcs.ca.gov
' is set on object 'Object Repository/FDR-System-Admin/SysAdmin-SignIn/adminEmail'

2020-09-21 14:55:11 - [TEST_STEP][PASSED] - waitForElementPresent(findTestObject("FDR-System-Admin/SysAdmin-SignIn/adminUserName"), 5): Object 'Object Repository/FDR-System-Admin/SysAdmin-SignIn/adminUserName' is present

2020-09-21 14:55:14 - [MESSAGE][PASSED] - Object 'Object Repository/FDR-System-Admin/SysAdmin-SignIn/adminUserName' is present

2020-09-21 14:55:14 - [TEST_STEP][PASSED] - setText(findTestObject("FDR-System-Admin/SysAdmin-SignIn/adminUserName"), UserName): Text 'fdr.test10@dhcs.ca.gov' is set on object 'Object Repository/FDR-System-Admin/SysAdmin-SignIn/adminUserName'

2020-09-21 14:55:15 - [MESSAGE][PASSED] - Text 'fdr.test10@dhcs.ca.gov' is set on object 'Object Repository/FDR-System-Admin/SysAdmin-SignIn/adminUserName'

2020-09-21 14:55:15 - [TEST_STEP][PASSED] - setText(findTestObject("FDR-System-Admin/SysAdmin-SignIn/adminPass"), Password): Text 'Password18' is set on object 'Object Repository/FDR-System-Admin/SysAdmin-SignIn/adminPass'

2020-09-21 14:55:16 - [MESSAGE][PASSED] - Text 'Password18' is set on object 'Object Repository/FDR-System-Admin/SysAdmin-SignIn/adminPass'

2020-09-21 14:55:16 - [TEST_STEP][PASSED] - click(findTestObject("FDR-System-Admin/SysAdmin-SignIn/adminSignIn")): Object: 'Object Repository/FDR-System-Admin/SysAdmin-SignIn/adminSignIn' is clicked on

2020-09-21 14:55:17 - [MESSAGE][PASSED] - Object: 'Object Repository/FDR-System-Admin/SysAdmin-SignIn/adminSignIn' is clicked on

2020-09-21 14:55:17 - [TEST_STEP][PASSED] - waitForElementPresent(findTestObject("Object Repository/FDR-System-Admin/SysAdmin-Dashboard/maintainReferenceDataBtn"), 3): Object 'Object Repository/FDR-System-Admin/SysAdmin-Dashboard/maintainReferenceDataBtn' is present

2020-09-21 14:55:19 - [MESSAGE][PASSED] - Object 'Object Repository/FDR-System-Admin/SysAdmin-Dashboard/maintainReferenceDataBtn' is present

2020-09-21 14:55:19 - [TEST_STEP][PASSED] - verifyElementPresent(findTestObject("Object Repository/FDR-System-Admin/SysAdmin-Dashboard/maintainReferenceDataBtn"), Timeout): Object 'Object Repository/FDR-System-Admin/SysAdmin-Dashboard/maintainReferenceDataBtn' is present

2020-09-21 14:55:19 - [MESSAGE][PASSED] - Object 'Object Repository/FDR-System-Admin/SysAdmin-Dashboard/maintainReferenceDataBtn' is present

2020-09-21 14:55:19 - [TEST_STEP][PASSED] - refresh(): Refresh successfully

2020-09-21 14:55:20 - [MESSAGE][PASSED] - Refresh successfully

2020-09-21 14:55:20 - [MESSAGE][PASSED] - Call Test Case 'Test Cases/WEB-UI-TESTS/SysAdmin/SystemAdmin-Login' successfully

2020-09-21 14:55:20 - [TEST_STEP][PASSED] - Start listener action : sampleBeforeTestCase: null

2020-09-21 14:55:20 - [TEST_STEP][PASSED] - profileName = getExecutionProfile(): null

2020-09-21 14:55:20 - [TEST_STEP][PASSED] - testCaseId = testCaseContext.getTestCaseId(): null

2020-09-21 14:55:20 - [TEST_STEP][PASSED] - switch (profileName): null

2020-09-21 14:55:20 - [TEST_STEP][PASSED] - Default: null

2020-09-21 14:55:20 - [TEST_STEP][PASSED] - return null: null

2020-09-21 14:55:20 - [TEST_STEP][PASSED] - Start listener action : executeRows: null

2020-09-21 14:55:20 - [TEST_STEP][PASSED] - click(findTestObject("Object Repository/FDR-System-Admin/SysAdmin-Dashboard/maintainReferenceDataBtn")): Object: 'Object Repository/FDR-System-Admin/SysAdmin-Dashboard/maintainReferenceDataBtn' is clicked on

2020-09-21 14:55:20 - [MESSAGE][PASSED] - Object: 'Object Repository/FDR-System-Admin/SysAdmin-Dashboard/maintainReferenceDataBtn' is clicked on

2020-09-21 14:55:20 - [TEST_STEP][PASSED] - click(findTestObject("Object Repository/FDR-System-Admin/FDR-ReferencePage/reference-data")): Object: 'Object Repository/FDR-System-Admin/FDR-ReferencePage/reference-data' is clicked on

2020-09-21 14:55:21 - [MESSAGE][PASSED] - Object: 'Object Repository/FDR-System-Admin/FDR-ReferencePage/reference-data' is clicked on

2020-09-21 14:55:21 - [TEST_STEP][PASSED] - setText(findTestObject("Object Repository/FDR-System-Admin/FDR-ReferencePage/referenceDataNameInput"), ""): Text '' is set on object 'Object Repository/FDR-System-Admin/FDR-ReferencePage/referenceDataNameInput'

2020-09-21 14:55:21 - [MESSAGE][PASSED] - Text '' is set on object 'Object Repository/FDR-System-Admin/FDR-ReferencePage/referenceDataNameInput'

2020-09-21 14:55:21 - [TEST_STEP][PASSED] - click(findTestObject("Object Repository/FDR-System-Admin/FDR-ReferencePage/fundingSource")): Object: 'Object Repository/FDR-System-Admin/FDR-ReferencePage/fundingSource' is clicked on

2020-09-21 14:55:22 - [MESSAGE][PASSED] - Object: 'Object Repository/FDR-System-Admin/FDR-ReferencePage/fundingSource' is clicked on

2020-09-21 14:55:22 - [TEST_STEP][PASSED] - waitForElementPresent(findTestObject("Object Repository/FDR-System-Admin/FDR-Add-FundingSource/fundingSourcesAddBtn"), 3): Object 'Object Repository/FDR-System-Admin/FDR-Add-FundingSource/fundingSourcesAddBtn' is present

2020-09-21 14:55:22 - [MESSAGE][PASSED] - Object 'Object Repository/FDR-System-Admin/FDR-Add-FundingSource/fundingSourcesAddBtn' is present

2020-09-21 14:55:22 - [TEST_STEP][PASSED] - click(findTestObject("Object Repository/FDR-System-Admin/FDR-Add-FundingSource/fundingSourcesAddBtn")): Object: 'Object Repository/FDR-System-Admin/FDR-Add-FundingSource/fundingSourcesAddBtn' is clicked on

2020-09-21 14:55:23 - [MESSAGE][PASSED] - Object: 'Object Repository/FDR-System-Admin/FDR-Add-FundingSource/fundingSourcesAddBtn' is clicked on

2020-09-21 14:55:23 - [TEST_STEP][PASSED] - waitForElementPresent(findTestObject("Object Repository/FDR-System-Admin/FDR-Add-FundingSource/newFundingSourceHeader"), 3): Object 'Object Repository/FDR-System-Admin/FDR-Add-FundingSource/newFundingSourceHeader' is present

2020-09-21 14:55:23 - [MESSAGE][PASSED] - Object 'Object Repository/FDR-System-Admin/FDR-Add-FundingSource/newFundingSourceHeader' is present

2020-09-21 14:55:23 - [TEST_STEP][PASSED] - waitForElementPresent(findTestObject("Object Repository/FDR-System-Admin/FDR-Add-FundingSource/fundingSourceInputTxt"), 3): Object 'Object Repository/FDR-System-Admin/FDR-Add-FundingSource/fundingSourceInputTxt' is present

2020-09-21 14:55:23 - [MESSAGE][PASSED] - Object 'Object Repository/FDR-System-Admin/FDR-Add-FundingSource/fundingSourceInputTxt' is present

2020-09-21 14:55:23 - [TEST_STEP][PASSED] - fundingSource = randomAlphabetic(5).toUpperCase(): null

2020-09-21 14:55:23 - [TEST_STEP][PASSED] - setText(findTestObject("Object Repository/FDR-System-Admin/FDR-Add-FundingSource/fundingSourceInputTxt"), "Fund " + fundingSource): Text 'Fund DFUOI' is set on object 'Object Repository/FDR-System-Admin/FDR-Add-FundingSource/fundingSourceInputTxt'

2020-09-21 14:55:24 - [MESSAGE][PASSED] - Text 'Fund DFUOI' is set on object 'Object Repository/FDR-System-Admin/FDR-Add-FundingSource/fundingSourceInputTxt'

2020-09-21 14:55:24 - [TEST_STEP][PASSED] - waitForElementPresent(findTestObject("Object Repository/FDR-System-Admin/FDR-Add-FundingSource/addFundingSourceConfirmBtn"), 3): Object 'Object Repository/FDR-System-Admin/FDR-Add-FundingSource/addFundingSourceConfirmBtn' is present

2020-09-21 14:55:25 - [MESSAGE][PASSED] - Object 'Object Repository/FDR-System-Admin/FDR-Add-FundingSource/addFundingSourceConfirmBtn' is present

2020-09-21 14:55:25 - [TEST_STEP][PASSED] - click(findTestObject("Object Repository/FDR-System-Admin/FDR-Add-FundingSource/addFundingSourceConfirmBtn")): Object: 'Object Repository/FDR-System-Admin/FDR-Add-FundingSource/addFundingSourceConfirmBtn' is clicked on

2020-09-21 14:55:25 - [MESSAGE][PASSED] - Object: 'Object Repository/FDR-System-Admin/FDR-Add-FundingSource/addFundingSourceConfirmBtn' is clicked on

2020-09-21 14:55:25 - [TEST_STEP][PASSED] - waitForElementPresent(findTestObject("Object Repository/FDR-System-Admin/FDR-Add-FundingSource/fundingSourceHeader"), 3): Object 'Object Repository/FDR-System-Admin/FDR-Add-FundingSource/fundingSourceHeader' is present

2020-09-21 14:55:26 - [MESSAGE][PASSED] - Object 'Object Repository/FDR-System-Admin/FDR-Add-FundingSource/fundingSourceHeader' is present

2020-09-21 14:55:26 - [TEST_STEP][PASSED] - waitForElementPresent(findTestObject("Object Repository/FDR-System-Admin/FDR-Edit-FundingSource/fundingSourceElipsisBtn"), 3): Object 'Object Repository/FDR-System-Admin/FDR-Edit-FundingSource/fundingSourceElipsisBtn' is present

2020-09-21 14:55:26 - [MESSAGE][PASSED] - Object 'Object Repository/FDR-System-Admin/FDR-Edit-FundingSource/fundingSourceElipsisBtn' is present

2020-09-21 14:55:26 - [TEST_STEP][PASSED] - click(findTestObject("Object Repository/FDR-System-Admin/FDR-Edit-FundingSource/fundingSourceElipsisBtn")): Object: 'Object Repository/FDR-System-Admin/FDR-Edit-FundingSource/fundingSourceElipsisBtn' is clicked on

2020-09-21 14:55:26 - [MESSAGE][PASSED] - Object: 'Object Repository/FDR-System-Admin/FDR-Edit-FundingSource/fundingSourceElipsisBtn' is clicked on

2020-09-21 14:55:26 - [TEST_STEP][PASSED] - waitForElementPresent(findTestObject("Object Repository/FDR-System-Admin/FDR-Edit-FundingSource/fundingSourceEditBtn"), 3): Object 'Object Repository/FDR-System-Admin/FDR-Edit-FundingSource/fundingSourceEditBtn' is present

2020-09-21 14:55:27 - [MESSAGE][PASSED] - Object 'Object Repository/FDR-System-Admin/FDR-Edit-FundingSource/fundingSourceEditBtn' is present

2020-09-21 14:55:27 - [TEST_STEP][PASSED] - click(findTestObject("Object Repository/FDR-System-Admin/FDR-Edit-FundingSource/fundingSourceEditBtn")): Object: 'Object Repository/FDR-System-Admin/FDR-Edit-FundingSource/fundingSourceEditBtn' is clicked on

2020-09-21 14:55:27 - [MESSAGE][PASSED] - Object: 'Object Repository/FDR-System-Admin/FDR-Edit-FundingSource/fundingSourceEditBtn' is clicked on

2020-09-21 14:55:27 - [TEST_STEP][PASSED] - waitForElementPresent(findTestObject("Object Repository/FDR-System-Admin/FDR-Add-FundingSource/fundingSourceInputTxt"), 3): Object 'Object Repository/FDR-System-Admin/FDR-Add-FundingSource/fundingSourceInputTxt' is present

2020-09-21 14:55:28 - [MESSAGE][PASSED] - Object 'Object Repository/FDR-System-Admin/FDR-Add-FundingSource/fundingSourceInputTxt' is present

2020-09-21 14:55:28 - [TEST_STEP][PASSED] - editFundingSource = randomAlphabetic(5).toUpperCase(): null

2020-09-21 14:55:28 - [TEST_STEP][PASSED] - doubleClick(findTestObject("Object Repository/FDR-System-Admin/FDR-Add-FundingSource/fundingSourceInputTxt")): Object: 'Object Repository/FDR-System-Admin/FDR-Add-FundingSource/fundingSourceInputTxt' is double clicked on

2020-09-21 14:55:28 - [MESSAGE][PASSED] - Object: 'Object Repository/FDR-System-Admin/FDR-Add-FundingSource/fundingSourceInputTxt' is double clicked on

2020-09-21 14:55:28 - [TEST_STEP][PASSED] - sendKeys(findTestObject("Object Repository/FDR-System-Admin/FDR-Add-FundingSource/fundingSourceInputTxt"), Keys.chord(BACK_SPACE)): Keys 'BACK_SPACE + ' sent to object: 'Object Repository/FDR-System-Admin/FDR-Add-FundingSource/fundingSourceInputTxt'

2020-09-21 14:55:28 - [MESSAGE][PASSED] - Keys 'BACK_SPACE + ' sent to object: 'Object Repository/FDR-System-Admin/FDR-Add-FundingSource/fundingSourceInputTxt'

2020-09-21 14:55:28 - [TEST_STEP][PASSED] - setText(findTestObject("Object Repository/FDR-System-Admin/FDR-Add-FundingSource/fundingSourceInputTxt"), "Fund " + editFundingSource): Text 'Fund XAZRW' is set on object 'Object Repository/FDR-System-Admin/FDR-Add-FundingSource/fundingSourceInputTxt'

2020-09-21 14:55:29 - [MESSAGE][PASSED] - Text 'Fund XAZRW' is set on object 'Object Repository/FDR-System-Admin/FDR-Add-FundingSource/fundingSourceInputTxt'

2020-09-21 14:55:29 - [TEST_STEP][PASSED] - waitForElementPresent(findTestObject("Object Repository/FDR-System-Admin/FDR-Edit-FundingSource/fundingSourceSaveBtn"), 3): Object 'Object Repository/FDR-System-Admin/FDR-Edit-FundingSource/fundingSourceSaveBtn' is present

2020-09-21 14:55:30 - [MESSAGE][PASSED] - Object 'Object Repository/FDR-System-Admin/FDR-Edit-FundingSource/fundingSourceSaveBtn' is present

2020-09-21 14:55:30 - [TEST_STEP][PASSED] - click(findTestObject("Object Repository/FDR-System-Admin/FDR-Edit-FundingSource/fundingSourceSaveBtn")): Object: 'Object Repository/FDR-System-Admin/FDR-Edit-FundingSource/fundingSourceSaveBtn' is clicked on

2020-09-21 14:55:30 - [MESSAGE][PASSED] - Object: 'Object Repository/FDR-System-Admin/FDR-Edit-FundingSource/fundingSourceSaveBtn' is clicked on

2020-09-21 14:55:30 - [TEST_STEP][PASSED] - waitForElementPresent(findTestObject("Object Repository/FDR-System-Admin/FDR-Add-FundingSource/fundingSourceHeader"), 3): Object 'Object Repository/FDR-System-Admin/FDR-Add-FundingSource/fundingSourceHeader' is present

2020-09-21 14:55:31 - [MESSAGE][PASSED] - Object 'Object Repository/FDR-System-Admin/FDR-Add-FundingSource/fundingSourceHeader' is present

2020-09-21 14:55:31 - [TEST_STEP][PASSED] - refresh(): Refresh successfully

2020-09-21 14:55:31 - [MESSAGE][PASSED] - Refresh successfully

2020-09-21 14:55:31 - [TEST_STEP][PASSED] - waitForElementPresent(findTestObject("Object Repository/FDR-System-Admin/FDR-Add-FundingSource/FDR-Adding Associations/linkServiceCategoryBtn"), 3): Object 'Object Repository/FDR-System-Admin/FDR-Add-FundingSource/FDR-Adding Associations/linkServiceCategoryBtn' is present

2020-09-21 14:55:32 - [MESSAGE][PASSED] - Object 'Object Repository/FDR-System-Admin/FDR-Add-FundingSource/FDR-Adding Associations/linkServiceCategoryBtn' is present

2020-09-21 14:55:32 - [TEST_STEP][PASSED] - click(findTestObject("Object Repository/FDR-System-Admin/FDR-Add-FundingSource/FDR-Adding Associations/linkServiceCategoryBtn"), OPTIONAL): Object: 'Object Repository/FDR-System-Admin/FDR-Add-FundingSource/FDR-Adding Associations/linkServiceCategoryBtn' is clicked on

2020-09-21 14:55:32 - [MESSAGE][PASSED] - Object: 'Object Repository/FDR-System-Admin/FDR-Add-FundingSource/FDR-Adding Associations/linkServiceCategoryBtn' is clicked on

2020-09-21 14:55:32 - [TEST_STEP][PASSED] - waitForElementPresent(findTestObject("Object Repository/FDR-System-Admin/FDR-Add-FundingSource/FDR-Adding Associations/linkServiceCategoryHeader"), 3, OPTIONAL): Object 'Object Repository/FDR-System-Admin/FDR-Add-FundingSource/FDR-Adding Associations/linkServiceCategoryHeader' is present

2020-09-21 14:55:33 - [MESSAGE][PASSED] - Object 'Object Repository/FDR-System-Admin/FDR-Add-FundingSource/FDR-Adding Associations/linkServiceCategoryHeader' is present

2020-09-21 14:55:33 - [TEST_STEP][PASSED] - waitForElementPresent(findTestObject("Object Repository/FDR-System-Admin/FDR-Add-FundingSource/FDR-Adding Associations/linkServiceCategoryDropdown"), 3, OPTIONAL): Object 'Object Repository/FDR-System-Admin/FDR-Add-FundingSource/FDR-Adding Associations/linkServiceCategoryDropdown' is present

2020-09-21 14:55:33 - [MESSAGE][PASSED] - Object 'Object Repository/FDR-System-Admin/FDR-Add-FundingSource/FDR-Adding Associations/linkServiceCategoryDropdown' is present

2020-09-21 14:55:33 - [TEST_STEP][PASSED] - click(findTestObject("Object Repository/FDR-System-Admin/FDR-Add-FundingSource/FDR-Adding Associations/linkServiceCategoryDropdown"), OPTIONAL): Object: 'Object Repository/FDR-System-Admin/FDR-Add-FundingSource/FDR-Adding Associations/linkServiceCategoryDropdown' is clicked on

2020-09-21 14:55:34 - [MESSAGE][PASSED] - Object: 'Object Repository/FDR-System-Admin/FDR-Add-FundingSource/FDR-Adding Associations/linkServiceCategoryDropdown' is clicked on

2020-09-21 14:55:34 - [TEST_STEP][PASSED] - delay(4): Delayed 4 second(s)

2020-09-21 14:55:38 - [MESSAGE][PASSED] - Delayed 4 second(s)

2020-09-21 14:55:38 - [TEST_STEP][PASSED] - waitForElementPresent(findTestObject("Object Repository/FDR-System-Admin/FDR-Add-FundingSource/FDR-Adding Associations/serviceCategoryOption"), 3): Object 'Object Repository/FDR-System-Admin/FDR-Add-FundingSource/FDR-Adding Associations/serviceCategoryOption' is present

2020-09-21 14:55:38 - [MESSAGE][PASSED] - Object 'Object Repository/FDR-System-Admin/FDR-Add-FundingSource/FDR-Adding Associations/serviceCategoryOption' is present

2020-09-21 14:55:38 - [TEST_STEP][PASSED] - click(findTestObject("Object Repository/FDR-System-Admin/FDR-Add-FundingSource/FDR-Adding Associations/serviceCategoryOption")): Object: 'Object Repository/FDR-System-Admin/FDR-Add-FundingSource/FDR-Adding Associations/serviceCategoryOption' is clicked on

2020-09-21 14:55:38 - [MESSAGE][PASSED] - Object: 'Object Repository/FDR-System-Admin/FDR-Add-FundingSource/FDR-Adding Associations/serviceCategoryOption' is clicked on

2020-09-21 14:55:38 - [TEST_STEP][PASSED] - waitForElementPresent(findTestObject("Object Repository/FDR-System-Admin/FDR-Add-FundingSource/FDR-Adding Associations/linkServiceCategoryAddBtn"), 3, OPTIONAL): Object 'Object Repository/FDR-System-Admin/FDR-Add-FundingSource/FDR-Adding Associations/linkServiceCategoryAddBtn' is present

2020-09-21 14:55:39 - [MESSAGE][PASSED] - Object 'Object Repository/FDR-System-Admin/FDR-Add-FundingSource/FDR-Adding Associations/linkServiceCategoryAddBtn' is present

2020-09-21 14:55:39 - [TEST_STEP][PASSED] - click(findTestObject("Object Repository/FDR-System-Admin/FDR-Add-FundingSource/FDR-Adding Associations/linkServiceCategoryAddBtn"), OPTIONAL): Object: 'Object Repository/FDR-System-Admin/FDR-Add-FundingSource/FDR-Adding Associations/linkServiceCategoryAddBtn' is clicked on

2020-09-21 14:55:39 - [MESSAGE][PASSED] - Object: 'Object Repository/FDR-System-Admin/FDR-Add-FundingSource/FDR-Adding Associations/linkServiceCategoryAddBtn' is clicked on

2020-09-21 14:55:39 - [TEST_STEP][PASSED] - refresh(): Refresh successfully

2020-09-21 14:55:40 - [MESSAGE][PASSED] - Refresh successfully

2020-09-21 14:55:40 - [TEST_STEP][PASSED] - delay(3): Delayed 3 second(s)

2020-09-21 14:55:43 - [MESSAGE][PASSED] - Delayed 3 second(s)

2020-09-21 14:55:43 - [TEST_STEP][PASSED] - waitForElementPresent(findTestObject("Object Repository/FDR-System-Admin/FDR-Add-FundingSource/FDR-Adding Associations/deleteLinkServiceCategory"), 3): Object 'Object Repository/FDR-System-Admin/FDR-Add-FundingSource/FDR-Adding Associations/deleteLinkServiceCategory' is present

2020-09-21 14:55:43 - [MESSAGE][PASSED] - Object 'Object Repository/FDR-System-Admin/FDR-Add-FundingSource/FDR-Adding Associations/deleteLinkServiceCategory' is present

2020-09-21 14:55:43 - [TEST_STEP][PASSED] - click(findTestObject("Object Repository/FDR-System-Admin/FDR-Add-FundingSource/FDR-Adding Associations/deleteLinkServiceCategory")): Object: 'Object Repository/FDR-System-Admin/FDR-Add-FundingSource/FDR-Adding Associations/deleteLinkServiceCategory' is clicked on

2020-09-21 14:55:43 - [MESSAGE][PASSED] - Object: 'Object Repository/FDR-System-Admin/FDR-Add-FundingSource/FDR-Adding Associations/deleteLinkServiceCategory' is clicked on

2020-09-21 14:55:43 - [TEST_STEP][PASSED] - waitForElementPresent(findTestObject("Object Repository/FDR-System-Admin/FDR-Add-FundingSource/fundingSourceHeader"), 3): Object 'Object Repository/FDR-System-Admin/FDR-Add-FundingSource/fundingSourceHeader' is present

2020-09-21 14:55:44 - [MESSAGE][PASSED] - Object 'Object Repository/FDR-System-Admin/FDR-Add-FundingSource/fundingSourceHeader' is present

2020-09-21 14:55:44 - [TEST_STEP][PASSED] - refresh(): Refresh successfully

2020-09-21 14:55:44 - [MESSAGE][PASSED] - Refresh successfully

2020-09-21 14:55:44 - [TEST_STEP][PASSED] - waitForElementPresent(findTestObject("Object Repository/FDR-System-Admin/FDR-Add-FundingSource/FDR-Adding Associations/linkWaiverTypeBtn"), 3): Object 'Object Repository/FDR-System-Admin/FDR-Add-FundingSource/FDR-Adding Associations/linkWaiverTypeBtn' is present

2020-09-21 14:55:45 - [MESSAGE][PASSED] - Object 'Object Repository/FDR-System-Admin/FDR-Add-FundingSource/FDR-Adding Associations/linkWaiverTypeBtn' is present

2020-09-21 14:55:45 - [TEST_STEP][PASSED] - click(findTestObject("Object Repository/FDR-System-Admin/FDR-Add-FundingSource/FDR-Adding Associations/linkWaiverTypeBtn")): Object: 'Object Repository/FDR-System-Admin/FDR-Add-FundingSource/FDR-Adding Associations/linkWaiverTypeBtn' is clicked on

2020-09-21 14:55:45 - [MESSAGE][PASSED] - Object: 'Object Repository/FDR-System-Admin/FDR-Add-FundingSource/FDR-Adding Associations/linkWaiverTypeBtn' is clicked on

2020-09-21 14:55:45 - [TEST_STEP][PASSED] - waitForElementPresent(findTestObject("Object Repository/FDR-System-Admin/FDR-Add-FundingSource/FDR-Adding Associations/linkWaiverTypeHeader"), 3): Object 'Object Repository/FDR-System-Admin/FDR-Add-FundingSource/FDR-Adding Associations/linkWaiverTypeHeader' is present

2020-09-21 14:55:46 - [MESSAGE][PASSED] - Object 'Object Repository/FDR-System-Admin/FDR-Add-FundingSource/FDR-Adding Associations/linkWaiverTypeHeader' is present

2020-09-21 14:55:46 - [TEST_STEP][PASSED] - waitForElementPresent(findTestObject("Object Repository/FDR-System-Admin/FDR-Add-FundingSource/FDR-Adding Associations/linkWaiverTypeDropdown"), 3): Object 'Object Repository/FDR-System-Admin/FDR-Add-FundingSource/FDR-Adding Associations/linkWaiverTypeDropdown' is present

2020-09-21 14:55:46 - [MESSAGE][PASSED] - Object 'Object Repository/FDR-System-Admin/FDR-Add-FundingSource/FDR-Adding Associations/linkWaiverTypeDropdown' is present

2020-09-21 14:55:46 - [TEST_STEP][PASSED] - click(findTestObject("Object Repository/FDR-System-Admin/FDR-Add-FundingSource/FDR-Adding Associations/linkWaiverTypeDropdown")): Object: 'Object Repository/FDR-System-Admin/FDR-Add-FundingSource/FDR-Adding Associations/linkWaiverTypeDropdown' is clicked on

2020-09-21 14:55:47 - [MESSAGE][PASSED] - Object: 'Object Repository/FDR-System-Admin/FDR-Add-FundingSource/FDR-Adding Associations/linkWaiverTypeDropdown' is clicked on

2020-09-21 14:55:47 - [TEST_STEP][PASSED] - delay(4): Delayed 4 second(s)

2020-09-21 14:55:51 - [MESSAGE][PASSED] - Delayed 4 second(s)

2020-09-21 14:55:51 - [TEST_STEP][PASSED] - waitForElementPresent(findTestObject("Object Repository/FDR-System-Admin/FDR-Add-FundingSource/FDR-Adding Associations/linkWaiverTypeOption"), 3): Object 'Object Repository/FDR-System-Admin/FDR-Add-FundingSource/FDR-Adding Associations/linkWaiverTypeOption' is present

2020-09-21 14:55:51 - [MESSAGE][PASSED] - Object 'Object Repository/FDR-System-Admin/FDR-Add-FundingSource/FDR-Adding Associations/linkWaiverTypeOption' is present

2020-09-21 14:55:51 - [TEST_STEP][PASSED] - click(findTestObject("Object Repository/FDR-System-Admin/FDR-Add-FundingSource/FDR-Adding Associations/linkWaiverTypeOption")): Object: 'Object Repository/FDR-System-Admin/FDR-Add-FundingSource/FDR-Adding Associations/linkWaiverTypeOption' is clicked on

2020-09-21 14:55:51 - [MESSAGE][PASSED] - Object: 'Object Repository/FDR-System-Admin/FDR-Add-FundingSource/FDR-Adding Associations/linkWaiverTypeOption' is clicked on

2020-09-21 14:55:51 - [TEST_STEP][PASSED] - waitForElementPresent(findTestObject("Object Repository/FDR-System-Admin/FDR-Add-FundingSource/FDR-Adding Associations/linkWaiverTypeAddBtn"), 3): Object 'Object Repository/FDR-System-Admin/FDR-Add-FundingSource/FDR-Adding Associations/linkWaiverTypeAddBtn' is present

2020-09-21 14:55:52 - [MESSAGE][PASSED] - Object 'Object Repository/FDR-System-Admin/FDR-Add-FundingSource/FDR-Adding Associations/linkWaiverTypeAddBtn' is present

2020-09-21 14:55:52 - [TEST_STEP][PASSED] - click(findTestObject("Object Repository/FDR-System-Admin/FDR-Add-FundingSource/FDR-Adding Associations/linkWaiverTypeAddBtn")): Object: 'Object Repository/FDR-System-Admin/FDR-Add-FundingSource/FDR-Adding Associations/linkWaiverTypeAddBtn' is clicked on

2020-09-21 14:55:52 - [MESSAGE][PASSED] - Object: 'Object Repository/FDR-System-Admin/FDR-Add-FundingSource/FDR-Adding Associations/linkWaiverTypeAddBtn' is clicked on

2020-09-21 14:55:52 - [TEST_STEP][PASSED] - waitForElementPresent(findTestObject("Object Repository/FDR-System-Admin/FDR-Add-FundingSource/fundingSourceHeader"), 3): Object 'Object Repository/FDR-System-Admin/FDR-Add-FundingSource/fundingSourceHeader' is not present after 3 second(s)

2020-09-21 14:55:56 - [MESSAGE][INFO] - Unable to find the element located by 'By.xpath: //*[@id="wrapper"]/div/div/div/main/div/div[2]/div/div[1]/div[1]/div/div[1]/div/h2'. Please recheck the objects properties to make sure the desired element is located. 

2020-09-21 14:55:56 - [MESSAGE][WARNING] - Object 'Object Repository/FDR-System-Admin/FDR-Add-FundingSource/fundingSourceHeader' is not present after 3 second(s)

2020-09-21 14:55:56 - [TEST_STEP][PASSED] - refresh(): Refresh successfully

2020-09-21 14:55:57 - [MESSAGE][PASSED] - Refresh successfully

2020-09-21 14:55:57 - [TEST_STEP][PASSED] - delay(3): Delayed 3 second(s)

2020-09-21 14:56:00 - [MESSAGE][PASSED] - Delayed 3 second(s)

2020-09-21 14:56:00 - [TEST_STEP][PASSED] - waitForElementPresent(findTestObject("Object Repository/FDR-System-Admin/FDR-Add-FundingSource/FDR-Adding Associations/deleteLinkWaiverType"), 3): Object 'Object Repository/FDR-System-Admin/FDR-Add-FundingSource/FDR-Adding Associations/deleteLinkWaiverType' is present

2020-09-21 14:56:00 - [MESSAGE][PASSED] - Object 'Object Repository/FDR-System-Admin/FDR-Add-FundingSource/FDR-Adding Associations/deleteLinkWaiverType' is present

2020-09-21 14:56:00 - [TEST_STEP][PASSED] - click(findTestObject("Object Repository/FDR-System-Admin/FDR-Add-FundingSource/FDR-Adding Associations/deleteLinkWaiverType")): Object: 'Object Repository/FDR-System-Admin/FDR-Add-FundingSource/FDR-Adding Associations/deleteLinkWaiverType' is clicked on

2020-09-21 14:56:00 - [MESSAGE][PASSED] - Object: 'Object Repository/FDR-System-Admin/FDR-Add-FundingSource/FDR-Adding Associations/deleteLinkWaiverType' is clicked on

2020-09-21 14:56:00 - [TEST_STEP][PASSED] - Start listener action : sampleAfterTestCase: null

2020-09-21 14:56:00 - [TEST_STEP][PASSED] - profileName = getExecutionProfile(): null

2020-09-21 14:56:00 - [TEST_STEP][PASSED] - switch (profileName): null

2020-09-21 14:56:00 - [TEST_STEP][PASSED] - case "superUser":: null

2020-09-21 14:56:00 - [TEST_STEP][PASSED] - return null: null

2020-09-21 14:56:00 - [TEST_STEP][PASSED] - Start listener action : afterTestCase: Browser is closed

2020-09-21 14:56:00 - [TEST_STEP][PASSED] - profileName = getExecutionProfile(): null

2020-09-21 14:56:00 - [TEST_STEP][PASSED] - if (profileName.equalsIgnoreCase("SysAdmin")): Browser is closed

2020-09-21 14:56:00 - [TEST_STEP][PASSED] - closeBrowser(): Browser is closed

2020-09-21 14:56:01 - [MESSAGE][PASSED] - Browser is closed

2020-09-21 14:56:01 - [TEST_STEP][PASSED] - Start listener action : sampleAfterTestCase: null

2020-09-21 14:56:01 - [TEST_STEP][PASSED] - profileName = getExecutionProfile(): null

2020-09-21 14:56:01 - [TEST_STEP][PASSED] - switch (profileName): null

2020-09-21 14:56:01 - [TEST_STEP][PASSED] - Default: null

2020-09-21 14:56:01 - [TEST_STEP][PASSED] - return null: null

2020-09-21 14:56:01 - [TEST_STEP][PASSED] - Start listener action : addFailedTCToList: null]]></system-out>
         <system-err><![CDATA[]]></system-err>
      </testcase>
      <testcase name="Test Cases/WEB-UI-TESTS/SysAdmin/ReferencePage/ReferenceDetail/FDR-Add-AltAccountsDetailReview" time="40.997" classname="Test Cases/WEB-UI-TESTS/SysAdmin/ReferencePage/ReferenceDetail/FDR-Add-AltAccountsDetailReview" status="PASSED">
         <system-out><![CDATA[2020-09-21 14:56:01 - [TEST_CASE][PASSED] - Test Cases/WEB-UI-TESTS/SysAdmin/ReferencePage/ReferenceDetail/FDR-Add-AltAccountsDetailReview: Test Cases/WEB-UI-TESTS/SysAdmin/ReferencePage/ReferenceDetail/FDR-Add-AltAccountsDetailReview

2020-09-21 14:56:01 - [TEST_STEP][PASSED] - Start listener action : sampleBeforeTestCase: null

2020-09-21 14:56:01 - [TEST_STEP][PASSED] - profileName = getExecutionProfile(): null

2020-09-21 14:56:01 - [TEST_STEP][PASSED] - switch (profileName): null

2020-09-21 14:56:01 - [TEST_STEP][PASSED] - case "superUser":: null

2020-09-21 14:56:01 - [TEST_STEP][PASSED] - return null: null

2020-09-21 14:56:01 - [TEST_STEP][PASSED] - Start listener action : beforeTestCase: Call Test Case 'Test Cases/WEB-UI-TESTS/SysAdmin/SystemAdmin-Login' successfully

2020-09-21 14:56:01 - [TEST_STEP][PASSED] - profileName = getExecutionProfile(): null

2020-09-21 14:56:01 - [TEST_STEP][PASSED] - if (profileName.equalsIgnoreCase("SysAdmin")): Call Test Case 'Test Cases/WEB-UI-TESTS/SysAdmin/SystemAdmin-Login' successfully

2020-09-21 14:56:01 - [TEST_STEP][PASSED] - callTestCase(findTestCase("Test Cases/WEB-UI-TESTS/SysAdmin/SystemAdmin-Login"), null): Call Test Case 'Test Cases/WEB-UI-TESTS/SysAdmin/SystemAdmin-Login' successfully

2020-09-21 14:56:01 - [TEST_CASE][PASSED] - Test Cases/WEB-UI-TESTS/SysAdmin/SystemAdmin-Login: Test Cases/WEB-UI-TESTS/SysAdmin/SystemAdmin-Login

2020-09-21 14:56:01 - [TEST_STEP][PASSED] - openBrowser(URL): Browser is opened with url: 'https://fdr-katalon.cammis-mod-dev.dhcs.ca.gov'

2020-09-21 14:56:01 - [MESSAGE][INFO] - Starting 'Chrome' driver

2020-09-21 14:56:01 - [MESSAGE][INFO] - Action delay is set to 0 milliseconds

2020-09-21 14:56:06 - [MESSAGE][PASSED] - Browser is opened with url: 'https://fdr-katalon.cammis-mod-dev.dhcs.ca.gov'

2020-09-21 14:56:06 - [TEST_STEP][PASSED] - maximizeWindow(): Current window maximized

2020-09-21 14:56:08 - [MESSAGE][PASSED] - Current window maximized

2020-09-21 14:56:08 - [TEST_STEP][PASSED] - refresh(): Refresh successfully

2020-09-21 14:56:08 - [MESSAGE][PASSED] - Refresh successfully

2020-09-21 14:56:08 - [TEST_STEP][PASSED] - delay(2): Delayed 2 second(s)

2020-09-21 14:56:10 - [MESSAGE][PASSED] - Delayed 2 second(s)

2020-09-21 14:56:10 - [TEST_STEP][PASSED] - waitForElementPresent(findTestObject("FDR-System-Admin/SysAdmin-SignIn/adminEmail"), 5): Object 'Object Repository/FDR-System-Admin/SysAdmin-SignIn/adminEmail' is present

2020-09-21 14:56:10 - [MESSAGE][PASSED] - Object 'Object Repository/FDR-System-Admin/SysAdmin-SignIn/adminEmail' is present

2020-09-21 14:56:10 - [TEST_STEP][PASSED] - setText(findTestObject("FDR-System-Admin/SysAdmin-SignIn/adminEmail"), adminEmail): Text 'fdr.test10@dhcs.ca.gov
' is set on object 'Object Repository/FDR-System-Admin/SysAdmin-SignIn/adminEmail'

2020-09-21 14:56:11 - [MESSAGE][PASSED] - Text 'fdr.test10@dhcs.ca.gov
' is set on object 'Object Repository/FDR-System-Admin/SysAdmin-SignIn/adminEmail'

2020-09-21 14:56:11 - [TEST_STEP][PASSED] - waitForElementPresent(findTestObject("FDR-System-Admin/SysAdmin-SignIn/adminUserName"), 5): Object 'Object Repository/FDR-System-Admin/SysAdmin-SignIn/adminUserName' is present

2020-09-21 14:56:14 - [MESSAGE][PASSED] - Object 'Object Repository/FDR-System-Admin/SysAdmin-SignIn/adminUserName' is present

2020-09-21 14:56:14 - [TEST_STEP][PASSED] - setText(findTestObject("FDR-System-Admin/SysAdmin-SignIn/adminUserName"), UserName): Text 'fdr.test10@dhcs.ca.gov' is set on object 'Object Repository/FDR-System-Admin/SysAdmin-SignIn/adminUserName'

2020-09-21 14:56:15 - [MESSAGE][PASSED] - Text 'fdr.test10@dhcs.ca.gov' is set on object 'Object Repository/FDR-System-Admin/SysAdmin-SignIn/adminUserName'

2020-09-21 14:56:15 - [TEST_STEP][PASSED] - setText(findTestObject("FDR-System-Admin/SysAdmin-SignIn/adminPass"), Password): Text 'Password18' is set on object 'Object Repository/FDR-System-Admin/SysAdmin-SignIn/adminPass'

2020-09-21 14:56:16 - [MESSAGE][PASSED] - Text 'Password18' is set on object 'Object Repository/FDR-System-Admin/SysAdmin-SignIn/adminPass'

2020-09-21 14:56:16 - [TEST_STEP][PASSED] - click(findTestObject("FDR-System-Admin/SysAdmin-SignIn/adminSignIn")): Object: 'Object Repository/FDR-System-Admin/SysAdmin-SignIn/adminSignIn' is clicked on

2020-09-21 14:56:17 - [MESSAGE][PASSED] - Object: 'Object Repository/FDR-System-Admin/SysAdmin-SignIn/adminSignIn' is clicked on

2020-09-21 14:56:17 - [TEST_STEP][PASSED] - waitForElementPresent(findTestObject("Object Repository/FDR-System-Admin/SysAdmin-Dashboard/maintainReferenceDataBtn"), 3): Object 'Object Repository/FDR-System-Admin/SysAdmin-Dashboard/maintainReferenceDataBtn' is present

2020-09-21 14:56:19 - [MESSAGE][PASSED] - Object 'Object Repository/FDR-System-Admin/SysAdmin-Dashboard/maintainReferenceDataBtn' is present

2020-09-21 14:56:19 - [TEST_STEP][PASSED] - verifyElementPresent(findTestObject("Object Repository/FDR-System-Admin/SysAdmin-Dashboard/maintainReferenceDataBtn"), Timeout): Object 'Object Repository/FDR-System-Admin/SysAdmin-Dashboard/maintainReferenceDataBtn' is present

2020-09-21 14:56:19 - [MESSAGE][PASSED] - Object 'Object Repository/FDR-System-Admin/SysAdmin-Dashboard/maintainReferenceDataBtn' is present

2020-09-21 14:56:19 - [TEST_STEP][PASSED] - refresh(): Refresh successfully

2020-09-21 14:56:20 - [MESSAGE][PASSED] - Refresh successfully

2020-09-21 14:56:20 - [MESSAGE][PASSED] - Call Test Case 'Test Cases/WEB-UI-TESTS/SysAdmin/SystemAdmin-Login' successfully

2020-09-21 14:56:20 - [TEST_STEP][PASSED] - Start listener action : sampleBeforeTestCase: null

2020-09-21 14:56:20 - [TEST_STEP][PASSED] - profileName = getExecutionProfile(): null

2020-09-21 14:56:20 - [TEST_STEP][PASSED] - testCaseId = testCaseContext.getTestCaseId(): null

2020-09-21 14:56:20 - [TEST_STEP][PASSED] - switch (profileName): null

2020-09-21 14:56:20 - [TEST_STEP][PASSED] - Default: null

2020-09-21 14:56:20 - [TEST_STEP][PASSED] - return null: null

2020-09-21 14:56:20 - [TEST_STEP][PASSED] - Start listener action : executeRows: null

2020-09-21 14:56:20 - [TEST_STEP][PASSED] - click(findTestObject("Object Repository/FDR-System-Admin/SysAdmin-Dashboard/maintainReferenceDataBtn")): Object: 'Object Repository/FDR-System-Admin/SysAdmin-Dashboard/maintainReferenceDataBtn' is clicked on

2020-09-21 14:56:20 - [MESSAGE][PASSED] - Object: 'Object Repository/FDR-System-Admin/SysAdmin-Dashboard/maintainReferenceDataBtn' is clicked on

2020-09-21 14:56:20 - [TEST_STEP][PASSED] - click(findTestObject("FDR-System-Admin/FDR-ReferencePage/reference-data")): Object: 'Object Repository/FDR-System-Admin/FDR-ReferencePage/reference-data' is clicked on

2020-09-21 14:56:21 - [MESSAGE][PASSED] - Object: 'Object Repository/FDR-System-Admin/FDR-ReferencePage/reference-data' is clicked on

2020-09-21 14:56:21 - [TEST_STEP][PASSED] - setText(findTestObject("FDR-System-Admin/FDR-ReferencePage/referenceDataNameInput"), "alt account"): Text 'alt account' is set on object 'Object Repository/FDR-System-Admin/FDR-ReferencePage/referenceDataNameInput'

2020-09-21 14:56:22 - [MESSAGE][PASSED] - Text 'alt account' is set on object 'Object Repository/FDR-System-Admin/FDR-ReferencePage/referenceDataNameInput'

2020-09-21 14:56:22 - [TEST_STEP][PASSED] - click(findTestObject("FDR-System-Admin/FDR-ReferencePage/altAccountReference/altAccountReview/altAccount")): Object: 'Object Repository/FDR-System-Admin/FDR-ReferencePage/altAccountReference/altAccountReview/altAccount' is clicked on

2020-09-21 14:56:22 - [MESSAGE][PASSED] - Object: 'Object Repository/FDR-System-Admin/FDR-ReferencePage/altAccountReference/altAccountReview/altAccount' is clicked on

2020-09-21 14:56:22 - [TEST_STEP][PASSED] - waitForElementPresent(findTestObject("FDR-System-Admin/FDR-Add-AltAccount/addAltAccountBtn"), 3): Object 'Object Repository/FDR-System-Admin/FDR-Add-AltAccount/addAltAccountBtn' is present

2020-09-21 14:56:23 - [MESSAGE][PASSED] - Object 'Object Repository/FDR-System-Admin/FDR-Add-AltAccount/addAltAccountBtn' is present

2020-09-21 14:56:23 - [TEST_STEP][PASSED] - click(findTestObject("FDR-System-Admin/FDR-Add-AltAccount/addAltAccountBtn")): Object: 'Object Repository/FDR-System-Admin/FDR-Add-AltAccount/addAltAccountBtn' is clicked on

2020-09-21 14:56:23 - [MESSAGE][PASSED] - Object: 'Object Repository/FDR-System-Admin/FDR-Add-AltAccount/addAltAccountBtn' is clicked on

2020-09-21 14:56:23 - [TEST_STEP][PASSED] - altAccountCode = RandomStringUtils.randomNumeric(10): null

2020-09-21 14:56:23 - [TEST_STEP][PASSED] - altAccountName = RandomStringUtils.randomAlphabetic(10): null

2020-09-21 14:56:23 - [TEST_STEP][PASSED] - waitForElementPresent(findTestObject("FDR-System-Admin/FDR-Add-AltAccount/altAccountCode"), 3): Object 'Object Repository/FDR-System-Admin/FDR-Add-AltAccount/altAccountCode' is present

2020-09-21 14:56:24 - [MESSAGE][PASSED] - Object 'Object Repository/FDR-System-Admin/FDR-Add-AltAccount/altAccountCode' is present

2020-09-21 14:56:24 - [TEST_STEP][PASSED] - setText(findTestObject("FDR-System-Admin/FDR-Add-AltAccount/altAccountCode"), altAccountCode): Text '4766662461' is set on object 'Object Repository/FDR-System-Admin/FDR-Add-AltAccount/altAccountCode'

2020-09-21 14:56:24 - [MESSAGE][PASSED] - Text '4766662461' is set on object 'Object Repository/FDR-System-Admin/FDR-Add-AltAccount/altAccountCode'

2020-09-21 14:56:24 - [TEST_STEP][PASSED] - waitForElementPresent(findTestObject("FDR-System-Admin/FDR-Add-AltAccount/altAccountName"), 3): Object 'Object Repository/FDR-System-Admin/FDR-Add-AltAccount/altAccountName' is present

2020-09-21 14:56:25 - [MESSAGE][PASSED] - Object 'Object Repository/FDR-System-Admin/FDR-Add-AltAccount/altAccountName' is present

2020-09-21 14:56:25 - [TEST_STEP][PASSED] - setText(findTestObject("FDR-System-Admin/FDR-Add-AltAccount/altAccountName"), altAccountName): Text 'YxDyASYwCC' is set on object 'Object Repository/FDR-System-Admin/FDR-Add-AltAccount/altAccountName'

2020-09-21 14:56:25 - [MESSAGE][PASSED] - Text 'YxDyASYwCC' is set on object 'Object Repository/FDR-System-Admin/FDR-Add-AltAccount/altAccountName'

2020-09-21 14:56:25 - [TEST_STEP][PASSED] - waitForElementPresent(findTestObject("FDR-System-Admin/FDR-Add-AltAccount/accountName"), 3): Object 'Object Repository/FDR-System-Admin/FDR-Add-AltAccount/accountName' is present

2020-09-21 14:56:26 - [MESSAGE][PASSED] - Object 'Object Repository/FDR-System-Admin/FDR-Add-AltAccount/accountName' is present

2020-09-21 14:56:26 - [TEST_STEP][PASSED] - click(findTestObject("FDR-System-Admin/FDR-Add-AltAccount/accountName")): Object: 'Object Repository/FDR-System-Admin/FDR-Add-AltAccount/accountName' is clicked on

2020-09-21 14:56:26 - [MESSAGE][PASSED] - Object: 'Object Repository/FDR-System-Admin/FDR-Add-AltAccount/accountName' is clicked on

2020-09-21 14:56:26 - [TEST_STEP][PASSED] - setText(findTestObject("FDR-System-Admin/FDR-Add-AltAccount/accountName"), "Grants and Subdivisions - Governmental"): Text 'Grants and Subdivisions - Governmental' is set on object 'Object Repository/FDR-System-Admin/FDR-Add-AltAccount/accountName'

2020-09-21 14:56:27 - [MESSAGE][PASSED] - Text 'Grants and Subdivisions - Governmental' is set on object 'Object Repository/FDR-System-Admin/FDR-Add-AltAccount/accountName'

2020-09-21 14:56:27 - [TEST_STEP][PASSED] - waitForElementPresent(findTestObject("Object Repository/FDR-System-Admin/FDR-Add-AltAccount/accountNameOption"), 3): Object 'Object Repository/FDR-System-Admin/FDR-Add-AltAccount/accountNameOption' is present

2020-09-21 14:56:27 - [MESSAGE][PASSED] - Object 'Object Repository/FDR-System-Admin/FDR-Add-AltAccount/accountNameOption' is present

2020-09-21 14:56:27 - [TEST_STEP][PASSED] - click(findTestObject("Object Repository/FDR-System-Admin/FDR-Add-AltAccount/accountNameOption")): Object: 'Object Repository/FDR-System-Admin/FDR-Add-AltAccount/accountNameOption' is clicked on

2020-09-21 14:56:28 - [MESSAGE][PASSED] - Object: 'Object Repository/FDR-System-Admin/FDR-Add-AltAccount/accountNameOption' is clicked on

2020-09-21 14:56:28 - [TEST_STEP][PASSED] - waitForElementPresent(findTestObject("Object Repository/FDR-System-Admin/FDR-Add-AltAccount/altAccountCancelBtn"), 5): Object 'Object Repository/FDR-System-Admin/FDR-Add-AltAccount/altAccountCancelBtn' is not present after 5 second(s)

2020-09-21 14:56:34 - [MESSAGE][INFO] - Unable to find the element located by 'By.xpath: //*[@data-id='action-button']/span[text()='Cancel']'. Please recheck the objects properties to make sure the desired element is located. 

2020-09-21 14:56:34 - [MESSAGE][WARNING] - Object 'Object Repository/FDR-System-Admin/FDR-Add-AltAccount/altAccountCancelBtn' is not present after 5 second(s)

2020-09-21 14:56:34 - [TEST_STEP][PASSED] - waitForElementPresent(findTestObject("FDR-System-Admin/FDR-Add-AltAccount/confirmAltAccountBtn"), 5): Object 'Object Repository/FDR-System-Admin/FDR-Add-AltAccount/confirmAltAccountBtn' is present

2020-09-21 14:56:34 - [MESSAGE][PASSED] - Object 'Object Repository/FDR-System-Admin/FDR-Add-AltAccount/confirmAltAccountBtn' is present

2020-09-21 14:56:34 - [TEST_STEP][PASSED] - click(findTestObject("FDR-System-Admin/FDR-Add-AltAccount/confirmAltAccountBtn")): Object: 'Object Repository/FDR-System-Admin/FDR-Add-AltAccount/confirmAltAccountBtn' is clicked on

2020-09-21 14:56:34 - [MESSAGE][PASSED] - Object: 'Object Repository/FDR-System-Admin/FDR-Add-AltAccount/confirmAltAccountBtn' is clicked on

2020-09-21 14:56:34 - [TEST_STEP][PASSED] - waitForElementPresent(findTestObject("FDR-System-Admin/FDR-Edit-AltAccount/editAltAccountElispsis"), 3): Object 'Object Repository/FDR-System-Admin/FDR-Edit-AltAccount/editAltAccountElispsis' is present

2020-09-21 14:56:35 - [MESSAGE][PASSED] - Object 'Object Repository/FDR-System-Admin/FDR-Edit-AltAccount/editAltAccountElispsis' is present

2020-09-21 14:56:35 - [TEST_STEP][PASSED] - click(findTestObject("FDR-System-Admin/FDR-Edit-AltAccount/editAltAccountElispsis")): Object: 'Object Repository/FDR-System-Admin/FDR-Edit-AltAccount/editAltAccountElispsis' is clicked on

2020-09-21 14:56:35 - [MESSAGE][PASSED] - Object: 'Object Repository/FDR-System-Admin/FDR-Edit-AltAccount/editAltAccountElispsis' is clicked on

2020-09-21 14:56:35 - [TEST_STEP][PASSED] - waitForElementPresent(findTestObject("FDR-System-Admin/FDR-Edit-AltAccount/editAltAccountBtn"), 3): Object 'Object Repository/FDR-System-Admin/FDR-Edit-AltAccount/editAltAccountBtn' is present

2020-09-21 14:56:36 - [MESSAGE][PASSED] - Object 'Object Repository/FDR-System-Admin/FDR-Edit-AltAccount/editAltAccountBtn' is present

2020-09-21 14:56:36 - [TEST_STEP][PASSED] - click(findTestObject("FDR-System-Admin/FDR-Edit-AltAccount/editAltAccountBtn")): Object: 'Object Repository/FDR-System-Admin/FDR-Edit-AltAccount/editAltAccountBtn' is clicked on

2020-09-21 14:56:36 - [MESSAGE][PASSED] - Object: 'Object Repository/FDR-System-Admin/FDR-Edit-AltAccount/editAltAccountBtn' is clicked on

2020-09-21 14:56:36 - [TEST_STEP][PASSED] - editAltAccountCode = RandomStringUtils.randomNumeric(10): null

2020-09-21 14:56:36 - [TEST_STEP][PASSED] - waitForElementPresent(findTestObject("FDR-System-Admin/FDR-Add-AltAccount/altAccountCode"), 3): Object 'Object Repository/FDR-System-Admin/FDR-Add-AltAccount/altAccountCode' is present

2020-09-21 14:56:37 - [MESSAGE][PASSED] - Object 'Object Repository/FDR-System-Admin/FDR-Add-AltAccount/altAccountCode' is present

2020-09-21 14:56:37 - [TEST_STEP][PASSED] - doubleClick(findTestObject("FDR-System-Admin/FDR-Add-AltAccount/altAccountCode")): Object: 'Object Repository/FDR-System-Admin/FDR-Add-AltAccount/altAccountCode' is double clicked on

2020-09-21 14:56:37 - [MESSAGE][PASSED] - Object: 'Object Repository/FDR-System-Admin/FDR-Add-AltAccount/altAccountCode' is double clicked on

2020-09-21 14:56:37 - [TEST_STEP][PASSED] - sendKeys(findTestObject("FDR-System-Admin/FDR-Add-AltAccount/altAccountCode"), Keys.chord(BACK_SPACE)): Keys 'BACK_SPACE + ' sent to object: 'Object Repository/FDR-System-Admin/FDR-Add-AltAccount/altAccountCode'

2020-09-21 14:56:37 - [MESSAGE][PASSED] - Keys 'BACK_SPACE + ' sent to object: 'Object Repository/FDR-System-Admin/FDR-Add-AltAccount/altAccountCode'

2020-09-21 14:56:37 - [TEST_STEP][PASSED] - setText(findTestObject("FDR-System-Admin/FDR-Add-AltAccount/altAccountCode"), editAltAccountCode): Text '7676930871' is set on object 'Object Repository/FDR-System-Admin/FDR-Add-AltAccount/altAccountCode'

2020-09-21 14:56:38 - [MESSAGE][PASSED] - Text '7676930871' is set on object 'Object Repository/FDR-System-Admin/FDR-Add-AltAccount/altAccountCode'

2020-09-21 14:56:38 - [TEST_STEP][PASSED] - waitForElementPresent(findTestObject("FDR-System-Admin/FDR-Edit-AltAccount/saveAltAccountBtn"), 3): Object 'Object Repository/FDR-System-Admin/FDR-Edit-AltAccount/saveAltAccountBtn' is present

2020-09-21 14:56:39 - [MESSAGE][PASSED] - Object 'Object Repository/FDR-System-Admin/FDR-Edit-AltAccount/saveAltAccountBtn' is present

2020-09-21 14:56:39 - [TEST_STEP][PASSED] - click(findTestObject("FDR-System-Admin/FDR-Edit-AltAccount/saveAltAccountBtn")): Object: 'Object Repository/FDR-System-Admin/FDR-Edit-AltAccount/saveAltAccountBtn' is clicked on

2020-09-21 14:56:39 - [MESSAGE][PASSED] - Object: 'Object Repository/FDR-System-Admin/FDR-Edit-AltAccount/saveAltAccountBtn' is clicked on

2020-09-21 14:56:39 - [TEST_STEP][PASSED] - waitForElementPresent(findTestObject("FDR-System-Admin/FDR-Add-AltAccount/altAccountHeader"), 3): Object 'Object Repository/FDR-System-Admin/FDR-Add-AltAccount/altAccountHeader' is present

2020-09-21 14:56:40 - [MESSAGE][PASSED] - Object 'Object Repository/FDR-System-Admin/FDR-Add-AltAccount/altAccountHeader' is present

2020-09-21 14:56:40 - [TEST_STEP][PASSED] - waitForElementPresent(findTestObject("FDR-System-Admin/FDR-Add-AltAccount/backToAltAccounts"), 3): Object 'Object Repository/FDR-System-Admin/FDR-Add-AltAccount/backToAltAccounts' is present

2020-09-21 14:56:40 - [MESSAGE][PASSED] - Object 'Object Repository/FDR-System-Admin/FDR-Add-AltAccount/backToAltAccounts' is present

2020-09-21 14:56:40 - [TEST_STEP][PASSED] - click(findTestObject("FDR-System-Admin/FDR-Add-AltAccount/backToAltAccounts")): Object: 'Object Repository/FDR-System-Admin/FDR-Add-AltAccount/backToAltAccounts' is clicked on

2020-09-21 14:56:40 - [MESSAGE][PASSED] - Object: 'Object Repository/FDR-System-Admin/FDR-Add-AltAccount/backToAltAccounts' is clicked on

2020-09-21 14:56:40 - [TEST_STEP][PASSED] - if (verifyElementPresent(findTestObject("FDR-System-Admin/FDR-ReferencePage/firstRowOfRefData"), 2)): null

2020-09-21 14:56:41 - [MESSAGE][PASSED] - Object 'Object Repository/FDR-System-Admin/FDR-ReferencePage/firstRowOfRefData' is present

2020-09-21 14:56:41 - [TEST_STEP][PASSED] - click(findTestObject("FDR-System-Admin/FDR-ReferencePage/firstRowOfRefData")): Object: 'Object Repository/FDR-System-Admin/FDR-ReferencePage/firstRowOfRefData' is clicked on

2020-09-21 14:56:41 - [MESSAGE][PASSED] - Object: 'Object Repository/FDR-System-Admin/FDR-ReferencePage/firstRowOfRefData' is clicked on

2020-09-21 14:56:41 - [TEST_STEP][PASSED] - waitForElementPresent(findTestObject("FDR-System-Admin/FDR-Add-AltAccount/altAccountHeader"), 3): Object 'Object Repository/FDR-System-Admin/FDR-Add-AltAccount/altAccountHeader' is present

2020-09-21 14:56:41 - [MESSAGE][PASSED] - Object 'Object Repository/FDR-System-Admin/FDR-Add-AltAccount/altAccountHeader' is present

2020-09-21 14:56:41 - [TEST_STEP][PASSED] - label = getText(findTestObject("FDR-System-Admin/FDR-ReferencePage/altAccountReference/altAccountReview/altAccountCode")): Text of object 'Object Repository/FDR-System-Admin/FDR-ReferencePage/altAccountReference/altAccountReview/altAccountCode' is: 'ALT ACCOUNT CODE'

2020-09-21 14:56:42 - [MESSAGE][PASSED] - Text of object 'Object Repository/FDR-System-Admin/FDR-ReferencePage/altAccountReference/altAccountReview/altAccountCode' is: 'ALT ACCOUNT CODE'

2020-09-21 14:56:42 - [TEST_STEP][PASSED] - assert label == "ALT ACCOUNT CODE": null

2020-09-21 14:56:42 - [TEST_STEP][PASSED] - Start listener action : sampleAfterTestCase: null

2020-09-21 14:56:42 - [TEST_STEP][PASSED] - profileName = getExecutionProfile(): null

2020-09-21 14:56:42 - [TEST_STEP][PASSED] - switch (profileName): null

2020-09-21 14:56:42 - [TEST_STEP][PASSED] - case "superUser":: null

2020-09-21 14:56:42 - [TEST_STEP][PASSED] - return null: null

2020-09-21 14:56:42 - [TEST_STEP][PASSED] - Start listener action : afterTestCase: Browser is closed

2020-09-21 14:56:42 - [TEST_STEP][PASSED] - profileName = getExecutionProfile(): null

2020-09-21 14:56:42 - [TEST_STEP][PASSED] - if (profileName.equalsIgnoreCase("SysAdmin")): Browser is closed

2020-09-21 14:56:42 - [TEST_STEP][PASSED] - closeBrowser(): Browser is closed

2020-09-21 14:56:42 - [MESSAGE][PASSED] - Browser is closed

2020-09-21 14:56:42 - [TEST_STEP][PASSED] - Start listener action : sampleAfterTestCase: null

2020-09-21 14:56:42 - [TEST_STEP][PASSED] - profileName = getExecutionProfile(): null

2020-09-21 14:56:42 - [TEST_STEP][PASSED] - switch (profileName): null

2020-09-21 14:56:42 - [TEST_STEP][PASSED] - Default: null

2020-09-21 14:56:42 - [TEST_STEP][PASSED] - return null: null

2020-09-21 14:56:42 - [TEST_STEP][PASSED] - Start listener action : addFailedTCToList: null]]></system-out>
         <system-err><![CDATA[]]></system-err>
      </testcase>
      <testcase name="Test Cases/WEB-UI-TESTS/SysAdmin/ReportsPage/FDR-MBES-Reports" time="51.564" classname="Test Cases/WEB-UI-TESTS/SysAdmin/ReportsPage/FDR-MBES-Reports" status="PASSED">
         <system-out><![CDATA[2020-09-21 14:56:42 - [TEST_CASE][PASSED] - Test Cases/WEB-UI-TESTS/SysAdmin/ReportsPage/FDR-MBES-Reports: Test Cases/WEB-UI-TESTS/SysAdmin/ReportsPage/FDR-MBES-Reports

2020-09-21 14:56:42 - [TEST_STEP][PASSED] - Start listener action : sampleBeforeTestCase: null

2020-09-21 14:56:42 - [TEST_STEP][PASSED] - profileName = getExecutionProfile(): null

2020-09-21 14:56:42 - [TEST_STEP][PASSED] - switch (profileName): null

2020-09-21 14:56:42 - [TEST_STEP][PASSED] - case "superUser":: null

2020-09-21 14:56:42 - [TEST_STEP][PASSED] - return null: null

2020-09-21 14:56:42 - [TEST_STEP][PASSED] - Start listener action : beforeTestCase: Call Test Case 'Test Cases/WEB-UI-TESTS/SysAdmin/SystemAdmin-Login' successfully

2020-09-21 14:56:42 - [TEST_STEP][PASSED] - profileName = getExecutionProfile(): null

2020-09-21 14:56:42 - [TEST_STEP][PASSED] - if (profileName.equalsIgnoreCase("SysAdmin")): Call Test Case 'Test Cases/WEB-UI-TESTS/SysAdmin/SystemAdmin-Login' successfully

2020-09-21 14:56:42 - [TEST_STEP][PASSED] - callTestCase(findTestCase("Test Cases/WEB-UI-TESTS/SysAdmin/SystemAdmin-Login"), null): Call Test Case 'Test Cases/WEB-UI-TESTS/SysAdmin/SystemAdmin-Login' successfully

2020-09-21 14:56:42 - [TEST_CASE][PASSED] - Test Cases/WEB-UI-TESTS/SysAdmin/SystemAdmin-Login: Test Cases/WEB-UI-TESTS/SysAdmin/SystemAdmin-Login

2020-09-21 14:56:42 - [TEST_STEP][PASSED] - openBrowser(URL): Browser is opened with url: 'https://fdr-katalon.cammis-mod-dev.dhcs.ca.gov'

2020-09-21 14:56:42 - [MESSAGE][INFO] - Starting 'Chrome' driver

2020-09-21 14:56:42 - [MESSAGE][INFO] - Action delay is set to 0 milliseconds

2020-09-21 14:56:46 - [MESSAGE][PASSED] - Browser is opened with url: 'https://fdr-katalon.cammis-mod-dev.dhcs.ca.gov'

2020-09-21 14:56:46 - [TEST_STEP][PASSED] - maximizeWindow(): Current window maximized

2020-09-21 14:56:49 - [MESSAGE][PASSED] - Current window maximized

2020-09-21 14:56:49 - [TEST_STEP][PASSED] - refresh(): Refresh successfully

2020-09-21 14:56:49 - [MESSAGE][PASSED] - Refresh successfully

2020-09-21 14:56:49 - [TEST_STEP][PASSED] - delay(2): Delayed 2 second(s)

2020-09-21 14:56:51 - [MESSAGE][PASSED] - Delayed 2 second(s)

2020-09-21 14:56:51 - [TEST_STEP][PASSED] - waitForElementPresent(findTestObject("FDR-System-Admin/SysAdmin-SignIn/adminEmail"), 5): Object 'Object Repository/FDR-System-Admin/SysAdmin-SignIn/adminEmail' is present

2020-09-21 14:56:51 - [MESSAGE][PASSED] - Object 'Object Repository/FDR-System-Admin/SysAdmin-SignIn/adminEmail' is present

2020-09-21 14:56:51 - [TEST_STEP][PASSED] - setText(findTestObject("FDR-System-Admin/SysAdmin-SignIn/adminEmail"), adminEmail): Text 'fdr.test10@dhcs.ca.gov
' is set on object 'Object Repository/FDR-System-Admin/SysAdmin-SignIn/adminEmail'

2020-09-21 14:56:52 - [MESSAGE][PASSED] - Text 'fdr.test10@dhcs.ca.gov
' is set on object 'Object Repository/FDR-System-Admin/SysAdmin-SignIn/adminEmail'

2020-09-21 14:56:52 - [TEST_STEP][PASSED] - waitForElementPresent(findTestObject("FDR-System-Admin/SysAdmin-SignIn/adminUserName"), 5): Object 'Object Repository/FDR-System-Admin/SysAdmin-SignIn/adminUserName' is present

2020-09-21 14:56:55 - [MESSAGE][PASSED] - Object 'Object Repository/FDR-System-Admin/SysAdmin-SignIn/adminUserName' is present

2020-09-21 14:56:55 - [TEST_STEP][PASSED] - setText(findTestObject("FDR-System-Admin/SysAdmin-SignIn/adminUserName"), UserName): Text 'fdr.test10@dhcs.ca.gov' is set on object 'Object Repository/FDR-System-Admin/SysAdmin-SignIn/adminUserName'

2020-09-21 14:56:55 - [MESSAGE][PASSED] - Text 'fdr.test10@dhcs.ca.gov' is set on object 'Object Repository/FDR-System-Admin/SysAdmin-SignIn/adminUserName'

2020-09-21 14:56:55 - [TEST_STEP][PASSED] - setText(findTestObject("FDR-System-Admin/SysAdmin-SignIn/adminPass"), Password): Text 'Password18' is set on object 'Object Repository/FDR-System-Admin/SysAdmin-SignIn/adminPass'

2020-09-21 14:56:56 - [MESSAGE][PASSED] - Text 'Password18' is set on object 'Object Repository/FDR-System-Admin/SysAdmin-SignIn/adminPass'

2020-09-21 14:56:56 - [TEST_STEP][PASSED] - click(findTestObject("FDR-System-Admin/SysAdmin-SignIn/adminSignIn")): Object: 'Object Repository/FDR-System-Admin/SysAdmin-SignIn/adminSignIn' is clicked on

2020-09-21 14:56:58 - [MESSAGE][PASSED] - Object: 'Object Repository/FDR-System-Admin/SysAdmin-SignIn/adminSignIn' is clicked on

2020-09-21 14:56:58 - [TEST_STEP][PASSED] - waitForElementPresent(findTestObject("Object Repository/FDR-System-Admin/SysAdmin-Dashboard/maintainReferenceDataBtn"), 3): Object 'Object Repository/FDR-System-Admin/SysAdmin-Dashboard/maintainReferenceDataBtn' is present

2020-09-21 14:56:59 - [MESSAGE][PASSED] - Object 'Object Repository/FDR-System-Admin/SysAdmin-Dashboard/maintainReferenceDataBtn' is present

2020-09-21 14:56:59 - [TEST_STEP][PASSED] - verifyElementPresent(findTestObject("Object Repository/FDR-System-Admin/SysAdmin-Dashboard/maintainReferenceDataBtn"), Timeout): Object 'Object Repository/FDR-System-Admin/SysAdmin-Dashboard/maintainReferenceDataBtn' is present

2020-09-21 14:57:00 - [MESSAGE][PASSED] - Object 'Object Repository/FDR-System-Admin/SysAdmin-Dashboard/maintainReferenceDataBtn' is present

2020-09-21 14:57:00 - [TEST_STEP][PASSED] - refresh(): Refresh successfully

2020-09-21 14:57:00 - [MESSAGE][PASSED] - Refresh successfully

2020-09-21 14:57:00 - [MESSAGE][PASSED] - Call Test Case 'Test Cases/WEB-UI-TESTS/SysAdmin/SystemAdmin-Login' successfully

2020-09-21 14:57:00 - [TEST_STEP][PASSED] - Start listener action : sampleBeforeTestCase: null

2020-09-21 14:57:00 - [TEST_STEP][PASSED] - profileName = getExecutionProfile(): null

2020-09-21 14:57:00 - [TEST_STEP][PASSED] - testCaseId = testCaseContext.getTestCaseId(): null

2020-09-21 14:57:00 - [TEST_STEP][PASSED] - switch (profileName): null

2020-09-21 14:57:00 - [TEST_STEP][PASSED] - Default: null

2020-09-21 14:57:00 - [TEST_STEP][PASSED] - return null: null

2020-09-21 14:57:00 - [TEST_STEP][PASSED] - Start listener action : executeRows: null

2020-09-21 14:57:00 - [TEST_STEP][PASSED] - maximizeWindow(): Current window maximized

2020-09-21 14:57:00 - [MESSAGE][PASSED] - Current window maximized

2020-09-21 14:57:00 - [TEST_STEP][PASSED] - waitForElementPresent(findTestObject("Object Repository/FDR-System-Admin/FDR-Reports/FDR-Report-Dashboard/reportBtn"), 3): Object 'Object Repository/FDR-System-Admin/FDR-Reports/FDR-Report-Dashboard/reportBtn' is present

2020-09-21 14:57:01 - [MESSAGE][PASSED] - Object 'Object Repository/FDR-System-Admin/FDR-Reports/FDR-Report-Dashboard/reportBtn' is present

2020-09-21 14:57:01 - [TEST_STEP][PASSED] - click(findTestObject("Object Repository/FDR-System-Admin/FDR-Reports/FDR-Report-Dashboard/reportBtn")): Object: 'Object Repository/FDR-System-Admin/FDR-Reports/FDR-Report-Dashboard/reportBtn' is clicked on

2020-09-21 14:57:01 - [MESSAGE][PASSED] - Object: 'Object Repository/FDR-System-Admin/FDR-Reports/FDR-Report-Dashboard/reportBtn' is clicked on

2020-09-21 14:57:01 - [TEST_STEP][PASSED] - waitForElementPresent(findTestObject("Object Repository/FDR-System-Admin/FDR-Reports/FDR-MBES-Reports/mbesBtn"), 3): Object 'Object Repository/FDR-System-Admin/FDR-Reports/FDR-MBES-Reports/mbesBtn' is present

2020-09-21 14:57:02 - [MESSAGE][PASSED] - Object 'Object Repository/FDR-System-Admin/FDR-Reports/FDR-MBES-Reports/mbesBtn' is present

2020-09-21 14:57:02 - [TEST_STEP][PASSED] - click(findTestObject("Object Repository/FDR-System-Admin/FDR-Reports/FDR-MBES-Reports/mbesBtn")): Object: 'Object Repository/FDR-System-Admin/FDR-Reports/FDR-MBES-Reports/mbesBtn' is clicked on

2020-09-21 14:57:02 - [MESSAGE][PASSED] - Object: 'Object Repository/FDR-System-Admin/FDR-Reports/FDR-MBES-Reports/mbesBtn' is clicked on

2020-09-21 14:57:02 - [TEST_STEP][PASSED] - waitForElementPresent(findTestObject("Object Repository/FDR-System-Admin/FDR-Reports/FDR-MBES-Reports/mbesHeaderLabel"), 0): Object 'Object Repository/FDR-System-Admin/FDR-Reports/FDR-MBES-Reports/mbesHeaderLabel' is present

2020-09-21 14:57:02 - [MESSAGE][WARNING] - Timeout '0' is invalid. Using default page load timeout: '3'

2020-09-21 14:57:03 - [MESSAGE][PASSED] - Object 'Object Repository/FDR-System-Admin/FDR-Reports/FDR-MBES-Reports/mbesHeaderLabel' is present

2020-09-21 14:57:03 - [TEST_STEP][PASSED] - mbesHeaderLabel = getText(findTestObject("Object Repository/FDR-System-Admin/FDR-Reports/FDR-MBES-Reports/mbesHeaderLabel")): Text of object 'Object Repository/FDR-System-Admin/FDR-Reports/FDR-MBES-Reports/mbesHeaderLabel' is: 'MBES Reports'

2020-09-21 14:57:03 - [MESSAGE][PASSED] - Text of object 'Object Repository/FDR-System-Admin/FDR-Reports/FDR-MBES-Reports/mbesHeaderLabel' is: 'MBES Reports'

2020-09-21 14:57:03 - [TEST_STEP][PASSED] - assert mbesHeaderLabel == "MBES Reports": null

2020-09-21 14:57:03 - [TEST_STEP][PASSED] - NonWaiver_6421U = getText(findTestObject("Object Repository/FDR-System-Admin/FDR-Reports/FDR-MBES-Reports/64.21U-non-Waiver")): Text of object 'Object Repository/FDR-System-Admin/FDR-Reports/FDR-MBES-Reports/64.21U-non-Waiver' is: '64.21U Non-Waiver'

2020-09-21 14:57:03 - [MESSAGE][PASSED] - Text of object 'Object Repository/FDR-System-Admin/FDR-Reports/FDR-MBES-Reports/64.21U-non-Waiver' is: '64.21U Non-Waiver'

2020-09-21 14:57:03 - [TEST_STEP][PASSED] - assert NonWaiver_6421U == "64.21U Non-Waiver": null

2020-09-21 14:57:03 - [TEST_STEP][PASSED] - NonWaiver_21 = getText(findTestObject("Object Repository/FDR-System-Admin/FDR-Reports/FDR-MBES-Reports/21-Non-Waiver")): Text of object 'Object Repository/FDR-System-Admin/FDR-Reports/FDR-MBES-Reports/21-Non-Waiver' is: '21 Non-Waiver'

2020-09-21 14:57:03 - [MESSAGE][PASSED] - Text of object 'Object Repository/FDR-System-Admin/FDR-Reports/FDR-MBES-Reports/21-Non-Waiver' is: '21 Non-Waiver'

2020-09-21 14:57:03 - [TEST_STEP][PASSED] - assert NonWaiver_21 == "21 Non-Waiver": null

2020-09-21 14:57:03 - [TEST_STEP][PASSED] - NonWaiver_21P = getText(findTestObject("Object Repository/FDR-System-Admin/FDR-Reports/FDR-MBES-Reports/21P-Non-Waiver")): Text of object 'Object Repository/FDR-System-Admin/FDR-Reports/FDR-MBES-Reports/21P-Non-Waiver' is: '21P Non-Waiver'

2020-09-21 14:57:04 - [MESSAGE][PASSED] - Text of object 'Object Repository/FDR-System-Admin/FDR-Reports/FDR-MBES-Reports/21P-Non-Waiver' is: '21P Non-Waiver'

2020-09-21 14:57:04 - [TEST_STEP][PASSED] - assert NonWaiver_21P == "21P Non-Waiver": null

2020-09-21 14:57:04 - [TEST_STEP][PASSED] - waitForElementPresent(findTestObject("Object Repository/FDR-System-Admin/FDR-Reports/FDR-MBES-Reports/FDR-21P-Non-Waiver/21P-Non-Waiver-Btn"), 3): Object 'Object Repository/FDR-System-Admin/FDR-Reports/FDR-MBES-Reports/FDR-21P-Non-Waiver/21P-Non-Waiver-Btn' is present

2020-09-21 14:57:04 - [MESSAGE][PASSED] - Object 'Object Repository/FDR-System-Admin/FDR-Reports/FDR-MBES-Reports/FDR-21P-Non-Waiver/21P-Non-Waiver-Btn' is present

2020-09-21 14:57:04 - [TEST_STEP][PASSED] - click(findTestObject("Object Repository/FDR-System-Admin/FDR-Reports/FDR-MBES-Reports/FDR-21P-Non-Waiver/21P-Non-Waiver-Btn")): Object: 'Object Repository/FDR-System-Admin/FDR-Reports/FDR-MBES-Reports/FDR-21P-Non-Waiver/21P-Non-Waiver-Btn' is clicked on

2020-09-21 14:57:04 - [MESSAGE][PASSED] - Object: 'Object Repository/FDR-System-Admin/FDR-Reports/FDR-MBES-Reports/FDR-21P-Non-Waiver/21P-Non-Waiver-Btn' is clicked on

2020-09-21 14:57:04 - [TEST_STEP][PASSED] - waitForElementPresent(findTestObject("Object Repository/FDR-System-Admin/FDR-Reports/FDR-MBES-Reports/FDR-21P-Non-Waiver/21P-Non-Waiver-Header"), 3): Object 'Object Repository/FDR-System-Admin/FDR-Reports/FDR-MBES-Reports/FDR-21P-Non-Waiver/21P-Non-Waiver-Header' is present

2020-09-21 14:57:05 - [MESSAGE][PASSED] - Object 'Object Repository/FDR-System-Admin/FDR-Reports/FDR-MBES-Reports/FDR-21P-Non-Waiver/21P-Non-Waiver-Header' is present

2020-09-21 14:57:05 - [TEST_STEP][PASSED] - waitForElementPresent(findTestObject("Object Repository/FDR-System-Admin/FDR-Reports/FDR-MBES-Reports/FDR-21P-Non-Waiver/quartersDropdown"), 3): Object 'Object Repository/FDR-System-Admin/FDR-Reports/FDR-MBES-Reports/FDR-21P-Non-Waiver/quartersDropdown' is present

2020-09-21 14:57:05 - [MESSAGE][PASSED] - Object 'Object Repository/FDR-System-Admin/FDR-Reports/FDR-MBES-Reports/FDR-21P-Non-Waiver/quartersDropdown' is present

2020-09-21 14:57:05 - [TEST_STEP][PASSED] - click(findTestObject("Object Repository/FDR-System-Admin/FDR-Reports/FDR-MBES-Reports/FDR-21P-Non-Waiver/quartersDropdown")): Object: 'Object Repository/FDR-System-Admin/FDR-Reports/FDR-MBES-Reports/FDR-21P-Non-Waiver/quartersDropdown' is clicked on

2020-09-21 14:57:06 - [MESSAGE][PASSED] - Object: 'Object Repository/FDR-System-Admin/FDR-Reports/FDR-MBES-Reports/FDR-21P-Non-Waiver/quartersDropdown' is clicked on

2020-09-21 14:57:06 - [TEST_STEP][PASSED] - waitForElementPresent(findTestObject("Object Repository/FDR-System-Admin/FDR-Reports/FDR-MBES-Reports/FDR-21P-Non-Waiver/quartersOption"), 3): Object 'Object Repository/FDR-System-Admin/FDR-Reports/FDR-MBES-Reports/FDR-21P-Non-Waiver/quartersOption' is present

2020-09-21 14:57:06 - [MESSAGE][PASSED] - Object 'Object Repository/FDR-System-Admin/FDR-Reports/FDR-MBES-Reports/FDR-21P-Non-Waiver/quartersOption' is present

2020-09-21 14:57:06 - [TEST_STEP][PASSED] - click(findTestObject("Object Repository/FDR-System-Admin/FDR-Reports/FDR-MBES-Reports/FDR-21P-Non-Waiver/quartersOption")): Object: 'Object Repository/FDR-System-Admin/FDR-Reports/FDR-MBES-Reports/FDR-21P-Non-Waiver/quartersOption' is clicked on

2020-09-21 14:57:06 - [MESSAGE][PASSED] - Object: 'Object Repository/FDR-System-Admin/FDR-Reports/FDR-MBES-Reports/FDR-21P-Non-Waiver/quartersOption' is clicked on

2020-09-21 14:57:06 - [TEST_STEP][PASSED] - waitForElementPresent(findTestObject("Object Repository/FDR-System-Admin/FDR-Reports/FDR-MBES-Reports/FDR-21P-Non-Waiver/lineNumberDropdown"), 3): Object 'Object Repository/FDR-System-Admin/FDR-Reports/FDR-MBES-Reports/FDR-21P-Non-Waiver/lineNumberDropdown' is present

2020-09-21 14:57:07 - [MESSAGE][PASSED] - Object 'Object Repository/FDR-System-Admin/FDR-Reports/FDR-MBES-Reports/FDR-21P-Non-Waiver/lineNumberDropdown' is present

2020-09-21 14:57:07 - [TEST_STEP][PASSED] - click(findTestObject("Object Repository/FDR-System-Admin/FDR-Reports/FDR-MBES-Reports/FDR-21P-Non-Waiver/lineNumberDropdown")): Object: 'Object Repository/FDR-System-Admin/FDR-Reports/FDR-MBES-Reports/FDR-21P-Non-Waiver/lineNumberDropdown' is clicked on

2020-09-21 14:57:07 - [MESSAGE][PASSED] - Object: 'Object Repository/FDR-System-Admin/FDR-Reports/FDR-MBES-Reports/FDR-21P-Non-Waiver/lineNumberDropdown' is clicked on

2020-09-21 14:57:07 - [TEST_STEP][PASSED] - waitForElementPresent(findTestObject("Object Repository/FDR-System-Admin/FDR-Reports/FDR-MBES-Reports/FDR-21P-Non-Waiver/lineNumberOption"), 3): Object 'Object Repository/FDR-System-Admin/FDR-Reports/FDR-MBES-Reports/FDR-21P-Non-Waiver/lineNumberOption' is present

2020-09-21 14:57:08 - [MESSAGE][PASSED] - Object 'Object Repository/FDR-System-Admin/FDR-Reports/FDR-MBES-Reports/FDR-21P-Non-Waiver/lineNumberOption' is present

2020-09-21 14:57:08 - [TEST_STEP][PASSED] - click(findTestObject("Object Repository/FDR-System-Admin/FDR-Reports/FDR-MBES-Reports/FDR-21P-Non-Waiver/lineNumberOption")): Object: 'Object Repository/FDR-System-Admin/FDR-Reports/FDR-MBES-Reports/FDR-21P-Non-Waiver/lineNumberOption' is clicked on

2020-09-21 14:57:08 - [MESSAGE][PASSED] - Object: 'Object Repository/FDR-System-Admin/FDR-Reports/FDR-MBES-Reports/FDR-21P-Non-Waiver/lineNumberOption' is clicked on

2020-09-21 14:57:08 - [TEST_STEP][PASSED] - waitForElementPresent(findTestObject("Object Repository/FDR-System-Admin/FDR-Reports/FDR-MBES-Reports/FDR-21P-Non-Waiver/21P-Non-Waiver-Header"), 3): Object 'Object Repository/FDR-System-Admin/FDR-Reports/FDR-MBES-Reports/FDR-21P-Non-Waiver/21P-Non-Waiver-Header' is present

2020-09-21 14:57:08 - [MESSAGE][PASSED] - Object 'Object Repository/FDR-System-Admin/FDR-Reports/FDR-MBES-Reports/FDR-21P-Non-Waiver/21P-Non-Waiver-Header' is present

2020-09-21 14:57:08 - [TEST_STEP][PASSED] - click(findTestObject("Object Repository/FDR-System-Admin/FDR-Reports/FDR-MBES-Reports/FDR-ReportBtns/backToMBESReports")): Object: 'Object Repository/FDR-System-Admin/FDR-Reports/FDR-MBES-Reports/FDR-ReportBtns/backToMBESReports' is clicked on

2020-09-21 14:57:09 - [MESSAGE][PASSED] - Object: 'Object Repository/FDR-System-Admin/FDR-Reports/FDR-MBES-Reports/FDR-ReportBtns/backToMBESReports' is clicked on

2020-09-21 14:57:09 - [TEST_STEP][PASSED] - nonWaiver_6421UP = getText(findTestObject("Object Repository/FDR-System-Admin/FDR-Reports/FDR-MBES-Reports/64.21UP-Non-Waiver")): Text of object 'Object Repository/FDR-System-Admin/FDR-Reports/FDR-MBES-Reports/64.21UP-Non-Waiver' is: '64.21UP Non-Waiver'

2020-09-21 14:57:09 - [MESSAGE][PASSED] - Text of object 'Object Repository/FDR-System-Admin/FDR-Reports/FDR-MBES-Reports/64.21UP-Non-Waiver' is: '64.21UP Non-Waiver'

2020-09-21 14:57:09 - [TEST_STEP][PASSED] - assert nonWaiver_6421UP == "64.21UP Non-Waiver": null

2020-09-21 14:57:09 - [TEST_STEP][PASSED] - waitForElementPresent(findTestObject("Object Repository/FDR-System-Admin/FDR-Reports/FDR-MBES-Reports/FDR-ReportBtns/64.21UP-NonWaiverBtn"), 3): Object 'Object Repository/FDR-System-Admin/FDR-Reports/FDR-MBES-Reports/FDR-ReportBtns/64.21UP-NonWaiverBtn' is present

2020-09-21 14:57:09 - [MESSAGE][PASSED] - Object 'Object Repository/FDR-System-Admin/FDR-Reports/FDR-MBES-Reports/FDR-ReportBtns/64.21UP-NonWaiverBtn' is present

2020-09-21 14:57:09 - [TEST_STEP][PASSED] - click(findTestObject("Object Repository/FDR-System-Admin/FDR-Reports/FDR-MBES-Reports/FDR-ReportBtns/64.21UP-NonWaiverBtn")): Object: 'Object Repository/FDR-System-Admin/FDR-Reports/FDR-MBES-Reports/FDR-ReportBtns/64.21UP-NonWaiverBtn' is clicked on

2020-09-21 14:57:10 - [MESSAGE][PASSED] - Object: 'Object Repository/FDR-System-Admin/FDR-Reports/FDR-MBES-Reports/FDR-ReportBtns/64.21UP-NonWaiverBtn' is clicked on

2020-09-21 14:57:10 - [TEST_STEP][PASSED] - waitForElementPresent(findTestObject("Object Repository/FDR-System-Admin/FDR-Reports/FDR-MBES-Reports/FDR-64.21UP Non-Waiver/header"), 3): Object 'Object Repository/FDR-System-Admin/FDR-Reports/FDR-MBES-Reports/FDR-64.21UP Non-Waiver/header' is present

2020-09-21 14:57:10 - [MESSAGE][PASSED] - Object 'Object Repository/FDR-System-Admin/FDR-Reports/FDR-MBES-Reports/FDR-64.21UP Non-Waiver/header' is present

2020-09-21 14:57:10 - [TEST_STEP][PASSED] - waitForElementPresent(findTestObject("Object Repository/FDR-System-Admin/FDR-Reports/FDR-MBES-Reports/FDR-64.21UP Non-Waiver/header"), 3): Object 'Object Repository/FDR-System-Admin/FDR-Reports/FDR-MBES-Reports/FDR-64.21UP Non-Waiver/header' is present

2020-09-21 14:57:11 - [MESSAGE][PASSED] - Object 'Object Repository/FDR-System-Admin/FDR-Reports/FDR-MBES-Reports/FDR-64.21UP Non-Waiver/header' is present

2020-09-21 14:57:11 - [TEST_STEP][PASSED] - click(findTestObject("Object Repository/FDR-System-Admin/FDR-Reports/FDR-MBES-Reports/FDR-64.21UP Non-Waiver/quartersDropdown")): Object: 'Object Repository/FDR-System-Admin/FDR-Reports/FDR-MBES-Reports/FDR-64.21UP Non-Waiver/quartersDropdown' is clicked on

2020-09-21 14:57:11 - [MESSAGE][PASSED] - Object: 'Object Repository/FDR-System-Admin/FDR-Reports/FDR-MBES-Reports/FDR-64.21UP Non-Waiver/quartersDropdown' is clicked on

2020-09-21 14:57:11 - [TEST_STEP][PASSED] - waitForElementPresent(findTestObject("Object Repository/FDR-System-Admin/FDR-Reports/FDR-MBES-Reports/FDR-64.21UP Non-Waiver/quartersOption"), 3): Object 'Object Repository/FDR-System-Admin/FDR-Reports/FDR-MBES-Reports/FDR-64.21UP Non-Waiver/quartersOption' is present

2020-09-21 14:57:11 - [MESSAGE][PASSED] - Object 'Object Repository/FDR-System-Admin/FDR-Reports/FDR-MBES-Reports/FDR-64.21UP Non-Waiver/quartersOption' is present

2020-09-21 14:57:11 - [TEST_STEP][PASSED] - click(findTestObject("Object Repository/FDR-System-Admin/FDR-Reports/FDR-MBES-Reports/FDR-64.21UP Non-Waiver/quartersOption")): Object: 'Object Repository/FDR-System-Admin/FDR-Reports/FDR-MBES-Reports/FDR-64.21UP Non-Waiver/quartersOption' is clicked on

2020-09-21 14:57:12 - [MESSAGE][PASSED] - Object: 'Object Repository/FDR-System-Admin/FDR-Reports/FDR-MBES-Reports/FDR-64.21UP Non-Waiver/quartersOption' is clicked on

2020-09-21 14:57:12 - [TEST_STEP][PASSED] - waitForElementPresent(findTestObject("Object Repository/FDR-System-Admin/FDR-Reports/FDR-MBES-Reports/FDR-64.21UP Non-Waiver/lineNumberDropdown"), 3): Object 'Object Repository/FDR-System-Admin/FDR-Reports/FDR-MBES-Reports/FDR-64.21UP Non-Waiver/lineNumberDropdown' is present

2020-09-21 14:57:12 - [MESSAGE][PASSED] - Object 'Object Repository/FDR-System-Admin/FDR-Reports/FDR-MBES-Reports/FDR-64.21UP Non-Waiver/lineNumberDropdown' is present

2020-09-21 14:57:12 - [TEST_STEP][PASSED] - click(findTestObject("Object Repository/FDR-System-Admin/FDR-Reports/FDR-MBES-Reports/FDR-64.21UP Non-Waiver/lineNumberDropdown")): Object: 'Object Repository/FDR-System-Admin/FDR-Reports/FDR-MBES-Reports/FDR-64.21UP Non-Waiver/lineNumberDropdown' is clicked on

2020-09-21 14:57:12 - [MESSAGE][PASSED] - Object: 'Object Repository/FDR-System-Admin/FDR-Reports/FDR-MBES-Reports/FDR-64.21UP Non-Waiver/lineNumberDropdown' is clicked on

2020-09-21 14:57:12 - [TEST_STEP][PASSED] - waitForElementPresent(findTestObject("Object Repository/FDR-System-Admin/FDR-Reports/FDR-MBES-Reports/FDR-64.21UP Non-Waiver/lineNumberOption"), 3): Object 'Object Repository/FDR-System-Admin/FDR-Reports/FDR-MBES-Reports/FDR-64.21UP Non-Waiver/lineNumberOption' is present

2020-09-21 14:57:13 - [MESSAGE][PASSED] - Object 'Object Repository/FDR-System-Admin/FDR-Reports/FDR-MBES-Reports/FDR-64.21UP Non-Waiver/lineNumberOption' is present

2020-09-21 14:57:13 - [TEST_STEP][PASSED] - click(findTestObject("Object Repository/FDR-System-Admin/FDR-Reports/FDR-MBES-Reports/FDR-64.21UP Non-Waiver/lineNumberOption")): Object: 'Object Repository/FDR-System-Admin/FDR-Reports/FDR-MBES-Reports/FDR-64.21UP Non-Waiver/lineNumberOption' is clicked on

2020-09-21 14:57:13 - [MESSAGE][PASSED] - Object: 'Object Repository/FDR-System-Admin/FDR-Reports/FDR-MBES-Reports/FDR-64.21UP Non-Waiver/lineNumberOption' is clicked on

2020-09-21 14:57:13 - [TEST_STEP][PASSED] - waitForElementPresent(findTestObject("Object Repository/FDR-System-Admin/FDR-Reports/FDR-MBES-Reports/FDR-ReportBtns/64.21UP-NonWaiverHeader"), 3): Object 'Object Repository/FDR-System-Admin/FDR-Reports/FDR-MBES-Reports/FDR-ReportBtns/64.21UP-NonWaiverHeader' is not present after 3 second(s)

2020-09-21 14:57:17 - [MESSAGE][INFO] - Unable to find the element located by 'By.xpath: //*[@id="wrapper"]/main/div/div/div/div/main/div[1]/div[2]/div/h5'. Please recheck the objects properties to make sure the desired element is located. 

2020-09-21 14:57:17 - [MESSAGE][WARNING] - Object 'Object Repository/FDR-System-Admin/FDR-Reports/FDR-MBES-Reports/FDR-ReportBtns/64.21UP-NonWaiverHeader' is not present after 3 second(s)

2020-09-21 14:57:17 - [TEST_STEP][PASSED] - click(findTestObject("Object Repository/FDR-System-Admin/FDR-Reports/FDR-MBES-Reports/FDR-ReportBtns/backToMBESReports")): Object: 'Object Repository/FDR-System-Admin/FDR-Reports/FDR-MBES-Reports/FDR-ReportBtns/backToMBESReports' is clicked on

2020-09-21 14:57:18 - [MESSAGE][PASSED] - Object: 'Object Repository/FDR-System-Admin/FDR-Reports/FDR-MBES-Reports/FDR-ReportBtns/backToMBESReports' is clicked on

2020-09-21 14:57:18 - [TEST_STEP][PASSED] - waiver_6421U = getText(findTestObject("Object Repository/FDR-System-Admin/FDR-Reports/FDR-MBES-Reports/64.21U-Waiver")): Text of object 'Object Repository/FDR-System-Admin/FDR-Reports/FDR-MBES-Reports/64.21U-Waiver' is: '64.21U Waiver'

2020-09-21 14:57:18 - [MESSAGE][PASSED] - Text of object 'Object Repository/FDR-System-Admin/FDR-Reports/FDR-MBES-Reports/64.21U-Waiver' is: '64.21U Waiver'

2020-09-21 14:57:18 - [TEST_STEP][PASSED] - assert waiver_6421U == "64.21U Waiver": null

2020-09-21 14:57:18 - [TEST_STEP][PASSED] - waiver_6421UP = getText(findTestObject("Object Repository/FDR-System-Admin/FDR-Reports/FDR-MBES-Reports/64.21UP-Waiver")): Text of object 'Object Repository/FDR-System-Admin/FDR-Reports/FDR-MBES-Reports/64.21UP-Waiver' is: '64.21UP Waiver'

2020-09-21 14:57:19 - [MESSAGE][PASSED] - Text of object 'Object Repository/FDR-System-Admin/FDR-Reports/FDR-MBES-Reports/64.21UP-Waiver' is: '64.21UP Waiver'

2020-09-21 14:57:19 - [TEST_STEP][PASSED] - assert waiver_6421UP == "64.21UP Waiver": null

2020-09-21 14:57:19 - [TEST_STEP][PASSED] - waitForElementPresent(findTestObject("Object Repository/FDR-System-Admin/FDR-Reports/FDR-MBES-Reports/FDR-ReportBtns/64.21UP-WaiverBtn"), 3): Object 'Object Repository/FDR-System-Admin/FDR-Reports/FDR-MBES-Reports/FDR-ReportBtns/64.21UP-WaiverBtn' is present

2020-09-21 14:57:19 - [MESSAGE][PASSED] - Object 'Object Repository/FDR-System-Admin/FDR-Reports/FDR-MBES-Reports/FDR-ReportBtns/64.21UP-WaiverBtn' is present

2020-09-21 14:57:19 - [TEST_STEP][PASSED] - click(findTestObject("Object Repository/FDR-System-Admin/FDR-Reports/FDR-MBES-Reports/FDR-ReportBtns/64.21UP-WaiverBtn")): Object: 'Object Repository/FDR-System-Admin/FDR-Reports/FDR-MBES-Reports/FDR-ReportBtns/64.21UP-WaiverBtn' is clicked on

2020-09-21 14:57:19 - [MESSAGE][PASSED] - Object: 'Object Repository/FDR-System-Admin/FDR-Reports/FDR-MBES-Reports/FDR-ReportBtns/64.21UP-WaiverBtn' is clicked on

2020-09-21 14:57:19 - [TEST_STEP][PASSED] - waitForElementPresent(findTestObject("Object Repository/FDR-System-Admin/FDR-Reports/FDR-MBES-Reports/FDR-ReportBtns/64.21UP-WaiverHeader"), 3): Object 'Object Repository/FDR-System-Admin/FDR-Reports/FDR-MBES-Reports/FDR-ReportBtns/64.21UP-WaiverHeader' is present

2020-09-21 14:57:20 - [MESSAGE][PASSED] - Object 'Object Repository/FDR-System-Admin/FDR-Reports/FDR-MBES-Reports/FDR-ReportBtns/64.21UP-WaiverHeader' is present

2020-09-21 14:57:20 - [TEST_STEP][PASSED] - click(findTestObject("Object Repository/FDR-System-Admin/FDR-Reports/FDR-MBES-Reports/FDR-ReportBtns/backToMBESReports")): Object: 'Object Repository/FDR-System-Admin/FDR-Reports/FDR-MBES-Reports/FDR-ReportBtns/backToMBESReports' is clicked on

2020-09-21 14:57:20 - [MESSAGE][PASSED] - Object: 'Object Repository/FDR-System-Admin/FDR-Reports/FDR-MBES-Reports/FDR-ReportBtns/backToMBESReports' is clicked on

2020-09-21 14:57:20 - [TEST_STEP][PASSED] - nonWaiver_649 = getText(findTestObject("Object Repository/FDR-System-Admin/FDR-Reports/FDR-MBES-Reports/64.9Non-Waiver")): Text of object 'Object Repository/FDR-System-Admin/FDR-Reports/FDR-MBES-Reports/64.9Non-Waiver' is: '64.9 Non-Waiver'

2020-09-21 14:57:21 - [MESSAGE][PASSED] - Text of object 'Object Repository/FDR-System-Admin/FDR-Reports/FDR-MBES-Reports/64.9Non-Waiver' is: '64.9 Non-Waiver'

2020-09-21 14:57:21 - [TEST_STEP][PASSED] - assert nonWaiver_649 == "64.9 Non-Waiver": null

2020-09-21 14:57:21 - [TEST_STEP][PASSED] - nonWaiver_649P = getText(findTestObject("Object Repository/FDR-System-Admin/FDR-Reports/FDR-MBES-Reports/64.9PNon-Waiver")): Text of object 'Object Repository/FDR-System-Admin/FDR-Reports/FDR-MBES-Reports/64.9PNon-Waiver' is: '64.9P Non-Waiver'

2020-09-21 14:57:21 - [MESSAGE][PASSED] - Text of object 'Object Repository/FDR-System-Admin/FDR-Reports/FDR-MBES-Reports/64.9PNon-Waiver' is: '64.9P Non-Waiver'

2020-09-21 14:57:21 - [TEST_STEP][PASSED] - assert nonWaiver_649P == "64.9P Non-Waiver": null

2020-09-21 14:57:21 - [TEST_STEP][PASSED] - waitForElementPresent(findTestObject("Object Repository/FDR-System-Admin/FDR-Reports/FDR-MBES-Reports/FDR-ReportBtns/64.9P-NonWaiverBtn"), 3): Object 'Object Repository/FDR-System-Admin/FDR-Reports/FDR-MBES-Reports/FDR-ReportBtns/64.9P-NonWaiverBtn' is present

2020-09-21 14:57:21 - [MESSAGE][PASSED] - Object 'Object Repository/FDR-System-Admin/FDR-Reports/FDR-MBES-Reports/FDR-ReportBtns/64.9P-NonWaiverBtn' is present

2020-09-21 14:57:21 - [TEST_STEP][PASSED] - click(findTestObject("Object Repository/FDR-System-Admin/FDR-Reports/FDR-MBES-Reports/FDR-ReportBtns/64.9P-NonWaiverBtn")): Object: 'Object Repository/FDR-System-Admin/FDR-Reports/FDR-MBES-Reports/FDR-ReportBtns/64.9P-NonWaiverBtn' is clicked on

2020-09-21 14:57:22 - [MESSAGE][PASSED] - Object: 'Object Repository/FDR-System-Admin/FDR-Reports/FDR-MBES-Reports/FDR-ReportBtns/64.9P-NonWaiverBtn' is clicked on

2020-09-21 14:57:22 - [TEST_STEP][PASSED] - waitForElementPresent(findTestObject("Object Repository/FDR-System-Admin/FDR-Reports/FDR-MBES-Reports/FDR-ReportBtns/64.9P-NonWaiverHeader"), 3): Object 'Object Repository/FDR-System-Admin/FDR-Reports/FDR-MBES-Reports/FDR-ReportBtns/64.9P-NonWaiverHeader' is present

2020-09-21 14:57:22 - [MESSAGE][PASSED] - Object 'Object Repository/FDR-System-Admin/FDR-Reports/FDR-MBES-Reports/FDR-ReportBtns/64.9P-NonWaiverHeader' is present

2020-09-21 14:57:22 - [TEST_STEP][PASSED] - click(findTestObject("Object Repository/FDR-System-Admin/FDR-Reports/FDR-MBES-Reports/FDR-ReportBtns/backToMBESReports")): Object: 'Object Repository/FDR-System-Admin/FDR-Reports/FDR-MBES-Reports/FDR-ReportBtns/backToMBESReports' is clicked on

2020-09-21 14:57:22 - [MESSAGE][PASSED] - Object: 'Object Repository/FDR-System-Admin/FDR-Reports/FDR-MBES-Reports/FDR-ReportBtns/backToMBESReports' is clicked on

2020-09-21 14:57:22 - [TEST_STEP][PASSED] - waiver_649 = getText(findTestObject("Object Repository/FDR-System-Admin/FDR-Reports/FDR-MBES-Reports/64.9Waiver")): Text of object 'Object Repository/FDR-System-Admin/FDR-Reports/FDR-MBES-Reports/64.9Waiver' is: '64.9 Waiver'

2020-09-21 14:57:23 - [MESSAGE][PASSED] - Text of object 'Object Repository/FDR-System-Admin/FDR-Reports/FDR-MBES-Reports/64.9Waiver' is: '64.9 Waiver'

2020-09-21 14:57:23 - [TEST_STEP][PASSED] - assert waiver_649 == "64.9 Waiver": null

2020-09-21 14:57:23 - [TEST_STEP][PASSED] - waitForElementPresent(findTestObject("Object Repository/FDR-System-Admin/FDR-Reports/FDR-MBES-Reports/FDR-ReportBtns/64.9-WaiverBtn"), 3): Object 'Object Repository/FDR-System-Admin/FDR-Reports/FDR-MBES-Reports/FDR-ReportBtns/64.9-WaiverBtn' is present

2020-09-21 14:57:23 - [MESSAGE][PASSED] - Object 'Object Repository/FDR-System-Admin/FDR-Reports/FDR-MBES-Reports/FDR-ReportBtns/64.9-WaiverBtn' is present

2020-09-21 14:57:23 - [TEST_STEP][PASSED] - click(findTestObject("Object Repository/FDR-System-Admin/FDR-Reports/FDR-MBES-Reports/FDR-ReportBtns/64.9-WaiverBtn")): Object: 'Object Repository/FDR-System-Admin/FDR-Reports/FDR-MBES-Reports/FDR-ReportBtns/64.9-WaiverBtn' is clicked on

2020-09-21 14:57:24 - [MESSAGE][PASSED] - Object: 'Object Repository/FDR-System-Admin/FDR-Reports/FDR-MBES-Reports/FDR-ReportBtns/64.9-WaiverBtn' is clicked on

2020-09-21 14:57:24 - [TEST_STEP][PASSED] - delay(2): Delayed 2 second(s)

2020-09-21 14:57:26 - [MESSAGE][PASSED] - Delayed 2 second(s)

2020-09-21 14:57:26 - [TEST_STEP][PASSED] - waitForElementPresent(findTestObject("Object Repository/FDR-System-Admin/FDR-Reports/FDR-MBES-Reports/FDR-ReportBtns/64.9-WaiverHeader"), 3): Object 'Object Repository/FDR-System-Admin/FDR-Reports/FDR-MBES-Reports/FDR-ReportBtns/64.9-WaiverHeader' is present

2020-09-21 14:57:26 - [MESSAGE][PASSED] - Object 'Object Repository/FDR-System-Admin/FDR-Reports/FDR-MBES-Reports/FDR-ReportBtns/64.9-WaiverHeader' is present

2020-09-21 14:57:26 - [TEST_STEP][PASSED] - click(findTestObject("Object Repository/FDR-System-Admin/FDR-Reports/FDR-MBES-Reports/FDR-ReportBtns/backToMBESReports")): Object: 'Object Repository/FDR-System-Admin/FDR-Reports/FDR-MBES-Reports/FDR-ReportBtns/backToMBESReports' is clicked on

2020-09-21 14:57:26 - [MESSAGE][PASSED] - Object: 'Object Repository/FDR-System-Admin/FDR-Reports/FDR-MBES-Reports/FDR-ReportBtns/backToMBESReports' is clicked on

2020-09-21 14:57:26 - [TEST_STEP][PASSED] - waiver_649P = getText(findTestObject("Object Repository/FDR-System-Admin/FDR-Reports/FDR-MBES-Reports/64.9P-Waiver")): Text of object 'Object Repository/FDR-System-Admin/FDR-Reports/FDR-MBES-Reports/64.9P-Waiver' is: '64.9P Waiver'

2020-09-21 14:57:27 - [MESSAGE][PASSED] - Text of object 'Object Repository/FDR-System-Admin/FDR-Reports/FDR-MBES-Reports/64.9P-Waiver' is: '64.9P Waiver'

2020-09-21 14:57:27 - [TEST_STEP][PASSED] - assert waiver_649P == "64.9P Waiver": null

2020-09-21 14:57:27 - [TEST_STEP][PASSED] - waitForElementPresent(findTestObject("Object Repository/FDR-System-Admin/FDR-Reports/FDR-MBES-Reports/FDR-ReportBtns/64.9P-WaiverBtn"), 3): Object 'Object Repository/FDR-System-Admin/FDR-Reports/FDR-MBES-Reports/FDR-ReportBtns/64.9P-WaiverBtn' is present

2020-09-21 14:57:27 - [MESSAGE][PASSED] - Object 'Object Repository/FDR-System-Admin/FDR-Reports/FDR-MBES-Reports/FDR-ReportBtns/64.9P-WaiverBtn' is present

2020-09-21 14:57:27 - [TEST_STEP][PASSED] - click(findTestObject("Object Repository/FDR-System-Admin/FDR-Reports/FDR-MBES-Reports/FDR-ReportBtns/64.9P-WaiverBtn")): Object: 'Object Repository/FDR-System-Admin/FDR-Reports/FDR-MBES-Reports/FDR-ReportBtns/64.9P-WaiverBtn' is clicked on

2020-09-21 14:57:27 - [MESSAGE][PASSED] - Object: 'Object Repository/FDR-System-Admin/FDR-Reports/FDR-MBES-Reports/FDR-ReportBtns/64.9P-WaiverBtn' is clicked on

2020-09-21 14:57:27 - [TEST_STEP][PASSED] - waitForElementPresent(findTestObject("Object Repository/FDR-System-Admin/FDR-Reports/FDR-MBES-Reports/FDR-ReportBtns/64.9P-WaiverHeader"), 3): Object 'Object Repository/FDR-System-Admin/FDR-Reports/FDR-MBES-Reports/FDR-ReportBtns/64.9P-WaiverHeader' is present

2020-09-21 14:57:28 - [MESSAGE][PASSED] - Object 'Object Repository/FDR-System-Admin/FDR-Reports/FDR-MBES-Reports/FDR-ReportBtns/64.9P-WaiverHeader' is present

2020-09-21 14:57:28 - [TEST_STEP][PASSED] - click(findTestObject("Object Repository/FDR-System-Admin/FDR-Reports/FDR-MBES-Reports/FDR-ReportBtns/backToMBESReports")): Object: 'Object Repository/FDR-System-Admin/FDR-Reports/FDR-MBES-Reports/FDR-ReportBtns/backToMBESReports' is clicked on

2020-09-21 14:57:28 - [MESSAGE][PASSED] - Object: 'Object Repository/FDR-System-Admin/FDR-Reports/FDR-MBES-Reports/FDR-ReportBtns/backToMBESReports' is clicked on

2020-09-21 14:57:28 - [TEST_STEP][PASSED] - nonWaiver_649VIII = getText(findTestObject("Object Repository/FDR-System-Admin/FDR-Reports/FDR-MBES-Reports/64.9VIII-Non-Waiver")): Text of object 'Object Repository/FDR-System-Admin/FDR-Reports/FDR-MBES-Reports/64.9VIII-Non-Waiver' is: '64.9VIII Non-Waiver'

2020-09-21 14:57:29 - [MESSAGE][PASSED] - Text of object 'Object Repository/FDR-System-Admin/FDR-Reports/FDR-MBES-Reports/64.9VIII-Non-Waiver' is: '64.9VIII Non-Waiver'

2020-09-21 14:57:29 - [TEST_STEP][PASSED] - assert nonWaiver_649VIII == "64.9VIII Non-Waiver": null

2020-09-21 14:57:29 - [TEST_STEP][PASSED] - nonWaiver_649VIIIP = getText(findTestObject("Object Repository/FDR-System-Admin/FDR-Reports/FDR-MBES-Reports/64.9VIIIP-Non-Waiver")): Text of object 'Object Repository/FDR-System-Admin/FDR-Reports/FDR-MBES-Reports/64.9VIIIP-Non-Waiver' is: '64.9VIIIP Non-Waiver'

2020-09-21 14:57:29 - [MESSAGE][PASSED] - Text of object 'Object Repository/FDR-System-Admin/FDR-Reports/FDR-MBES-Reports/64.9VIIIP-Non-Waiver' is: '64.9VIIIP Non-Waiver'

2020-09-21 14:57:29 - [TEST_STEP][PASSED] - assert nonWaiver_649VIIIP == "64.9VIIIP Non-Waiver": null

2020-09-21 14:57:29 - [TEST_STEP][PASSED] - waitForElementPresent(findTestObject("Object Repository/FDR-System-Admin/FDR-Reports/FDR-MBES-Reports/FDR-ReportBtns/64.9VIIIP-NonWaiverBtn"), 3): Object 'Object Repository/FDR-System-Admin/FDR-Reports/FDR-MBES-Reports/FDR-ReportBtns/64.9VIIIP-NonWaiverBtn' is present

2020-09-21 14:57:29 - [MESSAGE][PASSED] - Object 'Object Repository/FDR-System-Admin/FDR-Reports/FDR-MBES-Reports/FDR-ReportBtns/64.9VIIIP-NonWaiverBtn' is present

2020-09-21 14:57:29 - [TEST_STEP][PASSED] - click(findTestObject("Object Repository/FDR-System-Admin/FDR-Reports/FDR-MBES-Reports/FDR-ReportBtns/64.9VIIIP-NonWaiverBtn")): Object: 'Object Repository/FDR-System-Admin/FDR-Reports/FDR-MBES-Reports/FDR-ReportBtns/64.9VIIIP-NonWaiverBtn' is clicked on

2020-09-21 14:57:29 - [MESSAGE][PASSED] - Object: 'Object Repository/FDR-System-Admin/FDR-Reports/FDR-MBES-Reports/FDR-ReportBtns/64.9VIIIP-NonWaiverBtn' is clicked on

2020-09-21 14:57:29 - [TEST_STEP][PASSED] - waitForElementPresent(findTestObject("Object Repository/FDR-System-Admin/FDR-Reports/FDR-MBES-Reports/FDR-ReportBtns/64.9VIIIP-NonWaiverHeader"), 3): Object 'Object Repository/FDR-System-Admin/FDR-Reports/FDR-MBES-Reports/FDR-ReportBtns/64.9VIIIP-NonWaiverHeader' is present

2020-09-21 14:57:30 - [MESSAGE][PASSED] - Object 'Object Repository/FDR-System-Admin/FDR-Reports/FDR-MBES-Reports/FDR-ReportBtns/64.9VIIIP-NonWaiverHeader' is present

2020-09-21 14:57:30 - [TEST_STEP][PASSED] - click(findTestObject("Object Repository/FDR-System-Admin/FDR-Reports/FDR-MBES-Reports/FDR-ReportBtns/backToMBESReports")): Object: 'Object Repository/FDR-System-Admin/FDR-Reports/FDR-MBES-Reports/FDR-ReportBtns/backToMBESReports' is clicked on

2020-09-21 14:57:30 - [MESSAGE][PASSED] - Object: 'Object Repository/FDR-System-Admin/FDR-Reports/FDR-MBES-Reports/FDR-ReportBtns/backToMBESReports' is clicked on

2020-09-21 14:57:30 - [TEST_STEP][PASSED] - waiver_649VIII = getText(findTestObject("Object Repository/FDR-System-Admin/FDR-Reports/FDR-MBES-Reports/64.9VIII-Waiver")): Text of object 'Object Repository/FDR-System-Admin/FDR-Reports/FDR-MBES-Reports/64.9VIII-Waiver' is: '64.9VIII Waiver'

2020-09-21 14:57:31 - [MESSAGE][PASSED] - Text of object 'Object Repository/FDR-System-Admin/FDR-Reports/FDR-MBES-Reports/64.9VIII-Waiver' is: '64.9VIII Waiver'

2020-09-21 14:57:31 - [TEST_STEP][PASSED] - assert waiver_649VIII == "64.9VIII Waiver": null

2020-09-21 14:57:31 - [TEST_STEP][PASSED] - refresh(): Refresh successfully

2020-09-21 14:57:32 - [MESSAGE][PASSED] - Refresh successfully

2020-09-21 14:57:32 - [TEST_STEP][PASSED] - waiver_649VIIIP = getText(findTestObject("Object Repository/FDR-System-Admin/FDR-Reports/FDR-MBES-Reports/64.9VIIIP-Waiver")): Text of object 'Object Repository/FDR-System-Admin/FDR-Reports/FDR-MBES-Reports/64.9VIIIP-Waiver' is: '64.9VIIIP Waiver'

2020-09-21 14:57:32 - [MESSAGE][PASSED] - Text of object 'Object Repository/FDR-System-Admin/FDR-Reports/FDR-MBES-Reports/64.9VIIIP-Waiver' is: '64.9VIIIP Waiver'

2020-09-21 14:57:32 - [TEST_STEP][PASSED] - assert waiver_649VIIIP == "64.9VIIIP Waiver": null

2020-09-21 14:57:32 - [TEST_STEP][PASSED] - waitForElementPresent(findTestObject("Object Repository/FDR-System-Admin/FDR-Reports/FDR-MBES-Reports/FDR-ReportBtns/64.9VIIIP-WaiverBtn"), 3): Object 'Object Repository/FDR-System-Admin/FDR-Reports/FDR-MBES-Reports/FDR-ReportBtns/64.9VIIIP-WaiverBtn' is present

2020-09-21 14:57:32 - [MESSAGE][PASSED] - Object 'Object Repository/FDR-System-Admin/FDR-Reports/FDR-MBES-Reports/FDR-ReportBtns/64.9VIIIP-WaiverBtn' is present

2020-09-21 14:57:32 - [TEST_STEP][PASSED] - click(findTestObject("Object Repository/FDR-System-Admin/FDR-Reports/FDR-MBES-Reports/FDR-ReportBtns/64.9VIIIP-WaiverBtn")): Object: 'Object Repository/FDR-System-Admin/FDR-Reports/FDR-MBES-Reports/FDR-ReportBtns/64.9VIIIP-WaiverBtn' is clicked on

2020-09-21 14:57:33 - [MESSAGE][PASSED] - Object: 'Object Repository/FDR-System-Admin/FDR-Reports/FDR-MBES-Reports/FDR-ReportBtns/64.9VIIIP-WaiverBtn' is clicked on

2020-09-21 14:57:33 - [TEST_STEP][PASSED] - waitForElementPresent(findTestObject("Object Repository/FDR-System-Admin/FDR-Reports/FDR-MBES-Reports/FDR-ReportBtns/64.9VIIIP-WaiverHeader"), 3): Object 'Object Repository/FDR-System-Admin/FDR-Reports/FDR-MBES-Reports/FDR-ReportBtns/64.9VIIIP-WaiverHeader' is present

2020-09-21 14:57:33 - [MESSAGE][PASSED] - Object 'Object Repository/FDR-System-Admin/FDR-Reports/FDR-MBES-Reports/FDR-ReportBtns/64.9VIIIP-WaiverHeader' is present

2020-09-21 14:57:33 - [TEST_STEP][PASSED] - Start listener action : sampleAfterTestCase: null

2020-09-21 14:57:33 - [TEST_STEP][PASSED] - profileName = getExecutionProfile(): null

2020-09-21 14:57:33 - [TEST_STEP][PASSED] - switch (profileName): null

2020-09-21 14:57:33 - [TEST_STEP][PASSED] - case "superUser":: null

2020-09-21 14:57:33 - [TEST_STEP][PASSED] - return null: null

2020-09-21 14:57:33 - [TEST_STEP][PASSED] - Start listener action : afterTestCase: Browser is closed

2020-09-21 14:57:33 - [TEST_STEP][PASSED] - profileName = getExecutionProfile(): null

2020-09-21 14:57:33 - [TEST_STEP][PASSED] - if (profileName.equalsIgnoreCase("SysAdmin")): Browser is closed

2020-09-21 14:57:33 - [TEST_STEP][PASSED] - closeBrowser(): Browser is closed

2020-09-21 14:57:34 - [MESSAGE][PASSED] - Browser is closed

2020-09-21 14:57:34 - [TEST_STEP][PASSED] - Start listener action : sampleAfterTestCase: null

2020-09-21 14:57:34 - [TEST_STEP][PASSED] - profileName = getExecutionProfile(): null

2020-09-21 14:57:34 - [TEST_STEP][PASSED] - switch (profileName): null

2020-09-21 14:57:34 - [TEST_STEP][PASSED] - Default: null

2020-09-21 14:57:34 - [TEST_STEP][PASSED] - return null: null

2020-09-21 14:57:34 - [TEST_STEP][PASSED] - Start listener action : addFailedTCToList: null]]></system-out>
         <system-err><![CDATA[]]></system-err>
      </testcase>
      <testcase name="Test Cases/WEB-UI-TESTS/SysAdmin/CalendarPage/FDR-Calendar-Dashboard" time="22.331" classname="Test Cases/WEB-UI-TESTS/SysAdmin/CalendarPage/FDR-Calendar-Dashboard" status="PASSED">
         <system-out><![CDATA[2020-09-21 14:57:34 - [TEST_CASE][PASSED] - Test Cases/WEB-UI-TESTS/SysAdmin/CalendarPage/FDR-Calendar-Dashboard: Test Cases/WEB-UI-TESTS/SysAdmin/CalendarPage/FDR-Calendar-Dashboard

2020-09-21 14:57:34 - [TEST_STEP][PASSED] - Start listener action : sampleBeforeTestCase: null

2020-09-21 14:57:34 - [TEST_STEP][PASSED] - profileName = getExecutionProfile(): null

2020-09-21 14:57:34 - [TEST_STEP][PASSED] - switch (profileName): null

2020-09-21 14:57:34 - [TEST_STEP][PASSED] - case "superUser":: null

2020-09-21 14:57:34 - [TEST_STEP][PASSED] - return null: null

2020-09-21 14:57:34 - [TEST_STEP][PASSED] - Start listener action : beforeTestCase: Call Test Case 'Test Cases/WEB-UI-TESTS/SysAdmin/SystemAdmin-Login' successfully

2020-09-21 14:57:34 - [TEST_STEP][PASSED] - profileName = getExecutionProfile(): null

2020-09-21 14:57:34 - [TEST_STEP][PASSED] - if (profileName.equalsIgnoreCase("SysAdmin")): Call Test Case 'Test Cases/WEB-UI-TESTS/SysAdmin/SystemAdmin-Login' successfully

2020-09-21 14:57:34 - [TEST_STEP][PASSED] - callTestCase(findTestCase("Test Cases/WEB-UI-TESTS/SysAdmin/SystemAdmin-Login"), null): Call Test Case 'Test Cases/WEB-UI-TESTS/SysAdmin/SystemAdmin-Login' successfully

2020-09-21 14:57:34 - [TEST_CASE][PASSED] - Test Cases/WEB-UI-TESTS/SysAdmin/SystemAdmin-Login: Test Cases/WEB-UI-TESTS/SysAdmin/SystemAdmin-Login

2020-09-21 14:57:34 - [TEST_STEP][PASSED] - openBrowser(URL): Browser is opened with url: 'https://fdr-katalon.cammis-mod-dev.dhcs.ca.gov'

2020-09-21 14:57:34 - [MESSAGE][INFO] - Starting 'Chrome' driver

2020-09-21 14:57:34 - [MESSAGE][INFO] - Action delay is set to 0 milliseconds

2020-09-21 14:57:38 - [MESSAGE][PASSED] - Browser is opened with url: 'https://fdr-katalon.cammis-mod-dev.dhcs.ca.gov'

2020-09-21 14:57:38 - [TEST_STEP][PASSED] - maximizeWindow(): Current window maximized

2020-09-21 14:57:40 - [MESSAGE][PASSED] - Current window maximized

2020-09-21 14:57:40 - [TEST_STEP][PASSED] - refresh(): Refresh successfully

2020-09-21 14:57:40 - [MESSAGE][PASSED] - Refresh successfully

2020-09-21 14:57:40 - [TEST_STEP][PASSED] - delay(2): Delayed 2 second(s)

2020-09-21 14:57:42 - [MESSAGE][PASSED] - Delayed 2 second(s)

2020-09-21 14:57:42 - [TEST_STEP][PASSED] - waitForElementPresent(findTestObject("FDR-System-Admin/SysAdmin-SignIn/adminEmail"), 5): Object 'Object Repository/FDR-System-Admin/SysAdmin-SignIn/adminEmail' is present

2020-09-21 14:57:43 - [MESSAGE][PASSED] - Object 'Object Repository/FDR-System-Admin/SysAdmin-SignIn/adminEmail' is present

2020-09-21 14:57:43 - [TEST_STEP][PASSED] - setText(findTestObject("FDR-System-Admin/SysAdmin-SignIn/adminEmail"), adminEmail): Text 'fdr.test10@dhcs.ca.gov
' is set on object 'Object Repository/FDR-System-Admin/SysAdmin-SignIn/adminEmail'

2020-09-21 14:57:43 - [MESSAGE][PASSED] - Text 'fdr.test10@dhcs.ca.gov
' is set on object 'Object Repository/FDR-System-Admin/SysAdmin-SignIn/adminEmail'

2020-09-21 14:57:43 - [TEST_STEP][PASSED] - waitForElementPresent(findTestObject("FDR-System-Admin/SysAdmin-SignIn/adminUserName"), 5): Object 'Object Repository/FDR-System-Admin/SysAdmin-SignIn/adminUserName' is present

2020-09-21 14:57:46 - [MESSAGE][PASSED] - Object 'Object Repository/FDR-System-Admin/SysAdmin-SignIn/adminUserName' is present

2020-09-21 14:57:46 - [TEST_STEP][PASSED] - setText(findTestObject("FDR-System-Admin/SysAdmin-SignIn/adminUserName"), UserName): Text 'fdr.test10@dhcs.ca.gov' is set on object 'Object Repository/FDR-System-Admin/SysAdmin-SignIn/adminUserName'

2020-09-21 14:57:47 - [MESSAGE][PASSED] - Text 'fdr.test10@dhcs.ca.gov' is set on object 'Object Repository/FDR-System-Admin/SysAdmin-SignIn/adminUserName'

2020-09-21 14:57:47 - [TEST_STEP][PASSED] - setText(findTestObject("FDR-System-Admin/SysAdmin-SignIn/adminPass"), Password): Text 'Password18' is set on object 'Object Repository/FDR-System-Admin/SysAdmin-SignIn/adminPass'

2020-09-21 14:57:47 - [MESSAGE][PASSED] - Text 'Password18' is set on object 'Object Repository/FDR-System-Admin/SysAdmin-SignIn/adminPass'

2020-09-21 14:57:47 - [TEST_STEP][PASSED] - click(findTestObject("FDR-System-Admin/SysAdmin-SignIn/adminSignIn")): Object: 'Object Repository/FDR-System-Admin/SysAdmin-SignIn/adminSignIn' is clicked on

2020-09-21 14:57:49 - [MESSAGE][PASSED] - Object: 'Object Repository/FDR-System-Admin/SysAdmin-SignIn/adminSignIn' is clicked on

2020-09-21 14:57:49 - [TEST_STEP][PASSED] - waitForElementPresent(findTestObject("Object Repository/FDR-System-Admin/SysAdmin-Dashboard/maintainReferenceDataBtn"), 3): Object 'Object Repository/FDR-System-Admin/SysAdmin-Dashboard/maintainReferenceDataBtn' is present

2020-09-21 14:57:51 - [MESSAGE][PASSED] - Object 'Object Repository/FDR-System-Admin/SysAdmin-Dashboard/maintainReferenceDataBtn' is present

2020-09-21 14:57:51 - [TEST_STEP][PASSED] - verifyElementPresent(findTestObject("Object Repository/FDR-System-Admin/SysAdmin-Dashboard/maintainReferenceDataBtn"), Timeout): Object 'Object Repository/FDR-System-Admin/SysAdmin-Dashboard/maintainReferenceDataBtn' is present

2020-09-21 14:57:51 - [MESSAGE][PASSED] - Object 'Object Repository/FDR-System-Admin/SysAdmin-Dashboard/maintainReferenceDataBtn' is present

2020-09-21 14:57:51 - [TEST_STEP][PASSED] - refresh(): Refresh successfully

2020-09-21 14:57:52 - [MESSAGE][PASSED] - Refresh successfully

2020-09-21 14:57:52 - [MESSAGE][PASSED] - Call Test Case 'Test Cases/WEB-UI-TESTS/SysAdmin/SystemAdmin-Login' successfully

2020-09-21 14:57:52 - [TEST_STEP][PASSED] - Start listener action : sampleBeforeTestCase: null

2020-09-21 14:57:52 - [TEST_STEP][PASSED] - profileName = getExecutionProfile(): null

2020-09-21 14:57:52 - [TEST_STEP][PASSED] - testCaseId = testCaseContext.getTestCaseId(): null

2020-09-21 14:57:52 - [TEST_STEP][PASSED] - switch (profileName): null

2020-09-21 14:57:52 - [TEST_STEP][PASSED] - Default: null

2020-09-21 14:57:52 - [TEST_STEP][PASSED] - return null: null

2020-09-21 14:57:52 - [TEST_STEP][PASSED] - Start listener action : executeRows: null

2020-09-21 14:57:52 - [TEST_STEP][PASSED] - waitForElementPresent(findTestObject("Object Repository/FDR-System-Admin/FDR-Calendar/FDR-Calendar-Dashboard/calendarBtn"), 3): Object 'Object Repository/FDR-System-Admin/FDR-Calendar/FDR-Calendar-Dashboard/calendarBtn' is present

2020-09-21 14:57:52 - [MESSAGE][PASSED] - Object 'Object Repository/FDR-System-Admin/FDR-Calendar/FDR-Calendar-Dashboard/calendarBtn' is present

2020-09-21 14:57:52 - [TEST_STEP][PASSED] - taskName = "Calendar": null

2020-09-21 14:57:52 - [TEST_STEP][PASSED] - verifyElementText(findTestObject("Object Repository/FDR-System-Admin/FDR-Calendar/FDR-Calendar-Dashboard/calendarBtnText"), taskName): Actual text and expected text of test object 'Object Repository/FDR-System-Admin/FDR-Calendar/FDR-Calendar-Dashboard/calendarBtnText' are matched.

2020-09-21 14:57:52 - [MESSAGE][PASSED] - Actual text and expected text of test object 'Object Repository/FDR-System-Admin/FDR-Calendar/FDR-Calendar-Dashboard/calendarBtnText' are matched.

2020-09-21 14:57:52 - [TEST_STEP][PASSED] - click(findTestObject("Object Repository/FDR-System-Admin/FDR-Calendar/FDR-Calendar-Dashboard/calendarBtn")): Object: 'Object Repository/FDR-System-Admin/FDR-Calendar/FDR-Calendar-Dashboard/calendarBtn' is clicked on

2020-09-21 14:57:53 - [MESSAGE][PASSED] - Object: 'Object Repository/FDR-System-Admin/FDR-Calendar/FDR-Calendar-Dashboard/calendarBtn' is clicked on

2020-09-21 14:57:53 - [TEST_STEP][PASSED] - click(findTestObject("Object Repository/FDR-System-Admin/FDR-Calendar/FDR-Calendar-Dashboard/calendarDataTypeDropdown")): Object: 'Object Repository/FDR-System-Admin/FDR-Calendar/FDR-Calendar-Dashboard/calendarDataTypeDropdown' is clicked on

2020-09-21 14:57:53 - [MESSAGE][PASSED] - Object: 'Object Repository/FDR-System-Admin/FDR-Calendar/FDR-Calendar-Dashboard/calendarDataTypeDropdown' is clicked on

2020-09-21 14:57:53 - [TEST_STEP][PASSED] - click(findTestObject("Object Repository/FDR-System-Admin/FDR-Calendar/FDR-Calendar-Dashboard/drawDateOption")): Object: 'Object Repository/FDR-System-Admin/FDR-Calendar/FDR-Calendar-Dashboard/drawDateOption' is clicked on

2020-09-21 14:57:54 - [MESSAGE][PASSED] - Object: 'Object Repository/FDR-System-Admin/FDR-Calendar/FDR-Calendar-Dashboard/drawDateOption' is clicked on

2020-09-21 14:57:54 - [TEST_STEP][PASSED] - click(findTestObject("Object Repository/FDR-System-Admin/FDR-Calendar/FDR-Calendar-Dashboard/calendarDropdown")): Object: 'Object Repository/FDR-System-Admin/FDR-Calendar/FDR-Calendar-Dashboard/calendarDropdown' is clicked on

2020-09-21 14:57:54 - [MESSAGE][PASSED] - Object: 'Object Repository/FDR-System-Admin/FDR-Calendar/FDR-Calendar-Dashboard/calendarDropdown' is clicked on

2020-09-21 14:57:54 - [TEST_STEP][PASSED] - click(findTestObject("Object Repository/FDR-System-Admin/FDR-Calendar/FDR-Calendar-Dashboard/federalFiscalYearOption")): Object: 'Object Repository/FDR-System-Admin/FDR-Calendar/FDR-Calendar-Dashboard/federalFiscalYearOption' is clicked on

2020-09-21 14:57:55 - [MESSAGE][PASSED] - Object: 'Object Repository/FDR-System-Admin/FDR-Calendar/FDR-Calendar-Dashboard/federalFiscalYearOption' is clicked on

2020-09-21 14:57:55 - [TEST_STEP][PASSED] - click(findTestObject("Object Repository/FDR-System-Admin/FDR-Calendar/FDR-Calendar-Dashboard/calendarDropdown")): Object: 'Object Repository/FDR-System-Admin/FDR-Calendar/FDR-Calendar-Dashboard/calendarDropdown' is clicked on

2020-09-21 14:57:55 - [MESSAGE][PASSED] - Object: 'Object Repository/FDR-System-Admin/FDR-Calendar/FDR-Calendar-Dashboard/calendarDropdown' is clicked on

2020-09-21 14:57:55 - [TEST_STEP][PASSED] - click(findTestObject("Object Repository/FDR-System-Admin/FDR-Calendar/FDR-Calendar-Dashboard/stateFiscalYearOption")): Object: 'Object Repository/FDR-System-Admin/FDR-Calendar/FDR-Calendar-Dashboard/stateFiscalYearOption' is clicked on

2020-09-21 14:57:56 - [MESSAGE][PASSED] - Object: 'Object Repository/FDR-System-Admin/FDR-Calendar/FDR-Calendar-Dashboard/stateFiscalYearOption' is clicked on

2020-09-21 14:57:56 - [TEST_STEP][PASSED] - Start listener action : sampleAfterTestCase: null

2020-09-21 14:57:56 - [TEST_STEP][PASSED] - profileName = getExecutionProfile(): null

2020-09-21 14:57:56 - [TEST_STEP][PASSED] - switch (profileName): null

2020-09-21 14:57:56 - [TEST_STEP][PASSED] - case "superUser":: null

2020-09-21 14:57:56 - [TEST_STEP][PASSED] - return null: null

2020-09-21 14:57:56 - [TEST_STEP][PASSED] - Start listener action : afterTestCase: Browser is closed

2020-09-21 14:57:56 - [TEST_STEP][PASSED] - profileName = getExecutionProfile(): null

2020-09-21 14:57:56 - [TEST_STEP][PASSED] - if (profileName.equalsIgnoreCase("SysAdmin")): Browser is closed

2020-09-21 14:57:56 - [TEST_STEP][PASSED] - closeBrowser(): Browser is closed

2020-09-21 14:57:56 - [MESSAGE][PASSED] - Browser is closed

2020-09-21 14:57:56 - [TEST_STEP][PASSED] - Start listener action : sampleAfterTestCase: null

2020-09-21 14:57:56 - [TEST_STEP][PASSED] - profileName = getExecutionProfile(): null

2020-09-21 14:57:56 - [TEST_STEP][PASSED] - switch (profileName): null

2020-09-21 14:57:56 - [TEST_STEP][PASSED] - Default: null

2020-09-21 14:57:56 - [TEST_STEP][PASSED] - return null: null

2020-09-21 14:57:56 - [TEST_STEP][PASSED] - Start listener action : addFailedTCToList: null]]></system-out>
         <system-err><![CDATA[]]></system-err>
      </testcase>
      <testcase name="Test Cases/WEB-UI-TESTS/SysAdmin/CalendarPage/FDR-Calendar-StateFiscalYear" time="29.135" classname="Test Cases/WEB-UI-TESTS/SysAdmin/CalendarPage/FDR-Calendar-StateFiscalYear" status="PASSED">
         <system-out><![CDATA[2020-09-21 14:57:56 - [TEST_CASE][PASSED] - Test Cases/WEB-UI-TESTS/SysAdmin/CalendarPage/FDR-Calendar-StateFiscalYear: Test Cases/WEB-UI-TESTS/SysAdmin/CalendarPage/FDR-Calendar-StateFiscalYear

2020-09-21 14:57:56 - [TEST_STEP][PASSED] - Start listener action : sampleBeforeTestCase: null

2020-09-21 14:57:56 - [TEST_STEP][PASSED] - profileName = getExecutionProfile(): null

2020-09-21 14:57:56 - [TEST_STEP][PASSED] - switch (profileName): null

2020-09-21 14:57:56 - [TEST_STEP][PASSED] - case "superUser":: null

2020-09-21 14:57:56 - [TEST_STEP][PASSED] - return null: null

2020-09-21 14:57:56 - [TEST_STEP][PASSED] - Start listener action : beforeTestCase: Call Test Case 'Test Cases/WEB-UI-TESTS/SysAdmin/SystemAdmin-Login' successfully

2020-09-21 14:57:56 - [TEST_STEP][PASSED] - profileName = getExecutionProfile(): null

2020-09-21 14:57:56 - [TEST_STEP][PASSED] - if (profileName.equalsIgnoreCase("SysAdmin")): Call Test Case 'Test Cases/WEB-UI-TESTS/SysAdmin/SystemAdmin-Login' successfully

2020-09-21 14:57:56 - [TEST_STEP][PASSED] - callTestCase(findTestCase("Test Cases/WEB-UI-TESTS/SysAdmin/SystemAdmin-Login"), null): Call Test Case 'Test Cases/WEB-UI-TESTS/SysAdmin/SystemAdmin-Login' successfully

2020-09-21 14:57:56 - [TEST_CASE][PASSED] - Test Cases/WEB-UI-TESTS/SysAdmin/SystemAdmin-Login: Test Cases/WEB-UI-TESTS/SysAdmin/SystemAdmin-Login

2020-09-21 14:57:56 - [TEST_STEP][PASSED] - openBrowser(URL): Browser is opened with url: 'https://fdr-katalon.cammis-mod-dev.dhcs.ca.gov'

2020-09-21 14:57:56 - [MESSAGE][INFO] - Starting 'Chrome' driver

2020-09-21 14:57:56 - [MESSAGE][INFO] - Action delay is set to 0 milliseconds

2020-09-21 14:58:01 - [MESSAGE][PASSED] - Browser is opened with url: 'https://fdr-katalon.cammis-mod-dev.dhcs.ca.gov'

2020-09-21 14:58:01 - [TEST_STEP][PASSED] - maximizeWindow(): Current window maximized

2020-09-21 14:58:03 - [MESSAGE][PASSED] - Current window maximized

2020-09-21 14:58:03 - [TEST_STEP][PASSED] - refresh(): Refresh successfully

2020-09-21 14:58:03 - [MESSAGE][PASSED] - Refresh successfully

2020-09-21 14:58:03 - [TEST_STEP][PASSED] - delay(2): Delayed 2 second(s)

2020-09-21 14:58:05 - [MESSAGE][PASSED] - Delayed 2 second(s)

2020-09-21 14:58:05 - [TEST_STEP][PASSED] - waitForElementPresent(findTestObject("FDR-System-Admin/SysAdmin-SignIn/adminEmail"), 5): Object 'Object Repository/FDR-System-Admin/SysAdmin-SignIn/adminEmail' is present

2020-09-21 14:58:06 - [MESSAGE][PASSED] - Object 'Object Repository/FDR-System-Admin/SysAdmin-SignIn/adminEmail' is present

2020-09-21 14:58:06 - [TEST_STEP][PASSED] - setText(findTestObject("FDR-System-Admin/SysAdmin-SignIn/adminEmail"), adminEmail): Text 'fdr.test10@dhcs.ca.gov
' is set on object 'Object Repository/FDR-System-Admin/SysAdmin-SignIn/adminEmail'

2020-09-21 14:58:06 - [MESSAGE][PASSED] - Text 'fdr.test10@dhcs.ca.gov
' is set on object 'Object Repository/FDR-System-Admin/SysAdmin-SignIn/adminEmail'

2020-09-21 14:58:06 - [TEST_STEP][PASSED] - waitForElementPresent(findTestObject("FDR-System-Admin/SysAdmin-SignIn/adminUserName"), 5): Object 'Object Repository/FDR-System-Admin/SysAdmin-SignIn/adminUserName' is present

2020-09-21 14:58:09 - [MESSAGE][PASSED] - Object 'Object Repository/FDR-System-Admin/SysAdmin-SignIn/adminUserName' is present

2020-09-21 14:58:09 - [TEST_STEP][PASSED] - setText(findTestObject("FDR-System-Admin/SysAdmin-SignIn/adminUserName"), UserName): Text 'fdr.test10@dhcs.ca.gov' is set on object 'Object Repository/FDR-System-Admin/SysAdmin-SignIn/adminUserName'

2020-09-21 14:58:10 - [MESSAGE][PASSED] - Text 'fdr.test10@dhcs.ca.gov' is set on object 'Object Repository/FDR-System-Admin/SysAdmin-SignIn/adminUserName'

2020-09-21 14:58:10 - [TEST_STEP][PASSED] - setText(findTestObject("FDR-System-Admin/SysAdmin-SignIn/adminPass"), Password): Text 'Password18' is set on object 'Object Repository/FDR-System-Admin/SysAdmin-SignIn/adminPass'

2020-09-21 14:58:10 - [MESSAGE][PASSED] - Text 'Password18' is set on object 'Object Repository/FDR-System-Admin/SysAdmin-SignIn/adminPass'

2020-09-21 14:58:10 - [TEST_STEP][PASSED] - click(findTestObject("FDR-System-Admin/SysAdmin-SignIn/adminSignIn")): Object: 'Object Repository/FDR-System-Admin/SysAdmin-SignIn/adminSignIn' is clicked on

2020-09-21 14:58:12 - [MESSAGE][PASSED] - Object: 'Object Repository/FDR-System-Admin/SysAdmin-SignIn/adminSignIn' is clicked on

2020-09-21 14:58:12 - [TEST_STEP][PASSED] - waitForElementPresent(findTestObject("Object Repository/FDR-System-Admin/SysAdmin-Dashboard/maintainReferenceDataBtn"), 3): Object 'Object Repository/FDR-System-Admin/SysAdmin-Dashboard/maintainReferenceDataBtn' is present

2020-09-21 14:58:14 - [MESSAGE][PASSED] - Object 'Object Repository/FDR-System-Admin/SysAdmin-Dashboard/maintainReferenceDataBtn' is present

2020-09-21 14:58:14 - [TEST_STEP][PASSED] - verifyElementPresent(findTestObject("Object Repository/FDR-System-Admin/SysAdmin-Dashboard/maintainReferenceDataBtn"), Timeout): Object 'Object Repository/FDR-System-Admin/SysAdmin-Dashboard/maintainReferenceDataBtn' is present

2020-09-21 14:58:14 - [MESSAGE][PASSED] - Object 'Object Repository/FDR-System-Admin/SysAdmin-Dashboard/maintainReferenceDataBtn' is present

2020-09-21 14:58:14 - [TEST_STEP][PASSED] - refresh(): Refresh successfully

2020-09-21 14:58:15 - [MESSAGE][PASSED] - Refresh successfully

2020-09-21 14:58:15 - [MESSAGE][PASSED] - Call Test Case 'Test Cases/WEB-UI-TESTS/SysAdmin/SystemAdmin-Login' successfully

2020-09-21 14:58:15 - [TEST_STEP][PASSED] - Start listener action : sampleBeforeTestCase: null

2020-09-21 14:58:15 - [TEST_STEP][PASSED] - profileName = getExecutionProfile(): null

2020-09-21 14:58:15 - [TEST_STEP][PASSED] - testCaseId = testCaseContext.getTestCaseId(): null

2020-09-21 14:58:15 - [TEST_STEP][PASSED] - switch (profileName): null

2020-09-21 14:58:15 - [TEST_STEP][PASSED] - Default: null

2020-09-21 14:58:15 - [TEST_STEP][PASSED] - return null: null

2020-09-21 14:58:15 - [TEST_STEP][PASSED] - Start listener action : executeRows: null

2020-09-21 14:58:15 - [TEST_STEP][PASSED] - waitForElementPresent(findTestObject("Object Repository/FDR-System-Admin/FDR-Calendar/FDR-Calendar-Dashboard/calendarBtn"), 3): Object 'Object Repository/FDR-System-Admin/FDR-Calendar/FDR-Calendar-Dashboard/calendarBtn' is present

2020-09-21 14:58:15 - [MESSAGE][PASSED] - Object 'Object Repository/FDR-System-Admin/FDR-Calendar/FDR-Calendar-Dashboard/calendarBtn' is present

2020-09-21 14:58:15 - [TEST_STEP][PASSED] - taskName = "Calendar": null

2020-09-21 14:58:15 - [TEST_STEP][PASSED] - verifyElementText(findTestObject("Object Repository/FDR-System-Admin/FDR-Calendar/FDR-Calendar-Dashboard/calendarBtnText"), taskName): Actual text and expected text of test object 'Object Repository/FDR-System-Admin/FDR-Calendar/FDR-Calendar-Dashboard/calendarBtnText' are matched.

2020-09-21 14:58:15 - [MESSAGE][PASSED] - Actual text and expected text of test object 'Object Repository/FDR-System-Admin/FDR-Calendar/FDR-Calendar-Dashboard/calendarBtnText' are matched.

2020-09-21 14:58:15 - [TEST_STEP][PASSED] - click(findTestObject("Object Repository/FDR-System-Admin/FDR-Calendar/FDR-Calendar-Dashboard/calendarBtn")): Object: 'Object Repository/FDR-System-Admin/FDR-Calendar/FDR-Calendar-Dashboard/calendarBtn' is clicked on

2020-09-21 14:58:16 - [MESSAGE][PASSED] - Object: 'Object Repository/FDR-System-Admin/FDR-Calendar/FDR-Calendar-Dashboard/calendarBtn' is clicked on

2020-09-21 14:58:16 - [TEST_STEP][PASSED] - setText(findTestObject("Object Repository/FDR-System-Admin/FDR-Calendar/FDR-Calendar-Dashboard/calendarDataTypeDropdown"), ""): Text '' is set on object 'Object Repository/FDR-System-Admin/FDR-Calendar/FDR-Calendar-Dashboard/calendarDataTypeDropdown'

2020-09-21 14:58:16 - [MESSAGE][PASSED] - Text '' is set on object 'Object Repository/FDR-System-Admin/FDR-Calendar/FDR-Calendar-Dashboard/calendarDataTypeDropdown'

2020-09-21 14:58:16 - [TEST_STEP][PASSED] - click(findTestObject("Object Repository/FDR-System-Admin/FDR-Calendar/FDR-Calendar-Dashboard/calendarDropdown")): Object: 'Object Repository/FDR-System-Admin/FDR-Calendar/FDR-Calendar-Dashboard/calendarDropdown' is clicked on

2020-09-21 14:58:17 - [MESSAGE][PASSED] - Object: 'Object Repository/FDR-System-Admin/FDR-Calendar/FDR-Calendar-Dashboard/calendarDropdown' is clicked on

2020-09-21 14:58:17 - [TEST_STEP][PASSED] - click(findTestObject("Object Repository/FDR-System-Admin/FDR-Calendar/FDR-Calendar-Dashboard/stateFiscalYearOption")): Object: 'Object Repository/FDR-System-Admin/FDR-Calendar/FDR-Calendar-Dashboard/stateFiscalYearOption' is clicked on

2020-09-21 14:58:17 - [MESSAGE][PASSED] - Object: 'Object Repository/FDR-System-Admin/FDR-Calendar/FDR-Calendar-Dashboard/stateFiscalYearOption' is clicked on

2020-09-21 14:58:17 - [TEST_STEP][PASSED] - waitForElementPresent(findTestObject("Object Repository/FDR-System-Admin/FDR-Calendar/FDR-Calendar-StateFiscalYear/gridViewFiscalYearLabel"), 3): Object 'Object Repository/FDR-System-Admin/FDR-Calendar/FDR-Calendar-StateFiscalYear/gridViewFiscalYearLabel' is present

2020-09-21 14:58:18 - [MESSAGE][PASSED] - Object 'Object Repository/FDR-System-Admin/FDR-Calendar/FDR-Calendar-StateFiscalYear/gridViewFiscalYearLabel' is present

2020-09-21 14:58:18 - [TEST_STEP][PASSED] - stateFiscalYearLabel = "Fiscal Year": null

2020-09-21 14:58:18 - [TEST_STEP][PASSED] - verifyElementText(findTestObject("Object Repository/FDR-System-Admin/FDR-Calendar/FDR-Calendar-StateFiscalYear/gridViewFiscalYearLabel"), stateFiscalYearLabel): Actual text and expected text of test object 'Object Repository/FDR-System-Admin/FDR-Calendar/FDR-Calendar-StateFiscalYear/gridViewFiscalYearLabel' are matched.

2020-09-21 14:58:18 - [MESSAGE][PASSED] - Actual text and expected text of test object 'Object Repository/FDR-System-Admin/FDR-Calendar/FDR-Calendar-StateFiscalYear/gridViewFiscalYearLabel' are matched.

2020-09-21 14:58:18 - [TEST_STEP][PASSED] - navigateToUrl("https://fdr-katalon.cammis-mod-dev.dhcs.ca.gov/admin/calendar/state/2020"): Navigate to 'https://fdr-katalon.cammis-mod-dev.dhcs.ca.gov/admin/calendar/state/2020' successfully

2020-09-21 14:58:19 - [MESSAGE][PASSED] - Navigate to 'https://fdr-katalon.cammis-mod-dev.dhcs.ca.gov/admin/calendar/state/2020' successfully

2020-09-21 14:58:19 - [TEST_STEP][PASSED] - waitForElementPresent(findTestObject("Object Repository/FDR-System-Admin/FDR-Calendar/FDR-Calendar-StateFiscalYear/stateFiscalYearHeader"), 3): Object 'Object Repository/FDR-System-Admin/FDR-Calendar/FDR-Calendar-StateFiscalYear/stateFiscalYearHeader' is not present after 3 second(s)

2020-09-21 14:58:23 - [MESSAGE][INFO] - Unable to find the element located by 'By.xpath: //*[@id="wrapper"]/main/div/div/div/div/main/div/div[2]/div/div/div[1]/div/div/div/h2'. Please recheck the objects properties to make sure the desired element is located. 

2020-09-21 14:58:23 - [MESSAGE][WARNING] - Object 'Object Repository/FDR-System-Admin/FDR-Calendar/FDR-Calendar-StateFiscalYear/stateFiscalYearHeader' is not present after 3 second(s)

2020-09-21 14:58:23 - [TEST_STEP][PASSED] - navigateToUrl("https://fdr-katalon.cammis-mod-dev.dhcs.ca.gov/admin/calendar/state/2020"): Navigate to 'https://fdr-katalon.cammis-mod-dev.dhcs.ca.gov/admin/calendar/state/2020' successfully

2020-09-21 14:58:23 - [MESSAGE][PASSED] - Navigate to 'https://fdr-katalon.cammis-mod-dev.dhcs.ca.gov/admin/calendar/state/2020' successfully

2020-09-21 14:58:23 - [TEST_STEP][PASSED] - waitForElementPresent(findTestObject("Object Repository/FDR-System-Admin/FDR-Calendar/FDR-Calendar-StateFiscalYear/quarter1-Header"), 3): Object 'Object Repository/FDR-System-Admin/FDR-Calendar/FDR-Calendar-StateFiscalYear/quarter1-Header' is present

2020-09-21 14:58:24 - [MESSAGE][PASSED] - Object 'Object Repository/FDR-System-Admin/FDR-Calendar/FDR-Calendar-StateFiscalYear/quarter1-Header' is present

2020-09-21 14:58:24 - [TEST_STEP][PASSED] - quarter1 = "Quarter 1": null

2020-09-21 14:58:24 - [TEST_STEP][PASSED] - verifyElementText(findTestObject("Object Repository/FDR-System-Admin/FDR-Calendar/FDR-Calendar-StateFiscalYear/quarter1-Header"), quarter1): Actual text and expected text of test object 'Object Repository/FDR-System-Admin/FDR-Calendar/FDR-Calendar-StateFiscalYear/quarter1-Header' are matched.

2020-09-21 14:58:24 - [MESSAGE][PASSED] - Actual text and expected text of test object 'Object Repository/FDR-System-Admin/FDR-Calendar/FDR-Calendar-StateFiscalYear/quarter1-Header' are matched.

2020-09-21 14:58:24 - [TEST_STEP][PASSED] - quarter2 = "Quarter 2": null

2020-09-21 14:58:24 - [TEST_STEP][PASSED] - verifyElementText(findTestObject("Object Repository/FDR-System-Admin/FDR-Calendar/FDR-Calendar-StateFiscalYear/quarter2-header"), quarter2): Actual text and expected text of test object 'Object Repository/FDR-System-Admin/FDR-Calendar/FDR-Calendar-StateFiscalYear/quarter2-header' are matched.

2020-09-21 14:58:24 - [MESSAGE][PASSED] - Actual text and expected text of test object 'Object Repository/FDR-System-Admin/FDR-Calendar/FDR-Calendar-StateFiscalYear/quarter2-header' are matched.

2020-09-21 14:58:24 - [TEST_STEP][PASSED] - quarter3 = "Quarter 3": null

2020-09-21 14:58:24 - [TEST_STEP][PASSED] - verifyElementText(findTestObject("Object Repository/FDR-System-Admin/FDR-Calendar/FDR-Calendar-StateFiscalYear/quarter3-Header"), quarter3): Actual text and expected text of test object 'Object Repository/FDR-System-Admin/FDR-Calendar/FDR-Calendar-StateFiscalYear/quarter3-Header' are matched.

2020-09-21 14:58:25 - [MESSAGE][PASSED] - Actual text and expected text of test object 'Object Repository/FDR-System-Admin/FDR-Calendar/FDR-Calendar-StateFiscalYear/quarter3-Header' are matched.

2020-09-21 14:58:25 - [TEST_STEP][PASSED] - quarter4 = "Quarter 4": null

2020-09-21 14:58:25 - [TEST_STEP][PASSED] - verifyElementText(findTestObject("Object Repository/FDR-System-Admin/FDR-Calendar/FDR-Calendar-StateFiscalYear/quarter4-Header"), quarter4): Actual text and expected text of test object 'Object Repository/FDR-System-Admin/FDR-Calendar/FDR-Calendar-StateFiscalYear/quarter4-Header' are matched.

2020-09-21 14:58:25 - [MESSAGE][PASSED] - Actual text and expected text of test object 'Object Repository/FDR-System-Admin/FDR-Calendar/FDR-Calendar-StateFiscalYear/quarter4-Header' are matched.

2020-09-21 14:58:25 - [TEST_STEP][PASSED] - Start listener action : sampleAfterTestCase: null

2020-09-21 14:58:25 - [TEST_STEP][PASSED] - profileName = getExecutionProfile(): null

2020-09-21 14:58:25 - [TEST_STEP][PASSED] - switch (profileName): null

2020-09-21 14:58:25 - [TEST_STEP][PASSED] - case "superUser":: null

2020-09-21 14:58:25 - [TEST_STEP][PASSED] - return null: null

2020-09-21 14:58:25 - [TEST_STEP][PASSED] - Start listener action : afterTestCase: Browser is closed

2020-09-21 14:58:25 - [TEST_STEP][PASSED] - profileName = getExecutionProfile(): null

2020-09-21 14:58:25 - [TEST_STEP][PASSED] - if (profileName.equalsIgnoreCase("SysAdmin")): Browser is closed

2020-09-21 14:58:25 - [TEST_STEP][PASSED] - closeBrowser(): Browser is closed

2020-09-21 14:58:25 - [MESSAGE][PASSED] - Browser is closed

2020-09-21 14:58:25 - [TEST_STEP][PASSED] - Start listener action : sampleAfterTestCase: null

2020-09-21 14:58:25 - [TEST_STEP][PASSED] - profileName = getExecutionProfile(): null

2020-09-21 14:58:25 - [TEST_STEP][PASSED] - switch (profileName): null

2020-09-21 14:58:25 - [TEST_STEP][PASSED] - Default: null

2020-09-21 14:58:25 - [TEST_STEP][PASSED] - return null: null

2020-09-21 14:58:25 - [TEST_STEP][PASSED] - Start listener action : addFailedTCToList: null]]></system-out>
         <system-err><![CDATA[]]></system-err>
      </testcase>
      <testcase name="Test Cases/WEB-UI-TESTS/SysAdmin/CalendarPage/FDR-Calendar-FederalFiscalYear" time="23.8" classname="Test Cases/WEB-UI-TESTS/SysAdmin/CalendarPage/FDR-Calendar-FederalFiscalYear" status="PASSED">
         <system-out><![CDATA[2020-09-21 14:58:25 - [TEST_CASE][PASSED] - Test Cases/WEB-UI-TESTS/SysAdmin/CalendarPage/FDR-Calendar-FederalFiscalYear: Test Cases/WEB-UI-TESTS/SysAdmin/CalendarPage/FDR-Calendar-FederalFiscalYear

2020-09-21 14:58:25 - [TEST_STEP][PASSED] - Start listener action : sampleBeforeTestCase: null

2020-09-21 14:58:25 - [TEST_STEP][PASSED] - profileName = getExecutionProfile(): null

2020-09-21 14:58:25 - [TEST_STEP][PASSED] - switch (profileName): null

2020-09-21 14:58:25 - [TEST_STEP][PASSED] - case "superUser":: null

2020-09-21 14:58:25 - [TEST_STEP][PASSED] - return null: null

2020-09-21 14:58:25 - [TEST_STEP][PASSED] - Start listener action : beforeTestCase: Call Test Case 'Test Cases/WEB-UI-TESTS/SysAdmin/SystemAdmin-Login' successfully

2020-09-21 14:58:25 - [TEST_STEP][PASSED] - profileName = getExecutionProfile(): null

2020-09-21 14:58:25 - [TEST_STEP][PASSED] - if (profileName.equalsIgnoreCase("SysAdmin")): Call Test Case 'Test Cases/WEB-UI-TESTS/SysAdmin/SystemAdmin-Login' successfully

2020-09-21 14:58:25 - [TEST_STEP][PASSED] - callTestCase(findTestCase("Test Cases/WEB-UI-TESTS/SysAdmin/SystemAdmin-Login"), null): Call Test Case 'Test Cases/WEB-UI-TESTS/SysAdmin/SystemAdmin-Login' successfully

2020-09-21 14:58:25 - [TEST_CASE][PASSED] - Test Cases/WEB-UI-TESTS/SysAdmin/SystemAdmin-Login: Test Cases/WEB-UI-TESTS/SysAdmin/SystemAdmin-Login

2020-09-21 14:58:25 - [TEST_STEP][PASSED] - openBrowser(URL): Browser is opened with url: 'https://fdr-katalon.cammis-mod-dev.dhcs.ca.gov'

2020-09-21 14:58:25 - [MESSAGE][INFO] - Starting 'Chrome' driver

2020-09-21 14:58:25 - [MESSAGE][INFO] - Action delay is set to 0 milliseconds

2020-09-21 14:58:29 - [MESSAGE][PASSED] - Browser is opened with url: 'https://fdr-katalon.cammis-mod-dev.dhcs.ca.gov'

2020-09-21 14:58:29 - [TEST_STEP][PASSED] - maximizeWindow(): Current window maximized

2020-09-21 14:58:32 - [MESSAGE][PASSED] - Current window maximized

2020-09-21 14:58:32 - [TEST_STEP][PASSED] - refresh(): Refresh successfully

2020-09-21 14:58:32 - [MESSAGE][PASSED] - Refresh successfully

2020-09-21 14:58:32 - [TEST_STEP][PASSED] - delay(2): Delayed 2 second(s)

2020-09-21 14:58:34 - [MESSAGE][PASSED] - Delayed 2 second(s)

2020-09-21 14:58:34 - [TEST_STEP][PASSED] - waitForElementPresent(findTestObject("FDR-System-Admin/SysAdmin-SignIn/adminEmail"), 5): Object 'Object Repository/FDR-System-Admin/SysAdmin-SignIn/adminEmail' is present

2020-09-21 14:58:34 - [MESSAGE][PASSED] - Object 'Object Repository/FDR-System-Admin/SysAdmin-SignIn/adminEmail' is present

2020-09-21 14:58:34 - [TEST_STEP][PASSED] - setText(findTestObject("FDR-System-Admin/SysAdmin-SignIn/adminEmail"), adminEmail): Text 'fdr.test10@dhcs.ca.gov
' is set on object 'Object Repository/FDR-System-Admin/SysAdmin-SignIn/adminEmail'

2020-09-21 14:58:35 - [MESSAGE][PASSED] - Text 'fdr.test10@dhcs.ca.gov
' is set on object 'Object Repository/FDR-System-Admin/SysAdmin-SignIn/adminEmail'

2020-09-21 14:58:35 - [TEST_STEP][PASSED] - waitForElementPresent(findTestObject("FDR-System-Admin/SysAdmin-SignIn/adminUserName"), 5): Object 'Object Repository/FDR-System-Admin/SysAdmin-SignIn/adminUserName' is present

2020-09-21 14:58:37 - [MESSAGE][PASSED] - Object 'Object Repository/FDR-System-Admin/SysAdmin-SignIn/adminUserName' is present

2020-09-21 14:58:37 - [TEST_STEP][PASSED] - setText(findTestObject("FDR-System-Admin/SysAdmin-SignIn/adminUserName"), UserName): Text 'fdr.test10@dhcs.ca.gov' is set on object 'Object Repository/FDR-System-Admin/SysAdmin-SignIn/adminUserName'

2020-09-21 14:58:38 - [MESSAGE][PASSED] - Text 'fdr.test10@dhcs.ca.gov' is set on object 'Object Repository/FDR-System-Admin/SysAdmin-SignIn/adminUserName'

2020-09-21 14:58:38 - [TEST_STEP][PASSED] - setText(findTestObject("FDR-System-Admin/SysAdmin-SignIn/adminPass"), Password): Text 'Password18' is set on object 'Object Repository/FDR-System-Admin/SysAdmin-SignIn/adminPass'

2020-09-21 14:58:39 - [MESSAGE][PASSED] - Text 'Password18' is set on object 'Object Repository/FDR-System-Admin/SysAdmin-SignIn/adminPass'

2020-09-21 14:58:39 - [TEST_STEP][PASSED] - click(findTestObject("FDR-System-Admin/SysAdmin-SignIn/adminSignIn")): Object: 'Object Repository/FDR-System-Admin/SysAdmin-SignIn/adminSignIn' is clicked on

2020-09-21 14:58:40 - [MESSAGE][PASSED] - Object: 'Object Repository/FDR-System-Admin/SysAdmin-SignIn/adminSignIn' is clicked on

2020-09-21 14:58:40 - [TEST_STEP][PASSED] - waitForElementPresent(findTestObject("Object Repository/FDR-System-Admin/SysAdmin-Dashboard/maintainReferenceDataBtn"), 3): Object 'Object Repository/FDR-System-Admin/SysAdmin-Dashboard/maintainReferenceDataBtn' is present

2020-09-21 14:58:42 - [MESSAGE][PASSED] - Object 'Object Repository/FDR-System-Admin/SysAdmin-Dashboard/maintainReferenceDataBtn' is present

2020-09-21 14:58:42 - [TEST_STEP][PASSED] - verifyElementPresent(findTestObject("Object Repository/FDR-System-Admin/SysAdmin-Dashboard/maintainReferenceDataBtn"), Timeout): Object 'Object Repository/FDR-System-Admin/SysAdmin-Dashboard/maintainReferenceDataBtn' is present

2020-09-21 14:58:42 - [MESSAGE][PASSED] - Object 'Object Repository/FDR-System-Admin/SysAdmin-Dashboard/maintainReferenceDataBtn' is present

2020-09-21 14:58:42 - [TEST_STEP][PASSED] - refresh(): Refresh successfully

2020-09-21 14:58:43 - [MESSAGE][PASSED] - Refresh successfully

2020-09-21 14:58:43 - [MESSAGE][PASSED] - Call Test Case 'Test Cases/WEB-UI-TESTS/SysAdmin/SystemAdmin-Login' successfully

2020-09-21 14:58:43 - [TEST_STEP][PASSED] - Start listener action : sampleBeforeTestCase: null

2020-09-21 14:58:43 - [TEST_STEP][PASSED] - profileName = getExecutionProfile(): null

2020-09-21 14:58:43 - [TEST_STEP][PASSED] - testCaseId = testCaseContext.getTestCaseId(): null

2020-09-21 14:58:43 - [TEST_STEP][PASSED] - switch (profileName): null

2020-09-21 14:58:43 - [TEST_STEP][PASSED] - Default: null

2020-09-21 14:58:43 - [TEST_STEP][PASSED] - return null: null

2020-09-21 14:58:43 - [TEST_STEP][PASSED] - Start listener action : executeRows: null

2020-09-21 14:58:43 - [TEST_STEP][PASSED] - waitForElementPresent(findTestObject("Object Repository/FDR-System-Admin/FDR-Calendar/FDR-Calendar-Dashboard/calendarBtn"), 3): Object 'Object Repository/FDR-System-Admin/FDR-Calendar/FDR-Calendar-Dashboard/calendarBtn' is present

2020-09-21 14:58:43 - [MESSAGE][PASSED] - Object 'Object Repository/FDR-System-Admin/FDR-Calendar/FDR-Calendar-Dashboard/calendarBtn' is present

2020-09-21 14:58:43 - [TEST_STEP][PASSED] - taskName = "Calendar": null

2020-09-21 14:58:43 - [TEST_STEP][PASSED] - verifyElementText(findTestObject("Object Repository/FDR-System-Admin/FDR-Calendar/FDR-Calendar-Dashboard/calendarBtnText"), taskName): Actual text and expected text of test object 'Object Repository/FDR-System-Admin/FDR-Calendar/FDR-Calendar-Dashboard/calendarBtnText' are matched.

2020-09-21 14:58:44 - [MESSAGE][PASSED] - Actual text and expected text of test object 'Object Repository/FDR-System-Admin/FDR-Calendar/FDR-Calendar-Dashboard/calendarBtnText' are matched.

2020-09-21 14:58:44 - [TEST_STEP][PASSED] - click(findTestObject("Object Repository/FDR-System-Admin/FDR-Calendar/FDR-Calendar-Dashboard/calendarBtn")): Object: 'Object Repository/FDR-System-Admin/FDR-Calendar/FDR-Calendar-Dashboard/calendarBtn' is clicked on

2020-09-21 14:58:44 - [MESSAGE][PASSED] - Object: 'Object Repository/FDR-System-Admin/FDR-Calendar/FDR-Calendar-Dashboard/calendarBtn' is clicked on

2020-09-21 14:58:44 - [TEST_STEP][PASSED] - click(findTestObject("Object Repository/FDR-System-Admin/FDR-Calendar/FDR-Calendar-Dashboard/calendarDataTypeDropdown")): Object: 'Object Repository/FDR-System-Admin/FDR-Calendar/FDR-Calendar-Dashboard/calendarDataTypeDropdown' is clicked on

2020-09-21 14:58:44 - [MESSAGE][PASSED] - Object: 'Object Repository/FDR-System-Admin/FDR-Calendar/FDR-Calendar-Dashboard/calendarDataTypeDropdown' is clicked on

2020-09-21 14:58:44 - [TEST_STEP][PASSED] - setText(findTestObject("Object Repository/FDR-System-Admin/FDR-Calendar/FDR-Calendar-Dashboard/calendarDataTypeDropdown"), ""): Text '' is set on object 'Object Repository/FDR-System-Admin/FDR-Calendar/FDR-Calendar-Dashboard/calendarDataTypeDropdown'

2020-09-21 14:58:45 - [MESSAGE][PASSED] - Text '' is set on object 'Object Repository/FDR-System-Admin/FDR-Calendar/FDR-Calendar-Dashboard/calendarDataTypeDropdown'

2020-09-21 14:58:45 - [TEST_STEP][PASSED] - click(findTestObject("Object Repository/FDR-System-Admin/FDR-Calendar/FDR-Calendar-Dashboard/federalFiscalYearOption")): Object: 'Object Repository/FDR-System-Admin/FDR-Calendar/FDR-Calendar-Dashboard/federalFiscalYearOption' is clicked on

2020-09-21 14:58:46 - [MESSAGE][PASSED] - Object: 'Object Repository/FDR-System-Admin/FDR-Calendar/FDR-Calendar-Dashboard/federalFiscalYearOption' is clicked on

2020-09-21 14:58:46 - [TEST_STEP][PASSED] - waitForElementPresent(findTestObject("Object Repository/FDR-System-Admin/FDR-Calendar/FDR-Calendar-FederalFiscalYear/gridViewFiscalYearLabel"), 3): Object 'Object Repository/FDR-System-Admin/FDR-Calendar/FDR-Calendar-FederalFiscalYear/gridViewFiscalYearLabel' is present

2020-09-21 14:58:46 - [MESSAGE][PASSED] - Object 'Object Repository/FDR-System-Admin/FDR-Calendar/FDR-Calendar-FederalFiscalYear/gridViewFiscalYearLabel' is present

2020-09-21 14:58:46 - [TEST_STEP][PASSED] - fiscalYear = "Fiscal Year": null

2020-09-21 14:58:46 - [TEST_STEP][PASSED] - verifyElementText(findTestObject("Object Repository/FDR-System-Admin/FDR-Calendar/FDR-Calendar-FederalFiscalYear/gridViewFiscalYearLabel"), fiscalYear): Actual text and expected text of test object 'Object Repository/FDR-System-Admin/FDR-Calendar/FDR-Calendar-FederalFiscalYear/gridViewFiscalYearLabel' are matched.

2020-09-21 14:58:46 - [MESSAGE][PASSED] - Actual text and expected text of test object 'Object Repository/FDR-System-Admin/FDR-Calendar/FDR-Calendar-FederalFiscalYear/gridViewFiscalYearLabel' are matched.

2020-09-21 14:58:46 - [TEST_STEP][PASSED] - navigateToUrl("https://fdr-katalon.cammis-mod-dev.dhcs.ca.gov/admin/calendar/federal/2020"): Navigate to 'https://fdr-katalon.cammis-mod-dev.dhcs.ca.gov/admin/calendar/federal/2020' successfully

2020-09-21 14:58:47 - [MESSAGE][PASSED] - Navigate to 'https://fdr-katalon.cammis-mod-dev.dhcs.ca.gov/admin/calendar/federal/2020' successfully

2020-09-21 14:58:47 - [TEST_STEP][PASSED] - waitForElementPresent(findTestObject("Object Repository/FDR-System-Admin/FDR-Calendar/FDR-Calendar-FederalFiscalYear/federalFiscalYearHeader"), 3): Object 'Object Repository/FDR-System-Admin/FDR-Calendar/FDR-Calendar-FederalFiscalYear/federalFiscalYearHeader' is present

2020-09-21 14:58:47 - [MESSAGE][PASSED] - Object 'Object Repository/FDR-System-Admin/FDR-Calendar/FDR-Calendar-FederalFiscalYear/federalFiscalYearHeader' is present

2020-09-21 14:58:47 - [TEST_STEP][PASSED] - navigateToUrl("https://fdr-katalon.cammis-mod-dev.dhcs.ca.gov/admin/calendar/state/2020"): Navigate to 'https://fdr-katalon.cammis-mod-dev.dhcs.ca.gov/admin/calendar/state/2020' successfully

2020-09-21 14:58:48 - [MESSAGE][PASSED] - Navigate to 'https://fdr-katalon.cammis-mod-dev.dhcs.ca.gov/admin/calendar/state/2020' successfully

2020-09-21 14:58:48 - [TEST_STEP][PASSED] - quarter1 = "Quarter 1": null

2020-09-21 14:58:48 - [TEST_STEP][PASSED] - verifyElementText(findTestObject("Object Repository/FDR-System-Admin/FDR-Calendar/FDR-Calendar-FederalFiscalYear/quarter1-Header"), quarter1): Actual text and expected text of test object 'Object Repository/FDR-System-Admin/FDR-Calendar/FDR-Calendar-FederalFiscalYear/quarter1-Header' are matched.

2020-09-21 14:58:48 - [MESSAGE][PASSED] - Actual text and expected text of test object 'Object Repository/FDR-System-Admin/FDR-Calendar/FDR-Calendar-FederalFiscalYear/quarter1-Header' are matched.

2020-09-21 14:58:48 - [TEST_STEP][PASSED] - quarter2 = "Quarter 2": null

2020-09-21 14:58:48 - [TEST_STEP][PASSED] - verifyElementText(findTestObject("Object Repository/FDR-System-Admin/FDR-Calendar/FDR-Calendar-FederalFiscalYear/quarter2-Header"), quarter2): Actual text and expected text of test object 'Object Repository/FDR-System-Admin/FDR-Calendar/FDR-Calendar-FederalFiscalYear/quarter2-Header' are matched.

2020-09-21 14:58:48 - [MESSAGE][PASSED] - Actual text and expected text of test object 'Object Repository/FDR-System-Admin/FDR-Calendar/FDR-Calendar-FederalFiscalYear/quarter2-Header' are matched.

2020-09-21 14:58:48 - [TEST_STEP][PASSED] - quarter3 = "Quarter 3": null

2020-09-21 14:58:48 - [TEST_STEP][PASSED] - verifyElementText(findTestObject("Object Repository/FDR-System-Admin/FDR-Calendar/FDR-Calendar-FederalFiscalYear/quarter3-Header"), quarter3): Actual text and expected text of test object 'Object Repository/FDR-System-Admin/FDR-Calendar/FDR-Calendar-FederalFiscalYear/quarter3-Header' are matched.

2020-09-21 14:58:48 - [MESSAGE][PASSED] - Actual text and expected text of test object 'Object Repository/FDR-System-Admin/FDR-Calendar/FDR-Calendar-FederalFiscalYear/quarter3-Header' are matched.

2020-09-21 14:58:48 - [TEST_STEP][PASSED] - quarter4 = "Quarter 4": null

2020-09-21 14:58:48 - [TEST_STEP][PASSED] - verifyElementText(findTestObject("Object Repository/FDR-System-Admin/FDR-Calendar/FDR-Calendar-FederalFiscalYear/quarter4-Header"), quarter4): Actual text and expected text of test object 'Object Repository/FDR-System-Admin/FDR-Calendar/FDR-Calendar-FederalFiscalYear/quarter4-Header' are matched.

2020-09-21 14:58:49 - [MESSAGE][PASSED] - Actual text and expected text of test object 'Object Repository/FDR-System-Admin/FDR-Calendar/FDR-Calendar-FederalFiscalYear/quarter4-Header' are matched.

2020-09-21 14:58:49 - [TEST_STEP][PASSED] - Start listener action : sampleAfterTestCase: null

2020-09-21 14:58:49 - [TEST_STEP][PASSED] - profileName = getExecutionProfile(): null

2020-09-21 14:58:49 - [TEST_STEP][PASSED] - switch (profileName): null

2020-09-21 14:58:49 - [TEST_STEP][PASSED] - case "superUser":: null

2020-09-21 14:58:49 - [TEST_STEP][PASSED] - return null: null

2020-09-21 14:58:49 - [TEST_STEP][PASSED] - Start listener action : afterTestCase: Browser is closed

2020-09-21 14:58:49 - [TEST_STEP][PASSED] - profileName = getExecutionProfile(): null

2020-09-21 14:58:49 - [TEST_STEP][PASSED] - if (profileName.equalsIgnoreCase("SysAdmin")): Browser is closed

2020-09-21 14:58:49 - [TEST_STEP][PASSED] - closeBrowser(): Browser is closed

2020-09-21 14:58:49 - [MESSAGE][PASSED] - Browser is closed

2020-09-21 14:58:49 - [TEST_STEP][PASSED] - Start listener action : sampleAfterTestCase: null

2020-09-21 14:58:49 - [TEST_STEP][PASSED] - profileName = getExecutionProfile(): null

2020-09-21 14:58:49 - [TEST_STEP][PASSED] - switch (profileName): null

2020-09-21 14:58:49 - [TEST_STEP][PASSED] - Default: null

2020-09-21 14:58:49 - [TEST_STEP][PASSED] - return null: null

2020-09-21 14:58:49 - [TEST_STEP][PASSED] - Start listener action : addFailedTCToList: null]]></system-out>
         <system-err><![CDATA[]]></system-err>
      </testcase>
      <testcase name="Test Cases/WEB-UI-TESTS/SysAdmin/ReportsPage/FDR-Custom-Reports" time="25.075" classname="Test Cases/WEB-UI-TESTS/SysAdmin/ReportsPage/FDR-Custom-Reports" status="PASSED">
         <system-out><![CDATA[2020-09-21 14:58:49 - [TEST_CASE][PASSED] - Test Cases/WEB-UI-TESTS/SysAdmin/ReportsPage/FDR-Custom-Reports: Test Cases/WEB-UI-TESTS/SysAdmin/ReportsPage/FDR-Custom-Reports

2020-09-21 14:58:49 - [TEST_STEP][PASSED] - Start listener action : sampleBeforeTestCase: null

2020-09-21 14:58:49 - [TEST_STEP][PASSED] - profileName = getExecutionProfile(): null

2020-09-21 14:58:49 - [TEST_STEP][PASSED] - switch (profileName): null

2020-09-21 14:58:49 - [TEST_STEP][PASSED] - case "superUser":: null

2020-09-21 14:58:49 - [TEST_STEP][PASSED] - return null: null

2020-09-21 14:58:49 - [TEST_STEP][PASSED] - Start listener action : beforeTestCase: Call Test Case 'Test Cases/WEB-UI-TESTS/SysAdmin/SystemAdmin-Login' successfully

2020-09-21 14:58:49 - [TEST_STEP][PASSED] - profileName = getExecutionProfile(): null

2020-09-21 14:58:49 - [TEST_STEP][PASSED] - if (profileName.equalsIgnoreCase("SysAdmin")): Call Test Case 'Test Cases/WEB-UI-TESTS/SysAdmin/SystemAdmin-Login' successfully

2020-09-21 14:58:49 - [TEST_STEP][PASSED] - callTestCase(findTestCase("Test Cases/WEB-UI-TESTS/SysAdmin/SystemAdmin-Login"), null): Call Test Case 'Test Cases/WEB-UI-TESTS/SysAdmin/SystemAdmin-Login' successfully

2020-09-21 14:58:49 - [TEST_CASE][PASSED] - Test Cases/WEB-UI-TESTS/SysAdmin/SystemAdmin-Login: Test Cases/WEB-UI-TESTS/SysAdmin/SystemAdmin-Login

2020-09-21 14:58:49 - [TEST_STEP][PASSED] - openBrowser(URL): Browser is opened with url: 'https://fdr-katalon.cammis-mod-dev.dhcs.ca.gov'

2020-09-21 14:58:49 - [MESSAGE][INFO] - Starting 'Chrome' driver

2020-09-21 14:58:49 - [MESSAGE][INFO] - Action delay is set to 0 milliseconds

2020-09-21 14:58:53 - [MESSAGE][PASSED] - Browser is opened with url: 'https://fdr-katalon.cammis-mod-dev.dhcs.ca.gov'

2020-09-21 14:58:53 - [TEST_STEP][PASSED] - maximizeWindow(): Current window maximized

2020-09-21 14:58:55 - [MESSAGE][PASSED] - Current window maximized

2020-09-21 14:58:55 - [TEST_STEP][PASSED] - refresh(): Refresh successfully

2020-09-21 14:58:56 - [MESSAGE][PASSED] - Refresh successfully

2020-09-21 14:58:56 - [TEST_STEP][PASSED] - delay(2): Delayed 2 second(s)

2020-09-21 14:58:58 - [MESSAGE][PASSED] - Delayed 2 second(s)

2020-09-21 14:58:58 - [TEST_STEP][PASSED] - waitForElementPresent(findTestObject("FDR-System-Admin/SysAdmin-SignIn/adminEmail"), 5): Object 'Object Repository/FDR-System-Admin/SysAdmin-SignIn/adminEmail' is present

2020-09-21 14:58:58 - [MESSAGE][PASSED] - Object 'Object Repository/FDR-System-Admin/SysAdmin-SignIn/adminEmail' is present

2020-09-21 14:58:58 - [TEST_STEP][PASSED] - setText(findTestObject("FDR-System-Admin/SysAdmin-SignIn/adminEmail"), adminEmail): Text 'fdr.test10@dhcs.ca.gov
' is set on object 'Object Repository/FDR-System-Admin/SysAdmin-SignIn/adminEmail'

2020-09-21 14:58:58 - [MESSAGE][PASSED] - Text 'fdr.test10@dhcs.ca.gov
' is set on object 'Object Repository/FDR-System-Admin/SysAdmin-SignIn/adminEmail'

2020-09-21 14:58:58 - [TEST_STEP][PASSED] - waitForElementPresent(findTestObject("FDR-System-Admin/SysAdmin-SignIn/adminUserName"), 5): Object 'Object Repository/FDR-System-Admin/SysAdmin-SignIn/adminUserName' is present

2020-09-21 14:59:02 - [MESSAGE][PASSED] - Object 'Object Repository/FDR-System-Admin/SysAdmin-SignIn/adminUserName' is present

2020-09-21 14:59:02 - [TEST_STEP][PASSED] - setText(findTestObject("FDR-System-Admin/SysAdmin-SignIn/adminUserName"), UserName): Text 'fdr.test10@dhcs.ca.gov' is set on object 'Object Repository/FDR-System-Admin/SysAdmin-SignIn/adminUserName'

2020-09-21 14:59:02 - [MESSAGE][PASSED] - Text 'fdr.test10@dhcs.ca.gov' is set on object 'Object Repository/FDR-System-Admin/SysAdmin-SignIn/adminUserName'

2020-09-21 14:59:02 - [TEST_STEP][PASSED] - setText(findTestObject("FDR-System-Admin/SysAdmin-SignIn/adminPass"), Password): Text 'Password18' is set on object 'Object Repository/FDR-System-Admin/SysAdmin-SignIn/adminPass'

2020-09-21 14:59:03 - [MESSAGE][PASSED] - Text 'Password18' is set on object 'Object Repository/FDR-System-Admin/SysAdmin-SignIn/adminPass'

2020-09-21 14:59:03 - [TEST_STEP][PASSED] - click(findTestObject("FDR-System-Admin/SysAdmin-SignIn/adminSignIn")): Object: 'Object Repository/FDR-System-Admin/SysAdmin-SignIn/adminSignIn' is clicked on

2020-09-21 14:59:04 - [MESSAGE][PASSED] - Object: 'Object Repository/FDR-System-Admin/SysAdmin-SignIn/adminSignIn' is clicked on

2020-09-21 14:59:04 - [TEST_STEP][PASSED] - waitForElementPresent(findTestObject("Object Repository/FDR-System-Admin/SysAdmin-Dashboard/maintainReferenceDataBtn"), 3): Object 'Object Repository/FDR-System-Admin/SysAdmin-Dashboard/maintainReferenceDataBtn' is present

2020-09-21 14:59:06 - [MESSAGE][PASSED] - Object 'Object Repository/FDR-System-Admin/SysAdmin-Dashboard/maintainReferenceDataBtn' is present

2020-09-21 14:59:06 - [TEST_STEP][PASSED] - verifyElementPresent(findTestObject("Object Repository/FDR-System-Admin/SysAdmin-Dashboard/maintainReferenceDataBtn"), Timeout): Object 'Object Repository/FDR-System-Admin/SysAdmin-Dashboard/maintainReferenceDataBtn' is present

2020-09-21 14:59:06 - [MESSAGE][PASSED] - Object 'Object Repository/FDR-System-Admin/SysAdmin-Dashboard/maintainReferenceDataBtn' is present

2020-09-21 14:59:06 - [TEST_STEP][PASSED] - refresh(): Refresh successfully

2020-09-21 14:59:07 - [MESSAGE][PASSED] - Refresh successfully

2020-09-21 14:59:07 - [MESSAGE][PASSED] - Call Test Case 'Test Cases/WEB-UI-TESTS/SysAdmin/SystemAdmin-Login' successfully

2020-09-21 14:59:07 - [TEST_STEP][PASSED] - Start listener action : sampleBeforeTestCase: null

2020-09-21 14:59:07 - [TEST_STEP][PASSED] - profileName = getExecutionProfile(): null

2020-09-21 14:59:07 - [TEST_STEP][PASSED] - testCaseId = testCaseContext.getTestCaseId(): null

2020-09-21 14:59:07 - [TEST_STEP][PASSED] - switch (profileName): null

2020-09-21 14:59:07 - [TEST_STEP][PASSED] - Default: null

2020-09-21 14:59:07 - [TEST_STEP][PASSED] - return null: null

2020-09-21 14:59:07 - [TEST_STEP][PASSED] - Start listener action : executeRows: null

2020-09-21 14:59:07 - [TEST_STEP][PASSED] - waitForElementPresent(findTestObject("FDR-System-Admin/FDR-Reports/FDR-Report-Dashboard/mbesReportBtn"), 3): Object 'Object Repository/FDR-System-Admin/FDR-Reports/FDR-Report-Dashboard/mbesReportBtn' is not present after 3 second(s)

2020-09-21 14:59:11 - [MESSAGE][INFO] - Unable to find the element located by 'By.xpath: //*[@id="wrapper"]/div/div/div/main/div/div[2]/div/div[1]/div/button/div/div[2]/h3'. Please recheck the objects properties to make sure the desired element is located. 

2020-09-21 14:59:11 - [MESSAGE][WARNING] - Object 'Object Repository/FDR-System-Admin/FDR-Reports/FDR-Report-Dashboard/mbesReportBtn' is not present after 3 second(s)

2020-09-21 14:59:11 - [TEST_STEP][PASSED] - click(findTestObject("FDR-System-Admin/FDR-Reports/FDR-Report-Dashboard/reportBtn")): Object: 'Object Repository/FDR-System-Admin/FDR-Reports/FDR-Report-Dashboard/reportBtn' is clicked on

2020-09-21 14:59:11 - [MESSAGE][PASSED] - Object: 'Object Repository/FDR-System-Admin/FDR-Reports/FDR-Report-Dashboard/reportBtn' is clicked on

2020-09-21 14:59:11 - [TEST_STEP][PASSED] - waitForElementPresent(findTestObject("FDR-System-Admin/FDR-Reports/FDR-Report-Dashboard/mbesReportBtn"), 3): Object 'Object Repository/FDR-System-Admin/FDR-Reports/FDR-Report-Dashboard/mbesReportBtn' is present

2020-09-21 14:59:12 - [MESSAGE][PASSED] - Object 'Object Repository/FDR-System-Admin/FDR-Reports/FDR-Report-Dashboard/mbesReportBtn' is present

2020-09-21 14:59:12 - [TEST_STEP][PASSED] - click(findTestObject("FDR-System-Admin/FDR-Reports/FDR-Custom-Reports/customReports")): Object: 'Object Repository/FDR-System-Admin/FDR-Reports/FDR-Custom-Reports/customReports' is clicked on

2020-09-21 14:59:12 - [MESSAGE][PASSED] - Object: 'Object Repository/FDR-System-Admin/FDR-Reports/FDR-Custom-Reports/customReports' is clicked on

2020-09-21 14:59:12 - [TEST_STEP][PASSED] - verifyElementPresent(findTestObject("FDR-System-Admin/FDR-Reports/FDR-Custom-Reports/auditReportsSubText"), 2): Object 'Object Repository/FDR-System-Admin/FDR-Reports/FDR-Custom-Reports/auditReportsSubText' is present

2020-09-21 14:59:13 - [MESSAGE][PASSED] - Object 'Object Repository/FDR-System-Admin/FDR-Reports/FDR-Custom-Reports/auditReportsSubText' is present

2020-09-21 14:59:13 - [TEST_STEP][PASSED] - click(findTestObject("FDR-System-Admin/FDR-Reports/FDR-Custom-Reports/auditReports")): Object: 'Object Repository/FDR-System-Admin/FDR-Reports/FDR-Custom-Reports/auditReports' is clicked on

2020-09-21 14:59:13 - [MESSAGE][PASSED] - Object: 'Object Repository/FDR-System-Admin/FDR-Reports/FDR-Custom-Reports/auditReports' is clicked on

2020-09-21 14:59:13 - [TEST_STEP][PASSED] - verifyElementPresent(findTestObject("FDR-System-Admin/FDR-Reports/FDR-Custom-Reports/voucherHistoryReportSubText"), 2): Object 'Object Repository/FDR-System-Admin/FDR-Reports/FDR-Custom-Reports/voucherHistoryReportSubText' is present

2020-09-21 14:59:13 - [MESSAGE][PASSED] - Object 'Object Repository/FDR-System-Admin/FDR-Reports/FDR-Custom-Reports/voucherHistoryReportSubText' is present

2020-09-21 14:59:13 - [TEST_STEP][PASSED] - verifyElementPresent(findTestObject("FDR-System-Admin/FDR-Reports/FDR-Custom-Reports/receiptHistoryReportSubText"), 2): Object 'Object Repository/FDR-System-Admin/FDR-Reports/FDR-Custom-Reports/receiptHistoryReportSubText' is present

2020-09-21 14:59:14 - [MESSAGE][PASSED] - Object 'Object Repository/FDR-System-Admin/FDR-Reports/FDR-Custom-Reports/receiptHistoryReportSubText' is present

2020-09-21 14:59:14 - [TEST_STEP][PASSED] - Start listener action : sampleAfterTestCase: null

2020-09-21 14:59:14 - [TEST_STEP][PASSED] - profileName = getExecutionProfile(): null

2020-09-21 14:59:14 - [TEST_STEP][PASSED] - switch (profileName): null

2020-09-21 14:59:14 - [TEST_STEP][PASSED] - case "superUser":: null

2020-09-21 14:59:14 - [TEST_STEP][PASSED] - return null: null

2020-09-21 14:59:14 - [TEST_STEP][PASSED] - Start listener action : afterTestCase: Browser is closed

2020-09-21 14:59:14 - [TEST_STEP][PASSED] - profileName = getExecutionProfile(): null

2020-09-21 14:59:14 - [TEST_STEP][PASSED] - if (profileName.equalsIgnoreCase("SysAdmin")): Browser is closed

2020-09-21 14:59:14 - [TEST_STEP][PASSED] - closeBrowser(): Browser is closed

2020-09-21 14:59:14 - [MESSAGE][PASSED] - Browser is closed

2020-09-21 14:59:14 - [TEST_STEP][PASSED] - Start listener action : sampleAfterTestCase: null

2020-09-21 14:59:14 - [TEST_STEP][PASSED] - profileName = getExecutionProfile(): null

2020-09-21 14:59:14 - [TEST_STEP][PASSED] - switch (profileName): null

2020-09-21 14:59:14 - [TEST_STEP][PASSED] - Default: null

2020-09-21 14:59:14 - [TEST_STEP][PASSED] - return null: null

2020-09-21 14:59:14 - [TEST_STEP][PASSED] - Start listener action : addFailedTCToList: null]]></system-out>
         <system-err><![CDATA[]]></system-err>
      </testcase>
      <system-out><![CDATA[2020-09-21 14:46:00 - [TEST_SUITE][PASSED] - SystemAdmin-Integration_Suite: Test Cases/WEB-UI-TESTS/SysAdmin/ReportsPage/FDR-Custom-Reports]]></system-out>
      <system-err><![CDATA[]]></system-err>
   </testsuite>
</testsuites>
