<?xml version="1.0" encoding="UTF-8"?>
<testsuites name="FDR_ProductionSmokeTest" time="152.655" tests="2" failures="0" errors="0">
   <testsuite name="FDR_ProductionSmokeTest" tests="2" failures="0" errors="0" time="152.655" timestamp="2020-09-21 10:57:09" hostname="nagesh.allu - DESKTOP-9VU7G8T.attlocal.net" id="Test Suites/FDR_ProductionSmokeTest">
      <properties>
         <property name="deviceName" value=""/>
         <property name="devicePlatform" value=""/>
         <property name="logFolder" value="C:\\GitHub\\FDR-Katalon-Regression\\Reports\\20200921_105707\\FDR_ProductionSmokeTest\\20200921_105707"/>
         <property name="logFiles" value="C:\\GitHub\\FDR-Katalon-Regression\\Reports\\20200921_105707\\FDR_ProductionSmokeTest\\20200921_105707\\execution0.log"/>
         <property name="attachments" value=""/>
         <property name="hostName" value="nagesh.allu - DESKTOP-9VU7G8T.attlocal.net"/>
         <property name="os" value="Windows 10 64bit"/>
         <property name="katalonVersion" value="7.6.6.205"/>
         <property name="browser" value="Chrome 85.0.4183.102"/>
         <property name="hostAddress" value="192.168.1.188"/>
         <property name="sessionId" value="7f3b0371adc4748935bc44a771b21152"/>
         <property name="seleniumVersion" value="3.141.59"/>
         <property name="proxyInformation" value="ProxyInformation { proxyOption=NO_PROXY, proxyServerType=HTTP, username=, password=********, proxyServerAddress=, proxyServerPort=0, executionList=&quot;&quot;, isApplyToDesiredCapabilities=true }"/>
         <property name="platform" value="Windows 10"/>
      </properties>
      <testcase name="Test Cases/FDR_Production_SmokeTest/FDR-Calendar-Dashboard" time="24.22" classname="Test Cases/FDR_Production_SmokeTest/FDR-Calendar-Dashboard" status="PASSED">
         <system-out><![CDATA[2020-09-21 10:57:09 - [TEST_CASE][PASSED] - Test Cases/FDR_Production_SmokeTest/FDR-Calendar-Dashboard: Test Cases/FDR_Production_SmokeTest/FDR-Calendar-Dashboard

2020-09-21 10:57:09 - [TEST_STEP][PASSED] - Start listener action : sampleBeforeTestCase: null

2020-09-21 10:57:09 - [TEST_STEP][PASSED] - profileName = getExecutionProfile(): null

2020-09-21 10:57:09 - [TEST_STEP][PASSED] - switch (profileName): null

2020-09-21 10:57:09 - [TEST_STEP][PASSED] - case "superUser":: null

2020-09-21 10:57:09 - [TEST_STEP][PASSED] - return null: null

2020-09-21 10:57:09 - [TEST_STEP][PASSED] - Start listener action : beforeTestCase: null

2020-09-21 10:57:09 - [TEST_STEP][PASSED] - profileName = getExecutionProfile(): null

2020-09-21 10:57:09 - [TEST_STEP][PASSED] - if (profileName.equalsIgnoreCase("SysAdmin")): null

2020-09-21 10:57:09 - [TEST_STEP][PASSED] - Start listener action : sampleBeforeTestCase: null

2020-09-21 10:57:09 - [TEST_STEP][PASSED] - profileName = getExecutionProfile(): null

2020-09-21 10:57:09 - [TEST_STEP][PASSED] - testCaseId = testCaseContext.getTestCaseId(): null

2020-09-21 10:57:09 - [TEST_STEP][PASSED] - switch (profileName): null

2020-09-21 10:57:09 - [TEST_STEP][PASSED] - Default: null

2020-09-21 10:57:09 - [TEST_STEP][PASSED] - return null: null

2020-09-21 10:57:09 - [TEST_STEP][PASSED] - Start listener action : executeRows: null

2020-09-21 10:57:10 - [TEST_STEP][PASSED] - commonFunctions.login(superUserAccnt, superUserPwd): Object: 'Object Repository/FDR-SignIn/SignInButton' is clicked on

2020-09-21 10:57:10 - [MESSAGE][INFO] - Starting 'Chrome' driver

2020-09-21 10:57:10 - [MESSAGE][INFO] - Action delay is set to 0 milliseconds

2020-09-21 10:57:16 - [MESSAGE][PASSED] - Browser is opened with url: 'https://fdr-katalon.cammis-mod-dev.dhcs.ca.gov'

2020-09-21 10:57:18 - [MESSAGE][PASSED] - Current window maximized

2020-09-21 10:57:18 - [MESSAGE][PASSED] - Object 'Object Repository/FDR-SignIn/SignInEmail' is present

2020-09-21 10:57:19 - [MESSAGE][PASSED] - Object: 'Object Repository/FDR-SignIn/SignInEmail' is clicked on

2020-09-21 10:57:19 - [MESSAGE][PASSED] - Object 'Object Repository/FDR-SignIn/SignInEmail' is present

2020-09-21 10:57:19 - [MESSAGE][PASSED] - Text 'fdr.test11@dhcs.ca.gov' is set on object 'Object Repository/FDR-SignIn/SignInEmail'

2020-09-21 10:57:20 - [MESSAGE][PASSED] - Object 'Object Repository/FDR-SignIn/SignInEmailNext' is visible

2020-09-21 10:57:20 - [MESSAGE][PASSED] - Object: 'Object Repository/FDR-SignIn/SignInEmailNext' is clicked on

2020-09-21 10:57:23 - [MESSAGE][PASSED] - Object 'Object Repository/FDR-SignIn/SignInEmailPassword' is visible

2020-09-21 10:57:24 - [MESSAGE][PASSED] - Object: 'Object Repository/FDR-SignIn/SignInEmailPassword' is clicked on

2020-09-21 10:57:24 - [MESSAGE][PASSED] - Text ****** has been set on object 'Object Repository/FDR-SignIn/SignInEmailPassword'

2020-09-21 10:57:25 - [MESSAGE][PASSED] - Object: 'Object Repository/FDR-SignIn/SignInButton' is clicked on

2020-09-21 10:57:25 - [TEST_STEP][PASSED] - waitForElementPresent(findTestObject("Object Repository/FDR-System-Admin/FDR-Calendar/FDR-Calendar-Dashboard/calendarBtn"), 3): Object 'Object Repository/FDR-System-Admin/FDR-Calendar/FDR-Calendar-Dashboard/calendarBtn' is present

2020-09-21 10:57:29 - [MESSAGE][PASSED] - Object 'Object Repository/FDR-System-Admin/FDR-Calendar/FDR-Calendar-Dashboard/calendarBtn' is present

2020-09-21 10:57:29 - [TEST_STEP][PASSED] - taskName = "Calendar": null

2020-09-21 10:57:29 - [TEST_STEP][PASSED] - verifyElementText(findTestObject("Object Repository/FDR-System-Admin/FDR-Calendar/FDR-Calendar-Dashboard/calendarBtnText"), taskName): Actual text and expected text of test object 'Object Repository/FDR-System-Admin/FDR-Calendar/FDR-Calendar-Dashboard/calendarBtnText' are matched.

2020-09-21 10:57:29 - [MESSAGE][PASSED] - Actual text and expected text of test object 'Object Repository/FDR-System-Admin/FDR-Calendar/FDR-Calendar-Dashboard/calendarBtnText' are matched.

2020-09-21 10:57:29 - [TEST_STEP][PASSED] - click(findTestObject("Object Repository/FDR-System-Admin/FDR-Calendar/FDR-Calendar-Dashboard/calendarBtn")): Object: 'Object Repository/FDR-System-Admin/FDR-Calendar/FDR-Calendar-Dashboard/calendarBtn' is clicked on

2020-09-21 10:57:29 - [MESSAGE][PASSED] - Object: 'Object Repository/FDR-System-Admin/FDR-Calendar/FDR-Calendar-Dashboard/calendarBtn' is clicked on

2020-09-21 10:57:29 - [TEST_STEP][PASSED] - click(findTestObject("Object Repository/FDR-System-Admin/FDR-Calendar/FDR-Calendar-Dashboard/calendarDataTypeDropdown")): Object: 'Object Repository/FDR-System-Admin/FDR-Calendar/FDR-Calendar-Dashboard/calendarDataTypeDropdown' is clicked on

2020-09-21 10:57:30 - [MESSAGE][PASSED] - Object: 'Object Repository/FDR-System-Admin/FDR-Calendar/FDR-Calendar-Dashboard/calendarDataTypeDropdown' is clicked on

2020-09-21 10:57:30 - [TEST_STEP][PASSED] - click(findTestObject("Object Repository/FDR-System-Admin/FDR-Calendar/FDR-Calendar-Dashboard/drawDateOption")): Object: 'Object Repository/FDR-System-Admin/FDR-Calendar/FDR-Calendar-Dashboard/drawDateOption' is clicked on

2020-09-21 10:57:31 - [MESSAGE][PASSED] - Object: 'Object Repository/FDR-System-Admin/FDR-Calendar/FDR-Calendar-Dashboard/drawDateOption' is clicked on

2020-09-21 10:57:31 - [TEST_STEP][PASSED] - click(findTestObject("Object Repository/FDR-System-Admin/FDR-Calendar/FDR-Calendar-Dashboard/calendarDropdown")): Object: 'Object Repository/FDR-System-Admin/FDR-Calendar/FDR-Calendar-Dashboard/calendarDropdown' is clicked on

2020-09-21 10:57:31 - [MESSAGE][PASSED] - Object: 'Object Repository/FDR-System-Admin/FDR-Calendar/FDR-Calendar-Dashboard/calendarDropdown' is clicked on

2020-09-21 10:57:31 - [TEST_STEP][PASSED] - click(findTestObject("Object Repository/FDR-System-Admin/FDR-Calendar/FDR-Calendar-Dashboard/federalFiscalYearOption")): Object: 'Object Repository/FDR-System-Admin/FDR-Calendar/FDR-Calendar-Dashboard/federalFiscalYearOption' is clicked on

2020-09-21 10:57:32 - [MESSAGE][PASSED] - Object: 'Object Repository/FDR-System-Admin/FDR-Calendar/FDR-Calendar-Dashboard/federalFiscalYearOption' is clicked on

2020-09-21 10:57:32 - [TEST_STEP][PASSED] - click(findTestObject("Object Repository/FDR-System-Admin/FDR-Calendar/FDR-Calendar-Dashboard/calendarDropdown")): Object: 'Object Repository/FDR-System-Admin/FDR-Calendar/FDR-Calendar-Dashboard/calendarDropdown' is clicked on

2020-09-21 10:57:32 - [MESSAGE][PASSED] - Object: 'Object Repository/FDR-System-Admin/FDR-Calendar/FDR-Calendar-Dashboard/calendarDropdown' is clicked on

2020-09-21 10:57:32 - [TEST_STEP][PASSED] - click(findTestObject("Object Repository/FDR-System-Admin/FDR-Calendar/FDR-Calendar-Dashboard/stateFiscalYearOption")): Object: 'Object Repository/FDR-System-Admin/FDR-Calendar/FDR-Calendar-Dashboard/stateFiscalYearOption' is clicked on

2020-09-21 10:57:33 - [MESSAGE][PASSED] - Object: 'Object Repository/FDR-System-Admin/FDR-Calendar/FDR-Calendar-Dashboard/stateFiscalYearOption' is clicked on

2020-09-21 10:57:33 - [TEST_STEP][PASSED] - commonFunctions.logout(): Browser is closed

2020-09-21 10:57:33 - [MESSAGE][PASSED] - Browser is closed

2020-09-21 10:57:33 - [TEST_STEP][PASSED] - Start listener action : sampleAfterTestCase: null

2020-09-21 10:57:33 - [TEST_STEP][PASSED] - profileName = getExecutionProfile(): null

2020-09-21 10:57:33 - [TEST_STEP][PASSED] - switch (profileName): null

2020-09-21 10:57:33 - [TEST_STEP][PASSED] - case "superUser":: null

2020-09-21 10:57:33 - [TEST_STEP][PASSED] - return null: null

2020-09-21 10:57:33 - [TEST_STEP][PASSED] - Start listener action : afterTestCase: null

2020-09-21 10:57:33 - [TEST_STEP][PASSED] - profileName = getExecutionProfile(): null

2020-09-21 10:57:33 - [TEST_STEP][PASSED] - if (profileName.equalsIgnoreCase("SysAdmin")): null

2020-09-21 10:57:33 - [TEST_STEP][PASSED] - Start listener action : sampleAfterTestCase: null

2020-09-21 10:57:33 - [TEST_STEP][PASSED] - profileName = getExecutionProfile(): null

2020-09-21 10:57:33 - [TEST_STEP][PASSED] - switch (profileName): null

2020-09-21 10:57:33 - [TEST_STEP][PASSED] - Default: null

2020-09-21 10:57:33 - [TEST_STEP][PASSED] - return null: null

2020-09-21 10:57:33 - [TEST_STEP][PASSED] - Start listener action : addFailedTCToList: null]]></system-out>
         <system-err><![CDATA[]]></system-err>
      </testcase>
      <testcase name="Test Cases/FDR_Production_SmokeTest/FDR-Dashboard-Filters" time="123.663" classname="Test Cases/FDR_Production_SmokeTest/FDR-Dashboard-Filters" status="PASSED">
         <system-out><![CDATA[2020-09-21 10:57:33 - [TEST_CASE][PASSED] - Test Cases/FDR_Production_SmokeTest/FDR-Dashboard-Filters: Test Cases/FDR_Production_SmokeTest/FDR-Dashboard-Filters

2020-09-21 10:57:33 - [TEST_STEP][PASSED] - Start listener action : sampleBeforeTestCase: null

2020-09-21 10:57:33 - [TEST_STEP][PASSED] - profileName = getExecutionProfile(): null

2020-09-21 10:57:33 - [TEST_STEP][PASSED] - switch (profileName): null

2020-09-21 10:57:33 - [TEST_STEP][PASSED] - case "superUser":: null

2020-09-21 10:57:33 - [TEST_STEP][PASSED] - return null: null

2020-09-21 10:57:33 - [TEST_STEP][PASSED] - Start listener action : beforeTestCase: null

2020-09-21 10:57:33 - [TEST_STEP][PASSED] - profileName = getExecutionProfile(): null

2020-09-21 10:57:33 - [TEST_STEP][PASSED] - if (profileName.equalsIgnoreCase("SysAdmin")): null

2020-09-21 10:57:33 - [TEST_STEP][PASSED] - Start listener action : sampleBeforeTestCase: null

2020-09-21 10:57:33 - [TEST_STEP][PASSED] - profileName = getExecutionProfile(): null

2020-09-21 10:57:33 - [TEST_STEP][PASSED] - testCaseId = testCaseContext.getTestCaseId(): null

2020-09-21 10:57:33 - [TEST_STEP][PASSED] - switch (profileName): null

2020-09-21 10:57:33 - [TEST_STEP][PASSED] - Default: null

2020-09-21 10:57:33 - [TEST_STEP][PASSED] - return null: null

2020-09-21 10:57:33 - [TEST_STEP][PASSED] - Start listener action : executeRows: null

2020-09-21 10:57:34 - [TEST_STEP][PASSED] - commonFunctions.login(superUserAccnt, superUserPwd): Object: 'Object Repository/FDR-SignIn/SignInButton' is clicked on

2020-09-21 10:57:34 - [MESSAGE][INFO] - Starting 'Chrome' driver

2020-09-21 10:57:34 - [MESSAGE][INFO] - Action delay is set to 0 milliseconds

2020-09-21 10:57:41 - [MESSAGE][PASSED] - Browser is opened with url: 'https://fdr-katalon.cammis-mod-dev.dhcs.ca.gov'

2020-09-21 10:57:43 - [MESSAGE][PASSED] - Current window maximized

2020-09-21 10:57:43 - [MESSAGE][PASSED] - Object 'Object Repository/FDR-SignIn/SignInEmail' is present

2020-09-21 10:57:43 - [MESSAGE][PASSED] - Object: 'Object Repository/FDR-SignIn/SignInEmail' is clicked on

2020-09-21 10:57:44 - [MESSAGE][PASSED] - Object 'Object Repository/FDR-SignIn/SignInEmail' is present

2020-09-21 10:57:44 - [MESSAGE][PASSED] - Text 'fdr.test11@dhcs.ca.gov' is set on object 'Object Repository/FDR-SignIn/SignInEmail'

2020-09-21 10:57:44 - [MESSAGE][PASSED] - Object 'Object Repository/FDR-SignIn/SignInEmailNext' is visible

2020-09-21 10:57:45 - [MESSAGE][PASSED] - Object: 'Object Repository/FDR-SignIn/SignInEmailNext' is clicked on

2020-09-21 10:57:48 - [MESSAGE][PASSED] - Object 'Object Repository/FDR-SignIn/SignInEmailPassword' is visible

2020-09-21 10:57:48 - [MESSAGE][PASSED] - Object: 'Object Repository/FDR-SignIn/SignInEmailPassword' is clicked on

2020-09-21 10:57:49 - [MESSAGE][PASSED] - Text ****** has been set on object 'Object Repository/FDR-SignIn/SignInEmailPassword'

2020-09-21 10:57:50 - [MESSAGE][PASSED] - Object: 'Object Repository/FDR-SignIn/SignInButton' is clicked on

2020-09-21 10:57:50 - [TEST_STEP][PASSED] - commonFunctions.selectRole("accountsPayableApprover"): Object 'Object Repository/FDR-VoucherEntry/VoucherHeader/reviewButton' is not present after 2 second(s)

2020-09-21 10:57:53 - [MESSAGE][INFO] - Unable to find the element located by 'By.xpath: //*[@data-id='action-button']//*[contains(text(),'Review')]'. Please recheck the objects properties to make sure the desired element is located. 

2020-09-21 10:57:53 - [MESSAGE][WARNING] - Object 'Object Repository/FDR-VoucherEntry/VoucherHeader/reviewButton' is not present after 2 second(s)

2020-09-21 10:57:54 - [MESSAGE][PASSED] - Object: 'Object Repository/FDR-SuperUser-Dashboard/userExpandButton' is clicked on

2020-09-21 10:57:57 - [MESSAGE][INFO] - Unable to find the element located by 'By.xpath: //*[@data-id='action-button']//*[contains(text(),'Review')]'. Please recheck the objects properties to make sure the desired element is located. 

2020-09-21 10:57:57 - [MESSAGE][WARNING] - Object 'Object Repository/FDR-VoucherEntry/VoucherHeader/reviewButton' is not present after 2 second(s)

2020-09-21 10:57:57 - [MESSAGE][PASSED] - Object: 'Object Repository/FDR-SuperUser-Dashboard/accountsPayableApprover' is clicked on

2020-09-21 10:58:00 - [MESSAGE][INFO] - Unable to find the element located by 'By.xpath: //*[@data-id='action-button']//*[contains(text(),'Review')]'. Please recheck the objects properties to make sure the desired element is located. 

2020-09-21 10:58:00 - [MESSAGE][WARNING] - Object 'Object Repository/FDR-VoucherEntry/VoucherHeader/reviewButton' is not present after 2 second(s)

2020-09-21 10:58:00 - [TEST_STEP][PASSED] - waitTime = 3: null

2020-09-21 10:58:00 - [TEST_STEP][PASSED] - softAssertion = new org.testng.asserts.SoftAssert(): null

2020-09-21 10:58:00 - [TEST_STEP][PASSED] - waitForElementPresent(findTestObject("FDR-Dashboard/createNewVoucherButton"), waitTime): Object 'Object Repository/FDR-Dashboard/createNewVoucherButton' is present

2020-09-21 10:58:01 - [MESSAGE][PASSED] - Object 'Object Repository/FDR-Dashboard/createNewVoucherButton' is present

2020-09-21 10:58:01 - [TEST_STEP][PASSED] - click(findTestObject("FDR-Dashboard/Filters/clearFilterButton")): Object: 'Object Repository/FDR-Dashboard/Filters/clearFilterButton' is clicked on

2020-09-21 10:58:01 - [MESSAGE][PASSED] - Object: 'Object Repository/FDR-Dashboard/Filters/clearFilterButton' is clicked on

2020-09-21 10:58:01 - [TEST_STEP][PASSED] - click(findTestObject("FDR-Dashboard/Filters/resumeFilterButton")): Object: 'Object Repository/FDR-Dashboard/Filters/resumeFilterButton' is clicked on

2020-09-21 10:58:02 - [MESSAGE][PASSED] - Object: 'Object Repository/FDR-Dashboard/Filters/resumeFilterButton' is clicked on

2020-09-21 10:58:02 - [TEST_STEP][PASSED] - waitForElementPresent(findTestObject("FDR-VoucherEntry/VoucherHeader/reviewButton"), waitTime): Object 'Object Repository/FDR-VoucherEntry/VoucherHeader/reviewButton' is not present after 3 second(s)

2020-09-21 10:58:06 - [MESSAGE][INFO] - Unable to find the element located by 'By.xpath: //*[@data-id='action-button']//*[contains(text(),'Review')]'. Please recheck the objects properties to make sure the desired element is located. 

2020-09-21 10:58:06 - [MESSAGE][WARNING] - Object 'Object Repository/FDR-VoucherEntry/VoucherHeader/reviewButton' is not present after 3 second(s)

2020-09-21 10:58:06 - [TEST_STEP][PASSED] - waitForElementPresent(findTestObject("FDR-Dashboard/VouhcersTable/resumeButton"), waitTime): Object 'Object Repository/FDR-Dashboard/VouhcersTable/resumeButton' is present

2020-09-21 10:58:06 - [MESSAGE][PASSED] - Object 'Object Repository/FDR-Dashboard/VouhcersTable/resumeButton' is present

2020-09-21 10:58:06 - [TEST_STEP][PASSED] - validate = validators.validateDashboardFilterValidation("Resume"): Object 'Object Repository/FDR-Dashboard/createNewVoucherButton' is present

2020-09-21 10:58:07 - [MESSAGE][PASSED] - Object 'Object Repository/FDR-Dashboard/createNewVoucherButton' is present

2020-09-21 10:58:07 - [MESSAGE][PASSED] - Object 'Object Repository/FDR-Dashboard/createNewVoucherButton' is present

2020-09-21 10:58:08 - [MESSAGE][PASSED] - Object 'Object Repository/FDR-Dashboard/createNewVoucherButton' is present

2020-09-21 10:58:08 - [MESSAGE][PASSED] - Object 'Object Repository/FDR-Dashboard/createNewVoucherButton' is present

2020-09-21 10:58:09 - [MESSAGE][PASSED] - Object 'Object Repository/FDR-Dashboard/createNewVoucherButton' is present

2020-09-21 10:58:09 - [MESSAGE][PASSED] - Object 'Object Repository/FDR-Dashboard/createNewVoucherButton' is present

2020-09-21 10:58:10 - [MESSAGE][PASSED] - Object 'Object Repository/FDR-Dashboard/createNewVoucherButton' is present

2020-09-21 10:58:10 - [MESSAGE][PASSED] - Object 'Object Repository/FDR-Dashboard/createNewVoucherButton' is present

2020-09-21 10:58:11 - [MESSAGE][PASSED] - Object 'Object Repository/FDR-Dashboard/createNewVoucherButton' is present

2020-09-21 10:58:11 - [TEST_STEP][PASSED] - softAssertion.assertTrue(validate, "Voucher button validation failed"): null

2020-09-21 10:58:11 - [TEST_STEP][PASSED] - click(findTestObject("FDR-Dashboard/Filters/clearFilterButton")): Object: 'Object Repository/FDR-Dashboard/Filters/clearFilterButton' is clicked on

2020-09-21 10:58:11 - [MESSAGE][PASSED] - Object: 'Object Repository/FDR-Dashboard/Filters/clearFilterButton' is clicked on

2020-09-21 10:58:11 - [TEST_STEP][PASSED] - click(findTestObject("FDR-Dashboard/Filters/printFilterButton")): Object: 'Object Repository/FDR-Dashboard/Filters/printFilterButton' is clicked on

2020-09-21 10:58:13 - [MESSAGE][PASSED] - Object: 'Object Repository/FDR-Dashboard/Filters/printFilterButton' is clicked on

2020-09-21 10:58:13 - [TEST_STEP][PASSED] - waitForElementPresent(findTestObject("FDR-VoucherEntry/VoucherHeader/reviewButton"), waitTime): Object 'Object Repository/FDR-VoucherEntry/VoucherHeader/reviewButton' is not present after 3 second(s)

2020-09-21 10:58:17 - [MESSAGE][INFO] - Unable to find the element located by 'By.xpath: //*[@data-id='action-button']//*[contains(text(),'Review')]'. Please recheck the objects properties to make sure the desired element is located. 

2020-09-21 10:58:17 - [MESSAGE][WARNING] - Object 'Object Repository/FDR-VoucherEntry/VoucherHeader/reviewButton' is not present after 3 second(s)

2020-09-21 10:58:17 - [TEST_STEP][PASSED] - waitForElementPresent(findTestObject("FDR-Dashboard/VouhcersTable/printButton"), waitTime): Object 'Object Repository/FDR-Dashboard/VouhcersTable/printButton' is present

2020-09-21 10:58:17 - [MESSAGE][PASSED] - Object 'Object Repository/FDR-Dashboard/VouhcersTable/printButton' is present

2020-09-21 10:58:17 - [TEST_STEP][PASSED] - validate = validators.validateDashboardFilterValidation("Print"): Object 'Object Repository/FDR-Dashboard/createNewVoucherButton' is present

2020-09-21 10:58:17 - [MESSAGE][PASSED] - Object 'Object Repository/FDR-Dashboard/createNewVoucherButton' is present

2020-09-21 10:58:18 - [TEST_STEP][PASSED] - softAssertion.assertTrue(validate, "Print Voucher button validation failed"): null

2020-09-21 10:58:18 - [TEST_STEP][PASSED] - click(findTestObject("FDR-Dashboard/Filters/clearFilterButton")): Object: 'Object Repository/FDR-Dashboard/Filters/clearFilterButton' is clicked on

2020-09-21 10:58:18 - [MESSAGE][PASSED] - Object: 'Object Repository/FDR-Dashboard/Filters/clearFilterButton' is clicked on

2020-09-21 10:58:18 - [TEST_STEP][PASSED] - click(findTestObject("FDR-Dashboard/Filters/fixFilterButton")): Object: 'Object Repository/FDR-Dashboard/Filters/fixFilterButton' is clicked on

2020-09-21 10:58:19 - [MESSAGE][PASSED] - Object: 'Object Repository/FDR-Dashboard/Filters/fixFilterButton' is clicked on

2020-09-21 10:58:19 - [TEST_STEP][PASSED] - waitForElementPresent(findTestObject("FDR-VoucherEntry/VoucherHeader/reviewButton"), waitTime): Object 'Object Repository/FDR-VoucherEntry/VoucherHeader/reviewButton' is not present after 3 second(s)

2020-09-21 10:58:23 - [MESSAGE][INFO] - Unable to find the element located by 'By.xpath: //*[@data-id='action-button']//*[contains(text(),'Review')]'. Please recheck the objects properties to make sure the desired element is located. 

2020-09-21 10:58:23 - [MESSAGE][WARNING] - Object 'Object Repository/FDR-VoucherEntry/VoucherHeader/reviewButton' is not present after 3 second(s)

2020-09-21 10:58:23 - [TEST_STEP][PASSED] - waitForElementPresent(findTestObject("FDR-Dashboard/VouhcersTable/fixButton"), waitTime): Object 'Object Repository/FDR-Dashboard/VouhcersTable/fixButton' is present

2020-09-21 10:58:24 - [MESSAGE][PASSED] - Object 'Object Repository/FDR-Dashboard/VouhcersTable/fixButton' is present

2020-09-21 10:58:24 - [TEST_STEP][PASSED] - validate = validators.validateDashboardFilterValidation("Fix"): Object 'Object Repository/FDR-Dashboard/createNewVoucherButton' is present

2020-09-21 10:58:24 - [MESSAGE][PASSED] - Object 'Object Repository/FDR-Dashboard/createNewVoucherButton' is present

2020-09-21 10:58:25 - [MESSAGE][PASSED] - Object 'Object Repository/FDR-Dashboard/createNewVoucherButton' is present

2020-09-21 10:58:25 - [MESSAGE][PASSED] - Object 'Object Repository/FDR-Dashboard/createNewVoucherButton' is present

2020-09-21 10:58:25 - [MESSAGE][PASSED] - Object 'Object Repository/FDR-Dashboard/createNewVoucherButton' is present

2020-09-21 10:58:26 - [MESSAGE][PASSED] - Object 'Object Repository/FDR-Dashboard/createNewVoucherButton' is present

2020-09-21 10:58:27 - [MESSAGE][PASSED] - Object 'Object Repository/FDR-Dashboard/createNewVoucherButton' is present

2020-09-21 10:58:27 - [MESSAGE][PASSED] - Object 'Object Repository/FDR-Dashboard/createNewVoucherButton' is present

2020-09-21 10:58:28 - [MESSAGE][PASSED] - Object 'Object Repository/FDR-Dashboard/createNewVoucherButton' is present

2020-09-21 10:58:28 - [MESSAGE][PASSED] - Object 'Object Repository/FDR-Dashboard/createNewVoucherButton' is present

2020-09-21 10:58:28 - [TEST_STEP][PASSED] - softAssertion.assertTrue(validate, "Fix Voucher button validation failed"): null

2020-09-21 10:58:28 - [TEST_STEP][PASSED] - click(findTestObject("FDR-Dashboard/Filters/clearFilterButton")): Object: 'Object Repository/FDR-Dashboard/Filters/clearFilterButton' is clicked on

2020-09-21 10:58:29 - [MESSAGE][PASSED] - Object: 'Object Repository/FDR-Dashboard/Filters/clearFilterButton' is clicked on

2020-09-21 10:58:29 - [TEST_STEP][PASSED] - click(findTestObject("FDR-Dashboard/Filters/validateFilterButton")): Object: 'Object Repository/FDR-Dashboard/Filters/validateFilterButton' is clicked on

2020-09-21 10:58:30 - [MESSAGE][PASSED] - Object: 'Object Repository/FDR-Dashboard/Filters/validateFilterButton' is clicked on

2020-09-21 10:58:30 - [TEST_STEP][PASSED] - waitForElementPresent(findTestObject("FDR-VoucherEntry/VoucherHeader/reviewButton"), waitTime): Object 'Object Repository/FDR-VoucherEntry/VoucherHeader/reviewButton' is not present after 3 second(s)

2020-09-21 10:58:34 - [MESSAGE][INFO] - Unable to find the element located by 'By.xpath: //*[@data-id='action-button']//*[contains(text(),'Review')]'. Please recheck the objects properties to make sure the desired element is located. 

2020-09-21 10:58:34 - [MESSAGE][WARNING] - Object 'Object Repository/FDR-VoucherEntry/VoucherHeader/reviewButton' is not present after 3 second(s)

2020-09-21 10:58:34 - [TEST_STEP][PASSED] - waitForElementPresent(findTestObject("FDR-Dashboard/VouhcersTable/validateButton"), waitTime): Object 'Object Repository/FDR-Dashboard/VouhcersTable/validateButton' is present

2020-09-21 10:58:34 - [MESSAGE][PASSED] - Object 'Object Repository/FDR-Dashboard/VouhcersTable/validateButton' is present

2020-09-21 10:58:34 - [TEST_STEP][PASSED] - validate = validators.validateDashboardFilterValidation("Validate"): Object 'Object Repository/FDR-Dashboard/createNewVoucherButton' is present

2020-09-21 10:58:35 - [MESSAGE][PASSED] - Object 'Object Repository/FDR-Dashboard/createNewVoucherButton' is present

2020-09-21 10:58:35 - [MESSAGE][PASSED] - Object 'Object Repository/FDR-Dashboard/createNewVoucherButton' is present

2020-09-21 10:58:36 - [MESSAGE][PASSED] - Object 'Object Repository/FDR-Dashboard/createNewVoucherButton' is present

2020-09-21 10:58:36 - [MESSAGE][PASSED] - Object 'Object Repository/FDR-Dashboard/createNewVoucherButton' is present

2020-09-21 10:58:37 - [MESSAGE][PASSED] - Object 'Object Repository/FDR-Dashboard/createNewVoucherButton' is present

2020-09-21 10:58:37 - [MESSAGE][PASSED] - Object 'Object Repository/FDR-Dashboard/createNewVoucherButton' is present

2020-09-21 10:58:38 - [MESSAGE][PASSED] - Object 'Object Repository/FDR-Dashboard/createNewVoucherButton' is present

2020-09-21 10:58:38 - [MESSAGE][PASSED] - Object 'Object Repository/FDR-Dashboard/createNewVoucherButton' is present

2020-09-21 10:58:38 - [TEST_STEP][PASSED] - softAssertion.assertTrue(validate, "Validate Voucher button validation failed"): null

2020-09-21 10:58:38 - [TEST_STEP][PASSED] - click(findTestObject("FDR-Dashboard/Filters/clearFilterButton")): Object: 'Object Repository/FDR-Dashboard/Filters/clearFilterButton' is clicked on

2020-09-21 10:58:39 - [MESSAGE][PASSED] - Object: 'Object Repository/FDR-Dashboard/Filters/clearFilterButton' is clicked on

2020-09-21 10:58:39 - [TEST_STEP][PASSED] - click(findTestObject("FDR-Dashboard/Filters/resumeFilterButton")): Object: 'Object Repository/FDR-Dashboard/Filters/resumeFilterButton' is clicked on

2020-09-21 10:58:40 - [MESSAGE][PASSED] - Object: 'Object Repository/FDR-Dashboard/Filters/resumeFilterButton' is clicked on

2020-09-21 10:58:40 - [TEST_STEP][PASSED] - click(findTestObject("FDR-Dashboard/Filters/printFilterButton")): Object: 'Object Repository/FDR-Dashboard/Filters/printFilterButton' is clicked on

2020-09-21 10:58:41 - [MESSAGE][PASSED] - Object: 'Object Repository/FDR-Dashboard/Filters/printFilterButton' is clicked on

2020-09-21 10:58:41 - [TEST_STEP][PASSED] - waitForElementPresent(findTestObject("FDR-VoucherEntry/VoucherHeader/reviewButton"), waitTime): Object 'Object Repository/FDR-VoucherEntry/VoucherHeader/reviewButton' is not present after 3 second(s)

2020-09-21 10:58:45 - [MESSAGE][INFO] - Unable to find the element located by 'By.xpath: //*[@data-id='action-button']//*[contains(text(),'Review')]'. Please recheck the objects properties to make sure the desired element is located. 

2020-09-21 10:58:45 - [MESSAGE][WARNING] - Object 'Object Repository/FDR-VoucherEntry/VoucherHeader/reviewButton' is not present after 3 second(s)

2020-09-21 10:58:45 - [TEST_STEP][PASSED] - waitForElementPresent(findTestObject("FDR-Dashboard/VouhcersTable/printButton"), waitTime): Object 'Object Repository/FDR-Dashboard/VouhcersTable/printButton' is not present after 3 second(s)

2020-09-21 10:58:49 - [MESSAGE][INFO] - Unable to find the element located by 'By.xpath: //*[text()='Print']'. Please recheck the objects properties to make sure the desired element is located. 

2020-09-21 10:58:49 - [MESSAGE][WARNING] - Object 'Object Repository/FDR-Dashboard/VouhcersTable/printButton' is not present after 3 second(s)

2020-09-21 10:58:49 - [TEST_STEP][PASSED] - validate = validators.validateDashboardFilterValidation("Resume", "Print"): Object 'Object Repository/FDR-Dashboard/createNewVoucherButton' is present

2020-09-21 10:58:50 - [MESSAGE][PASSED] - Object 'Object Repository/FDR-Dashboard/createNewVoucherButton' is present

2020-09-21 10:58:50 - [MESSAGE][PASSED] - Object 'Object Repository/FDR-Dashboard/createNewVoucherButton' is present

2020-09-21 10:58:51 - [MESSAGE][PASSED] - Object 'Object Repository/FDR-Dashboard/createNewVoucherButton' is present

2020-09-21 10:58:51 - [MESSAGE][PASSED] - Object 'Object Repository/FDR-Dashboard/createNewVoucherButton' is present

2020-09-21 10:58:52 - [MESSAGE][PASSED] - Object 'Object Repository/FDR-Dashboard/createNewVoucherButton' is present

2020-09-21 10:58:52 - [MESSAGE][PASSED] - Object 'Object Repository/FDR-Dashboard/createNewVoucherButton' is present

2020-09-21 10:58:53 - [MESSAGE][PASSED] - Object 'Object Repository/FDR-Dashboard/createNewVoucherButton' is present

2020-09-21 10:58:53 - [MESSAGE][PASSED] - Object 'Object Repository/FDR-Dashboard/createNewVoucherButton' is present

2020-09-21 10:58:54 - [MESSAGE][PASSED] - Object 'Object Repository/FDR-Dashboard/createNewVoucherButton' is present

2020-09-21 10:58:54 - [TEST_STEP][PASSED] - softAssertion.assertTrue(validate, "Voucher and Print voucher buttons combination validation failed"): null

2020-09-21 10:58:54 - [TEST_STEP][PASSED] - click(findTestObject("FDR-Dashboard/Filters/clearFilterButton")): Object: 'Object Repository/FDR-Dashboard/Filters/clearFilterButton' is clicked on

2020-09-21 10:58:54 - [MESSAGE][PASSED] - Object: 'Object Repository/FDR-Dashboard/Filters/clearFilterButton' is clicked on

2020-09-21 10:58:54 - [TEST_STEP][PASSED] - click(findTestObject("FDR-Dashboard/Filters/fixFilterButton")): Object: 'Object Repository/FDR-Dashboard/Filters/fixFilterButton' is clicked on

2020-09-21 10:58:55 - [MESSAGE][PASSED] - Object: 'Object Repository/FDR-Dashboard/Filters/fixFilterButton' is clicked on

2020-09-21 10:58:55 - [TEST_STEP][PASSED] - click(findTestObject("FDR-Dashboard/Filters/validateFilterButton")): Object: 'Object Repository/FDR-Dashboard/Filters/validateFilterButton' is clicked on

2020-09-21 10:58:56 - [MESSAGE][PASSED] - Object: 'Object Repository/FDR-Dashboard/Filters/validateFilterButton' is clicked on

2020-09-21 10:58:56 - [TEST_STEP][PASSED] - waitForElementPresent(findTestObject("FDR-VoucherEntry/VoucherHeader/reviewButton"), waitTime): Object 'Object Repository/FDR-VoucherEntry/VoucherHeader/reviewButton' is not present after 3 second(s)

2020-09-21 10:59:01 - [MESSAGE][INFO] - Unable to find the element located by 'By.xpath: //*[@data-id='action-button']//*[contains(text(),'Review')]'. Please recheck the objects properties to make sure the desired element is located. 

2020-09-21 10:59:01 - [MESSAGE][WARNING] - Object 'Object Repository/FDR-VoucherEntry/VoucherHeader/reviewButton' is not present after 3 second(s)

2020-09-21 10:59:01 - [TEST_STEP][PASSED] - waitForElementPresent(findTestObject("FDR-Dashboard/VouhcersTable/validateButton"), waitTime): Object 'Object Repository/FDR-Dashboard/VouhcersTable/validateButton' is not present after 3 second(s)

2020-09-21 10:59:05 - [MESSAGE][INFO] - Unable to find the element located by 'By.xpath: //*[text()='Validate']'. Please recheck the objects properties to make sure the desired element is located. 

2020-09-21 10:59:05 - [MESSAGE][WARNING] - Object 'Object Repository/FDR-Dashboard/VouhcersTable/validateButton' is not present after 3 second(s)

2020-09-21 10:59:05 - [TEST_STEP][PASSED] - waitForElementPresent(findTestObject("FDR-VoucherEntry/VoucherHeader/reviewButton"), waitTime): Object 'Object Repository/FDR-VoucherEntry/VoucherHeader/reviewButton' is not present after 3 second(s)

2020-09-21 10:59:09 - [MESSAGE][INFO] - Unable to find the element located by 'By.xpath: //*[@data-id='action-button']//*[contains(text(),'Review')]'. Please recheck the objects properties to make sure the desired element is located. 

2020-09-21 10:59:09 - [MESSAGE][WARNING] - Object 'Object Repository/FDR-VoucherEntry/VoucherHeader/reviewButton' is not present after 3 second(s)

2020-09-21 10:59:09 - [TEST_STEP][PASSED] - waitForElementPresent(findTestObject("FDR-Dashboard/VouhcersTable/fixButton"), waitTime): Object 'Object Repository/FDR-Dashboard/VouhcersTable/fixButton' is present

2020-09-21 10:59:09 - [MESSAGE][PASSED] - Object 'Object Repository/FDR-Dashboard/VouhcersTable/fixButton' is present

2020-09-21 10:59:09 - [TEST_STEP][PASSED] - validate = validators.validateDashboardFilterValidation("Fix", "Validate"): Object 'Object Repository/FDR-Dashboard/createNewVoucherButton' is present

2020-09-21 10:59:10 - [MESSAGE][PASSED] - Object 'Object Repository/FDR-Dashboard/createNewVoucherButton' is present

2020-09-21 10:59:10 - [MESSAGE][PASSED] - Object 'Object Repository/FDR-Dashboard/createNewVoucherButton' is present

2020-09-21 10:59:11 - [MESSAGE][PASSED] - Object 'Object Repository/FDR-Dashboard/createNewVoucherButton' is present

2020-09-21 10:59:11 - [MESSAGE][PASSED] - Object 'Object Repository/FDR-Dashboard/createNewVoucherButton' is present

2020-09-21 10:59:12 - [MESSAGE][PASSED] - Object 'Object Repository/FDR-Dashboard/createNewVoucherButton' is present

2020-09-21 10:59:12 - [MESSAGE][PASSED] - Object 'Object Repository/FDR-Dashboard/createNewVoucherButton' is present

2020-09-21 10:59:13 - [MESSAGE][PASSED] - Object 'Object Repository/FDR-Dashboard/createNewVoucherButton' is present

2020-09-21 10:59:13 - [MESSAGE][PASSED] - Object 'Object Repository/FDR-Dashboard/createNewVoucherButton' is present

2020-09-21 10:59:14 - [MESSAGE][PASSED] - Object 'Object Repository/FDR-Dashboard/createNewVoucherButton' is present

2020-09-21 10:59:14 - [TEST_STEP][PASSED] - softAssertion.assertTrue(validate, "Fix voucher  and validate voucher buttons combination validation failed"): null

2020-09-21 10:59:14 - [TEST_STEP][PASSED] - click(findTestObject("FDR-Dashboard/Filters/clearFilterButton")): Object: 'Object Repository/FDR-Dashboard/Filters/clearFilterButton' is clicked on

2020-09-21 10:59:14 - [MESSAGE][PASSED] - Object: 'Object Repository/FDR-Dashboard/Filters/clearFilterButton' is clicked on

2020-09-21 10:59:14 - [TEST_STEP][PASSED] - click(findTestObject("FDR-Dashboard/Filters/resumeFilterButton")): Object: 'Object Repository/FDR-Dashboard/Filters/resumeFilterButton' is clicked on

2020-09-21 10:59:15 - [MESSAGE][PASSED] - Object: 'Object Repository/FDR-Dashboard/Filters/resumeFilterButton' is clicked on

2020-09-21 10:59:15 - [TEST_STEP][PASSED] - click(findTestObject("FDR-Dashboard/Filters/printFilterButton")): Object: 'Object Repository/FDR-Dashboard/Filters/printFilterButton' is clicked on

2020-09-21 10:59:16 - [MESSAGE][PASSED] - Object: 'Object Repository/FDR-Dashboard/Filters/printFilterButton' is clicked on

2020-09-21 10:59:16 - [TEST_STEP][PASSED] - click(findTestObject("FDR-Dashboard/Filters/fixFilterButton")): Object: 'Object Repository/FDR-Dashboard/Filters/fixFilterButton' is clicked on

2020-09-21 10:59:17 - [MESSAGE][PASSED] - Object: 'Object Repository/FDR-Dashboard/Filters/fixFilterButton' is clicked on

2020-09-21 10:59:17 - [TEST_STEP][PASSED] - waitForElementPresent(findTestObject("FDR-Dashboard/VouhcersTable/fixButton"), waitTime): Object 'Object Repository/FDR-Dashboard/VouhcersTable/fixButton' is present

2020-09-21 10:59:18 - [MESSAGE][PASSED] - Object 'Object Repository/FDR-Dashboard/VouhcersTable/fixButton' is present

2020-09-21 10:59:18 - [TEST_STEP][PASSED] - validate = validators.validateDashboardFilterValidation("Resume", "Print", "Fix"): Object 'Object Repository/FDR-Dashboard/createNewVoucherButton' is present

2020-09-21 10:59:19 - [MESSAGE][PASSED] - Object 'Object Repository/FDR-Dashboard/createNewVoucherButton' is present

2020-09-21 10:59:19 - [MESSAGE][PASSED] - Object 'Object Repository/FDR-Dashboard/createNewVoucherButton' is present

2020-09-21 10:59:20 - [MESSAGE][PASSED] - Object 'Object Repository/FDR-Dashboard/createNewVoucherButton' is present

2020-09-21 10:59:20 - [MESSAGE][PASSED] - Object 'Object Repository/FDR-Dashboard/createNewVoucherButton' is present

2020-09-21 10:59:21 - [MESSAGE][PASSED] - Object 'Object Repository/FDR-Dashboard/createNewVoucherButton' is present

2020-09-21 10:59:21 - [MESSAGE][PASSED] - Object 'Object Repository/FDR-Dashboard/createNewVoucherButton' is present

2020-09-21 10:59:22 - [MESSAGE][PASSED] - Object 'Object Repository/FDR-Dashboard/createNewVoucherButton' is present

2020-09-21 10:59:22 - [MESSAGE][PASSED] - Object 'Object Repository/FDR-Dashboard/createNewVoucherButton' is present

2020-09-21 10:59:23 - [MESSAGE][PASSED] - Object 'Object Repository/FDR-Dashboard/createNewVoucherButton' is present

2020-09-21 10:59:23 - [TEST_STEP][PASSED] - softAssertion.assertTrue(validate, "Voucher, Print voucher and Fix voucher buttons combination validation failed"): null

2020-09-21 10:59:23 - [TEST_STEP][PASSED] - click(findTestObject("FDR-Dashboard/Filters/clearFilterButton")): Object: 'Object Repository/FDR-Dashboard/Filters/clearFilterButton' is clicked on

2020-09-21 10:59:23 - [MESSAGE][PASSED] - Object: 'Object Repository/FDR-Dashboard/Filters/clearFilterButton' is clicked on

2020-09-21 10:59:23 - [TEST_STEP][PASSED] - click(findTestObject("FDR-Dashboard/Filters/validateFilterButton")): Object: 'Object Repository/FDR-Dashboard/Filters/validateFilterButton' is clicked on

2020-09-21 10:59:24 - [MESSAGE][PASSED] - Object: 'Object Repository/FDR-Dashboard/Filters/validateFilterButton' is clicked on

2020-09-21 10:59:24 - [TEST_STEP][PASSED] - click(findTestObject("FDR-Dashboard/Filters/printFilterButton")): Object: 'Object Repository/FDR-Dashboard/Filters/printFilterButton' is clicked on

2020-09-21 10:59:26 - [MESSAGE][PASSED] - Object: 'Object Repository/FDR-Dashboard/Filters/printFilterButton' is clicked on

2020-09-21 10:59:26 - [TEST_STEP][PASSED] - click(findTestObject("FDR-Dashboard/Filters/fixFilterButton")): Object: 'Object Repository/FDR-Dashboard/Filters/fixFilterButton' is clicked on

2020-09-21 10:59:27 - [MESSAGE][PASSED] - Object: 'Object Repository/FDR-Dashboard/Filters/fixFilterButton' is clicked on

2020-09-21 10:59:27 - [TEST_STEP][PASSED] - waitForElementPresent(findTestObject("FDR-VoucherEntry/VoucherHeader/reviewButton"), waitTime): Object 'Object Repository/FDR-VoucherEntry/VoucherHeader/reviewButton' is not present after 3 second(s)

2020-09-21 10:59:31 - [MESSAGE][INFO] - Unable to find the element located by 'By.xpath: //*[@data-id='action-button']//*[contains(text(),'Review')]'. Please recheck the objects properties to make sure the desired element is located. 

2020-09-21 10:59:31 - [MESSAGE][WARNING] - Object 'Object Repository/FDR-VoucherEntry/VoucherHeader/reviewButton' is not present after 3 second(s)

2020-09-21 10:59:31 - [TEST_STEP][PASSED] - waitForElementPresent(findTestObject("FDR-Dashboard/VouhcersTable/fixButton"), waitTime): Object 'Object Repository/FDR-Dashboard/VouhcersTable/fixButton' is present

2020-09-21 10:59:31 - [MESSAGE][PASSED] - Object 'Object Repository/FDR-Dashboard/VouhcersTable/fixButton' is present

2020-09-21 10:59:31 - [TEST_STEP][PASSED] - validate = validators.validateDashboardFilterValidation("Validate", "Print", "Fix"): Object 'Object Repository/FDR-Dashboard/createNewVoucherButton' is present

2020-09-21 10:59:31 - [MESSAGE][PASSED] - Object 'Object Repository/FDR-Dashboard/createNewVoucherButton' is present

2020-09-21 10:59:32 - [MESSAGE][PASSED] - Object 'Object Repository/FDR-Dashboard/createNewVoucherButton' is present

2020-09-21 10:59:32 - [MESSAGE][PASSED] - Object 'Object Repository/FDR-Dashboard/createNewVoucherButton' is present

2020-09-21 10:59:33 - [MESSAGE][PASSED] - Object 'Object Repository/FDR-Dashboard/createNewVoucherButton' is present

2020-09-21 10:59:33 - [MESSAGE][PASSED] - Object 'Object Repository/FDR-Dashboard/createNewVoucherButton' is present

2020-09-21 10:59:34 - [MESSAGE][PASSED] - Object 'Object Repository/FDR-Dashboard/createNewVoucherButton' is present

2020-09-21 10:59:34 - [MESSAGE][PASSED] - Object 'Object Repository/FDR-Dashboard/createNewVoucherButton' is present

2020-09-21 10:59:35 - [MESSAGE][PASSED] - Object 'Object Repository/FDR-Dashboard/createNewVoucherButton' is present

2020-09-21 10:59:36 - [MESSAGE][PASSED] - Object 'Object Repository/FDR-Dashboard/createNewVoucherButton' is present

2020-09-21 10:59:36 - [TEST_STEP][PASSED] - softAssertion.assertTrue(validate, " Validate voucher, Print voucher and Fix voucher buttons combination validation failed"): null

2020-09-21 10:59:36 - [TEST_STEP][PASSED] - click(findTestObject("FDR-Dashboard/Filters/clearFilterButton")): Object: 'Object Repository/FDR-Dashboard/Filters/clearFilterButton' is clicked on

2020-09-21 10:59:36 - [MESSAGE][PASSED] - Object: 'Object Repository/FDR-Dashboard/Filters/clearFilterButton' is clicked on

2020-09-21 10:59:36 - [TEST_STEP][PASSED] - commonFunctions.logout(): Browser is closed

2020-09-21 10:59:37 - [MESSAGE][PASSED] - Browser is closed

2020-09-21 10:59:37 - [TEST_STEP][PASSED] - Start listener action : sampleAfterTestCase: null

2020-09-21 10:59:37 - [TEST_STEP][PASSED] - profileName = getExecutionProfile(): null

2020-09-21 10:59:37 - [TEST_STEP][PASSED] - switch (profileName): null

2020-09-21 10:59:37 - [TEST_STEP][PASSED] - case "superUser":: null

2020-09-21 10:59:37 - [TEST_STEP][PASSED] - return null: null

2020-09-21 10:59:37 - [TEST_STEP][PASSED] - Start listener action : afterTestCase: null

2020-09-21 10:59:37 - [TEST_STEP][PASSED] - profileName = getExecutionProfile(): null

2020-09-21 10:59:37 - [TEST_STEP][PASSED] - if (profileName.equalsIgnoreCase("SysAdmin")): null

2020-09-21 10:59:37 - [TEST_STEP][PASSED] - Start listener action : sampleAfterTestCase: null

2020-09-21 10:59:37 - [TEST_STEP][PASSED] - profileName = getExecutionProfile(): null

2020-09-21 10:59:37 - [TEST_STEP][PASSED] - switch (profileName): null

2020-09-21 10:59:37 - [TEST_STEP][PASSED] - Default: null

2020-09-21 10:59:37 - [TEST_STEP][PASSED] - return null: null

2020-09-21 10:59:37 - [TEST_STEP][PASSED] - Start listener action : addFailedTCToList: null]]></system-out>
         <system-err><![CDATA[]]></system-err>
      </testcase>
      <system-out><![CDATA[2020-09-21 10:57:09 - [TEST_SUITE][PASSED] - FDR_ProductionSmokeTest: Test Cases/FDR_Production_SmokeTest/FDR-Dashboard-Filters]]></system-out>
      <system-err><![CDATA[]]></system-err>
   </testsuite>
</testsuites>
