<?xml version="1.0" encoding="UTF-8"?>
<testsuites name="Voucher-Integration_Suite" time="2796.643" tests="17" failures="1" errors="0">
   <testsuite name="Voucher-Integration_Suite" tests="17" failures="1" errors="0" time="2796.643" timestamp="2020-09-15 14:22:14" hostname="nagesh.allu - DESKTOP-9VU7G8T.attlocal.net" id="Test Suites/Voucher-Integration_Suite">
      <properties>
         <property name="deviceName" value=""/>
         <property name="devicePlatform" value=""/>
         <property name="logFolder" value="C:\\fdr-automation-develop_08_25_2020\\Reports\\20200915_142206\\Voucher-Integration_Suite\\20200915_142207"/>
         <property name="logFiles" value="C:\\fdr-automation-develop_08_25_2020\\Reports\\20200915_142206\\Voucher-Integration_Suite\\20200915_142207\\execution0.log"/>
         <property name="attachments" value="C:\\fdr-automation-develop_08_25_2020\\Reports\\20200915_142206\\Voucher-Integration_Suite\\20200915_142207\\1600205280354.png, C:\\fdr-automation-develop_08_25_2020\\Reports\\20200915_142206\\Voucher-Integration_Suite\\20200915_142207\\1600205285014.png, C:\\fdr-automation-develop_08_25_2020\\Reports\\20200915_142206\\Voucher-Integration_Suite\\20200915_142207\\1600205286691.png, C:\\fdr-automation-develop_08_25_2020\\Reports\\20200915_142206\\Voucher-Integration_Suite\\20200915_142207\\1600205289296.png, C:\\fdr-automation-develop_08_25_2020\\Reports\\20200915_142206\\Voucher-Integration_Suite\\20200915_142207\\1600205299479.png, C:\\fdr-automation-develop_08_25_2020\\Reports\\20200915_142206\\Voucher-Integration_Suite\\20200915_142207\\1600205317121.png, C:\\fdr-automation-develop_08_25_2020\\Reports\\20200915_142206\\Voucher-Integration_Suite\\20200915_142207\\1600205326869.png, C:\\fdr-automation-develop_08_25_2020\\Reports\\20200915_142206\\Voucher-Integration_Suite\\20200915_142207\\1600205342017.png, C:\\fdr-automation-develop_08_25_2020\\Reports\\20200915_142206\\Voucher-Integration_Suite\\20200915_142207\\1600205349657.png, C:\\fdr-automation-develop_08_25_2020\\Reports\\20200915_142206\\Voucher-Integration_Suite\\20200915_142207\\1600205354082.png, C:\\fdr-automation-develop_08_25_2020\\Reports\\20200915_142206\\Voucher-Integration_Suite\\20200915_142207\\1600205361608.png, C:\\fdr-automation-develop_08_25_2020\\Reports\\20200915_142206\\Voucher-Integration_Suite\\20200915_142207\\1600205369119.png"/>
         <property name="hostName" value="nagesh.allu - DESKTOP-9VU7G8T.attlocal.net"/>
         <property name="os" value="Windows 10 64bit"/>
         <property name="katalonVersion" value="7.6.6.205"/>
         <property name="browser" value="Chrome 85.0.4183.102"/>
         <property name="hostAddress" value="192.168.1.188"/>
         <property name="sessionId" value="9d282ebdfbbe1502495b88ccda2d43bc"/>
         <property name="seleniumVersion" value="3.141.59"/>
         <property name="proxyInformation" value="ProxyInformation { proxyOption=NO_PROXY, proxyServerType=HTTP, username=, password=********, proxyServerAddress=, proxyServerPort=0, executionList=&quot;&quot;, isApplyToDesiredCapabilities=true }"/>
         <property name="platform" value="Windows 10"/>
      </properties>
      <testcase name="Test Cases/WEB-UI-TESTS/Voucher/FDR-Validate-Pagination" time="50.539" classname="Test Cases/WEB-UI-TESTS/Voucher/FDR-Validate-Pagination" status="PASSED">
         <system-out><![CDATA[2020-09-15 14:22:15 - [TEST_CASE][PASSED] - Test Cases/WEB-UI-TESTS/Voucher/FDR-Validate-Pagination: Test Cases/WEB-UI-TESTS/Voucher/FDR-Validate-Pagination

2020-09-15 14:22:15 - [TEST_STEP][PASSED] - Start listener action : sampleBeforeTestCase: null

2020-09-15 14:22:15 - [TEST_STEP][PASSED] - profileName = getExecutionProfile(): null

2020-09-15 14:22:15 - [TEST_STEP][PASSED] - switch (profileName): null

2020-09-15 14:22:15 - [TEST_STEP][PASSED] - case "superUser":: null

2020-09-15 14:22:15 - [TEST_STEP][PASSED] - return null: null

2020-09-15 14:22:15 - [TEST_STEP][PASSED] - Start listener action : beforeTestCase: null

2020-09-15 14:22:15 - [TEST_STEP][PASSED] - profileName = getExecutionProfile(): null

2020-09-15 14:22:15 - [TEST_STEP][PASSED] - if (profileName.equalsIgnoreCase("SysAdmin")): null

2020-09-15 14:22:15 - [TEST_STEP][PASSED] - Start listener action : sampleBeforeTestCase: Navigate to 'https://fdr-katalon.cammis-mod-dev.dhcs.ca.gov' successfully

2020-09-15 14:22:15 - [TEST_STEP][PASSED] - profileName = getExecutionProfile(): null

2020-09-15 14:22:15 - [TEST_STEP][PASSED] - testCaseId = testCaseContext.getTestCaseId(): null

2020-09-15 14:22:15 - [TEST_STEP][PASSED] - switch (profileName): null

2020-09-15 14:22:15 - [TEST_STEP][PASSED] - case "Voucher":: null

2020-09-15 14:22:15 - [TEST_STEP][PASSED] - Uifunctions.loginFDR(accountsApproverAcc2, accountsApproverAcc2Pwd): Object: 'Object Repository/FDR-SignIn/SignInButton' is clicked on

2020-09-15 14:22:15 - [MESSAGE][INFO] - Starting 'Chrome' driver

2020-09-15 14:22:15 - [MESSAGE][INFO] - Action delay is set to 0 milliseconds

2020-09-15 14:22:19 - [MESSAGE][PASSED] - Browser is opened with url: ''

2020-09-15 14:22:22 - [MESSAGE][PASSED] - Current window maximized

2020-09-15 14:22:23 - [MESSAGE][PASSED] - Navigate to 'https://fdr-katalon.cammis-mod-dev.dhcs.ca.gov' successfully

2020-09-15 14:22:24 - [MESSAGE][PASSED] - Object 'Object Repository/FDR-SignIn/SignInEmail' is present

2020-09-15 14:22:24 - [MESSAGE][PASSED] - Object: 'Object Repository/FDR-SignIn/SignInEmail' is clicked on

2020-09-15 14:22:25 - [MESSAGE][PASSED] - Object 'Object Repository/FDR-SignIn/SignInEmail' is present

2020-09-15 14:22:25 - [MESSAGE][PASSED] - Text 'fdr.test2@dhcs.ca.gov' is set on object 'Object Repository/FDR-SignIn/SignInEmail'

2020-09-15 14:22:26 - [MESSAGE][PASSED] - Object 'Object Repository/FDR-SignIn/SignInEmailNext' is visible

2020-09-15 14:22:26 - [MESSAGE][PASSED] - Object: 'Object Repository/FDR-SignIn/SignInEmailNext' is clicked on

2020-09-15 14:22:29 - [MESSAGE][PASSED] - Object 'Object Repository/FDR-SignIn/SignInEmailPassword' is visible

2020-09-15 14:22:29 - [MESSAGE][PASSED] - Object: 'Object Repository/FDR-SignIn/SignInEmailPassword' is clicked on

2020-09-15 14:22:30 - [MESSAGE][PASSED] - Text ****** has been set on object 'Object Repository/FDR-SignIn/SignInEmailPassword'

2020-09-15 14:22:32 - [MESSAGE][PASSED] - Object: 'Object Repository/FDR-SignIn/SignInButton' is clicked on

2020-09-15 14:22:32 - [TEST_STEP][PASSED] - break: null

2020-09-15 14:22:32 - [TEST_STEP][PASSED] - navigateToUrl(URL): Navigate to 'https://fdr-katalon.cammis-mod-dev.dhcs.ca.gov' successfully

2020-09-15 14:22:32 - [MESSAGE][PASSED] - Navigate to 'https://fdr-katalon.cammis-mod-dev.dhcs.ca.gov' successfully

2020-09-15 14:22:32 - [TEST_STEP][PASSED] - Start listener action : executeRows: null

2020-09-15 14:22:32 - [TEST_STEP][PASSED] - Start setup action : setupTestCase: Method 'setupTestCase' complete successfully

2020-09-15 14:22:32 - [MESSAGE][PASSED] - Method 'setupTestCase' complete successfully

2020-09-15 14:22:32 - [TEST_STEP][PASSED] - waitForElementPresent(findTestObject("FDR-VoucherEntry/Voucher/voucherText"), 3): Object 'Object Repository/FDR-VoucherEntry/Voucher/voucherText' is not present after 3 second(s)

2020-09-15 14:22:37 - [MESSAGE][INFO] - Unable to find the element located by 'By.xpath: //*[text()='New Voucher']'. Please recheck the objects properties to make sure the desired element is located. 

2020-09-15 14:22:37 - [MESSAGE][WARNING] - Object 'Object Repository/FDR-VoucherEntry/Voucher/voucherText' is not present after 3 second(s)

2020-09-15 14:22:37 - [TEST_STEP][PASSED] - scrollToPosition(99999, 99999, STOP_ON_FAILURE): Browser is scrolled to position x = 99999, y = 99999

2020-09-15 14:22:37 - [MESSAGE][PASSED] - Browser is scrolled to position x = 99999, y = 99999

2020-09-15 14:22:37 - [TEST_STEP][PASSED] - verifyElementVisible(findTestObject("FDR-Dashboard/Pagination/rowsPerPage"), STOP_ON_FAILURE): Object 'Object Repository/FDR-Dashboard/Pagination/rowsPerPage' is visible

2020-09-15 14:22:37 - [MESSAGE][PASSED] - Object 'Object Repository/FDR-Dashboard/Pagination/rowsPerPage' is visible

2020-09-15 14:22:37 - [TEST_STEP][PASSED] - verifyElementText(findTestObject("FDR-Dashboard/Pagination/listBox"), "10"): Actual text and expected text of test object 'Object Repository/FDR-Dashboard/Pagination/listBox' are matched.

2020-09-15 14:22:37 - [MESSAGE][PASSED] - Actual text and expected text of test object 'Object Repository/FDR-Dashboard/Pagination/listBox' are matched.

2020-09-15 14:22:37 - [TEST_STEP][PASSED] - paginationIndicatorText = getText(findTestObject("FDR-Dashboard/Pagination/paginationIndicator")): Text of object 'Object Repository/FDR-Dashboard/Pagination/paginationIndicator' is: '1-10 of 345'

2020-09-15 14:22:38 - [MESSAGE][PASSED] - Text of object 'Object Repository/FDR-Dashboard/Pagination/paginationIndicator' is: '1-10 of 345'

2020-09-15 14:22:38 - [TEST_STEP][PASSED] - totalVouchers = paginationIndicatorText.split("of ")[1]: null

2020-09-15 14:22:38 - [TEST_STEP][PASSED] - rowsPerPage = getText(findTestObject("FDR-Dashboard/Pagination/listBox")): Text of object 'Object Repository/FDR-Dashboard/Pagination/listBox' is: '10'

2020-09-15 14:22:38 - [MESSAGE][PASSED] - Text of object 'Object Repository/FDR-Dashboard/Pagination/listBox' is: '10'

2020-09-15 14:22:38 - [TEST_STEP][PASSED] - assert validators.validateDashboardPagination(totalVouchers, rowsPerPage) == true: null

2020-09-15 14:22:38 - [TEST_STEP][PASSED] - waitForElementPresent(findTestObject("FDR-VoucherEntry/Voucher/voucherText"), 2): Object 'Object Repository/FDR-VoucherEntry/Voucher/voucherText' is not present after 2 second(s)

2020-09-15 14:22:41 - [MESSAGE][INFO] - Unable to find the element located by 'By.xpath: //*[text()='New Voucher']'. Please recheck the objects properties to make sure the desired element is located. 

2020-09-15 14:22:41 - [MESSAGE][WARNING] - Object 'Object Repository/FDR-VoucherEntry/Voucher/voucherText' is not present after 2 second(s)

2020-09-15 14:22:41 - [TEST_STEP][PASSED] - if (totalVouchers > 10): Object 'Object Repository/FDR-VoucherEntry/Voucher/voucherText' is not present after 2 second(s)

2020-09-15 14:22:41 - [TEST_STEP][PASSED] - click(findTestObject("FDR-Dashboard/Pagination/paginationRight")): Object: 'Object Repository/FDR-Dashboard/Pagination/paginationRight' is clicked on

2020-09-15 14:22:42 - [MESSAGE][PASSED] - Object: 'Object Repository/FDR-Dashboard/Pagination/paginationRight' is clicked on

2020-09-15 14:22:42 - [TEST_STEP][PASSED] - waitForElementPresent(findTestObject("FDR-VoucherEntry/Voucher/voucherText"), 2): Object 'Object Repository/FDR-VoucherEntry/Voucher/voucherText' is not present after 2 second(s)

2020-09-15 14:22:45 - [MESSAGE][INFO] - Unable to find the element located by 'By.xpath: //*[text()='New Voucher']'. Please recheck the objects properties to make sure the desired element is located. 

2020-09-15 14:22:45 - [MESSAGE][WARNING] - Object 'Object Repository/FDR-VoucherEntry/Voucher/voucherText' is not present after 2 second(s)

2020-09-15 14:22:45 - [TEST_STEP][PASSED] - assert validators.validateDashboardPagination(totalVouchers - 10, rowsPerPage) == true: null

2020-09-15 14:22:45 - [TEST_STEP][PASSED] - click(findTestObject("FDR-Dashboard/Pagination/paginationLeft")): Object: 'Object Repository/FDR-Dashboard/Pagination/paginationLeft' is clicked on

2020-09-15 14:22:46 - [MESSAGE][PASSED] - Object: 'Object Repository/FDR-Dashboard/Pagination/paginationLeft' is clicked on

2020-09-15 14:22:46 - [TEST_STEP][PASSED] - waitForElementPresent(findTestObject("FDR-VoucherEntry/Voucher/voucherText"), 2): Object 'Object Repository/FDR-VoucherEntry/Voucher/voucherText' is not present after 2 second(s)

2020-09-15 14:22:49 - [MESSAGE][INFO] - Unable to find the element located by 'By.xpath: //*[text()='New Voucher']'. Please recheck the objects properties to make sure the desired element is located. 

2020-09-15 14:22:49 - [MESSAGE][WARNING] - Object 'Object Repository/FDR-VoucherEntry/Voucher/voucherText' is not present after 2 second(s)

2020-09-15 14:22:49 - [TEST_STEP][PASSED] - markPassed("Pagination Validation for 10 rows per page"): Pagination Validation for 10 rows per page

2020-09-15 14:22:49 - [MESSAGE][PASSED] - Pagination Validation for 10 rows per page

2020-09-15 14:22:49 - [TEST_STEP][PASSED] - scrollToElement(findTestObject("FDR-Dashboard/Pagination/listBox"), 3): Scroll to object 'Object Repository/FDR-Dashboard/Pagination/listBox' successfully

2020-09-15 14:22:49 - [MESSAGE][PASSED] - Scroll to object 'Object Repository/FDR-Dashboard/Pagination/listBox' successfully

2020-09-15 14:22:49 - [TEST_STEP][PASSED] - click(findTestObject("FDR-Dashboard/Pagination/listBox")): Object: 'Object Repository/FDR-Dashboard/Pagination/listBox' is clicked on

2020-09-15 14:22:49 - [MESSAGE][PASSED] - Object: 'Object Repository/FDR-Dashboard/Pagination/listBox' is clicked on

2020-09-15 14:22:49 - [TEST_STEP][PASSED] - waitForElementPresent(findTestObject("FDR-Dashboard/Pagination/listBox"), 2): Object 'Object Repository/FDR-Dashboard/Pagination/listBox' is present

2020-09-15 14:22:50 - [MESSAGE][PASSED] - Object 'Object Repository/FDR-Dashboard/Pagination/listBox' is present

2020-09-15 14:22:50 - [TEST_STEP][PASSED] - click(findTestObject("FDR-Dashboard/Pagination/listbox25"), STOP_ON_FAILURE): Object: 'Object Repository/FDR-Dashboard/Pagination/listbox25' is clicked on

2020-09-15 14:22:50 - [MESSAGE][PASSED] - Object: 'Object Repository/FDR-Dashboard/Pagination/listbox25' is clicked on

2020-09-15 14:22:50 - [TEST_STEP][PASSED] - waitForElementPresent(findTestObject("FDR-VoucherEntry/Voucher/voucherText"), 2): Object 'Object Repository/FDR-VoucherEntry/Voucher/voucherText' is not present after 2 second(s)

2020-09-15 14:22:53 - [MESSAGE][INFO] - Unable to find the element located by 'By.xpath: //*[text()='New Voucher']'. Please recheck the objects properties to make sure the desired element is located. 

2020-09-15 14:22:53 - [MESSAGE][WARNING] - Object 'Object Repository/FDR-VoucherEntry/Voucher/voucherText' is not present after 2 second(s)

2020-09-15 14:22:53 - [TEST_STEP][PASSED] - rowsPerPage = getText(findTestObject("FDR-Dashboard/Pagination/listBox")): Text of object 'Object Repository/FDR-Dashboard/Pagination/listBox' is: '25'

2020-09-15 14:22:53 - [MESSAGE][PASSED] - Text of object 'Object Repository/FDR-Dashboard/Pagination/listBox' is: '25'

2020-09-15 14:22:53 - [TEST_STEP][PASSED] - assert validators.validateDashboardPagination(totalVouchers, rowsPerPage) == true: null

2020-09-15 14:22:54 - [TEST_STEP][PASSED] - waitForElementPresent(findTestObject("FDR-VoucherEntry/Voucher/voucherText"), 2): Object 'Object Repository/FDR-VoucherEntry/Voucher/voucherText' is not present after 2 second(s)

2020-09-15 14:22:57 - [MESSAGE][INFO] - Unable to find the element located by 'By.xpath: //*[text()='New Voucher']'. Please recheck the objects properties to make sure the desired element is located. 

2020-09-15 14:22:57 - [MESSAGE][WARNING] - Object 'Object Repository/FDR-VoucherEntry/Voucher/voucherText' is not present after 2 second(s)

2020-09-15 14:22:57 - [TEST_STEP][PASSED] - if (totalVouchers > 25): Object 'Object Repository/FDR-VoucherEntry/Voucher/voucherText' is not present after 2 second(s)

2020-09-15 14:22:57 - [TEST_STEP][PASSED] - click(findTestObject("FDR-Dashboard/Pagination/paginationRight")): Object: 'Object Repository/FDR-Dashboard/Pagination/paginationRight' is clicked on

2020-09-15 14:22:57 - [MESSAGE][PASSED] - Object: 'Object Repository/FDR-Dashboard/Pagination/paginationRight' is clicked on

2020-09-15 14:22:57 - [TEST_STEP][PASSED] - waitForElementPresent(findTestObject("FDR-VoucherEntry/Voucher/voucherText"), 2): Object 'Object Repository/FDR-VoucherEntry/Voucher/voucherText' is not present after 2 second(s)

2020-09-15 14:23:00 - [MESSAGE][INFO] - Unable to find the element located by 'By.xpath: //*[text()='New Voucher']'. Please recheck the objects properties to make sure the desired element is located. 

2020-09-15 14:23:00 - [MESSAGE][WARNING] - Object 'Object Repository/FDR-VoucherEntry/Voucher/voucherText' is not present after 2 second(s)

2020-09-15 14:23:00 - [TEST_STEP][PASSED] - assert validators.validateDashboardPagination(totalVouchers - 25, rowsPerPage) == true: null

2020-09-15 14:23:01 - [TEST_STEP][PASSED] - click(findTestObject("FDR-Dashboard/Pagination/paginationLeft")): Object: 'Object Repository/FDR-Dashboard/Pagination/paginationLeft' is clicked on

2020-09-15 14:23:01 - [MESSAGE][PASSED] - Object: 'Object Repository/FDR-Dashboard/Pagination/paginationLeft' is clicked on

2020-09-15 14:23:01 - [TEST_STEP][PASSED] - waitForElementPresent(findTestObject("FDR-VoucherEntry/Voucher/voucherText"), 2): Object 'Object Repository/FDR-VoucherEntry/Voucher/voucherText' is not present after 2 second(s)

2020-09-15 14:23:04 - [MESSAGE][INFO] - Unable to find the element located by 'By.xpath: //*[text()='New Voucher']'. Please recheck the objects properties to make sure the desired element is located. 

2020-09-15 14:23:04 - [MESSAGE][WARNING] - Object 'Object Repository/FDR-VoucherEntry/Voucher/voucherText' is not present after 2 second(s)

2020-09-15 14:23:04 - [TEST_STEP][PASSED] - markPassed("Pagination Validation for 25 rows per page"): Pagination Validation for 25 rows per page

2020-09-15 14:23:04 - [MESSAGE][PASSED] - Pagination Validation for 25 rows per page

2020-09-15 14:23:04 - [TEST_STEP][PASSED] - Start tear down : tearDownTestCase: Method 'tearDownTestCase' complete successfully

2020-09-15 14:23:04 - [MESSAGE][PASSED] - Method 'tearDownTestCase' complete successfully

2020-09-15 14:23:04 - [TEST_STEP][PASSED] - Start listener action : sampleAfterTestCase: null

2020-09-15 14:23:04 - [TEST_STEP][PASSED] - profileName = getExecutionProfile(): null

2020-09-15 14:23:04 - [TEST_STEP][PASSED] - switch (profileName): null

2020-09-15 14:23:04 - [TEST_STEP][PASSED] - case "superUser":: null

2020-09-15 14:23:04 - [TEST_STEP][PASSED] - return null: null

2020-09-15 14:23:04 - [TEST_STEP][PASSED] - Start listener action : afterTestCase: null

2020-09-15 14:23:04 - [TEST_STEP][PASSED] - profileName = getExecutionProfile(): null

2020-09-15 14:23:04 - [TEST_STEP][PASSED] - if (profileName.equalsIgnoreCase("SysAdmin")): null

2020-09-15 14:23:04 - [TEST_STEP][PASSED] - Start listener action : sampleAfterTestCase: null

2020-09-15 14:23:04 - [TEST_STEP][PASSED] - profileName = getExecutionProfile(): null

2020-09-15 14:23:04 - [TEST_STEP][PASSED] - switch (profileName): null

2020-09-15 14:23:04 - [TEST_STEP][PASSED] - case "Voucher":: null

2020-09-15 14:23:04 - [TEST_STEP][PASSED] - Uifunctions.logoutFDR(): Browser is closed

2020-09-15 14:23:05 - [MESSAGE][PASSED] - Browser is closed

2020-09-15 14:23:05 - [TEST_STEP][PASSED] - break: null

2020-09-15 14:23:05 - [TEST_STEP][PASSED] - Start listener action : addFailedTCToList: null]]></system-out>
         <system-err><![CDATA[]]></system-err>
      </testcase>
      <testcase name="Test Cases/WEB-UI-TESTS/Voucher/FDR-Error-Validation" time="212.927" classname="Test Cases/WEB-UI-TESTS/Voucher/FDR-Error-Validation" status="PASSED">
         <system-out><![CDATA[2020-09-15 14:23:05 - [TEST_CASE][PASSED] - Test Cases/WEB-UI-TESTS/Voucher/FDR-Error-Validation: Test Cases/WEB-UI-TESTS/Voucher/FDR-Error-Validation

2020-09-15 14:23:05 - [TEST_STEP][PASSED] - Start listener action : sampleBeforeTestCase: null

2020-09-15 14:23:05 - [TEST_STEP][PASSED] - profileName = getExecutionProfile(): null

2020-09-15 14:23:05 - [TEST_STEP][PASSED] - switch (profileName): null

2020-09-15 14:23:05 - [TEST_STEP][PASSED] - case "superUser":: null

2020-09-15 14:23:05 - [TEST_STEP][PASSED] - return null: null

2020-09-15 14:23:05 - [TEST_STEP][PASSED] - Start listener action : beforeTestCase: null

2020-09-15 14:23:05 - [TEST_STEP][PASSED] - profileName = getExecutionProfile(): null

2020-09-15 14:23:05 - [TEST_STEP][PASSED] - if (profileName.equalsIgnoreCase("SysAdmin")): null

2020-09-15 14:23:05 - [TEST_STEP][PASSED] - Start listener action : sampleBeforeTestCase: Navigate to 'https://fdr-katalon.cammis-mod-dev.dhcs.ca.gov' successfully

2020-09-15 14:23:05 - [TEST_STEP][PASSED] - profileName = getExecutionProfile(): null

2020-09-15 14:23:05 - [TEST_STEP][PASSED] - testCaseId = testCaseContext.getTestCaseId(): null

2020-09-15 14:23:05 - [TEST_STEP][PASSED] - switch (profileName): null

2020-09-15 14:23:05 - [TEST_STEP][PASSED] - case "Voucher":: null

2020-09-15 14:23:05 - [TEST_STEP][PASSED] - Uifunctions.loginFDR(accountsApproverAcc2, accountsApproverAcc2Pwd): Object: 'Object Repository/FDR-SignIn/SignInButton' is clicked on

2020-09-15 14:23:05 - [MESSAGE][INFO] - Starting 'Chrome' driver

2020-09-15 14:23:05 - [MESSAGE][INFO] - Action delay is set to 0 milliseconds

2020-09-15 14:23:08 - [MESSAGE][PASSED] - Browser is opened with url: ''

2020-09-15 14:23:10 - [MESSAGE][PASSED] - Current window maximized

2020-09-15 14:23:12 - [MESSAGE][PASSED] - Navigate to 'https://fdr-katalon.cammis-mod-dev.dhcs.ca.gov' successfully

2020-09-15 14:23:13 - [MESSAGE][PASSED] - Object 'Object Repository/FDR-SignIn/SignInEmail' is present

2020-09-15 14:23:13 - [MESSAGE][PASSED] - Object: 'Object Repository/FDR-SignIn/SignInEmail' is clicked on

2020-09-15 14:23:14 - [MESSAGE][PASSED] - Object 'Object Repository/FDR-SignIn/SignInEmail' is present

2020-09-15 14:23:14 - [MESSAGE][PASSED] - Text 'fdr.test2@dhcs.ca.gov' is set on object 'Object Repository/FDR-SignIn/SignInEmail'

2020-09-15 14:23:14 - [MESSAGE][PASSED] - Object 'Object Repository/FDR-SignIn/SignInEmailNext' is visible

2020-09-15 14:23:15 - [MESSAGE][PASSED] - Object: 'Object Repository/FDR-SignIn/SignInEmailNext' is clicked on

2020-09-15 14:23:18 - [MESSAGE][PASSED] - Object 'Object Repository/FDR-SignIn/SignInEmailPassword' is visible

2020-09-15 14:23:18 - [MESSAGE][PASSED] - Object: 'Object Repository/FDR-SignIn/SignInEmailPassword' is clicked on

2020-09-15 14:23:19 - [MESSAGE][PASSED] - Text ****** has been set on object 'Object Repository/FDR-SignIn/SignInEmailPassword'

2020-09-15 14:23:20 - [MESSAGE][PASSED] - Object: 'Object Repository/FDR-SignIn/SignInButton' is clicked on

2020-09-15 14:23:20 - [TEST_STEP][PASSED] - break: null

2020-09-15 14:23:20 - [TEST_STEP][PASSED] - navigateToUrl(URL): Navigate to 'https://fdr-katalon.cammis-mod-dev.dhcs.ca.gov' successfully

2020-09-15 14:23:21 - [MESSAGE][PASSED] - Navigate to 'https://fdr-katalon.cammis-mod-dev.dhcs.ca.gov' successfully

2020-09-15 14:23:21 - [TEST_STEP][PASSED] - Start listener action : executeRows: null

2020-09-15 14:23:21 - [TEST_STEP][PASSED] - Start setup action : setupTestCase: Method 'setupTestCase' complete successfully

2020-09-15 14:23:21 - [MESSAGE][PASSED] - Method 'setupTestCase' complete successfully

2020-09-15 14:23:21 - [TEST_STEP][PASSED] - waitForElementPresent(findTestObject("FDR-Dashboard/createNewVoucherButton"), 8): Object 'Object Repository/FDR-Dashboard/createNewVoucherButton' is present

2020-09-15 14:23:23 - [MESSAGE][PASSED] - Object 'Object Repository/FDR-Dashboard/createNewVoucherButton' is present

2020-09-15 14:23:23 - [TEST_STEP][PASSED] - click(findTestObject("FDR-Dashboard/createNewVoucherButton")): Object: 'Object Repository/FDR-Dashboard/createNewVoucherButton' is clicked on

2020-09-15 14:23:24 - [MESSAGE][PASSED] - Object: 'Object Repository/FDR-Dashboard/createNewVoucherButton' is clicked on

2020-09-15 14:23:24 - [TEST_STEP][PASSED] - waitForElementPresent(findTestObject("FDR-VoucherEntry/Voucher/voucherText"), 2): Object 'Object Repository/FDR-VoucherEntry/Voucher/voucherText' is not present after 2 second(s)

2020-09-15 14:23:27 - [MESSAGE][INFO] - Unable to find the element located by 'By.xpath: //*[text()='New Voucher']'. Please recheck the objects properties to make sure the desired element is located. 

2020-09-15 14:23:27 - [MESSAGE][WARNING] - Object 'Object Repository/FDR-VoucherEntry/Voucher/voucherText' is not present after 2 second(s)

2020-09-15 14:23:27 - [TEST_STEP][PASSED] - vmessage = RandomStringUtils.randomAlphabetic(232): null

2020-09-15 14:23:27 - [TEST_STEP][PASSED] - setText(findTestObject("FDR-VoucherEntry/Voucher/vendorMessage"), vmessage): Text 'OYGVksCoRGvdCJqbRbqxpWutPhlGjAxUusWWLrDUxNzyTnjhvyhRbaZaoPBvciRRFqfZUIjVJkInUwtPULqsImcvhbPlKGtlOMegkkcvDZrKCOzJBqFHnbgGfbFgoQtJxEdLZvHGqZFSCWhtMZBDMBUyyKdxXjsdzNzCSamqvzXmxkCZcWihGFdbwWPJEKicLMFjtIGvKeEJdXZOptDMgmFPhOopASISOZyTGpqa' is set on object 'Object Repository/FDR-VoucherEntry/Voucher/vendorMessage'

2020-09-15 14:23:34 - [MESSAGE][PASSED] - Text 'OYGVksCoRGvdCJqbRbqxpWutPhlGjAxUusWWLrDUxNzyTnjhvyhRbaZaoPBvciRRFqfZUIjVJkInUwtPULqsImcvhbPlKGtlOMegkkcvDZrKCOzJBqFHnbgGfbFgoQtJxEdLZvHGqZFSCWhtMZBDMBUyyKdxXjsdzNzCSamqvzXmxkCZcWihGFdbwWPJEKicLMFjtIGvKeEJdXZOptDMgmFPhOopASISOZyTGpqa' is set on object 'Object Repository/FDR-VoucherEntry/Voucher/vendorMessage'

2020-09-15 14:23:34 - [TEST_STEP][PASSED] - waitForElementPresent(findTestObject("FDR-VoucherEntry/Voucher/buttonNext"), 2): Object 'Object Repository/FDR-VoucherEntry/Voucher/buttonNext' is present

2020-09-15 14:23:35 - [MESSAGE][PASSED] - Object 'Object Repository/FDR-VoucherEntry/Voucher/buttonNext' is present

2020-09-15 14:23:35 - [TEST_STEP][PASSED] - click(findTestObject("FDR-VoucherEntry/Voucher/buttonNext")): Object: 'Object Repository/FDR-VoucherEntry/Voucher/buttonNext' is clicked on

2020-09-15 14:23:35 - [MESSAGE][PASSED] - Object: 'Object Repository/FDR-VoucherEntry/Voucher/buttonNext' is clicked on

2020-09-15 14:23:35 - [TEST_STEP][PASSED] - verifyElementVisible(findTestObject("FDR-EditVoucher/VoucherErrorMessages/drawDateErr"), STOP_ON_FAILURE): Object 'Object Repository/FDR-EditVoucher/VoucherErrorMessages/drawDateErr' is visible

2020-09-15 14:23:36 - [MESSAGE][PASSED] - Object 'Object Repository/FDR-EditVoucher/VoucherErrorMessages/drawDateErr' is visible

2020-09-15 14:23:36 - [TEST_STEP][PASSED] - verifyElementVisible(findTestObject("FDR-EditVoucher/VoucherErrorMessages/payDateErr")): Object 'Object Repository/FDR-EditVoucher/VoucherErrorMessages/payDateErr' is visible

2020-09-15 14:23:36 - [MESSAGE][PASSED] - Object 'Object Repository/FDR-EditVoucher/VoucherErrorMessages/payDateErr' is visible

2020-09-15 14:23:36 - [TEST_STEP][PASSED] - verifyElementVisible(findTestObject("FDR-EditVoucher/DLErrorMessages/errorMessage")): Object 'Object Repository/FDR-EditVoucher/DLErrorMessages/errorMessage' is visible

2020-09-15 14:23:36 - [MESSAGE][PASSED] - Object 'Object Repository/FDR-EditVoucher/DLErrorMessages/errorMessage' is visible

2020-09-15 14:23:36 - [TEST_STEP][PASSED] - verifyElementVisible(findTestObject("FDR-EditVoucher/DLErrorMessages/errorMessage")): Object 'Object Repository/FDR-EditVoucher/DLErrorMessages/errorMessage' is visible

2020-09-15 14:23:37 - [MESSAGE][PASSED] - Object 'Object Repository/FDR-EditVoucher/DLErrorMessages/errorMessage' is visible

2020-09-15 14:23:37 - [TEST_STEP][PASSED] - verifyElementVisible(findTestObject("FDR-EditVoucher/DLErrorMessages/errorMessage")): Object 'Object Repository/FDR-EditVoucher/DLErrorMessages/errorMessage' is visible

2020-09-15 14:23:37 - [MESSAGE][PASSED] - Object 'Object Repository/FDR-EditVoucher/DLErrorMessages/errorMessage' is visible

2020-09-15 14:23:37 - [TEST_STEP][PASSED] - verifyElementVisible(findTestObject("FDR-EditVoucher/DLErrorMessages/errorMessage")): Object 'Object Repository/FDR-EditVoucher/DLErrorMessages/errorMessage' is visible

2020-09-15 14:23:37 - [MESSAGE][PASSED] - Object 'Object Repository/FDR-EditVoucher/DLErrorMessages/errorMessage' is visible

2020-09-15 14:23:37 - [TEST_STEP][PASSED] - verifyElementVisible(findTestObject("FDR-EditVoucher/DLErrorMessages/errorMessage")): Object 'Object Repository/FDR-EditVoucher/DLErrorMessages/errorMessage' is visible

2020-09-15 14:23:38 - [MESSAGE][PASSED] - Object 'Object Repository/FDR-EditVoucher/DLErrorMessages/errorMessage' is visible

2020-09-15 14:23:38 - [TEST_STEP][PASSED] - verifyElementVisible(findTestObject("FDR-EditVoucher/DLErrorMessages/errorMessage")): Object 'Object Repository/FDR-EditVoucher/DLErrorMessages/errorMessage' is visible

2020-09-15 14:23:38 - [MESSAGE][PASSED] - Object 'Object Repository/FDR-EditVoucher/DLErrorMessages/errorMessage' is visible

2020-09-15 14:23:38 - [TEST_STEP][PASSED] - verifyElementVisible(findTestObject("FDR-EditVoucher/DLErrorMessages/errorMessage")): Object 'Object Repository/FDR-EditVoucher/DLErrorMessages/errorMessage' is visible

2020-09-15 14:23:38 - [MESSAGE][PASSED] - Object 'Object Repository/FDR-EditVoucher/DLErrorMessages/errorMessage' is visible

2020-09-15 14:23:38 - [TEST_STEP][PASSED] - verifyElementVisible(findTestObject("FDR-EditVoucher/DLErrorMessages/errorMessage")): Object 'Object Repository/FDR-EditVoucher/DLErrorMessages/errorMessage' is visible

2020-09-15 14:23:38 - [MESSAGE][PASSED] - Object 'Object Repository/FDR-EditVoucher/DLErrorMessages/errorMessage' is visible

2020-09-15 14:23:38 - [TEST_STEP][PASSED] - back(): Navigate back successfully

2020-09-15 14:23:39 - [MESSAGE][PASSED] - Navigate back successfully

2020-09-15 14:23:39 - [TEST_STEP][PASSED] - waitForElementPresent(findTestObject("FDR-VoucherEntry/Voucher/voucherText"), 5): Object 'Object Repository/FDR-VoucherEntry/Voucher/voucherText' is not present after 5 second(s)

2020-09-15 14:23:45 - [MESSAGE][INFO] - Unable to find the element located by 'By.xpath: //*[text()='New Voucher']'. Please recheck the objects properties to make sure the desired element is located. 

2020-09-15 14:23:45 - [MESSAGE][WARNING] - Object 'Object Repository/FDR-VoucherEntry/Voucher/voucherText' is not present after 5 second(s)

2020-09-15 14:23:45 - [TEST_STEP][PASSED] - callTestCase(findTestCase("WEB-UI-TESTS/Voucher/FDR-Create-Simple-Voucher"), ["drawDate":drawDate, "payDate":payDate, "programType":programType, "invoiceType":invoiceType, "fundCode":fundCode, "supplier":supplier, ... ], STOP_ON_FAILURE): Call Test Case 'Test Cases/WEB-UI-TESTS/Voucher/FDR-Create-Simple-Voucher' successfully

2020-09-15 14:23:45 - [TEST_CASE][PASSED] - Test Cases/WEB-UI-TESTS/Voucher/FDR-Create-Simple-Voucher: Test Cases/WEB-UI-TESTS/Voucher/FDR-Create-Simple-Voucher

2020-09-15 14:23:45 - [TEST_STEP][PASSED] - voucherHeaderData = ["drawDate":drawDate, "payDate":payDate, "programType":programType, "invoiceType":invoiceType, "fundCode":fundCode, "supplier":supplier, ... ]: null

2020-09-15 14:23:45 - [TEST_STEP][PASSED] - Uifunctions.createVoucherHeader(voucherHeaderData): Object 'Object Repository/FDR-VoucherEntry/VoucherHeader/reviewButton' is present

2020-09-15 14:23:45 - [MESSAGE][PASSED] - Object 'Object Repository/FDR-Dashboard/createNewVoucherButton' is present

2020-09-15 14:23:46 - [MESSAGE][PASSED] - Object: 'Object Repository/FDR-Dashboard/createNewVoucherButton' is clicked on

2020-09-15 14:23:50 - [MESSAGE][INFO] - Unable to find the element located by 'By.xpath: //*[@data-id='action-button']//*[contains(text(),'Review')]'. Please recheck the objects properties to make sure the desired element is located. 

2020-09-15 14:23:50 - [MESSAGE][WARNING] - Object 'Object Repository/FDR-VoucherEntry/VoucherHeader/reviewButton' is not present after 3 second(s)

2020-09-15 14:23:50 - [MESSAGE][PASSED] - Object: 'Object Repository/FDR-VoucherEntry/Voucher/drawDate' is clicked on

2020-09-15 14:23:52 - [MESSAGE][INFO] - Unable to find the element located by 'By.xpath: //*[@data-id='button-link']//*[contains(text(),'Create New Voucher')]'. Please recheck the objects properties to make sure the desired element is located. 

2020-09-15 14:23:52 - [MESSAGE][WARNING] - Object 'Object Repository/FDR-Dashboard/createNewVoucherButton' is not present after 1 second(s)

2020-09-15 14:23:54 - [MESSAGE][PASSED] - Text '10/05/2020' is set on object 'Object Repository/FDR-VoucherEntry/Voucher/drawDate'

2020-09-15 14:23:58 - [MESSAGE][INFO] - Unable to find the element located by 'By.xpath: //*[@data-id='button-link']//*[contains(text(),'Create New Voucher')]'. Please recheck the objects properties to make sure the desired element is located. 

2020-09-15 14:23:58 - [MESSAGE][WARNING] - Object 'Object Repository/FDR-Dashboard/createNewVoucherButton' is not present after 3 second(s)

2020-09-15 14:23:58 - [MESSAGE][PASSED] - Object: 'Object Repository/FDR-VoucherEntry/Voucher/programType' is clicked on

2020-09-15 14:24:01 - [MESSAGE][INFO] - Unable to find the element located by 'By.xpath: //*[@data-id='button-link']//*[contains(text(),'Create New Voucher')]'. Please recheck the objects properties to make sure the desired element is located. 

2020-09-15 14:24:01 - [MESSAGE][WARNING] - Object 'Object Repository/FDR-Dashboard/createNewVoucherButton' is not present after 2 second(s)

2020-09-15 14:24:02 - [MESSAGE][PASSED] - Keys 'Medical Assistance (MA)' sent to object: 'Object Repository/FDR-VoucherEntry/Voucher/programType'

2020-09-15 14:24:02 - [MESSAGE][PASSED] - Object 'Object Repository/FDR-VoucherEntry/Voucher/programType' is present

2020-09-15 14:24:02 - [MESSAGE][PASSED] - Keys 'DOWN + ENTER + ' sent to object: 'Object Repository/FDR-VoucherEntry/Voucher/programType'

2020-09-15 14:24:03 - [MESSAGE][PASSED] - Object: 'Object Repository/FDR-VoucherEntry/Voucher/invoiceType' is clicked on

2020-09-15 14:24:03 - [MESSAGE][PASSED] - Object 'Object Repository/FDR-VoucherEntry/Voucher/invoiceType' is present

2020-09-15 14:24:04 - [MESSAGE][PASSED] - Keys 'CAP' sent to object: 'Object Repository/FDR-VoucherEntry/Voucher/invoiceType'

2020-09-15 14:24:04 - [MESSAGE][PASSED] - Keys 'DOWN + ENTER + ' sent to object: 'Object Repository/FDR-VoucherEntry/Voucher/invoiceType'

2020-09-15 14:24:05 - [MESSAGE][PASSED] - Object: 'Object Repository/FDR-VoucherEntry/Voucher/fundCode' is clicked on

2020-09-15 14:24:05 - [MESSAGE][PASSED] - Keys 'Health Care Deposit Fund (0912)' sent to object: 'Object Repository/FDR-VoucherEntry/Voucher/fundCode'

2020-09-15 14:24:06 - [MESSAGE][PASSED] - Object 'Object Repository/FDR-VoucherEntry/Voucher/fundCode' is present

2020-09-15 14:24:06 - [MESSAGE][PASSED] - Keys 'DOWN + ENTER + ' sent to object: 'Object Repository/FDR-VoucherEntry/Voucher/fundCode'

2020-09-15 14:24:07 - [MESSAGE][PASSED] - Object: 'Object Repository/FDR-VoucherEntry/Voucher/supplierID' is clicked on

2020-09-15 14:24:07 - [MESSAGE][PASSED] - Keys '0000007954' sent to object: 'Object Repository/FDR-VoucherEntry/Voucher/supplierID'

2020-09-15 14:24:08 - [MESSAGE][PASSED] - Object 'Object Repository/FDR-VoucherEntry/Voucher/supplierID' is present

2020-09-15 14:24:08 - [MESSAGE][PASSED] - Keys 'DOWN + ENTER + ' sent to object: 'Object Repository/FDR-VoucherEntry/Voucher/supplierID'

2020-09-15 14:24:09 - [MESSAGE][PASSED] - Object: 'Object Repository/FDR-VoucherEntry/Voucher/seqNum' is clicked on

2020-09-15 14:24:09 - [MESSAGE][PASSED] - Object 'Object Repository/FDR-VoucherEntry/Voucher/seqNum' is present

2020-09-15 14:24:09 - [MESSAGE][PASSED] - Keys 'DOWN + ENTER + ' sent to object: 'Object Repository/FDR-VoucherEntry/Voucher/seqNum'

2020-09-15 14:24:10 - [MESSAGE][PASSED] - Object: 'Object Repository/FDR-VoucherEntry/Voucher/contractNum' is clicked on

2020-09-15 14:24:10 - [MESSAGE][PASSED] - Keys '07-65707' sent to object: 'Object Repository/FDR-VoucherEntry/Voucher/contractNum'

2020-09-15 14:24:11 - [MESSAGE][PASSED] - Object 'Object Repository/FDR-VoucherEntry/Voucher/contractNum' is present

2020-09-15 14:24:11 - [MESSAGE][PASSED] - Keys 'DOWN + ENTER + ' sent to object: 'Object Repository/FDR-VoucherEntry/Voucher/contractNum'

2020-09-15 14:24:14 - [MESSAGE][PASSED] - Text 'This message will print on the Remittance Advice' is set on object 'Object Repository/FDR-VoucherEntry/Voucher/vendorMessage'

2020-09-15 14:24:14 - [MESSAGE][PASSED] - Object: 'Object Repository/FDR-VoucherEntry/Voucher/primaryContact' is clicked on

2020-09-15 14:24:15 - [MESSAGE][PASSED] - Keys 'Aung Lin' sent to object: 'Object Repository/FDR-VoucherEntry/Voucher/primaryContact'

2020-09-15 14:24:15 - [MESSAGE][PASSED] - Object 'Object Repository/FDR-VoucherEntry/Voucher/primaryContact' is present

2020-09-15 14:24:15 - [MESSAGE][PASSED] - Keys 'DOWN + ENTER + ' sent to object: 'Object Repository/FDR-VoucherEntry/Voucher/primaryContact'

2020-09-15 14:24:16 - [MESSAGE][PASSED] - Object: 'Object Repository/FDR-VoucherEntry/Voucher/secondaryContact' is clicked on

2020-09-15 14:24:17 - [MESSAGE][PASSED] - Keys 'Vivian Ly' sent to object: 'Object Repository/FDR-VoucherEntry/Voucher/secondaryContact'

2020-09-15 14:24:17 - [MESSAGE][PASSED] - Object 'Object Repository/FDR-VoucherEntry/Voucher/secondaryContact' is present

2020-09-15 14:24:17 - [MESSAGE][PASSED] - Object 'Object Repository/FDR-VoucherEntry/Voucher/secondaryContact' is present

2020-09-15 14:24:18 - [MESSAGE][PASSED] - Keys 'DOWN + ENTER + ' sent to object: 'Object Repository/FDR-VoucherEntry/Voucher/secondaryContact'

2020-09-15 14:24:18 - [MESSAGE][PASSED] - Object: 'Object Repository/FDR-VoucherEntry/Voucher/buttonNext' is clicked on

2020-09-15 14:24:21 - [MESSAGE][PASSED] - Delayed 3 second(s)

2020-09-15 14:24:21 - [MESSAGE][PASSED] - Object 'Object Repository/FDR-VoucherEntry/VoucherHeader/reviewButton' is present

2020-09-15 14:24:21 - [TEST_STEP][PASSED] - waitForElementPresent(findTestObject("FDR-Dashboard/createNewVoucherButton"), 4): Object 'Object Repository/FDR-Dashboard/createNewVoucherButton' is not present after 4 second(s)

2020-09-15 14:24:27 - [MESSAGE][INFO] - Unable to find the element located by 'By.xpath: //*[@data-id='button-link']//*[contains(text(),'Create New Voucher')]'. Please recheck the objects properties to make sure the desired element is located. 

2020-09-15 14:24:27 - [MESSAGE][WARNING] - Object 'Object Repository/FDR-Dashboard/createNewVoucherButton' is not present after 4 second(s)

2020-09-15 14:24:27 - [TEST_STEP][PASSED] - Uifunctions.createInvoiceLine(1): Object 'Object Repository/FDR-VoucherEntry/VoucherHeader/reviewButton' is present

2020-09-15 14:24:27 - [MESSAGE][PASSED] - Object 'Object Repository/FDR-VoucherEntry/VoucherHeader/reviewButton' is present

2020-09-15 14:24:30 - [MESSAGE][INFO] - Unable to find the element located by 'By.xpath: //*[contains(text(),'Add voucher')]//parent::button'. Please recheck the objects properties to make sure the desired element is located. 

2020-09-15 14:24:30 - [MESSAGE][WARNING] - Object 'Object Repository/FDR-VoucherEntry/InvoiceLine/addVoucherButton' is not present after 2 second(s)

2020-09-15 14:24:31 - [MESSAGE][PASSED] - Object 'Object Repository/FDR-VoucherEntry/InvoiceLine/invoice' is clickable

2020-09-15 14:24:31 - [MESSAGE][PASSED] - Object: 'Object Repository/FDR-VoucherEntry/InvoiceLine/invoice' is clicked on

2020-09-15 14:24:32 - [MESSAGE][PASSED] - Text '0860' is set on object 'Object Repository/FDR-VoucherEntry/InvoiceLine/invoice'

2020-09-15 14:24:32 - [MESSAGE][PASSED] - Object: 'Object Repository/FDR-VoucherEntry/InvoiceLine/invoiceDate' is clicked on

2020-09-15 14:24:33 - [MESSAGE][PASSED] - Object 'Object Repository/FDR-VoucherEntry/InvoiceLine/invoiceDate' is present

2020-09-15 14:24:33 - [MESSAGE][PASSED] - Text '09/15/2020' is set on object 'Object Repository/FDR-VoucherEntry/InvoiceLine/invoiceDate'

2020-09-15 14:24:34 - [MESSAGE][PASSED] - Object: 'Object Repository/FDR-VoucherEntry/InvoiceLine/originalWarrantDate' is clicked on

2020-09-15 14:24:34 - [MESSAGE][PASSED] - Text '09/16/2020' is set on object 'Object Repository/FDR-VoucherEntry/InvoiceLine/originalWarrantDate'

2020-09-15 14:24:35 - [MESSAGE][PASSED] - Object 'Object Repository/FDR-VoucherEntry/InvoiceLine/addInvoiceLineButton' is present

2020-09-15 14:24:35 - [MESSAGE][PASSED] - Object: 'Object Repository/FDR-VoucherEntry/InvoiceLine/addInvoiceLineButtonIndex2' is clicked on

2020-09-15 14:24:36 - [MESSAGE][PASSED] - Object 'Object Repository/FDR-VoucherEntry/VoucherHeader/reviewButton' is present

2020-09-15 14:24:36 - [TEST_STEP][PASSED] - waitForElementClickable(findTestObject("FDR-VoucherEntry/InvoiceLine/invoiceLineExpandButton"), 5): Object 'Object Repository/FDR-VoucherEntry/InvoiceLine/invoiceLineExpandButton' is clickable

2020-09-15 14:24:36 - [MESSAGE][PASSED] - Object 'Object Repository/FDR-VoucherEntry/InvoiceLine/invoiceLineExpandButton' is clickable

2020-09-15 14:24:36 - [TEST_STEP][PASSED] - click(findTestObject("FDR-VoucherEntry/InvoiceLine/invoiceLineExpandButton")): Object: 'Object Repository/FDR-VoucherEntry/InvoiceLine/invoiceLineExpandButton' is clicked on

2020-09-15 14:24:36 - [MESSAGE][PASSED] - Object: 'Object Repository/FDR-VoucherEntry/InvoiceLine/invoiceLineExpandButton' is clicked on

2020-09-15 14:24:36 - [TEST_STEP][PASSED] - waitForElementPresent(findTestObject("FDR-Dashboard/createNewVoucherButton"), 4): Object 'Object Repository/FDR-Dashboard/createNewVoucherButton' is not present after 4 second(s)

2020-09-15 14:24:41 - [MESSAGE][INFO] - Unable to find the element located by 'By.xpath: //*[@data-id='button-link']//*[contains(text(),'Create New Voucher')]'. Please recheck the objects properties to make sure the desired element is located. 

2020-09-15 14:24:41 - [MESSAGE][WARNING] - Object 'Object Repository/FDR-Dashboard/createNewVoucherButton' is not present after 4 second(s)

2020-09-15 14:24:41 - [TEST_STEP][PASSED] - click(findTestObject("FDR-VoucherEntry/InvoiceLine/invoiceAddlineButton")): Object: 'Object Repository/FDR-VoucherEntry/InvoiceLine/invoiceAddlineButton' is clicked on

2020-09-15 14:24:42 - [MESSAGE][PASSED] - Object: 'Object Repository/FDR-VoucherEntry/InvoiceLine/invoiceAddlineButton' is clicked on

2020-09-15 14:24:42 - [TEST_STEP][PASSED] - Uifunctions.createDistributionLines(1, "Voucher/FDR-DL"): Object: 'Object Repository/FDR-VoucherEntry/DistributionLine/addSaveButton' is clicked on

2020-09-15 14:24:46 - [MESSAGE][INFO] - Unable to find the element located by 'By.xpath: //*[@data-id='button-link']//*[contains(text(),'Create New Voucher')]'. Please recheck the objects properties to make sure the desired element is located. 

2020-09-15 14:24:46 - [MESSAGE][WARNING] - Object 'Object Repository/FDR-Dashboard/createNewVoucherButton' is not present after 3 second(s)

2020-09-15 14:24:49 - [MESSAGE][INFO] - Unable to find the element located by 'By.xpath: //*[@data-id='button-link']//*[contains(text(),'Create New Voucher')]'. Please recheck the objects properties to make sure the desired element is located. 

2020-09-15 14:24:49 - [MESSAGE][WARNING] - Object 'Object Repository/FDR-Dashboard/createNewVoucherButton' is not present after 2 second(s)

2020-09-15 14:24:50 - [MESSAGE][PASSED] - Object 'Object Repository/FDR-VoucherEntry/DistributionLine/serviceDateFrom' is clickable

2020-09-15 14:24:50 - [MESSAGE][PASSED] - Object: 'Object Repository/FDR-VoucherEntry/DistributionLine/serviceDateFrom' is clicked on

2020-09-15 14:24:50 - [MESSAGE][PASSED] - Object 'Object Repository/FDR-VoucherEntry/DistributionLine/serviceDateFrom' is present

2020-09-15 14:24:51 - [MESSAGE][PASSED] - Text '08/04/2020' is set on object 'Object Repository/FDR-VoucherEntry/DistributionLine/serviceDateFrom'

2020-09-15 14:24:52 - [MESSAGE][PASSED] - Object: 'Object Repository/FDR-VoucherEntry/DistributionLine/serviceDateTo' is clicked on

2020-09-15 14:24:52 - [MESSAGE][PASSED] - Object 'Object Repository/FDR-VoucherEntry/DistributionLine/serviceDateTo' is present

2020-09-15 14:24:53 - [MESSAGE][PASSED] - Text '08/05/2020' is set on object 'Object Repository/FDR-VoucherEntry/DistributionLine/serviceDateTo'

2020-09-15 14:24:56 - [MESSAGE][INFO] - Unable to find the element located by 'By.xpath: //*[@data-id='button-link']//*[contains(text(),'Create New Voucher')]'. Please recheck the objects properties to make sure the desired element is located. 

2020-09-15 14:24:56 - [MESSAGE][WARNING] - Object 'Object Repository/FDR-Dashboard/createNewVoucherButton' is not present after 2 second(s)

2020-09-15 14:24:56 - [MESSAGE][PASSED] - Object: 'Object Repository/FDR-VoucherEntry/DistributionLine/amount' is clicked on

2020-09-15 14:24:56 - [MESSAGE][PASSED] - Execute JavaScript 'arguments[0].value='';' successfully

2020-09-15 14:24:57 - [MESSAGE][PASSED] - Keys '100' sent to object: 'Object Repository/FDR-VoucherEntry/DistributionLine/amount'

2020-09-15 14:24:59 - [MESSAGE][INFO] - Unable to find the element located by 'By.xpath: //*[@data-id='button-link']//*[contains(text(),'Create New Voucher')]'. Please recheck the objects properties to make sure the desired element is located. 

2020-09-15 14:24:59 - [MESSAGE][WARNING] - Object 'Object Repository/FDR-Dashboard/createNewVoucherButton' is not present after 1 second(s)

2020-09-15 14:24:59 - [MESSAGE][PASSED] - Object: 'Object Repository/FDR-VoucherEntry/DistributionLine/waiverType' is clicked on

2020-09-15 14:25:01 - [MESSAGE][INFO] - Unable to find the element located by 'By.xpath: //*[@data-id='button-link']//*[contains(text(),'Create New Voucher')]'. Please recheck the objects properties to make sure the desired element is located. 

2020-09-15 14:25:01 - [MESSAGE][WARNING] - Object 'Object Repository/FDR-Dashboard/createNewVoucherButton' is not present after 1 second(s)

2020-09-15 14:25:02 - [MESSAGE][PASSED] - Keys '1115' sent to object: 'Object Repository/FDR-VoucherEntry/DistributionLine/waiverType'

2020-09-15 14:25:05 - [MESSAGE][INFO] - Unable to find the element located by 'By.xpath: //*[@data-id='button-link']//*[contains(text(),'Create New Voucher')]'. Please recheck the objects properties to make sure the desired element is located. 

2020-09-15 14:25:05 - [MESSAGE][WARNING] - Object 'Object Repository/FDR-Dashboard/createNewVoucherButton' is not present after 2 second(s)

2020-09-15 14:25:05 - [MESSAGE][PASSED] - Keys 'DOWN + ENTER + ' sent to object: 'Object Repository/FDR-VoucherEntry/DistributionLine/waiverType'

2020-09-15 14:25:06 - [MESSAGE][PASSED] - Object: 'Object Repository/FDR-VoucherEntry/DistributionLine/waiverName' is clicked on

2020-09-15 14:25:06 - [MESSAGE][PASSED] - Keys 'CBAS' sent to object: 'Object Repository/FDR-VoucherEntry/DistributionLine/waiverName'

2020-09-15 14:25:10 - [MESSAGE][INFO] - Unable to find the element located by 'By.xpath: //*[@data-id='button-link']//*[contains(text(),'Create New Voucher')]'. Please recheck the objects properties to make sure the desired element is located. 

2020-09-15 14:25:10 - [MESSAGE][WARNING] - Object 'Object Repository/FDR-Dashboard/createNewVoucherButton' is not present after 2 second(s)

2020-09-15 14:25:10 - [MESSAGE][PASSED] - Keys 'DOWN + ENTER + ' sent to object: 'Object Repository/FDR-VoucherEntry/DistributionLine/waiverName'

2020-09-15 14:25:11 - [MESSAGE][PASSED] - Object: 'Object Repository/FDR-VoucherEntry/DistributionLine/fundingSource' is clicked on

2020-09-15 14:25:11 - [MESSAGE][PASSED] - Keys 'Dental' sent to object: 'Object Repository/FDR-VoucherEntry/DistributionLine/fundingSource'

2020-09-15 14:25:14 - [MESSAGE][INFO] - Unable to find the element located by 'By.xpath: //*[@data-id='button-link']//*[contains(text(),'Create New Voucher')]'. Please recheck the objects properties to make sure the desired element is located. 

2020-09-15 14:25:14 - [MESSAGE][WARNING] - Object 'Object Repository/FDR-Dashboard/createNewVoucherButton' is not present after 2 second(s)

2020-09-15 14:25:15 - [MESSAGE][PASSED] - Keys 'DOWN + ENTER + ' sent to object: 'Object Repository/FDR-VoucherEntry/DistributionLine/fundingSource'

2020-09-15 14:25:15 - [MESSAGE][PASSED] - Object: 'Object Repository/FDR-VoucherEntry/DistributionLine/fundRatio' is clicked on

2020-09-15 14:25:16 - [MESSAGE][PASSED] - Keys '90/10' sent to object: 'Object Repository/FDR-VoucherEntry/DistributionLine/fundRatio'

2020-09-15 14:25:19 - [MESSAGE][INFO] - Unable to find the element located by 'By.xpath: //*[@data-id='button-link']//*[contains(text(),'Create New Voucher')]'. Please recheck the objects properties to make sure the desired element is located. 

2020-09-15 14:25:19 - [MESSAGE][WARNING] - Object 'Object Repository/FDR-Dashboard/createNewVoucherButton' is not present after 2 second(s)

2020-09-15 14:25:19 - [MESSAGE][PASSED] - Keys 'DOWN + ENTER + ' sent to object: 'Object Repository/FDR-VoucherEntry/DistributionLine/fundRatio'

2020-09-15 14:25:20 - [MESSAGE][PASSED] - Object: 'Object Repository/FDR-VoucherEntry/DistributionLine/nonFederalFund' is clicked on

2020-09-15 14:25:21 - [MESSAGE][PASSED] - Keys '0001' sent to object: 'Object Repository/FDR-VoucherEntry/DistributionLine/nonFederalFund'

2020-09-15 14:25:24 - [MESSAGE][INFO] - Unable to find the element located by 'By.xpath: //*[@data-id='button-link']//*[contains(text(),'Create New Voucher')]'. Please recheck the objects properties to make sure the desired element is located. 

2020-09-15 14:25:24 - [MESSAGE][WARNING] - Object 'Object Repository/FDR-Dashboard/createNewVoucherButton' is not present after 2 second(s)

2020-09-15 14:25:24 - [MESSAGE][PASSED] - Keys 'DOWN + ENTER + ' sent to object: 'Object Repository/FDR-VoucherEntry/DistributionLine/nonFederalFund'

2020-09-15 14:25:25 - [MESSAGE][PASSED] - Object: 'Object Repository/FDR-VoucherEntry/DistributionLine/account' is clicked on

2020-09-15 14:25:25 - [MESSAGE][PASSED] - Keys '5442000' sent to object: 'Object Repository/FDR-VoucherEntry/DistributionLine/account'

2020-09-15 14:25:26 - [MESSAGE][PASSED] - Keys 'DOWN + ENTER + ' sent to object: 'Object Repository/FDR-VoucherEntry/DistributionLine/account'

2020-09-15 14:25:26 - [MESSAGE][PASSED] - Object: 'Object Repository/FDR-VoucherEntry/DistributionLine/altAccount' is clicked on

2020-09-15 14:25:27 - [MESSAGE][PASSED] - Keys '5442000' sent to object: 'Object Repository/FDR-VoucherEntry/DistributionLine/altAccount'

2020-09-15 14:25:27 - [MESSAGE][PASSED] - Object 'Object Repository/FDR-VoucherEntry/DistributionLine/altAccount' is present

2020-09-15 14:25:27 - [MESSAGE][PASSED] - Keys 'DOWN + ENTER + ' sent to object: 'Object Repository/FDR-VoucherEntry/DistributionLine/altAccount'

2020-09-15 14:25:28 - [MESSAGE][PASSED] - Object: 'Object Repository/FDR-VoucherEntry/DistributionLine/serviceCategory' is clicked on

2020-09-15 14:25:31 - [MESSAGE][INFO] - Unable to find the element located by 'By.xpath: //*[@data-id='button-link']//*[contains(text(),'Create New Voucher')]'. Please recheck the objects properties to make sure the desired element is located. 

2020-09-15 14:25:31 - [MESSAGE][WARNING] - Object 'Object Repository/FDR-Dashboard/createNewVoucherButton' is not present after 2 second(s)

2020-09-15 14:25:31 - [MESSAGE][PASSED] - Keys '18B1' sent to object: 'Object Repository/FDR-VoucherEntry/DistributionLine/serviceCategory'

2020-09-15 14:25:32 - [MESSAGE][PASSED] - Keys 'DOWN + ENTER + ' sent to object: 'Object Repository/FDR-VoucherEntry/DistributionLine/serviceCategory'

2020-09-15 14:25:32 - [MESSAGE][PASSED] - Object: 'Object Repository/FDR-VoucherEntry/DistributionLine/incDecLine' is clicked on

2020-09-15 14:25:33 - [MESSAGE][PASSED] - Keys '8: Adjustments and corrections' sent to object: 'Object Repository/FDR-VoucherEntry/DistributionLine/incDecLine'

2020-09-15 14:25:33 - [MESSAGE][PASSED] - Keys 'DOWN + ENTER + ' sent to object: 'Object Repository/FDR-VoucherEntry/DistributionLine/incDecLine'

2020-09-15 14:25:35 - [MESSAGE][INFO] - Unable to find the element located by 'By.xpath: //*[@data-id='button-link']//*[contains(text(),'Create New Voucher')]'. Please recheck the objects properties to make sure the desired element is located. 

2020-09-15 14:25:35 - [MESSAGE][WARNING] - Object 'Object Repository/FDR-Dashboard/createNewVoucherButton' is not present after 1 second(s)

2020-09-15 14:25:36 - [MESSAGE][PASSED] - Object: 'Object Repository/FDR-VoucherEntry/DistributionLine/index' is clicked on

2020-09-15 14:25:36 - [MESSAGE][PASSED] - Keys '1155' sent to object: 'Object Repository/FDR-VoucherEntry/DistributionLine/index'

2020-09-15 14:25:37 - [MESSAGE][PASSED] - Keys 'DOWN + ENTER + ' sent to object: 'Object Repository/FDR-VoucherEntry/DistributionLine/index'

2020-09-15 14:25:37 - [MESSAGE][PASSED] - Object: 'Object Repository/FDR-VoucherEntry/DistributionLine/addSaveButton' is clicked on

2020-09-15 14:25:37 - [MESSAGE][PASSED] - Call Test Case 'Test Cases/WEB-UI-TESTS/Voucher/FDR-Create-Simple-Voucher' successfully

2020-09-15 14:25:37 - [TEST_STEP][PASSED] - waitForElementPresent(findTestObject("FDR-Dashboard/createNewVoucherButton"), 4): Object 'Object Repository/FDR-Dashboard/createNewVoucherButton' is not present after 4 second(s)

2020-09-15 14:25:42 - [MESSAGE][INFO] - Unable to find the element located by 'By.xpath: //*[@data-id='button-link']//*[contains(text(),'Create New Voucher')]'. Please recheck the objects properties to make sure the desired element is located. 

2020-09-15 14:25:42 - [MESSAGE][WARNING] - Object 'Object Repository/FDR-Dashboard/createNewVoucherButton' is not present after 4 second(s)

2020-09-15 14:25:42 - [TEST_STEP][PASSED] - click(findTestObject("FDR-VoucherEntry/InvoiceLine/invoiceLineExpandButton")): Object: 'Object Repository/FDR-VoucherEntry/InvoiceLine/invoiceLineExpandButton' is clicked on

2020-09-15 14:25:43 - [MESSAGE][PASSED] - Object: 'Object Repository/FDR-VoucherEntry/InvoiceLine/invoiceLineExpandButton' is clicked on

2020-09-15 14:25:43 - [TEST_STEP][PASSED] - waitForElementPresent(findTestObject("FDR-Dashboard/createNewVoucherButton"), 2): Object 'Object Repository/FDR-Dashboard/createNewVoucherButton' is not present after 2 second(s)

2020-09-15 14:25:46 - [MESSAGE][INFO] - Unable to find the element located by 'By.xpath: //*[@data-id='button-link']//*[contains(text(),'Create New Voucher')]'. Please recheck the objects properties to make sure the desired element is located. 

2020-09-15 14:25:46 - [MESSAGE][WARNING] - Object 'Object Repository/FDR-Dashboard/createNewVoucherButton' is not present after 2 second(s)

2020-09-15 14:25:46 - [TEST_STEP][PASSED] - processorVoucherNumber = getText(findTestObject("FDR-VoucherEntry/VoucherHeader/voucherNum")): Text of object 'Object Repository/FDR-VoucherEntry/VoucherHeader/voucherNum' is: 'CAP00000368'

2020-09-15 14:25:46 - [MESSAGE][PASSED] - Text of object 'Object Repository/FDR-VoucherEntry/VoucherHeader/voucherNum' is: 'CAP00000368'

2020-09-15 14:25:46 - [TEST_STEP][PASSED] - existingInvoiceNumber = getText(findTestObject("FDR-EditVoucher/firstInvoiceNumber")): Text of object 'Object Repository/FDR-EditVoucher/firstInvoiceNumber' is: '0860'

2020-09-15 14:25:46 - [MESSAGE][PASSED] - Text of object 'Object Repository/FDR-EditVoucher/firstInvoiceNumber' is: '0860'

2020-09-15 14:25:46 - [TEST_STEP][PASSED] - setText(findTestObject("FDR-VoucherEntry/VoucherEntryObjects/inputInvoiceDescription"), existingInvoiceNumber): Text '0860' is set on object 'Object Repository/FDR-VoucherEntry/VoucherEntryObjects/inputInvoiceDescription'

2020-09-15 14:25:47 - [MESSAGE][PASSED] - Text '0860' is set on object 'Object Repository/FDR-VoucherEntry/VoucherEntryObjects/inputInvoiceDescription'

2020-09-15 14:25:47 - [TEST_STEP][PASSED] - waitForElementPresent(findTestObject("FDR-Dashboard/createNewVoucherButton"), 2): Object 'Object Repository/FDR-Dashboard/createNewVoucherButton' is not present after 2 second(s)

2020-09-15 14:25:50 - [MESSAGE][INFO] - Unable to find the element located by 'By.xpath: //*[@data-id='button-link']//*[contains(text(),'Create New Voucher')]'. Please recheck the objects properties to make sure the desired element is located. 

2020-09-15 14:25:50 - [MESSAGE][WARNING] - Object 'Object Repository/FDR-Dashboard/createNewVoucherButton' is not present after 2 second(s)

2020-09-15 14:25:50 - [TEST_STEP][PASSED] - click(findTestObject("FDR-EditVoucher/button_Add")): Object: 'Object Repository/FDR-EditVoucher/button_Add' is clicked on

2020-09-15 14:25:50 - [MESSAGE][PASSED] - Object: 'Object Repository/FDR-EditVoucher/button_Add' is clicked on

2020-09-15 14:25:50 - [TEST_STEP][PASSED] - waitForElementPresent(findTestObject("FDR-Dashboard/createNewVoucherButton"), 2): Object 'Object Repository/FDR-Dashboard/createNewVoucherButton' is not present after 2 second(s)

2020-09-15 14:25:54 - [MESSAGE][INFO] - Unable to find the element located by 'By.xpath: //*[@data-id='button-link']//*[contains(text(),'Create New Voucher')]'. Please recheck the objects properties to make sure the desired element is located. 

2020-09-15 14:25:54 - [MESSAGE][WARNING] - Object 'Object Repository/FDR-Dashboard/createNewVoucherButton' is not present after 2 second(s)

2020-09-15 14:25:54 - [TEST_STEP][PASSED] - verifyElementVisible(findTestObject("FDR-EditVoucher/InvoiceErrorMessages/duplicateInvoiceErr")): Object 'Object Repository/FDR-EditVoucher/InvoiceErrorMessages/duplicateInvoiceErr' is visible

2020-09-15 14:25:54 - [MESSAGE][PASSED] - Object 'Object Repository/FDR-EditVoucher/InvoiceErrorMessages/duplicateInvoiceErr' is visible

2020-09-15 14:25:54 - [TEST_STEP][PASSED] - waitForElementPresent(findTestObject("FDR-Dashboard/createNewVoucherButton"), 2): Object 'Object Repository/FDR-Dashboard/createNewVoucherButton' is not present after 2 second(s)

2020-09-15 14:25:57 - [MESSAGE][INFO] - Unable to find the element located by 'By.xpath: //*[@data-id='button-link']//*[contains(text(),'Create New Voucher')]'. Please recheck the objects properties to make sure the desired element is located. 

2020-09-15 14:25:57 - [MESSAGE][WARNING] - Object 'Object Repository/FDR-Dashboard/createNewVoucherButton' is not present after 2 second(s)

2020-09-15 14:25:57 - [TEST_STEP][PASSED] - verifyElementVisible(findTestObject("FDR-EditVoucher/DLErrorMessages/dateErrorMessage")): Object 'Object Repository/FDR-EditVoucher/DLErrorMessages/dateErrorMessage' is visible

2020-09-15 14:25:57 - [MESSAGE][PASSED] - Object 'Object Repository/FDR-EditVoucher/DLErrorMessages/dateErrorMessage' is visible

2020-09-15 14:25:57 - [TEST_STEP][PASSED] - waitForElementPresent(findTestObject("FDR-Dashboard/createNewVoucherButton"), 3): Object 'Object Repository/FDR-Dashboard/createNewVoucherButton' is not present after 3 second(s)

2020-09-15 14:26:02 - [MESSAGE][INFO] - Unable to find the element located by 'By.xpath: //*[@data-id='button-link']//*[contains(text(),'Create New Voucher')]'. Please recheck the objects properties to make sure the desired element is located. 

2020-09-15 14:26:02 - [MESSAGE][WARNING] - Object 'Object Repository/FDR-Dashboard/createNewVoucherButton' is not present after 3 second(s)

2020-09-15 14:26:02 - [TEST_STEP][PASSED] - click(findTestObject("FDR-VoucherEntry/InvoiceLine/invoiceLineExpandButton")): Object: 'Object Repository/FDR-VoucherEntry/InvoiceLine/invoiceLineExpandButton' is clicked on

2020-09-15 14:26:02 - [MESSAGE][PASSED] - Object: 'Object Repository/FDR-VoucherEntry/InvoiceLine/invoiceLineExpandButton' is clicked on

2020-09-15 14:26:02 - [TEST_STEP][PASSED] - waitForElementPresent(findTestObject("FDR-Dashboard/createNewVoucherButton"), 3): Object 'Object Repository/FDR-Dashboard/createNewVoucherButton' is not present after 3 second(s)

2020-09-15 14:26:06 - [MESSAGE][INFO] - Unable to find the element located by 'By.xpath: //*[@data-id='button-link']//*[contains(text(),'Create New Voucher')]'. Please recheck the objects properties to make sure the desired element is located. 

2020-09-15 14:26:06 - [MESSAGE][WARNING] - Object 'Object Repository/FDR-Dashboard/createNewVoucherButton' is not present after 3 second(s)

2020-09-15 14:26:06 - [TEST_STEP][PASSED] - click(findTestObject("FDR-VoucherEntry/InvoiceLine/invoiceAddlineButton")): Object: 'Object Repository/FDR-VoucherEntry/InvoiceLine/invoiceAddlineButton' is clicked on

2020-09-15 14:26:07 - [MESSAGE][PASSED] - Object: 'Object Repository/FDR-VoucherEntry/InvoiceLine/invoiceAddlineButton' is clicked on

2020-09-15 14:26:07 - [TEST_STEP][PASSED] - waitForElementPresent(findTestObject("FDR-Dashboard/createNewVoucherButton"), 6): Object 'Object Repository/FDR-Dashboard/createNewVoucherButton' is not present after 6 second(s)

2020-09-15 14:26:14 - [MESSAGE][INFO] - Unable to find the element located by 'By.xpath: //*[@data-id='button-link']//*[contains(text(),'Create New Voucher')]'. Please recheck the objects properties to make sure the desired element is located. 

2020-09-15 14:26:14 - [MESSAGE][WARNING] - Object 'Object Repository/FDR-Dashboard/createNewVoucherButton' is not present after 6 second(s)

2020-09-15 14:26:14 - [TEST_STEP][PASSED] - click(findTestObject("FDR-VoucherEntry/DistributionLine/addSaveButton")): Object: 'Object Repository/FDR-VoucherEntry/DistributionLine/addSaveButton' is clicked on

2020-09-15 14:26:14 - [MESSAGE][PASSED] - Object: 'Object Repository/FDR-VoucherEntry/DistributionLine/addSaveButton' is clicked on

2020-09-15 14:26:14 - [TEST_STEP][PASSED] - verifyElementVisible(findTestObject("FDR-EditVoucher/DLErrorMessages/dateErrorMessage"), STOP_ON_FAILURE): Object 'Object Repository/FDR-EditVoucher/DLErrorMessages/dateErrorMessage' is visible

2020-09-15 14:26:15 - [MESSAGE][PASSED] - Object 'Object Repository/FDR-EditVoucher/DLErrorMessages/dateErrorMessage' is visible

2020-09-15 14:26:15 - [TEST_STEP][PASSED] - verifyElementVisible(findTestObject("FDR-EditVoucher/DLErrorMessages/dateErrorMessage")): Object 'Object Repository/FDR-EditVoucher/DLErrorMessages/dateErrorMessage' is visible

2020-09-15 14:26:16 - [MESSAGE][PASSED] - Object 'Object Repository/FDR-EditVoucher/DLErrorMessages/dateErrorMessage' is visible

2020-09-15 14:26:16 - [TEST_STEP][PASSED] - verifyElementVisible(findTestObject("FDR-EditVoucher/DLErrorMessages/errorMessage")): Object 'Object Repository/FDR-EditVoucher/DLErrorMessages/errorMessage' is visible

2020-09-15 14:26:16 - [MESSAGE][PASSED] - Object 'Object Repository/FDR-EditVoucher/DLErrorMessages/errorMessage' is visible

2020-09-15 14:26:16 - [TEST_STEP][PASSED] - verifyElementVisible(findTestObject("FDR-EditVoucher/DLErrorMessages/errorMessage")): Object 'Object Repository/FDR-EditVoucher/DLErrorMessages/errorMessage' is visible

2020-09-15 14:26:16 - [MESSAGE][PASSED] - Object 'Object Repository/FDR-EditVoucher/DLErrorMessages/errorMessage' is visible

2020-09-15 14:26:16 - [TEST_STEP][PASSED] - verifyElementVisible(findTestObject("FDR-EditVoucher/DLErrorMessages/errorMessage")): Object 'Object Repository/FDR-EditVoucher/DLErrorMessages/errorMessage' is visible

2020-09-15 14:26:16 - [MESSAGE][PASSED] - Object 'Object Repository/FDR-EditVoucher/DLErrorMessages/errorMessage' is visible

2020-09-15 14:26:16 - [TEST_STEP][PASSED] - verifyElementVisible(findTestObject("FDR-EditVoucher/DLErrorMessages/errorMessage")): Object 'Object Repository/FDR-EditVoucher/DLErrorMessages/errorMessage' is visible

2020-09-15 14:26:17 - [MESSAGE][PASSED] - Object 'Object Repository/FDR-EditVoucher/DLErrorMessages/errorMessage' is visible

2020-09-15 14:26:17 - [TEST_STEP][PASSED] - verifyElementVisible(findTestObject("FDR-EditVoucher/DLErrorMessages/errorMessage")): Object 'Object Repository/FDR-EditVoucher/DLErrorMessages/errorMessage' is visible

2020-09-15 14:26:17 - [MESSAGE][PASSED] - Object 'Object Repository/FDR-EditVoucher/DLErrorMessages/errorMessage' is visible

2020-09-15 14:26:17 - [TEST_STEP][PASSED] - verifyElementVisible(findTestObject("FDR-EditVoucher/DLErrorMessages/errorMessage")): Object 'Object Repository/FDR-EditVoucher/DLErrorMessages/errorMessage' is visible

2020-09-15 14:26:17 - [MESSAGE][PASSED] - Object 'Object Repository/FDR-EditVoucher/DLErrorMessages/errorMessage' is visible

2020-09-15 14:26:17 - [TEST_STEP][PASSED] - waitForElementPresent(findTestObject("FDR-Dashboard/createNewVoucherButton"), 2): Object 'Object Repository/FDR-Dashboard/createNewVoucherButton' is not present after 2 second(s)

2020-09-15 14:26:20 - [MESSAGE][INFO] - Unable to find the element located by 'By.xpath: //*[@data-id='button-link']//*[contains(text(),'Create New Voucher')]'. Please recheck the objects properties to make sure the desired element is located. 

2020-09-15 14:26:20 - [MESSAGE][WARNING] - Object 'Object Repository/FDR-Dashboard/createNewVoucherButton' is not present after 2 second(s)

2020-09-15 14:26:20 - [TEST_STEP][PASSED] - click(findTestObject("FDR-VoucherEntry/DistributionLine/waiverType")): Object: 'Object Repository/FDR-VoucherEntry/DistributionLine/waiverType' is clicked on

2020-09-15 14:26:21 - [MESSAGE][PASSED] - Object: 'Object Repository/FDR-VoucherEntry/DistributionLine/waiverType' is clicked on

2020-09-15 14:26:21 - [TEST_STEP][PASSED] - sendKeys(findTestObject("FDR-VoucherEntry/DistributionLine/waiverType"), "2020"): Keys '2020' sent to object: 'Object Repository/FDR-VoucherEntry/DistributionLine/waiverType'

2020-09-15 14:26:21 - [MESSAGE][PASSED] - Keys '2020' sent to object: 'Object Repository/FDR-VoucherEntry/DistributionLine/waiverType'

2020-09-15 14:26:21 - [TEST_STEP][PASSED] - sendKeys(findTestObject("FDR-VoucherEntry/DistributionLine/waiverType"), Keys.chord(DOWN, ENTER)): Keys 'DOWN + ENTER + ' sent to object: 'Object Repository/FDR-VoucherEntry/DistributionLine/waiverType'

2020-09-15 14:26:22 - [MESSAGE][PASSED] - Keys 'DOWN + ENTER + ' sent to object: 'Object Repository/FDR-VoucherEntry/DistributionLine/waiverType'

2020-09-15 14:26:22 - [TEST_STEP][PASSED] - click(findTestObject("FDR-VoucherEntry/DistributionLine/waiverName")): Object: 'Object Repository/FDR-VoucherEntry/DistributionLine/waiverName' is clicked on

2020-09-15 14:26:22 - [MESSAGE][PASSED] - Object: 'Object Repository/FDR-VoucherEntry/DistributionLine/waiverName' is clicked on

2020-09-15 14:26:22 - [TEST_STEP][PASSED] - sendKeys(findTestObject("FDR-VoucherEntry/DistributionLine/waiverName"), "A-FamilyU TPM/GMC"): Keys 'A-FamilyU TPM/GMC' sent to object: 'Object Repository/FDR-VoucherEntry/DistributionLine/waiverName'

2020-09-15 14:26:23 - [MESSAGE][PASSED] - Keys 'A-FamilyU TPM/GMC' sent to object: 'Object Repository/FDR-VoucherEntry/DistributionLine/waiverName'

2020-09-15 14:26:23 - [TEST_STEP][PASSED] - sendKeys(findTestObject("FDR-VoucherEntry/DistributionLine/waiverName"), Keys.chord(DOWN, ENTER)): Keys 'DOWN + ENTER + ' sent to object: 'Object Repository/FDR-VoucherEntry/DistributionLine/waiverName'

2020-09-15 14:26:23 - [MESSAGE][PASSED] - Keys 'DOWN + ENTER + ' sent to object: 'Object Repository/FDR-VoucherEntry/DistributionLine/waiverName'

2020-09-15 14:26:23 - [TEST_STEP][PASSED] - waitForElementPresent(findTestObject("FDR-Dashboard/createNewVoucherButton"), 2): Object 'Object Repository/FDR-Dashboard/createNewVoucherButton' is not present after 2 second(s)

2020-09-15 14:26:27 - [MESSAGE][INFO] - Unable to find the element located by 'By.xpath: //*[@data-id='button-link']//*[contains(text(),'Create New Voucher')]'. Please recheck the objects properties to make sure the desired element is located. 

2020-09-15 14:26:27 - [MESSAGE][WARNING] - Object 'Object Repository/FDR-Dashboard/createNewVoucherButton' is not present after 2 second(s)

2020-09-15 14:26:27 - [TEST_STEP][PASSED] - click(findTestObject("FDR-VoucherEntry/DistributionLine/fundingSource")): Object: 'Object Repository/FDR-VoucherEntry/DistributionLine/fundingSource' is clicked on

2020-09-15 14:26:27 - [MESSAGE][PASSED] - Object: 'Object Repository/FDR-VoucherEntry/DistributionLine/fundingSource' is clicked on

2020-09-15 14:26:27 - [TEST_STEP][PASSED] - sendKeys(findTestObject("FDR-VoucherEntry/DistributionLine/fundingSource"), "Dental"): Keys 'Dental' sent to object: 'Object Repository/FDR-VoucherEntry/DistributionLine/fundingSource'

2020-09-15 14:26:27 - [MESSAGE][PASSED] - Keys 'Dental' sent to object: 'Object Repository/FDR-VoucherEntry/DistributionLine/fundingSource'

2020-09-15 14:26:27 - [TEST_STEP][PASSED] - sendKeys(findTestObject("FDR-VoucherEntry/DistributionLine/fundingSource"), Keys.chord(DOWN, ENTER)): Keys 'DOWN + ENTER + ' sent to object: 'Object Repository/FDR-VoucherEntry/DistributionLine/fundingSource'

2020-09-15 14:26:28 - [MESSAGE][PASSED] - Keys 'DOWN + ENTER + ' sent to object: 'Object Repository/FDR-VoucherEntry/DistributionLine/fundingSource'

2020-09-15 14:26:28 - [TEST_STEP][PASSED] - waitForElementPresent(findTestObject("FDR-Dashboard/createNewVoucherButton"), 2): Object 'Object Repository/FDR-Dashboard/createNewVoucherButton' is not present after 2 second(s)

2020-09-15 14:26:31 - [MESSAGE][INFO] - Unable to find the element located by 'By.xpath: //*[@data-id='button-link']//*[contains(text(),'Create New Voucher')]'. Please recheck the objects properties to make sure the desired element is located. 

2020-09-15 14:26:31 - [MESSAGE][WARNING] - Object 'Object Repository/FDR-Dashboard/createNewVoucherButton' is not present after 2 second(s)

2020-09-15 14:26:31 - [TEST_STEP][PASSED] - click(findTestObject("FDR-VoucherEntry/DistributionLine/fundRatio")): Object: 'Object Repository/FDR-VoucherEntry/DistributionLine/fundRatio' is clicked on

2020-09-15 14:26:31 - [MESSAGE][PASSED] - Object: 'Object Repository/FDR-VoucherEntry/DistributionLine/fundRatio' is clicked on

2020-09-15 14:26:31 - [TEST_STEP][PASSED] - sendKeys(findTestObject("FDR-VoucherEntry/DistributionLine/fundRatio"), "50/50"): Keys '50/50' sent to object: 'Object Repository/FDR-VoucherEntry/DistributionLine/fundRatio'

2020-09-15 14:26:32 - [MESSAGE][PASSED] - Keys '50/50' sent to object: 'Object Repository/FDR-VoucherEntry/DistributionLine/fundRatio'

2020-09-15 14:26:32 - [TEST_STEP][PASSED] - waitForElementPresent(findTestObject("FDR-VoucherEntry/DistributionLine/fundRatio"), 2): Object 'Object Repository/FDR-VoucherEntry/DistributionLine/fundRatio' is present

2020-09-15 14:26:32 - [MESSAGE][PASSED] - Object 'Object Repository/FDR-VoucherEntry/DistributionLine/fundRatio' is present

2020-09-15 14:26:32 - [TEST_STEP][PASSED] - sendKeys(findTestObject("FDR-VoucherEntry/DistributionLine/fundRatio"), Keys.chord(DOWN, ENTER)): Keys 'DOWN + ENTER + ' sent to object: 'Object Repository/FDR-VoucherEntry/DistributionLine/fundRatio'

2020-09-15 14:26:33 - [MESSAGE][PASSED] - Keys 'DOWN + ENTER + ' sent to object: 'Object Repository/FDR-VoucherEntry/DistributionLine/fundRatio'

2020-09-15 14:26:33 - [TEST_STEP][PASSED] - verifyElementVisible(findTestObject("FDR-EditVoucher/DLErrorMessages/errorMessage")): Object 'Object Repository/FDR-EditVoucher/DLErrorMessages/errorMessage' is visible

2020-09-15 14:26:33 - [MESSAGE][PASSED] - Object 'Object Repository/FDR-EditVoucher/DLErrorMessages/errorMessage' is visible

2020-09-15 14:26:33 - [TEST_STEP][PASSED] - verifyElementVisible(findTestObject("FDR-EditVoucher/DLErrorMessages/errorMessage")): Object 'Object Repository/FDR-EditVoucher/DLErrorMessages/errorMessage' is visible

2020-09-15 14:26:33 - [MESSAGE][PASSED] - Object 'Object Repository/FDR-EditVoucher/DLErrorMessages/errorMessage' is visible

2020-09-15 14:26:33 - [TEST_STEP][PASSED] - verifyElementVisible(findTestObject("FDR-EditVoucher/DLErrorMessages/errorMessage")): Object 'Object Repository/FDR-EditVoucher/DLErrorMessages/errorMessage' is visible

2020-09-15 14:26:34 - [MESSAGE][PASSED] - Object 'Object Repository/FDR-EditVoucher/DLErrorMessages/errorMessage' is visible

2020-09-15 14:26:34 - [TEST_STEP][PASSED] - waitForElementPresent(findTestObject("FDR-Dashboard/createNewVoucherButton"), 2): Object 'Object Repository/FDR-Dashboard/createNewVoucherButton' is not present after 2 second(s)

2020-09-15 14:26:37 - [MESSAGE][INFO] - Unable to find the element located by 'By.xpath: //*[@data-id='button-link']//*[contains(text(),'Create New Voucher')]'. Please recheck the objects properties to make sure the desired element is located. 

2020-09-15 14:26:37 - [MESSAGE][WARNING] - Object 'Object Repository/FDR-Dashboard/createNewVoucherButton' is not present after 2 second(s)

2020-09-15 14:26:37 - [TEST_STEP][PASSED] - click(findTestObject("FDR-VoucherEntry/DistributionLine/cancelButton")): Object: 'Object Repository/FDR-VoucherEntry/DistributionLine/cancelButton' is clicked on

2020-09-15 14:26:37 - [MESSAGE][PASSED] - Object: 'Object Repository/FDR-VoucherEntry/DistributionLine/cancelButton' is clicked on

2020-09-15 14:26:37 - [TEST_STEP][PASSED] - Start tear down : tearDownTestCase: Method 'tearDownTestCase' complete successfully

2020-09-15 14:26:37 - [MESSAGE][PASSED] - Method 'tearDownTestCase' complete successfully

2020-09-15 14:26:37 - [TEST_STEP][PASSED] - Start listener action : sampleAfterTestCase: null

2020-09-15 14:26:37 - [TEST_STEP][PASSED] - profileName = getExecutionProfile(): null

2020-09-15 14:26:37 - [TEST_STEP][PASSED] - switch (profileName): null

2020-09-15 14:26:37 - [TEST_STEP][PASSED] - case "superUser":: null

2020-09-15 14:26:37 - [TEST_STEP][PASSED] - return null: null

2020-09-15 14:26:37 - [TEST_STEP][PASSED] - Start listener action : afterTestCase: null

2020-09-15 14:26:37 - [TEST_STEP][PASSED] - profileName = getExecutionProfile(): null

2020-09-15 14:26:37 - [TEST_STEP][PASSED] - if (profileName.equalsIgnoreCase("SysAdmin")): null

2020-09-15 14:26:37 - [TEST_STEP][PASSED] - Start listener action : sampleAfterTestCase: null

2020-09-15 14:26:37 - [TEST_STEP][PASSED] - profileName = getExecutionProfile(): null

2020-09-15 14:26:37 - [TEST_STEP][PASSED] - switch (profileName): null

2020-09-15 14:26:37 - [TEST_STEP][PASSED] - case "Voucher":: null

2020-09-15 14:26:37 - [TEST_STEP][PASSED] - Uifunctions.logoutFDR(): Browser is closed

2020-09-15 14:26:38 - [MESSAGE][PASSED] - Browser is closed

2020-09-15 14:26:38 - [TEST_STEP][PASSED] - break: null

2020-09-15 14:26:38 - [TEST_STEP][PASSED] - Start listener action : addFailedTCToList: null]]></system-out>
         <system-err><![CDATA[]]></system-err>
      </testcase>
      <testcase name="Test Cases/WEB-UI-TESTS/Voucher/FDR-Fund-Ratio-Validations" time="202.541" classname="Test Cases/WEB-UI-TESTS/Voucher/FDR-Fund-Ratio-Validations" status="FAILED">
         <failure type="FAILED" message="Test Cases/WEB-UI-TESTS/Voucher/FDR-Fund-Ratio-Validations FAILED.
Reason:
com.kms.katalon.core.exception.StepFailedException: Unable to click on object 'Object Repository/FDR-VoucherEntry/InvoiceLine/invoice' (Root cause: com.kms.katalon.core.exception.StepFailedException: Unable to click on object 'Object Repository/FDR-VoucherEntry/InvoiceLine/invoice'
	at com.kms.katalon.core.webui.keyword.internal.WebUIKeywordMain.stepFailed(WebUIKeywordMain.groovy:64)
	at com.kms.katalon.core.webui.keyword.internal.WebUIKeywordMain.runKeyword(WebUIKeywordMain.groovy:26)
	at com.kms.katalon.core.webui.keyword.builtin.ClickKeyword.click(ClickKeyword.groovy:76)
	at com.kms.katalon.core.webui.keyword.builtin.ClickKeyword.execute(ClickKeyword.groovy:43)
	at com.kms.katalon.core.keyword.internal.KeywordExecutor.executeKeywordForPlatform(KeywordExecutor.groovy:73)
	at com.kms.katalon.core.webui.keyword.WebUiBuiltInKeywords.click(WebUiBuiltInKeywords.groovy:616)
	at com.kms.katalon.core.webui.keyword.WebUiBuiltInKeywords$click$6.call(Unknown Source)
	at com.functions.Uifunctions.createInvoiceLine(Uifunctions.groovy:199)
	at com.functions.Uifunctions$createInvoiceLine$2.call(Unknown Source)
	at FDR-Fund-Ratio-Validations.run(FDR-Fund-Ratio-Validations:30)
	at com.kms.katalon.core.main.ScriptEngine.run(ScriptEngine.java:194)
	at com.kms.katalon.core.main.ScriptEngine.runScriptAsRawText(ScriptEngine.java:119)
	at com.kms.katalon.core.main.TestCaseExecutor.runScript(TestCaseExecutor.java:339)
	at com.kms.katalon.core.main.TestCaseExecutor.doExecute(TestCaseExecutor.java:330)
	at com.kms.katalon.core.main.TestCaseExecutor.processExecutionPhase(TestCaseExecutor.java:309)
	at com.kms.katalon.core.main.TestCaseExecutor.accessMainPhase(TestCaseExecutor.java:301)
	at com.kms.katalon.core.main.TestCaseExecutor.execute(TestCaseExecutor.java:235)
	at com.kms.katalon.core.main.TestSuiteExecutor.accessTestCaseMainPhase(TestSuiteExecutor.java:191)
	at com.kms.katalon.core.main.TestSuiteExecutor.accessTestSuiteMainPhase(TestSuiteExecutor.java:141)
	at com.kms.katalon.core.main.TestSuiteExecutor.execute(TestSuiteExecutor.java:90)
	at com.kms.katalon.core.main.TestCaseMain.startTestSuite(TestCaseMain.java:157)
	at com.kms.katalon.core.main.TestCaseMain$startTestSuite$0.call(Unknown Source)
	at TempTestSuite1600204927094.run(TempTestSuite1600204927094.groovy:39)
Caused by: com.kms.katalon.core.webui.exception.WebElementNotFoundException: Web element with id: 'Object Repository/FDR-VoucherEntry/InvoiceLine/invoice' located by '//*[@data-id='text-field']//input[@name='description']' not found
	at com.kms.katalon.core.webui.common.WebUiCommonHelper.findWebElement(WebUiCommonHelper.java:1368)
	at com.kms.katalon.core.webui.keyword.internal.WebUIAbstractKeyword.findWebElement(WebUIAbstractKeyword.groovy:27)
	at com.kms.katalon.core.webui.keyword.internal.WebUIAbstractKeyword.findWebElement(WebUIAbstractKeyword.groovy:26)
	at com.kms.katalon.core.webui.keyword.builtin.ClickKeyword$_click_closure1.doCall(ClickKeyword.groovy:67)
	at com.kms.katalon.core.webui.keyword.builtin.ClickKeyword$_click_closure1.call(ClickKeyword.groovy)
	at com.kms.katalon.core.webui.keyword.internal.WebUIKeywordMain.runKeyword(WebUIKeywordMain.groovy:20)
	at com.kms.katalon.core.webui.keyword.builtin.ClickKeyword.click(ClickKeyword.groovy:76)
	at com.kms.katalon.core.webui.keyword.builtin.ClickKeyword.execute(ClickKeyword.groovy:43)
	at com.kms.katalon.core.keyword.internal.KeywordExecutor.executeKeywordForPlatform(KeywordExecutor.groovy:73)
	at com.kms.katalon.core.webui.keyword.WebUiBuiltInKeywords.click(WebUiBuiltInKeywords.groovy:616)
	at com.kms.katalon.core.webui.keyword.WebUiBuiltInKeywords$click$6.call(Unknown Source)
	at com.functions.Uifunctions.createInvoiceLine(Uifunctions.groovy:199)
	at com.functions.Uifunctions$createInvoiceLine$2.call(Unknown Source)
	at Script1577197303304.run(Script1577197303304.groovy:30)
	... 13 more
)
	at com.kms.katalon.core.keyword.internal.KeywordMain.stepFailed(KeywordMain.groovy:39)
	at com.kms.katalon.core.webui.keyword.internal.WebUIKeywordMain.stepFailed(WebUIKeywordMain.groovy:64)
	at com.kms.katalon.core.webui.keyword.internal.WebUIKeywordMain.runKeyword(WebUIKeywordMain.groovy:26)
	at com.kms.katalon.core.webui.keyword.builtin.ClickKeyword.click(ClickKeyword.groovy:76)
	at com.kms.katalon.core.webui.keyword.builtin.ClickKeyword.execute(ClickKeyword.groovy:43)
	at com.kms.katalon.core.keyword.internal.KeywordExecutor.executeKeywordForPlatform(KeywordExecutor.groovy:73)
	at com.kms.katalon.core.webui.keyword.WebUiBuiltInKeywords.click(WebUiBuiltInKeywords.groovy:616)
	at com.kms.katalon.core.webui.keyword.WebUiBuiltInKeywords$click$6.call(Unknown Source)
	at com.functions.Uifunctions.createInvoiceLine(Uifunctions.groovy:199)
	at com.functions.Uifunctions$createInvoiceLine$2.call(Unknown Source)
	at FDR-Fund-Ratio-Validations.run(FDR-Fund-Ratio-Validations:30)
	at com.kms.katalon.core.main.ScriptEngine.run(ScriptEngine.java:194)
	at com.kms.katalon.core.main.ScriptEngine.runScriptAsRawText(ScriptEngine.java:119)
	at com.kms.katalon.core.main.TestCaseExecutor.runScript(TestCaseExecutor.java:339)
	at com.kms.katalon.core.main.TestCaseExecutor.doExecute(TestCaseExecutor.java:330)
	at com.kms.katalon.core.main.TestCaseExecutor.processExecutionPhase(TestCaseExecutor.java:309)
	at com.kms.katalon.core.main.TestCaseExecutor.accessMainPhase(TestCaseExecutor.java:301)
	at com.kms.katalon.core.main.TestCaseExecutor.execute(TestCaseExecutor.java:235)
	at com.kms.katalon.core.main.TestSuiteExecutor.accessTestCaseMainPhase(TestSuiteExecutor.java:191)
	at com.kms.katalon.core.main.TestSuiteExecutor.accessTestSuiteMainPhase(TestSuiteExecutor.java:141)
	at com.kms.katalon.core.main.TestSuiteExecutor.execute(TestSuiteExecutor.java:90)
	at com.kms.katalon.core.main.TestCaseMain.startTestSuite(TestCaseMain.java:157)
	at com.kms.katalon.core.main.TestCaseMain$startTestSuite$0.call(Unknown Source)
	at TempTestSuite1600204927094.run(TempTestSuite1600204927094.groovy:39)
Caused by: com.kms.katalon.core.exception.StepFailedException: Unable to click on object 'Object Repository/FDR-VoucherEntry/InvoiceLine/invoice'
	... 23 more
Caused by: com.kms.katalon.core.webui.exception.WebElementNotFoundException: Web element with id: 'Object Repository/FDR-VoucherEntry/InvoiceLine/invoice' located by '//*[@data-id='text-field']//input[@name='description']' not found
	at com.kms.katalon.core.webui.common.WebUiCommonHelper.findWebElement(WebUiCommonHelper.java:1368)
	at com.kms.katalon.core.webui.keyword.internal.WebUIAbstractKeyword.findWebElement(WebUIAbstractKeyword.groovy:27)
	at com.kms.katalon.core.webui.keyword.internal.WebUIAbstractKeyword.findWebElement(WebUIAbstractKeyword.groovy:26)
	at com.kms.katalon.core.webui.keyword.builtin.ClickKeyword$_click_closure1.doCall(ClickKeyword.groovy:67)
	at com.kms.katalon.core.webui.keyword.builtin.ClickKeyword$_click_closure1.call(ClickKeyword.groovy)
	at com.kms.katalon.core.webui.keyword.internal.WebUIKeywordMain.runKeyword(WebUIKeywordMain.groovy:20)
	... 21 more
"/>
         <system-out><![CDATA[2020-09-15 14:26:38 - [TEST_CASE][FAILED] - Test Cases/WEB-UI-TESTS/Voucher/FDR-Fund-Ratio-Validations: Test Cases/WEB-UI-TESTS/Voucher/FDR-Fund-Ratio-Validations FAILED.
Reason:
com.kms.katalon.core.exception.StepFailedException: Unable to click on object 'Object Repository/FDR-VoucherEntry/InvoiceLine/invoice' (Root cause: com.kms.katalon.core.exception.StepFailedException: Unable to click on object 'Object Repository/FDR-VoucherEntry/InvoiceLine/invoice'
	at com.kms.katalon.core.webui.keyword.internal.WebUIKeywordMain.stepFailed(WebUIKeywordMain.groovy:64)
	at com.kms.katalon.core.webui.keyword.internal.WebUIKeywordMain.runKeyword(WebUIKeywordMain.groovy:26)
	at com.kms.katalon.core.webui.keyword.builtin.ClickKeyword.click(ClickKeyword.groovy:76)
	at com.kms.katalon.core.webui.keyword.builtin.ClickKeyword.execute(ClickKeyword.groovy:43)
	at com.kms.katalon.core.keyword.internal.KeywordExecutor.executeKeywordForPlatform(KeywordExecutor.groovy:73)
	at com.kms.katalon.core.webui.keyword.WebUiBuiltInKeywords.click(WebUiBuiltInKeywords.groovy:616)
	at com.kms.katalon.core.webui.keyword.WebUiBuiltInKeywords$click$6.call(Unknown Source)
	at com.functions.Uifunctions.createInvoiceLine(Uifunctions.groovy:199)
	at com.functions.Uifunctions$createInvoiceLine$2.call(Unknown Source)
	at FDR-Fund-Ratio-Validations.run(FDR-Fund-Ratio-Validations:30)
	at com.kms.katalon.core.main.ScriptEngine.run(ScriptEngine.java:194)
	at com.kms.katalon.core.main.ScriptEngine.runScriptAsRawText(ScriptEngine.java:119)
	at com.kms.katalon.core.main.TestCaseExecutor.runScript(TestCaseExecutor.java:339)
	at com.kms.katalon.core.main.TestCaseExecutor.doExecute(TestCaseExecutor.java:330)
	at com.kms.katalon.core.main.TestCaseExecutor.processExecutionPhase(TestCaseExecutor.java:309)
	at com.kms.katalon.core.main.TestCaseExecutor.accessMainPhase(TestCaseExecutor.java:301)
	at com.kms.katalon.core.main.TestCaseExecutor.execute(TestCaseExecutor.java:235)
	at com.kms.katalon.core.main.TestSuiteExecutor.accessTestCaseMainPhase(TestSuiteExecutor.java:191)
	at com.kms.katalon.core.main.TestSuiteExecutor.accessTestSuiteMainPhase(TestSuiteExecutor.java:141)
	at com.kms.katalon.core.main.TestSuiteExecutor.execute(TestSuiteExecutor.java:90)
	at com.kms.katalon.core.main.TestCaseMain.startTestSuite(TestCaseMain.java:157)
	at com.kms.katalon.core.main.TestCaseMain$startTestSuite$0.call(Unknown Source)
	at TempTestSuite1600204927094.run(TempTestSuite1600204927094.groovy:39)
Caused by: com.kms.katalon.core.webui.exception.WebElementNotFoundException: Web element with id: 'Object Repository/FDR-VoucherEntry/InvoiceLine/invoice' located by '//*[@data-id='text-field']//input[@name='description']' not found
	at com.kms.katalon.core.webui.common.WebUiCommonHelper.findWebElement(WebUiCommonHelper.java:1368)
	at com.kms.katalon.core.webui.keyword.internal.WebUIAbstractKeyword.findWebElement(WebUIAbstractKeyword.groovy:27)
	at com.kms.katalon.core.webui.keyword.internal.WebUIAbstractKeyword.findWebElement(WebUIAbstractKeyword.groovy:26)
	at com.kms.katalon.core.webui.keyword.builtin.ClickKeyword$_click_closure1.doCall(ClickKeyword.groovy:67)
	at com.kms.katalon.core.webui.keyword.builtin.ClickKeyword$_click_closure1.call(ClickKeyword.groovy)
	at com.kms.katalon.core.webui.keyword.internal.WebUIKeywordMain.runKeyword(WebUIKeywordMain.groovy:20)
	at com.kms.katalon.core.webui.keyword.builtin.ClickKeyword.click(ClickKeyword.groovy:76)
	at com.kms.katalon.core.webui.keyword.builtin.ClickKeyword.execute(ClickKeyword.groovy:43)
	at com.kms.katalon.core.keyword.internal.KeywordExecutor.executeKeywordForPlatform(KeywordExecutor.groovy:73)
	at com.kms.katalon.core.webui.keyword.WebUiBuiltInKeywords.click(WebUiBuiltInKeywords.groovy:616)
	at com.kms.katalon.core.webui.keyword.WebUiBuiltInKeywords$click$6.call(Unknown Source)
	at com.functions.Uifunctions.createInvoiceLine(Uifunctions.groovy:199)
	at com.functions.Uifunctions$createInvoiceLine$2.call(Unknown Source)
	at Script1577197303304.run(Script1577197303304.groovy:30)
	... 13 more
)
	at com.kms.katalon.core.keyword.internal.KeywordMain.stepFailed(KeywordMain.groovy:39)
	at com.kms.katalon.core.webui.keyword.internal.WebUIKeywordMain.stepFailed(WebUIKeywordMain.groovy:64)
	at com.kms.katalon.core.webui.keyword.internal.WebUIKeywordMain.runKeyword(WebUIKeywordMain.groovy:26)
	at com.kms.katalon.core.webui.keyword.builtin.ClickKeyword.click(ClickKeyword.groovy:76)
	at com.kms.katalon.core.webui.keyword.builtin.ClickKeyword.execute(ClickKeyword.groovy:43)
	at com.kms.katalon.core.keyword.internal.KeywordExecutor.executeKeywordForPlatform(KeywordExecutor.groovy:73)
	at com.kms.katalon.core.webui.keyword.WebUiBuiltInKeywords.click(WebUiBuiltInKeywords.groovy:616)
	at com.kms.katalon.core.webui.keyword.WebUiBuiltInKeywords$click$6.call(Unknown Source)
	at com.functions.Uifunctions.createInvoiceLine(Uifunctions.groovy:199)
	at com.functions.Uifunctions$createInvoiceLine$2.call(Unknown Source)
	at FDR-Fund-Ratio-Validations.run(FDR-Fund-Ratio-Validations:30)
	at com.kms.katalon.core.main.ScriptEngine.run(ScriptEngine.java:194)
	at com.kms.katalon.core.main.ScriptEngine.runScriptAsRawText(ScriptEngine.java:119)
	at com.kms.katalon.core.main.TestCaseExecutor.runScript(TestCaseExecutor.java:339)
	at com.kms.katalon.core.main.TestCaseExecutor.doExecute(TestCaseExecutor.java:330)
	at com.kms.katalon.core.main.TestCaseExecutor.processExecutionPhase(TestCaseExecutor.java:309)
	at com.kms.katalon.core.main.TestCaseExecutor.accessMainPhase(TestCaseExecutor.java:301)
	at com.kms.katalon.core.main.TestCaseExecutor.execute(TestCaseExecutor.java:235)
	at com.kms.katalon.core.main.TestSuiteExecutor.accessTestCaseMainPhase(TestSuiteExecutor.java:191)
	at com.kms.katalon.core.main.TestSuiteExecutor.accessTestSuiteMainPhase(TestSuiteExecutor.java:141)
	at com.kms.katalon.core.main.TestSuiteExecutor.execute(TestSuiteExecutor.java:90)
	at com.kms.katalon.core.main.TestCaseMain.startTestSuite(TestCaseMain.java:157)
	at com.kms.katalon.core.main.TestCaseMain$startTestSuite$0.call(Unknown Source)
	at TempTestSuite1600204927094.run(TempTestSuite1600204927094.groovy:39)
Caused by: com.kms.katalon.core.exception.StepFailedException: Unable to click on object 'Object Repository/FDR-VoucherEntry/InvoiceLine/invoice'
	... 23 more
Caused by: com.kms.katalon.core.webui.exception.WebElementNotFoundException: Web element with id: 'Object Repository/FDR-VoucherEntry/InvoiceLine/invoice' located by '//*[@data-id='text-field']//input[@name='description']' not found
	at com.kms.katalon.core.webui.common.WebUiCommonHelper.findWebElement(WebUiCommonHelper.java:1368)
	at com.kms.katalon.core.webui.keyword.internal.WebUIAbstractKeyword.findWebElement(WebUIAbstractKeyword.groovy:27)
	at com.kms.katalon.core.webui.keyword.internal.WebUIAbstractKeyword.findWebElement(WebUIAbstractKeyword.groovy:26)
	at com.kms.katalon.core.webui.keyword.builtin.ClickKeyword$_click_closure1.doCall(ClickKeyword.groovy:67)
	at com.kms.katalon.core.webui.keyword.builtin.ClickKeyword$_click_closure1.call(ClickKeyword.groovy)
	at com.kms.katalon.core.webui.keyword.internal.WebUIKeywordMain.runKeyword(WebUIKeywordMain.groovy:20)
	... 21 more


2020-09-15 14:26:38 - [TEST_STEP][PASSED] - Start listener action : sampleBeforeTestCase: null

2020-09-15 14:26:38 - [TEST_STEP][PASSED] - profileName = getExecutionProfile(): null

2020-09-15 14:26:38 - [TEST_STEP][PASSED] - switch (profileName): null

2020-09-15 14:26:38 - [TEST_STEP][PASSED] - case "superUser":: null

2020-09-15 14:26:38 - [TEST_STEP][PASSED] - return null: null

2020-09-15 14:26:38 - [TEST_STEP][PASSED] - Start listener action : beforeTestCase: null

2020-09-15 14:26:38 - [TEST_STEP][PASSED] - profileName = getExecutionProfile(): null

2020-09-15 14:26:38 - [TEST_STEP][PASSED] - if (profileName.equalsIgnoreCase("SysAdmin")): null

2020-09-15 14:26:38 - [TEST_STEP][PASSED] - Start listener action : sampleBeforeTestCase: Navigate to 'https://fdr-katalon.cammis-mod-dev.dhcs.ca.gov' successfully

2020-09-15 14:26:38 - [TEST_STEP][PASSED] - profileName = getExecutionProfile(): null

2020-09-15 14:26:38 - [TEST_STEP][PASSED] - testCaseId = testCaseContext.getTestCaseId(): null

2020-09-15 14:26:38 - [TEST_STEP][PASSED] - switch (profileName): null

2020-09-15 14:26:38 - [TEST_STEP][PASSED] - case "Voucher":: null

2020-09-15 14:26:38 - [TEST_STEP][PASSED] - Uifunctions.loginFDR(accountsApproverAcc2, accountsApproverAcc2Pwd): Object: 'Object Repository/FDR-SignIn/SignInButton' is clicked on

2020-09-15 14:26:38 - [MESSAGE][INFO] - Starting 'Chrome' driver

2020-09-15 14:26:38 - [MESSAGE][INFO] - Action delay is set to 0 milliseconds

2020-09-15 14:26:41 - [MESSAGE][PASSED] - Browser is opened with url: ''

2020-09-15 14:26:43 - [MESSAGE][PASSED] - Current window maximized

2020-09-15 14:26:45 - [MESSAGE][PASSED] - Navigate to 'https://fdr-katalon.cammis-mod-dev.dhcs.ca.gov' successfully

2020-09-15 14:26:46 - [MESSAGE][PASSED] - Object 'Object Repository/FDR-SignIn/SignInEmail' is present

2020-09-15 14:26:46 - [MESSAGE][PASSED] - Object: 'Object Repository/FDR-SignIn/SignInEmail' is clicked on

2020-09-15 14:26:47 - [MESSAGE][PASSED] - Object 'Object Repository/FDR-SignIn/SignInEmail' is present

2020-09-15 14:26:47 - [MESSAGE][PASSED] - Text 'fdr.test2@dhcs.ca.gov' is set on object 'Object Repository/FDR-SignIn/SignInEmail'

2020-09-15 14:26:47 - [MESSAGE][PASSED] - Object 'Object Repository/FDR-SignIn/SignInEmailNext' is visible

2020-09-15 14:26:48 - [MESSAGE][PASSED] - Object: 'Object Repository/FDR-SignIn/SignInEmailNext' is clicked on

2020-09-15 14:26:51 - [MESSAGE][PASSED] - Object 'Object Repository/FDR-SignIn/SignInEmailPassword' is visible

2020-09-15 14:26:51 - [MESSAGE][PASSED] - Object: 'Object Repository/FDR-SignIn/SignInEmailPassword' is clicked on

2020-09-15 14:26:52 - [MESSAGE][PASSED] - Text ****** has been set on object 'Object Repository/FDR-SignIn/SignInEmailPassword'

2020-09-15 14:26:53 - [MESSAGE][PASSED] - Object: 'Object Repository/FDR-SignIn/SignInButton' is clicked on

2020-09-15 14:26:53 - [TEST_STEP][PASSED] - break: null

2020-09-15 14:26:53 - [TEST_STEP][PASSED] - navigateToUrl(URL): Navigate to 'https://fdr-katalon.cammis-mod-dev.dhcs.ca.gov' successfully

2020-09-15 14:26:54 - [MESSAGE][PASSED] - Navigate to 'https://fdr-katalon.cammis-mod-dev.dhcs.ca.gov' successfully

2020-09-15 14:26:54 - [TEST_STEP][PASSED] - Start listener action : executeRows: null

2020-09-15 14:26:54 - [TEST_STEP][PASSED] - Start setup action : setupTestCase: Method 'setupTestCase' complete successfully

2020-09-15 14:26:54 - [MESSAGE][PASSED] - Method 'setupTestCase' complete successfully

2020-09-15 14:26:54 - [TEST_STEP][PASSED] - voucherHeaderData = ["drawDate":drawDate, "payDate":payDate, "programType":programType, "invoiceType":invoiceType, "fundCode":fundCode, "supplier":supplier, ... ]: null

2020-09-15 14:26:54 - [TEST_STEP][PASSED] - Uifunctions.createVoucherHeader(voucherHeaderData): Object 'Object Repository/FDR-VoucherEntry/VoucherHeader/reviewButton' is not present after 4 second(s)

2020-09-15 14:26:55 - [MESSAGE][PASSED] - Object 'Object Repository/FDR-Dashboard/createNewVoucherButton' is present

2020-09-15 14:26:56 - [MESSAGE][PASSED] - Object: 'Object Repository/FDR-Dashboard/createNewVoucherButton' is clicked on

2020-09-15 14:27:01 - [MESSAGE][INFO] - Unable to find the element located by 'By.xpath: //*[@data-id='action-button']//*[contains(text(),'Review')]'. Please recheck the objects properties to make sure the desired element is located. 

2020-09-15 14:27:01 - [MESSAGE][WARNING] - Object 'Object Repository/FDR-VoucherEntry/VoucherHeader/reviewButton' is not present after 3 second(s)

2020-09-15 14:27:01 - [MESSAGE][PASSED] - Object: 'Object Repository/FDR-VoucherEntry/Voucher/drawDate' is clicked on

2020-09-15 14:27:03 - [MESSAGE][INFO] - Unable to find the element located by 'By.xpath: //*[@data-id='button-link']//*[contains(text(),'Create New Voucher')]'. Please recheck the objects properties to make sure the desired element is located. 

2020-09-15 14:27:03 - [MESSAGE][WARNING] - Object 'Object Repository/FDR-Dashboard/createNewVoucherButton' is not present after 1 second(s)

2020-09-15 14:27:05 - [MESSAGE][PASSED] - Text '10/05/2020' is set on object 'Object Repository/FDR-VoucherEntry/Voucher/drawDate'

2020-09-15 14:27:09 - [MESSAGE][INFO] - Unable to find the element located by 'By.xpath: //*[@data-id='button-link']//*[contains(text(),'Create New Voucher')]'. Please recheck the objects properties to make sure the desired element is located. 

2020-09-15 14:27:09 - [MESSAGE][WARNING] - Object 'Object Repository/FDR-Dashboard/createNewVoucherButton' is not present after 3 second(s)

2020-09-15 14:27:09 - [MESSAGE][PASSED] - Object: 'Object Repository/FDR-VoucherEntry/Voucher/programType' is clicked on

2020-09-15 14:27:12 - [MESSAGE][INFO] - Unable to find the element located by 'By.xpath: //*[@data-id='button-link']//*[contains(text(),'Create New Voucher')]'. Please recheck the objects properties to make sure the desired element is located. 

2020-09-15 14:27:12 - [MESSAGE][WARNING] - Object 'Object Repository/FDR-Dashboard/createNewVoucherButton' is not present after 2 second(s)

2020-09-15 14:27:13 - [MESSAGE][PASSED] - Keys 'Medical Assistance (MA)' sent to object: 'Object Repository/FDR-VoucherEntry/Voucher/programType'

2020-09-15 14:27:13 - [MESSAGE][PASSED] - Object 'Object Repository/FDR-VoucherEntry/Voucher/programType' is present

2020-09-15 14:27:13 - [MESSAGE][PASSED] - Keys 'DOWN + ENTER + ' sent to object: 'Object Repository/FDR-VoucherEntry/Voucher/programType'

2020-09-15 14:27:14 - [MESSAGE][PASSED] - Object: 'Object Repository/FDR-VoucherEntry/Voucher/invoiceType' is clicked on

2020-09-15 14:27:14 - [MESSAGE][PASSED] - Object 'Object Repository/FDR-VoucherEntry/Voucher/invoiceType' is present

2020-09-15 14:27:15 - [MESSAGE][PASSED] - Keys 'CAP' sent to object: 'Object Repository/FDR-VoucherEntry/Voucher/invoiceType'

2020-09-15 14:27:15 - [MESSAGE][PASSED] - Keys 'DOWN + ENTER + ' sent to object: 'Object Repository/FDR-VoucherEntry/Voucher/invoiceType'

2020-09-15 14:27:16 - [MESSAGE][PASSED] - Object: 'Object Repository/FDR-VoucherEntry/Voucher/fundCode' is clicked on

2020-09-15 14:27:16 - [MESSAGE][PASSED] - Keys 'Health Care Deposit Fund (0912)' sent to object: 'Object Repository/FDR-VoucherEntry/Voucher/fundCode'

2020-09-15 14:27:17 - [MESSAGE][PASSED] - Object 'Object Repository/FDR-VoucherEntry/Voucher/fundCode' is present

2020-09-15 14:27:17 - [MESSAGE][PASSED] - Keys 'DOWN + ENTER + ' sent to object: 'Object Repository/FDR-VoucherEntry/Voucher/fundCode'

2020-09-15 14:27:18 - [MESSAGE][PASSED] - Object: 'Object Repository/FDR-VoucherEntry/Voucher/supplierID' is clicked on

2020-09-15 14:27:18 - [MESSAGE][PASSED] - Keys '0000007954' sent to object: 'Object Repository/FDR-VoucherEntry/Voucher/supplierID'

2020-09-15 14:27:19 - [MESSAGE][PASSED] - Object 'Object Repository/FDR-VoucherEntry/Voucher/supplierID' is present

2020-09-15 14:27:19 - [MESSAGE][PASSED] - Keys 'DOWN + ENTER + ' sent to object: 'Object Repository/FDR-VoucherEntry/Voucher/supplierID'

2020-09-15 14:27:20 - [MESSAGE][PASSED] - Object: 'Object Repository/FDR-VoucherEntry/Voucher/seqNum' is clicked on

2020-09-15 14:27:20 - [MESSAGE][PASSED] - Object 'Object Repository/FDR-VoucherEntry/Voucher/seqNum' is present

2020-09-15 14:27:21 - [MESSAGE][PASSED] - Keys 'DOWN + ENTER + ' sent to object: 'Object Repository/FDR-VoucherEntry/Voucher/seqNum'

2020-09-15 14:27:21 - [MESSAGE][PASSED] - Object: 'Object Repository/FDR-VoucherEntry/Voucher/contractNum' is clicked on

2020-09-15 14:27:22 - [MESSAGE][PASSED] - Keys '07-65707' sent to object: 'Object Repository/FDR-VoucherEntry/Voucher/contractNum'

2020-09-15 14:27:22 - [MESSAGE][PASSED] - Object 'Object Repository/FDR-VoucherEntry/Voucher/contractNum' is present

2020-09-15 14:27:22 - [MESSAGE][PASSED] - Keys 'DOWN + ENTER + ' sent to object: 'Object Repository/FDR-VoucherEntry/Voucher/contractNum'

2020-09-15 14:27:25 - [MESSAGE][PASSED] - Text 'This message will print on the Remittance Advice' is set on object 'Object Repository/FDR-VoucherEntry/Voucher/vendorMessage'

2020-09-15 14:27:26 - [MESSAGE][PASSED] - Object: 'Object Repository/FDR-VoucherEntry/Voucher/primaryContact' is clicked on

2020-09-15 14:27:26 - [MESSAGE][PASSED] - Keys 'Aung Lin' sent to object: 'Object Repository/FDR-VoucherEntry/Voucher/primaryContact'

2020-09-15 14:27:27 - [MESSAGE][PASSED] - Object 'Object Repository/FDR-VoucherEntry/Voucher/primaryContact' is present

2020-09-15 14:27:27 - [MESSAGE][PASSED] - Keys 'DOWN + ENTER + ' sent to object: 'Object Repository/FDR-VoucherEntry/Voucher/primaryContact'

2020-09-15 14:27:28 - [MESSAGE][PASSED] - Object: 'Object Repository/FDR-VoucherEntry/Voucher/secondaryContact' is clicked on

2020-09-15 14:27:28 - [MESSAGE][PASSED] - Keys 'Vivian Ly' sent to object: 'Object Repository/FDR-VoucherEntry/Voucher/secondaryContact'

2020-09-15 14:27:29 - [MESSAGE][PASSED] - Object 'Object Repository/FDR-VoucherEntry/Voucher/secondaryContact' is present

2020-09-15 14:27:29 - [MESSAGE][PASSED] - Object 'Object Repository/FDR-VoucherEntry/Voucher/secondaryContact' is present

2020-09-15 14:27:29 - [MESSAGE][PASSED] - Keys 'DOWN + ENTER + ' sent to object: 'Object Repository/FDR-VoucherEntry/Voucher/secondaryContact'

2020-09-15 14:27:30 - [MESSAGE][PASSED] - Object: 'Object Repository/FDR-VoucherEntry/Voucher/buttonNext' is clicked on

2020-09-15 14:27:33 - [MESSAGE][PASSED] - Delayed 3 second(s)

2020-09-15 14:27:38 - [MESSAGE][INFO] - Unable to find the element located by 'By.xpath: //*[@data-id='action-button']//*[contains(text(),'Review')]'. Please recheck the objects properties to make sure the desired element is located. 

2020-09-15 14:27:38 - [MESSAGE][WARNING] - Object 'Object Repository/FDR-VoucherEntry/VoucherHeader/reviewButton' is not present after 4 second(s)

2020-09-15 14:27:38 - [TEST_STEP][PASSED] - waitForElementPresent(findTestObject("FDR-Dashboard/createNewVoucherButton"), 4): Object 'Object Repository/FDR-Dashboard/createNewVoucherButton' is not present after 4 second(s)

2020-09-15 14:27:43 - [MESSAGE][INFO] - Unable to find the element located by 'By.xpath: //*[@data-id='button-link']//*[contains(text(),'Create New Voucher')]'. Please recheck the objects properties to make sure the desired element is located. 

2020-09-15 14:27:43 - [MESSAGE][WARNING] - Object 'Object Repository/FDR-Dashboard/createNewVoucherButton' is not present after 4 second(s)

2020-09-15 14:27:43 - [TEST_STEP][FAILED] - Uifunctions.createInvoiceLine(1): Object 'Object Repository/FDR-VoucherEntry/VoucherHeader/reviewButton' is not present after 6 second(s)

2020-09-15 14:27:47 - [MESSAGE][INFO] - Unable to find the element located by 'By.xpath: //*[@data-id='action-button']//*[contains(text(),'Review')]'. Please recheck the objects properties to make sure the desired element is located. 

2020-09-15 14:27:47 - [MESSAGE][WARNING] - Object 'Object Repository/FDR-VoucherEntry/VoucherHeader/reviewButton' is not present after 3 second(s)

2020-09-15 14:27:50 - [MESSAGE][INFO] - Unable to find the element located by 'By.xpath: //*[contains(text(),'Add voucher')]//parent::button'. Please recheck the objects properties to make sure the desired element is located. 

2020-09-15 14:27:50 - [MESSAGE][WARNING] - Object 'Object Repository/FDR-VoucherEntry/InvoiceLine/addVoucherButton' is not present after 2 second(s)

2020-09-15 14:27:56 - [MESSAGE][INFO] - Unable to find the element located by 'By.xpath: //*[@data-id='text-field']//input[@name='description']'. Please recheck the objects properties to make sure the desired element is located. 

2020-09-15 14:27:56 - [MESSAGE][WARNING] - Web element with id: 'Object Repository/FDR-VoucherEntry/InvoiceLine/invoice' located by '//*[@data-id='text-field']//input[@name='description']' not found

2020-09-15 14:28:00 - [MESSAGE][INFO] - Unable to find the element located by 'By.xpath: //*[@data-id='text-field']//input[@name='description']'. Please recheck the objects properties to make sure the desired element is located. 

2020-09-15 14:28:00 - [MESSAGE][FAILED] - Unable to click on object 'Object Repository/FDR-VoucherEntry/InvoiceLine/invoice' (Root cause: com.kms.katalon.core.exception.StepFailedException: Unable to click on object 'Object Repository/FDR-VoucherEntry/InvoiceLine/invoice'
	at com.kms.katalon.core.webui.keyword.internal.WebUIKeywordMain.stepFailed(WebUIKeywordMain.groovy:64)
	at com.kms.katalon.core.webui.keyword.internal.WebUIKeywordMain.runKeyword(WebUIKeywordMain.groovy:26)
	at com.kms.katalon.core.webui.keyword.builtin.ClickKeyword.click(ClickKeyword.groovy:76)
	at com.kms.katalon.core.webui.keyword.builtin.ClickKeyword.execute(ClickKeyword.groovy:43)
	at com.kms.katalon.core.keyword.internal.KeywordExecutor.executeKeywordForPlatform(KeywordExecutor.groovy:73)
	at com.kms.katalon.core.webui.keyword.WebUiBuiltInKeywords.click(WebUiBuiltInKeywords.groovy:616)
	at com.kms.katalon.core.webui.keyword.WebUiBuiltInKeywords$click$6.call(Unknown Source)
	at com.functions.Uifunctions.createInvoiceLine(Uifunctions.groovy:199)
	at com.functions.Uifunctions$createInvoiceLine$2.call(Unknown Source)
	at FDR-Fund-Ratio-Validations.run(FDR-Fund-Ratio-Validations:30)
	at com.kms.katalon.core.main.ScriptEngine.run(ScriptEngine.java:194)
	at com.kms.katalon.core.main.ScriptEngine.runScriptAsRawText(ScriptEngine.java:119)
	at com.kms.katalon.core.main.TestCaseExecutor.runScript(TestCaseExecutor.java:339)
	at com.kms.katalon.core.main.TestCaseExecutor.doExecute(TestCaseExecutor.java:330)
	at com.kms.katalon.core.main.TestCaseExecutor.processExecutionPhase(TestCaseExecutor.java:309)
	at com.kms.katalon.core.main.TestCaseExecutor.accessMainPhase(TestCaseExecutor.java:301)
	at com.kms.katalon.core.main.TestCaseExecutor.execute(TestCaseExecutor.java:235)
	at com.kms.katalon.core.main.TestSuiteExecutor.accessTestCaseMainPhase(TestSuiteExecutor.java:191)
	at com.kms.katalon.core.main.TestSuiteExecutor.accessTestSuiteMainPhase(TestSuiteExecutor.java:141)
	at com.kms.katalon.core.main.TestSuiteExecutor.execute(TestSuiteExecutor.java:90)
	at com.kms.katalon.core.main.TestCaseMain.startTestSuite(TestCaseMain.java:157)
	at com.kms.katalon.core.main.TestCaseMain$startTestSuite$0.call(Unknown Source)
	at TempTestSuite1600204927094.run(TempTestSuite1600204927094.groovy:39)
Caused by: com.kms.katalon.core.webui.exception.WebElementNotFoundException: Web element with id: 'Object Repository/FDR-VoucherEntry/InvoiceLine/invoice' located by '//*[@data-id='text-field']//input[@name='description']' not found
	at com.kms.katalon.core.webui.common.WebUiCommonHelper.findWebElement(WebUiCommonHelper.java:1368)
	at com.kms.katalon.core.webui.keyword.internal.WebUIAbstractKeyword.findWebElement(WebUIAbstractKeyword.groovy:27)
	at com.kms.katalon.core.webui.keyword.internal.WebUIAbstractKeyword.findWebElement(WebUIAbstractKeyword.groovy:26)
	at com.kms.katalon.core.webui.keyword.builtin.ClickKeyword$_click_closure1.doCall(ClickKeyword.groovy:67)
	at com.kms.katalon.core.webui.keyword.builtin.ClickKeyword$_click_closure1.call(ClickKeyword.groovy)
	at com.kms.katalon.core.webui.keyword.internal.WebUIKeywordMain.runKeyword(WebUIKeywordMain.groovy:20)
	at com.kms.katalon.core.webui.keyword.builtin.ClickKeyword.click(ClickKeyword.groovy:76)
	at com.kms.katalon.core.webui.keyword.builtin.ClickKeyword.execute(ClickKeyword.groovy:43)
	at com.kms.katalon.core.keyword.internal.KeywordExecutor.executeKeywordForPlatform(KeywordExecutor.groovy:73)
	at com.kms.katalon.core.webui.keyword.WebUiBuiltInKeywords.click(WebUiBuiltInKeywords.groovy:616)
	at com.kms.katalon.core.webui.keyword.WebUiBuiltInKeywords$click$6.call(Unknown Source)
	at com.functions.Uifunctions.createInvoiceLine(Uifunctions.groovy:199)
	at com.functions.Uifunctions$createInvoiceLine$2.call(Unknown Source)
	at Script1577197303304.run(Script1577197303304.groovy:30)
	... 13 more
)
[[ATTACHMENT|C:\\fdr-automation-develop_08_25_2020\\Reports\\20200915_142206\\Voucher-Integration_Suite\\20200915_142207\\1600205280354.png]]

2020-09-15 14:28:05 - [MESSAGE][INFO] - Unable to find the element located by 'By.xpath: //*[@data-id='text-field']//input[@name='description']'. Please recheck the objects properties to make sure the desired element is located. 

2020-09-15 14:28:05 - [MESSAGE][FAILED] - Unable to set text '0300' of object 'Object Repository/FDR-VoucherEntry/InvoiceLine/invoice' (Root cause: com.kms.katalon.core.exception.StepFailedException: Unable to set text '0300' of object 'Object Repository/FDR-VoucherEntry/InvoiceLine/invoice'
	at com.kms.katalon.core.webui.keyword.internal.WebUIKeywordMain.stepFailed(WebUIKeywordMain.groovy:64)
	at com.kms.katalon.core.webui.keyword.internal.WebUIKeywordMain.runKeyword(WebUIKeywordMain.groovy:26)
	at com.kms.katalon.core.webui.keyword.builtin.SetTextKeyword.setText(SetTextKeyword.groovy:66)
	at com.kms.katalon.core.webui.keyword.builtin.SetTextKeyword.execute(SetTextKeyword.groovy:37)
	at com.kms.katalon.core.keyword.internal.KeywordExecutor.executeKeywordForPlatform(KeywordExecutor.groovy:73)
	at com.kms.katalon.core.webui.keyword.WebUiBuiltInKeywords.setText(WebUiBuiltInKeywords.groovy:976)
	at com.kms.katalon.core.webui.keyword.WebUiBuiltInKeywords$setText$4.call(Unknown Source)
	at com.functions.Uifunctions.createInvoiceLine(Uifunctions.groovy:200)
	at com.functions.Uifunctions$createInvoiceLine$2.call(Unknown Source)
	at FDR-Fund-Ratio-Validations.run(FDR-Fund-Ratio-Validations:30)
	at com.kms.katalon.core.main.ScriptEngine.run(ScriptEngine.java:194)
	at com.kms.katalon.core.main.ScriptEngine.runScriptAsRawText(ScriptEngine.java:119)
	at com.kms.katalon.core.main.TestCaseExecutor.runScript(TestCaseExecutor.java:339)
	at com.kms.katalon.core.main.TestCaseExecutor.doExecute(TestCaseExecutor.java:330)
	at com.kms.katalon.core.main.TestCaseExecutor.processExecutionPhase(TestCaseExecutor.java:309)
	at com.kms.katalon.core.main.TestCaseExecutor.accessMainPhase(TestCaseExecutor.java:301)
	at com.kms.katalon.core.main.TestCaseExecutor.execute(TestCaseExecutor.java:235)
	at com.kms.katalon.core.main.TestSuiteExecutor.accessTestCaseMainPhase(TestSuiteExecutor.java:191)
	at com.kms.katalon.core.main.TestSuiteExecutor.accessTestSuiteMainPhase(TestSuiteExecutor.java:141)
	at com.kms.katalon.core.main.TestSuiteExecutor.execute(TestSuiteExecutor.java:90)
	at com.kms.katalon.core.main.TestCaseMain.startTestSuite(TestCaseMain.java:157)
	at com.kms.katalon.core.main.TestCaseMain$startTestSuite$0.call(Unknown Source)
	at TempTestSuite1600204927094.run(TempTestSuite1600204927094.groovy:39)
Caused by: com.kms.katalon.core.webui.exception.WebElementNotFoundException: Web element with id: 'Object Repository/FDR-VoucherEntry/InvoiceLine/invoice' located by '//*[@data-id='text-field']//input[@name='description']' not found
	at com.kms.katalon.core.webui.common.WebUiCommonHelper.findWebElement(WebUiCommonHelper.java:1368)
	at com.kms.katalon.core.webui.keyword.internal.WebUIAbstractKeyword.findWebElement(WebUIAbstractKeyword.groovy:27)
	at com.kms.katalon.core.webui.keyword.internal.WebUIAbstractKeyword.findWebElement(WebUIAbstractKeyword.groovy:26)
	at com.kms.katalon.core.webui.keyword.builtin.SetTextKeyword$_setText_closure1.doCall(SetTextKeyword.groovy:51)
	at com.kms.katalon.core.webui.keyword.builtin.SetTextKeyword$_setText_closure1.call(SetTextKeyword.groovy)
	at com.kms.katalon.core.webui.keyword.internal.WebUIKeywordMain.runKeyword(WebUIKeywordMain.groovy:20)
	at com.kms.katalon.core.webui.keyword.builtin.SetTextKeyword.setText(SetTextKeyword.groovy:66)
	at com.kms.katalon.core.webui.keyword.builtin.SetTextKeyword.execute(SetTextKeyword.groovy:37)
	at com.kms.katalon.core.keyword.internal.KeywordExecutor.executeKeywordForPlatform(KeywordExecutor.groovy:73)
	at com.kms.katalon.core.webui.keyword.WebUiBuiltInKeywords.setText(WebUiBuiltInKeywords.groovy:976)
	at com.kms.katalon.core.webui.keyword.WebUiBuiltInKeywords$setText$4.call(Unknown Source)
	at com.functions.Uifunctions.createInvoiceLine(Uifunctions.groovy:200)
	at com.functions.Uifunctions$createInvoiceLine$2.call(Unknown Source)
	at Script1577197303304.run(Script1577197303304.groovy:30)
	... 13 more
)
[[ATTACHMENT|C:\\fdr-automation-develop_08_25_2020\\Reports\\20200915_142206\\Voucher-Integration_Suite\\20200915_142207\\1600205285014.png]]

2020-09-15 14:28:07 - [MESSAGE][FAILED] - Unable to click on object 'Object Repository/FDR-VoucherEntry/InvoiceLine/invoiceDate' (Root cause: com.kms.katalon.core.exception.StepFailedException: Unable to click on object 'Object Repository/FDR-VoucherEntry/InvoiceLine/invoiceDate'
	at com.kms.katalon.core.webui.keyword.internal.WebUIKeywordMain.stepFailed(WebUIKeywordMain.groovy:64)
	at com.kms.katalon.core.webui.keyword.internal.WebUIKeywordMain.runKeyword(WebUIKeywordMain.groovy:26)
	at com.kms.katalon.core.webui.keyword.builtin.ClickKeyword.click(ClickKeyword.groovy:76)
	at com.kms.katalon.core.webui.keyword.builtin.ClickKeyword.execute(ClickKeyword.groovy:43)
	at com.kms.katalon.core.keyword.internal.KeywordExecutor.executeKeywordForPlatform(KeywordExecutor.groovy:73)
	at com.kms.katalon.core.webui.keyword.WebUiBuiltInKeywords.click(WebUiBuiltInKeywords.groovy:616)
	at com.kms.katalon.core.webui.keyword.WebUiBuiltInKeywords$click$6.call(Unknown Source)
	at com.functions.Uifunctions.createInvoiceLine(Uifunctions.groovy:202)
	at com.functions.Uifunctions$createInvoiceLine$2.call(Unknown Source)
	at FDR-Fund-Ratio-Validations.run(FDR-Fund-Ratio-Validations:30)
	at com.kms.katalon.core.main.ScriptEngine.run(ScriptEngine.java:194)
	at com.kms.katalon.core.main.ScriptEngine.runScriptAsRawText(ScriptEngine.java:119)
	at com.kms.katalon.core.main.TestCaseExecutor.runScript(TestCaseExecutor.java:339)
	at com.kms.katalon.core.main.TestCaseExecutor.doExecute(TestCaseExecutor.java:330)
	at com.kms.katalon.core.main.TestCaseExecutor.processExecutionPhase(TestCaseExecutor.java:309)
	at com.kms.katalon.core.main.TestCaseExecutor.accessMainPhase(TestCaseExecutor.java:301)
	at com.kms.katalon.core.main.TestCaseExecutor.execute(TestCaseExecutor.java:235)
	at com.kms.katalon.core.main.TestSuiteExecutor.accessTestCaseMainPhase(TestSuiteExecutor.java:191)
	at com.kms.katalon.core.main.TestSuiteExecutor.accessTestSuiteMainPhase(TestSuiteExecutor.java:141)
	at com.kms.katalon.core.main.TestSuiteExecutor.execute(TestSuiteExecutor.java:90)
	at com.kms.katalon.core.main.TestCaseMain.startTestSuite(TestCaseMain.java:157)
	at com.kms.katalon.core.main.TestCaseMain$startTestSuite$0.call(Unknown Source)
	at TempTestSuite1600204927094.run(TempTestSuite1600204927094.groovy:39)
Caused by: org.openqa.selenium.ElementClickInterceptedException: element click intercepted: Element <input aria-invalid="false" aria-describedby="drawDate-helper-text" id="drawDate" type="text" class="MuiInputBase-input-2493 MuiOutlinedInput-input-2480 MuiInputBase-inputAdornedEnd-2498 MuiOutlinedInput-inputAdornedEnd-2484" value="10/05/2020"> is not clickable at point (737, 12). Other element would receive the click: <div class="MuiToolbar-root-45 MuiToolbar-regular-47 jss43 jss44 MuiToolbar-gutters-46">...</div>
  (Session info: chrome=85.0.4183.102)
Build info: version: '3.141.59', revision: 'e82be7d358', time: '2018-11-14T08:25:53'
System info: host: 'DESKTOP-9VU7G8T', ip: '192.168.1.188', os.name: 'Windows 10', os.arch: 'amd64', os.version: '10.0', java.version: '1.8.0_181'
Driver info: com.kms.katalon.selenium.driver.CChromeDriver
Capabilities {acceptInsecureCerts: false, browserName: chrome, browserVersion: 85.0.4183.102, chrome: {chromedriverVersion: 85.0.4183.87 (cd6713ebf92fa..., userDataDir: C:\Users\NAGESH~1.ALL\AppDa...}, goog:chromeOptions: {debuggerAddress: localhost:56561}, javascriptEnabled: true, networkConnectionEnabled: false, pageLoadStrategy: normal, platform: WINDOWS, platformName: WINDOWS, proxy: Proxy(), setWindowRect: true, strictFileInteractability: false, timeouts: {implicit: 0, pageLoad: 300000, script: 30000}, unhandledPromptBehavior: dismiss and notify, webauthn:virtualAuthenticators: true}
Session ID: 77126542de58e50358db3a9f4333a178
	at org.openqa.selenium.remote.http.W3CHttpResponseCodec.createException(W3CHttpResponseCodec.java:187)
	at org.openqa.selenium.remote.http.W3CHttpResponseCodec.decode(W3CHttpResponseCodec.java:122)
	at org.openqa.selenium.remote.http.W3CHttpResponseCodec.decode(W3CHttpResponseCodec.java:49)
	at org.openqa.selenium.remote.HttpCommandExecutor.execute(HttpCommandExecutor.java:158)
	at org.openqa.selenium.remote.service.DriverCommandExecutor.execute(DriverCommandExecutor.java:83)
	at org.openqa.selenium.remote.RemoteWebDriver.execute(RemoteWebDriver.java:552)
	at com.kms.katalon.selenium.driver.CChromeDriver.execute(CChromeDriver.java:19)
	at org.openqa.selenium.remote.RemoteWebElement.execute(RemoteWebElement.java:285)
	at org.openqa.selenium.remote.RemoteWebElement.click(RemoteWebElement.java:84)
	at org.openqa.selenium.support.events.EventFiringWebDriver$EventFiringWebElement.lambda$new$0(EventFiringWebDriver.java:404)
	at com.sun.proxy.$Proxy13.click(Unknown Source)
	at org.openqa.selenium.support.events.EventFiringWebDriver$EventFiringWebElement.click(EventFiringWebDriver.java:417)
	at com.kms.katalon.core.webui.keyword.builtin.ClickKeyword$_click_closure1.doCall(ClickKeyword.groovy:69)
	at com.kms.katalon.core.webui.keyword.builtin.ClickKeyword$_click_closure1.call(ClickKeyword.groovy)
	at com.kms.katalon.core.webui.keyword.internal.WebUIKeywordMain.runKeyword(WebUIKeywordMain.groovy:20)
	at com.kms.katalon.core.webui.keyword.builtin.ClickKeyword.click(ClickKeyword.groovy:76)
	at com.kms.katalon.core.webui.keyword.builtin.ClickKeyword.execute(ClickKeyword.groovy:43)
	at com.kms.katalon.core.keyword.internal.KeywordExecutor.executeKeywordForPlatform(KeywordExecutor.groovy:73)
	at com.kms.katalon.core.webui.keyword.WebUiBuiltInKeywords.click(WebUiBuiltInKeywords.groovy:616)
	at com.kms.katalon.core.webui.keyword.WebUiBuiltInKeywords$click$6.call(Unknown Source)
	at com.functions.Uifunctions.createInvoiceLine(Uifunctions.groovy:202)
	at com.functions.Uifunctions$createInvoiceLine$2.call(Unknown Source)
	at Script1577197303304.run(Script1577197303304.groovy:30)
	... 13 more
)
[[ATTACHMENT|C:\\fdr-automation-develop_08_25_2020\\Reports\\20200915_142206\\Voucher-Integration_Suite\\20200915_142207\\1600205286691.png]]

2020-09-15 14:28:07 - [MESSAGE][PASSED] - Object 'Object Repository/FDR-VoucherEntry/InvoiceLine/invoiceDate' is present

2020-09-15 14:28:07 - [MESSAGE][PASSED] - Text '09/15/2020' is set on object 'Object Repository/FDR-VoucherEntry/InvoiceLine/invoiceDate'

2020-09-15 14:28:09 - [MESSAGE][FAILED] - Unable to click on object 'Object Repository/FDR-VoucherEntry/InvoiceLine/originalWarrantDate' (Root cause: com.kms.katalon.core.exception.StepFailedException: Unable to click on object 'Object Repository/FDR-VoucherEntry/InvoiceLine/originalWarrantDate'
	at com.kms.katalon.core.webui.keyword.internal.WebUIKeywordMain.stepFailed(WebUIKeywordMain.groovy:64)
	at com.kms.katalon.core.webui.keyword.internal.WebUIKeywordMain.runKeyword(WebUIKeywordMain.groovy:26)
	at com.kms.katalon.core.webui.keyword.builtin.ClickKeyword.click(ClickKeyword.groovy:76)
	at com.kms.katalon.core.webui.keyword.builtin.ClickKeyword.execute(ClickKeyword.groovy:43)
	at com.kms.katalon.core.keyword.internal.KeywordExecutor.executeKeywordForPlatform(KeywordExecutor.groovy:73)
	at com.kms.katalon.core.webui.keyword.WebUiBuiltInKeywords.click(WebUiBuiltInKeywords.groovy:616)
	at com.kms.katalon.core.webui.keyword.WebUiBuiltInKeywords$click$6.call(Unknown Source)
	at com.functions.Uifunctions.createInvoiceLine(Uifunctions.groovy:206)
	at com.functions.Uifunctions$createInvoiceLine$2.call(Unknown Source)
	at FDR-Fund-Ratio-Validations.run(FDR-Fund-Ratio-Validations:30)
	at com.kms.katalon.core.main.ScriptEngine.run(ScriptEngine.java:194)
	at com.kms.katalon.core.main.ScriptEngine.runScriptAsRawText(ScriptEngine.java:119)
	at com.kms.katalon.core.main.TestCaseExecutor.runScript(TestCaseExecutor.java:339)
	at com.kms.katalon.core.main.TestCaseExecutor.doExecute(TestCaseExecutor.java:330)
	at com.kms.katalon.core.main.TestCaseExecutor.processExecutionPhase(TestCaseExecutor.java:309)
	at com.kms.katalon.core.main.TestCaseExecutor.accessMainPhase(TestCaseExecutor.java:301)
	at com.kms.katalon.core.main.TestCaseExecutor.execute(TestCaseExecutor.java:235)
	at com.kms.katalon.core.main.TestSuiteExecutor.accessTestCaseMainPhase(TestSuiteExecutor.java:191)
	at com.kms.katalon.core.main.TestSuiteExecutor.accessTestSuiteMainPhase(TestSuiteExecutor.java:141)
	at com.kms.katalon.core.main.TestSuiteExecutor.execute(TestSuiteExecutor.java:90)
	at com.kms.katalon.core.main.TestCaseMain.startTestSuite(TestCaseMain.java:157)
	at com.kms.katalon.core.main.TestCaseMain$startTestSuite$0.call(Unknown Source)
	at TempTestSuite1600204927094.run(TempTestSuite1600204927094.groovy:39)
Caused by: org.openqa.selenium.ElementClickInterceptedException: element click intercepted: Element <input aria-invalid="false" aria-describedby="payDate-helper-text" id="payDate" type="text" class="MuiInputBase-input-2493 MuiOutlinedInput-input-2480 MuiInputBase-inputAdornedEnd-2498 MuiOutlinedInput-inputAdornedEnd-2484" value="10/07/2020"> is not clickable at point (1087, 23). Other element would receive the click: <div class="MuiToolbar-root-45 MuiToolbar-regular-47 jss43 jss44 MuiToolbar-gutters-46">...</div>
  (Session info: chrome=85.0.4183.102)
Build info: version: '3.141.59', revision: 'e82be7d358', time: '2018-11-14T08:25:53'
System info: host: 'DESKTOP-9VU7G8T', ip: '192.168.1.188', os.name: 'Windows 10', os.arch: 'amd64', os.version: '10.0', java.version: '1.8.0_181'
Driver info: com.kms.katalon.selenium.driver.CChromeDriver
Capabilities {acceptInsecureCerts: false, browserName: chrome, browserVersion: 85.0.4183.102, chrome: {chromedriverVersion: 85.0.4183.87 (cd6713ebf92fa..., userDataDir: C:\Users\NAGESH~1.ALL\AppDa...}, goog:chromeOptions: {debuggerAddress: localhost:56561}, javascriptEnabled: true, networkConnectionEnabled: false, pageLoadStrategy: normal, platform: WINDOWS, platformName: WINDOWS, proxy: Proxy(), setWindowRect: true, strictFileInteractability: false, timeouts: {implicit: 0, pageLoad: 300000, script: 30000}, unhandledPromptBehavior: dismiss and notify, webauthn:virtualAuthenticators: true}
Session ID: 77126542de58e50358db3a9f4333a178
	at org.openqa.selenium.remote.http.W3CHttpResponseCodec.createException(W3CHttpResponseCodec.java:187)
	at org.openqa.selenium.remote.http.W3CHttpResponseCodec.decode(W3CHttpResponseCodec.java:122)
	at org.openqa.selenium.remote.http.W3CHttpResponseCodec.decode(W3CHttpResponseCodec.java:49)
	at org.openqa.selenium.remote.HttpCommandExecutor.execute(HttpCommandExecutor.java:158)
	at org.openqa.selenium.remote.service.DriverCommandExecutor.execute(DriverCommandExecutor.java:83)
	at org.openqa.selenium.remote.RemoteWebDriver.execute(RemoteWebDriver.java:552)
	at com.kms.katalon.selenium.driver.CChromeDriver.execute(CChromeDriver.java:19)
	at org.openqa.selenium.remote.RemoteWebElement.execute(RemoteWebElement.java:285)
	at org.openqa.selenium.remote.RemoteWebElement.click(RemoteWebElement.java:84)
	at org.openqa.selenium.support.events.EventFiringWebDriver$EventFiringWebElement.lambda$new$0(EventFiringWebDriver.java:404)
	at com.sun.proxy.$Proxy13.click(Unknown Source)
	at org.openqa.selenium.support.events.EventFiringWebDriver$EventFiringWebElement.click(EventFiringWebDriver.java:417)
	at com.kms.katalon.core.webui.keyword.builtin.ClickKeyword$_click_closure1.doCall(ClickKeyword.groovy:69)
	at com.kms.katalon.core.webui.keyword.builtin.ClickKeyword$_click_closure1.call(ClickKeyword.groovy)
	at com.kms.katalon.core.webui.keyword.internal.WebUIKeywordMain.runKeyword(WebUIKeywordMain.groovy:20)
	at com.kms.katalon.core.webui.keyword.builtin.ClickKeyword.click(ClickKeyword.groovy:76)
	at com.kms.katalon.core.webui.keyword.builtin.ClickKeyword.execute(ClickKeyword.groovy:43)
	at com.kms.katalon.core.keyword.internal.KeywordExecutor.executeKeywordForPlatform(KeywordExecutor.groovy:73)
	at com.kms.katalon.core.webui.keyword.WebUiBuiltInKeywords.click(WebUiBuiltInKeywords.groovy:616)
	at com.kms.katalon.core.webui.keyword.WebUiBuiltInKeywords$click$6.call(Unknown Source)
	at com.functions.Uifunctions.createInvoiceLine(Uifunctions.groovy:206)
	at com.functions.Uifunctions$createInvoiceLine$2.call(Unknown Source)
	at Script1577197303304.run(Script1577197303304.groovy:30)
	... 13 more
)
[[ATTACHMENT|C:\\fdr-automation-develop_08_25_2020\\Reports\\20200915_142206\\Voucher-Integration_Suite\\20200915_142207\\1600205289296.png]]

2020-09-15 14:28:10 - [MESSAGE][PASSED] - Text '09/16/2020' is set on object 'Object Repository/FDR-VoucherEntry/InvoiceLine/originalWarrantDate'

2020-09-15 14:28:15 - [MESSAGE][INFO] - Unable to find the element located by 'By.xpath: //*[@data-id='action-button']//*[contains(text(),'Add')]'. Please recheck the objects properties to make sure the desired element is located. 

2020-09-15 14:28:15 - [MESSAGE][WARNING] - Object 'Object Repository/FDR-VoucherEntry/InvoiceLine/addInvoiceLineButton' is not present after 4 second(s)

2020-09-15 14:28:19 - [MESSAGE][INFO] - Unable to find the element located by 'By.xpath: //*[@data-id='action-button']//*[contains(text(),'Add')][1]'. Please recheck the objects properties to make sure the desired element is located. 

2020-09-15 14:28:19 - [MESSAGE][FAILED] - Unable to click on object 'Object Repository/FDR-VoucherEntry/InvoiceLine/addInvoiceLineButtonIndex2' (Root cause: com.kms.katalon.core.exception.StepFailedException: Unable to click on object 'Object Repository/FDR-VoucherEntry/InvoiceLine/addInvoiceLineButtonIndex2'
	at com.kms.katalon.core.webui.keyword.internal.WebUIKeywordMain.stepFailed(WebUIKeywordMain.groovy:64)
	at com.kms.katalon.core.webui.keyword.internal.WebUIKeywordMain.runKeyword(WebUIKeywordMain.groovy:26)
	at com.kms.katalon.core.webui.keyword.builtin.ClickKeyword.click(ClickKeyword.groovy:76)
	at com.kms.katalon.core.webui.keyword.builtin.ClickKeyword.execute(ClickKeyword.groovy:43)
	at com.kms.katalon.core.keyword.internal.KeywordExecutor.executeKeywordForPlatform(KeywordExecutor.groovy:73)
	at com.kms.katalon.core.webui.keyword.WebUiBuiltInKeywords.click(WebUiBuiltInKeywords.groovy:616)
	at com.kms.katalon.core.webui.keyword.WebUiBuiltInKeywords$click$6.call(Unknown Source)
	at com.functions.Uifunctions.createInvoiceLine(Uifunctions.groovy:212)
	at com.functions.Uifunctions$createInvoiceLine$2.call(Unknown Source)
	at FDR-Fund-Ratio-Validations.run(FDR-Fund-Ratio-Validations:30)
	at com.kms.katalon.core.main.ScriptEngine.run(ScriptEngine.java:194)
	at com.kms.katalon.core.main.ScriptEngine.runScriptAsRawText(ScriptEngine.java:119)
	at com.kms.katalon.core.main.TestCaseExecutor.runScript(TestCaseExecutor.java:339)
	at com.kms.katalon.core.main.TestCaseExecutor.doExecute(TestCaseExecutor.java:330)
	at com.kms.katalon.core.main.TestCaseExecutor.processExecutionPhase(TestCaseExecutor.java:309)
	at com.kms.katalon.core.main.TestCaseExecutor.accessMainPhase(TestCaseExecutor.java:301)
	at com.kms.katalon.core.main.TestCaseExecutor.execute(TestCaseExecutor.java:235)
	at com.kms.katalon.core.main.TestSuiteExecutor.accessTestCaseMainPhase(TestSuiteExecutor.java:191)
	at com.kms.katalon.core.main.TestSuiteExecutor.accessTestSuiteMainPhase(TestSuiteExecutor.java:141)
	at com.kms.katalon.core.main.TestSuiteExecutor.execute(TestSuiteExecutor.java:90)
	at com.kms.katalon.core.main.TestCaseMain.startTestSuite(TestCaseMain.java:157)
	at com.kms.katalon.core.main.TestCaseMain$startTestSuite$0.call(Unknown Source)
	at TempTestSuite1600204927094.run(TempTestSuite1600204927094.groovy:39)
Caused by: com.kms.katalon.core.webui.exception.WebElementNotFoundException: Web element with id: 'Object Repository/FDR-VoucherEntry/InvoiceLine/addInvoiceLineButtonIndex2' located by '//*[@data-id='action-button']//*[contains(text(),'Add')][1]' not found
	at com.kms.katalon.core.webui.common.WebUiCommonHelper.findWebElement(WebUiCommonHelper.java:1368)
	at com.kms.katalon.core.webui.keyword.internal.WebUIAbstractKeyword.findWebElement(WebUIAbstractKeyword.groovy:27)
	at com.kms.katalon.core.webui.keyword.internal.WebUIAbstractKeyword.findWebElement(WebUIAbstractKeyword.groovy:26)
	at com.kms.katalon.core.webui.keyword.builtin.ClickKeyword$_click_closure1.doCall(ClickKeyword.groovy:67)
	at com.kms.katalon.core.webui.keyword.builtin.ClickKeyword$_click_closure1.call(ClickKeyword.groovy)
	at com.kms.katalon.core.webui.keyword.internal.WebUIKeywordMain.runKeyword(WebUIKeywordMain.groovy:20)
	at com.kms.katalon.core.webui.keyword.builtin.ClickKeyword.click(ClickKeyword.groovy:76)
	at com.kms.katalon.core.webui.keyword.builtin.ClickKeyword.execute(ClickKeyword.groovy:43)
	at com.kms.katalon.core.keyword.internal.KeywordExecutor.executeKeywordForPlatform(KeywordExecutor.groovy:73)
	at com.kms.katalon.core.webui.keyword.WebUiBuiltInKeywords.click(WebUiBuiltInKeywords.groovy:616)
	at com.kms.katalon.core.webui.keyword.WebUiBuiltInKeywords$click$6.call(Unknown Source)
	at com.functions.Uifunctions.createInvoiceLine(Uifunctions.groovy:212)
	at com.functions.Uifunctions$createInvoiceLine$2.call(Unknown Source)
	at Script1577197303304.run(Script1577197303304.groovy:30)
	... 13 more
)
[[ATTACHMENT|C:\\fdr-automation-develop_08_25_2020\\Reports\\20200915_142206\\Voucher-Integration_Suite\\20200915_142207\\1600205299479.png]]

2020-09-15 14:28:26 - [MESSAGE][INFO] - Unable to find the element located by 'By.xpath: //*[@data-id='action-button']//*[contains(text(),'Review')]'. Please recheck the objects properties to make sure the desired element is located. 

2020-09-15 14:28:26 - [MESSAGE][WARNING] - Object 'Object Repository/FDR-VoucherEntry/VoucherHeader/reviewButton' is not present after 6 second(s)

2020-09-15 14:28:26 - [TEST_STEP][PASSED] - waitForElementClickable(findTestObject("FDR-VoucherEntry/InvoiceLine/invoiceLineExpandButton"), 5): Web element with id: 'Object Repository/FDR-VoucherEntry/InvoiceLine/invoiceLineExpandButton' located by '(//*[contains(@class,'MuiExpansionPanel-root')])[1]//*[contains(@class,'expandIcon')]' not found

2020-09-15 14:28:33 - [MESSAGE][INFO] - Unable to find the element located by 'By.xpath: (//*[contains(@class,'MuiExpansionPanel-root')])[1]//*[contains(@class,'expandIcon')]'. Please recheck the objects properties to make sure the desired element is located. 

2020-09-15 14:28:33 - [MESSAGE][WARNING] - Web element with id: 'Object Repository/FDR-VoucherEntry/InvoiceLine/invoiceLineExpandButton' located by '(//*[contains(@class,'MuiExpansionPanel-root')])[1]//*[contains(@class,'expandIcon')]' not found

2020-09-15 14:28:33 - [TEST_STEP][FAILED] - click(findTestObject("FDR-VoucherEntry/InvoiceLine/invoiceLineExpandButton")): Unable to click on object 'Object Repository/FDR-VoucherEntry/InvoiceLine/invoiceLineExpandButton' (Root cause: com.kms.katalon.core.exception.StepFailedException: Unable to click on object 'Object Repository/FDR-VoucherEntry/InvoiceLine/invoiceLineExpandButton'
	at com.kms.katalon.core.webui.keyword.internal.WebUIKeywordMain.stepFailed(WebUIKeywordMain.groovy:64)
	at com.kms.katalon.core.webui.keyword.internal.WebUIKeywordMain.runKeyword(WebUIKeywordMain.groovy:26)
	at com.kms.katalon.core.webui.keyword.builtin.ClickKeyword.click(ClickKeyword.groovy:76)
	at com.kms.katalon.core.webui.keyword.builtin.ClickKeyword.execute(ClickKeyword.groovy:43)
	at com.kms.katalon.core.keyword.internal.KeywordExecutor.executeKeywordForPlatform(KeywordExecutor.groovy:73)
	at com.kms.katalon.core.webui.keyword.WebUiBuiltInKeywords.click(WebUiBuiltInKeywords.groovy:616)
	at com.kms.katalon.core.webui.keyword.WebUiBuiltInKeywords$click$6.call(Unknown Source)
	at FDR-Fund-Ratio-Validations.run(FDR-Fund-Ratio-Validations:34)
	at com.kms.katalon.core.main.ScriptEngine.run(ScriptEngine.java:194)
	at com.kms.katalon.core.main.ScriptEngine.runScriptAsRawText(ScriptEngine.java:119)
	at com.kms.katalon.core.main.TestCaseExecutor.runScript(TestCaseExecutor.java:339)
	at com.kms.katalon.core.main.TestCaseExecutor.doExecute(TestCaseExecutor.java:330)
	at com.kms.katalon.core.main.TestCaseExecutor.processExecutionPhase(TestCaseExecutor.java:309)
	at com.kms.katalon.core.main.TestCaseExecutor.accessMainPhase(TestCaseExecutor.java:301)
	at com.kms.katalon.core.main.TestCaseExecutor.execute(TestCaseExecutor.java:235)
	at com.kms.katalon.core.main.TestSuiteExecutor.accessTestCaseMainPhase(TestSuiteExecutor.java:191)
	at com.kms.katalon.core.main.TestSuiteExecutor.accessTestSuiteMainPhase(TestSuiteExecutor.java:141)
	at com.kms.katalon.core.main.TestSuiteExecutor.execute(TestSuiteExecutor.java:90)
	at com.kms.katalon.core.main.TestCaseMain.startTestSuite(TestCaseMain.java:157)
	at com.kms.katalon.core.main.TestCaseMain$startTestSuite$0.call(Unknown Source)
	at TempTestSuite1600204927094.run(TempTestSuite1600204927094.groovy:39)
Caused by: com.kms.katalon.core.webui.exception.WebElementNotFoundException: Web element with id: 'Object Repository/FDR-VoucherEntry/InvoiceLine/invoiceLineExpandButton' located by '(//*[contains(@class,'MuiExpansionPanel-root')])[1]//*[contains(@class,'expandIcon')]' not found
	at com.kms.katalon.core.webui.common.WebUiCommonHelper.findWebElement(WebUiCommonHelper.java:1368)
	at com.kms.katalon.core.webui.keyword.internal.WebUIAbstractKeyword.findWebElement(WebUIAbstractKeyword.groovy:27)
	at com.kms.katalon.core.webui.keyword.internal.WebUIAbstractKeyword.findWebElement(WebUIAbstractKeyword.groovy:26)
	at com.kms.katalon.core.webui.keyword.builtin.ClickKeyword$_click_closure1.doCall(ClickKeyword.groovy:67)
	at com.kms.katalon.core.webui.keyword.builtin.ClickKeyword$_click_closure1.call(ClickKeyword.groovy)
	at com.kms.katalon.core.webui.keyword.internal.WebUIKeywordMain.runKeyword(WebUIKeywordMain.groovy:20)
	at com.kms.katalon.core.webui.keyword.builtin.ClickKeyword.click(ClickKeyword.groovy:76)
	at com.kms.katalon.core.webui.keyword.builtin.ClickKeyword.execute(ClickKeyword.groovy:43)
	at com.kms.katalon.core.keyword.internal.KeywordExecutor.executeKeywordForPlatform(KeywordExecutor.groovy:73)
	at com.kms.katalon.core.webui.keyword.WebUiBuiltInKeywords.click(WebUiBuiltInKeywords.groovy:616)
	at com.kms.katalon.core.webui.keyword.WebUiBuiltInKeywords$click$6.call(Unknown Source)
	at Script1577197303304.run(Script1577197303304.groovy:34)
	... 13 more
)

2020-09-15 14:28:37 - [MESSAGE][INFO] - Unable to find the element located by 'By.xpath: (//*[contains(@class,'MuiExpansionPanel-root')])[1]//*[contains(@class,'expandIcon')]'. Please recheck the objects properties to make sure the desired element is located. 

2020-09-15 14:28:37 - [MESSAGE][FAILED] - Unable to click on object 'Object Repository/FDR-VoucherEntry/InvoiceLine/invoiceLineExpandButton' (Root cause: com.kms.katalon.core.exception.StepFailedException: Unable to click on object 'Object Repository/FDR-VoucherEntry/InvoiceLine/invoiceLineExpandButton'
	at com.kms.katalon.core.webui.keyword.internal.WebUIKeywordMain.stepFailed(WebUIKeywordMain.groovy:64)
	at com.kms.katalon.core.webui.keyword.internal.WebUIKeywordMain.runKeyword(WebUIKeywordMain.groovy:26)
	at com.kms.katalon.core.webui.keyword.builtin.ClickKeyword.click(ClickKeyword.groovy:76)
	at com.kms.katalon.core.webui.keyword.builtin.ClickKeyword.execute(ClickKeyword.groovy:43)
	at com.kms.katalon.core.keyword.internal.KeywordExecutor.executeKeywordForPlatform(KeywordExecutor.groovy:73)
	at com.kms.katalon.core.webui.keyword.WebUiBuiltInKeywords.click(WebUiBuiltInKeywords.groovy:616)
	at com.kms.katalon.core.webui.keyword.WebUiBuiltInKeywords$click$6.call(Unknown Source)
	at FDR-Fund-Ratio-Validations.run(FDR-Fund-Ratio-Validations:34)
	at com.kms.katalon.core.main.ScriptEngine.run(ScriptEngine.java:194)
	at com.kms.katalon.core.main.ScriptEngine.runScriptAsRawText(ScriptEngine.java:119)
	at com.kms.katalon.core.main.TestCaseExecutor.runScript(TestCaseExecutor.java:339)
	at com.kms.katalon.core.main.TestCaseExecutor.doExecute(TestCaseExecutor.java:330)
	at com.kms.katalon.core.main.TestCaseExecutor.processExecutionPhase(TestCaseExecutor.java:309)
	at com.kms.katalon.core.main.TestCaseExecutor.accessMainPhase(TestCaseExecutor.java:301)
	at com.kms.katalon.core.main.TestCaseExecutor.execute(TestCaseExecutor.java:235)
	at com.kms.katalon.core.main.TestSuiteExecutor.accessTestCaseMainPhase(TestSuiteExecutor.java:191)
	at com.kms.katalon.core.main.TestSuiteExecutor.accessTestSuiteMainPhase(TestSuiteExecutor.java:141)
	at com.kms.katalon.core.main.TestSuiteExecutor.execute(TestSuiteExecutor.java:90)
	at com.kms.katalon.core.main.TestCaseMain.startTestSuite(TestCaseMain.java:157)
	at com.kms.katalon.core.main.TestCaseMain$startTestSuite$0.call(Unknown Source)
	at TempTestSuite1600204927094.run(TempTestSuite1600204927094.groovy:39)
Caused by: com.kms.katalon.core.webui.exception.WebElementNotFoundException: Web element with id: 'Object Repository/FDR-VoucherEntry/InvoiceLine/invoiceLineExpandButton' located by '(//*[contains(@class,'MuiExpansionPanel-root')])[1]//*[contains(@class,'expandIcon')]' not found
	at com.kms.katalon.core.webui.common.WebUiCommonHelper.findWebElement(WebUiCommonHelper.java:1368)
	at com.kms.katalon.core.webui.keyword.internal.WebUIAbstractKeyword.findWebElement(WebUIAbstractKeyword.groovy:27)
	at com.kms.katalon.core.webui.keyword.internal.WebUIAbstractKeyword.findWebElement(WebUIAbstractKeyword.groovy:26)
	at com.kms.katalon.core.webui.keyword.builtin.ClickKeyword$_click_closure1.doCall(ClickKeyword.groovy:67)
	at com.kms.katalon.core.webui.keyword.builtin.ClickKeyword$_click_closure1.call(ClickKeyword.groovy)
	at com.kms.katalon.core.webui.keyword.internal.WebUIKeywordMain.runKeyword(WebUIKeywordMain.groovy:20)
	at com.kms.katalon.core.webui.keyword.builtin.ClickKeyword.click(ClickKeyword.groovy:76)
	at com.kms.katalon.core.webui.keyword.builtin.ClickKeyword.execute(ClickKeyword.groovy:43)
	at com.kms.katalon.core.keyword.internal.KeywordExecutor.executeKeywordForPlatform(KeywordExecutor.groovy:73)
	at com.kms.katalon.core.webui.keyword.WebUiBuiltInKeywords.click(WebUiBuiltInKeywords.groovy:616)
	at com.kms.katalon.core.webui.keyword.WebUiBuiltInKeywords$click$6.call(Unknown Source)
	at Script1577197303304.run(Script1577197303304.groovy:34)
	... 13 more
)
[[ATTACHMENT|C:\\fdr-automation-develop_08_25_2020\\Reports\\20200915_142206\\Voucher-Integration_Suite\\20200915_142207\\1600205317121.png]]

2020-09-15 14:28:37 - [TEST_STEP][PASSED] - waitForElementPresent(findTestObject("FDR-Dashboard/createNewVoucherButton"), 4): Object 'Object Repository/FDR-Dashboard/createNewVoucherButton' is not present after 4 second(s)

2020-09-15 14:28:42 - [MESSAGE][INFO] - Unable to find the element located by 'By.xpath: //*[@data-id='button-link']//*[contains(text(),'Create New Voucher')]'. Please recheck the objects properties to make sure the desired element is located. 

2020-09-15 14:28:42 - [MESSAGE][WARNING] - Object 'Object Repository/FDR-Dashboard/createNewVoucherButton' is not present after 4 second(s)

2020-09-15 14:28:42 - [TEST_STEP][FAILED] - click(findTestObject("FDR-VoucherEntry/InvoiceLine/invoiceAddlineButton")): Unable to click on object 'Object Repository/FDR-VoucherEntry/InvoiceLine/invoiceAddlineButton' (Root cause: com.kms.katalon.core.exception.StepFailedException: Unable to click on object 'Object Repository/FDR-VoucherEntry/InvoiceLine/invoiceAddlineButton'
	at com.kms.katalon.core.webui.keyword.internal.WebUIKeywordMain.stepFailed(WebUIKeywordMain.groovy:64)
	at com.kms.katalon.core.webui.keyword.internal.WebUIKeywordMain.runKeyword(WebUIKeywordMain.groovy:26)
	at com.kms.katalon.core.webui.keyword.builtin.ClickKeyword.click(ClickKeyword.groovy:76)
	at com.kms.katalon.core.webui.keyword.builtin.ClickKeyword.execute(ClickKeyword.groovy:43)
	at com.kms.katalon.core.keyword.internal.KeywordExecutor.executeKeywordForPlatform(KeywordExecutor.groovy:73)
	at com.kms.katalon.core.webui.keyword.WebUiBuiltInKeywords.click(WebUiBuiltInKeywords.groovy:616)
	at com.kms.katalon.core.webui.keyword.WebUiBuiltInKeywords$click$6.call(Unknown Source)
	at FDR-Fund-Ratio-Validations.run(FDR-Fund-Ratio-Validations:38)
	at com.kms.katalon.core.main.ScriptEngine.run(ScriptEngine.java:194)
	at com.kms.katalon.core.main.ScriptEngine.runScriptAsRawText(ScriptEngine.java:119)
	at com.kms.katalon.core.main.TestCaseExecutor.runScript(TestCaseExecutor.java:339)
	at com.kms.katalon.core.main.TestCaseExecutor.doExecute(TestCaseExecutor.java:330)
	at com.kms.katalon.core.main.TestCaseExecutor.processExecutionPhase(TestCaseExecutor.java:309)
	at com.kms.katalon.core.main.TestCaseExecutor.accessMainPhase(TestCaseExecutor.java:301)
	at com.kms.katalon.core.main.TestCaseExecutor.execute(TestCaseExecutor.java:235)
	at com.kms.katalon.core.main.TestSuiteExecutor.accessTestCaseMainPhase(TestSuiteExecutor.java:191)
	at com.kms.katalon.core.main.TestSuiteExecutor.accessTestSuiteMainPhase(TestSuiteExecutor.java:141)
	at com.kms.katalon.core.main.TestSuiteExecutor.execute(TestSuiteExecutor.java:90)
	at com.kms.katalon.core.main.TestCaseMain.startTestSuite(TestCaseMain.java:157)
	at com.kms.katalon.core.main.TestCaseMain$startTestSuite$0.call(Unknown Source)
	at TempTestSuite1600204927094.run(TempTestSuite1600204927094.groovy:39)
Caused by: com.kms.katalon.core.webui.exception.WebElementNotFoundException: Web element with id: 'Object Repository/FDR-VoucherEntry/InvoiceLine/invoiceAddlineButton' located by '//*[contains(text(),'Add line')]//parent::button' not found
	at com.kms.katalon.core.webui.common.WebUiCommonHelper.findWebElement(WebUiCommonHelper.java:1368)
	at com.kms.katalon.core.webui.keyword.internal.WebUIAbstractKeyword.findWebElement(WebUIAbstractKeyword.groovy:27)
	at com.kms.katalon.core.webui.keyword.internal.WebUIAbstractKeyword.findWebElement(WebUIAbstractKeyword.groovy:26)
	at com.kms.katalon.core.webui.keyword.builtin.ClickKeyword$_click_closure1.doCall(ClickKeyword.groovy:67)
	at com.kms.katalon.core.webui.keyword.builtin.ClickKeyword$_click_closure1.call(ClickKeyword.groovy)
	at com.kms.katalon.core.webui.keyword.internal.WebUIKeywordMain.runKeyword(WebUIKeywordMain.groovy:20)
	at com.kms.katalon.core.webui.keyword.builtin.ClickKeyword.click(ClickKeyword.groovy:76)
	at com.kms.katalon.core.webui.keyword.builtin.ClickKeyword.execute(ClickKeyword.groovy:43)
	at com.kms.katalon.core.keyword.internal.KeywordExecutor.executeKeywordForPlatform(KeywordExecutor.groovy:73)
	at com.kms.katalon.core.webui.keyword.WebUiBuiltInKeywords.click(WebUiBuiltInKeywords.groovy:616)
	at com.kms.katalon.core.webui.keyword.WebUiBuiltInKeywords$click$6.call(Unknown Source)
	at Script1577197303304.run(Script1577197303304.groovy:38)
	... 13 more
)

2020-09-15 14:28:46 - [MESSAGE][INFO] - Unable to find the element located by 'By.xpath: //*[contains(text(),'Add line')]//parent::button'. Please recheck the objects properties to make sure the desired element is located. 

2020-09-15 14:28:47 - [MESSAGE][FAILED] - Unable to click on object 'Object Repository/FDR-VoucherEntry/InvoiceLine/invoiceAddlineButton' (Root cause: com.kms.katalon.core.exception.StepFailedException: Unable to click on object 'Object Repository/FDR-VoucherEntry/InvoiceLine/invoiceAddlineButton'
	at com.kms.katalon.core.webui.keyword.internal.WebUIKeywordMain.stepFailed(WebUIKeywordMain.groovy:64)
	at com.kms.katalon.core.webui.keyword.internal.WebUIKeywordMain.runKeyword(WebUIKeywordMain.groovy:26)
	at com.kms.katalon.core.webui.keyword.builtin.ClickKeyword.click(ClickKeyword.groovy:76)
	at com.kms.katalon.core.webui.keyword.builtin.ClickKeyword.execute(ClickKeyword.groovy:43)
	at com.kms.katalon.core.keyword.internal.KeywordExecutor.executeKeywordForPlatform(KeywordExecutor.groovy:73)
	at com.kms.katalon.core.webui.keyword.WebUiBuiltInKeywords.click(WebUiBuiltInKeywords.groovy:616)
	at com.kms.katalon.core.webui.keyword.WebUiBuiltInKeywords$click$6.call(Unknown Source)
	at FDR-Fund-Ratio-Validations.run(FDR-Fund-Ratio-Validations:38)
	at com.kms.katalon.core.main.ScriptEngine.run(ScriptEngine.java:194)
	at com.kms.katalon.core.main.ScriptEngine.runScriptAsRawText(ScriptEngine.java:119)
	at com.kms.katalon.core.main.TestCaseExecutor.runScript(TestCaseExecutor.java:339)
	at com.kms.katalon.core.main.TestCaseExecutor.doExecute(TestCaseExecutor.java:330)
	at com.kms.katalon.core.main.TestCaseExecutor.processExecutionPhase(TestCaseExecutor.java:309)
	at com.kms.katalon.core.main.TestCaseExecutor.accessMainPhase(TestCaseExecutor.java:301)
	at com.kms.katalon.core.main.TestCaseExecutor.execute(TestCaseExecutor.java:235)
	at com.kms.katalon.core.main.TestSuiteExecutor.accessTestCaseMainPhase(TestSuiteExecutor.java:191)
	at com.kms.katalon.core.main.TestSuiteExecutor.accessTestSuiteMainPhase(TestSuiteExecutor.java:141)
	at com.kms.katalon.core.main.TestSuiteExecutor.execute(TestSuiteExecutor.java:90)
	at com.kms.katalon.core.main.TestCaseMain.startTestSuite(TestCaseMain.java:157)
	at com.kms.katalon.core.main.TestCaseMain$startTestSuite$0.call(Unknown Source)
	at TempTestSuite1600204927094.run(TempTestSuite1600204927094.groovy:39)
Caused by: com.kms.katalon.core.webui.exception.WebElementNotFoundException: Web element with id: 'Object Repository/FDR-VoucherEntry/InvoiceLine/invoiceAddlineButton' located by '//*[contains(text(),'Add line')]//parent::button' not found
	at com.kms.katalon.core.webui.common.WebUiCommonHelper.findWebElement(WebUiCommonHelper.java:1368)
	at com.kms.katalon.core.webui.keyword.internal.WebUIAbstractKeyword.findWebElement(WebUIAbstractKeyword.groovy:27)
	at com.kms.katalon.core.webui.keyword.internal.WebUIAbstractKeyword.findWebElement(WebUIAbstractKeyword.groovy:26)
	at com.kms.katalon.core.webui.keyword.builtin.ClickKeyword$_click_closure1.doCall(ClickKeyword.groovy:67)
	at com.kms.katalon.core.webui.keyword.builtin.ClickKeyword$_click_closure1.call(ClickKeyword.groovy)
	at com.kms.katalon.core.webui.keyword.internal.WebUIKeywordMain.runKeyword(WebUIKeywordMain.groovy:20)
	at com.kms.katalon.core.webui.keyword.builtin.ClickKeyword.click(ClickKeyword.groovy:76)
	at com.kms.katalon.core.webui.keyword.builtin.ClickKeyword.execute(ClickKeyword.groovy:43)
	at com.kms.katalon.core.keyword.internal.KeywordExecutor.executeKeywordForPlatform(KeywordExecutor.groovy:73)
	at com.kms.katalon.core.webui.keyword.WebUiBuiltInKeywords.click(WebUiBuiltInKeywords.groovy:616)
	at com.kms.katalon.core.webui.keyword.WebUiBuiltInKeywords$click$6.call(Unknown Source)
	at Script1577197303304.run(Script1577197303304.groovy:38)
	... 13 more
)
[[ATTACHMENT|C:\\fdr-automation-develop_08_25_2020\\Reports\\20200915_142206\\Voucher-Integration_Suite\\20200915_142207\\1600205326869.png]]

2020-09-15 14:28:47 - [TEST_STEP][FAILED] - Uifunctions.createDistributionLines(6, "Voucher/FDR-DL"): Unable to find the element located by 'By.xpath: //*[text()='Amount']//parent::*//div//input'. Please recheck the objects properties to make sure the desired element is located. 

2020-09-15 14:28:51 - [MESSAGE][INFO] - Unable to find the element located by 'By.xpath: //*[@data-id='button-link']//*[contains(text(),'Create New Voucher')]'. Please recheck the objects properties to make sure the desired element is located. 

2020-09-15 14:28:51 - [MESSAGE][WARNING] - Object 'Object Repository/FDR-Dashboard/createNewVoucherButton' is not present after 3 second(s)

2020-09-15 14:28:54 - [MESSAGE][INFO] - Unable to find the element located by 'By.xpath: //*[@data-id='button-link']//*[contains(text(),'Create New Voucher')]'. Please recheck the objects properties to make sure the desired element is located. 

2020-09-15 14:28:54 - [MESSAGE][WARNING] - Object 'Object Repository/FDR-Dashboard/createNewVoucherButton' is not present after 2 second(s)

2020-09-15 14:28:57 - [MESSAGE][INFO] - Unable to find the element located by 'By.xpath: //*[text()='Service date (from)']//parent::*//div//input'. Please recheck the objects properties to make sure the desired element is located. 

2020-09-15 14:28:57 - [MESSAGE][WARNING] - Web element with id: 'Object Repository/FDR-VoucherEntry/DistributionLine/serviceDateFrom' located by '//*[text()='Service date (from)']//parent::*//div//input' not found

2020-09-15 14:29:02 - [MESSAGE][INFO] - Unable to find the element located by 'By.xpath: //*[text()='Service date (from)']//parent::*//div//input'. Please recheck the objects properties to make sure the desired element is located. 

2020-09-15 14:29:02 - [MESSAGE][FAILED] - Unable to click on object 'Object Repository/FDR-VoucherEntry/DistributionLine/serviceDateFrom' (Root cause: com.kms.katalon.core.exception.StepFailedException: Unable to click on object 'Object Repository/FDR-VoucherEntry/DistributionLine/serviceDateFrom'
	at com.kms.katalon.core.webui.keyword.internal.WebUIKeywordMain.stepFailed(WebUIKeywordMain.groovy:64)
	at com.kms.katalon.core.webui.keyword.internal.WebUIKeywordMain.runKeyword(WebUIKeywordMain.groovy:26)
	at com.kms.katalon.core.webui.keyword.builtin.ClickKeyword.click(ClickKeyword.groovy:76)
	at com.kms.katalon.core.webui.keyword.builtin.ClickKeyword.execute(ClickKeyword.groovy:43)
	at com.kms.katalon.core.keyword.internal.KeywordExecutor.executeKeywordForPlatform(KeywordExecutor.groovy:73)
	at com.kms.katalon.core.webui.keyword.WebUiBuiltInKeywords.click(WebUiBuiltInKeywords.groovy:616)
	at com.kms.katalon.core.webui.keyword.WebUiBuiltInKeywords$click$6.call(Unknown Source)
	at com.functions.Uifunctions.createDistributionLines(Uifunctions.groovy:222)
	at com.functions.Uifunctions.createDistributionLines(Uifunctions.groovy)
	at com.functions.Uifunctions$createDistributionLines$3.call(Unknown Source)
	at FDR-Fund-Ratio-Validations.run(FDR-Fund-Ratio-Validations:40)
	at com.kms.katalon.core.main.ScriptEngine.run(ScriptEngine.java:194)
	at com.kms.katalon.core.main.ScriptEngine.runScriptAsRawText(ScriptEngine.java:119)
	at com.kms.katalon.core.main.TestCaseExecutor.runScript(TestCaseExecutor.java:339)
	at com.kms.katalon.core.main.TestCaseExecutor.doExecute(TestCaseExecutor.java:330)
	at com.kms.katalon.core.main.TestCaseExecutor.processExecutionPhase(TestCaseExecutor.java:309)
	at com.kms.katalon.core.main.TestCaseExecutor.accessMainPhase(TestCaseExecutor.java:301)
	at com.kms.katalon.core.main.TestCaseExecutor.execute(TestCaseExecutor.java:235)
	at com.kms.katalon.core.main.TestSuiteExecutor.accessTestCaseMainPhase(TestSuiteExecutor.java:191)
	at com.kms.katalon.core.main.TestSuiteExecutor.accessTestSuiteMainPhase(TestSuiteExecutor.java:141)
	at com.kms.katalon.core.main.TestSuiteExecutor.execute(TestSuiteExecutor.java:90)
	at com.kms.katalon.core.main.TestCaseMain.startTestSuite(TestCaseMain.java:157)
	at com.kms.katalon.core.main.TestCaseMain$startTestSuite$0.call(Unknown Source)
	at TempTestSuite1600204927094.run(TempTestSuite1600204927094.groovy:39)
Caused by: com.kms.katalon.core.webui.exception.WebElementNotFoundException: Web element with id: 'Object Repository/FDR-VoucherEntry/DistributionLine/serviceDateFrom' located by '//*[text()='Service date (from)']//parent::*//div//input' not found
	at com.kms.katalon.core.webui.common.WebUiCommonHelper.findWebElement(WebUiCommonHelper.java:1368)
	at com.kms.katalon.core.webui.keyword.internal.WebUIAbstractKeyword.findWebElement(WebUIAbstractKeyword.groovy:27)
	at com.kms.katalon.core.webui.keyword.internal.WebUIAbstractKeyword.findWebElement(WebUIAbstractKeyword.groovy:26)
	at com.kms.katalon.core.webui.keyword.builtin.ClickKeyword$_click_closure1.doCall(ClickKeyword.groovy:67)
	at com.kms.katalon.core.webui.keyword.builtin.ClickKeyword$_click_closure1.call(ClickKeyword.groovy)
	at com.kms.katalon.core.webui.keyword.internal.WebUIKeywordMain.runKeyword(WebUIKeywordMain.groovy:20)
	at com.kms.katalon.core.webui.keyword.builtin.ClickKeyword.click(ClickKeyword.groovy:76)
	at com.kms.katalon.core.webui.keyword.builtin.ClickKeyword.execute(ClickKeyword.groovy:43)
	at com.kms.katalon.core.keyword.internal.KeywordExecutor.executeKeywordForPlatform(KeywordExecutor.groovy:73)
	at com.kms.katalon.core.webui.keyword.WebUiBuiltInKeywords.click(WebUiBuiltInKeywords.groovy:616)
	at com.kms.katalon.core.webui.keyword.WebUiBuiltInKeywords$click$6.call(Unknown Source)
	at com.functions.Uifunctions.createDistributionLines(Uifunctions.groovy:222)
	at com.functions.Uifunctions.createDistributionLines(Uifunctions.groovy)
	at com.functions.Uifunctions$createDistributionLines$3.call(Unknown Source)
	at Script1577197303304.run(Script1577197303304.groovy:40)
	... 13 more
)
[[ATTACHMENT|C:\\fdr-automation-develop_08_25_2020\\Reports\\20200915_142206\\Voucher-Integration_Suite\\20200915_142207\\1600205342017.png]]

2020-09-15 14:29:05 - [MESSAGE][INFO] - Unable to find the element located by 'By.xpath: //*[text()='Service date (from)']//parent::*//div//input'. Please recheck the objects properties to make sure the desired element is located. 

2020-09-15 14:29:05 - [MESSAGE][WARNING] - Object 'Object Repository/FDR-VoucherEntry/DistributionLine/serviceDateFrom' is not present after 2 second(s)

2020-09-15 14:29:09 - [MESSAGE][INFO] - Unable to find the element located by 'By.xpath: //*[text()='Service date (from)']//parent::*//div//input'. Please recheck the objects properties to make sure the desired element is located. 

2020-09-15 14:29:09 - [MESSAGE][FAILED] - Unable to set text '08/04/2020' of object 'Object Repository/FDR-VoucherEntry/DistributionLine/serviceDateFrom' (Root cause: com.kms.katalon.core.exception.StepFailedException: Unable to set text '08/04/2020' of object 'Object Repository/FDR-VoucherEntry/DistributionLine/serviceDateFrom'
	at com.kms.katalon.core.webui.keyword.internal.WebUIKeywordMain.stepFailed(WebUIKeywordMain.groovy:64)
	at com.kms.katalon.core.webui.keyword.internal.WebUIKeywordMain.runKeyword(WebUIKeywordMain.groovy:26)
	at com.kms.katalon.core.webui.keyword.builtin.SetTextKeyword.setText(SetTextKeyword.groovy:66)
	at com.kms.katalon.core.webui.keyword.builtin.SetTextKeyword.execute(SetTextKeyword.groovy:37)
	at com.kms.katalon.core.keyword.internal.KeywordExecutor.executeKeywordForPlatform(KeywordExecutor.groovy:73)
	at com.kms.katalon.core.webui.keyword.WebUiBuiltInKeywords.setText(WebUiBuiltInKeywords.groovy:976)
	at com.kms.katalon.core.webui.keyword.WebUiBuiltInKeywords$setText$4.call(Unknown Source)
	at com.functions.Uifunctions.createDistributionLines(Uifunctions.groovy:224)
	at com.functions.Uifunctions.createDistributionLines(Uifunctions.groovy)
	at com.functions.Uifunctions$createDistributionLines$3.call(Unknown Source)
	at FDR-Fund-Ratio-Validations.run(FDR-Fund-Ratio-Validations:40)
	at com.kms.katalon.core.main.ScriptEngine.run(ScriptEngine.java:194)
	at com.kms.katalon.core.main.ScriptEngine.runScriptAsRawText(ScriptEngine.java:119)
	at com.kms.katalon.core.main.TestCaseExecutor.runScript(TestCaseExecutor.java:339)
	at com.kms.katalon.core.main.TestCaseExecutor.doExecute(TestCaseExecutor.java:330)
	at com.kms.katalon.core.main.TestCaseExecutor.processExecutionPhase(TestCaseExecutor.java:309)
	at com.kms.katalon.core.main.TestCaseExecutor.accessMainPhase(TestCaseExecutor.java:301)
	at com.kms.katalon.core.main.TestCaseExecutor.execute(TestCaseExecutor.java:235)
	at com.kms.katalon.core.main.TestSuiteExecutor.accessTestCaseMainPhase(TestSuiteExecutor.java:191)
	at com.kms.katalon.core.main.TestSuiteExecutor.accessTestSuiteMainPhase(TestSuiteExecutor.java:141)
	at com.kms.katalon.core.main.TestSuiteExecutor.execute(TestSuiteExecutor.java:90)
	at com.kms.katalon.core.main.TestCaseMain.startTestSuite(TestCaseMain.java:157)
	at com.kms.katalon.core.main.TestCaseMain$startTestSuite$0.call(Unknown Source)
	at TempTestSuite1600204927094.run(TempTestSuite1600204927094.groovy:39)
Caused by: com.kms.katalon.core.webui.exception.WebElementNotFoundException: Web element with id: 'Object Repository/FDR-VoucherEntry/DistributionLine/serviceDateFrom' located by '//*[text()='Service date (from)']//parent::*//div//input' not found
	at com.kms.katalon.core.webui.common.WebUiCommonHelper.findWebElement(WebUiCommonHelper.java:1368)
	at com.kms.katalon.core.webui.keyword.internal.WebUIAbstractKeyword.findWebElement(WebUIAbstractKeyword.groovy:27)
	at com.kms.katalon.core.webui.keyword.internal.WebUIAbstractKeyword.findWebElement(WebUIAbstractKeyword.groovy:26)
	at com.kms.katalon.core.webui.keyword.builtin.SetTextKeyword$_setText_closure1.doCall(SetTextKeyword.groovy:51)
	at com.kms.katalon.core.webui.keyword.builtin.SetTextKeyword$_setText_closure1.call(SetTextKeyword.groovy)
	at com.kms.katalon.core.webui.keyword.internal.WebUIKeywordMain.runKeyword(WebUIKeywordMain.groovy:20)
	at com.kms.katalon.core.webui.keyword.builtin.SetTextKeyword.setText(SetTextKeyword.groovy:66)
	at com.kms.katalon.core.webui.keyword.builtin.SetTextKeyword.execute(SetTextKeyword.groovy:37)
	at com.kms.katalon.core.keyword.internal.KeywordExecutor.executeKeywordForPlatform(KeywordExecutor.groovy:73)
	at com.kms.katalon.core.webui.keyword.WebUiBuiltInKeywords.setText(WebUiBuiltInKeywords.groovy:976)
	at com.kms.katalon.core.webui.keyword.WebUiBuiltInKeywords$setText$4.call(Unknown Source)
	at com.functions.Uifunctions.createDistributionLines(Uifunctions.groovy:224)
	at com.functions.Uifunctions.createDistributionLines(Uifunctions.groovy)
	at com.functions.Uifunctions$createDistributionLines$3.call(Unknown Source)
	at Script1577197303304.run(Script1577197303304.groovy:40)
	... 13 more
)
[[ATTACHMENT|C:\\fdr-automation-develop_08_25_2020\\Reports\\20200915_142206\\Voucher-Integration_Suite\\20200915_142207\\1600205349657.png]]

2020-09-15 14:29:14 - [MESSAGE][INFO] - Unable to find the element located by 'By.xpath: //*[text()='Service date (to)']//parent::*//div//input'. Please recheck the objects properties to make sure the desired element is located. 

2020-09-15 14:29:14 - [MESSAGE][FAILED] - Unable to click on object 'Object Repository/FDR-VoucherEntry/DistributionLine/serviceDateTo' (Root cause: com.kms.katalon.core.exception.StepFailedException: Unable to click on object 'Object Repository/FDR-VoucherEntry/DistributionLine/serviceDateTo'
	at com.kms.katalon.core.webui.keyword.internal.WebUIKeywordMain.stepFailed(WebUIKeywordMain.groovy:64)
	at com.kms.katalon.core.webui.keyword.internal.WebUIKeywordMain.runKeyword(WebUIKeywordMain.groovy:26)
	at com.kms.katalon.core.webui.keyword.builtin.ClickKeyword.click(ClickKeyword.groovy:76)
	at com.kms.katalon.core.webui.keyword.builtin.ClickKeyword.execute(ClickKeyword.groovy:43)
	at com.kms.katalon.core.keyword.internal.KeywordExecutor.executeKeywordForPlatform(KeywordExecutor.groovy:73)
	at com.kms.katalon.core.webui.keyword.WebUiBuiltInKeywords.click(WebUiBuiltInKeywords.groovy:616)
	at com.kms.katalon.core.webui.keyword.WebUiBuiltInKeywords$click$6.call(Unknown Source)
	at com.functions.Uifunctions.createDistributionLines(Uifunctions.groovy:225)
	at com.functions.Uifunctions.createDistributionLines(Uifunctions.groovy)
	at com.functions.Uifunctions$createDistributionLines$3.call(Unknown Source)
	at FDR-Fund-Ratio-Validations.run(FDR-Fund-Ratio-Validations:40)
	at com.kms.katalon.core.main.ScriptEngine.run(ScriptEngine.java:194)
	at com.kms.katalon.core.main.ScriptEngine.runScriptAsRawText(ScriptEngine.java:119)
	at com.kms.katalon.core.main.TestCaseExecutor.runScript(TestCaseExecutor.java:339)
	at com.kms.katalon.core.main.TestCaseExecutor.doExecute(TestCaseExecutor.java:330)
	at com.kms.katalon.core.main.TestCaseExecutor.processExecutionPhase(TestCaseExecutor.java:309)
	at com.kms.katalon.core.main.TestCaseExecutor.accessMainPhase(TestCaseExecutor.java:301)
	at com.kms.katalon.core.main.TestCaseExecutor.execute(TestCaseExecutor.java:235)
	at com.kms.katalon.core.main.TestSuiteExecutor.accessTestCaseMainPhase(TestSuiteExecutor.java:191)
	at com.kms.katalon.core.main.TestSuiteExecutor.accessTestSuiteMainPhase(TestSuiteExecutor.java:141)
	at com.kms.katalon.core.main.TestSuiteExecutor.execute(TestSuiteExecutor.java:90)
	at com.kms.katalon.core.main.TestCaseMain.startTestSuite(TestCaseMain.java:157)
	at com.kms.katalon.core.main.TestCaseMain$startTestSuite$0.call(Unknown Source)
	at TempTestSuite1600204927094.run(TempTestSuite1600204927094.groovy:39)
Caused by: com.kms.katalon.core.webui.exception.WebElementNotFoundException: Web element with id: 'Object Repository/FDR-VoucherEntry/DistributionLine/serviceDateTo' located by '//*[text()='Service date (to)']//parent::*//div//input' not found
	at com.kms.katalon.core.webui.common.WebUiCommonHelper.findWebElement(WebUiCommonHelper.java:1368)
	at com.kms.katalon.core.webui.keyword.internal.WebUIAbstractKeyword.findWebElement(WebUIAbstractKeyword.groovy:27)
	at com.kms.katalon.core.webui.keyword.internal.WebUIAbstractKeyword.findWebElement(WebUIAbstractKeyword.groovy:26)
	at com.kms.katalon.core.webui.keyword.builtin.ClickKeyword$_click_closure1.doCall(ClickKeyword.groovy:67)
	at com.kms.katalon.core.webui.keyword.builtin.ClickKeyword$_click_closure1.call(ClickKeyword.groovy)
	at com.kms.katalon.core.webui.keyword.internal.WebUIKeywordMain.runKeyword(WebUIKeywordMain.groovy:20)
	at com.kms.katalon.core.webui.keyword.builtin.ClickKeyword.click(ClickKeyword.groovy:76)
	at com.kms.katalon.core.webui.keyword.builtin.ClickKeyword.execute(ClickKeyword.groovy:43)
	at com.kms.katalon.core.keyword.internal.KeywordExecutor.executeKeywordForPlatform(KeywordExecutor.groovy:73)
	at com.kms.katalon.core.webui.keyword.WebUiBuiltInKeywords.click(WebUiBuiltInKeywords.groovy:616)
	at com.kms.katalon.core.webui.keyword.WebUiBuiltInKeywords$click$6.call(Unknown Source)
	at com.functions.Uifunctions.createDistributionLines(Uifunctions.groovy:225)
	at com.functions.Uifunctions.createDistributionLines(Uifunctions.groovy)
	at com.functions.Uifunctions$createDistributionLines$3.call(Unknown Source)
	at Script1577197303304.run(Script1577197303304.groovy:40)
	... 13 more
)
[[ATTACHMENT|C:\\fdr-automation-develop_08_25_2020\\Reports\\20200915_142206\\Voucher-Integration_Suite\\20200915_142207\\1600205354082.png]]

2020-09-15 14:29:17 - [MESSAGE][INFO] - Unable to find the element located by 'By.xpath: //*[text()='Service date (to)']//parent::*//div//input'. Please recheck the objects properties to make sure the desired element is located. 

2020-09-15 14:29:17 - [MESSAGE][WARNING] - Object 'Object Repository/FDR-VoucherEntry/DistributionLine/serviceDateTo' is not present after 2 second(s)

2020-09-15 14:29:21 - [MESSAGE][INFO] - Unable to find the element located by 'By.xpath: //*[text()='Service date (to)']//parent::*//div//input'. Please recheck the objects properties to make sure the desired element is located. 

2020-09-15 14:29:21 - [MESSAGE][FAILED] - Unable to set text '08/05/2020' of object 'Object Repository/FDR-VoucherEntry/DistributionLine/serviceDateTo' (Root cause: com.kms.katalon.core.exception.StepFailedException: Unable to set text '08/05/2020' of object 'Object Repository/FDR-VoucherEntry/DistributionLine/serviceDateTo'
	at com.kms.katalon.core.webui.keyword.internal.WebUIKeywordMain.stepFailed(WebUIKeywordMain.groovy:64)
	at com.kms.katalon.core.webui.keyword.internal.WebUIKeywordMain.runKeyword(WebUIKeywordMain.groovy:26)
	at com.kms.katalon.core.webui.keyword.builtin.SetTextKeyword.setText(SetTextKeyword.groovy:66)
	at com.kms.katalon.core.webui.keyword.builtin.SetTextKeyword.execute(SetTextKeyword.groovy:37)
	at com.kms.katalon.core.keyword.internal.KeywordExecutor.executeKeywordForPlatform(KeywordExecutor.groovy:73)
	at com.kms.katalon.core.webui.keyword.WebUiBuiltInKeywords.setText(WebUiBuiltInKeywords.groovy:976)
	at com.kms.katalon.core.webui.keyword.WebUiBuiltInKeywords$setText$4.call(Unknown Source)
	at com.functions.Uifunctions.createDistributionLines(Uifunctions.groovy:227)
	at com.functions.Uifunctions.createDistributionLines(Uifunctions.groovy)
	at com.functions.Uifunctions$createDistributionLines$3.call(Unknown Source)
	at FDR-Fund-Ratio-Validations.run(FDR-Fund-Ratio-Validations:40)
	at com.kms.katalon.core.main.ScriptEngine.run(ScriptEngine.java:194)
	at com.kms.katalon.core.main.ScriptEngine.runScriptAsRawText(ScriptEngine.java:119)
	at com.kms.katalon.core.main.TestCaseExecutor.runScript(TestCaseExecutor.java:339)
	at com.kms.katalon.core.main.TestCaseExecutor.doExecute(TestCaseExecutor.java:330)
	at com.kms.katalon.core.main.TestCaseExecutor.processExecutionPhase(TestCaseExecutor.java:309)
	at com.kms.katalon.core.main.TestCaseExecutor.accessMainPhase(TestCaseExecutor.java:301)
	at com.kms.katalon.core.main.TestCaseExecutor.execute(TestCaseExecutor.java:235)
	at com.kms.katalon.core.main.TestSuiteExecutor.accessTestCaseMainPhase(TestSuiteExecutor.java:191)
	at com.kms.katalon.core.main.TestSuiteExecutor.accessTestSuiteMainPhase(TestSuiteExecutor.java:141)
	at com.kms.katalon.core.main.TestSuiteExecutor.execute(TestSuiteExecutor.java:90)
	at com.kms.katalon.core.main.TestCaseMain.startTestSuite(TestCaseMain.java:157)
	at com.kms.katalon.core.main.TestCaseMain$startTestSuite$0.call(Unknown Source)
	at TempTestSuite1600204927094.run(TempTestSuite1600204927094.groovy:39)
Caused by: com.kms.katalon.core.webui.exception.WebElementNotFoundException: Web element with id: 'Object Repository/FDR-VoucherEntry/DistributionLine/serviceDateTo' located by '//*[text()='Service date (to)']//parent::*//div//input' not found
	at com.kms.katalon.core.webui.common.WebUiCommonHelper.findWebElement(WebUiCommonHelper.java:1368)
	at com.kms.katalon.core.webui.keyword.internal.WebUIAbstractKeyword.findWebElement(WebUIAbstractKeyword.groovy:27)
	at com.kms.katalon.core.webui.keyword.internal.WebUIAbstractKeyword.findWebElement(WebUIAbstractKeyword.groovy:26)
	at com.kms.katalon.core.webui.keyword.builtin.SetTextKeyword$_setText_closure1.doCall(SetTextKeyword.groovy:51)
	at com.kms.katalon.core.webui.keyword.builtin.SetTextKeyword$_setText_closure1.call(SetTextKeyword.groovy)
	at com.kms.katalon.core.webui.keyword.internal.WebUIKeywordMain.runKeyword(WebUIKeywordMain.groovy:20)
	at com.kms.katalon.core.webui.keyword.builtin.SetTextKeyword.setText(SetTextKeyword.groovy:66)
	at com.kms.katalon.core.webui.keyword.builtin.SetTextKeyword.execute(SetTextKeyword.groovy:37)
	at com.kms.katalon.core.keyword.internal.KeywordExecutor.executeKeywordForPlatform(KeywordExecutor.groovy:73)
	at com.kms.katalon.core.webui.keyword.WebUiBuiltInKeywords.setText(WebUiBuiltInKeywords.groovy:976)
	at com.kms.katalon.core.webui.keyword.WebUiBuiltInKeywords$setText$4.call(Unknown Source)
	at com.functions.Uifunctions.createDistributionLines(Uifunctions.groovy:227)
	at com.functions.Uifunctions.createDistributionLines(Uifunctions.groovy)
	at com.functions.Uifunctions$createDistributionLines$3.call(Unknown Source)
	at Script1577197303304.run(Script1577197303304.groovy:40)
	... 13 more
)
[[ATTACHMENT|C:\\fdr-automation-develop_08_25_2020\\Reports\\20200915_142206\\Voucher-Integration_Suite\\20200915_142207\\1600205361608.png]]

2020-09-15 14:29:25 - [MESSAGE][INFO] - Unable to find the element located by 'By.xpath: //*[@data-id='button-link']//*[contains(text(),'Create New Voucher')]'. Please recheck the objects properties to make sure the desired element is located. 

2020-09-15 14:29:25 - [MESSAGE][WARNING] - Object 'Object Repository/FDR-Dashboard/createNewVoucherButton' is not present after 2 second(s)

2020-09-15 14:29:29 - [MESSAGE][INFO] - Unable to find the element located by 'By.xpath: //*[text()='Amount']//parent::*//div//input'. Please recheck the objects properties to make sure the desired element is located. 

2020-09-15 14:29:29 - [MESSAGE][FAILED] - Unable to click on object 'Object Repository/FDR-VoucherEntry/DistributionLine/amount' (Root cause: com.kms.katalon.core.exception.StepFailedException: Unable to click on object 'Object Repository/FDR-VoucherEntry/DistributionLine/amount'
	at com.kms.katalon.core.webui.keyword.internal.WebUIKeywordMain.stepFailed(WebUIKeywordMain.groovy:64)
	at com.kms.katalon.core.webui.keyword.internal.WebUIKeywordMain.runKeyword(WebUIKeywordMain.groovy:26)
	at com.kms.katalon.core.webui.keyword.builtin.ClickKeyword.click(ClickKeyword.groovy:76)
	at com.kms.katalon.core.webui.keyword.builtin.ClickKeyword.execute(ClickKeyword.groovy:43)
	at com.kms.katalon.core.keyword.internal.KeywordExecutor.executeKeywordForPlatform(KeywordExecutor.groovy:73)
	at com.kms.katalon.core.webui.keyword.WebUiBuiltInKeywords.click(WebUiBuiltInKeywords.groovy:616)
	at com.kms.katalon.core.webui.keyword.WebUiBuiltInKeywords$click$6.call(Unknown Source)
	at com.functions.Uifunctions.createDistributionLines(Uifunctions.groovy:229)
	at com.functions.Uifunctions.createDistributionLines(Uifunctions.groovy)
	at com.functions.Uifunctions$createDistributionLines$3.call(Unknown Source)
	at FDR-Fund-Ratio-Validations.run(FDR-Fund-Ratio-Validations:40)
	at com.kms.katalon.core.main.ScriptEngine.run(ScriptEngine.java:194)
	at com.kms.katalon.core.main.ScriptEngine.runScriptAsRawText(ScriptEngine.java:119)
	at com.kms.katalon.core.main.TestCaseExecutor.runScript(TestCaseExecutor.java:339)
	at com.kms.katalon.core.main.TestCaseExecutor.doExecute(TestCaseExecutor.java:330)
	at com.kms.katalon.core.main.TestCaseExecutor.processExecutionPhase(TestCaseExecutor.java:309)
	at com.kms.katalon.core.main.TestCaseExecutor.accessMainPhase(TestCaseExecutor.java:301)
	at com.kms.katalon.core.main.TestCaseExecutor.execute(TestCaseExecutor.java:235)
	at com.kms.katalon.core.main.TestSuiteExecutor.accessTestCaseMainPhase(TestSuiteExecutor.java:191)
	at com.kms.katalon.core.main.TestSuiteExecutor.accessTestSuiteMainPhase(TestSuiteExecutor.java:141)
	at com.kms.katalon.core.main.TestSuiteExecutor.execute(TestSuiteExecutor.java:90)
	at com.kms.katalon.core.main.TestCaseMain.startTestSuite(TestCaseMain.java:157)
	at com.kms.katalon.core.main.TestCaseMain$startTestSuite$0.call(Unknown Source)
	at TempTestSuite1600204927094.run(TempTestSuite1600204927094.groovy:39)
Caused by: com.kms.katalon.core.webui.exception.WebElementNotFoundException: Web element with id: 'Object Repository/FDR-VoucherEntry/DistributionLine/amount' located by '//*[text()='Amount']//parent::*//div//input' not found
	at com.kms.katalon.core.webui.common.WebUiCommonHelper.findWebElement(WebUiCommonHelper.java:1368)
	at com.kms.katalon.core.webui.keyword.internal.WebUIAbstractKeyword.findWebElement(WebUIAbstractKeyword.groovy:27)
	at com.kms.katalon.core.webui.keyword.internal.WebUIAbstractKeyword.findWebElement(WebUIAbstractKeyword.groovy:26)
	at com.kms.katalon.core.webui.keyword.builtin.ClickKeyword$_click_closure1.doCall(ClickKeyword.groovy:67)
	at com.kms.katalon.core.webui.keyword.builtin.ClickKeyword$_click_closure1.call(ClickKeyword.groovy)
	at com.kms.katalon.core.webui.keyword.internal.WebUIKeywordMain.runKeyword(WebUIKeywordMain.groovy:20)
	at com.kms.katalon.core.webui.keyword.builtin.ClickKeyword.click(ClickKeyword.groovy:76)
	at com.kms.katalon.core.webui.keyword.builtin.ClickKeyword.execute(ClickKeyword.groovy:43)
	at com.kms.katalon.core.keyword.internal.KeywordExecutor.executeKeywordForPlatform(KeywordExecutor.groovy:73)
	at com.kms.katalon.core.webui.keyword.WebUiBuiltInKeywords.click(WebUiBuiltInKeywords.groovy:616)
	at com.kms.katalon.core.webui.keyword.WebUiBuiltInKeywords$click$6.call(Unknown Source)
	at com.functions.Uifunctions.createDistributionLines(Uifunctions.groovy:229)
	at com.functions.Uifunctions.createDistributionLines(Uifunctions.groovy)
	at com.functions.Uifunctions$createDistributionLines$3.call(Unknown Source)
	at Script1577197303304.run(Script1577197303304.groovy:40)
	... 13 more
)
[[ATTACHMENT|C:\\fdr-automation-develop_08_25_2020\\Reports\\20200915_142206\\Voucher-Integration_Suite\\20200915_142207\\1600205369119.png]]

2020-09-15 14:30:00 - [MESSAGE][INFO] - Unable to find the element located by 'By.xpath: //*[text()='Amount']//parent::*//div//input'. Please recheck the objects properties to make sure the desired element is located. 

2020-09-15 14:30:00 - [TEST_STEP][PASSED] - Start tear down : tearDownTestCase: Method 'tearDownTestCase' complete successfully

2020-09-15 14:30:00 - [MESSAGE][PASSED] - Method 'tearDownTestCase' complete successfully

2020-09-15 14:30:00 - [TEST_STEP][PASSED] - Start listener action : sampleAfterTestCase: null

2020-09-15 14:30:00 - [TEST_STEP][PASSED] - profileName = getExecutionProfile(): null

2020-09-15 14:30:00 - [TEST_STEP][PASSED] - switch (profileName): null

2020-09-15 14:30:00 - [TEST_STEP][PASSED] - case "superUser":: null

2020-09-15 14:30:00 - [TEST_STEP][PASSED] - return null: null

2020-09-15 14:30:00 - [TEST_STEP][PASSED] - Start listener action : afterTestCase: null

2020-09-15 14:30:00 - [TEST_STEP][PASSED] - profileName = getExecutionProfile(): null

2020-09-15 14:30:00 - [TEST_STEP][PASSED] - if (profileName.equalsIgnoreCase("SysAdmin")): null

2020-09-15 14:30:00 - [TEST_STEP][PASSED] - Start listener action : sampleAfterTestCase: null

2020-09-15 14:30:00 - [TEST_STEP][PASSED] - profileName = getExecutionProfile(): null

2020-09-15 14:30:00 - [TEST_STEP][PASSED] - switch (profileName): null

2020-09-15 14:30:00 - [TEST_STEP][PASSED] - case "Voucher":: null

2020-09-15 14:30:00 - [TEST_STEP][PASSED] - Uifunctions.logoutFDR(): Browser is closed

2020-09-15 14:30:01 - [MESSAGE][PASSED] - Browser is closed

2020-09-15 14:30:01 - [TEST_STEP][PASSED] - break: null

2020-09-15 14:30:01 - [TEST_STEP][PASSED] - Start listener action : addFailedTCToList: null]]></system-out>
         <system-err><![CDATA[2020-09-15 14:26:38 - [TEST_CASE][FAILED] - Test Cases/WEB-UI-TESTS/Voucher/FDR-Fund-Ratio-Validations: Test Cases/WEB-UI-TESTS/Voucher/FDR-Fund-Ratio-Validations FAILED.
Reason:
com.kms.katalon.core.exception.StepFailedException: Unable to click on object 'Object Repository/FDR-VoucherEntry/InvoiceLine/invoice' (Root cause: com.kms.katalon.core.exception.StepFailedException: Unable to click on object 'Object Repository/FDR-VoucherEntry/InvoiceLine/invoice'
	at com.kms.katalon.core.webui.keyword.internal.WebUIKeywordMain.stepFailed(WebUIKeywordMain.groovy:64)
	at com.kms.katalon.core.webui.keyword.internal.WebUIKeywordMain.runKeyword(WebUIKeywordMain.groovy:26)
	at com.kms.katalon.core.webui.keyword.builtin.ClickKeyword.click(ClickKeyword.groovy:76)
	at com.kms.katalon.core.webui.keyword.builtin.ClickKeyword.execute(ClickKeyword.groovy:43)
	at com.kms.katalon.core.keyword.internal.KeywordExecutor.executeKeywordForPlatform(KeywordExecutor.groovy:73)
	at com.kms.katalon.core.webui.keyword.WebUiBuiltInKeywords.click(WebUiBuiltInKeywords.groovy:616)
	at com.kms.katalon.core.webui.keyword.WebUiBuiltInKeywords$click$6.call(Unknown Source)
	at com.functions.Uifunctions.createInvoiceLine(Uifunctions.groovy:199)
	at com.functions.Uifunctions$createInvoiceLine$2.call(Unknown Source)
	at FDR-Fund-Ratio-Validations.run(FDR-Fund-Ratio-Validations:30)
	at com.kms.katalon.core.main.ScriptEngine.run(ScriptEngine.java:194)
	at com.kms.katalon.core.main.ScriptEngine.runScriptAsRawText(ScriptEngine.java:119)
	at com.kms.katalon.core.main.TestCaseExecutor.runScript(TestCaseExecutor.java:339)
	at com.kms.katalon.core.main.TestCaseExecutor.doExecute(TestCaseExecutor.java:330)
	at com.kms.katalon.core.main.TestCaseExecutor.processExecutionPhase(TestCaseExecutor.java:309)
	at com.kms.katalon.core.main.TestCaseExecutor.accessMainPhase(TestCaseExecutor.java:301)
	at com.kms.katalon.core.main.TestCaseExecutor.execute(TestCaseExecutor.java:235)
	at com.kms.katalon.core.main.TestSuiteExecutor.accessTestCaseMainPhase(TestSuiteExecutor.java:191)
	at com.kms.katalon.core.main.TestSuiteExecutor.accessTestSuiteMainPhase(TestSuiteExecutor.java:141)
	at com.kms.katalon.core.main.TestSuiteExecutor.execute(TestSuiteExecutor.java:90)
	at com.kms.katalon.core.main.TestCaseMain.startTestSuite(TestCaseMain.java:157)
	at com.kms.katalon.core.main.TestCaseMain$startTestSuite$0.call(Unknown Source)
	at TempTestSuite1600204927094.run(TempTestSuite1600204927094.groovy:39)
Caused by: com.kms.katalon.core.webui.exception.WebElementNotFoundException: Web element with id: 'Object Repository/FDR-VoucherEntry/InvoiceLine/invoice' located by '//*[@data-id='text-field']//input[@name='description']' not found
	at com.kms.katalon.core.webui.common.WebUiCommonHelper.findWebElement(WebUiCommonHelper.java:1368)
	at com.kms.katalon.core.webui.keyword.internal.WebUIAbstractKeyword.findWebElement(WebUIAbstractKeyword.groovy:27)
	at com.kms.katalon.core.webui.keyword.internal.WebUIAbstractKeyword.findWebElement(WebUIAbstractKeyword.groovy:26)
	at com.kms.katalon.core.webui.keyword.builtin.ClickKeyword$_click_closure1.doCall(ClickKeyword.groovy:67)
	at com.kms.katalon.core.webui.keyword.builtin.ClickKeyword$_click_closure1.call(ClickKeyword.groovy)
	at com.kms.katalon.core.webui.keyword.internal.WebUIKeywordMain.runKeyword(WebUIKeywordMain.groovy:20)
	at com.kms.katalon.core.webui.keyword.builtin.ClickKeyword.click(ClickKeyword.groovy:76)
	at com.kms.katalon.core.webui.keyword.builtin.ClickKeyword.execute(ClickKeyword.groovy:43)
	at com.kms.katalon.core.keyword.internal.KeywordExecutor.executeKeywordForPlatform(KeywordExecutor.groovy:73)
	at com.kms.katalon.core.webui.keyword.WebUiBuiltInKeywords.click(WebUiBuiltInKeywords.groovy:616)
	at com.kms.katalon.core.webui.keyword.WebUiBuiltInKeywords$click$6.call(Unknown Source)
	at com.functions.Uifunctions.createInvoiceLine(Uifunctions.groovy:199)
	at com.functions.Uifunctions$createInvoiceLine$2.call(Unknown Source)
	at Script1577197303304.run(Script1577197303304.groovy:30)
	... 13 more
)
	at com.kms.katalon.core.keyword.internal.KeywordMain.stepFailed(KeywordMain.groovy:39)
	at com.kms.katalon.core.webui.keyword.internal.WebUIKeywordMain.stepFailed(WebUIKeywordMain.groovy:64)
	at com.kms.katalon.core.webui.keyword.internal.WebUIKeywordMain.runKeyword(WebUIKeywordMain.groovy:26)
	at com.kms.katalon.core.webui.keyword.builtin.ClickKeyword.click(ClickKeyword.groovy:76)
	at com.kms.katalon.core.webui.keyword.builtin.ClickKeyword.execute(ClickKeyword.groovy:43)
	at com.kms.katalon.core.keyword.internal.KeywordExecutor.executeKeywordForPlatform(KeywordExecutor.groovy:73)
	at com.kms.katalon.core.webui.keyword.WebUiBuiltInKeywords.click(WebUiBuiltInKeywords.groovy:616)
	at com.kms.katalon.core.webui.keyword.WebUiBuiltInKeywords$click$6.call(Unknown Source)
	at com.functions.Uifunctions.createInvoiceLine(Uifunctions.groovy:199)
	at com.functions.Uifunctions$createInvoiceLine$2.call(Unknown Source)
	at FDR-Fund-Ratio-Validations.run(FDR-Fund-Ratio-Validations:30)
	at com.kms.katalon.core.main.ScriptEngine.run(ScriptEngine.java:194)
	at com.kms.katalon.core.main.ScriptEngine.runScriptAsRawText(ScriptEngine.java:119)
	at com.kms.katalon.core.main.TestCaseExecutor.runScript(TestCaseExecutor.java:339)
	at com.kms.katalon.core.main.TestCaseExecutor.doExecute(TestCaseExecutor.java:330)
	at com.kms.katalon.core.main.TestCaseExecutor.processExecutionPhase(TestCaseExecutor.java:309)
	at com.kms.katalon.core.main.TestCaseExecutor.accessMainPhase(TestCaseExecutor.java:301)
	at com.kms.katalon.core.main.TestCaseExecutor.execute(TestCaseExecutor.java:235)
	at com.kms.katalon.core.main.TestSuiteExecutor.accessTestCaseMainPhase(TestSuiteExecutor.java:191)
	at com.kms.katalon.core.main.TestSuiteExecutor.accessTestSuiteMainPhase(TestSuiteExecutor.java:141)
	at com.kms.katalon.core.main.TestSuiteExecutor.execute(TestSuiteExecutor.java:90)
	at com.kms.katalon.core.main.TestCaseMain.startTestSuite(TestCaseMain.java:157)
	at com.kms.katalon.core.main.TestCaseMain$startTestSuite$0.call(Unknown Source)
	at TempTestSuite1600204927094.run(TempTestSuite1600204927094.groovy:39)
Caused by: com.kms.katalon.core.exception.StepFailedException: Unable to click on object 'Object Repository/FDR-VoucherEntry/InvoiceLine/invoice'
	... 23 more
Caused by: com.kms.katalon.core.webui.exception.WebElementNotFoundException: Web element with id: 'Object Repository/FDR-VoucherEntry/InvoiceLine/invoice' located by '//*[@data-id='text-field']//input[@name='description']' not found
	at com.kms.katalon.core.webui.common.WebUiCommonHelper.findWebElement(WebUiCommonHelper.java:1368)
	at com.kms.katalon.core.webui.keyword.internal.WebUIAbstractKeyword.findWebElement(WebUIAbstractKeyword.groovy:27)
	at com.kms.katalon.core.webui.keyword.internal.WebUIAbstractKeyword.findWebElement(WebUIAbstractKeyword.groovy:26)
	at com.kms.katalon.core.webui.keyword.builtin.ClickKeyword$_click_closure1.doCall(ClickKeyword.groovy:67)
	at com.kms.katalon.core.webui.keyword.builtin.ClickKeyword$_click_closure1.call(ClickKeyword.groovy)
	at com.kms.katalon.core.webui.keyword.internal.WebUIKeywordMain.runKeyword(WebUIKeywordMain.groovy:20)
	... 21 more]]></system-err>
      </testcase>
      <testcase name="Test Cases/WEB-UI-TESTS/Voucher/FDR-Delete-Undo-Voucher-Line" time="194.258" classname="Test Cases/WEB-UI-TESTS/Voucher/FDR-Delete-Undo-Voucher-Line" status="PASSED">
         <system-out><![CDATA[2020-09-15 14:30:01 - [TEST_CASE][PASSED] - Test Cases/WEB-UI-TESTS/Voucher/FDR-Delete-Undo-Voucher-Line: Test Cases/WEB-UI-TESTS/Voucher/FDR-Delete-Undo-Voucher-Line

2020-09-15 14:30:01 - [TEST_STEP][PASSED] - Start listener action : sampleBeforeTestCase: null

2020-09-15 14:30:01 - [TEST_STEP][PASSED] - profileName = getExecutionProfile(): null

2020-09-15 14:30:01 - [TEST_STEP][PASSED] - switch (profileName): null

2020-09-15 14:30:01 - [TEST_STEP][PASSED] - case "superUser":: null

2020-09-15 14:30:01 - [TEST_STEP][PASSED] - return null: null

2020-09-15 14:30:01 - [TEST_STEP][PASSED] - Start listener action : beforeTestCase: null

2020-09-15 14:30:01 - [TEST_STEP][PASSED] - profileName = getExecutionProfile(): null

2020-09-15 14:30:01 - [TEST_STEP][PASSED] - if (profileName.equalsIgnoreCase("SysAdmin")): null

2020-09-15 14:30:01 - [TEST_STEP][PASSED] - Start listener action : sampleBeforeTestCase: Navigate to 'https://fdr-katalon.cammis-mod-dev.dhcs.ca.gov' successfully

2020-09-15 14:30:01 - [TEST_STEP][PASSED] - profileName = getExecutionProfile(): null

2020-09-15 14:30:01 - [TEST_STEP][PASSED] - testCaseId = testCaseContext.getTestCaseId(): null

2020-09-15 14:30:01 - [TEST_STEP][PASSED] - switch (profileName): null

2020-09-15 14:30:01 - [TEST_STEP][PASSED] - case "Voucher":: null

2020-09-15 14:30:01 - [TEST_STEP][PASSED] - Uifunctions.loginFDR(accountsApproverAcc2, accountsApproverAcc2Pwd): Object: 'Object Repository/FDR-SignIn/SignInButton' is clicked on

2020-09-15 14:30:01 - [MESSAGE][INFO] - Starting 'Chrome' driver

2020-09-15 14:30:01 - [MESSAGE][INFO] - Action delay is set to 0 milliseconds

2020-09-15 14:30:04 - [MESSAGE][PASSED] - Browser is opened with url: ''

2020-09-15 14:30:06 - [MESSAGE][PASSED] - Current window maximized

2020-09-15 14:30:07 - [MESSAGE][PASSED] - Navigate to 'https://fdr-katalon.cammis-mod-dev.dhcs.ca.gov' successfully

2020-09-15 14:30:09 - [MESSAGE][PASSED] - Object 'Object Repository/FDR-SignIn/SignInEmail' is present

2020-09-15 14:30:09 - [MESSAGE][PASSED] - Object: 'Object Repository/FDR-SignIn/SignInEmail' is clicked on

2020-09-15 14:30:10 - [MESSAGE][PASSED] - Object 'Object Repository/FDR-SignIn/SignInEmail' is present

2020-09-15 14:30:10 - [MESSAGE][PASSED] - Text 'fdr.test2@dhcs.ca.gov' is set on object 'Object Repository/FDR-SignIn/SignInEmail'

2020-09-15 14:30:10 - [MESSAGE][PASSED] - Object 'Object Repository/FDR-SignIn/SignInEmailNext' is visible

2020-09-15 14:30:11 - [MESSAGE][PASSED] - Object: 'Object Repository/FDR-SignIn/SignInEmailNext' is clicked on

2020-09-15 14:30:14 - [MESSAGE][PASSED] - Object 'Object Repository/FDR-SignIn/SignInEmailPassword' is visible

2020-09-15 14:30:14 - [MESSAGE][PASSED] - Object: 'Object Repository/FDR-SignIn/SignInEmailPassword' is clicked on

2020-09-15 14:30:15 - [MESSAGE][PASSED] - Text ****** has been set on object 'Object Repository/FDR-SignIn/SignInEmailPassword'

2020-09-15 14:30:16 - [MESSAGE][PASSED] - Object: 'Object Repository/FDR-SignIn/SignInButton' is clicked on

2020-09-15 14:30:16 - [TEST_STEP][PASSED] - break: null

2020-09-15 14:30:16 - [TEST_STEP][PASSED] - navigateToUrl(URL): Navigate to 'https://fdr-katalon.cammis-mod-dev.dhcs.ca.gov' successfully

2020-09-15 14:30:17 - [MESSAGE][PASSED] - Navigate to 'https://fdr-katalon.cammis-mod-dev.dhcs.ca.gov' successfully

2020-09-15 14:30:17 - [TEST_STEP][PASSED] - Start listener action : executeRows: null

2020-09-15 14:30:17 - [TEST_STEP][PASSED] - Start setup action : setupTestCase: Method 'setupTestCase' complete successfully

2020-09-15 14:30:17 - [MESSAGE][PASSED] - Method 'setupTestCase' complete successfully

2020-09-15 14:30:17 - [TEST_STEP][PASSED] - callTestCase(findTestCase("WEB-UI-TESTS/Voucher/FDR-Create-Simple-Voucher"), ["drawDate":drawDate, "payDate":payDate, "programType":programType, "invoiceType":invoiceType, "fundCode":fundCode, "supplier":supplier, ... ], STOP_ON_FAILURE): Call Test Case 'Test Cases/WEB-UI-TESTS/Voucher/FDR-Create-Simple-Voucher' successfully

2020-09-15 14:30:17 - [TEST_CASE][PASSED] - Test Cases/WEB-UI-TESTS/Voucher/FDR-Create-Simple-Voucher: Test Cases/WEB-UI-TESTS/Voucher/FDR-Create-Simple-Voucher

2020-09-15 14:30:17 - [TEST_STEP][PASSED] - voucherHeaderData = ["drawDate":drawDate, "payDate":payDate, "programType":programType, "invoiceType":invoiceType, "fundCode":fundCode, "supplier":supplier, ... ]: null

2020-09-15 14:30:17 - [TEST_STEP][PASSED] - Uifunctions.createVoucherHeader(voucherHeaderData): Object 'Object Repository/FDR-VoucherEntry/VoucherHeader/reviewButton' is present

2020-09-15 14:30:18 - [MESSAGE][PASSED] - Object 'Object Repository/FDR-Dashboard/createNewVoucherButton' is present

2020-09-15 14:30:19 - [MESSAGE][PASSED] - Object: 'Object Repository/FDR-Dashboard/createNewVoucherButton' is clicked on

2020-09-15 14:30:24 - [MESSAGE][INFO] - Unable to find the element located by 'By.xpath: //*[@data-id='action-button']//*[contains(text(),'Review')]'. Please recheck the objects properties to make sure the desired element is located. 

2020-09-15 14:30:24 - [MESSAGE][WARNING] - Object 'Object Repository/FDR-VoucherEntry/VoucherHeader/reviewButton' is not present after 3 second(s)

2020-09-15 14:30:24 - [MESSAGE][PASSED] - Object: 'Object Repository/FDR-VoucherEntry/Voucher/drawDate' is clicked on

2020-09-15 14:30:26 - [MESSAGE][INFO] - Unable to find the element located by 'By.xpath: //*[@data-id='button-link']//*[contains(text(),'Create New Voucher')]'. Please recheck the objects properties to make sure the desired element is located. 

2020-09-15 14:30:26 - [MESSAGE][WARNING] - Object 'Object Repository/FDR-Dashboard/createNewVoucherButton' is not present after 1 second(s)

2020-09-15 14:30:27 - [MESSAGE][PASSED] - Text '10/05/2020' is set on object 'Object Repository/FDR-VoucherEntry/Voucher/drawDate'

2020-09-15 14:30:31 - [MESSAGE][INFO] - Unable to find the element located by 'By.xpath: //*[@data-id='button-link']//*[contains(text(),'Create New Voucher')]'. Please recheck the objects properties to make sure the desired element is located. 

2020-09-15 14:30:31 - [MESSAGE][WARNING] - Object 'Object Repository/FDR-Dashboard/createNewVoucherButton' is not present after 3 second(s)

2020-09-15 14:30:31 - [MESSAGE][PASSED] - Object: 'Object Repository/FDR-VoucherEntry/Voucher/programType' is clicked on

2020-09-15 14:30:35 - [MESSAGE][INFO] - Unable to find the element located by 'By.xpath: //*[@data-id='button-link']//*[contains(text(),'Create New Voucher')]'. Please recheck the objects properties to make sure the desired element is located. 

2020-09-15 14:30:35 - [MESSAGE][WARNING] - Object 'Object Repository/FDR-Dashboard/createNewVoucherButton' is not present after 2 second(s)

2020-09-15 14:30:35 - [MESSAGE][PASSED] - Keys 'Medical Assistance (MA)' sent to object: 'Object Repository/FDR-VoucherEntry/Voucher/programType'

2020-09-15 14:30:35 - [MESSAGE][PASSED] - Object 'Object Repository/FDR-VoucherEntry/Voucher/programType' is present

2020-09-15 14:30:36 - [MESSAGE][PASSED] - Keys 'DOWN + ENTER + ' sent to object: 'Object Repository/FDR-VoucherEntry/Voucher/programType'

2020-09-15 14:30:36 - [MESSAGE][PASSED] - Object: 'Object Repository/FDR-VoucherEntry/Voucher/invoiceType' is clicked on

2020-09-15 14:30:37 - [MESSAGE][PASSED] - Object 'Object Repository/FDR-VoucherEntry/Voucher/invoiceType' is present

2020-09-15 14:30:37 - [MESSAGE][PASSED] - Keys 'CAP' sent to object: 'Object Repository/FDR-VoucherEntry/Voucher/invoiceType'

2020-09-15 14:30:37 - [MESSAGE][PASSED] - Keys 'DOWN + ENTER + ' sent to object: 'Object Repository/FDR-VoucherEntry/Voucher/invoiceType'

2020-09-15 14:30:38 - [MESSAGE][PASSED] - Object: 'Object Repository/FDR-VoucherEntry/Voucher/fundCode' is clicked on

2020-09-15 14:30:39 - [MESSAGE][PASSED] - Keys 'Health Care Deposit Fund (0912)' sent to object: 'Object Repository/FDR-VoucherEntry/Voucher/fundCode'

2020-09-15 14:30:39 - [MESSAGE][PASSED] - Object 'Object Repository/FDR-VoucherEntry/Voucher/fundCode' is present

2020-09-15 14:30:39 - [MESSAGE][PASSED] - Keys 'DOWN + ENTER + ' sent to object: 'Object Repository/FDR-VoucherEntry/Voucher/fundCode'

2020-09-15 14:30:40 - [MESSAGE][PASSED] - Object: 'Object Repository/FDR-VoucherEntry/Voucher/supplierID' is clicked on

2020-09-15 14:30:41 - [MESSAGE][PASSED] - Keys '0000007954' sent to object: 'Object Repository/FDR-VoucherEntry/Voucher/supplierID'

2020-09-15 14:30:41 - [MESSAGE][PASSED] - Object 'Object Repository/FDR-VoucherEntry/Voucher/supplierID' is present

2020-09-15 14:30:41 - [MESSAGE][PASSED] - Keys 'DOWN + ENTER + ' sent to object: 'Object Repository/FDR-VoucherEntry/Voucher/supplierID'

2020-09-15 14:30:42 - [MESSAGE][PASSED] - Object: 'Object Repository/FDR-VoucherEntry/Voucher/seqNum' is clicked on

2020-09-15 14:30:42 - [MESSAGE][PASSED] - Object 'Object Repository/FDR-VoucherEntry/Voucher/seqNum' is present

2020-09-15 14:30:43 - [MESSAGE][PASSED] - Keys 'DOWN + ENTER + ' sent to object: 'Object Repository/FDR-VoucherEntry/Voucher/seqNum'

2020-09-15 14:30:43 - [MESSAGE][PASSED] - Object: 'Object Repository/FDR-VoucherEntry/Voucher/contractNum' is clicked on

2020-09-15 14:30:44 - [MESSAGE][PASSED] - Keys '07-65707' sent to object: 'Object Repository/FDR-VoucherEntry/Voucher/contractNum'

2020-09-15 14:30:44 - [MESSAGE][PASSED] - Object 'Object Repository/FDR-VoucherEntry/Voucher/contractNum' is present

2020-09-15 14:30:45 - [MESSAGE][PASSED] - Keys 'DOWN + ENTER + ' sent to object: 'Object Repository/FDR-VoucherEntry/Voucher/contractNum'

2020-09-15 14:30:47 - [MESSAGE][PASSED] - Text 'This message will print on the Remittance Advice' is set on object 'Object Repository/FDR-VoucherEntry/Voucher/vendorMessage'

2020-09-15 14:30:47 - [MESSAGE][PASSED] - Object: 'Object Repository/FDR-VoucherEntry/Voucher/primaryContact' is clicked on

2020-09-15 14:30:48 - [MESSAGE][PASSED] - Keys 'Aung Lin' sent to object: 'Object Repository/FDR-VoucherEntry/Voucher/primaryContact'

2020-09-15 14:30:48 - [MESSAGE][PASSED] - Object 'Object Repository/FDR-VoucherEntry/Voucher/primaryContact' is present

2020-09-15 14:30:49 - [MESSAGE][PASSED] - Keys 'DOWN + ENTER + ' sent to object: 'Object Repository/FDR-VoucherEntry/Voucher/primaryContact'

2020-09-15 14:30:49 - [MESSAGE][PASSED] - Object: 'Object Repository/FDR-VoucherEntry/Voucher/secondaryContact' is clicked on

2020-09-15 14:30:50 - [MESSAGE][PASSED] - Keys 'Vivian Ly' sent to object: 'Object Repository/FDR-VoucherEntry/Voucher/secondaryContact'

2020-09-15 14:30:50 - [MESSAGE][PASSED] - Object 'Object Repository/FDR-VoucherEntry/Voucher/secondaryContact' is present

2020-09-15 14:30:51 - [MESSAGE][PASSED] - Object 'Object Repository/FDR-VoucherEntry/Voucher/secondaryContact' is present

2020-09-15 14:30:51 - [MESSAGE][PASSED] - Keys 'DOWN + ENTER + ' sent to object: 'Object Repository/FDR-VoucherEntry/Voucher/secondaryContact'

2020-09-15 14:30:51 - [MESSAGE][PASSED] - Object: 'Object Repository/FDR-VoucherEntry/Voucher/buttonNext' is clicked on

2020-09-15 14:30:54 - [MESSAGE][PASSED] - Delayed 3 second(s)

2020-09-15 14:30:55 - [MESSAGE][PASSED] - Object 'Object Repository/FDR-VoucherEntry/VoucherHeader/reviewButton' is present

2020-09-15 14:30:55 - [TEST_STEP][PASSED] - waitForElementPresent(findTestObject("FDR-Dashboard/createNewVoucherButton"), 4): Object 'Object Repository/FDR-Dashboard/createNewVoucherButton' is not present after 4 second(s)

2020-09-15 14:31:00 - [MESSAGE][INFO] - Unable to find the element located by 'By.xpath: //*[@data-id='button-link']//*[contains(text(),'Create New Voucher')]'. Please recheck the objects properties to make sure the desired element is located. 

2020-09-15 14:31:00 - [MESSAGE][WARNING] - Object 'Object Repository/FDR-Dashboard/createNewVoucherButton' is not present after 4 second(s)

2020-09-15 14:31:00 - [TEST_STEP][PASSED] - Uifunctions.createInvoiceLine(1): Object 'Object Repository/FDR-VoucherEntry/VoucherHeader/reviewButton' is present

2020-09-15 14:31:00 - [MESSAGE][PASSED] - Object 'Object Repository/FDR-VoucherEntry/VoucherHeader/reviewButton' is present

2020-09-15 14:31:03 - [MESSAGE][INFO] - Unable to find the element located by 'By.xpath: //*[contains(text(),'Add voucher')]//parent::button'. Please recheck the objects properties to make sure the desired element is located. 

2020-09-15 14:31:03 - [MESSAGE][WARNING] - Object 'Object Repository/FDR-VoucherEntry/InvoiceLine/addVoucherButton' is not present after 2 second(s)

2020-09-15 14:31:03 - [MESSAGE][PASSED] - Object 'Object Repository/FDR-VoucherEntry/InvoiceLine/invoice' is clickable

2020-09-15 14:31:04 - [MESSAGE][PASSED] - Object: 'Object Repository/FDR-VoucherEntry/InvoiceLine/invoice' is clicked on

2020-09-15 14:31:04 - [MESSAGE][PASSED] - Text '1850' is set on object 'Object Repository/FDR-VoucherEntry/InvoiceLine/invoice'

2020-09-15 14:31:05 - [MESSAGE][PASSED] - Object: 'Object Repository/FDR-VoucherEntry/InvoiceLine/invoiceDate' is clicked on

2020-09-15 14:31:05 - [MESSAGE][PASSED] - Object 'Object Repository/FDR-VoucherEntry/InvoiceLine/invoiceDate' is present

2020-09-15 14:31:06 - [MESSAGE][PASSED] - Text '09/15/2020' is set on object 'Object Repository/FDR-VoucherEntry/InvoiceLine/invoiceDate'

2020-09-15 14:31:07 - [MESSAGE][PASSED] - Object: 'Object Repository/FDR-VoucherEntry/InvoiceLine/originalWarrantDate' is clicked on

2020-09-15 14:31:07 - [MESSAGE][PASSED] - Text '09/16/2020' is set on object 'Object Repository/FDR-VoucherEntry/InvoiceLine/originalWarrantDate'

2020-09-15 14:31:08 - [MESSAGE][PASSED] - Object 'Object Repository/FDR-VoucherEntry/InvoiceLine/addInvoiceLineButton' is present

2020-09-15 14:31:08 - [MESSAGE][PASSED] - Object: 'Object Repository/FDR-VoucherEntry/InvoiceLine/addInvoiceLineButtonIndex2' is clicked on

2020-09-15 14:31:09 - [MESSAGE][PASSED] - Object 'Object Repository/FDR-VoucherEntry/VoucherHeader/reviewButton' is present

2020-09-15 14:31:09 - [TEST_STEP][PASSED] - waitForElementClickable(findTestObject("FDR-VoucherEntry/InvoiceLine/invoiceLineExpandButton"), 5): Object 'Object Repository/FDR-VoucherEntry/InvoiceLine/invoiceLineExpandButton' is clickable

2020-09-15 14:31:09 - [MESSAGE][PASSED] - Object 'Object Repository/FDR-VoucherEntry/InvoiceLine/invoiceLineExpandButton' is clickable

2020-09-15 14:31:09 - [TEST_STEP][PASSED] - click(findTestObject("FDR-VoucherEntry/InvoiceLine/invoiceLineExpandButton")): Object: 'Object Repository/FDR-VoucherEntry/InvoiceLine/invoiceLineExpandButton' is clicked on

2020-09-15 14:31:09 - [MESSAGE][PASSED] - Object: 'Object Repository/FDR-VoucherEntry/InvoiceLine/invoiceLineExpandButton' is clicked on

2020-09-15 14:31:09 - [TEST_STEP][PASSED] - waitForElementPresent(findTestObject("FDR-Dashboard/createNewVoucherButton"), 4): Object 'Object Repository/FDR-Dashboard/createNewVoucherButton' is not present after 4 second(s)

2020-09-15 14:31:15 - [MESSAGE][INFO] - Unable to find the element located by 'By.xpath: //*[@data-id='button-link']//*[contains(text(),'Create New Voucher')]'. Please recheck the objects properties to make sure the desired element is located. 

2020-09-15 14:31:15 - [MESSAGE][WARNING] - Object 'Object Repository/FDR-Dashboard/createNewVoucherButton' is not present after 4 second(s)

2020-09-15 14:31:15 - [TEST_STEP][PASSED] - click(findTestObject("FDR-VoucherEntry/InvoiceLine/invoiceAddlineButton")): Object: 'Object Repository/FDR-VoucherEntry/InvoiceLine/invoiceAddlineButton' is clicked on

2020-09-15 14:31:15 - [MESSAGE][PASSED] - Object: 'Object Repository/FDR-VoucherEntry/InvoiceLine/invoiceAddlineButton' is clicked on

2020-09-15 14:31:15 - [TEST_STEP][PASSED] - Uifunctions.createDistributionLines(1, "Voucher/FDR-DL"): Object: 'Object Repository/FDR-VoucherEntry/DistributionLine/addSaveButton' is clicked on

2020-09-15 14:31:19 - [MESSAGE][INFO] - Unable to find the element located by 'By.xpath: //*[@data-id='button-link']//*[contains(text(),'Create New Voucher')]'. Please recheck the objects properties to make sure the desired element is located. 

2020-09-15 14:31:19 - [MESSAGE][WARNING] - Object 'Object Repository/FDR-Dashboard/createNewVoucherButton' is not present after 3 second(s)

2020-09-15 14:31:22 - [MESSAGE][INFO] - Unable to find the element located by 'By.xpath: //*[@data-id='button-link']//*[contains(text(),'Create New Voucher')]'. Please recheck the objects properties to make sure the desired element is located. 

2020-09-15 14:31:22 - [MESSAGE][WARNING] - Object 'Object Repository/FDR-Dashboard/createNewVoucherButton' is not present after 2 second(s)

2020-09-15 14:31:23 - [MESSAGE][PASSED] - Object 'Object Repository/FDR-VoucherEntry/DistributionLine/serviceDateFrom' is clickable

2020-09-15 14:31:23 - [MESSAGE][PASSED] - Object: 'Object Repository/FDR-VoucherEntry/DistributionLine/serviceDateFrom' is clicked on

2020-09-15 14:31:23 - [MESSAGE][PASSED] - Object 'Object Repository/FDR-VoucherEntry/DistributionLine/serviceDateFrom' is present

2020-09-15 14:31:24 - [MESSAGE][PASSED] - Text '08/04/2020' is set on object 'Object Repository/FDR-VoucherEntry/DistributionLine/serviceDateFrom'

2020-09-15 14:31:25 - [MESSAGE][PASSED] - Object: 'Object Repository/FDR-VoucherEntry/DistributionLine/serviceDateTo' is clicked on

2020-09-15 14:31:25 - [MESSAGE][PASSED] - Object 'Object Repository/FDR-VoucherEntry/DistributionLine/serviceDateTo' is present

2020-09-15 14:31:26 - [MESSAGE][PASSED] - Text '08/05/2020' is set on object 'Object Repository/FDR-VoucherEntry/DistributionLine/serviceDateTo'

2020-09-15 14:31:29 - [MESSAGE][INFO] - Unable to find the element located by 'By.xpath: //*[@data-id='button-link']//*[contains(text(),'Create New Voucher')]'. Please recheck the objects properties to make sure the desired element is located. 

2020-09-15 14:31:29 - [MESSAGE][WARNING] - Object 'Object Repository/FDR-Dashboard/createNewVoucherButton' is not present after 2 second(s)

2020-09-15 14:31:29 - [MESSAGE][PASSED] - Object: 'Object Repository/FDR-VoucherEntry/DistributionLine/amount' is clicked on

2020-09-15 14:31:30 - [MESSAGE][PASSED] - Execute JavaScript 'arguments[0].value='';' successfully

2020-09-15 14:31:30 - [MESSAGE][PASSED] - Keys '100' sent to object: 'Object Repository/FDR-VoucherEntry/DistributionLine/amount'

2020-09-15 14:31:32 - [MESSAGE][INFO] - Unable to find the element located by 'By.xpath: //*[@data-id='button-link']//*[contains(text(),'Create New Voucher')]'. Please recheck the objects properties to make sure the desired element is located. 

2020-09-15 14:31:32 - [MESSAGE][WARNING] - Object 'Object Repository/FDR-Dashboard/createNewVoucherButton' is not present after 1 second(s)

2020-09-15 14:31:33 - [MESSAGE][PASSED] - Object: 'Object Repository/FDR-VoucherEntry/DistributionLine/waiverType' is clicked on

2020-09-15 14:31:35 - [MESSAGE][INFO] - Unable to find the element located by 'By.xpath: //*[@data-id='button-link']//*[contains(text(),'Create New Voucher')]'. Please recheck the objects properties to make sure the desired element is located. 

2020-09-15 14:31:35 - [MESSAGE][WARNING] - Object 'Object Repository/FDR-Dashboard/createNewVoucherButton' is not present after 1 second(s)

2020-09-15 14:31:35 - [MESSAGE][PASSED] - Keys '1115' sent to object: 'Object Repository/FDR-VoucherEntry/DistributionLine/waiverType'

2020-09-15 14:31:38 - [MESSAGE][INFO] - Unable to find the element located by 'By.xpath: //*[@data-id='button-link']//*[contains(text(),'Create New Voucher')]'. Please recheck the objects properties to make sure the desired element is located. 

2020-09-15 14:31:38 - [MESSAGE][WARNING] - Object 'Object Repository/FDR-Dashboard/createNewVoucherButton' is not present after 2 second(s)

2020-09-15 14:31:39 - [MESSAGE][PASSED] - Keys 'DOWN + ENTER + ' sent to object: 'Object Repository/FDR-VoucherEntry/DistributionLine/waiverType'

2020-09-15 14:31:39 - [MESSAGE][PASSED] - Object: 'Object Repository/FDR-VoucherEntry/DistributionLine/waiverName' is clicked on

2020-09-15 14:31:40 - [MESSAGE][PASSED] - Keys 'CBAS' sent to object: 'Object Repository/FDR-VoucherEntry/DistributionLine/waiverName'

2020-09-15 14:31:43 - [MESSAGE][INFO] - Unable to find the element located by 'By.xpath: //*[@data-id='button-link']//*[contains(text(),'Create New Voucher')]'. Please recheck the objects properties to make sure the desired element is located. 

2020-09-15 14:31:43 - [MESSAGE][WARNING] - Object 'Object Repository/FDR-Dashboard/createNewVoucherButton' is not present after 2 second(s)

2020-09-15 14:31:43 - [MESSAGE][PASSED] - Keys 'DOWN + ENTER + ' sent to object: 'Object Repository/FDR-VoucherEntry/DistributionLine/waiverName'

2020-09-15 14:31:44 - [MESSAGE][PASSED] - Object: 'Object Repository/FDR-VoucherEntry/DistributionLine/fundingSource' is clicked on

2020-09-15 14:31:44 - [MESSAGE][PASSED] - Keys 'Dental' sent to object: 'Object Repository/FDR-VoucherEntry/DistributionLine/fundingSource'

2020-09-15 14:31:47 - [MESSAGE][INFO] - Unable to find the element located by 'By.xpath: //*[@data-id='button-link']//*[contains(text(),'Create New Voucher')]'. Please recheck the objects properties to make sure the desired element is located. 

2020-09-15 14:31:47 - [MESSAGE][WARNING] - Object 'Object Repository/FDR-Dashboard/createNewVoucherButton' is not present after 2 second(s)

2020-09-15 14:31:48 - [MESSAGE][PASSED] - Keys 'DOWN + ENTER + ' sent to object: 'Object Repository/FDR-VoucherEntry/DistributionLine/fundingSource'

2020-09-15 14:31:48 - [MESSAGE][PASSED] - Object: 'Object Repository/FDR-VoucherEntry/DistributionLine/fundRatio' is clicked on

2020-09-15 14:31:49 - [MESSAGE][PASSED] - Keys '90/10' sent to object: 'Object Repository/FDR-VoucherEntry/DistributionLine/fundRatio'

2020-09-15 14:31:52 - [MESSAGE][INFO] - Unable to find the element located by 'By.xpath: //*[@data-id='button-link']//*[contains(text(),'Create New Voucher')]'. Please recheck the objects properties to make sure the desired element is located. 

2020-09-15 14:31:52 - [MESSAGE][WARNING] - Object 'Object Repository/FDR-Dashboard/createNewVoucherButton' is not present after 2 second(s)

2020-09-15 14:31:52 - [MESSAGE][PASSED] - Keys 'DOWN + ENTER + ' sent to object: 'Object Repository/FDR-VoucherEntry/DistributionLine/fundRatio'

2020-09-15 14:31:53 - [MESSAGE][PASSED] - Object: 'Object Repository/FDR-VoucherEntry/DistributionLine/nonFederalFund' is clicked on

2020-09-15 14:31:53 - [MESSAGE][PASSED] - Keys '0001' sent to object: 'Object Repository/FDR-VoucherEntry/DistributionLine/nonFederalFund'

2020-09-15 14:31:57 - [MESSAGE][INFO] - Unable to find the element located by 'By.xpath: //*[@data-id='button-link']//*[contains(text(),'Create New Voucher')]'. Please recheck the objects properties to make sure the desired element is located. 

2020-09-15 14:31:57 - [MESSAGE][WARNING] - Object 'Object Repository/FDR-Dashboard/createNewVoucherButton' is not present after 2 second(s)

2020-09-15 14:31:57 - [MESSAGE][PASSED] - Keys 'DOWN + ENTER + ' sent to object: 'Object Repository/FDR-VoucherEntry/DistributionLine/nonFederalFund'

2020-09-15 14:31:57 - [MESSAGE][PASSED] - Object: 'Object Repository/FDR-VoucherEntry/DistributionLine/account' is clicked on

2020-09-15 14:31:58 - [MESSAGE][PASSED] - Keys '5442000' sent to object: 'Object Repository/FDR-VoucherEntry/DistributionLine/account'

2020-09-15 14:31:59 - [MESSAGE][PASSED] - Keys 'DOWN + ENTER + ' sent to object: 'Object Repository/FDR-VoucherEntry/DistributionLine/account'

2020-09-15 14:31:59 - [MESSAGE][PASSED] - Object: 'Object Repository/FDR-VoucherEntry/DistributionLine/altAccount' is clicked on

2020-09-15 14:32:00 - [MESSAGE][PASSED] - Keys '5442000' sent to object: 'Object Repository/FDR-VoucherEntry/DistributionLine/altAccount'

2020-09-15 14:32:00 - [MESSAGE][PASSED] - Object 'Object Repository/FDR-VoucherEntry/DistributionLine/altAccount' is present

2020-09-15 14:32:01 - [MESSAGE][PASSED] - Keys 'DOWN + ENTER + ' sent to object: 'Object Repository/FDR-VoucherEntry/DistributionLine/altAccount'

2020-09-15 14:32:01 - [MESSAGE][PASSED] - Object: 'Object Repository/FDR-VoucherEntry/DistributionLine/serviceCategory' is clicked on

2020-09-15 14:32:05 - [MESSAGE][INFO] - Unable to find the element located by 'By.xpath: //*[@data-id='button-link']//*[contains(text(),'Create New Voucher')]'. Please recheck the objects properties to make sure the desired element is located. 

2020-09-15 14:32:05 - [MESSAGE][WARNING] - Object 'Object Repository/FDR-Dashboard/createNewVoucherButton' is not present after 2 second(s)

2020-09-15 14:32:05 - [MESSAGE][PASSED] - Keys '18B1' sent to object: 'Object Repository/FDR-VoucherEntry/DistributionLine/serviceCategory'

2020-09-15 14:32:05 - [MESSAGE][PASSED] - Keys 'DOWN + ENTER + ' sent to object: 'Object Repository/FDR-VoucherEntry/DistributionLine/serviceCategory'

2020-09-15 14:32:06 - [MESSAGE][PASSED] - Object: 'Object Repository/FDR-VoucherEntry/DistributionLine/incDecLine' is clicked on

2020-09-15 14:32:07 - [MESSAGE][PASSED] - Keys '8: Adjustments and corrections' sent to object: 'Object Repository/FDR-VoucherEntry/DistributionLine/incDecLine'

2020-09-15 14:32:07 - [MESSAGE][PASSED] - Keys 'DOWN + ENTER + ' sent to object: 'Object Repository/FDR-VoucherEntry/DistributionLine/incDecLine'

2020-09-15 14:32:09 - [MESSAGE][INFO] - Unable to find the element located by 'By.xpath: //*[@data-id='button-link']//*[contains(text(),'Create New Voucher')]'. Please recheck the objects properties to make sure the desired element is located. 

2020-09-15 14:32:09 - [MESSAGE][WARNING] - Object 'Object Repository/FDR-Dashboard/createNewVoucherButton' is not present after 1 second(s)

2020-09-15 14:32:10 - [MESSAGE][PASSED] - Object: 'Object Repository/FDR-VoucherEntry/DistributionLine/index' is clicked on

2020-09-15 14:32:10 - [MESSAGE][PASSED] - Keys '1155' sent to object: 'Object Repository/FDR-VoucherEntry/DistributionLine/index'

2020-09-15 14:32:11 - [MESSAGE][PASSED] - Keys 'DOWN + ENTER + ' sent to object: 'Object Repository/FDR-VoucherEntry/DistributionLine/index'

2020-09-15 14:32:11 - [MESSAGE][PASSED] - Object: 'Object Repository/FDR-VoucherEntry/DistributionLine/addSaveButton' is clicked on

2020-09-15 14:32:11 - [MESSAGE][PASSED] - Call Test Case 'Test Cases/WEB-UI-TESTS/Voucher/FDR-Create-Simple-Voucher' successfully

2020-09-15 14:32:11 - [TEST_STEP][PASSED] - waitForElementPresent(findTestObject("FDR-Dashboard/createNewVoucherButton"), 4): Object 'Object Repository/FDR-Dashboard/createNewVoucherButton' is not present after 4 second(s)

2020-09-15 14:32:16 - [MESSAGE][INFO] - Unable to find the element located by 'By.xpath: //*[@data-id='button-link']//*[contains(text(),'Create New Voucher')]'. Please recheck the objects properties to make sure the desired element is located. 

2020-09-15 14:32:16 - [MESSAGE][WARNING] - Object 'Object Repository/FDR-Dashboard/createNewVoucherButton' is not present after 4 second(s)

2020-09-15 14:32:16 - [TEST_STEP][PASSED] - click(findTestObject("FDR-VoucherEntry/InvoiceLine/invoiceLineExpandButton")): Object: 'Object Repository/FDR-VoucherEntry/InvoiceLine/invoiceLineExpandButton' is clicked on

2020-09-15 14:32:17 - [MESSAGE][PASSED] - Object: 'Object Repository/FDR-VoucherEntry/InvoiceLine/invoiceLineExpandButton' is clicked on

2020-09-15 14:32:17 - [TEST_STEP][PASSED] - waitForElementPresent(findTestObject("FDR-Dashboard/createNewVoucherButton"), 4): Object 'Object Repository/FDR-Dashboard/createNewVoucherButton' is not present after 4 second(s)

2020-09-15 14:32:22 - [MESSAGE][INFO] - Unable to find the element located by 'By.xpath: //*[@data-id='button-link']//*[contains(text(),'Create New Voucher')]'. Please recheck the objects properties to make sure the desired element is located. 

2020-09-15 14:32:22 - [MESSAGE][WARNING] - Object 'Object Repository/FDR-Dashboard/createNewVoucherButton' is not present after 4 second(s)

2020-09-15 14:32:22 - [TEST_STEP][PASSED] - VouchertotalbefDelwith$ = getText(findTestObject("FDR-VoucherEntry/VoucherHeader/voucherTotal")): Text of object 'Object Repository/FDR-VoucherEntry/VoucherHeader/voucherTotal' is: '$100.00'

2020-09-15 14:32:22 - [MESSAGE][PASSED] - Text of object 'Object Repository/FDR-VoucherEntry/VoucherHeader/voucherTotal' is: '$100.00'

2020-09-15 14:32:22 - [TEST_STEP][PASSED] - VouchertotalbefDLDelwithout$ = VouchertotalbefDelwith$.substring(1): null

2020-09-15 14:32:22 - [TEST_STEP][PASSED] - VouchertotalbefDLDelwithoutComma = VouchertotalbefDLDelwithout$.replaceAll(",", ""): null

2020-09-15 14:32:22 - [TEST_STEP][PASSED] - VouchertotalbefDLDel = Float.parseFloat(VouchertotalbefDLDelwithoutComma): null

2020-09-15 14:32:22 - [TEST_STEP][PASSED] - waitForElementPresent(findTestObject("FDR-VoucherEntry/InvoiceLine/voucherTotalRowAmt"), 1): Object 'Object Repository/FDR-VoucherEntry/InvoiceLine/voucherTotalRowAmt' is present

2020-09-15 14:32:22 - [MESSAGE][PASSED] - Object 'Object Repository/FDR-VoucherEntry/InvoiceLine/voucherTotalRowAmt' is present

2020-09-15 14:32:22 - [TEST_STEP][PASSED] - InvTotalbefDelwith$ = getText(findTestObject("FDR-VoucherEntry/InvoiceLine/voucherTotalRowAmt")): Text of object 'Object Repository/FDR-VoucherEntry/InvoiceLine/voucherTotalRowAmt' is: '$100.00'

2020-09-15 14:32:23 - [MESSAGE][PASSED] - Text of object 'Object Repository/FDR-VoucherEntry/InvoiceLine/voucherTotalRowAmt' is: '$100.00'

2020-09-15 14:32:23 - [TEST_STEP][PASSED] - InvTotalbefDelwithout$ = InvTotalbefDelwith$.substring(1): null

2020-09-15 14:32:23 - [TEST_STEP][PASSED] - InvTotalbefDelwithoutComma = InvTotalbefDelwithout$.replaceAll(",", ""): null

2020-09-15 14:32:23 - [TEST_STEP][PASSED] - InvTotalbefDel = Float.parseFloat(InvTotalbefDelwithoutComma): null

2020-09-15 14:32:23 - [TEST_STEP][PASSED] - Newexpectedvouchertotal = VouchertotalbefDLDel - InvTotalbefDel: null

2020-09-15 14:32:23 - [TEST_STEP][PASSED] - Uifunctions.deleteVoucherLine(): Object 'Object Repository/FDR-Dashboard/createNewVoucherButton' is not present after 2 second(s)

2020-09-15 14:32:26 - [MESSAGE][INFO] - Unable to find the element located by 'By.xpath: //*[@data-id='button-link']//*[contains(text(),'Create New Voucher')]'. Please recheck the objects properties to make sure the desired element is located. 

2020-09-15 14:32:26 - [MESSAGE][WARNING] - Object 'Object Repository/FDR-Dashboard/createNewVoucherButton' is not present after 2 second(s)

2020-09-15 14:32:26 - [MESSAGE][PASSED] - Object: 'Object Repository/FDR-EditVoucher/invoiceHover' is hovered

2020-09-15 14:32:27 - [MESSAGE][PASSED] - Object: 'Object Repository/FDR-EditVoucher/voucherLineEditIcon' is clicked on

2020-09-15 14:32:30 - [MESSAGE][INFO] - Unable to find the element located by 'By.xpath: //*[@data-id='button-link']//*[contains(text(),'Create New Voucher')]'. Please recheck the objects properties to make sure the desired element is located. 

2020-09-15 14:32:30 - [MESSAGE][WARNING] - Object 'Object Repository/FDR-Dashboard/createNewVoucherButton' is not present after 2 second(s)

2020-09-15 14:32:30 - [MESSAGE][PASSED] - Object: 'Object Repository/FDR-EditVoucher/voucherLineDeleteClick' is clicked on

2020-09-15 14:32:33 - [MESSAGE][INFO] - Unable to find the element located by 'By.xpath: //*[@data-id='button-link']//*[contains(text(),'Create New Voucher')]'. Please recheck the objects properties to make sure the desired element is located. 

2020-09-15 14:32:33 - [MESSAGE][WARNING] - Object 'Object Repository/FDR-Dashboard/createNewVoucherButton' is not present after 2 second(s)

2020-09-15 14:32:33 - [TEST_STEP][PASSED] - waitForElementPresent(findTestObject("FDR-Dashboard/createNewVoucherButton"), 4): Object 'Object Repository/FDR-Dashboard/createNewVoucherButton' is not present after 4 second(s)

2020-09-15 14:32:38 - [MESSAGE][INFO] - Unable to find the element located by 'By.xpath: //*[@data-id='button-link']//*[contains(text(),'Create New Voucher')]'. Please recheck the objects properties to make sure the desired element is located. 

2020-09-15 14:32:38 - [MESSAGE][WARNING] - Object 'Object Repository/FDR-Dashboard/createNewVoucherButton' is not present after 4 second(s)

2020-09-15 14:32:38 - [TEST_STEP][PASSED] - click(findTestObject("FDR-EditVoucher/undoButton")): Object: 'Object Repository/FDR-EditVoucher/undoButton' is clicked on

2020-09-15 14:32:38 - [MESSAGE][PASSED] - Object: 'Object Repository/FDR-EditVoucher/undoButton' is clicked on

2020-09-15 14:32:38 - [TEST_STEP][PASSED] - waitForElementPresent(findTestObject("FDR-Dashboard/createNewVoucherButton"), 6): Object 'Object Repository/FDR-Dashboard/createNewVoucherButton' is not present after 6 second(s)

2020-09-15 14:32:46 - [MESSAGE][INFO] - Unable to find the element located by 'By.xpath: //*[@data-id='button-link']//*[contains(text(),'Create New Voucher')]'. Please recheck the objects properties to make sure the desired element is located. 

2020-09-15 14:32:46 - [MESSAGE][WARNING] - Object 'Object Repository/FDR-Dashboard/createNewVoucherButton' is not present after 6 second(s)

2020-09-15 14:32:46 - [TEST_STEP][PASSED] - validators.validateVoucherHeaderTotals(VouchertotalbefDLDel, false): Valid Vouchertotal

2020-09-15 14:32:53 - [MESSAGE][INFO] - Unable to find the element located by 'By.xpath: //*[@data-id='button-link']//*[contains(text(),'Create New Voucher')]'. Please recheck the objects properties to make sure the desired element is located. 

2020-09-15 14:32:53 - [MESSAGE][WARNING] - Object 'Object Repository/FDR-Dashboard/createNewVoucherButton' is not present after 6 second(s)

2020-09-15 14:32:53 - [MESSAGE][PASSED] - Text of object 'Object Repository/FDR-VoucherEntry/VoucherHeader/voucherTotal' is: '$100.00'

2020-09-15 14:32:53 - [MESSAGE][PASSED] - Valid Vouchertotal

2020-09-15 14:32:53 - [TEST_STEP][PASSED] - Uifunctions.deleteVoucherLine(): Object 'Object Repository/FDR-Dashboard/createNewVoucherButton' is not present after 2 second(s)

2020-09-15 14:32:56 - [MESSAGE][INFO] - Unable to find the element located by 'By.xpath: //*[@data-id='button-link']//*[contains(text(),'Create New Voucher')]'. Please recheck the objects properties to make sure the desired element is located. 

2020-09-15 14:32:56 - [MESSAGE][WARNING] - Object 'Object Repository/FDR-Dashboard/createNewVoucherButton' is not present after 2 second(s)

2020-09-15 14:32:57 - [MESSAGE][PASSED] - Object: 'Object Repository/FDR-EditVoucher/invoiceHover' is hovered

2020-09-15 14:32:57 - [MESSAGE][PASSED] - Object: 'Object Repository/FDR-EditVoucher/voucherLineEditIcon' is clicked on

2020-09-15 14:33:00 - [MESSAGE][INFO] - Unable to find the element located by 'By.xpath: //*[@data-id='button-link']//*[contains(text(),'Create New Voucher')]'. Please recheck the objects properties to make sure the desired element is located. 

2020-09-15 14:33:00 - [MESSAGE][WARNING] - Object 'Object Repository/FDR-Dashboard/createNewVoucherButton' is not present after 2 second(s)

2020-09-15 14:33:01 - [MESSAGE][PASSED] - Object: 'Object Repository/FDR-EditVoucher/voucherLineDeleteClick' is clicked on

2020-09-15 14:33:04 - [MESSAGE][INFO] - Unable to find the element located by 'By.xpath: //*[@data-id='button-link']//*[contains(text(),'Create New Voucher')]'. Please recheck the objects properties to make sure the desired element is located. 

2020-09-15 14:33:04 - [MESSAGE][WARNING] - Object 'Object Repository/FDR-Dashboard/createNewVoucherButton' is not present after 2 second(s)

2020-09-15 14:33:04 - [TEST_STEP][PASSED] - waitForElementPresent(findTestObject("FDR-Dashboard/createNewVoucherButton"), 2): Object 'Object Repository/FDR-Dashboard/createNewVoucherButton' is not present after 2 second(s)

2020-09-15 14:33:07 - [MESSAGE][INFO] - Unable to find the element located by 'By.xpath: //*[@data-id='button-link']//*[contains(text(),'Create New Voucher')]'. Please recheck the objects properties to make sure the desired element is located. 

2020-09-15 14:33:07 - [MESSAGE][WARNING] - Object 'Object Repository/FDR-Dashboard/createNewVoucherButton' is not present after 2 second(s)

2020-09-15 14:33:07 - [TEST_STEP][PASSED] - validators.validateVoucherHeaderTotals(Newexpectedvouchertotal, true): Valid Vouchertotal

2020-09-15 14:33:14 - [MESSAGE][INFO] - Unable to find the element located by 'By.xpath: //*[@data-id='button-link']//*[contains(text(),'Create New Voucher')]'. Please recheck the objects properties to make sure the desired element is located. 

2020-09-15 14:33:14 - [MESSAGE][WARNING] - Object 'Object Repository/FDR-Dashboard/createNewVoucherButton' is not present after 6 second(s)

2020-09-15 14:33:15 - [MESSAGE][PASSED] - Text of object 'Object Repository/FDR-VoucherEntry/VoucherHeader/voucherTotal' is: '$0.00'

2020-09-15 14:33:15 - [MESSAGE][PASSED] - Valid Vouchertotal

2020-09-15 14:33:15 - [TEST_STEP][PASSED] - Start tear down : tearDownTestCase: Method 'tearDownTestCase' complete successfully

2020-09-15 14:33:15 - [MESSAGE][PASSED] - Method 'tearDownTestCase' complete successfully

2020-09-15 14:33:15 - [TEST_STEP][PASSED] - Start listener action : sampleAfterTestCase: null

2020-09-15 14:33:15 - [TEST_STEP][PASSED] - profileName = getExecutionProfile(): null

2020-09-15 14:33:15 - [TEST_STEP][PASSED] - switch (profileName): null

2020-09-15 14:33:15 - [TEST_STEP][PASSED] - case "superUser":: null

2020-09-15 14:33:15 - [TEST_STEP][PASSED] - return null: null

2020-09-15 14:33:15 - [TEST_STEP][PASSED] - Start listener action : afterTestCase: null

2020-09-15 14:33:15 - [TEST_STEP][PASSED] - profileName = getExecutionProfile(): null

2020-09-15 14:33:15 - [TEST_STEP][PASSED] - if (profileName.equalsIgnoreCase("SysAdmin")): null

2020-09-15 14:33:15 - [TEST_STEP][PASSED] - Start listener action : sampleAfterTestCase: null

2020-09-15 14:33:15 - [TEST_STEP][PASSED] - profileName = getExecutionProfile(): null

2020-09-15 14:33:15 - [TEST_STEP][PASSED] - switch (profileName): null

2020-09-15 14:33:15 - [TEST_STEP][PASSED] - case "Voucher":: null

2020-09-15 14:33:15 - [TEST_STEP][PASSED] - Uifunctions.logoutFDR(): Browser is closed

2020-09-15 14:33:15 - [MESSAGE][PASSED] - Browser is closed

2020-09-15 14:33:15 - [TEST_STEP][PASSED] - break: null

2020-09-15 14:33:15 - [TEST_STEP][PASSED] - Start listener action : addFailedTCToList: null]]></system-out>
         <system-err><![CDATA[]]></system-err>
      </testcase>
      <testcase name="Test Cases/WEB-UI-TESTS/Voucher/FDR-Verify-Search-Functionality" time="72.073" classname="Test Cases/WEB-UI-TESTS/Voucher/FDR-Verify-Search-Functionality" status="PASSED">
         <system-out><![CDATA[2020-09-15 14:33:15 - [TEST_CASE][PASSED] - Test Cases/WEB-UI-TESTS/Voucher/FDR-Verify-Search-Functionality: Test Cases/WEB-UI-TESTS/Voucher/FDR-Verify-Search-Functionality

2020-09-15 14:33:15 - [TEST_STEP][PASSED] - Start listener action : sampleBeforeTestCase: null

2020-09-15 14:33:15 - [TEST_STEP][PASSED] - profileName = getExecutionProfile(): null

2020-09-15 14:33:15 - [TEST_STEP][PASSED] - switch (profileName): null

2020-09-15 14:33:15 - [TEST_STEP][PASSED] - case "superUser":: null

2020-09-15 14:33:15 - [TEST_STEP][PASSED] - return null: null

2020-09-15 14:33:15 - [TEST_STEP][PASSED] - Start listener action : beforeTestCase: null

2020-09-15 14:33:15 - [TEST_STEP][PASSED] - profileName = getExecutionProfile(): null

2020-09-15 14:33:15 - [TEST_STEP][PASSED] - if (profileName.equalsIgnoreCase("SysAdmin")): null

2020-09-15 14:33:15 - [TEST_STEP][PASSED] - Start listener action : sampleBeforeTestCase: Navigate to 'https://fdr-katalon.cammis-mod-dev.dhcs.ca.gov' successfully

2020-09-15 14:33:15 - [TEST_STEP][PASSED] - profileName = getExecutionProfile(): null

2020-09-15 14:33:15 - [TEST_STEP][PASSED] - testCaseId = testCaseContext.getTestCaseId(): null

2020-09-15 14:33:15 - [TEST_STEP][PASSED] - switch (profileName): null

2020-09-15 14:33:15 - [TEST_STEP][PASSED] - case "Voucher":: null

2020-09-15 14:33:15 - [TEST_STEP][PASSED] - Uifunctions.loginFDR(accountsApproverAcc2, accountsApproverAcc2Pwd): Object: 'Object Repository/FDR-SignIn/SignInButton' is clicked on

2020-09-15 14:33:15 - [MESSAGE][INFO] - Starting 'Chrome' driver

2020-09-15 14:33:15 - [MESSAGE][INFO] - Action delay is set to 0 milliseconds

2020-09-15 14:33:18 - [MESSAGE][PASSED] - Browser is opened with url: ''

2020-09-15 14:33:20 - [MESSAGE][PASSED] - Current window maximized

2020-09-15 14:33:22 - [MESSAGE][PASSED] - Navigate to 'https://fdr-katalon.cammis-mod-dev.dhcs.ca.gov' successfully

2020-09-15 14:33:23 - [MESSAGE][PASSED] - Object 'Object Repository/FDR-SignIn/SignInEmail' is present

2020-09-15 14:33:23 - [MESSAGE][PASSED] - Object: 'Object Repository/FDR-SignIn/SignInEmail' is clicked on

2020-09-15 14:33:24 - [MESSAGE][PASSED] - Object 'Object Repository/FDR-SignIn/SignInEmail' is present

2020-09-15 14:33:24 - [MESSAGE][PASSED] - Text 'fdr.test2@dhcs.ca.gov' is set on object 'Object Repository/FDR-SignIn/SignInEmail'

2020-09-15 14:33:24 - [MESSAGE][PASSED] - Object 'Object Repository/FDR-SignIn/SignInEmailNext' is visible

2020-09-15 14:33:25 - [MESSAGE][PASSED] - Object: 'Object Repository/FDR-SignIn/SignInEmailNext' is clicked on

2020-09-15 14:33:28 - [MESSAGE][PASSED] - Object 'Object Repository/FDR-SignIn/SignInEmailPassword' is visible

2020-09-15 14:33:28 - [MESSAGE][PASSED] - Object: 'Object Repository/FDR-SignIn/SignInEmailPassword' is clicked on

2020-09-15 14:33:28 - [MESSAGE][PASSED] - Text ****** has been set on object 'Object Repository/FDR-SignIn/SignInEmailPassword'

2020-09-15 14:33:30 - [MESSAGE][PASSED] - Object: 'Object Repository/FDR-SignIn/SignInButton' is clicked on

2020-09-15 14:33:30 - [TEST_STEP][PASSED] - break: null

2020-09-15 14:33:30 - [TEST_STEP][PASSED] - navigateToUrl(URL): Navigate to 'https://fdr-katalon.cammis-mod-dev.dhcs.ca.gov' successfully

2020-09-15 14:33:30 - [MESSAGE][PASSED] - Navigate to 'https://fdr-katalon.cammis-mod-dev.dhcs.ca.gov' successfully

2020-09-15 14:33:30 - [TEST_STEP][PASSED] - Start listener action : executeRows: null

2020-09-15 14:33:30 - [TEST_STEP][PASSED] - Start setup action : setupTestCase: Method 'setupTestCase' complete successfully

2020-09-15 14:33:30 - [MESSAGE][PASSED] - Method 'setupTestCase' complete successfully

2020-09-15 14:33:30 - [TEST_STEP][PASSED] - waitTime = 3: null

2020-09-15 14:33:30 - [TEST_STEP][PASSED] - softAssertion = new org.testng.asserts.SoftAssert(): null

2020-09-15 14:33:30 - [TEST_STEP][PASSED] - waitForElementPresent(findTestObject("FDR-Dashboard/createNewVoucherButton"), waitTime): Object 'Object Repository/FDR-Dashboard/createNewVoucherButton' is present

2020-09-15 14:33:32 - [MESSAGE][PASSED] - Object 'Object Repository/FDR-Dashboard/createNewVoucherButton' is present

2020-09-15 14:33:32 - [TEST_STEP][PASSED] - click(findTestObject("FDR-Dashboard/Search/searchInputField")): Object: 'Object Repository/FDR-Dashboard/Search/searchInputField' is clicked on

2020-09-15 14:33:33 - [MESSAGE][PASSED] - Object: 'Object Repository/FDR-Dashboard/Search/searchInputField' is clicked on

2020-09-15 14:33:33 - [TEST_STEP][PASSED] - setText(findTestObject("FDR-Dashboard/Search/searchInputField"), "Entry"): Text 'Entry' is set on object 'Object Repository/FDR-Dashboard/Search/searchInputField'

2020-09-15 14:33:34 - [MESSAGE][PASSED] - Text 'Entry' is set on object 'Object Repository/FDR-Dashboard/Search/searchInputField'

2020-09-15 14:33:34 - [TEST_STEP][PASSED] - waitForElementClickable(findTestObject("FDR-VoucherEntry/VoucherHeader/reviewButton"), 2): Web element with id: 'Object Repository/FDR-VoucherEntry/VoucherHeader/reviewButton' located by '//*[@data-id='action-button']//*[contains(text(),'Review')]' not found

2020-09-15 14:33:37 - [MESSAGE][INFO] - Unable to find the element located by 'By.xpath: //*[@data-id='action-button']//*[contains(text(),'Review')]'. Please recheck the objects properties to make sure the desired element is located. 

2020-09-15 14:33:37 - [MESSAGE][WARNING] - Web element with id: 'Object Repository/FDR-VoucherEntry/VoucherHeader/reviewButton' located by '//*[@data-id='action-button']//*[contains(text(),'Review')]' not found

2020-09-15 14:33:37 - [TEST_STEP][PASSED] - validate = validators.validateDashboardFilterValidation("Resume"): null

2020-09-15 14:33:37 - [TEST_STEP][PASSED] - softAssertion.assertTrue(validate, "Entry state validation failed"): null

2020-09-15 14:33:37 - [TEST_STEP][PASSED] - Uifunctions.clearElementText(findTestObject("FDR-Dashboard/Search/searchInputField")): Execute JavaScript 'arguments[0].value='';' successfully

2020-09-15 14:33:37 - [MESSAGE][PASSED] - Execute JavaScript 'arguments[0].value='';' successfully

2020-09-15 14:33:37 - [TEST_STEP][PASSED] - setText(findTestObject("FDR-Dashboard/Search/searchInputField"), "Validation"): Text 'Validation' is set on object 'Object Repository/FDR-Dashboard/Search/searchInputField'

2020-09-15 14:33:38 - [MESSAGE][PASSED] - Text 'Validation' is set on object 'Object Repository/FDR-Dashboard/Search/searchInputField'

2020-09-15 14:33:38 - [TEST_STEP][PASSED] - waitForElementClickable(findTestObject("FDR-VoucherEntry/VoucherHeader/reviewButton"), 2): Web element with id: 'Object Repository/FDR-VoucherEntry/VoucherHeader/reviewButton' located by '//*[@data-id='action-button']//*[contains(text(),'Review')]' not found

2020-09-15 14:33:41 - [MESSAGE][INFO] - Unable to find the element located by 'By.xpath: //*[@data-id='action-button']//*[contains(text(),'Review')]'. Please recheck the objects properties to make sure the desired element is located. 

2020-09-15 14:33:41 - [MESSAGE][WARNING] - Web element with id: 'Object Repository/FDR-VoucherEntry/VoucherHeader/reviewButton' located by '//*[@data-id='action-button']//*[contains(text(),'Review')]' not found

2020-09-15 14:33:41 - [TEST_STEP][PASSED] - validate = validators.validateDashboardFilterValidation("Validate"): null

2020-09-15 14:33:41 - [TEST_STEP][PASSED] - softAssertion.assertTrue(validate, "Validate state validation failed"): null

2020-09-15 14:33:41 - [TEST_STEP][PASSED] - Uifunctions.clearElementText(findTestObject("FDR-Dashboard/Search/searchInputField")): Execute JavaScript 'arguments[0].value='';' successfully

2020-09-15 14:33:42 - [MESSAGE][PASSED] - Execute JavaScript 'arguments[0].value='';' successfully

2020-09-15 14:33:42 - [TEST_STEP][PASSED] - waitForElementPresent(findTestObject("FDR-Dashboard/Search/searchInputField"), 2): Object 'Object Repository/FDR-Dashboard/Search/searchInputField' is present

2020-09-15 14:33:42 - [MESSAGE][PASSED] - Object 'Object Repository/FDR-Dashboard/Search/searchInputField' is present

2020-09-15 14:33:42 - [TEST_STEP][PASSED] - setText(findTestObject("FDR-Dashboard/Search/searchInputField"), "Revision"): Text 'Revision' is set on object 'Object Repository/FDR-Dashboard/Search/searchInputField'

2020-09-15 14:33:42 - [MESSAGE][PASSED] - Text 'Revision' is set on object 'Object Repository/FDR-Dashboard/Search/searchInputField'

2020-09-15 14:33:42 - [TEST_STEP][PASSED] - waitForElementClickable(findTestObject("FDR-VoucherEntry/VoucherHeader/reviewButton"), 2): Web element with id: 'Object Repository/FDR-VoucherEntry/VoucherHeader/reviewButton' located by '//*[@data-id='action-button']//*[contains(text(),'Review')]' not found

2020-09-15 14:33:45 - [MESSAGE][INFO] - Unable to find the element located by 'By.xpath: //*[@data-id='action-button']//*[contains(text(),'Review')]'. Please recheck the objects properties to make sure the desired element is located. 

2020-09-15 14:33:45 - [MESSAGE][WARNING] - Web element with id: 'Object Repository/FDR-VoucherEntry/VoucherHeader/reviewButton' located by '//*[@data-id='action-button']//*[contains(text(),'Review')]' not found

2020-09-15 14:33:45 - [TEST_STEP][PASSED] - validate = validators.validateDashboardFilterValidation("Fix"): null

2020-09-15 14:33:46 - [TEST_STEP][PASSED] - softAssertion.assertTrue(validate, "Fix State validation failed"): null

2020-09-15 14:33:46 - [TEST_STEP][PASSED] - Uifunctions.clearElementText(findTestObject("FDR-Dashboard/Search/searchInputField")): Execute JavaScript 'arguments[0].value='';' successfully

2020-09-15 14:33:46 - [MESSAGE][PASSED] - Execute JavaScript 'arguments[0].value='';' successfully

2020-09-15 14:33:46 - [TEST_STEP][PASSED] - waitForElementPresent(findTestObject("FDR-Dashboard/Search/searchInputField"), 2): Object 'Object Repository/FDR-Dashboard/Search/searchInputField' is present

2020-09-15 14:33:46 - [MESSAGE][PASSED] - Object 'Object Repository/FDR-Dashboard/Search/searchInputField' is present

2020-09-15 14:33:46 - [TEST_STEP][PASSED] - waitForElementClickable(findTestObject("FDR-VoucherEntry/VoucherHeader/reviewButton"), 2): Web element with id: 'Object Repository/FDR-VoucherEntry/VoucherHeader/reviewButton' located by '//*[@data-id='action-button']//*[contains(text(),'Review')]' not found

2020-09-15 14:33:49 - [MESSAGE][INFO] - Unable to find the element located by 'By.xpath: //*[@data-id='action-button']//*[contains(text(),'Review')]'. Please recheck the objects properties to make sure the desired element is located. 

2020-09-15 14:33:49 - [MESSAGE][WARNING] - Web element with id: 'Object Repository/FDR-VoucherEntry/VoucherHeader/reviewButton' located by '//*[@data-id='action-button']//*[contains(text(),'Review')]' not found

2020-09-15 14:33:49 - [TEST_STEP][PASSED] - setText(findTestObject("FDR-Dashboard/Search/searchInputField"), "Printing"): Text 'Printing' is set on object 'Object Repository/FDR-Dashboard/Search/searchInputField'

2020-09-15 14:33:50 - [MESSAGE][PASSED] - Text 'Printing' is set on object 'Object Repository/FDR-Dashboard/Search/searchInputField'

2020-09-15 14:33:50 - [TEST_STEP][PASSED] - waitForElementClickable(findTestObject("FDR-VoucherEntry/VoucherHeader/reviewButton"), 2): Web element with id: 'Object Repository/FDR-VoucherEntry/VoucherHeader/reviewButton' located by '//*[@data-id='action-button']//*[contains(text(),'Review')]' not found

2020-09-15 14:33:53 - [MESSAGE][INFO] - Unable to find the element located by 'By.xpath: //*[@data-id='action-button']//*[contains(text(),'Review')]'. Please recheck the objects properties to make sure the desired element is located. 

2020-09-15 14:33:53 - [MESSAGE][WARNING] - Web element with id: 'Object Repository/FDR-VoucherEntry/VoucherHeader/reviewButton' located by '//*[@data-id='action-button']//*[contains(text(),'Review')]' not found

2020-09-15 14:33:53 - [TEST_STEP][PASSED] - validate = validators.validateDashboardFilterValidation("Print"): null

2020-09-15 14:33:53 - [TEST_STEP][PASSED] - softAssertion.assertTrue(validate, "Print State validation failed"): null

2020-09-15 14:33:53 - [TEST_STEP][PASSED] - Uifunctions.clearElementText(findTestObject("FDR-Dashboard/Search/searchInputField")): Execute JavaScript 'arguments[0].value='';' successfully

2020-09-15 14:33:54 - [MESSAGE][PASSED] - Execute JavaScript 'arguments[0].value='';' successfully

2020-09-15 14:33:54 - [TEST_STEP][PASSED] - waitForElementPresent(findTestObject("FDR-Dashboard/Search/searchInputField"), 2): Object 'Object Repository/FDR-Dashboard/Search/searchInputField' is present

2020-09-15 14:33:54 - [MESSAGE][PASSED] - Object 'Object Repository/FDR-Dashboard/Search/searchInputField' is present

2020-09-15 14:33:54 - [TEST_STEP][PASSED] - setText(findTestObject("FDR-Dashboard/Search/searchInputField"), "Print Validation"): Text 'Print Validation' is set on object 'Object Repository/FDR-Dashboard/Search/searchInputField'

2020-09-15 14:33:54 - [MESSAGE][PASSED] - Text 'Print Validation' is set on object 'Object Repository/FDR-Dashboard/Search/searchInputField'

2020-09-15 14:33:54 - [TEST_STEP][PASSED] - waitForElementClickable(findTestObject("FDR-VoucherEntry/VoucherHeader/reviewButton"), 2): Web element with id: 'Object Repository/FDR-VoucherEntry/VoucherHeader/reviewButton' located by '//*[@data-id='action-button']//*[contains(text(),'Review')]' not found

2020-09-15 14:33:58 - [MESSAGE][INFO] - Unable to find the element located by 'By.xpath: //*[@data-id='action-button']//*[contains(text(),'Review')]'. Please recheck the objects properties to make sure the desired element is located. 

2020-09-15 14:33:58 - [MESSAGE][WARNING] - Web element with id: 'Object Repository/FDR-VoucherEntry/VoucherHeader/reviewButton' located by '//*[@data-id='action-button']//*[contains(text(),'Review')]' not found

2020-09-15 14:33:58 - [TEST_STEP][PASSED] - validate = validators.validateDashboardFilterValidation("Print", "Validate"): null

2020-09-15 14:33:58 - [TEST_STEP][PASSED] - softAssertion.assertTrue(validate, "Print , Validate State validation failed"): null

2020-09-15 14:33:58 - [TEST_STEP][PASSED] - Uifunctions.clearElementText(findTestObject("FDR-Dashboard/Search/searchInputField")): Execute JavaScript 'arguments[0].value='';' successfully

2020-09-15 14:33:58 - [MESSAGE][PASSED] - Execute JavaScript 'arguments[0].value='';' successfully

2020-09-15 14:33:58 - [TEST_STEP][PASSED] - waitForElementPresent(findTestObject("FDR-Dashboard/Search/searchInputField"), 2): Object 'Object Repository/FDR-Dashboard/Search/searchInputField' is present

2020-09-15 14:33:58 - [MESSAGE][PASSED] - Object 'Object Repository/FDR-Dashboard/Search/searchInputField' is present

2020-09-15 14:33:58 - [TEST_STEP][PASSED] - setText(findTestObject("FDR-Dashboard/Search/searchInputField"), "Print Validation revision"): Text 'Print Validation revision' is set on object 'Object Repository/FDR-Dashboard/Search/searchInputField'

2020-09-15 14:33:59 - [MESSAGE][PASSED] - Text 'Print Validation revision' is set on object 'Object Repository/FDR-Dashboard/Search/searchInputField'

2020-09-15 14:33:59 - [TEST_STEP][PASSED] - waitForElementClickable(findTestObject("FDR-VoucherEntry/VoucherHeader/reviewButton"), 2): Web element with id: 'Object Repository/FDR-VoucherEntry/VoucherHeader/reviewButton' located by '//*[@data-id='action-button']//*[contains(text(),'Review')]' not found

2020-09-15 14:34:02 - [MESSAGE][INFO] - Unable to find the element located by 'By.xpath: //*[@data-id='action-button']//*[contains(text(),'Review')]'. Please recheck the objects properties to make sure the desired element is located. 

2020-09-15 14:34:02 - [MESSAGE][WARNING] - Web element with id: 'Object Repository/FDR-VoucherEntry/VoucherHeader/reviewButton' located by '//*[@data-id='action-button']//*[contains(text(),'Review')]' not found

2020-09-15 14:34:02 - [TEST_STEP][PASSED] - validate = validators.validateDashboardFilterValidation("Print", "Validate", "Fix"): null

2020-09-15 14:34:02 - [TEST_STEP][PASSED] - softAssertion.assertTrue(validate, "Print , Validate, Fix State validation failed"): null

2020-09-15 14:34:02 - [TEST_STEP][PASSED] - Uifunctions.clearElementText(findTestObject("FDR-Dashboard/Search/searchInputField")): Execute JavaScript 'arguments[0].value='';' successfully

2020-09-15 14:34:03 - [MESSAGE][PASSED] - Execute JavaScript 'arguments[0].value='';' successfully

2020-09-15 14:34:03 - [TEST_STEP][PASSED] - waitForElementPresent(findTestObject("FDR-Dashboard/Search/searchInputField"), 2): Object 'Object Repository/FDR-Dashboard/Search/searchInputField' is present

2020-09-15 14:34:03 - [MESSAGE][PASSED] - Object 'Object Repository/FDR-Dashboard/Search/searchInputField' is present

2020-09-15 14:34:03 - [TEST_STEP][PASSED] - setText(findTestObject("FDR-Dashboard/Search/searchInputField"), "01/04"): Text '01/04' is set on object 'Object Repository/FDR-Dashboard/Search/searchInputField'

2020-09-15 14:34:03 - [MESSAGE][PASSED] - Text '01/04' is set on object 'Object Repository/FDR-Dashboard/Search/searchInputField'

2020-09-15 14:34:03 - [TEST_STEP][PASSED] - waitForElementClickable(findTestObject("FDR-VoucherEntry/VoucherHeader/reviewButton"), 2): Web element with id: 'Object Repository/FDR-VoucherEntry/VoucherHeader/reviewButton' located by '//*[@data-id='action-button']//*[contains(text(),'Review')]' not found

2020-09-15 14:34:06 - [MESSAGE][INFO] - Unable to find the element located by 'By.xpath: //*[@data-id='action-button']//*[contains(text(),'Review')]'. Please recheck the objects properties to make sure the desired element is located. 

2020-09-15 14:34:06 - [MESSAGE][WARNING] - Web element with id: 'Object Repository/FDR-VoucherEntry/VoucherHeader/reviewButton' located by '//*[@data-id='action-button']//*[contains(text(),'Review')]' not found

2020-09-15 14:34:06 - [TEST_STEP][PASSED] - validate = validators.voucherSearchValidation("01/04"): null

2020-09-15 14:34:07 - [TEST_STEP][PASSED] - softAssertion.assertTrue(validate, "PayDate validation failed"): null

2020-09-15 14:34:07 - [TEST_STEP][PASSED] - Uifunctions.clearElementText(findTestObject("FDR-Dashboard/Search/searchInputField")): Execute JavaScript 'arguments[0].value='';' successfully

2020-09-15 14:34:07 - [MESSAGE][PASSED] - Execute JavaScript 'arguments[0].value='';' successfully

2020-09-15 14:34:07 - [TEST_STEP][PASSED] - waitForElementPresent(findTestObject("FDR-Dashboard/Search/searchInputField"), 2): Object 'Object Repository/FDR-Dashboard/Search/searchInputField' is present

2020-09-15 14:34:07 - [MESSAGE][PASSED] - Object 'Object Repository/FDR-Dashboard/Search/searchInputField' is present

2020-09-15 14:34:07 - [TEST_STEP][PASSED] - setText(findTestObject("FDR-Dashboard/Search/searchInputField"), "6543"): Text '6543' is set on object 'Object Repository/FDR-Dashboard/Search/searchInputField'

2020-09-15 14:34:08 - [MESSAGE][PASSED] - Text '6543' is set on object 'Object Repository/FDR-Dashboard/Search/searchInputField'

2020-09-15 14:34:08 - [TEST_STEP][PASSED] - waitForElementClickable(findTestObject("FDR-VoucherEntry/VoucherHeader/reviewButton"), 2): Web element with id: 'Object Repository/FDR-VoucherEntry/VoucherHeader/reviewButton' located by '//*[@data-id='action-button']//*[contains(text(),'Review')]' not found

2020-09-15 14:34:11 - [MESSAGE][INFO] - Unable to find the element located by 'By.xpath: //*[@data-id='action-button']//*[contains(text(),'Review')]'. Please recheck the objects properties to make sure the desired element is located. 

2020-09-15 14:34:11 - [MESSAGE][WARNING] - Web element with id: 'Object Repository/FDR-VoucherEntry/VoucherHeader/reviewButton' located by '//*[@data-id='action-button']//*[contains(text(),'Review')]' not found

2020-09-15 14:34:11 - [TEST_STEP][PASSED] - validate = validators.voucherSearchValidation("6543"): null

2020-09-15 14:34:11 - [TEST_STEP][PASSED] - softAssertion.assertTrue(validate, "supplier Vvalidation Failed"): null

2020-09-15 14:34:11 - [TEST_STEP][PASSED] - Uifunctions.clearElementText(findTestObject("FDR-Dashboard/Search/searchInputField")): Execute JavaScript 'arguments[0].value='';' successfully

2020-09-15 14:34:11 - [MESSAGE][PASSED] - Execute JavaScript 'arguments[0].value='';' successfully

2020-09-15 14:34:11 - [TEST_STEP][PASSED] - waitForElementPresent(findTestObject("FDR-Dashboard/Search/searchInputField"), 2): Object 'Object Repository/FDR-Dashboard/Search/searchInputField' is present

2020-09-15 14:34:12 - [MESSAGE][PASSED] - Object 'Object Repository/FDR-Dashboard/Search/searchInputField' is present

2020-09-15 14:34:12 - [TEST_STEP][PASSED] - setText(findTestObject("FDR-Dashboard/Search/searchInputField"), "yoda"): Text 'yoda' is set on object 'Object Repository/FDR-Dashboard/Search/searchInputField'

2020-09-15 14:34:12 - [MESSAGE][PASSED] - Text 'yoda' is set on object 'Object Repository/FDR-Dashboard/Search/searchInputField'

2020-09-15 14:34:12 - [TEST_STEP][PASSED] - waitForElementClickable(findTestObject("FDR-VoucherEntry/VoucherHeader/reviewButton"), 2): Web element with id: 'Object Repository/FDR-VoucherEntry/VoucherHeader/reviewButton' located by '//*[@data-id='action-button']//*[contains(text(),'Review')]' not found

2020-09-15 14:34:15 - [MESSAGE][INFO] - Unable to find the element located by 'By.xpath: //*[@data-id='action-button']//*[contains(text(),'Review')]'. Please recheck the objects properties to make sure the desired element is located. 

2020-09-15 14:34:15 - [MESSAGE][WARNING] - Web element with id: 'Object Repository/FDR-VoucherEntry/VoucherHeader/reviewButton' located by '//*[@data-id='action-button']//*[contains(text(),'Review')]' not found

2020-09-15 14:34:15 - [TEST_STEP][PASSED] - validate = validators.voucherSearchValidation("4567"): null

2020-09-15 14:34:16 - [TEST_STEP][PASSED] - softAssertion.assertTrue(validate, "supplier Vvalidation Failed"): null

2020-09-15 14:34:16 - [TEST_STEP][PASSED] - Uifunctions.clearElementText(findTestObject("FDR-Dashboard/Search/searchInputField")): Execute JavaScript 'arguments[0].value='';' successfully

2020-09-15 14:34:16 - [MESSAGE][PASSED] - Execute JavaScript 'arguments[0].value='';' successfully

2020-09-15 14:34:16 - [TEST_STEP][PASSED] - waitForElementPresent(findTestObject("FDR-Dashboard/Search/searchInputField"), 2): Object 'Object Repository/FDR-Dashboard/Search/searchInputField' is present

2020-09-15 14:34:16 - [MESSAGE][PASSED] - Object 'Object Repository/FDR-Dashboard/Search/searchInputField' is present

2020-09-15 14:34:16 - [TEST_STEP][PASSED] - setText(findTestObject("FDR-Dashboard/Search/searchInputField"), "Thor"): Text 'Thor' is set on object 'Object Repository/FDR-Dashboard/Search/searchInputField'

2020-09-15 14:34:17 - [MESSAGE][PASSED] - Text 'Thor' is set on object 'Object Repository/FDR-Dashboard/Search/searchInputField'

2020-09-15 14:34:17 - [TEST_STEP][PASSED] - waitForElementClickable(findTestObject("FDR-VoucherEntry/VoucherHeader/reviewButton"), 2): Web element with id: 'Object Repository/FDR-VoucherEntry/VoucherHeader/reviewButton' located by '//*[@data-id='action-button']//*[contains(text(),'Review')]' not found

2020-09-15 14:34:20 - [MESSAGE][INFO] - Unable to find the element located by 'By.xpath: //*[@data-id='action-button']//*[contains(text(),'Review')]'. Please recheck the objects properties to make sure the desired element is located. 

2020-09-15 14:34:20 - [MESSAGE][WARNING] - Web element with id: 'Object Repository/FDR-VoucherEntry/VoucherHeader/reviewButton' located by '//*[@data-id='action-button']//*[contains(text(),'Review')]' not found

2020-09-15 14:34:20 - [TEST_STEP][PASSED] - validate = validators.voucherSearchValidation("6789"): null

2020-09-15 14:34:21 - [TEST_STEP][PASSED] - softAssertion.assertTrue(validate, "supplier validation Failed"): null

2020-09-15 14:34:21 - [TEST_STEP][PASSED] - Uifunctions.clearElementText(findTestObject("FDR-Dashboard/Search/searchInputField")): Execute JavaScript 'arguments[0].value='';' successfully

2020-09-15 14:34:21 - [MESSAGE][PASSED] - Execute JavaScript 'arguments[0].value='';' successfully

2020-09-15 14:34:21 - [TEST_STEP][PASSED] - waitForElementPresent(findTestObject("FDR-Dashboard/Search/searchInputField"), 2): Object 'Object Repository/FDR-Dashboard/Search/searchInputField' is present

2020-09-15 14:34:22 - [MESSAGE][PASSED] - Object 'Object Repository/FDR-Dashboard/Search/searchInputField' is present

2020-09-15 14:34:22 - [TEST_STEP][PASSED] - setText(findTestObject("FDR-Dashboard/Search/searchInputField"), "98735"): Text '98735' is set on object 'Object Repository/FDR-Dashboard/Search/searchInputField'

2020-09-15 14:34:22 - [MESSAGE][PASSED] - Text '98735' is set on object 'Object Repository/FDR-Dashboard/Search/searchInputField'

2020-09-15 14:34:22 - [TEST_STEP][PASSED] - waitForElementClickable(findTestObject("FDR-VoucherEntry/VoucherHeader/reviewButton"), 2): Web element with id: 'Object Repository/FDR-VoucherEntry/VoucherHeader/reviewButton' located by '//*[@data-id='action-button']//*[contains(text(),'Review')]' not found

2020-09-15 14:34:25 - [MESSAGE][INFO] - Unable to find the element located by 'By.xpath: //*[@data-id='action-button']//*[contains(text(),'Review')]'. Please recheck the objects properties to make sure the desired element is located. 

2020-09-15 14:34:25 - [MESSAGE][WARNING] - Web element with id: 'Object Repository/FDR-VoucherEntry/VoucherHeader/reviewButton' located by '//*[@data-id='action-button']//*[contains(text(),'Review')]' not found

2020-09-15 14:34:25 - [TEST_STEP][PASSED] - validate = validators.voucherSearchValidation("98735"): null

2020-09-15 14:34:27 - [TEST_STEP][PASSED] - softAssertion.assertTrue(validate, "Contract validation Failed"): null

2020-09-15 14:34:27 - [TEST_STEP][PASSED] - Start tear down : tearDownTestCase: Method 'tearDownTestCase' complete successfully

2020-09-15 14:34:27 - [MESSAGE][PASSED] - Method 'tearDownTestCase' complete successfully

2020-09-15 14:34:27 - [TEST_STEP][PASSED] - Start listener action : sampleAfterTestCase: null

2020-09-15 14:34:27 - [TEST_STEP][PASSED] - profileName = getExecutionProfile(): null

2020-09-15 14:34:27 - [TEST_STEP][PASSED] - switch (profileName): null

2020-09-15 14:34:27 - [TEST_STEP][PASSED] - case "superUser":: null

2020-09-15 14:34:27 - [TEST_STEP][PASSED] - return null: null

2020-09-15 14:34:27 - [TEST_STEP][PASSED] - Start listener action : afterTestCase: null

2020-09-15 14:34:27 - [TEST_STEP][PASSED] - profileName = getExecutionProfile(): null

2020-09-15 14:34:27 - [TEST_STEP][PASSED] - if (profileName.equalsIgnoreCase("SysAdmin")): null

2020-09-15 14:34:27 - [TEST_STEP][PASSED] - Start listener action : sampleAfterTestCase: null

2020-09-15 14:34:27 - [TEST_STEP][PASSED] - profileName = getExecutionProfile(): null

2020-09-15 14:34:27 - [TEST_STEP][PASSED] - switch (profileName): null

2020-09-15 14:34:27 - [TEST_STEP][PASSED] - case "Voucher":: null

2020-09-15 14:34:27 - [TEST_STEP][PASSED] - Uifunctions.logoutFDR(): Browser is closed

2020-09-15 14:34:27 - [MESSAGE][PASSED] - Browser is closed

2020-09-15 14:34:27 - [TEST_STEP][PASSED] - break: null

2020-09-15 14:34:27 - [TEST_STEP][PASSED] - Start listener action : addFailedTCToList: null]]></system-out>
         <system-err><![CDATA[]]></system-err>
      </testcase>
      <testcase name="Test Cases/WEB-UI-TESTS/Voucher/FDR-Delete-Voucher-Header" time="177.801" classname="Test Cases/WEB-UI-TESTS/Voucher/FDR-Delete-Voucher-Header" status="PASSED">
         <system-out><![CDATA[2020-09-15 14:34:27 - [TEST_CASE][PASSED] - Test Cases/WEB-UI-TESTS/Voucher/FDR-Delete-Voucher-Header: Test Cases/WEB-UI-TESTS/Voucher/FDR-Delete-Voucher-Header

2020-09-15 14:34:27 - [TEST_STEP][PASSED] - Start listener action : sampleBeforeTestCase: null

2020-09-15 14:34:27 - [TEST_STEP][PASSED] - profileName = getExecutionProfile(): null

2020-09-15 14:34:27 - [TEST_STEP][PASSED] - switch (profileName): null

2020-09-15 14:34:27 - [TEST_STEP][PASSED] - case "superUser":: null

2020-09-15 14:34:27 - [TEST_STEP][PASSED] - return null: null

2020-09-15 14:34:27 - [TEST_STEP][PASSED] - Start listener action : beforeTestCase: null

2020-09-15 14:34:27 - [TEST_STEP][PASSED] - profileName = getExecutionProfile(): null

2020-09-15 14:34:27 - [TEST_STEP][PASSED] - if (profileName.equalsIgnoreCase("SysAdmin")): null

2020-09-15 14:34:27 - [TEST_STEP][PASSED] - Start listener action : sampleBeforeTestCase: Navigate to 'https://fdr-katalon.cammis-mod-dev.dhcs.ca.gov' successfully

2020-09-15 14:34:27 - [TEST_STEP][PASSED] - profileName = getExecutionProfile(): null

2020-09-15 14:34:27 - [TEST_STEP][PASSED] - testCaseId = testCaseContext.getTestCaseId(): null

2020-09-15 14:34:27 - [TEST_STEP][PASSED] - switch (profileName): null

2020-09-15 14:34:27 - [TEST_STEP][PASSED] - case "Voucher":: null

2020-09-15 14:34:27 - [TEST_STEP][PASSED] - Uifunctions.loginFDR(accountsApproverAcc2, accountsApproverAcc2Pwd): Object: 'Object Repository/FDR-SignIn/SignInButton' is clicked on

2020-09-15 14:34:27 - [MESSAGE][INFO] - Starting 'Chrome' driver

2020-09-15 14:34:27 - [MESSAGE][INFO] - Action delay is set to 0 milliseconds

2020-09-15 14:34:30 - [MESSAGE][PASSED] - Browser is opened with url: ''

2020-09-15 14:34:33 - [MESSAGE][PASSED] - Current window maximized

2020-09-15 14:34:34 - [MESSAGE][PASSED] - Navigate to 'https://fdr-katalon.cammis-mod-dev.dhcs.ca.gov' successfully

2020-09-15 14:34:35 - [MESSAGE][PASSED] - Object 'Object Repository/FDR-SignIn/SignInEmail' is present

2020-09-15 14:34:36 - [MESSAGE][PASSED] - Object: 'Object Repository/FDR-SignIn/SignInEmail' is clicked on

2020-09-15 14:34:36 - [MESSAGE][PASSED] - Object 'Object Repository/FDR-SignIn/SignInEmail' is present

2020-09-15 14:34:36 - [MESSAGE][PASSED] - Text 'fdr.test2@dhcs.ca.gov' is set on object 'Object Repository/FDR-SignIn/SignInEmail'

2020-09-15 14:34:37 - [MESSAGE][PASSED] - Object 'Object Repository/FDR-SignIn/SignInEmailNext' is visible

2020-09-15 14:34:37 - [MESSAGE][PASSED] - Object: 'Object Repository/FDR-SignIn/SignInEmailNext' is clicked on

2020-09-15 14:34:40 - [MESSAGE][PASSED] - Object 'Object Repository/FDR-SignIn/SignInEmailPassword' is visible

2020-09-15 14:34:41 - [MESSAGE][PASSED] - Object: 'Object Repository/FDR-SignIn/SignInEmailPassword' is clicked on

2020-09-15 14:34:41 - [MESSAGE][PASSED] - Text ****** has been set on object 'Object Repository/FDR-SignIn/SignInEmailPassword'

2020-09-15 14:34:43 - [MESSAGE][PASSED] - Object: 'Object Repository/FDR-SignIn/SignInButton' is clicked on

2020-09-15 14:34:43 - [TEST_STEP][PASSED] - break: null

2020-09-15 14:34:43 - [TEST_STEP][PASSED] - navigateToUrl(URL): Navigate to 'https://fdr-katalon.cammis-mod-dev.dhcs.ca.gov' successfully

2020-09-15 14:34:43 - [MESSAGE][PASSED] - Navigate to 'https://fdr-katalon.cammis-mod-dev.dhcs.ca.gov' successfully

2020-09-15 14:34:43 - [TEST_STEP][PASSED] - Start listener action : executeRows: null

2020-09-15 14:34:43 - [TEST_STEP][PASSED] - Start setup action : setupTestCase: Method 'setupTestCase' complete successfully

2020-09-15 14:34:43 - [MESSAGE][PASSED] - Method 'setupTestCase' complete successfully

2020-09-15 14:34:44 - [TEST_STEP][PASSED] - callTestCase(findTestCase("WEB-UI-TESTS/Voucher/FDR-Create-Simple-Voucher"), ["drawDate":drawDate, "payDate":payDate, "programType":programType, "invoiceType":invoiceType, "fundCode":fundCode, "supplier":supplier, ... ], STOP_ON_FAILURE): Call Test Case 'Test Cases/WEB-UI-TESTS/Voucher/FDR-Create-Simple-Voucher' successfully

2020-09-15 14:34:44 - [TEST_CASE][PASSED] - Test Cases/WEB-UI-TESTS/Voucher/FDR-Create-Simple-Voucher: Test Cases/WEB-UI-TESTS/Voucher/FDR-Create-Simple-Voucher

2020-09-15 14:34:44 - [TEST_STEP][PASSED] - voucherHeaderData = ["drawDate":drawDate, "payDate":payDate, "programType":programType, "invoiceType":invoiceType, "fundCode":fundCode, "supplier":supplier, ... ]: null

2020-09-15 14:34:44 - [TEST_STEP][PASSED] - Uifunctions.createVoucherHeader(voucherHeaderData): Object 'Object Repository/FDR-VoucherEntry/VoucherHeader/reviewButton' is present

2020-09-15 14:34:46 - [MESSAGE][PASSED] - Object 'Object Repository/FDR-Dashboard/createNewVoucherButton' is present

2020-09-15 14:34:46 - [MESSAGE][PASSED] - Object: 'Object Repository/FDR-Dashboard/createNewVoucherButton' is clicked on

2020-09-15 14:34:50 - [MESSAGE][INFO] - Unable to find the element located by 'By.xpath: //*[@data-id='action-button']//*[contains(text(),'Review')]'. Please recheck the objects properties to make sure the desired element is located. 

2020-09-15 14:34:50 - [MESSAGE][WARNING] - Object 'Object Repository/FDR-VoucherEntry/VoucherHeader/reviewButton' is not present after 3 second(s)

2020-09-15 14:34:51 - [MESSAGE][PASSED] - Object: 'Object Repository/FDR-VoucherEntry/Voucher/drawDate' is clicked on

2020-09-15 14:34:53 - [MESSAGE][INFO] - Unable to find the element located by 'By.xpath: //*[@data-id='button-link']//*[contains(text(),'Create New Voucher')]'. Please recheck the objects properties to make sure the desired element is located. 

2020-09-15 14:34:53 - [MESSAGE][WARNING] - Object 'Object Repository/FDR-Dashboard/createNewVoucherButton' is not present after 1 second(s)

2020-09-15 14:34:54 - [MESSAGE][PASSED] - Text '10/05/2020' is set on object 'Object Repository/FDR-VoucherEntry/Voucher/drawDate'

2020-09-15 14:34:58 - [MESSAGE][INFO] - Unable to find the element located by 'By.xpath: //*[@data-id='button-link']//*[contains(text(),'Create New Voucher')]'. Please recheck the objects properties to make sure the desired element is located. 

2020-09-15 14:34:58 - [MESSAGE][WARNING] - Object 'Object Repository/FDR-Dashboard/createNewVoucherButton' is not present after 3 second(s)

2020-09-15 14:34:58 - [MESSAGE][PASSED] - Object: 'Object Repository/FDR-VoucherEntry/Voucher/programType' is clicked on

2020-09-15 14:35:01 - [MESSAGE][INFO] - Unable to find the element located by 'By.xpath: //*[@data-id='button-link']//*[contains(text(),'Create New Voucher')]'. Please recheck the objects properties to make sure the desired element is located. 

2020-09-15 14:35:01 - [MESSAGE][WARNING] - Object 'Object Repository/FDR-Dashboard/createNewVoucherButton' is not present after 2 second(s)

2020-09-15 14:35:02 - [MESSAGE][PASSED] - Keys 'Medical Assistance (MA)' sent to object: 'Object Repository/FDR-VoucherEntry/Voucher/programType'

2020-09-15 14:35:02 - [MESSAGE][PASSED] - Object 'Object Repository/FDR-VoucherEntry/Voucher/programType' is present

2020-09-15 14:35:02 - [MESSAGE][PASSED] - Keys 'DOWN + ENTER + ' sent to object: 'Object Repository/FDR-VoucherEntry/Voucher/programType'

2020-09-15 14:35:03 - [MESSAGE][PASSED] - Object: 'Object Repository/FDR-VoucherEntry/Voucher/invoiceType' is clicked on

2020-09-15 14:35:03 - [MESSAGE][PASSED] - Object 'Object Repository/FDR-VoucherEntry/Voucher/invoiceType' is present

2020-09-15 14:35:04 - [MESSAGE][PASSED] - Keys 'CAP' sent to object: 'Object Repository/FDR-VoucherEntry/Voucher/invoiceType'

2020-09-15 14:35:04 - [MESSAGE][PASSED] - Keys 'DOWN + ENTER + ' sent to object: 'Object Repository/FDR-VoucherEntry/Voucher/invoiceType'

2020-09-15 14:35:05 - [MESSAGE][PASSED] - Object: 'Object Repository/FDR-VoucherEntry/Voucher/fundCode' is clicked on

2020-09-15 14:35:05 - [MESSAGE][PASSED] - Keys 'Health Care Deposit Fund (0912)' sent to object: 'Object Repository/FDR-VoucherEntry/Voucher/fundCode'

2020-09-15 14:35:06 - [MESSAGE][PASSED] - Object 'Object Repository/FDR-VoucherEntry/Voucher/fundCode' is present

2020-09-15 14:35:06 - [MESSAGE][PASSED] - Keys 'DOWN + ENTER + ' sent to object: 'Object Repository/FDR-VoucherEntry/Voucher/fundCode'

2020-09-15 14:35:07 - [MESSAGE][PASSED] - Object: 'Object Repository/FDR-VoucherEntry/Voucher/supplierID' is clicked on

2020-09-15 14:35:07 - [MESSAGE][PASSED] - Keys '0000007954' sent to object: 'Object Repository/FDR-VoucherEntry/Voucher/supplierID'

2020-09-15 14:35:08 - [MESSAGE][PASSED] - Object 'Object Repository/FDR-VoucherEntry/Voucher/supplierID' is present

2020-09-15 14:35:08 - [MESSAGE][PASSED] - Keys 'DOWN + ENTER + ' sent to object: 'Object Repository/FDR-VoucherEntry/Voucher/supplierID'

2020-09-15 14:35:09 - [MESSAGE][PASSED] - Object: 'Object Repository/FDR-VoucherEntry/Voucher/seqNum' is clicked on

2020-09-15 14:35:09 - [MESSAGE][PASSED] - Object 'Object Repository/FDR-VoucherEntry/Voucher/seqNum' is present

2020-09-15 14:35:10 - [MESSAGE][PASSED] - Keys 'DOWN + ENTER + ' sent to object: 'Object Repository/FDR-VoucherEntry/Voucher/seqNum'

2020-09-15 14:35:10 - [MESSAGE][PASSED] - Object: 'Object Repository/FDR-VoucherEntry/Voucher/contractNum' is clicked on

2020-09-15 14:35:11 - [MESSAGE][PASSED] - Keys '07-65707' sent to object: 'Object Repository/FDR-VoucherEntry/Voucher/contractNum'

2020-09-15 14:35:11 - [MESSAGE][PASSED] - Object 'Object Repository/FDR-VoucherEntry/Voucher/contractNum' is present

2020-09-15 14:35:11 - [MESSAGE][PASSED] - Keys 'DOWN + ENTER + ' sent to object: 'Object Repository/FDR-VoucherEntry/Voucher/contractNum'

2020-09-15 14:35:14 - [MESSAGE][PASSED] - Text 'This message will print on the Remittance Advice' is set on object 'Object Repository/FDR-VoucherEntry/Voucher/vendorMessage'

2020-09-15 14:35:14 - [MESSAGE][PASSED] - Object: 'Object Repository/FDR-VoucherEntry/Voucher/primaryContact' is clicked on

2020-09-15 14:35:15 - [MESSAGE][PASSED] - Keys 'Aung Lin' sent to object: 'Object Repository/FDR-VoucherEntry/Voucher/primaryContact'

2020-09-15 14:35:15 - [MESSAGE][PASSED] - Object 'Object Repository/FDR-VoucherEntry/Voucher/primaryContact' is present

2020-09-15 14:35:16 - [MESSAGE][PASSED] - Keys 'DOWN + ENTER + ' sent to object: 'Object Repository/FDR-VoucherEntry/Voucher/primaryContact'

2020-09-15 14:35:16 - [MESSAGE][PASSED] - Object: 'Object Repository/FDR-VoucherEntry/Voucher/secondaryContact' is clicked on

2020-09-15 14:35:17 - [MESSAGE][PASSED] - Keys 'Vivian Ly' sent to object: 'Object Repository/FDR-VoucherEntry/Voucher/secondaryContact'

2020-09-15 14:35:17 - [MESSAGE][PASSED] - Object 'Object Repository/FDR-VoucherEntry/Voucher/secondaryContact' is present

2020-09-15 14:35:17 - [MESSAGE][PASSED] - Object 'Object Repository/FDR-VoucherEntry/Voucher/secondaryContact' is present

2020-09-15 14:35:18 - [MESSAGE][PASSED] - Keys 'DOWN + ENTER + ' sent to object: 'Object Repository/FDR-VoucherEntry/Voucher/secondaryContact'

2020-09-15 14:35:18 - [MESSAGE][PASSED] - Object: 'Object Repository/FDR-VoucherEntry/Voucher/buttonNext' is clicked on

2020-09-15 14:35:21 - [MESSAGE][PASSED] - Delayed 3 second(s)

2020-09-15 14:35:22 - [MESSAGE][PASSED] - Object 'Object Repository/FDR-VoucherEntry/VoucherHeader/reviewButton' is present

2020-09-15 14:35:22 - [TEST_STEP][PASSED] - waitForElementPresent(findTestObject("FDR-Dashboard/createNewVoucherButton"), 4): Object 'Object Repository/FDR-Dashboard/createNewVoucherButton' is not present after 4 second(s)

2020-09-15 14:35:27 - [MESSAGE][INFO] - Unable to find the element located by 'By.xpath: //*[@data-id='button-link']//*[contains(text(),'Create New Voucher')]'. Please recheck the objects properties to make sure the desired element is located. 

2020-09-15 14:35:27 - [MESSAGE][WARNING] - Object 'Object Repository/FDR-Dashboard/createNewVoucherButton' is not present after 4 second(s)

2020-09-15 14:35:27 - [TEST_STEP][PASSED] - Uifunctions.createInvoiceLine(1): Object 'Object Repository/FDR-VoucherEntry/VoucherHeader/reviewButton' is present

2020-09-15 14:35:27 - [MESSAGE][PASSED] - Object 'Object Repository/FDR-VoucherEntry/VoucherHeader/reviewButton' is present

2020-09-15 14:35:30 - [MESSAGE][INFO] - Unable to find the element located by 'By.xpath: //*[contains(text(),'Add voucher')]//parent::button'. Please recheck the objects properties to make sure the desired element is located. 

2020-09-15 14:35:30 - [MESSAGE][WARNING] - Object 'Object Repository/FDR-VoucherEntry/InvoiceLine/addVoucherButton' is not present after 2 second(s)

2020-09-15 14:35:31 - [MESSAGE][PASSED] - Object 'Object Repository/FDR-VoucherEntry/InvoiceLine/invoice' is clickable

2020-09-15 14:35:31 - [MESSAGE][PASSED] - Object: 'Object Repository/FDR-VoucherEntry/InvoiceLine/invoice' is clicked on

2020-09-15 14:35:31 - [MESSAGE][PASSED] - Text '6470' is set on object 'Object Repository/FDR-VoucherEntry/InvoiceLine/invoice'

2020-09-15 14:35:32 - [MESSAGE][PASSED] - Object: 'Object Repository/FDR-VoucherEntry/InvoiceLine/invoiceDate' is clicked on

2020-09-15 14:35:32 - [MESSAGE][PASSED] - Object 'Object Repository/FDR-VoucherEntry/InvoiceLine/invoiceDate' is present

2020-09-15 14:35:33 - [MESSAGE][PASSED] - Text '09/15/2020' is set on object 'Object Repository/FDR-VoucherEntry/InvoiceLine/invoiceDate'

2020-09-15 14:35:34 - [MESSAGE][PASSED] - Object: 'Object Repository/FDR-VoucherEntry/InvoiceLine/originalWarrantDate' is clicked on

2020-09-15 14:35:34 - [MESSAGE][PASSED] - Text '09/16/2020' is set on object 'Object Repository/FDR-VoucherEntry/InvoiceLine/originalWarrantDate'

2020-09-15 14:35:35 - [MESSAGE][PASSED] - Object 'Object Repository/FDR-VoucherEntry/InvoiceLine/addInvoiceLineButton' is present

2020-09-15 14:35:35 - [MESSAGE][PASSED] - Object: 'Object Repository/FDR-VoucherEntry/InvoiceLine/addInvoiceLineButtonIndex2' is clicked on

2020-09-15 14:35:36 - [MESSAGE][PASSED] - Object 'Object Repository/FDR-VoucherEntry/VoucherHeader/reviewButton' is present

2020-09-15 14:35:36 - [TEST_STEP][PASSED] - waitForElementClickable(findTestObject("FDR-VoucherEntry/InvoiceLine/invoiceLineExpandButton"), 5): Object 'Object Repository/FDR-VoucherEntry/InvoiceLine/invoiceLineExpandButton' is clickable

2020-09-15 14:35:36 - [MESSAGE][PASSED] - Object 'Object Repository/FDR-VoucherEntry/InvoiceLine/invoiceLineExpandButton' is clickable

2020-09-15 14:35:36 - [TEST_STEP][PASSED] - click(findTestObject("FDR-VoucherEntry/InvoiceLine/invoiceLineExpandButton")): Object: 'Object Repository/FDR-VoucherEntry/InvoiceLine/invoiceLineExpandButton' is clicked on

2020-09-15 14:35:36 - [MESSAGE][PASSED] - Object: 'Object Repository/FDR-VoucherEntry/InvoiceLine/invoiceLineExpandButton' is clicked on

2020-09-15 14:35:36 - [TEST_STEP][PASSED] - waitForElementPresent(findTestObject("FDR-Dashboard/createNewVoucherButton"), 4): Object 'Object Repository/FDR-Dashboard/createNewVoucherButton' is not present after 4 second(s)

2020-09-15 14:35:41 - [MESSAGE][INFO] - Unable to find the element located by 'By.xpath: //*[@data-id='button-link']//*[contains(text(),'Create New Voucher')]'. Please recheck the objects properties to make sure the desired element is located. 

2020-09-15 14:35:41 - [MESSAGE][WARNING] - Object 'Object Repository/FDR-Dashboard/createNewVoucherButton' is not present after 4 second(s)

2020-09-15 14:35:41 - [TEST_STEP][PASSED] - click(findTestObject("FDR-VoucherEntry/InvoiceLine/invoiceAddlineButton")): Object: 'Object Repository/FDR-VoucherEntry/InvoiceLine/invoiceAddlineButton' is clicked on

2020-09-15 14:35:42 - [MESSAGE][PASSED] - Object: 'Object Repository/FDR-VoucherEntry/InvoiceLine/invoiceAddlineButton' is clicked on

2020-09-15 14:35:42 - [TEST_STEP][PASSED] - Uifunctions.createDistributionLines(1, "Voucher/FDR-DL"): Object: 'Object Repository/FDR-VoucherEntry/DistributionLine/addSaveButton' is clicked on

2020-09-15 14:35:46 - [MESSAGE][INFO] - Unable to find the element located by 'By.xpath: //*[@data-id='button-link']//*[contains(text(),'Create New Voucher')]'. Please recheck the objects properties to make sure the desired element is located. 

2020-09-15 14:35:46 - [MESSAGE][WARNING] - Object 'Object Repository/FDR-Dashboard/createNewVoucherButton' is not present after 3 second(s)

2020-09-15 14:35:49 - [MESSAGE][INFO] - Unable to find the element located by 'By.xpath: //*[@data-id='button-link']//*[contains(text(),'Create New Voucher')]'. Please recheck the objects properties to make sure the desired element is located. 

2020-09-15 14:35:49 - [MESSAGE][WARNING] - Object 'Object Repository/FDR-Dashboard/createNewVoucherButton' is not present after 2 second(s)

2020-09-15 14:35:49 - [MESSAGE][PASSED] - Object 'Object Repository/FDR-VoucherEntry/DistributionLine/serviceDateFrom' is clickable

2020-09-15 14:35:50 - [MESSAGE][PASSED] - Object: 'Object Repository/FDR-VoucherEntry/DistributionLine/serviceDateFrom' is clicked on

2020-09-15 14:35:50 - [MESSAGE][PASSED] - Object 'Object Repository/FDR-VoucherEntry/DistributionLine/serviceDateFrom' is present

2020-09-15 14:35:51 - [MESSAGE][PASSED] - Text '08/04/2020' is set on object 'Object Repository/FDR-VoucherEntry/DistributionLine/serviceDateFrom'

2020-09-15 14:35:52 - [MESSAGE][PASSED] - Object: 'Object Repository/FDR-VoucherEntry/DistributionLine/serviceDateTo' is clicked on

2020-09-15 14:35:52 - [MESSAGE][PASSED] - Object 'Object Repository/FDR-VoucherEntry/DistributionLine/serviceDateTo' is present

2020-09-15 14:35:53 - [MESSAGE][PASSED] - Text '08/05/2020' is set on object 'Object Repository/FDR-VoucherEntry/DistributionLine/serviceDateTo'

2020-09-15 14:35:56 - [MESSAGE][INFO] - Unable to find the element located by 'By.xpath: //*[@data-id='button-link']//*[contains(text(),'Create New Voucher')]'. Please recheck the objects properties to make sure the desired element is located. 

2020-09-15 14:35:56 - [MESSAGE][WARNING] - Object 'Object Repository/FDR-Dashboard/createNewVoucherButton' is not present after 2 second(s)

2020-09-15 14:35:56 - [MESSAGE][PASSED] - Object: 'Object Repository/FDR-VoucherEntry/DistributionLine/amount' is clicked on

2020-09-15 14:35:56 - [MESSAGE][PASSED] - Execute JavaScript 'arguments[0].value='';' successfully

2020-09-15 14:35:57 - [MESSAGE][PASSED] - Keys '100' sent to object: 'Object Repository/FDR-VoucherEntry/DistributionLine/amount'

2020-09-15 14:35:59 - [MESSAGE][INFO] - Unable to find the element located by 'By.xpath: //*[@data-id='button-link']//*[contains(text(),'Create New Voucher')]'. Please recheck the objects properties to make sure the desired element is located. 

2020-09-15 14:35:59 - [MESSAGE][WARNING] - Object 'Object Repository/FDR-Dashboard/createNewVoucherButton' is not present after 1 second(s)

2020-09-15 14:35:59 - [MESSAGE][PASSED] - Object: 'Object Repository/FDR-VoucherEntry/DistributionLine/waiverType' is clicked on

2020-09-15 14:36:02 - [MESSAGE][INFO] - Unable to find the element located by 'By.xpath: //*[@data-id='button-link']//*[contains(text(),'Create New Voucher')]'. Please recheck the objects properties to make sure the desired element is located. 

2020-09-15 14:36:02 - [MESSAGE][WARNING] - Object 'Object Repository/FDR-Dashboard/createNewVoucherButton' is not present after 1 second(s)

2020-09-15 14:36:02 - [MESSAGE][PASSED] - Keys '1115' sent to object: 'Object Repository/FDR-VoucherEntry/DistributionLine/waiverType'

2020-09-15 14:36:05 - [MESSAGE][INFO] - Unable to find the element located by 'By.xpath: //*[@data-id='button-link']//*[contains(text(),'Create New Voucher')]'. Please recheck the objects properties to make sure the desired element is located. 

2020-09-15 14:36:05 - [MESSAGE][WARNING] - Object 'Object Repository/FDR-Dashboard/createNewVoucherButton' is not present after 2 second(s)

2020-09-15 14:36:05 - [MESSAGE][PASSED] - Keys 'DOWN + ENTER + ' sent to object: 'Object Repository/FDR-VoucherEntry/DistributionLine/waiverType'

2020-09-15 14:36:06 - [MESSAGE][PASSED] - Object: 'Object Repository/FDR-VoucherEntry/DistributionLine/waiverName' is clicked on

2020-09-15 14:36:06 - [MESSAGE][PASSED] - Keys 'CBAS' sent to object: 'Object Repository/FDR-VoucherEntry/DistributionLine/waiverName'

2020-09-15 14:36:10 - [MESSAGE][INFO] - Unable to find the element located by 'By.xpath: //*[@data-id='button-link']//*[contains(text(),'Create New Voucher')]'. Please recheck the objects properties to make sure the desired element is located. 

2020-09-15 14:36:10 - [MESSAGE][WARNING] - Object 'Object Repository/FDR-Dashboard/createNewVoucherButton' is not present after 2 second(s)

2020-09-15 14:36:10 - [MESSAGE][PASSED] - Keys 'DOWN + ENTER + ' sent to object: 'Object Repository/FDR-VoucherEntry/DistributionLine/waiverName'

2020-09-15 14:36:11 - [MESSAGE][PASSED] - Object: 'Object Repository/FDR-VoucherEntry/DistributionLine/fundingSource' is clicked on

2020-09-15 14:36:11 - [MESSAGE][PASSED] - Keys 'Dental' sent to object: 'Object Repository/FDR-VoucherEntry/DistributionLine/fundingSource'

2020-09-15 14:36:14 - [MESSAGE][INFO] - Unable to find the element located by 'By.xpath: //*[@data-id='button-link']//*[contains(text(),'Create New Voucher')]'. Please recheck the objects properties to make sure the desired element is located. 

2020-09-15 14:36:14 - [MESSAGE][WARNING] - Object 'Object Repository/FDR-Dashboard/createNewVoucherButton' is not present after 2 second(s)

2020-09-15 14:36:14 - [MESSAGE][PASSED] - Keys 'DOWN + ENTER + ' sent to object: 'Object Repository/FDR-VoucherEntry/DistributionLine/fundingSource'

2020-09-15 14:36:15 - [MESSAGE][PASSED] - Object: 'Object Repository/FDR-VoucherEntry/DistributionLine/fundRatio' is clicked on

2020-09-15 14:36:16 - [MESSAGE][PASSED] - Keys '90/10' sent to object: 'Object Repository/FDR-VoucherEntry/DistributionLine/fundRatio'

2020-09-15 14:36:19 - [MESSAGE][INFO] - Unable to find the element located by 'By.xpath: //*[@data-id='button-link']//*[contains(text(),'Create New Voucher')]'. Please recheck the objects properties to make sure the desired element is located. 

2020-09-15 14:36:19 - [MESSAGE][WARNING] - Object 'Object Repository/FDR-Dashboard/createNewVoucherButton' is not present after 2 second(s)

2020-09-15 14:36:19 - [MESSAGE][PASSED] - Keys 'DOWN + ENTER + ' sent to object: 'Object Repository/FDR-VoucherEntry/DistributionLine/fundRatio'

2020-09-15 14:36:20 - [MESSAGE][PASSED] - Object: 'Object Repository/FDR-VoucherEntry/DistributionLine/nonFederalFund' is clicked on

2020-09-15 14:36:20 - [MESSAGE][PASSED] - Keys '0001' sent to object: 'Object Repository/FDR-VoucherEntry/DistributionLine/nonFederalFund'

2020-09-15 14:36:23 - [MESSAGE][INFO] - Unable to find the element located by 'By.xpath: //*[@data-id='button-link']//*[contains(text(),'Create New Voucher')]'. Please recheck the objects properties to make sure the desired element is located. 

2020-09-15 14:36:23 - [MESSAGE][WARNING] - Object 'Object Repository/FDR-Dashboard/createNewVoucherButton' is not present after 2 second(s)

2020-09-15 14:36:24 - [MESSAGE][PASSED] - Keys 'DOWN + ENTER + ' sent to object: 'Object Repository/FDR-VoucherEntry/DistributionLine/nonFederalFund'

2020-09-15 14:36:24 - [MESSAGE][PASSED] - Object: 'Object Repository/FDR-VoucherEntry/DistributionLine/account' is clicked on

2020-09-15 14:36:25 - [MESSAGE][PASSED] - Keys '5442000' sent to object: 'Object Repository/FDR-VoucherEntry/DistributionLine/account'

2020-09-15 14:36:25 - [MESSAGE][PASSED] - Keys 'DOWN + ENTER + ' sent to object: 'Object Repository/FDR-VoucherEntry/DistributionLine/account'

2020-09-15 14:36:26 - [MESSAGE][PASSED] - Object: 'Object Repository/FDR-VoucherEntry/DistributionLine/altAccount' is clicked on

2020-09-15 14:36:27 - [MESSAGE][PASSED] - Keys '5442000' sent to object: 'Object Repository/FDR-VoucherEntry/DistributionLine/altAccount'

2020-09-15 14:36:27 - [MESSAGE][PASSED] - Object 'Object Repository/FDR-VoucherEntry/DistributionLine/altAccount' is present

2020-09-15 14:36:27 - [MESSAGE][PASSED] - Keys 'DOWN + ENTER + ' sent to object: 'Object Repository/FDR-VoucherEntry/DistributionLine/altAccount'

2020-09-15 14:36:28 - [MESSAGE][PASSED] - Object: 'Object Repository/FDR-VoucherEntry/DistributionLine/serviceCategory' is clicked on

2020-09-15 14:36:31 - [MESSAGE][INFO] - Unable to find the element located by 'By.xpath: //*[@data-id='button-link']//*[contains(text(),'Create New Voucher')]'. Please recheck the objects properties to make sure the desired element is located. 

2020-09-15 14:36:31 - [MESSAGE][WARNING] - Object 'Object Repository/FDR-Dashboard/createNewVoucherButton' is not present after 2 second(s)

2020-09-15 14:36:31 - [MESSAGE][PASSED] - Keys '18B1' sent to object: 'Object Repository/FDR-VoucherEntry/DistributionLine/serviceCategory'

2020-09-15 14:36:32 - [MESSAGE][PASSED] - Keys 'DOWN + ENTER + ' sent to object: 'Object Repository/FDR-VoucherEntry/DistributionLine/serviceCategory'

2020-09-15 14:36:32 - [MESSAGE][PASSED] - Object: 'Object Repository/FDR-VoucherEntry/DistributionLine/incDecLine' is clicked on

2020-09-15 14:36:33 - [MESSAGE][PASSED] - Keys '8: Adjustments and corrections' sent to object: 'Object Repository/FDR-VoucherEntry/DistributionLine/incDecLine'

2020-09-15 14:36:33 - [MESSAGE][PASSED] - Keys 'DOWN + ENTER + ' sent to object: 'Object Repository/FDR-VoucherEntry/DistributionLine/incDecLine'

2020-09-15 14:36:35 - [MESSAGE][INFO] - Unable to find the element located by 'By.xpath: //*[@data-id='button-link']//*[contains(text(),'Create New Voucher')]'. Please recheck the objects properties to make sure the desired element is located. 

2020-09-15 14:36:35 - [MESSAGE][WARNING] - Object 'Object Repository/FDR-Dashboard/createNewVoucherButton' is not present after 1 second(s)

2020-09-15 14:36:36 - [MESSAGE][PASSED] - Object: 'Object Repository/FDR-VoucherEntry/DistributionLine/index' is clicked on

2020-09-15 14:36:36 - [MESSAGE][PASSED] - Keys '1155' sent to object: 'Object Repository/FDR-VoucherEntry/DistributionLine/index'

2020-09-15 14:36:37 - [MESSAGE][PASSED] - Keys 'DOWN + ENTER + ' sent to object: 'Object Repository/FDR-VoucherEntry/DistributionLine/index'

2020-09-15 14:36:38 - [MESSAGE][PASSED] - Object: 'Object Repository/FDR-VoucherEntry/DistributionLine/addSaveButton' is clicked on

2020-09-15 14:36:38 - [MESSAGE][PASSED] - Call Test Case 'Test Cases/WEB-UI-TESTS/Voucher/FDR-Create-Simple-Voucher' successfully

2020-09-15 14:36:38 - [TEST_STEP][PASSED] - waitForElementPresent(findTestObject("FDR-Dashboard/createNewVoucherButton"), 3): Object 'Object Repository/FDR-Dashboard/createNewVoucherButton' is not present after 3 second(s)

2020-09-15 14:36:42 - [MESSAGE][INFO] - Unable to find the element located by 'By.xpath: //*[@data-id='button-link']//*[contains(text(),'Create New Voucher')]'. Please recheck the objects properties to make sure the desired element is located. 

2020-09-15 14:36:42 - [MESSAGE][WARNING] - Object 'Object Repository/FDR-Dashboard/createNewVoucherButton' is not present after 3 second(s)

2020-09-15 14:36:42 - [TEST_STEP][PASSED] - processorVoucherNumber = getText(findTestObject("FDR-VoucherEntry/VoucherHeader/voucherNum")): Text of object 'Object Repository/FDR-VoucherEntry/VoucherHeader/voucherNum' is: 'CAP00000370'

2020-09-15 14:36:42 - [MESSAGE][PASSED] - Text of object 'Object Repository/FDR-VoucherEntry/VoucherHeader/voucherNum' is: 'CAP00000370'

2020-09-15 14:36:42 - [TEST_STEP][PASSED] - click(findTestObject("FDR-EditVoucher/voucherEditIcon")): Object: 'Object Repository/FDR-EditVoucher/voucherEditIcon' is clicked on

2020-09-15 14:36:43 - [MESSAGE][PASSED] - Object: 'Object Repository/FDR-EditVoucher/voucherEditIcon' is clicked on

2020-09-15 14:36:43 - [TEST_STEP][PASSED] - click(findTestObject("FDR-EditVoucher/voucherDelete")): Object: 'Object Repository/FDR-EditVoucher/voucherDelete' is clicked on

2020-09-15 14:36:43 - [MESSAGE][PASSED] - Object: 'Object Repository/FDR-EditVoucher/voucherDelete' is clicked on

2020-09-15 14:36:43 - [TEST_STEP][PASSED] - waitForElementPresent(findTestObject("FDR-VoucherEntry/VoucherHeader/reviewButton"), 4): Object 'Object Repository/FDR-VoucherEntry/VoucherHeader/reviewButton' is not present after 4 second(s)

2020-09-15 14:36:48 - [MESSAGE][INFO] - Unable to find the element located by 'By.xpath: //*[@data-id='action-button']//*[contains(text(),'Review')]'. Please recheck the objects properties to make sure the desired element is located. 

2020-09-15 14:36:48 - [MESSAGE][WARNING] - Object 'Object Repository/FDR-VoucherEntry/VoucherHeader/reviewButton' is not present after 4 second(s)

2020-09-15 14:36:48 - [TEST_STEP][PASSED] - click(findTestObject("FDR-EditVoucher/undoButton")): Object: 'Object Repository/FDR-EditVoucher/undoButton' is clicked on

2020-09-15 14:36:49 - [MESSAGE][PASSED] - Object: 'Object Repository/FDR-EditVoucher/undoButton' is clicked on

2020-09-15 14:36:49 - [TEST_STEP][PASSED] - waitForElementPresent(findTestObject("FDR-Dashboard/createNewVoucherButton"), 5): Object 'Object Repository/FDR-Dashboard/createNewVoucherButton' is present

2020-09-15 14:36:49 - [MESSAGE][PASSED] - Object 'Object Repository/FDR-Dashboard/createNewVoucherButton' is present

2020-09-15 14:36:49 - [TEST_STEP][PASSED] - returnVoucherNumber = Uifunctions.findVoucherWithVoucherNum(processorVoucherNumber): Text of object 'Object Repository/FDR-VoucherEntry/VoucherHeader/voucherTotal' is: '$100.00'

2020-09-15 14:36:50 - [MESSAGE][PASSED] - Navigate to 'https://fdr-katalon.cammis-mod-dev.dhcs.ca.gov/vouchers/00000370/entry' successfully

2020-09-15 14:36:56 - [MESSAGE][INFO] - Unable to find the element located by 'By.xpath: //*[@data-id='button-link']//*[contains(text(),'Create New Voucher')]'. Please recheck the objects properties to make sure the desired element is located. 

2020-09-15 14:36:56 - [MESSAGE][WARNING] - Object 'Object Repository/FDR-Dashboard/createNewVoucherButton' is not present after 5 second(s)

2020-09-15 14:36:56 - [MESSAGE][PASSED] - Text of object 'Object Repository/FDR-VoucherEntry/VoucherHeader/voucherTotal' is: '$100.00'

2020-09-15 14:36:56 - [TEST_STEP][PASSED] - waitForElementPresent(findTestObject("FDR-Dashboard/createNewVoucherButton"), 3): Object 'Object Repository/FDR-Dashboard/createNewVoucherButton' is not present after 3 second(s)

2020-09-15 14:37:00 - [MESSAGE][INFO] - Unable to find the element located by 'By.xpath: //*[@data-id='button-link']//*[contains(text(),'Create New Voucher')]'. Please recheck the objects properties to make sure the desired element is located. 

2020-09-15 14:37:00 - [MESSAGE][WARNING] - Object 'Object Repository/FDR-Dashboard/createNewVoucherButton' is not present after 3 second(s)

2020-09-15 14:37:00 - [TEST_STEP][PASSED] - Assert.assertNotNull(returnVoucherNumber, "Voucher deleted"): null

2020-09-15 14:37:00 - [TEST_STEP][PASSED] - click(findTestObject("FDR-EditVoucher/voucherEditIcon")): Object: 'Object Repository/FDR-EditVoucher/voucherEditIcon' is clicked on

2020-09-15 14:37:01 - [MESSAGE][PASSED] - Object: 'Object Repository/FDR-EditVoucher/voucherEditIcon' is clicked on

2020-09-15 14:37:01 - [TEST_STEP][PASSED] - click(findTestObject("FDR-EditVoucher/voucherDelete")): Object: 'Object Repository/FDR-EditVoucher/voucherDelete' is clicked on

2020-09-15 14:37:02 - [MESSAGE][PASSED] - Object: 'Object Repository/FDR-EditVoucher/voucherDelete' is clicked on

2020-09-15 14:37:02 - [TEST_STEP][PASSED] - waitForElementPresent(findTestObject("FDR-VoucherEntry/VoucherHeader/reviewButton"), 5): Object 'Object Repository/FDR-VoucherEntry/VoucherHeader/reviewButton' is not present after 5 second(s)

2020-09-15 14:37:08 - [MESSAGE][INFO] - Unable to find the element located by 'By.xpath: //*[@data-id='action-button']//*[contains(text(),'Review')]'. Please recheck the objects properties to make sure the desired element is located. 

2020-09-15 14:37:08 - [MESSAGE][WARNING] - Object 'Object Repository/FDR-VoucherEntry/VoucherHeader/reviewButton' is not present after 5 second(s)

2020-09-15 14:37:08 - [TEST_STEP][PASSED] - navigateToUrl(URL + "/vouchers/" + Integer.parseInt(processorVoucherNumber.split("CAP")[1]) + "/entry"): Navigate to 'https://fdr-katalon.cammis-mod-dev.dhcs.ca.gov/vouchers/370/entry' successfully

2020-09-15 14:37:08 - [MESSAGE][PASSED] - Navigate to 'https://fdr-katalon.cammis-mod-dev.dhcs.ca.gov/vouchers/370/entry' successfully

2020-09-15 14:37:08 - [TEST_STEP][PASSED] - waitForElementPresent(findTestObject("FDR-Dashboard/createNewVoucherButton"), 8): Object 'Object Repository/FDR-Dashboard/createNewVoucherButton' is not present after 8 second(s)

2020-09-15 14:37:18 - [MESSAGE][INFO] - Unable to find the element located by 'By.xpath: //*[@data-id='button-link']//*[contains(text(),'Create New Voucher')]'. Please recheck the objects properties to make sure the desired element is located. 

2020-09-15 14:37:18 - [MESSAGE][WARNING] - Object 'Object Repository/FDR-Dashboard/createNewVoucherButton' is not present after 8 second(s)

2020-09-15 14:37:18 - [TEST_STEP][PASSED] - returnVoucherNumber = Uifunctions.findVoucherWithVoucherNum(processorVoucherNumber): Text of object 'Object Repository/FDR-VoucherEntry/VoucherHeader/voucherTotal' is: '$0.00'

2020-09-15 14:37:18 - [MESSAGE][PASSED] - Navigate to 'https://fdr-katalon.cammis-mod-dev.dhcs.ca.gov/vouchers/00000370/entry' successfully

2020-09-15 14:37:24 - [MESSAGE][INFO] - Unable to find the element located by 'By.xpath: //*[@data-id='button-link']//*[contains(text(),'Create New Voucher')]'. Please recheck the objects properties to make sure the desired element is located. 

2020-09-15 14:37:24 - [MESSAGE][WARNING] - Object 'Object Repository/FDR-Dashboard/createNewVoucherButton' is not present after 5 second(s)

2020-09-15 14:37:25 - [MESSAGE][PASSED] - Text of object 'Object Repository/FDR-VoucherEntry/VoucherHeader/voucherTotal' is: '$0.00'

2020-09-15 14:37:25 - [TEST_STEP][PASSED] - Assert.assertTrue(returnVoucherNumber.contains("undefined"), "Voucher not deleted"): null

2020-09-15 14:37:25 - [TEST_STEP][PASSED] - Start tear down : tearDownTestCase: Method 'tearDownTestCase' complete successfully

2020-09-15 14:37:25 - [MESSAGE][PASSED] - Method 'tearDownTestCase' complete successfully

2020-09-15 14:37:25 - [TEST_STEP][PASSED] - Start listener action : sampleAfterTestCase: null

2020-09-15 14:37:25 - [TEST_STEP][PASSED] - profileName = getExecutionProfile(): null

2020-09-15 14:37:25 - [TEST_STEP][PASSED] - switch (profileName): null

2020-09-15 14:37:25 - [TEST_STEP][PASSED] - case "superUser":: null

2020-09-15 14:37:25 - [TEST_STEP][PASSED] - return null: null

2020-09-15 14:37:25 - [TEST_STEP][PASSED] - Start listener action : afterTestCase: null

2020-09-15 14:37:25 - [TEST_STEP][PASSED] - profileName = getExecutionProfile(): null

2020-09-15 14:37:25 - [TEST_STEP][PASSED] - if (profileName.equalsIgnoreCase("SysAdmin")): null

2020-09-15 14:37:25 - [TEST_STEP][PASSED] - Start listener action : sampleAfterTestCase: null

2020-09-15 14:37:25 - [TEST_STEP][PASSED] - profileName = getExecutionProfile(): null

2020-09-15 14:37:25 - [TEST_STEP][PASSED] - switch (profileName): null

2020-09-15 14:37:25 - [TEST_STEP][PASSED] - case "Voucher":: null

2020-09-15 14:37:25 - [TEST_STEP][PASSED] - Uifunctions.logoutFDR(): Browser is closed

2020-09-15 14:37:25 - [MESSAGE][PASSED] - Browser is closed

2020-09-15 14:37:25 - [TEST_STEP][PASSED] - break: null

2020-09-15 14:37:25 - [TEST_STEP][PASSED] - Start listener action : addFailedTCToList: null]]></system-out>
         <system-err><![CDATA[]]></system-err>
      </testcase>
      <testcase name="Test Cases/WEB-UI-TESTS/Voucher/FDR-Dashboard-Filters" time="101.177" classname="Test Cases/WEB-UI-TESTS/Voucher/FDR-Dashboard-Filters" status="PASSED">
         <system-out><![CDATA[2020-09-15 14:37:25 - [TEST_CASE][PASSED] - Test Cases/WEB-UI-TESTS/Voucher/FDR-Dashboard-Filters: Test Cases/WEB-UI-TESTS/Voucher/FDR-Dashboard-Filters

2020-09-15 14:37:25 - [TEST_STEP][PASSED] - Start listener action : sampleBeforeTestCase: null

2020-09-15 14:37:25 - [TEST_STEP][PASSED] - profileName = getExecutionProfile(): null

2020-09-15 14:37:25 - [TEST_STEP][PASSED] - switch (profileName): null

2020-09-15 14:37:25 - [TEST_STEP][PASSED] - case "superUser":: null

2020-09-15 14:37:25 - [TEST_STEP][PASSED] - return null: null

2020-09-15 14:37:25 - [TEST_STEP][PASSED] - Start listener action : beforeTestCase: null

2020-09-15 14:37:25 - [TEST_STEP][PASSED] - profileName = getExecutionProfile(): null

2020-09-15 14:37:25 - [TEST_STEP][PASSED] - if (profileName.equalsIgnoreCase("SysAdmin")): null

2020-09-15 14:37:25 - [TEST_STEP][PASSED] - Start listener action : sampleBeforeTestCase: Navigate to 'https://fdr-katalon.cammis-mod-dev.dhcs.ca.gov' successfully

2020-09-15 14:37:25 - [TEST_STEP][PASSED] - profileName = getExecutionProfile(): null

2020-09-15 14:37:25 - [TEST_STEP][PASSED] - testCaseId = testCaseContext.getTestCaseId(): null

2020-09-15 14:37:25 - [TEST_STEP][PASSED] - switch (profileName): null

2020-09-15 14:37:25 - [TEST_STEP][PASSED] - case "Voucher":: null

2020-09-15 14:37:25 - [TEST_STEP][PASSED] - Uifunctions.loginFDR(accountsApproverAcc2, accountsApproverAcc2Pwd): Object: 'Object Repository/FDR-SignIn/SignInButton' is clicked on

2020-09-15 14:37:25 - [MESSAGE][INFO] - Starting 'Chrome' driver

2020-09-15 14:37:25 - [MESSAGE][INFO] - Action delay is set to 0 milliseconds

2020-09-15 14:37:28 - [MESSAGE][PASSED] - Browser is opened with url: ''

2020-09-15 14:37:30 - [MESSAGE][PASSED] - Current window maximized

2020-09-15 14:37:31 - [MESSAGE][PASSED] - Navigate to 'https://fdr-katalon.cammis-mod-dev.dhcs.ca.gov' successfully

2020-09-15 14:37:33 - [MESSAGE][PASSED] - Object 'Object Repository/FDR-SignIn/SignInEmail' is present

2020-09-15 14:37:33 - [MESSAGE][PASSED] - Object: 'Object Repository/FDR-SignIn/SignInEmail' is clicked on

2020-09-15 14:37:33 - [MESSAGE][PASSED] - Object 'Object Repository/FDR-SignIn/SignInEmail' is present

2020-09-15 14:37:34 - [MESSAGE][PASSED] - Text 'fdr.test2@dhcs.ca.gov' is set on object 'Object Repository/FDR-SignIn/SignInEmail'

2020-09-15 14:37:34 - [MESSAGE][PASSED] - Object 'Object Repository/FDR-SignIn/SignInEmailNext' is visible

2020-09-15 14:37:35 - [MESSAGE][PASSED] - Object: 'Object Repository/FDR-SignIn/SignInEmailNext' is clicked on

2020-09-15 14:37:38 - [MESSAGE][PASSED] - Object 'Object Repository/FDR-SignIn/SignInEmailPassword' is visible

2020-09-15 14:37:38 - [MESSAGE][PASSED] - Object: 'Object Repository/FDR-SignIn/SignInEmailPassword' is clicked on

2020-09-15 14:37:38 - [MESSAGE][PASSED] - Text ****** has been set on object 'Object Repository/FDR-SignIn/SignInEmailPassword'

2020-09-15 14:37:40 - [MESSAGE][PASSED] - Object: 'Object Repository/FDR-SignIn/SignInButton' is clicked on

2020-09-15 14:37:40 - [TEST_STEP][PASSED] - break: null

2020-09-15 14:37:40 - [TEST_STEP][PASSED] - navigateToUrl(URL): Navigate to 'https://fdr-katalon.cammis-mod-dev.dhcs.ca.gov' successfully

2020-09-15 14:37:40 - [MESSAGE][PASSED] - Navigate to 'https://fdr-katalon.cammis-mod-dev.dhcs.ca.gov' successfully

2020-09-15 14:37:40 - [TEST_STEP][PASSED] - Start listener action : executeRows: null

2020-09-15 14:37:40 - [TEST_STEP][PASSED] - Start setup action : setupTestCase: Method 'setupTestCase' complete successfully

2020-09-15 14:37:40 - [MESSAGE][PASSED] - Method 'setupTestCase' complete successfully

2020-09-15 14:37:40 - [TEST_STEP][PASSED] - waitTime = 2: null

2020-09-15 14:37:40 - [TEST_STEP][PASSED] - softAssertion = new org.testng.asserts.SoftAssert(): null

2020-09-15 14:37:40 - [TEST_STEP][PASSED] - waitForElementPresent(findTestObject("FDR-Dashboard/createNewVoucherButton"), waitTime): Object 'Object Repository/FDR-Dashboard/createNewVoucherButton' is present

2020-09-15 14:37:43 - [MESSAGE][PASSED] - Object 'Object Repository/FDR-Dashboard/createNewVoucherButton' is present

2020-09-15 14:37:43 - [TEST_STEP][PASSED] - click(findTestObject("FDR-Dashboard/Filters/clearFilterButton")): Object: 'Object Repository/FDR-Dashboard/Filters/clearFilterButton' is clicked on

2020-09-15 14:37:43 - [MESSAGE][PASSED] - Object: 'Object Repository/FDR-Dashboard/Filters/clearFilterButton' is clicked on

2020-09-15 14:37:43 - [TEST_STEP][PASSED] - click(findTestObject("FDR-Dashboard/Filters/resumeFilterButton")): Object: 'Object Repository/FDR-Dashboard/Filters/resumeFilterButton' is clicked on

2020-09-15 14:37:44 - [MESSAGE][PASSED] - Object: 'Object Repository/FDR-Dashboard/Filters/resumeFilterButton' is clicked on

2020-09-15 14:37:44 - [TEST_STEP][PASSED] - waitForElementPresent(findTestObject("FDR-VoucherEntry/VoucherHeader/reviewButton"), waitTime): Object 'Object Repository/FDR-VoucherEntry/VoucherHeader/reviewButton' is not present after 2 second(s)

2020-09-15 14:37:47 - [MESSAGE][INFO] - Unable to find the element located by 'By.xpath: //*[@data-id='action-button']//*[contains(text(),'Review')]'. Please recheck the objects properties to make sure the desired element is located. 

2020-09-15 14:37:47 - [MESSAGE][WARNING] - Object 'Object Repository/FDR-VoucherEntry/VoucherHeader/reviewButton' is not present after 2 second(s)

2020-09-15 14:37:47 - [TEST_STEP][PASSED] - waitForElementPresent(findTestObject("FDR-Dashboard/VouhcersTable/resumeButton"), waitTime): Object 'Object Repository/FDR-Dashboard/VouhcersTable/resumeButton' is present

2020-09-15 14:37:47 - [MESSAGE][PASSED] - Object 'Object Repository/FDR-Dashboard/VouhcersTable/resumeButton' is present

2020-09-15 14:37:47 - [TEST_STEP][PASSED] - validate = validators.validateDashboardFilterValidation("Resume"): Object 'Object Repository/FDR-Dashboard/createNewVoucherButton' is present

2020-09-15 14:37:47 - [MESSAGE][PASSED] - Object 'Object Repository/FDR-Dashboard/createNewVoucherButton' is present

2020-09-15 14:37:48 - [MESSAGE][PASSED] - Object 'Object Repository/FDR-Dashboard/createNewVoucherButton' is present

2020-09-15 14:37:48 - [MESSAGE][PASSED] - Object 'Object Repository/FDR-Dashboard/createNewVoucherButton' is present

2020-09-15 14:37:49 - [MESSAGE][PASSED] - Object 'Object Repository/FDR-Dashboard/createNewVoucherButton' is present

2020-09-15 14:37:49 - [MESSAGE][PASSED] - Object 'Object Repository/FDR-Dashboard/createNewVoucherButton' is present

2020-09-15 14:37:50 - [MESSAGE][PASSED] - Object 'Object Repository/FDR-Dashboard/createNewVoucherButton' is present

2020-09-15 14:37:50 - [MESSAGE][PASSED] - Object 'Object Repository/FDR-Dashboard/createNewVoucherButton' is present

2020-09-15 14:37:51 - [MESSAGE][PASSED] - Object 'Object Repository/FDR-Dashboard/createNewVoucherButton' is present

2020-09-15 14:37:51 - [MESSAGE][PASSED] - Object 'Object Repository/FDR-Dashboard/createNewVoucherButton' is present

2020-09-15 14:37:52 - [TEST_STEP][PASSED] - softAssertion.assertTrue(validate, "Voucher button validation failed"): null

2020-09-15 14:37:52 - [TEST_STEP][PASSED] - click(findTestObject("FDR-Dashboard/Filters/clearFilterButton")): Object: 'Object Repository/FDR-Dashboard/Filters/clearFilterButton' is clicked on

2020-09-15 14:37:52 - [MESSAGE][PASSED] - Object: 'Object Repository/FDR-Dashboard/Filters/clearFilterButton' is clicked on

2020-09-15 14:37:52 - [TEST_STEP][PASSED] - click(findTestObject("FDR-Dashboard/Filters/printFilterButton")): Object: 'Object Repository/FDR-Dashboard/Filters/printFilterButton' is clicked on

2020-09-15 14:37:53 - [MESSAGE][PASSED] - Object: 'Object Repository/FDR-Dashboard/Filters/printFilterButton' is clicked on

2020-09-15 14:37:53 - [TEST_STEP][PASSED] - waitForElementPresent(findTestObject("FDR-VoucherEntry/VoucherHeader/reviewButton"), waitTime): Object 'Object Repository/FDR-VoucherEntry/VoucherHeader/reviewButton' is not present after 2 second(s)

2020-09-15 14:37:56 - [MESSAGE][INFO] - Unable to find the element located by 'By.xpath: //*[@data-id='action-button']//*[contains(text(),'Review')]'. Please recheck the objects properties to make sure the desired element is located. 

2020-09-15 14:37:56 - [MESSAGE][WARNING] - Object 'Object Repository/FDR-VoucherEntry/VoucherHeader/reviewButton' is not present after 2 second(s)

2020-09-15 14:37:56 - [TEST_STEP][PASSED] - waitForElementPresent(findTestObject("FDR-Dashboard/VouhcersTable/printButton"), waitTime): Object 'Object Repository/FDR-Dashboard/VouhcersTable/printButton' is present

2020-09-15 14:37:56 - [MESSAGE][PASSED] - Object 'Object Repository/FDR-Dashboard/VouhcersTable/printButton' is present

2020-09-15 14:37:56 - [TEST_STEP][PASSED] - validate = validators.validateDashboardFilterValidation("Print"): Object 'Object Repository/FDR-Dashboard/createNewVoucherButton' is present

2020-09-15 14:37:57 - [MESSAGE][PASSED] - Object 'Object Repository/FDR-Dashboard/createNewVoucherButton' is present

2020-09-15 14:37:57 - [MESSAGE][PASSED] - Object 'Object Repository/FDR-Dashboard/createNewVoucherButton' is present

2020-09-15 14:37:58 - [MESSAGE][PASSED] - Object 'Object Repository/FDR-Dashboard/createNewVoucherButton' is present

2020-09-15 14:37:58 - [MESSAGE][PASSED] - Object 'Object Repository/FDR-Dashboard/createNewVoucherButton' is present

2020-09-15 14:37:59 - [TEST_STEP][PASSED] - softAssertion.assertTrue(validate, "Print Voucher button validation failed"): null

2020-09-15 14:37:59 - [TEST_STEP][PASSED] - click(findTestObject("FDR-Dashboard/Filters/clearFilterButton")): Object: 'Object Repository/FDR-Dashboard/Filters/clearFilterButton' is clicked on

2020-09-15 14:37:59 - [MESSAGE][PASSED] - Object: 'Object Repository/FDR-Dashboard/Filters/clearFilterButton' is clicked on

2020-09-15 14:37:59 - [TEST_STEP][PASSED] - click(findTestObject("FDR-Dashboard/Filters/fixFilterButton")): Object: 'Object Repository/FDR-Dashboard/Filters/fixFilterButton' is clicked on

2020-09-15 14:38:00 - [MESSAGE][PASSED] - Object: 'Object Repository/FDR-Dashboard/Filters/fixFilterButton' is clicked on

2020-09-15 14:38:00 - [TEST_STEP][PASSED] - waitForElementPresent(findTestObject("FDR-VoucherEntry/VoucherHeader/reviewButton"), waitTime): Object 'Object Repository/FDR-VoucherEntry/VoucherHeader/reviewButton' is not present after 2 second(s)

2020-09-15 14:38:03 - [MESSAGE][INFO] - Unable to find the element located by 'By.xpath: //*[@data-id='action-button']//*[contains(text(),'Review')]'. Please recheck the objects properties to make sure the desired element is located. 

2020-09-15 14:38:03 - [MESSAGE][WARNING] - Object 'Object Repository/FDR-VoucherEntry/VoucherHeader/reviewButton' is not present after 2 second(s)

2020-09-15 14:38:03 - [TEST_STEP][PASSED] - waitForElementPresent(findTestObject("FDR-Dashboard/VouhcersTable/fixButton"), waitTime): Object 'Object Repository/FDR-Dashboard/VouhcersTable/fixButton' is present

2020-09-15 14:38:03 - [MESSAGE][PASSED] - Object 'Object Repository/FDR-Dashboard/VouhcersTable/fixButton' is present

2020-09-15 14:38:03 - [TEST_STEP][PASSED] - validate = validators.validateDashboardFilterValidation("Fix"): Object 'Object Repository/FDR-Dashboard/createNewVoucherButton' is present

2020-09-15 14:38:04 - [MESSAGE][PASSED] - Object 'Object Repository/FDR-Dashboard/createNewVoucherButton' is present

2020-09-15 14:38:04 - [MESSAGE][PASSED] - Object 'Object Repository/FDR-Dashboard/createNewVoucherButton' is present

2020-09-15 14:38:05 - [MESSAGE][PASSED] - Object 'Object Repository/FDR-Dashboard/createNewVoucherButton' is present

2020-09-15 14:38:05 - [MESSAGE][PASSED] - Object 'Object Repository/FDR-Dashboard/createNewVoucherButton' is present

2020-09-15 14:38:06 - [MESSAGE][PASSED] - Object 'Object Repository/FDR-Dashboard/createNewVoucherButton' is present

2020-09-15 14:38:06 - [MESSAGE][PASSED] - Object 'Object Repository/FDR-Dashboard/createNewVoucherButton' is present

2020-09-15 14:38:07 - [MESSAGE][PASSED] - Object 'Object Repository/FDR-Dashboard/createNewVoucherButton' is present

2020-09-15 14:38:07 - [MESSAGE][PASSED] - Object 'Object Repository/FDR-Dashboard/createNewVoucherButton' is present

2020-09-15 14:38:08 - [MESSAGE][PASSED] - Object 'Object Repository/FDR-Dashboard/createNewVoucherButton' is present

2020-09-15 14:38:08 - [TEST_STEP][PASSED] - softAssertion.assertTrue(validate, "Fix Voucher button validation failed"): null

2020-09-15 14:38:08 - [TEST_STEP][PASSED] - click(findTestObject("FDR-Dashboard/Filters/clearFilterButton")): Object: 'Object Repository/FDR-Dashboard/Filters/clearFilterButton' is clicked on

2020-09-15 14:38:08 - [MESSAGE][PASSED] - Object: 'Object Repository/FDR-Dashboard/Filters/clearFilterButton' is clicked on

2020-09-15 14:38:08 - [TEST_STEP][PASSED] - click(findTestObject("FDR-Dashboard/Filters/validateFilterButton")): Object: 'Object Repository/FDR-Dashboard/Filters/validateFilterButton' is clicked on

2020-09-15 14:38:09 - [MESSAGE][PASSED] - Object: 'Object Repository/FDR-Dashboard/Filters/validateFilterButton' is clicked on

2020-09-15 14:38:09 - [TEST_STEP][PASSED] - waitForElementPresent(findTestObject("FDR-VoucherEntry/VoucherHeader/reviewButton"), waitTime): Object 'Object Repository/FDR-VoucherEntry/VoucherHeader/reviewButton' is not present after 2 second(s)

2020-09-15 14:38:12 - [MESSAGE][INFO] - Unable to find the element located by 'By.xpath: //*[@data-id='action-button']//*[contains(text(),'Review')]'. Please recheck the objects properties to make sure the desired element is located. 

2020-09-15 14:38:12 - [MESSAGE][WARNING] - Object 'Object Repository/FDR-VoucherEntry/VoucherHeader/reviewButton' is not present after 2 second(s)

2020-09-15 14:38:12 - [TEST_STEP][PASSED] - waitForElementPresent(findTestObject("FDR-Dashboard/VouhcersTable/validateButton"), waitTime): Object 'Object Repository/FDR-Dashboard/VouhcersTable/validateButton' is present

2020-09-15 14:38:13 - [MESSAGE][PASSED] - Object 'Object Repository/FDR-Dashboard/VouhcersTable/validateButton' is present

2020-09-15 14:38:13 - [TEST_STEP][PASSED] - validate = validators.validateDashboardFilterValidation("Validate"): Object 'Object Repository/FDR-Dashboard/createNewVoucherButton' is present

2020-09-15 14:38:13 - [MESSAGE][PASSED] - Object 'Object Repository/FDR-Dashboard/createNewVoucherButton' is present

2020-09-15 14:38:14 - [MESSAGE][PASSED] - Object 'Object Repository/FDR-Dashboard/createNewVoucherButton' is present

2020-09-15 14:38:14 - [MESSAGE][PASSED] - Object 'Object Repository/FDR-Dashboard/createNewVoucherButton' is present

2020-09-15 14:38:15 - [MESSAGE][PASSED] - Object 'Object Repository/FDR-Dashboard/createNewVoucherButton' is present

2020-09-15 14:38:15 - [MESSAGE][PASSED] - Object 'Object Repository/FDR-Dashboard/createNewVoucherButton' is present

2020-09-15 14:38:16 - [MESSAGE][PASSED] - Object 'Object Repository/FDR-Dashboard/createNewVoucherButton' is present

2020-09-15 14:38:16 - [MESSAGE][PASSED] - Object 'Object Repository/FDR-Dashboard/createNewVoucherButton' is present

2020-09-15 14:38:17 - [MESSAGE][PASSED] - Object 'Object Repository/FDR-Dashboard/createNewVoucherButton' is present

2020-09-15 14:38:17 - [MESSAGE][PASSED] - Object 'Object Repository/FDR-Dashboard/createNewVoucherButton' is present

2020-09-15 14:38:17 - [TEST_STEP][PASSED] - softAssertion.assertTrue(validate, "Validate Voucher button validation failed"): null

2020-09-15 14:38:17 - [TEST_STEP][PASSED] - click(findTestObject("FDR-Dashboard/Filters/clearFilterButton")): Object: 'Object Repository/FDR-Dashboard/Filters/clearFilterButton' is clicked on

2020-09-15 14:38:18 - [MESSAGE][PASSED] - Object: 'Object Repository/FDR-Dashboard/Filters/clearFilterButton' is clicked on

2020-09-15 14:38:18 - [TEST_STEP][PASSED] - click(findTestObject("FDR-Dashboard/Filters/resumeFilterButton")): Object: 'Object Repository/FDR-Dashboard/Filters/resumeFilterButton' is clicked on

2020-09-15 14:38:19 - [MESSAGE][PASSED] - Object: 'Object Repository/FDR-Dashboard/Filters/resumeFilterButton' is clicked on

2020-09-15 14:38:19 - [TEST_STEP][PASSED] - click(findTestObject("FDR-Dashboard/Filters/printFilterButton")): Object: 'Object Repository/FDR-Dashboard/Filters/printFilterButton' is clicked on

2020-09-15 14:38:20 - [MESSAGE][PASSED] - Object: 'Object Repository/FDR-Dashboard/Filters/printFilterButton' is clicked on

2020-09-15 14:38:20 - [TEST_STEP][PASSED] - waitForElementPresent(findTestObject("FDR-VoucherEntry/VoucherHeader/reviewButton"), waitTime): Object 'Object Repository/FDR-VoucherEntry/VoucherHeader/reviewButton' is not present after 2 second(s)

2020-09-15 14:38:23 - [MESSAGE][INFO] - Unable to find the element located by 'By.xpath: //*[@data-id='action-button']//*[contains(text(),'Review')]'. Please recheck the objects properties to make sure the desired element is located. 

2020-09-15 14:38:23 - [MESSAGE][WARNING] - Object 'Object Repository/FDR-VoucherEntry/VoucherHeader/reviewButton' is not present after 2 second(s)

2020-09-15 14:38:23 - [TEST_STEP][PASSED] - waitForElementPresent(findTestObject("FDR-Dashboard/VouhcersTable/printButton"), waitTime): Object 'Object Repository/FDR-Dashboard/VouhcersTable/printButton' is not present after 2 second(s)

2020-09-15 14:38:26 - [MESSAGE][INFO] - Unable to find the element located by 'By.xpath: //*[text()='Print']'. Please recheck the objects properties to make sure the desired element is located. 

2020-09-15 14:38:26 - [MESSAGE][WARNING] - Object 'Object Repository/FDR-Dashboard/VouhcersTable/printButton' is not present after 2 second(s)

2020-09-15 14:38:26 - [TEST_STEP][PASSED] - validate = validators.validateDashboardFilterValidation("Resume", "Print"): Object 'Object Repository/FDR-Dashboard/createNewVoucherButton' is present

2020-09-15 14:38:27 - [MESSAGE][PASSED] - Object 'Object Repository/FDR-Dashboard/createNewVoucherButton' is present

2020-09-15 14:38:27 - [MESSAGE][PASSED] - Object 'Object Repository/FDR-Dashboard/createNewVoucherButton' is present

2020-09-15 14:38:28 - [MESSAGE][PASSED] - Object 'Object Repository/FDR-Dashboard/createNewVoucherButton' is present

2020-09-15 14:38:28 - [MESSAGE][PASSED] - Object 'Object Repository/FDR-Dashboard/createNewVoucherButton' is present

2020-09-15 14:38:29 - [MESSAGE][PASSED] - Object 'Object Repository/FDR-Dashboard/createNewVoucherButton' is present

2020-09-15 14:38:29 - [MESSAGE][PASSED] - Object 'Object Repository/FDR-Dashboard/createNewVoucherButton' is present

2020-09-15 14:38:30 - [MESSAGE][PASSED] - Object 'Object Repository/FDR-Dashboard/createNewVoucherButton' is present

2020-09-15 14:38:30 - [MESSAGE][PASSED] - Object 'Object Repository/FDR-Dashboard/createNewVoucherButton' is present

2020-09-15 14:38:31 - [MESSAGE][PASSED] - Object 'Object Repository/FDR-Dashboard/createNewVoucherButton' is present

2020-09-15 14:38:31 - [TEST_STEP][PASSED] - softAssertion.assertTrue(validate, "Voucher and Print voucher buttons combination validation failed"): null

2020-09-15 14:38:31 - [TEST_STEP][PASSED] - click(findTestObject("FDR-Dashboard/Filters/clearFilterButton")): Object: 'Object Repository/FDR-Dashboard/Filters/clearFilterButton' is clicked on

2020-09-15 14:38:31 - [MESSAGE][PASSED] - Object: 'Object Repository/FDR-Dashboard/Filters/clearFilterButton' is clicked on

2020-09-15 14:38:31 - [TEST_STEP][PASSED] - click(findTestObject("FDR-Dashboard/Filters/fixFilterButton")): Object: 'Object Repository/FDR-Dashboard/Filters/fixFilterButton' is clicked on

2020-09-15 14:38:32 - [MESSAGE][PASSED] - Object: 'Object Repository/FDR-Dashboard/Filters/fixFilterButton' is clicked on

2020-09-15 14:38:32 - [TEST_STEP][PASSED] - click(findTestObject("FDR-Dashboard/Filters/validateFilterButton")): Object: 'Object Repository/FDR-Dashboard/Filters/validateFilterButton' is clicked on

2020-09-15 14:38:33 - [MESSAGE][PASSED] - Object: 'Object Repository/FDR-Dashboard/Filters/validateFilterButton' is clicked on

2020-09-15 14:38:33 - [TEST_STEP][PASSED] - waitForElementPresent(findTestObject("FDR-VoucherEntry/VoucherHeader/reviewButton"), waitTime): Object 'Object Repository/FDR-VoucherEntry/VoucherHeader/reviewButton' is not present after 2 second(s)

2020-09-15 14:38:36 - [MESSAGE][INFO] - Unable to find the element located by 'By.xpath: //*[@data-id='action-button']//*[contains(text(),'Review')]'. Please recheck the objects properties to make sure the desired element is located. 

2020-09-15 14:38:36 - [MESSAGE][WARNING] - Object 'Object Repository/FDR-VoucherEntry/VoucherHeader/reviewButton' is not present after 2 second(s)

2020-09-15 14:38:36 - [TEST_STEP][PASSED] - waitForElementPresent(findTestObject("FDR-Dashboard/VouhcersTable/validateButton"), waitTime): Object 'Object Repository/FDR-Dashboard/VouhcersTable/validateButton' is present

2020-09-15 14:38:37 - [MESSAGE][PASSED] - Object 'Object Repository/FDR-Dashboard/VouhcersTable/validateButton' is present

2020-09-15 14:38:37 - [TEST_STEP][PASSED] - waitForElementPresent(findTestObject("FDR-VoucherEntry/VoucherHeader/reviewButton"), waitTime): Object 'Object Repository/FDR-VoucherEntry/VoucherHeader/reviewButton' is not present after 2 second(s)

2020-09-15 14:38:40 - [MESSAGE][INFO] - Unable to find the element located by 'By.xpath: //*[@data-id='action-button']//*[contains(text(),'Review')]'. Please recheck the objects properties to make sure the desired element is located. 

2020-09-15 14:38:40 - [MESSAGE][WARNING] - Object 'Object Repository/FDR-VoucherEntry/VoucherHeader/reviewButton' is not present after 2 second(s)

2020-09-15 14:38:40 - [TEST_STEP][PASSED] - waitForElementPresent(findTestObject("FDR-Dashboard/VouhcersTable/fixButton"), waitTime): Object 'Object Repository/FDR-Dashboard/VouhcersTable/fixButton' is present

2020-09-15 14:38:40 - [MESSAGE][PASSED] - Object 'Object Repository/FDR-Dashboard/VouhcersTable/fixButton' is present

2020-09-15 14:38:40 - [TEST_STEP][PASSED] - validate = validators.validateDashboardFilterValidation("Fix", "Validate"): Object 'Object Repository/FDR-Dashboard/createNewVoucherButton' is present

2020-09-15 14:38:41 - [MESSAGE][PASSED] - Object 'Object Repository/FDR-Dashboard/createNewVoucherButton' is present

2020-09-15 14:38:41 - [MESSAGE][PASSED] - Object 'Object Repository/FDR-Dashboard/createNewVoucherButton' is present

2020-09-15 14:38:42 - [MESSAGE][PASSED] - Object 'Object Repository/FDR-Dashboard/createNewVoucherButton' is present

2020-09-15 14:38:42 - [MESSAGE][PASSED] - Object 'Object Repository/FDR-Dashboard/createNewVoucherButton' is present

2020-09-15 14:38:43 - [MESSAGE][PASSED] - Object 'Object Repository/FDR-Dashboard/createNewVoucherButton' is present

2020-09-15 14:38:43 - [MESSAGE][PASSED] - Object 'Object Repository/FDR-Dashboard/createNewVoucherButton' is present

2020-09-15 14:38:44 - [MESSAGE][PASSED] - Object 'Object Repository/FDR-Dashboard/createNewVoucherButton' is present

2020-09-15 14:38:44 - [MESSAGE][PASSED] - Object 'Object Repository/FDR-Dashboard/createNewVoucherButton' is present

2020-09-15 14:38:45 - [MESSAGE][PASSED] - Object 'Object Repository/FDR-Dashboard/createNewVoucherButton' is present

2020-09-15 14:38:45 - [TEST_STEP][PASSED] - softAssertion.assertTrue(validate, "Fix voucher  and validate voucher buttons combination validation failed"): null

2020-09-15 14:38:45 - [TEST_STEP][PASSED] - click(findTestObject("FDR-Dashboard/Filters/clearFilterButton")): Object: 'Object Repository/FDR-Dashboard/Filters/clearFilterButton' is clicked on

2020-09-15 14:38:45 - [MESSAGE][PASSED] - Object: 'Object Repository/FDR-Dashboard/Filters/clearFilterButton' is clicked on

2020-09-15 14:38:45 - [TEST_STEP][PASSED] - click(findTestObject("FDR-Dashboard/Filters/resumeFilterButton")): Object: 'Object Repository/FDR-Dashboard/Filters/resumeFilterButton' is clicked on

2020-09-15 14:38:46 - [MESSAGE][PASSED] - Object: 'Object Repository/FDR-Dashboard/Filters/resumeFilterButton' is clicked on

2020-09-15 14:38:46 - [TEST_STEP][PASSED] - click(findTestObject("FDR-Dashboard/Filters/printFilterButton")): Object: 'Object Repository/FDR-Dashboard/Filters/printFilterButton' is clicked on

2020-09-15 14:38:47 - [MESSAGE][PASSED] - Object: 'Object Repository/FDR-Dashboard/Filters/printFilterButton' is clicked on

2020-09-15 14:38:47 - [TEST_STEP][PASSED] - click(findTestObject("FDR-Dashboard/Filters/fixFilterButton")): Object: 'Object Repository/FDR-Dashboard/Filters/fixFilterButton' is clicked on

2020-09-15 14:38:48 - [MESSAGE][PASSED] - Object: 'Object Repository/FDR-Dashboard/Filters/fixFilterButton' is clicked on

2020-09-15 14:38:48 - [TEST_STEP][PASSED] - waitForElementPresent(findTestObject("FDR-Dashboard/VouhcersTable/fixButton"), waitTime): Object 'Object Repository/FDR-Dashboard/VouhcersTable/fixButton' is present

2020-09-15 14:38:49 - [MESSAGE][PASSED] - Object 'Object Repository/FDR-Dashboard/VouhcersTable/fixButton' is present

2020-09-15 14:38:49 - [TEST_STEP][PASSED] - validate = validators.validateDashboardFilterValidation("Resume", "Print", "Fix"): Object 'Object Repository/FDR-Dashboard/createNewVoucherButton' is present

2020-09-15 14:38:50 - [MESSAGE][PASSED] - Object 'Object Repository/FDR-Dashboard/createNewVoucherButton' is present

2020-09-15 14:38:50 - [MESSAGE][PASSED] - Object 'Object Repository/FDR-Dashboard/createNewVoucherButton' is present

2020-09-15 14:38:51 - [MESSAGE][PASSED] - Object 'Object Repository/FDR-Dashboard/createNewVoucherButton' is present

2020-09-15 14:38:51 - [MESSAGE][PASSED] - Object 'Object Repository/FDR-Dashboard/createNewVoucherButton' is present

2020-09-15 14:38:52 - [MESSAGE][PASSED] - Object 'Object Repository/FDR-Dashboard/createNewVoucherButton' is present

2020-09-15 14:38:52 - [MESSAGE][PASSED] - Object 'Object Repository/FDR-Dashboard/createNewVoucherButton' is present

2020-09-15 14:38:53 - [MESSAGE][PASSED] - Object 'Object Repository/FDR-Dashboard/createNewVoucherButton' is present

2020-09-15 14:38:53 - [MESSAGE][PASSED] - Object 'Object Repository/FDR-Dashboard/createNewVoucherButton' is present

2020-09-15 14:38:54 - [MESSAGE][PASSED] - Object 'Object Repository/FDR-Dashboard/createNewVoucherButton' is present

2020-09-15 14:38:54 - [TEST_STEP][PASSED] - softAssertion.assertTrue(validate, "Voucher, Print voucher and Fix voucher buttons combination validation failed"): null

2020-09-15 14:38:54 - [TEST_STEP][PASSED] - click(findTestObject("FDR-Dashboard/Filters/clearFilterButton")): Object: 'Object Repository/FDR-Dashboard/Filters/clearFilterButton' is clicked on

2020-09-15 14:38:54 - [MESSAGE][PASSED] - Object: 'Object Repository/FDR-Dashboard/Filters/clearFilterButton' is clicked on

2020-09-15 14:38:54 - [TEST_STEP][PASSED] - click(findTestObject("FDR-Dashboard/Filters/validateFilterButton")): Object: 'Object Repository/FDR-Dashboard/Filters/validateFilterButton' is clicked on

2020-09-15 14:38:55 - [MESSAGE][PASSED] - Object: 'Object Repository/FDR-Dashboard/Filters/validateFilterButton' is clicked on

2020-09-15 14:38:55 - [TEST_STEP][PASSED] - click(findTestObject("FDR-Dashboard/Filters/printFilterButton")): Object: 'Object Repository/FDR-Dashboard/Filters/printFilterButton' is clicked on

2020-09-15 14:38:56 - [MESSAGE][PASSED] - Object: 'Object Repository/FDR-Dashboard/Filters/printFilterButton' is clicked on

2020-09-15 14:38:56 - [TEST_STEP][PASSED] - click(findTestObject("FDR-Dashboard/Filters/fixFilterButton")): Object: 'Object Repository/FDR-Dashboard/Filters/fixFilterButton' is clicked on

2020-09-15 14:38:57 - [MESSAGE][PASSED] - Object: 'Object Repository/FDR-Dashboard/Filters/fixFilterButton' is clicked on

2020-09-15 14:38:57 - [TEST_STEP][PASSED] - waitForElementPresent(findTestObject("FDR-VoucherEntry/VoucherHeader/reviewButton"), waitTime): Object 'Object Repository/FDR-VoucherEntry/VoucherHeader/reviewButton' is not present after 2 second(s)

2020-09-15 14:39:01 - [MESSAGE][INFO] - Unable to find the element located by 'By.xpath: //*[@data-id='action-button']//*[contains(text(),'Review')]'. Please recheck the objects properties to make sure the desired element is located. 

2020-09-15 14:39:01 - [MESSAGE][WARNING] - Object 'Object Repository/FDR-VoucherEntry/VoucherHeader/reviewButton' is not present after 2 second(s)

2020-09-15 14:39:01 - [TEST_STEP][PASSED] - waitForElementPresent(findTestObject("FDR-Dashboard/VouhcersTable/fixButton"), waitTime): Object 'Object Repository/FDR-Dashboard/VouhcersTable/fixButton' is present

2020-09-15 14:39:01 - [MESSAGE][PASSED] - Object 'Object Repository/FDR-Dashboard/VouhcersTable/fixButton' is present

2020-09-15 14:39:01 - [TEST_STEP][PASSED] - validate = validators.validateDashboardFilterValidation("Validate", "Print", "Fix"): Object 'Object Repository/FDR-Dashboard/createNewVoucherButton' is present

2020-09-15 14:39:02 - [MESSAGE][PASSED] - Object 'Object Repository/FDR-Dashboard/createNewVoucherButton' is present

2020-09-15 14:39:02 - [MESSAGE][PASSED] - Object 'Object Repository/FDR-Dashboard/createNewVoucherButton' is present

2020-09-15 14:39:03 - [MESSAGE][PASSED] - Object 'Object Repository/FDR-Dashboard/createNewVoucherButton' is present

2020-09-15 14:39:03 - [MESSAGE][PASSED] - Object 'Object Repository/FDR-Dashboard/createNewVoucherButton' is present

2020-09-15 14:39:04 - [MESSAGE][PASSED] - Object 'Object Repository/FDR-Dashboard/createNewVoucherButton' is present

2020-09-15 14:39:04 - [MESSAGE][PASSED] - Object 'Object Repository/FDR-Dashboard/createNewVoucherButton' is present

2020-09-15 14:39:04 - [MESSAGE][PASSED] - Object 'Object Repository/FDR-Dashboard/createNewVoucherButton' is present

2020-09-15 14:39:05 - [MESSAGE][PASSED] - Object 'Object Repository/FDR-Dashboard/createNewVoucherButton' is present

2020-09-15 14:39:05 - [MESSAGE][PASSED] - Object 'Object Repository/FDR-Dashboard/createNewVoucherButton' is present

2020-09-15 14:39:06 - [TEST_STEP][PASSED] - softAssertion.assertTrue(validate, " Validate voucher, Print voucher and Fix voucher buttons combination validation failed"): null

2020-09-15 14:39:06 - [TEST_STEP][PASSED] - Start tear down : tearDownTestCase: Method 'tearDownTestCase' complete successfully

2020-09-15 14:39:06 - [MESSAGE][PASSED] - Method 'tearDownTestCase' complete successfully

2020-09-15 14:39:06 - [TEST_STEP][PASSED] - Start listener action : sampleAfterTestCase: null

2020-09-15 14:39:06 - [TEST_STEP][PASSED] - profileName = getExecutionProfile(): null

2020-09-15 14:39:06 - [TEST_STEP][PASSED] - switch (profileName): null

2020-09-15 14:39:06 - [TEST_STEP][PASSED] - case "superUser":: null

2020-09-15 14:39:06 - [TEST_STEP][PASSED] - return null: null

2020-09-15 14:39:06 - [TEST_STEP][PASSED] - Start listener action : afterTestCase: null

2020-09-15 14:39:06 - [TEST_STEP][PASSED] - profileName = getExecutionProfile(): null

2020-09-15 14:39:06 - [TEST_STEP][PASSED] - if (profileName.equalsIgnoreCase("SysAdmin")): null

2020-09-15 14:39:06 - [TEST_STEP][PASSED] - Start listener action : sampleAfterTestCase: null

2020-09-15 14:39:06 - [TEST_STEP][PASSED] - profileName = getExecutionProfile(): null

2020-09-15 14:39:06 - [TEST_STEP][PASSED] - switch (profileName): null

2020-09-15 14:39:06 - [TEST_STEP][PASSED] - case "Voucher":: null

2020-09-15 14:39:06 - [TEST_STEP][PASSED] - Uifunctions.logoutFDR(): Browser is closed

2020-09-15 14:39:06 - [MESSAGE][PASSED] - Browser is closed

2020-09-15 14:39:06 - [TEST_STEP][PASSED] - break: null

2020-09-15 14:39:06 - [TEST_STEP][PASSED] - Start listener action : addFailedTCToList: null]]></system-out>
         <system-err><![CDATA[]]></system-err>
      </testcase>
      <testcase name="Test Cases/WEB-UI-TESTS/Voucher/FDR-Voucher-High-Priority-Tags" time="84.5" classname="Test Cases/WEB-UI-TESTS/Voucher/FDR-Voucher-High-Priority-Tags" status="PASSED">
         <system-out><![CDATA[2020-09-15 14:39:06 - [TEST_CASE][PASSED] - Test Cases/WEB-UI-TESTS/Voucher/FDR-Voucher-High-Priority-Tags: Test Cases/WEB-UI-TESTS/Voucher/FDR-Voucher-High-Priority-Tags

2020-09-15 14:39:06 - [TEST_STEP][PASSED] - Start listener action : sampleBeforeTestCase: null

2020-09-15 14:39:06 - [TEST_STEP][PASSED] - profileName = getExecutionProfile(): null

2020-09-15 14:39:06 - [TEST_STEP][PASSED] - switch (profileName): null

2020-09-15 14:39:06 - [TEST_STEP][PASSED] - case "superUser":: null

2020-09-15 14:39:06 - [TEST_STEP][PASSED] - return null: null

2020-09-15 14:39:06 - [TEST_STEP][PASSED] - Start listener action : beforeTestCase: null

2020-09-15 14:39:06 - [TEST_STEP][PASSED] - profileName = getExecutionProfile(): null

2020-09-15 14:39:06 - [TEST_STEP][PASSED] - if (profileName.equalsIgnoreCase("SysAdmin")): null

2020-09-15 14:39:06 - [TEST_STEP][PASSED] - Start listener action : sampleBeforeTestCase: Navigate to 'https://fdr-katalon.cammis-mod-dev.dhcs.ca.gov' successfully

2020-09-15 14:39:06 - [TEST_STEP][PASSED] - profileName = getExecutionProfile(): null

2020-09-15 14:39:06 - [TEST_STEP][PASSED] - testCaseId = testCaseContext.getTestCaseId(): null

2020-09-15 14:39:06 - [TEST_STEP][PASSED] - switch (profileName): null

2020-09-15 14:39:06 - [TEST_STEP][PASSED] - case "Voucher":: null

2020-09-15 14:39:06 - [TEST_STEP][PASSED] - Uifunctions.loginFDR(accountsApproverAcc2, accountsApproverAcc2Pwd): Object: 'Object Repository/FDR-SignIn/SignInButton' is clicked on

2020-09-15 14:39:06 - [MESSAGE][INFO] - Starting 'Chrome' driver

2020-09-15 14:39:06 - [MESSAGE][INFO] - Action delay is set to 0 milliseconds

2020-09-15 14:39:09 - [MESSAGE][PASSED] - Browser is opened with url: ''

2020-09-15 14:39:12 - [MESSAGE][PASSED] - Current window maximized

2020-09-15 14:39:13 - [MESSAGE][PASSED] - Navigate to 'https://fdr-katalon.cammis-mod-dev.dhcs.ca.gov' successfully

2020-09-15 14:39:14 - [MESSAGE][PASSED] - Object 'Object Repository/FDR-SignIn/SignInEmail' is present

2020-09-15 14:39:15 - [MESSAGE][PASSED] - Object: 'Object Repository/FDR-SignIn/SignInEmail' is clicked on

2020-09-15 14:39:15 - [MESSAGE][PASSED] - Object 'Object Repository/FDR-SignIn/SignInEmail' is present

2020-09-15 14:39:15 - [MESSAGE][PASSED] - Text 'fdr.test2@dhcs.ca.gov' is set on object 'Object Repository/FDR-SignIn/SignInEmail'

2020-09-15 14:39:16 - [MESSAGE][PASSED] - Object 'Object Repository/FDR-SignIn/SignInEmailNext' is visible

2020-09-15 14:39:16 - [MESSAGE][PASSED] - Object: 'Object Repository/FDR-SignIn/SignInEmailNext' is clicked on

2020-09-15 14:39:19 - [MESSAGE][PASSED] - Object 'Object Repository/FDR-SignIn/SignInEmailPassword' is visible

2020-09-15 14:39:19 - [MESSAGE][PASSED] - Object: 'Object Repository/FDR-SignIn/SignInEmailPassword' is clicked on

2020-09-15 14:39:20 - [MESSAGE][PASSED] - Text ****** has been set on object 'Object Repository/FDR-SignIn/SignInEmailPassword'

2020-09-15 14:39:21 - [MESSAGE][PASSED] - Object: 'Object Repository/FDR-SignIn/SignInButton' is clicked on

2020-09-15 14:39:21 - [TEST_STEP][PASSED] - break: null

2020-09-15 14:39:21 - [TEST_STEP][PASSED] - navigateToUrl(URL): Navigate to 'https://fdr-katalon.cammis-mod-dev.dhcs.ca.gov' successfully

2020-09-15 14:39:22 - [MESSAGE][PASSED] - Navigate to 'https://fdr-katalon.cammis-mod-dev.dhcs.ca.gov' successfully

2020-09-15 14:39:22 - [TEST_STEP][PASSED] - Start listener action : executeRows: null

2020-09-15 14:39:22 - [TEST_STEP][PASSED] - Start setup action : setupTestCase: Method 'setupTestCase' complete successfully

2020-09-15 14:39:22 - [MESSAGE][PASSED] - Method 'setupTestCase' complete successfully

2020-09-15 14:39:22 - [TEST_STEP][PASSED] - waitForElementPresent(findTestObject("FDR-Dashboard/Filters/clearFilterButton"), 4): Object 'Object Repository/FDR-Dashboard/Filters/clearFilterButton' is present

2020-09-15 14:39:24 - [MESSAGE][PASSED] - Object 'Object Repository/FDR-Dashboard/Filters/clearFilterButton' is present

2020-09-15 14:39:24 - [TEST_STEP][PASSED] - waitForElementPresent(findTestObject("FDR-VoucherEntry/VoucherHeader/reviewButton"), 2): Object 'Object Repository/FDR-VoucherEntry/VoucherHeader/reviewButton' is not present after 2 second(s)

2020-09-15 14:39:27 - [MESSAGE][INFO] - Unable to find the element located by 'By.xpath: //*[@data-id='action-button']//*[contains(text(),'Review')]'. Please recheck the objects properties to make sure the desired element is located. 

2020-09-15 14:39:27 - [MESSAGE][WARNING] - Object 'Object Repository/FDR-VoucherEntry/VoucherHeader/reviewButton' is not present after 2 second(s)

2020-09-15 14:39:27 - [TEST_STEP][PASSED] - click(findTestObject("FDR-Dashboard/Filters/clearFilterButton")): Object: 'Object Repository/FDR-Dashboard/Filters/clearFilterButton' is clicked on

2020-09-15 14:39:27 - [MESSAGE][PASSED] - Object: 'Object Repository/FDR-Dashboard/Filters/clearFilterButton' is clicked on

2020-09-15 14:39:27 - [TEST_STEP][PASSED] - waitForElementPresent(findTestObject("FDR-VoucherEntry/VoucherHeader/reviewButton"), 2): Object 'Object Repository/FDR-VoucherEntry/VoucherHeader/reviewButton' is not present after 2 second(s)

2020-09-15 14:39:30 - [MESSAGE][INFO] - Unable to find the element located by 'By.xpath: //*[@data-id='action-button']//*[contains(text(),'Review')]'. Please recheck the objects properties to make sure the desired element is located. 

2020-09-15 14:39:30 - [MESSAGE][WARNING] - Object 'Object Repository/FDR-VoucherEntry/VoucherHeader/reviewButton' is not present after 2 second(s)

2020-09-15 14:39:30 - [TEST_STEP][PASSED] - click(findTestObject("FDR-Dashboard/Filters/resumeFilterButton")): Object: 'Object Repository/FDR-Dashboard/Filters/resumeFilterButton' is clicked on

2020-09-15 14:39:31 - [MESSAGE][PASSED] - Object: 'Object Repository/FDR-Dashboard/Filters/resumeFilterButton' is clicked on

2020-09-15 14:39:31 - [TEST_STEP][PASSED] - waitForElementPresent(findTestObject("FDR-VoucherEntry/VoucherHeader/reviewButton"), 2): Object 'Object Repository/FDR-VoucherEntry/VoucherHeader/reviewButton' is not present after 2 second(s)

2020-09-15 14:39:34 - [MESSAGE][INFO] - Unable to find the element located by 'By.xpath: //*[@data-id='action-button']//*[contains(text(),'Review')]'. Please recheck the objects properties to make sure the desired element is located. 

2020-09-15 14:39:34 - [MESSAGE][WARNING] - Object 'Object Repository/FDR-VoucherEntry/VoucherHeader/reviewButton' is not present after 2 second(s)

2020-09-15 14:39:34 - [TEST_STEP][PASSED] - assert validators.validateVoucherLabelAndTag("Resume") == true: For Voucher Number CAP00000009 Label is Submit immediately and HighPriorityTag Presence is false

2020-09-15 14:39:34 - [MESSAGE][PASSED] - Object 'Object Repository/FDR-Dashboard/createNewVoucherButton' is present

2020-09-15 14:39:35 - [MESSAGE][PASSED] - For Resume State voucher CAP00000176 Label:Submit for draw and Presence of High Priority Tag false is Verified when duration is >10days+72hours

2020-09-15 14:39:35 - [MESSAGE][PASSED] - For Voucher Number CAP00000176 Label is Submit for draw and HighPriorityTag Presence is false

2020-09-15 14:39:36 - [MESSAGE][PASSED] - For Resume State voucher CAP00000145 Label:Submit by tomorrow, 12:00 pm and Presence of High Priority Tag false is Verified when duration is >48hours,<=10days+48hours

2020-09-15 14:39:36 - [MESSAGE][PASSED] - For Voucher Number CAP00000145 Label is Submit by tomorrow, 12:00 pm and HighPriorityTag Presence is false

2020-09-15 14:39:37 - [MESSAGE][PASSED] - For Voucher Number CAP00000002 Label is Submit immediately and HighPriorityTag Presence is false

2020-09-15 14:39:38 - [MESSAGE][PASSED] - For Voucher Number CAP00000003 Label is Submit immediately and HighPriorityTag Presence is false

2020-09-15 14:39:39 - [MESSAGE][PASSED] - For Voucher Number CAP00000004 Label is Submit immediately and HighPriorityTag Presence is false

2020-09-15 14:39:40 - [MESSAGE][PASSED] - For Voucher Number CAP00000005 Label is Submit immediately and HighPriorityTag Presence is false

2020-09-15 14:39:41 - [MESSAGE][PASSED] - For Voucher Number CAP00000006 Label is Submit immediately and HighPriorityTag Presence is false

2020-09-15 14:39:42 - [MESSAGE][PASSED] - For Voucher Number CAP00000007 Label is Submit immediately and HighPriorityTag Presence is false

2020-09-15 14:39:43 - [MESSAGE][PASSED] - For Voucher Number CAP00000008 Label is Submit immediately and HighPriorityTag Presence is false

2020-09-15 14:39:44 - [MESSAGE][PASSED] - For Voucher Number CAP00000009 Label is Submit immediately and HighPriorityTag Presence is false

2020-09-15 14:39:44 - [TEST_STEP][PASSED] - waitForElementPresent(findTestObject("FDR-VoucherEntry/VoucherHeader/reviewButton"), 2): Object 'Object Repository/FDR-VoucherEntry/VoucherHeader/reviewButton' is not present after 2 second(s)

2020-09-15 14:39:47 - [MESSAGE][INFO] - Unable to find the element located by 'By.xpath: //*[@data-id='action-button']//*[contains(text(),'Review')]'. Please recheck the objects properties to make sure the desired element is located. 

2020-09-15 14:39:47 - [MESSAGE][WARNING] - Object 'Object Repository/FDR-VoucherEntry/VoucherHeader/reviewButton' is not present after 2 second(s)

2020-09-15 14:39:47 - [TEST_STEP][PASSED] - click(findTestObject("FDR-Dashboard/Filters/fixFilterButton")): Object: 'Object Repository/FDR-Dashboard/Filters/fixFilterButton' is clicked on

2020-09-15 14:39:48 - [MESSAGE][PASSED] - Object: 'Object Repository/FDR-Dashboard/Filters/fixFilterButton' is clicked on

2020-09-15 14:39:48 - [TEST_STEP][PASSED] - waitForElementPresent(findTestObject("FDR-VoucherEntry/VoucherHeader/reviewButton"), 2): Object 'Object Repository/FDR-VoucherEntry/VoucherHeader/reviewButton' is not present after 2 second(s)

2020-09-15 14:39:51 - [MESSAGE][INFO] - Unable to find the element located by 'By.xpath: //*[@data-id='action-button']//*[contains(text(),'Review')]'. Please recheck the objects properties to make sure the desired element is located. 

2020-09-15 14:39:51 - [MESSAGE][WARNING] - Object 'Object Repository/FDR-VoucherEntry/VoucherHeader/reviewButton' is not present after 2 second(s)

2020-09-15 14:39:51 - [TEST_STEP][PASSED] - assert validators.validateVoucherLabelAndTag("Fix") == true: For Voucher Number CAP00000008 Label is Submit immediately and HighPriorityTag Presence is false

2020-09-15 14:39:51 - [MESSAGE][PASSED] - Object 'Object Repository/FDR-Dashboard/createNewVoucherButton' is present

2020-09-15 14:39:52 - [MESSAGE][PASSED] - For Fix State voucher CAP00000142 Label:Submit for draw and Presence of High Priority Tag false is Verified when duration is >10days+72hours

2020-09-15 14:39:52 - [MESSAGE][PASSED] - For Voucher Number CAP00000142 Label is Submit for draw and HighPriorityTag Presence is false

2020-09-15 14:39:53 - [MESSAGE][PASSED] - For Fix State voucher CAP00000176 Label:Submit for draw and Presence of High Priority Tag false is Verified when duration is >10days+72hours

2020-09-15 14:39:53 - [MESSAGE][PASSED] - For Voucher Number CAP00000176 Label is Submit for draw and HighPriorityTag Presence is false

2020-09-15 14:39:54 - [MESSAGE][PASSED] - For Fix State voucher CAP00000145 Label:Submit by tomorrow, 12:00 pm and Presence of High Priority Tag false is Verified when duration is >48hours,<=10days+48hours

2020-09-15 14:39:54 - [MESSAGE][PASSED] - For Voucher Number CAP00000145 Label is Submit by tomorrow, 12:00 pm and HighPriorityTag Presence is false

2020-09-15 14:39:55 - [MESSAGE][PASSED] - For Voucher Number CAP00000002 Label is Submit immediately and HighPriorityTag Presence is false

2020-09-15 14:39:56 - [MESSAGE][PASSED] - For Voucher Number CAP00000003 Label is Submit immediately and HighPriorityTag Presence is false

2020-09-15 14:39:57 - [MESSAGE][PASSED] - For Voucher Number CAP00000004 Label is Submit immediately and HighPriorityTag Presence is false

2020-09-15 14:39:58 - [MESSAGE][PASSED] - For Voucher Number CAP00000005 Label is Submit immediately and HighPriorityTag Presence is false

2020-09-15 14:39:59 - [MESSAGE][PASSED] - For Voucher Number CAP00000006 Label is Submit immediately and HighPriorityTag Presence is false

2020-09-15 14:40:00 - [MESSAGE][PASSED] - For Voucher Number CAP00000007 Label is Submit immediately and HighPriorityTag Presence is false

2020-09-15 14:40:01 - [MESSAGE][PASSED] - For Voucher Number CAP00000008 Label is Submit immediately and HighPriorityTag Presence is false

2020-09-15 14:40:01 - [TEST_STEP][PASSED] - click(findTestObject("FDR-Dashboard/Filters/clearFilterButton")): Object: 'Object Repository/FDR-Dashboard/Filters/clearFilterButton' is clicked on

2020-09-15 14:40:01 - [MESSAGE][PASSED] - Object: 'Object Repository/FDR-Dashboard/Filters/clearFilterButton' is clicked on

2020-09-15 14:40:01 - [TEST_STEP][PASSED] - waitForElementPresent(findTestObject("FDR-VoucherEntry/VoucherHeader/reviewButton"), 2): Object 'Object Repository/FDR-VoucherEntry/VoucherHeader/reviewButton' is not present after 2 second(s)

2020-09-15 14:40:04 - [MESSAGE][INFO] - Unable to find the element located by 'By.xpath: //*[@data-id='action-button']//*[contains(text(),'Review')]'. Please recheck the objects properties to make sure the desired element is located. 

2020-09-15 14:40:04 - [MESSAGE][WARNING] - Object 'Object Repository/FDR-VoucherEntry/VoucherHeader/reviewButton' is not present after 2 second(s)

2020-09-15 14:40:04 - [TEST_STEP][PASSED] - click(findTestObject("FDR-Dashboard/Filters/printFilterButton")): Object: 'Object Repository/FDR-Dashboard/Filters/printFilterButton' is clicked on

2020-09-15 14:40:05 - [MESSAGE][PASSED] - Object: 'Object Repository/FDR-Dashboard/Filters/printFilterButton' is clicked on

2020-09-15 14:40:05 - [TEST_STEP][PASSED] - waitForElementPresent(findTestObject("FDR-VoucherEntry/VoucherHeader/reviewButton"), 2): Object 'Object Repository/FDR-VoucherEntry/VoucherHeader/reviewButton' is not present after 2 second(s)

2020-09-15 14:40:08 - [MESSAGE][INFO] - Unable to find the element located by 'By.xpath: //*[@data-id='action-button']//*[contains(text(),'Review')]'. Please recheck the objects properties to make sure the desired element is located. 

2020-09-15 14:40:08 - [MESSAGE][WARNING] - Object 'Object Repository/FDR-VoucherEntry/VoucherHeader/reviewButton' is not present after 2 second(s)

2020-09-15 14:40:08 - [TEST_STEP][PASSED] - assert validators.validateVoucherLabelAndTag("Print") == true: For Voucher Number CAP00000346 Label is Print for draw and HighPriorityTag Presence is false

2020-09-15 14:40:08 - [MESSAGE][PASSED] - Object 'Object Repository/FDR-Dashboard/createNewVoucherButton' is present

2020-09-15 14:40:09 - [MESSAGE][PASSED] - For Print State voucher CAP00000180 Label:Print for draw and Presence of High Priority Tag false is Verified when duration is >10days+24hours

2020-09-15 14:40:09 - [MESSAGE][PASSED] - For Voucher Number CAP00000180 Label is Print for draw and HighPriorityTag Presence is false

2020-09-15 14:40:10 - [MESSAGE][PASSED] - For Print State voucher CAP00000362 Label:Print for draw and Presence of High Priority Tag false is Verified when duration is >10days+24hours

2020-09-15 14:40:10 - [MESSAGE][PASSED] - For Voucher Number CAP00000362 Label is Print for draw and HighPriorityTag Presence is false

2020-09-15 14:40:11 - [MESSAGE][PASSED] - For Print State voucher CAP00000366 Label:Print for draw and Presence of High Priority Tag false is Verified when duration is >10days+24hours

2020-09-15 14:40:11 - [MESSAGE][PASSED] - For Voucher Number CAP00000366 Label is Print for draw and HighPriorityTag Presence is false

2020-09-15 14:40:12 - [MESSAGE][PASSED] - For Print State voucher CAP00000345 Label:Print for draw and Presence of High Priority Tag false is Verified when duration is >10days+24hours

2020-09-15 14:40:12 - [MESSAGE][PASSED] - For Voucher Number CAP00000345 Label is Print for draw and HighPriorityTag Presence is false

2020-09-15 14:40:13 - [MESSAGE][PASSED] - For Print State voucher CAP00000346 Label:Print for draw and Presence of High Priority Tag false is Verified when duration is >10days+24hours

2020-09-15 14:40:13 - [MESSAGE][PASSED] - For Voucher Number CAP00000346 Label is Print for draw and HighPriorityTag Presence is false

2020-09-15 14:40:13 - [TEST_STEP][PASSED] - click(findTestObject("FDR-Dashboard/Filters/clearFilterButton")): Object: 'Object Repository/FDR-Dashboard/Filters/clearFilterButton' is clicked on

2020-09-15 14:40:13 - [MESSAGE][PASSED] - Object: 'Object Repository/FDR-Dashboard/Filters/clearFilterButton' is clicked on

2020-09-15 14:40:13 - [TEST_STEP][PASSED] - waitForElementPresent(findTestObject("FDR-VoucherEntry/VoucherHeader/reviewButton"), 2): Object 'Object Repository/FDR-VoucherEntry/VoucherHeader/reviewButton' is not present after 2 second(s)

2020-09-15 14:40:17 - [MESSAGE][INFO] - Unable to find the element located by 'By.xpath: //*[@data-id='action-button']//*[contains(text(),'Review')]'. Please recheck the objects properties to make sure the desired element is located. 

2020-09-15 14:40:17 - [MESSAGE][WARNING] - Object 'Object Repository/FDR-VoucherEntry/VoucherHeader/reviewButton' is not present after 2 second(s)

2020-09-15 14:40:17 - [TEST_STEP][PASSED] - click(findTestObject("FDR-Dashboard/Filters/validateFilterButton")): Object: 'Object Repository/FDR-Dashboard/Filters/validateFilterButton' is clicked on

2020-09-15 14:40:17 - [MESSAGE][PASSED] - Object: 'Object Repository/FDR-Dashboard/Filters/validateFilterButton' is clicked on

2020-09-15 14:40:17 - [TEST_STEP][PASSED] - waitForElementPresent(findTestObject("FDR-VoucherEntry/VoucherHeader/reviewButton"), 2): Object 'Object Repository/FDR-VoucherEntry/VoucherHeader/reviewButton' is not present after 2 second(s)

2020-09-15 14:40:20 - [MESSAGE][INFO] - Unable to find the element located by 'By.xpath: //*[@data-id='action-button']//*[contains(text(),'Review')]'. Please recheck the objects properties to make sure the desired element is located. 

2020-09-15 14:40:20 - [MESSAGE][WARNING] - Object 'Object Repository/FDR-VoucherEntry/VoucherHeader/reviewButton' is not present after 2 second(s)

2020-09-15 14:40:20 - [TEST_STEP][PASSED] - assert validators.validateVoucherLabelAndTag("Validate") == true: For Voucher Number CAP00000339 Label is Approve for draw and HighPriorityTag Presence is false

2020-09-15 14:40:20 - [MESSAGE][PASSED] - Object 'Object Repository/FDR-Dashboard/createNewVoucherButton' is present

2020-09-15 14:40:22 - [MESSAGE][PASSED] - For Validate State voucher CAP00000021 Label:Approve for draw and Presence of High Priority Tag false is Verified when duration is >10days+48hours

2020-09-15 14:40:22 - [MESSAGE][PASSED] - For Voucher Number CAP00000021 Label is Approve for draw and HighPriorityTag Presence is false

2020-09-15 14:40:23 - [MESSAGE][PASSED] - For Validate State voucher CAP00000300 Label:Approve for draw and Presence of High Priority Tag false is Verified when duration is >10days+48hours

2020-09-15 14:40:23 - [MESSAGE][PASSED] - For Voucher Number CAP00000300 Label is Approve for draw and HighPriorityTag Presence is false

2020-09-15 14:40:24 - [MESSAGE][PASSED] - For Validate State voucher CAP00000226 Label:Approve for draw and Presence of High Priority Tag false is Verified when duration is >10days+48hours

2020-09-15 14:40:24 - [MESSAGE][PASSED] - For Voucher Number CAP00000226 Label is Approve for draw and HighPriorityTag Presence is false

2020-09-15 14:40:25 - [MESSAGE][PASSED] - For Validate State voucher CAP00000227 Label:Approve for draw and Presence of High Priority Tag false is Verified when duration is >10days+48hours

2020-09-15 14:40:25 - [MESSAGE][PASSED] - For Voucher Number CAP00000227 Label is Approve for draw and HighPriorityTag Presence is false

2020-09-15 14:40:25 - [MESSAGE][PASSED] - For Validate State voucher CAP00000229 Label:Approve for draw and Presence of High Priority Tag false is Verified when duration is >10days+48hours

2020-09-15 14:40:25 - [MESSAGE][PASSED] - For Voucher Number CAP00000229 Label is Approve for draw and HighPriorityTag Presence is false

2020-09-15 14:40:26 - [MESSAGE][PASSED] - For Validate State voucher CAP00000127 Label:Approve for draw and Presence of High Priority Tag false is Verified when duration is >10days+48hours

2020-09-15 14:40:26 - [MESSAGE][PASSED] - For Voucher Number CAP00000127 Label is Approve for draw and HighPriorityTag Presence is false

2020-09-15 14:40:27 - [MESSAGE][PASSED] - For Validate State voucher CAP00000140 Label:Approve for draw and Presence of High Priority Tag false is Verified when duration is >10days+48hours

2020-09-15 14:40:27 - [MESSAGE][PASSED] - For Voucher Number CAP00000140 Label is Approve for draw and HighPriorityTag Presence is false

2020-09-15 14:40:28 - [MESSAGE][PASSED] - For Validate State voucher CAP00000230 Label:Approve for draw and Presence of High Priority Tag false is Verified when duration is >10days+48hours

2020-09-15 14:40:28 - [MESSAGE][PASSED] - For Voucher Number CAP00000230 Label is Approve for draw and HighPriorityTag Presence is false

2020-09-15 14:40:29 - [MESSAGE][PASSED] - For Validate State voucher CAP00000231 Label:Approve for draw and Presence of High Priority Tag false is Verified when duration is >10days+48hours

2020-09-15 14:40:29 - [MESSAGE][PASSED] - For Voucher Number CAP00000231 Label is Approve for draw and HighPriorityTag Presence is false

2020-09-15 14:40:30 - [MESSAGE][PASSED] - For Voucher Number CAP00000339 Label is Approve for draw and HighPriorityTag Presence is false

2020-09-15 14:40:30 - [TEST_STEP][PASSED] - Start tear down : tearDownTestCase: Method 'tearDownTestCase' complete successfully

2020-09-15 14:40:30 - [MESSAGE][PASSED] - Method 'tearDownTestCase' complete successfully

2020-09-15 14:40:30 - [TEST_STEP][PASSED] - Start listener action : sampleAfterTestCase: null

2020-09-15 14:40:30 - [TEST_STEP][PASSED] - profileName = getExecutionProfile(): null

2020-09-15 14:40:30 - [TEST_STEP][PASSED] - switch (profileName): null

2020-09-15 14:40:30 - [TEST_STEP][PASSED] - case "superUser":: null

2020-09-15 14:40:30 - [TEST_STEP][PASSED] - return null: null

2020-09-15 14:40:30 - [TEST_STEP][PASSED] - Start listener action : afterTestCase: null

2020-09-15 14:40:30 - [TEST_STEP][PASSED] - profileName = getExecutionProfile(): null

2020-09-15 14:40:30 - [TEST_STEP][PASSED] - if (profileName.equalsIgnoreCase("SysAdmin")): null

2020-09-15 14:40:30 - [TEST_STEP][PASSED] - Start listener action : sampleAfterTestCase: null

2020-09-15 14:40:30 - [TEST_STEP][PASSED] - profileName = getExecutionProfile(): null

2020-09-15 14:40:30 - [TEST_STEP][PASSED] - switch (profileName): null

2020-09-15 14:40:30 - [TEST_STEP][PASSED] - case "Voucher":: null

2020-09-15 14:40:30 - [TEST_STEP][PASSED] - Uifunctions.logoutFDR(): Browser is closed

2020-09-15 14:40:31 - [MESSAGE][PASSED] - Browser is closed

2020-09-15 14:40:31 - [TEST_STEP][PASSED] - break: null

2020-09-15 14:40:31 - [TEST_STEP][PASSED] - Start listener action : addFailedTCToList: null]]></system-out>
         <system-err><![CDATA[]]></system-err>
      </testcase>
      <testcase name="Test Cases/WEB-UI-TESTS/Voucher/FDR-Delete-Undo-DistributionLine" time="240.878" classname="Test Cases/WEB-UI-TESTS/Voucher/FDR-Delete-Undo-DistributionLine" status="PASSED">
         <system-out><![CDATA[2020-09-15 14:40:31 - [TEST_CASE][PASSED] - Test Cases/WEB-UI-TESTS/Voucher/FDR-Delete-Undo-DistributionLine: Test Cases/WEB-UI-TESTS/Voucher/FDR-Delete-Undo-DistributionLine

2020-09-15 14:40:31 - [TEST_STEP][PASSED] - Start listener action : sampleBeforeTestCase: null

2020-09-15 14:40:31 - [TEST_STEP][PASSED] - profileName = getExecutionProfile(): null

2020-09-15 14:40:31 - [TEST_STEP][PASSED] - switch (profileName): null

2020-09-15 14:40:31 - [TEST_STEP][PASSED] - case "superUser":: null

2020-09-15 14:40:31 - [TEST_STEP][PASSED] - return null: null

2020-09-15 14:40:31 - [TEST_STEP][PASSED] - Start listener action : beforeTestCase: null

2020-09-15 14:40:31 - [TEST_STEP][PASSED] - profileName = getExecutionProfile(): null

2020-09-15 14:40:31 - [TEST_STEP][PASSED] - if (profileName.equalsIgnoreCase("SysAdmin")): null

2020-09-15 14:40:31 - [TEST_STEP][PASSED] - Start listener action : sampleBeforeTestCase: Navigate to 'https://fdr-katalon.cammis-mod-dev.dhcs.ca.gov' successfully

2020-09-15 14:40:31 - [TEST_STEP][PASSED] - profileName = getExecutionProfile(): null

2020-09-15 14:40:31 - [TEST_STEP][PASSED] - testCaseId = testCaseContext.getTestCaseId(): null

2020-09-15 14:40:31 - [TEST_STEP][PASSED] - switch (profileName): null

2020-09-15 14:40:31 - [TEST_STEP][PASSED] - case "Voucher":: null

2020-09-15 14:40:31 - [TEST_STEP][PASSED] - Uifunctions.loginFDR(accountsApproverAcc2, accountsApproverAcc2Pwd): Object: 'Object Repository/FDR-SignIn/SignInButton' is clicked on

2020-09-15 14:40:31 - [MESSAGE][INFO] - Starting 'Chrome' driver

2020-09-15 14:40:31 - [MESSAGE][INFO] - Action delay is set to 0 milliseconds

2020-09-15 14:40:34 - [MESSAGE][PASSED] - Browser is opened with url: ''

2020-09-15 14:40:36 - [MESSAGE][PASSED] - Current window maximized

2020-09-15 14:40:41 - [MESSAGE][PASSED] - Navigate to 'https://fdr-katalon.cammis-mod-dev.dhcs.ca.gov' successfully

2020-09-15 14:40:42 - [MESSAGE][PASSED] - Object 'Object Repository/FDR-SignIn/SignInEmail' is present

2020-09-15 14:40:42 - [MESSAGE][PASSED] - Object: 'Object Repository/FDR-SignIn/SignInEmail' is clicked on

2020-09-15 14:40:42 - [MESSAGE][PASSED] - Object 'Object Repository/FDR-SignIn/SignInEmail' is present

2020-09-15 14:40:43 - [MESSAGE][PASSED] - Text 'fdr.test2@dhcs.ca.gov' is set on object 'Object Repository/FDR-SignIn/SignInEmail'

2020-09-15 14:40:43 - [MESSAGE][PASSED] - Object 'Object Repository/FDR-SignIn/SignInEmailNext' is visible

2020-09-15 14:40:44 - [MESSAGE][PASSED] - Object: 'Object Repository/FDR-SignIn/SignInEmailNext' is clicked on

2020-09-15 14:40:47 - [MESSAGE][PASSED] - Object 'Object Repository/FDR-SignIn/SignInEmailPassword' is visible

2020-09-15 14:40:47 - [MESSAGE][PASSED] - Object: 'Object Repository/FDR-SignIn/SignInEmailPassword' is clicked on

2020-09-15 14:40:47 - [MESSAGE][PASSED] - Text ****** has been set on object 'Object Repository/FDR-SignIn/SignInEmailPassword'

2020-09-15 14:40:49 - [MESSAGE][PASSED] - Object: 'Object Repository/FDR-SignIn/SignInButton' is clicked on

2020-09-15 14:40:49 - [TEST_STEP][PASSED] - break: null

2020-09-15 14:40:49 - [TEST_STEP][PASSED] - navigateToUrl(URL): Navigate to 'https://fdr-katalon.cammis-mod-dev.dhcs.ca.gov' successfully

2020-09-15 14:40:50 - [MESSAGE][PASSED] - Navigate to 'https://fdr-katalon.cammis-mod-dev.dhcs.ca.gov' successfully

2020-09-15 14:40:50 - [TEST_STEP][PASSED] - Start listener action : executeRows: null

2020-09-15 14:40:50 - [TEST_STEP][PASSED] - Start setup action : setupTestCase: Method 'setupTestCase' complete successfully

2020-09-15 14:40:50 - [MESSAGE][PASSED] - Method 'setupTestCase' complete successfully

2020-09-15 14:40:50 - [TEST_STEP][PASSED] - callTestCase(findTestCase("WEB-UI-TESTS/Voucher/FDR-Create-Simple-Voucher"), ["drawDate":drawDate, "payDate":payDate, "programType":programType, "invoiceType":invoiceType, "fundCode":fundCode, "supplier":supplier, ... ], STOP_ON_FAILURE): Call Test Case 'Test Cases/WEB-UI-TESTS/Voucher/FDR-Create-Simple-Voucher' successfully

2020-09-15 14:40:50 - [TEST_CASE][PASSED] - Test Cases/WEB-UI-TESTS/Voucher/FDR-Create-Simple-Voucher: Test Cases/WEB-UI-TESTS/Voucher/FDR-Create-Simple-Voucher

2020-09-15 14:40:50 - [TEST_STEP][PASSED] - voucherHeaderData = ["drawDate":drawDate, "payDate":payDate, "programType":programType, "invoiceType":invoiceType, "fundCode":fundCode, "supplier":supplier, ... ]: null

2020-09-15 14:40:50 - [TEST_STEP][PASSED] - Uifunctions.createVoucherHeader(voucherHeaderData): Object 'Object Repository/FDR-VoucherEntry/VoucherHeader/reviewButton' is present

2020-09-15 14:40:52 - [MESSAGE][PASSED] - Object 'Object Repository/FDR-Dashboard/createNewVoucherButton' is present

2020-09-15 14:40:52 - [MESSAGE][PASSED] - Object: 'Object Repository/FDR-Dashboard/createNewVoucherButton' is clicked on

2020-09-15 14:40:56 - [MESSAGE][INFO] - Unable to find the element located by 'By.xpath: //*[@data-id='action-button']//*[contains(text(),'Review')]'. Please recheck the objects properties to make sure the desired element is located. 

2020-09-15 14:40:56 - [MESSAGE][WARNING] - Object 'Object Repository/FDR-VoucherEntry/VoucherHeader/reviewButton' is not present after 3 second(s)

2020-09-15 14:40:57 - [MESSAGE][PASSED] - Object: 'Object Repository/FDR-VoucherEntry/Voucher/drawDate' is clicked on

2020-09-15 14:40:59 - [MESSAGE][INFO] - Unable to find the element located by 'By.xpath: //*[@data-id='button-link']//*[contains(text(),'Create New Voucher')]'. Please recheck the objects properties to make sure the desired element is located. 

2020-09-15 14:40:59 - [MESSAGE][WARNING] - Object 'Object Repository/FDR-Dashboard/createNewVoucherButton' is not present after 1 second(s)

2020-09-15 14:41:00 - [MESSAGE][PASSED] - Text '10/05/2020' is set on object 'Object Repository/FDR-VoucherEntry/Voucher/drawDate'

2020-09-15 14:41:04 - [MESSAGE][INFO] - Unable to find the element located by 'By.xpath: //*[@data-id='button-link']//*[contains(text(),'Create New Voucher')]'. Please recheck the objects properties to make sure the desired element is located. 

2020-09-15 14:41:04 - [MESSAGE][WARNING] - Object 'Object Repository/FDR-Dashboard/createNewVoucherButton' is not present after 3 second(s)

2020-09-15 14:41:04 - [MESSAGE][PASSED] - Object: 'Object Repository/FDR-VoucherEntry/Voucher/programType' is clicked on

2020-09-15 14:41:07 - [MESSAGE][INFO] - Unable to find the element located by 'By.xpath: //*[@data-id='button-link']//*[contains(text(),'Create New Voucher')]'. Please recheck the objects properties to make sure the desired element is located. 

2020-09-15 14:41:07 - [MESSAGE][WARNING] - Object 'Object Repository/FDR-Dashboard/createNewVoucherButton' is not present after 2 second(s)

2020-09-15 14:41:08 - [MESSAGE][PASSED] - Keys 'Medical Assistance (MA)' sent to object: 'Object Repository/FDR-VoucherEntry/Voucher/programType'

2020-09-15 14:41:08 - [MESSAGE][PASSED] - Object 'Object Repository/FDR-VoucherEntry/Voucher/programType' is present

2020-09-15 14:41:08 - [MESSAGE][PASSED] - Keys 'DOWN + ENTER + ' sent to object: 'Object Repository/FDR-VoucherEntry/Voucher/programType'

2020-09-15 14:41:09 - [MESSAGE][PASSED] - Object: 'Object Repository/FDR-VoucherEntry/Voucher/invoiceType' is clicked on

2020-09-15 14:41:09 - [MESSAGE][PASSED] - Object 'Object Repository/FDR-VoucherEntry/Voucher/invoiceType' is present

2020-09-15 14:41:10 - [MESSAGE][PASSED] - Keys 'CAP' sent to object: 'Object Repository/FDR-VoucherEntry/Voucher/invoiceType'

2020-09-15 14:41:10 - [MESSAGE][PASSED] - Keys 'DOWN + ENTER + ' sent to object: 'Object Repository/FDR-VoucherEntry/Voucher/invoiceType'

2020-09-15 14:41:11 - [MESSAGE][PASSED] - Object: 'Object Repository/FDR-VoucherEntry/Voucher/fundCode' is clicked on

2020-09-15 14:41:11 - [MESSAGE][PASSED] - Keys 'Health Care Deposit Fund (0912)' sent to object: 'Object Repository/FDR-VoucherEntry/Voucher/fundCode'

2020-09-15 14:41:12 - [MESSAGE][PASSED] - Object 'Object Repository/FDR-VoucherEntry/Voucher/fundCode' is present

2020-09-15 14:41:12 - [MESSAGE][PASSED] - Keys 'DOWN + ENTER + ' sent to object: 'Object Repository/FDR-VoucherEntry/Voucher/fundCode'

2020-09-15 14:41:13 - [MESSAGE][PASSED] - Object: 'Object Repository/FDR-VoucherEntry/Voucher/supplierID' is clicked on

2020-09-15 14:41:13 - [MESSAGE][PASSED] - Keys '0000008024' sent to object: 'Object Repository/FDR-VoucherEntry/Voucher/supplierID'

2020-09-15 14:41:14 - [MESSAGE][PASSED] - Object 'Object Repository/FDR-VoucherEntry/Voucher/supplierID' is present

2020-09-15 14:41:14 - [MESSAGE][PASSED] - Keys 'DOWN + ENTER + ' sent to object: 'Object Repository/FDR-VoucherEntry/Voucher/supplierID'

2020-09-15 14:41:14 - [MESSAGE][PASSED] - Object: 'Object Repository/FDR-VoucherEntry/Voucher/seqNum' is clicked on

2020-09-15 14:41:15 - [MESSAGE][PASSED] - Object 'Object Repository/FDR-VoucherEntry/Voucher/seqNum' is present

2020-09-15 14:41:15 - [MESSAGE][PASSED] - Keys 'DOWN + ENTER + ' sent to object: 'Object Repository/FDR-VoucherEntry/Voucher/seqNum'

2020-09-15 14:41:16 - [MESSAGE][PASSED] - Object: 'Object Repository/FDR-VoucherEntry/Voucher/contractNum' is clicked on

2020-09-15 14:41:16 - [MESSAGE][PASSED] - Keys '11-88291' sent to object: 'Object Repository/FDR-VoucherEntry/Voucher/contractNum'

2020-09-15 14:41:17 - [MESSAGE][PASSED] - Object 'Object Repository/FDR-VoucherEntry/Voucher/contractNum' is present

2020-09-15 14:41:17 - [MESSAGE][PASSED] - Keys 'DOWN + ENTER + ' sent to object: 'Object Repository/FDR-VoucherEntry/Voucher/contractNum'

2020-09-15 14:41:19 - [MESSAGE][PASSED] - Text 'This message will print on the Remittance Advice' is set on object 'Object Repository/FDR-VoucherEntry/Voucher/vendorMessage'

2020-09-15 14:41:20 - [MESSAGE][PASSED] - Object: 'Object Repository/FDR-VoucherEntry/Voucher/primaryContact' is clicked on

2020-09-15 14:41:20 - [MESSAGE][PASSED] - Keys 'James Mowrer' sent to object: 'Object Repository/FDR-VoucherEntry/Voucher/primaryContact'

2020-09-15 14:41:21 - [MESSAGE][PASSED] - Object 'Object Repository/FDR-VoucherEntry/Voucher/primaryContact' is present

2020-09-15 14:41:21 - [MESSAGE][PASSED] - Keys 'DOWN + ENTER + ' sent to object: 'Object Repository/FDR-VoucherEntry/Voucher/primaryContact'

2020-09-15 14:41:22 - [MESSAGE][PASSED] - Object: 'Object Repository/FDR-VoucherEntry/Voucher/secondaryContact' is clicked on

2020-09-15 14:41:22 - [MESSAGE][PASSED] - Keys 'Angela Kazaryan' sent to object: 'Object Repository/FDR-VoucherEntry/Voucher/secondaryContact'

2020-09-15 14:41:23 - [MESSAGE][PASSED] - Object 'Object Repository/FDR-VoucherEntry/Voucher/secondaryContact' is present

2020-09-15 14:41:23 - [MESSAGE][PASSED] - Object 'Object Repository/FDR-VoucherEntry/Voucher/secondaryContact' is present

2020-09-15 14:41:23 - [MESSAGE][PASSED] - Keys 'DOWN + ENTER + ' sent to object: 'Object Repository/FDR-VoucherEntry/Voucher/secondaryContact'

2020-09-15 14:41:24 - [MESSAGE][PASSED] - Object: 'Object Repository/FDR-VoucherEntry/Voucher/buttonNext' is clicked on

2020-09-15 14:41:27 - [MESSAGE][PASSED] - Delayed 3 second(s)

2020-09-15 14:41:27 - [MESSAGE][PASSED] - Object 'Object Repository/FDR-VoucherEntry/VoucherHeader/reviewButton' is present

2020-09-15 14:41:27 - [TEST_STEP][PASSED] - waitForElementPresent(findTestObject("FDR-Dashboard/createNewVoucherButton"), 4): Object 'Object Repository/FDR-Dashboard/createNewVoucherButton' is not present after 4 second(s)

2020-09-15 14:41:32 - [MESSAGE][INFO] - Unable to find the element located by 'By.xpath: //*[@data-id='button-link']//*[contains(text(),'Create New Voucher')]'. Please recheck the objects properties to make sure the desired element is located. 

2020-09-15 14:41:32 - [MESSAGE][WARNING] - Object 'Object Repository/FDR-Dashboard/createNewVoucherButton' is not present after 4 second(s)

2020-09-15 14:41:32 - [TEST_STEP][PASSED] - Uifunctions.createInvoiceLine(1): Object 'Object Repository/FDR-VoucherEntry/VoucherHeader/reviewButton' is present

2020-09-15 14:41:33 - [MESSAGE][PASSED] - Object 'Object Repository/FDR-VoucherEntry/VoucherHeader/reviewButton' is present

2020-09-15 14:41:36 - [MESSAGE][INFO] - Unable to find the element located by 'By.xpath: //*[contains(text(),'Add voucher')]//parent::button'. Please recheck the objects properties to make sure the desired element is located. 

2020-09-15 14:41:36 - [MESSAGE][WARNING] - Object 'Object Repository/FDR-VoucherEntry/InvoiceLine/addVoucherButton' is not present after 2 second(s)

2020-09-15 14:41:36 - [MESSAGE][PASSED] - Object 'Object Repository/FDR-VoucherEntry/InvoiceLine/invoice' is clickable

2020-09-15 14:41:36 - [MESSAGE][PASSED] - Object: 'Object Repository/FDR-VoucherEntry/InvoiceLine/invoice' is clicked on

2020-09-15 14:41:37 - [MESSAGE][PASSED] - Text '9440' is set on object 'Object Repository/FDR-VoucherEntry/InvoiceLine/invoice'

2020-09-15 14:41:37 - [MESSAGE][PASSED] - Object: 'Object Repository/FDR-VoucherEntry/InvoiceLine/invoiceDate' is clicked on

2020-09-15 14:41:38 - [MESSAGE][PASSED] - Object 'Object Repository/FDR-VoucherEntry/InvoiceLine/invoiceDate' is present

2020-09-15 14:41:38 - [MESSAGE][PASSED] - Text '09/15/2020' is set on object 'Object Repository/FDR-VoucherEntry/InvoiceLine/invoiceDate'

2020-09-15 14:41:39 - [MESSAGE][PASSED] - Object: 'Object Repository/FDR-VoucherEntry/InvoiceLine/originalWarrantDate' is clicked on

2020-09-15 14:41:40 - [MESSAGE][PASSED] - Text '09/16/2020' is set on object 'Object Repository/FDR-VoucherEntry/InvoiceLine/originalWarrantDate'

2020-09-15 14:41:40 - [MESSAGE][PASSED] - Object 'Object Repository/FDR-VoucherEntry/InvoiceLine/addInvoiceLineButton' is present

2020-09-15 14:41:40 - [MESSAGE][PASSED] - Object: 'Object Repository/FDR-VoucherEntry/InvoiceLine/addInvoiceLineButtonIndex2' is clicked on

2020-09-15 14:41:41 - [MESSAGE][PASSED] - Object 'Object Repository/FDR-VoucherEntry/VoucherHeader/reviewButton' is present

2020-09-15 14:41:41 - [TEST_STEP][PASSED] - waitForElementClickable(findTestObject("FDR-VoucherEntry/InvoiceLine/invoiceLineExpandButton"), 5): Object 'Object Repository/FDR-VoucherEntry/InvoiceLine/invoiceLineExpandButton' is clickable

2020-09-15 14:41:41 - [MESSAGE][PASSED] - Object 'Object Repository/FDR-VoucherEntry/InvoiceLine/invoiceLineExpandButton' is clickable

2020-09-15 14:41:41 - [TEST_STEP][PASSED] - click(findTestObject("FDR-VoucherEntry/InvoiceLine/invoiceLineExpandButton")): Object: 'Object Repository/FDR-VoucherEntry/InvoiceLine/invoiceLineExpandButton' is clicked on

2020-09-15 14:41:42 - [MESSAGE][PASSED] - Object: 'Object Repository/FDR-VoucherEntry/InvoiceLine/invoiceLineExpandButton' is clicked on

2020-09-15 14:41:42 - [TEST_STEP][PASSED] - waitForElementPresent(findTestObject("FDR-Dashboard/createNewVoucherButton"), 4): Object 'Object Repository/FDR-Dashboard/createNewVoucherButton' is not present after 4 second(s)

2020-09-15 14:41:47 - [MESSAGE][INFO] - Unable to find the element located by 'By.xpath: //*[@data-id='button-link']//*[contains(text(),'Create New Voucher')]'. Please recheck the objects properties to make sure the desired element is located. 

2020-09-15 14:41:47 - [MESSAGE][WARNING] - Object 'Object Repository/FDR-Dashboard/createNewVoucherButton' is not present after 4 second(s)

2020-09-15 14:41:47 - [TEST_STEP][PASSED] - click(findTestObject("FDR-VoucherEntry/InvoiceLine/invoiceAddlineButton")): Object: 'Object Repository/FDR-VoucherEntry/InvoiceLine/invoiceAddlineButton' is clicked on

2020-09-15 14:41:47 - [MESSAGE][PASSED] - Object: 'Object Repository/FDR-VoucherEntry/InvoiceLine/invoiceAddlineButton' is clicked on

2020-09-15 14:41:47 - [TEST_STEP][PASSED] - Uifunctions.createDistributionLines(1, "Voucher/FDR-DL"): Object: 'Object Repository/FDR-VoucherEntry/DistributionLine/addSaveButton' is clicked on

2020-09-15 14:41:52 - [MESSAGE][INFO] - Unable to find the element located by 'By.xpath: //*[@data-id='button-link']//*[contains(text(),'Create New Voucher')]'. Please recheck the objects properties to make sure the desired element is located. 

2020-09-15 14:41:52 - [MESSAGE][WARNING] - Object 'Object Repository/FDR-Dashboard/createNewVoucherButton' is not present after 3 second(s)

2020-09-15 14:41:55 - [MESSAGE][INFO] - Unable to find the element located by 'By.xpath: //*[@data-id='button-link']//*[contains(text(),'Create New Voucher')]'. Please recheck the objects properties to make sure the desired element is located. 

2020-09-15 14:41:55 - [MESSAGE][WARNING] - Object 'Object Repository/FDR-Dashboard/createNewVoucherButton' is not present after 2 second(s)

2020-09-15 14:41:55 - [MESSAGE][PASSED] - Object 'Object Repository/FDR-VoucherEntry/DistributionLine/serviceDateFrom' is clickable

2020-09-15 14:41:55 - [MESSAGE][PASSED] - Object: 'Object Repository/FDR-VoucherEntry/DistributionLine/serviceDateFrom' is clicked on

2020-09-15 14:41:56 - [MESSAGE][PASSED] - Object 'Object Repository/FDR-VoucherEntry/DistributionLine/serviceDateFrom' is present

2020-09-15 14:41:56 - [MESSAGE][PASSED] - Text '08/04/2020' is set on object 'Object Repository/FDR-VoucherEntry/DistributionLine/serviceDateFrom'

2020-09-15 14:41:57 - [MESSAGE][PASSED] - Object: 'Object Repository/FDR-VoucherEntry/DistributionLine/serviceDateTo' is clicked on

2020-09-15 14:41:57 - [MESSAGE][PASSED] - Object 'Object Repository/FDR-VoucherEntry/DistributionLine/serviceDateTo' is present

2020-09-15 14:41:58 - [MESSAGE][PASSED] - Text '08/05/2020' is set on object 'Object Repository/FDR-VoucherEntry/DistributionLine/serviceDateTo'

2020-09-15 14:42:01 - [MESSAGE][INFO] - Unable to find the element located by 'By.xpath: //*[@data-id='button-link']//*[contains(text(),'Create New Voucher')]'. Please recheck the objects properties to make sure the desired element is located. 

2020-09-15 14:42:01 - [MESSAGE][WARNING] - Object 'Object Repository/FDR-Dashboard/createNewVoucherButton' is not present after 2 second(s)

2020-09-15 14:42:02 - [MESSAGE][PASSED] - Object: 'Object Repository/FDR-VoucherEntry/DistributionLine/amount' is clicked on

2020-09-15 14:42:02 - [MESSAGE][PASSED] - Execute JavaScript 'arguments[0].value='';' successfully

2020-09-15 14:42:02 - [MESSAGE][PASSED] - Keys '100' sent to object: 'Object Repository/FDR-VoucherEntry/DistributionLine/amount'

2020-09-15 14:42:04 - [MESSAGE][INFO] - Unable to find the element located by 'By.xpath: //*[@data-id='button-link']//*[contains(text(),'Create New Voucher')]'. Please recheck the objects properties to make sure the desired element is located. 

2020-09-15 14:42:04 - [MESSAGE][WARNING] - Object 'Object Repository/FDR-Dashboard/createNewVoucherButton' is not present after 1 second(s)

2020-09-15 14:42:05 - [MESSAGE][PASSED] - Object: 'Object Repository/FDR-VoucherEntry/DistributionLine/waiverType' is clicked on

2020-09-15 14:42:07 - [MESSAGE][INFO] - Unable to find the element located by 'By.xpath: //*[@data-id='button-link']//*[contains(text(),'Create New Voucher')]'. Please recheck the objects properties to make sure the desired element is located. 

2020-09-15 14:42:07 - [MESSAGE][WARNING] - Object 'Object Repository/FDR-Dashboard/createNewVoucherButton' is not present after 1 second(s)

2020-09-15 14:42:07 - [MESSAGE][PASSED] - Keys '1115' sent to object: 'Object Repository/FDR-VoucherEntry/DistributionLine/waiverType'

2020-09-15 14:42:10 - [MESSAGE][INFO] - Unable to find the element located by 'By.xpath: //*[@data-id='button-link']//*[contains(text(),'Create New Voucher')]'. Please recheck the objects properties to make sure the desired element is located. 

2020-09-15 14:42:10 - [MESSAGE][WARNING] - Object 'Object Repository/FDR-Dashboard/createNewVoucherButton' is not present after 2 second(s)

2020-09-15 14:42:11 - [MESSAGE][PASSED] - Keys 'DOWN + ENTER + ' sent to object: 'Object Repository/FDR-VoucherEntry/DistributionLine/waiverType'

2020-09-15 14:42:11 - [MESSAGE][PASSED] - Object: 'Object Repository/FDR-VoucherEntry/DistributionLine/waiverName' is clicked on

2020-09-15 14:42:12 - [MESSAGE][PASSED] - Keys 'CBAS' sent to object: 'Object Repository/FDR-VoucherEntry/DistributionLine/waiverName'

2020-09-15 14:42:15 - [MESSAGE][INFO] - Unable to find the element located by 'By.xpath: //*[@data-id='button-link']//*[contains(text(),'Create New Voucher')]'. Please recheck the objects properties to make sure the desired element is located. 

2020-09-15 14:42:15 - [MESSAGE][WARNING] - Object 'Object Repository/FDR-Dashboard/createNewVoucherButton' is not present after 2 second(s)

2020-09-15 14:42:15 - [MESSAGE][PASSED] - Keys 'DOWN + ENTER + ' sent to object: 'Object Repository/FDR-VoucherEntry/DistributionLine/waiverName'

2020-09-15 14:42:16 - [MESSAGE][PASSED] - Object: 'Object Repository/FDR-VoucherEntry/DistributionLine/fundingSource' is clicked on

2020-09-15 14:42:17 - [MESSAGE][PASSED] - Keys 'Dental' sent to object: 'Object Repository/FDR-VoucherEntry/DistributionLine/fundingSource'

2020-09-15 14:42:20 - [MESSAGE][INFO] - Unable to find the element located by 'By.xpath: //*[@data-id='button-link']//*[contains(text(),'Create New Voucher')]'. Please recheck the objects properties to make sure the desired element is located. 

2020-09-15 14:42:20 - [MESSAGE][WARNING] - Object 'Object Repository/FDR-Dashboard/createNewVoucherButton' is not present after 2 second(s)

2020-09-15 14:42:20 - [MESSAGE][PASSED] - Keys 'DOWN + ENTER + ' sent to object: 'Object Repository/FDR-VoucherEntry/DistributionLine/fundingSource'

2020-09-15 14:42:21 - [MESSAGE][PASSED] - Object: 'Object Repository/FDR-VoucherEntry/DistributionLine/fundRatio' is clicked on

2020-09-15 14:42:21 - [MESSAGE][PASSED] - Keys '90/10' sent to object: 'Object Repository/FDR-VoucherEntry/DistributionLine/fundRatio'

2020-09-15 14:42:24 - [MESSAGE][INFO] - Unable to find the element located by 'By.xpath: //*[@data-id='button-link']//*[contains(text(),'Create New Voucher')]'. Please recheck the objects properties to make sure the desired element is located. 

2020-09-15 14:42:24 - [MESSAGE][WARNING] - Object 'Object Repository/FDR-Dashboard/createNewVoucherButton' is not present after 2 second(s)

2020-09-15 14:42:25 - [MESSAGE][PASSED] - Keys 'DOWN + ENTER + ' sent to object: 'Object Repository/FDR-VoucherEntry/DistributionLine/fundRatio'

2020-09-15 14:42:25 - [MESSAGE][PASSED] - Object: 'Object Repository/FDR-VoucherEntry/DistributionLine/nonFederalFund' is clicked on

2020-09-15 14:42:26 - [MESSAGE][PASSED] - Keys '0001' sent to object: 'Object Repository/FDR-VoucherEntry/DistributionLine/nonFederalFund'

2020-09-15 14:42:29 - [MESSAGE][INFO] - Unable to find the element located by 'By.xpath: //*[@data-id='button-link']//*[contains(text(),'Create New Voucher')]'. Please recheck the objects properties to make sure the desired element is located. 

2020-09-15 14:42:29 - [MESSAGE][WARNING] - Object 'Object Repository/FDR-Dashboard/createNewVoucherButton' is not present after 2 second(s)

2020-09-15 14:42:29 - [MESSAGE][PASSED] - Keys 'DOWN + ENTER + ' sent to object: 'Object Repository/FDR-VoucherEntry/DistributionLine/nonFederalFund'

2020-09-15 14:42:30 - [MESSAGE][PASSED] - Object: 'Object Repository/FDR-VoucherEntry/DistributionLine/account' is clicked on

2020-09-15 14:42:30 - [MESSAGE][PASSED] - Keys '5442000' sent to object: 'Object Repository/FDR-VoucherEntry/DistributionLine/account'

2020-09-15 14:42:31 - [MESSAGE][PASSED] - Keys 'DOWN + ENTER + ' sent to object: 'Object Repository/FDR-VoucherEntry/DistributionLine/account'

2020-09-15 14:42:31 - [MESSAGE][PASSED] - Object: 'Object Repository/FDR-VoucherEntry/DistributionLine/altAccount' is clicked on

2020-09-15 14:42:32 - [MESSAGE][PASSED] - Keys '5442000' sent to object: 'Object Repository/FDR-VoucherEntry/DistributionLine/altAccount'

2020-09-15 14:42:32 - [MESSAGE][PASSED] - Object 'Object Repository/FDR-VoucherEntry/DistributionLine/altAccount' is present

2020-09-15 14:42:33 - [MESSAGE][PASSED] - Keys 'DOWN + ENTER + ' sent to object: 'Object Repository/FDR-VoucherEntry/DistributionLine/altAccount'

2020-09-15 14:42:33 - [MESSAGE][PASSED] - Object: 'Object Repository/FDR-VoucherEntry/DistributionLine/serviceCategory' is clicked on

2020-09-15 14:42:36 - [MESSAGE][INFO] - Unable to find the element located by 'By.xpath: //*[@data-id='button-link']//*[contains(text(),'Create New Voucher')]'. Please recheck the objects properties to make sure the desired element is located. 

2020-09-15 14:42:36 - [MESSAGE][WARNING] - Object 'Object Repository/FDR-Dashboard/createNewVoucherButton' is not present after 2 second(s)

2020-09-15 14:42:37 - [MESSAGE][PASSED] - Keys '18B1' sent to object: 'Object Repository/FDR-VoucherEntry/DistributionLine/serviceCategory'

2020-09-15 14:42:37 - [MESSAGE][PASSED] - Keys 'DOWN + ENTER + ' sent to object: 'Object Repository/FDR-VoucherEntry/DistributionLine/serviceCategory'

2020-09-15 14:42:37 - [MESSAGE][PASSED] - Object: 'Object Repository/FDR-VoucherEntry/DistributionLine/incDecLine' is clicked on

2020-09-15 14:42:38 - [MESSAGE][PASSED] - Keys '8: Adjustments and corrections' sent to object: 'Object Repository/FDR-VoucherEntry/DistributionLine/incDecLine'

2020-09-15 14:42:38 - [MESSAGE][PASSED] - Keys 'DOWN + ENTER + ' sent to object: 'Object Repository/FDR-VoucherEntry/DistributionLine/incDecLine'

2020-09-15 14:42:41 - [MESSAGE][INFO] - Unable to find the element located by 'By.xpath: //*[@data-id='button-link']//*[contains(text(),'Create New Voucher')]'. Please recheck the objects properties to make sure the desired element is located. 

2020-09-15 14:42:41 - [MESSAGE][WARNING] - Object 'Object Repository/FDR-Dashboard/createNewVoucherButton' is not present after 1 second(s)

2020-09-15 14:42:41 - [MESSAGE][PASSED] - Object: 'Object Repository/FDR-VoucherEntry/DistributionLine/index' is clicked on

2020-09-15 14:42:42 - [MESSAGE][PASSED] - Keys '1155' sent to object: 'Object Repository/FDR-VoucherEntry/DistributionLine/index'

2020-09-15 14:42:42 - [MESSAGE][PASSED] - Keys 'DOWN + ENTER + ' sent to object: 'Object Repository/FDR-VoucherEntry/DistributionLine/index'

2020-09-15 14:42:43 - [MESSAGE][PASSED] - Object: 'Object Repository/FDR-VoucherEntry/DistributionLine/addSaveButton' is clicked on

2020-09-15 14:42:43 - [MESSAGE][PASSED] - Call Test Case 'Test Cases/WEB-UI-TESTS/Voucher/FDR-Create-Simple-Voucher' successfully

2020-09-15 14:42:43 - [TEST_STEP][PASSED] - waitForElementPresent(findTestObject("FDR-Dashboard/createNewVoucherButton"), 5): Object 'Object Repository/FDR-Dashboard/createNewVoucherButton' is not present after 5 second(s)

2020-09-15 14:42:49 - [MESSAGE][INFO] - Unable to find the element located by 'By.xpath: //*[@data-id='button-link']//*[contains(text(),'Create New Voucher')]'. Please recheck the objects properties to make sure the desired element is located. 

2020-09-15 14:42:49 - [MESSAGE][WARNING] - Object 'Object Repository/FDR-Dashboard/createNewVoucherButton' is not present after 5 second(s)

2020-09-15 14:42:49 - [TEST_STEP][PASSED] - processorVoucherNumber = getText(findTestObject("FDR-VoucherEntry/VoucherHeader/voucherNum")): Text of object 'Object Repository/FDR-VoucherEntry/VoucherHeader/voucherNum' is: 'CAP00000371'

2020-09-15 14:42:49 - [MESSAGE][PASSED] - Text of object 'Object Repository/FDR-VoucherEntry/VoucherHeader/voucherNum' is: 'CAP00000371'

2020-09-15 14:42:49 - [TEST_STEP][PASSED] - VouchertotalbefDelwith$ = getText(findTestObject("FDR-VoucherEntry/VoucherHeader/voucherTotal")): Text of object 'Object Repository/FDR-VoucherEntry/VoucherHeader/voucherTotal' is: '$100.00'

2020-09-15 14:42:49 - [MESSAGE][PASSED] - Text of object 'Object Repository/FDR-VoucherEntry/VoucherHeader/voucherTotal' is: '$100.00'

2020-09-15 14:42:49 - [TEST_STEP][PASSED] - VouchertotalbefDLDelwithout$ = VouchertotalbefDelwith$.substring(1): null

2020-09-15 14:42:49 - [TEST_STEP][PASSED] - VouchertotalbefDLDelwithoutComma = VouchertotalbefDLDelwithout$.replaceAll(",", ""): null

2020-09-15 14:42:49 - [TEST_STEP][PASSED] - VouchertotalbefDLDel = Float.parseFloat(VouchertotalbefDLDelwithoutComma): null

2020-09-15 14:42:49 - [TEST_STEP][PASSED] - InvTotalbefDLDelwith$ = getText(findTestObject("FDR-VoucherEntry/InvoiceLine/voucherTotalRowAmt")): Text of object 'Object Repository/FDR-VoucherEntry/InvoiceLine/voucherTotalRowAmt' is: '$100.00'

2020-09-15 14:42:50 - [MESSAGE][PASSED] - Text of object 'Object Repository/FDR-VoucherEntry/InvoiceLine/voucherTotalRowAmt' is: '$100.00'

2020-09-15 14:42:50 - [TEST_STEP][PASSED] - InvTotalbefDLDelwithout$ = InvTotalbefDLDelwith$.substring(1): null

2020-09-15 14:42:50 - [TEST_STEP][PASSED] - InvTotalbefDLDelwithoutComma = InvTotalbefDLDelwithout$.replaceAll(",", ""): null

2020-09-15 14:42:50 - [TEST_STEP][PASSED] - InvTotalbefDLDel = Float.parseFloat(InvTotalbefDLDelwithoutComma): null

2020-09-15 14:42:50 - [TEST_STEP][PASSED] - if (verifyElementPresent(findTestObject("FDR-VoucherEntry/DistributionLine/firstDLTotalAmt"), 3) == true): null

2020-09-15 14:42:50 - [MESSAGE][PASSED] - Object 'Object Repository/FDR-VoucherEntry/DistributionLine/firstDLTotalAmt' is present

2020-09-15 14:42:50 - [TEST_STEP][PASSED] - waitForElementPresent(findTestObject("FDR-VoucherEntry/VoucherHeader/reviewButton"), 3): Object 'Object Repository/FDR-VoucherEntry/VoucherHeader/reviewButton' is present

2020-09-15 14:42:50 - [MESSAGE][PASSED] - Object 'Object Repository/FDR-VoucherEntry/VoucherHeader/reviewButton' is present

2020-09-15 14:42:50 - [TEST_STEP][PASSED] - dLsubtotalbeforeDelwith$ = getText(findTestObject("FDR-VoucherEntry/DistributionLine/firstDLTotalAmt")): Text of object 'Object Repository/FDR-VoucherEntry/DistributionLine/firstDLTotalAmt' is: '$100.00'

2020-09-15 14:42:50 - [MESSAGE][PASSED] - Text of object 'Object Repository/FDR-VoucherEntry/DistributionLine/firstDLTotalAmt' is: '$100.00'

2020-09-15 14:42:50 - [TEST_STEP][PASSED] - dLsubtotalbeforeDelwithout$ = dLsubtotalbeforeDelwith$.substring(1): null

2020-09-15 14:42:50 - [TEST_STEP][PASSED] - dLsubtotalbeforeDelwithoutComma = dLsubtotalbeforeDelwithout$.replaceAll(",", ""): null

2020-09-15 14:42:50 - [TEST_STEP][PASSED] - dLsubtotalbeforeDel = Float.parseFloat(dLsubtotalbeforeDelwithoutComma): null

2020-09-15 14:42:50 - [TEST_STEP][PASSED] - Newexpectedvouchertotal = VouchertotalbefDLDel - dLsubtotalbeforeDel: null

2020-09-15 14:42:50 - [TEST_STEP][PASSED] - Newexpectedinvoicetotal = InvTotalbefDLDel - dLsubtotalbeforeDel: null

2020-09-15 14:42:50 - [TEST_STEP][PASSED] - Uifunctions.deleteFirstDistributionLine(): Object 'Object Repository/FDR-VoucherEntry/VoucherHeader/voucherTotal' is present

2020-09-15 14:42:51 - [MESSAGE][PASSED] - Object 'Object Repository/FDR-EditVoucher/DLHover' is present

2020-09-15 14:42:51 - [MESSAGE][PASSED] - Object: 'Object Repository/FDR-EditVoucher/DLHover' is hovered

2020-09-15 14:42:51 - [MESSAGE][PASSED] - Object 'Object Repository/FDR-EditVoucher/DLEditIcon' is present

2020-09-15 14:42:52 - [MESSAGE][PASSED] - Object: 'Object Repository/FDR-EditVoucher/DLEditIcon' is clicked on

2020-09-15 14:42:52 - [MESSAGE][PASSED] - Object 'Object Repository/FDR-EditVoucher/DLDeleteClick' is present

2020-09-15 14:42:53 - [MESSAGE][PASSED] - Object: 'Object Repository/FDR-EditVoucher/DLDeleteClick' is clicked on

2020-09-15 14:42:54 - [MESSAGE][PASSED] - Object 'Object Repository/FDR-VoucherEntry/VoucherHeader/voucherTotal' is present

2020-09-15 14:42:54 - [TEST_STEP][PASSED] - waitForElementPresent(findTestObject("FDR-Dashboard/createNewVoucherButton"), 66): Object 'Object Repository/FDR-Dashboard/createNewVoucherButton' is not present after 66 second(s)

2020-09-15 14:44:01 - [MESSAGE][INFO] - Unable to find the element located by 'By.xpath: //*[@data-id='button-link']//*[contains(text(),'Create New Voucher')]'. Please recheck the objects properties to make sure the desired element is located. 

2020-09-15 14:44:01 - [MESSAGE][WARNING] - Object 'Object Repository/FDR-Dashboard/createNewVoucherButton' is not present after 66 second(s)

2020-09-15 14:44:01 - [TEST_STEP][PASSED] - Uifunctions.deleteVoucherLine(): Object 'Object Repository/FDR-Dashboard/createNewVoucherButton' is not present after 2 second(s)

2020-09-15 14:44:04 - [MESSAGE][INFO] - Unable to find the element located by 'By.xpath: //*[@data-id='button-link']//*[contains(text(),'Create New Voucher')]'. Please recheck the objects properties to make sure the desired element is located. 

2020-09-15 14:44:04 - [MESSAGE][WARNING] - Object 'Object Repository/FDR-Dashboard/createNewVoucherButton' is not present after 2 second(s)

2020-09-15 14:44:05 - [MESSAGE][PASSED] - Object: 'Object Repository/FDR-EditVoucher/invoiceHover' is hovered

2020-09-15 14:44:05 - [MESSAGE][PASSED] - Object: 'Object Repository/FDR-EditVoucher/voucherLineEditIcon' is clicked on

2020-09-15 14:44:08 - [MESSAGE][INFO] - Unable to find the element located by 'By.xpath: //*[@data-id='button-link']//*[contains(text(),'Create New Voucher')]'. Please recheck the objects properties to make sure the desired element is located. 

2020-09-15 14:44:08 - [MESSAGE][WARNING] - Object 'Object Repository/FDR-Dashboard/createNewVoucherButton' is not present after 2 second(s)

2020-09-15 14:44:08 - [MESSAGE][PASSED] - Object: 'Object Repository/FDR-EditVoucher/voucherLineDeleteClick' is clicked on

2020-09-15 14:44:11 - [MESSAGE][INFO] - Unable to find the element located by 'By.xpath: //*[@data-id='button-link']//*[contains(text(),'Create New Voucher')]'. Please recheck the objects properties to make sure the desired element is located. 

2020-09-15 14:44:11 - [MESSAGE][WARNING] - Object 'Object Repository/FDR-Dashboard/createNewVoucherButton' is not present after 2 second(s)

2020-09-15 14:44:11 - [TEST_STEP][PASSED] - waitForElementPresent(findTestObject("FDR-Dashboard/createNewVoucherButton"), 5): Object 'Object Repository/FDR-Dashboard/createNewVoucherButton' is not present after 5 second(s)

2020-09-15 14:44:18 - [MESSAGE][INFO] - Unable to find the element located by 'By.xpath: //*[@data-id='button-link']//*[contains(text(),'Create New Voucher')]'. Please recheck the objects properties to make sure the desired element is located. 

2020-09-15 14:44:18 - [MESSAGE][WARNING] - Object 'Object Repository/FDR-Dashboard/createNewVoucherButton' is not present after 5 second(s)

2020-09-15 14:44:18 - [TEST_STEP][PASSED] - click(findTestObject("FDR-EditVoucher/undoButton")): Object: 'Object Repository/FDR-EditVoucher/undoButton' is clicked on

2020-09-15 14:44:18 - [MESSAGE][PASSED] - Object: 'Object Repository/FDR-EditVoucher/undoButton' is clicked on

2020-09-15 14:44:18 - [TEST_STEP][PASSED] - waitForElementPresent(findTestObject("FDR-Dashboard/createNewVoucherButton"), 4): Object 'Object Repository/FDR-Dashboard/createNewVoucherButton' is not present after 4 second(s)

2020-09-15 14:44:23 - [MESSAGE][INFO] - Unable to find the element located by 'By.xpath: //*[@data-id='button-link']//*[contains(text(),'Create New Voucher')]'. Please recheck the objects properties to make sure the desired element is located. 

2020-09-15 14:44:23 - [MESSAGE][WARNING] - Object 'Object Repository/FDR-Dashboard/createNewVoucherButton' is not present after 4 second(s)

2020-09-15 14:44:23 - [TEST_STEP][PASSED] - validators.validateVoucherInvoicLineTotals(Newexpectedvouchertotal, Newexpectedinvoicetotal): Valid Invoice total.

2020-09-15 14:44:30 - [MESSAGE][INFO] - Unable to find the element located by 'By.xpath: //*[@data-id='button-link']//*[contains(text(),'Create New Voucher')]'. Please recheck the objects properties to make sure the desired element is located. 

2020-09-15 14:44:30 - [MESSAGE][WARNING] - Object 'Object Repository/FDR-Dashboard/createNewVoucherButton' is not present after 6 second(s)

2020-09-15 14:44:31 - [MESSAGE][PASSED] - Text of object 'Object Repository/FDR-VoucherEntry/VoucherHeader/voucherTotal' is: '$0.00'

2020-09-15 14:44:31 - [MESSAGE][PASSED] - Object 'Object Repository/FDR-VoucherEntry/InvoiceLine/voucherTotalRowAmt' is present

2020-09-15 14:44:31 - [MESSAGE][PASSED] - Text of object 'Object Repository/FDR-VoucherEntry/InvoiceLine/voucherTotalRowAmt' is: '$0.00'

2020-09-15 14:44:31 - [MESSAGE][PASSED] - Valid Vouchertotal

2020-09-15 14:44:31 - [MESSAGE][PASSED] - Valid Invoice total.

2020-09-15 14:44:31 - [TEST_STEP][PASSED] - Start tear down : tearDownTestCase: Method 'tearDownTestCase' complete successfully

2020-09-15 14:44:31 - [MESSAGE][PASSED] - Method 'tearDownTestCase' complete successfully

2020-09-15 14:44:31 - [TEST_STEP][PASSED] - Start listener action : sampleAfterTestCase: null

2020-09-15 14:44:31 - [TEST_STEP][PASSED] - profileName = getExecutionProfile(): null

2020-09-15 14:44:31 - [TEST_STEP][PASSED] - switch (profileName): null

2020-09-15 14:44:31 - [TEST_STEP][PASSED] - case "superUser":: null

2020-09-15 14:44:31 - [TEST_STEP][PASSED] - return null: null

2020-09-15 14:44:31 - [TEST_STEP][PASSED] - Start listener action : afterTestCase: null

2020-09-15 14:44:31 - [TEST_STEP][PASSED] - profileName = getExecutionProfile(): null

2020-09-15 14:44:31 - [TEST_STEP][PASSED] - if (profileName.equalsIgnoreCase("SysAdmin")): null

2020-09-15 14:44:31 - [TEST_STEP][PASSED] - Start listener action : sampleAfterTestCase: null

2020-09-15 14:44:31 - [TEST_STEP][PASSED] - profileName = getExecutionProfile(): null

2020-09-15 14:44:31 - [TEST_STEP][PASSED] - switch (profileName): null

2020-09-15 14:44:31 - [TEST_STEP][PASSED] - case "Voucher":: null

2020-09-15 14:44:31 - [TEST_STEP][PASSED] - Uifunctions.logoutFDR(): Browser is closed

2020-09-15 14:44:32 - [MESSAGE][PASSED] - Browser is closed

2020-09-15 14:44:32 - [TEST_STEP][PASSED] - break: null

2020-09-15 14:44:32 - [TEST_STEP][PASSED] - Start listener action : addFailedTCToList: null]]></system-out>
         <system-err><![CDATA[]]></system-err>
      </testcase>
      <testcase name="Test Cases/WEB-UI-TESTS/Voucher/FDR-Edit-Voucher" time="234.028" classname="Test Cases/WEB-UI-TESTS/Voucher/FDR-Edit-Voucher" status="PASSED">
         <system-out><![CDATA[2020-09-15 14:44:32 - [TEST_CASE][PASSED] - Test Cases/WEB-UI-TESTS/Voucher/FDR-Edit-Voucher: Test Cases/WEB-UI-TESTS/Voucher/FDR-Edit-Voucher

2020-09-15 14:44:32 - [TEST_STEP][PASSED] - Start listener action : sampleBeforeTestCase: null

2020-09-15 14:44:32 - [TEST_STEP][PASSED] - profileName = getExecutionProfile(): null

2020-09-15 14:44:32 - [TEST_STEP][PASSED] - switch (profileName): null

2020-09-15 14:44:32 - [TEST_STEP][PASSED] - case "superUser":: null

2020-09-15 14:44:32 - [TEST_STEP][PASSED] - return null: null

2020-09-15 14:44:32 - [TEST_STEP][PASSED] - Start listener action : beforeTestCase: null

2020-09-15 14:44:32 - [TEST_STEP][PASSED] - profileName = getExecutionProfile(): null

2020-09-15 14:44:32 - [TEST_STEP][PASSED] - if (profileName.equalsIgnoreCase("SysAdmin")): null

2020-09-15 14:44:32 - [TEST_STEP][PASSED] - Start listener action : sampleBeforeTestCase: Navigate to 'https://fdr-katalon.cammis-mod-dev.dhcs.ca.gov' successfully

2020-09-15 14:44:32 - [TEST_STEP][PASSED] - profileName = getExecutionProfile(): null

2020-09-15 14:44:32 - [TEST_STEP][PASSED] - testCaseId = testCaseContext.getTestCaseId(): null

2020-09-15 14:44:32 - [TEST_STEP][PASSED] - switch (profileName): null

2020-09-15 14:44:32 - [TEST_STEP][PASSED] - case "Voucher":: null

2020-09-15 14:44:32 - [TEST_STEP][PASSED] - Uifunctions.loginFDR(accountsApproverAcc2, accountsApproverAcc2Pwd): Object: 'Object Repository/FDR-SignIn/SignInButton' is clicked on

2020-09-15 14:44:32 - [MESSAGE][INFO] - Starting 'Chrome' driver

2020-09-15 14:44:32 - [MESSAGE][INFO] - Action delay is set to 0 milliseconds

2020-09-15 14:44:35 - [MESSAGE][PASSED] - Browser is opened with url: ''

2020-09-15 14:44:37 - [MESSAGE][PASSED] - Current window maximized

2020-09-15 14:44:38 - [MESSAGE][PASSED] - Navigate to 'https://fdr-katalon.cammis-mod-dev.dhcs.ca.gov' successfully

2020-09-15 14:44:40 - [MESSAGE][PASSED] - Object 'Object Repository/FDR-SignIn/SignInEmail' is present

2020-09-15 14:44:40 - [MESSAGE][PASSED] - Object: 'Object Repository/FDR-SignIn/SignInEmail' is clicked on

2020-09-15 14:44:40 - [MESSAGE][PASSED] - Object 'Object Repository/FDR-SignIn/SignInEmail' is present

2020-09-15 14:44:41 - [MESSAGE][PASSED] - Text 'fdr.test2@dhcs.ca.gov' is set on object 'Object Repository/FDR-SignIn/SignInEmail'

2020-09-15 14:44:41 - [MESSAGE][PASSED] - Object 'Object Repository/FDR-SignIn/SignInEmailNext' is visible

2020-09-15 14:44:41 - [MESSAGE][PASSED] - Object: 'Object Repository/FDR-SignIn/SignInEmailNext' is clicked on

2020-09-15 14:44:45 - [MESSAGE][PASSED] - Object 'Object Repository/FDR-SignIn/SignInEmailPassword' is visible

2020-09-15 14:44:45 - [MESSAGE][PASSED] - Object: 'Object Repository/FDR-SignIn/SignInEmailPassword' is clicked on

2020-09-15 14:44:45 - [MESSAGE][PASSED] - Text ****** has been set on object 'Object Repository/FDR-SignIn/SignInEmailPassword'

2020-09-15 14:44:47 - [MESSAGE][PASSED] - Object: 'Object Repository/FDR-SignIn/SignInButton' is clicked on

2020-09-15 14:44:47 - [TEST_STEP][PASSED] - break: null

2020-09-15 14:44:47 - [TEST_STEP][PASSED] - navigateToUrl(URL): Navigate to 'https://fdr-katalon.cammis-mod-dev.dhcs.ca.gov' successfully

2020-09-15 14:44:51 - [MESSAGE][PASSED] - Navigate to 'https://fdr-katalon.cammis-mod-dev.dhcs.ca.gov' successfully

2020-09-15 14:44:51 - [TEST_STEP][PASSED] - Start listener action : executeRows: null

2020-09-15 14:44:51 - [TEST_STEP][PASSED] - Start setup action : setupTestCase: Method 'setupTestCase' complete successfully

2020-09-15 14:44:51 - [MESSAGE][PASSED] - Method 'setupTestCase' complete successfully

2020-09-15 14:44:51 - [TEST_STEP][PASSED] - callTestCase(findTestCase("WEB-UI-TESTS/Voucher/FDR-Create-Simple-Voucher"), ["drawDate":drawDate, "payDate":payDate, "programType":programType, "invoiceType":invoiceType, "fundCode":fundCode, "supplier":supplier, ... ], STOP_ON_FAILURE): Call Test Case 'Test Cases/WEB-UI-TESTS/Voucher/FDR-Create-Simple-Voucher' successfully

2020-09-15 14:44:51 - [TEST_CASE][PASSED] - Test Cases/WEB-UI-TESTS/Voucher/FDR-Create-Simple-Voucher: Test Cases/WEB-UI-TESTS/Voucher/FDR-Create-Simple-Voucher

2020-09-15 14:44:51 - [TEST_STEP][PASSED] - voucherHeaderData = ["drawDate":drawDate, "payDate":payDate, "programType":programType, "invoiceType":invoiceType, "fundCode":fundCode, "supplier":supplier, ... ]: null

2020-09-15 14:44:51 - [TEST_STEP][PASSED] - Uifunctions.createVoucherHeader(voucherHeaderData): Object 'Object Repository/FDR-VoucherEntry/VoucherHeader/reviewButton' is present

2020-09-15 14:44:52 - [MESSAGE][PASSED] - Object 'Object Repository/FDR-Dashboard/createNewVoucherButton' is present

2020-09-15 14:44:53 - [MESSAGE][PASSED] - Object: 'Object Repository/FDR-Dashboard/createNewVoucherButton' is clicked on

2020-09-15 14:44:57 - [MESSAGE][INFO] - Unable to find the element located by 'By.xpath: //*[@data-id='action-button']//*[contains(text(),'Review')]'. Please recheck the objects properties to make sure the desired element is located. 

2020-09-15 14:44:57 - [MESSAGE][WARNING] - Object 'Object Repository/FDR-VoucherEntry/VoucherHeader/reviewButton' is not present after 3 second(s)

2020-09-15 14:44:57 - [MESSAGE][PASSED] - Object: 'Object Repository/FDR-VoucherEntry/Voucher/drawDate' is clicked on

2020-09-15 14:45:00 - [MESSAGE][INFO] - Unable to find the element located by 'By.xpath: //*[@data-id='button-link']//*[contains(text(),'Create New Voucher')]'. Please recheck the objects properties to make sure the desired element is located. 

2020-09-15 14:45:00 - [MESSAGE][WARNING] - Object 'Object Repository/FDR-Dashboard/createNewVoucherButton' is not present after 1 second(s)

2020-09-15 14:45:01 - [MESSAGE][PASSED] - Text '10/05/2020' is set on object 'Object Repository/FDR-VoucherEntry/Voucher/drawDate'

2020-09-15 14:45:05 - [MESSAGE][INFO] - Unable to find the element located by 'By.xpath: //*[@data-id='button-link']//*[contains(text(),'Create New Voucher')]'. Please recheck the objects properties to make sure the desired element is located. 

2020-09-15 14:45:05 - [MESSAGE][WARNING] - Object 'Object Repository/FDR-Dashboard/createNewVoucherButton' is not present after 3 second(s)

2020-09-15 14:45:06 - [MESSAGE][PASSED] - Object: 'Object Repository/FDR-VoucherEntry/Voucher/programType' is clicked on

2020-09-15 14:45:09 - [MESSAGE][INFO] - Unable to find the element located by 'By.xpath: //*[@data-id='button-link']//*[contains(text(),'Create New Voucher')]'. Please recheck the objects properties to make sure the desired element is located. 

2020-09-15 14:45:09 - [MESSAGE][WARNING] - Object 'Object Repository/FDR-Dashboard/createNewVoucherButton' is not present after 2 second(s)

2020-09-15 14:45:09 - [MESSAGE][PASSED] - Keys 'Medical Assistance (MA)' sent to object: 'Object Repository/FDR-VoucherEntry/Voucher/programType'

2020-09-15 14:45:10 - [MESSAGE][PASSED] - Object 'Object Repository/FDR-VoucherEntry/Voucher/programType' is present

2020-09-15 14:45:10 - [MESSAGE][PASSED] - Keys 'DOWN + ENTER + ' sent to object: 'Object Repository/FDR-VoucherEntry/Voucher/programType'

2020-09-15 14:45:10 - [MESSAGE][PASSED] - Object: 'Object Repository/FDR-VoucherEntry/Voucher/invoiceType' is clicked on

2020-09-15 14:45:11 - [MESSAGE][PASSED] - Object 'Object Repository/FDR-VoucherEntry/Voucher/invoiceType' is present

2020-09-15 14:45:11 - [MESSAGE][PASSED] - Keys 'CAP' sent to object: 'Object Repository/FDR-VoucherEntry/Voucher/invoiceType'

2020-09-15 14:45:12 - [MESSAGE][PASSED] - Keys 'DOWN + ENTER + ' sent to object: 'Object Repository/FDR-VoucherEntry/Voucher/invoiceType'

2020-09-15 14:45:12 - [MESSAGE][PASSED] - Object: 'Object Repository/FDR-VoucherEntry/Voucher/fundCode' is clicked on

2020-09-15 14:45:13 - [MESSAGE][PASSED] - Keys 'Health Care Deposit Fund (0912)' sent to object: 'Object Repository/FDR-VoucherEntry/Voucher/fundCode'

2020-09-15 14:45:13 - [MESSAGE][PASSED] - Object 'Object Repository/FDR-VoucherEntry/Voucher/fundCode' is present

2020-09-15 14:45:14 - [MESSAGE][PASSED] - Keys 'DOWN + ENTER + ' sent to object: 'Object Repository/FDR-VoucherEntry/Voucher/fundCode'

2020-09-15 14:45:14 - [MESSAGE][PASSED] - Object: 'Object Repository/FDR-VoucherEntry/Voucher/supplierID' is clicked on

2020-09-15 14:45:15 - [MESSAGE][PASSED] - Keys '0000007954' sent to object: 'Object Repository/FDR-VoucherEntry/Voucher/supplierID'

2020-09-15 14:45:15 - [MESSAGE][PASSED] - Object 'Object Repository/FDR-VoucherEntry/Voucher/supplierID' is present

2020-09-15 14:45:16 - [MESSAGE][PASSED] - Keys 'DOWN + ENTER + ' sent to object: 'Object Repository/FDR-VoucherEntry/Voucher/supplierID'

2020-09-15 14:45:16 - [MESSAGE][PASSED] - Object: 'Object Repository/FDR-VoucherEntry/Voucher/seqNum' is clicked on

2020-09-15 14:45:17 - [MESSAGE][PASSED] - Object 'Object Repository/FDR-VoucherEntry/Voucher/seqNum' is present

2020-09-15 14:45:17 - [MESSAGE][PASSED] - Keys 'DOWN + ENTER + ' sent to object: 'Object Repository/FDR-VoucherEntry/Voucher/seqNum'

2020-09-15 14:45:18 - [MESSAGE][PASSED] - Object: 'Object Repository/FDR-VoucherEntry/Voucher/contractNum' is clicked on

2020-09-15 14:45:18 - [MESSAGE][PASSED] - Keys '07-65707' sent to object: 'Object Repository/FDR-VoucherEntry/Voucher/contractNum'

2020-09-15 14:45:18 - [MESSAGE][PASSED] - Object 'Object Repository/FDR-VoucherEntry/Voucher/contractNum' is present

2020-09-15 14:45:19 - [MESSAGE][PASSED] - Keys 'DOWN + ENTER + ' sent to object: 'Object Repository/FDR-VoucherEntry/Voucher/contractNum'

2020-09-15 14:45:21 - [MESSAGE][PASSED] - Text 'This message will print on the Remittance Advice' is set on object 'Object Repository/FDR-VoucherEntry/Voucher/vendorMessage'

2020-09-15 14:45:21 - [MESSAGE][PASSED] - Object: 'Object Repository/FDR-VoucherEntry/Voucher/primaryContact' is clicked on

2020-09-15 14:45:22 - [MESSAGE][PASSED] - Keys 'Aung Lin' sent to object: 'Object Repository/FDR-VoucherEntry/Voucher/primaryContact'

2020-09-15 14:45:22 - [MESSAGE][PASSED] - Object 'Object Repository/FDR-VoucherEntry/Voucher/primaryContact' is present

2020-09-15 14:45:23 - [MESSAGE][PASSED] - Keys 'DOWN + ENTER + ' sent to object: 'Object Repository/FDR-VoucherEntry/Voucher/primaryContact'

2020-09-15 14:45:23 - [MESSAGE][PASSED] - Object: 'Object Repository/FDR-VoucherEntry/Voucher/secondaryContact' is clicked on

2020-09-15 14:45:24 - [MESSAGE][PASSED] - Keys 'Vivian Ly' sent to object: 'Object Repository/FDR-VoucherEntry/Voucher/secondaryContact'

2020-09-15 14:45:24 - [MESSAGE][PASSED] - Object 'Object Repository/FDR-VoucherEntry/Voucher/secondaryContact' is present

2020-09-15 14:45:25 - [MESSAGE][PASSED] - Object 'Object Repository/FDR-VoucherEntry/Voucher/secondaryContact' is present

2020-09-15 14:45:25 - [MESSAGE][PASSED] - Keys 'DOWN + ENTER + ' sent to object: 'Object Repository/FDR-VoucherEntry/Voucher/secondaryContact'

2020-09-15 14:45:26 - [MESSAGE][PASSED] - Object: 'Object Repository/FDR-VoucherEntry/Voucher/buttonNext' is clicked on

2020-09-15 14:45:29 - [MESSAGE][PASSED] - Delayed 3 second(s)

2020-09-15 14:45:29 - [MESSAGE][PASSED] - Object 'Object Repository/FDR-VoucherEntry/VoucherHeader/reviewButton' is present

2020-09-15 14:45:29 - [TEST_STEP][PASSED] - waitForElementPresent(findTestObject("FDR-Dashboard/createNewVoucherButton"), 4): Object 'Object Repository/FDR-Dashboard/createNewVoucherButton' is not present after 4 second(s)

2020-09-15 14:45:34 - [MESSAGE][INFO] - Unable to find the element located by 'By.xpath: //*[@data-id='button-link']//*[contains(text(),'Create New Voucher')]'. Please recheck the objects properties to make sure the desired element is located. 

2020-09-15 14:45:34 - [MESSAGE][WARNING] - Object 'Object Repository/FDR-Dashboard/createNewVoucherButton' is not present after 4 second(s)

2020-09-15 14:45:34 - [TEST_STEP][PASSED] - Uifunctions.createInvoiceLine(1): Object 'Object Repository/FDR-VoucherEntry/VoucherHeader/reviewButton' is present

2020-09-15 14:45:34 - [MESSAGE][PASSED] - Object 'Object Repository/FDR-VoucherEntry/VoucherHeader/reviewButton' is present

2020-09-15 14:45:37 - [MESSAGE][INFO] - Unable to find the element located by 'By.xpath: //*[contains(text(),'Add voucher')]//parent::button'. Please recheck the objects properties to make sure the desired element is located. 

2020-09-15 14:45:37 - [MESSAGE][WARNING] - Object 'Object Repository/FDR-VoucherEntry/InvoiceLine/addVoucherButton' is not present after 2 second(s)

2020-09-15 14:45:38 - [MESSAGE][PASSED] - Object 'Object Repository/FDR-VoucherEntry/InvoiceLine/invoice' is clickable

2020-09-15 14:45:38 - [MESSAGE][PASSED] - Object: 'Object Repository/FDR-VoucherEntry/InvoiceLine/invoice' is clicked on

2020-09-15 14:45:39 - [MESSAGE][PASSED] - Text '9410' is set on object 'Object Repository/FDR-VoucherEntry/InvoiceLine/invoice'

2020-09-15 14:45:39 - [MESSAGE][PASSED] - Object: 'Object Repository/FDR-VoucherEntry/InvoiceLine/invoiceDate' is clicked on

2020-09-15 14:45:40 - [MESSAGE][PASSED] - Object 'Object Repository/FDR-VoucherEntry/InvoiceLine/invoiceDate' is present

2020-09-15 14:45:40 - [MESSAGE][PASSED] - Text '09/15/2020' is set on object 'Object Repository/FDR-VoucherEntry/InvoiceLine/invoiceDate'

2020-09-15 14:45:41 - [MESSAGE][PASSED] - Object: 'Object Repository/FDR-VoucherEntry/InvoiceLine/originalWarrantDate' is clicked on

2020-09-15 14:45:41 - [MESSAGE][PASSED] - Text '09/16/2020' is set on object 'Object Repository/FDR-VoucherEntry/InvoiceLine/originalWarrantDate'

2020-09-15 14:45:42 - [MESSAGE][PASSED] - Object 'Object Repository/FDR-VoucherEntry/InvoiceLine/addInvoiceLineButton' is present

2020-09-15 14:45:42 - [MESSAGE][PASSED] - Object: 'Object Repository/FDR-VoucherEntry/InvoiceLine/addInvoiceLineButtonIndex2' is clicked on

2020-09-15 14:45:43 - [MESSAGE][PASSED] - Object 'Object Repository/FDR-VoucherEntry/VoucherHeader/reviewButton' is present

2020-09-15 14:45:43 - [TEST_STEP][PASSED] - waitForElementClickable(findTestObject("FDR-VoucherEntry/InvoiceLine/invoiceLineExpandButton"), 5): Object 'Object Repository/FDR-VoucherEntry/InvoiceLine/invoiceLineExpandButton' is clickable

2020-09-15 14:45:43 - [MESSAGE][PASSED] - Object 'Object Repository/FDR-VoucherEntry/InvoiceLine/invoiceLineExpandButton' is clickable

2020-09-15 14:45:43 - [TEST_STEP][PASSED] - click(findTestObject("FDR-VoucherEntry/InvoiceLine/invoiceLineExpandButton")): Object: 'Object Repository/FDR-VoucherEntry/InvoiceLine/invoiceLineExpandButton' is clicked on

2020-09-15 14:45:43 - [MESSAGE][PASSED] - Object: 'Object Repository/FDR-VoucherEntry/InvoiceLine/invoiceLineExpandButton' is clicked on

2020-09-15 14:45:43 - [TEST_STEP][PASSED] - waitForElementPresent(findTestObject("FDR-Dashboard/createNewVoucherButton"), 4): Object 'Object Repository/FDR-Dashboard/createNewVoucherButton' is not present after 4 second(s)

2020-09-15 14:45:49 - [MESSAGE][INFO] - Unable to find the element located by 'By.xpath: //*[@data-id='button-link']//*[contains(text(),'Create New Voucher')]'. Please recheck the objects properties to make sure the desired element is located. 

2020-09-15 14:45:49 - [MESSAGE][WARNING] - Object 'Object Repository/FDR-Dashboard/createNewVoucherButton' is not present after 4 second(s)

2020-09-15 14:45:49 - [TEST_STEP][PASSED] - click(findTestObject("FDR-VoucherEntry/InvoiceLine/invoiceAddlineButton")): Object: 'Object Repository/FDR-VoucherEntry/InvoiceLine/invoiceAddlineButton' is clicked on

2020-09-15 14:45:49 - [MESSAGE][PASSED] - Object: 'Object Repository/FDR-VoucherEntry/InvoiceLine/invoiceAddlineButton' is clicked on

2020-09-15 14:45:49 - [TEST_STEP][PASSED] - Uifunctions.createDistributionLines(1, "Voucher/FDR-DL"): Object: 'Object Repository/FDR-VoucherEntry/DistributionLine/addSaveButton' is clicked on

2020-09-15 14:45:53 - [MESSAGE][INFO] - Unable to find the element located by 'By.xpath: //*[@data-id='button-link']//*[contains(text(),'Create New Voucher')]'. Please recheck the objects properties to make sure the desired element is located. 

2020-09-15 14:45:53 - [MESSAGE][WARNING] - Object 'Object Repository/FDR-Dashboard/createNewVoucherButton' is not present after 3 second(s)

2020-09-15 14:45:57 - [MESSAGE][INFO] - Unable to find the element located by 'By.xpath: //*[@data-id='button-link']//*[contains(text(),'Create New Voucher')]'. Please recheck the objects properties to make sure the desired element is located. 

2020-09-15 14:45:57 - [MESSAGE][WARNING] - Object 'Object Repository/FDR-Dashboard/createNewVoucherButton' is not present after 2 second(s)

2020-09-15 14:45:57 - [MESSAGE][PASSED] - Object 'Object Repository/FDR-VoucherEntry/DistributionLine/serviceDateFrom' is clickable

2020-09-15 14:45:57 - [MESSAGE][PASSED] - Object: 'Object Repository/FDR-VoucherEntry/DistributionLine/serviceDateFrom' is clicked on

2020-09-15 14:45:57 - [MESSAGE][PASSED] - Object 'Object Repository/FDR-VoucherEntry/DistributionLine/serviceDateFrom' is present

2020-09-15 14:45:58 - [MESSAGE][PASSED] - Text '08/04/2020' is set on object 'Object Repository/FDR-VoucherEntry/DistributionLine/serviceDateFrom'

2020-09-15 14:45:59 - [MESSAGE][PASSED] - Object: 'Object Repository/FDR-VoucherEntry/DistributionLine/serviceDateTo' is clicked on

2020-09-15 14:45:59 - [MESSAGE][PASSED] - Object 'Object Repository/FDR-VoucherEntry/DistributionLine/serviceDateTo' is present

2020-09-15 14:46:00 - [MESSAGE][PASSED] - Text '08/05/2020' is set on object 'Object Repository/FDR-VoucherEntry/DistributionLine/serviceDateTo'

2020-09-15 14:46:03 - [MESSAGE][INFO] - Unable to find the element located by 'By.xpath: //*[@data-id='button-link']//*[contains(text(),'Create New Voucher')]'. Please recheck the objects properties to make sure the desired element is located. 

2020-09-15 14:46:03 - [MESSAGE][WARNING] - Object 'Object Repository/FDR-Dashboard/createNewVoucherButton' is not present after 2 second(s)

2020-09-15 14:46:04 - [MESSAGE][PASSED] - Object: 'Object Repository/FDR-VoucherEntry/DistributionLine/amount' is clicked on

2020-09-15 14:46:04 - [MESSAGE][PASSED] - Execute JavaScript 'arguments[0].value='';' successfully

2020-09-15 14:46:04 - [MESSAGE][PASSED] - Keys '100' sent to object: 'Object Repository/FDR-VoucherEntry/DistributionLine/amount'

2020-09-15 14:46:06 - [MESSAGE][INFO] - Unable to find the element located by 'By.xpath: //*[@data-id='button-link']//*[contains(text(),'Create New Voucher')]'. Please recheck the objects properties to make sure the desired element is located. 

2020-09-15 14:46:06 - [MESSAGE][WARNING] - Object 'Object Repository/FDR-Dashboard/createNewVoucherButton' is not present after 1 second(s)

2020-09-15 14:46:07 - [MESSAGE][PASSED] - Object: 'Object Repository/FDR-VoucherEntry/DistributionLine/waiverType' is clicked on

2020-09-15 14:46:09 - [MESSAGE][INFO] - Unable to find the element located by 'By.xpath: //*[@data-id='button-link']//*[contains(text(),'Create New Voucher')]'. Please recheck the objects properties to make sure the desired element is located. 

2020-09-15 14:46:09 - [MESSAGE][WARNING] - Object 'Object Repository/FDR-Dashboard/createNewVoucherButton' is not present after 1 second(s)

2020-09-15 14:46:09 - [MESSAGE][PASSED] - Keys '1115' sent to object: 'Object Repository/FDR-VoucherEntry/DistributionLine/waiverType'

2020-09-15 14:46:12 - [MESSAGE][INFO] - Unable to find the element located by 'By.xpath: //*[@data-id='button-link']//*[contains(text(),'Create New Voucher')]'. Please recheck the objects properties to make sure the desired element is located. 

2020-09-15 14:46:12 - [MESSAGE][WARNING] - Object 'Object Repository/FDR-Dashboard/createNewVoucherButton' is not present after 2 second(s)

2020-09-15 14:46:13 - [MESSAGE][PASSED] - Keys 'DOWN + ENTER + ' sent to object: 'Object Repository/FDR-VoucherEntry/DistributionLine/waiverType'

2020-09-15 14:46:13 - [MESSAGE][PASSED] - Object: 'Object Repository/FDR-VoucherEntry/DistributionLine/waiverName' is clicked on

2020-09-15 14:46:14 - [MESSAGE][PASSED] - Keys 'CBAS' sent to object: 'Object Repository/FDR-VoucherEntry/DistributionLine/waiverName'

2020-09-15 14:46:17 - [MESSAGE][INFO] - Unable to find the element located by 'By.xpath: //*[@data-id='button-link']//*[contains(text(),'Create New Voucher')]'. Please recheck the objects properties to make sure the desired element is located. 

2020-09-15 14:46:17 - [MESSAGE][WARNING] - Object 'Object Repository/FDR-Dashboard/createNewVoucherButton' is not present after 2 second(s)

2020-09-15 14:46:17 - [MESSAGE][PASSED] - Keys 'DOWN + ENTER + ' sent to object: 'Object Repository/FDR-VoucherEntry/DistributionLine/waiverName'

2020-09-15 14:46:18 - [MESSAGE][PASSED] - Object: 'Object Repository/FDR-VoucherEntry/DistributionLine/fundingSource' is clicked on

2020-09-15 14:46:18 - [MESSAGE][PASSED] - Keys 'Dental' sent to object: 'Object Repository/FDR-VoucherEntry/DistributionLine/fundingSource'

2020-09-15 14:46:22 - [MESSAGE][INFO] - Unable to find the element located by 'By.xpath: //*[@data-id='button-link']//*[contains(text(),'Create New Voucher')]'. Please recheck the objects properties to make sure the desired element is located. 

2020-09-15 14:46:22 - [MESSAGE][WARNING] - Object 'Object Repository/FDR-Dashboard/createNewVoucherButton' is not present after 2 second(s)

2020-09-15 14:46:22 - [MESSAGE][PASSED] - Keys 'DOWN + ENTER + ' sent to object: 'Object Repository/FDR-VoucherEntry/DistributionLine/fundingSource'

2020-09-15 14:46:22 - [MESSAGE][PASSED] - Object: 'Object Repository/FDR-VoucherEntry/DistributionLine/fundRatio' is clicked on

2020-09-15 14:46:23 - [MESSAGE][PASSED] - Keys '90/10' sent to object: 'Object Repository/FDR-VoucherEntry/DistributionLine/fundRatio'

2020-09-15 14:46:26 - [MESSAGE][INFO] - Unable to find the element located by 'By.xpath: //*[@data-id='button-link']//*[contains(text(),'Create New Voucher')]'. Please recheck the objects properties to make sure the desired element is located. 

2020-09-15 14:46:26 - [MESSAGE][WARNING] - Object 'Object Repository/FDR-Dashboard/createNewVoucherButton' is not present after 2 second(s)

2020-09-15 14:46:27 - [MESSAGE][PASSED] - Keys 'DOWN + ENTER + ' sent to object: 'Object Repository/FDR-VoucherEntry/DistributionLine/fundRatio'

2020-09-15 14:46:27 - [MESSAGE][PASSED] - Object: 'Object Repository/FDR-VoucherEntry/DistributionLine/nonFederalFund' is clicked on

2020-09-15 14:46:28 - [MESSAGE][PASSED] - Keys '0001' sent to object: 'Object Repository/FDR-VoucherEntry/DistributionLine/nonFederalFund'

2020-09-15 14:46:31 - [MESSAGE][INFO] - Unable to find the element located by 'By.xpath: //*[@data-id='button-link']//*[contains(text(),'Create New Voucher')]'. Please recheck the objects properties to make sure the desired element is located. 

2020-09-15 14:46:31 - [MESSAGE][WARNING] - Object 'Object Repository/FDR-Dashboard/createNewVoucherButton' is not present after 2 second(s)

2020-09-15 14:46:31 - [MESSAGE][PASSED] - Keys 'DOWN + ENTER + ' sent to object: 'Object Repository/FDR-VoucherEntry/DistributionLine/nonFederalFund'

2020-09-15 14:46:32 - [MESSAGE][PASSED] - Object: 'Object Repository/FDR-VoucherEntry/DistributionLine/account' is clicked on

2020-09-15 14:46:32 - [MESSAGE][PASSED] - Keys '5442000' sent to object: 'Object Repository/FDR-VoucherEntry/DistributionLine/account'

2020-09-15 14:46:33 - [MESSAGE][PASSED] - Keys 'DOWN + ENTER + ' sent to object: 'Object Repository/FDR-VoucherEntry/DistributionLine/account'

2020-09-15 14:46:33 - [MESSAGE][PASSED] - Object: 'Object Repository/FDR-VoucherEntry/DistributionLine/altAccount' is clicked on

2020-09-15 14:46:34 - [MESSAGE][PASSED] - Keys '5442000' sent to object: 'Object Repository/FDR-VoucherEntry/DistributionLine/altAccount'

2020-09-15 14:46:34 - [MESSAGE][PASSED] - Object 'Object Repository/FDR-VoucherEntry/DistributionLine/altAccount' is present

2020-09-15 14:46:34 - [MESSAGE][PASSED] - Keys 'DOWN + ENTER + ' sent to object: 'Object Repository/FDR-VoucherEntry/DistributionLine/altAccount'

2020-09-15 14:46:35 - [MESSAGE][PASSED] - Object: 'Object Repository/FDR-VoucherEntry/DistributionLine/serviceCategory' is clicked on

2020-09-15 14:46:38 - [MESSAGE][INFO] - Unable to find the element located by 'By.xpath: //*[@data-id='button-link']//*[contains(text(),'Create New Voucher')]'. Please recheck the objects properties to make sure the desired element is located. 

2020-09-15 14:46:38 - [MESSAGE][WARNING] - Object 'Object Repository/FDR-Dashboard/createNewVoucherButton' is not present after 2 second(s)

2020-09-15 14:46:38 - [MESSAGE][PASSED] - Keys '18B1' sent to object: 'Object Repository/FDR-VoucherEntry/DistributionLine/serviceCategory'

2020-09-15 14:46:39 - [MESSAGE][PASSED] - Keys 'DOWN + ENTER + ' sent to object: 'Object Repository/FDR-VoucherEntry/DistributionLine/serviceCategory'

2020-09-15 14:46:39 - [MESSAGE][PASSED] - Object: 'Object Repository/FDR-VoucherEntry/DistributionLine/incDecLine' is clicked on

2020-09-15 14:46:40 - [MESSAGE][PASSED] - Keys '8: Adjustments and corrections' sent to object: 'Object Repository/FDR-VoucherEntry/DistributionLine/incDecLine'

2020-09-15 14:46:40 - [MESSAGE][PASSED] - Keys 'DOWN + ENTER + ' sent to object: 'Object Repository/FDR-VoucherEntry/DistributionLine/incDecLine'

2020-09-15 14:46:43 - [MESSAGE][INFO] - Unable to find the element located by 'By.xpath: //*[@data-id='button-link']//*[contains(text(),'Create New Voucher')]'. Please recheck the objects properties to make sure the desired element is located. 

2020-09-15 14:46:43 - [MESSAGE][WARNING] - Object 'Object Repository/FDR-Dashboard/createNewVoucherButton' is not present after 1 second(s)

2020-09-15 14:46:43 - [MESSAGE][PASSED] - Object: 'Object Repository/FDR-VoucherEntry/DistributionLine/index' is clicked on

2020-09-15 14:46:43 - [MESSAGE][PASSED] - Keys '1155' sent to object: 'Object Repository/FDR-VoucherEntry/DistributionLine/index'

2020-09-15 14:46:44 - [MESSAGE][PASSED] - Keys 'DOWN + ENTER + ' sent to object: 'Object Repository/FDR-VoucherEntry/DistributionLine/index'

2020-09-15 14:46:45 - [MESSAGE][PASSED] - Object: 'Object Repository/FDR-VoucherEntry/DistributionLine/addSaveButton' is clicked on

2020-09-15 14:46:45 - [MESSAGE][PASSED] - Call Test Case 'Test Cases/WEB-UI-TESTS/Voucher/FDR-Create-Simple-Voucher' successfully

2020-09-15 14:46:45 - [TEST_STEP][PASSED] - processorVoucherNumber = getText(findTestObject("FDR-VoucherEntry/VoucherHeader/voucherNum")): Text of object 'Object Repository/FDR-VoucherEntry/VoucherHeader/voucherNum' is: 'CAP00000372'

2020-09-15 14:46:46 - [MESSAGE][PASSED] - Text of object 'Object Repository/FDR-VoucherEntry/VoucherHeader/voucherNum' is: 'CAP00000372'

2020-09-15 14:46:46 - [TEST_STEP][PASSED] - editors.editVoucherInfo(supplier, sequence, contractNum): Text 'Hello this is my edit first voucher' is set on object 'Object Repository/FDR-VoucherEntry/Voucher/vendorMessage'

2020-09-15 14:46:50 - [MESSAGE][INFO] - Unable to find the element located by 'By.xpath: //*[@data-id='button-link']//*[contains(text(),'Create New Voucher')]'. Please recheck the objects properties to make sure the desired element is located. 

2020-09-15 14:46:50 - [MESSAGE][WARNING] - Object 'Object Repository/FDR-Dashboard/createNewVoucherButton' is not present after 3 second(s)

2020-09-15 14:46:51 - [MESSAGE][PASSED] - Object: 'Object Repository/FDR-EditVoucher/voucherEditIcon' is clicked on

2020-09-15 14:46:51 - [MESSAGE][PASSED] - Object 'Object Repository/FDR-EditVoucher/voucherEdit' is present

2020-09-15 14:46:52 - [MESSAGE][PASSED] - Object: 'Object Repository/FDR-EditVoucher/voucherEdit' is clicked on

2020-09-15 14:46:52 - [MESSAGE][PASSED] - Object 'Object Repository/FDR-VoucherEntry/Voucher/supplierID' is present

2020-09-15 14:46:53 - [MESSAGE][PASSED] - Object: 'Object Repository/FDR-VoucherEntry/Voucher/supplierID' is clicked on

2020-09-15 14:46:53 - [MESSAGE][PASSED] - Object 'Object Repository/FDR-VoucherEntry/Voucher/supplierID' is present

2020-09-15 14:46:53 - [MESSAGE][PASSED] - Keys '0000007954
' sent to object: 'Object Repository/FDR-VoucherEntry/Voucher/supplierID'

2020-09-15 14:46:57 - [MESSAGE][INFO] - Unable to find the element located by 'By.xpath: //*[@data-id='button-link']//*[contains(text(),'Create New Voucher')]'. Please recheck the objects properties to make sure the desired element is located. 

2020-09-15 14:46:57 - [MESSAGE][WARNING] - Object 'Object Repository/FDR-Dashboard/createNewVoucherButton' is not present after 2 second(s)

2020-09-15 14:46:57 - [MESSAGE][PASSED] - Object 'Object Repository/FDR-VoucherEntry/Voucher/seqNum' is present

2020-09-15 14:46:57 - [MESSAGE][PASSED] - Object: 'Object Repository/FDR-VoucherEntry/Voucher/seqNum' is clicked on

2020-09-15 14:46:58 - [MESSAGE][PASSED] - Keys '01
' sent to object: 'Object Repository/FDR-VoucherEntry/Voucher/seqNum'

2020-09-15 14:47:01 - [MESSAGE][INFO] - Unable to find the element located by 'By.xpath: //*[@data-id='button-link']//*[contains(text(),'Create New Voucher')]'. Please recheck the objects properties to make sure the desired element is located. 

2020-09-15 14:47:01 - [MESSAGE][WARNING] - Object 'Object Repository/FDR-Dashboard/createNewVoucherButton' is not present after 2 second(s)

2020-09-15 14:47:04 - [MESSAGE][INFO] - Unable to find the element located by 'By.xpath: //*[@data-id='button-link']//*[contains(text(),'Create New Voucher')]'. Please recheck the objects properties to make sure the desired element is located. 

2020-09-15 14:47:04 - [MESSAGE][WARNING] - Object 'Object Repository/FDR-Dashboard/createNewVoucherButton' is not present after 2 second(s)

2020-09-15 14:47:04 - [MESSAGE][PASSED] - Object: 'Object Repository/FDR-VoucherEntry/Voucher/contractNum' is clicked on

2020-09-15 14:47:08 - [MESSAGE][INFO] - Unable to find the element located by 'By.xpath: //*[@data-id='button-link']//*[contains(text(),'Create New Voucher')]'. Please recheck the objects properties to make sure the desired element is located. 

2020-09-15 14:47:08 - [MESSAGE][WARNING] - Object 'Object Repository/FDR-Dashboard/createNewVoucherButton' is not present after 2 second(s)

2020-09-15 14:47:08 - [MESSAGE][PASSED] - Keys '07-65707
' sent to object: 'Object Repository/FDR-VoucherEntry/Voucher/contractNum'

2020-09-15 14:47:08 - [MESSAGE][PASSED] - Object 'Object Repository/FDR-VoucherEntry/Voucher/vendorMessage' is present

2020-09-15 14:47:09 - [MESSAGE][PASSED] - Object: 'Object Repository/FDR-VoucherEntry/Voucher/vendorMessage' is clicked on

2020-09-15 14:47:09 - [MESSAGE][PASSED] - Execute JavaScript 'arguments[0].value='';' successfully

2020-09-15 14:47:11 - [MESSAGE][PASSED] - Text 'Hello this is my edit first voucher' is set on object 'Object Repository/FDR-VoucherEntry/Voucher/vendorMessage'

2020-09-15 14:47:11 - [TEST_STEP][PASSED] - takenSupplier = getAttribute(findTestObject("FDR-VoucherEntry/Voucher/supplierID"), "value"): Attribute 'value' of object 'Object Repository/FDR-VoucherEntry/Voucher/supplierID' is: '0000007954'

2020-09-15 14:47:11 - [MESSAGE][PASSED] - Attribute 'value' of object 'Object Repository/FDR-VoucherEntry/Voucher/supplierID' is: '0000007954'

2020-09-15 14:47:11 - [TEST_STEP][PASSED] - takenContract = getAttribute(findTestObject("FDR-VoucherEntry/Voucher/contractNum"), "value"): Attribute 'value' of object 'Object Repository/FDR-VoucherEntry/Voucher/contractNum' is: '07-65707'

2020-09-15 14:47:12 - [MESSAGE][PASSED] - Attribute 'value' of object 'Object Repository/FDR-VoucherEntry/Voucher/contractNum' is: '07-65707'

2020-09-15 14:47:12 - [TEST_STEP][PASSED] - waitForElementClickable(findTestObject("FDR-VoucherEntry/Voucher/buttonNext"), 4): Object 'Object Repository/FDR-VoucherEntry/Voucher/buttonNext' is clickable

2020-09-15 14:47:12 - [MESSAGE][PASSED] - Object 'Object Repository/FDR-VoucherEntry/Voucher/buttonNext' is clickable

2020-09-15 14:47:12 - [TEST_STEP][PASSED] - click(findTestObject("FDR-VoucherEntry/Voucher/buttonNext")): Object: 'Object Repository/FDR-VoucherEntry/Voucher/buttonNext' is clicked on

2020-09-15 14:47:12 - [MESSAGE][PASSED] - Object: 'Object Repository/FDR-VoucherEntry/Voucher/buttonNext' is clicked on

2020-09-15 14:47:12 - [TEST_STEP][PASSED] - waitForElementPresent(findTestObject("FDR-Dashboard/createNewVoucherButton"), 3): Object 'Object Repository/FDR-Dashboard/createNewVoucherButton' is not present after 3 second(s)

2020-09-15 14:47:17 - [MESSAGE][INFO] - Unable to find the element located by 'By.xpath: //*[@data-id='button-link']//*[contains(text(),'Create New Voucher')]'. Please recheck the objects properties to make sure the desired element is located. 

2020-09-15 14:47:17 - [MESSAGE][WARNING] - Object 'Object Repository/FDR-Dashboard/createNewVoucherButton' is not present after 3 second(s)

2020-09-15 14:47:17 - [TEST_STEP][PASSED] - click(findTestObject("FDR-VoucherEntry/VoucherHeader/expandButton")): Object: 'Object Repository/FDR-VoucherEntry/VoucherHeader/expandButton' is clicked on

2020-09-15 14:47:17 - [MESSAGE][PASSED] - Object: 'Object Repository/FDR-VoucherEntry/VoucherHeader/expandButton' is clicked on

2020-09-15 14:47:17 - [TEST_STEP][PASSED] - waitForElementPresent(findTestObject("FDR-Dashboard/createNewVoucherButton"), 3): Object 'Object Repository/FDR-Dashboard/createNewVoucherButton' is not present after 3 second(s)

2020-09-15 14:47:21 - [MESSAGE][INFO] - Unable to find the element located by 'By.xpath: //*[@data-id='button-link']//*[contains(text(),'Create New Voucher')]'. Please recheck the objects properties to make sure the desired element is located. 

2020-09-15 14:47:21 - [MESSAGE][WARNING] - Object 'Object Repository/FDR-Dashboard/createNewVoucherButton' is not present after 3 second(s)

2020-09-15 14:47:21 - [TEST_STEP][PASSED] - validators.validateVoucherInfo(takenSupplier, takenContract): Actual text and expected text of test object 'Object Repository/FDR-VoucherEntry/VoucherHeader/contract' are matched.

2020-09-15 14:47:21 - [MESSAGE][PASSED] - Text of object 'Object Repository/FDR-VoucherEntry/VoucherHeader/supplier' is: '0000007954-1'

2020-09-15 14:47:22 - [MESSAGE][PASSED] - Actual text and expected text of test object 'Object Repository/FDR-VoucherEntry/VoucherHeader/contract' are matched.

2020-09-15 14:47:22 - [TEST_STEP][PASSED] - editors.editVoucherLineInfo(): Text '005' is set on object 'Object Repository/FDR-VoucherEntry/VoucherEntryObjects/inputInvoiceDescription'

2020-09-15 14:47:22 - [MESSAGE][PASSED] - Object 'Object Repository/FDR-EditVoucher/invoiceHover' is present

2020-09-15 14:47:22 - [MESSAGE][PASSED] - Object: 'Object Repository/FDR-EditVoucher/invoiceHover' is hovered

2020-09-15 14:47:23 - [MESSAGE][PASSED] - Object 'Object Repository/FDR-EditVoucher/voucherLineEditIcon' is present

2020-09-15 14:47:23 - [MESSAGE][PASSED] - Object: 'Object Repository/FDR-EditVoucher/voucherLineEditIcon' is clicked on

2020-09-15 14:47:23 - [MESSAGE][PASSED] - Object 'Object Repository/FDR-EditVoucher/voucherLineEditClick' is present

2020-09-15 14:47:24 - [MESSAGE][PASSED] - Object: 'Object Repository/FDR-EditVoucher/voucherLineEditClick' is clicked on

2020-09-15 14:47:24 - [MESSAGE][PASSED] - Object 'Object Repository/FDR-VoucherEntry/VoucherEntryObjects/inputInvoiceDescription' is present

2020-09-15 14:47:25 - [MESSAGE][PASSED] - Object: 'Object Repository/FDR-VoucherEntry/VoucherEntryObjects/inputInvoiceDescription' is clicked on

2020-09-15 14:47:25 - [MESSAGE][PASSED] - Execute JavaScript 'arguments[0].value='';' successfully

2020-09-15 14:47:26 - [MESSAGE][PASSED] - Text '005' is set on object 'Object Repository/FDR-VoucherEntry/VoucherEntryObjects/inputInvoiceDescription'

2020-09-15 14:47:26 - [TEST_STEP][PASSED] - waitForElementPresent(findTestObject("FDR-VoucherEntry/VoucherHeader/reviewButton"), 5): Object 'Object Repository/FDR-VoucherEntry/VoucherHeader/reviewButton' is present

2020-09-15 14:47:26 - [MESSAGE][PASSED] - Object 'Object Repository/FDR-VoucherEntry/VoucherHeader/reviewButton' is present

2020-09-15 14:47:26 - [TEST_STEP][PASSED] - waitForElementPresent(findTestObject("FDR-EditVoucher/editvocuherSave"), 5): Object 'Object Repository/FDR-EditVoucher/editvocuherSave' is present

2020-09-15 14:47:26 - [MESSAGE][PASSED] - Object 'Object Repository/FDR-EditVoucher/editvocuherSave' is present

2020-09-15 14:47:26 - [TEST_STEP][PASSED] - click(findTestObject("FDR-EditVoucher/editvocuherSave")): Object: 'Object Repository/FDR-EditVoucher/editvocuherSave' is clicked on

2020-09-15 14:47:27 - [MESSAGE][PASSED] - Object: 'Object Repository/FDR-EditVoucher/editvocuherSave' is clicked on

2020-09-15 14:47:27 - [TEST_STEP][PASSED] - waitForElementPresent(findTestObject("FDR-VoucherEntry/InvoiceLine/invoiceLineExpandButton"), 3): Object 'Object Repository/FDR-VoucherEntry/InvoiceLine/invoiceLineExpandButton' is present

2020-09-15 14:47:27 - [MESSAGE][PASSED] - Object 'Object Repository/FDR-VoucherEntry/InvoiceLine/invoiceLineExpandButton' is present

2020-09-15 14:47:27 - [TEST_STEP][PASSED] - click(findTestObject("FDR-VoucherEntry/InvoiceLine/invoiceLineExpandButton")): Object: 'Object Repository/FDR-VoucherEntry/InvoiceLine/invoiceLineExpandButton' is clicked on

2020-09-15 14:47:28 - [MESSAGE][PASSED] - Object: 'Object Repository/FDR-VoucherEntry/InvoiceLine/invoiceLineExpandButton' is clicked on

2020-09-15 14:47:28 - [TEST_STEP][PASSED] - editors.editDistributionLineInfo(waiverType, waiverName, fundingSource, serviceCategory): Execute JavaScript 'arguments[0].value='';' successfully

2020-09-15 14:47:33 - [MESSAGE][INFO] - Unable to find the element located by 'By.xpath: //*[@data-id='button-link']//*[contains(text(),'Create New Voucher')]'. Please recheck the objects properties to make sure the desired element is located. 

2020-09-15 14:47:33 - [MESSAGE][WARNING] - Object 'Object Repository/FDR-Dashboard/createNewVoucherButton' is not present after 4 second(s)

2020-09-15 14:47:33 - [MESSAGE][PASSED] - Object: 'Object Repository/FDR-EditVoucher/DLHover' is hovered

2020-09-15 14:47:33 - [MESSAGE][PASSED] - Object 'Object Repository/FDR-EditVoucher/DLEditIcon' is present

2020-09-15 14:47:34 - [MESSAGE][PASSED] - Object: 'Object Repository/FDR-EditVoucher/DLEditIcon' is clicked on

2020-09-15 14:47:34 - [MESSAGE][PASSED] - Object 'Object Repository/FDR-EditVoucher/DLEditClick' is present

2020-09-15 14:47:35 - [MESSAGE][PASSED] - Object: 'Object Repository/FDR-EditVoucher/DLEditClick' is clicked on

2020-09-15 14:47:42 - [MESSAGE][INFO] - Unable to find the element located by 'By.xpath: //*[@data-id='button-link']//*[contains(text(),'Create New Voucher')]'. Please recheck the objects properties to make sure the desired element is located. 

2020-09-15 14:47:42 - [MESSAGE][WARNING] - Object 'Object Repository/FDR-Dashboard/createNewVoucherButton' is not present after 6 second(s)

2020-09-15 14:47:42 - [MESSAGE][PASSED] - Object: 'Object Repository/FDR-VoucherEntry/DistributionLine/waiverName' is clicked on

2020-09-15 14:47:43 - [MESSAGE][PASSED] - Keys 'CBAS' sent to object: 'Object Repository/FDR-VoucherEntry/DistributionLine/waiverName'

2020-09-15 14:47:44 - [MESSAGE][PASSED] - Keys 'DOWN + ENTER + ' sent to object: 'Object Repository/FDR-VoucherEntry/DistributionLine/waiverName'

2020-09-15 14:47:44 - [MESSAGE][PASSED] - Object 'Object Repository/FDR-VoucherEntry/DistributionLine/fundingSource' is present

2020-09-15 14:47:44 - [MESSAGE][PASSED] - Object: 'Object Repository/FDR-VoucherEntry/DistributionLine/fundingSource' is clicked on

2020-09-15 14:47:45 - [MESSAGE][PASSED] - Keys 'Dental' sent to object: 'Object Repository/FDR-VoucherEntry/DistributionLine/fundingSource'

2020-09-15 14:47:46 - [MESSAGE][PASSED] - Keys 'DOWN + ENTER + ' sent to object: 'Object Repository/FDR-VoucherEntry/DistributionLine/fundingSource'

2020-09-15 14:47:46 - [MESSAGE][PASSED] - Object 'Object Repository/FDR-VoucherEntry/DistributionLine/serviceCategory' is present

2020-09-15 14:47:46 - [MESSAGE][PASSED] - Object: 'Object Repository/FDR-VoucherEntry/DistributionLine/serviceCategory' is clicked on

2020-09-15 14:47:47 - [MESSAGE][PASSED] - Keys '18B1' sent to object: 'Object Repository/FDR-VoucherEntry/DistributionLine/serviceCategory'

2020-09-15 14:47:47 - [MESSAGE][PASSED] - Keys 'DOWN + ENTER + ' sent to object: 'Object Repository/FDR-VoucherEntry/DistributionLine/serviceCategory'

2020-09-15 14:47:48 - [MESSAGE][PASSED] - Object 'Object Repository/FDR-VoucherEntry/DistributionLine/amount' is present

2020-09-15 14:47:48 - [MESSAGE][PASSED] - Object: 'Object Repository/FDR-VoucherEntry/DistributionLine/amount' is clicked on

2020-09-15 14:47:49 - [MESSAGE][PASSED] - Execute JavaScript 'arguments[0].value='';' successfully

2020-09-15 14:47:49 - [TEST_STEP][PASSED] - takenWaiverType = getAttribute(findTestObject("FDR-EditVoucher/waiverTypeEditVal"), "value"): Attribute 'value' of object 'Object Repository/FDR-EditVoucher/waiverTypeEditVal' is: '1115'

2020-09-15 14:47:50 - [MESSAGE][PASSED] - Attribute 'value' of object 'Object Repository/FDR-EditVoucher/waiverTypeEditVal' is: '1115'

2020-09-15 14:47:50 - [TEST_STEP][PASSED] - takenFundingSource = getAttribute(findTestObject("FDR-EditVoucher/fundingSourceEditVal"), "value"): Attribute 'value' of object 'Object Repository/FDR-EditVoucher/fundingSourceEditVal' is: 'Family Planning Services'

2020-09-15 14:47:50 - [MESSAGE][PASSED] - Attribute 'value' of object 'Object Repository/FDR-EditVoucher/fundingSourceEditVal' is: 'Family Planning Services'

2020-09-15 14:47:50 - [TEST_STEP][PASSED] - takenAmount = getAttribute(findTestObject("FDR-EditVoucher/amountEditVal"), "value"): Attribute 'value' of object 'Object Repository/FDR-EditVoucher/amountEditVal' is: '$325'

2020-09-15 14:47:50 - [MESSAGE][PASSED] - Attribute 'value' of object 'Object Repository/FDR-EditVoucher/amountEditVal' is: '$325'

2020-09-15 14:47:50 - [TEST_STEP][PASSED] - waitForElementPresent(findTestObject("FDR-EditVoucher/dlCancelButton"), 3): Object 'Object Repository/FDR-EditVoucher/dlCancelButton' is present

2020-09-15 14:47:51 - [MESSAGE][PASSED] - Object 'Object Repository/FDR-EditVoucher/dlCancelButton' is present

2020-09-15 14:47:51 - [TEST_STEP][PASSED] - click(findTestObject("FDR-EditVoucher/dlCancelButton")): Object: 'Object Repository/FDR-EditVoucher/dlCancelButton' is clicked on

2020-09-15 14:47:51 - [MESSAGE][PASSED] - Object: 'Object Repository/FDR-EditVoucher/dlCancelButton' is clicked on

2020-09-15 14:47:51 - [TEST_STEP][PASSED] - waitForElementPresent(findTestObject("FDR-VoucherEntry/Voucher/voucherText"), 3): Object 'Object Repository/FDR-VoucherEntry/Voucher/voucherText' is not present after 3 second(s)

2020-09-15 14:47:55 - [MESSAGE][INFO] - Unable to find the element located by 'By.xpath: //*[text()='New Voucher']'. Please recheck the objects properties to make sure the desired element is located. 

2020-09-15 14:47:55 - [MESSAGE][WARNING] - Object 'Object Repository/FDR-VoucherEntry/Voucher/voucherText' is not present after 3 second(s)

2020-09-15 14:47:55 - [TEST_STEP][PASSED] - editors.editDistributionLineInfo(waiverType, waiverName, fundingSource, serviceCategory): Execute JavaScript 'arguments[0].value='';' successfully

2020-09-15 14:48:00 - [MESSAGE][INFO] - Unable to find the element located by 'By.xpath: //*[@data-id='button-link']//*[contains(text(),'Create New Voucher')]'. Please recheck the objects properties to make sure the desired element is located. 

2020-09-15 14:48:00 - [MESSAGE][WARNING] - Object 'Object Repository/FDR-Dashboard/createNewVoucherButton' is not present after 4 second(s)

2020-09-15 14:48:01 - [MESSAGE][PASSED] - Object: 'Object Repository/FDR-EditVoucher/DLHover' is hovered

2020-09-15 14:48:01 - [MESSAGE][PASSED] - Object 'Object Repository/FDR-EditVoucher/DLEditIcon' is present

2020-09-15 14:48:01 - [MESSAGE][PASSED] - Object: 'Object Repository/FDR-EditVoucher/DLEditIcon' is clicked on

2020-09-15 14:48:02 - [MESSAGE][PASSED] - Object 'Object Repository/FDR-EditVoucher/DLEditClick' is present

2020-09-15 14:48:03 - [MESSAGE][PASSED] - Object: 'Object Repository/FDR-EditVoucher/DLEditClick' is clicked on

2020-09-15 14:48:10 - [MESSAGE][INFO] - Unable to find the element located by 'By.xpath: //*[@data-id='button-link']//*[contains(text(),'Create New Voucher')]'. Please recheck the objects properties to make sure the desired element is located. 

2020-09-15 14:48:10 - [MESSAGE][WARNING] - Object 'Object Repository/FDR-Dashboard/createNewVoucherButton' is not present after 6 second(s)

2020-09-15 14:48:10 - [MESSAGE][PASSED] - Object: 'Object Repository/FDR-VoucherEntry/DistributionLine/waiverName' is clicked on

2020-09-15 14:48:11 - [MESSAGE][PASSED] - Keys 'CBAS' sent to object: 'Object Repository/FDR-VoucherEntry/DistributionLine/waiverName'

2020-09-15 14:48:11 - [MESSAGE][PASSED] - Keys 'DOWN + ENTER + ' sent to object: 'Object Repository/FDR-VoucherEntry/DistributionLine/waiverName'

2020-09-15 14:48:12 - [MESSAGE][PASSED] - Object 'Object Repository/FDR-VoucherEntry/DistributionLine/fundingSource' is present

2020-09-15 14:48:12 - [MESSAGE][PASSED] - Object: 'Object Repository/FDR-VoucherEntry/DistributionLine/fundingSource' is clicked on

2020-09-15 14:48:13 - [MESSAGE][PASSED] - Keys 'Dental' sent to object: 'Object Repository/FDR-VoucherEntry/DistributionLine/fundingSource'

2020-09-15 14:48:13 - [MESSAGE][PASSED] - Keys 'DOWN + ENTER + ' sent to object: 'Object Repository/FDR-VoucherEntry/DistributionLine/fundingSource'

2020-09-15 14:48:14 - [MESSAGE][PASSED] - Object 'Object Repository/FDR-VoucherEntry/DistributionLine/serviceCategory' is present

2020-09-15 14:48:14 - [MESSAGE][PASSED] - Object: 'Object Repository/FDR-VoucherEntry/DistributionLine/serviceCategory' is clicked on

2020-09-15 14:48:15 - [MESSAGE][PASSED] - Keys '18B1' sent to object: 'Object Repository/FDR-VoucherEntry/DistributionLine/serviceCategory'

2020-09-15 14:48:15 - [MESSAGE][PASSED] - Keys 'DOWN + ENTER + ' sent to object: 'Object Repository/FDR-VoucherEntry/DistributionLine/serviceCategory'

2020-09-15 14:48:16 - [MESSAGE][PASSED] - Object 'Object Repository/FDR-VoucherEntry/DistributionLine/amount' is present

2020-09-15 14:48:16 - [MESSAGE][PASSED] - Object: 'Object Repository/FDR-VoucherEntry/DistributionLine/amount' is clicked on

2020-09-15 14:48:16 - [MESSAGE][PASSED] - Execute JavaScript 'arguments[0].value='';' successfully

2020-09-15 14:48:17 - [TEST_STEP][PASSED] - takenWaiverType = getAttribute(findTestObject("FDR-EditVoucher/waiverTypeEditVal"), "value"): Attribute 'value' of object 'Object Repository/FDR-EditVoucher/waiverTypeEditVal' is: '1115'

2020-09-15 14:48:17 - [MESSAGE][PASSED] - Attribute 'value' of object 'Object Repository/FDR-EditVoucher/waiverTypeEditVal' is: '1115'

2020-09-15 14:48:17 - [TEST_STEP][PASSED] - waitForElementPresent(findTestObject("FDR-EditVoucher/fundingSourceEditVal"), 4): Object 'Object Repository/FDR-EditVoucher/fundingSourceEditVal' is present

2020-09-15 14:48:18 - [MESSAGE][PASSED] - Object 'Object Repository/FDR-EditVoucher/fundingSourceEditVal' is present

2020-09-15 14:48:18 - [TEST_STEP][PASSED] - takenFundingSource = getAttribute(findTestObject("FDR-EditVoucher/fundingSourceEditVal"), "value"): Attribute 'value' of object 'Object Repository/FDR-EditVoucher/fundingSourceEditVal' is: 'Family Planning Services'

2020-09-15 14:48:18 - [MESSAGE][PASSED] - Attribute 'value' of object 'Object Repository/FDR-EditVoucher/fundingSourceEditVal' is: 'Family Planning Services'

2020-09-15 14:48:18 - [TEST_STEP][PASSED] - waitForElementPresent(findTestObject("FDR-EditVoucher/amountVal"), 4): Object 'Object Repository/FDR-EditVoucher/amountVal' is not present after 4 second(s)

2020-09-15 14:48:23 - [MESSAGE][INFO] - Unable to find the element located by 'By.xpath: ((//*[contains(@targetid,'distributionLineActionMenu')])[1]/div/div)[7]/span'. Please recheck the objects properties to make sure the desired element is located. 

2020-09-15 14:48:23 - [MESSAGE][WARNING] - Object 'Object Repository/FDR-EditVoucher/amountVal' is not present after 4 second(s)

2020-09-15 14:48:23 - [TEST_STEP][PASSED] - takenAmount = getAttribute(findTestObject("FDR-EditVoucher/amountEditVal"), "value"): Attribute 'value' of object 'Object Repository/FDR-EditVoucher/amountEditVal' is: '$325'

2020-09-15 14:48:23 - [MESSAGE][PASSED] - Attribute 'value' of object 'Object Repository/FDR-EditVoucher/amountEditVal' is: '$325'

2020-09-15 14:48:23 - [TEST_STEP][PASSED] - waitForElementPresent(findTestObject("FDR-EditVoucher/dlSaveButton"), 4): Object 'Object Repository/FDR-EditVoucher/dlSaveButton' is present

2020-09-15 14:48:24 - [MESSAGE][PASSED] - Object 'Object Repository/FDR-EditVoucher/dlSaveButton' is present

2020-09-15 14:48:24 - [TEST_STEP][PASSED] - click(findTestObject("FDR-EditVoucher/dlSaveButton")): Object: 'Object Repository/FDR-EditVoucher/dlSaveButton' is clicked on

2020-09-15 14:48:24 - [MESSAGE][PASSED] - Object: 'Object Repository/FDR-EditVoucher/dlSaveButton' is clicked on

2020-09-15 14:48:24 - [TEST_STEP][PASSED] - waitForElementPresent(findTestObject("FDR-VoucherEntry/VoucherHeader/reviewButton"), 4): Object 'Object Repository/FDR-VoucherEntry/VoucherHeader/reviewButton' is present

2020-09-15 14:48:25 - [MESSAGE][PASSED] - Object 'Object Repository/FDR-VoucherEntry/VoucherHeader/reviewButton' is present

2020-09-15 14:48:25 - [TEST_STEP][PASSED] - Start tear down : tearDownTestCase: Method 'tearDownTestCase' complete successfully

2020-09-15 14:48:25 - [MESSAGE][PASSED] - Method 'tearDownTestCase' complete successfully

2020-09-15 14:48:25 - [TEST_STEP][PASSED] - Start listener action : sampleAfterTestCase: null

2020-09-15 14:48:25 - [TEST_STEP][PASSED] - profileName = getExecutionProfile(): null

2020-09-15 14:48:25 - [TEST_STEP][PASSED] - switch (profileName): null

2020-09-15 14:48:25 - [TEST_STEP][PASSED] - case "superUser":: null

2020-09-15 14:48:25 - [TEST_STEP][PASSED] - return null: null

2020-09-15 14:48:25 - [TEST_STEP][PASSED] - Start listener action : afterTestCase: null

2020-09-15 14:48:25 - [TEST_STEP][PASSED] - profileName = getExecutionProfile(): null

2020-09-15 14:48:25 - [TEST_STEP][PASSED] - if (profileName.equalsIgnoreCase("SysAdmin")): null

2020-09-15 14:48:25 - [TEST_STEP][PASSED] - Start listener action : sampleAfterTestCase: null

2020-09-15 14:48:25 - [TEST_STEP][PASSED] - profileName = getExecutionProfile(): null

2020-09-15 14:48:25 - [TEST_STEP][PASSED] - switch (profileName): null

2020-09-15 14:48:25 - [TEST_STEP][PASSED] - case "Voucher":: null

2020-09-15 14:48:25 - [TEST_STEP][PASSED] - Uifunctions.logoutFDR(): Browser is closed

2020-09-15 14:48:26 - [MESSAGE][PASSED] - Browser is closed

2020-09-15 14:48:26 - [TEST_STEP][PASSED] - break: null

2020-09-15 14:48:26 - [TEST_STEP][PASSED] - Start listener action : addFailedTCToList: null]]></system-out>
         <system-err><![CDATA[]]></system-err>
      </testcase>
      <testcase name="Test Cases/WEB-UI-TESTS/Voucher/FDR-Create-Complex-Voucher" time="191.12" classname="Test Cases/WEB-UI-TESTS/Voucher/FDR-Create-Complex-Voucher" status="PASSED">
         <system-out><![CDATA[2020-09-15 14:48:26 - [TEST_CASE][PASSED] - Test Cases/WEB-UI-TESTS/Voucher/FDR-Create-Complex-Voucher: Test Cases/WEB-UI-TESTS/Voucher/FDR-Create-Complex-Voucher

2020-09-15 14:48:26 - [TEST_STEP][PASSED] - Start listener action : sampleBeforeTestCase: null

2020-09-15 14:48:26 - [TEST_STEP][PASSED] - profileName = getExecutionProfile(): null

2020-09-15 14:48:26 - [TEST_STEP][PASSED] - switch (profileName): null

2020-09-15 14:48:26 - [TEST_STEP][PASSED] - case "superUser":: null

2020-09-15 14:48:26 - [TEST_STEP][PASSED] - return null: null

2020-09-15 14:48:26 - [TEST_STEP][PASSED] - Start listener action : beforeTestCase: null

2020-09-15 14:48:26 - [TEST_STEP][PASSED] - profileName = getExecutionProfile(): null

2020-09-15 14:48:26 - [TEST_STEP][PASSED] - if (profileName.equalsIgnoreCase("SysAdmin")): null

2020-09-15 14:48:26 - [TEST_STEP][PASSED] - Start listener action : sampleBeforeTestCase: Navigate to 'https://fdr-katalon.cammis-mod-dev.dhcs.ca.gov' successfully

2020-09-15 14:48:26 - [TEST_STEP][PASSED] - profileName = getExecutionProfile(): null

2020-09-15 14:48:26 - [TEST_STEP][PASSED] - testCaseId = testCaseContext.getTestCaseId(): null

2020-09-15 14:48:26 - [TEST_STEP][PASSED] - switch (profileName): null

2020-09-15 14:48:26 - [TEST_STEP][PASSED] - case "Voucher":: null

2020-09-15 14:48:26 - [TEST_STEP][PASSED] - Uifunctions.loginFDR(accountsApproverAcc2, accountsApproverAcc2Pwd): Object: 'Object Repository/FDR-SignIn/SignInButton' is clicked on

2020-09-15 14:48:26 - [MESSAGE][INFO] - Starting 'Chrome' driver

2020-09-15 14:48:26 - [MESSAGE][INFO] - Action delay is set to 0 milliseconds

2020-09-15 14:48:29 - [MESSAGE][PASSED] - Browser is opened with url: ''

2020-09-15 14:48:31 - [MESSAGE][PASSED] - Current window maximized

2020-09-15 14:48:35 - [MESSAGE][PASSED] - Navigate to 'https://fdr-katalon.cammis-mod-dev.dhcs.ca.gov' successfully

2020-09-15 14:48:37 - [MESSAGE][PASSED] - Object 'Object Repository/FDR-SignIn/SignInEmail' is present

2020-09-15 14:48:37 - [MESSAGE][PASSED] - Object: 'Object Repository/FDR-SignIn/SignInEmail' is clicked on

2020-09-15 14:48:37 - [MESSAGE][PASSED] - Object 'Object Repository/FDR-SignIn/SignInEmail' is present

2020-09-15 14:48:38 - [MESSAGE][PASSED] - Text 'fdr.test2@dhcs.ca.gov' is set on object 'Object Repository/FDR-SignIn/SignInEmail'

2020-09-15 14:48:38 - [MESSAGE][PASSED] - Object 'Object Repository/FDR-SignIn/SignInEmailNext' is visible

2020-09-15 14:48:38 - [MESSAGE][PASSED] - Object: 'Object Repository/FDR-SignIn/SignInEmailNext' is clicked on

2020-09-15 14:48:41 - [MESSAGE][PASSED] - Object 'Object Repository/FDR-SignIn/SignInEmailPassword' is visible

2020-09-15 14:48:42 - [MESSAGE][PASSED] - Object: 'Object Repository/FDR-SignIn/SignInEmailPassword' is clicked on

2020-09-15 14:48:42 - [MESSAGE][PASSED] - Text ****** has been set on object 'Object Repository/FDR-SignIn/SignInEmailPassword'

2020-09-15 14:48:43 - [MESSAGE][PASSED] - Object: 'Object Repository/FDR-SignIn/SignInButton' is clicked on

2020-09-15 14:48:43 - [TEST_STEP][PASSED] - break: null

2020-09-15 14:48:43 - [TEST_STEP][PASSED] - navigateToUrl(URL): Navigate to 'https://fdr-katalon.cammis-mod-dev.dhcs.ca.gov' successfully

2020-09-15 14:48:44 - [MESSAGE][PASSED] - Navigate to 'https://fdr-katalon.cammis-mod-dev.dhcs.ca.gov' successfully

2020-09-15 14:48:44 - [TEST_STEP][PASSED] - Start listener action : executeRows: null

2020-09-15 14:48:44 - [TEST_STEP][PASSED] - Start setup action : setupTestCase: Method 'setupTestCase' complete successfully

2020-09-15 14:48:44 - [MESSAGE][PASSED] - Method 'setupTestCase' complete successfully

2020-09-15 14:48:44 - [TEST_STEP][PASSED] - voucherHeaderData = ["drawDate":drawDate, "payDate":payDate, "programType":programType, "invoiceType":invoiceType, "fundCode":fundCode, "supplier":supplier, ... ]: null

2020-09-15 14:48:44 - [TEST_STEP][PASSED] - Uifunctions.createVoucherHeader(voucherHeaderData): Object 'Object Repository/FDR-VoucherEntry/VoucherHeader/reviewButton' is present

2020-09-15 14:48:47 - [MESSAGE][PASSED] - Object 'Object Repository/FDR-Dashboard/createNewVoucherButton' is present

2020-09-15 14:48:48 - [MESSAGE][PASSED] - Object: 'Object Repository/FDR-Dashboard/createNewVoucherButton' is clicked on

2020-09-15 14:48:52 - [MESSAGE][INFO] - Unable to find the element located by 'By.xpath: //*[@data-id='action-button']//*[contains(text(),'Review')]'. Please recheck the objects properties to make sure the desired element is located. 

2020-09-15 14:48:52 - [MESSAGE][WARNING] - Object 'Object Repository/FDR-VoucherEntry/VoucherHeader/reviewButton' is not present after 3 second(s)

2020-09-15 14:48:52 - [MESSAGE][PASSED] - Object: 'Object Repository/FDR-VoucherEntry/Voucher/drawDate' is clicked on

2020-09-15 14:48:55 - [MESSAGE][INFO] - Unable to find the element located by 'By.xpath: //*[@data-id='button-link']//*[contains(text(),'Create New Voucher')]'. Please recheck the objects properties to make sure the desired element is located. 

2020-09-15 14:48:55 - [MESSAGE][WARNING] - Object 'Object Repository/FDR-Dashboard/createNewVoucherButton' is not present after 1 second(s)

2020-09-15 14:48:56 - [MESSAGE][PASSED] - Text '10/05/2020' is set on object 'Object Repository/FDR-VoucherEntry/Voucher/drawDate'

2020-09-15 14:49:00 - [MESSAGE][INFO] - Unable to find the element located by 'By.xpath: //*[@data-id='button-link']//*[contains(text(),'Create New Voucher')]'. Please recheck the objects properties to make sure the desired element is located. 

2020-09-15 14:49:00 - [MESSAGE][WARNING] - Object 'Object Repository/FDR-Dashboard/createNewVoucherButton' is not present after 3 second(s)

2020-09-15 14:49:00 - [MESSAGE][PASSED] - Object: 'Object Repository/FDR-VoucherEntry/Voucher/programType' is clicked on

2020-09-15 14:49:03 - [MESSAGE][INFO] - Unable to find the element located by 'By.xpath: //*[@data-id='button-link']//*[contains(text(),'Create New Voucher')]'. Please recheck the objects properties to make sure the desired element is located. 

2020-09-15 14:49:03 - [MESSAGE][WARNING] - Object 'Object Repository/FDR-Dashboard/createNewVoucherButton' is not present after 2 second(s)

2020-09-15 14:49:04 - [MESSAGE][PASSED] - Keys 'Medical Assistance (MA)' sent to object: 'Object Repository/FDR-VoucherEntry/Voucher/programType'

2020-09-15 14:49:04 - [MESSAGE][PASSED] - Object 'Object Repository/FDR-VoucherEntry/Voucher/programType' is present

2020-09-15 14:49:04 - [MESSAGE][PASSED] - Keys 'DOWN + ENTER + ' sent to object: 'Object Repository/FDR-VoucherEntry/Voucher/programType'

2020-09-15 14:49:05 - [MESSAGE][PASSED] - Object: 'Object Repository/FDR-VoucherEntry/Voucher/invoiceType' is clicked on

2020-09-15 14:49:05 - [MESSAGE][PASSED] - Object 'Object Repository/FDR-VoucherEntry/Voucher/invoiceType' is present

2020-09-15 14:49:06 - [MESSAGE][PASSED] - Keys 'CAP' sent to object: 'Object Repository/FDR-VoucherEntry/Voucher/invoiceType'

2020-09-15 14:49:06 - [MESSAGE][PASSED] - Keys 'DOWN + ENTER + ' sent to object: 'Object Repository/FDR-VoucherEntry/Voucher/invoiceType'

2020-09-15 14:49:07 - [MESSAGE][PASSED] - Object: 'Object Repository/FDR-VoucherEntry/Voucher/fundCode' is clicked on

2020-09-15 14:49:07 - [MESSAGE][PASSED] - Keys 'Health Care Deposit Fund (0912)' sent to object: 'Object Repository/FDR-VoucherEntry/Voucher/fundCode'

2020-09-15 14:49:08 - [MESSAGE][PASSED] - Object 'Object Repository/FDR-VoucherEntry/Voucher/fundCode' is present

2020-09-15 14:49:08 - [MESSAGE][PASSED] - Keys 'DOWN + ENTER + ' sent to object: 'Object Repository/FDR-VoucherEntry/Voucher/fundCode'

2020-09-15 14:49:09 - [MESSAGE][PASSED] - Object: 'Object Repository/FDR-VoucherEntry/Voucher/supplierID' is clicked on

2020-09-15 14:49:09 - [MESSAGE][PASSED] - Keys '0000007954' sent to object: 'Object Repository/FDR-VoucherEntry/Voucher/supplierID'

2020-09-15 14:49:10 - [MESSAGE][PASSED] - Object 'Object Repository/FDR-VoucherEntry/Voucher/supplierID' is present

2020-09-15 14:49:10 - [MESSAGE][PASSED] - Keys 'DOWN + ENTER + ' sent to object: 'Object Repository/FDR-VoucherEntry/Voucher/supplierID'

2020-09-15 14:49:11 - [MESSAGE][PASSED] - Object: 'Object Repository/FDR-VoucherEntry/Voucher/seqNum' is clicked on

2020-09-15 14:49:11 - [MESSAGE][PASSED] - Object 'Object Repository/FDR-VoucherEntry/Voucher/seqNum' is present

2020-09-15 14:49:11 - [MESSAGE][PASSED] - Keys 'DOWN + ENTER + ' sent to object: 'Object Repository/FDR-VoucherEntry/Voucher/seqNum'

2020-09-15 14:49:12 - [MESSAGE][PASSED] - Object: 'Object Repository/FDR-VoucherEntry/Voucher/contractNum' is clicked on

2020-09-15 14:49:12 - [MESSAGE][PASSED] - Keys '07-65707' sent to object: 'Object Repository/FDR-VoucherEntry/Voucher/contractNum'

2020-09-15 14:49:13 - [MESSAGE][PASSED] - Object 'Object Repository/FDR-VoucherEntry/Voucher/contractNum' is present

2020-09-15 14:49:13 - [MESSAGE][PASSED] - Keys 'DOWN + ENTER + ' sent to object: 'Object Repository/FDR-VoucherEntry/Voucher/contractNum'

2020-09-15 14:49:15 - [MESSAGE][PASSED] - Text 'This message will print on the Remittance Advice' is set on object 'Object Repository/FDR-VoucherEntry/Voucher/vendorMessage'

2020-09-15 14:49:16 - [MESSAGE][PASSED] - Object: 'Object Repository/FDR-VoucherEntry/Voucher/primaryContact' is clicked on

2020-09-15 14:49:16 - [MESSAGE][PASSED] - Keys 'Aung Lin' sent to object: 'Object Repository/FDR-VoucherEntry/Voucher/primaryContact'

2020-09-15 14:49:17 - [MESSAGE][PASSED] - Object 'Object Repository/FDR-VoucherEntry/Voucher/primaryContact' is present

2020-09-15 14:49:17 - [MESSAGE][PASSED] - Keys 'DOWN + ENTER + ' sent to object: 'Object Repository/FDR-VoucherEntry/Voucher/primaryContact'

2020-09-15 14:49:18 - [MESSAGE][PASSED] - Object: 'Object Repository/FDR-VoucherEntry/Voucher/secondaryContact' is clicked on

2020-09-15 14:49:18 - [MESSAGE][PASSED] - Keys 'Vivian Ly' sent to object: 'Object Repository/FDR-VoucherEntry/Voucher/secondaryContact'

2020-09-15 14:49:19 - [MESSAGE][PASSED] - Object 'Object Repository/FDR-VoucherEntry/Voucher/secondaryContact' is present

2020-09-15 14:49:19 - [MESSAGE][PASSED] - Object 'Object Repository/FDR-VoucherEntry/Voucher/secondaryContact' is present

2020-09-15 14:49:19 - [MESSAGE][PASSED] - Keys 'DOWN + ENTER + ' sent to object: 'Object Repository/FDR-VoucherEntry/Voucher/secondaryContact'

2020-09-15 14:49:20 - [MESSAGE][PASSED] - Object: 'Object Repository/FDR-VoucherEntry/Voucher/buttonNext' is clicked on

2020-09-15 14:49:23 - [MESSAGE][PASSED] - Delayed 3 second(s)

2020-09-15 14:49:23 - [MESSAGE][PASSED] - Object 'Object Repository/FDR-VoucherEntry/VoucherHeader/reviewButton' is present

2020-09-15 14:49:23 - [TEST_STEP][PASSED] - waitForElementPresent(findTestObject("FDR-VoucherEntry/VoucherHeader/reviewButton"), 5): Object 'Object Repository/FDR-VoucherEntry/VoucherHeader/reviewButton' is present

2020-09-15 14:49:23 - [MESSAGE][PASSED] - Object 'Object Repository/FDR-VoucherEntry/VoucherHeader/reviewButton' is present

2020-09-15 14:49:23 - [TEST_STEP][PASSED] - Uifunctions.createInvoiceLine(2): Object 'Object Repository/FDR-VoucherEntry/VoucherHeader/reviewButton' is present

2020-09-15 14:49:24 - [MESSAGE][PASSED] - Object 'Object Repository/FDR-VoucherEntry/VoucherHeader/reviewButton' is present

2020-09-15 14:49:27 - [MESSAGE][INFO] - Unable to find the element located by 'By.xpath: //*[contains(text(),'Add voucher')]//parent::button'. Please recheck the objects properties to make sure the desired element is located. 

2020-09-15 14:49:27 - [MESSAGE][WARNING] - Object 'Object Repository/FDR-VoucherEntry/InvoiceLine/addVoucherButton' is not present after 2 second(s)

2020-09-15 14:49:27 - [MESSAGE][PASSED] - Object 'Object Repository/FDR-VoucherEntry/InvoiceLine/invoice' is clickable

2020-09-15 14:49:27 - [MESSAGE][PASSED] - Object: 'Object Repository/FDR-VoucherEntry/InvoiceLine/invoice' is clicked on

2020-09-15 14:49:28 - [MESSAGE][PASSED] - Text '6050' is set on object 'Object Repository/FDR-VoucherEntry/InvoiceLine/invoice'

2020-09-15 14:49:29 - [MESSAGE][PASSED] - Object: 'Object Repository/FDR-VoucherEntry/InvoiceLine/invoiceDate' is clicked on

2020-09-15 14:49:29 - [MESSAGE][PASSED] - Object 'Object Repository/FDR-VoucherEntry/InvoiceLine/invoiceDate' is present

2020-09-15 14:49:30 - [MESSAGE][PASSED] - Text '09/15/2020' is set on object 'Object Repository/FDR-VoucherEntry/InvoiceLine/invoiceDate'

2020-09-15 14:49:30 - [MESSAGE][PASSED] - Object: 'Object Repository/FDR-VoucherEntry/InvoiceLine/originalWarrantDate' is clicked on

2020-09-15 14:49:31 - [MESSAGE][PASSED] - Text '09/16/2020' is set on object 'Object Repository/FDR-VoucherEntry/InvoiceLine/originalWarrantDate'

2020-09-15 14:49:31 - [MESSAGE][PASSED] - Object 'Object Repository/FDR-VoucherEntry/InvoiceLine/addInvoiceLineButton' is present

2020-09-15 14:49:32 - [MESSAGE][PASSED] - Object: 'Object Repository/FDR-VoucherEntry/InvoiceLine/addInvoiceLineButton' is clicked on

2020-09-15 14:49:32 - [MESSAGE][PASSED] - Object 'Object Repository/FDR-VoucherEntry/VoucherHeader/reviewButton' is present

2020-09-15 14:49:36 - [MESSAGE][INFO] - Unable to find the element located by 'By.xpath: //*[contains(text(),'Add voucher')]//parent::button'. Please recheck the objects properties to make sure the desired element is located. 

2020-09-15 14:49:36 - [MESSAGE][WARNING] - Object 'Object Repository/FDR-VoucherEntry/InvoiceLine/addVoucherButton' is not present after 2 second(s)

2020-09-15 14:49:36 - [MESSAGE][PASSED] - Object 'Object Repository/FDR-VoucherEntry/InvoiceLine/invoice' is clickable

2020-09-15 14:49:36 - [MESSAGE][PASSED] - Object: 'Object Repository/FDR-VoucherEntry/InvoiceLine/invoice' is clicked on

2020-09-15 14:49:37 - [MESSAGE][PASSED] - Text '4891' is set on object 'Object Repository/FDR-VoucherEntry/InvoiceLine/invoice'

2020-09-15 14:49:37 - [MESSAGE][PASSED] - Object: 'Object Repository/FDR-VoucherEntry/InvoiceLine/invoiceDate' is clicked on

2020-09-15 14:49:38 - [MESSAGE][PASSED] - Object 'Object Repository/FDR-VoucherEntry/InvoiceLine/invoiceDate' is present

2020-09-15 14:49:38 - [MESSAGE][PASSED] - Text '09/16/2020' is set on object 'Object Repository/FDR-VoucherEntry/InvoiceLine/invoiceDate'

2020-09-15 14:49:39 - [MESSAGE][PASSED] - Object: 'Object Repository/FDR-VoucherEntry/InvoiceLine/originalWarrantDate' is clicked on

2020-09-15 14:49:40 - [MESSAGE][PASSED] - Text '09/17/2020' is set on object 'Object Repository/FDR-VoucherEntry/InvoiceLine/originalWarrantDate'

2020-09-15 14:49:40 - [MESSAGE][PASSED] - Object 'Object Repository/FDR-VoucherEntry/InvoiceLine/addInvoiceLineButton' is present

2020-09-15 14:49:40 - [MESSAGE][PASSED] - Object: 'Object Repository/FDR-VoucherEntry/InvoiceLine/addInvoiceLineButtonIndex2' is clicked on

2020-09-15 14:49:41 - [MESSAGE][PASSED] - Object 'Object Repository/FDR-VoucherEntry/VoucherHeader/reviewButton' is present

2020-09-15 14:49:41 - [TEST_STEP][PASSED] - waitForElementClickable(findTestObject("FDR-VoucherEntry/InvoiceLine/invoiceLineExpandButton"), 5): Object 'Object Repository/FDR-VoucherEntry/InvoiceLine/invoiceLineExpandButton' is clickable

2020-09-15 14:49:41 - [MESSAGE][PASSED] - Object 'Object Repository/FDR-VoucherEntry/InvoiceLine/invoiceLineExpandButton' is clickable

2020-09-15 14:49:41 - [TEST_STEP][PASSED] - click(findTestObject("FDR-VoucherEntry/InvoiceLine/invoiceLineExpandButton")): Object: 'Object Repository/FDR-VoucherEntry/InvoiceLine/invoiceLineExpandButton' is clicked on

2020-09-15 14:49:42 - [MESSAGE][PASSED] - Object: 'Object Repository/FDR-VoucherEntry/InvoiceLine/invoiceLineExpandButton' is clicked on

2020-09-15 14:49:42 - [TEST_STEP][PASSED] - waitForElementClickable(findTestObject("FDR-VoucherEntry/InvoiceLine/invoiceAddlineButton"), 5): Object 'Object Repository/FDR-VoucherEntry/InvoiceLine/invoiceAddlineButton' is clickable

2020-09-15 14:49:43 - [MESSAGE][PASSED] - Object 'Object Repository/FDR-VoucherEntry/InvoiceLine/invoiceAddlineButton' is clickable

2020-09-15 14:49:43 - [TEST_STEP][PASSED] - click(findTestObject("FDR-VoucherEntry/InvoiceLine/invoiceAddlineButton")): Object: 'Object Repository/FDR-VoucherEntry/InvoiceLine/invoiceAddlineButton' is clicked on

2020-09-15 14:49:43 - [MESSAGE][PASSED] - Object: 'Object Repository/FDR-VoucherEntry/InvoiceLine/invoiceAddlineButton' is clicked on

2020-09-15 14:49:43 - [TEST_STEP][PASSED] - Uifunctions.createDistributionLines(2, "Voucher/FDR-DL"): Object: 'Object Repository/FDR-VoucherEntry/DistributionLine/addSaveButton' is clicked on

2020-09-15 14:49:47 - [MESSAGE][INFO] - Unable to find the element located by 'By.xpath: //*[@data-id='button-link']//*[contains(text(),'Create New Voucher')]'. Please recheck the objects properties to make sure the desired element is located. 

2020-09-15 14:49:47 - [MESSAGE][WARNING] - Object 'Object Repository/FDR-Dashboard/createNewVoucherButton' is not present after 3 second(s)

2020-09-15 14:49:51 - [MESSAGE][INFO] - Unable to find the element located by 'By.xpath: //*[@data-id='button-link']//*[contains(text(),'Create New Voucher')]'. Please recheck the objects properties to make sure the desired element is located. 

2020-09-15 14:49:51 - [MESSAGE][WARNING] - Object 'Object Repository/FDR-Dashboard/createNewVoucherButton' is not present after 2 second(s)

2020-09-15 14:49:51 - [MESSAGE][PASSED] - Object 'Object Repository/FDR-VoucherEntry/DistributionLine/serviceDateFrom' is clickable

2020-09-15 14:49:51 - [MESSAGE][PASSED] - Object: 'Object Repository/FDR-VoucherEntry/DistributionLine/serviceDateFrom' is clicked on

2020-09-15 14:49:51 - [MESSAGE][PASSED] - Object 'Object Repository/FDR-VoucherEntry/DistributionLine/serviceDateFrom' is present

2020-09-15 14:49:52 - [MESSAGE][PASSED] - Text '08/04/2020' is set on object 'Object Repository/FDR-VoucherEntry/DistributionLine/serviceDateFrom'

2020-09-15 14:49:53 - [MESSAGE][PASSED] - Object: 'Object Repository/FDR-VoucherEntry/DistributionLine/serviceDateTo' is clicked on

2020-09-15 14:49:53 - [MESSAGE][PASSED] - Object 'Object Repository/FDR-VoucherEntry/DistributionLine/serviceDateTo' is present

2020-09-15 14:49:54 - [MESSAGE][PASSED] - Text '08/05/2020' is set on object 'Object Repository/FDR-VoucherEntry/DistributionLine/serviceDateTo'

2020-09-15 14:49:57 - [MESSAGE][INFO] - Unable to find the element located by 'By.xpath: //*[@data-id='button-link']//*[contains(text(),'Create New Voucher')]'. Please recheck the objects properties to make sure the desired element is located. 

2020-09-15 14:49:57 - [MESSAGE][WARNING] - Object 'Object Repository/FDR-Dashboard/createNewVoucherButton' is not present after 2 second(s)

2020-09-15 14:49:57 - [MESSAGE][PASSED] - Object: 'Object Repository/FDR-VoucherEntry/DistributionLine/amount' is clicked on

2020-09-15 14:49:58 - [MESSAGE][PASSED] - Execute JavaScript 'arguments[0].value='';' successfully

2020-09-15 14:49:58 - [MESSAGE][PASSED] - Keys '100' sent to object: 'Object Repository/FDR-VoucherEntry/DistributionLine/amount'

2020-09-15 14:50:00 - [MESSAGE][INFO] - Unable to find the element located by 'By.xpath: //*[@data-id='button-link']//*[contains(text(),'Create New Voucher')]'. Please recheck the objects properties to make sure the desired element is located. 

2020-09-15 14:50:00 - [MESSAGE][WARNING] - Object 'Object Repository/FDR-Dashboard/createNewVoucherButton' is not present after 1 second(s)

2020-09-15 14:50:01 - [MESSAGE][PASSED] - Object: 'Object Repository/FDR-VoucherEntry/DistributionLine/waiverType' is clicked on

2020-09-15 14:50:03 - [MESSAGE][INFO] - Unable to find the element located by 'By.xpath: //*[@data-id='button-link']//*[contains(text(),'Create New Voucher')]'. Please recheck the objects properties to make sure the desired element is located. 

2020-09-15 14:50:03 - [MESSAGE][WARNING] - Object 'Object Repository/FDR-Dashboard/createNewVoucherButton' is not present after 1 second(s)

2020-09-15 14:50:03 - [MESSAGE][PASSED] - Keys '1115' sent to object: 'Object Repository/FDR-VoucherEntry/DistributionLine/waiverType'

2020-09-15 14:50:06 - [MESSAGE][INFO] - Unable to find the element located by 'By.xpath: //*[@data-id='button-link']//*[contains(text(),'Create New Voucher')]'. Please recheck the objects properties to make sure the desired element is located. 

2020-09-15 14:50:06 - [MESSAGE][WARNING] - Object 'Object Repository/FDR-Dashboard/createNewVoucherButton' is not present after 2 second(s)

2020-09-15 14:50:07 - [MESSAGE][PASSED] - Keys 'DOWN + ENTER + ' sent to object: 'Object Repository/FDR-VoucherEntry/DistributionLine/waiverType'

2020-09-15 14:50:07 - [MESSAGE][PASSED] - Object: 'Object Repository/FDR-VoucherEntry/DistributionLine/waiverName' is clicked on

2020-09-15 14:50:08 - [MESSAGE][PASSED] - Keys 'CBAS' sent to object: 'Object Repository/FDR-VoucherEntry/DistributionLine/waiverName'

2020-09-15 14:50:11 - [MESSAGE][INFO] - Unable to find the element located by 'By.xpath: //*[@data-id='button-link']//*[contains(text(),'Create New Voucher')]'. Please recheck the objects properties to make sure the desired element is located. 

2020-09-15 14:50:11 - [MESSAGE][WARNING] - Object 'Object Repository/FDR-Dashboard/createNewVoucherButton' is not present after 2 second(s)

2020-09-15 14:50:11 - [MESSAGE][PASSED] - Keys 'DOWN + ENTER + ' sent to object: 'Object Repository/FDR-VoucherEntry/DistributionLine/waiverName'

2020-09-15 14:50:12 - [MESSAGE][PASSED] - Object: 'Object Repository/FDR-VoucherEntry/DistributionLine/fundingSource' is clicked on

2020-09-15 14:50:13 - [MESSAGE][PASSED] - Keys 'Dental' sent to object: 'Object Repository/FDR-VoucherEntry/DistributionLine/fundingSource'

2020-09-15 14:50:16 - [MESSAGE][INFO] - Unable to find the element located by 'By.xpath: //*[@data-id='button-link']//*[contains(text(),'Create New Voucher')]'. Please recheck the objects properties to make sure the desired element is located. 

2020-09-15 14:50:16 - [MESSAGE][WARNING] - Object 'Object Repository/FDR-Dashboard/createNewVoucherButton' is not present after 2 second(s)

2020-09-15 14:50:16 - [MESSAGE][PASSED] - Keys 'DOWN + ENTER + ' sent to object: 'Object Repository/FDR-VoucherEntry/DistributionLine/fundingSource'

2020-09-15 14:50:17 - [MESSAGE][PASSED] - Object: 'Object Repository/FDR-VoucherEntry/DistributionLine/fundRatio' is clicked on

2020-09-15 14:50:17 - [MESSAGE][PASSED] - Keys '90/10' sent to object: 'Object Repository/FDR-VoucherEntry/DistributionLine/fundRatio'

2020-09-15 14:50:20 - [MESSAGE][INFO] - Unable to find the element located by 'By.xpath: //*[@data-id='button-link']//*[contains(text(),'Create New Voucher')]'. Please recheck the objects properties to make sure the desired element is located. 

2020-09-15 14:50:20 - [MESSAGE][WARNING] - Object 'Object Repository/FDR-Dashboard/createNewVoucherButton' is not present after 2 second(s)

2020-09-15 14:50:21 - [MESSAGE][PASSED] - Keys 'DOWN + ENTER + ' sent to object: 'Object Repository/FDR-VoucherEntry/DistributionLine/fundRatio'

2020-09-15 14:50:21 - [MESSAGE][PASSED] - Object: 'Object Repository/FDR-VoucherEntry/DistributionLine/nonFederalFund' is clicked on

2020-09-15 14:50:22 - [MESSAGE][PASSED] - Keys '0001' sent to object: 'Object Repository/FDR-VoucherEntry/DistributionLine/nonFederalFund'

2020-09-15 14:50:25 - [MESSAGE][INFO] - Unable to find the element located by 'By.xpath: //*[@data-id='button-link']//*[contains(text(),'Create New Voucher')]'. Please recheck the objects properties to make sure the desired element is located. 

2020-09-15 14:50:25 - [MESSAGE][WARNING] - Object 'Object Repository/FDR-Dashboard/createNewVoucherButton' is not present after 2 second(s)

2020-09-15 14:50:25 - [MESSAGE][PASSED] - Keys 'DOWN + ENTER + ' sent to object: 'Object Repository/FDR-VoucherEntry/DistributionLine/nonFederalFund'

2020-09-15 14:50:26 - [MESSAGE][PASSED] - Object: 'Object Repository/FDR-VoucherEntry/DistributionLine/account' is clicked on

2020-09-15 14:50:26 - [MESSAGE][PASSED] - Keys '5442000' sent to object: 'Object Repository/FDR-VoucherEntry/DistributionLine/account'

2020-09-15 14:50:27 - [MESSAGE][PASSED] - Keys 'DOWN + ENTER + ' sent to object: 'Object Repository/FDR-VoucherEntry/DistributionLine/account'

2020-09-15 14:50:28 - [MESSAGE][PASSED] - Object: 'Object Repository/FDR-VoucherEntry/DistributionLine/altAccount' is clicked on

2020-09-15 14:50:28 - [MESSAGE][PASSED] - Keys '5442000' sent to object: 'Object Repository/FDR-VoucherEntry/DistributionLine/altAccount'

2020-09-15 14:50:28 - [MESSAGE][PASSED] - Object 'Object Repository/FDR-VoucherEntry/DistributionLine/altAccount' is present

2020-09-15 14:50:29 - [MESSAGE][PASSED] - Keys 'DOWN + ENTER + ' sent to object: 'Object Repository/FDR-VoucherEntry/DistributionLine/altAccount'

2020-09-15 14:50:29 - [MESSAGE][PASSED] - Object: 'Object Repository/FDR-VoucherEntry/DistributionLine/serviceCategory' is clicked on

2020-09-15 14:50:32 - [MESSAGE][INFO] - Unable to find the element located by 'By.xpath: //*[@data-id='button-link']//*[contains(text(),'Create New Voucher')]'. Please recheck the objects properties to make sure the desired element is located. 

2020-09-15 14:50:32 - [MESSAGE][WARNING] - Object 'Object Repository/FDR-Dashboard/createNewVoucherButton' is not present after 2 second(s)

2020-09-15 14:50:33 - [MESSAGE][PASSED] - Keys '18B1' sent to object: 'Object Repository/FDR-VoucherEntry/DistributionLine/serviceCategory'

2020-09-15 14:50:33 - [MESSAGE][PASSED] - Keys 'DOWN + ENTER + ' sent to object: 'Object Repository/FDR-VoucherEntry/DistributionLine/serviceCategory'

2020-09-15 14:50:34 - [MESSAGE][PASSED] - Object: 'Object Repository/FDR-VoucherEntry/DistributionLine/incDecLine' is clicked on

2020-09-15 14:50:34 - [MESSAGE][PASSED] - Keys '8: Adjustments and corrections' sent to object: 'Object Repository/FDR-VoucherEntry/DistributionLine/incDecLine'

2020-09-15 14:50:35 - [MESSAGE][PASSED] - Keys 'DOWN + ENTER + ' sent to object: 'Object Repository/FDR-VoucherEntry/DistributionLine/incDecLine'

2020-09-15 14:50:37 - [MESSAGE][INFO] - Unable to find the element located by 'By.xpath: //*[@data-id='button-link']//*[contains(text(),'Create New Voucher')]'. Please recheck the objects properties to make sure the desired element is located. 

2020-09-15 14:50:37 - [MESSAGE][WARNING] - Object 'Object Repository/FDR-Dashboard/createNewVoucherButton' is not present after 1 second(s)

2020-09-15 14:50:37 - [MESSAGE][PASSED] - Object: 'Object Repository/FDR-VoucherEntry/DistributionLine/index' is clicked on

2020-09-15 14:50:38 - [MESSAGE][PASSED] - Keys '1155' sent to object: 'Object Repository/FDR-VoucherEntry/DistributionLine/index'

2020-09-15 14:50:38 - [MESSAGE][PASSED] - Keys 'DOWN + ENTER + ' sent to object: 'Object Repository/FDR-VoucherEntry/DistributionLine/index'

2020-09-15 14:50:39 - [MESSAGE][PASSED] - Object: 'Object Repository/FDR-VoucherEntry/DistributionLine/addAnotherLine' is clicked on

2020-09-15 14:50:41 - [MESSAGE][INFO] - Unable to find the element located by 'By.xpath: //*[@data-id='button-link']//*[contains(text(),'Create New Voucher')]'. Please recheck the objects properties to make sure the desired element is located. 

2020-09-15 14:50:41 - [MESSAGE][WARNING] - Object 'Object Repository/FDR-Dashboard/createNewVoucherButton' is not present after 1 second(s)

2020-09-15 14:50:41 - [MESSAGE][PASSED] - Object: 'Object Repository/FDR-VoucherEntry/DistributionLine/clearButton' is clicked on

2020-09-15 14:50:44 - [MESSAGE][INFO] - Unable to find the element located by 'By.xpath: //*[@data-id='button-link']//*[contains(text(),'Create New Voucher')]'. Please recheck the objects properties to make sure the desired element is located. 

2020-09-15 14:50:44 - [MESSAGE][WARNING] - Object 'Object Repository/FDR-Dashboard/createNewVoucherButton' is not present after 2 second(s)

2020-09-15 14:50:47 - [MESSAGE][INFO] - Unable to find the element located by 'By.xpath: //*[@data-id='button-link']//*[contains(text(),'Create New Voucher')]'. Please recheck the objects properties to make sure the desired element is located. 

2020-09-15 14:50:47 - [MESSAGE][WARNING] - Object 'Object Repository/FDR-Dashboard/createNewVoucherButton' is not present after 2 second(s)

2020-09-15 14:50:48 - [MESSAGE][PASSED] - Object 'Object Repository/FDR-VoucherEntry/DistributionLine/serviceDateFrom' is clickable

2020-09-15 14:50:48 - [MESSAGE][PASSED] - Object: 'Object Repository/FDR-VoucherEntry/DistributionLine/serviceDateFrom' is clicked on

2020-09-15 14:50:48 - [MESSAGE][PASSED] - Object 'Object Repository/FDR-VoucherEntry/DistributionLine/serviceDateFrom' is present

2020-09-15 14:50:49 - [MESSAGE][PASSED] - Text '08/04/2020' is set on object 'Object Repository/FDR-VoucherEntry/DistributionLine/serviceDateFrom'

2020-09-15 14:50:49 - [MESSAGE][PASSED] - Object: 'Object Repository/FDR-VoucherEntry/DistributionLine/serviceDateTo' is clicked on

2020-09-15 14:50:49 - [MESSAGE][PASSED] - Object 'Object Repository/FDR-VoucherEntry/DistributionLine/serviceDateTo' is present

2020-09-15 14:50:50 - [MESSAGE][PASSED] - Text '08/05/2020' is set on object 'Object Repository/FDR-VoucherEntry/DistributionLine/serviceDateTo'

2020-09-15 14:50:53 - [MESSAGE][INFO] - Unable to find the element located by 'By.xpath: //*[@data-id='button-link']//*[contains(text(),'Create New Voucher')]'. Please recheck the objects properties to make sure the desired element is located. 

2020-09-15 14:50:53 - [MESSAGE][WARNING] - Object 'Object Repository/FDR-Dashboard/createNewVoucherButton' is not present after 2 second(s)

2020-09-15 14:50:53 - [MESSAGE][PASSED] - Object: 'Object Repository/FDR-VoucherEntry/DistributionLine/amount' is clicked on

2020-09-15 14:50:54 - [MESSAGE][PASSED] - Execute JavaScript 'arguments[0].value='';' successfully

2020-09-15 14:50:54 - [MESSAGE][PASSED] - Keys '350' sent to object: 'Object Repository/FDR-VoucherEntry/DistributionLine/amount'

2020-09-15 14:50:56 - [MESSAGE][INFO] - Unable to find the element located by 'By.xpath: //*[@data-id='button-link']//*[contains(text(),'Create New Voucher')]'. Please recheck the objects properties to make sure the desired element is located. 

2020-09-15 14:50:56 - [MESSAGE][WARNING] - Object 'Object Repository/FDR-Dashboard/createNewVoucherButton' is not present after 1 second(s)

2020-09-15 14:50:57 - [MESSAGE][PASSED] - Object: 'Object Repository/FDR-VoucherEntry/DistributionLine/waiverType' is clicked on

2020-09-15 14:50:59 - [MESSAGE][INFO] - Unable to find the element located by 'By.xpath: //*[@data-id='button-link']//*[contains(text(),'Create New Voucher')]'. Please recheck the objects properties to make sure the desired element is located. 

2020-09-15 14:50:59 - [MESSAGE][WARNING] - Object 'Object Repository/FDR-Dashboard/createNewVoucherButton' is not present after 1 second(s)

2020-09-15 14:50:59 - [MESSAGE][PASSED] - Keys '1115' sent to object: 'Object Repository/FDR-VoucherEntry/DistributionLine/waiverType'

2020-09-15 14:51:02 - [MESSAGE][INFO] - Unable to find the element located by 'By.xpath: //*[@data-id='button-link']//*[contains(text(),'Create New Voucher')]'. Please recheck the objects properties to make sure the desired element is located. 

2020-09-15 14:51:02 - [MESSAGE][WARNING] - Object 'Object Repository/FDR-Dashboard/createNewVoucherButton' is not present after 2 second(s)

2020-09-15 14:51:03 - [MESSAGE][PASSED] - Keys 'DOWN + ENTER + ' sent to object: 'Object Repository/FDR-VoucherEntry/DistributionLine/waiverType'

2020-09-15 14:51:03 - [MESSAGE][PASSED] - Object: 'Object Repository/FDR-VoucherEntry/DistributionLine/waiverName' is clicked on

2020-09-15 14:51:04 - [MESSAGE][PASSED] - Keys 'CBAS' sent to object: 'Object Repository/FDR-VoucherEntry/DistributionLine/waiverName'

2020-09-15 14:51:07 - [MESSAGE][INFO] - Unable to find the element located by 'By.xpath: //*[@data-id='button-link']//*[contains(text(),'Create New Voucher')]'. Please recheck the objects properties to make sure the desired element is located. 

2020-09-15 14:51:07 - [MESSAGE][WARNING] - Object 'Object Repository/FDR-Dashboard/createNewVoucherButton' is not present after 2 second(s)

2020-09-15 14:51:07 - [MESSAGE][PASSED] - Keys 'DOWN + ENTER + ' sent to object: 'Object Repository/FDR-VoucherEntry/DistributionLine/waiverName'

2020-09-15 14:51:08 - [MESSAGE][PASSED] - Object: 'Object Repository/FDR-VoucherEntry/DistributionLine/fundingSource' is clicked on

2020-09-15 14:51:09 - [MESSAGE][PASSED] - Keys 'Pace' sent to object: 'Object Repository/FDR-VoucherEntry/DistributionLine/fundingSource'

2020-09-15 14:51:12 - [MESSAGE][INFO] - Unable to find the element located by 'By.xpath: //*[@data-id='button-link']//*[contains(text(),'Create New Voucher')]'. Please recheck the objects properties to make sure the desired element is located. 

2020-09-15 14:51:12 - [MESSAGE][WARNING] - Object 'Object Repository/FDR-Dashboard/createNewVoucherButton' is not present after 2 second(s)

2020-09-15 14:51:12 - [MESSAGE][PASSED] - Keys 'DOWN + ENTER + ' sent to object: 'Object Repository/FDR-VoucherEntry/DistributionLine/fundingSource'

2020-09-15 14:51:13 - [MESSAGE][PASSED] - Object: 'Object Repository/FDR-VoucherEntry/DistributionLine/fundRatio' is clicked on

2020-09-15 14:51:13 - [MESSAGE][PASSED] - Keys '90/10' sent to object: 'Object Repository/FDR-VoucherEntry/DistributionLine/fundRatio'

2020-09-15 14:51:16 - [MESSAGE][INFO] - Unable to find the element located by 'By.xpath: //*[@data-id='button-link']//*[contains(text(),'Create New Voucher')]'. Please recheck the objects properties to make sure the desired element is located. 

2020-09-15 14:51:16 - [MESSAGE][WARNING] - Object 'Object Repository/FDR-Dashboard/createNewVoucherButton' is not present after 2 second(s)

2020-09-15 14:51:17 - [MESSAGE][PASSED] - Keys 'DOWN + ENTER + ' sent to object: 'Object Repository/FDR-VoucherEntry/DistributionLine/fundRatio'

2020-09-15 14:51:17 - [MESSAGE][PASSED] - Object: 'Object Repository/FDR-VoucherEntry/DistributionLine/nonFederalFund' is clicked on

2020-09-15 14:51:18 - [MESSAGE][PASSED] - Keys '0001' sent to object: 'Object Repository/FDR-VoucherEntry/DistributionLine/nonFederalFund'

2020-09-15 14:51:21 - [MESSAGE][INFO] - Unable to find the element located by 'By.xpath: //*[@data-id='button-link']//*[contains(text(),'Create New Voucher')]'. Please recheck the objects properties to make sure the desired element is located. 

2020-09-15 14:51:21 - [MESSAGE][WARNING] - Object 'Object Repository/FDR-Dashboard/createNewVoucherButton' is not present after 2 second(s)

2020-09-15 14:51:21 - [MESSAGE][PASSED] - Keys 'DOWN + ENTER + ' sent to object: 'Object Repository/FDR-VoucherEntry/DistributionLine/nonFederalFund'

2020-09-15 14:51:22 - [MESSAGE][PASSED] - Object: 'Object Repository/FDR-VoucherEntry/DistributionLine/account' is clicked on

2020-09-15 14:51:22 - [MESSAGE][PASSED] - Keys '5432000' sent to object: 'Object Repository/FDR-VoucherEntry/DistributionLine/account'

2020-09-15 14:51:23 - [MESSAGE][PASSED] - Keys 'DOWN + ENTER + ' sent to object: 'Object Repository/FDR-VoucherEntry/DistributionLine/account'

2020-09-15 14:51:24 - [MESSAGE][PASSED] - Object: 'Object Repository/FDR-VoucherEntry/DistributionLine/altAccount' is clicked on

2020-09-15 14:51:24 - [MESSAGE][PASSED] - Keys '5432000' sent to object: 'Object Repository/FDR-VoucherEntry/DistributionLine/altAccount'

2020-09-15 14:51:25 - [MESSAGE][PASSED] - Object 'Object Repository/FDR-VoucherEntry/DistributionLine/altAccount' is present

2020-09-15 14:51:25 - [MESSAGE][PASSED] - Keys 'DOWN + ENTER + ' sent to object: 'Object Repository/FDR-VoucherEntry/DistributionLine/altAccount'

2020-09-15 14:51:26 - [MESSAGE][PASSED] - Object: 'Object Repository/FDR-VoucherEntry/DistributionLine/serviceCategory' is clicked on

2020-09-15 14:51:29 - [MESSAGE][INFO] - Unable to find the element located by 'By.xpath: //*[@data-id='button-link']//*[contains(text(),'Create New Voucher')]'. Please recheck the objects properties to make sure the desired element is located. 

2020-09-15 14:51:29 - [MESSAGE][WARNING] - Object 'Object Repository/FDR-Dashboard/createNewVoucherButton' is not present after 2 second(s)

2020-09-15 14:51:29 - [MESSAGE][PASSED] - Keys '22' sent to object: 'Object Repository/FDR-VoucherEntry/DistributionLine/serviceCategory'

2020-09-15 14:51:29 - [MESSAGE][PASSED] - Keys 'DOWN + ENTER + ' sent to object: 'Object Repository/FDR-VoucherEntry/DistributionLine/serviceCategory'

2020-09-15 14:51:30 - [MESSAGE][PASSED] - Object: 'Object Repository/FDR-VoucherEntry/DistributionLine/incDecLine' is clicked on

2020-09-15 14:51:31 - [MESSAGE][PASSED] - Keys '10b: Receipts or any decrease' sent to object: 'Object Repository/FDR-VoucherEntry/DistributionLine/incDecLine'

2020-09-15 14:51:31 - [MESSAGE][PASSED] - Keys 'DOWN + ENTER + ' sent to object: 'Object Repository/FDR-VoucherEntry/DistributionLine/incDecLine'

2020-09-15 14:51:33 - [MESSAGE][INFO] - Unable to find the element located by 'By.xpath: //*[@data-id='button-link']//*[contains(text(),'Create New Voucher')]'. Please recheck the objects properties to make sure the desired element is located. 

2020-09-15 14:51:33 - [MESSAGE][WARNING] - Object 'Object Repository/FDR-Dashboard/createNewVoucherButton' is not present after 1 second(s)

2020-09-15 14:51:34 - [MESSAGE][PASSED] - Object: 'Object Repository/FDR-VoucherEntry/DistributionLine/index' is clicked on

2020-09-15 14:51:34 - [MESSAGE][PASSED] - Keys '1155' sent to object: 'Object Repository/FDR-VoucherEntry/DistributionLine/index'

2020-09-15 14:51:35 - [MESSAGE][PASSED] - Keys 'DOWN + ENTER + ' sent to object: 'Object Repository/FDR-VoucherEntry/DistributionLine/index'

2020-09-15 14:51:35 - [MESSAGE][PASSED] - Object: 'Object Repository/FDR-VoucherEntry/DistributionLine/addSaveButton' is clicked on

2020-09-15 14:51:35 - [TEST_STEP][PASSED] - waitForElementPresent(findTestObject("FDR-VoucherEntry/VoucherHeader/reviewButton"), 5): Object 'Object Repository/FDR-VoucherEntry/VoucherHeader/reviewButton' is present

2020-09-15 14:51:36 - [MESSAGE][PASSED] - Object 'Object Repository/FDR-VoucherEntry/VoucherHeader/reviewButton' is present

2020-09-15 14:51:36 - [TEST_STEP][PASSED] - Start tear down : tearDownTestCase: Method 'tearDownTestCase' complete successfully

2020-09-15 14:51:36 - [MESSAGE][PASSED] - Method 'tearDownTestCase' complete successfully

2020-09-15 14:51:36 - [TEST_STEP][PASSED] - Start listener action : sampleAfterTestCase: null

2020-09-15 14:51:36 - [TEST_STEP][PASSED] - profileName = getExecutionProfile(): null

2020-09-15 14:51:36 - [TEST_STEP][PASSED] - switch (profileName): null

2020-09-15 14:51:36 - [TEST_STEP][PASSED] - case "superUser":: null

2020-09-15 14:51:36 - [TEST_STEP][PASSED] - return null: null

2020-09-15 14:51:36 - [TEST_STEP][PASSED] - Start listener action : afterTestCase: null

2020-09-15 14:51:36 - [TEST_STEP][PASSED] - profileName = getExecutionProfile(): null

2020-09-15 14:51:36 - [TEST_STEP][PASSED] - if (profileName.equalsIgnoreCase("SysAdmin")): null

2020-09-15 14:51:36 - [TEST_STEP][PASSED] - Start listener action : sampleAfterTestCase: null

2020-09-15 14:51:36 - [TEST_STEP][PASSED] - profileName = getExecutionProfile(): null

2020-09-15 14:51:36 - [TEST_STEP][PASSED] - switch (profileName): null

2020-09-15 14:51:36 - [TEST_STEP][PASSED] - case "Voucher":: null

2020-09-15 14:51:36 - [TEST_STEP][PASSED] - Uifunctions.logoutFDR(): Browser is closed

2020-09-15 14:51:37 - [MESSAGE][PASSED] - Browser is closed

2020-09-15 14:51:37 - [TEST_STEP][PASSED] - break: null

2020-09-15 14:51:37 - [TEST_STEP][PASSED] - Start listener action : addFailedTCToList: null]]></system-out>
         <system-err><![CDATA[]]></system-err>
      </testcase>
      <testcase name="Test Cases/WEB-UI-TESTS/Voucher/FDR-Create-Simple-Voucher" time="129.081" classname="Test Cases/WEB-UI-TESTS/Voucher/FDR-Create-Simple-Voucher" status="PASSED">
         <system-out><![CDATA[2020-09-15 14:51:37 - [TEST_CASE][PASSED] - Test Cases/WEB-UI-TESTS/Voucher/FDR-Create-Simple-Voucher: Test Cases/WEB-UI-TESTS/Voucher/FDR-Create-Simple-Voucher

2020-09-15 14:51:37 - [TEST_STEP][PASSED] - Start listener action : sampleBeforeTestCase: null

2020-09-15 14:51:37 - [TEST_STEP][PASSED] - profileName = getExecutionProfile(): null

2020-09-15 14:51:37 - [TEST_STEP][PASSED] - switch (profileName): null

2020-09-15 14:51:37 - [TEST_STEP][PASSED] - case "superUser":: null

2020-09-15 14:51:37 - [TEST_STEP][PASSED] - return null: null

2020-09-15 14:51:37 - [TEST_STEP][PASSED] - Start listener action : beforeTestCase: null

2020-09-15 14:51:37 - [TEST_STEP][PASSED] - profileName = getExecutionProfile(): null

2020-09-15 14:51:37 - [TEST_STEP][PASSED] - if (profileName.equalsIgnoreCase("SysAdmin")): null

2020-09-15 14:51:37 - [TEST_STEP][PASSED] - Start listener action : sampleBeforeTestCase: Navigate to 'https://fdr-katalon.cammis-mod-dev.dhcs.ca.gov' successfully

2020-09-15 14:51:37 - [TEST_STEP][PASSED] - profileName = getExecutionProfile(): null

2020-09-15 14:51:37 - [TEST_STEP][PASSED] - testCaseId = testCaseContext.getTestCaseId(): null

2020-09-15 14:51:37 - [TEST_STEP][PASSED] - switch (profileName): null

2020-09-15 14:51:37 - [TEST_STEP][PASSED] - case "Voucher":: null

2020-09-15 14:51:37 - [TEST_STEP][PASSED] - Uifunctions.loginFDR(accountsApproverAcc2, accountsApproverAcc2Pwd): Object: 'Object Repository/FDR-SignIn/SignInButton' is clicked on

2020-09-15 14:51:37 - [MESSAGE][INFO] - Starting 'Chrome' driver

2020-09-15 14:51:37 - [MESSAGE][INFO] - Action delay is set to 0 milliseconds

2020-09-15 14:51:40 - [MESSAGE][PASSED] - Browser is opened with url: ''

2020-09-15 14:51:42 - [MESSAGE][PASSED] - Current window maximized

2020-09-15 14:51:43 - [MESSAGE][PASSED] - Navigate to 'https://fdr-katalon.cammis-mod-dev.dhcs.ca.gov' successfully

2020-09-15 14:51:45 - [MESSAGE][PASSED] - Object 'Object Repository/FDR-SignIn/SignInEmail' is present

2020-09-15 14:51:45 - [MESSAGE][PASSED] - Object: 'Object Repository/FDR-SignIn/SignInEmail' is clicked on

2020-09-15 14:51:45 - [MESSAGE][PASSED] - Object 'Object Repository/FDR-SignIn/SignInEmail' is present

2020-09-15 14:51:46 - [MESSAGE][PASSED] - Text 'fdr.test2@dhcs.ca.gov' is set on object 'Object Repository/FDR-SignIn/SignInEmail'

2020-09-15 14:51:46 - [MESSAGE][PASSED] - Object 'Object Repository/FDR-SignIn/SignInEmailNext' is visible

2020-09-15 14:51:46 - [MESSAGE][PASSED] - Object: 'Object Repository/FDR-SignIn/SignInEmailNext' is clicked on

2020-09-15 14:51:50 - [MESSAGE][PASSED] - Object 'Object Repository/FDR-SignIn/SignInEmailPassword' is visible

2020-09-15 14:51:50 - [MESSAGE][PASSED] - Object: 'Object Repository/FDR-SignIn/SignInEmailPassword' is clicked on

2020-09-15 14:51:50 - [MESSAGE][PASSED] - Text ****** has been set on object 'Object Repository/FDR-SignIn/SignInEmailPassword'

2020-09-15 14:51:52 - [MESSAGE][PASSED] - Object: 'Object Repository/FDR-SignIn/SignInButton' is clicked on

2020-09-15 14:51:52 - [TEST_STEP][PASSED] - break: null

2020-09-15 14:51:52 - [TEST_STEP][PASSED] - navigateToUrl(URL): Navigate to 'https://fdr-katalon.cammis-mod-dev.dhcs.ca.gov' successfully

2020-09-15 14:51:52 - [MESSAGE][PASSED] - Navigate to 'https://fdr-katalon.cammis-mod-dev.dhcs.ca.gov' successfully

2020-09-15 14:51:52 - [TEST_STEP][PASSED] - Start listener action : executeRows: null

2020-09-15 14:51:52 - [TEST_STEP][PASSED] - Start setup action : setupTestCase: Method 'setupTestCase' complete successfully

2020-09-15 14:51:52 - [MESSAGE][PASSED] - Method 'setupTestCase' complete successfully

2020-09-15 14:51:52 - [TEST_STEP][PASSED] - voucherHeaderData = ["drawDate":drawDate, "payDate":payDate, "programType":programType, "invoiceType":invoiceType, "fundCode":fundCode, "supplier":supplier, ... ]: null

2020-09-15 14:51:52 - [TEST_STEP][PASSED] - Uifunctions.createVoucherHeader(voucherHeaderData): Object 'Object Repository/FDR-VoucherEntry/VoucherHeader/reviewButton' is present

2020-09-15 14:51:54 - [MESSAGE][PASSED] - Object 'Object Repository/FDR-Dashboard/createNewVoucherButton' is present

2020-09-15 14:51:55 - [MESSAGE][PASSED] - Object: 'Object Repository/FDR-Dashboard/createNewVoucherButton' is clicked on

2020-09-15 14:51:59 - [MESSAGE][INFO] - Unable to find the element located by 'By.xpath: //*[@data-id='action-button']//*[contains(text(),'Review')]'. Please recheck the objects properties to make sure the desired element is located. 

2020-09-15 14:51:59 - [MESSAGE][WARNING] - Object 'Object Repository/FDR-VoucherEntry/VoucherHeader/reviewButton' is not present after 3 second(s)

2020-09-15 14:51:59 - [MESSAGE][PASSED] - Object: 'Object Repository/FDR-VoucherEntry/Voucher/drawDate' is clicked on

2020-09-15 14:52:01 - [MESSAGE][INFO] - Unable to find the element located by 'By.xpath: //*[@data-id='button-link']//*[contains(text(),'Create New Voucher')]'. Please recheck the objects properties to make sure the desired element is located. 

2020-09-15 14:52:01 - [MESSAGE][WARNING] - Object 'Object Repository/FDR-Dashboard/createNewVoucherButton' is not present after 1 second(s)

2020-09-15 14:52:02 - [MESSAGE][PASSED] - Text '10/05/2020' is set on object 'Object Repository/FDR-VoucherEntry/Voucher/drawDate'

2020-09-15 14:52:06 - [MESSAGE][INFO] - Unable to find the element located by 'By.xpath: //*[@data-id='button-link']//*[contains(text(),'Create New Voucher')]'. Please recheck the objects properties to make sure the desired element is located. 

2020-09-15 14:52:06 - [MESSAGE][WARNING] - Object 'Object Repository/FDR-Dashboard/createNewVoucherButton' is not present after 3 second(s)

2020-09-15 14:52:07 - [MESSAGE][PASSED] - Object: 'Object Repository/FDR-VoucherEntry/Voucher/programType' is clicked on

2020-09-15 14:52:10 - [MESSAGE][INFO] - Unable to find the element located by 'By.xpath: //*[@data-id='button-link']//*[contains(text(),'Create New Voucher')]'. Please recheck the objects properties to make sure the desired element is located. 

2020-09-15 14:52:10 - [MESSAGE][WARNING] - Object 'Object Repository/FDR-Dashboard/createNewVoucherButton' is not present after 2 second(s)

2020-09-15 14:52:10 - [MESSAGE][PASSED] - Keys 'Medical Assistance (MA)' sent to object: 'Object Repository/FDR-VoucherEntry/Voucher/programType'

2020-09-15 14:52:11 - [MESSAGE][PASSED] - Object 'Object Repository/FDR-VoucherEntry/Voucher/programType' is present

2020-09-15 14:52:11 - [MESSAGE][PASSED] - Keys 'DOWN + ENTER + ' sent to object: 'Object Repository/FDR-VoucherEntry/Voucher/programType'

2020-09-15 14:52:11 - [MESSAGE][PASSED] - Object: 'Object Repository/FDR-VoucherEntry/Voucher/invoiceType' is clicked on

2020-09-15 14:52:12 - [MESSAGE][PASSED] - Object 'Object Repository/FDR-VoucherEntry/Voucher/invoiceType' is present

2020-09-15 14:52:12 - [MESSAGE][PASSED] - Keys 'CAP' sent to object: 'Object Repository/FDR-VoucherEntry/Voucher/invoiceType'

2020-09-15 14:52:13 - [MESSAGE][PASSED] - Keys 'DOWN + ENTER + ' sent to object: 'Object Repository/FDR-VoucherEntry/Voucher/invoiceType'

2020-09-15 14:52:13 - [MESSAGE][PASSED] - Object: 'Object Repository/FDR-VoucherEntry/Voucher/fundCode' is clicked on

2020-09-15 14:52:14 - [MESSAGE][PASSED] - Keys 'Health Care Deposit Fund (0912)' sent to object: 'Object Repository/FDR-VoucherEntry/Voucher/fundCode'

2020-09-15 14:52:14 - [MESSAGE][PASSED] - Object 'Object Repository/FDR-VoucherEntry/Voucher/fundCode' is present

2020-09-15 14:52:15 - [MESSAGE][PASSED] - Keys 'DOWN + ENTER + ' sent to object: 'Object Repository/FDR-VoucherEntry/Voucher/fundCode'

2020-09-15 14:52:15 - [MESSAGE][PASSED] - Object: 'Object Repository/FDR-VoucherEntry/Voucher/supplierID' is clicked on

2020-09-15 14:52:16 - [MESSAGE][PASSED] - Keys '0000007954' sent to object: 'Object Repository/FDR-VoucherEntry/Voucher/supplierID'

2020-09-15 14:52:16 - [MESSAGE][PASSED] - Object 'Object Repository/FDR-VoucherEntry/Voucher/supplierID' is present

2020-09-15 14:52:17 - [MESSAGE][PASSED] - Keys 'DOWN + ENTER + ' sent to object: 'Object Repository/FDR-VoucherEntry/Voucher/supplierID'

2020-09-15 14:52:17 - [MESSAGE][PASSED] - Object: 'Object Repository/FDR-VoucherEntry/Voucher/seqNum' is clicked on

2020-09-15 14:52:18 - [MESSAGE][PASSED] - Object 'Object Repository/FDR-VoucherEntry/Voucher/seqNum' is present

2020-09-15 14:52:18 - [MESSAGE][PASSED] - Keys 'DOWN + ENTER + ' sent to object: 'Object Repository/FDR-VoucherEntry/Voucher/seqNum'

2020-09-15 14:52:19 - [MESSAGE][PASSED] - Object: 'Object Repository/FDR-VoucherEntry/Voucher/contractNum' is clicked on

2020-09-15 14:52:19 - [MESSAGE][PASSED] - Keys '07-65707' sent to object: 'Object Repository/FDR-VoucherEntry/Voucher/contractNum'

2020-09-15 14:52:19 - [MESSAGE][PASSED] - Object 'Object Repository/FDR-VoucherEntry/Voucher/contractNum' is present

2020-09-15 14:52:20 - [MESSAGE][PASSED] - Keys 'DOWN + ENTER + ' sent to object: 'Object Repository/FDR-VoucherEntry/Voucher/contractNum'

2020-09-15 14:52:22 - [MESSAGE][PASSED] - Text 'This message will print on the Remittance Advice' is set on object 'Object Repository/FDR-VoucherEntry/Voucher/vendorMessage'

2020-09-15 14:52:23 - [MESSAGE][PASSED] - Object: 'Object Repository/FDR-VoucherEntry/Voucher/primaryContact' is clicked on

2020-09-15 14:52:23 - [MESSAGE][PASSED] - Keys 'Aung Lin' sent to object: 'Object Repository/FDR-VoucherEntry/Voucher/primaryContact'

2020-09-15 14:52:23 - [MESSAGE][PASSED] - Object 'Object Repository/FDR-VoucherEntry/Voucher/primaryContact' is present

2020-09-15 14:52:24 - [MESSAGE][PASSED] - Keys 'DOWN + ENTER + ' sent to object: 'Object Repository/FDR-VoucherEntry/Voucher/primaryContact'

2020-09-15 14:52:24 - [MESSAGE][PASSED] - Object: 'Object Repository/FDR-VoucherEntry/Voucher/secondaryContact' is clicked on

2020-09-15 14:52:25 - [MESSAGE][PASSED] - Keys 'Vivian Ly' sent to object: 'Object Repository/FDR-VoucherEntry/Voucher/secondaryContact'

2020-09-15 14:52:25 - [MESSAGE][PASSED] - Object 'Object Repository/FDR-VoucherEntry/Voucher/secondaryContact' is present

2020-09-15 14:52:26 - [MESSAGE][PASSED] - Object 'Object Repository/FDR-VoucherEntry/Voucher/secondaryContact' is present

2020-09-15 14:52:26 - [MESSAGE][PASSED] - Keys 'DOWN + ENTER + ' sent to object: 'Object Repository/FDR-VoucherEntry/Voucher/secondaryContact'

2020-09-15 14:52:27 - [MESSAGE][PASSED] - Object: 'Object Repository/FDR-VoucherEntry/Voucher/buttonNext' is clicked on

2020-09-15 14:52:30 - [MESSAGE][PASSED] - Delayed 3 second(s)

2020-09-15 14:52:30 - [MESSAGE][PASSED] - Object 'Object Repository/FDR-VoucherEntry/VoucherHeader/reviewButton' is present

2020-09-15 14:52:30 - [TEST_STEP][PASSED] - waitForElementPresent(findTestObject("FDR-Dashboard/createNewVoucherButton"), 4): Object 'Object Repository/FDR-Dashboard/createNewVoucherButton' is not present after 4 second(s)

2020-09-15 14:52:35 - [MESSAGE][INFO] - Unable to find the element located by 'By.xpath: //*[@data-id='button-link']//*[contains(text(),'Create New Voucher')]'. Please recheck the objects properties to make sure the desired element is located. 

2020-09-15 14:52:35 - [MESSAGE][WARNING] - Object 'Object Repository/FDR-Dashboard/createNewVoucherButton' is not present after 4 second(s)

2020-09-15 14:52:35 - [TEST_STEP][PASSED] - Uifunctions.createInvoiceLine(1): Object 'Object Repository/FDR-VoucherEntry/VoucherHeader/reviewButton' is present

2020-09-15 14:52:35 - [MESSAGE][PASSED] - Object 'Object Repository/FDR-VoucherEntry/VoucherHeader/reviewButton' is present

2020-09-15 14:52:38 - [MESSAGE][INFO] - Unable to find the element located by 'By.xpath: //*[contains(text(),'Add voucher')]//parent::button'. Please recheck the objects properties to make sure the desired element is located. 

2020-09-15 14:52:38 - [MESSAGE][WARNING] - Object 'Object Repository/FDR-VoucherEntry/InvoiceLine/addVoucherButton' is not present after 2 second(s)

2020-09-15 14:52:39 - [MESSAGE][PASSED] - Object 'Object Repository/FDR-VoucherEntry/InvoiceLine/invoice' is clickable

2020-09-15 14:52:39 - [MESSAGE][PASSED] - Object: 'Object Repository/FDR-VoucherEntry/InvoiceLine/invoice' is clicked on

2020-09-15 14:52:40 - [MESSAGE][PASSED] - Text '1340' is set on object 'Object Repository/FDR-VoucherEntry/InvoiceLine/invoice'

2020-09-15 14:52:40 - [MESSAGE][PASSED] - Object: 'Object Repository/FDR-VoucherEntry/InvoiceLine/invoiceDate' is clicked on

2020-09-15 14:52:41 - [MESSAGE][PASSED] - Object 'Object Repository/FDR-VoucherEntry/InvoiceLine/invoiceDate' is present

2020-09-15 14:52:41 - [MESSAGE][PASSED] - Text '09/15/2020' is set on object 'Object Repository/FDR-VoucherEntry/InvoiceLine/invoiceDate'

2020-09-15 14:52:42 - [MESSAGE][PASSED] - Object: 'Object Repository/FDR-VoucherEntry/InvoiceLine/originalWarrantDate' is clicked on

2020-09-15 14:52:42 - [MESSAGE][PASSED] - Text '09/16/2020' is set on object 'Object Repository/FDR-VoucherEntry/InvoiceLine/originalWarrantDate'

2020-09-15 14:52:43 - [MESSAGE][PASSED] - Object 'Object Repository/FDR-VoucherEntry/InvoiceLine/addInvoiceLineButton' is present

2020-09-15 14:52:43 - [MESSAGE][PASSED] - Object: 'Object Repository/FDR-VoucherEntry/InvoiceLine/addInvoiceLineButtonIndex2' is clicked on

2020-09-15 14:52:44 - [MESSAGE][PASSED] - Object 'Object Repository/FDR-VoucherEntry/VoucherHeader/reviewButton' is present

2020-09-15 14:52:44 - [TEST_STEP][PASSED] - waitForElementClickable(findTestObject("FDR-VoucherEntry/InvoiceLine/invoiceLineExpandButton"), 5): Object 'Object Repository/FDR-VoucherEntry/InvoiceLine/invoiceLineExpandButton' is clickable

2020-09-15 14:52:44 - [MESSAGE][PASSED] - Object 'Object Repository/FDR-VoucherEntry/InvoiceLine/invoiceLineExpandButton' is clickable

2020-09-15 14:52:44 - [TEST_STEP][PASSED] - click(findTestObject("FDR-VoucherEntry/InvoiceLine/invoiceLineExpandButton")): Object: 'Object Repository/FDR-VoucherEntry/InvoiceLine/invoiceLineExpandButton' is clicked on

2020-09-15 14:52:44 - [MESSAGE][PASSED] - Object: 'Object Repository/FDR-VoucherEntry/InvoiceLine/invoiceLineExpandButton' is clicked on

2020-09-15 14:52:44 - [TEST_STEP][PASSED] - waitForElementPresent(findTestObject("FDR-Dashboard/createNewVoucherButton"), 4): Object 'Object Repository/FDR-Dashboard/createNewVoucherButton' is not present after 4 second(s)

2020-09-15 14:52:50 - [MESSAGE][INFO] - Unable to find the element located by 'By.xpath: //*[@data-id='button-link']//*[contains(text(),'Create New Voucher')]'. Please recheck the objects properties to make sure the desired element is located. 

2020-09-15 14:52:50 - [MESSAGE][WARNING] - Object 'Object Repository/FDR-Dashboard/createNewVoucherButton' is not present after 4 second(s)

2020-09-15 14:52:50 - [TEST_STEP][PASSED] - click(findTestObject("FDR-VoucherEntry/InvoiceLine/invoiceAddlineButton")): Object: 'Object Repository/FDR-VoucherEntry/InvoiceLine/invoiceAddlineButton' is clicked on

2020-09-15 14:52:50 - [MESSAGE][PASSED] - Object: 'Object Repository/FDR-VoucherEntry/InvoiceLine/invoiceAddlineButton' is clicked on

2020-09-15 14:52:50 - [TEST_STEP][PASSED] - Uifunctions.createDistributionLines(1, "Voucher/FDR-DL"): Object: 'Object Repository/FDR-VoucherEntry/DistributionLine/addSaveButton' is clicked on

2020-09-15 14:52:54 - [MESSAGE][INFO] - Unable to find the element located by 'By.xpath: //*[@data-id='button-link']//*[contains(text(),'Create New Voucher')]'. Please recheck the objects properties to make sure the desired element is located. 

2020-09-15 14:52:54 - [MESSAGE][WARNING] - Object 'Object Repository/FDR-Dashboard/createNewVoucherButton' is not present after 3 second(s)

2020-09-15 14:52:57 - [MESSAGE][INFO] - Unable to find the element located by 'By.xpath: //*[@data-id='button-link']//*[contains(text(),'Create New Voucher')]'. Please recheck the objects properties to make sure the desired element is located. 

2020-09-15 14:52:57 - [MESSAGE][WARNING] - Object 'Object Repository/FDR-Dashboard/createNewVoucherButton' is not present after 2 second(s)

2020-09-15 14:52:58 - [MESSAGE][PASSED] - Object 'Object Repository/FDR-VoucherEntry/DistributionLine/serviceDateFrom' is clickable

2020-09-15 14:52:58 - [MESSAGE][PASSED] - Object: 'Object Repository/FDR-VoucherEntry/DistributionLine/serviceDateFrom' is clicked on

2020-09-15 14:52:58 - [MESSAGE][PASSED] - Object 'Object Repository/FDR-VoucherEntry/DistributionLine/serviceDateFrom' is present

2020-09-15 14:52:59 - [MESSAGE][PASSED] - Text '08/04/2020' is set on object 'Object Repository/FDR-VoucherEntry/DistributionLine/serviceDateFrom'

2020-09-15 14:52:59 - [MESSAGE][PASSED] - Object: 'Object Repository/FDR-VoucherEntry/DistributionLine/serviceDateTo' is clicked on

2020-09-15 14:53:00 - [MESSAGE][PASSED] - Object 'Object Repository/FDR-VoucherEntry/DistributionLine/serviceDateTo' is present

2020-09-15 14:53:01 - [MESSAGE][PASSED] - Text '08/05/2020' is set on object 'Object Repository/FDR-VoucherEntry/DistributionLine/serviceDateTo'

2020-09-15 14:53:04 - [MESSAGE][INFO] - Unable to find the element located by 'By.xpath: //*[@data-id='button-link']//*[contains(text(),'Create New Voucher')]'. Please recheck the objects properties to make sure the desired element is located. 

2020-09-15 14:53:04 - [MESSAGE][WARNING] - Object 'Object Repository/FDR-Dashboard/createNewVoucherButton' is not present after 2 second(s)

2020-09-15 14:53:04 - [MESSAGE][PASSED] - Object: 'Object Repository/FDR-VoucherEntry/DistributionLine/amount' is clicked on

2020-09-15 14:53:05 - [MESSAGE][PASSED] - Execute JavaScript 'arguments[0].value='';' successfully

2020-09-15 14:53:05 - [MESSAGE][PASSED] - Keys '100' sent to object: 'Object Repository/FDR-VoucherEntry/DistributionLine/amount'

2020-09-15 14:53:07 - [MESSAGE][INFO] - Unable to find the element located by 'By.xpath: //*[@data-id='button-link']//*[contains(text(),'Create New Voucher')]'. Please recheck the objects properties to make sure the desired element is located. 

2020-09-15 14:53:07 - [MESSAGE][WARNING] - Object 'Object Repository/FDR-Dashboard/createNewVoucherButton' is not present after 1 second(s)

2020-09-15 14:53:08 - [MESSAGE][PASSED] - Object: 'Object Repository/FDR-VoucherEntry/DistributionLine/waiverType' is clicked on

2020-09-15 14:53:10 - [MESSAGE][INFO] - Unable to find the element located by 'By.xpath: //*[@data-id='button-link']//*[contains(text(),'Create New Voucher')]'. Please recheck the objects properties to make sure the desired element is located. 

2020-09-15 14:53:10 - [MESSAGE][WARNING] - Object 'Object Repository/FDR-Dashboard/createNewVoucherButton' is not present after 1 second(s)

2020-09-15 14:53:10 - [MESSAGE][PASSED] - Keys '1115' sent to object: 'Object Repository/FDR-VoucherEntry/DistributionLine/waiverType'

2020-09-15 14:53:13 - [MESSAGE][INFO] - Unable to find the element located by 'By.xpath: //*[@data-id='button-link']//*[contains(text(),'Create New Voucher')]'. Please recheck the objects properties to make sure the desired element is located. 

2020-09-15 14:53:13 - [MESSAGE][WARNING] - Object 'Object Repository/FDR-Dashboard/createNewVoucherButton' is not present after 2 second(s)

2020-09-15 14:53:13 - [MESSAGE][PASSED] - Keys 'DOWN + ENTER + ' sent to object: 'Object Repository/FDR-VoucherEntry/DistributionLine/waiverType'

2020-09-15 14:53:14 - [MESSAGE][PASSED] - Object: 'Object Repository/FDR-VoucherEntry/DistributionLine/waiverName' is clicked on

2020-09-15 14:53:15 - [MESSAGE][PASSED] - Keys 'CBAS' sent to object: 'Object Repository/FDR-VoucherEntry/DistributionLine/waiverName'

2020-09-15 14:53:18 - [MESSAGE][INFO] - Unable to find the element located by 'By.xpath: //*[@data-id='button-link']//*[contains(text(),'Create New Voucher')]'. Please recheck the objects properties to make sure the desired element is located. 

2020-09-15 14:53:18 - [MESSAGE][WARNING] - Object 'Object Repository/FDR-Dashboard/createNewVoucherButton' is not present after 2 second(s)

2020-09-15 14:53:18 - [MESSAGE][PASSED] - Keys 'DOWN + ENTER + ' sent to object: 'Object Repository/FDR-VoucherEntry/DistributionLine/waiverName'

2020-09-15 14:53:19 - [MESSAGE][PASSED] - Object: 'Object Repository/FDR-VoucherEntry/DistributionLine/fundingSource' is clicked on

2020-09-15 14:53:19 - [MESSAGE][PASSED] - Keys 'Dental' sent to object: 'Object Repository/FDR-VoucherEntry/DistributionLine/fundingSource'

2020-09-15 14:53:22 - [MESSAGE][INFO] - Unable to find the element located by 'By.xpath: //*[@data-id='button-link']//*[contains(text(),'Create New Voucher')]'. Please recheck the objects properties to make sure the desired element is located. 

2020-09-15 14:53:22 - [MESSAGE][WARNING] - Object 'Object Repository/FDR-Dashboard/createNewVoucherButton' is not present after 2 second(s)

2020-09-15 14:53:23 - [MESSAGE][PASSED] - Keys 'DOWN + ENTER + ' sent to object: 'Object Repository/FDR-VoucherEntry/DistributionLine/fundingSource'

2020-09-15 14:53:23 - [MESSAGE][PASSED] - Object: 'Object Repository/FDR-VoucherEntry/DistributionLine/fundRatio' is clicked on

2020-09-15 14:53:24 - [MESSAGE][PASSED] - Keys '90/10' sent to object: 'Object Repository/FDR-VoucherEntry/DistributionLine/fundRatio'

2020-09-15 14:53:27 - [MESSAGE][INFO] - Unable to find the element located by 'By.xpath: //*[@data-id='button-link']//*[contains(text(),'Create New Voucher')]'. Please recheck the objects properties to make sure the desired element is located. 

2020-09-15 14:53:27 - [MESSAGE][WARNING] - Object 'Object Repository/FDR-Dashboard/createNewVoucherButton' is not present after 2 second(s)

2020-09-15 14:53:27 - [MESSAGE][PASSED] - Keys 'DOWN + ENTER + ' sent to object: 'Object Repository/FDR-VoucherEntry/DistributionLine/fundRatio'

2020-09-15 14:53:28 - [MESSAGE][PASSED] - Object: 'Object Repository/FDR-VoucherEntry/DistributionLine/nonFederalFund' is clicked on

2020-09-15 14:53:29 - [MESSAGE][PASSED] - Keys '0001' sent to object: 'Object Repository/FDR-VoucherEntry/DistributionLine/nonFederalFund'

2020-09-15 14:53:32 - [MESSAGE][INFO] - Unable to find the element located by 'By.xpath: //*[@data-id='button-link']//*[contains(text(),'Create New Voucher')]'. Please recheck the objects properties to make sure the desired element is located. 

2020-09-15 14:53:32 - [MESSAGE][WARNING] - Object 'Object Repository/FDR-Dashboard/createNewVoucherButton' is not present after 2 second(s)

2020-09-15 14:53:32 - [MESSAGE][PASSED] - Keys 'DOWN + ENTER + ' sent to object: 'Object Repository/FDR-VoucherEntry/DistributionLine/nonFederalFund'

2020-09-15 14:53:33 - [MESSAGE][PASSED] - Object: 'Object Repository/FDR-VoucherEntry/DistributionLine/account' is clicked on

2020-09-15 14:53:33 - [MESSAGE][PASSED] - Keys '5442000' sent to object: 'Object Repository/FDR-VoucherEntry/DistributionLine/account'

2020-09-15 14:53:34 - [MESSAGE][PASSED] - Keys 'DOWN + ENTER + ' sent to object: 'Object Repository/FDR-VoucherEntry/DistributionLine/account'

2020-09-15 14:53:34 - [MESSAGE][PASSED] - Object: 'Object Repository/FDR-VoucherEntry/DistributionLine/altAccount' is clicked on

2020-09-15 14:53:35 - [MESSAGE][PASSED] - Keys '5442000' sent to object: 'Object Repository/FDR-VoucherEntry/DistributionLine/altAccount'

2020-09-15 14:53:35 - [MESSAGE][PASSED] - Object 'Object Repository/FDR-VoucherEntry/DistributionLine/altAccount' is present

2020-09-15 14:53:36 - [MESSAGE][PASSED] - Keys 'DOWN + ENTER + ' sent to object: 'Object Repository/FDR-VoucherEntry/DistributionLine/altAccount'

2020-09-15 14:53:36 - [MESSAGE][PASSED] - Object: 'Object Repository/FDR-VoucherEntry/DistributionLine/serviceCategory' is clicked on

2020-09-15 14:53:39 - [MESSAGE][INFO] - Unable to find the element located by 'By.xpath: //*[@data-id='button-link']//*[contains(text(),'Create New Voucher')]'. Please recheck the objects properties to make sure the desired element is located. 

2020-09-15 14:53:39 - [MESSAGE][WARNING] - Object 'Object Repository/FDR-Dashboard/createNewVoucherButton' is not present after 2 second(s)

2020-09-15 14:53:40 - [MESSAGE][PASSED] - Keys '18B1' sent to object: 'Object Repository/FDR-VoucherEntry/DistributionLine/serviceCategory'

2020-09-15 14:53:40 - [MESSAGE][PASSED] - Keys 'DOWN + ENTER + ' sent to object: 'Object Repository/FDR-VoucherEntry/DistributionLine/serviceCategory'

2020-09-15 14:53:40 - [MESSAGE][PASSED] - Object: 'Object Repository/FDR-VoucherEntry/DistributionLine/incDecLine' is clicked on

2020-09-15 14:53:41 - [MESSAGE][PASSED] - Keys '8: Adjustments and corrections' sent to object: 'Object Repository/FDR-VoucherEntry/DistributionLine/incDecLine'

2020-09-15 14:53:41 - [MESSAGE][PASSED] - Keys 'DOWN + ENTER + ' sent to object: 'Object Repository/FDR-VoucherEntry/DistributionLine/incDecLine'

2020-09-15 14:53:44 - [MESSAGE][INFO] - Unable to find the element located by 'By.xpath: //*[@data-id='button-link']//*[contains(text(),'Create New Voucher')]'. Please recheck the objects properties to make sure the desired element is located. 

2020-09-15 14:53:44 - [MESSAGE][WARNING] - Object 'Object Repository/FDR-Dashboard/createNewVoucherButton' is not present after 1 second(s)

2020-09-15 14:53:44 - [MESSAGE][PASSED] - Object: 'Object Repository/FDR-VoucherEntry/DistributionLine/index' is clicked on

2020-09-15 14:53:45 - [MESSAGE][PASSED] - Keys '1155' sent to object: 'Object Repository/FDR-VoucherEntry/DistributionLine/index'

2020-09-15 14:53:45 - [MESSAGE][PASSED] - Keys 'DOWN + ENTER + ' sent to object: 'Object Repository/FDR-VoucherEntry/DistributionLine/index'

2020-09-15 14:53:46 - [MESSAGE][PASSED] - Object: 'Object Repository/FDR-VoucherEntry/DistributionLine/addSaveButton' is clicked on

2020-09-15 14:53:46 - [TEST_STEP][PASSED] - Start tear down : tearDownTestCase: Method 'tearDownTestCase' complete successfully

2020-09-15 14:53:46 - [MESSAGE][PASSED] - Method 'tearDownTestCase' complete successfully

2020-09-15 14:53:46 - [TEST_STEP][PASSED] - Start listener action : sampleAfterTestCase: null

2020-09-15 14:53:46 - [TEST_STEP][PASSED] - profileName = getExecutionProfile(): null

2020-09-15 14:53:46 - [TEST_STEP][PASSED] - switch (profileName): null

2020-09-15 14:53:46 - [TEST_STEP][PASSED] - case "superUser":: null

2020-09-15 14:53:46 - [TEST_STEP][PASSED] - return null: null

2020-09-15 14:53:46 - [TEST_STEP][PASSED] - Start listener action : afterTestCase: null

2020-09-15 14:53:46 - [TEST_STEP][PASSED] - profileName = getExecutionProfile(): null

2020-09-15 14:53:46 - [TEST_STEP][PASSED] - if (profileName.equalsIgnoreCase("SysAdmin")): null

2020-09-15 14:53:46 - [TEST_STEP][PASSED] - Start listener action : sampleAfterTestCase: null

2020-09-15 14:53:46 - [TEST_STEP][PASSED] - profileName = getExecutionProfile(): null

2020-09-15 14:53:46 - [TEST_STEP][PASSED] - switch (profileName): null

2020-09-15 14:53:46 - [TEST_STEP][PASSED] - case "Voucher":: null

2020-09-15 14:53:46 - [TEST_STEP][PASSED] - Uifunctions.logoutFDR(): Browser is closed

2020-09-15 14:53:46 - [MESSAGE][PASSED] - Browser is closed

2020-09-15 14:53:46 - [TEST_STEP][PASSED] - break: null

2020-09-15 14:53:46 - [TEST_STEP][PASSED] - Start listener action : addFailedTCToList: null]]></system-out>
         <system-err><![CDATA[]]></system-err>
      </testcase>
      <testcase name="Test Cases/WEB-UI-TESTS/Voucher/FDR-Verify-VoucherHeader-Labels" time="64.508" classname="Test Cases/WEB-UI-TESTS/Voucher/FDR-Verify-VoucherHeader-Labels" status="PASSED">
         <system-out><![CDATA[2020-09-15 14:53:46 - [TEST_CASE][PASSED] - Test Cases/WEB-UI-TESTS/Voucher/FDR-Verify-VoucherHeader-Labels: Test Cases/WEB-UI-TESTS/Voucher/FDR-Verify-VoucherHeader-Labels

2020-09-15 14:53:46 - [TEST_STEP][PASSED] - Start listener action : sampleBeforeTestCase: null

2020-09-15 14:53:46 - [TEST_STEP][PASSED] - profileName = getExecutionProfile(): null

2020-09-15 14:53:46 - [TEST_STEP][PASSED] - switch (profileName): null

2020-09-15 14:53:46 - [TEST_STEP][PASSED] - case "superUser":: null

2020-09-15 14:53:46 - [TEST_STEP][PASSED] - return null: null

2020-09-15 14:53:46 - [TEST_STEP][PASSED] - Start listener action : beforeTestCase: null

2020-09-15 14:53:46 - [TEST_STEP][PASSED] - profileName = getExecutionProfile(): null

2020-09-15 14:53:46 - [TEST_STEP][PASSED] - if (profileName.equalsIgnoreCase("SysAdmin")): null

2020-09-15 14:53:46 - [TEST_STEP][PASSED] - Start listener action : sampleBeforeTestCase: Navigate to 'https://fdr-katalon.cammis-mod-dev.dhcs.ca.gov' successfully

2020-09-15 14:53:46 - [TEST_STEP][PASSED] - profileName = getExecutionProfile(): null

2020-09-15 14:53:46 - [TEST_STEP][PASSED] - testCaseId = testCaseContext.getTestCaseId(): null

2020-09-15 14:53:46 - [TEST_STEP][PASSED] - switch (profileName): null

2020-09-15 14:53:46 - [TEST_STEP][PASSED] - case "Voucher":: null

2020-09-15 14:53:46 - [TEST_STEP][PASSED] - Uifunctions.loginFDR(accountsApproverAcc2, accountsApproverAcc2Pwd): Object: 'Object Repository/FDR-SignIn/SignInButton' is clicked on

2020-09-15 14:53:46 - [MESSAGE][INFO] - Starting 'Chrome' driver

2020-09-15 14:53:46 - [MESSAGE][INFO] - Action delay is set to 0 milliseconds

2020-09-15 14:53:49 - [MESSAGE][PASSED] - Browser is opened with url: ''

2020-09-15 14:53:51 - [MESSAGE][PASSED] - Current window maximized

2020-09-15 14:53:53 - [MESSAGE][PASSED] - Navigate to 'https://fdr-katalon.cammis-mod-dev.dhcs.ca.gov' successfully

2020-09-15 14:53:54 - [MESSAGE][PASSED] - Object 'Object Repository/FDR-SignIn/SignInEmail' is present

2020-09-15 14:53:54 - [MESSAGE][PASSED] - Object: 'Object Repository/FDR-SignIn/SignInEmail' is clicked on

2020-09-15 14:53:54 - [MESSAGE][PASSED] - Object 'Object Repository/FDR-SignIn/SignInEmail' is present

2020-09-15 14:53:55 - [MESSAGE][PASSED] - Text 'fdr.test2@dhcs.ca.gov' is set on object 'Object Repository/FDR-SignIn/SignInEmail'

2020-09-15 14:53:55 - [MESSAGE][PASSED] - Object 'Object Repository/FDR-SignIn/SignInEmailNext' is visible

2020-09-15 14:53:56 - [MESSAGE][PASSED] - Object: 'Object Repository/FDR-SignIn/SignInEmailNext' is clicked on

2020-09-15 14:53:59 - [MESSAGE][PASSED] - Object 'Object Repository/FDR-SignIn/SignInEmailPassword' is visible

2020-09-15 14:53:59 - [MESSAGE][PASSED] - Object: 'Object Repository/FDR-SignIn/SignInEmailPassword' is clicked on

2020-09-15 14:54:00 - [MESSAGE][PASSED] - Text ****** has been set on object 'Object Repository/FDR-SignIn/SignInEmailPassword'

2020-09-15 14:54:01 - [MESSAGE][PASSED] - Object: 'Object Repository/FDR-SignIn/SignInButton' is clicked on

2020-09-15 14:54:01 - [TEST_STEP][PASSED] - break: null

2020-09-15 14:54:01 - [TEST_STEP][PASSED] - navigateToUrl(URL): Navigate to 'https://fdr-katalon.cammis-mod-dev.dhcs.ca.gov' successfully

2020-09-15 14:54:02 - [MESSAGE][PASSED] - Navigate to 'https://fdr-katalon.cammis-mod-dev.dhcs.ca.gov' successfully

2020-09-15 14:54:02 - [TEST_STEP][PASSED] - Start listener action : executeRows: null

2020-09-15 14:54:02 - [TEST_STEP][PASSED] - Start setup action : setupTestCase: Method 'setupTestCase' complete successfully

2020-09-15 14:54:02 - [MESSAGE][PASSED] - Method 'setupTestCase' complete successfully

2020-09-15 14:54:02 - [TEST_STEP][PASSED] - callTestCase(findTestCase("WEB-UI-TESTS/Voucher/FDR-Create-Voucher-Header"), ["drawDate":drawDate, "payDate":payDate, "programType":programType, "invoiceType":invoiceType, "fundCode":fundCode, "supplier":supplier, ... ]): Call Test Case 'Test Cases/WEB-UI-TESTS/Voucher/FDR-Create-Voucher-Header' successfully

2020-09-15 14:54:02 - [TEST_CASE][PASSED] - Test Cases/WEB-UI-TESTS/Voucher/FDR-Create-Voucher-Header: Test Cases/WEB-UI-TESTS/Voucher/FDR-Create-Voucher-Header

2020-09-15 14:54:02 - [TEST_STEP][PASSED] - voucherHeaderData = ["drawDate":drawDate, "payDate":payDate, "programType":programType, "invoiceType":invoiceType, "fundCode":fundCode, "supplier":supplier, ... ]: null

2020-09-15 14:54:02 - [TEST_STEP][PASSED] - Uifunctions.createVoucherHeader(voucherHeaderData): Object 'Object Repository/FDR-VoucherEntry/VoucherHeader/reviewButton' is present

2020-09-15 14:54:04 - [MESSAGE][PASSED] - Object 'Object Repository/FDR-Dashboard/createNewVoucherButton' is present

2020-09-15 14:54:04 - [MESSAGE][PASSED] - Object: 'Object Repository/FDR-Dashboard/createNewVoucherButton' is clicked on

2020-09-15 14:54:09 - [MESSAGE][INFO] - Unable to find the element located by 'By.xpath: //*[@data-id='action-button']//*[contains(text(),'Review')]'. Please recheck the objects properties to make sure the desired element is located. 

2020-09-15 14:54:09 - [MESSAGE][WARNING] - Object 'Object Repository/FDR-VoucherEntry/VoucherHeader/reviewButton' is not present after 3 second(s)

2020-09-15 14:54:09 - [MESSAGE][PASSED] - Object: 'Object Repository/FDR-VoucherEntry/Voucher/drawDate' is clicked on

2020-09-15 14:54:11 - [MESSAGE][INFO] - Unable to find the element located by 'By.xpath: //*[@data-id='button-link']//*[contains(text(),'Create New Voucher')]'. Please recheck the objects properties to make sure the desired element is located. 

2020-09-15 14:54:11 - [MESSAGE][WARNING] - Object 'Object Repository/FDR-Dashboard/createNewVoucherButton' is not present after 1 second(s)

2020-09-15 14:54:12 - [MESSAGE][PASSED] - Text '10/05/2020' is set on object 'Object Repository/FDR-VoucherEntry/Voucher/drawDate'

2020-09-15 14:54:16 - [MESSAGE][INFO] - Unable to find the element located by 'By.xpath: //*[@data-id='button-link']//*[contains(text(),'Create New Voucher')]'. Please recheck the objects properties to make sure the desired element is located. 

2020-09-15 14:54:16 - [MESSAGE][WARNING] - Object 'Object Repository/FDR-Dashboard/createNewVoucherButton' is not present after 3 second(s)

2020-09-15 14:54:17 - [MESSAGE][PASSED] - Object: 'Object Repository/FDR-VoucherEntry/Voucher/programType' is clicked on

2020-09-15 14:54:20 - [MESSAGE][INFO] - Unable to find the element located by 'By.xpath: //*[@data-id='button-link']//*[contains(text(),'Create New Voucher')]'. Please recheck the objects properties to make sure the desired element is located. 

2020-09-15 14:54:20 - [MESSAGE][WARNING] - Object 'Object Repository/FDR-Dashboard/createNewVoucherButton' is not present after 2 second(s)

2020-09-15 14:54:20 - [MESSAGE][PASSED] - Keys 'Medical Assistance (MA)' sent to object: 'Object Repository/FDR-VoucherEntry/Voucher/programType'

2020-09-15 14:54:20 - [MESSAGE][PASSED] - Object 'Object Repository/FDR-VoucherEntry/Voucher/programType' is present

2020-09-15 14:54:21 - [MESSAGE][PASSED] - Keys 'DOWN + ENTER + ' sent to object: 'Object Repository/FDR-VoucherEntry/Voucher/programType'

2020-09-15 14:54:21 - [MESSAGE][PASSED] - Object: 'Object Repository/FDR-VoucherEntry/Voucher/invoiceType' is clicked on

2020-09-15 14:54:22 - [MESSAGE][PASSED] - Object 'Object Repository/FDR-VoucherEntry/Voucher/invoiceType' is present

2020-09-15 14:54:22 - [MESSAGE][PASSED] - Keys 'CAP' sent to object: 'Object Repository/FDR-VoucherEntry/Voucher/invoiceType'

2020-09-15 14:54:23 - [MESSAGE][PASSED] - Keys 'DOWN + ENTER + ' sent to object: 'Object Repository/FDR-VoucherEntry/Voucher/invoiceType'

2020-09-15 14:54:23 - [MESSAGE][PASSED] - Object: 'Object Repository/FDR-VoucherEntry/Voucher/fundCode' is clicked on

2020-09-15 14:54:24 - [MESSAGE][PASSED] - Keys 'Health Care Deposit Fund (0912)' sent to object: 'Object Repository/FDR-VoucherEntry/Voucher/fundCode'

2020-09-15 14:54:24 - [MESSAGE][PASSED] - Object 'Object Repository/FDR-VoucherEntry/Voucher/fundCode' is present

2020-09-15 14:54:25 - [MESSAGE][PASSED] - Keys 'DOWN + ENTER + ' sent to object: 'Object Repository/FDR-VoucherEntry/Voucher/fundCode'

2020-09-15 14:54:25 - [MESSAGE][PASSED] - Object: 'Object Repository/FDR-VoucherEntry/Voucher/supplierID' is clicked on

2020-09-15 14:54:26 - [MESSAGE][PASSED] - Keys '0000007954' sent to object: 'Object Repository/FDR-VoucherEntry/Voucher/supplierID'

2020-09-15 14:54:26 - [MESSAGE][PASSED] - Object 'Object Repository/FDR-VoucherEntry/Voucher/supplierID' is present

2020-09-15 14:54:27 - [MESSAGE][PASSED] - Keys 'DOWN + ENTER + ' sent to object: 'Object Repository/FDR-VoucherEntry/Voucher/supplierID'

2020-09-15 14:54:27 - [MESSAGE][PASSED] - Object: 'Object Repository/FDR-VoucherEntry/Voucher/seqNum' is clicked on

2020-09-15 14:54:28 - [MESSAGE][PASSED] - Object 'Object Repository/FDR-VoucherEntry/Voucher/seqNum' is present

2020-09-15 14:54:28 - [MESSAGE][PASSED] - Keys 'DOWN + ENTER + ' sent to object: 'Object Repository/FDR-VoucherEntry/Voucher/seqNum'

2020-09-15 14:54:28 - [MESSAGE][PASSED] - Object: 'Object Repository/FDR-VoucherEntry/Voucher/contractNum' is clicked on

2020-09-15 14:54:29 - [MESSAGE][PASSED] - Keys '07-65707' sent to object: 'Object Repository/FDR-VoucherEntry/Voucher/contractNum'

2020-09-15 14:54:29 - [MESSAGE][PASSED] - Object 'Object Repository/FDR-VoucherEntry/Voucher/contractNum' is present

2020-09-15 14:54:30 - [MESSAGE][PASSED] - Keys 'DOWN + ENTER + ' sent to object: 'Object Repository/FDR-VoucherEntry/Voucher/contractNum'

2020-09-15 14:54:32 - [MESSAGE][PASSED] - Text 'This message will print on the Remittance Advice' is set on object 'Object Repository/FDR-VoucherEntry/Voucher/vendorMessage'

2020-09-15 14:54:32 - [MESSAGE][PASSED] - Object: 'Object Repository/FDR-VoucherEntry/Voucher/primaryContact' is clicked on

2020-09-15 14:54:33 - [MESSAGE][PASSED] - Keys 'Aung Lin' sent to object: 'Object Repository/FDR-VoucherEntry/Voucher/primaryContact'

2020-09-15 14:54:33 - [MESSAGE][PASSED] - Object 'Object Repository/FDR-VoucherEntry/Voucher/primaryContact' is present

2020-09-15 14:54:34 - [MESSAGE][PASSED] - Keys 'DOWN + ENTER + ' sent to object: 'Object Repository/FDR-VoucherEntry/Voucher/primaryContact'

2020-09-15 14:54:34 - [MESSAGE][PASSED] - Object: 'Object Repository/FDR-VoucherEntry/Voucher/secondaryContact' is clicked on

2020-09-15 14:54:35 - [MESSAGE][PASSED] - Keys 'Vivian Ly' sent to object: 'Object Repository/FDR-VoucherEntry/Voucher/secondaryContact'

2020-09-15 14:54:35 - [MESSAGE][PASSED] - Object 'Object Repository/FDR-VoucherEntry/Voucher/secondaryContact' is present

2020-09-15 14:54:36 - [MESSAGE][PASSED] - Object 'Object Repository/FDR-VoucherEntry/Voucher/secondaryContact' is present

2020-09-15 14:54:36 - [MESSAGE][PASSED] - Keys 'DOWN + ENTER + ' sent to object: 'Object Repository/FDR-VoucherEntry/Voucher/secondaryContact'

2020-09-15 14:54:37 - [MESSAGE][PASSED] - Object: 'Object Repository/FDR-VoucherEntry/Voucher/buttonNext' is clicked on

2020-09-15 14:54:40 - [MESSAGE][PASSED] - Delayed 3 second(s)

2020-09-15 14:54:40 - [MESSAGE][PASSED] - Object 'Object Repository/FDR-VoucherEntry/VoucherHeader/reviewButton' is present

2020-09-15 14:54:40 - [MESSAGE][PASSED] - Call Test Case 'Test Cases/WEB-UI-TESTS/Voucher/FDR-Create-Voucher-Header' successfully

2020-09-15 14:54:40 - [TEST_STEP][PASSED] - processorVoucherNumber = getText(findTestObject("FDR-VoucherEntry/VoucherHeader/voucherNum")): Text of object 'Object Repository/FDR-VoucherEntry/VoucherHeader/voucherNum' is: 'CAP00000375'

2020-09-15 14:54:40 - [MESSAGE][PASSED] - Text of object 'Object Repository/FDR-VoucherEntry/VoucherHeader/voucherNum' is: 'CAP00000375'

2020-09-15 14:54:40 - [TEST_STEP][PASSED] - waitForElementPresent(findTestObject("FDR-VoucherEntry/VoucherHeader/expandButton"), 3): Object 'Object Repository/FDR-VoucherEntry/VoucherHeader/expandButton' is present

2020-09-15 14:54:40 - [MESSAGE][PASSED] - Object 'Object Repository/FDR-VoucherEntry/VoucherHeader/expandButton' is present

2020-09-15 14:54:40 - [TEST_STEP][PASSED] - click(findTestObject("FDR-VoucherEntry/VoucherHeader/expandButton")): Object: 'Object Repository/FDR-VoucherEntry/VoucherHeader/expandButton' is clicked on

2020-09-15 14:54:41 - [MESSAGE][PASSED] - Object: 'Object Repository/FDR-VoucherEntry/VoucherHeader/expandButton' is clicked on

2020-09-15 14:54:41 - [TEST_STEP][PASSED] - waitForElementPresent(findTestObject("FDR-Dashboard/createNewVoucherButton"), 3): Object 'Object Repository/FDR-Dashboard/createNewVoucherButton' is not present after 3 second(s)

2020-09-15 14:54:45 - [MESSAGE][INFO] - Unable to find the element located by 'By.xpath: //*[@data-id='button-link']//*[contains(text(),'Create New Voucher')]'. Please recheck the objects properties to make sure the desired element is located. 

2020-09-15 14:54:45 - [MESSAGE][WARNING] - Object 'Object Repository/FDR-Dashboard/createNewVoucherButton' is not present after 3 second(s)

2020-09-15 14:54:45 - [TEST_STEP][PASSED] - ContractExpected = "CONTRACT": null

2020-09-15 14:54:45 - [TEST_STEP][PASSED] - ContractActual = getText(findTestObject("FDR-VoucherEntry/VoucherHeader/contractLabel")): Text of object 'Object Repository/FDR-VoucherEntry/VoucherHeader/contractLabel' is: 'CONTRACT'

2020-09-15 14:54:45 - [MESSAGE][PASSED] - Text of object 'Object Repository/FDR-VoucherEntry/VoucherHeader/contractLabel' is: 'CONTRACT'

2020-09-15 14:54:45 - [TEST_STEP][PASSED] - assert ContractActual == ContractExpected: null

2020-09-15 14:54:45 - [TEST_STEP][PASSED] - SupplierExpected = "SUPPLIER": null

2020-09-15 14:54:45 - [TEST_STEP][PASSED] - SupplierActual = getText(findTestObject("FDR-VoucherEntry/VoucherHeader/supplierLabel")): Text of object 'Object Repository/FDR-VoucherEntry/VoucherHeader/supplierLabel' is: 'SUPPLIER'

2020-09-15 14:54:45 - [MESSAGE][PASSED] - Text of object 'Object Repository/FDR-VoucherEntry/VoucherHeader/supplierLabel' is: 'SUPPLIER'

2020-09-15 14:54:45 - [TEST_STEP][PASSED] - assert SupplierActual == SupplierExpected: null

2020-09-15 14:54:45 - [TEST_STEP][PASSED] - DrawDateExpected = "DRAW DATE": null

2020-09-15 14:54:45 - [TEST_STEP][PASSED] - DrawDateActual = getText(findTestObject("FDR-VoucherEntry/VoucherHeader/drawDateLabel")): Text of object 'Object Repository/FDR-VoucherEntry/VoucherHeader/drawDateLabel' is: 'DRAW DATE'

2020-09-15 14:54:46 - [MESSAGE][PASSED] - Text of object 'Object Repository/FDR-VoucherEntry/VoucherHeader/drawDateLabel' is: 'DRAW DATE'

2020-09-15 14:54:46 - [TEST_STEP][PASSED] - assert DrawDateActual == DrawDateExpected: null

2020-09-15 14:54:46 - [TEST_STEP][PASSED] - PayDateExpected = "PAY DATE": null

2020-09-15 14:54:46 - [TEST_STEP][PASSED] - PayDateActual = getText(findTestObject("FDR-VoucherEntry/VoucherHeader/payDateLabel")): Text of object 'Object Repository/FDR-VoucherEntry/VoucherHeader/payDateLabel' is: 'PAY DATE'

2020-09-15 14:54:46 - [MESSAGE][PASSED] - Text of object 'Object Repository/FDR-VoucherEntry/VoucherHeader/payDateLabel' is: 'PAY DATE'

2020-09-15 14:54:46 - [TEST_STEP][PASSED] - assert PayDateActual == PayDateExpected: null

2020-09-15 14:54:46 - [TEST_STEP][PASSED] - FundCodeExpected = "FUND CODE": null

2020-09-15 14:54:46 - [TEST_STEP][PASSED] - FundCodeActual = getText(findTestObject("FDR-VoucherEntry/VoucherHeader/fundCodeLabel")): Text of object 'Object Repository/FDR-VoucherEntry/VoucherHeader/fundCodeLabel' is: 'FUND CODE'

2020-09-15 14:54:46 - [MESSAGE][PASSED] - Text of object 'Object Repository/FDR-VoucherEntry/VoucherHeader/fundCodeLabel' is: 'FUND CODE'

2020-09-15 14:54:46 - [TEST_STEP][PASSED] - assert FundCodeActual == FundCodeExpected: null

2020-09-15 14:54:46 - [TEST_STEP][PASSED] - VendorMessageExpected = "VENDOR MESSAGE": null

2020-09-15 14:54:46 - [TEST_STEP][PASSED] - VendorMessageActual = getText(findTestObject("FDR-VoucherEntry/VoucherHeader/vendorMessageLabel")): Text of object 'Object Repository/FDR-VoucherEntry/VoucherHeader/vendorMessageLabel' is: 'VENDOR MESSAGE'

2020-09-15 14:54:47 - [MESSAGE][PASSED] - Text of object 'Object Repository/FDR-VoucherEntry/VoucherHeader/vendorMessageLabel' is: 'VENDOR MESSAGE'

2020-09-15 14:54:47 - [TEST_STEP][PASSED] - assert VendorMessageActual == VendorMessageExpected: null

2020-09-15 14:54:47 - [TEST_STEP][PASSED] - FederalshareActual = getText(findTestObject("FDR-VoucherEntry/VoucherHeader/federalShareLabel")): Text of object 'Object Repository/FDR-VoucherEntry/VoucherHeader/federalShareLabel' is: 'FEDERAL SHARE (0890)'

2020-09-15 14:54:47 - [MESSAGE][PASSED] - Text of object 'Object Repository/FDR-VoucherEntry/VoucherHeader/federalShareLabel' is: 'FEDERAL SHARE (0890)'

2020-09-15 14:54:47 - [TEST_STEP][PASSED] - FederalshareExpected = "FEDERAL SHARE (0890)": null

2020-09-15 14:54:47 - [TEST_STEP][PASSED] - assert FederalshareActual == FederalshareExpected: null

2020-09-15 14:54:47 - [TEST_STEP][PASSED] - NonfederalshareActual = getText(findTestObject("FDR-VoucherEntry/VoucherHeader/nonFederalShareLabel")): Text of object 'Object Repository/FDR-VoucherEntry/VoucherHeader/nonFederalShareLabel' is: 'NON-FEDERAL SHARE'

2020-09-15 14:54:47 - [MESSAGE][PASSED] - Text of object 'Object Repository/FDR-VoucherEntry/VoucherHeader/nonFederalShareLabel' is: 'NON-FEDERAL SHARE'

2020-09-15 14:54:47 - [TEST_STEP][PASSED] - NonfederalshareExpected = "NON-FEDERAL SHARE": null

2020-09-15 14:54:47 - [TEST_STEP][PASSED] - assert NonfederalshareActual == NonfederalshareExpected: null

2020-09-15 14:54:47 - [TEST_STEP][PASSED] - VouchertotalActual = getText(findTestObject("FDR-VoucherEntry/VoucherHeader/voucherTotalLabel")): Text of object 'Object Repository/FDR-VoucherEntry/VoucherHeader/voucherTotalLabel' is: 'CONTRACT'

2020-09-15 14:54:47 - [MESSAGE][PASSED] - Text of object 'Object Repository/FDR-VoucherEntry/VoucherHeader/voucherTotalLabel' is: 'CONTRACT'

2020-09-15 14:54:47 - [TEST_STEP][PASSED] - VouchertotalExpected = "VOUCHER TOTAL": null

2020-09-15 14:54:47 - [TEST_STEP][PASSED] - assert VouchertotalExpected == VouchertotalExpected: null

2020-09-15 14:54:47 - [TEST_STEP][PASSED] - voucherNo = getText(findTestObject("FDR-VoucherEntry/VoucherHeader/voucherNum")): Text of object 'Object Repository/FDR-VoucherEntry/VoucherHeader/voucherNum' is: 'CAP00000375'

2020-09-15 14:54:48 - [MESSAGE][PASSED] - Text of object 'Object Repository/FDR-VoucherEntry/VoucherHeader/voucherNum' is: 'CAP00000375'

2020-09-15 14:54:48 - [TEST_STEP][PASSED] - Drawdate = getText(findTestObject("FDR-VoucherEntry/VoucherHeader/drawDate")): Text of object 'Object Repository/FDR-VoucherEntry/VoucherHeader/drawDate' is: '10/05/2020'

2020-09-15 14:54:48 - [MESSAGE][PASSED] - Text of object 'Object Repository/FDR-VoucherEntry/VoucherHeader/drawDate' is: '10/05/2020'

2020-09-15 14:54:48 - [TEST_STEP][PASSED] - Paydate = getText(findTestObject("FDR-VoucherEntry/VoucherHeader/payDate")): Text of object 'Object Repository/FDR-VoucherEntry/VoucherHeader/payDate' is: '10/07/2020'

2020-09-15 14:54:48 - [MESSAGE][PASSED] - Text of object 'Object Repository/FDR-VoucherEntry/VoucherHeader/payDate' is: '10/07/2020'

2020-09-15 14:54:48 - [TEST_STEP][PASSED] - Supplier = getText(findTestObject("FDR-VoucherEntry/VoucherHeader/supplier")): Text of object 'Object Repository/FDR-VoucherEntry/VoucherHeader/supplier' is: '0000007954-1'

2020-09-15 14:54:48 - [MESSAGE][PASSED] - Text of object 'Object Repository/FDR-VoucherEntry/VoucherHeader/supplier' is: '0000007954-1'

2020-09-15 14:54:48 - [TEST_STEP][PASSED] - Contract = getText(findTestObject("FDR-VoucherEntry/VoucherHeader/contract")): Text of object 'Object Repository/FDR-VoucherEntry/VoucherHeader/contract' is: '07-65707'

2020-09-15 14:54:49 - [MESSAGE][PASSED] - Text of object 'Object Repository/FDR-VoucherEntry/VoucherHeader/contract' is: '07-65707'

2020-09-15 14:54:49 - [TEST_STEP][PASSED] - Federalshare = getText(findTestObject("FDR-VoucherEntry/VoucherHeader/federalShare")): Text of object 'Object Repository/FDR-VoucherEntry/VoucherHeader/federalShare' is: '$0.00'

2020-09-15 14:54:49 - [MESSAGE][PASSED] - Text of object 'Object Repository/FDR-VoucherEntry/VoucherHeader/federalShare' is: '$0.00'

2020-09-15 14:54:49 - [TEST_STEP][PASSED] - Nonfederalshare = getText(findTestObject("FDR-VoucherEntry/VoucherHeader/nonFederalShare")): Text of object 'Object Repository/FDR-VoucherEntry/VoucherHeader/nonFederalShare' is: '$0.00'

2020-09-15 14:54:49 - [MESSAGE][PASSED] - Text of object 'Object Repository/FDR-VoucherEntry/VoucherHeader/nonFederalShare' is: '$0.00'

2020-09-15 14:54:49 - [TEST_STEP][PASSED] - Vouchertotal = getText(findTestObject("FDR-VoucherEntry/VoucherHeader/voucherTotal")): Text of object 'Object Repository/FDR-VoucherEntry/VoucherHeader/voucherTotal' is: '$0.00'

2020-09-15 14:54:50 - [MESSAGE][PASSED] - Text of object 'Object Repository/FDR-VoucherEntry/VoucherHeader/voucherTotal' is: '$0.00'

2020-09-15 14:54:50 - [TEST_STEP][PASSED] - Fundcode = getText(findTestObject("FDR-VoucherEntry/VoucherHeader/fundCode")): Text of object 'Object Repository/FDR-VoucherEntry/VoucherHeader/fundCode' is: '0912'

2020-09-15 14:54:50 - [MESSAGE][PASSED] - Text of object 'Object Repository/FDR-VoucherEntry/VoucherHeader/fundCode' is: '0912'

2020-09-15 14:54:50 - [TEST_STEP][PASSED] - vendormessage = getText(findTestObject("FDR-VoucherEntry/VoucherHeader/vendorMessage")): Text of object 'Object Repository/FDR-VoucherEntry/VoucherHeader/vendorMessage' is: 'This message will print on the Remittance Advice'

2020-09-15 14:54:50 - [MESSAGE][PASSED] - Text of object 'Object Repository/FDR-VoucherEntry/VoucherHeader/vendorMessage' is: 'This message will print on the Remittance Advice'

2020-09-15 14:54:50 - [TEST_STEP][PASSED] - markPassed("VoucherNo  " + voucherNo + "  Draw Date  " + Drawdate + "  Paydate  " + Paydate + "  Supplier  " + Supplier + "  Contract  " + Contract + "  Federalshare  " + Federalshare + "  Nonfederalshare  " + Nonfederalshare + "  Vouchertotal " + Vouchertotal + "  Fundcode " + Fundcode + "  vendormessage  " + vendormessage): VoucherNo  CAP00000375  Draw Date  10/05/2020  Paydate  10/07/2020  Supplier  0000007954-1  Contract  07-65707  Federalshare  $0.00  Nonfederalshare  $0.00  Vouchertotal $0.00  Fundcode 0912  vendormessage  This message will print on the Remittance Advice

2020-09-15 14:54:50 - [MESSAGE][PASSED] - VoucherNo  CAP00000375  Draw Date  10/05/2020  Paydate  10/07/2020  Supplier  0000007954-1  Contract  07-65707  Federalshare  $0.00  Nonfederalshare  $0.00  Vouchertotal $0.00  Fundcode 0912  vendormessage  This message will print on the Remittance Advice

2020-09-15 14:54:50 - [TEST_STEP][PASSED] - Start tear down : tearDownTestCase: Method 'tearDownTestCase' complete successfully

2020-09-15 14:54:50 - [MESSAGE][PASSED] - Method 'tearDownTestCase' complete successfully

2020-09-15 14:54:50 - [TEST_STEP][PASSED] - Start listener action : sampleAfterTestCase: null

2020-09-15 14:54:50 - [TEST_STEP][PASSED] - profileName = getExecutionProfile(): null

2020-09-15 14:54:50 - [TEST_STEP][PASSED] - switch (profileName): null

2020-09-15 14:54:50 - [TEST_STEP][PASSED] - case "superUser":: null

2020-09-15 14:54:50 - [TEST_STEP][PASSED] - return null: null

2020-09-15 14:54:50 - [TEST_STEP][PASSED] - Start listener action : afterTestCase: null

2020-09-15 14:54:50 - [TEST_STEP][PASSED] - profileName = getExecutionProfile(): null

2020-09-15 14:54:50 - [TEST_STEP][PASSED] - if (profileName.equalsIgnoreCase("SysAdmin")): null

2020-09-15 14:54:50 - [TEST_STEP][PASSED] - Start listener action : sampleAfterTestCase: null

2020-09-15 14:54:50 - [TEST_STEP][PASSED] - profileName = getExecutionProfile(): null

2020-09-15 14:54:50 - [TEST_STEP][PASSED] - switch (profileName): null

2020-09-15 14:54:50 - [TEST_STEP][PASSED] - case "Voucher":: null

2020-09-15 14:54:50 - [TEST_STEP][PASSED] - Uifunctions.logoutFDR(): Browser is closed

2020-09-15 14:54:51 - [MESSAGE][PASSED] - Browser is closed

2020-09-15 14:54:51 - [TEST_STEP][PASSED] - break: null

2020-09-15 14:54:51 - [TEST_STEP][PASSED] - Start listener action : addFailedTCToList: null]]></system-out>
         <system-err><![CDATA[]]></system-err>
      </testcase>
      <testcase name="Test Cases/WEB-UI-TESTS/Voucher/FDR-Create-Voucher-0555" time="130.625" classname="Test Cases/WEB-UI-TESTS/Voucher/FDR-Create-Voucher-0555" status="PASSED">
         <system-out><![CDATA[2020-09-15 14:54:51 - [TEST_CASE][PASSED] - Test Cases/WEB-UI-TESTS/Voucher/FDR-Create-Voucher-0555: Test Cases/WEB-UI-TESTS/Voucher/FDR-Create-Voucher-0555

2020-09-15 14:54:51 - [TEST_STEP][PASSED] - Start listener action : sampleBeforeTestCase: null

2020-09-15 14:54:51 - [TEST_STEP][PASSED] - profileName = getExecutionProfile(): null

2020-09-15 14:54:51 - [TEST_STEP][PASSED] - switch (profileName): null

2020-09-15 14:54:51 - [TEST_STEP][PASSED] - case "superUser":: null

2020-09-15 14:54:51 - [TEST_STEP][PASSED] - return null: null

2020-09-15 14:54:51 - [TEST_STEP][PASSED] - Start listener action : beforeTestCase: null

2020-09-15 14:54:51 - [TEST_STEP][PASSED] - profileName = getExecutionProfile(): null

2020-09-15 14:54:51 - [TEST_STEP][PASSED] - if (profileName.equalsIgnoreCase("SysAdmin")): null

2020-09-15 14:54:51 - [TEST_STEP][PASSED] - Start listener action : sampleBeforeTestCase: Navigate to 'https://fdr-katalon.cammis-mod-dev.dhcs.ca.gov' successfully

2020-09-15 14:54:51 - [TEST_STEP][PASSED] - profileName = getExecutionProfile(): null

2020-09-15 14:54:51 - [TEST_STEP][PASSED] - testCaseId = testCaseContext.getTestCaseId(): null

2020-09-15 14:54:51 - [TEST_STEP][PASSED] - switch (profileName): null

2020-09-15 14:54:51 - [TEST_STEP][PASSED] - case "Voucher":: null

2020-09-15 14:54:51 - [TEST_STEP][PASSED] - Uifunctions.loginFDR(accountsApproverAcc2, accountsApproverAcc2Pwd): Object: 'Object Repository/FDR-SignIn/SignInButton' is clicked on

2020-09-15 14:54:51 - [MESSAGE][INFO] - Starting 'Chrome' driver

2020-09-15 14:54:51 - [MESSAGE][INFO] - Action delay is set to 0 milliseconds

2020-09-15 14:54:54 - [MESSAGE][PASSED] - Browser is opened with url: ''

2020-09-15 14:54:56 - [MESSAGE][PASSED] - Current window maximized

2020-09-15 14:55:01 - [MESSAGE][PASSED] - Navigate to 'https://fdr-katalon.cammis-mod-dev.dhcs.ca.gov' successfully

2020-09-15 14:55:02 - [MESSAGE][PASSED] - Object 'Object Repository/FDR-SignIn/SignInEmail' is present

2020-09-15 14:55:03 - [MESSAGE][PASSED] - Object: 'Object Repository/FDR-SignIn/SignInEmail' is clicked on

2020-09-15 14:55:03 - [MESSAGE][PASSED] - Object 'Object Repository/FDR-SignIn/SignInEmail' is present

2020-09-15 14:55:04 - [MESSAGE][PASSED] - Text 'fdr.test2@dhcs.ca.gov' is set on object 'Object Repository/FDR-SignIn/SignInEmail'

2020-09-15 14:55:04 - [MESSAGE][PASSED] - Object 'Object Repository/FDR-SignIn/SignInEmailNext' is visible

2020-09-15 14:55:04 - [MESSAGE][PASSED] - Object: 'Object Repository/FDR-SignIn/SignInEmailNext' is clicked on

2020-09-15 14:55:07 - [MESSAGE][PASSED] - Object 'Object Repository/FDR-SignIn/SignInEmailPassword' is visible

2020-09-15 14:55:08 - [MESSAGE][PASSED] - Object: 'Object Repository/FDR-SignIn/SignInEmailPassword' is clicked on

2020-09-15 14:55:08 - [MESSAGE][PASSED] - Text ****** has been set on object 'Object Repository/FDR-SignIn/SignInEmailPassword'

2020-09-15 14:55:10 - [MESSAGE][PASSED] - Object: 'Object Repository/FDR-SignIn/SignInButton' is clicked on

2020-09-15 14:55:10 - [TEST_STEP][PASSED] - break: null

2020-09-15 14:55:10 - [TEST_STEP][PASSED] - navigateToUrl(URL): Navigate to 'https://fdr-katalon.cammis-mod-dev.dhcs.ca.gov' successfully

2020-09-15 14:55:10 - [MESSAGE][PASSED] - Navigate to 'https://fdr-katalon.cammis-mod-dev.dhcs.ca.gov' successfully

2020-09-15 14:55:10 - [TEST_STEP][PASSED] - Start listener action : executeRows: null

2020-09-15 14:55:10 - [TEST_STEP][PASSED] - Start setup action : setupTestCase: Method 'setupTestCase' complete successfully

2020-09-15 14:55:10 - [MESSAGE][PASSED] - Method 'setupTestCase' complete successfully

2020-09-15 14:55:10 - [TEST_STEP][PASSED] - voucherHeaderData = ["drawDate":drawDate, "payDate":payDate, "programType":programType, "invoiceType":invoiceType, "fundCode":fundCode, "supplier":supplier, ... ]: null

2020-09-15 14:55:10 - [TEST_STEP][PASSED] - Uifunctions.createVoucherHeader(voucherHeaderData): Object 'Object Repository/FDR-VoucherEntry/VoucherHeader/reviewButton' is present

2020-09-15 14:55:12 - [MESSAGE][PASSED] - Object 'Object Repository/FDR-Dashboard/createNewVoucherButton' is present

2020-09-15 14:55:13 - [MESSAGE][PASSED] - Object: 'Object Repository/FDR-Dashboard/createNewVoucherButton' is clicked on

2020-09-15 14:55:17 - [MESSAGE][INFO] - Unable to find the element located by 'By.xpath: //*[@data-id='action-button']//*[contains(text(),'Review')]'. Please recheck the objects properties to make sure the desired element is located. 

2020-09-15 14:55:17 - [MESSAGE][WARNING] - Object 'Object Repository/FDR-VoucherEntry/VoucherHeader/reviewButton' is not present after 3 second(s)

2020-09-15 14:55:17 - [MESSAGE][PASSED] - Object: 'Object Repository/FDR-VoucherEntry/Voucher/drawDate' is clicked on

2020-09-15 14:55:19 - [MESSAGE][INFO] - Unable to find the element located by 'By.xpath: //*[@data-id='button-link']//*[contains(text(),'Create New Voucher')]'. Please recheck the objects properties to make sure the desired element is located. 

2020-09-15 14:55:19 - [MESSAGE][WARNING] - Object 'Object Repository/FDR-Dashboard/createNewVoucherButton' is not present after 1 second(s)

2020-09-15 14:55:20 - [MESSAGE][PASSED] - Text '10/05/2020' is set on object 'Object Repository/FDR-VoucherEntry/Voucher/drawDate'

2020-09-15 14:55:24 - [MESSAGE][INFO] - Unable to find the element located by 'By.xpath: //*[@data-id='button-link']//*[contains(text(),'Create New Voucher')]'. Please recheck the objects properties to make sure the desired element is located. 

2020-09-15 14:55:24 - [MESSAGE][WARNING] - Object 'Object Repository/FDR-Dashboard/createNewVoucherButton' is not present after 3 second(s)

2020-09-15 14:55:25 - [MESSAGE][PASSED] - Object: 'Object Repository/FDR-VoucherEntry/Voucher/programType' is clicked on

2020-09-15 14:55:28 - [MESSAGE][INFO] - Unable to find the element located by 'By.xpath: //*[@data-id='button-link']//*[contains(text(),'Create New Voucher')]'. Please recheck the objects properties to make sure the desired element is located. 

2020-09-15 14:55:28 - [MESSAGE][WARNING] - Object 'Object Repository/FDR-Dashboard/createNewVoucherButton' is not present after 2 second(s)

2020-09-15 14:55:28 - [MESSAGE][PASSED] - Keys 'Medical Assistance (MA)' sent to object: 'Object Repository/FDR-VoucherEntry/Voucher/programType'

2020-09-15 14:55:29 - [MESSAGE][PASSED] - Object 'Object Repository/FDR-VoucherEntry/Voucher/programType' is present

2020-09-15 14:55:29 - [MESSAGE][PASSED] - Keys 'DOWN + ENTER + ' sent to object: 'Object Repository/FDR-VoucherEntry/Voucher/programType'

2020-09-15 14:55:30 - [MESSAGE][PASSED] - Object: 'Object Repository/FDR-VoucherEntry/Voucher/invoiceType' is clicked on

2020-09-15 14:55:30 - [MESSAGE][PASSED] - Object 'Object Repository/FDR-VoucherEntry/Voucher/invoiceType' is present

2020-09-15 14:55:30 - [MESSAGE][PASSED] - Keys 'CAP' sent to object: 'Object Repository/FDR-VoucherEntry/Voucher/invoiceType'

2020-09-15 14:55:31 - [MESSAGE][PASSED] - Keys 'DOWN + ENTER + ' sent to object: 'Object Repository/FDR-VoucherEntry/Voucher/invoiceType'

2020-09-15 14:55:31 - [MESSAGE][PASSED] - Object: 'Object Repository/FDR-VoucherEntry/Voucher/fundCode' is clicked on

2020-09-15 14:55:32 - [MESSAGE][PASSED] - Keys 'Healthy Families Fund (0555)' sent to object: 'Object Repository/FDR-VoucherEntry/Voucher/fundCode'

2020-09-15 14:55:32 - [MESSAGE][PASSED] - Object 'Object Repository/FDR-VoucherEntry/Voucher/fundCode' is present

2020-09-15 14:55:33 - [MESSAGE][PASSED] - Keys 'DOWN + ENTER + ' sent to object: 'Object Repository/FDR-VoucherEntry/Voucher/fundCode'

2020-09-15 14:55:33 - [MESSAGE][PASSED] - Object: 'Object Repository/FDR-VoucherEntry/Voucher/supplierID' is clicked on

2020-09-15 14:55:34 - [MESSAGE][PASSED] - Keys '0000007954' sent to object: 'Object Repository/FDR-VoucherEntry/Voucher/supplierID'

2020-09-15 14:55:34 - [MESSAGE][PASSED] - Object 'Object Repository/FDR-VoucherEntry/Voucher/supplierID' is present

2020-09-15 14:55:35 - [MESSAGE][PASSED] - Keys 'DOWN + ENTER + ' sent to object: 'Object Repository/FDR-VoucherEntry/Voucher/supplierID'

2020-09-15 14:55:35 - [MESSAGE][PASSED] - Object: 'Object Repository/FDR-VoucherEntry/Voucher/seqNum' is clicked on

2020-09-15 14:55:36 - [MESSAGE][PASSED] - Object 'Object Repository/FDR-VoucherEntry/Voucher/seqNum' is present

2020-09-15 14:55:36 - [MESSAGE][PASSED] - Keys 'DOWN + ENTER + ' sent to object: 'Object Repository/FDR-VoucherEntry/Voucher/seqNum'

2020-09-15 14:55:37 - [MESSAGE][PASSED] - Object: 'Object Repository/FDR-VoucherEntry/Voucher/contractNum' is clicked on

2020-09-15 14:55:37 - [MESSAGE][PASSED] - Keys '07-65707' sent to object: 'Object Repository/FDR-VoucherEntry/Voucher/contractNum'

2020-09-15 14:55:37 - [MESSAGE][PASSED] - Object 'Object Repository/FDR-VoucherEntry/Voucher/contractNum' is present

2020-09-15 14:55:38 - [MESSAGE][PASSED] - Keys 'DOWN + ENTER + ' sent to object: 'Object Repository/FDR-VoucherEntry/Voucher/contractNum'

2020-09-15 14:55:40 - [MESSAGE][PASSED] - Text 'This message will print on the Remittance Advice' is set on object 'Object Repository/FDR-VoucherEntry/Voucher/vendorMessage'

2020-09-15 14:55:41 - [MESSAGE][PASSED] - Object: 'Object Repository/FDR-VoucherEntry/Voucher/primaryContact' is clicked on

2020-09-15 14:55:41 - [MESSAGE][PASSED] - Keys 'Aung Lin' sent to object: 'Object Repository/FDR-VoucherEntry/Voucher/primaryContact'

2020-09-15 14:55:42 - [MESSAGE][PASSED] - Object 'Object Repository/FDR-VoucherEntry/Voucher/primaryContact' is present

2020-09-15 14:55:42 - [MESSAGE][PASSED] - Keys 'DOWN + ENTER + ' sent to object: 'Object Repository/FDR-VoucherEntry/Voucher/primaryContact'

2020-09-15 14:55:42 - [MESSAGE][PASSED] - Object: 'Object Repository/FDR-VoucherEntry/Voucher/secondaryContact' is clicked on

2020-09-15 14:55:43 - [MESSAGE][PASSED] - Keys 'Vivian Ly' sent to object: 'Object Repository/FDR-VoucherEntry/Voucher/secondaryContact'

2020-09-15 14:55:43 - [MESSAGE][PASSED] - Object 'Object Repository/FDR-VoucherEntry/Voucher/secondaryContact' is present

2020-09-15 14:55:44 - [MESSAGE][PASSED] - Object 'Object Repository/FDR-VoucherEntry/Voucher/secondaryContact' is present

2020-09-15 14:55:44 - [MESSAGE][PASSED] - Keys 'DOWN + ENTER + ' sent to object: 'Object Repository/FDR-VoucherEntry/Voucher/secondaryContact'

2020-09-15 14:55:45 - [MESSAGE][PASSED] - Object: 'Object Repository/FDR-VoucherEntry/Voucher/buttonNext' is clicked on

2020-09-15 14:55:48 - [MESSAGE][PASSED] - Delayed 3 second(s)

2020-09-15 14:55:48 - [MESSAGE][PASSED] - Object 'Object Repository/FDR-VoucherEntry/VoucherHeader/reviewButton' is present

2020-09-15 14:55:48 - [TEST_STEP][PASSED] - waitForElementPresent(findTestObject("FDR-Dashboard/createNewVoucherButton"), 4): Object 'Object Repository/FDR-Dashboard/createNewVoucherButton' is not present after 4 second(s)

2020-09-15 14:55:53 - [MESSAGE][INFO] - Unable to find the element located by 'By.xpath: //*[@data-id='button-link']//*[contains(text(),'Create New Voucher')]'. Please recheck the objects properties to make sure the desired element is located. 

2020-09-15 14:55:53 - [MESSAGE][WARNING] - Object 'Object Repository/FDR-Dashboard/createNewVoucherButton' is not present after 4 second(s)

2020-09-15 14:55:53 - [TEST_STEP][PASSED] - Uifunctions.createInvoiceLine(1): Object 'Object Repository/FDR-VoucherEntry/VoucherHeader/reviewButton' is present

2020-09-15 14:55:53 - [MESSAGE][PASSED] - Object 'Object Repository/FDR-VoucherEntry/VoucherHeader/reviewButton' is present

2020-09-15 14:55:56 - [MESSAGE][INFO] - Unable to find the element located by 'By.xpath: //*[contains(text(),'Add voucher')]//parent::button'. Please recheck the objects properties to make sure the desired element is located. 

2020-09-15 14:55:56 - [MESSAGE][WARNING] - Object 'Object Repository/FDR-VoucherEntry/InvoiceLine/addVoucherButton' is not present after 2 second(s)

2020-09-15 14:55:57 - [MESSAGE][PASSED] - Object 'Object Repository/FDR-VoucherEntry/InvoiceLine/invoice' is clickable

2020-09-15 14:55:57 - [MESSAGE][PASSED] - Object: 'Object Repository/FDR-VoucherEntry/InvoiceLine/invoice' is clicked on

2020-09-15 14:55:58 - [MESSAGE][PASSED] - Text '4530' is set on object 'Object Repository/FDR-VoucherEntry/InvoiceLine/invoice'

2020-09-15 14:55:58 - [MESSAGE][PASSED] - Object: 'Object Repository/FDR-VoucherEntry/InvoiceLine/invoiceDate' is clicked on

2020-09-15 14:55:59 - [MESSAGE][PASSED] - Object 'Object Repository/FDR-VoucherEntry/InvoiceLine/invoiceDate' is present

2020-09-15 14:55:59 - [MESSAGE][PASSED] - Text '09/15/2020' is set on object 'Object Repository/FDR-VoucherEntry/InvoiceLine/invoiceDate'

2020-09-15 14:56:00 - [MESSAGE][PASSED] - Object: 'Object Repository/FDR-VoucherEntry/InvoiceLine/originalWarrantDate' is clicked on

2020-09-15 14:56:01 - [MESSAGE][PASSED] - Text '09/16/2020' is set on object 'Object Repository/FDR-VoucherEntry/InvoiceLine/originalWarrantDate'

2020-09-15 14:56:01 - [MESSAGE][PASSED] - Object 'Object Repository/FDR-VoucherEntry/InvoiceLine/addInvoiceLineButton' is present

2020-09-15 14:56:01 - [MESSAGE][PASSED] - Object: 'Object Repository/FDR-VoucherEntry/InvoiceLine/addInvoiceLineButtonIndex2' is clicked on

2020-09-15 14:56:02 - [MESSAGE][PASSED] - Object 'Object Repository/FDR-VoucherEntry/VoucherHeader/reviewButton' is present

2020-09-15 14:56:02 - [TEST_STEP][PASSED] - waitForElementClickable(findTestObject("FDR-VoucherEntry/InvoiceLine/invoiceLineExpandButton"), 5): Object 'Object Repository/FDR-VoucherEntry/InvoiceLine/invoiceLineExpandButton' is clickable

2020-09-15 14:56:02 - [MESSAGE][PASSED] - Object 'Object Repository/FDR-VoucherEntry/InvoiceLine/invoiceLineExpandButton' is clickable

2020-09-15 14:56:02 - [TEST_STEP][PASSED] - click(findTestObject("FDR-VoucherEntry/InvoiceLine/invoiceLineExpandButton")): Object: 'Object Repository/FDR-VoucherEntry/InvoiceLine/invoiceLineExpandButton' is clicked on

2020-09-15 14:56:03 - [MESSAGE][PASSED] - Object: 'Object Repository/FDR-VoucherEntry/InvoiceLine/invoiceLineExpandButton' is clicked on

2020-09-15 14:56:03 - [TEST_STEP][PASSED] - waitForElementPresent(findTestObject("FDR-Dashboard/createNewVoucherButton"), 4): Object 'Object Repository/FDR-Dashboard/createNewVoucherButton' is not present after 4 second(s)

2020-09-15 14:56:08 - [MESSAGE][INFO] - Unable to find the element located by 'By.xpath: //*[@data-id='button-link']//*[contains(text(),'Create New Voucher')]'. Please recheck the objects properties to make sure the desired element is located. 

2020-09-15 14:56:08 - [MESSAGE][WARNING] - Object 'Object Repository/FDR-Dashboard/createNewVoucherButton' is not present after 4 second(s)

2020-09-15 14:56:08 - [TEST_STEP][PASSED] - click(findTestObject("FDR-VoucherEntry/InvoiceLine/invoiceAddlineButton")): Object: 'Object Repository/FDR-VoucherEntry/InvoiceLine/invoiceAddlineButton' is clicked on

2020-09-15 14:56:08 - [MESSAGE][PASSED] - Object: 'Object Repository/FDR-VoucherEntry/InvoiceLine/invoiceAddlineButton' is clicked on

2020-09-15 14:56:08 - [TEST_STEP][PASSED] - Uifunctions.createDistributionLines(1, "Voucher/FDR-DL-0555", "0555"): Object: 'Object Repository/FDR-VoucherEntry/DistributionLine/addSaveButton' is clicked on

2020-09-15 14:56:12 - [MESSAGE][INFO] - Unable to find the element located by 'By.xpath: //*[@data-id='button-link']//*[contains(text(),'Create New Voucher')]'. Please recheck the objects properties to make sure the desired element is located. 

2020-09-15 14:56:12 - [MESSAGE][WARNING] - Object 'Object Repository/FDR-Dashboard/createNewVoucherButton' is not present after 3 second(s)

2020-09-15 14:56:16 - [MESSAGE][INFO] - Unable to find the element located by 'By.xpath: //*[@data-id='button-link']//*[contains(text(),'Create New Voucher')]'. Please recheck the objects properties to make sure the desired element is located. 

2020-09-15 14:56:16 - [MESSAGE][WARNING] - Object 'Object Repository/FDR-Dashboard/createNewVoucherButton' is not present after 2 second(s)

2020-09-15 14:56:16 - [MESSAGE][PASSED] - Object 'Object Repository/FDR-VoucherEntry/DistributionLine/serviceDateFrom' is clickable

2020-09-15 14:56:16 - [MESSAGE][PASSED] - Object: 'Object Repository/FDR-VoucherEntry/DistributionLine/serviceDateFrom' is clicked on

2020-09-15 14:56:17 - [MESSAGE][PASSED] - Object 'Object Repository/FDR-VoucherEntry/DistributionLine/serviceDateFrom' is present

2020-09-15 14:56:17 - [MESSAGE][PASSED] - Text '08/20/2020' is set on object 'Object Repository/FDR-VoucherEntry/DistributionLine/serviceDateFrom'

2020-09-15 14:56:18 - [MESSAGE][PASSED] - Object: 'Object Repository/FDR-VoucherEntry/DistributionLine/serviceDateTo' is clicked on

2020-09-15 14:56:18 - [MESSAGE][PASSED] - Object 'Object Repository/FDR-VoucherEntry/DistributionLine/serviceDateTo' is present

2020-09-15 14:56:19 - [MESSAGE][PASSED] - Text '08/21/2020' is set on object 'Object Repository/FDR-VoucherEntry/DistributionLine/serviceDateTo'

2020-09-15 14:56:22 - [MESSAGE][INFO] - Unable to find the element located by 'By.xpath: //*[@data-id='button-link']//*[contains(text(),'Create New Voucher')]'. Please recheck the objects properties to make sure the desired element is located. 

2020-09-15 14:56:22 - [MESSAGE][WARNING] - Object 'Object Repository/FDR-Dashboard/createNewVoucherButton' is not present after 2 second(s)

2020-09-15 14:56:22 - [MESSAGE][PASSED] - Object: 'Object Repository/FDR-VoucherEntry/DistributionLine/amount' is clicked on

2020-09-15 14:56:23 - [MESSAGE][PASSED] - Execute JavaScript 'arguments[0].value='';' successfully

2020-09-15 14:56:23 - [MESSAGE][PASSED] - Keys '5400' sent to object: 'Object Repository/FDR-VoucherEntry/DistributionLine/amount'

2020-09-15 14:56:25 - [MESSAGE][INFO] - Unable to find the element located by 'By.xpath: //*[@data-id='button-link']//*[contains(text(),'Create New Voucher')]'. Please recheck the objects properties to make sure the desired element is located. 

2020-09-15 14:56:25 - [MESSAGE][WARNING] - Object 'Object Repository/FDR-Dashboard/createNewVoucherButton' is not present after 1 second(s)

2020-09-15 14:56:26 - [MESSAGE][PASSED] - Object: 'Object Repository/FDR-VoucherEntry/DistributionLine/waiverType' is clicked on

2020-09-15 14:56:28 - [MESSAGE][INFO] - Unable to find the element located by 'By.xpath: //*[@data-id='button-link']//*[contains(text(),'Create New Voucher')]'. Please recheck the objects properties to make sure the desired element is located. 

2020-09-15 14:56:28 - [MESSAGE][WARNING] - Object 'Object Repository/FDR-Dashboard/createNewVoucherButton' is not present after 1 second(s)

2020-09-15 14:56:28 - [MESSAGE][PASSED] - Keys 'SCHIP' sent to object: 'Object Repository/FDR-VoucherEntry/DistributionLine/waiverType'

2020-09-15 14:56:31 - [MESSAGE][INFO] - Unable to find the element located by 'By.xpath: //*[@data-id='button-link']//*[contains(text(),'Create New Voucher')]'. Please recheck the objects properties to make sure the desired element is located. 

2020-09-15 14:56:31 - [MESSAGE][WARNING] - Object 'Object Repository/FDR-Dashboard/createNewVoucherButton' is not present after 2 second(s)

2020-09-15 14:56:32 - [MESSAGE][PASSED] - Keys 'DOWN + ENTER + ' sent to object: 'Object Repository/FDR-VoucherEntry/DistributionLine/waiverType'

2020-09-15 14:56:32 - [MESSAGE][PASSED] - Object: 'Object Repository/FDR-VoucherEntry/DistributionLine/waiverName' is clicked on

2020-09-15 14:56:33 - [MESSAGE][PASSED] - Keys 'Non-Waiver' sent to object: 'Object Repository/FDR-VoucherEntry/DistributionLine/waiverName'

2020-09-15 14:56:36 - [MESSAGE][INFO] - Unable to find the element located by 'By.xpath: //*[@data-id='button-link']//*[contains(text(),'Create New Voucher')]'. Please recheck the objects properties to make sure the desired element is located. 

2020-09-15 14:56:36 - [MESSAGE][WARNING] - Object 'Object Repository/FDR-Dashboard/createNewVoucherButton' is not present after 2 second(s)

2020-09-15 14:56:36 - [MESSAGE][PASSED] - Keys 'DOWN + ENTER + ' sent to object: 'Object Repository/FDR-VoucherEntry/DistributionLine/waiverName'

2020-09-15 14:56:37 - [MESSAGE][PASSED] - Object: 'Object Repository/FDR-VoucherEntry/DistributionLine/fundingSource' is clicked on

2020-09-15 14:56:37 - [MESSAGE][PASSED] - Keys 'HQAF' sent to object: 'Object Repository/FDR-VoucherEntry/DistributionLine/fundingSource'

2020-09-15 14:56:41 - [MESSAGE][INFO] - Unable to find the element located by 'By.xpath: //*[@data-id='button-link']//*[contains(text(),'Create New Voucher')]'. Please recheck the objects properties to make sure the desired element is located. 

2020-09-15 14:56:41 - [MESSAGE][WARNING] - Object 'Object Repository/FDR-Dashboard/createNewVoucherButton' is not present after 2 second(s)

2020-09-15 14:56:41 - [MESSAGE][PASSED] - Keys 'DOWN + ENTER + ' sent to object: 'Object Repository/FDR-VoucherEntry/DistributionLine/fundingSource'

2020-09-15 14:56:41 - [MESSAGE][PASSED] - Object: 'Object Repository/FDR-VoucherEntry/DistributionLine/fundRatio' is clicked on

2020-09-15 14:56:42 - [MESSAGE][PASSED] - Keys '88/12' sent to object: 'Object Repository/FDR-VoucherEntry/DistributionLine/fundRatio'

2020-09-15 14:56:45 - [MESSAGE][INFO] - Unable to find the element located by 'By.xpath: //*[@data-id='button-link']//*[contains(text(),'Create New Voucher')]'. Please recheck the objects properties to make sure the desired element is located. 

2020-09-15 14:56:45 - [MESSAGE][WARNING] - Object 'Object Repository/FDR-Dashboard/createNewVoucherButton' is not present after 2 second(s)

2020-09-15 14:56:46 - [MESSAGE][PASSED] - Keys 'DOWN + ENTER + ' sent to object: 'Object Repository/FDR-VoucherEntry/DistributionLine/fundRatio'

2020-09-15 14:56:46 - [MESSAGE][PASSED] - Object: 'Object Repository/FDR-VoucherEntry/DistributionLine/nonFederalFund' is clicked on

2020-09-15 14:56:47 - [MESSAGE][PASSED] - Keys '3158' sent to object: 'Object Repository/FDR-VoucherEntry/DistributionLine/nonFederalFund'

2020-09-15 14:56:50 - [MESSAGE][INFO] - Unable to find the element located by 'By.xpath: //*[@data-id='button-link']//*[contains(text(),'Create New Voucher')]'. Please recheck the objects properties to make sure the desired element is located. 

2020-09-15 14:56:50 - [MESSAGE][WARNING] - Object 'Object Repository/FDR-Dashboard/createNewVoucherButton' is not present after 2 second(s)

2020-09-15 14:56:50 - [MESSAGE][PASSED] - Keys 'DOWN + ENTER + ' sent to object: 'Object Repository/FDR-VoucherEntry/DistributionLine/nonFederalFund'

2020-09-15 14:56:51 - [MESSAGE][PASSED] - Object: 'Object Repository/FDR-VoucherEntry/DistributionLine/serviceCategory' is clicked on

2020-09-15 14:56:54 - [MESSAGE][INFO] - Unable to find the element located by 'By.xpath: //*[@data-id='button-link']//*[contains(text(),'Create New Voucher')]'. Please recheck the objects properties to make sure the desired element is located. 

2020-09-15 14:56:54 - [MESSAGE][WARNING] - Object 'Object Repository/FDR-Dashboard/createNewVoucherButton' is not present after 2 second(s)

2020-09-15 14:56:54 - [MESSAGE][PASSED] - Keys '1C' sent to object: 'Object Repository/FDR-VoucherEntry/DistributionLine/serviceCategory'

2020-09-15 14:56:54 - [MESSAGE][PASSED] - Keys 'DOWN + ENTER + ' sent to object: 'Object Repository/FDR-VoucherEntry/DistributionLine/serviceCategory'

2020-09-15 14:56:55 - [MESSAGE][PASSED] - Object: 'Object Repository/FDR-VoucherEntry/DistributionLine/incDecLine' is clicked on

2020-09-15 14:56:56 - [MESSAGE][PASSED] - Keys '8: Adjustments and corrections' sent to object: 'Object Repository/FDR-VoucherEntry/DistributionLine/incDecLine'

2020-09-15 14:56:56 - [MESSAGE][PASSED] - Keys 'DOWN + ENTER + ' sent to object: 'Object Repository/FDR-VoucherEntry/DistributionLine/incDecLine'

2020-09-15 14:56:58 - [MESSAGE][INFO] - Unable to find the element located by 'By.xpath: //*[@data-id='button-link']//*[contains(text(),'Create New Voucher')]'. Please recheck the objects properties to make sure the desired element is located. 

2020-09-15 14:56:58 - [MESSAGE][WARNING] - Object 'Object Repository/FDR-Dashboard/createNewVoucherButton' is not present after 1 second(s)

2020-09-15 14:56:59 - [MESSAGE][PASSED] - Object: 'Object Repository/FDR-VoucherEntry/DistributionLine/index' is clicked on

2020-09-15 14:56:59 - [MESSAGE][PASSED] - Keys '1155' sent to object: 'Object Repository/FDR-VoucherEntry/DistributionLine/index'

2020-09-15 14:56:59 - [MESSAGE][PASSED] - Keys 'DOWN + ENTER + ' sent to object: 'Object Repository/FDR-VoucherEntry/DistributionLine/index'

2020-09-15 14:57:00 - [MESSAGE][PASSED] - Object: 'Object Repository/FDR-VoucherEntry/DistributionLine/addSaveButton' is clicked on

2020-09-15 14:57:00 - [TEST_STEP][PASSED] - Start tear down : tearDownTestCase: Method 'tearDownTestCase' complete successfully

2020-09-15 14:57:00 - [MESSAGE][PASSED] - Method 'tearDownTestCase' complete successfully

2020-09-15 14:57:00 - [TEST_STEP][PASSED] - Start listener action : sampleAfterTestCase: null

2020-09-15 14:57:00 - [TEST_STEP][PASSED] - profileName = getExecutionProfile(): null

2020-09-15 14:57:00 - [TEST_STEP][PASSED] - switch (profileName): null

2020-09-15 14:57:00 - [TEST_STEP][PASSED] - case "superUser":: null

2020-09-15 14:57:00 - [TEST_STEP][PASSED] - return null: null

2020-09-15 14:57:00 - [TEST_STEP][PASSED] - Start listener action : afterTestCase: null

2020-09-15 14:57:00 - [TEST_STEP][PASSED] - profileName = getExecutionProfile(): null

2020-09-15 14:57:00 - [TEST_STEP][PASSED] - if (profileName.equalsIgnoreCase("SysAdmin")): null

2020-09-15 14:57:00 - [TEST_STEP][PASSED] - Start listener action : sampleAfterTestCase: null

2020-09-15 14:57:00 - [TEST_STEP][PASSED] - profileName = getExecutionProfile(): null

2020-09-15 14:57:00 - [TEST_STEP][PASSED] - switch (profileName): null

2020-09-15 14:57:00 - [TEST_STEP][PASSED] - case "Voucher":: null

2020-09-15 14:57:00 - [TEST_STEP][PASSED] - Uifunctions.logoutFDR(): Browser is closed

2020-09-15 14:57:01 - [MESSAGE][PASSED] - Browser is closed

2020-09-15 14:57:01 - [TEST_STEP][PASSED] - break: null

2020-09-15 14:57:01 - [TEST_STEP][PASSED] - Start listener action : addFailedTCToList: null]]></system-out>
         <system-err><![CDATA[]]></system-err>
      </testcase>
      <testcase name="Test Cases/WEB-UI-TESTS/Voucher/FDR-Reject-Voucher" time="325.425" classname="Test Cases/WEB-UI-TESTS/Voucher/FDR-Reject-Voucher" status="PASSED">
         <system-out><![CDATA[2020-09-15 14:57:01 - [TEST_CASE][PASSED] - Test Cases/WEB-UI-TESTS/Voucher/FDR-Reject-Voucher: Test Cases/WEB-UI-TESTS/Voucher/FDR-Reject-Voucher

2020-09-15 14:57:01 - [TEST_STEP][PASSED] - Start listener action : sampleBeforeTestCase: null

2020-09-15 14:57:01 - [TEST_STEP][PASSED] - profileName = getExecutionProfile(): null

2020-09-15 14:57:01 - [TEST_STEP][PASSED] - switch (profileName): null

2020-09-15 14:57:01 - [TEST_STEP][PASSED] - case "superUser":: null

2020-09-15 14:57:01 - [TEST_STEP][PASSED] - return null: null

2020-09-15 14:57:01 - [TEST_STEP][PASSED] - Start listener action : beforeTestCase: null

2020-09-15 14:57:01 - [TEST_STEP][PASSED] - profileName = getExecutionProfile(): null

2020-09-15 14:57:01 - [TEST_STEP][PASSED] - if (profileName.equalsIgnoreCase("SysAdmin")): null

2020-09-15 14:57:01 - [TEST_STEP][PASSED] - Start listener action : sampleBeforeTestCase: Navigate to 'https://fdr-katalon.cammis-mod-dev.dhcs.ca.gov' successfully

2020-09-15 14:57:01 - [TEST_STEP][PASSED] - profileName = getExecutionProfile(): null

2020-09-15 14:57:01 - [TEST_STEP][PASSED] - testCaseId = testCaseContext.getTestCaseId(): null

2020-09-15 14:57:01 - [TEST_STEP][PASSED] - switch (profileName): null

2020-09-15 14:57:01 - [TEST_STEP][PASSED] - case "Voucher":: null

2020-09-15 14:57:01 - [TEST_STEP][PASSED] - Uifunctions.loginFDR(accountsApproverAcc2, accountsApproverAcc2Pwd): Object: 'Object Repository/FDR-SignIn/SignInButton' is clicked on

2020-09-15 14:57:01 - [MESSAGE][INFO] - Starting 'Chrome' driver

2020-09-15 14:57:01 - [MESSAGE][INFO] - Action delay is set to 0 milliseconds

2020-09-15 14:57:05 - [MESSAGE][PASSED] - Browser is opened with url: ''

2020-09-15 14:57:07 - [MESSAGE][PASSED] - Current window maximized

2020-09-15 14:57:08 - [MESSAGE][PASSED] - Navigate to 'https://fdr-katalon.cammis-mod-dev.dhcs.ca.gov' successfully

2020-09-15 14:57:09 - [MESSAGE][PASSED] - Object 'Object Repository/FDR-SignIn/SignInEmail' is present

2020-09-15 14:57:09 - [MESSAGE][PASSED] - Object: 'Object Repository/FDR-SignIn/SignInEmail' is clicked on

2020-09-15 14:57:10 - [MESSAGE][PASSED] - Object 'Object Repository/FDR-SignIn/SignInEmail' is present

2020-09-15 14:57:10 - [MESSAGE][PASSED] - Text 'fdr.test2@dhcs.ca.gov' is set on object 'Object Repository/FDR-SignIn/SignInEmail'

2020-09-15 14:57:11 - [MESSAGE][PASSED] - Object 'Object Repository/FDR-SignIn/SignInEmailNext' is visible

2020-09-15 14:57:11 - [MESSAGE][PASSED] - Object: 'Object Repository/FDR-SignIn/SignInEmailNext' is clicked on

2020-09-15 14:57:14 - [MESSAGE][PASSED] - Object 'Object Repository/FDR-SignIn/SignInEmailPassword' is visible

2020-09-15 14:57:14 - [MESSAGE][PASSED] - Object: 'Object Repository/FDR-SignIn/SignInEmailPassword' is clicked on

2020-09-15 14:57:15 - [MESSAGE][PASSED] - Text ****** has been set on object 'Object Repository/FDR-SignIn/SignInEmailPassword'

2020-09-15 14:57:16 - [MESSAGE][PASSED] - Object: 'Object Repository/FDR-SignIn/SignInButton' is clicked on

2020-09-15 14:57:16 - [TEST_STEP][PASSED] - break: null

2020-09-15 14:57:16 - [TEST_STEP][PASSED] - navigateToUrl(URL): Navigate to 'https://fdr-katalon.cammis-mod-dev.dhcs.ca.gov' successfully

2020-09-15 14:57:17 - [MESSAGE][PASSED] - Navigate to 'https://fdr-katalon.cammis-mod-dev.dhcs.ca.gov' successfully

2020-09-15 14:57:17 - [TEST_STEP][PASSED] - Start listener action : executeRows: null

2020-09-15 14:57:17 - [TEST_STEP][PASSED] - Start setup action : setupTestCase: Method 'setupTestCase' complete successfully

2020-09-15 14:57:17 - [MESSAGE][PASSED] - Method 'setupTestCase' complete successfully

2020-09-15 14:57:17 - [TEST_STEP][PASSED] - callTestCase(findTestCase("WEB-UI-TESTS/Voucher/FDR-Create-Complex-Voucher"), ["drawDate":drawDate, "payDate":payDate, "programType":programType, "invoiceType":invoiceType, "fundCode":fundCode, "supplier":supplier, ... ], STOP_ON_FAILURE): Call Test Case 'Test Cases/WEB-UI-TESTS/Voucher/FDR-Create-Complex-Voucher' successfully

2020-09-15 14:57:17 - [TEST_CASE][PASSED] - Test Cases/WEB-UI-TESTS/Voucher/FDR-Create-Complex-Voucher: Test Cases/WEB-UI-TESTS/Voucher/FDR-Create-Complex-Voucher

2020-09-15 14:57:17 - [TEST_STEP][PASSED] - voucherHeaderData = ["drawDate":drawDate, "payDate":payDate, "programType":programType, "invoiceType":invoiceType, "fundCode":fundCode, "supplier":supplier, ... ]: null

2020-09-15 14:57:17 - [TEST_STEP][PASSED] - Uifunctions.createVoucherHeader(voucherHeaderData): Object 'Object Repository/FDR-VoucherEntry/VoucherHeader/reviewButton' is present

2020-09-15 14:57:19 - [MESSAGE][PASSED] - Object 'Object Repository/FDR-Dashboard/createNewVoucherButton' is present

2020-09-15 14:57:19 - [MESSAGE][PASSED] - Object: 'Object Repository/FDR-Dashboard/createNewVoucherButton' is clicked on

2020-09-15 14:57:23 - [MESSAGE][INFO] - Unable to find the element located by 'By.xpath: //*[@data-id='action-button']//*[contains(text(),'Review')]'. Please recheck the objects properties to make sure the desired element is located. 

2020-09-15 14:57:23 - [MESSAGE][WARNING] - Object 'Object Repository/FDR-VoucherEntry/VoucherHeader/reviewButton' is not present after 3 second(s)

2020-09-15 14:57:24 - [MESSAGE][PASSED] - Object: 'Object Repository/FDR-VoucherEntry/Voucher/drawDate' is clicked on

2020-09-15 14:57:26 - [MESSAGE][INFO] - Unable to find the element located by 'By.xpath: //*[@data-id='button-link']//*[contains(text(),'Create New Voucher')]'. Please recheck the objects properties to make sure the desired element is located. 

2020-09-15 14:57:26 - [MESSAGE][WARNING] - Object 'Object Repository/FDR-Dashboard/createNewVoucherButton' is not present after 1 second(s)

2020-09-15 14:57:27 - [MESSAGE][PASSED] - Text '10/05/2020' is set on object 'Object Repository/FDR-VoucherEntry/Voucher/drawDate'

2020-09-15 14:57:31 - [MESSAGE][INFO] - Unable to find the element located by 'By.xpath: //*[@data-id='button-link']//*[contains(text(),'Create New Voucher')]'. Please recheck the objects properties to make sure the desired element is located. 

2020-09-15 14:57:31 - [MESSAGE][WARNING] - Object 'Object Repository/FDR-Dashboard/createNewVoucherButton' is not present after 3 second(s)

2020-09-15 14:57:31 - [MESSAGE][PASSED] - Object: 'Object Repository/FDR-VoucherEntry/Voucher/programType' is clicked on

2020-09-15 14:57:34 - [MESSAGE][INFO] - Unable to find the element located by 'By.xpath: //*[@data-id='button-link']//*[contains(text(),'Create New Voucher')]'. Please recheck the objects properties to make sure the desired element is located. 

2020-09-15 14:57:34 - [MESSAGE][WARNING] - Object 'Object Repository/FDR-Dashboard/createNewVoucherButton' is not present after 2 second(s)

2020-09-15 14:57:35 - [MESSAGE][PASSED] - Keys 'Medical Assistance (MA)' sent to object: 'Object Repository/FDR-VoucherEntry/Voucher/programType'

2020-09-15 14:57:35 - [MESSAGE][PASSED] - Object 'Object Repository/FDR-VoucherEntry/Voucher/programType' is present

2020-09-15 14:57:36 - [MESSAGE][PASSED] - Keys 'DOWN + ENTER + ' sent to object: 'Object Repository/FDR-VoucherEntry/Voucher/programType'

2020-09-15 14:57:36 - [MESSAGE][PASSED] - Object: 'Object Repository/FDR-VoucherEntry/Voucher/invoiceType' is clicked on

2020-09-15 14:57:37 - [MESSAGE][PASSED] - Object 'Object Repository/FDR-VoucherEntry/Voucher/invoiceType' is present

2020-09-15 14:57:37 - [MESSAGE][PASSED] - Keys 'CAP' sent to object: 'Object Repository/FDR-VoucherEntry/Voucher/invoiceType'

2020-09-15 14:57:37 - [MESSAGE][PASSED] - Keys 'DOWN + ENTER + ' sent to object: 'Object Repository/FDR-VoucherEntry/Voucher/invoiceType'

2020-09-15 14:57:38 - [MESSAGE][PASSED] - Object: 'Object Repository/FDR-VoucherEntry/Voucher/fundCode' is clicked on

2020-09-15 14:57:39 - [MESSAGE][PASSED] - Keys 'Health Care Deposit Fund (0912)' sent to object: 'Object Repository/FDR-VoucherEntry/Voucher/fundCode'

2020-09-15 14:57:39 - [MESSAGE][PASSED] - Object 'Object Repository/FDR-VoucherEntry/Voucher/fundCode' is present

2020-09-15 14:57:39 - [MESSAGE][PASSED] - Keys 'DOWN + ENTER + ' sent to object: 'Object Repository/FDR-VoucherEntry/Voucher/fundCode'

2020-09-15 14:57:40 - [MESSAGE][PASSED] - Object: 'Object Repository/FDR-VoucherEntry/Voucher/supplierID' is clicked on

2020-09-15 14:57:40 - [MESSAGE][PASSED] - Keys '0000007954' sent to object: 'Object Repository/FDR-VoucherEntry/Voucher/supplierID'

2020-09-15 14:57:41 - [MESSAGE][PASSED] - Object 'Object Repository/FDR-VoucherEntry/Voucher/supplierID' is present

2020-09-15 14:57:41 - [MESSAGE][PASSED] - Keys 'DOWN + ENTER + ' sent to object: 'Object Repository/FDR-VoucherEntry/Voucher/supplierID'

2020-09-15 14:57:42 - [MESSAGE][PASSED] - Object: 'Object Repository/FDR-VoucherEntry/Voucher/seqNum' is clicked on

2020-09-15 14:57:42 - [MESSAGE][PASSED] - Object 'Object Repository/FDR-VoucherEntry/Voucher/seqNum' is present

2020-09-15 14:57:43 - [MESSAGE][PASSED] - Keys 'DOWN + ENTER + ' sent to object: 'Object Repository/FDR-VoucherEntry/Voucher/seqNum'

2020-09-15 14:57:43 - [MESSAGE][PASSED] - Object: 'Object Repository/FDR-VoucherEntry/Voucher/contractNum' is clicked on

2020-09-15 14:57:44 - [MESSAGE][PASSED] - Keys '07-65707' sent to object: 'Object Repository/FDR-VoucherEntry/Voucher/contractNum'

2020-09-15 14:57:44 - [MESSAGE][PASSED] - Object 'Object Repository/FDR-VoucherEntry/Voucher/contractNum' is present

2020-09-15 14:57:44 - [MESSAGE][PASSED] - Keys 'DOWN + ENTER + ' sent to object: 'Object Repository/FDR-VoucherEntry/Voucher/contractNum'

2020-09-15 14:57:47 - [MESSAGE][PASSED] - Text 'This message will print on the Remittance Advice' is set on object 'Object Repository/FDR-VoucherEntry/Voucher/vendorMessage'

2020-09-15 14:57:47 - [MESSAGE][PASSED] - Object: 'Object Repository/FDR-VoucherEntry/Voucher/primaryContact' is clicked on

2020-09-15 14:57:48 - [MESSAGE][PASSED] - Keys 'Aung Lin' sent to object: 'Object Repository/FDR-VoucherEntry/Voucher/primaryContact'

2020-09-15 14:57:48 - [MESSAGE][PASSED] - Object 'Object Repository/FDR-VoucherEntry/Voucher/primaryContact' is present

2020-09-15 14:57:48 - [MESSAGE][PASSED] - Keys 'DOWN + ENTER + ' sent to object: 'Object Repository/FDR-VoucherEntry/Voucher/primaryContact'

2020-09-15 14:57:49 - [MESSAGE][PASSED] - Object: 'Object Repository/FDR-VoucherEntry/Voucher/secondaryContact' is clicked on

2020-09-15 14:57:50 - [MESSAGE][PASSED] - Keys 'Vivian Ly' sent to object: 'Object Repository/FDR-VoucherEntry/Voucher/secondaryContact'

2020-09-15 14:57:50 - [MESSAGE][PASSED] - Object 'Object Repository/FDR-VoucherEntry/Voucher/secondaryContact' is present

2020-09-15 14:57:50 - [MESSAGE][PASSED] - Object 'Object Repository/FDR-VoucherEntry/Voucher/secondaryContact' is present

2020-09-15 14:57:51 - [MESSAGE][PASSED] - Keys 'DOWN + ENTER + ' sent to object: 'Object Repository/FDR-VoucherEntry/Voucher/secondaryContact'

2020-09-15 14:57:51 - [MESSAGE][PASSED] - Object: 'Object Repository/FDR-VoucherEntry/Voucher/buttonNext' is clicked on

2020-09-15 14:57:54 - [MESSAGE][PASSED] - Delayed 3 second(s)

2020-09-15 14:57:55 - [MESSAGE][PASSED] - Object 'Object Repository/FDR-VoucherEntry/VoucherHeader/reviewButton' is present

2020-09-15 14:57:55 - [TEST_STEP][PASSED] - waitForElementPresent(findTestObject("FDR-VoucherEntry/VoucherHeader/reviewButton"), 5): Object 'Object Repository/FDR-VoucherEntry/VoucherHeader/reviewButton' is present

2020-09-15 14:57:55 - [MESSAGE][PASSED] - Object 'Object Repository/FDR-VoucherEntry/VoucherHeader/reviewButton' is present

2020-09-15 14:57:55 - [TEST_STEP][PASSED] - Uifunctions.createInvoiceLine(2): Object 'Object Repository/FDR-VoucherEntry/VoucherHeader/reviewButton' is present

2020-09-15 14:57:55 - [MESSAGE][PASSED] - Object 'Object Repository/FDR-VoucherEntry/VoucherHeader/reviewButton' is present

2020-09-15 14:57:58 - [MESSAGE][INFO] - Unable to find the element located by 'By.xpath: //*[contains(text(),'Add voucher')]//parent::button'. Please recheck the objects properties to make sure the desired element is located. 

2020-09-15 14:57:58 - [MESSAGE][WARNING] - Object 'Object Repository/FDR-VoucherEntry/InvoiceLine/addVoucherButton' is not present after 2 second(s)

2020-09-15 14:57:58 - [MESSAGE][PASSED] - Object 'Object Repository/FDR-VoucherEntry/InvoiceLine/invoice' is clickable

2020-09-15 14:57:59 - [MESSAGE][PASSED] - Object: 'Object Repository/FDR-VoucherEntry/InvoiceLine/invoice' is clicked on

2020-09-15 14:57:59 - [MESSAGE][PASSED] - Text '2900' is set on object 'Object Repository/FDR-VoucherEntry/InvoiceLine/invoice'

2020-09-15 14:58:00 - [MESSAGE][PASSED] - Object: 'Object Repository/FDR-VoucherEntry/InvoiceLine/invoiceDate' is clicked on

2020-09-15 14:58:00 - [MESSAGE][PASSED] - Object 'Object Repository/FDR-VoucherEntry/InvoiceLine/invoiceDate' is present

2020-09-15 14:58:01 - [MESSAGE][PASSED] - Text '09/15/2020' is set on object 'Object Repository/FDR-VoucherEntry/InvoiceLine/invoiceDate'

2020-09-15 14:58:02 - [MESSAGE][PASSED] - Object: 'Object Repository/FDR-VoucherEntry/InvoiceLine/originalWarrantDate' is clicked on

2020-09-15 14:58:02 - [MESSAGE][PASSED] - Text '09/16/2020' is set on object 'Object Repository/FDR-VoucherEntry/InvoiceLine/originalWarrantDate'

2020-09-15 14:58:03 - [MESSAGE][PASSED] - Object 'Object Repository/FDR-VoucherEntry/InvoiceLine/addInvoiceLineButton' is present

2020-09-15 14:58:03 - [MESSAGE][PASSED] - Object: 'Object Repository/FDR-VoucherEntry/InvoiceLine/addInvoiceLineButton' is clicked on

2020-09-15 14:58:04 - [MESSAGE][PASSED] - Object 'Object Repository/FDR-VoucherEntry/VoucherHeader/reviewButton' is present

2020-09-15 14:58:07 - [MESSAGE][INFO] - Unable to find the element located by 'By.xpath: //*[contains(text(),'Add voucher')]//parent::button'. Please recheck the objects properties to make sure the desired element is located. 

2020-09-15 14:58:07 - [MESSAGE][WARNING] - Object 'Object Repository/FDR-VoucherEntry/InvoiceLine/addVoucherButton' is not present after 2 second(s)

2020-09-15 14:58:07 - [MESSAGE][PASSED] - Object 'Object Repository/FDR-VoucherEntry/InvoiceLine/invoice' is clickable

2020-09-15 14:58:07 - [MESSAGE][PASSED] - Object: 'Object Repository/FDR-VoucherEntry/InvoiceLine/invoice' is clicked on

2020-09-15 14:58:08 - [MESSAGE][PASSED] - Text '4091' is set on object 'Object Repository/FDR-VoucherEntry/InvoiceLine/invoice'

2020-09-15 14:58:09 - [MESSAGE][PASSED] - Object: 'Object Repository/FDR-VoucherEntry/InvoiceLine/invoiceDate' is clicked on

2020-09-15 14:58:09 - [MESSAGE][PASSED] - Object 'Object Repository/FDR-VoucherEntry/InvoiceLine/invoiceDate' is present

2020-09-15 14:58:10 - [MESSAGE][PASSED] - Text '09/16/2020' is set on object 'Object Repository/FDR-VoucherEntry/InvoiceLine/invoiceDate'

2020-09-15 14:58:10 - [MESSAGE][PASSED] - Object: 'Object Repository/FDR-VoucherEntry/InvoiceLine/originalWarrantDate' is clicked on

2020-09-15 14:58:11 - [MESSAGE][PASSED] - Text '09/17/2020' is set on object 'Object Repository/FDR-VoucherEntry/InvoiceLine/originalWarrantDate'

2020-09-15 14:58:11 - [MESSAGE][PASSED] - Object 'Object Repository/FDR-VoucherEntry/InvoiceLine/addInvoiceLineButton' is present

2020-09-15 14:58:12 - [MESSAGE][PASSED] - Object: 'Object Repository/FDR-VoucherEntry/InvoiceLine/addInvoiceLineButtonIndex2' is clicked on

2020-09-15 14:58:12 - [MESSAGE][PASSED] - Object 'Object Repository/FDR-VoucherEntry/VoucherHeader/reviewButton' is present

2020-09-15 14:58:12 - [TEST_STEP][PASSED] - waitForElementClickable(findTestObject("FDR-VoucherEntry/InvoiceLine/invoiceLineExpandButton"), 5): Object 'Object Repository/FDR-VoucherEntry/InvoiceLine/invoiceLineExpandButton' is clickable

2020-09-15 14:58:13 - [MESSAGE][PASSED] - Object 'Object Repository/FDR-VoucherEntry/InvoiceLine/invoiceLineExpandButton' is clickable

2020-09-15 14:58:13 - [TEST_STEP][PASSED] - click(findTestObject("FDR-VoucherEntry/InvoiceLine/invoiceLineExpandButton")): Object: 'Object Repository/FDR-VoucherEntry/InvoiceLine/invoiceLineExpandButton' is clicked on

2020-09-15 14:58:13 - [MESSAGE][PASSED] - Object: 'Object Repository/FDR-VoucherEntry/InvoiceLine/invoiceLineExpandButton' is clicked on

2020-09-15 14:58:13 - [TEST_STEP][PASSED] - waitForElementClickable(findTestObject("FDR-VoucherEntry/InvoiceLine/invoiceAddlineButton"), 5): Object 'Object Repository/FDR-VoucherEntry/InvoiceLine/invoiceAddlineButton' is clickable

2020-09-15 14:58:14 - [MESSAGE][PASSED] - Object 'Object Repository/FDR-VoucherEntry/InvoiceLine/invoiceAddlineButton' is clickable

2020-09-15 14:58:14 - [TEST_STEP][PASSED] - click(findTestObject("FDR-VoucherEntry/InvoiceLine/invoiceAddlineButton")): Object: 'Object Repository/FDR-VoucherEntry/InvoiceLine/invoiceAddlineButton' is clicked on

2020-09-15 14:58:14 - [MESSAGE][PASSED] - Object: 'Object Repository/FDR-VoucherEntry/InvoiceLine/invoiceAddlineButton' is clicked on

2020-09-15 14:58:14 - [TEST_STEP][PASSED] - Uifunctions.createDistributionLines(2, "Voucher/FDR-DL"): Object: 'Object Repository/FDR-VoucherEntry/DistributionLine/addSaveButton' is clicked on

2020-09-15 14:58:18 - [MESSAGE][INFO] - Unable to find the element located by 'By.xpath: //*[@data-id='button-link']//*[contains(text(),'Create New Voucher')]'. Please recheck the objects properties to make sure the desired element is located. 

2020-09-15 14:58:18 - [MESSAGE][WARNING] - Object 'Object Repository/FDR-Dashboard/createNewVoucherButton' is not present after 3 second(s)

2020-09-15 14:58:22 - [MESSAGE][INFO] - Unable to find the element located by 'By.xpath: //*[@data-id='button-link']//*[contains(text(),'Create New Voucher')]'. Please recheck the objects properties to make sure the desired element is located. 

2020-09-15 14:58:22 - [MESSAGE][WARNING] - Object 'Object Repository/FDR-Dashboard/createNewVoucherButton' is not present after 2 second(s)

2020-09-15 14:58:22 - [MESSAGE][PASSED] - Object 'Object Repository/FDR-VoucherEntry/DistributionLine/serviceDateFrom' is clickable

2020-09-15 14:58:22 - [MESSAGE][PASSED] - Object: 'Object Repository/FDR-VoucherEntry/DistributionLine/serviceDateFrom' is clicked on

2020-09-15 14:58:22 - [MESSAGE][PASSED] - Object 'Object Repository/FDR-VoucherEntry/DistributionLine/serviceDateFrom' is present

2020-09-15 14:58:23 - [MESSAGE][PASSED] - Text '08/04/2020' is set on object 'Object Repository/FDR-VoucherEntry/DistributionLine/serviceDateFrom'

2020-09-15 14:58:24 - [MESSAGE][PASSED] - Object: 'Object Repository/FDR-VoucherEntry/DistributionLine/serviceDateTo' is clicked on

2020-09-15 14:58:24 - [MESSAGE][PASSED] - Object 'Object Repository/FDR-VoucherEntry/DistributionLine/serviceDateTo' is present

2020-09-15 14:58:25 - [MESSAGE][PASSED] - Text '08/05/2020' is set on object 'Object Repository/FDR-VoucherEntry/DistributionLine/serviceDateTo'

2020-09-15 14:58:28 - [MESSAGE][INFO] - Unable to find the element located by 'By.xpath: //*[@data-id='button-link']//*[contains(text(),'Create New Voucher')]'. Please recheck the objects properties to make sure the desired element is located. 

2020-09-15 14:58:28 - [MESSAGE][WARNING] - Object 'Object Repository/FDR-Dashboard/createNewVoucherButton' is not present after 2 second(s)

2020-09-15 14:58:28 - [MESSAGE][PASSED] - Object: 'Object Repository/FDR-VoucherEntry/DistributionLine/amount' is clicked on

2020-09-15 14:58:29 - [MESSAGE][PASSED] - Execute JavaScript 'arguments[0].value='';' successfully

2020-09-15 14:58:29 - [MESSAGE][PASSED] - Keys '100' sent to object: 'Object Repository/FDR-VoucherEntry/DistributionLine/amount'

2020-09-15 14:58:31 - [MESSAGE][INFO] - Unable to find the element located by 'By.xpath: //*[@data-id='button-link']//*[contains(text(),'Create New Voucher')]'. Please recheck the objects properties to make sure the desired element is located. 

2020-09-15 14:58:31 - [MESSAGE][WARNING] - Object 'Object Repository/FDR-Dashboard/createNewVoucherButton' is not present after 1 second(s)

2020-09-15 14:58:32 - [MESSAGE][PASSED] - Object: 'Object Repository/FDR-VoucherEntry/DistributionLine/waiverType' is clicked on

2020-09-15 14:58:34 - [MESSAGE][INFO] - Unable to find the element located by 'By.xpath: //*[@data-id='button-link']//*[contains(text(),'Create New Voucher')]'. Please recheck the objects properties to make sure the desired element is located. 

2020-09-15 14:58:34 - [MESSAGE][WARNING] - Object 'Object Repository/FDR-Dashboard/createNewVoucherButton' is not present after 1 second(s)

2020-09-15 14:58:34 - [MESSAGE][PASSED] - Keys '1115' sent to object: 'Object Repository/FDR-VoucherEntry/DistributionLine/waiverType'

2020-09-15 14:58:37 - [MESSAGE][INFO] - Unable to find the element located by 'By.xpath: //*[@data-id='button-link']//*[contains(text(),'Create New Voucher')]'. Please recheck the objects properties to make sure the desired element is located. 

2020-09-15 14:58:37 - [MESSAGE][WARNING] - Object 'Object Repository/FDR-Dashboard/createNewVoucherButton' is not present after 2 second(s)

2020-09-15 14:58:38 - [MESSAGE][PASSED] - Keys 'DOWN + ENTER + ' sent to object: 'Object Repository/FDR-VoucherEntry/DistributionLine/waiverType'

2020-09-15 14:58:38 - [MESSAGE][PASSED] - Object: 'Object Repository/FDR-VoucherEntry/DistributionLine/waiverName' is clicked on

2020-09-15 14:58:39 - [MESSAGE][PASSED] - Keys 'CBAS' sent to object: 'Object Repository/FDR-VoucherEntry/DistributionLine/waiverName'

2020-09-15 14:58:42 - [MESSAGE][INFO] - Unable to find the element located by 'By.xpath: //*[@data-id='button-link']//*[contains(text(),'Create New Voucher')]'. Please recheck the objects properties to make sure the desired element is located. 

2020-09-15 14:58:42 - [MESSAGE][WARNING] - Object 'Object Repository/FDR-Dashboard/createNewVoucherButton' is not present after 2 second(s)

2020-09-15 14:58:42 - [MESSAGE][PASSED] - Keys 'DOWN + ENTER + ' sent to object: 'Object Repository/FDR-VoucherEntry/DistributionLine/waiverName'

2020-09-15 14:58:43 - [MESSAGE][PASSED] - Object: 'Object Repository/FDR-VoucherEntry/DistributionLine/fundingSource' is clicked on

2020-09-15 14:58:43 - [MESSAGE][PASSED] - Keys 'Dental' sent to object: 'Object Repository/FDR-VoucherEntry/DistributionLine/fundingSource'

2020-09-15 14:58:47 - [MESSAGE][INFO] - Unable to find the element located by 'By.xpath: //*[@data-id='button-link']//*[contains(text(),'Create New Voucher')]'. Please recheck the objects properties to make sure the desired element is located. 

2020-09-15 14:58:47 - [MESSAGE][WARNING] - Object 'Object Repository/FDR-Dashboard/createNewVoucherButton' is not present after 2 second(s)

2020-09-15 14:58:47 - [MESSAGE][PASSED] - Keys 'DOWN + ENTER + ' sent to object: 'Object Repository/FDR-VoucherEntry/DistributionLine/fundingSource'

2020-09-15 14:58:48 - [MESSAGE][PASSED] - Object: 'Object Repository/FDR-VoucherEntry/DistributionLine/fundRatio' is clicked on

2020-09-15 14:58:48 - [MESSAGE][PASSED] - Keys '90/10' sent to object: 'Object Repository/FDR-VoucherEntry/DistributionLine/fundRatio'

2020-09-15 14:58:51 - [MESSAGE][INFO] - Unable to find the element located by 'By.xpath: //*[@data-id='button-link']//*[contains(text(),'Create New Voucher')]'. Please recheck the objects properties to make sure the desired element is located. 

2020-09-15 14:58:51 - [MESSAGE][WARNING] - Object 'Object Repository/FDR-Dashboard/createNewVoucherButton' is not present after 2 second(s)

2020-09-15 14:58:52 - [MESSAGE][PASSED] - Keys 'DOWN + ENTER + ' sent to object: 'Object Repository/FDR-VoucherEntry/DistributionLine/fundRatio'

2020-09-15 14:58:52 - [MESSAGE][PASSED] - Object: 'Object Repository/FDR-VoucherEntry/DistributionLine/nonFederalFund' is clicked on

2020-09-15 14:58:53 - [MESSAGE][PASSED] - Keys '0001' sent to object: 'Object Repository/FDR-VoucherEntry/DistributionLine/nonFederalFund'

2020-09-15 14:58:56 - [MESSAGE][INFO] - Unable to find the element located by 'By.xpath: //*[@data-id='button-link']//*[contains(text(),'Create New Voucher')]'. Please recheck the objects properties to make sure the desired element is located. 

2020-09-15 14:58:56 - [MESSAGE][WARNING] - Object 'Object Repository/FDR-Dashboard/createNewVoucherButton' is not present after 2 second(s)

2020-09-15 14:58:56 - [MESSAGE][PASSED] - Keys 'DOWN + ENTER + ' sent to object: 'Object Repository/FDR-VoucherEntry/DistributionLine/nonFederalFund'

2020-09-15 14:58:57 - [MESSAGE][PASSED] - Object: 'Object Repository/FDR-VoucherEntry/DistributionLine/account' is clicked on

2020-09-15 14:58:57 - [MESSAGE][PASSED] - Keys '5442000' sent to object: 'Object Repository/FDR-VoucherEntry/DistributionLine/account'

2020-09-15 14:58:58 - [MESSAGE][PASSED] - Keys 'DOWN + ENTER + ' sent to object: 'Object Repository/FDR-VoucherEntry/DistributionLine/account'

2020-09-15 14:58:58 - [MESSAGE][PASSED] - Object: 'Object Repository/FDR-VoucherEntry/DistributionLine/altAccount' is clicked on

2020-09-15 14:58:59 - [MESSAGE][PASSED] - Keys '5442000' sent to object: 'Object Repository/FDR-VoucherEntry/DistributionLine/altAccount'

2020-09-15 14:58:59 - [MESSAGE][PASSED] - Object 'Object Repository/FDR-VoucherEntry/DistributionLine/altAccount' is present

2020-09-15 14:59:00 - [MESSAGE][PASSED] - Keys 'DOWN + ENTER + ' sent to object: 'Object Repository/FDR-VoucherEntry/DistributionLine/altAccount'

2020-09-15 14:59:00 - [MESSAGE][PASSED] - Object: 'Object Repository/FDR-VoucherEntry/DistributionLine/serviceCategory' is clicked on

2020-09-15 14:59:03 - [MESSAGE][INFO] - Unable to find the element located by 'By.xpath: //*[@data-id='button-link']//*[contains(text(),'Create New Voucher')]'. Please recheck the objects properties to make sure the desired element is located. 

2020-09-15 14:59:03 - [MESSAGE][WARNING] - Object 'Object Repository/FDR-Dashboard/createNewVoucherButton' is not present after 2 second(s)

2020-09-15 14:59:04 - [MESSAGE][PASSED] - Keys '18B1' sent to object: 'Object Repository/FDR-VoucherEntry/DistributionLine/serviceCategory'

2020-09-15 14:59:04 - [MESSAGE][PASSED] - Keys 'DOWN + ENTER + ' sent to object: 'Object Repository/FDR-VoucherEntry/DistributionLine/serviceCategory'

2020-09-15 14:59:05 - [MESSAGE][PASSED] - Object: 'Object Repository/FDR-VoucherEntry/DistributionLine/incDecLine' is clicked on

2020-09-15 14:59:05 - [MESSAGE][PASSED] - Keys '8: Adjustments and corrections' sent to object: 'Object Repository/FDR-VoucherEntry/DistributionLine/incDecLine'

2020-09-15 14:59:06 - [MESSAGE][PASSED] - Keys 'DOWN + ENTER + ' sent to object: 'Object Repository/FDR-VoucherEntry/DistributionLine/incDecLine'

2020-09-15 14:59:08 - [MESSAGE][INFO] - Unable to find the element located by 'By.xpath: //*[@data-id='button-link']//*[contains(text(),'Create New Voucher')]'. Please recheck the objects properties to make sure the desired element is located. 

2020-09-15 14:59:08 - [MESSAGE][WARNING] - Object 'Object Repository/FDR-Dashboard/createNewVoucherButton' is not present after 1 second(s)

2020-09-15 14:59:08 - [MESSAGE][PASSED] - Object: 'Object Repository/FDR-VoucherEntry/DistributionLine/index' is clicked on

2020-09-15 14:59:09 - [MESSAGE][PASSED] - Keys '1155' sent to object: 'Object Repository/FDR-VoucherEntry/DistributionLine/index'

2020-09-15 14:59:09 - [MESSAGE][PASSED] - Keys 'DOWN + ENTER + ' sent to object: 'Object Repository/FDR-VoucherEntry/DistributionLine/index'

2020-09-15 14:59:10 - [MESSAGE][PASSED] - Object: 'Object Repository/FDR-VoucherEntry/DistributionLine/addAnotherLine' is clicked on

2020-09-15 14:59:12 - [MESSAGE][INFO] - Unable to find the element located by 'By.xpath: //*[@data-id='button-link']//*[contains(text(),'Create New Voucher')]'. Please recheck the objects properties to make sure the desired element is located. 

2020-09-15 14:59:12 - [MESSAGE][WARNING] - Object 'Object Repository/FDR-Dashboard/createNewVoucherButton' is not present after 1 second(s)

2020-09-15 14:59:12 - [MESSAGE][PASSED] - Object: 'Object Repository/FDR-VoucherEntry/DistributionLine/clearButton' is clicked on

2020-09-15 14:59:15 - [MESSAGE][INFO] - Unable to find the element located by 'By.xpath: //*[@data-id='button-link']//*[contains(text(),'Create New Voucher')]'. Please recheck the objects properties to make sure the desired element is located. 

2020-09-15 14:59:15 - [MESSAGE][WARNING] - Object 'Object Repository/FDR-Dashboard/createNewVoucherButton' is not present after 2 second(s)

2020-09-15 14:59:18 - [MESSAGE][INFO] - Unable to find the element located by 'By.xpath: //*[@data-id='button-link']//*[contains(text(),'Create New Voucher')]'. Please recheck the objects properties to make sure the desired element is located. 

2020-09-15 14:59:18 - [MESSAGE][WARNING] - Object 'Object Repository/FDR-Dashboard/createNewVoucherButton' is not present after 2 second(s)

2020-09-15 14:59:19 - [MESSAGE][PASSED] - Object 'Object Repository/FDR-VoucherEntry/DistributionLine/serviceDateFrom' is clickable

2020-09-15 14:59:19 - [MESSAGE][PASSED] - Object: 'Object Repository/FDR-VoucherEntry/DistributionLine/serviceDateFrom' is clicked on

2020-09-15 14:59:19 - [MESSAGE][PASSED] - Object 'Object Repository/FDR-VoucherEntry/DistributionLine/serviceDateFrom' is present

2020-09-15 14:59:20 - [MESSAGE][PASSED] - Text '08/04/2020' is set on object 'Object Repository/FDR-VoucherEntry/DistributionLine/serviceDateFrom'

2020-09-15 14:59:20 - [MESSAGE][PASSED] - Object: 'Object Repository/FDR-VoucherEntry/DistributionLine/serviceDateTo' is clicked on

2020-09-15 14:59:20 - [MESSAGE][PASSED] - Object 'Object Repository/FDR-VoucherEntry/DistributionLine/serviceDateTo' is present

2020-09-15 14:59:21 - [MESSAGE][PASSED] - Text '08/05/2020' is set on object 'Object Repository/FDR-VoucherEntry/DistributionLine/serviceDateTo'

2020-09-15 14:59:24 - [MESSAGE][INFO] - Unable to find the element located by 'By.xpath: //*[@data-id='button-link']//*[contains(text(),'Create New Voucher')]'. Please recheck the objects properties to make sure the desired element is located. 

2020-09-15 14:59:24 - [MESSAGE][WARNING] - Object 'Object Repository/FDR-Dashboard/createNewVoucherButton' is not present after 2 second(s)

2020-09-15 14:59:25 - [MESSAGE][PASSED] - Object: 'Object Repository/FDR-VoucherEntry/DistributionLine/amount' is clicked on

2020-09-15 14:59:25 - [MESSAGE][PASSED] - Execute JavaScript 'arguments[0].value='';' successfully

2020-09-15 14:59:25 - [MESSAGE][PASSED] - Keys '350' sent to object: 'Object Repository/FDR-VoucherEntry/DistributionLine/amount'

2020-09-15 14:59:28 - [MESSAGE][INFO] - Unable to find the element located by 'By.xpath: //*[@data-id='button-link']//*[contains(text(),'Create New Voucher')]'. Please recheck the objects properties to make sure the desired element is located. 

2020-09-15 14:59:28 - [MESSAGE][WARNING] - Object 'Object Repository/FDR-Dashboard/createNewVoucherButton' is not present after 1 second(s)

2020-09-15 14:59:28 - [MESSAGE][PASSED] - Object: 'Object Repository/FDR-VoucherEntry/DistributionLine/waiverType' is clicked on

2020-09-15 14:59:30 - [MESSAGE][INFO] - Unable to find the element located by 'By.xpath: //*[@data-id='button-link']//*[contains(text(),'Create New Voucher')]'. Please recheck the objects properties to make sure the desired element is located. 

2020-09-15 14:59:30 - [MESSAGE][WARNING] - Object 'Object Repository/FDR-Dashboard/createNewVoucherButton' is not present after 1 second(s)

2020-09-15 14:59:30 - [MESSAGE][PASSED] - Keys '1115' sent to object: 'Object Repository/FDR-VoucherEntry/DistributionLine/waiverType'

2020-09-15 14:59:34 - [MESSAGE][INFO] - Unable to find the element located by 'By.xpath: //*[@data-id='button-link']//*[contains(text(),'Create New Voucher')]'. Please recheck the objects properties to make sure the desired element is located. 

2020-09-15 14:59:34 - [MESSAGE][WARNING] - Object 'Object Repository/FDR-Dashboard/createNewVoucherButton' is not present after 2 second(s)

2020-09-15 14:59:34 - [MESSAGE][PASSED] - Keys 'DOWN + ENTER + ' sent to object: 'Object Repository/FDR-VoucherEntry/DistributionLine/waiverType'

2020-09-15 14:59:35 - [MESSAGE][PASSED] - Object: 'Object Repository/FDR-VoucherEntry/DistributionLine/waiverName' is clicked on

2020-09-15 14:59:35 - [MESSAGE][PASSED] - Keys 'CBAS' sent to object: 'Object Repository/FDR-VoucherEntry/DistributionLine/waiverName'

2020-09-15 14:59:38 - [MESSAGE][INFO] - Unable to find the element located by 'By.xpath: //*[@data-id='button-link']//*[contains(text(),'Create New Voucher')]'. Please recheck the objects properties to make sure the desired element is located. 

2020-09-15 14:59:38 - [MESSAGE][WARNING] - Object 'Object Repository/FDR-Dashboard/createNewVoucherButton' is not present after 2 second(s)

2020-09-15 14:59:39 - [MESSAGE][PASSED] - Keys 'DOWN + ENTER + ' sent to object: 'Object Repository/FDR-VoucherEntry/DistributionLine/waiverName'

2020-09-15 14:59:39 - [MESSAGE][PASSED] - Object: 'Object Repository/FDR-VoucherEntry/DistributionLine/fundingSource' is clicked on

2020-09-15 14:59:40 - [MESSAGE][PASSED] - Keys 'Pace' sent to object: 'Object Repository/FDR-VoucherEntry/DistributionLine/fundingSource'

2020-09-15 14:59:43 - [MESSAGE][INFO] - Unable to find the element located by 'By.xpath: //*[@data-id='button-link']//*[contains(text(),'Create New Voucher')]'. Please recheck the objects properties to make sure the desired element is located. 

2020-09-15 14:59:43 - [MESSAGE][WARNING] - Object 'Object Repository/FDR-Dashboard/createNewVoucherButton' is not present after 2 second(s)

2020-09-15 14:59:43 - [MESSAGE][PASSED] - Keys 'DOWN + ENTER + ' sent to object: 'Object Repository/FDR-VoucherEntry/DistributionLine/fundingSource'

2020-09-15 14:59:44 - [MESSAGE][PASSED] - Object: 'Object Repository/FDR-VoucherEntry/DistributionLine/fundRatio' is clicked on

2020-09-15 14:59:44 - [MESSAGE][PASSED] - Keys '90/10' sent to object: 'Object Repository/FDR-VoucherEntry/DistributionLine/fundRatio'

2020-09-15 14:59:48 - [MESSAGE][INFO] - Unable to find the element located by 'By.xpath: //*[@data-id='button-link']//*[contains(text(),'Create New Voucher')]'. Please recheck the objects properties to make sure the desired element is located. 

2020-09-15 14:59:48 - [MESSAGE][WARNING] - Object 'Object Repository/FDR-Dashboard/createNewVoucherButton' is not present after 2 second(s)

2020-09-15 14:59:48 - [MESSAGE][PASSED] - Keys 'DOWN + ENTER + ' sent to object: 'Object Repository/FDR-VoucherEntry/DistributionLine/fundRatio'

2020-09-15 14:59:49 - [MESSAGE][PASSED] - Object: 'Object Repository/FDR-VoucherEntry/DistributionLine/nonFederalFund' is clicked on

2020-09-15 14:59:49 - [MESSAGE][PASSED] - Keys '0001' sent to object: 'Object Repository/FDR-VoucherEntry/DistributionLine/nonFederalFund'

2020-09-15 14:59:52 - [MESSAGE][INFO] - Unable to find the element located by 'By.xpath: //*[@data-id='button-link']//*[contains(text(),'Create New Voucher')]'. Please recheck the objects properties to make sure the desired element is located. 

2020-09-15 14:59:52 - [MESSAGE][WARNING] - Object 'Object Repository/FDR-Dashboard/createNewVoucherButton' is not present after 2 second(s)

2020-09-15 14:59:53 - [MESSAGE][PASSED] - Keys 'DOWN + ENTER + ' sent to object: 'Object Repository/FDR-VoucherEntry/DistributionLine/nonFederalFund'

2020-09-15 14:59:53 - [MESSAGE][PASSED] - Object: 'Object Repository/FDR-VoucherEntry/DistributionLine/account' is clicked on

2020-09-15 14:59:54 - [MESSAGE][PASSED] - Keys '5432000' sent to object: 'Object Repository/FDR-VoucherEntry/DistributionLine/account'

2020-09-15 14:59:54 - [MESSAGE][PASSED] - Keys 'DOWN + ENTER + ' sent to object: 'Object Repository/FDR-VoucherEntry/DistributionLine/account'

2020-09-15 14:59:55 - [MESSAGE][PASSED] - Object: 'Object Repository/FDR-VoucherEntry/DistributionLine/altAccount' is clicked on

2020-09-15 14:59:55 - [MESSAGE][PASSED] - Keys '5432000' sent to object: 'Object Repository/FDR-VoucherEntry/DistributionLine/altAccount'

2020-09-15 14:59:56 - [MESSAGE][PASSED] - Object 'Object Repository/FDR-VoucherEntry/DistributionLine/altAccount' is present

2020-09-15 14:59:56 - [MESSAGE][PASSED] - Keys 'DOWN + ENTER + ' sent to object: 'Object Repository/FDR-VoucherEntry/DistributionLine/altAccount'

2020-09-15 14:59:57 - [MESSAGE][PASSED] - Object: 'Object Repository/FDR-VoucherEntry/DistributionLine/serviceCategory' is clicked on

2020-09-15 15:00:00 - [MESSAGE][INFO] - Unable to find the element located by 'By.xpath: //*[@data-id='button-link']//*[contains(text(),'Create New Voucher')]'. Please recheck the objects properties to make sure the desired element is located. 

2020-09-15 15:00:00 - [MESSAGE][WARNING] - Object 'Object Repository/FDR-Dashboard/createNewVoucherButton' is not present after 2 second(s)

2020-09-15 15:00:00 - [MESSAGE][PASSED] - Keys '22' sent to object: 'Object Repository/FDR-VoucherEntry/DistributionLine/serviceCategory'

2020-09-15 15:00:01 - [MESSAGE][PASSED] - Keys 'DOWN + ENTER + ' sent to object: 'Object Repository/FDR-VoucherEntry/DistributionLine/serviceCategory'

2020-09-15 15:00:02 - [MESSAGE][PASSED] - Object: 'Object Repository/FDR-VoucherEntry/DistributionLine/incDecLine' is clicked on

2020-09-15 15:00:02 - [MESSAGE][PASSED] - Keys '10b: Receipts or any decrease' sent to object: 'Object Repository/FDR-VoucherEntry/DistributionLine/incDecLine'

2020-09-15 15:00:03 - [MESSAGE][PASSED] - Keys 'DOWN + ENTER + ' sent to object: 'Object Repository/FDR-VoucherEntry/DistributionLine/incDecLine'

2020-09-15 15:00:05 - [MESSAGE][INFO] - Unable to find the element located by 'By.xpath: //*[@data-id='button-link']//*[contains(text(),'Create New Voucher')]'. Please recheck the objects properties to make sure the desired element is located. 

2020-09-15 15:00:05 - [MESSAGE][WARNING] - Object 'Object Repository/FDR-Dashboard/createNewVoucherButton' is not present after 1 second(s)

2020-09-15 15:00:05 - [MESSAGE][PASSED] - Object: 'Object Repository/FDR-VoucherEntry/DistributionLine/index' is clicked on

2020-09-15 15:00:06 - [MESSAGE][PASSED] - Keys '1155' sent to object: 'Object Repository/FDR-VoucherEntry/DistributionLine/index'

2020-09-15 15:00:06 - [MESSAGE][PASSED] - Keys 'DOWN + ENTER + ' sent to object: 'Object Repository/FDR-VoucherEntry/DistributionLine/index'

2020-09-15 15:00:07 - [MESSAGE][PASSED] - Object: 'Object Repository/FDR-VoucherEntry/DistributionLine/addSaveButton' is clicked on

2020-09-15 15:00:07 - [TEST_STEP][PASSED] - waitForElementPresent(findTestObject("FDR-VoucherEntry/VoucherHeader/reviewButton"), 5): Object 'Object Repository/FDR-VoucherEntry/VoucherHeader/reviewButton' is present

2020-09-15 15:00:08 - [MESSAGE][PASSED] - Object 'Object Repository/FDR-VoucherEntry/VoucherHeader/reviewButton' is present

2020-09-15 15:00:08 - [MESSAGE][PASSED] - Call Test Case 'Test Cases/WEB-UI-TESTS/Voucher/FDR-Create-Complex-Voucher' successfully

2020-09-15 15:00:08 - [TEST_STEP][PASSED] - waitForElementPresent(findTestObject("FDR-Dashboard/createNewVoucherButton"), 4): Object 'Object Repository/FDR-Dashboard/createNewVoucherButton' is not present after 4 second(s)

2020-09-15 15:00:13 - [MESSAGE][INFO] - Unable to find the element located by 'By.xpath: //*[@data-id='button-link']//*[contains(text(),'Create New Voucher')]'. Please recheck the objects properties to make sure the desired element is located. 

2020-09-15 15:00:13 - [MESSAGE][WARNING] - Object 'Object Repository/FDR-Dashboard/createNewVoucherButton' is not present after 4 second(s)

2020-09-15 15:00:13 - [TEST_STEP][PASSED] - processorVoucherNumber = getText(findTestObject("FDR-VoucherEntry/VoucherHeader/voucherNum")): Text of object 'Object Repository/FDR-VoucherEntry/VoucherHeader/voucherNum' is: 'CAP00000377'

2020-09-15 15:00:14 - [MESSAGE][PASSED] - Text of object 'Object Repository/FDR-VoucherEntry/VoucherHeader/voucherNum' is: 'CAP00000377'

2020-09-15 15:00:14 - [TEST_STEP][PASSED] - waitForElementPresent(findTestObject("FDR-Dashboard/createNewVoucherButton"), 4): Object 'Object Repository/FDR-Dashboard/createNewVoucherButton' is not present after 4 second(s)

2020-09-15 15:00:19 - [MESSAGE][INFO] - Unable to find the element located by 'By.xpath: //*[@data-id='button-link']//*[contains(text(),'Create New Voucher')]'. Please recheck the objects properties to make sure the desired element is located. 

2020-09-15 15:00:19 - [MESSAGE][WARNING] - Object 'Object Repository/FDR-Dashboard/createNewVoucherButton' is not present after 4 second(s)

2020-09-15 15:00:19 - [TEST_STEP][PASSED] - click(findTestObject("FDR-Vouchers-States/Resume/reviewButton")): Object: 'Object Repository/FDR-Vouchers-States/Resume/reviewButton' is clicked on

2020-09-15 15:00:19 - [MESSAGE][PASSED] - Object: 'Object Repository/FDR-Vouchers-States/Resume/reviewButton' is clicked on

2020-09-15 15:00:19 - [TEST_STEP][PASSED] - waitForElementPresent(findTestObject("FDR-Dashboard/createNewVoucherButton"), 4): Object 'Object Repository/FDR-Dashboard/createNewVoucherButton' is not present after 4 second(s)

2020-09-15 15:00:24 - [MESSAGE][INFO] - Unable to find the element located by 'By.xpath: //*[@data-id='button-link']//*[contains(text(),'Create New Voucher')]'. Please recheck the objects properties to make sure the desired element is located. 

2020-09-15 15:00:24 - [MESSAGE][WARNING] - Object 'Object Repository/FDR-Dashboard/createNewVoucherButton' is not present after 4 second(s)

2020-09-15 15:00:24 - [TEST_STEP][PASSED] - click(findTestObject("FDR-Vouchers-States/Resume/submitForApproval")): Object: 'Object Repository/FDR-Vouchers-States/Resume/submitForApproval' is clicked on

2020-09-15 15:00:25 - [MESSAGE][PASSED] - Object: 'Object Repository/FDR-Vouchers-States/Resume/submitForApproval' is clicked on

2020-09-15 15:00:25 - [TEST_STEP][PASSED] - waitForElementPresent(findTestObject("FDR-Dashboard/createNewVoucherButton"), 4): Object 'Object Repository/FDR-Dashboard/createNewVoucherButton' is present

2020-09-15 15:00:25 - [MESSAGE][PASSED] - Object 'Object Repository/FDR-Dashboard/createNewVoucherButton' is present

2020-09-15 15:00:25 - [TEST_STEP][PASSED] - navigateToUrl(URL + "/vouchers/" + Integer.parseInt(processorVoucherNumber.split("CAP")[1]) + "/entry"): Navigate to 'https://fdr-katalon.cammis-mod-dev.dhcs.ca.gov/vouchers/377/entry' successfully

2020-09-15 15:00:26 - [MESSAGE][PASSED] - Navigate to 'https://fdr-katalon.cammis-mod-dev.dhcs.ca.gov/vouchers/377/entry' successfully

2020-09-15 15:00:26 - [TEST_STEP][PASSED] - waitForElementPresent(findTestObject("FDR-Dashboard/createNewVoucherButton"), 6): Object 'Object Repository/FDR-Dashboard/createNewVoucherButton' is not present after 6 second(s)

2020-09-15 15:00:33 - [MESSAGE][INFO] - Unable to find the element located by 'By.xpath: //*[@data-id='button-link']//*[contains(text(),'Create New Voucher')]'. Please recheck the objects properties to make sure the desired element is located. 

2020-09-15 15:00:33 - [MESSAGE][WARNING] - Object 'Object Repository/FDR-Dashboard/createNewVoucherButton' is not present after 6 second(s)

2020-09-15 15:00:33 - [TEST_STEP][PASSED] - click(findTestObject("FDR-VoucherEntry/InvoiceLine/invoiceLineExpandButton")): Object: 'Object Repository/FDR-VoucherEntry/InvoiceLine/invoiceLineExpandButton' is clicked on

2020-09-15 15:00:34 - [MESSAGE][PASSED] - Object: 'Object Repository/FDR-VoucherEntry/InvoiceLine/invoiceLineExpandButton' is clicked on

2020-09-15 15:00:34 - [TEST_STEP][PASSED] - waitForElementPresent(findTestObject("FDR-EditVoucher/DLHover"), 1): Object 'Object Repository/FDR-EditVoucher/DLHover' is present

2020-09-15 15:00:35 - [MESSAGE][PASSED] - Object 'Object Repository/FDR-EditVoucher/DLHover' is present

2020-09-15 15:00:35 - [TEST_STEP][PASSED] - mouseOver(findTestObject("FDR-EditVoucher/DLHover")): Object: 'Object Repository/FDR-EditVoucher/DLHover' is hovered

2020-09-15 15:00:35 - [MESSAGE][PASSED] - Object: 'Object Repository/FDR-EditVoucher/DLHover' is hovered

2020-09-15 15:00:35 - [TEST_STEP][PASSED] - waitForElementPresent(findTestObject("FDR-EditVoucher/DLEditIcon"), 1): Object 'Object Repository/FDR-EditVoucher/DLEditIcon' is present

2020-09-15 15:00:35 - [MESSAGE][PASSED] - Object 'Object Repository/FDR-EditVoucher/DLEditIcon' is present

2020-09-15 15:00:35 - [TEST_STEP][PASSED] - click(findTestObject("FDR-EditVoucher/DLEditIcon")): Object: 'Object Repository/FDR-EditVoucher/DLEditIcon' is clicked on

2020-09-15 15:00:36 - [MESSAGE][PASSED] - Object: 'Object Repository/FDR-EditVoucher/DLEditIcon' is clicked on

2020-09-15 15:00:36 - [TEST_STEP][PASSED] - waitForElementPresent(findTestObject("FDR-Dashboard/createNewVoucherButton"), 3): Object 'Object Repository/FDR-Dashboard/createNewVoucherButton' is not present after 3 second(s)

2020-09-15 15:00:40 - [MESSAGE][INFO] - Unable to find the element located by 'By.xpath: //*[@data-id='button-link']//*[contains(text(),'Create New Voucher')]'. Please recheck the objects properties to make sure the desired element is located. 

2020-09-15 15:00:40 - [MESSAGE][WARNING] - Object 'Object Repository/FDR-Dashboard/createNewVoucherButton' is not present after 3 second(s)

2020-09-15 15:00:40 - [TEST_STEP][PASSED] - click(findTestObject("FDR-Vouchers-States/Validate/Reject/RejectDistributionLine/DLRejectClick")): Object: 'Object Repository/FDR-Vouchers-States/Validate/Reject/RejectDistributionLine/DLRejectClick' is clicked on

2020-09-15 15:00:40 - [MESSAGE][PASSED] - Object: 'Object Repository/FDR-Vouchers-States/Validate/Reject/RejectDistributionLine/DLRejectClick' is clicked on

2020-09-15 15:00:40 - [TEST_STEP][PASSED] - waitForElementPresent(findTestObject("FDR-Dashboard/createNewVoucherButton"), 5): Object 'Object Repository/FDR-Dashboard/createNewVoucherButton' is not present after 5 second(s)

2020-09-15 15:00:46 - [MESSAGE][INFO] - Unable to find the element located by 'By.xpath: //*[@data-id='button-link']//*[contains(text(),'Create New Voucher')]'. Please recheck the objects properties to make sure the desired element is located. 

2020-09-15 15:00:46 - [MESSAGE][WARNING] - Object 'Object Repository/FDR-Dashboard/createNewVoucherButton' is not present after 5 second(s)

2020-09-15 15:00:46 - [TEST_STEP][PASSED] - click(findTestObject("FDR-Vouchers-States/Validate/Reject/RejectDistributionLine/rejectDistributionLine")): Object: 'Object Repository/FDR-Vouchers-States/Validate/Reject/RejectDistributionLine/rejectDistributionLine' is clicked on

2020-09-15 15:00:47 - [MESSAGE][PASSED] - Object: 'Object Repository/FDR-Vouchers-States/Validate/Reject/RejectDistributionLine/rejectDistributionLine' is clicked on

2020-09-15 15:00:47 - [TEST_STEP][PASSED] - waitForElementPresent(findTestObject("FDR-Dashboard/createNewVoucherButton"), 3): Object 'Object Repository/FDR-Dashboard/createNewVoucherButton' is not present after 3 second(s)

2020-09-15 15:00:51 - [MESSAGE][INFO] - Unable to find the element located by 'By.xpath: //*[@data-id='button-link']//*[contains(text(),'Create New Voucher')]'. Please recheck the objects properties to make sure the desired element is located. 

2020-09-15 15:00:51 - [MESSAGE][WARNING] - Object 'Object Repository/FDR-Dashboard/createNewVoucherButton' is not present after 3 second(s)

2020-09-15 15:00:51 - [TEST_STEP][PASSED] - elementStyle = getAttribute(findTestObject("FDR-Vouchers-States/Validate/Reject/RejectDistributionLine/rejectionReasonsText"), "class"): Attribute 'class' of object 'Object Repository/FDR-Vouchers-States/Validate/Reject/RejectDistributionLine/rejectionReasonsText' is: 'MuiFormLabel-root-1530 jss1528 jss1529 Mui-error'

2020-09-15 15:00:51 - [MESSAGE][PASSED] - Attribute 'class' of object 'Object Repository/FDR-Vouchers-States/Validate/Reject/RejectDistributionLine/rejectionReasonsText' is: 'MuiFormLabel-root-1530 jss1528 jss1529 Mui-error'

2020-09-15 15:00:51 - [TEST_STEP][PASSED] - Assert.assertTrue(elementStyle.contains("Mui-error"), "rejectionreasons for distribution line color not changed"): null

2020-09-15 15:00:51 - [TEST_STEP][PASSED] - click(findTestObject("FDR-Vouchers-States/Validate/Reject/RejectDistributionLine/spanIncorrectFundRatio")): Object: 'Object Repository/FDR-Vouchers-States/Validate/Reject/RejectDistributionLine/spanIncorrectFundRatio' is clicked on

2020-09-15 15:00:52 - [MESSAGE][PASSED] - Object: 'Object Repository/FDR-Vouchers-States/Validate/Reject/RejectDistributionLine/spanIncorrectFundRatio' is clicked on

2020-09-15 15:00:52 - [TEST_STEP][PASSED] - waitForElementPresent(findTestObject("FDR-Dashboard/createNewVoucherButton"), 4): Object 'Object Repository/FDR-Dashboard/createNewVoucherButton' is not present after 4 second(s)

2020-09-15 15:00:57 - [MESSAGE][INFO] - Unable to find the element located by 'By.xpath: //*[@data-id='button-link']//*[contains(text(),'Create New Voucher')]'. Please recheck the objects properties to make sure the desired element is located. 

2020-09-15 15:00:57 - [MESSAGE][WARNING] - Object 'Object Repository/FDR-Dashboard/createNewVoucherButton' is not present after 4 second(s)

2020-09-15 15:00:57 - [TEST_STEP][PASSED] - click(findTestObject("FDR-Vouchers-States/Validate/Reject/RejectDistributionLine/spanIncorrectDistributionLine")): Object: 'Object Repository/FDR-Vouchers-States/Validate/Reject/RejectDistributionLine/spanIncorrectDistributionLine' is clicked on

2020-09-15 15:00:57 - [MESSAGE][PASSED] - Object: 'Object Repository/FDR-Vouchers-States/Validate/Reject/RejectDistributionLine/spanIncorrectDistributionLine' is clicked on

2020-09-15 15:00:57 - [TEST_STEP][PASSED] - waitForElementPresent(findTestObject("FDR-Dashboard/createNewVoucherButton"), 3): Object 'Object Repository/FDR-Dashboard/createNewVoucherButton' is not present after 3 second(s)

2020-09-15 15:01:01 - [MESSAGE][INFO] - Unable to find the element located by 'By.xpath: //*[@data-id='button-link']//*[contains(text(),'Create New Voucher')]'. Please recheck the objects properties to make sure the desired element is located. 

2020-09-15 15:01:01 - [MESSAGE][WARNING] - Object 'Object Repository/FDR-Dashboard/createNewVoucherButton' is not present after 3 second(s)

2020-09-15 15:01:01 - [TEST_STEP][PASSED] - click(findTestObject("FDR-Vouchers-States/Validate/Reject/RejectDistributionLine/rejectDistributionLine")): Object: 'Object Repository/FDR-Vouchers-States/Validate/Reject/RejectDistributionLine/rejectDistributionLine' is clicked on

2020-09-15 15:01:02 - [MESSAGE][PASSED] - Object: 'Object Repository/FDR-Vouchers-States/Validate/Reject/RejectDistributionLine/rejectDistributionLine' is clicked on

2020-09-15 15:01:02 - [TEST_STEP][PASSED] - waitForElementPresent(findTestObject("FDR-Dashboard/createNewVoucherButton"), 4): Object 'Object Repository/FDR-Dashboard/createNewVoucherButton' is not present after 4 second(s)

2020-09-15 15:01:07 - [MESSAGE][INFO] - Unable to find the element located by 'By.xpath: //*[@data-id='button-link']//*[contains(text(),'Create New Voucher')]'. Please recheck the objects properties to make sure the desired element is located. 

2020-09-15 15:01:07 - [MESSAGE][WARNING] - Object 'Object Repository/FDR-Dashboard/createNewVoucherButton' is not present after 4 second(s)

2020-09-15 15:01:07 - [TEST_STEP][PASSED] - mouseOver(findTestObject("FDR-EditVoucher/DLHoverSecondLine")): Object: 'Object Repository/FDR-EditVoucher/DLHoverSecondLine' is hovered

2020-09-15 15:01:07 - [MESSAGE][PASSED] - Object: 'Object Repository/FDR-EditVoucher/DLHoverSecondLine' is hovered

2020-09-15 15:01:07 - [TEST_STEP][PASSED] - click(findTestObject("FDR-EditVoucher/DLEditIcon")): Object: 'Object Repository/FDR-EditVoucher/DLEditIcon' is clicked on

2020-09-15 15:01:08 - [MESSAGE][PASSED] - Object: 'Object Repository/FDR-EditVoucher/DLEditIcon' is clicked on

2020-09-15 15:01:08 - [TEST_STEP][PASSED] - waitForElementPresent(findTestObject("FDR-Dashboard/createNewVoucherButton"), 4): Object 'Object Repository/FDR-Dashboard/createNewVoucherButton' is not present after 4 second(s)

2020-09-15 15:01:13 - [MESSAGE][INFO] - Unable to find the element located by 'By.xpath: //*[@data-id='button-link']//*[contains(text(),'Create New Voucher')]'. Please recheck the objects properties to make sure the desired element is located. 

2020-09-15 15:01:13 - [MESSAGE][WARNING] - Object 'Object Repository/FDR-Dashboard/createNewVoucherButton' is not present after 4 second(s)

2020-09-15 15:01:13 - [TEST_STEP][PASSED] - click(findTestObject("FDR-Vouchers-States/Validate/Reject/RejectDistributionLine/DLRejectClick")): Object: 'Object Repository/FDR-Vouchers-States/Validate/Reject/RejectDistributionLine/DLRejectClick' is clicked on

2020-09-15 15:01:13 - [MESSAGE][PASSED] - Object: 'Object Repository/FDR-Vouchers-States/Validate/Reject/RejectDistributionLine/DLRejectClick' is clicked on

2020-09-15 15:01:13 - [TEST_STEP][PASSED] - waitForElementPresent(findTestObject("FDR-Dashboard/createNewVoucherButton"), 2): Object 'Object Repository/FDR-Dashboard/createNewVoucherButton' is not present after 2 second(s)

2020-09-15 15:01:16 - [MESSAGE][INFO] - Unable to find the element located by 'By.xpath: //*[@data-id='button-link']//*[contains(text(),'Create New Voucher')]'. Please recheck the objects properties to make sure the desired element is located. 

2020-09-15 15:01:16 - [MESSAGE][WARNING] - Object 'Object Repository/FDR-Dashboard/createNewVoucherButton' is not present after 2 second(s)

2020-09-15 15:01:16 - [TEST_STEP][PASSED] - click(findTestObject("FDR-Vouchers-States/Validate/Reject/RejectDistributionLine/spanIncorrectFundRatio")): Object: 'Object Repository/FDR-Vouchers-States/Validate/Reject/RejectDistributionLine/spanIncorrectFundRatio' is clicked on

2020-09-15 15:01:17 - [MESSAGE][PASSED] - Object: 'Object Repository/FDR-Vouchers-States/Validate/Reject/RejectDistributionLine/spanIncorrectFundRatio' is clicked on

2020-09-15 15:01:17 - [TEST_STEP][PASSED] - waitForElementPresent(findTestObject("FDR-Dashboard/createNewVoucherButton"), 2): Object 'Object Repository/FDR-Dashboard/createNewVoucherButton' is not present after 2 second(s)

2020-09-15 15:01:20 - [MESSAGE][INFO] - Unable to find the element located by 'By.xpath: //*[@data-id='button-link']//*[contains(text(),'Create New Voucher')]'. Please recheck the objects properties to make sure the desired element is located. 

2020-09-15 15:01:20 - [MESSAGE][WARNING] - Object 'Object Repository/FDR-Dashboard/createNewVoucherButton' is not present after 2 second(s)

2020-09-15 15:01:20 - [TEST_STEP][PASSED] - click(findTestObject("FDR-Vouchers-States/Validate/Reject/RejectDistributionLine/spanIncorrectServiceCategory")): Object: 'Object Repository/FDR-Vouchers-States/Validate/Reject/RejectDistributionLine/spanIncorrectServiceCategory' is clicked on

2020-09-15 15:01:20 - [MESSAGE][PASSED] - Object: 'Object Repository/FDR-Vouchers-States/Validate/Reject/RejectDistributionLine/spanIncorrectServiceCategory' is clicked on

2020-09-15 15:01:20 - [TEST_STEP][PASSED] - waitForElementPresent(findTestObject("FDR-Dashboard/createNewVoucherButton"), 3): Object 'Object Repository/FDR-Dashboard/createNewVoucherButton' is not present after 3 second(s)

2020-09-15 15:01:24 - [MESSAGE][INFO] - Unable to find the element located by 'By.xpath: //*[@data-id='button-link']//*[contains(text(),'Create New Voucher')]'. Please recheck the objects properties to make sure the desired element is located. 

2020-09-15 15:01:24 - [MESSAGE][WARNING] - Object 'Object Repository/FDR-Dashboard/createNewVoucherButton' is not present after 3 second(s)

2020-09-15 15:01:24 - [TEST_STEP][PASSED] - click(findTestObject("FDR-Vouchers-States/Validate/Reject/RejectDistributionLine/rejectDistributionLine")): Object: 'Object Repository/FDR-Vouchers-States/Validate/Reject/RejectDistributionLine/rejectDistributionLine' is clicked on

2020-09-15 15:01:25 - [MESSAGE][PASSED] - Object: 'Object Repository/FDR-Vouchers-States/Validate/Reject/RejectDistributionLine/rejectDistributionLine' is clicked on

2020-09-15 15:01:25 - [TEST_STEP][PASSED] - waitForElementPresent(findTestObject("FDR-Dashboard/createNewVoucherButton"), 5): Object 'Object Repository/FDR-Dashboard/createNewVoucherButton' is not present after 5 second(s)

2020-09-15 15:01:31 - [MESSAGE][INFO] - Unable to find the element located by 'By.xpath: //*[@data-id='button-link']//*[contains(text(),'Create New Voucher')]'. Please recheck the objects properties to make sure the desired element is located. 

2020-09-15 15:01:31 - [MESSAGE][WARNING] - Object 'Object Repository/FDR-Dashboard/createNewVoucherButton' is not present after 5 second(s)

2020-09-15 15:01:31 - [TEST_STEP][PASSED] - mouseOver(findTestObject("FDR-EditVoucher/invoiceHover")): Object: 'Object Repository/FDR-EditVoucher/invoiceHover' is hovered

2020-09-15 15:01:31 - [MESSAGE][PASSED] - Object: 'Object Repository/FDR-EditVoucher/invoiceHover' is hovered

2020-09-15 15:01:31 - [TEST_STEP][PASSED] - click(findTestObject("FDR-EditVoucher/voucherLineEditIcon")): Object: 'Object Repository/FDR-EditVoucher/voucherLineEditIcon' is clicked on

2020-09-15 15:01:31 - [MESSAGE][PASSED] - Object: 'Object Repository/FDR-EditVoucher/voucherLineEditIcon' is clicked on

2020-09-15 15:01:31 - [TEST_STEP][PASSED] - waitForElementPresent(findTestObject("FDR-Dashboard/createNewVoucherButton"), 2): Object 'Object Repository/FDR-Dashboard/createNewVoucherButton' is not present after 2 second(s)

2020-09-15 15:01:35 - [MESSAGE][INFO] - Unable to find the element located by 'By.xpath: //*[@data-id='button-link']//*[contains(text(),'Create New Voucher')]'. Please recheck the objects properties to make sure the desired element is located. 

2020-09-15 15:01:35 - [MESSAGE][WARNING] - Object 'Object Repository/FDR-Dashboard/createNewVoucherButton' is not present after 2 second(s)

2020-09-15 15:01:35 - [TEST_STEP][PASSED] - click(findTestObject("FDR-Vouchers-States/Validate/Reject/RejectDistributionLine/DLRejectClick")): Object: 'Object Repository/FDR-Vouchers-States/Validate/Reject/RejectDistributionLine/DLRejectClick' is clicked on

2020-09-15 15:01:35 - [MESSAGE][PASSED] - Object: 'Object Repository/FDR-Vouchers-States/Validate/Reject/RejectDistributionLine/DLRejectClick' is clicked on

2020-09-15 15:01:35 - [TEST_STEP][PASSED] - waitForElementPresent(findTestObject("FDR-Dashboard/createNewVoucherButton"), 5): Object 'Object Repository/FDR-Dashboard/createNewVoucherButton' is not present after 5 second(s)

2020-09-15 15:01:41 - [MESSAGE][INFO] - Unable to find the element located by 'By.xpath: //*[@data-id='button-link']//*[contains(text(),'Create New Voucher')]'. Please recheck the objects properties to make sure the desired element is located. 

2020-09-15 15:01:41 - [MESSAGE][WARNING] - Object 'Object Repository/FDR-Dashboard/createNewVoucherButton' is not present after 5 second(s)

2020-09-15 15:01:41 - [TEST_STEP][PASSED] - click(findTestObject("FDR-Vouchers-States/Validate/Reject/RejectVoucherLine/spanIncorrectInvoiceNum")): Object: 'Object Repository/FDR-Vouchers-States/Validate/Reject/RejectVoucherLine/spanIncorrectInvoiceNum' is clicked on

2020-09-15 15:01:42 - [MESSAGE][PASSED] - Object: 'Object Repository/FDR-Vouchers-States/Validate/Reject/RejectVoucherLine/spanIncorrectInvoiceNum' is clicked on

2020-09-15 15:01:42 - [TEST_STEP][PASSED] - waitForElementPresent(findTestObject("FDR-Dashboard/createNewVoucherButton"), 4): Object 'Object Repository/FDR-Dashboard/createNewVoucherButton' is not present after 4 second(s)

2020-09-15 15:01:47 - [MESSAGE][INFO] - Unable to find the element located by 'By.xpath: //*[@data-id='button-link']//*[contains(text(),'Create New Voucher')]'. Please recheck the objects properties to make sure the desired element is located. 

2020-09-15 15:01:47 - [MESSAGE][WARNING] - Object 'Object Repository/FDR-Dashboard/createNewVoucherButton' is not present after 4 second(s)

2020-09-15 15:01:47 - [TEST_STEP][PASSED] - click(findTestObject("FDR-Vouchers-States/Validate/Reject/RejectVoucherLine/spanIncorrectInvoiceAmount")): Object: 'Object Repository/FDR-Vouchers-States/Validate/Reject/RejectVoucherLine/spanIncorrectInvoiceAmount' is clicked on

2020-09-15 15:01:47 - [MESSAGE][PASSED] - Object: 'Object Repository/FDR-Vouchers-States/Validate/Reject/RejectVoucherLine/spanIncorrectInvoiceAmount' is clicked on

2020-09-15 15:01:47 - [TEST_STEP][PASSED] - waitForElementPresent(findTestObject("FDR-Dashboard/createNewVoucherButton"), 4): Object 'Object Repository/FDR-Dashboard/createNewVoucherButton' is not present after 4 second(s)

2020-09-15 15:01:52 - [MESSAGE][INFO] - Unable to find the element located by 'By.xpath: //*[@data-id='button-link']//*[contains(text(),'Create New Voucher')]'. Please recheck the objects properties to make sure the desired element is located. 

2020-09-15 15:01:52 - [MESSAGE][WARNING] - Object 'Object Repository/FDR-Dashboard/createNewVoucherButton' is not present after 4 second(s)

2020-09-15 15:01:52 - [TEST_STEP][PASSED] - click(findTestObject("FDR-Vouchers-States/Validate/Reject/RejectVoucherLine/rejectInvoiceLine")): Object: 'Object Repository/FDR-Vouchers-States/Validate/Reject/RejectVoucherLine/rejectInvoiceLine' is clicked on

2020-09-15 15:01:53 - [MESSAGE][PASSED] - Object: 'Object Repository/FDR-Vouchers-States/Validate/Reject/RejectVoucherLine/rejectInvoiceLine' is clicked on

2020-09-15 15:01:53 - [TEST_STEP][PASSED] - waitForElementPresent(findTestObject("FDR-Dashboard/createNewVoucherButton"), 2): Object 'Object Repository/FDR-Dashboard/createNewVoucherButton' is not present after 2 second(s)

2020-09-15 15:01:56 - [MESSAGE][INFO] - Unable to find the element located by 'By.xpath: //*[@data-id='button-link']//*[contains(text(),'Create New Voucher')]'. Please recheck the objects properties to make sure the desired element is located. 

2020-09-15 15:01:56 - [MESSAGE][WARNING] - Object 'Object Repository/FDR-Dashboard/createNewVoucherButton' is not present after 2 second(s)

2020-09-15 15:01:56 - [TEST_STEP][PASSED] - click(findTestObject("FDR-VoucherEntry/InvoiceLine/invoiceLineExpandButton")): Object: 'Object Repository/FDR-VoucherEntry/InvoiceLine/invoiceLineExpandButton' is clicked on

2020-09-15 15:01:56 - [MESSAGE][PASSED] - Object: 'Object Repository/FDR-VoucherEntry/InvoiceLine/invoiceLineExpandButton' is clicked on

2020-09-15 15:01:56 - [TEST_STEP][PASSED] - waitForElementPresent(findTestObject("FDR-Dashboard/createNewVoucherButton"), 2): Object 'Object Repository/FDR-Dashboard/createNewVoucherButton' is not present after 2 second(s)

2020-09-15 15:01:59 - [MESSAGE][INFO] - Unable to find the element located by 'By.xpath: //*[@data-id='button-link']//*[contains(text(),'Create New Voucher')]'. Please recheck the objects properties to make sure the desired element is located. 

2020-09-15 15:01:59 - [MESSAGE][WARNING] - Object 'Object Repository/FDR-Dashboard/createNewVoucherButton' is not present after 2 second(s)

2020-09-15 15:01:59 - [TEST_STEP][PASSED] - click(findTestObject("FDR-Vouchers-States/Validate/Reject/rejectButton")): Object: 'Object Repository/FDR-Vouchers-States/Validate/Reject/rejectButton' is clicked on

2020-09-15 15:02:00 - [MESSAGE][PASSED] - Object: 'Object Repository/FDR-Vouchers-States/Validate/Reject/rejectButton' is clicked on

2020-09-15 15:02:00 - [TEST_STEP][PASSED] - waitForElementPresent(findTestObject("FDR-Dashboard/createNewVoucherButton"), 2): Object 'Object Repository/FDR-Dashboard/createNewVoucherButton' is not present after 2 second(s)

2020-09-15 15:02:03 - [MESSAGE][INFO] - Unable to find the element located by 'By.xpath: //*[@data-id='button-link']//*[contains(text(),'Create New Voucher')]'. Please recheck the objects properties to make sure the desired element is located. 

2020-09-15 15:02:03 - [MESSAGE][WARNING] - Object 'Object Repository/FDR-Dashboard/createNewVoucherButton' is not present after 2 second(s)

2020-09-15 15:02:03 - [TEST_STEP][PASSED] - click(findTestObject("FDR-Vouchers-States/Validate/Reject/RejectVoucher/rejectVoucherButton")): Object: 'Object Repository/FDR-Vouchers-States/Validate/Reject/RejectVoucher/rejectVoucherButton' is clicked on

2020-09-15 15:02:03 - [MESSAGE][PASSED] - Object: 'Object Repository/FDR-Vouchers-States/Validate/Reject/RejectVoucher/rejectVoucherButton' is clicked on

2020-09-15 15:02:03 - [TEST_STEP][PASSED] - waitForElementPresent(findTestObject("FDR-Dashboard/createNewVoucherButton"), 2): Object 'Object Repository/FDR-Dashboard/createNewVoucherButton' is present

2020-09-15 15:02:04 - [MESSAGE][PASSED] - Object 'Object Repository/FDR-Dashboard/createNewVoucherButton' is present

2020-09-15 15:02:04 - [TEST_STEP][PASSED] - navigateToUrl(URL + "/vouchers/" + Integer.parseInt(processorVoucherNumber.split("CAP")[1]) + "/entry"): Navigate to 'https://fdr-katalon.cammis-mod-dev.dhcs.ca.gov/vouchers/377/entry' successfully

2020-09-15 15:02:05 - [MESSAGE][PASSED] - Navigate to 'https://fdr-katalon.cammis-mod-dev.dhcs.ca.gov/vouchers/377/entry' successfully

2020-09-15 15:02:05 - [TEST_STEP][PASSED] - waitForElementPresent(findTestObject("FDR-Dashboard/createNewVoucherButton"), 4): Object 'Object Repository/FDR-Dashboard/createNewVoucherButton' is not present after 4 second(s)

2020-09-15 15:02:10 - [MESSAGE][INFO] - Unable to find the element located by 'By.xpath: //*[@data-id='button-link']//*[contains(text(),'Create New Voucher')]'. Please recheck the objects properties to make sure the desired element is located. 

2020-09-15 15:02:10 - [MESSAGE][WARNING] - Object 'Object Repository/FDR-Dashboard/createNewVoucherButton' is not present after 4 second(s)

2020-09-15 15:02:10 - [TEST_STEP][PASSED] - click(findTestObject("FDR-VoucherEntry/InvoiceLine/invoiceLineExpandButton")): Object: 'Object Repository/FDR-VoucherEntry/InvoiceLine/invoiceLineExpandButton' is clicked on

2020-09-15 15:02:11 - [MESSAGE][PASSED] - Object: 'Object Repository/FDR-VoucherEntry/InvoiceLine/invoiceLineExpandButton' is clicked on

2020-09-15 15:02:11 - [TEST_STEP][PASSED] - rejectionReason = getText(findTestObject("FDR-Vouchers-States/Validate/Reject/verificationReasons/invoiceRejectionReason")): Text of object 'Object Repository/FDR-Vouchers-States/Validate/Reject/verificationReasons/invoiceRejectionReason' is: 'Incorrect invoice number, Incorrect invoice amount'

2020-09-15 15:02:12 - [MESSAGE][PASSED] - Text of object 'Object Repository/FDR-Vouchers-States/Validate/Reject/verificationReasons/invoiceRejectionReason' is: 'Incorrect invoice number, Incorrect invoice amount'

2020-09-15 15:02:12 - [TEST_STEP][PASSED] - Assert.assertEquals(rejectionReason, "Incorrect invoice number, Incorrect invoice amount", "Invoice rejection reasons not matching"): null

2020-09-15 15:02:12 - [TEST_STEP][PASSED] - rejectionReason = getText(findTestObject("FDR-Vouchers-States/Validate/Reject/verificationReasons/dlGroup1RejectionReason")): Text of object 'Object Repository/FDR-Vouchers-States/Validate/Reject/verificationReasons/dlGroup1RejectionReason' is: 'Incorrect distribution line amount, Incorrect fund ratio'

2020-09-15 15:02:12 - [MESSAGE][PASSED] - Text of object 'Object Repository/FDR-Vouchers-States/Validate/Reject/verificationReasons/dlGroup1RejectionReason' is: 'Incorrect distribution line amount, Incorrect fund ratio'

2020-09-15 15:02:12 - [TEST_STEP][PASSED] - Assert.assertEquals(rejectionReason, "Incorrect distribution line amount, Incorrect fund ratio", "DL group1 rejection reasons not matching"): null

2020-09-15 15:02:12 - [TEST_STEP][PASSED] - rejectionReason = getText(findTestObject("FDR-Vouchers-States/Validate/Reject/verificationReasons/dlGroup2RejectionReason")): Text of object 'Object Repository/FDR-Vouchers-States/Validate/Reject/verificationReasons/dlGroup2RejectionReason' is: 'Incorrect fund ratio, Incorrect service category'

2020-09-15 15:02:12 - [MESSAGE][PASSED] - Text of object 'Object Repository/FDR-Vouchers-States/Validate/Reject/verificationReasons/dlGroup2RejectionReason' is: 'Incorrect fund ratio, Incorrect service category'

2020-09-15 15:02:12 - [TEST_STEP][PASSED] - Assert.assertEquals(rejectionReason, "Incorrect fund ratio, Incorrect service category", "DL group1 rejection reasons not matching"): null

2020-09-15 15:02:12 - [TEST_STEP][PASSED] - waitForElementPresent(findTestObject("FDR-Dashboard/createNewVoucherButton"), 2): Object 'Object Repository/FDR-Dashboard/createNewVoucherButton' is not present after 2 second(s)

2020-09-15 15:02:15 - [MESSAGE][INFO] - Unable to find the element located by 'By.xpath: //*[@data-id='button-link']//*[contains(text(),'Create New Voucher')]'. Please recheck the objects properties to make sure the desired element is located. 

2020-09-15 15:02:15 - [MESSAGE][WARNING] - Object 'Object Repository/FDR-Dashboard/createNewVoucherButton' is not present after 2 second(s)

2020-09-15 15:02:15 - [TEST_STEP][PASSED] - click(findTestObject("FDR-Vouchers-States/Resume/reviewButton")): Object: 'Object Repository/FDR-Vouchers-States/Resume/reviewButton' is clicked on

2020-09-15 15:02:16 - [MESSAGE][PASSED] - Object: 'Object Repository/FDR-Vouchers-States/Resume/reviewButton' is clicked on

2020-09-15 15:02:16 - [TEST_STEP][PASSED] - waitForElementPresent(findTestObject("FDR-Dashboard/createNewVoucherButton"), 2): Object 'Object Repository/FDR-Dashboard/createNewVoucherButton' is not present after 2 second(s)

2020-09-15 15:02:19 - [MESSAGE][INFO] - Unable to find the element located by 'By.xpath: //*[@data-id='button-link']//*[contains(text(),'Create New Voucher')]'. Please recheck the objects properties to make sure the desired element is located. 

2020-09-15 15:02:19 - [MESSAGE][WARNING] - Object 'Object Repository/FDR-Dashboard/createNewVoucherButton' is not present after 2 second(s)

2020-09-15 15:02:19 - [TEST_STEP][PASSED] - click(findTestObject("FDR-Vouchers-States/Resume/submitForApproval")): Object: 'Object Repository/FDR-Vouchers-States/Resume/submitForApproval' is clicked on

2020-09-15 15:02:19 - [MESSAGE][PASSED] - Object: 'Object Repository/FDR-Vouchers-States/Resume/submitForApproval' is clicked on

2020-09-15 15:02:19 - [TEST_STEP][PASSED] - waitForElementPresent(findTestObject("FDR-Dashboard/createNewVoucherButton"), 2): Object 'Object Repository/FDR-Dashboard/createNewVoucherButton' is present

2020-09-15 15:02:20 - [MESSAGE][PASSED] - Object 'Object Repository/FDR-Dashboard/createNewVoucherButton' is present

2020-09-15 15:02:20 - [TEST_STEP][PASSED] - navigateToUrl(URL + "/vouchers/" + Integer.parseInt(processorVoucherNumber.split("CAP")[1]) + "/entry"): Navigate to 'https://fdr-katalon.cammis-mod-dev.dhcs.ca.gov/vouchers/377/entry' successfully

2020-09-15 15:02:21 - [MESSAGE][PASSED] - Navigate to 'https://fdr-katalon.cammis-mod-dev.dhcs.ca.gov/vouchers/377/entry' successfully

2020-09-15 15:02:21 - [TEST_STEP][PASSED] - waitForElementPresent(findTestObject("FDR-Dashboard/createNewVoucherButton"), 4): Object 'Object Repository/FDR-Dashboard/createNewVoucherButton' is not present after 4 second(s)

2020-09-15 15:02:26 - [MESSAGE][INFO] - Unable to find the element located by 'By.xpath: //*[@data-id='button-link']//*[contains(text(),'Create New Voucher')]'. Please recheck the objects properties to make sure the desired element is located. 

2020-09-15 15:02:26 - [MESSAGE][WARNING] - Object 'Object Repository/FDR-Dashboard/createNewVoucherButton' is not present after 4 second(s)

2020-09-15 15:02:26 - [TEST_STEP][PASSED] - click(findTestObject("FDR-Vouchers-States/Validate/approveButton")): Object: 'Object Repository/FDR-Vouchers-States/Validate/approveButton' is clicked on

2020-09-15 15:02:26 - [MESSAGE][PASSED] - Object: 'Object Repository/FDR-Vouchers-States/Validate/approveButton' is clicked on

2020-09-15 15:02:26 - [TEST_STEP][PASSED] - Start tear down : tearDownTestCase: Method 'tearDownTestCase' complete successfully

2020-09-15 15:02:26 - [MESSAGE][PASSED] - Method 'tearDownTestCase' complete successfully

2020-09-15 15:02:26 - [TEST_STEP][PASSED] - Start listener action : sampleAfterTestCase: null

2020-09-15 15:02:26 - [TEST_STEP][PASSED] - profileName = getExecutionProfile(): null

2020-09-15 15:02:26 - [TEST_STEP][PASSED] - switch (profileName): null

2020-09-15 15:02:26 - [TEST_STEP][PASSED] - case "superUser":: null

2020-09-15 15:02:26 - [TEST_STEP][PASSED] - return null: null

2020-09-15 15:02:26 - [TEST_STEP][PASSED] - Start listener action : afterTestCase: null

2020-09-15 15:02:26 - [TEST_STEP][PASSED] - profileName = getExecutionProfile(): null

2020-09-15 15:02:26 - [TEST_STEP][PASSED] - if (profileName.equalsIgnoreCase("SysAdmin")): null

2020-09-15 15:02:26 - [TEST_STEP][PASSED] - Start listener action : sampleAfterTestCase: null

2020-09-15 15:02:26 - [TEST_STEP][PASSED] - profileName = getExecutionProfile(): null

2020-09-15 15:02:26 - [TEST_STEP][PASSED] - switch (profileName): null

2020-09-15 15:02:26 - [TEST_STEP][PASSED] - case "Voucher":: null

2020-09-15 15:02:26 - [TEST_STEP][PASSED] - Uifunctions.logoutFDR(): Browser is closed

2020-09-15 15:02:27 - [MESSAGE][PASSED] - Browser is closed

2020-09-15 15:02:27 - [TEST_STEP][PASSED] - break: null

2020-09-15 15:02:27 - [TEST_STEP][PASSED] - Start listener action : addFailedTCToList: null]]></system-out>
         <system-err><![CDATA[]]></system-err>
      </testcase>
      <testcase name="Test Cases/WEB-UI-TESTS/Voucher/FDR-Validate-Approve-Modal" time="232.839" classname="Test Cases/WEB-UI-TESTS/Voucher/FDR-Validate-Approve-Modal" status="PASSED">
         <system-out><![CDATA[2020-09-15 15:02:27 - [TEST_CASE][PASSED] - Test Cases/WEB-UI-TESTS/Voucher/FDR-Validate-Approve-Modal: Test Cases/WEB-UI-TESTS/Voucher/FDR-Validate-Approve-Modal

2020-09-15 15:02:27 - [TEST_STEP][PASSED] - Start listener action : sampleBeforeTestCase: null

2020-09-15 15:02:27 - [TEST_STEP][PASSED] - profileName = getExecutionProfile(): null

2020-09-15 15:02:27 - [TEST_STEP][PASSED] - switch (profileName): null

2020-09-15 15:02:27 - [TEST_STEP][PASSED] - case "superUser":: null

2020-09-15 15:02:27 - [TEST_STEP][PASSED] - return null: null

2020-09-15 15:02:27 - [TEST_STEP][PASSED] - Start listener action : beforeTestCase: null

2020-09-15 15:02:27 - [TEST_STEP][PASSED] - profileName = getExecutionProfile(): null

2020-09-15 15:02:27 - [TEST_STEP][PASSED] - if (profileName.equalsIgnoreCase("SysAdmin")): null

2020-09-15 15:02:27 - [TEST_STEP][PASSED] - Start listener action : sampleBeforeTestCase: Navigate to 'https://fdr-katalon.cammis-mod-dev.dhcs.ca.gov' successfully

2020-09-15 15:02:27 - [TEST_STEP][PASSED] - profileName = getExecutionProfile(): null

2020-09-15 15:02:27 - [TEST_STEP][PASSED] - testCaseId = testCaseContext.getTestCaseId(): null

2020-09-15 15:02:27 - [TEST_STEP][PASSED] - switch (profileName): null

2020-09-15 15:02:27 - [TEST_STEP][PASSED] - case "Voucher":: null

2020-09-15 15:02:27 - [TEST_STEP][PASSED] - Uifunctions.loginFDR(accountsApproverAcc2, accountsApproverAcc2Pwd): Object: 'Object Repository/FDR-SignIn/SignInButton' is clicked on

2020-09-15 15:02:27 - [MESSAGE][INFO] - Starting 'Chrome' driver

2020-09-15 15:02:27 - [MESSAGE][INFO] - Action delay is set to 0 milliseconds

2020-09-15 15:02:30 - [MESSAGE][PASSED] - Browser is opened with url: ''

2020-09-15 15:02:32 - [MESSAGE][PASSED] - Current window maximized

2020-09-15 15:02:33 - [MESSAGE][PASSED] - Navigate to 'https://fdr-katalon.cammis-mod-dev.dhcs.ca.gov' successfully

2020-09-15 15:02:35 - [MESSAGE][PASSED] - Object 'Object Repository/FDR-SignIn/SignInEmail' is present

2020-09-15 15:02:35 - [MESSAGE][PASSED] - Object: 'Object Repository/FDR-SignIn/SignInEmail' is clicked on

2020-09-15 15:02:35 - [MESSAGE][PASSED] - Object 'Object Repository/FDR-SignIn/SignInEmail' is present

2020-09-15 15:02:36 - [MESSAGE][PASSED] - Text 'fdr.test2@dhcs.ca.gov' is set on object 'Object Repository/FDR-SignIn/SignInEmail'

2020-09-15 15:02:36 - [MESSAGE][PASSED] - Object 'Object Repository/FDR-SignIn/SignInEmailNext' is visible

2020-09-15 15:02:37 - [MESSAGE][PASSED] - Object: 'Object Repository/FDR-SignIn/SignInEmailNext' is clicked on

2020-09-15 15:02:40 - [MESSAGE][PASSED] - Object 'Object Repository/FDR-SignIn/SignInEmailPassword' is visible

2020-09-15 15:02:40 - [MESSAGE][PASSED] - Object: 'Object Repository/FDR-SignIn/SignInEmailPassword' is clicked on

2020-09-15 15:02:40 - [MESSAGE][PASSED] - Text ****** has been set on object 'Object Repository/FDR-SignIn/SignInEmailPassword'

2020-09-15 15:02:42 - [MESSAGE][PASSED] - Object: 'Object Repository/FDR-SignIn/SignInButton' is clicked on

2020-09-15 15:02:42 - [TEST_STEP][PASSED] - break: null

2020-09-15 15:02:42 - [TEST_STEP][PASSED] - navigateToUrl(URL): Navigate to 'https://fdr-katalon.cammis-mod-dev.dhcs.ca.gov' successfully

2020-09-15 15:02:42 - [MESSAGE][PASSED] - Navigate to 'https://fdr-katalon.cammis-mod-dev.dhcs.ca.gov' successfully

2020-09-15 15:02:42 - [TEST_STEP][PASSED] - Start listener action : executeRows: null

2020-09-15 15:02:42 - [TEST_STEP][PASSED] - Start setup action : setupTestCase: Method 'setupTestCase' complete successfully

2020-09-15 15:02:42 - [MESSAGE][PASSED] - Method 'setupTestCase' complete successfully

2020-09-15 15:02:42 - [TEST_STEP][PASSED] - callTestCase(findTestCase("WEB-UI-TESTS/Voucher/FDR-Create-Simple-Voucher"), ["drawDate":drawDate, "payDate":payDate, "programType":programType, "invoiceType":invoiceType, "fundCode":fundCode, "supplier":supplier, ... ], STOP_ON_FAILURE): Call Test Case 'Test Cases/WEB-UI-TESTS/Voucher/FDR-Create-Simple-Voucher' successfully

2020-09-15 15:02:43 - [TEST_CASE][PASSED] - Test Cases/WEB-UI-TESTS/Voucher/FDR-Create-Simple-Voucher: Test Cases/WEB-UI-TESTS/Voucher/FDR-Create-Simple-Voucher

2020-09-15 15:02:43 - [TEST_STEP][PASSED] - voucherHeaderData = ["drawDate":drawDate, "payDate":payDate, "programType":programType, "invoiceType":invoiceType, "fundCode":fundCode, "supplier":supplier, ... ]: null

2020-09-15 15:02:43 - [TEST_STEP][PASSED] - Uifunctions.createVoucherHeader(voucherHeaderData): Object 'Object Repository/FDR-VoucherEntry/VoucherHeader/reviewButton' is present

2020-09-15 15:02:45 - [MESSAGE][PASSED] - Object 'Object Repository/FDR-Dashboard/createNewVoucherButton' is present

2020-09-15 15:02:45 - [MESSAGE][PASSED] - Object: 'Object Repository/FDR-Dashboard/createNewVoucherButton' is clicked on

2020-09-15 15:02:49 - [MESSAGE][INFO] - Unable to find the element located by 'By.xpath: //*[@data-id='action-button']//*[contains(text(),'Review')]'. Please recheck the objects properties to make sure the desired element is located. 

2020-09-15 15:02:49 - [MESSAGE][WARNING] - Object 'Object Repository/FDR-VoucherEntry/VoucherHeader/reviewButton' is not present after 3 second(s)

2020-09-15 15:02:50 - [MESSAGE][PASSED] - Object: 'Object Repository/FDR-VoucherEntry/Voucher/drawDate' is clicked on

2020-09-15 15:02:52 - [MESSAGE][INFO] - Unable to find the element located by 'By.xpath: //*[@data-id='button-link']//*[contains(text(),'Create New Voucher')]'. Please recheck the objects properties to make sure the desired element is located. 

2020-09-15 15:02:52 - [MESSAGE][WARNING] - Object 'Object Repository/FDR-Dashboard/createNewVoucherButton' is not present after 1 second(s)

2020-09-15 15:02:53 - [MESSAGE][PASSED] - Text '10/05/2020' is set on object 'Object Repository/FDR-VoucherEntry/Voucher/drawDate'

2020-09-15 15:02:57 - [MESSAGE][INFO] - Unable to find the element located by 'By.xpath: //*[@data-id='button-link']//*[contains(text(),'Create New Voucher')]'. Please recheck the objects properties to make sure the desired element is located. 

2020-09-15 15:02:57 - [MESSAGE][WARNING] - Object 'Object Repository/FDR-Dashboard/createNewVoucherButton' is not present after 3 second(s)

2020-09-15 15:02:57 - [MESSAGE][PASSED] - Object: 'Object Repository/FDR-VoucherEntry/Voucher/programType' is clicked on

2020-09-15 15:03:00 - [MESSAGE][INFO] - Unable to find the element located by 'By.xpath: //*[@data-id='button-link']//*[contains(text(),'Create New Voucher')]'. Please recheck the objects properties to make sure the desired element is located. 

2020-09-15 15:03:00 - [MESSAGE][WARNING] - Object 'Object Repository/FDR-Dashboard/createNewVoucherButton' is not present after 2 second(s)

2020-09-15 15:03:01 - [MESSAGE][PASSED] - Keys 'Medical Assistance (MA)' sent to object: 'Object Repository/FDR-VoucherEntry/Voucher/programType'

2020-09-15 15:03:01 - [MESSAGE][PASSED] - Object 'Object Repository/FDR-VoucherEntry/Voucher/programType' is present

2020-09-15 15:03:02 - [MESSAGE][PASSED] - Keys 'DOWN + ENTER + ' sent to object: 'Object Repository/FDR-VoucherEntry/Voucher/programType'

2020-09-15 15:03:02 - [MESSAGE][PASSED] - Object: 'Object Repository/FDR-VoucherEntry/Voucher/invoiceType' is clicked on

2020-09-15 15:03:03 - [MESSAGE][PASSED] - Object 'Object Repository/FDR-VoucherEntry/Voucher/invoiceType' is present

2020-09-15 15:03:03 - [MESSAGE][PASSED] - Keys 'CAP' sent to object: 'Object Repository/FDR-VoucherEntry/Voucher/invoiceType'

2020-09-15 15:03:04 - [MESSAGE][PASSED] - Keys 'DOWN + ENTER + ' sent to object: 'Object Repository/FDR-VoucherEntry/Voucher/invoiceType'

2020-09-15 15:03:04 - [MESSAGE][PASSED] - Object: 'Object Repository/FDR-VoucherEntry/Voucher/fundCode' is clicked on

2020-09-15 15:03:05 - [MESSAGE][PASSED] - Keys 'lth Care Deposit Fund (0912)' sent to object: 'Object Repository/FDR-VoucherEntry/Voucher/fundCode'

2020-09-15 15:03:05 - [MESSAGE][PASSED] - Object 'Object Repository/FDR-VoucherEntry/Voucher/fundCode' is present

2020-09-15 15:03:05 - [MESSAGE][PASSED] - Keys 'DOWN + ENTER + ' sent to object: 'Object Repository/FDR-VoucherEntry/Voucher/fundCode'

2020-09-15 15:03:06 - [MESSAGE][PASSED] - Object: 'Object Repository/FDR-VoucherEntry/Voucher/supplierID' is clicked on

2020-09-15 15:03:07 - [MESSAGE][PASSED] - Keys '0000008170' sent to object: 'Object Repository/FDR-VoucherEntry/Voucher/supplierID'

2020-09-15 15:03:07 - [MESSAGE][PASSED] - Object 'Object Repository/FDR-VoucherEntry/Voucher/supplierID' is present

2020-09-15 15:03:07 - [MESSAGE][PASSED] - Keys 'DOWN + ENTER + ' sent to object: 'Object Repository/FDR-VoucherEntry/Voucher/supplierID'

2020-09-15 15:03:08 - [MESSAGE][PASSED] - Object: 'Object Repository/FDR-VoucherEntry/Voucher/seqNum' is clicked on

2020-09-15 15:03:09 - [MESSAGE][PASSED] - Object 'Object Repository/FDR-VoucherEntry/Voucher/seqNum' is present

2020-09-15 15:03:09 - [MESSAGE][PASSED] - Keys 'DOWN + ENTER + ' sent to object: 'Object Repository/FDR-VoucherEntry/Voucher/seqNum'

2020-09-15 15:03:09 - [MESSAGE][PASSED] - Object: 'Object Repository/FDR-VoucherEntry/Voucher/contractNum' is clicked on

2020-09-15 15:03:10 - [MESSAGE][PASSED] - Keys '13-90186' sent to object: 'Object Repository/FDR-VoucherEntry/Voucher/contractNum'

2020-09-15 15:03:10 - [MESSAGE][PASSED] - Object 'Object Repository/FDR-VoucherEntry/Voucher/contractNum' is present

2020-09-15 15:03:11 - [MESSAGE][PASSED] - Keys 'DOWN + ENTER + ' sent to object: 'Object Repository/FDR-VoucherEntry/Voucher/contractNum'

2020-09-15 15:03:12 - [MESSAGE][PASSED] - Text '' is set on object 'Object Repository/FDR-VoucherEntry/Voucher/vendorMessage'

2020-09-15 15:03:12 - [MESSAGE][PASSED] - Object: 'Object Repository/FDR-VoucherEntry/Voucher/primaryContact' is clicked on

2020-09-15 15:03:13 - [MESSAGE][PASSED] - Keys 'Baoson Dang' sent to object: 'Object Repository/FDR-VoucherEntry/Voucher/primaryContact'

2020-09-15 15:03:13 - [MESSAGE][PASSED] - Object 'Object Repository/FDR-VoucherEntry/Voucher/primaryContact' is present

2020-09-15 15:03:13 - [MESSAGE][PASSED] - Keys 'DOWN + ENTER + ' sent to object: 'Object Repository/FDR-VoucherEntry/Voucher/primaryContact'

2020-09-15 15:03:14 - [MESSAGE][PASSED] - Object: 'Object Repository/FDR-VoucherEntry/Voucher/secondaryContact' is clicked on

2020-09-15 15:03:14 - [MESSAGE][PASSED] - Keys 'Angela Kazaryan' sent to object: 'Object Repository/FDR-VoucherEntry/Voucher/secondaryContact'

2020-09-15 15:03:15 - [MESSAGE][PASSED] - Object 'Object Repository/FDR-VoucherEntry/Voucher/secondaryContact' is present

2020-09-15 15:03:15 - [MESSAGE][PASSED] - Object 'Object Repository/FDR-VoucherEntry/Voucher/secondaryContact' is present

2020-09-15 15:03:15 - [MESSAGE][PASSED] - Keys 'DOWN + ENTER + ' sent to object: 'Object Repository/FDR-VoucherEntry/Voucher/secondaryContact'

2020-09-15 15:03:16 - [MESSAGE][PASSED] - Object: 'Object Repository/FDR-VoucherEntry/Voucher/buttonNext' is clicked on

2020-09-15 15:03:19 - [MESSAGE][PASSED] - Delayed 3 second(s)

2020-09-15 15:03:19 - [MESSAGE][PASSED] - Object 'Object Repository/FDR-VoucherEntry/VoucherHeader/reviewButton' is present

2020-09-15 15:03:19 - [TEST_STEP][PASSED] - waitForElementPresent(findTestObject("FDR-Dashboard/createNewVoucherButton"), 4): Object 'Object Repository/FDR-Dashboard/createNewVoucherButton' is not present after 4 second(s)

2020-09-15 15:03:24 - [MESSAGE][INFO] - Unable to find the element located by 'By.xpath: //*[@data-id='button-link']//*[contains(text(),'Create New Voucher')]'. Please recheck the objects properties to make sure the desired element is located. 

2020-09-15 15:03:24 - [MESSAGE][WARNING] - Object 'Object Repository/FDR-Dashboard/createNewVoucherButton' is not present after 4 second(s)

2020-09-15 15:03:24 - [TEST_STEP][PASSED] - Uifunctions.createInvoiceLine(1): Object 'Object Repository/FDR-VoucherEntry/VoucherHeader/reviewButton' is present

2020-09-15 15:03:25 - [MESSAGE][PASSED] - Object 'Object Repository/FDR-VoucherEntry/VoucherHeader/reviewButton' is present

2020-09-15 15:03:28 - [MESSAGE][INFO] - Unable to find the element located by 'By.xpath: //*[contains(text(),'Add voucher')]//parent::button'. Please recheck the objects properties to make sure the desired element is located. 

2020-09-15 15:03:28 - [MESSAGE][WARNING] - Object 'Object Repository/FDR-VoucherEntry/InvoiceLine/addVoucherButton' is not present after 2 second(s)

2020-09-15 15:03:28 - [MESSAGE][PASSED] - Object 'Object Repository/FDR-VoucherEntry/InvoiceLine/invoice' is clickable

2020-09-15 15:03:28 - [MESSAGE][PASSED] - Object: 'Object Repository/FDR-VoucherEntry/InvoiceLine/invoice' is clicked on

2020-09-15 15:03:29 - [MESSAGE][PASSED] - Text '5370' is set on object 'Object Repository/FDR-VoucherEntry/InvoiceLine/invoice'

2020-09-15 15:03:29 - [MESSAGE][PASSED] - Object: 'Object Repository/FDR-VoucherEntry/InvoiceLine/invoiceDate' is clicked on

2020-09-15 15:03:30 - [MESSAGE][PASSED] - Object 'Object Repository/FDR-VoucherEntry/InvoiceLine/invoiceDate' is present

2020-09-15 15:03:31 - [MESSAGE][PASSED] - Text '09/15/2020' is set on object 'Object Repository/FDR-VoucherEntry/InvoiceLine/invoiceDate'

2020-09-15 15:03:31 - [MESSAGE][PASSED] - Object: 'Object Repository/FDR-VoucherEntry/InvoiceLine/originalWarrantDate' is clicked on

2020-09-15 15:03:32 - [MESSAGE][PASSED] - Text '09/16/2020' is set on object 'Object Repository/FDR-VoucherEntry/InvoiceLine/originalWarrantDate'

2020-09-15 15:03:32 - [MESSAGE][PASSED] - Object 'Object Repository/FDR-VoucherEntry/InvoiceLine/addInvoiceLineButton' is present

2020-09-15 15:03:32 - [MESSAGE][PASSED] - Object: 'Object Repository/FDR-VoucherEntry/InvoiceLine/addInvoiceLineButtonIndex2' is clicked on

2020-09-15 15:03:33 - [MESSAGE][PASSED] - Object 'Object Repository/FDR-VoucherEntry/VoucherHeader/reviewButton' is present

2020-09-15 15:03:33 - [TEST_STEP][PASSED] - waitForElementClickable(findTestObject("FDR-VoucherEntry/InvoiceLine/invoiceLineExpandButton"), 5): Object 'Object Repository/FDR-VoucherEntry/InvoiceLine/invoiceLineExpandButton' is clickable

2020-09-15 15:03:33 - [MESSAGE][PASSED] - Object 'Object Repository/FDR-VoucherEntry/InvoiceLine/invoiceLineExpandButton' is clickable

2020-09-15 15:03:33 - [TEST_STEP][PASSED] - click(findTestObject("FDR-VoucherEntry/InvoiceLine/invoiceLineExpandButton")): Object: 'Object Repository/FDR-VoucherEntry/InvoiceLine/invoiceLineExpandButton' is clicked on

2020-09-15 15:03:34 - [MESSAGE][PASSED] - Object: 'Object Repository/FDR-VoucherEntry/InvoiceLine/invoiceLineExpandButton' is clicked on

2020-09-15 15:03:34 - [TEST_STEP][PASSED] - waitForElementPresent(findTestObject("FDR-Dashboard/createNewVoucherButton"), 4): Object 'Object Repository/FDR-Dashboard/createNewVoucherButton' is not present after 4 second(s)

2020-09-15 15:03:39 - [MESSAGE][INFO] - Unable to find the element located by 'By.xpath: //*[@data-id='button-link']//*[contains(text(),'Create New Voucher')]'. Please recheck the objects properties to make sure the desired element is located. 

2020-09-15 15:03:39 - [MESSAGE][WARNING] - Object 'Object Repository/FDR-Dashboard/createNewVoucherButton' is not present after 4 second(s)

2020-09-15 15:03:39 - [TEST_STEP][PASSED] - click(findTestObject("FDR-VoucherEntry/InvoiceLine/invoiceAddlineButton")): Object: 'Object Repository/FDR-VoucherEntry/InvoiceLine/invoiceAddlineButton' is clicked on

2020-09-15 15:03:39 - [MESSAGE][PASSED] - Object: 'Object Repository/FDR-VoucherEntry/InvoiceLine/invoiceAddlineButton' is clicked on

2020-09-15 15:03:39 - [TEST_STEP][PASSED] - Uifunctions.createDistributionLines(1, "Voucher/FDR-DL"): Object: 'Object Repository/FDR-VoucherEntry/DistributionLine/addSaveButton' is clicked on

2020-09-15 15:03:43 - [MESSAGE][INFO] - Unable to find the element located by 'By.xpath: //*[@data-id='button-link']//*[contains(text(),'Create New Voucher')]'. Please recheck the objects properties to make sure the desired element is located. 

2020-09-15 15:03:43 - [MESSAGE][WARNING] - Object 'Object Repository/FDR-Dashboard/createNewVoucherButton' is not present after 3 second(s)

2020-09-15 15:03:46 - [MESSAGE][INFO] - Unable to find the element located by 'By.xpath: //*[@data-id='button-link']//*[contains(text(),'Create New Voucher')]'. Please recheck the objects properties to make sure the desired element is located. 

2020-09-15 15:03:46 - [MESSAGE][WARNING] - Object 'Object Repository/FDR-Dashboard/createNewVoucherButton' is not present after 2 second(s)

2020-09-15 15:03:47 - [MESSAGE][PASSED] - Object 'Object Repository/FDR-VoucherEntry/DistributionLine/serviceDateFrom' is clickable

2020-09-15 15:03:47 - [MESSAGE][PASSED] - Object: 'Object Repository/FDR-VoucherEntry/DistributionLine/serviceDateFrom' is clicked on

2020-09-15 15:03:47 - [MESSAGE][PASSED] - Object 'Object Repository/FDR-VoucherEntry/DistributionLine/serviceDateFrom' is present

2020-09-15 15:03:48 - [MESSAGE][PASSED] - Text '08/04/2020' is set on object 'Object Repository/FDR-VoucherEntry/DistributionLine/serviceDateFrom'

2020-09-15 15:03:48 - [MESSAGE][PASSED] - Object: 'Object Repository/FDR-VoucherEntry/DistributionLine/serviceDateTo' is clicked on

2020-09-15 15:03:49 - [MESSAGE][PASSED] - Object 'Object Repository/FDR-VoucherEntry/DistributionLine/serviceDateTo' is present

2020-09-15 15:03:49 - [MESSAGE][PASSED] - Text '08/05/2020' is set on object 'Object Repository/FDR-VoucherEntry/DistributionLine/serviceDateTo'

2020-09-15 15:03:53 - [MESSAGE][INFO] - Unable to find the element located by 'By.xpath: //*[@data-id='button-link']//*[contains(text(),'Create New Voucher')]'. Please recheck the objects properties to make sure the desired element is located. 

2020-09-15 15:03:53 - [MESSAGE][WARNING] - Object 'Object Repository/FDR-Dashboard/createNewVoucherButton' is not present after 2 second(s)

2020-09-15 15:03:53 - [MESSAGE][PASSED] - Object: 'Object Repository/FDR-VoucherEntry/DistributionLine/amount' is clicked on

2020-09-15 15:03:53 - [MESSAGE][PASSED] - Execute JavaScript 'arguments[0].value='';' successfully

2020-09-15 15:03:54 - [MESSAGE][PASSED] - Keys '100' sent to object: 'Object Repository/FDR-VoucherEntry/DistributionLine/amount'

2020-09-15 15:03:56 - [MESSAGE][INFO] - Unable to find the element located by 'By.xpath: //*[@data-id='button-link']//*[contains(text(),'Create New Voucher')]'. Please recheck the objects properties to make sure the desired element is located. 

2020-09-15 15:03:56 - [MESSAGE][WARNING] - Object 'Object Repository/FDR-Dashboard/createNewVoucherButton' is not present after 1 second(s)

2020-09-15 15:03:56 - [MESSAGE][PASSED] - Object: 'Object Repository/FDR-VoucherEntry/DistributionLine/waiverType' is clicked on

2020-09-15 15:03:58 - [MESSAGE][INFO] - Unable to find the element located by 'By.xpath: //*[@data-id='button-link']//*[contains(text(),'Create New Voucher')]'. Please recheck the objects properties to make sure the desired element is located. 

2020-09-15 15:03:58 - [MESSAGE][WARNING] - Object 'Object Repository/FDR-Dashboard/createNewVoucherButton' is not present after 1 second(s)

2020-09-15 15:03:59 - [MESSAGE][PASSED] - Keys '1115' sent to object: 'Object Repository/FDR-VoucherEntry/DistributionLine/waiverType'

2020-09-15 15:04:02 - [MESSAGE][INFO] - Unable to find the element located by 'By.xpath: //*[@data-id='button-link']//*[contains(text(),'Create New Voucher')]'. Please recheck the objects properties to make sure the desired element is located. 

2020-09-15 15:04:02 - [MESSAGE][WARNING] - Object 'Object Repository/FDR-Dashboard/createNewVoucherButton' is not present after 2 second(s)

2020-09-15 15:04:02 - [MESSAGE][PASSED] - Keys 'DOWN + ENTER + ' sent to object: 'Object Repository/FDR-VoucherEntry/DistributionLine/waiverType'

2020-09-15 15:04:03 - [MESSAGE][PASSED] - Object: 'Object Repository/FDR-VoucherEntry/DistributionLine/waiverName' is clicked on

2020-09-15 15:04:03 - [MESSAGE][PASSED] - Keys 'CBAS' sent to object: 'Object Repository/FDR-VoucherEntry/DistributionLine/waiverName'

2020-09-15 15:04:06 - [MESSAGE][INFO] - Unable to find the element located by 'By.xpath: //*[@data-id='button-link']//*[contains(text(),'Create New Voucher')]'. Please recheck the objects properties to make sure the desired element is located. 

2020-09-15 15:04:06 - [MESSAGE][WARNING] - Object 'Object Repository/FDR-Dashboard/createNewVoucherButton' is not present after 2 second(s)

2020-09-15 15:04:07 - [MESSAGE][PASSED] - Keys 'DOWN + ENTER + ' sent to object: 'Object Repository/FDR-VoucherEntry/DistributionLine/waiverName'

2020-09-15 15:04:07 - [MESSAGE][PASSED] - Object: 'Object Repository/FDR-VoucherEntry/DistributionLine/fundingSource' is clicked on

2020-09-15 15:04:08 - [MESSAGE][PASSED] - Keys 'Dental' sent to object: 'Object Repository/FDR-VoucherEntry/DistributionLine/fundingSource'

2020-09-15 15:04:11 - [MESSAGE][INFO] - Unable to find the element located by 'By.xpath: //*[@data-id='button-link']//*[contains(text(),'Create New Voucher')]'. Please recheck the objects properties to make sure the desired element is located. 

2020-09-15 15:04:11 - [MESSAGE][WARNING] - Object 'Object Repository/FDR-Dashboard/createNewVoucherButton' is not present after 2 second(s)

2020-09-15 15:04:11 - [MESSAGE][PASSED] - Keys 'DOWN + ENTER + ' sent to object: 'Object Repository/FDR-VoucherEntry/DistributionLine/fundingSource'

2020-09-15 15:04:12 - [MESSAGE][PASSED] - Object: 'Object Repository/FDR-VoucherEntry/DistributionLine/fundRatio' is clicked on

2020-09-15 15:04:12 - [MESSAGE][PASSED] - Keys '90/10' sent to object: 'Object Repository/FDR-VoucherEntry/DistributionLine/fundRatio'

2020-09-15 15:04:15 - [MESSAGE][INFO] - Unable to find the element located by 'By.xpath: //*[@data-id='button-link']//*[contains(text(),'Create New Voucher')]'. Please recheck the objects properties to make sure the desired element is located. 

2020-09-15 15:04:15 - [MESSAGE][WARNING] - Object 'Object Repository/FDR-Dashboard/createNewVoucherButton' is not present after 2 second(s)

2020-09-15 15:04:16 - [MESSAGE][PASSED] - Keys 'DOWN + ENTER + ' sent to object: 'Object Repository/FDR-VoucherEntry/DistributionLine/fundRatio'

2020-09-15 15:04:16 - [MESSAGE][PASSED] - Object: 'Object Repository/FDR-VoucherEntry/DistributionLine/nonFederalFund' is clicked on

2020-09-15 15:04:17 - [MESSAGE][PASSED] - Keys '0001' sent to object: 'Object Repository/FDR-VoucherEntry/DistributionLine/nonFederalFund'

2020-09-15 15:04:20 - [MESSAGE][INFO] - Unable to find the element located by 'By.xpath: //*[@data-id='button-link']//*[contains(text(),'Create New Voucher')]'. Please recheck the objects properties to make sure the desired element is located. 

2020-09-15 15:04:20 - [MESSAGE][WARNING] - Object 'Object Repository/FDR-Dashboard/createNewVoucherButton' is not present after 2 second(s)

2020-09-15 15:04:20 - [MESSAGE][PASSED] - Keys 'DOWN + ENTER + ' sent to object: 'Object Repository/FDR-VoucherEntry/DistributionLine/nonFederalFund'

2020-09-15 15:04:21 - [MESSAGE][PASSED] - Object: 'Object Repository/FDR-VoucherEntry/DistributionLine/account' is clicked on

2020-09-15 15:04:21 - [MESSAGE][PASSED] - Keys '5442000' sent to object: 'Object Repository/FDR-VoucherEntry/DistributionLine/account'

2020-09-15 15:04:22 - [MESSAGE][PASSED] - Keys 'DOWN + ENTER + ' sent to object: 'Object Repository/FDR-VoucherEntry/DistributionLine/account'

2020-09-15 15:04:23 - [MESSAGE][PASSED] - Object: 'Object Repository/FDR-VoucherEntry/DistributionLine/altAccount' is clicked on

2020-09-15 15:04:23 - [MESSAGE][PASSED] - Keys '5442000' sent to object: 'Object Repository/FDR-VoucherEntry/DistributionLine/altAccount'

2020-09-15 15:04:23 - [MESSAGE][PASSED] - Object 'Object Repository/FDR-VoucherEntry/DistributionLine/altAccount' is present

2020-09-15 15:04:24 - [MESSAGE][PASSED] - Keys 'DOWN + ENTER + ' sent to object: 'Object Repository/FDR-VoucherEntry/DistributionLine/altAccount'

2020-09-15 15:04:24 - [MESSAGE][PASSED] - Object: 'Object Repository/FDR-VoucherEntry/DistributionLine/serviceCategory' is clicked on

2020-09-15 15:04:27 - [MESSAGE][INFO] - Unable to find the element located by 'By.xpath: //*[@data-id='button-link']//*[contains(text(),'Create New Voucher')]'. Please recheck the objects properties to make sure the desired element is located. 

2020-09-15 15:04:27 - [MESSAGE][WARNING] - Object 'Object Repository/FDR-Dashboard/createNewVoucherButton' is not present after 2 second(s)

2020-09-15 15:04:28 - [MESSAGE][PASSED] - Keys '18B1' sent to object: 'Object Repository/FDR-VoucherEntry/DistributionLine/serviceCategory'

2020-09-15 15:04:28 - [MESSAGE][PASSED] - Keys 'DOWN + ENTER + ' sent to object: 'Object Repository/FDR-VoucherEntry/DistributionLine/serviceCategory'

2020-09-15 15:04:29 - [MESSAGE][PASSED] - Object: 'Object Repository/FDR-VoucherEntry/DistributionLine/incDecLine' is clicked on

2020-09-15 15:04:29 - [MESSAGE][PASSED] - Keys '8: Adjustments and corrections' sent to object: 'Object Repository/FDR-VoucherEntry/DistributionLine/incDecLine'

2020-09-15 15:04:30 - [MESSAGE][PASSED] - Keys 'DOWN + ENTER + ' sent to object: 'Object Repository/FDR-VoucherEntry/DistributionLine/incDecLine'

2020-09-15 15:04:32 - [MESSAGE][INFO] - Unable to find the element located by 'By.xpath: //*[@data-id='button-link']//*[contains(text(),'Create New Voucher')]'. Please recheck the objects properties to make sure the desired element is located. 

2020-09-15 15:04:32 - [MESSAGE][WARNING] - Object 'Object Repository/FDR-Dashboard/createNewVoucherButton' is not present after 1 second(s)

2020-09-15 15:04:32 - [MESSAGE][PASSED] - Object: 'Object Repository/FDR-VoucherEntry/DistributionLine/index' is clicked on

2020-09-15 15:04:33 - [MESSAGE][PASSED] - Keys '1155' sent to object: 'Object Repository/FDR-VoucherEntry/DistributionLine/index'

2020-09-15 15:04:33 - [MESSAGE][PASSED] - Keys 'DOWN + ENTER + ' sent to object: 'Object Repository/FDR-VoucherEntry/DistributionLine/index'

2020-09-15 15:04:34 - [MESSAGE][PASSED] - Object: 'Object Repository/FDR-VoucherEntry/DistributionLine/addSaveButton' is clicked on

2020-09-15 15:04:34 - [MESSAGE][PASSED] - Call Test Case 'Test Cases/WEB-UI-TESTS/Voucher/FDR-Create-Simple-Voucher' successfully

2020-09-15 15:04:34 - [TEST_STEP][PASSED] - waitForElementPresent(findTestObject("FDR-VoucherEntry/VoucherHeader/reviewButton"), 5): Object 'Object Repository/FDR-VoucherEntry/VoucherHeader/reviewButton' is present

2020-09-15 15:04:35 - [MESSAGE][PASSED] - Object 'Object Repository/FDR-VoucherEntry/VoucherHeader/reviewButton' is present

2020-09-15 15:04:35 - [TEST_STEP][PASSED] - voucherDrawDate = getText(findTestObject("FDR-VoucherEntry/VoucherHeader/drawDate")): Text of object 'Object Repository/FDR-VoucherEntry/VoucherHeader/drawDate' is: '10/05/2020'

2020-09-15 15:04:35 - [MESSAGE][PASSED] - Text of object 'Object Repository/FDR-VoucherEntry/VoucherHeader/drawDate' is: '10/05/2020'

2020-09-15 15:04:35 - [TEST_STEP][PASSED] - Uifunctions.createInvoiceLine(1): Object 'Object Repository/FDR-VoucherEntry/VoucherHeader/reviewButton' is present

2020-09-15 15:04:36 - [MESSAGE][PASSED] - Object 'Object Repository/FDR-VoucherEntry/VoucherHeader/reviewButton' is present

2020-09-15 15:04:39 - [MESSAGE][INFO] - Unable to find the element located by 'By.xpath: //*[contains(text(),'Add voucher')]//parent::button'. Please recheck the objects properties to make sure the desired element is located. 

2020-09-15 15:04:39 - [MESSAGE][WARNING] - Object 'Object Repository/FDR-VoucherEntry/InvoiceLine/addVoucherButton' is not present after 2 second(s)

2020-09-15 15:04:39 - [MESSAGE][PASSED] - Object 'Object Repository/FDR-VoucherEntry/InvoiceLine/invoice' is clickable

2020-09-15 15:04:39 - [MESSAGE][PASSED] - Object: 'Object Repository/FDR-VoucherEntry/InvoiceLine/invoice' is clicked on

2020-09-15 15:04:40 - [MESSAGE][PASSED] - Text '4440' is set on object 'Object Repository/FDR-VoucherEntry/InvoiceLine/invoice'

2020-09-15 15:04:41 - [MESSAGE][PASSED] - Object: 'Object Repository/FDR-VoucherEntry/InvoiceLine/invoiceDate' is clicked on

2020-09-15 15:04:41 - [MESSAGE][PASSED] - Object 'Object Repository/FDR-VoucherEntry/InvoiceLine/invoiceDate' is present

2020-09-15 15:04:42 - [MESSAGE][PASSED] - Text '09/15/2020' is set on object 'Object Repository/FDR-VoucherEntry/InvoiceLine/invoiceDate'

2020-09-15 15:04:42 - [MESSAGE][PASSED] - Object: 'Object Repository/FDR-VoucherEntry/InvoiceLine/originalWarrantDate' is clicked on

2020-09-15 15:04:43 - [MESSAGE][PASSED] - Text '09/16/2020' is set on object 'Object Repository/FDR-VoucherEntry/InvoiceLine/originalWarrantDate'

2020-09-15 15:04:43 - [MESSAGE][PASSED] - Object 'Object Repository/FDR-VoucherEntry/InvoiceLine/addInvoiceLineButton' is present

2020-09-15 15:04:44 - [MESSAGE][PASSED] - Object: 'Object Repository/FDR-VoucherEntry/InvoiceLine/addInvoiceLineButtonIndex2' is clicked on

2020-09-15 15:04:44 - [MESSAGE][PASSED] - Object 'Object Repository/FDR-VoucherEntry/VoucherHeader/reviewButton' is present

2020-09-15 15:04:44 - [TEST_STEP][PASSED] - processorVoucherNumber = getText(findTestObject("FDR-VoucherEntry/VoucherHeader/voucherNum")): Text of object 'Object Repository/FDR-VoucherEntry/VoucherHeader/voucherNum' is: 'CAP00000378'

2020-09-15 15:04:45 - [MESSAGE][PASSED] - Text of object 'Object Repository/FDR-VoucherEntry/VoucherHeader/voucherNum' is: 'CAP00000378'

2020-09-15 15:04:45 - [TEST_STEP][PASSED] - waitForElementPresent(findTestObject("FDR-Dashboard/createNewVoucherButton"), 4): Object 'Object Repository/FDR-Dashboard/createNewVoucherButton' is not present after 4 second(s)

2020-09-15 15:04:50 - [MESSAGE][INFO] - Unable to find the element located by 'By.xpath: //*[@data-id='button-link']//*[contains(text(),'Create New Voucher')]'. Please recheck the objects properties to make sure the desired element is located. 

2020-09-15 15:04:50 - [MESSAGE][WARNING] - Object 'Object Repository/FDR-Dashboard/createNewVoucherButton' is not present after 4 second(s)

2020-09-15 15:04:50 - [TEST_STEP][PASSED] - click(findTestObject("FDR-VoucherEntry/VoucherHeader/reviewButton")): Object: 'Object Repository/FDR-VoucherEntry/VoucherHeader/reviewButton' is clicked on

2020-09-15 15:04:50 - [MESSAGE][PASSED] - Object: 'Object Repository/FDR-VoucherEntry/VoucherHeader/reviewButton' is clicked on

2020-09-15 15:04:50 - [TEST_STEP][PASSED] - waitForElementPresent(findTestObject("FDR-Dashboard/createNewVoucherButton"), 4): Object 'Object Repository/FDR-Dashboard/createNewVoucherButton' is not present after 4 second(s)

2020-09-15 15:04:55 - [MESSAGE][INFO] - Unable to find the element located by 'By.xpath: //*[@data-id='button-link']//*[contains(text(),'Create New Voucher')]'. Please recheck the objects properties to make sure the desired element is located. 

2020-09-15 15:04:55 - [MESSAGE][WARNING] - Object 'Object Repository/FDR-Dashboard/createNewVoucherButton' is not present after 4 second(s)

2020-09-15 15:04:55 - [TEST_STEP][PASSED] - click(findTestObject("FDR-Vouchers-States/Resume/submitForApproval")): Object: 'Object Repository/FDR-Vouchers-States/Resume/submitForApproval' is clicked on

2020-09-15 15:04:55 - [MESSAGE][PASSED] - Object: 'Object Repository/FDR-Vouchers-States/Resume/submitForApproval' is clicked on

2020-09-15 15:04:55 - [TEST_STEP][PASSED] - waitForElementPresent(findTestObject("FDR-Dashboard/createNewVoucherButton"), 4): Object 'Object Repository/FDR-Dashboard/createNewVoucherButton' is present

2020-09-15 15:04:56 - [MESSAGE][PASSED] - Object 'Object Repository/FDR-Dashboard/createNewVoucherButton' is present

2020-09-15 15:04:56 - [TEST_STEP][PASSED] - println(URL + "/vouchers/" + Integer.parseInt(processorVoucherNumber.split("CAP")[1]) + "/entry"): null

2020-09-15 15:04:56 - [TEST_STEP][PASSED] - navigateToUrl(URL + "/vouchers/" + Integer.parseInt(processorVoucherNumber.split("CAP")[1]) + "/entry"): Navigate to 'https://fdr-katalon.cammis-mod-dev.dhcs.ca.gov/vouchers/378/entry' successfully

2020-09-15 15:04:57 - [MESSAGE][PASSED] - Navigate to 'https://fdr-katalon.cammis-mod-dev.dhcs.ca.gov/vouchers/378/entry' successfully

2020-09-15 15:04:57 - [TEST_STEP][PASSED] - waitForElementPresent(findTestObject("FDR-Dashboard/createNewVoucherButton"), 4): Object 'Object Repository/FDR-Dashboard/createNewVoucherButton' is not present after 4 second(s)

2020-09-15 15:05:02 - [MESSAGE][INFO] - Unable to find the element located by 'By.xpath: //*[@data-id='button-link']//*[contains(text(),'Create New Voucher')]'. Please recheck the objects properties to make sure the desired element is located. 

2020-09-15 15:05:02 - [MESSAGE][WARNING] - Object 'Object Repository/FDR-Dashboard/createNewVoucherButton' is not present after 4 second(s)

2020-09-15 15:05:02 - [TEST_STEP][PASSED] - waitForElementPresent(findTestObject("FDR-Dashboard/createNewVoucherButton"), 5): Object 'Object Repository/FDR-Dashboard/createNewVoucherButton' is not present after 5 second(s)

2020-09-15 15:05:08 - [MESSAGE][INFO] - Unable to find the element located by 'By.xpath: //*[@data-id='button-link']//*[contains(text(),'Create New Voucher')]'. Please recheck the objects properties to make sure the desired element is located. 

2020-09-15 15:05:08 - [MESSAGE][WARNING] - Object 'Object Repository/FDR-Dashboard/createNewVoucherButton' is not present after 5 second(s)

2020-09-15 15:05:08 - [TEST_STEP][PASSED] - click(findTestObject("FDR-Vouchers-States/Validate/approveButton")): Object: 'Object Repository/FDR-Vouchers-States/Validate/approveButton' is clicked on

2020-09-15 15:05:09 - [MESSAGE][PASSED] - Object: 'Object Repository/FDR-Vouchers-States/Validate/approveButton' is clicked on

2020-09-15 15:05:09 - [TEST_STEP][PASSED] - waitForElementPresent(findTestObject("FDR-Dashboard/createNewVoucherButton"), 4): Object 'Object Repository/FDR-Dashboard/createNewVoucherButton' is present

2020-09-15 15:05:10 - [MESSAGE][PASSED] - Object 'Object Repository/FDR-Dashboard/createNewVoucherButton' is present

2020-09-15 15:05:10 - [TEST_STEP][PASSED] - navigateToUrl(URL + "/vouchers/" + Integer.parseInt(processorVoucherNumber.split("CAP")[1]) + "/entry"): Navigate to 'https://fdr-katalon.cammis-mod-dev.dhcs.ca.gov/vouchers/378/entry' successfully

2020-09-15 15:05:11 - [MESSAGE][PASSED] - Navigate to 'https://fdr-katalon.cammis-mod-dev.dhcs.ca.gov/vouchers/378/entry' successfully

2020-09-15 15:05:11 - [TEST_STEP][PASSED] - waitForElementPresent(findTestObject("FDR-Dashboard/createNewVoucherButton"), 3): Object 'Object Repository/FDR-Dashboard/createNewVoucherButton' is not present after 3 second(s)

2020-09-15 15:05:15 - [MESSAGE][INFO] - Unable to find the element located by 'By.xpath: //*[@data-id='button-link']//*[contains(text(),'Create New Voucher')]'. Please recheck the objects properties to make sure the desired element is located. 

2020-09-15 15:05:15 - [MESSAGE][WARNING] - Object 'Object Repository/FDR-Dashboard/createNewVoucherButton' is not present after 3 second(s)

2020-09-15 15:05:15 - [TEST_STEP][PASSED] - click(findTestObject("FDR-Vouchers-States/Print/printCMIAForm")): Object: 'Object Repository/FDR-Vouchers-States/Print/printCMIAForm' is clicked on

2020-09-15 15:05:15 - [MESSAGE][PASSED] - Object: 'Object Repository/FDR-Vouchers-States/Print/printCMIAForm' is clicked on

2020-09-15 15:05:15 - [TEST_STEP][PASSED] - waitForElementPresent(findTestObject("FDR-Dashboard/createNewVoucherButton"), 3): Object 'Object Repository/FDR-Dashboard/createNewVoucherButton' is not present after 3 second(s)

2020-09-15 15:05:20 - [MESSAGE][INFO] - Unable to find the element located by 'By.xpath: //*[@data-id='button-link']//*[contains(text(),'Create New Voucher')]'. Please recheck the objects properties to make sure the desired element is located. 

2020-09-15 15:05:20 - [MESSAGE][WARNING] - Object 'Object Repository/FDR-Dashboard/createNewVoucherButton' is not present after 3 second(s)

2020-09-15 15:05:20 - [TEST_STEP][PASSED] - driver = getWebDriver(): null

2020-09-15 15:05:20 - [TEST_STEP][PASSED] - switchTo().window(driver.getWindowHandle()): null

2020-09-15 15:05:20 - [TEST_STEP][PASSED] - waitForElementPresent(findTestObject("FDR-Dashboard/createNewVoucherButton"), 3): Object 'Object Repository/FDR-Dashboard/createNewVoucherButton' is not present after 3 second(s)

2020-09-15 15:05:24 - [MESSAGE][INFO] - Unable to find the element located by 'By.xpath: //*[@data-id='button-link']//*[contains(text(),'Create New Voucher')]'. Please recheck the objects properties to make sure the desired element is located. 

2020-09-15 15:05:24 - [MESSAGE][WARNING] - Object 'Object Repository/FDR-Dashboard/createNewVoucherButton' is not present after 3 second(s)

2020-09-15 15:05:24 - [TEST_STEP][PASSED] - click(findTestObject("FDR-Vouchers-States/Print/printFaceSheet")): Object: 'Object Repository/FDR-Vouchers-States/Print/printFaceSheet' is clicked on

2020-09-15 15:05:24 - [MESSAGE][PASSED] - Object: 'Object Repository/FDR-Vouchers-States/Print/printFaceSheet' is clicked on

2020-09-15 15:05:24 - [TEST_STEP][PASSED] - waitForElementPresent(findTestObject("FDR-Dashboard/createNewVoucherButton"), 3): Object 'Object Repository/FDR-Dashboard/createNewVoucherButton' is not present after 3 second(s)

2020-09-15 15:05:30 - [MESSAGE][INFO] - Unable to find the element located by 'By.xpath: //*[@data-id='button-link']//*[contains(text(),'Create New Voucher')]'. Please recheck the objects properties to make sure the desired element is located. 

2020-09-15 15:05:30 - [MESSAGE][WARNING] - Object 'Object Repository/FDR-Dashboard/createNewVoucherButton' is not present after 3 second(s)

2020-09-15 15:05:30 - [TEST_STEP][PASSED] - switchTo().window(driver.getWindowHandle()): null

2020-09-15 15:05:30 - [TEST_STEP][PASSED] - waitForElementPresent(findTestObject("FDR-Dashboard/createNewVoucherButton"), 3): Object 'Object Repository/FDR-Dashboard/createNewVoucherButton' is not present after 3 second(s)

2020-09-15 15:05:34 - [MESSAGE][INFO] - Unable to find the element located by 'By.xpath: //*[@data-id='button-link']//*[contains(text(),'Create New Voucher')]'. Please recheck the objects properties to make sure the desired element is located. 

2020-09-15 15:05:34 - [MESSAGE][WARNING] - Object 'Object Repository/FDR-Dashboard/createNewVoucherButton' is not present after 3 second(s)

2020-09-15 15:05:34 - [TEST_STEP][PASSED] - click(findTestObject("FDR-Vouchers-States/Print/printRA")): Object: 'Object Repository/FDR-Vouchers-States/Print/printRA' is clicked on

2020-09-15 15:05:34 - [MESSAGE][PASSED] - Object: 'Object Repository/FDR-Vouchers-States/Print/printRA' is clicked on

2020-09-15 15:05:34 - [TEST_STEP][PASSED] - waitForElementPresent(findTestObject("FDR-Dashboard/createNewVoucherButton"), 5): Object 'Object Repository/FDR-Dashboard/createNewVoucherButton' is not present after 5 second(s)

2020-09-15 15:05:40 - [MESSAGE][INFO] - Unable to find the element located by 'By.xpath: //*[@data-id='button-link']//*[contains(text(),'Create New Voucher')]'. Please recheck the objects properties to make sure the desired element is located. 

2020-09-15 15:05:40 - [MESSAGE][WARNING] - Object 'Object Repository/FDR-Dashboard/createNewVoucherButton' is not present after 5 second(s)

2020-09-15 15:05:40 - [TEST_STEP][PASSED] - click(findTestObject("FDR-Vouchers-States/Print/bankInfoTextArea")): Object: 'Object Repository/FDR-Vouchers-States/Print/bankInfoTextArea' is clicked on

2020-09-15 15:05:41 - [MESSAGE][PASSED] - Object: 'Object Repository/FDR-Vouchers-States/Print/bankInfoTextArea' is clicked on

2020-09-15 15:05:41 - [TEST_STEP][PASSED] - bankInfoText = "Bank Information this will provide bank detail 
 Bank Information this will provide bank detail 
 Bank Information this will provide bank detail 
 Bank Information this will provide bank detail 
 Bank Information this will provide bank detail": null

2020-09-15 15:05:41 - [TEST_STEP][PASSED] - setText(findTestObject("FDR-Vouchers-States/Print/bankInfoTextArea"), bankInfoText): Text 'Bank Information this will provide bank detail 
 Bank Information this will provide bank detail 
 Bank Information this will provide bank detail 
 Bank Information this will provide bank detail 
 Bank Information this will provide bank detail' is set on object 'Object Repository/FDR-Vouchers-States/Print/bankInfoTextArea'

2020-09-15 15:05:43 - [MESSAGE][PASSED] - Text 'Bank Information this will provide bank detail 
 Bank Information this will provide bank detail 
 Bank Information this will provide bank detail 
 Bank Information this will provide bank detail 
 Bank Information this will provide bank detail' is set on object 'Object Repository/FDR-Vouchers-States/Print/bankInfoTextArea'

2020-09-15 15:05:43 - [TEST_STEP][PASSED] - waitForElementPresent(findTestObject("FDR-Dashboard/createNewVoucherButton"), 2): Object 'Object Repository/FDR-Dashboard/createNewVoucherButton' is not present after 2 second(s)

2020-09-15 15:05:46 - [MESSAGE][INFO] - Unable to find the element located by 'By.xpath: //*[@data-id='button-link']//*[contains(text(),'Create New Voucher')]'. Please recheck the objects properties to make sure the desired element is located. 

2020-09-15 15:05:46 - [MESSAGE][WARNING] - Object 'Object Repository/FDR-Dashboard/createNewVoucherButton' is not present after 2 second(s)

2020-09-15 15:05:46 - [TEST_STEP][PASSED] - click(findTestObject("FDR-Vouchers-States/Print/bankInfoSubmit")): Object: 'Object Repository/FDR-Vouchers-States/Print/bankInfoSubmit' is clicked on

2020-09-15 15:05:47 - [MESSAGE][PASSED] - Object: 'Object Repository/FDR-Vouchers-States/Print/bankInfoSubmit' is clicked on

2020-09-15 15:05:47 - [TEST_STEP][PASSED] - waitForElementPresent(findTestObject("FDR-Dashboard/createNewVoucherButton"), 2): Object 'Object Repository/FDR-Dashboard/createNewVoucherButton' is not present after 2 second(s)

2020-09-15 15:05:50 - [MESSAGE][INFO] - Unable to find the element located by 'By.xpath: //*[@data-id='button-link']//*[contains(text(),'Create New Voucher')]'. Please recheck the objects properties to make sure the desired element is located. 

2020-09-15 15:05:50 - [MESSAGE][WARNING] - Object 'Object Repository/FDR-Dashboard/createNewVoucherButton' is not present after 2 second(s)

2020-09-15 15:05:50 - [TEST_STEP][PASSED] - verifyElementPresent(findTestObject("FDR-Vouchers-States/Print/bankInfoErrorMessage"), 1, STOP_ON_FAILURE): Object 'Object Repository/FDR-Vouchers-States/Print/bankInfoErrorMessage' is present

2020-09-15 15:05:50 - [MESSAGE][PASSED] - Object 'Object Repository/FDR-Vouchers-States/Print/bankInfoErrorMessage' is present

2020-09-15 15:05:50 - [TEST_STEP][PASSED] - waitForElementPresent(findTestObject("FDR-Dashboard/createNewVoucherButton"), 2): Object 'Object Repository/FDR-Dashboard/createNewVoucherButton' is not present after 2 second(s)

2020-09-15 15:05:53 - [MESSAGE][INFO] - Unable to find the element located by 'By.xpath: //*[@data-id='button-link']//*[contains(text(),'Create New Voucher')]'. Please recheck the objects properties to make sure the desired element is located. 

2020-09-15 15:05:53 - [MESSAGE][WARNING] - Object 'Object Repository/FDR-Dashboard/createNewVoucherButton' is not present after 2 second(s)

2020-09-15 15:05:53 - [TEST_STEP][PASSED] - click(findTestObject("FDR-Vouchers-States/Print/bankInfoCancel")): Object: 'Object Repository/FDR-Vouchers-States/Print/bankInfoCancel' is clicked on

2020-09-15 15:05:53 - [MESSAGE][PASSED] - Object: 'Object Repository/FDR-Vouchers-States/Print/bankInfoCancel' is clicked on

2020-09-15 15:05:53 - [TEST_STEP][PASSED] - waitForElementPresent(findTestObject("FDR-Dashboard/createNewVoucherButton"), 5): Object 'Object Repository/FDR-Dashboard/createNewVoucherButton' is not present after 5 second(s)

2020-09-15 15:06:00 - [MESSAGE][INFO] - Unable to find the element located by 'By.xpath: //*[@data-id='button-link']//*[contains(text(),'Create New Voucher')]'. Please recheck the objects properties to make sure the desired element is located. 

2020-09-15 15:06:00 - [MESSAGE][WARNING] - Object 'Object Repository/FDR-Dashboard/createNewVoucherButton' is not present after 5 second(s)

2020-09-15 15:06:00 - [TEST_STEP][PASSED] - click(findTestObject("FDR-Vouchers-States/Print/printRA")): Object: 'Object Repository/FDR-Vouchers-States/Print/printRA' is clicked on

2020-09-15 15:06:00 - [MESSAGE][PASSED] - Object: 'Object Repository/FDR-Vouchers-States/Print/printRA' is clicked on

2020-09-15 15:06:00 - [TEST_STEP][PASSED] - waitForElementPresent(findTestObject("FDR-Dashboard/createNewVoucherButton"), 3): Object 'Object Repository/FDR-Dashboard/createNewVoucherButton' is not present after 3 second(s)

2020-09-15 15:06:04 - [MESSAGE][INFO] - Unable to find the element located by 'By.xpath: //*[@data-id='button-link']//*[contains(text(),'Create New Voucher')]'. Please recheck the objects properties to make sure the desired element is located. 

2020-09-15 15:06:04 - [MESSAGE][WARNING] - Object 'Object Repository/FDR-Dashboard/createNewVoucherButton' is not present after 3 second(s)

2020-09-15 15:06:04 - [TEST_STEP][PASSED] - click(findTestObject("FDR-Vouchers-States/Print/bankInfoTextArea")): Object: 'Object Repository/FDR-Vouchers-States/Print/bankInfoTextArea' is clicked on

2020-09-15 15:06:04 - [MESSAGE][PASSED] - Object: 'Object Repository/FDR-Vouchers-States/Print/bankInfoTextArea' is clicked on

2020-09-15 15:06:04 - [TEST_STEP][PASSED] - waitForElementPresent(findTestObject("FDR-Dashboard/createNewVoucherButton"), 1): Object 'Object Repository/FDR-Dashboard/createNewVoucherButton' is not present after 1 second(s)

2020-09-15 15:06:07 - [MESSAGE][INFO] - Unable to find the element located by 'By.xpath: //*[@data-id='button-link']//*[contains(text(),'Create New Voucher')]'. Please recheck the objects properties to make sure the desired element is located. 

2020-09-15 15:06:07 - [MESSAGE][WARNING] - Object 'Object Repository/FDR-Dashboard/createNewVoucherButton' is not present after 1 second(s)

2020-09-15 15:06:07 - [TEST_STEP][PASSED] - setText(findTestObject("FDR-Vouchers-States/Print/bankInfoTextArea"), "Bank Information this will provide bank"): Text 'Bank Information this will provide bank' is set on object 'Object Repository/FDR-Vouchers-States/Print/bankInfoTextArea'

2020-09-15 15:06:07 - [MESSAGE][PASSED] - Text 'Bank Information this will provide bank' is set on object 'Object Repository/FDR-Vouchers-States/Print/bankInfoTextArea'

2020-09-15 15:06:07 - [TEST_STEP][PASSED] - click(findTestObject("FDR-Vouchers-States/Print/bankInfoSubmit")): Object: 'Object Repository/FDR-Vouchers-States/Print/bankInfoSubmit' is clicked on

2020-09-15 15:06:08 - [MESSAGE][PASSED] - Object: 'Object Repository/FDR-Vouchers-States/Print/bankInfoSubmit' is clicked on

2020-09-15 15:06:08 - [TEST_STEP][PASSED] - waitForElementPresent(findTestObject("FDR-Dashboard/createNewVoucherButton"), 5): Object 'Object Repository/FDR-Dashboard/createNewVoucherButton' is not present after 5 second(s)

2020-09-15 15:06:16 - [MESSAGE][INFO] - Unable to find the element located by 'By.xpath: //*[@data-id='button-link']//*[contains(text(),'Create New Voucher')]'. Please recheck the objects properties to make sure the desired element is located. 

2020-09-15 15:06:16 - [MESSAGE][WARNING] - Object 'Object Repository/FDR-Dashboard/createNewVoucherButton' is not present after 5 second(s)

2020-09-15 15:06:16 - [TEST_STEP][PASSED] - switchTo().window(driver.getWindowHandle()): null

2020-09-15 15:06:16 - [TEST_STEP][PASSED] - waitForElementPresent(findTestObject("FDR-Dashboard/createNewVoucherButton"), 2): Object 'Object Repository/FDR-Dashboard/createNewVoucherButton' is not present after 2 second(s)

2020-09-15 15:06:19 - [MESSAGE][INFO] - Unable to find the element located by 'By.xpath: //*[@data-id='button-link']//*[contains(text(),'Create New Voucher')]'. Please recheck the objects properties to make sure the desired element is located. 

2020-09-15 15:06:19 - [MESSAGE][WARNING] - Object 'Object Repository/FDR-Dashboard/createNewVoucherButton' is not present after 2 second(s)

2020-09-15 15:06:19 - [TEST_STEP][PASSED] - click(findTestObject("FDR-Vouchers-States/Print/allFormsPrintButton")): Object: 'Object Repository/FDR-Vouchers-States/Print/allFormsPrintButton' is clicked on

2020-09-15 15:06:19 - [MESSAGE][PASSED] - Object: 'Object Repository/FDR-Vouchers-States/Print/allFormsPrintButton' is clicked on

2020-09-15 15:06:19 - [TEST_STEP][PASSED] - values = [voucherDrawDate, processorVoucherNumber]: null

2020-09-15 15:06:19 - [TEST_STEP][PASSED] - return voucherDrawDate: null

2020-09-15 15:06:19 - [TEST_STEP][PASSED] - Start tear down : tearDownTestCase: Method 'tearDownTestCase' complete successfully

2020-09-15 15:06:19 - [MESSAGE][PASSED] - Method 'tearDownTestCase' complete successfully

2020-09-15 15:06:19 - [TEST_STEP][PASSED] - Start listener action : sampleAfterTestCase: null

2020-09-15 15:06:19 - [TEST_STEP][PASSED] - profileName = getExecutionProfile(): null

2020-09-15 15:06:19 - [TEST_STEP][PASSED] - switch (profileName): null

2020-09-15 15:06:19 - [TEST_STEP][PASSED] - case "superUser":: null

2020-09-15 15:06:19 - [TEST_STEP][PASSED] - return null: null

2020-09-15 15:06:19 - [TEST_STEP][PASSED] - Start listener action : afterTestCase: null

2020-09-15 15:06:19 - [TEST_STEP][PASSED] - profileName = getExecutionProfile(): null

2020-09-15 15:06:19 - [TEST_STEP][PASSED] - if (profileName.equalsIgnoreCase("SysAdmin")): null

2020-09-15 15:06:19 - [TEST_STEP][PASSED] - Start listener action : sampleAfterTestCase: null

2020-09-15 15:06:19 - [TEST_STEP][PASSED] - profileName = getExecutionProfile(): null

2020-09-15 15:06:19 - [TEST_STEP][PASSED] - switch (profileName): null

2020-09-15 15:06:19 - [TEST_STEP][PASSED] - case "Voucher":: null

2020-09-15 15:06:19 - [TEST_STEP][PASSED] - Uifunctions.logoutFDR(): Browser is closed

2020-09-15 15:06:20 - [MESSAGE][PASSED] - Browser is closed

2020-09-15 15:06:20 - [TEST_STEP][PASSED] - break: null

2020-09-15 15:06:20 - [TEST_STEP][PASSED] - Start listener action : addFailedTCToList: null]]></system-out>
         <system-err><![CDATA[]]></system-err>
      </testcase>
      <testcase name="Test Cases/WEB-UI-TESTS/Voucher/FDR-Validate-OverRide-Icon" time="139.883" classname="Test Cases/WEB-UI-TESTS/Voucher/FDR-Validate-OverRide-Icon" status="PASSED">
         <system-out><![CDATA[2020-09-15 15:06:20 - [TEST_CASE][PASSED] - Test Cases/WEB-UI-TESTS/Voucher/FDR-Validate-OverRide-Icon: Test Cases/WEB-UI-TESTS/Voucher/FDR-Validate-OverRide-Icon

2020-09-15 15:06:20 - [TEST_STEP][PASSED] - Start listener action : sampleBeforeTestCase: null

2020-09-15 15:06:20 - [TEST_STEP][PASSED] - profileName = getExecutionProfile(): null

2020-09-15 15:06:20 - [TEST_STEP][PASSED] - switch (profileName): null

2020-09-15 15:06:20 - [TEST_STEP][PASSED] - case "superUser":: null

2020-09-15 15:06:20 - [TEST_STEP][PASSED] - return null: null

2020-09-15 15:06:20 - [TEST_STEP][PASSED] - Start listener action : beforeTestCase: null

2020-09-15 15:06:20 - [TEST_STEP][PASSED] - profileName = getExecutionProfile(): null

2020-09-15 15:06:20 - [TEST_STEP][PASSED] - if (profileName.equalsIgnoreCase("SysAdmin")): null

2020-09-15 15:06:20 - [TEST_STEP][PASSED] - Start listener action : sampleBeforeTestCase: Navigate to 'https://fdr-katalon.cammis-mod-dev.dhcs.ca.gov' successfully

2020-09-15 15:06:20 - [TEST_STEP][PASSED] - profileName = getExecutionProfile(): null

2020-09-15 15:06:20 - [TEST_STEP][PASSED] - testCaseId = testCaseContext.getTestCaseId(): null

2020-09-15 15:06:20 - [TEST_STEP][PASSED] - switch (profileName): null

2020-09-15 15:06:20 - [TEST_STEP][PASSED] - case "Voucher":: null

2020-09-15 15:06:20 - [TEST_STEP][PASSED] - Uifunctions.loginFDR(accountsApproverAcc2, accountsApproverAcc2Pwd): Object: 'Object Repository/FDR-SignIn/SignInButton' is clicked on

2020-09-15 15:06:20 - [MESSAGE][INFO] - Starting 'Chrome' driver

2020-09-15 15:06:20 - [MESSAGE][INFO] - Action delay is set to 0 milliseconds

2020-09-15 15:06:23 - [MESSAGE][PASSED] - Browser is opened with url: ''

2020-09-15 15:06:25 - [MESSAGE][PASSED] - Current window maximized

2020-09-15 15:06:26 - [MESSAGE][PASSED] - Navigate to 'https://fdr-katalon.cammis-mod-dev.dhcs.ca.gov' successfully

2020-09-15 15:06:28 - [MESSAGE][PASSED] - Object 'Object Repository/FDR-SignIn/SignInEmail' is present

2020-09-15 15:06:28 - [MESSAGE][PASSED] - Object: 'Object Repository/FDR-SignIn/SignInEmail' is clicked on

2020-09-15 15:06:28 - [MESSAGE][PASSED] - Object 'Object Repository/FDR-SignIn/SignInEmail' is present

2020-09-15 15:06:29 - [MESSAGE][PASSED] - Text 'fdr.test2@dhcs.ca.gov' is set on object 'Object Repository/FDR-SignIn/SignInEmail'

2020-09-15 15:06:29 - [MESSAGE][PASSED] - Object 'Object Repository/FDR-SignIn/SignInEmailNext' is visible

2020-09-15 15:06:29 - [MESSAGE][PASSED] - Object: 'Object Repository/FDR-SignIn/SignInEmailNext' is clicked on

2020-09-15 15:06:32 - [MESSAGE][PASSED] - Object 'Object Repository/FDR-SignIn/SignInEmailPassword' is visible

2020-09-15 15:06:33 - [MESSAGE][PASSED] - Object: 'Object Repository/FDR-SignIn/SignInEmailPassword' is clicked on

2020-09-15 15:06:33 - [MESSAGE][PASSED] - Text ****** has been set on object 'Object Repository/FDR-SignIn/SignInEmailPassword'

2020-09-15 15:06:35 - [MESSAGE][PASSED] - Object: 'Object Repository/FDR-SignIn/SignInButton' is clicked on

2020-09-15 15:06:35 - [TEST_STEP][PASSED] - break: null

2020-09-15 15:06:35 - [TEST_STEP][PASSED] - navigateToUrl(URL): Navigate to 'https://fdr-katalon.cammis-mod-dev.dhcs.ca.gov' successfully

2020-09-15 15:06:35 - [MESSAGE][PASSED] - Navigate to 'https://fdr-katalon.cammis-mod-dev.dhcs.ca.gov' successfully

2020-09-15 15:06:35 - [TEST_STEP][PASSED] - Start listener action : executeRows: null

2020-09-15 15:06:35 - [TEST_STEP][PASSED] - Start setup action : setupTestCase: Method 'setupTestCase' complete successfully

2020-09-15 15:06:35 - [MESSAGE][PASSED] - Method 'setupTestCase' complete successfully

2020-09-15 15:06:35 - [TEST_STEP][PASSED] - voucherHeaderData = ["drawDate":drawDate, "payDate":payDate, "programType":programType, "invoiceType":invoiceType, "fundCode":fundCode, "supplier":supplier, ... ]: null

2020-09-15 15:06:35 - [TEST_STEP][PASSED] - Uifunctions.createVoucherHeader(voucherHeaderData): Object 'Object Repository/FDR-VoucherEntry/VoucherHeader/reviewButton' is present

2020-09-15 15:06:37 - [MESSAGE][PASSED] - Object 'Object Repository/FDR-Dashboard/createNewVoucherButton' is present

2020-09-15 15:06:38 - [MESSAGE][PASSED] - Object: 'Object Repository/FDR-Dashboard/createNewVoucherButton' is clicked on

2020-09-15 15:06:42 - [MESSAGE][INFO] - Unable to find the element located by 'By.xpath: //*[@data-id='action-button']//*[contains(text(),'Review')]'. Please recheck the objects properties to make sure the desired element is located. 

2020-09-15 15:06:42 - [MESSAGE][WARNING] - Object 'Object Repository/FDR-VoucherEntry/VoucherHeader/reviewButton' is not present after 3 second(s)

2020-09-15 15:06:42 - [MESSAGE][PASSED] - Object: 'Object Repository/FDR-VoucherEntry/Voucher/drawDate' is clicked on

2020-09-15 15:06:44 - [MESSAGE][INFO] - Unable to find the element located by 'By.xpath: //*[@data-id='button-link']//*[contains(text(),'Create New Voucher')]'. Please recheck the objects properties to make sure the desired element is located. 

2020-09-15 15:06:44 - [MESSAGE][WARNING] - Object 'Object Repository/FDR-Dashboard/createNewVoucherButton' is not present after 1 second(s)

2020-09-15 15:06:45 - [MESSAGE][PASSED] - Text '10/05/2020' is set on object 'Object Repository/FDR-VoucherEntry/Voucher/drawDate'

2020-09-15 15:06:50 - [MESSAGE][INFO] - Unable to find the element located by 'By.xpath: //*[@data-id='button-link']//*[contains(text(),'Create New Voucher')]'. Please recheck the objects properties to make sure the desired element is located. 

2020-09-15 15:06:50 - [MESSAGE][WARNING] - Object 'Object Repository/FDR-Dashboard/createNewVoucherButton' is not present after 3 second(s)

2020-09-15 15:06:50 - [MESSAGE][PASSED] - Object: 'Object Repository/FDR-VoucherEntry/Voucher/programType' is clicked on

2020-09-15 15:06:53 - [MESSAGE][INFO] - Unable to find the element located by 'By.xpath: //*[@data-id='button-link']//*[contains(text(),'Create New Voucher')]'. Please recheck the objects properties to make sure the desired element is located. 

2020-09-15 15:06:53 - [MESSAGE][WARNING] - Object 'Object Repository/FDR-Dashboard/createNewVoucherButton' is not present after 2 second(s)

2020-09-15 15:06:53 - [MESSAGE][PASSED] - Keys 'Medical Assistance (MA)' sent to object: 'Object Repository/FDR-VoucherEntry/Voucher/programType'

2020-09-15 15:06:54 - [MESSAGE][PASSED] - Object 'Object Repository/FDR-VoucherEntry/Voucher/programType' is present

2020-09-15 15:06:54 - [MESSAGE][PASSED] - Keys 'DOWN + ENTER + ' sent to object: 'Object Repository/FDR-VoucherEntry/Voucher/programType'

2020-09-15 15:06:55 - [MESSAGE][PASSED] - Object: 'Object Repository/FDR-VoucherEntry/Voucher/invoiceType' is clicked on

2020-09-15 15:06:55 - [MESSAGE][PASSED] - Object 'Object Repository/FDR-VoucherEntry/Voucher/invoiceType' is present

2020-09-15 15:06:55 - [MESSAGE][PASSED] - Keys 'CAP' sent to object: 'Object Repository/FDR-VoucherEntry/Voucher/invoiceType'

2020-09-15 15:06:56 - [MESSAGE][PASSED] - Keys 'DOWN + ENTER + ' sent to object: 'Object Repository/FDR-VoucherEntry/Voucher/invoiceType'

2020-09-15 15:06:57 - [MESSAGE][PASSED] - Object: 'Object Repository/FDR-VoucherEntry/Voucher/fundCode' is clicked on

2020-09-15 15:06:57 - [MESSAGE][PASSED] - Keys 'Health Care Deposit Fund (0912)' sent to object: 'Object Repository/FDR-VoucherEntry/Voucher/fundCode'

2020-09-15 15:06:58 - [MESSAGE][PASSED] - Object 'Object Repository/FDR-VoucherEntry/Voucher/fundCode' is present

2020-09-15 15:06:58 - [MESSAGE][PASSED] - Keys 'DOWN + ENTER + ' sent to object: 'Object Repository/FDR-VoucherEntry/Voucher/fundCode'

2020-09-15 15:06:58 - [MESSAGE][PASSED] - Object: 'Object Repository/FDR-VoucherEntry/Voucher/supplierID' is clicked on

2020-09-15 15:06:59 - [MESSAGE][PASSED] - Keys '0000007954' sent to object: 'Object Repository/FDR-VoucherEntry/Voucher/supplierID'

2020-09-15 15:06:59 - [MESSAGE][PASSED] - Object 'Object Repository/FDR-VoucherEntry/Voucher/supplierID' is present

2020-09-15 15:07:00 - [MESSAGE][PASSED] - Keys 'DOWN + ENTER + ' sent to object: 'Object Repository/FDR-VoucherEntry/Voucher/supplierID'

2020-09-15 15:07:00 - [MESSAGE][PASSED] - Object: 'Object Repository/FDR-VoucherEntry/Voucher/seqNum' is clicked on

2020-09-15 15:07:01 - [MESSAGE][PASSED] - Object 'Object Repository/FDR-VoucherEntry/Voucher/seqNum' is present

2020-09-15 15:07:01 - [MESSAGE][PASSED] - Keys 'DOWN + ENTER + ' sent to object: 'Object Repository/FDR-VoucherEntry/Voucher/seqNum'

2020-09-15 15:07:02 - [MESSAGE][PASSED] - Object: 'Object Repository/FDR-VoucherEntry/Voucher/contractNum' is clicked on

2020-09-15 15:07:02 - [MESSAGE][PASSED] - Keys '07-65707' sent to object: 'Object Repository/FDR-VoucherEntry/Voucher/contractNum'

2020-09-15 15:07:03 - [MESSAGE][PASSED] - Object 'Object Repository/FDR-VoucherEntry/Voucher/contractNum' is present

2020-09-15 15:07:03 - [MESSAGE][PASSED] - Keys 'DOWN + ENTER + ' sent to object: 'Object Repository/FDR-VoucherEntry/Voucher/contractNum'

2020-09-15 15:07:05 - [MESSAGE][PASSED] - Text 'This message will print on the Remittance Advice' is set on object 'Object Repository/FDR-VoucherEntry/Voucher/vendorMessage'

2020-09-15 15:07:06 - [MESSAGE][PASSED] - Object: 'Object Repository/FDR-VoucherEntry/Voucher/primaryContact' is clicked on

2020-09-15 15:07:06 - [MESSAGE][PASSED] - Keys 'Aung Lin' sent to object: 'Object Repository/FDR-VoucherEntry/Voucher/primaryContact'

2020-09-15 15:07:07 - [MESSAGE][PASSED] - Object 'Object Repository/FDR-VoucherEntry/Voucher/primaryContact' is present

2020-09-15 15:07:07 - [MESSAGE][PASSED] - Keys 'DOWN + ENTER + ' sent to object: 'Object Repository/FDR-VoucherEntry/Voucher/primaryContact'

2020-09-15 15:07:08 - [MESSAGE][PASSED] - Object: 'Object Repository/FDR-VoucherEntry/Voucher/secondaryContact' is clicked on

2020-09-15 15:07:08 - [MESSAGE][PASSED] - Keys 'Vivian Ly' sent to object: 'Object Repository/FDR-VoucherEntry/Voucher/secondaryContact'

2020-09-15 15:07:09 - [MESSAGE][PASSED] - Object 'Object Repository/FDR-VoucherEntry/Voucher/secondaryContact' is present

2020-09-15 15:07:09 - [MESSAGE][PASSED] - Object 'Object Repository/FDR-VoucherEntry/Voucher/secondaryContact' is present

2020-09-15 15:07:09 - [MESSAGE][PASSED] - Keys 'DOWN + ENTER + ' sent to object: 'Object Repository/FDR-VoucherEntry/Voucher/secondaryContact'

2020-09-15 15:07:10 - [MESSAGE][PASSED] - Object: 'Object Repository/FDR-VoucherEntry/Voucher/buttonNext' is clicked on

2020-09-15 15:07:13 - [MESSAGE][PASSED] - Delayed 3 second(s)

2020-09-15 15:07:13 - [MESSAGE][PASSED] - Object 'Object Repository/FDR-VoucherEntry/VoucherHeader/reviewButton' is present

2020-09-15 15:07:13 - [TEST_STEP][PASSED] - waitForElementPresent(findTestObject("FDR-Dashboard/createNewVoucherButton"), 4): Object 'Object Repository/FDR-Dashboard/createNewVoucherButton' is not present after 4 second(s)

2020-09-15 15:07:18 - [MESSAGE][INFO] - Unable to find the element located by 'By.xpath: //*[@data-id='button-link']//*[contains(text(),'Create New Voucher')]'. Please recheck the objects properties to make sure the desired element is located. 

2020-09-15 15:07:18 - [MESSAGE][WARNING] - Object 'Object Repository/FDR-Dashboard/createNewVoucherButton' is not present after 4 second(s)

2020-09-15 15:07:18 - [TEST_STEP][PASSED] - Uifunctions.createInvoiceLine(1): Object 'Object Repository/FDR-VoucherEntry/VoucherHeader/reviewButton' is present

2020-09-15 15:07:18 - [MESSAGE][PASSED] - Object 'Object Repository/FDR-VoucherEntry/VoucherHeader/reviewButton' is present

2020-09-15 15:07:22 - [MESSAGE][INFO] - Unable to find the element located by 'By.xpath: //*[contains(text(),'Add voucher')]//parent::button'. Please recheck the objects properties to make sure the desired element is located. 

2020-09-15 15:07:22 - [MESSAGE][WARNING] - Object 'Object Repository/FDR-VoucherEntry/InvoiceLine/addVoucherButton' is not present after 2 second(s)

2020-09-15 15:07:22 - [MESSAGE][PASSED] - Object 'Object Repository/FDR-VoucherEntry/InvoiceLine/invoice' is clickable

2020-09-15 15:07:22 - [MESSAGE][PASSED] - Object: 'Object Repository/FDR-VoucherEntry/InvoiceLine/invoice' is clicked on

2020-09-15 15:07:23 - [MESSAGE][PASSED] - Text '4240' is set on object 'Object Repository/FDR-VoucherEntry/InvoiceLine/invoice'

2020-09-15 15:07:23 - [MESSAGE][PASSED] - Object: 'Object Repository/FDR-VoucherEntry/InvoiceLine/invoiceDate' is clicked on

2020-09-15 15:07:24 - [MESSAGE][PASSED] - Object 'Object Repository/FDR-VoucherEntry/InvoiceLine/invoiceDate' is present

2020-09-15 15:07:24 - [MESSAGE][PASSED] - Text '09/15/2020' is set on object 'Object Repository/FDR-VoucherEntry/InvoiceLine/invoiceDate'

2020-09-15 15:07:25 - [MESSAGE][PASSED] - Object: 'Object Repository/FDR-VoucherEntry/InvoiceLine/originalWarrantDate' is clicked on

2020-09-15 15:07:26 - [MESSAGE][PASSED] - Text '09/16/2020' is set on object 'Object Repository/FDR-VoucherEntry/InvoiceLine/originalWarrantDate'

2020-09-15 15:07:26 - [MESSAGE][PASSED] - Object 'Object Repository/FDR-VoucherEntry/InvoiceLine/addInvoiceLineButton' is present

2020-09-15 15:07:26 - [MESSAGE][PASSED] - Object: 'Object Repository/FDR-VoucherEntry/InvoiceLine/addInvoiceLineButtonIndex2' is clicked on

2020-09-15 15:07:27 - [MESSAGE][PASSED] - Object 'Object Repository/FDR-VoucherEntry/VoucherHeader/reviewButton' is present

2020-09-15 15:07:27 - [TEST_STEP][PASSED] - waitForElementClickable(findTestObject("FDR-VoucherEntry/InvoiceLine/invoiceLineExpandButton"), 5): Object 'Object Repository/FDR-VoucherEntry/InvoiceLine/invoiceLineExpandButton' is clickable

2020-09-15 15:07:27 - [MESSAGE][PASSED] - Object 'Object Repository/FDR-VoucherEntry/InvoiceLine/invoiceLineExpandButton' is clickable

2020-09-15 15:07:27 - [TEST_STEP][PASSED] - click(findTestObject("FDR-VoucherEntry/InvoiceLine/invoiceLineExpandButton")): Object: 'Object Repository/FDR-VoucherEntry/InvoiceLine/invoiceLineExpandButton' is clicked on

2020-09-15 15:07:28 - [MESSAGE][PASSED] - Object: 'Object Repository/FDR-VoucherEntry/InvoiceLine/invoiceLineExpandButton' is clicked on

2020-09-15 15:07:28 - [TEST_STEP][PASSED] - waitForElementPresent(findTestObject("FDR-Dashboard/createNewVoucherButton"), 4): Object 'Object Repository/FDR-Dashboard/createNewVoucherButton' is not present after 4 second(s)

2020-09-15 15:07:33 - [MESSAGE][INFO] - Unable to find the element located by 'By.xpath: //*[@data-id='button-link']//*[contains(text(),'Create New Voucher')]'. Please recheck the objects properties to make sure the desired element is located. 

2020-09-15 15:07:33 - [MESSAGE][WARNING] - Object 'Object Repository/FDR-Dashboard/createNewVoucherButton' is not present after 4 second(s)

2020-09-15 15:07:33 - [TEST_STEP][PASSED] - click(findTestObject("FDR-VoucherEntry/InvoiceLine/invoiceAddlineButton")): Object: 'Object Repository/FDR-VoucherEntry/InvoiceLine/invoiceAddlineButton' is clicked on

2020-09-15 15:07:33 - [MESSAGE][PASSED] - Object: 'Object Repository/FDR-VoucherEntry/InvoiceLine/invoiceAddlineButton' is clicked on

2020-09-15 15:07:33 - [TEST_STEP][PASSED] - waitForElementPresent(findTestObject("FDR-Dashboard/createNewVoucherButton"), 2): Object 'Object Repository/FDR-Dashboard/createNewVoucherButton' is not present after 2 second(s)

2020-09-15 15:07:37 - [MESSAGE][INFO] - Unable to find the element located by 'By.xpath: //*[@data-id='button-link']//*[contains(text(),'Create New Voucher')]'. Please recheck the objects properties to make sure the desired element is located. 

2020-09-15 15:07:37 - [MESSAGE][WARNING] - Object 'Object Repository/FDR-Dashboard/createNewVoucherButton' is not present after 2 second(s)

2020-09-15 15:07:37 - [TEST_STEP][PASSED] - waitForElementClickable(findTestObject("FDR-VoucherEntry/DistributionLine/serviceDateFrom"), 2): Object 'Object Repository/FDR-VoucherEntry/DistributionLine/serviceDateFrom' is clickable

2020-09-15 15:07:37 - [MESSAGE][PASSED] - Object 'Object Repository/FDR-VoucherEntry/DistributionLine/serviceDateFrom' is clickable

2020-09-15 15:07:37 - [TEST_STEP][PASSED] - click(findTestObject("FDR-VoucherEntry/DistributionLine/serviceDateFrom")): Object: 'Object Repository/FDR-VoucherEntry/DistributionLine/serviceDateFrom' is clicked on

2020-09-15 15:07:37 - [MESSAGE][PASSED] - Object: 'Object Repository/FDR-VoucherEntry/DistributionLine/serviceDateFrom' is clicked on

2020-09-15 15:07:37 - [TEST_STEP][PASSED] - waitForElementPresent(findTestObject("FDR-VoucherEntry/DistributionLine/serviceDateFrom"), 2): Object 'Object Repository/FDR-VoucherEntry/DistributionLine/serviceDateFrom' is present

2020-09-15 15:07:37 - [MESSAGE][PASSED] - Object 'Object Repository/FDR-VoucherEntry/DistributionLine/serviceDateFrom' is present

2020-09-15 15:07:37 - [TEST_STEP][PASSED] - dataSheet = "Voucher/FDR-DL-OverRide": null

2020-09-15 15:07:37 - [TEST_STEP][PASSED] - setText(findTestObject("FDR-VoucherEntry/DistributionLine/serviceDateFrom"), findTestData(dataSheet).getValue("serviceDateFrom", 1)): Text '08/04/2017' is set on object 'Object Repository/FDR-VoucherEntry/DistributionLine/serviceDateFrom'

2020-09-15 15:07:38 - [MESSAGE][PASSED] - Text '08/04/2017' is set on object 'Object Repository/FDR-VoucherEntry/DistributionLine/serviceDateFrom'

2020-09-15 15:07:38 - [TEST_STEP][PASSED] - click(findTestObject("FDR-VoucherEntry/DistributionLine/serviceDateTo")): Object: 'Object Repository/FDR-VoucherEntry/DistributionLine/serviceDateTo' is clicked on

2020-09-15 15:07:39 - [MESSAGE][PASSED] - Object: 'Object Repository/FDR-VoucherEntry/DistributionLine/serviceDateTo' is clicked on

2020-09-15 15:07:39 - [TEST_STEP][PASSED] - waitForElementPresent(findTestObject("FDR-VoucherEntry/DistributionLine/serviceDateTo"), 2): Object 'Object Repository/FDR-VoucherEntry/DistributionLine/serviceDateTo' is present

2020-09-15 15:07:39 - [MESSAGE][PASSED] - Object 'Object Repository/FDR-VoucherEntry/DistributionLine/serviceDateTo' is present

2020-09-15 15:07:39 - [TEST_STEP][PASSED] - setText(findTestObject("FDR-VoucherEntry/DistributionLine/serviceDateTo"), findTestData(dataSheet).getValue("serviceDateTo", 1)): Text '08/05/2017' is set on object 'Object Repository/FDR-VoucherEntry/DistributionLine/serviceDateTo'

2020-09-15 15:07:40 - [MESSAGE][PASSED] - Text '08/05/2017' is set on object 'Object Repository/FDR-VoucherEntry/DistributionLine/serviceDateTo'

2020-09-15 15:07:40 - [TEST_STEP][PASSED] - waitForElementPresent(findTestObject("FDR-Dashboard/createNewVoucherButton"), 2): Object 'Object Repository/FDR-Dashboard/createNewVoucherButton' is not present after 2 second(s)

2020-09-15 15:07:43 - [MESSAGE][INFO] - Unable to find the element located by 'By.xpath: //*[@data-id='button-link']//*[contains(text(),'Create New Voucher')]'. Please recheck the objects properties to make sure the desired element is located. 

2020-09-15 15:07:43 - [MESSAGE][WARNING] - Object 'Object Repository/FDR-Dashboard/createNewVoucherButton' is not present after 2 second(s)

2020-09-15 15:07:43 - [TEST_STEP][PASSED] - click(findTestObject("FDR-VoucherEntry/DistributionLine/checkBox")): Object: 'Object Repository/FDR-VoucherEntry/DistributionLine/checkBox' is clicked on

2020-09-15 15:07:44 - [MESSAGE][PASSED] - Object: 'Object Repository/FDR-VoucherEntry/DistributionLine/checkBox' is clicked on

2020-09-15 15:07:44 - [TEST_STEP][PASSED] - click(findTestObject("FDR-VoucherEntry/DistributionLine/amount")): Object: 'Object Repository/FDR-VoucherEntry/DistributionLine/amount' is clicked on

2020-09-15 15:07:44 - [MESSAGE][PASSED] - Object: 'Object Repository/FDR-VoucherEntry/DistributionLine/amount' is clicked on

2020-09-15 15:07:44 - [TEST_STEP][PASSED] - Uifunctions.clearElementText(findTestObject("FDR-VoucherEntry/DistributionLine/amount")): Execute JavaScript 'arguments[0].value='';' successfully

2020-09-15 15:07:45 - [MESSAGE][PASSED] - Execute JavaScript 'arguments[0].value='';' successfully

2020-09-15 15:07:45 - [TEST_STEP][PASSED] - sendKeys(findTestObject("FDR-VoucherEntry/DistributionLine/amount"), findTestData(dataSheet).getValue("amount", 1)): Keys '100' sent to object: 'Object Repository/FDR-VoucherEntry/DistributionLine/amount'

2020-09-15 15:07:45 - [MESSAGE][PASSED] - Keys '100' sent to object: 'Object Repository/FDR-VoucherEntry/DistributionLine/amount'

2020-09-15 15:07:45 - [TEST_STEP][PASSED] - waitForElementPresent(findTestObject("FDR-Dashboard/createNewVoucherButton"), 1): Object 'Object Repository/FDR-Dashboard/createNewVoucherButton' is not present after 1 second(s)

2020-09-15 15:07:47 - [MESSAGE][INFO] - Unable to find the element located by 'By.xpath: //*[@data-id='button-link']//*[contains(text(),'Create New Voucher')]'. Please recheck the objects properties to make sure the desired element is located. 

2020-09-15 15:07:47 - [MESSAGE][WARNING] - Object 'Object Repository/FDR-Dashboard/createNewVoucherButton' is not present after 1 second(s)

2020-09-15 15:07:47 - [TEST_STEP][PASSED] - click(findTestObject("FDR-VoucherEntry/DistributionLine/waiverType")): Object: 'Object Repository/FDR-VoucherEntry/DistributionLine/waiverType' is clicked on

2020-09-15 15:07:48 - [MESSAGE][PASSED] - Object: 'Object Repository/FDR-VoucherEntry/DistributionLine/waiverType' is clicked on

2020-09-15 15:07:48 - [TEST_STEP][PASSED] - waitForElementPresent(findTestObject("FDR-Dashboard/createNewVoucherButton"), 1): Object 'Object Repository/FDR-Dashboard/createNewVoucherButton' is not present after 1 second(s)

2020-09-15 15:07:50 - [MESSAGE][INFO] - Unable to find the element located by 'By.xpath: //*[@data-id='button-link']//*[contains(text(),'Create New Voucher')]'. Please recheck the objects properties to make sure the desired element is located. 

2020-09-15 15:07:50 - [MESSAGE][WARNING] - Object 'Object Repository/FDR-Dashboard/createNewVoucherButton' is not present after 1 second(s)

2020-09-15 15:07:50 - [TEST_STEP][PASSED] - sendKeys(findTestObject("FDR-VoucherEntry/DistributionLine/waiverType"), findTestData(dataSheet).getValue("waiverType", 1)): Keys '1115' sent to object: 'Object Repository/FDR-VoucherEntry/DistributionLine/waiverType'

2020-09-15 15:07:50 - [MESSAGE][PASSED] - Keys '1115' sent to object: 'Object Repository/FDR-VoucherEntry/DistributionLine/waiverType'

2020-09-15 15:07:50 - [TEST_STEP][PASSED] - waitForElementPresent(findTestObject("FDR-Dashboard/createNewVoucherButton"), 2): Object 'Object Repository/FDR-Dashboard/createNewVoucherButton' is not present after 2 second(s)

2020-09-15 15:07:53 - [MESSAGE][INFO] - Unable to find the element located by 'By.xpath: //*[@data-id='button-link']//*[contains(text(),'Create New Voucher')]'. Please recheck the objects properties to make sure the desired element is located. 

2020-09-15 15:07:53 - [MESSAGE][WARNING] - Object 'Object Repository/FDR-Dashboard/createNewVoucherButton' is not present after 2 second(s)

2020-09-15 15:07:53 - [TEST_STEP][PASSED] - sendKeys(findTestObject("FDR-VoucherEntry/DistributionLine/waiverType"), Keys.chord(DOWN, ENTER)): Keys 'DOWN + ENTER + ' sent to object: 'Object Repository/FDR-VoucherEntry/DistributionLine/waiverType'

2020-09-15 15:07:53 - [MESSAGE][PASSED] - Keys 'DOWN + ENTER + ' sent to object: 'Object Repository/FDR-VoucherEntry/DistributionLine/waiverType'

2020-09-15 15:07:53 - [TEST_STEP][PASSED] - click(findTestObject("FDR-VoucherEntry/DistributionLine/waiverName")): Object: 'Object Repository/FDR-VoucherEntry/DistributionLine/waiverName' is clicked on

2020-09-15 15:07:54 - [MESSAGE][PASSED] - Object: 'Object Repository/FDR-VoucherEntry/DistributionLine/waiverName' is clicked on

2020-09-15 15:07:54 - [TEST_STEP][PASSED] - sendKeys(findTestObject("FDR-VoucherEntry/DistributionLine/waiverName"), findTestData(dataSheet).getValue("waiverName", 1)): Keys 'CBAS' sent to object: 'Object Repository/FDR-VoucherEntry/DistributionLine/waiverName'

2020-09-15 15:07:55 - [MESSAGE][PASSED] - Keys 'CBAS' sent to object: 'Object Repository/FDR-VoucherEntry/DistributionLine/waiverName'

2020-09-15 15:07:55 - [TEST_STEP][PASSED] - waitForElementPresent(findTestObject("FDR-Dashboard/createNewVoucherButton"), 2): Object 'Object Repository/FDR-Dashboard/createNewVoucherButton' is not present after 2 second(s)

2020-09-15 15:07:58 - [MESSAGE][INFO] - Unable to find the element located by 'By.xpath: //*[@data-id='button-link']//*[contains(text(),'Create New Voucher')]'. Please recheck the objects properties to make sure the desired element is located. 

2020-09-15 15:07:58 - [MESSAGE][WARNING] - Object 'Object Repository/FDR-Dashboard/createNewVoucherButton' is not present after 2 second(s)

2020-09-15 15:07:58 - [TEST_STEP][PASSED] - sendKeys(findTestObject("FDR-VoucherEntry/DistributionLine/waiverName"), Keys.chord(DOWN, ENTER)): Keys 'DOWN + ENTER + ' sent to object: 'Object Repository/FDR-VoucherEntry/DistributionLine/waiverName'

2020-09-15 15:07:58 - [MESSAGE][PASSED] - Keys 'DOWN + ENTER + ' sent to object: 'Object Repository/FDR-VoucherEntry/DistributionLine/waiverName'

2020-09-15 15:07:58 - [TEST_STEP][PASSED] - click(findTestObject("FDR-VoucherEntry/DistributionLine/orgFundingSource")): Object: 'Object Repository/FDR-VoucherEntry/DistributionLine/orgFundingSource' is clicked on

2020-09-15 15:07:59 - [MESSAGE][PASSED] - Object: 'Object Repository/FDR-VoucherEntry/DistributionLine/orgFundingSource' is clicked on

2020-09-15 15:07:59 - [TEST_STEP][PASSED] - sendKeys(findTestObject("FDR-VoucherEntry/DistributionLine/orgFundingSource"), findTestData(dataSheet).getValue("orgFundSource", 1)): Keys 'Dental' sent to object: 'Object Repository/FDR-VoucherEntry/DistributionLine/orgFundingSource'

2020-09-15 15:07:59 - [MESSAGE][PASSED] - Keys 'Dental' sent to object: 'Object Repository/FDR-VoucherEntry/DistributionLine/orgFundingSource'

2020-09-15 15:07:59 - [TEST_STEP][PASSED] - waitForElementPresent(findTestObject("FDR-Dashboard/createNewVoucherButton"), 2): Object 'Object Repository/FDR-Dashboard/createNewVoucherButton' is not present after 2 second(s)

2020-09-15 15:08:02 - [MESSAGE][INFO] - Unable to find the element located by 'By.xpath: //*[@data-id='button-link']//*[contains(text(),'Create New Voucher')]'. Please recheck the objects properties to make sure the desired element is located. 

2020-09-15 15:08:02 - [MESSAGE][WARNING] - Object 'Object Repository/FDR-Dashboard/createNewVoucherButton' is not present after 2 second(s)

2020-09-15 15:08:02 - [TEST_STEP][PASSED] - sendKeys(findTestObject("FDR-VoucherEntry/DistributionLine/orgFundingSource"), Keys.chord(DOWN, ENTER)): Keys 'DOWN + ENTER + ' sent to object: 'Object Repository/FDR-VoucherEntry/DistributionLine/orgFundingSource'

2020-09-15 15:08:02 - [MESSAGE][PASSED] - Keys 'DOWN + ENTER + ' sent to object: 'Object Repository/FDR-VoucherEntry/DistributionLine/orgFundingSource'

2020-09-15 15:08:02 - [TEST_STEP][PASSED] - fundRatio = findTestData(dataSheet).getValue("orgFundRatio", 1): null

2020-09-15 15:08:02 - [TEST_STEP][PASSED] - click(findTestObject("FDR-VoucherEntry/DistributionLine/orgFundRatio")): Object: 'Object Repository/FDR-VoucherEntry/DistributionLine/orgFundRatio' is clicked on

2020-09-15 15:08:03 - [MESSAGE][PASSED] - Object: 'Object Repository/FDR-VoucherEntry/DistributionLine/orgFundRatio' is clicked on

2020-09-15 15:08:03 - [TEST_STEP][PASSED] - sendKeys(findTestObject("FDR-VoucherEntry/DistributionLine/orgFundRatio"), fundRatio): Keys '90/10' sent to object: 'Object Repository/FDR-VoucherEntry/DistributionLine/orgFundRatio'

2020-09-15 15:08:04 - [MESSAGE][PASSED] - Keys '90/10' sent to object: 'Object Repository/FDR-VoucherEntry/DistributionLine/orgFundRatio'

2020-09-15 15:08:04 - [TEST_STEP][PASSED] - waitForElementPresent(findTestObject("FDR-Dashboard/createNewVoucherButton"), 2): Object 'Object Repository/FDR-Dashboard/createNewVoucherButton' is not present after 2 second(s)

2020-09-15 15:08:07 - [MESSAGE][INFO] - Unable to find the element located by 'By.xpath: //*[@data-id='button-link']//*[contains(text(),'Create New Voucher')]'. Please recheck the objects properties to make sure the desired element is located. 

2020-09-15 15:08:07 - [MESSAGE][WARNING] - Object 'Object Repository/FDR-Dashboard/createNewVoucherButton' is not present after 2 second(s)

2020-09-15 15:08:07 - [TEST_STEP][PASSED] - sendKeys(findTestObject("FDR-VoucherEntry/DistributionLine/orgFundRatio"), Keys.chord(DOWN, ENTER)): Keys 'DOWN + ENTER + ' sent to object: 'Object Repository/FDR-VoucherEntry/DistributionLine/orgFundRatio'

2020-09-15 15:08:07 - [MESSAGE][PASSED] - Keys 'DOWN + ENTER + ' sent to object: 'Object Repository/FDR-VoucherEntry/DistributionLine/orgFundRatio'

2020-09-15 15:08:07 - [TEST_STEP][PASSED] - click(findTestObject("FDR-VoucherEntry/DistributionLine/orgNonFederalFund")): Object: 'Object Repository/FDR-VoucherEntry/DistributionLine/orgNonFederalFund' is clicked on

2020-09-15 15:08:08 - [MESSAGE][PASSED] - Object: 'Object Repository/FDR-VoucherEntry/DistributionLine/orgNonFederalFund' is clicked on

2020-09-15 15:08:08 - [TEST_STEP][PASSED] - sendKeys(findTestObject("FDR-VoucherEntry/DistributionLine/orgNonFederalFund"), findTestData(dataSheet).getValue("orgNonFederal", 1)): Keys '0001' sent to object: 'Object Repository/FDR-VoucherEntry/DistributionLine/orgNonFederalFund'

2020-09-15 15:08:08 - [MESSAGE][PASSED] - Keys '0001' sent to object: 'Object Repository/FDR-VoucherEntry/DistributionLine/orgNonFederalFund'

2020-09-15 15:08:08 - [TEST_STEP][PASSED] - waitForElementPresent(findTestObject("FDR-Dashboard/createNewVoucherButton"), 2): Object 'Object Repository/FDR-Dashboard/createNewVoucherButton' is not present after 2 second(s)

2020-09-15 15:08:11 - [MESSAGE][INFO] - Unable to find the element located by 'By.xpath: //*[@data-id='button-link']//*[contains(text(),'Create New Voucher')]'. Please recheck the objects properties to make sure the desired element is located. 

2020-09-15 15:08:11 - [MESSAGE][WARNING] - Object 'Object Repository/FDR-Dashboard/createNewVoucherButton' is not present after 2 second(s)

2020-09-15 15:08:11 - [TEST_STEP][PASSED] - sendKeys(findTestObject("FDR-VoucherEntry/DistributionLine/orgNonFederalFund"), Keys.chord(DOWN, ENTER)): Keys 'DOWN + ENTER + ' sent to object: 'Object Repository/FDR-VoucherEntry/DistributionLine/orgNonFederalFund'

2020-09-15 15:08:11 - [MESSAGE][PASSED] - Keys 'DOWN + ENTER + ' sent to object: 'Object Repository/FDR-VoucherEntry/DistributionLine/orgNonFederalFund'

2020-09-15 15:08:11 - [TEST_STEP][PASSED] - click(findTestObject("FDR-VoucherEntry/DistributionLine/orgNonFederalFund")): Object: 'Object Repository/FDR-VoucherEntry/DistributionLine/orgNonFederalFund' is clicked on

2020-09-15 15:08:12 - [MESSAGE][PASSED] - Object: 'Object Repository/FDR-VoucherEntry/DistributionLine/orgNonFederalFund' is clicked on

2020-09-15 15:08:12 - [TEST_STEP][PASSED] - click(findTestObject("FDR-VoucherEntry/DistributionLine/fundingSource")): Object: 'Object Repository/FDR-VoucherEntry/DistributionLine/fundingSource' is clicked on

2020-09-15 15:08:13 - [MESSAGE][PASSED] - Object: 'Object Repository/FDR-VoucherEntry/DistributionLine/fundingSource' is clicked on

2020-09-15 15:08:13 - [TEST_STEP][PASSED] - sendKeys(findTestObject("FDR-VoucherEntry/DistributionLine/fundingSource"), findTestData(dataSheet).getValue("fundingSource", 1)): Keys 'Pace' sent to object: 'Object Repository/FDR-VoucherEntry/DistributionLine/fundingSource'

2020-09-15 15:08:13 - [MESSAGE][PASSED] - Keys 'Pace' sent to object: 'Object Repository/FDR-VoucherEntry/DistributionLine/fundingSource'

2020-09-15 15:08:13 - [TEST_STEP][PASSED] - waitForElementPresent(findTestObject("FDR-Dashboard/createNewVoucherButton"), 2): Object 'Object Repository/FDR-Dashboard/createNewVoucherButton' is not present after 2 second(s)

2020-09-15 15:08:16 - [MESSAGE][INFO] - Unable to find the element located by 'By.xpath: //*[@data-id='button-link']//*[contains(text(),'Create New Voucher')]'. Please recheck the objects properties to make sure the desired element is located. 

2020-09-15 15:08:16 - [MESSAGE][WARNING] - Object 'Object Repository/FDR-Dashboard/createNewVoucherButton' is not present after 2 second(s)

2020-09-15 15:08:16 - [TEST_STEP][PASSED] - sendKeys(findTestObject("FDR-VoucherEntry/DistributionLine/fundingSource"), Keys.chord(DOWN, ENTER)): Keys 'DOWN + ENTER + ' sent to object: 'Object Repository/FDR-VoucherEntry/DistributionLine/fundingSource'

2020-09-15 15:08:17 - [MESSAGE][PASSED] - Keys 'DOWN + ENTER + ' sent to object: 'Object Repository/FDR-VoucherEntry/DistributionLine/fundingSource'

2020-09-15 15:08:17 - [TEST_STEP][PASSED] - fundRatio = findTestData(dataSheet).getValue("fundRatio", 1): null

2020-09-15 15:08:17 - [TEST_STEP][PASSED] - click(findTestObject("FDR-VoucherEntry/DistributionLine/fundRatio")): Object: 'Object Repository/FDR-VoucherEntry/DistributionLine/fundRatio' is clicked on

2020-09-15 15:08:17 - [MESSAGE][PASSED] - Object: 'Object Repository/FDR-VoucherEntry/DistributionLine/fundRatio' is clicked on

2020-09-15 15:08:17 - [TEST_STEP][PASSED] - sendKeys(findTestObject("FDR-VoucherEntry/DistributionLine/fundRatio"), fundRatio): Keys '0/100' sent to object: 'Object Repository/FDR-VoucherEntry/DistributionLine/fundRatio'

2020-09-15 15:08:18 - [MESSAGE][PASSED] - Keys '0/100' sent to object: 'Object Repository/FDR-VoucherEntry/DistributionLine/fundRatio'

2020-09-15 15:08:18 - [TEST_STEP][PASSED] - waitForElementPresent(findTestObject("FDR-Dashboard/createNewVoucherButton"), 2): Object 'Object Repository/FDR-Dashboard/createNewVoucherButton' is not present after 2 second(s)

2020-09-15 15:08:21 - [MESSAGE][INFO] - Unable to find the element located by 'By.xpath: //*[@data-id='button-link']//*[contains(text(),'Create New Voucher')]'. Please recheck the objects properties to make sure the desired element is located. 

2020-09-15 15:08:21 - [MESSAGE][WARNING] - Object 'Object Repository/FDR-Dashboard/createNewVoucherButton' is not present after 2 second(s)

2020-09-15 15:08:21 - [TEST_STEP][PASSED] - sendKeys(findTestObject("FDR-VoucherEntry/DistributionLine/fundRatio"), Keys.chord(DOWN, ENTER)): Keys 'DOWN + ENTER + ' sent to object: 'Object Repository/FDR-VoucherEntry/DistributionLine/fundRatio'

2020-09-15 15:08:21 - [MESSAGE][PASSED] - Keys 'DOWN + ENTER + ' sent to object: 'Object Repository/FDR-VoucherEntry/DistributionLine/fundRatio'

2020-09-15 15:08:21 - [TEST_STEP][PASSED] - if (fundRatio != "100/0"): Keys 'DOWN + ENTER + ' sent to object: 'Object Repository/FDR-VoucherEntry/DistributionLine/nonFederalFund'

2020-09-15 15:08:21 - [TEST_STEP][PASSED] - click(findTestObject("FDR-VoucherEntry/DistributionLine/nonFederalFund")): Object: 'Object Repository/FDR-VoucherEntry/DistributionLine/nonFederalFund' is clicked on

2020-09-15 15:08:22 - [MESSAGE][PASSED] - Object: 'Object Repository/FDR-VoucherEntry/DistributionLine/nonFederalFund' is clicked on

2020-09-15 15:08:22 - [TEST_STEP][PASSED] - sendKeys(findTestObject("FDR-VoucherEntry/DistributionLine/nonFederalFund"), findTestData(dataSheet).getValue("nonFederal", 1)): Keys '0001' sent to object: 'Object Repository/FDR-VoucherEntry/DistributionLine/nonFederalFund'

2020-09-15 15:08:22 - [MESSAGE][PASSED] - Keys '0001' sent to object: 'Object Repository/FDR-VoucherEntry/DistributionLine/nonFederalFund'

2020-09-15 15:08:22 - [TEST_STEP][PASSED] - waitForElementPresent(findTestObject("FDR-Dashboard/createNewVoucherButton"), 2): Object 'Object Repository/FDR-Dashboard/createNewVoucherButton' is not present after 2 second(s)

2020-09-15 15:08:26 - [MESSAGE][INFO] - Unable to find the element located by 'By.xpath: //*[@data-id='button-link']//*[contains(text(),'Create New Voucher')]'. Please recheck the objects properties to make sure the desired element is located. 

2020-09-15 15:08:26 - [MESSAGE][WARNING] - Object 'Object Repository/FDR-Dashboard/createNewVoucherButton' is not present after 2 second(s)

2020-09-15 15:08:26 - [TEST_STEP][PASSED] - sendKeys(findTestObject("FDR-VoucherEntry/DistributionLine/nonFederalFund"), Keys.chord(DOWN, ENTER)): Keys 'DOWN + ENTER + ' sent to object: 'Object Repository/FDR-VoucherEntry/DistributionLine/nonFederalFund'

2020-09-15 15:08:26 - [MESSAGE][PASSED] - Keys 'DOWN + ENTER + ' sent to object: 'Object Repository/FDR-VoucherEntry/DistributionLine/nonFederalFund'

2020-09-15 15:08:26 - [TEST_STEP][PASSED] - click(findTestObject("FDR-VoucherEntry/DistributionLine/account")): Object: 'Object Repository/FDR-VoucherEntry/DistributionLine/account' is clicked on

2020-09-15 15:08:27 - [MESSAGE][PASSED] - Object: 'Object Repository/FDR-VoucherEntry/DistributionLine/account' is clicked on

2020-09-15 15:08:27 - [TEST_STEP][PASSED] - sendKeys(findTestObject("FDR-VoucherEntry/DistributionLine/account"), findTestData(dataSheet).getValue("account", 1)): Keys '5442000' sent to object: 'Object Repository/FDR-VoucherEntry/DistributionLine/account'

2020-09-15 15:08:27 - [MESSAGE][PASSED] - Keys '5442000' sent to object: 'Object Repository/FDR-VoucherEntry/DistributionLine/account'

2020-09-15 15:08:27 - [TEST_STEP][PASSED] - sendKeys(findTestObject("FDR-VoucherEntry/DistributionLine/account"), Keys.chord(DOWN, ENTER)): Keys 'DOWN + ENTER + ' sent to object: 'Object Repository/FDR-VoucherEntry/DistributionLine/account'

2020-09-15 15:08:28 - [MESSAGE][PASSED] - Keys 'DOWN + ENTER + ' sent to object: 'Object Repository/FDR-VoucherEntry/DistributionLine/account'

2020-09-15 15:08:28 - [TEST_STEP][PASSED] - click(findTestObject("FDR-VoucherEntry/DistributionLine/altAccount")): Object: 'Object Repository/FDR-VoucherEntry/DistributionLine/altAccount' is clicked on

2020-09-15 15:08:28 - [MESSAGE][PASSED] - Object: 'Object Repository/FDR-VoucherEntry/DistributionLine/altAccount' is clicked on

2020-09-15 15:08:28 - [TEST_STEP][PASSED] - sendKeys(findTestObject("FDR-VoucherEntry/DistributionLine/altAccount"), findTestData(dataSheet).getValue("altAccount", 1)): Keys '5442000' sent to object: 'Object Repository/FDR-VoucherEntry/DistributionLine/altAccount'

2020-09-15 15:08:29 - [MESSAGE][PASSED] - Keys '5442000' sent to object: 'Object Repository/FDR-VoucherEntry/DistributionLine/altAccount'

2020-09-15 15:08:29 - [TEST_STEP][PASSED] - waitForElementPresent(findTestObject("FDR-VoucherEntry/DistributionLine/altAccount"), 1): Object 'Object Repository/FDR-VoucherEntry/DistributionLine/altAccount' is present

2020-09-15 15:08:29 - [MESSAGE][PASSED] - Object 'Object Repository/FDR-VoucherEntry/DistributionLine/altAccount' is present

2020-09-15 15:08:29 - [TEST_STEP][PASSED] - sendKeys(findTestObject("FDR-VoucherEntry/DistributionLine/altAccount"), Keys.chord(DOWN, ENTER)): Keys 'DOWN + ENTER + ' sent to object: 'Object Repository/FDR-VoucherEntry/DistributionLine/altAccount'

2020-09-15 15:08:29 - [MESSAGE][PASSED] - Keys 'DOWN + ENTER + ' sent to object: 'Object Repository/FDR-VoucherEntry/DistributionLine/altAccount'

2020-09-15 15:08:29 - [TEST_STEP][PASSED] - click(findTestObject("FDR-VoucherEntry/DistributionLine/incDecLine")): Object: 'Object Repository/FDR-VoucherEntry/DistributionLine/incDecLine' is clicked on

2020-09-15 15:08:30 - [MESSAGE][PASSED] - Object: 'Object Repository/FDR-VoucherEntry/DistributionLine/incDecLine' is clicked on

2020-09-15 15:08:30 - [TEST_STEP][PASSED] - sendKeys(findTestObject("FDR-VoucherEntry/DistributionLine/incDecLine"), findTestData(dataSheet).getValue("incDecLine", 1)): Keys '8: Adjustments and corrections' sent to object: 'Object Repository/FDR-VoucherEntry/DistributionLine/incDecLine'

2020-09-15 15:08:31 - [MESSAGE][PASSED] - Keys '8: Adjustments and corrections' sent to object: 'Object Repository/FDR-VoucherEntry/DistributionLine/incDecLine'

2020-09-15 15:08:31 - [TEST_STEP][PASSED] - sendKeys(findTestObject("FDR-VoucherEntry/DistributionLine/incDecLine"), Keys.chord(DOWN, ENTER)): Keys 'DOWN + ENTER + ' sent to object: 'Object Repository/FDR-VoucherEntry/DistributionLine/incDecLine'

2020-09-15 15:08:31 - [MESSAGE][PASSED] - Keys 'DOWN + ENTER + ' sent to object: 'Object Repository/FDR-VoucherEntry/DistributionLine/incDecLine'

2020-09-15 15:08:31 - [TEST_STEP][PASSED] - waitForElementPresent(findTestObject("FDR-Dashboard/createNewVoucherButton"), 1): Object 'Object Repository/FDR-Dashboard/createNewVoucherButton' is not present after 1 second(s)

2020-09-15 15:08:33 - [MESSAGE][INFO] - Unable to find the element located by 'By.xpath: //*[@data-id='button-link']//*[contains(text(),'Create New Voucher')]'. Please recheck the objects properties to make sure the desired element is located. 

2020-09-15 15:08:33 - [MESSAGE][WARNING] - Object 'Object Repository/FDR-Dashboard/createNewVoucherButton' is not present after 1 second(s)

2020-09-15 15:08:33 - [TEST_STEP][PASSED] - click(findTestObject("FDR-VoucherEntry/DistributionLine/index")): Object: 'Object Repository/FDR-VoucherEntry/DistributionLine/index' is clicked on

2020-09-15 15:08:33 - [MESSAGE][PASSED] - Object: 'Object Repository/FDR-VoucherEntry/DistributionLine/index' is clicked on

2020-09-15 15:08:33 - [TEST_STEP][PASSED] - sendKeys(findTestObject("FDR-VoucherEntry/DistributionLine/index"), findTestData(dataSheet).getValue("index", 1)): Keys '1155' sent to object: 'Object Repository/FDR-VoucherEntry/DistributionLine/index'

2020-09-15 15:08:34 - [MESSAGE][PASSED] - Keys '1155' sent to object: 'Object Repository/FDR-VoucherEntry/DistributionLine/index'

2020-09-15 15:08:34 - [TEST_STEP][PASSED] - sendKeys(findTestObject("FDR-VoucherEntry/DistributionLine/index"), Keys.chord(DOWN, ENTER)): Keys 'DOWN + ENTER + ' sent to object: 'Object Repository/FDR-VoucherEntry/DistributionLine/index'

2020-09-15 15:08:34 - [MESSAGE][PASSED] - Keys 'DOWN + ENTER + ' sent to object: 'Object Repository/FDR-VoucherEntry/DistributionLine/index'

2020-09-15 15:08:34 - [TEST_STEP][PASSED] - click(findTestObject("FDR-VoucherEntry/DistributionLine/addSaveButton")): Object: 'Object Repository/FDR-VoucherEntry/DistributionLine/addSaveButton' is clicked on

2020-09-15 15:08:35 - [MESSAGE][PASSED] - Object: 'Object Repository/FDR-VoucherEntry/DistributionLine/addSaveButton' is clicked on

2020-09-15 15:08:35 - [TEST_STEP][PASSED] - delay(4): Delayed 4 second(s)

2020-09-15 15:08:39 - [MESSAGE][PASSED] - Delayed 4 second(s)

2020-09-15 15:08:39 - [TEST_STEP][PASSED] - Start tear down : tearDownTestCase: Method 'tearDownTestCase' complete successfully

2020-09-15 15:08:39 - [MESSAGE][PASSED] - Method 'tearDownTestCase' complete successfully

2020-09-15 15:08:39 - [TEST_STEP][PASSED] - Start listener action : sampleAfterTestCase: null

2020-09-15 15:08:39 - [TEST_STEP][PASSED] - profileName = getExecutionProfile(): null

2020-09-15 15:08:39 - [TEST_STEP][PASSED] - switch (profileName): null

2020-09-15 15:08:39 - [TEST_STEP][PASSED] - case "superUser":: null

2020-09-15 15:08:39 - [TEST_STEP][PASSED] - return null: null

2020-09-15 15:08:39 - [TEST_STEP][PASSED] - Start listener action : afterTestCase: null

2020-09-15 15:08:39 - [TEST_STEP][PASSED] - profileName = getExecutionProfile(): null

2020-09-15 15:08:39 - [TEST_STEP][PASSED] - if (profileName.equalsIgnoreCase("SysAdmin")): null

2020-09-15 15:08:39 - [TEST_STEP][PASSED] - Start listener action : sampleAfterTestCase: null

2020-09-15 15:08:39 - [TEST_STEP][PASSED] - profileName = getExecutionProfile(): null

2020-09-15 15:08:39 - [TEST_STEP][PASSED] - switch (profileName): null

2020-09-15 15:08:39 - [TEST_STEP][PASSED] - case "Voucher":: null

2020-09-15 15:08:39 - [TEST_STEP][PASSED] - Uifunctions.logoutFDR(): Browser is closed

2020-09-15 15:08:40 - [MESSAGE][PASSED] - Browser is closed

2020-09-15 15:08:40 - [TEST_STEP][PASSED] - break: null

2020-09-15 15:08:40 - [TEST_STEP][PASSED] - Start listener action : addFailedTCToList: null]]></system-out>
         <system-err><![CDATA[]]></system-err>
      </testcase>
      <system-out><![CDATA[2020-09-15 14:22:14 - [TEST_SUITE][FAILED] - Voucher-Integration_Suite: Test Cases/WEB-UI-TESTS/Voucher/FDR-Fund-Ratio-Validations FAILED.
Reason:
com.kms.katalon.core.exception.StepFailedException: Unable to click on object 'Object Repository/FDR-VoucherEntry/InvoiceLine/invoice' (Root cause: com.kms.katalon.core.exception.StepFailedException: Unable to click on object 'Object Repository/FDR-VoucherEntry/InvoiceLine/invoice'
	at com.kms.katalon.core.webui.keyword.internal.WebUIKeywordMain.stepFailed(WebUIKeywordMain.groovy:64)
	at com.kms.katalon.core.webui.keyword.internal.WebUIKeywordMain.runKeyword(WebUIKeywordMain.groovy:26)
	at com.kms.katalon.core.webui.keyword.builtin.ClickKeyword.click(ClickKeyword.groovy:76)
	at com.kms.katalon.core.webui.keyword.builtin.ClickKeyword.execute(ClickKeyword.groovy:43)
	at com.kms.katalon.core.keyword.internal.KeywordExecutor.executeKeywordForPlatform(KeywordExecutor.groovy:73)
	at com.kms.katalon.core.webui.keyword.WebUiBuiltInKeywords.click(WebUiBuiltInKeywords.groovy:616)
	at com.kms.katalon.core.webui.keyword.WebUiBuiltInKeywords$click$6.call(Unknown Source)
	at com.functions.Uifunctions.createInvoiceLine(Uifunctions.groovy:199)
	at com.functions.Uifunctions$createInvoiceLine$2.call(Unknown Source)
	at FDR-Fund-Ratio-Validations.run(FDR-Fund-Ratio-Validations:30)
	at com.kms.katalon.core.main.ScriptEngine.run(ScriptEngine.java:194)
	at com.kms.katalon.core.main.ScriptEngine.runScriptAsRawText(ScriptEngine.java:119)
	at com.kms.katalon.core.main.TestCaseExecutor.runScript(TestCaseExecutor.java:339)
	at com.kms.katalon.core.main.TestCaseExecutor.doExecute(TestCaseExecutor.java:330)
	at com.kms.katalon.core.main.TestCaseExecutor.processExecutionPhase(TestCaseExecutor.java:309)
	at com.kms.katalon.core.main.TestCaseExecutor.accessMainPhase(TestCaseExecutor.java:301)
	at com.kms.katalon.core.main.TestCaseExecutor.execute(TestCaseExecutor.java:235)
	at com.kms.katalon.core.main.TestSuiteExecutor.accessTestCaseMainPhase(TestSuiteExecutor.java:191)
	at com.kms.katalon.core.main.TestSuiteExecutor.accessTestSuiteMainPhase(TestSuiteExecutor.java:141)
	at com.kms.katalon.core.main.TestSuiteExecutor.execute(TestSuiteExecutor.java:90)
	at com.kms.katalon.core.main.TestCaseMain.startTestSuite(TestCaseMain.java:157)
	at com.kms.katalon.core.main.TestCaseMain$startTestSuite$0.call(Unknown Source)
	at TempTestSuite1600204927094.run(TempTestSuite1600204927094.groovy:39)
Caused by: com.kms.katalon.core.webui.exception.WebElementNotFoundException: Web element with id: 'Object Repository/FDR-VoucherEntry/InvoiceLine/invoice' located by '//*[@data-id='text-field']//input[@name='description']' not found
	at com.kms.katalon.core.webui.common.WebUiCommonHelper.findWebElement(WebUiCommonHelper.java:1368)
	at com.kms.katalon.core.webui.keyword.internal.WebUIAbstractKeyword.findWebElement(WebUIAbstractKeyword.groovy:27)
	at com.kms.katalon.core.webui.keyword.internal.WebUIAbstractKeyword.findWebElement(WebUIAbstractKeyword.groovy:26)
	at com.kms.katalon.core.webui.keyword.builtin.ClickKeyword$_click_closure1.doCall(ClickKeyword.groovy:67)
	at com.kms.katalon.core.webui.keyword.builtin.ClickKeyword$_click_closure1.call(ClickKeyword.groovy)
	at com.kms.katalon.core.webui.keyword.internal.WebUIKeywordMain.runKeyword(WebUIKeywordMain.groovy:20)
	at com.kms.katalon.core.webui.keyword.builtin.ClickKeyword.click(ClickKeyword.groovy:76)
	at com.kms.katalon.core.webui.keyword.builtin.ClickKeyword.execute(ClickKeyword.groovy:43)
	at com.kms.katalon.core.keyword.internal.KeywordExecutor.executeKeywordForPlatform(KeywordExecutor.groovy:73)
	at com.kms.katalon.core.webui.keyword.WebUiBuiltInKeywords.click(WebUiBuiltInKeywords.groovy:616)
	at com.kms.katalon.core.webui.keyword.WebUiBuiltInKeywords$click$6.call(Unknown Source)
	at com.functions.Uifunctions.createInvoiceLine(Uifunctions.groovy:199)
	at com.functions.Uifunctions$createInvoiceLine$2.call(Unknown Source)
	at Script1577197303304.run(Script1577197303304.groovy:30)
	... 13 more
)
	at com.kms.katalon.core.keyword.internal.KeywordMain.stepFailed(KeywordMain.groovy:39)
	at com.kms.katalon.core.webui.keyword.internal.WebUIKeywordMain.stepFailed(WebUIKeywordMain.groovy:64)
	at com.kms.katalon.core.webui.keyword.internal.WebUIKeywordMain.runKeyword(WebUIKeywordMain.groovy:26)
	at com.kms.katalon.core.webui.keyword.builtin.ClickKeyword.click(ClickKeyword.groovy:76)
	at com.kms.katalon.core.webui.keyword.builtin.ClickKeyword.execute(ClickKeyword.groovy:43)
	at com.kms.katalon.core.keyword.internal.KeywordExecutor.executeKeywordForPlatform(KeywordExecutor.groovy:73)
	at com.kms.katalon.core.webui.keyword.WebUiBuiltInKeywords.click(WebUiBuiltInKeywords.groovy:616)
	at com.kms.katalon.core.webui.keyword.WebUiBuiltInKeywords$click$6.call(Unknown Source)
	at com.functions.Uifunctions.createInvoiceLine(Uifunctions.groovy:199)
	at com.functions.Uifunctions$createInvoiceLine$2.call(Unknown Source)
	at FDR-Fund-Ratio-Validations.run(FDR-Fund-Ratio-Validations:30)
	at com.kms.katalon.core.main.ScriptEngine.run(ScriptEngine.java:194)
	at com.kms.katalon.core.main.ScriptEngine.runScriptAsRawText(ScriptEngine.java:119)
	at com.kms.katalon.core.main.TestCaseExecutor.runScript(TestCaseExecutor.java:339)
	at com.kms.katalon.core.main.TestCaseExecutor.doExecute(TestCaseExecutor.java:330)
	at com.kms.katalon.core.main.TestCaseExecutor.processExecutionPhase(TestCaseExecutor.java:309)
	at com.kms.katalon.core.main.TestCaseExecutor.accessMainPhase(TestCaseExecutor.java:301)
	at com.kms.katalon.core.main.TestCaseExecutor.execute(TestCaseExecutor.java:235)
	at com.kms.katalon.core.main.TestSuiteExecutor.accessTestCaseMainPhase(TestSuiteExecutor.java:191)
	at com.kms.katalon.core.main.TestSuiteExecutor.accessTestSuiteMainPhase(TestSuiteExecutor.java:141)
	at com.kms.katalon.core.main.TestSuiteExecutor.execute(TestSuiteExecutor.java:90)
	at com.kms.katalon.core.main.TestCaseMain.startTestSuite(TestCaseMain.java:157)
	at com.kms.katalon.core.main.TestCaseMain$startTestSuite$0.call(Unknown Source)
	at TempTestSuite1600204927094.run(TempTestSuite1600204927094.groovy:39)
Caused by: com.kms.katalon.core.exception.StepFailedException: Unable to click on object 'Object Repository/FDR-VoucherEntry/InvoiceLine/invoice'
	... 23 more
Caused by: com.kms.katalon.core.webui.exception.WebElementNotFoundException: Web element with id: 'Object Repository/FDR-VoucherEntry/InvoiceLine/invoice' located by '//*[@data-id='text-field']//input[@name='description']' not found
	at com.kms.katalon.core.webui.common.WebUiCommonHelper.findWebElement(WebUiCommonHelper.java:1368)
	at com.kms.katalon.core.webui.keyword.internal.WebUIAbstractKeyword.findWebElement(WebUIAbstractKeyword.groovy:27)
	at com.kms.katalon.core.webui.keyword.internal.WebUIAbstractKeyword.findWebElement(WebUIAbstractKeyword.groovy:26)
	at com.kms.katalon.core.webui.keyword.builtin.ClickKeyword$_click_closure1.doCall(ClickKeyword.groovy:67)
	at com.kms.katalon.core.webui.keyword.builtin.ClickKeyword$_click_closure1.call(ClickKeyword.groovy)
	at com.kms.katalon.core.webui.keyword.internal.WebUIKeywordMain.runKeyword(WebUIKeywordMain.groovy:20)
	... 21 more]]></system-out>
      <system-err><![CDATA[2020-09-15 14:22:14 - [TEST_SUITE][FAILED] - Voucher-Integration_Suite: Test Cases/WEB-UI-TESTS/Voucher/FDR-Fund-Ratio-Validations FAILED.
Reason:
com.kms.katalon.core.exception.StepFailedException: Unable to click on object 'Object Repository/FDR-VoucherEntry/InvoiceLine/invoice' (Root cause: com.kms.katalon.core.exception.StepFailedException: Unable to click on object 'Object Repository/FDR-VoucherEntry/InvoiceLine/invoice'
	at com.kms.katalon.core.webui.keyword.internal.WebUIKeywordMain.stepFailed(WebUIKeywordMain.groovy:64)
	at com.kms.katalon.core.webui.keyword.internal.WebUIKeywordMain.runKeyword(WebUIKeywordMain.groovy:26)
	at com.kms.katalon.core.webui.keyword.builtin.ClickKeyword.click(ClickKeyword.groovy:76)
	at com.kms.katalon.core.webui.keyword.builtin.ClickKeyword.execute(ClickKeyword.groovy:43)
	at com.kms.katalon.core.keyword.internal.KeywordExecutor.executeKeywordForPlatform(KeywordExecutor.groovy:73)
	at com.kms.katalon.core.webui.keyword.WebUiBuiltInKeywords.click(WebUiBuiltInKeywords.groovy:616)
	at com.kms.katalon.core.webui.keyword.WebUiBuiltInKeywords$click$6.call(Unknown Source)
	at com.functions.Uifunctions.createInvoiceLine(Uifunctions.groovy:199)
	at com.functions.Uifunctions$createInvoiceLine$2.call(Unknown Source)
	at FDR-Fund-Ratio-Validations.run(FDR-Fund-Ratio-Validations:30)
	at com.kms.katalon.core.main.ScriptEngine.run(ScriptEngine.java:194)
	at com.kms.katalon.core.main.ScriptEngine.runScriptAsRawText(ScriptEngine.java:119)
	at com.kms.katalon.core.main.TestCaseExecutor.runScript(TestCaseExecutor.java:339)
	at com.kms.katalon.core.main.TestCaseExecutor.doExecute(TestCaseExecutor.java:330)
	at com.kms.katalon.core.main.TestCaseExecutor.processExecutionPhase(TestCaseExecutor.java:309)
	at com.kms.katalon.core.main.TestCaseExecutor.accessMainPhase(TestCaseExecutor.java:301)
	at com.kms.katalon.core.main.TestCaseExecutor.execute(TestCaseExecutor.java:235)
	at com.kms.katalon.core.main.TestSuiteExecutor.accessTestCaseMainPhase(TestSuiteExecutor.java:191)
	at com.kms.katalon.core.main.TestSuiteExecutor.accessTestSuiteMainPhase(TestSuiteExecutor.java:141)
	at com.kms.katalon.core.main.TestSuiteExecutor.execute(TestSuiteExecutor.java:90)
	at com.kms.katalon.core.main.TestCaseMain.startTestSuite(TestCaseMain.java:157)
	at com.kms.katalon.core.main.TestCaseMain$startTestSuite$0.call(Unknown Source)
	at TempTestSuite1600204927094.run(TempTestSuite1600204927094.groovy:39)
Caused by: com.kms.katalon.core.webui.exception.WebElementNotFoundException: Web element with id: 'Object Repository/FDR-VoucherEntry/InvoiceLine/invoice' located by '//*[@data-id='text-field']//input[@name='description']' not found
	at com.kms.katalon.core.webui.common.WebUiCommonHelper.findWebElement(WebUiCommonHelper.java:1368)
	at com.kms.katalon.core.webui.keyword.internal.WebUIAbstractKeyword.findWebElement(WebUIAbstractKeyword.groovy:27)
	at com.kms.katalon.core.webui.keyword.internal.WebUIAbstractKeyword.findWebElement(WebUIAbstractKeyword.groovy:26)
	at com.kms.katalon.core.webui.keyword.builtin.ClickKeyword$_click_closure1.doCall(ClickKeyword.groovy:67)
	at com.kms.katalon.core.webui.keyword.builtin.ClickKeyword$_click_closure1.call(ClickKeyword.groovy)
	at com.kms.katalon.core.webui.keyword.internal.WebUIKeywordMain.runKeyword(WebUIKeywordMain.groovy:20)
	at com.kms.katalon.core.webui.keyword.builtin.ClickKeyword.click(ClickKeyword.groovy:76)
	at com.kms.katalon.core.webui.keyword.builtin.ClickKeyword.execute(ClickKeyword.groovy:43)
	at com.kms.katalon.core.keyword.internal.KeywordExecutor.executeKeywordForPlatform(KeywordExecutor.groovy:73)
	at com.kms.katalon.core.webui.keyword.WebUiBuiltInKeywords.click(WebUiBuiltInKeywords.groovy:616)
	at com.kms.katalon.core.webui.keyword.WebUiBuiltInKeywords$click$6.call(Unknown Source)
	at com.functions.Uifunctions.createInvoiceLine(Uifunctions.groovy:199)
	at com.functions.Uifunctions$createInvoiceLine$2.call(Unknown Source)
	at Script1577197303304.run(Script1577197303304.groovy:30)
	... 13 more
)
	at com.kms.katalon.core.keyword.internal.KeywordMain.stepFailed(KeywordMain.groovy:39)
	at com.kms.katalon.core.webui.keyword.internal.WebUIKeywordMain.stepFailed(WebUIKeywordMain.groovy:64)
	at com.kms.katalon.core.webui.keyword.internal.WebUIKeywordMain.runKeyword(WebUIKeywordMain.groovy:26)
	at com.kms.katalon.core.webui.keyword.builtin.ClickKeyword.click(ClickKeyword.groovy:76)
	at com.kms.katalon.core.webui.keyword.builtin.ClickKeyword.execute(ClickKeyword.groovy:43)
	at com.kms.katalon.core.keyword.internal.KeywordExecutor.executeKeywordForPlatform(KeywordExecutor.groovy:73)
	at com.kms.katalon.core.webui.keyword.WebUiBuiltInKeywords.click(WebUiBuiltInKeywords.groovy:616)
	at com.kms.katalon.core.webui.keyword.WebUiBuiltInKeywords$click$6.call(Unknown Source)
	at com.functions.Uifunctions.createInvoiceLine(Uifunctions.groovy:199)
	at com.functions.Uifunctions$createInvoiceLine$2.call(Unknown Source)
	at FDR-Fund-Ratio-Validations.run(FDR-Fund-Ratio-Validations:30)
	at com.kms.katalon.core.main.ScriptEngine.run(ScriptEngine.java:194)
	at com.kms.katalon.core.main.ScriptEngine.runScriptAsRawText(ScriptEngine.java:119)
	at com.kms.katalon.core.main.TestCaseExecutor.runScript(TestCaseExecutor.java:339)
	at com.kms.katalon.core.main.TestCaseExecutor.doExecute(TestCaseExecutor.java:330)
	at com.kms.katalon.core.main.TestCaseExecutor.processExecutionPhase(TestCaseExecutor.java:309)
	at com.kms.katalon.core.main.TestCaseExecutor.accessMainPhase(TestCaseExecutor.java:301)
	at com.kms.katalon.core.main.TestCaseExecutor.execute(TestCaseExecutor.java:235)
	at com.kms.katalon.core.main.TestSuiteExecutor.accessTestCaseMainPhase(TestSuiteExecutor.java:191)
	at com.kms.katalon.core.main.TestSuiteExecutor.accessTestSuiteMainPhase(TestSuiteExecutor.java:141)
	at com.kms.katalon.core.main.TestSuiteExecutor.execute(TestSuiteExecutor.java:90)
	at com.kms.katalon.core.main.TestCaseMain.startTestSuite(TestCaseMain.java:157)
	at com.kms.katalon.core.main.TestCaseMain$startTestSuite$0.call(Unknown Source)
	at TempTestSuite1600204927094.run(TempTestSuite1600204927094.groovy:39)
Caused by: com.kms.katalon.core.exception.StepFailedException: Unable to click on object 'Object Repository/FDR-VoucherEntry/InvoiceLine/invoice'
	... 23 more
Caused by: com.kms.katalon.core.webui.exception.WebElementNotFoundException: Web element with id: 'Object Repository/FDR-VoucherEntry/InvoiceLine/invoice' located by '//*[@data-id='text-field']//input[@name='description']' not found
	at com.kms.katalon.core.webui.common.WebUiCommonHelper.findWebElement(WebUiCommonHelper.java:1368)
	at com.kms.katalon.core.webui.keyword.internal.WebUIAbstractKeyword.findWebElement(WebUIAbstractKeyword.groovy:27)
	at com.kms.katalon.core.webui.keyword.internal.WebUIAbstractKeyword.findWebElement(WebUIAbstractKeyword.groovy:26)
	at com.kms.katalon.core.webui.keyword.builtin.ClickKeyword$_click_closure1.doCall(ClickKeyword.groovy:67)
	at com.kms.katalon.core.webui.keyword.builtin.ClickKeyword$_click_closure1.call(ClickKeyword.groovy)
	at com.kms.katalon.core.webui.keyword.internal.WebUIKeywordMain.runKeyword(WebUIKeywordMain.groovy:20)
	... 21 more]]></system-err>
   </testsuite>
</testsuites>
