<?xml version="1.0" encoding="UTF-8"?>
<testsuites name="FDR_Regression_Testing_Suite" time="1101.44" tests="8" failures="2" errors="0">
   <testsuite name="FDR_Regression_Testing_Suite" tests="8" failures="2" errors="0" time="1101.44" timestamp="2020-09-08 12:51:12" hostname="nagesh.allu - DESKTOP-9VU7G8T.attlocal.net" id="Test Suites/FDR_Regression_Testing_Suite">
      <properties>
         <property name="deviceName" value=""/>
         <property name="devicePlatform" value=""/>
         <property name="logFolder" value="C:\\fdr-automation-develop_08_25_2020\\Reports\\20200908_125110\\FDR_Regression_Testing_Suite\\20200908_125110"/>
         <property name="logFiles" value="C:\\fdr-automation-develop_08_25_2020\\Reports\\20200908_125110\\FDR_Regression_Testing_Suite\\20200908_125110\\execution0.log"/>
         <property name="attachments" value="C:\\fdr-automation-develop_08_25_2020\\Reports\\20200908_125110\\FDR_Regression_Testing_Suite\\20200908_125110\\1599595452654.png, C:\\fdr-automation-develop_08_25_2020\\Reports\\20200908_125110\\FDR_Regression_Testing_Suite\\20200908_125110\\1599595457466.png, C:\\fdr-automation-develop_08_25_2020\\Reports\\20200908_125110\\FDR_Regression_Testing_Suite\\20200908_125110\\1599595461954.png, C:\\fdr-automation-develop_08_25_2020\\Reports\\20200908_125110\\FDR_Regression_Testing_Suite\\20200908_125110\\1599595466395.png, C:\\fdr-automation-develop_08_25_2020\\Reports\\20200908_125110\\FDR_Regression_Testing_Suite\\20200908_125110\\1599595470902.png, C:\\fdr-automation-develop_08_25_2020\\Reports\\20200908_125110\\FDR_Regression_Testing_Suite\\20200908_125110\\1599595475283.png, C:\\fdr-automation-develop_08_25_2020\\Reports\\20200908_125110\\FDR_Regression_Testing_Suite\\20200908_125110\\1599595479707.png, C:\\fdr-automation-develop_08_25_2020\\Reports\\20200908_125110\\FDR_Regression_Testing_Suite\\20200908_125110\\1599595484096.png, C:\\fdr-automation-develop_08_25_2020\\Reports\\20200908_125110\\FDR_Regression_Testing_Suite\\20200908_125110\\1599595488462.png, C:\\fdr-automation-develop_08_25_2020\\Reports\\20200908_125110\\FDR_Regression_Testing_Suite\\20200908_125110\\1599595492921.png, C:\\fdr-automation-develop_08_25_2020\\Reports\\20200908_125110\\FDR_Regression_Testing_Suite\\20200908_125110\\1599595497395.png, C:\\fdr-automation-develop_08_25_2020\\Reports\\20200908_125110\\FDR_Regression_Testing_Suite\\20200908_125110\\1599595501920.png, C:\\fdr-automation-develop_08_25_2020\\Reports\\20200908_125110\\FDR_Regression_Testing_Suite\\20200908_125110\\1599595506331.png, C:\\fdr-automation-develop_08_25_2020\\Reports\\20200908_125110\\FDR_Regression_Testing_Suite\\20200908_125110\\1599595510699.png, C:\\fdr-automation-develop_08_25_2020\\Reports\\20200908_125110\\FDR_Regression_Testing_Suite\\20200908_125110\\1599595515086.png, C:\\fdr-automation-develop_08_25_2020\\Reports\\20200908_125110\\FDR_Regression_Testing_Suite\\20200908_125110\\1599595519542.png, C:\\fdr-automation-develop_08_25_2020\\Reports\\20200908_125110\\FDR_Regression_Testing_Suite\\20200908_125110\\1599595744252.png, C:\\fdr-automation-develop_08_25_2020\\Reports\\20200908_125110\\FDR_Regression_Testing_Suite\\20200908_125110\\1599595750911.png, C:\\fdr-automation-develop_08_25_2020\\Reports\\20200908_125110\\FDR_Regression_Testing_Suite\\20200908_125110\\1599595760248.png, C:\\fdr-automation-develop_08_25_2020\\Reports\\20200908_125110\\FDR_Regression_Testing_Suite\\20200908_125110\\1599595761856.png"/>
         <property name="hostName" value="nagesh.allu - DESKTOP-9VU7G8T.attlocal.net"/>
         <property name="os" value="Windows 10 64bit"/>
         <property name="katalonVersion" value="7.6.6.205"/>
         <property name="browser" value="Chrome 85.0.4183.83"/>
         <property name="hostAddress" value="192.168.1.188"/>
         <property name="sessionId" value="eb72c6ad875d89d620ff66d75cc20bf2"/>
         <property name="seleniumVersion" value="3.141.59"/>
         <property name="proxyInformation" value="ProxyInformation { proxyOption=NO_PROXY, proxyServerType=HTTP, username=, password=********, proxyServerAddress=, proxyServerPort=0, executionList=&quot;&quot;, isApplyToDesiredCapabilities=true }"/>
         <property name="platform" value="Windows 10"/>
      </properties>
      <testcase name="Test Cases/FDR_Smoke_Testing/FDR-Voucher_Add-AltAccountsDetailReview" time="41.08" classname="Test Cases/FDR_Smoke_Testing/FDR-Voucher_Add-AltAccountsDetailReview" status="PASSED">
         <system-out><![CDATA[2020-09-08 12:51:12 - [TEST_CASE][PASSED] - Test Cases/FDR_Smoke_Testing/FDR-Voucher_Add-AltAccountsDetailReview: Test Cases/FDR_Smoke_Testing/FDR-Voucher_Add-AltAccountsDetailReview

2020-09-08 12:51:12 - [TEST_STEP][PASSED] - Start listener action : sampleBeforeTestCase: null

2020-09-08 12:51:12 - [TEST_STEP][PASSED] - profileName = getExecutionProfile(): null

2020-09-08 12:51:12 - [TEST_STEP][PASSED] - switch (profileName): null

2020-09-08 12:51:12 - [TEST_STEP][PASSED] - case "superUser":: null

2020-09-08 12:51:12 - [TEST_STEP][PASSED] - return null: null

2020-09-08 12:51:12 - [TEST_STEP][PASSED] - Start listener action : beforeTestCase: null

2020-09-08 12:51:12 - [TEST_STEP][PASSED] - profileName = getExecutionProfile(): null

2020-09-08 12:51:12 - [TEST_STEP][PASSED] - if (profileName.equalsIgnoreCase("SysAdmin")): null

2020-09-08 12:51:12 - [TEST_STEP][PASSED] - Start listener action : sampleBeforeTestCase: null

2020-09-08 12:51:12 - [TEST_STEP][PASSED] - profileName = getExecutionProfile(): null

2020-09-08 12:51:12 - [TEST_STEP][PASSED] - testCaseId = testCaseContext.getTestCaseId(): null

2020-09-08 12:51:12 - [TEST_STEP][PASSED] - switch (profileName): null

2020-09-08 12:51:12 - [TEST_STEP][PASSED] - Default: null

2020-09-08 12:51:12 - [TEST_STEP][PASSED] - return null: null

2020-09-08 12:51:12 - [TEST_STEP][PASSED] - Start listener action : executeRows: null

2020-09-08 12:51:12 - [TEST_STEP][PASSED] - commonFunctions.login(superUserAccnt, superUserPwd): Object: 'Object Repository/FDR-SignIn/SignInButton' is clicked on

2020-09-08 12:51:13 - [MESSAGE][INFO] - Starting 'Chrome' driver

2020-09-08 12:51:13 - [MESSAGE][INFO] - Action delay is set to 0 milliseconds

2020-09-08 12:51:17 - [MESSAGE][PASSED] - Browser is opened with url: 'https://fdr-katalon.cammis-mod-dev.dhcs.ca.gov'

2020-09-08 12:51:20 - [MESSAGE][PASSED] - Current window maximized

2020-09-08 12:51:20 - [MESSAGE][PASSED] - Object 'Object Repository/FDR-SignIn/SignInEmail' is present

2020-09-08 12:51:20 - [MESSAGE][PASSED] - Object: 'Object Repository/FDR-SignIn/SignInEmail' is clicked on

2020-09-08 12:51:20 - [MESSAGE][PASSED] - Object 'Object Repository/FDR-SignIn/SignInEmail' is present

2020-09-08 12:51:21 - [MESSAGE][PASSED] - Text 'fdr.test11@dhcs.ca.gov' is set on object 'Object Repository/FDR-SignIn/SignInEmail'

2020-09-08 12:51:21 - [MESSAGE][PASSED] - Object 'Object Repository/FDR-SignIn/SignInEmailNext' is visible

2020-09-08 12:51:22 - [MESSAGE][PASSED] - Object: 'Object Repository/FDR-SignIn/SignInEmailNext' is clicked on

2020-09-08 12:51:26 - [MESSAGE][PASSED] - Object 'Object Repository/FDR-SignIn/SignInEmailPassword' is visible

2020-09-08 12:51:26 - [MESSAGE][PASSED] - Object: 'Object Repository/FDR-SignIn/SignInEmailPassword' is clicked on

2020-09-08 12:51:26 - [MESSAGE][PASSED] - Text ****** has been set on object 'Object Repository/FDR-SignIn/SignInEmailPassword'

2020-09-08 12:51:28 - [MESSAGE][PASSED] - Object: 'Object Repository/FDR-SignIn/SignInButton' is clicked on

2020-09-08 12:51:28 - [TEST_STEP][PASSED] - click(findTestObject("Object Repository/FDR-System-Admin/SysAdmin-Dashboard/maintainReferenceDataBtn")): Object: 'Object Repository/FDR-System-Admin/SysAdmin-Dashboard/maintainReferenceDataBtn' is clicked on

2020-09-08 12:51:30 - [MESSAGE][PASSED] - Object: 'Object Repository/FDR-System-Admin/SysAdmin-Dashboard/maintainReferenceDataBtn' is clicked on

2020-09-08 12:51:30 - [TEST_STEP][PASSED] - click(findTestObject("FDR-System-Admin/FDR-ReferencePage/reference-data")): Object: 'Object Repository/FDR-System-Admin/FDR-ReferencePage/reference-data' is clicked on

2020-09-08 12:51:31 - [MESSAGE][PASSED] - Object: 'Object Repository/FDR-System-Admin/FDR-ReferencePage/reference-data' is clicked on

2020-09-08 12:51:31 - [TEST_STEP][PASSED] - setText(findTestObject("FDR-System-Admin/FDR-ReferencePage/referenceDataNameInput"), "alt account"): Text 'alt account' is set on object 'Object Repository/FDR-System-Admin/FDR-ReferencePage/referenceDataNameInput'

2020-09-08 12:51:31 - [MESSAGE][PASSED] - Text 'alt account' is set on object 'Object Repository/FDR-System-Admin/FDR-ReferencePage/referenceDataNameInput'

2020-09-08 12:51:31 - [TEST_STEP][PASSED] - click(findTestObject("FDR-System-Admin/FDR-ReferencePage/altAccountReference/altAccountReview/altAccount")): Object: 'Object Repository/FDR-System-Admin/FDR-ReferencePage/altAccountReference/altAccountReview/altAccount' is clicked on

2020-09-08 12:51:32 - [MESSAGE][PASSED] - Object: 'Object Repository/FDR-System-Admin/FDR-ReferencePage/altAccountReference/altAccountReview/altAccount' is clicked on

2020-09-08 12:51:32 - [TEST_STEP][PASSED] - waitForElementPresent(findTestObject("FDR-System-Admin/FDR-Add-AltAccount/addAltAccountBtn"), 3): Object 'Object Repository/FDR-System-Admin/FDR-Add-AltAccount/addAltAccountBtn' is present

2020-09-08 12:51:33 - [MESSAGE][PASSED] - Object 'Object Repository/FDR-System-Admin/FDR-Add-AltAccount/addAltAccountBtn' is present

2020-09-08 12:51:33 - [TEST_STEP][PASSED] - click(findTestObject("FDR-System-Admin/FDR-Add-AltAccount/addAltAccountBtn")): Object: 'Object Repository/FDR-System-Admin/FDR-Add-AltAccount/addAltAccountBtn' is clicked on

2020-09-08 12:51:33 - [MESSAGE][PASSED] - Object: 'Object Repository/FDR-System-Admin/FDR-Add-AltAccount/addAltAccountBtn' is clicked on

2020-09-08 12:51:33 - [TEST_STEP][PASSED] - altAccountCode = RandomStringUtils.randomNumeric(10): null

2020-09-08 12:51:33 - [TEST_STEP][PASSED] - altAccountName = RandomStringUtils.randomAlphabetic(10): null

2020-09-08 12:51:33 - [TEST_STEP][PASSED] - waitForElementPresent(findTestObject("FDR-System-Admin/FDR-Add-AltAccount/altAccountCode"), 3): Object 'Object Repository/FDR-System-Admin/FDR-Add-AltAccount/altAccountCode' is present

2020-09-08 12:51:33 - [MESSAGE][PASSED] - Object 'Object Repository/FDR-System-Admin/FDR-Add-AltAccount/altAccountCode' is present

2020-09-08 12:51:33 - [TEST_STEP][PASSED] - setText(findTestObject("FDR-System-Admin/FDR-Add-AltAccount/altAccountCode"), altAccountCode): Text '5969307506' is set on object 'Object Repository/FDR-System-Admin/FDR-Add-AltAccount/altAccountCode'

2020-09-08 12:51:34 - [MESSAGE][PASSED] - Text '5969307506' is set on object 'Object Repository/FDR-System-Admin/FDR-Add-AltAccount/altAccountCode'

2020-09-08 12:51:34 - [TEST_STEP][PASSED] - waitForElementPresent(findTestObject("FDR-System-Admin/FDR-Add-AltAccount/altAccountName"), 3): Object 'Object Repository/FDR-System-Admin/FDR-Add-AltAccount/altAccountName' is present

2020-09-08 12:51:35 - [MESSAGE][PASSED] - Object 'Object Repository/FDR-System-Admin/FDR-Add-AltAccount/altAccountName' is present

2020-09-08 12:51:35 - [TEST_STEP][PASSED] - setText(findTestObject("FDR-System-Admin/FDR-Add-AltAccount/altAccountName"), altAccountName): Text 'OHwOMEwaac' is set on object 'Object Repository/FDR-System-Admin/FDR-Add-AltAccount/altAccountName'

2020-09-08 12:51:35 - [MESSAGE][PASSED] - Text 'OHwOMEwaac' is set on object 'Object Repository/FDR-System-Admin/FDR-Add-AltAccount/altAccountName'

2020-09-08 12:51:35 - [TEST_STEP][PASSED] - waitForElementPresent(findTestObject("FDR-System-Admin/FDR-Add-AltAccount/accountName"), 3): Object 'Object Repository/FDR-System-Admin/FDR-Add-AltAccount/accountName' is present

2020-09-08 12:51:36 - [MESSAGE][PASSED] - Object 'Object Repository/FDR-System-Admin/FDR-Add-AltAccount/accountName' is present

2020-09-08 12:51:36 - [TEST_STEP][PASSED] - click(findTestObject("FDR-System-Admin/FDR-Add-AltAccount/accountName")): Object: 'Object Repository/FDR-System-Admin/FDR-Add-AltAccount/accountName' is clicked on

2020-09-08 12:51:36 - [MESSAGE][PASSED] - Object: 'Object Repository/FDR-System-Admin/FDR-Add-AltAccount/accountName' is clicked on

2020-09-08 12:51:36 - [TEST_STEP][PASSED] - setText(findTestObject("FDR-System-Admin/FDR-Add-AltAccount/accountName"), "Grants and Subdivisions - Governmental"): Text 'Grants and Subdivisions - Governmental' is set on object 'Object Repository/FDR-System-Admin/FDR-Add-AltAccount/accountName'

2020-09-08 12:51:37 - [MESSAGE][PASSED] - Text 'Grants and Subdivisions - Governmental' is set on object 'Object Repository/FDR-System-Admin/FDR-Add-AltAccount/accountName'

2020-09-08 12:51:37 - [TEST_STEP][PASSED] - waitForElementPresent(findTestObject("Object Repository/FDR-System-Admin/FDR-Add-AltAccount/accountNameOption"), 3): Object 'Object Repository/FDR-System-Admin/FDR-Add-AltAccount/accountNameOption' is present

2020-09-08 12:51:37 - [MESSAGE][PASSED] - Object 'Object Repository/FDR-System-Admin/FDR-Add-AltAccount/accountNameOption' is present

2020-09-08 12:51:37 - [TEST_STEP][PASSED] - click(findTestObject("Object Repository/FDR-System-Admin/FDR-Add-AltAccount/accountNameOption")): Object: 'Object Repository/FDR-System-Admin/FDR-Add-AltAccount/accountNameOption' is clicked on

2020-09-08 12:51:38 - [MESSAGE][PASSED] - Object: 'Object Repository/FDR-System-Admin/FDR-Add-AltAccount/accountNameOption' is clicked on

2020-09-08 12:51:38 - [TEST_STEP][PASSED] - waitForElementPresent(findTestObject("Object Repository/FDR-System-Admin/FDR-Add-AltAccount/altAccountCancelBtn"), 5): Object 'Object Repository/FDR-System-Admin/FDR-Add-AltAccount/altAccountCancelBtn' is not present after 5 second(s)

2020-09-08 12:51:44 - [MESSAGE][INFO] - Unable to find the element located by 'By.xpath: //*[@data-id='action-button']/span[text()='Cancel']'. Please recheck the objects properties to make sure the desired element is located. 

2020-09-08 12:51:44 - [MESSAGE][WARNING] - Object 'Object Repository/FDR-System-Admin/FDR-Add-AltAccount/altAccountCancelBtn' is not present after 5 second(s)

2020-09-08 12:51:44 - [TEST_STEP][PASSED] - waitForElementPresent(findTestObject("FDR-System-Admin/FDR-Add-AltAccount/confirmAltAccountBtn"), 5): Object 'Object Repository/FDR-System-Admin/FDR-Add-AltAccount/confirmAltAccountBtn' is present

2020-09-08 12:51:44 - [MESSAGE][PASSED] - Object 'Object Repository/FDR-System-Admin/FDR-Add-AltAccount/confirmAltAccountBtn' is present

2020-09-08 12:51:44 - [TEST_STEP][PASSED] - click(findTestObject("FDR-System-Admin/FDR-Add-AltAccount/confirmAltAccountBtn")): Object: 'Object Repository/FDR-System-Admin/FDR-Add-AltAccount/confirmAltAccountBtn' is clicked on

2020-09-08 12:51:45 - [MESSAGE][PASSED] - Object: 'Object Repository/FDR-System-Admin/FDR-Add-AltAccount/confirmAltAccountBtn' is clicked on

2020-09-08 12:51:45 - [TEST_STEP][PASSED] - waitForElementPresent(findTestObject("FDR-System-Admin/FDR-Edit-AltAccount/editAltAccountElispsis"), 3): Object 'Object Repository/FDR-System-Admin/FDR-Edit-AltAccount/editAltAccountElispsis' is present

2020-09-08 12:51:45 - [MESSAGE][PASSED] - Object 'Object Repository/FDR-System-Admin/FDR-Edit-AltAccount/editAltAccountElispsis' is present

2020-09-08 12:51:45 - [TEST_STEP][PASSED] - click(findTestObject("FDR-System-Admin/FDR-Edit-AltAccount/editAltAccountElispsis")): Object: 'Object Repository/FDR-System-Admin/FDR-Edit-AltAccount/editAltAccountElispsis' is clicked on

2020-09-08 12:51:46 - [MESSAGE][PASSED] - Object: 'Object Repository/FDR-System-Admin/FDR-Edit-AltAccount/editAltAccountElispsis' is clicked on

2020-09-08 12:51:46 - [TEST_STEP][PASSED] - waitForElementPresent(findTestObject("FDR-System-Admin/FDR-Edit-AltAccount/editAltAccountBtn"), 3): Object 'Object Repository/FDR-System-Admin/FDR-Edit-AltAccount/editAltAccountBtn' is present

2020-09-08 12:51:46 - [MESSAGE][PASSED] - Object 'Object Repository/FDR-System-Admin/FDR-Edit-AltAccount/editAltAccountBtn' is present

2020-09-08 12:51:46 - [TEST_STEP][PASSED] - click(findTestObject("FDR-System-Admin/FDR-Edit-AltAccount/editAltAccountBtn")): Object: 'Object Repository/FDR-System-Admin/FDR-Edit-AltAccount/editAltAccountBtn' is clicked on

2020-09-08 12:51:47 - [MESSAGE][PASSED] - Object: 'Object Repository/FDR-System-Admin/FDR-Edit-AltAccount/editAltAccountBtn' is clicked on

2020-09-08 12:51:47 - [TEST_STEP][PASSED] - editAltAccountCode = RandomStringUtils.randomNumeric(10): null

2020-09-08 12:51:47 - [TEST_STEP][PASSED] - waitForElementPresent(findTestObject("FDR-System-Admin/FDR-Add-AltAccount/altAccountCode"), 3): Object 'Object Repository/FDR-System-Admin/FDR-Add-AltAccount/altAccountCode' is present

2020-09-08 12:51:47 - [MESSAGE][PASSED] - Object 'Object Repository/FDR-System-Admin/FDR-Add-AltAccount/altAccountCode' is present

2020-09-08 12:51:47 - [TEST_STEP][PASSED] - doubleClick(findTestObject("FDR-System-Admin/FDR-Add-AltAccount/altAccountCode")): Object: 'Object Repository/FDR-System-Admin/FDR-Add-AltAccount/altAccountCode' is double clicked on

2020-09-08 12:51:48 - [MESSAGE][PASSED] - Object: 'Object Repository/FDR-System-Admin/FDR-Add-AltAccount/altAccountCode' is double clicked on

2020-09-08 12:51:48 - [TEST_STEP][PASSED] - sendKeys(findTestObject("FDR-System-Admin/FDR-Add-AltAccount/altAccountCode"), Keys.chord(BACK_SPACE)): Keys 'BACK_SPACE + ' sent to object: 'Object Repository/FDR-System-Admin/FDR-Add-AltAccount/altAccountCode'

2020-09-08 12:51:48 - [MESSAGE][PASSED] - Keys 'BACK_SPACE + ' sent to object: 'Object Repository/FDR-System-Admin/FDR-Add-AltAccount/altAccountCode'

2020-09-08 12:51:48 - [TEST_STEP][PASSED] - setText(findTestObject("FDR-System-Admin/FDR-Add-AltAccount/altAccountCode"), editAltAccountCode): Text '2614837673' is set on object 'Object Repository/FDR-System-Admin/FDR-Add-AltAccount/altAccountCode'

2020-09-08 12:51:49 - [MESSAGE][PASSED] - Text '2614837673' is set on object 'Object Repository/FDR-System-Admin/FDR-Add-AltAccount/altAccountCode'

2020-09-08 12:51:49 - [TEST_STEP][PASSED] - waitForElementPresent(findTestObject("FDR-System-Admin/FDR-Edit-AltAccount/saveAltAccountBtn"), 3): Object 'Object Repository/FDR-System-Admin/FDR-Edit-AltAccount/saveAltAccountBtn' is present

2020-09-08 12:51:49 - [MESSAGE][PASSED] - Object 'Object Repository/FDR-System-Admin/FDR-Edit-AltAccount/saveAltAccountBtn' is present

2020-09-08 12:51:49 - [TEST_STEP][PASSED] - click(findTestObject("FDR-System-Admin/FDR-Edit-AltAccount/saveAltAccountBtn")): Object: 'Object Repository/FDR-System-Admin/FDR-Edit-AltAccount/saveAltAccountBtn' is clicked on

2020-09-08 12:51:50 - [MESSAGE][PASSED] - Object: 'Object Repository/FDR-System-Admin/FDR-Edit-AltAccount/saveAltAccountBtn' is clicked on

2020-09-08 12:51:50 - [TEST_STEP][PASSED] - waitForElementPresent(findTestObject("FDR-System-Admin/FDR-Add-AltAccount/altAccountHeader"), 3): Object 'Object Repository/FDR-System-Admin/FDR-Add-AltAccount/altAccountHeader' is present

2020-09-08 12:51:50 - [MESSAGE][PASSED] - Object 'Object Repository/FDR-System-Admin/FDR-Add-AltAccount/altAccountHeader' is present

2020-09-08 12:51:50 - [TEST_STEP][PASSED] - waitForElementPresent(findTestObject("FDR-System-Admin/FDR-Add-AltAccount/backToAltAccounts"), 3): Object 'Object Repository/FDR-System-Admin/FDR-Add-AltAccount/backToAltAccounts' is present

2020-09-08 12:51:51 - [MESSAGE][PASSED] - Object 'Object Repository/FDR-System-Admin/FDR-Add-AltAccount/backToAltAccounts' is present

2020-09-08 12:51:51 - [TEST_STEP][PASSED] - click(findTestObject("FDR-System-Admin/FDR-Add-AltAccount/backToAltAccounts")): Object: 'Object Repository/FDR-System-Admin/FDR-Add-AltAccount/backToAltAccounts' is clicked on

2020-09-08 12:51:51 - [MESSAGE][PASSED] - Object: 'Object Repository/FDR-System-Admin/FDR-Add-AltAccount/backToAltAccounts' is clicked on

2020-09-08 12:51:51 - [TEST_STEP][PASSED] - if (verifyElementPresent(findTestObject("FDR-System-Admin/FDR-ReferencePage/firstRowOfRefData"), 2)): null

2020-09-08 12:51:51 - [MESSAGE][PASSED] - Object 'Object Repository/FDR-System-Admin/FDR-ReferencePage/firstRowOfRefData' is present

2020-09-08 12:51:51 - [TEST_STEP][PASSED] - click(findTestObject("FDR-System-Admin/FDR-ReferencePage/firstRowOfRefData")): Object: 'Object Repository/FDR-System-Admin/FDR-ReferencePage/firstRowOfRefData' is clicked on

2020-09-08 12:51:52 - [MESSAGE][PASSED] - Object: 'Object Repository/FDR-System-Admin/FDR-ReferencePage/firstRowOfRefData' is clicked on

2020-09-08 12:51:52 - [TEST_STEP][PASSED] - waitForElementPresent(findTestObject("FDR-System-Admin/FDR-Add-AltAccount/altAccountHeader"), 3): Object 'Object Repository/FDR-System-Admin/FDR-Add-AltAccount/altAccountHeader' is present

2020-09-08 12:51:52 - [MESSAGE][PASSED] - Object 'Object Repository/FDR-System-Admin/FDR-Add-AltAccount/altAccountHeader' is present

2020-09-08 12:51:52 - [TEST_STEP][PASSED] - label = getText(findTestObject("FDR-System-Admin/FDR-ReferencePage/altAccountReference/altAccountReview/altAccountCode")): Text of object 'Object Repository/FDR-System-Admin/FDR-ReferencePage/altAccountReference/altAccountReview/altAccountCode' is: 'ALT ACCOUNT CODE'

2020-09-08 12:51:53 - [MESSAGE][PASSED] - Text of object 'Object Repository/FDR-System-Admin/FDR-ReferencePage/altAccountReference/altAccountReview/altAccountCode' is: 'ALT ACCOUNT CODE'

2020-09-08 12:51:53 - [TEST_STEP][PASSED] - assert label == "ALT ACCOUNT CODE": null

2020-09-08 12:51:53 - [TEST_STEP][PASSED] - commonFunctions.logout(): Browser is closed

2020-09-08 12:51:53 - [MESSAGE][PASSED] - Browser is closed

2020-09-08 12:51:53 - [TEST_STEP][PASSED] - Start listener action : sampleAfterTestCase: null

2020-09-08 12:51:53 - [TEST_STEP][PASSED] - profileName = getExecutionProfile(): null

2020-09-08 12:51:53 - [TEST_STEP][PASSED] - switch (profileName): null

2020-09-08 12:51:53 - [TEST_STEP][PASSED] - case "superUser":: null

2020-09-08 12:51:53 - [TEST_STEP][PASSED] - return null: null

2020-09-08 12:51:53 - [TEST_STEP][PASSED] - Start listener action : afterTestCase: null

2020-09-08 12:51:53 - [TEST_STEP][PASSED] - profileName = getExecutionProfile(): null

2020-09-08 12:51:53 - [TEST_STEP][PASSED] - if (profileName.equalsIgnoreCase("SysAdmin")): null

2020-09-08 12:51:53 - [TEST_STEP][PASSED] - Start listener action : sampleAfterTestCase: null

2020-09-08 12:51:53 - [TEST_STEP][PASSED] - profileName = getExecutionProfile(): null

2020-09-08 12:51:53 - [TEST_STEP][PASSED] - switch (profileName): null

2020-09-08 12:51:53 - [TEST_STEP][PASSED] - Default: null

2020-09-08 12:51:53 - [TEST_STEP][PASSED] - return null: null

2020-09-08 12:51:53 - [TEST_STEP][PASSED] - Start listener action : addFailedTCToList: null]]></system-out>
         <system-err><![CDATA[]]></system-err>
      </testcase>
      <testcase name="Test Cases/FDR_Smoke_Testing/FDR-Voucher_Delete_Invoice_DistributionLine" time="137.01" classname="Test Cases/FDR_Smoke_Testing/FDR-Voucher_Delete_Invoice_DistributionLine" status="PASSED">
         <system-out><![CDATA[2020-09-08 12:51:53 - [TEST_CASE][PASSED] - Test Cases/FDR_Smoke_Testing/FDR-Voucher_Delete_Invoice_DistributionLine: Test Cases/FDR_Smoke_Testing/FDR-Voucher_Delete_Invoice_DistributionLine

2020-09-08 12:51:53 - [TEST_STEP][PASSED] - Start listener action : sampleBeforeTestCase: null

2020-09-08 12:51:53 - [TEST_STEP][PASSED] - profileName = getExecutionProfile(): null

2020-09-08 12:51:53 - [TEST_STEP][PASSED] - switch (profileName): null

2020-09-08 12:51:53 - [TEST_STEP][PASSED] - case "superUser":: null

2020-09-08 12:51:53 - [TEST_STEP][PASSED] - return null: null

2020-09-08 12:51:53 - [TEST_STEP][PASSED] - Start listener action : beforeTestCase: null

2020-09-08 12:51:53 - [TEST_STEP][PASSED] - profileName = getExecutionProfile(): null

2020-09-08 12:51:53 - [TEST_STEP][PASSED] - if (profileName.equalsIgnoreCase("SysAdmin")): null

2020-09-08 12:51:53 - [TEST_STEP][PASSED] - Start listener action : sampleBeforeTestCase: null

2020-09-08 12:51:53 - [TEST_STEP][PASSED] - profileName = getExecutionProfile(): null

2020-09-08 12:51:53 - [TEST_STEP][PASSED] - testCaseId = testCaseContext.getTestCaseId(): null

2020-09-08 12:51:53 - [TEST_STEP][PASSED] - switch (profileName): null

2020-09-08 12:51:53 - [TEST_STEP][PASSED] - Default: null

2020-09-08 12:51:53 - [TEST_STEP][PASSED] - return null: null

2020-09-08 12:51:53 - [TEST_STEP][PASSED] - Start listener action : executeRows: null

2020-09-08 12:51:53 - [TEST_STEP][PASSED] - Datasheet = findTestData("End_2_End/End_2_End_Voucher"): null

2020-09-08 12:51:54 - [TEST_STEP][PASSED] - commonFunctions.login(superUserAccnt, superUserPwd): Object: 'Object Repository/FDR-SignIn/SignInButton' is clicked on

2020-09-08 12:51:54 - [MESSAGE][INFO] - Starting 'Chrome' driver

2020-09-08 12:51:54 - [MESSAGE][INFO] - Action delay is set to 0 milliseconds

2020-09-08 12:51:59 - [MESSAGE][PASSED] - Browser is opened with url: 'https://fdr-katalon.cammis-mod-dev.dhcs.ca.gov'

2020-09-08 12:52:01 - [MESSAGE][PASSED] - Current window maximized

2020-09-08 12:52:01 - [MESSAGE][PASSED] - Object 'Object Repository/FDR-SignIn/SignInEmail' is present

2020-09-08 12:52:02 - [MESSAGE][PASSED] - Object: 'Object Repository/FDR-SignIn/SignInEmail' is clicked on

2020-09-08 12:52:02 - [MESSAGE][PASSED] - Object 'Object Repository/FDR-SignIn/SignInEmail' is present

2020-09-08 12:52:03 - [MESSAGE][PASSED] - Text 'fdr.test11@dhcs.ca.gov' is set on object 'Object Repository/FDR-SignIn/SignInEmail'

2020-09-08 12:52:03 - [MESSAGE][PASSED] - Object 'Object Repository/FDR-SignIn/SignInEmailNext' is visible

2020-09-08 12:52:03 - [MESSAGE][PASSED] - Object: 'Object Repository/FDR-SignIn/SignInEmailNext' is clicked on

2020-09-08 12:52:06 - [MESSAGE][PASSED] - Object 'Object Repository/FDR-SignIn/SignInEmailPassword' is visible

2020-09-08 12:52:07 - [MESSAGE][PASSED] - Object: 'Object Repository/FDR-SignIn/SignInEmailPassword' is clicked on

2020-09-08 12:52:07 - [MESSAGE][PASSED] - Text ****** has been set on object 'Object Repository/FDR-SignIn/SignInEmailPassword'

2020-09-08 12:52:08 - [MESSAGE][PASSED] - Object: 'Object Repository/FDR-SignIn/SignInButton' is clicked on

2020-09-08 12:52:08 - [TEST_STEP][PASSED] - commonFunctions.selectRole("accountsPayableProcessor"): Object 'Object Repository/FDR-VoucherEntry/VoucherHeader/reviewButton' is not present after 2 second(s)

2020-09-08 12:52:11 - [MESSAGE][INFO] - Unable to find the element located by 'By.xpath: //*[@data-id='action-button']//*[contains(text(),'Review')]'. Please recheck the objects properties to make sure the desired element is located. 

2020-09-08 12:52:11 - [MESSAGE][WARNING] - Object 'Object Repository/FDR-VoucherEntry/VoucherHeader/reviewButton' is not present after 2 second(s)

2020-09-08 12:52:12 - [MESSAGE][PASSED] - Object: 'Object Repository/FDR-SuperUser-Dashboard/userExpandButton' is clicked on

2020-09-08 12:52:15 - [MESSAGE][INFO] - Unable to find the element located by 'By.xpath: //*[@data-id='action-button']//*[contains(text(),'Review')]'. Please recheck the objects properties to make sure the desired element is located. 

2020-09-08 12:52:15 - [MESSAGE][WARNING] - Object 'Object Repository/FDR-VoucherEntry/VoucherHeader/reviewButton' is not present after 2 second(s)

2020-09-08 12:52:15 - [MESSAGE][PASSED] - Object: 'Object Repository/FDR-SuperUser-Dashboard/accountsPayableProcessor' is clicked on

2020-09-08 12:52:18 - [MESSAGE][INFO] - Unable to find the element located by 'By.xpath: //*[@data-id='action-button']//*[contains(text(),'Review')]'. Please recheck the objects properties to make sure the desired element is located. 

2020-09-08 12:52:18 - [MESSAGE][WARNING] - Object 'Object Repository/FDR-VoucherEntry/VoucherHeader/reviewButton' is not present after 2 second(s)

2020-09-08 12:52:18 - [TEST_STEP][PASSED] - click(findTestObject("Object Repository/FDR-Dashboard/createNewVoucherButton")): Object: 'Object Repository/FDR-Dashboard/createNewVoucherButton' is clicked on

2020-09-08 12:52:19 - [MESSAGE][PASSED] - Object: 'Object Repository/FDR-Dashboard/createNewVoucherButton' is clicked on

2020-09-08 12:52:19 - [TEST_STEP][PASSED] - setText(findTestObject("FDR-VoucherEntry/Voucher/drawDate"), Datasheet.getValue("drawDate", 1)): Text '09/28/2020' is set on object 'Object Repository/FDR-VoucherEntry/Voucher/drawDate'

2020-09-08 12:52:20 - [MESSAGE][PASSED] - Text '09/28/2020' is set on object 'Object Repository/FDR-VoucherEntry/Voucher/drawDate'

2020-09-08 12:52:20 - [TEST_STEP][PASSED] - setText(findTestObject("FDR-VoucherEntry/Voucher/payDate"), Datasheet.getValue("payDate", 1)): Text '09/30/2020' is set on object 'Object Repository/FDR-VoucherEntry/Voucher/payDate'

2020-09-08 12:52:21 - [MESSAGE][PASSED] - Text '09/30/2020' is set on object 'Object Repository/FDR-VoucherEntry/Voucher/payDate'

2020-09-08 12:52:21 - [TEST_STEP][PASSED] - click(findTestObject("FDR-VoucherEntry/Voucher/programType")): Object: 'Object Repository/FDR-VoucherEntry/Voucher/programType' is clicked on

2020-09-08 12:52:21 - [MESSAGE][PASSED] - Object: 'Object Repository/FDR-VoucherEntry/Voucher/programType' is clicked on

2020-09-08 12:52:21 - [TEST_STEP][PASSED] - waitForElementPresent(findTestObject("FDR-VoucherEntry/Voucher/programType"), 2): Object 'Object Repository/FDR-VoucherEntry/Voucher/programType' is present

2020-09-08 12:52:22 - [MESSAGE][PASSED] - Object 'Object Repository/FDR-VoucherEntry/Voucher/programType' is present

2020-09-08 12:52:22 - [TEST_STEP][PASSED] - setText(findTestObject("FDR-VoucherEntry/Voucher/programType"), Datasheet.getValue("programType", 1)): Text 'Medical Assistance (MA)' is set on object 'Object Repository/FDR-VoucherEntry/Voucher/programType'

2020-09-08 12:52:22 - [MESSAGE][PASSED] - Text 'Medical Assistance (MA)' is set on object 'Object Repository/FDR-VoucherEntry/Voucher/programType'

2020-09-08 12:52:22 - [TEST_STEP][PASSED] - waitForElementPresent(findTestObject("FDR-VoucherEntry/Voucher/programType"), 3): Object 'Object Repository/FDR-VoucherEntry/Voucher/programType' is present

2020-09-08 12:52:23 - [MESSAGE][PASSED] - Object 'Object Repository/FDR-VoucherEntry/Voucher/programType' is present

2020-09-08 12:52:23 - [TEST_STEP][PASSED] - sendKeys(findTestObject("FDR-VoucherEntry/Voucher/programType"), Keys.chord(DOWN, ENTER)): Keys 'DOWN + ENTER + ' sent to object: 'Object Repository/FDR-VoucherEntry/Voucher/programType'

2020-09-08 12:52:23 - [MESSAGE][PASSED] - Keys 'DOWN + ENTER + ' sent to object: 'Object Repository/FDR-VoucherEntry/Voucher/programType'

2020-09-08 12:52:23 - [TEST_STEP][PASSED] - click(findTestObject("FDR-VoucherEntry/Voucher/invoiceType")): Object: 'Object Repository/FDR-VoucherEntry/Voucher/invoiceType' is clicked on

2020-09-08 12:52:24 - [MESSAGE][PASSED] - Object: 'Object Repository/FDR-VoucherEntry/Voucher/invoiceType' is clicked on

2020-09-08 12:52:24 - [TEST_STEP][PASSED] - waitForElementPresent(findTestObject("FDR-VoucherEntry/Voucher/invoiceType"), 2): Object 'Object Repository/FDR-VoucherEntry/Voucher/invoiceType' is present

2020-09-08 12:52:24 - [MESSAGE][PASSED] - Object 'Object Repository/FDR-VoucherEntry/Voucher/invoiceType' is present

2020-09-08 12:52:24 - [TEST_STEP][PASSED] - sendKeys(findTestObject("FDR-VoucherEntry/Voucher/invoiceType"), Datasheet.getValue("invoiceType", 1)): Keys 'CAP' sent to object: 'Object Repository/FDR-VoucherEntry/Voucher/invoiceType'

2020-09-08 12:52:24 - [MESSAGE][PASSED] - Keys 'CAP' sent to object: 'Object Repository/FDR-VoucherEntry/Voucher/invoiceType'

2020-09-08 12:52:24 - [TEST_STEP][PASSED] - sendKeys(findTestObject("FDR-VoucherEntry/Voucher/invoiceType"), Keys.chord(DOWN, ENTER)): Keys 'DOWN + ENTER + ' sent to object: 'Object Repository/FDR-VoucherEntry/Voucher/invoiceType'

2020-09-08 12:52:25 - [MESSAGE][PASSED] - Keys 'DOWN + ENTER + ' sent to object: 'Object Repository/FDR-VoucherEntry/Voucher/invoiceType'

2020-09-08 12:52:25 - [TEST_STEP][PASSED] - click(findTestObject("FDR-VoucherEntry/Voucher/fundcode")): Object: 'Object Repository/FDR-VoucherEntry/Voucher/fundcode' is clicked on

2020-09-08 12:52:25 - [MESSAGE][PASSED] - Object: 'Object Repository/FDR-VoucherEntry/Voucher/fundcode' is clicked on

2020-09-08 12:52:25 - [TEST_STEP][PASSED] - waitForElementPresent(findTestObject("FDR-VoucherEntry/Voucher/fundcode"), 1): Object 'Object Repository/FDR-VoucherEntry/Voucher/fundcode' is present

2020-09-08 12:52:26 - [MESSAGE][PASSED] - Object 'Object Repository/FDR-VoucherEntry/Voucher/fundcode' is present

2020-09-08 12:52:26 - [TEST_STEP][PASSED] - sendKeys(findTestObject("FDR-VoucherEntry/Voucher/fundcode"), Datasheet.getValue("fundcode", 1)): Keys 'Health Care Deposit Fund (0912)' sent to object: 'Object Repository/FDR-VoucherEntry/Voucher/fundcode'

2020-09-08 12:52:26 - [MESSAGE][PASSED] - Keys 'Health Care Deposit Fund (0912)' sent to object: 'Object Repository/FDR-VoucherEntry/Voucher/fundcode'

2020-09-08 12:52:26 - [TEST_STEP][PASSED] - sendKeys(findTestObject("FDR-VoucherEntry/Voucher/fundcode"), Keys.chord(DOWN, ENTER)): Keys 'DOWN + ENTER + ' sent to object: 'Object Repository/FDR-VoucherEntry/Voucher/fundcode'

2020-09-08 12:52:27 - [MESSAGE][PASSED] - Keys 'DOWN + ENTER + ' sent to object: 'Object Repository/FDR-VoucherEntry/Voucher/fundcode'

2020-09-08 12:52:27 - [TEST_STEP][PASSED] - click(findTestObject("FDR-VoucherEntry/Voucher/supplierID")): Object: 'Object Repository/FDR-VoucherEntry/Voucher/supplierID' is clicked on

2020-09-08 12:52:27 - [MESSAGE][PASSED] - Object: 'Object Repository/FDR-VoucherEntry/Voucher/supplierID' is clicked on

2020-09-08 12:52:27 - [TEST_STEP][PASSED] - waitForElementPresent(findTestObject("FDR-VoucherEntry/Voucher/supplierID"), 1): Object 'Object Repository/FDR-VoucherEntry/Voucher/supplierID' is present

2020-09-08 12:52:28 - [MESSAGE][PASSED] - Object 'Object Repository/FDR-VoucherEntry/Voucher/supplierID' is present

2020-09-08 12:52:28 - [TEST_STEP][PASSED] - sendKeys(findTestObject("FDR-VoucherEntry/Voucher/supplierID"), Datasheet.getValue("supplierID", 1)): Keys '0000007954' sent to object: 'Object Repository/FDR-VoucherEntry/Voucher/supplierID'

2020-09-08 12:52:28 - [MESSAGE][PASSED] - Keys '0000007954' sent to object: 'Object Repository/FDR-VoucherEntry/Voucher/supplierID'

2020-09-08 12:52:28 - [TEST_STEP][PASSED] - sendKeys(findTestObject("FDR-VoucherEntry/Voucher/supplierID"), Keys.chord(DOWN, ENTER)): Keys 'DOWN + ENTER + ' sent to object: 'Object Repository/FDR-VoucherEntry/Voucher/supplierID'

2020-09-08 12:52:29 - [MESSAGE][PASSED] - Keys 'DOWN + ENTER + ' sent to object: 'Object Repository/FDR-VoucherEntry/Voucher/supplierID'

2020-09-08 12:52:29 - [TEST_STEP][PASSED] - click(findTestObject("FDR-VoucherEntry/Voucher/seqNum")): Object: 'Object Repository/FDR-VoucherEntry/Voucher/seqNum' is clicked on

2020-09-08 12:52:29 - [MESSAGE][PASSED] - Object: 'Object Repository/FDR-VoucherEntry/Voucher/seqNum' is clicked on

2020-09-08 12:52:29 - [TEST_STEP][PASSED] - waitForElementPresent(findTestObject("FDR-VoucherEntry/Voucher/seqNum"), 3): Object 'Object Repository/FDR-VoucherEntry/Voucher/seqNum' is present

2020-09-08 12:52:30 - [MESSAGE][PASSED] - Object 'Object Repository/FDR-VoucherEntry/Voucher/seqNum' is present

2020-09-08 12:52:30 - [TEST_STEP][PASSED] - sendKeys(findTestObject("FDR-VoucherEntry/Voucher/supplierID"), Datasheet.getValue("seqNum", 1)): Keys '01' sent to object: 'Object Repository/FDR-VoucherEntry/Voucher/supplierID'

2020-09-08 12:52:30 - [MESSAGE][PASSED] - Keys '01' sent to object: 'Object Repository/FDR-VoucherEntry/Voucher/supplierID'

2020-09-08 12:52:30 - [TEST_STEP][PASSED] - click(findTestObject("FDR-VoucherEntry/Voucher/seqNum")): Object: 'Object Repository/FDR-VoucherEntry/Voucher/seqNum' is clicked on

2020-09-08 12:52:31 - [MESSAGE][PASSED] - Object: 'Object Repository/FDR-VoucherEntry/Voucher/seqNum' is clicked on

2020-09-08 12:52:31 - [TEST_STEP][PASSED] - sendKeys(findTestObject("FDR-VoucherEntry/Voucher/seqNum"), Keys.chord(DOWN, ENTER)): Keys 'DOWN + ENTER + ' sent to object: 'Object Repository/FDR-VoucherEntry/Voucher/seqNum'

2020-09-08 12:52:31 - [MESSAGE][PASSED] - Keys 'DOWN + ENTER + ' sent to object: 'Object Repository/FDR-VoucherEntry/Voucher/seqNum'

2020-09-08 12:52:31 - [TEST_STEP][PASSED] - click(findTestObject("FDR-VoucherEntry/Voucher/contractNum")): Object: 'Object Repository/FDR-VoucherEntry/Voucher/contractNum' is clicked on

2020-09-08 12:52:32 - [MESSAGE][PASSED] - Object: 'Object Repository/FDR-VoucherEntry/Voucher/contractNum' is clicked on

2020-09-08 12:52:32 - [TEST_STEP][PASSED] - waitForElementPresent(findTestObject("FDR-VoucherEntry/Voucher/contractNum"), 1): Object 'Object Repository/FDR-VoucherEntry/Voucher/contractNum' is present

2020-09-08 12:52:32 - [MESSAGE][PASSED] - Object 'Object Repository/FDR-VoucherEntry/Voucher/contractNum' is present

2020-09-08 12:52:32 - [TEST_STEP][PASSED] - sendKeys(findTestObject("FDR-VoucherEntry/Voucher/contractNum"), Datasheet.getValue("contractNum", 1)): Keys '07-65707' sent to object: 'Object Repository/FDR-VoucherEntry/Voucher/contractNum'

2020-09-08 12:52:32 - [MESSAGE][PASSED] - Keys '07-65707' sent to object: 'Object Repository/FDR-VoucherEntry/Voucher/contractNum'

2020-09-08 12:52:32 - [TEST_STEP][PASSED] - click(findTestObject("FDR-VoucherEntry/Voucher/contractNum")): Object: 'Object Repository/FDR-VoucherEntry/Voucher/contractNum' is clicked on

2020-09-08 12:52:33 - [MESSAGE][PASSED] - Object: 'Object Repository/FDR-VoucherEntry/Voucher/contractNum' is clicked on

2020-09-08 12:52:33 - [TEST_STEP][PASSED] - sendKeys(findTestObject("FDR-VoucherEntry/Voucher/contractNum"), Keys.chord(DOWN, ENTER)): Keys 'DOWN + ENTER + ' sent to object: 'Object Repository/FDR-VoucherEntry/Voucher/contractNum'

2020-09-08 12:52:33 - [MESSAGE][PASSED] - Keys 'DOWN + ENTER + ' sent to object: 'Object Repository/FDR-VoucherEntry/Voucher/contractNum'

2020-09-08 12:52:33 - [TEST_STEP][PASSED] - click(findTestObject("FDR-VoucherEntry/Voucher/vendorMessage")): Object: 'Object Repository/FDR-VoucherEntry/Voucher/vendorMessage' is clicked on

2020-09-08 12:52:34 - [MESSAGE][PASSED] - Object: 'Object Repository/FDR-VoucherEntry/Voucher/vendorMessage' is clicked on

2020-09-08 12:52:34 - [TEST_STEP][PASSED] - setText(findTestObject("Object Repository/FDR-VoucherEntry/Voucher/vendorMessage"), Datasheet.getValue("vendorMessage", 1)): Text 'TestCase ONE' is set on object 'Object Repository/FDR-VoucherEntry/Voucher/vendorMessage'

2020-09-08 12:52:35 - [MESSAGE][PASSED] - Text 'TestCase ONE' is set on object 'Object Repository/FDR-VoucherEntry/Voucher/vendorMessage'

2020-09-08 12:52:35 - [TEST_STEP][PASSED] - click(findTestObject("FDR-VoucherEntry/Voucher/primaryContact")): Object: 'Object Repository/FDR-VoucherEntry/Voucher/primaryContact' is clicked on

2020-09-08 12:52:35 - [MESSAGE][PASSED] - Object: 'Object Repository/FDR-VoucherEntry/Voucher/primaryContact' is clicked on

2020-09-08 12:52:35 - [TEST_STEP][PASSED] - waitForElementPresent(findTestObject("FDR-VoucherEntry/Voucher/primaryContact"), 1): Object 'Object Repository/FDR-VoucherEntry/Voucher/primaryContact' is present

2020-09-08 12:52:36 - [MESSAGE][PASSED] - Object 'Object Repository/FDR-VoucherEntry/Voucher/primaryContact' is present

2020-09-08 12:52:36 - [TEST_STEP][PASSED] - sendKeys(findTestObject("FDR-VoucherEntry/Voucher/primaryContact"), Datasheet.getValue("primaryContact", 1)): Keys 'James Mowrer' sent to object: 'Object Repository/FDR-VoucherEntry/Voucher/primaryContact'

2020-09-08 12:52:36 - [MESSAGE][PASSED] - Keys 'James Mowrer' sent to object: 'Object Repository/FDR-VoucherEntry/Voucher/primaryContact'

2020-09-08 12:52:36 - [TEST_STEP][PASSED] - sendKeys(findTestObject("FDR-VoucherEntry/Voucher/primaryContact"), Keys.chord(DOWN, ENTER)): Keys 'DOWN + ENTER + ' sent to object: 'Object Repository/FDR-VoucherEntry/Voucher/primaryContact'

2020-09-08 12:52:37 - [MESSAGE][PASSED] - Keys 'DOWN + ENTER + ' sent to object: 'Object Repository/FDR-VoucherEntry/Voucher/primaryContact'

2020-09-08 12:52:37 - [TEST_STEP][PASSED] - click(findTestObject("FDR-VoucherEntry/Voucher/secondaryContact")): Object: 'Object Repository/FDR-VoucherEntry/Voucher/secondaryContact' is clicked on

2020-09-08 12:52:37 - [MESSAGE][PASSED] - Object: 'Object Repository/FDR-VoucherEntry/Voucher/secondaryContact' is clicked on

2020-09-08 12:52:37 - [TEST_STEP][PASSED] - waitForElementPresent(findTestObject("FDR-VoucherEntry/Voucher/secondaryContact"), 1): Object 'Object Repository/FDR-VoucherEntry/Voucher/secondaryContact' is present

2020-09-08 12:52:38 - [MESSAGE][PASSED] - Object 'Object Repository/FDR-VoucherEntry/Voucher/secondaryContact' is present

2020-09-08 12:52:38 - [TEST_STEP][PASSED] - sendKeys(findTestObject("FDR-VoucherEntry/Voucher/secondaryContact"), Datasheet.getValue("secondaryContact", 1)): Keys 'Aung Lin' sent to object: 'Object Repository/FDR-VoucherEntry/Voucher/secondaryContact'

2020-09-08 12:52:38 - [MESSAGE][PASSED] - Keys 'Aung Lin' sent to object: 'Object Repository/FDR-VoucherEntry/Voucher/secondaryContact'

2020-09-08 12:52:38 - [TEST_STEP][PASSED] - sendKeys(findTestObject("FDR-VoucherEntry/Voucher/secondaryContact"), Keys.chord(DOWN, ENTER)): Keys 'DOWN + ENTER + ' sent to object: 'Object Repository/FDR-VoucherEntry/Voucher/secondaryContact'

2020-09-08 12:52:39 - [MESSAGE][PASSED] - Keys 'DOWN + ENTER + ' sent to object: 'Object Repository/FDR-VoucherEntry/Voucher/secondaryContact'

2020-09-08 12:52:39 - [TEST_STEP][PASSED] - click(findTestObject("FDR-VoucherEntry/Voucher/buttonNext")): Object: 'Object Repository/FDR-VoucherEntry/Voucher/buttonNext' is clicked on

2020-09-08 12:52:39 - [MESSAGE][PASSED] - Object: 'Object Repository/FDR-VoucherEntry/Voucher/buttonNext' is clicked on

2020-09-08 12:52:39 - [TEST_STEP][PASSED] - delay(3): Delayed 3 second(s)

2020-09-08 12:52:42 - [MESSAGE][PASSED] - Delayed 3 second(s)

2020-09-08 12:52:42 - [TEST_STEP][PASSED] - noOfLine = Datasheet.getValue("NoOfLines", 1): null

2020-09-08 12:52:42 - [TEST_STEP][PASSED] - str = noOfLine: null

2020-09-08 12:52:42 - [TEST_STEP][PASSED] - for ([j = 1, j <= str, (j++)]): Object: 'Object Repository/FDR-VoucherEntry/DistributionLine/addSaveButton' is clicked on

2020-09-08 12:52:42 - [TEST_STEP][PASSED] - irandom = Random().nextInt(900000) + 100000: null

2020-09-08 12:52:42 - [TEST_STEP][PASSED] - click(findTestObject("FDR-VoucherEntry/InvoiceLine/invoice")): Object: 'Object Repository/FDR-VoucherEntry/InvoiceLine/invoice' is clicked on

2020-09-08 12:52:43 - [MESSAGE][PASSED] - Object: 'Object Repository/FDR-VoucherEntry/InvoiceLine/invoice' is clicked on

2020-09-08 12:52:43 - [TEST_STEP][PASSED] - setText(findTestObject("FDR-VoucherEntry/InvoiceLine/invoice"), "INC-" + irandom): Text 'INC-590065' is set on object 'Object Repository/FDR-VoucherEntry/InvoiceLine/invoice'

2020-09-08 12:52:43 - [MESSAGE][PASSED] - Text 'INC-590065' is set on object 'Object Repository/FDR-VoucherEntry/InvoiceLine/invoice'

2020-09-08 12:52:43 - [TEST_STEP][PASSED] - click(findTestObject("FDR-VoucherEntry/InvoiceLine/invoiceDate")): Object: 'Object Repository/FDR-VoucherEntry/InvoiceLine/invoiceDate' is clicked on

2020-09-08 12:52:44 - [MESSAGE][PASSED] - Object: 'Object Repository/FDR-VoucherEntry/InvoiceLine/invoiceDate' is clicked on

2020-09-08 12:52:44 - [TEST_STEP][PASSED] - setText(findTestObject("FDR-VoucherEntry/InvoiceLine/invoiceDate"), Datasheet.getValue("invoiceDate", 1)): Text '09/08/2020' is set on object 'Object Repository/FDR-VoucherEntry/InvoiceLine/invoiceDate'

2020-09-08 12:52:45 - [MESSAGE][PASSED] - Text '09/08/2020' is set on object 'Object Repository/FDR-VoucherEntry/InvoiceLine/invoiceDate'

2020-09-08 12:52:45 - [TEST_STEP][PASSED] - click(findTestObject("FDR-VoucherEntry/InvoiceLine/originalWarrantDate")): Object: 'Object Repository/FDR-VoucherEntry/InvoiceLine/originalWarrantDate' is clicked on

2020-09-08 12:52:45 - [MESSAGE][PASSED] - Object: 'Object Repository/FDR-VoucherEntry/InvoiceLine/originalWarrantDate' is clicked on

2020-09-08 12:52:45 - [TEST_STEP][PASSED] - setText(findTestObject("FDR-VoucherEntry/InvoiceLine/originalWarrantDate"), Datasheet.getValue("originalWarrantDate", 1)): Text '09/08/2020' is set on object 'Object Repository/FDR-VoucherEntry/InvoiceLine/originalWarrantDate'

2020-09-08 12:52:46 - [MESSAGE][PASSED] - Text '09/08/2020' is set on object 'Object Repository/FDR-VoucherEntry/InvoiceLine/originalWarrantDate'

2020-09-08 12:52:46 - [TEST_STEP][PASSED] - delay(3): Delayed 3 second(s)

2020-09-08 12:52:49 - [MESSAGE][PASSED] - Delayed 3 second(s)

2020-09-08 12:52:49 - [TEST_STEP][PASSED] - click(findTestObject("FDR-VoucherEntry/InvoiceLine/addInvoiceLineButton")): Object: 'Object Repository/FDR-VoucherEntry/InvoiceLine/addInvoiceLineButton' is clicked on

2020-09-08 12:52:49 - [MESSAGE][PASSED] - Object: 'Object Repository/FDR-VoucherEntry/InvoiceLine/addInvoiceLineButton' is clicked on

2020-09-08 12:52:49 - [TEST_STEP][PASSED] - delay(5): Delayed 5 second(s)

2020-09-08 12:52:54 - [MESSAGE][PASSED] - Delayed 5 second(s)

2020-09-08 12:52:54 - [TEST_STEP][PASSED] - if (j == 1): Object: 'Object Repository/FDR-EditVoucher/expandicon1' is clicked on

2020-09-08 12:52:54 - [TEST_STEP][PASSED] - click(findTestObject("Object Repository/FDR-EditVoucher/expandicon1")): Object: 'Object Repository/FDR-EditVoucher/expandicon1' is clicked on

2020-09-08 12:52:54 - [MESSAGE][PASSED] - Object: 'Object Repository/FDR-EditVoucher/expandicon1' is clicked on

2020-09-08 12:52:54 - [TEST_STEP][PASSED] - click(findTestObject("FDR-VoucherEntry/InvoiceLine/invoiceAddlineButton")): Object: 'Object Repository/FDR-VoucherEntry/InvoiceLine/invoiceAddlineButton' is clicked on

2020-09-08 12:52:55 - [MESSAGE][PASSED] - Object: 'Object Repository/FDR-VoucherEntry/InvoiceLine/invoiceAddlineButton' is clicked on

2020-09-08 12:52:55 - [TEST_STEP][PASSED] - click(findTestObject("FDR-VoucherEntry/DistributionLine/serviceDateFrom")): Object: 'Object Repository/FDR-VoucherEntry/DistributionLine/serviceDateFrom' is clicked on

2020-09-08 12:52:56 - [MESSAGE][PASSED] - Object: 'Object Repository/FDR-VoucherEntry/DistributionLine/serviceDateFrom' is clicked on

2020-09-08 12:52:56 - [TEST_STEP][PASSED] - setText(findTestObject("FDR-VoucherEntry/DistributionLine/serviceDateFrom"), Datasheet.getValue("serviceDateFrom", 1)): Text '09/08/2020' is set on object 'Object Repository/FDR-VoucherEntry/DistributionLine/serviceDateFrom'

2020-09-08 12:52:57 - [MESSAGE][PASSED] - Text '09/08/2020' is set on object 'Object Repository/FDR-VoucherEntry/DistributionLine/serviceDateFrom'

2020-09-08 12:52:57 - [TEST_STEP][PASSED] - setText(findTestObject("FDR-VoucherEntry/DistributionLine/serviceDateTo"), Datasheet.getValue("serviceDateTo", 1)): Text '09/08/2020' is set on object 'Object Repository/FDR-VoucherEntry/DistributionLine/serviceDateTo'

2020-09-08 12:52:58 - [MESSAGE][PASSED] - Text '09/08/2020' is set on object 'Object Repository/FDR-VoucherEntry/DistributionLine/serviceDateTo'

2020-09-08 12:52:58 - [TEST_STEP][PASSED] - click(findTestObject("FDR-VoucherEntry/DistributionLine/amount")): Object: 'Object Repository/FDR-VoucherEntry/DistributionLine/amount' is clicked on

2020-09-08 12:52:58 - [MESSAGE][PASSED] - Object: 'Object Repository/FDR-VoucherEntry/DistributionLine/amount' is clicked on

2020-09-08 12:52:58 - [TEST_STEP][PASSED] - setText(findTestObject("FDR-VoucherEntry/DistributionLine/amount"), Datasheet.getValue("amount", 1)): Text '100000' is set on object 'Object Repository/FDR-VoucherEntry/DistributionLine/amount'

2020-09-08 12:52:59 - [MESSAGE][PASSED] - Text '100000' is set on object 'Object Repository/FDR-VoucherEntry/DistributionLine/amount'

2020-09-08 12:52:59 - [TEST_STEP][PASSED] - click(findTestObject("FDR-VoucherEntry/DistributionLine/waiverType")): Object: 'Object Repository/FDR-VoucherEntry/DistributionLine/waiverType' is clicked on

2020-09-08 12:53:00 - [MESSAGE][PASSED] - Object: 'Object Repository/FDR-VoucherEntry/DistributionLine/waiverType' is clicked on

2020-09-08 12:53:00 - [TEST_STEP][PASSED] - setText(findTestObject("FDR-VoucherEntry/DistributionLine/waiverType"), Datasheet.getValue("waiverType", 1)): Text '2020' is set on object 'Object Repository/FDR-VoucherEntry/DistributionLine/waiverType'

2020-09-08 12:53:01 - [MESSAGE][PASSED] - Text '2020' is set on object 'Object Repository/FDR-VoucherEntry/DistributionLine/waiverType'

2020-09-08 12:53:01 - [TEST_STEP][PASSED] - sendKeys(findTestObject("FDR-VoucherEntry/DistributionLine/waiverType"), Keys.chord(DOWN, ENTER)): Keys 'DOWN + ENTER + ' sent to object: 'Object Repository/FDR-VoucherEntry/DistributionLine/waiverType'

2020-09-08 12:53:02 - [MESSAGE][PASSED] - Keys 'DOWN + ENTER + ' sent to object: 'Object Repository/FDR-VoucherEntry/DistributionLine/waiverType'

2020-09-08 12:53:02 - [TEST_STEP][PASSED] - click(findTestObject("FDR-VoucherEntry/DistributionLine/waiverName")): Object: 'Object Repository/FDR-VoucherEntry/DistributionLine/waiverName' is clicked on

2020-09-08 12:53:02 - [MESSAGE][PASSED] - Object: 'Object Repository/FDR-VoucherEntry/DistributionLine/waiverName' is clicked on

2020-09-08 12:53:02 - [TEST_STEP][PASSED] - setText(findTestObject("FDR-VoucherEntry/DistributionLine/waiverName"), Datasheet.getValue("waiverName", 1)): Text 'A-FamilyU TPM/GMC' is set on object 'Object Repository/FDR-VoucherEntry/DistributionLine/waiverName'

2020-09-08 12:53:03 - [MESSAGE][PASSED] - Text 'A-FamilyU TPM/GMC' is set on object 'Object Repository/FDR-VoucherEntry/DistributionLine/waiverName'

2020-09-08 12:53:03 - [TEST_STEP][PASSED] - sendKeys(findTestObject("FDR-VoucherEntry/DistributionLine/waiverName"), Keys.chord(DOWN, ENTER)): Keys 'DOWN + ENTER + ' sent to object: 'Object Repository/FDR-VoucherEntry/DistributionLine/waiverName'

2020-09-08 12:53:03 - [MESSAGE][PASSED] - Keys 'DOWN + ENTER + ' sent to object: 'Object Repository/FDR-VoucherEntry/DistributionLine/waiverName'

2020-09-08 12:53:03 - [TEST_STEP][PASSED] - click(findTestObject("FDR-VoucherEntry/DistributionLine/fundingSource")): Object: 'Object Repository/FDR-VoucherEntry/DistributionLine/fundingSource' is clicked on

2020-09-08 12:53:04 - [MESSAGE][PASSED] - Object: 'Object Repository/FDR-VoucherEntry/DistributionLine/fundingSource' is clicked on

2020-09-08 12:53:04 - [TEST_STEP][PASSED] - setText(findTestObject("FDR-VoucherEntry/DistributionLine/fundingSource"), Datasheet.getValue("fundingSource", 1)): Text 'Dental' is set on object 'Object Repository/FDR-VoucherEntry/DistributionLine/fundingSource'

2020-09-08 12:53:05 - [MESSAGE][PASSED] - Text 'Dental' is set on object 'Object Repository/FDR-VoucherEntry/DistributionLine/fundingSource'

2020-09-08 12:53:05 - [TEST_STEP][PASSED] - sendKeys(findTestObject("FDR-VoucherEntry/DistributionLine/fundingSource"), Keys.chord(DOWN, ENTER)): Keys 'DOWN + ENTER + ' sent to object: 'Object Repository/FDR-VoucherEntry/DistributionLine/fundingSource'

2020-09-08 12:53:05 - [MESSAGE][PASSED] - Keys 'DOWN + ENTER + ' sent to object: 'Object Repository/FDR-VoucherEntry/DistributionLine/fundingSource'

2020-09-08 12:53:05 - [TEST_STEP][PASSED] - click(findTestObject("FDR-VoucherEntry/DistributionLine/fundRatio")): Object: 'Object Repository/FDR-VoucherEntry/DistributionLine/fundRatio' is clicked on

2020-09-08 12:53:06 - [MESSAGE][PASSED] - Object: 'Object Repository/FDR-VoucherEntry/DistributionLine/fundRatio' is clicked on

2020-09-08 12:53:06 - [TEST_STEP][PASSED] - setText(findTestObject("FDR-VoucherEntry/DistributionLine/fundRatio"), Datasheet.getValue("fundRatio", 1)): Text '50/50' is set on object 'Object Repository/FDR-VoucherEntry/DistributionLine/fundRatio'

2020-09-08 12:53:07 - [MESSAGE][PASSED] - Text '50/50' is set on object 'Object Repository/FDR-VoucherEntry/DistributionLine/fundRatio'

2020-09-08 12:53:07 - [TEST_STEP][PASSED] - sendKeys(findTestObject("FDR-VoucherEntry/DistributionLine/fundRatio"), Keys.chord(DOWN, ENTER)): Keys 'DOWN + ENTER + ' sent to object: 'Object Repository/FDR-VoucherEntry/DistributionLine/fundRatio'

2020-09-08 12:53:07 - [MESSAGE][PASSED] - Keys 'DOWN + ENTER + ' sent to object: 'Object Repository/FDR-VoucherEntry/DistributionLine/fundRatio'

2020-09-08 12:53:07 - [TEST_STEP][PASSED] - click(findTestObject("FDR-VoucherEntry/DistributionLine/nonFederalFund")): Object: 'Object Repository/FDR-VoucherEntry/DistributionLine/nonFederalFund' is clicked on

2020-09-08 12:53:08 - [MESSAGE][PASSED] - Object: 'Object Repository/FDR-VoucherEntry/DistributionLine/nonFederalFund' is clicked on

2020-09-08 12:53:08 - [TEST_STEP][PASSED] - setText(findTestObject("FDR-VoucherEntry/DistributionLine/nonFederalFund"), Datasheet.getValue("nonFederalFund", 1)): Text '3158' is set on object 'Object Repository/FDR-VoucherEntry/DistributionLine/nonFederalFund'

2020-09-08 12:53:09 - [MESSAGE][PASSED] - Text '3158' is set on object 'Object Repository/FDR-VoucherEntry/DistributionLine/nonFederalFund'

2020-09-08 12:53:09 - [TEST_STEP][PASSED] - sendKeys(findTestObject("FDR-VoucherEntry/DistributionLine/nonFederalFund"), Keys.chord(DOWN, ENTER)): Keys 'DOWN + ENTER + ' sent to object: 'Object Repository/FDR-VoucherEntry/DistributionLine/nonFederalFund'

2020-09-08 12:53:09 - [MESSAGE][PASSED] - Keys 'DOWN + ENTER + ' sent to object: 'Object Repository/FDR-VoucherEntry/DistributionLine/nonFederalFund'

2020-09-08 12:53:09 - [TEST_STEP][PASSED] - click(findTestObject("FDR-VoucherEntry/DistributionLine/account")): Object: 'Object Repository/FDR-VoucherEntry/DistributionLine/account' is clicked on

2020-09-08 12:53:10 - [MESSAGE][PASSED] - Object: 'Object Repository/FDR-VoucherEntry/DistributionLine/account' is clicked on

2020-09-08 12:53:10 - [TEST_STEP][PASSED] - sendKeys(findTestObject("FDR-VoucherEntry/DistributionLine/account"), Datasheet.getValue("account", 1)): Keys '5442000' sent to object: 'Object Repository/FDR-VoucherEntry/DistributionLine/account'

2020-09-08 12:53:10 - [MESSAGE][PASSED] - Keys '5442000' sent to object: 'Object Repository/FDR-VoucherEntry/DistributionLine/account'

2020-09-08 12:53:10 - [TEST_STEP][PASSED] - sendKeys(findTestObject("FDR-VoucherEntry/DistributionLine/account"), Keys.chord(DOWN, ENTER)): Keys 'DOWN + ENTER + ' sent to object: 'Object Repository/FDR-VoucherEntry/DistributionLine/account'

2020-09-08 12:53:11 - [MESSAGE][PASSED] - Keys 'DOWN + ENTER + ' sent to object: 'Object Repository/FDR-VoucherEntry/DistributionLine/account'

2020-09-08 12:53:11 - [TEST_STEP][PASSED] - click(findTestObject("FDR-VoucherEntry/DistributionLine/altAccount")): Object: 'Object Repository/FDR-VoucherEntry/DistributionLine/altAccount' is clicked on

2020-09-08 12:53:11 - [MESSAGE][PASSED] - Object: 'Object Repository/FDR-VoucherEntry/DistributionLine/altAccount' is clicked on

2020-09-08 12:53:11 - [TEST_STEP][PASSED] - sendKeys(findTestObject("FDR-VoucherEntry/DistributionLine/altAccount"), Datasheet.getValue("altAccount", 1)): Keys '5442000089' sent to object: 'Object Repository/FDR-VoucherEntry/DistributionLine/altAccount'

2020-09-08 12:53:12 - [MESSAGE][PASSED] - Keys '5442000089' sent to object: 'Object Repository/FDR-VoucherEntry/DistributionLine/altAccount'

2020-09-08 12:53:12 - [TEST_STEP][PASSED] - sendKeys(findTestObject("FDR-VoucherEntry/DistributionLine/altAccount"), Keys.chord(DOWN, ENTER)): Keys 'DOWN + ENTER + ' sent to object: 'Object Repository/FDR-VoucherEntry/DistributionLine/altAccount'

2020-09-08 12:53:13 - [MESSAGE][PASSED] - Keys 'DOWN + ENTER + ' sent to object: 'Object Repository/FDR-VoucherEntry/DistributionLine/altAccount'

2020-09-08 12:53:13 - [TEST_STEP][PASSED] - click(findTestObject("FDR-VoucherEntry/DistributionLine/serviceCategory")): Object: 'Object Repository/FDR-VoucherEntry/DistributionLine/serviceCategory' is clicked on

2020-09-08 12:53:13 - [MESSAGE][PASSED] - Object: 'Object Repository/FDR-VoucherEntry/DistributionLine/serviceCategory' is clicked on

2020-09-08 12:53:13 - [TEST_STEP][PASSED] - sendKeys(findTestObject("FDR-VoucherEntry/DistributionLine/serviceCategory"), Datasheet.getValue("serviceCategory", 1)): Keys '18B1' sent to object: 'Object Repository/FDR-VoucherEntry/DistributionLine/serviceCategory'

2020-09-08 12:53:14 - [MESSAGE][PASSED] - Keys '18B1' sent to object: 'Object Repository/FDR-VoucherEntry/DistributionLine/serviceCategory'

2020-09-08 12:53:14 - [TEST_STEP][PASSED] - sendKeys(findTestObject("FDR-VoucherEntry/DistributionLine/serviceCategory"), Keys.chord(DOWN, ENTER)): Keys 'DOWN + ENTER + ' sent to object: 'Object Repository/FDR-VoucherEntry/DistributionLine/serviceCategory'

2020-09-08 12:53:14 - [MESSAGE][PASSED] - Keys 'DOWN + ENTER + ' sent to object: 'Object Repository/FDR-VoucherEntry/DistributionLine/serviceCategory'

2020-09-08 12:53:14 - [TEST_STEP][PASSED] - click(findTestObject("FDR-VoucherEntry/DistributionLine/incDecLine")): Object: 'Object Repository/FDR-VoucherEntry/DistributionLine/incDecLine' is clicked on

2020-09-08 12:53:15 - [MESSAGE][PASSED] - Object: 'Object Repository/FDR-VoucherEntry/DistributionLine/incDecLine' is clicked on

2020-09-08 12:53:15 - [TEST_STEP][PASSED] - sendKeys(findTestObject("FDR-VoucherEntry/DistributionLine/incDecLine"), Datasheet.getValue("incDecLine", 1)): Keys '1: New (service Period is current quarter and never been claimed)' sent to object: 'Object Repository/FDR-VoucherEntry/DistributionLine/incDecLine'

2020-09-08 12:53:15 - [MESSAGE][PASSED] - Keys '1: New (service Period is current quarter and never been claimed)' sent to object: 'Object Repository/FDR-VoucherEntry/DistributionLine/incDecLine'

2020-09-08 12:53:15 - [TEST_STEP][PASSED] - sendKeys(findTestObject("FDR-VoucherEntry/DistributionLine/incDecLine"), Keys.chord(DOWN, ENTER)): Keys 'DOWN + ENTER + ' sent to object: 'Object Repository/FDR-VoucherEntry/DistributionLine/incDecLine'

2020-09-08 12:53:16 - [MESSAGE][PASSED] - Keys 'DOWN + ENTER + ' sent to object: 'Object Repository/FDR-VoucherEntry/DistributionLine/incDecLine'

2020-09-08 12:53:16 - [TEST_STEP][PASSED] - click(findTestObject("FDR-VoucherEntry/DistributionLine/index")): Object: 'Object Repository/FDR-VoucherEntry/DistributionLine/index' is clicked on

2020-09-08 12:53:16 - [MESSAGE][PASSED] - Object: 'Object Repository/FDR-VoucherEntry/DistributionLine/index' is clicked on

2020-09-08 12:53:16 - [TEST_STEP][PASSED] - sendKeys(findTestObject("FDR-VoucherEntry/DistributionLine/index"), Datasheet.getValue("index", 1)): Keys '1155' sent to object: 'Object Repository/FDR-VoucherEntry/DistributionLine/index'

2020-09-08 12:53:17 - [MESSAGE][PASSED] - Keys '1155' sent to object: 'Object Repository/FDR-VoucherEntry/DistributionLine/index'

2020-09-08 12:53:17 - [TEST_STEP][PASSED] - sendKeys(findTestObject("FDR-VoucherEntry/DistributionLine/index"), Keys.chord(DOWN, ENTER)): Keys 'DOWN + ENTER + ' sent to object: 'Object Repository/FDR-VoucherEntry/DistributionLine/index'

2020-09-08 12:53:17 - [MESSAGE][PASSED] - Keys 'DOWN + ENTER + ' sent to object: 'Object Repository/FDR-VoucherEntry/DistributionLine/index'

2020-09-08 12:53:17 - [TEST_STEP][PASSED] - click(findTestObject("FDR-VoucherEntry/DistributionLine/ServiceLocation")): Object: 'Object Repository/FDR-VoucherEntry/DistributionLine/ServiceLocation' is clicked on

2020-09-08 12:53:18 - [MESSAGE][PASSED] - Object: 'Object Repository/FDR-VoucherEntry/DistributionLine/ServiceLocation' is clicked on

2020-09-08 12:53:18 - [TEST_STEP][PASSED] - sendKeys(findTestObject("FDR-VoucherEntry/DistributionLine/ServiceLocation"), Datasheet.getValue("ServiceLocation", 1)): Keys '12345' sent to object: 'Object Repository/FDR-VoucherEntry/DistributionLine/ServiceLocation'

2020-09-08 12:53:18 - [MESSAGE][PASSED] - Keys '12345' sent to object: 'Object Repository/FDR-VoucherEntry/DistributionLine/ServiceLocation'

2020-09-08 12:53:18 - [TEST_STEP][PASSED] - sendKeys(findTestObject("FDR-VoucherEntry/DistributionLine/ServiceLocation"), Keys.chord(DOWN, ENTER)): Keys 'DOWN + ENTER + ' sent to object: 'Object Repository/FDR-VoucherEntry/DistributionLine/ServiceLocation'

2020-09-08 12:53:19 - [MESSAGE][PASSED] - Keys 'DOWN + ENTER + ' sent to object: 'Object Repository/FDR-VoucherEntry/DistributionLine/ServiceLocation'

2020-09-08 12:53:19 - [TEST_STEP][PASSED] - click(findTestObject("Object Repository/FDR-VoucherEntry/DistributionLine/addSaveButton")): Object: 'Object Repository/FDR-VoucherEntry/DistributionLine/addSaveButton' is clicked on

2020-09-08 12:53:19 - [MESSAGE][PASSED] - Object: 'Object Repository/FDR-VoucherEntry/DistributionLine/addSaveButton' is clicked on

2020-09-08 12:53:19 - [TEST_STEP][PASSED] - processorVoucherNumber = getText(findTestObject("FDR-VoucherEntry/VoucherHeader/voucherNum")): Text of object 'Object Repository/FDR-VoucherEntry/VoucherHeader/voucherNum' is: 'CAP00000145'

2020-09-08 12:53:21 - [MESSAGE][PASSED] - Text of object 'Object Repository/FDR-VoucherEntry/VoucherHeader/voucherNum' is: 'CAP00000145'

2020-09-08 12:53:21 - [TEST_STEP][PASSED] - delay(2): Delayed 2 second(s)

2020-09-08 12:53:23 - [MESSAGE][PASSED] - Delayed 2 second(s)

2020-09-08 12:53:23 - [TEST_STEP][PASSED] - commonFunctions.selectRole("accountsPayableApprover"): Object 'Object Repository/FDR-VoucherEntry/VoucherHeader/reviewButton' is not present after 2 second(s)

2020-09-08 12:53:23 - [MESSAGE][PASSED] - Object 'Object Repository/FDR-VoucherEntry/VoucherHeader/reviewButton' is present

2020-09-08 12:53:23 - [MESSAGE][PASSED] - Object: 'Object Repository/FDR-SuperUser-Dashboard/userExpandButton' is clicked on

2020-09-08 12:53:24 - [MESSAGE][PASSED] - Object 'Object Repository/FDR-VoucherEntry/VoucherHeader/reviewButton' is present

2020-09-08 12:53:24 - [MESSAGE][PASSED] - Object: 'Object Repository/FDR-SuperUser-Dashboard/accountsPayableApprover' is clicked on

2020-09-08 12:53:27 - [MESSAGE][INFO] - Unable to find the element located by 'By.xpath: //*[@data-id='action-button']//*[contains(text(),'Review')]'. Please recheck the objects properties to make sure the desired element is located. 

2020-09-08 12:53:27 - [MESSAGE][WARNING] - Object 'Object Repository/FDR-VoucherEntry/VoucherHeader/reviewButton' is not present after 2 second(s)

2020-09-08 12:53:27 - [TEST_STEP][PASSED] - click(findTestObject("FDR-Dashboard/Search/searchInputField")): Object: 'Object Repository/FDR-Dashboard/Search/searchInputField' is clicked on

2020-09-08 12:53:28 - [MESSAGE][PASSED] - Object: 'Object Repository/FDR-Dashboard/Search/searchInputField' is clicked on

2020-09-08 12:53:28 - [TEST_STEP][PASSED] - delay(2): Delayed 2 second(s)

2020-09-08 12:53:30 - [MESSAGE][PASSED] - Delayed 2 second(s)

2020-09-08 12:53:30 - [TEST_STEP][PASSED] - setText(findTestObject("FDR-Dashboard/Search/searchInputField"), processorVoucherNumber): Text 'CAP00000145' is set on object 'Object Repository/FDR-Dashboard/Search/searchInputField'

2020-09-08 12:53:30 - [MESSAGE][PASSED] - Text 'CAP00000145' is set on object 'Object Repository/FDR-Dashboard/Search/searchInputField'

2020-09-08 12:53:30 - [TEST_STEP][PASSED] - click(findTestObject("Object Repository/FDR-Dashboard/Filters/resumeFilterButton")): Object: 'Object Repository/FDR-Dashboard/Filters/resumeFilterButton' is clicked on

2020-09-08 12:53:31 - [MESSAGE][PASSED] - Object: 'Object Repository/FDR-Dashboard/Filters/resumeFilterButton' is clicked on

2020-09-08 12:53:31 - [TEST_STEP][PASSED] - delay(3): Delayed 3 second(s)

2020-09-08 12:53:34 - [MESSAGE][PASSED] - Delayed 3 second(s)

2020-09-08 12:53:34 - [TEST_STEP][PASSED] - click(findTestObject("Object Repository/FDR-Dashboard/VouhcersTable/resumeButton")): Object: 'Object Repository/FDR-Dashboard/VouhcersTable/resumeButton' is clicked on

2020-09-08 12:53:34 - [MESSAGE][PASSED] - Object: 'Object Repository/FDR-Dashboard/VouhcersTable/resumeButton' is clicked on

2020-09-08 12:53:34 - [TEST_STEP][PASSED] - click(findTestObject("FDR-VoucherEntry/InvoiceLine/invoiceLineExpandButton")): Object: 'Object Repository/FDR-VoucherEntry/InvoiceLine/invoiceLineExpandButton' is clicked on

2020-09-08 12:53:35 - [MESSAGE][PASSED] - Object: 'Object Repository/FDR-VoucherEntry/InvoiceLine/invoiceLineExpandButton' is clicked on

2020-09-08 12:53:35 - [TEST_STEP][PASSED] - waitForElementPresent(findTestObject("FDR-Dashboard/createNewVoucherButton"), 5): Object 'Object Repository/FDR-Dashboard/createNewVoucherButton' is not present after 5 second(s)

2020-09-08 12:53:41 - [MESSAGE][INFO] - Unable to find the element located by 'By.xpath: //*[@data-id='button-link']//*[contains(text(),'Create New Voucher')]'. Please recheck the objects properties to make sure the desired element is located. 

2020-09-08 12:53:41 - [MESSAGE][WARNING] - Object 'Object Repository/FDR-Dashboard/createNewVoucherButton' is not present after 5 second(s)

2020-09-08 12:53:41 - [TEST_STEP][PASSED] - mouseOver(findTestObject("FDR-EditVoucher/invoiceHover")): Object: 'Object Repository/FDR-EditVoucher/invoiceHover' is hovered

2020-09-08 12:53:41 - [MESSAGE][PASSED] - Object: 'Object Repository/FDR-EditVoucher/invoiceHover' is hovered

2020-09-08 12:53:41 - [TEST_STEP][PASSED] - click(findTestObject("FDR-EditVoucher/voucherLineEditIcon")): Object: 'Object Repository/FDR-EditVoucher/voucherLineEditIcon' is clicked on

2020-09-08 12:53:42 - [MESSAGE][PASSED] - Object: 'Object Repository/FDR-EditVoucher/voucherLineEditIcon' is clicked on

2020-09-08 12:53:42 - [TEST_STEP][PASSED] - waitForElementPresent(findTestObject("FDR-Dashboard/createNewVoucherButton"), 2): Object 'Object Repository/FDR-Dashboard/createNewVoucherButton' is not present after 2 second(s)

2020-09-08 12:53:45 - [MESSAGE][INFO] - Unable to find the element located by 'By.xpath: //*[@data-id='button-link']//*[contains(text(),'Create New Voucher')]'. Please recheck the objects properties to make sure the desired element is located. 

2020-09-08 12:53:45 - [MESSAGE][WARNING] - Object 'Object Repository/FDR-Dashboard/createNewVoucherButton' is not present after 2 second(s)

2020-09-08 12:53:45 - [TEST_STEP][PASSED] - click(findTestObject("FDR-EditVoucher/voucherLineDeleteClick")): Object: 'Object Repository/FDR-EditVoucher/voucherLineDeleteClick' is clicked on

2020-09-08 12:53:45 - [MESSAGE][PASSED] - Object: 'Object Repository/FDR-EditVoucher/voucherLineDeleteClick' is clicked on

2020-09-08 12:53:45 - [TEST_STEP][PASSED] - waitForElementPresent(findTestObject("FDR-Dashboard/createNewVoucherButton"), 4): Object 'Object Repository/FDR-Dashboard/createNewVoucherButton' is not present after 4 second(s)

2020-09-08 12:53:50 - [MESSAGE][INFO] - Unable to find the element located by 'By.xpath: //*[@data-id='button-link']//*[contains(text(),'Create New Voucher')]'. Please recheck the objects properties to make sure the desired element is located. 

2020-09-08 12:53:50 - [MESSAGE][WARNING] - Object 'Object Repository/FDR-Dashboard/createNewVoucherButton' is not present after 4 second(s)

2020-09-08 12:53:50 - [TEST_STEP][PASSED] - click(findTestObject("FDR-EditVoucher/undoButton")): Object: 'Object Repository/FDR-EditVoucher/undoButton' is clicked on

2020-09-08 12:53:51 - [MESSAGE][PASSED] - Object: 'Object Repository/FDR-EditVoucher/undoButton' is clicked on

2020-09-08 12:53:51 - [TEST_STEP][PASSED] - waitForElementPresent(findTestObject("FDR-Dashboard/createNewVoucherButton"), 6): Object 'Object Repository/FDR-Dashboard/createNewVoucherButton' is not present after 6 second(s)

2020-09-08 12:53:58 - [MESSAGE][INFO] - Unable to find the element located by 'By.xpath: //*[@data-id='button-link']//*[contains(text(),'Create New Voucher')]'. Please recheck the objects properties to make sure the desired element is located. 

2020-09-08 12:53:58 - [MESSAGE][WARNING] - Object 'Object Repository/FDR-Dashboard/createNewVoucherButton' is not present after 6 second(s)

2020-09-08 12:53:58 - [TEST_STEP][PASSED] - waitForElementPresent(findTestObject("FDR-EditVoucher/DLHover"), 1): Object 'Object Repository/FDR-EditVoucher/DLHover' is present

2020-09-08 12:53:58 - [MESSAGE][PASSED] - Object 'Object Repository/FDR-EditVoucher/DLHover' is present

2020-09-08 12:53:58 - [TEST_STEP][PASSED] - mouseOver(findTestObject("FDR-EditVoucher/DLHover")): Object: 'Object Repository/FDR-EditVoucher/DLHover' is hovered

2020-09-08 12:53:58 - [MESSAGE][PASSED] - Object: 'Object Repository/FDR-EditVoucher/DLHover' is hovered

2020-09-08 12:53:58 - [TEST_STEP][PASSED] - waitForElementPresent(findTestObject("FDR-EditVoucher/DLEditIcon"), 1): Object 'Object Repository/FDR-EditVoucher/DLEditIcon' is present

2020-09-08 12:53:59 - [MESSAGE][PASSED] - Object 'Object Repository/FDR-EditVoucher/DLEditIcon' is present

2020-09-08 12:53:59 - [TEST_STEP][PASSED] - click(findTestObject("FDR-EditVoucher/DLEditIcon")): Object: 'Object Repository/FDR-EditVoucher/DLEditIcon' is clicked on

2020-09-08 12:53:59 - [MESSAGE][PASSED] - Object: 'Object Repository/FDR-EditVoucher/DLEditIcon' is clicked on

2020-09-08 12:53:59 - [TEST_STEP][PASSED] - waitForElementPresent(findTestObject("FDR-EditVoucher/DLDeleteClick"), 6): Object 'Object Repository/FDR-EditVoucher/DLDeleteClick' is present

2020-09-08 12:53:59 - [MESSAGE][PASSED] - Object 'Object Repository/FDR-EditVoucher/DLDeleteClick' is present

2020-09-08 12:53:59 - [TEST_STEP][PASSED] - click(findTestObject("FDR-EditVoucher/DLDeleteClick")): Object: 'Object Repository/FDR-EditVoucher/DLDeleteClick' is clicked on

2020-09-08 12:54:00 - [MESSAGE][PASSED] - Object: 'Object Repository/FDR-EditVoucher/DLDeleteClick' is clicked on

2020-09-08 12:54:00 - [TEST_STEP][PASSED] - click(findTestObject("FDR-EditVoucher/undoButton")): Object: 'Object Repository/FDR-EditVoucher/undoButton' is clicked on

2020-09-08 12:54:01 - [MESSAGE][PASSED] - Object: 'Object Repository/FDR-EditVoucher/undoButton' is clicked on

2020-09-08 12:54:01 - [TEST_STEP][PASSED] - waitForElementPresent(findTestObject("FDR-VoucherEntry/VoucherHeader/voucherTotal"), 8): Object 'Object Repository/FDR-VoucherEntry/VoucherHeader/voucherTotal' is present

2020-09-08 12:54:02 - [MESSAGE][PASSED] - Object 'Object Repository/FDR-VoucherEntry/VoucherHeader/voucherTotal' is present

2020-09-08 12:54:02 - [TEST_STEP][PASSED] - click(findTestObject("FDR-EditVoucher/voucherEditIcon")): Object: 'Object Repository/FDR-EditVoucher/voucherEditIcon' is clicked on

2020-09-08 12:54:02 - [MESSAGE][PASSED] - Object: 'Object Repository/FDR-EditVoucher/voucherEditIcon' is clicked on

2020-09-08 12:54:02 - [TEST_STEP][PASSED] - click(findTestObject("FDR-EditVoucher/voucherDelete")): Object: 'Object Repository/FDR-EditVoucher/voucherDelete' is clicked on

2020-09-08 12:54:03 - [MESSAGE][PASSED] - Object: 'Object Repository/FDR-EditVoucher/voucherDelete' is clicked on

2020-09-08 12:54:03 - [TEST_STEP][PASSED] - waitForElementPresent(findTestObject("FDR-VoucherEntry/VoucherHeader/reviewButton"), 4): Object 'Object Repository/FDR-VoucherEntry/VoucherHeader/reviewButton' is not present after 4 second(s)

2020-09-08 12:54:08 - [MESSAGE][INFO] - Unable to find the element located by 'By.xpath: //*[@data-id='action-button']//*[contains(text(),'Review')]'. Please recheck the objects properties to make sure the desired element is located. 

2020-09-08 12:54:08 - [MESSAGE][WARNING] - Object 'Object Repository/FDR-VoucherEntry/VoucherHeader/reviewButton' is not present after 4 second(s)

2020-09-08 12:54:08 - [TEST_STEP][PASSED] - click(findTestObject("FDR-EditVoucher/undoButton")): Object: 'Object Repository/FDR-EditVoucher/undoButton' is clicked on

2020-09-08 12:54:08 - [MESSAGE][PASSED] - Object: 'Object Repository/FDR-EditVoucher/undoButton' is clicked on

2020-09-08 12:54:08 - [TEST_STEP][PASSED] - waitForElementPresent(findTestObject("FDR-Dashboard/createNewVoucherButton"), 5): Object 'Object Repository/FDR-Dashboard/createNewVoucherButton' is present

2020-09-08 12:54:09 - [MESSAGE][PASSED] - Object 'Object Repository/FDR-Dashboard/createNewVoucherButton' is present

2020-09-08 12:54:09 - [TEST_STEP][PASSED] - commonFunctions.logout(): Browser is closed

2020-09-08 12:54:10 - [MESSAGE][PASSED] - Browser is closed

2020-09-08 12:54:10 - [TEST_STEP][PASSED] - closeBrowser(): Browser is closed

2020-09-08 12:54:10 - [MESSAGE][PASSED] - Browser is closed

2020-09-08 12:54:10 - [TEST_STEP][PASSED] - Start listener action : sampleAfterTestCase: null

2020-09-08 12:54:10 - [TEST_STEP][PASSED] - profileName = getExecutionProfile(): null

2020-09-08 12:54:10 - [TEST_STEP][PASSED] - switch (profileName): null

2020-09-08 12:54:10 - [TEST_STEP][PASSED] - case "superUser":: null

2020-09-08 12:54:10 - [TEST_STEP][PASSED] - return null: null

2020-09-08 12:54:10 - [TEST_STEP][PASSED] - Start listener action : afterTestCase: null

2020-09-08 12:54:10 - [TEST_STEP][PASSED] - profileName = getExecutionProfile(): null

2020-09-08 12:54:10 - [TEST_STEP][PASSED] - if (profileName.equalsIgnoreCase("SysAdmin")): null

2020-09-08 12:54:10 - [TEST_STEP][PASSED] - Start listener action : sampleAfterTestCase: null

2020-09-08 12:54:10 - [TEST_STEP][PASSED] - profileName = getExecutionProfile(): null

2020-09-08 12:54:10 - [TEST_STEP][PASSED] - switch (profileName): null

2020-09-08 12:54:10 - [TEST_STEP][PASSED] - Default: null

2020-09-08 12:54:10 - [TEST_STEP][PASSED] - return null: null

2020-09-08 12:54:10 - [TEST_STEP][PASSED] - Start listener action : addFailedTCToList: null]]></system-out>
         <system-err><![CDATA[]]></system-err>
      </testcase>
      <testcase name="Test Cases/FDR_Smoke_Testing/FDR-SysAdmin_Calendar-DrawDate" time="20.867" classname="Test Cases/FDR_Smoke_Testing/FDR-SysAdmin_Calendar-DrawDate" status="PASSED">
         <system-out><![CDATA[2020-09-08 12:54:10 - [TEST_CASE][PASSED] - Test Cases/FDR_Smoke_Testing/FDR-SysAdmin_Calendar-DrawDate: Test Cases/FDR_Smoke_Testing/FDR-SysAdmin_Calendar-DrawDate

2020-09-08 12:54:10 - [TEST_STEP][PASSED] - Start listener action : sampleBeforeTestCase: null

2020-09-08 12:54:10 - [TEST_STEP][PASSED] - profileName = getExecutionProfile(): null

2020-09-08 12:54:10 - [TEST_STEP][PASSED] - switch (profileName): null

2020-09-08 12:54:10 - [TEST_STEP][PASSED] - case "superUser":: null

2020-09-08 12:54:10 - [TEST_STEP][PASSED] - return null: null

2020-09-08 12:54:10 - [TEST_STEP][PASSED] - Start listener action : beforeTestCase: null

2020-09-08 12:54:10 - [TEST_STEP][PASSED] - profileName = getExecutionProfile(): null

2020-09-08 12:54:10 - [TEST_STEP][PASSED] - if (profileName.equalsIgnoreCase("SysAdmin")): null

2020-09-08 12:54:10 - [TEST_STEP][PASSED] - Start listener action : sampleBeforeTestCase: null

2020-09-08 12:54:10 - [TEST_STEP][PASSED] - profileName = getExecutionProfile(): null

2020-09-08 12:54:10 - [TEST_STEP][PASSED] - testCaseId = testCaseContext.getTestCaseId(): null

2020-09-08 12:54:10 - [TEST_STEP][PASSED] - switch (profileName): null

2020-09-08 12:54:10 - [TEST_STEP][PASSED] - Default: null

2020-09-08 12:54:10 - [TEST_STEP][PASSED] - return null: null

2020-09-08 12:54:10 - [TEST_STEP][PASSED] - Start listener action : executeRows: null

2020-09-08 12:54:10 - [TEST_STEP][PASSED] - commonFunctions.login(superUserAccnt, superUserPwd): Object: 'Object Repository/FDR-SignIn/SignInButton' is clicked on

2020-09-08 12:54:10 - [MESSAGE][INFO] - Starting 'Chrome' driver

2020-09-08 12:54:10 - [MESSAGE][INFO] - Action delay is set to 0 milliseconds

2020-09-08 12:54:14 - [MESSAGE][PASSED] - Browser is opened with url: 'https://fdr-katalon.cammis-mod-dev.dhcs.ca.gov'

2020-09-08 12:54:16 - [MESSAGE][PASSED] - Current window maximized

2020-09-08 12:54:17 - [MESSAGE][PASSED] - Object 'Object Repository/FDR-SignIn/SignInEmail' is present

2020-09-08 12:54:17 - [MESSAGE][PASSED] - Object: 'Object Repository/FDR-SignIn/SignInEmail' is clicked on

2020-09-08 12:54:17 - [MESSAGE][PASSED] - Object 'Object Repository/FDR-SignIn/SignInEmail' is present

2020-09-08 12:54:18 - [MESSAGE][PASSED] - Text 'fdr.test11@dhcs.ca.gov' is set on object 'Object Repository/FDR-SignIn/SignInEmail'

2020-09-08 12:54:18 - [MESSAGE][PASSED] - Object 'Object Repository/FDR-SignIn/SignInEmailNext' is visible

2020-09-08 12:54:18 - [MESSAGE][PASSED] - Object: 'Object Repository/FDR-SignIn/SignInEmailNext' is clicked on

2020-09-08 12:54:22 - [MESSAGE][PASSED] - Object 'Object Repository/FDR-SignIn/SignInEmailPassword' is visible

2020-09-08 12:54:22 - [MESSAGE][PASSED] - Object: 'Object Repository/FDR-SignIn/SignInEmailPassword' is clicked on

2020-09-08 12:54:22 - [MESSAGE][PASSED] - Text ****** has been set on object 'Object Repository/FDR-SignIn/SignInEmailPassword'

2020-09-08 12:54:24 - [MESSAGE][PASSED] - Object: 'Object Repository/FDR-SignIn/SignInButton' is clicked on

2020-09-08 12:54:24 - [TEST_STEP][PASSED] - waitForElementPresent(findTestObject("Object Repository/FDR-System-Admin/FDR-Calendar/FDR-Calendar-Dashboard/calendarBtn"), 3): Object 'Object Repository/FDR-System-Admin/FDR-Calendar/FDR-Calendar-Dashboard/calendarBtn' is present

2020-09-08 12:54:26 - [MESSAGE][PASSED] - Object 'Object Repository/FDR-System-Admin/FDR-Calendar/FDR-Calendar-Dashboard/calendarBtn' is present

2020-09-08 12:54:26 - [TEST_STEP][PASSED] - taskName = "Calendar": null

2020-09-08 12:54:26 - [TEST_STEP][PASSED] - verifyElementText(findTestObject("Object Repository/FDR-System-Admin/FDR-Calendar/FDR-Calendar-Dashboard/calendarBtnText"), taskName): Actual text and expected text of test object 'Object Repository/FDR-System-Admin/FDR-Calendar/FDR-Calendar-Dashboard/calendarBtnText' are matched.

2020-09-08 12:54:26 - [MESSAGE][PASSED] - Actual text and expected text of test object 'Object Repository/FDR-System-Admin/FDR-Calendar/FDR-Calendar-Dashboard/calendarBtnText' are matched.

2020-09-08 12:54:26 - [TEST_STEP][PASSED] - click(findTestObject("Object Repository/FDR-System-Admin/FDR-Calendar/FDR-Calendar-Dashboard/calendarBtn")): Object: 'Object Repository/FDR-System-Admin/FDR-Calendar/FDR-Calendar-Dashboard/calendarBtn' is clicked on

2020-09-08 12:54:26 - [MESSAGE][PASSED] - Object: 'Object Repository/FDR-System-Admin/FDR-Calendar/FDR-Calendar-Dashboard/calendarBtn' is clicked on

2020-09-08 12:54:26 - [TEST_STEP][PASSED] - click(findTestObject("Object Repository/FDR-System-Admin/FDR-Calendar/FDR-Calendar-Dashboard/calendarDataTypeDropdown")): Object: 'Object Repository/FDR-System-Admin/FDR-Calendar/FDR-Calendar-Dashboard/calendarDataTypeDropdown' is clicked on

2020-09-08 12:54:27 - [MESSAGE][PASSED] - Object: 'Object Repository/FDR-System-Admin/FDR-Calendar/FDR-Calendar-Dashboard/calendarDataTypeDropdown' is clicked on

2020-09-08 12:54:27 - [TEST_STEP][PASSED] - setText(findTestObject("Object Repository/FDR-System-Admin/FDR-Calendar/FDR-Calendar-Dashboard/calendarDataTypeDropdown"), ""): Text '' is set on object 'Object Repository/FDR-System-Admin/FDR-Calendar/FDR-Calendar-Dashboard/calendarDataTypeDropdown'

2020-09-08 12:54:28 - [MESSAGE][PASSED] - Text '' is set on object 'Object Repository/FDR-System-Admin/FDR-Calendar/FDR-Calendar-Dashboard/calendarDataTypeDropdown'

2020-09-08 12:54:28 - [TEST_STEP][PASSED] - click(findTestObject("Object Repository/FDR-System-Admin/FDR-Calendar/FDR-Calendar-Dashboard/drawDateOption")): Object: 'Object Repository/FDR-System-Admin/FDR-Calendar/FDR-Calendar-Dashboard/drawDateOption' is clicked on

2020-09-08 12:54:28 - [MESSAGE][PASSED] - Object: 'Object Repository/FDR-System-Admin/FDR-Calendar/FDR-Calendar-Dashboard/drawDateOption' is clicked on

2020-09-08 12:54:28 - [TEST_STEP][PASSED] - waitForElementPresent(findTestObject("Object Repository/FDR-System-Admin/FDR-Calendar/FDR-Calendar-DrawDate/gridViewDrawDateLabel"), 3): Object 'Object Repository/FDR-System-Admin/FDR-Calendar/FDR-Calendar-DrawDate/gridViewDrawDateLabel' is present

2020-09-08 12:54:28 - [MESSAGE][PASSED] - Object 'Object Repository/FDR-System-Admin/FDR-Calendar/FDR-Calendar-DrawDate/gridViewDrawDateLabel' is present

2020-09-08 12:54:28 - [TEST_STEP][PASSED] - drawDateLabel = "Draw Date": null

2020-09-08 12:54:28 - [TEST_STEP][PASSED] - verifyElementText(findTestObject("Object Repository/FDR-System-Admin/FDR-Calendar/FDR-Calendar-DrawDate/gridViewDrawDateLabel"), drawDateLabel): Actual text and expected text of test object 'Object Repository/FDR-System-Admin/FDR-Calendar/FDR-Calendar-DrawDate/gridViewDrawDateLabel' are matched.

2020-09-08 12:54:29 - [MESSAGE][PASSED] - Actual text and expected text of test object 'Object Repository/FDR-System-Admin/FDR-Calendar/FDR-Calendar-DrawDate/gridViewDrawDateLabel' are matched.

2020-09-08 12:54:29 - [TEST_STEP][PASSED] - waitForElementPresent(findTestObject("Object Repository/FDR-System-Admin/FDR-Calendar/FDR-Calendar-DrawDate/gridViewPayDateLabel"), 3): Object 'Object Repository/FDR-System-Admin/FDR-Calendar/FDR-Calendar-DrawDate/gridViewPayDateLabel' is present

2020-09-08 12:54:29 - [MESSAGE][PASSED] - Object 'Object Repository/FDR-System-Admin/FDR-Calendar/FDR-Calendar-DrawDate/gridViewPayDateLabel' is present

2020-09-08 12:54:29 - [TEST_STEP][PASSED] - payDateLabel = "Pay Date": null

2020-09-08 12:54:29 - [TEST_STEP][PASSED] - verifyElementText(findTestObject("Object Repository/FDR-System-Admin/FDR-Calendar/FDR-Calendar-DrawDate/gridViewPayDateLabel"), payDateLabel): Actual text and expected text of test object 'Object Repository/FDR-System-Admin/FDR-Calendar/FDR-Calendar-DrawDate/gridViewPayDateLabel' are matched.

2020-09-08 12:54:29 - [MESSAGE][PASSED] - Actual text and expected text of test object 'Object Repository/FDR-System-Admin/FDR-Calendar/FDR-Calendar-DrawDate/gridViewPayDateLabel' are matched.

2020-09-08 12:54:29 - [TEST_STEP][PASSED] - waitForElementPresent(findTestObject("Object Repository/FDR-System-Admin/FDR-Calendar/FDR-Calendar-DrawDate/gridViewStateLabel"), 3): Object 'Object Repository/FDR-System-Admin/FDR-Calendar/FDR-Calendar-DrawDate/gridViewStateLabel' is present

2020-09-08 12:54:30 - [MESSAGE][PASSED] - Object 'Object Repository/FDR-System-Admin/FDR-Calendar/FDR-Calendar-DrawDate/gridViewStateLabel' is present

2020-09-08 12:54:30 - [TEST_STEP][PASSED] - StateLabel = "State": null

2020-09-08 12:54:30 - [TEST_STEP][PASSED] - verifyElementText(findTestObject("Object Repository/FDR-System-Admin/FDR-Calendar/FDR-Calendar-DrawDate/gridViewstateLabel"), StateLabel): Actual text and expected text of test object 'Object Repository/FDR-System-Admin/FDR-Calendar/FDR-Calendar-DrawDate/gridViewstateLabel' are matched.

2020-09-08 12:54:30 - [MESSAGE][PASSED] - Actual text and expected text of test object 'Object Repository/FDR-System-Admin/FDR-Calendar/FDR-Calendar-DrawDate/gridViewstateLabel' are matched.

2020-09-08 12:54:30 - [TEST_STEP][PASSED] - waitForElementPresent(findTestObject("Object Repository/FDR-System-Admin/FDR-Calendar/FDR-Calendar-DrawDate/gridViewDrawTimeLabel"), 3): Object 'Object Repository/FDR-System-Admin/FDR-Calendar/FDR-Calendar-DrawDate/gridViewDrawTimeLabel' is present

2020-09-08 12:54:30 - [MESSAGE][PASSED] - Object 'Object Repository/FDR-System-Admin/FDR-Calendar/FDR-Calendar-DrawDate/gridViewDrawTimeLabel' is present

2020-09-08 12:54:30 - [TEST_STEP][PASSED] - drawTimeLabel = "Effective start/end dates": null

2020-09-08 12:54:30 - [TEST_STEP][PASSED] - verifyElementText(findTestObject("Object Repository/FDR-System-Admin/FDR-Calendar/FDR-Calendar-DrawDate/gridViewDrawTimeLabel"), drawTimeLabel): Actual text and expected text of test object 'Object Repository/FDR-System-Admin/FDR-Calendar/FDR-Calendar-DrawDate/gridViewDrawTimeLabel' are matched.

2020-09-08 12:54:30 - [MESSAGE][PASSED] - Actual text and expected text of test object 'Object Repository/FDR-System-Admin/FDR-Calendar/FDR-Calendar-DrawDate/gridViewDrawTimeLabel' are matched.

2020-09-08 12:54:30 - [TEST_STEP][PASSED] - commonFunctions.logout(): Browser is closed

2020-09-08 12:54:31 - [MESSAGE][PASSED] - Browser is closed

2020-09-08 12:54:31 - [TEST_STEP][PASSED] - closeBrowser(): Browser is closed

2020-09-08 12:54:31 - [MESSAGE][PASSED] - Browser is closed

2020-09-08 12:54:31 - [TEST_STEP][PASSED] - Start listener action : sampleAfterTestCase: null

2020-09-08 12:54:31 - [TEST_STEP][PASSED] - profileName = getExecutionProfile(): null

2020-09-08 12:54:31 - [TEST_STEP][PASSED] - switch (profileName): null

2020-09-08 12:54:31 - [TEST_STEP][PASSED] - case "superUser":: null

2020-09-08 12:54:31 - [TEST_STEP][PASSED] - return null: null

2020-09-08 12:54:31 - [TEST_STEP][PASSED] - Start listener action : afterTestCase: null

2020-09-08 12:54:31 - [TEST_STEP][PASSED] - profileName = getExecutionProfile(): null

2020-09-08 12:54:31 - [TEST_STEP][PASSED] - if (profileName.equalsIgnoreCase("SysAdmin")): null

2020-09-08 12:54:31 - [TEST_STEP][PASSED] - Start listener action : sampleAfterTestCase: null

2020-09-08 12:54:31 - [TEST_STEP][PASSED] - profileName = getExecutionProfile(): null

2020-09-08 12:54:31 - [TEST_STEP][PASSED] - switch (profileName): null

2020-09-08 12:54:31 - [TEST_STEP][PASSED] - Default: null

2020-09-08 12:54:31 - [TEST_STEP][PASSED] - return null: null

2020-09-08 12:54:31 - [TEST_STEP][PASSED] - Start listener action : addFailedTCToList: null]]></system-out>
         <system-err><![CDATA[]]></system-err>
      </testcase>
      <testcase name="Test Cases/FDR_Smoke_Testing/FDR-SysAdmin_MBES-Reports" time="49.179" classname="Test Cases/FDR_Smoke_Testing/FDR-SysAdmin_MBES-Reports" status="PASSED">
         <system-out><![CDATA[2020-09-08 12:54:31 - [TEST_CASE][PASSED] - Test Cases/FDR_Smoke_Testing/FDR-SysAdmin_MBES-Reports: Test Cases/FDR_Smoke_Testing/FDR-SysAdmin_MBES-Reports

2020-09-08 12:54:31 - [TEST_STEP][PASSED] - Start listener action : sampleBeforeTestCase: null

2020-09-08 12:54:31 - [TEST_STEP][PASSED] - profileName = getExecutionProfile(): null

2020-09-08 12:54:31 - [TEST_STEP][PASSED] - switch (profileName): null

2020-09-08 12:54:31 - [TEST_STEP][PASSED] - case "superUser":: null

2020-09-08 12:54:31 - [TEST_STEP][PASSED] - return null: null

2020-09-08 12:54:31 - [TEST_STEP][PASSED] - Start listener action : beforeTestCase: null

2020-09-08 12:54:31 - [TEST_STEP][PASSED] - profileName = getExecutionProfile(): null

2020-09-08 12:54:31 - [TEST_STEP][PASSED] - if (profileName.equalsIgnoreCase("SysAdmin")): null

2020-09-08 12:54:31 - [TEST_STEP][PASSED] - Start listener action : sampleBeforeTestCase: null

2020-09-08 12:54:31 - [TEST_STEP][PASSED] - profileName = getExecutionProfile(): null

2020-09-08 12:54:31 - [TEST_STEP][PASSED] - testCaseId = testCaseContext.getTestCaseId(): null

2020-09-08 12:54:31 - [TEST_STEP][PASSED] - switch (profileName): null

2020-09-08 12:54:31 - [TEST_STEP][PASSED] - Default: null

2020-09-08 12:54:31 - [TEST_STEP][PASSED] - return null: null

2020-09-08 12:54:31 - [TEST_STEP][PASSED] - Start listener action : executeRows: null

2020-09-08 12:54:31 - [TEST_STEP][PASSED] - commonFunctions.login(superUserAccnt, superUserPwd): Object: 'Object Repository/FDR-SignIn/SignInButton' is clicked on

2020-09-08 12:54:31 - [MESSAGE][INFO] - Starting 'Chrome' driver

2020-09-08 12:54:31 - [MESSAGE][INFO] - Action delay is set to 0 milliseconds

2020-09-08 12:54:35 - [MESSAGE][PASSED] - Browser is opened with url: 'https://fdr-katalon.cammis-mod-dev.dhcs.ca.gov'

2020-09-08 12:54:37 - [MESSAGE][PASSED] - Current window maximized

2020-09-08 12:54:38 - [MESSAGE][PASSED] - Object 'Object Repository/FDR-SignIn/SignInEmail' is present

2020-09-08 12:54:38 - [MESSAGE][PASSED] - Object: 'Object Repository/FDR-SignIn/SignInEmail' is clicked on

2020-09-08 12:54:38 - [MESSAGE][PASSED] - Object 'Object Repository/FDR-SignIn/SignInEmail' is present

2020-09-08 12:54:39 - [MESSAGE][PASSED] - Text 'fdr.test11@dhcs.ca.gov' is set on object 'Object Repository/FDR-SignIn/SignInEmail'

2020-09-08 12:54:39 - [MESSAGE][PASSED] - Object 'Object Repository/FDR-SignIn/SignInEmailNext' is visible

2020-09-08 12:54:39 - [MESSAGE][PASSED] - Object: 'Object Repository/FDR-SignIn/SignInEmailNext' is clicked on

2020-09-08 12:54:43 - [MESSAGE][PASSED] - Object 'Object Repository/FDR-SignIn/SignInEmailPassword' is visible

2020-09-08 12:54:43 - [MESSAGE][PASSED] - Object: 'Object Repository/FDR-SignIn/SignInEmailPassword' is clicked on

2020-09-08 12:54:43 - [MESSAGE][PASSED] - Text ****** has been set on object 'Object Repository/FDR-SignIn/SignInEmailPassword'

2020-09-08 12:54:45 - [MESSAGE][PASSED] - Object: 'Object Repository/FDR-SignIn/SignInButton' is clicked on

2020-09-08 12:54:45 - [TEST_STEP][PASSED] - waitForElementPresent(findTestObject("Object Repository/FDR-System-Admin/FDR-Reports/FDR-Report-Dashboard/reportBtn"), 3): Object 'Object Repository/FDR-System-Admin/FDR-Reports/FDR-Report-Dashboard/reportBtn' is present

2020-09-08 12:54:47 - [MESSAGE][PASSED] - Object 'Object Repository/FDR-System-Admin/FDR-Reports/FDR-Report-Dashboard/reportBtn' is present

2020-09-08 12:54:47 - [TEST_STEP][PASSED] - click(findTestObject("Object Repository/FDR-System-Admin/FDR-Reports/FDR-Report-Dashboard/reportBtn")): Object: 'Object Repository/FDR-System-Admin/FDR-Reports/FDR-Report-Dashboard/reportBtn' is clicked on

2020-09-08 12:54:47 - [MESSAGE][PASSED] - Object: 'Object Repository/FDR-System-Admin/FDR-Reports/FDR-Report-Dashboard/reportBtn' is clicked on

2020-09-08 12:54:47 - [TEST_STEP][PASSED] - waitForElementPresent(findTestObject("Object Repository/FDR-System-Admin/FDR-Reports/FDR-MBES-Reports/mbesBtn"), 3): Object 'Object Repository/FDR-System-Admin/FDR-Reports/FDR-MBES-Reports/mbesBtn' is present

2020-09-08 12:54:47 - [MESSAGE][PASSED] - Object 'Object Repository/FDR-System-Admin/FDR-Reports/FDR-MBES-Reports/mbesBtn' is present

2020-09-08 12:54:47 - [TEST_STEP][PASSED] - click(findTestObject("Object Repository/FDR-System-Admin/FDR-Reports/FDR-MBES-Reports/mbesBtn")): Object: 'Object Repository/FDR-System-Admin/FDR-Reports/FDR-MBES-Reports/mbesBtn' is clicked on

2020-09-08 12:54:48 - [MESSAGE][PASSED] - Object: 'Object Repository/FDR-System-Admin/FDR-Reports/FDR-MBES-Reports/mbesBtn' is clicked on

2020-09-08 12:54:48 - [TEST_STEP][PASSED] - waitForElementPresent(findTestObject("Object Repository/FDR-System-Admin/FDR-Reports/FDR-MBES-Reports/mbesHeaderLabel"), 0): Object 'Object Repository/FDR-System-Admin/FDR-Reports/FDR-MBES-Reports/mbesHeaderLabel' is present

2020-09-08 12:54:48 - [MESSAGE][WARNING] - Timeout '0' is invalid. Using default page load timeout: '3'

2020-09-08 12:54:48 - [MESSAGE][PASSED] - Object 'Object Repository/FDR-System-Admin/FDR-Reports/FDR-MBES-Reports/mbesHeaderLabel' is present

2020-09-08 12:54:48 - [TEST_STEP][PASSED] - mbesHeaderLabel = getText(findTestObject("Object Repository/FDR-System-Admin/FDR-Reports/FDR-MBES-Reports/mbesHeaderLabel")): Text of object 'Object Repository/FDR-System-Admin/FDR-Reports/FDR-MBES-Reports/mbesHeaderLabel' is: 'MBES Reports'

2020-09-08 12:54:49 - [MESSAGE][PASSED] - Text of object 'Object Repository/FDR-System-Admin/FDR-Reports/FDR-MBES-Reports/mbesHeaderLabel' is: 'MBES Reports'

2020-09-08 12:54:49 - [TEST_STEP][PASSED] - assert mbesHeaderLabel == "MBES Reports": null

2020-09-08 12:54:49 - [TEST_STEP][PASSED] - NonWaiver_6421U = getText(findTestObject("Object Repository/FDR-System-Admin/FDR-Reports/FDR-MBES-Reports/64.21U-non-Waiver")): Text of object 'Object Repository/FDR-System-Admin/FDR-Reports/FDR-MBES-Reports/64.21U-non-Waiver' is: '64.21U Non-Waiver'

2020-09-08 12:54:49 - [MESSAGE][PASSED] - Text of object 'Object Repository/FDR-System-Admin/FDR-Reports/FDR-MBES-Reports/64.21U-non-Waiver' is: '64.21U Non-Waiver'

2020-09-08 12:54:49 - [TEST_STEP][PASSED] - assert NonWaiver_6421U == "64.21U Non-Waiver": null

2020-09-08 12:54:49 - [TEST_STEP][PASSED] - NonWaiver_21 = getText(findTestObject("Object Repository/FDR-System-Admin/FDR-Reports/FDR-MBES-Reports/21-Non-Waiver")): Text of object 'Object Repository/FDR-System-Admin/FDR-Reports/FDR-MBES-Reports/21-Non-Waiver' is: '21 Non-Waiver'

2020-09-08 12:54:49 - [MESSAGE][PASSED] - Text of object 'Object Repository/FDR-System-Admin/FDR-Reports/FDR-MBES-Reports/21-Non-Waiver' is: '21 Non-Waiver'

2020-09-08 12:54:49 - [TEST_STEP][PASSED] - assert NonWaiver_21 == "21 Non-Waiver": null

2020-09-08 12:54:49 - [TEST_STEP][PASSED] - NonWaiver_21P = getText(findTestObject("Object Repository/FDR-System-Admin/FDR-Reports/FDR-MBES-Reports/21P-Non-Waiver")): Text of object 'Object Repository/FDR-System-Admin/FDR-Reports/FDR-MBES-Reports/21P-Non-Waiver' is: '21P Non-Waiver'

2020-09-08 12:54:49 - [MESSAGE][PASSED] - Text of object 'Object Repository/FDR-System-Admin/FDR-Reports/FDR-MBES-Reports/21P-Non-Waiver' is: '21P Non-Waiver'

2020-09-08 12:54:49 - [TEST_STEP][PASSED] - assert NonWaiver_21P == "21P Non-Waiver": null

2020-09-08 12:54:49 - [TEST_STEP][PASSED] - waitForElementPresent(findTestObject("Object Repository/FDR-System-Admin/FDR-Reports/FDR-MBES-Reports/FDR-21P-Non-Waiver/21P-Non-Waiver-Btn"), 3): Object 'Object Repository/FDR-System-Admin/FDR-Reports/FDR-MBES-Reports/FDR-21P-Non-Waiver/21P-Non-Waiver-Btn' is present

2020-09-08 12:54:50 - [MESSAGE][PASSED] - Object 'Object Repository/FDR-System-Admin/FDR-Reports/FDR-MBES-Reports/FDR-21P-Non-Waiver/21P-Non-Waiver-Btn' is present

2020-09-08 12:54:50 - [TEST_STEP][PASSED] - click(findTestObject("Object Repository/FDR-System-Admin/FDR-Reports/FDR-MBES-Reports/FDR-21P-Non-Waiver/21P-Non-Waiver-Btn")): Object: 'Object Repository/FDR-System-Admin/FDR-Reports/FDR-MBES-Reports/FDR-21P-Non-Waiver/21P-Non-Waiver-Btn' is clicked on

2020-09-08 12:54:50 - [MESSAGE][PASSED] - Object: 'Object Repository/FDR-System-Admin/FDR-Reports/FDR-MBES-Reports/FDR-21P-Non-Waiver/21P-Non-Waiver-Btn' is clicked on

2020-09-08 12:54:50 - [TEST_STEP][PASSED] - waitForElementPresent(findTestObject("Object Repository/FDR-System-Admin/FDR-Reports/FDR-MBES-Reports/FDR-21P-Non-Waiver/21P-Non-Waiver-Header"), 3): Object 'Object Repository/FDR-System-Admin/FDR-Reports/FDR-MBES-Reports/FDR-21P-Non-Waiver/21P-Non-Waiver-Header' is present

2020-09-08 12:54:51 - [MESSAGE][PASSED] - Object 'Object Repository/FDR-System-Admin/FDR-Reports/FDR-MBES-Reports/FDR-21P-Non-Waiver/21P-Non-Waiver-Header' is present

2020-09-08 12:54:51 - [TEST_STEP][PASSED] - waitForElementPresent(findTestObject("Object Repository/FDR-System-Admin/FDR-Reports/FDR-MBES-Reports/FDR-21P-Non-Waiver/quartersDropdown"), 3): Object 'Object Repository/FDR-System-Admin/FDR-Reports/FDR-MBES-Reports/FDR-21P-Non-Waiver/quartersDropdown' is present

2020-09-08 12:54:51 - [MESSAGE][PASSED] - Object 'Object Repository/FDR-System-Admin/FDR-Reports/FDR-MBES-Reports/FDR-21P-Non-Waiver/quartersDropdown' is present

2020-09-08 12:54:51 - [TEST_STEP][PASSED] - click(findTestObject("Object Repository/FDR-System-Admin/FDR-Reports/FDR-MBES-Reports/FDR-21P-Non-Waiver/quartersDropdown")): Object: 'Object Repository/FDR-System-Admin/FDR-Reports/FDR-MBES-Reports/FDR-21P-Non-Waiver/quartersDropdown' is clicked on

2020-09-08 12:54:51 - [MESSAGE][PASSED] - Object: 'Object Repository/FDR-System-Admin/FDR-Reports/FDR-MBES-Reports/FDR-21P-Non-Waiver/quartersDropdown' is clicked on

2020-09-08 12:54:51 - [TEST_STEP][PASSED] - waitForElementPresent(findTestObject("Object Repository/FDR-System-Admin/FDR-Reports/FDR-MBES-Reports/FDR-21P-Non-Waiver/quartersOption"), 3): Object 'Object Repository/FDR-System-Admin/FDR-Reports/FDR-MBES-Reports/FDR-21P-Non-Waiver/quartersOption' is present

2020-09-08 12:54:52 - [MESSAGE][PASSED] - Object 'Object Repository/FDR-System-Admin/FDR-Reports/FDR-MBES-Reports/FDR-21P-Non-Waiver/quartersOption' is present

2020-09-08 12:54:52 - [TEST_STEP][PASSED] - click(findTestObject("Object Repository/FDR-System-Admin/FDR-Reports/FDR-MBES-Reports/FDR-21P-Non-Waiver/quartersOption")): Object: 'Object Repository/FDR-System-Admin/FDR-Reports/FDR-MBES-Reports/FDR-21P-Non-Waiver/quartersOption' is clicked on

2020-09-08 12:54:52 - [MESSAGE][PASSED] - Object: 'Object Repository/FDR-System-Admin/FDR-Reports/FDR-MBES-Reports/FDR-21P-Non-Waiver/quartersOption' is clicked on

2020-09-08 12:54:52 - [TEST_STEP][PASSED] - waitForElementPresent(findTestObject("Object Repository/FDR-System-Admin/FDR-Reports/FDR-MBES-Reports/FDR-21P-Non-Waiver/lineNumberDropdown"), 3): Object 'Object Repository/FDR-System-Admin/FDR-Reports/FDR-MBES-Reports/FDR-21P-Non-Waiver/lineNumberDropdown' is present

2020-09-08 12:54:53 - [MESSAGE][PASSED] - Object 'Object Repository/FDR-System-Admin/FDR-Reports/FDR-MBES-Reports/FDR-21P-Non-Waiver/lineNumberDropdown' is present

2020-09-08 12:54:53 - [TEST_STEP][PASSED] - click(findTestObject("Object Repository/FDR-System-Admin/FDR-Reports/FDR-MBES-Reports/FDR-21P-Non-Waiver/lineNumberDropdown")): Object: 'Object Repository/FDR-System-Admin/FDR-Reports/FDR-MBES-Reports/FDR-21P-Non-Waiver/lineNumberDropdown' is clicked on

2020-09-08 12:54:53 - [MESSAGE][PASSED] - Object: 'Object Repository/FDR-System-Admin/FDR-Reports/FDR-MBES-Reports/FDR-21P-Non-Waiver/lineNumberDropdown' is clicked on

2020-09-08 12:54:53 - [TEST_STEP][PASSED] - waitForElementPresent(findTestObject("Object Repository/FDR-System-Admin/FDR-Reports/FDR-MBES-Reports/FDR-21P-Non-Waiver/lineNumberOption"), 3): Object 'Object Repository/FDR-System-Admin/FDR-Reports/FDR-MBES-Reports/FDR-21P-Non-Waiver/lineNumberOption' is present

2020-09-08 12:54:53 - [MESSAGE][PASSED] - Object 'Object Repository/FDR-System-Admin/FDR-Reports/FDR-MBES-Reports/FDR-21P-Non-Waiver/lineNumberOption' is present

2020-09-08 12:54:53 - [TEST_STEP][PASSED] - click(findTestObject("Object Repository/FDR-System-Admin/FDR-Reports/FDR-MBES-Reports/FDR-21P-Non-Waiver/lineNumberOption")): Object: 'Object Repository/FDR-System-Admin/FDR-Reports/FDR-MBES-Reports/FDR-21P-Non-Waiver/lineNumberOption' is clicked on

2020-09-08 12:54:54 - [MESSAGE][PASSED] - Object: 'Object Repository/FDR-System-Admin/FDR-Reports/FDR-MBES-Reports/FDR-21P-Non-Waiver/lineNumberOption' is clicked on

2020-09-08 12:54:54 - [TEST_STEP][PASSED] - waitForElementPresent(findTestObject("Object Repository/FDR-System-Admin/FDR-Reports/FDR-MBES-Reports/FDR-21P-Non-Waiver/21P-Non-Waiver-Header"), 3): Object 'Object Repository/FDR-System-Admin/FDR-Reports/FDR-MBES-Reports/FDR-21P-Non-Waiver/21P-Non-Waiver-Header' is present

2020-09-08 12:54:54 - [MESSAGE][PASSED] - Object 'Object Repository/FDR-System-Admin/FDR-Reports/FDR-MBES-Reports/FDR-21P-Non-Waiver/21P-Non-Waiver-Header' is present

2020-09-08 12:54:54 - [TEST_STEP][PASSED] - click(findTestObject("Object Repository/FDR-System-Admin/FDR-Reports/FDR-MBES-Reports/FDR-ReportBtns/backToMBESReports")): Object: 'Object Repository/FDR-System-Admin/FDR-Reports/FDR-MBES-Reports/FDR-ReportBtns/backToMBESReports' is clicked on

2020-09-08 12:54:55 - [MESSAGE][PASSED] - Object: 'Object Repository/FDR-System-Admin/FDR-Reports/FDR-MBES-Reports/FDR-ReportBtns/backToMBESReports' is clicked on

2020-09-08 12:54:55 - [TEST_STEP][PASSED] - nonWaiver_6421UP = getText(findTestObject("Object Repository/FDR-System-Admin/FDR-Reports/FDR-MBES-Reports/64.21UP-Non-Waiver")): Text of object 'Object Repository/FDR-System-Admin/FDR-Reports/FDR-MBES-Reports/64.21UP-Non-Waiver' is: '64.21UP Non-Waiver'

2020-09-08 12:54:55 - [MESSAGE][PASSED] - Text of object 'Object Repository/FDR-System-Admin/FDR-Reports/FDR-MBES-Reports/64.21UP-Non-Waiver' is: '64.21UP Non-Waiver'

2020-09-08 12:54:55 - [TEST_STEP][PASSED] - assert nonWaiver_6421UP == "64.21UP Non-Waiver": null

2020-09-08 12:54:55 - [TEST_STEP][PASSED] - waitForElementPresent(findTestObject("Object Repository/FDR-System-Admin/FDR-Reports/FDR-MBES-Reports/FDR-ReportBtns/64.21UP-NonWaiverBtn"), 3): Object 'Object Repository/FDR-System-Admin/FDR-Reports/FDR-MBES-Reports/FDR-ReportBtns/64.21UP-NonWaiverBtn' is present

2020-09-08 12:54:55 - [MESSAGE][PASSED] - Object 'Object Repository/FDR-System-Admin/FDR-Reports/FDR-MBES-Reports/FDR-ReportBtns/64.21UP-NonWaiverBtn' is present

2020-09-08 12:54:55 - [TEST_STEP][PASSED] - click(findTestObject("Object Repository/FDR-System-Admin/FDR-Reports/FDR-MBES-Reports/FDR-ReportBtns/64.21UP-NonWaiverBtn")): Object: 'Object Repository/FDR-System-Admin/FDR-Reports/FDR-MBES-Reports/FDR-ReportBtns/64.21UP-NonWaiverBtn' is clicked on

2020-09-08 12:54:56 - [MESSAGE][PASSED] - Object: 'Object Repository/FDR-System-Admin/FDR-Reports/FDR-MBES-Reports/FDR-ReportBtns/64.21UP-NonWaiverBtn' is clicked on

2020-09-08 12:54:56 - [TEST_STEP][PASSED] - waitForElementPresent(findTestObject("Object Repository/FDR-System-Admin/FDR-Reports/FDR-MBES-Reports/FDR-64.21UP Non-Waiver/header"), 3): Object 'Object Repository/FDR-System-Admin/FDR-Reports/FDR-MBES-Reports/FDR-64.21UP Non-Waiver/header' is present

2020-09-08 12:54:56 - [MESSAGE][PASSED] - Object 'Object Repository/FDR-System-Admin/FDR-Reports/FDR-MBES-Reports/FDR-64.21UP Non-Waiver/header' is present

2020-09-08 12:54:56 - [TEST_STEP][PASSED] - waitForElementPresent(findTestObject("Object Repository/FDR-System-Admin/FDR-Reports/FDR-MBES-Reports/FDR-64.21UP Non-Waiver/header"), 3): Object 'Object Repository/FDR-System-Admin/FDR-Reports/FDR-MBES-Reports/FDR-64.21UP Non-Waiver/header' is present

2020-09-08 12:54:57 - [MESSAGE][PASSED] - Object 'Object Repository/FDR-System-Admin/FDR-Reports/FDR-MBES-Reports/FDR-64.21UP Non-Waiver/header' is present

2020-09-08 12:54:57 - [TEST_STEP][PASSED] - click(findTestObject("Object Repository/FDR-System-Admin/FDR-Reports/FDR-MBES-Reports/FDR-64.21UP Non-Waiver/quartersDropdown")): Object: 'Object Repository/FDR-System-Admin/FDR-Reports/FDR-MBES-Reports/FDR-64.21UP Non-Waiver/quartersDropdown' is clicked on

2020-09-08 12:54:57 - [MESSAGE][PASSED] - Object: 'Object Repository/FDR-System-Admin/FDR-Reports/FDR-MBES-Reports/FDR-64.21UP Non-Waiver/quartersDropdown' is clicked on

2020-09-08 12:54:57 - [TEST_STEP][PASSED] - waitForElementPresent(findTestObject("Object Repository/FDR-System-Admin/FDR-Reports/FDR-MBES-Reports/FDR-64.21UP Non-Waiver/quartersOption"), 3): Object 'Object Repository/FDR-System-Admin/FDR-Reports/FDR-MBES-Reports/FDR-64.21UP Non-Waiver/quartersOption' is present

2020-09-08 12:54:57 - [MESSAGE][PASSED] - Object 'Object Repository/FDR-System-Admin/FDR-Reports/FDR-MBES-Reports/FDR-64.21UP Non-Waiver/quartersOption' is present

2020-09-08 12:54:57 - [TEST_STEP][PASSED] - click(findTestObject("Object Repository/FDR-System-Admin/FDR-Reports/FDR-MBES-Reports/FDR-64.21UP Non-Waiver/quartersOption")): Object: 'Object Repository/FDR-System-Admin/FDR-Reports/FDR-MBES-Reports/FDR-64.21UP Non-Waiver/quartersOption' is clicked on

2020-09-08 12:54:58 - [MESSAGE][PASSED] - Object: 'Object Repository/FDR-System-Admin/FDR-Reports/FDR-MBES-Reports/FDR-64.21UP Non-Waiver/quartersOption' is clicked on

2020-09-08 12:54:58 - [TEST_STEP][PASSED] - waitForElementPresent(findTestObject("Object Repository/FDR-System-Admin/FDR-Reports/FDR-MBES-Reports/FDR-64.21UP Non-Waiver/lineNumberDropdown"), 3): Object 'Object Repository/FDR-System-Admin/FDR-Reports/FDR-MBES-Reports/FDR-64.21UP Non-Waiver/lineNumberDropdown' is present

2020-09-08 12:54:58 - [MESSAGE][PASSED] - Object 'Object Repository/FDR-System-Admin/FDR-Reports/FDR-MBES-Reports/FDR-64.21UP Non-Waiver/lineNumberDropdown' is present

2020-09-08 12:54:58 - [TEST_STEP][PASSED] - click(findTestObject("Object Repository/FDR-System-Admin/FDR-Reports/FDR-MBES-Reports/FDR-64.21UP Non-Waiver/lineNumberDropdown")): Object: 'Object Repository/FDR-System-Admin/FDR-Reports/FDR-MBES-Reports/FDR-64.21UP Non-Waiver/lineNumberDropdown' is clicked on

2020-09-08 12:54:58 - [MESSAGE][PASSED] - Object: 'Object Repository/FDR-System-Admin/FDR-Reports/FDR-MBES-Reports/FDR-64.21UP Non-Waiver/lineNumberDropdown' is clicked on

2020-09-08 12:54:58 - [TEST_STEP][PASSED] - waitForElementPresent(findTestObject("Object Repository/FDR-System-Admin/FDR-Reports/FDR-MBES-Reports/FDR-64.21UP Non-Waiver/lineNumberOption"), 3): Object 'Object Repository/FDR-System-Admin/FDR-Reports/FDR-MBES-Reports/FDR-64.21UP Non-Waiver/lineNumberOption' is present

2020-09-08 12:54:59 - [MESSAGE][PASSED] - Object 'Object Repository/FDR-System-Admin/FDR-Reports/FDR-MBES-Reports/FDR-64.21UP Non-Waiver/lineNumberOption' is present

2020-09-08 12:54:59 - [TEST_STEP][PASSED] - click(findTestObject("Object Repository/FDR-System-Admin/FDR-Reports/FDR-MBES-Reports/FDR-64.21UP Non-Waiver/lineNumberOption")): Object: 'Object Repository/FDR-System-Admin/FDR-Reports/FDR-MBES-Reports/FDR-64.21UP Non-Waiver/lineNumberOption' is clicked on

2020-09-08 12:54:59 - [MESSAGE][PASSED] - Object: 'Object Repository/FDR-System-Admin/FDR-Reports/FDR-MBES-Reports/FDR-64.21UP Non-Waiver/lineNumberOption' is clicked on

2020-09-08 12:54:59 - [TEST_STEP][PASSED] - waitForElementPresent(findTestObject("Object Repository/FDR-System-Admin/FDR-Reports/FDR-MBES-Reports/FDR-ReportBtns/64.21UP-NonWaiverHeader"), 3): Object 'Object Repository/FDR-System-Admin/FDR-Reports/FDR-MBES-Reports/FDR-ReportBtns/64.21UP-NonWaiverHeader' is not present after 3 second(s)

2020-09-08 12:55:03 - [MESSAGE][INFO] - Unable to find the element located by 'By.xpath: //*[@id="wrapper"]/main/div/div/div/div/main/div[1]/div[2]/div/h5'. Please recheck the objects properties to make sure the desired element is located. 

2020-09-08 12:55:03 - [MESSAGE][WARNING] - Object 'Object Repository/FDR-System-Admin/FDR-Reports/FDR-MBES-Reports/FDR-ReportBtns/64.21UP-NonWaiverHeader' is not present after 3 second(s)

2020-09-08 12:55:03 - [TEST_STEP][PASSED] - click(findTestObject("Object Repository/FDR-System-Admin/FDR-Reports/FDR-MBES-Reports/FDR-ReportBtns/backToMBESReports")): Object: 'Object Repository/FDR-System-Admin/FDR-Reports/FDR-MBES-Reports/FDR-ReportBtns/backToMBESReports' is clicked on

2020-09-08 12:55:04 - [MESSAGE][PASSED] - Object: 'Object Repository/FDR-System-Admin/FDR-Reports/FDR-MBES-Reports/FDR-ReportBtns/backToMBESReports' is clicked on

2020-09-08 12:55:04 - [TEST_STEP][PASSED] - waiver_6421U = getText(findTestObject("Object Repository/FDR-System-Admin/FDR-Reports/FDR-MBES-Reports/64.21U-Waiver")): Text of object 'Object Repository/FDR-System-Admin/FDR-Reports/FDR-MBES-Reports/64.21U-Waiver' is: '64.21U Waiver'

2020-09-08 12:55:04 - [MESSAGE][PASSED] - Text of object 'Object Repository/FDR-System-Admin/FDR-Reports/FDR-MBES-Reports/64.21U-Waiver' is: '64.21U Waiver'

2020-09-08 12:55:04 - [TEST_STEP][PASSED] - assert waiver_6421U == "64.21U Waiver": null

2020-09-08 12:55:04 - [TEST_STEP][PASSED] - waiver_6421UP = getText(findTestObject("Object Repository/FDR-System-Admin/FDR-Reports/FDR-MBES-Reports/64.21UP-Waiver")): Text of object 'Object Repository/FDR-System-Admin/FDR-Reports/FDR-MBES-Reports/64.21UP-Waiver' is: '64.21UP Waiver'

2020-09-08 12:55:04 - [MESSAGE][PASSED] - Text of object 'Object Repository/FDR-System-Admin/FDR-Reports/FDR-MBES-Reports/64.21UP-Waiver' is: '64.21UP Waiver'

2020-09-08 12:55:04 - [TEST_STEP][PASSED] - assert waiver_6421UP == "64.21UP Waiver": null

2020-09-08 12:55:04 - [TEST_STEP][PASSED] - waitForElementPresent(findTestObject("Object Repository/FDR-System-Admin/FDR-Reports/FDR-MBES-Reports/FDR-ReportBtns/64.21UP-WaiverBtn"), 3): Object 'Object Repository/FDR-System-Admin/FDR-Reports/FDR-MBES-Reports/FDR-ReportBtns/64.21UP-WaiverBtn' is present

2020-09-08 12:55:05 - [MESSAGE][PASSED] - Object 'Object Repository/FDR-System-Admin/FDR-Reports/FDR-MBES-Reports/FDR-ReportBtns/64.21UP-WaiverBtn' is present

2020-09-08 12:55:05 - [TEST_STEP][PASSED] - click(findTestObject("Object Repository/FDR-System-Admin/FDR-Reports/FDR-MBES-Reports/FDR-ReportBtns/64.21UP-WaiverBtn")): Object: 'Object Repository/FDR-System-Admin/FDR-Reports/FDR-MBES-Reports/FDR-ReportBtns/64.21UP-WaiverBtn' is clicked on

2020-09-08 12:55:05 - [MESSAGE][PASSED] - Object: 'Object Repository/FDR-System-Admin/FDR-Reports/FDR-MBES-Reports/FDR-ReportBtns/64.21UP-WaiverBtn' is clicked on

2020-09-08 12:55:05 - [TEST_STEP][PASSED] - waitForElementPresent(findTestObject("Object Repository/FDR-System-Admin/FDR-Reports/FDR-MBES-Reports/FDR-ReportBtns/64.21UP-WaiverHeader"), 3): Object 'Object Repository/FDR-System-Admin/FDR-Reports/FDR-MBES-Reports/FDR-ReportBtns/64.21UP-WaiverHeader' is present

2020-09-08 12:55:06 - [MESSAGE][PASSED] - Object 'Object Repository/FDR-System-Admin/FDR-Reports/FDR-MBES-Reports/FDR-ReportBtns/64.21UP-WaiverHeader' is present

2020-09-08 12:55:06 - [TEST_STEP][PASSED] - click(findTestObject("Object Repository/FDR-System-Admin/FDR-Reports/FDR-MBES-Reports/FDR-ReportBtns/backToMBESReports")): Object: 'Object Repository/FDR-System-Admin/FDR-Reports/FDR-MBES-Reports/FDR-ReportBtns/backToMBESReports' is clicked on

2020-09-08 12:55:06 - [MESSAGE][PASSED] - Object: 'Object Repository/FDR-System-Admin/FDR-Reports/FDR-MBES-Reports/FDR-ReportBtns/backToMBESReports' is clicked on

2020-09-08 12:55:06 - [TEST_STEP][PASSED] - nonWaiver_649 = getText(findTestObject("Object Repository/FDR-System-Admin/FDR-Reports/FDR-MBES-Reports/64.9Non-Waiver")): Text of object 'Object Repository/FDR-System-Admin/FDR-Reports/FDR-MBES-Reports/64.9Non-Waiver' is: '64.9 Non-Waiver'

2020-09-08 12:55:06 - [MESSAGE][PASSED] - Text of object 'Object Repository/FDR-System-Admin/FDR-Reports/FDR-MBES-Reports/64.9Non-Waiver' is: '64.9 Non-Waiver'

2020-09-08 12:55:06 - [TEST_STEP][PASSED] - assert nonWaiver_649 == "64.9 Non-Waiver": null

2020-09-08 12:55:06 - [TEST_STEP][PASSED] - nonWaiver_649P = getText(findTestObject("Object Repository/FDR-System-Admin/FDR-Reports/FDR-MBES-Reports/64.9PNon-Waiver")): Text of object 'Object Repository/FDR-System-Admin/FDR-Reports/FDR-MBES-Reports/64.9PNon-Waiver' is: '64.9P Non-Waiver'

2020-09-08 12:55:07 - [MESSAGE][PASSED] - Text of object 'Object Repository/FDR-System-Admin/FDR-Reports/FDR-MBES-Reports/64.9PNon-Waiver' is: '64.9P Non-Waiver'

2020-09-08 12:55:07 - [TEST_STEP][PASSED] - assert nonWaiver_649P == "64.9P Non-Waiver": null

2020-09-08 12:55:07 - [TEST_STEP][PASSED] - waitForElementPresent(findTestObject("Object Repository/FDR-System-Admin/FDR-Reports/FDR-MBES-Reports/FDR-ReportBtns/64.9P-NonWaiverBtn"), 3): Object 'Object Repository/FDR-System-Admin/FDR-Reports/FDR-MBES-Reports/FDR-ReportBtns/64.9P-NonWaiverBtn' is present

2020-09-08 12:55:07 - [MESSAGE][PASSED] - Object 'Object Repository/FDR-System-Admin/FDR-Reports/FDR-MBES-Reports/FDR-ReportBtns/64.9P-NonWaiverBtn' is present

2020-09-08 12:55:07 - [TEST_STEP][PASSED] - click(findTestObject("Object Repository/FDR-System-Admin/FDR-Reports/FDR-MBES-Reports/FDR-ReportBtns/64.9P-NonWaiverBtn")): Object: 'Object Repository/FDR-System-Admin/FDR-Reports/FDR-MBES-Reports/FDR-ReportBtns/64.9P-NonWaiverBtn' is clicked on

2020-09-08 12:55:07 - [MESSAGE][PASSED] - Object: 'Object Repository/FDR-System-Admin/FDR-Reports/FDR-MBES-Reports/FDR-ReportBtns/64.9P-NonWaiverBtn' is clicked on

2020-09-08 12:55:07 - [TEST_STEP][PASSED] - waitForElementPresent(findTestObject("Object Repository/FDR-System-Admin/FDR-Reports/FDR-MBES-Reports/FDR-ReportBtns/64.9P-NonWaiverHeader"), 3): Object 'Object Repository/FDR-System-Admin/FDR-Reports/FDR-MBES-Reports/FDR-ReportBtns/64.9P-NonWaiverHeader' is present

2020-09-08 12:55:08 - [MESSAGE][PASSED] - Object 'Object Repository/FDR-System-Admin/FDR-Reports/FDR-MBES-Reports/FDR-ReportBtns/64.9P-NonWaiverHeader' is present

2020-09-08 12:55:08 - [TEST_STEP][PASSED] - click(findTestObject("Object Repository/FDR-System-Admin/FDR-Reports/FDR-MBES-Reports/FDR-ReportBtns/backToMBESReports")): Object: 'Object Repository/FDR-System-Admin/FDR-Reports/FDR-MBES-Reports/FDR-ReportBtns/backToMBESReports' is clicked on

2020-09-08 12:55:08 - [MESSAGE][PASSED] - Object: 'Object Repository/FDR-System-Admin/FDR-Reports/FDR-MBES-Reports/FDR-ReportBtns/backToMBESReports' is clicked on

2020-09-08 12:55:08 - [TEST_STEP][PASSED] - waiver_649 = getText(findTestObject("Object Repository/FDR-System-Admin/FDR-Reports/FDR-MBES-Reports/64.9Waiver")): Text of object 'Object Repository/FDR-System-Admin/FDR-Reports/FDR-MBES-Reports/64.9Waiver' is: '64.9 Waiver'

2020-09-08 12:55:09 - [MESSAGE][PASSED] - Text of object 'Object Repository/FDR-System-Admin/FDR-Reports/FDR-MBES-Reports/64.9Waiver' is: '64.9 Waiver'

2020-09-08 12:55:09 - [TEST_STEP][PASSED] - assert waiver_649 == "64.9 Waiver": null

2020-09-08 12:55:09 - [TEST_STEP][PASSED] - waitForElementPresent(findTestObject("Object Repository/FDR-System-Admin/FDR-Reports/FDR-MBES-Reports/FDR-ReportBtns/64.9-WaiverBtn"), 3): Object 'Object Repository/FDR-System-Admin/FDR-Reports/FDR-MBES-Reports/FDR-ReportBtns/64.9-WaiverBtn' is present

2020-09-08 12:55:09 - [MESSAGE][PASSED] - Object 'Object Repository/FDR-System-Admin/FDR-Reports/FDR-MBES-Reports/FDR-ReportBtns/64.9-WaiverBtn' is present

2020-09-08 12:55:09 - [TEST_STEP][PASSED] - click(findTestObject("Object Repository/FDR-System-Admin/FDR-Reports/FDR-MBES-Reports/FDR-ReportBtns/64.9-WaiverBtn")): Object: 'Object Repository/FDR-System-Admin/FDR-Reports/FDR-MBES-Reports/FDR-ReportBtns/64.9-WaiverBtn' is clicked on

2020-09-08 12:55:09 - [MESSAGE][PASSED] - Object: 'Object Repository/FDR-System-Admin/FDR-Reports/FDR-MBES-Reports/FDR-ReportBtns/64.9-WaiverBtn' is clicked on

2020-09-08 12:55:09 - [TEST_STEP][PASSED] - delay(2): Delayed 2 second(s)

2020-09-08 12:55:11 - [MESSAGE][PASSED] - Delayed 2 second(s)

2020-09-08 12:55:11 - [TEST_STEP][PASSED] - waitForElementPresent(findTestObject("Object Repository/FDR-System-Admin/FDR-Reports/FDR-MBES-Reports/FDR-ReportBtns/64.9-WaiverHeader"), 3): Object 'Object Repository/FDR-System-Admin/FDR-Reports/FDR-MBES-Reports/FDR-ReportBtns/64.9-WaiverHeader' is present

2020-09-08 12:55:12 - [MESSAGE][PASSED] - Object 'Object Repository/FDR-System-Admin/FDR-Reports/FDR-MBES-Reports/FDR-ReportBtns/64.9-WaiverHeader' is present

2020-09-08 12:55:12 - [TEST_STEP][PASSED] - click(findTestObject("Object Repository/FDR-System-Admin/FDR-Reports/FDR-MBES-Reports/FDR-ReportBtns/backToMBESReports")): Object: 'Object Repository/FDR-System-Admin/FDR-Reports/FDR-MBES-Reports/FDR-ReportBtns/backToMBESReports' is clicked on

2020-09-08 12:55:12 - [MESSAGE][PASSED] - Object: 'Object Repository/FDR-System-Admin/FDR-Reports/FDR-MBES-Reports/FDR-ReportBtns/backToMBESReports' is clicked on

2020-09-08 12:55:12 - [TEST_STEP][PASSED] - waiver_649P = getText(findTestObject("Object Repository/FDR-System-Admin/FDR-Reports/FDR-MBES-Reports/64.9P-Waiver")): Text of object 'Object Repository/FDR-System-Admin/FDR-Reports/FDR-MBES-Reports/64.9P-Waiver' is: '64.9P Waiver'

2020-09-08 12:55:12 - [MESSAGE][PASSED] - Text of object 'Object Repository/FDR-System-Admin/FDR-Reports/FDR-MBES-Reports/64.9P-Waiver' is: '64.9P Waiver'

2020-09-08 12:55:12 - [TEST_STEP][PASSED] - assert waiver_649P == "64.9P Waiver": null

2020-09-08 12:55:12 - [TEST_STEP][PASSED] - waitForElementPresent(findTestObject("Object Repository/FDR-System-Admin/FDR-Reports/FDR-MBES-Reports/FDR-ReportBtns/64.9P-WaiverBtn"), 3): Object 'Object Repository/FDR-System-Admin/FDR-Reports/FDR-MBES-Reports/FDR-ReportBtns/64.9P-WaiverBtn' is present

2020-09-08 12:55:13 - [MESSAGE][PASSED] - Object 'Object Repository/FDR-System-Admin/FDR-Reports/FDR-MBES-Reports/FDR-ReportBtns/64.9P-WaiverBtn' is present

2020-09-08 12:55:13 - [TEST_STEP][PASSED] - click(findTestObject("Object Repository/FDR-System-Admin/FDR-Reports/FDR-MBES-Reports/FDR-ReportBtns/64.9P-WaiverBtn")): Object: 'Object Repository/FDR-System-Admin/FDR-Reports/FDR-MBES-Reports/FDR-ReportBtns/64.9P-WaiverBtn' is clicked on

2020-09-08 12:55:13 - [MESSAGE][PASSED] - Object: 'Object Repository/FDR-System-Admin/FDR-Reports/FDR-MBES-Reports/FDR-ReportBtns/64.9P-WaiverBtn' is clicked on

2020-09-08 12:55:13 - [TEST_STEP][PASSED] - waitForElementPresent(findTestObject("Object Repository/FDR-System-Admin/FDR-Reports/FDR-MBES-Reports/FDR-ReportBtns/64.9P-WaiverHeader"), 3): Object 'Object Repository/FDR-System-Admin/FDR-Reports/FDR-MBES-Reports/FDR-ReportBtns/64.9P-WaiverHeader' is present

2020-09-08 12:55:14 - [MESSAGE][PASSED] - Object 'Object Repository/FDR-System-Admin/FDR-Reports/FDR-MBES-Reports/FDR-ReportBtns/64.9P-WaiverHeader' is present

2020-09-08 12:55:14 - [TEST_STEP][PASSED] - click(findTestObject("Object Repository/FDR-System-Admin/FDR-Reports/FDR-MBES-Reports/FDR-ReportBtns/backToMBESReports")): Object: 'Object Repository/FDR-System-Admin/FDR-Reports/FDR-MBES-Reports/FDR-ReportBtns/backToMBESReports' is clicked on

2020-09-08 12:55:14 - [MESSAGE][PASSED] - Object: 'Object Repository/FDR-System-Admin/FDR-Reports/FDR-MBES-Reports/FDR-ReportBtns/backToMBESReports' is clicked on

2020-09-08 12:55:14 - [TEST_STEP][PASSED] - nonWaiver_649VIII = getText(findTestObject("Object Repository/FDR-System-Admin/FDR-Reports/FDR-MBES-Reports/64.9VIII-Non-Waiver")): Text of object 'Object Repository/FDR-System-Admin/FDR-Reports/FDR-MBES-Reports/64.9VIII-Non-Waiver' is: '64.9VIII Non-Waiver'

2020-09-08 12:55:15 - [MESSAGE][PASSED] - Text of object 'Object Repository/FDR-System-Admin/FDR-Reports/FDR-MBES-Reports/64.9VIII-Non-Waiver' is: '64.9VIII Non-Waiver'

2020-09-08 12:55:15 - [TEST_STEP][PASSED] - assert nonWaiver_649VIII == "64.9VIII Non-Waiver": null

2020-09-08 12:55:15 - [TEST_STEP][PASSED] - nonWaiver_649VIIIP = getText(findTestObject("Object Repository/FDR-System-Admin/FDR-Reports/FDR-MBES-Reports/64.9VIIIP-Non-Waiver")): Text of object 'Object Repository/FDR-System-Admin/FDR-Reports/FDR-MBES-Reports/64.9VIIIP-Non-Waiver' is: '64.9VIIIP Non-Waiver'

2020-09-08 12:55:15 - [MESSAGE][PASSED] - Text of object 'Object Repository/FDR-System-Admin/FDR-Reports/FDR-MBES-Reports/64.9VIIIP-Non-Waiver' is: '64.9VIIIP Non-Waiver'

2020-09-08 12:55:15 - [TEST_STEP][PASSED] - assert nonWaiver_649VIIIP == "64.9VIIIP Non-Waiver": null

2020-09-08 12:55:15 - [TEST_STEP][PASSED] - waitForElementPresent(findTestObject("Object Repository/FDR-System-Admin/FDR-Reports/FDR-MBES-Reports/FDR-ReportBtns/64.9VIIIP-NonWaiverBtn"), 3): Object 'Object Repository/FDR-System-Admin/FDR-Reports/FDR-MBES-Reports/FDR-ReportBtns/64.9VIIIP-NonWaiverBtn' is present

2020-09-08 12:55:15 - [MESSAGE][PASSED] - Object 'Object Repository/FDR-System-Admin/FDR-Reports/FDR-MBES-Reports/FDR-ReportBtns/64.9VIIIP-NonWaiverBtn' is present

2020-09-08 12:55:15 - [TEST_STEP][PASSED] - click(findTestObject("Object Repository/FDR-System-Admin/FDR-Reports/FDR-MBES-Reports/FDR-ReportBtns/64.9VIIIP-NonWaiverBtn")): Object: 'Object Repository/FDR-System-Admin/FDR-Reports/FDR-MBES-Reports/FDR-ReportBtns/64.9VIIIP-NonWaiverBtn' is clicked on

2020-09-08 12:55:16 - [MESSAGE][PASSED] - Object: 'Object Repository/FDR-System-Admin/FDR-Reports/FDR-MBES-Reports/FDR-ReportBtns/64.9VIIIP-NonWaiverBtn' is clicked on

2020-09-08 12:55:16 - [TEST_STEP][PASSED] - waitForElementPresent(findTestObject("Object Repository/FDR-System-Admin/FDR-Reports/FDR-MBES-Reports/FDR-ReportBtns/64.9VIIIP-NonWaiverHeader"), 3): Object 'Object Repository/FDR-System-Admin/FDR-Reports/FDR-MBES-Reports/FDR-ReportBtns/64.9VIIIP-NonWaiverHeader' is present

2020-09-08 12:55:16 - [MESSAGE][PASSED] - Object 'Object Repository/FDR-System-Admin/FDR-Reports/FDR-MBES-Reports/FDR-ReportBtns/64.9VIIIP-NonWaiverHeader' is present

2020-09-08 12:55:16 - [TEST_STEP][PASSED] - click(findTestObject("Object Repository/FDR-System-Admin/FDR-Reports/FDR-MBES-Reports/FDR-ReportBtns/backToMBESReports")): Object: 'Object Repository/FDR-System-Admin/FDR-Reports/FDR-MBES-Reports/FDR-ReportBtns/backToMBESReports' is clicked on

2020-09-08 12:55:16 - [MESSAGE][PASSED] - Object: 'Object Repository/FDR-System-Admin/FDR-Reports/FDR-MBES-Reports/FDR-ReportBtns/backToMBESReports' is clicked on

2020-09-08 12:55:16 - [TEST_STEP][PASSED] - waiver_649VIII = getText(findTestObject("Object Repository/FDR-System-Admin/FDR-Reports/FDR-MBES-Reports/64.9VIII-Waiver")): Text of object 'Object Repository/FDR-System-Admin/FDR-Reports/FDR-MBES-Reports/64.9VIII-Waiver' is: '64.9VIII Waiver'

2020-09-08 12:55:17 - [MESSAGE][PASSED] - Text of object 'Object Repository/FDR-System-Admin/FDR-Reports/FDR-MBES-Reports/64.9VIII-Waiver' is: '64.9VIII Waiver'

2020-09-08 12:55:17 - [TEST_STEP][PASSED] - assert waiver_649VIII == "64.9VIII Waiver": null

2020-09-08 12:55:17 - [TEST_STEP][PASSED] - refresh(): Refresh successfully

2020-09-08 12:55:18 - [MESSAGE][PASSED] - Refresh successfully

2020-09-08 12:55:18 - [TEST_STEP][PASSED] - waiver_649VIIIP = getText(findTestObject("Object Repository/FDR-System-Admin/FDR-Reports/FDR-MBES-Reports/64.9VIIIP-Waiver")): Text of object 'Object Repository/FDR-System-Admin/FDR-Reports/FDR-MBES-Reports/64.9VIIIP-Waiver' is: '64.9VIIIP Waiver'

2020-09-08 12:55:18 - [MESSAGE][PASSED] - Text of object 'Object Repository/FDR-System-Admin/FDR-Reports/FDR-MBES-Reports/64.9VIIIP-Waiver' is: '64.9VIIIP Waiver'

2020-09-08 12:55:18 - [TEST_STEP][PASSED] - assert waiver_649VIIIP == "64.9VIIIP Waiver": null

2020-09-08 12:55:18 - [TEST_STEP][PASSED] - waitForElementPresent(findTestObject("Object Repository/FDR-System-Admin/FDR-Reports/FDR-MBES-Reports/FDR-ReportBtns/64.9VIIIP-WaiverBtn"), 3): Object 'Object Repository/FDR-System-Admin/FDR-Reports/FDR-MBES-Reports/FDR-ReportBtns/64.9VIIIP-WaiverBtn' is present

2020-09-08 12:55:18 - [MESSAGE][PASSED] - Object 'Object Repository/FDR-System-Admin/FDR-Reports/FDR-MBES-Reports/FDR-ReportBtns/64.9VIIIP-WaiverBtn' is present

2020-09-08 12:55:18 - [TEST_STEP][PASSED] - click(findTestObject("Object Repository/FDR-System-Admin/FDR-Reports/FDR-MBES-Reports/FDR-ReportBtns/64.9VIIIP-WaiverBtn")): Object: 'Object Repository/FDR-System-Admin/FDR-Reports/FDR-MBES-Reports/FDR-ReportBtns/64.9VIIIP-WaiverBtn' is clicked on

2020-09-08 12:55:19 - [MESSAGE][PASSED] - Object: 'Object Repository/FDR-System-Admin/FDR-Reports/FDR-MBES-Reports/FDR-ReportBtns/64.9VIIIP-WaiverBtn' is clicked on

2020-09-08 12:55:19 - [TEST_STEP][PASSED] - waitForElementPresent(findTestObject("Object Repository/FDR-System-Admin/FDR-Reports/FDR-MBES-Reports/FDR-ReportBtns/64.9VIIIP-WaiverHeader"), 3): Object 'Object Repository/FDR-System-Admin/FDR-Reports/FDR-MBES-Reports/FDR-ReportBtns/64.9VIIIP-WaiverHeader' is present

2020-09-08 12:55:20 - [MESSAGE][PASSED] - Object 'Object Repository/FDR-System-Admin/FDR-Reports/FDR-MBES-Reports/FDR-ReportBtns/64.9VIIIP-WaiverHeader' is present

2020-09-08 12:55:20 - [TEST_STEP][PASSED] - commonFunctions.logout(): Browser is closed

2020-09-08 12:55:20 - [MESSAGE][PASSED] - Browser is closed

2020-09-08 12:55:20 - [TEST_STEP][PASSED] - closeBrowser(): Browser is closed

2020-09-08 12:55:20 - [MESSAGE][PASSED] - Browser is closed

2020-09-08 12:55:20 - [TEST_STEP][PASSED] - Start listener action : sampleAfterTestCase: null

2020-09-08 12:55:20 - [TEST_STEP][PASSED] - profileName = getExecutionProfile(): null

2020-09-08 12:55:20 - [TEST_STEP][PASSED] - switch (profileName): null

2020-09-08 12:55:20 - [TEST_STEP][PASSED] - case "superUser":: null

2020-09-08 12:55:20 - [TEST_STEP][PASSED] - return null: null

2020-09-08 12:55:20 - [TEST_STEP][PASSED] - Start listener action : afterTestCase: null

2020-09-08 12:55:20 - [TEST_STEP][PASSED] - profileName = getExecutionProfile(): null

2020-09-08 12:55:20 - [TEST_STEP][PASSED] - if (profileName.equalsIgnoreCase("SysAdmin")): null

2020-09-08 12:55:20 - [TEST_STEP][PASSED] - Start listener action : sampleAfterTestCase: null

2020-09-08 12:55:20 - [TEST_STEP][PASSED] - profileName = getExecutionProfile(): null

2020-09-08 12:55:20 - [TEST_STEP][PASSED] - switch (profileName): null

2020-09-08 12:55:20 - [TEST_STEP][PASSED] - Default: null

2020-09-08 12:55:20 - [TEST_STEP][PASSED] - return null: null

2020-09-08 12:55:20 - [TEST_STEP][PASSED] - Start listener action : addFailedTCToList: null]]></system-out>
         <system-err><![CDATA[]]></system-err>
      </testcase>
      <testcase name="Test Cases/FDR_Smoke_Testing/FDR-Voucher_Add_Invoice_DistributionLine" time="91.126" classname="Test Cases/FDR_Smoke_Testing/FDR-Voucher_Add_Invoice_DistributionLine" status="PASSED">
         <system-out><![CDATA[2020-09-08 12:55:20 - [TEST_CASE][PASSED] - Test Cases/FDR_Smoke_Testing/FDR-Voucher_Add_Invoice_DistributionLine: Test Cases/FDR_Smoke_Testing/FDR-Voucher_Add_Invoice_DistributionLine

2020-09-08 12:55:20 - [TEST_STEP][PASSED] - Start listener action : sampleBeforeTestCase: null

2020-09-08 12:55:20 - [TEST_STEP][PASSED] - profileName = getExecutionProfile(): null

2020-09-08 12:55:20 - [TEST_STEP][PASSED] - switch (profileName): null

2020-09-08 12:55:20 - [TEST_STEP][PASSED] - case "superUser":: null

2020-09-08 12:55:20 - [TEST_STEP][PASSED] - return null: null

2020-09-08 12:55:20 - [TEST_STEP][PASSED] - Start listener action : beforeTestCase: null

2020-09-08 12:55:20 - [TEST_STEP][PASSED] - profileName = getExecutionProfile(): null

2020-09-08 12:55:20 - [TEST_STEP][PASSED] - if (profileName.equalsIgnoreCase("SysAdmin")): null

2020-09-08 12:55:20 - [TEST_STEP][PASSED] - Start listener action : sampleBeforeTestCase: null

2020-09-08 12:55:20 - [TEST_STEP][PASSED] - profileName = getExecutionProfile(): null

2020-09-08 12:55:20 - [TEST_STEP][PASSED] - testCaseId = testCaseContext.getTestCaseId(): null

2020-09-08 12:55:20 - [TEST_STEP][PASSED] - switch (profileName): null

2020-09-08 12:55:20 - [TEST_STEP][PASSED] - Default: null

2020-09-08 12:55:20 - [TEST_STEP][PASSED] - return null: null

2020-09-08 12:55:20 - [TEST_STEP][PASSED] - Start listener action : executeRows: null

2020-09-08 12:55:20 - [TEST_STEP][PASSED] - Datasheet = findTestData("End_2_End/End_2_End_Voucher"): null

2020-09-08 12:55:20 - [TEST_STEP][PASSED] - commonFunctions.login(superUserAccnt, superUserPwd): Object: 'Object Repository/FDR-SignIn/SignInButton' is clicked on

2020-09-08 12:55:20 - [MESSAGE][INFO] - Starting 'Chrome' driver

2020-09-08 12:55:20 - [MESSAGE][INFO] - Action delay is set to 0 milliseconds

2020-09-08 12:55:24 - [MESSAGE][PASSED] - Browser is opened with url: 'https://fdr-katalon.cammis-mod-dev.dhcs.ca.gov'

2020-09-08 12:55:27 - [MESSAGE][PASSED] - Current window maximized

2020-09-08 12:55:27 - [MESSAGE][PASSED] - Object 'Object Repository/FDR-SignIn/SignInEmail' is present

2020-09-08 12:55:28 - [MESSAGE][PASSED] - Object: 'Object Repository/FDR-SignIn/SignInEmail' is clicked on

2020-09-08 12:55:28 - [MESSAGE][PASSED] - Object 'Object Repository/FDR-SignIn/SignInEmail' is present

2020-09-08 12:55:28 - [MESSAGE][PASSED] - Text 'fdr.test11@dhcs.ca.gov' is set on object 'Object Repository/FDR-SignIn/SignInEmail'

2020-09-08 12:55:29 - [MESSAGE][PASSED] - Object 'Object Repository/FDR-SignIn/SignInEmailNext' is visible

2020-09-08 12:55:29 - [MESSAGE][PASSED] - Object: 'Object Repository/FDR-SignIn/SignInEmailNext' is clicked on

2020-09-08 12:55:32 - [MESSAGE][PASSED] - Object 'Object Repository/FDR-SignIn/SignInEmailPassword' is visible

2020-09-08 12:55:33 - [MESSAGE][PASSED] - Object: 'Object Repository/FDR-SignIn/SignInEmailPassword' is clicked on

2020-09-08 12:55:33 - [MESSAGE][PASSED] - Text ****** has been set on object 'Object Repository/FDR-SignIn/SignInEmailPassword'

2020-09-08 12:55:34 - [MESSAGE][PASSED] - Object: 'Object Repository/FDR-SignIn/SignInButton' is clicked on

2020-09-08 12:55:34 - [TEST_STEP][PASSED] - commonFunctions.selectRole("accountsPayableProcessor"): Object 'Object Repository/FDR-VoucherEntry/VoucherHeader/reviewButton' is not present after 2 second(s)

2020-09-08 12:55:38 - [MESSAGE][INFO] - Unable to find the element located by 'By.xpath: //*[@data-id='action-button']//*[contains(text(),'Review')]'. Please recheck the objects properties to make sure the desired element is located. 

2020-09-08 12:55:38 - [MESSAGE][WARNING] - Object 'Object Repository/FDR-VoucherEntry/VoucherHeader/reviewButton' is not present after 2 second(s)

2020-09-08 12:55:38 - [MESSAGE][PASSED] - Object: 'Object Repository/FDR-SuperUser-Dashboard/userExpandButton' is clicked on

2020-09-08 12:55:41 - [MESSAGE][INFO] - Unable to find the element located by 'By.xpath: //*[@data-id='action-button']//*[contains(text(),'Review')]'. Please recheck the objects properties to make sure the desired element is located. 

2020-09-08 12:55:41 - [MESSAGE][WARNING] - Object 'Object Repository/FDR-VoucherEntry/VoucherHeader/reviewButton' is not present after 2 second(s)

2020-09-08 12:55:41 - [MESSAGE][PASSED] - Object: 'Object Repository/FDR-SuperUser-Dashboard/accountsPayableProcessor' is clicked on

2020-09-08 12:55:45 - [MESSAGE][INFO] - Unable to find the element located by 'By.xpath: //*[@data-id='action-button']//*[contains(text(),'Review')]'. Please recheck the objects properties to make sure the desired element is located. 

2020-09-08 12:55:45 - [MESSAGE][WARNING] - Object 'Object Repository/FDR-VoucherEntry/VoucherHeader/reviewButton' is not present after 2 second(s)

2020-09-08 12:55:45 - [TEST_STEP][PASSED] - click(findTestObject("Object Repository/FDR-Dashboard/createNewVoucherButton")): Object: 'Object Repository/FDR-Dashboard/createNewVoucherButton' is clicked on

2020-09-08 12:55:45 - [MESSAGE][PASSED] - Object: 'Object Repository/FDR-Dashboard/createNewVoucherButton' is clicked on

2020-09-08 12:55:45 - [TEST_STEP][PASSED] - setText(findTestObject("FDR-VoucherEntry/Voucher/drawDate"), Datasheet.getValue("drawDate", 1)): Text '09/28/2020' is set on object 'Object Repository/FDR-VoucherEntry/Voucher/drawDate'

2020-09-08 12:55:46 - [MESSAGE][PASSED] - Text '09/28/2020' is set on object 'Object Repository/FDR-VoucherEntry/Voucher/drawDate'

2020-09-08 12:55:46 - [TEST_STEP][PASSED] - setText(findTestObject("FDR-VoucherEntry/Voucher/payDate"), Datasheet.getValue("payDate", 1)): Text '09/30/2020' is set on object 'Object Repository/FDR-VoucherEntry/Voucher/payDate'

2020-09-08 12:55:47 - [MESSAGE][PASSED] - Text '09/30/2020' is set on object 'Object Repository/FDR-VoucherEntry/Voucher/payDate'

2020-09-08 12:55:47 - [TEST_STEP][PASSED] - click(findTestObject("FDR-VoucherEntry/Voucher/programType")): Object: 'Object Repository/FDR-VoucherEntry/Voucher/programType' is clicked on

2020-09-08 12:55:48 - [MESSAGE][PASSED] - Object: 'Object Repository/FDR-VoucherEntry/Voucher/programType' is clicked on

2020-09-08 12:55:48 - [TEST_STEP][PASSED] - waitForElementPresent(findTestObject("FDR-VoucherEntry/Voucher/programType"), 2): Object 'Object Repository/FDR-VoucherEntry/Voucher/programType' is present

2020-09-08 12:55:48 - [MESSAGE][PASSED] - Object 'Object Repository/FDR-VoucherEntry/Voucher/programType' is present

2020-09-08 12:55:48 - [TEST_STEP][PASSED] - setText(findTestObject("FDR-VoucherEntry/Voucher/programType"), Datasheet.getValue("programType", 1)): Text 'Medical Assistance (MA)' is set on object 'Object Repository/FDR-VoucherEntry/Voucher/programType'

2020-09-08 12:55:49 - [MESSAGE][PASSED] - Text 'Medical Assistance (MA)' is set on object 'Object Repository/FDR-VoucherEntry/Voucher/programType'

2020-09-08 12:55:49 - [TEST_STEP][PASSED] - waitForElementPresent(findTestObject("FDR-VoucherEntry/Voucher/programType"), 3): Object 'Object Repository/FDR-VoucherEntry/Voucher/programType' is present

2020-09-08 12:55:49 - [MESSAGE][PASSED] - Object 'Object Repository/FDR-VoucherEntry/Voucher/programType' is present

2020-09-08 12:55:49 - [TEST_STEP][PASSED] - sendKeys(findTestObject("FDR-VoucherEntry/Voucher/programType"), Keys.chord(DOWN, ENTER)): Keys 'DOWN + ENTER + ' sent to object: 'Object Repository/FDR-VoucherEntry/Voucher/programType'

2020-09-08 12:55:49 - [MESSAGE][PASSED] - Keys 'DOWN + ENTER + ' sent to object: 'Object Repository/FDR-VoucherEntry/Voucher/programType'

2020-09-08 12:55:49 - [TEST_STEP][PASSED] - click(findTestObject("FDR-VoucherEntry/Voucher/invoiceType")): Object: 'Object Repository/FDR-VoucherEntry/Voucher/invoiceType' is clicked on

2020-09-08 12:55:50 - [MESSAGE][PASSED] - Object: 'Object Repository/FDR-VoucherEntry/Voucher/invoiceType' is clicked on

2020-09-08 12:55:50 - [TEST_STEP][PASSED] - waitForElementPresent(findTestObject("FDR-VoucherEntry/Voucher/invoiceType"), 2): Object 'Object Repository/FDR-VoucherEntry/Voucher/invoiceType' is present

2020-09-08 12:55:50 - [MESSAGE][PASSED] - Object 'Object Repository/FDR-VoucherEntry/Voucher/invoiceType' is present

2020-09-08 12:55:50 - [TEST_STEP][PASSED] - sendKeys(findTestObject("FDR-VoucherEntry/Voucher/invoiceType"), Datasheet.getValue("invoiceType", 1)): Keys 'CAP' sent to object: 'Object Repository/FDR-VoucherEntry/Voucher/invoiceType'

2020-09-08 12:55:51 - [MESSAGE][PASSED] - Keys 'CAP' sent to object: 'Object Repository/FDR-VoucherEntry/Voucher/invoiceType'

2020-09-08 12:55:51 - [TEST_STEP][PASSED] - sendKeys(findTestObject("FDR-VoucherEntry/Voucher/invoiceType"), Keys.chord(DOWN, ENTER)): Keys 'DOWN + ENTER + ' sent to object: 'Object Repository/FDR-VoucherEntry/Voucher/invoiceType'

2020-09-08 12:55:51 - [MESSAGE][PASSED] - Keys 'DOWN + ENTER + ' sent to object: 'Object Repository/FDR-VoucherEntry/Voucher/invoiceType'

2020-09-08 12:55:51 - [TEST_STEP][PASSED] - click(findTestObject("FDR-VoucherEntry/Voucher/fundcode")): Object: 'Object Repository/FDR-VoucherEntry/Voucher/fundcode' is clicked on

2020-09-08 12:55:52 - [MESSAGE][PASSED] - Object: 'Object Repository/FDR-VoucherEntry/Voucher/fundcode' is clicked on

2020-09-08 12:55:52 - [TEST_STEP][PASSED] - waitForElementPresent(findTestObject("FDR-VoucherEntry/Voucher/fundcode"), 1): Object 'Object Repository/FDR-VoucherEntry/Voucher/fundcode' is present

2020-09-08 12:55:52 - [MESSAGE][PASSED] - Object 'Object Repository/FDR-VoucherEntry/Voucher/fundcode' is present

2020-09-08 12:55:52 - [TEST_STEP][PASSED] - sendKeys(findTestObject("FDR-VoucherEntry/Voucher/fundcode"), Datasheet.getValue("fundcode", 1)): Keys 'Health Care Deposit Fund (0912)' sent to object: 'Object Repository/FDR-VoucherEntry/Voucher/fundcode'

2020-09-08 12:55:53 - [MESSAGE][PASSED] - Keys 'Health Care Deposit Fund (0912)' sent to object: 'Object Repository/FDR-VoucherEntry/Voucher/fundcode'

2020-09-08 12:55:53 - [TEST_STEP][PASSED] - sendKeys(findTestObject("FDR-VoucherEntry/Voucher/fundcode"), Keys.chord(DOWN, ENTER)): Keys 'DOWN + ENTER + ' sent to object: 'Object Repository/FDR-VoucherEntry/Voucher/fundcode'

2020-09-08 12:55:53 - [MESSAGE][PASSED] - Keys 'DOWN + ENTER + ' sent to object: 'Object Repository/FDR-VoucherEntry/Voucher/fundcode'

2020-09-08 12:55:53 - [TEST_STEP][PASSED] - click(findTestObject("FDR-VoucherEntry/Voucher/supplierID")): Object: 'Object Repository/FDR-VoucherEntry/Voucher/supplierID' is clicked on

2020-09-08 12:55:54 - [MESSAGE][PASSED] - Object: 'Object Repository/FDR-VoucherEntry/Voucher/supplierID' is clicked on

2020-09-08 12:55:54 - [TEST_STEP][PASSED] - waitForElementPresent(findTestObject("FDR-VoucherEntry/Voucher/supplierID"), 1): Object 'Object Repository/FDR-VoucherEntry/Voucher/supplierID' is present

2020-09-08 12:55:54 - [MESSAGE][PASSED] - Object 'Object Repository/FDR-VoucherEntry/Voucher/supplierID' is present

2020-09-08 12:55:54 - [TEST_STEP][PASSED] - sendKeys(findTestObject("FDR-VoucherEntry/Voucher/supplierID"), Datasheet.getValue("supplierID", 1)): Keys '0000007954' sent to object: 'Object Repository/FDR-VoucherEntry/Voucher/supplierID'

2020-09-08 12:55:55 - [MESSAGE][PASSED] - Keys '0000007954' sent to object: 'Object Repository/FDR-VoucherEntry/Voucher/supplierID'

2020-09-08 12:55:55 - [TEST_STEP][PASSED] - sendKeys(findTestObject("FDR-VoucherEntry/Voucher/supplierID"), Keys.chord(DOWN, ENTER)): Keys 'DOWN + ENTER + ' sent to object: 'Object Repository/FDR-VoucherEntry/Voucher/supplierID'

2020-09-08 12:55:55 - [MESSAGE][PASSED] - Keys 'DOWN + ENTER + ' sent to object: 'Object Repository/FDR-VoucherEntry/Voucher/supplierID'

2020-09-08 12:55:55 - [TEST_STEP][PASSED] - click(findTestObject("FDR-VoucherEntry/Voucher/seqNum")): Object: 'Object Repository/FDR-VoucherEntry/Voucher/seqNum' is clicked on

2020-09-08 12:55:56 - [MESSAGE][PASSED] - Object: 'Object Repository/FDR-VoucherEntry/Voucher/seqNum' is clicked on

2020-09-08 12:55:56 - [TEST_STEP][PASSED] - waitForElementPresent(findTestObject("FDR-VoucherEntry/Voucher/seqNum"), 3): Object 'Object Repository/FDR-VoucherEntry/Voucher/seqNum' is present

2020-09-08 12:55:56 - [MESSAGE][PASSED] - Object 'Object Repository/FDR-VoucherEntry/Voucher/seqNum' is present

2020-09-08 12:55:56 - [TEST_STEP][PASSED] - sendKeys(findTestObject("FDR-VoucherEntry/Voucher/supplierID"), Datasheet.getValue("seqNum", 1)): Keys '01' sent to object: 'Object Repository/FDR-VoucherEntry/Voucher/supplierID'

2020-09-08 12:55:56 - [MESSAGE][PASSED] - Keys '01' sent to object: 'Object Repository/FDR-VoucherEntry/Voucher/supplierID'

2020-09-08 12:55:56 - [TEST_STEP][PASSED] - click(findTestObject("FDR-VoucherEntry/Voucher/seqNum")): Object: 'Object Repository/FDR-VoucherEntry/Voucher/seqNum' is clicked on

2020-09-08 12:55:57 - [MESSAGE][PASSED] - Object: 'Object Repository/FDR-VoucherEntry/Voucher/seqNum' is clicked on

2020-09-08 12:55:57 - [TEST_STEP][PASSED] - sendKeys(findTestObject("FDR-VoucherEntry/Voucher/seqNum"), Keys.chord(DOWN, ENTER)): Keys 'DOWN + ENTER + ' sent to object: 'Object Repository/FDR-VoucherEntry/Voucher/seqNum'

2020-09-08 12:55:57 - [MESSAGE][PASSED] - Keys 'DOWN + ENTER + ' sent to object: 'Object Repository/FDR-VoucherEntry/Voucher/seqNum'

2020-09-08 12:55:57 - [TEST_STEP][PASSED] - click(findTestObject("FDR-VoucherEntry/Voucher/contractNum")): Object: 'Object Repository/FDR-VoucherEntry/Voucher/contractNum' is clicked on

2020-09-08 12:55:58 - [MESSAGE][PASSED] - Object: 'Object Repository/FDR-VoucherEntry/Voucher/contractNum' is clicked on

2020-09-08 12:55:58 - [TEST_STEP][PASSED] - waitForElementPresent(findTestObject("FDR-VoucherEntry/Voucher/contractNum"), 1): Object 'Object Repository/FDR-VoucherEntry/Voucher/contractNum' is present

2020-09-08 12:55:58 - [MESSAGE][PASSED] - Object 'Object Repository/FDR-VoucherEntry/Voucher/contractNum' is present

2020-09-08 12:55:58 - [TEST_STEP][PASSED] - sendKeys(findTestObject("FDR-VoucherEntry/Voucher/contractNum"), Datasheet.getValue("contractNum", 1)): Keys '07-65707' sent to object: 'Object Repository/FDR-VoucherEntry/Voucher/contractNum'

2020-09-08 12:55:59 - [MESSAGE][PASSED] - Keys '07-65707' sent to object: 'Object Repository/FDR-VoucherEntry/Voucher/contractNum'

2020-09-08 12:55:59 - [TEST_STEP][PASSED] - click(findTestObject("FDR-VoucherEntry/Voucher/contractNum")): Object: 'Object Repository/FDR-VoucherEntry/Voucher/contractNum' is clicked on

2020-09-08 12:55:59 - [MESSAGE][PASSED] - Object: 'Object Repository/FDR-VoucherEntry/Voucher/contractNum' is clicked on

2020-09-08 12:55:59 - [TEST_STEP][PASSED] - sendKeys(findTestObject("FDR-VoucherEntry/Voucher/contractNum"), Keys.chord(DOWN, ENTER)): Keys 'DOWN + ENTER + ' sent to object: 'Object Repository/FDR-VoucherEntry/Voucher/contractNum'

2020-09-08 12:55:59 - [MESSAGE][PASSED] - Keys 'DOWN + ENTER + ' sent to object: 'Object Repository/FDR-VoucherEntry/Voucher/contractNum'

2020-09-08 12:55:59 - [TEST_STEP][PASSED] - click(findTestObject("FDR-VoucherEntry/Voucher/vendorMessage")): Object: 'Object Repository/FDR-VoucherEntry/Voucher/vendorMessage' is clicked on

2020-09-08 12:56:00 - [MESSAGE][PASSED] - Object: 'Object Repository/FDR-VoucherEntry/Voucher/vendorMessage' is clicked on

2020-09-08 12:56:00 - [TEST_STEP][PASSED] - setText(findTestObject("Object Repository/FDR-VoucherEntry/Voucher/vendorMessage"), Datasheet.getValue("vendorMessage", 1)): Text 'TestCase ONE' is set on object 'Object Repository/FDR-VoucherEntry/Voucher/vendorMessage'

2020-09-08 12:56:01 - [MESSAGE][PASSED] - Text 'TestCase ONE' is set on object 'Object Repository/FDR-VoucherEntry/Voucher/vendorMessage'

2020-09-08 12:56:01 - [TEST_STEP][PASSED] - click(findTestObject("FDR-VoucherEntry/Voucher/primaryContact")): Object: 'Object Repository/FDR-VoucherEntry/Voucher/primaryContact' is clicked on

2020-09-08 12:56:02 - [MESSAGE][PASSED] - Object: 'Object Repository/FDR-VoucherEntry/Voucher/primaryContact' is clicked on

2020-09-08 12:56:02 - [TEST_STEP][PASSED] - waitForElementPresent(findTestObject("FDR-VoucherEntry/Voucher/primaryContact"), 1): Object 'Object Repository/FDR-VoucherEntry/Voucher/primaryContact' is present

2020-09-08 12:56:02 - [MESSAGE][PASSED] - Object 'Object Repository/FDR-VoucherEntry/Voucher/primaryContact' is present

2020-09-08 12:56:02 - [TEST_STEP][PASSED] - sendKeys(findTestObject("FDR-VoucherEntry/Voucher/primaryContact"), Datasheet.getValue("primaryContact", 1)): Keys 'James Mowrer' sent to object: 'Object Repository/FDR-VoucherEntry/Voucher/primaryContact'

2020-09-08 12:56:03 - [MESSAGE][PASSED] - Keys 'James Mowrer' sent to object: 'Object Repository/FDR-VoucherEntry/Voucher/primaryContact'

2020-09-08 12:56:03 - [TEST_STEP][PASSED] - sendKeys(findTestObject("FDR-VoucherEntry/Voucher/primaryContact"), Keys.chord(DOWN, ENTER)): Keys 'DOWN + ENTER + ' sent to object: 'Object Repository/FDR-VoucherEntry/Voucher/primaryContact'

2020-09-08 12:56:03 - [MESSAGE][PASSED] - Keys 'DOWN + ENTER + ' sent to object: 'Object Repository/FDR-VoucherEntry/Voucher/primaryContact'

2020-09-08 12:56:03 - [TEST_STEP][PASSED] - click(findTestObject("FDR-VoucherEntry/Voucher/secondaryContact")): Object: 'Object Repository/FDR-VoucherEntry/Voucher/secondaryContact' is clicked on

2020-09-08 12:56:04 - [MESSAGE][PASSED] - Object: 'Object Repository/FDR-VoucherEntry/Voucher/secondaryContact' is clicked on

2020-09-08 12:56:04 - [TEST_STEP][PASSED] - waitForElementPresent(findTestObject("FDR-VoucherEntry/Voucher/secondaryContact"), 1): Object 'Object Repository/FDR-VoucherEntry/Voucher/secondaryContact' is present

2020-09-08 12:56:04 - [MESSAGE][PASSED] - Object 'Object Repository/FDR-VoucherEntry/Voucher/secondaryContact' is present

2020-09-08 12:56:04 - [TEST_STEP][PASSED] - sendKeys(findTestObject("FDR-VoucherEntry/Voucher/secondaryContact"), Datasheet.getValue("secondaryContact", 1)): Keys 'Aung Lin' sent to object: 'Object Repository/FDR-VoucherEntry/Voucher/secondaryContact'

2020-09-08 12:56:05 - [MESSAGE][PASSED] - Keys 'Aung Lin' sent to object: 'Object Repository/FDR-VoucherEntry/Voucher/secondaryContact'

2020-09-08 12:56:05 - [TEST_STEP][PASSED] - sendKeys(findTestObject("FDR-VoucherEntry/Voucher/secondaryContact"), Keys.chord(DOWN, ENTER)): Keys 'DOWN + ENTER + ' sent to object: 'Object Repository/FDR-VoucherEntry/Voucher/secondaryContact'

2020-09-08 12:56:05 - [MESSAGE][PASSED] - Keys 'DOWN + ENTER + ' sent to object: 'Object Repository/FDR-VoucherEntry/Voucher/secondaryContact'

2020-09-08 12:56:05 - [TEST_STEP][PASSED] - click(findTestObject("FDR-VoucherEntry/Voucher/buttonNext")): Object: 'Object Repository/FDR-VoucherEntry/Voucher/buttonNext' is clicked on

2020-09-08 12:56:06 - [MESSAGE][PASSED] - Object: 'Object Repository/FDR-VoucherEntry/Voucher/buttonNext' is clicked on

2020-09-08 12:56:06 - [TEST_STEP][PASSED] - delay(3): Delayed 3 second(s)

2020-09-08 12:56:09 - [MESSAGE][PASSED] - Delayed 3 second(s)

2020-09-08 12:56:09 - [TEST_STEP][PASSED] - noOfLine = Datasheet.getValue("NoOfLines", 1): null

2020-09-08 12:56:09 - [TEST_STEP][PASSED] - str = noOfLine: null

2020-09-08 12:56:09 - [TEST_STEP][PASSED] - for ([j = 1, j <= str, (j++)]): Object: 'Object Repository/FDR-VoucherEntry/DistributionLine/addSaveButton' is clicked on

2020-09-08 12:56:09 - [TEST_STEP][PASSED] - irandom = Random().nextInt(900000) + 100000: null

2020-09-08 12:56:09 - [TEST_STEP][PASSED] - click(findTestObject("FDR-VoucherEntry/InvoiceLine/invoice")): Object: 'Object Repository/FDR-VoucherEntry/InvoiceLine/invoice' is clicked on

2020-09-08 12:56:09 - [MESSAGE][PASSED] - Object: 'Object Repository/FDR-VoucherEntry/InvoiceLine/invoice' is clicked on

2020-09-08 12:56:09 - [TEST_STEP][PASSED] - setText(findTestObject("FDR-VoucherEntry/InvoiceLine/invoice"), "INC-" + irandom): Text 'INC-770050' is set on object 'Object Repository/FDR-VoucherEntry/InvoiceLine/invoice'

2020-09-08 12:56:10 - [MESSAGE][PASSED] - Text 'INC-770050' is set on object 'Object Repository/FDR-VoucherEntry/InvoiceLine/invoice'

2020-09-08 12:56:10 - [TEST_STEP][PASSED] - click(findTestObject("FDR-VoucherEntry/InvoiceLine/invoiceDate")): Object: 'Object Repository/FDR-VoucherEntry/InvoiceLine/invoiceDate' is clicked on

2020-09-08 12:56:10 - [MESSAGE][PASSED] - Object: 'Object Repository/FDR-VoucherEntry/InvoiceLine/invoiceDate' is clicked on

2020-09-08 12:56:10 - [TEST_STEP][PASSED] - setText(findTestObject("FDR-VoucherEntry/InvoiceLine/invoiceDate"), Datasheet.getValue("invoiceDate", 1)): Text '09/08/2020' is set on object 'Object Repository/FDR-VoucherEntry/InvoiceLine/invoiceDate'

2020-09-08 12:56:11 - [MESSAGE][PASSED] - Text '09/08/2020' is set on object 'Object Repository/FDR-VoucherEntry/InvoiceLine/invoiceDate'

2020-09-08 12:56:11 - [TEST_STEP][PASSED] - click(findTestObject("FDR-VoucherEntry/InvoiceLine/originalWarrantDate")): Object: 'Object Repository/FDR-VoucherEntry/InvoiceLine/originalWarrantDate' is clicked on

2020-09-08 12:56:12 - [MESSAGE][PASSED] - Object: 'Object Repository/FDR-VoucherEntry/InvoiceLine/originalWarrantDate' is clicked on

2020-09-08 12:56:12 - [TEST_STEP][PASSED] - setText(findTestObject("FDR-VoucherEntry/InvoiceLine/originalWarrantDate"), Datasheet.getValue("originalWarrantDate", 1)): Text '09/08/2020' is set on object 'Object Repository/FDR-VoucherEntry/InvoiceLine/originalWarrantDate'

2020-09-08 12:56:12 - [MESSAGE][PASSED] - Text '09/08/2020' is set on object 'Object Repository/FDR-VoucherEntry/InvoiceLine/originalWarrantDate'

2020-09-08 12:56:12 - [TEST_STEP][PASSED] - delay(3): Delayed 3 second(s)

2020-09-08 12:56:15 - [MESSAGE][PASSED] - Delayed 3 second(s)

2020-09-08 12:56:15 - [TEST_STEP][PASSED] - click(findTestObject("FDR-VoucherEntry/InvoiceLine/addInvoiceLineButton")): Object: 'Object Repository/FDR-VoucherEntry/InvoiceLine/addInvoiceLineButton' is clicked on

2020-09-08 12:56:16 - [MESSAGE][PASSED] - Object: 'Object Repository/FDR-VoucherEntry/InvoiceLine/addInvoiceLineButton' is clicked on

2020-09-08 12:56:16 - [TEST_STEP][PASSED] - delay(5): Delayed 5 second(s)

2020-09-08 12:56:21 - [MESSAGE][PASSED] - Delayed 5 second(s)

2020-09-08 12:56:21 - [TEST_STEP][PASSED] - if (j == 1): Object: 'Object Repository/FDR-EditVoucher/expandicon1' is clicked on

2020-09-08 12:56:21 - [TEST_STEP][PASSED] - click(findTestObject("Object Repository/FDR-EditVoucher/expandicon1")): Object: 'Object Repository/FDR-EditVoucher/expandicon1' is clicked on

2020-09-08 12:56:21 - [MESSAGE][PASSED] - Object: 'Object Repository/FDR-EditVoucher/expandicon1' is clicked on

2020-09-08 12:56:21 - [TEST_STEP][PASSED] - click(findTestObject("FDR-VoucherEntry/InvoiceLine/invoiceAddlineButton")): Object: 'Object Repository/FDR-VoucherEntry/InvoiceLine/invoiceAddlineButton' is clicked on

2020-09-08 12:56:22 - [MESSAGE][PASSED] - Object: 'Object Repository/FDR-VoucherEntry/InvoiceLine/invoiceAddlineButton' is clicked on

2020-09-08 12:56:22 - [TEST_STEP][PASSED] - click(findTestObject("FDR-VoucherEntry/DistributionLine/serviceDateFrom")): Object: 'Object Repository/FDR-VoucherEntry/DistributionLine/serviceDateFrom' is clicked on

2020-09-08 12:56:23 - [MESSAGE][PASSED] - Object: 'Object Repository/FDR-VoucherEntry/DistributionLine/serviceDateFrom' is clicked on

2020-09-08 12:56:23 - [TEST_STEP][PASSED] - setText(findTestObject("FDR-VoucherEntry/DistributionLine/serviceDateFrom"), Datasheet.getValue("serviceDateFrom", 1)): Text '09/08/2020' is set on object 'Object Repository/FDR-VoucherEntry/DistributionLine/serviceDateFrom'

2020-09-08 12:56:24 - [MESSAGE][PASSED] - Text '09/08/2020' is set on object 'Object Repository/FDR-VoucherEntry/DistributionLine/serviceDateFrom'

2020-09-08 12:56:24 - [TEST_STEP][PASSED] - setText(findTestObject("FDR-VoucherEntry/DistributionLine/serviceDateTo"), Datasheet.getValue("serviceDateTo", 1)): Text '09/08/2020' is set on object 'Object Repository/FDR-VoucherEntry/DistributionLine/serviceDateTo'

2020-09-08 12:56:25 - [MESSAGE][PASSED] - Text '09/08/2020' is set on object 'Object Repository/FDR-VoucherEntry/DistributionLine/serviceDateTo'

2020-09-08 12:56:25 - [TEST_STEP][PASSED] - click(findTestObject("FDR-VoucherEntry/DistributionLine/amount")): Object: 'Object Repository/FDR-VoucherEntry/DistributionLine/amount' is clicked on

2020-09-08 12:56:25 - [MESSAGE][PASSED] - Object: 'Object Repository/FDR-VoucherEntry/DistributionLine/amount' is clicked on

2020-09-08 12:56:25 - [TEST_STEP][PASSED] - setText(findTestObject("FDR-VoucherEntry/DistributionLine/amount"), Datasheet.getValue("amount", 1)): Text '100000' is set on object 'Object Repository/FDR-VoucherEntry/DistributionLine/amount'

2020-09-08 12:56:26 - [MESSAGE][PASSED] - Text '100000' is set on object 'Object Repository/FDR-VoucherEntry/DistributionLine/amount'

2020-09-08 12:56:26 - [TEST_STEP][PASSED] - click(findTestObject("FDR-VoucherEntry/DistributionLine/waiverType")): Object: 'Object Repository/FDR-VoucherEntry/DistributionLine/waiverType' is clicked on

2020-09-08 12:56:27 - [MESSAGE][PASSED] - Object: 'Object Repository/FDR-VoucherEntry/DistributionLine/waiverType' is clicked on

2020-09-08 12:56:27 - [TEST_STEP][PASSED] - setText(findTestObject("FDR-VoucherEntry/DistributionLine/waiverType"), Datasheet.getValue("waiverType", 1)): Text '2020' is set on object 'Object Repository/FDR-VoucherEntry/DistributionLine/waiverType'

2020-09-08 12:56:28 - [MESSAGE][PASSED] - Text '2020' is set on object 'Object Repository/FDR-VoucherEntry/DistributionLine/waiverType'

2020-09-08 12:56:28 - [TEST_STEP][PASSED] - sendKeys(findTestObject("FDR-VoucherEntry/DistributionLine/waiverType"), Keys.chord(DOWN, ENTER)): Keys 'DOWN + ENTER + ' sent to object: 'Object Repository/FDR-VoucherEntry/DistributionLine/waiverType'

2020-09-08 12:56:28 - [MESSAGE][PASSED] - Keys 'DOWN + ENTER + ' sent to object: 'Object Repository/FDR-VoucherEntry/DistributionLine/waiverType'

2020-09-08 12:56:28 - [TEST_STEP][PASSED] - click(findTestObject("FDR-VoucherEntry/DistributionLine/waiverName")): Object: 'Object Repository/FDR-VoucherEntry/DistributionLine/waiverName' is clicked on

2020-09-08 12:56:29 - [MESSAGE][PASSED] - Object: 'Object Repository/FDR-VoucherEntry/DistributionLine/waiverName' is clicked on

2020-09-08 12:56:29 - [TEST_STEP][PASSED] - setText(findTestObject("FDR-VoucherEntry/DistributionLine/waiverName"), Datasheet.getValue("waiverName", 1)): Text 'A-FamilyU TPM/GMC' is set on object 'Object Repository/FDR-VoucherEntry/DistributionLine/waiverName'

2020-09-08 12:56:30 - [MESSAGE][PASSED] - Text 'A-FamilyU TPM/GMC' is set on object 'Object Repository/FDR-VoucherEntry/DistributionLine/waiverName'

2020-09-08 12:56:30 - [TEST_STEP][PASSED] - sendKeys(findTestObject("FDR-VoucherEntry/DistributionLine/waiverName"), Keys.chord(DOWN, ENTER)): Keys 'DOWN + ENTER + ' sent to object: 'Object Repository/FDR-VoucherEntry/DistributionLine/waiverName'

2020-09-08 12:56:30 - [MESSAGE][PASSED] - Keys 'DOWN + ENTER + ' sent to object: 'Object Repository/FDR-VoucherEntry/DistributionLine/waiverName'

2020-09-08 12:56:30 - [TEST_STEP][PASSED] - click(findTestObject("FDR-VoucherEntry/DistributionLine/fundingSource")): Object: 'Object Repository/FDR-VoucherEntry/DistributionLine/fundingSource' is clicked on

2020-09-08 12:56:31 - [MESSAGE][PASSED] - Object: 'Object Repository/FDR-VoucherEntry/DistributionLine/fundingSource' is clicked on

2020-09-08 12:56:31 - [TEST_STEP][PASSED] - setText(findTestObject("FDR-VoucherEntry/DistributionLine/fundingSource"), Datasheet.getValue("fundingSource", 1)): Text 'Dental' is set on object 'Object Repository/FDR-VoucherEntry/DistributionLine/fundingSource'

2020-09-08 12:56:31 - [MESSAGE][PASSED] - Text 'Dental' is set on object 'Object Repository/FDR-VoucherEntry/DistributionLine/fundingSource'

2020-09-08 12:56:31 - [TEST_STEP][PASSED] - sendKeys(findTestObject("FDR-VoucherEntry/DistributionLine/fundingSource"), Keys.chord(DOWN, ENTER)): Keys 'DOWN + ENTER + ' sent to object: 'Object Repository/FDR-VoucherEntry/DistributionLine/fundingSource'

2020-09-08 12:56:32 - [MESSAGE][PASSED] - Keys 'DOWN + ENTER + ' sent to object: 'Object Repository/FDR-VoucherEntry/DistributionLine/fundingSource'

2020-09-08 12:56:32 - [TEST_STEP][PASSED] - click(findTestObject("FDR-VoucherEntry/DistributionLine/fundRatio")): Object: 'Object Repository/FDR-VoucherEntry/DistributionLine/fundRatio' is clicked on

2020-09-08 12:56:33 - [MESSAGE][PASSED] - Object: 'Object Repository/FDR-VoucherEntry/DistributionLine/fundRatio' is clicked on

2020-09-08 12:56:33 - [TEST_STEP][PASSED] - setText(findTestObject("FDR-VoucherEntry/DistributionLine/fundRatio"), Datasheet.getValue("fundRatio", 1)): Text '50/50' is set on object 'Object Repository/FDR-VoucherEntry/DistributionLine/fundRatio'

2020-09-08 12:56:33 - [MESSAGE][PASSED] - Text '50/50' is set on object 'Object Repository/FDR-VoucherEntry/DistributionLine/fundRatio'

2020-09-08 12:56:33 - [TEST_STEP][PASSED] - sendKeys(findTestObject("FDR-VoucherEntry/DistributionLine/fundRatio"), Keys.chord(DOWN, ENTER)): Keys 'DOWN + ENTER + ' sent to object: 'Object Repository/FDR-VoucherEntry/DistributionLine/fundRatio'

2020-09-08 12:56:34 - [MESSAGE][PASSED] - Keys 'DOWN + ENTER + ' sent to object: 'Object Repository/FDR-VoucherEntry/DistributionLine/fundRatio'

2020-09-08 12:56:34 - [TEST_STEP][PASSED] - click(findTestObject("FDR-VoucherEntry/DistributionLine/nonFederalFund")): Object: 'Object Repository/FDR-VoucherEntry/DistributionLine/nonFederalFund' is clicked on

2020-09-08 12:56:35 - [MESSAGE][PASSED] - Object: 'Object Repository/FDR-VoucherEntry/DistributionLine/nonFederalFund' is clicked on

2020-09-08 12:56:35 - [TEST_STEP][PASSED] - setText(findTestObject("FDR-VoucherEntry/DistributionLine/nonFederalFund"), Datasheet.getValue("nonFederalFund", 1)): Text '3158' is set on object 'Object Repository/FDR-VoucherEntry/DistributionLine/nonFederalFund'

2020-09-08 12:56:35 - [MESSAGE][PASSED] - Text '3158' is set on object 'Object Repository/FDR-VoucherEntry/DistributionLine/nonFederalFund'

2020-09-08 12:56:35 - [TEST_STEP][PASSED] - sendKeys(findTestObject("FDR-VoucherEntry/DistributionLine/nonFederalFund"), Keys.chord(DOWN, ENTER)): Keys 'DOWN + ENTER + ' sent to object: 'Object Repository/FDR-VoucherEntry/DistributionLine/nonFederalFund'

2020-09-08 12:56:36 - [MESSAGE][PASSED] - Keys 'DOWN + ENTER + ' sent to object: 'Object Repository/FDR-VoucherEntry/DistributionLine/nonFederalFund'

2020-09-08 12:56:36 - [TEST_STEP][PASSED] - click(findTestObject("FDR-VoucherEntry/DistributionLine/account")): Object: 'Object Repository/FDR-VoucherEntry/DistributionLine/account' is clicked on

2020-09-08 12:56:36 - [MESSAGE][PASSED] - Object: 'Object Repository/FDR-VoucherEntry/DistributionLine/account' is clicked on

2020-09-08 12:56:36 - [TEST_STEP][PASSED] - sendKeys(findTestObject("FDR-VoucherEntry/DistributionLine/account"), Datasheet.getValue("account", 1)): Keys '5442000' sent to object: 'Object Repository/FDR-VoucherEntry/DistributionLine/account'

2020-09-08 12:56:37 - [MESSAGE][PASSED] - Keys '5442000' sent to object: 'Object Repository/FDR-VoucherEntry/DistributionLine/account'

2020-09-08 12:56:37 - [TEST_STEP][PASSED] - sendKeys(findTestObject("FDR-VoucherEntry/DistributionLine/account"), Keys.chord(DOWN, ENTER)): Keys 'DOWN + ENTER + ' sent to object: 'Object Repository/FDR-VoucherEntry/DistributionLine/account'

2020-09-08 12:56:38 - [MESSAGE][PASSED] - Keys 'DOWN + ENTER + ' sent to object: 'Object Repository/FDR-VoucherEntry/DistributionLine/account'

2020-09-08 12:56:38 - [TEST_STEP][PASSED] - click(findTestObject("FDR-VoucherEntry/DistributionLine/altAccount")): Object: 'Object Repository/FDR-VoucherEntry/DistributionLine/altAccount' is clicked on

2020-09-08 12:56:38 - [MESSAGE][PASSED] - Object: 'Object Repository/FDR-VoucherEntry/DistributionLine/altAccount' is clicked on

2020-09-08 12:56:38 - [TEST_STEP][PASSED] - sendKeys(findTestObject("FDR-VoucherEntry/DistributionLine/altAccount"), Datasheet.getValue("altAccount", 1)): Keys '5442000089' sent to object: 'Object Repository/FDR-VoucherEntry/DistributionLine/altAccount'

2020-09-08 12:56:39 - [MESSAGE][PASSED] - Keys '5442000089' sent to object: 'Object Repository/FDR-VoucherEntry/DistributionLine/altAccount'

2020-09-08 12:56:39 - [TEST_STEP][PASSED] - sendKeys(findTestObject("FDR-VoucherEntry/DistributionLine/altAccount"), Keys.chord(DOWN, ENTER)): Keys 'DOWN + ENTER + ' sent to object: 'Object Repository/FDR-VoucherEntry/DistributionLine/altAccount'

2020-09-08 12:56:39 - [MESSAGE][PASSED] - Keys 'DOWN + ENTER + ' sent to object: 'Object Repository/FDR-VoucherEntry/DistributionLine/altAccount'

2020-09-08 12:56:39 - [TEST_STEP][PASSED] - click(findTestObject("FDR-VoucherEntry/DistributionLine/serviceCategory")): Object: 'Object Repository/FDR-VoucherEntry/DistributionLine/serviceCategory' is clicked on

2020-09-08 12:56:40 - [MESSAGE][PASSED] - Object: 'Object Repository/FDR-VoucherEntry/DistributionLine/serviceCategory' is clicked on

2020-09-08 12:56:40 - [TEST_STEP][PASSED] - sendKeys(findTestObject("FDR-VoucherEntry/DistributionLine/serviceCategory"), Datasheet.getValue("serviceCategory", 1)): Keys '18B1' sent to object: 'Object Repository/FDR-VoucherEntry/DistributionLine/serviceCategory'

2020-09-08 12:56:40 - [MESSAGE][PASSED] - Keys '18B1' sent to object: 'Object Repository/FDR-VoucherEntry/DistributionLine/serviceCategory'

2020-09-08 12:56:40 - [TEST_STEP][PASSED] - sendKeys(findTestObject("FDR-VoucherEntry/DistributionLine/serviceCategory"), Keys.chord(DOWN, ENTER)): Keys 'DOWN + ENTER + ' sent to object: 'Object Repository/FDR-VoucherEntry/DistributionLine/serviceCategory'

2020-09-08 12:56:41 - [MESSAGE][PASSED] - Keys 'DOWN + ENTER + ' sent to object: 'Object Repository/FDR-VoucherEntry/DistributionLine/serviceCategory'

2020-09-08 12:56:41 - [TEST_STEP][PASSED] - click(findTestObject("FDR-VoucherEntry/DistributionLine/incDecLine")): Object: 'Object Repository/FDR-VoucherEntry/DistributionLine/incDecLine' is clicked on

2020-09-08 12:56:41 - [MESSAGE][PASSED] - Object: 'Object Repository/FDR-VoucherEntry/DistributionLine/incDecLine' is clicked on

2020-09-08 12:56:41 - [TEST_STEP][PASSED] - sendKeys(findTestObject("FDR-VoucherEntry/DistributionLine/incDecLine"), Datasheet.getValue("incDecLine", 1)): Keys '1: New (service Period is current quarter and never been claimed)' sent to object: 'Object Repository/FDR-VoucherEntry/DistributionLine/incDecLine'

2020-09-08 12:56:42 - [MESSAGE][PASSED] - Keys '1: New (service Period is current quarter and never been claimed)' sent to object: 'Object Repository/FDR-VoucherEntry/DistributionLine/incDecLine'

2020-09-08 12:56:42 - [TEST_STEP][PASSED] - sendKeys(findTestObject("FDR-VoucherEntry/DistributionLine/incDecLine"), Keys.chord(DOWN, ENTER)): Keys 'DOWN + ENTER + ' sent to object: 'Object Repository/FDR-VoucherEntry/DistributionLine/incDecLine'

2020-09-08 12:56:42 - [MESSAGE][PASSED] - Keys 'DOWN + ENTER + ' sent to object: 'Object Repository/FDR-VoucherEntry/DistributionLine/incDecLine'

2020-09-08 12:56:42 - [TEST_STEP][PASSED] - click(findTestObject("FDR-VoucherEntry/DistributionLine/index")): Object: 'Object Repository/FDR-VoucherEntry/DistributionLine/index' is clicked on

2020-09-08 12:56:43 - [MESSAGE][PASSED] - Object: 'Object Repository/FDR-VoucherEntry/DistributionLine/index' is clicked on

2020-09-08 12:56:43 - [TEST_STEP][PASSED] - sendKeys(findTestObject("FDR-VoucherEntry/DistributionLine/index"), Datasheet.getValue("index", 1)): Keys '1155' sent to object: 'Object Repository/FDR-VoucherEntry/DistributionLine/index'

2020-09-08 12:56:43 - [MESSAGE][PASSED] - Keys '1155' sent to object: 'Object Repository/FDR-VoucherEntry/DistributionLine/index'

2020-09-08 12:56:43 - [TEST_STEP][PASSED] - sendKeys(findTestObject("FDR-VoucherEntry/DistributionLine/index"), Keys.chord(DOWN, ENTER)): Keys 'DOWN + ENTER + ' sent to object: 'Object Repository/FDR-VoucherEntry/DistributionLine/index'

2020-09-08 12:56:44 - [MESSAGE][PASSED] - Keys 'DOWN + ENTER + ' sent to object: 'Object Repository/FDR-VoucherEntry/DistributionLine/index'

2020-09-08 12:56:44 - [TEST_STEP][PASSED] - click(findTestObject("FDR-VoucherEntry/DistributionLine/ServiceLocation")): Object: 'Object Repository/FDR-VoucherEntry/DistributionLine/ServiceLocation' is clicked on

2020-09-08 12:56:44 - [MESSAGE][PASSED] - Object: 'Object Repository/FDR-VoucherEntry/DistributionLine/ServiceLocation' is clicked on

2020-09-08 12:56:44 - [TEST_STEP][PASSED] - sendKeys(findTestObject("FDR-VoucherEntry/DistributionLine/ServiceLocation"), Datasheet.getValue("ServiceLocation", 1)): Keys '12345' sent to object: 'Object Repository/FDR-VoucherEntry/DistributionLine/ServiceLocation'

2020-09-08 12:56:45 - [MESSAGE][PASSED] - Keys '12345' sent to object: 'Object Repository/FDR-VoucherEntry/DistributionLine/ServiceLocation'

2020-09-08 12:56:45 - [TEST_STEP][PASSED] - sendKeys(findTestObject("FDR-VoucherEntry/DistributionLine/ServiceLocation"), Keys.chord(DOWN, ENTER)): Keys 'DOWN + ENTER + ' sent to object: 'Object Repository/FDR-VoucherEntry/DistributionLine/ServiceLocation'

2020-09-08 12:56:46 - [MESSAGE][PASSED] - Keys 'DOWN + ENTER + ' sent to object: 'Object Repository/FDR-VoucherEntry/DistributionLine/ServiceLocation'

2020-09-08 12:56:46 - [TEST_STEP][PASSED] - click(findTestObject("Object Repository/FDR-VoucherEntry/DistributionLine/addSaveButton")): Object: 'Object Repository/FDR-VoucherEntry/DistributionLine/addSaveButton' is clicked on

2020-09-08 12:56:46 - [MESSAGE][PASSED] - Object: 'Object Repository/FDR-VoucherEntry/DistributionLine/addSaveButton' is clicked on

2020-09-08 12:56:46 - [TEST_STEP][PASSED] - processorVoucherNumber = getText(findTestObject("FDR-VoucherEntry/VoucherHeader/voucherNum")): Text of object 'Object Repository/FDR-VoucherEntry/VoucherHeader/voucherNum' is: 'CAP00000146'

2020-09-08 12:56:47 - [MESSAGE][PASSED] - Text of object 'Object Repository/FDR-VoucherEntry/VoucherHeader/voucherNum' is: 'CAP00000146'

2020-09-08 12:56:47 - [TEST_STEP][PASSED] - delay(2): Delayed 2 second(s)

2020-09-08 12:56:49 - [MESSAGE][PASSED] - Delayed 2 second(s)

2020-09-08 12:56:49 - [TEST_STEP][PASSED] - click(findTestObject("Object Repository/FDR-Vouchers-States/Resume/reviewButton")): Object: 'Object Repository/FDR-Vouchers-States/Resume/reviewButton' is clicked on

2020-09-08 12:56:50 - [MESSAGE][PASSED] - Object: 'Object Repository/FDR-Vouchers-States/Resume/reviewButton' is clicked on

2020-09-08 12:56:50 - [TEST_STEP][PASSED] - click(findTestObject("Object Repository/FDR-Vouchers-States/Resume/submitForApproval")): Object: 'Object Repository/FDR-Vouchers-States/Resume/submitForApproval' is clicked on

2020-09-08 12:56:51 - [MESSAGE][PASSED] - Object: 'Object Repository/FDR-Vouchers-States/Resume/submitForApproval' is clicked on

2020-09-08 12:56:51 - [TEST_STEP][PASSED] - commonFunctions.logout(): Browser is closed

2020-09-08 12:56:51 - [MESSAGE][PASSED] - Browser is closed

2020-09-08 12:56:51 - [TEST_STEP][PASSED] - closeBrowser(): Browser is closed

2020-09-08 12:56:51 - [MESSAGE][PASSED] - Browser is closed

2020-09-08 12:56:51 - [TEST_STEP][PASSED] - Start listener action : sampleAfterTestCase: null

2020-09-08 12:56:51 - [TEST_STEP][PASSED] - profileName = getExecutionProfile(): null

2020-09-08 12:56:51 - [TEST_STEP][PASSED] - switch (profileName): null

2020-09-08 12:56:51 - [TEST_STEP][PASSED] - case "superUser":: null

2020-09-08 12:56:51 - [TEST_STEP][PASSED] - return null: null

2020-09-08 12:56:51 - [TEST_STEP][PASSED] - Start listener action : afterTestCase: null

2020-09-08 12:56:51 - [TEST_STEP][PASSED] - profileName = getExecutionProfile(): null

2020-09-08 12:56:51 - [TEST_STEP][PASSED] - if (profileName.equalsIgnoreCase("SysAdmin")): null

2020-09-08 12:56:51 - [TEST_STEP][PASSED] - Start listener action : sampleAfterTestCase: null

2020-09-08 12:56:51 - [TEST_STEP][PASSED] - profileName = getExecutionProfile(): null

2020-09-08 12:56:51 - [TEST_STEP][PASSED] - switch (profileName): null

2020-09-08 12:56:51 - [TEST_STEP][PASSED] - Default: null

2020-09-08 12:56:51 - [TEST_STEP][PASSED] - return null: null

2020-09-08 12:56:51 - [TEST_STEP][PASSED] - Start listener action : addFailedTCToList: null]]></system-out>
         <system-err><![CDATA[]]></system-err>
      </testcase>
      <testcase name="Test Cases/FDR_Smoke_Testing/FDR-Voucher_Reject_Invoice_DistributionLine" time="260.268" classname="Test Cases/FDR_Smoke_Testing/FDR-Voucher_Reject_Invoice_DistributionLine" status="PASSED">
         <system-out><![CDATA[2020-09-08 12:56:51 - [TEST_CASE][PASSED] - Test Cases/FDR_Smoke_Testing/FDR-Voucher_Reject_Invoice_DistributionLine: Test Cases/FDR_Smoke_Testing/FDR-Voucher_Reject_Invoice_DistributionLine

2020-09-08 12:56:51 - [TEST_STEP][PASSED] - Start listener action : sampleBeforeTestCase: null

2020-09-08 12:56:51 - [TEST_STEP][PASSED] - profileName = getExecutionProfile(): null

2020-09-08 12:56:51 - [TEST_STEP][PASSED] - switch (profileName): null

2020-09-08 12:56:51 - [TEST_STEP][PASSED] - case "superUser":: null

2020-09-08 12:56:51 - [TEST_STEP][PASSED] - return null: null

2020-09-08 12:56:51 - [TEST_STEP][PASSED] - Start listener action : beforeTestCase: null

2020-09-08 12:56:51 - [TEST_STEP][PASSED] - profileName = getExecutionProfile(): null

2020-09-08 12:56:51 - [TEST_STEP][PASSED] - if (profileName.equalsIgnoreCase("SysAdmin")): null

2020-09-08 12:56:51 - [TEST_STEP][PASSED] - Start listener action : sampleBeforeTestCase: null

2020-09-08 12:56:51 - [TEST_STEP][PASSED] - profileName = getExecutionProfile(): null

2020-09-08 12:56:51 - [TEST_STEP][PASSED] - testCaseId = testCaseContext.getTestCaseId(): null

2020-09-08 12:56:51 - [TEST_STEP][PASSED] - switch (profileName): null

2020-09-08 12:56:51 - [TEST_STEP][PASSED] - Default: null

2020-09-08 12:56:51 - [TEST_STEP][PASSED] - return null: null

2020-09-08 12:56:51 - [TEST_STEP][PASSED] - Start listener action : executeRows: null

2020-09-08 12:56:51 - [TEST_STEP][PASSED] - Datasheet = findTestData("End_2_End/End_2_End_Voucher"): null

2020-09-08 12:56:52 - [TEST_STEP][PASSED] - commonFunctions.login(superUserAccnt, superUserPwd): Object: 'Object Repository/FDR-SignIn/SignInButton' is clicked on

2020-09-08 12:56:52 - [MESSAGE][INFO] - Starting 'Chrome' driver

2020-09-08 12:56:52 - [MESSAGE][INFO] - Action delay is set to 0 milliseconds

2020-09-08 12:56:56 - [MESSAGE][PASSED] - Browser is opened with url: 'https://fdr-katalon.cammis-mod-dev.dhcs.ca.gov'

2020-09-08 12:56:58 - [MESSAGE][PASSED] - Current window maximized

2020-09-08 12:56:58 - [MESSAGE][PASSED] - Object 'Object Repository/FDR-SignIn/SignInEmail' is present

2020-09-08 12:56:58 - [MESSAGE][PASSED] - Object: 'Object Repository/FDR-SignIn/SignInEmail' is clicked on

2020-09-08 12:56:58 - [MESSAGE][PASSED] - Object 'Object Repository/FDR-SignIn/SignInEmail' is present

2020-09-08 12:56:59 - [MESSAGE][PASSED] - Text 'fdr.test11@dhcs.ca.gov' is set on object 'Object Repository/FDR-SignIn/SignInEmail'

2020-09-08 12:56:59 - [MESSAGE][PASSED] - Object 'Object Repository/FDR-SignIn/SignInEmailNext' is visible

2020-09-08 12:57:00 - [MESSAGE][PASSED] - Object: 'Object Repository/FDR-SignIn/SignInEmailNext' is clicked on

2020-09-08 12:57:03 - [MESSAGE][PASSED] - Object 'Object Repository/FDR-SignIn/SignInEmailPassword' is visible

2020-09-08 12:57:03 - [MESSAGE][PASSED] - Object: 'Object Repository/FDR-SignIn/SignInEmailPassword' is clicked on

2020-09-08 12:57:03 - [MESSAGE][PASSED] - Text ****** has been set on object 'Object Repository/FDR-SignIn/SignInEmailPassword'

2020-09-08 12:57:05 - [MESSAGE][PASSED] - Object: 'Object Repository/FDR-SignIn/SignInButton' is clicked on

2020-09-08 12:57:05 - [TEST_STEP][PASSED] - commonFunctions.selectRole("accountsPayableProcessor"): Object 'Object Repository/FDR-VoucherEntry/VoucherHeader/reviewButton' is not present after 2 second(s)

2020-09-08 12:57:08 - [MESSAGE][INFO] - Unable to find the element located by 'By.xpath: //*[@data-id='action-button']//*[contains(text(),'Review')]'. Please recheck the objects properties to make sure the desired element is located. 

2020-09-08 12:57:08 - [MESSAGE][WARNING] - Object 'Object Repository/FDR-VoucherEntry/VoucherHeader/reviewButton' is not present after 2 second(s)

2020-09-08 12:57:08 - [MESSAGE][PASSED] - Object: 'Object Repository/FDR-SuperUser-Dashboard/userExpandButton' is clicked on

2020-09-08 12:57:11 - [MESSAGE][INFO] - Unable to find the element located by 'By.xpath: //*[@data-id='action-button']//*[contains(text(),'Review')]'. Please recheck the objects properties to make sure the desired element is located. 

2020-09-08 12:57:11 - [MESSAGE][WARNING] - Object 'Object Repository/FDR-VoucherEntry/VoucherHeader/reviewButton' is not present after 2 second(s)

2020-09-08 12:57:12 - [MESSAGE][PASSED] - Object: 'Object Repository/FDR-SuperUser-Dashboard/accountsPayableProcessor' is clicked on

2020-09-08 12:57:15 - [MESSAGE][INFO] - Unable to find the element located by 'By.xpath: //*[@data-id='action-button']//*[contains(text(),'Review')]'. Please recheck the objects properties to make sure the desired element is located. 

2020-09-08 12:57:15 - [MESSAGE][WARNING] - Object 'Object Repository/FDR-VoucherEntry/VoucherHeader/reviewButton' is not present after 2 second(s)

2020-09-08 12:57:15 - [TEST_STEP][PASSED] - click(findTestObject("Object Repository/FDR-Dashboard/createNewVoucherButton")): Object: 'Object Repository/FDR-Dashboard/createNewVoucherButton' is clicked on

2020-09-08 12:57:15 - [MESSAGE][PASSED] - Object: 'Object Repository/FDR-Dashboard/createNewVoucherButton' is clicked on

2020-09-08 12:57:15 - [TEST_STEP][PASSED] - setText(findTestObject("FDR-VoucherEntry/Voucher/drawDate"), Datasheet.getValue("drawDate", 1)): Text '09/28/2020' is set on object 'Object Repository/FDR-VoucherEntry/Voucher/drawDate'

2020-09-08 12:57:17 - [MESSAGE][PASSED] - Text '09/28/2020' is set on object 'Object Repository/FDR-VoucherEntry/Voucher/drawDate'

2020-09-08 12:57:17 - [TEST_STEP][PASSED] - setText(findTestObject("FDR-VoucherEntry/Voucher/payDate"), Datasheet.getValue("payDate", 1)): Text '09/30/2020' is set on object 'Object Repository/FDR-VoucherEntry/Voucher/payDate'

2020-09-08 12:57:18 - [MESSAGE][PASSED] - Text '09/30/2020' is set on object 'Object Repository/FDR-VoucherEntry/Voucher/payDate'

2020-09-08 12:57:18 - [TEST_STEP][PASSED] - click(findTestObject("FDR-VoucherEntry/Voucher/programType")): Object: 'Object Repository/FDR-VoucherEntry/Voucher/programType' is clicked on

2020-09-08 12:57:18 - [MESSAGE][PASSED] - Object: 'Object Repository/FDR-VoucherEntry/Voucher/programType' is clicked on

2020-09-08 12:57:18 - [TEST_STEP][PASSED] - waitForElementPresent(findTestObject("FDR-VoucherEntry/Voucher/programType"), 2): Object 'Object Repository/FDR-VoucherEntry/Voucher/programType' is present

2020-09-08 12:57:18 - [MESSAGE][PASSED] - Object 'Object Repository/FDR-VoucherEntry/Voucher/programType' is present

2020-09-08 12:57:18 - [TEST_STEP][PASSED] - setText(findTestObject("FDR-VoucherEntry/Voucher/programType"), Datasheet.getValue("programType", 1)): Text 'Medical Assistance (MA)' is set on object 'Object Repository/FDR-VoucherEntry/Voucher/programType'

2020-09-08 12:57:19 - [MESSAGE][PASSED] - Text 'Medical Assistance (MA)' is set on object 'Object Repository/FDR-VoucherEntry/Voucher/programType'

2020-09-08 12:57:19 - [TEST_STEP][PASSED] - waitForElementPresent(findTestObject("FDR-VoucherEntry/Voucher/programType"), 3): Object 'Object Repository/FDR-VoucherEntry/Voucher/programType' is present

2020-09-08 12:57:19 - [MESSAGE][PASSED] - Object 'Object Repository/FDR-VoucherEntry/Voucher/programType' is present

2020-09-08 12:57:19 - [TEST_STEP][PASSED] - sendKeys(findTestObject("FDR-VoucherEntry/Voucher/programType"), Keys.chord(DOWN, ENTER)): Keys 'DOWN + ENTER + ' sent to object: 'Object Repository/FDR-VoucherEntry/Voucher/programType'

2020-09-08 12:57:20 - [MESSAGE][PASSED] - Keys 'DOWN + ENTER + ' sent to object: 'Object Repository/FDR-VoucherEntry/Voucher/programType'

2020-09-08 12:57:20 - [TEST_STEP][PASSED] - click(findTestObject("FDR-VoucherEntry/Voucher/invoiceType")): Object: 'Object Repository/FDR-VoucherEntry/Voucher/invoiceType' is clicked on

2020-09-08 12:57:20 - [MESSAGE][PASSED] - Object: 'Object Repository/FDR-VoucherEntry/Voucher/invoiceType' is clicked on

2020-09-08 12:57:20 - [TEST_STEP][PASSED] - waitForElementPresent(findTestObject("FDR-VoucherEntry/Voucher/invoiceType"), 2): Object 'Object Repository/FDR-VoucherEntry/Voucher/invoiceType' is present

2020-09-08 12:57:21 - [MESSAGE][PASSED] - Object 'Object Repository/FDR-VoucherEntry/Voucher/invoiceType' is present

2020-09-08 12:57:21 - [TEST_STEP][PASSED] - sendKeys(findTestObject("FDR-VoucherEntry/Voucher/invoiceType"), Datasheet.getValue("invoiceType", 1)): Keys 'CAP' sent to object: 'Object Repository/FDR-VoucherEntry/Voucher/invoiceType'

2020-09-08 12:57:21 - [MESSAGE][PASSED] - Keys 'CAP' sent to object: 'Object Repository/FDR-VoucherEntry/Voucher/invoiceType'

2020-09-08 12:57:21 - [TEST_STEP][PASSED] - sendKeys(findTestObject("FDR-VoucherEntry/Voucher/invoiceType"), Keys.chord(DOWN, ENTER)): Keys 'DOWN + ENTER + ' sent to object: 'Object Repository/FDR-VoucherEntry/Voucher/invoiceType'

2020-09-08 12:57:22 - [MESSAGE][PASSED] - Keys 'DOWN + ENTER + ' sent to object: 'Object Repository/FDR-VoucherEntry/Voucher/invoiceType'

2020-09-08 12:57:22 - [TEST_STEP][PASSED] - click(findTestObject("FDR-VoucherEntry/Voucher/fundcode")): Object: 'Object Repository/FDR-VoucherEntry/Voucher/fundcode' is clicked on

2020-09-08 12:57:22 - [MESSAGE][PASSED] - Object: 'Object Repository/FDR-VoucherEntry/Voucher/fundcode' is clicked on

2020-09-08 12:57:22 - [TEST_STEP][PASSED] - waitForElementPresent(findTestObject("FDR-VoucherEntry/Voucher/fundcode"), 1): Object 'Object Repository/FDR-VoucherEntry/Voucher/fundcode' is present

2020-09-08 12:57:23 - [MESSAGE][PASSED] - Object 'Object Repository/FDR-VoucherEntry/Voucher/fundcode' is present

2020-09-08 12:57:23 - [TEST_STEP][PASSED] - sendKeys(findTestObject("FDR-VoucherEntry/Voucher/fundcode"), Datasheet.getValue("fundcode", 1)): Keys 'Health Care Deposit Fund (0912)' sent to object: 'Object Repository/FDR-VoucherEntry/Voucher/fundcode'

2020-09-08 12:57:23 - [MESSAGE][PASSED] - Keys 'Health Care Deposit Fund (0912)' sent to object: 'Object Repository/FDR-VoucherEntry/Voucher/fundcode'

2020-09-08 12:57:23 - [TEST_STEP][PASSED] - sendKeys(findTestObject("FDR-VoucherEntry/Voucher/fundcode"), Keys.chord(DOWN, ENTER)): Keys 'DOWN + ENTER + ' sent to object: 'Object Repository/FDR-VoucherEntry/Voucher/fundcode'

2020-09-08 12:57:23 - [MESSAGE][PASSED] - Keys 'DOWN + ENTER + ' sent to object: 'Object Repository/FDR-VoucherEntry/Voucher/fundcode'

2020-09-08 12:57:23 - [TEST_STEP][PASSED] - click(findTestObject("FDR-VoucherEntry/Voucher/supplierID")): Object: 'Object Repository/FDR-VoucherEntry/Voucher/supplierID' is clicked on

2020-09-08 12:57:24 - [MESSAGE][PASSED] - Object: 'Object Repository/FDR-VoucherEntry/Voucher/supplierID' is clicked on

2020-09-08 12:57:24 - [TEST_STEP][PASSED] - waitForElementPresent(findTestObject("FDR-VoucherEntry/Voucher/supplierID"), 1): Object 'Object Repository/FDR-VoucherEntry/Voucher/supplierID' is present

2020-09-08 12:57:24 - [MESSAGE][PASSED] - Object 'Object Repository/FDR-VoucherEntry/Voucher/supplierID' is present

2020-09-08 12:57:24 - [TEST_STEP][PASSED] - sendKeys(findTestObject("FDR-VoucherEntry/Voucher/supplierID"), Datasheet.getValue("supplierID", 1)): Keys '0000007954' sent to object: 'Object Repository/FDR-VoucherEntry/Voucher/supplierID'

2020-09-08 12:57:25 - [MESSAGE][PASSED] - Keys '0000007954' sent to object: 'Object Repository/FDR-VoucherEntry/Voucher/supplierID'

2020-09-08 12:57:25 - [TEST_STEP][PASSED] - sendKeys(findTestObject("FDR-VoucherEntry/Voucher/supplierID"), Keys.chord(DOWN, ENTER)): Keys 'DOWN + ENTER + ' sent to object: 'Object Repository/FDR-VoucherEntry/Voucher/supplierID'

2020-09-08 12:57:25 - [MESSAGE][PASSED] - Keys 'DOWN + ENTER + ' sent to object: 'Object Repository/FDR-VoucherEntry/Voucher/supplierID'

2020-09-08 12:57:25 - [TEST_STEP][PASSED] - click(findTestObject("FDR-VoucherEntry/Voucher/seqNum")): Object: 'Object Repository/FDR-VoucherEntry/Voucher/seqNum' is clicked on

2020-09-08 12:57:26 - [MESSAGE][PASSED] - Object: 'Object Repository/FDR-VoucherEntry/Voucher/seqNum' is clicked on

2020-09-08 12:57:26 - [TEST_STEP][PASSED] - waitForElementPresent(findTestObject("FDR-VoucherEntry/Voucher/seqNum"), 3): Object 'Object Repository/FDR-VoucherEntry/Voucher/seqNum' is present

2020-09-08 12:57:26 - [MESSAGE][PASSED] - Object 'Object Repository/FDR-VoucherEntry/Voucher/seqNum' is present

2020-09-08 12:57:26 - [TEST_STEP][PASSED] - sendKeys(findTestObject("FDR-VoucherEntry/Voucher/supplierID"), Datasheet.getValue("seqNum", 1)): Keys '01' sent to object: 'Object Repository/FDR-VoucherEntry/Voucher/supplierID'

2020-09-08 12:57:27 - [MESSAGE][PASSED] - Keys '01' sent to object: 'Object Repository/FDR-VoucherEntry/Voucher/supplierID'

2020-09-08 12:57:27 - [TEST_STEP][PASSED] - click(findTestObject("FDR-VoucherEntry/Voucher/seqNum")): Object: 'Object Repository/FDR-VoucherEntry/Voucher/seqNum' is clicked on

2020-09-08 12:57:27 - [MESSAGE][PASSED] - Object: 'Object Repository/FDR-VoucherEntry/Voucher/seqNum' is clicked on

2020-09-08 12:57:27 - [TEST_STEP][PASSED] - sendKeys(findTestObject("FDR-VoucherEntry/Voucher/seqNum"), Keys.chord(DOWN, ENTER)): Keys 'DOWN + ENTER + ' sent to object: 'Object Repository/FDR-VoucherEntry/Voucher/seqNum'

2020-09-08 12:57:28 - [MESSAGE][PASSED] - Keys 'DOWN + ENTER + ' sent to object: 'Object Repository/FDR-VoucherEntry/Voucher/seqNum'

2020-09-08 12:57:28 - [TEST_STEP][PASSED] - click(findTestObject("FDR-VoucherEntry/Voucher/contractNum")): Object: 'Object Repository/FDR-VoucherEntry/Voucher/contractNum' is clicked on

2020-09-08 12:57:28 - [MESSAGE][PASSED] - Object: 'Object Repository/FDR-VoucherEntry/Voucher/contractNum' is clicked on

2020-09-08 12:57:28 - [TEST_STEP][PASSED] - waitForElementPresent(findTestObject("FDR-VoucherEntry/Voucher/contractNum"), 1): Object 'Object Repository/FDR-VoucherEntry/Voucher/contractNum' is present

2020-09-08 12:57:29 - [MESSAGE][PASSED] - Object 'Object Repository/FDR-VoucherEntry/Voucher/contractNum' is present

2020-09-08 12:57:29 - [TEST_STEP][PASSED] - sendKeys(findTestObject("FDR-VoucherEntry/Voucher/contractNum"), Datasheet.getValue("contractNum", 1)): Keys '07-65707' sent to object: 'Object Repository/FDR-VoucherEntry/Voucher/contractNum'

2020-09-08 12:57:29 - [MESSAGE][PASSED] - Keys '07-65707' sent to object: 'Object Repository/FDR-VoucherEntry/Voucher/contractNum'

2020-09-08 12:57:29 - [TEST_STEP][PASSED] - click(findTestObject("FDR-VoucherEntry/Voucher/contractNum")): Object: 'Object Repository/FDR-VoucherEntry/Voucher/contractNum' is clicked on

2020-09-08 12:57:29 - [MESSAGE][PASSED] - Object: 'Object Repository/FDR-VoucherEntry/Voucher/contractNum' is clicked on

2020-09-08 12:57:29 - [TEST_STEP][PASSED] - sendKeys(findTestObject("FDR-VoucherEntry/Voucher/contractNum"), Keys.chord(DOWN, ENTER)): Keys 'DOWN + ENTER + ' sent to object: 'Object Repository/FDR-VoucherEntry/Voucher/contractNum'

2020-09-08 12:57:30 - [MESSAGE][PASSED] - Keys 'DOWN + ENTER + ' sent to object: 'Object Repository/FDR-VoucherEntry/Voucher/contractNum'

2020-09-08 12:57:30 - [TEST_STEP][PASSED] - click(findTestObject("FDR-VoucherEntry/Voucher/vendorMessage")): Object: 'Object Repository/FDR-VoucherEntry/Voucher/vendorMessage' is clicked on

2020-09-08 12:57:30 - [MESSAGE][PASSED] - Object: 'Object Repository/FDR-VoucherEntry/Voucher/vendorMessage' is clicked on

2020-09-08 12:57:30 - [TEST_STEP][PASSED] - setText(findTestObject("Object Repository/FDR-VoucherEntry/Voucher/vendorMessage"), Datasheet.getValue("vendorMessage", 1)): Text 'TestCase ONE' is set on object 'Object Repository/FDR-VoucherEntry/Voucher/vendorMessage'

2020-09-08 12:57:31 - [MESSAGE][PASSED] - Text 'TestCase ONE' is set on object 'Object Repository/FDR-VoucherEntry/Voucher/vendorMessage'

2020-09-08 12:57:31 - [TEST_STEP][PASSED] - click(findTestObject("FDR-VoucherEntry/Voucher/primaryContact")): Object: 'Object Repository/FDR-VoucherEntry/Voucher/primaryContact' is clicked on

2020-09-08 12:57:32 - [MESSAGE][PASSED] - Object: 'Object Repository/FDR-VoucherEntry/Voucher/primaryContact' is clicked on

2020-09-08 12:57:32 - [TEST_STEP][PASSED] - waitForElementPresent(findTestObject("FDR-VoucherEntry/Voucher/primaryContact"), 1): Object 'Object Repository/FDR-VoucherEntry/Voucher/primaryContact' is present

2020-09-08 12:57:32 - [MESSAGE][PASSED] - Object 'Object Repository/FDR-VoucherEntry/Voucher/primaryContact' is present

2020-09-08 12:57:32 - [TEST_STEP][PASSED] - sendKeys(findTestObject("FDR-VoucherEntry/Voucher/primaryContact"), Datasheet.getValue("primaryContact", 1)): Keys 'James Mowrer' sent to object: 'Object Repository/FDR-VoucherEntry/Voucher/primaryContact'

2020-09-08 12:57:33 - [MESSAGE][PASSED] - Keys 'James Mowrer' sent to object: 'Object Repository/FDR-VoucherEntry/Voucher/primaryContact'

2020-09-08 12:57:33 - [TEST_STEP][PASSED] - sendKeys(findTestObject("FDR-VoucherEntry/Voucher/primaryContact"), Keys.chord(DOWN, ENTER)): Keys 'DOWN + ENTER + ' sent to object: 'Object Repository/FDR-VoucherEntry/Voucher/primaryContact'

2020-09-08 12:57:33 - [MESSAGE][PASSED] - Keys 'DOWN + ENTER + ' sent to object: 'Object Repository/FDR-VoucherEntry/Voucher/primaryContact'

2020-09-08 12:57:33 - [TEST_STEP][PASSED] - click(findTestObject("FDR-VoucherEntry/Voucher/secondaryContact")): Object: 'Object Repository/FDR-VoucherEntry/Voucher/secondaryContact' is clicked on

2020-09-08 12:57:34 - [MESSAGE][PASSED] - Object: 'Object Repository/FDR-VoucherEntry/Voucher/secondaryContact' is clicked on

2020-09-08 12:57:34 - [TEST_STEP][PASSED] - waitForElementPresent(findTestObject("FDR-VoucherEntry/Voucher/secondaryContact"), 1): Object 'Object Repository/FDR-VoucherEntry/Voucher/secondaryContact' is present

2020-09-08 12:57:34 - [MESSAGE][PASSED] - Object 'Object Repository/FDR-VoucherEntry/Voucher/secondaryContact' is present

2020-09-08 12:57:34 - [TEST_STEP][PASSED] - sendKeys(findTestObject("FDR-VoucherEntry/Voucher/secondaryContact"), Datasheet.getValue("secondaryContact", 1)): Keys 'Aung Lin' sent to object: 'Object Repository/FDR-VoucherEntry/Voucher/secondaryContact'

2020-09-08 12:57:35 - [MESSAGE][PASSED] - Keys 'Aung Lin' sent to object: 'Object Repository/FDR-VoucherEntry/Voucher/secondaryContact'

2020-09-08 12:57:35 - [TEST_STEP][PASSED] - sendKeys(findTestObject("FDR-VoucherEntry/Voucher/secondaryContact"), Keys.chord(DOWN, ENTER)): Keys 'DOWN + ENTER + ' sent to object: 'Object Repository/FDR-VoucherEntry/Voucher/secondaryContact'

2020-09-08 12:57:35 - [MESSAGE][PASSED] - Keys 'DOWN + ENTER + ' sent to object: 'Object Repository/FDR-VoucherEntry/Voucher/secondaryContact'

2020-09-08 12:57:35 - [TEST_STEP][PASSED] - click(findTestObject("FDR-VoucherEntry/Voucher/buttonNext")): Object: 'Object Repository/FDR-VoucherEntry/Voucher/buttonNext' is clicked on

2020-09-08 12:57:36 - [MESSAGE][PASSED] - Object: 'Object Repository/FDR-VoucherEntry/Voucher/buttonNext' is clicked on

2020-09-08 12:57:36 - [TEST_STEP][PASSED] - delay(3): Delayed 3 second(s)

2020-09-08 12:57:39 - [MESSAGE][PASSED] - Delayed 3 second(s)

2020-09-08 12:57:39 - [TEST_STEP][PASSED] - noOfLine = Datasheet.getValue("NoOfLines", 1): null

2020-09-08 12:57:39 - [TEST_STEP][PASSED] - str = noOfLine: null

2020-09-08 12:57:39 - [TEST_STEP][PASSED] - for ([j = 1, j <= str, (j++)]): Object: 'Object Repository/FDR-VoucherEntry/DistributionLine/addSaveButton' is clicked on

2020-09-08 12:57:39 - [TEST_STEP][PASSED] - irandom = Random().nextInt(900000) + 100000: null

2020-09-08 12:57:39 - [TEST_STEP][PASSED] - click(findTestObject("FDR-VoucherEntry/InvoiceLine/invoice")): Object: 'Object Repository/FDR-VoucherEntry/InvoiceLine/invoice' is clicked on

2020-09-08 12:57:39 - [MESSAGE][PASSED] - Object: 'Object Repository/FDR-VoucherEntry/InvoiceLine/invoice' is clicked on

2020-09-08 12:57:39 - [TEST_STEP][PASSED] - setText(findTestObject("FDR-VoucherEntry/InvoiceLine/invoice"), "INC-" + irandom): Text 'INC-254694' is set on object 'Object Repository/FDR-VoucherEntry/InvoiceLine/invoice'

2020-09-08 12:57:40 - [MESSAGE][PASSED] - Text 'INC-254694' is set on object 'Object Repository/FDR-VoucherEntry/InvoiceLine/invoice'

2020-09-08 12:57:40 - [TEST_STEP][PASSED] - click(findTestObject("FDR-VoucherEntry/InvoiceLine/invoiceDate")): Object: 'Object Repository/FDR-VoucherEntry/InvoiceLine/invoiceDate' is clicked on

2020-09-08 12:57:40 - [MESSAGE][PASSED] - Object: 'Object Repository/FDR-VoucherEntry/InvoiceLine/invoiceDate' is clicked on

2020-09-08 12:57:40 - [TEST_STEP][PASSED] - setText(findTestObject("FDR-VoucherEntry/InvoiceLine/invoiceDate"), Datasheet.getValue("invoiceDate", 1)): Text '09/08/2020' is set on object 'Object Repository/FDR-VoucherEntry/InvoiceLine/invoiceDate'

2020-09-08 12:57:41 - [MESSAGE][PASSED] - Text '09/08/2020' is set on object 'Object Repository/FDR-VoucherEntry/InvoiceLine/invoiceDate'

2020-09-08 12:57:41 - [TEST_STEP][PASSED] - click(findTestObject("FDR-VoucherEntry/InvoiceLine/originalWarrantDate")): Object: 'Object Repository/FDR-VoucherEntry/InvoiceLine/originalWarrantDate' is clicked on

2020-09-08 12:57:42 - [MESSAGE][PASSED] - Object: 'Object Repository/FDR-VoucherEntry/InvoiceLine/originalWarrantDate' is clicked on

2020-09-08 12:57:42 - [TEST_STEP][PASSED] - setText(findTestObject("FDR-VoucherEntry/InvoiceLine/originalWarrantDate"), Datasheet.getValue("originalWarrantDate", 1)): Text '09/08/2020' is set on object 'Object Repository/FDR-VoucherEntry/InvoiceLine/originalWarrantDate'

2020-09-08 12:57:42 - [MESSAGE][PASSED] - Text '09/08/2020' is set on object 'Object Repository/FDR-VoucherEntry/InvoiceLine/originalWarrantDate'

2020-09-08 12:57:42 - [TEST_STEP][PASSED] - delay(3): Delayed 3 second(s)

2020-09-08 12:57:45 - [MESSAGE][PASSED] - Delayed 3 second(s)

2020-09-08 12:57:45 - [TEST_STEP][PASSED] - click(findTestObject("FDR-VoucherEntry/InvoiceLine/addInvoiceLineButton")): Object: 'Object Repository/FDR-VoucherEntry/InvoiceLine/addInvoiceLineButton' is clicked on

2020-09-08 12:57:46 - [MESSAGE][PASSED] - Object: 'Object Repository/FDR-VoucherEntry/InvoiceLine/addInvoiceLineButton' is clicked on

2020-09-08 12:57:46 - [TEST_STEP][PASSED] - delay(5): Delayed 5 second(s)

2020-09-08 12:57:51 - [MESSAGE][PASSED] - Delayed 5 second(s)

2020-09-08 12:57:51 - [TEST_STEP][PASSED] - if (j == 1): Object: 'Object Repository/FDR-EditVoucher/expandicon1' is clicked on

2020-09-08 12:57:51 - [TEST_STEP][PASSED] - click(findTestObject("Object Repository/FDR-EditVoucher/expandicon1")): Object: 'Object Repository/FDR-EditVoucher/expandicon1' is clicked on

2020-09-08 12:57:51 - [MESSAGE][PASSED] - Object: 'Object Repository/FDR-EditVoucher/expandicon1' is clicked on

2020-09-08 12:57:51 - [TEST_STEP][PASSED] - click(findTestObject("FDR-VoucherEntry/InvoiceLine/invoiceAddlineButton")): Object: 'Object Repository/FDR-VoucherEntry/InvoiceLine/invoiceAddlineButton' is clicked on

2020-09-08 12:57:52 - [MESSAGE][PASSED] - Object: 'Object Repository/FDR-VoucherEntry/InvoiceLine/invoiceAddlineButton' is clicked on

2020-09-08 12:57:52 - [TEST_STEP][PASSED] - click(findTestObject("FDR-VoucherEntry/DistributionLine/serviceDateFrom")): Object: 'Object Repository/FDR-VoucherEntry/DistributionLine/serviceDateFrom' is clicked on

2020-09-08 12:57:53 - [MESSAGE][PASSED] - Object: 'Object Repository/FDR-VoucherEntry/DistributionLine/serviceDateFrom' is clicked on

2020-09-08 12:57:53 - [TEST_STEP][PASSED] - setText(findTestObject("FDR-VoucherEntry/DistributionLine/serviceDateFrom"), Datasheet.getValue("serviceDateFrom", 1)): Text '09/08/2020' is set on object 'Object Repository/FDR-VoucherEntry/DistributionLine/serviceDateFrom'

2020-09-08 12:57:53 - [MESSAGE][PASSED] - Text '09/08/2020' is set on object 'Object Repository/FDR-VoucherEntry/DistributionLine/serviceDateFrom'

2020-09-08 12:57:53 - [TEST_STEP][PASSED] - setText(findTestObject("FDR-VoucherEntry/DistributionLine/serviceDateTo"), Datasheet.getValue("serviceDateTo", 1)): Text '09/08/2020' is set on object 'Object Repository/FDR-VoucherEntry/DistributionLine/serviceDateTo'

2020-09-08 12:57:54 - [MESSAGE][PASSED] - Text '09/08/2020' is set on object 'Object Repository/FDR-VoucherEntry/DistributionLine/serviceDateTo'

2020-09-08 12:57:54 - [TEST_STEP][PASSED] - click(findTestObject("FDR-VoucherEntry/DistributionLine/amount")): Object: 'Object Repository/FDR-VoucherEntry/DistributionLine/amount' is clicked on

2020-09-08 12:57:55 - [MESSAGE][PASSED] - Object: 'Object Repository/FDR-VoucherEntry/DistributionLine/amount' is clicked on

2020-09-08 12:57:55 - [TEST_STEP][PASSED] - setText(findTestObject("FDR-VoucherEntry/DistributionLine/amount"), Datasheet.getValue("amount", 1)): Text '100000' is set on object 'Object Repository/FDR-VoucherEntry/DistributionLine/amount'

2020-09-08 12:57:56 - [MESSAGE][PASSED] - Text '100000' is set on object 'Object Repository/FDR-VoucherEntry/DistributionLine/amount'

2020-09-08 12:57:56 - [TEST_STEP][PASSED] - click(findTestObject("FDR-VoucherEntry/DistributionLine/waiverType")): Object: 'Object Repository/FDR-VoucherEntry/DistributionLine/waiverType' is clicked on

2020-09-08 12:57:57 - [MESSAGE][PASSED] - Object: 'Object Repository/FDR-VoucherEntry/DistributionLine/waiverType' is clicked on

2020-09-08 12:57:57 - [TEST_STEP][PASSED] - setText(findTestObject("FDR-VoucherEntry/DistributionLine/waiverType"), Datasheet.getValue("waiverType", 1)): Text '2020' is set on object 'Object Repository/FDR-VoucherEntry/DistributionLine/waiverType'

2020-09-08 12:57:57 - [MESSAGE][PASSED] - Text '2020' is set on object 'Object Repository/FDR-VoucherEntry/DistributionLine/waiverType'

2020-09-08 12:57:57 - [TEST_STEP][PASSED] - sendKeys(findTestObject("FDR-VoucherEntry/DistributionLine/waiverType"), Keys.chord(DOWN, ENTER)): Keys 'DOWN + ENTER + ' sent to object: 'Object Repository/FDR-VoucherEntry/DistributionLine/waiverType'

2020-09-08 12:57:58 - [MESSAGE][PASSED] - Keys 'DOWN + ENTER + ' sent to object: 'Object Repository/FDR-VoucherEntry/DistributionLine/waiverType'

2020-09-08 12:57:58 - [TEST_STEP][PASSED] - click(findTestObject("FDR-VoucherEntry/DistributionLine/waiverName")): Object: 'Object Repository/FDR-VoucherEntry/DistributionLine/waiverName' is clicked on

2020-09-08 12:57:59 - [MESSAGE][PASSED] - Object: 'Object Repository/FDR-VoucherEntry/DistributionLine/waiverName' is clicked on

2020-09-08 12:57:59 - [TEST_STEP][PASSED] - setText(findTestObject("FDR-VoucherEntry/DistributionLine/waiverName"), Datasheet.getValue("waiverName", 1)): Text 'A-FamilyU TPM/GMC' is set on object 'Object Repository/FDR-VoucherEntry/DistributionLine/waiverName'

2020-09-08 12:57:59 - [MESSAGE][PASSED] - Text 'A-FamilyU TPM/GMC' is set on object 'Object Repository/FDR-VoucherEntry/DistributionLine/waiverName'

2020-09-08 12:57:59 - [TEST_STEP][PASSED] - sendKeys(findTestObject("FDR-VoucherEntry/DistributionLine/waiverName"), Keys.chord(DOWN, ENTER)): Keys 'DOWN + ENTER + ' sent to object: 'Object Repository/FDR-VoucherEntry/DistributionLine/waiverName'

2020-09-08 12:58:00 - [MESSAGE][PASSED] - Keys 'DOWN + ENTER + ' sent to object: 'Object Repository/FDR-VoucherEntry/DistributionLine/waiverName'

2020-09-08 12:58:00 - [TEST_STEP][PASSED] - click(findTestObject("FDR-VoucherEntry/DistributionLine/fundingSource")): Object: 'Object Repository/FDR-VoucherEntry/DistributionLine/fundingSource' is clicked on

2020-09-08 12:58:01 - [MESSAGE][PASSED] - Object: 'Object Repository/FDR-VoucherEntry/DistributionLine/fundingSource' is clicked on

2020-09-08 12:58:01 - [TEST_STEP][PASSED] - setText(findTestObject("FDR-VoucherEntry/DistributionLine/fundingSource"), Datasheet.getValue("fundingSource", 1)): Text 'Dental' is set on object 'Object Repository/FDR-VoucherEntry/DistributionLine/fundingSource'

2020-09-08 12:58:02 - [MESSAGE][PASSED] - Text 'Dental' is set on object 'Object Repository/FDR-VoucherEntry/DistributionLine/fundingSource'

2020-09-08 12:58:02 - [TEST_STEP][PASSED] - sendKeys(findTestObject("FDR-VoucherEntry/DistributionLine/fundingSource"), Keys.chord(DOWN, ENTER)): Keys 'DOWN + ENTER + ' sent to object: 'Object Repository/FDR-VoucherEntry/DistributionLine/fundingSource'

2020-09-08 12:58:02 - [MESSAGE][PASSED] - Keys 'DOWN + ENTER + ' sent to object: 'Object Repository/FDR-VoucherEntry/DistributionLine/fundingSource'

2020-09-08 12:58:02 - [TEST_STEP][PASSED] - click(findTestObject("FDR-VoucherEntry/DistributionLine/fundRatio")): Object: 'Object Repository/FDR-VoucherEntry/DistributionLine/fundRatio' is clicked on

2020-09-08 12:58:03 - [MESSAGE][PASSED] - Object: 'Object Repository/FDR-VoucherEntry/DistributionLine/fundRatio' is clicked on

2020-09-08 12:58:03 - [TEST_STEP][PASSED] - setText(findTestObject("FDR-VoucherEntry/DistributionLine/fundRatio"), Datasheet.getValue("fundRatio", 1)): Text '50/50' is set on object 'Object Repository/FDR-VoucherEntry/DistributionLine/fundRatio'

2020-09-08 12:58:04 - [MESSAGE][PASSED] - Text '50/50' is set on object 'Object Repository/FDR-VoucherEntry/DistributionLine/fundRatio'

2020-09-08 12:58:04 - [TEST_STEP][PASSED] - sendKeys(findTestObject("FDR-VoucherEntry/DistributionLine/fundRatio"), Keys.chord(DOWN, ENTER)): Keys 'DOWN + ENTER + ' sent to object: 'Object Repository/FDR-VoucherEntry/DistributionLine/fundRatio'

2020-09-08 12:58:04 - [MESSAGE][PASSED] - Keys 'DOWN + ENTER + ' sent to object: 'Object Repository/FDR-VoucherEntry/DistributionLine/fundRatio'

2020-09-08 12:58:04 - [TEST_STEP][PASSED] - click(findTestObject("FDR-VoucherEntry/DistributionLine/nonFederalFund")): Object: 'Object Repository/FDR-VoucherEntry/DistributionLine/nonFederalFund' is clicked on

2020-09-08 12:58:05 - [MESSAGE][PASSED] - Object: 'Object Repository/FDR-VoucherEntry/DistributionLine/nonFederalFund' is clicked on

2020-09-08 12:58:05 - [TEST_STEP][PASSED] - setText(findTestObject("FDR-VoucherEntry/DistributionLine/nonFederalFund"), Datasheet.getValue("nonFederalFund", 1)): Text '3158' is set on object 'Object Repository/FDR-VoucherEntry/DistributionLine/nonFederalFund'

2020-09-08 12:58:06 - [MESSAGE][PASSED] - Text '3158' is set on object 'Object Repository/FDR-VoucherEntry/DistributionLine/nonFederalFund'

2020-09-08 12:58:06 - [TEST_STEP][PASSED] - sendKeys(findTestObject("FDR-VoucherEntry/DistributionLine/nonFederalFund"), Keys.chord(DOWN, ENTER)): Keys 'DOWN + ENTER + ' sent to object: 'Object Repository/FDR-VoucherEntry/DistributionLine/nonFederalFund'

2020-09-08 12:58:06 - [MESSAGE][PASSED] - Keys 'DOWN + ENTER + ' sent to object: 'Object Repository/FDR-VoucherEntry/DistributionLine/nonFederalFund'

2020-09-08 12:58:06 - [TEST_STEP][PASSED] - click(findTestObject("FDR-VoucherEntry/DistributionLine/account")): Object: 'Object Repository/FDR-VoucherEntry/DistributionLine/account' is clicked on

2020-09-08 12:58:07 - [MESSAGE][PASSED] - Object: 'Object Repository/FDR-VoucherEntry/DistributionLine/account' is clicked on

2020-09-08 12:58:07 - [TEST_STEP][PASSED] - sendKeys(findTestObject("FDR-VoucherEntry/DistributionLine/account"), Datasheet.getValue("account", 1)): Keys '5442000' sent to object: 'Object Repository/FDR-VoucherEntry/DistributionLine/account'

2020-09-08 12:58:07 - [MESSAGE][PASSED] - Keys '5442000' sent to object: 'Object Repository/FDR-VoucherEntry/DistributionLine/account'

2020-09-08 12:58:07 - [TEST_STEP][PASSED] - sendKeys(findTestObject("FDR-VoucherEntry/DistributionLine/account"), Keys.chord(DOWN, ENTER)): Keys 'DOWN + ENTER + ' sent to object: 'Object Repository/FDR-VoucherEntry/DistributionLine/account'

2020-09-08 12:58:08 - [MESSAGE][PASSED] - Keys 'DOWN + ENTER + ' sent to object: 'Object Repository/FDR-VoucherEntry/DistributionLine/account'

2020-09-08 12:58:08 - [TEST_STEP][PASSED] - click(findTestObject("FDR-VoucherEntry/DistributionLine/altAccount")): Object: 'Object Repository/FDR-VoucherEntry/DistributionLine/altAccount' is clicked on

2020-09-08 12:58:08 - [MESSAGE][PASSED] - Object: 'Object Repository/FDR-VoucherEntry/DistributionLine/altAccount' is clicked on

2020-09-08 12:58:08 - [TEST_STEP][PASSED] - sendKeys(findTestObject("FDR-VoucherEntry/DistributionLine/altAccount"), Datasheet.getValue("altAccount", 1)): Keys '5442000089' sent to object: 'Object Repository/FDR-VoucherEntry/DistributionLine/altAccount'

2020-09-08 12:58:09 - [MESSAGE][PASSED] - Keys '5442000089' sent to object: 'Object Repository/FDR-VoucherEntry/DistributionLine/altAccount'

2020-09-08 12:58:09 - [TEST_STEP][PASSED] - sendKeys(findTestObject("FDR-VoucherEntry/DistributionLine/altAccount"), Keys.chord(DOWN, ENTER)): Keys 'DOWN + ENTER + ' sent to object: 'Object Repository/FDR-VoucherEntry/DistributionLine/altAccount'

2020-09-08 12:58:09 - [MESSAGE][PASSED] - Keys 'DOWN + ENTER + ' sent to object: 'Object Repository/FDR-VoucherEntry/DistributionLine/altAccount'

2020-09-08 12:58:09 - [TEST_STEP][PASSED] - click(findTestObject("FDR-VoucherEntry/DistributionLine/serviceCategory")): Object: 'Object Repository/FDR-VoucherEntry/DistributionLine/serviceCategory' is clicked on

2020-09-08 12:58:10 - [MESSAGE][PASSED] - Object: 'Object Repository/FDR-VoucherEntry/DistributionLine/serviceCategory' is clicked on

2020-09-08 12:58:10 - [TEST_STEP][PASSED] - sendKeys(findTestObject("FDR-VoucherEntry/DistributionLine/serviceCategory"), Datasheet.getValue("serviceCategory", 1)): Keys '18B1' sent to object: 'Object Repository/FDR-VoucherEntry/DistributionLine/serviceCategory'

2020-09-08 12:58:11 - [MESSAGE][PASSED] - Keys '18B1' sent to object: 'Object Repository/FDR-VoucherEntry/DistributionLine/serviceCategory'

2020-09-08 12:58:11 - [TEST_STEP][PASSED] - sendKeys(findTestObject("FDR-VoucherEntry/DistributionLine/serviceCategory"), Keys.chord(DOWN, ENTER)): Keys 'DOWN + ENTER + ' sent to object: 'Object Repository/FDR-VoucherEntry/DistributionLine/serviceCategory'

2020-09-08 12:58:11 - [MESSAGE][PASSED] - Keys 'DOWN + ENTER + ' sent to object: 'Object Repository/FDR-VoucherEntry/DistributionLine/serviceCategory'

2020-09-08 12:58:11 - [TEST_STEP][PASSED] - click(findTestObject("FDR-VoucherEntry/DistributionLine/incDecLine")): Object: 'Object Repository/FDR-VoucherEntry/DistributionLine/incDecLine' is clicked on

2020-09-08 12:58:11 - [MESSAGE][PASSED] - Object: 'Object Repository/FDR-VoucherEntry/DistributionLine/incDecLine' is clicked on

2020-09-08 12:58:11 - [TEST_STEP][PASSED] - sendKeys(findTestObject("FDR-VoucherEntry/DistributionLine/incDecLine"), Datasheet.getValue("incDecLine", 1)): Keys '1: New (service Period is current quarter and never been claimed)' sent to object: 'Object Repository/FDR-VoucherEntry/DistributionLine/incDecLine'

2020-09-08 12:58:12 - [MESSAGE][PASSED] - Keys '1: New (service Period is current quarter and never been claimed)' sent to object: 'Object Repository/FDR-VoucherEntry/DistributionLine/incDecLine'

2020-09-08 12:58:12 - [TEST_STEP][PASSED] - sendKeys(findTestObject("FDR-VoucherEntry/DistributionLine/incDecLine"), Keys.chord(DOWN, ENTER)): Keys 'DOWN + ENTER + ' sent to object: 'Object Repository/FDR-VoucherEntry/DistributionLine/incDecLine'

2020-09-08 12:58:12 - [MESSAGE][PASSED] - Keys 'DOWN + ENTER + ' sent to object: 'Object Repository/FDR-VoucherEntry/DistributionLine/incDecLine'

2020-09-08 12:58:12 - [TEST_STEP][PASSED] - click(findTestObject("FDR-VoucherEntry/DistributionLine/index")): Object: 'Object Repository/FDR-VoucherEntry/DistributionLine/index' is clicked on

2020-09-08 12:58:13 - [MESSAGE][PASSED] - Object: 'Object Repository/FDR-VoucherEntry/DistributionLine/index' is clicked on

2020-09-08 12:58:13 - [TEST_STEP][PASSED] - sendKeys(findTestObject("FDR-VoucherEntry/DistributionLine/index"), Datasheet.getValue("index", 1)): Keys '1155' sent to object: 'Object Repository/FDR-VoucherEntry/DistributionLine/index'

2020-09-08 12:58:14 - [MESSAGE][PASSED] - Keys '1155' sent to object: 'Object Repository/FDR-VoucherEntry/DistributionLine/index'

2020-09-08 12:58:14 - [TEST_STEP][PASSED] - sendKeys(findTestObject("FDR-VoucherEntry/DistributionLine/index"), Keys.chord(DOWN, ENTER)): Keys 'DOWN + ENTER + ' sent to object: 'Object Repository/FDR-VoucherEntry/DistributionLine/index'

2020-09-08 12:58:14 - [MESSAGE][PASSED] - Keys 'DOWN + ENTER + ' sent to object: 'Object Repository/FDR-VoucherEntry/DistributionLine/index'

2020-09-08 12:58:14 - [TEST_STEP][PASSED] - click(findTestObject("FDR-VoucherEntry/DistributionLine/ServiceLocation")): Object: 'Object Repository/FDR-VoucherEntry/DistributionLine/ServiceLocation' is clicked on

2020-09-08 12:58:14 - [MESSAGE][PASSED] - Object: 'Object Repository/FDR-VoucherEntry/DistributionLine/ServiceLocation' is clicked on

2020-09-08 12:58:14 - [TEST_STEP][PASSED] - sendKeys(findTestObject("FDR-VoucherEntry/DistributionLine/ServiceLocation"), Datasheet.getValue("ServiceLocation", 1)): Keys '12345' sent to object: 'Object Repository/FDR-VoucherEntry/DistributionLine/ServiceLocation'

2020-09-08 12:58:15 - [MESSAGE][PASSED] - Keys '12345' sent to object: 'Object Repository/FDR-VoucherEntry/DistributionLine/ServiceLocation'

2020-09-08 12:58:15 - [TEST_STEP][PASSED] - sendKeys(findTestObject("FDR-VoucherEntry/DistributionLine/ServiceLocation"), Keys.chord(DOWN, ENTER)): Keys 'DOWN + ENTER + ' sent to object: 'Object Repository/FDR-VoucherEntry/DistributionLine/ServiceLocation'

2020-09-08 12:58:16 - [MESSAGE][PASSED] - Keys 'DOWN + ENTER + ' sent to object: 'Object Repository/FDR-VoucherEntry/DistributionLine/ServiceLocation'

2020-09-08 12:58:16 - [TEST_STEP][PASSED] - click(findTestObject("Object Repository/FDR-VoucherEntry/DistributionLine/addSaveButton")): Object: 'Object Repository/FDR-VoucherEntry/DistributionLine/addSaveButton' is clicked on

2020-09-08 12:58:16 - [MESSAGE][PASSED] - Object: 'Object Repository/FDR-VoucherEntry/DistributionLine/addSaveButton' is clicked on

2020-09-08 12:58:16 - [TEST_STEP][PASSED] - processorVoucherNumber = getText(findTestObject("FDR-VoucherEntry/VoucherHeader/voucherNum")): Text of object 'Object Repository/FDR-VoucherEntry/VoucherHeader/voucherNum' is: 'CAP00000147'

2020-09-08 12:58:17 - [MESSAGE][PASSED] - Text of object 'Object Repository/FDR-VoucherEntry/VoucherHeader/voucherNum' is: 'CAP00000147'

2020-09-08 12:58:17 - [TEST_STEP][PASSED] - delay(2): Delayed 2 second(s)

2020-09-08 12:58:19 - [MESSAGE][PASSED] - Delayed 2 second(s)

2020-09-08 12:58:19 - [TEST_STEP][PASSED] - click(findTestObject("Object Repository/FDR-Vouchers-States/Resume/reviewButton")): Object: 'Object Repository/FDR-Vouchers-States/Resume/reviewButton' is clicked on

2020-09-08 12:58:20 - [MESSAGE][PASSED] - Object: 'Object Repository/FDR-Vouchers-States/Resume/reviewButton' is clicked on

2020-09-08 12:58:20 - [TEST_STEP][PASSED] - click(findTestObject("Object Repository/FDR-Vouchers-States/Resume/submitForApproval")): Object: 'Object Repository/FDR-Vouchers-States/Resume/submitForApproval' is clicked on

2020-09-08 12:58:21 - [MESSAGE][PASSED] - Object: 'Object Repository/FDR-Vouchers-States/Resume/submitForApproval' is clicked on

2020-09-08 12:58:21 - [TEST_STEP][PASSED] - commonFunctions.selectRole("accountsPayableApprover"): Object 'Object Repository/FDR-VoucherEntry/VoucherHeader/reviewButton' is not present after 2 second(s)

2020-09-08 12:58:24 - [MESSAGE][INFO] - Unable to find the element located by 'By.xpath: //*[@data-id='action-button']//*[contains(text(),'Review')]'. Please recheck the objects properties to make sure the desired element is located. 

2020-09-08 12:58:24 - [MESSAGE][WARNING] - Object 'Object Repository/FDR-VoucherEntry/VoucherHeader/reviewButton' is not present after 2 second(s)

2020-09-08 12:58:24 - [MESSAGE][PASSED] - Object: 'Object Repository/FDR-SuperUser-Dashboard/userExpandButton' is clicked on

2020-09-08 12:58:28 - [MESSAGE][INFO] - Unable to find the element located by 'By.xpath: //*[@data-id='action-button']//*[contains(text(),'Review')]'. Please recheck the objects properties to make sure the desired element is located. 

2020-09-08 12:58:28 - [MESSAGE][WARNING] - Object 'Object Repository/FDR-VoucherEntry/VoucherHeader/reviewButton' is not present after 2 second(s)

2020-09-08 12:58:28 - [MESSAGE][PASSED] - Object: 'Object Repository/FDR-SuperUser-Dashboard/accountsPayableApprover' is clicked on

2020-09-08 12:58:31 - [MESSAGE][INFO] - Unable to find the element located by 'By.xpath: //*[@data-id='action-button']//*[contains(text(),'Review')]'. Please recheck the objects properties to make sure the desired element is located. 

2020-09-08 12:58:31 - [MESSAGE][WARNING] - Object 'Object Repository/FDR-VoucherEntry/VoucherHeader/reviewButton' is not present after 2 second(s)

2020-09-08 12:58:31 - [TEST_STEP][PASSED] - delay(2): Delayed 2 second(s)

2020-09-08 12:58:33 - [MESSAGE][PASSED] - Delayed 2 second(s)

2020-09-08 12:58:33 - [TEST_STEP][PASSED] - click(findTestObject("FDR-Dashboard/Filters/validateFilterButton")): Object: 'Object Repository/FDR-Dashboard/Filters/validateFilterButton' is clicked on

2020-09-08 12:58:33 - [MESSAGE][PASSED] - Object: 'Object Repository/FDR-Dashboard/Filters/validateFilterButton' is clicked on

2020-09-08 12:58:33 - [TEST_STEP][PASSED] - delay(20): Delayed 20 second(s)

2020-09-08 12:58:53 - [MESSAGE][PASSED] - Delayed 20 second(s)

2020-09-08 12:58:53 - [TEST_STEP][PASSED] - delay(3): Delayed 3 second(s)

2020-09-08 12:58:56 - [MESSAGE][PASSED] - Delayed 3 second(s)

2020-09-08 12:58:56 - [TEST_STEP][PASSED] - click(findTestObject("FDR-VoucherEntry/InvoiceLine/invoiceLineExpandButton")): Object: 'Object Repository/FDR-VoucherEntry/InvoiceLine/invoiceLineExpandButton' is clicked on

2020-09-08 12:58:57 - [MESSAGE][PASSED] - Object: 'Object Repository/FDR-VoucherEntry/InvoiceLine/invoiceLineExpandButton' is clicked on

2020-09-08 12:58:57 - [TEST_STEP][PASSED] - waitForElementPresent(findTestObject("FDR-EditVoucher/DLHover"), 3): Object 'Object Repository/FDR-EditVoucher/DLHover' is present

2020-09-08 12:58:58 - [MESSAGE][PASSED] - Object 'Object Repository/FDR-EditVoucher/DLHover' is present

2020-09-08 12:58:58 - [TEST_STEP][PASSED] - mouseOver(findTestObject("FDR-EditVoucher/DLHover")): Object: 'Object Repository/FDR-EditVoucher/DLHover' is hovered

2020-09-08 12:58:58 - [MESSAGE][PASSED] - Object: 'Object Repository/FDR-EditVoucher/DLHover' is hovered

2020-09-08 12:58:58 - [TEST_STEP][PASSED] - waitForElementPresent(findTestObject("FDR-EditVoucher/DLEditIcon"), 3): Object 'Object Repository/FDR-EditVoucher/DLEditIcon' is present

2020-09-08 12:58:58 - [MESSAGE][PASSED] - Object 'Object Repository/FDR-EditVoucher/DLEditIcon' is present

2020-09-08 12:58:58 - [TEST_STEP][PASSED] - click(findTestObject("FDR-EditVoucher/DLEditIcon")): Object: 'Object Repository/FDR-EditVoucher/DLEditIcon' is clicked on

2020-09-08 12:58:59 - [MESSAGE][PASSED] - Object: 'Object Repository/FDR-EditVoucher/DLEditIcon' is clicked on

2020-09-08 12:58:59 - [TEST_STEP][PASSED] - click(findTestObject("FDR-Vouchers-States/Validate/Reject/RejectDistributionLine/DLRejectClick")): Object: 'Object Repository/FDR-Vouchers-States/Validate/Reject/RejectDistributionLine/DLRejectClick' is clicked on

2020-09-08 12:58:59 - [MESSAGE][PASSED] - Object: 'Object Repository/FDR-Vouchers-States/Validate/Reject/RejectDistributionLine/DLRejectClick' is clicked on

2020-09-08 12:58:59 - [TEST_STEP][PASSED] - click(findTestObject("FDR-Vouchers-States/Validate/Reject/RejectDistributionLine/rejectDistributionLine")): Object: 'Object Repository/FDR-Vouchers-States/Validate/Reject/RejectDistributionLine/rejectDistributionLine' is clicked on

2020-09-08 12:59:00 - [MESSAGE][PASSED] - Object: 'Object Repository/FDR-Vouchers-States/Validate/Reject/RejectDistributionLine/rejectDistributionLine' is clicked on

2020-09-08 12:59:00 - [TEST_STEP][PASSED] - click(findTestObject("FDR-Vouchers-States/Validate/Reject/RejectDistributionLine/spanIncorrectFundRatio")): Object: 'Object Repository/FDR-Vouchers-States/Validate/Reject/RejectDistributionLine/spanIncorrectFundRatio' is clicked on

2020-09-08 12:59:01 - [MESSAGE][PASSED] - Object: 'Object Repository/FDR-Vouchers-States/Validate/Reject/RejectDistributionLine/spanIncorrectFundRatio' is clicked on

2020-09-08 12:59:01 - [TEST_STEP][PASSED] - click(findTestObject("FDR-Vouchers-States/Validate/Reject/RejectDistributionLine/spanIncorrectDistributionLine")): Object: 'Object Repository/FDR-Vouchers-States/Validate/Reject/RejectDistributionLine/spanIncorrectDistributionLine' is clicked on

2020-09-08 12:59:02 - [MESSAGE][PASSED] - Object: 'Object Repository/FDR-Vouchers-States/Validate/Reject/RejectDistributionLine/spanIncorrectDistributionLine' is clicked on

2020-09-08 12:59:02 - [TEST_STEP][PASSED] - setText(findTestObject("Object Repository/FDR-Dashboard/DashBoard Validation/Notes"), "Distribution Line Reject Notes Here"): Text 'Distribution Line Reject Notes Here' is set on object 'Object Repository/FDR-Dashboard/DashBoard Validation/Notes'

2020-09-08 12:59:03 - [MESSAGE][PASSED] - Text 'Distribution Line Reject Notes Here' is set on object 'Object Repository/FDR-Dashboard/DashBoard Validation/Notes'

2020-09-08 12:59:03 - [TEST_STEP][PASSED] - click(findTestObject("FDR-Vouchers-States/Validate/Reject/RejectDistributionLine/rejectDistributionLine")): Object: 'Object Repository/FDR-Vouchers-States/Validate/Reject/RejectDistributionLine/rejectDistributionLine' is clicked on

2020-09-08 12:59:04 - [MESSAGE][PASSED] - Object: 'Object Repository/FDR-Vouchers-States/Validate/Reject/RejectDistributionLine/rejectDistributionLine' is clicked on

2020-09-08 12:59:04 - [TEST_STEP][PASSED] - click(findTestObject("FDR-VoucherEntry/InvoiceLine/invoiceLineExpandButton")): Object: 'Object Repository/FDR-VoucherEntry/InvoiceLine/invoiceLineExpandButton' is clicked on

2020-09-08 12:59:05 - [MESSAGE][PASSED] - Object: 'Object Repository/FDR-VoucherEntry/InvoiceLine/invoiceLineExpandButton' is clicked on

2020-09-08 12:59:05 - [TEST_STEP][PASSED] - waitForElementPresent(findTestObject("FDR-Dashboard/createNewVoucherButton"), 1): Object 'Object Repository/FDR-Dashboard/createNewVoucherButton' is not present after 1 second(s)

2020-09-08 12:59:07 - [MESSAGE][INFO] - Unable to find the element located by 'By.xpath: //*[@data-id='button-link']//*[contains(text(),'Create New Voucher')]'. Please recheck the objects properties to make sure the desired element is located. 

2020-09-08 12:59:07 - [MESSAGE][WARNING] - Object 'Object Repository/FDR-Dashboard/createNewVoucherButton' is not present after 1 second(s)

2020-09-08 12:59:07 - [TEST_STEP][PASSED] - mouseOver(findTestObject("FDR-EditVoucher/invoiceHover")): Object: 'Object Repository/FDR-EditVoucher/invoiceHover' is hovered

2020-09-08 12:59:07 - [MESSAGE][PASSED] - Object: 'Object Repository/FDR-EditVoucher/invoiceHover' is hovered

2020-09-08 12:59:07 - [TEST_STEP][PASSED] - click(findTestObject("FDR-EditVoucher/voucherLineEditIcon")): Object: 'Object Repository/FDR-EditVoucher/voucherLineEditIcon' is clicked on

2020-09-08 12:59:07 - [MESSAGE][PASSED] - Object: 'Object Repository/FDR-EditVoucher/voucherLineEditIcon' is clicked on

2020-09-08 12:59:07 - [TEST_STEP][PASSED] - waitForElementPresent(findTestObject("FDR-Dashboard/createNewVoucherButton"), 1): Object 'Object Repository/FDR-Dashboard/createNewVoucherButton' is not present after 1 second(s)

2020-09-08 12:59:10 - [MESSAGE][INFO] - Unable to find the element located by 'By.xpath: //*[@data-id='button-link']//*[contains(text(),'Create New Voucher')]'. Please recheck the objects properties to make sure the desired element is located. 

2020-09-08 12:59:10 - [MESSAGE][WARNING] - Object 'Object Repository/FDR-Dashboard/createNewVoucherButton' is not present after 1 second(s)

2020-09-08 12:59:10 - [TEST_STEP][PASSED] - click(findTestObject("FDR-Vouchers-States/Validate/Reject/RejectDistributionLine/DLRejectClick")): Object: 'Object Repository/FDR-Vouchers-States/Validate/Reject/RejectDistributionLine/DLRejectClick' is clicked on

2020-09-08 12:59:10 - [MESSAGE][PASSED] - Object: 'Object Repository/FDR-Vouchers-States/Validate/Reject/RejectDistributionLine/DLRejectClick' is clicked on

2020-09-08 12:59:10 - [TEST_STEP][PASSED] - click(findTestObject("FDR-Vouchers-States/Validate/Reject/RejectVoucherLine/spanIncorrectInvoiceNum")): Object: 'Object Repository/FDR-Vouchers-States/Validate/Reject/RejectVoucherLine/spanIncorrectInvoiceNum' is clicked on

2020-09-08 12:59:11 - [MESSAGE][PASSED] - Object: 'Object Repository/FDR-Vouchers-States/Validate/Reject/RejectVoucherLine/spanIncorrectInvoiceNum' is clicked on

2020-09-08 12:59:11 - [TEST_STEP][PASSED] - waitForElementPresent(findTestObject("FDR-Dashboard/createNewVoucherButton"), 1): Object 'Object Repository/FDR-Dashboard/createNewVoucherButton' is not present after 1 second(s)

2020-09-08 12:59:13 - [MESSAGE][INFO] - Unable to find the element located by 'By.xpath: //*[@data-id='button-link']//*[contains(text(),'Create New Voucher')]'. Please recheck the objects properties to make sure the desired element is located. 

2020-09-08 12:59:13 - [MESSAGE][WARNING] - Object 'Object Repository/FDR-Dashboard/createNewVoucherButton' is not present after 1 second(s)

2020-09-08 12:59:13 - [TEST_STEP][PASSED] - click(findTestObject("FDR-Vouchers-States/Validate/Reject/RejectVoucherLine/spanIncorrectInvoiceAmount")): Object: 'Object Repository/FDR-Vouchers-States/Validate/Reject/RejectVoucherLine/spanIncorrectInvoiceAmount' is clicked on

2020-09-08 12:59:13 - [MESSAGE][PASSED] - Object: 'Object Repository/FDR-Vouchers-States/Validate/Reject/RejectVoucherLine/spanIncorrectInvoiceAmount' is clicked on

2020-09-08 12:59:13 - [TEST_STEP][PASSED] - setText(findTestObject("Object Repository/FDR-Dashboard/DashBoard Validation/Notes"), "Invoice Reject Notes Here"): Text 'Invoice Reject Notes Here' is set on object 'Object Repository/FDR-Dashboard/DashBoard Validation/Notes'

2020-09-08 12:59:14 - [MESSAGE][PASSED] - Text 'Invoice Reject Notes Here' is set on object 'Object Repository/FDR-Dashboard/DashBoard Validation/Notes'

2020-09-08 12:59:14 - [TEST_STEP][PASSED] - click(findTestObject("FDR-Vouchers-States/Validate/Reject/RejectVoucherLine/rejectInvoiceLine")): Object: 'Object Repository/FDR-Vouchers-States/Validate/Reject/RejectVoucherLine/rejectInvoiceLine' is clicked on

2020-09-08 12:59:15 - [MESSAGE][PASSED] - Object: 'Object Repository/FDR-Vouchers-States/Validate/Reject/RejectVoucherLine/rejectInvoiceLine' is clicked on

2020-09-08 12:59:15 - [TEST_STEP][PASSED] - waitForElementPresent(findTestObject("FDR-Dashboard/createNewVoucherButton"), 2): Object 'Object Repository/FDR-Dashboard/createNewVoucherButton' is not present after 2 second(s)

2020-09-08 12:59:18 - [MESSAGE][INFO] - Unable to find the element located by 'By.xpath: //*[@data-id='button-link']//*[contains(text(),'Create New Voucher')]'. Please recheck the objects properties to make sure the desired element is located. 

2020-09-08 12:59:18 - [MESSAGE][WARNING] - Object 'Object Repository/FDR-Dashboard/createNewVoucherButton' is not present after 2 second(s)

2020-09-08 12:59:18 - [TEST_STEP][PASSED] - click(findTestObject("FDR-Vouchers-States/Validate/Reject/rejectButton")): Object: 'Object Repository/FDR-Vouchers-States/Validate/Reject/rejectButton' is clicked on

2020-09-08 12:59:18 - [MESSAGE][PASSED] - Object: 'Object Repository/FDR-Vouchers-States/Validate/Reject/rejectButton' is clicked on

2020-09-08 12:59:18 - [TEST_STEP][PASSED] - check(findTestObject("FDR-Vouchers-States/Validate/Reject/RejectVoucher/spanDrawDate")): Object 'Object Repository/FDR-Vouchers-States/Validate/Reject/RejectVoucher/spanDrawDate' is checked

2020-09-08 12:59:19 - [MESSAGE][PASSED] - Object 'Object Repository/FDR-Vouchers-States/Validate/Reject/RejectVoucher/spanDrawDate' is checked

2020-09-08 12:59:19 - [TEST_STEP][PASSED] - check(findTestObject("FDR-Vouchers-States/Validate/Reject/RejectVoucher/spanPayDate")): Object 'Object Repository/FDR-Vouchers-States/Validate/Reject/RejectVoucher/spanPayDate' is checked

2020-09-08 12:59:19 - [MESSAGE][PASSED] - Object 'Object Repository/FDR-Vouchers-States/Validate/Reject/RejectVoucher/spanPayDate' is checked

2020-09-08 12:59:19 - [TEST_STEP][PASSED] - setText(findTestObject("FDR-Vouchers-States/Validate/Reject/RejectVoucher/Notes"), "Voucher Reject Notes"): Text 'Voucher Reject Notes' is set on object 'Object Repository/FDR-Vouchers-States/Validate/Reject/RejectVoucher/Notes'

2020-09-08 12:59:20 - [MESSAGE][PASSED] - Text 'Voucher Reject Notes' is set on object 'Object Repository/FDR-Vouchers-States/Validate/Reject/RejectVoucher/Notes'

2020-09-08 12:59:20 - [TEST_STEP][PASSED] - check(findTestObject("FDR-Vouchers-States/Validate/Reject/RejectVoucher/rejectVoucherButton")): Object 'Object Repository/FDR-Vouchers-States/Validate/Reject/RejectVoucher/rejectVoucherButton' is checked

2020-09-08 12:59:21 - [MESSAGE][PASSED] - Object 'Object Repository/FDR-Vouchers-States/Validate/Reject/RejectVoucher/rejectVoucherButton' is checked

2020-09-08 12:59:21 - [TEST_STEP][PASSED] - click(findTestObject("FDR-Dashboard/Filters/clearFilterButton")): Object: 'Object Repository/FDR-Dashboard/Filters/clearFilterButton' is clicked on

2020-09-08 12:59:22 - [MESSAGE][PASSED] - Object: 'Object Repository/FDR-Dashboard/Filters/clearFilterButton' is clicked on

2020-09-08 12:59:22 - [TEST_STEP][PASSED] - commonFunctions.selectRole("accountsPayableProcessor"): Object 'Object Repository/FDR-VoucherEntry/VoucherHeader/reviewButton' is not present after 2 second(s)

2020-09-08 12:59:25 - [MESSAGE][INFO] - Unable to find the element located by 'By.xpath: //*[@data-id='action-button']//*[contains(text(),'Review')]'. Please recheck the objects properties to make sure the desired element is located. 

2020-09-08 12:59:25 - [MESSAGE][WARNING] - Object 'Object Repository/FDR-VoucherEntry/VoucherHeader/reviewButton' is not present after 2 second(s)

2020-09-08 12:59:25 - [MESSAGE][PASSED] - Object: 'Object Repository/FDR-SuperUser-Dashboard/userExpandButton' is clicked on

2020-09-08 12:59:29 - [MESSAGE][INFO] - Unable to find the element located by 'By.xpath: //*[@data-id='action-button']//*[contains(text(),'Review')]'. Please recheck the objects properties to make sure the desired element is located. 

2020-09-08 12:59:29 - [MESSAGE][WARNING] - Object 'Object Repository/FDR-VoucherEntry/VoucherHeader/reviewButton' is not present after 2 second(s)

2020-09-08 12:59:29 - [MESSAGE][PASSED] - Object: 'Object Repository/FDR-SuperUser-Dashboard/accountsPayableProcessor' is clicked on

2020-09-08 12:59:32 - [MESSAGE][INFO] - Unable to find the element located by 'By.xpath: //*[@data-id='action-button']//*[contains(text(),'Review')]'. Please recheck the objects properties to make sure the desired element is located. 

2020-09-08 12:59:32 - [MESSAGE][WARNING] - Object 'Object Repository/FDR-VoucherEntry/VoucherHeader/reviewButton' is not present after 2 second(s)

2020-09-08 12:59:32 - [TEST_STEP][PASSED] - delay(3): Delayed 3 second(s)

2020-09-08 12:59:35 - [MESSAGE][PASSED] - Delayed 3 second(s)

2020-09-08 12:59:35 - [TEST_STEP][PASSED] - click(findTestObject("FDR-Dashboard/Filters/fixFilterButton")): Object: 'Object Repository/FDR-Dashboard/Filters/fixFilterButton' is clicked on

2020-09-08 12:59:35 - [MESSAGE][PASSED] - Object: 'Object Repository/FDR-Dashboard/Filters/fixFilterButton' is clicked on

2020-09-08 12:59:35 - [TEST_STEP][PASSED] - delay(12): Delayed 12 second(s)

2020-09-08 12:59:47 - [MESSAGE][PASSED] - Delayed 12 second(s)

2020-09-08 12:59:47 - [TEST_STEP][PASSED] - click(findTestObject("FDR-VoucherEntry/InvoiceLine/invoiceLineExpandButton")): Object: 'Object Repository/FDR-VoucherEntry/InvoiceLine/invoiceLineExpandButton' is clicked on

2020-09-08 12:59:48 - [MESSAGE][PASSED] - Object: 'Object Repository/FDR-VoucherEntry/InvoiceLine/invoiceLineExpandButton' is clicked on

2020-09-08 12:59:48 - [TEST_STEP][PASSED] - waitForElementPresent(findTestObject("FDR-Dashboard/createNewVoucherButton"), 1): Object 'Object Repository/FDR-Dashboard/createNewVoucherButton' is not present after 1 second(s)

2020-09-08 12:59:50 - [MESSAGE][INFO] - Unable to find the element located by 'By.xpath: //*[@data-id='button-link']//*[contains(text(),'Create New Voucher')]'. Please recheck the objects properties to make sure the desired element is located. 

2020-09-08 12:59:50 - [MESSAGE][WARNING] - Object 'Object Repository/FDR-Dashboard/createNewVoucherButton' is not present after 1 second(s)

2020-09-08 12:59:50 - [TEST_STEP][PASSED] - mouseOver(findTestObject("FDR-EditVoucher/invoiceHover")): Object: 'Object Repository/FDR-EditVoucher/invoiceHover' is hovered

2020-09-08 12:59:50 - [MESSAGE][PASSED] - Object: 'Object Repository/FDR-EditVoucher/invoiceHover' is hovered

2020-09-08 12:59:50 - [TEST_STEP][PASSED] - click(findTestObject("Object Repository/FDR-Receipt/FDR-Receipt-DistributionLine/3dots/editIconDistributionLine")): Object: 'Object Repository/FDR-Receipt/FDR-Receipt-DistributionLine/3dots/editIconDistributionLine' is clicked on

2020-09-08 12:59:51 - [MESSAGE][PASSED] - Object: 'Object Repository/FDR-Receipt/FDR-Receipt-DistributionLine/3dots/editIconDistributionLine' is clicked on

2020-09-08 12:59:51 - [TEST_STEP][PASSED] - click(findTestObject("Object Repository/FDR-EditVoucher/DLEditClick")): Object: 'Object Repository/FDR-EditVoucher/DLEditClick' is clicked on

2020-09-08 12:59:51 - [MESSAGE][PASSED] - Object: 'Object Repository/FDR-EditVoucher/DLEditClick' is clicked on

2020-09-08 12:59:51 - [TEST_STEP][PASSED] - click(findTestObject("FDR-VoucherEntry/DistributionLine/fundRatio")): Object: 'Object Repository/FDR-VoucherEntry/DistributionLine/fundRatio' is clicked on

2020-09-08 12:59:52 - [MESSAGE][PASSED] - Object: 'Object Repository/FDR-VoucherEntry/DistributionLine/fundRatio' is clicked on

2020-09-08 12:59:52 - [TEST_STEP][PASSED] - sendKeys(findTestObject("FDR-VoucherEntry/DistributionLine/fundRatio"), Keys.chord(BACK_SPACE)): Keys 'BACK_SPACE + ' sent to object: 'Object Repository/FDR-VoucherEntry/DistributionLine/fundRatio'

2020-09-08 12:59:53 - [MESSAGE][PASSED] - Keys 'BACK_SPACE + ' sent to object: 'Object Repository/FDR-VoucherEntry/DistributionLine/fundRatio'

2020-09-08 12:59:53 - [TEST_STEP][PASSED] - setText(findTestObject("FDR-VoucherEntry/DistributionLine/fundRatio"), "90/10"): Text '90/10' is set on object 'Object Repository/FDR-VoucherEntry/DistributionLine/fundRatio'

2020-09-08 12:59:54 - [MESSAGE][PASSED] - Text '90/10' is set on object 'Object Repository/FDR-VoucherEntry/DistributionLine/fundRatio'

2020-09-08 12:59:54 - [TEST_STEP][PASSED] - sendKeys(findTestObject("FDR-VoucherEntry/DistributionLine/fundRatio"), Keys.chord(DOWN, ENTER)): Keys 'DOWN + ENTER + ' sent to object: 'Object Repository/FDR-VoucherEntry/DistributionLine/fundRatio'

2020-09-08 12:59:54 - [MESSAGE][PASSED] - Keys 'DOWN + ENTER + ' sent to object: 'Object Repository/FDR-VoucherEntry/DistributionLine/fundRatio'

2020-09-08 12:59:54 - [TEST_STEP][PASSED] - click(findTestObject("FDR-VoucherEntry/DistributionLine/nonFederalFund")): Object: 'Object Repository/FDR-VoucherEntry/DistributionLine/nonFederalFund' is clicked on

2020-09-08 12:59:55 - [MESSAGE][PASSED] - Object: 'Object Repository/FDR-VoucherEntry/DistributionLine/nonFederalFund' is clicked on

2020-09-08 12:59:55 - [TEST_STEP][PASSED] - sendKeys(findTestObject("FDR-VoucherEntry/DistributionLine/nonFederalFund"), Keys.chord(BACK_SPACE)): Keys 'BACK_SPACE + ' sent to object: 'Object Repository/FDR-VoucherEntry/DistributionLine/nonFederalFund'

2020-09-08 12:59:55 - [MESSAGE][PASSED] - Keys 'BACK_SPACE + ' sent to object: 'Object Repository/FDR-VoucherEntry/DistributionLine/nonFederalFund'

2020-09-08 12:59:55 - [TEST_STEP][PASSED] - setText(findTestObject("FDR-VoucherEntry/DistributionLine/nonFederalFund"), "0001"): Text '0001' is set on object 'Object Repository/FDR-VoucherEntry/DistributionLine/nonFederalFund'

2020-09-08 12:59:56 - [MESSAGE][PASSED] - Text '0001' is set on object 'Object Repository/FDR-VoucherEntry/DistributionLine/nonFederalFund'

2020-09-08 12:59:56 - [TEST_STEP][PASSED] - sendKeys(findTestObject("FDR-VoucherEntry/DistributionLine/nonFederalFund"), Keys.chord(DOWN, ENTER)): Keys 'DOWN + ENTER + ' sent to object: 'Object Repository/FDR-VoucherEntry/DistributionLine/nonFederalFund'

2020-09-08 12:59:56 - [MESSAGE][PASSED] - Keys 'DOWN + ENTER + ' sent to object: 'Object Repository/FDR-VoucherEntry/DistributionLine/nonFederalFund'

2020-09-08 12:59:56 - [TEST_STEP][PASSED] - click(findTestObject("FDR-VoucherEntry/DistributionLine/serviceCategory")): Object: 'Object Repository/FDR-VoucherEntry/DistributionLine/serviceCategory' is clicked on

2020-09-08 12:59:57 - [MESSAGE][PASSED] - Object: 'Object Repository/FDR-VoucherEntry/DistributionLine/serviceCategory' is clicked on

2020-09-08 12:59:57 - [TEST_STEP][PASSED] - sendKeys(findTestObject("FDR-VoucherEntry/DistributionLine/serviceCategory"), "18B1"): Keys '18B1' sent to object: 'Object Repository/FDR-VoucherEntry/DistributionLine/serviceCategory'

2020-09-08 12:59:57 - [MESSAGE][PASSED] - Keys '18B1' sent to object: 'Object Repository/FDR-VoucherEntry/DistributionLine/serviceCategory'

2020-09-08 12:59:57 - [TEST_STEP][PASSED] - sendKeys(findTestObject("FDR-VoucherEntry/DistributionLine/serviceCategory"), Keys.chord(DOWN, ENTER)): Keys 'DOWN + ENTER + ' sent to object: 'Object Repository/FDR-VoucherEntry/DistributionLine/serviceCategory'

2020-09-08 12:59:58 - [MESSAGE][PASSED] - Keys 'DOWN + ENTER + ' sent to object: 'Object Repository/FDR-VoucherEntry/DistributionLine/serviceCategory'

2020-09-08 12:59:58 - [TEST_STEP][PASSED] - click(findTestObject("Object Repository/FDR-EditVoucher/editvocuherSave")): Object: 'Object Repository/FDR-EditVoucher/editvocuherSave' is clicked on

2020-09-08 12:59:58 - [MESSAGE][PASSED] - Object: 'Object Repository/FDR-EditVoucher/editvocuherSave' is clicked on

2020-09-08 12:59:58 - [TEST_STEP][PASSED] - click(findTestObject("FDR-VoucherEntry/VoucherHeader/reviewButton")): Object: 'Object Repository/FDR-VoucherEntry/VoucherHeader/reviewButton' is clicked on

2020-09-08 13:00:00 - [MESSAGE][PASSED] - Object: 'Object Repository/FDR-VoucherEntry/VoucherHeader/reviewButton' is clicked on

2020-09-08 13:00:00 - [TEST_STEP][PASSED] - delay(2): Delayed 2 second(s)

2020-09-08 13:00:02 - [MESSAGE][PASSED] - Delayed 2 second(s)

2020-09-08 13:00:02 - [TEST_STEP][PASSED] - click(findTestObject("FDR-Vouchers-States/Resume/submitForApproval")): Object: 'Object Repository/FDR-Vouchers-States/Resume/submitForApproval' is clicked on

2020-09-08 13:00:02 - [MESSAGE][PASSED] - Object: 'Object Repository/FDR-Vouchers-States/Resume/submitForApproval' is clicked on

2020-09-08 13:00:02 - [TEST_STEP][PASSED] - click(findTestObject("FDR-Dashboard/Filters/clearFilterButton")): Object: 'Object Repository/FDR-Dashboard/Filters/clearFilterButton' is clicked on

2020-09-08 13:00:03 - [MESSAGE][PASSED] - Object: 'Object Repository/FDR-Dashboard/Filters/clearFilterButton' is clicked on

2020-09-08 13:00:03 - [TEST_STEP][PASSED] - commonFunctions.selectRole("accountsPayableApprover"): Object 'Object Repository/FDR-VoucherEntry/VoucherHeader/reviewButton' is not present after 2 second(s)

2020-09-08 13:00:07 - [MESSAGE][INFO] - Unable to find the element located by 'By.xpath: //*[@data-id='action-button']//*[contains(text(),'Review')]'. Please recheck the objects properties to make sure the desired element is located. 

2020-09-08 13:00:07 - [MESSAGE][WARNING] - Object 'Object Repository/FDR-VoucherEntry/VoucherHeader/reviewButton' is not present after 2 second(s)

2020-09-08 13:00:07 - [MESSAGE][PASSED] - Object: 'Object Repository/FDR-SuperUser-Dashboard/userExpandButton' is clicked on

2020-09-08 13:00:10 - [MESSAGE][INFO] - Unable to find the element located by 'By.xpath: //*[@data-id='action-button']//*[contains(text(),'Review')]'. Please recheck the objects properties to make sure the desired element is located. 

2020-09-08 13:00:10 - [MESSAGE][WARNING] - Object 'Object Repository/FDR-VoucherEntry/VoucherHeader/reviewButton' is not present after 2 second(s)

2020-09-08 13:00:10 - [MESSAGE][PASSED] - Object: 'Object Repository/FDR-SuperUser-Dashboard/accountsPayableApprover' is clicked on

2020-09-08 13:00:13 - [MESSAGE][INFO] - Unable to find the element located by 'By.xpath: //*[@data-id='action-button']//*[contains(text(),'Review')]'. Please recheck the objects properties to make sure the desired element is located. 

2020-09-08 13:00:13 - [MESSAGE][WARNING] - Object 'Object Repository/FDR-VoucherEntry/VoucherHeader/reviewButton' is not present after 2 second(s)

2020-09-08 13:00:13 - [TEST_STEP][PASSED] - delay(1): Delayed 1 second(s)

2020-09-08 13:00:14 - [MESSAGE][PASSED] - Delayed 1 second(s)

2020-09-08 13:00:14 - [TEST_STEP][PASSED] - click(findTestObject("FDR-Dashboard/Filters/validateFilterButton")): Object: 'Object Repository/FDR-Dashboard/Filters/validateFilterButton' is clicked on

2020-09-08 13:00:15 - [MESSAGE][PASSED] - Object: 'Object Repository/FDR-Dashboard/Filters/validateFilterButton' is clicked on

2020-09-08 13:00:15 - [TEST_STEP][PASSED] - delay(12): Delayed 12 second(s)

2020-09-08 13:00:27 - [MESSAGE][PASSED] - Delayed 12 second(s)

2020-09-08 13:00:27 - [TEST_STEP][PASSED] - click(findTestObject("Object Repository/FDR-Draw/reviewScreen/approveButton")): Object: 'Object Repository/FDR-Draw/reviewScreen/approveButton' is clicked on

2020-09-08 13:00:27 - [MESSAGE][PASSED] - Object: 'Object Repository/FDR-Draw/reviewScreen/approveButton' is clicked on

2020-09-08 13:00:27 - [TEST_STEP][PASSED] - delay(1): Delayed 1 second(s)

2020-09-08 13:00:28 - [MESSAGE][PASSED] - Delayed 1 second(s)

2020-09-08 13:00:28 - [TEST_STEP][PASSED] - click(findTestObject("FDR-Dashboard/Filters/clearFilterButton")): Object: 'Object Repository/FDR-Dashboard/Filters/clearFilterButton' is clicked on

2020-09-08 13:00:28 - [MESSAGE][PASSED] - Object: 'Object Repository/FDR-Dashboard/Filters/clearFilterButton' is clicked on

2020-09-08 13:00:28 - [TEST_STEP][PASSED] - delay(5): Delayed 5 second(s)

2020-09-08 13:00:33 - [MESSAGE][PASSED] - Delayed 5 second(s)

2020-09-08 13:00:33 - [TEST_STEP][PASSED] - click(findTestObject("Object Repository/FDR-Dashboard/Filters/printFilterButton")): Object: 'Object Repository/FDR-Dashboard/Filters/printFilterButton' is clicked on

2020-09-08 13:00:34 - [MESSAGE][PASSED] - Object: 'Object Repository/FDR-Dashboard/Filters/printFilterButton' is clicked on

2020-09-08 13:00:34 - [TEST_STEP][PASSED] - delay(12): Delayed 12 second(s)

2020-09-08 13:00:46 - [MESSAGE][PASSED] - Delayed 12 second(s)

2020-09-08 13:00:46 - [TEST_STEP][PASSED] - click(findTestObject("Object Repository/FDR-Vouchers-States/Print/printCMIAForm")): Object: 'Object Repository/FDR-Vouchers-States/Print/printCMIAForm' is clicked on

2020-09-08 13:00:46 - [MESSAGE][PASSED] - Object: 'Object Repository/FDR-Vouchers-States/Print/printCMIAForm' is clicked on

2020-09-08 13:00:46 - [TEST_STEP][PASSED] - waitForPageLoad(7): Wait for page load successfully

2020-09-08 13:00:46 - [MESSAGE][PASSED] - Wait for page load successfully

2020-09-08 13:00:46 - [TEST_STEP][PASSED] - closeWindowIndex(1): Window with index 1 is closed

2020-09-08 13:00:48 - [MESSAGE][PASSED] - Window with index 1 is closed

2020-09-08 13:00:48 - [TEST_STEP][PASSED] - delay(1): Delayed 1 second(s)

2020-09-08 13:00:49 - [MESSAGE][PASSED] - Delayed 1 second(s)

2020-09-08 13:00:49 - [TEST_STEP][PASSED] - switchToWindowIndex(0): Switched to window with index: '0'

2020-09-08 13:00:49 - [MESSAGE][PASSED] - Switched to window with index: '0'

2020-09-08 13:00:49 - [TEST_STEP][PASSED] - click(findTestObject("FDR-Vouchers-States/Print/printFaceSheet")): Object: 'Object Repository/FDR-Vouchers-States/Print/printFaceSheet' is clicked on

2020-09-08 13:00:50 - [MESSAGE][PASSED] - Object: 'Object Repository/FDR-Vouchers-States/Print/printFaceSheet' is clicked on

2020-09-08 13:00:50 - [TEST_STEP][PASSED] - waitForPageLoad(7): Wait for page load successfully

2020-09-08 13:00:50 - [MESSAGE][PASSED] - Wait for page load successfully

2020-09-08 13:00:50 - [TEST_STEP][PASSED] - closeWindowIndex(1): Window with index 1 is closed

2020-09-08 13:00:52 - [MESSAGE][PASSED] - Window with index 1 is closed

2020-09-08 13:00:52 - [TEST_STEP][PASSED] - delay(5): Delayed 5 second(s)

2020-09-08 13:00:57 - [MESSAGE][PASSED] - Delayed 5 second(s)

2020-09-08 13:00:57 - [TEST_STEP][PASSED] - switchToWindowIndex(0): Switched to window with index: '0'

2020-09-08 13:00:57 - [MESSAGE][PASSED] - Switched to window with index: '0'

2020-09-08 13:00:57 - [TEST_STEP][PASSED] - click(findTestObject("/FDR-Vouchers-States/Print/printRA")): Object: 'Object Repository//FDR-Vouchers-States/Print/printRA' is clicked on

2020-09-08 13:00:57 - [MESSAGE][PASSED] - Object: 'Object Repository//FDR-Vouchers-States/Print/printRA' is clicked on

2020-09-08 13:00:57 - [TEST_STEP][PASSED] - waitForPageLoad(7): Wait for page load successfully

2020-09-08 13:00:57 - [MESSAGE][PASSED] - Wait for page load successfully

2020-09-08 13:00:57 - [TEST_STEP][PASSED] - closeWindowIndex(1): Window with index 1 is closed

2020-09-08 13:00:59 - [MESSAGE][PASSED] - Window with index 1 is closed

2020-09-08 13:00:59 - [TEST_STEP][PASSED] - delay(5): Delayed 5 second(s)

2020-09-08 13:01:04 - [MESSAGE][PASSED] - Delayed 5 second(s)

2020-09-08 13:01:04 - [TEST_STEP][PASSED] - switchToWindowIndex(0): Switched to window with index: '0'

2020-09-08 13:01:04 - [MESSAGE][PASSED] - Switched to window with index: '0'

2020-09-08 13:01:04 - [TEST_STEP][PASSED] - click(findTestObject("Object Repository/FDR-Vouchers-States/Print/allFormsPrintButton")): Object: 'Object Repository/FDR-Vouchers-States/Print/allFormsPrintButton' is clicked on

2020-09-08 13:01:04 - [MESSAGE][PASSED] - Object: 'Object Repository/FDR-Vouchers-States/Print/allFormsPrintButton' is clicked on

2020-09-08 13:01:04 - [TEST_STEP][PASSED] - delay(5): Delayed 5 second(s)

2020-09-08 13:01:09 - [MESSAGE][PASSED] - Delayed 5 second(s)

2020-09-08 13:01:09 - [TEST_STEP][PASSED] - click(findTestObject("FDR-Dashboard/Filters/clearFilterButton")): Object: 'Object Repository/FDR-Dashboard/Filters/clearFilterButton' is clicked on

2020-09-08 13:01:10 - [MESSAGE][PASSED] - Object: 'Object Repository/FDR-Dashboard/Filters/clearFilterButton' is clicked on

2020-09-08 13:01:10 - [TEST_STEP][PASSED] - click(findTestObject("Object Repository/FDR-Dashboard/appLogo")): Object: 'Object Repository/FDR-Dashboard/appLogo' is clicked on

2020-09-08 13:01:11 - [MESSAGE][PASSED] - Object: 'Object Repository/FDR-Dashboard/appLogo' is clicked on

2020-09-08 13:01:11 - [TEST_STEP][PASSED] - commonFunctions.logout(): Browser is closed

2020-09-08 13:01:12 - [MESSAGE][PASSED] - Browser is closed

2020-09-08 13:01:12 - [TEST_STEP][PASSED] - closeBrowser(): Browser is closed

2020-09-08 13:01:12 - [MESSAGE][PASSED] - Browser is closed

2020-09-08 13:01:12 - [TEST_STEP][PASSED] - Start listener action : sampleAfterTestCase: null

2020-09-08 13:01:12 - [TEST_STEP][PASSED] - profileName = getExecutionProfile(): null

2020-09-08 13:01:12 - [TEST_STEP][PASSED] - switch (profileName): null

2020-09-08 13:01:12 - [TEST_STEP][PASSED] - case "superUser":: null

2020-09-08 13:01:12 - [TEST_STEP][PASSED] - return null: null

2020-09-08 13:01:12 - [TEST_STEP][PASSED] - Start listener action : afterTestCase: null

2020-09-08 13:01:12 - [TEST_STEP][PASSED] - profileName = getExecutionProfile(): null

2020-09-08 13:01:12 - [TEST_STEP][PASSED] - if (profileName.equalsIgnoreCase("SysAdmin")): null

2020-09-08 13:01:12 - [TEST_STEP][PASSED] - Start listener action : sampleAfterTestCase: null

2020-09-08 13:01:12 - [TEST_STEP][PASSED] - profileName = getExecutionProfile(): null

2020-09-08 13:01:12 - [TEST_STEP][PASSED] - switch (profileName): null

2020-09-08 13:01:12 - [TEST_STEP][PASSED] - Default: null

2020-09-08 13:01:12 - [TEST_STEP][PASSED] - return null: null

2020-09-08 13:01:12 - [TEST_STEP][PASSED] - Start listener action : addFailedTCToList: null]]></system-out>
         <system-err><![CDATA[]]></system-err>
      </testcase>
      <testcase name="Test Cases/FDR_END_2_END/FDR-END_2_END_Voucher_Reject" time="319.478" classname="Test Cases/FDR_END_2_END/FDR-END_2_END_Voucher_Reject" status="FAILED">
         <failure type="FAILED" message="Test Cases/FDR_END_2_END/FDR-END_2_END_Voucher_Reject FAILED.
Reason:
com.kms.katalon.core.exception.StepFailedException: Unable to click on object 'Object Repository/FDR-VoucherEntry/InvoiceLine/invoiceLineExpandButton' (Root cause: com.kms.katalon.core.exception.StepFailedException: Unable to click on object 'Object Repository/FDR-VoucherEntry/InvoiceLine/invoiceLineExpandButton'
	at com.kms.katalon.core.webui.keyword.internal.WebUIKeywordMain.stepFailed(WebUIKeywordMain.groovy:64)
	at com.kms.katalon.core.webui.keyword.internal.WebUIKeywordMain.runKeyword(WebUIKeywordMain.groovy:26)
	at com.kms.katalon.core.webui.keyword.builtin.ClickKeyword.click(ClickKeyword.groovy:76)
	at com.kms.katalon.core.webui.keyword.builtin.ClickKeyword.execute(ClickKeyword.groovy:43)
	at com.kms.katalon.core.keyword.internal.KeywordExecutor.executeKeywordForPlatform(KeywordExecutor.groovy:73)
	at com.kms.katalon.core.webui.keyword.WebUiBuiltInKeywords.click(WebUiBuiltInKeywords.groovy:616)
	at com.kms.katalon.core.webui.keyword.WebUiBuiltInKeywords$click$5.call(Unknown Source)
	at FDR-END_2_END_Voucher_Reject.run(FDR-END_2_END_Voucher_Reject:296)
	at com.kms.katalon.core.main.ScriptEngine.run(ScriptEngine.java:194)
	at com.kms.katalon.core.main.ScriptEngine.runScriptAsRawText(ScriptEngine.java:119)
	at com.kms.katalon.core.main.TestCaseExecutor.runScript(TestCaseExecutor.java:339)
	at com.kms.katalon.core.main.TestCaseExecutor.doExecute(TestCaseExecutor.java:330)
	at com.kms.katalon.core.main.TestCaseExecutor.processExecutionPhase(TestCaseExecutor.java:309)
	at com.kms.katalon.core.main.TestCaseExecutor.accessMainPhase(TestCaseExecutor.java:301)
	at com.kms.katalon.core.main.TestCaseExecutor.execute(TestCaseExecutor.java:235)
	at com.kms.katalon.core.main.TestSuiteExecutor.accessTestCaseMainPhase(TestSuiteExecutor.java:191)
	at com.kms.katalon.core.main.TestSuiteExecutor.accessTestSuiteMainPhase(TestSuiteExecutor.java:141)
	at com.kms.katalon.core.main.TestSuiteExecutor.execute(TestSuiteExecutor.java:90)
	at com.kms.katalon.core.main.TestCaseMain.startTestSuite(TestCaseMain.java:157)
	at com.kms.katalon.core.main.TestCaseMain$startTestSuite$0.call(Unknown Source)
	at TempTestSuite1599594670457.run(TempTestSuite1599594670457.groovy:39)
Caused by: com.kms.katalon.core.webui.exception.WebElementNotFoundException: Web element with id: 'Object Repository/FDR-VoucherEntry/InvoiceLine/invoiceLineExpandButton' located by '(//*[contains(@class,'MuiExpansionPanel-root')])[1]//*[contains(@class,'expandIcon')]' not found
	at com.kms.katalon.core.webui.common.WebUiCommonHelper.findWebElement(WebUiCommonHelper.java:1368)
	at com.kms.katalon.core.webui.keyword.internal.WebUIAbstractKeyword.findWebElement(WebUIAbstractKeyword.groovy:27)
	at com.kms.katalon.core.webui.keyword.internal.WebUIAbstractKeyword.findWebElement(WebUIAbstractKeyword.groovy:26)
	at com.kms.katalon.core.webui.keyword.builtin.ClickKeyword$_click_closure1.doCall(ClickKeyword.groovy:67)
	at com.kms.katalon.core.webui.keyword.builtin.ClickKeyword$_click_closure1.call(ClickKeyword.groovy)
	at com.kms.katalon.core.webui.keyword.internal.WebUIKeywordMain.runKeyword(WebUIKeywordMain.groovy:20)
	at com.kms.katalon.core.webui.keyword.builtin.ClickKeyword.click(ClickKeyword.groovy:76)
	at com.kms.katalon.core.webui.keyword.builtin.ClickKeyword.execute(ClickKeyword.groovy:43)
	at com.kms.katalon.core.keyword.internal.KeywordExecutor.executeKeywordForPlatform(KeywordExecutor.groovy:73)
	at com.kms.katalon.core.webui.keyword.WebUiBuiltInKeywords.click(WebUiBuiltInKeywords.groovy:616)
	at com.kms.katalon.core.webui.keyword.WebUiBuiltInKeywords$click$5.call(Unknown Source)
	at Script1598478507206.run(Script1598478507206.groovy:296)
	... 13 more
)
	at com.kms.katalon.core.keyword.internal.KeywordMain.stepFailed(KeywordMain.groovy:39)
	at com.kms.katalon.core.webui.keyword.internal.WebUIKeywordMain.stepFailed(WebUIKeywordMain.groovy:64)
	at com.kms.katalon.core.webui.keyword.internal.WebUIKeywordMain.runKeyword(WebUIKeywordMain.groovy:26)
	at com.kms.katalon.core.webui.keyword.builtin.ClickKeyword.click(ClickKeyword.groovy:76)
	at com.kms.katalon.core.webui.keyword.builtin.ClickKeyword.execute(ClickKeyword.groovy:43)
	at com.kms.katalon.core.keyword.internal.KeywordExecutor.executeKeywordForPlatform(KeywordExecutor.groovy:73)
	at com.kms.katalon.core.webui.keyword.WebUiBuiltInKeywords.click(WebUiBuiltInKeywords.groovy:616)
	at com.kms.katalon.core.webui.keyword.WebUiBuiltInKeywords$click$5.call(Unknown Source)
	at FDR-END_2_END_Voucher_Reject.run(FDR-END_2_END_Voucher_Reject:296)
	at com.kms.katalon.core.main.ScriptEngine.run(ScriptEngine.java:194)
	at com.kms.katalon.core.main.ScriptEngine.runScriptAsRawText(ScriptEngine.java:119)
	at com.kms.katalon.core.main.TestCaseExecutor.runScript(TestCaseExecutor.java:339)
	at com.kms.katalon.core.main.TestCaseExecutor.doExecute(TestCaseExecutor.java:330)
	at com.kms.katalon.core.main.TestCaseExecutor.processExecutionPhase(TestCaseExecutor.java:309)
	at com.kms.katalon.core.main.TestCaseExecutor.accessMainPhase(TestCaseExecutor.java:301)
	at com.kms.katalon.core.main.TestCaseExecutor.execute(TestCaseExecutor.java:235)
	at com.kms.katalon.core.main.TestSuiteExecutor.accessTestCaseMainPhase(TestSuiteExecutor.java:191)
	at com.kms.katalon.core.main.TestSuiteExecutor.accessTestSuiteMainPhase(TestSuiteExecutor.java:141)
	at com.kms.katalon.core.main.TestSuiteExecutor.execute(TestSuiteExecutor.java:90)
	at com.kms.katalon.core.main.TestCaseMain.startTestSuite(TestCaseMain.java:157)
	at com.kms.katalon.core.main.TestCaseMain$startTestSuite$0.call(Unknown Source)
	at TempTestSuite1599594670457.run(TempTestSuite1599594670457.groovy:39)
Caused by: com.kms.katalon.core.exception.StepFailedException: Unable to click on object 'Object Repository/FDR-VoucherEntry/InvoiceLine/invoiceLineExpandButton'
	... 21 more
Caused by: com.kms.katalon.core.webui.exception.WebElementNotFoundException: Web element with id: 'Object Repository/FDR-VoucherEntry/InvoiceLine/invoiceLineExpandButton' located by '(//*[contains(@class,'MuiExpansionPanel-root')])[1]//*[contains(@class,'expandIcon')]' not found
	at com.kms.katalon.core.webui.common.WebUiCommonHelper.findWebElement(WebUiCommonHelper.java:1368)
	at com.kms.katalon.core.webui.keyword.internal.WebUIAbstractKeyword.findWebElement(WebUIAbstractKeyword.groovy:27)
	at com.kms.katalon.core.webui.keyword.internal.WebUIAbstractKeyword.findWebElement(WebUIAbstractKeyword.groovy:26)
	at com.kms.katalon.core.webui.keyword.builtin.ClickKeyword$_click_closure1.doCall(ClickKeyword.groovy:67)
	at com.kms.katalon.core.webui.keyword.builtin.ClickKeyword$_click_closure1.call(ClickKeyword.groovy)
	at com.kms.katalon.core.webui.keyword.internal.WebUIKeywordMain.runKeyword(WebUIKeywordMain.groovy:20)
	... 19 more
"/>
         <system-out><![CDATA[2020-09-08 13:01:12 - [TEST_CASE][FAILED] - Test Cases/FDR_END_2_END/FDR-END_2_END_Voucher_Reject: Test Cases/FDR_END_2_END/FDR-END_2_END_Voucher_Reject FAILED.
Reason:
com.kms.katalon.core.exception.StepFailedException: Unable to click on object 'Object Repository/FDR-VoucherEntry/InvoiceLine/invoiceLineExpandButton' (Root cause: com.kms.katalon.core.exception.StepFailedException: Unable to click on object 'Object Repository/FDR-VoucherEntry/InvoiceLine/invoiceLineExpandButton'
	at com.kms.katalon.core.webui.keyword.internal.WebUIKeywordMain.stepFailed(WebUIKeywordMain.groovy:64)
	at com.kms.katalon.core.webui.keyword.internal.WebUIKeywordMain.runKeyword(WebUIKeywordMain.groovy:26)
	at com.kms.katalon.core.webui.keyword.builtin.ClickKeyword.click(ClickKeyword.groovy:76)
	at com.kms.katalon.core.webui.keyword.builtin.ClickKeyword.execute(ClickKeyword.groovy:43)
	at com.kms.katalon.core.keyword.internal.KeywordExecutor.executeKeywordForPlatform(KeywordExecutor.groovy:73)
	at com.kms.katalon.core.webui.keyword.WebUiBuiltInKeywords.click(WebUiBuiltInKeywords.groovy:616)
	at com.kms.katalon.core.webui.keyword.WebUiBuiltInKeywords$click$5.call(Unknown Source)
	at FDR-END_2_END_Voucher_Reject.run(FDR-END_2_END_Voucher_Reject:296)
	at com.kms.katalon.core.main.ScriptEngine.run(ScriptEngine.java:194)
	at com.kms.katalon.core.main.ScriptEngine.runScriptAsRawText(ScriptEngine.java:119)
	at com.kms.katalon.core.main.TestCaseExecutor.runScript(TestCaseExecutor.java:339)
	at com.kms.katalon.core.main.TestCaseExecutor.doExecute(TestCaseExecutor.java:330)
	at com.kms.katalon.core.main.TestCaseExecutor.processExecutionPhase(TestCaseExecutor.java:309)
	at com.kms.katalon.core.main.TestCaseExecutor.accessMainPhase(TestCaseExecutor.java:301)
	at com.kms.katalon.core.main.TestCaseExecutor.execute(TestCaseExecutor.java:235)
	at com.kms.katalon.core.main.TestSuiteExecutor.accessTestCaseMainPhase(TestSuiteExecutor.java:191)
	at com.kms.katalon.core.main.TestSuiteExecutor.accessTestSuiteMainPhase(TestSuiteExecutor.java:141)
	at com.kms.katalon.core.main.TestSuiteExecutor.execute(TestSuiteExecutor.java:90)
	at com.kms.katalon.core.main.TestCaseMain.startTestSuite(TestCaseMain.java:157)
	at com.kms.katalon.core.main.TestCaseMain$startTestSuite$0.call(Unknown Source)
	at TempTestSuite1599594670457.run(TempTestSuite1599594670457.groovy:39)
Caused by: com.kms.katalon.core.webui.exception.WebElementNotFoundException: Web element with id: 'Object Repository/FDR-VoucherEntry/InvoiceLine/invoiceLineExpandButton' located by '(//*[contains(@class,'MuiExpansionPanel-root')])[1]//*[contains(@class,'expandIcon')]' not found
	at com.kms.katalon.core.webui.common.WebUiCommonHelper.findWebElement(WebUiCommonHelper.java:1368)
	at com.kms.katalon.core.webui.keyword.internal.WebUIAbstractKeyword.findWebElement(WebUIAbstractKeyword.groovy:27)
	at com.kms.katalon.core.webui.keyword.internal.WebUIAbstractKeyword.findWebElement(WebUIAbstractKeyword.groovy:26)
	at com.kms.katalon.core.webui.keyword.builtin.ClickKeyword$_click_closure1.doCall(ClickKeyword.groovy:67)
	at com.kms.katalon.core.webui.keyword.builtin.ClickKeyword$_click_closure1.call(ClickKeyword.groovy)
	at com.kms.katalon.core.webui.keyword.internal.WebUIKeywordMain.runKeyword(WebUIKeywordMain.groovy:20)
	at com.kms.katalon.core.webui.keyword.builtin.ClickKeyword.click(ClickKeyword.groovy:76)
	at com.kms.katalon.core.webui.keyword.builtin.ClickKeyword.execute(ClickKeyword.groovy:43)
	at com.kms.katalon.core.keyword.internal.KeywordExecutor.executeKeywordForPlatform(KeywordExecutor.groovy:73)
	at com.kms.katalon.core.webui.keyword.WebUiBuiltInKeywords.click(WebUiBuiltInKeywords.groovy:616)
	at com.kms.katalon.core.webui.keyword.WebUiBuiltInKeywords$click$5.call(Unknown Source)
	at Script1598478507206.run(Script1598478507206.groovy:296)
	... 13 more
)
	at com.kms.katalon.core.keyword.internal.KeywordMain.stepFailed(KeywordMain.groovy:39)
	at com.kms.katalon.core.webui.keyword.internal.WebUIKeywordMain.stepFailed(WebUIKeywordMain.groovy:64)
	at com.kms.katalon.core.webui.keyword.internal.WebUIKeywordMain.runKeyword(WebUIKeywordMain.groovy:26)
	at com.kms.katalon.core.webui.keyword.builtin.ClickKeyword.click(ClickKeyword.groovy:76)
	at com.kms.katalon.core.webui.keyword.builtin.ClickKeyword.execute(ClickKeyword.groovy:43)
	at com.kms.katalon.core.keyword.internal.KeywordExecutor.executeKeywordForPlatform(KeywordExecutor.groovy:73)
	at com.kms.katalon.core.webui.keyword.WebUiBuiltInKeywords.click(WebUiBuiltInKeywords.groovy:616)
	at com.kms.katalon.core.webui.keyword.WebUiBuiltInKeywords$click$5.call(Unknown Source)
	at FDR-END_2_END_Voucher_Reject.run(FDR-END_2_END_Voucher_Reject:296)
	at com.kms.katalon.core.main.ScriptEngine.run(ScriptEngine.java:194)
	at com.kms.katalon.core.main.ScriptEngine.runScriptAsRawText(ScriptEngine.java:119)
	at com.kms.katalon.core.main.TestCaseExecutor.runScript(TestCaseExecutor.java:339)
	at com.kms.katalon.core.main.TestCaseExecutor.doExecute(TestCaseExecutor.java:330)
	at com.kms.katalon.core.main.TestCaseExecutor.processExecutionPhase(TestCaseExecutor.java:309)
	at com.kms.katalon.core.main.TestCaseExecutor.accessMainPhase(TestCaseExecutor.java:301)
	at com.kms.katalon.core.main.TestCaseExecutor.execute(TestCaseExecutor.java:235)
	at com.kms.katalon.core.main.TestSuiteExecutor.accessTestCaseMainPhase(TestSuiteExecutor.java:191)
	at com.kms.katalon.core.main.TestSuiteExecutor.accessTestSuiteMainPhase(TestSuiteExecutor.java:141)
	at com.kms.katalon.core.main.TestSuiteExecutor.execute(TestSuiteExecutor.java:90)
	at com.kms.katalon.core.main.TestCaseMain.startTestSuite(TestCaseMain.java:157)
	at com.kms.katalon.core.main.TestCaseMain$startTestSuite$0.call(Unknown Source)
	at TempTestSuite1599594670457.run(TempTestSuite1599594670457.groovy:39)
Caused by: com.kms.katalon.core.exception.StepFailedException: Unable to click on object 'Object Repository/FDR-VoucherEntry/InvoiceLine/invoiceLineExpandButton'
	... 21 more
Caused by: com.kms.katalon.core.webui.exception.WebElementNotFoundException: Web element with id: 'Object Repository/FDR-VoucherEntry/InvoiceLine/invoiceLineExpandButton' located by '(//*[contains(@class,'MuiExpansionPanel-root')])[1]//*[contains(@class,'expandIcon')]' not found
	at com.kms.katalon.core.webui.common.WebUiCommonHelper.findWebElement(WebUiCommonHelper.java:1368)
	at com.kms.katalon.core.webui.keyword.internal.WebUIAbstractKeyword.findWebElement(WebUIAbstractKeyword.groovy:27)
	at com.kms.katalon.core.webui.keyword.internal.WebUIAbstractKeyword.findWebElement(WebUIAbstractKeyword.groovy:26)
	at com.kms.katalon.core.webui.keyword.builtin.ClickKeyword$_click_closure1.doCall(ClickKeyword.groovy:67)
	at com.kms.katalon.core.webui.keyword.builtin.ClickKeyword$_click_closure1.call(ClickKeyword.groovy)
	at com.kms.katalon.core.webui.keyword.internal.WebUIKeywordMain.runKeyword(WebUIKeywordMain.groovy:20)
	... 19 more


2020-09-08 13:01:12 - [TEST_STEP][PASSED] - Start listener action : sampleBeforeTestCase: null

2020-09-08 13:01:12 - [TEST_STEP][PASSED] - profileName = getExecutionProfile(): null

2020-09-08 13:01:12 - [TEST_STEP][PASSED] - switch (profileName): null

2020-09-08 13:01:12 - [TEST_STEP][PASSED] - case "superUser":: null

2020-09-08 13:01:12 - [TEST_STEP][PASSED] - return null: null

2020-09-08 13:01:12 - [TEST_STEP][PASSED] - Start listener action : beforeTestCase: null

2020-09-08 13:01:12 - [TEST_STEP][PASSED] - profileName = getExecutionProfile(): null

2020-09-08 13:01:12 - [TEST_STEP][PASSED] - if (profileName.equalsIgnoreCase("SysAdmin")): null

2020-09-08 13:01:12 - [TEST_STEP][PASSED] - Start listener action : sampleBeforeTestCase: null

2020-09-08 13:01:12 - [TEST_STEP][PASSED] - profileName = getExecutionProfile(): null

2020-09-08 13:01:12 - [TEST_STEP][PASSED] - testCaseId = testCaseContext.getTestCaseId(): null

2020-09-08 13:01:12 - [TEST_STEP][PASSED] - switch (profileName): null

2020-09-08 13:01:12 - [TEST_STEP][PASSED] - Default: null

2020-09-08 13:01:12 - [TEST_STEP][PASSED] - return null: null

2020-09-08 13:01:12 - [TEST_STEP][PASSED] - Start listener action : executeRows: null

2020-09-08 13:01:12 - [TEST_STEP][PASSED] - Datasheet = findTestData("End_2_End/End_2_End_Voucher"): null

2020-09-08 13:01:12 - [TEST_STEP][PASSED] - commonFunctions.login(superUserAccnt, superUserPwd): Object: 'Object Repository/FDR-SignIn/SignInButton' is clicked on

2020-09-08 13:01:12 - [MESSAGE][INFO] - Starting 'Chrome' driver

2020-09-08 13:01:12 - [MESSAGE][INFO] - Action delay is set to 0 milliseconds

2020-09-08 13:01:16 - [MESSAGE][PASSED] - Browser is opened with url: 'https://fdr-katalon.cammis-mod-dev.dhcs.ca.gov'

2020-09-08 13:01:18 - [MESSAGE][PASSED] - Current window maximized

2020-09-08 13:01:18 - [MESSAGE][PASSED] - Object 'Object Repository/FDR-SignIn/SignInEmail' is present

2020-09-08 13:01:19 - [MESSAGE][PASSED] - Object: 'Object Repository/FDR-SignIn/SignInEmail' is clicked on

2020-09-08 13:01:19 - [MESSAGE][PASSED] - Object 'Object Repository/FDR-SignIn/SignInEmail' is present

2020-09-08 13:01:19 - [MESSAGE][PASSED] - Text 'fdr.test11@dhcs.ca.gov' is set on object 'Object Repository/FDR-SignIn/SignInEmail'

2020-09-08 13:01:20 - [MESSAGE][PASSED] - Object 'Object Repository/FDR-SignIn/SignInEmailNext' is visible

2020-09-08 13:01:20 - [MESSAGE][PASSED] - Object: 'Object Repository/FDR-SignIn/SignInEmailNext' is clicked on

2020-09-08 13:01:23 - [MESSAGE][PASSED] - Object 'Object Repository/FDR-SignIn/SignInEmailPassword' is visible

2020-09-08 13:01:24 - [MESSAGE][PASSED] - Object: 'Object Repository/FDR-SignIn/SignInEmailPassword' is clicked on

2020-09-08 13:01:24 - [MESSAGE][PASSED] - Text ****** has been set on object 'Object Repository/FDR-SignIn/SignInEmailPassword'

2020-09-08 13:01:25 - [MESSAGE][PASSED] - Object: 'Object Repository/FDR-SignIn/SignInButton' is clicked on

2020-09-08 13:01:25 - [TEST_STEP][PASSED] - commonFunctions.selectRole("accountsPayableProcessor"): Object 'Object Repository/FDR-VoucherEntry/VoucherHeader/reviewButton' is not present after 2 second(s)

2020-09-08 13:01:29 - [MESSAGE][INFO] - Unable to find the element located by 'By.xpath: //*[@data-id='action-button']//*[contains(text(),'Review')]'. Please recheck the objects properties to make sure the desired element is located. 

2020-09-08 13:01:29 - [MESSAGE][WARNING] - Object 'Object Repository/FDR-VoucherEntry/VoucherHeader/reviewButton' is not present after 2 second(s)

2020-09-08 13:01:29 - [MESSAGE][PASSED] - Object: 'Object Repository/FDR-SuperUser-Dashboard/userExpandButton' is clicked on

2020-09-08 13:01:32 - [MESSAGE][INFO] - Unable to find the element located by 'By.xpath: //*[@data-id='action-button']//*[contains(text(),'Review')]'. Please recheck the objects properties to make sure the desired element is located. 

2020-09-08 13:01:32 - [MESSAGE][WARNING] - Object 'Object Repository/FDR-VoucherEntry/VoucherHeader/reviewButton' is not present after 2 second(s)

2020-09-08 13:01:32 - [MESSAGE][PASSED] - Object: 'Object Repository/FDR-SuperUser-Dashboard/accountsPayableProcessor' is clicked on

2020-09-08 13:01:36 - [MESSAGE][INFO] - Unable to find the element located by 'By.xpath: //*[@data-id='action-button']//*[contains(text(),'Review')]'. Please recheck the objects properties to make sure the desired element is located. 

2020-09-08 13:01:36 - [MESSAGE][WARNING] - Object 'Object Repository/FDR-VoucherEntry/VoucherHeader/reviewButton' is not present after 2 second(s)

2020-09-08 13:01:36 - [TEST_STEP][PASSED] - click(findTestObject("Object Repository/FDR-Dashboard/createNewVoucherButton")): Object: 'Object Repository/FDR-Dashboard/createNewVoucherButton' is clicked on

2020-09-08 13:01:36 - [MESSAGE][PASSED] - Object: 'Object Repository/FDR-Dashboard/createNewVoucherButton' is clicked on

2020-09-08 13:01:36 - [TEST_STEP][PASSED] - setText(findTestObject("FDR-VoucherEntry/Voucher/drawDate"), Datasheet.getValue("drawDate", 1)): Text '09/28/2020' is set on object 'Object Repository/FDR-VoucherEntry/Voucher/drawDate'

2020-09-08 13:01:37 - [MESSAGE][PASSED] - Text '09/28/2020' is set on object 'Object Repository/FDR-VoucherEntry/Voucher/drawDate'

2020-09-08 13:01:37 - [TEST_STEP][PASSED] - setText(findTestObject("FDR-VoucherEntry/Voucher/payDate"), Datasheet.getValue("payDate", 1)): Text '09/30/2020' is set on object 'Object Repository/FDR-VoucherEntry/Voucher/payDate'

2020-09-08 13:01:38 - [MESSAGE][PASSED] - Text '09/30/2020' is set on object 'Object Repository/FDR-VoucherEntry/Voucher/payDate'

2020-09-08 13:01:38 - [TEST_STEP][PASSED] - click(findTestObject("FDR-VoucherEntry/Voucher/programType")): Object: 'Object Repository/FDR-VoucherEntry/Voucher/programType' is clicked on

2020-09-08 13:01:39 - [MESSAGE][PASSED] - Object: 'Object Repository/FDR-VoucherEntry/Voucher/programType' is clicked on

2020-09-08 13:01:39 - [TEST_STEP][PASSED] - waitForElementPresent(findTestObject("FDR-VoucherEntry/Voucher/programType"), 2): Object 'Object Repository/FDR-VoucherEntry/Voucher/programType' is present

2020-09-08 13:01:39 - [MESSAGE][PASSED] - Object 'Object Repository/FDR-VoucherEntry/Voucher/programType' is present

2020-09-08 13:01:39 - [TEST_STEP][PASSED] - setText(findTestObject("FDR-VoucherEntry/Voucher/programType"), Datasheet.getValue("programType", 1)): Text 'Medical Assistance (MA)' is set on object 'Object Repository/FDR-VoucherEntry/Voucher/programType'

2020-09-08 13:01:40 - [MESSAGE][PASSED] - Text 'Medical Assistance (MA)' is set on object 'Object Repository/FDR-VoucherEntry/Voucher/programType'

2020-09-08 13:01:40 - [TEST_STEP][PASSED] - waitForElementPresent(findTestObject("FDR-VoucherEntry/Voucher/programType"), 3): Object 'Object Repository/FDR-VoucherEntry/Voucher/programType' is present

2020-09-08 13:01:40 - [MESSAGE][PASSED] - Object 'Object Repository/FDR-VoucherEntry/Voucher/programType' is present

2020-09-08 13:01:40 - [TEST_STEP][PASSED] - sendKeys(findTestObject("FDR-VoucherEntry/Voucher/programType"), Keys.chord(DOWN, ENTER)): Keys 'DOWN + ENTER + ' sent to object: 'Object Repository/FDR-VoucherEntry/Voucher/programType'

2020-09-08 13:01:40 - [MESSAGE][PASSED] - Keys 'DOWN + ENTER + ' sent to object: 'Object Repository/FDR-VoucherEntry/Voucher/programType'

2020-09-08 13:01:40 - [TEST_STEP][PASSED] - click(findTestObject("FDR-VoucherEntry/Voucher/invoiceType")): Object: 'Object Repository/FDR-VoucherEntry/Voucher/invoiceType' is clicked on

2020-09-08 13:01:41 - [MESSAGE][PASSED] - Object: 'Object Repository/FDR-VoucherEntry/Voucher/invoiceType' is clicked on

2020-09-08 13:01:41 - [TEST_STEP][PASSED] - waitForElementPresent(findTestObject("FDR-VoucherEntry/Voucher/invoiceType"), 2): Object 'Object Repository/FDR-VoucherEntry/Voucher/invoiceType' is present

2020-09-08 13:01:41 - [MESSAGE][PASSED] - Object 'Object Repository/FDR-VoucherEntry/Voucher/invoiceType' is present

2020-09-08 13:01:41 - [TEST_STEP][PASSED] - sendKeys(findTestObject("FDR-VoucherEntry/Voucher/invoiceType"), Datasheet.getValue("invoiceType", 1)): Keys 'CAP' sent to object: 'Object Repository/FDR-VoucherEntry/Voucher/invoiceType'

2020-09-08 13:01:42 - [MESSAGE][PASSED] - Keys 'CAP' sent to object: 'Object Repository/FDR-VoucherEntry/Voucher/invoiceType'

2020-09-08 13:01:42 - [TEST_STEP][PASSED] - sendKeys(findTestObject("FDR-VoucherEntry/Voucher/invoiceType"), Keys.chord(DOWN, ENTER)): Keys 'DOWN + ENTER + ' sent to object: 'Object Repository/FDR-VoucherEntry/Voucher/invoiceType'

2020-09-08 13:01:42 - [MESSAGE][PASSED] - Keys 'DOWN + ENTER + ' sent to object: 'Object Repository/FDR-VoucherEntry/Voucher/invoiceType'

2020-09-08 13:01:42 - [TEST_STEP][PASSED] - click(findTestObject("FDR-VoucherEntry/Voucher/fundcode")): Object: 'Object Repository/FDR-VoucherEntry/Voucher/fundcode' is clicked on

2020-09-08 13:01:43 - [MESSAGE][PASSED] - Object: 'Object Repository/FDR-VoucherEntry/Voucher/fundcode' is clicked on

2020-09-08 13:01:43 - [TEST_STEP][PASSED] - waitForElementPresent(findTestObject("FDR-VoucherEntry/Voucher/fundcode"), 1): Object 'Object Repository/FDR-VoucherEntry/Voucher/fundcode' is present

2020-09-08 13:01:43 - [MESSAGE][PASSED] - Object 'Object Repository/FDR-VoucherEntry/Voucher/fundcode' is present

2020-09-08 13:01:43 - [TEST_STEP][PASSED] - sendKeys(findTestObject("FDR-VoucherEntry/Voucher/fundcode"), Datasheet.getValue("fundcode", 1)): Keys 'Health Care Deposit Fund (0912)' sent to object: 'Object Repository/FDR-VoucherEntry/Voucher/fundcode'

2020-09-08 13:01:44 - [MESSAGE][PASSED] - Keys 'Health Care Deposit Fund (0912)' sent to object: 'Object Repository/FDR-VoucherEntry/Voucher/fundcode'

2020-09-08 13:01:44 - [TEST_STEP][PASSED] - sendKeys(findTestObject("FDR-VoucherEntry/Voucher/fundcode"), Keys.chord(DOWN, ENTER)): Keys 'DOWN + ENTER + ' sent to object: 'Object Repository/FDR-VoucherEntry/Voucher/fundcode'

2020-09-08 13:01:44 - [MESSAGE][PASSED] - Keys 'DOWN + ENTER + ' sent to object: 'Object Repository/FDR-VoucherEntry/Voucher/fundcode'

2020-09-08 13:01:44 - [TEST_STEP][PASSED] - click(findTestObject("FDR-VoucherEntry/Voucher/supplierID")): Object: 'Object Repository/FDR-VoucherEntry/Voucher/supplierID' is clicked on

2020-09-08 13:01:45 - [MESSAGE][PASSED] - Object: 'Object Repository/FDR-VoucherEntry/Voucher/supplierID' is clicked on

2020-09-08 13:01:45 - [TEST_STEP][PASSED] - waitForElementPresent(findTestObject("FDR-VoucherEntry/Voucher/supplierID"), 1): Object 'Object Repository/FDR-VoucherEntry/Voucher/supplierID' is present

2020-09-08 13:01:45 - [MESSAGE][PASSED] - Object 'Object Repository/FDR-VoucherEntry/Voucher/supplierID' is present

2020-09-08 13:01:45 - [TEST_STEP][PASSED] - sendKeys(findTestObject("FDR-VoucherEntry/Voucher/supplierID"), Datasheet.getValue("supplierID", 1)): Keys '0000007954' sent to object: 'Object Repository/FDR-VoucherEntry/Voucher/supplierID'

2020-09-08 13:01:45 - [MESSAGE][PASSED] - Keys '0000007954' sent to object: 'Object Repository/FDR-VoucherEntry/Voucher/supplierID'

2020-09-08 13:01:45 - [TEST_STEP][PASSED] - sendKeys(findTestObject("FDR-VoucherEntry/Voucher/supplierID"), Keys.chord(DOWN, ENTER)): Keys 'DOWN + ENTER + ' sent to object: 'Object Repository/FDR-VoucherEntry/Voucher/supplierID'

2020-09-08 13:01:46 - [MESSAGE][PASSED] - Keys 'DOWN + ENTER + ' sent to object: 'Object Repository/FDR-VoucherEntry/Voucher/supplierID'

2020-09-08 13:01:46 - [TEST_STEP][PASSED] - click(findTestObject("FDR-VoucherEntry/Voucher/seqNum")): Object: 'Object Repository/FDR-VoucherEntry/Voucher/seqNum' is clicked on

2020-09-08 13:01:47 - [MESSAGE][PASSED] - Object: 'Object Repository/FDR-VoucherEntry/Voucher/seqNum' is clicked on

2020-09-08 13:01:47 - [TEST_STEP][PASSED] - waitForElementPresent(findTestObject("FDR-VoucherEntry/Voucher/seqNum"), 3): Object 'Object Repository/FDR-VoucherEntry/Voucher/seqNum' is present

2020-09-08 13:01:47 - [MESSAGE][PASSED] - Object 'Object Repository/FDR-VoucherEntry/Voucher/seqNum' is present

2020-09-08 13:01:47 - [TEST_STEP][PASSED] - sendKeys(findTestObject("FDR-VoucherEntry/Voucher/supplierID"), Datasheet.getValue("seqNum", 1)): Keys '01' sent to object: 'Object Repository/FDR-VoucherEntry/Voucher/supplierID'

2020-09-08 13:01:47 - [MESSAGE][PASSED] - Keys '01' sent to object: 'Object Repository/FDR-VoucherEntry/Voucher/supplierID'

2020-09-08 13:01:47 - [TEST_STEP][PASSED] - click(findTestObject("FDR-VoucherEntry/Voucher/seqNum")): Object: 'Object Repository/FDR-VoucherEntry/Voucher/seqNum' is clicked on

2020-09-08 13:01:48 - [MESSAGE][PASSED] - Object: 'Object Repository/FDR-VoucherEntry/Voucher/seqNum' is clicked on

2020-09-08 13:01:48 - [TEST_STEP][PASSED] - sendKeys(findTestObject("FDR-VoucherEntry/Voucher/seqNum"), Keys.chord(DOWN, ENTER)): Keys 'DOWN + ENTER + ' sent to object: 'Object Repository/FDR-VoucherEntry/Voucher/seqNum'

2020-09-08 13:01:49 - [MESSAGE][PASSED] - Keys 'DOWN + ENTER + ' sent to object: 'Object Repository/FDR-VoucherEntry/Voucher/seqNum'

2020-09-08 13:01:49 - [TEST_STEP][PASSED] - click(findTestObject("FDR-VoucherEntry/Voucher/contractNum")): Object: 'Object Repository/FDR-VoucherEntry/Voucher/contractNum' is clicked on

2020-09-08 13:01:49 - [MESSAGE][PASSED] - Object: 'Object Repository/FDR-VoucherEntry/Voucher/contractNum' is clicked on

2020-09-08 13:01:49 - [TEST_STEP][PASSED] - waitForElementPresent(findTestObject("FDR-VoucherEntry/Voucher/contractNum"), 1): Object 'Object Repository/FDR-VoucherEntry/Voucher/contractNum' is present

2020-09-08 13:01:50 - [MESSAGE][PASSED] - Object 'Object Repository/FDR-VoucherEntry/Voucher/contractNum' is present

2020-09-08 13:01:50 - [TEST_STEP][PASSED] - sendKeys(findTestObject("FDR-VoucherEntry/Voucher/contractNum"), Datasheet.getValue("contractNum", 1)): Keys '07-65707' sent to object: 'Object Repository/FDR-VoucherEntry/Voucher/contractNum'

2020-09-08 13:01:50 - [MESSAGE][PASSED] - Keys '07-65707' sent to object: 'Object Repository/FDR-VoucherEntry/Voucher/contractNum'

2020-09-08 13:01:50 - [TEST_STEP][PASSED] - click(findTestObject("FDR-VoucherEntry/Voucher/contractNum")): Object: 'Object Repository/FDR-VoucherEntry/Voucher/contractNum' is clicked on

2020-09-08 13:01:50 - [MESSAGE][PASSED] - Object: 'Object Repository/FDR-VoucherEntry/Voucher/contractNum' is clicked on

2020-09-08 13:01:50 - [TEST_STEP][PASSED] - sendKeys(findTestObject("FDR-VoucherEntry/Voucher/contractNum"), Keys.chord(DOWN, ENTER)): Keys 'DOWN + ENTER + ' sent to object: 'Object Repository/FDR-VoucherEntry/Voucher/contractNum'

2020-09-08 13:01:50 - [MESSAGE][PASSED] - Keys 'DOWN + ENTER + ' sent to object: 'Object Repository/FDR-VoucherEntry/Voucher/contractNum'

2020-09-08 13:01:50 - [TEST_STEP][PASSED] - click(findTestObject("FDR-VoucherEntry/Voucher/vendorMessage")): Object: 'Object Repository/FDR-VoucherEntry/Voucher/vendorMessage' is clicked on

2020-09-08 13:01:51 - [MESSAGE][PASSED] - Object: 'Object Repository/FDR-VoucherEntry/Voucher/vendorMessage' is clicked on

2020-09-08 13:01:51 - [TEST_STEP][PASSED] - setText(findTestObject("Object Repository/FDR-VoucherEntry/Voucher/vendorMessage"), Datasheet.getValue("vendorMessage", 1)): Text 'TestCase ONE' is set on object 'Object Repository/FDR-VoucherEntry/Voucher/vendorMessage'

2020-09-08 13:01:52 - [MESSAGE][PASSED] - Text 'TestCase ONE' is set on object 'Object Repository/FDR-VoucherEntry/Voucher/vendorMessage'

2020-09-08 13:01:52 - [TEST_STEP][PASSED] - click(findTestObject("FDR-VoucherEntry/Voucher/primaryContact")): Object: 'Object Repository/FDR-VoucherEntry/Voucher/primaryContact' is clicked on

2020-09-08 13:01:53 - [MESSAGE][PASSED] - Object: 'Object Repository/FDR-VoucherEntry/Voucher/primaryContact' is clicked on

2020-09-08 13:01:53 - [TEST_STEP][PASSED] - waitForElementPresent(findTestObject("FDR-VoucherEntry/Voucher/primaryContact"), 1): Object 'Object Repository/FDR-VoucherEntry/Voucher/primaryContact' is present

2020-09-08 13:01:53 - [MESSAGE][PASSED] - Object 'Object Repository/FDR-VoucherEntry/Voucher/primaryContact' is present

2020-09-08 13:01:53 - [TEST_STEP][PASSED] - sendKeys(findTestObject("FDR-VoucherEntry/Voucher/primaryContact"), Datasheet.getValue("primaryContact", 1)): Keys 'James Mowrer' sent to object: 'Object Repository/FDR-VoucherEntry/Voucher/primaryContact'

2020-09-08 13:01:54 - [MESSAGE][PASSED] - Keys 'James Mowrer' sent to object: 'Object Repository/FDR-VoucherEntry/Voucher/primaryContact'

2020-09-08 13:01:54 - [TEST_STEP][PASSED] - sendKeys(findTestObject("FDR-VoucherEntry/Voucher/primaryContact"), Keys.chord(DOWN, ENTER)): Keys 'DOWN + ENTER + ' sent to object: 'Object Repository/FDR-VoucherEntry/Voucher/primaryContact'

2020-09-08 13:01:54 - [MESSAGE][PASSED] - Keys 'DOWN + ENTER + ' sent to object: 'Object Repository/FDR-VoucherEntry/Voucher/primaryContact'

2020-09-08 13:01:54 - [TEST_STEP][PASSED] - click(findTestObject("FDR-VoucherEntry/Voucher/secondaryContact")): Object: 'Object Repository/FDR-VoucherEntry/Voucher/secondaryContact' is clicked on

2020-09-08 13:01:55 - [MESSAGE][PASSED] - Object: 'Object Repository/FDR-VoucherEntry/Voucher/secondaryContact' is clicked on

2020-09-08 13:01:55 - [TEST_STEP][PASSED] - waitForElementPresent(findTestObject("FDR-VoucherEntry/Voucher/secondaryContact"), 1): Object 'Object Repository/FDR-VoucherEntry/Voucher/secondaryContact' is present

2020-09-08 13:01:55 - [MESSAGE][PASSED] - Object 'Object Repository/FDR-VoucherEntry/Voucher/secondaryContact' is present

2020-09-08 13:01:55 - [TEST_STEP][PASSED] - sendKeys(findTestObject("FDR-VoucherEntry/Voucher/secondaryContact"), Datasheet.getValue("secondaryContact", 1)): Keys 'Aung Lin' sent to object: 'Object Repository/FDR-VoucherEntry/Voucher/secondaryContact'

2020-09-08 13:01:55 - [MESSAGE][PASSED] - Keys 'Aung Lin' sent to object: 'Object Repository/FDR-VoucherEntry/Voucher/secondaryContact'

2020-09-08 13:01:55 - [TEST_STEP][PASSED] - sendKeys(findTestObject("FDR-VoucherEntry/Voucher/secondaryContact"), Keys.chord(DOWN, ENTER)): Keys 'DOWN + ENTER + ' sent to object: 'Object Repository/FDR-VoucherEntry/Voucher/secondaryContact'

2020-09-08 13:01:56 - [MESSAGE][PASSED] - Keys 'DOWN + ENTER + ' sent to object: 'Object Repository/FDR-VoucherEntry/Voucher/secondaryContact'

2020-09-08 13:01:56 - [TEST_STEP][PASSED] - click(findTestObject("FDR-VoucherEntry/Voucher/buttonNext")): Object: 'Object Repository/FDR-VoucherEntry/Voucher/buttonNext' is clicked on

2020-09-08 13:01:57 - [MESSAGE][PASSED] - Object: 'Object Repository/FDR-VoucherEntry/Voucher/buttonNext' is clicked on

2020-09-08 13:01:57 - [TEST_STEP][PASSED] - delay(3): Delayed 3 second(s)

2020-09-08 13:02:00 - [MESSAGE][PASSED] - Delayed 3 second(s)

2020-09-08 13:02:00 - [TEST_STEP][PASSED] - noOfLine = Datasheet.getValue("NoOfLines", 1): null

2020-09-08 13:02:00 - [TEST_STEP][PASSED] - str = noOfLine: null

2020-09-08 13:02:00 - [TEST_STEP][PASSED] - for ([j = 1, j <= str, (j++)]): Object: 'Object Repository/FDR-VoucherEntry/DistributionLine/addSaveButton' is clicked on

2020-09-08 13:02:00 - [TEST_STEP][PASSED] - irandom = Random().nextInt(900000) + 100000: null

2020-09-08 13:02:00 - [TEST_STEP][PASSED] - click(findTestObject("FDR-VoucherEntry/InvoiceLine/invoice")): Object: 'Object Repository/FDR-VoucherEntry/InvoiceLine/invoice' is clicked on

2020-09-08 13:02:00 - [MESSAGE][PASSED] - Object: 'Object Repository/FDR-VoucherEntry/InvoiceLine/invoice' is clicked on

2020-09-08 13:02:00 - [TEST_STEP][PASSED] - setText(findTestObject("FDR-VoucherEntry/InvoiceLine/invoice"), "INC-" + irandom): Text 'INC-852160' is set on object 'Object Repository/FDR-VoucherEntry/InvoiceLine/invoice'

2020-09-08 13:02:01 - [MESSAGE][PASSED] - Text 'INC-852160' is set on object 'Object Repository/FDR-VoucherEntry/InvoiceLine/invoice'

2020-09-08 13:02:01 - [TEST_STEP][PASSED] - click(findTestObject("FDR-VoucherEntry/InvoiceLine/invoiceDate")): Object: 'Object Repository/FDR-VoucherEntry/InvoiceLine/invoiceDate' is clicked on

2020-09-08 13:02:02 - [MESSAGE][PASSED] - Object: 'Object Repository/FDR-VoucherEntry/InvoiceLine/invoiceDate' is clicked on

2020-09-08 13:02:02 - [TEST_STEP][PASSED] - setText(findTestObject("FDR-VoucherEntry/InvoiceLine/invoiceDate"), Datasheet.getValue("invoiceDate", 1)): Text '09/08/2020' is set on object 'Object Repository/FDR-VoucherEntry/InvoiceLine/invoiceDate'

2020-09-08 13:02:03 - [MESSAGE][PASSED] - Text '09/08/2020' is set on object 'Object Repository/FDR-VoucherEntry/InvoiceLine/invoiceDate'

2020-09-08 13:02:03 - [TEST_STEP][PASSED] - click(findTestObject("FDR-VoucherEntry/InvoiceLine/originalWarrantDate")): Object: 'Object Repository/FDR-VoucherEntry/InvoiceLine/originalWarrantDate' is clicked on

2020-09-08 13:02:03 - [MESSAGE][PASSED] - Object: 'Object Repository/FDR-VoucherEntry/InvoiceLine/originalWarrantDate' is clicked on

2020-09-08 13:02:03 - [TEST_STEP][PASSED] - setText(findTestObject("FDR-VoucherEntry/InvoiceLine/originalWarrantDate"), Datasheet.getValue("originalWarrantDate", 1)): Text '09/08/2020' is set on object 'Object Repository/FDR-VoucherEntry/InvoiceLine/originalWarrantDate'

2020-09-08 13:02:04 - [MESSAGE][PASSED] - Text '09/08/2020' is set on object 'Object Repository/FDR-VoucherEntry/InvoiceLine/originalWarrantDate'

2020-09-08 13:02:04 - [TEST_STEP][PASSED] - delay(3): Delayed 3 second(s)

2020-09-08 13:02:07 - [MESSAGE][PASSED] - Delayed 3 second(s)

2020-09-08 13:02:07 - [TEST_STEP][PASSED] - click(findTestObject("FDR-VoucherEntry/InvoiceLine/addInvoiceLineButton")): Object: 'Object Repository/FDR-VoucherEntry/InvoiceLine/addInvoiceLineButton' is clicked on

2020-09-08 13:02:07 - [MESSAGE][PASSED] - Object: 'Object Repository/FDR-VoucherEntry/InvoiceLine/addInvoiceLineButton' is clicked on

2020-09-08 13:02:07 - [TEST_STEP][PASSED] - delay(5): Delayed 5 second(s)

2020-09-08 13:02:12 - [MESSAGE][PASSED] - Delayed 5 second(s)

2020-09-08 13:02:12 - [TEST_STEP][PASSED] - if (j == 1): Object: 'Object Repository/FDR-EditVoucher/expandicon1' is clicked on

2020-09-08 13:02:12 - [TEST_STEP][PASSED] - click(findTestObject("Object Repository/FDR-EditVoucher/expandicon1")): Object: 'Object Repository/FDR-EditVoucher/expandicon1' is clicked on

2020-09-08 13:02:12 - [MESSAGE][PASSED] - Object: 'Object Repository/FDR-EditVoucher/expandicon1' is clicked on

2020-09-08 13:02:12 - [TEST_STEP][PASSED] - click(findTestObject("FDR-VoucherEntry/InvoiceLine/invoiceAddlineButton")): Object: 'Object Repository/FDR-VoucherEntry/InvoiceLine/invoiceAddlineButton' is clicked on

2020-09-08 13:02:13 - [MESSAGE][PASSED] - Object: 'Object Repository/FDR-VoucherEntry/InvoiceLine/invoiceAddlineButton' is clicked on

2020-09-08 13:02:13 - [TEST_STEP][PASSED] - click(findTestObject("FDR-VoucherEntry/DistributionLine/serviceDateFrom")): Object: 'Object Repository/FDR-VoucherEntry/DistributionLine/serviceDateFrom' is clicked on

2020-09-08 13:02:14 - [MESSAGE][PASSED] - Object: 'Object Repository/FDR-VoucherEntry/DistributionLine/serviceDateFrom' is clicked on

2020-09-08 13:02:14 - [TEST_STEP][PASSED] - setText(findTestObject("FDR-VoucherEntry/DistributionLine/serviceDateFrom"), Datasheet.getValue("serviceDateFrom", 1)): Text '09/08/2020' is set on object 'Object Repository/FDR-VoucherEntry/DistributionLine/serviceDateFrom'

2020-09-08 13:02:15 - [MESSAGE][PASSED] - Text '09/08/2020' is set on object 'Object Repository/FDR-VoucherEntry/DistributionLine/serviceDateFrom'

2020-09-08 13:02:15 - [TEST_STEP][PASSED] - setText(findTestObject("FDR-VoucherEntry/DistributionLine/serviceDateTo"), Datasheet.getValue("serviceDateTo", 1)): Text '09/08/2020' is set on object 'Object Repository/FDR-VoucherEntry/DistributionLine/serviceDateTo'

2020-09-08 13:02:16 - [MESSAGE][PASSED] - Text '09/08/2020' is set on object 'Object Repository/FDR-VoucherEntry/DistributionLine/serviceDateTo'

2020-09-08 13:02:16 - [TEST_STEP][PASSED] - click(findTestObject("FDR-VoucherEntry/DistributionLine/amount")): Object: 'Object Repository/FDR-VoucherEntry/DistributionLine/amount' is clicked on

2020-09-08 13:02:16 - [MESSAGE][PASSED] - Object: 'Object Repository/FDR-VoucherEntry/DistributionLine/amount' is clicked on

2020-09-08 13:02:16 - [TEST_STEP][PASSED] - setText(findTestObject("FDR-VoucherEntry/DistributionLine/amount"), Datasheet.getValue("amount", 1)): Text '100000' is set on object 'Object Repository/FDR-VoucherEntry/DistributionLine/amount'

2020-09-08 13:02:17 - [MESSAGE][PASSED] - Text '100000' is set on object 'Object Repository/FDR-VoucherEntry/DistributionLine/amount'

2020-09-08 13:02:17 - [TEST_STEP][PASSED] - click(findTestObject("FDR-VoucherEntry/DistributionLine/waiverType")): Object: 'Object Repository/FDR-VoucherEntry/DistributionLine/waiverType' is clicked on

2020-09-08 13:02:18 - [MESSAGE][PASSED] - Object: 'Object Repository/FDR-VoucherEntry/DistributionLine/waiverType' is clicked on

2020-09-08 13:02:18 - [TEST_STEP][PASSED] - setText(findTestObject("FDR-VoucherEntry/DistributionLine/waiverType"), Datasheet.getValue("waiverType", 1)): Text '2020' is set on object 'Object Repository/FDR-VoucherEntry/DistributionLine/waiverType'

2020-09-08 13:02:19 - [MESSAGE][PASSED] - Text '2020' is set on object 'Object Repository/FDR-VoucherEntry/DistributionLine/waiverType'

2020-09-08 13:02:19 - [TEST_STEP][PASSED] - sendKeys(findTestObject("FDR-VoucherEntry/DistributionLine/waiverType"), Keys.chord(DOWN, ENTER)): Keys 'DOWN + ENTER + ' sent to object: 'Object Repository/FDR-VoucherEntry/DistributionLine/waiverType'

2020-09-08 13:02:19 - [MESSAGE][PASSED] - Keys 'DOWN + ENTER + ' sent to object: 'Object Repository/FDR-VoucherEntry/DistributionLine/waiverType'

2020-09-08 13:02:19 - [TEST_STEP][PASSED] - click(findTestObject("FDR-VoucherEntry/DistributionLine/waiverName")): Object: 'Object Repository/FDR-VoucherEntry/DistributionLine/waiverName' is clicked on

2020-09-08 13:02:20 - [MESSAGE][PASSED] - Object: 'Object Repository/FDR-VoucherEntry/DistributionLine/waiverName' is clicked on

2020-09-08 13:02:20 - [TEST_STEP][PASSED] - setText(findTestObject("FDR-VoucherEntry/DistributionLine/waiverName"), Datasheet.getValue("waiverName", 1)): Text 'A-FamilyU TPM/GMC' is set on object 'Object Repository/FDR-VoucherEntry/DistributionLine/waiverName'

2020-09-08 13:02:21 - [MESSAGE][PASSED] - Text 'A-FamilyU TPM/GMC' is set on object 'Object Repository/FDR-VoucherEntry/DistributionLine/waiverName'

2020-09-08 13:02:21 - [TEST_STEP][PASSED] - sendKeys(findTestObject("FDR-VoucherEntry/DistributionLine/waiverName"), Keys.chord(DOWN, ENTER)): Keys 'DOWN + ENTER + ' sent to object: 'Object Repository/FDR-VoucherEntry/DistributionLine/waiverName'

2020-09-08 13:02:21 - [MESSAGE][PASSED] - Keys 'DOWN + ENTER + ' sent to object: 'Object Repository/FDR-VoucherEntry/DistributionLine/waiverName'

2020-09-08 13:02:21 - [TEST_STEP][PASSED] - click(findTestObject("FDR-VoucherEntry/DistributionLine/fundingSource")): Object: 'Object Repository/FDR-VoucherEntry/DistributionLine/fundingSource' is clicked on

2020-09-08 13:02:22 - [MESSAGE][PASSED] - Object: 'Object Repository/FDR-VoucherEntry/DistributionLine/fundingSource' is clicked on

2020-09-08 13:02:22 - [TEST_STEP][PASSED] - setText(findTestObject("FDR-VoucherEntry/DistributionLine/fundingSource"), Datasheet.getValue("fundingSource", 1)): Text 'Dental' is set on object 'Object Repository/FDR-VoucherEntry/DistributionLine/fundingSource'

2020-09-08 13:02:23 - [MESSAGE][PASSED] - Text 'Dental' is set on object 'Object Repository/FDR-VoucherEntry/DistributionLine/fundingSource'

2020-09-08 13:02:23 - [TEST_STEP][PASSED] - sendKeys(findTestObject("FDR-VoucherEntry/DistributionLine/fundingSource"), Keys.chord(DOWN, ENTER)): Keys 'DOWN + ENTER + ' sent to object: 'Object Repository/FDR-VoucherEntry/DistributionLine/fundingSource'

2020-09-08 13:02:23 - [MESSAGE][PASSED] - Keys 'DOWN + ENTER + ' sent to object: 'Object Repository/FDR-VoucherEntry/DistributionLine/fundingSource'

2020-09-08 13:02:23 - [TEST_STEP][PASSED] - click(findTestObject("FDR-VoucherEntry/DistributionLine/fundRatio")): Object: 'Object Repository/FDR-VoucherEntry/DistributionLine/fundRatio' is clicked on

2020-09-08 13:02:24 - [MESSAGE][PASSED] - Object: 'Object Repository/FDR-VoucherEntry/DistributionLine/fundRatio' is clicked on

2020-09-08 13:02:24 - [TEST_STEP][PASSED] - setText(findTestObject("FDR-VoucherEntry/DistributionLine/fundRatio"), Datasheet.getValue("fundRatio", 1)): Text '50/50' is set on object 'Object Repository/FDR-VoucherEntry/DistributionLine/fundRatio'

2020-09-08 13:02:24 - [MESSAGE][PASSED] - Text '50/50' is set on object 'Object Repository/FDR-VoucherEntry/DistributionLine/fundRatio'

2020-09-08 13:02:24 - [TEST_STEP][PASSED] - sendKeys(findTestObject("FDR-VoucherEntry/DistributionLine/fundRatio"), Keys.chord(DOWN, ENTER)): Keys 'DOWN + ENTER + ' sent to object: 'Object Repository/FDR-VoucherEntry/DistributionLine/fundRatio'

2020-09-08 13:02:25 - [MESSAGE][PASSED] - Keys 'DOWN + ENTER + ' sent to object: 'Object Repository/FDR-VoucherEntry/DistributionLine/fundRatio'

2020-09-08 13:02:25 - [TEST_STEP][PASSED] - click(findTestObject("FDR-VoucherEntry/DistributionLine/nonFederalFund")): Object: 'Object Repository/FDR-VoucherEntry/DistributionLine/nonFederalFund' is clicked on

2020-09-08 13:02:26 - [MESSAGE][PASSED] - Object: 'Object Repository/FDR-VoucherEntry/DistributionLine/nonFederalFund' is clicked on

2020-09-08 13:02:26 - [TEST_STEP][PASSED] - setText(findTestObject("FDR-VoucherEntry/DistributionLine/nonFederalFund"), Datasheet.getValue("nonFederalFund", 1)): Text '3158' is set on object 'Object Repository/FDR-VoucherEntry/DistributionLine/nonFederalFund'

2020-09-08 13:02:26 - [MESSAGE][PASSED] - Text '3158' is set on object 'Object Repository/FDR-VoucherEntry/DistributionLine/nonFederalFund'

2020-09-08 13:02:26 - [TEST_STEP][PASSED] - sendKeys(findTestObject("FDR-VoucherEntry/DistributionLine/nonFederalFund"), Keys.chord(DOWN, ENTER)): Keys 'DOWN + ENTER + ' sent to object: 'Object Repository/FDR-VoucherEntry/DistributionLine/nonFederalFund'

2020-09-08 13:02:27 - [MESSAGE][PASSED] - Keys 'DOWN + ENTER + ' sent to object: 'Object Repository/FDR-VoucherEntry/DistributionLine/nonFederalFund'

2020-09-08 13:02:27 - [TEST_STEP][PASSED] - click(findTestObject("FDR-VoucherEntry/DistributionLine/account")): Object: 'Object Repository/FDR-VoucherEntry/DistributionLine/account' is clicked on

2020-09-08 13:02:27 - [MESSAGE][PASSED] - Object: 'Object Repository/FDR-VoucherEntry/DistributionLine/account' is clicked on

2020-09-08 13:02:28 - [TEST_STEP][PASSED] - sendKeys(findTestObject("FDR-VoucherEntry/DistributionLine/account"), Datasheet.getValue("account", 1)): Keys '5442000' sent to object: 'Object Repository/FDR-VoucherEntry/DistributionLine/account'

2020-09-08 13:02:28 - [MESSAGE][PASSED] - Keys '5442000' sent to object: 'Object Repository/FDR-VoucherEntry/DistributionLine/account'

2020-09-08 13:02:28 - [TEST_STEP][PASSED] - sendKeys(findTestObject("FDR-VoucherEntry/DistributionLine/account"), Keys.chord(DOWN, ENTER)): Keys 'DOWN + ENTER + ' sent to object: 'Object Repository/FDR-VoucherEntry/DistributionLine/account'

2020-09-08 13:02:29 - [MESSAGE][PASSED] - Keys 'DOWN + ENTER + ' sent to object: 'Object Repository/FDR-VoucherEntry/DistributionLine/account'

2020-09-08 13:02:29 - [TEST_STEP][PASSED] - click(findTestObject("FDR-VoucherEntry/DistributionLine/altAccount")): Object: 'Object Repository/FDR-VoucherEntry/DistributionLine/altAccount' is clicked on

2020-09-08 13:02:29 - [MESSAGE][PASSED] - Object: 'Object Repository/FDR-VoucherEntry/DistributionLine/altAccount' is clicked on

2020-09-08 13:02:29 - [TEST_STEP][PASSED] - sendKeys(findTestObject("FDR-VoucherEntry/DistributionLine/altAccount"), Datasheet.getValue("altAccount", 1)): Keys '5442000089' sent to object: 'Object Repository/FDR-VoucherEntry/DistributionLine/altAccount'

2020-09-08 13:02:30 - [MESSAGE][PASSED] - Keys '5442000089' sent to object: 'Object Repository/FDR-VoucherEntry/DistributionLine/altAccount'

2020-09-08 13:02:30 - [TEST_STEP][PASSED] - sendKeys(findTestObject("FDR-VoucherEntry/DistributionLine/altAccount"), Keys.chord(DOWN, ENTER)): Keys 'DOWN + ENTER + ' sent to object: 'Object Repository/FDR-VoucherEntry/DistributionLine/altAccount'

2020-09-08 13:02:30 - [MESSAGE][PASSED] - Keys 'DOWN + ENTER + ' sent to object: 'Object Repository/FDR-VoucherEntry/DistributionLine/altAccount'

2020-09-08 13:02:30 - [TEST_STEP][PASSED] - click(findTestObject("FDR-VoucherEntry/DistributionLine/serviceCategory")): Object: 'Object Repository/FDR-VoucherEntry/DistributionLine/serviceCategory' is clicked on

2020-09-08 13:02:31 - [MESSAGE][PASSED] - Object: 'Object Repository/FDR-VoucherEntry/DistributionLine/serviceCategory' is clicked on

2020-09-08 13:02:31 - [TEST_STEP][PASSED] - sendKeys(findTestObject("FDR-VoucherEntry/DistributionLine/serviceCategory"), Datasheet.getValue("serviceCategory", 1)): Keys '18B1' sent to object: 'Object Repository/FDR-VoucherEntry/DistributionLine/serviceCategory'

2020-09-08 13:02:31 - [MESSAGE][PASSED] - Keys '18B1' sent to object: 'Object Repository/FDR-VoucherEntry/DistributionLine/serviceCategory'

2020-09-08 13:02:31 - [TEST_STEP][PASSED] - sendKeys(findTestObject("FDR-VoucherEntry/DistributionLine/serviceCategory"), Keys.chord(DOWN, ENTER)): Keys 'DOWN + ENTER + ' sent to object: 'Object Repository/FDR-VoucherEntry/DistributionLine/serviceCategory'

2020-09-08 13:02:32 - [MESSAGE][PASSED] - Keys 'DOWN + ENTER + ' sent to object: 'Object Repository/FDR-VoucherEntry/DistributionLine/serviceCategory'

2020-09-08 13:02:32 - [TEST_STEP][PASSED] - click(findTestObject("FDR-VoucherEntry/DistributionLine/incDecLine")): Object: 'Object Repository/FDR-VoucherEntry/DistributionLine/incDecLine' is clicked on

2020-09-08 13:02:32 - [MESSAGE][PASSED] - Object: 'Object Repository/FDR-VoucherEntry/DistributionLine/incDecLine' is clicked on

2020-09-08 13:02:32 - [TEST_STEP][PASSED] - sendKeys(findTestObject("FDR-VoucherEntry/DistributionLine/incDecLine"), Datasheet.getValue("incDecLine", 1)): Keys '1: New (service Period is current quarter and never been claimed)' sent to object: 'Object Repository/FDR-VoucherEntry/DistributionLine/incDecLine'

2020-09-08 13:02:33 - [MESSAGE][PASSED] - Keys '1: New (service Period is current quarter and never been claimed)' sent to object: 'Object Repository/FDR-VoucherEntry/DistributionLine/incDecLine'

2020-09-08 13:02:33 - [TEST_STEP][PASSED] - sendKeys(findTestObject("FDR-VoucherEntry/DistributionLine/incDecLine"), Keys.chord(DOWN, ENTER)): Keys 'DOWN + ENTER + ' sent to object: 'Object Repository/FDR-VoucherEntry/DistributionLine/incDecLine'

2020-09-08 13:02:33 - [MESSAGE][PASSED] - Keys 'DOWN + ENTER + ' sent to object: 'Object Repository/FDR-VoucherEntry/DistributionLine/incDecLine'

2020-09-08 13:02:33 - [TEST_STEP][PASSED] - click(findTestObject("FDR-VoucherEntry/DistributionLine/index")): Object: 'Object Repository/FDR-VoucherEntry/DistributionLine/index' is clicked on

2020-09-08 13:02:34 - [MESSAGE][PASSED] - Object: 'Object Repository/FDR-VoucherEntry/DistributionLine/index' is clicked on

2020-09-08 13:02:34 - [TEST_STEP][PASSED] - sendKeys(findTestObject("FDR-VoucherEntry/DistributionLine/index"), Datasheet.getValue("index", 1)): Keys '1155' sent to object: 'Object Repository/FDR-VoucherEntry/DistributionLine/index'

2020-09-08 13:02:34 - [MESSAGE][PASSED] - Keys '1155' sent to object: 'Object Repository/FDR-VoucherEntry/DistributionLine/index'

2020-09-08 13:02:34 - [TEST_STEP][PASSED] - sendKeys(findTestObject("FDR-VoucherEntry/DistributionLine/index"), Keys.chord(DOWN, ENTER)): Keys 'DOWN + ENTER + ' sent to object: 'Object Repository/FDR-VoucherEntry/DistributionLine/index'

2020-09-08 13:02:35 - [MESSAGE][PASSED] - Keys 'DOWN + ENTER + ' sent to object: 'Object Repository/FDR-VoucherEntry/DistributionLine/index'

2020-09-08 13:02:35 - [TEST_STEP][PASSED] - click(findTestObject("FDR-VoucherEntry/DistributionLine/ServiceLocation")): Object: 'Object Repository/FDR-VoucherEntry/DistributionLine/ServiceLocation' is clicked on

2020-09-08 13:02:35 - [MESSAGE][PASSED] - Object: 'Object Repository/FDR-VoucherEntry/DistributionLine/ServiceLocation' is clicked on

2020-09-08 13:02:35 - [TEST_STEP][PASSED] - sendKeys(findTestObject("FDR-VoucherEntry/DistributionLine/ServiceLocation"), Datasheet.getValue("ServiceLocation", 1)): Keys '12345' sent to object: 'Object Repository/FDR-VoucherEntry/DistributionLine/ServiceLocation'

2020-09-08 13:02:36 - [MESSAGE][PASSED] - Keys '12345' sent to object: 'Object Repository/FDR-VoucherEntry/DistributionLine/ServiceLocation'

2020-09-08 13:02:36 - [TEST_STEP][PASSED] - sendKeys(findTestObject("FDR-VoucherEntry/DistributionLine/ServiceLocation"), Keys.chord(DOWN, ENTER)): Keys 'DOWN + ENTER + ' sent to object: 'Object Repository/FDR-VoucherEntry/DistributionLine/ServiceLocation'

2020-09-08 13:02:37 - [MESSAGE][PASSED] - Keys 'DOWN + ENTER + ' sent to object: 'Object Repository/FDR-VoucherEntry/DistributionLine/ServiceLocation'

2020-09-08 13:02:37 - [TEST_STEP][PASSED] - click(findTestObject("Object Repository/FDR-VoucherEntry/DistributionLine/addSaveButton")): Object: 'Object Repository/FDR-VoucherEntry/DistributionLine/addSaveButton' is clicked on

2020-09-08 13:02:37 - [MESSAGE][PASSED] - Object: 'Object Repository/FDR-VoucherEntry/DistributionLine/addSaveButton' is clicked on

2020-09-08 13:02:37 - [TEST_STEP][PASSED] - processorVoucherNumber = getText(findTestObject("FDR-VoucherEntry/VoucherHeader/voucherNum")): Text of object 'Object Repository/FDR-VoucherEntry/VoucherHeader/voucherNum' is: 'CAP00000148'

2020-09-08 13:02:39 - [MESSAGE][PASSED] - Text of object 'Object Repository/FDR-VoucherEntry/VoucherHeader/voucherNum' is: 'CAP00000148'

2020-09-08 13:02:39 - [TEST_STEP][PASSED] - delay(2): Delayed 2 second(s)

2020-09-08 13:02:41 - [MESSAGE][PASSED] - Delayed 2 second(s)

2020-09-08 13:02:41 - [TEST_STEP][PASSED] - click(findTestObject("Object Repository/FDR-Vouchers-States/Resume/reviewButton")): Object: 'Object Repository/FDR-Vouchers-States/Resume/reviewButton' is clicked on

2020-09-08 13:02:41 - [MESSAGE][PASSED] - Object: 'Object Repository/FDR-Vouchers-States/Resume/reviewButton' is clicked on

2020-09-08 13:02:41 - [TEST_STEP][PASSED] - click(findTestObject("Object Repository/FDR-Vouchers-States/Resume/submitForApproval")): Object: 'Object Repository/FDR-Vouchers-States/Resume/submitForApproval' is clicked on

2020-09-08 13:02:42 - [MESSAGE][PASSED] - Object: 'Object Repository/FDR-Vouchers-States/Resume/submitForApproval' is clicked on

2020-09-08 13:02:42 - [TEST_STEP][PASSED] - commonFunctions.selectRole("accountsPayableApprover"): Object 'Object Repository/FDR-VoucherEntry/VoucherHeader/reviewButton' is not present after 2 second(s)

2020-09-08 13:02:45 - [MESSAGE][INFO] - Unable to find the element located by 'By.xpath: //*[@data-id='action-button']//*[contains(text(),'Review')]'. Please recheck the objects properties to make sure the desired element is located. 

2020-09-08 13:02:45 - [MESSAGE][WARNING] - Object 'Object Repository/FDR-VoucherEntry/VoucherHeader/reviewButton' is not present after 2 second(s)

2020-09-08 13:02:46 - [MESSAGE][PASSED] - Object: 'Object Repository/FDR-SuperUser-Dashboard/userExpandButton' is clicked on

2020-09-08 13:02:49 - [MESSAGE][INFO] - Unable to find the element located by 'By.xpath: //*[@data-id='action-button']//*[contains(text(),'Review')]'. Please recheck the objects properties to make sure the desired element is located. 

2020-09-08 13:02:49 - [MESSAGE][WARNING] - Object 'Object Repository/FDR-VoucherEntry/VoucherHeader/reviewButton' is not present after 2 second(s)

2020-09-08 13:02:49 - [MESSAGE][PASSED] - Object: 'Object Repository/FDR-SuperUser-Dashboard/accountsPayableApprover' is clicked on

2020-09-08 13:02:52 - [MESSAGE][INFO] - Unable to find the element located by 'By.xpath: //*[@data-id='action-button']//*[contains(text(),'Review')]'. Please recheck the objects properties to make sure the desired element is located. 

2020-09-08 13:02:52 - [MESSAGE][WARNING] - Object 'Object Repository/FDR-VoucherEntry/VoucherHeader/reviewButton' is not present after 2 second(s)

2020-09-08 13:02:52 - [TEST_STEP][PASSED] - delay(2): Delayed 2 second(s)

2020-09-08 13:02:54 - [MESSAGE][PASSED] - Delayed 2 second(s)

2020-09-08 13:02:54 - [TEST_STEP][PASSED] - click(findTestObject("FDR-Dashboard/Filters/validateFilterButton")): Object: 'Object Repository/FDR-Dashboard/Filters/validateFilterButton' is clicked on

2020-09-08 13:02:55 - [MESSAGE][PASSED] - Object: 'Object Repository/FDR-Dashboard/Filters/validateFilterButton' is clicked on

2020-09-08 13:02:55 - [TEST_STEP][PASSED] - delay(20): Delayed 20 second(s)

2020-09-08 13:03:15 - [MESSAGE][PASSED] - Delayed 20 second(s)

2020-09-08 13:03:15 - [TEST_STEP][PASSED] - delay(3): Delayed 3 second(s)

2020-09-08 13:03:18 - [MESSAGE][PASSED] - Delayed 3 second(s)

2020-09-08 13:03:18 - [TEST_STEP][PASSED] - click(findTestObject("FDR-VoucherEntry/InvoiceLine/invoiceLineExpandButton")): Object: 'Object Repository/FDR-VoucherEntry/InvoiceLine/invoiceLineExpandButton' is clicked on

2020-09-08 13:03:18 - [MESSAGE][PASSED] - Object: 'Object Repository/FDR-VoucherEntry/InvoiceLine/invoiceLineExpandButton' is clicked on

2020-09-08 13:03:18 - [TEST_STEP][PASSED] - waitForElementPresent(findTestObject("FDR-EditVoucher/DLHover"), 3): Object 'Object Repository/FDR-EditVoucher/DLHover' is present

2020-09-08 13:03:19 - [MESSAGE][PASSED] - Object 'Object Repository/FDR-EditVoucher/DLHover' is present

2020-09-08 13:03:19 - [TEST_STEP][PASSED] - mouseOver(findTestObject("FDR-EditVoucher/DLHover")): Object: 'Object Repository/FDR-EditVoucher/DLHover' is hovered

2020-09-08 13:03:19 - [MESSAGE][PASSED] - Object: 'Object Repository/FDR-EditVoucher/DLHover' is hovered

2020-09-08 13:03:19 - [TEST_STEP][PASSED] - waitForElementPresent(findTestObject("FDR-EditVoucher/DLEditIcon"), 3): Object 'Object Repository/FDR-EditVoucher/DLEditIcon' is present

2020-09-08 13:03:19 - [MESSAGE][PASSED] - Object 'Object Repository/FDR-EditVoucher/DLEditIcon' is present

2020-09-08 13:03:19 - [TEST_STEP][PASSED] - click(findTestObject("FDR-EditVoucher/DLEditIcon")): Object: 'Object Repository/FDR-EditVoucher/DLEditIcon' is clicked on

2020-09-08 13:03:20 - [MESSAGE][PASSED] - Object: 'Object Repository/FDR-EditVoucher/DLEditIcon' is clicked on

2020-09-08 13:03:20 - [TEST_STEP][PASSED] - click(findTestObject("FDR-Vouchers-States/Validate/Reject/RejectDistributionLine/DLRejectClick")): Object: 'Object Repository/FDR-Vouchers-States/Validate/Reject/RejectDistributionLine/DLRejectClick' is clicked on

2020-09-08 13:03:20 - [MESSAGE][PASSED] - Object: 'Object Repository/FDR-Vouchers-States/Validate/Reject/RejectDistributionLine/DLRejectClick' is clicked on

2020-09-08 13:03:20 - [TEST_STEP][PASSED] - click(findTestObject("FDR-Vouchers-States/Validate/Reject/RejectDistributionLine/rejectDistributionLine")): Object: 'Object Repository/FDR-Vouchers-States/Validate/Reject/RejectDistributionLine/rejectDistributionLine' is clicked on

2020-09-08 13:03:21 - [MESSAGE][PASSED] - Object: 'Object Repository/FDR-Vouchers-States/Validate/Reject/RejectDistributionLine/rejectDistributionLine' is clicked on

2020-09-08 13:03:21 - [TEST_STEP][PASSED] - click(findTestObject("FDR-Vouchers-States/Validate/Reject/RejectDistributionLine/spanIncorrectFundRatio")): Object: 'Object Repository/FDR-Vouchers-States/Validate/Reject/RejectDistributionLine/spanIncorrectFundRatio' is clicked on

2020-09-08 13:03:21 - [MESSAGE][PASSED] - Object: 'Object Repository/FDR-Vouchers-States/Validate/Reject/RejectDistributionLine/spanIncorrectFundRatio' is clicked on

2020-09-08 13:03:21 - [TEST_STEP][PASSED] - click(findTestObject("FDR-Vouchers-States/Validate/Reject/RejectDistributionLine/spanIncorrectDistributionLine")): Object: 'Object Repository/FDR-Vouchers-States/Validate/Reject/RejectDistributionLine/spanIncorrectDistributionLine' is clicked on

2020-09-08 13:03:22 - [MESSAGE][PASSED] - Object: 'Object Repository/FDR-Vouchers-States/Validate/Reject/RejectDistributionLine/spanIncorrectDistributionLine' is clicked on

2020-09-08 13:03:22 - [TEST_STEP][PASSED] - setText(findTestObject("Object Repository/FDR-Dashboard/DashBoard Validation/Notes"), "Distribution Line Reject Notes Here"): Text 'Distribution Line Reject Notes Here' is set on object 'Object Repository/FDR-Dashboard/DashBoard Validation/Notes'

2020-09-08 13:03:23 - [MESSAGE][PASSED] - Text 'Distribution Line Reject Notes Here' is set on object 'Object Repository/FDR-Dashboard/DashBoard Validation/Notes'

2020-09-08 13:03:23 - [TEST_STEP][PASSED] - click(findTestObject("FDR-Vouchers-States/Validate/Reject/RejectDistributionLine/rejectDistributionLine")): Object: 'Object Repository/FDR-Vouchers-States/Validate/Reject/RejectDistributionLine/rejectDistributionLine' is clicked on

2020-09-08 13:03:24 - [MESSAGE][PASSED] - Object: 'Object Repository/FDR-Vouchers-States/Validate/Reject/RejectDistributionLine/rejectDistributionLine' is clicked on

2020-09-08 13:03:24 - [TEST_STEP][PASSED] - click(findTestObject("FDR-VoucherEntry/InvoiceLine/invoiceLineExpandButton")): Object: 'Object Repository/FDR-VoucherEntry/InvoiceLine/invoiceLineExpandButton' is clicked on

2020-09-08 13:03:25 - [MESSAGE][PASSED] - Object: 'Object Repository/FDR-VoucherEntry/InvoiceLine/invoiceLineExpandButton' is clicked on

2020-09-08 13:03:25 - [TEST_STEP][PASSED] - waitForElementPresent(findTestObject("FDR-Dashboard/createNewVoucherButton"), 1): Object 'Object Repository/FDR-Dashboard/createNewVoucherButton' is not present after 1 second(s)

2020-09-08 13:03:27 - [MESSAGE][INFO] - Unable to find the element located by 'By.xpath: //*[@data-id='button-link']//*[contains(text(),'Create New Voucher')]'. Please recheck the objects properties to make sure the desired element is located. 

2020-09-08 13:03:27 - [MESSAGE][WARNING] - Object 'Object Repository/FDR-Dashboard/createNewVoucherButton' is not present after 1 second(s)

2020-09-08 13:03:27 - [TEST_STEP][PASSED] - mouseOver(findTestObject("FDR-EditVoucher/invoiceHover")): Object: 'Object Repository/FDR-EditVoucher/invoiceHover' is hovered

2020-09-08 13:03:27 - [MESSAGE][PASSED] - Object: 'Object Repository/FDR-EditVoucher/invoiceHover' is hovered

2020-09-08 13:03:27 - [TEST_STEP][PASSED] - click(findTestObject("FDR-EditVoucher/voucherLineEditIcon")): Object: 'Object Repository/FDR-EditVoucher/voucherLineEditIcon' is clicked on

2020-09-08 13:03:28 - [MESSAGE][PASSED] - Object: 'Object Repository/FDR-EditVoucher/voucherLineEditIcon' is clicked on

2020-09-08 13:03:28 - [TEST_STEP][PASSED] - waitForElementPresent(findTestObject("FDR-Dashboard/createNewVoucherButton"), 1): Object 'Object Repository/FDR-Dashboard/createNewVoucherButton' is not present after 1 second(s)

2020-09-08 13:03:30 - [MESSAGE][INFO] - Unable to find the element located by 'By.xpath: //*[@data-id='button-link']//*[contains(text(),'Create New Voucher')]'. Please recheck the objects properties to make sure the desired element is located. 

2020-09-08 13:03:30 - [MESSAGE][WARNING] - Object 'Object Repository/FDR-Dashboard/createNewVoucherButton' is not present after 1 second(s)

2020-09-08 13:03:30 - [TEST_STEP][PASSED] - click(findTestObject("FDR-Vouchers-States/Validate/Reject/RejectDistributionLine/DLRejectClick")): Object: 'Object Repository/FDR-Vouchers-States/Validate/Reject/RejectDistributionLine/DLRejectClick' is clicked on

2020-09-08 13:03:30 - [MESSAGE][PASSED] - Object: 'Object Repository/FDR-Vouchers-States/Validate/Reject/RejectDistributionLine/DLRejectClick' is clicked on

2020-09-08 13:03:30 - [TEST_STEP][PASSED] - click(findTestObject("FDR-Vouchers-States/Validate/Reject/RejectVoucherLine/spanIncorrectInvoiceNum")): Object: 'Object Repository/FDR-Vouchers-States/Validate/Reject/RejectVoucherLine/spanIncorrectInvoiceNum' is clicked on

2020-09-08 13:03:31 - [MESSAGE][PASSED] - Object: 'Object Repository/FDR-Vouchers-States/Validate/Reject/RejectVoucherLine/spanIncorrectInvoiceNum' is clicked on

2020-09-08 13:03:31 - [TEST_STEP][PASSED] - waitForElementPresent(findTestObject("FDR-Dashboard/createNewVoucherButton"), 1): Object 'Object Repository/FDR-Dashboard/createNewVoucherButton' is not present after 1 second(s)

2020-09-08 13:03:33 - [MESSAGE][INFO] - Unable to find the element located by 'By.xpath: //*[@data-id='button-link']//*[contains(text(),'Create New Voucher')]'. Please recheck the objects properties to make sure the desired element is located. 

2020-09-08 13:03:33 - [MESSAGE][WARNING] - Object 'Object Repository/FDR-Dashboard/createNewVoucherButton' is not present after 1 second(s)

2020-09-08 13:03:33 - [TEST_STEP][PASSED] - click(findTestObject("FDR-Vouchers-States/Validate/Reject/RejectVoucherLine/spanIncorrectInvoiceAmount")): Object: 'Object Repository/FDR-Vouchers-States/Validate/Reject/RejectVoucherLine/spanIncorrectInvoiceAmount' is clicked on

2020-09-08 13:03:34 - [MESSAGE][PASSED] - Object: 'Object Repository/FDR-Vouchers-States/Validate/Reject/RejectVoucherLine/spanIncorrectInvoiceAmount' is clicked on

2020-09-08 13:03:34 - [TEST_STEP][PASSED] - setText(findTestObject("Object Repository/FDR-Dashboard/DashBoard Validation/Notes"), "Invoice Reject Notes Here"): Text 'Invoice Reject Notes Here' is set on object 'Object Repository/FDR-Dashboard/DashBoard Validation/Notes'

2020-09-08 13:03:35 - [MESSAGE][PASSED] - Text 'Invoice Reject Notes Here' is set on object 'Object Repository/FDR-Dashboard/DashBoard Validation/Notes'

2020-09-08 13:03:35 - [TEST_STEP][PASSED] - click(findTestObject("FDR-Vouchers-States/Validate/Reject/RejectVoucherLine/rejectInvoiceLine")): Object: 'Object Repository/FDR-Vouchers-States/Validate/Reject/RejectVoucherLine/rejectInvoiceLine' is clicked on

2020-09-08 13:03:35 - [MESSAGE][PASSED] - Object: 'Object Repository/FDR-Vouchers-States/Validate/Reject/RejectVoucherLine/rejectInvoiceLine' is clicked on

2020-09-08 13:03:35 - [TEST_STEP][PASSED] - waitForElementPresent(findTestObject("FDR-Dashboard/createNewVoucherButton"), 2): Object 'Object Repository/FDR-Dashboard/createNewVoucherButton' is not present after 2 second(s)

2020-09-08 13:03:39 - [MESSAGE][INFO] - Unable to find the element located by 'By.xpath: //*[@data-id='button-link']//*[contains(text(),'Create New Voucher')]'. Please recheck the objects properties to make sure the desired element is located. 

2020-09-08 13:03:39 - [MESSAGE][WARNING] - Object 'Object Repository/FDR-Dashboard/createNewVoucherButton' is not present after 2 second(s)

2020-09-08 13:03:39 - [TEST_STEP][PASSED] - click(findTestObject("FDR-Vouchers-States/Validate/Reject/rejectButton")): Object: 'Object Repository/FDR-Vouchers-States/Validate/Reject/rejectButton' is clicked on

2020-09-08 13:03:39 - [MESSAGE][PASSED] - Object: 'Object Repository/FDR-Vouchers-States/Validate/Reject/rejectButton' is clicked on

2020-09-08 13:03:39 - [TEST_STEP][PASSED] - check(findTestObject("FDR-Vouchers-States/Validate/Reject/RejectVoucher/spanDrawDate")): Object 'Object Repository/FDR-Vouchers-States/Validate/Reject/RejectVoucher/spanDrawDate' is checked

2020-09-08 13:03:39 - [MESSAGE][PASSED] - Object 'Object Repository/FDR-Vouchers-States/Validate/Reject/RejectVoucher/spanDrawDate' is checked

2020-09-08 13:03:39 - [TEST_STEP][PASSED] - check(findTestObject("FDR-Vouchers-States/Validate/Reject/RejectVoucher/spanPayDate")): Object 'Object Repository/FDR-Vouchers-States/Validate/Reject/RejectVoucher/spanPayDate' is checked

2020-09-08 13:03:40 - [MESSAGE][PASSED] - Object 'Object Repository/FDR-Vouchers-States/Validate/Reject/RejectVoucher/spanPayDate' is checked

2020-09-08 13:03:40 - [TEST_STEP][PASSED] - setText(findTestObject("FDR-Vouchers-States/Validate/Reject/RejectVoucher/Notes"), "Voucher Reject Notes"): Text 'Voucher Reject Notes' is set on object 'Object Repository/FDR-Vouchers-States/Validate/Reject/RejectVoucher/Notes'

2020-09-08 13:03:41 - [MESSAGE][PASSED] - Text 'Voucher Reject Notes' is set on object 'Object Repository/FDR-Vouchers-States/Validate/Reject/RejectVoucher/Notes'

2020-09-08 13:03:41 - [TEST_STEP][PASSED] - check(findTestObject("FDR-Vouchers-States/Validate/Reject/RejectVoucher/rejectVoucherButton")): Object 'Object Repository/FDR-Vouchers-States/Validate/Reject/RejectVoucher/rejectVoucherButton' is checked

2020-09-08 13:03:42 - [MESSAGE][PASSED] - Object 'Object Repository/FDR-Vouchers-States/Validate/Reject/RejectVoucher/rejectVoucherButton' is checked

2020-09-08 13:03:42 - [TEST_STEP][PASSED] - click(findTestObject("FDR-Dashboard/Filters/clearFilterButton")): Object: 'Object Repository/FDR-Dashboard/Filters/clearFilterButton' is clicked on

2020-09-08 13:03:43 - [MESSAGE][PASSED] - Object: 'Object Repository/FDR-Dashboard/Filters/clearFilterButton' is clicked on

2020-09-08 13:03:43 - [TEST_STEP][PASSED] - commonFunctions.selectRole("accountsPayableProcessor"): Object 'Object Repository/FDR-VoucherEntry/VoucherHeader/reviewButton' is not present after 2 second(s)

2020-09-08 13:03:46 - [MESSAGE][INFO] - Unable to find the element located by 'By.xpath: //*[@data-id='action-button']//*[contains(text(),'Review')]'. Please recheck the objects properties to make sure the desired element is located. 

2020-09-08 13:03:46 - [MESSAGE][WARNING] - Object 'Object Repository/FDR-VoucherEntry/VoucherHeader/reviewButton' is not present after 2 second(s)

2020-09-08 13:03:46 - [MESSAGE][PASSED] - Object: 'Object Repository/FDR-SuperUser-Dashboard/userExpandButton' is clicked on

2020-09-08 13:03:49 - [MESSAGE][INFO] - Unable to find the element located by 'By.xpath: //*[@data-id='action-button']//*[contains(text(),'Review')]'. Please recheck the objects properties to make sure the desired element is located. 

2020-09-08 13:03:49 - [MESSAGE][WARNING] - Object 'Object Repository/FDR-VoucherEntry/VoucherHeader/reviewButton' is not present after 2 second(s)

2020-09-08 13:03:50 - [MESSAGE][PASSED] - Object: 'Object Repository/FDR-SuperUser-Dashboard/accountsPayableProcessor' is clicked on

2020-09-08 13:03:53 - [MESSAGE][INFO] - Unable to find the element located by 'By.xpath: //*[@data-id='action-button']//*[contains(text(),'Review')]'. Please recheck the objects properties to make sure the desired element is located. 

2020-09-08 13:03:53 - [MESSAGE][WARNING] - Object 'Object Repository/FDR-VoucherEntry/VoucherHeader/reviewButton' is not present after 2 second(s)

2020-09-08 13:03:53 - [TEST_STEP][PASSED] - delay(3): Delayed 3 second(s)

2020-09-08 13:03:56 - [MESSAGE][PASSED] - Delayed 3 second(s)

2020-09-08 13:03:56 - [TEST_STEP][PASSED] - click(findTestObject("FDR-Dashboard/Filters/fixFilterButton")): Object: 'Object Repository/FDR-Dashboard/Filters/fixFilterButton' is clicked on

2020-09-08 13:03:56 - [MESSAGE][PASSED] - Object: 'Object Repository/FDR-Dashboard/Filters/fixFilterButton' is clicked on

2020-09-08 13:03:56 - [TEST_STEP][PASSED] - delay(12): Delayed 12 second(s)

2020-09-08 13:04:08 - [MESSAGE][PASSED] - Delayed 12 second(s)

2020-09-08 13:04:08 - [TEST_STEP][FAILED] - click(findTestObject("FDR-VoucherEntry/InvoiceLine/invoiceLineExpandButton")): Unable to click on object 'Object Repository/FDR-VoucherEntry/InvoiceLine/invoiceLineExpandButton' (Root cause: com.kms.katalon.core.exception.StepFailedException: Unable to click on object 'Object Repository/FDR-VoucherEntry/InvoiceLine/invoiceLineExpandButton'
	at com.kms.katalon.core.webui.keyword.internal.WebUIKeywordMain.stepFailed(WebUIKeywordMain.groovy:64)
	at com.kms.katalon.core.webui.keyword.internal.WebUIKeywordMain.runKeyword(WebUIKeywordMain.groovy:26)
	at com.kms.katalon.core.webui.keyword.builtin.ClickKeyword.click(ClickKeyword.groovy:76)
	at com.kms.katalon.core.webui.keyword.builtin.ClickKeyword.execute(ClickKeyword.groovy:43)
	at com.kms.katalon.core.keyword.internal.KeywordExecutor.executeKeywordForPlatform(KeywordExecutor.groovy:73)
	at com.kms.katalon.core.webui.keyword.WebUiBuiltInKeywords.click(WebUiBuiltInKeywords.groovy:616)
	at com.kms.katalon.core.webui.keyword.WebUiBuiltInKeywords$click$5.call(Unknown Source)
	at FDR-END_2_END_Voucher_Reject.run(FDR-END_2_END_Voucher_Reject:296)
	at com.kms.katalon.core.main.ScriptEngine.run(ScriptEngine.java:194)
	at com.kms.katalon.core.main.ScriptEngine.runScriptAsRawText(ScriptEngine.java:119)
	at com.kms.katalon.core.main.TestCaseExecutor.runScript(TestCaseExecutor.java:339)
	at com.kms.katalon.core.main.TestCaseExecutor.doExecute(TestCaseExecutor.java:330)
	at com.kms.katalon.core.main.TestCaseExecutor.processExecutionPhase(TestCaseExecutor.java:309)
	at com.kms.katalon.core.main.TestCaseExecutor.accessMainPhase(TestCaseExecutor.java:301)
	at com.kms.katalon.core.main.TestCaseExecutor.execute(TestCaseExecutor.java:235)
	at com.kms.katalon.core.main.TestSuiteExecutor.accessTestCaseMainPhase(TestSuiteExecutor.java:191)
	at com.kms.katalon.core.main.TestSuiteExecutor.accessTestSuiteMainPhase(TestSuiteExecutor.java:141)
	at com.kms.katalon.core.main.TestSuiteExecutor.execute(TestSuiteExecutor.java:90)
	at com.kms.katalon.core.main.TestCaseMain.startTestSuite(TestCaseMain.java:157)
	at com.kms.katalon.core.main.TestCaseMain$startTestSuite$0.call(Unknown Source)
	at TempTestSuite1599594670457.run(TempTestSuite1599594670457.groovy:39)
Caused by: com.kms.katalon.core.webui.exception.WebElementNotFoundException: Web element with id: 'Object Repository/FDR-VoucherEntry/InvoiceLine/invoiceLineExpandButton' located by '(//*[contains(@class,'MuiExpansionPanel-root')])[1]//*[contains(@class,'expandIcon')]' not found
	at com.kms.katalon.core.webui.common.WebUiCommonHelper.findWebElement(WebUiCommonHelper.java:1368)
	at com.kms.katalon.core.webui.keyword.internal.WebUIAbstractKeyword.findWebElement(WebUIAbstractKeyword.groovy:27)
	at com.kms.katalon.core.webui.keyword.internal.WebUIAbstractKeyword.findWebElement(WebUIAbstractKeyword.groovy:26)
	at com.kms.katalon.core.webui.keyword.builtin.ClickKeyword$_click_closure1.doCall(ClickKeyword.groovy:67)
	at com.kms.katalon.core.webui.keyword.builtin.ClickKeyword$_click_closure1.call(ClickKeyword.groovy)
	at com.kms.katalon.core.webui.keyword.internal.WebUIKeywordMain.runKeyword(WebUIKeywordMain.groovy:20)
	at com.kms.katalon.core.webui.keyword.builtin.ClickKeyword.click(ClickKeyword.groovy:76)
	at com.kms.katalon.core.webui.keyword.builtin.ClickKeyword.execute(ClickKeyword.groovy:43)
	at com.kms.katalon.core.keyword.internal.KeywordExecutor.executeKeywordForPlatform(KeywordExecutor.groovy:73)
	at com.kms.katalon.core.webui.keyword.WebUiBuiltInKeywords.click(WebUiBuiltInKeywords.groovy:616)
	at com.kms.katalon.core.webui.keyword.WebUiBuiltInKeywords$click$5.call(Unknown Source)
	at Script1598478507206.run(Script1598478507206.groovy:296)
	... 13 more
)

2020-09-08 13:04:12 - [MESSAGE][INFO] - Unable to find the element located by 'By.xpath: (//*[contains(@class,'MuiExpansionPanel-root')])[1]//*[contains(@class,'expandIcon')]'. Please recheck the objects properties to make sure the desired element is located. 

2020-09-08 13:04:13 - [MESSAGE][FAILED] - Unable to click on object 'Object Repository/FDR-VoucherEntry/InvoiceLine/invoiceLineExpandButton' (Root cause: com.kms.katalon.core.exception.StepFailedException: Unable to click on object 'Object Repository/FDR-VoucherEntry/InvoiceLine/invoiceLineExpandButton'
	at com.kms.katalon.core.webui.keyword.internal.WebUIKeywordMain.stepFailed(WebUIKeywordMain.groovy:64)
	at com.kms.katalon.core.webui.keyword.internal.WebUIKeywordMain.runKeyword(WebUIKeywordMain.groovy:26)
	at com.kms.katalon.core.webui.keyword.builtin.ClickKeyword.click(ClickKeyword.groovy:76)
	at com.kms.katalon.core.webui.keyword.builtin.ClickKeyword.execute(ClickKeyword.groovy:43)
	at com.kms.katalon.core.keyword.internal.KeywordExecutor.executeKeywordForPlatform(KeywordExecutor.groovy:73)
	at com.kms.katalon.core.webui.keyword.WebUiBuiltInKeywords.click(WebUiBuiltInKeywords.groovy:616)
	at com.kms.katalon.core.webui.keyword.WebUiBuiltInKeywords$click$5.call(Unknown Source)
	at FDR-END_2_END_Voucher_Reject.run(FDR-END_2_END_Voucher_Reject:296)
	at com.kms.katalon.core.main.ScriptEngine.run(ScriptEngine.java:194)
	at com.kms.katalon.core.main.ScriptEngine.runScriptAsRawText(ScriptEngine.java:119)
	at com.kms.katalon.core.main.TestCaseExecutor.runScript(TestCaseExecutor.java:339)
	at com.kms.katalon.core.main.TestCaseExecutor.doExecute(TestCaseExecutor.java:330)
	at com.kms.katalon.core.main.TestCaseExecutor.processExecutionPhase(TestCaseExecutor.java:309)
	at com.kms.katalon.core.main.TestCaseExecutor.accessMainPhase(TestCaseExecutor.java:301)
	at com.kms.katalon.core.main.TestCaseExecutor.execute(TestCaseExecutor.java:235)
	at com.kms.katalon.core.main.TestSuiteExecutor.accessTestCaseMainPhase(TestSuiteExecutor.java:191)
	at com.kms.katalon.core.main.TestSuiteExecutor.accessTestSuiteMainPhase(TestSuiteExecutor.java:141)
	at com.kms.katalon.core.main.TestSuiteExecutor.execute(TestSuiteExecutor.java:90)
	at com.kms.katalon.core.main.TestCaseMain.startTestSuite(TestCaseMain.java:157)
	at com.kms.katalon.core.main.TestCaseMain$startTestSuite$0.call(Unknown Source)
	at TempTestSuite1599594670457.run(TempTestSuite1599594670457.groovy:39)
Caused by: com.kms.katalon.core.webui.exception.WebElementNotFoundException: Web element with id: 'Object Repository/FDR-VoucherEntry/InvoiceLine/invoiceLineExpandButton' located by '(//*[contains(@class,'MuiExpansionPanel-root')])[1]//*[contains(@class,'expandIcon')]' not found
	at com.kms.katalon.core.webui.common.WebUiCommonHelper.findWebElement(WebUiCommonHelper.java:1368)
	at com.kms.katalon.core.webui.keyword.internal.WebUIAbstractKeyword.findWebElement(WebUIAbstractKeyword.groovy:27)
	at com.kms.katalon.core.webui.keyword.internal.WebUIAbstractKeyword.findWebElement(WebUIAbstractKeyword.groovy:26)
	at com.kms.katalon.core.webui.keyword.builtin.ClickKeyword$_click_closure1.doCall(ClickKeyword.groovy:67)
	at com.kms.katalon.core.webui.keyword.builtin.ClickKeyword$_click_closure1.call(ClickKeyword.groovy)
	at com.kms.katalon.core.webui.keyword.internal.WebUIKeywordMain.runKeyword(WebUIKeywordMain.groovy:20)
	at com.kms.katalon.core.webui.keyword.builtin.ClickKeyword.click(ClickKeyword.groovy:76)
	at com.kms.katalon.core.webui.keyword.builtin.ClickKeyword.execute(ClickKeyword.groovy:43)
	at com.kms.katalon.core.keyword.internal.KeywordExecutor.executeKeywordForPlatform(KeywordExecutor.groovy:73)
	at com.kms.katalon.core.webui.keyword.WebUiBuiltInKeywords.click(WebUiBuiltInKeywords.groovy:616)
	at com.kms.katalon.core.webui.keyword.WebUiBuiltInKeywords$click$5.call(Unknown Source)
	at Script1598478507206.run(Script1598478507206.groovy:296)
	... 13 more
)
[[ATTACHMENT|C:\\fdr-automation-develop_08_25_2020\\Reports\\20200908_125110\\FDR_Regression_Testing_Suite\\20200908_125110\\1599595452654.png]]

2020-09-08 13:04:13 - [TEST_STEP][PASSED] - waitForElementPresent(findTestObject("FDR-Dashboard/createNewVoucherButton"), 1): Object 'Object Repository/FDR-Dashboard/createNewVoucherButton' is present

2020-09-08 13:04:13 - [MESSAGE][PASSED] - Object 'Object Repository/FDR-Dashboard/createNewVoucherButton' is present

2020-09-08 13:04:13 - [TEST_STEP][FAILED] - mouseOver(findTestObject("FDR-EditVoucher/invoiceHover")): Unable to move mouse over object 'Object Repository/FDR-EditVoucher/invoiceHover' (Root cause: com.kms.katalon.core.exception.StepFailedException: Unable to move mouse over object 'Object Repository/FDR-EditVoucher/invoiceHover'
	at com.kms.katalon.core.webui.keyword.internal.WebUIKeywordMain.stepFailed(WebUIKeywordMain.groovy:64)
	at com.kms.katalon.core.webui.keyword.internal.WebUIKeywordMain.runKeyword(WebUIKeywordMain.groovy:26)
	at com.kms.katalon.core.webui.keyword.builtin.MouseOverKeyword.mouseOver(MouseOverKeyword.groovy:66)
	at com.kms.katalon.core.webui.keyword.builtin.MouseOverKeyword.execute(MouseOverKeyword.groovy:40)
	at com.kms.katalon.core.keyword.internal.KeywordExecutor.executeKeywordForPlatform(KeywordExecutor.groovy:73)
	at com.kms.katalon.core.webui.keyword.WebUiBuiltInKeywords.mouseOver(WebUiBuiltInKeywords.groovy:802)
	at com.kms.katalon.core.webui.keyword.WebUiBuiltInKeywords$mouseOver$12.call(Unknown Source)
	at FDR-END_2_END_Voucher_Reject.run(FDR-END_2_END_Voucher_Reject:298)
	at com.kms.katalon.core.main.ScriptEngine.run(ScriptEngine.java:194)
	at com.kms.katalon.core.main.ScriptEngine.runScriptAsRawText(ScriptEngine.java:119)
	at com.kms.katalon.core.main.TestCaseExecutor.runScript(TestCaseExecutor.java:339)
	at com.kms.katalon.core.main.TestCaseExecutor.doExecute(TestCaseExecutor.java:330)
	at com.kms.katalon.core.main.TestCaseExecutor.processExecutionPhase(TestCaseExecutor.java:309)
	at com.kms.katalon.core.main.TestCaseExecutor.accessMainPhase(TestCaseExecutor.java:301)
	at com.kms.katalon.core.main.TestCaseExecutor.execute(TestCaseExecutor.java:235)
	at com.kms.katalon.core.main.TestSuiteExecutor.accessTestCaseMainPhase(TestSuiteExecutor.java:191)
	at com.kms.katalon.core.main.TestSuiteExecutor.accessTestSuiteMainPhase(TestSuiteExecutor.java:141)
	at com.kms.katalon.core.main.TestSuiteExecutor.execute(TestSuiteExecutor.java:90)
	at com.kms.katalon.core.main.TestCaseMain.startTestSuite(TestCaseMain.java:157)
	at com.kms.katalon.core.main.TestCaseMain$startTestSuite$0.call(Unknown Source)
	at TempTestSuite1599594670457.run(TempTestSuite1599594670457.groovy:39)
Caused by: com.kms.katalon.core.webui.exception.WebElementNotFoundException: Web element with id: 'Object Repository/FDR-EditVoucher/invoiceHover' located by '(//*[contains(@class,'MuiExpansionPanelSummary-root')])[1]' not found
	at com.kms.katalon.core.webui.common.WebUiCommonHelper.findWebElement(WebUiCommonHelper.java:1368)
	at com.kms.katalon.core.webui.keyword.internal.WebUIAbstractKeyword.findWebElement(WebUIAbstractKeyword.groovy:27)
	at com.kms.katalon.core.webui.keyword.internal.WebUIAbstractKeyword.findWebElement(WebUIAbstractKeyword.groovy:26)
	at com.kms.katalon.core.webui.keyword.builtin.MouseOverKeyword$_mouseOver_closure1.doCall(MouseOverKeyword.groovy:54)
	at com.kms.katalon.core.webui.keyword.builtin.MouseOverKeyword$_mouseOver_closure1.call(MouseOverKeyword.groovy)
	at com.kms.katalon.core.webui.keyword.internal.WebUIKeywordMain.runKeyword(WebUIKeywordMain.groovy:20)
	at com.kms.katalon.core.webui.keyword.builtin.MouseOverKeyword.mouseOver(MouseOverKeyword.groovy:66)
	at com.kms.katalon.core.webui.keyword.builtin.MouseOverKeyword.execute(MouseOverKeyword.groovy:40)
	at com.kms.katalon.core.keyword.internal.KeywordExecutor.executeKeywordForPlatform(KeywordExecutor.groovy:73)
	at com.kms.katalon.core.webui.keyword.WebUiBuiltInKeywords.mouseOver(WebUiBuiltInKeywords.groovy:802)
	at com.kms.katalon.core.webui.keyword.WebUiBuiltInKeywords$mouseOver$12.call(Unknown Source)
	at Script1598478507206.run(Script1598478507206.groovy:298)
	... 13 more
)

2020-09-08 13:04:17 - [MESSAGE][INFO] - Unable to find the element located by 'By.xpath: (//*[contains(@class,'MuiExpansionPanelSummary-root')])[1]'. Please recheck the objects properties to make sure the desired element is located. 

2020-09-08 13:04:17 - [MESSAGE][FAILED] - Unable to move mouse over object 'Object Repository/FDR-EditVoucher/invoiceHover' (Root cause: com.kms.katalon.core.exception.StepFailedException: Unable to move mouse over object 'Object Repository/FDR-EditVoucher/invoiceHover'
	at com.kms.katalon.core.webui.keyword.internal.WebUIKeywordMain.stepFailed(WebUIKeywordMain.groovy:64)
	at com.kms.katalon.core.webui.keyword.internal.WebUIKeywordMain.runKeyword(WebUIKeywordMain.groovy:26)
	at com.kms.katalon.core.webui.keyword.builtin.MouseOverKeyword.mouseOver(MouseOverKeyword.groovy:66)
	at com.kms.katalon.core.webui.keyword.builtin.MouseOverKeyword.execute(MouseOverKeyword.groovy:40)
	at com.kms.katalon.core.keyword.internal.KeywordExecutor.executeKeywordForPlatform(KeywordExecutor.groovy:73)
	at com.kms.katalon.core.webui.keyword.WebUiBuiltInKeywords.mouseOver(WebUiBuiltInKeywords.groovy:802)
	at com.kms.katalon.core.webui.keyword.WebUiBuiltInKeywords$mouseOver$12.call(Unknown Source)
	at FDR-END_2_END_Voucher_Reject.run(FDR-END_2_END_Voucher_Reject:298)
	at com.kms.katalon.core.main.ScriptEngine.run(ScriptEngine.java:194)
	at com.kms.katalon.core.main.ScriptEngine.runScriptAsRawText(ScriptEngine.java:119)
	at com.kms.katalon.core.main.TestCaseExecutor.runScript(TestCaseExecutor.java:339)
	at com.kms.katalon.core.main.TestCaseExecutor.doExecute(TestCaseExecutor.java:330)
	at com.kms.katalon.core.main.TestCaseExecutor.processExecutionPhase(TestCaseExecutor.java:309)
	at com.kms.katalon.core.main.TestCaseExecutor.accessMainPhase(TestCaseExecutor.java:301)
	at com.kms.katalon.core.main.TestCaseExecutor.execute(TestCaseExecutor.java:235)
	at com.kms.katalon.core.main.TestSuiteExecutor.accessTestCaseMainPhase(TestSuiteExecutor.java:191)
	at com.kms.katalon.core.main.TestSuiteExecutor.accessTestSuiteMainPhase(TestSuiteExecutor.java:141)
	at com.kms.katalon.core.main.TestSuiteExecutor.execute(TestSuiteExecutor.java:90)
	at com.kms.katalon.core.main.TestCaseMain.startTestSuite(TestCaseMain.java:157)
	at com.kms.katalon.core.main.TestCaseMain$startTestSuite$0.call(Unknown Source)
	at TempTestSuite1599594670457.run(TempTestSuite1599594670457.groovy:39)
Caused by: com.kms.katalon.core.webui.exception.WebElementNotFoundException: Web element with id: 'Object Repository/FDR-EditVoucher/invoiceHover' located by '(//*[contains(@class,'MuiExpansionPanelSummary-root')])[1]' not found
	at com.kms.katalon.core.webui.common.WebUiCommonHelper.findWebElement(WebUiCommonHelper.java:1368)
	at com.kms.katalon.core.webui.keyword.internal.WebUIAbstractKeyword.findWebElement(WebUIAbstractKeyword.groovy:27)
	at com.kms.katalon.core.webui.keyword.internal.WebUIAbstractKeyword.findWebElement(WebUIAbstractKeyword.groovy:26)
	at com.kms.katalon.core.webui.keyword.builtin.MouseOverKeyword$_mouseOver_closure1.doCall(MouseOverKeyword.groovy:54)
	at com.kms.katalon.core.webui.keyword.builtin.MouseOverKeyword$_mouseOver_closure1.call(MouseOverKeyword.groovy)
	at com.kms.katalon.core.webui.keyword.internal.WebUIKeywordMain.runKeyword(WebUIKeywordMain.groovy:20)
	at com.kms.katalon.core.webui.keyword.builtin.MouseOverKeyword.mouseOver(MouseOverKeyword.groovy:66)
	at com.kms.katalon.core.webui.keyword.builtin.MouseOverKeyword.execute(MouseOverKeyword.groovy:40)
	at com.kms.katalon.core.keyword.internal.KeywordExecutor.executeKeywordForPlatform(KeywordExecutor.groovy:73)
	at com.kms.katalon.core.webui.keyword.WebUiBuiltInKeywords.mouseOver(WebUiBuiltInKeywords.groovy:802)
	at com.kms.katalon.core.webui.keyword.WebUiBuiltInKeywords$mouseOver$12.call(Unknown Source)
	at Script1598478507206.run(Script1598478507206.groovy:298)
	... 13 more
)
[[ATTACHMENT|C:\\fdr-automation-develop_08_25_2020\\Reports\\20200908_125110\\FDR_Regression_Testing_Suite\\20200908_125110\\1599595457466.png]]

2020-09-08 13:04:17 - [TEST_STEP][FAILED] - click(findTestObject("Object Repository/FDR-Receipt/FDR-Receipt-DistributionLine/3dots/editIconDistributionLine")): Unable to click on object 'Object Repository/FDR-Receipt/FDR-Receipt-DistributionLine/3dots/editIconDistributionLine' (Root cause: com.kms.katalon.core.exception.StepFailedException: Unable to click on object 'Object Repository/FDR-Receipt/FDR-Receipt-DistributionLine/3dots/editIconDistributionLine'
	at com.kms.katalon.core.webui.keyword.internal.WebUIKeywordMain.stepFailed(WebUIKeywordMain.groovy:64)
	at com.kms.katalon.core.webui.keyword.internal.WebUIKeywordMain.runKeyword(WebUIKeywordMain.groovy:26)
	at com.kms.katalon.core.webui.keyword.builtin.ClickKeyword.click(ClickKeyword.groovy:76)
	at com.kms.katalon.core.webui.keyword.builtin.ClickKeyword.execute(ClickKeyword.groovy:43)
	at com.kms.katalon.core.keyword.internal.KeywordExecutor.executeKeywordForPlatform(KeywordExecutor.groovy:73)
	at com.kms.katalon.core.webui.keyword.WebUiBuiltInKeywords.click(WebUiBuiltInKeywords.groovy:616)
	at com.kms.katalon.core.webui.keyword.WebUiBuiltInKeywords$click$5.call(Unknown Source)
	at FDR-END_2_END_Voucher_Reject.run(FDR-END_2_END_Voucher_Reject:299)
	at com.kms.katalon.core.main.ScriptEngine.run(ScriptEngine.java:194)
	at com.kms.katalon.core.main.ScriptEngine.runScriptAsRawText(ScriptEngine.java:119)
	at com.kms.katalon.core.main.TestCaseExecutor.runScript(TestCaseExecutor.java:339)
	at com.kms.katalon.core.main.TestCaseExecutor.doExecute(TestCaseExecutor.java:330)
	at com.kms.katalon.core.main.TestCaseExecutor.processExecutionPhase(TestCaseExecutor.java:309)
	at com.kms.katalon.core.main.TestCaseExecutor.accessMainPhase(TestCaseExecutor.java:301)
	at com.kms.katalon.core.main.TestCaseExecutor.execute(TestCaseExecutor.java:235)
	at com.kms.katalon.core.main.TestSuiteExecutor.accessTestCaseMainPhase(TestSuiteExecutor.java:191)
	at com.kms.katalon.core.main.TestSuiteExecutor.accessTestSuiteMainPhase(TestSuiteExecutor.java:141)
	at com.kms.katalon.core.main.TestSuiteExecutor.execute(TestSuiteExecutor.java:90)
	at com.kms.katalon.core.main.TestCaseMain.startTestSuite(TestCaseMain.java:157)
	at com.kms.katalon.core.main.TestCaseMain$startTestSuite$0.call(Unknown Source)
	at TempTestSuite1599594670457.run(TempTestSuite1599594670457.groovy:39)
Caused by: com.kms.katalon.core.webui.exception.WebElementNotFoundException: Web element with id: 'Object Repository/FDR-Receipt/FDR-Receipt-DistributionLine/3dots/editIconDistributionLine' located by '(//*[contains(@id,'distributionLineActionMenu')])[1]

' not found
	at com.kms.katalon.core.webui.common.WebUiCommonHelper.findWebElement(WebUiCommonHelper.java:1368)
	at com.kms.katalon.core.webui.keyword.internal.WebUIAbstractKeyword.findWebElement(WebUIAbstractKeyword.groovy:27)
	at com.kms.katalon.core.webui.keyword.internal.WebUIAbstractKeyword.findWebElement(WebUIAbstractKeyword.groovy:26)
	at com.kms.katalon.core.webui.keyword.builtin.ClickKeyword$_click_closure1.doCall(ClickKeyword.groovy:67)
	at com.kms.katalon.core.webui.keyword.builtin.ClickKeyword$_click_closure1.call(ClickKeyword.groovy)
	at com.kms.katalon.core.webui.keyword.internal.WebUIKeywordMain.runKeyword(WebUIKeywordMain.groovy:20)
	at com.kms.katalon.core.webui.keyword.builtin.ClickKeyword.click(ClickKeyword.groovy:76)
	at com.kms.katalon.core.webui.keyword.builtin.ClickKeyword.execute(ClickKeyword.groovy:43)
	at com.kms.katalon.core.keyword.internal.KeywordExecutor.executeKeywordForPlatform(KeywordExecutor.groovy:73)
	at com.kms.katalon.core.webui.keyword.WebUiBuiltInKeywords.click(WebUiBuiltInKeywords.groovy:616)
	at com.kms.katalon.core.webui.keyword.WebUiBuiltInKeywords$click$5.call(Unknown Source)
	at Script1598478507206.run(Script1598478507206.groovy:299)
	... 13 more
)

2020-09-08 13:04:21 - [MESSAGE][INFO] - Unable to find the element located by 'By.xpath: (//*[contains(@id,'distributionLineActionMenu')])[1]

'. Please recheck the objects properties to make sure the desired element is located. 

2020-09-08 13:04:22 - [MESSAGE][FAILED] - Unable to click on object 'Object Repository/FDR-Receipt/FDR-Receipt-DistributionLine/3dots/editIconDistributionLine' (Root cause: com.kms.katalon.core.exception.StepFailedException: Unable to click on object 'Object Repository/FDR-Receipt/FDR-Receipt-DistributionLine/3dots/editIconDistributionLine'
	at com.kms.katalon.core.webui.keyword.internal.WebUIKeywordMain.stepFailed(WebUIKeywordMain.groovy:64)
	at com.kms.katalon.core.webui.keyword.internal.WebUIKeywordMain.runKeyword(WebUIKeywordMain.groovy:26)
	at com.kms.katalon.core.webui.keyword.builtin.ClickKeyword.click(ClickKeyword.groovy:76)
	at com.kms.katalon.core.webui.keyword.builtin.ClickKeyword.execute(ClickKeyword.groovy:43)
	at com.kms.katalon.core.keyword.internal.KeywordExecutor.executeKeywordForPlatform(KeywordExecutor.groovy:73)
	at com.kms.katalon.core.webui.keyword.WebUiBuiltInKeywords.click(WebUiBuiltInKeywords.groovy:616)
	at com.kms.katalon.core.webui.keyword.WebUiBuiltInKeywords$click$5.call(Unknown Source)
	at FDR-END_2_END_Voucher_Reject.run(FDR-END_2_END_Voucher_Reject:299)
	at com.kms.katalon.core.main.ScriptEngine.run(ScriptEngine.java:194)
	at com.kms.katalon.core.main.ScriptEngine.runScriptAsRawText(ScriptEngine.java:119)
	at com.kms.katalon.core.main.TestCaseExecutor.runScript(TestCaseExecutor.java:339)
	at com.kms.katalon.core.main.TestCaseExecutor.doExecute(TestCaseExecutor.java:330)
	at com.kms.katalon.core.main.TestCaseExecutor.processExecutionPhase(TestCaseExecutor.java:309)
	at com.kms.katalon.core.main.TestCaseExecutor.accessMainPhase(TestCaseExecutor.java:301)
	at com.kms.katalon.core.main.TestCaseExecutor.execute(TestCaseExecutor.java:235)
	at com.kms.katalon.core.main.TestSuiteExecutor.accessTestCaseMainPhase(TestSuiteExecutor.java:191)
	at com.kms.katalon.core.main.TestSuiteExecutor.accessTestSuiteMainPhase(TestSuiteExecutor.java:141)
	at com.kms.katalon.core.main.TestSuiteExecutor.execute(TestSuiteExecutor.java:90)
	at com.kms.katalon.core.main.TestCaseMain.startTestSuite(TestCaseMain.java:157)
	at com.kms.katalon.core.main.TestCaseMain$startTestSuite$0.call(Unknown Source)
	at TempTestSuite1599594670457.run(TempTestSuite1599594670457.groovy:39)
Caused by: com.kms.katalon.core.webui.exception.WebElementNotFoundException: Web element with id: 'Object Repository/FDR-Receipt/FDR-Receipt-DistributionLine/3dots/editIconDistributionLine' located by '(//*[contains(@id,'distributionLineActionMenu')])[1]

' not found
	at com.kms.katalon.core.webui.common.WebUiCommonHelper.findWebElement(WebUiCommonHelper.java:1368)
	at com.kms.katalon.core.webui.keyword.internal.WebUIAbstractKeyword.findWebElement(WebUIAbstractKeyword.groovy:27)
	at com.kms.katalon.core.webui.keyword.internal.WebUIAbstractKeyword.findWebElement(WebUIAbstractKeyword.groovy:26)
	at com.kms.katalon.core.webui.keyword.builtin.ClickKeyword$_click_closure1.doCall(ClickKeyword.groovy:67)
	at com.kms.katalon.core.webui.keyword.builtin.ClickKeyword$_click_closure1.call(ClickKeyword.groovy)
	at com.kms.katalon.core.webui.keyword.internal.WebUIKeywordMain.runKeyword(WebUIKeywordMain.groovy:20)
	at com.kms.katalon.core.webui.keyword.builtin.ClickKeyword.click(ClickKeyword.groovy:76)
	at com.kms.katalon.core.webui.keyword.builtin.ClickKeyword.execute(ClickKeyword.groovy:43)
	at com.kms.katalon.core.keyword.internal.KeywordExecutor.executeKeywordForPlatform(KeywordExecutor.groovy:73)
	at com.kms.katalon.core.webui.keyword.WebUiBuiltInKeywords.click(WebUiBuiltInKeywords.groovy:616)
	at com.kms.katalon.core.webui.keyword.WebUiBuiltInKeywords$click$5.call(Unknown Source)
	at Script1598478507206.run(Script1598478507206.groovy:299)
	... 13 more
)
[[ATTACHMENT|C:\\fdr-automation-develop_08_25_2020\\Reports\\20200908_125110\\FDR_Regression_Testing_Suite\\20200908_125110\\1599595461954.png]]

2020-09-08 13:04:22 - [TEST_STEP][FAILED] - click(findTestObject("Object Repository/FDR-EditVoucher/DLEditClick")): Unable to click on object 'Object Repository/FDR-EditVoucher/DLEditClick' (Root cause: com.kms.katalon.core.exception.StepFailedException: Unable to click on object 'Object Repository/FDR-EditVoucher/DLEditClick'
	at com.kms.katalon.core.webui.keyword.internal.WebUIKeywordMain.stepFailed(WebUIKeywordMain.groovy:64)
	at com.kms.katalon.core.webui.keyword.internal.WebUIKeywordMain.runKeyword(WebUIKeywordMain.groovy:26)
	at com.kms.katalon.core.webui.keyword.builtin.ClickKeyword.click(ClickKeyword.groovy:76)
	at com.kms.katalon.core.webui.keyword.builtin.ClickKeyword.execute(ClickKeyword.groovy:43)
	at com.kms.katalon.core.keyword.internal.KeywordExecutor.executeKeywordForPlatform(KeywordExecutor.groovy:73)
	at com.kms.katalon.core.webui.keyword.WebUiBuiltInKeywords.click(WebUiBuiltInKeywords.groovy:616)
	at com.kms.katalon.core.webui.keyword.WebUiBuiltInKeywords$click$5.call(Unknown Source)
	at FDR-END_2_END_Voucher_Reject.run(FDR-END_2_END_Voucher_Reject:300)
	at com.kms.katalon.core.main.ScriptEngine.run(ScriptEngine.java:194)
	at com.kms.katalon.core.main.ScriptEngine.runScriptAsRawText(ScriptEngine.java:119)
	at com.kms.katalon.core.main.TestCaseExecutor.runScript(TestCaseExecutor.java:339)
	at com.kms.katalon.core.main.TestCaseExecutor.doExecute(TestCaseExecutor.java:330)
	at com.kms.katalon.core.main.TestCaseExecutor.processExecutionPhase(TestCaseExecutor.java:309)
	at com.kms.katalon.core.main.TestCaseExecutor.accessMainPhase(TestCaseExecutor.java:301)
	at com.kms.katalon.core.main.TestCaseExecutor.execute(TestCaseExecutor.java:235)
	at com.kms.katalon.core.main.TestSuiteExecutor.accessTestCaseMainPhase(TestSuiteExecutor.java:191)
	at com.kms.katalon.core.main.TestSuiteExecutor.accessTestSuiteMainPhase(TestSuiteExecutor.java:141)
	at com.kms.katalon.core.main.TestSuiteExecutor.execute(TestSuiteExecutor.java:90)
	at com.kms.katalon.core.main.TestCaseMain.startTestSuite(TestCaseMain.java:157)
	at com.kms.katalon.core.main.TestCaseMain$startTestSuite$0.call(Unknown Source)
	at TempTestSuite1599594670457.run(TempTestSuite1599594670457.groovy:39)
Caused by: com.kms.katalon.core.webui.exception.WebElementNotFoundException: Web element with id: 'Object Repository/FDR-EditVoucher/DLEditClick' located by '//*[contains(@style,'opacity: 1')] //* [contains(text(),'Edit')]' not found
	at com.kms.katalon.core.webui.common.WebUiCommonHelper.findWebElement(WebUiCommonHelper.java:1368)
	at com.kms.katalon.core.webui.keyword.internal.WebUIAbstractKeyword.findWebElement(WebUIAbstractKeyword.groovy:27)
	at com.kms.katalon.core.webui.keyword.internal.WebUIAbstractKeyword.findWebElement(WebUIAbstractKeyword.groovy:26)
	at com.kms.katalon.core.webui.keyword.builtin.ClickKeyword$_click_closure1.doCall(ClickKeyword.groovy:67)
	at com.kms.katalon.core.webui.keyword.builtin.ClickKeyword$_click_closure1.call(ClickKeyword.groovy)
	at com.kms.katalon.core.webui.keyword.internal.WebUIKeywordMain.runKeyword(WebUIKeywordMain.groovy:20)
	at com.kms.katalon.core.webui.keyword.builtin.ClickKeyword.click(ClickKeyword.groovy:76)
	at com.kms.katalon.core.webui.keyword.builtin.ClickKeyword.execute(ClickKeyword.groovy:43)
	at com.kms.katalon.core.keyword.internal.KeywordExecutor.executeKeywordForPlatform(KeywordExecutor.groovy:73)
	at com.kms.katalon.core.webui.keyword.WebUiBuiltInKeywords.click(WebUiBuiltInKeywords.groovy:616)
	at com.kms.katalon.core.webui.keyword.WebUiBuiltInKeywords$click$5.call(Unknown Source)
	at Script1598478507206.run(Script1598478507206.groovy:300)
	... 13 more
)

2020-09-08 13:04:26 - [MESSAGE][INFO] - Unable to find the element located by 'By.xpath: //*[contains(@style,'opacity: 1')] //* [contains(text(),'Edit')]'. Please recheck the objects properties to make sure the desired element is located. 

2020-09-08 13:04:26 - [MESSAGE][FAILED] - Unable to click on object 'Object Repository/FDR-EditVoucher/DLEditClick' (Root cause: com.kms.katalon.core.exception.StepFailedException: Unable to click on object 'Object Repository/FDR-EditVoucher/DLEditClick'
	at com.kms.katalon.core.webui.keyword.internal.WebUIKeywordMain.stepFailed(WebUIKeywordMain.groovy:64)
	at com.kms.katalon.core.webui.keyword.internal.WebUIKeywordMain.runKeyword(WebUIKeywordMain.groovy:26)
	at com.kms.katalon.core.webui.keyword.builtin.ClickKeyword.click(ClickKeyword.groovy:76)
	at com.kms.katalon.core.webui.keyword.builtin.ClickKeyword.execute(ClickKeyword.groovy:43)
	at com.kms.katalon.core.keyword.internal.KeywordExecutor.executeKeywordForPlatform(KeywordExecutor.groovy:73)
	at com.kms.katalon.core.webui.keyword.WebUiBuiltInKeywords.click(WebUiBuiltInKeywords.groovy:616)
	at com.kms.katalon.core.webui.keyword.WebUiBuiltInKeywords$click$5.call(Unknown Source)
	at FDR-END_2_END_Voucher_Reject.run(FDR-END_2_END_Voucher_Reject:300)
	at com.kms.katalon.core.main.ScriptEngine.run(ScriptEngine.java:194)
	at com.kms.katalon.core.main.ScriptEngine.runScriptAsRawText(ScriptEngine.java:119)
	at com.kms.katalon.core.main.TestCaseExecutor.runScript(TestCaseExecutor.java:339)
	at com.kms.katalon.core.main.TestCaseExecutor.doExecute(TestCaseExecutor.java:330)
	at com.kms.katalon.core.main.TestCaseExecutor.processExecutionPhase(TestCaseExecutor.java:309)
	at com.kms.katalon.core.main.TestCaseExecutor.accessMainPhase(TestCaseExecutor.java:301)
	at com.kms.katalon.core.main.TestCaseExecutor.execute(TestCaseExecutor.java:235)
	at com.kms.katalon.core.main.TestSuiteExecutor.accessTestCaseMainPhase(TestSuiteExecutor.java:191)
	at com.kms.katalon.core.main.TestSuiteExecutor.accessTestSuiteMainPhase(TestSuiteExecutor.java:141)
	at com.kms.katalon.core.main.TestSuiteExecutor.execute(TestSuiteExecutor.java:90)
	at com.kms.katalon.core.main.TestCaseMain.startTestSuite(TestCaseMain.java:157)
	at com.kms.katalon.core.main.TestCaseMain$startTestSuite$0.call(Unknown Source)
	at TempTestSuite1599594670457.run(TempTestSuite1599594670457.groovy:39)
Caused by: com.kms.katalon.core.webui.exception.WebElementNotFoundException: Web element with id: 'Object Repository/FDR-EditVoucher/DLEditClick' located by '//*[contains(@style,'opacity: 1')] //* [contains(text(),'Edit')]' not found
	at com.kms.katalon.core.webui.common.WebUiCommonHelper.findWebElement(WebUiCommonHelper.java:1368)
	at com.kms.katalon.core.webui.keyword.internal.WebUIAbstractKeyword.findWebElement(WebUIAbstractKeyword.groovy:27)
	at com.kms.katalon.core.webui.keyword.internal.WebUIAbstractKeyword.findWebElement(WebUIAbstractKeyword.groovy:26)
	at com.kms.katalon.core.webui.keyword.builtin.ClickKeyword$_click_closure1.doCall(ClickKeyword.groovy:67)
	at com.kms.katalon.core.webui.keyword.builtin.ClickKeyword$_click_closure1.call(ClickKeyword.groovy)
	at com.kms.katalon.core.webui.keyword.internal.WebUIKeywordMain.runKeyword(WebUIKeywordMain.groovy:20)
	at com.kms.katalon.core.webui.keyword.builtin.ClickKeyword.click(ClickKeyword.groovy:76)
	at com.kms.katalon.core.webui.keyword.builtin.ClickKeyword.execute(ClickKeyword.groovy:43)
	at com.kms.katalon.core.keyword.internal.KeywordExecutor.executeKeywordForPlatform(KeywordExecutor.groovy:73)
	at com.kms.katalon.core.webui.keyword.WebUiBuiltInKeywords.click(WebUiBuiltInKeywords.groovy:616)
	at com.kms.katalon.core.webui.keyword.WebUiBuiltInKeywords$click$5.call(Unknown Source)
	at Script1598478507206.run(Script1598478507206.groovy:300)
	... 13 more
)
[[ATTACHMENT|C:\\fdr-automation-develop_08_25_2020\\Reports\\20200908_125110\\FDR_Regression_Testing_Suite\\20200908_125110\\1599595466395.png]]

2020-09-08 13:04:26 - [TEST_STEP][FAILED] - click(findTestObject("FDR-VoucherEntry/DistributionLine/fundRatio")): Unable to click on object 'Object Repository/FDR-VoucherEntry/DistributionLine/fundRatio' (Root cause: com.kms.katalon.core.exception.StepFailedException: Unable to click on object 'Object Repository/FDR-VoucherEntry/DistributionLine/fundRatio'
	at com.kms.katalon.core.webui.keyword.internal.WebUIKeywordMain.stepFailed(WebUIKeywordMain.groovy:64)
	at com.kms.katalon.core.webui.keyword.internal.WebUIKeywordMain.runKeyword(WebUIKeywordMain.groovy:26)
	at com.kms.katalon.core.webui.keyword.builtin.ClickKeyword.click(ClickKeyword.groovy:76)
	at com.kms.katalon.core.webui.keyword.builtin.ClickKeyword.execute(ClickKeyword.groovy:43)
	at com.kms.katalon.core.keyword.internal.KeywordExecutor.executeKeywordForPlatform(KeywordExecutor.groovy:73)
	at com.kms.katalon.core.webui.keyword.WebUiBuiltInKeywords.click(WebUiBuiltInKeywords.groovy:616)
	at com.kms.katalon.core.webui.keyword.WebUiBuiltInKeywords$click$5.call(Unknown Source)
	at FDR-END_2_END_Voucher_Reject.run(FDR-END_2_END_Voucher_Reject:317)
	at com.kms.katalon.core.main.ScriptEngine.run(ScriptEngine.java:194)
	at com.kms.katalon.core.main.ScriptEngine.runScriptAsRawText(ScriptEngine.java:119)
	at com.kms.katalon.core.main.TestCaseExecutor.runScript(TestCaseExecutor.java:339)
	at com.kms.katalon.core.main.TestCaseExecutor.doExecute(TestCaseExecutor.java:330)
	at com.kms.katalon.core.main.TestCaseExecutor.processExecutionPhase(TestCaseExecutor.java:309)
	at com.kms.katalon.core.main.TestCaseExecutor.accessMainPhase(TestCaseExecutor.java:301)
	at com.kms.katalon.core.main.TestCaseExecutor.execute(TestCaseExecutor.java:235)
	at com.kms.katalon.core.main.TestSuiteExecutor.accessTestCaseMainPhase(TestSuiteExecutor.java:191)
	at com.kms.katalon.core.main.TestSuiteExecutor.accessTestSuiteMainPhase(TestSuiteExecutor.java:141)
	at com.kms.katalon.core.main.TestSuiteExecutor.execute(TestSuiteExecutor.java:90)
	at com.kms.katalon.core.main.TestCaseMain.startTestSuite(TestCaseMain.java:157)
	at com.kms.katalon.core.main.TestCaseMain$startTestSuite$0.call(Unknown Source)
	at TempTestSuite1599594670457.run(TempTestSuite1599594670457.groovy:39)
Caused by: com.kms.katalon.core.webui.exception.WebElementNotFoundException: Web element with id: 'Object Repository/FDR-VoucherEntry/DistributionLine/fundRatio' located by '//input[@id='fundRatioId']' not found
	at com.kms.katalon.core.webui.common.WebUiCommonHelper.findWebElement(WebUiCommonHelper.java:1368)
	at com.kms.katalon.core.webui.keyword.internal.WebUIAbstractKeyword.findWebElement(WebUIAbstractKeyword.groovy:27)
	at com.kms.katalon.core.webui.keyword.internal.WebUIAbstractKeyword.findWebElement(WebUIAbstractKeyword.groovy:26)
	at com.kms.katalon.core.webui.keyword.builtin.ClickKeyword$_click_closure1.doCall(ClickKeyword.groovy:67)
	at com.kms.katalon.core.webui.keyword.builtin.ClickKeyword$_click_closure1.call(ClickKeyword.groovy)
	at com.kms.katalon.core.webui.keyword.internal.WebUIKeywordMain.runKeyword(WebUIKeywordMain.groovy:20)
	at com.kms.katalon.core.webui.keyword.builtin.ClickKeyword.click(ClickKeyword.groovy:76)
	at com.kms.katalon.core.webui.keyword.builtin.ClickKeyword.execute(ClickKeyword.groovy:43)
	at com.kms.katalon.core.keyword.internal.KeywordExecutor.executeKeywordForPlatform(KeywordExecutor.groovy:73)
	at com.kms.katalon.core.webui.keyword.WebUiBuiltInKeywords.click(WebUiBuiltInKeywords.groovy:616)
	at com.kms.katalon.core.webui.keyword.WebUiBuiltInKeywords$click$5.call(Unknown Source)
	at Script1598478507206.run(Script1598478507206.groovy:317)
	... 13 more
)

2020-09-08 13:04:30 - [MESSAGE][INFO] - Unable to find the element located by 'By.xpath: //input[@id='fundRatioId']'. Please recheck the objects properties to make sure the desired element is located. 

2020-09-08 13:04:31 - [MESSAGE][FAILED] - Unable to click on object 'Object Repository/FDR-VoucherEntry/DistributionLine/fundRatio' (Root cause: com.kms.katalon.core.exception.StepFailedException: Unable to click on object 'Object Repository/FDR-VoucherEntry/DistributionLine/fundRatio'
	at com.kms.katalon.core.webui.keyword.internal.WebUIKeywordMain.stepFailed(WebUIKeywordMain.groovy:64)
	at com.kms.katalon.core.webui.keyword.internal.WebUIKeywordMain.runKeyword(WebUIKeywordMain.groovy:26)
	at com.kms.katalon.core.webui.keyword.builtin.ClickKeyword.click(ClickKeyword.groovy:76)
	at com.kms.katalon.core.webui.keyword.builtin.ClickKeyword.execute(ClickKeyword.groovy:43)
	at com.kms.katalon.core.keyword.internal.KeywordExecutor.executeKeywordForPlatform(KeywordExecutor.groovy:73)
	at com.kms.katalon.core.webui.keyword.WebUiBuiltInKeywords.click(WebUiBuiltInKeywords.groovy:616)
	at com.kms.katalon.core.webui.keyword.WebUiBuiltInKeywords$click$5.call(Unknown Source)
	at FDR-END_2_END_Voucher_Reject.run(FDR-END_2_END_Voucher_Reject:317)
	at com.kms.katalon.core.main.ScriptEngine.run(ScriptEngine.java:194)
	at com.kms.katalon.core.main.ScriptEngine.runScriptAsRawText(ScriptEngine.java:119)
	at com.kms.katalon.core.main.TestCaseExecutor.runScript(TestCaseExecutor.java:339)
	at com.kms.katalon.core.main.TestCaseExecutor.doExecute(TestCaseExecutor.java:330)
	at com.kms.katalon.core.main.TestCaseExecutor.processExecutionPhase(TestCaseExecutor.java:309)
	at com.kms.katalon.core.main.TestCaseExecutor.accessMainPhase(TestCaseExecutor.java:301)
	at com.kms.katalon.core.main.TestCaseExecutor.execute(TestCaseExecutor.java:235)
	at com.kms.katalon.core.main.TestSuiteExecutor.accessTestCaseMainPhase(TestSuiteExecutor.java:191)
	at com.kms.katalon.core.main.TestSuiteExecutor.accessTestSuiteMainPhase(TestSuiteExecutor.java:141)
	at com.kms.katalon.core.main.TestSuiteExecutor.execute(TestSuiteExecutor.java:90)
	at com.kms.katalon.core.main.TestCaseMain.startTestSuite(TestCaseMain.java:157)
	at com.kms.katalon.core.main.TestCaseMain$startTestSuite$0.call(Unknown Source)
	at TempTestSuite1599594670457.run(TempTestSuite1599594670457.groovy:39)
Caused by: com.kms.katalon.core.webui.exception.WebElementNotFoundException: Web element with id: 'Object Repository/FDR-VoucherEntry/DistributionLine/fundRatio' located by '//input[@id='fundRatioId']' not found
	at com.kms.katalon.core.webui.common.WebUiCommonHelper.findWebElement(WebUiCommonHelper.java:1368)
	at com.kms.katalon.core.webui.keyword.internal.WebUIAbstractKeyword.findWebElement(WebUIAbstractKeyword.groovy:27)
	at com.kms.katalon.core.webui.keyword.internal.WebUIAbstractKeyword.findWebElement(WebUIAbstractKeyword.groovy:26)
	at com.kms.katalon.core.webui.keyword.builtin.ClickKeyword$_click_closure1.doCall(ClickKeyword.groovy:67)
	at com.kms.katalon.core.webui.keyword.builtin.ClickKeyword$_click_closure1.call(ClickKeyword.groovy)
	at com.kms.katalon.core.webui.keyword.internal.WebUIKeywordMain.runKeyword(WebUIKeywordMain.groovy:20)
	at com.kms.katalon.core.webui.keyword.builtin.ClickKeyword.click(ClickKeyword.groovy:76)
	at com.kms.katalon.core.webui.keyword.builtin.ClickKeyword.execute(ClickKeyword.groovy:43)
	at com.kms.katalon.core.keyword.internal.KeywordExecutor.executeKeywordForPlatform(KeywordExecutor.groovy:73)
	at com.kms.katalon.core.webui.keyword.WebUiBuiltInKeywords.click(WebUiBuiltInKeywords.groovy:616)
	at com.kms.katalon.core.webui.keyword.WebUiBuiltInKeywords$click$5.call(Unknown Source)
	at Script1598478507206.run(Script1598478507206.groovy:317)
	... 13 more
)
[[ATTACHMENT|C:\\fdr-automation-develop_08_25_2020\\Reports\\20200908_125110\\FDR_Regression_Testing_Suite\\20200908_125110\\1599595470902.png]]

2020-09-08 13:04:31 - [TEST_STEP][FAILED] - sendKeys(findTestObject("FDR-VoucherEntry/DistributionLine/fundRatio"), Keys.chord(BACK_SPACE)): Unable to send keys '' to object 'Object Repository/FDR-VoucherEntry/DistributionLine/fundRatio' (Root cause: com.kms.katalon.core.exception.StepFailedException: Unable to send keys '' to object 'Object Repository/FDR-VoucherEntry/DistributionLine/fundRatio'
	at com.kms.katalon.core.webui.keyword.internal.WebUIKeywordMain.stepFailed(WebUIKeywordMain.groovy:64)
	at com.kms.katalon.core.webui.keyword.internal.WebUIKeywordMain.runKeyword(WebUIKeywordMain.groovy:26)
	at com.kms.katalon.core.webui.keyword.builtin.SendKeysKeyword.sendKeys(SendKeysKeyword.groovy:60)
	at com.kms.katalon.core.webui.keyword.builtin.SendKeysKeyword.execute(SendKeysKeyword.groovy:38)
	at com.kms.katalon.core.keyword.internal.KeywordExecutor.executeKeywordForPlatform(KeywordExecutor.groovy:73)
	at com.kms.katalon.core.webui.keyword.WebUiBuiltInKeywords.sendKeys(WebUiBuiltInKeywords.groovy:860)
	at com.kms.katalon.core.webui.keyword.WebUiBuiltInKeywords$sendKeys$8.call(Unknown Source)
	at FDR-END_2_END_Voucher_Reject.run(FDR-END_2_END_Voucher_Reject:318)
	at com.kms.katalon.core.main.ScriptEngine.run(ScriptEngine.java:194)
	at com.kms.katalon.core.main.ScriptEngine.runScriptAsRawText(ScriptEngine.java:119)
	at com.kms.katalon.core.main.TestCaseExecutor.runScript(TestCaseExecutor.java:339)
	at com.kms.katalon.core.main.TestCaseExecutor.doExecute(TestCaseExecutor.java:330)
	at com.kms.katalon.core.main.TestCaseExecutor.processExecutionPhase(TestCaseExecutor.java:309)
	at com.kms.katalon.core.main.TestCaseExecutor.accessMainPhase(TestCaseExecutor.java:301)
	at com.kms.katalon.core.main.TestCaseExecutor.execute(TestCaseExecutor.java:235)
	at com.kms.katalon.core.main.TestSuiteExecutor.accessTestCaseMainPhase(TestSuiteExecutor.java:191)
	at com.kms.katalon.core.main.TestSuiteExecutor.accessTestSuiteMainPhase(TestSuiteExecutor.java:141)
	at com.kms.katalon.core.main.TestSuiteExecutor.execute(TestSuiteExecutor.java:90)
	at com.kms.katalon.core.main.TestCaseMain.startTestSuite(TestCaseMain.java:157)
	at com.kms.katalon.core.main.TestCaseMain$startTestSuite$0.call(Unknown Source)
	at TempTestSuite1599594670457.run(TempTestSuite1599594670457.groovy:39)
Caused by: com.kms.katalon.core.webui.exception.WebElementNotFoundException: Web element with id: 'Object Repository/FDR-VoucherEntry/DistributionLine/fundRatio' located by '//input[@id='fundRatioId']' not found
	at com.kms.katalon.core.webui.common.WebUiCommonHelper.findWebElement(WebUiCommonHelper.java:1368)
	at com.kms.katalon.core.webui.keyword.internal.WebUIAbstractKeyword.findWebElement(WebUIAbstractKeyword.groovy:27)
	at com.kms.katalon.core.webui.keyword.internal.WebUIAbstractKeyword.findWebElement(WebUIAbstractKeyword.groovy:26)
	at com.kms.katalon.core.webui.keyword.builtin.SendKeysKeyword$_sendKeys_closure1.doCall(SendKeysKeyword.groovy:52)
	at com.kms.katalon.core.webui.keyword.builtin.SendKeysKeyword$_sendKeys_closure1.call(SendKeysKeyword.groovy)
	at com.kms.katalon.core.webui.keyword.internal.WebUIKeywordMain.runKeyword(WebUIKeywordMain.groovy:20)
	at com.kms.katalon.core.webui.keyword.builtin.SendKeysKeyword.sendKeys(SendKeysKeyword.groovy:60)
	at com.kms.katalon.core.webui.keyword.builtin.SendKeysKeyword.execute(SendKeysKeyword.groovy:38)
	at com.kms.katalon.core.keyword.internal.KeywordExecutor.executeKeywordForPlatform(KeywordExecutor.groovy:73)
	at com.kms.katalon.core.webui.keyword.WebUiBuiltInKeywords.sendKeys(WebUiBuiltInKeywords.groovy:860)
	at com.kms.katalon.core.webui.keyword.WebUiBuiltInKeywords$sendKeys$8.call(Unknown Source)
	at Script1598478507206.run(Script1598478507206.groovy:318)
	... 13 more
)

2020-09-08 13:04:35 - [MESSAGE][INFO] - Unable to find the element located by 'By.xpath: //input[@id='fundRatioId']'. Please recheck the objects properties to make sure the desired element is located. 

2020-09-08 13:04:35 - [MESSAGE][FAILED] - Unable to send keys '' to object 'Object Repository/FDR-VoucherEntry/DistributionLine/fundRatio' (Root cause: com.kms.katalon.core.exception.StepFailedException: Unable to send keys '' to object 'Object Repository/FDR-VoucherEntry/DistributionLine/fundRatio'
	at com.kms.katalon.core.webui.keyword.internal.WebUIKeywordMain.stepFailed(WebUIKeywordMain.groovy:64)
	at com.kms.katalon.core.webui.keyword.internal.WebUIKeywordMain.runKeyword(WebUIKeywordMain.groovy:26)
	at com.kms.katalon.core.webui.keyword.builtin.SendKeysKeyword.sendKeys(SendKeysKeyword.groovy:60)
	at com.kms.katalon.core.webui.keyword.builtin.SendKeysKeyword.execute(SendKeysKeyword.groovy:38)
	at com.kms.katalon.core.keyword.internal.KeywordExecutor.executeKeywordForPlatform(KeywordExecutor.groovy:73)
	at com.kms.katalon.core.webui.keyword.WebUiBuiltInKeywords.sendKeys(WebUiBuiltInKeywords.groovy:860)
	at com.kms.katalon.core.webui.keyword.WebUiBuiltInKeywords$sendKeys$8.call(Unknown Source)
	at FDR-END_2_END_Voucher_Reject.run(FDR-END_2_END_Voucher_Reject:318)
	at com.kms.katalon.core.main.ScriptEngine.run(ScriptEngine.java:194)
	at com.kms.katalon.core.main.ScriptEngine.runScriptAsRawText(ScriptEngine.java:119)
	at com.kms.katalon.core.main.TestCaseExecutor.runScript(TestCaseExecutor.java:339)
	at com.kms.katalon.core.main.TestCaseExecutor.doExecute(TestCaseExecutor.java:330)
	at com.kms.katalon.core.main.TestCaseExecutor.processExecutionPhase(TestCaseExecutor.java:309)
	at com.kms.katalon.core.main.TestCaseExecutor.accessMainPhase(TestCaseExecutor.java:301)
	at com.kms.katalon.core.main.TestCaseExecutor.execute(TestCaseExecutor.java:235)
	at com.kms.katalon.core.main.TestSuiteExecutor.accessTestCaseMainPhase(TestSuiteExecutor.java:191)
	at com.kms.katalon.core.main.TestSuiteExecutor.accessTestSuiteMainPhase(TestSuiteExecutor.java:141)
	at com.kms.katalon.core.main.TestSuiteExecutor.execute(TestSuiteExecutor.java:90)
	at com.kms.katalon.core.main.TestCaseMain.startTestSuite(TestCaseMain.java:157)
	at com.kms.katalon.core.main.TestCaseMain$startTestSuite$0.call(Unknown Source)
	at TempTestSuite1599594670457.run(TempTestSuite1599594670457.groovy:39)
Caused by: com.kms.katalon.core.webui.exception.WebElementNotFoundException: Web element with id: 'Object Repository/FDR-VoucherEntry/DistributionLine/fundRatio' located by '//input[@id='fundRatioId']' not found
	at com.kms.katalon.core.webui.common.WebUiCommonHelper.findWebElement(WebUiCommonHelper.java:1368)
	at com.kms.katalon.core.webui.keyword.internal.WebUIAbstractKeyword.findWebElement(WebUIAbstractKeyword.groovy:27)
	at com.kms.katalon.core.webui.keyword.internal.WebUIAbstractKeyword.findWebElement(WebUIAbstractKeyword.groovy:26)
	at com.kms.katalon.core.webui.keyword.builtin.SendKeysKeyword$_sendKeys_closure1.doCall(SendKeysKeyword.groovy:52)
	at com.kms.katalon.core.webui.keyword.builtin.SendKeysKeyword$_sendKeys_closure1.call(SendKeysKeyword.groovy)
	at com.kms.katalon.core.webui.keyword.internal.WebUIKeywordMain.runKeyword(WebUIKeywordMain.groovy:20)
	at com.kms.katalon.core.webui.keyword.builtin.SendKeysKeyword.sendKeys(SendKeysKeyword.groovy:60)
	at com.kms.katalon.core.webui.keyword.builtin.SendKeysKeyword.execute(SendKeysKeyword.groovy:38)
	at com.kms.katalon.core.keyword.internal.KeywordExecutor.executeKeywordForPlatform(KeywordExecutor.groovy:73)
	at com.kms.katalon.core.webui.keyword.WebUiBuiltInKeywords.sendKeys(WebUiBuiltInKeywords.groovy:860)
	at com.kms.katalon.core.webui.keyword.WebUiBuiltInKeywords$sendKeys$8.call(Unknown Source)
	at Script1598478507206.run(Script1598478507206.groovy:318)
	... 13 more
)
[[ATTACHMENT|C:\\fdr-automation-develop_08_25_2020\\Reports\\20200908_125110\\FDR_Regression_Testing_Suite\\20200908_125110\\1599595475283.png]]

2020-09-08 13:04:35 - [TEST_STEP][FAILED] - setText(findTestObject("FDR-VoucherEntry/DistributionLine/fundRatio"), "90/10"): Unable to set text '90/10' of object 'Object Repository/FDR-VoucherEntry/DistributionLine/fundRatio' (Root cause: com.kms.katalon.core.exception.StepFailedException: Unable to set text '90/10' of object 'Object Repository/FDR-VoucherEntry/DistributionLine/fundRatio'
	at com.kms.katalon.core.webui.keyword.internal.WebUIKeywordMain.stepFailed(WebUIKeywordMain.groovy:64)
	at com.kms.katalon.core.webui.keyword.internal.WebUIKeywordMain.runKeyword(WebUIKeywordMain.groovy:26)
	at com.kms.katalon.core.webui.keyword.builtin.SetTextKeyword.setText(SetTextKeyword.groovy:66)
	at com.kms.katalon.core.webui.keyword.builtin.SetTextKeyword.execute(SetTextKeyword.groovy:37)
	at com.kms.katalon.core.keyword.internal.KeywordExecutor.executeKeywordForPlatform(KeywordExecutor.groovy:73)
	at com.kms.katalon.core.webui.keyword.WebUiBuiltInKeywords.setText(WebUiBuiltInKeywords.groovy:976)
	at com.kms.katalon.core.webui.keyword.WebUiBuiltInKeywords$setText$3.call(Unknown Source)
	at FDR-END_2_END_Voucher_Reject.run(FDR-END_2_END_Voucher_Reject:319)
	at com.kms.katalon.core.main.ScriptEngine.run(ScriptEngine.java:194)
	at com.kms.katalon.core.main.ScriptEngine.runScriptAsRawText(ScriptEngine.java:119)
	at com.kms.katalon.core.main.TestCaseExecutor.runScript(TestCaseExecutor.java:339)
	at com.kms.katalon.core.main.TestCaseExecutor.doExecute(TestCaseExecutor.java:330)
	at com.kms.katalon.core.main.TestCaseExecutor.processExecutionPhase(TestCaseExecutor.java:309)
	at com.kms.katalon.core.main.TestCaseExecutor.accessMainPhase(TestCaseExecutor.java:301)
	at com.kms.katalon.core.main.TestCaseExecutor.execute(TestCaseExecutor.java:235)
	at com.kms.katalon.core.main.TestSuiteExecutor.accessTestCaseMainPhase(TestSuiteExecutor.java:191)
	at com.kms.katalon.core.main.TestSuiteExecutor.accessTestSuiteMainPhase(TestSuiteExecutor.java:141)
	at com.kms.katalon.core.main.TestSuiteExecutor.execute(TestSuiteExecutor.java:90)
	at com.kms.katalon.core.main.TestCaseMain.startTestSuite(TestCaseMain.java:157)
	at com.kms.katalon.core.main.TestCaseMain$startTestSuite$0.call(Unknown Source)
	at TempTestSuite1599594670457.run(TempTestSuite1599594670457.groovy:39)
Caused by: com.kms.katalon.core.webui.exception.WebElementNotFoundException: Web element with id: 'Object Repository/FDR-VoucherEntry/DistributionLine/fundRatio' located by '//input[@id='fundRatioId']' not found
	at com.kms.katalon.core.webui.common.WebUiCommonHelper.findWebElement(WebUiCommonHelper.java:1368)
	at com.kms.katalon.core.webui.keyword.internal.WebUIAbstractKeyword.findWebElement(WebUIAbstractKeyword.groovy:27)
	at com.kms.katalon.core.webui.keyword.internal.WebUIAbstractKeyword.findWebElement(WebUIAbstractKeyword.groovy:26)
	at com.kms.katalon.core.webui.keyword.builtin.SetTextKeyword$_setText_closure1.doCall(SetTextKeyword.groovy:51)
	at com.kms.katalon.core.webui.keyword.builtin.SetTextKeyword$_setText_closure1.call(SetTextKeyword.groovy)
	at com.kms.katalon.core.webui.keyword.internal.WebUIKeywordMain.runKeyword(WebUIKeywordMain.groovy:20)
	at com.kms.katalon.core.webui.keyword.builtin.SetTextKeyword.setText(SetTextKeyword.groovy:66)
	at com.kms.katalon.core.webui.keyword.builtin.SetTextKeyword.execute(SetTextKeyword.groovy:37)
	at com.kms.katalon.core.keyword.internal.KeywordExecutor.executeKeywordForPlatform(KeywordExecutor.groovy:73)
	at com.kms.katalon.core.webui.keyword.WebUiBuiltInKeywords.setText(WebUiBuiltInKeywords.groovy:976)
	at com.kms.katalon.core.webui.keyword.WebUiBuiltInKeywords$setText$3.call(Unknown Source)
	at Script1598478507206.run(Script1598478507206.groovy:319)
	... 13 more
)

2020-09-08 13:04:39 - [MESSAGE][INFO] - Unable to find the element located by 'By.xpath: //input[@id='fundRatioId']'. Please recheck the objects properties to make sure the desired element is located. 

2020-09-08 13:04:39 - [MESSAGE][FAILED] - Unable to set text '90/10' of object 'Object Repository/FDR-VoucherEntry/DistributionLine/fundRatio' (Root cause: com.kms.katalon.core.exception.StepFailedException: Unable to set text '90/10' of object 'Object Repository/FDR-VoucherEntry/DistributionLine/fundRatio'
	at com.kms.katalon.core.webui.keyword.internal.WebUIKeywordMain.stepFailed(WebUIKeywordMain.groovy:64)
	at com.kms.katalon.core.webui.keyword.internal.WebUIKeywordMain.runKeyword(WebUIKeywordMain.groovy:26)
	at com.kms.katalon.core.webui.keyword.builtin.SetTextKeyword.setText(SetTextKeyword.groovy:66)
	at com.kms.katalon.core.webui.keyword.builtin.SetTextKeyword.execute(SetTextKeyword.groovy:37)
	at com.kms.katalon.core.keyword.internal.KeywordExecutor.executeKeywordForPlatform(KeywordExecutor.groovy:73)
	at com.kms.katalon.core.webui.keyword.WebUiBuiltInKeywords.setText(WebUiBuiltInKeywords.groovy:976)
	at com.kms.katalon.core.webui.keyword.WebUiBuiltInKeywords$setText$3.call(Unknown Source)
	at FDR-END_2_END_Voucher_Reject.run(FDR-END_2_END_Voucher_Reject:319)
	at com.kms.katalon.core.main.ScriptEngine.run(ScriptEngine.java:194)
	at com.kms.katalon.core.main.ScriptEngine.runScriptAsRawText(ScriptEngine.java:119)
	at com.kms.katalon.core.main.TestCaseExecutor.runScript(TestCaseExecutor.java:339)
	at com.kms.katalon.core.main.TestCaseExecutor.doExecute(TestCaseExecutor.java:330)
	at com.kms.katalon.core.main.TestCaseExecutor.processExecutionPhase(TestCaseExecutor.java:309)
	at com.kms.katalon.core.main.TestCaseExecutor.accessMainPhase(TestCaseExecutor.java:301)
	at com.kms.katalon.core.main.TestCaseExecutor.execute(TestCaseExecutor.java:235)
	at com.kms.katalon.core.main.TestSuiteExecutor.accessTestCaseMainPhase(TestSuiteExecutor.java:191)
	at com.kms.katalon.core.main.TestSuiteExecutor.accessTestSuiteMainPhase(TestSuiteExecutor.java:141)
	at com.kms.katalon.core.main.TestSuiteExecutor.execute(TestSuiteExecutor.java:90)
	at com.kms.katalon.core.main.TestCaseMain.startTestSuite(TestCaseMain.java:157)
	at com.kms.katalon.core.main.TestCaseMain$startTestSuite$0.call(Unknown Source)
	at TempTestSuite1599594670457.run(TempTestSuite1599594670457.groovy:39)
Caused by: com.kms.katalon.core.webui.exception.WebElementNotFoundException: Web element with id: 'Object Repository/FDR-VoucherEntry/DistributionLine/fundRatio' located by '//input[@id='fundRatioId']' not found
	at com.kms.katalon.core.webui.common.WebUiCommonHelper.findWebElement(WebUiCommonHelper.java:1368)
	at com.kms.katalon.core.webui.keyword.internal.WebUIAbstractKeyword.findWebElement(WebUIAbstractKeyword.groovy:27)
	at com.kms.katalon.core.webui.keyword.internal.WebUIAbstractKeyword.findWebElement(WebUIAbstractKeyword.groovy:26)
	at com.kms.katalon.core.webui.keyword.builtin.SetTextKeyword$_setText_closure1.doCall(SetTextKeyword.groovy:51)
	at com.kms.katalon.core.webui.keyword.builtin.SetTextKeyword$_setText_closure1.call(SetTextKeyword.groovy)
	at com.kms.katalon.core.webui.keyword.internal.WebUIKeywordMain.runKeyword(WebUIKeywordMain.groovy:20)
	at com.kms.katalon.core.webui.keyword.builtin.SetTextKeyword.setText(SetTextKeyword.groovy:66)
	at com.kms.katalon.core.webui.keyword.builtin.SetTextKeyword.execute(SetTextKeyword.groovy:37)
	at com.kms.katalon.core.keyword.internal.KeywordExecutor.executeKeywordForPlatform(KeywordExecutor.groovy:73)
	at com.kms.katalon.core.webui.keyword.WebUiBuiltInKeywords.setText(WebUiBuiltInKeywords.groovy:976)
	at com.kms.katalon.core.webui.keyword.WebUiBuiltInKeywords$setText$3.call(Unknown Source)
	at Script1598478507206.run(Script1598478507206.groovy:319)
	... 13 more
)
[[ATTACHMENT|C:\\fdr-automation-develop_08_25_2020\\Reports\\20200908_125110\\FDR_Regression_Testing_Suite\\20200908_125110\\1599595479707.png]]

2020-09-08 13:04:39 - [TEST_STEP][FAILED] - sendKeys(findTestObject("FDR-VoucherEntry/DistributionLine/fundRatio"), Keys.chord(DOWN, ENTER)): Unable to send keys '' to object 'Object Repository/FDR-VoucherEntry/DistributionLine/fundRatio' (Root cause: com.kms.katalon.core.exception.StepFailedException: Unable to send keys '' to object 'Object Repository/FDR-VoucherEntry/DistributionLine/fundRatio'
	at com.kms.katalon.core.webui.keyword.internal.WebUIKeywordMain.stepFailed(WebUIKeywordMain.groovy:64)
	at com.kms.katalon.core.webui.keyword.internal.WebUIKeywordMain.runKeyword(WebUIKeywordMain.groovy:26)
	at com.kms.katalon.core.webui.keyword.builtin.SendKeysKeyword.sendKeys(SendKeysKeyword.groovy:60)
	at com.kms.katalon.core.webui.keyword.builtin.SendKeysKeyword.execute(SendKeysKeyword.groovy:38)
	at com.kms.katalon.core.keyword.internal.KeywordExecutor.executeKeywordForPlatform(KeywordExecutor.groovy:73)
	at com.kms.katalon.core.webui.keyword.WebUiBuiltInKeywords.sendKeys(WebUiBuiltInKeywords.groovy:860)
	at com.kms.katalon.core.webui.keyword.WebUiBuiltInKeywords$sendKeys$8.call(Unknown Source)
	at FDR-END_2_END_Voucher_Reject.run(FDR-END_2_END_Voucher_Reject:320)
	at com.kms.katalon.core.main.ScriptEngine.run(ScriptEngine.java:194)
	at com.kms.katalon.core.main.ScriptEngine.runScriptAsRawText(ScriptEngine.java:119)
	at com.kms.katalon.core.main.TestCaseExecutor.runScript(TestCaseExecutor.java:339)
	at com.kms.katalon.core.main.TestCaseExecutor.doExecute(TestCaseExecutor.java:330)
	at com.kms.katalon.core.main.TestCaseExecutor.processExecutionPhase(TestCaseExecutor.java:309)
	at com.kms.katalon.core.main.TestCaseExecutor.accessMainPhase(TestCaseExecutor.java:301)
	at com.kms.katalon.core.main.TestCaseExecutor.execute(TestCaseExecutor.java:235)
	at com.kms.katalon.core.main.TestSuiteExecutor.accessTestCaseMainPhase(TestSuiteExecutor.java:191)
	at com.kms.katalon.core.main.TestSuiteExecutor.accessTestSuiteMainPhase(TestSuiteExecutor.java:141)
	at com.kms.katalon.core.main.TestSuiteExecutor.execute(TestSuiteExecutor.java:90)
	at com.kms.katalon.core.main.TestCaseMain.startTestSuite(TestCaseMain.java:157)
	at com.kms.katalon.core.main.TestCaseMain$startTestSuite$0.call(Unknown Source)
	at TempTestSuite1599594670457.run(TempTestSuite1599594670457.groovy:39)
Caused by: com.kms.katalon.core.webui.exception.WebElementNotFoundException: Web element with id: 'Object Repository/FDR-VoucherEntry/DistributionLine/fundRatio' located by '//input[@id='fundRatioId']' not found
	at com.kms.katalon.core.webui.common.WebUiCommonHelper.findWebElement(WebUiCommonHelper.java:1368)
	at com.kms.katalon.core.webui.keyword.internal.WebUIAbstractKeyword.findWebElement(WebUIAbstractKeyword.groovy:27)
	at com.kms.katalon.core.webui.keyword.internal.WebUIAbstractKeyword.findWebElement(WebUIAbstractKeyword.groovy:26)
	at com.kms.katalon.core.webui.keyword.builtin.SendKeysKeyword$_sendKeys_closure1.doCall(SendKeysKeyword.groovy:52)
	at com.kms.katalon.core.webui.keyword.builtin.SendKeysKeyword$_sendKeys_closure1.call(SendKeysKeyword.groovy)
	at com.kms.katalon.core.webui.keyword.internal.WebUIKeywordMain.runKeyword(WebUIKeywordMain.groovy:20)
	at com.kms.katalon.core.webui.keyword.builtin.SendKeysKeyword.sendKeys(SendKeysKeyword.groovy:60)
	at com.kms.katalon.core.webui.keyword.builtin.SendKeysKeyword.execute(SendKeysKeyword.groovy:38)
	at com.kms.katalon.core.keyword.internal.KeywordExecutor.executeKeywordForPlatform(KeywordExecutor.groovy:73)
	at com.kms.katalon.core.webui.keyword.WebUiBuiltInKeywords.sendKeys(WebUiBuiltInKeywords.groovy:860)
	at com.kms.katalon.core.webui.keyword.WebUiBuiltInKeywords$sendKeys$8.call(Unknown Source)
	at Script1598478507206.run(Script1598478507206.groovy:320)
	... 13 more
)

2020-09-08 13:04:44 - [MESSAGE][INFO] - Unable to find the element located by 'By.xpath: //input[@id='fundRatioId']'. Please recheck the objects properties to make sure the desired element is located. 

2020-09-08 13:04:44 - [MESSAGE][FAILED] - Unable to send keys '' to object 'Object Repository/FDR-VoucherEntry/DistributionLine/fundRatio' (Root cause: com.kms.katalon.core.exception.StepFailedException: Unable to send keys '' to object 'Object Repository/FDR-VoucherEntry/DistributionLine/fundRatio'
	at com.kms.katalon.core.webui.keyword.internal.WebUIKeywordMain.stepFailed(WebUIKeywordMain.groovy:64)
	at com.kms.katalon.core.webui.keyword.internal.WebUIKeywordMain.runKeyword(WebUIKeywordMain.groovy:26)
	at com.kms.katalon.core.webui.keyword.builtin.SendKeysKeyword.sendKeys(SendKeysKeyword.groovy:60)
	at com.kms.katalon.core.webui.keyword.builtin.SendKeysKeyword.execute(SendKeysKeyword.groovy:38)
	at com.kms.katalon.core.keyword.internal.KeywordExecutor.executeKeywordForPlatform(KeywordExecutor.groovy:73)
	at com.kms.katalon.core.webui.keyword.WebUiBuiltInKeywords.sendKeys(WebUiBuiltInKeywords.groovy:860)
	at com.kms.katalon.core.webui.keyword.WebUiBuiltInKeywords$sendKeys$8.call(Unknown Source)
	at FDR-END_2_END_Voucher_Reject.run(FDR-END_2_END_Voucher_Reject:320)
	at com.kms.katalon.core.main.ScriptEngine.run(ScriptEngine.java:194)
	at com.kms.katalon.core.main.ScriptEngine.runScriptAsRawText(ScriptEngine.java:119)
	at com.kms.katalon.core.main.TestCaseExecutor.runScript(TestCaseExecutor.java:339)
	at com.kms.katalon.core.main.TestCaseExecutor.doExecute(TestCaseExecutor.java:330)
	at com.kms.katalon.core.main.TestCaseExecutor.processExecutionPhase(TestCaseExecutor.java:309)
	at com.kms.katalon.core.main.TestCaseExecutor.accessMainPhase(TestCaseExecutor.java:301)
	at com.kms.katalon.core.main.TestCaseExecutor.execute(TestCaseExecutor.java:235)
	at com.kms.katalon.core.main.TestSuiteExecutor.accessTestCaseMainPhase(TestSuiteExecutor.java:191)
	at com.kms.katalon.core.main.TestSuiteExecutor.accessTestSuiteMainPhase(TestSuiteExecutor.java:141)
	at com.kms.katalon.core.main.TestSuiteExecutor.execute(TestSuiteExecutor.java:90)
	at com.kms.katalon.core.main.TestCaseMain.startTestSuite(TestCaseMain.java:157)
	at com.kms.katalon.core.main.TestCaseMain$startTestSuite$0.call(Unknown Source)
	at TempTestSuite1599594670457.run(TempTestSuite1599594670457.groovy:39)
Caused by: com.kms.katalon.core.webui.exception.WebElementNotFoundException: Web element with id: 'Object Repository/FDR-VoucherEntry/DistributionLine/fundRatio' located by '//input[@id='fundRatioId']' not found
	at com.kms.katalon.core.webui.common.WebUiCommonHelper.findWebElement(WebUiCommonHelper.java:1368)
	at com.kms.katalon.core.webui.keyword.internal.WebUIAbstractKeyword.findWebElement(WebUIAbstractKeyword.groovy:27)
	at com.kms.katalon.core.webui.keyword.internal.WebUIAbstractKeyword.findWebElement(WebUIAbstractKeyword.groovy:26)
	at com.kms.katalon.core.webui.keyword.builtin.SendKeysKeyword$_sendKeys_closure1.doCall(SendKeysKeyword.groovy:52)
	at com.kms.katalon.core.webui.keyword.builtin.SendKeysKeyword$_sendKeys_closure1.call(SendKeysKeyword.groovy)
	at com.kms.katalon.core.webui.keyword.internal.WebUIKeywordMain.runKeyword(WebUIKeywordMain.groovy:20)
	at com.kms.katalon.core.webui.keyword.builtin.SendKeysKeyword.sendKeys(SendKeysKeyword.groovy:60)
	at com.kms.katalon.core.webui.keyword.builtin.SendKeysKeyword.execute(SendKeysKeyword.groovy:38)
	at com.kms.katalon.core.keyword.internal.KeywordExecutor.executeKeywordForPlatform(KeywordExecutor.groovy:73)
	at com.kms.katalon.core.webui.keyword.WebUiBuiltInKeywords.sendKeys(WebUiBuiltInKeywords.groovy:860)
	at com.kms.katalon.core.webui.keyword.WebUiBuiltInKeywords$sendKeys$8.call(Unknown Source)
	at Script1598478507206.run(Script1598478507206.groovy:320)
	... 13 more
)
[[ATTACHMENT|C:\\fdr-automation-develop_08_25_2020\\Reports\\20200908_125110\\FDR_Regression_Testing_Suite\\20200908_125110\\1599595484096.png]]

2020-09-08 13:04:44 - [TEST_STEP][FAILED] - click(findTestObject("FDR-VoucherEntry/DistributionLine/nonFederalFund")): Unable to click on object 'Object Repository/FDR-VoucherEntry/DistributionLine/nonFederalFund' (Root cause: com.kms.katalon.core.exception.StepFailedException: Unable to click on object 'Object Repository/FDR-VoucherEntry/DistributionLine/nonFederalFund'
	at com.kms.katalon.core.webui.keyword.internal.WebUIKeywordMain.stepFailed(WebUIKeywordMain.groovy:64)
	at com.kms.katalon.core.webui.keyword.internal.WebUIKeywordMain.runKeyword(WebUIKeywordMain.groovy:26)
	at com.kms.katalon.core.webui.keyword.builtin.ClickKeyword.click(ClickKeyword.groovy:76)
	at com.kms.katalon.core.webui.keyword.builtin.ClickKeyword.execute(ClickKeyword.groovy:43)
	at com.kms.katalon.core.keyword.internal.KeywordExecutor.executeKeywordForPlatform(KeywordExecutor.groovy:73)
	at com.kms.katalon.core.webui.keyword.WebUiBuiltInKeywords.click(WebUiBuiltInKeywords.groovy:616)
	at com.kms.katalon.core.webui.keyword.WebUiBuiltInKeywords$click$5.call(Unknown Source)
	at FDR-END_2_END_Voucher_Reject.run(FDR-END_2_END_Voucher_Reject:322)
	at com.kms.katalon.core.main.ScriptEngine.run(ScriptEngine.java:194)
	at com.kms.katalon.core.main.ScriptEngine.runScriptAsRawText(ScriptEngine.java:119)
	at com.kms.katalon.core.main.TestCaseExecutor.runScript(TestCaseExecutor.java:339)
	at com.kms.katalon.core.main.TestCaseExecutor.doExecute(TestCaseExecutor.java:330)
	at com.kms.katalon.core.main.TestCaseExecutor.processExecutionPhase(TestCaseExecutor.java:309)
	at com.kms.katalon.core.main.TestCaseExecutor.accessMainPhase(TestCaseExecutor.java:301)
	at com.kms.katalon.core.main.TestCaseExecutor.execute(TestCaseExecutor.java:235)
	at com.kms.katalon.core.main.TestSuiteExecutor.accessTestCaseMainPhase(TestSuiteExecutor.java:191)
	at com.kms.katalon.core.main.TestSuiteExecutor.accessTestSuiteMainPhase(TestSuiteExecutor.java:141)
	at com.kms.katalon.core.main.TestSuiteExecutor.execute(TestSuiteExecutor.java:90)
	at com.kms.katalon.core.main.TestCaseMain.startTestSuite(TestCaseMain.java:157)
	at com.kms.katalon.core.main.TestCaseMain$startTestSuite$0.call(Unknown Source)
	at TempTestSuite1599594670457.run(TempTestSuite1599594670457.groovy:39)
Caused by: com.kms.katalon.core.webui.exception.WebElementNotFoundException: Web element with id: 'Object Repository/FDR-VoucherEntry/DistributionLine/nonFederalFund' located by '//input[@id='nonFederalFundId']' not found
	at com.kms.katalon.core.webui.common.WebUiCommonHelper.findWebElement(WebUiCommonHelper.java:1368)
	at com.kms.katalon.core.webui.keyword.internal.WebUIAbstractKeyword.findWebElement(WebUIAbstractKeyword.groovy:27)
	at com.kms.katalon.core.webui.keyword.internal.WebUIAbstractKeyword.findWebElement(WebUIAbstractKeyword.groovy:26)
	at com.kms.katalon.core.webui.keyword.builtin.ClickKeyword$_click_closure1.doCall(ClickKeyword.groovy:67)
	at com.kms.katalon.core.webui.keyword.builtin.ClickKeyword$_click_closure1.call(ClickKeyword.groovy)
	at com.kms.katalon.core.webui.keyword.internal.WebUIKeywordMain.runKeyword(WebUIKeywordMain.groovy:20)
	at com.kms.katalon.core.webui.keyword.builtin.ClickKeyword.click(ClickKeyword.groovy:76)
	at com.kms.katalon.core.webui.keyword.builtin.ClickKeyword.execute(ClickKeyword.groovy:43)
	at com.kms.katalon.core.keyword.internal.KeywordExecutor.executeKeywordForPlatform(KeywordExecutor.groovy:73)
	at com.kms.katalon.core.webui.keyword.WebUiBuiltInKeywords.click(WebUiBuiltInKeywords.groovy:616)
	at com.kms.katalon.core.webui.keyword.WebUiBuiltInKeywords$click$5.call(Unknown Source)
	at Script1598478507206.run(Script1598478507206.groovy:322)
	... 13 more
)

2020-09-08 13:04:48 - [MESSAGE][INFO] - Unable to find the element located by 'By.xpath: //input[@id='nonFederalFundId']'. Please recheck the objects properties to make sure the desired element is located. 

2020-09-08 13:04:48 - [MESSAGE][FAILED] - Unable to click on object 'Object Repository/FDR-VoucherEntry/DistributionLine/nonFederalFund' (Root cause: com.kms.katalon.core.exception.StepFailedException: Unable to click on object 'Object Repository/FDR-VoucherEntry/DistributionLine/nonFederalFund'
	at com.kms.katalon.core.webui.keyword.internal.WebUIKeywordMain.stepFailed(WebUIKeywordMain.groovy:64)
	at com.kms.katalon.core.webui.keyword.internal.WebUIKeywordMain.runKeyword(WebUIKeywordMain.groovy:26)
	at com.kms.katalon.core.webui.keyword.builtin.ClickKeyword.click(ClickKeyword.groovy:76)
	at com.kms.katalon.core.webui.keyword.builtin.ClickKeyword.execute(ClickKeyword.groovy:43)
	at com.kms.katalon.core.keyword.internal.KeywordExecutor.executeKeywordForPlatform(KeywordExecutor.groovy:73)
	at com.kms.katalon.core.webui.keyword.WebUiBuiltInKeywords.click(WebUiBuiltInKeywords.groovy:616)
	at com.kms.katalon.core.webui.keyword.WebUiBuiltInKeywords$click$5.call(Unknown Source)
	at FDR-END_2_END_Voucher_Reject.run(FDR-END_2_END_Voucher_Reject:322)
	at com.kms.katalon.core.main.ScriptEngine.run(ScriptEngine.java:194)
	at com.kms.katalon.core.main.ScriptEngine.runScriptAsRawText(ScriptEngine.java:119)
	at com.kms.katalon.core.main.TestCaseExecutor.runScript(TestCaseExecutor.java:339)
	at com.kms.katalon.core.main.TestCaseExecutor.doExecute(TestCaseExecutor.java:330)
	at com.kms.katalon.core.main.TestCaseExecutor.processExecutionPhase(TestCaseExecutor.java:309)
	at com.kms.katalon.core.main.TestCaseExecutor.accessMainPhase(TestCaseExecutor.java:301)
	at com.kms.katalon.core.main.TestCaseExecutor.execute(TestCaseExecutor.java:235)
	at com.kms.katalon.core.main.TestSuiteExecutor.accessTestCaseMainPhase(TestSuiteExecutor.java:191)
	at com.kms.katalon.core.main.TestSuiteExecutor.accessTestSuiteMainPhase(TestSuiteExecutor.java:141)
	at com.kms.katalon.core.main.TestSuiteExecutor.execute(TestSuiteExecutor.java:90)
	at com.kms.katalon.core.main.TestCaseMain.startTestSuite(TestCaseMain.java:157)
	at com.kms.katalon.core.main.TestCaseMain$startTestSuite$0.call(Unknown Source)
	at TempTestSuite1599594670457.run(TempTestSuite1599594670457.groovy:39)
Caused by: com.kms.katalon.core.webui.exception.WebElementNotFoundException: Web element with id: 'Object Repository/FDR-VoucherEntry/DistributionLine/nonFederalFund' located by '//input[@id='nonFederalFundId']' not found
	at com.kms.katalon.core.webui.common.WebUiCommonHelper.findWebElement(WebUiCommonHelper.java:1368)
	at com.kms.katalon.core.webui.keyword.internal.WebUIAbstractKeyword.findWebElement(WebUIAbstractKeyword.groovy:27)
	at com.kms.katalon.core.webui.keyword.internal.WebUIAbstractKeyword.findWebElement(WebUIAbstractKeyword.groovy:26)
	at com.kms.katalon.core.webui.keyword.builtin.ClickKeyword$_click_closure1.doCall(ClickKeyword.groovy:67)
	at com.kms.katalon.core.webui.keyword.builtin.ClickKeyword$_click_closure1.call(ClickKeyword.groovy)
	at com.kms.katalon.core.webui.keyword.internal.WebUIKeywordMain.runKeyword(WebUIKeywordMain.groovy:20)
	at com.kms.katalon.core.webui.keyword.builtin.ClickKeyword.click(ClickKeyword.groovy:76)
	at com.kms.katalon.core.webui.keyword.builtin.ClickKeyword.execute(ClickKeyword.groovy:43)
	at com.kms.katalon.core.keyword.internal.KeywordExecutor.executeKeywordForPlatform(KeywordExecutor.groovy:73)
	at com.kms.katalon.core.webui.keyword.WebUiBuiltInKeywords.click(WebUiBuiltInKeywords.groovy:616)
	at com.kms.katalon.core.webui.keyword.WebUiBuiltInKeywords$click$5.call(Unknown Source)
	at Script1598478507206.run(Script1598478507206.groovy:322)
	... 13 more
)
[[ATTACHMENT|C:\\fdr-automation-develop_08_25_2020\\Reports\\20200908_125110\\FDR_Regression_Testing_Suite\\20200908_125110\\1599595488462.png]]

2020-09-08 13:04:48 - [TEST_STEP][FAILED] - sendKeys(findTestObject("FDR-VoucherEntry/DistributionLine/nonFederalFund"), Keys.chord(BACK_SPACE)): Unable to send keys '' to object 'Object Repository/FDR-VoucherEntry/DistributionLine/nonFederalFund' (Root cause: com.kms.katalon.core.exception.StepFailedException: Unable to send keys '' to object 'Object Repository/FDR-VoucherEntry/DistributionLine/nonFederalFund'
	at com.kms.katalon.core.webui.keyword.internal.WebUIKeywordMain.stepFailed(WebUIKeywordMain.groovy:64)
	at com.kms.katalon.core.webui.keyword.internal.WebUIKeywordMain.runKeyword(WebUIKeywordMain.groovy:26)
	at com.kms.katalon.core.webui.keyword.builtin.SendKeysKeyword.sendKeys(SendKeysKeyword.groovy:60)
	at com.kms.katalon.core.webui.keyword.builtin.SendKeysKeyword.execute(SendKeysKeyword.groovy:38)
	at com.kms.katalon.core.keyword.internal.KeywordExecutor.executeKeywordForPlatform(KeywordExecutor.groovy:73)
	at com.kms.katalon.core.webui.keyword.WebUiBuiltInKeywords.sendKeys(WebUiBuiltInKeywords.groovy:860)
	at com.kms.katalon.core.webui.keyword.WebUiBuiltInKeywords$sendKeys$8.call(Unknown Source)
	at FDR-END_2_END_Voucher_Reject.run(FDR-END_2_END_Voucher_Reject:323)
	at com.kms.katalon.core.main.ScriptEngine.run(ScriptEngine.java:194)
	at com.kms.katalon.core.main.ScriptEngine.runScriptAsRawText(ScriptEngine.java:119)
	at com.kms.katalon.core.main.TestCaseExecutor.runScript(TestCaseExecutor.java:339)
	at com.kms.katalon.core.main.TestCaseExecutor.doExecute(TestCaseExecutor.java:330)
	at com.kms.katalon.core.main.TestCaseExecutor.processExecutionPhase(TestCaseExecutor.java:309)
	at com.kms.katalon.core.main.TestCaseExecutor.accessMainPhase(TestCaseExecutor.java:301)
	at com.kms.katalon.core.main.TestCaseExecutor.execute(TestCaseExecutor.java:235)
	at com.kms.katalon.core.main.TestSuiteExecutor.accessTestCaseMainPhase(TestSuiteExecutor.java:191)
	at com.kms.katalon.core.main.TestSuiteExecutor.accessTestSuiteMainPhase(TestSuiteExecutor.java:141)
	at com.kms.katalon.core.main.TestSuiteExecutor.execute(TestSuiteExecutor.java:90)
	at com.kms.katalon.core.main.TestCaseMain.startTestSuite(TestCaseMain.java:157)
	at com.kms.katalon.core.main.TestCaseMain$startTestSuite$0.call(Unknown Source)
	at TempTestSuite1599594670457.run(TempTestSuite1599594670457.groovy:39)
Caused by: com.kms.katalon.core.webui.exception.WebElementNotFoundException: Web element with id: 'Object Repository/FDR-VoucherEntry/DistributionLine/nonFederalFund' located by '//input[@id='nonFederalFundId']' not found
	at com.kms.katalon.core.webui.common.WebUiCommonHelper.findWebElement(WebUiCommonHelper.java:1368)
	at com.kms.katalon.core.webui.keyword.internal.WebUIAbstractKeyword.findWebElement(WebUIAbstractKeyword.groovy:27)
	at com.kms.katalon.core.webui.keyword.internal.WebUIAbstractKeyword.findWebElement(WebUIAbstractKeyword.groovy:26)
	at com.kms.katalon.core.webui.keyword.builtin.SendKeysKeyword$_sendKeys_closure1.doCall(SendKeysKeyword.groovy:52)
	at com.kms.katalon.core.webui.keyword.builtin.SendKeysKeyword$_sendKeys_closure1.call(SendKeysKeyword.groovy)
	at com.kms.katalon.core.webui.keyword.internal.WebUIKeywordMain.runKeyword(WebUIKeywordMain.groovy:20)
	at com.kms.katalon.core.webui.keyword.builtin.SendKeysKeyword.sendKeys(SendKeysKeyword.groovy:60)
	at com.kms.katalon.core.webui.keyword.builtin.SendKeysKeyword.execute(SendKeysKeyword.groovy:38)
	at com.kms.katalon.core.keyword.internal.KeywordExecutor.executeKeywordForPlatform(KeywordExecutor.groovy:73)
	at com.kms.katalon.core.webui.keyword.WebUiBuiltInKeywords.sendKeys(WebUiBuiltInKeywords.groovy:860)
	at com.kms.katalon.core.webui.keyword.WebUiBuiltInKeywords$sendKeys$8.call(Unknown Source)
	at Script1598478507206.run(Script1598478507206.groovy:323)
	... 13 more
)

2020-09-08 13:04:52 - [MESSAGE][INFO] - Unable to find the element located by 'By.xpath: //input[@id='nonFederalFundId']'. Please recheck the objects properties to make sure the desired element is located. 

2020-09-08 13:04:53 - [MESSAGE][FAILED] - Unable to send keys '' to object 'Object Repository/FDR-VoucherEntry/DistributionLine/nonFederalFund' (Root cause: com.kms.katalon.core.exception.StepFailedException: Unable to send keys '' to object 'Object Repository/FDR-VoucherEntry/DistributionLine/nonFederalFund'
	at com.kms.katalon.core.webui.keyword.internal.WebUIKeywordMain.stepFailed(WebUIKeywordMain.groovy:64)
	at com.kms.katalon.core.webui.keyword.internal.WebUIKeywordMain.runKeyword(WebUIKeywordMain.groovy:26)
	at com.kms.katalon.core.webui.keyword.builtin.SendKeysKeyword.sendKeys(SendKeysKeyword.groovy:60)
	at com.kms.katalon.core.webui.keyword.builtin.SendKeysKeyword.execute(SendKeysKeyword.groovy:38)
	at com.kms.katalon.core.keyword.internal.KeywordExecutor.executeKeywordForPlatform(KeywordExecutor.groovy:73)
	at com.kms.katalon.core.webui.keyword.WebUiBuiltInKeywords.sendKeys(WebUiBuiltInKeywords.groovy:860)
	at com.kms.katalon.core.webui.keyword.WebUiBuiltInKeywords$sendKeys$8.call(Unknown Source)
	at FDR-END_2_END_Voucher_Reject.run(FDR-END_2_END_Voucher_Reject:323)
	at com.kms.katalon.core.main.ScriptEngine.run(ScriptEngine.java:194)
	at com.kms.katalon.core.main.ScriptEngine.runScriptAsRawText(ScriptEngine.java:119)
	at com.kms.katalon.core.main.TestCaseExecutor.runScript(TestCaseExecutor.java:339)
	at com.kms.katalon.core.main.TestCaseExecutor.doExecute(TestCaseExecutor.java:330)
	at com.kms.katalon.core.main.TestCaseExecutor.processExecutionPhase(TestCaseExecutor.java:309)
	at com.kms.katalon.core.main.TestCaseExecutor.accessMainPhase(TestCaseExecutor.java:301)
	at com.kms.katalon.core.main.TestCaseExecutor.execute(TestCaseExecutor.java:235)
	at com.kms.katalon.core.main.TestSuiteExecutor.accessTestCaseMainPhase(TestSuiteExecutor.java:191)
	at com.kms.katalon.core.main.TestSuiteExecutor.accessTestSuiteMainPhase(TestSuiteExecutor.java:141)
	at com.kms.katalon.core.main.TestSuiteExecutor.execute(TestSuiteExecutor.java:90)
	at com.kms.katalon.core.main.TestCaseMain.startTestSuite(TestCaseMain.java:157)
	at com.kms.katalon.core.main.TestCaseMain$startTestSuite$0.call(Unknown Source)
	at TempTestSuite1599594670457.run(TempTestSuite1599594670457.groovy:39)
Caused by: com.kms.katalon.core.webui.exception.WebElementNotFoundException: Web element with id: 'Object Repository/FDR-VoucherEntry/DistributionLine/nonFederalFund' located by '//input[@id='nonFederalFundId']' not found
	at com.kms.katalon.core.webui.common.WebUiCommonHelper.findWebElement(WebUiCommonHelper.java:1368)
	at com.kms.katalon.core.webui.keyword.internal.WebUIAbstractKeyword.findWebElement(WebUIAbstractKeyword.groovy:27)
	at com.kms.katalon.core.webui.keyword.internal.WebUIAbstractKeyword.findWebElement(WebUIAbstractKeyword.groovy:26)
	at com.kms.katalon.core.webui.keyword.builtin.SendKeysKeyword$_sendKeys_closure1.doCall(SendKeysKeyword.groovy:52)
	at com.kms.katalon.core.webui.keyword.builtin.SendKeysKeyword$_sendKeys_closure1.call(SendKeysKeyword.groovy)
	at com.kms.katalon.core.webui.keyword.internal.WebUIKeywordMain.runKeyword(WebUIKeywordMain.groovy:20)
	at com.kms.katalon.core.webui.keyword.builtin.SendKeysKeyword.sendKeys(SendKeysKeyword.groovy:60)
	at com.kms.katalon.core.webui.keyword.builtin.SendKeysKeyword.execute(SendKeysKeyword.groovy:38)
	at com.kms.katalon.core.keyword.internal.KeywordExecutor.executeKeywordForPlatform(KeywordExecutor.groovy:73)
	at com.kms.katalon.core.webui.keyword.WebUiBuiltInKeywords.sendKeys(WebUiBuiltInKeywords.groovy:860)
	at com.kms.katalon.core.webui.keyword.WebUiBuiltInKeywords$sendKeys$8.call(Unknown Source)
	at Script1598478507206.run(Script1598478507206.groovy:323)
	... 13 more
)
[[ATTACHMENT|C:\\fdr-automation-develop_08_25_2020\\Reports\\20200908_125110\\FDR_Regression_Testing_Suite\\20200908_125110\\1599595492921.png]]

2020-09-08 13:04:53 - [TEST_STEP][FAILED] - setText(findTestObject("FDR-VoucherEntry/DistributionLine/nonFederalFund"), "0001"): Unable to set text '0001' of object 'Object Repository/FDR-VoucherEntry/DistributionLine/nonFederalFund' (Root cause: com.kms.katalon.core.exception.StepFailedException: Unable to set text '0001' of object 'Object Repository/FDR-VoucherEntry/DistributionLine/nonFederalFund'
	at com.kms.katalon.core.webui.keyword.internal.WebUIKeywordMain.stepFailed(WebUIKeywordMain.groovy:64)
	at com.kms.katalon.core.webui.keyword.internal.WebUIKeywordMain.runKeyword(WebUIKeywordMain.groovy:26)
	at com.kms.katalon.core.webui.keyword.builtin.SetTextKeyword.setText(SetTextKeyword.groovy:66)
	at com.kms.katalon.core.webui.keyword.builtin.SetTextKeyword.execute(SetTextKeyword.groovy:37)
	at com.kms.katalon.core.keyword.internal.KeywordExecutor.executeKeywordForPlatform(KeywordExecutor.groovy:73)
	at com.kms.katalon.core.webui.keyword.WebUiBuiltInKeywords.setText(WebUiBuiltInKeywords.groovy:976)
	at com.kms.katalon.core.webui.keyword.WebUiBuiltInKeywords$setText$3.call(Unknown Source)
	at FDR-END_2_END_Voucher_Reject.run(FDR-END_2_END_Voucher_Reject:324)
	at com.kms.katalon.core.main.ScriptEngine.run(ScriptEngine.java:194)
	at com.kms.katalon.core.main.ScriptEngine.runScriptAsRawText(ScriptEngine.java:119)
	at com.kms.katalon.core.main.TestCaseExecutor.runScript(TestCaseExecutor.java:339)
	at com.kms.katalon.core.main.TestCaseExecutor.doExecute(TestCaseExecutor.java:330)
	at com.kms.katalon.core.main.TestCaseExecutor.processExecutionPhase(TestCaseExecutor.java:309)
	at com.kms.katalon.core.main.TestCaseExecutor.accessMainPhase(TestCaseExecutor.java:301)
	at com.kms.katalon.core.main.TestCaseExecutor.execute(TestCaseExecutor.java:235)
	at com.kms.katalon.core.main.TestSuiteExecutor.accessTestCaseMainPhase(TestSuiteExecutor.java:191)
	at com.kms.katalon.core.main.TestSuiteExecutor.accessTestSuiteMainPhase(TestSuiteExecutor.java:141)
	at com.kms.katalon.core.main.TestSuiteExecutor.execute(TestSuiteExecutor.java:90)
	at com.kms.katalon.core.main.TestCaseMain.startTestSuite(TestCaseMain.java:157)
	at com.kms.katalon.core.main.TestCaseMain$startTestSuite$0.call(Unknown Source)
	at TempTestSuite1599594670457.run(TempTestSuite1599594670457.groovy:39)
Caused by: com.kms.katalon.core.webui.exception.WebElementNotFoundException: Web element with id: 'Object Repository/FDR-VoucherEntry/DistributionLine/nonFederalFund' located by '//input[@id='nonFederalFundId']' not found
	at com.kms.katalon.core.webui.common.WebUiCommonHelper.findWebElement(WebUiCommonHelper.java:1368)
	at com.kms.katalon.core.webui.keyword.internal.WebUIAbstractKeyword.findWebElement(WebUIAbstractKeyword.groovy:27)
	at com.kms.katalon.core.webui.keyword.internal.WebUIAbstractKeyword.findWebElement(WebUIAbstractKeyword.groovy:26)
	at com.kms.katalon.core.webui.keyword.builtin.SetTextKeyword$_setText_closure1.doCall(SetTextKeyword.groovy:51)
	at com.kms.katalon.core.webui.keyword.builtin.SetTextKeyword$_setText_closure1.call(SetTextKeyword.groovy)
	at com.kms.katalon.core.webui.keyword.internal.WebUIKeywordMain.runKeyword(WebUIKeywordMain.groovy:20)
	at com.kms.katalon.core.webui.keyword.builtin.SetTextKeyword.setText(SetTextKeyword.groovy:66)
	at com.kms.katalon.core.webui.keyword.builtin.SetTextKeyword.execute(SetTextKeyword.groovy:37)
	at com.kms.katalon.core.keyword.internal.KeywordExecutor.executeKeywordForPlatform(KeywordExecutor.groovy:73)
	at com.kms.katalon.core.webui.keyword.WebUiBuiltInKeywords.setText(WebUiBuiltInKeywords.groovy:976)
	at com.kms.katalon.core.webui.keyword.WebUiBuiltInKeywords$setText$3.call(Unknown Source)
	at Script1598478507206.run(Script1598478507206.groovy:324)
	... 13 more
)

2020-09-08 13:04:57 - [MESSAGE][INFO] - Unable to find the element located by 'By.xpath: //input[@id='nonFederalFundId']'. Please recheck the objects properties to make sure the desired element is located. 

2020-09-08 13:04:57 - [MESSAGE][FAILED] - Unable to set text '0001' of object 'Object Repository/FDR-VoucherEntry/DistributionLine/nonFederalFund' (Root cause: com.kms.katalon.core.exception.StepFailedException: Unable to set text '0001' of object 'Object Repository/FDR-VoucherEntry/DistributionLine/nonFederalFund'
	at com.kms.katalon.core.webui.keyword.internal.WebUIKeywordMain.stepFailed(WebUIKeywordMain.groovy:64)
	at com.kms.katalon.core.webui.keyword.internal.WebUIKeywordMain.runKeyword(WebUIKeywordMain.groovy:26)
	at com.kms.katalon.core.webui.keyword.builtin.SetTextKeyword.setText(SetTextKeyword.groovy:66)
	at com.kms.katalon.core.webui.keyword.builtin.SetTextKeyword.execute(SetTextKeyword.groovy:37)
	at com.kms.katalon.core.keyword.internal.KeywordExecutor.executeKeywordForPlatform(KeywordExecutor.groovy:73)
	at com.kms.katalon.core.webui.keyword.WebUiBuiltInKeywords.setText(WebUiBuiltInKeywords.groovy:976)
	at com.kms.katalon.core.webui.keyword.WebUiBuiltInKeywords$setText$3.call(Unknown Source)
	at FDR-END_2_END_Voucher_Reject.run(FDR-END_2_END_Voucher_Reject:324)
	at com.kms.katalon.core.main.ScriptEngine.run(ScriptEngine.java:194)
	at com.kms.katalon.core.main.ScriptEngine.runScriptAsRawText(ScriptEngine.java:119)
	at com.kms.katalon.core.main.TestCaseExecutor.runScript(TestCaseExecutor.java:339)
	at com.kms.katalon.core.main.TestCaseExecutor.doExecute(TestCaseExecutor.java:330)
	at com.kms.katalon.core.main.TestCaseExecutor.processExecutionPhase(TestCaseExecutor.java:309)
	at com.kms.katalon.core.main.TestCaseExecutor.accessMainPhase(TestCaseExecutor.java:301)
	at com.kms.katalon.core.main.TestCaseExecutor.execute(TestCaseExecutor.java:235)
	at com.kms.katalon.core.main.TestSuiteExecutor.accessTestCaseMainPhase(TestSuiteExecutor.java:191)
	at com.kms.katalon.core.main.TestSuiteExecutor.accessTestSuiteMainPhase(TestSuiteExecutor.java:141)
	at com.kms.katalon.core.main.TestSuiteExecutor.execute(TestSuiteExecutor.java:90)
	at com.kms.katalon.core.main.TestCaseMain.startTestSuite(TestCaseMain.java:157)
	at com.kms.katalon.core.main.TestCaseMain$startTestSuite$0.call(Unknown Source)
	at TempTestSuite1599594670457.run(TempTestSuite1599594670457.groovy:39)
Caused by: com.kms.katalon.core.webui.exception.WebElementNotFoundException: Web element with id: 'Object Repository/FDR-VoucherEntry/DistributionLine/nonFederalFund' located by '//input[@id='nonFederalFundId']' not found
	at com.kms.katalon.core.webui.common.WebUiCommonHelper.findWebElement(WebUiCommonHelper.java:1368)
	at com.kms.katalon.core.webui.keyword.internal.WebUIAbstractKeyword.findWebElement(WebUIAbstractKeyword.groovy:27)
	at com.kms.katalon.core.webui.keyword.internal.WebUIAbstractKeyword.findWebElement(WebUIAbstractKeyword.groovy:26)
	at com.kms.katalon.core.webui.keyword.builtin.SetTextKeyword$_setText_closure1.doCall(SetTextKeyword.groovy:51)
	at com.kms.katalon.core.webui.keyword.builtin.SetTextKeyword$_setText_closure1.call(SetTextKeyword.groovy)
	at com.kms.katalon.core.webui.keyword.internal.WebUIKeywordMain.runKeyword(WebUIKeywordMain.groovy:20)
	at com.kms.katalon.core.webui.keyword.builtin.SetTextKeyword.setText(SetTextKeyword.groovy:66)
	at com.kms.katalon.core.webui.keyword.builtin.SetTextKeyword.execute(SetTextKeyword.groovy:37)
	at com.kms.katalon.core.keyword.internal.KeywordExecutor.executeKeywordForPlatform(KeywordExecutor.groovy:73)
	at com.kms.katalon.core.webui.keyword.WebUiBuiltInKeywords.setText(WebUiBuiltInKeywords.groovy:976)
	at com.kms.katalon.core.webui.keyword.WebUiBuiltInKeywords$setText$3.call(Unknown Source)
	at Script1598478507206.run(Script1598478507206.groovy:324)
	... 13 more
)
[[ATTACHMENT|C:\\fdr-automation-develop_08_25_2020\\Reports\\20200908_125110\\FDR_Regression_Testing_Suite\\20200908_125110\\1599595497395.png]]

2020-09-08 13:04:57 - [TEST_STEP][FAILED] - sendKeys(findTestObject("FDR-VoucherEntry/DistributionLine/nonFederalFund"), Keys.chord(DOWN, ENTER)): Unable to send keys '' to object 'Object Repository/FDR-VoucherEntry/DistributionLine/nonFederalFund' (Root cause: com.kms.katalon.core.exception.StepFailedException: Unable to send keys '' to object 'Object Repository/FDR-VoucherEntry/DistributionLine/nonFederalFund'
	at com.kms.katalon.core.webui.keyword.internal.WebUIKeywordMain.stepFailed(WebUIKeywordMain.groovy:64)
	at com.kms.katalon.core.webui.keyword.internal.WebUIKeywordMain.runKeyword(WebUIKeywordMain.groovy:26)
	at com.kms.katalon.core.webui.keyword.builtin.SendKeysKeyword.sendKeys(SendKeysKeyword.groovy:60)
	at com.kms.katalon.core.webui.keyword.builtin.SendKeysKeyword.execute(SendKeysKeyword.groovy:38)
	at com.kms.katalon.core.keyword.internal.KeywordExecutor.executeKeywordForPlatform(KeywordExecutor.groovy:73)
	at com.kms.katalon.core.webui.keyword.WebUiBuiltInKeywords.sendKeys(WebUiBuiltInKeywords.groovy:860)
	at com.kms.katalon.core.webui.keyword.WebUiBuiltInKeywords$sendKeys$8.call(Unknown Source)
	at FDR-END_2_END_Voucher_Reject.run(FDR-END_2_END_Voucher_Reject:325)
	at com.kms.katalon.core.main.ScriptEngine.run(ScriptEngine.java:194)
	at com.kms.katalon.core.main.ScriptEngine.runScriptAsRawText(ScriptEngine.java:119)
	at com.kms.katalon.core.main.TestCaseExecutor.runScript(TestCaseExecutor.java:339)
	at com.kms.katalon.core.main.TestCaseExecutor.doExecute(TestCaseExecutor.java:330)
	at com.kms.katalon.core.main.TestCaseExecutor.processExecutionPhase(TestCaseExecutor.java:309)
	at com.kms.katalon.core.main.TestCaseExecutor.accessMainPhase(TestCaseExecutor.java:301)
	at com.kms.katalon.core.main.TestCaseExecutor.execute(TestCaseExecutor.java:235)
	at com.kms.katalon.core.main.TestSuiteExecutor.accessTestCaseMainPhase(TestSuiteExecutor.java:191)
	at com.kms.katalon.core.main.TestSuiteExecutor.accessTestSuiteMainPhase(TestSuiteExecutor.java:141)
	at com.kms.katalon.core.main.TestSuiteExecutor.execute(TestSuiteExecutor.java:90)
	at com.kms.katalon.core.main.TestCaseMain.startTestSuite(TestCaseMain.java:157)
	at com.kms.katalon.core.main.TestCaseMain$startTestSuite$0.call(Unknown Source)
	at TempTestSuite1599594670457.run(TempTestSuite1599594670457.groovy:39)
Caused by: com.kms.katalon.core.webui.exception.WebElementNotFoundException: Web element with id: 'Object Repository/FDR-VoucherEntry/DistributionLine/nonFederalFund' located by '//input[@id='nonFederalFundId']' not found
	at com.kms.katalon.core.webui.common.WebUiCommonHelper.findWebElement(WebUiCommonHelper.java:1368)
	at com.kms.katalon.core.webui.keyword.internal.WebUIAbstractKeyword.findWebElement(WebUIAbstractKeyword.groovy:27)
	at com.kms.katalon.core.webui.keyword.internal.WebUIAbstractKeyword.findWebElement(WebUIAbstractKeyword.groovy:26)
	at com.kms.katalon.core.webui.keyword.builtin.SendKeysKeyword$_sendKeys_closure1.doCall(SendKeysKeyword.groovy:52)
	at com.kms.katalon.core.webui.keyword.builtin.SendKeysKeyword$_sendKeys_closure1.call(SendKeysKeyword.groovy)
	at com.kms.katalon.core.webui.keyword.internal.WebUIKeywordMain.runKeyword(WebUIKeywordMain.groovy:20)
	at com.kms.katalon.core.webui.keyword.builtin.SendKeysKeyword.sendKeys(SendKeysKeyword.groovy:60)
	at com.kms.katalon.core.webui.keyword.builtin.SendKeysKeyword.execute(SendKeysKeyword.groovy:38)
	at com.kms.katalon.core.keyword.internal.KeywordExecutor.executeKeywordForPlatform(KeywordExecutor.groovy:73)
	at com.kms.katalon.core.webui.keyword.WebUiBuiltInKeywords.sendKeys(WebUiBuiltInKeywords.groovy:860)
	at com.kms.katalon.core.webui.keyword.WebUiBuiltInKeywords$sendKeys$8.call(Unknown Source)
	at Script1598478507206.run(Script1598478507206.groovy:325)
	... 13 more
)

2020-09-08 13:05:01 - [MESSAGE][INFO] - Unable to find the element located by 'By.xpath: //input[@id='nonFederalFundId']'. Please recheck the objects properties to make sure the desired element is located. 

2020-09-08 13:05:02 - [MESSAGE][FAILED] - Unable to send keys '' to object 'Object Repository/FDR-VoucherEntry/DistributionLine/nonFederalFund' (Root cause: com.kms.katalon.core.exception.StepFailedException: Unable to send keys '' to object 'Object Repository/FDR-VoucherEntry/DistributionLine/nonFederalFund'
	at com.kms.katalon.core.webui.keyword.internal.WebUIKeywordMain.stepFailed(WebUIKeywordMain.groovy:64)
	at com.kms.katalon.core.webui.keyword.internal.WebUIKeywordMain.runKeyword(WebUIKeywordMain.groovy:26)
	at com.kms.katalon.core.webui.keyword.builtin.SendKeysKeyword.sendKeys(SendKeysKeyword.groovy:60)
	at com.kms.katalon.core.webui.keyword.builtin.SendKeysKeyword.execute(SendKeysKeyword.groovy:38)
	at com.kms.katalon.core.keyword.internal.KeywordExecutor.executeKeywordForPlatform(KeywordExecutor.groovy:73)
	at com.kms.katalon.core.webui.keyword.WebUiBuiltInKeywords.sendKeys(WebUiBuiltInKeywords.groovy:860)
	at com.kms.katalon.core.webui.keyword.WebUiBuiltInKeywords$sendKeys$8.call(Unknown Source)
	at FDR-END_2_END_Voucher_Reject.run(FDR-END_2_END_Voucher_Reject:325)
	at com.kms.katalon.core.main.ScriptEngine.run(ScriptEngine.java:194)
	at com.kms.katalon.core.main.ScriptEngine.runScriptAsRawText(ScriptEngine.java:119)
	at com.kms.katalon.core.main.TestCaseExecutor.runScript(TestCaseExecutor.java:339)
	at com.kms.katalon.core.main.TestCaseExecutor.doExecute(TestCaseExecutor.java:330)
	at com.kms.katalon.core.main.TestCaseExecutor.processExecutionPhase(TestCaseExecutor.java:309)
	at com.kms.katalon.core.main.TestCaseExecutor.accessMainPhase(TestCaseExecutor.java:301)
	at com.kms.katalon.core.main.TestCaseExecutor.execute(TestCaseExecutor.java:235)
	at com.kms.katalon.core.main.TestSuiteExecutor.accessTestCaseMainPhase(TestSuiteExecutor.java:191)
	at com.kms.katalon.core.main.TestSuiteExecutor.accessTestSuiteMainPhase(TestSuiteExecutor.java:141)
	at com.kms.katalon.core.main.TestSuiteExecutor.execute(TestSuiteExecutor.java:90)
	at com.kms.katalon.core.main.TestCaseMain.startTestSuite(TestCaseMain.java:157)
	at com.kms.katalon.core.main.TestCaseMain$startTestSuite$0.call(Unknown Source)
	at TempTestSuite1599594670457.run(TempTestSuite1599594670457.groovy:39)
Caused by: com.kms.katalon.core.webui.exception.WebElementNotFoundException: Web element with id: 'Object Repository/FDR-VoucherEntry/DistributionLine/nonFederalFund' located by '//input[@id='nonFederalFundId']' not found
	at com.kms.katalon.core.webui.common.WebUiCommonHelper.findWebElement(WebUiCommonHelper.java:1368)
	at com.kms.katalon.core.webui.keyword.internal.WebUIAbstractKeyword.findWebElement(WebUIAbstractKeyword.groovy:27)
	at com.kms.katalon.core.webui.keyword.internal.WebUIAbstractKeyword.findWebElement(WebUIAbstractKeyword.groovy:26)
	at com.kms.katalon.core.webui.keyword.builtin.SendKeysKeyword$_sendKeys_closure1.doCall(SendKeysKeyword.groovy:52)
	at com.kms.katalon.core.webui.keyword.builtin.SendKeysKeyword$_sendKeys_closure1.call(SendKeysKeyword.groovy)
	at com.kms.katalon.core.webui.keyword.internal.WebUIKeywordMain.runKeyword(WebUIKeywordMain.groovy:20)
	at com.kms.katalon.core.webui.keyword.builtin.SendKeysKeyword.sendKeys(SendKeysKeyword.groovy:60)
	at com.kms.katalon.core.webui.keyword.builtin.SendKeysKeyword.execute(SendKeysKeyword.groovy:38)
	at com.kms.katalon.core.keyword.internal.KeywordExecutor.executeKeywordForPlatform(KeywordExecutor.groovy:73)
	at com.kms.katalon.core.webui.keyword.WebUiBuiltInKeywords.sendKeys(WebUiBuiltInKeywords.groovy:860)
	at com.kms.katalon.core.webui.keyword.WebUiBuiltInKeywords$sendKeys$8.call(Unknown Source)
	at Script1598478507206.run(Script1598478507206.groovy:325)
	... 13 more
)
[[ATTACHMENT|C:\\fdr-automation-develop_08_25_2020\\Reports\\20200908_125110\\FDR_Regression_Testing_Suite\\20200908_125110\\1599595501920.png]]

2020-09-08 13:05:02 - [TEST_STEP][FAILED] - click(findTestObject("FDR-VoucherEntry/DistributionLine/serviceCategory")): Unable to click on object 'Object Repository/FDR-VoucherEntry/DistributionLine/serviceCategory' (Root cause: com.kms.katalon.core.exception.StepFailedException: Unable to click on object 'Object Repository/FDR-VoucherEntry/DistributionLine/serviceCategory'
	at com.kms.katalon.core.webui.keyword.internal.WebUIKeywordMain.stepFailed(WebUIKeywordMain.groovy:64)
	at com.kms.katalon.core.webui.keyword.internal.WebUIKeywordMain.runKeyword(WebUIKeywordMain.groovy:26)
	at com.kms.katalon.core.webui.keyword.builtin.ClickKeyword.click(ClickKeyword.groovy:76)
	at com.kms.katalon.core.webui.keyword.builtin.ClickKeyword.execute(ClickKeyword.groovy:43)
	at com.kms.katalon.core.keyword.internal.KeywordExecutor.executeKeywordForPlatform(KeywordExecutor.groovy:73)
	at com.kms.katalon.core.webui.keyword.WebUiBuiltInKeywords.click(WebUiBuiltInKeywords.groovy:616)
	at com.kms.katalon.core.webui.keyword.WebUiBuiltInKeywords$click$5.call(Unknown Source)
	at FDR-END_2_END_Voucher_Reject.run(FDR-END_2_END_Voucher_Reject:327)
	at com.kms.katalon.core.main.ScriptEngine.run(ScriptEngine.java:194)
	at com.kms.katalon.core.main.ScriptEngine.runScriptAsRawText(ScriptEngine.java:119)
	at com.kms.katalon.core.main.TestCaseExecutor.runScript(TestCaseExecutor.java:339)
	at com.kms.katalon.core.main.TestCaseExecutor.doExecute(TestCaseExecutor.java:330)
	at com.kms.katalon.core.main.TestCaseExecutor.processExecutionPhase(TestCaseExecutor.java:309)
	at com.kms.katalon.core.main.TestCaseExecutor.accessMainPhase(TestCaseExecutor.java:301)
	at com.kms.katalon.core.main.TestCaseExecutor.execute(TestCaseExecutor.java:235)
	at com.kms.katalon.core.main.TestSuiteExecutor.accessTestCaseMainPhase(TestSuiteExecutor.java:191)
	at com.kms.katalon.core.main.TestSuiteExecutor.accessTestSuiteMainPhase(TestSuiteExecutor.java:141)
	at com.kms.katalon.core.main.TestSuiteExecutor.execute(TestSuiteExecutor.java:90)
	at com.kms.katalon.core.main.TestCaseMain.startTestSuite(TestCaseMain.java:157)
	at com.kms.katalon.core.main.TestCaseMain$startTestSuite$0.call(Unknown Source)
	at TempTestSuite1599594670457.run(TempTestSuite1599594670457.groovy:39)
Caused by: com.kms.katalon.core.webui.exception.WebElementNotFoundException: Web element with id: 'Object Repository/FDR-VoucherEntry/DistributionLine/serviceCategory' located by '//input[@id='serviceCategoryId']' not found
	at com.kms.katalon.core.webui.common.WebUiCommonHelper.findWebElement(WebUiCommonHelper.java:1368)
	at com.kms.katalon.core.webui.keyword.internal.WebUIAbstractKeyword.findWebElement(WebUIAbstractKeyword.groovy:27)
	at com.kms.katalon.core.webui.keyword.internal.WebUIAbstractKeyword.findWebElement(WebUIAbstractKeyword.groovy:26)
	at com.kms.katalon.core.webui.keyword.builtin.ClickKeyword$_click_closure1.doCall(ClickKeyword.groovy:67)
	at com.kms.katalon.core.webui.keyword.builtin.ClickKeyword$_click_closure1.call(ClickKeyword.groovy)
	at com.kms.katalon.core.webui.keyword.internal.WebUIKeywordMain.runKeyword(WebUIKeywordMain.groovy:20)
	at com.kms.katalon.core.webui.keyword.builtin.ClickKeyword.click(ClickKeyword.groovy:76)
	at com.kms.katalon.core.webui.keyword.builtin.ClickKeyword.execute(ClickKeyword.groovy:43)
	at com.kms.katalon.core.keyword.internal.KeywordExecutor.executeKeywordForPlatform(KeywordExecutor.groovy:73)
	at com.kms.katalon.core.webui.keyword.WebUiBuiltInKeywords.click(WebUiBuiltInKeywords.groovy:616)
	at com.kms.katalon.core.webui.keyword.WebUiBuiltInKeywords$click$5.call(Unknown Source)
	at Script1598478507206.run(Script1598478507206.groovy:327)
	... 13 more
)

2020-09-08 13:05:06 - [MESSAGE][INFO] - Unable to find the element located by 'By.xpath: //input[@id='serviceCategoryId']'. Please recheck the objects properties to make sure the desired element is located. 

2020-09-08 13:05:06 - [MESSAGE][FAILED] - Unable to click on object 'Object Repository/FDR-VoucherEntry/DistributionLine/serviceCategory' (Root cause: com.kms.katalon.core.exception.StepFailedException: Unable to click on object 'Object Repository/FDR-VoucherEntry/DistributionLine/serviceCategory'
	at com.kms.katalon.core.webui.keyword.internal.WebUIKeywordMain.stepFailed(WebUIKeywordMain.groovy:64)
	at com.kms.katalon.core.webui.keyword.internal.WebUIKeywordMain.runKeyword(WebUIKeywordMain.groovy:26)
	at com.kms.katalon.core.webui.keyword.builtin.ClickKeyword.click(ClickKeyword.groovy:76)
	at com.kms.katalon.core.webui.keyword.builtin.ClickKeyword.execute(ClickKeyword.groovy:43)
	at com.kms.katalon.core.keyword.internal.KeywordExecutor.executeKeywordForPlatform(KeywordExecutor.groovy:73)
	at com.kms.katalon.core.webui.keyword.WebUiBuiltInKeywords.click(WebUiBuiltInKeywords.groovy:616)
	at com.kms.katalon.core.webui.keyword.WebUiBuiltInKeywords$click$5.call(Unknown Source)
	at FDR-END_2_END_Voucher_Reject.run(FDR-END_2_END_Voucher_Reject:327)
	at com.kms.katalon.core.main.ScriptEngine.run(ScriptEngine.java:194)
	at com.kms.katalon.core.main.ScriptEngine.runScriptAsRawText(ScriptEngine.java:119)
	at com.kms.katalon.core.main.TestCaseExecutor.runScript(TestCaseExecutor.java:339)
	at com.kms.katalon.core.main.TestCaseExecutor.doExecute(TestCaseExecutor.java:330)
	at com.kms.katalon.core.main.TestCaseExecutor.processExecutionPhase(TestCaseExecutor.java:309)
	at com.kms.katalon.core.main.TestCaseExecutor.accessMainPhase(TestCaseExecutor.java:301)
	at com.kms.katalon.core.main.TestCaseExecutor.execute(TestCaseExecutor.java:235)
	at com.kms.katalon.core.main.TestSuiteExecutor.accessTestCaseMainPhase(TestSuiteExecutor.java:191)
	at com.kms.katalon.core.main.TestSuiteExecutor.accessTestSuiteMainPhase(TestSuiteExecutor.java:141)
	at com.kms.katalon.core.main.TestSuiteExecutor.execute(TestSuiteExecutor.java:90)
	at com.kms.katalon.core.main.TestCaseMain.startTestSuite(TestCaseMain.java:157)
	at com.kms.katalon.core.main.TestCaseMain$startTestSuite$0.call(Unknown Source)
	at TempTestSuite1599594670457.run(TempTestSuite1599594670457.groovy:39)
Caused by: com.kms.katalon.core.webui.exception.WebElementNotFoundException: Web element with id: 'Object Repository/FDR-VoucherEntry/DistributionLine/serviceCategory' located by '//input[@id='serviceCategoryId']' not found
	at com.kms.katalon.core.webui.common.WebUiCommonHelper.findWebElement(WebUiCommonHelper.java:1368)
	at com.kms.katalon.core.webui.keyword.internal.WebUIAbstractKeyword.findWebElement(WebUIAbstractKeyword.groovy:27)
	at com.kms.katalon.core.webui.keyword.internal.WebUIAbstractKeyword.findWebElement(WebUIAbstractKeyword.groovy:26)
	at com.kms.katalon.core.webui.keyword.builtin.ClickKeyword$_click_closure1.doCall(ClickKeyword.groovy:67)
	at com.kms.katalon.core.webui.keyword.builtin.ClickKeyword$_click_closure1.call(ClickKeyword.groovy)
	at com.kms.katalon.core.webui.keyword.internal.WebUIKeywordMain.runKeyword(WebUIKeywordMain.groovy:20)
	at com.kms.katalon.core.webui.keyword.builtin.ClickKeyword.click(ClickKeyword.groovy:76)
	at com.kms.katalon.core.webui.keyword.builtin.ClickKeyword.execute(ClickKeyword.groovy:43)
	at com.kms.katalon.core.keyword.internal.KeywordExecutor.executeKeywordForPlatform(KeywordExecutor.groovy:73)
	at com.kms.katalon.core.webui.keyword.WebUiBuiltInKeywords.click(WebUiBuiltInKeywords.groovy:616)
	at com.kms.katalon.core.webui.keyword.WebUiBuiltInKeywords$click$5.call(Unknown Source)
	at Script1598478507206.run(Script1598478507206.groovy:327)
	... 13 more
)
[[ATTACHMENT|C:\\fdr-automation-develop_08_25_2020\\Reports\\20200908_125110\\FDR_Regression_Testing_Suite\\20200908_125110\\1599595506331.png]]

2020-09-08 13:05:06 - [TEST_STEP][FAILED] - sendKeys(findTestObject("FDR-VoucherEntry/DistributionLine/serviceCategory"), "18B1"): Unable to send keys '18B1' to object 'Object Repository/FDR-VoucherEntry/DistributionLine/serviceCategory' (Root cause: com.kms.katalon.core.exception.StepFailedException: Unable to send keys '18B1' to object 'Object Repository/FDR-VoucherEntry/DistributionLine/serviceCategory'
	at com.kms.katalon.core.webui.keyword.internal.WebUIKeywordMain.stepFailed(WebUIKeywordMain.groovy:64)
	at com.kms.katalon.core.webui.keyword.internal.WebUIKeywordMain.runKeyword(WebUIKeywordMain.groovy:26)
	at com.kms.katalon.core.webui.keyword.builtin.SendKeysKeyword.sendKeys(SendKeysKeyword.groovy:60)
	at com.kms.katalon.core.webui.keyword.builtin.SendKeysKeyword.execute(SendKeysKeyword.groovy:38)
	at com.kms.katalon.core.keyword.internal.KeywordExecutor.executeKeywordForPlatform(KeywordExecutor.groovy:73)
	at com.kms.katalon.core.webui.keyword.WebUiBuiltInKeywords.sendKeys(WebUiBuiltInKeywords.groovy:860)
	at com.kms.katalon.core.webui.keyword.WebUiBuiltInKeywords$sendKeys$8.call(Unknown Source)
	at FDR-END_2_END_Voucher_Reject.run(FDR-END_2_END_Voucher_Reject:328)
	at com.kms.katalon.core.main.ScriptEngine.run(ScriptEngine.java:194)
	at com.kms.katalon.core.main.ScriptEngine.runScriptAsRawText(ScriptEngine.java:119)
	at com.kms.katalon.core.main.TestCaseExecutor.runScript(TestCaseExecutor.java:339)
	at com.kms.katalon.core.main.TestCaseExecutor.doExecute(TestCaseExecutor.java:330)
	at com.kms.katalon.core.main.TestCaseExecutor.processExecutionPhase(TestCaseExecutor.java:309)
	at com.kms.katalon.core.main.TestCaseExecutor.accessMainPhase(TestCaseExecutor.java:301)
	at com.kms.katalon.core.main.TestCaseExecutor.execute(TestCaseExecutor.java:235)
	at com.kms.katalon.core.main.TestSuiteExecutor.accessTestCaseMainPhase(TestSuiteExecutor.java:191)
	at com.kms.katalon.core.main.TestSuiteExecutor.accessTestSuiteMainPhase(TestSuiteExecutor.java:141)
	at com.kms.katalon.core.main.TestSuiteExecutor.execute(TestSuiteExecutor.java:90)
	at com.kms.katalon.core.main.TestCaseMain.startTestSuite(TestCaseMain.java:157)
	at com.kms.katalon.core.main.TestCaseMain$startTestSuite$0.call(Unknown Source)
	at TempTestSuite1599594670457.run(TempTestSuite1599594670457.groovy:39)
Caused by: com.kms.katalon.core.webui.exception.WebElementNotFoundException: Web element with id: 'Object Repository/FDR-VoucherEntry/DistributionLine/serviceCategory' located by '//input[@id='serviceCategoryId']' not found
	at com.kms.katalon.core.webui.common.WebUiCommonHelper.findWebElement(WebUiCommonHelper.java:1368)
	at com.kms.katalon.core.webui.keyword.internal.WebUIAbstractKeyword.findWebElement(WebUIAbstractKeyword.groovy:27)
	at com.kms.katalon.core.webui.keyword.internal.WebUIAbstractKeyword.findWebElement(WebUIAbstractKeyword.groovy:26)
	at com.kms.katalon.core.webui.keyword.builtin.SendKeysKeyword$_sendKeys_closure1.doCall(SendKeysKeyword.groovy:52)
	at com.kms.katalon.core.webui.keyword.builtin.SendKeysKeyword$_sendKeys_closure1.call(SendKeysKeyword.groovy)
	at com.kms.katalon.core.webui.keyword.internal.WebUIKeywordMain.runKeyword(WebUIKeywordMain.groovy:20)
	at com.kms.katalon.core.webui.keyword.builtin.SendKeysKeyword.sendKeys(SendKeysKeyword.groovy:60)
	at com.kms.katalon.core.webui.keyword.builtin.SendKeysKeyword.execute(SendKeysKeyword.groovy:38)
	at com.kms.katalon.core.keyword.internal.KeywordExecutor.executeKeywordForPlatform(KeywordExecutor.groovy:73)
	at com.kms.katalon.core.webui.keyword.WebUiBuiltInKeywords.sendKeys(WebUiBuiltInKeywords.groovy:860)
	at com.kms.katalon.core.webui.keyword.WebUiBuiltInKeywords$sendKeys$8.call(Unknown Source)
	at Script1598478507206.run(Script1598478507206.groovy:328)
	... 13 more
)

2020-09-08 13:05:10 - [MESSAGE][INFO] - Unable to find the element located by 'By.xpath: //input[@id='serviceCategoryId']'. Please recheck the objects properties to make sure the desired element is located. 

2020-09-08 13:05:11 - [MESSAGE][FAILED] - Unable to send keys '18B1' to object 'Object Repository/FDR-VoucherEntry/DistributionLine/serviceCategory' (Root cause: com.kms.katalon.core.exception.StepFailedException: Unable to send keys '18B1' to object 'Object Repository/FDR-VoucherEntry/DistributionLine/serviceCategory'
	at com.kms.katalon.core.webui.keyword.internal.WebUIKeywordMain.stepFailed(WebUIKeywordMain.groovy:64)
	at com.kms.katalon.core.webui.keyword.internal.WebUIKeywordMain.runKeyword(WebUIKeywordMain.groovy:26)
	at com.kms.katalon.core.webui.keyword.builtin.SendKeysKeyword.sendKeys(SendKeysKeyword.groovy:60)
	at com.kms.katalon.core.webui.keyword.builtin.SendKeysKeyword.execute(SendKeysKeyword.groovy:38)
	at com.kms.katalon.core.keyword.internal.KeywordExecutor.executeKeywordForPlatform(KeywordExecutor.groovy:73)
	at com.kms.katalon.core.webui.keyword.WebUiBuiltInKeywords.sendKeys(WebUiBuiltInKeywords.groovy:860)
	at com.kms.katalon.core.webui.keyword.WebUiBuiltInKeywords$sendKeys$8.call(Unknown Source)
	at FDR-END_2_END_Voucher_Reject.run(FDR-END_2_END_Voucher_Reject:328)
	at com.kms.katalon.core.main.ScriptEngine.run(ScriptEngine.java:194)
	at com.kms.katalon.core.main.ScriptEngine.runScriptAsRawText(ScriptEngine.java:119)
	at com.kms.katalon.core.main.TestCaseExecutor.runScript(TestCaseExecutor.java:339)
	at com.kms.katalon.core.main.TestCaseExecutor.doExecute(TestCaseExecutor.java:330)
	at com.kms.katalon.core.main.TestCaseExecutor.processExecutionPhase(TestCaseExecutor.java:309)
	at com.kms.katalon.core.main.TestCaseExecutor.accessMainPhase(TestCaseExecutor.java:301)
	at com.kms.katalon.core.main.TestCaseExecutor.execute(TestCaseExecutor.java:235)
	at com.kms.katalon.core.main.TestSuiteExecutor.accessTestCaseMainPhase(TestSuiteExecutor.java:191)
	at com.kms.katalon.core.main.TestSuiteExecutor.accessTestSuiteMainPhase(TestSuiteExecutor.java:141)
	at com.kms.katalon.core.main.TestSuiteExecutor.execute(TestSuiteExecutor.java:90)
	at com.kms.katalon.core.main.TestCaseMain.startTestSuite(TestCaseMain.java:157)
	at com.kms.katalon.core.main.TestCaseMain$startTestSuite$0.call(Unknown Source)
	at TempTestSuite1599594670457.run(TempTestSuite1599594670457.groovy:39)
Caused by: com.kms.katalon.core.webui.exception.WebElementNotFoundException: Web element with id: 'Object Repository/FDR-VoucherEntry/DistributionLine/serviceCategory' located by '//input[@id='serviceCategoryId']' not found
	at com.kms.katalon.core.webui.common.WebUiCommonHelper.findWebElement(WebUiCommonHelper.java:1368)
	at com.kms.katalon.core.webui.keyword.internal.WebUIAbstractKeyword.findWebElement(WebUIAbstractKeyword.groovy:27)
	at com.kms.katalon.core.webui.keyword.internal.WebUIAbstractKeyword.findWebElement(WebUIAbstractKeyword.groovy:26)
	at com.kms.katalon.core.webui.keyword.builtin.SendKeysKeyword$_sendKeys_closure1.doCall(SendKeysKeyword.groovy:52)
	at com.kms.katalon.core.webui.keyword.builtin.SendKeysKeyword$_sendKeys_closure1.call(SendKeysKeyword.groovy)
	at com.kms.katalon.core.webui.keyword.internal.WebUIKeywordMain.runKeyword(WebUIKeywordMain.groovy:20)
	at com.kms.katalon.core.webui.keyword.builtin.SendKeysKeyword.sendKeys(SendKeysKeyword.groovy:60)
	at com.kms.katalon.core.webui.keyword.builtin.SendKeysKeyword.execute(SendKeysKeyword.groovy:38)
	at com.kms.katalon.core.keyword.internal.KeywordExecutor.executeKeywordForPlatform(KeywordExecutor.groovy:73)
	at com.kms.katalon.core.webui.keyword.WebUiBuiltInKeywords.sendKeys(WebUiBuiltInKeywords.groovy:860)
	at com.kms.katalon.core.webui.keyword.WebUiBuiltInKeywords$sendKeys$8.call(Unknown Source)
	at Script1598478507206.run(Script1598478507206.groovy:328)
	... 13 more
)
[[ATTACHMENT|C:\\fdr-automation-develop_08_25_2020\\Reports\\20200908_125110\\FDR_Regression_Testing_Suite\\20200908_125110\\1599595510699.png]]

2020-09-08 13:05:11 - [TEST_STEP][FAILED] - sendKeys(findTestObject("FDR-VoucherEntry/DistributionLine/serviceCategory"), Keys.chord(DOWN, ENTER)): Unable to send keys '' to object 'Object Repository/FDR-VoucherEntry/DistributionLine/serviceCategory' (Root cause: com.kms.katalon.core.exception.StepFailedException: Unable to send keys '' to object 'Object Repository/FDR-VoucherEntry/DistributionLine/serviceCategory'
	at com.kms.katalon.core.webui.keyword.internal.WebUIKeywordMain.stepFailed(WebUIKeywordMain.groovy:64)
	at com.kms.katalon.core.webui.keyword.internal.WebUIKeywordMain.runKeyword(WebUIKeywordMain.groovy:26)
	at com.kms.katalon.core.webui.keyword.builtin.SendKeysKeyword.sendKeys(SendKeysKeyword.groovy:60)
	at com.kms.katalon.core.webui.keyword.builtin.SendKeysKeyword.execute(SendKeysKeyword.groovy:38)
	at com.kms.katalon.core.keyword.internal.KeywordExecutor.executeKeywordForPlatform(KeywordExecutor.groovy:73)
	at com.kms.katalon.core.webui.keyword.WebUiBuiltInKeywords.sendKeys(WebUiBuiltInKeywords.groovy:860)
	at com.kms.katalon.core.webui.keyword.WebUiBuiltInKeywords$sendKeys$8.call(Unknown Source)
	at FDR-END_2_END_Voucher_Reject.run(FDR-END_2_END_Voucher_Reject:329)
	at com.kms.katalon.core.main.ScriptEngine.run(ScriptEngine.java:194)
	at com.kms.katalon.core.main.ScriptEngine.runScriptAsRawText(ScriptEngine.java:119)
	at com.kms.katalon.core.main.TestCaseExecutor.runScript(TestCaseExecutor.java:339)
	at com.kms.katalon.core.main.TestCaseExecutor.doExecute(TestCaseExecutor.java:330)
	at com.kms.katalon.core.main.TestCaseExecutor.processExecutionPhase(TestCaseExecutor.java:309)
	at com.kms.katalon.core.main.TestCaseExecutor.accessMainPhase(TestCaseExecutor.java:301)
	at com.kms.katalon.core.main.TestCaseExecutor.execute(TestCaseExecutor.java:235)
	at com.kms.katalon.core.main.TestSuiteExecutor.accessTestCaseMainPhase(TestSuiteExecutor.java:191)
	at com.kms.katalon.core.main.TestSuiteExecutor.accessTestSuiteMainPhase(TestSuiteExecutor.java:141)
	at com.kms.katalon.core.main.TestSuiteExecutor.execute(TestSuiteExecutor.java:90)
	at com.kms.katalon.core.main.TestCaseMain.startTestSuite(TestCaseMain.java:157)
	at com.kms.katalon.core.main.TestCaseMain$startTestSuite$0.call(Unknown Source)
	at TempTestSuite1599594670457.run(TempTestSuite1599594670457.groovy:39)
Caused by: com.kms.katalon.core.webui.exception.WebElementNotFoundException: Web element with id: 'Object Repository/FDR-VoucherEntry/DistributionLine/serviceCategory' located by '//input[@id='serviceCategoryId']' not found
	at com.kms.katalon.core.webui.common.WebUiCommonHelper.findWebElement(WebUiCommonHelper.java:1368)
	at com.kms.katalon.core.webui.keyword.internal.WebUIAbstractKeyword.findWebElement(WebUIAbstractKeyword.groovy:27)
	at com.kms.katalon.core.webui.keyword.internal.WebUIAbstractKeyword.findWebElement(WebUIAbstractKeyword.groovy:26)
	at com.kms.katalon.core.webui.keyword.builtin.SendKeysKeyword$_sendKeys_closure1.doCall(SendKeysKeyword.groovy:52)
	at com.kms.katalon.core.webui.keyword.builtin.SendKeysKeyword$_sendKeys_closure1.call(SendKeysKeyword.groovy)
	at com.kms.katalon.core.webui.keyword.internal.WebUIKeywordMain.runKeyword(WebUIKeywordMain.groovy:20)
	at com.kms.katalon.core.webui.keyword.builtin.SendKeysKeyword.sendKeys(SendKeysKeyword.groovy:60)
	at com.kms.katalon.core.webui.keyword.builtin.SendKeysKeyword.execute(SendKeysKeyword.groovy:38)
	at com.kms.katalon.core.keyword.internal.KeywordExecutor.executeKeywordForPlatform(KeywordExecutor.groovy:73)
	at com.kms.katalon.core.webui.keyword.WebUiBuiltInKeywords.sendKeys(WebUiBuiltInKeywords.groovy:860)
	at com.kms.katalon.core.webui.keyword.WebUiBuiltInKeywords$sendKeys$8.call(Unknown Source)
	at Script1598478507206.run(Script1598478507206.groovy:329)
	... 13 more
)

2020-09-08 13:05:15 - [MESSAGE][INFO] - Unable to find the element located by 'By.xpath: //input[@id='serviceCategoryId']'. Please recheck the objects properties to make sure the desired element is located. 

2020-09-08 13:05:15 - [MESSAGE][FAILED] - Unable to send keys '' to object 'Object Repository/FDR-VoucherEntry/DistributionLine/serviceCategory' (Root cause: com.kms.katalon.core.exception.StepFailedException: Unable to send keys '' to object 'Object Repository/FDR-VoucherEntry/DistributionLine/serviceCategory'
	at com.kms.katalon.core.webui.keyword.internal.WebUIKeywordMain.stepFailed(WebUIKeywordMain.groovy:64)
	at com.kms.katalon.core.webui.keyword.internal.WebUIKeywordMain.runKeyword(WebUIKeywordMain.groovy:26)
	at com.kms.katalon.core.webui.keyword.builtin.SendKeysKeyword.sendKeys(SendKeysKeyword.groovy:60)
	at com.kms.katalon.core.webui.keyword.builtin.SendKeysKeyword.execute(SendKeysKeyword.groovy:38)
	at com.kms.katalon.core.keyword.internal.KeywordExecutor.executeKeywordForPlatform(KeywordExecutor.groovy:73)
	at com.kms.katalon.core.webui.keyword.WebUiBuiltInKeywords.sendKeys(WebUiBuiltInKeywords.groovy:860)
	at com.kms.katalon.core.webui.keyword.WebUiBuiltInKeywords$sendKeys$8.call(Unknown Source)
	at FDR-END_2_END_Voucher_Reject.run(FDR-END_2_END_Voucher_Reject:329)
	at com.kms.katalon.core.main.ScriptEngine.run(ScriptEngine.java:194)
	at com.kms.katalon.core.main.ScriptEngine.runScriptAsRawText(ScriptEngine.java:119)
	at com.kms.katalon.core.main.TestCaseExecutor.runScript(TestCaseExecutor.java:339)
	at com.kms.katalon.core.main.TestCaseExecutor.doExecute(TestCaseExecutor.java:330)
	at com.kms.katalon.core.main.TestCaseExecutor.processExecutionPhase(TestCaseExecutor.java:309)
	at com.kms.katalon.core.main.TestCaseExecutor.accessMainPhase(TestCaseExecutor.java:301)
	at com.kms.katalon.core.main.TestCaseExecutor.execute(TestCaseExecutor.java:235)
	at com.kms.katalon.core.main.TestSuiteExecutor.accessTestCaseMainPhase(TestSuiteExecutor.java:191)
	at com.kms.katalon.core.main.TestSuiteExecutor.accessTestSuiteMainPhase(TestSuiteExecutor.java:141)
	at com.kms.katalon.core.main.TestSuiteExecutor.execute(TestSuiteExecutor.java:90)
	at com.kms.katalon.core.main.TestCaseMain.startTestSuite(TestCaseMain.java:157)
	at com.kms.katalon.core.main.TestCaseMain$startTestSuite$0.call(Unknown Source)
	at TempTestSuite1599594670457.run(TempTestSuite1599594670457.groovy:39)
Caused by: com.kms.katalon.core.webui.exception.WebElementNotFoundException: Web element with id: 'Object Repository/FDR-VoucherEntry/DistributionLine/serviceCategory' located by '//input[@id='serviceCategoryId']' not found
	at com.kms.katalon.core.webui.common.WebUiCommonHelper.findWebElement(WebUiCommonHelper.java:1368)
	at com.kms.katalon.core.webui.keyword.internal.WebUIAbstractKeyword.findWebElement(WebUIAbstractKeyword.groovy:27)
	at com.kms.katalon.core.webui.keyword.internal.WebUIAbstractKeyword.findWebElement(WebUIAbstractKeyword.groovy:26)
	at com.kms.katalon.core.webui.keyword.builtin.SendKeysKeyword$_sendKeys_closure1.doCall(SendKeysKeyword.groovy:52)
	at com.kms.katalon.core.webui.keyword.builtin.SendKeysKeyword$_sendKeys_closure1.call(SendKeysKeyword.groovy)
	at com.kms.katalon.core.webui.keyword.internal.WebUIKeywordMain.runKeyword(WebUIKeywordMain.groovy:20)
	at com.kms.katalon.core.webui.keyword.builtin.SendKeysKeyword.sendKeys(SendKeysKeyword.groovy:60)
	at com.kms.katalon.core.webui.keyword.builtin.SendKeysKeyword.execute(SendKeysKeyword.groovy:38)
	at com.kms.katalon.core.keyword.internal.KeywordExecutor.executeKeywordForPlatform(KeywordExecutor.groovy:73)
	at com.kms.katalon.core.webui.keyword.WebUiBuiltInKeywords.sendKeys(WebUiBuiltInKeywords.groovy:860)
	at com.kms.katalon.core.webui.keyword.WebUiBuiltInKeywords$sendKeys$8.call(Unknown Source)
	at Script1598478507206.run(Script1598478507206.groovy:329)
	... 13 more
)
[[ATTACHMENT|C:\\fdr-automation-develop_08_25_2020\\Reports\\20200908_125110\\FDR_Regression_Testing_Suite\\20200908_125110\\1599595515086.png]]

2020-09-08 13:05:15 - [TEST_STEP][FAILED] - click(findTestObject("Object Repository/FDR-EditVoucher/editvocuherSave")): Unable to click on object 'Object Repository/FDR-EditVoucher/editvocuherSave' (Root cause: com.kms.katalon.core.exception.StepFailedException: Unable to click on object 'Object Repository/FDR-EditVoucher/editvocuherSave'
	at com.kms.katalon.core.webui.keyword.internal.WebUIKeywordMain.stepFailed(WebUIKeywordMain.groovy:64)
	at com.kms.katalon.core.webui.keyword.internal.WebUIKeywordMain.runKeyword(WebUIKeywordMain.groovy:26)
	at com.kms.katalon.core.webui.keyword.builtin.ClickKeyword.click(ClickKeyword.groovy:76)
	at com.kms.katalon.core.webui.keyword.builtin.ClickKeyword.execute(ClickKeyword.groovy:43)
	at com.kms.katalon.core.keyword.internal.KeywordExecutor.executeKeywordForPlatform(KeywordExecutor.groovy:73)
	at com.kms.katalon.core.webui.keyword.WebUiBuiltInKeywords.click(WebUiBuiltInKeywords.groovy:616)
	at com.kms.katalon.core.webui.keyword.WebUiBuiltInKeywords$click$5.call(Unknown Source)
	at FDR-END_2_END_Voucher_Reject.run(FDR-END_2_END_Voucher_Reject:331)
	at com.kms.katalon.core.main.ScriptEngine.run(ScriptEngine.java:194)
	at com.kms.katalon.core.main.ScriptEngine.runScriptAsRawText(ScriptEngine.java:119)
	at com.kms.katalon.core.main.TestCaseExecutor.runScript(TestCaseExecutor.java:339)
	at com.kms.katalon.core.main.TestCaseExecutor.doExecute(TestCaseExecutor.java:330)
	at com.kms.katalon.core.main.TestCaseExecutor.processExecutionPhase(TestCaseExecutor.java:309)
	at com.kms.katalon.core.main.TestCaseExecutor.accessMainPhase(TestCaseExecutor.java:301)
	at com.kms.katalon.core.main.TestCaseExecutor.execute(TestCaseExecutor.java:235)
	at com.kms.katalon.core.main.TestSuiteExecutor.accessTestCaseMainPhase(TestSuiteExecutor.java:191)
	at com.kms.katalon.core.main.TestSuiteExecutor.accessTestSuiteMainPhase(TestSuiteExecutor.java:141)
	at com.kms.katalon.core.main.TestSuiteExecutor.execute(TestSuiteExecutor.java:90)
	at com.kms.katalon.core.main.TestCaseMain.startTestSuite(TestCaseMain.java:157)
	at com.kms.katalon.core.main.TestCaseMain$startTestSuite$0.call(Unknown Source)
	at TempTestSuite1599594670457.run(TempTestSuite1599594670457.groovy:39)
Caused by: com.kms.katalon.core.webui.exception.WebElementNotFoundException: Web element with id: 'Object Repository/FDR-EditVoucher/editvocuherSave' located by '//*[text()='Save']' not found
	at com.kms.katalon.core.webui.common.WebUiCommonHelper.findWebElement(WebUiCommonHelper.java:1368)
	at com.kms.katalon.core.webui.keyword.internal.WebUIAbstractKeyword.findWebElement(WebUIAbstractKeyword.groovy:27)
	at com.kms.katalon.core.webui.keyword.internal.WebUIAbstractKeyword.findWebElement(WebUIAbstractKeyword.groovy:26)
	at com.kms.katalon.core.webui.keyword.builtin.ClickKeyword$_click_closure1.doCall(ClickKeyword.groovy:67)
	at com.kms.katalon.core.webui.keyword.builtin.ClickKeyword$_click_closure1.call(ClickKeyword.groovy)
	at com.kms.katalon.core.webui.keyword.internal.WebUIKeywordMain.runKeyword(WebUIKeywordMain.groovy:20)
	at com.kms.katalon.core.webui.keyword.builtin.ClickKeyword.click(ClickKeyword.groovy:76)
	at com.kms.katalon.core.webui.keyword.builtin.ClickKeyword.execute(ClickKeyword.groovy:43)
	at com.kms.katalon.core.keyword.internal.KeywordExecutor.executeKeywordForPlatform(KeywordExecutor.groovy:73)
	at com.kms.katalon.core.webui.keyword.WebUiBuiltInKeywords.click(WebUiBuiltInKeywords.groovy:616)
	at com.kms.katalon.core.webui.keyword.WebUiBuiltInKeywords$click$5.call(Unknown Source)
	at Script1598478507206.run(Script1598478507206.groovy:331)
	... 13 more
)

2020-09-08 13:05:19 - [MESSAGE][INFO] - Unable to find the element located by 'By.xpath: //*[text()='Save']'. Please recheck the objects properties to make sure the desired element is located. 

2020-09-08 13:05:19 - [MESSAGE][FAILED] - Unable to click on object 'Object Repository/FDR-EditVoucher/editvocuherSave' (Root cause: com.kms.katalon.core.exception.StepFailedException: Unable to click on object 'Object Repository/FDR-EditVoucher/editvocuherSave'
	at com.kms.katalon.core.webui.keyword.internal.WebUIKeywordMain.stepFailed(WebUIKeywordMain.groovy:64)
	at com.kms.katalon.core.webui.keyword.internal.WebUIKeywordMain.runKeyword(WebUIKeywordMain.groovy:26)
	at com.kms.katalon.core.webui.keyword.builtin.ClickKeyword.click(ClickKeyword.groovy:76)
	at com.kms.katalon.core.webui.keyword.builtin.ClickKeyword.execute(ClickKeyword.groovy:43)
	at com.kms.katalon.core.keyword.internal.KeywordExecutor.executeKeywordForPlatform(KeywordExecutor.groovy:73)
	at com.kms.katalon.core.webui.keyword.WebUiBuiltInKeywords.click(WebUiBuiltInKeywords.groovy:616)
	at com.kms.katalon.core.webui.keyword.WebUiBuiltInKeywords$click$5.call(Unknown Source)
	at FDR-END_2_END_Voucher_Reject.run(FDR-END_2_END_Voucher_Reject:331)
	at com.kms.katalon.core.main.ScriptEngine.run(ScriptEngine.java:194)
	at com.kms.katalon.core.main.ScriptEngine.runScriptAsRawText(ScriptEngine.java:119)
	at com.kms.katalon.core.main.TestCaseExecutor.runScript(TestCaseExecutor.java:339)
	at com.kms.katalon.core.main.TestCaseExecutor.doExecute(TestCaseExecutor.java:330)
	at com.kms.katalon.core.main.TestCaseExecutor.processExecutionPhase(TestCaseExecutor.java:309)
	at com.kms.katalon.core.main.TestCaseExecutor.accessMainPhase(TestCaseExecutor.java:301)
	at com.kms.katalon.core.main.TestCaseExecutor.execute(TestCaseExecutor.java:235)
	at com.kms.katalon.core.main.TestSuiteExecutor.accessTestCaseMainPhase(TestSuiteExecutor.java:191)
	at com.kms.katalon.core.main.TestSuiteExecutor.accessTestSuiteMainPhase(TestSuiteExecutor.java:141)
	at com.kms.katalon.core.main.TestSuiteExecutor.execute(TestSuiteExecutor.java:90)
	at com.kms.katalon.core.main.TestCaseMain.startTestSuite(TestCaseMain.java:157)
	at com.kms.katalon.core.main.TestCaseMain$startTestSuite$0.call(Unknown Source)
	at TempTestSuite1599594670457.run(TempTestSuite1599594670457.groovy:39)
Caused by: com.kms.katalon.core.webui.exception.WebElementNotFoundException: Web element with id: 'Object Repository/FDR-EditVoucher/editvocuherSave' located by '//*[text()='Save']' not found
	at com.kms.katalon.core.webui.common.WebUiCommonHelper.findWebElement(WebUiCommonHelper.java:1368)
	at com.kms.katalon.core.webui.keyword.internal.WebUIAbstractKeyword.findWebElement(WebUIAbstractKeyword.groovy:27)
	at com.kms.katalon.core.webui.keyword.internal.WebUIAbstractKeyword.findWebElement(WebUIAbstractKeyword.groovy:26)
	at com.kms.katalon.core.webui.keyword.builtin.ClickKeyword$_click_closure1.doCall(ClickKeyword.groovy:67)
	at com.kms.katalon.core.webui.keyword.builtin.ClickKeyword$_click_closure1.call(ClickKeyword.groovy)
	at com.kms.katalon.core.webui.keyword.internal.WebUIKeywordMain.runKeyword(WebUIKeywordMain.groovy:20)
	at com.kms.katalon.core.webui.keyword.builtin.ClickKeyword.click(ClickKeyword.groovy:76)
	at com.kms.katalon.core.webui.keyword.builtin.ClickKeyword.execute(ClickKeyword.groovy:43)
	at com.kms.katalon.core.keyword.internal.KeywordExecutor.executeKeywordForPlatform(KeywordExecutor.groovy:73)
	at com.kms.katalon.core.webui.keyword.WebUiBuiltInKeywords.click(WebUiBuiltInKeywords.groovy:616)
	at com.kms.katalon.core.webui.keyword.WebUiBuiltInKeywords$click$5.call(Unknown Source)
	at Script1598478507206.run(Script1598478507206.groovy:331)
	... 13 more
)
[[ATTACHMENT|C:\\fdr-automation-develop_08_25_2020\\Reports\\20200908_125110\\FDR_Regression_Testing_Suite\\20200908_125110\\1599595519542.png]]

2020-09-08 13:05:19 - [TEST_STEP][PASSED] - click(findTestObject("FDR-VoucherEntry/VoucherHeader/reviewButton")): Object: 'Object Repository/FDR-VoucherEntry/VoucherHeader/reviewButton' is clicked on

2020-09-08 13:05:20 - [MESSAGE][PASSED] - Object: 'Object Repository/FDR-VoucherEntry/VoucherHeader/reviewButton' is clicked on

2020-09-08 13:05:20 - [TEST_STEP][PASSED] - delay(2): Delayed 2 second(s)

2020-09-08 13:05:22 - [MESSAGE][PASSED] - Delayed 2 second(s)

2020-09-08 13:05:22 - [TEST_STEP][PASSED] - click(findTestObject("FDR-Vouchers-States/Resume/submitForApproval")): Object: 'Object Repository/FDR-Vouchers-States/Resume/submitForApproval' is clicked on

2020-09-08 13:05:22 - [MESSAGE][PASSED] - Object: 'Object Repository/FDR-Vouchers-States/Resume/submitForApproval' is clicked on

2020-09-08 13:05:22 - [TEST_STEP][PASSED] - click(findTestObject("FDR-Dashboard/Filters/clearFilterButton")): Object: 'Object Repository/FDR-Dashboard/Filters/clearFilterButton' is clicked on

2020-09-08 13:05:23 - [MESSAGE][PASSED] - Object: 'Object Repository/FDR-Dashboard/Filters/clearFilterButton' is clicked on

2020-09-08 13:05:23 - [TEST_STEP][PASSED] - commonFunctions.selectRole("accountsPayableApprover"): Object 'Object Repository/FDR-VoucherEntry/VoucherHeader/reviewButton' is not present after 2 second(s)

2020-09-08 13:05:26 - [MESSAGE][INFO] - Unable to find the element located by 'By.xpath: //*[@data-id='action-button']//*[contains(text(),'Review')]'. Please recheck the objects properties to make sure the desired element is located. 

2020-09-08 13:05:26 - [MESSAGE][WARNING] - Object 'Object Repository/FDR-VoucherEntry/VoucherHeader/reviewButton' is not present after 2 second(s)

2020-09-08 13:05:26 - [MESSAGE][PASSED] - Object: 'Object Repository/FDR-SuperUser-Dashboard/userExpandButton' is clicked on

2020-09-08 13:05:29 - [MESSAGE][INFO] - Unable to find the element located by 'By.xpath: //*[@data-id='action-button']//*[contains(text(),'Review')]'. Please recheck the objects properties to make sure the desired element is located. 

2020-09-08 13:05:29 - [MESSAGE][WARNING] - Object 'Object Repository/FDR-VoucherEntry/VoucherHeader/reviewButton' is not present after 2 second(s)

2020-09-08 13:05:30 - [MESSAGE][PASSED] - Object: 'Object Repository/FDR-SuperUser-Dashboard/accountsPayableApprover' is clicked on

2020-09-08 13:05:33 - [MESSAGE][INFO] - Unable to find the element located by 'By.xpath: //*[@data-id='action-button']//*[contains(text(),'Review')]'. Please recheck the objects properties to make sure the desired element is located. 

2020-09-08 13:05:33 - [MESSAGE][WARNING] - Object 'Object Repository/FDR-VoucherEntry/VoucherHeader/reviewButton' is not present after 2 second(s)

2020-09-08 13:05:33 - [TEST_STEP][PASSED] - delay(1): Delayed 1 second(s)

2020-09-08 13:05:34 - [MESSAGE][PASSED] - Delayed 1 second(s)

2020-09-08 13:05:34 - [TEST_STEP][PASSED] - click(findTestObject("FDR-Dashboard/Filters/validateFilterButton")): Object: 'Object Repository/FDR-Dashboard/Filters/validateFilterButton' is clicked on

2020-09-08 13:05:34 - [MESSAGE][PASSED] - Object: 'Object Repository/FDR-Dashboard/Filters/validateFilterButton' is clicked on

2020-09-08 13:05:34 - [TEST_STEP][PASSED] - delay(12): Delayed 12 second(s)

2020-09-08 13:05:46 - [MESSAGE][PASSED] - Delayed 12 second(s)

2020-09-08 13:05:46 - [TEST_STEP][PASSED] - click(findTestObject("Object Repository/FDR-Draw/reviewScreen/approveButton")): Object: 'Object Repository/FDR-Draw/reviewScreen/approveButton' is clicked on

2020-09-08 13:05:46 - [MESSAGE][PASSED] - Object: 'Object Repository/FDR-Draw/reviewScreen/approveButton' is clicked on

2020-09-08 13:05:46 - [TEST_STEP][PASSED] - delay(1): Delayed 1 second(s)

2020-09-08 13:05:48 - [MESSAGE][PASSED] - Delayed 1 second(s)

2020-09-08 13:05:48 - [TEST_STEP][PASSED] - click(findTestObject("FDR-Dashboard/Filters/clearFilterButton")): Object: 'Object Repository/FDR-Dashboard/Filters/clearFilterButton' is clicked on

2020-09-08 13:05:48 - [MESSAGE][PASSED] - Object: 'Object Repository/FDR-Dashboard/Filters/clearFilterButton' is clicked on

2020-09-08 13:05:48 - [TEST_STEP][PASSED] - delay(5): Delayed 5 second(s)

2020-09-08 13:05:53 - [MESSAGE][PASSED] - Delayed 5 second(s)

2020-09-08 13:05:53 - [TEST_STEP][PASSED] - click(findTestObject("Object Repository/FDR-Dashboard/Filters/printFilterButton")): Object: 'Object Repository/FDR-Dashboard/Filters/printFilterButton' is clicked on

2020-09-08 13:05:53 - [MESSAGE][PASSED] - Object: 'Object Repository/FDR-Dashboard/Filters/printFilterButton' is clicked on

2020-09-08 13:05:53 - [TEST_STEP][PASSED] - delay(12): Delayed 12 second(s)

2020-09-08 13:06:05 - [MESSAGE][PASSED] - Delayed 12 second(s)

2020-09-08 13:06:05 - [TEST_STEP][PASSED] - click(findTestObject("Object Repository/FDR-Vouchers-States/Print/printCMIAForm")): Object: 'Object Repository/FDR-Vouchers-States/Print/printCMIAForm' is clicked on

2020-09-08 13:06:06 - [MESSAGE][PASSED] - Object: 'Object Repository/FDR-Vouchers-States/Print/printCMIAForm' is clicked on

2020-09-08 13:06:06 - [TEST_STEP][PASSED] - waitForPageLoad(7): Wait for page load successfully

2020-09-08 13:06:06 - [MESSAGE][PASSED] - Wait for page load successfully

2020-09-08 13:06:06 - [TEST_STEP][PASSED] - closeWindowIndex(1): Window with index 1 is closed

2020-09-08 13:06:08 - [MESSAGE][PASSED] - Window with index 1 is closed

2020-09-08 13:06:08 - [TEST_STEP][PASSED] - delay(1): Delayed 1 second(s)

2020-09-08 13:06:09 - [MESSAGE][PASSED] - Delayed 1 second(s)

2020-09-08 13:06:09 - [TEST_STEP][PASSED] - switchToWindowIndex(0): Switched to window with index: '0'

2020-09-08 13:06:09 - [MESSAGE][PASSED] - Switched to window with index: '0'

2020-09-08 13:06:09 - [TEST_STEP][PASSED] - click(findTestObject("FDR-Vouchers-States/Print/printFaceSheet")): Object: 'Object Repository/FDR-Vouchers-States/Print/printFaceSheet' is clicked on

2020-09-08 13:06:09 - [MESSAGE][PASSED] - Object: 'Object Repository/FDR-Vouchers-States/Print/printFaceSheet' is clicked on

2020-09-08 13:06:09 - [TEST_STEP][PASSED] - waitForPageLoad(7): Wait for page load successfully

2020-09-08 13:06:09 - [MESSAGE][PASSED] - Wait for page load successfully

2020-09-08 13:06:09 - [TEST_STEP][PASSED] - closeWindowIndex(1): Window with index 1 is closed

2020-09-08 13:06:11 - [MESSAGE][PASSED] - Window with index 1 is closed

2020-09-08 13:06:11 - [TEST_STEP][PASSED] - delay(5): Delayed 5 second(s)

2020-09-08 13:06:16 - [MESSAGE][PASSED] - Delayed 5 second(s)

2020-09-08 13:06:16 - [TEST_STEP][PASSED] - switchToWindowIndex(0): Switched to window with index: '0'

2020-09-08 13:06:16 - [MESSAGE][PASSED] - Switched to window with index: '0'

2020-09-08 13:06:16 - [TEST_STEP][PASSED] - click(findTestObject("/FDR-Vouchers-States/Print/printRA")): Object: 'Object Repository//FDR-Vouchers-States/Print/printRA' is clicked on

2020-09-08 13:06:17 - [MESSAGE][PASSED] - Object: 'Object Repository//FDR-Vouchers-States/Print/printRA' is clicked on

2020-09-08 13:06:17 - [TEST_STEP][PASSED] - waitForPageLoad(7): Wait for page load successfully

2020-09-08 13:06:17 - [MESSAGE][PASSED] - Wait for page load successfully

2020-09-08 13:06:17 - [TEST_STEP][PASSED] - closeWindowIndex(1): Window with index 1 is closed

2020-09-08 13:06:19 - [MESSAGE][PASSED] - Window with index 1 is closed

2020-09-08 13:06:19 - [TEST_STEP][PASSED] - delay(5): Delayed 5 second(s)

2020-09-08 13:06:24 - [MESSAGE][PASSED] - Delayed 5 second(s)

2020-09-08 13:06:24 - [TEST_STEP][PASSED] - switchToWindowIndex(0): Switched to window with index: '0'

2020-09-08 13:06:24 - [MESSAGE][PASSED] - Switched to window with index: '0'

2020-09-08 13:06:24 - [TEST_STEP][PASSED] - click(findTestObject("Object Repository/FDR-Vouchers-States/Print/allFormsPrintButton")): Object: 'Object Repository/FDR-Vouchers-States/Print/allFormsPrintButton' is clicked on

2020-09-08 13:06:24 - [MESSAGE][PASSED] - Object: 'Object Repository/FDR-Vouchers-States/Print/allFormsPrintButton' is clicked on

2020-09-08 13:06:24 - [TEST_STEP][PASSED] - delay(5): Delayed 5 second(s)

2020-09-08 13:06:29 - [MESSAGE][PASSED] - Delayed 5 second(s)

2020-09-08 13:06:29 - [TEST_STEP][PASSED] - click(findTestObject("FDR-Dashboard/Filters/clearFilterButton")): Object: 'Object Repository/FDR-Dashboard/Filters/clearFilterButton' is clicked on

2020-09-08 13:06:29 - [MESSAGE][PASSED] - Object: 'Object Repository/FDR-Dashboard/Filters/clearFilterButton' is clicked on

2020-09-08 13:06:29 - [TEST_STEP][PASSED] - click(findTestObject("Object Repository/FDR-Dashboard/appLogo")): Object: 'Object Repository/FDR-Dashboard/appLogo' is clicked on

2020-09-08 13:06:30 - [MESSAGE][PASSED] - Object: 'Object Repository/FDR-Dashboard/appLogo' is clicked on

2020-09-08 13:06:30 - [TEST_STEP][PASSED] - commonFunctions.logout(): Browser is closed

2020-09-08 13:06:31 - [MESSAGE][PASSED] - Browser is closed

2020-09-08 13:06:31 - [TEST_STEP][PASSED] - Start listener action : sampleAfterTestCase: null

2020-09-08 13:06:31 - [TEST_STEP][PASSED] - profileName = getExecutionProfile(): null

2020-09-08 13:06:31 - [TEST_STEP][PASSED] - switch (profileName): null

2020-09-08 13:06:31 - [TEST_STEP][PASSED] - case "superUser":: null

2020-09-08 13:06:31 - [TEST_STEP][PASSED] - return null: null

2020-09-08 13:06:31 - [TEST_STEP][PASSED] - Start listener action : afterTestCase: null

2020-09-08 13:06:31 - [TEST_STEP][PASSED] - profileName = getExecutionProfile(): null

2020-09-08 13:06:31 - [TEST_STEP][PASSED] - if (profileName.equalsIgnoreCase("SysAdmin")): null

2020-09-08 13:06:31 - [TEST_STEP][PASSED] - Start listener action : sampleAfterTestCase: null

2020-09-08 13:06:31 - [TEST_STEP][PASSED] - profileName = getExecutionProfile(): null

2020-09-08 13:06:31 - [TEST_STEP][PASSED] - switch (profileName): null

2020-09-08 13:06:31 - [TEST_STEP][PASSED] - Default: null

2020-09-08 13:06:31 - [TEST_STEP][PASSED] - return null: null

2020-09-08 13:06:31 - [TEST_STEP][PASSED] - Start listener action : addFailedTCToList: null]]></system-out>
         <system-err><![CDATA[2020-09-08 13:01:12 - [TEST_CASE][FAILED] - Test Cases/FDR_END_2_END/FDR-END_2_END_Voucher_Reject: Test Cases/FDR_END_2_END/FDR-END_2_END_Voucher_Reject FAILED.
Reason:
com.kms.katalon.core.exception.StepFailedException: Unable to click on object 'Object Repository/FDR-VoucherEntry/InvoiceLine/invoiceLineExpandButton' (Root cause: com.kms.katalon.core.exception.StepFailedException: Unable to click on object 'Object Repository/FDR-VoucherEntry/InvoiceLine/invoiceLineExpandButton'
	at com.kms.katalon.core.webui.keyword.internal.WebUIKeywordMain.stepFailed(WebUIKeywordMain.groovy:64)
	at com.kms.katalon.core.webui.keyword.internal.WebUIKeywordMain.runKeyword(WebUIKeywordMain.groovy:26)
	at com.kms.katalon.core.webui.keyword.builtin.ClickKeyword.click(ClickKeyword.groovy:76)
	at com.kms.katalon.core.webui.keyword.builtin.ClickKeyword.execute(ClickKeyword.groovy:43)
	at com.kms.katalon.core.keyword.internal.KeywordExecutor.executeKeywordForPlatform(KeywordExecutor.groovy:73)
	at com.kms.katalon.core.webui.keyword.WebUiBuiltInKeywords.click(WebUiBuiltInKeywords.groovy:616)
	at com.kms.katalon.core.webui.keyword.WebUiBuiltInKeywords$click$5.call(Unknown Source)
	at FDR-END_2_END_Voucher_Reject.run(FDR-END_2_END_Voucher_Reject:296)
	at com.kms.katalon.core.main.ScriptEngine.run(ScriptEngine.java:194)
	at com.kms.katalon.core.main.ScriptEngine.runScriptAsRawText(ScriptEngine.java:119)
	at com.kms.katalon.core.main.TestCaseExecutor.runScript(TestCaseExecutor.java:339)
	at com.kms.katalon.core.main.TestCaseExecutor.doExecute(TestCaseExecutor.java:330)
	at com.kms.katalon.core.main.TestCaseExecutor.processExecutionPhase(TestCaseExecutor.java:309)
	at com.kms.katalon.core.main.TestCaseExecutor.accessMainPhase(TestCaseExecutor.java:301)
	at com.kms.katalon.core.main.TestCaseExecutor.execute(TestCaseExecutor.java:235)
	at com.kms.katalon.core.main.TestSuiteExecutor.accessTestCaseMainPhase(TestSuiteExecutor.java:191)
	at com.kms.katalon.core.main.TestSuiteExecutor.accessTestSuiteMainPhase(TestSuiteExecutor.java:141)
	at com.kms.katalon.core.main.TestSuiteExecutor.execute(TestSuiteExecutor.java:90)
	at com.kms.katalon.core.main.TestCaseMain.startTestSuite(TestCaseMain.java:157)
	at com.kms.katalon.core.main.TestCaseMain$startTestSuite$0.call(Unknown Source)
	at TempTestSuite1599594670457.run(TempTestSuite1599594670457.groovy:39)
Caused by: com.kms.katalon.core.webui.exception.WebElementNotFoundException: Web element with id: 'Object Repository/FDR-VoucherEntry/InvoiceLine/invoiceLineExpandButton' located by '(//*[contains(@class,'MuiExpansionPanel-root')])[1]//*[contains(@class,'expandIcon')]' not found
	at com.kms.katalon.core.webui.common.WebUiCommonHelper.findWebElement(WebUiCommonHelper.java:1368)
	at com.kms.katalon.core.webui.keyword.internal.WebUIAbstractKeyword.findWebElement(WebUIAbstractKeyword.groovy:27)
	at com.kms.katalon.core.webui.keyword.internal.WebUIAbstractKeyword.findWebElement(WebUIAbstractKeyword.groovy:26)
	at com.kms.katalon.core.webui.keyword.builtin.ClickKeyword$_click_closure1.doCall(ClickKeyword.groovy:67)
	at com.kms.katalon.core.webui.keyword.builtin.ClickKeyword$_click_closure1.call(ClickKeyword.groovy)
	at com.kms.katalon.core.webui.keyword.internal.WebUIKeywordMain.runKeyword(WebUIKeywordMain.groovy:20)
	at com.kms.katalon.core.webui.keyword.builtin.ClickKeyword.click(ClickKeyword.groovy:76)
	at com.kms.katalon.core.webui.keyword.builtin.ClickKeyword.execute(ClickKeyword.groovy:43)
	at com.kms.katalon.core.keyword.internal.KeywordExecutor.executeKeywordForPlatform(KeywordExecutor.groovy:73)
	at com.kms.katalon.core.webui.keyword.WebUiBuiltInKeywords.click(WebUiBuiltInKeywords.groovy:616)
	at com.kms.katalon.core.webui.keyword.WebUiBuiltInKeywords$click$5.call(Unknown Source)
	at Script1598478507206.run(Script1598478507206.groovy:296)
	... 13 more
)
	at com.kms.katalon.core.keyword.internal.KeywordMain.stepFailed(KeywordMain.groovy:39)
	at com.kms.katalon.core.webui.keyword.internal.WebUIKeywordMain.stepFailed(WebUIKeywordMain.groovy:64)
	at com.kms.katalon.core.webui.keyword.internal.WebUIKeywordMain.runKeyword(WebUIKeywordMain.groovy:26)
	at com.kms.katalon.core.webui.keyword.builtin.ClickKeyword.click(ClickKeyword.groovy:76)
	at com.kms.katalon.core.webui.keyword.builtin.ClickKeyword.execute(ClickKeyword.groovy:43)
	at com.kms.katalon.core.keyword.internal.KeywordExecutor.executeKeywordForPlatform(KeywordExecutor.groovy:73)
	at com.kms.katalon.core.webui.keyword.WebUiBuiltInKeywords.click(WebUiBuiltInKeywords.groovy:616)
	at com.kms.katalon.core.webui.keyword.WebUiBuiltInKeywords$click$5.call(Unknown Source)
	at FDR-END_2_END_Voucher_Reject.run(FDR-END_2_END_Voucher_Reject:296)
	at com.kms.katalon.core.main.ScriptEngine.run(ScriptEngine.java:194)
	at com.kms.katalon.core.main.ScriptEngine.runScriptAsRawText(ScriptEngine.java:119)
	at com.kms.katalon.core.main.TestCaseExecutor.runScript(TestCaseExecutor.java:339)
	at com.kms.katalon.core.main.TestCaseExecutor.doExecute(TestCaseExecutor.java:330)
	at com.kms.katalon.core.main.TestCaseExecutor.processExecutionPhase(TestCaseExecutor.java:309)
	at com.kms.katalon.core.main.TestCaseExecutor.accessMainPhase(TestCaseExecutor.java:301)
	at com.kms.katalon.core.main.TestCaseExecutor.execute(TestCaseExecutor.java:235)
	at com.kms.katalon.core.main.TestSuiteExecutor.accessTestCaseMainPhase(TestSuiteExecutor.java:191)
	at com.kms.katalon.core.main.TestSuiteExecutor.accessTestSuiteMainPhase(TestSuiteExecutor.java:141)
	at com.kms.katalon.core.main.TestSuiteExecutor.execute(TestSuiteExecutor.java:90)
	at com.kms.katalon.core.main.TestCaseMain.startTestSuite(TestCaseMain.java:157)
	at com.kms.katalon.core.main.TestCaseMain$startTestSuite$0.call(Unknown Source)
	at TempTestSuite1599594670457.run(TempTestSuite1599594670457.groovy:39)
Caused by: com.kms.katalon.core.exception.StepFailedException: Unable to click on object 'Object Repository/FDR-VoucherEntry/InvoiceLine/invoiceLineExpandButton'
	... 21 more
Caused by: com.kms.katalon.core.webui.exception.WebElementNotFoundException: Web element with id: 'Object Repository/FDR-VoucherEntry/InvoiceLine/invoiceLineExpandButton' located by '(//*[contains(@class,'MuiExpansionPanel-root')])[1]//*[contains(@class,'expandIcon')]' not found
	at com.kms.katalon.core.webui.common.WebUiCommonHelper.findWebElement(WebUiCommonHelper.java:1368)
	at com.kms.katalon.core.webui.keyword.internal.WebUIAbstractKeyword.findWebElement(WebUIAbstractKeyword.groovy:27)
	at com.kms.katalon.core.webui.keyword.internal.WebUIAbstractKeyword.findWebElement(WebUIAbstractKeyword.groovy:26)
	at com.kms.katalon.core.webui.keyword.builtin.ClickKeyword$_click_closure1.doCall(ClickKeyword.groovy:67)
	at com.kms.katalon.core.webui.keyword.builtin.ClickKeyword$_click_closure1.call(ClickKeyword.groovy)
	at com.kms.katalon.core.webui.keyword.internal.WebUIKeywordMain.runKeyword(WebUIKeywordMain.groovy:20)
	... 19 more]]></system-err>
      </testcase>
      <testcase name="Test Cases/FDR_END_2_END/FDR_END_2_END_Voucher_Approval" time="171.229" classname="Test Cases/FDR_END_2_END/FDR_END_2_END_Voucher_Approval" status="FAILED">
         <failure type="FAILED" message="Test Cases/FDR_END_2_END/FDR_END_2_END_Voucher_Approval FAILED.
Reason:
com.kms.katalon.core.exception.StepFailedException: Cannot find window with index: '1' (Root cause: com.kms.katalon.core.exception.StepFailedException: Cannot find window with index: '1'
	at com.kms.katalon.core.webui.keyword.internal.WebUIKeywordMain.stepFailed(WebUIKeywordMain.groovy:64)
	at com.kms.katalon.core.webui.keyword.builtin.CloseWindowIndexKeyword$_closeWindowIndex_closure1.doCall(CloseWindowIndexKeyword.groovy:83)
	at com.kms.katalon.core.webui.keyword.builtin.CloseWindowIndexKeyword$_closeWindowIndex_closure1.call(CloseWindowIndexKeyword.groovy)
	at com.kms.katalon.core.webui.keyword.internal.WebUIKeywordMain.runKeyword(WebUIKeywordMain.groovy:20)
	at com.kms.katalon.core.webui.keyword.builtin.CloseWindowIndexKeyword.closeWindowIndex(CloseWindowIndexKeyword.groovy:85)
	at com.kms.katalon.core.webui.keyword.builtin.CloseWindowIndexKeyword.execute(CloseWindowIndexKeyword.groovy:67)
	at com.kms.katalon.core.keyword.internal.KeywordExecutor.executeKeywordForPlatform(KeywordExecutor.groovy:73)
	at com.kms.katalon.core.webui.keyword.WebUiBuiltInKeywords.closeWindowIndex(WebUiBuiltInKeywords.groovy:1914)
	at com.kms.katalon.core.webui.keyword.WebUiBuiltInKeywords$closeWindowIndex$17.call(Unknown Source)
	at FDR_END_2_END_Voucher_Approval.run(FDR_END_2_END_Voucher_Approval:183)
	at com.kms.katalon.core.main.ScriptEngine.run(ScriptEngine.java:194)
	at com.kms.katalon.core.main.ScriptEngine.runScriptAsRawText(ScriptEngine.java:119)
	at com.kms.katalon.core.main.TestCaseExecutor.runScript(TestCaseExecutor.java:339)
	at com.kms.katalon.core.main.TestCaseExecutor.doExecute(TestCaseExecutor.java:330)
	at com.kms.katalon.core.main.TestCaseExecutor.processExecutionPhase(TestCaseExecutor.java:309)
	at com.kms.katalon.core.main.TestCaseExecutor.accessMainPhase(TestCaseExecutor.java:301)
	at com.kms.katalon.core.main.TestCaseExecutor.execute(TestCaseExecutor.java:235)
	at com.kms.katalon.core.main.TestSuiteExecutor.accessTestCaseMainPhase(TestSuiteExecutor.java:191)
	at com.kms.katalon.core.main.TestSuiteExecutor.accessTestSuiteMainPhase(TestSuiteExecutor.java:141)
	at com.kms.katalon.core.main.TestSuiteExecutor.execute(TestSuiteExecutor.java:90)
	at com.kms.katalon.core.main.TestCaseMain.startTestSuite(TestCaseMain.java:157)
	at com.kms.katalon.core.main.TestCaseMain$startTestSuite$0.call(Unknown Source)
	at TempTestSuite1599594670457.run(TempTestSuite1599594670457.groovy:39)
)
	at com.kms.katalon.core.keyword.internal.KeywordMain.stepFailed(KeywordMain.groovy:39)
	at com.kms.katalon.core.webui.keyword.internal.WebUIKeywordMain.stepFailed(WebUIKeywordMain.groovy:64)
	at com.kms.katalon.core.webui.keyword.builtin.CloseWindowIndexKeyword$_closeWindowIndex_closure1.doCall(CloseWindowIndexKeyword.groovy:83)
	at com.kms.katalon.core.webui.keyword.builtin.CloseWindowIndexKeyword$_closeWindowIndex_closure1.call(CloseWindowIndexKeyword.groovy)
	at com.kms.katalon.core.webui.keyword.internal.WebUIKeywordMain.runKeyword(WebUIKeywordMain.groovy:20)
	at com.kms.katalon.core.webui.keyword.builtin.CloseWindowIndexKeyword.closeWindowIndex(CloseWindowIndexKeyword.groovy:85)
	at com.kms.katalon.core.webui.keyword.builtin.CloseWindowIndexKeyword.execute(CloseWindowIndexKeyword.groovy:67)
	at com.kms.katalon.core.keyword.internal.KeywordExecutor.executeKeywordForPlatform(KeywordExecutor.groovy:73)
	at com.kms.katalon.core.webui.keyword.WebUiBuiltInKeywords.closeWindowIndex(WebUiBuiltInKeywords.groovy:1914)
	at com.kms.katalon.core.webui.keyword.WebUiBuiltInKeywords$closeWindowIndex$17.call(Unknown Source)
	at FDR_END_2_END_Voucher_Approval.run(FDR_END_2_END_Voucher_Approval:183)
	at com.kms.katalon.core.main.ScriptEngine.run(ScriptEngine.java:194)
	at com.kms.katalon.core.main.ScriptEngine.runScriptAsRawText(ScriptEngine.java:119)
	at com.kms.katalon.core.main.TestCaseExecutor.runScript(TestCaseExecutor.java:339)
	at com.kms.katalon.core.main.TestCaseExecutor.doExecute(TestCaseExecutor.java:330)
	at com.kms.katalon.core.main.TestCaseExecutor.processExecutionPhase(TestCaseExecutor.java:309)
	at com.kms.katalon.core.main.TestCaseExecutor.accessMainPhase(TestCaseExecutor.java:301)
	at com.kms.katalon.core.main.TestCaseExecutor.execute(TestCaseExecutor.java:235)
	at com.kms.katalon.core.main.TestSuiteExecutor.accessTestCaseMainPhase(TestSuiteExecutor.java:191)
	at com.kms.katalon.core.main.TestSuiteExecutor.accessTestSuiteMainPhase(TestSuiteExecutor.java:141)
	at com.kms.katalon.core.main.TestSuiteExecutor.execute(TestSuiteExecutor.java:90)
	at com.kms.katalon.core.main.TestCaseMain.startTestSuite(TestCaseMain.java:157)
	at com.kms.katalon.core.main.TestCaseMain$startTestSuite$0.call(Unknown Source)
	at TempTestSuite1599594670457.run(TempTestSuite1599594670457.groovy:39)
Caused by: com.kms.katalon.core.exception.StepFailedException: Cannot find window with index: '1'
	... 23 more
"/>
         <system-out><![CDATA[2020-09-08 13:06:31 - [TEST_CASE][FAILED] - Test Cases/FDR_END_2_END/FDR_END_2_END_Voucher_Approval: Test Cases/FDR_END_2_END/FDR_END_2_END_Voucher_Approval FAILED.
Reason:
com.kms.katalon.core.exception.StepFailedException: Cannot find window with index: '1' (Root cause: com.kms.katalon.core.exception.StepFailedException: Cannot find window with index: '1'
	at com.kms.katalon.core.webui.keyword.internal.WebUIKeywordMain.stepFailed(WebUIKeywordMain.groovy:64)
	at com.kms.katalon.core.webui.keyword.builtin.CloseWindowIndexKeyword$_closeWindowIndex_closure1.doCall(CloseWindowIndexKeyword.groovy:83)
	at com.kms.katalon.core.webui.keyword.builtin.CloseWindowIndexKeyword$_closeWindowIndex_closure1.call(CloseWindowIndexKeyword.groovy)
	at com.kms.katalon.core.webui.keyword.internal.WebUIKeywordMain.runKeyword(WebUIKeywordMain.groovy:20)
	at com.kms.katalon.core.webui.keyword.builtin.CloseWindowIndexKeyword.closeWindowIndex(CloseWindowIndexKeyword.groovy:85)
	at com.kms.katalon.core.webui.keyword.builtin.CloseWindowIndexKeyword.execute(CloseWindowIndexKeyword.groovy:67)
	at com.kms.katalon.core.keyword.internal.KeywordExecutor.executeKeywordForPlatform(KeywordExecutor.groovy:73)
	at com.kms.katalon.core.webui.keyword.WebUiBuiltInKeywords.closeWindowIndex(WebUiBuiltInKeywords.groovy:1914)
	at com.kms.katalon.core.webui.keyword.WebUiBuiltInKeywords$closeWindowIndex$17.call(Unknown Source)
	at FDR_END_2_END_Voucher_Approval.run(FDR_END_2_END_Voucher_Approval:183)
	at com.kms.katalon.core.main.ScriptEngine.run(ScriptEngine.java:194)
	at com.kms.katalon.core.main.ScriptEngine.runScriptAsRawText(ScriptEngine.java:119)
	at com.kms.katalon.core.main.TestCaseExecutor.runScript(TestCaseExecutor.java:339)
	at com.kms.katalon.core.main.TestCaseExecutor.doExecute(TestCaseExecutor.java:330)
	at com.kms.katalon.core.main.TestCaseExecutor.processExecutionPhase(TestCaseExecutor.java:309)
	at com.kms.katalon.core.main.TestCaseExecutor.accessMainPhase(TestCaseExecutor.java:301)
	at com.kms.katalon.core.main.TestCaseExecutor.execute(TestCaseExecutor.java:235)
	at com.kms.katalon.core.main.TestSuiteExecutor.accessTestCaseMainPhase(TestSuiteExecutor.java:191)
	at com.kms.katalon.core.main.TestSuiteExecutor.accessTestSuiteMainPhase(TestSuiteExecutor.java:141)
	at com.kms.katalon.core.main.TestSuiteExecutor.execute(TestSuiteExecutor.java:90)
	at com.kms.katalon.core.main.TestCaseMain.startTestSuite(TestCaseMain.java:157)
	at com.kms.katalon.core.main.TestCaseMain$startTestSuite$0.call(Unknown Source)
	at TempTestSuite1599594670457.run(TempTestSuite1599594670457.groovy:39)
)
	at com.kms.katalon.core.keyword.internal.KeywordMain.stepFailed(KeywordMain.groovy:39)
	at com.kms.katalon.core.webui.keyword.internal.WebUIKeywordMain.stepFailed(WebUIKeywordMain.groovy:64)
	at com.kms.katalon.core.webui.keyword.builtin.CloseWindowIndexKeyword$_closeWindowIndex_closure1.doCall(CloseWindowIndexKeyword.groovy:83)
	at com.kms.katalon.core.webui.keyword.builtin.CloseWindowIndexKeyword$_closeWindowIndex_closure1.call(CloseWindowIndexKeyword.groovy)
	at com.kms.katalon.core.webui.keyword.internal.WebUIKeywordMain.runKeyword(WebUIKeywordMain.groovy:20)
	at com.kms.katalon.core.webui.keyword.builtin.CloseWindowIndexKeyword.closeWindowIndex(CloseWindowIndexKeyword.groovy:85)
	at com.kms.katalon.core.webui.keyword.builtin.CloseWindowIndexKeyword.execute(CloseWindowIndexKeyword.groovy:67)
	at com.kms.katalon.core.keyword.internal.KeywordExecutor.executeKeywordForPlatform(KeywordExecutor.groovy:73)
	at com.kms.katalon.core.webui.keyword.WebUiBuiltInKeywords.closeWindowIndex(WebUiBuiltInKeywords.groovy:1914)
	at com.kms.katalon.core.webui.keyword.WebUiBuiltInKeywords$closeWindowIndex$17.call(Unknown Source)
	at FDR_END_2_END_Voucher_Approval.run(FDR_END_2_END_Voucher_Approval:183)
	at com.kms.katalon.core.main.ScriptEngine.run(ScriptEngine.java:194)
	at com.kms.katalon.core.main.ScriptEngine.runScriptAsRawText(ScriptEngine.java:119)
	at com.kms.katalon.core.main.TestCaseExecutor.runScript(TestCaseExecutor.java:339)
	at com.kms.katalon.core.main.TestCaseExecutor.doExecute(TestCaseExecutor.java:330)
	at com.kms.katalon.core.main.TestCaseExecutor.processExecutionPhase(TestCaseExecutor.java:309)
	at com.kms.katalon.core.main.TestCaseExecutor.accessMainPhase(TestCaseExecutor.java:301)
	at com.kms.katalon.core.main.TestCaseExecutor.execute(TestCaseExecutor.java:235)
	at com.kms.katalon.core.main.TestSuiteExecutor.accessTestCaseMainPhase(TestSuiteExecutor.java:191)
	at com.kms.katalon.core.main.TestSuiteExecutor.accessTestSuiteMainPhase(TestSuiteExecutor.java:141)
	at com.kms.katalon.core.main.TestSuiteExecutor.execute(TestSuiteExecutor.java:90)
	at com.kms.katalon.core.main.TestCaseMain.startTestSuite(TestCaseMain.java:157)
	at com.kms.katalon.core.main.TestCaseMain$startTestSuite$0.call(Unknown Source)
	at TempTestSuite1599594670457.run(TempTestSuite1599594670457.groovy:39)
Caused by: com.kms.katalon.core.exception.StepFailedException: Cannot find window with index: '1'
	... 23 more


2020-09-08 13:06:31 - [TEST_STEP][PASSED] - Start listener action : sampleBeforeTestCase: null

2020-09-08 13:06:31 - [TEST_STEP][PASSED] - profileName = getExecutionProfile(): null

2020-09-08 13:06:31 - [TEST_STEP][PASSED] - switch (profileName): null

2020-09-08 13:06:31 - [TEST_STEP][PASSED] - case "superUser":: null

2020-09-08 13:06:31 - [TEST_STEP][PASSED] - return null: null

2020-09-08 13:06:31 - [TEST_STEP][PASSED] - Start listener action : beforeTestCase: null

2020-09-08 13:06:31 - [TEST_STEP][PASSED] - profileName = getExecutionProfile(): null

2020-09-08 13:06:31 - [TEST_STEP][PASSED] - if (profileName.equalsIgnoreCase("SysAdmin")): null

2020-09-08 13:06:31 - [TEST_STEP][PASSED] - Start listener action : sampleBeforeTestCase: null

2020-09-08 13:06:31 - [TEST_STEP][PASSED] - profileName = getExecutionProfile(): null

2020-09-08 13:06:31 - [TEST_STEP][PASSED] - testCaseId = testCaseContext.getTestCaseId(): null

2020-09-08 13:06:31 - [TEST_STEP][PASSED] - switch (profileName): null

2020-09-08 13:06:31 - [TEST_STEP][PASSED] - Default: null

2020-09-08 13:06:31 - [TEST_STEP][PASSED] - return null: null

2020-09-08 13:06:31 - [TEST_STEP][PASSED] - Start listener action : executeRows: null

2020-09-08 13:06:31 - [TEST_STEP][PASSED] - Datasheet = findTestData("End_2_End/End_2_End_Voucher"): null

2020-09-08 13:06:31 - [TEST_STEP][PASSED] - commonFunctions.login(superUserAccnt, superUserPwd): Object: 'Object Repository/FDR-SignIn/SignInButton' is clicked on

2020-09-08 13:06:31 - [MESSAGE][INFO] - Starting 'Chrome' driver

2020-09-08 13:06:31 - [MESSAGE][INFO] - Action delay is set to 0 milliseconds

2020-09-08 13:06:35 - [MESSAGE][PASSED] - Browser is opened with url: 'https://fdr-katalon.cammis-mod-dev.dhcs.ca.gov'

2020-09-08 13:06:37 - [MESSAGE][PASSED] - Current window maximized

2020-09-08 13:06:38 - [MESSAGE][PASSED] - Object 'Object Repository/FDR-SignIn/SignInEmail' is present

2020-09-08 13:06:38 - [MESSAGE][PASSED] - Object: 'Object Repository/FDR-SignIn/SignInEmail' is clicked on

2020-09-08 13:06:38 - [MESSAGE][PASSED] - Object 'Object Repository/FDR-SignIn/SignInEmail' is present

2020-09-08 13:06:39 - [MESSAGE][PASSED] - Text 'fdr.test11@dhcs.ca.gov' is set on object 'Object Repository/FDR-SignIn/SignInEmail'

2020-09-08 13:06:39 - [MESSAGE][PASSED] - Object 'Object Repository/FDR-SignIn/SignInEmailNext' is visible

2020-09-08 13:06:39 - [MESSAGE][PASSED] - Object: 'Object Repository/FDR-SignIn/SignInEmailNext' is clicked on

2020-09-08 13:06:42 - [MESSAGE][PASSED] - Object 'Object Repository/FDR-SignIn/SignInEmailPassword' is visible

2020-09-08 13:06:43 - [MESSAGE][PASSED] - Object: 'Object Repository/FDR-SignIn/SignInEmailPassword' is clicked on

2020-09-08 13:06:43 - [MESSAGE][PASSED] - Text ****** has been set on object 'Object Repository/FDR-SignIn/SignInEmailPassword'

2020-09-08 13:06:45 - [MESSAGE][PASSED] - Object: 'Object Repository/FDR-SignIn/SignInButton' is clicked on

2020-09-08 13:06:45 - [TEST_STEP][PASSED] - commonFunctions.selectRole("accountsPayableProcessor"): Object 'Object Repository/FDR-VoucherEntry/VoucherHeader/reviewButton' is not present after 2 second(s)

2020-09-08 13:06:48 - [MESSAGE][INFO] - Unable to find the element located by 'By.xpath: //*[@data-id='action-button']//*[contains(text(),'Review')]'. Please recheck the objects properties to make sure the desired element is located. 

2020-09-08 13:06:48 - [MESSAGE][WARNING] - Object 'Object Repository/FDR-VoucherEntry/VoucherHeader/reviewButton' is not present after 2 second(s)

2020-09-08 13:06:48 - [MESSAGE][PASSED] - Object: 'Object Repository/FDR-SuperUser-Dashboard/userExpandButton' is clicked on

2020-09-08 13:06:51 - [MESSAGE][INFO] - Unable to find the element located by 'By.xpath: //*[@data-id='action-button']//*[contains(text(),'Review')]'. Please recheck the objects properties to make sure the desired element is located. 

2020-09-08 13:06:51 - [MESSAGE][WARNING] - Object 'Object Repository/FDR-VoucherEntry/VoucherHeader/reviewButton' is not present after 2 second(s)

2020-09-08 13:06:52 - [MESSAGE][PASSED] - Object: 'Object Repository/FDR-SuperUser-Dashboard/accountsPayableProcessor' is clicked on

2020-09-08 13:06:55 - [MESSAGE][INFO] - Unable to find the element located by 'By.xpath: //*[@data-id='action-button']//*[contains(text(),'Review')]'. Please recheck the objects properties to make sure the desired element is located. 

2020-09-08 13:06:55 - [MESSAGE][WARNING] - Object 'Object Repository/FDR-VoucherEntry/VoucherHeader/reviewButton' is not present after 2 second(s)

2020-09-08 13:06:55 - [TEST_STEP][PASSED] - click(findTestObject("Object Repository/FDR-Dashboard/createNewVoucherButton")): Object: 'Object Repository/FDR-Dashboard/createNewVoucherButton' is clicked on

2020-09-08 13:06:55 - [MESSAGE][PASSED] - Object: 'Object Repository/FDR-Dashboard/createNewVoucherButton' is clicked on

2020-09-08 13:06:55 - [TEST_STEP][PASSED] - setText(findTestObject("FDR-VoucherEntry/Voucher/drawDate"), Datasheet.getValue("drawDate", 1)): Text '09/28/2020' is set on object 'Object Repository/FDR-VoucherEntry/Voucher/drawDate'

2020-09-08 13:06:56 - [MESSAGE][PASSED] - Text '09/28/2020' is set on object 'Object Repository/FDR-VoucherEntry/Voucher/drawDate'

2020-09-08 13:06:56 - [TEST_STEP][PASSED] - setText(findTestObject("FDR-VoucherEntry/Voucher/payDate"), Datasheet.getValue("payDate", 1)): Text '09/30/2020' is set on object 'Object Repository/FDR-VoucherEntry/Voucher/payDate'

2020-09-08 13:06:57 - [MESSAGE][PASSED] - Text '09/30/2020' is set on object 'Object Repository/FDR-VoucherEntry/Voucher/payDate'

2020-09-08 13:06:57 - [TEST_STEP][PASSED] - click(findTestObject("FDR-VoucherEntry/Voucher/programType")): Object: 'Object Repository/FDR-VoucherEntry/Voucher/programType' is clicked on

2020-09-08 13:06:58 - [MESSAGE][PASSED] - Object: 'Object Repository/FDR-VoucherEntry/Voucher/programType' is clicked on

2020-09-08 13:06:58 - [TEST_STEP][PASSED] - waitForElementPresent(findTestObject("FDR-VoucherEntry/Voucher/programType"), 2): Object 'Object Repository/FDR-VoucherEntry/Voucher/programType' is present

2020-09-08 13:06:58 - [MESSAGE][PASSED] - Object 'Object Repository/FDR-VoucherEntry/Voucher/programType' is present

2020-09-08 13:06:58 - [TEST_STEP][PASSED] - setText(findTestObject("FDR-VoucherEntry/Voucher/programType"), Datasheet.getValue("programType", 1)): Text 'Medical Assistance (MA)' is set on object 'Object Repository/FDR-VoucherEntry/Voucher/programType'

2020-09-08 13:06:59 - [MESSAGE][PASSED] - Text 'Medical Assistance (MA)' is set on object 'Object Repository/FDR-VoucherEntry/Voucher/programType'

2020-09-08 13:06:59 - [TEST_STEP][PASSED] - waitForElementPresent(findTestObject("FDR-VoucherEntry/Voucher/programType"), 3): Object 'Object Repository/FDR-VoucherEntry/Voucher/programType' is present

2020-09-08 13:06:59 - [MESSAGE][PASSED] - Object 'Object Repository/FDR-VoucherEntry/Voucher/programType' is present

2020-09-08 13:06:59 - [TEST_STEP][PASSED] - sendKeys(findTestObject("FDR-VoucherEntry/Voucher/programType"), Keys.chord(DOWN, ENTER)): Keys 'DOWN + ENTER + ' sent to object: 'Object Repository/FDR-VoucherEntry/Voucher/programType'

2020-09-08 13:06:59 - [MESSAGE][PASSED] - Keys 'DOWN + ENTER + ' sent to object: 'Object Repository/FDR-VoucherEntry/Voucher/programType'

2020-09-08 13:06:59 - [TEST_STEP][PASSED] - click(findTestObject("FDR-VoucherEntry/Voucher/invoiceType")): Object: 'Object Repository/FDR-VoucherEntry/Voucher/invoiceType' is clicked on

2020-09-08 13:07:00 - [MESSAGE][PASSED] - Object: 'Object Repository/FDR-VoucherEntry/Voucher/invoiceType' is clicked on

2020-09-08 13:07:00 - [TEST_STEP][PASSED] - waitForElementPresent(findTestObject("FDR-VoucherEntry/Voucher/invoiceType"), 2): Object 'Object Repository/FDR-VoucherEntry/Voucher/invoiceType' is present

2020-09-08 13:07:00 - [MESSAGE][PASSED] - Object 'Object Repository/FDR-VoucherEntry/Voucher/invoiceType' is present

2020-09-08 13:07:00 - [TEST_STEP][PASSED] - sendKeys(findTestObject("FDR-VoucherEntry/Voucher/invoiceType"), Datasheet.getValue("invoiceType", 1)): Keys 'CAP' sent to object: 'Object Repository/FDR-VoucherEntry/Voucher/invoiceType'

2020-09-08 13:07:01 - [MESSAGE][PASSED] - Keys 'CAP' sent to object: 'Object Repository/FDR-VoucherEntry/Voucher/invoiceType'

2020-09-08 13:07:01 - [TEST_STEP][PASSED] - sendKeys(findTestObject("FDR-VoucherEntry/Voucher/invoiceType"), Keys.chord(DOWN, ENTER)): Keys 'DOWN + ENTER + ' sent to object: 'Object Repository/FDR-VoucherEntry/Voucher/invoiceType'

2020-09-08 13:07:01 - [MESSAGE][PASSED] - Keys 'DOWN + ENTER + ' sent to object: 'Object Repository/FDR-VoucherEntry/Voucher/invoiceType'

2020-09-08 13:07:01 - [TEST_STEP][PASSED] - click(findTestObject("FDR-VoucherEntry/Voucher/fundcode")): Object: 'Object Repository/FDR-VoucherEntry/Voucher/fundcode' is clicked on

2020-09-08 13:07:02 - [MESSAGE][PASSED] - Object: 'Object Repository/FDR-VoucherEntry/Voucher/fundcode' is clicked on

2020-09-08 13:07:02 - [TEST_STEP][PASSED] - waitForElementPresent(findTestObject("FDR-VoucherEntry/Voucher/fundcode"), 1): Object 'Object Repository/FDR-VoucherEntry/Voucher/fundcode' is present

2020-09-08 13:07:02 - [MESSAGE][PASSED] - Object 'Object Repository/FDR-VoucherEntry/Voucher/fundcode' is present

2020-09-08 13:07:02 - [TEST_STEP][PASSED] - sendKeys(findTestObject("FDR-VoucherEntry/Voucher/fundcode"), Datasheet.getValue("fundcode", 1)): Keys 'Health Care Deposit Fund (0912)' sent to object: 'Object Repository/FDR-VoucherEntry/Voucher/fundcode'

2020-09-08 13:07:03 - [MESSAGE][PASSED] - Keys 'Health Care Deposit Fund (0912)' sent to object: 'Object Repository/FDR-VoucherEntry/Voucher/fundcode'

2020-09-08 13:07:03 - [TEST_STEP][PASSED] - sendKeys(findTestObject("FDR-VoucherEntry/Voucher/fundcode"), Keys.chord(DOWN, ENTER)): Keys 'DOWN + ENTER + ' sent to object: 'Object Repository/FDR-VoucherEntry/Voucher/fundcode'

2020-09-08 13:07:03 - [MESSAGE][PASSED] - Keys 'DOWN + ENTER + ' sent to object: 'Object Repository/FDR-VoucherEntry/Voucher/fundcode'

2020-09-08 13:07:03 - [TEST_STEP][PASSED] - click(findTestObject("FDR-VoucherEntry/Voucher/supplierID")): Object: 'Object Repository/FDR-VoucherEntry/Voucher/supplierID' is clicked on

2020-09-08 13:07:04 - [MESSAGE][PASSED] - Object: 'Object Repository/FDR-VoucherEntry/Voucher/supplierID' is clicked on

2020-09-08 13:07:04 - [TEST_STEP][PASSED] - waitForElementPresent(findTestObject("FDR-VoucherEntry/Voucher/supplierID"), 1): Object 'Object Repository/FDR-VoucherEntry/Voucher/supplierID' is present

2020-09-08 13:07:04 - [MESSAGE][PASSED] - Object 'Object Repository/FDR-VoucherEntry/Voucher/supplierID' is present

2020-09-08 13:07:04 - [TEST_STEP][PASSED] - sendKeys(findTestObject("FDR-VoucherEntry/Voucher/supplierID"), Datasheet.getValue("supplierID", 1)): Keys '0000007954' sent to object: 'Object Repository/FDR-VoucherEntry/Voucher/supplierID'

2020-09-08 13:07:05 - [MESSAGE][PASSED] - Keys '0000007954' sent to object: 'Object Repository/FDR-VoucherEntry/Voucher/supplierID'

2020-09-08 13:07:05 - [TEST_STEP][PASSED] - sendKeys(findTestObject("FDR-VoucherEntry/Voucher/supplierID"), Keys.chord(DOWN, ENTER)): Keys 'DOWN + ENTER + ' sent to object: 'Object Repository/FDR-VoucherEntry/Voucher/supplierID'

2020-09-08 13:07:05 - [MESSAGE][PASSED] - Keys 'DOWN + ENTER + ' sent to object: 'Object Repository/FDR-VoucherEntry/Voucher/supplierID'

2020-09-08 13:07:05 - [TEST_STEP][PASSED] - click(findTestObject("FDR-VoucherEntry/Voucher/seqNum")): Object: 'Object Repository/FDR-VoucherEntry/Voucher/seqNum' is clicked on

2020-09-08 13:07:06 - [MESSAGE][PASSED] - Object: 'Object Repository/FDR-VoucherEntry/Voucher/seqNum' is clicked on

2020-09-08 13:07:06 - [TEST_STEP][PASSED] - waitForElementPresent(findTestObject("FDR-VoucherEntry/Voucher/seqNum"), 3): Object 'Object Repository/FDR-VoucherEntry/Voucher/seqNum' is present

2020-09-08 13:07:06 - [MESSAGE][PASSED] - Object 'Object Repository/FDR-VoucherEntry/Voucher/seqNum' is present

2020-09-08 13:07:06 - [TEST_STEP][PASSED] - sendKeys(findTestObject("FDR-VoucherEntry/Voucher/supplierID"), Datasheet.getValue("seqNum", 1)): Keys '01' sent to object: 'Object Repository/FDR-VoucherEntry/Voucher/supplierID'

2020-09-08 13:07:07 - [MESSAGE][PASSED] - Keys '01' sent to object: 'Object Repository/FDR-VoucherEntry/Voucher/supplierID'

2020-09-08 13:07:07 - [TEST_STEP][PASSED] - click(findTestObject("FDR-VoucherEntry/Voucher/seqNum")): Object: 'Object Repository/FDR-VoucherEntry/Voucher/seqNum' is clicked on

2020-09-08 13:07:07 - [MESSAGE][PASSED] - Object: 'Object Repository/FDR-VoucherEntry/Voucher/seqNum' is clicked on

2020-09-08 13:07:07 - [TEST_STEP][PASSED] - sendKeys(findTestObject("FDR-VoucherEntry/Voucher/seqNum"), Keys.chord(DOWN, ENTER)): Keys 'DOWN + ENTER + ' sent to object: 'Object Repository/FDR-VoucherEntry/Voucher/seqNum'

2020-09-08 13:07:08 - [MESSAGE][PASSED] - Keys 'DOWN + ENTER + ' sent to object: 'Object Repository/FDR-VoucherEntry/Voucher/seqNum'

2020-09-08 13:07:08 - [TEST_STEP][PASSED] - click(findTestObject("FDR-VoucherEntry/Voucher/contractNum")): Object: 'Object Repository/FDR-VoucherEntry/Voucher/contractNum' is clicked on

2020-09-08 13:07:08 - [MESSAGE][PASSED] - Object: 'Object Repository/FDR-VoucherEntry/Voucher/contractNum' is clicked on

2020-09-08 13:07:08 - [TEST_STEP][PASSED] - waitForElementPresent(findTestObject("FDR-VoucherEntry/Voucher/contractNum"), 1): Object 'Object Repository/FDR-VoucherEntry/Voucher/contractNum' is present

2020-09-08 13:07:09 - [MESSAGE][PASSED] - Object 'Object Repository/FDR-VoucherEntry/Voucher/contractNum' is present

2020-09-08 13:07:09 - [TEST_STEP][PASSED] - sendKeys(findTestObject("FDR-VoucherEntry/Voucher/contractNum"), Datasheet.getValue("contractNum", 1)): Keys '07-65707' sent to object: 'Object Repository/FDR-VoucherEntry/Voucher/contractNum'

2020-09-08 13:07:09 - [MESSAGE][PASSED] - Keys '07-65707' sent to object: 'Object Repository/FDR-VoucherEntry/Voucher/contractNum'

2020-09-08 13:07:09 - [TEST_STEP][PASSED] - click(findTestObject("FDR-VoucherEntry/Voucher/contractNum")): Object: 'Object Repository/FDR-VoucherEntry/Voucher/contractNum' is clicked on

2020-09-08 13:07:09 - [MESSAGE][PASSED] - Object: 'Object Repository/FDR-VoucherEntry/Voucher/contractNum' is clicked on

2020-09-08 13:07:09 - [TEST_STEP][PASSED] - sendKeys(findTestObject("FDR-VoucherEntry/Voucher/contractNum"), Keys.chord(DOWN, ENTER)): Keys 'DOWN + ENTER + ' sent to object: 'Object Repository/FDR-VoucherEntry/Voucher/contractNum'

2020-09-08 13:07:10 - [MESSAGE][PASSED] - Keys 'DOWN + ENTER + ' sent to object: 'Object Repository/FDR-VoucherEntry/Voucher/contractNum'

2020-09-08 13:07:10 - [TEST_STEP][PASSED] - click(findTestObject("FDR-VoucherEntry/Voucher/vendorMessage")): Object: 'Object Repository/FDR-VoucherEntry/Voucher/vendorMessage' is clicked on

2020-09-08 13:07:10 - [MESSAGE][PASSED] - Object: 'Object Repository/FDR-VoucherEntry/Voucher/vendorMessage' is clicked on

2020-09-08 13:07:10 - [TEST_STEP][PASSED] - setText(findTestObject("Object Repository/FDR-VoucherEntry/Voucher/vendorMessage"), Datasheet.getValue("vendorMessage", 1)): Text 'TestCase ONE' is set on object 'Object Repository/FDR-VoucherEntry/Voucher/vendorMessage'

2020-09-08 13:07:11 - [MESSAGE][PASSED] - Text 'TestCase ONE' is set on object 'Object Repository/FDR-VoucherEntry/Voucher/vendorMessage'

2020-09-08 13:07:11 - [TEST_STEP][PASSED] - click(findTestObject("FDR-VoucherEntry/Voucher/primaryContact")): Object: 'Object Repository/FDR-VoucherEntry/Voucher/primaryContact' is clicked on

2020-09-08 13:07:12 - [MESSAGE][PASSED] - Object: 'Object Repository/FDR-VoucherEntry/Voucher/primaryContact' is clicked on

2020-09-08 13:07:12 - [TEST_STEP][PASSED] - waitForElementPresent(findTestObject("FDR-VoucherEntry/Voucher/primaryContact"), 1): Object 'Object Repository/FDR-VoucherEntry/Voucher/primaryContact' is present

2020-09-08 13:07:12 - [MESSAGE][PASSED] - Object 'Object Repository/FDR-VoucherEntry/Voucher/primaryContact' is present

2020-09-08 13:07:12 - [TEST_STEP][PASSED] - sendKeys(findTestObject("FDR-VoucherEntry/Voucher/primaryContact"), Datasheet.getValue("primaryContact", 1)): Keys 'James Mowrer' sent to object: 'Object Repository/FDR-VoucherEntry/Voucher/primaryContact'

2020-09-08 13:07:13 - [MESSAGE][PASSED] - Keys 'James Mowrer' sent to object: 'Object Repository/FDR-VoucherEntry/Voucher/primaryContact'

2020-09-08 13:07:13 - [TEST_STEP][PASSED] - sendKeys(findTestObject("FDR-VoucherEntry/Voucher/primaryContact"), Keys.chord(DOWN, ENTER)): Keys 'DOWN + ENTER + ' sent to object: 'Object Repository/FDR-VoucherEntry/Voucher/primaryContact'

2020-09-08 13:07:13 - [MESSAGE][PASSED] - Keys 'DOWN + ENTER + ' sent to object: 'Object Repository/FDR-VoucherEntry/Voucher/primaryContact'

2020-09-08 13:07:13 - [TEST_STEP][PASSED] - click(findTestObject("FDR-VoucherEntry/Voucher/secondaryContact")): Object: 'Object Repository/FDR-VoucherEntry/Voucher/secondaryContact' is clicked on

2020-09-08 13:07:14 - [MESSAGE][PASSED] - Object: 'Object Repository/FDR-VoucherEntry/Voucher/secondaryContact' is clicked on

2020-09-08 13:07:14 - [TEST_STEP][PASSED] - waitForElementPresent(findTestObject("FDR-VoucherEntry/Voucher/secondaryContact"), 1): Object 'Object Repository/FDR-VoucherEntry/Voucher/secondaryContact' is present

2020-09-08 13:07:14 - [MESSAGE][PASSED] - Object 'Object Repository/FDR-VoucherEntry/Voucher/secondaryContact' is present

2020-09-08 13:07:14 - [TEST_STEP][PASSED] - sendKeys(findTestObject("FDR-VoucherEntry/Voucher/secondaryContact"), Datasheet.getValue("secondaryContact", 1)): Keys 'Aung Lin' sent to object: 'Object Repository/FDR-VoucherEntry/Voucher/secondaryContact'

2020-09-08 13:07:15 - [MESSAGE][PASSED] - Keys 'Aung Lin' sent to object: 'Object Repository/FDR-VoucherEntry/Voucher/secondaryContact'

2020-09-08 13:07:15 - [TEST_STEP][PASSED] - sendKeys(findTestObject("FDR-VoucherEntry/Voucher/secondaryContact"), Keys.chord(DOWN, ENTER)): Keys 'DOWN + ENTER + ' sent to object: 'Object Repository/FDR-VoucherEntry/Voucher/secondaryContact'

2020-09-08 13:07:15 - [MESSAGE][PASSED] - Keys 'DOWN + ENTER + ' sent to object: 'Object Repository/FDR-VoucherEntry/Voucher/secondaryContact'

2020-09-08 13:07:15 - [TEST_STEP][PASSED] - click(findTestObject("FDR-VoucherEntry/Voucher/buttonNext")): Object: 'Object Repository/FDR-VoucherEntry/Voucher/buttonNext' is clicked on

2020-09-08 13:07:16 - [MESSAGE][PASSED] - Object: 'Object Repository/FDR-VoucherEntry/Voucher/buttonNext' is clicked on

2020-09-08 13:07:16 - [TEST_STEP][PASSED] - delay(3): Delayed 3 second(s)

2020-09-08 13:07:19 - [MESSAGE][PASSED] - Delayed 3 second(s)

2020-09-08 13:07:19 - [TEST_STEP][PASSED] - noOfLine = Datasheet.getValue("NoOfLines", 1): null

2020-09-08 13:07:19 - [TEST_STEP][PASSED] - str = noOfLine: null

2020-09-08 13:07:19 - [TEST_STEP][PASSED] - for ([j = 1, j <= str, (j++)]): Object: 'Object Repository/FDR-VoucherEntry/DistributionLine/addSaveButton' is clicked on

2020-09-08 13:07:19 - [TEST_STEP][PASSED] - irandom = Random().nextInt(900000) + 100000: null

2020-09-08 13:07:19 - [TEST_STEP][PASSED] - click(findTestObject("FDR-VoucherEntry/InvoiceLine/invoice")): Object: 'Object Repository/FDR-VoucherEntry/InvoiceLine/invoice' is clicked on

2020-09-08 13:07:19 - [MESSAGE][PASSED] - Object: 'Object Repository/FDR-VoucherEntry/InvoiceLine/invoice' is clicked on

2020-09-08 13:07:19 - [TEST_STEP][PASSED] - setText(findTestObject("FDR-VoucherEntry/InvoiceLine/invoice"), "INC-" + irandom): Text 'INC-337153' is set on object 'Object Repository/FDR-VoucherEntry/InvoiceLine/invoice'

2020-09-08 13:07:20 - [MESSAGE][PASSED] - Text 'INC-337153' is set on object 'Object Repository/FDR-VoucherEntry/InvoiceLine/invoice'

2020-09-08 13:07:20 - [TEST_STEP][PASSED] - click(findTestObject("FDR-VoucherEntry/InvoiceLine/invoiceDate")): Object: 'Object Repository/FDR-VoucherEntry/InvoiceLine/invoiceDate' is clicked on

2020-09-08 13:07:20 - [MESSAGE][PASSED] - Object: 'Object Repository/FDR-VoucherEntry/InvoiceLine/invoiceDate' is clicked on

2020-09-08 13:07:20 - [TEST_STEP][PASSED] - setText(findTestObject("FDR-VoucherEntry/InvoiceLine/invoiceDate"), Datasheet.getValue("invoiceDate", 1)): Text '09/08/2020' is set on object 'Object Repository/FDR-VoucherEntry/InvoiceLine/invoiceDate'

2020-09-08 13:07:21 - [MESSAGE][PASSED] - Text '09/08/2020' is set on object 'Object Repository/FDR-VoucherEntry/InvoiceLine/invoiceDate'

2020-09-08 13:07:21 - [TEST_STEP][PASSED] - click(findTestObject("FDR-VoucherEntry/InvoiceLine/originalWarrantDate")): Object: 'Object Repository/FDR-VoucherEntry/InvoiceLine/originalWarrantDate' is clicked on

2020-09-08 13:07:22 - [MESSAGE][PASSED] - Object: 'Object Repository/FDR-VoucherEntry/InvoiceLine/originalWarrantDate' is clicked on

2020-09-08 13:07:22 - [TEST_STEP][PASSED] - setText(findTestObject("FDR-VoucherEntry/InvoiceLine/originalWarrantDate"), Datasheet.getValue("originalWarrantDate", 1)): Text '09/08/2020' is set on object 'Object Repository/FDR-VoucherEntry/InvoiceLine/originalWarrantDate'

2020-09-08 13:07:22 - [MESSAGE][PASSED] - Text '09/08/2020' is set on object 'Object Repository/FDR-VoucherEntry/InvoiceLine/originalWarrantDate'

2020-09-08 13:07:22 - [TEST_STEP][PASSED] - delay(3): Delayed 3 second(s)

2020-09-08 13:07:25 - [MESSAGE][PASSED] - Delayed 3 second(s)

2020-09-08 13:07:25 - [TEST_STEP][PASSED] - click(findTestObject("FDR-VoucherEntry/InvoiceLine/addInvoiceLineButton")): Object: 'Object Repository/FDR-VoucherEntry/InvoiceLine/addInvoiceLineButton' is clicked on

2020-09-08 13:07:26 - [MESSAGE][PASSED] - Object: 'Object Repository/FDR-VoucherEntry/InvoiceLine/addInvoiceLineButton' is clicked on

2020-09-08 13:07:26 - [TEST_STEP][PASSED] - delay(5): Delayed 5 second(s)

2020-09-08 13:07:31 - [MESSAGE][PASSED] - Delayed 5 second(s)

2020-09-08 13:07:31 - [TEST_STEP][PASSED] - if (j == 1): Object: 'Object Repository/FDR-EditVoucher/expandicon1' is clicked on

2020-09-08 13:07:31 - [TEST_STEP][PASSED] - click(findTestObject("Object Repository/FDR-EditVoucher/expandicon1")): Object: 'Object Repository/FDR-EditVoucher/expandicon1' is clicked on

2020-09-08 13:07:31 - [MESSAGE][PASSED] - Object: 'Object Repository/FDR-EditVoucher/expandicon1' is clicked on

2020-09-08 13:07:31 - [TEST_STEP][PASSED] - click(findTestObject("FDR-VoucherEntry/InvoiceLine/invoiceAddlineButton")): Object: 'Object Repository/FDR-VoucherEntry/InvoiceLine/invoiceAddlineButton' is clicked on

2020-09-08 13:07:32 - [MESSAGE][PASSED] - Object: 'Object Repository/FDR-VoucherEntry/InvoiceLine/invoiceAddlineButton' is clicked on

2020-09-08 13:07:32 - [TEST_STEP][PASSED] - click(findTestObject("FDR-VoucherEntry/DistributionLine/serviceDateFrom")): Object: 'Object Repository/FDR-VoucherEntry/DistributionLine/serviceDateFrom' is clicked on

2020-09-08 13:07:33 - [MESSAGE][PASSED] - Object: 'Object Repository/FDR-VoucherEntry/DistributionLine/serviceDateFrom' is clicked on

2020-09-08 13:07:33 - [TEST_STEP][PASSED] - setText(findTestObject("FDR-VoucherEntry/DistributionLine/serviceDateFrom"), Datasheet.getValue("serviceDateFrom", 1)): Text '09/08/2020' is set on object 'Object Repository/FDR-VoucherEntry/DistributionLine/serviceDateFrom'

2020-09-08 13:07:33 - [MESSAGE][PASSED] - Text '09/08/2020' is set on object 'Object Repository/FDR-VoucherEntry/DistributionLine/serviceDateFrom'

2020-09-08 13:07:33 - [TEST_STEP][PASSED] - setText(findTestObject("FDR-VoucherEntry/DistributionLine/serviceDateTo"), Datasheet.getValue("serviceDateTo", 1)): Text '09/08/2020' is set on object 'Object Repository/FDR-VoucherEntry/DistributionLine/serviceDateTo'

2020-09-08 13:07:35 - [MESSAGE][PASSED] - Text '09/08/2020' is set on object 'Object Repository/FDR-VoucherEntry/DistributionLine/serviceDateTo'

2020-09-08 13:07:35 - [TEST_STEP][PASSED] - click(findTestObject("FDR-VoucherEntry/DistributionLine/amount")): Object: 'Object Repository/FDR-VoucherEntry/DistributionLine/amount' is clicked on

2020-09-08 13:07:35 - [MESSAGE][PASSED] - Object: 'Object Repository/FDR-VoucherEntry/DistributionLine/amount' is clicked on

2020-09-08 13:07:35 - [TEST_STEP][PASSED] - setText(findTestObject("FDR-VoucherEntry/DistributionLine/amount"), Datasheet.getValue("amount", 1)): Text '100000' is set on object 'Object Repository/FDR-VoucherEntry/DistributionLine/amount'

2020-09-08 13:07:36 - [MESSAGE][PASSED] - Text '100000' is set on object 'Object Repository/FDR-VoucherEntry/DistributionLine/amount'

2020-09-08 13:07:36 - [TEST_STEP][PASSED] - click(findTestObject("FDR-VoucherEntry/DistributionLine/waiverType")): Object: 'Object Repository/FDR-VoucherEntry/DistributionLine/waiverType' is clicked on

2020-09-08 13:07:37 - [MESSAGE][PASSED] - Object: 'Object Repository/FDR-VoucherEntry/DistributionLine/waiverType' is clicked on

2020-09-08 13:07:37 - [TEST_STEP][PASSED] - setText(findTestObject("FDR-VoucherEntry/DistributionLine/waiverType"), Datasheet.getValue("waiverType", 1)): Text '2020' is set on object 'Object Repository/FDR-VoucherEntry/DistributionLine/waiverType'

2020-09-08 13:07:37 - [MESSAGE][PASSED] - Text '2020' is set on object 'Object Repository/FDR-VoucherEntry/DistributionLine/waiverType'

2020-09-08 13:07:37 - [TEST_STEP][PASSED] - sendKeys(findTestObject("FDR-VoucherEntry/DistributionLine/waiverType"), Keys.chord(DOWN, ENTER)): Keys 'DOWN + ENTER + ' sent to object: 'Object Repository/FDR-VoucherEntry/DistributionLine/waiverType'

2020-09-08 13:07:38 - [MESSAGE][PASSED] - Keys 'DOWN + ENTER + ' sent to object: 'Object Repository/FDR-VoucherEntry/DistributionLine/waiverType'

2020-09-08 13:07:38 - [TEST_STEP][PASSED] - click(findTestObject("FDR-VoucherEntry/DistributionLine/waiverName")): Object: 'Object Repository/FDR-VoucherEntry/DistributionLine/waiverName' is clicked on

2020-09-08 13:07:38 - [MESSAGE][PASSED] - Object: 'Object Repository/FDR-VoucherEntry/DistributionLine/waiverName' is clicked on

2020-09-08 13:07:38 - [TEST_STEP][PASSED] - setText(findTestObject("FDR-VoucherEntry/DistributionLine/waiverName"), Datasheet.getValue("waiverName", 1)): Text 'A-FamilyU TPM/GMC' is set on object 'Object Repository/FDR-VoucherEntry/DistributionLine/waiverName'

2020-09-08 13:07:39 - [MESSAGE][PASSED] - Text 'A-FamilyU TPM/GMC' is set on object 'Object Repository/FDR-VoucherEntry/DistributionLine/waiverName'

2020-09-08 13:07:39 - [TEST_STEP][PASSED] - sendKeys(findTestObject("FDR-VoucherEntry/DistributionLine/waiverName"), Keys.chord(DOWN, ENTER)): Keys 'DOWN + ENTER + ' sent to object: 'Object Repository/FDR-VoucherEntry/DistributionLine/waiverName'

2020-09-08 13:07:40 - [MESSAGE][PASSED] - Keys 'DOWN + ENTER + ' sent to object: 'Object Repository/FDR-VoucherEntry/DistributionLine/waiverName'

2020-09-08 13:07:40 - [TEST_STEP][PASSED] - click(findTestObject("FDR-VoucherEntry/DistributionLine/fundingSource")): Object: 'Object Repository/FDR-VoucherEntry/DistributionLine/fundingSource' is clicked on

2020-09-08 13:07:40 - [MESSAGE][PASSED] - Object: 'Object Repository/FDR-VoucherEntry/DistributionLine/fundingSource' is clicked on

2020-09-08 13:07:40 - [TEST_STEP][PASSED] - setText(findTestObject("FDR-VoucherEntry/DistributionLine/fundingSource"), Datasheet.getValue("fundingSource", 1)): Text 'Dental' is set on object 'Object Repository/FDR-VoucherEntry/DistributionLine/fundingSource'

2020-09-08 13:07:41 - [MESSAGE][PASSED] - Text 'Dental' is set on object 'Object Repository/FDR-VoucherEntry/DistributionLine/fundingSource'

2020-09-08 13:07:41 - [TEST_STEP][PASSED] - sendKeys(findTestObject("FDR-VoucherEntry/DistributionLine/fundingSource"), Keys.chord(DOWN, ENTER)): Keys 'DOWN + ENTER + ' sent to object: 'Object Repository/FDR-VoucherEntry/DistributionLine/fundingSource'

2020-09-08 13:07:42 - [MESSAGE][PASSED] - Keys 'DOWN + ENTER + ' sent to object: 'Object Repository/FDR-VoucherEntry/DistributionLine/fundingSource'

2020-09-08 13:07:42 - [TEST_STEP][PASSED] - click(findTestObject("FDR-VoucherEntry/DistributionLine/fundRatio")): Object: 'Object Repository/FDR-VoucherEntry/DistributionLine/fundRatio' is clicked on

2020-09-08 13:07:42 - [MESSAGE][PASSED] - Object: 'Object Repository/FDR-VoucherEntry/DistributionLine/fundRatio' is clicked on

2020-09-08 13:07:42 - [TEST_STEP][PASSED] - setText(findTestObject("FDR-VoucherEntry/DistributionLine/fundRatio"), Datasheet.getValue("fundRatio", 1)): Text '50/50' is set on object 'Object Repository/FDR-VoucherEntry/DistributionLine/fundRatio'

2020-09-08 13:07:43 - [MESSAGE][PASSED] - Text '50/50' is set on object 'Object Repository/FDR-VoucherEntry/DistributionLine/fundRatio'

2020-09-08 13:07:43 - [TEST_STEP][PASSED] - sendKeys(findTestObject("FDR-VoucherEntry/DistributionLine/fundRatio"), Keys.chord(DOWN, ENTER)): Keys 'DOWN + ENTER + ' sent to object: 'Object Repository/FDR-VoucherEntry/DistributionLine/fundRatio'

2020-09-08 13:07:44 - [MESSAGE][PASSED] - Keys 'DOWN + ENTER + ' sent to object: 'Object Repository/FDR-VoucherEntry/DistributionLine/fundRatio'

2020-09-08 13:07:44 - [TEST_STEP][PASSED] - click(findTestObject("FDR-VoucherEntry/DistributionLine/nonFederalFund")): Object: 'Object Repository/FDR-VoucherEntry/DistributionLine/nonFederalFund' is clicked on

2020-09-08 13:07:44 - [MESSAGE][PASSED] - Object: 'Object Repository/FDR-VoucherEntry/DistributionLine/nonFederalFund' is clicked on

2020-09-08 13:07:44 - [TEST_STEP][PASSED] - setText(findTestObject("FDR-VoucherEntry/DistributionLine/nonFederalFund"), Datasheet.getValue("nonFederalFund", 1)): Text '3158' is set on object 'Object Repository/FDR-VoucherEntry/DistributionLine/nonFederalFund'

2020-09-08 13:07:45 - [MESSAGE][PASSED] - Text '3158' is set on object 'Object Repository/FDR-VoucherEntry/DistributionLine/nonFederalFund'

2020-09-08 13:07:45 - [TEST_STEP][PASSED] - sendKeys(findTestObject("FDR-VoucherEntry/DistributionLine/nonFederalFund"), Keys.chord(DOWN, ENTER)): Keys 'DOWN + ENTER + ' sent to object: 'Object Repository/FDR-VoucherEntry/DistributionLine/nonFederalFund'

2020-09-08 13:07:46 - [MESSAGE][PASSED] - Keys 'DOWN + ENTER + ' sent to object: 'Object Repository/FDR-VoucherEntry/DistributionLine/nonFederalFund'

2020-09-08 13:07:46 - [TEST_STEP][PASSED] - click(findTestObject("FDR-VoucherEntry/DistributionLine/account")): Object: 'Object Repository/FDR-VoucherEntry/DistributionLine/account' is clicked on

2020-09-08 13:07:46 - [MESSAGE][PASSED] - Object: 'Object Repository/FDR-VoucherEntry/DistributionLine/account' is clicked on

2020-09-08 13:07:46 - [TEST_STEP][PASSED] - sendKeys(findTestObject("FDR-VoucherEntry/DistributionLine/account"), Datasheet.getValue("account", 1)): Keys '5442000' sent to object: 'Object Repository/FDR-VoucherEntry/DistributionLine/account'

2020-09-08 13:07:47 - [MESSAGE][PASSED] - Keys '5442000' sent to object: 'Object Repository/FDR-VoucherEntry/DistributionLine/account'

2020-09-08 13:07:47 - [TEST_STEP][PASSED] - sendKeys(findTestObject("FDR-VoucherEntry/DistributionLine/account"), Keys.chord(DOWN, ENTER)): Keys 'DOWN + ENTER + ' sent to object: 'Object Repository/FDR-VoucherEntry/DistributionLine/account'

2020-09-08 13:07:47 - [MESSAGE][PASSED] - Keys 'DOWN + ENTER + ' sent to object: 'Object Repository/FDR-VoucherEntry/DistributionLine/account'

2020-09-08 13:07:47 - [TEST_STEP][PASSED] - click(findTestObject("FDR-VoucherEntry/DistributionLine/altAccount")): Object: 'Object Repository/FDR-VoucherEntry/DistributionLine/altAccount' is clicked on

2020-09-08 13:07:48 - [MESSAGE][PASSED] - Object: 'Object Repository/FDR-VoucherEntry/DistributionLine/altAccount' is clicked on

2020-09-08 13:07:48 - [TEST_STEP][PASSED] - sendKeys(findTestObject("FDR-VoucherEntry/DistributionLine/altAccount"), Datasheet.getValue("altAccount", 1)): Keys '5442000089' sent to object: 'Object Repository/FDR-VoucherEntry/DistributionLine/altAccount'

2020-09-08 13:07:48 - [MESSAGE][PASSED] - Keys '5442000089' sent to object: 'Object Repository/FDR-VoucherEntry/DistributionLine/altAccount'

2020-09-08 13:07:48 - [TEST_STEP][PASSED] - sendKeys(findTestObject("FDR-VoucherEntry/DistributionLine/altAccount"), Keys.chord(DOWN, ENTER)): Keys 'DOWN + ENTER + ' sent to object: 'Object Repository/FDR-VoucherEntry/DistributionLine/altAccount'

2020-09-08 13:07:49 - [MESSAGE][PASSED] - Keys 'DOWN + ENTER + ' sent to object: 'Object Repository/FDR-VoucherEntry/DistributionLine/altAccount'

2020-09-08 13:07:49 - [TEST_STEP][PASSED] - click(findTestObject("FDR-VoucherEntry/DistributionLine/serviceCategory")): Object: 'Object Repository/FDR-VoucherEntry/DistributionLine/serviceCategory' is clicked on

2020-09-08 13:07:49 - [MESSAGE][PASSED] - Object: 'Object Repository/FDR-VoucherEntry/DistributionLine/serviceCategory' is clicked on

2020-09-08 13:07:49 - [TEST_STEP][PASSED] - sendKeys(findTestObject("FDR-VoucherEntry/DistributionLine/serviceCategory"), Datasheet.getValue("serviceCategory", 1)): Keys '18B1' sent to object: 'Object Repository/FDR-VoucherEntry/DistributionLine/serviceCategory'

2020-09-08 13:07:50 - [MESSAGE][PASSED] - Keys '18B1' sent to object: 'Object Repository/FDR-VoucherEntry/DistributionLine/serviceCategory'

2020-09-08 13:07:50 - [TEST_STEP][PASSED] - sendKeys(findTestObject("FDR-VoucherEntry/DistributionLine/serviceCategory"), Keys.chord(DOWN, ENTER)): Keys 'DOWN + ENTER + ' sent to object: 'Object Repository/FDR-VoucherEntry/DistributionLine/serviceCategory'

2020-09-08 13:07:50 - [MESSAGE][PASSED] - Keys 'DOWN + ENTER + ' sent to object: 'Object Repository/FDR-VoucherEntry/DistributionLine/serviceCategory'

2020-09-08 13:07:50 - [TEST_STEP][PASSED] - click(findTestObject("FDR-VoucherEntry/DistributionLine/incDecLine")): Object: 'Object Repository/FDR-VoucherEntry/DistributionLine/incDecLine' is clicked on

2020-09-08 13:07:51 - [MESSAGE][PASSED] - Object: 'Object Repository/FDR-VoucherEntry/DistributionLine/incDecLine' is clicked on

2020-09-08 13:07:51 - [TEST_STEP][PASSED] - sendKeys(findTestObject("FDR-VoucherEntry/DistributionLine/incDecLine"), Datasheet.getValue("incDecLine", 1)): Keys '1: New (service Period is current quarter and never been claimed)' sent to object: 'Object Repository/FDR-VoucherEntry/DistributionLine/incDecLine'

2020-09-08 13:07:52 - [MESSAGE][PASSED] - Keys '1: New (service Period is current quarter and never been claimed)' sent to object: 'Object Repository/FDR-VoucherEntry/DistributionLine/incDecLine'

2020-09-08 13:07:52 - [TEST_STEP][PASSED] - sendKeys(findTestObject("FDR-VoucherEntry/DistributionLine/incDecLine"), Keys.chord(DOWN, ENTER)): Keys 'DOWN + ENTER + ' sent to object: 'Object Repository/FDR-VoucherEntry/DistributionLine/incDecLine'

2020-09-08 13:07:52 - [MESSAGE][PASSED] - Keys 'DOWN + ENTER + ' sent to object: 'Object Repository/FDR-VoucherEntry/DistributionLine/incDecLine'

2020-09-08 13:07:52 - [TEST_STEP][PASSED] - click(findTestObject("FDR-VoucherEntry/DistributionLine/index")): Object: 'Object Repository/FDR-VoucherEntry/DistributionLine/index' is clicked on

2020-09-08 13:07:52 - [MESSAGE][PASSED] - Object: 'Object Repository/FDR-VoucherEntry/DistributionLine/index' is clicked on

2020-09-08 13:07:52 - [TEST_STEP][PASSED] - sendKeys(findTestObject("FDR-VoucherEntry/DistributionLine/index"), Datasheet.getValue("index", 1)): Keys '1155' sent to object: 'Object Repository/FDR-VoucherEntry/DistributionLine/index'

2020-09-08 13:07:53 - [MESSAGE][PASSED] - Keys '1155' sent to object: 'Object Repository/FDR-VoucherEntry/DistributionLine/index'

2020-09-08 13:07:53 - [TEST_STEP][PASSED] - sendKeys(findTestObject("FDR-VoucherEntry/DistributionLine/index"), Keys.chord(DOWN, ENTER)): Keys 'DOWN + ENTER + ' sent to object: 'Object Repository/FDR-VoucherEntry/DistributionLine/index'

2020-09-08 13:07:53 - [MESSAGE][PASSED] - Keys 'DOWN + ENTER + ' sent to object: 'Object Repository/FDR-VoucherEntry/DistributionLine/index'

2020-09-08 13:07:53 - [TEST_STEP][PASSED] - click(findTestObject("FDR-VoucherEntry/DistributionLine/ServiceLocation")): Object: 'Object Repository/FDR-VoucherEntry/DistributionLine/ServiceLocation' is clicked on

2020-09-08 13:07:54 - [MESSAGE][PASSED] - Object: 'Object Repository/FDR-VoucherEntry/DistributionLine/ServiceLocation' is clicked on

2020-09-08 13:07:54 - [TEST_STEP][PASSED] - sendKeys(findTestObject("FDR-VoucherEntry/DistributionLine/ServiceLocation"), Datasheet.getValue("ServiceLocation", 1)): Keys '12345' sent to object: 'Object Repository/FDR-VoucherEntry/DistributionLine/ServiceLocation'

2020-09-08 13:07:55 - [MESSAGE][PASSED] - Keys '12345' sent to object: 'Object Repository/FDR-VoucherEntry/DistributionLine/ServiceLocation'

2020-09-08 13:07:55 - [TEST_STEP][PASSED] - sendKeys(findTestObject("FDR-VoucherEntry/DistributionLine/ServiceLocation"), Keys.chord(DOWN, ENTER)): Keys 'DOWN + ENTER + ' sent to object: 'Object Repository/FDR-VoucherEntry/DistributionLine/ServiceLocation'

2020-09-08 13:07:55 - [MESSAGE][PASSED] - Keys 'DOWN + ENTER + ' sent to object: 'Object Repository/FDR-VoucherEntry/DistributionLine/ServiceLocation'

2020-09-08 13:07:55 - [TEST_STEP][PASSED] - click(findTestObject("Object Repository/FDR-VoucherEntry/DistributionLine/addSaveButton")): Object: 'Object Repository/FDR-VoucherEntry/DistributionLine/addSaveButton' is clicked on

2020-09-08 13:07:56 - [MESSAGE][PASSED] - Object: 'Object Repository/FDR-VoucherEntry/DistributionLine/addSaveButton' is clicked on

2020-09-08 13:07:56 - [TEST_STEP][PASSED] - processorVoucherNumber = getText(findTestObject("FDR-VoucherEntry/VoucherHeader/voucherNum")): Text of object 'Object Repository/FDR-VoucherEntry/VoucherHeader/voucherNum' is: 'CAP00000149'

2020-09-08 13:07:57 - [MESSAGE][PASSED] - Text of object 'Object Repository/FDR-VoucherEntry/VoucherHeader/voucherNum' is: 'CAP00000149'

2020-09-08 13:07:57 - [TEST_STEP][PASSED] - delay(2): Delayed 2 second(s)

2020-09-08 13:07:59 - [MESSAGE][PASSED] - Delayed 2 second(s)

2020-09-08 13:07:59 - [TEST_STEP][PASSED] - click(findTestObject("Object Repository/FDR-Vouchers-States/Resume/reviewButton")): Object: 'Object Repository/FDR-Vouchers-States/Resume/reviewButton' is clicked on

2020-09-08 13:07:59 - [MESSAGE][PASSED] - Object: 'Object Repository/FDR-Vouchers-States/Resume/reviewButton' is clicked on

2020-09-08 13:07:59 - [TEST_STEP][PASSED] - click(findTestObject("Object Repository/FDR-Vouchers-States/Resume/submitForApproval")): Object: 'Object Repository/FDR-Vouchers-States/Resume/submitForApproval' is clicked on

2020-09-08 13:08:00 - [MESSAGE][PASSED] - Object: 'Object Repository/FDR-Vouchers-States/Resume/submitForApproval' is clicked on

2020-09-08 13:08:00 - [TEST_STEP][PASSED] - commonFunctions.selectRole("accountsPayableApprover"): Object 'Object Repository/FDR-VoucherEntry/VoucherHeader/reviewButton' is not present after 2 second(s)

2020-09-08 13:08:04 - [MESSAGE][INFO] - Unable to find the element located by 'By.xpath: //*[@data-id='action-button']//*[contains(text(),'Review')]'. Please recheck the objects properties to make sure the desired element is located. 

2020-09-08 13:08:04 - [MESSAGE][WARNING] - Object 'Object Repository/FDR-VoucherEntry/VoucherHeader/reviewButton' is not present after 2 second(s)

2020-09-08 13:08:04 - [MESSAGE][PASSED] - Object: 'Object Repository/FDR-SuperUser-Dashboard/userExpandButton' is clicked on

2020-09-08 13:08:07 - [MESSAGE][INFO] - Unable to find the element located by 'By.xpath: //*[@data-id='action-button']//*[contains(text(),'Review')]'. Please recheck the objects properties to make sure the desired element is located. 

2020-09-08 13:08:07 - [MESSAGE][WARNING] - Object 'Object Repository/FDR-VoucherEntry/VoucherHeader/reviewButton' is not present after 2 second(s)

2020-09-08 13:08:07 - [MESSAGE][PASSED] - Object: 'Object Repository/FDR-SuperUser-Dashboard/accountsPayableApprover' is clicked on

2020-09-08 13:08:11 - [MESSAGE][INFO] - Unable to find the element located by 'By.xpath: //*[@data-id='action-button']//*[contains(text(),'Review')]'. Please recheck the objects properties to make sure the desired element is located. 

2020-09-08 13:08:11 - [MESSAGE][WARNING] - Object 'Object Repository/FDR-VoucherEntry/VoucherHeader/reviewButton' is not present after 2 second(s)

2020-09-08 13:08:11 - [TEST_STEP][PASSED] - delay(2): Delayed 2 second(s)

2020-09-08 13:08:13 - [MESSAGE][PASSED] - Delayed 2 second(s)

2020-09-08 13:08:13 - [TEST_STEP][PASSED] - click(findTestObject("FDR-Dashboard/Filters/validateFilterButton")): Object: 'Object Repository/FDR-Dashboard/Filters/validateFilterButton' is clicked on

2020-09-08 13:08:13 - [MESSAGE][PASSED] - Object: 'Object Repository/FDR-Dashboard/Filters/validateFilterButton' is clicked on

2020-09-08 13:08:13 - [TEST_STEP][PASSED] - delay(2): Delayed 2 second(s)

2020-09-08 13:08:15 - [MESSAGE][PASSED] - Delayed 2 second(s)

2020-09-08 13:08:15 - [TEST_STEP][PASSED] - delay(15): Delayed 15 second(s)

2020-09-08 13:08:30 - [MESSAGE][PASSED] - Delayed 15 second(s)

2020-09-08 13:08:30 - [TEST_STEP][PASSED] - click(findTestObject("Object Repository/FDR-Draw/reviewScreen/approveButton")): Object: 'Object Repository/FDR-Draw/reviewScreen/approveButton' is clicked on

2020-09-08 13:08:30 - [MESSAGE][PASSED] - Object: 'Object Repository/FDR-Draw/reviewScreen/approveButton' is clicked on

2020-09-08 13:08:30 - [TEST_STEP][PASSED] - delay(1): Delayed 1 second(s)

2020-09-08 13:08:31 - [MESSAGE][PASSED] - Delayed 1 second(s)

2020-09-08 13:08:31 - [TEST_STEP][PASSED] - click(findTestObject("FDR-Dashboard/Filters/clearFilterButton")): Object: 'Object Repository/FDR-Dashboard/Filters/clearFilterButton' is clicked on

2020-09-08 13:08:32 - [MESSAGE][PASSED] - Object: 'Object Repository/FDR-Dashboard/Filters/clearFilterButton' is clicked on

2020-09-08 13:08:32 - [TEST_STEP][PASSED] - delay(5): Delayed 5 second(s)

2020-09-08 13:08:37 - [MESSAGE][PASSED] - Delayed 5 second(s)

2020-09-08 13:08:37 - [TEST_STEP][PASSED] - click(findTestObject("Object Repository/FDR-Dashboard/Filters/printFilterButton")): Object: 'Object Repository/FDR-Dashboard/Filters/printFilterButton' is clicked on

2020-09-08 13:08:37 - [MESSAGE][PASSED] - Object: 'Object Repository/FDR-Dashboard/Filters/printFilterButton' is clicked on

2020-09-08 13:08:37 - [TEST_STEP][PASSED] - delay(12): Delayed 12 second(s)

2020-09-08 13:08:49 - [MESSAGE][PASSED] - Delayed 12 second(s)

2020-09-08 13:08:49 - [TEST_STEP][PASSED] - click(findTestObject("Object Repository/FDR-Vouchers-States/Print/printCMIAForm")): Object: 'Object Repository/FDR-Vouchers-States/Print/printCMIAForm' is clicked on

2020-09-08 13:08:49 - [MESSAGE][PASSED] - Object: 'Object Repository/FDR-Vouchers-States/Print/printCMIAForm' is clicked on

2020-09-08 13:08:49 - [TEST_STEP][PASSED] - waitForPageLoad(7): Wait for page load successfully

2020-09-08 13:08:49 - [MESSAGE][PASSED] - Wait for page load successfully

2020-09-08 13:08:49 - [TEST_STEP][PASSED] - closeWindowIndex(1): Window with index 1 is closed

2020-09-08 13:08:52 - [MESSAGE][PASSED] - Window with index 1 is closed

2020-09-08 13:08:52 - [TEST_STEP][PASSED] - delay(1): Delayed 1 second(s)

2020-09-08 13:08:53 - [MESSAGE][PASSED] - Delayed 1 second(s)

2020-09-08 13:08:53 - [TEST_STEP][PASSED] - switchToWindowIndex(0): Switched to window with index: '0'

2020-09-08 13:08:53 - [MESSAGE][PASSED] - Switched to window with index: '0'

2020-09-08 13:08:53 - [TEST_STEP][PASSED] - click(findTestObject("FDR-Vouchers-States/Print/printFaceSheet")): Object: 'Object Repository/FDR-Vouchers-States/Print/printFaceSheet' is clicked on

2020-09-08 13:08:53 - [MESSAGE][PASSED] - Object: 'Object Repository/FDR-Vouchers-States/Print/printFaceSheet' is clicked on

2020-09-08 13:08:53 - [TEST_STEP][PASSED] - waitForPageLoad(7): Wait for page load successfully

2020-09-08 13:08:53 - [MESSAGE][PASSED] - Wait for page load successfully

2020-09-08 13:08:53 - [TEST_STEP][PASSED] - closeWindowIndex(1): Window with index 1 is closed

2020-09-08 13:08:55 - [MESSAGE][PASSED] - Window with index 1 is closed

2020-09-08 13:08:55 - [TEST_STEP][PASSED] - delay(5): Delayed 5 second(s)

2020-09-08 13:09:00 - [MESSAGE][PASSED] - Delayed 5 second(s)

2020-09-08 13:09:00 - [TEST_STEP][PASSED] - switchToWindowIndex(0): Switched to window with index: '0'

2020-09-08 13:09:00 - [MESSAGE][PASSED] - Switched to window with index: '0'

2020-09-08 13:09:00 - [TEST_STEP][PASSED] - click(findTestObject("/FDR-Vouchers-States/Print/printRA")): Object: 'Object Repository//FDR-Vouchers-States/Print/printRA' is clicked on

2020-09-08 13:09:01 - [MESSAGE][PASSED] - Object: 'Object Repository//FDR-Vouchers-States/Print/printRA' is clicked on

2020-09-08 13:09:01 - [TEST_STEP][PASSED] - waitForPageLoad(7): Wait for page load successfully

2020-09-08 13:09:01 - [MESSAGE][PASSED] - Wait for page load successfully

2020-09-08 13:09:01 - [TEST_STEP][FAILED] - closeWindowIndex(1): Cannot find window with index: '1' (Root cause: com.kms.katalon.core.exception.StepFailedException: Cannot find window with index: '1'
	at com.kms.katalon.core.webui.keyword.internal.WebUIKeywordMain.stepFailed(WebUIKeywordMain.groovy:64)
	at com.kms.katalon.core.webui.keyword.builtin.CloseWindowIndexKeyword$_closeWindowIndex_closure1.doCall(CloseWindowIndexKeyword.groovy:83)
	at com.kms.katalon.core.webui.keyword.builtin.CloseWindowIndexKeyword$_closeWindowIndex_closure1.call(CloseWindowIndexKeyword.groovy)
	at com.kms.katalon.core.webui.keyword.internal.WebUIKeywordMain.runKeyword(WebUIKeywordMain.groovy:20)
	at com.kms.katalon.core.webui.keyword.builtin.CloseWindowIndexKeyword.closeWindowIndex(CloseWindowIndexKeyword.groovy:85)
	at com.kms.katalon.core.webui.keyword.builtin.CloseWindowIndexKeyword.execute(CloseWindowIndexKeyword.groovy:67)
	at com.kms.katalon.core.keyword.internal.KeywordExecutor.executeKeywordForPlatform(KeywordExecutor.groovy:73)
	at com.kms.katalon.core.webui.keyword.WebUiBuiltInKeywords.closeWindowIndex(WebUiBuiltInKeywords.groovy:1914)
	at com.kms.katalon.core.webui.keyword.WebUiBuiltInKeywords$closeWindowIndex$17.call(Unknown Source)
	at FDR_END_2_END_Voucher_Approval.run(FDR_END_2_END_Voucher_Approval:183)
	at com.kms.katalon.core.main.ScriptEngine.run(ScriptEngine.java:194)
	at com.kms.katalon.core.main.ScriptEngine.runScriptAsRawText(ScriptEngine.java:119)
	at com.kms.katalon.core.main.TestCaseExecutor.runScript(TestCaseExecutor.java:339)
	at com.kms.katalon.core.main.TestCaseExecutor.doExecute(TestCaseExecutor.java:330)
	at com.kms.katalon.core.main.TestCaseExecutor.processExecutionPhase(TestCaseExecutor.java:309)
	at com.kms.katalon.core.main.TestCaseExecutor.accessMainPhase(TestCaseExecutor.java:301)
	at com.kms.katalon.core.main.TestCaseExecutor.execute(TestCaseExecutor.java:235)
	at com.kms.katalon.core.main.TestSuiteExecutor.accessTestCaseMainPhase(TestSuiteExecutor.java:191)
	at com.kms.katalon.core.main.TestSuiteExecutor.accessTestSuiteMainPhase(TestSuiteExecutor.java:141)
	at com.kms.katalon.core.main.TestSuiteExecutor.execute(TestSuiteExecutor.java:90)
	at com.kms.katalon.core.main.TestCaseMain.startTestSuite(TestCaseMain.java:157)
	at com.kms.katalon.core.main.TestCaseMain$startTestSuite$0.call(Unknown Source)
	at TempTestSuite1599594670457.run(TempTestSuite1599594670457.groovy:39)
)

2020-09-08 13:09:04 - [MESSAGE][FAILED] - Cannot find window with index: '1' (Root cause: com.kms.katalon.core.exception.StepFailedException: Cannot find window with index: '1'
	at com.kms.katalon.core.webui.keyword.internal.WebUIKeywordMain.stepFailed(WebUIKeywordMain.groovy:64)
	at com.kms.katalon.core.webui.keyword.builtin.CloseWindowIndexKeyword$_closeWindowIndex_closure1.doCall(CloseWindowIndexKeyword.groovy:83)
	at com.kms.katalon.core.webui.keyword.builtin.CloseWindowIndexKeyword$_closeWindowIndex_closure1.call(CloseWindowIndexKeyword.groovy)
	at com.kms.katalon.core.webui.keyword.internal.WebUIKeywordMain.runKeyword(WebUIKeywordMain.groovy:20)
	at com.kms.katalon.core.webui.keyword.builtin.CloseWindowIndexKeyword.closeWindowIndex(CloseWindowIndexKeyword.groovy:85)
	at com.kms.katalon.core.webui.keyword.builtin.CloseWindowIndexKeyword.execute(CloseWindowIndexKeyword.groovy:67)
	at com.kms.katalon.core.keyword.internal.KeywordExecutor.executeKeywordForPlatform(KeywordExecutor.groovy:73)
	at com.kms.katalon.core.webui.keyword.WebUiBuiltInKeywords.closeWindowIndex(WebUiBuiltInKeywords.groovy:1914)
	at com.kms.katalon.core.webui.keyword.WebUiBuiltInKeywords$closeWindowIndex$17.call(Unknown Source)
	at FDR_END_2_END_Voucher_Approval.run(FDR_END_2_END_Voucher_Approval:183)
	at com.kms.katalon.core.main.ScriptEngine.run(ScriptEngine.java:194)
	at com.kms.katalon.core.main.ScriptEngine.runScriptAsRawText(ScriptEngine.java:119)
	at com.kms.katalon.core.main.TestCaseExecutor.runScript(TestCaseExecutor.java:339)
	at com.kms.katalon.core.main.TestCaseExecutor.doExecute(TestCaseExecutor.java:330)
	at com.kms.katalon.core.main.TestCaseExecutor.processExecutionPhase(TestCaseExecutor.java:309)
	at com.kms.katalon.core.main.TestCaseExecutor.accessMainPhase(TestCaseExecutor.java:301)
	at com.kms.katalon.core.main.TestCaseExecutor.execute(TestCaseExecutor.java:235)
	at com.kms.katalon.core.main.TestSuiteExecutor.accessTestCaseMainPhase(TestSuiteExecutor.java:191)
	at com.kms.katalon.core.main.TestSuiteExecutor.accessTestSuiteMainPhase(TestSuiteExecutor.java:141)
	at com.kms.katalon.core.main.TestSuiteExecutor.execute(TestSuiteExecutor.java:90)
	at com.kms.katalon.core.main.TestCaseMain.startTestSuite(TestCaseMain.java:157)
	at com.kms.katalon.core.main.TestCaseMain$startTestSuite$0.call(Unknown Source)
	at TempTestSuite1599594670457.run(TempTestSuite1599594670457.groovy:39)
)
[[ATTACHMENT|C:\\fdr-automation-develop_08_25_2020\\Reports\\20200908_125110\\FDR_Regression_Testing_Suite\\20200908_125110\\1599595744252.png]]

2020-09-08 13:09:04 - [TEST_STEP][PASSED] - delay(5): Delayed 5 second(s)

2020-09-08 13:09:09 - [MESSAGE][PASSED] - Delayed 5 second(s)

2020-09-08 13:09:09 - [TEST_STEP][PASSED] - switchToWindowIndex(0): Switched to window with index: '0'

2020-09-08 13:09:09 - [MESSAGE][PASSED] - Switched to window with index: '0'

2020-09-08 13:09:09 - [TEST_STEP][FAILED] - click(findTestObject("Object Repository/FDR-Vouchers-States/Print/allFormsPrintButton")): Unable to click on object 'Object Repository/FDR-Vouchers-States/Print/allFormsPrintButton' (Root cause: com.kms.katalon.core.exception.StepFailedException: Unable to click on object 'Object Repository/FDR-Vouchers-States/Print/allFormsPrintButton'
	at com.kms.katalon.core.webui.keyword.internal.WebUIKeywordMain.stepFailed(WebUIKeywordMain.groovy:64)
	at com.kms.katalon.core.webui.keyword.internal.WebUIKeywordMain.runKeyword(WebUIKeywordMain.groovy:26)
	at com.kms.katalon.core.webui.keyword.builtin.ClickKeyword.click(ClickKeyword.groovy:76)
	at com.kms.katalon.core.webui.keyword.builtin.ClickKeyword.execute(ClickKeyword.groovy:43)
	at com.kms.katalon.core.keyword.internal.KeywordExecutor.executeKeywordForPlatform(KeywordExecutor.groovy:73)
	at com.kms.katalon.core.webui.keyword.WebUiBuiltInKeywords.click(WebUiBuiltInKeywords.groovy:616)
	at com.kms.katalon.core.webui.keyword.WebUiBuiltInKeywords$click$5.call(Unknown Source)
	at FDR_END_2_END_Voucher_Approval.run(FDR_END_2_END_Voucher_Approval:188)
	at com.kms.katalon.core.main.ScriptEngine.run(ScriptEngine.java:194)
	at com.kms.katalon.core.main.ScriptEngine.runScriptAsRawText(ScriptEngine.java:119)
	at com.kms.katalon.core.main.TestCaseExecutor.runScript(TestCaseExecutor.java:339)
	at com.kms.katalon.core.main.TestCaseExecutor.doExecute(TestCaseExecutor.java:330)
	at com.kms.katalon.core.main.TestCaseExecutor.processExecutionPhase(TestCaseExecutor.java:309)
	at com.kms.katalon.core.main.TestCaseExecutor.accessMainPhase(TestCaseExecutor.java:301)
	at com.kms.katalon.core.main.TestCaseExecutor.execute(TestCaseExecutor.java:235)
	at com.kms.katalon.core.main.TestSuiteExecutor.accessTestCaseMainPhase(TestSuiteExecutor.java:191)
	at com.kms.katalon.core.main.TestSuiteExecutor.accessTestSuiteMainPhase(TestSuiteExecutor.java:141)
	at com.kms.katalon.core.main.TestSuiteExecutor.execute(TestSuiteExecutor.java:90)
	at com.kms.katalon.core.main.TestCaseMain.startTestSuite(TestCaseMain.java:157)
	at com.kms.katalon.core.main.TestCaseMain$startTestSuite$0.call(Unknown Source)
	at TempTestSuite1599594670457.run(TempTestSuite1599594670457.groovy:39)
Caused by: org.openqa.selenium.ElementClickInterceptedException: element click intercepted: Element <button class="MuiButtonBase-root-31220 MuiButton-root-31193 MuiButton-contained-31201 MuiButton-containedPrimary-31202 MuiButton-containedSizeLarge-31211 MuiButton-sizeLarge-31213 Mui-disabled Mui-disabled" tabindex="-1" type="button" disabled="">...</button> is not clickable at point (849, 594). Other element would receive the click: <div class="jss31283 jss31284" tabindex="-1">...</div>
  (Session info: chrome=85.0.4183.83)
Build info: version: '3.141.59', revision: 'e82be7d358', time: '2018-11-14T08:25:53'
System info: host: 'DESKTOP-9VU7G8T', ip: '192.168.1.188', os.name: 'Windows 10', os.arch: 'amd64', os.version: '10.0', java.version: '1.8.0_181'
Driver info: com.kms.katalon.selenium.driver.CChromeDriver
Capabilities {acceptInsecureCerts: false, browserName: chrome, browserVersion: 85.0.4183.83, chrome: {chromedriverVersion: 85.0.4183.87 (cd6713ebf92fa..., userDataDir: C:\Users\NAGESH~1.ALL\AppDa...}, goog:chromeOptions: {debuggerAddress: localhost:60614}, javascriptEnabled: true, networkConnectionEnabled: false, pageLoadStrategy: normal, platform: WINDOWS, platformName: WINDOWS, proxy: Proxy(), setWindowRect: true, strictFileInteractability: false, timeouts: {implicit: 0, pageLoad: 300000, script: 30000}, unhandledPromptBehavior: dismiss and notify, webauthn:virtualAuthenticators: true}
Session ID: eb72c6ad875d89d620ff66d75cc20bf2
	at org.openqa.selenium.remote.http.W3CHttpResponseCodec.createException(W3CHttpResponseCodec.java:187)
	at org.openqa.selenium.remote.http.W3CHttpResponseCodec.decode(W3CHttpResponseCodec.java:122)
	at org.openqa.selenium.remote.http.W3CHttpResponseCodec.decode(W3CHttpResponseCodec.java:49)
	at org.openqa.selenium.remote.HttpCommandExecutor.execute(HttpCommandExecutor.java:158)
	at org.openqa.selenium.remote.service.DriverCommandExecutor.execute(DriverCommandExecutor.java:83)
	at org.openqa.selenium.remote.RemoteWebDriver.execute(RemoteWebDriver.java:552)
	at com.kms.katalon.selenium.driver.CChromeDriver.execute(CChromeDriver.java:19)
	at org.openqa.selenium.remote.RemoteWebElement.execute(RemoteWebElement.java:285)
	at org.openqa.selenium.remote.RemoteWebElement.click(RemoteWebElement.java:84)
	at org.openqa.selenium.support.events.EventFiringWebDriver$EventFiringWebElement.lambda$new$0(EventFiringWebDriver.java:404)
	at com.sun.proxy.$Proxy14.click(Unknown Source)
	at org.openqa.selenium.support.events.EventFiringWebDriver$EventFiringWebElement.click(EventFiringWebDriver.java:417)
	at com.kms.katalon.core.webui.keyword.builtin.ClickKeyword$_click_closure1.doCall(ClickKeyword.groovy:69)
	at com.kms.katalon.core.webui.keyword.builtin.ClickKeyword$_click_closure1.call(ClickKeyword.groovy)
	at com.kms.katalon.core.webui.keyword.internal.WebUIKeywordMain.runKeyword(WebUIKeywordMain.groovy:20)
	at com.kms.katalon.core.webui.keyword.builtin.ClickKeyword.click(ClickKeyword.groovy:76)
	at com.kms.katalon.core.webui.keyword.builtin.ClickKeyword.execute(ClickKeyword.groovy:43)
	at com.kms.katalon.core.keyword.internal.KeywordExecutor.executeKeywordForPlatform(KeywordExecutor.groovy:73)
	at com.kms.katalon.core.webui.keyword.WebUiBuiltInKeywords.click(WebUiBuiltInKeywords.groovy:616)
	at com.kms.katalon.core.webui.keyword.WebUiBuiltInKeywords$click$5.call(Unknown Source)
	at Script1598478486600.run(Script1598478486600.groovy:188)
	... 13 more
)

2020-09-08 13:09:11 - [MESSAGE][FAILED] - Unable to click on object 'Object Repository/FDR-Vouchers-States/Print/allFormsPrintButton' (Root cause: com.kms.katalon.core.exception.StepFailedException: Unable to click on object 'Object Repository/FDR-Vouchers-States/Print/allFormsPrintButton'
	at com.kms.katalon.core.webui.keyword.internal.WebUIKeywordMain.stepFailed(WebUIKeywordMain.groovy:64)
	at com.kms.katalon.core.webui.keyword.internal.WebUIKeywordMain.runKeyword(WebUIKeywordMain.groovy:26)
	at com.kms.katalon.core.webui.keyword.builtin.ClickKeyword.click(ClickKeyword.groovy:76)
	at com.kms.katalon.core.webui.keyword.builtin.ClickKeyword.execute(ClickKeyword.groovy:43)
	at com.kms.katalon.core.keyword.internal.KeywordExecutor.executeKeywordForPlatform(KeywordExecutor.groovy:73)
	at com.kms.katalon.core.webui.keyword.WebUiBuiltInKeywords.click(WebUiBuiltInKeywords.groovy:616)
	at com.kms.katalon.core.webui.keyword.WebUiBuiltInKeywords$click$5.call(Unknown Source)
	at FDR_END_2_END_Voucher_Approval.run(FDR_END_2_END_Voucher_Approval:188)
	at com.kms.katalon.core.main.ScriptEngine.run(ScriptEngine.java:194)
	at com.kms.katalon.core.main.ScriptEngine.runScriptAsRawText(ScriptEngine.java:119)
	at com.kms.katalon.core.main.TestCaseExecutor.runScript(TestCaseExecutor.java:339)
	at com.kms.katalon.core.main.TestCaseExecutor.doExecute(TestCaseExecutor.java:330)
	at com.kms.katalon.core.main.TestCaseExecutor.processExecutionPhase(TestCaseExecutor.java:309)
	at com.kms.katalon.core.main.TestCaseExecutor.accessMainPhase(TestCaseExecutor.java:301)
	at com.kms.katalon.core.main.TestCaseExecutor.execute(TestCaseExecutor.java:235)
	at com.kms.katalon.core.main.TestSuiteExecutor.accessTestCaseMainPhase(TestSuiteExecutor.java:191)
	at com.kms.katalon.core.main.TestSuiteExecutor.accessTestSuiteMainPhase(TestSuiteExecutor.java:141)
	at com.kms.katalon.core.main.TestSuiteExecutor.execute(TestSuiteExecutor.java:90)
	at com.kms.katalon.core.main.TestCaseMain.startTestSuite(TestCaseMain.java:157)
	at com.kms.katalon.core.main.TestCaseMain$startTestSuite$0.call(Unknown Source)
	at TempTestSuite1599594670457.run(TempTestSuite1599594670457.groovy:39)
Caused by: org.openqa.selenium.ElementClickInterceptedException: element click intercepted: Element <button class="MuiButtonBase-root-31220 MuiButton-root-31193 MuiButton-contained-31201 MuiButton-containedPrimary-31202 MuiButton-containedSizeLarge-31211 MuiButton-sizeLarge-31213 Mui-disabled Mui-disabled" tabindex="-1" type="button" disabled="">...</button> is not clickable at point (849, 594). Other element would receive the click: <div class="jss31283 jss31284" tabindex="-1">...</div>
  (Session info: chrome=85.0.4183.83)
Build info: version: '3.141.59', revision: 'e82be7d358', time: '2018-11-14T08:25:53'
System info: host: 'DESKTOP-9VU7G8T', ip: '192.168.1.188', os.name: 'Windows 10', os.arch: 'amd64', os.version: '10.0', java.version: '1.8.0_181'
Driver info: com.kms.katalon.selenium.driver.CChromeDriver
Capabilities {acceptInsecureCerts: false, browserName: chrome, browserVersion: 85.0.4183.83, chrome: {chromedriverVersion: 85.0.4183.87 (cd6713ebf92fa..., userDataDir: C:\Users\NAGESH~1.ALL\AppDa...}, goog:chromeOptions: {debuggerAddress: localhost:60614}, javascriptEnabled: true, networkConnectionEnabled: false, pageLoadStrategy: normal, platform: WINDOWS, platformName: WINDOWS, proxy: Proxy(), setWindowRect: true, strictFileInteractability: false, timeouts: {implicit: 0, pageLoad: 300000, script: 30000}, unhandledPromptBehavior: dismiss and notify, webauthn:virtualAuthenticators: true}
Session ID: eb72c6ad875d89d620ff66d75cc20bf2
	at org.openqa.selenium.remote.http.W3CHttpResponseCodec.createException(W3CHttpResponseCodec.java:187)
	at org.openqa.selenium.remote.http.W3CHttpResponseCodec.decode(W3CHttpResponseCodec.java:122)
	at org.openqa.selenium.remote.http.W3CHttpResponseCodec.decode(W3CHttpResponseCodec.java:49)
	at org.openqa.selenium.remote.HttpCommandExecutor.execute(HttpCommandExecutor.java:158)
	at org.openqa.selenium.remote.service.DriverCommandExecutor.execute(DriverCommandExecutor.java:83)
	at org.openqa.selenium.remote.RemoteWebDriver.execute(RemoteWebDriver.java:552)
	at com.kms.katalon.selenium.driver.CChromeDriver.execute(CChromeDriver.java:19)
	at org.openqa.selenium.remote.RemoteWebElement.execute(RemoteWebElement.java:285)
	at org.openqa.selenium.remote.RemoteWebElement.click(RemoteWebElement.java:84)
	at org.openqa.selenium.support.events.EventFiringWebDriver$EventFiringWebElement.lambda$new$0(EventFiringWebDriver.java:404)
	at com.sun.proxy.$Proxy14.click(Unknown Source)
	at org.openqa.selenium.support.events.EventFiringWebDriver$EventFiringWebElement.click(EventFiringWebDriver.java:417)
	at com.kms.katalon.core.webui.keyword.builtin.ClickKeyword$_click_closure1.doCall(ClickKeyword.groovy:69)
	at com.kms.katalon.core.webui.keyword.builtin.ClickKeyword$_click_closure1.call(ClickKeyword.groovy)
	at com.kms.katalon.core.webui.keyword.internal.WebUIKeywordMain.runKeyword(WebUIKeywordMain.groovy:20)
	at com.kms.katalon.core.webui.keyword.builtin.ClickKeyword.click(ClickKeyword.groovy:76)
	at com.kms.katalon.core.webui.keyword.builtin.ClickKeyword.execute(ClickKeyword.groovy:43)
	at com.kms.katalon.core.keyword.internal.KeywordExecutor.executeKeywordForPlatform(KeywordExecutor.groovy:73)
	at com.kms.katalon.core.webui.keyword.WebUiBuiltInKeywords.click(WebUiBuiltInKeywords.groovy:616)
	at com.kms.katalon.core.webui.keyword.WebUiBuiltInKeywords$click$5.call(Unknown Source)
	at Script1598478486600.run(Script1598478486600.groovy:188)
	... 13 more
)
[[ATTACHMENT|C:\\fdr-automation-develop_08_25_2020\\Reports\\20200908_125110\\FDR_Regression_Testing_Suite\\20200908_125110\\1599595750911.png]]

2020-09-08 13:09:11 - [TEST_STEP][PASSED] - delay(5): Delayed 5 second(s)

2020-09-08 13:09:16 - [MESSAGE][PASSED] - Delayed 5 second(s)

2020-09-08 13:09:16 - [TEST_STEP][FAILED] - click(findTestObject("FDR-Dashboard/Filters/clearFilterButton")): Unable to click on object 'Object Repository/FDR-Dashboard/Filters/clearFilterButton' (Root cause: com.kms.katalon.core.exception.StepFailedException: Unable to click on object 'Object Repository/FDR-Dashboard/Filters/clearFilterButton'
	at com.kms.katalon.core.webui.keyword.internal.WebUIKeywordMain.stepFailed(WebUIKeywordMain.groovy:64)
	at com.kms.katalon.core.webui.keyword.internal.WebUIKeywordMain.runKeyword(WebUIKeywordMain.groovy:26)
	at com.kms.katalon.core.webui.keyword.builtin.ClickKeyword.click(ClickKeyword.groovy:76)
	at com.kms.katalon.core.webui.keyword.builtin.ClickKeyword.execute(ClickKeyword.groovy:43)
	at com.kms.katalon.core.keyword.internal.KeywordExecutor.executeKeywordForPlatform(KeywordExecutor.groovy:73)
	at com.kms.katalon.core.webui.keyword.WebUiBuiltInKeywords.click(WebUiBuiltInKeywords.groovy:616)
	at com.kms.katalon.core.webui.keyword.WebUiBuiltInKeywords$click$5.call(Unknown Source)
	at FDR_END_2_END_Voucher_Approval.run(FDR_END_2_END_Voucher_Approval:190)
	at com.kms.katalon.core.main.ScriptEngine.run(ScriptEngine.java:194)
	at com.kms.katalon.core.main.ScriptEngine.runScriptAsRawText(ScriptEngine.java:119)
	at com.kms.katalon.core.main.TestCaseExecutor.runScript(TestCaseExecutor.java:339)
	at com.kms.katalon.core.main.TestCaseExecutor.doExecute(TestCaseExecutor.java:330)
	at com.kms.katalon.core.main.TestCaseExecutor.processExecutionPhase(TestCaseExecutor.java:309)
	at com.kms.katalon.core.main.TestCaseExecutor.accessMainPhase(TestCaseExecutor.java:301)
	at com.kms.katalon.core.main.TestCaseExecutor.execute(TestCaseExecutor.java:235)
	at com.kms.katalon.core.main.TestSuiteExecutor.accessTestCaseMainPhase(TestSuiteExecutor.java:191)
	at com.kms.katalon.core.main.TestSuiteExecutor.accessTestSuiteMainPhase(TestSuiteExecutor.java:141)
	at com.kms.katalon.core.main.TestSuiteExecutor.execute(TestSuiteExecutor.java:90)
	at com.kms.katalon.core.main.TestCaseMain.startTestSuite(TestCaseMain.java:157)
	at com.kms.katalon.core.main.TestCaseMain$startTestSuite$0.call(Unknown Source)
	at TempTestSuite1599594670457.run(TempTestSuite1599594670457.groovy:39)
Caused by: com.kms.katalon.core.webui.exception.WebElementNotFoundException: Web element with id: 'Object Repository/FDR-Dashboard/Filters/clearFilterButton' located by '//*[@data-id='clear-button']//*[contains(text(),'Clear')]' not found
	at com.kms.katalon.core.webui.common.WebUiCommonHelper.findWebElement(WebUiCommonHelper.java:1368)
	at com.kms.katalon.core.webui.keyword.internal.WebUIAbstractKeyword.findWebElement(WebUIAbstractKeyword.groovy:27)
	at com.kms.katalon.core.webui.keyword.internal.WebUIAbstractKeyword.findWebElement(WebUIAbstractKeyword.groovy:26)
	at com.kms.katalon.core.webui.keyword.builtin.ClickKeyword$_click_closure1.doCall(ClickKeyword.groovy:67)
	at com.kms.katalon.core.webui.keyword.builtin.ClickKeyword$_click_closure1.call(ClickKeyword.groovy)
	at com.kms.katalon.core.webui.keyword.internal.WebUIKeywordMain.runKeyword(WebUIKeywordMain.groovy:20)
	at com.kms.katalon.core.webui.keyword.builtin.ClickKeyword.click(ClickKeyword.groovy:76)
	at com.kms.katalon.core.webui.keyword.builtin.ClickKeyword.execute(ClickKeyword.groovy:43)
	at com.kms.katalon.core.keyword.internal.KeywordExecutor.executeKeywordForPlatform(KeywordExecutor.groovy:73)
	at com.kms.katalon.core.webui.keyword.WebUiBuiltInKeywords.click(WebUiBuiltInKeywords.groovy:616)
	at com.kms.katalon.core.webui.keyword.WebUiBuiltInKeywords$click$5.call(Unknown Source)
	at Script1598478486600.run(Script1598478486600.groovy:190)
	... 13 more
)

2020-09-08 13:09:20 - [MESSAGE][INFO] - Unable to find the element located by 'By.xpath: //*[@data-id='clear-button']//*[contains(text(),'Clear')]'. Please recheck the objects properties to make sure the desired element is located. 

2020-09-08 13:09:20 - [MESSAGE][FAILED] - Unable to click on object 'Object Repository/FDR-Dashboard/Filters/clearFilterButton' (Root cause: com.kms.katalon.core.exception.StepFailedException: Unable to click on object 'Object Repository/FDR-Dashboard/Filters/clearFilterButton'
	at com.kms.katalon.core.webui.keyword.internal.WebUIKeywordMain.stepFailed(WebUIKeywordMain.groovy:64)
	at com.kms.katalon.core.webui.keyword.internal.WebUIKeywordMain.runKeyword(WebUIKeywordMain.groovy:26)
	at com.kms.katalon.core.webui.keyword.builtin.ClickKeyword.click(ClickKeyword.groovy:76)
	at com.kms.katalon.core.webui.keyword.builtin.ClickKeyword.execute(ClickKeyword.groovy:43)
	at com.kms.katalon.core.keyword.internal.KeywordExecutor.executeKeywordForPlatform(KeywordExecutor.groovy:73)
	at com.kms.katalon.core.webui.keyword.WebUiBuiltInKeywords.click(WebUiBuiltInKeywords.groovy:616)
	at com.kms.katalon.core.webui.keyword.WebUiBuiltInKeywords$click$5.call(Unknown Source)
	at FDR_END_2_END_Voucher_Approval.run(FDR_END_2_END_Voucher_Approval:190)
	at com.kms.katalon.core.main.ScriptEngine.run(ScriptEngine.java:194)
	at com.kms.katalon.core.main.ScriptEngine.runScriptAsRawText(ScriptEngine.java:119)
	at com.kms.katalon.core.main.TestCaseExecutor.runScript(TestCaseExecutor.java:339)
	at com.kms.katalon.core.main.TestCaseExecutor.doExecute(TestCaseExecutor.java:330)
	at com.kms.katalon.core.main.TestCaseExecutor.processExecutionPhase(TestCaseExecutor.java:309)
	at com.kms.katalon.core.main.TestCaseExecutor.accessMainPhase(TestCaseExecutor.java:301)
	at com.kms.katalon.core.main.TestCaseExecutor.execute(TestCaseExecutor.java:235)
	at com.kms.katalon.core.main.TestSuiteExecutor.accessTestCaseMainPhase(TestSuiteExecutor.java:191)
	at com.kms.katalon.core.main.TestSuiteExecutor.accessTestSuiteMainPhase(TestSuiteExecutor.java:141)
	at com.kms.katalon.core.main.TestSuiteExecutor.execute(TestSuiteExecutor.java:90)
	at com.kms.katalon.core.main.TestCaseMain.startTestSuite(TestCaseMain.java:157)
	at com.kms.katalon.core.main.TestCaseMain$startTestSuite$0.call(Unknown Source)
	at TempTestSuite1599594670457.run(TempTestSuite1599594670457.groovy:39)
Caused by: com.kms.katalon.core.webui.exception.WebElementNotFoundException: Web element with id: 'Object Repository/FDR-Dashboard/Filters/clearFilterButton' located by '//*[@data-id='clear-button']//*[contains(text(),'Clear')]' not found
	at com.kms.katalon.core.webui.common.WebUiCommonHelper.findWebElement(WebUiCommonHelper.java:1368)
	at com.kms.katalon.core.webui.keyword.internal.WebUIAbstractKeyword.findWebElement(WebUIAbstractKeyword.groovy:27)
	at com.kms.katalon.core.webui.keyword.internal.WebUIAbstractKeyword.findWebElement(WebUIAbstractKeyword.groovy:26)
	at com.kms.katalon.core.webui.keyword.builtin.ClickKeyword$_click_closure1.doCall(ClickKeyword.groovy:67)
	at com.kms.katalon.core.webui.keyword.builtin.ClickKeyword$_click_closure1.call(ClickKeyword.groovy)
	at com.kms.katalon.core.webui.keyword.internal.WebUIKeywordMain.runKeyword(WebUIKeywordMain.groovy:20)
	at com.kms.katalon.core.webui.keyword.builtin.ClickKeyword.click(ClickKeyword.groovy:76)
	at com.kms.katalon.core.webui.keyword.builtin.ClickKeyword.execute(ClickKeyword.groovy:43)
	at com.kms.katalon.core.keyword.internal.KeywordExecutor.executeKeywordForPlatform(KeywordExecutor.groovy:73)
	at com.kms.katalon.core.webui.keyword.WebUiBuiltInKeywords.click(WebUiBuiltInKeywords.groovy:616)
	at com.kms.katalon.core.webui.keyword.WebUiBuiltInKeywords$click$5.call(Unknown Source)
	at Script1598478486600.run(Script1598478486600.groovy:190)
	... 13 more
)
[[ATTACHMENT|C:\\fdr-automation-develop_08_25_2020\\Reports\\20200908_125110\\FDR_Regression_Testing_Suite\\20200908_125110\\1599595760248.png]]

2020-09-08 13:09:20 - [TEST_STEP][FAILED] - click(findTestObject("Object Repository/FDR-Dashboard/appLogo")): Unable to click on object 'Object Repository/FDR-Dashboard/appLogo' (Root cause: com.kms.katalon.core.exception.StepFailedException: Unable to click on object 'Object Repository/FDR-Dashboard/appLogo'
	at com.kms.katalon.core.webui.keyword.internal.WebUIKeywordMain.stepFailed(WebUIKeywordMain.groovy:64)
	at com.kms.katalon.core.webui.keyword.internal.WebUIKeywordMain.runKeyword(WebUIKeywordMain.groovy:26)
	at com.kms.katalon.core.webui.keyword.builtin.ClickKeyword.click(ClickKeyword.groovy:76)
	at com.kms.katalon.core.webui.keyword.builtin.ClickKeyword.execute(ClickKeyword.groovy:43)
	at com.kms.katalon.core.keyword.internal.KeywordExecutor.executeKeywordForPlatform(KeywordExecutor.groovy:73)
	at com.kms.katalon.core.webui.keyword.WebUiBuiltInKeywords.click(WebUiBuiltInKeywords.groovy:616)
	at com.kms.katalon.core.webui.keyword.WebUiBuiltInKeywords$click$5.call(Unknown Source)
	at FDR_END_2_END_Voucher_Approval.run(FDR_END_2_END_Voucher_Approval:191)
	at com.kms.katalon.core.main.ScriptEngine.run(ScriptEngine.java:194)
	at com.kms.katalon.core.main.ScriptEngine.runScriptAsRawText(ScriptEngine.java:119)
	at com.kms.katalon.core.main.TestCaseExecutor.runScript(TestCaseExecutor.java:339)
	at com.kms.katalon.core.main.TestCaseExecutor.doExecute(TestCaseExecutor.java:330)
	at com.kms.katalon.core.main.TestCaseExecutor.processExecutionPhase(TestCaseExecutor.java:309)
	at com.kms.katalon.core.main.TestCaseExecutor.accessMainPhase(TestCaseExecutor.java:301)
	at com.kms.katalon.core.main.TestCaseExecutor.execute(TestCaseExecutor.java:235)
	at com.kms.katalon.core.main.TestSuiteExecutor.accessTestCaseMainPhase(TestSuiteExecutor.java:191)
	at com.kms.katalon.core.main.TestSuiteExecutor.accessTestSuiteMainPhase(TestSuiteExecutor.java:141)
	at com.kms.katalon.core.main.TestSuiteExecutor.execute(TestSuiteExecutor.java:90)
	at com.kms.katalon.core.main.TestCaseMain.startTestSuite(TestCaseMain.java:157)
	at com.kms.katalon.core.main.TestCaseMain$startTestSuite$0.call(Unknown Source)
	at TempTestSuite1599594670457.run(TempTestSuite1599594670457.groovy:39)
Caused by: org.openqa.selenium.ElementClickInterceptedException: element click intercepted: Element <svg class="MuiSvgIcon-root-50 jss49" focusable="false" viewBox="0 0 163 35" aria-hidden="true" fill="none" data-id="app-logo">...</svg> is not clickable at point (112, 28). Other element would receive the click: <div class="jss31283 jss31284" tabindex="-1">...</div>
  (Session info: chrome=85.0.4183.83)
Build info: version: '3.141.59', revision: 'e82be7d358', time: '2018-11-14T08:25:53'
System info: host: 'DESKTOP-9VU7G8T', ip: '192.168.1.188', os.name: 'Windows 10', os.arch: 'amd64', os.version: '10.0', java.version: '1.8.0_181'
Driver info: com.kms.katalon.selenium.driver.CChromeDriver
Capabilities {acceptInsecureCerts: false, browserName: chrome, browserVersion: 85.0.4183.83, chrome: {chromedriverVersion: 85.0.4183.87 (cd6713ebf92fa..., userDataDir: C:\Users\NAGESH~1.ALL\AppDa...}, goog:chromeOptions: {debuggerAddress: localhost:60614}, javascriptEnabled: true, networkConnectionEnabled: false, pageLoadStrategy: normal, platform: WINDOWS, platformName: WINDOWS, proxy: Proxy(), setWindowRect: true, strictFileInteractability: false, timeouts: {implicit: 0, pageLoad: 300000, script: 30000}, unhandledPromptBehavior: dismiss and notify, webauthn:virtualAuthenticators: true}
Session ID: eb72c6ad875d89d620ff66d75cc20bf2
	at org.openqa.selenium.remote.http.W3CHttpResponseCodec.createException(W3CHttpResponseCodec.java:187)
	at org.openqa.selenium.remote.http.W3CHttpResponseCodec.decode(W3CHttpResponseCodec.java:122)
	at org.openqa.selenium.remote.http.W3CHttpResponseCodec.decode(W3CHttpResponseCodec.java:49)
	at org.openqa.selenium.remote.HttpCommandExecutor.execute(HttpCommandExecutor.java:158)
	at org.openqa.selenium.remote.service.DriverCommandExecutor.execute(DriverCommandExecutor.java:83)
	at org.openqa.selenium.remote.RemoteWebDriver.execute(RemoteWebDriver.java:552)
	at com.kms.katalon.selenium.driver.CChromeDriver.execute(CChromeDriver.java:19)
	at org.openqa.selenium.remote.RemoteWebElement.execute(RemoteWebElement.java:285)
	at org.openqa.selenium.remote.RemoteWebElement.click(RemoteWebElement.java:84)
	at org.openqa.selenium.support.events.EventFiringWebDriver$EventFiringWebElement.lambda$new$0(EventFiringWebDriver.java:404)
	at com.sun.proxy.$Proxy14.click(Unknown Source)
	at org.openqa.selenium.support.events.EventFiringWebDriver$EventFiringWebElement.click(EventFiringWebDriver.java:417)
	at com.kms.katalon.core.webui.keyword.builtin.ClickKeyword$_click_closure1.doCall(ClickKeyword.groovy:69)
	at com.kms.katalon.core.webui.keyword.builtin.ClickKeyword$_click_closure1.call(ClickKeyword.groovy)
	at com.kms.katalon.core.webui.keyword.internal.WebUIKeywordMain.runKeyword(WebUIKeywordMain.groovy:20)
	at com.kms.katalon.core.webui.keyword.builtin.ClickKeyword.click(ClickKeyword.groovy:76)
	at com.kms.katalon.core.webui.keyword.builtin.ClickKeyword.execute(ClickKeyword.groovy:43)
	at com.kms.katalon.core.keyword.internal.KeywordExecutor.executeKeywordForPlatform(KeywordExecutor.groovy:73)
	at com.kms.katalon.core.webui.keyword.WebUiBuiltInKeywords.click(WebUiBuiltInKeywords.groovy:616)
	at com.kms.katalon.core.webui.keyword.WebUiBuiltInKeywords$click$5.call(Unknown Source)
	at Script1598478486600.run(Script1598478486600.groovy:191)
	... 13 more
)

2020-09-08 13:09:22 - [MESSAGE][FAILED] - Unable to click on object 'Object Repository/FDR-Dashboard/appLogo' (Root cause: com.kms.katalon.core.exception.StepFailedException: Unable to click on object 'Object Repository/FDR-Dashboard/appLogo'
	at com.kms.katalon.core.webui.keyword.internal.WebUIKeywordMain.stepFailed(WebUIKeywordMain.groovy:64)
	at com.kms.katalon.core.webui.keyword.internal.WebUIKeywordMain.runKeyword(WebUIKeywordMain.groovy:26)
	at com.kms.katalon.core.webui.keyword.builtin.ClickKeyword.click(ClickKeyword.groovy:76)
	at com.kms.katalon.core.webui.keyword.builtin.ClickKeyword.execute(ClickKeyword.groovy:43)
	at com.kms.katalon.core.keyword.internal.KeywordExecutor.executeKeywordForPlatform(KeywordExecutor.groovy:73)
	at com.kms.katalon.core.webui.keyword.WebUiBuiltInKeywords.click(WebUiBuiltInKeywords.groovy:616)
	at com.kms.katalon.core.webui.keyword.WebUiBuiltInKeywords$click$5.call(Unknown Source)
	at FDR_END_2_END_Voucher_Approval.run(FDR_END_2_END_Voucher_Approval:191)
	at com.kms.katalon.core.main.ScriptEngine.run(ScriptEngine.java:194)
	at com.kms.katalon.core.main.ScriptEngine.runScriptAsRawText(ScriptEngine.java:119)
	at com.kms.katalon.core.main.TestCaseExecutor.runScript(TestCaseExecutor.java:339)
	at com.kms.katalon.core.main.TestCaseExecutor.doExecute(TestCaseExecutor.java:330)
	at com.kms.katalon.core.main.TestCaseExecutor.processExecutionPhase(TestCaseExecutor.java:309)
	at com.kms.katalon.core.main.TestCaseExecutor.accessMainPhase(TestCaseExecutor.java:301)
	at com.kms.katalon.core.main.TestCaseExecutor.execute(TestCaseExecutor.java:235)
	at com.kms.katalon.core.main.TestSuiteExecutor.accessTestCaseMainPhase(TestSuiteExecutor.java:191)
	at com.kms.katalon.core.main.TestSuiteExecutor.accessTestSuiteMainPhase(TestSuiteExecutor.java:141)
	at com.kms.katalon.core.main.TestSuiteExecutor.execute(TestSuiteExecutor.java:90)
	at com.kms.katalon.core.main.TestCaseMain.startTestSuite(TestCaseMain.java:157)
	at com.kms.katalon.core.main.TestCaseMain$startTestSuite$0.call(Unknown Source)
	at TempTestSuite1599594670457.run(TempTestSuite1599594670457.groovy:39)
Caused by: org.openqa.selenium.ElementClickInterceptedException: element click intercepted: Element <svg class="MuiSvgIcon-root-50 jss49" focusable="false" viewBox="0 0 163 35" aria-hidden="true" fill="none" data-id="app-logo">...</svg> is not clickable at point (112, 28). Other element would receive the click: <div class="jss31283 jss31284" tabindex="-1">...</div>
  (Session info: chrome=85.0.4183.83)
Build info: version: '3.141.59', revision: 'e82be7d358', time: '2018-11-14T08:25:53'
System info: host: 'DESKTOP-9VU7G8T', ip: '192.168.1.188', os.name: 'Windows 10', os.arch: 'amd64', os.version: '10.0', java.version: '1.8.0_181'
Driver info: com.kms.katalon.selenium.driver.CChromeDriver
Capabilities {acceptInsecureCerts: false, browserName: chrome, browserVersion: 85.0.4183.83, chrome: {chromedriverVersion: 85.0.4183.87 (cd6713ebf92fa..., userDataDir: C:\Users\NAGESH~1.ALL\AppDa...}, goog:chromeOptions: {debuggerAddress: localhost:60614}, javascriptEnabled: true, networkConnectionEnabled: false, pageLoadStrategy: normal, platform: WINDOWS, platformName: WINDOWS, proxy: Proxy(), setWindowRect: true, strictFileInteractability: false, timeouts: {implicit: 0, pageLoad: 300000, script: 30000}, unhandledPromptBehavior: dismiss and notify, webauthn:virtualAuthenticators: true}
Session ID: eb72c6ad875d89d620ff66d75cc20bf2
	at org.openqa.selenium.remote.http.W3CHttpResponseCodec.createException(W3CHttpResponseCodec.java:187)
	at org.openqa.selenium.remote.http.W3CHttpResponseCodec.decode(W3CHttpResponseCodec.java:122)
	at org.openqa.selenium.remote.http.W3CHttpResponseCodec.decode(W3CHttpResponseCodec.java:49)
	at org.openqa.selenium.remote.HttpCommandExecutor.execute(HttpCommandExecutor.java:158)
	at org.openqa.selenium.remote.service.DriverCommandExecutor.execute(DriverCommandExecutor.java:83)
	at org.openqa.selenium.remote.RemoteWebDriver.execute(RemoteWebDriver.java:552)
	at com.kms.katalon.selenium.driver.CChromeDriver.execute(CChromeDriver.java:19)
	at org.openqa.selenium.remote.RemoteWebElement.execute(RemoteWebElement.java:285)
	at org.openqa.selenium.remote.RemoteWebElement.click(RemoteWebElement.java:84)
	at org.openqa.selenium.support.events.EventFiringWebDriver$EventFiringWebElement.lambda$new$0(EventFiringWebDriver.java:404)
	at com.sun.proxy.$Proxy14.click(Unknown Source)
	at org.openqa.selenium.support.events.EventFiringWebDriver$EventFiringWebElement.click(EventFiringWebDriver.java:417)
	at com.kms.katalon.core.webui.keyword.builtin.ClickKeyword$_click_closure1.doCall(ClickKeyword.groovy:69)
	at com.kms.katalon.core.webui.keyword.builtin.ClickKeyword$_click_closure1.call(ClickKeyword.groovy)
	at com.kms.katalon.core.webui.keyword.internal.WebUIKeywordMain.runKeyword(WebUIKeywordMain.groovy:20)
	at com.kms.katalon.core.webui.keyword.builtin.ClickKeyword.click(ClickKeyword.groovy:76)
	at com.kms.katalon.core.webui.keyword.builtin.ClickKeyword.execute(ClickKeyword.groovy:43)
	at com.kms.katalon.core.keyword.internal.KeywordExecutor.executeKeywordForPlatform(KeywordExecutor.groovy:73)
	at com.kms.katalon.core.webui.keyword.WebUiBuiltInKeywords.click(WebUiBuiltInKeywords.groovy:616)
	at com.kms.katalon.core.webui.keyword.WebUiBuiltInKeywords$click$5.call(Unknown Source)
	at Script1598478486600.run(Script1598478486600.groovy:191)
	... 13 more
)
[[ATTACHMENT|C:\\fdr-automation-develop_08_25_2020\\Reports\\20200908_125110\\FDR_Regression_Testing_Suite\\20200908_125110\\1599595761856.png]]

2020-09-08 13:09:22 - [TEST_STEP][PASSED] - commonFunctions.logout(): Browser is closed

2020-09-08 13:09:22 - [MESSAGE][PASSED] - Browser is closed

2020-09-08 13:09:22 - [TEST_STEP][PASSED] - Start listener action : sampleAfterTestCase: null

2020-09-08 13:09:22 - [TEST_STEP][PASSED] - profileName = getExecutionProfile(): null

2020-09-08 13:09:22 - [TEST_STEP][PASSED] - switch (profileName): null

2020-09-08 13:09:22 - [TEST_STEP][PASSED] - case "superUser":: null

2020-09-08 13:09:22 - [TEST_STEP][PASSED] - return null: null

2020-09-08 13:09:22 - [TEST_STEP][PASSED] - Start listener action : afterTestCase: null

2020-09-08 13:09:22 - [TEST_STEP][PASSED] - profileName = getExecutionProfile(): null

2020-09-08 13:09:22 - [TEST_STEP][PASSED] - if (profileName.equalsIgnoreCase("SysAdmin")): null

2020-09-08 13:09:22 - [TEST_STEP][PASSED] - Start listener action : sampleAfterTestCase: null

2020-09-08 13:09:22 - [TEST_STEP][PASSED] - profileName = getExecutionProfile(): null

2020-09-08 13:09:22 - [TEST_STEP][PASSED] - switch (profileName): null

2020-09-08 13:09:22 - [TEST_STEP][PASSED] - Default: null

2020-09-08 13:09:22 - [TEST_STEP][PASSED] - return null: null

2020-09-08 13:09:22 - [TEST_STEP][PASSED] - Start listener action : addFailedTCToList: null]]></system-out>
         <system-err><![CDATA[2020-09-08 13:06:31 - [TEST_CASE][FAILED] - Test Cases/FDR_END_2_END/FDR_END_2_END_Voucher_Approval: Test Cases/FDR_END_2_END/FDR_END_2_END_Voucher_Approval FAILED.
Reason:
com.kms.katalon.core.exception.StepFailedException: Cannot find window with index: '1' (Root cause: com.kms.katalon.core.exception.StepFailedException: Cannot find window with index: '1'
	at com.kms.katalon.core.webui.keyword.internal.WebUIKeywordMain.stepFailed(WebUIKeywordMain.groovy:64)
	at com.kms.katalon.core.webui.keyword.builtin.CloseWindowIndexKeyword$_closeWindowIndex_closure1.doCall(CloseWindowIndexKeyword.groovy:83)
	at com.kms.katalon.core.webui.keyword.builtin.CloseWindowIndexKeyword$_closeWindowIndex_closure1.call(CloseWindowIndexKeyword.groovy)
	at com.kms.katalon.core.webui.keyword.internal.WebUIKeywordMain.runKeyword(WebUIKeywordMain.groovy:20)
	at com.kms.katalon.core.webui.keyword.builtin.CloseWindowIndexKeyword.closeWindowIndex(CloseWindowIndexKeyword.groovy:85)
	at com.kms.katalon.core.webui.keyword.builtin.CloseWindowIndexKeyword.execute(CloseWindowIndexKeyword.groovy:67)
	at com.kms.katalon.core.keyword.internal.KeywordExecutor.executeKeywordForPlatform(KeywordExecutor.groovy:73)
	at com.kms.katalon.core.webui.keyword.WebUiBuiltInKeywords.closeWindowIndex(WebUiBuiltInKeywords.groovy:1914)
	at com.kms.katalon.core.webui.keyword.WebUiBuiltInKeywords$closeWindowIndex$17.call(Unknown Source)
	at FDR_END_2_END_Voucher_Approval.run(FDR_END_2_END_Voucher_Approval:183)
	at com.kms.katalon.core.main.ScriptEngine.run(ScriptEngine.java:194)
	at com.kms.katalon.core.main.ScriptEngine.runScriptAsRawText(ScriptEngine.java:119)
	at com.kms.katalon.core.main.TestCaseExecutor.runScript(TestCaseExecutor.java:339)
	at com.kms.katalon.core.main.TestCaseExecutor.doExecute(TestCaseExecutor.java:330)
	at com.kms.katalon.core.main.TestCaseExecutor.processExecutionPhase(TestCaseExecutor.java:309)
	at com.kms.katalon.core.main.TestCaseExecutor.accessMainPhase(TestCaseExecutor.java:301)
	at com.kms.katalon.core.main.TestCaseExecutor.execute(TestCaseExecutor.java:235)
	at com.kms.katalon.core.main.TestSuiteExecutor.accessTestCaseMainPhase(TestSuiteExecutor.java:191)
	at com.kms.katalon.core.main.TestSuiteExecutor.accessTestSuiteMainPhase(TestSuiteExecutor.java:141)
	at com.kms.katalon.core.main.TestSuiteExecutor.execute(TestSuiteExecutor.java:90)
	at com.kms.katalon.core.main.TestCaseMain.startTestSuite(TestCaseMain.java:157)
	at com.kms.katalon.core.main.TestCaseMain$startTestSuite$0.call(Unknown Source)
	at TempTestSuite1599594670457.run(TempTestSuite1599594670457.groovy:39)
)
	at com.kms.katalon.core.keyword.internal.KeywordMain.stepFailed(KeywordMain.groovy:39)
	at com.kms.katalon.core.webui.keyword.internal.WebUIKeywordMain.stepFailed(WebUIKeywordMain.groovy:64)
	at com.kms.katalon.core.webui.keyword.builtin.CloseWindowIndexKeyword$_closeWindowIndex_closure1.doCall(CloseWindowIndexKeyword.groovy:83)
	at com.kms.katalon.core.webui.keyword.builtin.CloseWindowIndexKeyword$_closeWindowIndex_closure1.call(CloseWindowIndexKeyword.groovy)
	at com.kms.katalon.core.webui.keyword.internal.WebUIKeywordMain.runKeyword(WebUIKeywordMain.groovy:20)
	at com.kms.katalon.core.webui.keyword.builtin.CloseWindowIndexKeyword.closeWindowIndex(CloseWindowIndexKeyword.groovy:85)
	at com.kms.katalon.core.webui.keyword.builtin.CloseWindowIndexKeyword.execute(CloseWindowIndexKeyword.groovy:67)
	at com.kms.katalon.core.keyword.internal.KeywordExecutor.executeKeywordForPlatform(KeywordExecutor.groovy:73)
	at com.kms.katalon.core.webui.keyword.WebUiBuiltInKeywords.closeWindowIndex(WebUiBuiltInKeywords.groovy:1914)
	at com.kms.katalon.core.webui.keyword.WebUiBuiltInKeywords$closeWindowIndex$17.call(Unknown Source)
	at FDR_END_2_END_Voucher_Approval.run(FDR_END_2_END_Voucher_Approval:183)
	at com.kms.katalon.core.main.ScriptEngine.run(ScriptEngine.java:194)
	at com.kms.katalon.core.main.ScriptEngine.runScriptAsRawText(ScriptEngine.java:119)
	at com.kms.katalon.core.main.TestCaseExecutor.runScript(TestCaseExecutor.java:339)
	at com.kms.katalon.core.main.TestCaseExecutor.doExecute(TestCaseExecutor.java:330)
	at com.kms.katalon.core.main.TestCaseExecutor.processExecutionPhase(TestCaseExecutor.java:309)
	at com.kms.katalon.core.main.TestCaseExecutor.accessMainPhase(TestCaseExecutor.java:301)
	at com.kms.katalon.core.main.TestCaseExecutor.execute(TestCaseExecutor.java:235)
	at com.kms.katalon.core.main.TestSuiteExecutor.accessTestCaseMainPhase(TestSuiteExecutor.java:191)
	at com.kms.katalon.core.main.TestSuiteExecutor.accessTestSuiteMainPhase(TestSuiteExecutor.java:141)
	at com.kms.katalon.core.main.TestSuiteExecutor.execute(TestSuiteExecutor.java:90)
	at com.kms.katalon.core.main.TestCaseMain.startTestSuite(TestCaseMain.java:157)
	at com.kms.katalon.core.main.TestCaseMain$startTestSuite$0.call(Unknown Source)
	at TempTestSuite1599594670457.run(TempTestSuite1599594670457.groovy:39)
Caused by: com.kms.katalon.core.exception.StepFailedException: Cannot find window with index: '1'
	... 23 more]]></system-err>
      </testcase>
      <system-out><![CDATA[2020-09-08 12:51:12 - [TEST_SUITE][FAILED] - FDR_Regression_Testing_Suite: Test Cases/FDR_END_2_END/FDR-END_2_END_Voucher_Reject FAILED.
Reason:
com.kms.katalon.core.exception.StepFailedException: Unable to click on object 'Object Repository/FDR-VoucherEntry/InvoiceLine/invoiceLineExpandButton' (Root cause: com.kms.katalon.core.exception.StepFailedException: Unable to click on object 'Object Repository/FDR-VoucherEntry/InvoiceLine/invoiceLineExpandButton'
	at com.kms.katalon.core.webui.keyword.internal.WebUIKeywordMain.stepFailed(WebUIKeywordMain.groovy:64)
	at com.kms.katalon.core.webui.keyword.internal.WebUIKeywordMain.runKeyword(WebUIKeywordMain.groovy:26)
	at com.kms.katalon.core.webui.keyword.builtin.ClickKeyword.click(ClickKeyword.groovy:76)
	at com.kms.katalon.core.webui.keyword.builtin.ClickKeyword.execute(ClickKeyword.groovy:43)
	at com.kms.katalon.core.keyword.internal.KeywordExecutor.executeKeywordForPlatform(KeywordExecutor.groovy:73)
	at com.kms.katalon.core.webui.keyword.WebUiBuiltInKeywords.click(WebUiBuiltInKeywords.groovy:616)
	at com.kms.katalon.core.webui.keyword.WebUiBuiltInKeywords$click$5.call(Unknown Source)
	at FDR-END_2_END_Voucher_Reject.run(FDR-END_2_END_Voucher_Reject:296)
	at com.kms.katalon.core.main.ScriptEngine.run(ScriptEngine.java:194)
	at com.kms.katalon.core.main.ScriptEngine.runScriptAsRawText(ScriptEngine.java:119)
	at com.kms.katalon.core.main.TestCaseExecutor.runScript(TestCaseExecutor.java:339)
	at com.kms.katalon.core.main.TestCaseExecutor.doExecute(TestCaseExecutor.java:330)
	at com.kms.katalon.core.main.TestCaseExecutor.processExecutionPhase(TestCaseExecutor.java:309)
	at com.kms.katalon.core.main.TestCaseExecutor.accessMainPhase(TestCaseExecutor.java:301)
	at com.kms.katalon.core.main.TestCaseExecutor.execute(TestCaseExecutor.java:235)
	at com.kms.katalon.core.main.TestSuiteExecutor.accessTestCaseMainPhase(TestSuiteExecutor.java:191)
	at com.kms.katalon.core.main.TestSuiteExecutor.accessTestSuiteMainPhase(TestSuiteExecutor.java:141)
	at com.kms.katalon.core.main.TestSuiteExecutor.execute(TestSuiteExecutor.java:90)
	at com.kms.katalon.core.main.TestCaseMain.startTestSuite(TestCaseMain.java:157)
	at com.kms.katalon.core.main.TestCaseMain$startTestSuite$0.call(Unknown Source)
	at TempTestSuite1599594670457.run(TempTestSuite1599594670457.groovy:39)
Caused by: com.kms.katalon.core.webui.exception.WebElementNotFoundException: Web element with id: 'Object Repository/FDR-VoucherEntry/InvoiceLine/invoiceLineExpandButton' located by '(//*[contains(@class,'MuiExpansionPanel-root')])[1]//*[contains(@class,'expandIcon')]' not found
	at com.kms.katalon.core.webui.common.WebUiCommonHelper.findWebElement(WebUiCommonHelper.java:1368)
	at com.kms.katalon.core.webui.keyword.internal.WebUIAbstractKeyword.findWebElement(WebUIAbstractKeyword.groovy:27)
	at com.kms.katalon.core.webui.keyword.internal.WebUIAbstractKeyword.findWebElement(WebUIAbstractKeyword.groovy:26)
	at com.kms.katalon.core.webui.keyword.builtin.ClickKeyword$_click_closure1.doCall(ClickKeyword.groovy:67)
	at com.kms.katalon.core.webui.keyword.builtin.ClickKeyword$_click_closure1.call(ClickKeyword.groovy)
	at com.kms.katalon.core.webui.keyword.internal.WebUIKeywordMain.runKeyword(WebUIKeywordMain.groovy:20)
	at com.kms.katalon.core.webui.keyword.builtin.ClickKeyword.click(ClickKeyword.groovy:76)
	at com.kms.katalon.core.webui.keyword.builtin.ClickKeyword.execute(ClickKeyword.groovy:43)
	at com.kms.katalon.core.keyword.internal.KeywordExecutor.executeKeywordForPlatform(KeywordExecutor.groovy:73)
	at com.kms.katalon.core.webui.keyword.WebUiBuiltInKeywords.click(WebUiBuiltInKeywords.groovy:616)
	at com.kms.katalon.core.webui.keyword.WebUiBuiltInKeywords$click$5.call(Unknown Source)
	at Script1598478507206.run(Script1598478507206.groovy:296)
	... 13 more
)
	at com.kms.katalon.core.keyword.internal.KeywordMain.stepFailed(KeywordMain.groovy:39)
	at com.kms.katalon.core.webui.keyword.internal.WebUIKeywordMain.stepFailed(WebUIKeywordMain.groovy:64)
	at com.kms.katalon.core.webui.keyword.internal.WebUIKeywordMain.runKeyword(WebUIKeywordMain.groovy:26)
	at com.kms.katalon.core.webui.keyword.builtin.ClickKeyword.click(ClickKeyword.groovy:76)
	at com.kms.katalon.core.webui.keyword.builtin.ClickKeyword.execute(ClickKeyword.groovy:43)
	at com.kms.katalon.core.keyword.internal.KeywordExecutor.executeKeywordForPlatform(KeywordExecutor.groovy:73)
	at com.kms.katalon.core.webui.keyword.WebUiBuiltInKeywords.click(WebUiBuiltInKeywords.groovy:616)
	at com.kms.katalon.core.webui.keyword.WebUiBuiltInKeywords$click$5.call(Unknown Source)
	at FDR-END_2_END_Voucher_Reject.run(FDR-END_2_END_Voucher_Reject:296)
	at com.kms.katalon.core.main.ScriptEngine.run(ScriptEngine.java:194)
	at com.kms.katalon.core.main.ScriptEngine.runScriptAsRawText(ScriptEngine.java:119)
	at com.kms.katalon.core.main.TestCaseExecutor.runScript(TestCaseExecutor.java:339)
	at com.kms.katalon.core.main.TestCaseExecutor.doExecute(TestCaseExecutor.java:330)
	at com.kms.katalon.core.main.TestCaseExecutor.processExecutionPhase(TestCaseExecutor.java:309)
	at com.kms.katalon.core.main.TestCaseExecutor.accessMainPhase(TestCaseExecutor.java:301)
	at com.kms.katalon.core.main.TestCaseExecutor.execute(TestCaseExecutor.java:235)
	at com.kms.katalon.core.main.TestSuiteExecutor.accessTestCaseMainPhase(TestSuiteExecutor.java:191)
	at com.kms.katalon.core.main.TestSuiteExecutor.accessTestSuiteMainPhase(TestSuiteExecutor.java:141)
	at com.kms.katalon.core.main.TestSuiteExecutor.execute(TestSuiteExecutor.java:90)
	at com.kms.katalon.core.main.TestCaseMain.startTestSuite(TestCaseMain.java:157)
	at com.kms.katalon.core.main.TestCaseMain$startTestSuite$0.call(Unknown Source)
	at TempTestSuite1599594670457.run(TempTestSuite1599594670457.groovy:39)
Caused by: com.kms.katalon.core.exception.StepFailedException: Unable to click on object 'Object Repository/FDR-VoucherEntry/InvoiceLine/invoiceLineExpandButton'
	... 21 more
Caused by: com.kms.katalon.core.webui.exception.WebElementNotFoundException: Web element with id: 'Object Repository/FDR-VoucherEntry/InvoiceLine/invoiceLineExpandButton' located by '(//*[contains(@class,'MuiExpansionPanel-root')])[1]//*[contains(@class,'expandIcon')]' not found
	at com.kms.katalon.core.webui.common.WebUiCommonHelper.findWebElement(WebUiCommonHelper.java:1368)
	at com.kms.katalon.core.webui.keyword.internal.WebUIAbstractKeyword.findWebElement(WebUIAbstractKeyword.groovy:27)
	at com.kms.katalon.core.webui.keyword.internal.WebUIAbstractKeyword.findWebElement(WebUIAbstractKeyword.groovy:26)
	at com.kms.katalon.core.webui.keyword.builtin.ClickKeyword$_click_closure1.doCall(ClickKeyword.groovy:67)
	at com.kms.katalon.core.webui.keyword.builtin.ClickKeyword$_click_closure1.call(ClickKeyword.groovy)
	at com.kms.katalon.core.webui.keyword.internal.WebUIKeywordMain.runKeyword(WebUIKeywordMain.groovy:20)
	... 19 more]]></system-out>
      <system-err><![CDATA[2020-09-08 12:51:12 - [TEST_SUITE][FAILED] - FDR_Regression_Testing_Suite: Test Cases/FDR_END_2_END/FDR-END_2_END_Voucher_Reject FAILED.
Reason:
com.kms.katalon.core.exception.StepFailedException: Unable to click on object 'Object Repository/FDR-VoucherEntry/InvoiceLine/invoiceLineExpandButton' (Root cause: com.kms.katalon.core.exception.StepFailedException: Unable to click on object 'Object Repository/FDR-VoucherEntry/InvoiceLine/invoiceLineExpandButton'
	at com.kms.katalon.core.webui.keyword.internal.WebUIKeywordMain.stepFailed(WebUIKeywordMain.groovy:64)
	at com.kms.katalon.core.webui.keyword.internal.WebUIKeywordMain.runKeyword(WebUIKeywordMain.groovy:26)
	at com.kms.katalon.core.webui.keyword.builtin.ClickKeyword.click(ClickKeyword.groovy:76)
	at com.kms.katalon.core.webui.keyword.builtin.ClickKeyword.execute(ClickKeyword.groovy:43)
	at com.kms.katalon.core.keyword.internal.KeywordExecutor.executeKeywordForPlatform(KeywordExecutor.groovy:73)
	at com.kms.katalon.core.webui.keyword.WebUiBuiltInKeywords.click(WebUiBuiltInKeywords.groovy:616)
	at com.kms.katalon.core.webui.keyword.WebUiBuiltInKeywords$click$5.call(Unknown Source)
	at FDR-END_2_END_Voucher_Reject.run(FDR-END_2_END_Voucher_Reject:296)
	at com.kms.katalon.core.main.ScriptEngine.run(ScriptEngine.java:194)
	at com.kms.katalon.core.main.ScriptEngine.runScriptAsRawText(ScriptEngine.java:119)
	at com.kms.katalon.core.main.TestCaseExecutor.runScript(TestCaseExecutor.java:339)
	at com.kms.katalon.core.main.TestCaseExecutor.doExecute(TestCaseExecutor.java:330)
	at com.kms.katalon.core.main.TestCaseExecutor.processExecutionPhase(TestCaseExecutor.java:309)
	at com.kms.katalon.core.main.TestCaseExecutor.accessMainPhase(TestCaseExecutor.java:301)
	at com.kms.katalon.core.main.TestCaseExecutor.execute(TestCaseExecutor.java:235)
	at com.kms.katalon.core.main.TestSuiteExecutor.accessTestCaseMainPhase(TestSuiteExecutor.java:191)
	at com.kms.katalon.core.main.TestSuiteExecutor.accessTestSuiteMainPhase(TestSuiteExecutor.java:141)
	at com.kms.katalon.core.main.TestSuiteExecutor.execute(TestSuiteExecutor.java:90)
	at com.kms.katalon.core.main.TestCaseMain.startTestSuite(TestCaseMain.java:157)
	at com.kms.katalon.core.main.TestCaseMain$startTestSuite$0.call(Unknown Source)
	at TempTestSuite1599594670457.run(TempTestSuite1599594670457.groovy:39)
Caused by: com.kms.katalon.core.webui.exception.WebElementNotFoundException: Web element with id: 'Object Repository/FDR-VoucherEntry/InvoiceLine/invoiceLineExpandButton' located by '(//*[contains(@class,'MuiExpansionPanel-root')])[1]//*[contains(@class,'expandIcon')]' not found
	at com.kms.katalon.core.webui.common.WebUiCommonHelper.findWebElement(WebUiCommonHelper.java:1368)
	at com.kms.katalon.core.webui.keyword.internal.WebUIAbstractKeyword.findWebElement(WebUIAbstractKeyword.groovy:27)
	at com.kms.katalon.core.webui.keyword.internal.WebUIAbstractKeyword.findWebElement(WebUIAbstractKeyword.groovy:26)
	at com.kms.katalon.core.webui.keyword.builtin.ClickKeyword$_click_closure1.doCall(ClickKeyword.groovy:67)
	at com.kms.katalon.core.webui.keyword.builtin.ClickKeyword$_click_closure1.call(ClickKeyword.groovy)
	at com.kms.katalon.core.webui.keyword.internal.WebUIKeywordMain.runKeyword(WebUIKeywordMain.groovy:20)
	at com.kms.katalon.core.webui.keyword.builtin.ClickKeyword.click(ClickKeyword.groovy:76)
	at com.kms.katalon.core.webui.keyword.builtin.ClickKeyword.execute(ClickKeyword.groovy:43)
	at com.kms.katalon.core.keyword.internal.KeywordExecutor.executeKeywordForPlatform(KeywordExecutor.groovy:73)
	at com.kms.katalon.core.webui.keyword.WebUiBuiltInKeywords.click(WebUiBuiltInKeywords.groovy:616)
	at com.kms.katalon.core.webui.keyword.WebUiBuiltInKeywords$click$5.call(Unknown Source)
	at Script1598478507206.run(Script1598478507206.groovy:296)
	... 13 more
)
	at com.kms.katalon.core.keyword.internal.KeywordMain.stepFailed(KeywordMain.groovy:39)
	at com.kms.katalon.core.webui.keyword.internal.WebUIKeywordMain.stepFailed(WebUIKeywordMain.groovy:64)
	at com.kms.katalon.core.webui.keyword.internal.WebUIKeywordMain.runKeyword(WebUIKeywordMain.groovy:26)
	at com.kms.katalon.core.webui.keyword.builtin.ClickKeyword.click(ClickKeyword.groovy:76)
	at com.kms.katalon.core.webui.keyword.builtin.ClickKeyword.execute(ClickKeyword.groovy:43)
	at com.kms.katalon.core.keyword.internal.KeywordExecutor.executeKeywordForPlatform(KeywordExecutor.groovy:73)
	at com.kms.katalon.core.webui.keyword.WebUiBuiltInKeywords.click(WebUiBuiltInKeywords.groovy:616)
	at com.kms.katalon.core.webui.keyword.WebUiBuiltInKeywords$click$5.call(Unknown Source)
	at FDR-END_2_END_Voucher_Reject.run(FDR-END_2_END_Voucher_Reject:296)
	at com.kms.katalon.core.main.ScriptEngine.run(ScriptEngine.java:194)
	at com.kms.katalon.core.main.ScriptEngine.runScriptAsRawText(ScriptEngine.java:119)
	at com.kms.katalon.core.main.TestCaseExecutor.runScript(TestCaseExecutor.java:339)
	at com.kms.katalon.core.main.TestCaseExecutor.doExecute(TestCaseExecutor.java:330)
	at com.kms.katalon.core.main.TestCaseExecutor.processExecutionPhase(TestCaseExecutor.java:309)
	at com.kms.katalon.core.main.TestCaseExecutor.accessMainPhase(TestCaseExecutor.java:301)
	at com.kms.katalon.core.main.TestCaseExecutor.execute(TestCaseExecutor.java:235)
	at com.kms.katalon.core.main.TestSuiteExecutor.accessTestCaseMainPhase(TestSuiteExecutor.java:191)
	at com.kms.katalon.core.main.TestSuiteExecutor.accessTestSuiteMainPhase(TestSuiteExecutor.java:141)
	at com.kms.katalon.core.main.TestSuiteExecutor.execute(TestSuiteExecutor.java:90)
	at com.kms.katalon.core.main.TestCaseMain.startTestSuite(TestCaseMain.java:157)
	at com.kms.katalon.core.main.TestCaseMain$startTestSuite$0.call(Unknown Source)
	at TempTestSuite1599594670457.run(TempTestSuite1599594670457.groovy:39)
Caused by: com.kms.katalon.core.exception.StepFailedException: Unable to click on object 'Object Repository/FDR-VoucherEntry/InvoiceLine/invoiceLineExpandButton'
	... 21 more
Caused by: com.kms.katalon.core.webui.exception.WebElementNotFoundException: Web element with id: 'Object Repository/FDR-VoucherEntry/InvoiceLine/invoiceLineExpandButton' located by '(//*[contains(@class,'MuiExpansionPanel-root')])[1]//*[contains(@class,'expandIcon')]' not found
	at com.kms.katalon.core.webui.common.WebUiCommonHelper.findWebElement(WebUiCommonHelper.java:1368)
	at com.kms.katalon.core.webui.keyword.internal.WebUIAbstractKeyword.findWebElement(WebUIAbstractKeyword.groovy:27)
	at com.kms.katalon.core.webui.keyword.internal.WebUIAbstractKeyword.findWebElement(WebUIAbstractKeyword.groovy:26)
	at com.kms.katalon.core.webui.keyword.builtin.ClickKeyword$_click_closure1.doCall(ClickKeyword.groovy:67)
	at com.kms.katalon.core.webui.keyword.builtin.ClickKeyword$_click_closure1.call(ClickKeyword.groovy)
	at com.kms.katalon.core.webui.keyword.internal.WebUIKeywordMain.runKeyword(WebUIKeywordMain.groovy:20)
	... 19 more]]></system-err>
   </testsuite>
</testsuites>
