<?xml version="1.0" encoding="UTF-8"?>
<testsuites name="Draw-Integration_Suite" time="58.274" tests="1" failures="0" errors="0">
   <testsuite name="Draw-Integration_Suite" tests="1" failures="0" errors="0" time="58.274" timestamp="2020-09-17 22:59:59" hostname="nagesh.allu - DESKTOP-9VU7G8T.attlocal.net" id="Test Suites/Draw-Integration_Suite">
      <properties>
         <property name="deviceName" value=""/>
         <property name="devicePlatform" value=""/>
         <property name="logFolder" value="C:\\fdr-automation-develop_08_25_2020\\Reports\\20200917_225957\\Draw-Integration_Suite\\20200917_225957"/>
         <property name="logFiles" value="C:\\fdr-automation-develop_08_25_2020\\Reports\\20200917_225957\\Draw-Integration_Suite\\20200917_225957\\execution0.log"/>
         <property name="attachments" value=""/>
         <property name="hostName" value="nagesh.allu - DESKTOP-9VU7G8T.attlocal.net"/>
         <property name="os" value="Windows 10 64bit"/>
         <property name="katalonVersion" value="7.6.6.205"/>
         <property name="browser" value="Chrome 85.0.4183.102"/>
         <property name="hostAddress" value="192.168.1.188"/>
         <property name="sessionId" value="d515aa6f2d059b3d4a92965f9affd397"/>
         <property name="seleniumVersion" value="3.141.59"/>
         <property name="proxyInformation" value="ProxyInformation { proxyOption=NO_PROXY, proxyServerType=HTTP, username=, password=********, proxyServerAddress=, proxyServerPort=0, executionList=&quot;&quot;, isApplyToDesiredCapabilities=true }"/>
         <property name="platform" value="Windows 10"/>
      </properties>
      <testcase name="Test Cases/WEB-UI-TESTS/Draw/FDR-Voucher-Expenditure-Validation" time="54.718" classname="Test Cases/WEB-UI-TESTS/Draw/FDR-Voucher-Expenditure-Validation" status="PASSED">
         <system-out><![CDATA[2020-09-17 22:59:59 - [TEST_CASE][PASSED] - Test Cases/WEB-UI-TESTS/Draw/FDR-Voucher-Expenditure-Validation: Test Cases/WEB-UI-TESTS/Draw/FDR-Voucher-Expenditure-Validation

2020-09-17 22:59:59 - [TEST_STEP][PASSED] - Start listener action : sampleBeforeTestCase: null

2020-09-17 22:59:59 - [TEST_STEP][PASSED] - profileName = getExecutionProfile(): null

2020-09-17 22:59:59 - [TEST_STEP][PASSED] - switch (profileName): null

2020-09-17 22:59:59 - [TEST_STEP][PASSED] - case "superUser":: null

2020-09-17 22:59:59 - [TEST_STEP][PASSED] - return null: null

2020-09-17 22:59:59 - [TEST_STEP][PASSED] - Start listener action : beforeTestCase: null

2020-09-17 22:59:59 - [TEST_STEP][PASSED] - profileName = getExecutionProfile(): null

2020-09-17 22:59:59 - [TEST_STEP][PASSED] - if (profileName.equalsIgnoreCase("SysAdmin")): null

2020-09-17 22:59:59 - [TEST_STEP][PASSED] - Start listener action : sampleBeforeTestCase: Navigate to 'https://fdr-katalon.cammis-mod-dev.dhcs.ca.gov' successfully

2020-09-17 22:59:59 - [TEST_STEP][PASSED] - profileName = getExecutionProfile(): null

2020-09-17 22:59:59 - [TEST_STEP][PASSED] - testCaseId = testCaseContext.getTestCaseId(): null

2020-09-17 22:59:59 - [TEST_STEP][PASSED] - switch (profileName): null

2020-09-17 22:59:59 - [TEST_STEP][PASSED] - case "Draw":: null

2020-09-17 22:59:59 - [TEST_STEP][PASSED] - if (account6TestCases.contains(testCaseId)): Object: 'Object Repository/FDR-SignIn/SignInButton' is clicked on

2020-09-17 22:59:59 - [TEST_STEP][PASSED] - Uifunctions.loginFDR(drawCashierAcc6, drawCashierAcc6Pwd): Object: 'Object Repository/FDR-SignIn/SignInButton' is clicked on

2020-09-17 23:00:00 - [MESSAGE][INFO] - Starting 'Chrome' driver

2020-09-17 23:00:00 - [MESSAGE][INFO] - Action delay is set to 0 milliseconds

2020-09-17 23:00:04 - [MESSAGE][PASSED] - Browser is opened with url: ''

2020-09-17 23:00:06 - [MESSAGE][PASSED] - Current window maximized

2020-09-17 23:00:07 - [MESSAGE][PASSED] - Navigate to 'https://fdr-katalon.cammis-mod-dev.dhcs.ca.gov' successfully

2020-09-17 23:00:09 - [MESSAGE][PASSED] - Object 'Object Repository/FDR-SignIn/SignInEmail' is present

2020-09-17 23:00:09 - [MESSAGE][PASSED] - Object: 'Object Repository/FDR-SignIn/SignInEmail' is clicked on

2020-09-17 23:00:09 - [MESSAGE][PASSED] - Object 'Object Repository/FDR-SignIn/SignInEmail' is present

2020-09-17 23:00:10 - [MESSAGE][PASSED] - Text 'fdr.test6@dhcs.ca.gov' is set on object 'Object Repository/FDR-SignIn/SignInEmail'

2020-09-17 23:00:10 - [MESSAGE][PASSED] - Object 'Object Repository/FDR-SignIn/SignInEmailNext' is visible

2020-09-17 23:00:10 - [MESSAGE][PASSED] - Object: 'Object Repository/FDR-SignIn/SignInEmailNext' is clicked on

2020-09-17 23:00:17 - [MESSAGE][PASSED] - Object 'Object Repository/FDR-SignIn/SignInEmailPassword' is visible

2020-09-17 23:00:17 - [MESSAGE][PASSED] - Object: 'Object Repository/FDR-SignIn/SignInEmailPassword' is clicked on

2020-09-17 23:00:17 - [MESSAGE][PASSED] - Text ****** has been set on object 'Object Repository/FDR-SignIn/SignInEmailPassword'

2020-09-17 23:00:19 - [MESSAGE][PASSED] - Object: 'Object Repository/FDR-SignIn/SignInButton' is clicked on

2020-09-17 23:00:19 - [TEST_STEP][PASSED] - break: null

2020-09-17 23:00:19 - [TEST_STEP][PASSED] - navigateToUrl(URL): Navigate to 'https://fdr-katalon.cammis-mod-dev.dhcs.ca.gov' successfully

2020-09-17 23:00:20 - [MESSAGE][PASSED] - Navigate to 'https://fdr-katalon.cammis-mod-dev.dhcs.ca.gov' successfully

2020-09-17 23:00:20 - [TEST_STEP][PASSED] - Start listener action : executeRows: null

2020-09-17 23:00:20 - [TEST_STEP][PASSED] - drawDate = "09/28/2020": null

2020-09-17 23:00:20 - [TEST_STEP][PASSED] - waitForElementPresent(findTestObject("FDR-Dashboard/createNewVoucherButton"), 2): Object 'Object Repository/FDR-Dashboard/createNewVoucherButton' is not present after 2 second(s)

2020-09-17 23:00:23 - [MESSAGE][INFO] - Unable to find the element located by 'By.xpath: //*[@data-id='button-link']//*[contains(text(),'Create New Voucher')]'. Please recheck the objects properties to make sure the desired element is located. 

2020-09-17 23:00:23 - [MESSAGE][WARNING] - Object 'Object Repository/FDR-Dashboard/createNewVoucherButton' is not present after 2 second(s)

2020-09-17 23:00:23 - [TEST_STEP][PASSED] - Uifunctions.clickOnReconcileButton(drawDate): Object 'Object Repository/FDR-Dashboard/createNewVoucherButton' is not present after 3 second(s)

2020-09-17 23:00:23 - [MESSAGE][PASSED] - Object: 'expandButton' is clicked on

2020-09-17 23:00:27 - [MESSAGE][INFO] - Unable to find the element located by 'By.xpath: //*[@data-id='button-link']//*[contains(text(),'Create New Voucher')]'. Please recheck the objects properties to make sure the desired element is located. 

2020-09-17 23:00:27 - [MESSAGE][WARNING] - Object 'Object Repository/FDR-Dashboard/createNewVoucherButton' is not present after 3 second(s)

2020-09-17 23:00:28 - [MESSAGE][PASSED] - Text of object 'drawDate' is: '09/28/2020'

2020-09-17 23:00:28 - [MESSAGE][PASSED] - Object: 'expandButton' is clicked on

2020-09-17 23:00:30 - [MESSAGE][INFO] - Unable to find the element located by 'By.xpath: //*[@data-id='button-link']//*[contains(text(),'Create New Voucher')]'. Please recheck the objects properties to make sure the desired element is located. 

2020-09-17 23:00:30 - [MESSAGE][WARNING] - Object 'Object Repository/FDR-Dashboard/createNewVoucherButton' is not present after 1 second(s)

2020-09-17 23:00:31 - [MESSAGE][PASSED] - Object: 'reconcileButton' is clicked on

2020-09-17 23:00:36 - [MESSAGE][INFO] - Unable to find the element located by 'By.xpath: //*[@data-id='button-link']//*[contains(text(),'Create New Voucher')]'. Please recheck the objects properties to make sure the desired element is located. 

2020-09-17 23:00:36 - [MESSAGE][WARNING] - Object 'Object Repository/FDR-Dashboard/createNewVoucherButton' is not present after 3 second(s)

2020-09-17 23:00:36 - [TEST_STEP][PASSED] - delay(5): Delayed 5 second(s)

2020-09-17 23:00:41 - [MESSAGE][PASSED] - Delayed 5 second(s)

2020-09-17 23:00:41 - [TEST_STEP][PASSED] - waitForElementPresent(findTestObject("FDR-Dashboard/createNewVoucherButton"), 4): Object 'Object Repository/FDR-Dashboard/createNewVoucherButton' is not present after 4 second(s)

2020-09-17 23:00:46 - [MESSAGE][INFO] - Unable to find the element located by 'By.xpath: //*[@data-id='button-link']//*[contains(text(),'Create New Voucher')]'. Please recheck the objects properties to make sure the desired element is located. 

2020-09-17 23:00:46 - [MESSAGE][WARNING] - Object 'Object Repository/FDR-Dashboard/createNewVoucherButton' is not present after 4 second(s)

2020-09-17 23:00:46 - [TEST_STEP][PASSED] - verifyElementPresent(findTestObject("FDR-Draw/VoucherExpenditure/voucherNum"), 2): Object 'Object Repository/FDR-Draw/VoucherExpenditure/voucherNum' is present

2020-09-17 23:00:46 - [MESSAGE][PASSED] - Object 'Object Repository/FDR-Draw/VoucherExpenditure/voucherNum' is present

2020-09-17 23:00:46 - [TEST_STEP][PASSED] - verifyElementPresent(findTestObject("FDR-Draw/VoucherExpenditure/amount1"), 100): Object 'Object Repository/FDR-Draw/VoucherExpenditure/amount1' is present

2020-09-17 23:00:46 - [MESSAGE][PASSED] - Object 'Object Repository/FDR-Draw/VoucherExpenditure/amount1' is present

2020-09-17 23:00:46 - [TEST_STEP][PASSED] - verifyElementPresent(findTestObject("FDR-Draw/ColumnHeaderValidation/federalFund(0890)"), 2): Object 'Object Repository/FDR-Draw/ColumnHeaderValidation/federalFund(0890)' is present

2020-09-17 23:00:47 - [MESSAGE][PASSED] - Object 'Object Repository/FDR-Draw/ColumnHeaderValidation/federalFund(0890)' is present

2020-09-17 23:00:47 - [TEST_STEP][PASSED] - verifyElementPresent(findTestObject("FDR-Draw/ColumnHeaderValidation/fy2019MA113"), 2): Object 'Object Repository/FDR-Draw/ColumnHeaderValidation/fy2019MA113' is present

2020-09-17 23:00:47 - [MESSAGE][PASSED] - Object 'Object Repository/FDR-Draw/ColumnHeaderValidation/fy2019MA113' is present

2020-09-17 23:00:47 - [TEST_STEP][PASSED] - verifyElementPresent(findTestObject("FDR-Draw/ColumnHeaderValidation/title21CHIP"), 2): Object 'Object Repository/FDR-Draw/ColumnHeaderValidation/title21CHIP' is present

2020-09-17 23:00:47 - [MESSAGE][PASSED] - Object 'Object Repository/FDR-Draw/ColumnHeaderValidation/title21CHIP' is present

2020-09-17 23:00:47 - [TEST_STEP][PASSED] - verifyElementPresent(findTestObject("FDR-Draw/ColumnHeaderValidation/113-20-10-030"), 2): Object 'Object Repository/FDR-Draw/ColumnHeaderValidation/113-20-10-030' is present

2020-09-17 23:00:47 - [MESSAGE][PASSED] - Object 'Object Repository/FDR-Draw/ColumnHeaderValidation/113-20-10-030' is present

2020-09-17 23:00:47 - [TEST_STEP][PASSED] - verifyElementPresent(findTestObject("FDR-Draw/ColumnHeaderValidation/federalFund(0890)Col2"), 2): Object 'Object Repository/FDR-Draw/ColumnHeaderValidation/federalFund(0890)Col2' is present

2020-09-17 23:00:48 - [MESSAGE][PASSED] - Object 'Object Repository/FDR-Draw/ColumnHeaderValidation/federalFund(0890)Col2' is present

2020-09-17 23:00:48 - [TEST_STEP][PASSED] - verifyElementPresent(findTestObject("FDR-Draw/ColumnHeaderValidation/fy2019MA101"), 2): Object 'Object Repository/FDR-Draw/ColumnHeaderValidation/fy2019MA101' is present

2020-09-17 23:00:48 - [MESSAGE][PASSED] - Object 'Object Repository/FDR-Draw/ColumnHeaderValidation/fy2019MA101' is present

2020-09-17 23:00:48 - [TEST_STEP][PASSED] - verifyElementPresent(findTestObject("FDR-Draw/ColumnHeaderValidation/Title19-MAP"), 2): Object 'Object Repository/FDR-Draw/ColumnHeaderValidation/Title19-MAP' is present

2020-09-17 23:00:48 - [MESSAGE][PASSED] - Object 'Object Repository/FDR-Draw/ColumnHeaderValidation/Title19-MAP' is present

2020-09-17 23:00:48 - [TEST_STEP][PASSED] - verifyElementPresent(findTestObject("FDR-Draw/ColumnHeaderValidation/101-20-10-030"), 2): Object 'Object Repository/FDR-Draw/ColumnHeaderValidation/101-20-10-030' is present

2020-09-17 23:00:48 - [MESSAGE][PASSED] - Object 'Object Repository/FDR-Draw/ColumnHeaderValidation/101-20-10-030' is present

2020-09-17 23:00:48 - [TEST_STEP][PASSED] - verifyElementPresent(findTestObject("FDR-Draw/ColumnHeaderValidation/genFund(0001)"), 2): Object 'Object Repository/FDR-Draw/ColumnHeaderValidation/genFund(0001)' is present

2020-09-17 23:00:49 - [MESSAGE][PASSED] - Object 'Object Repository/FDR-Draw/ColumnHeaderValidation/genFund(0001)' is present

2020-09-17 23:00:49 - [TEST_STEP][PASSED] - verifyElementPresent(findTestObject("FDR-Draw/ColumnHeaderValidation/fy2019MA101"), 2): Object 'Object Repository/FDR-Draw/ColumnHeaderValidation/fy2019MA101' is present

2020-09-17 23:00:49 - [MESSAGE][PASSED] - Object 'Object Repository/FDR-Draw/ColumnHeaderValidation/fy2019MA101' is present

2020-09-17 23:00:49 - [TEST_STEP][PASSED] - verifyElementPresent(findTestObject("FDR-Draw/ColumnHeaderValidation/101-20-10-030 -3rdcol"), 2): Object 'Object Repository/FDR-Draw/ColumnHeaderValidation/101-20-10-030 -3rdcol' is present

2020-09-17 23:00:49 - [MESSAGE][PASSED] - Object 'Object Repository/FDR-Draw/ColumnHeaderValidation/101-20-10-030 -3rdcol' is present

2020-09-17 23:00:49 - [TEST_STEP][PASSED] - verifyElementPresent(findTestObject("FDR-Draw/ColumnHeaderValidation/stateOnlyRefugee(0001)"), 2): Object 'Object Repository/FDR-Draw/ColumnHeaderValidation/stateOnlyRefugee(0001)' is present

2020-09-17 23:00:50 - [MESSAGE][PASSED] - Object 'Object Repository/FDR-Draw/ColumnHeaderValidation/stateOnlyRefugee(0001)' is present

2020-09-17 23:00:50 - [TEST_STEP][PASSED] - verifyElementPresent(findTestObject("FDR-Draw/ColumnHeaderValidation/fy2019Refugee"), 2): Object 'Object Repository/FDR-Draw/ColumnHeaderValidation/fy2019Refugee' is present

2020-09-17 23:00:50 - [MESSAGE][PASSED] - Object 'Object Repository/FDR-Draw/ColumnHeaderValidation/fy2019Refugee' is present

2020-09-17 23:00:50 - [TEST_STEP][PASSED] - verifyElementPresent(findTestObject("FDR-Draw/ColumnHeaderValidation/non-FedFundHQAF(3158)"), 2): Object 'Object Repository/FDR-Draw/ColumnHeaderValidation/non-FedFundHQAF(3158)' is present

2020-09-17 23:00:50 - [MESSAGE][PASSED] - Object 'Object Repository/FDR-Draw/ColumnHeaderValidation/non-FedFundHQAF(3158)' is present

2020-09-17 23:00:50 - [TEST_STEP][PASSED] - verifyElementPresent(findTestObject("FDR-Draw/ColumnHeaderValidation/fy2019MA(611)HQAF"), 2): Object 'Object Repository/FDR-Draw/ColumnHeaderValidation/fy2019MA(611)HQAF' is present

2020-09-17 23:00:50 - [MESSAGE][PASSED] - Object 'Object Repository/FDR-Draw/ColumnHeaderValidation/fy2019MA(611)HQAF' is present

2020-09-17 23:00:50 - [TEST_STEP][PASSED] - verifyElementPresent(findTestObject("FDR-Draw/ColumnHeaderValidation/611-SB 239(2013)HQAF"), 2): Object 'Object Repository/FDR-Draw/ColumnHeaderValidation/611-SB 239(2013)HQAF' is present

2020-09-17 23:00:51 - [MESSAGE][PASSED] - Object 'Object Repository/FDR-Draw/ColumnHeaderValidation/611-SB 239(2013)HQAF' is present

2020-09-17 23:00:51 - [TEST_STEP][PASSED] - verifyElementPresent(findTestObject("FDR-Draw/ColumnHeaderValidation/fy2019Refugee"), 2): Object 'Object Repository/FDR-Draw/ColumnHeaderValidation/fy2019Refugee' is present

2020-09-17 23:00:51 - [MESSAGE][PASSED] - Object 'Object Repository/FDR-Draw/ColumnHeaderValidation/fy2019Refugee' is present

2020-09-17 23:00:51 - [TEST_STEP][PASSED] - verifyElementPresent(findTestObject("FDR-Draw/ColumnHeaderValidation/fedFundHQAF(0890)"), 2): Object 'Object Repository/FDR-Draw/ColumnHeaderValidation/fedFundHQAF(0890)' is present

2020-09-17 23:00:51 - [MESSAGE][PASSED] - Object 'Object Repository/FDR-Draw/ColumnHeaderValidation/fedFundHQAF(0890)' is present

2020-09-17 23:00:51 - [TEST_STEP][PASSED] - verifyElementPresent(findTestObject("FDR-Draw/ColumnHeaderValidation/fy2019MA(611)HQAF-6thcol"), 2): Object 'Object Repository/FDR-Draw/ColumnHeaderValidation/fy2019MA(611)HQAF-6thcol' is present

2020-09-17 23:00:51 - [MESSAGE][PASSED] - Object 'Object Repository/FDR-Draw/ColumnHeaderValidation/fy2019MA(611)HQAF-6thcol' is present

2020-09-17 23:00:51 - [TEST_STEP][PASSED] - verifyElementPresent(findTestObject("FDR-Draw/ColumnHeaderValidation/611-SB 239(2013)HQAF-6thCol"), 2): Object 'Object Repository/FDR-Draw/ColumnHeaderValidation/611-SB 239(2013)HQAF-6thCol' is present

2020-09-17 23:00:52 - [MESSAGE][PASSED] - Object 'Object Repository/FDR-Draw/ColumnHeaderValidation/611-SB 239(2013)HQAF-6thCol' is present

2020-09-17 23:00:52 - [TEST_STEP][PASSED] - verifyElementPresent(findTestObject("FDR-Draw/ColumnHeaderValidation/fedFundHQAF(0890)-7thCol"), 2): Object 'Object Repository/FDR-Draw/ColumnHeaderValidation/fedFundHQAF(0890)-7thCol' is present

2020-09-17 23:00:52 - [MESSAGE][PASSED] - Object 'Object Repository/FDR-Draw/ColumnHeaderValidation/fedFundHQAF(0890)-7thCol' is present

2020-09-17 23:00:52 - [TEST_STEP][PASSED] - verifyElementPresent(findTestObject("FDR-Draw/ColumnHeaderValidation/fy2019MA(611)-7thcol"), 2): Object 'Object Repository/FDR-Draw/ColumnHeaderValidation/fy2019MA(611)-7thcol' is present

2020-09-17 23:00:52 - [MESSAGE][PASSED] - Object 'Object Repository/FDR-Draw/ColumnHeaderValidation/fy2019MA(611)-7thcol' is present

2020-09-17 23:00:52 - [TEST_STEP][PASSED] - verifyElementPresent(findTestObject("FDR-Draw/ColumnHeaderValidation/title21CHIP-7thCol"), 2): Object 'Object Repository/FDR-Draw/ColumnHeaderValidation/title21CHIP-7thCol' is present

2020-09-17 23:00:53 - [MESSAGE][PASSED] - Object 'Object Repository/FDR-Draw/ColumnHeaderValidation/title21CHIP-7thCol' is present

2020-09-17 23:00:53 - [TEST_STEP][PASSED] - verifyElementPresent(findTestObject("FDR-Draw/ColumnHeaderValidation/611-SB 239(2013)HQAF-7thCol"), 2): Object 'Object Repository/FDR-Draw/ColumnHeaderValidation/611-SB 239(2013)HQAF-7thCol' is present

2020-09-17 23:00:53 - [MESSAGE][PASSED] - Object 'Object Repository/FDR-Draw/ColumnHeaderValidation/611-SB 239(2013)HQAF-7thCol' is present

2020-09-17 23:00:53 - [TEST_STEP][PASSED] - verifyElementPresent(findTestObject("FDR-Draw/ColumnHeaderValidation/fy2019MA(611)-7thcol"), 2): Object 'Object Repository/FDR-Draw/ColumnHeaderValidation/fy2019MA(611)-7thcol' is present

2020-09-17 23:00:53 - [MESSAGE][PASSED] - Object 'Object Repository/FDR-Draw/ColumnHeaderValidation/fy2019MA(611)-7thcol' is present

2020-09-17 23:00:53 - [TEST_STEP][PASSED] - verifyElementPresent(findTestObject("FDR-Draw/ColumnHeaderValidation/0942-314"), 2): Object 'Object Repository/FDR-Draw/ColumnHeaderValidation/0942-314' is present

2020-09-17 23:00:53 - [MESSAGE][PASSED] - Object 'Object Repository/FDR-Draw/ColumnHeaderValidation/0942-314' is present

2020-09-17 23:00:53 - [TEST_STEP][PASSED] - Start listener action : sampleAfterTestCase: null

2020-09-17 23:00:53 - [TEST_STEP][PASSED] - profileName = getExecutionProfile(): null

2020-09-17 23:00:53 - [TEST_STEP][PASSED] - switch (profileName): null

2020-09-17 23:00:53 - [TEST_STEP][PASSED] - case "superUser":: null

2020-09-17 23:00:53 - [TEST_STEP][PASSED] - return null: null

2020-09-17 23:00:53 - [TEST_STEP][PASSED] - Start listener action : afterTestCase: null

2020-09-17 23:00:53 - [TEST_STEP][PASSED] - profileName = getExecutionProfile(): null

2020-09-17 23:00:53 - [TEST_STEP][PASSED] - if (profileName.equalsIgnoreCase("SysAdmin")): null

2020-09-17 23:00:53 - [TEST_STEP][PASSED] - Start listener action : sampleAfterTestCase: null

2020-09-17 23:00:53 - [TEST_STEP][PASSED] - profileName = getExecutionProfile(): null

2020-09-17 23:00:53 - [TEST_STEP][PASSED] - switch (profileName): null

2020-09-17 23:00:53 - [TEST_STEP][PASSED] - case "Draw":: null

2020-09-17 23:00:53 - [TEST_STEP][PASSED] - Uifunctions.logoutFDR(): Browser is closed

2020-09-17 23:00:54 - [MESSAGE][PASSED] - Browser is closed

2020-09-17 23:00:54 - [TEST_STEP][PASSED] - break: null

2020-09-17 23:00:54 - [TEST_STEP][PASSED] - Start listener action : addFailedTCToList: null]]></system-out>
         <system-err><![CDATA[]]></system-err>
      </testcase>
      <system-out><![CDATA[2020-09-17 22:59:59 - [TEST_SUITE][PASSED] - Draw-Integration_Suite: Test Cases/WEB-UI-TESTS/Draw/FDR-Voucher-Expenditure-Validation]]></system-out>
      <system-err><![CDATA[]]></system-err>
   </testsuite>
</testsuites>
