<?xml version="1.0" encoding="UTF-8"?>
<testsuites name="Receipt-Integration_Suite" time="1097.302" tests="19" failures="1" errors="0">
   <testsuite name="Receipt-Integration_Suite" tests="19" failures="1" errors="0" time="1097.302" timestamp="2020-09-18 11:32:34" hostname="nagesh.allu - DESKTOP-9VU7G8T.attlocal.net" id="Test Suites/Receipt-Integration_Suite">
      <properties>
         <property name="deviceName" value=""/>
         <property name="devicePlatform" value=""/>
         <property name="logFolder" value="C:\\fdr-automation-develop_08_25_2020\\Reports\\20200918_104208\\Receipt-Integration_Suite\\20200918_104209"/>
         <property name="logFiles" value="C:\\fdr-automation-develop_08_25_2020\\Reports\\20200918_104208\\Receipt-Integration_Suite\\20200918_104209\\execution0.log"/>
         <property name="attachments" value="C:\\fdr-automation-develop_08_25_2020\\Reports\\20200918_104208\\Receipt-Integration_Suite\\20200918_104209\\1600454313173.png, C:\\fdr-automation-develop_08_25_2020\\Reports\\20200918_104208\\Receipt-Integration_Suite\\20200918_104209\\1600454313491.png"/>
         <property name="hostName" value="nagesh.allu - DESKTOP-9VU7G8T.attlocal.net"/>
         <property name="os" value="Windows 10 64bit"/>
         <property name="katalonVersion" value="7.6.6.205"/>
         <property name="browser" value="Chrome 85.0.4183.102"/>
         <property name="hostAddress" value="192.168.1.188"/>
         <property name="sessionId" value="6f115afee322701b7441ad5d29192f0d"/>
         <property name="seleniumVersion" value="3.141.59"/>
         <property name="proxyInformation" value="ProxyInformation { proxyOption=NO_PROXY, proxyServerType=HTTP, username=, password=********, proxyServerAddress=, proxyServerPort=0, executionList=&quot;&quot;, isApplyToDesiredCapabilities=true }"/>
         <property name="platform" value="Windows 10"/>
      </properties>
      <testcase name="Test Cases/WEB-UI-TESTS/Receipt/FDR-Create-Receipt-Header" time="39.029" classname="Test Cases/WEB-UI-TESTS/Receipt/FDR-Create-Receipt-Header" status="PASSED">
         <system-out><![CDATA[2020-09-18 11:32:35 - [TEST_CASE][PASSED] - Test Cases/WEB-UI-TESTS/Receipt/FDR-Create-Receipt-Header: Test Cases/WEB-UI-TESTS/Receipt/FDR-Create-Receipt-Header

2020-09-18 11:32:35 - [TEST_STEP][PASSED] - Start listener action : sampleBeforeTestCase: Navigate to 'https://fdr-katalon.cammis-mod-dev.dhcs.ca.gov' successfully

2020-09-18 11:32:35 - [TEST_STEP][PASSED] - profileName = getExecutionProfile(): null

2020-09-18 11:32:35 - [TEST_STEP][PASSED] - switch (profileName): null

2020-09-18 11:32:35 - [TEST_STEP][PASSED] - testCaseId = testCaseContext.getTestCaseId(): null

2020-09-18 11:32:35 - [TEST_STEP][PASSED] - if (!(skipBeforeAndAfterTestCase)): Navigate to 'https://fdr-katalon.cammis-mod-dev.dhcs.ca.gov' successfully

2020-09-18 11:32:35 - [TEST_STEP][PASSED] - if (account7TestCases.contains(testCaseId)): null

2020-09-18 11:32:35 - [TEST_STEP][PASSED] - else if (account10TestCases.contains(testCaseId)): null

2020-09-18 11:32:35 - [TEST_STEP][PASSED] - else: Object: 'Object Repository/FDR-SignIn/SignInButton' is clicked on

2020-09-18 11:32:35 - [TEST_STEP][PASSED] - Uifunctions.loginFDR(accountsApprover, accountsApproverPwd): Object: 'Object Repository/FDR-SignIn/SignInButton' is clicked on

2020-09-18 11:32:35 - [MESSAGE][INFO] - Starting 'Chrome' driver

2020-09-18 11:32:35 - [MESSAGE][INFO] - Action delay is set to 0 milliseconds

2020-09-18 11:32:39 - [MESSAGE][PASSED] - Browser is opened with url: ''

2020-09-18 11:32:41 - [MESSAGE][PASSED] - Current window maximized

2020-09-18 11:32:42 - [MESSAGE][PASSED] - Navigate to 'https://fdr-katalon.cammis-mod-dev.dhcs.ca.gov' successfully

2020-09-18 11:32:43 - [MESSAGE][PASSED] - Object 'Object Repository/FDR-SignIn/SignInEmail' is present

2020-09-18 11:32:44 - [MESSAGE][PASSED] - Object: 'Object Repository/FDR-SignIn/SignInEmail' is clicked on

2020-09-18 11:32:44 - [MESSAGE][PASSED] - Object 'Object Repository/FDR-SignIn/SignInEmail' is present

2020-09-18 11:32:44 - [MESSAGE][PASSED] - Text 'fdr.test3@dhcs.ca.gov' is set on object 'Object Repository/FDR-SignIn/SignInEmail'

2020-09-18 11:32:45 - [MESSAGE][PASSED] - Object 'Object Repository/FDR-SignIn/SignInEmailNext' is visible

2020-09-18 11:32:45 - [MESSAGE][PASSED] - Object: 'Object Repository/FDR-SignIn/SignInEmailNext' is clicked on

2020-09-18 11:32:51 - [MESSAGE][PASSED] - Object 'Object Repository/FDR-SignIn/SignInEmailPassword' is visible

2020-09-18 11:32:52 - [MESSAGE][PASSED] - Object: 'Object Repository/FDR-SignIn/SignInEmailPassword' is clicked on

2020-09-18 11:32:52 - [MESSAGE][PASSED] - Text ****** has been set on object 'Object Repository/FDR-SignIn/SignInEmailPassword'

2020-09-18 11:32:54 - [MESSAGE][PASSED] - Object: 'Object Repository/FDR-SignIn/SignInButton' is clicked on

2020-09-18 11:32:54 - [TEST_STEP][PASSED] - navigateToUrl(URL): Navigate to 'https://fdr-katalon.cammis-mod-dev.dhcs.ca.gov' successfully

2020-09-18 11:32:54 - [MESSAGE][PASSED] - Navigate to 'https://fdr-katalon.cammis-mod-dev.dhcs.ca.gov' successfully

2020-09-18 11:32:54 - [TEST_STEP][PASSED] - Start listener action : beforeTestCase: null

2020-09-18 11:32:54 - [TEST_STEP][PASSED] - profileName = getExecutionProfile(): null

2020-09-18 11:32:54 - [TEST_STEP][PASSED] - if (profileName.equalsIgnoreCase("SysAdmin")): null

2020-09-18 11:32:54 - [TEST_STEP][PASSED] - Start listener action : sampleBeforeTestCase: null

2020-09-18 11:32:54 - [TEST_STEP][PASSED] - profileName = getExecutionProfile(): null

2020-09-18 11:32:54 - [TEST_STEP][PASSED] - testCaseId = testCaseContext.getTestCaseId(): null

2020-09-18 11:32:54 - [TEST_STEP][PASSED] - switch (profileName): null

2020-09-18 11:32:54 - [TEST_STEP][PASSED] - Default: null

2020-09-18 11:32:54 - [TEST_STEP][PASSED] - return null: null

2020-09-18 11:32:54 - [TEST_STEP][PASSED] - Start listener action : executeRows: null

2020-09-18 11:32:54 - [TEST_STEP][PASSED] - waitForElementPresent(findTestObject("FDR-Dashboard/createNewVoucherButton"), 4): Object 'Object Repository/FDR-Dashboard/createNewVoucherButton' is not present after 4 second(s)

2020-09-18 11:32:59 - [MESSAGE][INFO] - Unable to find the element located by 'By.xpath: //*[@data-id='button-link']//*[contains(text(),'Create New Voucher')]'. Please recheck the objects properties to make sure the desired element is located. 

2020-09-18 11:32:59 - [MESSAGE][WARNING] - Object 'Object Repository/FDR-Dashboard/createNewVoucherButton' is not present after 4 second(s)

2020-09-18 11:32:59 - [TEST_STEP][PASSED] - waitForElementPresent(findTestObject("FDR-Receipt/FDR-Receipt-Dashboard/createNew_ReceiptBatch_Button"), 3): Object 'Object Repository/FDR-Receipt/FDR-Receipt-Dashboard/createNew_ReceiptBatch_Button' is present

2020-09-18 11:33:00 - [MESSAGE][PASSED] - Object 'Object Repository/FDR-Receipt/FDR-Receipt-Dashboard/createNew_ReceiptBatch_Button' is present

2020-09-18 11:33:00 - [TEST_STEP][PASSED] - click(findTestObject("FDR-Receipt/FDR-Receipt-Dashboard/createNew_ReceiptBatch_Button")): Object: 'Object Repository/FDR-Receipt/FDR-Receipt-Dashboard/createNew_ReceiptBatch_Button' is clicked on

2020-09-18 11:33:00 - [MESSAGE][PASSED] - Object: 'Object Repository/FDR-Receipt/FDR-Receipt-Dashboard/createNew_ReceiptBatch_Button' is clicked on

2020-09-18 11:33:00 - [TEST_STEP][PASSED] - waitForElementPresent(findTestObject("FDR-Receipt/FDR-Receipt-Header/View/inputDrawDate"), 3): Object 'Object Repository/FDR-Receipt/FDR-Receipt-Header/View/inputDrawDate' is present

2020-09-18 11:33:01 - [MESSAGE][PASSED] - Object 'Object Repository/FDR-Receipt/FDR-Receipt-Header/View/inputDrawDate' is present

2020-09-18 11:33:01 - [TEST_STEP][PASSED] - setText(findTestObject("FDR-Receipt/FDR-Receipt-Header/View/inputDrawDate"), Drawdate): Text '09/30/2020' is set on object 'Object Repository/FDR-Receipt/FDR-Receipt-Header/View/inputDrawDate'

2020-09-18 11:33:02 - [MESSAGE][PASSED] - Text '09/30/2020' is set on object 'Object Repository/FDR-Receipt/FDR-Receipt-Header/View/inputDrawDate'

2020-09-18 11:33:02 - [TEST_STEP][PASSED] - waitForElementPresent(findTestObject("FDR-Receipt/FDR-Receipt-Header/Edit/payDate"), 3): Object 'Object Repository/FDR-Receipt/FDR-Receipt-Header/Edit/payDate' is present

2020-09-18 11:33:02 - [MESSAGE][PASSED] - Object 'Object Repository/FDR-Receipt/FDR-Receipt-Header/Edit/payDate' is present

2020-09-18 11:33:02 - [TEST_STEP][PASSED] - setText(findTestObject("FDR-Receipt/FDR-Receipt-Header/Edit/payDate"), Paydate): Text '10/02/2020' is set on object 'Object Repository/FDR-Receipt/FDR-Receipt-Header/Edit/payDate'

2020-09-18 11:33:03 - [MESSAGE][PASSED] - Text '10/02/2020' is set on object 'Object Repository/FDR-Receipt/FDR-Receipt-Header/Edit/payDate'

2020-09-18 11:33:03 - [TEST_STEP][PASSED] - waitForElementPresent(findTestObject("FDR-Receipt/FDR-Receipt-Header/View/deposit ID"), 10): Object 'Object Repository/FDR-Receipt/FDR-Receipt-Header/View/deposit ID' is present

2020-09-18 11:33:03 - [MESSAGE][PASSED] - Object 'Object Repository/FDR-Receipt/FDR-Receipt-Header/View/deposit ID' is present

2020-09-18 11:33:03 - [TEST_STEP][PASSED] - depositId = RandomStringUtils.randomNumeric(7): null

2020-09-18 11:33:03 - [TEST_STEP][PASSED] - setText(findTestObject("FDR-Receipt/FDR-Receipt-Header/View/deposit ID"), depositId): Text '1184183' is set on object 'Object Repository/FDR-Receipt/FDR-Receipt-Header/View/deposit ID'

2020-09-18 11:33:04 - [MESSAGE][PASSED] - Text '1184183' is set on object 'Object Repository/FDR-Receipt/FDR-Receipt-Header/View/deposit ID'

2020-09-18 11:33:04 - [TEST_STEP][PASSED] - waitForElementPresent(findTestObject("FDR-Receipt/FDR-ReceiptBatch/receiptNotes"), 10): Object 'Object Repository/FDR-Receipt/FDR-ReceiptBatch/receiptNotes' is present

2020-09-18 11:33:05 - [MESSAGE][PASSED] - Object 'Object Repository/FDR-Receipt/FDR-ReceiptBatch/receiptNotes' is present

2020-09-18 11:33:05 - [TEST_STEP][PASSED] - setText(findTestObject("FDR-Receipt/FDR-ReceiptBatch/receiptNotes"), Receiptnotes): Text 'rqewrq' is set on object 'Object Repository/FDR-Receipt/FDR-ReceiptBatch/receiptNotes'

2020-09-18 11:33:05 - [MESSAGE][PASSED] - Text 'rqewrq' is set on object 'Object Repository/FDR-Receipt/FDR-ReceiptBatch/receiptNotes'

2020-09-18 11:33:05 - [TEST_STEP][PASSED] - waitForElementPresent(findTestObject("FDR-Receipt/FDR-Receipt-Header/View/buttonNext"), 10): Object 'Object Repository/FDR-Receipt/FDR-Receipt-Header/View/buttonNext' is present

2020-09-18 11:33:06 - [MESSAGE][PASSED] - Object 'Object Repository/FDR-Receipt/FDR-Receipt-Header/View/buttonNext' is present

2020-09-18 11:33:06 - [TEST_STEP][PASSED] - click(findTestObject("FDR-Receipt/FDR-Receipt-Header/View/buttonNext")): Object: 'Object Repository/FDR-Receipt/FDR-Receipt-Header/View/buttonNext' is clicked on

2020-09-18 11:33:06 - [MESSAGE][PASSED] - Object: 'Object Repository/FDR-Receipt/FDR-Receipt-Header/View/buttonNext' is clicked on

2020-09-18 11:33:06 - [TEST_STEP][PASSED] - waitForElementPresent(findTestObject("FDR-Dashboard/createNewVoucherButton"), 4): Object 'Object Repository/FDR-Dashboard/createNewVoucherButton' is not present after 4 second(s)

2020-09-18 11:33:11 - [MESSAGE][INFO] - Unable to find the element located by 'By.xpath: //*[@data-id='button-link']//*[contains(text(),'Create New Voucher')]'. Please recheck the objects properties to make sure the desired element is located. 

2020-09-18 11:33:11 - [MESSAGE][WARNING] - Object 'Object Repository/FDR-Dashboard/createNewVoucherButton' is not present after 4 second(s)

2020-09-18 11:33:11 - [TEST_STEP][PASSED] - waitForElementPresent(findTestObject("FDR-Receipt/FDR-Receipt-Header/View/pDrawDate"), 2): Object 'Object Repository/FDR-Receipt/FDR-Receipt-Header/View/pDrawDate' is present

2020-09-18 11:33:12 - [MESSAGE][PASSED] - Object 'Object Repository/FDR-Receipt/FDR-Receipt-Header/View/pDrawDate' is present

2020-09-18 11:33:12 - [TEST_STEP][PASSED] - if (getText(findTestObject("FDR-Receipt/FDR-Receipt-Header/View/pDrawDate")) == findTestData("Receipt/FDR-ReceiptHeaderTestData").getValue(1, 1)): null

2020-09-18 11:33:12 - [MESSAGE][PASSED] - Text of object 'Object Repository/FDR-Receipt/FDR-Receipt-Header/View/pDrawDate' is: '09/30/2020'

2020-09-18 11:33:12 - [TEST_STEP][PASSED] - markPassed("Valid DrawDate"): Valid DrawDate

2020-09-18 11:33:12 - [MESSAGE][PASSED] - Valid DrawDate

2020-09-18 11:33:12 - [TEST_STEP][PASSED] - waitForElementPresent(findTestObject("FDR-Receipt/FDR-Receipt-Header/View/payDate"), 2): Object 'Object Repository/FDR-Receipt/FDR-Receipt-Header/View/payDate' is present

2020-09-18 11:33:12 - [MESSAGE][PASSED] - Object 'Object Repository/FDR-Receipt/FDR-Receipt-Header/View/payDate' is present

2020-09-18 11:33:12 - [TEST_STEP][PASSED] - if (getText(findTestObject("FDR-Receipt/FDR-Receipt-Header/View/payDate")) == findTestData("Receipt/FDR-ReceiptHeaderTestData").getValue(2, 1)): null

2020-09-18 11:33:12 - [MESSAGE][PASSED] - Text of object 'Object Repository/FDR-Receipt/FDR-Receipt-Header/View/payDate' is: '10/02/2020'

2020-09-18 11:33:12 - [TEST_STEP][PASSED] - markPassed("Valid PayDate"): Valid PayDate

2020-09-18 11:33:12 - [MESSAGE][PASSED] - Valid PayDate

2020-09-18 11:33:12 - [TEST_STEP][PASSED] - waitForElementPresent(findTestObject("FDR-Receipt/FDR-Receipt-Header/View/depositId"), 2): Object 'Object Repository/FDR-Receipt/FDR-Receipt-Header/View/depositId' is present

2020-09-18 11:33:13 - [MESSAGE][PASSED] - Object 'Object Repository/FDR-Receipt/FDR-Receipt-Header/View/depositId' is present

2020-09-18 11:33:13 - [TEST_STEP][PASSED] - if (getText(findTestObject("FDR-Receipt/FDR-Receipt-Header/View/depositId")) == depositId): null

2020-09-18 11:33:13 - [MESSAGE][PASSED] - Text of object 'Object Repository/FDR-Receipt/FDR-Receipt-Header/View/depositId' is: '1184183'

2020-09-18 11:33:13 - [TEST_STEP][PASSED] - markPassed("Valid DepositId"): Valid DepositId

2020-09-18 11:33:13 - [MESSAGE][PASSED] - Valid DepositId

2020-09-18 11:33:13 - [TEST_STEP][PASSED] - closeBrowser(CONTINUE_ON_FAILURE): Browser is closed

2020-09-18 11:33:14 - [MESSAGE][PASSED] - Browser is closed

2020-09-18 11:33:14 - [TEST_STEP][PASSED] - Start listener action : sampleAfterTestCase: Browser is closed

2020-09-18 11:33:14 - [TEST_STEP][PASSED] - profileName = getExecutionProfile(): null

2020-09-18 11:33:14 - [TEST_STEP][PASSED] - switch (profileName): null

2020-09-18 11:33:14 - [TEST_STEP][PASSED] - if (!(skipBeforeAndAfterTestCase)): Browser is closed

2020-09-18 11:33:14 - [TEST_STEP][PASSED] - Uifunctions.logoutFDR(): Browser is closed

2020-09-18 11:33:14 - [MESSAGE][PASSED] - Browser is closed

2020-09-18 11:33:14 - [TEST_STEP][PASSED] - Start listener action : afterTestCase: null

2020-09-18 11:33:14 - [TEST_STEP][PASSED] - profileName = getExecutionProfile(): null

2020-09-18 11:33:14 - [TEST_STEP][PASSED] - if (profileName.equalsIgnoreCase("SysAdmin")): null

2020-09-18 11:33:14 - [TEST_STEP][PASSED] - Start listener action : sampleAfterTestCase: null

2020-09-18 11:33:14 - [TEST_STEP][PASSED] - profileName = getExecutionProfile(): null

2020-09-18 11:33:14 - [TEST_STEP][PASSED] - switch (profileName): null

2020-09-18 11:33:14 - [TEST_STEP][PASSED] - Default: null

2020-09-18 11:33:14 - [TEST_STEP][PASSED] - return null: null

2020-09-18 11:33:14 - [TEST_STEP][PASSED] - Start listener action : addFailedTCToList: null]]></system-out>
         <system-err><![CDATA[]]></system-err>
      </testcase>
      <testcase name="Test Cases/WEB-UI-TESTS/Receipt/FDR-Display-Receipt-Header" time="32.808" classname="Test Cases/WEB-UI-TESTS/Receipt/FDR-Display-Receipt-Header" status="PASSED">
         <system-out><![CDATA[2020-09-18 11:33:14 - [TEST_CASE][PASSED] - Test Cases/WEB-UI-TESTS/Receipt/FDR-Display-Receipt-Header: Test Cases/WEB-UI-TESTS/Receipt/FDR-Display-Receipt-Header

2020-09-18 11:33:14 - [TEST_STEP][PASSED] - Start listener action : sampleBeforeTestCase: Navigate to 'https://fdr-katalon.cammis-mod-dev.dhcs.ca.gov' successfully

2020-09-18 11:33:14 - [TEST_STEP][PASSED] - profileName = getExecutionProfile(): null

2020-09-18 11:33:14 - [TEST_STEP][PASSED] - switch (profileName): null

2020-09-18 11:33:14 - [TEST_STEP][PASSED] - testCaseId = testCaseContext.getTestCaseId(): null

2020-09-18 11:33:14 - [TEST_STEP][PASSED] - if (!(skipBeforeAndAfterTestCase)): Navigate to 'https://fdr-katalon.cammis-mod-dev.dhcs.ca.gov' successfully

2020-09-18 11:33:14 - [TEST_STEP][PASSED] - if (account7TestCases.contains(testCaseId)): null

2020-09-18 11:33:14 - [TEST_STEP][PASSED] - else if (account10TestCases.contains(testCaseId)): null

2020-09-18 11:33:14 - [TEST_STEP][PASSED] - else: Object: 'Object Repository/FDR-SignIn/SignInButton' is clicked on

2020-09-18 11:33:14 - [TEST_STEP][PASSED] - Uifunctions.loginFDR(accountsApprover, accountsApproverPwd): Object: 'Object Repository/FDR-SignIn/SignInButton' is clicked on

2020-09-18 11:33:14 - [MESSAGE][INFO] - Starting 'Chrome' driver

2020-09-18 11:33:14 - [MESSAGE][INFO] - Action delay is set to 0 milliseconds

2020-09-18 11:33:17 - [MESSAGE][PASSED] - Browser is opened with url: ''

2020-09-18 11:33:19 - [MESSAGE][PASSED] - Current window maximized

2020-09-18 11:33:20 - [MESSAGE][PASSED] - Navigate to 'https://fdr-katalon.cammis-mod-dev.dhcs.ca.gov' successfully

2020-09-18 11:33:21 - [MESSAGE][PASSED] - Object 'Object Repository/FDR-SignIn/SignInEmail' is present

2020-09-18 11:33:22 - [MESSAGE][PASSED] - Object: 'Object Repository/FDR-SignIn/SignInEmail' is clicked on

2020-09-18 11:33:22 - [MESSAGE][PASSED] - Object 'Object Repository/FDR-SignIn/SignInEmail' is present

2020-09-18 11:33:22 - [MESSAGE][PASSED] - Text 'fdr.test3@dhcs.ca.gov' is set on object 'Object Repository/FDR-SignIn/SignInEmail'

2020-09-18 11:33:23 - [MESSAGE][PASSED] - Object 'Object Repository/FDR-SignIn/SignInEmailNext' is visible

2020-09-18 11:33:23 - [MESSAGE][PASSED] - Object: 'Object Repository/FDR-SignIn/SignInEmailNext' is clicked on

2020-09-18 11:33:26 - [MESSAGE][PASSED] - Object 'Object Repository/FDR-SignIn/SignInEmailPassword' is visible

2020-09-18 11:33:26 - [MESSAGE][PASSED] - Object: 'Object Repository/FDR-SignIn/SignInEmailPassword' is clicked on

2020-09-18 11:33:27 - [MESSAGE][PASSED] - Text ****** has been set on object 'Object Repository/FDR-SignIn/SignInEmailPassword'

2020-09-18 11:33:28 - [MESSAGE][PASSED] - Object: 'Object Repository/FDR-SignIn/SignInButton' is clicked on

2020-09-18 11:33:28 - [TEST_STEP][PASSED] - navigateToUrl(URL): Navigate to 'https://fdr-katalon.cammis-mod-dev.dhcs.ca.gov' successfully

2020-09-18 11:33:29 - [MESSAGE][PASSED] - Navigate to 'https://fdr-katalon.cammis-mod-dev.dhcs.ca.gov' successfully

2020-09-18 11:33:29 - [TEST_STEP][PASSED] - Start listener action : beforeTestCase: null

2020-09-18 11:33:29 - [TEST_STEP][PASSED] - profileName = getExecutionProfile(): null

2020-09-18 11:33:29 - [TEST_STEP][PASSED] - if (profileName.equalsIgnoreCase("SysAdmin")): null

2020-09-18 11:33:29 - [TEST_STEP][PASSED] - Start listener action : sampleBeforeTestCase: null

2020-09-18 11:33:29 - [TEST_STEP][PASSED] - profileName = getExecutionProfile(): null

2020-09-18 11:33:29 - [TEST_STEP][PASSED] - testCaseId = testCaseContext.getTestCaseId(): null

2020-09-18 11:33:29 - [TEST_STEP][PASSED] - switch (profileName): null

2020-09-18 11:33:29 - [TEST_STEP][PASSED] - Default: null

2020-09-18 11:33:29 - [TEST_STEP][PASSED] - return null: null

2020-09-18 11:33:29 - [TEST_STEP][PASSED] - Start listener action : executeRows: null

2020-09-18 11:33:29 - [TEST_STEP][PASSED] - newDepositId = RandomStringUtils.randomNumeric(7): null

2020-09-18 11:33:29 - [TEST_STEP][PASSED] - editors.createReceipt(Drawdate, Paydate, newDepositId, Receiptnotes): Object: 'Object Repository/FDR-Receipt/FDR-Receipt-Header/View/buttonNext' is clicked on

2020-09-18 11:33:34 - [MESSAGE][INFO] - Unable to find the element located by 'By.xpath: //*[@data-id='button-link']//*[contains(text(),'Create New Voucher')]'. Please recheck the objects properties to make sure the desired element is located. 

2020-09-18 11:33:34 - [MESSAGE][WARNING] - Object 'Object Repository/FDR-Dashboard/createNewVoucherButton' is not present after 4 second(s)

2020-09-18 11:33:35 - [MESSAGE][PASSED] - Object 'Object Repository/FDR-Receipt/FDR-Receipt-Dashboard/createNew_ReceiptBatch_Button' is present

2020-09-18 11:33:35 - [MESSAGE][PASSED] - Object: 'Object Repository/FDR-Receipt/FDR-Receipt-Dashboard/createNew_ReceiptBatch_Button' is clicked on

2020-09-18 11:33:35 - [MESSAGE][PASSED] - Object 'Object Repository/FDR-Receipt/FDR-Receipt-Header/View/inputDrawDate' is present

2020-09-18 11:33:37 - [MESSAGE][PASSED] - Text '09/30/2020' is set on object 'Object Repository/FDR-Receipt/FDR-Receipt-Header/View/inputDrawDate'

2020-09-18 11:33:37 - [MESSAGE][PASSED] - Keys 'TAB + ENTER + ENTER + ' sent to object: 'Object Repository/FDR-Receipt/FDR-Receipt-Header/View/inputDrawDate'

2020-09-18 11:33:38 - [MESSAGE][PASSED] - Object 'Object Repository/FDR-Receipt/FDR-Receipt-Header/Edit/payDate' is present

2020-09-18 11:33:39 - [MESSAGE][PASSED] - Text '10/02/2020' is set on object 'Object Repository/FDR-Receipt/FDR-Receipt-Header/Edit/payDate'

2020-09-18 11:33:39 - [MESSAGE][PASSED] - Object 'Object Repository/FDR-Receipt/FDR-Receipt-Header/View/deposit ID' is present

2020-09-18 11:33:40 - [MESSAGE][PASSED] - Text '0256344' is set on object 'Object Repository/FDR-Receipt/FDR-Receipt-Header/View/deposit ID'

2020-09-18 11:33:40 - [MESSAGE][PASSED] - Object 'Object Repository/FDR-Receipt/FDR-ReceiptBatch/receiptNotes' is present

2020-09-18 11:33:41 - [MESSAGE][PASSED] - Text 'rqewrq' is set on object 'Object Repository/FDR-Receipt/FDR-ReceiptBatch/receiptNotes'

2020-09-18 11:33:42 - [MESSAGE][PASSED] - Object 'Object Repository/FDR-Receipt/FDR-Receipt-Header/Edit/remmitanceAdviceInput' is present

2020-09-18 11:33:42 - [MESSAGE][PASSED] - Keys '' sent to object: 'Object Repository/FDR-Receipt/FDR-Receipt-Header/Edit/remmitanceAdviceInput'

2020-09-18 11:33:42 - [MESSAGE][PASSED] - Object 'Object Repository/FDR-Receipt/FDR-Receipt-Header/Edit/controllerReceiptInput' is present

2020-09-18 11:33:43 - [MESSAGE][PASSED] - Keys '' sent to object: 'Object Repository/FDR-Receipt/FDR-Receipt-Header/Edit/controllerReceiptInput'

2020-09-18 11:33:43 - [MESSAGE][PASSED] - Object 'Object Repository/FDR-Receipt/FDR-Receipt-Header/View/buttonNext' is present

2020-09-18 11:33:44 - [MESSAGE][PASSED] - Object: 'Object Repository/FDR-Receipt/FDR-Receipt-Header/View/buttonNext' is clicked on

2020-09-18 11:33:44 - [TEST_STEP][PASSED] - waitForElementPresent(findTestObject("FDR-Receipt/FDR-Receipt-Header/View/depositId"), 10): Object 'Object Repository/FDR-Receipt/FDR-Receipt-Header/View/depositId' is present

2020-09-18 11:33:44 - [MESSAGE][PASSED] - Object 'Object Repository/FDR-Receipt/FDR-Receipt-Header/View/depositId' is present

2020-09-18 11:33:44 - [TEST_STEP][PASSED] - depositId = getText(findTestObject("FDR-Receipt/FDR-Receipt-Header/View/depositId")): Text of object 'Object Repository/FDR-Receipt/FDR-Receipt-Header/View/depositId' is: '0256344'

2020-09-18 11:33:45 - [MESSAGE][PASSED] - Text of object 'Object Repository/FDR-Receipt/FDR-Receipt-Header/View/depositId' is: '0256344'

2020-09-18 11:33:45 - [TEST_STEP][PASSED] - waitForElementPresent(findTestObject("FDR-Receipt/FDR-Receipt-Header/View/pDrawDate"), 2): Object 'Object Repository/FDR-Receipt/FDR-Receipt-Header/View/pDrawDate' is present

2020-09-18 11:33:45 - [MESSAGE][PASSED] - Object 'Object Repository/FDR-Receipt/FDR-Receipt-Header/View/pDrawDate' is present

2020-09-18 11:33:45 - [TEST_STEP][PASSED] - drawDate = getText(findTestObject("FDR-Receipt/FDR-Receipt-Header/View/pDrawDate")): Text of object 'Object Repository/FDR-Receipt/FDR-Receipt-Header/View/pDrawDate' is: '09/30/2020'

2020-09-18 11:33:45 - [MESSAGE][PASSED] - Text of object 'Object Repository/FDR-Receipt/FDR-Receipt-Header/View/pDrawDate' is: '09/30/2020'

2020-09-18 11:33:45 - [TEST_STEP][PASSED] - waitForElementPresent(findTestObject("FDR-Receipt/FDR-Receipt-Header/View/payDate"), 2): Object 'Object Repository/FDR-Receipt/FDR-Receipt-Header/View/payDate' is present

2020-09-18 11:33:45 - [MESSAGE][PASSED] - Object 'Object Repository/FDR-Receipt/FDR-Receipt-Header/View/payDate' is present

2020-09-18 11:33:45 - [TEST_STEP][PASSED] - payDate = getText(findTestObject("FDR-Receipt/FDR-Receipt-Header/View/payDate")): Text of object 'Object Repository/FDR-Receipt/FDR-Receipt-Header/View/payDate' is: '10/02/2020'

2020-09-18 11:33:46 - [MESSAGE][PASSED] - Text of object 'Object Repository/FDR-Receipt/FDR-Receipt-Header/View/payDate' is: '10/02/2020'

2020-09-18 11:33:46 - [TEST_STEP][PASSED] - println(" DepositId  " + depositId + "  DrawDate  " + drawDate + "  Paydate  " + payDate): null

2020-09-18 11:33:46 - [TEST_STEP][PASSED] - closeBrowser(CONTINUE_ON_FAILURE): Browser is closed

2020-09-18 11:33:46 - [MESSAGE][PASSED] - Browser is closed

2020-09-18 11:33:46 - [TEST_STEP][PASSED] - Start listener action : sampleAfterTestCase: Browser is closed

2020-09-18 11:33:46 - [TEST_STEP][PASSED] - profileName = getExecutionProfile(): null

2020-09-18 11:33:46 - [TEST_STEP][PASSED] - switch (profileName): null

2020-09-18 11:33:46 - [TEST_STEP][PASSED] - if (!(skipBeforeAndAfterTestCase)): Browser is closed

2020-09-18 11:33:46 - [TEST_STEP][PASSED] - Uifunctions.logoutFDR(): Browser is closed

2020-09-18 11:33:46 - [MESSAGE][PASSED] - Browser is closed

2020-09-18 11:33:46 - [TEST_STEP][PASSED] - Start listener action : afterTestCase: null

2020-09-18 11:33:46 - [TEST_STEP][PASSED] - profileName = getExecutionProfile(): null

2020-09-18 11:33:46 - [TEST_STEP][PASSED] - if (profileName.equalsIgnoreCase("SysAdmin")): null

2020-09-18 11:33:46 - [TEST_STEP][PASSED] - Start listener action : sampleAfterTestCase: null

2020-09-18 11:33:46 - [TEST_STEP][PASSED] - profileName = getExecutionProfile(): null

2020-09-18 11:33:46 - [TEST_STEP][PASSED] - switch (profileName): null

2020-09-18 11:33:46 - [TEST_STEP][PASSED] - Default: null

2020-09-18 11:33:46 - [TEST_STEP][PASSED] - return null: null

2020-09-18 11:33:46 - [TEST_STEP][PASSED] - Start listener action : addFailedTCToList: null]]></system-out>
         <system-err><![CDATA[]]></system-err>
      </testcase>
      <testcase name="Test Cases/WEB-UI-TESTS/Receipt/FDR-Edit-Receipt-Header" time="41.89" classname="Test Cases/WEB-UI-TESTS/Receipt/FDR-Edit-Receipt-Header" status="PASSED">
         <system-out><![CDATA[2020-09-18 11:33:46 - [TEST_CASE][PASSED] - Test Cases/WEB-UI-TESTS/Receipt/FDR-Edit-Receipt-Header: Test Cases/WEB-UI-TESTS/Receipt/FDR-Edit-Receipt-Header

2020-09-18 11:33:46 - [TEST_STEP][PASSED] - Start listener action : sampleBeforeTestCase: Navigate to 'https://fdr-katalon.cammis-mod-dev.dhcs.ca.gov' successfully

2020-09-18 11:33:46 - [TEST_STEP][PASSED] - profileName = getExecutionProfile(): null

2020-09-18 11:33:46 - [TEST_STEP][PASSED] - switch (profileName): null

2020-09-18 11:33:46 - [TEST_STEP][PASSED] - testCaseId = testCaseContext.getTestCaseId(): null

2020-09-18 11:33:46 - [TEST_STEP][PASSED] - if (!(skipBeforeAndAfterTestCase)): Navigate to 'https://fdr-katalon.cammis-mod-dev.dhcs.ca.gov' successfully

2020-09-18 11:33:46 - [TEST_STEP][PASSED] - if (account7TestCases.contains(testCaseId)): null

2020-09-18 11:33:46 - [TEST_STEP][PASSED] - else if (account10TestCases.contains(testCaseId)): null

2020-09-18 11:33:46 - [TEST_STEP][PASSED] - else: Object: 'Object Repository/FDR-SignIn/SignInButton' is clicked on

2020-09-18 11:33:46 - [TEST_STEP][PASSED] - Uifunctions.loginFDR(accountsApprover, accountsApproverPwd): Object: 'Object Repository/FDR-SignIn/SignInButton' is clicked on

2020-09-18 11:33:46 - [MESSAGE][INFO] - Starting 'Chrome' driver

2020-09-18 11:33:46 - [MESSAGE][INFO] - Action delay is set to 0 milliseconds

2020-09-18 11:33:49 - [MESSAGE][PASSED] - Browser is opened with url: ''

2020-09-18 11:33:52 - [MESSAGE][PASSED] - Current window maximized

2020-09-18 11:33:53 - [MESSAGE][PASSED] - Navigate to 'https://fdr-katalon.cammis-mod-dev.dhcs.ca.gov' successfully

2020-09-18 11:33:54 - [MESSAGE][PASSED] - Object 'Object Repository/FDR-SignIn/SignInEmail' is present

2020-09-18 11:33:54 - [MESSAGE][PASSED] - Object: 'Object Repository/FDR-SignIn/SignInEmail' is clicked on

2020-09-18 11:33:54 - [MESSAGE][PASSED] - Object 'Object Repository/FDR-SignIn/SignInEmail' is present

2020-09-18 11:33:55 - [MESSAGE][PASSED] - Text 'fdr.test3@dhcs.ca.gov' is set on object 'Object Repository/FDR-SignIn/SignInEmail'

2020-09-18 11:33:55 - [MESSAGE][PASSED] - Object 'Object Repository/FDR-SignIn/SignInEmailNext' is visible

2020-09-18 11:33:56 - [MESSAGE][PASSED] - Object: 'Object Repository/FDR-SignIn/SignInEmailNext' is clicked on

2020-09-18 11:33:59 - [MESSAGE][PASSED] - Object 'Object Repository/FDR-SignIn/SignInEmailPassword' is visible

2020-09-18 11:33:59 - [MESSAGE][PASSED] - Object: 'Object Repository/FDR-SignIn/SignInEmailPassword' is clicked on

2020-09-18 11:33:59 - [MESSAGE][PASSED] - Text ****** has been set on object 'Object Repository/FDR-SignIn/SignInEmailPassword'

2020-09-18 11:34:01 - [MESSAGE][PASSED] - Object: 'Object Repository/FDR-SignIn/SignInButton' is clicked on

2020-09-18 11:34:01 - [TEST_STEP][PASSED] - navigateToUrl(URL): Navigate to 'https://fdr-katalon.cammis-mod-dev.dhcs.ca.gov' successfully

2020-09-18 11:34:02 - [MESSAGE][PASSED] - Navigate to 'https://fdr-katalon.cammis-mod-dev.dhcs.ca.gov' successfully

2020-09-18 11:34:02 - [TEST_STEP][PASSED] - Start listener action : beforeTestCase: null

2020-09-18 11:34:02 - [TEST_STEP][PASSED] - profileName = getExecutionProfile(): null

2020-09-18 11:34:02 - [TEST_STEP][PASSED] - if (profileName.equalsIgnoreCase("SysAdmin")): null

2020-09-18 11:34:02 - [TEST_STEP][PASSED] - Start listener action : sampleBeforeTestCase: null

2020-09-18 11:34:02 - [TEST_STEP][PASSED] - profileName = getExecutionProfile(): null

2020-09-18 11:34:02 - [TEST_STEP][PASSED] - testCaseId = testCaseContext.getTestCaseId(): null

2020-09-18 11:34:02 - [TEST_STEP][PASSED] - switch (profileName): null

2020-09-18 11:34:02 - [TEST_STEP][PASSED] - Default: null

2020-09-18 11:34:02 - [TEST_STEP][PASSED] - return null: null

2020-09-18 11:34:02 - [TEST_STEP][PASSED] - Start listener action : executeRows: null

2020-09-18 11:34:02 - [TEST_STEP][PASSED] - newDepositId = RandomStringUtils.randomNumeric(7): null

2020-09-18 11:34:02 - [TEST_STEP][PASSED] - newDepositId2 = RandomStringUtils.randomNumeric(7): null

2020-09-18 11:34:02 - [TEST_STEP][PASSED] - editors.createReceipt(Drawdate, Paydate, newDepositId, Receiptnotes): Object: 'Object Repository/FDR-Receipt/FDR-Receipt-Header/View/buttonNext' is clicked on

2020-09-18 11:34:07 - [MESSAGE][INFO] - Unable to find the element located by 'By.xpath: //*[@data-id='button-link']//*[contains(text(),'Create New Voucher')]'. Please recheck the objects properties to make sure the desired element is located. 

2020-09-18 11:34:07 - [MESSAGE][WARNING] - Object 'Object Repository/FDR-Dashboard/createNewVoucherButton' is not present after 4 second(s)

2020-09-18 11:34:07 - [MESSAGE][PASSED] - Object 'Object Repository/FDR-Receipt/FDR-Receipt-Dashboard/createNew_ReceiptBatch_Button' is present

2020-09-18 11:34:08 - [MESSAGE][PASSED] - Object: 'Object Repository/FDR-Receipt/FDR-Receipt-Dashboard/createNew_ReceiptBatch_Button' is clicked on

2020-09-18 11:34:08 - [MESSAGE][PASSED] - Object 'Object Repository/FDR-Receipt/FDR-Receipt-Header/View/inputDrawDate' is present

2020-09-18 11:34:10 - [MESSAGE][PASSED] - Text '09/30/2020' is set on object 'Object Repository/FDR-Receipt/FDR-Receipt-Header/View/inputDrawDate'

2020-09-18 11:34:10 - [MESSAGE][PASSED] - Keys 'TAB + ENTER + ENTER + ' sent to object: 'Object Repository/FDR-Receipt/FDR-Receipt-Header/View/inputDrawDate'

2020-09-18 11:34:11 - [MESSAGE][PASSED] - Object 'Object Repository/FDR-Receipt/FDR-Receipt-Header/Edit/payDate' is present

2020-09-18 11:34:12 - [MESSAGE][PASSED] - Text '10/02/2020' is set on object 'Object Repository/FDR-Receipt/FDR-Receipt-Header/Edit/payDate'

2020-09-18 11:34:12 - [MESSAGE][PASSED] - Object 'Object Repository/FDR-Receipt/FDR-Receipt-Header/View/deposit ID' is present

2020-09-18 11:34:13 - [MESSAGE][PASSED] - Text '3446166' is set on object 'Object Repository/FDR-Receipt/FDR-Receipt-Header/View/deposit ID'

2020-09-18 11:34:14 - [MESSAGE][PASSED] - Object 'Object Repository/FDR-Receipt/FDR-ReceiptBatch/receiptNotes' is present

2020-09-18 11:34:14 - [MESSAGE][PASSED] - Text 'rqewrq' is set on object 'Object Repository/FDR-Receipt/FDR-ReceiptBatch/receiptNotes'

2020-09-18 11:34:15 - [MESSAGE][PASSED] - Object 'Object Repository/FDR-Receipt/FDR-Receipt-Header/Edit/remmitanceAdviceInput' is present

2020-09-18 11:34:15 - [MESSAGE][PASSED] - Keys '' sent to object: 'Object Repository/FDR-Receipt/FDR-Receipt-Header/Edit/remmitanceAdviceInput'

2020-09-18 11:34:16 - [MESSAGE][PASSED] - Object 'Object Repository/FDR-Receipt/FDR-Receipt-Header/Edit/controllerReceiptInput' is present

2020-09-18 11:34:16 - [MESSAGE][PASSED] - Keys '' sent to object: 'Object Repository/FDR-Receipt/FDR-Receipt-Header/Edit/controllerReceiptInput'

2020-09-18 11:34:16 - [MESSAGE][PASSED] - Object 'Object Repository/FDR-Receipt/FDR-Receipt-Header/View/buttonNext' is present

2020-09-18 11:34:17 - [MESSAGE][PASSED] - Object: 'Object Repository/FDR-Receipt/FDR-Receipt-Header/View/buttonNext' is clicked on

2020-09-18 11:34:17 - [TEST_STEP][PASSED] - waitForElementPresent(findTestObject("FDR-Receipt/FDR-Receipt-Header/Edit/Mose_over"), 2): Object 'Object Repository/FDR-Receipt/FDR-Receipt-Header/Edit/Mose_over' is present

2020-09-18 11:34:18 - [MESSAGE][PASSED] - Object 'Object Repository/FDR-Receipt/FDR-Receipt-Header/Edit/Mose_over' is present

2020-09-18 11:34:18 - [TEST_STEP][PASSED] - click(findTestObject("FDR-Receipt/FDR-Receipt-Header/Edit/Mose_over")): Object: 'Object Repository/FDR-Receipt/FDR-Receipt-Header/Edit/Mose_over' is clicked on

2020-09-18 11:34:18 - [MESSAGE][PASSED] - Object: 'Object Repository/FDR-Receipt/FDR-Receipt-Header/Edit/Mose_over' is clicked on

2020-09-18 11:34:18 - [TEST_STEP][PASSED] - waitForElementPresent(findTestObject("FDR-Receipt/FDR-Receipt-Header/Edit/3dots_icon"), 2): Object 'Object Repository/FDR-Receipt/FDR-Receipt-Header/Edit/3dots_icon' is present

2020-09-18 11:34:18 - [MESSAGE][PASSED] - Object 'Object Repository/FDR-Receipt/FDR-Receipt-Header/Edit/3dots_icon' is present

2020-09-18 11:34:18 - [TEST_STEP][PASSED] - click(findTestObject("FDR-Receipt/FDR-Receipt-Header/Edit/3dots_icon"), STOP_ON_FAILURE): Object: 'Object Repository/FDR-Receipt/FDR-Receipt-Header/Edit/3dots_icon' is clicked on

2020-09-18 11:34:19 - [MESSAGE][PASSED] - Object: 'Object Repository/FDR-Receipt/FDR-Receipt-Header/Edit/3dots_icon' is clicked on

2020-09-18 11:34:19 - [TEST_STEP][PASSED] - click(findTestObject("FDR-Receipt/FDR-Receipt-Header/Edit/edit-Icon"), STOP_ON_FAILURE): Object: 'Object Repository/FDR-Receipt/FDR-Receipt-Header/Edit/edit-Icon' is clicked on

2020-09-18 11:34:20 - [MESSAGE][PASSED] - Object: 'Object Repository/FDR-Receipt/FDR-Receipt-Header/Edit/edit-Icon' is clicked on

2020-09-18 11:34:20 - [TEST_STEP][PASSED] - waitForElementPresent(findTestObject("FDR-Receipt/FDR-Receipt-Header/Edit/payDate"), 10): Object 'Object Repository/FDR-Receipt/FDR-Receipt-Header/Edit/payDate' is present

2020-09-18 11:34:20 - [MESSAGE][PASSED] - Object 'Object Repository/FDR-Receipt/FDR-Receipt-Header/Edit/payDate' is present

2020-09-18 11:34:20 - [TEST_STEP][PASSED] - sendKeys(findTestObject("FDR-Receipt/FDR-Receipt-Header/Edit/payDate"), Keys.chord(TAB, TAB)): Keys 'TAB + TAB + ' sent to object: 'Object Repository/FDR-Receipt/FDR-Receipt-Header/Edit/payDate'

2020-09-18 11:34:21 - [MESSAGE][PASSED] - Keys 'TAB + TAB + ' sent to object: 'Object Repository/FDR-Receipt/FDR-Receipt-Header/Edit/payDate'

2020-09-18 11:34:21 - [TEST_STEP][PASSED] - waitForElementPresent(findTestObject("FDR-Receipt/FDR-Receipt-Header/Edit/deposit_ID"), 5): Object 'Object Repository/FDR-Receipt/FDR-Receipt-Header/Edit/deposit_ID' is present

2020-09-18 11:34:21 - [MESSAGE][PASSED] - Object 'Object Repository/FDR-Receipt/FDR-Receipt-Header/Edit/deposit_ID' is present

2020-09-18 11:34:21 - [TEST_STEP][PASSED] - sendKeys(findTestObject("FDR-Receipt/FDR-Receipt-Header/Edit/deposit_ID"), Keys.chord(DELETE)): Keys 'DELETE + ' sent to object: 'Object Repository/FDR-Receipt/FDR-Receipt-Header/Edit/deposit_ID'

2020-09-18 11:34:22 - [MESSAGE][PASSED] - Keys 'DELETE + ' sent to object: 'Object Repository/FDR-Receipt/FDR-Receipt-Header/Edit/deposit_ID'

2020-09-18 11:34:22 - [TEST_STEP][PASSED] - sendKeys(findTestObject("FDR-Receipt/FDR-Receipt-Header/Edit/deposit_ID"), newDepositId2 + Keys.chord(TAB)): Keys 'TAB + 0145250' sent to object: 'Object Repository/FDR-Receipt/FDR-Receipt-Header/Edit/deposit_ID'

2020-09-18 11:34:22 - [MESSAGE][PASSED] - Keys 'TAB + 0145250' sent to object: 'Object Repository/FDR-Receipt/FDR-Receipt-Header/Edit/deposit_ID'

2020-09-18 11:34:22 - [TEST_STEP][PASSED] - waitForElementPresent(findTestObject("FDR-Receipt/FDR-Receipt-Header/Edit/receipt_Notes"), 5): Object 'Object Repository/FDR-Receipt/FDR-Receipt-Header/Edit/receipt_Notes' is present

2020-09-18 11:34:23 - [MESSAGE][PASSED] - Object 'Object Repository/FDR-Receipt/FDR-Receipt-Header/Edit/receipt_Notes' is present

2020-09-18 11:34:23 - [TEST_STEP][PASSED] - sendKeys(findTestObject("FDR-Receipt/FDR-Receipt-Header/Edit/receipt_Notes"), Keys.chord(DELETE)): Keys 'DELETE + ' sent to object: 'Object Repository/FDR-Receipt/FDR-Receipt-Header/Edit/receipt_Notes'

2020-09-18 11:34:23 - [MESSAGE][PASSED] - Keys 'DELETE + ' sent to object: 'Object Repository/FDR-Receipt/FDR-Receipt-Header/Edit/receipt_Notes'

2020-09-18 11:34:23 - [TEST_STEP][PASSED] - sendKeys(findTestObject("FDR-Receipt/FDR-Receipt-Header/Edit/receipt_Notes"), receiptnotes): Keys '123456' sent to object: 'Object Repository/FDR-Receipt/FDR-Receipt-Header/Edit/receipt_Notes'

2020-09-18 11:34:24 - [MESSAGE][PASSED] - Keys '123456' sent to object: 'Object Repository/FDR-Receipt/FDR-Receipt-Header/Edit/receipt_Notes'

2020-09-18 11:34:24 - [TEST_STEP][PASSED] - sendKeys(findTestObject("FDR-Receipt/FDR-Receipt-Header/Edit/receipt_Notes"), Keys.chord(TAB)): Keys 'TAB + ' sent to object: 'Object Repository/FDR-Receipt/FDR-Receipt-Header/Edit/receipt_Notes'

2020-09-18 11:34:24 - [MESSAGE][PASSED] - Keys 'TAB + ' sent to object: 'Object Repository/FDR-Receipt/FDR-Receipt-Header/Edit/receipt_Notes'

2020-09-18 11:34:24 - [TEST_STEP][PASSED] - waitForElementPresent(findTestObject("FDR-Receipt/FDR-Receipt-Header/Edit/next_Button"), 10): Object 'Object Repository/FDR-Receipt/FDR-Receipt-Header/Edit/next_Button' is present

2020-09-18 11:34:25 - [MESSAGE][PASSED] - Object 'Object Repository/FDR-Receipt/FDR-Receipt-Header/Edit/next_Button' is present

2020-09-18 11:34:25 - [TEST_STEP][PASSED] - click(findTestObject("FDR-Receipt/FDR-Receipt-Header/Edit/next_Button")): Object: 'Object Repository/FDR-Receipt/FDR-Receipt-Header/Edit/next_Button' is clicked on

2020-09-18 11:34:25 - [MESSAGE][PASSED] - Object: 'Object Repository/FDR-Receipt/FDR-Receipt-Header/Edit/next_Button' is clicked on

2020-09-18 11:34:25 - [TEST_STEP][PASSED] - waitForElementPresent(findTestObject("FDR-Receipt/FDR-Receipt-Header/Edit/Mose_over"), 2): Object 'Object Repository/FDR-Receipt/FDR-Receipt-Header/Edit/Mose_over' is present

2020-09-18 11:34:26 - [MESSAGE][PASSED] - Object 'Object Repository/FDR-Receipt/FDR-Receipt-Header/Edit/Mose_over' is present

2020-09-18 11:34:26 - [TEST_STEP][PASSED] - click(findTestObject("FDR-Receipt/FDR-Receipt-Header/Edit/Mose_over")): Object: 'Object Repository/FDR-Receipt/FDR-Receipt-Header/Edit/Mose_over' is clicked on

2020-09-18 11:34:26 - [MESSAGE][PASSED] - Object: 'Object Repository/FDR-Receipt/FDR-Receipt-Header/Edit/Mose_over' is clicked on

2020-09-18 11:34:26 - [TEST_STEP][PASSED] - waitForElementPresent(findTestObject("FDR-Receipt/FDR-Receipt-Header/View/depositId"), 2): Object 'Object Repository/FDR-Receipt/FDR-Receipt-Header/View/depositId' is present

2020-09-18 11:34:27 - [MESSAGE][PASSED] - Object 'Object Repository/FDR-Receipt/FDR-Receipt-Header/View/depositId' is present

2020-09-18 11:34:27 - [TEST_STEP][PASSED] - if (getText(findTestObject("FDR-Receipt/FDR-Receipt-Header/View/depositId")) == newDepositId2.toString()): Text of object 'Object Repository/FDR-Receipt/FDR-Receipt-Header/View/depositId' is: '3446166'

2020-09-18 11:34:27 - [MESSAGE][PASSED] - Text of object 'Object Repository/FDR-Receipt/FDR-Receipt-Header/View/depositId' is: '3446166'

2020-09-18 11:34:27 - [TEST_STEP][PASSED] - else: null

2020-09-18 11:34:27 - [TEST_STEP][PASSED] - OPTIONAL: null

2020-09-18 11:34:27 - [TEST_STEP][PASSED] - waitForElementPresent(findTestObject("FDR-Receipt/FDR-Receipt-Header/View/receiptsNotes"), 2): Object 'Object Repository/FDR-Receipt/FDR-Receipt-Header/View/receiptsNotes' is present

2020-09-18 11:34:27 - [MESSAGE][PASSED] - Object 'Object Repository/FDR-Receipt/FDR-Receipt-Header/View/receiptsNotes' is present

2020-09-18 11:34:27 - [TEST_STEP][PASSED] - if (getText(findTestObject("FDR-Receipt/FDR-Receipt-Header/View/receiptsNotes")) == receiptnotes): Text of object 'Object Repository/FDR-Receipt/FDR-Receipt-Header/View/receiptsNotes' is: 'rqewrq'

2020-09-18 11:34:28 - [MESSAGE][PASSED] - Text of object 'Object Repository/FDR-Receipt/FDR-Receipt-Header/View/receiptsNotes' is: 'rqewrq'

2020-09-18 11:34:28 - [TEST_STEP][PASSED] - else: null

2020-09-18 11:34:28 - [TEST_STEP][PASSED] - OPTIONAL: null

2020-09-18 11:34:28 - [TEST_STEP][PASSED] - closeBrowser(CONTINUE_ON_FAILURE): Browser is closed

2020-09-18 11:34:28 - [MESSAGE][PASSED] - Browser is closed

2020-09-18 11:34:28 - [TEST_STEP][PASSED] - Start listener action : sampleAfterTestCase: Browser is closed

2020-09-18 11:34:28 - [TEST_STEP][PASSED] - profileName = getExecutionProfile(): null

2020-09-18 11:34:28 - [TEST_STEP][PASSED] - switch (profileName): null

2020-09-18 11:34:28 - [TEST_STEP][PASSED] - if (!(skipBeforeAndAfterTestCase)): Browser is closed

2020-09-18 11:34:28 - [TEST_STEP][PASSED] - Uifunctions.logoutFDR(): Browser is closed

2020-09-18 11:34:28 - [MESSAGE][PASSED] - Browser is closed

2020-09-18 11:34:28 - [TEST_STEP][PASSED] - Start listener action : afterTestCase: null

2020-09-18 11:34:28 - [TEST_STEP][PASSED] - profileName = getExecutionProfile(): null

2020-09-18 11:34:28 - [TEST_STEP][PASSED] - if (profileName.equalsIgnoreCase("SysAdmin")): null

2020-09-18 11:34:28 - [TEST_STEP][PASSED] - Start listener action : sampleAfterTestCase: null

2020-09-18 11:34:28 - [TEST_STEP][PASSED] - profileName = getExecutionProfile(): null

2020-09-18 11:34:28 - [TEST_STEP][PASSED] - switch (profileName): null

2020-09-18 11:34:28 - [TEST_STEP][PASSED] - Default: null

2020-09-18 11:34:28 - [TEST_STEP][PASSED] - return null: null

2020-09-18 11:34:28 - [TEST_STEP][PASSED] - Start listener action : addFailedTCToList: null]]></system-out>
         <system-err><![CDATA[]]></system-err>
      </testcase>
      <testcase name="Test Cases/WEB-UI-TESTS/Receipt/FDR-Create-Receipt-CheckLine" time="40.437" classname="Test Cases/WEB-UI-TESTS/Receipt/FDR-Create-Receipt-CheckLine" status="PASSED">
         <system-out><![CDATA[2020-09-18 11:34:28 - [TEST_CASE][PASSED] - Test Cases/WEB-UI-TESTS/Receipt/FDR-Create-Receipt-CheckLine: Test Cases/WEB-UI-TESTS/Receipt/FDR-Create-Receipt-CheckLine

2020-09-18 11:34:28 - [TEST_STEP][PASSED] - Start listener action : sampleBeforeTestCase: Navigate to 'https://fdr-katalon.cammis-mod-dev.dhcs.ca.gov' successfully

2020-09-18 11:34:28 - [TEST_STEP][PASSED] - profileName = getExecutionProfile(): null

2020-09-18 11:34:28 - [TEST_STEP][PASSED] - switch (profileName): null

2020-09-18 11:34:28 - [TEST_STEP][PASSED] - testCaseId = testCaseContext.getTestCaseId(): null

2020-09-18 11:34:28 - [TEST_STEP][PASSED] - if (!(skipBeforeAndAfterTestCase)): Navigate to 'https://fdr-katalon.cammis-mod-dev.dhcs.ca.gov' successfully

2020-09-18 11:34:28 - [TEST_STEP][PASSED] - if (account7TestCases.contains(testCaseId)): null

2020-09-18 11:34:28 - [TEST_STEP][PASSED] - else if (account10TestCases.contains(testCaseId)): null

2020-09-18 11:34:28 - [TEST_STEP][PASSED] - else: Object: 'Object Repository/FDR-SignIn/SignInButton' is clicked on

2020-09-18 11:34:28 - [TEST_STEP][PASSED] - Uifunctions.loginFDR(accountsApprover, accountsApproverPwd): Object: 'Object Repository/FDR-SignIn/SignInButton' is clicked on

2020-09-18 11:34:28 - [MESSAGE][INFO] - Starting 'Chrome' driver

2020-09-18 11:34:28 - [MESSAGE][INFO] - Action delay is set to 0 milliseconds

2020-09-18 11:34:31 - [MESSAGE][PASSED] - Browser is opened with url: ''

2020-09-18 11:34:34 - [MESSAGE][PASSED] - Current window maximized

2020-09-18 11:34:35 - [MESSAGE][PASSED] - Navigate to 'https://fdr-katalon.cammis-mod-dev.dhcs.ca.gov' successfully

2020-09-18 11:34:36 - [MESSAGE][PASSED] - Object 'Object Repository/FDR-SignIn/SignInEmail' is present

2020-09-18 11:34:36 - [MESSAGE][PASSED] - Object: 'Object Repository/FDR-SignIn/SignInEmail' is clicked on

2020-09-18 11:34:37 - [MESSAGE][PASSED] - Object 'Object Repository/FDR-SignIn/SignInEmail' is present

2020-09-18 11:34:37 - [MESSAGE][PASSED] - Text 'fdr.test3@dhcs.ca.gov' is set on object 'Object Repository/FDR-SignIn/SignInEmail'

2020-09-18 11:34:37 - [MESSAGE][PASSED] - Object 'Object Repository/FDR-SignIn/SignInEmailNext' is visible

2020-09-18 11:34:38 - [MESSAGE][PASSED] - Object: 'Object Repository/FDR-SignIn/SignInEmailNext' is clicked on

2020-09-18 11:34:41 - [MESSAGE][PASSED] - Object 'Object Repository/FDR-SignIn/SignInEmailPassword' is visible

2020-09-18 11:34:41 - [MESSAGE][PASSED] - Object: 'Object Repository/FDR-SignIn/SignInEmailPassword' is clicked on

2020-09-18 11:34:41 - [MESSAGE][PASSED] - Text ****** has been set on object 'Object Repository/FDR-SignIn/SignInEmailPassword'

2020-09-18 11:34:43 - [MESSAGE][PASSED] - Object: 'Object Repository/FDR-SignIn/SignInButton' is clicked on

2020-09-18 11:34:43 - [TEST_STEP][PASSED] - navigateToUrl(URL): Navigate to 'https://fdr-katalon.cammis-mod-dev.dhcs.ca.gov' successfully

2020-09-18 11:34:44 - [MESSAGE][PASSED] - Navigate to 'https://fdr-katalon.cammis-mod-dev.dhcs.ca.gov' successfully

2020-09-18 11:34:44 - [TEST_STEP][PASSED] - Start listener action : beforeTestCase: null

2020-09-18 11:34:44 - [TEST_STEP][PASSED] - profileName = getExecutionProfile(): null

2020-09-18 11:34:44 - [TEST_STEP][PASSED] - if (profileName.equalsIgnoreCase("SysAdmin")): null

2020-09-18 11:34:44 - [TEST_STEP][PASSED] - Start listener action : sampleBeforeTestCase: null

2020-09-18 11:34:44 - [TEST_STEP][PASSED] - profileName = getExecutionProfile(): null

2020-09-18 11:34:44 - [TEST_STEP][PASSED] - testCaseId = testCaseContext.getTestCaseId(): null

2020-09-18 11:34:44 - [TEST_STEP][PASSED] - switch (profileName): null

2020-09-18 11:34:44 - [TEST_STEP][PASSED] - Default: null

2020-09-18 11:34:44 - [TEST_STEP][PASSED] - return null: null

2020-09-18 11:34:44 - [TEST_STEP][PASSED] - Start listener action : executeRows: null

2020-09-18 11:34:44 - [TEST_STEP][PASSED] - newDepositId = RandomStringUtils.randomNumeric(7): null

2020-09-18 11:34:44 - [TEST_STEP][PASSED] - editors.createReceipt(Drawdate, Paydate, newDepositId, Receiptnotes): Object: 'Object Repository/FDR-Receipt/FDR-Receipt-Header/View/buttonNext' is clicked on

2020-09-18 11:34:49 - [MESSAGE][INFO] - Unable to find the element located by 'By.xpath: //*[@data-id='button-link']//*[contains(text(),'Create New Voucher')]'. Please recheck the objects properties to make sure the desired element is located. 

2020-09-18 11:34:49 - [MESSAGE][WARNING] - Object 'Object Repository/FDR-Dashboard/createNewVoucherButton' is not present after 4 second(s)

2020-09-18 11:34:49 - [MESSAGE][PASSED] - Object 'Object Repository/FDR-Receipt/FDR-Receipt-Dashboard/createNew_ReceiptBatch_Button' is present

2020-09-18 11:34:50 - [MESSAGE][PASSED] - Object: 'Object Repository/FDR-Receipt/FDR-Receipt-Dashboard/createNew_ReceiptBatch_Button' is clicked on

2020-09-18 11:34:50 - [MESSAGE][PASSED] - Object 'Object Repository/FDR-Receipt/FDR-Receipt-Header/View/inputDrawDate' is present

2020-09-18 11:34:51 - [MESSAGE][PASSED] - Text '09/30/2020' is set on object 'Object Repository/FDR-Receipt/FDR-Receipt-Header/View/inputDrawDate'

2020-09-18 11:34:52 - [MESSAGE][PASSED] - Keys 'TAB + ENTER + ENTER + ' sent to object: 'Object Repository/FDR-Receipt/FDR-Receipt-Header/View/inputDrawDate'

2020-09-18 11:34:53 - [MESSAGE][PASSED] - Object 'Object Repository/FDR-Receipt/FDR-Receipt-Header/Edit/payDate' is present

2020-09-18 11:34:53 - [MESSAGE][PASSED] - Text '10/02/2020' is set on object 'Object Repository/FDR-Receipt/FDR-Receipt-Header/Edit/payDate'

2020-09-18 11:34:54 - [MESSAGE][PASSED] - Object 'Object Repository/FDR-Receipt/FDR-Receipt-Header/View/deposit ID' is present

2020-09-18 11:34:55 - [MESSAGE][PASSED] - Text '5763056' is set on object 'Object Repository/FDR-Receipt/FDR-Receipt-Header/View/deposit ID'

2020-09-18 11:34:55 - [MESSAGE][PASSED] - Object 'Object Repository/FDR-Receipt/FDR-ReceiptBatch/receiptNotes' is present

2020-09-18 11:34:56 - [MESSAGE][PASSED] - Text 'rqewrq' is set on object 'Object Repository/FDR-Receipt/FDR-ReceiptBatch/receiptNotes'

2020-09-18 11:34:56 - [MESSAGE][PASSED] - Object 'Object Repository/FDR-Receipt/FDR-Receipt-Header/Edit/remmitanceAdviceInput' is present

2020-09-18 11:34:57 - [MESSAGE][PASSED] - Keys '' sent to object: 'Object Repository/FDR-Receipt/FDR-Receipt-Header/Edit/remmitanceAdviceInput'

2020-09-18 11:34:57 - [MESSAGE][PASSED] - Object 'Object Repository/FDR-Receipt/FDR-Receipt-Header/Edit/controllerReceiptInput' is present

2020-09-18 11:34:57 - [MESSAGE][PASSED] - Keys '' sent to object: 'Object Repository/FDR-Receipt/FDR-Receipt-Header/Edit/controllerReceiptInput'

2020-09-18 11:34:58 - [MESSAGE][PASSED] - Object 'Object Repository/FDR-Receipt/FDR-Receipt-Header/View/buttonNext' is present

2020-09-18 11:34:58 - [MESSAGE][PASSED] - Object: 'Object Repository/FDR-Receipt/FDR-Receipt-Header/View/buttonNext' is clicked on

2020-09-18 11:34:58 - [TEST_STEP][PASSED] - editors.createReceiptline(ReceiptID, SupplierID, DepositDate): Object: 'Object Repository/FDR-Receipt/FDR-Receipt-Checkline/View/addReceipt_Button2' is clicked on

2020-09-18 11:34:59 - [MESSAGE][PASSED] - Object 'Object Repository/FDR-Receipt/FDR-Receipt-Checkline/View/receipt_ID' is present

2020-09-18 11:34:59 - [MESSAGE][PASSED] - Keys 'CHK10322' sent to object: 'Object Repository/FDR-Receipt/FDR-Receipt-Checkline/View/receipt_ID'

2020-09-18 11:35:00 - [MESSAGE][PASSED] - Object 'Object Repository/FDR-Receipt/FDR-Receipt-Checkline/View/supplier_Id' is present

2020-09-18 11:35:00 - [MESSAGE][PASSED] - Object: 'Object Repository/FDR-Receipt/FDR-Receipt-Checkline/View/supplier_Id' is clicked on

2020-09-18 11:35:01 - [MESSAGE][PASSED] - Keys '0000007954' sent to object: 'Object Repository/FDR-Receipt/FDR-Receipt-Checkline/View/supplier_Id'

2020-09-18 11:35:01 - [MESSAGE][PASSED] - Keys 'DOWN + ENTER + ' sent to object: 'Object Repository/FDR-Receipt/FDR-Receipt-Checkline/View/supplier_Id'

2020-09-18 11:35:02 - [MESSAGE][PASSED] - Object 'Object Repository/FDR-Receipt/FDR-Receipt-Checkline/View/deposit_Date' is present

2020-09-18 11:35:02 - [MESSAGE][PASSED] - Keys '02/24/2020' sent to object: 'Object Repository/FDR-Receipt/FDR-Receipt-Checkline/View/deposit_Date'

2020-09-18 11:35:08 - [MESSAGE][INFO] - Unable to find the element located by 'By.xpath: //*[@data-id='button-link']//*[contains(text(),'Create New Voucher')]'. Please recheck the objects properties to make sure the desired element is located. 

2020-09-18 11:35:08 - [MESSAGE][WARNING] - Object 'Object Repository/FDR-Dashboard/createNewVoucherButton' is not present after 4 second(s)

2020-09-18 11:35:08 - [MESSAGE][PASSED] - Object 'Object Repository/FDR-Receipt/FDR-Receipt-Checkline/View/addReceipt_Button2' is present

2020-09-18 11:35:08 - [MESSAGE][PASSED] - Object: 'Object Repository/FDR-Receipt/FDR-Receipt-Checkline/View/addReceipt_Button2' is clicked on

2020-09-18 11:35:08 - [TEST_STEP][PASSED] - Start listener action : sampleAfterTestCase: Browser is closed

2020-09-18 11:35:08 - [TEST_STEP][PASSED] - profileName = getExecutionProfile(): null

2020-09-18 11:35:08 - [TEST_STEP][PASSED] - switch (profileName): null

2020-09-18 11:35:08 - [TEST_STEP][PASSED] - if (!(skipBeforeAndAfterTestCase)): Browser is closed

2020-09-18 11:35:08 - [TEST_STEP][PASSED] - Uifunctions.logoutFDR(): Browser is closed

2020-09-18 11:35:09 - [MESSAGE][PASSED] - Browser is closed

2020-09-18 11:35:09 - [TEST_STEP][PASSED] - Start listener action : afterTestCase: null

2020-09-18 11:35:09 - [TEST_STEP][PASSED] - profileName = getExecutionProfile(): null

2020-09-18 11:35:09 - [TEST_STEP][PASSED] - if (profileName.equalsIgnoreCase("SysAdmin")): null

2020-09-18 11:35:09 - [TEST_STEP][PASSED] - Start listener action : sampleAfterTestCase: null

2020-09-18 11:35:09 - [TEST_STEP][PASSED] - profileName = getExecutionProfile(): null

2020-09-18 11:35:09 - [TEST_STEP][PASSED] - switch (profileName): null

2020-09-18 11:35:09 - [TEST_STEP][PASSED] - Default: null

2020-09-18 11:35:09 - [TEST_STEP][PASSED] - return null: null

2020-09-18 11:35:09 - [TEST_STEP][PASSED] - Start listener action : addFailedTCToList: null]]></system-out>
         <system-err><![CDATA[]]></system-err>
      </testcase>
      <testcase name="Test Cases/WEB-UI-TESTS/Receipt/FDR-Edit-Receipt_Line" time="50.333" classname="Test Cases/WEB-UI-TESTS/Receipt/FDR-Edit-Receipt_Line" status="PASSED">
         <system-out><![CDATA[2020-09-18 11:35:09 - [TEST_CASE][PASSED] - Test Cases/WEB-UI-TESTS/Receipt/FDR-Edit-Receipt_Line: Test Cases/WEB-UI-TESTS/Receipt/FDR-Edit-Receipt_Line

2020-09-18 11:35:09 - [TEST_STEP][PASSED] - Start listener action : sampleBeforeTestCase: Navigate to 'https://fdr-katalon.cammis-mod-dev.dhcs.ca.gov' successfully

2020-09-18 11:35:09 - [TEST_STEP][PASSED] - profileName = getExecutionProfile(): null

2020-09-18 11:35:09 - [TEST_STEP][PASSED] - switch (profileName): null

2020-09-18 11:35:09 - [TEST_STEP][PASSED] - testCaseId = testCaseContext.getTestCaseId(): null

2020-09-18 11:35:09 - [TEST_STEP][PASSED] - if (!(skipBeforeAndAfterTestCase)): Navigate to 'https://fdr-katalon.cammis-mod-dev.dhcs.ca.gov' successfully

2020-09-18 11:35:09 - [TEST_STEP][PASSED] - if (account7TestCases.contains(testCaseId)): null

2020-09-18 11:35:09 - [TEST_STEP][PASSED] - else if (account10TestCases.contains(testCaseId)): null

2020-09-18 11:35:09 - [TEST_STEP][PASSED] - else: Object: 'Object Repository/FDR-SignIn/SignInButton' is clicked on

2020-09-18 11:35:09 - [TEST_STEP][PASSED] - Uifunctions.loginFDR(accountsApprover, accountsApproverPwd): Object: 'Object Repository/FDR-SignIn/SignInButton' is clicked on

2020-09-18 11:35:09 - [MESSAGE][INFO] - Starting 'Chrome' driver

2020-09-18 11:35:09 - [MESSAGE][INFO] - Action delay is set to 0 milliseconds

2020-09-18 11:35:12 - [MESSAGE][PASSED] - Browser is opened with url: ''

2020-09-18 11:35:14 - [MESSAGE][PASSED] - Current window maximized

2020-09-18 11:35:15 - [MESSAGE][PASSED] - Navigate to 'https://fdr-katalon.cammis-mod-dev.dhcs.ca.gov' successfully

2020-09-18 11:35:16 - [MESSAGE][PASSED] - Object 'Object Repository/FDR-SignIn/SignInEmail' is present

2020-09-18 11:35:17 - [MESSAGE][PASSED] - Object: 'Object Repository/FDR-SignIn/SignInEmail' is clicked on

2020-09-18 11:35:17 - [MESSAGE][PASSED] - Object 'Object Repository/FDR-SignIn/SignInEmail' is present

2020-09-18 11:35:18 - [MESSAGE][PASSED] - Text 'fdr.test3@dhcs.ca.gov' is set on object 'Object Repository/FDR-SignIn/SignInEmail'

2020-09-18 11:35:18 - [MESSAGE][PASSED] - Object 'Object Repository/FDR-SignIn/SignInEmailNext' is visible

2020-09-18 11:35:18 - [MESSAGE][PASSED] - Object: 'Object Repository/FDR-SignIn/SignInEmailNext' is clicked on

2020-09-18 11:35:21 - [MESSAGE][PASSED] - Object 'Object Repository/FDR-SignIn/SignInEmailPassword' is visible

2020-09-18 11:35:22 - [MESSAGE][PASSED] - Object: 'Object Repository/FDR-SignIn/SignInEmailPassword' is clicked on

2020-09-18 11:35:22 - [MESSAGE][PASSED] - Text ****** has been set on object 'Object Repository/FDR-SignIn/SignInEmailPassword'

2020-09-18 11:35:23 - [MESSAGE][PASSED] - Object: 'Object Repository/FDR-SignIn/SignInButton' is clicked on

2020-09-18 11:35:23 - [TEST_STEP][PASSED] - navigateToUrl(URL): Navigate to 'https://fdr-katalon.cammis-mod-dev.dhcs.ca.gov' successfully

2020-09-18 11:35:24 - [MESSAGE][PASSED] - Navigate to 'https://fdr-katalon.cammis-mod-dev.dhcs.ca.gov' successfully

2020-09-18 11:35:24 - [TEST_STEP][PASSED] - Start listener action : beforeTestCase: null

2020-09-18 11:35:24 - [TEST_STEP][PASSED] - profileName = getExecutionProfile(): null

2020-09-18 11:35:24 - [TEST_STEP][PASSED] - if (profileName.equalsIgnoreCase("SysAdmin")): null

2020-09-18 11:35:24 - [TEST_STEP][PASSED] - Start listener action : sampleBeforeTestCase: null

2020-09-18 11:35:24 - [TEST_STEP][PASSED] - profileName = getExecutionProfile(): null

2020-09-18 11:35:24 - [TEST_STEP][PASSED] - testCaseId = testCaseContext.getTestCaseId(): null

2020-09-18 11:35:24 - [TEST_STEP][PASSED] - switch (profileName): null

2020-09-18 11:35:24 - [TEST_STEP][PASSED] - Default: null

2020-09-18 11:35:24 - [TEST_STEP][PASSED] - return null: null

2020-09-18 11:35:24 - [TEST_STEP][PASSED] - Start listener action : executeRows: null

2020-09-18 11:35:24 - [TEST_STEP][PASSED] - newDepositId = RandomStringUtils.randomNumeric(7): null

2020-09-18 11:35:24 - [TEST_STEP][PASSED] - editors.createReceipt(Drawdate, Paydate, newDepositId, Receiptnotes): Object: 'Object Repository/FDR-Receipt/FDR-Receipt-Header/View/buttonNext' is clicked on

2020-09-18 11:35:29 - [MESSAGE][INFO] - Unable to find the element located by 'By.xpath: //*[@data-id='button-link']//*[contains(text(),'Create New Voucher')]'. Please recheck the objects properties to make sure the desired element is located. 

2020-09-18 11:35:29 - [MESSAGE][WARNING] - Object 'Object Repository/FDR-Dashboard/createNewVoucherButton' is not present after 4 second(s)

2020-09-18 11:35:29 - [MESSAGE][PASSED] - Object 'Object Repository/FDR-Receipt/FDR-Receipt-Dashboard/createNew_ReceiptBatch_Button' is present

2020-09-18 11:35:30 - [MESSAGE][PASSED] - Object: 'Object Repository/FDR-Receipt/FDR-Receipt-Dashboard/createNew_ReceiptBatch_Button' is clicked on

2020-09-18 11:35:30 - [MESSAGE][PASSED] - Object 'Object Repository/FDR-Receipt/FDR-Receipt-Header/View/inputDrawDate' is present

2020-09-18 11:35:31 - [MESSAGE][PASSED] - Text '09/30/2020' is set on object 'Object Repository/FDR-Receipt/FDR-Receipt-Header/View/inputDrawDate'

2020-09-18 11:35:32 - [MESSAGE][PASSED] - Keys 'TAB + ENTER + ENTER + ' sent to object: 'Object Repository/FDR-Receipt/FDR-Receipt-Header/View/inputDrawDate'

2020-09-18 11:35:33 - [MESSAGE][PASSED] - Object 'Object Repository/FDR-Receipt/FDR-Receipt-Header/Edit/payDate' is present

2020-09-18 11:35:34 - [MESSAGE][PASSED] - Text '10/02/2020' is set on object 'Object Repository/FDR-Receipt/FDR-Receipt-Header/Edit/payDate'

2020-09-18 11:35:34 - [MESSAGE][PASSED] - Object 'Object Repository/FDR-Receipt/FDR-Receipt-Header/View/deposit ID' is present

2020-09-18 11:35:35 - [MESSAGE][PASSED] - Text '1912237' is set on object 'Object Repository/FDR-Receipt/FDR-Receipt-Header/View/deposit ID'

2020-09-18 11:35:36 - [MESSAGE][PASSED] - Object 'Object Repository/FDR-Receipt/FDR-ReceiptBatch/receiptNotes' is present

2020-09-18 11:35:36 - [MESSAGE][PASSED] - Text 'rqewrq' is set on object 'Object Repository/FDR-Receipt/FDR-ReceiptBatch/receiptNotes'

2020-09-18 11:35:37 - [MESSAGE][PASSED] - Object 'Object Repository/FDR-Receipt/FDR-Receipt-Header/Edit/remmitanceAdviceInput' is present

2020-09-18 11:35:37 - [MESSAGE][PASSED] - Keys '' sent to object: 'Object Repository/FDR-Receipt/FDR-Receipt-Header/Edit/remmitanceAdviceInput'

2020-09-18 11:35:38 - [MESSAGE][PASSED] - Object 'Object Repository/FDR-Receipt/FDR-Receipt-Header/Edit/controllerReceiptInput' is present

2020-09-18 11:35:38 - [MESSAGE][PASSED] - Keys '' sent to object: 'Object Repository/FDR-Receipt/FDR-Receipt-Header/Edit/controllerReceiptInput'

2020-09-18 11:35:38 - [MESSAGE][PASSED] - Object 'Object Repository/FDR-Receipt/FDR-Receipt-Header/View/buttonNext' is present

2020-09-18 11:35:39 - [MESSAGE][PASSED] - Object: 'Object Repository/FDR-Receipt/FDR-Receipt-Header/View/buttonNext' is clicked on

2020-09-18 11:35:39 - [TEST_STEP][PASSED] - editors.createReceiptline(ReceiptID, SupplierID, DepositDate): Object: 'Object Repository/FDR-Receipt/FDR-Receipt-Checkline/View/addReceipt_Button2' is clicked on

2020-09-18 11:35:40 - [MESSAGE][PASSED] - Object 'Object Repository/FDR-Receipt/FDR-Receipt-Checkline/View/receipt_ID' is present

2020-09-18 11:35:40 - [MESSAGE][PASSED] - Keys 'CHK10322' sent to object: 'Object Repository/FDR-Receipt/FDR-Receipt-Checkline/View/receipt_ID'

2020-09-18 11:35:41 - [MESSAGE][PASSED] - Object 'Object Repository/FDR-Receipt/FDR-Receipt-Checkline/View/supplier_Id' is present

2020-09-18 11:35:41 - [MESSAGE][PASSED] - Object: 'Object Repository/FDR-Receipt/FDR-Receipt-Checkline/View/supplier_Id' is clicked on

2020-09-18 11:35:42 - [MESSAGE][PASSED] - Keys '0000007954' sent to object: 'Object Repository/FDR-Receipt/FDR-Receipt-Checkline/View/supplier_Id'

2020-09-18 11:35:42 - [MESSAGE][PASSED] - Keys 'DOWN + ENTER + ' sent to object: 'Object Repository/FDR-Receipt/FDR-Receipt-Checkline/View/supplier_Id'

2020-09-18 11:35:43 - [MESSAGE][PASSED] - Object 'Object Repository/FDR-Receipt/FDR-Receipt-Checkline/View/deposit_Date' is present

2020-09-18 11:35:43 - [MESSAGE][PASSED] - Keys '02/24/2020' sent to object: 'Object Repository/FDR-Receipt/FDR-Receipt-Checkline/View/deposit_Date'

2020-09-18 11:35:48 - [MESSAGE][INFO] - Unable to find the element located by 'By.xpath: //*[@data-id='button-link']//*[contains(text(),'Create New Voucher')]'. Please recheck the objects properties to make sure the desired element is located. 

2020-09-18 11:35:48 - [MESSAGE][WARNING] - Object 'Object Repository/FDR-Dashboard/createNewVoucherButton' is not present after 4 second(s)

2020-09-18 11:35:49 - [MESSAGE][PASSED] - Object 'Object Repository/FDR-Receipt/FDR-Receipt-Checkline/View/addReceipt_Button2' is present

2020-09-18 11:35:49 - [MESSAGE][PASSED] - Object: 'Object Repository/FDR-Receipt/FDR-Receipt-Checkline/View/addReceipt_Button2' is clicked on

2020-09-18 11:35:49 - [TEST_STEP][PASSED] - waitForElementPresent(findTestObject("FDR-Dashboard/createNewVoucherButton"), 4): Object 'Object Repository/FDR-Dashboard/createNewVoucherButton' is not present after 4 second(s)

2020-09-18 11:35:54 - [MESSAGE][INFO] - Unable to find the element located by 'By.xpath: //*[@data-id='button-link']//*[contains(text(),'Create New Voucher')]'. Please recheck the objects properties to make sure the desired element is located. 

2020-09-18 11:35:54 - [MESSAGE][WARNING] - Object 'Object Repository/FDR-Dashboard/createNewVoucherButton' is not present after 4 second(s)

2020-09-18 11:35:54 - [TEST_STEP][PASSED] - waitForElementPresent(findTestObject("FDR-Receipt/FDR-Receipt-Header/Edit/3dots_icon"), 4): Object 'Object Repository/FDR-Receipt/FDR-Receipt-Header/Edit/3dots_icon' is present

2020-09-18 11:35:54 - [MESSAGE][PASSED] - Object 'Object Repository/FDR-Receipt/FDR-Receipt-Header/Edit/3dots_icon' is present

2020-09-18 11:35:54 - [TEST_STEP][PASSED] - click(findTestObject("FDR-Receipt/FDR-Receipt-Checkline/Edit/3dots_Icon")): Object: 'Object Repository/FDR-Receipt/FDR-Receipt-Checkline/Edit/3dots_Icon' is clicked on

2020-09-18 11:35:55 - [MESSAGE][PASSED] - Object: 'Object Repository/FDR-Receipt/FDR-Receipt-Checkline/Edit/3dots_Icon' is clicked on

2020-09-18 11:35:55 - [TEST_STEP][PASSED] - click(findTestObject("FDR-Receipt/FDR-Receipt-Checkline/Edit/li_Edit")): Object: 'Object Repository/FDR-Receipt/FDR-Receipt-Checkline/Edit/li_Edit' is clicked on

2020-09-18 11:35:55 - [MESSAGE][PASSED] - Object: 'Object Repository/FDR-Receipt/FDR-Receipt-Checkline/Edit/li_Edit' is clicked on

2020-09-18 11:35:55 - [TEST_STEP][PASSED] - waitForElementPresent(findTestObject("FDR-Receipt/FDR-Receipt-Checkline/View/receipt_ID"), 10): Object 'Object Repository/FDR-Receipt/FDR-Receipt-Checkline/View/receipt_ID' is present

2020-09-18 11:35:56 - [MESSAGE][PASSED] - Object 'Object Repository/FDR-Receipt/FDR-Receipt-Checkline/View/receipt_ID' is present

2020-09-18 11:35:56 - [TEST_STEP][PASSED] - click(findTestObject("FDR-Receipt/FDR-Receipt-Checkline/View/receipt_ID")): Object: 'Object Repository/FDR-Receipt/FDR-Receipt-Checkline/View/receipt_ID' is clicked on

2020-09-18 11:35:56 - [MESSAGE][PASSED] - Object: 'Object Repository/FDR-Receipt/FDR-Receipt-Checkline/View/receipt_ID' is clicked on

2020-09-18 11:35:56 - [TEST_STEP][PASSED] - Uifunctions.clearElementText(findTestObject("FDR-Receipt/FDR-Receipt-Checkline/View/receipt_ID")): Execute JavaScript 'arguments[0].value='';' successfully

2020-09-18 11:35:56 - [MESSAGE][PASSED] - Execute JavaScript 'arguments[0].value='';' successfully

2020-09-18 11:35:56 - [TEST_STEP][PASSED] - elementri = findWebElement(findTestObject("FDR-Receipt/FDR-Receipt-Checkline/View/receipt_ID"), 30): null

2020-09-18 11:35:57 - [TEST_STEP][PASSED] - elementri.clear(): null

2020-09-18 11:35:57 - [TEST_STEP][PASSED] - sendKeys(findTestObject("FDR-Receipt/FDR-Receipt-Checkline/View/receipt_ID"), ReceiptId): Keys 'CHK10322' sent to object: 'Object Repository/FDR-Receipt/FDR-Receipt-Checkline/View/receipt_ID'

2020-09-18 11:35:57 - [MESSAGE][PASSED] - Keys 'CHK10322' sent to object: 'Object Repository/FDR-Receipt/FDR-Receipt-Checkline/View/receipt_ID'

2020-09-18 11:35:57 - [TEST_STEP][PASSED] - waitForElementPresent(findTestObject("FDR-Receipt/FDR-Receipt-Checkline/Edit/button_Save"), 30): Object 'Object Repository/FDR-Receipt/FDR-Receipt-Checkline/Edit/button_Save' is present

2020-09-18 11:35:58 - [MESSAGE][PASSED] - Object 'Object Repository/FDR-Receipt/FDR-Receipt-Checkline/Edit/button_Save' is present

2020-09-18 11:35:58 - [TEST_STEP][PASSED] - click(findTestObject("FDR-Receipt/FDR-Receipt-Checkline/Edit/button_Save")): Object: 'Object Repository/FDR-Receipt/FDR-Receipt-Checkline/Edit/button_Save' is clicked on

2020-09-18 11:35:58 - [MESSAGE][PASSED] - Object: 'Object Repository/FDR-Receipt/FDR-Receipt-Checkline/Edit/button_Save' is clicked on

2020-09-18 11:35:58 - [TEST_STEP][PASSED] - if (getText(findTestObject("FDR-Receipt/FDR-Receipt-Checkline/View/receiptId_Added")) == findTestData("Receipt/FDR-EditCheckLineTestData").getValue(1, 1)): null

2020-09-18 11:35:59 - [MESSAGE][PASSED] - Text of object 'Object Repository/FDR-Receipt/FDR-Receipt-Checkline/View/receiptId_Added' is: 'CHK10322'

2020-09-18 11:35:59 - [TEST_STEP][PASSED] - markPassed("ReceiptId updated successfully"): ReceiptId updated successfully

2020-09-18 11:35:59 - [MESSAGE][PASSED] - ReceiptId updated successfully

2020-09-18 11:35:59 - [TEST_STEP][PASSED] - Start listener action : sampleAfterTestCase: Browser is closed

2020-09-18 11:35:59 - [TEST_STEP][PASSED] - profileName = getExecutionProfile(): null

2020-09-18 11:35:59 - [TEST_STEP][PASSED] - switch (profileName): null

2020-09-18 11:35:59 - [TEST_STEP][PASSED] - if (!(skipBeforeAndAfterTestCase)): Browser is closed

2020-09-18 11:35:59 - [TEST_STEP][PASSED] - Uifunctions.logoutFDR(): Browser is closed

2020-09-18 11:35:59 - [MESSAGE][PASSED] - Browser is closed

2020-09-18 11:35:59 - [TEST_STEP][PASSED] - Start listener action : afterTestCase: null

2020-09-18 11:35:59 - [TEST_STEP][PASSED] - profileName = getExecutionProfile(): null

2020-09-18 11:35:59 - [TEST_STEP][PASSED] - if (profileName.equalsIgnoreCase("SysAdmin")): null

2020-09-18 11:35:59 - [TEST_STEP][PASSED] - Start listener action : sampleAfterTestCase: null

2020-09-18 11:35:59 - [TEST_STEP][PASSED] - profileName = getExecutionProfile(): null

2020-09-18 11:35:59 - [TEST_STEP][PASSED] - switch (profileName): null

2020-09-18 11:35:59 - [TEST_STEP][PASSED] - Default: null

2020-09-18 11:35:59 - [TEST_STEP][PASSED] - return null: null

2020-09-18 11:35:59 - [TEST_STEP][PASSED] - Start listener action : addFailedTCToList: null]]></system-out>
         <system-err><![CDATA[]]></system-err>
      </testcase>
      <testcase name="Test Cases/WEB-UI-TESTS/Receipt/FDR-Delete-Undo-Receipt-Header" time="48.881" classname="Test Cases/WEB-UI-TESTS/Receipt/FDR-Delete-Undo-Receipt-Header" status="PASSED">
         <system-out><![CDATA[2020-09-18 11:35:59 - [TEST_CASE][PASSED] - Test Cases/WEB-UI-TESTS/Receipt/FDR-Delete-Undo-Receipt-Header: Test Cases/WEB-UI-TESTS/Receipt/FDR-Delete-Undo-Receipt-Header

2020-09-18 11:35:59 - [TEST_STEP][PASSED] - Start listener action : sampleBeforeTestCase: Navigate to 'https://fdr-katalon.cammis-mod-dev.dhcs.ca.gov' successfully

2020-09-18 11:35:59 - [TEST_STEP][PASSED] - profileName = getExecutionProfile(): null

2020-09-18 11:35:59 - [TEST_STEP][PASSED] - switch (profileName): null

2020-09-18 11:35:59 - [TEST_STEP][PASSED] - testCaseId = testCaseContext.getTestCaseId(): null

2020-09-18 11:35:59 - [TEST_STEP][PASSED] - if (!(skipBeforeAndAfterTestCase)): Navigate to 'https://fdr-katalon.cammis-mod-dev.dhcs.ca.gov' successfully

2020-09-18 11:35:59 - [TEST_STEP][PASSED] - if (account7TestCases.contains(testCaseId)): Object: 'Object Repository/FDR-SignIn/SignInButton' is clicked on

2020-09-18 11:35:59 - [TEST_STEP][PASSED] - Uifunctions.loginFDR(accountsAdmin, accountsAdminPwd): Object: 'Object Repository/FDR-SignIn/SignInButton' is clicked on

2020-09-18 11:35:59 - [MESSAGE][INFO] - Starting 'Chrome' driver

2020-09-18 11:35:59 - [MESSAGE][INFO] - Action delay is set to 0 milliseconds

2020-09-18 11:36:02 - [MESSAGE][PASSED] - Browser is opened with url: ''

2020-09-18 11:36:04 - [MESSAGE][PASSED] - Current window maximized

2020-09-18 11:36:06 - [MESSAGE][PASSED] - Navigate to 'https://fdr-katalon.cammis-mod-dev.dhcs.ca.gov' successfully

2020-09-18 11:36:07 - [MESSAGE][PASSED] - Object 'Object Repository/FDR-SignIn/SignInEmail' is present

2020-09-18 11:36:07 - [MESSAGE][PASSED] - Object: 'Object Repository/FDR-SignIn/SignInEmail' is clicked on

2020-09-18 11:36:07 - [MESSAGE][PASSED] - Object 'Object Repository/FDR-SignIn/SignInEmail' is present

2020-09-18 11:36:08 - [MESSAGE][PASSED] - Text 'fdr.test4@dhcs.ca.gov' is set on object 'Object Repository/FDR-SignIn/SignInEmail'

2020-09-18 11:36:08 - [MESSAGE][PASSED] - Object 'Object Repository/FDR-SignIn/SignInEmailNext' is visible

2020-09-18 11:36:09 - [MESSAGE][PASSED] - Object: 'Object Repository/FDR-SignIn/SignInEmailNext' is clicked on

2020-09-18 11:36:12 - [MESSAGE][PASSED] - Object 'Object Repository/FDR-SignIn/SignInEmailPassword' is visible

2020-09-18 11:36:12 - [MESSAGE][PASSED] - Object: 'Object Repository/FDR-SignIn/SignInEmailPassword' is clicked on

2020-09-18 11:36:13 - [MESSAGE][PASSED] - Text ****** has been set on object 'Object Repository/FDR-SignIn/SignInEmailPassword'

2020-09-18 11:36:14 - [MESSAGE][PASSED] - Object: 'Object Repository/FDR-SignIn/SignInButton' is clicked on

2020-09-18 11:36:14 - [TEST_STEP][PASSED] - navigateToUrl(URL): Navigate to 'https://fdr-katalon.cammis-mod-dev.dhcs.ca.gov' successfully

2020-09-18 11:36:15 - [MESSAGE][PASSED] - Navigate to 'https://fdr-katalon.cammis-mod-dev.dhcs.ca.gov' successfully

2020-09-18 11:36:15 - [TEST_STEP][PASSED] - Start listener action : beforeTestCase: null

2020-09-18 11:36:15 - [TEST_STEP][PASSED] - profileName = getExecutionProfile(): null

2020-09-18 11:36:15 - [TEST_STEP][PASSED] - if (profileName.equalsIgnoreCase("SysAdmin")): null

2020-09-18 11:36:15 - [TEST_STEP][PASSED] - Start listener action : sampleBeforeTestCase: null

2020-09-18 11:36:15 - [TEST_STEP][PASSED] - profileName = getExecutionProfile(): null

2020-09-18 11:36:15 - [TEST_STEP][PASSED] - testCaseId = testCaseContext.getTestCaseId(): null

2020-09-18 11:36:15 - [TEST_STEP][PASSED] - switch (profileName): null

2020-09-18 11:36:15 - [TEST_STEP][PASSED] - Default: null

2020-09-18 11:36:15 - [TEST_STEP][PASSED] - return null: null

2020-09-18 11:36:15 - [TEST_STEP][PASSED] - Start listener action : executeRows: null

2020-09-18 11:36:15 - [TEST_STEP][PASSED] - newDepositId = RandomStringUtils.randomNumeric(7): null

2020-09-18 11:36:15 - [TEST_STEP][PASSED] - editors.createReceipt(Drawdate, Paydate, newDepositId, Receiptnotes): Object: 'Object Repository/FDR-Receipt/FDR-Receipt-Header/View/buttonNext' is clicked on

2020-09-18 11:36:20 - [MESSAGE][INFO] - Unable to find the element located by 'By.xpath: //*[@data-id='button-link']//*[contains(text(),'Create New Voucher')]'. Please recheck the objects properties to make sure the desired element is located. 

2020-09-18 11:36:20 - [MESSAGE][WARNING] - Object 'Object Repository/FDR-Dashboard/createNewVoucherButton' is not present after 4 second(s)

2020-09-18 11:36:20 - [MESSAGE][PASSED] - Object 'Object Repository/FDR-Receipt/FDR-Receipt-Dashboard/createNew_ReceiptBatch_Button' is present

2020-09-18 11:36:21 - [MESSAGE][PASSED] - Object: 'Object Repository/FDR-Receipt/FDR-Receipt-Dashboard/createNew_ReceiptBatch_Button' is clicked on

2020-09-18 11:36:21 - [MESSAGE][PASSED] - Object 'Object Repository/FDR-Receipt/FDR-Receipt-Header/View/inputDrawDate' is present

2020-09-18 11:36:22 - [MESSAGE][PASSED] - Text '09/30/2020' is set on object 'Object Repository/FDR-Receipt/FDR-Receipt-Header/View/inputDrawDate'

2020-09-18 11:36:23 - [MESSAGE][PASSED] - Keys 'TAB + ENTER + ENTER + ' sent to object: 'Object Repository/FDR-Receipt/FDR-Receipt-Header/View/inputDrawDate'

2020-09-18 11:36:24 - [MESSAGE][PASSED] - Object 'Object Repository/FDR-Receipt/FDR-Receipt-Header/Edit/payDate' is present

2020-09-18 11:36:25 - [MESSAGE][PASSED] - Text '10/02/2020' is set on object 'Object Repository/FDR-Receipt/FDR-Receipt-Header/Edit/payDate'

2020-09-18 11:36:25 - [MESSAGE][PASSED] - Object 'Object Repository/FDR-Receipt/FDR-Receipt-Header/View/deposit ID' is present

2020-09-18 11:36:26 - [MESSAGE][PASSED] - Text '4608733' is set on object 'Object Repository/FDR-Receipt/FDR-Receipt-Header/View/deposit ID'

2020-09-18 11:36:26 - [MESSAGE][PASSED] - Object 'Object Repository/FDR-Receipt/FDR-ReceiptBatch/receiptNotes' is present

2020-09-18 11:36:27 - [MESSAGE][PASSED] - Text 'rqewrq' is set on object 'Object Repository/FDR-Receipt/FDR-ReceiptBatch/receiptNotes'

2020-09-18 11:36:28 - [MESSAGE][PASSED] - Object 'Object Repository/FDR-Receipt/FDR-Receipt-Header/Edit/remmitanceAdviceInput' is present

2020-09-18 11:36:28 - [MESSAGE][PASSED] - Keys '' sent to object: 'Object Repository/FDR-Receipt/FDR-Receipt-Header/Edit/remmitanceAdviceInput'

2020-09-18 11:36:28 - [MESSAGE][PASSED] - Object 'Object Repository/FDR-Receipt/FDR-Receipt-Header/Edit/controllerReceiptInput' is present

2020-09-18 11:36:29 - [MESSAGE][PASSED] - Keys '' sent to object: 'Object Repository/FDR-Receipt/FDR-Receipt-Header/Edit/controllerReceiptInput'

2020-09-18 11:36:29 - [MESSAGE][PASSED] - Object 'Object Repository/FDR-Receipt/FDR-Receipt-Header/View/buttonNext' is present

2020-09-18 11:36:30 - [MESSAGE][PASSED] - Object: 'Object Repository/FDR-Receipt/FDR-Receipt-Header/View/buttonNext' is clicked on

2020-09-18 11:36:30 - [TEST_STEP][PASSED] - editors.createReceiptline(ReceiptID, SupplierID, DepositDate): Object: 'Object Repository/FDR-Receipt/FDR-Receipt-Checkline/View/addReceipt_Button2' is clicked on

2020-09-18 11:36:31 - [MESSAGE][PASSED] - Object 'Object Repository/FDR-Receipt/FDR-Receipt-Checkline/View/receipt_ID' is present

2020-09-18 11:36:31 - [MESSAGE][PASSED] - Keys 'CHK10322' sent to object: 'Object Repository/FDR-Receipt/FDR-Receipt-Checkline/View/receipt_ID'

2020-09-18 11:36:31 - [MESSAGE][PASSED] - Object 'Object Repository/FDR-Receipt/FDR-Receipt-Checkline/View/supplier_Id' is present

2020-09-18 11:36:32 - [MESSAGE][PASSED] - Object: 'Object Repository/FDR-Receipt/FDR-Receipt-Checkline/View/supplier_Id' is clicked on

2020-09-18 11:36:32 - [MESSAGE][PASSED] - Keys '0000007954' sent to object: 'Object Repository/FDR-Receipt/FDR-Receipt-Checkline/View/supplier_Id'

2020-09-18 11:36:33 - [MESSAGE][PASSED] - Keys 'DOWN + ENTER + ' sent to object: 'Object Repository/FDR-Receipt/FDR-Receipt-Checkline/View/supplier_Id'

2020-09-18 11:36:33 - [MESSAGE][PASSED] - Object 'Object Repository/FDR-Receipt/FDR-Receipt-Checkline/View/deposit_Date' is present

2020-09-18 11:36:34 - [MESSAGE][PASSED] - Keys '02/24/2020' sent to object: 'Object Repository/FDR-Receipt/FDR-Receipt-Checkline/View/deposit_Date'

2020-09-18 11:36:39 - [MESSAGE][INFO] - Unable to find the element located by 'By.xpath: //*[@data-id='button-link']//*[contains(text(),'Create New Voucher')]'. Please recheck the objects properties to make sure the desired element is located. 

2020-09-18 11:36:39 - [MESSAGE][WARNING] - Object 'Object Repository/FDR-Dashboard/createNewVoucherButton' is not present after 4 second(s)

2020-09-18 11:36:39 - [MESSAGE][PASSED] - Object 'Object Repository/FDR-Receipt/FDR-Receipt-Checkline/View/addReceipt_Button2' is present

2020-09-18 11:36:39 - [MESSAGE][PASSED] - Object: 'Object Repository/FDR-Receipt/FDR-Receipt-Checkline/View/addReceipt_Button2' is clicked on

2020-09-18 11:36:39 - [TEST_STEP][PASSED] - delay(2): Delayed 2 second(s)

2020-09-18 11:36:41 - [MESSAGE][PASSED] - Delayed 2 second(s)

2020-09-18 11:36:41 - [TEST_STEP][PASSED] - waitForElementPresent(findTestObject("FDR-Receipt/FDR-Receipt-Header/Delete/3dots_icon"), 2): Object 'Object Repository/FDR-Receipt/FDR-Receipt-Header/Delete/3dots_icon' is present

2020-09-18 11:36:42 - [MESSAGE][PASSED] - Object 'Object Repository/FDR-Receipt/FDR-Receipt-Header/Delete/3dots_icon' is present

2020-09-18 11:36:42 - [TEST_STEP][PASSED] - click(findTestObject("FDR-Receipt/FDR-Receipt-Header/Delete/3dots_icon")): Object: 'Object Repository/FDR-Receipt/FDR-Receipt-Header/Delete/3dots_icon' is clicked on

2020-09-18 11:36:42 - [MESSAGE][PASSED] - Object: 'Object Repository/FDR-Receipt/FDR-Receipt-Header/Delete/3dots_icon' is clicked on

2020-09-18 11:36:42 - [TEST_STEP][PASSED] - waitForElementPresent(findTestObject("FDR-Receipt/FDR-Receipt-Header/Delete/deleteHeader"), 2): Object 'Object Repository/FDR-Receipt/FDR-Receipt-Header/Delete/deleteHeader' is present

2020-09-18 11:36:43 - [MESSAGE][PASSED] - Object 'Object Repository/FDR-Receipt/FDR-Receipt-Header/Delete/deleteHeader' is present

2020-09-18 11:36:43 - [TEST_STEP][PASSED] - click(findTestObject("FDR-Receipt/FDR-Receipt-Header/Delete/deleteHeader")): Object: 'Object Repository/FDR-Receipt/FDR-Receipt-Header/Delete/deleteHeader' is clicked on

2020-09-18 11:36:43 - [MESSAGE][PASSED] - Object: 'Object Repository/FDR-Receipt/FDR-Receipt-Header/Delete/deleteHeader' is clicked on

2020-09-18 11:36:43 - [TEST_STEP][PASSED] - waitForElementPresent(findTestObject("FDR-Receipt/FDR-Receipt-Checkline/Delete/undoIcon"), 5): Object 'Object Repository/FDR-Receipt/FDR-Receipt-Checkline/Delete/undoIcon' is present

2020-09-18 11:36:44 - [MESSAGE][PASSED] - Object 'Object Repository/FDR-Receipt/FDR-Receipt-Checkline/Delete/undoIcon' is present

2020-09-18 11:36:44 - [TEST_STEP][PASSED] - click(findTestObject("FDR-Receipt/FDR-Receipt-Checkline/Delete/undoIcon")): Object: 'Object Repository/FDR-Receipt/FDR-Receipt-Checkline/Delete/undoIcon' is clicked on

2020-09-18 11:36:44 - [MESSAGE][PASSED] - Object: 'Object Repository/FDR-Receipt/FDR-Receipt-Checkline/Delete/undoIcon' is clicked on

2020-09-18 11:36:44 - [TEST_STEP][PASSED] - waitForElementPresent(findTestObject("FDR-Receipt/FDR-Receipt-Checkline/Delete/lineAttribute"), 2): Object 'Object Repository/FDR-Receipt/FDR-Receipt-Checkline/Delete/lineAttribute' is not present after 2 second(s)

2020-09-18 11:36:47 - [MESSAGE][INFO] - Unable to find the element located by 'By.xpath: (//*[@data-id="transaction-line-attribute"])[2]'. Please recheck the objects properties to make sure the desired element is located. 

2020-09-18 11:36:47 - [MESSAGE][WARNING] - Object 'Object Repository/FDR-Receipt/FDR-Receipt-Checkline/Delete/lineAttribute' is not present after 2 second(s)

2020-09-18 11:36:47 - [TEST_STEP][PASSED] - Start listener action : sampleAfterTestCase: Browser is closed

2020-09-18 11:36:47 - [TEST_STEP][PASSED] - profileName = getExecutionProfile(): null

2020-09-18 11:36:47 - [TEST_STEP][PASSED] - switch (profileName): null

2020-09-18 11:36:47 - [TEST_STEP][PASSED] - if (!(skipBeforeAndAfterTestCase)): Browser is closed

2020-09-18 11:36:47 - [TEST_STEP][PASSED] - Uifunctions.logoutFDR(): Browser is closed

2020-09-18 11:36:48 - [MESSAGE][PASSED] - Browser is closed

2020-09-18 11:36:48 - [TEST_STEP][PASSED] - Start listener action : afterTestCase: null

2020-09-18 11:36:48 - [TEST_STEP][PASSED] - profileName = getExecutionProfile(): null

2020-09-18 11:36:48 - [TEST_STEP][PASSED] - if (profileName.equalsIgnoreCase("SysAdmin")): null

2020-09-18 11:36:48 - [TEST_STEP][PASSED] - Start listener action : sampleAfterTestCase: null

2020-09-18 11:36:48 - [TEST_STEP][PASSED] - profileName = getExecutionProfile(): null

2020-09-18 11:36:48 - [TEST_STEP][PASSED] - switch (profileName): null

2020-09-18 11:36:48 - [TEST_STEP][PASSED] - Default: null

2020-09-18 11:36:48 - [TEST_STEP][PASSED] - return null: null

2020-09-18 11:36:48 - [TEST_STEP][PASSED] - Start listener action : addFailedTCToList: null]]></system-out>
         <system-err><![CDATA[]]></system-err>
      </testcase>
      <testcase name="Test Cases/WEB-UI-TESTS/Receipt/FDR-Review Receipt" time="43.996" classname="Test Cases/WEB-UI-TESTS/Receipt/FDR-Review Receipt" status="PASSED">
         <system-out><![CDATA[2020-09-18 11:36:48 - [TEST_CASE][PASSED] - Test Cases/WEB-UI-TESTS/Receipt/FDR-Review Receipt: Test Cases/WEB-UI-TESTS/Receipt/FDR-Review Receipt

2020-09-18 11:36:48 - [TEST_STEP][PASSED] - Start listener action : sampleBeforeTestCase: Navigate to 'https://fdr-katalon.cammis-mod-dev.dhcs.ca.gov' successfully

2020-09-18 11:36:48 - [TEST_STEP][PASSED] - profileName = getExecutionProfile(): null

2020-09-18 11:36:48 - [TEST_STEP][PASSED] - switch (profileName): null

2020-09-18 11:36:48 - [TEST_STEP][PASSED] - testCaseId = testCaseContext.getTestCaseId(): null

2020-09-18 11:36:48 - [TEST_STEP][PASSED] - if (!(skipBeforeAndAfterTestCase)): Navigate to 'https://fdr-katalon.cammis-mod-dev.dhcs.ca.gov' successfully

2020-09-18 11:36:48 - [TEST_STEP][PASSED] - if (account7TestCases.contains(testCaseId)): null

2020-09-18 11:36:48 - [TEST_STEP][PASSED] - else if (account10TestCases.contains(testCaseId)): null

2020-09-18 11:36:48 - [TEST_STEP][PASSED] - else: Object: 'Object Repository/FDR-SignIn/SignInButton' is clicked on

2020-09-18 11:36:48 - [TEST_STEP][PASSED] - Uifunctions.loginFDR(accountsApprover, accountsApproverPwd): Object: 'Object Repository/FDR-SignIn/SignInButton' is clicked on

2020-09-18 11:36:48 - [MESSAGE][INFO] - Starting 'Chrome' driver

2020-09-18 11:36:48 - [MESSAGE][INFO] - Action delay is set to 0 milliseconds

2020-09-18 11:36:51 - [MESSAGE][PASSED] - Browser is opened with url: ''

2020-09-18 11:36:53 - [MESSAGE][PASSED] - Current window maximized

2020-09-18 11:36:55 - [MESSAGE][PASSED] - Navigate to 'https://fdr-katalon.cammis-mod-dev.dhcs.ca.gov' successfully

2020-09-18 11:36:57 - [MESSAGE][PASSED] - Object 'Object Repository/FDR-SignIn/SignInEmail' is present

2020-09-18 11:36:57 - [MESSAGE][PASSED] - Object: 'Object Repository/FDR-SignIn/SignInEmail' is clicked on

2020-09-18 11:36:57 - [MESSAGE][PASSED] - Object 'Object Repository/FDR-SignIn/SignInEmail' is present

2020-09-18 11:36:58 - [MESSAGE][PASSED] - Text 'fdr.test3@dhcs.ca.gov' is set on object 'Object Repository/FDR-SignIn/SignInEmail'

2020-09-18 11:36:58 - [MESSAGE][PASSED] - Object 'Object Repository/FDR-SignIn/SignInEmailNext' is visible

2020-09-18 11:36:58 - [MESSAGE][PASSED] - Object: 'Object Repository/FDR-SignIn/SignInEmailNext' is clicked on

2020-09-18 11:37:02 - [MESSAGE][PASSED] - Object 'Object Repository/FDR-SignIn/SignInEmailPassword' is visible

2020-09-18 11:37:02 - [MESSAGE][PASSED] - Object: 'Object Repository/FDR-SignIn/SignInEmailPassword' is clicked on

2020-09-18 11:37:02 - [MESSAGE][PASSED] - Text ****** has been set on object 'Object Repository/FDR-SignIn/SignInEmailPassword'

2020-09-18 11:37:06 - [MESSAGE][PASSED] - Object: 'Object Repository/FDR-SignIn/SignInButton' is clicked on

2020-09-18 11:37:06 - [TEST_STEP][PASSED] - navigateToUrl(URL): Navigate to 'https://fdr-katalon.cammis-mod-dev.dhcs.ca.gov' successfully

2020-09-18 11:37:07 - [MESSAGE][PASSED] - Navigate to 'https://fdr-katalon.cammis-mod-dev.dhcs.ca.gov' successfully

2020-09-18 11:37:07 - [TEST_STEP][PASSED] - Start listener action : beforeTestCase: null

2020-09-18 11:37:07 - [TEST_STEP][PASSED] - profileName = getExecutionProfile(): null

2020-09-18 11:37:07 - [TEST_STEP][PASSED] - if (profileName.equalsIgnoreCase("SysAdmin")): null

2020-09-18 11:37:07 - [TEST_STEP][PASSED] - Start listener action : sampleBeforeTestCase: null

2020-09-18 11:37:07 - [TEST_STEP][PASSED] - profileName = getExecutionProfile(): null

2020-09-18 11:37:07 - [TEST_STEP][PASSED] - testCaseId = testCaseContext.getTestCaseId(): null

2020-09-18 11:37:07 - [TEST_STEP][PASSED] - switch (profileName): null

2020-09-18 11:37:07 - [TEST_STEP][PASSED] - Default: null

2020-09-18 11:37:07 - [TEST_STEP][PASSED] - return null: null

2020-09-18 11:37:07 - [TEST_STEP][PASSED] - Start listener action : executeRows: null

2020-09-18 11:37:07 - [TEST_STEP][PASSED] - newDepositId = RandomStringUtils.randomNumeric(7): null

2020-09-18 11:37:07 - [TEST_STEP][PASSED] - waitForElementPresent(findTestObject("FDR-Receipt/FDR-Receipt-Dashboard/createNew_ReceiptBatch_Button"), 3): Object 'Object Repository/FDR-Receipt/FDR-Receipt-Dashboard/createNew_ReceiptBatch_Button' is not present after 3 second(s)

2020-09-18 11:37:11 - [MESSAGE][INFO] - Unable to find the element located by 'By.xpath: //a[@href='/receipts/create']/child::span[contains(text(),'Create')]'. Please recheck the objects properties to make sure the desired element is located. 

2020-09-18 11:37:11 - [MESSAGE][WARNING] - Object 'Object Repository/FDR-Receipt/FDR-Receipt-Dashboard/createNew_ReceiptBatch_Button' is not present after 3 second(s)

2020-09-18 11:37:11 - [TEST_STEP][PASSED] - click(findTestObject("FDR-Receipt/FDR-Receipt-Dashboard/createNew_ReceiptBatch_Button")): Object: 'Object Repository/FDR-Receipt/FDR-Receipt-Dashboard/createNew_ReceiptBatch_Button' is clicked on

2020-09-18 11:37:13 - [MESSAGE][PASSED] - Object: 'Object Repository/FDR-Receipt/FDR-Receipt-Dashboard/createNew_ReceiptBatch_Button' is clicked on

2020-09-18 11:37:13 - [TEST_STEP][PASSED] - waitForElementPresent(findTestObject("FDR-Dashboard/createNewVoucherButton"), 4): Object 'Object Repository/FDR-Dashboard/createNewVoucherButton' is not present after 4 second(s)

2020-09-18 11:37:18 - [MESSAGE][INFO] - Unable to find the element located by 'By.xpath: //*[@data-id='button-link']//*[contains(text(),'Create New Voucher')]'. Please recheck the objects properties to make sure the desired element is located. 

2020-09-18 11:37:18 - [MESSAGE][WARNING] - Object 'Object Repository/FDR-Dashboard/createNewVoucherButton' is not present after 4 second(s)

2020-09-18 11:37:18 - [TEST_STEP][PASSED] - waitForElementPresent(findTestObject("FDR-Receipt/FDR-Receipt-Header/View/inputDrawDate"), 3): Object 'Object Repository/FDR-Receipt/FDR-Receipt-Header/View/inputDrawDate' is present

2020-09-18 11:37:18 - [MESSAGE][PASSED] - Object 'Object Repository/FDR-Receipt/FDR-Receipt-Header/View/inputDrawDate' is present

2020-09-18 11:37:18 - [TEST_STEP][PASSED] - setText(findTestObject("FDR-Receipt/FDR-Receipt-Header/View/inputDrawDate"), Drawdate): Text '09/30/2020' is set on object 'Object Repository/FDR-Receipt/FDR-Receipt-Header/View/inputDrawDate'

2020-09-18 11:37:19 - [MESSAGE][PASSED] - Text '09/30/2020' is set on object 'Object Repository/FDR-Receipt/FDR-Receipt-Header/View/inputDrawDate'

2020-09-18 11:37:19 - [TEST_STEP][PASSED] - waitForElementPresent(findTestObject("FDR-Receipt/FDR-Receipt-Header/Edit/payDate"), 3): Object 'Object Repository/FDR-Receipt/FDR-Receipt-Header/Edit/payDate' is present

2020-09-18 11:37:20 - [MESSAGE][PASSED] - Object 'Object Repository/FDR-Receipt/FDR-Receipt-Header/Edit/payDate' is present

2020-09-18 11:37:20 - [TEST_STEP][PASSED] - setText(findTestObject("FDR-Receipt/FDR-Receipt-Header/Edit/payDate"), Paydate): Text '10/02/2020' is set on object 'Object Repository/FDR-Receipt/FDR-Receipt-Header/Edit/payDate'

2020-09-18 11:37:20 - [MESSAGE][PASSED] - Text '10/02/2020' is set on object 'Object Repository/FDR-Receipt/FDR-Receipt-Header/Edit/payDate'

2020-09-18 11:37:20 - [TEST_STEP][PASSED] - waitForElementPresent(findTestObject("FDR-Receipt/FDR-Receipt-Header/View/deposit ID"), 10): Object 'Object Repository/FDR-Receipt/FDR-Receipt-Header/View/deposit ID' is present

2020-09-18 11:37:21 - [MESSAGE][PASSED] - Object 'Object Repository/FDR-Receipt/FDR-Receipt-Header/View/deposit ID' is present

2020-09-18 11:37:21 - [TEST_STEP][PASSED] - sendKeys(findTestObject("FDR-Receipt/FDR-Receipt-Header/View/deposit ID"), newDepositId): Keys '0321294' sent to object: 'Object Repository/FDR-Receipt/FDR-Receipt-Header/View/deposit ID'

2020-09-18 11:37:21 - [MESSAGE][PASSED] - Keys '0321294' sent to object: 'Object Repository/FDR-Receipt/FDR-Receipt-Header/View/deposit ID'

2020-09-18 11:37:21 - [TEST_STEP][PASSED] - waitForElementPresent(findTestObject("FDR-Receipt/FDR-ReceiptBatch/receiptNotes"), 10): Object 'Object Repository/FDR-Receipt/FDR-ReceiptBatch/receiptNotes' is present

2020-09-18 11:37:22 - [MESSAGE][PASSED] - Object 'Object Repository/FDR-Receipt/FDR-ReceiptBatch/receiptNotes' is present

2020-09-18 11:37:22 - [TEST_STEP][PASSED] - sendKeys(findTestObject("FDR-Receipt/FDR-ReceiptBatch/receiptNotes"), Receiptnotes): Keys 'rqewrq' sent to object: 'Object Repository/FDR-Receipt/FDR-ReceiptBatch/receiptNotes'

2020-09-18 11:37:22 - [MESSAGE][PASSED] - Keys 'rqewrq' sent to object: 'Object Repository/FDR-Receipt/FDR-ReceiptBatch/receiptNotes'

2020-09-18 11:37:22 - [TEST_STEP][PASSED] - waitForElementPresent(findTestObject("FDR-Receipt/FDR-Receipt-Header/View/remittanceNo"), 10): Object 'Object Repository/FDR-Receipt/FDR-Receipt-Header/View/remittanceNo' is present

2020-09-18 11:37:23 - [MESSAGE][PASSED] - Object 'Object Repository/FDR-Receipt/FDR-Receipt-Header/View/remittanceNo' is present

2020-09-18 11:37:23 - [TEST_STEP][PASSED] - sendKeys(findTestObject("FDR-Receipt/FDR-Receipt-Header/View/remittanceNo"), Remittance): Keys '1234' sent to object: 'Object Repository/FDR-Receipt/FDR-Receipt-Header/View/remittanceNo'

2020-09-18 11:37:23 - [MESSAGE][PASSED] - Keys '1234' sent to object: 'Object Repository/FDR-Receipt/FDR-Receipt-Header/View/remittanceNo'

2020-09-18 11:37:23 - [TEST_STEP][PASSED] - waitForElementPresent(findTestObject("FDR-Receipt/FDR-Receipt-Header/View/controllerNo"), 10): Object 'Object Repository/FDR-Receipt/FDR-Receipt-Header/View/controllerNo' is present

2020-09-18 11:37:23 - [MESSAGE][PASSED] - Object 'Object Repository/FDR-Receipt/FDR-Receipt-Header/View/controllerNo' is present

2020-09-18 11:37:23 - [TEST_STEP][PASSED] - sendKeys(findTestObject("FDR-Receipt/FDR-Receipt-Header/View/controllerNo"), Controller): Keys '4567' sent to object: 'Object Repository/FDR-Receipt/FDR-Receipt-Header/View/controllerNo'

2020-09-18 11:37:24 - [MESSAGE][PASSED] - Keys '4567' sent to object: 'Object Repository/FDR-Receipt/FDR-Receipt-Header/View/controllerNo'

2020-09-18 11:37:24 - [TEST_STEP][PASSED] - waitForElementPresent(findTestObject("FDR-Receipt/FDR-Receipt-Header/View/buttonNext"), 10): Object 'Object Repository/FDR-Receipt/FDR-Receipt-Header/View/buttonNext' is present

2020-09-18 11:37:24 - [MESSAGE][PASSED] - Object 'Object Repository/FDR-Receipt/FDR-Receipt-Header/View/buttonNext' is present

2020-09-18 11:37:24 - [TEST_STEP][PASSED] - click(findTestObject("FDR-Receipt/FDR-Receipt-Header/View/buttonNext")): Object: 'Object Repository/FDR-Receipt/FDR-Receipt-Header/View/buttonNext' is clicked on

2020-09-18 11:37:25 - [MESSAGE][PASSED] - Object: 'Object Repository/FDR-Receipt/FDR-Receipt-Header/View/buttonNext' is clicked on

2020-09-18 11:37:25 - [TEST_STEP][PASSED] - delay(5): Delayed 5 second(s)

2020-09-18 11:37:30 - [MESSAGE][PASSED] - Delayed 5 second(s)

2020-09-18 11:37:30 - [TEST_STEP][PASSED] - waitForElementPresent(findTestObject("FDR-Receipt/FDR-ReceiptBatch/Review-Receipt/button_Review"), 2): Object 'Object Repository/FDR-Receipt/FDR-ReceiptBatch/Review-Receipt/button_Review' is present

2020-09-18 11:37:30 - [MESSAGE][PASSED] - Object 'Object Repository/FDR-Receipt/FDR-ReceiptBatch/Review-Receipt/button_Review' is present

2020-09-18 11:37:30 - [TEST_STEP][PASSED] - click(findTestObject("FDR-Receipt/FDR-ReceiptBatch/Review-Receipt/button_Review"), STOP_ON_FAILURE): Object: 'Object Repository/FDR-Receipt/FDR-ReceiptBatch/Review-Receipt/button_Review' is clicked on

2020-09-18 11:37:30 - [MESSAGE][PASSED] - Object: 'Object Repository/FDR-Receipt/FDR-ReceiptBatch/Review-Receipt/button_Review' is clicked on

2020-09-18 11:37:30 - [TEST_STEP][PASSED] - waitForElementPresent(findTestObject("FDR-Receipt/FDR-ReceiptBatch/Review-Receipt/button_Submitforapproval"), 2): Object 'Object Repository/FDR-Receipt/FDR-ReceiptBatch/Review-Receipt/button_Submitforapproval' is present

2020-09-18 11:37:31 - [MESSAGE][PASSED] - Object 'Object Repository/FDR-Receipt/FDR-ReceiptBatch/Review-Receipt/button_Submitforapproval' is present

2020-09-18 11:37:31 - [TEST_STEP][PASSED] - click(findTestObject("FDR-Receipt/FDR-ReceiptBatch/Review-Receipt/button_Submitforapproval"), STOP_ON_FAILURE): Object: 'Object Repository/FDR-Receipt/FDR-ReceiptBatch/Review-Receipt/button_Submitforapproval' is clicked on

2020-09-18 11:37:31 - [MESSAGE][PASSED] - Object: 'Object Repository/FDR-Receipt/FDR-ReceiptBatch/Review-Receipt/button_Submitforapproval' is clicked on

2020-09-18 11:37:31 - [TEST_STEP][PASSED] - closeBrowser(CONTINUE_ON_FAILURE): Browser is closed

2020-09-18 11:37:32 - [MESSAGE][PASSED] - Browser is closed

2020-09-18 11:37:32 - [TEST_STEP][PASSED] - Start listener action : sampleAfterTestCase: Browser is closed

2020-09-18 11:37:32 - [TEST_STEP][PASSED] - profileName = getExecutionProfile(): null

2020-09-18 11:37:32 - [TEST_STEP][PASSED] - switch (profileName): null

2020-09-18 11:37:32 - [TEST_STEP][PASSED] - if (!(skipBeforeAndAfterTestCase)): Browser is closed

2020-09-18 11:37:32 - [TEST_STEP][PASSED] - Uifunctions.logoutFDR(): Browser is closed

2020-09-18 11:37:32 - [MESSAGE][PASSED] - Browser is closed

2020-09-18 11:37:32 - [TEST_STEP][PASSED] - Start listener action : afterTestCase: null

2020-09-18 11:37:32 - [TEST_STEP][PASSED] - profileName = getExecutionProfile(): null

2020-09-18 11:37:32 - [TEST_STEP][PASSED] - if (profileName.equalsIgnoreCase("SysAdmin")): null

2020-09-18 11:37:32 - [TEST_STEP][PASSED] - Start listener action : sampleAfterTestCase: null

2020-09-18 11:37:32 - [TEST_STEP][PASSED] - profileName = getExecutionProfile(): null

2020-09-18 11:37:32 - [TEST_STEP][PASSED] - switch (profileName): null

2020-09-18 11:37:32 - [TEST_STEP][PASSED] - Default: null

2020-09-18 11:37:32 - [TEST_STEP][PASSED] - return null: null

2020-09-18 11:37:32 - [TEST_STEP][PASSED] - Start listener action : addFailedTCToList: null]]></system-out>
         <system-err><![CDATA[]]></system-err>
      </testcase>
      <testcase name="Test Cases/WEB-UI-TESTS/Receipt/FDR-Receipts-FixStateReasons" time="61.826" classname="Test Cases/WEB-UI-TESTS/Receipt/FDR-Receipts-FixStateReasons" status="FAILED">
         <failure type="FAILED" message="Test Cases/WEB-UI-TESTS/Receipt/FDR-Receipts-FixStateReasons FAILED.
Reason:
com.kms.katalon.core.exception.StepFailedException: Verify element text of test object 'Object Repository/FDR-Receipt/FDR-ReceiptBatch/Fix/instructionsIncorrectDrawDate' FAILED.
	at com.kms.katalon.core.webui.keyword.internal.WebUIKeywordMain.stepFailed(WebUIKeywordMain.groovy:64)
	at com.kms.katalon.core.webui.keyword.internal.WebUIKeywordMain.runKeyword(WebUIKeywordMain.groovy:26)
	at com.kms.katalon.core.webui.keyword.builtin.VerifyElementTextKeyword.verifyElementText(VerifyElementTextKeyword.groovy:72)
	at com.kms.katalon.core.webui.keyword.builtin.VerifyElementTextKeyword.execute(VerifyElementTextKeyword.groovy:40)
	at com.kms.katalon.core.keyword.internal.KeywordExecutor.executeKeywordForPlatform(KeywordExecutor.groovy:73)
	at com.kms.katalon.core.webui.keyword.WebUiBuiltInKeywords.verifyElementText(WebUiBuiltInKeywords.groovy:3673)
	at com.kms.katalon.core.webui.keyword.WebUiBuiltInKeywords$verifyElementText$14.call(Unknown Source)
	at FDR-Receipts-FixStateReasons.run(FDR-Receipts-FixStateReasons:93)
	at com.kms.katalon.core.main.ScriptEngine.run(ScriptEngine.java:194)
	at com.kms.katalon.core.main.ScriptEngine.runScriptAsRawText(ScriptEngine.java:119)
	at com.kms.katalon.core.main.TestCaseExecutor.runScript(TestCaseExecutor.java:339)
	at com.kms.katalon.core.main.TestCaseExecutor.doExecute(TestCaseExecutor.java:330)
	at com.kms.katalon.core.main.TestCaseExecutor.processExecutionPhase(TestCaseExecutor.java:309)
	at com.kms.katalon.core.main.TestCaseExecutor.accessMainPhase(TestCaseExecutor.java:301)
	at com.kms.katalon.core.main.TestCaseExecutor.execute(TestCaseExecutor.java:235)
	at com.kms.katalon.core.main.TestSuiteExecutor.accessTestCaseMainPhase(TestSuiteExecutor.java:191)
	at com.kms.katalon.core.main.TestSuiteExecutor.accessTestSuiteMainPhase(TestSuiteExecutor.java:141)
	at com.kms.katalon.core.main.TestSuiteExecutor.execute(TestSuiteExecutor.java:90)
	at com.kms.katalon.core.main.TestCaseMain.startTestSuite(TestCaseMain.java:157)
	at com.kms.katalon.core.main.TestCaseMain$startTestSuite$0.call(Unknown Source)
	at TempTestSuite1600450929689.run(TempTestSuite1600450929689.groovy:39)
Caused by: com.kms.katalon.core.exception.StepFailedException: Actual text 'Incorrect Pay Date, Incorrect Draw Date' and expected text 'Incorrect Draw Date' of test object 'Object Repository/FDR-Receipt/FDR-ReceiptBatch/Fix/instructionsIncorrectDrawDate' are NOT matched.
	at com.kms.katalon.core.webui.keyword.internal.WebUIKeywordMain.stepFailed(WebUIKeywordMain.groovy:64)
	at com.kms.katalon.core.webui.keyword.builtin.VerifyElementTextKeyword$_verifyElementText_closure1.doCall(VerifyElementTextKeyword.groovy:57)
	at com.kms.katalon.core.webui.keyword.builtin.VerifyElementTextKeyword$_verifyElementText_closure1.call(VerifyElementTextKeyword.groovy)
	at com.kms.katalon.core.webui.keyword.internal.WebUIKeywordMain.runKeyword(WebUIKeywordMain.groovy:20)
	... 19 more
"/>
         <system-out><![CDATA[2020-09-18 11:37:32 - [TEST_CASE][FAILED] - Test Cases/WEB-UI-TESTS/Receipt/FDR-Receipts-FixStateReasons: Test Cases/WEB-UI-TESTS/Receipt/FDR-Receipts-FixStateReasons FAILED.
Reason:
com.kms.katalon.core.exception.StepFailedException: Verify element text of test object 'Object Repository/FDR-Receipt/FDR-ReceiptBatch/Fix/instructionsIncorrectDrawDate' FAILED.
	at com.kms.katalon.core.webui.keyword.internal.WebUIKeywordMain.stepFailed(WebUIKeywordMain.groovy:64)
	at com.kms.katalon.core.webui.keyword.internal.WebUIKeywordMain.runKeyword(WebUIKeywordMain.groovy:26)
	at com.kms.katalon.core.webui.keyword.builtin.VerifyElementTextKeyword.verifyElementText(VerifyElementTextKeyword.groovy:72)
	at com.kms.katalon.core.webui.keyword.builtin.VerifyElementTextKeyword.execute(VerifyElementTextKeyword.groovy:40)
	at com.kms.katalon.core.keyword.internal.KeywordExecutor.executeKeywordForPlatform(KeywordExecutor.groovy:73)
	at com.kms.katalon.core.webui.keyword.WebUiBuiltInKeywords.verifyElementText(WebUiBuiltInKeywords.groovy:3673)
	at com.kms.katalon.core.webui.keyword.WebUiBuiltInKeywords$verifyElementText$14.call(Unknown Source)
	at FDR-Receipts-FixStateReasons.run(FDR-Receipts-FixStateReasons:93)
	at com.kms.katalon.core.main.ScriptEngine.run(ScriptEngine.java:194)
	at com.kms.katalon.core.main.ScriptEngine.runScriptAsRawText(ScriptEngine.java:119)
	at com.kms.katalon.core.main.TestCaseExecutor.runScript(TestCaseExecutor.java:339)
	at com.kms.katalon.core.main.TestCaseExecutor.doExecute(TestCaseExecutor.java:330)
	at com.kms.katalon.core.main.TestCaseExecutor.processExecutionPhase(TestCaseExecutor.java:309)
	at com.kms.katalon.core.main.TestCaseExecutor.accessMainPhase(TestCaseExecutor.java:301)
	at com.kms.katalon.core.main.TestCaseExecutor.execute(TestCaseExecutor.java:235)
	at com.kms.katalon.core.main.TestSuiteExecutor.accessTestCaseMainPhase(TestSuiteExecutor.java:191)
	at com.kms.katalon.core.main.TestSuiteExecutor.accessTestSuiteMainPhase(TestSuiteExecutor.java:141)
	at com.kms.katalon.core.main.TestSuiteExecutor.execute(TestSuiteExecutor.java:90)
	at com.kms.katalon.core.main.TestCaseMain.startTestSuite(TestCaseMain.java:157)
	at com.kms.katalon.core.main.TestCaseMain$startTestSuite$0.call(Unknown Source)
	at TempTestSuite1600450929689.run(TempTestSuite1600450929689.groovy:39)
Caused by: com.kms.katalon.core.exception.StepFailedException: Actual text 'Incorrect Pay Date, Incorrect Draw Date' and expected text 'Incorrect Draw Date' of test object 'Object Repository/FDR-Receipt/FDR-ReceiptBatch/Fix/instructionsIncorrectDrawDate' are NOT matched.
	at com.kms.katalon.core.webui.keyword.internal.WebUIKeywordMain.stepFailed(WebUIKeywordMain.groovy:64)
	at com.kms.katalon.core.webui.keyword.builtin.VerifyElementTextKeyword$_verifyElementText_closure1.doCall(VerifyElementTextKeyword.groovy:57)
	at com.kms.katalon.core.webui.keyword.builtin.VerifyElementTextKeyword$_verifyElementText_closure1.call(VerifyElementTextKeyword.groovy)
	at com.kms.katalon.core.webui.keyword.internal.WebUIKeywordMain.runKeyword(WebUIKeywordMain.groovy:20)
	... 19 more


2020-09-18 11:37:32 - [TEST_STEP][PASSED] - Start listener action : sampleBeforeTestCase: Navigate to 'https://fdr-katalon.cammis-mod-dev.dhcs.ca.gov' successfully

2020-09-18 11:37:32 - [TEST_STEP][PASSED] - profileName = getExecutionProfile(): null

2020-09-18 11:37:32 - [TEST_STEP][PASSED] - switch (profileName): null

2020-09-18 11:37:32 - [TEST_STEP][PASSED] - testCaseId = testCaseContext.getTestCaseId(): null

2020-09-18 11:37:32 - [TEST_STEP][PASSED] - if (!(skipBeforeAndAfterTestCase)): Navigate to 'https://fdr-katalon.cammis-mod-dev.dhcs.ca.gov' successfully

2020-09-18 11:37:32 - [TEST_STEP][PASSED] - if (account7TestCases.contains(testCaseId)): Object: 'Object Repository/FDR-SignIn/SignInButton' is clicked on

2020-09-18 11:37:32 - [TEST_STEP][PASSED] - Uifunctions.loginFDR(accountsAdmin, accountsAdminPwd): Object: 'Object Repository/FDR-SignIn/SignInButton' is clicked on

2020-09-18 11:37:32 - [MESSAGE][INFO] - Starting 'Chrome' driver

2020-09-18 11:37:32 - [MESSAGE][INFO] - Action delay is set to 0 milliseconds

2020-09-18 11:37:35 - [MESSAGE][PASSED] - Browser is opened with url: ''

2020-09-18 11:37:37 - [MESSAGE][PASSED] - Current window maximized

2020-09-18 11:37:41 - [MESSAGE][PASSED] - Navigate to 'https://fdr-katalon.cammis-mod-dev.dhcs.ca.gov' successfully

2020-09-18 11:37:43 - [MESSAGE][PASSED] - Object 'Object Repository/FDR-SignIn/SignInEmail' is present

2020-09-18 11:37:43 - [MESSAGE][PASSED] - Object: 'Object Repository/FDR-SignIn/SignInEmail' is clicked on

2020-09-18 11:37:43 - [MESSAGE][PASSED] - Object 'Object Repository/FDR-SignIn/SignInEmail' is present

2020-09-18 11:37:44 - [MESSAGE][PASSED] - Text 'fdr.test4@dhcs.ca.gov' is set on object 'Object Repository/FDR-SignIn/SignInEmail'

2020-09-18 11:37:44 - [MESSAGE][PASSED] - Object 'Object Repository/FDR-SignIn/SignInEmailNext' is visible

2020-09-18 11:37:44 - [MESSAGE][PASSED] - Object: 'Object Repository/FDR-SignIn/SignInEmailNext' is clicked on

2020-09-18 11:37:48 - [MESSAGE][PASSED] - Object 'Object Repository/FDR-SignIn/SignInEmailPassword' is visible

2020-09-18 11:37:48 - [MESSAGE][PASSED] - Object: 'Object Repository/FDR-SignIn/SignInEmailPassword' is clicked on

2020-09-18 11:37:48 - [MESSAGE][PASSED] - Text ****** has been set on object 'Object Repository/FDR-SignIn/SignInEmailPassword'

2020-09-18 11:37:50 - [MESSAGE][PASSED] - Object: 'Object Repository/FDR-SignIn/SignInButton' is clicked on

2020-09-18 11:37:50 - [TEST_STEP][PASSED] - navigateToUrl(URL): Navigate to 'https://fdr-katalon.cammis-mod-dev.dhcs.ca.gov' successfully

2020-09-18 11:37:50 - [MESSAGE][PASSED] - Navigate to 'https://fdr-katalon.cammis-mod-dev.dhcs.ca.gov' successfully

2020-09-18 11:37:50 - [TEST_STEP][PASSED] - Start listener action : beforeTestCase: null

2020-09-18 11:37:50 - [TEST_STEP][PASSED] - profileName = getExecutionProfile(): null

2020-09-18 11:37:50 - [TEST_STEP][PASSED] - if (profileName.equalsIgnoreCase("SysAdmin")): null

2020-09-18 11:37:50 - [TEST_STEP][PASSED] - Start listener action : sampleBeforeTestCase: null

2020-09-18 11:37:50 - [TEST_STEP][PASSED] - profileName = getExecutionProfile(): null

2020-09-18 11:37:50 - [TEST_STEP][PASSED] - testCaseId = testCaseContext.getTestCaseId(): null

2020-09-18 11:37:50 - [TEST_STEP][PASSED] - switch (profileName): null

2020-09-18 11:37:50 - [TEST_STEP][PASSED] - Default: null

2020-09-18 11:37:50 - [TEST_STEP][PASSED] - return null: null

2020-09-18 11:37:50 - [TEST_STEP][PASSED] - Start listener action : executeRows: null

2020-09-18 11:37:51 - [TEST_STEP][PASSED] - d = Date().plus(1): null

2020-09-18 11:37:51 - [TEST_STEP][PASSED] - dd = Date().plus(2): null

2020-09-18 11:37:51 - [TEST_STEP][PASSED] - servicedatefrom = d.format("MM/dd/yyyy"): null

2020-09-18 11:37:51 - [TEST_STEP][PASSED] - servicedateto = dd.format("MM/dd/yyyy"): null

2020-09-18 11:37:51 - [TEST_STEP][PASSED] - originalwarrantdate = dd.format("MM/dd/yyyy"): null

2020-09-18 11:37:51 - [TEST_STEP][PASSED] - newDepositId = RandomStringUtils.randomNumeric(7): null

2020-09-18 11:37:51 - [TEST_STEP][PASSED] - editors.createReceipt(Drawdate, Paydate, newDepositId, ReceiptNotes, Remittance, Controller): Object: 'Object Repository/FDR-Receipt/FDR-Receipt-Header/View/buttonNext' is clicked on

2020-09-18 11:37:56 - [MESSAGE][INFO] - Unable to find the element located by 'By.xpath: //*[@data-id='button-link']//*[contains(text(),'Create New Voucher')]'. Please recheck the objects properties to make sure the desired element is located. 

2020-09-18 11:37:56 - [MESSAGE][WARNING] - Object 'Object Repository/FDR-Dashboard/createNewVoucherButton' is not present after 4 second(s)

2020-09-18 11:37:56 - [MESSAGE][PASSED] - Object 'Object Repository/FDR-Receipt/FDR-Receipt-Dashboard/createNew_ReceiptBatch_Button' is present

2020-09-18 11:37:56 - [MESSAGE][PASSED] - Object: 'Object Repository/FDR-Receipt/FDR-Receipt-Dashboard/createNew_ReceiptBatch_Button' is clicked on

2020-09-18 11:37:57 - [MESSAGE][PASSED] - Object 'Object Repository/FDR-Receipt/FDR-Receipt-Header/View/inputDrawDate' is present

2020-09-18 11:37:58 - [MESSAGE][PASSED] - Text '09/30/2020' is set on object 'Object Repository/FDR-Receipt/FDR-Receipt-Header/View/inputDrawDate'

2020-09-18 11:37:59 - [MESSAGE][PASSED] - Keys 'TAB + ENTER + ENTER + ' sent to object: 'Object Repository/FDR-Receipt/FDR-Receipt-Header/View/inputDrawDate'

2020-09-18 11:38:00 - [MESSAGE][PASSED] - Object 'Object Repository/FDR-Receipt/FDR-Receipt-Header/Edit/payDate' is present

2020-09-18 11:38:00 - [MESSAGE][PASSED] - Text '10/02/2020' is set on object 'Object Repository/FDR-Receipt/FDR-Receipt-Header/Edit/payDate'

2020-09-18 11:38:01 - [MESSAGE][PASSED] - Object 'Object Repository/FDR-Receipt/FDR-Receipt-Header/View/deposit ID' is present

2020-09-18 11:38:02 - [MESSAGE][PASSED] - Text '0334745' is set on object 'Object Repository/FDR-Receipt/FDR-Receipt-Header/View/deposit ID'

2020-09-18 11:38:02 - [MESSAGE][PASSED] - Object 'Object Repository/FDR-Receipt/FDR-ReceiptBatch/receiptNotes' is present

2020-09-18 11:38:03 - [MESSAGE][PASSED] - Text 'rqewrq' is set on object 'Object Repository/FDR-Receipt/FDR-ReceiptBatch/receiptNotes'

2020-09-18 11:38:03 - [MESSAGE][PASSED] - Object 'Object Repository/FDR-Receipt/FDR-Receipt-Header/Edit/remmitanceAdviceInput' is present

2020-09-18 11:38:04 - [MESSAGE][PASSED] - Keys '1234' sent to object: 'Object Repository/FDR-Receipt/FDR-Receipt-Header/Edit/remmitanceAdviceInput'

2020-09-18 11:38:04 - [MESSAGE][PASSED] - Object 'Object Repository/FDR-Receipt/FDR-Receipt-Header/Edit/controllerReceiptInput' is present

2020-09-18 11:38:05 - [MESSAGE][PASSED] - Keys '4567' sent to object: 'Object Repository/FDR-Receipt/FDR-Receipt-Header/Edit/controllerReceiptInput'

2020-09-18 11:38:05 - [MESSAGE][PASSED] - Object 'Object Repository/FDR-Receipt/FDR-Receipt-Header/View/buttonNext' is present

2020-09-18 11:38:06 - [MESSAGE][PASSED] - Object: 'Object Repository/FDR-Receipt/FDR-Receipt-Header/View/buttonNext' is clicked on

2020-09-18 11:38:06 - [TEST_STEP][PASSED] - editors.createReceiptline(ReceiptID, SupplierID, DepositDate): Object: 'Object Repository/FDR-Receipt/FDR-Receipt-Checkline/View/addReceipt_Button2' is clicked on

2020-09-18 11:38:06 - [MESSAGE][PASSED] - Object 'Object Repository/FDR-Receipt/FDR-Receipt-Checkline/View/receipt_ID' is present

2020-09-18 11:38:07 - [MESSAGE][PASSED] - Keys 'CHK10322' sent to object: 'Object Repository/FDR-Receipt/FDR-Receipt-Checkline/View/receipt_ID'

2020-09-18 11:38:07 - [MESSAGE][PASSED] - Object 'Object Repository/FDR-Receipt/FDR-Receipt-Checkline/View/supplier_Id' is present

2020-09-18 11:38:08 - [MESSAGE][PASSED] - Object: 'Object Repository/FDR-Receipt/FDR-Receipt-Checkline/View/supplier_Id' is clicked on

2020-09-18 11:38:08 - [MESSAGE][PASSED] - Keys '0000007954' sent to object: 'Object Repository/FDR-Receipt/FDR-Receipt-Checkline/View/supplier_Id'

2020-09-18 11:38:09 - [MESSAGE][PASSED] - Keys 'DOWN + ENTER + ' sent to object: 'Object Repository/FDR-Receipt/FDR-Receipt-Checkline/View/supplier_Id'

2020-09-18 11:38:09 - [MESSAGE][PASSED] - Object 'Object Repository/FDR-Receipt/FDR-Receipt-Checkline/View/deposit_Date' is present

2020-09-18 11:38:10 - [MESSAGE][PASSED] - Keys '02/24/2020' sent to object: 'Object Repository/FDR-Receipt/FDR-Receipt-Checkline/View/deposit_Date'

2020-09-18 11:38:15 - [MESSAGE][INFO] - Unable to find the element located by 'By.xpath: //*[@data-id='button-link']//*[contains(text(),'Create New Voucher')]'. Please recheck the objects properties to make sure the desired element is located. 

2020-09-18 11:38:15 - [MESSAGE][WARNING] - Object 'Object Repository/FDR-Dashboard/createNewVoucherButton' is not present after 4 second(s)

2020-09-18 11:38:15 - [MESSAGE][PASSED] - Object 'Object Repository/FDR-Receipt/FDR-Receipt-Checkline/View/addReceipt_Button2' is present

2020-09-18 11:38:15 - [MESSAGE][PASSED] - Object: 'Object Repository/FDR-Receipt/FDR-Receipt-Checkline/View/addReceipt_Button2' is clicked on

2020-09-18 11:38:15 - [TEST_STEP][PASSED] - waitForElementPresent(findTestObject("FDR-Receipt/FDR-ReceiptBatch/Fix/reviewButton"), 5): Object 'Object Repository/FDR-Receipt/FDR-ReceiptBatch/Fix/reviewButton' is present

2020-09-18 11:38:16 - [MESSAGE][PASSED] - Object 'Object Repository/FDR-Receipt/FDR-ReceiptBatch/Fix/reviewButton' is present

2020-09-18 11:38:16 - [TEST_STEP][PASSED] - click(findTestObject("FDR-Receipt/FDR-ReceiptBatch/Fix/reviewButton")): Object: 'Object Repository/FDR-Receipt/FDR-ReceiptBatch/Fix/reviewButton' is clicked on

2020-09-18 11:38:16 - [MESSAGE][PASSED] - Object: 'Object Repository/FDR-Receipt/FDR-ReceiptBatch/Fix/reviewButton' is clicked on

2020-09-18 11:38:16 - [TEST_STEP][PASSED] - waitForElementPresent(findTestObject("FDR-Receipt/FDR-ReceiptBatch/Review-Receipt/button_Submitforapproval"), 2): Object 'Object Repository/FDR-Receipt/FDR-ReceiptBatch/Review-Receipt/button_Submitforapproval' is present

2020-09-18 11:38:17 - [MESSAGE][PASSED] - Object 'Object Repository/FDR-Receipt/FDR-ReceiptBatch/Review-Receipt/button_Submitforapproval' is present

2020-09-18 11:38:17 - [TEST_STEP][PASSED] - click(findTestObject("FDR-Receipt/FDR-ReceiptBatch/Review-Receipt/button_Submitforapproval")): Object: 'Object Repository/FDR-Receipt/FDR-ReceiptBatch/Review-Receipt/button_Submitforapproval' is clicked on

2020-09-18 11:38:17 - [MESSAGE][PASSED] - Object: 'Object Repository/FDR-Receipt/FDR-ReceiptBatch/Review-Receipt/button_Submitforapproval' is clicked on

2020-09-18 11:38:17 - [TEST_STEP][PASSED] - waitForElementPresent(findTestObject("FDR-Receipt/FDR-Receipt-Dashboard/filterValidatebatch"), 2): Object 'Object Repository/FDR-Receipt/FDR-Receipt-Dashboard/filterValidatebatch' is present

2020-09-18 11:38:18 - [MESSAGE][PASSED] - Object 'Object Repository/FDR-Receipt/FDR-Receipt-Dashboard/filterValidatebatch' is present

2020-09-18 11:38:18 - [TEST_STEP][PASSED] - waitForElementClickable(findTestObject("FDR-Receipt/FDR-Receipt-Dashboard/filterValidatebatch"), 10): Object 'Object Repository/FDR-Receipt/FDR-Receipt-Dashboard/filterValidatebatch' is clickable

2020-09-18 11:38:19 - [MESSAGE][PASSED] - Object 'Object Repository/FDR-Receipt/FDR-Receipt-Dashboard/filterValidatebatch' is clickable

2020-09-18 11:38:19 - [TEST_STEP][PASSED] - click(findTestObject("FDR-Receipt/FDR-Receipt-Dashboard/filterValidatebatch")): Object: 'Object Repository/FDR-Receipt/FDR-Receipt-Dashboard/filterValidatebatch' is clicked on

2020-09-18 11:38:19 - [MESSAGE][PASSED] - Object: 'Object Repository/FDR-Receipt/FDR-Receipt-Dashboard/filterValidatebatch' is clicked on

2020-09-18 11:38:19 - [TEST_STEP][PASSED] - waitForElementPresent(findTestObject("FDR-Receipt/FDR-Receipt-Dashboard/buttonValidate"), 2): Object 'Object Repository/FDR-Receipt/FDR-Receipt-Dashboard/buttonValidate' is present

2020-09-18 11:38:20 - [MESSAGE][PASSED] - Object 'Object Repository/FDR-Receipt/FDR-Receipt-Dashboard/buttonValidate' is present

2020-09-18 11:38:20 - [TEST_STEP][PASSED] - click(findTestObject("FDR-Receipt/FDR-Receipt-Dashboard/buttonValidate")): Object: 'Object Repository/FDR-Receipt/FDR-Receipt-Dashboard/buttonValidate' is clicked on

2020-09-18 11:38:20 - [MESSAGE][PASSED] - Object: 'Object Repository/FDR-Receipt/FDR-Receipt-Dashboard/buttonValidate' is clicked on

2020-09-18 11:38:20 - [TEST_STEP][PASSED] - waitForElementPresent(findTestObject("FDR-Receipt/FDR-ReceiptBatch/Review-Receipt/button_Reject"), 5): Object 'Object Repository/FDR-Receipt/FDR-ReceiptBatch/Review-Receipt/button_Reject' is present

2020-09-18 11:38:21 - [MESSAGE][PASSED] - Object 'Object Repository/FDR-Receipt/FDR-ReceiptBatch/Review-Receipt/button_Reject' is present

2020-09-18 11:38:21 - [TEST_STEP][PASSED] - click(findTestObject("FDR-Receipt/FDR-ReceiptBatch/Review-Receipt/button_Reject")): Object: 'Object Repository/FDR-Receipt/FDR-ReceiptBatch/Review-Receipt/button_Reject' is clicked on

2020-09-18 11:38:21 - [MESSAGE][PASSED] - Object: 'Object Repository/FDR-Receipt/FDR-ReceiptBatch/Review-Receipt/button_Reject' is clicked on

2020-09-18 11:38:21 - [TEST_STEP][PASSED] - waitForElementPresent(findTestObject("FDR-Receipt/FDR-ReceiptBatch/Review-Receipt/incorrectDrawDate"), 5): Object 'Object Repository/FDR-Receipt/FDR-ReceiptBatch/Review-Receipt/incorrectDrawDate' is present

2020-09-18 11:38:22 - [MESSAGE][PASSED] - Object 'Object Repository/FDR-Receipt/FDR-ReceiptBatch/Review-Receipt/incorrectDrawDate' is present

2020-09-18 11:38:22 - [TEST_STEP][PASSED] - click(findTestObject("FDR-Receipt/FDR-ReceiptBatch/Review-Receipt/incorrectDrawDate")): Object: 'Object Repository/FDR-Receipt/FDR-ReceiptBatch/Review-Receipt/incorrectDrawDate' is clicked on

2020-09-18 11:38:22 - [MESSAGE][PASSED] - Object: 'Object Repository/FDR-Receipt/FDR-ReceiptBatch/Review-Receipt/incorrectDrawDate' is clicked on

2020-09-18 11:38:22 - [TEST_STEP][PASSED] - waitForElementPresent(findTestObject("FDR-Receipt/FDR-ReceiptBatch/Review-Receipt/button_RejectReceiptBatch"), 2): Object 'Object Repository/FDR-Receipt/FDR-ReceiptBatch/Review-Receipt/button_RejectReceiptBatch' is present

2020-09-18 11:38:23 - [MESSAGE][PASSED] - Object 'Object Repository/FDR-Receipt/FDR-ReceiptBatch/Review-Receipt/button_RejectReceiptBatch' is present

2020-09-18 11:38:23 - [TEST_STEP][PASSED] - click(findTestObject("FDR-Receipt/FDR-ReceiptBatch/Review-Receipt/button_RejectReceiptBatch")): Object: 'Object Repository/FDR-Receipt/FDR-ReceiptBatch/Review-Receipt/button_RejectReceiptBatch' is clicked on

2020-09-18 11:38:23 - [MESSAGE][PASSED] - Object: 'Object Repository/FDR-Receipt/FDR-ReceiptBatch/Review-Receipt/button_RejectReceiptBatch' is clicked on

2020-09-18 11:38:23 - [TEST_STEP][PASSED] - waitForElementPresent(findTestObject("FDR-Receipt/FDR-ReceiptBatch/Fix/clearButton"), 5): Object 'Object Repository/FDR-Receipt/FDR-ReceiptBatch/Fix/clearButton' is present

2020-09-18 11:38:24 - [MESSAGE][PASSED] - Object 'Object Repository/FDR-Receipt/FDR-ReceiptBatch/Fix/clearButton' is present

2020-09-18 11:38:24 - [TEST_STEP][PASSED] - click(findTestObject("FDR-Receipt/FDR-ReceiptBatch/Fix/clearButton")): Object: 'Object Repository/FDR-Receipt/FDR-ReceiptBatch/Fix/clearButton' is clicked on

2020-09-18 11:38:24 - [MESSAGE][PASSED] - Object: 'Object Repository/FDR-Receipt/FDR-ReceiptBatch/Fix/clearButton' is clicked on

2020-09-18 11:38:24 - [TEST_STEP][PASSED] - waitForElementPresent(findTestObject("FDR-Receipt/FDR-ReceiptBatch/Fix/fixBatchButton"), 5): Object 'Object Repository/FDR-Receipt/FDR-ReceiptBatch/Fix/fixBatchButton' is present

2020-09-18 11:38:25 - [MESSAGE][PASSED] - Object 'Object Repository/FDR-Receipt/FDR-ReceiptBatch/Fix/fixBatchButton' is present

2020-09-18 11:38:25 - [TEST_STEP][PASSED] - click(findTestObject("FDR-Receipt/FDR-ReceiptBatch/Fix/fixBatchButton")): Object: 'Object Repository/FDR-Receipt/FDR-ReceiptBatch/Fix/fixBatchButton' is clicked on

2020-09-18 11:38:26 - [MESSAGE][PASSED] - Object: 'Object Repository/FDR-Receipt/FDR-ReceiptBatch/Fix/fixBatchButton' is clicked on

2020-09-18 11:38:26 - [TEST_STEP][PASSED] - waitForElementPresent(findTestObject("FDR-Receipt/FDR-ReceiptBatch/Fix/fixButton"), 5): Object 'Object Repository/FDR-Receipt/FDR-ReceiptBatch/Fix/fixButton' is present

2020-09-18 11:38:27 - [MESSAGE][PASSED] - Object 'Object Repository/FDR-Receipt/FDR-ReceiptBatch/Fix/fixButton' is present

2020-09-18 11:38:27 - [TEST_STEP][PASSED] - click(findTestObject("FDR-Receipt/FDR-ReceiptBatch/Fix/fixButton")): Object: 'Object Repository/FDR-Receipt/FDR-ReceiptBatch/Fix/fixButton' is clicked on

2020-09-18 11:38:27 - [MESSAGE][PASSED] - Object: 'Object Repository/FDR-Receipt/FDR-ReceiptBatch/Fix/fixButton' is clicked on

2020-09-18 11:38:27 - [TEST_STEP][PASSED] - waitForElementPresent(findTestObject("FDR-Dashboard/createNewVoucherButton"), 4): Object 'Object Repository/FDR-Dashboard/createNewVoucherButton' is not present after 4 second(s)

2020-09-18 11:38:32 - [MESSAGE][INFO] - Unable to find the element located by 'By.xpath: //*[@data-id='button-link']//*[contains(text(),'Create New Voucher')]'. Please recheck the objects properties to make sure the desired element is located. 

2020-09-18 11:38:32 - [MESSAGE][WARNING] - Object 'Object Repository/FDR-Dashboard/createNewVoucherButton' is not present after 4 second(s)

2020-09-18 11:38:32 - [TEST_STEP][PASSED] - instructionsLabel = "INSTRUCTIONS FOR FIXING THIS RECEIPT": null

2020-09-18 11:38:32 - [TEST_STEP][PASSED] - verifyElementText(findTestObject("FDR-Receipt/FDR-ReceiptBatch/Fix/instructionsLabel"), instructionsLabel, STOP_ON_FAILURE): Actual text and expected text of test object 'Object Repository/FDR-Receipt/FDR-ReceiptBatch/Fix/instructionsLabel' are matched.

2020-09-18 11:38:32 - [MESSAGE][PASSED] - Actual text and expected text of test object 'Object Repository/FDR-Receipt/FDR-ReceiptBatch/Fix/instructionsLabel' are matched.

2020-09-18 11:38:32 - [TEST_STEP][PASSED] - instructionsIncorrectDrawDate = "Incorrect Draw Date": null

2020-09-18 11:38:32 - [TEST_STEP][FAILED] - verifyElementText(findTestObject("FDR-Receipt/FDR-ReceiptBatch/Fix/instructionsIncorrectDrawDate"), instructionsIncorrectDrawDate, STOP_ON_FAILURE): Verify element text of test object 'Object Repository/FDR-Receipt/FDR-ReceiptBatch/Fix/instructionsIncorrectDrawDate' FAILED. (Root cause: com.kms.katalon.core.exception.StepFailedException: Verify element text of test object 'Object Repository/FDR-Receipt/FDR-ReceiptBatch/Fix/instructionsIncorrectDrawDate' FAILED.
	at com.kms.katalon.core.webui.keyword.internal.WebUIKeywordMain.stepFailed(WebUIKeywordMain.groovy:64)
	at com.kms.katalon.core.webui.keyword.internal.WebUIKeywordMain.runKeyword(WebUIKeywordMain.groovy:26)
	at com.kms.katalon.core.webui.keyword.builtin.VerifyElementTextKeyword.verifyElementText(VerifyElementTextKeyword.groovy:72)
	at com.kms.katalon.core.webui.keyword.builtin.VerifyElementTextKeyword.execute(VerifyElementTextKeyword.groovy:40)
	at com.kms.katalon.core.keyword.internal.KeywordExecutor.executeKeywordForPlatform(KeywordExecutor.groovy:73)
	at com.kms.katalon.core.webui.keyword.WebUiBuiltInKeywords.verifyElementText(WebUiBuiltInKeywords.groovy:3673)
	at com.kms.katalon.core.webui.keyword.WebUiBuiltInKeywords$verifyElementText$14.call(Unknown Source)
	at FDR-Receipts-FixStateReasons.run(FDR-Receipts-FixStateReasons:93)
	at com.kms.katalon.core.main.ScriptEngine.run(ScriptEngine.java:194)
	at com.kms.katalon.core.main.ScriptEngine.runScriptAsRawText(ScriptEngine.java:119)
	at com.kms.katalon.core.main.TestCaseExecutor.runScript(TestCaseExecutor.java:339)
	at com.kms.katalon.core.main.TestCaseExecutor.doExecute(TestCaseExecutor.java:330)
	at com.kms.katalon.core.main.TestCaseExecutor.processExecutionPhase(TestCaseExecutor.java:309)
	at com.kms.katalon.core.main.TestCaseExecutor.accessMainPhase(TestCaseExecutor.java:301)
	at com.kms.katalon.core.main.TestCaseExecutor.execute(TestCaseExecutor.java:235)
	at com.kms.katalon.core.main.TestSuiteExecutor.accessTestCaseMainPhase(TestSuiteExecutor.java:191)
	at com.kms.katalon.core.main.TestSuiteExecutor.accessTestSuiteMainPhase(TestSuiteExecutor.java:141)
	at com.kms.katalon.core.main.TestSuiteExecutor.execute(TestSuiteExecutor.java:90)
	at com.kms.katalon.core.main.TestCaseMain.startTestSuite(TestCaseMain.java:157)
	at com.kms.katalon.core.main.TestCaseMain$startTestSuite$0.call(Unknown Source)
	at TempTestSuite1600450929689.run(TempTestSuite1600450929689.groovy:39)
Caused by: com.kms.katalon.core.exception.StepFailedException: Actual text 'Incorrect Pay Date, Incorrect Draw Date' and expected text 'Incorrect Draw Date' of test object 'Object Repository/FDR-Receipt/FDR-ReceiptBatch/Fix/instructionsIncorrectDrawDate' are NOT matched.
	at com.kms.katalon.core.webui.keyword.internal.WebUIKeywordMain.stepFailed(WebUIKeywordMain.groovy:64)
	at com.kms.katalon.core.webui.keyword.builtin.VerifyElementTextKeyword$_verifyElementText_closure1.doCall(VerifyElementTextKeyword.groovy:57)
	at com.kms.katalon.core.webui.keyword.builtin.VerifyElementTextKeyword$_verifyElementText_closure1.call(VerifyElementTextKeyword.groovy)
	at com.kms.katalon.core.webui.keyword.internal.WebUIKeywordMain.runKeyword(WebUIKeywordMain.groovy:20)
	... 19 more
)

2020-09-18 11:38:33 - [MESSAGE][FAILED] - Actual text 'Incorrect Pay Date, Incorrect Draw Date' and expected text 'Incorrect Draw Date' of test object 'Object Repository/FDR-Receipt/FDR-ReceiptBatch/Fix/instructionsIncorrectDrawDate' are NOT matched. (Root cause: com.kms.katalon.core.exception.StepFailedException: Actual text 'Incorrect Pay Date, Incorrect Draw Date' and expected text 'Incorrect Draw Date' of test object 'Object Repository/FDR-Receipt/FDR-ReceiptBatch/Fix/instructionsIncorrectDrawDate' are NOT matched.
	at com.kms.katalon.core.webui.keyword.internal.WebUIKeywordMain.stepFailed(WebUIKeywordMain.groovy:64)
	at com.kms.katalon.core.webui.keyword.builtin.VerifyElementTextKeyword$_verifyElementText_closure1.doCall(VerifyElementTextKeyword.groovy:57)
	at com.kms.katalon.core.webui.keyword.builtin.VerifyElementTextKeyword$_verifyElementText_closure1.call(VerifyElementTextKeyword.groovy)
	at com.kms.katalon.core.webui.keyword.internal.WebUIKeywordMain.runKeyword(WebUIKeywordMain.groovy:20)
	at com.kms.katalon.core.webui.keyword.builtin.VerifyElementTextKeyword.verifyElementText(VerifyElementTextKeyword.groovy:72)
	at com.kms.katalon.core.webui.keyword.builtin.VerifyElementTextKeyword.execute(VerifyElementTextKeyword.groovy:40)
	at com.kms.katalon.core.keyword.internal.KeywordExecutor.executeKeywordForPlatform(KeywordExecutor.groovy:73)
	at com.kms.katalon.core.webui.keyword.WebUiBuiltInKeywords.verifyElementText(WebUiBuiltInKeywords.groovy:3673)
	at com.kms.katalon.core.webui.keyword.WebUiBuiltInKeywords$verifyElementText$14.call(Unknown Source)
	at FDR-Receipts-FixStateReasons.run(FDR-Receipts-FixStateReasons:93)
	at com.kms.katalon.core.main.ScriptEngine.run(ScriptEngine.java:194)
	at com.kms.katalon.core.main.ScriptEngine.runScriptAsRawText(ScriptEngine.java:119)
	at com.kms.katalon.core.main.TestCaseExecutor.runScript(TestCaseExecutor.java:339)
	at com.kms.katalon.core.main.TestCaseExecutor.doExecute(TestCaseExecutor.java:330)
	at com.kms.katalon.core.main.TestCaseExecutor.processExecutionPhase(TestCaseExecutor.java:309)
	at com.kms.katalon.core.main.TestCaseExecutor.accessMainPhase(TestCaseExecutor.java:301)
	at com.kms.katalon.core.main.TestCaseExecutor.execute(TestCaseExecutor.java:235)
	at com.kms.katalon.core.main.TestSuiteExecutor.accessTestCaseMainPhase(TestSuiteExecutor.java:191)
	at com.kms.katalon.core.main.TestSuiteExecutor.accessTestSuiteMainPhase(TestSuiteExecutor.java:141)
	at com.kms.katalon.core.main.TestSuiteExecutor.execute(TestSuiteExecutor.java:90)
	at com.kms.katalon.core.main.TestCaseMain.startTestSuite(TestCaseMain.java:157)
	at com.kms.katalon.core.main.TestCaseMain$startTestSuite$0.call(Unknown Source)
	at TempTestSuite1600450929689.run(TempTestSuite1600450929689.groovy:39)
)
[[ATTACHMENT|C:\\fdr-automation-develop_08_25_2020\\Reports\\20200918_104208\\Receipt-Integration_Suite\\20200918_104209\\1600454313173.png]]

2020-09-18 11:38:33 - [MESSAGE][FAILED] - Verify element text of test object 'Object Repository/FDR-Receipt/FDR-ReceiptBatch/Fix/instructionsIncorrectDrawDate' FAILED. (Root cause: com.kms.katalon.core.exception.StepFailedException: Verify element text of test object 'Object Repository/FDR-Receipt/FDR-ReceiptBatch/Fix/instructionsIncorrectDrawDate' FAILED.
	at com.kms.katalon.core.webui.keyword.internal.WebUIKeywordMain.stepFailed(WebUIKeywordMain.groovy:64)
	at com.kms.katalon.core.webui.keyword.internal.WebUIKeywordMain.runKeyword(WebUIKeywordMain.groovy:26)
	at com.kms.katalon.core.webui.keyword.builtin.VerifyElementTextKeyword.verifyElementText(VerifyElementTextKeyword.groovy:72)
	at com.kms.katalon.core.webui.keyword.builtin.VerifyElementTextKeyword.execute(VerifyElementTextKeyword.groovy:40)
	at com.kms.katalon.core.keyword.internal.KeywordExecutor.executeKeywordForPlatform(KeywordExecutor.groovy:73)
	at com.kms.katalon.core.webui.keyword.WebUiBuiltInKeywords.verifyElementText(WebUiBuiltInKeywords.groovy:3673)
	at com.kms.katalon.core.webui.keyword.WebUiBuiltInKeywords$verifyElementText$14.call(Unknown Source)
	at FDR-Receipts-FixStateReasons.run(FDR-Receipts-FixStateReasons:93)
	at com.kms.katalon.core.main.ScriptEngine.run(ScriptEngine.java:194)
	at com.kms.katalon.core.main.ScriptEngine.runScriptAsRawText(ScriptEngine.java:119)
	at com.kms.katalon.core.main.TestCaseExecutor.runScript(TestCaseExecutor.java:339)
	at com.kms.katalon.core.main.TestCaseExecutor.doExecute(TestCaseExecutor.java:330)
	at com.kms.katalon.core.main.TestCaseExecutor.processExecutionPhase(TestCaseExecutor.java:309)
	at com.kms.katalon.core.main.TestCaseExecutor.accessMainPhase(TestCaseExecutor.java:301)
	at com.kms.katalon.core.main.TestCaseExecutor.execute(TestCaseExecutor.java:235)
	at com.kms.katalon.core.main.TestSuiteExecutor.accessTestCaseMainPhase(TestSuiteExecutor.java:191)
	at com.kms.katalon.core.main.TestSuiteExecutor.accessTestSuiteMainPhase(TestSuiteExecutor.java:141)
	at com.kms.katalon.core.main.TestSuiteExecutor.execute(TestSuiteExecutor.java:90)
	at com.kms.katalon.core.main.TestCaseMain.startTestSuite(TestCaseMain.java:157)
	at com.kms.katalon.core.main.TestCaseMain$startTestSuite$0.call(Unknown Source)
	at TempTestSuite1600450929689.run(TempTestSuite1600450929689.groovy:39)
Caused by: com.kms.katalon.core.exception.StepFailedException: Actual text 'Incorrect Pay Date, Incorrect Draw Date' and expected text 'Incorrect Draw Date' of test object 'Object Repository/FDR-Receipt/FDR-ReceiptBatch/Fix/instructionsIncorrectDrawDate' are NOT matched.
	at com.kms.katalon.core.webui.keyword.internal.WebUIKeywordMain.stepFailed(WebUIKeywordMain.groovy:64)
	at com.kms.katalon.core.webui.keyword.builtin.VerifyElementTextKeyword$_verifyElementText_closure1.doCall(VerifyElementTextKeyword.groovy:57)
	at com.kms.katalon.core.webui.keyword.builtin.VerifyElementTextKeyword$_verifyElementText_closure1.call(VerifyElementTextKeyword.groovy)
	at com.kms.katalon.core.webui.keyword.internal.WebUIKeywordMain.runKeyword(WebUIKeywordMain.groovy:20)
	... 19 more
)
[[ATTACHMENT|C:\\fdr-automation-develop_08_25_2020\\Reports\\20200918_104208\\Receipt-Integration_Suite\\20200918_104209\\1600454313491.png]]

2020-09-18 11:38:33 - [TEST_STEP][PASSED] - Start listener action : sampleAfterTestCase: Browser is closed

2020-09-18 11:38:33 - [TEST_STEP][PASSED] - profileName = getExecutionProfile(): null

2020-09-18 11:38:33 - [TEST_STEP][PASSED] - switch (profileName): null

2020-09-18 11:38:33 - [TEST_STEP][PASSED] - if (!(skipBeforeAndAfterTestCase)): Browser is closed

2020-09-18 11:38:33 - [TEST_STEP][PASSED] - Uifunctions.logoutFDR(): Browser is closed

2020-09-18 11:38:34 - [MESSAGE][PASSED] - Browser is closed

2020-09-18 11:38:34 - [TEST_STEP][PASSED] - Start listener action : afterTestCase: null

2020-09-18 11:38:34 - [TEST_STEP][PASSED] - profileName = getExecutionProfile(): null

2020-09-18 11:38:34 - [TEST_STEP][PASSED] - if (profileName.equalsIgnoreCase("SysAdmin")): null

2020-09-18 11:38:34 - [TEST_STEP][PASSED] - Start listener action : sampleAfterTestCase: null

2020-09-18 11:38:34 - [TEST_STEP][PASSED] - profileName = getExecutionProfile(): null

2020-09-18 11:38:34 - [TEST_STEP][PASSED] - switch (profileName): null

2020-09-18 11:38:34 - [TEST_STEP][PASSED] - Default: null

2020-09-18 11:38:34 - [TEST_STEP][PASSED] - return null: null

2020-09-18 11:38:34 - [TEST_STEP][PASSED] - Start listener action : addFailedTCToList: null]]></system-out>
         <system-err><![CDATA[2020-09-18 11:37:32 - [TEST_CASE][FAILED] - Test Cases/WEB-UI-TESTS/Receipt/FDR-Receipts-FixStateReasons: Test Cases/WEB-UI-TESTS/Receipt/FDR-Receipts-FixStateReasons FAILED.
Reason:
com.kms.katalon.core.exception.StepFailedException: Verify element text of test object 'Object Repository/FDR-Receipt/FDR-ReceiptBatch/Fix/instructionsIncorrectDrawDate' FAILED.
	at com.kms.katalon.core.webui.keyword.internal.WebUIKeywordMain.stepFailed(WebUIKeywordMain.groovy:64)
	at com.kms.katalon.core.webui.keyword.internal.WebUIKeywordMain.runKeyword(WebUIKeywordMain.groovy:26)
	at com.kms.katalon.core.webui.keyword.builtin.VerifyElementTextKeyword.verifyElementText(VerifyElementTextKeyword.groovy:72)
	at com.kms.katalon.core.webui.keyword.builtin.VerifyElementTextKeyword.execute(VerifyElementTextKeyword.groovy:40)
	at com.kms.katalon.core.keyword.internal.KeywordExecutor.executeKeywordForPlatform(KeywordExecutor.groovy:73)
	at com.kms.katalon.core.webui.keyword.WebUiBuiltInKeywords.verifyElementText(WebUiBuiltInKeywords.groovy:3673)
	at com.kms.katalon.core.webui.keyword.WebUiBuiltInKeywords$verifyElementText$14.call(Unknown Source)
	at FDR-Receipts-FixStateReasons.run(FDR-Receipts-FixStateReasons:93)
	at com.kms.katalon.core.main.ScriptEngine.run(ScriptEngine.java:194)
	at com.kms.katalon.core.main.ScriptEngine.runScriptAsRawText(ScriptEngine.java:119)
	at com.kms.katalon.core.main.TestCaseExecutor.runScript(TestCaseExecutor.java:339)
	at com.kms.katalon.core.main.TestCaseExecutor.doExecute(TestCaseExecutor.java:330)
	at com.kms.katalon.core.main.TestCaseExecutor.processExecutionPhase(TestCaseExecutor.java:309)
	at com.kms.katalon.core.main.TestCaseExecutor.accessMainPhase(TestCaseExecutor.java:301)
	at com.kms.katalon.core.main.TestCaseExecutor.execute(TestCaseExecutor.java:235)
	at com.kms.katalon.core.main.TestSuiteExecutor.accessTestCaseMainPhase(TestSuiteExecutor.java:191)
	at com.kms.katalon.core.main.TestSuiteExecutor.accessTestSuiteMainPhase(TestSuiteExecutor.java:141)
	at com.kms.katalon.core.main.TestSuiteExecutor.execute(TestSuiteExecutor.java:90)
	at com.kms.katalon.core.main.TestCaseMain.startTestSuite(TestCaseMain.java:157)
	at com.kms.katalon.core.main.TestCaseMain$startTestSuite$0.call(Unknown Source)
	at TempTestSuite1600450929689.run(TempTestSuite1600450929689.groovy:39)
Caused by: com.kms.katalon.core.exception.StepFailedException: Actual text 'Incorrect Pay Date, Incorrect Draw Date' and expected text 'Incorrect Draw Date' of test object 'Object Repository/FDR-Receipt/FDR-ReceiptBatch/Fix/instructionsIncorrectDrawDate' are NOT matched.
	at com.kms.katalon.core.webui.keyword.internal.WebUIKeywordMain.stepFailed(WebUIKeywordMain.groovy:64)
	at com.kms.katalon.core.webui.keyword.builtin.VerifyElementTextKeyword$_verifyElementText_closure1.doCall(VerifyElementTextKeyword.groovy:57)
	at com.kms.katalon.core.webui.keyword.builtin.VerifyElementTextKeyword$_verifyElementText_closure1.call(VerifyElementTextKeyword.groovy)
	at com.kms.katalon.core.webui.keyword.internal.WebUIKeywordMain.runKeyword(WebUIKeywordMain.groovy:20)
	... 19 more]]></system-err>
      </testcase>
      <testcase name="Test Cases/WEB-UI-TESTS/Receipt/FDR-Validate-Receipt-RA-CR-checkMarked" time="31.791" classname="Test Cases/WEB-UI-TESTS/Receipt/FDR-Validate-Receipt-RA-CR-checkMarked" status="PASSED">
         <system-out><![CDATA[2020-09-18 11:38:34 - [TEST_CASE][PASSED] - Test Cases/WEB-UI-TESTS/Receipt/FDR-Validate-Receipt-RA-CR-checkMarked: Test Cases/WEB-UI-TESTS/Receipt/FDR-Validate-Receipt-RA-CR-checkMarked

2020-09-18 11:38:34 - [TEST_STEP][PASSED] - Start listener action : sampleBeforeTestCase: Navigate to 'https://fdr-katalon.cammis-mod-dev.dhcs.ca.gov' successfully

2020-09-18 11:38:34 - [TEST_STEP][PASSED] - profileName = getExecutionProfile(): null

2020-09-18 11:38:34 - [TEST_STEP][PASSED] - switch (profileName): null

2020-09-18 11:38:34 - [TEST_STEP][PASSED] - testCaseId = testCaseContext.getTestCaseId(): null

2020-09-18 11:38:34 - [TEST_STEP][PASSED] - if (!(skipBeforeAndAfterTestCase)): Navigate to 'https://fdr-katalon.cammis-mod-dev.dhcs.ca.gov' successfully

2020-09-18 11:38:34 - [TEST_STEP][PASSED] - if (account7TestCases.contains(testCaseId)): Object: 'Object Repository/FDR-SignIn/SignInButton' is clicked on

2020-09-18 11:38:34 - [TEST_STEP][PASSED] - Uifunctions.loginFDR(accountsAdmin, accountsAdminPwd): Object: 'Object Repository/FDR-SignIn/SignInButton' is clicked on

2020-09-18 11:38:34 - [MESSAGE][INFO] - Starting 'Chrome' driver

2020-09-18 11:38:34 - [MESSAGE][INFO] - Action delay is set to 0 milliseconds

2020-09-18 11:38:37 - [MESSAGE][PASSED] - Browser is opened with url: ''

2020-09-18 11:38:39 - [MESSAGE][PASSED] - Current window maximized

2020-09-18 11:38:40 - [MESSAGE][PASSED] - Navigate to 'https://fdr-katalon.cammis-mod-dev.dhcs.ca.gov' successfully

2020-09-18 11:38:42 - [MESSAGE][PASSED] - Object 'Object Repository/FDR-SignIn/SignInEmail' is present

2020-09-18 11:38:42 - [MESSAGE][PASSED] - Object: 'Object Repository/FDR-SignIn/SignInEmail' is clicked on

2020-09-18 11:38:42 - [MESSAGE][PASSED] - Object 'Object Repository/FDR-SignIn/SignInEmail' is present

2020-09-18 11:38:43 - [MESSAGE][PASSED] - Text 'fdr.test4@dhcs.ca.gov' is set on object 'Object Repository/FDR-SignIn/SignInEmail'

2020-09-18 11:38:43 - [MESSAGE][PASSED] - Object 'Object Repository/FDR-SignIn/SignInEmailNext' is visible

2020-09-18 11:38:43 - [MESSAGE][PASSED] - Object: 'Object Repository/FDR-SignIn/SignInEmailNext' is clicked on

2020-09-18 11:38:46 - [MESSAGE][PASSED] - Object 'Object Repository/FDR-SignIn/SignInEmailPassword' is visible

2020-09-18 11:38:47 - [MESSAGE][PASSED] - Object: 'Object Repository/FDR-SignIn/SignInEmailPassword' is clicked on

2020-09-18 11:38:47 - [MESSAGE][PASSED] - Text ****** has been set on object 'Object Repository/FDR-SignIn/SignInEmailPassword'

2020-09-18 11:38:49 - [MESSAGE][PASSED] - Object: 'Object Repository/FDR-SignIn/SignInButton' is clicked on

2020-09-18 11:38:49 - [TEST_STEP][PASSED] - navigateToUrl(URL): Navigate to 'https://fdr-katalon.cammis-mod-dev.dhcs.ca.gov' successfully

2020-09-18 11:38:49 - [MESSAGE][PASSED] - Navigate to 'https://fdr-katalon.cammis-mod-dev.dhcs.ca.gov' successfully

2020-09-18 11:38:49 - [TEST_STEP][PASSED] - Start listener action : beforeTestCase: null

2020-09-18 11:38:49 - [TEST_STEP][PASSED] - profileName = getExecutionProfile(): null

2020-09-18 11:38:49 - [TEST_STEP][PASSED] - if (profileName.equalsIgnoreCase("SysAdmin")): null

2020-09-18 11:38:49 - [TEST_STEP][PASSED] - Start listener action : sampleBeforeTestCase: null

2020-09-18 11:38:49 - [TEST_STEP][PASSED] - profileName = getExecutionProfile(): null

2020-09-18 11:38:49 - [TEST_STEP][PASSED] - testCaseId = testCaseContext.getTestCaseId(): null

2020-09-18 11:38:49 - [TEST_STEP][PASSED] - switch (profileName): null

2020-09-18 11:38:49 - [TEST_STEP][PASSED] - Default: null

2020-09-18 11:38:49 - [TEST_STEP][PASSED] - return null: null

2020-09-18 11:38:49 - [TEST_STEP][PASSED] - Start listener action : executeRows: null

2020-09-18 11:38:49 - [TEST_STEP][PASSED] - newDepositId = RandomStringUtils.randomNumeric(7): null

2020-09-18 11:38:49 - [TEST_STEP][PASSED] - waitForElementPresent(findTestObject("FDR-Receipt/FDR-Receipt-Dashboard/createNew_ReceiptBatch_Button"), 3): Object 'Object Repository/FDR-Receipt/FDR-Receipt-Dashboard/createNew_ReceiptBatch_Button' is present

2020-09-18 11:38:51 - [MESSAGE][PASSED] - Object 'Object Repository/FDR-Receipt/FDR-Receipt-Dashboard/createNew_ReceiptBatch_Button' is present

2020-09-18 11:38:51 - [TEST_STEP][PASSED] - click(findTestObject("FDR-Receipt/FDR-Receipt-Dashboard/createNew_ReceiptBatch_Button")): Object: 'Object Repository/FDR-Receipt/FDR-Receipt-Dashboard/createNew_ReceiptBatch_Button' is clicked on

2020-09-18 11:38:52 - [MESSAGE][PASSED] - Object: 'Object Repository/FDR-Receipt/FDR-Receipt-Dashboard/createNew_ReceiptBatch_Button' is clicked on

2020-09-18 11:38:52 - [TEST_STEP][PASSED] - waitForElementPresent(findTestObject("FDR-Dashboard/createNewVoucherButton"), 4): Object 'Object Repository/FDR-Dashboard/createNewVoucherButton' is not present after 4 second(s)

2020-09-18 11:38:57 - [MESSAGE][INFO] - Unable to find the element located by 'By.xpath: //*[@data-id='button-link']//*[contains(text(),'Create New Voucher')]'. Please recheck the objects properties to make sure the desired element is located. 

2020-09-18 11:38:57 - [MESSAGE][WARNING] - Object 'Object Repository/FDR-Dashboard/createNewVoucherButton' is not present after 4 second(s)

2020-09-18 11:38:57 - [TEST_STEP][PASSED] - waitForElementPresent(findTestObject("FDR-Receipt/FDR-Receipt-Header/View/inputDrawDate"), 3): Object 'Object Repository/FDR-Receipt/FDR-Receipt-Header/View/inputDrawDate' is present

2020-09-18 11:38:57 - [MESSAGE][PASSED] - Object 'Object Repository/FDR-Receipt/FDR-Receipt-Header/View/inputDrawDate' is present

2020-09-18 11:38:57 - [TEST_STEP][PASSED] - sendKeys(findTestObject("FDR-Receipt/FDR-Receipt-Header/View/inputDrawDate"), Drawdate): Keys '09/30/2020' sent to object: 'Object Repository/FDR-Receipt/FDR-Receipt-Header/View/inputDrawDate'

2020-09-18 11:38:58 - [MESSAGE][PASSED] - Keys '09/30/2020' sent to object: 'Object Repository/FDR-Receipt/FDR-Receipt-Header/View/inputDrawDate'

2020-09-18 11:38:58 - [TEST_STEP][PASSED] - waitForElementPresent(findTestObject("FDR-Receipt/FDR-Receipt-Header/Edit/payDate"), 3): Object 'Object Repository/FDR-Receipt/FDR-Receipt-Header/Edit/payDate' is present

2020-09-18 11:38:58 - [MESSAGE][PASSED] - Object 'Object Repository/FDR-Receipt/FDR-Receipt-Header/Edit/payDate' is present

2020-09-18 11:38:58 - [TEST_STEP][PASSED] - sendKeys(findTestObject("FDR-Receipt/FDR-Receipt-Header/Edit/payDate"), Paydate): Keys '10/02/2020' sent to object: 'Object Repository/FDR-Receipt/FDR-Receipt-Header/Edit/payDate'

2020-09-18 11:38:59 - [MESSAGE][PASSED] - Keys '10/02/2020' sent to object: 'Object Repository/FDR-Receipt/FDR-Receipt-Header/Edit/payDate'

2020-09-18 11:38:59 - [TEST_STEP][PASSED] - waitForElementPresent(findTestObject("FDR-Receipt/FDR-Receipt-Header/View/deposit ID"), 5): Object 'Object Repository/FDR-Receipt/FDR-Receipt-Header/View/deposit ID' is present

2020-09-18 11:38:59 - [MESSAGE][PASSED] - Object 'Object Repository/FDR-Receipt/FDR-Receipt-Header/View/deposit ID' is present

2020-09-18 11:38:59 - [TEST_STEP][PASSED] - sendKeys(findTestObject("FDR-Receipt/FDR-Receipt-Header/View/deposit ID"), newDepositId): Keys '9506954' sent to object: 'Object Repository/FDR-Receipt/FDR-Receipt-Header/View/deposit ID'

2020-09-18 11:38:59 - [MESSAGE][PASSED] - Keys '9506954' sent to object: 'Object Repository/FDR-Receipt/FDR-Receipt-Header/View/deposit ID'

2020-09-18 11:38:59 - [TEST_STEP][PASSED] - waitForElementPresent(findTestObject("FDR-Receipt/FDR-ReceiptBatch/receiptNotes"), 5): Object 'Object Repository/FDR-Receipt/FDR-ReceiptBatch/receiptNotes' is present

2020-09-18 11:39:00 - [MESSAGE][PASSED] - Object 'Object Repository/FDR-Receipt/FDR-ReceiptBatch/receiptNotes' is present

2020-09-18 11:39:00 - [TEST_STEP][PASSED] - sendKeys(findTestObject("FDR-Receipt/FDR-ReceiptBatch/receiptNotes"), Receiptnotes): Keys 'rqewrq' sent to object: 'Object Repository/FDR-Receipt/FDR-ReceiptBatch/receiptNotes'

2020-09-18 11:39:01 - [MESSAGE][PASSED] - Keys 'rqewrq' sent to object: 'Object Repository/FDR-Receipt/FDR-ReceiptBatch/receiptNotes'

2020-09-18 11:39:01 - [TEST_STEP][PASSED] - waitForElementPresent(findTestObject("FDR-Receipt/FDR-Receipt-Header/View/remittanceNo"), 5): Object 'Object Repository/FDR-Receipt/FDR-Receipt-Header/View/remittanceNo' is present

2020-09-18 11:39:01 - [MESSAGE][PASSED] - Object 'Object Repository/FDR-Receipt/FDR-Receipt-Header/View/remittanceNo' is present

2020-09-18 11:39:01 - [TEST_STEP][PASSED] - sendKeys(findTestObject("FDR-Receipt/FDR-Receipt-Header/View/remittanceNo"), Remittance): Keys '1234' sent to object: 'Object Repository/FDR-Receipt/FDR-Receipt-Header/View/remittanceNo'

2020-09-18 11:39:02 - [MESSAGE][PASSED] - Keys '1234' sent to object: 'Object Repository/FDR-Receipt/FDR-Receipt-Header/View/remittanceNo'

2020-09-18 11:39:02 - [TEST_STEP][PASSED] - waitForElementPresent(findTestObject("FDR-Receipt/FDR-Receipt-Header/View/controllerNo"), 5): Object 'Object Repository/FDR-Receipt/FDR-Receipt-Header/View/controllerNo' is present

2020-09-18 11:39:02 - [MESSAGE][PASSED] - Object 'Object Repository/FDR-Receipt/FDR-Receipt-Header/View/controllerNo' is present

2020-09-18 11:39:02 - [TEST_STEP][PASSED] - sendKeys(findTestObject("FDR-Receipt/FDR-Receipt-Header/View/controllerNo"), Controller): Keys '4567' sent to object: 'Object Repository/FDR-Receipt/FDR-Receipt-Header/View/controllerNo'

2020-09-18 11:39:03 - [MESSAGE][PASSED] - Keys '4567' sent to object: 'Object Repository/FDR-Receipt/FDR-Receipt-Header/View/controllerNo'

2020-09-18 11:39:03 - [TEST_STEP][PASSED] - waitForElementPresent(findTestObject("FDR-Receipt/FDR-Receipt-Header/View/buttonNext"), 5): Object 'Object Repository/FDR-Receipt/FDR-Receipt-Header/View/buttonNext' is present

2020-09-18 11:39:03 - [MESSAGE][PASSED] - Object 'Object Repository/FDR-Receipt/FDR-Receipt-Header/View/buttonNext' is present

2020-09-18 11:39:03 - [TEST_STEP][PASSED] - click(findTestObject("FDR-Receipt/FDR-Receipt-Header/View/buttonNext")): Object: 'Object Repository/FDR-Receipt/FDR-Receipt-Header/View/buttonNext' is clicked on

2020-09-18 11:39:04 - [MESSAGE][PASSED] - Object: 'Object Repository/FDR-Receipt/FDR-Receipt-Header/View/buttonNext' is clicked on

2020-09-18 11:39:04 - [TEST_STEP][PASSED] - waitForElementPresent(findTestObject("FDR-Receipt/FDR-ReceiptBatch/colorRA"), 5): Object 'Object Repository/FDR-Receipt/FDR-ReceiptBatch/colorRA' is present

2020-09-18 11:39:04 - [MESSAGE][PASSED] - Object 'Object Repository/FDR-Receipt/FDR-ReceiptBatch/colorRA' is present

2020-09-18 11:39:04 - [TEST_STEP][PASSED] - css_color_RA = getCSSValue(findTestObject("FDR-Receipt/FDR-ReceiptBatch/colorRA"), "color"): Get CSS 'color' value on 'Object Repository/FDR-Receipt/FDR-ReceiptBatch/colorRA' successfully: 'rgba(71, 185, 112, 1)'.

2020-09-18 11:39:05 - [MESSAGE][PASSED] - Get CSS 'color' value on 'Object Repository/FDR-Receipt/FDR-ReceiptBatch/colorRA' successfully: 'rgba(71, 185, 112, 1)'.

2020-09-18 11:39:05 - [TEST_STEP][PASSED] - css_color_CA = getCSSValue(findTestObject("FDR-Receipt/FDR-ReceiptBatch/colorCA"), "color"): Get CSS 'color' value on 'Object Repository/FDR-Receipt/FDR-ReceiptBatch/colorCA' successfully: 'rgba(71, 185, 112, 1)'.

2020-09-18 11:39:05 - [MESSAGE][PASSED] - Get CSS 'color' value on 'Object Repository/FDR-Receipt/FDR-ReceiptBatch/colorCA' successfully: 'rgba(71, 185, 112, 1)'.

2020-09-18 11:39:05 - [TEST_STEP][PASSED] - verifyEqual(css_color_RA, "rgba(71, 185, 112, 1)"): Actual object 'rgba(71, 185, 112, 1)' and expected object 'rgba(71, 185, 112, 1)' are equal

2020-09-18 11:39:05 - [MESSAGE][PASSED] - Actual object 'rgba(71, 185, 112, 1)' and expected object 'rgba(71, 185, 112, 1)' are equal

2020-09-18 11:39:05 - [TEST_STEP][PASSED] - if (css_color_RA == "rgba(71, 185, 112, 1)" && css_color_CA == "rgba(71, 185, 112, 1)"): Object 'Object Repository/FDR-Receipt/FDR-ReceiptBatch/reviewButton' is clickable

2020-09-18 11:39:05 - [TEST_STEP][PASSED] - verifyElementClickable(findTestObject("FDR-Receipt/FDR-ReceiptBatch/reviewButton")): Object 'Object Repository/FDR-Receipt/FDR-ReceiptBatch/reviewButton' is clickable

2020-09-18 11:39:05 - [MESSAGE][PASSED] - Object 'Object Repository/FDR-Receipt/FDR-ReceiptBatch/reviewButton' is clickable

2020-09-18 11:39:05 - [TEST_STEP][PASSED] - Start listener action : sampleAfterTestCase: Browser is closed

2020-09-18 11:39:05 - [TEST_STEP][PASSED] - profileName = getExecutionProfile(): null

2020-09-18 11:39:05 - [TEST_STEP][PASSED] - switch (profileName): null

2020-09-18 11:39:05 - [TEST_STEP][PASSED] - if (!(skipBeforeAndAfterTestCase)): Browser is closed

2020-09-18 11:39:05 - [TEST_STEP][PASSED] - Uifunctions.logoutFDR(): Browser is closed

2020-09-18 11:39:06 - [MESSAGE][PASSED] - Browser is closed

2020-09-18 11:39:06 - [TEST_STEP][PASSED] - Start listener action : afterTestCase: null

2020-09-18 11:39:06 - [TEST_STEP][PASSED] - profileName = getExecutionProfile(): null

2020-09-18 11:39:06 - [TEST_STEP][PASSED] - if (profileName.equalsIgnoreCase("SysAdmin")): null

2020-09-18 11:39:06 - [TEST_STEP][PASSED] - Start listener action : sampleAfterTestCase: null

2020-09-18 11:39:06 - [TEST_STEP][PASSED] - profileName = getExecutionProfile(): null

2020-09-18 11:39:06 - [TEST_STEP][PASSED] - switch (profileName): null

2020-09-18 11:39:06 - [TEST_STEP][PASSED] - Default: null

2020-09-18 11:39:06 - [TEST_STEP][PASSED] - return null: null

2020-09-18 11:39:06 - [TEST_STEP][PASSED] - Start listener action : addFailedTCToList: null]]></system-out>
         <system-err><![CDATA[]]></system-err>
      </testcase>
      <testcase name="Test Cases/WEB-UI-TESTS/Receipt/FDR-Validate-Updated-Receipt-DistributionLine" time="73.386" classname="Test Cases/WEB-UI-TESTS/Receipt/FDR-Validate-Updated-Receipt-DistributionLine" status="PASSED">
         <system-out><![CDATA[2020-09-18 11:39:06 - [TEST_CASE][PASSED] - Test Cases/WEB-UI-TESTS/Receipt/FDR-Validate-Updated-Receipt-DistributionLine: Test Cases/WEB-UI-TESTS/Receipt/FDR-Validate-Updated-Receipt-DistributionLine

2020-09-18 11:39:06 - [TEST_STEP][PASSED] - Start listener action : sampleBeforeTestCase: Navigate to 'https://fdr-katalon.cammis-mod-dev.dhcs.ca.gov' successfully

2020-09-18 11:39:06 - [TEST_STEP][PASSED] - profileName = getExecutionProfile(): null

2020-09-18 11:39:06 - [TEST_STEP][PASSED] - switch (profileName): null

2020-09-18 11:39:06 - [TEST_STEP][PASSED] - testCaseId = testCaseContext.getTestCaseId(): null

2020-09-18 11:39:06 - [TEST_STEP][PASSED] - if (!(skipBeforeAndAfterTestCase)): Navigate to 'https://fdr-katalon.cammis-mod-dev.dhcs.ca.gov' successfully

2020-09-18 11:39:06 - [TEST_STEP][PASSED] - if (account7TestCases.contains(testCaseId)): Object: 'Object Repository/FDR-SignIn/SignInButton' is clicked on

2020-09-18 11:39:06 - [TEST_STEP][PASSED] - Uifunctions.loginFDR(accountsAdmin, accountsAdminPwd): Object: 'Object Repository/FDR-SignIn/SignInButton' is clicked on

2020-09-18 11:39:06 - [MESSAGE][INFO] - Starting 'Chrome' driver

2020-09-18 11:39:06 - [MESSAGE][INFO] - Action delay is set to 0 milliseconds

2020-09-18 11:39:09 - [MESSAGE][PASSED] - Browser is opened with url: ''

2020-09-18 11:39:11 - [MESSAGE][PASSED] - Current window maximized

2020-09-18 11:39:12 - [MESSAGE][PASSED] - Navigate to 'https://fdr-katalon.cammis-mod-dev.dhcs.ca.gov' successfully

2020-09-18 11:39:13 - [MESSAGE][PASSED] - Object 'Object Repository/FDR-SignIn/SignInEmail' is present

2020-09-18 11:39:14 - [MESSAGE][PASSED] - Object: 'Object Repository/FDR-SignIn/SignInEmail' is clicked on

2020-09-18 11:39:14 - [MESSAGE][PASSED] - Object 'Object Repository/FDR-SignIn/SignInEmail' is present

2020-09-18 11:39:15 - [MESSAGE][PASSED] - Text 'fdr.test4@dhcs.ca.gov' is set on object 'Object Repository/FDR-SignIn/SignInEmail'

2020-09-18 11:39:15 - [MESSAGE][PASSED] - Object 'Object Repository/FDR-SignIn/SignInEmailNext' is visible

2020-09-18 11:39:15 - [MESSAGE][PASSED] - Object: 'Object Repository/FDR-SignIn/SignInEmailNext' is clicked on

2020-09-18 11:39:19 - [MESSAGE][PASSED] - Object 'Object Repository/FDR-SignIn/SignInEmailPassword' is visible

2020-09-18 11:39:20 - [MESSAGE][PASSED] - Object: 'Object Repository/FDR-SignIn/SignInEmailPassword' is clicked on

2020-09-18 11:39:20 - [MESSAGE][PASSED] - Text ****** has been set on object 'Object Repository/FDR-SignIn/SignInEmailPassword'

2020-09-18 11:39:22 - [MESSAGE][PASSED] - Object: 'Object Repository/FDR-SignIn/SignInButton' is clicked on

2020-09-18 11:39:22 - [TEST_STEP][PASSED] - navigateToUrl(URL): Navigate to 'https://fdr-katalon.cammis-mod-dev.dhcs.ca.gov' successfully

2020-09-18 11:39:22 - [MESSAGE][PASSED] - Navigate to 'https://fdr-katalon.cammis-mod-dev.dhcs.ca.gov' successfully

2020-09-18 11:39:22 - [TEST_STEP][PASSED] - Start listener action : beforeTestCase: null

2020-09-18 11:39:22 - [TEST_STEP][PASSED] - profileName = getExecutionProfile(): null

2020-09-18 11:39:22 - [TEST_STEP][PASSED] - if (profileName.equalsIgnoreCase("SysAdmin")): null

2020-09-18 11:39:22 - [TEST_STEP][PASSED] - Start listener action : sampleBeforeTestCase: null

2020-09-18 11:39:22 - [TEST_STEP][PASSED] - profileName = getExecutionProfile(): null

2020-09-18 11:39:22 - [TEST_STEP][PASSED] - testCaseId = testCaseContext.getTestCaseId(): null

2020-09-18 11:39:22 - [TEST_STEP][PASSED] - switch (profileName): null

2020-09-18 11:39:22 - [TEST_STEP][PASSED] - Default: null

2020-09-18 11:39:22 - [TEST_STEP][PASSED] - return null: null

2020-09-18 11:39:22 - [TEST_STEP][PASSED] - Start listener action : executeRows: null

2020-09-18 11:39:22 - [TEST_STEP][PASSED] - d = Date().plus(1): null

2020-09-18 11:39:22 - [TEST_STEP][PASSED] - dd = Date().plus(2): null

2020-09-18 11:39:22 - [TEST_STEP][PASSED] - servicedatefrom = d.format("MM/dd/yyyy"): null

2020-09-18 11:39:22 - [TEST_STEP][PASSED] - servicedateto = dd.format("MM/dd/yyyy"): null

2020-09-18 11:39:22 - [TEST_STEP][PASSED] - newDepositId = RandomStringUtils.randomNumeric(7): null

2020-09-18 11:39:22 - [TEST_STEP][PASSED] - editors.createReceipt(Drawdate, Paydate, newDepositId, Receiptnotes): Object: 'Object Repository/FDR-Receipt/FDR-Receipt-Header/View/buttonNext' is clicked on

2020-09-18 11:39:27 - [MESSAGE][INFO] - Unable to find the element located by 'By.xpath: //*[@data-id='button-link']//*[contains(text(),'Create New Voucher')]'. Please recheck the objects properties to make sure the desired element is located. 

2020-09-18 11:39:27 - [MESSAGE][WARNING] - Object 'Object Repository/FDR-Dashboard/createNewVoucherButton' is not present after 4 second(s)

2020-09-18 11:39:28 - [MESSAGE][PASSED] - Object 'Object Repository/FDR-Receipt/FDR-Receipt-Dashboard/createNew_ReceiptBatch_Button' is present

2020-09-18 11:39:28 - [MESSAGE][PASSED] - Object: 'Object Repository/FDR-Receipt/FDR-Receipt-Dashboard/createNew_ReceiptBatch_Button' is clicked on

2020-09-18 11:39:29 - [MESSAGE][PASSED] - Object 'Object Repository/FDR-Receipt/FDR-Receipt-Header/View/inputDrawDate' is present

2020-09-18 11:39:30 - [MESSAGE][PASSED] - Text '09/30/2020' is set on object 'Object Repository/FDR-Receipt/FDR-Receipt-Header/View/inputDrawDate'

2020-09-18 11:39:30 - [MESSAGE][PASSED] - Keys 'TAB + ENTER + ENTER + ' sent to object: 'Object Repository/FDR-Receipt/FDR-Receipt-Header/View/inputDrawDate'

2020-09-18 11:39:31 - [MESSAGE][PASSED] - Object 'Object Repository/FDR-Receipt/FDR-Receipt-Header/Edit/payDate' is present

2020-09-18 11:39:32 - [MESSAGE][PASSED] - Text '10/02/2020' is set on object 'Object Repository/FDR-Receipt/FDR-Receipt-Header/Edit/payDate'

2020-09-18 11:39:32 - [MESSAGE][PASSED] - Object 'Object Repository/FDR-Receipt/FDR-Receipt-Header/View/deposit ID' is present

2020-09-18 11:39:33 - [MESSAGE][PASSED] - Text '6898625' is set on object 'Object Repository/FDR-Receipt/FDR-Receipt-Header/View/deposit ID'

2020-09-18 11:39:34 - [MESSAGE][PASSED] - Object 'Object Repository/FDR-Receipt/FDR-ReceiptBatch/receiptNotes' is present

2020-09-18 11:39:35 - [MESSAGE][PASSED] - Text 'rqewrq' is set on object 'Object Repository/FDR-Receipt/FDR-ReceiptBatch/receiptNotes'

2020-09-18 11:39:35 - [MESSAGE][PASSED] - Object 'Object Repository/FDR-Receipt/FDR-Receipt-Header/Edit/remmitanceAdviceInput' is present

2020-09-18 11:39:35 - [MESSAGE][PASSED] - Keys '' sent to object: 'Object Repository/FDR-Receipt/FDR-Receipt-Header/Edit/remmitanceAdviceInput'

2020-09-18 11:39:36 - [MESSAGE][PASSED] - Object 'Object Repository/FDR-Receipt/FDR-Receipt-Header/Edit/controllerReceiptInput' is present

2020-09-18 11:39:36 - [MESSAGE][PASSED] - Keys '' sent to object: 'Object Repository/FDR-Receipt/FDR-Receipt-Header/Edit/controllerReceiptInput'

2020-09-18 11:39:37 - [MESSAGE][PASSED] - Object 'Object Repository/FDR-Receipt/FDR-Receipt-Header/View/buttonNext' is present

2020-09-18 11:39:37 - [MESSAGE][PASSED] - Object: 'Object Repository/FDR-Receipt/FDR-Receipt-Header/View/buttonNext' is clicked on

2020-09-18 11:39:37 - [TEST_STEP][PASSED] - editors.createReceiptline(ReceiptID, SupplierID, DepositDate): Object: 'Object Repository/FDR-Receipt/FDR-Receipt-Checkline/View/addReceipt_Button2' is clicked on

2020-09-18 11:39:38 - [MESSAGE][PASSED] - Object 'Object Repository/FDR-Receipt/FDR-Receipt-Checkline/View/receipt_ID' is present

2020-09-18 11:39:38 - [MESSAGE][PASSED] - Keys 'CHK10322' sent to object: 'Object Repository/FDR-Receipt/FDR-Receipt-Checkline/View/receipt_ID'

2020-09-18 11:39:39 - [MESSAGE][PASSED] - Object 'Object Repository/FDR-Receipt/FDR-Receipt-Checkline/View/supplier_Id' is present

2020-09-18 11:39:39 - [MESSAGE][PASSED] - Object: 'Object Repository/FDR-Receipt/FDR-Receipt-Checkline/View/supplier_Id' is clicked on

2020-09-18 11:39:40 - [MESSAGE][PASSED] - Keys '0000007954' sent to object: 'Object Repository/FDR-Receipt/FDR-Receipt-Checkline/View/supplier_Id'

2020-09-18 11:39:40 - [MESSAGE][PASSED] - Keys 'DOWN + ENTER + ' sent to object: 'Object Repository/FDR-Receipt/FDR-Receipt-Checkline/View/supplier_Id'

2020-09-18 11:39:41 - [MESSAGE][PASSED] - Object 'Object Repository/FDR-Receipt/FDR-Receipt-Checkline/View/deposit_Date' is present

2020-09-18 11:39:41 - [MESSAGE][PASSED] - Keys '02/24/2020' sent to object: 'Object Repository/FDR-Receipt/FDR-Receipt-Checkline/View/deposit_Date'

2020-09-18 11:39:46 - [MESSAGE][INFO] - Unable to find the element located by 'By.xpath: //*[@data-id='button-link']//*[contains(text(),'Create New Voucher')]'. Please recheck the objects properties to make sure the desired element is located. 

2020-09-18 11:39:46 - [MESSAGE][WARNING] - Object 'Object Repository/FDR-Dashboard/createNewVoucherButton' is not present after 4 second(s)

2020-09-18 11:39:46 - [MESSAGE][PASSED] - Object 'Object Repository/FDR-Receipt/FDR-Receipt-Checkline/View/addReceipt_Button2' is present

2020-09-18 11:39:47 - [MESSAGE][PASSED] - Object: 'Object Repository/FDR-Receipt/FDR-Receipt-Checkline/View/addReceipt_Button2' is clicked on

2020-09-18 11:39:47 - [TEST_STEP][PASSED] - editors.createReceiptDistributionLine(servicedatefrom, servicedateto, amount, waiverType, waiverName, fundingSource, fundCode, fundRatio, nonFederalFund, serviceLocation, index, programType, serviceCategory, increaseDecreaseLine, accountId, altAccountId): Object: 'Object Repository/FDR-Receipt/FDR-Receipt-DistributionLine/FDR-AddEdit-DistributionLine/button_SaveClose' is clicked on

2020-09-18 11:39:47 - [MESSAGE][PASSED] - Object 'Object Repository/FDR-Receipt/FDR-Receipt-DistributionLine/FDR-AddEdit-DistributionLine/arrow_Down' is clickable

2020-09-18 11:39:48 - [MESSAGE][PASSED] - Object: 'Object Repository/FDR-Receipt/FDR-Receipt-DistributionLine/FDR-AddEdit-DistributionLine/arrow_Down' is clicked on

2020-09-18 11:39:48 - [MESSAGE][PASSED] - Object 'Object Repository/FDR-Receipt/FDR-Receipt-DistributionLine/FDR-AddEdit-DistributionLine/button_Add-Invoiceline' is present

2020-09-18 11:39:49 - [MESSAGE][PASSED] - Scroll to object 'Object Repository/FDR-Receipt/FDR-Receipt-DistributionLine/FDR-AddEdit-DistributionLine/button_Add-Invoiceline' successfully

2020-09-18 11:39:49 - [MESSAGE][PASSED] - Object 'Object Repository/FDR-Receipt/FDR-Receipt-DistributionLine/FDR-AddEdit-DistributionLine/button_Add-Invoiceline' is clickable

2020-09-18 11:39:49 - [MESSAGE][PASSED] - Object: 'Object Repository/FDR-Receipt/FDR-Receipt-DistributionLine/FDR-AddEdit-DistributionLine/button_Add-Invoiceline' is clicked on

2020-09-18 11:39:50 - [MESSAGE][PASSED] - Object 'Object Repository/FDR-Receipt/FDR-Receipt-DistributionLine/FDR-AddEdit-DistributionLine/invoice_Searchfield' is present

2020-09-18 11:39:50 - [MESSAGE][PASSED] - Keys 'MC' sent to object: 'Object Repository/FDR-Receipt/FDR-Receipt-DistributionLine/FDR-AddEdit-DistributionLine/invoice_Searchfield'

2020-09-18 11:39:51 - [MESSAGE][PASSED] - Object: 'Object Repository/FDR-Receipt/FDR-Receipt-DistributionLine/FDR-AddEdit-DistributionLine/button_Add_invoicemanually' is clicked on

2020-09-18 11:39:52 - [MESSAGE][PASSED] - Object 'Object Repository/FDR-Receipt/FDR-Receipt-DistributionLine/FDR-AddEdit-DistributionLine/input_Service date (from)' is present

2020-09-18 11:39:53 - [MESSAGE][PASSED] - Keys '09/19/2020' sent to object: 'Object Repository/FDR-Receipt/FDR-Receipt-DistributionLine/FDR-AddEdit-DistributionLine/input_Service date (from)'

2020-09-18 11:39:53 - [MESSAGE][PASSED] - Object 'Object Repository/FDR-Receipt/FDR-Receipt-DistributionLine/FDR-AddEdit-DistributionLine/input_Service date (to)' is present

2020-09-18 11:39:53 - [MESSAGE][PASSED] - Keys '09/20/2020' sent to object: 'Object Repository/FDR-Receipt/FDR-Receipt-DistributionLine/FDR-AddEdit-DistributionLine/input_Service date (to)'

2020-09-18 11:39:54 - [MESSAGE][PASSED] - Object 'Object Repository/FDR-Receipt/FDR-Receipt-DistributionLine/FDR-AddEdit-DistributionLine/input_Amount' is present

2020-09-18 11:39:54 - [MESSAGE][PASSED] - Keys '3000' sent to object: 'Object Repository/FDR-Receipt/FDR-Receipt-DistributionLine/FDR-AddEdit-DistributionLine/input_Amount'

2020-09-18 11:39:54 - [MESSAGE][PASSED] - Object 'Object Repository/FDR-Receipt/FDR-Receipt-DistributionLine/FDR-AddEdit-DistributionLine/waiver_Type' is present

2020-09-18 11:39:55 - [MESSAGE][PASSED] - Object 'Object Repository/FDR-Receipt/FDR-Receipt-DistributionLine/FDR-AddEdit-DistributionLine/waiver_Type' is present

2020-09-18 11:39:55 - [MESSAGE][PASSED] - Keys '2020' sent to object: 'Object Repository/FDR-Receipt/FDR-Receipt-DistributionLine/FDR-AddEdit-DistributionLine/waiver_Type'

2020-09-18 11:39:56 - [MESSAGE][PASSED] - Keys 'DOWN + ENTER + ' sent to object: 'Object Repository/FDR-Receipt/FDR-Receipt-DistributionLine/FDR-AddEdit-DistributionLine/waiver_Type'

2020-09-18 11:39:56 - [MESSAGE][PASSED] - Object 'Object Repository/FDR-Receipt/FDR-Receipt-DistributionLine/FDR-AddEdit-DistributionLine/waiver_Name' is present

2020-09-18 11:39:57 - [MESSAGE][PASSED] - Keys 'A-FamilyU TPM/GMC' sent to object: 'Object Repository/FDR-Receipt/FDR-Receipt-DistributionLine/FDR-AddEdit-DistributionLine/waiver_Name'

2020-09-18 11:39:57 - [MESSAGE][PASSED] - Keys 'DOWN + ENTER + ' sent to object: 'Object Repository/FDR-Receipt/FDR-Receipt-DistributionLine/FDR-AddEdit-DistributionLine/waiver_Name'

2020-09-18 11:39:58 - [MESSAGE][PASSED] - Object 'Object Repository/FDR-Receipt/FDR-Receipt-DistributionLine/FDR-AddEdit-DistributionLine/funding_Source' is present

2020-09-18 11:39:58 - [MESSAGE][PASSED] - Keys 'Dental' sent to object: 'Object Repository/FDR-Receipt/FDR-Receipt-DistributionLine/FDR-AddEdit-DistributionLine/funding_Source'

2020-09-18 11:39:59 - [MESSAGE][PASSED] - Keys 'DOWN + ENTER + ' sent to object: 'Object Repository/FDR-Receipt/FDR-Receipt-DistributionLine/FDR-AddEdit-DistributionLine/funding_Source'

2020-09-18 11:39:59 - [MESSAGE][PASSED] - Object 'Object Repository/FDR-Receipt/FDR-Receipt-DistributionLine/FDR-AddEdit-DistributionLine/fund_Code' is present

2020-09-18 11:39:59 - [MESSAGE][PASSED] - Keys 'Health Care Deposit Fund (0912)' sent to object: 'Object Repository/FDR-Receipt/FDR-Receipt-DistributionLine/FDR-AddEdit-DistributionLine/fund_Code'

2020-09-18 11:40:00 - [MESSAGE][PASSED] - Keys 'DOWN + ENTER + ' sent to object: 'Object Repository/FDR-Receipt/FDR-Receipt-DistributionLine/FDR-AddEdit-DistributionLine/fund_Code'

2020-09-18 11:40:00 - [MESSAGE][PASSED] - Object 'Object Repository/FDR-Receipt/FDR-Receipt-DistributionLine/FDR-AddEdit-DistributionLine/fund_Ratio' is present

2020-09-18 11:40:01 - [MESSAGE][PASSED] - Keys '5' sent to object: 'Object Repository/FDR-Receipt/FDR-Receipt-DistributionLine/FDR-AddEdit-DistributionLine/fund_Ratio'

2020-09-18 11:40:01 - [MESSAGE][PASSED] - Keys 'DOWN + ENTER + ' sent to object: 'Object Repository/FDR-Receipt/FDR-Receipt-DistributionLine/FDR-AddEdit-DistributionLine/fund_Ratio'

2020-09-18 11:40:02 - [MESSAGE][PASSED] - Object 'Object Repository/FDR-Receipt/FDR-Receipt-DistributionLine/FDR-AddEdit-DistributionLine/non_Federalfund' is present

2020-09-18 11:40:02 - [MESSAGE][PASSED] - Keys '0001' sent to object: 'Object Repository/FDR-Receipt/FDR-Receipt-DistributionLine/FDR-AddEdit-DistributionLine/non_Federalfund'

2020-09-18 11:40:03 - [MESSAGE][PASSED] - Keys 'DOWN + ENTER + ' sent to object: 'Object Repository/FDR-Receipt/FDR-Receipt-DistributionLine/FDR-AddEdit-DistributionLine/non_Federalfund'

2020-09-18 11:40:03 - [MESSAGE][PASSED] - Object 'Object Repository/FDR-Receipt/FDR-Receipt-DistributionLine/FDR-AddEdit-DistributionLine/inputAccountId' is present

2020-09-18 11:40:04 - [MESSAGE][PASSED] - Keys '5432000' sent to object: 'Object Repository/FDR-Receipt/FDR-Receipt-DistributionLine/FDR-AddEdit-DistributionLine/inputAccountId'

2020-09-18 11:40:04 - [MESSAGE][PASSED] - Keys 'DOWN + ENTER + ' sent to object: 'Object Repository/FDR-Receipt/FDR-Receipt-DistributionLine/FDR-AddEdit-DistributionLine/inputAccountId'

2020-09-18 11:40:05 - [MESSAGE][PASSED] - Object 'Object Repository/FDR-Receipt/FDR-Receipt-DistributionLine/FDR-AddEdit-DistributionLine/inputAltAccountId' is present

2020-09-18 11:40:05 - [MESSAGE][PASSED] - Keys '5432000019' sent to object: 'Object Repository/FDR-Receipt/FDR-Receipt-DistributionLine/FDR-AddEdit-DistributionLine/inputAltAccountId'

2020-09-18 11:40:06 - [MESSAGE][PASSED] - Keys 'DOWN + ENTER + ' sent to object: 'Object Repository/FDR-Receipt/FDR-Receipt-DistributionLine/FDR-AddEdit-DistributionLine/inputAltAccountId'

2020-09-18 11:40:06 - [MESSAGE][PASSED] - Object 'Object Repository/FDR-Receipt/FDR-Receipt-DistributionLine/FDR-AddEdit-DistributionLine/input_Service location_serviceLocation' is present

2020-09-18 11:40:07 - [MESSAGE][PASSED] - Keys '3445' sent to object: 'Object Repository/FDR-Receipt/FDR-Receipt-DistributionLine/FDR-AddEdit-DistributionLine/input_Service location_serviceLocation'

2020-09-18 11:40:07 - [MESSAGE][PASSED] - Keys 'DOWN + ENTER + ' sent to object: 'Object Repository/FDR-Receipt/FDR-Receipt-DistributionLine/FDR-AddEdit-DistributionLine/input_Service location_serviceLocation'

2020-09-18 11:40:07 - [MESSAGE][PASSED] - Object 'Object Repository/FDR-Receipt/FDR-Receipt-DistributionLine/FDR-AddEdit-DistributionLine/Index' is present

2020-09-18 11:40:07 - [MESSAGE][PASSED] - Keys '1155' sent to object: 'Object Repository/FDR-Receipt/FDR-Receipt-DistributionLine/FDR-AddEdit-DistributionLine/Index'

2020-09-18 11:40:08 - [MESSAGE][PASSED] - Keys 'DOWN + ENTER + ' sent to object: 'Object Repository/FDR-Receipt/FDR-Receipt-DistributionLine/FDR-AddEdit-DistributionLine/Index'

2020-09-18 11:40:08 - [MESSAGE][PASSED] - Object 'Object Repository/FDR-Receipt/FDR-Receipt-DistributionLine/FDR-AddEdit-DistributionLine/program_Type' is present

2020-09-18 11:40:09 - [MESSAGE][PASSED] - Keys 'Medical Assistance (MA)' sent to object: 'Object Repository/FDR-Receipt/FDR-Receipt-DistributionLine/FDR-AddEdit-DistributionLine/program_Type'

2020-09-18 11:40:09 - [MESSAGE][PASSED] - Keys 'DOWN + ENTER + ' sent to object: 'Object Repository/FDR-Receipt/FDR-Receipt-DistributionLine/FDR-AddEdit-DistributionLine/program_Type'

2020-09-18 11:40:10 - [MESSAGE][PASSED] - Object 'Object Repository/FDR-Receipt/FDR-Receipt-DistributionLine/FDR-AddEdit-DistributionLine/service_Category' is present

2020-09-18 11:40:10 - [MESSAGE][PASSED] - Keys '18B1' sent to object: 'Object Repository/FDR-Receipt/FDR-Receipt-DistributionLine/FDR-AddEdit-DistributionLine/service_Category'

2020-09-18 11:40:11 - [MESSAGE][PASSED] - Keys 'DOWN + ENTER + ' sent to object: 'Object Repository/FDR-Receipt/FDR-Receipt-DistributionLine/FDR-AddEdit-DistributionLine/service_Category'

2020-09-18 11:40:11 - [MESSAGE][PASSED] - Object 'Object Repository/FDR-Receipt/FDR-Receipt-DistributionLine/FDR-AddEdit-DistributionLine/increaseDecreaseLine' is present

2020-09-18 11:40:12 - [MESSAGE][PASSED] - Keys '10b: Receipts or any decrease' sent to object: 'Object Repository/FDR-Receipt/FDR-Receipt-DistributionLine/FDR-AddEdit-DistributionLine/increaseDecreaseLine'

2020-09-18 11:40:12 - [MESSAGE][PASSED] - Keys 'DOWN + ENTER + ' sent to object: 'Object Repository/FDR-Receipt/FDR-Receipt-DistributionLine/FDR-AddEdit-DistributionLine/increaseDecreaseLine'

2020-09-18 11:40:13 - [MESSAGE][PASSED] - Object 'Object Repository/FDR-Receipt/FDR-Receipt-DistributionLine/FDR-AddEdit-DistributionLine/button_SaveClose' is present

2020-09-18 11:40:13 - [MESSAGE][PASSED] - Object 'Object Repository/FDR-Receipt/FDR-Receipt-DistributionLine/FDR-AddEdit-DistributionLine/button_SaveClose' is clickable

2020-09-18 11:40:13 - [MESSAGE][PASSED] - Object: 'Object Repository/FDR-Receipt/FDR-Receipt-DistributionLine/FDR-AddEdit-DistributionLine/button_SaveClose' is clicked on

2020-09-18 11:40:13 - [TEST_STEP][PASSED] - waitForElementPresent(findTestObject("FDR-Receipt/FDR-Receipt-DistributionLine/FDR-View-DitributionLine/InvoiceNumberTitle"), 3, STOP_ON_FAILURE): Object 'Object Repository/FDR-Receipt/FDR-Receipt-DistributionLine/FDR-View-DitributionLine/InvoiceNumberTitle' is present

2020-09-18 11:40:14 - [MESSAGE][PASSED] - Object 'Object Repository/FDR-Receipt/FDR-Receipt-DistributionLine/FDR-View-DitributionLine/InvoiceNumberTitle' is present

2020-09-18 11:40:14 - [TEST_STEP][PASSED] - waitForElementPresent(findTestObject("FDR-Receipt/FDR-Receipt-DistributionLine/FDR-View-DitributionLine/FundCodeTitle"), 3, STOP_ON_FAILURE): Object 'Object Repository/FDR-Receipt/FDR-Receipt-DistributionLine/FDR-View-DitributionLine/FundCodeTitle' is present

2020-09-18 11:40:15 - [MESSAGE][PASSED] - Object 'Object Repository/FDR-Receipt/FDR-Receipt-DistributionLine/FDR-View-DitributionLine/FundCodeTitle' is present

2020-09-18 11:40:15 - [TEST_STEP][PASSED] - waitForElementPresent(findTestObject("FDR-Receipt/FDR-Receipt-DistributionLine/FDR-View-DitributionLine/FundingSourceTitle"), 3, STOP_ON_FAILURE): Object 'Object Repository/FDR-Receipt/FDR-Receipt-DistributionLine/FDR-View-DitributionLine/FundingSourceTitle' is present

2020-09-18 11:40:15 - [MESSAGE][PASSED] - Object 'Object Repository/FDR-Receipt/FDR-Receipt-DistributionLine/FDR-View-DitributionLine/FundingSourceTitle' is present

2020-09-18 11:40:15 - [TEST_STEP][PASSED] - waitForElementPresent(findTestObject("FDR-Receipt/FDR-Receipt-DistributionLine/FDR-View-DitributionLine/FundRatioTitle"), 3, STOP_ON_FAILURE): Object 'Object Repository/FDR-Receipt/FDR-Receipt-DistributionLine/FDR-View-DitributionLine/FundRatioTitle' is present

2020-09-18 11:40:15 - [MESSAGE][PASSED] - Object 'Object Repository/FDR-Receipt/FDR-Receipt-DistributionLine/FDR-View-DitributionLine/FundRatioTitle' is present

2020-09-18 11:40:15 - [TEST_STEP][PASSED] - waitForElementPresent(findTestObject("FDR-Receipt/FDR-Receipt-DistributionLine/FDR-View-DitributionLine/Non-FederalFundTitle"), 3, STOP_ON_FAILURE): Object 'Object Repository/FDR-Receipt/FDR-Receipt-DistributionLine/FDR-View-DitributionLine/Non-FederalFundTitle' is present

2020-09-18 11:40:16 - [MESSAGE][PASSED] - Object 'Object Repository/FDR-Receipt/FDR-Receipt-DistributionLine/FDR-View-DitributionLine/Non-FederalFundTitle' is present

2020-09-18 11:40:16 - [TEST_STEP][PASSED] - waitForElementPresent(findTestObject("FDR-Receipt/FDR-Receipt-DistributionLine/FDR-View-DitributionLine/FederalShareTitle"), 3, STOP_ON_FAILURE): Object 'Object Repository/FDR-Receipt/FDR-Receipt-DistributionLine/FDR-View-DitributionLine/FederalShareTitle' is present

2020-09-18 11:40:16 - [MESSAGE][PASSED] - Object 'Object Repository/FDR-Receipt/FDR-Receipt-DistributionLine/FDR-View-DitributionLine/FederalShareTitle' is present

2020-09-18 11:40:16 - [TEST_STEP][PASSED] - waitForElementPresent(findTestObject("FDR-Receipt/FDR-Receipt-DistributionLine/FDR-View-DitributionLine/Non-FederalShareTitle"), 3, STOP_ON_FAILURE): Object 'Object Repository/FDR-Receipt/FDR-Receipt-DistributionLine/FDR-View-DitributionLine/Non-FederalShareTitle' is present

2020-09-18 11:40:16 - [MESSAGE][PASSED] - Object 'Object Repository/FDR-Receipt/FDR-Receipt-DistributionLine/FDR-View-DitributionLine/Non-FederalShareTitle' is present

2020-09-18 11:40:16 - [TEST_STEP][PASSED] - waitForElementPresent(findTestObject("FDR-Receipt/FDR-Receipt-DistributionLine/FDR-View-DitributionLine/SubtotalTitle"), 3, STOP_ON_FAILURE): Object 'Object Repository/FDR-Receipt/FDR-Receipt-DistributionLine/FDR-View-DitributionLine/SubtotalTitle' is present

2020-09-18 11:40:17 - [MESSAGE][PASSED] - Object 'Object Repository/FDR-Receipt/FDR-Receipt-DistributionLine/FDR-View-DitributionLine/SubtotalTitle' is present

2020-09-18 11:40:17 - [TEST_STEP][PASSED] - waitForElementPresent(findTestObject("FDR-Receipt/FDR-Receipt-DistributionLine/FDR-View-DitributionLine/popoverIcon"), 3, STOP_ON_FAILURE): Object 'Object Repository/FDR-Receipt/FDR-Receipt-DistributionLine/FDR-View-DitributionLine/popoverIcon' is present

2020-09-18 11:40:17 - [MESSAGE][PASSED] - Object 'Object Repository/FDR-Receipt/FDR-Receipt-DistributionLine/FDR-View-DitributionLine/popoverIcon' is present

2020-09-18 11:40:17 - [TEST_STEP][PASSED] - click(findTestObject("FDR-Receipt/FDR-Receipt-DistributionLine/FDR-View-DitributionLine/popoverIcon")): Object: 'Object Repository/FDR-Receipt/FDR-Receipt-DistributionLine/FDR-View-DitributionLine/popoverIcon' is clicked on

2020-09-18 11:40:17 - [MESSAGE][PASSED] - Object: 'Object Repository/FDR-Receipt/FDR-Receipt-DistributionLine/FDR-View-DitributionLine/popoverIcon' is clicked on

2020-09-18 11:40:17 - [TEST_STEP][PASSED] - waitForElementPresent(findTestObject("FDR-Receipt/FDR-Receipt-DistributionLine/FDR-View-DitributionLine/pAccountIdText"), 3, STOP_ON_FAILURE): Object 'Object Repository/FDR-Receipt/FDR-Receipt-DistributionLine/FDR-View-DitributionLine/pAccountIdText' is present

2020-09-18 11:40:18 - [MESSAGE][PASSED] - Object 'Object Repository/FDR-Receipt/FDR-Receipt-DistributionLine/FDR-View-DitributionLine/pAccountIdText' is present

2020-09-18 11:40:18 - [TEST_STEP][PASSED] - accountIdTxt = getText(findTestObject("FDR-Receipt/FDR-Receipt-DistributionLine/FDR-View-DitributionLine/pAccountIdText"), STOP_ON_FAILURE): Text of object 'Object Repository/FDR-Receipt/FDR-Receipt-DistributionLine/FDR-View-DitributionLine/pAccountIdText' is: '5432000'

2020-09-18 11:40:18 - [MESSAGE][PASSED] - Text of object 'Object Repository/FDR-Receipt/FDR-Receipt-DistributionLine/FDR-View-DitributionLine/pAccountIdText' is: '5432000'

2020-09-18 11:40:18 - [TEST_STEP][PASSED] - waitForElementPresent(findTestObject("FDR-Receipt/FDR-Receipt-DistributionLine/FDR-View-DitributionLine/pAltAccountIdText"), 3, STOP_ON_FAILURE): Object 'Object Repository/FDR-Receipt/FDR-Receipt-DistributionLine/FDR-View-DitributionLine/pAltAccountIdText' is present

2020-09-18 11:40:18 - [MESSAGE][PASSED] - Object 'Object Repository/FDR-Receipt/FDR-Receipt-DistributionLine/FDR-View-DitributionLine/pAltAccountIdText' is present

2020-09-18 11:40:18 - [TEST_STEP][PASSED] - altAccountIdTxt = getText(findTestObject("FDR-Receipt/FDR-Receipt-DistributionLine/FDR-View-DitributionLine/pAltAccountIdText"), STOP_ON_FAILURE): Text of object 'Object Repository/FDR-Receipt/FDR-Receipt-DistributionLine/FDR-View-DitributionLine/pAltAccountIdText' is: '5432000019'

2020-09-18 11:40:19 - [MESSAGE][PASSED] - Text of object 'Object Repository/FDR-Receipt/FDR-Receipt-DistributionLine/FDR-View-DitributionLine/pAltAccountIdText' is: '5432000019'

2020-09-18 11:40:19 - [TEST_STEP][PASSED] - if (accountIdTxt == accountId && altAccountIdTxt == altAccountId): Valid Account and Alt Account

2020-09-18 11:40:19 - [TEST_STEP][PASSED] - markPassed("Valid Account and Alt Account"): Valid Account and Alt Account

2020-09-18 11:40:19 - [MESSAGE][PASSED] - Valid Account and Alt Account

2020-09-18 11:40:19 - [TEST_STEP][PASSED] - Start listener action : sampleAfterTestCase: Browser is closed

2020-09-18 11:40:19 - [TEST_STEP][PASSED] - profileName = getExecutionProfile(): null

2020-09-18 11:40:19 - [TEST_STEP][PASSED] - switch (profileName): null

2020-09-18 11:40:19 - [TEST_STEP][PASSED] - if (!(skipBeforeAndAfterTestCase)): Browser is closed

2020-09-18 11:40:19 - [TEST_STEP][PASSED] - Uifunctions.logoutFDR(): Browser is closed

2020-09-18 11:40:19 - [MESSAGE][PASSED] - Browser is closed

2020-09-18 11:40:19 - [TEST_STEP][PASSED] - Start listener action : afterTestCase: null

2020-09-18 11:40:19 - [TEST_STEP][PASSED] - profileName = getExecutionProfile(): null

2020-09-18 11:40:19 - [TEST_STEP][PASSED] - if (profileName.equalsIgnoreCase("SysAdmin")): null

2020-09-18 11:40:19 - [TEST_STEP][PASSED] - Start listener action : sampleAfterTestCase: null

2020-09-18 11:40:19 - [TEST_STEP][PASSED] - profileName = getExecutionProfile(): null

2020-09-18 11:40:19 - [TEST_STEP][PASSED] - switch (profileName): null

2020-09-18 11:40:19 - [TEST_STEP][PASSED] - Default: null

2020-09-18 11:40:19 - [TEST_STEP][PASSED] - return null: null

2020-09-18 11:40:19 - [TEST_STEP][PASSED] - Start listener action : addFailedTCToList: null]]></system-out>
         <system-err><![CDATA[]]></system-err>
      </testcase>
      <testcase name="Test Cases/WEB-UI-TESTS/Receipt/FDR-Review-Preview-Forms-Prior-Approval" time="74.071" classname="Test Cases/WEB-UI-TESTS/Receipt/FDR-Review-Preview-Forms-Prior-Approval" status="PASSED">
         <system-out><![CDATA[2020-09-18 11:40:19 - [TEST_CASE][PASSED] - Test Cases/WEB-UI-TESTS/Receipt/FDR-Review-Preview-Forms-Prior-Approval: Test Cases/WEB-UI-TESTS/Receipt/FDR-Review-Preview-Forms-Prior-Approval

2020-09-18 11:40:19 - [TEST_STEP][PASSED] - Start listener action : sampleBeforeTestCase: Navigate to 'https://fdr-katalon.cammis-mod-dev.dhcs.ca.gov' successfully

2020-09-18 11:40:19 - [TEST_STEP][PASSED] - profileName = getExecutionProfile(): null

2020-09-18 11:40:19 - [TEST_STEP][PASSED] - switch (profileName): null

2020-09-18 11:40:19 - [TEST_STEP][PASSED] - testCaseId = testCaseContext.getTestCaseId(): null

2020-09-18 11:40:19 - [TEST_STEP][PASSED] - if (!(skipBeforeAndAfterTestCase)): Navigate to 'https://fdr-katalon.cammis-mod-dev.dhcs.ca.gov' successfully

2020-09-18 11:40:19 - [TEST_STEP][PASSED] - if (account7TestCases.contains(testCaseId)): null

2020-09-18 11:40:19 - [TEST_STEP][PASSED] - else if (account10TestCases.contains(testCaseId)): null

2020-09-18 11:40:19 - [TEST_STEP][PASSED] - else: Object: 'Object Repository/FDR-SignIn/SignInButton' is clicked on

2020-09-18 11:40:19 - [TEST_STEP][PASSED] - Uifunctions.loginFDR(accountsApprover, accountsApproverPwd): Object: 'Object Repository/FDR-SignIn/SignInButton' is clicked on

2020-09-18 11:40:19 - [MESSAGE][INFO] - Starting 'Chrome' driver

2020-09-18 11:40:19 - [MESSAGE][INFO] - Action delay is set to 0 milliseconds

2020-09-18 11:40:22 - [MESSAGE][PASSED] - Browser is opened with url: ''

2020-09-18 11:40:25 - [MESSAGE][PASSED] - Current window maximized

2020-09-18 11:40:28 - [MESSAGE][PASSED] - Navigate to 'https://fdr-katalon.cammis-mod-dev.dhcs.ca.gov' successfully

2020-09-18 11:40:30 - [MESSAGE][PASSED] - Object 'Object Repository/FDR-SignIn/SignInEmail' is present

2020-09-18 11:40:30 - [MESSAGE][PASSED] - Object: 'Object Repository/FDR-SignIn/SignInEmail' is clicked on

2020-09-18 11:40:30 - [MESSAGE][PASSED] - Object 'Object Repository/FDR-SignIn/SignInEmail' is present

2020-09-18 11:40:31 - [MESSAGE][PASSED] - Text 'fdr.test3@dhcs.ca.gov' is set on object 'Object Repository/FDR-SignIn/SignInEmail'

2020-09-18 11:40:31 - [MESSAGE][PASSED] - Object 'Object Repository/FDR-SignIn/SignInEmailNext' is visible

2020-09-18 11:40:32 - [MESSAGE][PASSED] - Object: 'Object Repository/FDR-SignIn/SignInEmailNext' is clicked on

2020-09-18 11:40:35 - [MESSAGE][PASSED] - Object 'Object Repository/FDR-SignIn/SignInEmailPassword' is visible

2020-09-18 11:40:35 - [MESSAGE][PASSED] - Object: 'Object Repository/FDR-SignIn/SignInEmailPassword' is clicked on

2020-09-18 11:40:35 - [MESSAGE][PASSED] - Text ****** has been set on object 'Object Repository/FDR-SignIn/SignInEmailPassword'

2020-09-18 11:40:37 - [MESSAGE][PASSED] - Object: 'Object Repository/FDR-SignIn/SignInButton' is clicked on

2020-09-18 11:40:37 - [TEST_STEP][PASSED] - navigateToUrl(URL): Navigate to 'https://fdr-katalon.cammis-mod-dev.dhcs.ca.gov' successfully

2020-09-18 11:40:37 - [MESSAGE][PASSED] - Navigate to 'https://fdr-katalon.cammis-mod-dev.dhcs.ca.gov' successfully

2020-09-18 11:40:37 - [TEST_STEP][PASSED] - Start listener action : beforeTestCase: null

2020-09-18 11:40:37 - [TEST_STEP][PASSED] - profileName = getExecutionProfile(): null

2020-09-18 11:40:37 - [TEST_STEP][PASSED] - if (profileName.equalsIgnoreCase("SysAdmin")): null

2020-09-18 11:40:37 - [TEST_STEP][PASSED] - Start listener action : sampleBeforeTestCase: null

2020-09-18 11:40:37 - [TEST_STEP][PASSED] - profileName = getExecutionProfile(): null

2020-09-18 11:40:37 - [TEST_STEP][PASSED] - testCaseId = testCaseContext.getTestCaseId(): null

2020-09-18 11:40:37 - [TEST_STEP][PASSED] - switch (profileName): null

2020-09-18 11:40:37 - [TEST_STEP][PASSED] - Default: null

2020-09-18 11:40:37 - [TEST_STEP][PASSED] - return null: null

2020-09-18 11:40:37 - [TEST_STEP][PASSED] - Start listener action : executeRows: null

2020-09-18 11:40:38 - [TEST_STEP][PASSED] - d = Date().plus(1): null

2020-09-18 11:40:38 - [TEST_STEP][PASSED] - dd = Date().plus(2): null

2020-09-18 11:40:38 - [TEST_STEP][PASSED] - servicedatefrom = d.format("MM/dd/yyyy"): null

2020-09-18 11:40:38 - [TEST_STEP][PASSED] - servicedateto = dd.format("MM/dd/yyyy"): null

2020-09-18 11:40:38 - [TEST_STEP][PASSED] - newDepositId = RandomStringUtils.randomNumeric(7): null

2020-09-18 11:40:38 - [TEST_STEP][PASSED] - editors.createReceipt(Drawdate, Paydate, newDepositId, Receiptnotes, RA, CR): Object: 'Object Repository/FDR-Receipt/FDR-Receipt-Header/View/buttonNext' is clicked on

2020-09-18 11:40:43 - [MESSAGE][INFO] - Unable to find the element located by 'By.xpath: //*[@data-id='button-link']//*[contains(text(),'Create New Voucher')]'. Please recheck the objects properties to make sure the desired element is located. 

2020-09-18 11:40:43 - [MESSAGE][WARNING] - Object 'Object Repository/FDR-Dashboard/createNewVoucherButton' is not present after 4 second(s)

2020-09-18 11:40:43 - [MESSAGE][PASSED] - Object 'Object Repository/FDR-Receipt/FDR-Receipt-Dashboard/createNew_ReceiptBatch_Button' is present

2020-09-18 11:40:44 - [MESSAGE][PASSED] - Object: 'Object Repository/FDR-Receipt/FDR-Receipt-Dashboard/createNew_ReceiptBatch_Button' is clicked on

2020-09-18 11:40:44 - [MESSAGE][PASSED] - Object 'Object Repository/FDR-Receipt/FDR-Receipt-Header/View/inputDrawDate' is present

2020-09-18 11:40:45 - [MESSAGE][PASSED] - Text '09/30/2020' is set on object 'Object Repository/FDR-Receipt/FDR-Receipt-Header/View/inputDrawDate'

2020-09-18 11:40:46 - [MESSAGE][PASSED] - Keys 'TAB + ENTER + ENTER + ' sent to object: 'Object Repository/FDR-Receipt/FDR-Receipt-Header/View/inputDrawDate'

2020-09-18 11:40:47 - [MESSAGE][PASSED] - Object 'Object Repository/FDR-Receipt/FDR-Receipt-Header/Edit/payDate' is present

2020-09-18 11:40:47 - [MESSAGE][PASSED] - Text '10/02/2020' is set on object 'Object Repository/FDR-Receipt/FDR-Receipt-Header/Edit/payDate'

2020-09-18 11:40:48 - [MESSAGE][PASSED] - Object 'Object Repository/FDR-Receipt/FDR-Receipt-Header/View/deposit ID' is present

2020-09-18 11:40:49 - [MESSAGE][PASSED] - Text '1030713' is set on object 'Object Repository/FDR-Receipt/FDR-Receipt-Header/View/deposit ID'

2020-09-18 11:40:49 - [MESSAGE][PASSED] - Object 'Object Repository/FDR-Receipt/FDR-ReceiptBatch/receiptNotes' is present

2020-09-18 11:40:50 - [MESSAGE][PASSED] - Text 'rqewrq' is set on object 'Object Repository/FDR-Receipt/FDR-ReceiptBatch/receiptNotes'

2020-09-18 11:40:50 - [MESSAGE][PASSED] - Object 'Object Repository/FDR-Receipt/FDR-Receipt-Header/Edit/remmitanceAdviceInput' is present

2020-09-18 11:40:51 - [MESSAGE][PASSED] - Keys '1234' sent to object: 'Object Repository/FDR-Receipt/FDR-Receipt-Header/Edit/remmitanceAdviceInput'

2020-09-18 11:40:51 - [MESSAGE][PASSED] - Object 'Object Repository/FDR-Receipt/FDR-Receipt-Header/Edit/controllerReceiptInput' is present

2020-09-18 11:40:52 - [MESSAGE][PASSED] - Keys '4567' sent to object: 'Object Repository/FDR-Receipt/FDR-Receipt-Header/Edit/controllerReceiptInput'

2020-09-18 11:40:52 - [MESSAGE][PASSED] - Object 'Object Repository/FDR-Receipt/FDR-Receipt-Header/View/buttonNext' is present

2020-09-18 11:40:52 - [MESSAGE][PASSED] - Object: 'Object Repository/FDR-Receipt/FDR-Receipt-Header/View/buttonNext' is clicked on

2020-09-18 11:40:52 - [TEST_STEP][PASSED] - editors.createReceiptline(ReceiptID, SupplierID, DepositDate): Object: 'Object Repository/FDR-Receipt/FDR-Receipt-Checkline/View/addReceipt_Button2' is clicked on

2020-09-18 11:40:53 - [MESSAGE][PASSED] - Object 'Object Repository/FDR-Receipt/FDR-Receipt-Checkline/View/receipt_ID' is present

2020-09-18 11:40:54 - [MESSAGE][PASSED] - Keys 'CHK10322' sent to object: 'Object Repository/FDR-Receipt/FDR-Receipt-Checkline/View/receipt_ID'

2020-09-18 11:40:54 - [MESSAGE][PASSED] - Object 'Object Repository/FDR-Receipt/FDR-Receipt-Checkline/View/supplier_Id' is present

2020-09-18 11:40:54 - [MESSAGE][PASSED] - Object: 'Object Repository/FDR-Receipt/FDR-Receipt-Checkline/View/supplier_Id' is clicked on

2020-09-18 11:40:55 - [MESSAGE][PASSED] - Keys '0000007954' sent to object: 'Object Repository/FDR-Receipt/FDR-Receipt-Checkline/View/supplier_Id'

2020-09-18 11:40:56 - [MESSAGE][PASSED] - Keys 'DOWN + ENTER + ' sent to object: 'Object Repository/FDR-Receipt/FDR-Receipt-Checkline/View/supplier_Id'

2020-09-18 11:40:56 - [MESSAGE][PASSED] - Object 'Object Repository/FDR-Receipt/FDR-Receipt-Checkline/View/deposit_Date' is present

2020-09-18 11:40:57 - [MESSAGE][PASSED] - Keys '02/24/2020' sent to object: 'Object Repository/FDR-Receipt/FDR-Receipt-Checkline/View/deposit_Date'

2020-09-18 11:41:02 - [MESSAGE][INFO] - Unable to find the element located by 'By.xpath: //*[@data-id='button-link']//*[contains(text(),'Create New Voucher')]'. Please recheck the objects properties to make sure the desired element is located. 

2020-09-18 11:41:02 - [MESSAGE][WARNING] - Object 'Object Repository/FDR-Dashboard/createNewVoucherButton' is not present after 4 second(s)

2020-09-18 11:41:02 - [MESSAGE][PASSED] - Object 'Object Repository/FDR-Receipt/FDR-Receipt-Checkline/View/addReceipt_Button2' is present

2020-09-18 11:41:02 - [MESSAGE][PASSED] - Object: 'Object Repository/FDR-Receipt/FDR-Receipt-Checkline/View/addReceipt_Button2' is clicked on

2020-09-18 11:41:02 - [TEST_STEP][PASSED] - editors.createReceiptDistributionLine(servicedatefrom, servicedateto, amount, waiverType, waiverName, fundingSource, fundCode, fundRatio, nonFederalFund, serviceLocation, index, programType, serviceCategory, increaseDecreaseLine, accountId, altAccountId): Object: 'Object Repository/FDR-Receipt/FDR-Receipt-DistributionLine/FDR-AddEdit-DistributionLine/button_SaveClose' is clicked on

2020-09-18 11:41:03 - [MESSAGE][PASSED] - Object 'Object Repository/FDR-Receipt/FDR-Receipt-DistributionLine/FDR-AddEdit-DistributionLine/arrow_Down' is clickable

2020-09-18 11:41:03 - [MESSAGE][PASSED] - Object: 'Object Repository/FDR-Receipt/FDR-Receipt-DistributionLine/FDR-AddEdit-DistributionLine/arrow_Down' is clicked on

2020-09-18 11:41:04 - [MESSAGE][PASSED] - Object 'Object Repository/FDR-Receipt/FDR-Receipt-DistributionLine/FDR-AddEdit-DistributionLine/button_Add-Invoiceline' is present

2020-09-18 11:41:04 - [MESSAGE][PASSED] - Scroll to object 'Object Repository/FDR-Receipt/FDR-Receipt-DistributionLine/FDR-AddEdit-DistributionLine/button_Add-Invoiceline' successfully

2020-09-18 11:41:05 - [MESSAGE][PASSED] - Object 'Object Repository/FDR-Receipt/FDR-Receipt-DistributionLine/FDR-AddEdit-DistributionLine/button_Add-Invoiceline' is clickable

2020-09-18 11:41:05 - [MESSAGE][PASSED] - Object: 'Object Repository/FDR-Receipt/FDR-Receipt-DistributionLine/FDR-AddEdit-DistributionLine/button_Add-Invoiceline' is clicked on

2020-09-18 11:41:06 - [MESSAGE][PASSED] - Object 'Object Repository/FDR-Receipt/FDR-Receipt-DistributionLine/FDR-AddEdit-DistributionLine/invoice_Searchfield' is present

2020-09-18 11:41:06 - [MESSAGE][PASSED] - Keys 'MC' sent to object: 'Object Repository/FDR-Receipt/FDR-Receipt-DistributionLine/FDR-AddEdit-DistributionLine/invoice_Searchfield'

2020-09-18 11:41:07 - [MESSAGE][PASSED] - Object: 'Object Repository/FDR-Receipt/FDR-Receipt-DistributionLine/FDR-AddEdit-DistributionLine/button_Add_invoicemanually' is clicked on

2020-09-18 11:41:08 - [MESSAGE][PASSED] - Object 'Object Repository/FDR-Receipt/FDR-Receipt-DistributionLine/FDR-AddEdit-DistributionLine/input_Service date (from)' is present

2020-09-18 11:41:08 - [MESSAGE][PASSED] - Keys '09/19/2020' sent to object: 'Object Repository/FDR-Receipt/FDR-Receipt-DistributionLine/FDR-AddEdit-DistributionLine/input_Service date (from)'

2020-09-18 11:41:09 - [MESSAGE][PASSED] - Object 'Object Repository/FDR-Receipt/FDR-Receipt-DistributionLine/FDR-AddEdit-DistributionLine/input_Service date (to)' is present

2020-09-18 11:41:09 - [MESSAGE][PASSED] - Keys '09/20/2020' sent to object: 'Object Repository/FDR-Receipt/FDR-Receipt-DistributionLine/FDR-AddEdit-DistributionLine/input_Service date (to)'

2020-09-18 11:41:10 - [MESSAGE][PASSED] - Object 'Object Repository/FDR-Receipt/FDR-Receipt-DistributionLine/FDR-AddEdit-DistributionLine/input_Amount' is present

2020-09-18 11:41:10 - [MESSAGE][PASSED] - Keys '3000' sent to object: 'Object Repository/FDR-Receipt/FDR-Receipt-DistributionLine/FDR-AddEdit-DistributionLine/input_Amount'

2020-09-18 11:41:10 - [MESSAGE][PASSED] - Object 'Object Repository/FDR-Receipt/FDR-Receipt-DistributionLine/FDR-AddEdit-DistributionLine/waiver_Type' is present

2020-09-18 11:41:11 - [MESSAGE][PASSED] - Object 'Object Repository/FDR-Receipt/FDR-Receipt-DistributionLine/FDR-AddEdit-DistributionLine/waiver_Type' is present

2020-09-18 11:41:11 - [MESSAGE][PASSED] - Keys '2020' sent to object: 'Object Repository/FDR-Receipt/FDR-Receipt-DistributionLine/FDR-AddEdit-DistributionLine/waiver_Type'

2020-09-18 11:41:12 - [MESSAGE][PASSED] - Keys 'DOWN + ENTER + ' sent to object: 'Object Repository/FDR-Receipt/FDR-Receipt-DistributionLine/FDR-AddEdit-DistributionLine/waiver_Type'

2020-09-18 11:41:12 - [MESSAGE][PASSED] - Object 'Object Repository/FDR-Receipt/FDR-Receipt-DistributionLine/FDR-AddEdit-DistributionLine/waiver_Name' is present

2020-09-18 11:41:13 - [MESSAGE][PASSED] - Keys 'A-FamilyU TPM/GMC' sent to object: 'Object Repository/FDR-Receipt/FDR-Receipt-DistributionLine/FDR-AddEdit-DistributionLine/waiver_Name'

2020-09-18 11:41:13 - [MESSAGE][PASSED] - Keys 'DOWN + ENTER + ' sent to object: 'Object Repository/FDR-Receipt/FDR-Receipt-DistributionLine/FDR-AddEdit-DistributionLine/waiver_Name'

2020-09-18 11:41:14 - [MESSAGE][PASSED] - Object 'Object Repository/FDR-Receipt/FDR-Receipt-DistributionLine/FDR-AddEdit-DistributionLine/funding_Source' is present

2020-09-18 11:41:14 - [MESSAGE][PASSED] - Keys 'Dental' sent to object: 'Object Repository/FDR-Receipt/FDR-Receipt-DistributionLine/FDR-AddEdit-DistributionLine/funding_Source'

2020-09-18 11:41:14 - [MESSAGE][PASSED] - Keys 'DOWN + ENTER + ' sent to object: 'Object Repository/FDR-Receipt/FDR-Receipt-DistributionLine/FDR-AddEdit-DistributionLine/funding_Source'

2020-09-18 11:41:15 - [MESSAGE][PASSED] - Object 'Object Repository/FDR-Receipt/FDR-Receipt-DistributionLine/FDR-AddEdit-DistributionLine/fund_Code' is present

2020-09-18 11:41:15 - [MESSAGE][PASSED] - Keys 'Health Care Deposit Fund (0912)' sent to object: 'Object Repository/FDR-Receipt/FDR-Receipt-DistributionLine/FDR-AddEdit-DistributionLine/fund_Code'

2020-09-18 11:41:16 - [MESSAGE][PASSED] - Keys 'DOWN + ENTER + ' sent to object: 'Object Repository/FDR-Receipt/FDR-Receipt-DistributionLine/FDR-AddEdit-DistributionLine/fund_Code'

2020-09-18 11:41:16 - [MESSAGE][PASSED] - Object 'Object Repository/FDR-Receipt/FDR-Receipt-DistributionLine/FDR-AddEdit-DistributionLine/fund_Ratio' is present

2020-09-18 11:41:17 - [MESSAGE][PASSED] - Keys '5' sent to object: 'Object Repository/FDR-Receipt/FDR-Receipt-DistributionLine/FDR-AddEdit-DistributionLine/fund_Ratio'

2020-09-18 11:41:17 - [MESSAGE][PASSED] - Keys 'DOWN + ENTER + ' sent to object: 'Object Repository/FDR-Receipt/FDR-Receipt-DistributionLine/FDR-AddEdit-DistributionLine/fund_Ratio'

2020-09-18 11:41:18 - [MESSAGE][PASSED] - Object 'Object Repository/FDR-Receipt/FDR-Receipt-DistributionLine/FDR-AddEdit-DistributionLine/non_Federalfund' is present

2020-09-18 11:41:18 - [MESSAGE][PASSED] - Keys '0001' sent to object: 'Object Repository/FDR-Receipt/FDR-Receipt-DistributionLine/FDR-AddEdit-DistributionLine/non_Federalfund'

2020-09-18 11:41:19 - [MESSAGE][PASSED] - Keys 'DOWN + ENTER + ' sent to object: 'Object Repository/FDR-Receipt/FDR-Receipt-DistributionLine/FDR-AddEdit-DistributionLine/non_Federalfund'

2020-09-18 11:41:19 - [MESSAGE][PASSED] - Object 'Object Repository/FDR-Receipt/FDR-Receipt-DistributionLine/FDR-AddEdit-DistributionLine/inputAccountId' is present

2020-09-18 11:41:19 - [MESSAGE][PASSED] - Keys '5432000' sent to object: 'Object Repository/FDR-Receipt/FDR-Receipt-DistributionLine/FDR-AddEdit-DistributionLine/inputAccountId'

2020-09-18 11:41:20 - [MESSAGE][PASSED] - Keys 'DOWN + ENTER + ' sent to object: 'Object Repository/FDR-Receipt/FDR-Receipt-DistributionLine/FDR-AddEdit-DistributionLine/inputAccountId'

2020-09-18 11:41:21 - [MESSAGE][PASSED] - Object 'Object Repository/FDR-Receipt/FDR-Receipt-DistributionLine/FDR-AddEdit-DistributionLine/inputAltAccountId' is present

2020-09-18 11:41:21 - [MESSAGE][PASSED] - Keys '5432000019' sent to object: 'Object Repository/FDR-Receipt/FDR-Receipt-DistributionLine/FDR-AddEdit-DistributionLine/inputAltAccountId'

2020-09-18 11:41:21 - [MESSAGE][PASSED] - Keys 'DOWN + ENTER + ' sent to object: 'Object Repository/FDR-Receipt/FDR-Receipt-DistributionLine/FDR-AddEdit-DistributionLine/inputAltAccountId'

2020-09-18 11:41:22 - [MESSAGE][PASSED] - Object 'Object Repository/FDR-Receipt/FDR-Receipt-DistributionLine/FDR-AddEdit-DistributionLine/input_Service location_serviceLocation' is present

2020-09-18 11:41:22 - [MESSAGE][PASSED] - Keys '3445' sent to object: 'Object Repository/FDR-Receipt/FDR-Receipt-DistributionLine/FDR-AddEdit-DistributionLine/input_Service location_serviceLocation'

2020-09-18 11:41:23 - [MESSAGE][PASSED] - Keys 'DOWN + ENTER + ' sent to object: 'Object Repository/FDR-Receipt/FDR-Receipt-DistributionLine/FDR-AddEdit-DistributionLine/input_Service location_serviceLocation'

2020-09-18 11:41:23 - [MESSAGE][PASSED] - Object 'Object Repository/FDR-Receipt/FDR-Receipt-DistributionLine/FDR-AddEdit-DistributionLine/Index' is present

2020-09-18 11:41:23 - [MESSAGE][PASSED] - Keys '1155' sent to object: 'Object Repository/FDR-Receipt/FDR-Receipt-DistributionLine/FDR-AddEdit-DistributionLine/Index'

2020-09-18 11:41:24 - [MESSAGE][PASSED] - Keys 'DOWN + ENTER + ' sent to object: 'Object Repository/FDR-Receipt/FDR-Receipt-DistributionLine/FDR-AddEdit-DistributionLine/Index'

2020-09-18 11:41:24 - [MESSAGE][PASSED] - Object 'Object Repository/FDR-Receipt/FDR-Receipt-DistributionLine/FDR-AddEdit-DistributionLine/program_Type' is present

2020-09-18 11:41:25 - [MESSAGE][PASSED] - Keys 'Medical Assistance (MA)' sent to object: 'Object Repository/FDR-Receipt/FDR-Receipt-DistributionLine/FDR-AddEdit-DistributionLine/program_Type'

2020-09-18 11:41:25 - [MESSAGE][PASSED] - Keys 'DOWN + ENTER + ' sent to object: 'Object Repository/FDR-Receipt/FDR-Receipt-DistributionLine/FDR-AddEdit-DistributionLine/program_Type'

2020-09-18 11:41:26 - [MESSAGE][PASSED] - Object 'Object Repository/FDR-Receipt/FDR-Receipt-DistributionLine/FDR-AddEdit-DistributionLine/service_Category' is present

2020-09-18 11:41:26 - [MESSAGE][PASSED] - Keys '18B1' sent to object: 'Object Repository/FDR-Receipt/FDR-Receipt-DistributionLine/FDR-AddEdit-DistributionLine/service_Category'

2020-09-18 11:41:26 - [MESSAGE][PASSED] - Keys 'DOWN + ENTER + ' sent to object: 'Object Repository/FDR-Receipt/FDR-Receipt-DistributionLine/FDR-AddEdit-DistributionLine/service_Category'

2020-09-18 11:41:27 - [MESSAGE][PASSED] - Object 'Object Repository/FDR-Receipt/FDR-Receipt-DistributionLine/FDR-AddEdit-DistributionLine/increaseDecreaseLine' is present

2020-09-18 11:41:27 - [MESSAGE][PASSED] - Keys '10b: Receipts or any decrease' sent to object: 'Object Repository/FDR-Receipt/FDR-Receipt-DistributionLine/FDR-AddEdit-DistributionLine/increaseDecreaseLine'

2020-09-18 11:41:28 - [MESSAGE][PASSED] - Keys 'DOWN + ENTER + ' sent to object: 'Object Repository/FDR-Receipt/FDR-Receipt-DistributionLine/FDR-AddEdit-DistributionLine/increaseDecreaseLine'

2020-09-18 11:41:28 - [MESSAGE][PASSED] - Object 'Object Repository/FDR-Receipt/FDR-Receipt-DistributionLine/FDR-AddEdit-DistributionLine/button_SaveClose' is present

2020-09-18 11:41:29 - [MESSAGE][PASSED] - Object 'Object Repository/FDR-Receipt/FDR-Receipt-DistributionLine/FDR-AddEdit-DistributionLine/button_SaveClose' is clickable

2020-09-18 11:41:29 - [MESSAGE][PASSED] - Object: 'Object Repository/FDR-Receipt/FDR-Receipt-DistributionLine/FDR-AddEdit-DistributionLine/button_SaveClose' is clicked on

2020-09-18 11:41:29 - [TEST_STEP][PASSED] - buttonColor = getCSSValue(findTestObject("FDR-Receipt/FDR-ReceiptBatch/Fix/reviewButton"), "color"): Get CSS 'color' value on 'Object Repository/FDR-Receipt/FDR-ReceiptBatch/Fix/reviewButton' successfully: 'rgba(255, 255, 255, 1)'.

2020-09-18 11:41:30 - [MESSAGE][PASSED] - Get CSS 'color' value on 'Object Repository/FDR-Receipt/FDR-ReceiptBatch/Fix/reviewButton' successfully: 'rgba(255, 255, 255, 1)'.

2020-09-18 11:41:30 - [TEST_STEP][PASSED] - waitForElementPresent(findTestObject("FDR-Receipt/FDR-ReceiptBatch/Fix/reviewButton"), 5): Object 'Object Repository/FDR-Receipt/FDR-ReceiptBatch/Fix/reviewButton' is present

2020-09-18 11:41:31 - [MESSAGE][PASSED] - Object 'Object Repository/FDR-Receipt/FDR-ReceiptBatch/Fix/reviewButton' is present

2020-09-18 11:41:31 - [TEST_STEP][PASSED] - click(findTestObject("FDR-Receipt/FDR-ReceiptBatch/Fix/reviewButton")): Object: 'Object Repository/FDR-Receipt/FDR-ReceiptBatch/Fix/reviewButton' is clicked on

2020-09-18 11:41:31 - [MESSAGE][PASSED] - Object: 'Object Repository/FDR-Receipt/FDR-ReceiptBatch/Fix/reviewButton' is clicked on

2020-09-18 11:41:31 - [TEST_STEP][PASSED] - waitForElementPresent(findTestObject("FDR-Receipt/FDR-ReceiptBatch/PrintForms/buttonTransactionRequestPreview"), 2): Object 'Object Repository/FDR-Receipt/FDR-ReceiptBatch/PrintForms/buttonTransactionRequestPreview' is present

2020-09-18 11:41:32 - [MESSAGE][PASSED] - Object 'Object Repository/FDR-Receipt/FDR-ReceiptBatch/PrintForms/buttonTransactionRequestPreview' is present

2020-09-18 11:41:32 - [TEST_STEP][PASSED] - click(findTestObject("FDR-Receipt/FDR-ReceiptBatch/PrintForms/buttonTransactionRequestPreview")): Object: 'Object Repository/FDR-Receipt/FDR-ReceiptBatch/PrintForms/buttonTransactionRequestPreview' is clicked on

2020-09-18 11:41:32 - [MESSAGE][PASSED] - Object: 'Object Repository/FDR-Receipt/FDR-ReceiptBatch/PrintForms/buttonTransactionRequestPreview' is clicked on

2020-09-18 11:41:32 - [TEST_STEP][PASSED] - verifyElementPresent(findTestObject("FDR-Receipt/FDR-ReceiptBatch/PrintForms/titleTransactionRequestPreview"), 2): Object 'Object Repository/FDR-Receipt/FDR-ReceiptBatch/PrintForms/titleTransactionRequestPreview' is present

2020-09-18 11:41:33 - [MESSAGE][PASSED] - Object 'Object Repository/FDR-Receipt/FDR-ReceiptBatch/PrintForms/titleTransactionRequestPreview' is present

2020-09-18 11:41:33 - [TEST_STEP][PASSED] - Start listener action : sampleAfterTestCase: Browser is closed

2020-09-18 11:41:33 - [TEST_STEP][PASSED] - profileName = getExecutionProfile(): null

2020-09-18 11:41:33 - [TEST_STEP][PASSED] - switch (profileName): null

2020-09-18 11:41:33 - [TEST_STEP][PASSED] - if (!(skipBeforeAndAfterTestCase)): Browser is closed

2020-09-18 11:41:33 - [TEST_STEP][PASSED] - Uifunctions.logoutFDR(): Browser is closed

2020-09-18 11:41:33 - [MESSAGE][PASSED] - Browser is closed

2020-09-18 11:41:33 - [TEST_STEP][PASSED] - Start listener action : afterTestCase: null

2020-09-18 11:41:33 - [TEST_STEP][PASSED] - profileName = getExecutionProfile(): null

2020-09-18 11:41:33 - [TEST_STEP][PASSED] - if (profileName.equalsIgnoreCase("SysAdmin")): null

2020-09-18 11:41:33 - [TEST_STEP][PASSED] - Start listener action : sampleAfterTestCase: null

2020-09-18 11:41:33 - [TEST_STEP][PASSED] - profileName = getExecutionProfile(): null

2020-09-18 11:41:33 - [TEST_STEP][PASSED] - switch (profileName): null

2020-09-18 11:41:33 - [TEST_STEP][PASSED] - Default: null

2020-09-18 11:41:33 - [TEST_STEP][PASSED] - return null: null

2020-09-18 11:41:33 - [TEST_STEP][PASSED] - Start listener action : addFailedTCToList: null]]></system-out>
         <system-err><![CDATA[]]></system-err>
      </testcase>
      <testcase name="Test Cases/WEB-UI-TESTS/Receipt/FDR-Review-Print-Forms" time="79.915" classname="Test Cases/WEB-UI-TESTS/Receipt/FDR-Review-Print-Forms" status="PASSED">
         <system-out><![CDATA[2020-09-18 11:41:33 - [TEST_CASE][PASSED] - Test Cases/WEB-UI-TESTS/Receipt/FDR-Review-Print-Forms: Test Cases/WEB-UI-TESTS/Receipt/FDR-Review-Print-Forms

2020-09-18 11:41:33 - [TEST_STEP][PASSED] - Start listener action : sampleBeforeTestCase: Navigate to 'https://fdr-katalon.cammis-mod-dev.dhcs.ca.gov' successfully

2020-09-18 11:41:33 - [TEST_STEP][PASSED] - profileName = getExecutionProfile(): null

2020-09-18 11:41:33 - [TEST_STEP][PASSED] - switch (profileName): null

2020-09-18 11:41:33 - [TEST_STEP][PASSED] - testCaseId = testCaseContext.getTestCaseId(): null

2020-09-18 11:41:33 - [TEST_STEP][PASSED] - if (!(skipBeforeAndAfterTestCase)): Navigate to 'https://fdr-katalon.cammis-mod-dev.dhcs.ca.gov' successfully

2020-09-18 11:41:33 - [TEST_STEP][PASSED] - if (account7TestCases.contains(testCaseId)): Object: 'Object Repository/FDR-SignIn/SignInButton' is clicked on

2020-09-18 11:41:33 - [TEST_STEP][PASSED] - Uifunctions.loginFDR(accountsAdmin, accountsAdminPwd): Object: 'Object Repository/FDR-SignIn/SignInButton' is clicked on

2020-09-18 11:41:33 - [MESSAGE][INFO] - Starting 'Chrome' driver

2020-09-18 11:41:34 - [MESSAGE][INFO] - Action delay is set to 0 milliseconds

2020-09-18 11:41:37 - [MESSAGE][PASSED] - Browser is opened with url: ''

2020-09-18 11:41:39 - [MESSAGE][PASSED] - Current window maximized

2020-09-18 11:41:40 - [MESSAGE][PASSED] - Navigate to 'https://fdr-katalon.cammis-mod-dev.dhcs.ca.gov' successfully

2020-09-18 11:41:41 - [MESSAGE][PASSED] - Object 'Object Repository/FDR-SignIn/SignInEmail' is present

2020-09-18 11:41:42 - [MESSAGE][PASSED] - Object: 'Object Repository/FDR-SignIn/SignInEmail' is clicked on

2020-09-18 11:41:42 - [MESSAGE][PASSED] - Object 'Object Repository/FDR-SignIn/SignInEmail' is present

2020-09-18 11:41:42 - [MESSAGE][PASSED] - Text 'fdr.test4@dhcs.ca.gov' is set on object 'Object Repository/FDR-SignIn/SignInEmail'

2020-09-18 11:41:43 - [MESSAGE][PASSED] - Object 'Object Repository/FDR-SignIn/SignInEmailNext' is visible

2020-09-18 11:41:43 - [MESSAGE][PASSED] - Object: 'Object Repository/FDR-SignIn/SignInEmailNext' is clicked on

2020-09-18 11:41:46 - [MESSAGE][PASSED] - Object 'Object Repository/FDR-SignIn/SignInEmailPassword' is visible

2020-09-18 11:41:47 - [MESSAGE][PASSED] - Object: 'Object Repository/FDR-SignIn/SignInEmailPassword' is clicked on

2020-09-18 11:41:47 - [MESSAGE][PASSED] - Text ****** has been set on object 'Object Repository/FDR-SignIn/SignInEmailPassword'

2020-09-18 11:41:48 - [MESSAGE][PASSED] - Object: 'Object Repository/FDR-SignIn/SignInButton' is clicked on

2020-09-18 11:41:48 - [TEST_STEP][PASSED] - navigateToUrl(URL): Navigate to 'https://fdr-katalon.cammis-mod-dev.dhcs.ca.gov' successfully

2020-09-18 11:41:49 - [MESSAGE][PASSED] - Navigate to 'https://fdr-katalon.cammis-mod-dev.dhcs.ca.gov' successfully

2020-09-18 11:41:49 - [TEST_STEP][PASSED] - Start listener action : beforeTestCase: null

2020-09-18 11:41:49 - [TEST_STEP][PASSED] - profileName = getExecutionProfile(): null

2020-09-18 11:41:49 - [TEST_STEP][PASSED] - if (profileName.equalsIgnoreCase("SysAdmin")): null

2020-09-18 11:41:49 - [TEST_STEP][PASSED] - Start listener action : sampleBeforeTestCase: null

2020-09-18 11:41:49 - [TEST_STEP][PASSED] - profileName = getExecutionProfile(): null

2020-09-18 11:41:49 - [TEST_STEP][PASSED] - testCaseId = testCaseContext.getTestCaseId(): null

2020-09-18 11:41:49 - [TEST_STEP][PASSED] - switch (profileName): null

2020-09-18 11:41:49 - [TEST_STEP][PASSED] - Default: null

2020-09-18 11:41:49 - [TEST_STEP][PASSED] - return null: null

2020-09-18 11:41:49 - [TEST_STEP][PASSED] - Start listener action : executeRows: null

2020-09-18 11:41:49 - [TEST_STEP][PASSED] - d = Date().plus(1): null

2020-09-18 11:41:49 - [TEST_STEP][PASSED] - dd = Date().plus(2): null

2020-09-18 11:41:49 - [TEST_STEP][PASSED] - servicedatefrom = d.format("MM/dd/yyyy"): null

2020-09-18 11:41:49 - [TEST_STEP][PASSED] - servicedateto = dd.format("MM/dd/yyyy"): null

2020-09-18 11:41:49 - [TEST_STEP][PASSED] - originalwarrantdate = dd.format("MM/dd/yyyy"): null

2020-09-18 11:41:49 - [TEST_STEP][PASSED] - waitForElementPresent(findTestObject("FDR-Receipt/FDR-Receipt-Dashboard/createNew_ReceiptBatch_Button"), 3): Object 'Object Repository/FDR-Receipt/FDR-Receipt-Dashboard/createNew_ReceiptBatch_Button' is present

2020-09-18 11:41:51 - [MESSAGE][PASSED] - Object 'Object Repository/FDR-Receipt/FDR-Receipt-Dashboard/createNew_ReceiptBatch_Button' is present

2020-09-18 11:41:51 - [TEST_STEP][PASSED] - click(findTestObject("FDR-Receipt/FDR-Receipt-Dashboard/createNew_ReceiptBatch_Button")): Object: 'Object Repository/FDR-Receipt/FDR-Receipt-Dashboard/createNew_ReceiptBatch_Button' is clicked on

2020-09-18 11:41:51 - [MESSAGE][PASSED] - Object: 'Object Repository/FDR-Receipt/FDR-Receipt-Dashboard/createNew_ReceiptBatch_Button' is clicked on

2020-09-18 11:41:51 - [TEST_STEP][PASSED] - waitForElementPresent(findTestObject("FDR-Dashboard/createNewVoucherButton"), 4): Object 'Object Repository/FDR-Dashboard/createNewVoucherButton' is not present after 4 second(s)

2020-09-18 11:41:57 - [MESSAGE][INFO] - Unable to find the element located by 'By.xpath: //*[@data-id='button-link']//*[contains(text(),'Create New Voucher')]'. Please recheck the objects properties to make sure the desired element is located. 

2020-09-18 11:41:57 - [MESSAGE][WARNING] - Object 'Object Repository/FDR-Dashboard/createNewVoucherButton' is not present after 4 second(s)

2020-09-18 11:41:57 - [TEST_STEP][PASSED] - waitForElementPresent(findTestObject("FDR-Receipt/FDR-Receipt-Header/View/inputDrawDate"), 3): Object 'Object Repository/FDR-Receipt/FDR-Receipt-Header/View/inputDrawDate' is present

2020-09-18 11:41:57 - [MESSAGE][PASSED] - Object 'Object Repository/FDR-Receipt/FDR-Receipt-Header/View/inputDrawDate' is present

2020-09-18 11:41:57 - [TEST_STEP][PASSED] - sendKeys(findTestObject("FDR-Receipt/FDR-Receipt-Header/View/inputDrawDate"), Drawdate): Keys '09/30/2020' sent to object: 'Object Repository/FDR-Receipt/FDR-Receipt-Header/View/inputDrawDate'

2020-09-18 11:41:58 - [MESSAGE][PASSED] - Keys '09/30/2020' sent to object: 'Object Repository/FDR-Receipt/FDR-Receipt-Header/View/inputDrawDate'

2020-09-18 11:41:58 - [TEST_STEP][PASSED] - waitForElementPresent(findTestObject("FDR-Receipt/FDR-Receipt-Header/Edit/payDate"), 3): Object 'Object Repository/FDR-Receipt/FDR-Receipt-Header/Edit/payDate' is present

2020-09-18 11:41:58 - [MESSAGE][PASSED] - Object 'Object Repository/FDR-Receipt/FDR-Receipt-Header/Edit/payDate' is present

2020-09-18 11:41:58 - [TEST_STEP][PASSED] - sendKeys(findTestObject("FDR-Receipt/FDR-Receipt-Header/Edit/payDate"), Paydate): Keys '10/02/2020' sent to object: 'Object Repository/FDR-Receipt/FDR-Receipt-Header/Edit/payDate'

2020-09-18 11:41:58 - [MESSAGE][PASSED] - Keys '10/02/2020' sent to object: 'Object Repository/FDR-Receipt/FDR-Receipt-Header/Edit/payDate'

2020-09-18 11:41:58 - [TEST_STEP][PASSED] - waitForElementPresent(findTestObject("FDR-Receipt/FDR-Receipt-Header/View/deposit ID"), 10): Object 'Object Repository/FDR-Receipt/FDR-Receipt-Header/View/deposit ID' is present

2020-09-18 11:41:59 - [MESSAGE][PASSED] - Object 'Object Repository/FDR-Receipt/FDR-Receipt-Header/View/deposit ID' is present

2020-09-18 11:41:59 - [TEST_STEP][PASSED] - depositId = RandomStringUtils.randomNumeric(7): null

2020-09-18 11:41:59 - [TEST_STEP][PASSED] - sendKeys(findTestObject("FDR-Receipt/FDR-Receipt-Header/View/deposit ID"), depositId): Keys '8881261' sent to object: 'Object Repository/FDR-Receipt/FDR-Receipt-Header/View/deposit ID'

2020-09-18 11:41:59 - [MESSAGE][PASSED] - Keys '8881261' sent to object: 'Object Repository/FDR-Receipt/FDR-Receipt-Header/View/deposit ID'

2020-09-18 11:41:59 - [TEST_STEP][PASSED] - waitForElementPresent(findTestObject("FDR-Receipt/FDR-ReceiptBatch/receiptNotes"), 10): Object 'Object Repository/FDR-Receipt/FDR-ReceiptBatch/receiptNotes' is present

2020-09-18 11:42:00 - [MESSAGE][PASSED] - Object 'Object Repository/FDR-Receipt/FDR-ReceiptBatch/receiptNotes' is present

2020-09-18 11:42:00 - [TEST_STEP][PASSED] - sendKeys(findTestObject("FDR-Receipt/FDR-ReceiptBatch/receiptNotes"), Receiptnotes): Keys 'rqewrq' sent to object: 'Object Repository/FDR-Receipt/FDR-ReceiptBatch/receiptNotes'

2020-09-18 11:42:00 - [MESSAGE][PASSED] - Keys 'rqewrq' sent to object: 'Object Repository/FDR-Receipt/FDR-ReceiptBatch/receiptNotes'

2020-09-18 11:42:00 - [TEST_STEP][PASSED] - sendKeys(findTestObject("FDR-Receipt/FDR-Receipt-Header/View/remittanceNo"), Remittance): Keys '1234' sent to object: 'Object Repository/FDR-Receipt/FDR-Receipt-Header/View/remittanceNo'

2020-09-18 11:42:01 - [MESSAGE][PASSED] - Keys '1234' sent to object: 'Object Repository/FDR-Receipt/FDR-Receipt-Header/View/remittanceNo'

2020-09-18 11:42:01 - [TEST_STEP][PASSED] - waitForElementPresent(findTestObject("FDR-Receipt/FDR-Receipt-Header/View/controllerNo"), 10): Object 'Object Repository/FDR-Receipt/FDR-Receipt-Header/View/controllerNo' is present

2020-09-18 11:42:01 - [MESSAGE][PASSED] - Object 'Object Repository/FDR-Receipt/FDR-Receipt-Header/View/controllerNo' is present

2020-09-18 11:42:01 - [TEST_STEP][PASSED] - sendKeys(findTestObject("FDR-Receipt/FDR-Receipt-Header/View/controllerNo"), Controller): Keys '4567' sent to object: 'Object Repository/FDR-Receipt/FDR-Receipt-Header/View/controllerNo'

2020-09-18 11:42:02 - [MESSAGE][PASSED] - Keys '4567' sent to object: 'Object Repository/FDR-Receipt/FDR-Receipt-Header/View/controllerNo'

2020-09-18 11:42:02 - [TEST_STEP][PASSED] - waitForElementPresent(findTestObject("FDR-Receipt/FDR-Receipt-Header/View/buttonNext"), 10): Object 'Object Repository/FDR-Receipt/FDR-Receipt-Header/View/buttonNext' is present

2020-09-18 11:42:02 - [MESSAGE][PASSED] - Object 'Object Repository/FDR-Receipt/FDR-Receipt-Header/View/buttonNext' is present

2020-09-18 11:42:02 - [TEST_STEP][PASSED] - click(findTestObject("FDR-Receipt/FDR-Receipt-Header/View/buttonNext")): Object: 'Object Repository/FDR-Receipt/FDR-Receipt-Header/View/buttonNext' is clicked on

2020-09-18 11:42:03 - [MESSAGE][PASSED] - Object: 'Object Repository/FDR-Receipt/FDR-Receipt-Header/View/buttonNext' is clicked on

2020-09-18 11:42:03 - [TEST_STEP][PASSED] - delay(2): Delayed 2 second(s)

2020-09-18 11:42:05 - [MESSAGE][PASSED] - Delayed 2 second(s)

2020-09-18 11:42:05 - [TEST_STEP][PASSED] - waitForElementPresent(findTestObject("FDR-Receipt/FDR-Receipt-Checkline/View/receipt_ID"), 10): Object 'Object Repository/FDR-Receipt/FDR-Receipt-Checkline/View/receipt_ID' is present

2020-09-18 11:42:05 - [MESSAGE][PASSED] - Object 'Object Repository/FDR-Receipt/FDR-Receipt-Checkline/View/receipt_ID' is present

2020-09-18 11:42:05 - [TEST_STEP][PASSED] - sendKeys(findTestObject("FDR-Receipt/FDR-Receipt-Checkline/View/receipt_ID"), ReceiptID): Keys 'CHK10322' sent to object: 'Object Repository/FDR-Receipt/FDR-Receipt-Checkline/View/receipt_ID'

2020-09-18 11:42:05 - [MESSAGE][PASSED] - Keys 'CHK10322' sent to object: 'Object Repository/FDR-Receipt/FDR-Receipt-Checkline/View/receipt_ID'

2020-09-18 11:42:05 - [TEST_STEP][PASSED] - waitForElementPresent(findTestObject("FDR-Receipt/FDR-Receipt-Checkline/View/supplier_Id"), 10): Object 'Object Repository/FDR-Receipt/FDR-Receipt-Checkline/View/supplier_Id' is present

2020-09-18 11:42:06 - [MESSAGE][PASSED] - Object 'Object Repository/FDR-Receipt/FDR-Receipt-Checkline/View/supplier_Id' is present

2020-09-18 11:42:06 - [TEST_STEP][PASSED] - sendKeys(findTestObject("FDR-Receipt/FDR-Receipt-Checkline/View/supplier_Id"), SupplierID): Keys '0000007954' sent to object: 'Object Repository/FDR-Receipt/FDR-Receipt-Checkline/View/supplier_Id'

2020-09-18 11:42:06 - [MESSAGE][PASSED] - Keys '0000007954' sent to object: 'Object Repository/FDR-Receipt/FDR-Receipt-Checkline/View/supplier_Id'

2020-09-18 11:42:06 - [TEST_STEP][PASSED] - sendKeys(findTestObject("FDR-Receipt/FDR-Receipt-Checkline/View/supplier_Id"), Keys.chord(DOWN, ENTER)): Keys 'DOWN + ENTER + ' sent to object: 'Object Repository/FDR-Receipt/FDR-Receipt-Checkline/View/supplier_Id'

2020-09-18 11:42:07 - [MESSAGE][PASSED] - Keys 'DOWN + ENTER + ' sent to object: 'Object Repository/FDR-Receipt/FDR-Receipt-Checkline/View/supplier_Id'

2020-09-18 11:42:07 - [TEST_STEP][PASSED] - waitForElementPresent(findTestObject("FDR-Receipt/FDR-Receipt-Checkline/View/deposit_Date"), 10): Object 'Object Repository/FDR-Receipt/FDR-Receipt-Checkline/View/deposit_Date' is present

2020-09-18 11:42:07 - [MESSAGE][PASSED] - Object 'Object Repository/FDR-Receipt/FDR-Receipt-Checkline/View/deposit_Date' is present

2020-09-18 11:42:07 - [TEST_STEP][PASSED] - sendKeys(findTestObject("FDR-Receipt/FDR-Receipt-Checkline/View/deposit_Date"), DepositDate): Keys '02/24/2020' sent to object: 'Object Repository/FDR-Receipt/FDR-Receipt-Checkline/View/deposit_Date'

2020-09-18 11:42:08 - [MESSAGE][PASSED] - Keys '02/24/2020' sent to object: 'Object Repository/FDR-Receipt/FDR-Receipt-Checkline/View/deposit_Date'

2020-09-18 11:42:08 - [TEST_STEP][PASSED] - waitForElementPresent(findTestObject("FDR-Receipt/FDR-Receipt-Checkline/View/addReceipt_Button2"), 10): Object 'Object Repository/FDR-Receipt/FDR-Receipt-Checkline/View/addReceipt_Button2' is present

2020-09-18 11:42:08 - [MESSAGE][PASSED] - Object 'Object Repository/FDR-Receipt/FDR-Receipt-Checkline/View/addReceipt_Button2' is present

2020-09-18 11:42:08 - [TEST_STEP][PASSED] - click(findTestObject("FDR-Receipt/FDR-Receipt-Checkline/View/addReceipt_Button2")): Object: 'Object Repository/FDR-Receipt/FDR-Receipt-Checkline/View/addReceipt_Button2' is clicked on

2020-09-18 11:42:08 - [MESSAGE][PASSED] - Object: 'Object Repository/FDR-Receipt/FDR-Receipt-Checkline/View/addReceipt_Button2' is clicked on

2020-09-18 11:42:08 - [TEST_STEP][PASSED] - verifyElementClickable(findTestObject("FDR-Receipt/FDR-Receipt-DistributionLine/FDR-AddEdit-DistributionLine/arrow_Down"), STOP_ON_FAILURE): Object 'Object Repository/FDR-Receipt/FDR-Receipt-DistributionLine/FDR-AddEdit-DistributionLine/arrow_Down' is clickable

2020-09-18 11:42:09 - [MESSAGE][PASSED] - Object 'Object Repository/FDR-Receipt/FDR-Receipt-DistributionLine/FDR-AddEdit-DistributionLine/arrow_Down' is clickable

2020-09-18 11:42:09 - [TEST_STEP][PASSED] - click(findTestObject("FDR-Receipt/FDR-Receipt-DistributionLine/FDR-AddEdit-DistributionLine/arrow_Down"), STOP_ON_FAILURE): Object: 'Object Repository/FDR-Receipt/FDR-Receipt-DistributionLine/FDR-AddEdit-DistributionLine/arrow_Down' is clicked on

2020-09-18 11:42:09 - [MESSAGE][PASSED] - Object: 'Object Repository/FDR-Receipt/FDR-Receipt-DistributionLine/FDR-AddEdit-DistributionLine/arrow_Down' is clicked on

2020-09-18 11:42:09 - [TEST_STEP][PASSED] - waitForElementPresent(findTestObject("FDR-Receipt/FDR-Receipt-DistributionLine/FDR-AddEdit-DistributionLine/button_Add-Invoiceline"), 10): Object 'Object Repository/FDR-Receipt/FDR-Receipt-DistributionLine/FDR-AddEdit-DistributionLine/button_Add-Invoiceline' is present

2020-09-18 11:42:10 - [MESSAGE][PASSED] - Object 'Object Repository/FDR-Receipt/FDR-Receipt-DistributionLine/FDR-AddEdit-DistributionLine/button_Add-Invoiceline' is present

2020-09-18 11:42:10 - [TEST_STEP][PASSED] - scrollToElement(findTestObject("FDR-Receipt/FDR-Receipt-DistributionLine/FDR-AddEdit-DistributionLine/button_Add-Invoiceline"), 3): Scroll to object 'Object Repository/FDR-Receipt/FDR-Receipt-DistributionLine/FDR-AddEdit-DistributionLine/button_Add-Invoiceline' successfully

2020-09-18 11:42:11 - [MESSAGE][PASSED] - Scroll to object 'Object Repository/FDR-Receipt/FDR-Receipt-DistributionLine/FDR-AddEdit-DistributionLine/button_Add-Invoiceline' successfully

2020-09-18 11:42:11 - [TEST_STEP][PASSED] - verifyElementClickable(findTestObject("FDR-Receipt/FDR-Receipt-DistributionLine/FDR-AddEdit-DistributionLine/button_Add-Invoiceline"), STOP_ON_FAILURE): Object 'Object Repository/FDR-Receipt/FDR-Receipt-DistributionLine/FDR-AddEdit-DistributionLine/button_Add-Invoiceline' is clickable

2020-09-18 11:42:11 - [MESSAGE][PASSED] - Object 'Object Repository/FDR-Receipt/FDR-Receipt-DistributionLine/FDR-AddEdit-DistributionLine/button_Add-Invoiceline' is clickable

2020-09-18 11:42:11 - [TEST_STEP][PASSED] - click(findTestObject("FDR-Receipt/FDR-Receipt-DistributionLine/FDR-AddEdit-DistributionLine/button_Add-Invoiceline"), STOP_ON_FAILURE): Object: 'Object Repository/FDR-Receipt/FDR-Receipt-DistributionLine/FDR-AddEdit-DistributionLine/button_Add-Invoiceline' is clicked on

2020-09-18 11:42:11 - [MESSAGE][PASSED] - Object: 'Object Repository/FDR-Receipt/FDR-Receipt-DistributionLine/FDR-AddEdit-DistributionLine/button_Add-Invoiceline' is clicked on

2020-09-18 11:42:11 - [TEST_STEP][PASSED] - waitForElementPresent(findTestObject("FDR-Receipt/FDR-Receipt-DistributionLine/FDR-AddEdit-DistributionLine/invoice_Searchfield"), 10): Object 'Object Repository/FDR-Receipt/FDR-Receipt-DistributionLine/FDR-AddEdit-DistributionLine/invoice_Searchfield' is present

2020-09-18 11:42:12 - [MESSAGE][PASSED] - Object 'Object Repository/FDR-Receipt/FDR-Receipt-DistributionLine/FDR-AddEdit-DistributionLine/invoice_Searchfield' is present

2020-09-18 11:42:12 - [TEST_STEP][PASSED] - sendKeys(findTestObject("FDR-Receipt/FDR-Receipt-DistributionLine/FDR-AddEdit-DistributionLine/invoice_Searchfield"), searchfield): Keys '524342' sent to object: 'Object Repository/FDR-Receipt/FDR-Receipt-DistributionLine/FDR-AddEdit-DistributionLine/invoice_Searchfield'

2020-09-18 11:42:12 - [MESSAGE][PASSED] - Keys '524342' sent to object: 'Object Repository/FDR-Receipt/FDR-Receipt-DistributionLine/FDR-AddEdit-DistributionLine/invoice_Searchfield'

2020-09-18 11:42:12 - [TEST_STEP][PASSED] - click(findTestObject("FDR-Receipt/FDR-Receipt-DistributionLine/FDR-AddEdit-DistributionLine/button_Add_invoicemanually")): Object: 'Object Repository/FDR-Receipt/FDR-Receipt-DistributionLine/FDR-AddEdit-DistributionLine/button_Add_invoicemanually' is clicked on

2020-09-18 11:42:13 - [MESSAGE][PASSED] - Object: 'Object Repository/FDR-Receipt/FDR-Receipt-DistributionLine/FDR-AddEdit-DistributionLine/button_Add_invoicemanually' is clicked on

2020-09-18 11:42:13 - [TEST_STEP][PASSED] - waitForElementPresent(findTestObject("FDR-Receipt/FDR-Receipt-DistributionLine/FDR-AddEdit-DistributionLine/input_Service date (from)"), 10): Object 'Object Repository/FDR-Receipt/FDR-Receipt-DistributionLine/FDR-AddEdit-DistributionLine/input_Service date (from)' is present

2020-09-18 11:42:14 - [MESSAGE][PASSED] - Object 'Object Repository/FDR-Receipt/FDR-Receipt-DistributionLine/FDR-AddEdit-DistributionLine/input_Service date (from)' is present

2020-09-18 11:42:14 - [TEST_STEP][PASSED] - sendKeys(findTestObject("FDR-Receipt/FDR-Receipt-DistributionLine/FDR-AddEdit-DistributionLine/input_Service date (from)"), servicedatefrom): Keys '09/19/2020' sent to object: 'Object Repository/FDR-Receipt/FDR-Receipt-DistributionLine/FDR-AddEdit-DistributionLine/input_Service date (from)'

2020-09-18 11:42:14 - [MESSAGE][PASSED] - Keys '09/19/2020' sent to object: 'Object Repository/FDR-Receipt/FDR-Receipt-DistributionLine/FDR-AddEdit-DistributionLine/input_Service date (from)'

2020-09-18 11:42:14 - [TEST_STEP][PASSED] - waitForElementPresent(findTestObject("FDR-Receipt/FDR-Receipt-DistributionLine/FDR-AddEdit-DistributionLine/input_Service date (to)"), 10): Object 'Object Repository/FDR-Receipt/FDR-Receipt-DistributionLine/FDR-AddEdit-DistributionLine/input_Service date (to)' is present

2020-09-18 11:42:15 - [MESSAGE][PASSED] - Object 'Object Repository/FDR-Receipt/FDR-Receipt-DistributionLine/FDR-AddEdit-DistributionLine/input_Service date (to)' is present

2020-09-18 11:42:15 - [TEST_STEP][PASSED] - sendKeys(findTestObject("FDR-Receipt/FDR-Receipt-DistributionLine/FDR-AddEdit-DistributionLine/input_Service date (to)"), servicedateto): Keys '09/20/2020' sent to object: 'Object Repository/FDR-Receipt/FDR-Receipt-DistributionLine/FDR-AddEdit-DistributionLine/input_Service date (to)'

2020-09-18 11:42:15 - [MESSAGE][PASSED] - Keys '09/20/2020' sent to object: 'Object Repository/FDR-Receipt/FDR-Receipt-DistributionLine/FDR-AddEdit-DistributionLine/input_Service date (to)'

2020-09-18 11:42:15 - [TEST_STEP][PASSED] - waitForElementPresent(findTestObject("FDR-Receipt/FDR-Receipt-DistributionLine/FDR-AddEdit-DistributionLine/input_OrginalWarrantDate"), 10): Object 'Object Repository/FDR-Receipt/FDR-Receipt-DistributionLine/FDR-AddEdit-DistributionLine/input_OrginalWarrantDate' is present

2020-09-18 11:42:16 - [MESSAGE][PASSED] - Object 'Object Repository/FDR-Receipt/FDR-Receipt-DistributionLine/FDR-AddEdit-DistributionLine/input_OrginalWarrantDate' is present

2020-09-18 11:42:16 - [TEST_STEP][PASSED] - sendKeys(findTestObject("FDR-Receipt/FDR-Receipt-DistributionLine/FDR-AddEdit-DistributionLine/input_OrginalWarrantDate"), originalwarrantdate): Keys '09/20/2020' sent to object: 'Object Repository/FDR-Receipt/FDR-Receipt-DistributionLine/FDR-AddEdit-DistributionLine/input_OrginalWarrantDate'

2020-09-18 11:42:16 - [MESSAGE][PASSED] - Keys '09/20/2020' sent to object: 'Object Repository/FDR-Receipt/FDR-Receipt-DistributionLine/FDR-AddEdit-DistributionLine/input_OrginalWarrantDate'

2020-09-18 11:42:16 - [TEST_STEP][PASSED] - waitForElementPresent(findTestObject("FDR-Receipt/FDR-Receipt-DistributionLine/FDR-AddEdit-DistributionLine/input_Amount"), 10): Object 'Object Repository/FDR-Receipt/FDR-Receipt-DistributionLine/FDR-AddEdit-DistributionLine/input_Amount' is present

2020-09-18 11:42:16 - [MESSAGE][PASSED] - Object 'Object Repository/FDR-Receipt/FDR-Receipt-DistributionLine/FDR-AddEdit-DistributionLine/input_Amount' is present

2020-09-18 11:42:16 - [TEST_STEP][PASSED] - sendKeys(findTestObject("FDR-Receipt/FDR-Receipt-DistributionLine/FDR-AddEdit-DistributionLine/input_Amount"), Amount): Keys '3000' sent to object: 'Object Repository/FDR-Receipt/FDR-Receipt-DistributionLine/FDR-AddEdit-DistributionLine/input_Amount'

2020-09-18 11:42:17 - [MESSAGE][PASSED] - Keys '3000' sent to object: 'Object Repository/FDR-Receipt/FDR-Receipt-DistributionLine/FDR-AddEdit-DistributionLine/input_Amount'

2020-09-18 11:42:17 - [TEST_STEP][PASSED] - waitForElementPresent(findTestObject("FDR-Receipt/FDR-Receipt-DistributionLine/FDR-AddEdit-DistributionLine/waiver_Type"), 10): Object 'Object Repository/FDR-Receipt/FDR-Receipt-DistributionLine/FDR-AddEdit-DistributionLine/waiver_Type' is present

2020-09-18 11:42:17 - [MESSAGE][PASSED] - Object 'Object Repository/FDR-Receipt/FDR-Receipt-DistributionLine/FDR-AddEdit-DistributionLine/waiver_Type' is present

2020-09-18 11:42:17 - [TEST_STEP][PASSED] - waitForElementPresent(findTestObject("FDR-Receipt/FDR-Receipt-DistributionLine/FDR-AddEdit-DistributionLine/waiver_Type"), 8): Object 'Object Repository/FDR-Receipt/FDR-Receipt-DistributionLine/FDR-AddEdit-DistributionLine/waiver_Type' is present

2020-09-18 11:42:18 - [MESSAGE][PASSED] - Object 'Object Repository/FDR-Receipt/FDR-Receipt-DistributionLine/FDR-AddEdit-DistributionLine/waiver_Type' is present

2020-09-18 11:42:18 - [TEST_STEP][PASSED] - sendKeys(findTestObject("FDR-Receipt/FDR-Receipt-DistributionLine/FDR-AddEdit-DistributionLine/waiver_Type"), Waivertype): Keys '2020' sent to object: 'Object Repository/FDR-Receipt/FDR-Receipt-DistributionLine/FDR-AddEdit-DistributionLine/waiver_Type'

2020-09-18 11:42:18 - [MESSAGE][PASSED] - Keys '2020' sent to object: 'Object Repository/FDR-Receipt/FDR-Receipt-DistributionLine/FDR-AddEdit-DistributionLine/waiver_Type'

2020-09-18 11:42:18 - [TEST_STEP][PASSED] - sendKeys(findTestObject("FDR-Receipt/FDR-Receipt-DistributionLine/FDR-AddEdit-DistributionLine/waiver_Type"), Keys.chord(DOWN, ENTER)): Keys 'DOWN + ENTER + ' sent to object: 'Object Repository/FDR-Receipt/FDR-Receipt-DistributionLine/FDR-AddEdit-DistributionLine/waiver_Type'

2020-09-18 11:42:18 - [MESSAGE][PASSED] - Keys 'DOWN + ENTER + ' sent to object: 'Object Repository/FDR-Receipt/FDR-Receipt-DistributionLine/FDR-AddEdit-DistributionLine/waiver_Type'

2020-09-18 11:42:18 - [TEST_STEP][PASSED] - waitForElementPresent(findTestObject("FDR-Receipt/FDR-Receipt-DistributionLine/FDR-AddEdit-DistributionLine/waiver_Name"), 6): Object 'Object Repository/FDR-Receipt/FDR-Receipt-DistributionLine/FDR-AddEdit-DistributionLine/waiver_Name' is present

2020-09-18 11:42:19 - [MESSAGE][PASSED] - Object 'Object Repository/FDR-Receipt/FDR-Receipt-DistributionLine/FDR-AddEdit-DistributionLine/waiver_Name' is present

2020-09-18 11:42:19 - [TEST_STEP][PASSED] - sendKeys(findTestObject("FDR-Receipt/FDR-Receipt-DistributionLine/FDR-AddEdit-DistributionLine/waiver_Name"), Waivername): Keys 'A-FamilyU TPM/GMC' sent to object: 'Object Repository/FDR-Receipt/FDR-Receipt-DistributionLine/FDR-AddEdit-DistributionLine/waiver_Name'

2020-09-18 11:42:19 - [MESSAGE][PASSED] - Keys 'A-FamilyU TPM/GMC' sent to object: 'Object Repository/FDR-Receipt/FDR-Receipt-DistributionLine/FDR-AddEdit-DistributionLine/waiver_Name'

2020-09-18 11:42:19 - [TEST_STEP][PASSED] - sendKeys(findTestObject("FDR-Receipt/FDR-Receipt-DistributionLine/FDR-AddEdit-DistributionLine/waiver_Name"), Keys.chord(DOWN, ENTER)): Keys 'DOWN + ENTER + ' sent to object: 'Object Repository/FDR-Receipt/FDR-Receipt-DistributionLine/FDR-AddEdit-DistributionLine/waiver_Name'

2020-09-18 11:42:20 - [MESSAGE][PASSED] - Keys 'DOWN + ENTER + ' sent to object: 'Object Repository/FDR-Receipt/FDR-Receipt-DistributionLine/FDR-AddEdit-DistributionLine/waiver_Name'

2020-09-18 11:42:20 - [TEST_STEP][PASSED] - waitForElementPresent(findTestObject("FDR-Receipt/FDR-Receipt-DistributionLine/FDR-AddEdit-DistributionLine/funding_Source"), 6): Object 'Object Repository/FDR-Receipt/FDR-Receipt-DistributionLine/FDR-AddEdit-DistributionLine/funding_Source' is present

2020-09-18 11:42:20 - [MESSAGE][PASSED] - Object 'Object Repository/FDR-Receipt/FDR-Receipt-DistributionLine/FDR-AddEdit-DistributionLine/funding_Source' is present

2020-09-18 11:42:20 - [TEST_STEP][PASSED] - sendKeys(findTestObject("FDR-Receipt/FDR-Receipt-DistributionLine/FDR-AddEdit-DistributionLine/funding_Source"), Fundingsource): Keys 'Dental' sent to object: 'Object Repository/FDR-Receipt/FDR-Receipt-DistributionLine/FDR-AddEdit-DistributionLine/funding_Source'

2020-09-18 11:42:21 - [MESSAGE][PASSED] - Keys 'Dental' sent to object: 'Object Repository/FDR-Receipt/FDR-Receipt-DistributionLine/FDR-AddEdit-DistributionLine/funding_Source'

2020-09-18 11:42:21 - [TEST_STEP][PASSED] - sendKeys(findTestObject("FDR-Receipt/FDR-Receipt-DistributionLine/FDR-AddEdit-DistributionLine/funding_Source"), Keys.chord(DOWN, ENTER)): Keys 'DOWN + ENTER + ' sent to object: 'Object Repository/FDR-Receipt/FDR-Receipt-DistributionLine/FDR-AddEdit-DistributionLine/funding_Source'

2020-09-18 11:42:21 - [MESSAGE][PASSED] - Keys 'DOWN + ENTER + ' sent to object: 'Object Repository/FDR-Receipt/FDR-Receipt-DistributionLine/FDR-AddEdit-DistributionLine/funding_Source'

2020-09-18 11:42:21 - [TEST_STEP][PASSED] - waitForElementPresent(findTestObject("FDR-Receipt/FDR-Receipt-DistributionLine/FDR-AddEdit-DistributionLine/fund_Code"), 30): Object 'Object Repository/FDR-Receipt/FDR-Receipt-DistributionLine/FDR-AddEdit-DistributionLine/fund_Code' is present

2020-09-18 11:42:22 - [MESSAGE][PASSED] - Object 'Object Repository/FDR-Receipt/FDR-Receipt-DistributionLine/FDR-AddEdit-DistributionLine/fund_Code' is present

2020-09-18 11:42:22 - [TEST_STEP][PASSED] - sendKeys(findTestObject("FDR-Receipt/FDR-Receipt-DistributionLine/FDR-AddEdit-DistributionLine/fund_Code"), Fundcode): Keys 'Health Care Deposit Fund (0912)' sent to object: 'Object Repository/FDR-Receipt/FDR-Receipt-DistributionLine/FDR-AddEdit-DistributionLine/fund_Code'

2020-09-18 11:42:22 - [MESSAGE][PASSED] - Keys 'Health Care Deposit Fund (0912)' sent to object: 'Object Repository/FDR-Receipt/FDR-Receipt-DistributionLine/FDR-AddEdit-DistributionLine/fund_Code'

2020-09-18 11:42:22 - [TEST_STEP][PASSED] - sendKeys(findTestObject("FDR-Receipt/FDR-Receipt-DistributionLine/FDR-AddEdit-DistributionLine/fund_Code"), Keys.chord(DOWN, ENTER)): Keys 'DOWN + ENTER + ' sent to object: 'Object Repository/FDR-Receipt/FDR-Receipt-DistributionLine/FDR-AddEdit-DistributionLine/fund_Code'

2020-09-18 11:42:23 - [MESSAGE][PASSED] - Keys 'DOWN + ENTER + ' sent to object: 'Object Repository/FDR-Receipt/FDR-Receipt-DistributionLine/FDR-AddEdit-DistributionLine/fund_Code'

2020-09-18 11:42:23 - [TEST_STEP][PASSED] - waitForElementPresent(findTestObject("FDR-Receipt/FDR-Receipt-DistributionLine/FDR-AddEdit-DistributionLine/fund_Ratio"), 10): Object 'Object Repository/FDR-Receipt/FDR-Receipt-DistributionLine/FDR-AddEdit-DistributionLine/fund_Ratio' is present

2020-09-18 11:42:23 - [MESSAGE][PASSED] - Object 'Object Repository/FDR-Receipt/FDR-Receipt-DistributionLine/FDR-AddEdit-DistributionLine/fund_Ratio' is present

2020-09-18 11:42:23 - [TEST_STEP][PASSED] - sendKeys(findTestObject("FDR-Receipt/FDR-Receipt-DistributionLine/FDR-AddEdit-DistributionLine/fund_Ratio"), Fundratio): Keys '5' sent to object: 'Object Repository/FDR-Receipt/FDR-Receipt-DistributionLine/FDR-AddEdit-DistributionLine/fund_Ratio'

2020-09-18 11:42:24 - [MESSAGE][PASSED] - Keys '5' sent to object: 'Object Repository/FDR-Receipt/FDR-Receipt-DistributionLine/FDR-AddEdit-DistributionLine/fund_Ratio'

2020-09-18 11:42:24 - [TEST_STEP][PASSED] - sendKeys(findTestObject("FDR-Receipt/FDR-Receipt-DistributionLine/FDR-AddEdit-DistributionLine/fund_Ratio"), Keys.chord(DOWN, ENTER)): Keys 'DOWN + ENTER + ' sent to object: 'Object Repository/FDR-Receipt/FDR-Receipt-DistributionLine/FDR-AddEdit-DistributionLine/fund_Ratio'

2020-09-18 11:42:24 - [MESSAGE][PASSED] - Keys 'DOWN + ENTER + ' sent to object: 'Object Repository/FDR-Receipt/FDR-Receipt-DistributionLine/FDR-AddEdit-DistributionLine/fund_Ratio'

2020-09-18 11:42:24 - [TEST_STEP][PASSED] - waitForElementPresent(findTestObject("FDR-Receipt/FDR-Receipt-DistributionLine/FDR-AddEdit-DistributionLine/non_Federalfund"), 10): Object 'Object Repository/FDR-Receipt/FDR-Receipt-DistributionLine/FDR-AddEdit-DistributionLine/non_Federalfund' is present

2020-09-18 11:42:25 - [MESSAGE][PASSED] - Object 'Object Repository/FDR-Receipt/FDR-Receipt-DistributionLine/FDR-AddEdit-DistributionLine/non_Federalfund' is present

2020-09-18 11:42:25 - [TEST_STEP][PASSED] - sendKeys(findTestObject("FDR-Receipt/FDR-Receipt-DistributionLine/FDR-AddEdit-DistributionLine/non_Federalfund"), Nonfederalfund): Keys '0001' sent to object: 'Object Repository/FDR-Receipt/FDR-Receipt-DistributionLine/FDR-AddEdit-DistributionLine/non_Federalfund'

2020-09-18 11:42:25 - [MESSAGE][PASSED] - Keys '0001' sent to object: 'Object Repository/FDR-Receipt/FDR-Receipt-DistributionLine/FDR-AddEdit-DistributionLine/non_Federalfund'

2020-09-18 11:42:25 - [TEST_STEP][PASSED] - sendKeys(findTestObject("FDR-Receipt/FDR-Receipt-DistributionLine/FDR-AddEdit-DistributionLine/non_Federalfund"), Keys.chord(DOWN, ENTER)): Keys 'DOWN + ENTER + ' sent to object: 'Object Repository/FDR-Receipt/FDR-Receipt-DistributionLine/FDR-AddEdit-DistributionLine/non_Federalfund'

2020-09-18 11:42:26 - [MESSAGE][PASSED] - Keys 'DOWN + ENTER + ' sent to object: 'Object Repository/FDR-Receipt/FDR-Receipt-DistributionLine/FDR-AddEdit-DistributionLine/non_Federalfund'

2020-09-18 11:42:26 - [TEST_STEP][PASSED] - waitForElementPresent(findTestObject("FDR-Receipt/FDR-Receipt-DistributionLine/FDR-AddEdit-DistributionLine/input_Service location_serviceLocation"), 10): Object 'Object Repository/FDR-Receipt/FDR-Receipt-DistributionLine/FDR-AddEdit-DistributionLine/input_Service location_serviceLocation' is present

2020-09-18 11:42:26 - [MESSAGE][PASSED] - Object 'Object Repository/FDR-Receipt/FDR-Receipt-DistributionLine/FDR-AddEdit-DistributionLine/input_Service location_serviceLocation' is present

2020-09-18 11:42:26 - [TEST_STEP][PASSED] - sendKeys(findTestObject("FDR-Receipt/FDR-Receipt-DistributionLine/FDR-AddEdit-DistributionLine/input_Service location_serviceLocation"), Servicelocation): Keys '3445' sent to object: 'Object Repository/FDR-Receipt/FDR-Receipt-DistributionLine/FDR-AddEdit-DistributionLine/input_Service location_serviceLocation'

2020-09-18 11:42:27 - [MESSAGE][PASSED] - Keys '3445' sent to object: 'Object Repository/FDR-Receipt/FDR-Receipt-DistributionLine/FDR-AddEdit-DistributionLine/input_Service location_serviceLocation'

2020-09-18 11:42:27 - [TEST_STEP][PASSED] - sendKeys(findTestObject("FDR-Receipt/FDR-Receipt-DistributionLine/FDR-AddEdit-DistributionLine/input_Service location_serviceLocation"), Keys.chord(DOWN, ENTER)): Keys 'DOWN + ENTER + ' sent to object: 'Object Repository/FDR-Receipt/FDR-Receipt-DistributionLine/FDR-AddEdit-DistributionLine/input_Service location_serviceLocation'

2020-09-18 11:42:27 - [MESSAGE][PASSED] - Keys 'DOWN + ENTER + ' sent to object: 'Object Repository/FDR-Receipt/FDR-Receipt-DistributionLine/FDR-AddEdit-DistributionLine/input_Service location_serviceLocation'

2020-09-18 11:42:27 - [TEST_STEP][PASSED] - waitForElementPresent(findTestObject("FDR-Receipt/FDR-Receipt-DistributionLine/FDR-AddEdit-DistributionLine/Index"), 10): Object 'Object Repository/FDR-Receipt/FDR-Receipt-DistributionLine/FDR-AddEdit-DistributionLine/Index' is present

2020-09-18 11:42:27 - [MESSAGE][PASSED] - Object 'Object Repository/FDR-Receipt/FDR-Receipt-DistributionLine/FDR-AddEdit-DistributionLine/Index' is present

2020-09-18 11:42:27 - [TEST_STEP][PASSED] - sendKeys(findTestObject("FDR-Receipt/FDR-Receipt-DistributionLine/FDR-AddEdit-DistributionLine/Index"), Index): Keys '1155' sent to object: 'Object Repository/FDR-Receipt/FDR-Receipt-DistributionLine/FDR-AddEdit-DistributionLine/Index'

2020-09-18 11:42:27 - [MESSAGE][PASSED] - Keys '1155' sent to object: 'Object Repository/FDR-Receipt/FDR-Receipt-DistributionLine/FDR-AddEdit-DistributionLine/Index'

2020-09-18 11:42:27 - [TEST_STEP][PASSED] - sendKeys(findTestObject("FDR-Receipt/FDR-Receipt-DistributionLine/FDR-AddEdit-DistributionLine/Index"), Keys.chord(DOWN, ENTER)): Keys 'DOWN + ENTER + ' sent to object: 'Object Repository/FDR-Receipt/FDR-Receipt-DistributionLine/FDR-AddEdit-DistributionLine/Index'

2020-09-18 11:42:28 - [MESSAGE][PASSED] - Keys 'DOWN + ENTER + ' sent to object: 'Object Repository/FDR-Receipt/FDR-Receipt-DistributionLine/FDR-AddEdit-DistributionLine/Index'

2020-09-18 11:42:28 - [TEST_STEP][PASSED] - waitForElementPresent(findTestObject("FDR-Receipt/FDR-Receipt-DistributionLine/FDR-AddEdit-DistributionLine/program_Type"), 10): Object 'Object Repository/FDR-Receipt/FDR-Receipt-DistributionLine/FDR-AddEdit-DistributionLine/program_Type' is present

2020-09-18 11:42:28 - [MESSAGE][PASSED] - Object 'Object Repository/FDR-Receipt/FDR-Receipt-DistributionLine/FDR-AddEdit-DistributionLine/program_Type' is present

2020-09-18 11:42:28 - [TEST_STEP][PASSED] - sendKeys(findTestObject("FDR-Receipt/FDR-Receipt-DistributionLine/FDR-AddEdit-DistributionLine/program_Type"), Programtype): Keys 'Medical Assistance (MA)' sent to object: 'Object Repository/FDR-Receipt/FDR-Receipt-DistributionLine/FDR-AddEdit-DistributionLine/program_Type'

2020-09-18 11:42:29 - [MESSAGE][PASSED] - Keys 'Medical Assistance (MA)' sent to object: 'Object Repository/FDR-Receipt/FDR-Receipt-DistributionLine/FDR-AddEdit-DistributionLine/program_Type'

2020-09-18 11:42:29 - [TEST_STEP][PASSED] - sendKeys(findTestObject("FDR-Receipt/FDR-Receipt-DistributionLine/FDR-AddEdit-DistributionLine/program_Type"), Keys.chord(DOWN, ENTER)): Keys 'DOWN + ENTER + ' sent to object: 'Object Repository/FDR-Receipt/FDR-Receipt-DistributionLine/FDR-AddEdit-DistributionLine/program_Type'

2020-09-18 11:42:29 - [MESSAGE][PASSED] - Keys 'DOWN + ENTER + ' sent to object: 'Object Repository/FDR-Receipt/FDR-Receipt-DistributionLine/FDR-AddEdit-DistributionLine/program_Type'

2020-09-18 11:42:29 - [TEST_STEP][PASSED] - waitForElementPresent(findTestObject("FDR-Receipt/FDR-Receipt-DistributionLine/FDR-AddEdit-DistributionLine/service_Category"), 10): Object 'Object Repository/FDR-Receipt/FDR-Receipt-DistributionLine/FDR-AddEdit-DistributionLine/service_Category' is present

2020-09-18 11:42:30 - [MESSAGE][PASSED] - Object 'Object Repository/FDR-Receipt/FDR-Receipt-DistributionLine/FDR-AddEdit-DistributionLine/service_Category' is present

2020-09-18 11:42:30 - [TEST_STEP][PASSED] - sendKeys(findTestObject("FDR-Receipt/FDR-Receipt-DistributionLine/FDR-AddEdit-DistributionLine/service_Category"), Servicecategory): Keys '18B1' sent to object: 'Object Repository/FDR-Receipt/FDR-Receipt-DistributionLine/FDR-AddEdit-DistributionLine/service_Category'

2020-09-18 11:42:30 - [MESSAGE][PASSED] - Keys '18B1' sent to object: 'Object Repository/FDR-Receipt/FDR-Receipt-DistributionLine/FDR-AddEdit-DistributionLine/service_Category'

2020-09-18 11:42:30 - [TEST_STEP][PASSED] - sendKeys(findTestObject("FDR-Receipt/FDR-Receipt-DistributionLine/FDR-AddEdit-DistributionLine/service_Category"), Keys.chord(DOWN, ENTER)): Keys 'DOWN + ENTER + ' sent to object: 'Object Repository/FDR-Receipt/FDR-Receipt-DistributionLine/FDR-AddEdit-DistributionLine/service_Category'

2020-09-18 11:42:31 - [MESSAGE][PASSED] - Keys 'DOWN + ENTER + ' sent to object: 'Object Repository/FDR-Receipt/FDR-Receipt-DistributionLine/FDR-AddEdit-DistributionLine/service_Category'

2020-09-18 11:42:31 - [TEST_STEP][PASSED] - waitForElementPresent(findTestObject("FDR-Receipt/FDR-Receipt-DistributionLine/FDR-AddEdit-DistributionLine/increaseDecreaseLine"), 10): Object 'Object Repository/FDR-Receipt/FDR-Receipt-DistributionLine/FDR-AddEdit-DistributionLine/increaseDecreaseLine' is present

2020-09-18 11:42:31 - [MESSAGE][PASSED] - Object 'Object Repository/FDR-Receipt/FDR-Receipt-DistributionLine/FDR-AddEdit-DistributionLine/increaseDecreaseLine' is present

2020-09-18 11:42:31 - [TEST_STEP][PASSED] - sendKeys(findTestObject("FDR-Receipt/FDR-Receipt-DistributionLine/FDR-AddEdit-DistributionLine/increaseDecreaseLine"), IncreaseDecreaseLine): Keys '10b: Receipts or any decrease' sent to object: 'Object Repository/FDR-Receipt/FDR-Receipt-DistributionLine/FDR-AddEdit-DistributionLine/increaseDecreaseLine'

2020-09-18 11:42:32 - [MESSAGE][PASSED] - Keys '10b: Receipts or any decrease' sent to object: 'Object Repository/FDR-Receipt/FDR-Receipt-DistributionLine/FDR-AddEdit-DistributionLine/increaseDecreaseLine'

2020-09-18 11:42:32 - [TEST_STEP][PASSED] - sendKeys(findTestObject("FDR-Receipt/FDR-Receipt-DistributionLine/FDR-AddEdit-DistributionLine/increaseDecreaseLine"), Keys.chord(ARROW_DOWN, ENTER)): Keys 'DOWN + ENTER + ' sent to object: 'Object Repository/FDR-Receipt/FDR-Receipt-DistributionLine/FDR-AddEdit-DistributionLine/increaseDecreaseLine'

2020-09-18 11:42:32 - [MESSAGE][PASSED] - Keys 'DOWN + ENTER + ' sent to object: 'Object Repository/FDR-Receipt/FDR-Receipt-DistributionLine/FDR-AddEdit-DistributionLine/increaseDecreaseLine'

2020-09-18 11:42:32 - [TEST_STEP][PASSED] - waitForElementPresent(findTestObject("FDR-Receipt/FDR-Receipt-DistributionLine/FDR-AddEdit-DistributionLine/input_accountId"), 2, STOP_ON_FAILURE): Object 'Object Repository/FDR-Receipt/FDR-Receipt-DistributionLine/FDR-AddEdit-DistributionLine/input_accountId' is present

2020-09-18 11:42:33 - [MESSAGE][PASSED] - Object 'Object Repository/FDR-Receipt/FDR-Receipt-DistributionLine/FDR-AddEdit-DistributionLine/input_accountId' is present

2020-09-18 11:42:33 - [TEST_STEP][PASSED] - sendKeys(findTestObject("FDR-Receipt/FDR-Receipt-DistributionLine/FDR-AddEdit-DistributionLine/input_accountId"), accountId + Keys.chord(ARROW_DOWN, ENTER)): Keys 'DOWN + ENTER + 5432000' sent to object: 'Object Repository/FDR-Receipt/FDR-Receipt-DistributionLine/FDR-AddEdit-DistributionLine/input_accountId'

2020-09-18 11:42:33 - [MESSAGE][PASSED] - Keys 'DOWN + ENTER + 5432000' sent to object: 'Object Repository/FDR-Receipt/FDR-Receipt-DistributionLine/FDR-AddEdit-DistributionLine/input_accountId'

2020-09-18 11:42:33 - [TEST_STEP][PASSED] - waitForElementPresent(findTestObject("FDR-Receipt/FDR-Receipt-DistributionLine/FDR-AddEdit-DistributionLine/input_altAccountId"), 2, STOP_ON_FAILURE): Object 'Object Repository/FDR-Receipt/FDR-Receipt-DistributionLine/FDR-AddEdit-DistributionLine/input_altAccountId' is present

2020-09-18 11:42:33 - [MESSAGE][PASSED] - Object 'Object Repository/FDR-Receipt/FDR-Receipt-DistributionLine/FDR-AddEdit-DistributionLine/input_altAccountId' is present

2020-09-18 11:42:33 - [TEST_STEP][PASSED] - sendKeys(findTestObject("FDR-Receipt/FDR-Receipt-DistributionLine/FDR-AddEdit-DistributionLine/input_altAccountId"), altAccountId): Keys '5432000019' sent to object: 'Object Repository/FDR-Receipt/FDR-Receipt-DistributionLine/FDR-AddEdit-DistributionLine/input_altAccountId'

2020-09-18 11:42:34 - [MESSAGE][PASSED] - Keys '5432000019' sent to object: 'Object Repository/FDR-Receipt/FDR-Receipt-DistributionLine/FDR-AddEdit-DistributionLine/input_altAccountId'

2020-09-18 11:42:34 - [TEST_STEP][PASSED] - sendKeys(findTestObject("FDR-Receipt/FDR-Receipt-DistributionLine/FDR-AddEdit-DistributionLine/input_altAccountId"), Keys.chord(ARROW_DOWN, ENTER)): Keys 'DOWN + ENTER + ' sent to object: 'Object Repository/FDR-Receipt/FDR-Receipt-DistributionLine/FDR-AddEdit-DistributionLine/input_altAccountId'

2020-09-18 11:42:34 - [MESSAGE][PASSED] - Keys 'DOWN + ENTER + ' sent to object: 'Object Repository/FDR-Receipt/FDR-Receipt-DistributionLine/FDR-AddEdit-DistributionLine/input_altAccountId'

2020-09-18 11:42:34 - [TEST_STEP][PASSED] - waitForElementPresent(findTestObject("FDR-Receipt/FDR-Receipt-DistributionLine/FDR-AddEdit-DistributionLine/button_SaveClose"), 10): Object 'Object Repository/FDR-Receipt/FDR-Receipt-DistributionLine/FDR-AddEdit-DistributionLine/button_SaveClose' is present

2020-09-18 11:42:35 - [MESSAGE][PASSED] - Object 'Object Repository/FDR-Receipt/FDR-Receipt-DistributionLine/FDR-AddEdit-DistributionLine/button_SaveClose' is present

2020-09-18 11:42:35 - [TEST_STEP][PASSED] - waitForElementClickable(findTestObject("FDR-Receipt/FDR-Receipt-DistributionLine/FDR-AddEdit-DistributionLine/button_SaveClose"), 10): Object 'Object Repository/FDR-Receipt/FDR-Receipt-DistributionLine/FDR-AddEdit-DistributionLine/button_SaveClose' is clickable

2020-09-18 11:42:35 - [MESSAGE][PASSED] - Object 'Object Repository/FDR-Receipt/FDR-Receipt-DistributionLine/FDR-AddEdit-DistributionLine/button_SaveClose' is clickable

2020-09-18 11:42:35 - [TEST_STEP][PASSED] - click(findTestObject("FDR-Receipt/FDR-Receipt-DistributionLine/FDR-AddEdit-DistributionLine/button_SaveClose")): Object: 'Object Repository/FDR-Receipt/FDR-Receipt-DistributionLine/FDR-AddEdit-DistributionLine/button_SaveClose' is clicked on

2020-09-18 11:42:35 - [MESSAGE][PASSED] - Object: 'Object Repository/FDR-Receipt/FDR-Receipt-DistributionLine/FDR-AddEdit-DistributionLine/button_SaveClose' is clicked on

2020-09-18 11:42:35 - [TEST_STEP][PASSED] - waitForElementPresent(findTestObject("FDR-Receipt/FDR-ReceiptBatch/Fix/reviewButton"), 5): Object 'Object Repository/FDR-Receipt/FDR-ReceiptBatch/Fix/reviewButton' is present

2020-09-18 11:42:36 - [MESSAGE][PASSED] - Object 'Object Repository/FDR-Receipt/FDR-ReceiptBatch/Fix/reviewButton' is present

2020-09-18 11:42:36 - [TEST_STEP][PASSED] - click(findTestObject("FDR-Receipt/FDR-ReceiptBatch/Fix/reviewButton")): Object: 'Object Repository/FDR-Receipt/FDR-ReceiptBatch/Fix/reviewButton' is clicked on

2020-09-18 11:42:37 - [MESSAGE][PASSED] - Object: 'Object Repository/FDR-Receipt/FDR-ReceiptBatch/Fix/reviewButton' is clicked on

2020-09-18 11:42:37 - [TEST_STEP][PASSED] - waitForElementPresent(findTestObject("FDR-Receipt/FDR-ReceiptBatch/Review-Receipt/previewTROthers"), 2, STOP_ON_FAILURE): Object 'Object Repository/FDR-Receipt/FDR-ReceiptBatch/Review-Receipt/previewTROthers' is present

2020-09-18 11:42:38 - [MESSAGE][PASSED] - Object 'Object Repository/FDR-Receipt/FDR-ReceiptBatch/Review-Receipt/previewTROthers' is present

2020-09-18 11:42:38 - [TEST_STEP][PASSED] - click(findTestObject("FDR-Receipt/FDR-ReceiptBatch/Review-Receipt/previewTROthers")): Object: 'Object Repository/FDR-Receipt/FDR-ReceiptBatch/Review-Receipt/previewTROthers' is clicked on

2020-09-18 11:42:38 - [MESSAGE][PASSED] - Object: 'Object Repository/FDR-Receipt/FDR-ReceiptBatch/Review-Receipt/previewTROthers' is clicked on

2020-09-18 11:42:38 - [TEST_STEP][PASSED] - waitForElementPresent(findTestObject("FDR-Receipt/FDR-ReceiptBatch/Review-Receipt/closePreview"), 2): Object 'Object Repository/FDR-Receipt/FDR-ReceiptBatch/Review-Receipt/closePreview' is present

2020-09-18 11:42:39 - [MESSAGE][PASSED] - Object 'Object Repository/FDR-Receipt/FDR-ReceiptBatch/Review-Receipt/closePreview' is present

2020-09-18 11:42:39 - [TEST_STEP][PASSED] - click(findTestObject("FDR-Receipt/FDR-ReceiptBatch/Review-Receipt/closePreview")): Object: 'Object Repository/FDR-Receipt/FDR-ReceiptBatch/Review-Receipt/closePreview' is clicked on

2020-09-18 11:42:39 - [MESSAGE][PASSED] - Object: 'Object Repository/FDR-Receipt/FDR-ReceiptBatch/Review-Receipt/closePreview' is clicked on

2020-09-18 11:42:39 - [TEST_STEP][PASSED] - waitForElementPresent(findTestObject("FDR-Receipt/FDR-ReceiptBatch/Review-Receipt/previewTRHQAF"), 2, STOP_ON_FAILURE): Object 'Object Repository/FDR-Receipt/FDR-ReceiptBatch/Review-Receipt/previewTRHQAF' is present

2020-09-18 11:42:40 - [MESSAGE][PASSED] - Object 'Object Repository/FDR-Receipt/FDR-ReceiptBatch/Review-Receipt/previewTRHQAF' is present

2020-09-18 11:42:40 - [TEST_STEP][PASSED] - click(findTestObject("FDR-Receipt/FDR-ReceiptBatch/Review-Receipt/previewTRHQAF")): Object: 'Object Repository/FDR-Receipt/FDR-ReceiptBatch/Review-Receipt/previewTRHQAF' is clicked on

2020-09-18 11:42:40 - [MESSAGE][PASSED] - Object: 'Object Repository/FDR-Receipt/FDR-ReceiptBatch/Review-Receipt/previewTRHQAF' is clicked on

2020-09-18 11:42:40 - [TEST_STEP][PASSED] - waitForElementPresent(findTestObject("FDR-Receipt/FDR-ReceiptBatch/Review-Receipt/closePreview"), 2): Object 'Object Repository/FDR-Receipt/FDR-ReceiptBatch/Review-Receipt/closePreview' is present

2020-09-18 11:42:41 - [MESSAGE][PASSED] - Object 'Object Repository/FDR-Receipt/FDR-ReceiptBatch/Review-Receipt/closePreview' is present

2020-09-18 11:42:41 - [TEST_STEP][PASSED] - click(findTestObject("FDR-Receipt/FDR-ReceiptBatch/Review-Receipt/closePreview")): Object: 'Object Repository/FDR-Receipt/FDR-ReceiptBatch/Review-Receipt/closePreview' is clicked on

2020-09-18 11:42:41 - [MESSAGE][PASSED] - Object: 'Object Repository/FDR-Receipt/FDR-ReceiptBatch/Review-Receipt/closePreview' is clicked on

2020-09-18 11:42:41 - [TEST_STEP][PASSED] - waitForElementPresent(findTestObject("FDR-Receipt/FDR-ReceiptBatch/Review-Receipt/previewTRHHP"), 2, STOP_ON_FAILURE): Object 'Object Repository/FDR-Receipt/FDR-ReceiptBatch/Review-Receipt/previewTRHHP' is present

2020-09-18 11:42:42 - [MESSAGE][PASSED] - Object 'Object Repository/FDR-Receipt/FDR-ReceiptBatch/Review-Receipt/previewTRHHP' is present

2020-09-18 11:42:42 - [TEST_STEP][PASSED] - click(findTestObject("FDR-Receipt/FDR-ReceiptBatch/Review-Receipt/previewTRHHP")): Object: 'Object Repository/FDR-Receipt/FDR-ReceiptBatch/Review-Receipt/previewTRHHP' is clicked on

2020-09-18 11:42:42 - [MESSAGE][PASSED] - Object: 'Object Repository/FDR-Receipt/FDR-ReceiptBatch/Review-Receipt/previewTRHHP' is clicked on

2020-09-18 11:42:42 - [TEST_STEP][PASSED] - waitForElementPresent(findTestObject("FDR-Receipt/FDR-ReceiptBatch/Review-Receipt/closePreview"), 2): Object 'Object Repository/FDR-Receipt/FDR-ReceiptBatch/Review-Receipt/closePreview' is present

2020-09-18 11:42:43 - [MESSAGE][PASSED] - Object 'Object Repository/FDR-Receipt/FDR-ReceiptBatch/Review-Receipt/closePreview' is present

2020-09-18 11:42:43 - [TEST_STEP][PASSED] - click(findTestObject("FDR-Receipt/FDR-ReceiptBatch/Review-Receipt/closePreview")): Object: 'Object Repository/FDR-Receipt/FDR-ReceiptBatch/Review-Receipt/closePreview' is clicked on

2020-09-18 11:42:43 - [MESSAGE][PASSED] - Object: 'Object Repository/FDR-Receipt/FDR-ReceiptBatch/Review-Receipt/closePreview' is clicked on

2020-09-18 11:42:43 - [TEST_STEP][PASSED] - waitForElementPresent(findTestObject("FDR-Receipt/FDR-ReceiptBatch/Review-Receipt/button_Submitforapproval"), 2): Object 'Object Repository/FDR-Receipt/FDR-ReceiptBatch/Review-Receipt/button_Submitforapproval' is present

2020-09-18 11:42:44 - [MESSAGE][PASSED] - Object 'Object Repository/FDR-Receipt/FDR-ReceiptBatch/Review-Receipt/button_Submitforapproval' is present

2020-09-18 11:42:44 - [TEST_STEP][PASSED] - click(findTestObject("FDR-Receipt/FDR-ReceiptBatch/Review-Receipt/button_Submitforapproval")): Object: 'Object Repository/FDR-Receipt/FDR-ReceiptBatch/Review-Receipt/button_Submitforapproval' is clicked on

2020-09-18 11:42:44 - [MESSAGE][PASSED] - Object: 'Object Repository/FDR-Receipt/FDR-ReceiptBatch/Review-Receipt/button_Submitforapproval' is clicked on

2020-09-18 11:42:44 - [TEST_STEP][PASSED] - waitForElementPresent(findTestObject("FDR-Receipt/FDR-Receipt-Dashboard/filterValidatebatch"), 2): Object 'Object Repository/FDR-Receipt/FDR-Receipt-Dashboard/filterValidatebatch' is present

2020-09-18 11:42:45 - [MESSAGE][PASSED] - Object 'Object Repository/FDR-Receipt/FDR-Receipt-Dashboard/filterValidatebatch' is present

2020-09-18 11:42:45 - [TEST_STEP][PASSED] - waitForElementClickable(findTestObject("FDR-Receipt/FDR-Receipt-Dashboard/filterValidatebatch"), 10): Object 'Object Repository/FDR-Receipt/FDR-Receipt-Dashboard/filterValidatebatch' is clickable

2020-09-18 11:42:45 - [MESSAGE][PASSED] - Object 'Object Repository/FDR-Receipt/FDR-Receipt-Dashboard/filterValidatebatch' is clickable

2020-09-18 11:42:45 - [TEST_STEP][PASSED] - click(findTestObject("FDR-Receipt/FDR-Receipt-Dashboard/filterValidatebatch")): Object: 'Object Repository/FDR-Receipt/FDR-Receipt-Dashboard/filterValidatebatch' is clicked on

2020-09-18 11:42:46 - [MESSAGE][PASSED] - Object: 'Object Repository/FDR-Receipt/FDR-Receipt-Dashboard/filterValidatebatch' is clicked on

2020-09-18 11:42:46 - [TEST_STEP][PASSED] - waitForElementPresent(findTestObject("FDR-Receipt/FDR-Receipt-Dashboard/buttonValidate"), 2): Object 'Object Repository/FDR-Receipt/FDR-Receipt-Dashboard/buttonValidate' is present

2020-09-18 11:42:47 - [MESSAGE][PASSED] - Object 'Object Repository/FDR-Receipt/FDR-Receipt-Dashboard/buttonValidate' is present

2020-09-18 11:42:47 - [TEST_STEP][PASSED] - click(findTestObject("FDR-Receipt/FDR-Receipt-Dashboard/buttonValidate")): Object: 'Object Repository/FDR-Receipt/FDR-Receipt-Dashboard/buttonValidate' is clicked on

2020-09-18 11:42:47 - [MESSAGE][PASSED] - Object: 'Object Repository/FDR-Receipt/FDR-Receipt-Dashboard/buttonValidate' is clicked on

2020-09-18 11:42:47 - [TEST_STEP][PASSED] - waitForElementPresent(findTestObject("FDR-Receipt/FDR-ReceiptBatch/Review-Receipt/button_Approve"), 5): Object 'Object Repository/FDR-Receipt/FDR-ReceiptBatch/Review-Receipt/button_Approve' is present

2020-09-18 11:42:48 - [MESSAGE][PASSED] - Object 'Object Repository/FDR-Receipt/FDR-ReceiptBatch/Review-Receipt/button_Approve' is present

2020-09-18 11:42:48 - [TEST_STEP][PASSED] - click(findTestObject("FDR-Receipt/FDR-ReceiptBatch/Review-Receipt/button_Approve")): Object: 'Object Repository/FDR-Receipt/FDR-ReceiptBatch/Review-Receipt/button_Approve' is clicked on

2020-09-18 11:42:48 - [MESSAGE][PASSED] - Object: 'Object Repository/FDR-Receipt/FDR-ReceiptBatch/Review-Receipt/button_Approve' is clicked on

2020-09-18 11:42:48 - [TEST_STEP][PASSED] - waitForElementPresent(findTestObject("FDR-Receipt/FDR-Receipt-Dashboard/reportButton"), 2): Object 'Object Repository/FDR-Receipt/FDR-Receipt-Dashboard/reportButton' is present

2020-09-18 11:42:49 - [MESSAGE][PASSED] - Object 'Object Repository/FDR-Receipt/FDR-Receipt-Dashboard/reportButton' is present

2020-09-18 11:42:49 - [TEST_STEP][PASSED] - click(findTestObject("FDR-Receipt/FDR-Receipt-Dashboard/reportButton")): Object: 'Object Repository/FDR-Receipt/FDR-Receipt-Dashboard/reportButton' is clicked on

2020-09-18 11:42:49 - [MESSAGE][PASSED] - Object: 'Object Repository/FDR-Receipt/FDR-Receipt-Dashboard/reportButton' is clicked on

2020-09-18 11:42:49 - [TEST_STEP][PASSED] - waitForElementPresent(findTestObject("FDR-Receipt/FDR-Report-Generation/FDR-Report-Dashboard/receiptTransactionRequests"), 5, STOP_ON_FAILURE): Object 'Object Repository/FDR-Receipt/FDR-Report-Generation/FDR-Report-Dashboard/receiptTransactionRequests' is present

2020-09-18 11:42:50 - [MESSAGE][PASSED] - Object 'Object Repository/FDR-Receipt/FDR-Report-Generation/FDR-Report-Dashboard/receiptTransactionRequests' is present

2020-09-18 11:42:50 - [TEST_STEP][PASSED] - click(findTestObject("FDR-Receipt/FDR-Report-Generation/FDR-Report-Dashboard/receiptTransactionRequests")): Object: 'Object Repository/FDR-Receipt/FDR-Report-Generation/FDR-Report-Dashboard/receiptTransactionRequests' is clicked on

2020-09-18 11:42:50 - [MESSAGE][PASSED] - Object: 'Object Repository/FDR-Receipt/FDR-Report-Generation/FDR-Report-Dashboard/receiptTransactionRequests' is clicked on

2020-09-18 11:42:50 - [TEST_STEP][PASSED] - waitForElementPresent(findTestObject("FDR-Receipt/FDR-Receipt-Header/View/inputDrawDate"), 3): Object 'Object Repository/FDR-Receipt/FDR-Receipt-Header/View/inputDrawDate' is present

2020-09-18 11:42:51 - [MESSAGE][PASSED] - Object 'Object Repository/FDR-Receipt/FDR-Receipt-Header/View/inputDrawDate' is present

2020-09-18 11:42:51 - [TEST_STEP][PASSED] - sendKeys(findTestObject("FDR-Receipt/FDR-Receipt-Header/View/inputDrawDate"), Drawdate): Keys '09/30/2020' sent to object: 'Object Repository/FDR-Receipt/FDR-Receipt-Header/View/inputDrawDate'

2020-09-18 11:42:51 - [MESSAGE][PASSED] - Keys '09/30/2020' sent to object: 'Object Repository/FDR-Receipt/FDR-Receipt-Header/View/inputDrawDate'

2020-09-18 11:42:51 - [TEST_STEP][PASSED] - waitForElementClickable(findTestObject("FDR-Receipt/FDR-Report-Generation/FDR-Report-Dashboard/button_generateTRs"), 10, STOP_ON_FAILURE): Object 'Object Repository/FDR-Receipt/FDR-Report-Generation/FDR-Report-Dashboard/button_generateTRs' is clickable

2020-09-18 11:42:52 - [MESSAGE][PASSED] - Object 'Object Repository/FDR-Receipt/FDR-Report-Generation/FDR-Report-Dashboard/button_generateTRs' is clickable

2020-09-18 11:42:52 - [TEST_STEP][PASSED] - click(findTestObject("FDR-Receipt/FDR-Report-Generation/FDR-Report-Dashboard/button_generateTRs")): Object: 'Object Repository/FDR-Receipt/FDR-Report-Generation/FDR-Report-Dashboard/button_generateTRs' is clicked on

2020-09-18 11:42:52 - [MESSAGE][PASSED] - Object: 'Object Repository/FDR-Receipt/FDR-Report-Generation/FDR-Report-Dashboard/button_generateTRs' is clicked on

2020-09-18 11:42:52 - [TEST_STEP][PASSED] - waitForElementClickable(findTestObject("FDR-Receipt/FDR-Report-Generation/FDR-Report-Dashboard/backToDashboardBtn"), 2, STOP_ON_FAILURE): Object 'Object Repository/FDR-Receipt/FDR-Report-Generation/FDR-Report-Dashboard/backToDashboardBtn' is clickable

2020-09-18 11:42:53 - [MESSAGE][PASSED] - Object 'Object Repository/FDR-Receipt/FDR-Report-Generation/FDR-Report-Dashboard/backToDashboardBtn' is clickable

2020-09-18 11:42:53 - [TEST_STEP][PASSED] - Start listener action : sampleAfterTestCase: Browser is closed

2020-09-18 11:42:53 - [TEST_STEP][PASSED] - profileName = getExecutionProfile(): null

2020-09-18 11:42:53 - [TEST_STEP][PASSED] - switch (profileName): null

2020-09-18 11:42:53 - [TEST_STEP][PASSED] - if (!(skipBeforeAndAfterTestCase)): Browser is closed

2020-09-18 11:42:53 - [TEST_STEP][PASSED] - Uifunctions.logoutFDR(): Browser is closed

2020-09-18 11:42:53 - [MESSAGE][PASSED] - Browser is closed

2020-09-18 11:42:53 - [TEST_STEP][PASSED] - Start listener action : afterTestCase: null

2020-09-18 11:42:53 - [TEST_STEP][PASSED] - profileName = getExecutionProfile(): null

2020-09-18 11:42:53 - [TEST_STEP][PASSED] - if (profileName.equalsIgnoreCase("SysAdmin")): null

2020-09-18 11:42:53 - [TEST_STEP][PASSED] - Start listener action : sampleAfterTestCase: null

2020-09-18 11:42:53 - [TEST_STEP][PASSED] - profileName = getExecutionProfile(): null

2020-09-18 11:42:53 - [TEST_STEP][PASSED] - switch (profileName): null

2020-09-18 11:42:53 - [TEST_STEP][PASSED] - Default: null

2020-09-18 11:42:53 - [TEST_STEP][PASSED] - return null: null

2020-09-18 11:42:53 - [TEST_STEP][PASSED] - Start listener action : addFailedTCToList: null]]></system-out>
         <system-err><![CDATA[]]></system-err>
      </testcase>
      <testcase name="Test Cases/WEB-UI-TESTS/Receipt/FDR-Delete-Undo-Receipt-Line" time="55.193" classname="Test Cases/WEB-UI-TESTS/Receipt/FDR-Delete-Undo-Receipt-Line" status="PASSED">
         <system-out><![CDATA[2020-09-18 11:42:53 - [TEST_CASE][PASSED] - Test Cases/WEB-UI-TESTS/Receipt/FDR-Delete-Undo-Receipt-Line: Test Cases/WEB-UI-TESTS/Receipt/FDR-Delete-Undo-Receipt-Line

2020-09-18 11:42:53 - [TEST_STEP][PASSED] - Start listener action : sampleBeforeTestCase: Navigate to 'https://fdr-katalon.cammis-mod-dev.dhcs.ca.gov' successfully

2020-09-18 11:42:53 - [TEST_STEP][PASSED] - profileName = getExecutionProfile(): null

2020-09-18 11:42:53 - [TEST_STEP][PASSED] - switch (profileName): null

2020-09-18 11:42:53 - [TEST_STEP][PASSED] - testCaseId = testCaseContext.getTestCaseId(): null

2020-09-18 11:42:53 - [TEST_STEP][PASSED] - if (!(skipBeforeAndAfterTestCase)): Navigate to 'https://fdr-katalon.cammis-mod-dev.dhcs.ca.gov' successfully

2020-09-18 11:42:53 - [TEST_STEP][PASSED] - if (account7TestCases.contains(testCaseId)): null

2020-09-18 11:42:53 - [TEST_STEP][PASSED] - else if (account10TestCases.contains(testCaseId)): null

2020-09-18 11:42:53 - [TEST_STEP][PASSED] - else: Object: 'Object Repository/FDR-SignIn/SignInButton' is clicked on

2020-09-18 11:42:53 - [TEST_STEP][PASSED] - Uifunctions.loginFDR(accountsApprover, accountsApproverPwd): Object: 'Object Repository/FDR-SignIn/SignInButton' is clicked on

2020-09-18 11:42:53 - [MESSAGE][INFO] - Starting 'Chrome' driver

2020-09-18 11:42:53 - [MESSAGE][INFO] - Action delay is set to 0 milliseconds

2020-09-18 11:42:56 - [MESSAGE][PASSED] - Browser is opened with url: ''

2020-09-18 11:42:59 - [MESSAGE][PASSED] - Current window maximized

2020-09-18 11:43:00 - [MESSAGE][PASSED] - Navigate to 'https://fdr-katalon.cammis-mod-dev.dhcs.ca.gov' successfully

2020-09-18 11:43:01 - [MESSAGE][PASSED] - Object 'Object Repository/FDR-SignIn/SignInEmail' is present

2020-09-18 11:43:02 - [MESSAGE][PASSED] - Object: 'Object Repository/FDR-SignIn/SignInEmail' is clicked on

2020-09-18 11:43:02 - [MESSAGE][PASSED] - Object 'Object Repository/FDR-SignIn/SignInEmail' is present

2020-09-18 11:43:02 - [MESSAGE][PASSED] - Text 'fdr.test3@dhcs.ca.gov' is set on object 'Object Repository/FDR-SignIn/SignInEmail'

2020-09-18 11:43:03 - [MESSAGE][PASSED] - Object 'Object Repository/FDR-SignIn/SignInEmailNext' is visible

2020-09-18 11:43:03 - [MESSAGE][PASSED] - Object: 'Object Repository/FDR-SignIn/SignInEmailNext' is clicked on

2020-09-18 11:43:06 - [MESSAGE][PASSED] - Object 'Object Repository/FDR-SignIn/SignInEmailPassword' is visible

2020-09-18 11:43:06 - [MESSAGE][PASSED] - Object: 'Object Repository/FDR-SignIn/SignInEmailPassword' is clicked on

2020-09-18 11:43:07 - [MESSAGE][PASSED] - Text ****** has been set on object 'Object Repository/FDR-SignIn/SignInEmailPassword'

2020-09-18 11:43:08 - [MESSAGE][PASSED] - Object: 'Object Repository/FDR-SignIn/SignInButton' is clicked on

2020-09-18 11:43:09 - [TEST_STEP][PASSED] - navigateToUrl(URL): Navigate to 'https://fdr-katalon.cammis-mod-dev.dhcs.ca.gov' successfully

2020-09-18 11:43:09 - [MESSAGE][PASSED] - Navigate to 'https://fdr-katalon.cammis-mod-dev.dhcs.ca.gov' successfully

2020-09-18 11:43:09 - [TEST_STEP][PASSED] - Start listener action : beforeTestCase: null

2020-09-18 11:43:09 - [TEST_STEP][PASSED] - profileName = getExecutionProfile(): null

2020-09-18 11:43:09 - [TEST_STEP][PASSED] - if (profileName.equalsIgnoreCase("SysAdmin")): null

2020-09-18 11:43:09 - [TEST_STEP][PASSED] - Start listener action : sampleBeforeTestCase: null

2020-09-18 11:43:09 - [TEST_STEP][PASSED] - profileName = getExecutionProfile(): null

2020-09-18 11:43:09 - [TEST_STEP][PASSED] - testCaseId = testCaseContext.getTestCaseId(): null

2020-09-18 11:43:09 - [TEST_STEP][PASSED] - switch (profileName): null

2020-09-18 11:43:09 - [TEST_STEP][PASSED] - Default: null

2020-09-18 11:43:09 - [TEST_STEP][PASSED] - return null: null

2020-09-18 11:43:09 - [TEST_STEP][PASSED] - Start listener action : executeRows: null

2020-09-18 11:43:09 - [TEST_STEP][PASSED] - newDepositId = RandomStringUtils.randomNumeric(7): null

2020-09-18 11:43:09 - [TEST_STEP][PASSED] - editors.createReceipt(Drawdate, Paydate, newDepositId, Receiptnotes): Object: 'Object Repository/FDR-Receipt/FDR-Receipt-Header/View/buttonNext' is clicked on

2020-09-18 11:43:14 - [MESSAGE][INFO] - Unable to find the element located by 'By.xpath: //*[@data-id='button-link']//*[contains(text(),'Create New Voucher')]'. Please recheck the objects properties to make sure the desired element is located. 

2020-09-18 11:43:14 - [MESSAGE][WARNING] - Object 'Object Repository/FDR-Dashboard/createNewVoucherButton' is not present after 4 second(s)

2020-09-18 11:43:14 - [MESSAGE][PASSED] - Object 'Object Repository/FDR-Receipt/FDR-Receipt-Dashboard/createNew_ReceiptBatch_Button' is present

2020-09-18 11:43:15 - [MESSAGE][PASSED] - Object: 'Object Repository/FDR-Receipt/FDR-Receipt-Dashboard/createNew_ReceiptBatch_Button' is clicked on

2020-09-18 11:43:15 - [MESSAGE][PASSED] - Object 'Object Repository/FDR-Receipt/FDR-Receipt-Header/View/inputDrawDate' is present

2020-09-18 11:43:16 - [MESSAGE][PASSED] - Text '09/30/2020' is set on object 'Object Repository/FDR-Receipt/FDR-Receipt-Header/View/inputDrawDate'

2020-09-18 11:43:17 - [MESSAGE][PASSED] - Keys 'TAB + ENTER + ENTER + ' sent to object: 'Object Repository/FDR-Receipt/FDR-Receipt-Header/View/inputDrawDate'

2020-09-18 11:43:18 - [MESSAGE][PASSED] - Object 'Object Repository/FDR-Receipt/FDR-Receipt-Header/Edit/payDate' is present

2020-09-18 11:43:19 - [MESSAGE][PASSED] - Text '10/02/2020' is set on object 'Object Repository/FDR-Receipt/FDR-Receipt-Header/Edit/payDate'

2020-09-18 11:43:19 - [MESSAGE][PASSED] - Object 'Object Repository/FDR-Receipt/FDR-Receipt-Header/View/deposit ID' is present

2020-09-18 11:43:20 - [MESSAGE][PASSED] - Text '3283786' is set on object 'Object Repository/FDR-Receipt/FDR-Receipt-Header/View/deposit ID'

2020-09-18 11:43:21 - [MESSAGE][PASSED] - Object 'Object Repository/FDR-Receipt/FDR-ReceiptBatch/receiptNotes' is present

2020-09-18 11:43:21 - [MESSAGE][PASSED] - Text 'rqewrq' is set on object 'Object Repository/FDR-Receipt/FDR-ReceiptBatch/receiptNotes'

2020-09-18 11:43:22 - [MESSAGE][PASSED] - Object 'Object Repository/FDR-Receipt/FDR-Receipt-Header/Edit/remmitanceAdviceInput' is present

2020-09-18 11:43:22 - [MESSAGE][PASSED] - Keys '' sent to object: 'Object Repository/FDR-Receipt/FDR-Receipt-Header/Edit/remmitanceAdviceInput'

2020-09-18 11:43:23 - [MESSAGE][PASSED] - Object 'Object Repository/FDR-Receipt/FDR-Receipt-Header/Edit/controllerReceiptInput' is present

2020-09-18 11:43:23 - [MESSAGE][PASSED] - Keys '' sent to object: 'Object Repository/FDR-Receipt/FDR-Receipt-Header/Edit/controllerReceiptInput'

2020-09-18 11:43:24 - [MESSAGE][PASSED] - Object 'Object Repository/FDR-Receipt/FDR-Receipt-Header/View/buttonNext' is present

2020-09-18 11:43:24 - [MESSAGE][PASSED] - Object: 'Object Repository/FDR-Receipt/FDR-Receipt-Header/View/buttonNext' is clicked on

2020-09-18 11:43:24 - [TEST_STEP][PASSED] - editors.createReceiptline(ReceiptID, SupplierID, DepositDate): Object: 'Object Repository/FDR-Receipt/FDR-Receipt-Checkline/View/addReceipt_Button2' is clicked on

2020-09-18 11:43:25 - [MESSAGE][PASSED] - Object 'Object Repository/FDR-Receipt/FDR-Receipt-Checkline/View/receipt_ID' is present

2020-09-18 11:43:25 - [MESSAGE][PASSED] - Keys 'CHK10322' sent to object: 'Object Repository/FDR-Receipt/FDR-Receipt-Checkline/View/receipt_ID'

2020-09-18 11:43:26 - [MESSAGE][PASSED] - Object 'Object Repository/FDR-Receipt/FDR-Receipt-Checkline/View/supplier_Id' is present

2020-09-18 11:43:26 - [MESSAGE][PASSED] - Object: 'Object Repository/FDR-Receipt/FDR-Receipt-Checkline/View/supplier_Id' is clicked on

2020-09-18 11:43:26 - [MESSAGE][PASSED] - Keys '0000007954' sent to object: 'Object Repository/FDR-Receipt/FDR-Receipt-Checkline/View/supplier_Id'

2020-09-18 11:43:27 - [MESSAGE][PASSED] - Keys 'DOWN + ENTER + ' sent to object: 'Object Repository/FDR-Receipt/FDR-Receipt-Checkline/View/supplier_Id'

2020-09-18 11:43:27 - [MESSAGE][PASSED] - Object 'Object Repository/FDR-Receipt/FDR-Receipt-Checkline/View/deposit_Date' is present

2020-09-18 11:43:28 - [MESSAGE][PASSED] - Keys '02/24/2020' sent to object: 'Object Repository/FDR-Receipt/FDR-Receipt-Checkline/View/deposit_Date'

2020-09-18 11:43:33 - [MESSAGE][INFO] - Unable to find the element located by 'By.xpath: //*[@data-id='button-link']//*[contains(text(),'Create New Voucher')]'. Please recheck the objects properties to make sure the desired element is located. 

2020-09-18 11:43:33 - [MESSAGE][WARNING] - Object 'Object Repository/FDR-Dashboard/createNewVoucherButton' is not present after 4 second(s)

2020-09-18 11:43:33 - [MESSAGE][PASSED] - Object 'Object Repository/FDR-Receipt/FDR-Receipt-Checkline/View/addReceipt_Button2' is present

2020-09-18 11:43:34 - [MESSAGE][PASSED] - Object: 'Object Repository/FDR-Receipt/FDR-Receipt-Checkline/View/addReceipt_Button2' is clicked on

2020-09-18 11:43:34 - [TEST_STEP][PASSED] - delay(2): Delayed 2 second(s)

2020-09-18 11:43:36 - [MESSAGE][PASSED] - Delayed 2 second(s)

2020-09-18 11:43:36 - [TEST_STEP][PASSED] - click(findTestObject("FDR-Receipt/FDR-Receipt-Checkline/Delete/lineAttribute")): Object: 'Object Repository/FDR-Receipt/FDR-Receipt-Checkline/Delete/lineAttribute' is clicked on

2020-09-18 11:43:36 - [MESSAGE][PASSED] - Object: 'Object Repository/FDR-Receipt/FDR-Receipt-Checkline/Delete/lineAttribute' is clicked on

2020-09-18 11:43:36 - [TEST_STEP][PASSED] - mouseOver(findTestObject("FDR-Receipt/FDR-Receipt-Checkline/Edit/Mose_over")): Object: 'Object Repository/FDR-Receipt/FDR-Receipt-Checkline/Edit/Mose_over' is hovered

2020-09-18 11:43:37 - [MESSAGE][PASSED] - Object: 'Object Repository/FDR-Receipt/FDR-Receipt-Checkline/Edit/Mose_over' is hovered

2020-09-18 11:43:37 - [TEST_STEP][PASSED] - waitForElementPresent(findTestObject("FDR-Receipt/FDR-Receipt-Checkline/Edit/3dots_Icon"), 2): Object 'Object Repository/FDR-Receipt/FDR-Receipt-Checkline/Edit/3dots_Icon' is present

2020-09-18 11:43:37 - [MESSAGE][PASSED] - Object 'Object Repository/FDR-Receipt/FDR-Receipt-Checkline/Edit/3dots_Icon' is present

2020-09-18 11:43:37 - [TEST_STEP][PASSED] - click(findTestObject("FDR-Receipt/FDR-Receipt-Checkline/Edit/3dots_Icon")): Object: 'Object Repository/FDR-Receipt/FDR-Receipt-Checkline/Edit/3dots_Icon' is clicked on

2020-09-18 11:43:37 - [MESSAGE][PASSED] - Object: 'Object Repository/FDR-Receipt/FDR-Receipt-Checkline/Edit/3dots_Icon' is clicked on

2020-09-18 11:43:37 - [TEST_STEP][PASSED] - waitForElementPresent(findTestObject("FDR-Receipt/FDR-Receipt-Checkline/Delete/li_Delete"), 2): Object 'Object Repository/FDR-Receipt/FDR-Receipt-Checkline/Delete/li_Delete' is present

2020-09-18 11:43:38 - [MESSAGE][PASSED] - Object 'Object Repository/FDR-Receipt/FDR-Receipt-Checkline/Delete/li_Delete' is present

2020-09-18 11:43:38 - [TEST_STEP][PASSED] - click(findTestObject("FDR-Receipt/FDR-Receipt-Checkline/Delete/li_Delete")): Object: 'Object Repository/FDR-Receipt/FDR-Receipt-Checkline/Delete/li_Delete' is clicked on

2020-09-18 11:43:38 - [MESSAGE][PASSED] - Object: 'Object Repository/FDR-Receipt/FDR-Receipt-Checkline/Delete/li_Delete' is clicked on

2020-09-18 11:43:38 - [TEST_STEP][PASSED] - waitForElementPresent(findTestObject("FDR-Receipt/FDR-Receipt-Checkline/Delete/li_Delete"), 5): Object 'Object Repository/FDR-Receipt/FDR-Receipt-Checkline/Delete/li_Delete' is not present after 5 second(s)

2020-09-18 11:43:45 - [MESSAGE][INFO] - Unable to find the element located by 'By.xpath: //*[@id="long-menu"]/div[3]/ul/li[2]'. Please recheck the objects properties to make sure the desired element is located. 

2020-09-18 11:43:45 - [MESSAGE][WARNING] - Object 'Object Repository/FDR-Receipt/FDR-Receipt-Checkline/Delete/li_Delete' is not present after 5 second(s)

2020-09-18 11:43:45 - [TEST_STEP][PASSED] - click(findTestObject("FDR-Receipt/FDR-Receipt-Checkline/Delete/undoIcon")): Object: 'Object Repository/FDR-Receipt/FDR-Receipt-Checkline/Delete/undoIcon' is clicked on

2020-09-18 11:43:45 - [MESSAGE][PASSED] - Object: 'Object Repository/FDR-Receipt/FDR-Receipt-Checkline/Delete/undoIcon' is clicked on

2020-09-18 11:43:45 - [TEST_STEP][PASSED] - waitForElementPresent(findTestObject("FDR-Receipt/FDR-Receipt-Checkline/Delete/li_Delete"), 2): Object 'Object Repository/FDR-Receipt/FDR-Receipt-Checkline/Delete/li_Delete' is not present after 2 second(s)

2020-09-18 11:43:48 - [MESSAGE][INFO] - Unable to find the element located by 'By.xpath: //*[@id="long-menu"]/div[3]/ul/li[2]'. Please recheck the objects properties to make sure the desired element is located. 

2020-09-18 11:43:48 - [MESSAGE][WARNING] - Object 'Object Repository/FDR-Receipt/FDR-Receipt-Checkline/Delete/li_Delete' is not present after 2 second(s)

2020-09-18 11:43:48 - [TEST_STEP][PASSED] - Start listener action : sampleAfterTestCase: Browser is closed

2020-09-18 11:43:48 - [TEST_STEP][PASSED] - profileName = getExecutionProfile(): null

2020-09-18 11:43:48 - [TEST_STEP][PASSED] - switch (profileName): null

2020-09-18 11:43:48 - [TEST_STEP][PASSED] - if (!(skipBeforeAndAfterTestCase)): Browser is closed

2020-09-18 11:43:48 - [TEST_STEP][PASSED] - Uifunctions.logoutFDR(): Browser is closed

2020-09-18 11:43:49 - [MESSAGE][PASSED] - Browser is closed

2020-09-18 11:43:49 - [TEST_STEP][PASSED] - Start listener action : afterTestCase: null

2020-09-18 11:43:49 - [TEST_STEP][PASSED] - profileName = getExecutionProfile(): null

2020-09-18 11:43:49 - [TEST_STEP][PASSED] - if (profileName.equalsIgnoreCase("SysAdmin")): null

2020-09-18 11:43:49 - [TEST_STEP][PASSED] - Start listener action : sampleAfterTestCase: null

2020-09-18 11:43:49 - [TEST_STEP][PASSED] - profileName = getExecutionProfile(): null

2020-09-18 11:43:49 - [TEST_STEP][PASSED] - switch (profileName): null

2020-09-18 11:43:49 - [TEST_STEP][PASSED] - Default: null

2020-09-18 11:43:49 - [TEST_STEP][PASSED] - return null: null

2020-09-18 11:43:49 - [TEST_STEP][PASSED] - Start listener action : addFailedTCToList: null]]></system-out>
         <system-err><![CDATA[]]></system-err>
      </testcase>
      <testcase name="Test Cases/WEB-UI-TESTS/Receipt/FDR-Validate-ReceiptHeader-RA-CR" time="40.675" classname="Test Cases/WEB-UI-TESTS/Receipt/FDR-Validate-ReceiptHeader-RA-CR" status="PASSED">
         <system-out><![CDATA[2020-09-18 11:43:49 - [TEST_CASE][PASSED] - Test Cases/WEB-UI-TESTS/Receipt/FDR-Validate-ReceiptHeader-RA-CR: Test Cases/WEB-UI-TESTS/Receipt/FDR-Validate-ReceiptHeader-RA-CR

2020-09-18 11:43:49 - [TEST_STEP][PASSED] - Start listener action : sampleBeforeTestCase: Navigate to 'https://fdr-katalon.cammis-mod-dev.dhcs.ca.gov' successfully

2020-09-18 11:43:49 - [TEST_STEP][PASSED] - profileName = getExecutionProfile(): null

2020-09-18 11:43:49 - [TEST_STEP][PASSED] - switch (profileName): null

2020-09-18 11:43:49 - [TEST_STEP][PASSED] - testCaseId = testCaseContext.getTestCaseId(): null

2020-09-18 11:43:49 - [TEST_STEP][PASSED] - if (!(skipBeforeAndAfterTestCase)): Navigate to 'https://fdr-katalon.cammis-mod-dev.dhcs.ca.gov' successfully

2020-09-18 11:43:49 - [TEST_STEP][PASSED] - if (account7TestCases.contains(testCaseId)): Object: 'Object Repository/FDR-SignIn/SignInButton' is clicked on

2020-09-18 11:43:49 - [TEST_STEP][PASSED] - Uifunctions.loginFDR(accountsAdmin, accountsAdminPwd): Object: 'Object Repository/FDR-SignIn/SignInButton' is clicked on

2020-09-18 11:43:49 - [MESSAGE][INFO] - Starting 'Chrome' driver

2020-09-18 11:43:49 - [MESSAGE][INFO] - Action delay is set to 0 milliseconds

2020-09-18 11:43:52 - [MESSAGE][PASSED] - Browser is opened with url: ''

2020-09-18 11:43:54 - [MESSAGE][PASSED] - Current window maximized

2020-09-18 11:43:58 - [MESSAGE][PASSED] - Navigate to 'https://fdr-katalon.cammis-mod-dev.dhcs.ca.gov' successfully

2020-09-18 11:43:59 - [MESSAGE][PASSED] - Object 'Object Repository/FDR-SignIn/SignInEmail' is present

2020-09-18 11:44:00 - [MESSAGE][PASSED] - Object: 'Object Repository/FDR-SignIn/SignInEmail' is clicked on

2020-09-18 11:44:00 - [MESSAGE][PASSED] - Object 'Object Repository/FDR-SignIn/SignInEmail' is present

2020-09-18 11:44:00 - [MESSAGE][PASSED] - Text 'fdr.test4@dhcs.ca.gov' is set on object 'Object Repository/FDR-SignIn/SignInEmail'

2020-09-18 11:44:01 - [MESSAGE][PASSED] - Object 'Object Repository/FDR-SignIn/SignInEmailNext' is visible

2020-09-18 11:44:01 - [MESSAGE][PASSED] - Object: 'Object Repository/FDR-SignIn/SignInEmailNext' is clicked on

2020-09-18 11:44:04 - [MESSAGE][PASSED] - Object 'Object Repository/FDR-SignIn/SignInEmailPassword' is visible

2020-09-18 11:44:05 - [MESSAGE][PASSED] - Object: 'Object Repository/FDR-SignIn/SignInEmailPassword' is clicked on

2020-09-18 11:44:05 - [MESSAGE][PASSED] - Text ****** has been set on object 'Object Repository/FDR-SignIn/SignInEmailPassword'

2020-09-18 11:44:07 - [MESSAGE][PASSED] - Object: 'Object Repository/FDR-SignIn/SignInButton' is clicked on

2020-09-18 11:44:07 - [TEST_STEP][PASSED] - navigateToUrl(URL): Navigate to 'https://fdr-katalon.cammis-mod-dev.dhcs.ca.gov' successfully

2020-09-18 11:44:07 - [MESSAGE][PASSED] - Navigate to 'https://fdr-katalon.cammis-mod-dev.dhcs.ca.gov' successfully

2020-09-18 11:44:07 - [TEST_STEP][PASSED] - Start listener action : beforeTestCase: null

2020-09-18 11:44:07 - [TEST_STEP][PASSED] - profileName = getExecutionProfile(): null

2020-09-18 11:44:07 - [TEST_STEP][PASSED] - if (profileName.equalsIgnoreCase("SysAdmin")): null

2020-09-18 11:44:07 - [TEST_STEP][PASSED] - Start listener action : sampleBeforeTestCase: null

2020-09-18 11:44:07 - [TEST_STEP][PASSED] - profileName = getExecutionProfile(): null

2020-09-18 11:44:07 - [TEST_STEP][PASSED] - testCaseId = testCaseContext.getTestCaseId(): null

2020-09-18 11:44:07 - [TEST_STEP][PASSED] - switch (profileName): null

2020-09-18 11:44:07 - [TEST_STEP][PASSED] - Default: null

2020-09-18 11:44:07 - [TEST_STEP][PASSED] - return null: null

2020-09-18 11:44:07 - [TEST_STEP][PASSED] - Start listener action : executeRows: null

2020-09-18 11:44:07 - [TEST_STEP][PASSED] - d = Date().plus(1): null

2020-09-18 11:44:07 - [TEST_STEP][PASSED] - dd = Date().plus(2): null

2020-09-18 11:44:07 - [TEST_STEP][PASSED] - servicedatefrom = d.format("MM/dd/yyyy"): null

2020-09-18 11:44:07 - [TEST_STEP][PASSED] - servicedateto = dd.format("MM/dd/yyyy"): null

2020-09-18 11:44:07 - [TEST_STEP][PASSED] - newDepositId = RandomStringUtils.randomNumeric(7): null

2020-09-18 11:44:07 - [TEST_STEP][PASSED] - editors.createReceipt(Drawdate, Paydate, newDepositId, Receiptnotes): Object: 'Object Repository/FDR-Receipt/FDR-Receipt-Header/View/buttonNext' is clicked on

2020-09-18 11:44:12 - [MESSAGE][INFO] - Unable to find the element located by 'By.xpath: //*[@data-id='button-link']//*[contains(text(),'Create New Voucher')]'. Please recheck the objects properties to make sure the desired element is located. 

2020-09-18 11:44:12 - [MESSAGE][WARNING] - Object 'Object Repository/FDR-Dashboard/createNewVoucherButton' is not present after 4 second(s)

2020-09-18 11:44:12 - [MESSAGE][PASSED] - Object 'Object Repository/FDR-Receipt/FDR-Receipt-Dashboard/createNew_ReceiptBatch_Button' is present

2020-09-18 11:44:13 - [MESSAGE][PASSED] - Object: 'Object Repository/FDR-Receipt/FDR-Receipt-Dashboard/createNew_ReceiptBatch_Button' is clicked on

2020-09-18 11:44:13 - [MESSAGE][PASSED] - Object 'Object Repository/FDR-Receipt/FDR-Receipt-Header/View/inputDrawDate' is present

2020-09-18 11:44:14 - [MESSAGE][PASSED] - Text '09/30/2020' is set on object 'Object Repository/FDR-Receipt/FDR-Receipt-Header/View/inputDrawDate'

2020-09-18 11:44:15 - [MESSAGE][PASSED] - Keys 'TAB + ENTER + ENTER + ' sent to object: 'Object Repository/FDR-Receipt/FDR-Receipt-Header/View/inputDrawDate'

2020-09-18 11:44:16 - [MESSAGE][PASSED] - Object 'Object Repository/FDR-Receipt/FDR-Receipt-Header/Edit/payDate' is present

2020-09-18 11:44:17 - [MESSAGE][PASSED] - Text '10/02/2020' is set on object 'Object Repository/FDR-Receipt/FDR-Receipt-Header/Edit/payDate'

2020-09-18 11:44:17 - [MESSAGE][PASSED] - Object 'Object Repository/FDR-Receipt/FDR-Receipt-Header/View/deposit ID' is present

2020-09-18 11:44:18 - [MESSAGE][PASSED] - Text '5953433' is set on object 'Object Repository/FDR-Receipt/FDR-Receipt-Header/View/deposit ID'

2020-09-18 11:44:19 - [MESSAGE][PASSED] - Object 'Object Repository/FDR-Receipt/FDR-ReceiptBatch/receiptNotes' is present

2020-09-18 11:44:19 - [MESSAGE][PASSED] - Text 'rqewrq' is set on object 'Object Repository/FDR-Receipt/FDR-ReceiptBatch/receiptNotes'

2020-09-18 11:44:20 - [MESSAGE][PASSED] - Object 'Object Repository/FDR-Receipt/FDR-Receipt-Header/Edit/remmitanceAdviceInput' is present

2020-09-18 11:44:20 - [MESSAGE][PASSED] - Keys '' sent to object: 'Object Repository/FDR-Receipt/FDR-Receipt-Header/Edit/remmitanceAdviceInput'

2020-09-18 11:44:21 - [MESSAGE][PASSED] - Object 'Object Repository/FDR-Receipt/FDR-Receipt-Header/Edit/controllerReceiptInput' is present

2020-09-18 11:44:21 - [MESSAGE][PASSED] - Keys '' sent to object: 'Object Repository/FDR-Receipt/FDR-Receipt-Header/Edit/controllerReceiptInput'

2020-09-18 11:44:21 - [MESSAGE][PASSED] - Object 'Object Repository/FDR-Receipt/FDR-Receipt-Header/View/buttonNext' is present

2020-09-18 11:44:22 - [MESSAGE][PASSED] - Object: 'Object Repository/FDR-Receipt/FDR-Receipt-Header/View/buttonNext' is clicked on

2020-09-18 11:44:22 - [TEST_STEP][PASSED] - waitForElementPresent(findTestObject("FDR-Receipt/FDR-Receipt-Header/Edit/3dots_icon"), 2): Object 'Object Repository/FDR-Receipt/FDR-Receipt-Header/Edit/3dots_icon' is present

2020-09-18 11:44:23 - [MESSAGE][PASSED] - Object 'Object Repository/FDR-Receipt/FDR-Receipt-Header/Edit/3dots_icon' is present

2020-09-18 11:44:23 - [TEST_STEP][PASSED] - click(findTestObject("FDR-Receipt/FDR-Receipt-Header/Edit/3dots_icon"), STOP_ON_FAILURE): Object: 'Object Repository/FDR-Receipt/FDR-Receipt-Header/Edit/3dots_icon' is clicked on

2020-09-18 11:44:23 - [MESSAGE][PASSED] - Object: 'Object Repository/FDR-Receipt/FDR-Receipt-Header/Edit/3dots_icon' is clicked on

2020-09-18 11:44:23 - [TEST_STEP][PASSED] - click(findTestObject("FDR-Receipt/FDR-Receipt-Header/Edit/edit-Icon"), STOP_ON_FAILURE): Object: 'Object Repository/FDR-Receipt/FDR-Receipt-Header/Edit/edit-Icon' is clicked on

2020-09-18 11:44:24 - [MESSAGE][PASSED] - Object: 'Object Repository/FDR-Receipt/FDR-Receipt-Header/Edit/edit-Icon' is clicked on

2020-09-18 11:44:24 - [TEST_STEP][PASSED] - verifyElementPresent(findTestObject("FDR-Receipt/FDR-Receipt-Header/Edit/remmitanceAdviceInput"), 2, STOP_ON_FAILURE): Object 'Object Repository/FDR-Receipt/FDR-Receipt-Header/Edit/remmitanceAdviceInput' is present

2020-09-18 11:44:24 - [MESSAGE][PASSED] - Object 'Object Repository/FDR-Receipt/FDR-Receipt-Header/Edit/remmitanceAdviceInput' is present

2020-09-18 11:44:24 - [TEST_STEP][PASSED] - sendKeys(findTestObject("FDR-Receipt/FDR-Receipt-Header/Edit/remmitanceAdviceInput"), remmitanceAdvice): Keys '1234' sent to object: 'Object Repository/FDR-Receipt/FDR-Receipt-Header/Edit/remmitanceAdviceInput'

2020-09-18 11:44:24 - [MESSAGE][PASSED] - Keys '1234' sent to object: 'Object Repository/FDR-Receipt/FDR-Receipt-Header/Edit/remmitanceAdviceInput'

2020-09-18 11:44:24 - [TEST_STEP][PASSED] - verifyElementPresent(findTestObject("FDR-Receipt/FDR-Receipt-Header/Edit/controllerReceiptInput"), 2, STOP_ON_FAILURE): Object 'Object Repository/FDR-Receipt/FDR-Receipt-Header/Edit/controllerReceiptInput' is present

2020-09-18 11:44:25 - [MESSAGE][PASSED] - Object 'Object Repository/FDR-Receipt/FDR-Receipt-Header/Edit/controllerReceiptInput' is present

2020-09-18 11:44:25 - [TEST_STEP][PASSED] - sendKeys(findTestObject("FDR-Receipt/FDR-Receipt-Header/Edit/controllerReceiptInput"), controllerReceipt): Keys '4567' sent to object: 'Object Repository/FDR-Receipt/FDR-Receipt-Header/Edit/controllerReceiptInput'

2020-09-18 11:44:25 - [MESSAGE][PASSED] - Keys '4567' sent to object: 'Object Repository/FDR-Receipt/FDR-Receipt-Header/Edit/controllerReceiptInput'

2020-09-18 11:44:25 - [TEST_STEP][PASSED] - waitForElementPresent(findTestObject("FDR-Receipt/FDR-Receipt-Header/Edit/next_Button"), 2): Object 'Object Repository/FDR-Receipt/FDR-Receipt-Header/Edit/next_Button' is present

2020-09-18 11:44:26 - [MESSAGE][PASSED] - Object 'Object Repository/FDR-Receipt/FDR-Receipt-Header/Edit/next_Button' is present

2020-09-18 11:44:26 - [TEST_STEP][PASSED] - click(findTestObject("FDR-Receipt/FDR-Receipt-Header/Edit/next_Button")): Object: 'Object Repository/FDR-Receipt/FDR-Receipt-Header/Edit/next_Button' is clicked on

2020-09-18 11:44:26 - [MESSAGE][PASSED] - Object: 'Object Repository/FDR-Receipt/FDR-Receipt-Header/Edit/next_Button' is clicked on

2020-09-18 11:44:26 - [TEST_STEP][PASSED] - waitForElementPresent(findTestObject("FDR-Receipt/FDR-Receipt-Header/Edit/Mose_over"), 2): Object 'Object Repository/FDR-Receipt/FDR-Receipt-Header/Edit/Mose_over' is present

2020-09-18 11:44:27 - [MESSAGE][PASSED] - Object 'Object Repository/FDR-Receipt/FDR-Receipt-Header/Edit/Mose_over' is present

2020-09-18 11:44:27 - [TEST_STEP][PASSED] - click(findTestObject("FDR-Receipt/FDR-Receipt-Header/Edit/Mose_over")): Object: 'Object Repository/FDR-Receipt/FDR-Receipt-Header/Edit/Mose_over' is clicked on

2020-09-18 11:44:27 - [MESSAGE][PASSED] - Object: 'Object Repository/FDR-Receipt/FDR-Receipt-Header/Edit/Mose_over' is clicked on

2020-09-18 11:44:27 - [TEST_STEP][PASSED] - waitForElementPresent(findTestObject("FDR-Receipt/FDR-Receipt-Header/Edit/remmitanceAdviceView"), 2): Object 'Object Repository/FDR-Receipt/FDR-Receipt-Header/Edit/remmitanceAdviceView' is present

2020-09-18 11:44:28 - [MESSAGE][PASSED] - Object 'Object Repository/FDR-Receipt/FDR-Receipt-Header/Edit/remmitanceAdviceView' is present

2020-09-18 11:44:28 - [TEST_STEP][PASSED] - if (getText(findTestObject("FDR-Receipt/FDR-Receipt-Header/Edit/remmitanceAdviceView")) == remmitanceAdvice): Text of object 'Object Repository/FDR-Receipt/FDR-Receipt-Header/Edit/remmitanceAdviceView' is: ''

2020-09-18 11:44:28 - [MESSAGE][PASSED] - Text of object 'Object Repository/FDR-Receipt/FDR-Receipt-Header/Edit/remmitanceAdviceView' is: ''

2020-09-18 11:44:28 - [TEST_STEP][PASSED] - waitForElementPresent(findTestObject("FDR-Receipt/FDR-Receipt-Header/Edit/controllerReceiptView"), 2): Object 'Object Repository/FDR-Receipt/FDR-Receipt-Header/Edit/controllerReceiptView' is present

2020-09-18 11:44:28 - [MESSAGE][PASSED] - Object 'Object Repository/FDR-Receipt/FDR-Receipt-Header/Edit/controllerReceiptView' is present

2020-09-18 11:44:28 - [TEST_STEP][PASSED] - if (getText(findTestObject("FDR-Receipt/FDR-Receipt-Header/Edit/controllerReceiptView")) == controllerReceipt): Text of object 'Object Repository/FDR-Receipt/FDR-Receipt-Header/Edit/controllerReceiptView' is: ''

2020-09-18 11:44:29 - [MESSAGE][PASSED] - Text of object 'Object Repository/FDR-Receipt/FDR-Receipt-Header/Edit/controllerReceiptView' is: ''

2020-09-18 11:44:29 - [TEST_STEP][PASSED] - Start listener action : sampleAfterTestCase: Browser is closed

2020-09-18 11:44:29 - [TEST_STEP][PASSED] - profileName = getExecutionProfile(): null

2020-09-18 11:44:29 - [TEST_STEP][PASSED] - switch (profileName): null

2020-09-18 11:44:29 - [TEST_STEP][PASSED] - if (!(skipBeforeAndAfterTestCase)): Browser is closed

2020-09-18 11:44:29 - [TEST_STEP][PASSED] - Uifunctions.logoutFDR(): Browser is closed

2020-09-18 11:44:29 - [MESSAGE][PASSED] - Browser is closed

2020-09-18 11:44:29 - [TEST_STEP][PASSED] - Start listener action : afterTestCase: null

2020-09-18 11:44:29 - [TEST_STEP][PASSED] - profileName = getExecutionProfile(): null

2020-09-18 11:44:29 - [TEST_STEP][PASSED] - if (profileName.equalsIgnoreCase("SysAdmin")): null

2020-09-18 11:44:29 - [TEST_STEP][PASSED] - Start listener action : sampleAfterTestCase: null

2020-09-18 11:44:29 - [TEST_STEP][PASSED] - profileName = getExecutionProfile(): null

2020-09-18 11:44:29 - [TEST_STEP][PASSED] - switch (profileName): null

2020-09-18 11:44:29 - [TEST_STEP][PASSED] - Default: null

2020-09-18 11:44:29 - [TEST_STEP][PASSED] - return null: null

2020-09-18 11:44:29 - [TEST_STEP][PASSED] - Start listener action : addFailedTCToList: null]]></system-out>
         <system-err><![CDATA[]]></system-err>
      </testcase>
      <testcase name="Test Cases/WEB-UI-TESTS/Receipt/FDR-Create-Receipt-DistributionLine" time="125.761" classname="Test Cases/WEB-UI-TESTS/Receipt/FDR-Create-Receipt-DistributionLine" status="PASSED">
         <system-out><![CDATA[2020-09-18 11:44:29 - [TEST_CASE][PASSED] - Test Cases/WEB-UI-TESTS/Receipt/FDR-Create-Receipt-DistributionLine: Test Cases/WEB-UI-TESTS/Receipt/FDR-Create-Receipt-DistributionLine

2020-09-18 11:44:29 - [TEST_STEP][PASSED] - Start listener action : sampleBeforeTestCase: Navigate to 'https://fdr-katalon.cammis-mod-dev.dhcs.ca.gov' successfully

2020-09-18 11:44:29 - [TEST_STEP][PASSED] - profileName = getExecutionProfile(): null

2020-09-18 11:44:29 - [TEST_STEP][PASSED] - switch (profileName): null

2020-09-18 11:44:29 - [TEST_STEP][PASSED] - testCaseId = testCaseContext.getTestCaseId(): null

2020-09-18 11:44:29 - [TEST_STEP][PASSED] - if (!(skipBeforeAndAfterTestCase)): Navigate to 'https://fdr-katalon.cammis-mod-dev.dhcs.ca.gov' successfully

2020-09-18 11:44:29 - [TEST_STEP][PASSED] - if (account7TestCases.contains(testCaseId)): null

2020-09-18 11:44:29 - [TEST_STEP][PASSED] - else if (account10TestCases.contains(testCaseId)): null

2020-09-18 11:44:29 - [TEST_STEP][PASSED] - else: Object: 'Object Repository/FDR-SignIn/SignInButton' is clicked on

2020-09-18 11:44:29 - [TEST_STEP][PASSED] - Uifunctions.loginFDR(accountsApprover, accountsApproverPwd): Object: 'Object Repository/FDR-SignIn/SignInButton' is clicked on

2020-09-18 11:44:29 - [MESSAGE][INFO] - Starting 'Chrome' driver

2020-09-18 11:44:29 - [MESSAGE][INFO] - Action delay is set to 0 milliseconds

2020-09-18 11:44:32 - [MESSAGE][PASSED] - Browser is opened with url: ''

2020-09-18 11:44:35 - [MESSAGE][PASSED] - Current window maximized

2020-09-18 11:44:39 - [MESSAGE][PASSED] - Navigate to 'https://fdr-katalon.cammis-mod-dev.dhcs.ca.gov' successfully

2020-09-18 11:44:40 - [MESSAGE][PASSED] - Object 'Object Repository/FDR-SignIn/SignInEmail' is present

2020-09-18 11:44:40 - [MESSAGE][PASSED] - Object: 'Object Repository/FDR-SignIn/SignInEmail' is clicked on

2020-09-18 11:44:41 - [MESSAGE][PASSED] - Object 'Object Repository/FDR-SignIn/SignInEmail' is present

2020-09-18 11:44:41 - [MESSAGE][PASSED] - Text 'fdr.test3@dhcs.ca.gov' is set on object 'Object Repository/FDR-SignIn/SignInEmail'

2020-09-18 11:44:41 - [MESSAGE][PASSED] - Object 'Object Repository/FDR-SignIn/SignInEmailNext' is visible

2020-09-18 11:44:42 - [MESSAGE][PASSED] - Object: 'Object Repository/FDR-SignIn/SignInEmailNext' is clicked on

2020-09-18 11:44:45 - [MESSAGE][PASSED] - Object 'Object Repository/FDR-SignIn/SignInEmailPassword' is visible

2020-09-18 11:44:45 - [MESSAGE][PASSED] - Object: 'Object Repository/FDR-SignIn/SignInEmailPassword' is clicked on

2020-09-18 11:44:45 - [MESSAGE][PASSED] - Text ****** has been set on object 'Object Repository/FDR-SignIn/SignInEmailPassword'

2020-09-18 11:44:47 - [MESSAGE][PASSED] - Object: 'Object Repository/FDR-SignIn/SignInButton' is clicked on

2020-09-18 11:44:47 - [TEST_STEP][PASSED] - navigateToUrl(URL): Navigate to 'https://fdr-katalon.cammis-mod-dev.dhcs.ca.gov' successfully

2020-09-18 11:44:48 - [MESSAGE][PASSED] - Navigate to 'https://fdr-katalon.cammis-mod-dev.dhcs.ca.gov' successfully

2020-09-18 11:44:48 - [TEST_STEP][PASSED] - Start listener action : beforeTestCase: null

2020-09-18 11:44:48 - [TEST_STEP][PASSED] - profileName = getExecutionProfile(): null

2020-09-18 11:44:48 - [TEST_STEP][PASSED] - if (profileName.equalsIgnoreCase("SysAdmin")): null

2020-09-18 11:44:48 - [TEST_STEP][PASSED] - Start listener action : sampleBeforeTestCase: null

2020-09-18 11:44:48 - [TEST_STEP][PASSED] - profileName = getExecutionProfile(): null

2020-09-18 11:44:48 - [TEST_STEP][PASSED] - testCaseId = testCaseContext.getTestCaseId(): null

2020-09-18 11:44:48 - [TEST_STEP][PASSED] - switch (profileName): null

2020-09-18 11:44:48 - [TEST_STEP][PASSED] - Default: null

2020-09-18 11:44:48 - [TEST_STEP][PASSED] - return null: null

2020-09-18 11:44:48 - [TEST_STEP][PASSED] - Start listener action : executeRows: null

2020-09-18 11:44:48 - [TEST_STEP][PASSED] - d = Date().plus(1): null

2020-09-18 11:44:48 - [TEST_STEP][PASSED] - dd = Date().plus(2): null

2020-09-18 11:44:48 - [TEST_STEP][PASSED] - servicedatefrom = d.format("MM/dd/yyyy"): null

2020-09-18 11:44:48 - [TEST_STEP][PASSED] - servicedateto = dd.format("MM/dd/yyyy"): null

2020-09-18 11:44:48 - [TEST_STEP][PASSED] - originalwarrantdate = dd.format("MM/dd/yyyy"): null

2020-09-18 11:44:48 - [TEST_STEP][PASSED] - newDepositId = RandomStringUtils.randomNumeric(7): null

2020-09-18 11:44:48 - [TEST_STEP][PASSED] - editors.createReceipt(Drawdate, Paydate, newDepositId, Receiptnotes): Object: 'Object Repository/FDR-Receipt/FDR-Receipt-Header/View/buttonNext' is clicked on

2020-09-18 11:44:53 - [MESSAGE][INFO] - Unable to find the element located by 'By.xpath: //*[@data-id='button-link']//*[contains(text(),'Create New Voucher')]'. Please recheck the objects properties to make sure the desired element is located. 

2020-09-18 11:44:53 - [MESSAGE][WARNING] - Object 'Object Repository/FDR-Dashboard/createNewVoucherButton' is not present after 4 second(s)

2020-09-18 11:44:53 - [MESSAGE][PASSED] - Object 'Object Repository/FDR-Receipt/FDR-Receipt-Dashboard/createNew_ReceiptBatch_Button' is present

2020-09-18 11:44:54 - [MESSAGE][PASSED] - Object: 'Object Repository/FDR-Receipt/FDR-Receipt-Dashboard/createNew_ReceiptBatch_Button' is clicked on

2020-09-18 11:44:54 - [MESSAGE][PASSED] - Object 'Object Repository/FDR-Receipt/FDR-Receipt-Header/View/inputDrawDate' is present

2020-09-18 11:44:55 - [MESSAGE][PASSED] - Text '09/30/2020' is set on object 'Object Repository/FDR-Receipt/FDR-Receipt-Header/View/inputDrawDate'

2020-09-18 11:44:56 - [MESSAGE][PASSED] - Keys 'TAB + ENTER + ENTER + ' sent to object: 'Object Repository/FDR-Receipt/FDR-Receipt-Header/View/inputDrawDate'

2020-09-18 11:44:57 - [MESSAGE][PASSED] - Object 'Object Repository/FDR-Receipt/FDR-Receipt-Header/Edit/payDate' is present

2020-09-18 11:44:57 - [MESSAGE][PASSED] - Text '10/02/2020' is set on object 'Object Repository/FDR-Receipt/FDR-Receipt-Header/Edit/payDate'

2020-09-18 11:44:58 - [MESSAGE][PASSED] - Object 'Object Repository/FDR-Receipt/FDR-Receipt-Header/View/deposit ID' is present

2020-09-18 11:44:59 - [MESSAGE][PASSED] - Text '8411440' is set on object 'Object Repository/FDR-Receipt/FDR-Receipt-Header/View/deposit ID'

2020-09-18 11:44:59 - [MESSAGE][PASSED] - Object 'Object Repository/FDR-Receipt/FDR-ReceiptBatch/receiptNotes' is present

2020-09-18 11:45:00 - [MESSAGE][PASSED] - Text 'rqewrq' is set on object 'Object Repository/FDR-Receipt/FDR-ReceiptBatch/receiptNotes'

2020-09-18 11:45:00 - [MESSAGE][PASSED] - Object 'Object Repository/FDR-Receipt/FDR-Receipt-Header/Edit/remmitanceAdviceInput' is present

2020-09-18 11:45:01 - [MESSAGE][PASSED] - Keys '' sent to object: 'Object Repository/FDR-Receipt/FDR-Receipt-Header/Edit/remmitanceAdviceInput'

2020-09-18 11:45:01 - [MESSAGE][PASSED] - Object 'Object Repository/FDR-Receipt/FDR-Receipt-Header/Edit/controllerReceiptInput' is present

2020-09-18 11:45:01 - [MESSAGE][PASSED] - Keys '' sent to object: 'Object Repository/FDR-Receipt/FDR-Receipt-Header/Edit/controllerReceiptInput'

2020-09-18 11:45:02 - [MESSAGE][PASSED] - Object 'Object Repository/FDR-Receipt/FDR-Receipt-Header/View/buttonNext' is present

2020-09-18 11:45:02 - [MESSAGE][PASSED] - Object: 'Object Repository/FDR-Receipt/FDR-Receipt-Header/View/buttonNext' is clicked on

2020-09-18 11:45:02 - [TEST_STEP][PASSED] - editors.createReceiptline(ReceiptID, SupplierID, DepositDate): Object: 'Object Repository/FDR-Receipt/FDR-Receipt-Checkline/View/addReceipt_Button2' is clicked on

2020-09-18 11:45:03 - [MESSAGE][PASSED] - Object 'Object Repository/FDR-Receipt/FDR-Receipt-Checkline/View/receipt_ID' is present

2020-09-18 11:45:04 - [MESSAGE][PASSED] - Keys 'CHK10322' sent to object: 'Object Repository/FDR-Receipt/FDR-Receipt-Checkline/View/receipt_ID'

2020-09-18 11:45:04 - [MESSAGE][PASSED] - Object 'Object Repository/FDR-Receipt/FDR-Receipt-Checkline/View/supplier_Id' is present

2020-09-18 11:45:05 - [MESSAGE][PASSED] - Object: 'Object Repository/FDR-Receipt/FDR-Receipt-Checkline/View/supplier_Id' is clicked on

2020-09-18 11:45:05 - [MESSAGE][PASSED] - Keys '0000007954' sent to object: 'Object Repository/FDR-Receipt/FDR-Receipt-Checkline/View/supplier_Id'

2020-09-18 11:45:06 - [MESSAGE][PASSED] - Keys 'DOWN + ENTER + ' sent to object: 'Object Repository/FDR-Receipt/FDR-Receipt-Checkline/View/supplier_Id'

2020-09-18 11:45:06 - [MESSAGE][PASSED] - Object 'Object Repository/FDR-Receipt/FDR-Receipt-Checkline/View/deposit_Date' is present

2020-09-18 11:45:07 - [MESSAGE][PASSED] - Keys '02/24/2020' sent to object: 'Object Repository/FDR-Receipt/FDR-Receipt-Checkline/View/deposit_Date'

2020-09-18 11:45:12 - [MESSAGE][INFO] - Unable to find the element located by 'By.xpath: //*[@data-id='button-link']//*[contains(text(),'Create New Voucher')]'. Please recheck the objects properties to make sure the desired element is located. 

2020-09-18 11:45:12 - [MESSAGE][WARNING] - Object 'Object Repository/FDR-Dashboard/createNewVoucherButton' is not present after 4 second(s)

2020-09-18 11:45:12 - [MESSAGE][PASSED] - Object 'Object Repository/FDR-Receipt/FDR-Receipt-Checkline/View/addReceipt_Button2' is present

2020-09-18 11:45:12 - [MESSAGE][PASSED] - Object: 'Object Repository/FDR-Receipt/FDR-Receipt-Checkline/View/addReceipt_Button2' is clicked on

2020-09-18 11:45:12 - [TEST_STEP][PASSED] - verifyElementClickable(findTestObject("FDR-Receipt/FDR-Receipt-DistributionLine/FDR-AddEdit-DistributionLine/arrow_Down"), STOP_ON_FAILURE): Object 'Object Repository/FDR-Receipt/FDR-Receipt-DistributionLine/FDR-AddEdit-DistributionLine/arrow_Down' is clickable

2020-09-18 11:45:13 - [MESSAGE][PASSED] - Object 'Object Repository/FDR-Receipt/FDR-Receipt-DistributionLine/FDR-AddEdit-DistributionLine/arrow_Down' is clickable

2020-09-18 11:45:13 - [TEST_STEP][PASSED] - click(findTestObject("FDR-Receipt/FDR-Receipt-DistributionLine/FDR-AddEdit-DistributionLine/arrow_Down"), STOP_ON_FAILURE): Object: 'Object Repository/FDR-Receipt/FDR-Receipt-DistributionLine/FDR-AddEdit-DistributionLine/arrow_Down' is clicked on

2020-09-18 11:45:13 - [MESSAGE][PASSED] - Object: 'Object Repository/FDR-Receipt/FDR-Receipt-DistributionLine/FDR-AddEdit-DistributionLine/arrow_Down' is clicked on

2020-09-18 11:45:13 - [TEST_STEP][PASSED] - waitForElementPresent(findTestObject("FDR-Receipt/FDR-Receipt-Checkline/View/deposit_Control_Amount"), 10): Object 'Object Repository/FDR-Receipt/FDR-Receipt-Checkline/View/deposit_Control_Amount' is present

2020-09-18 11:45:14 - [MESSAGE][PASSED] - Object 'Object Repository/FDR-Receipt/FDR-Receipt-Checkline/View/deposit_Control_Amount' is present

2020-09-18 11:45:14 - [TEST_STEP][PASSED] - Receipttotalbefaddwith$ = getText(findTestObject("FDR-Receipt/FDR-Receipt-Checkline/View/deposit_Control_Amount")): Text of object 'Object Repository/FDR-Receipt/FDR-Receipt-Checkline/View/deposit_Control_Amount' is: '$0.00'

2020-09-18 11:45:14 - [MESSAGE][PASSED] - Text of object 'Object Repository/FDR-Receipt/FDR-Receipt-Checkline/View/deposit_Control_Amount' is: '$0.00'

2020-09-18 11:45:14 - [TEST_STEP][PASSED] - Receipttotalbefaddwithout$ = Receipttotalbefaddwith$.substring(1): null

2020-09-18 11:45:14 - [TEST_STEP][PASSED] - ReceipttotalbefaddwithoutComma = Receipttotalbefaddwithout$.replaceAll(",", ""): null

2020-09-18 11:45:14 - [TEST_STEP][PASSED] - Receipttotalbefreceiptlineadd = Float.parseFloat(ReceipttotalbefaddwithoutComma): null

2020-09-18 11:45:14 - [TEST_STEP][PASSED] - waitForElementPresent(findTestObject("FDR-Receipt/FDR-Receipt-DistributionLine/FDR-AddEdit-DistributionLine/button_Add-Invoiceline"), 10): Object 'Object Repository/FDR-Receipt/FDR-Receipt-DistributionLine/FDR-AddEdit-DistributionLine/button_Add-Invoiceline' is present

2020-09-18 11:45:15 - [MESSAGE][PASSED] - Object 'Object Repository/FDR-Receipt/FDR-Receipt-DistributionLine/FDR-AddEdit-DistributionLine/button_Add-Invoiceline' is present

2020-09-18 11:45:15 - [TEST_STEP][PASSED] - scrollToElement(findTestObject("FDR-Receipt/FDR-Receipt-DistributionLine/FDR-AddEdit-DistributionLine/button_Add-Invoiceline"), 3): Scroll to object 'Object Repository/FDR-Receipt/FDR-Receipt-DistributionLine/FDR-AddEdit-DistributionLine/button_Add-Invoiceline' successfully

2020-09-18 11:45:15 - [MESSAGE][PASSED] - Scroll to object 'Object Repository/FDR-Receipt/FDR-Receipt-DistributionLine/FDR-AddEdit-DistributionLine/button_Add-Invoiceline' successfully

2020-09-18 11:45:15 - [TEST_STEP][PASSED] - verifyElementClickable(findTestObject("FDR-Receipt/FDR-Receipt-DistributionLine/FDR-AddEdit-DistributionLine/button_Add-Invoiceline"), STOP_ON_FAILURE): Object 'Object Repository/FDR-Receipt/FDR-Receipt-DistributionLine/FDR-AddEdit-DistributionLine/button_Add-Invoiceline' is clickable

2020-09-18 11:45:15 - [MESSAGE][PASSED] - Object 'Object Repository/FDR-Receipt/FDR-Receipt-DistributionLine/FDR-AddEdit-DistributionLine/button_Add-Invoiceline' is clickable

2020-09-18 11:45:15 - [TEST_STEP][PASSED] - click(findTestObject("FDR-Receipt/FDR-Receipt-DistributionLine/FDR-AddEdit-DistributionLine/button_Add-Invoiceline"), STOP_ON_FAILURE): Object: 'Object Repository/FDR-Receipt/FDR-Receipt-DistributionLine/FDR-AddEdit-DistributionLine/button_Add-Invoiceline' is clicked on

2020-09-18 11:45:15 - [MESSAGE][PASSED] - Object: 'Object Repository/FDR-Receipt/FDR-Receipt-DistributionLine/FDR-AddEdit-DistributionLine/button_Add-Invoiceline' is clicked on

2020-09-18 11:45:15 - [TEST_STEP][PASSED] - waitForElementPresent(findTestObject("FDR-Receipt/FDR-Receipt-DistributionLine/FDR-AddEdit-DistributionLine/invoice_Searchfield"), 10): Object 'Object Repository/FDR-Receipt/FDR-Receipt-DistributionLine/FDR-AddEdit-DistributionLine/invoice_Searchfield' is present

2020-09-18 11:45:16 - [MESSAGE][PASSED] - Object 'Object Repository/FDR-Receipt/FDR-Receipt-DistributionLine/FDR-AddEdit-DistributionLine/invoice_Searchfield' is present

2020-09-18 11:45:16 - [TEST_STEP][PASSED] - sendKeys(findTestObject("FDR-Receipt/FDR-Receipt-DistributionLine/FDR-AddEdit-DistributionLine/invoice_Searchfield"), searchfield): Keys '524342' sent to object: 'Object Repository/FDR-Receipt/FDR-Receipt-DistributionLine/FDR-AddEdit-DistributionLine/invoice_Searchfield'

2020-09-18 11:45:17 - [MESSAGE][PASSED] - Keys '524342' sent to object: 'Object Repository/FDR-Receipt/FDR-Receipt-DistributionLine/FDR-AddEdit-DistributionLine/invoice_Searchfield'

2020-09-18 11:45:17 - [TEST_STEP][PASSED] - click(findTestObject("FDR-Receipt/FDR-Receipt-DistributionLine/FDR-AddEdit-DistributionLine/button_Add_invoicemanually")): Object: 'Object Repository/FDR-Receipt/FDR-Receipt-DistributionLine/FDR-AddEdit-DistributionLine/button_Add_invoicemanually' is clicked on

2020-09-18 11:45:18 - [MESSAGE][PASSED] - Object: 'Object Repository/FDR-Receipt/FDR-Receipt-DistributionLine/FDR-AddEdit-DistributionLine/button_Add_invoicemanually' is clicked on

2020-09-18 11:45:18 - [TEST_STEP][PASSED] - waitForElementPresent(findTestObject("FDR-Receipt/FDR-Receipt-DistributionLine/FDR-AddEdit-DistributionLine/input_Service date (from)"), 10): Object 'Object Repository/FDR-Receipt/FDR-Receipt-DistributionLine/FDR-AddEdit-DistributionLine/input_Service date (from)' is present

2020-09-18 11:45:18 - [MESSAGE][PASSED] - Object 'Object Repository/FDR-Receipt/FDR-Receipt-DistributionLine/FDR-AddEdit-DistributionLine/input_Service date (from)' is present

2020-09-18 11:45:18 - [TEST_STEP][PASSED] - sendKeys(findTestObject("FDR-Receipt/FDR-Receipt-DistributionLine/FDR-AddEdit-DistributionLine/input_Service date (from)"), servicedatefrom): Keys '09/19/2020' sent to object: 'Object Repository/FDR-Receipt/FDR-Receipt-DistributionLine/FDR-AddEdit-DistributionLine/input_Service date (from)'

2020-09-18 11:45:19 - [MESSAGE][PASSED] - Keys '09/19/2020' sent to object: 'Object Repository/FDR-Receipt/FDR-Receipt-DistributionLine/FDR-AddEdit-DistributionLine/input_Service date (from)'

2020-09-18 11:45:19 - [TEST_STEP][PASSED] - waitForElementPresent(findTestObject("FDR-Receipt/FDR-Receipt-DistributionLine/FDR-AddEdit-DistributionLine/input_Service date (to)"), 10): Object 'Object Repository/FDR-Receipt/FDR-Receipt-DistributionLine/FDR-AddEdit-DistributionLine/input_Service date (to)' is present

2020-09-18 11:45:19 - [MESSAGE][PASSED] - Object 'Object Repository/FDR-Receipt/FDR-Receipt-DistributionLine/FDR-AddEdit-DistributionLine/input_Service date (to)' is present

2020-09-18 11:45:19 - [TEST_STEP][PASSED] - sendKeys(findTestObject("FDR-Receipt/FDR-Receipt-DistributionLine/FDR-AddEdit-DistributionLine/input_Service date (to)"), servicedateto): Keys '09/20/2020' sent to object: 'Object Repository/FDR-Receipt/FDR-Receipt-DistributionLine/FDR-AddEdit-DistributionLine/input_Service date (to)'

2020-09-18 11:45:20 - [MESSAGE][PASSED] - Keys '09/20/2020' sent to object: 'Object Repository/FDR-Receipt/FDR-Receipt-DistributionLine/FDR-AddEdit-DistributionLine/input_Service date (to)'

2020-09-18 11:45:20 - [TEST_STEP][PASSED] - waitForElementPresent(findTestObject("FDR-Receipt/FDR-Receipt-DistributionLine/FDR-AddEdit-DistributionLine/input_OrginalWarrantDate"), 10): Object 'Object Repository/FDR-Receipt/FDR-Receipt-DistributionLine/FDR-AddEdit-DistributionLine/input_OrginalWarrantDate' is present

2020-09-18 11:45:20 - [MESSAGE][PASSED] - Object 'Object Repository/FDR-Receipt/FDR-Receipt-DistributionLine/FDR-AddEdit-DistributionLine/input_OrginalWarrantDate' is present

2020-09-18 11:45:20 - [TEST_STEP][PASSED] - sendKeys(findTestObject("FDR-Receipt/FDR-Receipt-DistributionLine/FDR-AddEdit-DistributionLine/input_OrginalWarrantDate"), originalwarrantdate): Keys '09/20/2020' sent to object: 'Object Repository/FDR-Receipt/FDR-Receipt-DistributionLine/FDR-AddEdit-DistributionLine/input_OrginalWarrantDate'

2020-09-18 11:45:21 - [MESSAGE][PASSED] - Keys '09/20/2020' sent to object: 'Object Repository/FDR-Receipt/FDR-Receipt-DistributionLine/FDR-AddEdit-DistributionLine/input_OrginalWarrantDate'

2020-09-18 11:45:21 - [TEST_STEP][PASSED] - waitForElementPresent(findTestObject("FDR-Receipt/FDR-Receipt-DistributionLine/FDR-AddEdit-DistributionLine/input_Amount"), 10): Object 'Object Repository/FDR-Receipt/FDR-Receipt-DistributionLine/FDR-AddEdit-DistributionLine/input_Amount' is present

2020-09-18 11:45:21 - [MESSAGE][PASSED] - Object 'Object Repository/FDR-Receipt/FDR-Receipt-DistributionLine/FDR-AddEdit-DistributionLine/input_Amount' is present

2020-09-18 11:45:21 - [TEST_STEP][PASSED] - sendKeys(findTestObject("FDR-Receipt/FDR-Receipt-DistributionLine/FDR-AddEdit-DistributionLine/input_Amount"), Amount): Keys '3000' sent to object: 'Object Repository/FDR-Receipt/FDR-Receipt-DistributionLine/FDR-AddEdit-DistributionLine/input_Amount'

2020-09-18 11:45:21 - [MESSAGE][PASSED] - Keys '3000' sent to object: 'Object Repository/FDR-Receipt/FDR-Receipt-DistributionLine/FDR-AddEdit-DistributionLine/input_Amount'

2020-09-18 11:45:21 - [TEST_STEP][PASSED] - waitForElementPresent(findTestObject("FDR-Receipt/FDR-Receipt-DistributionLine/FDR-AddEdit-DistributionLine/waiver_Type"), 10): Object 'Object Repository/FDR-Receipt/FDR-Receipt-DistributionLine/FDR-AddEdit-DistributionLine/waiver_Type' is present

2020-09-18 11:45:22 - [MESSAGE][PASSED] - Object 'Object Repository/FDR-Receipt/FDR-Receipt-DistributionLine/FDR-AddEdit-DistributionLine/waiver_Type' is present

2020-09-18 11:45:22 - [TEST_STEP][PASSED] - waitForElementPresent(findTestObject("FDR-Receipt/FDR-Receipt-DistributionLine/FDR-AddEdit-DistributionLine/waiver_Type"), 8): Object 'Object Repository/FDR-Receipt/FDR-Receipt-DistributionLine/FDR-AddEdit-DistributionLine/waiver_Type' is present

2020-09-18 11:45:22 - [MESSAGE][PASSED] - Object 'Object Repository/FDR-Receipt/FDR-Receipt-DistributionLine/FDR-AddEdit-DistributionLine/waiver_Type' is present

2020-09-18 11:45:22 - [TEST_STEP][PASSED] - sendKeys(findTestObject("FDR-Receipt/FDR-Receipt-DistributionLine/FDR-AddEdit-DistributionLine/waiver_Type"), Waivertype): Keys '2020' sent to object: 'Object Repository/FDR-Receipt/FDR-Receipt-DistributionLine/FDR-AddEdit-DistributionLine/waiver_Type'

2020-09-18 11:45:22 - [MESSAGE][PASSED] - Keys '2020' sent to object: 'Object Repository/FDR-Receipt/FDR-Receipt-DistributionLine/FDR-AddEdit-DistributionLine/waiver_Type'

2020-09-18 11:45:22 - [TEST_STEP][PASSED] - sendKeys(findTestObject("FDR-Receipt/FDR-Receipt-DistributionLine/FDR-AddEdit-DistributionLine/waiver_Type"), Keys.chord(DOWN, ENTER)): Keys 'DOWN + ENTER + ' sent to object: 'Object Repository/FDR-Receipt/FDR-Receipt-DistributionLine/FDR-AddEdit-DistributionLine/waiver_Type'

2020-09-18 11:45:23 - [MESSAGE][PASSED] - Keys 'DOWN + ENTER + ' sent to object: 'Object Repository/FDR-Receipt/FDR-Receipt-DistributionLine/FDR-AddEdit-DistributionLine/waiver_Type'

2020-09-18 11:45:23 - [TEST_STEP][PASSED] - waitForElementPresent(findTestObject("FDR-Receipt/FDR-Receipt-DistributionLine/FDR-AddEdit-DistributionLine/waiver_Name"), 6): Object 'Object Repository/FDR-Receipt/FDR-Receipt-DistributionLine/FDR-AddEdit-DistributionLine/waiver_Name' is present

2020-09-18 11:45:23 - [MESSAGE][PASSED] - Object 'Object Repository/FDR-Receipt/FDR-Receipt-DistributionLine/FDR-AddEdit-DistributionLine/waiver_Name' is present

2020-09-18 11:45:23 - [TEST_STEP][PASSED] - sendKeys(findTestObject("FDR-Receipt/FDR-Receipt-DistributionLine/FDR-AddEdit-DistributionLine/waiver_Name"), Waivername): Keys 'A-FamilyU TPM/GMC' sent to object: 'Object Repository/FDR-Receipt/FDR-Receipt-DistributionLine/FDR-AddEdit-DistributionLine/waiver_Name'

2020-09-18 11:45:24 - [MESSAGE][PASSED] - Keys 'A-FamilyU TPM/GMC' sent to object: 'Object Repository/FDR-Receipt/FDR-Receipt-DistributionLine/FDR-AddEdit-DistributionLine/waiver_Name'

2020-09-18 11:45:24 - [TEST_STEP][PASSED] - sendKeys(findTestObject("FDR-Receipt/FDR-Receipt-DistributionLine/FDR-AddEdit-DistributionLine/waiver_Name"), Keys.chord(DOWN, ENTER)): Keys 'DOWN + ENTER + ' sent to object: 'Object Repository/FDR-Receipt/FDR-Receipt-DistributionLine/FDR-AddEdit-DistributionLine/waiver_Name'

2020-09-18 11:45:24 - [MESSAGE][PASSED] - Keys 'DOWN + ENTER + ' sent to object: 'Object Repository/FDR-Receipt/FDR-Receipt-DistributionLine/FDR-AddEdit-DistributionLine/waiver_Name'

2020-09-18 11:45:24 - [TEST_STEP][PASSED] - waitForElementPresent(findTestObject("FDR-Receipt/FDR-Receipt-DistributionLine/FDR-AddEdit-DistributionLine/funding_Source"), 6): Object 'Object Repository/FDR-Receipt/FDR-Receipt-DistributionLine/FDR-AddEdit-DistributionLine/funding_Source' is present

2020-09-18 11:45:25 - [MESSAGE][PASSED] - Object 'Object Repository/FDR-Receipt/FDR-Receipt-DistributionLine/FDR-AddEdit-DistributionLine/funding_Source' is present

2020-09-18 11:45:25 - [TEST_STEP][PASSED] - waitForElementPresent(findTestObject("FDR-Receipt/FDR-Receipt-DistributionLine/FDR-AddEdit-DistributionLine/fund_Code"), 30): Object 'Object Repository/FDR-Receipt/FDR-Receipt-DistributionLine/FDR-AddEdit-DistributionLine/fund_Code' is present

2020-09-18 11:45:25 - [MESSAGE][PASSED] - Object 'Object Repository/FDR-Receipt/FDR-Receipt-DistributionLine/FDR-AddEdit-DistributionLine/fund_Code' is present

2020-09-18 11:45:25 - [TEST_STEP][PASSED] - sendKeys(findTestObject("FDR-Receipt/FDR-Receipt-DistributionLine/FDR-AddEdit-DistributionLine/fund_Code"), Fundcode): Keys 'Health Care Deposit Fund (0912)' sent to object: 'Object Repository/FDR-Receipt/FDR-Receipt-DistributionLine/FDR-AddEdit-DistributionLine/fund_Code'

2020-09-18 11:45:25 - [MESSAGE][PASSED] - Keys 'Health Care Deposit Fund (0912)' sent to object: 'Object Repository/FDR-Receipt/FDR-Receipt-DistributionLine/FDR-AddEdit-DistributionLine/fund_Code'

2020-09-18 11:45:25 - [TEST_STEP][PASSED] - sendKeys(findTestObject("FDR-Receipt/FDR-Receipt-DistributionLine/FDR-AddEdit-DistributionLine/fund_Code"), Keys.chord(DOWN, ENTER)): Keys 'DOWN + ENTER + ' sent to object: 'Object Repository/FDR-Receipt/FDR-Receipt-DistributionLine/FDR-AddEdit-DistributionLine/fund_Code'

2020-09-18 11:45:26 - [MESSAGE][PASSED] - Keys 'DOWN + ENTER + ' sent to object: 'Object Repository/FDR-Receipt/FDR-Receipt-DistributionLine/FDR-AddEdit-DistributionLine/fund_Code'

2020-09-18 11:45:26 - [TEST_STEP][PASSED] - sendKeys(findTestObject("FDR-Receipt/FDR-Receipt-DistributionLine/FDR-AddEdit-DistributionLine/funding_Source"), Fundingsource): Keys 'Dental' sent to object: 'Object Repository/FDR-Receipt/FDR-Receipt-DistributionLine/FDR-AddEdit-DistributionLine/funding_Source'

2020-09-18 11:45:27 - [MESSAGE][PASSED] - Keys 'Dental' sent to object: 'Object Repository/FDR-Receipt/FDR-Receipt-DistributionLine/FDR-AddEdit-DistributionLine/funding_Source'

2020-09-18 11:45:27 - [TEST_STEP][PASSED] - sendKeys(findTestObject("FDR-Receipt/FDR-Receipt-DistributionLine/FDR-AddEdit-DistributionLine/funding_Source"), Keys.chord(DOWN, ENTER)): Keys 'DOWN + ENTER + ' sent to object: 'Object Repository/FDR-Receipt/FDR-Receipt-DistributionLine/FDR-AddEdit-DistributionLine/funding_Source'

2020-09-18 11:45:27 - [MESSAGE][PASSED] - Keys 'DOWN + ENTER + ' sent to object: 'Object Repository/FDR-Receipt/FDR-Receipt-DistributionLine/FDR-AddEdit-DistributionLine/funding_Source'

2020-09-18 11:45:27 - [TEST_STEP][PASSED] - waitForElementPresent(findTestObject("FDR-Receipt/FDR-Receipt-DistributionLine/FDR-AddEdit-DistributionLine/service_Category"), 10): Object 'Object Repository/FDR-Receipt/FDR-Receipt-DistributionLine/FDR-AddEdit-DistributionLine/service_Category' is present

2020-09-18 11:45:28 - [MESSAGE][PASSED] - Object 'Object Repository/FDR-Receipt/FDR-Receipt-DistributionLine/FDR-AddEdit-DistributionLine/service_Category' is present

2020-09-18 11:45:28 - [TEST_STEP][PASSED] - sendKeys(findTestObject("FDR-Receipt/FDR-Receipt-DistributionLine/FDR-AddEdit-DistributionLine/service_Category"), Servicecategory): Keys '18B1' sent to object: 'Object Repository/FDR-Receipt/FDR-Receipt-DistributionLine/FDR-AddEdit-DistributionLine/service_Category'

2020-09-18 11:45:28 - [MESSAGE][PASSED] - Keys '18B1' sent to object: 'Object Repository/FDR-Receipt/FDR-Receipt-DistributionLine/FDR-AddEdit-DistributionLine/service_Category'

2020-09-18 11:45:28 - [TEST_STEP][PASSED] - sendKeys(findTestObject("FDR-Receipt/FDR-Receipt-DistributionLine/FDR-AddEdit-DistributionLine/service_Category"), Keys.chord(DOWN, ENTER)): Keys 'DOWN + ENTER + ' sent to object: 'Object Repository/FDR-Receipt/FDR-Receipt-DistributionLine/FDR-AddEdit-DistributionLine/service_Category'

2020-09-18 11:45:28 - [MESSAGE][PASSED] - Keys 'DOWN + ENTER + ' sent to object: 'Object Repository/FDR-Receipt/FDR-Receipt-DistributionLine/FDR-AddEdit-DistributionLine/service_Category'

2020-09-18 11:45:28 - [TEST_STEP][PASSED] - waitForElementPresent(findTestObject("FDR-Receipt/FDR-Receipt-DistributionLine/FDR-AddEdit-DistributionLine/fund_Ratio"), 10): Object 'Object Repository/FDR-Receipt/FDR-Receipt-DistributionLine/FDR-AddEdit-DistributionLine/fund_Ratio' is present

2020-09-18 11:45:29 - [MESSAGE][PASSED] - Object 'Object Repository/FDR-Receipt/FDR-Receipt-DistributionLine/FDR-AddEdit-DistributionLine/fund_Ratio' is present

2020-09-18 11:45:29 - [TEST_STEP][PASSED] - sendKeys(findTestObject("FDR-Receipt/FDR-Receipt-DistributionLine/FDR-AddEdit-DistributionLine/fund_Ratio"), Fundratio): Keys '5' sent to object: 'Object Repository/FDR-Receipt/FDR-Receipt-DistributionLine/FDR-AddEdit-DistributionLine/fund_Ratio'

2020-09-18 11:45:29 - [MESSAGE][PASSED] - Keys '5' sent to object: 'Object Repository/FDR-Receipt/FDR-Receipt-DistributionLine/FDR-AddEdit-DistributionLine/fund_Ratio'

2020-09-18 11:45:29 - [TEST_STEP][PASSED] - sendKeys(findTestObject("FDR-Receipt/FDR-Receipt-DistributionLine/FDR-AddEdit-DistributionLine/fund_Ratio"), Keys.chord(DOWN, ENTER)): Keys 'DOWN + ENTER + ' sent to object: 'Object Repository/FDR-Receipt/FDR-Receipt-DistributionLine/FDR-AddEdit-DistributionLine/fund_Ratio'

2020-09-18 11:45:30 - [MESSAGE][PASSED] - Keys 'DOWN + ENTER + ' sent to object: 'Object Repository/FDR-Receipt/FDR-Receipt-DistributionLine/FDR-AddEdit-DistributionLine/fund_Ratio'

2020-09-18 11:45:30 - [TEST_STEP][PASSED] - waitForElementPresent(findTestObject("FDR-Receipt/FDR-Receipt-DistributionLine/FDR-AddEdit-DistributionLine/non_Federalfund"), 10): Object 'Object Repository/FDR-Receipt/FDR-Receipt-DistributionLine/FDR-AddEdit-DistributionLine/non_Federalfund' is present

2020-09-18 11:45:30 - [MESSAGE][PASSED] - Object 'Object Repository/FDR-Receipt/FDR-Receipt-DistributionLine/FDR-AddEdit-DistributionLine/non_Federalfund' is present

2020-09-18 11:45:30 - [TEST_STEP][PASSED] - sendKeys(findTestObject("FDR-Receipt/FDR-Receipt-DistributionLine/FDR-AddEdit-DistributionLine/non_Federalfund"), Nonfederalfund): Keys '0001' sent to object: 'Object Repository/FDR-Receipt/FDR-Receipt-DistributionLine/FDR-AddEdit-DistributionLine/non_Federalfund'

2020-09-18 11:45:31 - [MESSAGE][PASSED] - Keys '0001' sent to object: 'Object Repository/FDR-Receipt/FDR-Receipt-DistributionLine/FDR-AddEdit-DistributionLine/non_Federalfund'

2020-09-18 11:45:31 - [TEST_STEP][PASSED] - sendKeys(findTestObject("FDR-Receipt/FDR-Receipt-DistributionLine/FDR-AddEdit-DistributionLine/non_Federalfund"), Keys.chord(DOWN, ENTER)): Keys 'DOWN + ENTER + ' sent to object: 'Object Repository/FDR-Receipt/FDR-Receipt-DistributionLine/FDR-AddEdit-DistributionLine/non_Federalfund'

2020-09-18 11:45:31 - [MESSAGE][PASSED] - Keys 'DOWN + ENTER + ' sent to object: 'Object Repository/FDR-Receipt/FDR-Receipt-DistributionLine/FDR-AddEdit-DistributionLine/non_Federalfund'

2020-09-18 11:45:31 - [TEST_STEP][PASSED] - waitForElementPresent(findTestObject("FDR-Receipt/FDR-Receipt-DistributionLine/FDR-AddEdit-DistributionLine/input_accountId"), 2, STOP_ON_FAILURE): Object 'Object Repository/FDR-Receipt/FDR-Receipt-DistributionLine/FDR-AddEdit-DistributionLine/input_accountId' is present

2020-09-18 11:45:32 - [MESSAGE][PASSED] - Object 'Object Repository/FDR-Receipt/FDR-Receipt-DistributionLine/FDR-AddEdit-DistributionLine/input_accountId' is present

2020-09-18 11:45:32 - [TEST_STEP][PASSED] - sendKeys(findTestObject("FDR-Receipt/FDR-Receipt-DistributionLine/FDR-AddEdit-DistributionLine/input_accountId"), accountId + Keys.chord(ARROW_DOWN, ENTER)): Keys 'DOWN + ENTER + 5432000' sent to object: 'Object Repository/FDR-Receipt/FDR-Receipt-DistributionLine/FDR-AddEdit-DistributionLine/input_accountId'

2020-09-18 11:45:32 - [MESSAGE][PASSED] - Keys 'DOWN + ENTER + 5432000' sent to object: 'Object Repository/FDR-Receipt/FDR-Receipt-DistributionLine/FDR-AddEdit-DistributionLine/input_accountId'

2020-09-18 11:45:32 - [TEST_STEP][PASSED] - waitForElementPresent(findTestObject("FDR-Receipt/FDR-Receipt-DistributionLine/FDR-AddEdit-DistributionLine/input_altAccountId"), 2, STOP_ON_FAILURE): Object 'Object Repository/FDR-Receipt/FDR-Receipt-DistributionLine/FDR-AddEdit-DistributionLine/input_altAccountId' is present

2020-09-18 11:45:33 - [MESSAGE][PASSED] - Object 'Object Repository/FDR-Receipt/FDR-Receipt-DistributionLine/FDR-AddEdit-DistributionLine/input_altAccountId' is present

2020-09-18 11:45:33 - [TEST_STEP][PASSED] - sendKeys(findTestObject("FDR-Receipt/FDR-Receipt-DistributionLine/FDR-AddEdit-DistributionLine/input_altAccountId"), altAccountId): Keys '5432000019' sent to object: 'Object Repository/FDR-Receipt/FDR-Receipt-DistributionLine/FDR-AddEdit-DistributionLine/input_altAccountId'

2020-09-18 11:45:33 - [MESSAGE][PASSED] - Keys '5432000019' sent to object: 'Object Repository/FDR-Receipt/FDR-Receipt-DistributionLine/FDR-AddEdit-DistributionLine/input_altAccountId'

2020-09-18 11:45:33 - [TEST_STEP][PASSED] - sendKeys(findTestObject("FDR-Receipt/FDR-Receipt-DistributionLine/FDR-AddEdit-DistributionLine/input_altAccountId"), Keys.chord(ARROW_DOWN, ENTER)): Keys 'DOWN + ENTER + ' sent to object: 'Object Repository/FDR-Receipt/FDR-Receipt-DistributionLine/FDR-AddEdit-DistributionLine/input_altAccountId'

2020-09-18 11:45:33 - [MESSAGE][PASSED] - Keys 'DOWN + ENTER + ' sent to object: 'Object Repository/FDR-Receipt/FDR-Receipt-DistributionLine/FDR-AddEdit-DistributionLine/input_altAccountId'

2020-09-18 11:45:33 - [TEST_STEP][PASSED] - waitForElementPresent(findTestObject("FDR-Receipt/FDR-Receipt-DistributionLine/FDR-AddEdit-DistributionLine/increaseDecreaseLine"), 10): Object 'Object Repository/FDR-Receipt/FDR-Receipt-DistributionLine/FDR-AddEdit-DistributionLine/increaseDecreaseLine' is present

2020-09-18 11:45:34 - [MESSAGE][PASSED] - Object 'Object Repository/FDR-Receipt/FDR-Receipt-DistributionLine/FDR-AddEdit-DistributionLine/increaseDecreaseLine' is present

2020-09-18 11:45:34 - [TEST_STEP][PASSED] - sendKeys(findTestObject("FDR-Receipt/FDR-Receipt-DistributionLine/FDR-AddEdit-DistributionLine/increaseDecreaseLine"), IncreaseDecreaseLine): Keys '10b: Receipts or any decrease' sent to object: 'Object Repository/FDR-Receipt/FDR-Receipt-DistributionLine/FDR-AddEdit-DistributionLine/increaseDecreaseLine'

2020-09-18 11:45:34 - [MESSAGE][PASSED] - Keys '10b: Receipts or any decrease' sent to object: 'Object Repository/FDR-Receipt/FDR-Receipt-DistributionLine/FDR-AddEdit-DistributionLine/increaseDecreaseLine'

2020-09-18 11:45:34 - [TEST_STEP][PASSED] - sendKeys(findTestObject("FDR-Receipt/FDR-Receipt-DistributionLine/FDR-AddEdit-DistributionLine/increaseDecreaseLine"), Keys.chord(ARROW_DOWN, ENTER)): Keys 'DOWN + ENTER + ' sent to object: 'Object Repository/FDR-Receipt/FDR-Receipt-DistributionLine/FDR-AddEdit-DistributionLine/increaseDecreaseLine'

2020-09-18 11:45:35 - [MESSAGE][PASSED] - Keys 'DOWN + ENTER + ' sent to object: 'Object Repository/FDR-Receipt/FDR-Receipt-DistributionLine/FDR-AddEdit-DistributionLine/increaseDecreaseLine'

2020-09-18 11:45:35 - [TEST_STEP][PASSED] - waitForElementPresent(findTestObject("FDR-Receipt/FDR-Receipt-DistributionLine/FDR-AddEdit-DistributionLine/program_Type"), 10): Object 'Object Repository/FDR-Receipt/FDR-Receipt-DistributionLine/FDR-AddEdit-DistributionLine/program_Type' is present

2020-09-18 11:45:35 - [MESSAGE][PASSED] - Object 'Object Repository/FDR-Receipt/FDR-Receipt-DistributionLine/FDR-AddEdit-DistributionLine/program_Type' is present

2020-09-18 11:45:35 - [TEST_STEP][PASSED] - sendKeys(findTestObject("FDR-Receipt/FDR-Receipt-DistributionLine/FDR-AddEdit-DistributionLine/program_Type"), Programtype): Keys 'Medical Assistance (MA)' sent to object: 'Object Repository/FDR-Receipt/FDR-Receipt-DistributionLine/FDR-AddEdit-DistributionLine/program_Type'

2020-09-18 11:45:36 - [MESSAGE][PASSED] - Keys 'Medical Assistance (MA)' sent to object: 'Object Repository/FDR-Receipt/FDR-Receipt-DistributionLine/FDR-AddEdit-DistributionLine/program_Type'

2020-09-18 11:45:36 - [TEST_STEP][PASSED] - sendKeys(findTestObject("FDR-Receipt/FDR-Receipt-DistributionLine/FDR-AddEdit-DistributionLine/program_Type"), Keys.chord(DOWN, ENTER)): Keys 'DOWN + ENTER + ' sent to object: 'Object Repository/FDR-Receipt/FDR-Receipt-DistributionLine/FDR-AddEdit-DistributionLine/program_Type'

2020-09-18 11:45:36 - [MESSAGE][PASSED] - Keys 'DOWN + ENTER + ' sent to object: 'Object Repository/FDR-Receipt/FDR-Receipt-DistributionLine/FDR-AddEdit-DistributionLine/program_Type'

2020-09-18 11:45:36 - [TEST_STEP][PASSED] - waitForElementPresent(findTestObject("FDR-Receipt/FDR-Receipt-DistributionLine/FDR-AddEdit-DistributionLine/Index"), 10): Object 'Object Repository/FDR-Receipt/FDR-Receipt-DistributionLine/FDR-AddEdit-DistributionLine/Index' is present

2020-09-18 11:45:37 - [MESSAGE][PASSED] - Object 'Object Repository/FDR-Receipt/FDR-Receipt-DistributionLine/FDR-AddEdit-DistributionLine/Index' is present

2020-09-18 11:45:37 - [TEST_STEP][PASSED] - sendKeys(findTestObject("FDR-Receipt/FDR-Receipt-DistributionLine/FDR-AddEdit-DistributionLine/Index"), Index): Keys '1155' sent to object: 'Object Repository/FDR-Receipt/FDR-Receipt-DistributionLine/FDR-AddEdit-DistributionLine/Index'

2020-09-18 11:45:37 - [MESSAGE][PASSED] - Keys '1155' sent to object: 'Object Repository/FDR-Receipt/FDR-Receipt-DistributionLine/FDR-AddEdit-DistributionLine/Index'

2020-09-18 11:45:37 - [TEST_STEP][PASSED] - sendKeys(findTestObject("FDR-Receipt/FDR-Receipt-DistributionLine/FDR-AddEdit-DistributionLine/Index"), Keys.chord(DOWN, ENTER)): Keys 'DOWN + ENTER + ' sent to object: 'Object Repository/FDR-Receipt/FDR-Receipt-DistributionLine/FDR-AddEdit-DistributionLine/Index'

2020-09-18 11:45:38 - [MESSAGE][PASSED] - Keys 'DOWN + ENTER + ' sent to object: 'Object Repository/FDR-Receipt/FDR-Receipt-DistributionLine/FDR-AddEdit-DistributionLine/Index'

2020-09-18 11:45:38 - [TEST_STEP][PASSED] - waitForElementPresent(findTestObject("FDR-Receipt/FDR-Receipt-DistributionLine/FDR-AddEdit-DistributionLine/input_Service location_serviceLocation"), 10): Object 'Object Repository/FDR-Receipt/FDR-Receipt-DistributionLine/FDR-AddEdit-DistributionLine/input_Service location_serviceLocation' is present

2020-09-18 11:45:38 - [MESSAGE][PASSED] - Object 'Object Repository/FDR-Receipt/FDR-Receipt-DistributionLine/FDR-AddEdit-DistributionLine/input_Service location_serviceLocation' is present

2020-09-18 11:45:38 - [TEST_STEP][PASSED] - sendKeys(findTestObject("FDR-Receipt/FDR-Receipt-DistributionLine/FDR-AddEdit-DistributionLine/input_Service location_serviceLocation"), Servicelocation): Keys '3445' sent to object: 'Object Repository/FDR-Receipt/FDR-Receipt-DistributionLine/FDR-AddEdit-DistributionLine/input_Service location_serviceLocation'

2020-09-18 11:45:39 - [MESSAGE][PASSED] - Keys '3445' sent to object: 'Object Repository/FDR-Receipt/FDR-Receipt-DistributionLine/FDR-AddEdit-DistributionLine/input_Service location_serviceLocation'

2020-09-18 11:45:39 - [TEST_STEP][PASSED] - sendKeys(findTestObject("FDR-Receipt/FDR-Receipt-DistributionLine/FDR-AddEdit-DistributionLine/input_Service location_serviceLocation"), Keys.chord(DOWN, ENTER)): Keys 'DOWN + ENTER + ' sent to object: 'Object Repository/FDR-Receipt/FDR-Receipt-DistributionLine/FDR-AddEdit-DistributionLine/input_Service location_serviceLocation'

2020-09-18 11:45:39 - [MESSAGE][PASSED] - Keys 'DOWN + ENTER + ' sent to object: 'Object Repository/FDR-Receipt/FDR-Receipt-DistributionLine/FDR-AddEdit-DistributionLine/input_Service location_serviceLocation'

2020-09-18 11:45:39 - [TEST_STEP][PASSED] - click(findTestObject("FDR-Receipt/FDR-Receipt-DistributionLine/FDR-AddEdit-DistributionLine/button_Clear"), STOP_ON_FAILURE): Object: 'Object Repository/FDR-Receipt/FDR-Receipt-DistributionLine/FDR-AddEdit-DistributionLine/button_Clear' is clicked on

2020-09-18 11:45:39 - [MESSAGE][PASSED] - Object: 'Object Repository/FDR-Receipt/FDR-Receipt-DistributionLine/FDR-AddEdit-DistributionLine/button_Clear' is clicked on

2020-09-18 11:45:39 - [TEST_STEP][PASSED] - sendKeys(findTestObject("FDR-Receipt/FDR-Receipt-DistributionLine/FDR-AddEdit-DistributionLine/waiver_Type"), Waivertype): Keys '2020' sent to object: 'Object Repository/FDR-Receipt/FDR-Receipt-DistributionLine/FDR-AddEdit-DistributionLine/waiver_Type'

2020-09-18 11:45:40 - [MESSAGE][PASSED] - Keys '2020' sent to object: 'Object Repository/FDR-Receipt/FDR-Receipt-DistributionLine/FDR-AddEdit-DistributionLine/waiver_Type'

2020-09-18 11:45:40 - [TEST_STEP][PASSED] - sendKeys(findTestObject("FDR-Receipt/FDR-Receipt-DistributionLine/FDR-AddEdit-DistributionLine/waiver_Type"), Keys.chord(DOWN, ENTER)): Keys 'DOWN + ENTER + ' sent to object: 'Object Repository/FDR-Receipt/FDR-Receipt-DistributionLine/FDR-AddEdit-DistributionLine/waiver_Type'

2020-09-18 11:45:41 - [MESSAGE][PASSED] - Keys 'DOWN + ENTER + ' sent to object: 'Object Repository/FDR-Receipt/FDR-Receipt-DistributionLine/FDR-AddEdit-DistributionLine/waiver_Type'

2020-09-18 11:45:41 - [TEST_STEP][PASSED] - waitForElementPresent(findTestObject("FDR-Receipt/FDR-Receipt-DistributionLine/FDR-AddEdit-DistributionLine/waiver_Name"), 6): Object 'Object Repository/FDR-Receipt/FDR-Receipt-DistributionLine/FDR-AddEdit-DistributionLine/waiver_Name' is present

2020-09-18 11:45:41 - [MESSAGE][PASSED] - Object 'Object Repository/FDR-Receipt/FDR-Receipt-DistributionLine/FDR-AddEdit-DistributionLine/waiver_Name' is present

2020-09-18 11:45:41 - [TEST_STEP][PASSED] - sendKeys(findTestObject("FDR-Receipt/FDR-Receipt-DistributionLine/FDR-AddEdit-DistributionLine/waiver_Name"), Waivername): Keys 'A-FamilyU TPM/GMC' sent to object: 'Object Repository/FDR-Receipt/FDR-Receipt-DistributionLine/FDR-AddEdit-DistributionLine/waiver_Name'

2020-09-18 11:45:42 - [MESSAGE][PASSED] - Keys 'A-FamilyU TPM/GMC' sent to object: 'Object Repository/FDR-Receipt/FDR-Receipt-DistributionLine/FDR-AddEdit-DistributionLine/waiver_Name'

2020-09-18 11:45:42 - [TEST_STEP][PASSED] - sendKeys(findTestObject("FDR-Receipt/FDR-Receipt-DistributionLine/FDR-AddEdit-DistributionLine/waiver_Name"), Keys.chord(DOWN, ENTER)): Keys 'DOWN + ENTER + ' sent to object: 'Object Repository/FDR-Receipt/FDR-Receipt-DistributionLine/FDR-AddEdit-DistributionLine/waiver_Name'

2020-09-18 11:45:42 - [MESSAGE][PASSED] - Keys 'DOWN + ENTER + ' sent to object: 'Object Repository/FDR-Receipt/FDR-Receipt-DistributionLine/FDR-AddEdit-DistributionLine/waiver_Name'

2020-09-18 11:45:42 - [TEST_STEP][PASSED] - waitForElementPresent(findTestObject("FDR-Receipt/FDR-Receipt-DistributionLine/FDR-AddEdit-DistributionLine/funding_Source"), 6): Object 'Object Repository/FDR-Receipt/FDR-Receipt-DistributionLine/FDR-AddEdit-DistributionLine/funding_Source' is present

2020-09-18 11:45:43 - [MESSAGE][PASSED] - Object 'Object Repository/FDR-Receipt/FDR-Receipt-DistributionLine/FDR-AddEdit-DistributionLine/funding_Source' is present

2020-09-18 11:45:43 - [TEST_STEP][PASSED] - sendKeys(findTestObject("FDR-Receipt/FDR-Receipt-DistributionLine/FDR-AddEdit-DistributionLine/funding_Source"), Fundingsource): Keys 'Dental' sent to object: 'Object Repository/FDR-Receipt/FDR-Receipt-DistributionLine/FDR-AddEdit-DistributionLine/funding_Source'

2020-09-18 11:45:43 - [MESSAGE][PASSED] - Keys 'Dental' sent to object: 'Object Repository/FDR-Receipt/FDR-Receipt-DistributionLine/FDR-AddEdit-DistributionLine/funding_Source'

2020-09-18 11:45:43 - [TEST_STEP][PASSED] - sendKeys(findTestObject("FDR-Receipt/FDR-Receipt-DistributionLine/FDR-AddEdit-DistributionLine/funding_Source"), Keys.chord(DOWN, ENTER)): Keys 'DOWN + ENTER + ' sent to object: 'Object Repository/FDR-Receipt/FDR-Receipt-DistributionLine/FDR-AddEdit-DistributionLine/funding_Source'

2020-09-18 11:45:44 - [MESSAGE][PASSED] - Keys 'DOWN + ENTER + ' sent to object: 'Object Repository/FDR-Receipt/FDR-Receipt-DistributionLine/FDR-AddEdit-DistributionLine/funding_Source'

2020-09-18 11:45:44 - [TEST_STEP][PASSED] - waitForElementPresent(findTestObject("FDR-Receipt/FDR-Receipt-DistributionLine/FDR-AddEdit-DistributionLine/fund_Code"), 30): Object 'Object Repository/FDR-Receipt/FDR-Receipt-DistributionLine/FDR-AddEdit-DistributionLine/fund_Code' is present

2020-09-18 11:45:44 - [MESSAGE][PASSED] - Object 'Object Repository/FDR-Receipt/FDR-Receipt-DistributionLine/FDR-AddEdit-DistributionLine/fund_Code' is present

2020-09-18 11:45:44 - [TEST_STEP][PASSED] - sendKeys(findTestObject("FDR-Receipt/FDR-Receipt-DistributionLine/FDR-AddEdit-DistributionLine/fund_Code"), Fundcode): Keys 'Health Care Deposit Fund (0912)' sent to object: 'Object Repository/FDR-Receipt/FDR-Receipt-DistributionLine/FDR-AddEdit-DistributionLine/fund_Code'

2020-09-18 11:45:44 - [MESSAGE][PASSED] - Keys 'Health Care Deposit Fund (0912)' sent to object: 'Object Repository/FDR-Receipt/FDR-Receipt-DistributionLine/FDR-AddEdit-DistributionLine/fund_Code'

2020-09-18 11:45:44 - [TEST_STEP][PASSED] - sendKeys(findTestObject("FDR-Receipt/FDR-Receipt-DistributionLine/FDR-AddEdit-DistributionLine/fund_Code"), Keys.chord(DOWN, ENTER)): Keys 'DOWN + ENTER + ' sent to object: 'Object Repository/FDR-Receipt/FDR-Receipt-DistributionLine/FDR-AddEdit-DistributionLine/fund_Code'

2020-09-18 11:45:45 - [MESSAGE][PASSED] - Keys 'DOWN + ENTER + ' sent to object: 'Object Repository/FDR-Receipt/FDR-Receipt-DistributionLine/FDR-AddEdit-DistributionLine/fund_Code'

2020-09-18 11:45:45 - [TEST_STEP][PASSED] - waitForElementPresent(findTestObject("FDR-Receipt/FDR-Receipt-DistributionLine/FDR-AddEdit-DistributionLine/fund_Ratio"), 10): Object 'Object Repository/FDR-Receipt/FDR-Receipt-DistributionLine/FDR-AddEdit-DistributionLine/fund_Ratio' is present

2020-09-18 11:45:45 - [MESSAGE][PASSED] - Object 'Object Repository/FDR-Receipt/FDR-Receipt-DistributionLine/FDR-AddEdit-DistributionLine/fund_Ratio' is present

2020-09-18 11:45:45 - [TEST_STEP][PASSED] - sendKeys(findTestObject("FDR-Receipt/FDR-Receipt-DistributionLine/FDR-AddEdit-DistributionLine/fund_Ratio"), Fundratio): Keys '5' sent to object: 'Object Repository/FDR-Receipt/FDR-Receipt-DistributionLine/FDR-AddEdit-DistributionLine/fund_Ratio'

2020-09-18 11:45:46 - [MESSAGE][PASSED] - Keys '5' sent to object: 'Object Repository/FDR-Receipt/FDR-Receipt-DistributionLine/FDR-AddEdit-DistributionLine/fund_Ratio'

2020-09-18 11:45:46 - [TEST_STEP][PASSED] - sendKeys(findTestObject("FDR-Receipt/FDR-Receipt-DistributionLine/FDR-AddEdit-DistributionLine/fund_Ratio"), Keys.chord(DOWN, ENTER)): Keys 'DOWN + ENTER + ' sent to object: 'Object Repository/FDR-Receipt/FDR-Receipt-DistributionLine/FDR-AddEdit-DistributionLine/fund_Ratio'

2020-09-18 11:45:46 - [MESSAGE][PASSED] - Keys 'DOWN + ENTER + ' sent to object: 'Object Repository/FDR-Receipt/FDR-Receipt-DistributionLine/FDR-AddEdit-DistributionLine/fund_Ratio'

2020-09-18 11:45:46 - [TEST_STEP][PASSED] - waitForElementPresent(findTestObject("FDR-Receipt/FDR-Receipt-DistributionLine/FDR-AddEdit-DistributionLine/non_Federalfund"), 10): Object 'Object Repository/FDR-Receipt/FDR-Receipt-DistributionLine/FDR-AddEdit-DistributionLine/non_Federalfund' is present

2020-09-18 11:45:47 - [MESSAGE][PASSED] - Object 'Object Repository/FDR-Receipt/FDR-Receipt-DistributionLine/FDR-AddEdit-DistributionLine/non_Federalfund' is present

2020-09-18 11:45:47 - [TEST_STEP][PASSED] - sendKeys(findTestObject("FDR-Receipt/FDR-Receipt-DistributionLine/FDR-AddEdit-DistributionLine/non_Federalfund"), Nonfederalfund): Keys '0001' sent to object: 'Object Repository/FDR-Receipt/FDR-Receipt-DistributionLine/FDR-AddEdit-DistributionLine/non_Federalfund'

2020-09-18 11:45:47 - [MESSAGE][PASSED] - Keys '0001' sent to object: 'Object Repository/FDR-Receipt/FDR-Receipt-DistributionLine/FDR-AddEdit-DistributionLine/non_Federalfund'

2020-09-18 11:45:47 - [TEST_STEP][PASSED] - sendKeys(findTestObject("FDR-Receipt/FDR-Receipt-DistributionLine/FDR-AddEdit-DistributionLine/non_Federalfund"), Keys.chord(DOWN, ENTER)): Keys 'DOWN + ENTER + ' sent to object: 'Object Repository/FDR-Receipt/FDR-Receipt-DistributionLine/FDR-AddEdit-DistributionLine/non_Federalfund'

2020-09-18 11:45:48 - [MESSAGE][PASSED] - Keys 'DOWN + ENTER + ' sent to object: 'Object Repository/FDR-Receipt/FDR-Receipt-DistributionLine/FDR-AddEdit-DistributionLine/non_Federalfund'

2020-09-18 11:45:48 - [TEST_STEP][PASSED] - waitForElementPresent(findTestObject("FDR-Receipt/FDR-Receipt-DistributionLine/FDR-AddEdit-DistributionLine/program_Type"), 10): Object 'Object Repository/FDR-Receipt/FDR-Receipt-DistributionLine/FDR-AddEdit-DistributionLine/program_Type' is present

2020-09-18 11:45:48 - [MESSAGE][PASSED] - Object 'Object Repository/FDR-Receipt/FDR-Receipt-DistributionLine/FDR-AddEdit-DistributionLine/program_Type' is present

2020-09-18 11:45:48 - [TEST_STEP][PASSED] - sendKeys(findTestObject("FDR-Receipt/FDR-Receipt-DistributionLine/FDR-AddEdit-DistributionLine/program_Type"), Programtype): Keys 'Medical Assistance (MA)' sent to object: 'Object Repository/FDR-Receipt/FDR-Receipt-DistributionLine/FDR-AddEdit-DistributionLine/program_Type'

2020-09-18 11:45:48 - [MESSAGE][PASSED] - Keys 'Medical Assistance (MA)' sent to object: 'Object Repository/FDR-Receipt/FDR-Receipt-DistributionLine/FDR-AddEdit-DistributionLine/program_Type'

2020-09-18 11:45:48 - [TEST_STEP][PASSED] - sendKeys(findTestObject("FDR-Receipt/FDR-Receipt-DistributionLine/FDR-AddEdit-DistributionLine/program_Type"), Keys.chord(DOWN, ENTER)): Keys 'DOWN + ENTER + ' sent to object: 'Object Repository/FDR-Receipt/FDR-Receipt-DistributionLine/FDR-AddEdit-DistributionLine/program_Type'

2020-09-18 11:45:49 - [MESSAGE][PASSED] - Keys 'DOWN + ENTER + ' sent to object: 'Object Repository/FDR-Receipt/FDR-Receipt-DistributionLine/FDR-AddEdit-DistributionLine/program_Type'

2020-09-18 11:45:49 - [TEST_STEP][PASSED] - waitForElementPresent(findTestObject("FDR-Receipt/FDR-Receipt-DistributionLine/FDR-AddEdit-DistributionLine/service_Category"), 10): Object 'Object Repository/FDR-Receipt/FDR-Receipt-DistributionLine/FDR-AddEdit-DistributionLine/service_Category' is present

2020-09-18 11:45:49 - [MESSAGE][PASSED] - Object 'Object Repository/FDR-Receipt/FDR-Receipt-DistributionLine/FDR-AddEdit-DistributionLine/service_Category' is present

2020-09-18 11:45:49 - [TEST_STEP][PASSED] - sendKeys(findTestObject("FDR-Receipt/FDR-Receipt-DistributionLine/FDR-AddEdit-DistributionLine/service_Category"), Servicecategory): Keys '18B1' sent to object: 'Object Repository/FDR-Receipt/FDR-Receipt-DistributionLine/FDR-AddEdit-DistributionLine/service_Category'

2020-09-18 11:45:50 - [MESSAGE][PASSED] - Keys '18B1' sent to object: 'Object Repository/FDR-Receipt/FDR-Receipt-DistributionLine/FDR-AddEdit-DistributionLine/service_Category'

2020-09-18 11:45:50 - [TEST_STEP][PASSED] - sendKeys(findTestObject("FDR-Receipt/FDR-Receipt-DistributionLine/FDR-AddEdit-DistributionLine/service_Category"), Keys.chord(DOWN, ENTER)): Keys 'DOWN + ENTER + ' sent to object: 'Object Repository/FDR-Receipt/FDR-Receipt-DistributionLine/FDR-AddEdit-DistributionLine/service_Category'

2020-09-18 11:45:50 - [MESSAGE][PASSED] - Keys 'DOWN + ENTER + ' sent to object: 'Object Repository/FDR-Receipt/FDR-Receipt-DistributionLine/FDR-AddEdit-DistributionLine/service_Category'

2020-09-18 11:45:50 - [TEST_STEP][PASSED] - waitForElementPresent(findTestObject("FDR-Receipt/FDR-Receipt-DistributionLine/FDR-AddEdit-DistributionLine/input_accountId"), 2, STOP_ON_FAILURE): Object 'Object Repository/FDR-Receipt/FDR-Receipt-DistributionLine/FDR-AddEdit-DistributionLine/input_accountId' is present

2020-09-18 11:45:51 - [MESSAGE][PASSED] - Object 'Object Repository/FDR-Receipt/FDR-Receipt-DistributionLine/FDR-AddEdit-DistributionLine/input_accountId' is present

2020-09-18 11:45:51 - [TEST_STEP][PASSED] - sendKeys(findTestObject("FDR-Receipt/FDR-Receipt-DistributionLine/FDR-AddEdit-DistributionLine/input_accountId"), accountId + Keys.chord(ARROW_DOWN, ENTER)): Keys 'DOWN + ENTER + 5432000' sent to object: 'Object Repository/FDR-Receipt/FDR-Receipt-DistributionLine/FDR-AddEdit-DistributionLine/input_accountId'

2020-09-18 11:45:51 - [MESSAGE][PASSED] - Keys 'DOWN + ENTER + 5432000' sent to object: 'Object Repository/FDR-Receipt/FDR-Receipt-DistributionLine/FDR-AddEdit-DistributionLine/input_accountId'

2020-09-18 11:45:51 - [TEST_STEP][PASSED] - waitForElementPresent(findTestObject("FDR-Receipt/FDR-Receipt-DistributionLine/FDR-AddEdit-DistributionLine/input_altAccountId"), 2, STOP_ON_FAILURE): Object 'Object Repository/FDR-Receipt/FDR-Receipt-DistributionLine/FDR-AddEdit-DistributionLine/input_altAccountId' is present

2020-09-18 11:45:52 - [MESSAGE][PASSED] - Object 'Object Repository/FDR-Receipt/FDR-Receipt-DistributionLine/FDR-AddEdit-DistributionLine/input_altAccountId' is present

2020-09-18 11:45:52 - [TEST_STEP][PASSED] - sendKeys(findTestObject("FDR-Receipt/FDR-Receipt-DistributionLine/FDR-AddEdit-DistributionLine/input_altAccountId"), altAccountId): Keys '5432000019' sent to object: 'Object Repository/FDR-Receipt/FDR-Receipt-DistributionLine/FDR-AddEdit-DistributionLine/input_altAccountId'

2020-09-18 11:45:52 - [MESSAGE][PASSED] - Keys '5432000019' sent to object: 'Object Repository/FDR-Receipt/FDR-Receipt-DistributionLine/FDR-AddEdit-DistributionLine/input_altAccountId'

2020-09-18 11:45:52 - [TEST_STEP][PASSED] - sendKeys(findTestObject("FDR-Receipt/FDR-Receipt-DistributionLine/FDR-AddEdit-DistributionLine/input_altAccountId"), Keys.chord(ARROW_DOWN, ENTER)): Keys 'DOWN + ENTER + ' sent to object: 'Object Repository/FDR-Receipt/FDR-Receipt-DistributionLine/FDR-AddEdit-DistributionLine/input_altAccountId'

2020-09-18 11:45:53 - [MESSAGE][PASSED] - Keys 'DOWN + ENTER + ' sent to object: 'Object Repository/FDR-Receipt/FDR-Receipt-DistributionLine/FDR-AddEdit-DistributionLine/input_altAccountId'

2020-09-18 11:45:53 - [TEST_STEP][PASSED] - click(findTestObject("FDR-Receipt/FDR-Receipt-DistributionLine/FDR-AddEdit-DistributionLine/button_SaveClose")): Object: 'Object Repository/FDR-Receipt/FDR-Receipt-DistributionLine/FDR-AddEdit-DistributionLine/button_SaveClose' is clicked on

2020-09-18 11:45:53 - [MESSAGE][PASSED] - Object: 'Object Repository/FDR-Receipt/FDR-Receipt-DistributionLine/FDR-AddEdit-DistributionLine/button_SaveClose' is clicked on

2020-09-18 11:45:53 - [TEST_STEP][PASSED] - scrollToElement(findTestObject("FDR-Receipt/FDR-Receipt-DistributionLine/FDR-AddEdit-DistributionLine/button_Add-Invoiceline"), 3): Scroll to object 'Object Repository/FDR-Receipt/FDR-Receipt-DistributionLine/FDR-AddEdit-DistributionLine/button_Add-Invoiceline' successfully

2020-09-18 11:45:55 - [MESSAGE][PASSED] - Scroll to object 'Object Repository/FDR-Receipt/FDR-Receipt-DistributionLine/FDR-AddEdit-DistributionLine/button_Add-Invoiceline' successfully

2020-09-18 11:45:55 - [TEST_STEP][PASSED] - verifyElementClickable(findTestObject("FDR-Receipt/FDR-Receipt-DistributionLine/FDR-AddEdit-DistributionLine/button_Add-Invoiceline"), STOP_ON_FAILURE): Object 'Object Repository/FDR-Receipt/FDR-Receipt-DistributionLine/FDR-AddEdit-DistributionLine/button_Add-Invoiceline' is clickable

2020-09-18 11:45:55 - [MESSAGE][PASSED] - Object 'Object Repository/FDR-Receipt/FDR-Receipt-DistributionLine/FDR-AddEdit-DistributionLine/button_Add-Invoiceline' is clickable

2020-09-18 11:45:55 - [TEST_STEP][PASSED] - click(findTestObject("FDR-Receipt/FDR-Receipt-DistributionLine/FDR-AddEdit-DistributionLine/button_Add-Invoiceline"), STOP_ON_FAILURE): Object: 'Object Repository/FDR-Receipt/FDR-Receipt-DistributionLine/FDR-AddEdit-DistributionLine/button_Add-Invoiceline' is clicked on

2020-09-18 11:45:55 - [MESSAGE][PASSED] - Object: 'Object Repository/FDR-Receipt/FDR-Receipt-DistributionLine/FDR-AddEdit-DistributionLine/button_Add-Invoiceline' is clicked on

2020-09-18 11:45:55 - [TEST_STEP][PASSED] - waitForElementPresent(findTestObject("FDR-Receipt/FDR-Receipt-DistributionLine/FDR-AddEdit-DistributionLine/invoice_Searchfield"), 10): Object 'Object Repository/FDR-Receipt/FDR-Receipt-DistributionLine/FDR-AddEdit-DistributionLine/invoice_Searchfield' is present

2020-09-18 11:45:56 - [MESSAGE][PASSED] - Object 'Object Repository/FDR-Receipt/FDR-Receipt-DistributionLine/FDR-AddEdit-DistributionLine/invoice_Searchfield' is present

2020-09-18 11:45:56 - [TEST_STEP][PASSED] - sendKeys(findTestObject("FDR-Receipt/FDR-Receipt-DistributionLine/FDR-AddEdit-DistributionLine/invoice_Searchfield"), searchfield): Keys '524342' sent to object: 'Object Repository/FDR-Receipt/FDR-Receipt-DistributionLine/FDR-AddEdit-DistributionLine/invoice_Searchfield'

2020-09-18 11:45:56 - [MESSAGE][PASSED] - Keys '524342' sent to object: 'Object Repository/FDR-Receipt/FDR-Receipt-DistributionLine/FDR-AddEdit-DistributionLine/invoice_Searchfield'

2020-09-18 11:45:56 - [TEST_STEP][PASSED] - click(findTestObject("FDR-Receipt/FDR-Receipt-DistributionLine/FDR-AddEdit-DistributionLine/button_Add_invoicemanually")): Object: 'Object Repository/FDR-Receipt/FDR-Receipt-DistributionLine/FDR-AddEdit-DistributionLine/button_Add_invoicemanually' is clicked on

2020-09-18 11:45:57 - [MESSAGE][PASSED] - Object: 'Object Repository/FDR-Receipt/FDR-Receipt-DistributionLine/FDR-AddEdit-DistributionLine/button_Add_invoicemanually' is clicked on

2020-09-18 11:45:57 - [TEST_STEP][PASSED] - waitForElementPresent(findTestObject("FDR-Receipt/FDR-Receipt-DistributionLine/FDR-AddEdit-DistributionLine/input_Service date (from)"), 10): Object 'Object Repository/FDR-Receipt/FDR-Receipt-DistributionLine/FDR-AddEdit-DistributionLine/input_Service date (from)' is present

2020-09-18 11:45:58 - [MESSAGE][PASSED] - Object 'Object Repository/FDR-Receipt/FDR-Receipt-DistributionLine/FDR-AddEdit-DistributionLine/input_Service date (from)' is present

2020-09-18 11:45:58 - [TEST_STEP][PASSED] - sendKeys(findTestObject("FDR-Receipt/FDR-Receipt-DistributionLine/FDR-AddEdit-DistributionLine/input_Service date (from)"), servicedatefrom): Keys '09/19/2020' sent to object: 'Object Repository/FDR-Receipt/FDR-Receipt-DistributionLine/FDR-AddEdit-DistributionLine/input_Service date (from)'

2020-09-18 11:45:58 - [MESSAGE][PASSED] - Keys '09/19/2020' sent to object: 'Object Repository/FDR-Receipt/FDR-Receipt-DistributionLine/FDR-AddEdit-DistributionLine/input_Service date (from)'

2020-09-18 11:45:58 - [TEST_STEP][PASSED] - waitForElementPresent(findTestObject("FDR-Receipt/FDR-Receipt-DistributionLine/FDR-AddEdit-DistributionLine/input_Service date (to)"), 10): Object 'Object Repository/FDR-Receipt/FDR-Receipt-DistributionLine/FDR-AddEdit-DistributionLine/input_Service date (to)' is present

2020-09-18 11:45:59 - [MESSAGE][PASSED] - Object 'Object Repository/FDR-Receipt/FDR-Receipt-DistributionLine/FDR-AddEdit-DistributionLine/input_Service date (to)' is present

2020-09-18 11:45:59 - [TEST_STEP][PASSED] - sendKeys(findTestObject("FDR-Receipt/FDR-Receipt-DistributionLine/FDR-AddEdit-DistributionLine/input_Service date (to)"), servicedateto): Keys '09/20/2020' sent to object: 'Object Repository/FDR-Receipt/FDR-Receipt-DistributionLine/FDR-AddEdit-DistributionLine/input_Service date (to)'

2020-09-18 11:45:59 - [MESSAGE][PASSED] - Keys '09/20/2020' sent to object: 'Object Repository/FDR-Receipt/FDR-Receipt-DistributionLine/FDR-AddEdit-DistributionLine/input_Service date (to)'

2020-09-18 11:45:59 - [TEST_STEP][PASSED] - delay(4): Delayed 4 second(s)

2020-09-18 11:46:03 - [MESSAGE][PASSED] - Delayed 4 second(s)

2020-09-18 11:46:03 - [TEST_STEP][PASSED] - waitForElementPresent(findTestObject("FDR-Receipt/FDR-Receipt-DistributionLine/FDR-AddEdit-DistributionLine/input_Amount"), 10): Object 'Object Repository/FDR-Receipt/FDR-Receipt-DistributionLine/FDR-AddEdit-DistributionLine/input_Amount' is present

2020-09-18 11:46:04 - [MESSAGE][PASSED] - Object 'Object Repository/FDR-Receipt/FDR-Receipt-DistributionLine/FDR-AddEdit-DistributionLine/input_Amount' is present

2020-09-18 11:46:04 - [TEST_STEP][PASSED] - sendKeys(findTestObject("FDR-Receipt/FDR-Receipt-DistributionLine/FDR-AddEdit-DistributionLine/input_Amount"), NegativeAmount): Keys '500-' sent to object: 'Object Repository/FDR-Receipt/FDR-Receipt-DistributionLine/FDR-AddEdit-DistributionLine/input_Amount'

2020-09-18 11:46:04 - [MESSAGE][PASSED] - Keys '500-' sent to object: 'Object Repository/FDR-Receipt/FDR-Receipt-DistributionLine/FDR-AddEdit-DistributionLine/input_Amount'

2020-09-18 11:46:04 - [TEST_STEP][PASSED] - delay(2): Delayed 2 second(s)

2020-09-18 11:46:06 - [MESSAGE][PASSED] - Delayed 2 second(s)

2020-09-18 11:46:06 - [TEST_STEP][PASSED] - waitForElementPresent(findTestObject("FDR-Receipt/FDR-Receipt-DistributionLine/FDR-AddEdit-DistributionLine/waiver_Type"), 10): Object 'Object Repository/FDR-Receipt/FDR-Receipt-DistributionLine/FDR-AddEdit-DistributionLine/waiver_Type' is present

2020-09-18 11:46:06 - [MESSAGE][PASSED] - Object 'Object Repository/FDR-Receipt/FDR-Receipt-DistributionLine/FDR-AddEdit-DistributionLine/waiver_Type' is present

2020-09-18 11:46:06 - [TEST_STEP][PASSED] - waitForElementPresent(findTestObject("FDR-Receipt/FDR-Receipt-DistributionLine/FDR-AddEdit-DistributionLine/waiver_Type"), 8): Object 'Object Repository/FDR-Receipt/FDR-Receipt-DistributionLine/FDR-AddEdit-DistributionLine/waiver_Type' is present

2020-09-18 11:46:07 - [MESSAGE][PASSED] - Object 'Object Repository/FDR-Receipt/FDR-Receipt-DistributionLine/FDR-AddEdit-DistributionLine/waiver_Type' is present

2020-09-18 11:46:07 - [TEST_STEP][PASSED] - sendKeys(findTestObject("FDR-Receipt/FDR-Receipt-DistributionLine/FDR-AddEdit-DistributionLine/waiver_Type"), Waivertype): Keys '2020' sent to object: 'Object Repository/FDR-Receipt/FDR-Receipt-DistributionLine/FDR-AddEdit-DistributionLine/waiver_Type'

2020-09-18 11:46:07 - [MESSAGE][PASSED] - Keys '2020' sent to object: 'Object Repository/FDR-Receipt/FDR-Receipt-DistributionLine/FDR-AddEdit-DistributionLine/waiver_Type'

2020-09-18 11:46:07 - [TEST_STEP][PASSED] - sendKeys(findTestObject("FDR-Receipt/FDR-Receipt-DistributionLine/FDR-AddEdit-DistributionLine/waiver_Type"), Keys.chord(DOWN, ENTER)): Keys 'DOWN + ENTER + ' sent to object: 'Object Repository/FDR-Receipt/FDR-Receipt-DistributionLine/FDR-AddEdit-DistributionLine/waiver_Type'

2020-09-18 11:46:07 - [MESSAGE][PASSED] - Keys 'DOWN + ENTER + ' sent to object: 'Object Repository/FDR-Receipt/FDR-Receipt-DistributionLine/FDR-AddEdit-DistributionLine/waiver_Type'

2020-09-18 11:46:07 - [TEST_STEP][PASSED] - waitForElementPresent(findTestObject("FDR-Receipt/FDR-Receipt-DistributionLine/FDR-AddEdit-DistributionLine/waiver_Name"), 6): Object 'Object Repository/FDR-Receipt/FDR-Receipt-DistributionLine/FDR-AddEdit-DistributionLine/waiver_Name' is present

2020-09-18 11:46:08 - [MESSAGE][PASSED] - Object 'Object Repository/FDR-Receipt/FDR-Receipt-DistributionLine/FDR-AddEdit-DistributionLine/waiver_Name' is present

2020-09-18 11:46:08 - [TEST_STEP][PASSED] - sendKeys(findTestObject("FDR-Receipt/FDR-Receipt-DistributionLine/FDR-AddEdit-DistributionLine/waiver_Name"), Waivername): Keys 'A-FamilyU TPM/GMC' sent to object: 'Object Repository/FDR-Receipt/FDR-Receipt-DistributionLine/FDR-AddEdit-DistributionLine/waiver_Name'

2020-09-18 11:46:08 - [MESSAGE][PASSED] - Keys 'A-FamilyU TPM/GMC' sent to object: 'Object Repository/FDR-Receipt/FDR-Receipt-DistributionLine/FDR-AddEdit-DistributionLine/waiver_Name'

2020-09-18 11:46:08 - [TEST_STEP][PASSED] - sendKeys(findTestObject("FDR-Receipt/FDR-Receipt-DistributionLine/FDR-AddEdit-DistributionLine/waiver_Name"), Keys.chord(DOWN, ENTER)): Keys 'DOWN + ENTER + ' sent to object: 'Object Repository/FDR-Receipt/FDR-Receipt-DistributionLine/FDR-AddEdit-DistributionLine/waiver_Name'

2020-09-18 11:46:09 - [MESSAGE][PASSED] - Keys 'DOWN + ENTER + ' sent to object: 'Object Repository/FDR-Receipt/FDR-Receipt-DistributionLine/FDR-AddEdit-DistributionLine/waiver_Name'

2020-09-18 11:46:09 - [TEST_STEP][PASSED] - waitForElementPresent(findTestObject("FDR-Receipt/FDR-Receipt-DistributionLine/FDR-AddEdit-DistributionLine/funding_Source"), 6): Object 'Object Repository/FDR-Receipt/FDR-Receipt-DistributionLine/FDR-AddEdit-DistributionLine/funding_Source' is present

2020-09-18 11:46:09 - [MESSAGE][PASSED] - Object 'Object Repository/FDR-Receipt/FDR-Receipt-DistributionLine/FDR-AddEdit-DistributionLine/funding_Source' is present

2020-09-18 11:46:09 - [TEST_STEP][PASSED] - sendKeys(findTestObject("FDR-Receipt/FDR-Receipt-DistributionLine/FDR-AddEdit-DistributionLine/funding_Source"), Fundingsource): Keys 'Dental' sent to object: 'Object Repository/FDR-Receipt/FDR-Receipt-DistributionLine/FDR-AddEdit-DistributionLine/funding_Source'

2020-09-18 11:46:10 - [MESSAGE][PASSED] - Keys 'Dental' sent to object: 'Object Repository/FDR-Receipt/FDR-Receipt-DistributionLine/FDR-AddEdit-DistributionLine/funding_Source'

2020-09-18 11:46:10 - [TEST_STEP][PASSED] - sendKeys(findTestObject("FDR-Receipt/FDR-Receipt-DistributionLine/FDR-AddEdit-DistributionLine/funding_Source"), Keys.chord(DOWN, ENTER)): Keys 'DOWN + ENTER + ' sent to object: 'Object Repository/FDR-Receipt/FDR-Receipt-DistributionLine/FDR-AddEdit-DistributionLine/funding_Source'

2020-09-18 11:46:10 - [MESSAGE][PASSED] - Keys 'DOWN + ENTER + ' sent to object: 'Object Repository/FDR-Receipt/FDR-Receipt-DistributionLine/FDR-AddEdit-DistributionLine/funding_Source'

2020-09-18 11:46:10 - [TEST_STEP][PASSED] - waitForElementPresent(findTestObject("FDR-Receipt/FDR-Receipt-DistributionLine/FDR-AddEdit-DistributionLine/fund_Code"), 30): Object 'Object Repository/FDR-Receipt/FDR-Receipt-DistributionLine/FDR-AddEdit-DistributionLine/fund_Code' is present

2020-09-18 11:46:11 - [MESSAGE][PASSED] - Object 'Object Repository/FDR-Receipt/FDR-Receipt-DistributionLine/FDR-AddEdit-DistributionLine/fund_Code' is present

2020-09-18 11:46:11 - [TEST_STEP][PASSED] - sendKeys(findTestObject("FDR-Receipt/FDR-Receipt-DistributionLine/FDR-AddEdit-DistributionLine/fund_Code"), Fundcode): Keys 'Health Care Deposit Fund (0912)' sent to object: 'Object Repository/FDR-Receipt/FDR-Receipt-DistributionLine/FDR-AddEdit-DistributionLine/fund_Code'

2020-09-18 11:46:11 - [MESSAGE][PASSED] - Keys 'Health Care Deposit Fund (0912)' sent to object: 'Object Repository/FDR-Receipt/FDR-Receipt-DistributionLine/FDR-AddEdit-DistributionLine/fund_Code'

2020-09-18 11:46:11 - [TEST_STEP][PASSED] - sendKeys(findTestObject("FDR-Receipt/FDR-Receipt-DistributionLine/FDR-AddEdit-DistributionLine/fund_Code"), Keys.chord(DOWN, ENTER)): Keys 'DOWN + ENTER + ' sent to object: 'Object Repository/FDR-Receipt/FDR-Receipt-DistributionLine/FDR-AddEdit-DistributionLine/fund_Code'

2020-09-18 11:46:12 - [MESSAGE][PASSED] - Keys 'DOWN + ENTER + ' sent to object: 'Object Repository/FDR-Receipt/FDR-Receipt-DistributionLine/FDR-AddEdit-DistributionLine/fund_Code'

2020-09-18 11:46:12 - [TEST_STEP][PASSED] - waitForElementPresent(findTestObject("FDR-Receipt/FDR-Receipt-DistributionLine/FDR-AddEdit-DistributionLine/fund_Ratio"), 10): Object 'Object Repository/FDR-Receipt/FDR-Receipt-DistributionLine/FDR-AddEdit-DistributionLine/fund_Ratio' is present

2020-09-18 11:46:12 - [MESSAGE][PASSED] - Object 'Object Repository/FDR-Receipt/FDR-Receipt-DistributionLine/FDR-AddEdit-DistributionLine/fund_Ratio' is present

2020-09-18 11:46:12 - [TEST_STEP][PASSED] - sendKeys(findTestObject("FDR-Receipt/FDR-Receipt-DistributionLine/FDR-AddEdit-DistributionLine/fund_Ratio"), Fundratio): Keys '5' sent to object: 'Object Repository/FDR-Receipt/FDR-Receipt-DistributionLine/FDR-AddEdit-DistributionLine/fund_Ratio'

2020-09-18 11:46:13 - [MESSAGE][PASSED] - Keys '5' sent to object: 'Object Repository/FDR-Receipt/FDR-Receipt-DistributionLine/FDR-AddEdit-DistributionLine/fund_Ratio'

2020-09-18 11:46:13 - [TEST_STEP][PASSED] - sendKeys(findTestObject("FDR-Receipt/FDR-Receipt-DistributionLine/FDR-AddEdit-DistributionLine/fund_Ratio"), Keys.chord(DOWN, ENTER)): Keys 'DOWN + ENTER + ' sent to object: 'Object Repository/FDR-Receipt/FDR-Receipt-DistributionLine/FDR-AddEdit-DistributionLine/fund_Ratio'

2020-09-18 11:46:13 - [MESSAGE][PASSED] - Keys 'DOWN + ENTER + ' sent to object: 'Object Repository/FDR-Receipt/FDR-Receipt-DistributionLine/FDR-AddEdit-DistributionLine/fund_Ratio'

2020-09-18 11:46:13 - [TEST_STEP][PASSED] - waitForElementPresent(findTestObject("FDR-Receipt/FDR-Receipt-DistributionLine/FDR-AddEdit-DistributionLine/non_Federalfund"), 10): Object 'Object Repository/FDR-Receipt/FDR-Receipt-DistributionLine/FDR-AddEdit-DistributionLine/non_Federalfund' is present

2020-09-18 11:46:14 - [MESSAGE][PASSED] - Object 'Object Repository/FDR-Receipt/FDR-Receipt-DistributionLine/FDR-AddEdit-DistributionLine/non_Federalfund' is present

2020-09-18 11:46:14 - [TEST_STEP][PASSED] - sendKeys(findTestObject("FDR-Receipt/FDR-Receipt-DistributionLine/FDR-AddEdit-DistributionLine/non_Federalfund"), Nonfederalfund): Keys '0001' sent to object: 'Object Repository/FDR-Receipt/FDR-Receipt-DistributionLine/FDR-AddEdit-DistributionLine/non_Federalfund'

2020-09-18 11:46:14 - [MESSAGE][PASSED] - Keys '0001' sent to object: 'Object Repository/FDR-Receipt/FDR-Receipt-DistributionLine/FDR-AddEdit-DistributionLine/non_Federalfund'

2020-09-18 11:46:14 - [TEST_STEP][PASSED] - sendKeys(findTestObject("FDR-Receipt/FDR-Receipt-DistributionLine/FDR-AddEdit-DistributionLine/non_Federalfund"), Keys.chord(DOWN, ENTER)): Keys 'DOWN + ENTER + ' sent to object: 'Object Repository/FDR-Receipt/FDR-Receipt-DistributionLine/FDR-AddEdit-DistributionLine/non_Federalfund'

2020-09-18 11:46:14 - [MESSAGE][PASSED] - Keys 'DOWN + ENTER + ' sent to object: 'Object Repository/FDR-Receipt/FDR-Receipt-DistributionLine/FDR-AddEdit-DistributionLine/non_Federalfund'

2020-09-18 11:46:14 - [TEST_STEP][PASSED] - waitForElementPresent(findTestObject("FDR-Receipt/FDR-Receipt-DistributionLine/FDR-AddEdit-DistributionLine/input_Service location_serviceLocation"), 10): Object 'Object Repository/FDR-Receipt/FDR-Receipt-DistributionLine/FDR-AddEdit-DistributionLine/input_Service location_serviceLocation' is present

2020-09-18 11:46:15 - [MESSAGE][PASSED] - Object 'Object Repository/FDR-Receipt/FDR-Receipt-DistributionLine/FDR-AddEdit-DistributionLine/input_Service location_serviceLocation' is present

2020-09-18 11:46:15 - [TEST_STEP][PASSED] - sendKeys(findTestObject("FDR-Receipt/FDR-Receipt-DistributionLine/FDR-AddEdit-DistributionLine/input_Service location_serviceLocation"), Servicelocation): Keys '3445' sent to object: 'Object Repository/FDR-Receipt/FDR-Receipt-DistributionLine/FDR-AddEdit-DistributionLine/input_Service location_serviceLocation'

2020-09-18 11:46:15 - [MESSAGE][PASSED] - Keys '3445' sent to object: 'Object Repository/FDR-Receipt/FDR-Receipt-DistributionLine/FDR-AddEdit-DistributionLine/input_Service location_serviceLocation'

2020-09-18 11:46:15 - [TEST_STEP][PASSED] - sendKeys(findTestObject("FDR-Receipt/FDR-Receipt-DistributionLine/FDR-AddEdit-DistributionLine/input_Service location_serviceLocation"), Keys.chord(DOWN, ENTER)): Keys 'DOWN + ENTER + ' sent to object: 'Object Repository/FDR-Receipt/FDR-Receipt-DistributionLine/FDR-AddEdit-DistributionLine/input_Service location_serviceLocation'

2020-09-18 11:46:16 - [MESSAGE][PASSED] - Keys 'DOWN + ENTER + ' sent to object: 'Object Repository/FDR-Receipt/FDR-Receipt-DistributionLine/FDR-AddEdit-DistributionLine/input_Service location_serviceLocation'

2020-09-18 11:46:16 - [TEST_STEP][PASSED] - waitForElementPresent(findTestObject("FDR-Receipt/FDR-Receipt-DistributionLine/FDR-AddEdit-DistributionLine/Index"), 10): Object 'Object Repository/FDR-Receipt/FDR-Receipt-DistributionLine/FDR-AddEdit-DistributionLine/Index' is present

2020-09-18 11:46:16 - [MESSAGE][PASSED] - Object 'Object Repository/FDR-Receipt/FDR-Receipt-DistributionLine/FDR-AddEdit-DistributionLine/Index' is present

2020-09-18 11:46:16 - [TEST_STEP][PASSED] - sendKeys(findTestObject("FDR-Receipt/FDR-Receipt-DistributionLine/FDR-AddEdit-DistributionLine/Index"), Index): Keys '1155' sent to object: 'Object Repository/FDR-Receipt/FDR-Receipt-DistributionLine/FDR-AddEdit-DistributionLine/Index'

2020-09-18 11:46:16 - [MESSAGE][PASSED] - Keys '1155' sent to object: 'Object Repository/FDR-Receipt/FDR-Receipt-DistributionLine/FDR-AddEdit-DistributionLine/Index'

2020-09-18 11:46:16 - [TEST_STEP][PASSED] - sendKeys(findTestObject("FDR-Receipt/FDR-Receipt-DistributionLine/FDR-AddEdit-DistributionLine/Index"), Keys.chord(DOWN, ENTER)): Keys 'DOWN + ENTER + ' sent to object: 'Object Repository/FDR-Receipt/FDR-Receipt-DistributionLine/FDR-AddEdit-DistributionLine/Index'

2020-09-18 11:46:17 - [MESSAGE][PASSED] - Keys 'DOWN + ENTER + ' sent to object: 'Object Repository/FDR-Receipt/FDR-Receipt-DistributionLine/FDR-AddEdit-DistributionLine/Index'

2020-09-18 11:46:17 - [TEST_STEP][PASSED] - waitForElementPresent(findTestObject("FDR-Receipt/FDR-Receipt-DistributionLine/FDR-AddEdit-DistributionLine/program_Type"), 10): Object 'Object Repository/FDR-Receipt/FDR-Receipt-DistributionLine/FDR-AddEdit-DistributionLine/program_Type' is present

2020-09-18 11:46:17 - [MESSAGE][PASSED] - Object 'Object Repository/FDR-Receipt/FDR-Receipt-DistributionLine/FDR-AddEdit-DistributionLine/program_Type' is present

2020-09-18 11:46:17 - [TEST_STEP][PASSED] - sendKeys(findTestObject("FDR-Receipt/FDR-Receipt-DistributionLine/FDR-AddEdit-DistributionLine/program_Type"), Programtype): Keys 'Medical Assistance (MA)' sent to object: 'Object Repository/FDR-Receipt/FDR-Receipt-DistributionLine/FDR-AddEdit-DistributionLine/program_Type'

2020-09-18 11:46:18 - [MESSAGE][PASSED] - Keys 'Medical Assistance (MA)' sent to object: 'Object Repository/FDR-Receipt/FDR-Receipt-DistributionLine/FDR-AddEdit-DistributionLine/program_Type'

2020-09-18 11:46:18 - [TEST_STEP][PASSED] - sendKeys(findTestObject("FDR-Receipt/FDR-Receipt-DistributionLine/FDR-AddEdit-DistributionLine/program_Type"), Keys.chord(DOWN, ENTER)): Keys 'DOWN + ENTER + ' sent to object: 'Object Repository/FDR-Receipt/FDR-Receipt-DistributionLine/FDR-AddEdit-DistributionLine/program_Type'

2020-09-18 11:46:18 - [MESSAGE][PASSED] - Keys 'DOWN + ENTER + ' sent to object: 'Object Repository/FDR-Receipt/FDR-Receipt-DistributionLine/FDR-AddEdit-DistributionLine/program_Type'

2020-09-18 11:46:18 - [TEST_STEP][PASSED] - waitForElementPresent(findTestObject("FDR-Receipt/FDR-Receipt-DistributionLine/FDR-AddEdit-DistributionLine/service_Category"), 10): Object 'Object Repository/FDR-Receipt/FDR-Receipt-DistributionLine/FDR-AddEdit-DistributionLine/service_Category' is present

2020-09-18 11:46:19 - [MESSAGE][PASSED] - Object 'Object Repository/FDR-Receipt/FDR-Receipt-DistributionLine/FDR-AddEdit-DistributionLine/service_Category' is present

2020-09-18 11:46:19 - [TEST_STEP][PASSED] - sendKeys(findTestObject("FDR-Receipt/FDR-Receipt-DistributionLine/FDR-AddEdit-DistributionLine/service_Category"), Servicecategory): Keys '18B1' sent to object: 'Object Repository/FDR-Receipt/FDR-Receipt-DistributionLine/FDR-AddEdit-DistributionLine/service_Category'

2020-09-18 11:46:19 - [MESSAGE][PASSED] - Keys '18B1' sent to object: 'Object Repository/FDR-Receipt/FDR-Receipt-DistributionLine/FDR-AddEdit-DistributionLine/service_Category'

2020-09-18 11:46:19 - [TEST_STEP][PASSED] - sendKeys(findTestObject("FDR-Receipt/FDR-Receipt-DistributionLine/FDR-AddEdit-DistributionLine/service_Category"), Keys.chord(DOWN, ENTER)): Keys 'DOWN + ENTER + ' sent to object: 'Object Repository/FDR-Receipt/FDR-Receipt-DistributionLine/FDR-AddEdit-DistributionLine/service_Category'

2020-09-18 11:46:20 - [MESSAGE][PASSED] - Keys 'DOWN + ENTER + ' sent to object: 'Object Repository/FDR-Receipt/FDR-Receipt-DistributionLine/FDR-AddEdit-DistributionLine/service_Category'

2020-09-18 11:46:20 - [TEST_STEP][PASSED] - waitForElementPresent(findTestObject("FDR-Receipt/FDR-Receipt-DistributionLine/FDR-AddEdit-DistributionLine/increaseDecreaseLine"), 10): Object 'Object Repository/FDR-Receipt/FDR-Receipt-DistributionLine/FDR-AddEdit-DistributionLine/increaseDecreaseLine' is present

2020-09-18 11:46:20 - [MESSAGE][PASSED] - Object 'Object Repository/FDR-Receipt/FDR-Receipt-DistributionLine/FDR-AddEdit-DistributionLine/increaseDecreaseLine' is present

2020-09-18 11:46:20 - [TEST_STEP][PASSED] - sendKeys(findTestObject("FDR-Receipt/FDR-Receipt-DistributionLine/FDR-AddEdit-DistributionLine/increaseDecreaseLine"), IncreaseDecreaseLine): Keys '10b: Receipts or any decrease' sent to object: 'Object Repository/FDR-Receipt/FDR-Receipt-DistributionLine/FDR-AddEdit-DistributionLine/increaseDecreaseLine'

2020-09-18 11:46:21 - [MESSAGE][PASSED] - Keys '10b: Receipts or any decrease' sent to object: 'Object Repository/FDR-Receipt/FDR-Receipt-DistributionLine/FDR-AddEdit-DistributionLine/increaseDecreaseLine'

2020-09-18 11:46:21 - [TEST_STEP][PASSED] - sendKeys(findTestObject("FDR-Receipt/FDR-Receipt-DistributionLine/FDR-AddEdit-DistributionLine/increaseDecreaseLine"), Keys.chord(ARROW_DOWN, ENTER)): Keys 'DOWN + ENTER + ' sent to object: 'Object Repository/FDR-Receipt/FDR-Receipt-DistributionLine/FDR-AddEdit-DistributionLine/increaseDecreaseLine'

2020-09-18 11:46:21 - [MESSAGE][PASSED] - Keys 'DOWN + ENTER + ' sent to object: 'Object Repository/FDR-Receipt/FDR-Receipt-DistributionLine/FDR-AddEdit-DistributionLine/increaseDecreaseLine'

2020-09-18 11:46:21 - [TEST_STEP][PASSED] - waitForElementPresent(findTestObject("FDR-Receipt/FDR-Receipt-DistributionLine/FDR-AddEdit-DistributionLine/input_accountId"), 2, STOP_ON_FAILURE): Object 'Object Repository/FDR-Receipt/FDR-Receipt-DistributionLine/FDR-AddEdit-DistributionLine/input_accountId' is present

2020-09-18 11:46:22 - [MESSAGE][PASSED] - Object 'Object Repository/FDR-Receipt/FDR-Receipt-DistributionLine/FDR-AddEdit-DistributionLine/input_accountId' is present

2020-09-18 11:46:22 - [TEST_STEP][PASSED] - sendKeys(findTestObject("FDR-Receipt/FDR-Receipt-DistributionLine/FDR-AddEdit-DistributionLine/input_accountId"), accountId + Keys.chord(ARROW_DOWN, ENTER)): Keys 'DOWN + ENTER + 5432000' sent to object: 'Object Repository/FDR-Receipt/FDR-Receipt-DistributionLine/FDR-AddEdit-DistributionLine/input_accountId'

2020-09-18 11:46:22 - [MESSAGE][PASSED] - Keys 'DOWN + ENTER + 5432000' sent to object: 'Object Repository/FDR-Receipt/FDR-Receipt-DistributionLine/FDR-AddEdit-DistributionLine/input_accountId'

2020-09-18 11:46:22 - [TEST_STEP][PASSED] - waitForElementPresent(findTestObject("FDR-Receipt/FDR-Receipt-DistributionLine/FDR-AddEdit-DistributionLine/input_altAccountId"), 2, STOP_ON_FAILURE): Object 'Object Repository/FDR-Receipt/FDR-Receipt-DistributionLine/FDR-AddEdit-DistributionLine/input_altAccountId' is present

2020-09-18 11:46:23 - [MESSAGE][PASSED] - Object 'Object Repository/FDR-Receipt/FDR-Receipt-DistributionLine/FDR-AddEdit-DistributionLine/input_altAccountId' is present

2020-09-18 11:46:23 - [TEST_STEP][PASSED] - sendKeys(findTestObject("FDR-Receipt/FDR-Receipt-DistributionLine/FDR-AddEdit-DistributionLine/input_altAccountId"), altAccountId): Keys '5432000019' sent to object: 'Object Repository/FDR-Receipt/FDR-Receipt-DistributionLine/FDR-AddEdit-DistributionLine/input_altAccountId'

2020-09-18 11:46:23 - [MESSAGE][PASSED] - Keys '5432000019' sent to object: 'Object Repository/FDR-Receipt/FDR-Receipt-DistributionLine/FDR-AddEdit-DistributionLine/input_altAccountId'

2020-09-18 11:46:23 - [TEST_STEP][PASSED] - sendKeys(findTestObject("FDR-Receipt/FDR-Receipt-DistributionLine/FDR-AddEdit-DistributionLine/input_altAccountId"), Keys.chord(ARROW_DOWN, ENTER)): Keys 'DOWN + ENTER + ' sent to object: 'Object Repository/FDR-Receipt/FDR-Receipt-DistributionLine/FDR-AddEdit-DistributionLine/input_altAccountId'

2020-09-18 11:46:24 - [MESSAGE][PASSED] - Keys 'DOWN + ENTER + ' sent to object: 'Object Repository/FDR-Receipt/FDR-Receipt-DistributionLine/FDR-AddEdit-DistributionLine/input_altAccountId'

2020-09-18 11:46:24 - [TEST_STEP][PASSED] - waitForElementPresent(findTestObject("FDR-Receipt/FDR-Receipt-DistributionLine/FDR-AddEdit-DistributionLine/button_SaveClose"), 10): Object 'Object Repository/FDR-Receipt/FDR-Receipt-DistributionLine/FDR-AddEdit-DistributionLine/button_SaveClose' is present

2020-09-18 11:46:24 - [MESSAGE][PASSED] - Object 'Object Repository/FDR-Receipt/FDR-Receipt-DistributionLine/FDR-AddEdit-DistributionLine/button_SaveClose' is present

2020-09-18 11:46:24 - [TEST_STEP][PASSED] - click(findTestObject("FDR-Receipt/FDR-Receipt-DistributionLine/FDR-AddEdit-DistributionLine/button_SaveClose")): Object: 'Object Repository/FDR-Receipt/FDR-Receipt-DistributionLine/FDR-AddEdit-DistributionLine/button_SaveClose' is clicked on

2020-09-18 11:46:24 - [MESSAGE][PASSED] - Object: 'Object Repository/FDR-Receipt/FDR-Receipt-DistributionLine/FDR-AddEdit-DistributionLine/button_SaveClose' is clicked on

2020-09-18 11:46:24 - [TEST_STEP][PASSED] - waitForElementPresent(findTestObject("FDR-Receipt/FDR-Receipt-Checkline/View/deposit_Control_Amount"), 5): Object 'Object Repository/FDR-Receipt/FDR-Receipt-Checkline/View/deposit_Control_Amount' is present

2020-09-18 11:46:26 - [MESSAGE][PASSED] - Object 'Object Repository/FDR-Receipt/FDR-Receipt-Checkline/View/deposit_Control_Amount' is present

2020-09-18 11:46:26 - [TEST_STEP][PASSED] - delay(4): Delayed 4 second(s)

2020-09-18 11:46:30 - [MESSAGE][PASSED] - Delayed 4 second(s)

2020-09-18 11:46:30 - [TEST_STEP][PASSED] - Receipttotalaftaddwith$ = getText(findTestObject("FDR-Receipt/FDR-Receipt-Checkline/View/deposit_Control_Amount")): Text of object 'Object Repository/FDR-Receipt/FDR-Receipt-Checkline/View/deposit_Control_Amount' is: '$2,500.00'

2020-09-18 11:46:30 - [MESSAGE][PASSED] - Text of object 'Object Repository/FDR-Receipt/FDR-Receipt-Checkline/View/deposit_Control_Amount' is: '$2,500.00'

2020-09-18 11:46:30 - [TEST_STEP][PASSED] - Receipttotalaftaddwithout$ = Receipttotalaftaddwith$.substring(1): null

2020-09-18 11:46:30 - [TEST_STEP][PASSED] - ReceipttotalaftaddwithoutComma = Receipttotalaftaddwithout$.replaceAll(",", ""): null

2020-09-18 11:46:30 - [TEST_STEP][PASSED] - Recdeptotalaftreceiptlinseadded = Float.parseFloat(ReceipttotalaftaddwithoutComma): null

2020-09-18 11:46:30 - [TEST_STEP][PASSED] - println(Recdeptotalaftreceiptlinseadded): null

2020-09-18 11:46:30 - [TEST_STEP][PASSED] - waitForElementPresent(findTestObject("FDR-Receipt/FDR-Receipt-Checkline/View/receiptLine_Total"), 5): Object 'Object Repository/FDR-Receipt/FDR-Receipt-Checkline/View/receiptLine_Total' is present

2020-09-18 11:46:30 - [MESSAGE][PASSED] - Object 'Object Repository/FDR-Receipt/FDR-Receipt-Checkline/View/receiptLine_Total' is present

2020-09-18 11:46:30 - [TEST_STEP][PASSED] - delay(4): Delayed 4 second(s)

2020-09-18 11:46:34 - [MESSAGE][PASSED] - Delayed 4 second(s)

2020-09-18 11:46:34 - [TEST_STEP][PASSED] - Receiptlinetotalaftaddwith$ = getText(findTestObject("FDR-Receipt/FDR-Receipt-Checkline/View/receiptLine_Total")): Text of object 'Object Repository/FDR-Receipt/FDR-Receipt-Checkline/View/receiptLine_Total' is: '$2,500.00'

2020-09-18 11:46:35 - [MESSAGE][PASSED] - Text of object 'Object Repository/FDR-Receipt/FDR-Receipt-Checkline/View/receiptLine_Total' is: '$2,500.00'

2020-09-18 11:46:35 - [TEST_STEP][PASSED] - Receiptlinetotalaftaddwithout$ = Receiptlinetotalaftaddwith$.substring(1): null

2020-09-18 11:46:35 - [TEST_STEP][PASSED] - ReceiptlinetotalaftaddwithoutComma = Receiptlinetotalaftaddwithout$.replaceAll(",", ""): null

2020-09-18 11:46:35 - [TEST_STEP][PASSED] - Receiptlinetotal = Float.parseFloat(ReceiptlinetotalaftaddwithoutComma): null

2020-09-18 11:46:35 - [TEST_STEP][PASSED] - if (Receiptlinetotal == Recdeptotalaftreceiptlinseadded): Valid Total Deposit Control Amount

2020-09-18 11:46:35 - [TEST_STEP][PASSED] - markPassed("Valid Total Deposit Control Amount"): Valid Total Deposit Control Amount

2020-09-18 11:46:35 - [MESSAGE][PASSED] - Valid Total Deposit Control Amount

2020-09-18 11:46:35 - [TEST_STEP][PASSED] - Start listener action : sampleAfterTestCase: Browser is closed

2020-09-18 11:46:35 - [TEST_STEP][PASSED] - profileName = getExecutionProfile(): null

2020-09-18 11:46:35 - [TEST_STEP][PASSED] - switch (profileName): null

2020-09-18 11:46:35 - [TEST_STEP][PASSED] - if (!(skipBeforeAndAfterTestCase)): Browser is closed

2020-09-18 11:46:35 - [TEST_STEP][PASSED] - Uifunctions.logoutFDR(): Browser is closed

2020-09-18 11:46:35 - [MESSAGE][PASSED] - Browser is closed

2020-09-18 11:46:35 - [TEST_STEP][PASSED] - Start listener action : afterTestCase: null

2020-09-18 11:46:35 - [TEST_STEP][PASSED] - profileName = getExecutionProfile(): null

2020-09-18 11:46:35 - [TEST_STEP][PASSED] - if (profileName.equalsIgnoreCase("SysAdmin")): null

2020-09-18 11:46:35 - [TEST_STEP][PASSED] - Start listener action : sampleAfterTestCase: null

2020-09-18 11:46:35 - [TEST_STEP][PASSED] - profileName = getExecutionProfile(): null

2020-09-18 11:46:35 - [TEST_STEP][PASSED] - switch (profileName): null

2020-09-18 11:46:35 - [TEST_STEP][PASSED] - Default: null

2020-09-18 11:46:35 - [TEST_STEP][PASSED] - return null: null

2020-09-18 11:46:35 - [TEST_STEP][PASSED] - Start listener action : addFailedTCToList: null]]></system-out>
         <system-err><![CDATA[]]></system-err>
      </testcase>
      <testcase name="Test Cases/WEB-UI-TESTS/Receipt/FDR-Delete-Receipt-Distribution-Line" time="114.711" classname="Test Cases/WEB-UI-TESTS/Receipt/FDR-Delete-Receipt-Distribution-Line" status="PASSED">
         <system-out><![CDATA[2020-09-18 11:46:35 - [TEST_CASE][PASSED] - Test Cases/WEB-UI-TESTS/Receipt/FDR-Delete-Receipt-Distribution-Line: Test Cases/WEB-UI-TESTS/Receipt/FDR-Delete-Receipt-Distribution-Line

2020-09-18 11:46:35 - [TEST_STEP][PASSED] - Start listener action : sampleBeforeTestCase: Navigate to 'https://fdr-katalon.cammis-mod-dev.dhcs.ca.gov' successfully

2020-09-18 11:46:35 - [TEST_STEP][PASSED] - profileName = getExecutionProfile(): null

2020-09-18 11:46:35 - [TEST_STEP][PASSED] - switch (profileName): null

2020-09-18 11:46:35 - [TEST_STEP][PASSED] - testCaseId = testCaseContext.getTestCaseId(): null

2020-09-18 11:46:35 - [TEST_STEP][PASSED] - if (!(skipBeforeAndAfterTestCase)): Navigate to 'https://fdr-katalon.cammis-mod-dev.dhcs.ca.gov' successfully

2020-09-18 11:46:35 - [TEST_STEP][PASSED] - if (account7TestCases.contains(testCaseId)): null

2020-09-18 11:46:35 - [TEST_STEP][PASSED] - else if (account10TestCases.contains(testCaseId)): null

2020-09-18 11:46:35 - [TEST_STEP][PASSED] - else: Object: 'Object Repository/FDR-SignIn/SignInButton' is clicked on

2020-09-18 11:46:35 - [TEST_STEP][PASSED] - Uifunctions.loginFDR(accountsApprover, accountsApproverPwd): Object: 'Object Repository/FDR-SignIn/SignInButton' is clicked on

2020-09-18 11:46:35 - [MESSAGE][INFO] - Starting 'Chrome' driver

2020-09-18 11:46:35 - [MESSAGE][INFO] - Action delay is set to 0 milliseconds

2020-09-18 11:46:38 - [MESSAGE][PASSED] - Browser is opened with url: ''

2020-09-18 11:46:40 - [MESSAGE][PASSED] - Current window maximized

2020-09-18 11:46:45 - [MESSAGE][PASSED] - Navigate to 'https://fdr-katalon.cammis-mod-dev.dhcs.ca.gov' successfully

2020-09-18 11:46:46 - [MESSAGE][PASSED] - Object 'Object Repository/FDR-SignIn/SignInEmail' is present

2020-09-18 11:46:46 - [MESSAGE][PASSED] - Object: 'Object Repository/FDR-SignIn/SignInEmail' is clicked on

2020-09-18 11:46:46 - [MESSAGE][PASSED] - Object 'Object Repository/FDR-SignIn/SignInEmail' is present

2020-09-18 11:46:47 - [MESSAGE][PASSED] - Text 'fdr.test3@dhcs.ca.gov' is set on object 'Object Repository/FDR-SignIn/SignInEmail'

2020-09-18 11:46:47 - [MESSAGE][PASSED] - Object 'Object Repository/FDR-SignIn/SignInEmailNext' is visible

2020-09-18 11:46:47 - [MESSAGE][PASSED] - Object: 'Object Repository/FDR-SignIn/SignInEmailNext' is clicked on

2020-09-18 11:46:54 - [MESSAGE][PASSED] - Object 'Object Repository/FDR-SignIn/SignInEmailPassword' is visible

2020-09-18 11:46:54 - [MESSAGE][PASSED] - Object: 'Object Repository/FDR-SignIn/SignInEmailPassword' is clicked on

2020-09-18 11:46:54 - [MESSAGE][PASSED] - Text ****** has been set on object 'Object Repository/FDR-SignIn/SignInEmailPassword'

2020-09-18 11:46:56 - [MESSAGE][PASSED] - Object: 'Object Repository/FDR-SignIn/SignInButton' is clicked on

2020-09-18 11:46:56 - [TEST_STEP][PASSED] - navigateToUrl(URL): Navigate to 'https://fdr-katalon.cammis-mod-dev.dhcs.ca.gov' successfully

2020-09-18 11:46:56 - [MESSAGE][PASSED] - Navigate to 'https://fdr-katalon.cammis-mod-dev.dhcs.ca.gov' successfully

2020-09-18 11:46:56 - [TEST_STEP][PASSED] - Start listener action : beforeTestCase: null

2020-09-18 11:46:56 - [TEST_STEP][PASSED] - profileName = getExecutionProfile(): null

2020-09-18 11:46:56 - [TEST_STEP][PASSED] - if (profileName.equalsIgnoreCase("SysAdmin")): null

2020-09-18 11:46:56 - [TEST_STEP][PASSED] - Start listener action : sampleBeforeTestCase: null

2020-09-18 11:46:56 - [TEST_STEP][PASSED] - profileName = getExecutionProfile(): null

2020-09-18 11:46:56 - [TEST_STEP][PASSED] - testCaseId = testCaseContext.getTestCaseId(): null

2020-09-18 11:46:56 - [TEST_STEP][PASSED] - switch (profileName): null

2020-09-18 11:46:56 - [TEST_STEP][PASSED] - Default: null

2020-09-18 11:46:56 - [TEST_STEP][PASSED] - return null: null

2020-09-18 11:46:56 - [TEST_STEP][PASSED] - Start listener action : executeRows: null

2020-09-18 11:46:57 - [TEST_STEP][PASSED] - d = Date().plus(1): null

2020-09-18 11:46:57 - [TEST_STEP][PASSED] - dd = Date().plus(2): null

2020-09-18 11:46:57 - [TEST_STEP][PASSED] - servicedatefrom = d.format("MM/dd/yyyy"): null

2020-09-18 11:46:57 - [TEST_STEP][PASSED] - servicedateto = dd.format("MM/dd/yyyy"): null

2020-09-18 11:46:57 - [TEST_STEP][PASSED] - originalwarrantdate = dd.format("MM/dd/yyyy"): null

2020-09-18 11:46:57 - [TEST_STEP][PASSED] - newDepositId = RandomStringUtils.randomNumeric(7): null

2020-09-18 11:46:57 - [TEST_STEP][PASSED] - editors.createReceipt(Drawdate, Paydate, newDepositId, Receiptnotes): Object: 'Object Repository/FDR-Receipt/FDR-Receipt-Header/View/buttonNext' is clicked on

2020-09-18 11:47:02 - [MESSAGE][INFO] - Unable to find the element located by 'By.xpath: //*[@data-id='button-link']//*[contains(text(),'Create New Voucher')]'. Please recheck the objects properties to make sure the desired element is located. 

2020-09-18 11:47:02 - [MESSAGE][WARNING] - Object 'Object Repository/FDR-Dashboard/createNewVoucherButton' is not present after 4 second(s)

2020-09-18 11:47:02 - [MESSAGE][PASSED] - Object 'Object Repository/FDR-Receipt/FDR-Receipt-Dashboard/createNew_ReceiptBatch_Button' is present

2020-09-18 11:47:03 - [MESSAGE][PASSED] - Object: 'Object Repository/FDR-Receipt/FDR-Receipt-Dashboard/createNew_ReceiptBatch_Button' is clicked on

2020-09-18 11:47:03 - [MESSAGE][PASSED] - Object 'Object Repository/FDR-Receipt/FDR-Receipt-Header/View/inputDrawDate' is present

2020-09-18 11:47:04 - [MESSAGE][PASSED] - Text '09/30/2020' is set on object 'Object Repository/FDR-Receipt/FDR-Receipt-Header/View/inputDrawDate'

2020-09-18 11:47:05 - [MESSAGE][PASSED] - Keys 'TAB + ENTER + ENTER + ' sent to object: 'Object Repository/FDR-Receipt/FDR-Receipt-Header/View/inputDrawDate'

2020-09-18 11:47:06 - [MESSAGE][PASSED] - Object 'Object Repository/FDR-Receipt/FDR-Receipt-Header/Edit/payDate' is present

2020-09-18 11:47:06 - [MESSAGE][PASSED] - Text '10/02/2020' is set on object 'Object Repository/FDR-Receipt/FDR-Receipt-Header/Edit/payDate'

2020-09-18 11:47:07 - [MESSAGE][PASSED] - Object 'Object Repository/FDR-Receipt/FDR-Receipt-Header/View/deposit ID' is present

2020-09-18 11:47:08 - [MESSAGE][PASSED] - Text '7592542' is set on object 'Object Repository/FDR-Receipt/FDR-Receipt-Header/View/deposit ID'

2020-09-18 11:47:08 - [MESSAGE][PASSED] - Object 'Object Repository/FDR-Receipt/FDR-ReceiptBatch/receiptNotes' is present

2020-09-18 11:47:09 - [MESSAGE][PASSED] - Text 'rqewrq' is set on object 'Object Repository/FDR-Receipt/FDR-ReceiptBatch/receiptNotes'

2020-09-18 11:47:09 - [MESSAGE][PASSED] - Object 'Object Repository/FDR-Receipt/FDR-Receipt-Header/Edit/remmitanceAdviceInput' is present

2020-09-18 11:47:10 - [MESSAGE][PASSED] - Keys '' sent to object: 'Object Repository/FDR-Receipt/FDR-Receipt-Header/Edit/remmitanceAdviceInput'

2020-09-18 11:47:10 - [MESSAGE][PASSED] - Object 'Object Repository/FDR-Receipt/FDR-Receipt-Header/Edit/controllerReceiptInput' is present

2020-09-18 11:47:11 - [MESSAGE][PASSED] - Keys '' sent to object: 'Object Repository/FDR-Receipt/FDR-Receipt-Header/Edit/controllerReceiptInput'

2020-09-18 11:47:11 - [MESSAGE][PASSED] - Object 'Object Repository/FDR-Receipt/FDR-Receipt-Header/View/buttonNext' is present

2020-09-18 11:47:11 - [MESSAGE][PASSED] - Object: 'Object Repository/FDR-Receipt/FDR-Receipt-Header/View/buttonNext' is clicked on

2020-09-18 11:47:11 - [TEST_STEP][PASSED] - editors.createReceiptline(ReceiptID, SupplierID, DepositDate): Object: 'Object Repository/FDR-Receipt/FDR-Receipt-Checkline/View/addReceipt_Button2' is clicked on

2020-09-18 11:47:12 - [MESSAGE][PASSED] - Object 'Object Repository/FDR-Receipt/FDR-Receipt-Checkline/View/receipt_ID' is present

2020-09-18 11:47:13 - [MESSAGE][PASSED] - Keys 'CHK10322' sent to object: 'Object Repository/FDR-Receipt/FDR-Receipt-Checkline/View/receipt_ID'

2020-09-18 11:47:13 - [MESSAGE][PASSED] - Object 'Object Repository/FDR-Receipt/FDR-Receipt-Checkline/View/supplier_Id' is present

2020-09-18 11:47:13 - [MESSAGE][PASSED] - Object: 'Object Repository/FDR-Receipt/FDR-Receipt-Checkline/View/supplier_Id' is clicked on

2020-09-18 11:47:14 - [MESSAGE][PASSED] - Keys '0000007954' sent to object: 'Object Repository/FDR-Receipt/FDR-Receipt-Checkline/View/supplier_Id'

2020-09-18 11:47:15 - [MESSAGE][PASSED] - Keys 'DOWN + ENTER + ' sent to object: 'Object Repository/FDR-Receipt/FDR-Receipt-Checkline/View/supplier_Id'

2020-09-18 11:47:15 - [MESSAGE][PASSED] - Object 'Object Repository/FDR-Receipt/FDR-Receipt-Checkline/View/deposit_Date' is present

2020-09-18 11:47:15 - [MESSAGE][PASSED] - Keys '02/24/2020' sent to object: 'Object Repository/FDR-Receipt/FDR-Receipt-Checkline/View/deposit_Date'

2020-09-18 11:47:21 - [MESSAGE][INFO] - Unable to find the element located by 'By.xpath: //*[@data-id='button-link']//*[contains(text(),'Create New Voucher')]'. Please recheck the objects properties to make sure the desired element is located. 

2020-09-18 11:47:21 - [MESSAGE][WARNING] - Object 'Object Repository/FDR-Dashboard/createNewVoucherButton' is not present after 4 second(s)

2020-09-18 11:47:21 - [MESSAGE][PASSED] - Object 'Object Repository/FDR-Receipt/FDR-Receipt-Checkline/View/addReceipt_Button2' is present

2020-09-18 11:47:21 - [MESSAGE][PASSED] - Object: 'Object Repository/FDR-Receipt/FDR-Receipt-Checkline/View/addReceipt_Button2' is clicked on

2020-09-18 11:47:21 - [TEST_STEP][PASSED] - verifyElementClickable(findTestObject("FDR-Receipt/FDR-Receipt-DistributionLine/FDR-AddEdit-DistributionLine/arrow_Down"), STOP_ON_FAILURE): Object 'Object Repository/FDR-Receipt/FDR-Receipt-DistributionLine/FDR-AddEdit-DistributionLine/arrow_Down' is clickable

2020-09-18 11:47:22 - [MESSAGE][PASSED] - Object 'Object Repository/FDR-Receipt/FDR-Receipt-DistributionLine/FDR-AddEdit-DistributionLine/arrow_Down' is clickable

2020-09-18 11:47:22 - [TEST_STEP][PASSED] - click(findTestObject("FDR-Receipt/FDR-Receipt-DistributionLine/FDR-AddEdit-DistributionLine/arrow_Down"), STOP_ON_FAILURE): Object: 'Object Repository/FDR-Receipt/FDR-Receipt-DistributionLine/FDR-AddEdit-DistributionLine/arrow_Down' is clicked on

2020-09-18 11:47:22 - [MESSAGE][PASSED] - Object: 'Object Repository/FDR-Receipt/FDR-Receipt-DistributionLine/FDR-AddEdit-DistributionLine/arrow_Down' is clicked on

2020-09-18 11:47:22 - [TEST_STEP][PASSED] - waitForElementPresent(findTestObject("FDR-Receipt/FDR-Receipt-Checkline/View/deposit_Control_Amount"), 10): Object 'Object Repository/FDR-Receipt/FDR-Receipt-Checkline/View/deposit_Control_Amount' is present

2020-09-18 11:47:23 - [MESSAGE][PASSED] - Object 'Object Repository/FDR-Receipt/FDR-Receipt-Checkline/View/deposit_Control_Amount' is present

2020-09-18 11:47:23 - [TEST_STEP][PASSED] - Receipttotalbefaddwith$ = getText(findTestObject("FDR-Receipt/FDR-Receipt-Checkline/View/deposit_Control_Amount")): Text of object 'Object Repository/FDR-Receipt/FDR-Receipt-Checkline/View/deposit_Control_Amount' is: '$0.00'

2020-09-18 11:47:23 - [MESSAGE][PASSED] - Text of object 'Object Repository/FDR-Receipt/FDR-Receipt-Checkline/View/deposit_Control_Amount' is: '$0.00'

2020-09-18 11:47:23 - [TEST_STEP][PASSED] - Receipttotalbefaddwithout$ = Receipttotalbefaddwith$.substring(1): null

2020-09-18 11:47:23 - [TEST_STEP][PASSED] - ReceipttotalbefaddwithoutComma = Receipttotalbefaddwithout$.replaceAll(",", ""): null

2020-09-18 11:47:23 - [TEST_STEP][PASSED] - Receipttotalbefreceiptlineadd = Float.parseFloat(ReceipttotalbefaddwithoutComma): null

2020-09-18 11:47:23 - [TEST_STEP][PASSED] - waitForElementPresent(findTestObject("FDR-Receipt/FDR-Receipt-DistributionLine/FDR-AddEdit-DistributionLine/button_Add-Invoiceline"), 10): Object 'Object Repository/FDR-Receipt/FDR-Receipt-DistributionLine/FDR-AddEdit-DistributionLine/button_Add-Invoiceline' is present

2020-09-18 11:47:23 - [MESSAGE][PASSED] - Object 'Object Repository/FDR-Receipt/FDR-Receipt-DistributionLine/FDR-AddEdit-DistributionLine/button_Add-Invoiceline' is present

2020-09-18 11:47:23 - [TEST_STEP][PASSED] - scrollToElement(findTestObject("FDR-Receipt/FDR-Receipt-DistributionLine/FDR-AddEdit-DistributionLine/button_Add-Invoiceline"), 3): Scroll to object 'Object Repository/FDR-Receipt/FDR-Receipt-DistributionLine/FDR-AddEdit-DistributionLine/button_Add-Invoiceline' successfully

2020-09-18 11:47:24 - [MESSAGE][PASSED] - Scroll to object 'Object Repository/FDR-Receipt/FDR-Receipt-DistributionLine/FDR-AddEdit-DistributionLine/button_Add-Invoiceline' successfully

2020-09-18 11:47:24 - [TEST_STEP][PASSED] - verifyElementClickable(findTestObject("FDR-Receipt/FDR-Receipt-DistributionLine/FDR-AddEdit-DistributionLine/button_Add-Invoiceline"), STOP_ON_FAILURE): Object 'Object Repository/FDR-Receipt/FDR-Receipt-DistributionLine/FDR-AddEdit-DistributionLine/button_Add-Invoiceline' is clickable

2020-09-18 11:47:24 - [MESSAGE][PASSED] - Object 'Object Repository/FDR-Receipt/FDR-Receipt-DistributionLine/FDR-AddEdit-DistributionLine/button_Add-Invoiceline' is clickable

2020-09-18 11:47:24 - [TEST_STEP][PASSED] - click(findTestObject("FDR-Receipt/FDR-Receipt-DistributionLine/FDR-AddEdit-DistributionLine/button_Add-Invoiceline"), STOP_ON_FAILURE): Object: 'Object Repository/FDR-Receipt/FDR-Receipt-DistributionLine/FDR-AddEdit-DistributionLine/button_Add-Invoiceline' is clicked on

2020-09-18 11:47:24 - [MESSAGE][PASSED] - Object: 'Object Repository/FDR-Receipt/FDR-Receipt-DistributionLine/FDR-AddEdit-DistributionLine/button_Add-Invoiceline' is clicked on

2020-09-18 11:47:24 - [TEST_STEP][PASSED] - waitForElementPresent(findTestObject("FDR-Receipt/FDR-Receipt-DistributionLine/FDR-AddEdit-DistributionLine/invoice_Searchfield"), 10): Object 'Object Repository/FDR-Receipt/FDR-Receipt-DistributionLine/FDR-AddEdit-DistributionLine/invoice_Searchfield' is present

2020-09-18 11:47:25 - [MESSAGE][PASSED] - Object 'Object Repository/FDR-Receipt/FDR-Receipt-DistributionLine/FDR-AddEdit-DistributionLine/invoice_Searchfield' is present

2020-09-18 11:47:25 - [TEST_STEP][PASSED] - sendKeys(findTestObject("FDR-Receipt/FDR-Receipt-DistributionLine/FDR-AddEdit-DistributionLine/invoice_Searchfield"), searchfield): Keys '524342' sent to object: 'Object Repository/FDR-Receipt/FDR-Receipt-DistributionLine/FDR-AddEdit-DistributionLine/invoice_Searchfield'

2020-09-18 11:47:25 - [MESSAGE][PASSED] - Keys '524342' sent to object: 'Object Repository/FDR-Receipt/FDR-Receipt-DistributionLine/FDR-AddEdit-DistributionLine/invoice_Searchfield'

2020-09-18 11:47:25 - [TEST_STEP][PASSED] - click(findTestObject("FDR-Receipt/FDR-Receipt-DistributionLine/FDR-AddEdit-DistributionLine/button_Add_invoicemanually")): Object: 'Object Repository/FDR-Receipt/FDR-Receipt-DistributionLine/FDR-AddEdit-DistributionLine/button_Add_invoicemanually' is clicked on

2020-09-18 11:47:27 - [MESSAGE][PASSED] - Object: 'Object Repository/FDR-Receipt/FDR-Receipt-DistributionLine/FDR-AddEdit-DistributionLine/button_Add_invoicemanually' is clicked on

2020-09-18 11:47:27 - [TEST_STEP][PASSED] - waitForElementPresent(findTestObject("FDR-Receipt/FDR-Receipt-DistributionLine/FDR-AddEdit-DistributionLine/input_Service date (from)"), 10): Object 'Object Repository/FDR-Receipt/FDR-Receipt-DistributionLine/FDR-AddEdit-DistributionLine/input_Service date (from)' is present

2020-09-18 11:47:27 - [MESSAGE][PASSED] - Object 'Object Repository/FDR-Receipt/FDR-Receipt-DistributionLine/FDR-AddEdit-DistributionLine/input_Service date (from)' is present

2020-09-18 11:47:27 - [TEST_STEP][PASSED] - sendKeys(findTestObject("FDR-Receipt/FDR-Receipt-DistributionLine/FDR-AddEdit-DistributionLine/input_Service date (from)"), servicedatefrom): Keys '09/19/2020' sent to object: 'Object Repository/FDR-Receipt/FDR-Receipt-DistributionLine/FDR-AddEdit-DistributionLine/input_Service date (from)'

2020-09-18 11:47:28 - [MESSAGE][PASSED] - Keys '09/19/2020' sent to object: 'Object Repository/FDR-Receipt/FDR-Receipt-DistributionLine/FDR-AddEdit-DistributionLine/input_Service date (from)'

2020-09-18 11:47:28 - [TEST_STEP][PASSED] - waitForElementPresent(findTestObject("FDR-Receipt/FDR-Receipt-DistributionLine/FDR-AddEdit-DistributionLine/input_Service date (to)"), 10): Object 'Object Repository/FDR-Receipt/FDR-Receipt-DistributionLine/FDR-AddEdit-DistributionLine/input_Service date (to)' is present

2020-09-18 11:47:28 - [MESSAGE][PASSED] - Object 'Object Repository/FDR-Receipt/FDR-Receipt-DistributionLine/FDR-AddEdit-DistributionLine/input_Service date (to)' is present

2020-09-18 11:47:28 - [TEST_STEP][PASSED] - sendKeys(findTestObject("FDR-Receipt/FDR-Receipt-DistributionLine/FDR-AddEdit-DistributionLine/input_Service date (to)"), servicedateto): Keys '09/20/2020' sent to object: 'Object Repository/FDR-Receipt/FDR-Receipt-DistributionLine/FDR-AddEdit-DistributionLine/input_Service date (to)'

2020-09-18 11:47:29 - [MESSAGE][PASSED] - Keys '09/20/2020' sent to object: 'Object Repository/FDR-Receipt/FDR-Receipt-DistributionLine/FDR-AddEdit-DistributionLine/input_Service date (to)'

2020-09-18 11:47:29 - [TEST_STEP][PASSED] - waitForElementPresent(findTestObject("FDR-Receipt/FDR-Receipt-DistributionLine/FDR-AddEdit-DistributionLine/input_OrginalWarrantDate"), 10): Object 'Object Repository/FDR-Receipt/FDR-Receipt-DistributionLine/FDR-AddEdit-DistributionLine/input_OrginalWarrantDate' is present

2020-09-18 11:47:29 - [MESSAGE][PASSED] - Object 'Object Repository/FDR-Receipt/FDR-Receipt-DistributionLine/FDR-AddEdit-DistributionLine/input_OrginalWarrantDate' is present

2020-09-18 11:47:29 - [TEST_STEP][PASSED] - sendKeys(findTestObject("FDR-Receipt/FDR-Receipt-DistributionLine/FDR-AddEdit-DistributionLine/input_OrginalWarrantDate"), originalwarrantdate): Keys '09/20/2020' sent to object: 'Object Repository/FDR-Receipt/FDR-Receipt-DistributionLine/FDR-AddEdit-DistributionLine/input_OrginalWarrantDate'

2020-09-18 11:47:29 - [MESSAGE][PASSED] - Keys '09/20/2020' sent to object: 'Object Repository/FDR-Receipt/FDR-Receipt-DistributionLine/FDR-AddEdit-DistributionLine/input_OrginalWarrantDate'

2020-09-18 11:47:29 - [TEST_STEP][PASSED] - waitForElementPresent(findTestObject("FDR-Receipt/FDR-Receipt-DistributionLine/FDR-AddEdit-DistributionLine/input_Amount"), 10): Object 'Object Repository/FDR-Receipt/FDR-Receipt-DistributionLine/FDR-AddEdit-DistributionLine/input_Amount' is present

2020-09-18 11:47:30 - [MESSAGE][PASSED] - Object 'Object Repository/FDR-Receipt/FDR-Receipt-DistributionLine/FDR-AddEdit-DistributionLine/input_Amount' is present

2020-09-18 11:47:30 - [TEST_STEP][PASSED] - sendKeys(findTestObject("FDR-Receipt/FDR-Receipt-DistributionLine/FDR-AddEdit-DistributionLine/input_Amount"), Amount): Keys '3000' sent to object: 'Object Repository/FDR-Receipt/FDR-Receipt-DistributionLine/FDR-AddEdit-DistributionLine/input_Amount'

2020-09-18 11:47:30 - [MESSAGE][PASSED] - Keys '3000' sent to object: 'Object Repository/FDR-Receipt/FDR-Receipt-DistributionLine/FDR-AddEdit-DistributionLine/input_Amount'

2020-09-18 11:47:30 - [TEST_STEP][PASSED] - waitForElementPresent(findTestObject("FDR-Receipt/FDR-Receipt-DistributionLine/FDR-AddEdit-DistributionLine/waiver_Type"), 10): Object 'Object Repository/FDR-Receipt/FDR-Receipt-DistributionLine/FDR-AddEdit-DistributionLine/waiver_Type' is present

2020-09-18 11:47:30 - [MESSAGE][PASSED] - Object 'Object Repository/FDR-Receipt/FDR-Receipt-DistributionLine/FDR-AddEdit-DistributionLine/waiver_Type' is present

2020-09-18 11:47:30 - [TEST_STEP][PASSED] - waitForElementPresent(findTestObject("FDR-Receipt/FDR-Receipt-DistributionLine/FDR-AddEdit-DistributionLine/waiver_Type"), 8): Object 'Object Repository/FDR-Receipt/FDR-Receipt-DistributionLine/FDR-AddEdit-DistributionLine/waiver_Type' is present

2020-09-18 11:47:31 - [MESSAGE][PASSED] - Object 'Object Repository/FDR-Receipt/FDR-Receipt-DistributionLine/FDR-AddEdit-DistributionLine/waiver_Type' is present

2020-09-18 11:47:31 - [TEST_STEP][PASSED] - sendKeys(findTestObject("FDR-Receipt/FDR-Receipt-DistributionLine/FDR-AddEdit-DistributionLine/waiver_Type"), Waivertype): Keys '2020' sent to object: 'Object Repository/FDR-Receipt/FDR-Receipt-DistributionLine/FDR-AddEdit-DistributionLine/waiver_Type'

2020-09-18 11:47:31 - [MESSAGE][PASSED] - Keys '2020' sent to object: 'Object Repository/FDR-Receipt/FDR-Receipt-DistributionLine/FDR-AddEdit-DistributionLine/waiver_Type'

2020-09-18 11:47:31 - [TEST_STEP][PASSED] - sendKeys(findTestObject("FDR-Receipt/FDR-Receipt-DistributionLine/FDR-AddEdit-DistributionLine/waiver_Type"), Keys.chord(DOWN, ENTER)): Keys 'DOWN + ENTER + ' sent to object: 'Object Repository/FDR-Receipt/FDR-Receipt-DistributionLine/FDR-AddEdit-DistributionLine/waiver_Type'

2020-09-18 11:47:32 - [MESSAGE][PASSED] - Keys 'DOWN + ENTER + ' sent to object: 'Object Repository/FDR-Receipt/FDR-Receipt-DistributionLine/FDR-AddEdit-DistributionLine/waiver_Type'

2020-09-18 11:47:32 - [TEST_STEP][PASSED] - waitForElementPresent(findTestObject("FDR-Receipt/FDR-Receipt-DistributionLine/FDR-AddEdit-DistributionLine/waiver_Name"), 6): Object 'Object Repository/FDR-Receipt/FDR-Receipt-DistributionLine/FDR-AddEdit-DistributionLine/waiver_Name' is present

2020-09-18 11:47:32 - [MESSAGE][PASSED] - Object 'Object Repository/FDR-Receipt/FDR-Receipt-DistributionLine/FDR-AddEdit-DistributionLine/waiver_Name' is present

2020-09-18 11:47:32 - [TEST_STEP][PASSED] - sendKeys(findTestObject("FDR-Receipt/FDR-Receipt-DistributionLine/FDR-AddEdit-DistributionLine/waiver_Name"), Waivername): Keys 'A-FamilyU TPM/GMC' sent to object: 'Object Repository/FDR-Receipt/FDR-Receipt-DistributionLine/FDR-AddEdit-DistributionLine/waiver_Name'

2020-09-18 11:47:33 - [MESSAGE][PASSED] - Keys 'A-FamilyU TPM/GMC' sent to object: 'Object Repository/FDR-Receipt/FDR-Receipt-DistributionLine/FDR-AddEdit-DistributionLine/waiver_Name'

2020-09-18 11:47:33 - [TEST_STEP][PASSED] - sendKeys(findTestObject("FDR-Receipt/FDR-Receipt-DistributionLine/FDR-AddEdit-DistributionLine/waiver_Name"), Keys.chord(DOWN, ENTER)): Keys 'DOWN + ENTER + ' sent to object: 'Object Repository/FDR-Receipt/FDR-Receipt-DistributionLine/FDR-AddEdit-DistributionLine/waiver_Name'

2020-09-18 11:47:33 - [MESSAGE][PASSED] - Keys 'DOWN + ENTER + ' sent to object: 'Object Repository/FDR-Receipt/FDR-Receipt-DistributionLine/FDR-AddEdit-DistributionLine/waiver_Name'

2020-09-18 11:47:33 - [TEST_STEP][PASSED] - waitForElementPresent(findTestObject("FDR-Receipt/FDR-Receipt-DistributionLine/FDR-AddEdit-DistributionLine/funding_Source"), 6): Object 'Object Repository/FDR-Receipt/FDR-Receipt-DistributionLine/FDR-AddEdit-DistributionLine/funding_Source' is present

2020-09-18 11:47:34 - [MESSAGE][PASSED] - Object 'Object Repository/FDR-Receipt/FDR-Receipt-DistributionLine/FDR-AddEdit-DistributionLine/funding_Source' is present

2020-09-18 11:47:34 - [TEST_STEP][PASSED] - sendKeys(findTestObject("FDR-Receipt/FDR-Receipt-DistributionLine/FDR-AddEdit-DistributionLine/funding_Source"), Fundingsource): Keys 'Dental' sent to object: 'Object Repository/FDR-Receipt/FDR-Receipt-DistributionLine/FDR-AddEdit-DistributionLine/funding_Source'

2020-09-18 11:47:34 - [MESSAGE][PASSED] - Keys 'Dental' sent to object: 'Object Repository/FDR-Receipt/FDR-Receipt-DistributionLine/FDR-AddEdit-DistributionLine/funding_Source'

2020-09-18 11:47:34 - [TEST_STEP][PASSED] - sendKeys(findTestObject("FDR-Receipt/FDR-Receipt-DistributionLine/FDR-AddEdit-DistributionLine/funding_Source"), Keys.chord(DOWN, ENTER)): Keys 'DOWN + ENTER + ' sent to object: 'Object Repository/FDR-Receipt/FDR-Receipt-DistributionLine/FDR-AddEdit-DistributionLine/funding_Source'

2020-09-18 11:47:35 - [MESSAGE][PASSED] - Keys 'DOWN + ENTER + ' sent to object: 'Object Repository/FDR-Receipt/FDR-Receipt-DistributionLine/FDR-AddEdit-DistributionLine/funding_Source'

2020-09-18 11:47:35 - [TEST_STEP][PASSED] - waitForElementPresent(findTestObject("FDR-Receipt/FDR-Receipt-DistributionLine/FDR-AddEdit-DistributionLine/fund_Code"), 30): Object 'Object Repository/FDR-Receipt/FDR-Receipt-DistributionLine/FDR-AddEdit-DistributionLine/fund_Code' is present

2020-09-18 11:47:35 - [MESSAGE][PASSED] - Object 'Object Repository/FDR-Receipt/FDR-Receipt-DistributionLine/FDR-AddEdit-DistributionLine/fund_Code' is present

2020-09-18 11:47:35 - [TEST_STEP][PASSED] - sendKeys(findTestObject("FDR-Receipt/FDR-Receipt-DistributionLine/FDR-AddEdit-DistributionLine/fund_Code"), Fundcode): Keys 'Health Care Deposit Fund (0912)' sent to object: 'Object Repository/FDR-Receipt/FDR-Receipt-DistributionLine/FDR-AddEdit-DistributionLine/fund_Code'

2020-09-18 11:47:35 - [MESSAGE][PASSED] - Keys 'Health Care Deposit Fund (0912)' sent to object: 'Object Repository/FDR-Receipt/FDR-Receipt-DistributionLine/FDR-AddEdit-DistributionLine/fund_Code'

2020-09-18 11:47:35 - [TEST_STEP][PASSED] - sendKeys(findTestObject("FDR-Receipt/FDR-Receipt-DistributionLine/FDR-AddEdit-DistributionLine/fund_Code"), Keys.chord(DOWN, ENTER)): Keys 'DOWN + ENTER + ' sent to object: 'Object Repository/FDR-Receipt/FDR-Receipt-DistributionLine/FDR-AddEdit-DistributionLine/fund_Code'

2020-09-18 11:47:36 - [MESSAGE][PASSED] - Keys 'DOWN + ENTER + ' sent to object: 'Object Repository/FDR-Receipt/FDR-Receipt-DistributionLine/FDR-AddEdit-DistributionLine/fund_Code'

2020-09-18 11:47:36 - [TEST_STEP][PASSED] - waitForElementPresent(findTestObject("FDR-Receipt/FDR-Receipt-DistributionLine/FDR-AddEdit-DistributionLine/fund_Ratio"), 10): Object 'Object Repository/FDR-Receipt/FDR-Receipt-DistributionLine/FDR-AddEdit-DistributionLine/fund_Ratio' is present

2020-09-18 11:47:36 - [MESSAGE][PASSED] - Object 'Object Repository/FDR-Receipt/FDR-Receipt-DistributionLine/FDR-AddEdit-DistributionLine/fund_Ratio' is present

2020-09-18 11:47:36 - [TEST_STEP][PASSED] - sendKeys(findTestObject("FDR-Receipt/FDR-Receipt-DistributionLine/FDR-AddEdit-DistributionLine/fund_Ratio"), Fundratio): Keys '5' sent to object: 'Object Repository/FDR-Receipt/FDR-Receipt-DistributionLine/FDR-AddEdit-DistributionLine/fund_Ratio'

2020-09-18 11:47:37 - [MESSAGE][PASSED] - Keys '5' sent to object: 'Object Repository/FDR-Receipt/FDR-Receipt-DistributionLine/FDR-AddEdit-DistributionLine/fund_Ratio'

2020-09-18 11:47:37 - [TEST_STEP][PASSED] - sendKeys(findTestObject("FDR-Receipt/FDR-Receipt-DistributionLine/FDR-AddEdit-DistributionLine/fund_Ratio"), Keys.chord(DOWN, ENTER)): Keys 'DOWN + ENTER + ' sent to object: 'Object Repository/FDR-Receipt/FDR-Receipt-DistributionLine/FDR-AddEdit-DistributionLine/fund_Ratio'

2020-09-18 11:47:37 - [MESSAGE][PASSED] - Keys 'DOWN + ENTER + ' sent to object: 'Object Repository/FDR-Receipt/FDR-Receipt-DistributionLine/FDR-AddEdit-DistributionLine/fund_Ratio'

2020-09-18 11:47:37 - [TEST_STEP][PASSED] - waitForElementPresent(findTestObject("FDR-Receipt/FDR-Receipt-DistributionLine/FDR-AddEdit-DistributionLine/non_Federalfund"), 10): Object 'Object Repository/FDR-Receipt/FDR-Receipt-DistributionLine/FDR-AddEdit-DistributionLine/non_Federalfund' is present

2020-09-18 11:47:38 - [MESSAGE][PASSED] - Object 'Object Repository/FDR-Receipt/FDR-Receipt-DistributionLine/FDR-AddEdit-DistributionLine/non_Federalfund' is present

2020-09-18 11:47:38 - [TEST_STEP][PASSED] - sendKeys(findTestObject("FDR-Receipt/FDR-Receipt-DistributionLine/FDR-AddEdit-DistributionLine/non_Federalfund"), Nonfederalfund): Keys '0001' sent to object: 'Object Repository/FDR-Receipt/FDR-Receipt-DistributionLine/FDR-AddEdit-DistributionLine/non_Federalfund'

2020-09-18 11:47:38 - [MESSAGE][PASSED] - Keys '0001' sent to object: 'Object Repository/FDR-Receipt/FDR-Receipt-DistributionLine/FDR-AddEdit-DistributionLine/non_Federalfund'

2020-09-18 11:47:38 - [TEST_STEP][PASSED] - sendKeys(findTestObject("FDR-Receipt/FDR-Receipt-DistributionLine/FDR-AddEdit-DistributionLine/non_Federalfund"), Keys.chord(DOWN, ENTER)): Keys 'DOWN + ENTER + ' sent to object: 'Object Repository/FDR-Receipt/FDR-Receipt-DistributionLine/FDR-AddEdit-DistributionLine/non_Federalfund'

2020-09-18 11:47:39 - [MESSAGE][PASSED] - Keys 'DOWN + ENTER + ' sent to object: 'Object Repository/FDR-Receipt/FDR-Receipt-DistributionLine/FDR-AddEdit-DistributionLine/non_Federalfund'

2020-09-18 11:47:39 - [TEST_STEP][PASSED] - waitForElementPresent(findTestObject("FDR-Receipt/FDR-Receipt-DistributionLine/FDR-AddEdit-DistributionLine/input_Service location_serviceLocation"), 10): Object 'Object Repository/FDR-Receipt/FDR-Receipt-DistributionLine/FDR-AddEdit-DistributionLine/input_Service location_serviceLocation' is present

2020-09-18 11:47:39 - [MESSAGE][PASSED] - Object 'Object Repository/FDR-Receipt/FDR-Receipt-DistributionLine/FDR-AddEdit-DistributionLine/input_Service location_serviceLocation' is present

2020-09-18 11:47:39 - [TEST_STEP][PASSED] - sendKeys(findTestObject("FDR-Receipt/FDR-Receipt-DistributionLine/FDR-AddEdit-DistributionLine/input_Service location_serviceLocation"), Servicelocation): Keys '3445' sent to object: 'Object Repository/FDR-Receipt/FDR-Receipt-DistributionLine/FDR-AddEdit-DistributionLine/input_Service location_serviceLocation'

2020-09-18 11:47:40 - [MESSAGE][PASSED] - Keys '3445' sent to object: 'Object Repository/FDR-Receipt/FDR-Receipt-DistributionLine/FDR-AddEdit-DistributionLine/input_Service location_serviceLocation'

2020-09-18 11:47:40 - [TEST_STEP][PASSED] - sendKeys(findTestObject("FDR-Receipt/FDR-Receipt-DistributionLine/FDR-AddEdit-DistributionLine/input_Service location_serviceLocation"), Keys.chord(DOWN, ENTER)): Keys 'DOWN + ENTER + ' sent to object: 'Object Repository/FDR-Receipt/FDR-Receipt-DistributionLine/FDR-AddEdit-DistributionLine/input_Service location_serviceLocation'

2020-09-18 11:47:40 - [MESSAGE][PASSED] - Keys 'DOWN + ENTER + ' sent to object: 'Object Repository/FDR-Receipt/FDR-Receipt-DistributionLine/FDR-AddEdit-DistributionLine/input_Service location_serviceLocation'

2020-09-18 11:47:40 - [TEST_STEP][PASSED] - waitForElementPresent(findTestObject("FDR-Receipt/FDR-Receipt-DistributionLine/FDR-AddEdit-DistributionLine/Index"), 10): Object 'Object Repository/FDR-Receipt/FDR-Receipt-DistributionLine/FDR-AddEdit-DistributionLine/Index' is present

2020-09-18 11:47:40 - [MESSAGE][PASSED] - Object 'Object Repository/FDR-Receipt/FDR-Receipt-DistributionLine/FDR-AddEdit-DistributionLine/Index' is present

2020-09-18 11:47:40 - [TEST_STEP][PASSED] - sendKeys(findTestObject("FDR-Receipt/FDR-Receipt-DistributionLine/FDR-AddEdit-DistributionLine/Index"), Index): Keys '1155' sent to object: 'Object Repository/FDR-Receipt/FDR-Receipt-DistributionLine/FDR-AddEdit-DistributionLine/Index'

2020-09-18 11:47:40 - [MESSAGE][PASSED] - Keys '1155' sent to object: 'Object Repository/FDR-Receipt/FDR-Receipt-DistributionLine/FDR-AddEdit-DistributionLine/Index'

2020-09-18 11:47:40 - [TEST_STEP][PASSED] - sendKeys(findTestObject("FDR-Receipt/FDR-Receipt-DistributionLine/FDR-AddEdit-DistributionLine/Index"), Keys.chord(DOWN, ENTER)): Keys 'DOWN + ENTER + ' sent to object: 'Object Repository/FDR-Receipt/FDR-Receipt-DistributionLine/FDR-AddEdit-DistributionLine/Index'

2020-09-18 11:47:41 - [MESSAGE][PASSED] - Keys 'DOWN + ENTER + ' sent to object: 'Object Repository/FDR-Receipt/FDR-Receipt-DistributionLine/FDR-AddEdit-DistributionLine/Index'

2020-09-18 11:47:41 - [TEST_STEP][PASSED] - waitForElementPresent(findTestObject("FDR-Receipt/FDR-Receipt-DistributionLine/FDR-AddEdit-DistributionLine/program_Type"), 10): Object 'Object Repository/FDR-Receipt/FDR-Receipt-DistributionLine/FDR-AddEdit-DistributionLine/program_Type' is present

2020-09-18 11:47:41 - [MESSAGE][PASSED] - Object 'Object Repository/FDR-Receipt/FDR-Receipt-DistributionLine/FDR-AddEdit-DistributionLine/program_Type' is present

2020-09-18 11:47:41 - [TEST_STEP][PASSED] - sendKeys(findTestObject("FDR-Receipt/FDR-Receipt-DistributionLine/FDR-AddEdit-DistributionLine/program_Type"), Programtype): Keys 'Medical Assistance (MA)' sent to object: 'Object Repository/FDR-Receipt/FDR-Receipt-DistributionLine/FDR-AddEdit-DistributionLine/program_Type'

2020-09-18 11:47:42 - [MESSAGE][PASSED] - Keys 'Medical Assistance (MA)' sent to object: 'Object Repository/FDR-Receipt/FDR-Receipt-DistributionLine/FDR-AddEdit-DistributionLine/program_Type'

2020-09-18 11:47:42 - [TEST_STEP][PASSED] - sendKeys(findTestObject("FDR-Receipt/FDR-Receipt-DistributionLine/FDR-AddEdit-DistributionLine/program_Type"), Keys.chord(DOWN, ENTER)): Keys 'DOWN + ENTER + ' sent to object: 'Object Repository/FDR-Receipt/FDR-Receipt-DistributionLine/FDR-AddEdit-DistributionLine/program_Type'

2020-09-18 11:47:42 - [MESSAGE][PASSED] - Keys 'DOWN + ENTER + ' sent to object: 'Object Repository/FDR-Receipt/FDR-Receipt-DistributionLine/FDR-AddEdit-DistributionLine/program_Type'

2020-09-18 11:47:42 - [TEST_STEP][PASSED] - waitForElementPresent(findTestObject("FDR-Receipt/FDR-Receipt-DistributionLine/FDR-AddEdit-DistributionLine/service_Category"), 10): Object 'Object Repository/FDR-Receipt/FDR-Receipt-DistributionLine/FDR-AddEdit-DistributionLine/service_Category' is present

2020-09-18 11:47:43 - [MESSAGE][PASSED] - Object 'Object Repository/FDR-Receipt/FDR-Receipt-DistributionLine/FDR-AddEdit-DistributionLine/service_Category' is present

2020-09-18 11:47:43 - [TEST_STEP][PASSED] - sendKeys(findTestObject("FDR-Receipt/FDR-Receipt-DistributionLine/FDR-AddEdit-DistributionLine/service_Category"), Servicecategory): Keys '18B1' sent to object: 'Object Repository/FDR-Receipt/FDR-Receipt-DistributionLine/FDR-AddEdit-DistributionLine/service_Category'

2020-09-18 11:47:43 - [MESSAGE][PASSED] - Keys '18B1' sent to object: 'Object Repository/FDR-Receipt/FDR-Receipt-DistributionLine/FDR-AddEdit-DistributionLine/service_Category'

2020-09-18 11:47:43 - [TEST_STEP][PASSED] - sendKeys(findTestObject("FDR-Receipt/FDR-Receipt-DistributionLine/FDR-AddEdit-DistributionLine/service_Category"), Keys.chord(DOWN, ENTER)): Keys 'DOWN + ENTER + ' sent to object: 'Object Repository/FDR-Receipt/FDR-Receipt-DistributionLine/FDR-AddEdit-DistributionLine/service_Category'

2020-09-18 11:47:44 - [MESSAGE][PASSED] - Keys 'DOWN + ENTER + ' sent to object: 'Object Repository/FDR-Receipt/FDR-Receipt-DistributionLine/FDR-AddEdit-DistributionLine/service_Category'

2020-09-18 11:47:44 - [TEST_STEP][PASSED] - waitForElementPresent(findTestObject("FDR-Receipt/FDR-Receipt-DistributionLine/FDR-AddEdit-DistributionLine/increaseDecreaseLine"), 10): Object 'Object Repository/FDR-Receipt/FDR-Receipt-DistributionLine/FDR-AddEdit-DistributionLine/increaseDecreaseLine' is present

2020-09-18 11:47:44 - [MESSAGE][PASSED] - Object 'Object Repository/FDR-Receipt/FDR-Receipt-DistributionLine/FDR-AddEdit-DistributionLine/increaseDecreaseLine' is present

2020-09-18 11:47:44 - [TEST_STEP][PASSED] - sendKeys(findTestObject("FDR-Receipt/FDR-Receipt-DistributionLine/FDR-AddEdit-DistributionLine/increaseDecreaseLine"), IncreaseDecreaseLine): Keys '10b: Receipts or any decrease' sent to object: 'Object Repository/FDR-Receipt/FDR-Receipt-DistributionLine/FDR-AddEdit-DistributionLine/increaseDecreaseLine'

2020-09-18 11:47:45 - [MESSAGE][PASSED] - Keys '10b: Receipts or any decrease' sent to object: 'Object Repository/FDR-Receipt/FDR-Receipt-DistributionLine/FDR-AddEdit-DistributionLine/increaseDecreaseLine'

2020-09-18 11:47:45 - [TEST_STEP][PASSED] - sendKeys(findTestObject("FDR-Receipt/FDR-Receipt-DistributionLine/FDR-AddEdit-DistributionLine/increaseDecreaseLine"), Keys.chord(ARROW_DOWN, ENTER)): Keys 'DOWN + ENTER + ' sent to object: 'Object Repository/FDR-Receipt/FDR-Receipt-DistributionLine/FDR-AddEdit-DistributionLine/increaseDecreaseLine'

2020-09-18 11:47:45 - [MESSAGE][PASSED] - Keys 'DOWN + ENTER + ' sent to object: 'Object Repository/FDR-Receipt/FDR-Receipt-DistributionLine/FDR-AddEdit-DistributionLine/increaseDecreaseLine'

2020-09-18 11:47:45 - [TEST_STEP][PASSED] - waitForElementPresent(findTestObject("FDR-Receipt/FDR-Receipt-DistributionLine/FDR-AddEdit-DistributionLine/input_accountId"), 2, STOP_ON_FAILURE): Object 'Object Repository/FDR-Receipt/FDR-Receipt-DistributionLine/FDR-AddEdit-DistributionLine/input_accountId' is present

2020-09-18 11:47:45 - [MESSAGE][PASSED] - Object 'Object Repository/FDR-Receipt/FDR-Receipt-DistributionLine/FDR-AddEdit-DistributionLine/input_accountId' is present

2020-09-18 11:47:45 - [TEST_STEP][PASSED] - sendKeys(findTestObject("FDR-Receipt/FDR-Receipt-DistributionLine/FDR-AddEdit-DistributionLine/input_accountId"), accountId + Keys.chord(ARROW_DOWN, ENTER)): Keys 'DOWN + ENTER + 5432000' sent to object: 'Object Repository/FDR-Receipt/FDR-Receipt-DistributionLine/FDR-AddEdit-DistributionLine/input_accountId'

2020-09-18 11:47:46 - [MESSAGE][PASSED] - Keys 'DOWN + ENTER + 5432000' sent to object: 'Object Repository/FDR-Receipt/FDR-Receipt-DistributionLine/FDR-AddEdit-DistributionLine/input_accountId'

2020-09-18 11:47:46 - [TEST_STEP][PASSED] - waitForElementPresent(findTestObject("FDR-Receipt/FDR-Receipt-DistributionLine/FDR-AddEdit-DistributionLine/input_altAccountId"), 2, STOP_ON_FAILURE): Object 'Object Repository/FDR-Receipt/FDR-Receipt-DistributionLine/FDR-AddEdit-DistributionLine/input_altAccountId' is present

2020-09-18 11:47:46 - [MESSAGE][PASSED] - Object 'Object Repository/FDR-Receipt/FDR-Receipt-DistributionLine/FDR-AddEdit-DistributionLine/input_altAccountId' is present

2020-09-18 11:47:46 - [TEST_STEP][PASSED] - sendKeys(findTestObject("FDR-Receipt/FDR-Receipt-DistributionLine/FDR-AddEdit-DistributionLine/input_altAccountId"), altAccountId): Keys '5432000019' sent to object: 'Object Repository/FDR-Receipt/FDR-Receipt-DistributionLine/FDR-AddEdit-DistributionLine/input_altAccountId'

2020-09-18 11:47:47 - [MESSAGE][PASSED] - Keys '5432000019' sent to object: 'Object Repository/FDR-Receipt/FDR-Receipt-DistributionLine/FDR-AddEdit-DistributionLine/input_altAccountId'

2020-09-18 11:47:47 - [TEST_STEP][PASSED] - sendKeys(findTestObject("FDR-Receipt/FDR-Receipt-DistributionLine/FDR-AddEdit-DistributionLine/input_altAccountId"), Keys.chord(ARROW_DOWN, ENTER)): Keys 'DOWN + ENTER + ' sent to object: 'Object Repository/FDR-Receipt/FDR-Receipt-DistributionLine/FDR-AddEdit-DistributionLine/input_altAccountId'

2020-09-18 11:47:47 - [MESSAGE][PASSED] - Keys 'DOWN + ENTER + ' sent to object: 'Object Repository/FDR-Receipt/FDR-Receipt-DistributionLine/FDR-AddEdit-DistributionLine/input_altAccountId'

2020-09-18 11:47:47 - [TEST_STEP][PASSED] - waitForElementPresent(findTestObject("FDR-Receipt/FDR-Receipt-DistributionLine/FDR-AddEdit-DistributionLine/button_SaveClose"), 10): Object 'Object Repository/FDR-Receipt/FDR-Receipt-DistributionLine/FDR-AddEdit-DistributionLine/button_SaveClose' is present

2020-09-18 11:47:48 - [MESSAGE][PASSED] - Object 'Object Repository/FDR-Receipt/FDR-Receipt-DistributionLine/FDR-AddEdit-DistributionLine/button_SaveClose' is present

2020-09-18 11:47:48 - [TEST_STEP][PASSED] - waitForElementClickable(findTestObject("FDR-Receipt/FDR-Receipt-DistributionLine/FDR-AddEdit-DistributionLine/button_SaveClose"), 10): Object 'Object Repository/FDR-Receipt/FDR-Receipt-DistributionLine/FDR-AddEdit-DistributionLine/button_SaveClose' is clickable

2020-09-18 11:47:48 - [MESSAGE][PASSED] - Object 'Object Repository/FDR-Receipt/FDR-Receipt-DistributionLine/FDR-AddEdit-DistributionLine/button_SaveClose' is clickable

2020-09-18 11:47:48 - [TEST_STEP][PASSED] - click(findTestObject("FDR-Receipt/FDR-Receipt-DistributionLine/FDR-AddEdit-DistributionLine/button_SaveClose")): Object: 'Object Repository/FDR-Receipt/FDR-Receipt-DistributionLine/FDR-AddEdit-DistributionLine/button_SaveClose' is clicked on

2020-09-18 11:47:49 - [MESSAGE][PASSED] - Object: 'Object Repository/FDR-Receipt/FDR-Receipt-DistributionLine/FDR-AddEdit-DistributionLine/button_SaveClose' is clicked on

2020-09-18 11:47:49 - [TEST_STEP][PASSED] - scrollToElement(findTestObject("FDR-Receipt/FDR-Receipt-DistributionLine/FDR-AddEdit-DistributionLine/button_Add-Invoiceline"), 3): Scroll to object 'Object Repository/FDR-Receipt/FDR-Receipt-DistributionLine/FDR-AddEdit-DistributionLine/button_Add-Invoiceline' successfully

2020-09-18 11:47:49 - [MESSAGE][PASSED] - Scroll to object 'Object Repository/FDR-Receipt/FDR-Receipt-DistributionLine/FDR-AddEdit-DistributionLine/button_Add-Invoiceline' successfully

2020-09-18 11:47:49 - [TEST_STEP][PASSED] - verifyElementClickable(findTestObject("FDR-Receipt/FDR-Receipt-DistributionLine/FDR-AddEdit-DistributionLine/button_Add-Invoiceline"), STOP_ON_FAILURE): Object 'Object Repository/FDR-Receipt/FDR-Receipt-DistributionLine/FDR-AddEdit-DistributionLine/button_Add-Invoiceline' is clickable

2020-09-18 11:47:50 - [MESSAGE][PASSED] - Object 'Object Repository/FDR-Receipt/FDR-Receipt-DistributionLine/FDR-AddEdit-DistributionLine/button_Add-Invoiceline' is clickable

2020-09-18 11:47:50 - [TEST_STEP][PASSED] - click(findTestObject("FDR-Receipt/FDR-Receipt-DistributionLine/FDR-AddEdit-DistributionLine/button_Add-Invoiceline"), STOP_ON_FAILURE): Object: 'Object Repository/FDR-Receipt/FDR-Receipt-DistributionLine/FDR-AddEdit-DistributionLine/button_Add-Invoiceline' is clicked on

2020-09-18 11:47:50 - [MESSAGE][PASSED] - Object: 'Object Repository/FDR-Receipt/FDR-Receipt-DistributionLine/FDR-AddEdit-DistributionLine/button_Add-Invoiceline' is clicked on

2020-09-18 11:47:50 - [TEST_STEP][PASSED] - waitForElementPresent(findTestObject("FDR-Receipt/FDR-Receipt-DistributionLine/FDR-AddEdit-DistributionLine/invoice_Searchfield"), 10): Object 'Object Repository/FDR-Receipt/FDR-Receipt-DistributionLine/FDR-AddEdit-DistributionLine/invoice_Searchfield' is present

2020-09-18 11:47:51 - [MESSAGE][PASSED] - Object 'Object Repository/FDR-Receipt/FDR-Receipt-DistributionLine/FDR-AddEdit-DistributionLine/invoice_Searchfield' is present

2020-09-18 11:47:51 - [TEST_STEP][PASSED] - sendKeys(findTestObject("FDR-Receipt/FDR-Receipt-DistributionLine/FDR-AddEdit-DistributionLine/invoice_Searchfield"), searchfield): Keys '524342' sent to object: 'Object Repository/FDR-Receipt/FDR-Receipt-DistributionLine/FDR-AddEdit-DistributionLine/invoice_Searchfield'

2020-09-18 11:47:51 - [MESSAGE][PASSED] - Keys '524342' sent to object: 'Object Repository/FDR-Receipt/FDR-Receipt-DistributionLine/FDR-AddEdit-DistributionLine/invoice_Searchfield'

2020-09-18 11:47:51 - [TEST_STEP][PASSED] - click(findTestObject("FDR-Receipt/FDR-Receipt-DistributionLine/FDR-AddEdit-DistributionLine/button_Add_invoicemanually")): Object: 'Object Repository/FDR-Receipt/FDR-Receipt-DistributionLine/FDR-AddEdit-DistributionLine/button_Add_invoicemanually' is clicked on

2020-09-18 11:47:52 - [MESSAGE][PASSED] - Object: 'Object Repository/FDR-Receipt/FDR-Receipt-DistributionLine/FDR-AddEdit-DistributionLine/button_Add_invoicemanually' is clicked on

2020-09-18 11:47:52 - [TEST_STEP][PASSED] - waitForElementPresent(findTestObject("FDR-Receipt/FDR-Receipt-DistributionLine/FDR-AddEdit-DistributionLine/input_Service date (from)"), 10): Object 'Object Repository/FDR-Receipt/FDR-Receipt-DistributionLine/FDR-AddEdit-DistributionLine/input_Service date (from)' is present

2020-09-18 11:47:53 - [MESSAGE][PASSED] - Object 'Object Repository/FDR-Receipt/FDR-Receipt-DistributionLine/FDR-AddEdit-DistributionLine/input_Service date (from)' is present

2020-09-18 11:47:53 - [TEST_STEP][PASSED] - sendKeys(findTestObject("FDR-Receipt/FDR-Receipt-DistributionLine/FDR-AddEdit-DistributionLine/input_Service date (from)"), servicedatefrom): Keys '09/19/2020' sent to object: 'Object Repository/FDR-Receipt/FDR-Receipt-DistributionLine/FDR-AddEdit-DistributionLine/input_Service date (from)'

2020-09-18 11:47:54 - [MESSAGE][PASSED] - Keys '09/19/2020' sent to object: 'Object Repository/FDR-Receipt/FDR-Receipt-DistributionLine/FDR-AddEdit-DistributionLine/input_Service date (from)'

2020-09-18 11:47:54 - [TEST_STEP][PASSED] - waitForElementPresent(findTestObject("FDR-Receipt/FDR-Receipt-DistributionLine/FDR-AddEdit-DistributionLine/input_Service date (to)"), 10): Object 'Object Repository/FDR-Receipt/FDR-Receipt-DistributionLine/FDR-AddEdit-DistributionLine/input_Service date (to)' is present

2020-09-18 11:47:54 - [MESSAGE][PASSED] - Object 'Object Repository/FDR-Receipt/FDR-Receipt-DistributionLine/FDR-AddEdit-DistributionLine/input_Service date (to)' is present

2020-09-18 11:47:54 - [TEST_STEP][PASSED] - sendKeys(findTestObject("FDR-Receipt/FDR-Receipt-DistributionLine/FDR-AddEdit-DistributionLine/input_Service date (to)"), servicedateto): Keys '09/20/2020' sent to object: 'Object Repository/FDR-Receipt/FDR-Receipt-DistributionLine/FDR-AddEdit-DistributionLine/input_Service date (to)'

2020-09-18 11:47:54 - [MESSAGE][PASSED] - Keys '09/20/2020' sent to object: 'Object Repository/FDR-Receipt/FDR-Receipt-DistributionLine/FDR-AddEdit-DistributionLine/input_Service date (to)'

2020-09-18 11:47:54 - [TEST_STEP][PASSED] - delay(4): Delayed 4 second(s)

2020-09-18 11:47:58 - [MESSAGE][PASSED] - Delayed 4 second(s)

2020-09-18 11:47:58 - [TEST_STEP][PASSED] - waitForElementPresent(findTestObject("FDR-Receipt/FDR-Receipt-DistributionLine/FDR-AddEdit-DistributionLine/input_Amount"), 10): Object 'Object Repository/FDR-Receipt/FDR-Receipt-DistributionLine/FDR-AddEdit-DistributionLine/input_Amount' is present

2020-09-18 11:47:59 - [MESSAGE][PASSED] - Object 'Object Repository/FDR-Receipt/FDR-Receipt-DistributionLine/FDR-AddEdit-DistributionLine/input_Amount' is present

2020-09-18 11:47:59 - [TEST_STEP][PASSED] - sendKeys(findTestObject("FDR-Receipt/FDR-Receipt-DistributionLine/FDR-AddEdit-DistributionLine/input_Amount"), NegativeAmount): Keys '500-' sent to object: 'Object Repository/FDR-Receipt/FDR-Receipt-DistributionLine/FDR-AddEdit-DistributionLine/input_Amount'

2020-09-18 11:47:59 - [MESSAGE][PASSED] - Keys '500-' sent to object: 'Object Repository/FDR-Receipt/FDR-Receipt-DistributionLine/FDR-AddEdit-DistributionLine/input_Amount'

2020-09-18 11:47:59 - [TEST_STEP][PASSED] - delay(2): Delayed 2 second(s)

2020-09-18 11:48:01 - [MESSAGE][PASSED] - Delayed 2 second(s)

2020-09-18 11:48:01 - [TEST_STEP][PASSED] - waitForElementPresent(findTestObject("FDR-Receipt/FDR-Receipt-DistributionLine/FDR-AddEdit-DistributionLine/waiver_Type"), 10): Object 'Object Repository/FDR-Receipt/FDR-Receipt-DistributionLine/FDR-AddEdit-DistributionLine/waiver_Type' is present

2020-09-18 11:48:02 - [MESSAGE][PASSED] - Object 'Object Repository/FDR-Receipt/FDR-Receipt-DistributionLine/FDR-AddEdit-DistributionLine/waiver_Type' is present

2020-09-18 11:48:02 - [TEST_STEP][PASSED] - waitForElementPresent(findTestObject("FDR-Receipt/FDR-Receipt-DistributionLine/FDR-AddEdit-DistributionLine/waiver_Type"), 8): Object 'Object Repository/FDR-Receipt/FDR-Receipt-DistributionLine/FDR-AddEdit-DistributionLine/waiver_Type' is present

2020-09-18 11:48:02 - [MESSAGE][PASSED] - Object 'Object Repository/FDR-Receipt/FDR-Receipt-DistributionLine/FDR-AddEdit-DistributionLine/waiver_Type' is present

2020-09-18 11:48:02 - [TEST_STEP][PASSED] - sendKeys(findTestObject("FDR-Receipt/FDR-Receipt-DistributionLine/FDR-AddEdit-DistributionLine/waiver_Type"), Waivertype): Keys '2020' sent to object: 'Object Repository/FDR-Receipt/FDR-Receipt-DistributionLine/FDR-AddEdit-DistributionLine/waiver_Type'

2020-09-18 11:48:02 - [MESSAGE][PASSED] - Keys '2020' sent to object: 'Object Repository/FDR-Receipt/FDR-Receipt-DistributionLine/FDR-AddEdit-DistributionLine/waiver_Type'

2020-09-18 11:48:02 - [TEST_STEP][PASSED] - sendKeys(findTestObject("FDR-Receipt/FDR-Receipt-DistributionLine/FDR-AddEdit-DistributionLine/waiver_Type"), Keys.chord(DOWN, ENTER)): Keys 'DOWN + ENTER + ' sent to object: 'Object Repository/FDR-Receipt/FDR-Receipt-DistributionLine/FDR-AddEdit-DistributionLine/waiver_Type'

2020-09-18 11:48:03 - [MESSAGE][PASSED] - Keys 'DOWN + ENTER + ' sent to object: 'Object Repository/FDR-Receipt/FDR-Receipt-DistributionLine/FDR-AddEdit-DistributionLine/waiver_Type'

2020-09-18 11:48:03 - [TEST_STEP][PASSED] - waitForElementPresent(findTestObject("FDR-Receipt/FDR-Receipt-DistributionLine/FDR-AddEdit-DistributionLine/waiver_Name"), 6): Object 'Object Repository/FDR-Receipt/FDR-Receipt-DistributionLine/FDR-AddEdit-DistributionLine/waiver_Name' is present

2020-09-18 11:48:03 - [MESSAGE][PASSED] - Object 'Object Repository/FDR-Receipt/FDR-Receipt-DistributionLine/FDR-AddEdit-DistributionLine/waiver_Name' is present

2020-09-18 11:48:03 - [TEST_STEP][PASSED] - sendKeys(findTestObject("FDR-Receipt/FDR-Receipt-DistributionLine/FDR-AddEdit-DistributionLine/waiver_Name"), Waivername): Keys 'A-FamilyU TPM/GMC' sent to object: 'Object Repository/FDR-Receipt/FDR-Receipt-DistributionLine/FDR-AddEdit-DistributionLine/waiver_Name'

2020-09-18 11:48:04 - [MESSAGE][PASSED] - Keys 'A-FamilyU TPM/GMC' sent to object: 'Object Repository/FDR-Receipt/FDR-Receipt-DistributionLine/FDR-AddEdit-DistributionLine/waiver_Name'

2020-09-18 11:48:04 - [TEST_STEP][PASSED] - sendKeys(findTestObject("FDR-Receipt/FDR-Receipt-DistributionLine/FDR-AddEdit-DistributionLine/waiver_Name"), Keys.chord(DOWN, ENTER)): Keys 'DOWN + ENTER + ' sent to object: 'Object Repository/FDR-Receipt/FDR-Receipt-DistributionLine/FDR-AddEdit-DistributionLine/waiver_Name'

2020-09-18 11:48:04 - [MESSAGE][PASSED] - Keys 'DOWN + ENTER + ' sent to object: 'Object Repository/FDR-Receipt/FDR-Receipt-DistributionLine/FDR-AddEdit-DistributionLine/waiver_Name'

2020-09-18 11:48:04 - [TEST_STEP][PASSED] - waitForElementPresent(findTestObject("FDR-Receipt/FDR-Receipt-DistributionLine/FDR-AddEdit-DistributionLine/funding_Source"), 6): Object 'Object Repository/FDR-Receipt/FDR-Receipt-DistributionLine/FDR-AddEdit-DistributionLine/funding_Source' is present

2020-09-18 11:48:05 - [MESSAGE][PASSED] - Object 'Object Repository/FDR-Receipt/FDR-Receipt-DistributionLine/FDR-AddEdit-DistributionLine/funding_Source' is present

2020-09-18 11:48:05 - [TEST_STEP][PASSED] - sendKeys(findTestObject("FDR-Receipt/FDR-Receipt-DistributionLine/FDR-AddEdit-DistributionLine/funding_Source"), Fundingsource): Keys 'Dental' sent to object: 'Object Repository/FDR-Receipt/FDR-Receipt-DistributionLine/FDR-AddEdit-DistributionLine/funding_Source'

2020-09-18 11:48:05 - [MESSAGE][PASSED] - Keys 'Dental' sent to object: 'Object Repository/FDR-Receipt/FDR-Receipt-DistributionLine/FDR-AddEdit-DistributionLine/funding_Source'

2020-09-18 11:48:05 - [TEST_STEP][PASSED] - sendKeys(findTestObject("FDR-Receipt/FDR-Receipt-DistributionLine/FDR-AddEdit-DistributionLine/funding_Source"), Keys.chord(DOWN, ENTER)): Keys 'DOWN + ENTER + ' sent to object: 'Object Repository/FDR-Receipt/FDR-Receipt-DistributionLine/FDR-AddEdit-DistributionLine/funding_Source'

2020-09-18 11:48:06 - [MESSAGE][PASSED] - Keys 'DOWN + ENTER + ' sent to object: 'Object Repository/FDR-Receipt/FDR-Receipt-DistributionLine/FDR-AddEdit-DistributionLine/funding_Source'

2020-09-18 11:48:06 - [TEST_STEP][PASSED] - waitForElementPresent(findTestObject("FDR-Receipt/FDR-Receipt-DistributionLine/FDR-AddEdit-DistributionLine/fund_Code"), 30): Object 'Object Repository/FDR-Receipt/FDR-Receipt-DistributionLine/FDR-AddEdit-DistributionLine/fund_Code' is present

2020-09-18 11:48:06 - [MESSAGE][PASSED] - Object 'Object Repository/FDR-Receipt/FDR-Receipt-DistributionLine/FDR-AddEdit-DistributionLine/fund_Code' is present

2020-09-18 11:48:06 - [TEST_STEP][PASSED] - sendKeys(findTestObject("FDR-Receipt/FDR-Receipt-DistributionLine/FDR-AddEdit-DistributionLine/fund_Code"), Fundcode): Keys 'Health Care Deposit Fund (0912)' sent to object: 'Object Repository/FDR-Receipt/FDR-Receipt-DistributionLine/FDR-AddEdit-DistributionLine/fund_Code'

2020-09-18 11:48:07 - [MESSAGE][PASSED] - Keys 'Health Care Deposit Fund (0912)' sent to object: 'Object Repository/FDR-Receipt/FDR-Receipt-DistributionLine/FDR-AddEdit-DistributionLine/fund_Code'

2020-09-18 11:48:07 - [TEST_STEP][PASSED] - sendKeys(findTestObject("FDR-Receipt/FDR-Receipt-DistributionLine/FDR-AddEdit-DistributionLine/fund_Code"), Keys.chord(DOWN, ENTER)): Keys 'DOWN + ENTER + ' sent to object: 'Object Repository/FDR-Receipt/FDR-Receipt-DistributionLine/FDR-AddEdit-DistributionLine/fund_Code'

2020-09-18 11:48:07 - [MESSAGE][PASSED] - Keys 'DOWN + ENTER + ' sent to object: 'Object Repository/FDR-Receipt/FDR-Receipt-DistributionLine/FDR-AddEdit-DistributionLine/fund_Code'

2020-09-18 11:48:07 - [TEST_STEP][PASSED] - waitForElementPresent(findTestObject("FDR-Receipt/FDR-Receipt-DistributionLine/FDR-AddEdit-DistributionLine/fund_Ratio"), 10): Object 'Object Repository/FDR-Receipt/FDR-Receipt-DistributionLine/FDR-AddEdit-DistributionLine/fund_Ratio' is present

2020-09-18 11:48:07 - [MESSAGE][PASSED] - Object 'Object Repository/FDR-Receipt/FDR-Receipt-DistributionLine/FDR-AddEdit-DistributionLine/fund_Ratio' is present

2020-09-18 11:48:07 - [TEST_STEP][PASSED] - sendKeys(findTestObject("FDR-Receipt/FDR-Receipt-DistributionLine/FDR-AddEdit-DistributionLine/fund_Ratio"), Fundratio): Keys '5' sent to object: 'Object Repository/FDR-Receipt/FDR-Receipt-DistributionLine/FDR-AddEdit-DistributionLine/fund_Ratio'

2020-09-18 11:48:08 - [MESSAGE][PASSED] - Keys '5' sent to object: 'Object Repository/FDR-Receipt/FDR-Receipt-DistributionLine/FDR-AddEdit-DistributionLine/fund_Ratio'

2020-09-18 11:48:08 - [TEST_STEP][PASSED] - sendKeys(findTestObject("FDR-Receipt/FDR-Receipt-DistributionLine/FDR-AddEdit-DistributionLine/fund_Ratio"), Keys.chord(DOWN, ENTER)): Keys 'DOWN + ENTER + ' sent to object: 'Object Repository/FDR-Receipt/FDR-Receipt-DistributionLine/FDR-AddEdit-DistributionLine/fund_Ratio'

2020-09-18 11:48:08 - [MESSAGE][PASSED] - Keys 'DOWN + ENTER + ' sent to object: 'Object Repository/FDR-Receipt/FDR-Receipt-DistributionLine/FDR-AddEdit-DistributionLine/fund_Ratio'

2020-09-18 11:48:08 - [TEST_STEP][PASSED] - waitForElementPresent(findTestObject("FDR-Receipt/FDR-Receipt-DistributionLine/FDR-AddEdit-DistributionLine/non_Federalfund"), 10): Object 'Object Repository/FDR-Receipt/FDR-Receipt-DistributionLine/FDR-AddEdit-DistributionLine/non_Federalfund' is present

2020-09-18 11:48:09 - [MESSAGE][PASSED] - Object 'Object Repository/FDR-Receipt/FDR-Receipt-DistributionLine/FDR-AddEdit-DistributionLine/non_Federalfund' is present

2020-09-18 11:48:09 - [TEST_STEP][PASSED] - sendKeys(findTestObject("FDR-Receipt/FDR-Receipt-DistributionLine/FDR-AddEdit-DistributionLine/non_Federalfund"), Nonfederalfund): Keys '0001' sent to object: 'Object Repository/FDR-Receipt/FDR-Receipt-DistributionLine/FDR-AddEdit-DistributionLine/non_Federalfund'

2020-09-18 11:48:09 - [MESSAGE][PASSED] - Keys '0001' sent to object: 'Object Repository/FDR-Receipt/FDR-Receipt-DistributionLine/FDR-AddEdit-DistributionLine/non_Federalfund'

2020-09-18 11:48:09 - [TEST_STEP][PASSED] - sendKeys(findTestObject("FDR-Receipt/FDR-Receipt-DistributionLine/FDR-AddEdit-DistributionLine/non_Federalfund"), Keys.chord(DOWN, ENTER)): Keys 'DOWN + ENTER + ' sent to object: 'Object Repository/FDR-Receipt/FDR-Receipt-DistributionLine/FDR-AddEdit-DistributionLine/non_Federalfund'

2020-09-18 11:48:10 - [MESSAGE][PASSED] - Keys 'DOWN + ENTER + ' sent to object: 'Object Repository/FDR-Receipt/FDR-Receipt-DistributionLine/FDR-AddEdit-DistributionLine/non_Federalfund'

2020-09-18 11:48:10 - [TEST_STEP][PASSED] - waitForElementPresent(findTestObject("FDR-Receipt/FDR-Receipt-DistributionLine/FDR-AddEdit-DistributionLine/input_Service location_serviceLocation"), 10): Object 'Object Repository/FDR-Receipt/FDR-Receipt-DistributionLine/FDR-AddEdit-DistributionLine/input_Service location_serviceLocation' is present

2020-09-18 11:48:10 - [MESSAGE][PASSED] - Object 'Object Repository/FDR-Receipt/FDR-Receipt-DistributionLine/FDR-AddEdit-DistributionLine/input_Service location_serviceLocation' is present

2020-09-18 11:48:10 - [TEST_STEP][PASSED] - sendKeys(findTestObject("FDR-Receipt/FDR-Receipt-DistributionLine/FDR-AddEdit-DistributionLine/input_Service location_serviceLocation"), Servicelocation): Keys '3445' sent to object: 'Object Repository/FDR-Receipt/FDR-Receipt-DistributionLine/FDR-AddEdit-DistributionLine/input_Service location_serviceLocation'

2020-09-18 11:48:11 - [MESSAGE][PASSED] - Keys '3445' sent to object: 'Object Repository/FDR-Receipt/FDR-Receipt-DistributionLine/FDR-AddEdit-DistributionLine/input_Service location_serviceLocation'

2020-09-18 11:48:11 - [TEST_STEP][PASSED] - sendKeys(findTestObject("FDR-Receipt/FDR-Receipt-DistributionLine/FDR-AddEdit-DistributionLine/input_Service location_serviceLocation"), Keys.chord(DOWN, ENTER)): Keys 'DOWN + ENTER + ' sent to object: 'Object Repository/FDR-Receipt/FDR-Receipt-DistributionLine/FDR-AddEdit-DistributionLine/input_Service location_serviceLocation'

2020-09-18 11:48:11 - [MESSAGE][PASSED] - Keys 'DOWN + ENTER + ' sent to object: 'Object Repository/FDR-Receipt/FDR-Receipt-DistributionLine/FDR-AddEdit-DistributionLine/input_Service location_serviceLocation'

2020-09-18 11:48:11 - [TEST_STEP][PASSED] - waitForElementPresent(findTestObject("FDR-Receipt/FDR-Receipt-DistributionLine/FDR-AddEdit-DistributionLine/Index"), 10): Object 'Object Repository/FDR-Receipt/FDR-Receipt-DistributionLine/FDR-AddEdit-DistributionLine/Index' is present

2020-09-18 11:48:11 - [MESSAGE][PASSED] - Object 'Object Repository/FDR-Receipt/FDR-Receipt-DistributionLine/FDR-AddEdit-DistributionLine/Index' is present

2020-09-18 11:48:11 - [TEST_STEP][PASSED] - sendKeys(findTestObject("FDR-Receipt/FDR-Receipt-DistributionLine/FDR-AddEdit-DistributionLine/Index"), Index): Keys '1155' sent to object: 'Object Repository/FDR-Receipt/FDR-Receipt-DistributionLine/FDR-AddEdit-DistributionLine/Index'

2020-09-18 11:48:12 - [MESSAGE][PASSED] - Keys '1155' sent to object: 'Object Repository/FDR-Receipt/FDR-Receipt-DistributionLine/FDR-AddEdit-DistributionLine/Index'

2020-09-18 11:48:12 - [TEST_STEP][PASSED] - sendKeys(findTestObject("FDR-Receipt/FDR-Receipt-DistributionLine/FDR-AddEdit-DistributionLine/Index"), Keys.chord(DOWN, ENTER)): Keys 'DOWN + ENTER + ' sent to object: 'Object Repository/FDR-Receipt/FDR-Receipt-DistributionLine/FDR-AddEdit-DistributionLine/Index'

2020-09-18 11:48:12 - [MESSAGE][PASSED] - Keys 'DOWN + ENTER + ' sent to object: 'Object Repository/FDR-Receipt/FDR-Receipt-DistributionLine/FDR-AddEdit-DistributionLine/Index'

2020-09-18 11:48:12 - [TEST_STEP][PASSED] - waitForElementPresent(findTestObject("FDR-Receipt/FDR-Receipt-DistributionLine/FDR-AddEdit-DistributionLine/program_Type"), 10): Object 'Object Repository/FDR-Receipt/FDR-Receipt-DistributionLine/FDR-AddEdit-DistributionLine/program_Type' is present

2020-09-18 11:48:13 - [MESSAGE][PASSED] - Object 'Object Repository/FDR-Receipt/FDR-Receipt-DistributionLine/FDR-AddEdit-DistributionLine/program_Type' is present

2020-09-18 11:48:13 - [TEST_STEP][PASSED] - sendKeys(findTestObject("FDR-Receipt/FDR-Receipt-DistributionLine/FDR-AddEdit-DistributionLine/program_Type"), Programtype): Keys 'Medical Assistance (MA)' sent to object: 'Object Repository/FDR-Receipt/FDR-Receipt-DistributionLine/FDR-AddEdit-DistributionLine/program_Type'

2020-09-18 11:48:13 - [MESSAGE][PASSED] - Keys 'Medical Assistance (MA)' sent to object: 'Object Repository/FDR-Receipt/FDR-Receipt-DistributionLine/FDR-AddEdit-DistributionLine/program_Type'

2020-09-18 11:48:13 - [TEST_STEP][PASSED] - sendKeys(findTestObject("FDR-Receipt/FDR-Receipt-DistributionLine/FDR-AddEdit-DistributionLine/program_Type"), Keys.chord(DOWN, ENTER)): Keys 'DOWN + ENTER + ' sent to object: 'Object Repository/FDR-Receipt/FDR-Receipt-DistributionLine/FDR-AddEdit-DistributionLine/program_Type'

2020-09-18 11:48:13 - [MESSAGE][PASSED] - Keys 'DOWN + ENTER + ' sent to object: 'Object Repository/FDR-Receipt/FDR-Receipt-DistributionLine/FDR-AddEdit-DistributionLine/program_Type'

2020-09-18 11:48:13 - [TEST_STEP][PASSED] - waitForElementPresent(findTestObject("FDR-Receipt/FDR-Receipt-DistributionLine/FDR-AddEdit-DistributionLine/service_Category"), 10): Object 'Object Repository/FDR-Receipt/FDR-Receipt-DistributionLine/FDR-AddEdit-DistributionLine/service_Category' is present

2020-09-18 11:48:14 - [MESSAGE][PASSED] - Object 'Object Repository/FDR-Receipt/FDR-Receipt-DistributionLine/FDR-AddEdit-DistributionLine/service_Category' is present

2020-09-18 11:48:14 - [TEST_STEP][PASSED] - sendKeys(findTestObject("FDR-Receipt/FDR-Receipt-DistributionLine/FDR-AddEdit-DistributionLine/service_Category"), Servicecategory): Keys '18B1' sent to object: 'Object Repository/FDR-Receipt/FDR-Receipt-DistributionLine/FDR-AddEdit-DistributionLine/service_Category'

2020-09-18 11:48:14 - [MESSAGE][PASSED] - Keys '18B1' sent to object: 'Object Repository/FDR-Receipt/FDR-Receipt-DistributionLine/FDR-AddEdit-DistributionLine/service_Category'

2020-09-18 11:48:14 - [TEST_STEP][PASSED] - sendKeys(findTestObject("FDR-Receipt/FDR-Receipt-DistributionLine/FDR-AddEdit-DistributionLine/service_Category"), Keys.chord(DOWN, ENTER)): Keys 'DOWN + ENTER + ' sent to object: 'Object Repository/FDR-Receipt/FDR-Receipt-DistributionLine/FDR-AddEdit-DistributionLine/service_Category'

2020-09-18 11:48:15 - [MESSAGE][PASSED] - Keys 'DOWN + ENTER + ' sent to object: 'Object Repository/FDR-Receipt/FDR-Receipt-DistributionLine/FDR-AddEdit-DistributionLine/service_Category'

2020-09-18 11:48:15 - [TEST_STEP][PASSED] - waitForElementPresent(findTestObject("FDR-Receipt/FDR-Receipt-DistributionLine/FDR-AddEdit-DistributionLine/increaseDecreaseLine"), 10): Object 'Object Repository/FDR-Receipt/FDR-Receipt-DistributionLine/FDR-AddEdit-DistributionLine/increaseDecreaseLine' is present

2020-09-18 11:48:15 - [MESSAGE][PASSED] - Object 'Object Repository/FDR-Receipt/FDR-Receipt-DistributionLine/FDR-AddEdit-DistributionLine/increaseDecreaseLine' is present

2020-09-18 11:48:15 - [TEST_STEP][PASSED] - sendKeys(findTestObject("FDR-Receipt/FDR-Receipt-DistributionLine/FDR-AddEdit-DistributionLine/increaseDecreaseLine"), IncreaseDecreaseLine): Keys '10b: Receipts or any decrease' sent to object: 'Object Repository/FDR-Receipt/FDR-Receipt-DistributionLine/FDR-AddEdit-DistributionLine/increaseDecreaseLine'

2020-09-18 11:48:16 - [MESSAGE][PASSED] - Keys '10b: Receipts or any decrease' sent to object: 'Object Repository/FDR-Receipt/FDR-Receipt-DistributionLine/FDR-AddEdit-DistributionLine/increaseDecreaseLine'

2020-09-18 11:48:16 - [TEST_STEP][PASSED] - sendKeys(findTestObject("FDR-Receipt/FDR-Receipt-DistributionLine/FDR-AddEdit-DistributionLine/increaseDecreaseLine"), Keys.chord(ARROW_DOWN, ENTER)): Keys 'DOWN + ENTER + ' sent to object: 'Object Repository/FDR-Receipt/FDR-Receipt-DistributionLine/FDR-AddEdit-DistributionLine/increaseDecreaseLine'

2020-09-18 11:48:16 - [MESSAGE][PASSED] - Keys 'DOWN + ENTER + ' sent to object: 'Object Repository/FDR-Receipt/FDR-Receipt-DistributionLine/FDR-AddEdit-DistributionLine/increaseDecreaseLine'

2020-09-18 11:48:16 - [TEST_STEP][PASSED] - waitForElementPresent(findTestObject("FDR-Receipt/FDR-Receipt-DistributionLine/FDR-AddEdit-DistributionLine/input_accountId"), 2, STOP_ON_FAILURE): Object 'Object Repository/FDR-Receipt/FDR-Receipt-DistributionLine/FDR-AddEdit-DistributionLine/input_accountId' is present

2020-09-18 11:48:17 - [MESSAGE][PASSED] - Object 'Object Repository/FDR-Receipt/FDR-Receipt-DistributionLine/FDR-AddEdit-DistributionLine/input_accountId' is present

2020-09-18 11:48:17 - [TEST_STEP][PASSED] - sendKeys(findTestObject("FDR-Receipt/FDR-Receipt-DistributionLine/FDR-AddEdit-DistributionLine/input_accountId"), accountId + Keys.chord(ARROW_DOWN, ENTER)): Keys 'DOWN + ENTER + 5432000' sent to object: 'Object Repository/FDR-Receipt/FDR-Receipt-DistributionLine/FDR-AddEdit-DistributionLine/input_accountId'

2020-09-18 11:48:17 - [MESSAGE][PASSED] - Keys 'DOWN + ENTER + 5432000' sent to object: 'Object Repository/FDR-Receipt/FDR-Receipt-DistributionLine/FDR-AddEdit-DistributionLine/input_accountId'

2020-09-18 11:48:17 - [TEST_STEP][PASSED] - waitForElementPresent(findTestObject("FDR-Receipt/FDR-Receipt-DistributionLine/FDR-AddEdit-DistributionLine/input_altAccountId"), 2, STOP_ON_FAILURE): Object 'Object Repository/FDR-Receipt/FDR-Receipt-DistributionLine/FDR-AddEdit-DistributionLine/input_altAccountId' is present

2020-09-18 11:48:18 - [MESSAGE][PASSED] - Object 'Object Repository/FDR-Receipt/FDR-Receipt-DistributionLine/FDR-AddEdit-DistributionLine/input_altAccountId' is present

2020-09-18 11:48:18 - [TEST_STEP][PASSED] - sendKeys(findTestObject("FDR-Receipt/FDR-Receipt-DistributionLine/FDR-AddEdit-DistributionLine/input_altAccountId"), altAccountId): Keys '5432000019' sent to object: 'Object Repository/FDR-Receipt/FDR-Receipt-DistributionLine/FDR-AddEdit-DistributionLine/input_altAccountId'

2020-09-18 11:48:18 - [MESSAGE][PASSED] - Keys '5432000019' sent to object: 'Object Repository/FDR-Receipt/FDR-Receipt-DistributionLine/FDR-AddEdit-DistributionLine/input_altAccountId'

2020-09-18 11:48:18 - [TEST_STEP][PASSED] - sendKeys(findTestObject("FDR-Receipt/FDR-Receipt-DistributionLine/FDR-AddEdit-DistributionLine/input_altAccountId"), Keys.chord(ARROW_DOWN, ENTER)): Keys 'DOWN + ENTER + ' sent to object: 'Object Repository/FDR-Receipt/FDR-Receipt-DistributionLine/FDR-AddEdit-DistributionLine/input_altAccountId'

2020-09-18 11:48:19 - [MESSAGE][PASSED] - Keys 'DOWN + ENTER + ' sent to object: 'Object Repository/FDR-Receipt/FDR-Receipt-DistributionLine/FDR-AddEdit-DistributionLine/input_altAccountId'

2020-09-18 11:48:19 - [TEST_STEP][PASSED] - waitForElementPresent(findTestObject("FDR-Receipt/FDR-Receipt-DistributionLine/FDR-AddEdit-DistributionLine/saveCloseButton"), 5): Object 'Object Repository/FDR-Receipt/FDR-Receipt-DistributionLine/FDR-AddEdit-DistributionLine/saveCloseButton' is present

2020-09-18 11:48:19 - [MESSAGE][PASSED] - Object 'Object Repository/FDR-Receipt/FDR-Receipt-DistributionLine/FDR-AddEdit-DistributionLine/saveCloseButton' is present

2020-09-18 11:48:19 - [TEST_STEP][PASSED] - click(findTestObject("FDR-Receipt/FDR-Receipt-DistributionLine/FDR-AddEdit-DistributionLine/saveCloseButton"), STOP_ON_FAILURE): Object: 'Object Repository/FDR-Receipt/FDR-Receipt-DistributionLine/FDR-AddEdit-DistributionLine/saveCloseButton' is clicked on

2020-09-18 11:48:20 - [MESSAGE][PASSED] - Object: 'Object Repository/FDR-Receipt/FDR-Receipt-DistributionLine/FDR-AddEdit-DistributionLine/saveCloseButton' is clicked on

2020-09-18 11:48:20 - [TEST_STEP][PASSED] - waitForElementPresent(findTestObject("FDR-Receipt/FDR-Receipt-Checkline/View/deposit_Control_Amount"), 5): Object 'Object Repository/FDR-Receipt/FDR-Receipt-Checkline/View/deposit_Control_Amount' is present

2020-09-18 11:48:21 - [MESSAGE][PASSED] - Object 'Object Repository/FDR-Receipt/FDR-Receipt-Checkline/View/deposit_Control_Amount' is present

2020-09-18 11:48:21 - [TEST_STEP][PASSED] - Receipttotalaftaddwith$ = getText(findTestObject("FDR-Receipt/FDR-Receipt-Checkline/View/deposit_Control_Amount")): Text of object 'Object Repository/FDR-Receipt/FDR-Receipt-Checkline/View/deposit_Control_Amount' is: '$2,500.00'

2020-09-18 11:48:21 - [MESSAGE][PASSED] - Text of object 'Object Repository/FDR-Receipt/FDR-Receipt-Checkline/View/deposit_Control_Amount' is: '$2,500.00'

2020-09-18 11:48:21 - [TEST_STEP][PASSED] - Receipttotalaftaddwithout$ = Receipttotalaftaddwith$.substring(1): null

2020-09-18 11:48:21 - [TEST_STEP][PASSED] - ReceipttotalaftaddwithoutComma = Receipttotalaftaddwithout$.replaceAll(",", ""): null

2020-09-18 11:48:21 - [TEST_STEP][PASSED] - Recdeptotalaftreceiptlinseadded = Float.parseFloat(ReceipttotalaftaddwithoutComma): null

2020-09-18 11:48:21 - [TEST_STEP][PASSED] - println(Recdeptotalaftreceiptlinseadded): null

2020-09-18 11:48:21 - [TEST_STEP][PASSED] - waitForElementPresent(findTestObject("FDR-Receipt/FDR-Receipt-Checkline/View/receiptLine_Total"), 5): Object 'Object Repository/FDR-Receipt/FDR-Receipt-Checkline/View/receiptLine_Total' is present

2020-09-18 11:48:21 - [MESSAGE][PASSED] - Object 'Object Repository/FDR-Receipt/FDR-Receipt-Checkline/View/receiptLine_Total' is present

2020-09-18 11:48:21 - [TEST_STEP][PASSED] - Receiptlinetotalaftaddwith$ = getText(findTestObject("FDR-Receipt/FDR-Receipt-Checkline/View/receiptLine_Total")): Text of object 'Object Repository/FDR-Receipt/FDR-Receipt-Checkline/View/receiptLine_Total' is: '$2,500.00'

2020-09-18 11:48:22 - [MESSAGE][PASSED] - Text of object 'Object Repository/FDR-Receipt/FDR-Receipt-Checkline/View/receiptLine_Total' is: '$2,500.00'

2020-09-18 11:48:22 - [TEST_STEP][PASSED] - Receiptlinetotalaftaddwithout$ = Receiptlinetotalaftaddwith$.substring(1): null

2020-09-18 11:48:22 - [TEST_STEP][PASSED] - ReceiptlinetotalaftaddwithoutComma = Receiptlinetotalaftaddwithout$.replaceAll(",", ""): null

2020-09-18 11:48:22 - [TEST_STEP][PASSED] - Receiptlinetotal = Float.parseFloat(ReceiptlinetotalaftaddwithoutComma): null

2020-09-18 11:48:22 - [TEST_STEP][PASSED] - waitForElementPresent(findTestObject("FDR-Receipt/FDR-Receipt-DistributionLine/3dots/distributionLineHover"), 3): Object 'Object Repository/FDR-Receipt/FDR-Receipt-DistributionLine/3dots/distributionLineHover' is present

2020-09-18 11:48:22 - [MESSAGE][PASSED] - Object 'Object Repository/FDR-Receipt/FDR-Receipt-DistributionLine/3dots/distributionLineHover' is present

2020-09-18 11:48:22 - [TEST_STEP][PASSED] - mouseOver(findTestObject("FDR-Receipt/FDR-Receipt-DistributionLine/3dots/distributionLineHover")): Object: 'Object Repository/FDR-Receipt/FDR-Receipt-DistributionLine/3dots/distributionLineHover' is hovered

2020-09-18 11:48:22 - [MESSAGE][PASSED] - Object: 'Object Repository/FDR-Receipt/FDR-Receipt-DistributionLine/3dots/distributionLineHover' is hovered

2020-09-18 11:48:22 - [TEST_STEP][PASSED] - waitForElementPresent(findTestObject("FDR-Receipt/FDR-Receipt-DistributionLine/3dots/distributionLineHover"), 1): Object 'Object Repository/FDR-Receipt/FDR-Receipt-DistributionLine/3dots/distributionLineHover' is present

2020-09-18 11:48:23 - [MESSAGE][PASSED] - Object 'Object Repository/FDR-Receipt/FDR-Receipt-DistributionLine/3dots/distributionLineHover' is present

2020-09-18 11:48:23 - [TEST_STEP][PASSED] - click(findTestObject("FDR-Receipt/FDR-Receipt-DistributionLine/3dots/editIconDistributionLine")): Object: 'Object Repository/FDR-Receipt/FDR-Receipt-DistributionLine/3dots/editIconDistributionLine' is clicked on

2020-09-18 11:48:23 - [MESSAGE][PASSED] - Object: 'Object Repository/FDR-Receipt/FDR-Receipt-DistributionLine/3dots/editIconDistributionLine' is clicked on

2020-09-18 11:48:23 - [TEST_STEP][PASSED] - waitForElementPresent(findTestObject("FDR-Receipt/FDR-Receipt-DistributionLine/FDR-AddEdit-DistributionLine/program_Type"), 4): Object 'Object Repository/FDR-Receipt/FDR-Receipt-DistributionLine/FDR-AddEdit-DistributionLine/program_Type' is not present after 4 second(s)

2020-09-18 11:48:28 - [MESSAGE][INFO] - Unable to find the element located by 'By.xpath: //input[@id='programTypeId']'. Please recheck the objects properties to make sure the desired element is located. 

2020-09-18 11:48:28 - [MESSAGE][WARNING] - Object 'Object Repository/FDR-Receipt/FDR-Receipt-DistributionLine/FDR-AddEdit-DistributionLine/program_Type' is not present after 4 second(s)

2020-09-18 11:48:28 - [TEST_STEP][PASSED] - click(findTestObject("FDR-Receipt/FDR-Receipt-DistributionLine/Delete/Delete-distributionline")): Object: 'Object Repository/FDR-Receipt/FDR-Receipt-DistributionLine/Delete/Delete-distributionline' is clicked on

2020-09-18 11:48:28 - [MESSAGE][PASSED] - Object: 'Object Repository/FDR-Receipt/FDR-Receipt-DistributionLine/Delete/Delete-distributionline' is clicked on

2020-09-18 11:48:28 - [TEST_STEP][PASSED] - waitForElementPresent(findTestObject("FDR-Receipt/FDR-Receipt-Checkline/Delete/undoIcon"), 4): Object 'Object Repository/FDR-Receipt/FDR-Receipt-Checkline/Delete/undoIcon' is present

2020-09-18 11:48:29 - [MESSAGE][PASSED] - Object 'Object Repository/FDR-Receipt/FDR-Receipt-Checkline/Delete/undoIcon' is present

2020-09-18 11:48:29 - [TEST_STEP][PASSED] - click(findTestObject("FDR-Receipt/FDR-Receipt-Checkline/Delete/undoIcon")): Object: 'Object Repository/FDR-Receipt/FDR-Receipt-Checkline/Delete/undoIcon' is clicked on

2020-09-18 11:48:29 - [MESSAGE][PASSED] - Object: 'Object Repository/FDR-Receipt/FDR-Receipt-Checkline/Delete/undoIcon' is clicked on

2020-09-18 11:48:29 - [TEST_STEP][PASSED] - Start listener action : sampleAfterTestCase: Browser is closed

2020-09-18 11:48:29 - [TEST_STEP][PASSED] - profileName = getExecutionProfile(): null

2020-09-18 11:48:29 - [TEST_STEP][PASSED] - switch (profileName): null

2020-09-18 11:48:29 - [TEST_STEP][PASSED] - if (!(skipBeforeAndAfterTestCase)): Browser is closed

2020-09-18 11:48:29 - [TEST_STEP][PASSED] - Uifunctions.logoutFDR(): Browser is closed

2020-09-18 11:48:30 - [MESSAGE][PASSED] - Browser is closed

2020-09-18 11:48:30 - [TEST_STEP][PASSED] - Start listener action : afterTestCase: null

2020-09-18 11:48:30 - [TEST_STEP][PASSED] - profileName = getExecutionProfile(): null

2020-09-18 11:48:30 - [TEST_STEP][PASSED] - if (profileName.equalsIgnoreCase("SysAdmin")): null

2020-09-18 11:48:30 - [TEST_STEP][PASSED] - Start listener action : sampleAfterTestCase: null

2020-09-18 11:48:30 - [TEST_STEP][PASSED] - profileName = getExecutionProfile(): null

2020-09-18 11:48:30 - [TEST_STEP][PASSED] - switch (profileName): null

2020-09-18 11:48:30 - [TEST_STEP][PASSED] - Default: null

2020-09-18 11:48:30 - [TEST_STEP][PASSED] - return null: null

2020-09-18 11:48:30 - [TEST_STEP][PASSED] - Start listener action : addFailedTCToList: null]]></system-out>
         <system-err><![CDATA[]]></system-err>
      </testcase>
      <testcase name="Test Cases/WEB-UI-TESTS/Receipt/FDR-Validate-Account-AltAccount-0555" time="47.819" classname="Test Cases/WEB-UI-TESTS/Receipt/FDR-Validate-Account-AltAccount-0555" status="PASSED">
         <system-out><![CDATA[2020-09-18 11:48:30 - [TEST_CASE][PASSED] - Test Cases/WEB-UI-TESTS/Receipt/FDR-Validate-Account-AltAccount-0555: Test Cases/WEB-UI-TESTS/Receipt/FDR-Validate-Account-AltAccount-0555

2020-09-18 11:48:30 - [TEST_STEP][PASSED] - Start listener action : sampleBeforeTestCase: Navigate to 'https://fdr-katalon.cammis-mod-dev.dhcs.ca.gov' successfully

2020-09-18 11:48:30 - [TEST_STEP][PASSED] - profileName = getExecutionProfile(): null

2020-09-18 11:48:30 - [TEST_STEP][PASSED] - switch (profileName): null

2020-09-18 11:48:30 - [TEST_STEP][PASSED] - testCaseId = testCaseContext.getTestCaseId(): null

2020-09-18 11:48:30 - [TEST_STEP][PASSED] - if (!(skipBeforeAndAfterTestCase)): Navigate to 'https://fdr-katalon.cammis-mod-dev.dhcs.ca.gov' successfully

2020-09-18 11:48:30 - [TEST_STEP][PASSED] - if (account7TestCases.contains(testCaseId)): null

2020-09-18 11:48:30 - [TEST_STEP][PASSED] - else if (account10TestCases.contains(testCaseId)): null

2020-09-18 11:48:30 - [TEST_STEP][PASSED] - else: Object: 'Object Repository/FDR-SignIn/SignInButton' is clicked on

2020-09-18 11:48:30 - [TEST_STEP][PASSED] - Uifunctions.loginFDR(accountsApprover, accountsApproverPwd): Object: 'Object Repository/FDR-SignIn/SignInButton' is clicked on

2020-09-18 11:48:30 - [MESSAGE][INFO] - Starting 'Chrome' driver

2020-09-18 11:48:30 - [MESSAGE][INFO] - Action delay is set to 0 milliseconds

2020-09-18 11:48:33 - [MESSAGE][PASSED] - Browser is opened with url: ''

2020-09-18 11:48:35 - [MESSAGE][PASSED] - Current window maximized

2020-09-18 11:48:36 - [MESSAGE][PASSED] - Navigate to 'https://fdr-katalon.cammis-mod-dev.dhcs.ca.gov' successfully

2020-09-18 11:48:37 - [MESSAGE][PASSED] - Object 'Object Repository/FDR-SignIn/SignInEmail' is present

2020-09-18 11:48:38 - [MESSAGE][PASSED] - Object: 'Object Repository/FDR-SignIn/SignInEmail' is clicked on

2020-09-18 11:48:38 - [MESSAGE][PASSED] - Object 'Object Repository/FDR-SignIn/SignInEmail' is present

2020-09-18 11:48:39 - [MESSAGE][PASSED] - Text 'fdr.test3@dhcs.ca.gov' is set on object 'Object Repository/FDR-SignIn/SignInEmail'

2020-09-18 11:48:39 - [MESSAGE][PASSED] - Object 'Object Repository/FDR-SignIn/SignInEmailNext' is visible

2020-09-18 11:48:39 - [MESSAGE][PASSED] - Object: 'Object Repository/FDR-SignIn/SignInEmailNext' is clicked on

2020-09-18 11:48:42 - [MESSAGE][PASSED] - Object 'Object Repository/FDR-SignIn/SignInEmailPassword' is visible

2020-09-18 11:48:43 - [MESSAGE][PASSED] - Object: 'Object Repository/FDR-SignIn/SignInEmailPassword' is clicked on

2020-09-18 11:48:43 - [MESSAGE][PASSED] - Text ****** has been set on object 'Object Repository/FDR-SignIn/SignInEmailPassword'

2020-09-18 11:48:44 - [MESSAGE][PASSED] - Object: 'Object Repository/FDR-SignIn/SignInButton' is clicked on

2020-09-18 11:48:44 - [TEST_STEP][PASSED] - navigateToUrl(URL): Navigate to 'https://fdr-katalon.cammis-mod-dev.dhcs.ca.gov' successfully

2020-09-18 11:48:45 - [MESSAGE][PASSED] - Navigate to 'https://fdr-katalon.cammis-mod-dev.dhcs.ca.gov' successfully

2020-09-18 11:48:45 - [TEST_STEP][PASSED] - Start listener action : beforeTestCase: null

2020-09-18 11:48:45 - [TEST_STEP][PASSED] - profileName = getExecutionProfile(): null

2020-09-18 11:48:45 - [TEST_STEP][PASSED] - if (profileName.equalsIgnoreCase("SysAdmin")): null

2020-09-18 11:48:45 - [TEST_STEP][PASSED] - Start listener action : sampleBeforeTestCase: null

2020-09-18 11:48:45 - [TEST_STEP][PASSED] - profileName = getExecutionProfile(): null

2020-09-18 11:48:45 - [TEST_STEP][PASSED] - testCaseId = testCaseContext.getTestCaseId(): null

2020-09-18 11:48:45 - [TEST_STEP][PASSED] - switch (profileName): null

2020-09-18 11:48:45 - [TEST_STEP][PASSED] - Default: null

2020-09-18 11:48:45 - [TEST_STEP][PASSED] - return null: null

2020-09-18 11:48:45 - [TEST_STEP][PASSED] - Start listener action : executeRows: null

2020-09-18 11:48:45 - [TEST_STEP][PASSED] - d = Date().plus(1): null

2020-09-18 11:48:45 - [TEST_STEP][PASSED] - dd = Date().plus(2): null

2020-09-18 11:48:45 - [TEST_STEP][PASSED] - servicedatefrom = d.format("MM/dd/yyyy"): null

2020-09-18 11:48:45 - [TEST_STEP][PASSED] - servicedateto = dd.format("MM/dd/yyyy"): null

2020-09-18 11:48:45 - [TEST_STEP][PASSED] - originalwarrantdate = dd.format("MM/dd/yyyy"): null

2020-09-18 11:48:45 - [TEST_STEP][PASSED] - newDepositId = RandomStringUtils.randomNumeric(7): null

2020-09-18 11:48:45 - [TEST_STEP][PASSED] - searchfield = RandomStringUtils.randomNumeric(7): null

2020-09-18 11:48:45 - [TEST_STEP][PASSED] - editors.createReceipt(Drawdate, Paydate, newDepositId, Receiptnotes): Object: 'Object Repository/FDR-Receipt/FDR-Receipt-Header/View/buttonNext' is clicked on

2020-09-18 11:48:50 - [MESSAGE][INFO] - Unable to find the element located by 'By.xpath: //*[@data-id='button-link']//*[contains(text(),'Create New Voucher')]'. Please recheck the objects properties to make sure the desired element is located. 

2020-09-18 11:48:50 - [MESSAGE][WARNING] - Object 'Object Repository/FDR-Dashboard/createNewVoucherButton' is not present after 4 second(s)

2020-09-18 11:48:50 - [MESSAGE][PASSED] - Object 'Object Repository/FDR-Receipt/FDR-Receipt-Dashboard/createNew_ReceiptBatch_Button' is present

2020-09-18 11:48:51 - [MESSAGE][PASSED] - Object: 'Object Repository/FDR-Receipt/FDR-Receipt-Dashboard/createNew_ReceiptBatch_Button' is clicked on

2020-09-18 11:48:51 - [MESSAGE][PASSED] - Object 'Object Repository/FDR-Receipt/FDR-Receipt-Header/View/inputDrawDate' is present

2020-09-18 11:48:52 - [MESSAGE][PASSED] - Text '09/30/2020' is set on object 'Object Repository/FDR-Receipt/FDR-Receipt-Header/View/inputDrawDate'

2020-09-18 11:48:53 - [MESSAGE][PASSED] - Keys 'TAB + ENTER + ENTER + ' sent to object: 'Object Repository/FDR-Receipt/FDR-Receipt-Header/View/inputDrawDate'

2020-09-18 11:48:54 - [MESSAGE][PASSED] - Object 'Object Repository/FDR-Receipt/FDR-Receipt-Header/Edit/payDate' is present

2020-09-18 11:48:55 - [MESSAGE][PASSED] - Text '10/02/2020' is set on object 'Object Repository/FDR-Receipt/FDR-Receipt-Header/Edit/payDate'

2020-09-18 11:48:55 - [MESSAGE][PASSED] - Object 'Object Repository/FDR-Receipt/FDR-Receipt-Header/View/deposit ID' is present

2020-09-18 11:48:56 - [MESSAGE][PASSED] - Text '8110577' is set on object 'Object Repository/FDR-Receipt/FDR-Receipt-Header/View/deposit ID'

2020-09-18 11:48:56 - [MESSAGE][PASSED] - Object 'Object Repository/FDR-Receipt/FDR-ReceiptBatch/receiptNotes' is present

2020-09-18 11:48:57 - [MESSAGE][PASSED] - Text 'rqewrq' is set on object 'Object Repository/FDR-Receipt/FDR-ReceiptBatch/receiptNotes'

2020-09-18 11:48:58 - [MESSAGE][PASSED] - Object 'Object Repository/FDR-Receipt/FDR-Receipt-Header/Edit/remmitanceAdviceInput' is present

2020-09-18 11:48:58 - [MESSAGE][PASSED] - Keys '' sent to object: 'Object Repository/FDR-Receipt/FDR-Receipt-Header/Edit/remmitanceAdviceInput'

2020-09-18 11:48:58 - [MESSAGE][PASSED] - Object 'Object Repository/FDR-Receipt/FDR-Receipt-Header/Edit/controllerReceiptInput' is present

2020-09-18 11:48:59 - [MESSAGE][PASSED] - Keys '' sent to object: 'Object Repository/FDR-Receipt/FDR-Receipt-Header/Edit/controllerReceiptInput'

2020-09-18 11:48:59 - [MESSAGE][PASSED] - Object 'Object Repository/FDR-Receipt/FDR-Receipt-Header/View/buttonNext' is present

2020-09-18 11:49:00 - [MESSAGE][PASSED] - Object: 'Object Repository/FDR-Receipt/FDR-Receipt-Header/View/buttonNext' is clicked on

2020-09-18 11:49:00 - [TEST_STEP][PASSED] - editors.createReceiptline(ReceiptID, SupplierID, DepositDate): Object: 'Object Repository/FDR-Receipt/FDR-Receipt-Checkline/View/addReceipt_Button2' is clicked on

2020-09-18 11:49:01 - [MESSAGE][PASSED] - Object 'Object Repository/FDR-Receipt/FDR-Receipt-Checkline/View/receipt_ID' is present

2020-09-18 11:49:01 - [MESSAGE][PASSED] - Keys '11234556' sent to object: 'Object Repository/FDR-Receipt/FDR-Receipt-Checkline/View/receipt_ID'

2020-09-18 11:49:02 - [MESSAGE][PASSED] - Object 'Object Repository/FDR-Receipt/FDR-Receipt-Checkline/View/supplier_Id' is present

2020-09-18 11:49:02 - [MESSAGE][PASSED] - Object: 'Object Repository/FDR-Receipt/FDR-Receipt-Checkline/View/supplier_Id' is clicked on

2020-09-18 11:49:02 - [MESSAGE][PASSED] - Keys '0000007954' sent to object: 'Object Repository/FDR-Receipt/FDR-Receipt-Checkline/View/supplier_Id'

2020-09-18 11:49:03 - [MESSAGE][PASSED] - Keys 'DOWN + ENTER + ' sent to object: 'Object Repository/FDR-Receipt/FDR-Receipt-Checkline/View/supplier_Id'

2020-09-18 11:49:03 - [MESSAGE][PASSED] - Object 'Object Repository/FDR-Receipt/FDR-Receipt-Checkline/View/deposit_Date' is present

2020-09-18 11:49:04 - [MESSAGE][PASSED] - Keys '12/31/2019' sent to object: 'Object Repository/FDR-Receipt/FDR-Receipt-Checkline/View/deposit_Date'

2020-09-18 11:49:09 - [MESSAGE][INFO] - Unable to find the element located by 'By.xpath: //*[@data-id='button-link']//*[contains(text(),'Create New Voucher')]'. Please recheck the objects properties to make sure the desired element is located. 

2020-09-18 11:49:09 - [MESSAGE][WARNING] - Object 'Object Repository/FDR-Dashboard/createNewVoucherButton' is not present after 4 second(s)

2020-09-18 11:49:09 - [MESSAGE][PASSED] - Object 'Object Repository/FDR-Receipt/FDR-Receipt-Checkline/View/addReceipt_Button2' is present

2020-09-18 11:49:10 - [MESSAGE][PASSED] - Object: 'Object Repository/FDR-Receipt/FDR-Receipt-Checkline/View/addReceipt_Button2' is clicked on

2020-09-18 11:49:10 - [TEST_STEP][PASSED] - verifyElementClickable(findTestObject("FDR-Receipt/FDR-Receipt-DistributionLine/FDR-AddEdit-DistributionLine/arrow_Down"), STOP_ON_FAILURE): Object 'Object Repository/FDR-Receipt/FDR-Receipt-DistributionLine/FDR-AddEdit-DistributionLine/arrow_Down' is clickable

2020-09-18 11:49:10 - [MESSAGE][PASSED] - Object 'Object Repository/FDR-Receipt/FDR-Receipt-DistributionLine/FDR-AddEdit-DistributionLine/arrow_Down' is clickable

2020-09-18 11:49:10 - [TEST_STEP][PASSED] - click(findTestObject("FDR-Receipt/FDR-Receipt-DistributionLine/FDR-AddEdit-DistributionLine/arrow_Down"), STOP_ON_FAILURE): Object: 'Object Repository/FDR-Receipt/FDR-Receipt-DistributionLine/FDR-AddEdit-DistributionLine/arrow_Down' is clicked on

2020-09-18 11:49:10 - [MESSAGE][PASSED] - Object: 'Object Repository/FDR-Receipt/FDR-Receipt-DistributionLine/FDR-AddEdit-DistributionLine/arrow_Down' is clicked on

2020-09-18 11:49:10 - [TEST_STEP][PASSED] - waitForElementPresent(findTestObject("FDR-Receipt/FDR-Receipt-DistributionLine/FDR-AddEdit-DistributionLine/button_Add-Invoiceline"), 10): Object 'Object Repository/FDR-Receipt/FDR-Receipt-DistributionLine/FDR-AddEdit-DistributionLine/button_Add-Invoiceline' is present

2020-09-18 11:49:11 - [MESSAGE][PASSED] - Object 'Object Repository/FDR-Receipt/FDR-Receipt-DistributionLine/FDR-AddEdit-DistributionLine/button_Add-Invoiceline' is present

2020-09-18 11:49:11 - [TEST_STEP][PASSED] - scrollToElement(findTestObject("FDR-Receipt/FDR-Receipt-DistributionLine/FDR-AddEdit-DistributionLine/button_Add-Invoiceline"), 3): Scroll to object 'Object Repository/FDR-Receipt/FDR-Receipt-DistributionLine/FDR-AddEdit-DistributionLine/button_Add-Invoiceline' successfully

2020-09-18 11:49:12 - [MESSAGE][PASSED] - Scroll to object 'Object Repository/FDR-Receipt/FDR-Receipt-DistributionLine/FDR-AddEdit-DistributionLine/button_Add-Invoiceline' successfully

2020-09-18 11:49:12 - [TEST_STEP][PASSED] - verifyElementClickable(findTestObject("FDR-Receipt/FDR-Receipt-DistributionLine/FDR-AddEdit-DistributionLine/button_Add-Invoiceline"), STOP_ON_FAILURE): Object 'Object Repository/FDR-Receipt/FDR-Receipt-DistributionLine/FDR-AddEdit-DistributionLine/button_Add-Invoiceline' is clickable

2020-09-18 11:49:12 - [MESSAGE][PASSED] - Object 'Object Repository/FDR-Receipt/FDR-Receipt-DistributionLine/FDR-AddEdit-DistributionLine/button_Add-Invoiceline' is clickable

2020-09-18 11:49:12 - [TEST_STEP][PASSED] - click(findTestObject("FDR-Receipt/FDR-Receipt-DistributionLine/FDR-AddEdit-DistributionLine/button_Add-Invoiceline"), STOP_ON_FAILURE): Object: 'Object Repository/FDR-Receipt/FDR-Receipt-DistributionLine/FDR-AddEdit-DistributionLine/button_Add-Invoiceline' is clicked on

2020-09-18 11:49:12 - [MESSAGE][PASSED] - Object: 'Object Repository/FDR-Receipt/FDR-Receipt-DistributionLine/FDR-AddEdit-DistributionLine/button_Add-Invoiceline' is clicked on

2020-09-18 11:49:12 - [TEST_STEP][PASSED] - waitForElementPresent(findTestObject("FDR-Receipt/FDR-Receipt-DistributionLine/FDR-AddEdit-DistributionLine/invoice_Searchfield"), 10): Object 'Object Repository/FDR-Receipt/FDR-Receipt-DistributionLine/FDR-AddEdit-DistributionLine/invoice_Searchfield' is present

2020-09-18 11:49:13 - [MESSAGE][PASSED] - Object 'Object Repository/FDR-Receipt/FDR-Receipt-DistributionLine/FDR-AddEdit-DistributionLine/invoice_Searchfield' is present

2020-09-18 11:49:13 - [TEST_STEP][PASSED] - sendKeys(findTestObject("FDR-Receipt/FDR-Receipt-DistributionLine/FDR-AddEdit-DistributionLine/invoice_Searchfield"), searchfield): Keys '7889202' sent to object: 'Object Repository/FDR-Receipt/FDR-Receipt-DistributionLine/FDR-AddEdit-DistributionLine/invoice_Searchfield'

2020-09-18 11:49:13 - [MESSAGE][PASSED] - Keys '7889202' sent to object: 'Object Repository/FDR-Receipt/FDR-Receipt-DistributionLine/FDR-AddEdit-DistributionLine/invoice_Searchfield'

2020-09-18 11:49:13 - [TEST_STEP][PASSED] - click(findTestObject("FDR-Receipt/FDR-Receipt-DistributionLine/FDR-AddEdit-DistributionLine/button_Add_invoicemanually")): Object: 'Object Repository/FDR-Receipt/FDR-Receipt-DistributionLine/FDR-AddEdit-DistributionLine/button_Add_invoicemanually' is clicked on

2020-09-18 11:49:15 - [MESSAGE][PASSED] - Object: 'Object Repository/FDR-Receipt/FDR-Receipt-DistributionLine/FDR-AddEdit-DistributionLine/button_Add_invoicemanually' is clicked on

2020-09-18 11:49:15 - [TEST_STEP][PASSED] - waitForElementPresent(findTestObject("FDR-Receipt/FDR-Receipt-DistributionLine/FDR-AddEdit-DistributionLine/fund_Code"), 30): Object 'Object Repository/FDR-Receipt/FDR-Receipt-DistributionLine/FDR-AddEdit-DistributionLine/fund_Code' is present

2020-09-18 11:49:15 - [MESSAGE][PASSED] - Object 'Object Repository/FDR-Receipt/FDR-Receipt-DistributionLine/FDR-AddEdit-DistributionLine/fund_Code' is present

2020-09-18 11:49:15 - [TEST_STEP][PASSED] - sendKeys(findTestObject("FDR-Receipt/FDR-Receipt-DistributionLine/FDR-AddEdit-DistributionLine/fund_Code"), Fundcode): Keys 'Healthy Families Fund (0555)' sent to object: 'Object Repository/FDR-Receipt/FDR-Receipt-DistributionLine/FDR-AddEdit-DistributionLine/fund_Code'

2020-09-18 11:49:15 - [MESSAGE][PASSED] - Keys 'Healthy Families Fund (0555)' sent to object: 'Object Repository/FDR-Receipt/FDR-Receipt-DistributionLine/FDR-AddEdit-DistributionLine/fund_Code'

2020-09-18 11:49:15 - [TEST_STEP][PASSED] - sendKeys(findTestObject("FDR-Receipt/FDR-Receipt-DistributionLine/FDR-AddEdit-DistributionLine/fund_Code"), Keys.chord(DOWN, ENTER)): Keys 'DOWN + ENTER + ' sent to object: 'Object Repository/FDR-Receipt/FDR-Receipt-DistributionLine/FDR-AddEdit-DistributionLine/fund_Code'

2020-09-18 11:49:16 - [MESSAGE][PASSED] - Keys 'DOWN + ENTER + ' sent to object: 'Object Repository/FDR-Receipt/FDR-Receipt-DistributionLine/FDR-AddEdit-DistributionLine/fund_Code'

2020-09-18 11:49:16 - [TEST_STEP][PASSED] - waitForElementPresent(findTestObject("FDR-Receipt/FDR-Receipt-DistributionLine/FDR-AddEdit-DistributionLine/input_accountId"), 2, STOP_ON_FAILURE): Object 'Object Repository/FDR-Receipt/FDR-Receipt-DistributionLine/FDR-AddEdit-DistributionLine/input_accountId' is present

2020-09-18 11:49:16 - [MESSAGE][PASSED] - Object 'Object Repository/FDR-Receipt/FDR-Receipt-DistributionLine/FDR-AddEdit-DistributionLine/input_accountId' is present

2020-09-18 11:49:16 - [TEST_STEP][PASSED] - if (getText(findTestObject("FDR-Receipt/FDR-Receipt-DistributionLine/FDR-AddEdit-DistributionLine/input_accountId")) == accountId): Text of object 'Object Repository/FDR-Receipt/FDR-Receipt-DistributionLine/FDR-AddEdit-DistributionLine/input_accountId' is: ''

2020-09-18 11:49:17 - [MESSAGE][PASSED] - Text of object 'Object Repository/FDR-Receipt/FDR-Receipt-DistributionLine/FDR-AddEdit-DistributionLine/input_accountId' is: ''

2020-09-18 11:49:17 - [TEST_STEP][PASSED] - else: null

2020-09-18 11:49:17 - [TEST_STEP][PASSED] - OPTIONAL: null

2020-09-18 11:49:17 - [TEST_STEP][PASSED] - waitForElementPresent(findTestObject("FDR-Receipt/FDR-Receipt-DistributionLine/FDR-AddEdit-DistributionLine/input_altAccountId"), 2, STOP_ON_FAILURE): Object 'Object Repository/FDR-Receipt/FDR-Receipt-DistributionLine/FDR-AddEdit-DistributionLine/input_altAccountId' is present

2020-09-18 11:49:17 - [MESSAGE][PASSED] - Object 'Object Repository/FDR-Receipt/FDR-Receipt-DistributionLine/FDR-AddEdit-DistributionLine/input_altAccountId' is present

2020-09-18 11:49:17 - [TEST_STEP][PASSED] - if (getText(findTestObject("FDR-Receipt/FDR-Receipt-DistributionLine/FDR-AddEdit-DistributionLine/input_altAccountId")) == altAccountId): Text of object 'Object Repository/FDR-Receipt/FDR-Receipt-DistributionLine/FDR-AddEdit-DistributionLine/input_altAccountId' is: ''

2020-09-18 11:49:17 - [MESSAGE][PASSED] - Text of object 'Object Repository/FDR-Receipt/FDR-Receipt-DistributionLine/FDR-AddEdit-DistributionLine/input_altAccountId' is: ''

2020-09-18 11:49:17 - [TEST_STEP][PASSED] - else: null

2020-09-18 11:49:17 - [TEST_STEP][PASSED] - OPTIONAL: null

2020-09-18 11:49:17 - [TEST_STEP][PASSED] - Start listener action : sampleAfterTestCase: Browser is closed

2020-09-18 11:49:17 - [TEST_STEP][PASSED] - profileName = getExecutionProfile(): null

2020-09-18 11:49:17 - [TEST_STEP][PASSED] - switch (profileName): null

2020-09-18 11:49:17 - [TEST_STEP][PASSED] - if (!(skipBeforeAndAfterTestCase)): Browser is closed

2020-09-18 11:49:17 - [TEST_STEP][PASSED] - Uifunctions.logoutFDR(): Browser is closed

2020-09-18 11:49:18 - [MESSAGE][PASSED] - Browser is closed

2020-09-18 11:49:18 - [TEST_STEP][PASSED] - Start listener action : afterTestCase: null

2020-09-18 11:49:18 - [TEST_STEP][PASSED] - profileName = getExecutionProfile(): null

2020-09-18 11:49:18 - [TEST_STEP][PASSED] - if (profileName.equalsIgnoreCase("SysAdmin")): null

2020-09-18 11:49:18 - [TEST_STEP][PASSED] - Start listener action : sampleAfterTestCase: null

2020-09-18 11:49:18 - [TEST_STEP][PASSED] - profileName = getExecutionProfile(): null

2020-09-18 11:49:18 - [TEST_STEP][PASSED] - switch (profileName): null

2020-09-18 11:49:18 - [TEST_STEP][PASSED] - Default: null

2020-09-18 11:49:18 - [TEST_STEP][PASSED] - return null: null

2020-09-18 11:49:18 - [TEST_STEP][PASSED] - Start listener action : addFailedTCToList: null]]></system-out>
         <system-err><![CDATA[]]></system-err>
      </testcase>
      <testcase name="Test Cases/WEB-UI-TESTS/Receipt/FDR-Generate-Reports" time="30.815" classname="Test Cases/WEB-UI-TESTS/Receipt/FDR-Generate-Reports" status="PASSED">
         <system-out><![CDATA[2020-09-18 11:49:18 - [TEST_CASE][PASSED] - Test Cases/WEB-UI-TESTS/Receipt/FDR-Generate-Reports: Test Cases/WEB-UI-TESTS/Receipt/FDR-Generate-Reports

2020-09-18 11:49:18 - [TEST_STEP][PASSED] - Start listener action : sampleBeforeTestCase: Navigate to 'https://fdr-katalon.cammis-mod-dev.dhcs.ca.gov' successfully

2020-09-18 11:49:18 - [TEST_STEP][PASSED] - profileName = getExecutionProfile(): null

2020-09-18 11:49:18 - [TEST_STEP][PASSED] - switch (profileName): null

2020-09-18 11:49:18 - [TEST_STEP][PASSED] - testCaseId = testCaseContext.getTestCaseId(): null

2020-09-18 11:49:18 - [TEST_STEP][PASSED] - if (!(skipBeforeAndAfterTestCase)): Navigate to 'https://fdr-katalon.cammis-mod-dev.dhcs.ca.gov' successfully

2020-09-18 11:49:18 - [TEST_STEP][PASSED] - if (account7TestCases.contains(testCaseId)): null

2020-09-18 11:49:18 - [TEST_STEP][PASSED] - else if (account10TestCases.contains(testCaseId)): null

2020-09-18 11:49:18 - [TEST_STEP][PASSED] - else: Object: 'Object Repository/FDR-SignIn/SignInButton' is clicked on

2020-09-18 11:49:18 - [TEST_STEP][PASSED] - Uifunctions.loginFDR(accountsApprover, accountsApproverPwd): Object: 'Object Repository/FDR-SignIn/SignInButton' is clicked on

2020-09-18 11:49:18 - [MESSAGE][INFO] - Starting 'Chrome' driver

2020-09-18 11:49:18 - [MESSAGE][INFO] - Action delay is set to 0 milliseconds

2020-09-18 11:49:21 - [MESSAGE][PASSED] - Browser is opened with url: ''

2020-09-18 11:49:23 - [MESSAGE][PASSED] - Current window maximized

2020-09-18 11:49:25 - [MESSAGE][PASSED] - Navigate to 'https://fdr-katalon.cammis-mod-dev.dhcs.ca.gov' successfully

2020-09-18 11:49:26 - [MESSAGE][PASSED] - Object 'Object Repository/FDR-SignIn/SignInEmail' is present

2020-09-18 11:49:27 - [MESSAGE][PASSED] - Object: 'Object Repository/FDR-SignIn/SignInEmail' is clicked on

2020-09-18 11:49:27 - [MESSAGE][PASSED] - Object 'Object Repository/FDR-SignIn/SignInEmail' is present

2020-09-18 11:49:27 - [MESSAGE][PASSED] - Text 'fdr.test3@dhcs.ca.gov' is set on object 'Object Repository/FDR-SignIn/SignInEmail'

2020-09-18 11:49:28 - [MESSAGE][PASSED] - Object 'Object Repository/FDR-SignIn/SignInEmailNext' is visible

2020-09-18 11:49:28 - [MESSAGE][PASSED] - Object: 'Object Repository/FDR-SignIn/SignInEmailNext' is clicked on

2020-09-18 11:49:31 - [MESSAGE][PASSED] - Object 'Object Repository/FDR-SignIn/SignInEmailPassword' is visible

2020-09-18 11:49:32 - [MESSAGE][PASSED] - Object: 'Object Repository/FDR-SignIn/SignInEmailPassword' is clicked on

2020-09-18 11:49:32 - [MESSAGE][PASSED] - Text ****** has been set on object 'Object Repository/FDR-SignIn/SignInEmailPassword'

2020-09-18 11:49:34 - [MESSAGE][PASSED] - Object: 'Object Repository/FDR-SignIn/SignInButton' is clicked on

2020-09-18 11:49:34 - [TEST_STEP][PASSED] - navigateToUrl(URL): Navigate to 'https://fdr-katalon.cammis-mod-dev.dhcs.ca.gov' successfully

2020-09-18 11:49:34 - [MESSAGE][PASSED] - Navigate to 'https://fdr-katalon.cammis-mod-dev.dhcs.ca.gov' successfully

2020-09-18 11:49:34 - [TEST_STEP][PASSED] - Start listener action : beforeTestCase: null

2020-09-18 11:49:34 - [TEST_STEP][PASSED] - profileName = getExecutionProfile(): null

2020-09-18 11:49:34 - [TEST_STEP][PASSED] - if (profileName.equalsIgnoreCase("SysAdmin")): null

2020-09-18 11:49:34 - [TEST_STEP][PASSED] - Start listener action : sampleBeforeTestCase: null

2020-09-18 11:49:34 - [TEST_STEP][PASSED] - profileName = getExecutionProfile(): null

2020-09-18 11:49:34 - [TEST_STEP][PASSED] - testCaseId = testCaseContext.getTestCaseId(): null

2020-09-18 11:49:34 - [TEST_STEP][PASSED] - switch (profileName): null

2020-09-18 11:49:34 - [TEST_STEP][PASSED] - Default: null

2020-09-18 11:49:34 - [TEST_STEP][PASSED] - return null: null

2020-09-18 11:49:34 - [TEST_STEP][PASSED] - Start listener action : executeRows: null

2020-09-18 11:49:34 - [TEST_STEP][PASSED] - waitForElementPresent(findTestObject("FDR-Receipt/FDR-Receipt-Dashboard/reportButton"), 2): Object 'Object Repository/FDR-Receipt/FDR-Receipt-Dashboard/reportButton' is present

2020-09-18 11:49:36 - [MESSAGE][PASSED] - Object 'Object Repository/FDR-Receipt/FDR-Receipt-Dashboard/reportButton' is present

2020-09-18 11:49:36 - [TEST_STEP][PASSED] - click(findTestObject("FDR-Receipt/FDR-Receipt-Dashboard/reportButton")): Object: 'Object Repository/FDR-Receipt/FDR-Receipt-Dashboard/reportButton' is clicked on

2020-09-18 11:49:37 - [MESSAGE][PASSED] - Object: 'Object Repository/FDR-Receipt/FDR-Receipt-Dashboard/reportButton' is clicked on

2020-09-18 11:49:37 - [TEST_STEP][PASSED] - waitForElementPresent(findTestObject("FDR-Receipt/FDR-Report-Generation/FDR-Report-Dashboard/receiptTransactionRequests"), 5, STOP_ON_FAILURE): Object 'Object Repository/FDR-Receipt/FDR-Report-Generation/FDR-Report-Dashboard/receiptTransactionRequests' is present

2020-09-18 11:49:37 - [MESSAGE][PASSED] - Object 'Object Repository/FDR-Receipt/FDR-Report-Generation/FDR-Report-Dashboard/receiptTransactionRequests' is present

2020-09-18 11:49:37 - [TEST_STEP][PASSED] - click(findTestObject("FDR-Receipt/FDR-Report-Generation/FDR-Report-Dashboard/receiptTransactionRequests")): Object: 'Object Repository/FDR-Receipt/FDR-Report-Generation/FDR-Report-Dashboard/receiptTransactionRequests' is clicked on

2020-09-18 11:49:38 - [MESSAGE][PASSED] - Object: 'Object Repository/FDR-Receipt/FDR-Report-Generation/FDR-Report-Dashboard/receiptTransactionRequests' is clicked on

2020-09-18 11:49:38 - [TEST_STEP][PASSED] - waitForElementPresent(findTestObject("FDR-Receipt/FDR-Receipt-Header/View/inputDrawDate"), 3, STOP_ON_FAILURE): Object 'Object Repository/FDR-Receipt/FDR-Receipt-Header/View/inputDrawDate' is present

2020-09-18 11:49:38 - [MESSAGE][PASSED] - Object 'Object Repository/FDR-Receipt/FDR-Receipt-Header/View/inputDrawDate' is present

2020-09-18 11:49:38 - [TEST_STEP][PASSED] - waitForElementClickable(findTestObject("FDR-Receipt/FDR-Report-Generation/FDR-Report-Dashboard/button_Cancel"), 3, STOP_ON_FAILURE): Object 'Object Repository/FDR-Receipt/FDR-Report-Generation/FDR-Report-Dashboard/button_Cancel' is clickable

2020-09-18 11:49:39 - [MESSAGE][PASSED] - Object 'Object Repository/FDR-Receipt/FDR-Report-Generation/FDR-Report-Dashboard/button_Cancel' is clickable

2020-09-18 11:49:39 - [TEST_STEP][PASSED] - click(findTestObject("FDR-Receipt/FDR-Report-Generation/FDR-Report-Dashboard/button_Cancel")): Object: 'Object Repository/FDR-Receipt/FDR-Report-Generation/FDR-Report-Dashboard/button_Cancel' is clicked on

2020-09-18 11:49:39 - [MESSAGE][PASSED] - Object: 'Object Repository/FDR-Receipt/FDR-Report-Generation/FDR-Report-Dashboard/button_Cancel' is clicked on

2020-09-18 11:49:39 - [TEST_STEP][PASSED] - waitForElementPresent(findTestObject("Object Repository/FDR-Receipt/FDR-Report-Generation/FDR-Report-Dashboard/FDR-Monthly-Receipts/monthlyReceiptLabel"), 3): Object 'Object Repository/FDR-Receipt/FDR-Report-Generation/FDR-Report-Dashboard/FDR-Monthly-Receipts/monthlyReceiptLabel' is present

2020-09-18 11:49:40 - [MESSAGE][PASSED] - Object 'Object Repository/FDR-Receipt/FDR-Report-Generation/FDR-Report-Dashboard/FDR-Monthly-Receipts/monthlyReceiptLabel' is present

2020-09-18 11:49:40 - [TEST_STEP][PASSED] - monthlyReceiptLabel = getText(findTestObject("Object Repository/FDR-Receipt/FDR-Report-Generation/FDR-Report-Dashboard/FDR-Monthly-Receipts/monthlyReceiptLabel")): Text of object 'Object Repository/FDR-Receipt/FDR-Report-Generation/FDR-Report-Dashboard/FDR-Monthly-Receipts/monthlyReceiptLabel' is: 'Monthly Receipt Report for Federal Reporting (Defined by Draw Date)'

2020-09-18 11:49:40 - [MESSAGE][PASSED] - Text of object 'Object Repository/FDR-Receipt/FDR-Report-Generation/FDR-Report-Dashboard/FDR-Monthly-Receipts/monthlyReceiptLabel' is: 'Monthly Receipt Report for Federal Reporting (Defined by Draw Date)'

2020-09-18 11:49:40 - [TEST_STEP][PASSED] - assert monthlyReceiptLabel == "Monthly Receipt Report for Federal Reporting (Defined by Draw Date)": null

2020-09-18 11:49:40 - [TEST_STEP][PASSED] - waitForElementPresent(findTestObject("Object Repository/FDR-Receipt/FDR-Report-Generation/FDR-Report-Dashboard/FDR-Monthly-Receipts/monthlyReceiptBtn"), 3): Object 'Object Repository/FDR-Receipt/FDR-Report-Generation/FDR-Report-Dashboard/FDR-Monthly-Receipts/monthlyReceiptBtn' is present

2020-09-18 11:49:40 - [MESSAGE][PASSED] - Object 'Object Repository/FDR-Receipt/FDR-Report-Generation/FDR-Report-Dashboard/FDR-Monthly-Receipts/monthlyReceiptBtn' is present

2020-09-18 11:49:40 - [TEST_STEP][PASSED] - click(findTestObject("Object Repository/FDR-Receipt/FDR-Report-Generation/FDR-Report-Dashboard/FDR-Monthly-Receipts/monthlyReceiptBtn")): Object: 'Object Repository/FDR-Receipt/FDR-Report-Generation/FDR-Report-Dashboard/FDR-Monthly-Receipts/monthlyReceiptBtn' is clicked on

2020-09-18 11:49:41 - [MESSAGE][PASSED] - Object: 'Object Repository/FDR-Receipt/FDR-Report-Generation/FDR-Report-Dashboard/FDR-Monthly-Receipts/monthlyReceiptBtn' is clicked on

2020-09-18 11:49:41 - [TEST_STEP][PASSED] - waitForElementPresent(findTestObject("Object Repository/FDR-Receipt/FDR-Report-Generation/FDR-Report-Dashboard/FDR-Monthly-Receipts/monthlyReceiptSummaryHeader"), 3): Object 'Object Repository/FDR-Receipt/FDR-Report-Generation/FDR-Report-Dashboard/FDR-Monthly-Receipts/monthlyReceiptSummaryHeader' is present

2020-09-18 11:49:41 - [MESSAGE][PASSED] - Object 'Object Repository/FDR-Receipt/FDR-Report-Generation/FDR-Report-Dashboard/FDR-Monthly-Receipts/monthlyReceiptSummaryHeader' is present

2020-09-18 11:49:41 - [TEST_STEP][PASSED] - waitForElementPresent(findTestObject("Object Repository/FDR-Receipt/FDR-Report-Generation/FDR-Report-Dashboard/FDR-Monthly-Receipts/monthDropdown"), 3): Object 'Object Repository/FDR-Receipt/FDR-Report-Generation/FDR-Report-Dashboard/FDR-Monthly-Receipts/monthDropdown' is present

2020-09-18 11:49:41 - [MESSAGE][PASSED] - Object 'Object Repository/FDR-Receipt/FDR-Report-Generation/FDR-Report-Dashboard/FDR-Monthly-Receipts/monthDropdown' is present

2020-09-18 11:49:41 - [TEST_STEP][PASSED] - click(findTestObject("Object Repository/FDR-Receipt/FDR-Report-Generation/FDR-Report-Dashboard/FDR-Monthly-Receipts/monthDropdown")): Object: 'Object Repository/FDR-Receipt/FDR-Report-Generation/FDR-Report-Dashboard/FDR-Monthly-Receipts/monthDropdown' is clicked on

2020-09-18 11:49:42 - [MESSAGE][PASSED] - Object: 'Object Repository/FDR-Receipt/FDR-Report-Generation/FDR-Report-Dashboard/FDR-Monthly-Receipts/monthDropdown' is clicked on

2020-09-18 11:49:42 - [TEST_STEP][PASSED] - waitForElementPresent(findTestObject("Object Repository/FDR-Receipt/FDR-Report-Generation/FDR-Report-Dashboard/FDR-Monthly-Receipts/monthOption"), 3): Object 'Object Repository/FDR-Receipt/FDR-Report-Generation/FDR-Report-Dashboard/FDR-Monthly-Receipts/monthOption' is present

2020-09-18 11:49:42 - [MESSAGE][PASSED] - Object 'Object Repository/FDR-Receipt/FDR-Report-Generation/FDR-Report-Dashboard/FDR-Monthly-Receipts/monthOption' is present

2020-09-18 11:49:42 - [TEST_STEP][PASSED] - click(findTestObject("Object Repository/FDR-Receipt/FDR-Report-Generation/FDR-Report-Dashboard/FDR-Monthly-Receipts/monthOption")): Object: 'Object Repository/FDR-Receipt/FDR-Report-Generation/FDR-Report-Dashboard/FDR-Monthly-Receipts/monthOption' is clicked on

2020-09-18 11:49:43 - [MESSAGE][PASSED] - Object: 'Object Repository/FDR-Receipt/FDR-Report-Generation/FDR-Report-Dashboard/FDR-Monthly-Receipts/monthOption' is clicked on

2020-09-18 11:49:43 - [TEST_STEP][PASSED] - waitForElementPresent(findTestObject("FDR-Receipt/FDR-Report-Generation/FDR-Report-Dashboard/button_backToDashboard"), 3, STOP_ON_FAILURE): Object 'Object Repository/FDR-Receipt/FDR-Report-Generation/FDR-Report-Dashboard/button_backToDashboard' is present

2020-09-18 11:49:43 - [MESSAGE][PASSED] - Object 'Object Repository/FDR-Receipt/FDR-Report-Generation/FDR-Report-Dashboard/button_backToDashboard' is present

2020-09-18 11:49:43 - [TEST_STEP][PASSED] - click(findTestObject("FDR-Receipt/FDR-Report-Generation/FDR-Report-Dashboard/button_backToDashboard")): Object: 'Object Repository/FDR-Receipt/FDR-Report-Generation/FDR-Report-Dashboard/button_backToDashboard' is clicked on

2020-09-18 11:49:43 - [MESSAGE][PASSED] - Object: 'Object Repository/FDR-Receipt/FDR-Report-Generation/FDR-Report-Dashboard/button_backToDashboard' is clicked on

2020-09-18 11:49:43 - [TEST_STEP][PASSED] - waitForElementPresent(findTestObject("Object Repository/FDR-Receipt/FDR-Report-Generation/FDR-Report-Dashboard/FDR-Daily-Processing-Receipts/dailyProcessingReceiptsLabel"), 3): Object 'Object Repository/FDR-Receipt/FDR-Report-Generation/FDR-Report-Dashboard/FDR-Daily-Processing-Receipts/dailyProcessingReceiptsLabel' is present

2020-09-18 11:49:44 - [MESSAGE][PASSED] - Object 'Object Repository/FDR-Receipt/FDR-Report-Generation/FDR-Report-Dashboard/FDR-Daily-Processing-Receipts/dailyProcessingReceiptsLabel' is present

2020-09-18 11:49:44 - [TEST_STEP][PASSED] - dailyReceiptLabel = getText(findTestObject("Object Repository/FDR-Receipt/FDR-Report-Generation/FDR-Report-Dashboard/FDR-Daily-Processing-Receipts/dailyProcessingReceiptsLabel")): Text of object 'Object Repository/FDR-Receipt/FDR-Report-Generation/FDR-Report-Dashboard/FDR-Daily-Processing-Receipts/dailyProcessingReceiptsLabel' is: 'Daily Receipt Report (Defined by Processing Date)'

2020-09-18 11:49:44 - [MESSAGE][PASSED] - Text of object 'Object Repository/FDR-Receipt/FDR-Report-Generation/FDR-Report-Dashboard/FDR-Daily-Processing-Receipts/dailyProcessingReceiptsLabel' is: 'Daily Receipt Report (Defined by Processing Date)'

2020-09-18 11:49:44 - [TEST_STEP][PASSED] - assert dailyReceiptLabel == "Daily Receipt Report (Defined by Processing Date)": null

2020-09-18 11:49:44 - [TEST_STEP][PASSED] - waitForElementPresent(findTestObject("Object Repository/FDR-Receipt/FDR-Report-Generation/FDR-Report-Dashboard/FDR-Daily-Processing-Receipts/dailyProcessingReceiptsBtn"), 1): Object 'Object Repository/FDR-Receipt/FDR-Report-Generation/FDR-Report-Dashboard/FDR-Daily-Processing-Receipts/dailyProcessingReceiptsBtn' is present

2020-09-18 11:49:45 - [MESSAGE][PASSED] - Object 'Object Repository/FDR-Receipt/FDR-Report-Generation/FDR-Report-Dashboard/FDR-Daily-Processing-Receipts/dailyProcessingReceiptsBtn' is present

2020-09-18 11:49:45 - [TEST_STEP][PASSED] - click(findTestObject("Object Repository/FDR-Receipt/FDR-Report-Generation/FDR-Report-Dashboard/FDR-Daily-Processing-Receipts/dailyProcessingReceiptsBtn")): Object: 'Object Repository/FDR-Receipt/FDR-Report-Generation/FDR-Report-Dashboard/FDR-Daily-Processing-Receipts/dailyProcessingReceiptsBtn' is clicked on

2020-09-18 11:49:45 - [MESSAGE][PASSED] - Object: 'Object Repository/FDR-Receipt/FDR-Report-Generation/FDR-Report-Dashboard/FDR-Daily-Processing-Receipts/dailyProcessingReceiptsBtn' is clicked on

2020-09-18 11:49:45 - [TEST_STEP][PASSED] - waitForElementPresent(findTestObject("Object Repository/FDR-Receipt/FDR-Report-Generation/FDR-Report-Dashboard/FDR-Daily-Processing-Receipts/dailyProcessingReceiptHeader"), 3): Object 'Object Repository/FDR-Receipt/FDR-Report-Generation/FDR-Report-Dashboard/FDR-Daily-Processing-Receipts/dailyProcessingReceiptHeader' is present

2020-09-18 11:49:45 - [MESSAGE][PASSED] - Object 'Object Repository/FDR-Receipt/FDR-Report-Generation/FDR-Report-Dashboard/FDR-Daily-Processing-Receipts/dailyProcessingReceiptHeader' is present

2020-09-18 11:49:45 - [TEST_STEP][PASSED] - waitForElementPresent(findTestObject("FDR-Receipt/FDR-Report-Generation/FDR-Report-Dashboard/button_backToDashboard"), 1, STOP_ON_FAILURE): Object 'Object Repository/FDR-Receipt/FDR-Report-Generation/FDR-Report-Dashboard/button_backToDashboard' is present

2020-09-18 11:49:46 - [MESSAGE][PASSED] - Object 'Object Repository/FDR-Receipt/FDR-Report-Generation/FDR-Report-Dashboard/button_backToDashboard' is present

2020-09-18 11:49:46 - [TEST_STEP][PASSED] - click(findTestObject("FDR-Receipt/FDR-Report-Generation/FDR-Report-Dashboard/button_backToDashboard")): Object: 'Object Repository/FDR-Receipt/FDR-Report-Generation/FDR-Report-Dashboard/button_backToDashboard' is clicked on

2020-09-18 11:49:46 - [MESSAGE][PASSED] - Object: 'Object Repository/FDR-Receipt/FDR-Report-Generation/FDR-Report-Dashboard/button_backToDashboard' is clicked on

2020-09-18 11:49:46 - [TEST_STEP][PASSED] - delay(2): Delayed 2 second(s)

2020-09-18 11:49:48 - [MESSAGE][PASSED] - Delayed 2 second(s)

2020-09-18 11:49:48 - [TEST_STEP][PASSED] - Start listener action : sampleAfterTestCase: Browser is closed

2020-09-18 11:49:48 - [TEST_STEP][PASSED] - profileName = getExecutionProfile(): null

2020-09-18 11:49:48 - [TEST_STEP][PASSED] - switch (profileName): null

2020-09-18 11:49:48 - [TEST_STEP][PASSED] - if (!(skipBeforeAndAfterTestCase)): Browser is closed

2020-09-18 11:49:48 - [TEST_STEP][PASSED] - Uifunctions.logoutFDR(): Browser is closed

2020-09-18 11:49:49 - [MESSAGE][PASSED] - Browser is closed

2020-09-18 11:49:49 - [TEST_STEP][PASSED] - Start listener action : afterTestCase: null

2020-09-18 11:49:49 - [TEST_STEP][PASSED] - profileName = getExecutionProfile(): null

2020-09-18 11:49:49 - [TEST_STEP][PASSED] - if (profileName.equalsIgnoreCase("SysAdmin")): null

2020-09-18 11:49:49 - [TEST_STEP][PASSED] - Start listener action : sampleAfterTestCase: null

2020-09-18 11:49:49 - [TEST_STEP][PASSED] - profileName = getExecutionProfile(): null

2020-09-18 11:49:49 - [TEST_STEP][PASSED] - switch (profileName): null

2020-09-18 11:49:49 - [TEST_STEP][PASSED] - Default: null

2020-09-18 11:49:49 - [TEST_STEP][PASSED] - return null: null

2020-09-18 11:49:49 - [TEST_STEP][PASSED] - Start listener action : addFailedTCToList: null]]></system-out>
         <system-err><![CDATA[]]></system-err>
      </testcase>
      <testcase name="Test Cases/WEB-UI-TESTS/Receipt/FDR-Search-Receipt" time="52.641" classname="Test Cases/WEB-UI-TESTS/Receipt/FDR-Search-Receipt" status="PASSED">
         <system-out><![CDATA[2020-09-18 11:49:49 - [TEST_CASE][PASSED] - Test Cases/WEB-UI-TESTS/Receipt/FDR-Search-Receipt: Test Cases/WEB-UI-TESTS/Receipt/FDR-Search-Receipt

2020-09-18 11:49:49 - [TEST_STEP][PASSED] - Start listener action : sampleBeforeTestCase: Navigate to 'https://fdr-katalon.cammis-mod-dev.dhcs.ca.gov' successfully

2020-09-18 11:49:49 - [TEST_STEP][PASSED] - profileName = getExecutionProfile(): null

2020-09-18 11:49:49 - [TEST_STEP][PASSED] - switch (profileName): null

2020-09-18 11:49:49 - [TEST_STEP][PASSED] - testCaseId = testCaseContext.getTestCaseId(): null

2020-09-18 11:49:49 - [TEST_STEP][PASSED] - if (!(skipBeforeAndAfterTestCase)): Navigate to 'https://fdr-katalon.cammis-mod-dev.dhcs.ca.gov' successfully

2020-09-18 11:49:49 - [TEST_STEP][PASSED] - if (account7TestCases.contains(testCaseId)): null

2020-09-18 11:49:49 - [TEST_STEP][PASSED] - else if (account10TestCases.contains(testCaseId)): null

2020-09-18 11:49:49 - [TEST_STEP][PASSED] - else: Object: 'Object Repository/FDR-SignIn/SignInButton' is clicked on

2020-09-18 11:49:49 - [TEST_STEP][PASSED] - Uifunctions.loginFDR(accountsApprover, accountsApproverPwd): Object: 'Object Repository/FDR-SignIn/SignInButton' is clicked on

2020-09-18 11:49:49 - [MESSAGE][INFO] - Starting 'Chrome' driver

2020-09-18 11:49:49 - [MESSAGE][INFO] - Action delay is set to 0 milliseconds

2020-09-18 11:49:52 - [MESSAGE][PASSED] - Browser is opened with url: ''

2020-09-18 11:49:54 - [MESSAGE][PASSED] - Current window maximized

2020-09-18 11:49:55 - [MESSAGE][PASSED] - Navigate to 'https://fdr-katalon.cammis-mod-dev.dhcs.ca.gov' successfully

2020-09-18 11:49:56 - [MESSAGE][PASSED] - Object 'Object Repository/FDR-SignIn/SignInEmail' is present

2020-09-18 11:49:57 - [MESSAGE][PASSED] - Object: 'Object Repository/FDR-SignIn/SignInEmail' is clicked on

2020-09-18 11:49:57 - [MESSAGE][PASSED] - Object 'Object Repository/FDR-SignIn/SignInEmail' is present

2020-09-18 11:49:57 - [MESSAGE][PASSED] - Text 'fdr.test3@dhcs.ca.gov' is set on object 'Object Repository/FDR-SignIn/SignInEmail'

2020-09-18 11:49:58 - [MESSAGE][PASSED] - Object 'Object Repository/FDR-SignIn/SignInEmailNext' is visible

2020-09-18 11:49:58 - [MESSAGE][PASSED] - Object: 'Object Repository/FDR-SignIn/SignInEmailNext' is clicked on

2020-09-18 11:50:01 - [MESSAGE][PASSED] - Object 'Object Repository/FDR-SignIn/SignInEmailPassword' is visible

2020-09-18 11:50:02 - [MESSAGE][PASSED] - Object: 'Object Repository/FDR-SignIn/SignInEmailPassword' is clicked on

2020-09-18 11:50:02 - [MESSAGE][PASSED] - Text ****** has been set on object 'Object Repository/FDR-SignIn/SignInEmailPassword'

2020-09-18 11:50:04 - [MESSAGE][PASSED] - Object: 'Object Repository/FDR-SignIn/SignInButton' is clicked on

2020-09-18 11:50:04 - [TEST_STEP][PASSED] - navigateToUrl(URL): Navigate to 'https://fdr-katalon.cammis-mod-dev.dhcs.ca.gov' successfully

2020-09-18 11:50:04 - [MESSAGE][PASSED] - Navigate to 'https://fdr-katalon.cammis-mod-dev.dhcs.ca.gov' successfully

2020-09-18 11:50:04 - [TEST_STEP][PASSED] - Start listener action : beforeTestCase: null

2020-09-18 11:50:04 - [TEST_STEP][PASSED] - profileName = getExecutionProfile(): null

2020-09-18 11:50:04 - [TEST_STEP][PASSED] - if (profileName.equalsIgnoreCase("SysAdmin")): null

2020-09-18 11:50:04 - [TEST_STEP][PASSED] - Start listener action : sampleBeforeTestCase: null

2020-09-18 11:50:04 - [TEST_STEP][PASSED] - profileName = getExecutionProfile(): null

2020-09-18 11:50:04 - [TEST_STEP][PASSED] - testCaseId = testCaseContext.getTestCaseId(): null

2020-09-18 11:50:04 - [TEST_STEP][PASSED] - switch (profileName): null

2020-09-18 11:50:04 - [TEST_STEP][PASSED] - Default: null

2020-09-18 11:50:04 - [TEST_STEP][PASSED] - return null: null

2020-09-18 11:50:04 - [TEST_STEP][PASSED] - Start listener action : executeRows: null

2020-09-18 11:50:04 - [TEST_STEP][PASSED] - waitForElementPresent(findTestObject("Object Repository/FDR-Receipt/FDR-Search-Receipt/searchBar"), 3): Object 'Object Repository/FDR-Receipt/FDR-Search-Receipt/searchBar' is present

2020-09-18 11:50:06 - [MESSAGE][PASSED] - Object 'Object Repository/FDR-Receipt/FDR-Search-Receipt/searchBar' is present

2020-09-18 11:50:06 - [TEST_STEP][PASSED] - click(findTestObject("Object Repository/FDR-Receipt/FDR-Search-Receipt/searchBar")): Object: 'Object Repository/FDR-Receipt/FDR-Search-Receipt/searchBar' is clicked on

2020-09-18 11:50:06 - [MESSAGE][PASSED] - Object: 'Object Repository/FDR-Receipt/FDR-Search-Receipt/searchBar' is clicked on

2020-09-18 11:50:06 - [TEST_STEP][PASSED] - setText(findTestObject("Object Repository/FDR-Receipt/FDR-Search-Receipt/searchBar"), depositId): Text '769' is set on object 'Object Repository/FDR-Receipt/FDR-Search-Receipt/searchBar'

2020-09-18 11:50:07 - [MESSAGE][PASSED] - Text '769' is set on object 'Object Repository/FDR-Receipt/FDR-Search-Receipt/searchBar'

2020-09-18 11:50:07 - [TEST_STEP][PASSED] - waitForElementPresent(findTestObject("Object Repository/FDR-Receipt/FDR-Search-Receipt/noMatchingTasks"), 2, STOP_ON_FAILURE): Object 'Object Repository/FDR-Receipt/FDR-Search-Receipt/noMatchingTasks' is present

2020-09-18 11:50:08 - [MESSAGE][PASSED] - Object 'Object Repository/FDR-Receipt/FDR-Search-Receipt/noMatchingTasks' is present

2020-09-18 11:50:08 - [TEST_STEP][PASSED] - setText(findTestObject("Object Repository/FDR-Receipt/FDR-Search-Receipt/searchBar"), ""): Text '' is set on object 'Object Repository/FDR-Receipt/FDR-Search-Receipt/searchBar'

2020-09-18 11:50:08 - [MESSAGE][PASSED] - Text '' is set on object 'Object Repository/FDR-Receipt/FDR-Search-Receipt/searchBar'

2020-09-18 11:50:08 - [TEST_STEP][PASSED] - refresh(): Refresh successfully

2020-09-18 11:50:09 - [MESSAGE][PASSED] - Refresh successfully

2020-09-18 11:50:09 - [TEST_STEP][PASSED] - waitForElementPresent(findTestObject("Object Repository/FDR-Receipt/FDR-Search-Receipt/searchBar"), 3): Object 'Object Repository/FDR-Receipt/FDR-Search-Receipt/searchBar' is present

2020-09-18 11:50:10 - [MESSAGE][PASSED] - Object 'Object Repository/FDR-Receipt/FDR-Search-Receipt/searchBar' is present

2020-09-18 11:50:10 - [TEST_STEP][PASSED] - click(findTestObject("Object Repository/FDR-Receipt/FDR-Search-Receipt/searchBar")): Object: 'Object Repository/FDR-Receipt/FDR-Search-Receipt/searchBar' is clicked on

2020-09-18 11:50:10 - [MESSAGE][PASSED] - Object: 'Object Repository/FDR-Receipt/FDR-Search-Receipt/searchBar' is clicked on

2020-09-18 11:50:10 - [TEST_STEP][PASSED] - setText(findTestObject("Object Repository/FDR-Receipt/FDR-Search-Receipt/searchBar"), drawDate): Text '01/13/2021' is set on object 'Object Repository/FDR-Receipt/FDR-Search-Receipt/searchBar'

2020-09-18 11:50:11 - [MESSAGE][PASSED] - Text '01/13/2021' is set on object 'Object Repository/FDR-Receipt/FDR-Search-Receipt/searchBar'

2020-09-18 11:50:11 - [TEST_STEP][PASSED] - waitForElementPresent(findTestObject("Object Repository/FDR-Receipt/FDR-Search-Receipt/noMatchingTasks"), 2, STOP_ON_FAILURE): Object 'Object Repository/FDR-Receipt/FDR-Search-Receipt/noMatchingTasks' is present

2020-09-18 11:50:12 - [MESSAGE][PASSED] - Object 'Object Repository/FDR-Receipt/FDR-Search-Receipt/noMatchingTasks' is present

2020-09-18 11:50:12 - [TEST_STEP][PASSED] - setText(findTestObject("Object Repository/FDR-Receipt/FDR-Search-Receipt/searchBar"), ""): Text '' is set on object 'Object Repository/FDR-Receipt/FDR-Search-Receipt/searchBar'

2020-09-18 11:50:13 - [MESSAGE][PASSED] - Text '' is set on object 'Object Repository/FDR-Receipt/FDR-Search-Receipt/searchBar'

2020-09-18 11:50:13 - [TEST_STEP][PASSED] - refresh(): Refresh successfully

2020-09-18 11:50:13 - [MESSAGE][PASSED] - Refresh successfully

2020-09-18 11:50:13 - [TEST_STEP][PASSED] - waitForElementPresent(findTestObject("Object Repository/FDR-Receipt/FDR-Search-Receipt/searchBar"), 3): Object 'Object Repository/FDR-Receipt/FDR-Search-Receipt/searchBar' is present

2020-09-18 11:50:14 - [MESSAGE][PASSED] - Object 'Object Repository/FDR-Receipt/FDR-Search-Receipt/searchBar' is present

2020-09-18 11:50:14 - [TEST_STEP][PASSED] - click(findTestObject("Object Repository/FDR-Receipt/FDR-Search-Receipt/searchBar")): Object: 'Object Repository/FDR-Receipt/FDR-Search-Receipt/searchBar' is clicked on

2020-09-18 11:50:14 - [MESSAGE][PASSED] - Object: 'Object Repository/FDR-Receipt/FDR-Search-Receipt/searchBar' is clicked on

2020-09-18 11:50:14 - [TEST_STEP][PASSED] - setText(findTestObject("Object Repository/FDR-Receipt/FDR-Search-Receipt/searchBar"), payDate): Text '01/15/2021' is set on object 'Object Repository/FDR-Receipt/FDR-Search-Receipt/searchBar'

2020-09-18 11:50:15 - [MESSAGE][PASSED] - Text '01/15/2021' is set on object 'Object Repository/FDR-Receipt/FDR-Search-Receipt/searchBar'

2020-09-18 11:50:15 - [TEST_STEP][PASSED] - waitForElementPresent(findTestObject("Object Repository/FDR-Receipt/FDR-Search-Receipt/noMatchingTasks"), 2, STOP_ON_FAILURE): Object 'Object Repository/FDR-Receipt/FDR-Search-Receipt/noMatchingTasks' is present

2020-09-18 11:50:16 - [MESSAGE][PASSED] - Object 'Object Repository/FDR-Receipt/FDR-Search-Receipt/noMatchingTasks' is present

2020-09-18 11:50:16 - [TEST_STEP][PASSED] - setText(findTestObject("Object Repository/FDR-Receipt/FDR-Search-Receipt/searchBar"), ""): Text '' is set on object 'Object Repository/FDR-Receipt/FDR-Search-Receipt/searchBar'

2020-09-18 11:50:17 - [MESSAGE][PASSED] - Text '' is set on object 'Object Repository/FDR-Receipt/FDR-Search-Receipt/searchBar'

2020-09-18 11:50:17 - [TEST_STEP][PASSED] - refresh(): Refresh successfully

2020-09-18 11:50:18 - [MESSAGE][PASSED] - Refresh successfully

2020-09-18 11:50:18 - [TEST_STEP][PASSED] - click(findTestObject("Object Repository/FDR-Receipt/FDR-Search-Receipt/searchBar")): Object: 'Object Repository/FDR-Receipt/FDR-Search-Receipt/searchBar' is clicked on

2020-09-18 11:50:18 - [MESSAGE][PASSED] - Object: 'Object Repository/FDR-Receipt/FDR-Search-Receipt/searchBar' is clicked on

2020-09-18 11:50:18 - [TEST_STEP][PASSED] - setText(findTestObject("Object Repository/FDR-Receipt/FDR-Search-Receipt/searchBar"), "resume"): Text 'resume' is set on object 'Object Repository/FDR-Receipt/FDR-Search-Receipt/searchBar'

2020-09-18 11:50:19 - [MESSAGE][PASSED] - Text 'resume' is set on object 'Object Repository/FDR-Receipt/FDR-Search-Receipt/searchBar'

2020-09-18 11:50:19 - [TEST_STEP][PASSED] - delay(4): Delayed 4 second(s)

2020-09-18 11:50:23 - [MESSAGE][PASSED] - Delayed 4 second(s)

2020-09-18 11:50:23 - [TEST_STEP][PASSED] - waitForElementPresent(findTestObject("Object Repository/FDR-Receipt/FDR-Search-Receipt/noMatchingTasks"), 2, STOP_ON_FAILURE): Object 'Object Repository/FDR-Receipt/FDR-Search-Receipt/noMatchingTasks' is present

2020-09-18 11:50:23 - [MESSAGE][PASSED] - Object 'Object Repository/FDR-Receipt/FDR-Search-Receipt/noMatchingTasks' is present

2020-09-18 11:50:23 - [TEST_STEP][PASSED] - setText(findTestObject("Object Repository/FDR-Receipt/FDR-Search-Receipt/searchBar"), ""): Text '' is set on object 'Object Repository/FDR-Receipt/FDR-Search-Receipt/searchBar'

2020-09-18 11:50:24 - [MESSAGE][PASSED] - Text '' is set on object 'Object Repository/FDR-Receipt/FDR-Search-Receipt/searchBar'

2020-09-18 11:50:24 - [TEST_STEP][PASSED] - refresh(): Refresh successfully

2020-09-18 11:50:24 - [MESSAGE][PASSED] - Refresh successfully

2020-09-18 11:50:24 - [TEST_STEP][PASSED] - click(findTestObject("Object Repository/FDR-Receipt/FDR-Search-Receipt/searchBar")): Object: 'Object Repository/FDR-Receipt/FDR-Search-Receipt/searchBar' is clicked on

2020-09-18 11:50:25 - [MESSAGE][PASSED] - Object: 'Object Repository/FDR-Receipt/FDR-Search-Receipt/searchBar' is clicked on

2020-09-18 11:50:25 - [TEST_STEP][PASSED] - setText(findTestObject("Object Repository/FDR-Receipt/FDR-Search-Receipt/searchBar"), "fix"): Text 'fix' is set on object 'Object Repository/FDR-Receipt/FDR-Search-Receipt/searchBar'

2020-09-18 11:50:26 - [MESSAGE][PASSED] - Text 'fix' is set on object 'Object Repository/FDR-Receipt/FDR-Search-Receipt/searchBar'

2020-09-18 11:50:26 - [TEST_STEP][PASSED] - waitForElementPresent(findTestObject("Object Repository/FDR-Receipt/FDR-Search-Receipt/noMatchingTasks"), 2, STOP_ON_FAILURE): Object 'Object Repository/FDR-Receipt/FDR-Search-Receipt/noMatchingTasks' is present

2020-09-18 11:50:27 - [MESSAGE][PASSED] - Object 'Object Repository/FDR-Receipt/FDR-Search-Receipt/noMatchingTasks' is present

2020-09-18 11:50:27 - [TEST_STEP][PASSED] - setText(findTestObject("Object Repository/FDR-Receipt/FDR-Search-Receipt/searchBar"), ""): Text '' is set on object 'Object Repository/FDR-Receipt/FDR-Search-Receipt/searchBar'

2020-09-18 11:50:28 - [MESSAGE][PASSED] - Text '' is set on object 'Object Repository/FDR-Receipt/FDR-Search-Receipt/searchBar'

2020-09-18 11:50:28 - [TEST_STEP][PASSED] - refresh(): Refresh successfully

2020-09-18 11:50:28 - [MESSAGE][PASSED] - Refresh successfully

2020-09-18 11:50:28 - [TEST_STEP][PASSED] - click(findTestObject("Object Repository/FDR-Receipt/FDR-Search-Receipt/buttonResume")): Object: 'Object Repository/FDR-Receipt/FDR-Search-Receipt/buttonResume' is clicked on

2020-09-18 11:50:29 - [MESSAGE][PASSED] - Object: 'Object Repository/FDR-Receipt/FDR-Search-Receipt/buttonResume' is clicked on

2020-09-18 11:50:29 - [TEST_STEP][PASSED] - waitForElementPresent(findTestObject("Object Repository/FDR-Receipt/FDR-Search-Receipt/resumeBatch"), 2, STOP_ON_FAILURE): Object 'Object Repository/FDR-Receipt/FDR-Search-Receipt/resumeBatch' is present

2020-09-18 11:50:30 - [MESSAGE][PASSED] - Object 'Object Repository/FDR-Receipt/FDR-Search-Receipt/resumeBatch' is present

2020-09-18 11:50:30 - [TEST_STEP][PASSED] - click(findTestObject("Object Repository/FDR-Receipt/FDR-Search-Receipt/resumeBatch")): Object: 'Object Repository/FDR-Receipt/FDR-Search-Receipt/resumeBatch' is clicked on

2020-09-18 11:50:30 - [MESSAGE][PASSED] - Object: 'Object Repository/FDR-Receipt/FDR-Search-Receipt/resumeBatch' is clicked on

2020-09-18 11:50:30 - [TEST_STEP][PASSED] - delay(10): Delayed 10 second(s)

2020-09-18 11:50:40 - [MESSAGE][PASSED] - Delayed 10 second(s)

2020-09-18 11:50:40 - [TEST_STEP][PASSED] - waitForElementPresent(findTestObject("Object Repository/FDR-Receipt/FDR-ReceiptBatch/Fix/reviewButton"), 2, STOP_ON_FAILURE): Object 'Object Repository/FDR-Receipt/FDR-ReceiptBatch/Fix/reviewButton' is present

2020-09-18 11:50:41 - [MESSAGE][PASSED] - Object 'Object Repository/FDR-Receipt/FDR-ReceiptBatch/Fix/reviewButton' is present

2020-09-18 11:50:41 - [TEST_STEP][PASSED] - Start listener action : sampleAfterTestCase: Browser is closed

2020-09-18 11:50:41 - [TEST_STEP][PASSED] - profileName = getExecutionProfile(): null

2020-09-18 11:50:41 - [TEST_STEP][PASSED] - switch (profileName): null

2020-09-18 11:50:41 - [TEST_STEP][PASSED] - if (!(skipBeforeAndAfterTestCase)): Browser is closed

2020-09-18 11:50:41 - [TEST_STEP][PASSED] - Uifunctions.logoutFDR(): Browser is closed

2020-09-18 11:50:41 - [MESSAGE][PASSED] - Browser is closed

2020-09-18 11:50:41 - [TEST_STEP][PASSED] - Start listener action : afterTestCase: null

2020-09-18 11:50:41 - [TEST_STEP][PASSED] - profileName = getExecutionProfile(): null

2020-09-18 11:50:41 - [TEST_STEP][PASSED] - if (profileName.equalsIgnoreCase("SysAdmin")): null

2020-09-18 11:50:41 - [TEST_STEP][PASSED] - Start listener action : sampleAfterTestCase: null

2020-09-18 11:50:41 - [TEST_STEP][PASSED] - profileName = getExecutionProfile(): null

2020-09-18 11:50:41 - [TEST_STEP][PASSED] - switch (profileName): null

2020-09-18 11:50:41 - [TEST_STEP][PASSED] - Default: null

2020-09-18 11:50:41 - [TEST_STEP][PASSED] - return null: null

2020-09-18 11:50:41 - [TEST_STEP][PASSED] - Start listener action : addFailedTCToList: null]]></system-out>
         <system-err><![CDATA[]]></system-err>
      </testcase>
      <system-out><![CDATA[2020-09-18 11:32:34 - [TEST_SUITE][FAILED] - Receipt-Integration_Suite: Test Cases/WEB-UI-TESTS/Receipt/FDR-Receipts-FixStateReasons FAILED.
Reason:
com.kms.katalon.core.exception.StepFailedException: Verify element text of test object 'Object Repository/FDR-Receipt/FDR-ReceiptBatch/Fix/instructionsIncorrectDrawDate' FAILED.
	at com.kms.katalon.core.webui.keyword.internal.WebUIKeywordMain.stepFailed(WebUIKeywordMain.groovy:64)
	at com.kms.katalon.core.webui.keyword.internal.WebUIKeywordMain.runKeyword(WebUIKeywordMain.groovy:26)
	at com.kms.katalon.core.webui.keyword.builtin.VerifyElementTextKeyword.verifyElementText(VerifyElementTextKeyword.groovy:72)
	at com.kms.katalon.core.webui.keyword.builtin.VerifyElementTextKeyword.execute(VerifyElementTextKeyword.groovy:40)
	at com.kms.katalon.core.keyword.internal.KeywordExecutor.executeKeywordForPlatform(KeywordExecutor.groovy:73)
	at com.kms.katalon.core.webui.keyword.WebUiBuiltInKeywords.verifyElementText(WebUiBuiltInKeywords.groovy:3673)
	at com.kms.katalon.core.webui.keyword.WebUiBuiltInKeywords$verifyElementText$14.call(Unknown Source)
	at FDR-Receipts-FixStateReasons.run(FDR-Receipts-FixStateReasons:93)
	at com.kms.katalon.core.main.ScriptEngine.run(ScriptEngine.java:194)
	at com.kms.katalon.core.main.ScriptEngine.runScriptAsRawText(ScriptEngine.java:119)
	at com.kms.katalon.core.main.TestCaseExecutor.runScript(TestCaseExecutor.java:339)
	at com.kms.katalon.core.main.TestCaseExecutor.doExecute(TestCaseExecutor.java:330)
	at com.kms.katalon.core.main.TestCaseExecutor.processExecutionPhase(TestCaseExecutor.java:309)
	at com.kms.katalon.core.main.TestCaseExecutor.accessMainPhase(TestCaseExecutor.java:301)
	at com.kms.katalon.core.main.TestCaseExecutor.execute(TestCaseExecutor.java:235)
	at com.kms.katalon.core.main.TestSuiteExecutor.accessTestCaseMainPhase(TestSuiteExecutor.java:191)
	at com.kms.katalon.core.main.TestSuiteExecutor.accessTestSuiteMainPhase(TestSuiteExecutor.java:141)
	at com.kms.katalon.core.main.TestSuiteExecutor.execute(TestSuiteExecutor.java:90)
	at com.kms.katalon.core.main.TestCaseMain.startTestSuite(TestCaseMain.java:157)
	at com.kms.katalon.core.main.TestCaseMain$startTestSuite$0.call(Unknown Source)
	at TempTestSuite1600450929689.run(TempTestSuite1600450929689.groovy:39)
Caused by: com.kms.katalon.core.exception.StepFailedException: Actual text 'Incorrect Pay Date, Incorrect Draw Date' and expected text 'Incorrect Draw Date' of test object 'Object Repository/FDR-Receipt/FDR-ReceiptBatch/Fix/instructionsIncorrectDrawDate' are NOT matched.
	at com.kms.katalon.core.webui.keyword.internal.WebUIKeywordMain.stepFailed(WebUIKeywordMain.groovy:64)
	at com.kms.katalon.core.webui.keyword.builtin.VerifyElementTextKeyword$_verifyElementText_closure1.doCall(VerifyElementTextKeyword.groovy:57)
	at com.kms.katalon.core.webui.keyword.builtin.VerifyElementTextKeyword$_verifyElementText_closure1.call(VerifyElementTextKeyword.groovy)
	at com.kms.katalon.core.webui.keyword.internal.WebUIKeywordMain.runKeyword(WebUIKeywordMain.groovy:20)
	... 19 more]]></system-out>
      <system-err><![CDATA[2020-09-18 11:32:34 - [TEST_SUITE][FAILED] - Receipt-Integration_Suite: Test Cases/WEB-UI-TESTS/Receipt/FDR-Receipts-FixStateReasons FAILED.
Reason:
com.kms.katalon.core.exception.StepFailedException: Verify element text of test object 'Object Repository/FDR-Receipt/FDR-ReceiptBatch/Fix/instructionsIncorrectDrawDate' FAILED.
	at com.kms.katalon.core.webui.keyword.internal.WebUIKeywordMain.stepFailed(WebUIKeywordMain.groovy:64)
	at com.kms.katalon.core.webui.keyword.internal.WebUIKeywordMain.runKeyword(WebUIKeywordMain.groovy:26)
	at com.kms.katalon.core.webui.keyword.builtin.VerifyElementTextKeyword.verifyElementText(VerifyElementTextKeyword.groovy:72)
	at com.kms.katalon.core.webui.keyword.builtin.VerifyElementTextKeyword.execute(VerifyElementTextKeyword.groovy:40)
	at com.kms.katalon.core.keyword.internal.KeywordExecutor.executeKeywordForPlatform(KeywordExecutor.groovy:73)
	at com.kms.katalon.core.webui.keyword.WebUiBuiltInKeywords.verifyElementText(WebUiBuiltInKeywords.groovy:3673)
	at com.kms.katalon.core.webui.keyword.WebUiBuiltInKeywords$verifyElementText$14.call(Unknown Source)
	at FDR-Receipts-FixStateReasons.run(FDR-Receipts-FixStateReasons:93)
	at com.kms.katalon.core.main.ScriptEngine.run(ScriptEngine.java:194)
	at com.kms.katalon.core.main.ScriptEngine.runScriptAsRawText(ScriptEngine.java:119)
	at com.kms.katalon.core.main.TestCaseExecutor.runScript(TestCaseExecutor.java:339)
	at com.kms.katalon.core.main.TestCaseExecutor.doExecute(TestCaseExecutor.java:330)
	at com.kms.katalon.core.main.TestCaseExecutor.processExecutionPhase(TestCaseExecutor.java:309)
	at com.kms.katalon.core.main.TestCaseExecutor.accessMainPhase(TestCaseExecutor.java:301)
	at com.kms.katalon.core.main.TestCaseExecutor.execute(TestCaseExecutor.java:235)
	at com.kms.katalon.core.main.TestSuiteExecutor.accessTestCaseMainPhase(TestSuiteExecutor.java:191)
	at com.kms.katalon.core.main.TestSuiteExecutor.accessTestSuiteMainPhase(TestSuiteExecutor.java:141)
	at com.kms.katalon.core.main.TestSuiteExecutor.execute(TestSuiteExecutor.java:90)
	at com.kms.katalon.core.main.TestCaseMain.startTestSuite(TestCaseMain.java:157)
	at com.kms.katalon.core.main.TestCaseMain$startTestSuite$0.call(Unknown Source)
	at TempTestSuite1600450929689.run(TempTestSuite1600450929689.groovy:39)
Caused by: com.kms.katalon.core.exception.StepFailedException: Actual text 'Incorrect Pay Date, Incorrect Draw Date' and expected text 'Incorrect Draw Date' of test object 'Object Repository/FDR-Receipt/FDR-ReceiptBatch/Fix/instructionsIncorrectDrawDate' are NOT matched.
	at com.kms.katalon.core.webui.keyword.internal.WebUIKeywordMain.stepFailed(WebUIKeywordMain.groovy:64)
	at com.kms.katalon.core.webui.keyword.builtin.VerifyElementTextKeyword$_verifyElementText_closure1.doCall(VerifyElementTextKeyword.groovy:57)
	at com.kms.katalon.core.webui.keyword.builtin.VerifyElementTextKeyword$_verifyElementText_closure1.call(VerifyElementTextKeyword.groovy)
	at com.kms.katalon.core.webui.keyword.internal.WebUIKeywordMain.runKeyword(WebUIKeywordMain.groovy:20)
	... 19 more]]></system-err>
   </testsuite>
</testsuites>
