<?xml version="1.0" encoding="UTF-8"?>
<testsuites name="SystemAdmin-Integration_Suite" time="866.105" tests="23" failures="1" errors="0">
   <testsuite name="SystemAdmin-Integration_Suite" tests="23" failures="1" errors="0" time="866.105" timestamp="2020-09-15 14:22:11" hostname="nagesh.allu - DESKTOP-9VU7G8T.attlocal.net" id="Test Suites/SystemAdmin-Integration_Suite">
      <properties>
         <property name="deviceName" value=""/>
         <property name="devicePlatform" value=""/>
         <property name="logFolder" value="C:\\fdr-automation-develop_08_25_2020\\Reports\\20200915_142206\\SystemAdmin-Integration_Suite\\20200915_142206"/>
         <property name="logFiles" value="C:\\fdr-automation-develop_08_25_2020\\Reports\\20200915_142206\\SystemAdmin-Integration_Suite\\20200915_142206\\execution0.log"/>
         <property name="attachments" value="C:\\fdr-automation-develop_08_25_2020\\Reports\\20200915_142206\\SystemAdmin-Integration_Suite\\20200915_142206\\1600205203225.png, C:\\fdr-automation-develop_08_25_2020\\Reports\\20200915_142206\\SystemAdmin-Integration_Suite\\20200915_142206\\1600205216546.png, C:\\fdr-automation-develop_08_25_2020\\Reports\\20200915_142206\\SystemAdmin-Integration_Suite\\20200915_142206\\1600205225239.png, C:\\fdr-automation-develop_08_25_2020\\Reports\\20200915_142206\\SystemAdmin-Integration_Suite\\20200915_142206\\1600205237995.png"/>
         <property name="hostName" value="nagesh.allu - DESKTOP-9VU7G8T.attlocal.net"/>
         <property name="os" value="Windows 10 64bit"/>
         <property name="katalonVersion" value="7.6.6.205"/>
         <property name="browser" value="Chrome 85.0.4183.102"/>
         <property name="hostAddress" value="192.168.1.188"/>
         <property name="sessionId" value="79bd86e8b43bb4aae1831beab3cdbdd2"/>
         <property name="seleniumVersion" value="3.141.59"/>
         <property name="proxyInformation" value="ProxyInformation { proxyOption=NO_PROXY, proxyServerType=HTTP, username=, password=********, proxyServerAddress=, proxyServerPort=0, executionList=&quot;&quot;, isApplyToDesiredCapabilities=true }"/>
         <property name="platform" value="Windows 10"/>
      </properties>
      <testcase name="Test Cases/WEB-UI-TESTS/SysAdmin/ReferencePage/FDR-SystemAdmin-Populate-Details" time="50.835" classname="Test Cases/WEB-UI-TESTS/SysAdmin/ReferencePage/FDR-SystemAdmin-Populate-Details" status="PASSED">
         <system-out><![CDATA[2020-09-15 14:22:12 - [TEST_CASE][PASSED] - Test Cases/WEB-UI-TESTS/SysAdmin/ReferencePage/FDR-SystemAdmin-Populate-Details: Test Cases/WEB-UI-TESTS/SysAdmin/ReferencePage/FDR-SystemAdmin-Populate-Details

2020-09-15 14:22:12 - [TEST_STEP][PASSED] - Start listener action : sampleBeforeTestCase: null

2020-09-15 14:22:12 - [TEST_STEP][PASSED] - profileName = getExecutionProfile(): null

2020-09-15 14:22:12 - [TEST_STEP][PASSED] - switch (profileName): null

2020-09-15 14:22:12 - [TEST_STEP][PASSED] - case "superUser":: null

2020-09-15 14:22:12 - [TEST_STEP][PASSED] - return null: null

2020-09-15 14:22:12 - [TEST_STEP][PASSED] - Start listener action : beforeTestCase: Call Test Case 'Test Cases/WEB-UI-TESTS/SysAdmin/SystemAdmin-Login' successfully

2020-09-15 14:22:12 - [TEST_STEP][PASSED] - profileName = getExecutionProfile(): null

2020-09-15 14:22:12 - [TEST_STEP][PASSED] - if (profileName.equalsIgnoreCase("SysAdmin")): Call Test Case 'Test Cases/WEB-UI-TESTS/SysAdmin/SystemAdmin-Login' successfully

2020-09-15 14:22:12 - [TEST_STEP][PASSED] - callTestCase(findTestCase("Test Cases/WEB-UI-TESTS/SysAdmin/SystemAdmin-Login"), null): Call Test Case 'Test Cases/WEB-UI-TESTS/SysAdmin/SystemAdmin-Login' successfully

2020-09-15 14:22:12 - [TEST_CASE][PASSED] - Test Cases/WEB-UI-TESTS/SysAdmin/SystemAdmin-Login: Test Cases/WEB-UI-TESTS/SysAdmin/SystemAdmin-Login

2020-09-15 14:22:12 - [TEST_STEP][PASSED] - openBrowser(URL): Browser is opened with url: 'https://fdr-katalon.cammis-mod-dev.dhcs.ca.gov'

2020-09-15 14:22:12 - [MESSAGE][INFO] - Starting 'Chrome' driver

2020-09-15 14:22:13 - [MESSAGE][INFO] - Action delay is set to 0 milliseconds

2020-09-15 14:22:19 - [MESSAGE][PASSED] - Browser is opened with url: 'https://fdr-katalon.cammis-mod-dev.dhcs.ca.gov'

2020-09-15 14:22:19 - [TEST_STEP][PASSED] - maximizeWindow(): Current window maximized

2020-09-15 14:22:21 - [MESSAGE][PASSED] - Current window maximized

2020-09-15 14:22:21 - [TEST_STEP][PASSED] - refresh(): Refresh successfully

2020-09-15 14:22:22 - [MESSAGE][PASSED] - Refresh successfully

2020-09-15 14:22:22 - [TEST_STEP][PASSED] - delay(2): Delayed 2 second(s)

2020-09-15 14:22:24 - [MESSAGE][PASSED] - Delayed 2 second(s)

2020-09-15 14:22:24 - [TEST_STEP][PASSED] - waitForElementPresent(findTestObject("FDR-System-Admin/SysAdmin-SignIn/adminEmail"), 5): Object 'Object Repository/FDR-System-Admin/SysAdmin-SignIn/adminEmail' is present

2020-09-15 14:22:24 - [MESSAGE][PASSED] - Object 'Object Repository/FDR-System-Admin/SysAdmin-SignIn/adminEmail' is present

2020-09-15 14:22:24 - [TEST_STEP][PASSED] - setText(findTestObject("FDR-System-Admin/SysAdmin-SignIn/adminEmail"), adminEmail): Text 'fdr.test10@dhcs.ca.gov
' is set on object 'Object Repository/FDR-System-Admin/SysAdmin-SignIn/adminEmail'

2020-09-15 14:22:25 - [MESSAGE][PASSED] - Text 'fdr.test10@dhcs.ca.gov
' is set on object 'Object Repository/FDR-System-Admin/SysAdmin-SignIn/adminEmail'

2020-09-15 14:22:25 - [TEST_STEP][PASSED] - waitForElementPresent(findTestObject("FDR-System-Admin/SysAdmin-SignIn/adminUserName"), 5): Object 'Object Repository/FDR-System-Admin/SysAdmin-SignIn/adminUserName' is present

2020-09-15 14:22:28 - [MESSAGE][PASSED] - Object 'Object Repository/FDR-System-Admin/SysAdmin-SignIn/adminUserName' is present

2020-09-15 14:22:28 - [TEST_STEP][PASSED] - setText(findTestObject("FDR-System-Admin/SysAdmin-SignIn/adminUserName"), UserName): Text 'fdr.test10@dhcs.ca.gov' is set on object 'Object Repository/FDR-System-Admin/SysAdmin-SignIn/adminUserName'

2020-09-15 14:22:28 - [MESSAGE][PASSED] - Text 'fdr.test10@dhcs.ca.gov' is set on object 'Object Repository/FDR-System-Admin/SysAdmin-SignIn/adminUserName'

2020-09-15 14:22:28 - [TEST_STEP][PASSED] - setText(findTestObject("FDR-System-Admin/SysAdmin-SignIn/adminPass"), Password): Text 'Password18' is set on object 'Object Repository/FDR-System-Admin/SysAdmin-SignIn/adminPass'

2020-09-15 14:22:29 - [MESSAGE][PASSED] - Text 'Password18' is set on object 'Object Repository/FDR-System-Admin/SysAdmin-SignIn/adminPass'

2020-09-15 14:22:29 - [TEST_STEP][PASSED] - click(findTestObject("FDR-System-Admin/SysAdmin-SignIn/adminSignIn")): Object: 'Object Repository/FDR-System-Admin/SysAdmin-SignIn/adminSignIn' is clicked on

2020-09-15 14:22:31 - [MESSAGE][PASSED] - Object: 'Object Repository/FDR-System-Admin/SysAdmin-SignIn/adminSignIn' is clicked on

2020-09-15 14:22:31 - [TEST_STEP][PASSED] - waitForElementPresent(findTestObject("Object Repository/FDR-System-Admin/SysAdmin-Dashboard/maintainReferenceDataBtn"), 3): Object 'Object Repository/FDR-System-Admin/SysAdmin-Dashboard/maintainReferenceDataBtn' is present

2020-09-15 14:22:33 - [MESSAGE][PASSED] - Object 'Object Repository/FDR-System-Admin/SysAdmin-Dashboard/maintainReferenceDataBtn' is present

2020-09-15 14:22:33 - [TEST_STEP][PASSED] - verifyElementPresent(findTestObject("Object Repository/FDR-System-Admin/SysAdmin-Dashboard/maintainReferenceDataBtn"), Timeout): Object 'Object Repository/FDR-System-Admin/SysAdmin-Dashboard/maintainReferenceDataBtn' is present

2020-09-15 14:22:33 - [MESSAGE][PASSED] - Object 'Object Repository/FDR-System-Admin/SysAdmin-Dashboard/maintainReferenceDataBtn' is present

2020-09-15 14:22:33 - [TEST_STEP][PASSED] - refresh(): Refresh successfully

2020-09-15 14:22:34 - [MESSAGE][PASSED] - Refresh successfully

2020-09-15 14:22:34 - [MESSAGE][PASSED] - Call Test Case 'Test Cases/WEB-UI-TESTS/SysAdmin/SystemAdmin-Login' successfully

2020-09-15 14:22:34 - [TEST_STEP][PASSED] - Start listener action : sampleBeforeTestCase: null

2020-09-15 14:22:34 - [TEST_STEP][PASSED] - profileName = getExecutionProfile(): null

2020-09-15 14:22:34 - [TEST_STEP][PASSED] - testCaseId = testCaseContext.getTestCaseId(): null

2020-09-15 14:22:34 - [TEST_STEP][PASSED] - switch (profileName): null

2020-09-15 14:22:34 - [TEST_STEP][PASSED] - Default: null

2020-09-15 14:22:34 - [TEST_STEP][PASSED] - return null: null

2020-09-15 14:22:34 - [TEST_STEP][PASSED] - Start listener action : executeRows: null

2020-09-15 14:22:34 - [TEST_STEP][PASSED] - taskName = "Reference Data": null

2020-09-15 14:22:34 - [TEST_STEP][PASSED] - verifyElementText(findTestObject("Object Repository/FDR-System-Admin/SysAdmin-Dashboard/maintainReferenceDataTxt"), taskName): Actual text and expected text of test object 'Object Repository/FDR-System-Admin/SysAdmin-Dashboard/maintainReferenceDataTxt' are matched.

2020-09-15 14:22:35 - [MESSAGE][PASSED] - Actual text and expected text of test object 'Object Repository/FDR-System-Admin/SysAdmin-Dashboard/maintainReferenceDataTxt' are matched.

2020-09-15 14:22:35 - [TEST_STEP][PASSED] - click(findTestObject("Object Repository/FDR-System-Admin/SysAdmin-Dashboard/maintainReferenceDataBtn")): Object: 'Object Repository/FDR-System-Admin/SysAdmin-Dashboard/maintainReferenceDataBtn' is clicked on

2020-09-15 14:22:35 - [MESSAGE][PASSED] - Object: 'Object Repository/FDR-System-Admin/SysAdmin-Dashboard/maintainReferenceDataBtn' is clicked on

2020-09-15 14:22:35 - [TEST_STEP][PASSED] - click(findTestObject("FDR-System-Admin/FDR-ReferencePage/reference-data")): Object: 'Object Repository/FDR-System-Admin/FDR-ReferencePage/reference-data' is clicked on

2020-09-15 14:22:35 - [MESSAGE][PASSED] - Object: 'Object Repository/FDR-System-Admin/FDR-ReferencePage/reference-data' is clicked on

2020-09-15 14:22:35 - [TEST_STEP][PASSED] - click(findTestObject("FDR-System-Admin/FDR-ReferencePage/account")): Object: 'Object Repository/FDR-System-Admin/FDR-ReferencePage/account' is clicked on

2020-09-15 14:22:36 - [MESSAGE][PASSED] - Object: 'Object Repository/FDR-System-Admin/FDR-ReferencePage/account' is clicked on

2020-09-15 14:22:36 - [TEST_STEP][PASSED] - setText(findTestObject("FDR-System-Admin/FDR-ReferencePage/referenceDataNameInput"), ""): Text '' is set on object 'Object Repository/FDR-System-Admin/FDR-ReferencePage/referenceDataNameInput'

2020-09-15 14:22:37 - [MESSAGE][PASSED] - Text '' is set on object 'Object Repository/FDR-System-Admin/FDR-ReferencePage/referenceDataNameInput'

2020-09-15 14:22:37 - [TEST_STEP][PASSED] - click(findTestObject("Object Repository/FDR-System-Admin/FDR-ReferencePage/referenceDataDropdown")): Object: 'Object Repository/FDR-System-Admin/FDR-ReferencePage/referenceDataDropdown' is clicked on

2020-09-15 14:22:37 - [MESSAGE][PASSED] - Object: 'Object Repository/FDR-System-Admin/FDR-ReferencePage/referenceDataDropdown' is clicked on

2020-09-15 14:22:37 - [TEST_STEP][PASSED] - click(findTestObject("FDR-System-Admin/FDR-ReferencePage/altAccount")): Object: 'Object Repository/FDR-System-Admin/FDR-ReferencePage/altAccount' is clicked on

2020-09-15 14:22:38 - [MESSAGE][PASSED] - Object: 'Object Repository/FDR-System-Admin/FDR-ReferencePage/altAccount' is clicked on

2020-09-15 14:22:38 - [TEST_STEP][PASSED] - setText(findTestObject("FDR-System-Admin/FDR-ReferencePage/referenceDataNameInput"), ""): Text '' is set on object 'Object Repository/FDR-System-Admin/FDR-ReferencePage/referenceDataNameInput'

2020-09-15 14:22:38 - [MESSAGE][PASSED] - Text '' is set on object 'Object Repository/FDR-System-Admin/FDR-ReferencePage/referenceDataNameInput'

2020-09-15 14:22:38 - [TEST_STEP][PASSED] - click(findTestObject("Object Repository/FDR-System-Admin/FDR-ReferencePage/referenceDataDropdown")): Object: 'Object Repository/FDR-System-Admin/FDR-ReferencePage/referenceDataDropdown' is clicked on

2020-09-15 14:22:39 - [MESSAGE][PASSED] - Object: 'Object Repository/FDR-System-Admin/FDR-ReferencePage/referenceDataDropdown' is clicked on

2020-09-15 14:22:39 - [TEST_STEP][PASSED] - click(findTestObject("FDR-System-Admin/FDR-ReferencePage/contact")): Object: 'Object Repository/FDR-System-Admin/FDR-ReferencePage/contact' is clicked on

2020-09-15 14:22:39 - [MESSAGE][PASSED] - Object: 'Object Repository/FDR-System-Admin/FDR-ReferencePage/contact' is clicked on

2020-09-15 14:22:39 - [TEST_STEP][PASSED] - setText(findTestObject("FDR-System-Admin/FDR-ReferencePage/referenceDataNameInput"), ""): Text '' is set on object 'Object Repository/FDR-System-Admin/FDR-ReferencePage/referenceDataNameInput'

2020-09-15 14:22:40 - [MESSAGE][PASSED] - Text '' is set on object 'Object Repository/FDR-System-Admin/FDR-ReferencePage/referenceDataNameInput'

2020-09-15 14:22:40 - [TEST_STEP][PASSED] - click(findTestObject("Object Repository/FDR-System-Admin/FDR-ReferencePage/referenceDataDropdown")): Object: 'Object Repository/FDR-System-Admin/FDR-ReferencePage/referenceDataDropdown' is clicked on

2020-09-15 14:22:40 - [MESSAGE][PASSED] - Object: 'Object Repository/FDR-System-Admin/FDR-ReferencePage/referenceDataDropdown' is clicked on

2020-09-15 14:22:40 - [TEST_STEP][PASSED] - click(findTestObject("FDR-System-Admin/FDR-ReferencePage/contract")): Object: 'Object Repository/FDR-System-Admin/FDR-ReferencePage/contract' is clicked on

2020-09-15 14:22:41 - [MESSAGE][PASSED] - Object: 'Object Repository/FDR-System-Admin/FDR-ReferencePage/contract' is clicked on

2020-09-15 14:22:41 - [TEST_STEP][PASSED] - setText(findTestObject("FDR-System-Admin/FDR-ReferencePage/referenceDataNameInput"), ""): Text '' is set on object 'Object Repository/FDR-System-Admin/FDR-ReferencePage/referenceDataNameInput'

2020-09-15 14:22:42 - [MESSAGE][PASSED] - Text '' is set on object 'Object Repository/FDR-System-Admin/FDR-ReferencePage/referenceDataNameInput'

2020-09-15 14:22:42 - [TEST_STEP][PASSED] - click(findTestObject("Object Repository/FDR-System-Admin/FDR-ReferencePage/referenceDataDropdown")): Object: 'Object Repository/FDR-System-Admin/FDR-ReferencePage/referenceDataDropdown' is clicked on

2020-09-15 14:22:42 - [MESSAGE][PASSED] - Object: 'Object Repository/FDR-System-Admin/FDR-ReferencePage/referenceDataDropdown' is clicked on

2020-09-15 14:22:42 - [TEST_STEP][PASSED] - click(findTestObject("FDR-System-Admin/FDR-ReferencePage/fdrAppropriationReference")): Object: 'Object Repository/FDR-System-Admin/FDR-ReferencePage/fdrAppropriationReference' is clicked on

2020-09-15 14:22:43 - [MESSAGE][PASSED] - Object: 'Object Repository/FDR-System-Admin/FDR-ReferencePage/fdrAppropriationReference' is clicked on

2020-09-15 14:22:43 - [TEST_STEP][PASSED] - setText(findTestObject("FDR-System-Admin/FDR-ReferencePage/referenceDataNameInput"), ""): Text '' is set on object 'Object Repository/FDR-System-Admin/FDR-ReferencePage/referenceDataNameInput'

2020-09-15 14:22:43 - [MESSAGE][PASSED] - Text '' is set on object 'Object Repository/FDR-System-Admin/FDR-ReferencePage/referenceDataNameInput'

2020-09-15 14:22:43 - [TEST_STEP][PASSED] - click(findTestObject("Object Repository/FDR-System-Admin/FDR-ReferencePage/referenceDataDropdown")): Object: 'Object Repository/FDR-System-Admin/FDR-ReferencePage/referenceDataDropdown' is clicked on

2020-09-15 14:22:44 - [MESSAGE][PASSED] - Object: 'Object Repository/FDR-System-Admin/FDR-ReferencePage/referenceDataDropdown' is clicked on

2020-09-15 14:22:44 - [TEST_STEP][PASSED] - click(findTestObject("FDR-System-Admin/FDR-ReferencePage/fundCode")): Object: 'Object Repository/FDR-System-Admin/FDR-ReferencePage/fundCode' is clicked on

2020-09-15 14:22:44 - [MESSAGE][PASSED] - Object: 'Object Repository/FDR-System-Admin/FDR-ReferencePage/fundCode' is clicked on

2020-09-15 14:22:44 - [TEST_STEP][PASSED] - setText(findTestObject("FDR-System-Admin/FDR-ReferencePage/referenceDataNameInput"), ""): Text '' is set on object 'Object Repository/FDR-System-Admin/FDR-ReferencePage/referenceDataNameInput'

2020-09-15 14:22:45 - [MESSAGE][PASSED] - Text '' is set on object 'Object Repository/FDR-System-Admin/FDR-ReferencePage/referenceDataNameInput'

2020-09-15 14:22:45 - [TEST_STEP][PASSED] - click(findTestObject("Object Repository/FDR-System-Admin/FDR-ReferencePage/referenceDataDropdown")): Object: 'Object Repository/FDR-System-Admin/FDR-ReferencePage/referenceDataDropdown' is clicked on

2020-09-15 14:22:45 - [MESSAGE][PASSED] - Object: 'Object Repository/FDR-System-Admin/FDR-ReferencePage/referenceDataDropdown' is clicked on

2020-09-15 14:22:45 - [TEST_STEP][PASSED] - click(findTestObject("FDR-System-Admin/FDR-ReferencePage/fund")): Object: 'Object Repository/FDR-System-Admin/FDR-ReferencePage/fund' is clicked on

2020-09-15 14:22:46 - [MESSAGE][PASSED] - Object: 'Object Repository/FDR-System-Admin/FDR-ReferencePage/fund' is clicked on

2020-09-15 14:22:46 - [TEST_STEP][PASSED] - setText(findTestObject("FDR-System-Admin/FDR-ReferencePage/referenceDataNameInput"), ""): Text '' is set on object 'Object Repository/FDR-System-Admin/FDR-ReferencePage/referenceDataNameInput'

2020-09-15 14:22:47 - [MESSAGE][PASSED] - Text '' is set on object 'Object Repository/FDR-System-Admin/FDR-ReferencePage/referenceDataNameInput'

2020-09-15 14:22:47 - [TEST_STEP][PASSED] - click(findTestObject("Object Repository/FDR-System-Admin/FDR-ReferencePage/referenceDataDropdown")): Object: 'Object Repository/FDR-System-Admin/FDR-ReferencePage/referenceDataDropdown' is clicked on

2020-09-15 14:22:47 - [MESSAGE][PASSED] - Object: 'Object Repository/FDR-System-Admin/FDR-ReferencePage/referenceDataDropdown' is clicked on

2020-09-15 14:22:47 - [TEST_STEP][PASSED] - click(findTestObject("FDR-System-Admin/FDR-ReferencePage/fundRatio")): Object: 'Object Repository/FDR-System-Admin/FDR-ReferencePage/fundRatio' is clicked on

2020-09-15 14:22:48 - [MESSAGE][PASSED] - Object: 'Object Repository/FDR-System-Admin/FDR-ReferencePage/fundRatio' is clicked on

2020-09-15 14:22:48 - [TEST_STEP][PASSED] - setText(findTestObject("FDR-System-Admin/FDR-ReferencePage/referenceDataNameInput"), ""): Text '' is set on object 'Object Repository/FDR-System-Admin/FDR-ReferencePage/referenceDataNameInput'

2020-09-15 14:22:48 - [MESSAGE][PASSED] - Text '' is set on object 'Object Repository/FDR-System-Admin/FDR-ReferencePage/referenceDataNameInput'

2020-09-15 14:22:48 - [TEST_STEP][PASSED] - click(findTestObject("Object Repository/FDR-System-Admin/FDR-ReferencePage/referenceDataDropdown")): Object: 'Object Repository/FDR-System-Admin/FDR-ReferencePage/referenceDataDropdown' is clicked on

2020-09-15 14:22:49 - [MESSAGE][PASSED] - Object: 'Object Repository/FDR-System-Admin/FDR-ReferencePage/referenceDataDropdown' is clicked on

2020-09-15 14:22:49 - [TEST_STEP][PASSED] - click(findTestObject("FDR-System-Admin/FDR-ReferencePage/fundingSource")): Object: 'Object Repository/FDR-System-Admin/FDR-ReferencePage/fundingSource' is clicked on

2020-09-15 14:22:49 - [MESSAGE][PASSED] - Object: 'Object Repository/FDR-System-Admin/FDR-ReferencePage/fundingSource' is clicked on

2020-09-15 14:22:49 - [TEST_STEP][PASSED] - setText(findTestObject("FDR-System-Admin/FDR-ReferencePage/referenceDataNameInput"), ""): Text '' is set on object 'Object Repository/FDR-System-Admin/FDR-ReferencePage/referenceDataNameInput'

2020-09-15 14:22:50 - [MESSAGE][PASSED] - Text '' is set on object 'Object Repository/FDR-System-Admin/FDR-ReferencePage/referenceDataNameInput'

2020-09-15 14:22:50 - [TEST_STEP][PASSED] - click(findTestObject("Object Repository/FDR-System-Admin/FDR-ReferencePage/referenceDataDropdown")): Object: 'Object Repository/FDR-System-Admin/FDR-ReferencePage/referenceDataDropdown' is clicked on

2020-09-15 14:22:50 - [MESSAGE][PASSED] - Object: 'Object Repository/FDR-System-Admin/FDR-ReferencePage/referenceDataDropdown' is clicked on

2020-09-15 14:22:50 - [TEST_STEP][PASSED] - click(findTestObject("FDR-System-Admin/FDR-ReferencePage/increaseDecreaseLineNumber")): Object: 'Object Repository/FDR-System-Admin/FDR-ReferencePage/increaseDecreaseLineNumber' is clicked on

2020-09-15 14:22:51 - [MESSAGE][PASSED] - Object: 'Object Repository/FDR-System-Admin/FDR-ReferencePage/increaseDecreaseLineNumber' is clicked on

2020-09-15 14:22:51 - [TEST_STEP][PASSED] - setText(findTestObject("FDR-System-Admin/FDR-ReferencePage/referenceDataNameInput"), ""): Text '' is set on object 'Object Repository/FDR-System-Admin/FDR-ReferencePage/referenceDataNameInput'

2020-09-15 14:22:52 - [MESSAGE][PASSED] - Text '' is set on object 'Object Repository/FDR-System-Admin/FDR-ReferencePage/referenceDataNameInput'

2020-09-15 14:22:52 - [TEST_STEP][PASSED] - click(findTestObject("Object Repository/FDR-System-Admin/FDR-ReferencePage/referenceDataDropdown")): Object: 'Object Repository/FDR-System-Admin/FDR-ReferencePage/referenceDataDropdown' is clicked on

2020-09-15 14:22:52 - [MESSAGE][PASSED] - Object: 'Object Repository/FDR-System-Admin/FDR-ReferencePage/referenceDataDropdown' is clicked on

2020-09-15 14:22:52 - [TEST_STEP][PASSED] - click(findTestObject("FDR-System-Admin/FDR-ReferencePage/invoiceType")): Object: 'Object Repository/FDR-System-Admin/FDR-ReferencePage/invoiceType' is clicked on

2020-09-15 14:22:53 - [MESSAGE][PASSED] - Object: 'Object Repository/FDR-System-Admin/FDR-ReferencePage/invoiceType' is clicked on

2020-09-15 14:22:53 - [TEST_STEP][PASSED] - setText(findTestObject("FDR-System-Admin/FDR-ReferencePage/referenceDataNameInput"), ""): Text '' is set on object 'Object Repository/FDR-System-Admin/FDR-ReferencePage/referenceDataNameInput'

2020-09-15 14:22:53 - [MESSAGE][PASSED] - Text '' is set on object 'Object Repository/FDR-System-Admin/FDR-ReferencePage/referenceDataNameInput'

2020-09-15 14:22:53 - [TEST_STEP][PASSED] - click(findTestObject("Object Repository/FDR-System-Admin/FDR-ReferencePage/referenceDataDropdown")): Object: 'Object Repository/FDR-System-Admin/FDR-ReferencePage/referenceDataDropdown' is clicked on

2020-09-15 14:22:54 - [MESSAGE][PASSED] - Object: 'Object Repository/FDR-System-Admin/FDR-ReferencePage/referenceDataDropdown' is clicked on

2020-09-15 14:22:54 - [TEST_STEP][PASSED] - click(findTestObject("FDR-System-Admin/FDR-ReferencePage/programType")): Object: 'Object Repository/FDR-System-Admin/FDR-ReferencePage/programType' is clicked on

2020-09-15 14:22:54 - [MESSAGE][PASSED] - Object: 'Object Repository/FDR-System-Admin/FDR-ReferencePage/programType' is clicked on

2020-09-15 14:22:54 - [TEST_STEP][PASSED] - setText(findTestObject("FDR-System-Admin/FDR-ReferencePage/referenceDataNameInput"), ""): Text '' is set on object 'Object Repository/FDR-System-Admin/FDR-ReferencePage/referenceDataNameInput'

2020-09-15 14:22:55 - [MESSAGE][PASSED] - Text '' is set on object 'Object Repository/FDR-System-Admin/FDR-ReferencePage/referenceDataNameInput'

2020-09-15 14:22:55 - [TEST_STEP][PASSED] - click(findTestObject("Object Repository/FDR-System-Admin/FDR-ReferencePage/referenceDataDropdown")): Object: 'Object Repository/FDR-System-Admin/FDR-ReferencePage/referenceDataDropdown' is clicked on

2020-09-15 14:22:56 - [MESSAGE][PASSED] - Object: 'Object Repository/FDR-System-Admin/FDR-ReferencePage/referenceDataDropdown' is clicked on

2020-09-15 14:22:56 - [TEST_STEP][PASSED] - click(findTestObject("FDR-System-Admin/FDR-ReferencePage/serviceCategory")): Object: 'Object Repository/FDR-System-Admin/FDR-ReferencePage/serviceCategory' is clicked on

2020-09-15 14:22:56 - [MESSAGE][PASSED] - Object: 'Object Repository/FDR-System-Admin/FDR-ReferencePage/serviceCategory' is clicked on

2020-09-15 14:22:56 - [TEST_STEP][PASSED] - setText(findTestObject("FDR-System-Admin/FDR-ReferencePage/referenceDataNameInput"), ""): Text '' is set on object 'Object Repository/FDR-System-Admin/FDR-ReferencePage/referenceDataNameInput'

2020-09-15 14:22:57 - [MESSAGE][PASSED] - Text '' is set on object 'Object Repository/FDR-System-Admin/FDR-ReferencePage/referenceDataNameInput'

2020-09-15 14:22:57 - [TEST_STEP][PASSED] - click(findTestObject("Object Repository/FDR-System-Admin/FDR-ReferencePage/referenceDataDropdown")): Object: 'Object Repository/FDR-System-Admin/FDR-ReferencePage/referenceDataDropdown' is clicked on

2020-09-15 14:22:58 - [MESSAGE][PASSED] - Object: 'Object Repository/FDR-System-Admin/FDR-ReferencePage/referenceDataDropdown' is clicked on

2020-09-15 14:22:58 - [TEST_STEP][PASSED] - click(findTestObject("FDR-System-Admin/FDR-ReferencePage/supplier")): Object: 'Object Repository/FDR-System-Admin/FDR-ReferencePage/supplier' is clicked on

2020-09-15 14:22:58 - [MESSAGE][PASSED] - Object: 'Object Repository/FDR-System-Admin/FDR-ReferencePage/supplier' is clicked on

2020-09-15 14:22:58 - [TEST_STEP][PASSED] - setText(findTestObject("FDR-System-Admin/FDR-ReferencePage/referenceDataNameInput"), ""): Text '' is set on object 'Object Repository/FDR-System-Admin/FDR-ReferencePage/referenceDataNameInput'

2020-09-15 14:22:59 - [MESSAGE][PASSED] - Text '' is set on object 'Object Repository/FDR-System-Admin/FDR-ReferencePage/referenceDataNameInput'

2020-09-15 14:22:59 - [TEST_STEP][PASSED] - click(findTestObject("Object Repository/FDR-System-Admin/FDR-ReferencePage/referenceDataDropdown")): Object: 'Object Repository/FDR-System-Admin/FDR-ReferencePage/referenceDataDropdown' is clicked on

2020-09-15 14:22:59 - [MESSAGE][PASSED] - Object: 'Object Repository/FDR-System-Admin/FDR-ReferencePage/referenceDataDropdown' is clicked on

2020-09-15 14:22:59 - [TEST_STEP][PASSED] - click(findTestObject("FDR-System-Admin/FDR-ReferencePage/waiverName")): Object: 'Object Repository/FDR-System-Admin/FDR-ReferencePage/waiverName' is clicked on

2020-09-15 14:23:00 - [MESSAGE][PASSED] - Object: 'Object Repository/FDR-System-Admin/FDR-ReferencePage/waiverName' is clicked on

2020-09-15 14:23:00 - [TEST_STEP][PASSED] - setText(findTestObject("FDR-System-Admin/FDR-ReferencePage/referenceDataNameInput"), ""): Text '' is set on object 'Object Repository/FDR-System-Admin/FDR-ReferencePage/referenceDataNameInput'

2020-09-15 14:23:01 - [MESSAGE][PASSED] - Text '' is set on object 'Object Repository/FDR-System-Admin/FDR-ReferencePage/referenceDataNameInput'

2020-09-15 14:23:01 - [TEST_STEP][PASSED] - click(findTestObject("Object Repository/FDR-System-Admin/FDR-ReferencePage/referenceDataDropdown")): Object: 'Object Repository/FDR-System-Admin/FDR-ReferencePage/referenceDataDropdown' is clicked on

2020-09-15 14:23:01 - [MESSAGE][PASSED] - Object: 'Object Repository/FDR-System-Admin/FDR-ReferencePage/referenceDataDropdown' is clicked on

2020-09-15 14:23:01 - [TEST_STEP][PASSED] - click(findTestObject("FDR-System-Admin/FDR-ReferencePage/waiverTypes")): Object: 'Object Repository/FDR-System-Admin/FDR-ReferencePage/waiverTypes' is clicked on

2020-09-15 14:23:02 - [MESSAGE][PASSED] - Object: 'Object Repository/FDR-System-Admin/FDR-ReferencePage/waiverTypes' is clicked on

2020-09-15 14:23:02 - [TEST_STEP][PASSED] - Start listener action : sampleAfterTestCase: null

2020-09-15 14:23:02 - [TEST_STEP][PASSED] - profileName = getExecutionProfile(): null

2020-09-15 14:23:02 - [TEST_STEP][PASSED] - switch (profileName): null

2020-09-15 14:23:02 - [TEST_STEP][PASSED] - case "superUser":: null

2020-09-15 14:23:02 - [TEST_STEP][PASSED] - return null: null

2020-09-15 14:23:02 - [TEST_STEP][PASSED] - Start listener action : afterTestCase: Browser is closed

2020-09-15 14:23:02 - [TEST_STEP][PASSED] - profileName = getExecutionProfile(): null

2020-09-15 14:23:02 - [TEST_STEP][PASSED] - if (profileName.equalsIgnoreCase("SysAdmin")): Browser is closed

2020-09-15 14:23:02 - [TEST_STEP][PASSED] - closeBrowser(): Browser is closed

2020-09-15 14:23:03 - [MESSAGE][PASSED] - Browser is closed

2020-09-15 14:23:03 - [TEST_STEP][PASSED] - Start listener action : sampleAfterTestCase: null

2020-09-15 14:23:03 - [TEST_STEP][PASSED] - profileName = getExecutionProfile(): null

2020-09-15 14:23:03 - [TEST_STEP][PASSED] - switch (profileName): null

2020-09-15 14:23:03 - [TEST_STEP][PASSED] - Default: null

2020-09-15 14:23:03 - [TEST_STEP][PASSED] - return null: null

2020-09-15 14:23:03 - [TEST_STEP][PASSED] - Start listener action : addFailedTCToList: null]]></system-out>
         <system-err><![CDATA[]]></system-err>
      </testcase>
      <testcase name="Test Cases/WEB-UI-TESTS/SysAdmin/ReferencePage/ReferenceDetail/FDR-Add-FundRatioDetail" time="46.902" classname="Test Cases/WEB-UI-TESTS/SysAdmin/ReferencePage/ReferenceDetail/FDR-Add-FundRatioDetail" status="PASSED">
         <system-out><![CDATA[2020-09-15 14:23:03 - [TEST_CASE][PASSED] - Test Cases/WEB-UI-TESTS/SysAdmin/ReferencePage/ReferenceDetail/FDR-Add-FundRatioDetail: Test Cases/WEB-UI-TESTS/SysAdmin/ReferencePage/ReferenceDetail/FDR-Add-FundRatioDetail

2020-09-15 14:23:03 - [TEST_STEP][PASSED] - Start listener action : sampleBeforeTestCase: null

2020-09-15 14:23:03 - [TEST_STEP][PASSED] - profileName = getExecutionProfile(): null

2020-09-15 14:23:03 - [TEST_STEP][PASSED] - switch (profileName): null

2020-09-15 14:23:03 - [TEST_STEP][PASSED] - case "superUser":: null

2020-09-15 14:23:03 - [TEST_STEP][PASSED] - return null: null

2020-09-15 14:23:03 - [TEST_STEP][PASSED] - Start listener action : beforeTestCase: Call Test Case 'Test Cases/WEB-UI-TESTS/SysAdmin/SystemAdmin-Login' successfully

2020-09-15 14:23:03 - [TEST_STEP][PASSED] - profileName = getExecutionProfile(): null

2020-09-15 14:23:03 - [TEST_STEP][PASSED] - if (profileName.equalsIgnoreCase("SysAdmin")): Call Test Case 'Test Cases/WEB-UI-TESTS/SysAdmin/SystemAdmin-Login' successfully

2020-09-15 14:23:03 - [TEST_STEP][PASSED] - callTestCase(findTestCase("Test Cases/WEB-UI-TESTS/SysAdmin/SystemAdmin-Login"), null): Call Test Case 'Test Cases/WEB-UI-TESTS/SysAdmin/SystemAdmin-Login' successfully

2020-09-15 14:23:03 - [TEST_CASE][PASSED] - Test Cases/WEB-UI-TESTS/SysAdmin/SystemAdmin-Login: Test Cases/WEB-UI-TESTS/SysAdmin/SystemAdmin-Login

2020-09-15 14:23:03 - [TEST_STEP][PASSED] - openBrowser(URL): Browser is opened with url: 'https://fdr-katalon.cammis-mod-dev.dhcs.ca.gov'

2020-09-15 14:23:03 - [MESSAGE][INFO] - Starting 'Chrome' driver

2020-09-15 14:23:03 - [MESSAGE][INFO] - Action delay is set to 0 milliseconds

2020-09-15 14:23:07 - [MESSAGE][PASSED] - Browser is opened with url: 'https://fdr-katalon.cammis-mod-dev.dhcs.ca.gov'

2020-09-15 14:23:07 - [TEST_STEP][PASSED] - maximizeWindow(): Current window maximized

2020-09-15 14:23:09 - [MESSAGE][PASSED] - Current window maximized

2020-09-15 14:23:09 - [TEST_STEP][PASSED] - refresh(): Refresh successfully

2020-09-15 14:23:09 - [MESSAGE][PASSED] - Refresh successfully

2020-09-15 14:23:09 - [TEST_STEP][PASSED] - delay(2): Delayed 2 second(s)

2020-09-15 14:23:11 - [MESSAGE][PASSED] - Delayed 2 second(s)

2020-09-15 14:23:11 - [TEST_STEP][PASSED] - waitForElementPresent(findTestObject("FDR-System-Admin/SysAdmin-SignIn/adminEmail"), 5): Object 'Object Repository/FDR-System-Admin/SysAdmin-SignIn/adminEmail' is present

2020-09-15 14:23:12 - [MESSAGE][PASSED] - Object 'Object Repository/FDR-System-Admin/SysAdmin-SignIn/adminEmail' is present

2020-09-15 14:23:12 - [TEST_STEP][PASSED] - setText(findTestObject("FDR-System-Admin/SysAdmin-SignIn/adminEmail"), adminEmail): Text 'fdr.test10@dhcs.ca.gov
' is set on object 'Object Repository/FDR-System-Admin/SysAdmin-SignIn/adminEmail'

2020-09-15 14:23:12 - [MESSAGE][PASSED] - Text 'fdr.test10@dhcs.ca.gov
' is set on object 'Object Repository/FDR-System-Admin/SysAdmin-SignIn/adminEmail'

2020-09-15 14:23:12 - [TEST_STEP][PASSED] - waitForElementPresent(findTestObject("FDR-System-Admin/SysAdmin-SignIn/adminUserName"), 5): Object 'Object Repository/FDR-System-Admin/SysAdmin-SignIn/adminUserName' is present

2020-09-15 14:23:16 - [MESSAGE][PASSED] - Object 'Object Repository/FDR-System-Admin/SysAdmin-SignIn/adminUserName' is present

2020-09-15 14:23:16 - [TEST_STEP][PASSED] - setText(findTestObject("FDR-System-Admin/SysAdmin-SignIn/adminUserName"), UserName): Text 'fdr.test10@dhcs.ca.gov' is set on object 'Object Repository/FDR-System-Admin/SysAdmin-SignIn/adminUserName'

2020-09-15 14:23:16 - [MESSAGE][PASSED] - Text 'fdr.test10@dhcs.ca.gov' is set on object 'Object Repository/FDR-System-Admin/SysAdmin-SignIn/adminUserName'

2020-09-15 14:23:16 - [TEST_STEP][PASSED] - setText(findTestObject("FDR-System-Admin/SysAdmin-SignIn/adminPass"), Password): Text 'Password18' is set on object 'Object Repository/FDR-System-Admin/SysAdmin-SignIn/adminPass'

2020-09-15 14:23:17 - [MESSAGE][PASSED] - Text 'Password18' is set on object 'Object Repository/FDR-System-Admin/SysAdmin-SignIn/adminPass'

2020-09-15 14:23:17 - [TEST_STEP][PASSED] - click(findTestObject("FDR-System-Admin/SysAdmin-SignIn/adminSignIn")): Object: 'Object Repository/FDR-System-Admin/SysAdmin-SignIn/adminSignIn' is clicked on

2020-09-15 14:23:18 - [MESSAGE][PASSED] - Object: 'Object Repository/FDR-System-Admin/SysAdmin-SignIn/adminSignIn' is clicked on

2020-09-15 14:23:18 - [TEST_STEP][PASSED] - waitForElementPresent(findTestObject("Object Repository/FDR-System-Admin/SysAdmin-Dashboard/maintainReferenceDataBtn"), 3): Object 'Object Repository/FDR-System-Admin/SysAdmin-Dashboard/maintainReferenceDataBtn' is present

2020-09-15 14:23:20 - [MESSAGE][PASSED] - Object 'Object Repository/FDR-System-Admin/SysAdmin-Dashboard/maintainReferenceDataBtn' is present

2020-09-15 14:23:20 - [TEST_STEP][PASSED] - verifyElementPresent(findTestObject("Object Repository/FDR-System-Admin/SysAdmin-Dashboard/maintainReferenceDataBtn"), Timeout): Object 'Object Repository/FDR-System-Admin/SysAdmin-Dashboard/maintainReferenceDataBtn' is present

2020-09-15 14:23:21 - [MESSAGE][PASSED] - Object 'Object Repository/FDR-System-Admin/SysAdmin-Dashboard/maintainReferenceDataBtn' is present

2020-09-15 14:23:21 - [TEST_STEP][PASSED] - refresh(): Refresh successfully

2020-09-15 14:23:21 - [MESSAGE][PASSED] - Refresh successfully

2020-09-15 14:23:21 - [MESSAGE][PASSED] - Call Test Case 'Test Cases/WEB-UI-TESTS/SysAdmin/SystemAdmin-Login' successfully

2020-09-15 14:23:21 - [TEST_STEP][PASSED] - Start listener action : sampleBeforeTestCase: null

2020-09-15 14:23:21 - [TEST_STEP][PASSED] - profileName = getExecutionProfile(): null

2020-09-15 14:23:21 - [TEST_STEP][PASSED] - testCaseId = testCaseContext.getTestCaseId(): null

2020-09-15 14:23:21 - [TEST_STEP][PASSED] - switch (profileName): null

2020-09-15 14:23:21 - [TEST_STEP][PASSED] - Default: null

2020-09-15 14:23:21 - [TEST_STEP][PASSED] - return null: null

2020-09-15 14:23:21 - [TEST_STEP][PASSED] - Start listener action : executeRows: null

2020-09-15 14:23:21 - [TEST_STEP][PASSED] - click(findTestObject("Object Repository/FDR-System-Admin/SysAdmin-Dashboard/maintainReferenceDataBtn")): Object: 'Object Repository/FDR-System-Admin/SysAdmin-Dashboard/maintainReferenceDataBtn' is clicked on

2020-09-15 14:23:22 - [MESSAGE][PASSED] - Object: 'Object Repository/FDR-System-Admin/SysAdmin-Dashboard/maintainReferenceDataBtn' is clicked on

2020-09-15 14:23:22 - [TEST_STEP][PASSED] - click(findTestObject("FDR-System-Admin/FDR-ReferencePage/reference-data")): Object: 'Object Repository/FDR-System-Admin/FDR-ReferencePage/reference-data' is clicked on

2020-09-15 14:23:22 - [MESSAGE][PASSED] - Object: 'Object Repository/FDR-System-Admin/FDR-ReferencePage/reference-data' is clicked on

2020-09-15 14:23:22 - [TEST_STEP][PASSED] - setText(findTestObject("FDR-System-Admin/FDR-ReferencePage/referenceDataNameInput"), "fund ratio"): Text 'fund ratio' is set on object 'Object Repository/FDR-System-Admin/FDR-ReferencePage/referenceDataNameInput'

2020-09-15 14:23:23 - [MESSAGE][PASSED] - Text 'fund ratio' is set on object 'Object Repository/FDR-System-Admin/FDR-ReferencePage/referenceDataNameInput'

2020-09-15 14:23:23 - [TEST_STEP][PASSED] - click(findTestObject("FDR-System-Admin/FDR-ReferencePage/fundRatioReference/fundRatioDetail/fundRatio")): Object: 'Object Repository/FDR-System-Admin/FDR-ReferencePage/fundRatioReference/fundRatioDetail/fundRatio' is clicked on

2020-09-15 14:23:24 - [MESSAGE][PASSED] - Object: 'Object Repository/FDR-System-Admin/FDR-ReferencePage/fundRatioReference/fundRatioDetail/fundRatio' is clicked on

2020-09-15 14:23:24 - [TEST_STEP][PASSED] - waitForElementPresent(findTestObject("FDR-System-Admin/FDR-Add-FundRatio/addFundRatioBtn"), 3): Object 'Object Repository/FDR-System-Admin/FDR-Add-FundRatio/addFundRatioBtn' is present

2020-09-15 14:23:24 - [MESSAGE][PASSED] - Object 'Object Repository/FDR-System-Admin/FDR-Add-FundRatio/addFundRatioBtn' is present

2020-09-15 14:23:24 - [TEST_STEP][PASSED] - click(findTestObject("FDR-System-Admin/FDR-Add-FundRatio/addFundRatioBtn")): Object: 'Object Repository/FDR-System-Admin/FDR-Add-FundRatio/addFundRatioBtn' is clicked on

2020-09-15 14:23:25 - [MESSAGE][PASSED] - Object: 'Object Repository/FDR-System-Admin/FDR-Add-FundRatio/addFundRatioBtn' is clicked on

2020-09-15 14:23:25 - [TEST_STEP][PASSED] - waitForElementPresent(findTestObject("FDR-System-Admin/FDR-Add-FundRatio/federalPercent"), 3): Object 'Object Repository/FDR-System-Admin/FDR-Add-FundRatio/federalPercent' is present

2020-09-15 14:23:25 - [MESSAGE][PASSED] - Object 'Object Repository/FDR-System-Admin/FDR-Add-FundRatio/federalPercent' is present

2020-09-15 14:23:25 - [TEST_STEP][PASSED] - setText(findTestObject("FDR-System-Admin/FDR-Add-FundRatio/federalPercent"), "100"): Text '100' is set on object 'Object Repository/FDR-System-Admin/FDR-Add-FundRatio/federalPercent'

2020-09-15 14:23:26 - [MESSAGE][PASSED] - Text '100' is set on object 'Object Repository/FDR-System-Admin/FDR-Add-FundRatio/federalPercent'

2020-09-15 14:23:26 - [TEST_STEP][PASSED] - waitForElementPresent(findTestObject("FDR-System-Admin/FDR-Add-FundRatio/nonFederalPercent"), 3): Object 'Object Repository/FDR-System-Admin/FDR-Add-FundRatio/nonFederalPercent' is present

2020-09-15 14:23:26 - [MESSAGE][PASSED] - Object 'Object Repository/FDR-System-Admin/FDR-Add-FundRatio/nonFederalPercent' is present

2020-09-15 14:23:26 - [TEST_STEP][PASSED] - setText(findTestObject("FDR-System-Admin/FDR-Add-FundRatio/nonFederalPercent"), "0"): Text '0' is set on object 'Object Repository/FDR-System-Admin/FDR-Add-FundRatio/nonFederalPercent'

2020-09-15 14:23:27 - [MESSAGE][PASSED] - Text '0' is set on object 'Object Repository/FDR-System-Admin/FDR-Add-FundRatio/nonFederalPercent'

2020-09-15 14:23:27 - [TEST_STEP][PASSED] - waitForElementPresent(findTestObject("FDR-System-Admin/FDR-Add-FundRatio/fundRatioCancelBtn"), 3): Object 'Object Repository/FDR-System-Admin/FDR-Add-FundRatio/fundRatioCancelBtn' is present

2020-09-15 14:23:27 - [MESSAGE][PASSED] - Object 'Object Repository/FDR-System-Admin/FDR-Add-FundRatio/fundRatioCancelBtn' is present

2020-09-15 14:23:27 - [TEST_STEP][PASSED] - click(findTestObject("FDR-System-Admin/FDR-Add-FundRatio/fundRatioCancelBtn")): Object: 'Object Repository/FDR-System-Admin/FDR-Add-FundRatio/fundRatioCancelBtn' is clicked on

2020-09-15 14:23:28 - [MESSAGE][PASSED] - Object: 'Object Repository/FDR-System-Admin/FDR-Add-FundRatio/fundRatioCancelBtn' is clicked on

2020-09-15 14:23:28 - [TEST_STEP][PASSED] - waitForElementPresent(findTestObject("FDR-System-Admin/FDR-Edit-FundRatios/firstRowofFundRatio"), 3): Object 'Object Repository/FDR-System-Admin/FDR-Edit-FundRatios/firstRowofFundRatio' is present

2020-09-15 14:23:28 - [MESSAGE][PASSED] - Object 'Object Repository/FDR-System-Admin/FDR-Edit-FundRatios/firstRowofFundRatio' is present

2020-09-15 14:23:28 - [TEST_STEP][PASSED] - click(findTestObject("FDR-System-Admin/FDR-Edit-FundRatios/firstRowofFundRatio")): Object: 'Object Repository/FDR-System-Admin/FDR-Edit-FundRatios/firstRowofFundRatio' is clicked on

2020-09-15 14:23:29 - [MESSAGE][PASSED] - Object: 'Object Repository/FDR-System-Admin/FDR-Edit-FundRatios/firstRowofFundRatio' is clicked on

2020-09-15 14:23:29 - [TEST_STEP][PASSED] - waitForElementPresent(findTestObject("FDR-System-Admin/FDR-Edit-FundRatios/fundRatioHeader"), 3): Object 'Object Repository/FDR-System-Admin/FDR-Edit-FundRatios/fundRatioHeader' is not present after 3 second(s)

2020-09-15 14:23:33 - [MESSAGE][INFO] - Unable to find the element located by 'By.xpath: //*[@id="wrapper"]/main/div/div/div/div/main/div/div[2]/div/div[1]/div[1]/div/div[1]/div/h2'. Please recheck the objects properties to make sure the desired element is located. 

2020-09-15 14:23:33 - [MESSAGE][WARNING] - Object 'Object Repository/FDR-System-Admin/FDR-Edit-FundRatios/fundRatioHeader' is not present after 3 second(s)

2020-09-15 14:23:33 - [TEST_STEP][PASSED] - waitForElementPresent(findTestObject("FDR-System-Admin/FDR-Edit-FundRatios/fundRatioEditElipsisBtn"), 3): Object 'Object Repository/FDR-System-Admin/FDR-Edit-FundRatios/fundRatioEditElipsisBtn' is present

2020-09-15 14:23:33 - [MESSAGE][PASSED] - Object 'Object Repository/FDR-System-Admin/FDR-Edit-FundRatios/fundRatioEditElipsisBtn' is present

2020-09-15 14:23:33 - [TEST_STEP][PASSED] - click(findTestObject("FDR-System-Admin/FDR-Edit-FundRatios/fundRatioEditElipsisBtn")): Object: 'Object Repository/FDR-System-Admin/FDR-Edit-FundRatios/fundRatioEditElipsisBtn' is clicked on

2020-09-15 14:23:33 - [MESSAGE][PASSED] - Object: 'Object Repository/FDR-System-Admin/FDR-Edit-FundRatios/fundRatioEditElipsisBtn' is clicked on

2020-09-15 14:23:33 - [TEST_STEP][PASSED] - waitForElementPresent(findTestObject("FDR-System-Admin/FDR-Edit-FundRatios/fundRatioEditBtn"), 3): Object 'Object Repository/FDR-System-Admin/FDR-Edit-FundRatios/fundRatioEditBtn' is present

2020-09-15 14:23:34 - [MESSAGE][PASSED] - Object 'Object Repository/FDR-System-Admin/FDR-Edit-FundRatios/fundRatioEditBtn' is present

2020-09-15 14:23:34 - [TEST_STEP][PASSED] - click(findTestObject("FDR-System-Admin/FDR-Edit-FundRatios/fundRatioEditBtn")): Object: 'Object Repository/FDR-System-Admin/FDR-Edit-FundRatios/fundRatioEditBtn' is clicked on

2020-09-15 14:23:34 - [MESSAGE][PASSED] - Object: 'Object Repository/FDR-System-Admin/FDR-Edit-FundRatios/fundRatioEditBtn' is clicked on

2020-09-15 14:23:34 - [TEST_STEP][PASSED] - waitForElementPresent(findTestObject("FDR-System-Admin/FDR-Edit-FundRatios/editFundRatioLabel"), 3): Object 'Object Repository/FDR-System-Admin/FDR-Edit-FundRatios/editFundRatioLabel' is not present after 3 second(s)

2020-09-15 14:23:38 - [MESSAGE][INFO] - Unable to find the element located by 'By.xpath: //*[@id="wrapper"]/main/div/div/div/div/main/div[2]/form/div/div[1]/h2'. Please recheck the objects properties to make sure the desired element is located. 

2020-09-15 14:23:38 - [MESSAGE][WARNING] - Object 'Object Repository/FDR-System-Admin/FDR-Edit-FundRatios/editFundRatioLabel' is not present after 3 second(s)

2020-09-15 14:23:38 - [TEST_STEP][PASSED] - waitForElementPresent(findTestObject("FDR-System-Admin/FDR-Edit-FundRatios/saveFundRatioBtn"), 3): Object 'Object Repository/FDR-System-Admin/FDR-Edit-FundRatios/saveFundRatioBtn' is not present after 3 second(s)

2020-09-15 14:23:43 - [MESSAGE][INFO] - Unable to find the element located by 'By.xpath: //*[@id="wrapper"]/main/div/div/div/div/main/div[2]/form/div/div[3]/div/div[2]/div/div[2]/button'. Please recheck the objects properties to make sure the desired element is located. 

2020-09-15 14:23:43 - [MESSAGE][WARNING] - Object 'Object Repository/FDR-System-Admin/FDR-Edit-FundRatios/saveFundRatioBtn' is not present after 3 second(s)

2020-09-15 14:23:43 - [TEST_STEP][PASSED] - waitForElementPresent(findTestObject("FDR-System-Admin/FDR-Edit-FundRatios/backToFundRatios"), 3): Object 'Object Repository/FDR-System-Admin/FDR-Edit-FundRatios/backToFundRatios' is present

2020-09-15 14:23:43 - [MESSAGE][PASSED] - Object 'Object Repository/FDR-System-Admin/FDR-Edit-FundRatios/backToFundRatios' is present

2020-09-15 14:23:43 - [TEST_STEP][PASSED] - click(findTestObject("FDR-System-Admin/FDR-Edit-FundRatios/backToFundRatios")): Object: 'Object Repository/FDR-System-Admin/FDR-Edit-FundRatios/backToFundRatios' is clicked on

2020-09-15 14:23:43 - [MESSAGE][PASSED] - Object: 'Object Repository/FDR-System-Admin/FDR-Edit-FundRatios/backToFundRatios' is clicked on

2020-09-15 14:23:43 - [TEST_STEP][PASSED] - if (verifyElementPresent(findTestObject("FDR-System-Admin/FDR-Edit-FundRatios/firstRowofFundRatio"), 2)): null

2020-09-15 14:23:44 - [MESSAGE][PASSED] - Object 'Object Repository/FDR-System-Admin/FDR-Edit-FundRatios/firstRowofFundRatio' is present

2020-09-15 14:23:44 - [TEST_STEP][PASSED] - click(findTestObject("FDR-System-Admin/FDR-Edit-FundRatios/firstRowofFundRatio")): Object: 'Object Repository/FDR-System-Admin/FDR-Edit-FundRatios/firstRowofFundRatio' is clicked on

2020-09-15 14:23:44 - [MESSAGE][PASSED] - Object: 'Object Repository/FDR-System-Admin/FDR-Edit-FundRatios/firstRowofFundRatio' is clicked on

2020-09-15 14:23:44 - [TEST_STEP][PASSED] - waitForElementPresent(findTestObject("FDR-System-Admin/FDR-Edit-FundRatios/fundRatioHeader"), 3): Object 'Object Repository/FDR-System-Admin/FDR-Edit-FundRatios/fundRatioHeader' is not present after 3 second(s)

2020-09-15 14:23:48 - [MESSAGE][INFO] - Unable to find the element located by 'By.xpath: //*[@id="wrapper"]/main/div/div/div/div/main/div/div[2]/div/div[1]/div[1]/div/div[1]/div/h2'. Please recheck the objects properties to make sure the desired element is located. 

2020-09-15 14:23:48 - [MESSAGE][WARNING] - Object 'Object Repository/FDR-System-Admin/FDR-Edit-FundRatios/fundRatioHeader' is not present after 3 second(s)

2020-09-15 14:23:48 - [TEST_STEP][PASSED] - label = getText(findTestObject("FDR-System-Admin/FDR-ReferencePage/fundRatioReference/fundRatioDetail/federalPercentage")): Text of object 'Object Repository/FDR-System-Admin/FDR-ReferencePage/fundRatioReference/fundRatioDetail/federalPercentage' is: 'FEDERAL %'

2020-09-15 14:23:48 - [MESSAGE][PASSED] - Text of object 'Object Repository/FDR-System-Admin/FDR-ReferencePage/fundRatioReference/fundRatioDetail/federalPercentage' is: 'FEDERAL %'

2020-09-15 14:23:48 - [TEST_STEP][PASSED] - assert label == "FEDERAL %": null

2020-09-15 14:23:48 - [TEST_STEP][PASSED] - label = getText(findTestObject("FDR-System-Admin/FDR-ReferencePage/fundRatioReference/fundRatioDetail/nonFederalPercentage")): Text of object 'Object Repository/FDR-System-Admin/FDR-ReferencePage/fundRatioReference/fundRatioDetail/nonFederalPercentage' is: 'NON-FEDERAL %'

2020-09-15 14:23:49 - [MESSAGE][PASSED] - Text of object 'Object Repository/FDR-System-Admin/FDR-ReferencePage/fundRatioReference/fundRatioDetail/nonFederalPercentage' is: 'NON-FEDERAL %'

2020-09-15 14:23:49 - [TEST_STEP][PASSED] - assert label == "NON-FEDERAL %": null

2020-09-15 14:23:49 - [TEST_STEP][PASSED] - Start listener action : sampleAfterTestCase: null

2020-09-15 14:23:49 - [TEST_STEP][PASSED] - profileName = getExecutionProfile(): null

2020-09-15 14:23:49 - [TEST_STEP][PASSED] - switch (profileName): null

2020-09-15 14:23:49 - [TEST_STEP][PASSED] - case "superUser":: null

2020-09-15 14:23:49 - [TEST_STEP][PASSED] - return null: null

2020-09-15 14:23:49 - [TEST_STEP][PASSED] - Start listener action : afterTestCase: Browser is closed

2020-09-15 14:23:49 - [TEST_STEP][PASSED] - profileName = getExecutionProfile(): null

2020-09-15 14:23:49 - [TEST_STEP][PASSED] - if (profileName.equalsIgnoreCase("SysAdmin")): Browser is closed

2020-09-15 14:23:49 - [TEST_STEP][PASSED] - closeBrowser(): Browser is closed

2020-09-15 14:23:49 - [MESSAGE][PASSED] - Browser is closed

2020-09-15 14:23:49 - [TEST_STEP][PASSED] - Start listener action : sampleAfterTestCase: null

2020-09-15 14:23:49 - [TEST_STEP][PASSED] - profileName = getExecutionProfile(): null

2020-09-15 14:23:49 - [TEST_STEP][PASSED] - switch (profileName): null

2020-09-15 14:23:49 - [TEST_STEP][PASSED] - Default: null

2020-09-15 14:23:49 - [TEST_STEP][PASSED] - return null: null

2020-09-15 14:23:49 - [TEST_STEP][PASSED] - Start listener action : addFailedTCToList: null]]></system-out>
         <system-err><![CDATA[]]></system-err>
      </testcase>
      <testcase name="Test Cases/WEB-UI-TESTS/SysAdmin/ReferencePage/ReferenceDetail/FDR-Add-FundDetailReview" time="32.86" classname="Test Cases/WEB-UI-TESTS/SysAdmin/ReferencePage/ReferenceDetail/FDR-Add-FundDetailReview" status="PASSED">
         <system-out><![CDATA[2020-09-15 14:23:49 - [TEST_CASE][PASSED] - Test Cases/WEB-UI-TESTS/SysAdmin/ReferencePage/ReferenceDetail/FDR-Add-FundDetailReview: Test Cases/WEB-UI-TESTS/SysAdmin/ReferencePage/ReferenceDetail/FDR-Add-FundDetailReview

2020-09-15 14:23:50 - [TEST_STEP][PASSED] - Start listener action : sampleBeforeTestCase: null

2020-09-15 14:23:50 - [TEST_STEP][PASSED] - profileName = getExecutionProfile(): null

2020-09-15 14:23:50 - [TEST_STEP][PASSED] - switch (profileName): null

2020-09-15 14:23:50 - [TEST_STEP][PASSED] - case "superUser":: null

2020-09-15 14:23:50 - [TEST_STEP][PASSED] - return null: null

2020-09-15 14:23:50 - [TEST_STEP][PASSED] - Start listener action : beforeTestCase: Call Test Case 'Test Cases/WEB-UI-TESTS/SysAdmin/SystemAdmin-Login' successfully

2020-09-15 14:23:50 - [TEST_STEP][PASSED] - profileName = getExecutionProfile(): null

2020-09-15 14:23:50 - [TEST_STEP][PASSED] - if (profileName.equalsIgnoreCase("SysAdmin")): Call Test Case 'Test Cases/WEB-UI-TESTS/SysAdmin/SystemAdmin-Login' successfully

2020-09-15 14:23:50 - [TEST_STEP][PASSED] - callTestCase(findTestCase("Test Cases/WEB-UI-TESTS/SysAdmin/SystemAdmin-Login"), null): Call Test Case 'Test Cases/WEB-UI-TESTS/SysAdmin/SystemAdmin-Login' successfully

2020-09-15 14:23:50 - [TEST_CASE][PASSED] - Test Cases/WEB-UI-TESTS/SysAdmin/SystemAdmin-Login: Test Cases/WEB-UI-TESTS/SysAdmin/SystemAdmin-Login

2020-09-15 14:23:50 - [TEST_STEP][PASSED] - openBrowser(URL): Browser is opened with url: 'https://fdr-katalon.cammis-mod-dev.dhcs.ca.gov'

2020-09-15 14:23:50 - [MESSAGE][INFO] - Starting 'Chrome' driver

2020-09-15 14:23:50 - [MESSAGE][INFO] - Action delay is set to 0 milliseconds

2020-09-15 14:23:54 - [MESSAGE][PASSED] - Browser is opened with url: 'https://fdr-katalon.cammis-mod-dev.dhcs.ca.gov'

2020-09-15 14:23:54 - [TEST_STEP][PASSED] - maximizeWindow(): Current window maximized

2020-09-15 14:23:56 - [MESSAGE][PASSED] - Current window maximized

2020-09-15 14:23:56 - [TEST_STEP][PASSED] - refresh(): Refresh successfully

2020-09-15 14:23:56 - [MESSAGE][PASSED] - Refresh successfully

2020-09-15 14:23:56 - [TEST_STEP][PASSED] - delay(2): Delayed 2 second(s)

2020-09-15 14:23:58 - [MESSAGE][PASSED] - Delayed 2 second(s)

2020-09-15 14:23:58 - [TEST_STEP][PASSED] - waitForElementPresent(findTestObject("FDR-System-Admin/SysAdmin-SignIn/adminEmail"), 5): Object 'Object Repository/FDR-System-Admin/SysAdmin-SignIn/adminEmail' is present

2020-09-15 14:23:59 - [MESSAGE][PASSED] - Object 'Object Repository/FDR-System-Admin/SysAdmin-SignIn/adminEmail' is present

2020-09-15 14:23:59 - [TEST_STEP][PASSED] - setText(findTestObject("FDR-System-Admin/SysAdmin-SignIn/adminEmail"), adminEmail): Text 'fdr.test10@dhcs.ca.gov
' is set on object 'Object Repository/FDR-System-Admin/SysAdmin-SignIn/adminEmail'

2020-09-15 14:23:59 - [MESSAGE][PASSED] - Text 'fdr.test10@dhcs.ca.gov
' is set on object 'Object Repository/FDR-System-Admin/SysAdmin-SignIn/adminEmail'

2020-09-15 14:23:59 - [TEST_STEP][PASSED] - waitForElementPresent(findTestObject("FDR-System-Admin/SysAdmin-SignIn/adminUserName"), 5): Object 'Object Repository/FDR-System-Admin/SysAdmin-SignIn/adminUserName' is present

2020-09-15 14:24:02 - [MESSAGE][PASSED] - Object 'Object Repository/FDR-System-Admin/SysAdmin-SignIn/adminUserName' is present

2020-09-15 14:24:02 - [TEST_STEP][PASSED] - setText(findTestObject("FDR-System-Admin/SysAdmin-SignIn/adminUserName"), UserName): Text 'fdr.test10@dhcs.ca.gov' is set on object 'Object Repository/FDR-System-Admin/SysAdmin-SignIn/adminUserName'

2020-09-15 14:24:03 - [MESSAGE][PASSED] - Text 'fdr.test10@dhcs.ca.gov' is set on object 'Object Repository/FDR-System-Admin/SysAdmin-SignIn/adminUserName'

2020-09-15 14:24:03 - [TEST_STEP][PASSED] - setText(findTestObject("FDR-System-Admin/SysAdmin-SignIn/adminPass"), Password): Text 'Password18' is set on object 'Object Repository/FDR-System-Admin/SysAdmin-SignIn/adminPass'

2020-09-15 14:24:04 - [MESSAGE][PASSED] - Text 'Password18' is set on object 'Object Repository/FDR-System-Admin/SysAdmin-SignIn/adminPass'

2020-09-15 14:24:04 - [TEST_STEP][PASSED] - click(findTestObject("FDR-System-Admin/SysAdmin-SignIn/adminSignIn")): Object: 'Object Repository/FDR-System-Admin/SysAdmin-SignIn/adminSignIn' is clicked on

2020-09-15 14:24:05 - [MESSAGE][PASSED] - Object: 'Object Repository/FDR-System-Admin/SysAdmin-SignIn/adminSignIn' is clicked on

2020-09-15 14:24:05 - [TEST_STEP][PASSED] - waitForElementPresent(findTestObject("Object Repository/FDR-System-Admin/SysAdmin-Dashboard/maintainReferenceDataBtn"), 3): Object 'Object Repository/FDR-System-Admin/SysAdmin-Dashboard/maintainReferenceDataBtn' is present

2020-09-15 14:24:07 - [MESSAGE][PASSED] - Object 'Object Repository/FDR-System-Admin/SysAdmin-Dashboard/maintainReferenceDataBtn' is present

2020-09-15 14:24:07 - [TEST_STEP][PASSED] - verifyElementPresent(findTestObject("Object Repository/FDR-System-Admin/SysAdmin-Dashboard/maintainReferenceDataBtn"), Timeout): Object 'Object Repository/FDR-System-Admin/SysAdmin-Dashboard/maintainReferenceDataBtn' is present

2020-09-15 14:24:07 - [MESSAGE][PASSED] - Object 'Object Repository/FDR-System-Admin/SysAdmin-Dashboard/maintainReferenceDataBtn' is present

2020-09-15 14:24:07 - [TEST_STEP][PASSED] - refresh(): Refresh successfully

2020-09-15 14:24:08 - [MESSAGE][PASSED] - Refresh successfully

2020-09-15 14:24:08 - [MESSAGE][PASSED] - Call Test Case 'Test Cases/WEB-UI-TESTS/SysAdmin/SystemAdmin-Login' successfully

2020-09-15 14:24:08 - [TEST_STEP][PASSED] - Start listener action : sampleBeforeTestCase: null

2020-09-15 14:24:08 - [TEST_STEP][PASSED] - profileName = getExecutionProfile(): null

2020-09-15 14:24:08 - [TEST_STEP][PASSED] - testCaseId = testCaseContext.getTestCaseId(): null

2020-09-15 14:24:08 - [TEST_STEP][PASSED] - switch (profileName): null

2020-09-15 14:24:08 - [TEST_STEP][PASSED] - Default: null

2020-09-15 14:24:08 - [TEST_STEP][PASSED] - return null: null

2020-09-15 14:24:08 - [TEST_STEP][PASSED] - Start listener action : executeRows: null

2020-09-15 14:24:08 - [TEST_STEP][PASSED] - click(findTestObject("Object Repository/FDR-System-Admin/SysAdmin-Dashboard/maintainReferenceDataBtn")): Object: 'Object Repository/FDR-System-Admin/SysAdmin-Dashboard/maintainReferenceDataBtn' is clicked on

2020-09-15 14:24:09 - [MESSAGE][PASSED] - Object: 'Object Repository/FDR-System-Admin/SysAdmin-Dashboard/maintainReferenceDataBtn' is clicked on

2020-09-15 14:24:09 - [TEST_STEP][PASSED] - click(findTestObject("Object Repository/FDR-System-Admin/FDR-ReferencePage/reference-data")): Object: 'Object Repository/FDR-System-Admin/FDR-ReferencePage/reference-data' is clicked on

2020-09-15 14:24:09 - [MESSAGE][PASSED] - Object: 'Object Repository/FDR-System-Admin/FDR-ReferencePage/reference-data' is clicked on

2020-09-15 14:24:09 - [TEST_STEP][PASSED] - setText(findTestObject("Object Repository/FDR-System-Admin/FDR-ReferencePage/referenceDataNameInput"), "fund"): Text 'fund' is set on object 'Object Repository/FDR-System-Admin/FDR-ReferencePage/referenceDataNameInput'

2020-09-15 14:24:10 - [MESSAGE][PASSED] - Text 'fund' is set on object 'Object Repository/FDR-System-Admin/FDR-ReferencePage/referenceDataNameInput'

2020-09-15 14:24:10 - [TEST_STEP][PASSED] - click(findTestObject("FDR-System-Admin/FDR-ReferencePage/fundReference/fundDetail/fund")): Object: 'Object Repository/FDR-System-Admin/FDR-ReferencePage/fundReference/fundDetail/fund' is clicked on

2020-09-15 14:24:11 - [MESSAGE][PASSED] - Object: 'Object Repository/FDR-System-Admin/FDR-ReferencePage/fundReference/fundDetail/fund' is clicked on

2020-09-15 14:24:11 - [TEST_STEP][PASSED] - waitForElementPresent(findTestObject("Object Repository/FDR-System-Admin/FDR-Add-Funds/addFundBtn"), 3): Object 'Object Repository/FDR-System-Admin/FDR-Add-Funds/addFundBtn' is present

2020-09-15 14:24:11 - [MESSAGE][PASSED] - Object 'Object Repository/FDR-System-Admin/FDR-Add-Funds/addFundBtn' is present

2020-09-15 14:24:11 - [TEST_STEP][PASSED] - click(findTestObject("Object Repository/FDR-System-Admin/FDR-Add-Funds/addFundBtn")): Object: 'Object Repository/FDR-System-Admin/FDR-Add-Funds/addFundBtn' is clicked on

2020-09-15 14:24:11 - [MESSAGE][PASSED] - Object: 'Object Repository/FDR-System-Admin/FDR-Add-Funds/addFundBtn' is clicked on

2020-09-15 14:24:11 - [TEST_STEP][PASSED] - waitForElementPresent(findTestObject("Object Repository/FDR-System-Admin/FDR-Add-Funds/newFundHeaderLabel"), 3): Object 'Object Repository/FDR-System-Admin/FDR-Add-Funds/newFundHeaderLabel' is present

2020-09-15 14:24:12 - [MESSAGE][PASSED] - Object 'Object Repository/FDR-System-Admin/FDR-Add-Funds/newFundHeaderLabel' is present

2020-09-15 14:24:12 - [TEST_STEP][PASSED] - code = RandomStringUtils.randomNumeric(7): null

2020-09-15 14:24:12 - [TEST_STEP][PASSED] - fundName = RandomStringUtils.randomAlphabetic(10): null

2020-09-15 14:24:12 - [TEST_STEP][PASSED] - waitForElementPresent(findTestObject("Object Repository/FDR-System-Admin/FDR-Add-Funds/fundCode"), 3): Object 'Object Repository/FDR-System-Admin/FDR-Add-Funds/fundCode' is present

2020-09-15 14:24:12 - [MESSAGE][PASSED] - Object 'Object Repository/FDR-System-Admin/FDR-Add-Funds/fundCode' is present

2020-09-15 14:24:12 - [TEST_STEP][PASSED] - setText(findTestObject("Object Repository/FDR-System-Admin/FDR-Add-Funds/fundCode"), code): Text '7202263' is set on object 'Object Repository/FDR-System-Admin/FDR-Add-Funds/fundCode'

2020-09-15 14:24:13 - [MESSAGE][PASSED] - Text '7202263' is set on object 'Object Repository/FDR-System-Admin/FDR-Add-Funds/fundCode'

2020-09-15 14:24:13 - [TEST_STEP][PASSED] - waitForElementPresent(findTestObject("Object Repository/FDR-System-Admin/FDR-Add-Funds/fundName"), 3): Object 'Object Repository/FDR-System-Admin/FDR-Add-Funds/fundName' is present

2020-09-15 14:24:13 - [MESSAGE][PASSED] - Object 'Object Repository/FDR-System-Admin/FDR-Add-Funds/fundName' is present

2020-09-15 14:24:13 - [TEST_STEP][PASSED] - setText(findTestObject("Object Repository/FDR-System-Admin/FDR-Add-Funds/fundName"), fundName): Text 'qnnQpgiYvq' is set on object 'Object Repository/FDR-System-Admin/FDR-Add-Funds/fundName'

2020-09-15 14:24:14 - [MESSAGE][PASSED] - Text 'qnnQpgiYvq' is set on object 'Object Repository/FDR-System-Admin/FDR-Add-Funds/fundName'

2020-09-15 14:24:14 - [TEST_STEP][PASSED] - waitForElementPresent(findTestObject("Object Repository/FDR-System-Admin/FDR-Add-Funds/addFundConfirmBtn"), 3): Object 'Object Repository/FDR-System-Admin/FDR-Add-Funds/addFundConfirmBtn' is present

2020-09-15 14:24:15 - [MESSAGE][PASSED] - Object 'Object Repository/FDR-System-Admin/FDR-Add-Funds/addFundConfirmBtn' is present

2020-09-15 14:24:15 - [TEST_STEP][PASSED] - click(findTestObject("Object Repository/FDR-System-Admin/FDR-Add-Funds/addFundConfirmBtn")): Object: 'Object Repository/FDR-System-Admin/FDR-Add-Funds/addFundConfirmBtn' is clicked on

2020-09-15 14:24:15 - [MESSAGE][PASSED] - Object: 'Object Repository/FDR-System-Admin/FDR-Add-Funds/addFundConfirmBtn' is clicked on

2020-09-15 14:24:15 - [TEST_STEP][PASSED] - waitForElementPresent(findTestObject("Object Repository/FDR-System-Admin/FDR-Add-Funds/fundHeader"), 3): Object 'Object Repository/FDR-System-Admin/FDR-Add-Funds/fundHeader' is present

2020-09-15 14:24:16 - [MESSAGE][PASSED] - Object 'Object Repository/FDR-System-Admin/FDR-Add-Funds/fundHeader' is present

2020-09-15 14:24:16 - [TEST_STEP][PASSED] - waitForElementPresent(findTestObject("Object Repository/FDR-System-Admin/FDR-Edit-Fund/fundElipsisBtn"), 3): Object 'Object Repository/FDR-System-Admin/FDR-Edit-Fund/fundElipsisBtn' is present

2020-09-15 14:24:16 - [MESSAGE][PASSED] - Object 'Object Repository/FDR-System-Admin/FDR-Edit-Fund/fundElipsisBtn' is present

2020-09-15 14:24:16 - [TEST_STEP][PASSED] - click(findTestObject("Object Repository/FDR-System-Admin/FDR-Edit-Fund/fundElipsisBtn")): Object: 'Object Repository/FDR-System-Admin/FDR-Edit-Fund/fundElipsisBtn' is clicked on

2020-09-15 14:24:16 - [MESSAGE][PASSED] - Object: 'Object Repository/FDR-System-Admin/FDR-Edit-Fund/fundElipsisBtn' is clicked on

2020-09-15 14:24:16 - [TEST_STEP][PASSED] - waitForElementPresent(findTestObject("Object Repository/FDR-System-Admin/FDR-Edit-Fund/fundEditBtn"), 3): Object 'Object Repository/FDR-System-Admin/FDR-Edit-Fund/fundEditBtn' is present

2020-09-15 14:24:17 - [MESSAGE][PASSED] - Object 'Object Repository/FDR-System-Admin/FDR-Edit-Fund/fundEditBtn' is present

2020-09-15 14:24:17 - [TEST_STEP][PASSED] - click(findTestObject("Object Repository/FDR-System-Admin/FDR-Edit-Fund/fundEditBtn")): Object: 'Object Repository/FDR-System-Admin/FDR-Edit-Fund/fundEditBtn' is clicked on

2020-09-15 14:24:17 - [MESSAGE][PASSED] - Object: 'Object Repository/FDR-System-Admin/FDR-Edit-Fund/fundEditBtn' is clicked on

2020-09-15 14:24:17 - [TEST_STEP][PASSED] - editFundName = RandomStringUtils.randomAlphabetic(10): null

2020-09-15 14:24:17 - [TEST_STEP][PASSED] - waitForElementPresent(findTestObject("Object Repository/FDR-System-Admin/FDR-Add-Funds/fundName"), 3): Object 'Object Repository/FDR-System-Admin/FDR-Add-Funds/fundName' is present

2020-09-15 14:24:18 - [MESSAGE][PASSED] - Object 'Object Repository/FDR-System-Admin/FDR-Add-Funds/fundName' is present

2020-09-15 14:24:18 - [TEST_STEP][PASSED] - doubleClick(findTestObject("Object Repository/FDR-System-Admin/FDR-Add-Funds/fundName")): Object: 'Object Repository/FDR-System-Admin/FDR-Add-Funds/fundName' is double clicked on

2020-09-15 14:24:18 - [MESSAGE][PASSED] - Object: 'Object Repository/FDR-System-Admin/FDR-Add-Funds/fundName' is double clicked on

2020-09-15 14:24:18 - [TEST_STEP][PASSED] - sendKeys(findTestObject("Object Repository/FDR-System-Admin/FDR-Add-Funds/fundName"), Keys.chord(BACK_SPACE)): Keys 'BACK_SPACE + ' sent to object: 'Object Repository/FDR-System-Admin/FDR-Add-Funds/fundName'

2020-09-15 14:24:19 - [MESSAGE][PASSED] - Keys 'BACK_SPACE + ' sent to object: 'Object Repository/FDR-System-Admin/FDR-Add-Funds/fundName'

2020-09-15 14:24:19 - [TEST_STEP][PASSED] - setText(findTestObject("Object Repository/FDR-System-Admin/FDR-Add-Funds/fundName"), editFundName): Text 'xaJGOHYzoX' is set on object 'Object Repository/FDR-System-Admin/FDR-Add-Funds/fundName'

2020-09-15 14:24:20 - [MESSAGE][PASSED] - Text 'xaJGOHYzoX' is set on object 'Object Repository/FDR-System-Admin/FDR-Add-Funds/fundName'

2020-09-15 14:24:20 - [TEST_STEP][PASSED] - waitForElementPresent(findTestObject("Object Repository/FDR-System-Admin/FDR-Edit-Fund/fundSaveBtn"), 3): Object 'Object Repository/FDR-System-Admin/FDR-Edit-Fund/fundSaveBtn' is present

2020-09-15 14:24:20 - [MESSAGE][PASSED] - Object 'Object Repository/FDR-System-Admin/FDR-Edit-Fund/fundSaveBtn' is present

2020-09-15 14:24:20 - [TEST_STEP][PASSED] - click(findTestObject("Object Repository/FDR-System-Admin/FDR-Edit-Fund/fundSaveBtn")): Object: 'Object Repository/FDR-System-Admin/FDR-Edit-Fund/fundSaveBtn' is clicked on

2020-09-15 14:24:20 - [MESSAGE][PASSED] - Object: 'Object Repository/FDR-System-Admin/FDR-Edit-Fund/fundSaveBtn' is clicked on

2020-09-15 14:24:20 - [TEST_STEP][PASSED] - waitForElementPresent(findTestObject("Object Repository/FDR-System-Admin/FDR-Add-Funds/fundHeader"), 3): Object 'Object Repository/FDR-System-Admin/FDR-Add-Funds/fundHeader' is present

2020-09-15 14:24:21 - [MESSAGE][PASSED] - Object 'Object Repository/FDR-System-Admin/FDR-Add-Funds/fundHeader' is present

2020-09-15 14:24:21 - [TEST_STEP][PASSED] - waitForElementPresent(findTestObject("Object Repository/FDR-System-Admin/FDR-Add-Funds/backToFunds"), 3): Object 'Object Repository/FDR-System-Admin/FDR-Add-Funds/backToFunds' is present

2020-09-15 14:24:21 - [MESSAGE][PASSED] - Object 'Object Repository/FDR-System-Admin/FDR-Add-Funds/backToFunds' is present

2020-09-15 14:24:21 - [TEST_STEP][PASSED] - click(findTestObject("Object Repository/FDR-System-Admin/FDR-Add-Funds/backToFunds")): Object: 'Object Repository/FDR-System-Admin/FDR-Add-Funds/backToFunds' is clicked on

2020-09-15 14:24:22 - [MESSAGE][PASSED] - Object: 'Object Repository/FDR-System-Admin/FDR-Add-Funds/backToFunds' is clicked on

2020-09-15 14:24:22 - [TEST_STEP][PASSED] - Start listener action : sampleAfterTestCase: null

2020-09-15 14:24:22 - [TEST_STEP][PASSED] - profileName = getExecutionProfile(): null

2020-09-15 14:24:22 - [TEST_STEP][PASSED] - switch (profileName): null

2020-09-15 14:24:22 - [TEST_STEP][PASSED] - case "superUser":: null

2020-09-15 14:24:22 - [TEST_STEP][PASSED] - return null: null

2020-09-15 14:24:22 - [TEST_STEP][PASSED] - Start listener action : afterTestCase: Browser is closed

2020-09-15 14:24:22 - [TEST_STEP][PASSED] - profileName = getExecutionProfile(): null

2020-09-15 14:24:22 - [TEST_STEP][PASSED] - if (profileName.equalsIgnoreCase("SysAdmin")): Browser is closed

2020-09-15 14:24:22 - [TEST_STEP][PASSED] - closeBrowser(): Browser is closed

2020-09-15 14:24:22 - [MESSAGE][PASSED] - Browser is closed

2020-09-15 14:24:22 - [TEST_STEP][PASSED] - Start listener action : sampleAfterTestCase: null

2020-09-15 14:24:22 - [TEST_STEP][PASSED] - profileName = getExecutionProfile(): null

2020-09-15 14:24:22 - [TEST_STEP][PASSED] - switch (profileName): null

2020-09-15 14:24:22 - [TEST_STEP][PASSED] - Default: null

2020-09-15 14:24:22 - [TEST_STEP][PASSED] - return null: null

2020-09-15 14:24:22 - [TEST_STEP][PASSED] - Start listener action : addFailedTCToList: null]]></system-out>
         <system-err><![CDATA[]]></system-err>
      </testcase>
      <testcase name="Test Cases/WEB-UI-TESTS/SysAdmin/ReferencePage/ReferenceDetail/FDR-Add-AccountDetailReview" time="37.509" classname="Test Cases/WEB-UI-TESTS/SysAdmin/ReferencePage/ReferenceDetail/FDR-Add-AccountDetailReview" status="PASSED">
         <system-out><![CDATA[2020-09-15 14:24:22 - [TEST_CASE][PASSED] - Test Cases/WEB-UI-TESTS/SysAdmin/ReferencePage/ReferenceDetail/FDR-Add-AccountDetailReview: Test Cases/WEB-UI-TESTS/SysAdmin/ReferencePage/ReferenceDetail/FDR-Add-AccountDetailReview

2020-09-15 14:24:22 - [TEST_STEP][PASSED] - Start listener action : sampleBeforeTestCase: null

2020-09-15 14:24:22 - [TEST_STEP][PASSED] - profileName = getExecutionProfile(): null

2020-09-15 14:24:22 - [TEST_STEP][PASSED] - switch (profileName): null

2020-09-15 14:24:22 - [TEST_STEP][PASSED] - case "superUser":: null

2020-09-15 14:24:22 - [TEST_STEP][PASSED] - return null: null

2020-09-15 14:24:22 - [TEST_STEP][PASSED] - Start listener action : beforeTestCase: Call Test Case 'Test Cases/WEB-UI-TESTS/SysAdmin/SystemAdmin-Login' successfully

2020-09-15 14:24:22 - [TEST_STEP][PASSED] - profileName = getExecutionProfile(): null

2020-09-15 14:24:22 - [TEST_STEP][PASSED] - if (profileName.equalsIgnoreCase("SysAdmin")): Call Test Case 'Test Cases/WEB-UI-TESTS/SysAdmin/SystemAdmin-Login' successfully

2020-09-15 14:24:22 - [TEST_STEP][PASSED] - callTestCase(findTestCase("Test Cases/WEB-UI-TESTS/SysAdmin/SystemAdmin-Login"), null): Call Test Case 'Test Cases/WEB-UI-TESTS/SysAdmin/SystemAdmin-Login' successfully

2020-09-15 14:24:22 - [TEST_CASE][PASSED] - Test Cases/WEB-UI-TESTS/SysAdmin/SystemAdmin-Login: Test Cases/WEB-UI-TESTS/SysAdmin/SystemAdmin-Login

2020-09-15 14:24:22 - [TEST_STEP][PASSED] - openBrowser(URL): Browser is opened with url: 'https://fdr-katalon.cammis-mod-dev.dhcs.ca.gov'

2020-09-15 14:24:22 - [MESSAGE][INFO] - Starting 'Chrome' driver

2020-09-15 14:24:22 - [MESSAGE][INFO] - Action delay is set to 0 milliseconds

2020-09-15 14:24:27 - [MESSAGE][PASSED] - Browser is opened with url: 'https://fdr-katalon.cammis-mod-dev.dhcs.ca.gov'

2020-09-15 14:24:27 - [TEST_STEP][PASSED] - maximizeWindow(): Current window maximized

2020-09-15 14:24:29 - [MESSAGE][PASSED] - Current window maximized

2020-09-15 14:24:29 - [TEST_STEP][PASSED] - refresh(): Refresh successfully

2020-09-15 14:24:29 - [MESSAGE][PASSED] - Refresh successfully

2020-09-15 14:24:29 - [TEST_STEP][PASSED] - delay(2): Delayed 2 second(s)

2020-09-15 14:24:31 - [MESSAGE][PASSED] - Delayed 2 second(s)

2020-09-15 14:24:31 - [TEST_STEP][PASSED] - waitForElementPresent(findTestObject("FDR-System-Admin/SysAdmin-SignIn/adminEmail"), 5): Object 'Object Repository/FDR-System-Admin/SysAdmin-SignIn/adminEmail' is present

2020-09-15 14:24:32 - [MESSAGE][PASSED] - Object 'Object Repository/FDR-System-Admin/SysAdmin-SignIn/adminEmail' is present

2020-09-15 14:24:32 - [TEST_STEP][PASSED] - setText(findTestObject("FDR-System-Admin/SysAdmin-SignIn/adminEmail"), adminEmail): Text 'fdr.test10@dhcs.ca.gov
' is set on object 'Object Repository/FDR-System-Admin/SysAdmin-SignIn/adminEmail'

2020-09-15 14:24:32 - [MESSAGE][PASSED] - Text 'fdr.test10@dhcs.ca.gov
' is set on object 'Object Repository/FDR-System-Admin/SysAdmin-SignIn/adminEmail'

2020-09-15 14:24:32 - [TEST_STEP][PASSED] - waitForElementPresent(findTestObject("FDR-System-Admin/SysAdmin-SignIn/adminUserName"), 5): Object 'Object Repository/FDR-System-Admin/SysAdmin-SignIn/adminUserName' is present

2020-09-15 14:24:37 - [MESSAGE][PASSED] - Object 'Object Repository/FDR-System-Admin/SysAdmin-SignIn/adminUserName' is present

2020-09-15 14:24:37 - [TEST_STEP][PASSED] - setText(findTestObject("FDR-System-Admin/SysAdmin-SignIn/adminUserName"), UserName): Text 'fdr.test10@dhcs.ca.gov' is set on object 'Object Repository/FDR-System-Admin/SysAdmin-SignIn/adminUserName'

2020-09-15 14:24:37 - [MESSAGE][PASSED] - Text 'fdr.test10@dhcs.ca.gov' is set on object 'Object Repository/FDR-System-Admin/SysAdmin-SignIn/adminUserName'

2020-09-15 14:24:37 - [TEST_STEP][PASSED] - setText(findTestObject("FDR-System-Admin/SysAdmin-SignIn/adminPass"), Password): Text 'Password18' is set on object 'Object Repository/FDR-System-Admin/SysAdmin-SignIn/adminPass'

2020-09-15 14:24:38 - [MESSAGE][PASSED] - Text 'Password18' is set on object 'Object Repository/FDR-System-Admin/SysAdmin-SignIn/adminPass'

2020-09-15 14:24:38 - [TEST_STEP][PASSED] - click(findTestObject("FDR-System-Admin/SysAdmin-SignIn/adminSignIn")): Object: 'Object Repository/FDR-System-Admin/SysAdmin-SignIn/adminSignIn' is clicked on

2020-09-15 14:24:39 - [MESSAGE][PASSED] - Object: 'Object Repository/FDR-System-Admin/SysAdmin-SignIn/adminSignIn' is clicked on

2020-09-15 14:24:39 - [TEST_STEP][PASSED] - waitForElementPresent(findTestObject("Object Repository/FDR-System-Admin/SysAdmin-Dashboard/maintainReferenceDataBtn"), 3): Object 'Object Repository/FDR-System-Admin/SysAdmin-Dashboard/maintainReferenceDataBtn' is present

2020-09-15 14:24:41 - [MESSAGE][PASSED] - Object 'Object Repository/FDR-System-Admin/SysAdmin-Dashboard/maintainReferenceDataBtn' is present

2020-09-15 14:24:41 - [TEST_STEP][PASSED] - verifyElementPresent(findTestObject("Object Repository/FDR-System-Admin/SysAdmin-Dashboard/maintainReferenceDataBtn"), Timeout): Object 'Object Repository/FDR-System-Admin/SysAdmin-Dashboard/maintainReferenceDataBtn' is present

2020-09-15 14:24:41 - [MESSAGE][PASSED] - Object 'Object Repository/FDR-System-Admin/SysAdmin-Dashboard/maintainReferenceDataBtn' is present

2020-09-15 14:24:41 - [TEST_STEP][PASSED] - refresh(): Refresh successfully

2020-09-15 14:24:42 - [MESSAGE][PASSED] - Refresh successfully

2020-09-15 14:24:42 - [MESSAGE][PASSED] - Call Test Case 'Test Cases/WEB-UI-TESTS/SysAdmin/SystemAdmin-Login' successfully

2020-09-15 14:24:42 - [TEST_STEP][PASSED] - Start listener action : sampleBeforeTestCase: null

2020-09-15 14:24:42 - [TEST_STEP][PASSED] - profileName = getExecutionProfile(): null

2020-09-15 14:24:42 - [TEST_STEP][PASSED] - testCaseId = testCaseContext.getTestCaseId(): null

2020-09-15 14:24:42 - [TEST_STEP][PASSED] - switch (profileName): null

2020-09-15 14:24:42 - [TEST_STEP][PASSED] - Default: null

2020-09-15 14:24:42 - [TEST_STEP][PASSED] - return null: null

2020-09-15 14:24:42 - [TEST_STEP][PASSED] - Start listener action : executeRows: null

2020-09-15 14:24:42 - [TEST_STEP][PASSED] - click(findTestObject("Object Repository/FDR-System-Admin/SysAdmin-Dashboard/maintainReferenceDataBtn")): Object: 'Object Repository/FDR-System-Admin/SysAdmin-Dashboard/maintainReferenceDataBtn' is clicked on

2020-09-15 14:24:42 - [MESSAGE][PASSED] - Object: 'Object Repository/FDR-System-Admin/SysAdmin-Dashboard/maintainReferenceDataBtn' is clicked on

2020-09-15 14:24:42 - [TEST_STEP][PASSED] - click(findTestObject("Object Repository/FDR-System-Admin/FDR-ReferencePage/reference-data")): Object: 'Object Repository/FDR-System-Admin/FDR-ReferencePage/reference-data' is clicked on

2020-09-15 14:24:43 - [MESSAGE][PASSED] - Object: 'Object Repository/FDR-System-Admin/FDR-ReferencePage/reference-data' is clicked on

2020-09-15 14:24:43 - [TEST_STEP][PASSED] - setText(findTestObject("Object Repository/FDR-System-Admin/FDR-ReferencePage/referenceDataNameInput"), "Account"): Text 'Account' is set on object 'Object Repository/FDR-System-Admin/FDR-ReferencePage/referenceDataNameInput'

2020-09-15 14:24:44 - [MESSAGE][PASSED] - Text 'Account' is set on object 'Object Repository/FDR-System-Admin/FDR-ReferencePage/referenceDataNameInput'

2020-09-15 14:24:44 - [TEST_STEP][PASSED] - click(findTestObject("Object Repository/FDR-System-Admin/FDR-ReferencePage/accountReference/accountDetail/accountRefClick")): Object: 'Object Repository/FDR-System-Admin/FDR-ReferencePage/accountReference/accountDetail/accountRefClick' is clicked on

2020-09-15 14:24:44 - [MESSAGE][PASSED] - Object: 'Object Repository/FDR-System-Admin/FDR-ReferencePage/accountReference/accountDetail/accountRefClick' is clicked on

2020-09-15 14:24:44 - [TEST_STEP][PASSED] - waitForElementPresent(findTestObject("FDR-System-Admin/FDR-Add-Account/addAccountbtn"), 3): Object 'Object Repository/FDR-System-Admin/FDR-Add-Account/addAccountbtn' is present

2020-09-15 14:24:45 - [MESSAGE][PASSED] - Object 'Object Repository/FDR-System-Admin/FDR-Add-Account/addAccountbtn' is present

2020-09-15 14:24:45 - [TEST_STEP][PASSED] - click(findTestObject("FDR-System-Admin/FDR-Add-Account/addAccountbtn")): Object: 'Object Repository/FDR-System-Admin/FDR-Add-Account/addAccountbtn' is clicked on

2020-09-15 14:24:45 - [MESSAGE][PASSED] - Object: 'Object Repository/FDR-System-Admin/FDR-Add-Account/addAccountbtn' is clicked on

2020-09-15 14:24:45 - [TEST_STEP][PASSED] - waitForElementPresent(findTestObject("FDR-System-Admin/FDR-Add-Account/accountCode"), 3): Object 'Object Repository/FDR-System-Admin/FDR-Add-Account/accountCode' is present

2020-09-15 14:24:45 - [MESSAGE][PASSED] - Object 'Object Repository/FDR-System-Admin/FDR-Add-Account/accountCode' is present

2020-09-15 14:24:45 - [TEST_STEP][PASSED] - accountCode = RandomStringUtils.randomNumeric(7): null

2020-09-15 14:24:45 - [TEST_STEP][PASSED] - setText(findTestObject("FDR-System-Admin/FDR-Add-Account/accountCode"), accountCode): Text '0834854' is set on object 'Object Repository/FDR-System-Admin/FDR-Add-Account/accountCode'

2020-09-15 14:24:46 - [MESSAGE][PASSED] - Text '0834854' is set on object 'Object Repository/FDR-System-Admin/FDR-Add-Account/accountCode'

2020-09-15 14:24:46 - [TEST_STEP][PASSED] - waitForElementPresent(findTestObject("FDR-System-Admin/FDR-Add-Account/accountName"), 3): Object 'Object Repository/FDR-System-Admin/FDR-Add-Account/accountName' is present

2020-09-15 14:24:47 - [MESSAGE][PASSED] - Object 'Object Repository/FDR-System-Admin/FDR-Add-Account/accountName' is present

2020-09-15 14:24:47 - [TEST_STEP][PASSED] - accountName = RandomStringUtils.randomAlphabetic(10): null

2020-09-15 14:24:47 - [TEST_STEP][PASSED] - setText(findTestObject("FDR-System-Admin/FDR-Add-Account/accountName"), accountName): Text 'LLWVkGfyjO' is set on object 'Object Repository/FDR-System-Admin/FDR-Add-Account/accountName'

2020-09-15 14:24:47 - [MESSAGE][PASSED] - Text 'LLWVkGfyjO' is set on object 'Object Repository/FDR-System-Admin/FDR-Add-Account/accountName'

2020-09-15 14:24:47 - [TEST_STEP][PASSED] - waitForElementPresent(findTestObject("FDR-System-Admin/FDR-Add-Account/addAccountConfirmbtn"), 3): Object 'Object Repository/FDR-System-Admin/FDR-Add-Account/addAccountConfirmbtn' is present

2020-09-15 14:24:48 - [MESSAGE][PASSED] - Object 'Object Repository/FDR-System-Admin/FDR-Add-Account/addAccountConfirmbtn' is present

2020-09-15 14:24:48 - [TEST_STEP][PASSED] - click(findTestObject("FDR-System-Admin/FDR-Add-Account/addAccountConfirmbtn")): Object: 'Object Repository/FDR-System-Admin/FDR-Add-Account/addAccountConfirmbtn' is clicked on

2020-09-15 14:24:48 - [MESSAGE][PASSED] - Object: 'Object Repository/FDR-System-Admin/FDR-Add-Account/addAccountConfirmbtn' is clicked on

2020-09-15 14:24:48 - [TEST_STEP][PASSED] - waitForElementPresent(findTestObject("FDR-System-Admin/FDR-Edit-Account/editAccountEllipsis"), 3): Object 'Object Repository/FDR-System-Admin/FDR-Edit-Account/editAccountEllipsis' is present

2020-09-15 14:24:49 - [MESSAGE][PASSED] - Object 'Object Repository/FDR-System-Admin/FDR-Edit-Account/editAccountEllipsis' is present

2020-09-15 14:24:49 - [TEST_STEP][PASSED] - click(findTestObject("FDR-System-Admin/FDR-Edit-Account/editAccountEllipsis")): Object: 'Object Repository/FDR-System-Admin/FDR-Edit-Account/editAccountEllipsis' is clicked on

2020-09-15 14:24:49 - [MESSAGE][PASSED] - Object: 'Object Repository/FDR-System-Admin/FDR-Edit-Account/editAccountEllipsis' is clicked on

2020-09-15 14:24:49 - [TEST_STEP][PASSED] - waitForElementPresent(findTestObject("FDR-System-Admin/FDR-Edit-Account/editAccountBtn"), 3): Object 'Object Repository/FDR-System-Admin/FDR-Edit-Account/editAccountBtn' is present

2020-09-15 14:24:50 - [MESSAGE][PASSED] - Object 'Object Repository/FDR-System-Admin/FDR-Edit-Account/editAccountBtn' is present

2020-09-15 14:24:50 - [TEST_STEP][PASSED] - click(findTestObject("FDR-System-Admin/FDR-Edit-Account/editAccountBtn")): Object: 'Object Repository/FDR-System-Admin/FDR-Edit-Account/editAccountBtn' is clicked on

2020-09-15 14:24:50 - [MESSAGE][PASSED] - Object: 'Object Repository/FDR-System-Admin/FDR-Edit-Account/editAccountBtn' is clicked on

2020-09-15 14:24:50 - [TEST_STEP][PASSED] - waitForElementPresent(findTestObject("FDR-System-Admin/FDR-Edit-Account/editAccountLabel"), 3): Object 'Object Repository/FDR-System-Admin/FDR-Edit-Account/editAccountLabel' is present

2020-09-15 14:24:51 - [MESSAGE][PASSED] - Object 'Object Repository/FDR-System-Admin/FDR-Edit-Account/editAccountLabel' is present

2020-09-15 14:24:51 - [TEST_STEP][PASSED] - editAccountLabel = getText(findTestObject("FDR-System-Admin/FDR-Edit-Account/editAccountLabel")): Text of object 'Object Repository/FDR-System-Admin/FDR-Edit-Account/editAccountLabel' is: 'Edit Account'

2020-09-15 14:24:51 - [MESSAGE][PASSED] - Text of object 'Object Repository/FDR-System-Admin/FDR-Edit-Account/editAccountLabel' is: 'Edit Account'

2020-09-15 14:24:51 - [TEST_STEP][PASSED] - assert editAccountLabel == "Edit Account": null

2020-09-15 14:24:51 - [TEST_STEP][PASSED] - editAccountCode = RandomStringUtils.randomNumeric(7): null

2020-09-15 14:24:51 - [TEST_STEP][PASSED] - editAccountName = RandomStringUtils.randomAlphabetic(10): null

2020-09-15 14:24:51 - [TEST_STEP][PASSED] - waitForElementPresent(findTestObject("FDR-System-Admin/FDR-Add-Account/accountCode"), 3): Object 'Object Repository/FDR-System-Admin/FDR-Add-Account/accountCode' is present

2020-09-15 14:24:51 - [MESSAGE][PASSED] - Object 'Object Repository/FDR-System-Admin/FDR-Add-Account/accountCode' is present

2020-09-15 14:24:51 - [TEST_STEP][PASSED] - doubleClick(findTestObject("FDR-System-Admin/FDR-Add-Account/accountCode")): Object: 'Object Repository/FDR-System-Admin/FDR-Add-Account/accountCode' is double clicked on

2020-09-15 14:24:52 - [MESSAGE][PASSED] - Object: 'Object Repository/FDR-System-Admin/FDR-Add-Account/accountCode' is double clicked on

2020-09-15 14:24:52 - [TEST_STEP][PASSED] - sendKeys(findTestObject("FDR-System-Admin/FDR-Add-Account/accountCode"), Keys.chord(BACK_SPACE)): Keys 'BACK_SPACE + ' sent to object: 'Object Repository/FDR-System-Admin/FDR-Add-Account/accountCode'

2020-09-15 14:24:52 - [MESSAGE][PASSED] - Keys 'BACK_SPACE + ' sent to object: 'Object Repository/FDR-System-Admin/FDR-Add-Account/accountCode'

2020-09-15 14:24:52 - [TEST_STEP][PASSED] - waitForElementPresent(findTestObject("FDR-System-Admin/FDR-Add-Account/accountCode"), 3): Object 'Object Repository/FDR-System-Admin/FDR-Add-Account/accountCode' is present

2020-09-15 14:24:52 - [MESSAGE][PASSED] - Object 'Object Repository/FDR-System-Admin/FDR-Add-Account/accountCode' is present

2020-09-15 14:24:52 - [TEST_STEP][PASSED] - setText(findTestObject("FDR-System-Admin/FDR-Add-Account/accountCode"), editAccountCode): Text '5362197' is set on object 'Object Repository/FDR-System-Admin/FDR-Add-Account/accountCode'

2020-09-15 14:24:53 - [MESSAGE][PASSED] - Text '5362197' is set on object 'Object Repository/FDR-System-Admin/FDR-Add-Account/accountCode'

2020-09-15 14:24:53 - [TEST_STEP][PASSED] - waitForElementPresent(findTestObject("FDR-System-Admin/FDR-Add-Account/accountName"), 3): Object 'Object Repository/FDR-System-Admin/FDR-Add-Account/accountName' is present

2020-09-15 14:24:53 - [MESSAGE][PASSED] - Object 'Object Repository/FDR-System-Admin/FDR-Add-Account/accountName' is present

2020-09-15 14:24:53 - [TEST_STEP][PASSED] - doubleClick(findTestObject("FDR-System-Admin/FDR-Add-Account/accountName")): Object: 'Object Repository/FDR-System-Admin/FDR-Add-Account/accountName' is double clicked on

2020-09-15 14:24:54 - [MESSAGE][PASSED] - Object: 'Object Repository/FDR-System-Admin/FDR-Add-Account/accountName' is double clicked on

2020-09-15 14:24:54 - [TEST_STEP][PASSED] - sendKeys(findTestObject("FDR-System-Admin/FDR-Add-Account/accountName"), Keys.chord(BACK_SPACE)): Keys 'BACK_SPACE + ' sent to object: 'Object Repository/FDR-System-Admin/FDR-Add-Account/accountName'

2020-09-15 14:24:54 - [MESSAGE][PASSED] - Keys 'BACK_SPACE + ' sent to object: 'Object Repository/FDR-System-Admin/FDR-Add-Account/accountName'

2020-09-15 14:24:54 - [TEST_STEP][PASSED] - waitForElementPresent(findTestObject("FDR-System-Admin/FDR-Add-Account/accountName"), 3): Object 'Object Repository/FDR-System-Admin/FDR-Add-Account/accountName' is present

2020-09-15 14:24:55 - [MESSAGE][PASSED] - Object 'Object Repository/FDR-System-Admin/FDR-Add-Account/accountName' is present

2020-09-15 14:24:55 - [TEST_STEP][PASSED] - setText(findTestObject("FDR-System-Admin/FDR-Add-Account/accountName"), editAccountName): Text 'LOAVZwsAyM' is set on object 'Object Repository/FDR-System-Admin/FDR-Add-Account/accountName'

2020-09-15 14:24:56 - [MESSAGE][PASSED] - Text 'LOAVZwsAyM' is set on object 'Object Repository/FDR-System-Admin/FDR-Add-Account/accountName'

2020-09-15 14:24:56 - [TEST_STEP][PASSED] - waitForElementPresent(findTestObject("FDR-System-Admin/FDR-Edit-Account/editSaveBtn"), 3): Object 'Object Repository/FDR-System-Admin/FDR-Edit-Account/editSaveBtn' is present

2020-09-15 14:24:56 - [MESSAGE][PASSED] - Object 'Object Repository/FDR-System-Admin/FDR-Edit-Account/editSaveBtn' is present

2020-09-15 14:24:56 - [TEST_STEP][PASSED] - click(findTestObject("FDR-System-Admin/FDR-Edit-Account/editSaveBtn")): Object: 'Object Repository/FDR-System-Admin/FDR-Edit-Account/editSaveBtn' is clicked on

2020-09-15 14:24:56 - [MESSAGE][PASSED] - Object: 'Object Repository/FDR-System-Admin/FDR-Edit-Account/editSaveBtn' is clicked on

2020-09-15 14:24:56 - [TEST_STEP][PASSED] - waitForElementPresent(findTestObject("FDR-System-Admin/FDR-ReferencePage/accountReference/accountDetail/accountHeader"), 3): Object 'Object Repository/FDR-System-Admin/FDR-ReferencePage/accountReference/accountDetail/accountHeader' is present

2020-09-15 14:24:57 - [MESSAGE][PASSED] - Object 'Object Repository/FDR-System-Admin/FDR-ReferencePage/accountReference/accountDetail/accountHeader' is present

2020-09-15 14:24:57 - [TEST_STEP][PASSED] - waitForElementPresent(findTestObject("FDR-System-Admin/FDR-Add-Account/backToAccountsPage"), 3): Object 'Object Repository/FDR-System-Admin/FDR-Add-Account/backToAccountsPage' is present

2020-09-15 14:24:57 - [MESSAGE][PASSED] - Object 'Object Repository/FDR-System-Admin/FDR-Add-Account/backToAccountsPage' is present

2020-09-15 14:24:57 - [TEST_STEP][PASSED] - click(findTestObject("FDR-System-Admin/FDR-Add-Account/backToAccountsPage")): Object: 'Object Repository/FDR-System-Admin/FDR-Add-Account/backToAccountsPage' is clicked on

2020-09-15 14:24:58 - [MESSAGE][PASSED] - Object: 'Object Repository/FDR-System-Admin/FDR-Add-Account/backToAccountsPage' is clicked on

2020-09-15 14:24:58 - [TEST_STEP][PASSED] - if (verifyElementPresent(findTestObject("Object Repository/FDR-System-Admin/FDR-ReferencePage/firstRowOfRefData"), 2)): null

2020-09-15 14:24:58 - [MESSAGE][PASSED] - Object 'Object Repository/FDR-System-Admin/FDR-ReferencePage/firstRowOfRefData' is present

2020-09-15 14:24:58 - [TEST_STEP][PASSED] - click(findTestObject("Object Repository/FDR-System-Admin/FDR-ReferencePage/firstRowOfRefData")): Object: 'Object Repository/FDR-System-Admin/FDR-ReferencePage/firstRowOfRefData' is clicked on

2020-09-15 14:24:59 - [MESSAGE][PASSED] - Object: 'Object Repository/FDR-System-Admin/FDR-ReferencePage/firstRowOfRefData' is clicked on

2020-09-15 14:24:59 - [TEST_STEP][PASSED] - waitForElementPresent(findTestObject("FDR-System-Admin/FDR-ReferencePage/accountReference/accountDetail/accountHeader"), 3): Object 'Object Repository/FDR-System-Admin/FDR-ReferencePage/accountReference/accountDetail/accountHeader' is present

2020-09-15 14:24:59 - [MESSAGE][PASSED] - Object 'Object Repository/FDR-System-Admin/FDR-ReferencePage/accountReference/accountDetail/accountHeader' is present

2020-09-15 14:24:59 - [TEST_STEP][PASSED] - label = getText(findTestObject("FDR-System-Admin/FDR-ReferencePage/accountReference/accountDetail/accountCode")): Text of object 'Object Repository/FDR-System-Admin/FDR-ReferencePage/accountReference/accountDetail/accountCode' is: 'ACCOUNT CODE'

2020-09-15 14:24:59 - [MESSAGE][PASSED] - Text of object 'Object Repository/FDR-System-Admin/FDR-ReferencePage/accountReference/accountDetail/accountCode' is: 'ACCOUNT CODE'

2020-09-15 14:24:59 - [TEST_STEP][PASSED] - print(label): null

2020-09-15 14:24:59 - [TEST_STEP][PASSED] - assert label == "ACCOUNT CODE": null

2020-09-15 14:24:59 - [TEST_STEP][PASSED] - Start listener action : sampleAfterTestCase: null

2020-09-15 14:24:59 - [TEST_STEP][PASSED] - profileName = getExecutionProfile(): null

2020-09-15 14:24:59 - [TEST_STEP][PASSED] - switch (profileName): null

2020-09-15 14:24:59 - [TEST_STEP][PASSED] - case "superUser":: null

2020-09-15 14:24:59 - [TEST_STEP][PASSED] - return null: null

2020-09-15 14:24:59 - [TEST_STEP][PASSED] - Start listener action : afterTestCase: Browser is closed

2020-09-15 14:24:59 - [TEST_STEP][PASSED] - profileName = getExecutionProfile(): null

2020-09-15 14:24:59 - [TEST_STEP][PASSED] - if (profileName.equalsIgnoreCase("SysAdmin")): Browser is closed

2020-09-15 14:24:59 - [TEST_STEP][PASSED] - closeBrowser(): Browser is closed

2020-09-15 14:25:00 - [MESSAGE][PASSED] - Browser is closed

2020-09-15 14:25:00 - [TEST_STEP][PASSED] - Start listener action : sampleAfterTestCase: null

2020-09-15 14:25:00 - [TEST_STEP][PASSED] - profileName = getExecutionProfile(): null

2020-09-15 14:25:00 - [TEST_STEP][PASSED] - switch (profileName): null

2020-09-15 14:25:00 - [TEST_STEP][PASSED] - Default: null

2020-09-15 14:25:00 - [TEST_STEP][PASSED] - return null: null

2020-09-15 14:25:00 - [TEST_STEP][PASSED] - Start listener action : addFailedTCToList: null]]></system-out>
         <system-err><![CDATA[]]></system-err>
      </testcase>
      <testcase name="Test Cases/WEB-UI-TESTS/SysAdmin/ReferencePage/ReferenceDetail/FDR-Add-FundCodeDetailReview" time="39.907" classname="Test Cases/WEB-UI-TESTS/SysAdmin/ReferencePage/ReferenceDetail/FDR-Add-FundCodeDetailReview" status="PASSED">
         <system-out><![CDATA[2020-09-15 14:25:00 - [TEST_CASE][PASSED] - Test Cases/WEB-UI-TESTS/SysAdmin/ReferencePage/ReferenceDetail/FDR-Add-FundCodeDetailReview: Test Cases/WEB-UI-TESTS/SysAdmin/ReferencePage/ReferenceDetail/FDR-Add-FundCodeDetailReview

2020-09-15 14:25:00 - [TEST_STEP][PASSED] - Start listener action : sampleBeforeTestCase: null

2020-09-15 14:25:00 - [TEST_STEP][PASSED] - profileName = getExecutionProfile(): null

2020-09-15 14:25:00 - [TEST_STEP][PASSED] - switch (profileName): null

2020-09-15 14:25:00 - [TEST_STEP][PASSED] - case "superUser":: null

2020-09-15 14:25:00 - [TEST_STEP][PASSED] - return null: null

2020-09-15 14:25:00 - [TEST_STEP][PASSED] - Start listener action : beforeTestCase: Call Test Case 'Test Cases/WEB-UI-TESTS/SysAdmin/SystemAdmin-Login' successfully

2020-09-15 14:25:00 - [TEST_STEP][PASSED] - profileName = getExecutionProfile(): null

2020-09-15 14:25:00 - [TEST_STEP][PASSED] - if (profileName.equalsIgnoreCase("SysAdmin")): Call Test Case 'Test Cases/WEB-UI-TESTS/SysAdmin/SystemAdmin-Login' successfully

2020-09-15 14:25:00 - [TEST_STEP][PASSED] - callTestCase(findTestCase("Test Cases/WEB-UI-TESTS/SysAdmin/SystemAdmin-Login"), null): Call Test Case 'Test Cases/WEB-UI-TESTS/SysAdmin/SystemAdmin-Login' successfully

2020-09-15 14:25:00 - [TEST_CASE][PASSED] - Test Cases/WEB-UI-TESTS/SysAdmin/SystemAdmin-Login: Test Cases/WEB-UI-TESTS/SysAdmin/SystemAdmin-Login

2020-09-15 14:25:00 - [TEST_STEP][PASSED] - openBrowser(URL): Browser is opened with url: 'https://fdr-katalon.cammis-mod-dev.dhcs.ca.gov'

2020-09-15 14:25:00 - [MESSAGE][INFO] - Starting 'Chrome' driver

2020-09-15 14:25:00 - [MESSAGE][INFO] - Action delay is set to 0 milliseconds

2020-09-15 14:25:05 - [MESSAGE][PASSED] - Browser is opened with url: 'https://fdr-katalon.cammis-mod-dev.dhcs.ca.gov'

2020-09-15 14:25:05 - [TEST_STEP][PASSED] - maximizeWindow(): Current window maximized

2020-09-15 14:25:07 - [MESSAGE][PASSED] - Current window maximized

2020-09-15 14:25:07 - [TEST_STEP][PASSED] - refresh(): Refresh successfully

2020-09-15 14:25:07 - [MESSAGE][PASSED] - Refresh successfully

2020-09-15 14:25:07 - [TEST_STEP][PASSED] - delay(2): Delayed 2 second(s)

2020-09-15 14:25:09 - [MESSAGE][PASSED] - Delayed 2 second(s)

2020-09-15 14:25:09 - [TEST_STEP][PASSED] - waitForElementPresent(findTestObject("FDR-System-Admin/SysAdmin-SignIn/adminEmail"), 5): Object 'Object Repository/FDR-System-Admin/SysAdmin-SignIn/adminEmail' is present

2020-09-15 14:25:09 - [MESSAGE][PASSED] - Object 'Object Repository/FDR-System-Admin/SysAdmin-SignIn/adminEmail' is present

2020-09-15 14:25:09 - [TEST_STEP][PASSED] - setText(findTestObject("FDR-System-Admin/SysAdmin-SignIn/adminEmail"), adminEmail): Text 'fdr.test10@dhcs.ca.gov
' is set on object 'Object Repository/FDR-System-Admin/SysAdmin-SignIn/adminEmail'

2020-09-15 14:25:10 - [MESSAGE][PASSED] - Text 'fdr.test10@dhcs.ca.gov
' is set on object 'Object Repository/FDR-System-Admin/SysAdmin-SignIn/adminEmail'

2020-09-15 14:25:10 - [TEST_STEP][PASSED] - waitForElementPresent(findTestObject("FDR-System-Admin/SysAdmin-SignIn/adminUserName"), 5): Object 'Object Repository/FDR-System-Admin/SysAdmin-SignIn/adminUserName' is present

2020-09-15 14:25:13 - [MESSAGE][PASSED] - Object 'Object Repository/FDR-System-Admin/SysAdmin-SignIn/adminUserName' is present

2020-09-15 14:25:13 - [TEST_STEP][PASSED] - setText(findTestObject("FDR-System-Admin/SysAdmin-SignIn/adminUserName"), UserName): Text 'fdr.test10@dhcs.ca.gov' is set on object 'Object Repository/FDR-System-Admin/SysAdmin-SignIn/adminUserName'

2020-09-15 14:25:14 - [MESSAGE][PASSED] - Text 'fdr.test10@dhcs.ca.gov' is set on object 'Object Repository/FDR-System-Admin/SysAdmin-SignIn/adminUserName'

2020-09-15 14:25:14 - [TEST_STEP][PASSED] - setText(findTestObject("FDR-System-Admin/SysAdmin-SignIn/adminPass"), Password): Text 'Password18' is set on object 'Object Repository/FDR-System-Admin/SysAdmin-SignIn/adminPass'

2020-09-15 14:25:14 - [MESSAGE][PASSED] - Text 'Password18' is set on object 'Object Repository/FDR-System-Admin/SysAdmin-SignIn/adminPass'

2020-09-15 14:25:14 - [TEST_STEP][PASSED] - click(findTestObject("FDR-System-Admin/SysAdmin-SignIn/adminSignIn")): Object: 'Object Repository/FDR-System-Admin/SysAdmin-SignIn/adminSignIn' is clicked on

2020-09-15 14:25:16 - [MESSAGE][PASSED] - Object: 'Object Repository/FDR-System-Admin/SysAdmin-SignIn/adminSignIn' is clicked on

2020-09-15 14:25:16 - [TEST_STEP][PASSED] - waitForElementPresent(findTestObject("Object Repository/FDR-System-Admin/SysAdmin-Dashboard/maintainReferenceDataBtn"), 3): Object 'Object Repository/FDR-System-Admin/SysAdmin-Dashboard/maintainReferenceDataBtn' is present

2020-09-15 14:25:18 - [MESSAGE][PASSED] - Object 'Object Repository/FDR-System-Admin/SysAdmin-Dashboard/maintainReferenceDataBtn' is present

2020-09-15 14:25:18 - [TEST_STEP][PASSED] - verifyElementPresent(findTestObject("Object Repository/FDR-System-Admin/SysAdmin-Dashboard/maintainReferenceDataBtn"), Timeout): Object 'Object Repository/FDR-System-Admin/SysAdmin-Dashboard/maintainReferenceDataBtn' is present

2020-09-15 14:25:18 - [MESSAGE][PASSED] - Object 'Object Repository/FDR-System-Admin/SysAdmin-Dashboard/maintainReferenceDataBtn' is present

2020-09-15 14:25:18 - [TEST_STEP][PASSED] - refresh(): Refresh successfully

2020-09-15 14:25:19 - [MESSAGE][PASSED] - Refresh successfully

2020-09-15 14:25:19 - [MESSAGE][PASSED] - Call Test Case 'Test Cases/WEB-UI-TESTS/SysAdmin/SystemAdmin-Login' successfully

2020-09-15 14:25:19 - [TEST_STEP][PASSED] - Start listener action : sampleBeforeTestCase: null

2020-09-15 14:25:19 - [TEST_STEP][PASSED] - profileName = getExecutionProfile(): null

2020-09-15 14:25:19 - [TEST_STEP][PASSED] - testCaseId = testCaseContext.getTestCaseId(): null

2020-09-15 14:25:19 - [TEST_STEP][PASSED] - switch (profileName): null

2020-09-15 14:25:19 - [TEST_STEP][PASSED] - Default: null

2020-09-15 14:25:19 - [TEST_STEP][PASSED] - return null: null

2020-09-15 14:25:19 - [TEST_STEP][PASSED] - Start listener action : executeRows: null

2020-09-15 14:25:19 - [TEST_STEP][PASSED] - click(findTestObject("Object Repository/FDR-System-Admin/SysAdmin-Dashboard/maintainReferenceDataBtn")): Object: 'Object Repository/FDR-System-Admin/SysAdmin-Dashboard/maintainReferenceDataBtn' is clicked on

2020-09-15 14:25:19 - [MESSAGE][PASSED] - Object: 'Object Repository/FDR-System-Admin/SysAdmin-Dashboard/maintainReferenceDataBtn' is clicked on

2020-09-15 14:25:19 - [TEST_STEP][PASSED] - click(findTestObject("Object Repository/FDR-System-Admin/FDR-ReferencePage/reference-data")): Object: 'Object Repository/FDR-System-Admin/FDR-ReferencePage/reference-data' is clicked on

2020-09-15 14:25:20 - [MESSAGE][PASSED] - Object: 'Object Repository/FDR-System-Admin/FDR-ReferencePage/reference-data' is clicked on

2020-09-15 14:25:20 - [TEST_STEP][PASSED] - setText(findTestObject("Object Repository/FDR-System-Admin/FDR-ReferencePage/referenceDataNameInput"), "fund Code"): Text 'fund Code' is set on object 'Object Repository/FDR-System-Admin/FDR-ReferencePage/referenceDataNameInput'

2020-09-15 14:25:21 - [MESSAGE][PASSED] - Text 'fund Code' is set on object 'Object Repository/FDR-System-Admin/FDR-ReferencePage/referenceDataNameInput'

2020-09-15 14:25:21 - [TEST_STEP][PASSED] - click(findTestObject("FDR-System-Admin/FDR-ReferencePage/fundCodeReference/fundCodeDetail/fundCode")): Object: 'Object Repository/FDR-System-Admin/FDR-ReferencePage/fundCodeReference/fundCodeDetail/fundCode' is clicked on

2020-09-15 14:25:21 - [MESSAGE][PASSED] - Object: 'Object Repository/FDR-System-Admin/FDR-ReferencePage/fundCodeReference/fundCodeDetail/fundCode' is clicked on

2020-09-15 14:25:21 - [TEST_STEP][PASSED] - waitForElementPresent(findTestObject("Object Repository/FDR-System-Admin/FDR-Add-FundCode/addFundCodeBtn"), 3): Object 'Object Repository/FDR-System-Admin/FDR-Add-FundCode/addFundCodeBtn' is present

2020-09-15 14:25:22 - [MESSAGE][PASSED] - Object 'Object Repository/FDR-System-Admin/FDR-Add-FundCode/addFundCodeBtn' is present

2020-09-15 14:25:22 - [TEST_STEP][PASSED] - click(findTestObject("Object Repository/FDR-System-Admin/FDR-Add-FundCode/addFundCodeBtn")): Object: 'Object Repository/FDR-System-Admin/FDR-Add-FundCode/addFundCodeBtn' is clicked on

2020-09-15 14:25:22 - [MESSAGE][PASSED] - Object: 'Object Repository/FDR-System-Admin/FDR-Add-FundCode/addFundCodeBtn' is clicked on

2020-09-15 14:25:22 - [TEST_STEP][PASSED] - waitForElementPresent(findTestObject("Object Repository/FDR-System-Admin/FDR-Add-FundCode/newFundCodeHeader"), 3): Object 'Object Repository/FDR-System-Admin/FDR-Add-FundCode/newFundCodeHeader' is present

2020-09-15 14:25:23 - [MESSAGE][PASSED] - Object 'Object Repository/FDR-System-Admin/FDR-Add-FundCode/newFundCodeHeader' is present

2020-09-15 14:25:23 - [TEST_STEP][PASSED] - waitForElementPresent(findTestObject("Object Repository/FDR-System-Admin/FDR-Add-FundCode/fundCodeText"), 3): Object 'Object Repository/FDR-System-Admin/FDR-Add-FundCode/fundCodeText' is present

2020-09-15 14:25:23 - [MESSAGE][PASSED] - Object 'Object Repository/FDR-System-Admin/FDR-Add-FundCode/fundCodeText' is present

2020-09-15 14:25:23 - [TEST_STEP][PASSED] - fundCode = RandomStringUtils.randomNumeric(5): null

2020-09-15 14:25:23 - [TEST_STEP][PASSED] - setText(findTestObject("Object Repository/FDR-System-Admin/FDR-Add-FundCode/fundCodeText"), fundCode): Text '93637' is set on object 'Object Repository/FDR-System-Admin/FDR-Add-FundCode/fundCodeText'

2020-09-15 14:25:24 - [MESSAGE][PASSED] - Text '93637' is set on object 'Object Repository/FDR-System-Admin/FDR-Add-FundCode/fundCodeText'

2020-09-15 14:25:24 - [TEST_STEP][PASSED] - waitForElementPresent(findTestObject("Object Repository/FDR-System-Admin/FDR-Add-FundCode/fundCodeNameText"), 3): Object 'Object Repository/FDR-System-Admin/FDR-Add-FundCode/fundCodeNameText' is present

2020-09-15 14:25:24 - [MESSAGE][PASSED] - Object 'Object Repository/FDR-System-Admin/FDR-Add-FundCode/fundCodeNameText' is present

2020-09-15 14:25:24 - [TEST_STEP][PASSED] - fundCodeName = randomAlphabetic(5).toUpperCase(): null

2020-09-15 14:25:24 - [TEST_STEP][PASSED] - setText(findTestObject("Object Repository/FDR-System-Admin/FDR-Add-FundCode/fundCodeNameText"), "Health " + fundCodeName + " Fund"): Text 'Health PAFHY Fund' is set on object 'Object Repository/FDR-System-Admin/FDR-Add-FundCode/fundCodeNameText'

2020-09-15 14:25:25 - [MESSAGE][PASSED] - Text 'Health PAFHY Fund' is set on object 'Object Repository/FDR-System-Admin/FDR-Add-FundCode/fundCodeNameText'

2020-09-15 14:25:25 - [TEST_STEP][PASSED] - waitForElementPresent(findTestObject("Object Repository/FDR-System-Admin/FDR-Add-FundCode/accountDropdown"), 3): Object 'Object Repository/FDR-System-Admin/FDR-Add-FundCode/accountDropdown' is present

2020-09-15 14:25:25 - [MESSAGE][PASSED] - Object 'Object Repository/FDR-System-Admin/FDR-Add-FundCode/accountDropdown' is present

2020-09-15 14:25:25 - [TEST_STEP][PASSED] - setText(findTestObject("Object Repository/FDR-System-Admin/FDR-Add-FundCode/accountDropdown"), "Grants and Subdivisions - Governmental"): Text 'Grants and Subdivisions - Governmental' is set on object 'Object Repository/FDR-System-Admin/FDR-Add-FundCode/accountDropdown'

2020-09-15 14:25:26 - [MESSAGE][PASSED] - Text 'Grants and Subdivisions - Governmental' is set on object 'Object Repository/FDR-System-Admin/FDR-Add-FundCode/accountDropdown'

2020-09-15 14:25:26 - [TEST_STEP][PASSED] - waitForElementPresent(findTestObject("Object Repository/FDR-System-Admin/FDR-Add-FundCode/accountOption"), 3): Object 'Object Repository/FDR-System-Admin/FDR-Add-FundCode/accountOption' is present

2020-09-15 14:25:26 - [MESSAGE][PASSED] - Object 'Object Repository/FDR-System-Admin/FDR-Add-FundCode/accountOption' is present

2020-09-15 14:25:26 - [TEST_STEP][PASSED] - click(findTestObject("Object Repository/FDR-System-Admin/FDR-Add-FundCode/accountOption")): Object: 'Object Repository/FDR-System-Admin/FDR-Add-FundCode/accountOption' is clicked on

2020-09-15 14:25:27 - [MESSAGE][PASSED] - Object: 'Object Repository/FDR-System-Admin/FDR-Add-FundCode/accountOption' is clicked on

2020-09-15 14:25:27 - [TEST_STEP][PASSED] - waitForElementPresent(findTestObject("Object Repository/FDR-System-Admin/FDR-Add-FundCode/reportingStructureText"), 3): Object 'Object Repository/FDR-System-Admin/FDR-Add-FundCode/reportingStructureText' is present

2020-09-15 14:25:27 - [MESSAGE][PASSED] - Object 'Object Repository/FDR-System-Admin/FDR-Add-FundCode/reportingStructureText' is present

2020-09-15 14:25:27 - [TEST_STEP][PASSED] - reportingStructure1 = randomAlphabetic(2).toUpperCase(): null

2020-09-15 14:25:27 - [TEST_STEP][PASSED] - reportingStructure2 = RandomStringUtils.randomNumeric(1): null

2020-09-15 14:25:27 - [TEST_STEP][PASSED] - reportingStructure3 = randomAlphabetic(1).toUpperCase(): null

2020-09-15 14:25:27 - [TEST_STEP][PASSED] - setText(findTestObject("Object Repository/FDR-System-Admin/FDR-Add-FundCode/reportingStructureText"), "4260" + reportingStructure1 + reportingStructure2 + reportingStructure3): Text '4260GZ3F' is set on object 'Object Repository/FDR-System-Admin/FDR-Add-FundCode/reportingStructureText'

2020-09-15 14:25:28 - [MESSAGE][PASSED] - Text '4260GZ3F' is set on object 'Object Repository/FDR-System-Admin/FDR-Add-FundCode/reportingStructureText'

2020-09-15 14:25:28 - [TEST_STEP][PASSED] - waitForElementPresent(findTestObject("Object Repository/FDR-System-Admin/FDR-Add-FundCode/chapterAdvancesText"), 3): Object 'Object Repository/FDR-System-Admin/FDR-Add-FundCode/chapterAdvancesText' is present

2020-09-15 14:25:28 - [MESSAGE][PASSED] - Object 'Object Repository/FDR-System-Admin/FDR-Add-FundCode/chapterAdvancesText' is present

2020-09-15 14:25:28 - [TEST_STEP][PASSED] - chapterAdvances = randomNumeric(4).toString(): null

2020-09-15 14:25:28 - [TEST_STEP][PASSED] - setText(findTestObject("Object Repository/FDR-System-Admin/FDR-Add-FundCode/chapterAdvancesText"), chapterAdvances): Text '9139' is set on object 'Object Repository/FDR-System-Admin/FDR-Add-FundCode/chapterAdvancesText'

2020-09-15 14:25:29 - [MESSAGE][PASSED] - Text '9139' is set on object 'Object Repository/FDR-System-Admin/FDR-Add-FundCode/chapterAdvancesText'

2020-09-15 14:25:29 - [TEST_STEP][PASSED] - waitForElementPresent(findTestObject("Object Repository/FDR-System-Admin/FDR-Add-FundCode/enactmentYearText"), 3): Object 'Object Repository/FDR-System-Admin/FDR-Add-FundCode/enactmentYearText' is present

2020-09-15 14:25:29 - [MESSAGE][PASSED] - Object 'Object Repository/FDR-System-Admin/FDR-Add-FundCode/enactmentYearText' is present

2020-09-15 14:25:29 - [TEST_STEP][PASSED] - enactmentYear = RandomStringUtils.randomNumeric(2): null

2020-09-15 14:25:29 - [TEST_STEP][PASSED] - setText(findTestObject("Object Repository/FDR-System-Admin/FDR-Add-FundCode/enactmentYearText"), "19" + enactmentYear): Text '1961' is set on object 'Object Repository/FDR-System-Admin/FDR-Add-FundCode/enactmentYearText'

2020-09-15 14:25:30 - [MESSAGE][PASSED] - Text '1961' is set on object 'Object Repository/FDR-System-Admin/FDR-Add-FundCode/enactmentYearText'

2020-09-15 14:25:30 - [TEST_STEP][PASSED] - waitForElementPresent(findTestObject("Object Repository/FDR-System-Admin/FDR-Add-FundCode/confirmAddFundCodeBtn"), 3): Object 'Object Repository/FDR-System-Admin/FDR-Add-FundCode/confirmAddFundCodeBtn' is present

2020-09-15 14:25:31 - [MESSAGE][PASSED] - Object 'Object Repository/FDR-System-Admin/FDR-Add-FundCode/confirmAddFundCodeBtn' is present

2020-09-15 14:25:31 - [TEST_STEP][PASSED] - click(findTestObject("Object Repository/FDR-System-Admin/FDR-Add-FundCode/confirmAddFundCodeBtn")): Object: 'Object Repository/FDR-System-Admin/FDR-Add-FundCode/confirmAddFundCodeBtn' is clicked on

2020-09-15 14:25:31 - [MESSAGE][PASSED] - Object: 'Object Repository/FDR-System-Admin/FDR-Add-FundCode/confirmAddFundCodeBtn' is clicked on

2020-09-15 14:25:31 - [TEST_STEP][PASSED] - waitForElementPresent(findTestObject("FDR-System-Admin/FDR-ReferencePage/fundCodeReference/fundCodeDetail/fundCodeHeader"), 3): Object 'Object Repository/FDR-System-Admin/FDR-ReferencePage/fundCodeReference/fundCodeDetail/fundCodeHeader' is present

2020-09-15 14:25:32 - [MESSAGE][PASSED] - Object 'Object Repository/FDR-System-Admin/FDR-ReferencePage/fundCodeReference/fundCodeDetail/fundCodeHeader' is present

2020-09-15 14:25:32 - [TEST_STEP][PASSED] - waitForElementPresent(findTestObject("Object Repository/FDR-System-Admin/FDR-Edit-FundCode/fundCodeElipsisBtn"), 3): Object 'Object Repository/FDR-System-Admin/FDR-Edit-FundCode/fundCodeElipsisBtn' is present

2020-09-15 14:25:32 - [MESSAGE][PASSED] - Object 'Object Repository/FDR-System-Admin/FDR-Edit-FundCode/fundCodeElipsisBtn' is present

2020-09-15 14:25:32 - [TEST_STEP][PASSED] - click(findTestObject("Object Repository/FDR-System-Admin/FDR-Edit-FundCode/fundCodeElipsisBtn")): Object: 'Object Repository/FDR-System-Admin/FDR-Edit-FundCode/fundCodeElipsisBtn' is clicked on

2020-09-15 14:25:32 - [MESSAGE][PASSED] - Object: 'Object Repository/FDR-System-Admin/FDR-Edit-FundCode/fundCodeElipsisBtn' is clicked on

2020-09-15 14:25:32 - [TEST_STEP][PASSED] - waitForElementPresent(findTestObject("Object Repository/FDR-System-Admin/FDR-Edit-FundCode/fundCodeEditBtn"), 3): Object 'Object Repository/FDR-System-Admin/FDR-Edit-FundCode/fundCodeEditBtn' is present

2020-09-15 14:25:33 - [MESSAGE][PASSED] - Object 'Object Repository/FDR-System-Admin/FDR-Edit-FundCode/fundCodeEditBtn' is present

2020-09-15 14:25:33 - [TEST_STEP][PASSED] - click(findTestObject("Object Repository/FDR-System-Admin/FDR-Edit-FundCode/fundCodeEditBtn")): Object: 'Object Repository/FDR-System-Admin/FDR-Edit-FundCode/fundCodeEditBtn' is clicked on

2020-09-15 14:25:33 - [MESSAGE][PASSED] - Object: 'Object Repository/FDR-System-Admin/FDR-Edit-FundCode/fundCodeEditBtn' is clicked on

2020-09-15 14:25:33 - [TEST_STEP][PASSED] - waitForElementPresent(findTestObject("Object Repository/FDR-System-Admin/FDR-Add-FundCode/fundCodeNameText"), 3): Object 'Object Repository/FDR-System-Admin/FDR-Add-FundCode/fundCodeNameText' is present

2020-09-15 14:25:34 - [MESSAGE][PASSED] - Object 'Object Repository/FDR-System-Admin/FDR-Add-FundCode/fundCodeNameText' is present

2020-09-15 14:25:34 - [TEST_STEP][PASSED] - doubleClick(findTestObject("Object Repository/FDR-System-Admin/FDR-Add-FundCode/fundCodeNameText")): Object: 'Object Repository/FDR-System-Admin/FDR-Add-FundCode/fundCodeNameText' is double clicked on

2020-09-15 14:25:34 - [MESSAGE][PASSED] - Object: 'Object Repository/FDR-System-Admin/FDR-Add-FundCode/fundCodeNameText' is double clicked on

2020-09-15 14:25:34 - [TEST_STEP][PASSED] - sendKeys(findTestObject("Object Repository/FDR-System-Admin/FDR-Add-FundCode/fundCodeNameText"), Keys.chord(BACK_SPACE)): Keys 'BACK_SPACE + ' sent to object: 'Object Repository/FDR-System-Admin/FDR-Add-FundCode/fundCodeNameText'

2020-09-15 14:25:34 - [MESSAGE][PASSED] - Keys 'BACK_SPACE + ' sent to object: 'Object Repository/FDR-System-Admin/FDR-Add-FundCode/fundCodeNameText'

2020-09-15 14:25:34 - [TEST_STEP][PASSED] - editFundCodeName = randomAlphabetic(5).toUpperCase(): null

2020-09-15 14:25:34 - [TEST_STEP][PASSED] - setText(findTestObject("Object Repository/FDR-System-Admin/FDR-Add-FundCode/fundCodeNameText"), "Health " + editFundCodeName + " Fund"): Text 'Health WBGBA Fund' is set on object 'Object Repository/FDR-System-Admin/FDR-Add-FundCode/fundCodeNameText'

2020-09-15 14:25:36 - [MESSAGE][PASSED] - Text 'Health WBGBA Fund' is set on object 'Object Repository/FDR-System-Admin/FDR-Add-FundCode/fundCodeNameText'

2020-09-15 14:25:36 - [TEST_STEP][PASSED] - waitForElementPresent(findTestObject("Object Repository/FDR-System-Admin/FDR-Edit-FundCode/fundCodeSaveBtn"), 3): Object 'Object Repository/FDR-System-Admin/FDR-Edit-FundCode/fundCodeSaveBtn' is present

2020-09-15 14:25:36 - [MESSAGE][PASSED] - Object 'Object Repository/FDR-System-Admin/FDR-Edit-FundCode/fundCodeSaveBtn' is present

2020-09-15 14:25:36 - [TEST_STEP][PASSED] - click(findTestObject("Object Repository/FDR-System-Admin/FDR-Edit-FundCode/fundCodeSaveBtn")): Object: 'Object Repository/FDR-System-Admin/FDR-Edit-FundCode/fundCodeSaveBtn' is clicked on

2020-09-15 14:25:36 - [MESSAGE][PASSED] - Object: 'Object Repository/FDR-System-Admin/FDR-Edit-FundCode/fundCodeSaveBtn' is clicked on

2020-09-15 14:25:36 - [TEST_STEP][PASSED] - waitForElementPresent(findTestObject("FDR-System-Admin/FDR-ReferencePage/fundCodeReference/fundCodeDetail/fundCodeHeader"), 3): Object 'Object Repository/FDR-System-Admin/FDR-ReferencePage/fundCodeReference/fundCodeDetail/fundCodeHeader' is present

2020-09-15 14:25:37 - [MESSAGE][PASSED] - Object 'Object Repository/FDR-System-Admin/FDR-ReferencePage/fundCodeReference/fundCodeDetail/fundCodeHeader' is present

2020-09-15 14:25:37 - [TEST_STEP][PASSED] - waitForElementPresent(findTestObject("Object Repository/FDR-System-Admin/FDR-Add-FundCode/backToFundCode"), 3): Object 'Object Repository/FDR-System-Admin/FDR-Add-FundCode/backToFundCode' is present

2020-09-15 14:25:37 - [MESSAGE][PASSED] - Object 'Object Repository/FDR-System-Admin/FDR-Add-FundCode/backToFundCode' is present

2020-09-15 14:25:37 - [TEST_STEP][PASSED] - click(findTestObject("Object Repository/FDR-System-Admin/FDR-Add-FundCode/backToFundCode")): Object: 'Object Repository/FDR-System-Admin/FDR-Add-FundCode/backToFundCode' is clicked on

2020-09-15 14:25:38 - [MESSAGE][PASSED] - Object: 'Object Repository/FDR-System-Admin/FDR-Add-FundCode/backToFundCode' is clicked on

2020-09-15 14:25:38 - [TEST_STEP][PASSED] - if (verifyElementPresent(findTestObject("FDR-System-Admin/FDR-ReferencePage/firstRowOfRefData"), 2)): null

2020-09-15 14:25:38 - [MESSAGE][PASSED] - Object 'Object Repository/FDR-System-Admin/FDR-ReferencePage/firstRowOfRefData' is present

2020-09-15 14:25:38 - [TEST_STEP][PASSED] - click(findTestObject("FDR-System-Admin/FDR-ReferencePage/firstRowOfRefData")): Object: 'Object Repository/FDR-System-Admin/FDR-ReferencePage/firstRowOfRefData' is clicked on

2020-09-15 14:25:38 - [MESSAGE][PASSED] - Object: 'Object Repository/FDR-System-Admin/FDR-ReferencePage/firstRowOfRefData' is clicked on

2020-09-15 14:25:38 - [TEST_STEP][PASSED] - waitForElementPresent(findTestObject("FDR-System-Admin/FDR-ReferencePage/fundCodeReference/fundCodeDetail/fundCodeHeader"), 3): Object 'Object Repository/FDR-System-Admin/FDR-ReferencePage/fundCodeReference/fundCodeDetail/fundCodeHeader' is present

2020-09-15 14:25:39 - [MESSAGE][PASSED] - Object 'Object Repository/FDR-System-Admin/FDR-ReferencePage/fundCodeReference/fundCodeDetail/fundCodeHeader' is present

2020-09-15 14:25:39 - [TEST_STEP][PASSED] - label = getText(findTestObject("FDR-System-Admin/FDR-ReferencePage/fundCodeReference/fundCodeDetail/fundCodeName")): Text of object 'Object Repository/FDR-System-Admin/FDR-ReferencePage/fundCodeReference/fundCodeDetail/fundCodeName' is: 'CODE'

2020-09-15 14:25:39 - [MESSAGE][PASSED] - Text of object 'Object Repository/FDR-System-Admin/FDR-ReferencePage/fundCodeReference/fundCodeDetail/fundCodeName' is: 'CODE'

2020-09-15 14:25:39 - [TEST_STEP][PASSED] - assert label == "CODE": null

2020-09-15 14:25:39 - [TEST_STEP][PASSED] - Start listener action : sampleAfterTestCase: null

2020-09-15 14:25:39 - [TEST_STEP][PASSED] - profileName = getExecutionProfile(): null

2020-09-15 14:25:39 - [TEST_STEP][PASSED] - switch (profileName): null

2020-09-15 14:25:39 - [TEST_STEP][PASSED] - case "superUser":: null

2020-09-15 14:25:39 - [TEST_STEP][PASSED] - return null: null

2020-09-15 14:25:39 - [TEST_STEP][PASSED] - Start listener action : afterTestCase: Browser is closed

2020-09-15 14:25:39 - [TEST_STEP][PASSED] - profileName = getExecutionProfile(): null

2020-09-15 14:25:39 - [TEST_STEP][PASSED] - if (profileName.equalsIgnoreCase("SysAdmin")): Browser is closed

2020-09-15 14:25:39 - [TEST_STEP][PASSED] - closeBrowser(): Browser is closed

2020-09-15 14:25:40 - [MESSAGE][PASSED] - Browser is closed

2020-09-15 14:25:40 - [TEST_STEP][PASSED] - Start listener action : sampleAfterTestCase: null

2020-09-15 14:25:40 - [TEST_STEP][PASSED] - profileName = getExecutionProfile(): null

2020-09-15 14:25:40 - [TEST_STEP][PASSED] - switch (profileName): null

2020-09-15 14:25:40 - [TEST_STEP][PASSED] - Default: null

2020-09-15 14:25:40 - [TEST_STEP][PASSED] - return null: null

2020-09-15 14:25:40 - [TEST_STEP][PASSED] - Start listener action : addFailedTCToList: null]]></system-out>
         <system-err><![CDATA[]]></system-err>
      </testcase>
      <testcase name="Test Cases/WEB-UI-TESTS/SysAdmin/ReferencePage/ReferenceDetail/FDR-Add-InvoiceTypeDetailReview" time="33.952" classname="Test Cases/WEB-UI-TESTS/SysAdmin/ReferencePage/ReferenceDetail/FDR-Add-InvoiceTypeDetailReview" status="PASSED">
         <system-out><![CDATA[2020-09-15 14:25:40 - [TEST_CASE][PASSED] - Test Cases/WEB-UI-TESTS/SysAdmin/ReferencePage/ReferenceDetail/FDR-Add-InvoiceTypeDetailReview: Test Cases/WEB-UI-TESTS/SysAdmin/ReferencePage/ReferenceDetail/FDR-Add-InvoiceTypeDetailReview

2020-09-15 14:25:40 - [TEST_STEP][PASSED] - Start listener action : sampleBeforeTestCase: null

2020-09-15 14:25:40 - [TEST_STEP][PASSED] - profileName = getExecutionProfile(): null

2020-09-15 14:25:40 - [TEST_STEP][PASSED] - switch (profileName): null

2020-09-15 14:25:40 - [TEST_STEP][PASSED] - case "superUser":: null

2020-09-15 14:25:40 - [TEST_STEP][PASSED] - return null: null

2020-09-15 14:25:40 - [TEST_STEP][PASSED] - Start listener action : beforeTestCase: Call Test Case 'Test Cases/WEB-UI-TESTS/SysAdmin/SystemAdmin-Login' successfully

2020-09-15 14:25:40 - [TEST_STEP][PASSED] - profileName = getExecutionProfile(): null

2020-09-15 14:25:40 - [TEST_STEP][PASSED] - if (profileName.equalsIgnoreCase("SysAdmin")): Call Test Case 'Test Cases/WEB-UI-TESTS/SysAdmin/SystemAdmin-Login' successfully

2020-09-15 14:25:40 - [TEST_STEP][PASSED] - callTestCase(findTestCase("Test Cases/WEB-UI-TESTS/SysAdmin/SystemAdmin-Login"), null): Call Test Case 'Test Cases/WEB-UI-TESTS/SysAdmin/SystemAdmin-Login' successfully

2020-09-15 14:25:40 - [TEST_CASE][PASSED] - Test Cases/WEB-UI-TESTS/SysAdmin/SystemAdmin-Login: Test Cases/WEB-UI-TESTS/SysAdmin/SystemAdmin-Login

2020-09-15 14:25:40 - [TEST_STEP][PASSED] - openBrowser(URL): Browser is opened with url: 'https://fdr-katalon.cammis-mod-dev.dhcs.ca.gov'

2020-09-15 14:25:40 - [MESSAGE][INFO] - Starting 'Chrome' driver

2020-09-15 14:25:40 - [MESSAGE][INFO] - Action delay is set to 0 milliseconds

2020-09-15 14:25:46 - [MESSAGE][PASSED] - Browser is opened with url: 'https://fdr-katalon.cammis-mod-dev.dhcs.ca.gov'

2020-09-15 14:25:46 - [TEST_STEP][PASSED] - maximizeWindow(): Current window maximized

2020-09-15 14:25:48 - [MESSAGE][PASSED] - Current window maximized

2020-09-15 14:25:48 - [TEST_STEP][PASSED] - refresh(): Refresh successfully

2020-09-15 14:25:48 - [MESSAGE][PASSED] - Refresh successfully

2020-09-15 14:25:48 - [TEST_STEP][PASSED] - delay(2): Delayed 2 second(s)

2020-09-15 14:25:50 - [MESSAGE][PASSED] - Delayed 2 second(s)

2020-09-15 14:25:50 - [TEST_STEP][PASSED] - waitForElementPresent(findTestObject("FDR-System-Admin/SysAdmin-SignIn/adminEmail"), 5): Object 'Object Repository/FDR-System-Admin/SysAdmin-SignIn/adminEmail' is present

2020-09-15 14:25:50 - [MESSAGE][PASSED] - Object 'Object Repository/FDR-System-Admin/SysAdmin-SignIn/adminEmail' is present

2020-09-15 14:25:50 - [TEST_STEP][PASSED] - setText(findTestObject("FDR-System-Admin/SysAdmin-SignIn/adminEmail"), adminEmail): Text 'fdr.test10@dhcs.ca.gov
' is set on object 'Object Repository/FDR-System-Admin/SysAdmin-SignIn/adminEmail'

2020-09-15 14:25:51 - [MESSAGE][PASSED] - Text 'fdr.test10@dhcs.ca.gov
' is set on object 'Object Repository/FDR-System-Admin/SysAdmin-SignIn/adminEmail'

2020-09-15 14:25:51 - [TEST_STEP][PASSED] - waitForElementPresent(findTestObject("FDR-System-Admin/SysAdmin-SignIn/adminUserName"), 5): Object 'Object Repository/FDR-System-Admin/SysAdmin-SignIn/adminUserName' is present

2020-09-15 14:25:58 - [MESSAGE][PASSED] - Object 'Object Repository/FDR-System-Admin/SysAdmin-SignIn/adminUserName' is present

2020-09-15 14:25:58 - [TEST_STEP][PASSED] - setText(findTestObject("FDR-System-Admin/SysAdmin-SignIn/adminUserName"), UserName): Text 'fdr.test10@dhcs.ca.gov' is set on object 'Object Repository/FDR-System-Admin/SysAdmin-SignIn/adminUserName'

2020-09-15 14:25:58 - [MESSAGE][PASSED] - Text 'fdr.test10@dhcs.ca.gov' is set on object 'Object Repository/FDR-System-Admin/SysAdmin-SignIn/adminUserName'

2020-09-15 14:25:58 - [TEST_STEP][PASSED] - setText(findTestObject("FDR-System-Admin/SysAdmin-SignIn/adminPass"), Password): Text 'Password18' is set on object 'Object Repository/FDR-System-Admin/SysAdmin-SignIn/adminPass'

2020-09-15 14:25:59 - [MESSAGE][PASSED] - Text 'Password18' is set on object 'Object Repository/FDR-System-Admin/SysAdmin-SignIn/adminPass'

2020-09-15 14:25:59 - [TEST_STEP][PASSED] - click(findTestObject("FDR-System-Admin/SysAdmin-SignIn/adminSignIn")): Object: 'Object Repository/FDR-System-Admin/SysAdmin-SignIn/adminSignIn' is clicked on

2020-09-15 14:25:59 - [MESSAGE][PASSED] - Object: 'Object Repository/FDR-System-Admin/SysAdmin-SignIn/adminSignIn' is clicked on

2020-09-15 14:25:59 - [TEST_STEP][PASSED] - waitForElementPresent(findTestObject("Object Repository/FDR-System-Admin/SysAdmin-Dashboard/maintainReferenceDataBtn"), 3): Object 'Object Repository/FDR-System-Admin/SysAdmin-Dashboard/maintainReferenceDataBtn' is present

2020-09-15 14:26:03 - [MESSAGE][PASSED] - Object 'Object Repository/FDR-System-Admin/SysAdmin-Dashboard/maintainReferenceDataBtn' is present

2020-09-15 14:26:03 - [TEST_STEP][PASSED] - verifyElementPresent(findTestObject("Object Repository/FDR-System-Admin/SysAdmin-Dashboard/maintainReferenceDataBtn"), Timeout): Object 'Object Repository/FDR-System-Admin/SysAdmin-Dashboard/maintainReferenceDataBtn' is present

2020-09-15 14:26:03 - [MESSAGE][PASSED] - Object 'Object Repository/FDR-System-Admin/SysAdmin-Dashboard/maintainReferenceDataBtn' is present

2020-09-15 14:26:03 - [TEST_STEP][PASSED] - refresh(): Refresh successfully

2020-09-15 14:26:04 - [MESSAGE][PASSED] - Refresh successfully

2020-09-15 14:26:04 - [MESSAGE][PASSED] - Call Test Case 'Test Cases/WEB-UI-TESTS/SysAdmin/SystemAdmin-Login' successfully

2020-09-15 14:26:04 - [TEST_STEP][PASSED] - Start listener action : sampleBeforeTestCase: null

2020-09-15 14:26:04 - [TEST_STEP][PASSED] - profileName = getExecutionProfile(): null

2020-09-15 14:26:04 - [TEST_STEP][PASSED] - testCaseId = testCaseContext.getTestCaseId(): null

2020-09-15 14:26:04 - [TEST_STEP][PASSED] - switch (profileName): null

2020-09-15 14:26:04 - [TEST_STEP][PASSED] - Default: null

2020-09-15 14:26:04 - [TEST_STEP][PASSED] - return null: null

2020-09-15 14:26:04 - [TEST_STEP][PASSED] - Start listener action : executeRows: null

2020-09-15 14:26:04 - [TEST_STEP][PASSED] - click(findTestObject("Object Repository/FDR-System-Admin/SysAdmin-Dashboard/maintainReferenceDataBtn")): Object: 'Object Repository/FDR-System-Admin/SysAdmin-Dashboard/maintainReferenceDataBtn' is clicked on

2020-09-15 14:26:04 - [MESSAGE][PASSED] - Object: 'Object Repository/FDR-System-Admin/SysAdmin-Dashboard/maintainReferenceDataBtn' is clicked on

2020-09-15 14:26:04 - [TEST_STEP][PASSED] - click(findTestObject("FDR-System-Admin/FDR-ReferencePage/reference-data")): Object: 'Object Repository/FDR-System-Admin/FDR-ReferencePage/reference-data' is clicked on

2020-09-15 14:26:05 - [MESSAGE][PASSED] - Object: 'Object Repository/FDR-System-Admin/FDR-ReferencePage/reference-data' is clicked on

2020-09-15 14:26:05 - [TEST_STEP][PASSED] - setText(findTestObject("FDR-System-Admin/FDR-ReferencePage/referenceDataNameInput"), "invoice type"): Text 'invoice type' is set on object 'Object Repository/FDR-System-Admin/FDR-ReferencePage/referenceDataNameInput'

2020-09-15 14:26:06 - [MESSAGE][PASSED] - Text 'invoice type' is set on object 'Object Repository/FDR-System-Admin/FDR-ReferencePage/referenceDataNameInput'

2020-09-15 14:26:06 - [TEST_STEP][PASSED] - click(findTestObject("FDR-System-Admin/FDR-ReferencePage/invoiceTypeReference/invoiceTypeDetail/invoiceType")): Object: 'Object Repository/FDR-System-Admin/FDR-ReferencePage/invoiceTypeReference/invoiceTypeDetail/invoiceType' is clicked on

2020-09-15 14:26:06 - [MESSAGE][PASSED] - Object: 'Object Repository/FDR-System-Admin/FDR-ReferencePage/invoiceTypeReference/invoiceTypeDetail/invoiceType' is clicked on

2020-09-15 14:26:06 - [TEST_STEP][PASSED] - waitForElementPresent(findTestObject("FDR-System-Admin/FDR-Add-InvoiceType/addInvoiceTypeBtn"), 3): Object 'Object Repository/FDR-System-Admin/FDR-Add-InvoiceType/addInvoiceTypeBtn' is present

2020-09-15 14:26:07 - [MESSAGE][PASSED] - Object 'Object Repository/FDR-System-Admin/FDR-Add-InvoiceType/addInvoiceTypeBtn' is present

2020-09-15 14:26:07 - [TEST_STEP][PASSED] - click(findTestObject("FDR-System-Admin/FDR-Add-InvoiceType/addInvoiceTypeBtn")): Object: 'Object Repository/FDR-System-Admin/FDR-Add-InvoiceType/addInvoiceTypeBtn' is clicked on

2020-09-15 14:26:07 - [MESSAGE][PASSED] - Object: 'Object Repository/FDR-System-Admin/FDR-Add-InvoiceType/addInvoiceTypeBtn' is clicked on

2020-09-15 14:26:07 - [TEST_STEP][PASSED] - invoiceCode = RandomStringUtils.randomAlphanumeric(10): null

2020-09-15 14:26:07 - [TEST_STEP][PASSED] - invoiceName = RandomStringUtils.randomAlphanumeric(10): null

2020-09-15 14:26:07 - [TEST_STEP][PASSED] - waitForElementPresent(findTestObject("FDR-System-Admin/FDR-Add-InvoiceType/invoiceCode"), 3): Object 'Object Repository/FDR-System-Admin/FDR-Add-InvoiceType/invoiceCode' is present

2020-09-15 14:26:08 - [MESSAGE][PASSED] - Object 'Object Repository/FDR-System-Admin/FDR-Add-InvoiceType/invoiceCode' is present

2020-09-15 14:26:08 - [TEST_STEP][PASSED] - setText(findTestObject("FDR-System-Admin/FDR-Add-InvoiceType/invoiceCode"), invoiceCode): Text 'zVkUZjP4vI' is set on object 'Object Repository/FDR-System-Admin/FDR-Add-InvoiceType/invoiceCode'

2020-09-15 14:26:08 - [MESSAGE][PASSED] - Text 'zVkUZjP4vI' is set on object 'Object Repository/FDR-System-Admin/FDR-Add-InvoiceType/invoiceCode'

2020-09-15 14:26:08 - [TEST_STEP][PASSED] - waitForElementPresent(findTestObject("FDR-System-Admin/FDR-Add-InvoiceType/invoiceName"), 3): Object 'Object Repository/FDR-System-Admin/FDR-Add-InvoiceType/invoiceName' is present

2020-09-15 14:26:09 - [MESSAGE][PASSED] - Object 'Object Repository/FDR-System-Admin/FDR-Add-InvoiceType/invoiceName' is present

2020-09-15 14:26:09 - [TEST_STEP][PASSED] - setText(findTestObject("FDR-System-Admin/FDR-Add-InvoiceType/invoiceName"), invoiceName): Text 'EsgCBNTHED' is set on object 'Object Repository/FDR-System-Admin/FDR-Add-InvoiceType/invoiceName'

2020-09-15 14:26:09 - [MESSAGE][PASSED] - Text 'EsgCBNTHED' is set on object 'Object Repository/FDR-System-Admin/FDR-Add-InvoiceType/invoiceName'

2020-09-15 14:26:09 - [TEST_STEP][PASSED] - waitForElementPresent(findTestObject("FDR-System-Admin/FDR-Add-InvoiceType/confirmInvoiceTypeBtn"), 3): Object 'Object Repository/FDR-System-Admin/FDR-Add-InvoiceType/confirmInvoiceTypeBtn' is present

2020-09-15 14:26:10 - [MESSAGE][PASSED] - Object 'Object Repository/FDR-System-Admin/FDR-Add-InvoiceType/confirmInvoiceTypeBtn' is present

2020-09-15 14:26:10 - [TEST_STEP][PASSED] - click(findTestObject("FDR-System-Admin/FDR-Add-InvoiceType/confirmInvoiceTypeBtn")): Object: 'Object Repository/FDR-System-Admin/FDR-Add-InvoiceType/confirmInvoiceTypeBtn' is clicked on

2020-09-15 14:26:10 - [MESSAGE][PASSED] - Object: 'Object Repository/FDR-System-Admin/FDR-Add-InvoiceType/confirmInvoiceTypeBtn' is clicked on

2020-09-15 14:26:10 - [TEST_STEP][PASSED] - waitForElementPresent(findTestObject("FDR-System-Admin/FDR-Add-InvoiceType/invoiceTypeHeader"), 3): Object 'Object Repository/FDR-System-Admin/FDR-Add-InvoiceType/invoiceTypeHeader' is present

2020-09-15 14:26:11 - [MESSAGE][PASSED] - Object 'Object Repository/FDR-System-Admin/FDR-Add-InvoiceType/invoiceTypeHeader' is present

2020-09-15 14:26:11 - [TEST_STEP][PASSED] - waitForElementPresent(findTestObject("FDR-System-Admin/FDR-Add-InvoiceType/backToInvoiceTypes"), 3): Object 'Object Repository/FDR-System-Admin/FDR-Add-InvoiceType/backToInvoiceTypes' is present

2020-09-15 14:26:11 - [MESSAGE][PASSED] - Object 'Object Repository/FDR-System-Admin/FDR-Add-InvoiceType/backToInvoiceTypes' is present

2020-09-15 14:26:11 - [TEST_STEP][PASSED] - click(findTestObject("FDR-System-Admin/FDR-Add-InvoiceType/backToInvoiceTypes")): Object: 'Object Repository/FDR-System-Admin/FDR-Add-InvoiceType/backToInvoiceTypes' is clicked on

2020-09-15 14:26:12 - [MESSAGE][PASSED] - Object: 'Object Repository/FDR-System-Admin/FDR-Add-InvoiceType/backToInvoiceTypes' is clicked on

2020-09-15 14:26:12 - [TEST_STEP][PASSED] - if (verifyElementPresent(findTestObject("FDR-System-Admin/FDR-ReferencePage/firstRowOfRefData"), 2)): null

2020-09-15 14:26:12 - [MESSAGE][PASSED] - Object 'Object Repository/FDR-System-Admin/FDR-ReferencePage/firstRowOfRefData' is present

2020-09-15 14:26:12 - [TEST_STEP][PASSED] - click(findTestObject("FDR-System-Admin/FDR-ReferencePage/firstRowOfRefData")): Object: 'Object Repository/FDR-System-Admin/FDR-ReferencePage/firstRowOfRefData' is clicked on

2020-09-15 14:26:12 - [MESSAGE][PASSED] - Object: 'Object Repository/FDR-System-Admin/FDR-ReferencePage/firstRowOfRefData' is clicked on

2020-09-15 14:26:12 - [TEST_STEP][PASSED] - waitForElementPresent(findTestObject("FDR-System-Admin/FDR-Add-InvoiceType/invoiceTypeHeader"), 3): Object 'Object Repository/FDR-System-Admin/FDR-Add-InvoiceType/invoiceTypeHeader' is present

2020-09-15 14:26:13 - [MESSAGE][PASSED] - Object 'Object Repository/FDR-System-Admin/FDR-Add-InvoiceType/invoiceTypeHeader' is present

2020-09-15 14:26:13 - [TEST_STEP][PASSED] - label = getText(findTestObject("FDR-System-Admin/FDR-ReferencePage/invoiceTypeReference/invoiceTypeDetail/invoiceName")): Text of object 'Object Repository/FDR-System-Admin/FDR-ReferencePage/invoiceTypeReference/invoiceTypeDetail/invoiceName' is: 'INVOICE NAME'

2020-09-15 14:26:13 - [MESSAGE][PASSED] - Text of object 'Object Repository/FDR-System-Admin/FDR-ReferencePage/invoiceTypeReference/invoiceTypeDetail/invoiceName' is: 'INVOICE NAME'

2020-09-15 14:26:13 - [TEST_STEP][PASSED] - assert label == "INVOICE NAME": null

2020-09-15 14:26:13 - [TEST_STEP][PASSED] - Start listener action : sampleAfterTestCase: null

2020-09-15 14:26:13 - [TEST_STEP][PASSED] - profileName = getExecutionProfile(): null

2020-09-15 14:26:13 - [TEST_STEP][PASSED] - switch (profileName): null

2020-09-15 14:26:13 - [TEST_STEP][PASSED] - case "superUser":: null

2020-09-15 14:26:13 - [TEST_STEP][PASSED] - return null: null

2020-09-15 14:26:13 - [TEST_STEP][PASSED] - Start listener action : afterTestCase: Browser is closed

2020-09-15 14:26:13 - [TEST_STEP][PASSED] - profileName = getExecutionProfile(): null

2020-09-15 14:26:13 - [TEST_STEP][PASSED] - if (profileName.equalsIgnoreCase("SysAdmin")): Browser is closed

2020-09-15 14:26:13 - [TEST_STEP][PASSED] - closeBrowser(): Browser is closed

2020-09-15 14:26:14 - [MESSAGE][PASSED] - Browser is closed

2020-09-15 14:26:14 - [TEST_STEP][PASSED] - Start listener action : sampleAfterTestCase: null

2020-09-15 14:26:14 - [TEST_STEP][PASSED] - profileName = getExecutionProfile(): null

2020-09-15 14:26:14 - [TEST_STEP][PASSED] - switch (profileName): null

2020-09-15 14:26:14 - [TEST_STEP][PASSED] - Default: null

2020-09-15 14:26:14 - [TEST_STEP][PASSED] - return null: null

2020-09-15 14:26:14 - [TEST_STEP][PASSED] - Start listener action : addFailedTCToList: null]]></system-out>
         <system-err><![CDATA[]]></system-err>
      </testcase>
      <testcase name="Test Cases/WEB-UI-TESTS/SysAdmin/ReferencePage/ReferenceDetail/FDR-Add-ContractDetailReview" time="71.101" classname="Test Cases/WEB-UI-TESTS/SysAdmin/ReferencePage/ReferenceDetail/FDR-Add-ContractDetailReview" status="FAILED">
         <failure type="FAILED" message="Test Cases/WEB-UI-TESTS/SysAdmin/ReferencePage/ReferenceDetail/FDR-Add-ContractDetailReview FAILED.
Reason:
com.kms.katalon.core.exception.StepFailedException: Unable to click on object 'Object Repository/FDR-System-Admin/FDR-Add-Contract/supplierOption' (Root cause: com.kms.katalon.core.exception.StepFailedException: Unable to click on object 'Object Repository/FDR-System-Admin/FDR-Add-Contract/supplierOption'
	at com.kms.katalon.core.webui.keyword.internal.WebUIKeywordMain.stepFailed(WebUIKeywordMain.groovy:64)
	at com.kms.katalon.core.webui.keyword.internal.WebUIKeywordMain.runKeyword(WebUIKeywordMain.groovy:26)
	at com.kms.katalon.core.webui.keyword.builtin.ClickKeyword.click(ClickKeyword.groovy:76)
	at com.kms.katalon.core.webui.keyword.builtin.ClickKeyword.execute(ClickKeyword.groovy:43)
	at com.kms.katalon.core.keyword.internal.KeywordExecutor.executeKeywordForPlatform(KeywordExecutor.groovy:73)
	at com.kms.katalon.core.webui.keyword.WebUiBuiltInKeywords.click(WebUiBuiltInKeywords.groovy:616)
	at com.kms.katalon.core.webui.keyword.WebUiBuiltInKeywords$click$4.call(Unknown Source)
	at FDR-Add-ContractDetailReview.run(FDR-Add-ContractDetailReview:41)
	at com.kms.katalon.core.main.ScriptEngine.run(ScriptEngine.java:194)
	at com.kms.katalon.core.main.ScriptEngine.runScriptAsRawText(ScriptEngine.java:119)
	at com.kms.katalon.core.main.TestCaseExecutor.runScript(TestCaseExecutor.java:339)
	at com.kms.katalon.core.main.TestCaseExecutor.doExecute(TestCaseExecutor.java:330)
	at com.kms.katalon.core.main.TestCaseExecutor.processExecutionPhase(TestCaseExecutor.java:309)
	at com.kms.katalon.core.main.TestCaseExecutor.accessMainPhase(TestCaseExecutor.java:301)
	at com.kms.katalon.core.main.TestCaseExecutor.execute(TestCaseExecutor.java:235)
	at com.kms.katalon.core.main.TestSuiteExecutor.accessTestCaseMainPhase(TestSuiteExecutor.java:191)
	at com.kms.katalon.core.main.TestSuiteExecutor.accessTestSuiteMainPhase(TestSuiteExecutor.java:141)
	at com.kms.katalon.core.main.TestSuiteExecutor.execute(TestSuiteExecutor.java:90)
	at com.kms.katalon.core.main.TestCaseMain.startTestSuite(TestCaseMain.java:157)
	at com.kms.katalon.core.main.TestCaseMain$startTestSuite$0.call(Unknown Source)
	at TempTestSuite1600204926925.run(TempTestSuite1600204926925.groovy:39)
Caused by: com.kms.katalon.core.webui.exception.WebElementNotFoundException: Web element with id: 'Object Repository/FDR-System-Admin/FDR-Add-Contract/supplierOption' located by '//li[@id='supplierId-option-0']' not found
	at com.kms.katalon.core.webui.common.WebUiCommonHelper.findWebElement(WebUiCommonHelper.java:1368)
	at com.kms.katalon.core.webui.keyword.internal.WebUIAbstractKeyword.findWebElement(WebUIAbstractKeyword.groovy:27)
	at com.kms.katalon.core.webui.keyword.internal.WebUIAbstractKeyword.findWebElement(WebUIAbstractKeyword.groovy:26)
	at com.kms.katalon.core.webui.keyword.builtin.ClickKeyword$_click_closure1.doCall(ClickKeyword.groovy:67)
	at com.kms.katalon.core.webui.keyword.builtin.ClickKeyword$_click_closure1.call(ClickKeyword.groovy)
	at com.kms.katalon.core.webui.keyword.internal.WebUIKeywordMain.runKeyword(WebUIKeywordMain.groovy:20)
	at com.kms.katalon.core.webui.keyword.builtin.ClickKeyword.click(ClickKeyword.groovy:76)
	at com.kms.katalon.core.webui.keyword.builtin.ClickKeyword.execute(ClickKeyword.groovy:43)
	at com.kms.katalon.core.keyword.internal.KeywordExecutor.executeKeywordForPlatform(KeywordExecutor.groovy:73)
	at com.kms.katalon.core.webui.keyword.WebUiBuiltInKeywords.click(WebUiBuiltInKeywords.groovy:616)
	at com.kms.katalon.core.webui.keyword.WebUiBuiltInKeywords$click$4.call(Unknown Source)
	at Script1584563115080.run(Script1584563115080.groovy:41)
	... 13 more
)
	at com.kms.katalon.core.keyword.internal.KeywordMain.stepFailed(KeywordMain.groovy:39)
	at com.kms.katalon.core.webui.keyword.internal.WebUIKeywordMain.stepFailed(WebUIKeywordMain.groovy:64)
	at com.kms.katalon.core.webui.keyword.internal.WebUIKeywordMain.runKeyword(WebUIKeywordMain.groovy:26)
	at com.kms.katalon.core.webui.keyword.builtin.ClickKeyword.click(ClickKeyword.groovy:76)
	at com.kms.katalon.core.webui.keyword.builtin.ClickKeyword.execute(ClickKeyword.groovy:43)
	at com.kms.katalon.core.keyword.internal.KeywordExecutor.executeKeywordForPlatform(KeywordExecutor.groovy:73)
	at com.kms.katalon.core.webui.keyword.WebUiBuiltInKeywords.click(WebUiBuiltInKeywords.groovy:616)
	at com.kms.katalon.core.webui.keyword.WebUiBuiltInKeywords$click$4.call(Unknown Source)
	at FDR-Add-ContractDetailReview.run(FDR-Add-ContractDetailReview:41)
	at com.kms.katalon.core.main.ScriptEngine.run(ScriptEngine.java:194)
	at com.kms.katalon.core.main.ScriptEngine.runScriptAsRawText(ScriptEngine.java:119)
	at com.kms.katalon.core.main.TestCaseExecutor.runScript(TestCaseExecutor.java:339)
	at com.kms.katalon.core.main.TestCaseExecutor.doExecute(TestCaseExecutor.java:330)
	at com.kms.katalon.core.main.TestCaseExecutor.processExecutionPhase(TestCaseExecutor.java:309)
	at com.kms.katalon.core.main.TestCaseExecutor.accessMainPhase(TestCaseExecutor.java:301)
	at com.kms.katalon.core.main.TestCaseExecutor.execute(TestCaseExecutor.java:235)
	at com.kms.katalon.core.main.TestSuiteExecutor.accessTestCaseMainPhase(TestSuiteExecutor.java:191)
	at com.kms.katalon.core.main.TestSuiteExecutor.accessTestSuiteMainPhase(TestSuiteExecutor.java:141)
	at com.kms.katalon.core.main.TestSuiteExecutor.execute(TestSuiteExecutor.java:90)
	at com.kms.katalon.core.main.TestCaseMain.startTestSuite(TestCaseMain.java:157)
	at com.kms.katalon.core.main.TestCaseMain$startTestSuite$0.call(Unknown Source)
	at TempTestSuite1600204926925.run(TempTestSuite1600204926925.groovy:39)
Caused by: com.kms.katalon.core.exception.StepFailedException: Unable to click on object 'Object Repository/FDR-System-Admin/FDR-Add-Contract/supplierOption'
	... 21 more
Caused by: com.kms.katalon.core.webui.exception.WebElementNotFoundException: Web element with id: 'Object Repository/FDR-System-Admin/FDR-Add-Contract/supplierOption' located by '//li[@id='supplierId-option-0']' not found
	at com.kms.katalon.core.webui.common.WebUiCommonHelper.findWebElement(WebUiCommonHelper.java:1368)
	at com.kms.katalon.core.webui.keyword.internal.WebUIAbstractKeyword.findWebElement(WebUIAbstractKeyword.groovy:27)
	at com.kms.katalon.core.webui.keyword.internal.WebUIAbstractKeyword.findWebElement(WebUIAbstractKeyword.groovy:26)
	at com.kms.katalon.core.webui.keyword.builtin.ClickKeyword$_click_closure1.doCall(ClickKeyword.groovy:67)
	at com.kms.katalon.core.webui.keyword.builtin.ClickKeyword$_click_closure1.call(ClickKeyword.groovy)
	at com.kms.katalon.core.webui.keyword.internal.WebUIKeywordMain.runKeyword(WebUIKeywordMain.groovy:20)
	... 19 more
"/>
         <system-out><![CDATA[2020-09-15 14:26:14 - [TEST_CASE][FAILED] - Test Cases/WEB-UI-TESTS/SysAdmin/ReferencePage/ReferenceDetail/FDR-Add-ContractDetailReview: Test Cases/WEB-UI-TESTS/SysAdmin/ReferencePage/ReferenceDetail/FDR-Add-ContractDetailReview FAILED.
Reason:
com.kms.katalon.core.exception.StepFailedException: Unable to click on object 'Object Repository/FDR-System-Admin/FDR-Add-Contract/supplierOption' (Root cause: com.kms.katalon.core.exception.StepFailedException: Unable to click on object 'Object Repository/FDR-System-Admin/FDR-Add-Contract/supplierOption'
	at com.kms.katalon.core.webui.keyword.internal.WebUIKeywordMain.stepFailed(WebUIKeywordMain.groovy:64)
	at com.kms.katalon.core.webui.keyword.internal.WebUIKeywordMain.runKeyword(WebUIKeywordMain.groovy:26)
	at com.kms.katalon.core.webui.keyword.builtin.ClickKeyword.click(ClickKeyword.groovy:76)
	at com.kms.katalon.core.webui.keyword.builtin.ClickKeyword.execute(ClickKeyword.groovy:43)
	at com.kms.katalon.core.keyword.internal.KeywordExecutor.executeKeywordForPlatform(KeywordExecutor.groovy:73)
	at com.kms.katalon.core.webui.keyword.WebUiBuiltInKeywords.click(WebUiBuiltInKeywords.groovy:616)
	at com.kms.katalon.core.webui.keyword.WebUiBuiltInKeywords$click$4.call(Unknown Source)
	at FDR-Add-ContractDetailReview.run(FDR-Add-ContractDetailReview:41)
	at com.kms.katalon.core.main.ScriptEngine.run(ScriptEngine.java:194)
	at com.kms.katalon.core.main.ScriptEngine.runScriptAsRawText(ScriptEngine.java:119)
	at com.kms.katalon.core.main.TestCaseExecutor.runScript(TestCaseExecutor.java:339)
	at com.kms.katalon.core.main.TestCaseExecutor.doExecute(TestCaseExecutor.java:330)
	at com.kms.katalon.core.main.TestCaseExecutor.processExecutionPhase(TestCaseExecutor.java:309)
	at com.kms.katalon.core.main.TestCaseExecutor.accessMainPhase(TestCaseExecutor.java:301)
	at com.kms.katalon.core.main.TestCaseExecutor.execute(TestCaseExecutor.java:235)
	at com.kms.katalon.core.main.TestSuiteExecutor.accessTestCaseMainPhase(TestSuiteExecutor.java:191)
	at com.kms.katalon.core.main.TestSuiteExecutor.accessTestSuiteMainPhase(TestSuiteExecutor.java:141)
	at com.kms.katalon.core.main.TestSuiteExecutor.execute(TestSuiteExecutor.java:90)
	at com.kms.katalon.core.main.TestCaseMain.startTestSuite(TestCaseMain.java:157)
	at com.kms.katalon.core.main.TestCaseMain$startTestSuite$0.call(Unknown Source)
	at TempTestSuite1600204926925.run(TempTestSuite1600204926925.groovy:39)
Caused by: com.kms.katalon.core.webui.exception.WebElementNotFoundException: Web element with id: 'Object Repository/FDR-System-Admin/FDR-Add-Contract/supplierOption' located by '//li[@id='supplierId-option-0']' not found
	at com.kms.katalon.core.webui.common.WebUiCommonHelper.findWebElement(WebUiCommonHelper.java:1368)
	at com.kms.katalon.core.webui.keyword.internal.WebUIAbstractKeyword.findWebElement(WebUIAbstractKeyword.groovy:27)
	at com.kms.katalon.core.webui.keyword.internal.WebUIAbstractKeyword.findWebElement(WebUIAbstractKeyword.groovy:26)
	at com.kms.katalon.core.webui.keyword.builtin.ClickKeyword$_click_closure1.doCall(ClickKeyword.groovy:67)
	at com.kms.katalon.core.webui.keyword.builtin.ClickKeyword$_click_closure1.call(ClickKeyword.groovy)
	at com.kms.katalon.core.webui.keyword.internal.WebUIKeywordMain.runKeyword(WebUIKeywordMain.groovy:20)
	at com.kms.katalon.core.webui.keyword.builtin.ClickKeyword.click(ClickKeyword.groovy:76)
	at com.kms.katalon.core.webui.keyword.builtin.ClickKeyword.execute(ClickKeyword.groovy:43)
	at com.kms.katalon.core.keyword.internal.KeywordExecutor.executeKeywordForPlatform(KeywordExecutor.groovy:73)
	at com.kms.katalon.core.webui.keyword.WebUiBuiltInKeywords.click(WebUiBuiltInKeywords.groovy:616)
	at com.kms.katalon.core.webui.keyword.WebUiBuiltInKeywords$click$4.call(Unknown Source)
	at Script1584563115080.run(Script1584563115080.groovy:41)
	... 13 more
)
	at com.kms.katalon.core.keyword.internal.KeywordMain.stepFailed(KeywordMain.groovy:39)
	at com.kms.katalon.core.webui.keyword.internal.WebUIKeywordMain.stepFailed(WebUIKeywordMain.groovy:64)
	at com.kms.katalon.core.webui.keyword.internal.WebUIKeywordMain.runKeyword(WebUIKeywordMain.groovy:26)
	at com.kms.katalon.core.webui.keyword.builtin.ClickKeyword.click(ClickKeyword.groovy:76)
	at com.kms.katalon.core.webui.keyword.builtin.ClickKeyword.execute(ClickKeyword.groovy:43)
	at com.kms.katalon.core.keyword.internal.KeywordExecutor.executeKeywordForPlatform(KeywordExecutor.groovy:73)
	at com.kms.katalon.core.webui.keyword.WebUiBuiltInKeywords.click(WebUiBuiltInKeywords.groovy:616)
	at com.kms.katalon.core.webui.keyword.WebUiBuiltInKeywords$click$4.call(Unknown Source)
	at FDR-Add-ContractDetailReview.run(FDR-Add-ContractDetailReview:41)
	at com.kms.katalon.core.main.ScriptEngine.run(ScriptEngine.java:194)
	at com.kms.katalon.core.main.ScriptEngine.runScriptAsRawText(ScriptEngine.java:119)
	at com.kms.katalon.core.main.TestCaseExecutor.runScript(TestCaseExecutor.java:339)
	at com.kms.katalon.core.main.TestCaseExecutor.doExecute(TestCaseExecutor.java:330)
	at com.kms.katalon.core.main.TestCaseExecutor.processExecutionPhase(TestCaseExecutor.java:309)
	at com.kms.katalon.core.main.TestCaseExecutor.accessMainPhase(TestCaseExecutor.java:301)
	at com.kms.katalon.core.main.TestCaseExecutor.execute(TestCaseExecutor.java:235)
	at com.kms.katalon.core.main.TestSuiteExecutor.accessTestCaseMainPhase(TestSuiteExecutor.java:191)
	at com.kms.katalon.core.main.TestSuiteExecutor.accessTestSuiteMainPhase(TestSuiteExecutor.java:141)
	at com.kms.katalon.core.main.TestSuiteExecutor.execute(TestSuiteExecutor.java:90)
	at com.kms.katalon.core.main.TestCaseMain.startTestSuite(TestCaseMain.java:157)
	at com.kms.katalon.core.main.TestCaseMain$startTestSuite$0.call(Unknown Source)
	at TempTestSuite1600204926925.run(TempTestSuite1600204926925.groovy:39)
Caused by: com.kms.katalon.core.exception.StepFailedException: Unable to click on object 'Object Repository/FDR-System-Admin/FDR-Add-Contract/supplierOption'
	... 21 more
Caused by: com.kms.katalon.core.webui.exception.WebElementNotFoundException: Web element with id: 'Object Repository/FDR-System-Admin/FDR-Add-Contract/supplierOption' located by '//li[@id='supplierId-option-0']' not found
	at com.kms.katalon.core.webui.common.WebUiCommonHelper.findWebElement(WebUiCommonHelper.java:1368)
	at com.kms.katalon.core.webui.keyword.internal.WebUIAbstractKeyword.findWebElement(WebUIAbstractKeyword.groovy:27)
	at com.kms.katalon.core.webui.keyword.internal.WebUIAbstractKeyword.findWebElement(WebUIAbstractKeyword.groovy:26)
	at com.kms.katalon.core.webui.keyword.builtin.ClickKeyword$_click_closure1.doCall(ClickKeyword.groovy:67)
	at com.kms.katalon.core.webui.keyword.builtin.ClickKeyword$_click_closure1.call(ClickKeyword.groovy)
	at com.kms.katalon.core.webui.keyword.internal.WebUIKeywordMain.runKeyword(WebUIKeywordMain.groovy:20)
	... 19 more


2020-09-15 14:26:14 - [TEST_STEP][PASSED] - Start listener action : sampleBeforeTestCase: null

2020-09-15 14:26:14 - [TEST_STEP][PASSED] - profileName = getExecutionProfile(): null

2020-09-15 14:26:14 - [TEST_STEP][PASSED] - switch (profileName): null

2020-09-15 14:26:14 - [TEST_STEP][PASSED] - case "superUser":: null

2020-09-15 14:26:14 - [TEST_STEP][PASSED] - return null: null

2020-09-15 14:26:14 - [TEST_STEP][PASSED] - Start listener action : beforeTestCase: Call Test Case 'Test Cases/WEB-UI-TESTS/SysAdmin/SystemAdmin-Login' successfully

2020-09-15 14:26:14 - [TEST_STEP][PASSED] - profileName = getExecutionProfile(): null

2020-09-15 14:26:14 - [TEST_STEP][PASSED] - if (profileName.equalsIgnoreCase("SysAdmin")): Call Test Case 'Test Cases/WEB-UI-TESTS/SysAdmin/SystemAdmin-Login' successfully

2020-09-15 14:26:14 - [TEST_STEP][PASSED] - callTestCase(findTestCase("Test Cases/WEB-UI-TESTS/SysAdmin/SystemAdmin-Login"), null): Call Test Case 'Test Cases/WEB-UI-TESTS/SysAdmin/SystemAdmin-Login' successfully

2020-09-15 14:26:14 - [TEST_CASE][PASSED] - Test Cases/WEB-UI-TESTS/SysAdmin/SystemAdmin-Login: Test Cases/WEB-UI-TESTS/SysAdmin/SystemAdmin-Login

2020-09-15 14:26:14 - [TEST_STEP][PASSED] - openBrowser(URL): Browser is opened with url: 'https://fdr-katalon.cammis-mod-dev.dhcs.ca.gov'

2020-09-15 14:26:14 - [MESSAGE][INFO] - Starting 'Chrome' driver

2020-09-15 14:26:14 - [MESSAGE][INFO] - Action delay is set to 0 milliseconds

2020-09-15 14:26:19 - [MESSAGE][PASSED] - Browser is opened with url: 'https://fdr-katalon.cammis-mod-dev.dhcs.ca.gov'

2020-09-15 14:26:19 - [TEST_STEP][PASSED] - maximizeWindow(): Current window maximized

2020-09-15 14:26:21 - [MESSAGE][PASSED] - Current window maximized

2020-09-15 14:26:21 - [TEST_STEP][PASSED] - refresh(): Refresh successfully

2020-09-15 14:26:22 - [MESSAGE][PASSED] - Refresh successfully

2020-09-15 14:26:22 - [TEST_STEP][PASSED] - delay(2): Delayed 2 second(s)

2020-09-15 14:26:24 - [MESSAGE][PASSED] - Delayed 2 second(s)

2020-09-15 14:26:24 - [TEST_STEP][PASSED] - waitForElementPresent(findTestObject("FDR-System-Admin/SysAdmin-SignIn/adminEmail"), 5): Object 'Object Repository/FDR-System-Admin/SysAdmin-SignIn/adminEmail' is present

2020-09-15 14:26:24 - [MESSAGE][PASSED] - Object 'Object Repository/FDR-System-Admin/SysAdmin-SignIn/adminEmail' is present

2020-09-15 14:26:24 - [TEST_STEP][PASSED] - setText(findTestObject("FDR-System-Admin/SysAdmin-SignIn/adminEmail"), adminEmail): Text 'fdr.test10@dhcs.ca.gov
' is set on object 'Object Repository/FDR-System-Admin/SysAdmin-SignIn/adminEmail'

2020-09-15 14:26:24 - [MESSAGE][PASSED] - Text 'fdr.test10@dhcs.ca.gov
' is set on object 'Object Repository/FDR-System-Admin/SysAdmin-SignIn/adminEmail'

2020-09-15 14:26:24 - [TEST_STEP][PASSED] - waitForElementPresent(findTestObject("FDR-System-Admin/SysAdmin-SignIn/adminUserName"), 5): Object 'Object Repository/FDR-System-Admin/SysAdmin-SignIn/adminUserName' is present

2020-09-15 14:26:28 - [MESSAGE][PASSED] - Object 'Object Repository/FDR-System-Admin/SysAdmin-SignIn/adminUserName' is present

2020-09-15 14:26:28 - [TEST_STEP][PASSED] - setText(findTestObject("FDR-System-Admin/SysAdmin-SignIn/adminUserName"), UserName): Text 'fdr.test10@dhcs.ca.gov' is set on object 'Object Repository/FDR-System-Admin/SysAdmin-SignIn/adminUserName'

2020-09-15 14:26:28 - [MESSAGE][PASSED] - Text 'fdr.test10@dhcs.ca.gov' is set on object 'Object Repository/FDR-System-Admin/SysAdmin-SignIn/adminUserName'

2020-09-15 14:26:28 - [TEST_STEP][PASSED] - setText(findTestObject("FDR-System-Admin/SysAdmin-SignIn/adminPass"), Password): Text 'Password18' is set on object 'Object Repository/FDR-System-Admin/SysAdmin-SignIn/adminPass'

2020-09-15 14:26:29 - [MESSAGE][PASSED] - Text 'Password18' is set on object 'Object Repository/FDR-System-Admin/SysAdmin-SignIn/adminPass'

2020-09-15 14:26:29 - [TEST_STEP][PASSED] - click(findTestObject("FDR-System-Admin/SysAdmin-SignIn/adminSignIn")): Object: 'Object Repository/FDR-System-Admin/SysAdmin-SignIn/adminSignIn' is clicked on

2020-09-15 14:26:30 - [MESSAGE][PASSED] - Object: 'Object Repository/FDR-System-Admin/SysAdmin-SignIn/adminSignIn' is clicked on

2020-09-15 14:26:30 - [TEST_STEP][PASSED] - waitForElementPresent(findTestObject("Object Repository/FDR-System-Admin/SysAdmin-Dashboard/maintainReferenceDataBtn"), 3): Object 'Object Repository/FDR-System-Admin/SysAdmin-Dashboard/maintainReferenceDataBtn' is present

2020-09-15 14:26:32 - [MESSAGE][PASSED] - Object 'Object Repository/FDR-System-Admin/SysAdmin-Dashboard/maintainReferenceDataBtn' is present

2020-09-15 14:26:32 - [TEST_STEP][PASSED] - verifyElementPresent(findTestObject("Object Repository/FDR-System-Admin/SysAdmin-Dashboard/maintainReferenceDataBtn"), Timeout): Object 'Object Repository/FDR-System-Admin/SysAdmin-Dashboard/maintainReferenceDataBtn' is present

2020-09-15 14:26:32 - [MESSAGE][PASSED] - Object 'Object Repository/FDR-System-Admin/SysAdmin-Dashboard/maintainReferenceDataBtn' is present

2020-09-15 14:26:32 - [TEST_STEP][PASSED] - refresh(): Refresh successfully

2020-09-15 14:26:33 - [MESSAGE][PASSED] - Refresh successfully

2020-09-15 14:26:33 - [MESSAGE][PASSED] - Call Test Case 'Test Cases/WEB-UI-TESTS/SysAdmin/SystemAdmin-Login' successfully

2020-09-15 14:26:33 - [TEST_STEP][PASSED] - Start listener action : sampleBeforeTestCase: null

2020-09-15 14:26:33 - [TEST_STEP][PASSED] - profileName = getExecutionProfile(): null

2020-09-15 14:26:33 - [TEST_STEP][PASSED] - testCaseId = testCaseContext.getTestCaseId(): null

2020-09-15 14:26:33 - [TEST_STEP][PASSED] - switch (profileName): null

2020-09-15 14:26:33 - [TEST_STEP][PASSED] - Default: null

2020-09-15 14:26:33 - [TEST_STEP][PASSED] - return null: null

2020-09-15 14:26:33 - [TEST_STEP][PASSED] - Start listener action : executeRows: null

2020-09-15 14:26:33 - [TEST_STEP][PASSED] - click(findTestObject("Object Repository/FDR-System-Admin/SysAdmin-Dashboard/maintainReferenceDataBtn")): Object: 'Object Repository/FDR-System-Admin/SysAdmin-Dashboard/maintainReferenceDataBtn' is clicked on

2020-09-15 14:26:33 - [MESSAGE][PASSED] - Object: 'Object Repository/FDR-System-Admin/SysAdmin-Dashboard/maintainReferenceDataBtn' is clicked on

2020-09-15 14:26:33 - [TEST_STEP][PASSED] - click(findTestObject("Object Repository/FDR-System-Admin/FDR-ReferencePage/reference-data")): Object: 'Object Repository/FDR-System-Admin/FDR-ReferencePage/reference-data' is clicked on

2020-09-15 14:26:34 - [MESSAGE][PASSED] - Object: 'Object Repository/FDR-System-Admin/FDR-ReferencePage/reference-data' is clicked on

2020-09-15 14:26:34 - [TEST_STEP][PASSED] - setText(findTestObject("Object Repository/FDR-System-Admin/FDR-ReferencePage/referenceDataNameInput"), "Contracts"): Text 'Contracts' is set on object 'Object Repository/FDR-System-Admin/FDR-ReferencePage/referenceDataNameInput'

2020-09-15 14:26:35 - [MESSAGE][PASSED] - Text 'Contracts' is set on object 'Object Repository/FDR-System-Admin/FDR-ReferencePage/referenceDataNameInput'

2020-09-15 14:26:35 - [TEST_STEP][PASSED] - click(findTestObject("FDR-System-Admin/FDR-ReferencePage/contractReference/contractDetail/contract")): Object: 'Object Repository/FDR-System-Admin/FDR-ReferencePage/contractReference/contractDetail/contract' is clicked on

2020-09-15 14:26:35 - [MESSAGE][PASSED] - Object: 'Object Repository/FDR-System-Admin/FDR-ReferencePage/contractReference/contractDetail/contract' is clicked on

2020-09-15 14:26:35 - [TEST_STEP][PASSED] - waitForElementPresent(findTestObject("FDR-System-Admin/FDR-Add-Contract/addContractBtn"), 3): Object 'Object Repository/FDR-System-Admin/FDR-Add-Contract/addContractBtn' is present

2020-09-15 14:26:36 - [MESSAGE][PASSED] - Object 'Object Repository/FDR-System-Admin/FDR-Add-Contract/addContractBtn' is present

2020-09-15 14:26:36 - [TEST_STEP][PASSED] - click(findTestObject("FDR-System-Admin/FDR-Add-Contract/addContractBtn")): Object: 'Object Repository/FDR-System-Admin/FDR-Add-Contract/addContractBtn' is clicked on

2020-09-15 14:26:36 - [MESSAGE][PASSED] - Object: 'Object Repository/FDR-System-Admin/FDR-Add-Contract/addContractBtn' is clicked on

2020-09-15 14:26:36 - [TEST_STEP][PASSED] - waitForElementPresent(findTestObject("FDR-System-Admin/FDR-Add-Contract/contractNum"), 3): Object 'Object Repository/FDR-System-Admin/FDR-Add-Contract/contractNum' is present

2020-09-15 14:26:36 - [MESSAGE][PASSED] - Object 'Object Repository/FDR-System-Admin/FDR-Add-Contract/contractNum' is present

2020-09-15 14:26:36 - [TEST_STEP][PASSED] - contractNum = RandomStringUtils.randomNumeric(5): null

2020-09-15 14:26:36 - [TEST_STEP][PASSED] - setText(findTestObject("FDR-System-Admin/FDR-Add-Contract/contractNum"), "02-" + contractNum): Text '02-46291' is set on object 'Object Repository/FDR-System-Admin/FDR-Add-Contract/contractNum'

2020-09-15 14:26:37 - [MESSAGE][PASSED] - Text '02-46291' is set on object 'Object Repository/FDR-System-Admin/FDR-Add-Contract/contractNum'

2020-09-15 14:26:37 - [TEST_STEP][PASSED] - waitForElementPresent(findTestObject("FDR-System-Admin/FDR-Add-Contract/supplierDropdown"), 3): Object 'Object Repository/FDR-System-Admin/FDR-Add-Contract/supplierDropdown' is present

2020-09-15 14:26:38 - [MESSAGE][PASSED] - Object 'Object Repository/FDR-System-Admin/FDR-Add-Contract/supplierDropdown' is present

2020-09-15 14:26:38 - [TEST_STEP][PASSED] - setText(findTestObject("FDR-System-Admin/FDR-Add-Contract/supplierDropdown"), "scan health plan
"): Text 'scan health plan
' is set on object 'Object Repository/FDR-System-Admin/FDR-Add-Contract/supplierDropdown'

2020-09-15 14:26:38 - [MESSAGE][PASSED] - Text 'scan health plan
' is set on object 'Object Repository/FDR-System-Admin/FDR-Add-Contract/supplierDropdown'

2020-09-15 14:26:38 - [TEST_STEP][PASSED] - waitForElementPresent(findTestObject("Object Repository/FDR-System-Admin/FDR-Add-Contract/supplierOption"), 3): Object 'Object Repository/FDR-System-Admin/FDR-Add-Contract/supplierOption' is present

2020-09-15 14:26:39 - [MESSAGE][PASSED] - Object 'Object Repository/FDR-System-Admin/FDR-Add-Contract/supplierOption' is present

2020-09-15 14:26:39 - [TEST_STEP][FAILED] - click(findTestObject("Object Repository/FDR-System-Admin/FDR-Add-Contract/supplierOption")): Unable to click on object 'Object Repository/FDR-System-Admin/FDR-Add-Contract/supplierOption' (Root cause: com.kms.katalon.core.exception.StepFailedException: Unable to click on object 'Object Repository/FDR-System-Admin/FDR-Add-Contract/supplierOption'
	at com.kms.katalon.core.webui.keyword.internal.WebUIKeywordMain.stepFailed(WebUIKeywordMain.groovy:64)
	at com.kms.katalon.core.webui.keyword.internal.WebUIKeywordMain.runKeyword(WebUIKeywordMain.groovy:26)
	at com.kms.katalon.core.webui.keyword.builtin.ClickKeyword.click(ClickKeyword.groovy:76)
	at com.kms.katalon.core.webui.keyword.builtin.ClickKeyword.execute(ClickKeyword.groovy:43)
	at com.kms.katalon.core.keyword.internal.KeywordExecutor.executeKeywordForPlatform(KeywordExecutor.groovy:73)
	at com.kms.katalon.core.webui.keyword.WebUiBuiltInKeywords.click(WebUiBuiltInKeywords.groovy:616)
	at com.kms.katalon.core.webui.keyword.WebUiBuiltInKeywords$click$4.call(Unknown Source)
	at FDR-Add-ContractDetailReview.run(FDR-Add-ContractDetailReview:41)
	at com.kms.katalon.core.main.ScriptEngine.run(ScriptEngine.java:194)
	at com.kms.katalon.core.main.ScriptEngine.runScriptAsRawText(ScriptEngine.java:119)
	at com.kms.katalon.core.main.TestCaseExecutor.runScript(TestCaseExecutor.java:339)
	at com.kms.katalon.core.main.TestCaseExecutor.doExecute(TestCaseExecutor.java:330)
	at com.kms.katalon.core.main.TestCaseExecutor.processExecutionPhase(TestCaseExecutor.java:309)
	at com.kms.katalon.core.main.TestCaseExecutor.accessMainPhase(TestCaseExecutor.java:301)
	at com.kms.katalon.core.main.TestCaseExecutor.execute(TestCaseExecutor.java:235)
	at com.kms.katalon.core.main.TestSuiteExecutor.accessTestCaseMainPhase(TestSuiteExecutor.java:191)
	at com.kms.katalon.core.main.TestSuiteExecutor.accessTestSuiteMainPhase(TestSuiteExecutor.java:141)
	at com.kms.katalon.core.main.TestSuiteExecutor.execute(TestSuiteExecutor.java:90)
	at com.kms.katalon.core.main.TestCaseMain.startTestSuite(TestCaseMain.java:157)
	at com.kms.katalon.core.main.TestCaseMain$startTestSuite$0.call(Unknown Source)
	at TempTestSuite1600204926925.run(TempTestSuite1600204926925.groovy:39)
Caused by: com.kms.katalon.core.webui.exception.WebElementNotFoundException: Web element with id: 'Object Repository/FDR-System-Admin/FDR-Add-Contract/supplierOption' located by '//li[@id='supplierId-option-0']' not found
	at com.kms.katalon.core.webui.common.WebUiCommonHelper.findWebElement(WebUiCommonHelper.java:1368)
	at com.kms.katalon.core.webui.keyword.internal.WebUIAbstractKeyword.findWebElement(WebUIAbstractKeyword.groovy:27)
	at com.kms.katalon.core.webui.keyword.internal.WebUIAbstractKeyword.findWebElement(WebUIAbstractKeyword.groovy:26)
	at com.kms.katalon.core.webui.keyword.builtin.ClickKeyword$_click_closure1.doCall(ClickKeyword.groovy:67)
	at com.kms.katalon.core.webui.keyword.builtin.ClickKeyword$_click_closure1.call(ClickKeyword.groovy)
	at com.kms.katalon.core.webui.keyword.internal.WebUIKeywordMain.runKeyword(WebUIKeywordMain.groovy:20)
	at com.kms.katalon.core.webui.keyword.builtin.ClickKeyword.click(ClickKeyword.groovy:76)
	at com.kms.katalon.core.webui.keyword.builtin.ClickKeyword.execute(ClickKeyword.groovy:43)
	at com.kms.katalon.core.keyword.internal.KeywordExecutor.executeKeywordForPlatform(KeywordExecutor.groovy:73)
	at com.kms.katalon.core.webui.keyword.WebUiBuiltInKeywords.click(WebUiBuiltInKeywords.groovy:616)
	at com.kms.katalon.core.webui.keyword.WebUiBuiltInKeywords$click$4.call(Unknown Source)
	at Script1584563115080.run(Script1584563115080.groovy:41)
	... 13 more
)

2020-09-15 14:26:43 - [MESSAGE][INFO] - Unable to find the element located by 'By.xpath: //li[@id='supplierId-option-0']'. Please recheck the objects properties to make sure the desired element is located. 

2020-09-15 14:26:43 - [MESSAGE][FAILED] - Unable to click on object 'Object Repository/FDR-System-Admin/FDR-Add-Contract/supplierOption' (Root cause: com.kms.katalon.core.exception.StepFailedException: Unable to click on object 'Object Repository/FDR-System-Admin/FDR-Add-Contract/supplierOption'
	at com.kms.katalon.core.webui.keyword.internal.WebUIKeywordMain.stepFailed(WebUIKeywordMain.groovy:64)
	at com.kms.katalon.core.webui.keyword.internal.WebUIKeywordMain.runKeyword(WebUIKeywordMain.groovy:26)
	at com.kms.katalon.core.webui.keyword.builtin.ClickKeyword.click(ClickKeyword.groovy:76)
	at com.kms.katalon.core.webui.keyword.builtin.ClickKeyword.execute(ClickKeyword.groovy:43)
	at com.kms.katalon.core.keyword.internal.KeywordExecutor.executeKeywordForPlatform(KeywordExecutor.groovy:73)
	at com.kms.katalon.core.webui.keyword.WebUiBuiltInKeywords.click(WebUiBuiltInKeywords.groovy:616)
	at com.kms.katalon.core.webui.keyword.WebUiBuiltInKeywords$click$4.call(Unknown Source)
	at FDR-Add-ContractDetailReview.run(FDR-Add-ContractDetailReview:41)
	at com.kms.katalon.core.main.ScriptEngine.run(ScriptEngine.java:194)
	at com.kms.katalon.core.main.ScriptEngine.runScriptAsRawText(ScriptEngine.java:119)
	at com.kms.katalon.core.main.TestCaseExecutor.runScript(TestCaseExecutor.java:339)
	at com.kms.katalon.core.main.TestCaseExecutor.doExecute(TestCaseExecutor.java:330)
	at com.kms.katalon.core.main.TestCaseExecutor.processExecutionPhase(TestCaseExecutor.java:309)
	at com.kms.katalon.core.main.TestCaseExecutor.accessMainPhase(TestCaseExecutor.java:301)
	at com.kms.katalon.core.main.TestCaseExecutor.execute(TestCaseExecutor.java:235)
	at com.kms.katalon.core.main.TestSuiteExecutor.accessTestCaseMainPhase(TestSuiteExecutor.java:191)
	at com.kms.katalon.core.main.TestSuiteExecutor.accessTestSuiteMainPhase(TestSuiteExecutor.java:141)
	at com.kms.katalon.core.main.TestSuiteExecutor.execute(TestSuiteExecutor.java:90)
	at com.kms.katalon.core.main.TestCaseMain.startTestSuite(TestCaseMain.java:157)
	at com.kms.katalon.core.main.TestCaseMain$startTestSuite$0.call(Unknown Source)
	at TempTestSuite1600204926925.run(TempTestSuite1600204926925.groovy:39)
Caused by: com.kms.katalon.core.webui.exception.WebElementNotFoundException: Web element with id: 'Object Repository/FDR-System-Admin/FDR-Add-Contract/supplierOption' located by '//li[@id='supplierId-option-0']' not found
	at com.kms.katalon.core.webui.common.WebUiCommonHelper.findWebElement(WebUiCommonHelper.java:1368)
	at com.kms.katalon.core.webui.keyword.internal.WebUIAbstractKeyword.findWebElement(WebUIAbstractKeyword.groovy:27)
	at com.kms.katalon.core.webui.keyword.internal.WebUIAbstractKeyword.findWebElement(WebUIAbstractKeyword.groovy:26)
	at com.kms.katalon.core.webui.keyword.builtin.ClickKeyword$_click_closure1.doCall(ClickKeyword.groovy:67)
	at com.kms.katalon.core.webui.keyword.builtin.ClickKeyword$_click_closure1.call(ClickKeyword.groovy)
	at com.kms.katalon.core.webui.keyword.internal.WebUIKeywordMain.runKeyword(WebUIKeywordMain.groovy:20)
	at com.kms.katalon.core.webui.keyword.builtin.ClickKeyword.click(ClickKeyword.groovy:76)
	at com.kms.katalon.core.webui.keyword.builtin.ClickKeyword.execute(ClickKeyword.groovy:43)
	at com.kms.katalon.core.keyword.internal.KeywordExecutor.executeKeywordForPlatform(KeywordExecutor.groovy:73)
	at com.kms.katalon.core.webui.keyword.WebUiBuiltInKeywords.click(WebUiBuiltInKeywords.groovy:616)
	at com.kms.katalon.core.webui.keyword.WebUiBuiltInKeywords$click$4.call(Unknown Source)
	at Script1584563115080.run(Script1584563115080.groovy:41)
	... 13 more
)
[[ATTACHMENT|C:\\fdr-automation-develop_08_25_2020\\Reports\\20200915_142206\\SystemAdmin-Integration_Suite\\20200915_142206\\1600205203225.png]]

2020-09-15 14:26:43 - [TEST_STEP][PASSED] - waitForElementPresent(findTestObject("FDR-System-Admin/FDR-Add-Contract/addContractConfirmBtn"), 3): Object 'Object Repository/FDR-System-Admin/FDR-Add-Contract/addContractConfirmBtn' is present

2020-09-15 14:26:43 - [MESSAGE][PASSED] - Object 'Object Repository/FDR-System-Admin/FDR-Add-Contract/addContractConfirmBtn' is present

2020-09-15 14:26:43 - [TEST_STEP][PASSED] - click(findTestObject("FDR-System-Admin/FDR-Add-Contract/addContractConfirmBtn")): Object: 'Object Repository/FDR-System-Admin/FDR-Add-Contract/addContractConfirmBtn' is clicked on

2020-09-15 14:26:44 - [MESSAGE][PASSED] - Object: 'Object Repository/FDR-System-Admin/FDR-Add-Contract/addContractConfirmBtn' is clicked on

2020-09-15 14:26:44 - [TEST_STEP][PASSED] - waitForElementPresent(findTestObject("FDR-System-Admin/FDR-ReferencePage/contractReference/contractDetail/contractHeader"), 3): Object 'Object Repository/FDR-System-Admin/FDR-ReferencePage/contractReference/contractDetail/contractHeader' is not present after 3 second(s)

2020-09-15 14:26:48 - [MESSAGE][INFO] - Unable to find the element located by 'By.xpath: //*[@id="wrapper"]/div/div/div/main/div/div[2]/div/div[1]/div[1]/div/div[1]/div/h2'. Please recheck the objects properties to make sure the desired element is located. 

2020-09-15 14:26:48 - [MESSAGE][WARNING] - Object 'Object Repository/FDR-System-Admin/FDR-ReferencePage/contractReference/contractDetail/contractHeader' is not present after 3 second(s)

2020-09-15 14:26:48 - [TEST_STEP][PASSED] - waitForElementPresent(findTestObject("FDR-System-Admin/FDR-Edit-Contract/editContactElipsis"), 3): Object 'Object Repository/FDR-System-Admin/FDR-Edit-Contract/editContactElipsis' is not present after 3 second(s)

2020-09-15 14:26:52 - [MESSAGE][INFO] - Unable to find the element located by 'By.xpath: //*[@id="wrapper"]/div/div/div/main/div/div[2]/div/div[1]/div[1]/div/div[2]/div/button'. Please recheck the objects properties to make sure the desired element is located. 

2020-09-15 14:26:52 - [MESSAGE][WARNING] - Object 'Object Repository/FDR-System-Admin/FDR-Edit-Contract/editContactElipsis' is not present after 3 second(s)

2020-09-15 14:26:52 - [TEST_STEP][FAILED] - click(findTestObject("FDR-System-Admin/FDR-Edit-Contract/editContactElipsis")): Unable to click on object 'Object Repository/FDR-System-Admin/FDR-Edit-Contract/editContactElipsis' (Root cause: com.kms.katalon.core.exception.StepFailedException: Unable to click on object 'Object Repository/FDR-System-Admin/FDR-Edit-Contract/editContactElipsis'
	at com.kms.katalon.core.webui.keyword.internal.WebUIKeywordMain.stepFailed(WebUIKeywordMain.groovy:64)
	at com.kms.katalon.core.webui.keyword.internal.WebUIKeywordMain.runKeyword(WebUIKeywordMain.groovy:26)
	at com.kms.katalon.core.webui.keyword.builtin.ClickKeyword.click(ClickKeyword.groovy:76)
	at com.kms.katalon.core.webui.keyword.builtin.ClickKeyword.execute(ClickKeyword.groovy:43)
	at com.kms.katalon.core.keyword.internal.KeywordExecutor.executeKeywordForPlatform(KeywordExecutor.groovy:73)
	at com.kms.katalon.core.webui.keyword.WebUiBuiltInKeywords.click(WebUiBuiltInKeywords.groovy:616)
	at com.kms.katalon.core.webui.keyword.WebUiBuiltInKeywords$click$4.call(Unknown Source)
	at FDR-Add-ContractDetailReview.run(FDR-Add-ContractDetailReview:51)
	at com.kms.katalon.core.main.ScriptEngine.run(ScriptEngine.java:194)
	at com.kms.katalon.core.main.ScriptEngine.runScriptAsRawText(ScriptEngine.java:119)
	at com.kms.katalon.core.main.TestCaseExecutor.runScript(TestCaseExecutor.java:339)
	at com.kms.katalon.core.main.TestCaseExecutor.doExecute(TestCaseExecutor.java:330)
	at com.kms.katalon.core.main.TestCaseExecutor.processExecutionPhase(TestCaseExecutor.java:309)
	at com.kms.katalon.core.main.TestCaseExecutor.accessMainPhase(TestCaseExecutor.java:301)
	at com.kms.katalon.core.main.TestCaseExecutor.execute(TestCaseExecutor.java:235)
	at com.kms.katalon.core.main.TestSuiteExecutor.accessTestCaseMainPhase(TestSuiteExecutor.java:191)
	at com.kms.katalon.core.main.TestSuiteExecutor.accessTestSuiteMainPhase(TestSuiteExecutor.java:141)
	at com.kms.katalon.core.main.TestSuiteExecutor.execute(TestSuiteExecutor.java:90)
	at com.kms.katalon.core.main.TestCaseMain.startTestSuite(TestCaseMain.java:157)
	at com.kms.katalon.core.main.TestCaseMain$startTestSuite$0.call(Unknown Source)
	at TempTestSuite1600204926925.run(TempTestSuite1600204926925.groovy:39)
Caused by: com.kms.katalon.core.webui.exception.WebElementNotFoundException: Web element with id: 'Object Repository/FDR-System-Admin/FDR-Edit-Contract/editContactElipsis' located by '//*[@id="wrapper"]/div/div/div/main/div/div[2]/div/div[1]/div[1]/div/div[2]/div/button' not found
	at com.kms.katalon.core.webui.common.WebUiCommonHelper.findWebElement(WebUiCommonHelper.java:1368)
	at com.kms.katalon.core.webui.keyword.internal.WebUIAbstractKeyword.findWebElement(WebUIAbstractKeyword.groovy:27)
	at com.kms.katalon.core.webui.keyword.internal.WebUIAbstractKeyword.findWebElement(WebUIAbstractKeyword.groovy:26)
	at com.kms.katalon.core.webui.keyword.builtin.ClickKeyword$_click_closure1.doCall(ClickKeyword.groovy:67)
	at com.kms.katalon.core.webui.keyword.builtin.ClickKeyword$_click_closure1.call(ClickKeyword.groovy)
	at com.kms.katalon.core.webui.keyword.internal.WebUIKeywordMain.runKeyword(WebUIKeywordMain.groovy:20)
	at com.kms.katalon.core.webui.keyword.builtin.ClickKeyword.click(ClickKeyword.groovy:76)
	at com.kms.katalon.core.webui.keyword.builtin.ClickKeyword.execute(ClickKeyword.groovy:43)
	at com.kms.katalon.core.keyword.internal.KeywordExecutor.executeKeywordForPlatform(KeywordExecutor.groovy:73)
	at com.kms.katalon.core.webui.keyword.WebUiBuiltInKeywords.click(WebUiBuiltInKeywords.groovy:616)
	at com.kms.katalon.core.webui.keyword.WebUiBuiltInKeywords$click$4.call(Unknown Source)
	at Script1584563115080.run(Script1584563115080.groovy:51)
	... 13 more
)

2020-09-15 14:26:56 - [MESSAGE][INFO] - Unable to find the element located by 'By.xpath: //*[@id="wrapper"]/div/div/div/main/div/div[2]/div/div[1]/div[1]/div/div[2]/div/button'. Please recheck the objects properties to make sure the desired element is located. 

2020-09-15 14:26:56 - [MESSAGE][FAILED] - Unable to click on object 'Object Repository/FDR-System-Admin/FDR-Edit-Contract/editContactElipsis' (Root cause: com.kms.katalon.core.exception.StepFailedException: Unable to click on object 'Object Repository/FDR-System-Admin/FDR-Edit-Contract/editContactElipsis'
	at com.kms.katalon.core.webui.keyword.internal.WebUIKeywordMain.stepFailed(WebUIKeywordMain.groovy:64)
	at com.kms.katalon.core.webui.keyword.internal.WebUIKeywordMain.runKeyword(WebUIKeywordMain.groovy:26)
	at com.kms.katalon.core.webui.keyword.builtin.ClickKeyword.click(ClickKeyword.groovy:76)
	at com.kms.katalon.core.webui.keyword.builtin.ClickKeyword.execute(ClickKeyword.groovy:43)
	at com.kms.katalon.core.keyword.internal.KeywordExecutor.executeKeywordForPlatform(KeywordExecutor.groovy:73)
	at com.kms.katalon.core.webui.keyword.WebUiBuiltInKeywords.click(WebUiBuiltInKeywords.groovy:616)
	at com.kms.katalon.core.webui.keyword.WebUiBuiltInKeywords$click$4.call(Unknown Source)
	at FDR-Add-ContractDetailReview.run(FDR-Add-ContractDetailReview:51)
	at com.kms.katalon.core.main.ScriptEngine.run(ScriptEngine.java:194)
	at com.kms.katalon.core.main.ScriptEngine.runScriptAsRawText(ScriptEngine.java:119)
	at com.kms.katalon.core.main.TestCaseExecutor.runScript(TestCaseExecutor.java:339)
	at com.kms.katalon.core.main.TestCaseExecutor.doExecute(TestCaseExecutor.java:330)
	at com.kms.katalon.core.main.TestCaseExecutor.processExecutionPhase(TestCaseExecutor.java:309)
	at com.kms.katalon.core.main.TestCaseExecutor.accessMainPhase(TestCaseExecutor.java:301)
	at com.kms.katalon.core.main.TestCaseExecutor.execute(TestCaseExecutor.java:235)
	at com.kms.katalon.core.main.TestSuiteExecutor.accessTestCaseMainPhase(TestSuiteExecutor.java:191)
	at com.kms.katalon.core.main.TestSuiteExecutor.accessTestSuiteMainPhase(TestSuiteExecutor.java:141)
	at com.kms.katalon.core.main.TestSuiteExecutor.execute(TestSuiteExecutor.java:90)
	at com.kms.katalon.core.main.TestCaseMain.startTestSuite(TestCaseMain.java:157)
	at com.kms.katalon.core.main.TestCaseMain$startTestSuite$0.call(Unknown Source)
	at TempTestSuite1600204926925.run(TempTestSuite1600204926925.groovy:39)
Caused by: com.kms.katalon.core.webui.exception.WebElementNotFoundException: Web element with id: 'Object Repository/FDR-System-Admin/FDR-Edit-Contract/editContactElipsis' located by '//*[@id="wrapper"]/div/div/div/main/div/div[2]/div/div[1]/div[1]/div/div[2]/div/button' not found
	at com.kms.katalon.core.webui.common.WebUiCommonHelper.findWebElement(WebUiCommonHelper.java:1368)
	at com.kms.katalon.core.webui.keyword.internal.WebUIAbstractKeyword.findWebElement(WebUIAbstractKeyword.groovy:27)
	at com.kms.katalon.core.webui.keyword.internal.WebUIAbstractKeyword.findWebElement(WebUIAbstractKeyword.groovy:26)
	at com.kms.katalon.core.webui.keyword.builtin.ClickKeyword$_click_closure1.doCall(ClickKeyword.groovy:67)
	at com.kms.katalon.core.webui.keyword.builtin.ClickKeyword$_click_closure1.call(ClickKeyword.groovy)
	at com.kms.katalon.core.webui.keyword.internal.WebUIKeywordMain.runKeyword(WebUIKeywordMain.groovy:20)
	at com.kms.katalon.core.webui.keyword.builtin.ClickKeyword.click(ClickKeyword.groovy:76)
	at com.kms.katalon.core.webui.keyword.builtin.ClickKeyword.execute(ClickKeyword.groovy:43)
	at com.kms.katalon.core.keyword.internal.KeywordExecutor.executeKeywordForPlatform(KeywordExecutor.groovy:73)
	at com.kms.katalon.core.webui.keyword.WebUiBuiltInKeywords.click(WebUiBuiltInKeywords.groovy:616)
	at com.kms.katalon.core.webui.keyword.WebUiBuiltInKeywords$click$4.call(Unknown Source)
	at Script1584563115080.run(Script1584563115080.groovy:51)
	... 13 more
)
[[ATTACHMENT|C:\\fdr-automation-develop_08_25_2020\\Reports\\20200915_142206\\SystemAdmin-Integration_Suite\\20200915_142206\\1600205216546.png]]

2020-09-15 14:26:56 - [TEST_STEP][PASSED] - waitForElementPresent(findTestObject("FDR-System-Admin/FDR-Edit-Contract/editContractBtn"), 3): Object 'Object Repository/FDR-System-Admin/FDR-Edit-Contract/editContractBtn' is not present after 3 second(s)

2020-09-15 14:27:00 - [MESSAGE][INFO] - Unable to find the element located by 'By.xpath: //*[@id="long-menu"]/div[3]/ul/li[1]'. Please recheck the objects properties to make sure the desired element is located. 

2020-09-15 14:27:00 - [MESSAGE][WARNING] - Object 'Object Repository/FDR-System-Admin/FDR-Edit-Contract/editContractBtn' is not present after 3 second(s)

2020-09-15 14:27:00 - [TEST_STEP][FAILED] - click(findTestObject("FDR-System-Admin/FDR-Edit-Contract/editContractBtn")): Unable to click on object 'Object Repository/FDR-System-Admin/FDR-Edit-Contract/editContractBtn' (Root cause: com.kms.katalon.core.exception.StepFailedException: Unable to click on object 'Object Repository/FDR-System-Admin/FDR-Edit-Contract/editContractBtn'
	at com.kms.katalon.core.webui.keyword.internal.WebUIKeywordMain.stepFailed(WebUIKeywordMain.groovy:64)
	at com.kms.katalon.core.webui.keyword.internal.WebUIKeywordMain.runKeyword(WebUIKeywordMain.groovy:26)
	at com.kms.katalon.core.webui.keyword.builtin.ClickKeyword.click(ClickKeyword.groovy:76)
	at com.kms.katalon.core.webui.keyword.builtin.ClickKeyword.execute(ClickKeyword.groovy:43)
	at com.kms.katalon.core.keyword.internal.KeywordExecutor.executeKeywordForPlatform(KeywordExecutor.groovy:73)
	at com.kms.katalon.core.webui.keyword.WebUiBuiltInKeywords.click(WebUiBuiltInKeywords.groovy:616)
	at com.kms.katalon.core.webui.keyword.WebUiBuiltInKeywords$click$4.call(Unknown Source)
	at FDR-Add-ContractDetailReview.run(FDR-Add-ContractDetailReview:55)
	at com.kms.katalon.core.main.ScriptEngine.run(ScriptEngine.java:194)
	at com.kms.katalon.core.main.ScriptEngine.runScriptAsRawText(ScriptEngine.java:119)
	at com.kms.katalon.core.main.TestCaseExecutor.runScript(TestCaseExecutor.java:339)
	at com.kms.katalon.core.main.TestCaseExecutor.doExecute(TestCaseExecutor.java:330)
	at com.kms.katalon.core.main.TestCaseExecutor.processExecutionPhase(TestCaseExecutor.java:309)
	at com.kms.katalon.core.main.TestCaseExecutor.accessMainPhase(TestCaseExecutor.java:301)
	at com.kms.katalon.core.main.TestCaseExecutor.execute(TestCaseExecutor.java:235)
	at com.kms.katalon.core.main.TestSuiteExecutor.accessTestCaseMainPhase(TestSuiteExecutor.java:191)
	at com.kms.katalon.core.main.TestSuiteExecutor.accessTestSuiteMainPhase(TestSuiteExecutor.java:141)
	at com.kms.katalon.core.main.TestSuiteExecutor.execute(TestSuiteExecutor.java:90)
	at com.kms.katalon.core.main.TestCaseMain.startTestSuite(TestCaseMain.java:157)
	at com.kms.katalon.core.main.TestCaseMain$startTestSuite$0.call(Unknown Source)
	at TempTestSuite1600204926925.run(TempTestSuite1600204926925.groovy:39)
Caused by: com.kms.katalon.core.webui.exception.WebElementNotFoundException: Web element with id: 'Object Repository/FDR-System-Admin/FDR-Edit-Contract/editContractBtn' located by '//*[@id="long-menu"]/div[3]/ul/li[1]' not found
	at com.kms.katalon.core.webui.common.WebUiCommonHelper.findWebElement(WebUiCommonHelper.java:1368)
	at com.kms.katalon.core.webui.keyword.internal.WebUIAbstractKeyword.findWebElement(WebUIAbstractKeyword.groovy:27)
	at com.kms.katalon.core.webui.keyword.internal.WebUIAbstractKeyword.findWebElement(WebUIAbstractKeyword.groovy:26)
	at com.kms.katalon.core.webui.keyword.builtin.ClickKeyword$_click_closure1.doCall(ClickKeyword.groovy:67)
	at com.kms.katalon.core.webui.keyword.builtin.ClickKeyword$_click_closure1.call(ClickKeyword.groovy)
	at com.kms.katalon.core.webui.keyword.internal.WebUIKeywordMain.runKeyword(WebUIKeywordMain.groovy:20)
	at com.kms.katalon.core.webui.keyword.builtin.ClickKeyword.click(ClickKeyword.groovy:76)
	at com.kms.katalon.core.webui.keyword.builtin.ClickKeyword.execute(ClickKeyword.groovy:43)
	at com.kms.katalon.core.keyword.internal.KeywordExecutor.executeKeywordForPlatform(KeywordExecutor.groovy:73)
	at com.kms.katalon.core.webui.keyword.WebUiBuiltInKeywords.click(WebUiBuiltInKeywords.groovy:616)
	at com.kms.katalon.core.webui.keyword.WebUiBuiltInKeywords$click$4.call(Unknown Source)
	at Script1584563115080.run(Script1584563115080.groovy:55)
	... 13 more
)

2020-09-15 14:27:05 - [MESSAGE][INFO] - Unable to find the element located by 'By.xpath: //*[@id="long-menu"]/div[3]/ul/li[1]'. Please recheck the objects properties to make sure the desired element is located. 

2020-09-15 14:27:05 - [MESSAGE][FAILED] - Unable to click on object 'Object Repository/FDR-System-Admin/FDR-Edit-Contract/editContractBtn' (Root cause: com.kms.katalon.core.exception.StepFailedException: Unable to click on object 'Object Repository/FDR-System-Admin/FDR-Edit-Contract/editContractBtn'
	at com.kms.katalon.core.webui.keyword.internal.WebUIKeywordMain.stepFailed(WebUIKeywordMain.groovy:64)
	at com.kms.katalon.core.webui.keyword.internal.WebUIKeywordMain.runKeyword(WebUIKeywordMain.groovy:26)
	at com.kms.katalon.core.webui.keyword.builtin.ClickKeyword.click(ClickKeyword.groovy:76)
	at com.kms.katalon.core.webui.keyword.builtin.ClickKeyword.execute(ClickKeyword.groovy:43)
	at com.kms.katalon.core.keyword.internal.KeywordExecutor.executeKeywordForPlatform(KeywordExecutor.groovy:73)
	at com.kms.katalon.core.webui.keyword.WebUiBuiltInKeywords.click(WebUiBuiltInKeywords.groovy:616)
	at com.kms.katalon.core.webui.keyword.WebUiBuiltInKeywords$click$4.call(Unknown Source)
	at FDR-Add-ContractDetailReview.run(FDR-Add-ContractDetailReview:55)
	at com.kms.katalon.core.main.ScriptEngine.run(ScriptEngine.java:194)
	at com.kms.katalon.core.main.ScriptEngine.runScriptAsRawText(ScriptEngine.java:119)
	at com.kms.katalon.core.main.TestCaseExecutor.runScript(TestCaseExecutor.java:339)
	at com.kms.katalon.core.main.TestCaseExecutor.doExecute(TestCaseExecutor.java:330)
	at com.kms.katalon.core.main.TestCaseExecutor.processExecutionPhase(TestCaseExecutor.java:309)
	at com.kms.katalon.core.main.TestCaseExecutor.accessMainPhase(TestCaseExecutor.java:301)
	at com.kms.katalon.core.main.TestCaseExecutor.execute(TestCaseExecutor.java:235)
	at com.kms.katalon.core.main.TestSuiteExecutor.accessTestCaseMainPhase(TestSuiteExecutor.java:191)
	at com.kms.katalon.core.main.TestSuiteExecutor.accessTestSuiteMainPhase(TestSuiteExecutor.java:141)
	at com.kms.katalon.core.main.TestSuiteExecutor.execute(TestSuiteExecutor.java:90)
	at com.kms.katalon.core.main.TestCaseMain.startTestSuite(TestCaseMain.java:157)
	at com.kms.katalon.core.main.TestCaseMain$startTestSuite$0.call(Unknown Source)
	at TempTestSuite1600204926925.run(TempTestSuite1600204926925.groovy:39)
Caused by: com.kms.katalon.core.webui.exception.WebElementNotFoundException: Web element with id: 'Object Repository/FDR-System-Admin/FDR-Edit-Contract/editContractBtn' located by '//*[@id="long-menu"]/div[3]/ul/li[1]' not found
	at com.kms.katalon.core.webui.common.WebUiCommonHelper.findWebElement(WebUiCommonHelper.java:1368)
	at com.kms.katalon.core.webui.keyword.internal.WebUIAbstractKeyword.findWebElement(WebUIAbstractKeyword.groovy:27)
	at com.kms.katalon.core.webui.keyword.internal.WebUIAbstractKeyword.findWebElement(WebUIAbstractKeyword.groovy:26)
	at com.kms.katalon.core.webui.keyword.builtin.ClickKeyword$_click_closure1.doCall(ClickKeyword.groovy:67)
	at com.kms.katalon.core.webui.keyword.builtin.ClickKeyword$_click_closure1.call(ClickKeyword.groovy)
	at com.kms.katalon.core.webui.keyword.internal.WebUIKeywordMain.runKeyword(WebUIKeywordMain.groovy:20)
	at com.kms.katalon.core.webui.keyword.builtin.ClickKeyword.click(ClickKeyword.groovy:76)
	at com.kms.katalon.core.webui.keyword.builtin.ClickKeyword.execute(ClickKeyword.groovy:43)
	at com.kms.katalon.core.keyword.internal.KeywordExecutor.executeKeywordForPlatform(KeywordExecutor.groovy:73)
	at com.kms.katalon.core.webui.keyword.WebUiBuiltInKeywords.click(WebUiBuiltInKeywords.groovy:616)
	at com.kms.katalon.core.webui.keyword.WebUiBuiltInKeywords$click$4.call(Unknown Source)
	at Script1584563115080.run(Script1584563115080.groovy:55)
	... 13 more
)
[[ATTACHMENT|C:\\fdr-automation-develop_08_25_2020\\Reports\\20200915_142206\\SystemAdmin-Integration_Suite\\20200915_142206\\1600205225239.png]]

2020-09-15 14:27:05 - [TEST_STEP][PASSED] - waitForElementPresent(findTestObject("FDR-System-Admin/FDR-Edit-Contract/editContractLable"), 3): Object 'Object Repository/FDR-System-Admin/FDR-Edit-Contract/editContractLable' is not present after 3 second(s)

2020-09-15 14:27:09 - [MESSAGE][INFO] - Unable to find the element located by 'By.xpath: //*[@id="wrapper"]/main/div/div/div/div/main/div[2]/form/div/div[1]/h2'. Please recheck the objects properties to make sure the desired element is located. 

2020-09-15 14:27:09 - [MESSAGE][WARNING] - Object 'Object Repository/FDR-System-Admin/FDR-Edit-Contract/editContractLable' is not present after 3 second(s)

2020-09-15 14:27:09 - [TEST_STEP][PASSED] - waitForElementPresent(findTestObject("FDR-System-Admin/FDR-Edit-Contract/saveContractBtn"), 3): Object 'Object Repository/FDR-System-Admin/FDR-Edit-Contract/saveContractBtn' is not present after 3 second(s)

2020-09-15 14:27:13 - [MESSAGE][INFO] - Unable to find the element located by 'By.xpath: //*[@data-id='action-button']/span[text()='Save Contract']'. Please recheck the objects properties to make sure the desired element is located. 

2020-09-15 14:27:13 - [MESSAGE][WARNING] - Object 'Object Repository/FDR-System-Admin/FDR-Edit-Contract/saveContractBtn' is not present after 3 second(s)

2020-09-15 14:27:13 - [TEST_STEP][FAILED] - click(findTestObject("FDR-System-Admin/FDR-Edit-Contract/saveContractBtn")): Unable to click on object 'Object Repository/FDR-System-Admin/FDR-Edit-Contract/saveContractBtn' (Root cause: com.kms.katalon.core.exception.StepFailedException: Unable to click on object 'Object Repository/FDR-System-Admin/FDR-Edit-Contract/saveContractBtn'
	at com.kms.katalon.core.webui.keyword.internal.WebUIKeywordMain.stepFailed(WebUIKeywordMain.groovy:64)
	at com.kms.katalon.core.webui.keyword.internal.WebUIKeywordMain.runKeyword(WebUIKeywordMain.groovy:26)
	at com.kms.katalon.core.webui.keyword.builtin.ClickKeyword.click(ClickKeyword.groovy:76)
	at com.kms.katalon.core.webui.keyword.builtin.ClickKeyword.execute(ClickKeyword.groovy:43)
	at com.kms.katalon.core.keyword.internal.KeywordExecutor.executeKeywordForPlatform(KeywordExecutor.groovy:73)
	at com.kms.katalon.core.webui.keyword.WebUiBuiltInKeywords.click(WebUiBuiltInKeywords.groovy:616)
	at com.kms.katalon.core.webui.keyword.WebUiBuiltInKeywords$click$4.call(Unknown Source)
	at FDR-Add-ContractDetailReview.run(FDR-Add-ContractDetailReview:61)
	at com.kms.katalon.core.main.ScriptEngine.run(ScriptEngine.java:194)
	at com.kms.katalon.core.main.ScriptEngine.runScriptAsRawText(ScriptEngine.java:119)
	at com.kms.katalon.core.main.TestCaseExecutor.runScript(TestCaseExecutor.java:339)
	at com.kms.katalon.core.main.TestCaseExecutor.doExecute(TestCaseExecutor.java:330)
	at com.kms.katalon.core.main.TestCaseExecutor.processExecutionPhase(TestCaseExecutor.java:309)
	at com.kms.katalon.core.main.TestCaseExecutor.accessMainPhase(TestCaseExecutor.java:301)
	at com.kms.katalon.core.main.TestCaseExecutor.execute(TestCaseExecutor.java:235)
	at com.kms.katalon.core.main.TestSuiteExecutor.accessTestCaseMainPhase(TestSuiteExecutor.java:191)
	at com.kms.katalon.core.main.TestSuiteExecutor.accessTestSuiteMainPhase(TestSuiteExecutor.java:141)
	at com.kms.katalon.core.main.TestSuiteExecutor.execute(TestSuiteExecutor.java:90)
	at com.kms.katalon.core.main.TestCaseMain.startTestSuite(TestCaseMain.java:157)
	at com.kms.katalon.core.main.TestCaseMain$startTestSuite$0.call(Unknown Source)
	at TempTestSuite1600204926925.run(TempTestSuite1600204926925.groovy:39)
Caused by: com.kms.katalon.core.webui.exception.WebElementNotFoundException: Web element with id: 'Object Repository/FDR-System-Admin/FDR-Edit-Contract/saveContractBtn' located by '//*[@data-id='action-button']/span[text()='Save Contract']' not found
	at com.kms.katalon.core.webui.common.WebUiCommonHelper.findWebElement(WebUiCommonHelper.java:1368)
	at com.kms.katalon.core.webui.keyword.internal.WebUIAbstractKeyword.findWebElement(WebUIAbstractKeyword.groovy:27)
	at com.kms.katalon.core.webui.keyword.internal.WebUIAbstractKeyword.findWebElement(WebUIAbstractKeyword.groovy:26)
	at com.kms.katalon.core.webui.keyword.builtin.ClickKeyword$_click_closure1.doCall(ClickKeyword.groovy:67)
	at com.kms.katalon.core.webui.keyword.builtin.ClickKeyword$_click_closure1.call(ClickKeyword.groovy)
	at com.kms.katalon.core.webui.keyword.internal.WebUIKeywordMain.runKeyword(WebUIKeywordMain.groovy:20)
	at com.kms.katalon.core.webui.keyword.builtin.ClickKeyword.click(ClickKeyword.groovy:76)
	at com.kms.katalon.core.webui.keyword.builtin.ClickKeyword.execute(ClickKeyword.groovy:43)
	at com.kms.katalon.core.keyword.internal.KeywordExecutor.executeKeywordForPlatform(KeywordExecutor.groovy:73)
	at com.kms.katalon.core.webui.keyword.WebUiBuiltInKeywords.click(WebUiBuiltInKeywords.groovy:616)
	at com.kms.katalon.core.webui.keyword.WebUiBuiltInKeywords$click$4.call(Unknown Source)
	at Script1584563115080.run(Script1584563115080.groovy:61)
	... 13 more
)

2020-09-15 14:27:17 - [MESSAGE][INFO] - Unable to find the element located by 'By.xpath: //*[@data-id='action-button']/span[text()='Save Contract']'. Please recheck the objects properties to make sure the desired element is located. 

2020-09-15 14:27:18 - [MESSAGE][FAILED] - Unable to click on object 'Object Repository/FDR-System-Admin/FDR-Edit-Contract/saveContractBtn' (Root cause: com.kms.katalon.core.exception.StepFailedException: Unable to click on object 'Object Repository/FDR-System-Admin/FDR-Edit-Contract/saveContractBtn'
	at com.kms.katalon.core.webui.keyword.internal.WebUIKeywordMain.stepFailed(WebUIKeywordMain.groovy:64)
	at com.kms.katalon.core.webui.keyword.internal.WebUIKeywordMain.runKeyword(WebUIKeywordMain.groovy:26)
	at com.kms.katalon.core.webui.keyword.builtin.ClickKeyword.click(ClickKeyword.groovy:76)
	at com.kms.katalon.core.webui.keyword.builtin.ClickKeyword.execute(ClickKeyword.groovy:43)
	at com.kms.katalon.core.keyword.internal.KeywordExecutor.executeKeywordForPlatform(KeywordExecutor.groovy:73)
	at com.kms.katalon.core.webui.keyword.WebUiBuiltInKeywords.click(WebUiBuiltInKeywords.groovy:616)
	at com.kms.katalon.core.webui.keyword.WebUiBuiltInKeywords$click$4.call(Unknown Source)
	at FDR-Add-ContractDetailReview.run(FDR-Add-ContractDetailReview:61)
	at com.kms.katalon.core.main.ScriptEngine.run(ScriptEngine.java:194)
	at com.kms.katalon.core.main.ScriptEngine.runScriptAsRawText(ScriptEngine.java:119)
	at com.kms.katalon.core.main.TestCaseExecutor.runScript(TestCaseExecutor.java:339)
	at com.kms.katalon.core.main.TestCaseExecutor.doExecute(TestCaseExecutor.java:330)
	at com.kms.katalon.core.main.TestCaseExecutor.processExecutionPhase(TestCaseExecutor.java:309)
	at com.kms.katalon.core.main.TestCaseExecutor.accessMainPhase(TestCaseExecutor.java:301)
	at com.kms.katalon.core.main.TestCaseExecutor.execute(TestCaseExecutor.java:235)
	at com.kms.katalon.core.main.TestSuiteExecutor.accessTestCaseMainPhase(TestSuiteExecutor.java:191)
	at com.kms.katalon.core.main.TestSuiteExecutor.accessTestSuiteMainPhase(TestSuiteExecutor.java:141)
	at com.kms.katalon.core.main.TestSuiteExecutor.execute(TestSuiteExecutor.java:90)
	at com.kms.katalon.core.main.TestCaseMain.startTestSuite(TestCaseMain.java:157)
	at com.kms.katalon.core.main.TestCaseMain$startTestSuite$0.call(Unknown Source)
	at TempTestSuite1600204926925.run(TempTestSuite1600204926925.groovy:39)
Caused by: com.kms.katalon.core.webui.exception.WebElementNotFoundException: Web element with id: 'Object Repository/FDR-System-Admin/FDR-Edit-Contract/saveContractBtn' located by '//*[@data-id='action-button']/span[text()='Save Contract']' not found
	at com.kms.katalon.core.webui.common.WebUiCommonHelper.findWebElement(WebUiCommonHelper.java:1368)
	at com.kms.katalon.core.webui.keyword.internal.WebUIAbstractKeyword.findWebElement(WebUIAbstractKeyword.groovy:27)
	at com.kms.katalon.core.webui.keyword.internal.WebUIAbstractKeyword.findWebElement(WebUIAbstractKeyword.groovy:26)
	at com.kms.katalon.core.webui.keyword.builtin.ClickKeyword$_click_closure1.doCall(ClickKeyword.groovy:67)
	at com.kms.katalon.core.webui.keyword.builtin.ClickKeyword$_click_closure1.call(ClickKeyword.groovy)
	at com.kms.katalon.core.webui.keyword.internal.WebUIKeywordMain.runKeyword(WebUIKeywordMain.groovy:20)
	at com.kms.katalon.core.webui.keyword.builtin.ClickKeyword.click(ClickKeyword.groovy:76)
	at com.kms.katalon.core.webui.keyword.builtin.ClickKeyword.execute(ClickKeyword.groovy:43)
	at com.kms.katalon.core.keyword.internal.KeywordExecutor.executeKeywordForPlatform(KeywordExecutor.groovy:73)
	at com.kms.katalon.core.webui.keyword.WebUiBuiltInKeywords.click(WebUiBuiltInKeywords.groovy:616)
	at com.kms.katalon.core.webui.keyword.WebUiBuiltInKeywords$click$4.call(Unknown Source)
	at Script1584563115080.run(Script1584563115080.groovy:61)
	... 13 more
)
[[ATTACHMENT|C:\\fdr-automation-develop_08_25_2020\\Reports\\20200915_142206\\SystemAdmin-Integration_Suite\\20200915_142206\\1600205237995.png]]

2020-09-15 14:27:18 - [TEST_STEP][PASSED] - waitForElementPresent(findTestObject("FDR-System-Admin/FDR-ReferencePage/contractReference/contractDetail/contractHeader"), 3): Object 'Object Repository/FDR-System-Admin/FDR-ReferencePage/contractReference/contractDetail/contractHeader' is not present after 3 second(s)

2020-09-15 14:27:22 - [MESSAGE][INFO] - Unable to find the element located by 'By.xpath: //*[@id="wrapper"]/div/div/div/main/div/div[2]/div/div[1]/div[1]/div/div[1]/div/h2'. Please recheck the objects properties to make sure the desired element is located. 

2020-09-15 14:27:22 - [MESSAGE][WARNING] - Object 'Object Repository/FDR-System-Admin/FDR-ReferencePage/contractReference/contractDetail/contractHeader' is not present after 3 second(s)

2020-09-15 14:27:22 - [TEST_STEP][PASSED] - waitForElementPresent(findTestObject("FDR-System-Admin/FDR-Add-Contract/backToContractPage"), 3): Object 'Object Repository/FDR-System-Admin/FDR-Add-Contract/backToContractPage' is present

2020-09-15 14:27:22 - [MESSAGE][PASSED] - Object 'Object Repository/FDR-System-Admin/FDR-Add-Contract/backToContractPage' is present

2020-09-15 14:27:22 - [TEST_STEP][PASSED] - click(findTestObject("FDR-System-Admin/FDR-Add-Contract/backToContractPage")): Object: 'Object Repository/FDR-System-Admin/FDR-Add-Contract/backToContractPage' is clicked on

2020-09-15 14:27:23 - [MESSAGE][PASSED] - Object: 'Object Repository/FDR-System-Admin/FDR-Add-Contract/backToContractPage' is clicked on

2020-09-15 14:27:23 - [TEST_STEP][PASSED] - if (verifyElementPresent(findTestObject("FDR-System-Admin/FDR-ReferencePage/firstRowOfRefData"), 2)): null

2020-09-15 14:27:23 - [MESSAGE][PASSED] - Object 'Object Repository/FDR-System-Admin/FDR-ReferencePage/firstRowOfRefData' is present

2020-09-15 14:27:23 - [TEST_STEP][PASSED] - click(findTestObject("FDR-System-Admin/FDR-ReferencePage/firstRowOfRefData")): Object: 'Object Repository/FDR-System-Admin/FDR-ReferencePage/firstRowOfRefData' is clicked on

2020-09-15 14:27:23 - [MESSAGE][PASSED] - Object: 'Object Repository/FDR-System-Admin/FDR-ReferencePage/firstRowOfRefData' is clicked on

2020-09-15 14:27:23 - [TEST_STEP][PASSED] - waitForElementPresent(findTestObject("FDR-System-Admin/FDR-ReferencePage/contractReference/contractDetail/contractHeader"), 3): Object 'Object Repository/FDR-System-Admin/FDR-ReferencePage/contractReference/contractDetail/contractHeader' is present

2020-09-15 14:27:24 - [MESSAGE][PASSED] - Object 'Object Repository/FDR-System-Admin/FDR-ReferencePage/contractReference/contractDetail/contractHeader' is present

2020-09-15 14:27:24 - [TEST_STEP][PASSED] - label = getText(findTestObject("FDR-System-Admin/FDR-ReferencePage/contractReference/contractDetail/supplier")): Text of object 'Object Repository/FDR-System-Admin/FDR-ReferencePage/contractReference/contractDetail/supplier' is: 'SUPPLIER'

2020-09-15 14:27:24 - [MESSAGE][PASSED] - Text of object 'Object Repository/FDR-System-Admin/FDR-ReferencePage/contractReference/contractDetail/supplier' is: 'SUPPLIER'

2020-09-15 14:27:24 - [TEST_STEP][PASSED] - assert label == "SUPPLIER": null

2020-09-15 14:27:24 - [TEST_STEP][PASSED] - Start listener action : sampleAfterTestCase: null

2020-09-15 14:27:24 - [TEST_STEP][PASSED] - profileName = getExecutionProfile(): null

2020-09-15 14:27:24 - [TEST_STEP][PASSED] - switch (profileName): null

2020-09-15 14:27:24 - [TEST_STEP][PASSED] - case "superUser":: null

2020-09-15 14:27:24 - [TEST_STEP][PASSED] - return null: null

2020-09-15 14:27:24 - [TEST_STEP][PASSED] - Start listener action : afterTestCase: Browser is closed

2020-09-15 14:27:24 - [TEST_STEP][PASSED] - profileName = getExecutionProfile(): null

2020-09-15 14:27:24 - [TEST_STEP][PASSED] - if (profileName.equalsIgnoreCase("SysAdmin")): Browser is closed

2020-09-15 14:27:24 - [TEST_STEP][PASSED] - closeBrowser(): Browser is closed

2020-09-15 14:27:25 - [MESSAGE][PASSED] - Browser is closed

2020-09-15 14:27:25 - [TEST_STEP][PASSED] - Start listener action : sampleAfterTestCase: null

2020-09-15 14:27:25 - [TEST_STEP][PASSED] - profileName = getExecutionProfile(): null

2020-09-15 14:27:25 - [TEST_STEP][PASSED] - switch (profileName): null

2020-09-15 14:27:25 - [TEST_STEP][PASSED] - Default: null

2020-09-15 14:27:25 - [TEST_STEP][PASSED] - return null: null

2020-09-15 14:27:25 - [TEST_STEP][PASSED] - Start listener action : addFailedTCToList: null]]></system-out>
         <system-err><![CDATA[2020-09-15 14:26:14 - [TEST_CASE][FAILED] - Test Cases/WEB-UI-TESTS/SysAdmin/ReferencePage/ReferenceDetail/FDR-Add-ContractDetailReview: Test Cases/WEB-UI-TESTS/SysAdmin/ReferencePage/ReferenceDetail/FDR-Add-ContractDetailReview FAILED.
Reason:
com.kms.katalon.core.exception.StepFailedException: Unable to click on object 'Object Repository/FDR-System-Admin/FDR-Add-Contract/supplierOption' (Root cause: com.kms.katalon.core.exception.StepFailedException: Unable to click on object 'Object Repository/FDR-System-Admin/FDR-Add-Contract/supplierOption'
	at com.kms.katalon.core.webui.keyword.internal.WebUIKeywordMain.stepFailed(WebUIKeywordMain.groovy:64)
	at com.kms.katalon.core.webui.keyword.internal.WebUIKeywordMain.runKeyword(WebUIKeywordMain.groovy:26)
	at com.kms.katalon.core.webui.keyword.builtin.ClickKeyword.click(ClickKeyword.groovy:76)
	at com.kms.katalon.core.webui.keyword.builtin.ClickKeyword.execute(ClickKeyword.groovy:43)
	at com.kms.katalon.core.keyword.internal.KeywordExecutor.executeKeywordForPlatform(KeywordExecutor.groovy:73)
	at com.kms.katalon.core.webui.keyword.WebUiBuiltInKeywords.click(WebUiBuiltInKeywords.groovy:616)
	at com.kms.katalon.core.webui.keyword.WebUiBuiltInKeywords$click$4.call(Unknown Source)
	at FDR-Add-ContractDetailReview.run(FDR-Add-ContractDetailReview:41)
	at com.kms.katalon.core.main.ScriptEngine.run(ScriptEngine.java:194)
	at com.kms.katalon.core.main.ScriptEngine.runScriptAsRawText(ScriptEngine.java:119)
	at com.kms.katalon.core.main.TestCaseExecutor.runScript(TestCaseExecutor.java:339)
	at com.kms.katalon.core.main.TestCaseExecutor.doExecute(TestCaseExecutor.java:330)
	at com.kms.katalon.core.main.TestCaseExecutor.processExecutionPhase(TestCaseExecutor.java:309)
	at com.kms.katalon.core.main.TestCaseExecutor.accessMainPhase(TestCaseExecutor.java:301)
	at com.kms.katalon.core.main.TestCaseExecutor.execute(TestCaseExecutor.java:235)
	at com.kms.katalon.core.main.TestSuiteExecutor.accessTestCaseMainPhase(TestSuiteExecutor.java:191)
	at com.kms.katalon.core.main.TestSuiteExecutor.accessTestSuiteMainPhase(TestSuiteExecutor.java:141)
	at com.kms.katalon.core.main.TestSuiteExecutor.execute(TestSuiteExecutor.java:90)
	at com.kms.katalon.core.main.TestCaseMain.startTestSuite(TestCaseMain.java:157)
	at com.kms.katalon.core.main.TestCaseMain$startTestSuite$0.call(Unknown Source)
	at TempTestSuite1600204926925.run(TempTestSuite1600204926925.groovy:39)
Caused by: com.kms.katalon.core.webui.exception.WebElementNotFoundException: Web element with id: 'Object Repository/FDR-System-Admin/FDR-Add-Contract/supplierOption' located by '//li[@id='supplierId-option-0']' not found
	at com.kms.katalon.core.webui.common.WebUiCommonHelper.findWebElement(WebUiCommonHelper.java:1368)
	at com.kms.katalon.core.webui.keyword.internal.WebUIAbstractKeyword.findWebElement(WebUIAbstractKeyword.groovy:27)
	at com.kms.katalon.core.webui.keyword.internal.WebUIAbstractKeyword.findWebElement(WebUIAbstractKeyword.groovy:26)
	at com.kms.katalon.core.webui.keyword.builtin.ClickKeyword$_click_closure1.doCall(ClickKeyword.groovy:67)
	at com.kms.katalon.core.webui.keyword.builtin.ClickKeyword$_click_closure1.call(ClickKeyword.groovy)
	at com.kms.katalon.core.webui.keyword.internal.WebUIKeywordMain.runKeyword(WebUIKeywordMain.groovy:20)
	at com.kms.katalon.core.webui.keyword.builtin.ClickKeyword.click(ClickKeyword.groovy:76)
	at com.kms.katalon.core.webui.keyword.builtin.ClickKeyword.execute(ClickKeyword.groovy:43)
	at com.kms.katalon.core.keyword.internal.KeywordExecutor.executeKeywordForPlatform(KeywordExecutor.groovy:73)
	at com.kms.katalon.core.webui.keyword.WebUiBuiltInKeywords.click(WebUiBuiltInKeywords.groovy:616)
	at com.kms.katalon.core.webui.keyword.WebUiBuiltInKeywords$click$4.call(Unknown Source)
	at Script1584563115080.run(Script1584563115080.groovy:41)
	... 13 more
)
	at com.kms.katalon.core.keyword.internal.KeywordMain.stepFailed(KeywordMain.groovy:39)
	at com.kms.katalon.core.webui.keyword.internal.WebUIKeywordMain.stepFailed(WebUIKeywordMain.groovy:64)
	at com.kms.katalon.core.webui.keyword.internal.WebUIKeywordMain.runKeyword(WebUIKeywordMain.groovy:26)
	at com.kms.katalon.core.webui.keyword.builtin.ClickKeyword.click(ClickKeyword.groovy:76)
	at com.kms.katalon.core.webui.keyword.builtin.ClickKeyword.execute(ClickKeyword.groovy:43)
	at com.kms.katalon.core.keyword.internal.KeywordExecutor.executeKeywordForPlatform(KeywordExecutor.groovy:73)
	at com.kms.katalon.core.webui.keyword.WebUiBuiltInKeywords.click(WebUiBuiltInKeywords.groovy:616)
	at com.kms.katalon.core.webui.keyword.WebUiBuiltInKeywords$click$4.call(Unknown Source)
	at FDR-Add-ContractDetailReview.run(FDR-Add-ContractDetailReview:41)
	at com.kms.katalon.core.main.ScriptEngine.run(ScriptEngine.java:194)
	at com.kms.katalon.core.main.ScriptEngine.runScriptAsRawText(ScriptEngine.java:119)
	at com.kms.katalon.core.main.TestCaseExecutor.runScript(TestCaseExecutor.java:339)
	at com.kms.katalon.core.main.TestCaseExecutor.doExecute(TestCaseExecutor.java:330)
	at com.kms.katalon.core.main.TestCaseExecutor.processExecutionPhase(TestCaseExecutor.java:309)
	at com.kms.katalon.core.main.TestCaseExecutor.accessMainPhase(TestCaseExecutor.java:301)
	at com.kms.katalon.core.main.TestCaseExecutor.execute(TestCaseExecutor.java:235)
	at com.kms.katalon.core.main.TestSuiteExecutor.accessTestCaseMainPhase(TestSuiteExecutor.java:191)
	at com.kms.katalon.core.main.TestSuiteExecutor.accessTestSuiteMainPhase(TestSuiteExecutor.java:141)
	at com.kms.katalon.core.main.TestSuiteExecutor.execute(TestSuiteExecutor.java:90)
	at com.kms.katalon.core.main.TestCaseMain.startTestSuite(TestCaseMain.java:157)
	at com.kms.katalon.core.main.TestCaseMain$startTestSuite$0.call(Unknown Source)
	at TempTestSuite1600204926925.run(TempTestSuite1600204926925.groovy:39)
Caused by: com.kms.katalon.core.exception.StepFailedException: Unable to click on object 'Object Repository/FDR-System-Admin/FDR-Add-Contract/supplierOption'
	... 21 more
Caused by: com.kms.katalon.core.webui.exception.WebElementNotFoundException: Web element with id: 'Object Repository/FDR-System-Admin/FDR-Add-Contract/supplierOption' located by '//li[@id='supplierId-option-0']' not found
	at com.kms.katalon.core.webui.common.WebUiCommonHelper.findWebElement(WebUiCommonHelper.java:1368)
	at com.kms.katalon.core.webui.keyword.internal.WebUIAbstractKeyword.findWebElement(WebUIAbstractKeyword.groovy:27)
	at com.kms.katalon.core.webui.keyword.internal.WebUIAbstractKeyword.findWebElement(WebUIAbstractKeyword.groovy:26)
	at com.kms.katalon.core.webui.keyword.builtin.ClickKeyword$_click_closure1.doCall(ClickKeyword.groovy:67)
	at com.kms.katalon.core.webui.keyword.builtin.ClickKeyword$_click_closure1.call(ClickKeyword.groovy)
	at com.kms.katalon.core.webui.keyword.internal.WebUIKeywordMain.runKeyword(WebUIKeywordMain.groovy:20)
	... 19 more]]></system-err>
      </testcase>
      <testcase name="Test Cases/WEB-UI-TESTS/SysAdmin/ReferencePage/ReferenceDetail/FDR-Add-ContactDetailPage" time="35.865" classname="Test Cases/WEB-UI-TESTS/SysAdmin/ReferencePage/ReferenceDetail/FDR-Add-ContactDetailPage" status="PASSED">
         <system-out><![CDATA[2020-09-15 14:27:25 - [TEST_CASE][PASSED] - Test Cases/WEB-UI-TESTS/SysAdmin/ReferencePage/ReferenceDetail/FDR-Add-ContactDetailPage: Test Cases/WEB-UI-TESTS/SysAdmin/ReferencePage/ReferenceDetail/FDR-Add-ContactDetailPage

2020-09-15 14:27:25 - [TEST_STEP][PASSED] - Start listener action : sampleBeforeTestCase: null

2020-09-15 14:27:25 - [TEST_STEP][PASSED] - profileName = getExecutionProfile(): null

2020-09-15 14:27:25 - [TEST_STEP][PASSED] - switch (profileName): null

2020-09-15 14:27:25 - [TEST_STEP][PASSED] - case "superUser":: null

2020-09-15 14:27:25 - [TEST_STEP][PASSED] - return null: null

2020-09-15 14:27:25 - [TEST_STEP][PASSED] - Start listener action : beforeTestCase: Call Test Case 'Test Cases/WEB-UI-TESTS/SysAdmin/SystemAdmin-Login' successfully

2020-09-15 14:27:25 - [TEST_STEP][PASSED] - profileName = getExecutionProfile(): null

2020-09-15 14:27:25 - [TEST_STEP][PASSED] - if (profileName.equalsIgnoreCase("SysAdmin")): Call Test Case 'Test Cases/WEB-UI-TESTS/SysAdmin/SystemAdmin-Login' successfully

2020-09-15 14:27:25 - [TEST_STEP][PASSED] - callTestCase(findTestCase("Test Cases/WEB-UI-TESTS/SysAdmin/SystemAdmin-Login"), null): Call Test Case 'Test Cases/WEB-UI-TESTS/SysAdmin/SystemAdmin-Login' successfully

2020-09-15 14:27:25 - [TEST_CASE][PASSED] - Test Cases/WEB-UI-TESTS/SysAdmin/SystemAdmin-Login: Test Cases/WEB-UI-TESTS/SysAdmin/SystemAdmin-Login

2020-09-15 14:27:25 - [TEST_STEP][PASSED] - openBrowser(URL): Browser is opened with url: 'https://fdr-katalon.cammis-mod-dev.dhcs.ca.gov'

2020-09-15 14:27:25 - [MESSAGE][INFO] - Starting 'Chrome' driver

2020-09-15 14:27:25 - [MESSAGE][INFO] - Action delay is set to 0 milliseconds

2020-09-15 14:27:29 - [MESSAGE][PASSED] - Browser is opened with url: 'https://fdr-katalon.cammis-mod-dev.dhcs.ca.gov'

2020-09-15 14:27:29 - [TEST_STEP][PASSED] - maximizeWindow(): Current window maximized

2020-09-15 14:27:31 - [MESSAGE][PASSED] - Current window maximized

2020-09-15 14:27:31 - [TEST_STEP][PASSED] - refresh(): Refresh successfully

2020-09-15 14:27:32 - [MESSAGE][PASSED] - Refresh successfully

2020-09-15 14:27:32 - [TEST_STEP][PASSED] - delay(2): Delayed 2 second(s)

2020-09-15 14:27:34 - [MESSAGE][PASSED] - Delayed 2 second(s)

2020-09-15 14:27:34 - [TEST_STEP][PASSED] - waitForElementPresent(findTestObject("FDR-System-Admin/SysAdmin-SignIn/adminEmail"), 5): Object 'Object Repository/FDR-System-Admin/SysAdmin-SignIn/adminEmail' is present

2020-09-15 14:27:34 - [MESSAGE][PASSED] - Object 'Object Repository/FDR-System-Admin/SysAdmin-SignIn/adminEmail' is present

2020-09-15 14:27:34 - [TEST_STEP][PASSED] - setText(findTestObject("FDR-System-Admin/SysAdmin-SignIn/adminEmail"), adminEmail): Text 'fdr.test10@dhcs.ca.gov
' is set on object 'Object Repository/FDR-System-Admin/SysAdmin-SignIn/adminEmail'

2020-09-15 14:27:35 - [MESSAGE][PASSED] - Text 'fdr.test10@dhcs.ca.gov
' is set on object 'Object Repository/FDR-System-Admin/SysAdmin-SignIn/adminEmail'

2020-09-15 14:27:35 - [TEST_STEP][PASSED] - waitForElementPresent(findTestObject("FDR-System-Admin/SysAdmin-SignIn/adminUserName"), 5): Object 'Object Repository/FDR-System-Admin/SysAdmin-SignIn/adminUserName' is present

2020-09-15 14:27:38 - [MESSAGE][PASSED] - Object 'Object Repository/FDR-System-Admin/SysAdmin-SignIn/adminUserName' is present

2020-09-15 14:27:38 - [TEST_STEP][PASSED] - setText(findTestObject("FDR-System-Admin/SysAdmin-SignIn/adminUserName"), UserName): Text 'fdr.test10@dhcs.ca.gov' is set on object 'Object Repository/FDR-System-Admin/SysAdmin-SignIn/adminUserName'

2020-09-15 14:27:38 - [MESSAGE][PASSED] - Text 'fdr.test10@dhcs.ca.gov' is set on object 'Object Repository/FDR-System-Admin/SysAdmin-SignIn/adminUserName'

2020-09-15 14:27:38 - [TEST_STEP][PASSED] - setText(findTestObject("FDR-System-Admin/SysAdmin-SignIn/adminPass"), Password): Text 'Password18' is set on object 'Object Repository/FDR-System-Admin/SysAdmin-SignIn/adminPass'

2020-09-15 14:27:39 - [MESSAGE][PASSED] - Text 'Password18' is set on object 'Object Repository/FDR-System-Admin/SysAdmin-SignIn/adminPass'

2020-09-15 14:27:39 - [TEST_STEP][PASSED] - click(findTestObject("FDR-System-Admin/SysAdmin-SignIn/adminSignIn")): Object: 'Object Repository/FDR-System-Admin/SysAdmin-SignIn/adminSignIn' is clicked on

2020-09-15 14:27:41 - [MESSAGE][PASSED] - Object: 'Object Repository/FDR-System-Admin/SysAdmin-SignIn/adminSignIn' is clicked on

2020-09-15 14:27:41 - [TEST_STEP][PASSED] - waitForElementPresent(findTestObject("Object Repository/FDR-System-Admin/SysAdmin-Dashboard/maintainReferenceDataBtn"), 3): Object 'Object Repository/FDR-System-Admin/SysAdmin-Dashboard/maintainReferenceDataBtn' is present

2020-09-15 14:27:42 - [MESSAGE][PASSED] - Object 'Object Repository/FDR-System-Admin/SysAdmin-Dashboard/maintainReferenceDataBtn' is present

2020-09-15 14:27:42 - [TEST_STEP][PASSED] - verifyElementPresent(findTestObject("Object Repository/FDR-System-Admin/SysAdmin-Dashboard/maintainReferenceDataBtn"), Timeout): Object 'Object Repository/FDR-System-Admin/SysAdmin-Dashboard/maintainReferenceDataBtn' is present

2020-09-15 14:27:43 - [MESSAGE][PASSED] - Object 'Object Repository/FDR-System-Admin/SysAdmin-Dashboard/maintainReferenceDataBtn' is present

2020-09-15 14:27:43 - [TEST_STEP][PASSED] - refresh(): Refresh successfully

2020-09-15 14:27:43 - [MESSAGE][PASSED] - Refresh successfully

2020-09-15 14:27:43 - [MESSAGE][PASSED] - Call Test Case 'Test Cases/WEB-UI-TESTS/SysAdmin/SystemAdmin-Login' successfully

2020-09-15 14:27:43 - [TEST_STEP][PASSED] - Start listener action : sampleBeforeTestCase: null

2020-09-15 14:27:43 - [TEST_STEP][PASSED] - profileName = getExecutionProfile(): null

2020-09-15 14:27:43 - [TEST_STEP][PASSED] - testCaseId = testCaseContext.getTestCaseId(): null

2020-09-15 14:27:43 - [TEST_STEP][PASSED] - switch (profileName): null

2020-09-15 14:27:43 - [TEST_STEP][PASSED] - Default: null

2020-09-15 14:27:43 - [TEST_STEP][PASSED] - return null: null

2020-09-15 14:27:43 - [TEST_STEP][PASSED] - Start listener action : executeRows: null

2020-09-15 14:27:43 - [TEST_STEP][PASSED] - click(findTestObject("Object Repository/FDR-System-Admin/SysAdmin-Dashboard/maintainReferenceDataBtn")): Object: 'Object Repository/FDR-System-Admin/SysAdmin-Dashboard/maintainReferenceDataBtn' is clicked on

2020-09-15 14:27:44 - [MESSAGE][PASSED] - Object: 'Object Repository/FDR-System-Admin/SysAdmin-Dashboard/maintainReferenceDataBtn' is clicked on

2020-09-15 14:27:44 - [TEST_STEP][PASSED] - click(findTestObject("FDR-System-Admin/FDR-ReferencePage/reference-data")): Object: 'Object Repository/FDR-System-Admin/FDR-ReferencePage/reference-data' is clicked on

2020-09-15 14:27:44 - [MESSAGE][PASSED] - Object: 'Object Repository/FDR-System-Admin/FDR-ReferencePage/reference-data' is clicked on

2020-09-15 14:27:44 - [TEST_STEP][PASSED] - setText(findTestObject("FDR-System-Admin/FDR-ReferencePage/referenceDataNameInput"), "Contacts"): Text 'Contacts' is set on object 'Object Repository/FDR-System-Admin/FDR-ReferencePage/referenceDataNameInput'

2020-09-15 14:27:45 - [MESSAGE][PASSED] - Text 'Contacts' is set on object 'Object Repository/FDR-System-Admin/FDR-ReferencePage/referenceDataNameInput'

2020-09-15 14:27:45 - [TEST_STEP][PASSED] - click(findTestObject("FDR-System-Admin/FDR-ReferencePage/contactReference/contactDetails/contactClick")): Object: 'Object Repository/FDR-System-Admin/FDR-ReferencePage/contactReference/contactDetails/contactClick' is clicked on

2020-09-15 14:27:46 - [MESSAGE][PASSED] - Object: 'Object Repository/FDR-System-Admin/FDR-ReferencePage/contactReference/contactDetails/contactClick' is clicked on

2020-09-15 14:27:46 - [TEST_STEP][PASSED] - waitForElementPresent(findTestObject("FDR-System-Admin/FDR-Add-Contact/addContactBtn"), 3): Object 'Object Repository/FDR-System-Admin/FDR-Add-Contact/addContactBtn' is present

2020-09-15 14:27:46 - [MESSAGE][PASSED] - Object 'Object Repository/FDR-System-Admin/FDR-Add-Contact/addContactBtn' is present

2020-09-15 14:27:46 - [TEST_STEP][PASSED] - click(findTestObject("FDR-System-Admin/FDR-Add-Contact/addContactBtn")): Object: 'Object Repository/FDR-System-Admin/FDR-Add-Contact/addContactBtn' is clicked on

2020-09-15 14:27:47 - [MESSAGE][PASSED] - Object: 'Object Repository/FDR-System-Admin/FDR-Add-Contact/addContactBtn' is clicked on

2020-09-15 14:27:47 - [TEST_STEP][PASSED] - waitForElementPresent(findTestObject("FDR-System-Admin/FDR-Add-Contact/firstName"), 3): Object 'Object Repository/FDR-System-Admin/FDR-Add-Contact/firstName' is present

2020-09-15 14:27:47 - [MESSAGE][PASSED] - Object 'Object Repository/FDR-System-Admin/FDR-Add-Contact/firstName' is present

2020-09-15 14:27:47 - [TEST_STEP][PASSED] - firstName = RandomStringUtils.randomAlphabetic(5): null

2020-09-15 14:27:47 - [TEST_STEP][PASSED] - lastName = RandomStringUtils.randomAlphabetic(5): null

2020-09-15 14:27:47 - [TEST_STEP][PASSED] - setText(findTestObject("FDR-System-Admin/FDR-Add-Contact/firstName"), firstName): Text 'GKhpd' is set on object 'Object Repository/FDR-System-Admin/FDR-Add-Contact/firstName'

2020-09-15 14:27:48 - [MESSAGE][PASSED] - Text 'GKhpd' is set on object 'Object Repository/FDR-System-Admin/FDR-Add-Contact/firstName'

2020-09-15 14:27:48 - [TEST_STEP][PASSED] - setText(findTestObject("FDR-System-Admin/FDR-Add-Contact/lastName"), lastName): Text 'ZAncN' is set on object 'Object Repository/FDR-System-Admin/FDR-Add-Contact/lastName'

2020-09-15 14:27:49 - [MESSAGE][PASSED] - Text 'ZAncN' is set on object 'Object Repository/FDR-System-Admin/FDR-Add-Contact/lastName'

2020-09-15 14:27:49 - [TEST_STEP][PASSED] - phoneNum = RandomStringUtils.randomNumeric(10): null

2020-09-15 14:27:49 - [TEST_STEP][PASSED] - setText(findTestObject("FDR-System-Admin/FDR-Add-Contact/phoneNum"), phoneNum): Text '0171228294' is set on object 'Object Repository/FDR-System-Admin/FDR-Add-Contact/phoneNum'

2020-09-15 14:27:49 - [MESSAGE][PASSED] - Text '0171228294' is set on object 'Object Repository/FDR-System-Admin/FDR-Add-Contact/phoneNum'

2020-09-15 14:27:49 - [TEST_STEP][PASSED] - waitForElementPresent(findTestObject("FDR-System-Admin/FDR-Add-Contact/addContactConfirmBtn"), 3): Object 'Object Repository/FDR-System-Admin/FDR-Add-Contact/addContactConfirmBtn' is present

2020-09-15 14:27:50 - [MESSAGE][PASSED] - Object 'Object Repository/FDR-System-Admin/FDR-Add-Contact/addContactConfirmBtn' is present

2020-09-15 14:27:50 - [TEST_STEP][PASSED] - click(findTestObject("FDR-System-Admin/FDR-Add-Contact/addContactConfirmBtn")): Object: 'Object Repository/FDR-System-Admin/FDR-Add-Contact/addContactConfirmBtn' is clicked on

2020-09-15 14:27:50 - [MESSAGE][PASSED] - Object: 'Object Repository/FDR-System-Admin/FDR-Add-Contact/addContactConfirmBtn' is clicked on

2020-09-15 14:27:50 - [TEST_STEP][PASSED] - waitForElementPresent(findTestObject("Object Repository/FDR-System-Admin/FDR-ReferencePage/contactReference/contactDetails/contactPhoneNumber"), 5): Object 'Object Repository/FDR-System-Admin/FDR-ReferencePage/contactReference/contactDetails/contactPhoneNumber' is present

2020-09-15 14:27:51 - [MESSAGE][PASSED] - Object 'Object Repository/FDR-System-Admin/FDR-ReferencePage/contactReference/contactDetails/contactPhoneNumber' is present

2020-09-15 14:27:51 - [TEST_STEP][PASSED] - waitForElementPresent(findTestObject("FDR-System-Admin/FDR-Edit-Contact/editContactElipsis"), 3): Object 'Object Repository/FDR-System-Admin/FDR-Edit-Contact/editContactElipsis' is present

2020-09-15 14:27:51 - [MESSAGE][PASSED] - Object 'Object Repository/FDR-System-Admin/FDR-Edit-Contact/editContactElipsis' is present

2020-09-15 14:27:51 - [TEST_STEP][PASSED] - click(findTestObject("FDR-System-Admin/FDR-Edit-Contact/editContactElipsis")): Object: 'Object Repository/FDR-System-Admin/FDR-Edit-Contact/editContactElipsis' is clicked on

2020-09-15 14:27:52 - [MESSAGE][PASSED] - Object: 'Object Repository/FDR-System-Admin/FDR-Edit-Contact/editContactElipsis' is clicked on

2020-09-15 14:27:52 - [TEST_STEP][PASSED] - waitForElementPresent(findTestObject("FDR-System-Admin/FDR-Edit-Contact/editContactBtn"), 3): Object 'Object Repository/FDR-System-Admin/FDR-Edit-Contact/editContactBtn' is present

2020-09-15 14:27:52 - [MESSAGE][PASSED] - Object 'Object Repository/FDR-System-Admin/FDR-Edit-Contact/editContactBtn' is present

2020-09-15 14:27:52 - [TEST_STEP][PASSED] - click(findTestObject("FDR-System-Admin/FDR-Edit-Contact/editContactBtn")): Object: 'Object Repository/FDR-System-Admin/FDR-Edit-Contact/editContactBtn' is clicked on

2020-09-15 14:27:53 - [MESSAGE][PASSED] - Object: 'Object Repository/FDR-System-Admin/FDR-Edit-Contact/editContactBtn' is clicked on

2020-09-15 14:27:53 - [TEST_STEP][PASSED] - editLastName = RandomStringUtils.randomAlphabetic(10): null

2020-09-15 14:27:53 - [TEST_STEP][PASSED] - doubleClick(findTestObject("FDR-System-Admin/FDR-Add-Contact/lastName")): Object: 'Object Repository/FDR-System-Admin/FDR-Add-Contact/lastName' is double clicked on

2020-09-15 14:27:53 - [MESSAGE][PASSED] - Object: 'Object Repository/FDR-System-Admin/FDR-Add-Contact/lastName' is double clicked on

2020-09-15 14:27:53 - [TEST_STEP][PASSED] - sendKeys(findTestObject("FDR-System-Admin/FDR-Add-Contact/lastName"), Keys.chord(BACK_SPACE)): Keys 'BACK_SPACE + ' sent to object: 'Object Repository/FDR-System-Admin/FDR-Add-Contact/lastName'

2020-09-15 14:27:53 - [MESSAGE][PASSED] - Keys 'BACK_SPACE + ' sent to object: 'Object Repository/FDR-System-Admin/FDR-Add-Contact/lastName'

2020-09-15 14:27:53 - [TEST_STEP][PASSED] - setText(findTestObject("FDR-System-Admin/FDR-Add-Contact/lastName"), editLastName): Text 'GTUuoUMAUk' is set on object 'Object Repository/FDR-System-Admin/FDR-Add-Contact/lastName'

2020-09-15 14:27:54 - [MESSAGE][PASSED] - Text 'GTUuoUMAUk' is set on object 'Object Repository/FDR-System-Admin/FDR-Add-Contact/lastName'

2020-09-15 14:27:54 - [TEST_STEP][PASSED] - waitForElementPresent(findTestObject("FDR-System-Admin/FDR-Edit-Contact/saveContactBtn"), 3): Object 'Object Repository/FDR-System-Admin/FDR-Edit-Contact/saveContactBtn' is present

2020-09-15 14:27:55 - [MESSAGE][PASSED] - Object 'Object Repository/FDR-System-Admin/FDR-Edit-Contact/saveContactBtn' is present

2020-09-15 14:27:55 - [TEST_STEP][PASSED] - click(findTestObject("FDR-System-Admin/FDR-Edit-Contact/saveContactBtn")): Object: 'Object Repository/FDR-System-Admin/FDR-Edit-Contact/saveContactBtn' is clicked on

2020-09-15 14:27:55 - [MESSAGE][PASSED] - Object: 'Object Repository/FDR-System-Admin/FDR-Edit-Contact/saveContactBtn' is clicked on

2020-09-15 14:27:55 - [TEST_STEP][PASSED] - waitForElementPresent(findTestObject("FDR-System-Admin/FDR-Edit-Contact/editContactHeader"), 3): Object 'Object Repository/FDR-System-Admin/FDR-Edit-Contact/editContactHeader' is not present after 3 second(s)

2020-09-15 14:27:59 - [MESSAGE][INFO] - Unable to find the element located by 'By.xpath: //*[@id="wrapper"]/div/div/div/main/div[2]/form/div/div[1]/h2'. Please recheck the objects properties to make sure the desired element is located. 

2020-09-15 14:27:59 - [MESSAGE][WARNING] - Object 'Object Repository/FDR-System-Admin/FDR-Edit-Contact/editContactHeader' is not present after 3 second(s)

2020-09-15 14:27:59 - [TEST_STEP][PASSED] - waitForElementPresent(findTestObject("FDR-System-Admin/FDR-Add-Contact/backtoContactPage"), 3): Object 'Object Repository/FDR-System-Admin/FDR-Add-Contact/backtoContactPage' is present

2020-09-15 14:28:00 - [MESSAGE][PASSED] - Object 'Object Repository/FDR-System-Admin/FDR-Add-Contact/backtoContactPage' is present

2020-09-15 14:28:00 - [TEST_STEP][PASSED] - click(findTestObject("FDR-System-Admin/FDR-Add-Contact/backtoContactPage")): Object: 'Object Repository/FDR-System-Admin/FDR-Add-Contact/backtoContactPage' is clicked on

2020-09-15 14:28:00 - [MESSAGE][PASSED] - Object: 'Object Repository/FDR-System-Admin/FDR-Add-Contact/backtoContactPage' is clicked on

2020-09-15 14:28:00 - [TEST_STEP][PASSED] - Start listener action : sampleAfterTestCase: null

2020-09-15 14:28:00 - [TEST_STEP][PASSED] - profileName = getExecutionProfile(): null

2020-09-15 14:28:00 - [TEST_STEP][PASSED] - switch (profileName): null

2020-09-15 14:28:00 - [TEST_STEP][PASSED] - case "superUser":: null

2020-09-15 14:28:00 - [TEST_STEP][PASSED] - return null: null

2020-09-15 14:28:00 - [TEST_STEP][PASSED] - Start listener action : afterTestCase: Browser is closed

2020-09-15 14:28:00 - [TEST_STEP][PASSED] - profileName = getExecutionProfile(): null

2020-09-15 14:28:00 - [TEST_STEP][PASSED] - if (profileName.equalsIgnoreCase("SysAdmin")): Browser is closed

2020-09-15 14:28:00 - [TEST_STEP][PASSED] - closeBrowser(): Browser is closed

2020-09-15 14:28:01 - [MESSAGE][PASSED] - Browser is closed

2020-09-15 14:28:01 - [TEST_STEP][PASSED] - Start listener action : sampleAfterTestCase: null

2020-09-15 14:28:01 - [TEST_STEP][PASSED] - profileName = getExecutionProfile(): null

2020-09-15 14:28:01 - [TEST_STEP][PASSED] - switch (profileName): null

2020-09-15 14:28:01 - [TEST_STEP][PASSED] - Default: null

2020-09-15 14:28:01 - [TEST_STEP][PASSED] - return null: null

2020-09-15 14:28:01 - [TEST_STEP][PASSED] - Start listener action : addFailedTCToList: null]]></system-out>
         <system-err><![CDATA[]]></system-err>
      </testcase>
      <testcase name="Test Cases/WEB-UI-TESTS/SysAdmin/ReferencePage/ReferenceDetail/FDR-Add-ProgramTypeDetailReview" time="23.551" classname="Test Cases/WEB-UI-TESTS/SysAdmin/ReferencePage/ReferenceDetail/FDR-Add-ProgramTypeDetailReview" status="PASSED">
         <system-out><![CDATA[2020-09-15 14:28:01 - [TEST_CASE][PASSED] - Test Cases/WEB-UI-TESTS/SysAdmin/ReferencePage/ReferenceDetail/FDR-Add-ProgramTypeDetailReview: Test Cases/WEB-UI-TESTS/SysAdmin/ReferencePage/ReferenceDetail/FDR-Add-ProgramTypeDetailReview

2020-09-15 14:28:01 - [TEST_STEP][PASSED] - Start listener action : sampleBeforeTestCase: null

2020-09-15 14:28:01 - [TEST_STEP][PASSED] - profileName = getExecutionProfile(): null

2020-09-15 14:28:01 - [TEST_STEP][PASSED] - switch (profileName): null

2020-09-15 14:28:01 - [TEST_STEP][PASSED] - case "superUser":: null

2020-09-15 14:28:01 - [TEST_STEP][PASSED] - return null: null

2020-09-15 14:28:01 - [TEST_STEP][PASSED] - Start listener action : beforeTestCase: Call Test Case 'Test Cases/WEB-UI-TESTS/SysAdmin/SystemAdmin-Login' successfully

2020-09-15 14:28:01 - [TEST_STEP][PASSED] - profileName = getExecutionProfile(): null

2020-09-15 14:28:01 - [TEST_STEP][PASSED] - if (profileName.equalsIgnoreCase("SysAdmin")): Call Test Case 'Test Cases/WEB-UI-TESTS/SysAdmin/SystemAdmin-Login' successfully

2020-09-15 14:28:01 - [TEST_STEP][PASSED] - callTestCase(findTestCase("Test Cases/WEB-UI-TESTS/SysAdmin/SystemAdmin-Login"), null): Call Test Case 'Test Cases/WEB-UI-TESTS/SysAdmin/SystemAdmin-Login' successfully

2020-09-15 14:28:01 - [TEST_CASE][PASSED] - Test Cases/WEB-UI-TESTS/SysAdmin/SystemAdmin-Login: Test Cases/WEB-UI-TESTS/SysAdmin/SystemAdmin-Login

2020-09-15 14:28:01 - [TEST_STEP][PASSED] - openBrowser(URL): Browser is opened with url: 'https://fdr-katalon.cammis-mod-dev.dhcs.ca.gov'

2020-09-15 14:28:01 - [MESSAGE][INFO] - Starting 'Chrome' driver

2020-09-15 14:28:01 - [MESSAGE][INFO] - Action delay is set to 0 milliseconds

2020-09-15 14:28:05 - [MESSAGE][PASSED] - Browser is opened with url: 'https://fdr-katalon.cammis-mod-dev.dhcs.ca.gov'

2020-09-15 14:28:05 - [TEST_STEP][PASSED] - maximizeWindow(): Current window maximized

2020-09-15 14:28:07 - [MESSAGE][PASSED] - Current window maximized

2020-09-15 14:28:07 - [TEST_STEP][PASSED] - refresh(): Refresh successfully

2020-09-15 14:28:08 - [MESSAGE][PASSED] - Refresh successfully

2020-09-15 14:28:08 - [TEST_STEP][PASSED] - delay(2): Delayed 2 second(s)

2020-09-15 14:28:10 - [MESSAGE][PASSED] - Delayed 2 second(s)

2020-09-15 14:28:10 - [TEST_STEP][PASSED] - waitForElementPresent(findTestObject("FDR-System-Admin/SysAdmin-SignIn/adminEmail"), 5): Object 'Object Repository/FDR-System-Admin/SysAdmin-SignIn/adminEmail' is present

2020-09-15 14:28:10 - [MESSAGE][PASSED] - Object 'Object Repository/FDR-System-Admin/SysAdmin-SignIn/adminEmail' is present

2020-09-15 14:28:10 - [TEST_STEP][PASSED] - setText(findTestObject("FDR-System-Admin/SysAdmin-SignIn/adminEmail"), adminEmail): Text 'fdr.test10@dhcs.ca.gov
' is set on object 'Object Repository/FDR-System-Admin/SysAdmin-SignIn/adminEmail'

2020-09-15 14:28:11 - [MESSAGE][PASSED] - Text 'fdr.test10@dhcs.ca.gov
' is set on object 'Object Repository/FDR-System-Admin/SysAdmin-SignIn/adminEmail'

2020-09-15 14:28:11 - [TEST_STEP][PASSED] - waitForElementPresent(findTestObject("FDR-System-Admin/SysAdmin-SignIn/adminUserName"), 5): Object 'Object Repository/FDR-System-Admin/SysAdmin-SignIn/adminUserName' is present

2020-09-15 14:28:14 - [MESSAGE][PASSED] - Object 'Object Repository/FDR-System-Admin/SysAdmin-SignIn/adminUserName' is present

2020-09-15 14:28:14 - [TEST_STEP][PASSED] - setText(findTestObject("FDR-System-Admin/SysAdmin-SignIn/adminUserName"), UserName): Text 'fdr.test10@dhcs.ca.gov' is set on object 'Object Repository/FDR-System-Admin/SysAdmin-SignIn/adminUserName'

2020-09-15 14:28:14 - [MESSAGE][PASSED] - Text 'fdr.test10@dhcs.ca.gov' is set on object 'Object Repository/FDR-System-Admin/SysAdmin-SignIn/adminUserName'

2020-09-15 14:28:14 - [TEST_STEP][PASSED] - setText(findTestObject("FDR-System-Admin/SysAdmin-SignIn/adminPass"), Password): Text 'Password18' is set on object 'Object Repository/FDR-System-Admin/SysAdmin-SignIn/adminPass'

2020-09-15 14:28:15 - [MESSAGE][PASSED] - Text 'Password18' is set on object 'Object Repository/FDR-System-Admin/SysAdmin-SignIn/adminPass'

2020-09-15 14:28:15 - [TEST_STEP][PASSED] - click(findTestObject("FDR-System-Admin/SysAdmin-SignIn/adminSignIn")): Object: 'Object Repository/FDR-System-Admin/SysAdmin-SignIn/adminSignIn' is clicked on

2020-09-15 14:28:17 - [MESSAGE][PASSED] - Object: 'Object Repository/FDR-System-Admin/SysAdmin-SignIn/adminSignIn' is clicked on

2020-09-15 14:28:17 - [TEST_STEP][PASSED] - waitForElementPresent(findTestObject("Object Repository/FDR-System-Admin/SysAdmin-Dashboard/maintainReferenceDataBtn"), 3): Object 'Object Repository/FDR-System-Admin/SysAdmin-Dashboard/maintainReferenceDataBtn' is present

2020-09-15 14:28:18 - [MESSAGE][PASSED] - Object 'Object Repository/FDR-System-Admin/SysAdmin-Dashboard/maintainReferenceDataBtn' is present

2020-09-15 14:28:18 - [TEST_STEP][PASSED] - verifyElementPresent(findTestObject("Object Repository/FDR-System-Admin/SysAdmin-Dashboard/maintainReferenceDataBtn"), Timeout): Object 'Object Repository/FDR-System-Admin/SysAdmin-Dashboard/maintainReferenceDataBtn' is present

2020-09-15 14:28:19 - [MESSAGE][PASSED] - Object 'Object Repository/FDR-System-Admin/SysAdmin-Dashboard/maintainReferenceDataBtn' is present

2020-09-15 14:28:19 - [TEST_STEP][PASSED] - refresh(): Refresh successfully

2020-09-15 14:28:19 - [MESSAGE][PASSED] - Refresh successfully

2020-09-15 14:28:19 - [MESSAGE][PASSED] - Call Test Case 'Test Cases/WEB-UI-TESTS/SysAdmin/SystemAdmin-Login' successfully

2020-09-15 14:28:19 - [TEST_STEP][PASSED] - Start listener action : sampleBeforeTestCase: null

2020-09-15 14:28:19 - [TEST_STEP][PASSED] - profileName = getExecutionProfile(): null

2020-09-15 14:28:19 - [TEST_STEP][PASSED] - testCaseId = testCaseContext.getTestCaseId(): null

2020-09-15 14:28:19 - [TEST_STEP][PASSED] - switch (profileName): null

2020-09-15 14:28:19 - [TEST_STEP][PASSED] - Default: null

2020-09-15 14:28:19 - [TEST_STEP][PASSED] - return null: null

2020-09-15 14:28:19 - [TEST_STEP][PASSED] - Start listener action : executeRows: null

2020-09-15 14:28:19 - [TEST_STEP][PASSED] - taskName = "Reference Data": null

2020-09-15 14:28:19 - [TEST_STEP][PASSED] - verifyElementText(findTestObject("Object Repository/FDR-System-Admin/SysAdmin-Dashboard/maintainReferenceDataTxt"), taskName): Actual text and expected text of test object 'Object Repository/FDR-System-Admin/SysAdmin-Dashboard/maintainReferenceDataTxt' are matched.

2020-09-15 14:28:20 - [MESSAGE][PASSED] - Actual text and expected text of test object 'Object Repository/FDR-System-Admin/SysAdmin-Dashboard/maintainReferenceDataTxt' are matched.

2020-09-15 14:28:20 - [TEST_STEP][PASSED] - click(findTestObject("Object Repository/FDR-System-Admin/SysAdmin-Dashboard/maintainReferenceDataBtn")): Object: 'Object Repository/FDR-System-Admin/SysAdmin-Dashboard/maintainReferenceDataBtn' is clicked on

2020-09-15 14:28:20 - [MESSAGE][PASSED] - Object: 'Object Repository/FDR-System-Admin/SysAdmin-Dashboard/maintainReferenceDataBtn' is clicked on

2020-09-15 14:28:20 - [TEST_STEP][PASSED] - click(findTestObject("Object Repository/FDR-System-Admin/FDR-ReferencePage/reference-data")): Object: 'Object Repository/FDR-System-Admin/FDR-ReferencePage/reference-data' is clicked on

2020-09-15 14:28:21 - [MESSAGE][PASSED] - Object: 'Object Repository/FDR-System-Admin/FDR-ReferencePage/reference-data' is clicked on

2020-09-15 14:28:21 - [TEST_STEP][PASSED] - setText(findTestObject("Object Repository/FDR-System-Admin/FDR-ReferencePage/referenceDataNameInput"), "program type"): Text 'program type' is set on object 'Object Repository/FDR-System-Admin/FDR-ReferencePage/referenceDataNameInput'

2020-09-15 14:28:21 - [MESSAGE][PASSED] - Text 'program type' is set on object 'Object Repository/FDR-System-Admin/FDR-ReferencePage/referenceDataNameInput'

2020-09-15 14:28:21 - [TEST_STEP][PASSED] - click(findTestObject("FDR-System-Admin/FDR-ReferencePage/programTypeReference/programTypeDetail/programType")): Object: 'Object Repository/FDR-System-Admin/FDR-ReferencePage/programTypeReference/programTypeDetail/programType' is clicked on

2020-09-15 14:28:22 - [MESSAGE][PASSED] - Object: 'Object Repository/FDR-System-Admin/FDR-ReferencePage/programTypeReference/programTypeDetail/programType' is clicked on

2020-09-15 14:28:22 - [TEST_STEP][PASSED] - if (verifyElementPresent(findTestObject("FDR-System-Admin/FDR-ReferencePage/firstRowOfRefData"), 2)): null

2020-09-15 14:28:22 - [MESSAGE][PASSED] - Object 'Object Repository/FDR-System-Admin/FDR-ReferencePage/firstRowOfRefData' is present

2020-09-15 14:28:22 - [TEST_STEP][PASSED] - click(findTestObject("FDR-System-Admin/FDR-ReferencePage/firstRowOfRefData")): Object: 'Object Repository/FDR-System-Admin/FDR-ReferencePage/firstRowOfRefData' is clicked on

2020-09-15 14:28:23 - [MESSAGE][PASSED] - Object: 'Object Repository/FDR-System-Admin/FDR-ReferencePage/firstRowOfRefData' is clicked on

2020-09-15 14:28:23 - [TEST_STEP][PASSED] - waitForElementPresent(findTestObject("FDR-System-Admin/FDR-ReferencePage/programTypeReference/programTypeDetail/programTypeHeader"), 3): Object 'Object Repository/FDR-System-Admin/FDR-ReferencePage/programTypeReference/programTypeDetail/programTypeHeader' is present

2020-09-15 14:28:23 - [MESSAGE][PASSED] - Object 'Object Repository/FDR-System-Admin/FDR-ReferencePage/programTypeReference/programTypeDetail/programTypeHeader' is present

2020-09-15 14:28:23 - [TEST_STEP][PASSED] - header = getText(findTestObject("FDR-System-Admin/FDR-ReferencePage/programTypeReference/programTypeDetail/programTypeHeader")): Text of object 'Object Repository/FDR-System-Admin/FDR-ReferencePage/programTypeReference/programTypeDetail/programTypeHeader' is: 'Medical Assistance'

2020-09-15 14:28:23 - [MESSAGE][PASSED] - Text of object 'Object Repository/FDR-System-Admin/FDR-ReferencePage/programTypeReference/programTypeDetail/programTypeHeader' is: 'Medical Assistance'

2020-09-15 14:28:23 - [TEST_STEP][PASSED] - breadCrumbLabel = getText(findTestObject("FDR-System-Admin/FDR-ReferencePage/programTypeReference/programTypeDetail/programTypeBreadCrumb")): Text of object 'Object Repository/FDR-System-Admin/FDR-ReferencePage/programTypeReference/programTypeDetail/programTypeBreadCrumb' is: 'Medical Assistance'

2020-09-15 14:28:24 - [MESSAGE][PASSED] - Text of object 'Object Repository/FDR-System-Admin/FDR-ReferencePage/programTypeReference/programTypeDetail/programTypeBreadCrumb' is: 'Medical Assistance'

2020-09-15 14:28:24 - [TEST_STEP][PASSED] - assert breadCrumbLabel.indexOf(header) >= 0: null

2020-09-15 14:28:24 - [TEST_STEP][PASSED] - Start listener action : sampleAfterTestCase: null

2020-09-15 14:28:24 - [TEST_STEP][PASSED] - profileName = getExecutionProfile(): null

2020-09-15 14:28:24 - [TEST_STEP][PASSED] - switch (profileName): null

2020-09-15 14:28:24 - [TEST_STEP][PASSED] - case "superUser":: null

2020-09-15 14:28:24 - [TEST_STEP][PASSED] - return null: null

2020-09-15 14:28:24 - [TEST_STEP][PASSED] - Start listener action : afterTestCase: Browser is closed

2020-09-15 14:28:24 - [TEST_STEP][PASSED] - profileName = getExecutionProfile(): null

2020-09-15 14:28:24 - [TEST_STEP][PASSED] - if (profileName.equalsIgnoreCase("SysAdmin")): Browser is closed

2020-09-15 14:28:24 - [TEST_STEP][PASSED] - closeBrowser(): Browser is closed

2020-09-15 14:28:24 - [MESSAGE][PASSED] - Browser is closed

2020-09-15 14:28:24 - [TEST_STEP][PASSED] - Start listener action : sampleAfterTestCase: null

2020-09-15 14:28:24 - [TEST_STEP][PASSED] - profileName = getExecutionProfile(): null

2020-09-15 14:28:24 - [TEST_STEP][PASSED] - switch (profileName): null

2020-09-15 14:28:24 - [TEST_STEP][PASSED] - Default: null

2020-09-15 14:28:24 - [TEST_STEP][PASSED] - return null: null

2020-09-15 14:28:24 - [TEST_STEP][PASSED] - Start listener action : addFailedTCToList: null]]></system-out>
         <system-err><![CDATA[]]></system-err>
      </testcase>
      <testcase name="Test Cases/WEB-UI-TESTS/SysAdmin/ReportsPage/FDR-Reports-Dashboard" time="21.388" classname="Test Cases/WEB-UI-TESTS/SysAdmin/ReportsPage/FDR-Reports-Dashboard" status="PASSED">
         <system-out><![CDATA[2020-09-15 14:28:24 - [TEST_CASE][PASSED] - Test Cases/WEB-UI-TESTS/SysAdmin/ReportsPage/FDR-Reports-Dashboard: Test Cases/WEB-UI-TESTS/SysAdmin/ReportsPage/FDR-Reports-Dashboard

2020-09-15 14:28:24 - [TEST_STEP][PASSED] - Start listener action : sampleBeforeTestCase: null

2020-09-15 14:28:24 - [TEST_STEP][PASSED] - profileName = getExecutionProfile(): null

2020-09-15 14:28:24 - [TEST_STEP][PASSED] - switch (profileName): null

2020-09-15 14:28:24 - [TEST_STEP][PASSED] - case "superUser":: null

2020-09-15 14:28:24 - [TEST_STEP][PASSED] - return null: null

2020-09-15 14:28:24 - [TEST_STEP][PASSED] - Start listener action : beforeTestCase: Call Test Case 'Test Cases/WEB-UI-TESTS/SysAdmin/SystemAdmin-Login' successfully

2020-09-15 14:28:24 - [TEST_STEP][PASSED] - profileName = getExecutionProfile(): null

2020-09-15 14:28:24 - [TEST_STEP][PASSED] - if (profileName.equalsIgnoreCase("SysAdmin")): Call Test Case 'Test Cases/WEB-UI-TESTS/SysAdmin/SystemAdmin-Login' successfully

2020-09-15 14:28:24 - [TEST_STEP][PASSED] - callTestCase(findTestCase("Test Cases/WEB-UI-TESTS/SysAdmin/SystemAdmin-Login"), null): Call Test Case 'Test Cases/WEB-UI-TESTS/SysAdmin/SystemAdmin-Login' successfully

2020-09-15 14:28:24 - [TEST_CASE][PASSED] - Test Cases/WEB-UI-TESTS/SysAdmin/SystemAdmin-Login: Test Cases/WEB-UI-TESTS/SysAdmin/SystemAdmin-Login

2020-09-15 14:28:24 - [TEST_STEP][PASSED] - openBrowser(URL): Browser is opened with url: 'https://fdr-katalon.cammis-mod-dev.dhcs.ca.gov'

2020-09-15 14:28:24 - [MESSAGE][INFO] - Starting 'Chrome' driver

2020-09-15 14:28:24 - [MESSAGE][INFO] - Action delay is set to 0 milliseconds

2020-09-15 14:28:29 - [MESSAGE][PASSED] - Browser is opened with url: 'https://fdr-katalon.cammis-mod-dev.dhcs.ca.gov'

2020-09-15 14:28:29 - [TEST_STEP][PASSED] - maximizeWindow(): Current window maximized

2020-09-15 14:28:31 - [MESSAGE][PASSED] - Current window maximized

2020-09-15 14:28:31 - [TEST_STEP][PASSED] - refresh(): Refresh successfully

2020-09-15 14:28:32 - [MESSAGE][PASSED] - Refresh successfully

2020-09-15 14:28:32 - [TEST_STEP][PASSED] - delay(2): Delayed 2 second(s)

2020-09-15 14:28:34 - [MESSAGE][PASSED] - Delayed 2 second(s)

2020-09-15 14:28:34 - [TEST_STEP][PASSED] - waitForElementPresent(findTestObject("FDR-System-Admin/SysAdmin-SignIn/adminEmail"), 5): Object 'Object Repository/FDR-System-Admin/SysAdmin-SignIn/adminEmail' is present

2020-09-15 14:28:34 - [MESSAGE][PASSED] - Object 'Object Repository/FDR-System-Admin/SysAdmin-SignIn/adminEmail' is present

2020-09-15 14:28:34 - [TEST_STEP][PASSED] - setText(findTestObject("FDR-System-Admin/SysAdmin-SignIn/adminEmail"), adminEmail): Text 'fdr.test10@dhcs.ca.gov
' is set on object 'Object Repository/FDR-System-Admin/SysAdmin-SignIn/adminEmail'

2020-09-15 14:28:34 - [MESSAGE][PASSED] - Text 'fdr.test10@dhcs.ca.gov
' is set on object 'Object Repository/FDR-System-Admin/SysAdmin-SignIn/adminEmail'

2020-09-15 14:28:34 - [TEST_STEP][PASSED] - waitForElementPresent(findTestObject("FDR-System-Admin/SysAdmin-SignIn/adminUserName"), 5): Object 'Object Repository/FDR-System-Admin/SysAdmin-SignIn/adminUserName' is present

2020-09-15 14:28:38 - [MESSAGE][PASSED] - Object 'Object Repository/FDR-System-Admin/SysAdmin-SignIn/adminUserName' is present

2020-09-15 14:28:38 - [TEST_STEP][PASSED] - setText(findTestObject("FDR-System-Admin/SysAdmin-SignIn/adminUserName"), UserName): Text 'fdr.test10@dhcs.ca.gov' is set on object 'Object Repository/FDR-System-Admin/SysAdmin-SignIn/adminUserName'

2020-09-15 14:28:38 - [MESSAGE][PASSED] - Text 'fdr.test10@dhcs.ca.gov' is set on object 'Object Repository/FDR-System-Admin/SysAdmin-SignIn/adminUserName'

2020-09-15 14:28:38 - [TEST_STEP][PASSED] - setText(findTestObject("FDR-System-Admin/SysAdmin-SignIn/adminPass"), Password): Text 'Password18' is set on object 'Object Repository/FDR-System-Admin/SysAdmin-SignIn/adminPass'

2020-09-15 14:28:39 - [MESSAGE][PASSED] - Text 'Password18' is set on object 'Object Repository/FDR-System-Admin/SysAdmin-SignIn/adminPass'

2020-09-15 14:28:39 - [TEST_STEP][PASSED] - click(findTestObject("FDR-System-Admin/SysAdmin-SignIn/adminSignIn")): Object: 'Object Repository/FDR-System-Admin/SysAdmin-SignIn/adminSignIn' is clicked on

2020-09-15 14:28:40 - [MESSAGE][PASSED] - Object: 'Object Repository/FDR-System-Admin/SysAdmin-SignIn/adminSignIn' is clicked on

2020-09-15 14:28:40 - [TEST_STEP][PASSED] - waitForElementPresent(findTestObject("Object Repository/FDR-System-Admin/SysAdmin-Dashboard/maintainReferenceDataBtn"), 3): Object 'Object Repository/FDR-System-Admin/SysAdmin-Dashboard/maintainReferenceDataBtn' is present

2020-09-15 14:28:42 - [MESSAGE][PASSED] - Object 'Object Repository/FDR-System-Admin/SysAdmin-Dashboard/maintainReferenceDataBtn' is present

2020-09-15 14:28:42 - [TEST_STEP][PASSED] - verifyElementPresent(findTestObject("Object Repository/FDR-System-Admin/SysAdmin-Dashboard/maintainReferenceDataBtn"), Timeout): Object 'Object Repository/FDR-System-Admin/SysAdmin-Dashboard/maintainReferenceDataBtn' is present

2020-09-15 14:28:43 - [MESSAGE][PASSED] - Object 'Object Repository/FDR-System-Admin/SysAdmin-Dashboard/maintainReferenceDataBtn' is present

2020-09-15 14:28:43 - [TEST_STEP][PASSED] - refresh(): Refresh successfully

2020-09-15 14:28:43 - [MESSAGE][PASSED] - Refresh successfully

2020-09-15 14:28:43 - [MESSAGE][PASSED] - Call Test Case 'Test Cases/WEB-UI-TESTS/SysAdmin/SystemAdmin-Login' successfully

2020-09-15 14:28:43 - [TEST_STEP][PASSED] - Start listener action : sampleBeforeTestCase: null

2020-09-15 14:28:43 - [TEST_STEP][PASSED] - profileName = getExecutionProfile(): null

2020-09-15 14:28:43 - [TEST_STEP][PASSED] - testCaseId = testCaseContext.getTestCaseId(): null

2020-09-15 14:28:43 - [TEST_STEP][PASSED] - switch (profileName): null

2020-09-15 14:28:43 - [TEST_STEP][PASSED] - Default: null

2020-09-15 14:28:43 - [TEST_STEP][PASSED] - return null: null

2020-09-15 14:28:43 - [TEST_STEP][PASSED] - Start listener action : executeRows: null

2020-09-15 14:28:43 - [TEST_STEP][PASSED] - taskName = "Reports": null

2020-09-15 14:28:43 - [TEST_STEP][PASSED] - verifyElementText(findTestObject("Object Repository/FDR-System-Admin/FDR-Reports/FDR-Report-Dashboard/reportBtnText"), taskName): Actual text and expected text of test object 'Object Repository/FDR-System-Admin/FDR-Reports/FDR-Report-Dashboard/reportBtnText' are matched.

2020-09-15 14:28:43 - [MESSAGE][PASSED] - Actual text and expected text of test object 'Object Repository/FDR-System-Admin/FDR-Reports/FDR-Report-Dashboard/reportBtnText' are matched.

2020-09-15 14:28:43 - [TEST_STEP][PASSED] - waitForElementPresent(findTestObject("Object Repository/FDR-System-Admin/FDR-Reports/FDR-Report-Dashboard/reportBtn"), 3): Object 'Object Repository/FDR-System-Admin/FDR-Reports/FDR-Report-Dashboard/reportBtn' is present

2020-09-15 14:28:44 - [MESSAGE][PASSED] - Object 'Object Repository/FDR-System-Admin/FDR-Reports/FDR-Report-Dashboard/reportBtn' is present

2020-09-15 14:28:44 - [TEST_STEP][PASSED] - click(findTestObject("Object Repository/FDR-System-Admin/FDR-Reports/FDR-Report-Dashboard/reportBtn")): Object: 'Object Repository/FDR-System-Admin/FDR-Reports/FDR-Report-Dashboard/reportBtn' is clicked on

2020-09-15 14:28:44 - [MESSAGE][PASSED] - Object: 'Object Repository/FDR-System-Admin/FDR-Reports/FDR-Report-Dashboard/reportBtn' is clicked on

2020-09-15 14:28:44 - [TEST_STEP][PASSED] - waitForElementPresent(findTestObject("Object Repository/FDR-System-Admin/FDR-Reports/FDR-Report-Dashboard/mbesReportBtn"), 3): Object 'Object Repository/FDR-System-Admin/FDR-Reports/FDR-Report-Dashboard/mbesReportBtn' is present

2020-09-15 14:28:45 - [MESSAGE][PASSED] - Object 'Object Repository/FDR-System-Admin/FDR-Reports/FDR-Report-Dashboard/mbesReportBtn' is present

2020-09-15 14:28:45 - [TEST_STEP][PASSED] - mbesReportTaskName = "MBES Reports": null

2020-09-15 14:28:45 - [TEST_STEP][PASSED] - customReportTaskName = "Custom Reports": null

2020-09-15 14:28:45 - [TEST_STEP][PASSED] - verifyElementText(findTestObject("Object Repository/FDR-System-Admin/FDR-Reports/FDR-Report-Dashboard/mbesReportText"), mbesReportTaskName): Actual text and expected text of test object 'Object Repository/FDR-System-Admin/FDR-Reports/FDR-Report-Dashboard/mbesReportText' are matched.

2020-09-15 14:28:45 - [MESSAGE][PASSED] - Actual text and expected text of test object 'Object Repository/FDR-System-Admin/FDR-Reports/FDR-Report-Dashboard/mbesReportText' are matched.

2020-09-15 14:28:45 - [TEST_STEP][PASSED] - verifyElementText(findTestObject("Object Repository/FDR-System-Admin/FDR-Reports/FDR-Report-Dashboard/customReportsText"), customReportTaskName): Actual text and expected text of test object 'Object Repository/FDR-System-Admin/FDR-Reports/FDR-Report-Dashboard/customReportsText' are matched.

2020-09-15 14:28:45 - [MESSAGE][PASSED] - Actual text and expected text of test object 'Object Repository/FDR-System-Admin/FDR-Reports/FDR-Report-Dashboard/customReportsText' are matched.

2020-09-15 14:28:45 - [TEST_STEP][PASSED] - Start listener action : sampleAfterTestCase: null

2020-09-15 14:28:45 - [TEST_STEP][PASSED] - profileName = getExecutionProfile(): null

2020-09-15 14:28:45 - [TEST_STEP][PASSED] - switch (profileName): null

2020-09-15 14:28:45 - [TEST_STEP][PASSED] - case "superUser":: null

2020-09-15 14:28:45 - [TEST_STEP][PASSED] - return null: null

2020-09-15 14:28:45 - [TEST_STEP][PASSED] - Start listener action : afterTestCase: Browser is closed

2020-09-15 14:28:45 - [TEST_STEP][PASSED] - profileName = getExecutionProfile(): null

2020-09-15 14:28:45 - [TEST_STEP][PASSED] - if (profileName.equalsIgnoreCase("SysAdmin")): Browser is closed

2020-09-15 14:28:45 - [TEST_STEP][PASSED] - closeBrowser(): Browser is closed

2020-09-15 14:28:46 - [MESSAGE][PASSED] - Browser is closed

2020-09-15 14:28:46 - [TEST_STEP][PASSED] - Start listener action : sampleAfterTestCase: null

2020-09-15 14:28:46 - [TEST_STEP][PASSED] - profileName = getExecutionProfile(): null

2020-09-15 14:28:46 - [TEST_STEP][PASSED] - switch (profileName): null

2020-09-15 14:28:46 - [TEST_STEP][PASSED] - Default: null

2020-09-15 14:28:46 - [TEST_STEP][PASSED] - return null: null

2020-09-15 14:28:46 - [TEST_STEP][PASSED] - Start listener action : addFailedTCToList: null]]></system-out>
         <system-err><![CDATA[]]></system-err>
      </testcase>
      <testcase name="Test Cases/WEB-UI-TESTS/SysAdmin/ReferencePage/ReferenceDetail/FDR-Add-SupplierDetailReview" time="53.639" classname="Test Cases/WEB-UI-TESTS/SysAdmin/ReferencePage/ReferenceDetail/FDR-Add-SupplierDetailReview" status="PASSED">
         <system-out><![CDATA[2020-09-15 14:28:46 - [TEST_CASE][PASSED] - Test Cases/WEB-UI-TESTS/SysAdmin/ReferencePage/ReferenceDetail/FDR-Add-SupplierDetailReview: Test Cases/WEB-UI-TESTS/SysAdmin/ReferencePage/ReferenceDetail/FDR-Add-SupplierDetailReview

2020-09-15 14:28:46 - [TEST_STEP][PASSED] - Start listener action : sampleBeforeTestCase: null

2020-09-15 14:28:46 - [TEST_STEP][PASSED] - profileName = getExecutionProfile(): null

2020-09-15 14:28:46 - [TEST_STEP][PASSED] - switch (profileName): null

2020-09-15 14:28:46 - [TEST_STEP][PASSED] - case "superUser":: null

2020-09-15 14:28:46 - [TEST_STEP][PASSED] - return null: null

2020-09-15 14:28:46 - [TEST_STEP][PASSED] - Start listener action : beforeTestCase: Call Test Case 'Test Cases/WEB-UI-TESTS/SysAdmin/SystemAdmin-Login' successfully

2020-09-15 14:28:46 - [TEST_STEP][PASSED] - profileName = getExecutionProfile(): null

2020-09-15 14:28:46 - [TEST_STEP][PASSED] - if (profileName.equalsIgnoreCase("SysAdmin")): Call Test Case 'Test Cases/WEB-UI-TESTS/SysAdmin/SystemAdmin-Login' successfully

2020-09-15 14:28:46 - [TEST_STEP][PASSED] - callTestCase(findTestCase("Test Cases/WEB-UI-TESTS/SysAdmin/SystemAdmin-Login"), null): Call Test Case 'Test Cases/WEB-UI-TESTS/SysAdmin/SystemAdmin-Login' successfully

2020-09-15 14:28:46 - [TEST_CASE][PASSED] - Test Cases/WEB-UI-TESTS/SysAdmin/SystemAdmin-Login: Test Cases/WEB-UI-TESTS/SysAdmin/SystemAdmin-Login

2020-09-15 14:28:46 - [TEST_STEP][PASSED] - openBrowser(URL): Browser is opened with url: 'https://fdr-katalon.cammis-mod-dev.dhcs.ca.gov'

2020-09-15 14:28:46 - [MESSAGE][INFO] - Starting 'Chrome' driver

2020-09-15 14:28:46 - [MESSAGE][INFO] - Action delay is set to 0 milliseconds

2020-09-15 14:28:51 - [MESSAGE][PASSED] - Browser is opened with url: 'https://fdr-katalon.cammis-mod-dev.dhcs.ca.gov'

2020-09-15 14:28:51 - [TEST_STEP][PASSED] - maximizeWindow(): Current window maximized

2020-09-15 14:28:53 - [MESSAGE][PASSED] - Current window maximized

2020-09-15 14:28:53 - [TEST_STEP][PASSED] - refresh(): Refresh successfully

2020-09-15 14:28:53 - [MESSAGE][PASSED] - Refresh successfully

2020-09-15 14:28:53 - [TEST_STEP][PASSED] - delay(2): Delayed 2 second(s)

2020-09-15 14:28:55 - [MESSAGE][PASSED] - Delayed 2 second(s)

2020-09-15 14:28:55 - [TEST_STEP][PASSED] - waitForElementPresent(findTestObject("FDR-System-Admin/SysAdmin-SignIn/adminEmail"), 5): Object 'Object Repository/FDR-System-Admin/SysAdmin-SignIn/adminEmail' is present

2020-09-15 14:28:56 - [MESSAGE][PASSED] - Object 'Object Repository/FDR-System-Admin/SysAdmin-SignIn/adminEmail' is present

2020-09-15 14:28:56 - [TEST_STEP][PASSED] - setText(findTestObject("FDR-System-Admin/SysAdmin-SignIn/adminEmail"), adminEmail): Text 'fdr.test10@dhcs.ca.gov
' is set on object 'Object Repository/FDR-System-Admin/SysAdmin-SignIn/adminEmail'

2020-09-15 14:28:56 - [MESSAGE][PASSED] - Text 'fdr.test10@dhcs.ca.gov
' is set on object 'Object Repository/FDR-System-Admin/SysAdmin-SignIn/adminEmail'

2020-09-15 14:28:56 - [TEST_STEP][PASSED] - waitForElementPresent(findTestObject("FDR-System-Admin/SysAdmin-SignIn/adminUserName"), 5): Object 'Object Repository/FDR-System-Admin/SysAdmin-SignIn/adminUserName' is present

2020-09-15 14:28:59 - [MESSAGE][PASSED] - Object 'Object Repository/FDR-System-Admin/SysAdmin-SignIn/adminUserName' is present

2020-09-15 14:28:59 - [TEST_STEP][PASSED] - setText(findTestObject("FDR-System-Admin/SysAdmin-SignIn/adminUserName"), UserName): Text 'fdr.test10@dhcs.ca.gov' is set on object 'Object Repository/FDR-System-Admin/SysAdmin-SignIn/adminUserName'

2020-09-15 14:29:00 - [MESSAGE][PASSED] - Text 'fdr.test10@dhcs.ca.gov' is set on object 'Object Repository/FDR-System-Admin/SysAdmin-SignIn/adminUserName'

2020-09-15 14:29:00 - [TEST_STEP][PASSED] - setText(findTestObject("FDR-System-Admin/SysAdmin-SignIn/adminPass"), Password): Text 'Password18' is set on object 'Object Repository/FDR-System-Admin/SysAdmin-SignIn/adminPass'

2020-09-15 14:29:01 - [MESSAGE][PASSED] - Text 'Password18' is set on object 'Object Repository/FDR-System-Admin/SysAdmin-SignIn/adminPass'

2020-09-15 14:29:01 - [TEST_STEP][PASSED] - click(findTestObject("FDR-System-Admin/SysAdmin-SignIn/adminSignIn")): Object: 'Object Repository/FDR-System-Admin/SysAdmin-SignIn/adminSignIn' is clicked on

2020-09-15 14:29:03 - [MESSAGE][PASSED] - Object: 'Object Repository/FDR-System-Admin/SysAdmin-SignIn/adminSignIn' is clicked on

2020-09-15 14:29:03 - [TEST_STEP][PASSED] - waitForElementPresent(findTestObject("Object Repository/FDR-System-Admin/SysAdmin-Dashboard/maintainReferenceDataBtn"), 3): Object 'Object Repository/FDR-System-Admin/SysAdmin-Dashboard/maintainReferenceDataBtn' is present

2020-09-15 14:29:05 - [MESSAGE][PASSED] - Object 'Object Repository/FDR-System-Admin/SysAdmin-Dashboard/maintainReferenceDataBtn' is present

2020-09-15 14:29:05 - [TEST_STEP][PASSED] - verifyElementPresent(findTestObject("Object Repository/FDR-System-Admin/SysAdmin-Dashboard/maintainReferenceDataBtn"), Timeout): Object 'Object Repository/FDR-System-Admin/SysAdmin-Dashboard/maintainReferenceDataBtn' is present

2020-09-15 14:29:05 - [MESSAGE][PASSED] - Object 'Object Repository/FDR-System-Admin/SysAdmin-Dashboard/maintainReferenceDataBtn' is present

2020-09-15 14:29:05 - [TEST_STEP][PASSED] - refresh(): Refresh successfully

2020-09-15 14:29:06 - [MESSAGE][PASSED] - Refresh successfully

2020-09-15 14:29:06 - [MESSAGE][PASSED] - Call Test Case 'Test Cases/WEB-UI-TESTS/SysAdmin/SystemAdmin-Login' successfully

2020-09-15 14:29:06 - [TEST_STEP][PASSED] - Start listener action : sampleBeforeTestCase: null

2020-09-15 14:29:06 - [TEST_STEP][PASSED] - profileName = getExecutionProfile(): null

2020-09-15 14:29:06 - [TEST_STEP][PASSED] - testCaseId = testCaseContext.getTestCaseId(): null

2020-09-15 14:29:06 - [TEST_STEP][PASSED] - switch (profileName): null

2020-09-15 14:29:06 - [TEST_STEP][PASSED] - Default: null

2020-09-15 14:29:06 - [TEST_STEP][PASSED] - return null: null

2020-09-15 14:29:06 - [TEST_STEP][PASSED] - Start listener action : executeRows: null

2020-09-15 14:29:06 - [TEST_STEP][PASSED] - click(findTestObject("Object Repository/FDR-System-Admin/SysAdmin-Dashboard/maintainReferenceDataBtn")): Object: 'Object Repository/FDR-System-Admin/SysAdmin-Dashboard/maintainReferenceDataBtn' is clicked on

2020-09-15 14:29:06 - [MESSAGE][PASSED] - Object: 'Object Repository/FDR-System-Admin/SysAdmin-Dashboard/maintainReferenceDataBtn' is clicked on

2020-09-15 14:29:06 - [TEST_STEP][PASSED] - click(findTestObject("FDR-System-Admin/FDR-ReferencePage/reference-data")): Object: 'Object Repository/FDR-System-Admin/FDR-ReferencePage/reference-data' is clicked on

2020-09-15 14:29:07 - [MESSAGE][PASSED] - Object: 'Object Repository/FDR-System-Admin/FDR-ReferencePage/reference-data' is clicked on

2020-09-15 14:29:07 - [TEST_STEP][PASSED] - setText(findTestObject("FDR-System-Admin/FDR-ReferencePage/referenceDataNameInput"), "supplier"): Text 'supplier' is set on object 'Object Repository/FDR-System-Admin/FDR-ReferencePage/referenceDataNameInput'

2020-09-15 14:29:08 - [MESSAGE][PASSED] - Text 'supplier' is set on object 'Object Repository/FDR-System-Admin/FDR-ReferencePage/referenceDataNameInput'

2020-09-15 14:29:08 - [TEST_STEP][PASSED] - click(findTestObject("FDR-System-Admin/FDR-ReferencePage/supplierReference/supplierDetail/supplier")): Object: 'Object Repository/FDR-System-Admin/FDR-ReferencePage/supplierReference/supplierDetail/supplier' is clicked on

2020-09-15 14:29:08 - [MESSAGE][PASSED] - Object: 'Object Repository/FDR-System-Admin/FDR-ReferencePage/supplierReference/supplierDetail/supplier' is clicked on

2020-09-15 14:29:08 - [TEST_STEP][PASSED] - waitForElementPresent(findTestObject("FDR-System-Admin/FDR-Add-Suppliers/addSupplierBtn"), 3): Object 'Object Repository/FDR-System-Admin/FDR-Add-Suppliers/addSupplierBtn' is present

2020-09-15 14:29:09 - [MESSAGE][PASSED] - Object 'Object Repository/FDR-System-Admin/FDR-Add-Suppliers/addSupplierBtn' is present

2020-09-15 14:29:09 - [TEST_STEP][PASSED] - click(findTestObject("FDR-System-Admin/FDR-Add-Suppliers/addSupplierBtn")): Object: 'Object Repository/FDR-System-Admin/FDR-Add-Suppliers/addSupplierBtn' is clicked on

2020-09-15 14:29:09 - [MESSAGE][PASSED] - Object: 'Object Repository/FDR-System-Admin/FDR-Add-Suppliers/addSupplierBtn' is clicked on

2020-09-15 14:29:09 - [TEST_STEP][PASSED] - supplierCode = RandomStringUtils.randomNumeric(10): null

2020-09-15 14:29:09 - [TEST_STEP][PASSED] - supplierName = RandomStringUtils.randomAlphabetic(10): null

2020-09-15 14:29:09 - [TEST_STEP][PASSED] - waitForElementPresent(findTestObject("FDR-System-Admin/FDR-Add-Suppliers/supplierCode"), 3): Object 'Object Repository/FDR-System-Admin/FDR-Add-Suppliers/supplierCode' is present

2020-09-15 14:29:10 - [MESSAGE][PASSED] - Object 'Object Repository/FDR-System-Admin/FDR-Add-Suppliers/supplierCode' is present

2020-09-15 14:29:10 - [TEST_STEP][PASSED] - setText(findTestObject("FDR-System-Admin/FDR-Add-Suppliers/supplierCode"), supplierCode): Text '4582080540' is set on object 'Object Repository/FDR-System-Admin/FDR-Add-Suppliers/supplierCode'

2020-09-15 14:29:10 - [MESSAGE][PASSED] - Text '4582080540' is set on object 'Object Repository/FDR-System-Admin/FDR-Add-Suppliers/supplierCode'

2020-09-15 14:29:10 - [TEST_STEP][PASSED] - waitForElementPresent(findTestObject("FDR-System-Admin/FDR-Add-Suppliers/supplierName"), 3): Object 'Object Repository/FDR-System-Admin/FDR-Add-Suppliers/supplierName' is present

2020-09-15 14:29:11 - [MESSAGE][PASSED] - Object 'Object Repository/FDR-System-Admin/FDR-Add-Suppliers/supplierName' is present

2020-09-15 14:29:11 - [TEST_STEP][PASSED] - setText(findTestObject("FDR-System-Admin/FDR-Add-Suppliers/supplierName"), supplierName): Text 'ZriDGCtdzb' is set on object 'Object Repository/FDR-System-Admin/FDR-Add-Suppliers/supplierName'

2020-09-15 14:29:11 - [MESSAGE][PASSED] - Text 'ZriDGCtdzb' is set on object 'Object Repository/FDR-System-Admin/FDR-Add-Suppliers/supplierName'

2020-09-15 14:29:11 - [TEST_STEP][PASSED] - waitForElementPresent(findTestObject("FDR-System-Admin/FDR-Add-Suppliers/addSupplierConfirmBtn"), 3): Object 'Object Repository/FDR-System-Admin/FDR-Add-Suppliers/addSupplierConfirmBtn' is present

2020-09-15 14:29:12 - [MESSAGE][PASSED] - Object 'Object Repository/FDR-System-Admin/FDR-Add-Suppliers/addSupplierConfirmBtn' is present

2020-09-15 14:29:12 - [TEST_STEP][PASSED] - click(findTestObject("FDR-System-Admin/FDR-Add-Suppliers/addSupplierConfirmBtn")): Object: 'Object Repository/FDR-System-Admin/FDR-Add-Suppliers/addSupplierConfirmBtn' is clicked on

2020-09-15 14:29:12 - [MESSAGE][PASSED] - Object: 'Object Repository/FDR-System-Admin/FDR-Add-Suppliers/addSupplierConfirmBtn' is clicked on

2020-09-15 14:29:12 - [TEST_STEP][PASSED] - waitForElementPresent(findTestObject("FDR-System-Admin/FDR-ReferencePage/supplierReference/supplierDetail/supplierHeader"), 3): Object 'Object Repository/FDR-System-Admin/FDR-ReferencePage/supplierReference/supplierDetail/supplierHeader' is present

2020-09-15 14:29:13 - [MESSAGE][PASSED] - Object 'Object Repository/FDR-System-Admin/FDR-ReferencePage/supplierReference/supplierDetail/supplierHeader' is present

2020-09-15 14:29:13 - [TEST_STEP][PASSED] - waitForElementPresent(findTestObject("FDR-System-Admin/FDR-Edit-Supplier/editSupplierElipsis"), 3): Object 'Object Repository/FDR-System-Admin/FDR-Edit-Supplier/editSupplierElipsis' is present

2020-09-15 14:29:13 - [MESSAGE][PASSED] - Object 'Object Repository/FDR-System-Admin/FDR-Edit-Supplier/editSupplierElipsis' is present

2020-09-15 14:29:13 - [TEST_STEP][PASSED] - click(findTestObject("FDR-System-Admin/FDR-Edit-Supplier/editSupplierElipsis")): Object: 'Object Repository/FDR-System-Admin/FDR-Edit-Supplier/editSupplierElipsis' is clicked on

2020-09-15 14:29:13 - [MESSAGE][PASSED] - Object: 'Object Repository/FDR-System-Admin/FDR-Edit-Supplier/editSupplierElipsis' is clicked on

2020-09-15 14:29:13 - [TEST_STEP][PASSED] - waitForElementPresent(findTestObject("FDR-System-Admin/FDR-Edit-Supplier/editSupplierBtn"), 3): Object 'Object Repository/FDR-System-Admin/FDR-Edit-Supplier/editSupplierBtn' is present

2020-09-15 14:29:14 - [MESSAGE][PASSED] - Object 'Object Repository/FDR-System-Admin/FDR-Edit-Supplier/editSupplierBtn' is present

2020-09-15 14:29:14 - [TEST_STEP][PASSED] - click(findTestObject("FDR-System-Admin/FDR-Edit-Supplier/editSupplierBtn")): Object: 'Object Repository/FDR-System-Admin/FDR-Edit-Supplier/editSupplierBtn' is clicked on

2020-09-15 14:29:15 - [MESSAGE][PASSED] - Object: 'Object Repository/FDR-System-Admin/FDR-Edit-Supplier/editSupplierBtn' is clicked on

2020-09-15 14:29:15 - [TEST_STEP][PASSED] - waitForElementPresent(findTestObject("FDR-System-Admin/FDR-Edit-Supplier/editSupplierHeaderLabel"), 3): Object 'Object Repository/FDR-System-Admin/FDR-Edit-Supplier/editSupplierHeaderLabel' is present

2020-09-15 14:29:15 - [MESSAGE][PASSED] - Object 'Object Repository/FDR-System-Admin/FDR-Edit-Supplier/editSupplierHeaderLabel' is present

2020-09-15 14:29:15 - [TEST_STEP][PASSED] - editSupplierCode = RandomStringUtils.randomNumeric(10): null

2020-09-15 14:29:15 - [TEST_STEP][PASSED] - waitForElementPresent(findTestObject("FDR-System-Admin/FDR-Add-Suppliers/supplierCode"), 3): Object 'Object Repository/FDR-System-Admin/FDR-Add-Suppliers/supplierCode' is present

2020-09-15 14:29:15 - [MESSAGE][PASSED] - Object 'Object Repository/FDR-System-Admin/FDR-Add-Suppliers/supplierCode' is present

2020-09-15 14:29:15 - [TEST_STEP][PASSED] - doubleClick(findTestObject("FDR-System-Admin/FDR-Add-Suppliers/supplierCode")): Object: 'Object Repository/FDR-System-Admin/FDR-Add-Suppliers/supplierCode' is double clicked on

2020-09-15 14:29:16 - [MESSAGE][PASSED] - Object: 'Object Repository/FDR-System-Admin/FDR-Add-Suppliers/supplierCode' is double clicked on

2020-09-15 14:29:16 - [TEST_STEP][PASSED] - sendKeys(findTestObject("FDR-System-Admin/FDR-Add-Suppliers/supplierCode"), Keys.chord(BACK_SPACE)): Keys 'BACK_SPACE + ' sent to object: 'Object Repository/FDR-System-Admin/FDR-Add-Suppliers/supplierCode'

2020-09-15 14:29:16 - [MESSAGE][PASSED] - Keys 'BACK_SPACE + ' sent to object: 'Object Repository/FDR-System-Admin/FDR-Add-Suppliers/supplierCode'

2020-09-15 14:29:16 - [TEST_STEP][PASSED] - setText(findTestObject("FDR-System-Admin/FDR-Add-Suppliers/supplierCode"), editSupplierCode): Text '1422815906' is set on object 'Object Repository/FDR-System-Admin/FDR-Add-Suppliers/supplierCode'

2020-09-15 14:29:17 - [MESSAGE][PASSED] - Text '1422815906' is set on object 'Object Repository/FDR-System-Admin/FDR-Add-Suppliers/supplierCode'

2020-09-15 14:29:17 - [TEST_STEP][PASSED] - waitForElementPresent(findTestObject("FDR-System-Admin/FDR-Edit-Supplier/saveSupplierBtn"), 3): Object 'Object Repository/FDR-System-Admin/FDR-Edit-Supplier/saveSupplierBtn' is present

2020-09-15 14:29:17 - [MESSAGE][PASSED] - Object 'Object Repository/FDR-System-Admin/FDR-Edit-Supplier/saveSupplierBtn' is present

2020-09-15 14:29:17 - [TEST_STEP][PASSED] - click(findTestObject("FDR-System-Admin/FDR-Edit-Supplier/saveSupplierBtn")): Object: 'Object Repository/FDR-System-Admin/FDR-Edit-Supplier/saveSupplierBtn' is clicked on

2020-09-15 14:29:18 - [MESSAGE][PASSED] - Object: 'Object Repository/FDR-System-Admin/FDR-Edit-Supplier/saveSupplierBtn' is clicked on

2020-09-15 14:29:18 - [TEST_STEP][PASSED] - waitForElementPresent(findTestObject("FDR-System-Admin/FDR-ReferencePage/supplierReference/supplierDetail/supplierHeader"), 3): Object 'Object Repository/FDR-System-Admin/FDR-ReferencePage/supplierReference/supplierDetail/supplierHeader' is present

2020-09-15 14:29:18 - [MESSAGE][PASSED] - Object 'Object Repository/FDR-System-Admin/FDR-ReferencePage/supplierReference/supplierDetail/supplierHeader' is present

2020-09-15 14:29:18 - [TEST_STEP][PASSED] - waitForElementPresent(findTestObject("Object Repository/FDR-System-Admin/FDR-Add-Suppliers/FDR-AddAddress/addAddressBtn"), 3): Object 'Object Repository/FDR-System-Admin/FDR-Add-Suppliers/FDR-AddAddress/addAddressBtn' is present

2020-09-15 14:29:18 - [MESSAGE][PASSED] - Object 'Object Repository/FDR-System-Admin/FDR-Add-Suppliers/FDR-AddAddress/addAddressBtn' is present

2020-09-15 14:29:18 - [TEST_STEP][PASSED] - click(findTestObject("Object Repository/FDR-System-Admin/FDR-Add-Suppliers/FDR-AddAddress/addAddressBtn")): Object: 'Object Repository/FDR-System-Admin/FDR-Add-Suppliers/FDR-AddAddress/addAddressBtn' is clicked on

2020-09-15 14:29:19 - [MESSAGE][PASSED] - Object: 'Object Repository/FDR-System-Admin/FDR-Add-Suppliers/FDR-AddAddress/addAddressBtn' is clicked on

2020-09-15 14:29:19 - [TEST_STEP][PASSED] - waitForElementPresent(findTestObject("Object Repository/FDR-System-Admin/FDR-Add-Suppliers/FDR-AddAddress/sequenceNum"), 3): Object 'Object Repository/FDR-System-Admin/FDR-Add-Suppliers/FDR-AddAddress/sequenceNum' is present

2020-09-15 14:29:19 - [MESSAGE][PASSED] - Object 'Object Repository/FDR-System-Admin/FDR-Add-Suppliers/FDR-AddAddress/sequenceNum' is present

2020-09-15 14:29:19 - [TEST_STEP][PASSED] - setText(findTestObject("Object Repository/FDR-System-Admin/FDR-Add-Suppliers/FDR-AddAddress/sequenceNum"), SequenceNum): Text '00' is set on object 'Object Repository/FDR-System-Admin/FDR-Add-Suppliers/FDR-AddAddress/sequenceNum'

2020-09-15 14:29:20 - [MESSAGE][PASSED] - Text '00' is set on object 'Object Repository/FDR-System-Admin/FDR-Add-Suppliers/FDR-AddAddress/sequenceNum'

2020-09-15 14:29:20 - [TEST_STEP][PASSED] - waitForElementPresent(findTestObject("Object Repository/FDR-System-Admin/FDR-Add-Suppliers/FDR-AddAddress/addressLine"), 3): Object 'Object Repository/FDR-System-Admin/FDR-Add-Suppliers/FDR-AddAddress/addressLine' is present

2020-09-15 14:29:20 - [MESSAGE][PASSED] - Object 'Object Repository/FDR-System-Admin/FDR-Add-Suppliers/FDR-AddAddress/addressLine' is present

2020-09-15 14:29:20 - [TEST_STEP][PASSED] - setText(findTestObject("Object Repository/FDR-System-Admin/FDR-Add-Suppliers/FDR-AddAddress/addressLine"), AddressLine): Text '830 Stillwater Rd' is set on object 'Object Repository/FDR-System-Admin/FDR-Add-Suppliers/FDR-AddAddress/addressLine'

2020-09-15 14:29:21 - [MESSAGE][PASSED] - Text '830 Stillwater Rd' is set on object 'Object Repository/FDR-System-Admin/FDR-Add-Suppliers/FDR-AddAddress/addressLine'

2020-09-15 14:29:21 - [TEST_STEP][PASSED] - waitForElementPresent(findTestObject("Object Repository/FDR-System-Admin/FDR-Add-Suppliers/FDR-AddAddress/cityName"), 3): Object 'Object Repository/FDR-System-Admin/FDR-Add-Suppliers/FDR-AddAddress/cityName' is present

2020-09-15 14:29:22 - [MESSAGE][PASSED] - Object 'Object Repository/FDR-System-Admin/FDR-Add-Suppliers/FDR-AddAddress/cityName' is present

2020-09-15 14:29:22 - [TEST_STEP][PASSED] - setText(findTestObject("Object Repository/FDR-System-Admin/FDR-Add-Suppliers/FDR-AddAddress/cityName"), City): Text 'West Sacramento' is set on object 'Object Repository/FDR-System-Admin/FDR-Add-Suppliers/FDR-AddAddress/cityName'

2020-09-15 14:29:22 - [MESSAGE][PASSED] - Text 'West Sacramento' is set on object 'Object Repository/FDR-System-Admin/FDR-Add-Suppliers/FDR-AddAddress/cityName'

2020-09-15 14:29:22 - [TEST_STEP][PASSED] - waitForElementPresent(findTestObject("Object Repository/FDR-System-Admin/FDR-Add-Suppliers/FDR-AddAddress/stateName"), 3): Object 'Object Repository/FDR-System-Admin/FDR-Add-Suppliers/FDR-AddAddress/stateName' is present

2020-09-15 14:29:23 - [MESSAGE][PASSED] - Object 'Object Repository/FDR-System-Admin/FDR-Add-Suppliers/FDR-AddAddress/stateName' is present

2020-09-15 14:29:23 - [TEST_STEP][PASSED] - sendKeys(findTestObject("Object Repository/FDR-System-Admin/FDR-Add-Suppliers/FDR-AddAddress/stateName"), State + Keys.chord(ARROW_DOWN) + Keys.chord(ENTER)): Keys 'DOWN + ENTER + CA' sent to object: 'Object Repository/FDR-System-Admin/FDR-Add-Suppliers/FDR-AddAddress/stateName'

2020-09-15 14:29:23 - [MESSAGE][PASSED] - Keys 'DOWN + ENTER + CA' sent to object: 'Object Repository/FDR-System-Admin/FDR-Add-Suppliers/FDR-AddAddress/stateName'

2020-09-15 14:29:23 - [TEST_STEP][PASSED] - waitForElementPresent(findTestObject("Object Repository/FDR-System-Admin/FDR-Add-Suppliers/FDR-AddAddress/zipCode"), 3): Object 'Object Repository/FDR-System-Admin/FDR-Add-Suppliers/FDR-AddAddress/zipCode' is present

2020-09-15 14:29:24 - [MESSAGE][PASSED] - Object 'Object Repository/FDR-System-Admin/FDR-Add-Suppliers/FDR-AddAddress/zipCode' is present

2020-09-15 14:29:24 - [TEST_STEP][PASSED] - setText(findTestObject("Object Repository/FDR-System-Admin/FDR-Add-Suppliers/FDR-AddAddress/zipCode"), ZipCode): Text '95605-1243' is set on object 'Object Repository/FDR-System-Admin/FDR-Add-Suppliers/FDR-AddAddress/zipCode'

2020-09-15 14:29:24 - [MESSAGE][PASSED] - Text '95605-1243' is set on object 'Object Repository/FDR-System-Admin/FDR-Add-Suppliers/FDR-AddAddress/zipCode'

2020-09-15 14:29:24 - [TEST_STEP][PASSED] - waitForElementPresent(findTestObject("Object Repository/FDR-System-Admin/FDR-Add-Suppliers/FDR-AddAddress/addAddressConfirmBtn"), 3): Object 'Object Repository/FDR-System-Admin/FDR-Add-Suppliers/FDR-AddAddress/addAddressConfirmBtn' is present

2020-09-15 14:29:25 - [MESSAGE][PASSED] - Object 'Object Repository/FDR-System-Admin/FDR-Add-Suppliers/FDR-AddAddress/addAddressConfirmBtn' is present

2020-09-15 14:29:25 - [TEST_STEP][PASSED] - click(findTestObject("Object Repository/FDR-System-Admin/FDR-Add-Suppliers/FDR-AddAddress/addAddressConfirmBtn")): Object: 'Object Repository/FDR-System-Admin/FDR-Add-Suppliers/FDR-AddAddress/addAddressConfirmBtn' is clicked on

2020-09-15 14:29:25 - [MESSAGE][PASSED] - Object: 'Object Repository/FDR-System-Admin/FDR-Add-Suppliers/FDR-AddAddress/addAddressConfirmBtn' is clicked on

2020-09-15 14:29:25 - [TEST_STEP][PASSED] - waitForElementPresent(findTestObject("FDR-System-Admin/FDR-ReferencePage/supplierReference/supplierDetail/supplierHeader"), 3): Object 'Object Repository/FDR-System-Admin/FDR-ReferencePage/supplierReference/supplierDetail/supplierHeader' is present

2020-09-15 14:29:26 - [MESSAGE][PASSED] - Object 'Object Repository/FDR-System-Admin/FDR-ReferencePage/supplierReference/supplierDetail/supplierHeader' is present

2020-09-15 14:29:26 - [TEST_STEP][PASSED] - refresh(): Refresh successfully

2020-09-15 14:29:27 - [MESSAGE][PASSED] - Refresh successfully

2020-09-15 14:29:27 - [TEST_STEP][PASSED] - delay(3): Delayed 3 second(s)

2020-09-15 14:29:30 - [MESSAGE][PASSED] - Delayed 3 second(s)

2020-09-15 14:29:30 - [TEST_STEP][PASSED] - waitForElementPresent(findTestObject("Object Repository/FDR-System-Admin/FDR-Add-Suppliers/FDR-Address-DetailsPage/addressDetailsBtn"), 3): Object 'Object Repository/FDR-System-Admin/FDR-Add-Suppliers/FDR-Address-DetailsPage/addressDetailsBtn' is present

2020-09-15 14:29:30 - [MESSAGE][PASSED] - Object 'Object Repository/FDR-System-Admin/FDR-Add-Suppliers/FDR-Address-DetailsPage/addressDetailsBtn' is present

2020-09-15 14:29:30 - [TEST_STEP][PASSED] - click(findTestObject("Object Repository/FDR-System-Admin/FDR-Add-Suppliers/FDR-Address-DetailsPage/addressDetailsBtn")): Object: 'Object Repository/FDR-System-Admin/FDR-Add-Suppliers/FDR-Address-DetailsPage/addressDetailsBtn' is clicked on

2020-09-15 14:29:30 - [MESSAGE][PASSED] - Object: 'Object Repository/FDR-System-Admin/FDR-Add-Suppliers/FDR-Address-DetailsPage/addressDetailsBtn' is clicked on

2020-09-15 14:29:30 - [TEST_STEP][PASSED] - cityLabel = getText(findTestObject("Object Repository/FDR-System-Admin/FDR-Add-Suppliers/FDR-Address-DetailsPage/cityLabel")): Text of object 'Object Repository/FDR-System-Admin/FDR-Add-Suppliers/FDR-Address-DetailsPage/cityLabel' is: 'CITY'

2020-09-15 14:29:31 - [MESSAGE][PASSED] - Text of object 'Object Repository/FDR-System-Admin/FDR-Add-Suppliers/FDR-Address-DetailsPage/cityLabel' is: 'CITY'

2020-09-15 14:29:31 - [TEST_STEP][PASSED] - stateLabel = getText(findTestObject("Object Repository/FDR-System-Admin/FDR-Add-Suppliers/FDR-Address-DetailsPage/stateLabel")): Text of object 'Object Repository/FDR-System-Admin/FDR-Add-Suppliers/FDR-Address-DetailsPage/stateLabel' is: 'STATE'

2020-09-15 14:29:31 - [MESSAGE][PASSED] - Text of object 'Object Repository/FDR-System-Admin/FDR-Add-Suppliers/FDR-Address-DetailsPage/stateLabel' is: 'STATE'

2020-09-15 14:29:31 - [TEST_STEP][PASSED] - zipCodeLabel = getText(findTestObject("Object Repository/FDR-System-Admin/FDR-Add-Suppliers/FDR-Address-DetailsPage/zipcodeLabel")): Text of object 'Object Repository/FDR-System-Admin/FDR-Add-Suppliers/FDR-Address-DetailsPage/zipcodeLabel' is: 'ZIP CODE'

2020-09-15 14:29:31 - [MESSAGE][PASSED] - Text of object 'Object Repository/FDR-System-Admin/FDR-Add-Suppliers/FDR-Address-DetailsPage/zipcodeLabel' is: 'ZIP CODE'

2020-09-15 14:29:31 - [TEST_STEP][PASSED] - assert cityLabel == "CITY": null

2020-09-15 14:29:31 - [TEST_STEP][PASSED] - assert stateLabel == "STATE": null

2020-09-15 14:29:31 - [TEST_STEP][PASSED] - assert zipCodeLabel == "ZIP CODE": null

2020-09-15 14:29:31 - [TEST_STEP][PASSED] - waitForElementPresent(findTestObject("FDR-System-Admin/FDR-Edit-Supplier/editSupplierElipsis"), 3): Object 'Object Repository/FDR-System-Admin/FDR-Edit-Supplier/editSupplierElipsis' is present

2020-09-15 14:29:32 - [MESSAGE][PASSED] - Object 'Object Repository/FDR-System-Admin/FDR-Edit-Supplier/editSupplierElipsis' is present

2020-09-15 14:29:32 - [TEST_STEP][PASSED] - click(findTestObject("FDR-System-Admin/FDR-Edit-Supplier/editSupplierElipsis")): Object: 'Object Repository/FDR-System-Admin/FDR-Edit-Supplier/editSupplierElipsis' is clicked on

2020-09-15 14:29:32 - [MESSAGE][PASSED] - Object: 'Object Repository/FDR-System-Admin/FDR-Edit-Supplier/editSupplierElipsis' is clicked on

2020-09-15 14:29:32 - [TEST_STEP][PASSED] - waitForElementPresent(findTestObject("FDR-System-Admin/FDR-Edit-Supplier/editSupplierBtn"), 3): Object 'Object Repository/FDR-System-Admin/FDR-Edit-Supplier/editSupplierBtn' is present

2020-09-15 14:29:32 - [MESSAGE][PASSED] - Object 'Object Repository/FDR-System-Admin/FDR-Edit-Supplier/editSupplierBtn' is present

2020-09-15 14:29:32 - [TEST_STEP][PASSED] - click(findTestObject("FDR-System-Admin/FDR-Edit-Supplier/editSupplierBtn")): Object: 'Object Repository/FDR-System-Admin/FDR-Edit-Supplier/editSupplierBtn' is clicked on

2020-09-15 14:29:33 - [MESSAGE][PASSED] - Object: 'Object Repository/FDR-System-Admin/FDR-Edit-Supplier/editSupplierBtn' is clicked on

2020-09-15 14:29:33 - [TEST_STEP][PASSED] - waitForElementPresent(findTestObject("Object Repository/FDR-System-Admin/FDR-Add-Suppliers/FDR-EditAddress/editAddressHeader"), 3): Object 'Object Repository/FDR-System-Admin/FDR-Add-Suppliers/FDR-EditAddress/editAddressHeader' is present

2020-09-15 14:29:33 - [MESSAGE][PASSED] - Object 'Object Repository/FDR-System-Admin/FDR-Add-Suppliers/FDR-EditAddress/editAddressHeader' is present

2020-09-15 14:29:33 - [TEST_STEP][PASSED] - doubleClick(findTestObject("Object Repository/FDR-System-Admin/FDR-Add-Suppliers/FDR-EditAddress/addressInputField")): Object: 'Object Repository/FDR-System-Admin/FDR-Add-Suppliers/FDR-EditAddress/addressInputField' is double clicked on

2020-09-15 14:29:34 - [MESSAGE][PASSED] - Object: 'Object Repository/FDR-System-Admin/FDR-Add-Suppliers/FDR-EditAddress/addressInputField' is double clicked on

2020-09-15 14:29:34 - [TEST_STEP][PASSED] - sendKeys(findTestObject("Object Repository/FDR-System-Admin/FDR-Add-Suppliers/FDR-EditAddress/addressInputField"), Keys.chord(BACK_SPACE)): Keys 'BACK_SPACE + ' sent to object: 'Object Repository/FDR-System-Admin/FDR-Add-Suppliers/FDR-EditAddress/addressInputField'

2020-09-15 14:29:34 - [MESSAGE][PASSED] - Keys 'BACK_SPACE + ' sent to object: 'Object Repository/FDR-System-Admin/FDR-Add-Suppliers/FDR-EditAddress/addressInputField'

2020-09-15 14:29:34 - [TEST_STEP][PASSED] - aptNo = RandomStringUtils.randomNumeric(3): null

2020-09-15 14:29:34 - [TEST_STEP][PASSED] - setText(findTestObject("Object Repository/FDR-System-Admin/FDR-Add-Suppliers/FDR-EditAddress/addressInputField"), aptNo): Text '089' is set on object 'Object Repository/FDR-System-Admin/FDR-Add-Suppliers/FDR-EditAddress/addressInputField'

2020-09-15 14:29:35 - [MESSAGE][PASSED] - Text '089' is set on object 'Object Repository/FDR-System-Admin/FDR-Add-Suppliers/FDR-EditAddress/addressInputField'

2020-09-15 14:29:35 - [TEST_STEP][PASSED] - waitForElementPresent(findTestObject("Object Repository/FDR-System-Admin/FDR-Add-Suppliers/FDR-EditAddress/saveAddressBtn"), 3): Object 'Object Repository/FDR-System-Admin/FDR-Add-Suppliers/FDR-EditAddress/saveAddressBtn' is present

2020-09-15 14:29:35 - [MESSAGE][PASSED] - Object 'Object Repository/FDR-System-Admin/FDR-Add-Suppliers/FDR-EditAddress/saveAddressBtn' is present

2020-09-15 14:29:35 - [TEST_STEP][PASSED] - click(findTestObject("Object Repository/FDR-System-Admin/FDR-Add-Suppliers/FDR-EditAddress/saveAddressBtn")): Object: 'Object Repository/FDR-System-Admin/FDR-Add-Suppliers/FDR-EditAddress/saveAddressBtn' is clicked on

2020-09-15 14:29:36 - [MESSAGE][PASSED] - Object: 'Object Repository/FDR-System-Admin/FDR-Add-Suppliers/FDR-EditAddress/saveAddressBtn' is clicked on

2020-09-15 14:29:36 - [TEST_STEP][PASSED] - waitForElementPresent(findTestObject("Object Repository/FDR-System-Admin/FDR-Add-Suppliers/FDR-EditAddress/addressDetailsHeader"), 3): Object 'Object Repository/FDR-System-Admin/FDR-Add-Suppliers/FDR-EditAddress/addressDetailsHeader' is present

2020-09-15 14:29:36 - [MESSAGE][PASSED] - Object 'Object Repository/FDR-System-Admin/FDR-Add-Suppliers/FDR-EditAddress/addressDetailsHeader' is present

2020-09-15 14:29:36 - [TEST_STEP][PASSED] - waitForElementPresent(findTestObject("FDR-System-Admin/FDR-Add-Suppliers/backToSuppliersPage"), 3): Object 'Object Repository/FDR-System-Admin/FDR-Add-Suppliers/backToSuppliersPage' is present

2020-09-15 14:29:36 - [MESSAGE][PASSED] - Object 'Object Repository/FDR-System-Admin/FDR-Add-Suppliers/backToSuppliersPage' is present

2020-09-15 14:29:36 - [TEST_STEP][PASSED] - click(findTestObject("FDR-System-Admin/FDR-Add-Suppliers/backToSuppliersPage")): Object: 'Object Repository/FDR-System-Admin/FDR-Add-Suppliers/backToSuppliersPage' is clicked on

2020-09-15 14:29:37 - [MESSAGE][PASSED] - Object: 'Object Repository/FDR-System-Admin/FDR-Add-Suppliers/backToSuppliersPage' is clicked on

2020-09-15 14:29:37 - [TEST_STEP][PASSED] - if (verifyElementPresent(findTestObject("FDR-System-Admin/FDR-ReferencePage/firstRowOfRefData"), 2)): null

2020-09-15 14:29:37 - [MESSAGE][PASSED] - Object 'Object Repository/FDR-System-Admin/FDR-ReferencePage/firstRowOfRefData' is present

2020-09-15 14:29:37 - [TEST_STEP][PASSED] - click(findTestObject("FDR-System-Admin/FDR-ReferencePage/firstRowOfRefData")): Object: 'Object Repository/FDR-System-Admin/FDR-ReferencePage/firstRowOfRefData' is clicked on

2020-09-15 14:29:38 - [MESSAGE][PASSED] - Object: 'Object Repository/FDR-System-Admin/FDR-ReferencePage/firstRowOfRefData' is clicked on

2020-09-15 14:29:38 - [TEST_STEP][PASSED] - waitForElementPresent(findTestObject("FDR-System-Admin/FDR-ReferencePage/supplierReference/supplierDetail/supplierHeader"), 3): Object 'Object Repository/FDR-System-Admin/FDR-ReferencePage/supplierReference/supplierDetail/supplierHeader' is present

2020-09-15 14:29:38 - [MESSAGE][PASSED] - Object 'Object Repository/FDR-System-Admin/FDR-ReferencePage/supplierReference/supplierDetail/supplierHeader' is present

2020-09-15 14:29:38 - [TEST_STEP][PASSED] - label = getText(findTestObject("FDR-System-Admin/FDR-ReferencePage/supplierReference/supplierDetail/supplierCodeLabel")): Text of object 'Object Repository/FDR-System-Admin/FDR-ReferencePage/supplierReference/supplierDetail/supplierCodeLabel' is: 'SUPPLIER CODE'

2020-09-15 14:29:39 - [MESSAGE][PASSED] - Text of object 'Object Repository/FDR-System-Admin/FDR-ReferencePage/supplierReference/supplierDetail/supplierCodeLabel' is: 'SUPPLIER CODE'

2020-09-15 14:29:39 - [TEST_STEP][PASSED] - assert label == "SUPPLIER CODE": null

2020-09-15 14:29:39 - [TEST_STEP][PASSED] - Start listener action : sampleAfterTestCase: null

2020-09-15 14:29:39 - [TEST_STEP][PASSED] - profileName = getExecutionProfile(): null

2020-09-15 14:29:39 - [TEST_STEP][PASSED] - switch (profileName): null

2020-09-15 14:29:39 - [TEST_STEP][PASSED] - case "superUser":: null

2020-09-15 14:29:39 - [TEST_STEP][PASSED] - return null: null

2020-09-15 14:29:39 - [TEST_STEP][PASSED] - Start listener action : afterTestCase: Browser is closed

2020-09-15 14:29:39 - [TEST_STEP][PASSED] - profileName = getExecutionProfile(): null

2020-09-15 14:29:39 - [TEST_STEP][PASSED] - if (profileName.equalsIgnoreCase("SysAdmin")): Browser is closed

2020-09-15 14:29:39 - [TEST_STEP][PASSED] - closeBrowser(): Browser is closed

2020-09-15 14:29:39 - [MESSAGE][PASSED] - Browser is closed

2020-09-15 14:29:39 - [TEST_STEP][PASSED] - Start listener action : sampleAfterTestCase: null

2020-09-15 14:29:39 - [TEST_STEP][PASSED] - profileName = getExecutionProfile(): null

2020-09-15 14:29:39 - [TEST_STEP][PASSED] - switch (profileName): null

2020-09-15 14:29:39 - [TEST_STEP][PASSED] - Default: null

2020-09-15 14:29:39 - [TEST_STEP][PASSED] - return null: null

2020-09-15 14:29:39 - [TEST_STEP][PASSED] - Start listener action : addFailedTCToList: null]]></system-out>
         <system-err><![CDATA[]]></system-err>
      </testcase>
      <testcase name="Test Cases/WEB-UI-TESTS/SysAdmin/ReferencePage/ReferenceDetail/FDR-Add-ServiceCategoryDetailReview" time="25.445" classname="Test Cases/WEB-UI-TESTS/SysAdmin/ReferencePage/ReferenceDetail/FDR-Add-ServiceCategoryDetailReview" status="PASSED">
         <system-out><![CDATA[2020-09-15 14:29:39 - [TEST_CASE][PASSED] - Test Cases/WEB-UI-TESTS/SysAdmin/ReferencePage/ReferenceDetail/FDR-Add-ServiceCategoryDetailReview: Test Cases/WEB-UI-TESTS/SysAdmin/ReferencePage/ReferenceDetail/FDR-Add-ServiceCategoryDetailReview

2020-09-15 14:29:39 - [TEST_STEP][PASSED] - Start listener action : sampleBeforeTestCase: null

2020-09-15 14:29:39 - [TEST_STEP][PASSED] - profileName = getExecutionProfile(): null

2020-09-15 14:29:39 - [TEST_STEP][PASSED] - switch (profileName): null

2020-09-15 14:29:39 - [TEST_STEP][PASSED] - case "superUser":: null

2020-09-15 14:29:39 - [TEST_STEP][PASSED] - return null: null

2020-09-15 14:29:39 - [TEST_STEP][PASSED] - Start listener action : beforeTestCase: Call Test Case 'Test Cases/WEB-UI-TESTS/SysAdmin/SystemAdmin-Login' successfully

2020-09-15 14:29:39 - [TEST_STEP][PASSED] - profileName = getExecutionProfile(): null

2020-09-15 14:29:39 - [TEST_STEP][PASSED] - if (profileName.equalsIgnoreCase("SysAdmin")): Call Test Case 'Test Cases/WEB-UI-TESTS/SysAdmin/SystemAdmin-Login' successfully

2020-09-15 14:29:39 - [TEST_STEP][PASSED] - callTestCase(findTestCase("Test Cases/WEB-UI-TESTS/SysAdmin/SystemAdmin-Login"), null): Call Test Case 'Test Cases/WEB-UI-TESTS/SysAdmin/SystemAdmin-Login' successfully

2020-09-15 14:29:39 - [TEST_CASE][PASSED] - Test Cases/WEB-UI-TESTS/SysAdmin/SystemAdmin-Login: Test Cases/WEB-UI-TESTS/SysAdmin/SystemAdmin-Login

2020-09-15 14:29:39 - [TEST_STEP][PASSED] - openBrowser(URL): Browser is opened with url: 'https://fdr-katalon.cammis-mod-dev.dhcs.ca.gov'

2020-09-15 14:29:39 - [MESSAGE][INFO] - Starting 'Chrome' driver

2020-09-15 14:29:39 - [MESSAGE][INFO] - Action delay is set to 0 milliseconds

2020-09-15 14:29:44 - [MESSAGE][PASSED] - Browser is opened with url: 'https://fdr-katalon.cammis-mod-dev.dhcs.ca.gov'

2020-09-15 14:29:44 - [TEST_STEP][PASSED] - maximizeWindow(): Current window maximized

2020-09-15 14:29:46 - [MESSAGE][PASSED] - Current window maximized

2020-09-15 14:29:46 - [TEST_STEP][PASSED] - refresh(): Refresh successfully

2020-09-15 14:29:46 - [MESSAGE][PASSED] - Refresh successfully

2020-09-15 14:29:46 - [TEST_STEP][PASSED] - delay(2): Delayed 2 second(s)

2020-09-15 14:29:48 - [MESSAGE][PASSED] - Delayed 2 second(s)

2020-09-15 14:29:48 - [TEST_STEP][PASSED] - waitForElementPresent(findTestObject("FDR-System-Admin/SysAdmin-SignIn/adminEmail"), 5): Object 'Object Repository/FDR-System-Admin/SysAdmin-SignIn/adminEmail' is present

2020-09-15 14:29:48 - [MESSAGE][PASSED] - Object 'Object Repository/FDR-System-Admin/SysAdmin-SignIn/adminEmail' is present

2020-09-15 14:29:48 - [TEST_STEP][PASSED] - setText(findTestObject("FDR-System-Admin/SysAdmin-SignIn/adminEmail"), adminEmail): Text 'fdr.test10@dhcs.ca.gov
' is set on object 'Object Repository/FDR-System-Admin/SysAdmin-SignIn/adminEmail'

2020-09-15 14:29:49 - [MESSAGE][PASSED] - Text 'fdr.test10@dhcs.ca.gov
' is set on object 'Object Repository/FDR-System-Admin/SysAdmin-SignIn/adminEmail'

2020-09-15 14:29:49 - [TEST_STEP][PASSED] - waitForElementPresent(findTestObject("FDR-System-Admin/SysAdmin-SignIn/adminUserName"), 5): Object 'Object Repository/FDR-System-Admin/SysAdmin-SignIn/adminUserName' is present

2020-09-15 14:29:52 - [MESSAGE][PASSED] - Object 'Object Repository/FDR-System-Admin/SysAdmin-SignIn/adminUserName' is present

2020-09-15 14:29:52 - [TEST_STEP][PASSED] - setText(findTestObject("FDR-System-Admin/SysAdmin-SignIn/adminUserName"), UserName): Text 'fdr.test10@dhcs.ca.gov' is set on object 'Object Repository/FDR-System-Admin/SysAdmin-SignIn/adminUserName'

2020-09-15 14:29:53 - [MESSAGE][PASSED] - Text 'fdr.test10@dhcs.ca.gov' is set on object 'Object Repository/FDR-System-Admin/SysAdmin-SignIn/adminUserName'

2020-09-15 14:29:53 - [TEST_STEP][PASSED] - setText(findTestObject("FDR-System-Admin/SysAdmin-SignIn/adminPass"), Password): Text 'Password18' is set on object 'Object Repository/FDR-System-Admin/SysAdmin-SignIn/adminPass'

2020-09-15 14:29:53 - [MESSAGE][PASSED] - Text 'Password18' is set on object 'Object Repository/FDR-System-Admin/SysAdmin-SignIn/adminPass'

2020-09-15 14:29:53 - [TEST_STEP][PASSED] - click(findTestObject("FDR-System-Admin/SysAdmin-SignIn/adminSignIn")): Object: 'Object Repository/FDR-System-Admin/SysAdmin-SignIn/adminSignIn' is clicked on

2020-09-15 14:29:55 - [MESSAGE][PASSED] - Object: 'Object Repository/FDR-System-Admin/SysAdmin-SignIn/adminSignIn' is clicked on

2020-09-15 14:29:55 - [TEST_STEP][PASSED] - waitForElementPresent(findTestObject("Object Repository/FDR-System-Admin/SysAdmin-Dashboard/maintainReferenceDataBtn"), 3): Object 'Object Repository/FDR-System-Admin/SysAdmin-Dashboard/maintainReferenceDataBtn' is present

2020-09-15 14:29:57 - [MESSAGE][PASSED] - Object 'Object Repository/FDR-System-Admin/SysAdmin-Dashboard/maintainReferenceDataBtn' is present

2020-09-15 14:29:57 - [TEST_STEP][PASSED] - verifyElementPresent(findTestObject("Object Repository/FDR-System-Admin/SysAdmin-Dashboard/maintainReferenceDataBtn"), Timeout): Object 'Object Repository/FDR-System-Admin/SysAdmin-Dashboard/maintainReferenceDataBtn' is present

2020-09-15 14:29:57 - [MESSAGE][PASSED] - Object 'Object Repository/FDR-System-Admin/SysAdmin-Dashboard/maintainReferenceDataBtn' is present

2020-09-15 14:29:57 - [TEST_STEP][PASSED] - refresh(): Refresh successfully

2020-09-15 14:29:57 - [MESSAGE][PASSED] - Refresh successfully

2020-09-15 14:29:57 - [MESSAGE][PASSED] - Call Test Case 'Test Cases/WEB-UI-TESTS/SysAdmin/SystemAdmin-Login' successfully

2020-09-15 14:29:57 - [TEST_STEP][PASSED] - Start listener action : sampleBeforeTestCase: null

2020-09-15 14:29:57 - [TEST_STEP][PASSED] - profileName = getExecutionProfile(): null

2020-09-15 14:29:57 - [TEST_STEP][PASSED] - testCaseId = testCaseContext.getTestCaseId(): null

2020-09-15 14:29:57 - [TEST_STEP][PASSED] - switch (profileName): null

2020-09-15 14:29:57 - [TEST_STEP][PASSED] - Default: null

2020-09-15 14:29:57 - [TEST_STEP][PASSED] - return null: null

2020-09-15 14:29:57 - [TEST_STEP][PASSED] - Start listener action : executeRows: null

2020-09-15 14:29:58 - [TEST_STEP][PASSED] - click(findTestObject("Object Repository/FDR-System-Admin/SysAdmin-Dashboard/maintainReferenceDataBtn")): Object: 'Object Repository/FDR-System-Admin/SysAdmin-Dashboard/maintainReferenceDataBtn' is clicked on

2020-09-15 14:29:58 - [MESSAGE][PASSED] - Object: 'Object Repository/FDR-System-Admin/SysAdmin-Dashboard/maintainReferenceDataBtn' is clicked on

2020-09-15 14:29:58 - [TEST_STEP][PASSED] - click(findTestObject("Object Repository/FDR-System-Admin/FDR-ReferencePage/reference-data")): Object: 'Object Repository/FDR-System-Admin/FDR-ReferencePage/reference-data' is clicked on

2020-09-15 14:29:58 - [MESSAGE][PASSED] - Object: 'Object Repository/FDR-System-Admin/FDR-ReferencePage/reference-data' is clicked on

2020-09-15 14:29:58 - [TEST_STEP][PASSED] - setText(findTestObject("Object Repository/FDR-System-Admin/FDR-ReferencePage/referenceDataNameInput"), "Service Categories"): Text 'Service Categories' is set on object 'Object Repository/FDR-System-Admin/FDR-ReferencePage/referenceDataNameInput'

2020-09-15 14:29:59 - [MESSAGE][PASSED] - Text 'Service Categories' is set on object 'Object Repository/FDR-System-Admin/FDR-ReferencePage/referenceDataNameInput'

2020-09-15 14:29:59 - [TEST_STEP][PASSED] - click(findTestObject("FDR-System-Admin/FDR-ReferencePage/serviceCategoryReference/serviceCategoryDetail/serviceCategory")): Object: 'Object Repository/FDR-System-Admin/FDR-ReferencePage/serviceCategoryReference/serviceCategoryDetail/serviceCategory' is clicked on

2020-09-15 14:30:00 - [MESSAGE][PASSED] - Object: 'Object Repository/FDR-System-Admin/FDR-ReferencePage/serviceCategoryReference/serviceCategoryDetail/serviceCategory' is clicked on

2020-09-15 14:30:00 - [TEST_STEP][PASSED] - waitForElementPresent(findTestObject("Object Repository/FDR-System-Admin/FDR-ReferencePage/serviceCategoryReference/serviceCategoryDetail/addServiceCategoryBtn"), 3): Object 'Object Repository/FDR-System-Admin/FDR-ReferencePage/serviceCategoryReference/serviceCategoryDetail/addServiceCategoryBtn' is present

2020-09-15 14:30:00 - [MESSAGE][PASSED] - Object 'Object Repository/FDR-System-Admin/FDR-ReferencePage/serviceCategoryReference/serviceCategoryDetail/addServiceCategoryBtn' is present

2020-09-15 14:30:00 - [TEST_STEP][PASSED] - click(findTestObject("Object Repository/FDR-System-Admin/FDR-ReferencePage/serviceCategoryReference/serviceCategoryDetail/addServiceCategoryBtn")): Object: 'Object Repository/FDR-System-Admin/FDR-ReferencePage/serviceCategoryReference/serviceCategoryDetail/addServiceCategoryBtn' is clicked on

2020-09-15 14:30:01 - [MESSAGE][PASSED] - Object: 'Object Repository/FDR-System-Admin/FDR-ReferencePage/serviceCategoryReference/serviceCategoryDetail/addServiceCategoryBtn' is clicked on

2020-09-15 14:30:01 - [TEST_STEP][PASSED] - waitForElementPresent(findTestObject("Object Repository/FDR-System-Admin/FDR-ReferencePage/serviceCategoryReference/serviceCategoryDetail/newServiceCategoryHeader"), 3): Object 'Object Repository/FDR-System-Admin/FDR-ReferencePage/serviceCategoryReference/serviceCategoryDetail/newServiceCategoryHeader' is present

2020-09-15 14:30:01 - [MESSAGE][PASSED] - Object 'Object Repository/FDR-System-Admin/FDR-ReferencePage/serviceCategoryReference/serviceCategoryDetail/newServiceCategoryHeader' is present

2020-09-15 14:30:01 - [TEST_STEP][PASSED] - lineNumber = RandomStringUtils.randomAlphanumeric(5): null

2020-09-15 14:30:01 - [TEST_STEP][PASSED] - waitForElementPresent(findTestObject("Object Repository/FDR-System-Admin/FDR-ReferencePage/serviceCategoryReference/serviceCategoryDetail/lineNumberInputTxt"), 3): Object 'Object Repository/FDR-System-Admin/FDR-ReferencePage/serviceCategoryReference/serviceCategoryDetail/lineNumberInputTxt' is present

2020-09-15 14:30:01 - [MESSAGE][PASSED] - Object 'Object Repository/FDR-System-Admin/FDR-ReferencePage/serviceCategoryReference/serviceCategoryDetail/lineNumberInputTxt' is present

2020-09-15 14:30:01 - [TEST_STEP][PASSED] - setText(findTestObject("Object Repository/FDR-System-Admin/FDR-ReferencePage/serviceCategoryReference/serviceCategoryDetail/lineNumberInputTxt"), lineNumber): Text 'FSOMo' is set on object 'Object Repository/FDR-System-Admin/FDR-ReferencePage/serviceCategoryReference/serviceCategoryDetail/lineNumberInputTxt'

2020-09-15 14:30:02 - [MESSAGE][PASSED] - Text 'FSOMo' is set on object 'Object Repository/FDR-System-Admin/FDR-ReferencePage/serviceCategoryReference/serviceCategoryDetail/lineNumberInputTxt'

2020-09-15 14:30:02 - [TEST_STEP][PASSED] - waitForElementPresent(findTestObject("Object Repository/FDR-System-Admin/FDR-ReferencePage/serviceCategoryReference/serviceCategoryDetail/confirmAddServiceCategoryBtn"), 3): Object 'Object Repository/FDR-System-Admin/FDR-ReferencePage/serviceCategoryReference/serviceCategoryDetail/confirmAddServiceCategoryBtn' is present

2020-09-15 14:30:03 - [MESSAGE][PASSED] - Object 'Object Repository/FDR-System-Admin/FDR-ReferencePage/serviceCategoryReference/serviceCategoryDetail/confirmAddServiceCategoryBtn' is present

2020-09-15 14:30:03 - [TEST_STEP][PASSED] - click(findTestObject("Object Repository/FDR-System-Admin/FDR-ReferencePage/serviceCategoryReference/serviceCategoryDetail/confirmAddServiceCategoryBtn")): Object: 'Object Repository/FDR-System-Admin/FDR-ReferencePage/serviceCategoryReference/serviceCategoryDetail/confirmAddServiceCategoryBtn' is clicked on

2020-09-15 14:30:03 - [MESSAGE][PASSED] - Object: 'Object Repository/FDR-System-Admin/FDR-ReferencePage/serviceCategoryReference/serviceCategoryDetail/confirmAddServiceCategoryBtn' is clicked on

2020-09-15 14:30:03 - [TEST_STEP][PASSED] - waitForElementPresent(findTestObject("Object Repository/FDR-System-Admin/FDR-ReferencePage/serviceCategoryReference/serviceCategoryDetail/backToServiceCategory"), 3): Object 'Object Repository/FDR-System-Admin/FDR-ReferencePage/serviceCategoryReference/serviceCategoryDetail/backToServiceCategory' is present

2020-09-15 14:30:04 - [MESSAGE][PASSED] - Object 'Object Repository/FDR-System-Admin/FDR-ReferencePage/serviceCategoryReference/serviceCategoryDetail/backToServiceCategory' is present

2020-09-15 14:30:04 - [TEST_STEP][PASSED] - click(findTestObject("Object Repository/FDR-System-Admin/FDR-ReferencePage/serviceCategoryReference/serviceCategoryDetail/backToServiceCategory")): Object: 'Object Repository/FDR-System-Admin/FDR-ReferencePage/serviceCategoryReference/serviceCategoryDetail/backToServiceCategory' is clicked on

2020-09-15 14:30:04 - [MESSAGE][PASSED] - Object: 'Object Repository/FDR-System-Admin/FDR-ReferencePage/serviceCategoryReference/serviceCategoryDetail/backToServiceCategory' is clicked on

2020-09-15 14:30:04 - [TEST_STEP][PASSED] - Start listener action : sampleAfterTestCase: null

2020-09-15 14:30:04 - [TEST_STEP][PASSED] - profileName = getExecutionProfile(): null

2020-09-15 14:30:04 - [TEST_STEP][PASSED] - switch (profileName): null

2020-09-15 14:30:04 - [TEST_STEP][PASSED] - case "superUser":: null

2020-09-15 14:30:04 - [TEST_STEP][PASSED] - return null: null

2020-09-15 14:30:04 - [TEST_STEP][PASSED] - Start listener action : afterTestCase: Browser is closed

2020-09-15 14:30:04 - [TEST_STEP][PASSED] - profileName = getExecutionProfile(): null

2020-09-15 14:30:04 - [TEST_STEP][PASSED] - if (profileName.equalsIgnoreCase("SysAdmin")): Browser is closed

2020-09-15 14:30:04 - [TEST_STEP][PASSED] - closeBrowser(): Browser is closed

2020-09-15 14:30:05 - [MESSAGE][PASSED] - Browser is closed

2020-09-15 14:30:05 - [TEST_STEP][PASSED] - Start listener action : sampleAfterTestCase: null

2020-09-15 14:30:05 - [TEST_STEP][PASSED] - profileName = getExecutionProfile(): null

2020-09-15 14:30:05 - [TEST_STEP][PASSED] - switch (profileName): null

2020-09-15 14:30:05 - [TEST_STEP][PASSED] - Default: null

2020-09-15 14:30:05 - [TEST_STEP][PASSED] - return null: null

2020-09-15 14:30:05 - [TEST_STEP][PASSED] - Start listener action : addFailedTCToList: null]]></system-out>
         <system-err><![CDATA[]]></system-err>
      </testcase>
      <testcase name="Test Cases/WEB-UI-TESTS/SysAdmin/ReferencePage/ReferenceDetail/FDR-Edit-ServiceCategory" time="29.473" classname="Test Cases/WEB-UI-TESTS/SysAdmin/ReferencePage/ReferenceDetail/FDR-Edit-ServiceCategory" status="PASSED">
         <system-out><![CDATA[2020-09-15 14:30:05 - [TEST_CASE][PASSED] - Test Cases/WEB-UI-TESTS/SysAdmin/ReferencePage/ReferenceDetail/FDR-Edit-ServiceCategory: Test Cases/WEB-UI-TESTS/SysAdmin/ReferencePage/ReferenceDetail/FDR-Edit-ServiceCategory

2020-09-15 14:30:05 - [TEST_STEP][PASSED] - Start listener action : sampleBeforeTestCase: null

2020-09-15 14:30:05 - [TEST_STEP][PASSED] - profileName = getExecutionProfile(): null

2020-09-15 14:30:05 - [TEST_STEP][PASSED] - switch (profileName): null

2020-09-15 14:30:05 - [TEST_STEP][PASSED] - case "superUser":: null

2020-09-15 14:30:05 - [TEST_STEP][PASSED] - return null: null

2020-09-15 14:30:05 - [TEST_STEP][PASSED] - Start listener action : beforeTestCase: Call Test Case 'Test Cases/WEB-UI-TESTS/SysAdmin/SystemAdmin-Login' successfully

2020-09-15 14:30:05 - [TEST_STEP][PASSED] - profileName = getExecutionProfile(): null

2020-09-15 14:30:05 - [TEST_STEP][PASSED] - if (profileName.equalsIgnoreCase("SysAdmin")): Call Test Case 'Test Cases/WEB-UI-TESTS/SysAdmin/SystemAdmin-Login' successfully

2020-09-15 14:30:05 - [TEST_STEP][PASSED] - callTestCase(findTestCase("Test Cases/WEB-UI-TESTS/SysAdmin/SystemAdmin-Login"), null): Call Test Case 'Test Cases/WEB-UI-TESTS/SysAdmin/SystemAdmin-Login' successfully

2020-09-15 14:30:05 - [TEST_CASE][PASSED] - Test Cases/WEB-UI-TESTS/SysAdmin/SystemAdmin-Login: Test Cases/WEB-UI-TESTS/SysAdmin/SystemAdmin-Login

2020-09-15 14:30:05 - [TEST_STEP][PASSED] - openBrowser(URL): Browser is opened with url: 'https://fdr-katalon.cammis-mod-dev.dhcs.ca.gov'

2020-09-15 14:30:05 - [MESSAGE][INFO] - Starting 'Chrome' driver

2020-09-15 14:30:05 - [MESSAGE][INFO] - Action delay is set to 0 milliseconds

2020-09-15 14:30:09 - [MESSAGE][PASSED] - Browser is opened with url: 'https://fdr-katalon.cammis-mod-dev.dhcs.ca.gov'

2020-09-15 14:30:09 - [TEST_STEP][PASSED] - maximizeWindow(): Current window maximized

2020-09-15 14:30:12 - [MESSAGE][PASSED] - Current window maximized

2020-09-15 14:30:12 - [TEST_STEP][PASSED] - refresh(): Refresh successfully

2020-09-15 14:30:12 - [MESSAGE][PASSED] - Refresh successfully

2020-09-15 14:30:12 - [TEST_STEP][PASSED] - delay(2): Delayed 2 second(s)

2020-09-15 14:30:14 - [MESSAGE][PASSED] - Delayed 2 second(s)

2020-09-15 14:30:14 - [TEST_STEP][PASSED] - waitForElementPresent(findTestObject("FDR-System-Admin/SysAdmin-SignIn/adminEmail"), 5): Object 'Object Repository/FDR-System-Admin/SysAdmin-SignIn/adminEmail' is present

2020-09-15 14:30:14 - [MESSAGE][PASSED] - Object 'Object Repository/FDR-System-Admin/SysAdmin-SignIn/adminEmail' is present

2020-09-15 14:30:14 - [TEST_STEP][PASSED] - setText(findTestObject("FDR-System-Admin/SysAdmin-SignIn/adminEmail"), adminEmail): Text 'fdr.test10@dhcs.ca.gov
' is set on object 'Object Repository/FDR-System-Admin/SysAdmin-SignIn/adminEmail'

2020-09-15 14:30:15 - [MESSAGE][PASSED] - Text 'fdr.test10@dhcs.ca.gov
' is set on object 'Object Repository/FDR-System-Admin/SysAdmin-SignIn/adminEmail'

2020-09-15 14:30:15 - [TEST_STEP][PASSED] - waitForElementPresent(findTestObject("FDR-System-Admin/SysAdmin-SignIn/adminUserName"), 5): Object 'Object Repository/FDR-System-Admin/SysAdmin-SignIn/adminUserName' is present

2020-09-15 14:30:18 - [MESSAGE][PASSED] - Object 'Object Repository/FDR-System-Admin/SysAdmin-SignIn/adminUserName' is present

2020-09-15 14:30:18 - [TEST_STEP][PASSED] - setText(findTestObject("FDR-System-Admin/SysAdmin-SignIn/adminUserName"), UserName): Text 'fdr.test10@dhcs.ca.gov' is set on object 'Object Repository/FDR-System-Admin/SysAdmin-SignIn/adminUserName'

2020-09-15 14:30:19 - [MESSAGE][PASSED] - Text 'fdr.test10@dhcs.ca.gov' is set on object 'Object Repository/FDR-System-Admin/SysAdmin-SignIn/adminUserName'

2020-09-15 14:30:19 - [TEST_STEP][PASSED] - setText(findTestObject("FDR-System-Admin/SysAdmin-SignIn/adminPass"), Password): Text 'Password18' is set on object 'Object Repository/FDR-System-Admin/SysAdmin-SignIn/adminPass'

2020-09-15 14:30:19 - [MESSAGE][PASSED] - Text 'Password18' is set on object 'Object Repository/FDR-System-Admin/SysAdmin-SignIn/adminPass'

2020-09-15 14:30:19 - [TEST_STEP][PASSED] - click(findTestObject("FDR-System-Admin/SysAdmin-SignIn/adminSignIn")): Object: 'Object Repository/FDR-System-Admin/SysAdmin-SignIn/adminSignIn' is clicked on

2020-09-15 14:30:21 - [MESSAGE][PASSED] - Object: 'Object Repository/FDR-System-Admin/SysAdmin-SignIn/adminSignIn' is clicked on

2020-09-15 14:30:21 - [TEST_STEP][PASSED] - waitForElementPresent(findTestObject("Object Repository/FDR-System-Admin/SysAdmin-Dashboard/maintainReferenceDataBtn"), 3): Object 'Object Repository/FDR-System-Admin/SysAdmin-Dashboard/maintainReferenceDataBtn' is present

2020-09-15 14:30:23 - [MESSAGE][PASSED] - Object 'Object Repository/FDR-System-Admin/SysAdmin-Dashboard/maintainReferenceDataBtn' is present

2020-09-15 14:30:23 - [TEST_STEP][PASSED] - verifyElementPresent(findTestObject("Object Repository/FDR-System-Admin/SysAdmin-Dashboard/maintainReferenceDataBtn"), Timeout): Object 'Object Repository/FDR-System-Admin/SysAdmin-Dashboard/maintainReferenceDataBtn' is present

2020-09-15 14:30:23 - [MESSAGE][PASSED] - Object 'Object Repository/FDR-System-Admin/SysAdmin-Dashboard/maintainReferenceDataBtn' is present

2020-09-15 14:30:23 - [TEST_STEP][PASSED] - refresh(): Refresh successfully

2020-09-15 14:30:23 - [MESSAGE][PASSED] - Refresh successfully

2020-09-15 14:30:23 - [MESSAGE][PASSED] - Call Test Case 'Test Cases/WEB-UI-TESTS/SysAdmin/SystemAdmin-Login' successfully

2020-09-15 14:30:23 - [TEST_STEP][PASSED] - Start listener action : sampleBeforeTestCase: null

2020-09-15 14:30:23 - [TEST_STEP][PASSED] - profileName = getExecutionProfile(): null

2020-09-15 14:30:23 - [TEST_STEP][PASSED] - testCaseId = testCaseContext.getTestCaseId(): null

2020-09-15 14:30:23 - [TEST_STEP][PASSED] - switch (profileName): null

2020-09-15 14:30:23 - [TEST_STEP][PASSED] - Default: null

2020-09-15 14:30:23 - [TEST_STEP][PASSED] - return null: null

2020-09-15 14:30:23 - [TEST_STEP][PASSED] - Start listener action : executeRows: null

2020-09-15 14:30:24 - [TEST_STEP][PASSED] - click(findTestObject("Object Repository/FDR-System-Admin/SysAdmin-Dashboard/maintainReferenceDataBtn")): Object: 'Object Repository/FDR-System-Admin/SysAdmin-Dashboard/maintainReferenceDataBtn' is clicked on

2020-09-15 14:30:24 - [MESSAGE][PASSED] - Object: 'Object Repository/FDR-System-Admin/SysAdmin-Dashboard/maintainReferenceDataBtn' is clicked on

2020-09-15 14:30:24 - [TEST_STEP][PASSED] - click(findTestObject("Object Repository/FDR-System-Admin/FDR-ReferencePage/reference-data")): Object: 'Object Repository/FDR-System-Admin/FDR-ReferencePage/reference-data' is clicked on

2020-09-15 14:30:25 - [MESSAGE][PASSED] - Object: 'Object Repository/FDR-System-Admin/FDR-ReferencePage/reference-data' is clicked on

2020-09-15 14:30:25 - [TEST_STEP][PASSED] - setText(findTestObject("Object Repository/FDR-System-Admin/FDR-ReferencePage/referenceDataNameInput"), "Service Categories"): Text 'Service Categories' is set on object 'Object Repository/FDR-System-Admin/FDR-ReferencePage/referenceDataNameInput'

2020-09-15 14:30:25 - [MESSAGE][PASSED] - Text 'Service Categories' is set on object 'Object Repository/FDR-System-Admin/FDR-ReferencePage/referenceDataNameInput'

2020-09-15 14:30:25 - [TEST_STEP][PASSED] - click(findTestObject("FDR-System-Admin/FDR-ReferencePage/serviceCategoryReference/serviceCategoryDetail/serviceCategory")): Object: 'Object Repository/FDR-System-Admin/FDR-ReferencePage/serviceCategoryReference/serviceCategoryDetail/serviceCategory' is clicked on

2020-09-15 14:30:26 - [MESSAGE][PASSED] - Object: 'Object Repository/FDR-System-Admin/FDR-ReferencePage/serviceCategoryReference/serviceCategoryDetail/serviceCategory' is clicked on

2020-09-15 14:30:26 - [TEST_STEP][PASSED] - waitForElementPresent(findTestObject("FDR-System-Admin/FDR-Edit-ServiceCategory/lineNumber"), 3): Object 'Object Repository/FDR-System-Admin/FDR-Edit-ServiceCategory/lineNumber' is present

2020-09-15 14:30:26 - [MESSAGE][PASSED] - Object 'Object Repository/FDR-System-Admin/FDR-Edit-ServiceCategory/lineNumber' is present

2020-09-15 14:30:26 - [TEST_STEP][PASSED] - click(findTestObject("FDR-System-Admin/FDR-Edit-ServiceCategory/lineNumber")): Object: 'Object Repository/FDR-System-Admin/FDR-Edit-ServiceCategory/lineNumber' is clicked on

2020-09-15 14:30:27 - [MESSAGE][PASSED] - Object: 'Object Repository/FDR-System-Admin/FDR-Edit-ServiceCategory/lineNumber' is clicked on

2020-09-15 14:30:27 - [TEST_STEP][PASSED] - waitForElementPresent(findTestObject("FDR-System-Admin/FDR-Edit-ServiceCategory/ellipsis"), 3): Object 'Object Repository/FDR-System-Admin/FDR-Edit-ServiceCategory/ellipsis' is present

2020-09-15 14:30:27 - [MESSAGE][PASSED] - Object 'Object Repository/FDR-System-Admin/FDR-Edit-ServiceCategory/ellipsis' is present

2020-09-15 14:30:27 - [TEST_STEP][PASSED] - click(findTestObject("FDR-System-Admin/FDR-Edit-ServiceCategory/ellipsis")): Object: 'Object Repository/FDR-System-Admin/FDR-Edit-ServiceCategory/ellipsis' is clicked on

2020-09-15 14:30:27 - [MESSAGE][PASSED] - Object: 'Object Repository/FDR-System-Admin/FDR-Edit-ServiceCategory/ellipsis' is clicked on

2020-09-15 14:30:27 - [TEST_STEP][PASSED] - waitForElementPresent(findTestObject("FDR-System-Admin/FDR-Edit-ServiceCategory/editBtn"), 3): Object 'Object Repository/FDR-System-Admin/FDR-Edit-ServiceCategory/editBtn' is present

2020-09-15 14:30:28 - [MESSAGE][PASSED] - Object 'Object Repository/FDR-System-Admin/FDR-Edit-ServiceCategory/editBtn' is present

2020-09-15 14:30:28 - [TEST_STEP][PASSED] - click(findTestObject("FDR-System-Admin/FDR-Edit-ServiceCategory/editBtn")): Object: 'Object Repository/FDR-System-Admin/FDR-Edit-ServiceCategory/editBtn' is clicked on

2020-09-15 14:30:29 - [MESSAGE][PASSED] - Object: 'Object Repository/FDR-System-Admin/FDR-Edit-ServiceCategory/editBtn' is clicked on

2020-09-15 14:30:29 - [TEST_STEP][PASSED] - breadcrumbLabel = getText(findTestObject("FDR-System-Admin/FDR-Edit-ServiceCategory/breadcrumbLabel")): Text of object 'Object Repository/FDR-System-Admin/FDR-Edit-ServiceCategory/breadcrumbLabel' is: 'Edit Service Category'

2020-09-15 14:30:29 - [MESSAGE][PASSED] - Text of object 'Object Repository/FDR-System-Admin/FDR-Edit-ServiceCategory/breadcrumbLabel' is: 'Edit Service Category'

2020-09-15 14:30:29 - [TEST_STEP][PASSED] - assert breadcrumbLabel == "Edit Service Category": null

2020-09-15 14:30:29 - [TEST_STEP][PASSED] - lineNumber = RandomStringUtils.randomAlphanumeric(5): null

2020-09-15 14:30:29 - [TEST_STEP][PASSED] - waitForElementPresent(findTestObject("FDR-System-Admin/FDR-Edit-ServiceCategory/lineNumberText"), 3): Object 'Object Repository/FDR-System-Admin/FDR-Edit-ServiceCategory/lineNumberText' is present

2020-09-15 14:30:29 - [MESSAGE][PASSED] - Object 'Object Repository/FDR-System-Admin/FDR-Edit-ServiceCategory/lineNumberText' is present

2020-09-15 14:30:29 - [TEST_STEP][PASSED] - doubleClick(findTestObject("FDR-System-Admin/FDR-Edit-ServiceCategory/lineNumberText")): Object: 'Object Repository/FDR-System-Admin/FDR-Edit-ServiceCategory/lineNumberText' is double clicked on

2020-09-15 14:30:30 - [MESSAGE][PASSED] - Object: 'Object Repository/FDR-System-Admin/FDR-Edit-ServiceCategory/lineNumberText' is double clicked on

2020-09-15 14:30:30 - [TEST_STEP][PASSED] - sendKeys(findTestObject("FDR-System-Admin/FDR-Edit-ServiceCategory/lineNumberText"), Keys.chord(BACK_SPACE)): Keys 'BACK_SPACE + ' sent to object: 'Object Repository/FDR-System-Admin/FDR-Edit-ServiceCategory/lineNumberText'

2020-09-15 14:30:30 - [MESSAGE][PASSED] - Keys 'BACK_SPACE + ' sent to object: 'Object Repository/FDR-System-Admin/FDR-Edit-ServiceCategory/lineNumberText'

2020-09-15 14:30:30 - [TEST_STEP][PASSED] - delay(2): Delayed 2 second(s)

2020-09-15 14:30:32 - [MESSAGE][PASSED] - Delayed 2 second(s)

2020-09-15 14:30:32 - [TEST_STEP][PASSED] - waitForElementPresent(findTestObject("FDR-System-Admin/FDR-Edit-ServiceCategory/lineNumberText"), 3): Object 'Object Repository/FDR-System-Admin/FDR-Edit-ServiceCategory/lineNumberText' is present

2020-09-15 14:30:32 - [MESSAGE][PASSED] - Object 'Object Repository/FDR-System-Admin/FDR-Edit-ServiceCategory/lineNumberText' is present

2020-09-15 14:30:32 - [TEST_STEP][PASSED] - setText(findTestObject("FDR-System-Admin/FDR-Edit-ServiceCategory/lineNumberText"), lineNumber): Text '2Ej7L' is set on object 'Object Repository/FDR-System-Admin/FDR-Edit-ServiceCategory/lineNumberText'

2020-09-15 14:30:33 - [MESSAGE][PASSED] - Text '2Ej7L' is set on object 'Object Repository/FDR-System-Admin/FDR-Edit-ServiceCategory/lineNumberText'

2020-09-15 14:30:33 - [TEST_STEP][PASSED] - waitForElementPresent(findTestObject("FDR-System-Admin/FDR-Edit-ServiceCategory/cancelBtn"), 3): Object 'Object Repository/FDR-System-Admin/FDR-Edit-ServiceCategory/cancelBtn' is present

2020-09-15 14:30:33 - [MESSAGE][PASSED] - Object 'Object Repository/FDR-System-Admin/FDR-Edit-ServiceCategory/cancelBtn' is present

2020-09-15 14:30:33 - [TEST_STEP][PASSED] - click(findTestObject("FDR-System-Admin/FDR-Edit-ServiceCategory/cancelBtn")): Object: 'Object Repository/FDR-System-Admin/FDR-Edit-ServiceCategory/cancelBtn' is clicked on

2020-09-15 14:30:34 - [MESSAGE][PASSED] - Object: 'Object Repository/FDR-System-Admin/FDR-Edit-ServiceCategory/cancelBtn' is clicked on

2020-09-15 14:30:34 - [TEST_STEP][PASSED] - Start listener action : sampleAfterTestCase: null

2020-09-15 14:30:34 - [TEST_STEP][PASSED] - profileName = getExecutionProfile(): null

2020-09-15 14:30:34 - [TEST_STEP][PASSED] - switch (profileName): null

2020-09-15 14:30:34 - [TEST_STEP][PASSED] - case "superUser":: null

2020-09-15 14:30:34 - [TEST_STEP][PASSED] - return null: null

2020-09-15 14:30:34 - [TEST_STEP][PASSED] - Start listener action : afterTestCase: Browser is closed

2020-09-15 14:30:34 - [TEST_STEP][PASSED] - profileName = getExecutionProfile(): null

2020-09-15 14:30:34 - [TEST_STEP][PASSED] - if (profileName.equalsIgnoreCase("SysAdmin")): Browser is closed

2020-09-15 14:30:34 - [TEST_STEP][PASSED] - closeBrowser(): Browser is closed

2020-09-15 14:30:34 - [MESSAGE][PASSED] - Browser is closed

2020-09-15 14:30:34 - [TEST_STEP][PASSED] - Start listener action : sampleAfterTestCase: null

2020-09-15 14:30:34 - [TEST_STEP][PASSED] - profileName = getExecutionProfile(): null

2020-09-15 14:30:34 - [TEST_STEP][PASSED] - switch (profileName): null

2020-09-15 14:30:34 - [TEST_STEP][PASSED] - Default: null

2020-09-15 14:30:34 - [TEST_STEP][PASSED] - return null: null

2020-09-15 14:30:34 - [TEST_STEP][PASSED] - Start listener action : addFailedTCToList: null]]></system-out>
         <system-err><![CDATA[]]></system-err>
      </testcase>
      <testcase name="Test Cases/WEB-UI-TESTS/SysAdmin/ReferencePage/ReferenceDetail/FDR-Add-FdrAppropriationDetailView" time="21.689" classname="Test Cases/WEB-UI-TESTS/SysAdmin/ReferencePage/ReferenceDetail/FDR-Add-FdrAppropriationDetailView" status="PASSED">
         <system-out><![CDATA[2020-09-15 14:30:34 - [TEST_CASE][PASSED] - Test Cases/WEB-UI-TESTS/SysAdmin/ReferencePage/ReferenceDetail/FDR-Add-FdrAppropriationDetailView: Test Cases/WEB-UI-TESTS/SysAdmin/ReferencePage/ReferenceDetail/FDR-Add-FdrAppropriationDetailView

2020-09-15 14:30:34 - [TEST_STEP][PASSED] - Start listener action : sampleBeforeTestCase: null

2020-09-15 14:30:34 - [TEST_STEP][PASSED] - profileName = getExecutionProfile(): null

2020-09-15 14:30:34 - [TEST_STEP][PASSED] - switch (profileName): null

2020-09-15 14:30:34 - [TEST_STEP][PASSED] - case "superUser":: null

2020-09-15 14:30:34 - [TEST_STEP][PASSED] - return null: null

2020-09-15 14:30:34 - [TEST_STEP][PASSED] - Start listener action : beforeTestCase: Call Test Case 'Test Cases/WEB-UI-TESTS/SysAdmin/SystemAdmin-Login' successfully

2020-09-15 14:30:34 - [TEST_STEP][PASSED] - profileName = getExecutionProfile(): null

2020-09-15 14:30:34 - [TEST_STEP][PASSED] - if (profileName.equalsIgnoreCase("SysAdmin")): Call Test Case 'Test Cases/WEB-UI-TESTS/SysAdmin/SystemAdmin-Login' successfully

2020-09-15 14:30:34 - [TEST_STEP][PASSED] - callTestCase(findTestCase("Test Cases/WEB-UI-TESTS/SysAdmin/SystemAdmin-Login"), null): Call Test Case 'Test Cases/WEB-UI-TESTS/SysAdmin/SystemAdmin-Login' successfully

2020-09-15 14:30:34 - [TEST_CASE][PASSED] - Test Cases/WEB-UI-TESTS/SysAdmin/SystemAdmin-Login: Test Cases/WEB-UI-TESTS/SysAdmin/SystemAdmin-Login

2020-09-15 14:30:34 - [TEST_STEP][PASSED] - openBrowser(URL): Browser is opened with url: 'https://fdr-katalon.cammis-mod-dev.dhcs.ca.gov'

2020-09-15 14:30:34 - [MESSAGE][INFO] - Starting 'Chrome' driver

2020-09-15 14:30:34 - [MESSAGE][INFO] - Action delay is set to 0 milliseconds

2020-09-15 14:30:39 - [MESSAGE][PASSED] - Browser is opened with url: 'https://fdr-katalon.cammis-mod-dev.dhcs.ca.gov'

2020-09-15 14:30:39 - [TEST_STEP][PASSED] - maximizeWindow(): Current window maximized

2020-09-15 14:30:41 - [MESSAGE][PASSED] - Current window maximized

2020-09-15 14:30:41 - [TEST_STEP][PASSED] - refresh(): Refresh successfully

2020-09-15 14:30:41 - [MESSAGE][PASSED] - Refresh successfully

2020-09-15 14:30:41 - [TEST_STEP][PASSED] - delay(2): Delayed 2 second(s)

2020-09-15 14:30:43 - [MESSAGE][PASSED] - Delayed 2 second(s)

2020-09-15 14:30:43 - [TEST_STEP][PASSED] - waitForElementPresent(findTestObject("FDR-System-Admin/SysAdmin-SignIn/adminEmail"), 5): Object 'Object Repository/FDR-System-Admin/SysAdmin-SignIn/adminEmail' is present

2020-09-15 14:30:43 - [MESSAGE][PASSED] - Object 'Object Repository/FDR-System-Admin/SysAdmin-SignIn/adminEmail' is present

2020-09-15 14:30:43 - [TEST_STEP][PASSED] - setText(findTestObject("FDR-System-Admin/SysAdmin-SignIn/adminEmail"), adminEmail): Text 'fdr.test10@dhcs.ca.gov
' is set on object 'Object Repository/FDR-System-Admin/SysAdmin-SignIn/adminEmail'

2020-09-15 14:30:44 - [MESSAGE][PASSED] - Text 'fdr.test10@dhcs.ca.gov
' is set on object 'Object Repository/FDR-System-Admin/SysAdmin-SignIn/adminEmail'

2020-09-15 14:30:44 - [TEST_STEP][PASSED] - waitForElementPresent(findTestObject("FDR-System-Admin/SysAdmin-SignIn/adminUserName"), 5): Object 'Object Repository/FDR-System-Admin/SysAdmin-SignIn/adminUserName' is present

2020-09-15 14:30:47 - [MESSAGE][PASSED] - Object 'Object Repository/FDR-System-Admin/SysAdmin-SignIn/adminUserName' is present

2020-09-15 14:30:47 - [TEST_STEP][PASSED] - setText(findTestObject("FDR-System-Admin/SysAdmin-SignIn/adminUserName"), UserName): Text 'fdr.test10@dhcs.ca.gov' is set on object 'Object Repository/FDR-System-Admin/SysAdmin-SignIn/adminUserName'

2020-09-15 14:30:48 - [MESSAGE][PASSED] - Text 'fdr.test10@dhcs.ca.gov' is set on object 'Object Repository/FDR-System-Admin/SysAdmin-SignIn/adminUserName'

2020-09-15 14:30:48 - [TEST_STEP][PASSED] - setText(findTestObject("FDR-System-Admin/SysAdmin-SignIn/adminPass"), Password): Text 'Password18' is set on object 'Object Repository/FDR-System-Admin/SysAdmin-SignIn/adminPass'

2020-09-15 14:30:48 - [MESSAGE][PASSED] - Text 'Password18' is set on object 'Object Repository/FDR-System-Admin/SysAdmin-SignIn/adminPass'

2020-09-15 14:30:48 - [TEST_STEP][PASSED] - click(findTestObject("FDR-System-Admin/SysAdmin-SignIn/adminSignIn")): Object: 'Object Repository/FDR-System-Admin/SysAdmin-SignIn/adminSignIn' is clicked on

2020-09-15 14:30:50 - [MESSAGE][PASSED] - Object: 'Object Repository/FDR-System-Admin/SysAdmin-SignIn/adminSignIn' is clicked on

2020-09-15 14:30:50 - [TEST_STEP][PASSED] - waitForElementPresent(findTestObject("Object Repository/FDR-System-Admin/SysAdmin-Dashboard/maintainReferenceDataBtn"), 3): Object 'Object Repository/FDR-System-Admin/SysAdmin-Dashboard/maintainReferenceDataBtn' is present

2020-09-15 14:30:52 - [MESSAGE][PASSED] - Object 'Object Repository/FDR-System-Admin/SysAdmin-Dashboard/maintainReferenceDataBtn' is present

2020-09-15 14:30:52 - [TEST_STEP][PASSED] - verifyElementPresent(findTestObject("Object Repository/FDR-System-Admin/SysAdmin-Dashboard/maintainReferenceDataBtn"), Timeout): Object 'Object Repository/FDR-System-Admin/SysAdmin-Dashboard/maintainReferenceDataBtn' is present

2020-09-15 14:30:52 - [MESSAGE][PASSED] - Object 'Object Repository/FDR-System-Admin/SysAdmin-Dashboard/maintainReferenceDataBtn' is present

2020-09-15 14:30:52 - [TEST_STEP][PASSED] - refresh(): Refresh successfully

2020-09-15 14:30:52 - [MESSAGE][PASSED] - Refresh successfully

2020-09-15 14:30:52 - [MESSAGE][PASSED] - Call Test Case 'Test Cases/WEB-UI-TESTS/SysAdmin/SystemAdmin-Login' successfully

2020-09-15 14:30:52 - [TEST_STEP][PASSED] - Start listener action : sampleBeforeTestCase: null

2020-09-15 14:30:52 - [TEST_STEP][PASSED] - profileName = getExecutionProfile(): null

2020-09-15 14:30:52 - [TEST_STEP][PASSED] - testCaseId = testCaseContext.getTestCaseId(): null

2020-09-15 14:30:52 - [TEST_STEP][PASSED] - switch (profileName): null

2020-09-15 14:30:52 - [TEST_STEP][PASSED] - Default: null

2020-09-15 14:30:52 - [TEST_STEP][PASSED] - return null: null

2020-09-15 14:30:52 - [TEST_STEP][PASSED] - Start listener action : executeRows: null

2020-09-15 14:30:52 - [TEST_STEP][PASSED] - taskName = "Reference Data": null

2020-09-15 14:30:52 - [TEST_STEP][PASSED] - verifyElementText(findTestObject("Object Repository/FDR-System-Admin/SysAdmin-Dashboard/maintainReferenceDataTxt"), taskName): Actual text and expected text of test object 'Object Repository/FDR-System-Admin/SysAdmin-Dashboard/maintainReferenceDataTxt' are matched.

2020-09-15 14:30:53 - [MESSAGE][PASSED] - Actual text and expected text of test object 'Object Repository/FDR-System-Admin/SysAdmin-Dashboard/maintainReferenceDataTxt' are matched.

2020-09-15 14:30:53 - [TEST_STEP][PASSED] - click(findTestObject("Object Repository/FDR-System-Admin/SysAdmin-Dashboard/maintainReferenceDataBtn")): Object: 'Object Repository/FDR-System-Admin/SysAdmin-Dashboard/maintainReferenceDataBtn' is clicked on

2020-09-15 14:30:53 - [MESSAGE][PASSED] - Object: 'Object Repository/FDR-System-Admin/SysAdmin-Dashboard/maintainReferenceDataBtn' is clicked on

2020-09-15 14:30:53 - [TEST_STEP][PASSED] - setText(findTestObject("Object Repository/FDR-System-Admin/FDR-ReferencePage/referenceDataNameInput"), ""): Text '' is set on object 'Object Repository/FDR-System-Admin/FDR-ReferencePage/referenceDataNameInput'

2020-09-15 14:30:54 - [MESSAGE][PASSED] - Text '' is set on object 'Object Repository/FDR-System-Admin/FDR-ReferencePage/referenceDataNameInput'

2020-09-15 14:30:54 - [TEST_STEP][PASSED] - click(findTestObject("Object Repository/FDR-System-Admin/FDR-ReferencePage/referenceDataDropdown")): Object: 'Object Repository/FDR-System-Admin/FDR-ReferencePage/referenceDataDropdown' is clicked on

2020-09-15 14:30:54 - [MESSAGE][PASSED] - Object: 'Object Repository/FDR-System-Admin/FDR-ReferencePage/referenceDataDropdown' is clicked on

2020-09-15 14:30:54 - [TEST_STEP][PASSED] - click(findTestObject("Object Repository/FDR-System-Admin/FDR-ReferencePage/fdrAppropriationReference")): Object: 'Object Repository/FDR-System-Admin/FDR-ReferencePage/fdrAppropriationReference' is clicked on

2020-09-15 14:30:55 - [MESSAGE][PASSED] - Object: 'Object Repository/FDR-System-Admin/FDR-ReferencePage/fdrAppropriationReference' is clicked on

2020-09-15 14:30:55 - [TEST_STEP][PASSED] - label = getText(findTestObject("FDR-System-Admin/FDR-ReferencePage/fdrAppropriationReferences/FDRAppropriationTable/code")): Text of object 'Object Repository/FDR-System-Admin/FDR-ReferencePage/fdrAppropriationReferences/FDRAppropriationTable/code' is: 'Code'

2020-09-15 14:30:55 - [MESSAGE][PASSED] - Text of object 'Object Repository/FDR-System-Admin/FDR-ReferencePage/fdrAppropriationReferences/FDRAppropriationTable/code' is: 'Code'

2020-09-15 14:30:55 - [TEST_STEP][PASSED] - assert label == "Code": null

2020-09-15 14:30:55 - [TEST_STEP][PASSED] - Start listener action : sampleAfterTestCase: null

2020-09-15 14:30:55 - [TEST_STEP][PASSED] - profileName = getExecutionProfile(): null

2020-09-15 14:30:55 - [TEST_STEP][PASSED] - switch (profileName): null

2020-09-15 14:30:55 - [TEST_STEP][PASSED] - case "superUser":: null

2020-09-15 14:30:55 - [TEST_STEP][PASSED] - return null: null

2020-09-15 14:30:55 - [TEST_STEP][PASSED] - Start listener action : afterTestCase: Browser is closed

2020-09-15 14:30:55 - [TEST_STEP][PASSED] - profileName = getExecutionProfile(): null

2020-09-15 14:30:55 - [TEST_STEP][PASSED] - if (profileName.equalsIgnoreCase("SysAdmin")): Browser is closed

2020-09-15 14:30:55 - [TEST_STEP][PASSED] - closeBrowser(): Browser is closed

2020-09-15 14:30:56 - [MESSAGE][PASSED] - Browser is closed

2020-09-15 14:30:56 - [TEST_STEP][PASSED] - Start listener action : sampleAfterTestCase: null

2020-09-15 14:30:56 - [TEST_STEP][PASSED] - profileName = getExecutionProfile(): null

2020-09-15 14:30:56 - [TEST_STEP][PASSED] - switch (profileName): null

2020-09-15 14:30:56 - [TEST_STEP][PASSED] - Default: null

2020-09-15 14:30:56 - [TEST_STEP][PASSED] - return null: null

2020-09-15 14:30:56 - [TEST_STEP][PASSED] - Start listener action : addFailedTCToList: null]]></system-out>
         <system-err><![CDATA[]]></system-err>
      </testcase>
      <testcase name="Test Cases/WEB-UI-TESTS/SysAdmin/ReferencePage/ReferenceDetail/FDR-Add-WaiverNameDetailReview" time="34.102" classname="Test Cases/WEB-UI-TESTS/SysAdmin/ReferencePage/ReferenceDetail/FDR-Add-WaiverNameDetailReview" status="PASSED">
         <system-out><![CDATA[2020-09-15 14:30:56 - [TEST_CASE][PASSED] - Test Cases/WEB-UI-TESTS/SysAdmin/ReferencePage/ReferenceDetail/FDR-Add-WaiverNameDetailReview: Test Cases/WEB-UI-TESTS/SysAdmin/ReferencePage/ReferenceDetail/FDR-Add-WaiverNameDetailReview

2020-09-15 14:30:56 - [TEST_STEP][PASSED] - Start listener action : sampleBeforeTestCase: null

2020-09-15 14:30:56 - [TEST_STEP][PASSED] - profileName = getExecutionProfile(): null

2020-09-15 14:30:56 - [TEST_STEP][PASSED] - switch (profileName): null

2020-09-15 14:30:56 - [TEST_STEP][PASSED] - case "superUser":: null

2020-09-15 14:30:56 - [TEST_STEP][PASSED] - return null: null

2020-09-15 14:30:56 - [TEST_STEP][PASSED] - Start listener action : beforeTestCase: Call Test Case 'Test Cases/WEB-UI-TESTS/SysAdmin/SystemAdmin-Login' successfully

2020-09-15 14:30:56 - [TEST_STEP][PASSED] - profileName = getExecutionProfile(): null

2020-09-15 14:30:56 - [TEST_STEP][PASSED] - if (profileName.equalsIgnoreCase("SysAdmin")): Call Test Case 'Test Cases/WEB-UI-TESTS/SysAdmin/SystemAdmin-Login' successfully

2020-09-15 14:30:56 - [TEST_STEP][PASSED] - callTestCase(findTestCase("Test Cases/WEB-UI-TESTS/SysAdmin/SystemAdmin-Login"), null): Call Test Case 'Test Cases/WEB-UI-TESTS/SysAdmin/SystemAdmin-Login' successfully

2020-09-15 14:30:56 - [TEST_CASE][PASSED] - Test Cases/WEB-UI-TESTS/SysAdmin/SystemAdmin-Login: Test Cases/WEB-UI-TESTS/SysAdmin/SystemAdmin-Login

2020-09-15 14:30:56 - [TEST_STEP][PASSED] - openBrowser(URL): Browser is opened with url: 'https://fdr-katalon.cammis-mod-dev.dhcs.ca.gov'

2020-09-15 14:30:56 - [MESSAGE][INFO] - Starting 'Chrome' driver

2020-09-15 14:30:56 - [MESSAGE][INFO] - Action delay is set to 0 milliseconds

2020-09-15 14:31:01 - [MESSAGE][PASSED] - Browser is opened with url: 'https://fdr-katalon.cammis-mod-dev.dhcs.ca.gov'

2020-09-15 14:31:01 - [TEST_STEP][PASSED] - maximizeWindow(): Current window maximized

2020-09-15 14:31:04 - [MESSAGE][PASSED] - Current window maximized

2020-09-15 14:31:04 - [TEST_STEP][PASSED] - refresh(): Refresh successfully

2020-09-15 14:31:04 - [MESSAGE][PASSED] - Refresh successfully

2020-09-15 14:31:04 - [TEST_STEP][PASSED] - delay(2): Delayed 2 second(s)

2020-09-15 14:31:06 - [MESSAGE][PASSED] - Delayed 2 second(s)

2020-09-15 14:31:06 - [TEST_STEP][PASSED] - waitForElementPresent(findTestObject("FDR-System-Admin/SysAdmin-SignIn/adminEmail"), 5): Object 'Object Repository/FDR-System-Admin/SysAdmin-SignIn/adminEmail' is present

2020-09-15 14:31:06 - [MESSAGE][PASSED] - Object 'Object Repository/FDR-System-Admin/SysAdmin-SignIn/adminEmail' is present

2020-09-15 14:31:06 - [TEST_STEP][PASSED] - setText(findTestObject("FDR-System-Admin/SysAdmin-SignIn/adminEmail"), adminEmail): Text 'fdr.test10@dhcs.ca.gov
' is set on object 'Object Repository/FDR-System-Admin/SysAdmin-SignIn/adminEmail'

2020-09-15 14:31:07 - [MESSAGE][PASSED] - Text 'fdr.test10@dhcs.ca.gov
' is set on object 'Object Repository/FDR-System-Admin/SysAdmin-SignIn/adminEmail'

2020-09-15 14:31:07 - [TEST_STEP][PASSED] - waitForElementPresent(findTestObject("FDR-System-Admin/SysAdmin-SignIn/adminUserName"), 5): Object 'Object Repository/FDR-System-Admin/SysAdmin-SignIn/adminUserName' is present

2020-09-15 14:31:13 - [MESSAGE][PASSED] - Object 'Object Repository/FDR-System-Admin/SysAdmin-SignIn/adminUserName' is present

2020-09-15 14:31:13 - [TEST_STEP][PASSED] - setText(findTestObject("FDR-System-Admin/SysAdmin-SignIn/adminUserName"), UserName): Text 'fdr.test10@dhcs.ca.gov' is set on object 'Object Repository/FDR-System-Admin/SysAdmin-SignIn/adminUserName'

2020-09-15 14:31:14 - [MESSAGE][PASSED] - Text 'fdr.test10@dhcs.ca.gov' is set on object 'Object Repository/FDR-System-Admin/SysAdmin-SignIn/adminUserName'

2020-09-15 14:31:14 - [TEST_STEP][PASSED] - setText(findTestObject("FDR-System-Admin/SysAdmin-SignIn/adminPass"), Password): Text 'Password18' is set on object 'Object Repository/FDR-System-Admin/SysAdmin-SignIn/adminPass'

2020-09-15 14:31:14 - [MESSAGE][PASSED] - Text 'Password18' is set on object 'Object Repository/FDR-System-Admin/SysAdmin-SignIn/adminPass'

2020-09-15 14:31:14 - [TEST_STEP][PASSED] - click(findTestObject("FDR-System-Admin/SysAdmin-SignIn/adminSignIn")): Object: 'Object Repository/FDR-System-Admin/SysAdmin-SignIn/adminSignIn' is clicked on

2020-09-15 14:31:16 - [MESSAGE][PASSED] - Object: 'Object Repository/FDR-System-Admin/SysAdmin-SignIn/adminSignIn' is clicked on

2020-09-15 14:31:16 - [TEST_STEP][PASSED] - waitForElementPresent(findTestObject("Object Repository/FDR-System-Admin/SysAdmin-Dashboard/maintainReferenceDataBtn"), 3): Object 'Object Repository/FDR-System-Admin/SysAdmin-Dashboard/maintainReferenceDataBtn' is present

2020-09-15 14:31:18 - [MESSAGE][PASSED] - Object 'Object Repository/FDR-System-Admin/SysAdmin-Dashboard/maintainReferenceDataBtn' is present

2020-09-15 14:31:18 - [TEST_STEP][PASSED] - verifyElementPresent(findTestObject("Object Repository/FDR-System-Admin/SysAdmin-Dashboard/maintainReferenceDataBtn"), Timeout): Object 'Object Repository/FDR-System-Admin/SysAdmin-Dashboard/maintainReferenceDataBtn' is present

2020-09-15 14:31:18 - [MESSAGE][PASSED] - Object 'Object Repository/FDR-System-Admin/SysAdmin-Dashboard/maintainReferenceDataBtn' is present

2020-09-15 14:31:18 - [TEST_STEP][PASSED] - refresh(): Refresh successfully

2020-09-15 14:31:18 - [MESSAGE][PASSED] - Refresh successfully

2020-09-15 14:31:18 - [MESSAGE][PASSED] - Call Test Case 'Test Cases/WEB-UI-TESTS/SysAdmin/SystemAdmin-Login' successfully

2020-09-15 14:31:18 - [TEST_STEP][PASSED] - Start listener action : sampleBeforeTestCase: null

2020-09-15 14:31:18 - [TEST_STEP][PASSED] - profileName = getExecutionProfile(): null

2020-09-15 14:31:18 - [TEST_STEP][PASSED] - testCaseId = testCaseContext.getTestCaseId(): null

2020-09-15 14:31:18 - [TEST_STEP][PASSED] - switch (profileName): null

2020-09-15 14:31:18 - [TEST_STEP][PASSED] - Default: null

2020-09-15 14:31:18 - [TEST_STEP][PASSED] - return null: null

2020-09-15 14:31:18 - [TEST_STEP][PASSED] - Start listener action : executeRows: null

2020-09-15 14:31:19 - [TEST_STEP][PASSED] - click(findTestObject("Object Repository/FDR-System-Admin/SysAdmin-Dashboard/maintainReferenceDataBtn")): Object: 'Object Repository/FDR-System-Admin/SysAdmin-Dashboard/maintainReferenceDataBtn' is clicked on

2020-09-15 14:31:19 - [MESSAGE][PASSED] - Object: 'Object Repository/FDR-System-Admin/SysAdmin-Dashboard/maintainReferenceDataBtn' is clicked on

2020-09-15 14:31:19 - [TEST_STEP][PASSED] - setText(findTestObject("FDR-System-Admin/FDR-ReferencePage/referenceDataNameInput"), ""): Text '' is set on object 'Object Repository/FDR-System-Admin/FDR-ReferencePage/referenceDataNameInput'

2020-09-15 14:31:20 - [MESSAGE][PASSED] - Text '' is set on object 'Object Repository/FDR-System-Admin/FDR-ReferencePage/referenceDataNameInput'

2020-09-15 14:31:20 - [TEST_STEP][PASSED] - click(findTestObject("Object Repository/FDR-System-Admin/FDR-ReferencePage/referenceDataDropdown")): Object: 'Object Repository/FDR-System-Admin/FDR-ReferencePage/referenceDataDropdown' is clicked on

2020-09-15 14:31:20 - [MESSAGE][PASSED] - Object: 'Object Repository/FDR-System-Admin/FDR-ReferencePage/referenceDataDropdown' is clicked on

2020-09-15 14:31:20 - [TEST_STEP][PASSED] - click(findTestObject("FDR-System-Admin/FDR-ReferencePage/waiverName")): Object: 'Object Repository/FDR-System-Admin/FDR-ReferencePage/waiverName' is clicked on

2020-09-15 14:31:21 - [MESSAGE][PASSED] - Object: 'Object Repository/FDR-System-Admin/FDR-ReferencePage/waiverName' is clicked on

2020-09-15 14:31:21 - [TEST_STEP][PASSED] - waitForElementPresent(findTestObject("Object Repository/FDR-System-Admin/FDR-Add-WaiverName/addWaiverNameBtn"), 3): Object 'Object Repository/FDR-System-Admin/FDR-Add-WaiverName/addWaiverNameBtn' is present

2020-09-15 14:31:21 - [MESSAGE][PASSED] - Object 'Object Repository/FDR-System-Admin/FDR-Add-WaiverName/addWaiverNameBtn' is present

2020-09-15 14:31:21 - [TEST_STEP][PASSED] - click(findTestObject("Object Repository/FDR-System-Admin/FDR-Add-WaiverName/addWaiverNameBtn")): Object: 'Object Repository/FDR-System-Admin/FDR-Add-WaiverName/addWaiverNameBtn' is clicked on

2020-09-15 14:31:22 - [MESSAGE][PASSED] - Object: 'Object Repository/FDR-System-Admin/FDR-Add-WaiverName/addWaiverNameBtn' is clicked on

2020-09-15 14:31:22 - [TEST_STEP][PASSED] - waiverName = randomAlphabetic(5).toUpperCase(): null

2020-09-15 14:31:22 - [TEST_STEP][PASSED] - waitForElementPresent(findTestObject("Object Repository/FDR-System-Admin/FDR-Add-WaiverName/newWaiverNameHeader"), 3): Object 'Object Repository/FDR-System-Admin/FDR-Add-WaiverName/newWaiverNameHeader' is present

2020-09-15 14:31:22 - [MESSAGE][PASSED] - Object 'Object Repository/FDR-System-Admin/FDR-Add-WaiverName/newWaiverNameHeader' is present

2020-09-15 14:31:22 - [TEST_STEP][PASSED] - waitForElementPresent(findTestObject("Object Repository/FDR-System-Admin/FDR-Add-WaiverName/waiverNameInputText"), 3): Object 'Object Repository/FDR-System-Admin/FDR-Add-WaiverName/waiverNameInputText' is present

2020-09-15 14:31:22 - [MESSAGE][PASSED] - Object 'Object Repository/FDR-System-Admin/FDR-Add-WaiverName/waiverNameInputText' is present

2020-09-15 14:31:22 - [TEST_STEP][PASSED] - setText(findTestObject("Object Repository/FDR-System-Admin/FDR-Add-WaiverName/waiverNameInputText"), "A-Family " + waiverName): Text 'A-Family GMBHA' is set on object 'Object Repository/FDR-System-Admin/FDR-Add-WaiverName/waiverNameInputText'

2020-09-15 14:31:23 - [MESSAGE][PASSED] - Text 'A-Family GMBHA' is set on object 'Object Repository/FDR-System-Admin/FDR-Add-WaiverName/waiverNameInputText'

2020-09-15 14:31:23 - [TEST_STEP][PASSED] - waitForElementPresent(findTestObject("Object Repository/FDR-System-Admin/FDR-Add-WaiverName/waiverNameConfirmBtn"), 3): Object 'Object Repository/FDR-System-Admin/FDR-Add-WaiverName/waiverNameConfirmBtn' is present

2020-09-15 14:31:24 - [MESSAGE][PASSED] - Object 'Object Repository/FDR-System-Admin/FDR-Add-WaiverName/waiverNameConfirmBtn' is present

2020-09-15 14:31:24 - [TEST_STEP][PASSED] - click(findTestObject("Object Repository/FDR-System-Admin/FDR-Add-WaiverName/waiverNameConfirmBtn")): Object: 'Object Repository/FDR-System-Admin/FDR-Add-WaiverName/waiverNameConfirmBtn' is clicked on

2020-09-15 14:31:24 - [MESSAGE][PASSED] - Object: 'Object Repository/FDR-System-Admin/FDR-Add-WaiverName/waiverNameConfirmBtn' is clicked on

2020-09-15 14:31:24 - [TEST_STEP][PASSED] - waitForElementPresent(findTestObject("Object Repository/FDR-System-Admin/FDR-Add-WaiverName/waiverNameHeader"), 3): Object 'Object Repository/FDR-System-Admin/FDR-Add-WaiverName/waiverNameHeader' is present

2020-09-15 14:31:25 - [MESSAGE][PASSED] - Object 'Object Repository/FDR-System-Admin/FDR-Add-WaiverName/waiverNameHeader' is present

2020-09-15 14:31:25 - [TEST_STEP][PASSED] - waitForElementPresent(findTestObject("Object Repository/FDR-System-Admin/FDR-Edit-WaiverName/waiverNameElipsisBtn"), 3): Object 'Object Repository/FDR-System-Admin/FDR-Edit-WaiverName/waiverNameElipsisBtn' is present

2020-09-15 14:31:25 - [MESSAGE][PASSED] - Object 'Object Repository/FDR-System-Admin/FDR-Edit-WaiverName/waiverNameElipsisBtn' is present

2020-09-15 14:31:25 - [TEST_STEP][PASSED] - click(findTestObject("Object Repository/FDR-System-Admin/FDR-Edit-WaiverName/waiverNameElipsisBtn")): Object: 'Object Repository/FDR-System-Admin/FDR-Edit-WaiverName/waiverNameElipsisBtn' is clicked on

2020-09-15 14:31:25 - [MESSAGE][PASSED] - Object: 'Object Repository/FDR-System-Admin/FDR-Edit-WaiverName/waiverNameElipsisBtn' is clicked on

2020-09-15 14:31:25 - [TEST_STEP][PASSED] - waitForElementPresent(findTestObject("Object Repository/FDR-System-Admin/FDR-Edit-WaiverName/waiverNameEditBtn"), 3): Object 'Object Repository/FDR-System-Admin/FDR-Edit-WaiverName/waiverNameEditBtn' is present

2020-09-15 14:31:26 - [MESSAGE][PASSED] - Object 'Object Repository/FDR-System-Admin/FDR-Edit-WaiverName/waiverNameEditBtn' is present

2020-09-15 14:31:26 - [TEST_STEP][PASSED] - click(findTestObject("Object Repository/FDR-System-Admin/FDR-Edit-WaiverName/waiverNameEditBtn")): Object: 'Object Repository/FDR-System-Admin/FDR-Edit-WaiverName/waiverNameEditBtn' is clicked on

2020-09-15 14:31:26 - [MESSAGE][PASSED] - Object: 'Object Repository/FDR-System-Admin/FDR-Edit-WaiverName/waiverNameEditBtn' is clicked on

2020-09-15 14:31:26 - [TEST_STEP][PASSED] - editWaiverName = randomAlphabetic(5).toUpperCase(): null

2020-09-15 14:31:26 - [TEST_STEP][PASSED] - waitForElementPresent(findTestObject("Object Repository/FDR-System-Admin/FDR-Add-WaiverName/waiverNameInputText"), 3): Object 'Object Repository/FDR-System-Admin/FDR-Add-WaiverName/waiverNameInputText' is present

2020-09-15 14:31:27 - [MESSAGE][PASSED] - Object 'Object Repository/FDR-System-Admin/FDR-Add-WaiverName/waiverNameInputText' is present

2020-09-15 14:31:27 - [TEST_STEP][PASSED] - doubleClick(findTestObject("Object Repository/FDR-System-Admin/FDR-Add-WaiverName/waiverNameInputText")): Object: 'Object Repository/FDR-System-Admin/FDR-Add-WaiverName/waiverNameInputText' is double clicked on

2020-09-15 14:31:27 - [MESSAGE][PASSED] - Object: 'Object Repository/FDR-System-Admin/FDR-Add-WaiverName/waiverNameInputText' is double clicked on

2020-09-15 14:31:27 - [TEST_STEP][PASSED] - sendKeys(findTestObject("Object Repository/FDR-System-Admin/FDR-Add-WaiverName/waiverNameInputText"), Keys.chord(BACK_SPACE)): Keys 'BACK_SPACE + ' sent to object: 'Object Repository/FDR-System-Admin/FDR-Add-WaiverName/waiverNameInputText'

2020-09-15 14:31:27 - [MESSAGE][PASSED] - Keys 'BACK_SPACE + ' sent to object: 'Object Repository/FDR-System-Admin/FDR-Add-WaiverName/waiverNameInputText'

2020-09-15 14:31:27 - [TEST_STEP][PASSED] - setText(findTestObject("Object Repository/FDR-System-Admin/FDR-Add-WaiverName/waiverNameInputText"), waiverName): Text 'GMBHA' is set on object 'Object Repository/FDR-System-Admin/FDR-Add-WaiverName/waiverNameInputText'

2020-09-15 14:31:29 - [MESSAGE][PASSED] - Text 'GMBHA' is set on object 'Object Repository/FDR-System-Admin/FDR-Add-WaiverName/waiverNameInputText'

2020-09-15 14:31:29 - [TEST_STEP][PASSED] - waitForElementPresent(findTestObject("Object Repository/FDR-System-Admin/FDR-Add-WaiverName/waiverNameSaveBtn"), 3): Object 'Object Repository/FDR-System-Admin/FDR-Add-WaiverName/waiverNameSaveBtn' is present

2020-09-15 14:31:29 - [MESSAGE][PASSED] - Object 'Object Repository/FDR-System-Admin/FDR-Add-WaiverName/waiverNameSaveBtn' is present

2020-09-15 14:31:29 - [TEST_STEP][PASSED] - click(findTestObject("Object Repository/FDR-System-Admin/FDR-Add-WaiverName/waiverNameSaveBtn")): Object: 'Object Repository/FDR-System-Admin/FDR-Add-WaiverName/waiverNameSaveBtn' is clicked on

2020-09-15 14:31:29 - [MESSAGE][PASSED] - Object: 'Object Repository/FDR-System-Admin/FDR-Add-WaiverName/waiverNameSaveBtn' is clicked on

2020-09-15 14:31:29 - [TEST_STEP][PASSED] - Start listener action : sampleAfterTestCase: null

2020-09-15 14:31:29 - [TEST_STEP][PASSED] - profileName = getExecutionProfile(): null

2020-09-15 14:31:29 - [TEST_STEP][PASSED] - switch (profileName): null

2020-09-15 14:31:29 - [TEST_STEP][PASSED] - case "superUser":: null

2020-09-15 14:31:29 - [TEST_STEP][PASSED] - return null: null

2020-09-15 14:31:29 - [TEST_STEP][PASSED] - Start listener action : afterTestCase: Browser is closed

2020-09-15 14:31:29 - [TEST_STEP][PASSED] - profileName = getExecutionProfile(): null

2020-09-15 14:31:29 - [TEST_STEP][PASSED] - if (profileName.equalsIgnoreCase("SysAdmin")): Browser is closed

2020-09-15 14:31:29 - [TEST_STEP][PASSED] - closeBrowser(): Browser is closed

2020-09-15 14:31:30 - [MESSAGE][PASSED] - Browser is closed

2020-09-15 14:31:30 - [TEST_STEP][PASSED] - Start listener action : sampleAfterTestCase: null

2020-09-15 14:31:30 - [TEST_STEP][PASSED] - profileName = getExecutionProfile(): null

2020-09-15 14:31:30 - [TEST_STEP][PASSED] - switch (profileName): null

2020-09-15 14:31:30 - [TEST_STEP][PASSED] - Default: null

2020-09-15 14:31:30 - [TEST_STEP][PASSED] - return null: null

2020-09-15 14:31:30 - [TEST_STEP][PASSED] - Start listener action : addFailedTCToList: null]]></system-out>
         <system-err><![CDATA[]]></system-err>
      </testcase>
      <testcase name="Test Cases/WEB-UI-TESTS/SysAdmin/ReferencePage/ReferenceDetail/FDR-Add-WaiverTypeDetailReview" time="29.464" classname="Test Cases/WEB-UI-TESTS/SysAdmin/ReferencePage/ReferenceDetail/FDR-Add-WaiverTypeDetailReview" status="PASSED">
         <system-out><![CDATA[2020-09-15 14:31:30 - [TEST_CASE][PASSED] - Test Cases/WEB-UI-TESTS/SysAdmin/ReferencePage/ReferenceDetail/FDR-Add-WaiverTypeDetailReview: Test Cases/WEB-UI-TESTS/SysAdmin/ReferencePage/ReferenceDetail/FDR-Add-WaiverTypeDetailReview

2020-09-15 14:31:30 - [TEST_STEP][PASSED] - Start listener action : sampleBeforeTestCase: null

2020-09-15 14:31:30 - [TEST_STEP][PASSED] - profileName = getExecutionProfile(): null

2020-09-15 14:31:30 - [TEST_STEP][PASSED] - switch (profileName): null

2020-09-15 14:31:30 - [TEST_STEP][PASSED] - case "superUser":: null

2020-09-15 14:31:30 - [TEST_STEP][PASSED] - return null: null

2020-09-15 14:31:30 - [TEST_STEP][PASSED] - Start listener action : beforeTestCase: Call Test Case 'Test Cases/WEB-UI-TESTS/SysAdmin/SystemAdmin-Login' successfully

2020-09-15 14:31:30 - [TEST_STEP][PASSED] - profileName = getExecutionProfile(): null

2020-09-15 14:31:30 - [TEST_STEP][PASSED] - if (profileName.equalsIgnoreCase("SysAdmin")): Call Test Case 'Test Cases/WEB-UI-TESTS/SysAdmin/SystemAdmin-Login' successfully

2020-09-15 14:31:30 - [TEST_STEP][PASSED] - callTestCase(findTestCase("Test Cases/WEB-UI-TESTS/SysAdmin/SystemAdmin-Login"), null): Call Test Case 'Test Cases/WEB-UI-TESTS/SysAdmin/SystemAdmin-Login' successfully

2020-09-15 14:31:30 - [TEST_CASE][PASSED] - Test Cases/WEB-UI-TESTS/SysAdmin/SystemAdmin-Login: Test Cases/WEB-UI-TESTS/SysAdmin/SystemAdmin-Login

2020-09-15 14:31:30 - [TEST_STEP][PASSED] - openBrowser(URL): Browser is opened with url: 'https://fdr-katalon.cammis-mod-dev.dhcs.ca.gov'

2020-09-15 14:31:30 - [MESSAGE][INFO] - Starting 'Chrome' driver

2020-09-15 14:31:30 - [MESSAGE][INFO] - Action delay is set to 0 milliseconds

2020-09-15 14:31:34 - [MESSAGE][PASSED] - Browser is opened with url: 'https://fdr-katalon.cammis-mod-dev.dhcs.ca.gov'

2020-09-15 14:31:34 - [TEST_STEP][PASSED] - maximizeWindow(): Current window maximized

2020-09-15 14:31:37 - [MESSAGE][PASSED] - Current window maximized

2020-09-15 14:31:37 - [TEST_STEP][PASSED] - refresh(): Refresh successfully

2020-09-15 14:31:37 - [MESSAGE][PASSED] - Refresh successfully

2020-09-15 14:31:37 - [TEST_STEP][PASSED] - delay(2): Delayed 2 second(s)

2020-09-15 14:31:39 - [MESSAGE][PASSED] - Delayed 2 second(s)

2020-09-15 14:31:39 - [TEST_STEP][PASSED] - waitForElementPresent(findTestObject("FDR-System-Admin/SysAdmin-SignIn/adminEmail"), 5): Object 'Object Repository/FDR-System-Admin/SysAdmin-SignIn/adminEmail' is present

2020-09-15 14:31:39 - [MESSAGE][PASSED] - Object 'Object Repository/FDR-System-Admin/SysAdmin-SignIn/adminEmail' is present

2020-09-15 14:31:39 - [TEST_STEP][PASSED] - setText(findTestObject("FDR-System-Admin/SysAdmin-SignIn/adminEmail"), adminEmail): Text 'fdr.test10@dhcs.ca.gov
' is set on object 'Object Repository/FDR-System-Admin/SysAdmin-SignIn/adminEmail'

2020-09-15 14:31:40 - [MESSAGE][PASSED] - Text 'fdr.test10@dhcs.ca.gov
' is set on object 'Object Repository/FDR-System-Admin/SysAdmin-SignIn/adminEmail'

2020-09-15 14:31:40 - [TEST_STEP][PASSED] - waitForElementPresent(findTestObject("FDR-System-Admin/SysAdmin-SignIn/adminUserName"), 5): Object 'Object Repository/FDR-System-Admin/SysAdmin-SignIn/adminUserName' is present

2020-09-15 14:31:43 - [MESSAGE][PASSED] - Object 'Object Repository/FDR-System-Admin/SysAdmin-SignIn/adminUserName' is present

2020-09-15 14:31:43 - [TEST_STEP][PASSED] - setText(findTestObject("FDR-System-Admin/SysAdmin-SignIn/adminUserName"), UserName): Text 'fdr.test10@dhcs.ca.gov' is set on object 'Object Repository/FDR-System-Admin/SysAdmin-SignIn/adminUserName'

2020-09-15 14:31:44 - [MESSAGE][PASSED] - Text 'fdr.test10@dhcs.ca.gov' is set on object 'Object Repository/FDR-System-Admin/SysAdmin-SignIn/adminUserName'

2020-09-15 14:31:44 - [TEST_STEP][PASSED] - setText(findTestObject("FDR-System-Admin/SysAdmin-SignIn/adminPass"), Password): Text 'Password18' is set on object 'Object Repository/FDR-System-Admin/SysAdmin-SignIn/adminPass'

2020-09-15 14:31:44 - [MESSAGE][PASSED] - Text 'Password18' is set on object 'Object Repository/FDR-System-Admin/SysAdmin-SignIn/adminPass'

2020-09-15 14:31:44 - [TEST_STEP][PASSED] - click(findTestObject("FDR-System-Admin/SysAdmin-SignIn/adminSignIn")): Object: 'Object Repository/FDR-System-Admin/SysAdmin-SignIn/adminSignIn' is clicked on

2020-09-15 14:31:46 - [MESSAGE][PASSED] - Object: 'Object Repository/FDR-System-Admin/SysAdmin-SignIn/adminSignIn' is clicked on

2020-09-15 14:31:46 - [TEST_STEP][PASSED] - waitForElementPresent(findTestObject("Object Repository/FDR-System-Admin/SysAdmin-Dashboard/maintainReferenceDataBtn"), 3): Object 'Object Repository/FDR-System-Admin/SysAdmin-Dashboard/maintainReferenceDataBtn' is present

2020-09-15 14:31:48 - [MESSAGE][PASSED] - Object 'Object Repository/FDR-System-Admin/SysAdmin-Dashboard/maintainReferenceDataBtn' is present

2020-09-15 14:31:48 - [TEST_STEP][PASSED] - verifyElementPresent(findTestObject("Object Repository/FDR-System-Admin/SysAdmin-Dashboard/maintainReferenceDataBtn"), Timeout): Object 'Object Repository/FDR-System-Admin/SysAdmin-Dashboard/maintainReferenceDataBtn' is present

2020-09-15 14:31:48 - [MESSAGE][PASSED] - Object 'Object Repository/FDR-System-Admin/SysAdmin-Dashboard/maintainReferenceDataBtn' is present

2020-09-15 14:31:48 - [TEST_STEP][PASSED] - refresh(): Refresh successfully

2020-09-15 14:31:49 - [MESSAGE][PASSED] - Refresh successfully

2020-09-15 14:31:49 - [MESSAGE][PASSED] - Call Test Case 'Test Cases/WEB-UI-TESTS/SysAdmin/SystemAdmin-Login' successfully

2020-09-15 14:31:49 - [TEST_STEP][PASSED] - Start listener action : sampleBeforeTestCase: null

2020-09-15 14:31:49 - [TEST_STEP][PASSED] - profileName = getExecutionProfile(): null

2020-09-15 14:31:49 - [TEST_STEP][PASSED] - testCaseId = testCaseContext.getTestCaseId(): null

2020-09-15 14:31:49 - [TEST_STEP][PASSED] - switch (profileName): null

2020-09-15 14:31:49 - [TEST_STEP][PASSED] - Default: null

2020-09-15 14:31:49 - [TEST_STEP][PASSED] - return null: null

2020-09-15 14:31:49 - [TEST_STEP][PASSED] - Start listener action : executeRows: null

2020-09-15 14:31:49 - [TEST_STEP][PASSED] - click(findTestObject("Object Repository/FDR-System-Admin/SysAdmin-Dashboard/maintainReferenceDataBtn")): Object: 'Object Repository/FDR-System-Admin/SysAdmin-Dashboard/maintainReferenceDataBtn' is clicked on

2020-09-15 14:31:49 - [MESSAGE][PASSED] - Object: 'Object Repository/FDR-System-Admin/SysAdmin-Dashboard/maintainReferenceDataBtn' is clicked on

2020-09-15 14:31:49 - [TEST_STEP][PASSED] - setText(findTestObject("Object Repository/FDR-System-Admin/FDR-ReferencePage/referenceDataNameInput"), ""): Text '' is set on object 'Object Repository/FDR-System-Admin/FDR-ReferencePage/referenceDataNameInput'

2020-09-15 14:31:50 - [MESSAGE][PASSED] - Text '' is set on object 'Object Repository/FDR-System-Admin/FDR-ReferencePage/referenceDataNameInput'

2020-09-15 14:31:50 - [TEST_STEP][PASSED] - click(findTestObject("Object Repository/FDR-System-Admin/FDR-ReferencePage/referenceDataDropdown")): Object: 'Object Repository/FDR-System-Admin/FDR-ReferencePage/referenceDataDropdown' is clicked on

2020-09-15 14:31:50 - [MESSAGE][PASSED] - Object: 'Object Repository/FDR-System-Admin/FDR-ReferencePage/referenceDataDropdown' is clicked on

2020-09-15 14:31:50 - [TEST_STEP][PASSED] - click(findTestObject("Object Repository/FDR-System-Admin/FDR-ReferencePage/waiverTypes")): Object: 'Object Repository/FDR-System-Admin/FDR-ReferencePage/waiverTypes' is clicked on

2020-09-15 14:31:51 - [MESSAGE][PASSED] - Object: 'Object Repository/FDR-System-Admin/FDR-ReferencePage/waiverTypes' is clicked on

2020-09-15 14:31:51 - [TEST_STEP][PASSED] - waitForElementPresent(findTestObject("Object Repository/FDR-System-Admin/FDR-Add-WaiverTypes/addWaiverTypeBtn"), 3): Object 'Object Repository/FDR-System-Admin/FDR-Add-WaiverTypes/addWaiverTypeBtn' is present

2020-09-15 14:31:51 - [MESSAGE][PASSED] - Object 'Object Repository/FDR-System-Admin/FDR-Add-WaiverTypes/addWaiverTypeBtn' is present

2020-09-15 14:31:51 - [TEST_STEP][PASSED] - click(findTestObject("Object Repository/FDR-System-Admin/FDR-Add-WaiverTypes/addWaiverTypeBtn")): Object: 'Object Repository/FDR-System-Admin/FDR-Add-WaiverTypes/addWaiverTypeBtn' is clicked on

2020-09-15 14:31:52 - [MESSAGE][PASSED] - Object: 'Object Repository/FDR-System-Admin/FDR-Add-WaiverTypes/addWaiverTypeBtn' is clicked on

2020-09-15 14:31:52 - [TEST_STEP][PASSED] - waitForElementPresent(findTestObject("Object Repository/FDR-System-Admin/FDR-Add-WaiverTypes/newWaiverTypeHeader"), 3): Object 'Object Repository/FDR-System-Admin/FDR-Add-WaiverTypes/newWaiverTypeHeader' is present

2020-09-15 14:31:52 - [MESSAGE][PASSED] - Object 'Object Repository/FDR-System-Admin/FDR-Add-WaiverTypes/newWaiverTypeHeader' is present

2020-09-15 14:31:52 - [TEST_STEP][PASSED] - waitForElementPresent(findTestObject("Object Repository/FDR-System-Admin/FDR-Add-WaiverTypes/waiverTypeInputText"), 3): Object 'Object Repository/FDR-System-Admin/FDR-Add-WaiverTypes/waiverTypeInputText' is present

2020-09-15 14:31:52 - [MESSAGE][PASSED] - Object 'Object Repository/FDR-System-Admin/FDR-Add-WaiverTypes/waiverTypeInputText' is present

2020-09-15 14:31:52 - [TEST_STEP][PASSED] - waiverType = randomAlphanumeric(6).toUpperCase(): null

2020-09-15 14:31:52 - [TEST_STEP][PASSED] - setText(findTestObject("Object Repository/FDR-System-Admin/FDR-Add-WaiverTypes/waiverTypeInputText"), waiverType): Text 'EFOOYD' is set on object 'Object Repository/FDR-System-Admin/FDR-Add-WaiverTypes/waiverTypeInputText'

2020-09-15 14:31:53 - [MESSAGE][PASSED] - Text 'EFOOYD' is set on object 'Object Repository/FDR-System-Admin/FDR-Add-WaiverTypes/waiverTypeInputText'

2020-09-15 14:31:53 - [TEST_STEP][PASSED] - waitForElementPresent(findTestObject("Object Repository/FDR-System-Admin/FDR-Add-WaiverTypes/waiverTypeConfirmBtn"), 3): Object 'Object Repository/FDR-System-Admin/FDR-Add-WaiverTypes/waiverTypeConfirmBtn' is present

2020-09-15 14:31:53 - [MESSAGE][PASSED] - Object 'Object Repository/FDR-System-Admin/FDR-Add-WaiverTypes/waiverTypeConfirmBtn' is present

2020-09-15 14:31:53 - [TEST_STEP][PASSED] - click(findTestObject("Object Repository/FDR-System-Admin/FDR-Add-WaiverTypes/waiverTypeConfirmBtn")): Object: 'Object Repository/FDR-System-Admin/FDR-Add-WaiverTypes/waiverTypeConfirmBtn' is clicked on

2020-09-15 14:31:54 - [MESSAGE][PASSED] - Object: 'Object Repository/FDR-System-Admin/FDR-Add-WaiverTypes/waiverTypeConfirmBtn' is clicked on

2020-09-15 14:31:54 - [TEST_STEP][PASSED] - waitForElementPresent(findTestObject("Object Repository/FDR-System-Admin/FDR-Add-WaiverTypes/waiverTypeHeader"), 3): Object 'Object Repository/FDR-System-Admin/FDR-Add-WaiverTypes/waiverTypeHeader' is present

2020-09-15 14:31:54 - [MESSAGE][PASSED] - Object 'Object Repository/FDR-System-Admin/FDR-Add-WaiverTypes/waiverTypeHeader' is present

2020-09-15 14:31:54 - [TEST_STEP][PASSED] - waitForElementPresent(findTestObject("Object Repository/FDR-System-Admin/FDR-Edit-WaiverType/waiverTypeElipsisBtn"), 3): Object 'Object Repository/FDR-System-Admin/FDR-Edit-WaiverType/waiverTypeElipsisBtn' is present

2020-09-15 14:31:55 - [MESSAGE][PASSED] - Object 'Object Repository/FDR-System-Admin/FDR-Edit-WaiverType/waiverTypeElipsisBtn' is present

2020-09-15 14:31:55 - [TEST_STEP][PASSED] - click(findTestObject("Object Repository/FDR-System-Admin/FDR-Edit-WaiverType/waiverTypeElipsisBtn")): Object: 'Object Repository/FDR-System-Admin/FDR-Edit-WaiverType/waiverTypeElipsisBtn' is clicked on

2020-09-15 14:31:55 - [MESSAGE][PASSED] - Object: 'Object Repository/FDR-System-Admin/FDR-Edit-WaiverType/waiverTypeElipsisBtn' is clicked on

2020-09-15 14:31:55 - [TEST_STEP][PASSED] - waitForElementPresent(findTestObject("Object Repository/FDR-System-Admin/FDR-Edit-WaiverType/waiverTypeEditBtn"), 3): Object 'Object Repository/FDR-System-Admin/FDR-Edit-WaiverType/waiverTypeEditBtn' is present

2020-09-15 14:31:55 - [MESSAGE][PASSED] - Object 'Object Repository/FDR-System-Admin/FDR-Edit-WaiverType/waiverTypeEditBtn' is present

2020-09-15 14:31:55 - [TEST_STEP][PASSED] - click(findTestObject("Object Repository/FDR-System-Admin/FDR-Edit-WaiverType/waiverTypeEditBtn")): Object: 'Object Repository/FDR-System-Admin/FDR-Edit-WaiverType/waiverTypeEditBtn' is clicked on

2020-09-15 14:31:56 - [MESSAGE][PASSED] - Object: 'Object Repository/FDR-System-Admin/FDR-Edit-WaiverType/waiverTypeEditBtn' is clicked on

2020-09-15 14:31:56 - [TEST_STEP][PASSED] - waitForElementPresent(findTestObject("Object Repository/FDR-System-Admin/FDR-Add-WaiverTypes/waiverTypeInputText"), 3): Object 'Object Repository/FDR-System-Admin/FDR-Add-WaiverTypes/waiverTypeInputText' is present

2020-09-15 14:31:57 - [MESSAGE][PASSED] - Object 'Object Repository/FDR-System-Admin/FDR-Add-WaiverTypes/waiverTypeInputText' is present

2020-09-15 14:31:57 - [TEST_STEP][PASSED] - editWaiverType = randomAlphanumeric(6).toUpperCase(): null

2020-09-15 14:31:57 - [TEST_STEP][PASSED] - doubleClick(findTestObject("Object Repository/FDR-System-Admin/FDR-Add-WaiverTypes/waiverTypeInputText")): Object: 'Object Repository/FDR-System-Admin/FDR-Add-WaiverTypes/waiverTypeInputText' is double clicked on

2020-09-15 14:31:57 - [MESSAGE][PASSED] - Object: 'Object Repository/FDR-System-Admin/FDR-Add-WaiverTypes/waiverTypeInputText' is double clicked on

2020-09-15 14:31:57 - [TEST_STEP][PASSED] - sendKeys(findTestObject("Object Repository/FDR-System-Admin/FDR-Add-WaiverTypes/waiverTypeInputText"), Keys.chord(BACK_SPACE)): Keys 'BACK_SPACE + ' sent to object: 'Object Repository/FDR-System-Admin/FDR-Add-WaiverTypes/waiverTypeInputText'

2020-09-15 14:31:57 - [MESSAGE][PASSED] - Keys 'BACK_SPACE + ' sent to object: 'Object Repository/FDR-System-Admin/FDR-Add-WaiverTypes/waiverTypeInputText'

2020-09-15 14:31:57 - [TEST_STEP][PASSED] - setText(findTestObject("Object Repository/FDR-System-Admin/FDR-Add-WaiverTypes/waiverTypeInputText"), editWaiverType): Text 'X539WU' is set on object 'Object Repository/FDR-System-Admin/FDR-Add-WaiverTypes/waiverTypeInputText'

2020-09-15 14:31:58 - [MESSAGE][PASSED] - Text 'X539WU' is set on object 'Object Repository/FDR-System-Admin/FDR-Add-WaiverTypes/waiverTypeInputText'

2020-09-15 14:31:58 - [TEST_STEP][PASSED] - waitForElementPresent(findTestObject("Object Repository/FDR-System-Admin/FDR-Edit-WaiverType/waiverTypeSaveBtn"), 3): Object 'Object Repository/FDR-System-Admin/FDR-Edit-WaiverType/waiverTypeSaveBtn' is present

2020-09-15 14:31:59 - [MESSAGE][PASSED] - Object 'Object Repository/FDR-System-Admin/FDR-Edit-WaiverType/waiverTypeSaveBtn' is present

2020-09-15 14:31:59 - [TEST_STEP][PASSED] - click(findTestObject("Object Repository/FDR-System-Admin/FDR-Edit-WaiverType/waiverTypeSaveBtn")): Object: 'Object Repository/FDR-System-Admin/FDR-Edit-WaiverType/waiverTypeSaveBtn' is clicked on

2020-09-15 14:31:59 - [MESSAGE][PASSED] - Object: 'Object Repository/FDR-System-Admin/FDR-Edit-WaiverType/waiverTypeSaveBtn' is clicked on

2020-09-15 14:31:59 - [TEST_STEP][PASSED] - Start listener action : sampleAfterTestCase: null

2020-09-15 14:31:59 - [TEST_STEP][PASSED] - profileName = getExecutionProfile(): null

2020-09-15 14:31:59 - [TEST_STEP][PASSED] - switch (profileName): null

2020-09-15 14:31:59 - [TEST_STEP][PASSED] - case "superUser":: null

2020-09-15 14:31:59 - [TEST_STEP][PASSED] - return null: null

2020-09-15 14:31:59 - [TEST_STEP][PASSED] - Start listener action : afterTestCase: Browser is closed

2020-09-15 14:31:59 - [TEST_STEP][PASSED] - profileName = getExecutionProfile(): null

2020-09-15 14:31:59 - [TEST_STEP][PASSED] - if (profileName.equalsIgnoreCase("SysAdmin")): Browser is closed

2020-09-15 14:31:59 - [TEST_STEP][PASSED] - closeBrowser(): Browser is closed

2020-09-15 14:32:00 - [MESSAGE][PASSED] - Browser is closed

2020-09-15 14:32:00 - [TEST_STEP][PASSED] - Start listener action : sampleAfterTestCase: null

2020-09-15 14:32:00 - [TEST_STEP][PASSED] - profileName = getExecutionProfile(): null

2020-09-15 14:32:00 - [TEST_STEP][PASSED] - switch (profileName): null

2020-09-15 14:32:00 - [TEST_STEP][PASSED] - Default: null

2020-09-15 14:32:00 - [TEST_STEP][PASSED] - return null: null

2020-09-15 14:32:00 - [TEST_STEP][PASSED] - Start listener action : addFailedTCToList: null]]></system-out>
         <system-err><![CDATA[]]></system-err>
      </testcase>
      <testcase name="Test Cases/WEB-UI-TESTS/SysAdmin/ReferencePage/ReferenceDetail/FDR-Add-FundingSourceDetailReview" time="62.354" classname="Test Cases/WEB-UI-TESTS/SysAdmin/ReferencePage/ReferenceDetail/FDR-Add-FundingSourceDetailReview" status="PASSED">
         <system-out><![CDATA[2020-09-15 14:32:00 - [TEST_CASE][PASSED] - Test Cases/WEB-UI-TESTS/SysAdmin/ReferencePage/ReferenceDetail/FDR-Add-FundingSourceDetailReview: Test Cases/WEB-UI-TESTS/SysAdmin/ReferencePage/ReferenceDetail/FDR-Add-FundingSourceDetailReview

2020-09-15 14:32:00 - [TEST_STEP][PASSED] - Start listener action : sampleBeforeTestCase: null

2020-09-15 14:32:00 - [TEST_STEP][PASSED] - profileName = getExecutionProfile(): null

2020-09-15 14:32:00 - [TEST_STEP][PASSED] - switch (profileName): null

2020-09-15 14:32:00 - [TEST_STEP][PASSED] - case "superUser":: null

2020-09-15 14:32:00 - [TEST_STEP][PASSED] - return null: null

2020-09-15 14:32:00 - [TEST_STEP][PASSED] - Start listener action : beforeTestCase: Call Test Case 'Test Cases/WEB-UI-TESTS/SysAdmin/SystemAdmin-Login' successfully

2020-09-15 14:32:00 - [TEST_STEP][PASSED] - profileName = getExecutionProfile(): null

2020-09-15 14:32:00 - [TEST_STEP][PASSED] - if (profileName.equalsIgnoreCase("SysAdmin")): Call Test Case 'Test Cases/WEB-UI-TESTS/SysAdmin/SystemAdmin-Login' successfully

2020-09-15 14:32:00 - [TEST_STEP][PASSED] - callTestCase(findTestCase("Test Cases/WEB-UI-TESTS/SysAdmin/SystemAdmin-Login"), null): Call Test Case 'Test Cases/WEB-UI-TESTS/SysAdmin/SystemAdmin-Login' successfully

2020-09-15 14:32:00 - [TEST_CASE][PASSED] - Test Cases/WEB-UI-TESTS/SysAdmin/SystemAdmin-Login: Test Cases/WEB-UI-TESTS/SysAdmin/SystemAdmin-Login

2020-09-15 14:32:00 - [TEST_STEP][PASSED] - openBrowser(URL): Browser is opened with url: 'https://fdr-katalon.cammis-mod-dev.dhcs.ca.gov'

2020-09-15 14:32:00 - [MESSAGE][INFO] - Starting 'Chrome' driver

2020-09-15 14:32:00 - [MESSAGE][INFO] - Action delay is set to 0 milliseconds

2020-09-15 14:32:05 - [MESSAGE][PASSED] - Browser is opened with url: 'https://fdr-katalon.cammis-mod-dev.dhcs.ca.gov'

2020-09-15 14:32:05 - [TEST_STEP][PASSED] - maximizeWindow(): Current window maximized

2020-09-15 14:32:07 - [MESSAGE][PASSED] - Current window maximized

2020-09-15 14:32:07 - [TEST_STEP][PASSED] - refresh(): Refresh successfully

2020-09-15 14:32:07 - [MESSAGE][PASSED] - Refresh successfully

2020-09-15 14:32:07 - [TEST_STEP][PASSED] - delay(2): Delayed 2 second(s)

2020-09-15 14:32:09 - [MESSAGE][PASSED] - Delayed 2 second(s)

2020-09-15 14:32:09 - [TEST_STEP][PASSED] - waitForElementPresent(findTestObject("FDR-System-Admin/SysAdmin-SignIn/adminEmail"), 5): Object 'Object Repository/FDR-System-Admin/SysAdmin-SignIn/adminEmail' is present

2020-09-15 14:32:09 - [MESSAGE][PASSED] - Object 'Object Repository/FDR-System-Admin/SysAdmin-SignIn/adminEmail' is present

2020-09-15 14:32:09 - [TEST_STEP][PASSED] - setText(findTestObject("FDR-System-Admin/SysAdmin-SignIn/adminEmail"), adminEmail): Text 'fdr.test10@dhcs.ca.gov
' is set on object 'Object Repository/FDR-System-Admin/SysAdmin-SignIn/adminEmail'

2020-09-15 14:32:10 - [MESSAGE][PASSED] - Text 'fdr.test10@dhcs.ca.gov
' is set on object 'Object Repository/FDR-System-Admin/SysAdmin-SignIn/adminEmail'

2020-09-15 14:32:10 - [TEST_STEP][PASSED] - waitForElementPresent(findTestObject("FDR-System-Admin/SysAdmin-SignIn/adminUserName"), 5): Object 'Object Repository/FDR-System-Admin/SysAdmin-SignIn/adminUserName' is present

2020-09-15 14:32:13 - [MESSAGE][PASSED] - Object 'Object Repository/FDR-System-Admin/SysAdmin-SignIn/adminUserName' is present

2020-09-15 14:32:13 - [TEST_STEP][PASSED] - setText(findTestObject("FDR-System-Admin/SysAdmin-SignIn/adminUserName"), UserName): Text 'fdr.test10@dhcs.ca.gov' is set on object 'Object Repository/FDR-System-Admin/SysAdmin-SignIn/adminUserName'

2020-09-15 14:32:13 - [MESSAGE][PASSED] - Text 'fdr.test10@dhcs.ca.gov' is set on object 'Object Repository/FDR-System-Admin/SysAdmin-SignIn/adminUserName'

2020-09-15 14:32:13 - [TEST_STEP][PASSED] - setText(findTestObject("FDR-System-Admin/SysAdmin-SignIn/adminPass"), Password): Text 'Password18' is set on object 'Object Repository/FDR-System-Admin/SysAdmin-SignIn/adminPass'

2020-09-15 14:32:14 - [MESSAGE][PASSED] - Text 'Password18' is set on object 'Object Repository/FDR-System-Admin/SysAdmin-SignIn/adminPass'

2020-09-15 14:32:14 - [TEST_STEP][PASSED] - click(findTestObject("FDR-System-Admin/SysAdmin-SignIn/adminSignIn")): Object: 'Object Repository/FDR-System-Admin/SysAdmin-SignIn/adminSignIn' is clicked on

2020-09-15 14:32:16 - [MESSAGE][PASSED] - Object: 'Object Repository/FDR-System-Admin/SysAdmin-SignIn/adminSignIn' is clicked on

2020-09-15 14:32:16 - [TEST_STEP][PASSED] - waitForElementPresent(findTestObject("Object Repository/FDR-System-Admin/SysAdmin-Dashboard/maintainReferenceDataBtn"), 3): Object 'Object Repository/FDR-System-Admin/SysAdmin-Dashboard/maintainReferenceDataBtn' is present

2020-09-15 14:32:17 - [MESSAGE][PASSED] - Object 'Object Repository/FDR-System-Admin/SysAdmin-Dashboard/maintainReferenceDataBtn' is present

2020-09-15 14:32:17 - [TEST_STEP][PASSED] - verifyElementPresent(findTestObject("Object Repository/FDR-System-Admin/SysAdmin-Dashboard/maintainReferenceDataBtn"), Timeout): Object 'Object Repository/FDR-System-Admin/SysAdmin-Dashboard/maintainReferenceDataBtn' is present

2020-09-15 14:32:18 - [MESSAGE][PASSED] - Object 'Object Repository/FDR-System-Admin/SysAdmin-Dashboard/maintainReferenceDataBtn' is present

2020-09-15 14:32:18 - [TEST_STEP][PASSED] - refresh(): Refresh successfully

2020-09-15 14:32:19 - [MESSAGE][PASSED] - Refresh successfully

2020-09-15 14:32:19 - [MESSAGE][PASSED] - Call Test Case 'Test Cases/WEB-UI-TESTS/SysAdmin/SystemAdmin-Login' successfully

2020-09-15 14:32:19 - [TEST_STEP][PASSED] - Start listener action : sampleBeforeTestCase: null

2020-09-15 14:32:19 - [TEST_STEP][PASSED] - profileName = getExecutionProfile(): null

2020-09-15 14:32:19 - [TEST_STEP][PASSED] - testCaseId = testCaseContext.getTestCaseId(): null

2020-09-15 14:32:19 - [TEST_STEP][PASSED] - switch (profileName): null

2020-09-15 14:32:19 - [TEST_STEP][PASSED] - Default: null

2020-09-15 14:32:19 - [TEST_STEP][PASSED] - return null: null

2020-09-15 14:32:19 - [TEST_STEP][PASSED] - Start listener action : executeRows: null

2020-09-15 14:32:19 - [TEST_STEP][PASSED] - click(findTestObject("Object Repository/FDR-System-Admin/SysAdmin-Dashboard/maintainReferenceDataBtn")): Object: 'Object Repository/FDR-System-Admin/SysAdmin-Dashboard/maintainReferenceDataBtn' is clicked on

2020-09-15 14:32:19 - [MESSAGE][PASSED] - Object: 'Object Repository/FDR-System-Admin/SysAdmin-Dashboard/maintainReferenceDataBtn' is clicked on

2020-09-15 14:32:19 - [TEST_STEP][PASSED] - click(findTestObject("Object Repository/FDR-System-Admin/FDR-ReferencePage/reference-data")): Object: 'Object Repository/FDR-System-Admin/FDR-ReferencePage/reference-data' is clicked on

2020-09-15 14:32:20 - [MESSAGE][PASSED] - Object: 'Object Repository/FDR-System-Admin/FDR-ReferencePage/reference-data' is clicked on

2020-09-15 14:32:20 - [TEST_STEP][PASSED] - setText(findTestObject("Object Repository/FDR-System-Admin/FDR-ReferencePage/referenceDataNameInput"), ""): Text '' is set on object 'Object Repository/FDR-System-Admin/FDR-ReferencePage/referenceDataNameInput'

2020-09-15 14:32:20 - [MESSAGE][PASSED] - Text '' is set on object 'Object Repository/FDR-System-Admin/FDR-ReferencePage/referenceDataNameInput'

2020-09-15 14:32:20 - [TEST_STEP][PASSED] - click(findTestObject("Object Repository/FDR-System-Admin/FDR-ReferencePage/fundingSource")): Object: 'Object Repository/FDR-System-Admin/FDR-ReferencePage/fundingSource' is clicked on

2020-09-15 14:32:21 - [MESSAGE][PASSED] - Object: 'Object Repository/FDR-System-Admin/FDR-ReferencePage/fundingSource' is clicked on

2020-09-15 14:32:21 - [TEST_STEP][PASSED] - waitForElementPresent(findTestObject("Object Repository/FDR-System-Admin/FDR-Add-FundingSource/fundingSourcesAddBtn"), 3): Object 'Object Repository/FDR-System-Admin/FDR-Add-FundingSource/fundingSourcesAddBtn' is present

2020-09-15 14:32:21 - [MESSAGE][PASSED] - Object 'Object Repository/FDR-System-Admin/FDR-Add-FundingSource/fundingSourcesAddBtn' is present

2020-09-15 14:32:21 - [TEST_STEP][PASSED] - click(findTestObject("Object Repository/FDR-System-Admin/FDR-Add-FundingSource/fundingSourcesAddBtn")): Object: 'Object Repository/FDR-System-Admin/FDR-Add-FundingSource/fundingSourcesAddBtn' is clicked on

2020-09-15 14:32:22 - [MESSAGE][PASSED] - Object: 'Object Repository/FDR-System-Admin/FDR-Add-FundingSource/fundingSourcesAddBtn' is clicked on

2020-09-15 14:32:22 - [TEST_STEP][PASSED] - waitForElementPresent(findTestObject("Object Repository/FDR-System-Admin/FDR-Add-FundingSource/newFundingSourceHeader"), 3): Object 'Object Repository/FDR-System-Admin/FDR-Add-FundingSource/newFundingSourceHeader' is present

2020-09-15 14:32:22 - [MESSAGE][PASSED] - Object 'Object Repository/FDR-System-Admin/FDR-Add-FundingSource/newFundingSourceHeader' is present

2020-09-15 14:32:22 - [TEST_STEP][PASSED] - waitForElementPresent(findTestObject("Object Repository/FDR-System-Admin/FDR-Add-FundingSource/fundingSourceInputTxt"), 3): Object 'Object Repository/FDR-System-Admin/FDR-Add-FundingSource/fundingSourceInputTxt' is present

2020-09-15 14:32:23 - [MESSAGE][PASSED] - Object 'Object Repository/FDR-System-Admin/FDR-Add-FundingSource/fundingSourceInputTxt' is present

2020-09-15 14:32:23 - [TEST_STEP][PASSED] - fundingSource = randomAlphabetic(5).toUpperCase(): null

2020-09-15 14:32:23 - [TEST_STEP][PASSED] - setText(findTestObject("Object Repository/FDR-System-Admin/FDR-Add-FundingSource/fundingSourceInputTxt"), "Fund " + fundingSource): Text 'Fund JKTWL' is set on object 'Object Repository/FDR-System-Admin/FDR-Add-FundingSource/fundingSourceInputTxt'

2020-09-15 14:32:23 - [MESSAGE][PASSED] - Text 'Fund JKTWL' is set on object 'Object Repository/FDR-System-Admin/FDR-Add-FundingSource/fundingSourceInputTxt'

2020-09-15 14:32:23 - [TEST_STEP][PASSED] - waitForElementPresent(findTestObject("Object Repository/FDR-System-Admin/FDR-Add-FundingSource/addFundingSourceConfirmBtn"), 3): Object 'Object Repository/FDR-System-Admin/FDR-Add-FundingSource/addFundingSourceConfirmBtn' is present

2020-09-15 14:32:24 - [MESSAGE][PASSED] - Object 'Object Repository/FDR-System-Admin/FDR-Add-FundingSource/addFundingSourceConfirmBtn' is present

2020-09-15 14:32:24 - [TEST_STEP][PASSED] - click(findTestObject("Object Repository/FDR-System-Admin/FDR-Add-FundingSource/addFundingSourceConfirmBtn")): Object: 'Object Repository/FDR-System-Admin/FDR-Add-FundingSource/addFundingSourceConfirmBtn' is clicked on

2020-09-15 14:32:24 - [MESSAGE][PASSED] - Object: 'Object Repository/FDR-System-Admin/FDR-Add-FundingSource/addFundingSourceConfirmBtn' is clicked on

2020-09-15 14:32:24 - [TEST_STEP][PASSED] - waitForElementPresent(findTestObject("Object Repository/FDR-System-Admin/FDR-Add-FundingSource/fundingSourceHeader"), 3): Object 'Object Repository/FDR-System-Admin/FDR-Add-FundingSource/fundingSourceHeader' is present

2020-09-15 14:32:25 - [MESSAGE][PASSED] - Object 'Object Repository/FDR-System-Admin/FDR-Add-FundingSource/fundingSourceHeader' is present

2020-09-15 14:32:25 - [TEST_STEP][PASSED] - waitForElementPresent(findTestObject("Object Repository/FDR-System-Admin/FDR-Edit-FundingSource/fundingSourceElipsisBtn"), 3): Object 'Object Repository/FDR-System-Admin/FDR-Edit-FundingSource/fundingSourceElipsisBtn' is present

2020-09-15 14:32:25 - [MESSAGE][PASSED] - Object 'Object Repository/FDR-System-Admin/FDR-Edit-FundingSource/fundingSourceElipsisBtn' is present

2020-09-15 14:32:25 - [TEST_STEP][PASSED] - click(findTestObject("Object Repository/FDR-System-Admin/FDR-Edit-FundingSource/fundingSourceElipsisBtn")): Object: 'Object Repository/FDR-System-Admin/FDR-Edit-FundingSource/fundingSourceElipsisBtn' is clicked on

2020-09-15 14:32:25 - [MESSAGE][PASSED] - Object: 'Object Repository/FDR-System-Admin/FDR-Edit-FundingSource/fundingSourceElipsisBtn' is clicked on

2020-09-15 14:32:25 - [TEST_STEP][PASSED] - waitForElementPresent(findTestObject("Object Repository/FDR-System-Admin/FDR-Edit-FundingSource/fundingSourceEditBtn"), 3): Object 'Object Repository/FDR-System-Admin/FDR-Edit-FundingSource/fundingSourceEditBtn' is present

2020-09-15 14:32:26 - [MESSAGE][PASSED] - Object 'Object Repository/FDR-System-Admin/FDR-Edit-FundingSource/fundingSourceEditBtn' is present

2020-09-15 14:32:26 - [TEST_STEP][PASSED] - click(findTestObject("Object Repository/FDR-System-Admin/FDR-Edit-FundingSource/fundingSourceEditBtn")): Object: 'Object Repository/FDR-System-Admin/FDR-Edit-FundingSource/fundingSourceEditBtn' is clicked on

2020-09-15 14:32:26 - [MESSAGE][PASSED] - Object: 'Object Repository/FDR-System-Admin/FDR-Edit-FundingSource/fundingSourceEditBtn' is clicked on

2020-09-15 14:32:26 - [TEST_STEP][PASSED] - waitForElementPresent(findTestObject("Object Repository/FDR-System-Admin/FDR-Add-FundingSource/fundingSourceInputTxt"), 3): Object 'Object Repository/FDR-System-Admin/FDR-Add-FundingSource/fundingSourceInputTxt' is present

2020-09-15 14:32:27 - [MESSAGE][PASSED] - Object 'Object Repository/FDR-System-Admin/FDR-Add-FundingSource/fundingSourceInputTxt' is present

2020-09-15 14:32:27 - [TEST_STEP][PASSED] - editFundingSource = randomAlphabetic(5).toUpperCase(): null

2020-09-15 14:32:27 - [TEST_STEP][PASSED] - doubleClick(findTestObject("Object Repository/FDR-System-Admin/FDR-Add-FundingSource/fundingSourceInputTxt")): Object: 'Object Repository/FDR-System-Admin/FDR-Add-FundingSource/fundingSourceInputTxt' is double clicked on

2020-09-15 14:32:27 - [MESSAGE][PASSED] - Object: 'Object Repository/FDR-System-Admin/FDR-Add-FundingSource/fundingSourceInputTxt' is double clicked on

2020-09-15 14:32:27 - [TEST_STEP][PASSED] - sendKeys(findTestObject("Object Repository/FDR-System-Admin/FDR-Add-FundingSource/fundingSourceInputTxt"), Keys.chord(BACK_SPACE)): Keys 'BACK_SPACE + ' sent to object: 'Object Repository/FDR-System-Admin/FDR-Add-FundingSource/fundingSourceInputTxt'

2020-09-15 14:32:27 - [MESSAGE][PASSED] - Keys 'BACK_SPACE + ' sent to object: 'Object Repository/FDR-System-Admin/FDR-Add-FundingSource/fundingSourceInputTxt'

2020-09-15 14:32:27 - [TEST_STEP][PASSED] - setText(findTestObject("Object Repository/FDR-System-Admin/FDR-Add-FundingSource/fundingSourceInputTxt"), "Fund " + editFundingSource): Text 'Fund THCJF' is set on object 'Object Repository/FDR-System-Admin/FDR-Add-FundingSource/fundingSourceInputTxt'

2020-09-15 14:32:29 - [MESSAGE][PASSED] - Text 'Fund THCJF' is set on object 'Object Repository/FDR-System-Admin/FDR-Add-FundingSource/fundingSourceInputTxt'

2020-09-15 14:32:29 - [TEST_STEP][PASSED] - waitForElementPresent(findTestObject("Object Repository/FDR-System-Admin/FDR-Edit-FundingSource/fundingSourceSaveBtn"), 3): Object 'Object Repository/FDR-System-Admin/FDR-Edit-FundingSource/fundingSourceSaveBtn' is present

2020-09-15 14:32:29 - [MESSAGE][PASSED] - Object 'Object Repository/FDR-System-Admin/FDR-Edit-FundingSource/fundingSourceSaveBtn' is present

2020-09-15 14:32:29 - [TEST_STEP][PASSED] - click(findTestObject("Object Repository/FDR-System-Admin/FDR-Edit-FundingSource/fundingSourceSaveBtn")): Object: 'Object Repository/FDR-System-Admin/FDR-Edit-FundingSource/fundingSourceSaveBtn' is clicked on

2020-09-15 14:32:29 - [MESSAGE][PASSED] - Object: 'Object Repository/FDR-System-Admin/FDR-Edit-FundingSource/fundingSourceSaveBtn' is clicked on

2020-09-15 14:32:29 - [TEST_STEP][PASSED] - waitForElementPresent(findTestObject("Object Repository/FDR-System-Admin/FDR-Add-FundingSource/fundingSourceHeader"), 3): Object 'Object Repository/FDR-System-Admin/FDR-Add-FundingSource/fundingSourceHeader' is present

2020-09-15 14:32:30 - [MESSAGE][PASSED] - Object 'Object Repository/FDR-System-Admin/FDR-Add-FundingSource/fundingSourceHeader' is present

2020-09-15 14:32:30 - [TEST_STEP][PASSED] - refresh(): Refresh successfully

2020-09-15 14:32:31 - [MESSAGE][PASSED] - Refresh successfully

2020-09-15 14:32:31 - [TEST_STEP][PASSED] - waitForElementPresent(findTestObject("Object Repository/FDR-System-Admin/FDR-Add-FundingSource/FDR-Adding Associations/linkServiceCategoryBtn"), 3): Object 'Object Repository/FDR-System-Admin/FDR-Add-FundingSource/FDR-Adding Associations/linkServiceCategoryBtn' is present

2020-09-15 14:32:31 - [MESSAGE][PASSED] - Object 'Object Repository/FDR-System-Admin/FDR-Add-FundingSource/FDR-Adding Associations/linkServiceCategoryBtn' is present

2020-09-15 14:32:31 - [TEST_STEP][PASSED] - click(findTestObject("Object Repository/FDR-System-Admin/FDR-Add-FundingSource/FDR-Adding Associations/linkServiceCategoryBtn"), OPTIONAL): Object: 'Object Repository/FDR-System-Admin/FDR-Add-FundingSource/FDR-Adding Associations/linkServiceCategoryBtn' is clicked on

2020-09-15 14:32:32 - [MESSAGE][PASSED] - Object: 'Object Repository/FDR-System-Admin/FDR-Add-FundingSource/FDR-Adding Associations/linkServiceCategoryBtn' is clicked on

2020-09-15 14:32:32 - [TEST_STEP][PASSED] - waitForElementPresent(findTestObject("Object Repository/FDR-System-Admin/FDR-Add-FundingSource/FDR-Adding Associations/linkServiceCategoryHeader"), 3, OPTIONAL): Object 'Object Repository/FDR-System-Admin/FDR-Add-FundingSource/FDR-Adding Associations/linkServiceCategoryHeader' is present

2020-09-15 14:32:32 - [MESSAGE][PASSED] - Object 'Object Repository/FDR-System-Admin/FDR-Add-FundingSource/FDR-Adding Associations/linkServiceCategoryHeader' is present

2020-09-15 14:32:32 - [TEST_STEP][PASSED] - waitForElementPresent(findTestObject("Object Repository/FDR-System-Admin/FDR-Add-FundingSource/FDR-Adding Associations/linkServiceCategoryDropdown"), 3, OPTIONAL): Object 'Object Repository/FDR-System-Admin/FDR-Add-FundingSource/FDR-Adding Associations/linkServiceCategoryDropdown' is present

2020-09-15 14:32:33 - [MESSAGE][PASSED] - Object 'Object Repository/FDR-System-Admin/FDR-Add-FundingSource/FDR-Adding Associations/linkServiceCategoryDropdown' is present

2020-09-15 14:32:33 - [TEST_STEP][PASSED] - click(findTestObject("Object Repository/FDR-System-Admin/FDR-Add-FundingSource/FDR-Adding Associations/linkServiceCategoryDropdown"), OPTIONAL): Object: 'Object Repository/FDR-System-Admin/FDR-Add-FundingSource/FDR-Adding Associations/linkServiceCategoryDropdown' is clicked on

2020-09-15 14:32:33 - [MESSAGE][PASSED] - Object: 'Object Repository/FDR-System-Admin/FDR-Add-FundingSource/FDR-Adding Associations/linkServiceCategoryDropdown' is clicked on

2020-09-15 14:32:33 - [TEST_STEP][PASSED] - delay(4): Delayed 4 second(s)

2020-09-15 14:32:37 - [MESSAGE][PASSED] - Delayed 4 second(s)

2020-09-15 14:32:37 - [TEST_STEP][PASSED] - waitForElementPresent(findTestObject("Object Repository/FDR-System-Admin/FDR-Add-FundingSource/FDR-Adding Associations/serviceCategoryOption"), 3): Object 'Object Repository/FDR-System-Admin/FDR-Add-FundingSource/FDR-Adding Associations/serviceCategoryOption' is present

2020-09-15 14:32:37 - [MESSAGE][PASSED] - Object 'Object Repository/FDR-System-Admin/FDR-Add-FundingSource/FDR-Adding Associations/serviceCategoryOption' is present

2020-09-15 14:32:37 - [TEST_STEP][PASSED] - click(findTestObject("Object Repository/FDR-System-Admin/FDR-Add-FundingSource/FDR-Adding Associations/serviceCategoryOption")): Object: 'Object Repository/FDR-System-Admin/FDR-Add-FundingSource/FDR-Adding Associations/serviceCategoryOption' is clicked on

2020-09-15 14:32:38 - [MESSAGE][PASSED] - Object: 'Object Repository/FDR-System-Admin/FDR-Add-FundingSource/FDR-Adding Associations/serviceCategoryOption' is clicked on

2020-09-15 14:32:38 - [TEST_STEP][PASSED] - waitForElementPresent(findTestObject("Object Repository/FDR-System-Admin/FDR-Add-FundingSource/FDR-Adding Associations/linkServiceCategoryAddBtn"), 3, OPTIONAL): Object 'Object Repository/FDR-System-Admin/FDR-Add-FundingSource/FDR-Adding Associations/linkServiceCategoryAddBtn' is present

2020-09-15 14:32:38 - [MESSAGE][PASSED] - Object 'Object Repository/FDR-System-Admin/FDR-Add-FundingSource/FDR-Adding Associations/linkServiceCategoryAddBtn' is present

2020-09-15 14:32:38 - [TEST_STEP][PASSED] - click(findTestObject("Object Repository/FDR-System-Admin/FDR-Add-FundingSource/FDR-Adding Associations/linkServiceCategoryAddBtn"), OPTIONAL): Object: 'Object Repository/FDR-System-Admin/FDR-Add-FundingSource/FDR-Adding Associations/linkServiceCategoryAddBtn' is clicked on

2020-09-15 14:32:39 - [MESSAGE][PASSED] - Object: 'Object Repository/FDR-System-Admin/FDR-Add-FundingSource/FDR-Adding Associations/linkServiceCategoryAddBtn' is clicked on

2020-09-15 14:32:39 - [TEST_STEP][PASSED] - refresh(): Refresh successfully

2020-09-15 14:32:39 - [MESSAGE][PASSED] - Refresh successfully

2020-09-15 14:32:39 - [TEST_STEP][PASSED] - delay(3): Delayed 3 second(s)

2020-09-15 14:32:42 - [MESSAGE][PASSED] - Delayed 3 second(s)

2020-09-15 14:32:42 - [TEST_STEP][PASSED] - waitForElementPresent(findTestObject("Object Repository/FDR-System-Admin/FDR-Add-FundingSource/FDR-Adding Associations/deleteLinkServiceCategory"), 3): Object 'Object Repository/FDR-System-Admin/FDR-Add-FundingSource/FDR-Adding Associations/deleteLinkServiceCategory' is present

2020-09-15 14:32:43 - [MESSAGE][PASSED] - Object 'Object Repository/FDR-System-Admin/FDR-Add-FundingSource/FDR-Adding Associations/deleteLinkServiceCategory' is present

2020-09-15 14:32:43 - [TEST_STEP][PASSED] - click(findTestObject("Object Repository/FDR-System-Admin/FDR-Add-FundingSource/FDR-Adding Associations/deleteLinkServiceCategory")): Object: 'Object Repository/FDR-System-Admin/FDR-Add-FundingSource/FDR-Adding Associations/deleteLinkServiceCategory' is clicked on

2020-09-15 14:32:43 - [MESSAGE][PASSED] - Object: 'Object Repository/FDR-System-Admin/FDR-Add-FundingSource/FDR-Adding Associations/deleteLinkServiceCategory' is clicked on

2020-09-15 14:32:43 - [TEST_STEP][PASSED] - waitForElementPresent(findTestObject("Object Repository/FDR-System-Admin/FDR-Add-FundingSource/fundingSourceHeader"), 3): Object 'Object Repository/FDR-System-Admin/FDR-Add-FundingSource/fundingSourceHeader' is present

2020-09-15 14:32:44 - [MESSAGE][PASSED] - Object 'Object Repository/FDR-System-Admin/FDR-Add-FundingSource/fundingSourceHeader' is present

2020-09-15 14:32:44 - [TEST_STEP][PASSED] - refresh(): Refresh successfully

2020-09-15 14:32:44 - [MESSAGE][PASSED] - Refresh successfully

2020-09-15 14:32:44 - [TEST_STEP][PASSED] - waitForElementPresent(findTestObject("Object Repository/FDR-System-Admin/FDR-Add-FundingSource/FDR-Adding Associations/linkWaiverTypeBtn"), 3): Object 'Object Repository/FDR-System-Admin/FDR-Add-FundingSource/FDR-Adding Associations/linkWaiverTypeBtn' is present

2020-09-15 14:32:45 - [MESSAGE][PASSED] - Object 'Object Repository/FDR-System-Admin/FDR-Add-FundingSource/FDR-Adding Associations/linkWaiverTypeBtn' is present

2020-09-15 14:32:45 - [TEST_STEP][PASSED] - click(findTestObject("Object Repository/FDR-System-Admin/FDR-Add-FundingSource/FDR-Adding Associations/linkWaiverTypeBtn")): Object: 'Object Repository/FDR-System-Admin/FDR-Add-FundingSource/FDR-Adding Associations/linkWaiverTypeBtn' is clicked on

2020-09-15 14:32:45 - [MESSAGE][PASSED] - Object: 'Object Repository/FDR-System-Admin/FDR-Add-FundingSource/FDR-Adding Associations/linkWaiverTypeBtn' is clicked on

2020-09-15 14:32:45 - [TEST_STEP][PASSED] - waitForElementPresent(findTestObject("Object Repository/FDR-System-Admin/FDR-Add-FundingSource/FDR-Adding Associations/linkWaiverTypeHeader"), 3): Object 'Object Repository/FDR-System-Admin/FDR-Add-FundingSource/FDR-Adding Associations/linkWaiverTypeHeader' is present

2020-09-15 14:32:45 - [MESSAGE][PASSED] - Object 'Object Repository/FDR-System-Admin/FDR-Add-FundingSource/FDR-Adding Associations/linkWaiverTypeHeader' is present

2020-09-15 14:32:45 - [TEST_STEP][PASSED] - waitForElementPresent(findTestObject("Object Repository/FDR-System-Admin/FDR-Add-FundingSource/FDR-Adding Associations/linkWaiverTypeDropdown"), 3): Object 'Object Repository/FDR-System-Admin/FDR-Add-FundingSource/FDR-Adding Associations/linkWaiverTypeDropdown' is present

2020-09-15 14:32:47 - [MESSAGE][PASSED] - Object 'Object Repository/FDR-System-Admin/FDR-Add-FundingSource/FDR-Adding Associations/linkWaiverTypeDropdown' is present

2020-09-15 14:32:47 - [TEST_STEP][PASSED] - click(findTestObject("Object Repository/FDR-System-Admin/FDR-Add-FundingSource/FDR-Adding Associations/linkWaiverTypeDropdown")): Object: 'Object Repository/FDR-System-Admin/FDR-Add-FundingSource/FDR-Adding Associations/linkWaiverTypeDropdown' is clicked on

2020-09-15 14:32:47 - [MESSAGE][PASSED] - Object: 'Object Repository/FDR-System-Admin/FDR-Add-FundingSource/FDR-Adding Associations/linkWaiverTypeDropdown' is clicked on

2020-09-15 14:32:47 - [TEST_STEP][PASSED] - delay(4): Delayed 4 second(s)

2020-09-15 14:32:51 - [MESSAGE][PASSED] - Delayed 4 second(s)

2020-09-15 14:32:51 - [TEST_STEP][PASSED] - waitForElementPresent(findTestObject("Object Repository/FDR-System-Admin/FDR-Add-FundingSource/FDR-Adding Associations/linkWaiverTypeOption"), 3): Object 'Object Repository/FDR-System-Admin/FDR-Add-FundingSource/FDR-Adding Associations/linkWaiverTypeOption' is present

2020-09-15 14:32:51 - [MESSAGE][PASSED] - Object 'Object Repository/FDR-System-Admin/FDR-Add-FundingSource/FDR-Adding Associations/linkWaiverTypeOption' is present

2020-09-15 14:32:51 - [TEST_STEP][PASSED] - click(findTestObject("Object Repository/FDR-System-Admin/FDR-Add-FundingSource/FDR-Adding Associations/linkWaiverTypeOption")): Object: 'Object Repository/FDR-System-Admin/FDR-Add-FundingSource/FDR-Adding Associations/linkWaiverTypeOption' is clicked on

2020-09-15 14:32:52 - [MESSAGE][PASSED] - Object: 'Object Repository/FDR-System-Admin/FDR-Add-FundingSource/FDR-Adding Associations/linkWaiverTypeOption' is clicked on

2020-09-15 14:32:52 - [TEST_STEP][PASSED] - waitForElementPresent(findTestObject("Object Repository/FDR-System-Admin/FDR-Add-FundingSource/FDR-Adding Associations/linkWaiverTypeAddBtn"), 3): Object 'Object Repository/FDR-System-Admin/FDR-Add-FundingSource/FDR-Adding Associations/linkWaiverTypeAddBtn' is present

2020-09-15 14:32:52 - [MESSAGE][PASSED] - Object 'Object Repository/FDR-System-Admin/FDR-Add-FundingSource/FDR-Adding Associations/linkWaiverTypeAddBtn' is present

2020-09-15 14:32:52 - [TEST_STEP][PASSED] - click(findTestObject("Object Repository/FDR-System-Admin/FDR-Add-FundingSource/FDR-Adding Associations/linkWaiverTypeAddBtn")): Object: 'Object Repository/FDR-System-Admin/FDR-Add-FundingSource/FDR-Adding Associations/linkWaiverTypeAddBtn' is clicked on

2020-09-15 14:32:53 - [MESSAGE][PASSED] - Object: 'Object Repository/FDR-System-Admin/FDR-Add-FundingSource/FDR-Adding Associations/linkWaiverTypeAddBtn' is clicked on

2020-09-15 14:32:53 - [TEST_STEP][PASSED] - waitForElementPresent(findTestObject("Object Repository/FDR-System-Admin/FDR-Add-FundingSource/fundingSourceHeader"), 3): Object 'Object Repository/FDR-System-Admin/FDR-Add-FundingSource/fundingSourceHeader' is not present after 3 second(s)

2020-09-15 14:32:57 - [MESSAGE][INFO] - Unable to find the element located by 'By.xpath: //*[@id="wrapper"]/div/div/div/main/div/div[2]/div/div[1]/div[1]/div/div[1]/div/h2'. Please recheck the objects properties to make sure the desired element is located. 

2020-09-15 14:32:57 - [MESSAGE][WARNING] - Object 'Object Repository/FDR-System-Admin/FDR-Add-FundingSource/fundingSourceHeader' is not present after 3 second(s)

2020-09-15 14:32:57 - [TEST_STEP][PASSED] - refresh(): Refresh successfully

2020-09-15 14:32:57 - [MESSAGE][PASSED] - Refresh successfully

2020-09-15 14:32:57 - [TEST_STEP][PASSED] - delay(3): Delayed 3 second(s)

2020-09-15 14:33:00 - [MESSAGE][PASSED] - Delayed 3 second(s)

2020-09-15 14:33:00 - [TEST_STEP][PASSED] - waitForElementPresent(findTestObject("Object Repository/FDR-System-Admin/FDR-Add-FundingSource/FDR-Adding Associations/deleteLinkWaiverType"), 3): Object 'Object Repository/FDR-System-Admin/FDR-Add-FundingSource/FDR-Adding Associations/deleteLinkWaiverType' is present

2020-09-15 14:33:01 - [MESSAGE][PASSED] - Object 'Object Repository/FDR-System-Admin/FDR-Add-FundingSource/FDR-Adding Associations/deleteLinkWaiverType' is present

2020-09-15 14:33:01 - [TEST_STEP][PASSED] - click(findTestObject("Object Repository/FDR-System-Admin/FDR-Add-FundingSource/FDR-Adding Associations/deleteLinkWaiverType")): Object: 'Object Repository/FDR-System-Admin/FDR-Add-FundingSource/FDR-Adding Associations/deleteLinkWaiverType' is clicked on

2020-09-15 14:33:01 - [MESSAGE][PASSED] - Object: 'Object Repository/FDR-System-Admin/FDR-Add-FundingSource/FDR-Adding Associations/deleteLinkWaiverType' is clicked on

2020-09-15 14:33:01 - [TEST_STEP][PASSED] - Start listener action : sampleAfterTestCase: null

2020-09-15 14:33:01 - [TEST_STEP][PASSED] - profileName = getExecutionProfile(): null

2020-09-15 14:33:01 - [TEST_STEP][PASSED] - switch (profileName): null

2020-09-15 14:33:01 - [TEST_STEP][PASSED] - case "superUser":: null

2020-09-15 14:33:01 - [TEST_STEP][PASSED] - return null: null

2020-09-15 14:33:01 - [TEST_STEP][PASSED] - Start listener action : afterTestCase: Browser is closed

2020-09-15 14:33:01 - [TEST_STEP][PASSED] - profileName = getExecutionProfile(): null

2020-09-15 14:33:01 - [TEST_STEP][PASSED] - if (profileName.equalsIgnoreCase("SysAdmin")): Browser is closed

2020-09-15 14:33:01 - [TEST_STEP][PASSED] - closeBrowser(): Browser is closed

2020-09-15 14:33:02 - [MESSAGE][PASSED] - Browser is closed

2020-09-15 14:33:02 - [TEST_STEP][PASSED] - Start listener action : sampleAfterTestCase: null

2020-09-15 14:33:02 - [TEST_STEP][PASSED] - profileName = getExecutionProfile(): null

2020-09-15 14:33:02 - [TEST_STEP][PASSED] - switch (profileName): null

2020-09-15 14:33:02 - [TEST_STEP][PASSED] - Default: null

2020-09-15 14:33:02 - [TEST_STEP][PASSED] - return null: null

2020-09-15 14:33:02 - [TEST_STEP][PASSED] - Start listener action : addFailedTCToList: null]]></system-out>
         <system-err><![CDATA[]]></system-err>
      </testcase>
      <testcase name="Test Cases/WEB-UI-TESTS/SysAdmin/ReferencePage/ReferenceDetail/FDR-Add-AltAccountsDetailReview" time="41.073" classname="Test Cases/WEB-UI-TESTS/SysAdmin/ReferencePage/ReferenceDetail/FDR-Add-AltAccountsDetailReview" status="PASSED">
         <system-out><![CDATA[2020-09-15 14:33:02 - [TEST_CASE][PASSED] - Test Cases/WEB-UI-TESTS/SysAdmin/ReferencePage/ReferenceDetail/FDR-Add-AltAccountsDetailReview: Test Cases/WEB-UI-TESTS/SysAdmin/ReferencePage/ReferenceDetail/FDR-Add-AltAccountsDetailReview

2020-09-15 14:33:02 - [TEST_STEP][PASSED] - Start listener action : sampleBeforeTestCase: null

2020-09-15 14:33:02 - [TEST_STEP][PASSED] - profileName = getExecutionProfile(): null

2020-09-15 14:33:02 - [TEST_STEP][PASSED] - switch (profileName): null

2020-09-15 14:33:02 - [TEST_STEP][PASSED] - case "superUser":: null

2020-09-15 14:33:02 - [TEST_STEP][PASSED] - return null: null

2020-09-15 14:33:02 - [TEST_STEP][PASSED] - Start listener action : beforeTestCase: Call Test Case 'Test Cases/WEB-UI-TESTS/SysAdmin/SystemAdmin-Login' successfully

2020-09-15 14:33:02 - [TEST_STEP][PASSED] - profileName = getExecutionProfile(): null

2020-09-15 14:33:02 - [TEST_STEP][PASSED] - if (profileName.equalsIgnoreCase("SysAdmin")): Call Test Case 'Test Cases/WEB-UI-TESTS/SysAdmin/SystemAdmin-Login' successfully

2020-09-15 14:33:02 - [TEST_STEP][PASSED] - callTestCase(findTestCase("Test Cases/WEB-UI-TESTS/SysAdmin/SystemAdmin-Login"), null): Call Test Case 'Test Cases/WEB-UI-TESTS/SysAdmin/SystemAdmin-Login' successfully

2020-09-15 14:33:02 - [TEST_CASE][PASSED] - Test Cases/WEB-UI-TESTS/SysAdmin/SystemAdmin-Login: Test Cases/WEB-UI-TESTS/SysAdmin/SystemAdmin-Login

2020-09-15 14:33:02 - [TEST_STEP][PASSED] - openBrowser(URL): Browser is opened with url: 'https://fdr-katalon.cammis-mod-dev.dhcs.ca.gov'

2020-09-15 14:33:02 - [MESSAGE][INFO] - Starting 'Chrome' driver

2020-09-15 14:33:02 - [MESSAGE][INFO] - Action delay is set to 0 milliseconds

2020-09-15 14:33:06 - [MESSAGE][PASSED] - Browser is opened with url: 'https://fdr-katalon.cammis-mod-dev.dhcs.ca.gov'

2020-09-15 14:33:06 - [TEST_STEP][PASSED] - maximizeWindow(): Current window maximized

2020-09-15 14:33:08 - [MESSAGE][PASSED] - Current window maximized

2020-09-15 14:33:08 - [TEST_STEP][PASSED] - refresh(): Refresh successfully

2020-09-15 14:33:09 - [MESSAGE][PASSED] - Refresh successfully

2020-09-15 14:33:09 - [TEST_STEP][PASSED] - delay(2): Delayed 2 second(s)

2020-09-15 14:33:11 - [MESSAGE][PASSED] - Delayed 2 second(s)

2020-09-15 14:33:11 - [TEST_STEP][PASSED] - waitForElementPresent(findTestObject("FDR-System-Admin/SysAdmin-SignIn/adminEmail"), 5): Object 'Object Repository/FDR-System-Admin/SysAdmin-SignIn/adminEmail' is present

2020-09-15 14:33:11 - [MESSAGE][PASSED] - Object 'Object Repository/FDR-System-Admin/SysAdmin-SignIn/adminEmail' is present

2020-09-15 14:33:11 - [TEST_STEP][PASSED] - setText(findTestObject("FDR-System-Admin/SysAdmin-SignIn/adminEmail"), adminEmail): Text 'fdr.test10@dhcs.ca.gov
' is set on object 'Object Repository/FDR-System-Admin/SysAdmin-SignIn/adminEmail'

2020-09-15 14:33:11 - [MESSAGE][PASSED] - Text 'fdr.test10@dhcs.ca.gov
' is set on object 'Object Repository/FDR-System-Admin/SysAdmin-SignIn/adminEmail'

2020-09-15 14:33:11 - [TEST_STEP][PASSED] - waitForElementPresent(findTestObject("FDR-System-Admin/SysAdmin-SignIn/adminUserName"), 5): Object 'Object Repository/FDR-System-Admin/SysAdmin-SignIn/adminUserName' is present

2020-09-15 14:33:15 - [MESSAGE][PASSED] - Object 'Object Repository/FDR-System-Admin/SysAdmin-SignIn/adminUserName' is present

2020-09-15 14:33:15 - [TEST_STEP][PASSED] - setText(findTestObject("FDR-System-Admin/SysAdmin-SignIn/adminUserName"), UserName): Text 'fdr.test10@dhcs.ca.gov' is set on object 'Object Repository/FDR-System-Admin/SysAdmin-SignIn/adminUserName'

2020-09-15 14:33:15 - [MESSAGE][PASSED] - Text 'fdr.test10@dhcs.ca.gov' is set on object 'Object Repository/FDR-System-Admin/SysAdmin-SignIn/adminUserName'

2020-09-15 14:33:15 - [TEST_STEP][PASSED] - setText(findTestObject("FDR-System-Admin/SysAdmin-SignIn/adminPass"), Password): Text 'Password18' is set on object 'Object Repository/FDR-System-Admin/SysAdmin-SignIn/adminPass'

2020-09-15 14:33:16 - [MESSAGE][PASSED] - Text 'Password18' is set on object 'Object Repository/FDR-System-Admin/SysAdmin-SignIn/adminPass'

2020-09-15 14:33:16 - [TEST_STEP][PASSED] - click(findTestObject("FDR-System-Admin/SysAdmin-SignIn/adminSignIn")): Object: 'Object Repository/FDR-System-Admin/SysAdmin-SignIn/adminSignIn' is clicked on

2020-09-15 14:33:17 - [MESSAGE][PASSED] - Object: 'Object Repository/FDR-System-Admin/SysAdmin-SignIn/adminSignIn' is clicked on

2020-09-15 14:33:17 - [TEST_STEP][PASSED] - waitForElementPresent(findTestObject("Object Repository/FDR-System-Admin/SysAdmin-Dashboard/maintainReferenceDataBtn"), 3): Object 'Object Repository/FDR-System-Admin/SysAdmin-Dashboard/maintainReferenceDataBtn' is present

2020-09-15 14:33:19 - [MESSAGE][PASSED] - Object 'Object Repository/FDR-System-Admin/SysAdmin-Dashboard/maintainReferenceDataBtn' is present

2020-09-15 14:33:19 - [TEST_STEP][PASSED] - verifyElementPresent(findTestObject("Object Repository/FDR-System-Admin/SysAdmin-Dashboard/maintainReferenceDataBtn"), Timeout): Object 'Object Repository/FDR-System-Admin/SysAdmin-Dashboard/maintainReferenceDataBtn' is present

2020-09-15 14:33:19 - [MESSAGE][PASSED] - Object 'Object Repository/FDR-System-Admin/SysAdmin-Dashboard/maintainReferenceDataBtn' is present

2020-09-15 14:33:19 - [TEST_STEP][PASSED] - refresh(): Refresh successfully

2020-09-15 14:33:20 - [MESSAGE][PASSED] - Refresh successfully

2020-09-15 14:33:20 - [MESSAGE][PASSED] - Call Test Case 'Test Cases/WEB-UI-TESTS/SysAdmin/SystemAdmin-Login' successfully

2020-09-15 14:33:20 - [TEST_STEP][PASSED] - Start listener action : sampleBeforeTestCase: null

2020-09-15 14:33:20 - [TEST_STEP][PASSED] - profileName = getExecutionProfile(): null

2020-09-15 14:33:20 - [TEST_STEP][PASSED] - testCaseId = testCaseContext.getTestCaseId(): null

2020-09-15 14:33:20 - [TEST_STEP][PASSED] - switch (profileName): null

2020-09-15 14:33:20 - [TEST_STEP][PASSED] - Default: null

2020-09-15 14:33:20 - [TEST_STEP][PASSED] - return null: null

2020-09-15 14:33:20 - [TEST_STEP][PASSED] - Start listener action : executeRows: null

2020-09-15 14:33:20 - [TEST_STEP][PASSED] - click(findTestObject("Object Repository/FDR-System-Admin/SysAdmin-Dashboard/maintainReferenceDataBtn")): Object: 'Object Repository/FDR-System-Admin/SysAdmin-Dashboard/maintainReferenceDataBtn' is clicked on

2020-09-15 14:33:20 - [MESSAGE][PASSED] - Object: 'Object Repository/FDR-System-Admin/SysAdmin-Dashboard/maintainReferenceDataBtn' is clicked on

2020-09-15 14:33:20 - [TEST_STEP][PASSED] - click(findTestObject("FDR-System-Admin/FDR-ReferencePage/reference-data")): Object: 'Object Repository/FDR-System-Admin/FDR-ReferencePage/reference-data' is clicked on

2020-09-15 14:33:21 - [MESSAGE][PASSED] - Object: 'Object Repository/FDR-System-Admin/FDR-ReferencePage/reference-data' is clicked on

2020-09-15 14:33:21 - [TEST_STEP][PASSED] - setText(findTestObject("FDR-System-Admin/FDR-ReferencePage/referenceDataNameInput"), "alt account"): Text 'alt account' is set on object 'Object Repository/FDR-System-Admin/FDR-ReferencePage/referenceDataNameInput'

2020-09-15 14:33:22 - [MESSAGE][PASSED] - Text 'alt account' is set on object 'Object Repository/FDR-System-Admin/FDR-ReferencePage/referenceDataNameInput'

2020-09-15 14:33:22 - [TEST_STEP][PASSED] - click(findTestObject("FDR-System-Admin/FDR-ReferencePage/altAccountReference/altAccountReview/altAccount")): Object: 'Object Repository/FDR-System-Admin/FDR-ReferencePage/altAccountReference/altAccountReview/altAccount' is clicked on

2020-09-15 14:33:22 - [MESSAGE][PASSED] - Object: 'Object Repository/FDR-System-Admin/FDR-ReferencePage/altAccountReference/altAccountReview/altAccount' is clicked on

2020-09-15 14:33:22 - [TEST_STEP][PASSED] - waitForElementPresent(findTestObject("FDR-System-Admin/FDR-Add-AltAccount/addAltAccountBtn"), 3): Object 'Object Repository/FDR-System-Admin/FDR-Add-AltAccount/addAltAccountBtn' is present

2020-09-15 14:33:23 - [MESSAGE][PASSED] - Object 'Object Repository/FDR-System-Admin/FDR-Add-AltAccount/addAltAccountBtn' is present

2020-09-15 14:33:23 - [TEST_STEP][PASSED] - click(findTestObject("FDR-System-Admin/FDR-Add-AltAccount/addAltAccountBtn")): Object: 'Object Repository/FDR-System-Admin/FDR-Add-AltAccount/addAltAccountBtn' is clicked on

2020-09-15 14:33:23 - [MESSAGE][PASSED] - Object: 'Object Repository/FDR-System-Admin/FDR-Add-AltAccount/addAltAccountBtn' is clicked on

2020-09-15 14:33:23 - [TEST_STEP][PASSED] - altAccountCode = RandomStringUtils.randomNumeric(10): null

2020-09-15 14:33:23 - [TEST_STEP][PASSED] - altAccountName = RandomStringUtils.randomAlphabetic(10): null

2020-09-15 14:33:23 - [TEST_STEP][PASSED] - waitForElementPresent(findTestObject("FDR-System-Admin/FDR-Add-AltAccount/altAccountCode"), 3): Object 'Object Repository/FDR-System-Admin/FDR-Add-AltAccount/altAccountCode' is present

2020-09-15 14:33:24 - [MESSAGE][PASSED] - Object 'Object Repository/FDR-System-Admin/FDR-Add-AltAccount/altAccountCode' is present

2020-09-15 14:33:24 - [TEST_STEP][PASSED] - setText(findTestObject("FDR-System-Admin/FDR-Add-AltAccount/altAccountCode"), altAccountCode): Text '5723249952' is set on object 'Object Repository/FDR-System-Admin/FDR-Add-AltAccount/altAccountCode'

2020-09-15 14:33:24 - [MESSAGE][PASSED] - Text '5723249952' is set on object 'Object Repository/FDR-System-Admin/FDR-Add-AltAccount/altAccountCode'

2020-09-15 14:33:24 - [TEST_STEP][PASSED] - waitForElementPresent(findTestObject("FDR-System-Admin/FDR-Add-AltAccount/altAccountName"), 3): Object 'Object Repository/FDR-System-Admin/FDR-Add-AltAccount/altAccountName' is present

2020-09-15 14:33:25 - [MESSAGE][PASSED] - Object 'Object Repository/FDR-System-Admin/FDR-Add-AltAccount/altAccountName' is present

2020-09-15 14:33:25 - [TEST_STEP][PASSED] - setText(findTestObject("FDR-System-Admin/FDR-Add-AltAccount/altAccountName"), altAccountName): Text 'YtCrpfbaTt' is set on object 'Object Repository/FDR-System-Admin/FDR-Add-AltAccount/altAccountName'

2020-09-15 14:33:26 - [MESSAGE][PASSED] - Text 'YtCrpfbaTt' is set on object 'Object Repository/FDR-System-Admin/FDR-Add-AltAccount/altAccountName'

2020-09-15 14:33:26 - [TEST_STEP][PASSED] - waitForElementPresent(findTestObject("FDR-System-Admin/FDR-Add-AltAccount/accountName"), 3): Object 'Object Repository/FDR-System-Admin/FDR-Add-AltAccount/accountName' is present

2020-09-15 14:33:26 - [MESSAGE][PASSED] - Object 'Object Repository/FDR-System-Admin/FDR-Add-AltAccount/accountName' is present

2020-09-15 14:33:26 - [TEST_STEP][PASSED] - click(findTestObject("FDR-System-Admin/FDR-Add-AltAccount/accountName")): Object: 'Object Repository/FDR-System-Admin/FDR-Add-AltAccount/accountName' is clicked on

2020-09-15 14:33:26 - [MESSAGE][PASSED] - Object: 'Object Repository/FDR-System-Admin/FDR-Add-AltAccount/accountName' is clicked on

2020-09-15 14:33:26 - [TEST_STEP][PASSED] - setText(findTestObject("FDR-System-Admin/FDR-Add-AltAccount/accountName"), "Grants and Subdivisions - Governmental"): Text 'Grants and Subdivisions - Governmental' is set on object 'Object Repository/FDR-System-Admin/FDR-Add-AltAccount/accountName'

2020-09-15 14:33:27 - [MESSAGE][PASSED] - Text 'Grants and Subdivisions - Governmental' is set on object 'Object Repository/FDR-System-Admin/FDR-Add-AltAccount/accountName'

2020-09-15 14:33:27 - [TEST_STEP][PASSED] - waitForElementPresent(findTestObject("Object Repository/FDR-System-Admin/FDR-Add-AltAccount/accountNameOption"), 3): Object 'Object Repository/FDR-System-Admin/FDR-Add-AltAccount/accountNameOption' is present

2020-09-15 14:33:28 - [MESSAGE][PASSED] - Object 'Object Repository/FDR-System-Admin/FDR-Add-AltAccount/accountNameOption' is present

2020-09-15 14:33:28 - [TEST_STEP][PASSED] - click(findTestObject("Object Repository/FDR-System-Admin/FDR-Add-AltAccount/accountNameOption")): Object: 'Object Repository/FDR-System-Admin/FDR-Add-AltAccount/accountNameOption' is clicked on

2020-09-15 14:33:28 - [MESSAGE][PASSED] - Object: 'Object Repository/FDR-System-Admin/FDR-Add-AltAccount/accountNameOption' is clicked on

2020-09-15 14:33:28 - [TEST_STEP][PASSED] - waitForElementPresent(findTestObject("Object Repository/FDR-System-Admin/FDR-Add-AltAccount/altAccountCancelBtn"), 5): Object 'Object Repository/FDR-System-Admin/FDR-Add-AltAccount/altAccountCancelBtn' is not present after 5 second(s)

2020-09-15 14:33:34 - [MESSAGE][INFO] - Unable to find the element located by 'By.xpath: //*[@data-id='action-button']/span[text()='Cancel']'. Please recheck the objects properties to make sure the desired element is located. 

2020-09-15 14:33:34 - [MESSAGE][WARNING] - Object 'Object Repository/FDR-System-Admin/FDR-Add-AltAccount/altAccountCancelBtn' is not present after 5 second(s)

2020-09-15 14:33:34 - [TEST_STEP][PASSED] - waitForElementPresent(findTestObject("FDR-System-Admin/FDR-Add-AltAccount/confirmAltAccountBtn"), 5): Object 'Object Repository/FDR-System-Admin/FDR-Add-AltAccount/confirmAltAccountBtn' is present

2020-09-15 14:33:34 - [MESSAGE][PASSED] - Object 'Object Repository/FDR-System-Admin/FDR-Add-AltAccount/confirmAltAccountBtn' is present

2020-09-15 14:33:34 - [TEST_STEP][PASSED] - click(findTestObject("FDR-System-Admin/FDR-Add-AltAccount/confirmAltAccountBtn")): Object: 'Object Repository/FDR-System-Admin/FDR-Add-AltAccount/confirmAltAccountBtn' is clicked on

2020-09-15 14:33:35 - [MESSAGE][PASSED] - Object: 'Object Repository/FDR-System-Admin/FDR-Add-AltAccount/confirmAltAccountBtn' is clicked on

2020-09-15 14:33:35 - [TEST_STEP][PASSED] - waitForElementPresent(findTestObject("FDR-System-Admin/FDR-Edit-AltAccount/editAltAccountElispsis"), 3): Object 'Object Repository/FDR-System-Admin/FDR-Edit-AltAccount/editAltAccountElispsis' is present

2020-09-15 14:33:35 - [MESSAGE][PASSED] - Object 'Object Repository/FDR-System-Admin/FDR-Edit-AltAccount/editAltAccountElispsis' is present

2020-09-15 14:33:35 - [TEST_STEP][PASSED] - click(findTestObject("FDR-System-Admin/FDR-Edit-AltAccount/editAltAccountElispsis")): Object: 'Object Repository/FDR-System-Admin/FDR-Edit-AltAccount/editAltAccountElispsis' is clicked on

2020-09-15 14:33:36 - [MESSAGE][PASSED] - Object: 'Object Repository/FDR-System-Admin/FDR-Edit-AltAccount/editAltAccountElispsis' is clicked on

2020-09-15 14:33:36 - [TEST_STEP][PASSED] - waitForElementPresent(findTestObject("FDR-System-Admin/FDR-Edit-AltAccount/editAltAccountBtn"), 3): Object 'Object Repository/FDR-System-Admin/FDR-Edit-AltAccount/editAltAccountBtn' is present

2020-09-15 14:33:36 - [MESSAGE][PASSED] - Object 'Object Repository/FDR-System-Admin/FDR-Edit-AltAccount/editAltAccountBtn' is present

2020-09-15 14:33:36 - [TEST_STEP][PASSED] - click(findTestObject("FDR-System-Admin/FDR-Edit-AltAccount/editAltAccountBtn")): Object: 'Object Repository/FDR-System-Admin/FDR-Edit-AltAccount/editAltAccountBtn' is clicked on

2020-09-15 14:33:37 - [MESSAGE][PASSED] - Object: 'Object Repository/FDR-System-Admin/FDR-Edit-AltAccount/editAltAccountBtn' is clicked on

2020-09-15 14:33:37 - [TEST_STEP][PASSED] - editAltAccountCode = RandomStringUtils.randomNumeric(10): null

2020-09-15 14:33:37 - [TEST_STEP][PASSED] - waitForElementPresent(findTestObject("FDR-System-Admin/FDR-Add-AltAccount/altAccountCode"), 3): Object 'Object Repository/FDR-System-Admin/FDR-Add-AltAccount/altAccountCode' is present

2020-09-15 14:33:37 - [MESSAGE][PASSED] - Object 'Object Repository/FDR-System-Admin/FDR-Add-AltAccount/altAccountCode' is present

2020-09-15 14:33:37 - [TEST_STEP][PASSED] - doubleClick(findTestObject("FDR-System-Admin/FDR-Add-AltAccount/altAccountCode")): Object: 'Object Repository/FDR-System-Admin/FDR-Add-AltAccount/altAccountCode' is double clicked on

2020-09-15 14:33:38 - [MESSAGE][PASSED] - Object: 'Object Repository/FDR-System-Admin/FDR-Add-AltAccount/altAccountCode' is double clicked on

2020-09-15 14:33:38 - [TEST_STEP][PASSED] - sendKeys(findTestObject("FDR-System-Admin/FDR-Add-AltAccount/altAccountCode"), Keys.chord(BACK_SPACE)): Keys 'BACK_SPACE + ' sent to object: 'Object Repository/FDR-System-Admin/FDR-Add-AltAccount/altAccountCode'

2020-09-15 14:33:38 - [MESSAGE][PASSED] - Keys 'BACK_SPACE + ' sent to object: 'Object Repository/FDR-System-Admin/FDR-Add-AltAccount/altAccountCode'

2020-09-15 14:33:38 - [TEST_STEP][PASSED] - setText(findTestObject("FDR-System-Admin/FDR-Add-AltAccount/altAccountCode"), editAltAccountCode): Text '1332813463' is set on object 'Object Repository/FDR-System-Admin/FDR-Add-AltAccount/altAccountCode'

2020-09-15 14:33:39 - [MESSAGE][PASSED] - Text '1332813463' is set on object 'Object Repository/FDR-System-Admin/FDR-Add-AltAccount/altAccountCode'

2020-09-15 14:33:39 - [TEST_STEP][PASSED] - waitForElementPresent(findTestObject("FDR-System-Admin/FDR-Edit-AltAccount/saveAltAccountBtn"), 3): Object 'Object Repository/FDR-System-Admin/FDR-Edit-AltAccount/saveAltAccountBtn' is present

2020-09-15 14:33:39 - [MESSAGE][PASSED] - Object 'Object Repository/FDR-System-Admin/FDR-Edit-AltAccount/saveAltAccountBtn' is present

2020-09-15 14:33:39 - [TEST_STEP][PASSED] - click(findTestObject("FDR-System-Admin/FDR-Edit-AltAccount/saveAltAccountBtn")): Object: 'Object Repository/FDR-System-Admin/FDR-Edit-AltAccount/saveAltAccountBtn' is clicked on

2020-09-15 14:33:40 - [MESSAGE][PASSED] - Object: 'Object Repository/FDR-System-Admin/FDR-Edit-AltAccount/saveAltAccountBtn' is clicked on

2020-09-15 14:33:40 - [TEST_STEP][PASSED] - waitForElementPresent(findTestObject("FDR-System-Admin/FDR-Add-AltAccount/altAccountHeader"), 3): Object 'Object Repository/FDR-System-Admin/FDR-Add-AltAccount/altAccountHeader' is present

2020-09-15 14:33:40 - [MESSAGE][PASSED] - Object 'Object Repository/FDR-System-Admin/FDR-Add-AltAccount/altAccountHeader' is present

2020-09-15 14:33:40 - [TEST_STEP][PASSED] - waitForElementPresent(findTestObject("FDR-System-Admin/FDR-Add-AltAccount/backToAltAccounts"), 3): Object 'Object Repository/FDR-System-Admin/FDR-Add-AltAccount/backToAltAccounts' is present

2020-09-15 14:33:40 - [MESSAGE][PASSED] - Object 'Object Repository/FDR-System-Admin/FDR-Add-AltAccount/backToAltAccounts' is present

2020-09-15 14:33:40 - [TEST_STEP][PASSED] - click(findTestObject("FDR-System-Admin/FDR-Add-AltAccount/backToAltAccounts")): Object: 'Object Repository/FDR-System-Admin/FDR-Add-AltAccount/backToAltAccounts' is clicked on

2020-09-15 14:33:41 - [MESSAGE][PASSED] - Object: 'Object Repository/FDR-System-Admin/FDR-Add-AltAccount/backToAltAccounts' is clicked on

2020-09-15 14:33:41 - [TEST_STEP][PASSED] - if (verifyElementPresent(findTestObject("FDR-System-Admin/FDR-ReferencePage/firstRowOfRefData"), 2)): null

2020-09-15 14:33:41 - [MESSAGE][PASSED] - Object 'Object Repository/FDR-System-Admin/FDR-ReferencePage/firstRowOfRefData' is present

2020-09-15 14:33:41 - [TEST_STEP][PASSED] - click(findTestObject("FDR-System-Admin/FDR-ReferencePage/firstRowOfRefData")): Object: 'Object Repository/FDR-System-Admin/FDR-ReferencePage/firstRowOfRefData' is clicked on

2020-09-15 14:33:42 - [MESSAGE][PASSED] - Object: 'Object Repository/FDR-System-Admin/FDR-ReferencePage/firstRowOfRefData' is clicked on

2020-09-15 14:33:42 - [TEST_STEP][PASSED] - waitForElementPresent(findTestObject("FDR-System-Admin/FDR-Add-AltAccount/altAccountHeader"), 3): Object 'Object Repository/FDR-System-Admin/FDR-Add-AltAccount/altAccountHeader' is present

2020-09-15 14:33:42 - [MESSAGE][PASSED] - Object 'Object Repository/FDR-System-Admin/FDR-Add-AltAccount/altAccountHeader' is present

2020-09-15 14:33:42 - [TEST_STEP][PASSED] - label = getText(findTestObject("FDR-System-Admin/FDR-ReferencePage/altAccountReference/altAccountReview/altAccountCode")): Text of object 'Object Repository/FDR-System-Admin/FDR-ReferencePage/altAccountReference/altAccountReview/altAccountCode' is: 'ALT ACCOUNT CODE'

2020-09-15 14:33:42 - [MESSAGE][PASSED] - Text of object 'Object Repository/FDR-System-Admin/FDR-ReferencePage/altAccountReference/altAccountReview/altAccountCode' is: 'ALT ACCOUNT CODE'

2020-09-15 14:33:42 - [TEST_STEP][PASSED] - assert label == "ALT ACCOUNT CODE": null

2020-09-15 14:33:42 - [TEST_STEP][PASSED] - Start listener action : sampleAfterTestCase: null

2020-09-15 14:33:42 - [TEST_STEP][PASSED] - profileName = getExecutionProfile(): null

2020-09-15 14:33:42 - [TEST_STEP][PASSED] - switch (profileName): null

2020-09-15 14:33:42 - [TEST_STEP][PASSED] - case "superUser":: null

2020-09-15 14:33:42 - [TEST_STEP][PASSED] - return null: null

2020-09-15 14:33:42 - [TEST_STEP][PASSED] - Start listener action : afterTestCase: Browser is closed

2020-09-15 14:33:42 - [TEST_STEP][PASSED] - profileName = getExecutionProfile(): null

2020-09-15 14:33:42 - [TEST_STEP][PASSED] - if (profileName.equalsIgnoreCase("SysAdmin")): Browser is closed

2020-09-15 14:33:42 - [TEST_STEP][PASSED] - closeBrowser(): Browser is closed

2020-09-15 14:33:43 - [MESSAGE][PASSED] - Browser is closed

2020-09-15 14:33:43 - [TEST_STEP][PASSED] - Start listener action : sampleAfterTestCase: null

2020-09-15 14:33:43 - [TEST_STEP][PASSED] - profileName = getExecutionProfile(): null

2020-09-15 14:33:43 - [TEST_STEP][PASSED] - switch (profileName): null

2020-09-15 14:33:43 - [TEST_STEP][PASSED] - Default: null

2020-09-15 14:33:43 - [TEST_STEP][PASSED] - return null: null

2020-09-15 14:33:43 - [TEST_STEP][PASSED] - Start listener action : addFailedTCToList: null]]></system-out>
         <system-err><![CDATA[]]></system-err>
      </testcase>
      <testcase name="Test Cases/WEB-UI-TESTS/SysAdmin/ReportsPage/FDR-MBES-Reports" time="53.137" classname="Test Cases/WEB-UI-TESTS/SysAdmin/ReportsPage/FDR-MBES-Reports" status="PASSED">
         <system-out><![CDATA[2020-09-15 14:33:43 - [TEST_CASE][PASSED] - Test Cases/WEB-UI-TESTS/SysAdmin/ReportsPage/FDR-MBES-Reports: Test Cases/WEB-UI-TESTS/SysAdmin/ReportsPage/FDR-MBES-Reports

2020-09-15 14:33:43 - [TEST_STEP][PASSED] - Start listener action : sampleBeforeTestCase: null

2020-09-15 14:33:43 - [TEST_STEP][PASSED] - profileName = getExecutionProfile(): null

2020-09-15 14:33:43 - [TEST_STEP][PASSED] - switch (profileName): null

2020-09-15 14:33:43 - [TEST_STEP][PASSED] - case "superUser":: null

2020-09-15 14:33:43 - [TEST_STEP][PASSED] - return null: null

2020-09-15 14:33:43 - [TEST_STEP][PASSED] - Start listener action : beforeTestCase: Call Test Case 'Test Cases/WEB-UI-TESTS/SysAdmin/SystemAdmin-Login' successfully

2020-09-15 14:33:43 - [TEST_STEP][PASSED] - profileName = getExecutionProfile(): null

2020-09-15 14:33:43 - [TEST_STEP][PASSED] - if (profileName.equalsIgnoreCase("SysAdmin")): Call Test Case 'Test Cases/WEB-UI-TESTS/SysAdmin/SystemAdmin-Login' successfully

2020-09-15 14:33:43 - [TEST_STEP][PASSED] - callTestCase(findTestCase("Test Cases/WEB-UI-TESTS/SysAdmin/SystemAdmin-Login"), null): Call Test Case 'Test Cases/WEB-UI-TESTS/SysAdmin/SystemAdmin-Login' successfully

2020-09-15 14:33:43 - [TEST_CASE][PASSED] - Test Cases/WEB-UI-TESTS/SysAdmin/SystemAdmin-Login: Test Cases/WEB-UI-TESTS/SysAdmin/SystemAdmin-Login

2020-09-15 14:33:43 - [TEST_STEP][PASSED] - openBrowser(URL): Browser is opened with url: 'https://fdr-katalon.cammis-mod-dev.dhcs.ca.gov'

2020-09-15 14:33:43 - [MESSAGE][INFO] - Starting 'Chrome' driver

2020-09-15 14:33:43 - [MESSAGE][INFO] - Action delay is set to 0 milliseconds

2020-09-15 14:33:48 - [MESSAGE][PASSED] - Browser is opened with url: 'https://fdr-katalon.cammis-mod-dev.dhcs.ca.gov'

2020-09-15 14:33:48 - [TEST_STEP][PASSED] - maximizeWindow(): Current window maximized

2020-09-15 14:33:50 - [MESSAGE][PASSED] - Current window maximized

2020-09-15 14:33:50 - [TEST_STEP][PASSED] - refresh(): Refresh successfully

2020-09-15 14:33:50 - [MESSAGE][PASSED] - Refresh successfully

2020-09-15 14:33:50 - [TEST_STEP][PASSED] - delay(2): Delayed 2 second(s)

2020-09-15 14:33:52 - [MESSAGE][PASSED] - Delayed 2 second(s)

2020-09-15 14:33:52 - [TEST_STEP][PASSED] - waitForElementPresent(findTestObject("FDR-System-Admin/SysAdmin-SignIn/adminEmail"), 5): Object 'Object Repository/FDR-System-Admin/SysAdmin-SignIn/adminEmail' is present

2020-09-15 14:33:52 - [MESSAGE][PASSED] - Object 'Object Repository/FDR-System-Admin/SysAdmin-SignIn/adminEmail' is present

2020-09-15 14:33:52 - [TEST_STEP][PASSED] - setText(findTestObject("FDR-System-Admin/SysAdmin-SignIn/adminEmail"), adminEmail): Text 'fdr.test10@dhcs.ca.gov
' is set on object 'Object Repository/FDR-System-Admin/SysAdmin-SignIn/adminEmail'

2020-09-15 14:33:53 - [MESSAGE][PASSED] - Text 'fdr.test10@dhcs.ca.gov
' is set on object 'Object Repository/FDR-System-Admin/SysAdmin-SignIn/adminEmail'

2020-09-15 14:33:53 - [TEST_STEP][PASSED] - waitForElementPresent(findTestObject("FDR-System-Admin/SysAdmin-SignIn/adminUserName"), 5): Object 'Object Repository/FDR-System-Admin/SysAdmin-SignIn/adminUserName' is present

2020-09-15 14:33:56 - [MESSAGE][PASSED] - Object 'Object Repository/FDR-System-Admin/SysAdmin-SignIn/adminUserName' is present

2020-09-15 14:33:56 - [TEST_STEP][PASSED] - setText(findTestObject("FDR-System-Admin/SysAdmin-SignIn/adminUserName"), UserName): Text 'fdr.test10@dhcs.ca.gov' is set on object 'Object Repository/FDR-System-Admin/SysAdmin-SignIn/adminUserName'

2020-09-15 14:33:57 - [MESSAGE][PASSED] - Text 'fdr.test10@dhcs.ca.gov' is set on object 'Object Repository/FDR-System-Admin/SysAdmin-SignIn/adminUserName'

2020-09-15 14:33:57 - [TEST_STEP][PASSED] - setText(findTestObject("FDR-System-Admin/SysAdmin-SignIn/adminPass"), Password): Text 'Password18' is set on object 'Object Repository/FDR-System-Admin/SysAdmin-SignIn/adminPass'

2020-09-15 14:33:57 - [MESSAGE][PASSED] - Text 'Password18' is set on object 'Object Repository/FDR-System-Admin/SysAdmin-SignIn/adminPass'

2020-09-15 14:33:57 - [TEST_STEP][PASSED] - click(findTestObject("FDR-System-Admin/SysAdmin-SignIn/adminSignIn")): Object: 'Object Repository/FDR-System-Admin/SysAdmin-SignIn/adminSignIn' is clicked on

2020-09-15 14:33:59 - [MESSAGE][PASSED] - Object: 'Object Repository/FDR-System-Admin/SysAdmin-SignIn/adminSignIn' is clicked on

2020-09-15 14:33:59 - [TEST_STEP][PASSED] - waitForElementPresent(findTestObject("Object Repository/FDR-System-Admin/SysAdmin-Dashboard/maintainReferenceDataBtn"), 3): Object 'Object Repository/FDR-System-Admin/SysAdmin-Dashboard/maintainReferenceDataBtn' is present

2020-09-15 14:34:02 - [MESSAGE][PASSED] - Object 'Object Repository/FDR-System-Admin/SysAdmin-Dashboard/maintainReferenceDataBtn' is present

2020-09-15 14:34:02 - [TEST_STEP][PASSED] - verifyElementPresent(findTestObject("Object Repository/FDR-System-Admin/SysAdmin-Dashboard/maintainReferenceDataBtn"), Timeout): Object 'Object Repository/FDR-System-Admin/SysAdmin-Dashboard/maintainReferenceDataBtn' is present

2020-09-15 14:34:02 - [MESSAGE][PASSED] - Object 'Object Repository/FDR-System-Admin/SysAdmin-Dashboard/maintainReferenceDataBtn' is present

2020-09-15 14:34:02 - [TEST_STEP][PASSED] - refresh(): Refresh successfully

2020-09-15 14:34:03 - [MESSAGE][PASSED] - Refresh successfully

2020-09-15 14:34:03 - [MESSAGE][PASSED] - Call Test Case 'Test Cases/WEB-UI-TESTS/SysAdmin/SystemAdmin-Login' successfully

2020-09-15 14:34:03 - [TEST_STEP][PASSED] - Start listener action : sampleBeforeTestCase: null

2020-09-15 14:34:03 - [TEST_STEP][PASSED] - profileName = getExecutionProfile(): null

2020-09-15 14:34:03 - [TEST_STEP][PASSED] - testCaseId = testCaseContext.getTestCaseId(): null

2020-09-15 14:34:03 - [TEST_STEP][PASSED] - switch (profileName): null

2020-09-15 14:34:03 - [TEST_STEP][PASSED] - Default: null

2020-09-15 14:34:03 - [TEST_STEP][PASSED] - return null: null

2020-09-15 14:34:03 - [TEST_STEP][PASSED] - Start listener action : executeRows: null

2020-09-15 14:34:03 - [TEST_STEP][PASSED] - maximizeWindow(): Current window maximized

2020-09-15 14:34:03 - [MESSAGE][PASSED] - Current window maximized

2020-09-15 14:34:03 - [TEST_STEP][PASSED] - waitForElementPresent(findTestObject("Object Repository/FDR-System-Admin/FDR-Reports/FDR-Report-Dashboard/reportBtn"), 3): Object 'Object Repository/FDR-System-Admin/FDR-Reports/FDR-Report-Dashboard/reportBtn' is present

2020-09-15 14:34:03 - [MESSAGE][PASSED] - Object 'Object Repository/FDR-System-Admin/FDR-Reports/FDR-Report-Dashboard/reportBtn' is present

2020-09-15 14:34:03 - [TEST_STEP][PASSED] - click(findTestObject("Object Repository/FDR-System-Admin/FDR-Reports/FDR-Report-Dashboard/reportBtn")): Object: 'Object Repository/FDR-System-Admin/FDR-Reports/FDR-Report-Dashboard/reportBtn' is clicked on

2020-09-15 14:34:03 - [MESSAGE][PASSED] - Object: 'Object Repository/FDR-System-Admin/FDR-Reports/FDR-Report-Dashboard/reportBtn' is clicked on

2020-09-15 14:34:03 - [TEST_STEP][PASSED] - waitForElementPresent(findTestObject("Object Repository/FDR-System-Admin/FDR-Reports/FDR-MBES-Reports/mbesBtn"), 3): Object 'Object Repository/FDR-System-Admin/FDR-Reports/FDR-MBES-Reports/mbesBtn' is present

2020-09-15 14:34:04 - [MESSAGE][PASSED] - Object 'Object Repository/FDR-System-Admin/FDR-Reports/FDR-MBES-Reports/mbesBtn' is present

2020-09-15 14:34:04 - [TEST_STEP][PASSED] - click(findTestObject("Object Repository/FDR-System-Admin/FDR-Reports/FDR-MBES-Reports/mbesBtn")): Object: 'Object Repository/FDR-System-Admin/FDR-Reports/FDR-MBES-Reports/mbesBtn' is clicked on

2020-09-15 14:34:04 - [MESSAGE][PASSED] - Object: 'Object Repository/FDR-System-Admin/FDR-Reports/FDR-MBES-Reports/mbesBtn' is clicked on

2020-09-15 14:34:04 - [TEST_STEP][PASSED] - waitForElementPresent(findTestObject("Object Repository/FDR-System-Admin/FDR-Reports/FDR-MBES-Reports/mbesHeaderLabel"), 0): Object 'Object Repository/FDR-System-Admin/FDR-Reports/FDR-MBES-Reports/mbesHeaderLabel' is present

2020-09-15 14:34:04 - [MESSAGE][WARNING] - Timeout '0' is invalid. Using default page load timeout: '3'

2020-09-15 14:34:05 - [MESSAGE][PASSED] - Object 'Object Repository/FDR-System-Admin/FDR-Reports/FDR-MBES-Reports/mbesHeaderLabel' is present

2020-09-15 14:34:05 - [TEST_STEP][PASSED] - mbesHeaderLabel = getText(findTestObject("Object Repository/FDR-System-Admin/FDR-Reports/FDR-MBES-Reports/mbesHeaderLabel")): Text of object 'Object Repository/FDR-System-Admin/FDR-Reports/FDR-MBES-Reports/mbesHeaderLabel' is: 'MBES Reports'

2020-09-15 14:34:05 - [MESSAGE][PASSED] - Text of object 'Object Repository/FDR-System-Admin/FDR-Reports/FDR-MBES-Reports/mbesHeaderLabel' is: 'MBES Reports'

2020-09-15 14:34:05 - [TEST_STEP][PASSED] - assert mbesHeaderLabel == "MBES Reports": null

2020-09-15 14:34:05 - [TEST_STEP][PASSED] - NonWaiver_6421U = getText(findTestObject("Object Repository/FDR-System-Admin/FDR-Reports/FDR-MBES-Reports/64.21U-non-Waiver")): Text of object 'Object Repository/FDR-System-Admin/FDR-Reports/FDR-MBES-Reports/64.21U-non-Waiver' is: '64.21U Non-Waiver'

2020-09-15 14:34:05 - [MESSAGE][PASSED] - Text of object 'Object Repository/FDR-System-Admin/FDR-Reports/FDR-MBES-Reports/64.21U-non-Waiver' is: '64.21U Non-Waiver'

2020-09-15 14:34:05 - [TEST_STEP][PASSED] - assert NonWaiver_6421U == "64.21U Non-Waiver": null

2020-09-15 14:34:05 - [TEST_STEP][PASSED] - NonWaiver_21 = getText(findTestObject("Object Repository/FDR-System-Admin/FDR-Reports/FDR-MBES-Reports/21-Non-Waiver")): Text of object 'Object Repository/FDR-System-Admin/FDR-Reports/FDR-MBES-Reports/21-Non-Waiver' is: '21 Non-Waiver'

2020-09-15 14:34:05 - [MESSAGE][PASSED] - Text of object 'Object Repository/FDR-System-Admin/FDR-Reports/FDR-MBES-Reports/21-Non-Waiver' is: '21 Non-Waiver'

2020-09-15 14:34:05 - [TEST_STEP][PASSED] - assert NonWaiver_21 == "21 Non-Waiver": null

2020-09-15 14:34:05 - [TEST_STEP][PASSED] - NonWaiver_21P = getText(findTestObject("Object Repository/FDR-System-Admin/FDR-Reports/FDR-MBES-Reports/21P-Non-Waiver")): Text of object 'Object Repository/FDR-System-Admin/FDR-Reports/FDR-MBES-Reports/21P-Non-Waiver' is: '21P Non-Waiver'

2020-09-15 14:34:06 - [MESSAGE][PASSED] - Text of object 'Object Repository/FDR-System-Admin/FDR-Reports/FDR-MBES-Reports/21P-Non-Waiver' is: '21P Non-Waiver'

2020-09-15 14:34:06 - [TEST_STEP][PASSED] - assert NonWaiver_21P == "21P Non-Waiver": null

2020-09-15 14:34:06 - [TEST_STEP][PASSED] - waitForElementPresent(findTestObject("Object Repository/FDR-System-Admin/FDR-Reports/FDR-MBES-Reports/FDR-21P-Non-Waiver/21P-Non-Waiver-Btn"), 3): Object 'Object Repository/FDR-System-Admin/FDR-Reports/FDR-MBES-Reports/FDR-21P-Non-Waiver/21P-Non-Waiver-Btn' is present

2020-09-15 14:34:06 - [MESSAGE][PASSED] - Object 'Object Repository/FDR-System-Admin/FDR-Reports/FDR-MBES-Reports/FDR-21P-Non-Waiver/21P-Non-Waiver-Btn' is present

2020-09-15 14:34:06 - [TEST_STEP][PASSED] - click(findTestObject("Object Repository/FDR-System-Admin/FDR-Reports/FDR-MBES-Reports/FDR-21P-Non-Waiver/21P-Non-Waiver-Btn")): Object: 'Object Repository/FDR-System-Admin/FDR-Reports/FDR-MBES-Reports/FDR-21P-Non-Waiver/21P-Non-Waiver-Btn' is clicked on

2020-09-15 14:34:06 - [MESSAGE][PASSED] - Object: 'Object Repository/FDR-System-Admin/FDR-Reports/FDR-MBES-Reports/FDR-21P-Non-Waiver/21P-Non-Waiver-Btn' is clicked on

2020-09-15 14:34:06 - [TEST_STEP][PASSED] - waitForElementPresent(findTestObject("Object Repository/FDR-System-Admin/FDR-Reports/FDR-MBES-Reports/FDR-21P-Non-Waiver/21P-Non-Waiver-Header"), 3): Object 'Object Repository/FDR-System-Admin/FDR-Reports/FDR-MBES-Reports/FDR-21P-Non-Waiver/21P-Non-Waiver-Header' is present

2020-09-15 14:34:07 - [MESSAGE][PASSED] - Object 'Object Repository/FDR-System-Admin/FDR-Reports/FDR-MBES-Reports/FDR-21P-Non-Waiver/21P-Non-Waiver-Header' is present

2020-09-15 14:34:07 - [TEST_STEP][PASSED] - waitForElementPresent(findTestObject("Object Repository/FDR-System-Admin/FDR-Reports/FDR-MBES-Reports/FDR-21P-Non-Waiver/quartersDropdown"), 3): Object 'Object Repository/FDR-System-Admin/FDR-Reports/FDR-MBES-Reports/FDR-21P-Non-Waiver/quartersDropdown' is present

2020-09-15 14:34:07 - [MESSAGE][PASSED] - Object 'Object Repository/FDR-System-Admin/FDR-Reports/FDR-MBES-Reports/FDR-21P-Non-Waiver/quartersDropdown' is present

2020-09-15 14:34:07 - [TEST_STEP][PASSED] - click(findTestObject("Object Repository/FDR-System-Admin/FDR-Reports/FDR-MBES-Reports/FDR-21P-Non-Waiver/quartersDropdown")): Object: 'Object Repository/FDR-System-Admin/FDR-Reports/FDR-MBES-Reports/FDR-21P-Non-Waiver/quartersDropdown' is clicked on

2020-09-15 14:34:08 - [MESSAGE][PASSED] - Object: 'Object Repository/FDR-System-Admin/FDR-Reports/FDR-MBES-Reports/FDR-21P-Non-Waiver/quartersDropdown' is clicked on

2020-09-15 14:34:08 - [TEST_STEP][PASSED] - waitForElementPresent(findTestObject("Object Repository/FDR-System-Admin/FDR-Reports/FDR-MBES-Reports/FDR-21P-Non-Waiver/quartersOption"), 3): Object 'Object Repository/FDR-System-Admin/FDR-Reports/FDR-MBES-Reports/FDR-21P-Non-Waiver/quartersOption' is present

2020-09-15 14:34:08 - [MESSAGE][PASSED] - Object 'Object Repository/FDR-System-Admin/FDR-Reports/FDR-MBES-Reports/FDR-21P-Non-Waiver/quartersOption' is present

2020-09-15 14:34:08 - [TEST_STEP][PASSED] - click(findTestObject("Object Repository/FDR-System-Admin/FDR-Reports/FDR-MBES-Reports/FDR-21P-Non-Waiver/quartersOption")): Object: 'Object Repository/FDR-System-Admin/FDR-Reports/FDR-MBES-Reports/FDR-21P-Non-Waiver/quartersOption' is clicked on

2020-09-15 14:34:08 - [MESSAGE][PASSED] - Object: 'Object Repository/FDR-System-Admin/FDR-Reports/FDR-MBES-Reports/FDR-21P-Non-Waiver/quartersOption' is clicked on

2020-09-15 14:34:08 - [TEST_STEP][PASSED] - waitForElementPresent(findTestObject("Object Repository/FDR-System-Admin/FDR-Reports/FDR-MBES-Reports/FDR-21P-Non-Waiver/lineNumberDropdown"), 3): Object 'Object Repository/FDR-System-Admin/FDR-Reports/FDR-MBES-Reports/FDR-21P-Non-Waiver/lineNumberDropdown' is present

2020-09-15 14:34:09 - [MESSAGE][PASSED] - Object 'Object Repository/FDR-System-Admin/FDR-Reports/FDR-MBES-Reports/FDR-21P-Non-Waiver/lineNumberDropdown' is present

2020-09-15 14:34:09 - [TEST_STEP][PASSED] - click(findTestObject("Object Repository/FDR-System-Admin/FDR-Reports/FDR-MBES-Reports/FDR-21P-Non-Waiver/lineNumberDropdown")): Object: 'Object Repository/FDR-System-Admin/FDR-Reports/FDR-MBES-Reports/FDR-21P-Non-Waiver/lineNumberDropdown' is clicked on

2020-09-15 14:34:09 - [MESSAGE][PASSED] - Object: 'Object Repository/FDR-System-Admin/FDR-Reports/FDR-MBES-Reports/FDR-21P-Non-Waiver/lineNumberDropdown' is clicked on

2020-09-15 14:34:09 - [TEST_STEP][PASSED] - waitForElementPresent(findTestObject("Object Repository/FDR-System-Admin/FDR-Reports/FDR-MBES-Reports/FDR-21P-Non-Waiver/lineNumberOption"), 3): Object 'Object Repository/FDR-System-Admin/FDR-Reports/FDR-MBES-Reports/FDR-21P-Non-Waiver/lineNumberOption' is present

2020-09-15 14:34:10 - [MESSAGE][PASSED] - Object 'Object Repository/FDR-System-Admin/FDR-Reports/FDR-MBES-Reports/FDR-21P-Non-Waiver/lineNumberOption' is present

2020-09-15 14:34:10 - [TEST_STEP][PASSED] - click(findTestObject("Object Repository/FDR-System-Admin/FDR-Reports/FDR-MBES-Reports/FDR-21P-Non-Waiver/lineNumberOption")): Object: 'Object Repository/FDR-System-Admin/FDR-Reports/FDR-MBES-Reports/FDR-21P-Non-Waiver/lineNumberOption' is clicked on

2020-09-15 14:34:10 - [MESSAGE][PASSED] - Object: 'Object Repository/FDR-System-Admin/FDR-Reports/FDR-MBES-Reports/FDR-21P-Non-Waiver/lineNumberOption' is clicked on

2020-09-15 14:34:10 - [TEST_STEP][PASSED] - waitForElementPresent(findTestObject("Object Repository/FDR-System-Admin/FDR-Reports/FDR-MBES-Reports/FDR-21P-Non-Waiver/21P-Non-Waiver-Header"), 3): Object 'Object Repository/FDR-System-Admin/FDR-Reports/FDR-MBES-Reports/FDR-21P-Non-Waiver/21P-Non-Waiver-Header' is present

2020-09-15 14:34:10 - [MESSAGE][PASSED] - Object 'Object Repository/FDR-System-Admin/FDR-Reports/FDR-MBES-Reports/FDR-21P-Non-Waiver/21P-Non-Waiver-Header' is present

2020-09-15 14:34:10 - [TEST_STEP][PASSED] - click(findTestObject("Object Repository/FDR-System-Admin/FDR-Reports/FDR-MBES-Reports/FDR-ReportBtns/backToMBESReports")): Object: 'Object Repository/FDR-System-Admin/FDR-Reports/FDR-MBES-Reports/FDR-ReportBtns/backToMBESReports' is clicked on

2020-09-15 14:34:11 - [MESSAGE][PASSED] - Object: 'Object Repository/FDR-System-Admin/FDR-Reports/FDR-MBES-Reports/FDR-ReportBtns/backToMBESReports' is clicked on

2020-09-15 14:34:11 - [TEST_STEP][PASSED] - nonWaiver_6421UP = getText(findTestObject("Object Repository/FDR-System-Admin/FDR-Reports/FDR-MBES-Reports/64.21UP-Non-Waiver")): Text of object 'Object Repository/FDR-System-Admin/FDR-Reports/FDR-MBES-Reports/64.21UP-Non-Waiver' is: '64.21UP Non-Waiver'

2020-09-15 14:34:11 - [MESSAGE][PASSED] - Text of object 'Object Repository/FDR-System-Admin/FDR-Reports/FDR-MBES-Reports/64.21UP-Non-Waiver' is: '64.21UP Non-Waiver'

2020-09-15 14:34:11 - [TEST_STEP][PASSED] - assert nonWaiver_6421UP == "64.21UP Non-Waiver": null

2020-09-15 14:34:11 - [TEST_STEP][PASSED] - waitForElementPresent(findTestObject("Object Repository/FDR-System-Admin/FDR-Reports/FDR-MBES-Reports/FDR-ReportBtns/64.21UP-NonWaiverBtn"), 3): Object 'Object Repository/FDR-System-Admin/FDR-Reports/FDR-MBES-Reports/FDR-ReportBtns/64.21UP-NonWaiverBtn' is present

2020-09-15 14:34:11 - [MESSAGE][PASSED] - Object 'Object Repository/FDR-System-Admin/FDR-Reports/FDR-MBES-Reports/FDR-ReportBtns/64.21UP-NonWaiverBtn' is present

2020-09-15 14:34:11 - [TEST_STEP][PASSED] - click(findTestObject("Object Repository/FDR-System-Admin/FDR-Reports/FDR-MBES-Reports/FDR-ReportBtns/64.21UP-NonWaiverBtn")): Object: 'Object Repository/FDR-System-Admin/FDR-Reports/FDR-MBES-Reports/FDR-ReportBtns/64.21UP-NonWaiverBtn' is clicked on

2020-09-15 14:34:12 - [MESSAGE][PASSED] - Object: 'Object Repository/FDR-System-Admin/FDR-Reports/FDR-MBES-Reports/FDR-ReportBtns/64.21UP-NonWaiverBtn' is clicked on

2020-09-15 14:34:12 - [TEST_STEP][PASSED] - waitForElementPresent(findTestObject("Object Repository/FDR-System-Admin/FDR-Reports/FDR-MBES-Reports/FDR-64.21UP Non-Waiver/header"), 3): Object 'Object Repository/FDR-System-Admin/FDR-Reports/FDR-MBES-Reports/FDR-64.21UP Non-Waiver/header' is present

2020-09-15 14:34:12 - [MESSAGE][PASSED] - Object 'Object Repository/FDR-System-Admin/FDR-Reports/FDR-MBES-Reports/FDR-64.21UP Non-Waiver/header' is present

2020-09-15 14:34:12 - [TEST_STEP][PASSED] - waitForElementPresent(findTestObject("Object Repository/FDR-System-Admin/FDR-Reports/FDR-MBES-Reports/FDR-64.21UP Non-Waiver/header"), 3): Object 'Object Repository/FDR-System-Admin/FDR-Reports/FDR-MBES-Reports/FDR-64.21UP Non-Waiver/header' is present

2020-09-15 14:34:13 - [MESSAGE][PASSED] - Object 'Object Repository/FDR-System-Admin/FDR-Reports/FDR-MBES-Reports/FDR-64.21UP Non-Waiver/header' is present

2020-09-15 14:34:13 - [TEST_STEP][PASSED] - click(findTestObject("Object Repository/FDR-System-Admin/FDR-Reports/FDR-MBES-Reports/FDR-64.21UP Non-Waiver/quartersDropdown")): Object: 'Object Repository/FDR-System-Admin/FDR-Reports/FDR-MBES-Reports/FDR-64.21UP Non-Waiver/quartersDropdown' is clicked on

2020-09-15 14:34:13 - [MESSAGE][PASSED] - Object: 'Object Repository/FDR-System-Admin/FDR-Reports/FDR-MBES-Reports/FDR-64.21UP Non-Waiver/quartersDropdown' is clicked on

2020-09-15 14:34:13 - [TEST_STEP][PASSED] - waitForElementPresent(findTestObject("Object Repository/FDR-System-Admin/FDR-Reports/FDR-MBES-Reports/FDR-64.21UP Non-Waiver/quartersOption"), 3): Object 'Object Repository/FDR-System-Admin/FDR-Reports/FDR-MBES-Reports/FDR-64.21UP Non-Waiver/quartersOption' is present

2020-09-15 14:34:13 - [MESSAGE][PASSED] - Object 'Object Repository/FDR-System-Admin/FDR-Reports/FDR-MBES-Reports/FDR-64.21UP Non-Waiver/quartersOption' is present

2020-09-15 14:34:13 - [TEST_STEP][PASSED] - click(findTestObject("Object Repository/FDR-System-Admin/FDR-Reports/FDR-MBES-Reports/FDR-64.21UP Non-Waiver/quartersOption")): Object: 'Object Repository/FDR-System-Admin/FDR-Reports/FDR-MBES-Reports/FDR-64.21UP Non-Waiver/quartersOption' is clicked on

2020-09-15 14:34:14 - [MESSAGE][PASSED] - Object: 'Object Repository/FDR-System-Admin/FDR-Reports/FDR-MBES-Reports/FDR-64.21UP Non-Waiver/quartersOption' is clicked on

2020-09-15 14:34:14 - [TEST_STEP][PASSED] - waitForElementPresent(findTestObject("Object Repository/FDR-System-Admin/FDR-Reports/FDR-MBES-Reports/FDR-64.21UP Non-Waiver/lineNumberDropdown"), 3): Object 'Object Repository/FDR-System-Admin/FDR-Reports/FDR-MBES-Reports/FDR-64.21UP Non-Waiver/lineNumberDropdown' is present

2020-09-15 14:34:14 - [MESSAGE][PASSED] - Object 'Object Repository/FDR-System-Admin/FDR-Reports/FDR-MBES-Reports/FDR-64.21UP Non-Waiver/lineNumberDropdown' is present

2020-09-15 14:34:14 - [TEST_STEP][PASSED] - click(findTestObject("Object Repository/FDR-System-Admin/FDR-Reports/FDR-MBES-Reports/FDR-64.21UP Non-Waiver/lineNumberDropdown")): Object: 'Object Repository/FDR-System-Admin/FDR-Reports/FDR-MBES-Reports/FDR-64.21UP Non-Waiver/lineNumberDropdown' is clicked on

2020-09-15 14:34:14 - [MESSAGE][PASSED] - Object: 'Object Repository/FDR-System-Admin/FDR-Reports/FDR-MBES-Reports/FDR-64.21UP Non-Waiver/lineNumberDropdown' is clicked on

2020-09-15 14:34:14 - [TEST_STEP][PASSED] - waitForElementPresent(findTestObject("Object Repository/FDR-System-Admin/FDR-Reports/FDR-MBES-Reports/FDR-64.21UP Non-Waiver/lineNumberOption"), 3): Object 'Object Repository/FDR-System-Admin/FDR-Reports/FDR-MBES-Reports/FDR-64.21UP Non-Waiver/lineNumberOption' is present

2020-09-15 14:34:15 - [MESSAGE][PASSED] - Object 'Object Repository/FDR-System-Admin/FDR-Reports/FDR-MBES-Reports/FDR-64.21UP Non-Waiver/lineNumberOption' is present

2020-09-15 14:34:15 - [TEST_STEP][PASSED] - click(findTestObject("Object Repository/FDR-System-Admin/FDR-Reports/FDR-MBES-Reports/FDR-64.21UP Non-Waiver/lineNumberOption")): Object: 'Object Repository/FDR-System-Admin/FDR-Reports/FDR-MBES-Reports/FDR-64.21UP Non-Waiver/lineNumberOption' is clicked on

2020-09-15 14:34:15 - [MESSAGE][PASSED] - Object: 'Object Repository/FDR-System-Admin/FDR-Reports/FDR-MBES-Reports/FDR-64.21UP Non-Waiver/lineNumberOption' is clicked on

2020-09-15 14:34:15 - [TEST_STEP][PASSED] - waitForElementPresent(findTestObject("Object Repository/FDR-System-Admin/FDR-Reports/FDR-MBES-Reports/FDR-ReportBtns/64.21UP-NonWaiverHeader"), 3): Object 'Object Repository/FDR-System-Admin/FDR-Reports/FDR-MBES-Reports/FDR-ReportBtns/64.21UP-NonWaiverHeader' is not present after 3 second(s)

2020-09-15 14:34:19 - [MESSAGE][INFO] - Unable to find the element located by 'By.xpath: //*[@id="wrapper"]/main/div/div/div/div/main/div[1]/div[2]/div/h5'. Please recheck the objects properties to make sure the desired element is located. 

2020-09-15 14:34:19 - [MESSAGE][WARNING] - Object 'Object Repository/FDR-System-Admin/FDR-Reports/FDR-MBES-Reports/FDR-ReportBtns/64.21UP-NonWaiverHeader' is not present after 3 second(s)

2020-09-15 14:34:19 - [TEST_STEP][PASSED] - click(findTestObject("Object Repository/FDR-System-Admin/FDR-Reports/FDR-MBES-Reports/FDR-ReportBtns/backToMBESReports")): Object: 'Object Repository/FDR-System-Admin/FDR-Reports/FDR-MBES-Reports/FDR-ReportBtns/backToMBESReports' is clicked on

2020-09-15 14:34:20 - [MESSAGE][PASSED] - Object: 'Object Repository/FDR-System-Admin/FDR-Reports/FDR-MBES-Reports/FDR-ReportBtns/backToMBESReports' is clicked on

2020-09-15 14:34:20 - [TEST_STEP][PASSED] - waiver_6421U = getText(findTestObject("Object Repository/FDR-System-Admin/FDR-Reports/FDR-MBES-Reports/64.21U-Waiver")): Text of object 'Object Repository/FDR-System-Admin/FDR-Reports/FDR-MBES-Reports/64.21U-Waiver' is: '64.21U Waiver'

2020-09-15 14:34:20 - [MESSAGE][PASSED] - Text of object 'Object Repository/FDR-System-Admin/FDR-Reports/FDR-MBES-Reports/64.21U-Waiver' is: '64.21U Waiver'

2020-09-15 14:34:20 - [TEST_STEP][PASSED] - assert waiver_6421U == "64.21U Waiver": null

2020-09-15 14:34:20 - [TEST_STEP][PASSED] - waiver_6421UP = getText(findTestObject("Object Repository/FDR-System-Admin/FDR-Reports/FDR-MBES-Reports/64.21UP-Waiver")): Text of object 'Object Repository/FDR-System-Admin/FDR-Reports/FDR-MBES-Reports/64.21UP-Waiver' is: '64.21UP Waiver'

2020-09-15 14:34:20 - [MESSAGE][PASSED] - Text of object 'Object Repository/FDR-System-Admin/FDR-Reports/FDR-MBES-Reports/64.21UP-Waiver' is: '64.21UP Waiver'

2020-09-15 14:34:20 - [TEST_STEP][PASSED] - assert waiver_6421UP == "64.21UP Waiver": null

2020-09-15 14:34:20 - [TEST_STEP][PASSED] - waitForElementPresent(findTestObject("Object Repository/FDR-System-Admin/FDR-Reports/FDR-MBES-Reports/FDR-ReportBtns/64.21UP-WaiverBtn"), 3): Object 'Object Repository/FDR-System-Admin/FDR-Reports/FDR-MBES-Reports/FDR-ReportBtns/64.21UP-WaiverBtn' is present

2020-09-15 14:34:21 - [MESSAGE][PASSED] - Object 'Object Repository/FDR-System-Admin/FDR-Reports/FDR-MBES-Reports/FDR-ReportBtns/64.21UP-WaiverBtn' is present

2020-09-15 14:34:21 - [TEST_STEP][PASSED] - click(findTestObject("Object Repository/FDR-System-Admin/FDR-Reports/FDR-MBES-Reports/FDR-ReportBtns/64.21UP-WaiverBtn")): Object: 'Object Repository/FDR-System-Admin/FDR-Reports/FDR-MBES-Reports/FDR-ReportBtns/64.21UP-WaiverBtn' is clicked on

2020-09-15 14:34:21 - [MESSAGE][PASSED] - Object: 'Object Repository/FDR-System-Admin/FDR-Reports/FDR-MBES-Reports/FDR-ReportBtns/64.21UP-WaiverBtn' is clicked on

2020-09-15 14:34:21 - [TEST_STEP][PASSED] - waitForElementPresent(findTestObject("Object Repository/FDR-System-Admin/FDR-Reports/FDR-MBES-Reports/FDR-ReportBtns/64.21UP-WaiverHeader"), 3): Object 'Object Repository/FDR-System-Admin/FDR-Reports/FDR-MBES-Reports/FDR-ReportBtns/64.21UP-WaiverHeader' is present

2020-09-15 14:34:22 - [MESSAGE][PASSED] - Object 'Object Repository/FDR-System-Admin/FDR-Reports/FDR-MBES-Reports/FDR-ReportBtns/64.21UP-WaiverHeader' is present

2020-09-15 14:34:22 - [TEST_STEP][PASSED] - click(findTestObject("Object Repository/FDR-System-Admin/FDR-Reports/FDR-MBES-Reports/FDR-ReportBtns/backToMBESReports")): Object: 'Object Repository/FDR-System-Admin/FDR-Reports/FDR-MBES-Reports/FDR-ReportBtns/backToMBESReports' is clicked on

2020-09-15 14:34:22 - [MESSAGE][PASSED] - Object: 'Object Repository/FDR-System-Admin/FDR-Reports/FDR-MBES-Reports/FDR-ReportBtns/backToMBESReports' is clicked on

2020-09-15 14:34:22 - [TEST_STEP][PASSED] - nonWaiver_649 = getText(findTestObject("Object Repository/FDR-System-Admin/FDR-Reports/FDR-MBES-Reports/64.9Non-Waiver")): Text of object 'Object Repository/FDR-System-Admin/FDR-Reports/FDR-MBES-Reports/64.9Non-Waiver' is: '64.9 Non-Waiver'

2020-09-15 14:34:23 - [MESSAGE][PASSED] - Text of object 'Object Repository/FDR-System-Admin/FDR-Reports/FDR-MBES-Reports/64.9Non-Waiver' is: '64.9 Non-Waiver'

2020-09-15 14:34:23 - [TEST_STEP][PASSED] - assert nonWaiver_649 == "64.9 Non-Waiver": null

2020-09-15 14:34:23 - [TEST_STEP][PASSED] - nonWaiver_649P = getText(findTestObject("Object Repository/FDR-System-Admin/FDR-Reports/FDR-MBES-Reports/64.9PNon-Waiver")): Text of object 'Object Repository/FDR-System-Admin/FDR-Reports/FDR-MBES-Reports/64.9PNon-Waiver' is: '64.9P Non-Waiver'

2020-09-15 14:34:23 - [MESSAGE][PASSED] - Text of object 'Object Repository/FDR-System-Admin/FDR-Reports/FDR-MBES-Reports/64.9PNon-Waiver' is: '64.9P Non-Waiver'

2020-09-15 14:34:23 - [TEST_STEP][PASSED] - assert nonWaiver_649P == "64.9P Non-Waiver": null

2020-09-15 14:34:23 - [TEST_STEP][PASSED] - waitForElementPresent(findTestObject("Object Repository/FDR-System-Admin/FDR-Reports/FDR-MBES-Reports/FDR-ReportBtns/64.9P-NonWaiverBtn"), 3): Object 'Object Repository/FDR-System-Admin/FDR-Reports/FDR-MBES-Reports/FDR-ReportBtns/64.9P-NonWaiverBtn' is present

2020-09-15 14:34:23 - [MESSAGE][PASSED] - Object 'Object Repository/FDR-System-Admin/FDR-Reports/FDR-MBES-Reports/FDR-ReportBtns/64.9P-NonWaiverBtn' is present

2020-09-15 14:34:23 - [TEST_STEP][PASSED] - click(findTestObject("Object Repository/FDR-System-Admin/FDR-Reports/FDR-MBES-Reports/FDR-ReportBtns/64.9P-NonWaiverBtn")): Object: 'Object Repository/FDR-System-Admin/FDR-Reports/FDR-MBES-Reports/FDR-ReportBtns/64.9P-NonWaiverBtn' is clicked on

2020-09-15 14:34:23 - [MESSAGE][PASSED] - Object: 'Object Repository/FDR-System-Admin/FDR-Reports/FDR-MBES-Reports/FDR-ReportBtns/64.9P-NonWaiverBtn' is clicked on

2020-09-15 14:34:23 - [TEST_STEP][PASSED] - waitForElementPresent(findTestObject("Object Repository/FDR-System-Admin/FDR-Reports/FDR-MBES-Reports/FDR-ReportBtns/64.9P-NonWaiverHeader"), 3): Object 'Object Repository/FDR-System-Admin/FDR-Reports/FDR-MBES-Reports/FDR-ReportBtns/64.9P-NonWaiverHeader' is present

2020-09-15 14:34:24 - [MESSAGE][PASSED] - Object 'Object Repository/FDR-System-Admin/FDR-Reports/FDR-MBES-Reports/FDR-ReportBtns/64.9P-NonWaiverHeader' is present

2020-09-15 14:34:24 - [TEST_STEP][PASSED] - click(findTestObject("Object Repository/FDR-System-Admin/FDR-Reports/FDR-MBES-Reports/FDR-ReportBtns/backToMBESReports")): Object: 'Object Repository/FDR-System-Admin/FDR-Reports/FDR-MBES-Reports/FDR-ReportBtns/backToMBESReports' is clicked on

2020-09-15 14:34:24 - [MESSAGE][PASSED] - Object: 'Object Repository/FDR-System-Admin/FDR-Reports/FDR-MBES-Reports/FDR-ReportBtns/backToMBESReports' is clicked on

2020-09-15 14:34:24 - [TEST_STEP][PASSED] - waiver_649 = getText(findTestObject("Object Repository/FDR-System-Admin/FDR-Reports/FDR-MBES-Reports/64.9Waiver")): Text of object 'Object Repository/FDR-System-Admin/FDR-Reports/FDR-MBES-Reports/64.9Waiver' is: '64.9 Waiver'

2020-09-15 14:34:25 - [MESSAGE][PASSED] - Text of object 'Object Repository/FDR-System-Admin/FDR-Reports/FDR-MBES-Reports/64.9Waiver' is: '64.9 Waiver'

2020-09-15 14:34:25 - [TEST_STEP][PASSED] - assert waiver_649 == "64.9 Waiver": null

2020-09-15 14:34:25 - [TEST_STEP][PASSED] - waitForElementPresent(findTestObject("Object Repository/FDR-System-Admin/FDR-Reports/FDR-MBES-Reports/FDR-ReportBtns/64.9-WaiverBtn"), 3): Object 'Object Repository/FDR-System-Admin/FDR-Reports/FDR-MBES-Reports/FDR-ReportBtns/64.9-WaiverBtn' is present

2020-09-15 14:34:25 - [MESSAGE][PASSED] - Object 'Object Repository/FDR-System-Admin/FDR-Reports/FDR-MBES-Reports/FDR-ReportBtns/64.9-WaiverBtn' is present

2020-09-15 14:34:25 - [TEST_STEP][PASSED] - click(findTestObject("Object Repository/FDR-System-Admin/FDR-Reports/FDR-MBES-Reports/FDR-ReportBtns/64.9-WaiverBtn")): Object: 'Object Repository/FDR-System-Admin/FDR-Reports/FDR-MBES-Reports/FDR-ReportBtns/64.9-WaiverBtn' is clicked on

2020-09-15 14:34:25 - [MESSAGE][PASSED] - Object: 'Object Repository/FDR-System-Admin/FDR-Reports/FDR-MBES-Reports/FDR-ReportBtns/64.9-WaiverBtn' is clicked on

2020-09-15 14:34:25 - [TEST_STEP][PASSED] - delay(2): Delayed 2 second(s)

2020-09-15 14:34:27 - [MESSAGE][PASSED] - Delayed 2 second(s)

2020-09-15 14:34:27 - [TEST_STEP][PASSED] - waitForElementPresent(findTestObject("Object Repository/FDR-System-Admin/FDR-Reports/FDR-MBES-Reports/FDR-ReportBtns/64.9-WaiverHeader"), 3): Object 'Object Repository/FDR-System-Admin/FDR-Reports/FDR-MBES-Reports/FDR-ReportBtns/64.9-WaiverHeader' is present

2020-09-15 14:34:28 - [MESSAGE][PASSED] - Object 'Object Repository/FDR-System-Admin/FDR-Reports/FDR-MBES-Reports/FDR-ReportBtns/64.9-WaiverHeader' is present

2020-09-15 14:34:28 - [TEST_STEP][PASSED] - click(findTestObject("Object Repository/FDR-System-Admin/FDR-Reports/FDR-MBES-Reports/FDR-ReportBtns/backToMBESReports")): Object: 'Object Repository/FDR-System-Admin/FDR-Reports/FDR-MBES-Reports/FDR-ReportBtns/backToMBESReports' is clicked on

2020-09-15 14:34:28 - [MESSAGE][PASSED] - Object: 'Object Repository/FDR-System-Admin/FDR-Reports/FDR-MBES-Reports/FDR-ReportBtns/backToMBESReports' is clicked on

2020-09-15 14:34:28 - [TEST_STEP][PASSED] - waiver_649P = getText(findTestObject("Object Repository/FDR-System-Admin/FDR-Reports/FDR-MBES-Reports/64.9P-Waiver")): Text of object 'Object Repository/FDR-System-Admin/FDR-Reports/FDR-MBES-Reports/64.9P-Waiver' is: '64.9P Waiver'

2020-09-15 14:34:28 - [MESSAGE][PASSED] - Text of object 'Object Repository/FDR-System-Admin/FDR-Reports/FDR-MBES-Reports/64.9P-Waiver' is: '64.9P Waiver'

2020-09-15 14:34:28 - [TEST_STEP][PASSED] - assert waiver_649P == "64.9P Waiver": null

2020-09-15 14:34:28 - [TEST_STEP][PASSED] - waitForElementPresent(findTestObject("Object Repository/FDR-System-Admin/FDR-Reports/FDR-MBES-Reports/FDR-ReportBtns/64.9P-WaiverBtn"), 3): Object 'Object Repository/FDR-System-Admin/FDR-Reports/FDR-MBES-Reports/FDR-ReportBtns/64.9P-WaiverBtn' is present

2020-09-15 14:34:29 - [MESSAGE][PASSED] - Object 'Object Repository/FDR-System-Admin/FDR-Reports/FDR-MBES-Reports/FDR-ReportBtns/64.9P-WaiverBtn' is present

2020-09-15 14:34:29 - [TEST_STEP][PASSED] - click(findTestObject("Object Repository/FDR-System-Admin/FDR-Reports/FDR-MBES-Reports/FDR-ReportBtns/64.9P-WaiverBtn")): Object: 'Object Repository/FDR-System-Admin/FDR-Reports/FDR-MBES-Reports/FDR-ReportBtns/64.9P-WaiverBtn' is clicked on

2020-09-15 14:34:29 - [MESSAGE][PASSED] - Object: 'Object Repository/FDR-System-Admin/FDR-Reports/FDR-MBES-Reports/FDR-ReportBtns/64.9P-WaiverBtn' is clicked on

2020-09-15 14:34:29 - [TEST_STEP][PASSED] - waitForElementPresent(findTestObject("Object Repository/FDR-System-Admin/FDR-Reports/FDR-MBES-Reports/FDR-ReportBtns/64.9P-WaiverHeader"), 3): Object 'Object Repository/FDR-System-Admin/FDR-Reports/FDR-MBES-Reports/FDR-ReportBtns/64.9P-WaiverHeader' is present

2020-09-15 14:34:30 - [MESSAGE][PASSED] - Object 'Object Repository/FDR-System-Admin/FDR-Reports/FDR-MBES-Reports/FDR-ReportBtns/64.9P-WaiverHeader' is present

2020-09-15 14:34:30 - [TEST_STEP][PASSED] - click(findTestObject("Object Repository/FDR-System-Admin/FDR-Reports/FDR-MBES-Reports/FDR-ReportBtns/backToMBESReports")): Object: 'Object Repository/FDR-System-Admin/FDR-Reports/FDR-MBES-Reports/FDR-ReportBtns/backToMBESReports' is clicked on

2020-09-15 14:34:30 - [MESSAGE][PASSED] - Object: 'Object Repository/FDR-System-Admin/FDR-Reports/FDR-MBES-Reports/FDR-ReportBtns/backToMBESReports' is clicked on

2020-09-15 14:34:30 - [TEST_STEP][PASSED] - nonWaiver_649VIII = getText(findTestObject("Object Repository/FDR-System-Admin/FDR-Reports/FDR-MBES-Reports/64.9VIII-Non-Waiver")): Text of object 'Object Repository/FDR-System-Admin/FDR-Reports/FDR-MBES-Reports/64.9VIII-Non-Waiver' is: '64.9VIII Non-Waiver'

2020-09-15 14:34:31 - [MESSAGE][PASSED] - Text of object 'Object Repository/FDR-System-Admin/FDR-Reports/FDR-MBES-Reports/64.9VIII-Non-Waiver' is: '64.9VIII Non-Waiver'

2020-09-15 14:34:31 - [TEST_STEP][PASSED] - assert nonWaiver_649VIII == "64.9VIII Non-Waiver": null

2020-09-15 14:34:31 - [TEST_STEP][PASSED] - nonWaiver_649VIIIP = getText(findTestObject("Object Repository/FDR-System-Admin/FDR-Reports/FDR-MBES-Reports/64.9VIIIP-Non-Waiver")): Text of object 'Object Repository/FDR-System-Admin/FDR-Reports/FDR-MBES-Reports/64.9VIIIP-Non-Waiver' is: '64.9VIIIP Non-Waiver'

2020-09-15 14:34:31 - [MESSAGE][PASSED] - Text of object 'Object Repository/FDR-System-Admin/FDR-Reports/FDR-MBES-Reports/64.9VIIIP-Non-Waiver' is: '64.9VIIIP Non-Waiver'

2020-09-15 14:34:31 - [TEST_STEP][PASSED] - assert nonWaiver_649VIIIP == "64.9VIIIP Non-Waiver": null

2020-09-15 14:34:31 - [TEST_STEP][PASSED] - waitForElementPresent(findTestObject("Object Repository/FDR-System-Admin/FDR-Reports/FDR-MBES-Reports/FDR-ReportBtns/64.9VIIIP-NonWaiverBtn"), 3): Object 'Object Repository/FDR-System-Admin/FDR-Reports/FDR-MBES-Reports/FDR-ReportBtns/64.9VIIIP-NonWaiverBtn' is present

2020-09-15 14:34:31 - [MESSAGE][PASSED] - Object 'Object Repository/FDR-System-Admin/FDR-Reports/FDR-MBES-Reports/FDR-ReportBtns/64.9VIIIP-NonWaiverBtn' is present

2020-09-15 14:34:31 - [TEST_STEP][PASSED] - click(findTestObject("Object Repository/FDR-System-Admin/FDR-Reports/FDR-MBES-Reports/FDR-ReportBtns/64.9VIIIP-NonWaiverBtn")): Object: 'Object Repository/FDR-System-Admin/FDR-Reports/FDR-MBES-Reports/FDR-ReportBtns/64.9VIIIP-NonWaiverBtn' is clicked on

2020-09-15 14:34:32 - [MESSAGE][PASSED] - Object: 'Object Repository/FDR-System-Admin/FDR-Reports/FDR-MBES-Reports/FDR-ReportBtns/64.9VIIIP-NonWaiverBtn' is clicked on

2020-09-15 14:34:32 - [TEST_STEP][PASSED] - waitForElementPresent(findTestObject("Object Repository/FDR-System-Admin/FDR-Reports/FDR-MBES-Reports/FDR-ReportBtns/64.9VIIIP-NonWaiverHeader"), 3): Object 'Object Repository/FDR-System-Admin/FDR-Reports/FDR-MBES-Reports/FDR-ReportBtns/64.9VIIIP-NonWaiverHeader' is present

2020-09-15 14:34:32 - [MESSAGE][PASSED] - Object 'Object Repository/FDR-System-Admin/FDR-Reports/FDR-MBES-Reports/FDR-ReportBtns/64.9VIIIP-NonWaiverHeader' is present

2020-09-15 14:34:32 - [TEST_STEP][PASSED] - click(findTestObject("Object Repository/FDR-System-Admin/FDR-Reports/FDR-MBES-Reports/FDR-ReportBtns/backToMBESReports")): Object: 'Object Repository/FDR-System-Admin/FDR-Reports/FDR-MBES-Reports/FDR-ReportBtns/backToMBESReports' is clicked on

2020-09-15 14:34:32 - [MESSAGE][PASSED] - Object: 'Object Repository/FDR-System-Admin/FDR-Reports/FDR-MBES-Reports/FDR-ReportBtns/backToMBESReports' is clicked on

2020-09-15 14:34:32 - [TEST_STEP][PASSED] - waiver_649VIII = getText(findTestObject("Object Repository/FDR-System-Admin/FDR-Reports/FDR-MBES-Reports/64.9VIII-Waiver")): Text of object 'Object Repository/FDR-System-Admin/FDR-Reports/FDR-MBES-Reports/64.9VIII-Waiver' is: '64.9VIII Waiver'

2020-09-15 14:34:33 - [MESSAGE][PASSED] - Text of object 'Object Repository/FDR-System-Admin/FDR-Reports/FDR-MBES-Reports/64.9VIII-Waiver' is: '64.9VIII Waiver'

2020-09-15 14:34:33 - [TEST_STEP][PASSED] - assert waiver_649VIII == "64.9VIII Waiver": null

2020-09-15 14:34:33 - [TEST_STEP][PASSED] - refresh(): Refresh successfully

2020-09-15 14:34:34 - [MESSAGE][PASSED] - Refresh successfully

2020-09-15 14:34:34 - [TEST_STEP][PASSED] - waiver_649VIIIP = getText(findTestObject("Object Repository/FDR-System-Admin/FDR-Reports/FDR-MBES-Reports/64.9VIIIP-Waiver")): Text of object 'Object Repository/FDR-System-Admin/FDR-Reports/FDR-MBES-Reports/64.9VIIIP-Waiver' is: '64.9VIIIP Waiver'

2020-09-15 14:34:34 - [MESSAGE][PASSED] - Text of object 'Object Repository/FDR-System-Admin/FDR-Reports/FDR-MBES-Reports/64.9VIIIP-Waiver' is: '64.9VIIIP Waiver'

2020-09-15 14:34:34 - [TEST_STEP][PASSED] - assert waiver_649VIIIP == "64.9VIIIP Waiver": null

2020-09-15 14:34:34 - [TEST_STEP][PASSED] - waitForElementPresent(findTestObject("Object Repository/FDR-System-Admin/FDR-Reports/FDR-MBES-Reports/FDR-ReportBtns/64.9VIIIP-WaiverBtn"), 3): Object 'Object Repository/FDR-System-Admin/FDR-Reports/FDR-MBES-Reports/FDR-ReportBtns/64.9VIIIP-WaiverBtn' is present

2020-09-15 14:34:35 - [MESSAGE][PASSED] - Object 'Object Repository/FDR-System-Admin/FDR-Reports/FDR-MBES-Reports/FDR-ReportBtns/64.9VIIIP-WaiverBtn' is present

2020-09-15 14:34:35 - [TEST_STEP][PASSED] - click(findTestObject("Object Repository/FDR-System-Admin/FDR-Reports/FDR-MBES-Reports/FDR-ReportBtns/64.9VIIIP-WaiverBtn")): Object: 'Object Repository/FDR-System-Admin/FDR-Reports/FDR-MBES-Reports/FDR-ReportBtns/64.9VIIIP-WaiverBtn' is clicked on

2020-09-15 14:34:35 - [MESSAGE][PASSED] - Object: 'Object Repository/FDR-System-Admin/FDR-Reports/FDR-MBES-Reports/FDR-ReportBtns/64.9VIIIP-WaiverBtn' is clicked on

2020-09-15 14:34:35 - [TEST_STEP][PASSED] - waitForElementPresent(findTestObject("Object Repository/FDR-System-Admin/FDR-Reports/FDR-MBES-Reports/FDR-ReportBtns/64.9VIIIP-WaiverHeader"), 3): Object 'Object Repository/FDR-System-Admin/FDR-Reports/FDR-MBES-Reports/FDR-ReportBtns/64.9VIIIP-WaiverHeader' is present

2020-09-15 14:34:35 - [MESSAGE][PASSED] - Object 'Object Repository/FDR-System-Admin/FDR-Reports/FDR-MBES-Reports/FDR-ReportBtns/64.9VIIIP-WaiverHeader' is present

2020-09-15 14:34:35 - [TEST_STEP][PASSED] - Start listener action : sampleAfterTestCase: null

2020-09-15 14:34:35 - [TEST_STEP][PASSED] - profileName = getExecutionProfile(): null

2020-09-15 14:34:35 - [TEST_STEP][PASSED] - switch (profileName): null

2020-09-15 14:34:35 - [TEST_STEP][PASSED] - case "superUser":: null

2020-09-15 14:34:35 - [TEST_STEP][PASSED] - return null: null

2020-09-15 14:34:35 - [TEST_STEP][PASSED] - Start listener action : afterTestCase: Browser is closed

2020-09-15 14:34:35 - [TEST_STEP][PASSED] - profileName = getExecutionProfile(): null

2020-09-15 14:34:35 - [TEST_STEP][PASSED] - if (profileName.equalsIgnoreCase("SysAdmin")): Browser is closed

2020-09-15 14:34:35 - [TEST_STEP][PASSED] - closeBrowser(): Browser is closed

2020-09-15 14:34:36 - [MESSAGE][PASSED] - Browser is closed

2020-09-15 14:34:36 - [TEST_STEP][PASSED] - Start listener action : sampleAfterTestCase: null

2020-09-15 14:34:36 - [TEST_STEP][PASSED] - profileName = getExecutionProfile(): null

2020-09-15 14:34:36 - [TEST_STEP][PASSED] - switch (profileName): null

2020-09-15 14:34:36 - [TEST_STEP][PASSED] - Default: null

2020-09-15 14:34:36 - [TEST_STEP][PASSED] - return null: null

2020-09-15 14:34:36 - [TEST_STEP][PASSED] - Start listener action : addFailedTCToList: null]]></system-out>
         <system-err><![CDATA[]]></system-err>
      </testcase>
      <testcase name="Test Cases/WEB-UI-TESTS/SysAdmin/CalendarPage/FDR-Calendar-Dashboard" time="23.423" classname="Test Cases/WEB-UI-TESTS/SysAdmin/CalendarPage/FDR-Calendar-Dashboard" status="PASSED">
         <system-out><![CDATA[2020-09-15 14:34:36 - [TEST_CASE][PASSED] - Test Cases/WEB-UI-TESTS/SysAdmin/CalendarPage/FDR-Calendar-Dashboard: Test Cases/WEB-UI-TESTS/SysAdmin/CalendarPage/FDR-Calendar-Dashboard

2020-09-15 14:34:36 - [TEST_STEP][PASSED] - Start listener action : sampleBeforeTestCase: null

2020-09-15 14:34:36 - [TEST_STEP][PASSED] - profileName = getExecutionProfile(): null

2020-09-15 14:34:36 - [TEST_STEP][PASSED] - switch (profileName): null

2020-09-15 14:34:36 - [TEST_STEP][PASSED] - case "superUser":: null

2020-09-15 14:34:36 - [TEST_STEP][PASSED] - return null: null

2020-09-15 14:34:36 - [TEST_STEP][PASSED] - Start listener action : beforeTestCase: Call Test Case 'Test Cases/WEB-UI-TESTS/SysAdmin/SystemAdmin-Login' successfully

2020-09-15 14:34:36 - [TEST_STEP][PASSED] - profileName = getExecutionProfile(): null

2020-09-15 14:34:36 - [TEST_STEP][PASSED] - if (profileName.equalsIgnoreCase("SysAdmin")): Call Test Case 'Test Cases/WEB-UI-TESTS/SysAdmin/SystemAdmin-Login' successfully

2020-09-15 14:34:36 - [TEST_STEP][PASSED] - callTestCase(findTestCase("Test Cases/WEB-UI-TESTS/SysAdmin/SystemAdmin-Login"), null): Call Test Case 'Test Cases/WEB-UI-TESTS/SysAdmin/SystemAdmin-Login' successfully

2020-09-15 14:34:36 - [TEST_CASE][PASSED] - Test Cases/WEB-UI-TESTS/SysAdmin/SystemAdmin-Login: Test Cases/WEB-UI-TESTS/SysAdmin/SystemAdmin-Login

2020-09-15 14:34:36 - [TEST_STEP][PASSED] - openBrowser(URL): Browser is opened with url: 'https://fdr-katalon.cammis-mod-dev.dhcs.ca.gov'

2020-09-15 14:34:36 - [MESSAGE][INFO] - Starting 'Chrome' driver

2020-09-15 14:34:36 - [MESSAGE][INFO] - Action delay is set to 0 milliseconds

2020-09-15 14:34:41 - [MESSAGE][PASSED] - Browser is opened with url: 'https://fdr-katalon.cammis-mod-dev.dhcs.ca.gov'

2020-09-15 14:34:41 - [TEST_STEP][PASSED] - maximizeWindow(): Current window maximized

2020-09-15 14:34:43 - [MESSAGE][PASSED] - Current window maximized

2020-09-15 14:34:43 - [TEST_STEP][PASSED] - refresh(): Refresh successfully

2020-09-15 14:34:43 - [MESSAGE][PASSED] - Refresh successfully

2020-09-15 14:34:43 - [TEST_STEP][PASSED] - delay(2): Delayed 2 second(s)

2020-09-15 14:34:45 - [MESSAGE][PASSED] - Delayed 2 second(s)

2020-09-15 14:34:45 - [TEST_STEP][PASSED] - waitForElementPresent(findTestObject("FDR-System-Admin/SysAdmin-SignIn/adminEmail"), 5): Object 'Object Repository/FDR-System-Admin/SysAdmin-SignIn/adminEmail' is present

2020-09-15 14:34:45 - [MESSAGE][PASSED] - Object 'Object Repository/FDR-System-Admin/SysAdmin-SignIn/adminEmail' is present

2020-09-15 14:34:45 - [TEST_STEP][PASSED] - setText(findTestObject("FDR-System-Admin/SysAdmin-SignIn/adminEmail"), adminEmail): Text 'fdr.test10@dhcs.ca.gov
' is set on object 'Object Repository/FDR-System-Admin/SysAdmin-SignIn/adminEmail'

2020-09-15 14:34:46 - [MESSAGE][PASSED] - Text 'fdr.test10@dhcs.ca.gov
' is set on object 'Object Repository/FDR-System-Admin/SysAdmin-SignIn/adminEmail'

2020-09-15 14:34:46 - [TEST_STEP][PASSED] - waitForElementPresent(findTestObject("FDR-System-Admin/SysAdmin-SignIn/adminUserName"), 5): Object 'Object Repository/FDR-System-Admin/SysAdmin-SignIn/adminUserName' is present

2020-09-15 14:34:49 - [MESSAGE][PASSED] - Object 'Object Repository/FDR-System-Admin/SysAdmin-SignIn/adminUserName' is present

2020-09-15 14:34:49 - [TEST_STEP][PASSED] - setText(findTestObject("FDR-System-Admin/SysAdmin-SignIn/adminUserName"), UserName): Text 'fdr.test10@dhcs.ca.gov' is set on object 'Object Repository/FDR-System-Admin/SysAdmin-SignIn/adminUserName'

2020-09-15 14:34:50 - [MESSAGE][PASSED] - Text 'fdr.test10@dhcs.ca.gov' is set on object 'Object Repository/FDR-System-Admin/SysAdmin-SignIn/adminUserName'

2020-09-15 14:34:50 - [TEST_STEP][PASSED] - setText(findTestObject("FDR-System-Admin/SysAdmin-SignIn/adminPass"), Password): Text 'Password18' is set on object 'Object Repository/FDR-System-Admin/SysAdmin-SignIn/adminPass'

2020-09-15 14:34:50 - [MESSAGE][PASSED] - Text 'Password18' is set on object 'Object Repository/FDR-System-Admin/SysAdmin-SignIn/adminPass'

2020-09-15 14:34:50 - [TEST_STEP][PASSED] - click(findTestObject("FDR-System-Admin/SysAdmin-SignIn/adminSignIn")): Object: 'Object Repository/FDR-System-Admin/SysAdmin-SignIn/adminSignIn' is clicked on

2020-09-15 14:34:52 - [MESSAGE][PASSED] - Object: 'Object Repository/FDR-System-Admin/SysAdmin-SignIn/adminSignIn' is clicked on

2020-09-15 14:34:52 - [TEST_STEP][PASSED] - waitForElementPresent(findTestObject("Object Repository/FDR-System-Admin/SysAdmin-Dashboard/maintainReferenceDataBtn"), 3): Object 'Object Repository/FDR-System-Admin/SysAdmin-Dashboard/maintainReferenceDataBtn' is present

2020-09-15 14:34:54 - [MESSAGE][PASSED] - Object 'Object Repository/FDR-System-Admin/SysAdmin-Dashboard/maintainReferenceDataBtn' is present

2020-09-15 14:34:54 - [TEST_STEP][PASSED] - verifyElementPresent(findTestObject("Object Repository/FDR-System-Admin/SysAdmin-Dashboard/maintainReferenceDataBtn"), Timeout): Object 'Object Repository/FDR-System-Admin/SysAdmin-Dashboard/maintainReferenceDataBtn' is present

2020-09-15 14:34:54 - [MESSAGE][PASSED] - Object 'Object Repository/FDR-System-Admin/SysAdmin-Dashboard/maintainReferenceDataBtn' is present

2020-09-15 14:34:54 - [TEST_STEP][PASSED] - refresh(): Refresh successfully

2020-09-15 14:34:55 - [MESSAGE][PASSED] - Refresh successfully

2020-09-15 14:34:55 - [MESSAGE][PASSED] - Call Test Case 'Test Cases/WEB-UI-TESTS/SysAdmin/SystemAdmin-Login' successfully

2020-09-15 14:34:55 - [TEST_STEP][PASSED] - Start listener action : sampleBeforeTestCase: null

2020-09-15 14:34:55 - [TEST_STEP][PASSED] - profileName = getExecutionProfile(): null

2020-09-15 14:34:55 - [TEST_STEP][PASSED] - testCaseId = testCaseContext.getTestCaseId(): null

2020-09-15 14:34:55 - [TEST_STEP][PASSED] - switch (profileName): null

2020-09-15 14:34:55 - [TEST_STEP][PASSED] - Default: null

2020-09-15 14:34:55 - [TEST_STEP][PASSED] - return null: null

2020-09-15 14:34:55 - [TEST_STEP][PASSED] - Start listener action : executeRows: null

2020-09-15 14:34:55 - [TEST_STEP][PASSED] - waitForElementPresent(findTestObject("Object Repository/FDR-System-Admin/FDR-Calendar/FDR-Calendar-Dashboard/calendarBtn"), 3): Object 'Object Repository/FDR-System-Admin/FDR-Calendar/FDR-Calendar-Dashboard/calendarBtn' is present

2020-09-15 14:34:55 - [MESSAGE][PASSED] - Object 'Object Repository/FDR-System-Admin/FDR-Calendar/FDR-Calendar-Dashboard/calendarBtn' is present

2020-09-15 14:34:55 - [TEST_STEP][PASSED] - taskName = "Calendar": null

2020-09-15 14:34:55 - [TEST_STEP][PASSED] - verifyElementText(findTestObject("Object Repository/FDR-System-Admin/FDR-Calendar/FDR-Calendar-Dashboard/calendarBtnText"), taskName): Actual text and expected text of test object 'Object Repository/FDR-System-Admin/FDR-Calendar/FDR-Calendar-Dashboard/calendarBtnText' are matched.

2020-09-15 14:34:55 - [MESSAGE][PASSED] - Actual text and expected text of test object 'Object Repository/FDR-System-Admin/FDR-Calendar/FDR-Calendar-Dashboard/calendarBtnText' are matched.

2020-09-15 14:34:55 - [TEST_STEP][PASSED] - click(findTestObject("Object Repository/FDR-System-Admin/FDR-Calendar/FDR-Calendar-Dashboard/calendarBtn")): Object: 'Object Repository/FDR-System-Admin/FDR-Calendar/FDR-Calendar-Dashboard/calendarBtn' is clicked on

2020-09-15 14:34:56 - [MESSAGE][PASSED] - Object: 'Object Repository/FDR-System-Admin/FDR-Calendar/FDR-Calendar-Dashboard/calendarBtn' is clicked on

2020-09-15 14:34:56 - [TEST_STEP][PASSED] - click(findTestObject("Object Repository/FDR-System-Admin/FDR-Calendar/FDR-Calendar-Dashboard/calendarDataTypeDropdown")): Object: 'Object Repository/FDR-System-Admin/FDR-Calendar/FDR-Calendar-Dashboard/calendarDataTypeDropdown' is clicked on

2020-09-15 14:34:56 - [MESSAGE][PASSED] - Object: 'Object Repository/FDR-System-Admin/FDR-Calendar/FDR-Calendar-Dashboard/calendarDataTypeDropdown' is clicked on

2020-09-15 14:34:56 - [TEST_STEP][PASSED] - click(findTestObject("Object Repository/FDR-System-Admin/FDR-Calendar/FDR-Calendar-Dashboard/drawDateOption")): Object: 'Object Repository/FDR-System-Admin/FDR-Calendar/FDR-Calendar-Dashboard/drawDateOption' is clicked on

2020-09-15 14:34:57 - [MESSAGE][PASSED] - Object: 'Object Repository/FDR-System-Admin/FDR-Calendar/FDR-Calendar-Dashboard/drawDateOption' is clicked on

2020-09-15 14:34:57 - [TEST_STEP][PASSED] - click(findTestObject("Object Repository/FDR-System-Admin/FDR-Calendar/FDR-Calendar-Dashboard/calendarDropdown")): Object: 'Object Repository/FDR-System-Admin/FDR-Calendar/FDR-Calendar-Dashboard/calendarDropdown' is clicked on

2020-09-15 14:34:57 - [MESSAGE][PASSED] - Object: 'Object Repository/FDR-System-Admin/FDR-Calendar/FDR-Calendar-Dashboard/calendarDropdown' is clicked on

2020-09-15 14:34:57 - [TEST_STEP][PASSED] - click(findTestObject("Object Repository/FDR-System-Admin/FDR-Calendar/FDR-Calendar-Dashboard/federalFiscalYearOption")): Object: 'Object Repository/FDR-System-Admin/FDR-Calendar/FDR-Calendar-Dashboard/federalFiscalYearOption' is clicked on

2020-09-15 14:34:58 - [MESSAGE][PASSED] - Object: 'Object Repository/FDR-System-Admin/FDR-Calendar/FDR-Calendar-Dashboard/federalFiscalYearOption' is clicked on

2020-09-15 14:34:58 - [TEST_STEP][PASSED] - click(findTestObject("Object Repository/FDR-System-Admin/FDR-Calendar/FDR-Calendar-Dashboard/calendarDropdown")): Object: 'Object Repository/FDR-System-Admin/FDR-Calendar/FDR-Calendar-Dashboard/calendarDropdown' is clicked on

2020-09-15 14:34:58 - [MESSAGE][PASSED] - Object: 'Object Repository/FDR-System-Admin/FDR-Calendar/FDR-Calendar-Dashboard/calendarDropdown' is clicked on

2020-09-15 14:34:58 - [TEST_STEP][PASSED] - click(findTestObject("Object Repository/FDR-System-Admin/FDR-Calendar/FDR-Calendar-Dashboard/stateFiscalYearOption")): Object: 'Object Repository/FDR-System-Admin/FDR-Calendar/FDR-Calendar-Dashboard/stateFiscalYearOption' is clicked on

2020-09-15 14:34:59 - [MESSAGE][PASSED] - Object: 'Object Repository/FDR-System-Admin/FDR-Calendar/FDR-Calendar-Dashboard/stateFiscalYearOption' is clicked on

2020-09-15 14:34:59 - [TEST_STEP][PASSED] - Start listener action : sampleAfterTestCase: null

2020-09-15 14:34:59 - [TEST_STEP][PASSED] - profileName = getExecutionProfile(): null

2020-09-15 14:34:59 - [TEST_STEP][PASSED] - switch (profileName): null

2020-09-15 14:34:59 - [TEST_STEP][PASSED] - case "superUser":: null

2020-09-15 14:34:59 - [TEST_STEP][PASSED] - return null: null

2020-09-15 14:34:59 - [TEST_STEP][PASSED] - Start listener action : afterTestCase: Browser is closed

2020-09-15 14:34:59 - [TEST_STEP][PASSED] - profileName = getExecutionProfile(): null

2020-09-15 14:34:59 - [TEST_STEP][PASSED] - if (profileName.equalsIgnoreCase("SysAdmin")): Browser is closed

2020-09-15 14:34:59 - [TEST_STEP][PASSED] - closeBrowser(): Browser is closed

2020-09-15 14:35:00 - [MESSAGE][PASSED] - Browser is closed

2020-09-15 14:35:00 - [TEST_STEP][PASSED] - Start listener action : sampleAfterTestCase: null

2020-09-15 14:35:00 - [TEST_STEP][PASSED] - profileName = getExecutionProfile(): null

2020-09-15 14:35:00 - [TEST_STEP][PASSED] - switch (profileName): null

2020-09-15 14:35:00 - [TEST_STEP][PASSED] - Default: null

2020-09-15 14:35:00 - [TEST_STEP][PASSED] - return null: null

2020-09-15 14:35:00 - [TEST_STEP][PASSED] - Start listener action : addFailedTCToList: null]]></system-out>
         <system-err><![CDATA[]]></system-err>
      </testcase>
      <testcase name="Test Cases/WEB-UI-TESTS/SysAdmin/CalendarPage/FDR-Calendar-StateFiscalYear" time="32.099" classname="Test Cases/WEB-UI-TESTS/SysAdmin/CalendarPage/FDR-Calendar-StateFiscalYear" status="PASSED">
         <system-out><![CDATA[2020-09-15 14:35:00 - [TEST_CASE][PASSED] - Test Cases/WEB-UI-TESTS/SysAdmin/CalendarPage/FDR-Calendar-StateFiscalYear: Test Cases/WEB-UI-TESTS/SysAdmin/CalendarPage/FDR-Calendar-StateFiscalYear

2020-09-15 14:35:00 - [TEST_STEP][PASSED] - Start listener action : sampleBeforeTestCase: null

2020-09-15 14:35:00 - [TEST_STEP][PASSED] - profileName = getExecutionProfile(): null

2020-09-15 14:35:00 - [TEST_STEP][PASSED] - switch (profileName): null

2020-09-15 14:35:00 - [TEST_STEP][PASSED] - case "superUser":: null

2020-09-15 14:35:00 - [TEST_STEP][PASSED] - return null: null

2020-09-15 14:35:00 - [TEST_STEP][PASSED] - Start listener action : beforeTestCase: Call Test Case 'Test Cases/WEB-UI-TESTS/SysAdmin/SystemAdmin-Login' successfully

2020-09-15 14:35:00 - [TEST_STEP][PASSED] - profileName = getExecutionProfile(): null

2020-09-15 14:35:00 - [TEST_STEP][PASSED] - if (profileName.equalsIgnoreCase("SysAdmin")): Call Test Case 'Test Cases/WEB-UI-TESTS/SysAdmin/SystemAdmin-Login' successfully

2020-09-15 14:35:00 - [TEST_STEP][PASSED] - callTestCase(findTestCase("Test Cases/WEB-UI-TESTS/SysAdmin/SystemAdmin-Login"), null): Call Test Case 'Test Cases/WEB-UI-TESTS/SysAdmin/SystemAdmin-Login' successfully

2020-09-15 14:35:00 - [TEST_CASE][PASSED] - Test Cases/WEB-UI-TESTS/SysAdmin/SystemAdmin-Login: Test Cases/WEB-UI-TESTS/SysAdmin/SystemAdmin-Login

2020-09-15 14:35:00 - [TEST_STEP][PASSED] - openBrowser(URL): Browser is opened with url: 'https://fdr-katalon.cammis-mod-dev.dhcs.ca.gov'

2020-09-15 14:35:00 - [MESSAGE][INFO] - Starting 'Chrome' driver

2020-09-15 14:35:00 - [MESSAGE][INFO] - Action delay is set to 0 milliseconds

2020-09-15 14:35:07 - [MESSAGE][PASSED] - Browser is opened with url: 'https://fdr-katalon.cammis-mod-dev.dhcs.ca.gov'

2020-09-15 14:35:07 - [TEST_STEP][PASSED] - maximizeWindow(): Current window maximized

2020-09-15 14:35:09 - [MESSAGE][PASSED] - Current window maximized

2020-09-15 14:35:09 - [TEST_STEP][PASSED] - refresh(): Refresh successfully

2020-09-15 14:35:10 - [MESSAGE][PASSED] - Refresh successfully

2020-09-15 14:35:10 - [TEST_STEP][PASSED] - delay(2): Delayed 2 second(s)

2020-09-15 14:35:12 - [MESSAGE][PASSED] - Delayed 2 second(s)

2020-09-15 14:35:12 - [TEST_STEP][PASSED] - waitForElementPresent(findTestObject("FDR-System-Admin/SysAdmin-SignIn/adminEmail"), 5): Object 'Object Repository/FDR-System-Admin/SysAdmin-SignIn/adminEmail' is present

2020-09-15 14:35:12 - [MESSAGE][PASSED] - Object 'Object Repository/FDR-System-Admin/SysAdmin-SignIn/adminEmail' is present

2020-09-15 14:35:12 - [TEST_STEP][PASSED] - setText(findTestObject("FDR-System-Admin/SysAdmin-SignIn/adminEmail"), adminEmail): Text 'fdr.test10@dhcs.ca.gov
' is set on object 'Object Repository/FDR-System-Admin/SysAdmin-SignIn/adminEmail'

2020-09-15 14:35:12 - [MESSAGE][PASSED] - Text 'fdr.test10@dhcs.ca.gov
' is set on object 'Object Repository/FDR-System-Admin/SysAdmin-SignIn/adminEmail'

2020-09-15 14:35:12 - [TEST_STEP][PASSED] - waitForElementPresent(findTestObject("FDR-System-Admin/SysAdmin-SignIn/adminUserName"), 5): Object 'Object Repository/FDR-System-Admin/SysAdmin-SignIn/adminUserName' is present

2020-09-15 14:35:16 - [MESSAGE][PASSED] - Object 'Object Repository/FDR-System-Admin/SysAdmin-SignIn/adminUserName' is present

2020-09-15 14:35:16 - [TEST_STEP][PASSED] - setText(findTestObject("FDR-System-Admin/SysAdmin-SignIn/adminUserName"), UserName): Text 'fdr.test10@dhcs.ca.gov' is set on object 'Object Repository/FDR-System-Admin/SysAdmin-SignIn/adminUserName'

2020-09-15 14:35:16 - [MESSAGE][PASSED] - Text 'fdr.test10@dhcs.ca.gov' is set on object 'Object Repository/FDR-System-Admin/SysAdmin-SignIn/adminUserName'

2020-09-15 14:35:16 - [TEST_STEP][PASSED] - setText(findTestObject("FDR-System-Admin/SysAdmin-SignIn/adminPass"), Password): Text 'Password18' is set on object 'Object Repository/FDR-System-Admin/SysAdmin-SignIn/adminPass'

2020-09-15 14:35:17 - [MESSAGE][PASSED] - Text 'Password18' is set on object 'Object Repository/FDR-System-Admin/SysAdmin-SignIn/adminPass'

2020-09-15 14:35:17 - [TEST_STEP][PASSED] - click(findTestObject("FDR-System-Admin/SysAdmin-SignIn/adminSignIn")): Object: 'Object Repository/FDR-System-Admin/SysAdmin-SignIn/adminSignIn' is clicked on

2020-09-15 14:35:18 - [MESSAGE][PASSED] - Object: 'Object Repository/FDR-System-Admin/SysAdmin-SignIn/adminSignIn' is clicked on

2020-09-15 14:35:18 - [TEST_STEP][PASSED] - waitForElementPresent(findTestObject("Object Repository/FDR-System-Admin/SysAdmin-Dashboard/maintainReferenceDataBtn"), 3): Object 'Object Repository/FDR-System-Admin/SysAdmin-Dashboard/maintainReferenceDataBtn' is present

2020-09-15 14:35:20 - [MESSAGE][PASSED] - Object 'Object Repository/FDR-System-Admin/SysAdmin-Dashboard/maintainReferenceDataBtn' is present

2020-09-15 14:35:20 - [TEST_STEP][PASSED] - verifyElementPresent(findTestObject("Object Repository/FDR-System-Admin/SysAdmin-Dashboard/maintainReferenceDataBtn"), Timeout): Object 'Object Repository/FDR-System-Admin/SysAdmin-Dashboard/maintainReferenceDataBtn' is present

2020-09-15 14:35:20 - [MESSAGE][PASSED] - Object 'Object Repository/FDR-System-Admin/SysAdmin-Dashboard/maintainReferenceDataBtn' is present

2020-09-15 14:35:20 - [TEST_STEP][PASSED] - refresh(): Refresh successfully

2020-09-15 14:35:21 - [MESSAGE][PASSED] - Refresh successfully

2020-09-15 14:35:21 - [MESSAGE][PASSED] - Call Test Case 'Test Cases/WEB-UI-TESTS/SysAdmin/SystemAdmin-Login' successfully

2020-09-15 14:35:21 - [TEST_STEP][PASSED] - Start listener action : sampleBeforeTestCase: null

2020-09-15 14:35:21 - [TEST_STEP][PASSED] - profileName = getExecutionProfile(): null

2020-09-15 14:35:21 - [TEST_STEP][PASSED] - testCaseId = testCaseContext.getTestCaseId(): null

2020-09-15 14:35:21 - [TEST_STEP][PASSED] - switch (profileName): null

2020-09-15 14:35:21 - [TEST_STEP][PASSED] - Default: null

2020-09-15 14:35:21 - [TEST_STEP][PASSED] - return null: null

2020-09-15 14:35:21 - [TEST_STEP][PASSED] - Start listener action : executeRows: null

2020-09-15 14:35:21 - [TEST_STEP][PASSED] - waitForElementPresent(findTestObject("Object Repository/FDR-System-Admin/FDR-Calendar/FDR-Calendar-Dashboard/calendarBtn"), 3): Object 'Object Repository/FDR-System-Admin/FDR-Calendar/FDR-Calendar-Dashboard/calendarBtn' is present

2020-09-15 14:35:21 - [MESSAGE][PASSED] - Object 'Object Repository/FDR-System-Admin/FDR-Calendar/FDR-Calendar-Dashboard/calendarBtn' is present

2020-09-15 14:35:21 - [TEST_STEP][PASSED] - taskName = "Calendar": null

2020-09-15 14:35:21 - [TEST_STEP][PASSED] - verifyElementText(findTestObject("Object Repository/FDR-System-Admin/FDR-Calendar/FDR-Calendar-Dashboard/calendarBtnText"), taskName): Actual text and expected text of test object 'Object Repository/FDR-System-Admin/FDR-Calendar/FDR-Calendar-Dashboard/calendarBtnText' are matched.

2020-09-15 14:35:22 - [MESSAGE][PASSED] - Actual text and expected text of test object 'Object Repository/FDR-System-Admin/FDR-Calendar/FDR-Calendar-Dashboard/calendarBtnText' are matched.

2020-09-15 14:35:22 - [TEST_STEP][PASSED] - click(findTestObject("Object Repository/FDR-System-Admin/FDR-Calendar/FDR-Calendar-Dashboard/calendarBtn")): Object: 'Object Repository/FDR-System-Admin/FDR-Calendar/FDR-Calendar-Dashboard/calendarBtn' is clicked on

2020-09-15 14:35:22 - [MESSAGE][PASSED] - Object: 'Object Repository/FDR-System-Admin/FDR-Calendar/FDR-Calendar-Dashboard/calendarBtn' is clicked on

2020-09-15 14:35:22 - [TEST_STEP][PASSED] - setText(findTestObject("Object Repository/FDR-System-Admin/FDR-Calendar/FDR-Calendar-Dashboard/calendarDataTypeDropdown"), ""): Text '' is set on object 'Object Repository/FDR-System-Admin/FDR-Calendar/FDR-Calendar-Dashboard/calendarDataTypeDropdown'

2020-09-15 14:35:23 - [MESSAGE][PASSED] - Text '' is set on object 'Object Repository/FDR-System-Admin/FDR-Calendar/FDR-Calendar-Dashboard/calendarDataTypeDropdown'

2020-09-15 14:35:23 - [TEST_STEP][PASSED] - click(findTestObject("Object Repository/FDR-System-Admin/FDR-Calendar/FDR-Calendar-Dashboard/calendarDropdown")): Object: 'Object Repository/FDR-System-Admin/FDR-Calendar/FDR-Calendar-Dashboard/calendarDropdown' is clicked on

2020-09-15 14:35:23 - [MESSAGE][PASSED] - Object: 'Object Repository/FDR-System-Admin/FDR-Calendar/FDR-Calendar-Dashboard/calendarDropdown' is clicked on

2020-09-15 14:35:23 - [TEST_STEP][PASSED] - click(findTestObject("Object Repository/FDR-System-Admin/FDR-Calendar/FDR-Calendar-Dashboard/stateFiscalYearOption")): Object: 'Object Repository/FDR-System-Admin/FDR-Calendar/FDR-Calendar-Dashboard/stateFiscalYearOption' is clicked on

2020-09-15 14:35:24 - [MESSAGE][PASSED] - Object: 'Object Repository/FDR-System-Admin/FDR-Calendar/FDR-Calendar-Dashboard/stateFiscalYearOption' is clicked on

2020-09-15 14:35:24 - [TEST_STEP][PASSED] - waitForElementPresent(findTestObject("Object Repository/FDR-System-Admin/FDR-Calendar/FDR-Calendar-StateFiscalYear/gridViewFiscalYearLabel"), 3): Object 'Object Repository/FDR-System-Admin/FDR-Calendar/FDR-Calendar-StateFiscalYear/gridViewFiscalYearLabel' is present

2020-09-15 14:35:24 - [MESSAGE][PASSED] - Object 'Object Repository/FDR-System-Admin/FDR-Calendar/FDR-Calendar-StateFiscalYear/gridViewFiscalYearLabel' is present

2020-09-15 14:35:24 - [TEST_STEP][PASSED] - stateFiscalYearLabel = "Fiscal Year": null

2020-09-15 14:35:24 - [TEST_STEP][PASSED] - verifyElementText(findTestObject("Object Repository/FDR-System-Admin/FDR-Calendar/FDR-Calendar-StateFiscalYear/gridViewFiscalYearLabel"), stateFiscalYearLabel): Actual text and expected text of test object 'Object Repository/FDR-System-Admin/FDR-Calendar/FDR-Calendar-StateFiscalYear/gridViewFiscalYearLabel' are matched.

2020-09-15 14:35:24 - [MESSAGE][PASSED] - Actual text and expected text of test object 'Object Repository/FDR-System-Admin/FDR-Calendar/FDR-Calendar-StateFiscalYear/gridViewFiscalYearLabel' are matched.

2020-09-15 14:35:24 - [TEST_STEP][PASSED] - navigateToUrl("https://fdr-katalon.cammis-mod-dev.dhcs.ca.gov/admin/calendar/state/2020"): Navigate to 'https://fdr-katalon.cammis-mod-dev.dhcs.ca.gov/admin/calendar/state/2020' successfully

2020-09-15 14:35:25 - [MESSAGE][PASSED] - Navigate to 'https://fdr-katalon.cammis-mod-dev.dhcs.ca.gov/admin/calendar/state/2020' successfully

2020-09-15 14:35:25 - [TEST_STEP][PASSED] - waitForElementPresent(findTestObject("Object Repository/FDR-System-Admin/FDR-Calendar/FDR-Calendar-StateFiscalYear/stateFiscalYearHeader"), 3): Object 'Object Repository/FDR-System-Admin/FDR-Calendar/FDR-Calendar-StateFiscalYear/stateFiscalYearHeader' is not present after 3 second(s)

2020-09-15 14:35:29 - [MESSAGE][INFO] - Unable to find the element located by 'By.xpath: //*[@id="wrapper"]/main/div/div/div/div/main/div/div[2]/div/div/div[1]/div/div/div/h2'. Please recheck the objects properties to make sure the desired element is located. 

2020-09-15 14:35:29 - [MESSAGE][WARNING] - Object 'Object Repository/FDR-System-Admin/FDR-Calendar/FDR-Calendar-StateFiscalYear/stateFiscalYearHeader' is not present after 3 second(s)

2020-09-15 14:35:29 - [TEST_STEP][PASSED] - navigateToUrl("https://fdr-katalon.cammis-mod-dev.dhcs.ca.gov/admin/calendar/state/2020"): Navigate to 'https://fdr-katalon.cammis-mod-dev.dhcs.ca.gov/admin/calendar/state/2020' successfully

2020-09-15 14:35:30 - [MESSAGE][PASSED] - Navigate to 'https://fdr-katalon.cammis-mod-dev.dhcs.ca.gov/admin/calendar/state/2020' successfully

2020-09-15 14:35:30 - [TEST_STEP][PASSED] - waitForElementPresent(findTestObject("Object Repository/FDR-System-Admin/FDR-Calendar/FDR-Calendar-StateFiscalYear/quarter1-Header"), 3): Object 'Object Repository/FDR-System-Admin/FDR-Calendar/FDR-Calendar-StateFiscalYear/quarter1-Header' is present

2020-09-15 14:35:30 - [MESSAGE][PASSED] - Object 'Object Repository/FDR-System-Admin/FDR-Calendar/FDR-Calendar-StateFiscalYear/quarter1-Header' is present

2020-09-15 14:35:30 - [TEST_STEP][PASSED] - quarter1 = "Quarter 1": null

2020-09-15 14:35:30 - [TEST_STEP][PASSED] - verifyElementText(findTestObject("Object Repository/FDR-System-Admin/FDR-Calendar/FDR-Calendar-StateFiscalYear/quarter1-Header"), quarter1): Actual text and expected text of test object 'Object Repository/FDR-System-Admin/FDR-Calendar/FDR-Calendar-StateFiscalYear/quarter1-Header' are matched.

2020-09-15 14:35:30 - [MESSAGE][PASSED] - Actual text and expected text of test object 'Object Repository/FDR-System-Admin/FDR-Calendar/FDR-Calendar-StateFiscalYear/quarter1-Header' are matched.

2020-09-15 14:35:30 - [TEST_STEP][PASSED] - quarter2 = "Quarter 2": null

2020-09-15 14:35:30 - [TEST_STEP][PASSED] - verifyElementText(findTestObject("Object Repository/FDR-System-Admin/FDR-Calendar/FDR-Calendar-StateFiscalYear/quarter2-header"), quarter2): Actual text and expected text of test object 'Object Repository/FDR-System-Admin/FDR-Calendar/FDR-Calendar-StateFiscalYear/quarter2-header' are matched.

2020-09-15 14:35:30 - [MESSAGE][PASSED] - Actual text and expected text of test object 'Object Repository/FDR-System-Admin/FDR-Calendar/FDR-Calendar-StateFiscalYear/quarter2-header' are matched.

2020-09-15 14:35:30 - [TEST_STEP][PASSED] - quarter3 = "Quarter 3": null

2020-09-15 14:35:30 - [TEST_STEP][PASSED] - verifyElementText(findTestObject("Object Repository/FDR-System-Admin/FDR-Calendar/FDR-Calendar-StateFiscalYear/quarter3-Header"), quarter3): Actual text and expected text of test object 'Object Repository/FDR-System-Admin/FDR-Calendar/FDR-Calendar-StateFiscalYear/quarter3-Header' are matched.

2020-09-15 14:35:31 - [MESSAGE][PASSED] - Actual text and expected text of test object 'Object Repository/FDR-System-Admin/FDR-Calendar/FDR-Calendar-StateFiscalYear/quarter3-Header' are matched.

2020-09-15 14:35:31 - [TEST_STEP][PASSED] - quarter4 = "Quarter 4": null

2020-09-15 14:35:31 - [TEST_STEP][PASSED] - verifyElementText(findTestObject("Object Repository/FDR-System-Admin/FDR-Calendar/FDR-Calendar-StateFiscalYear/quarter4-Header"), quarter4): Actual text and expected text of test object 'Object Repository/FDR-System-Admin/FDR-Calendar/FDR-Calendar-StateFiscalYear/quarter4-Header' are matched.

2020-09-15 14:35:31 - [MESSAGE][PASSED] - Actual text and expected text of test object 'Object Repository/FDR-System-Admin/FDR-Calendar/FDR-Calendar-StateFiscalYear/quarter4-Header' are matched.

2020-09-15 14:35:31 - [TEST_STEP][PASSED] - Start listener action : sampleAfterTestCase: null

2020-09-15 14:35:31 - [TEST_STEP][PASSED] - profileName = getExecutionProfile(): null

2020-09-15 14:35:31 - [TEST_STEP][PASSED] - switch (profileName): null

2020-09-15 14:35:31 - [TEST_STEP][PASSED] - case "superUser":: null

2020-09-15 14:35:31 - [TEST_STEP][PASSED] - return null: null

2020-09-15 14:35:31 - [TEST_STEP][PASSED] - Start listener action : afterTestCase: Browser is closed

2020-09-15 14:35:31 - [TEST_STEP][PASSED] - profileName = getExecutionProfile(): null

2020-09-15 14:35:31 - [TEST_STEP][PASSED] - if (profileName.equalsIgnoreCase("SysAdmin")): Browser is closed

2020-09-15 14:35:31 - [TEST_STEP][PASSED] - closeBrowser(): Browser is closed

2020-09-15 14:35:32 - [MESSAGE][PASSED] - Browser is closed

2020-09-15 14:35:32 - [TEST_STEP][PASSED] - Start listener action : sampleAfterTestCase: null

2020-09-15 14:35:32 - [TEST_STEP][PASSED] - profileName = getExecutionProfile(): null

2020-09-15 14:35:32 - [TEST_STEP][PASSED] - switch (profileName): null

2020-09-15 14:35:32 - [TEST_STEP][PASSED] - Default: null

2020-09-15 14:35:32 - [TEST_STEP][PASSED] - return null: null

2020-09-15 14:35:32 - [TEST_STEP][PASSED] - Start listener action : addFailedTCToList: null]]></system-out>
         <system-err><![CDATA[]]></system-err>
      </testcase>
      <testcase name="Test Cases/WEB-UI-TESTS/SysAdmin/CalendarPage/FDR-Calendar-FederalFiscalYear" time="25.604" classname="Test Cases/WEB-UI-TESTS/SysAdmin/CalendarPage/FDR-Calendar-FederalFiscalYear" status="PASSED">
         <system-out><![CDATA[2020-09-15 14:35:32 - [TEST_CASE][PASSED] - Test Cases/WEB-UI-TESTS/SysAdmin/CalendarPage/FDR-Calendar-FederalFiscalYear: Test Cases/WEB-UI-TESTS/SysAdmin/CalendarPage/FDR-Calendar-FederalFiscalYear

2020-09-15 14:35:32 - [TEST_STEP][PASSED] - Start listener action : sampleBeforeTestCase: null

2020-09-15 14:35:32 - [TEST_STEP][PASSED] - profileName = getExecutionProfile(): null

2020-09-15 14:35:32 - [TEST_STEP][PASSED] - switch (profileName): null

2020-09-15 14:35:32 - [TEST_STEP][PASSED] - case "superUser":: null

2020-09-15 14:35:32 - [TEST_STEP][PASSED] - return null: null

2020-09-15 14:35:32 - [TEST_STEP][PASSED] - Start listener action : beforeTestCase: Call Test Case 'Test Cases/WEB-UI-TESTS/SysAdmin/SystemAdmin-Login' successfully

2020-09-15 14:35:32 - [TEST_STEP][PASSED] - profileName = getExecutionProfile(): null

2020-09-15 14:35:32 - [TEST_STEP][PASSED] - if (profileName.equalsIgnoreCase("SysAdmin")): Call Test Case 'Test Cases/WEB-UI-TESTS/SysAdmin/SystemAdmin-Login' successfully

2020-09-15 14:35:32 - [TEST_STEP][PASSED] - callTestCase(findTestCase("Test Cases/WEB-UI-TESTS/SysAdmin/SystemAdmin-Login"), null): Call Test Case 'Test Cases/WEB-UI-TESTS/SysAdmin/SystemAdmin-Login' successfully

2020-09-15 14:35:32 - [TEST_CASE][PASSED] - Test Cases/WEB-UI-TESTS/SysAdmin/SystemAdmin-Login: Test Cases/WEB-UI-TESTS/SysAdmin/SystemAdmin-Login

2020-09-15 14:35:32 - [TEST_STEP][PASSED] - openBrowser(URL): Browser is opened with url: 'https://fdr-katalon.cammis-mod-dev.dhcs.ca.gov'

2020-09-15 14:35:32 - [MESSAGE][INFO] - Starting 'Chrome' driver

2020-09-15 14:35:32 - [MESSAGE][INFO] - Action delay is set to 0 milliseconds

2020-09-15 14:35:37 - [MESSAGE][PASSED] - Browser is opened with url: 'https://fdr-katalon.cammis-mod-dev.dhcs.ca.gov'

2020-09-15 14:35:37 - [TEST_STEP][PASSED] - maximizeWindow(): Current window maximized

2020-09-15 14:35:39 - [MESSAGE][PASSED] - Current window maximized

2020-09-15 14:35:39 - [TEST_STEP][PASSED] - refresh(): Refresh successfully

2020-09-15 14:35:39 - [MESSAGE][PASSED] - Refresh successfully

2020-09-15 14:35:39 - [TEST_STEP][PASSED] - delay(2): Delayed 2 second(s)

2020-09-15 14:35:41 - [MESSAGE][PASSED] - Delayed 2 second(s)

2020-09-15 14:35:41 - [TEST_STEP][PASSED] - waitForElementPresent(findTestObject("FDR-System-Admin/SysAdmin-SignIn/adminEmail"), 5): Object 'Object Repository/FDR-System-Admin/SysAdmin-SignIn/adminEmail' is present

2020-09-15 14:35:41 - [MESSAGE][PASSED] - Object 'Object Repository/FDR-System-Admin/SysAdmin-SignIn/adminEmail' is present

2020-09-15 14:35:41 - [TEST_STEP][PASSED] - setText(findTestObject("FDR-System-Admin/SysAdmin-SignIn/adminEmail"), adminEmail): Text 'fdr.test10@dhcs.ca.gov
' is set on object 'Object Repository/FDR-System-Admin/SysAdmin-SignIn/adminEmail'

2020-09-15 14:35:42 - [MESSAGE][PASSED] - Text 'fdr.test10@dhcs.ca.gov
' is set on object 'Object Repository/FDR-System-Admin/SysAdmin-SignIn/adminEmail'

2020-09-15 14:35:42 - [TEST_STEP][PASSED] - waitForElementPresent(findTestObject("FDR-System-Admin/SysAdmin-SignIn/adminUserName"), 5): Object 'Object Repository/FDR-System-Admin/SysAdmin-SignIn/adminUserName' is present

2020-09-15 14:35:45 - [MESSAGE][PASSED] - Object 'Object Repository/FDR-System-Admin/SysAdmin-SignIn/adminUserName' is present

2020-09-15 14:35:45 - [TEST_STEP][PASSED] - setText(findTestObject("FDR-System-Admin/SysAdmin-SignIn/adminUserName"), UserName): Text 'fdr.test10@dhcs.ca.gov' is set on object 'Object Repository/FDR-System-Admin/SysAdmin-SignIn/adminUserName'

2020-09-15 14:35:46 - [MESSAGE][PASSED] - Text 'fdr.test10@dhcs.ca.gov' is set on object 'Object Repository/FDR-System-Admin/SysAdmin-SignIn/adminUserName'

2020-09-15 14:35:46 - [TEST_STEP][PASSED] - setText(findTestObject("FDR-System-Admin/SysAdmin-SignIn/adminPass"), Password): Text 'Password18' is set on object 'Object Repository/FDR-System-Admin/SysAdmin-SignIn/adminPass'

2020-09-15 14:35:46 - [MESSAGE][PASSED] - Text 'Password18' is set on object 'Object Repository/FDR-System-Admin/SysAdmin-SignIn/adminPass'

2020-09-15 14:35:46 - [TEST_STEP][PASSED] - click(findTestObject("FDR-System-Admin/SysAdmin-SignIn/adminSignIn")): Object: 'Object Repository/FDR-System-Admin/SysAdmin-SignIn/adminSignIn' is clicked on

2020-09-15 14:35:48 - [MESSAGE][PASSED] - Object: 'Object Repository/FDR-System-Admin/SysAdmin-SignIn/adminSignIn' is clicked on

2020-09-15 14:35:48 - [TEST_STEP][PASSED] - waitForElementPresent(findTestObject("Object Repository/FDR-System-Admin/SysAdmin-Dashboard/maintainReferenceDataBtn"), 3): Object 'Object Repository/FDR-System-Admin/SysAdmin-Dashboard/maintainReferenceDataBtn' is present

2020-09-15 14:35:50 - [MESSAGE][PASSED] - Object 'Object Repository/FDR-System-Admin/SysAdmin-Dashboard/maintainReferenceDataBtn' is present

2020-09-15 14:35:50 - [TEST_STEP][PASSED] - verifyElementPresent(findTestObject("Object Repository/FDR-System-Admin/SysAdmin-Dashboard/maintainReferenceDataBtn"), Timeout): Object 'Object Repository/FDR-System-Admin/SysAdmin-Dashboard/maintainReferenceDataBtn' is present

2020-09-15 14:35:50 - [MESSAGE][PASSED] - Object 'Object Repository/FDR-System-Admin/SysAdmin-Dashboard/maintainReferenceDataBtn' is present

2020-09-15 14:35:50 - [TEST_STEP][PASSED] - refresh(): Refresh successfully

2020-09-15 14:35:51 - [MESSAGE][PASSED] - Refresh successfully

2020-09-15 14:35:51 - [MESSAGE][PASSED] - Call Test Case 'Test Cases/WEB-UI-TESTS/SysAdmin/SystemAdmin-Login' successfully

2020-09-15 14:35:51 - [TEST_STEP][PASSED] - Start listener action : sampleBeforeTestCase: null

2020-09-15 14:35:51 - [TEST_STEP][PASSED] - profileName = getExecutionProfile(): null

2020-09-15 14:35:51 - [TEST_STEP][PASSED] - testCaseId = testCaseContext.getTestCaseId(): null

2020-09-15 14:35:51 - [TEST_STEP][PASSED] - switch (profileName): null

2020-09-15 14:35:51 - [TEST_STEP][PASSED] - Default: null

2020-09-15 14:35:51 - [TEST_STEP][PASSED] - return null: null

2020-09-15 14:35:51 - [TEST_STEP][PASSED] - Start listener action : executeRows: null

2020-09-15 14:35:51 - [TEST_STEP][PASSED] - waitForElementPresent(findTestObject("Object Repository/FDR-System-Admin/FDR-Calendar/FDR-Calendar-Dashboard/calendarBtn"), 3): Object 'Object Repository/FDR-System-Admin/FDR-Calendar/FDR-Calendar-Dashboard/calendarBtn' is present

2020-09-15 14:35:51 - [MESSAGE][PASSED] - Object 'Object Repository/FDR-System-Admin/FDR-Calendar/FDR-Calendar-Dashboard/calendarBtn' is present

2020-09-15 14:35:51 - [TEST_STEP][PASSED] - taskName = "Calendar": null

2020-09-15 14:35:51 - [TEST_STEP][PASSED] - verifyElementText(findTestObject("Object Repository/FDR-System-Admin/FDR-Calendar/FDR-Calendar-Dashboard/calendarBtnText"), taskName): Actual text and expected text of test object 'Object Repository/FDR-System-Admin/FDR-Calendar/FDR-Calendar-Dashboard/calendarBtnText' are matched.

2020-09-15 14:35:52 - [MESSAGE][PASSED] - Actual text and expected text of test object 'Object Repository/FDR-System-Admin/FDR-Calendar/FDR-Calendar-Dashboard/calendarBtnText' are matched.

2020-09-15 14:35:52 - [TEST_STEP][PASSED] - click(findTestObject("Object Repository/FDR-System-Admin/FDR-Calendar/FDR-Calendar-Dashboard/calendarBtn")): Object: 'Object Repository/FDR-System-Admin/FDR-Calendar/FDR-Calendar-Dashboard/calendarBtn' is clicked on

2020-09-15 14:35:52 - [MESSAGE][PASSED] - Object: 'Object Repository/FDR-System-Admin/FDR-Calendar/FDR-Calendar-Dashboard/calendarBtn' is clicked on

2020-09-15 14:35:52 - [TEST_STEP][PASSED] - click(findTestObject("Object Repository/FDR-System-Admin/FDR-Calendar/FDR-Calendar-Dashboard/calendarDataTypeDropdown")): Object: 'Object Repository/FDR-System-Admin/FDR-Calendar/FDR-Calendar-Dashboard/calendarDataTypeDropdown' is clicked on

2020-09-15 14:35:52 - [MESSAGE][PASSED] - Object: 'Object Repository/FDR-System-Admin/FDR-Calendar/FDR-Calendar-Dashboard/calendarDataTypeDropdown' is clicked on

2020-09-15 14:35:52 - [TEST_STEP][PASSED] - setText(findTestObject("Object Repository/FDR-System-Admin/FDR-Calendar/FDR-Calendar-Dashboard/calendarDataTypeDropdown"), ""): Text '' is set on object 'Object Repository/FDR-System-Admin/FDR-Calendar/FDR-Calendar-Dashboard/calendarDataTypeDropdown'

2020-09-15 14:35:53 - [MESSAGE][PASSED] - Text '' is set on object 'Object Repository/FDR-System-Admin/FDR-Calendar/FDR-Calendar-Dashboard/calendarDataTypeDropdown'

2020-09-15 14:35:53 - [TEST_STEP][PASSED] - click(findTestObject("Object Repository/FDR-System-Admin/FDR-Calendar/FDR-Calendar-Dashboard/federalFiscalYearOption")): Object: 'Object Repository/FDR-System-Admin/FDR-Calendar/FDR-Calendar-Dashboard/federalFiscalYearOption' is clicked on

2020-09-15 14:35:53 - [MESSAGE][PASSED] - Object: 'Object Repository/FDR-System-Admin/FDR-Calendar/FDR-Calendar-Dashboard/federalFiscalYearOption' is clicked on

2020-09-15 14:35:53 - [TEST_STEP][PASSED] - waitForElementPresent(findTestObject("Object Repository/FDR-System-Admin/FDR-Calendar/FDR-Calendar-FederalFiscalYear/gridViewFiscalYearLabel"), 3): Object 'Object Repository/FDR-System-Admin/FDR-Calendar/FDR-Calendar-FederalFiscalYear/gridViewFiscalYearLabel' is present

2020-09-15 14:35:54 - [MESSAGE][PASSED] - Object 'Object Repository/FDR-System-Admin/FDR-Calendar/FDR-Calendar-FederalFiscalYear/gridViewFiscalYearLabel' is present

2020-09-15 14:35:54 - [TEST_STEP][PASSED] - fiscalYear = "Fiscal Year": null

2020-09-15 14:35:54 - [TEST_STEP][PASSED] - verifyElementText(findTestObject("Object Repository/FDR-System-Admin/FDR-Calendar/FDR-Calendar-FederalFiscalYear/gridViewFiscalYearLabel"), fiscalYear): Actual text and expected text of test object 'Object Repository/FDR-System-Admin/FDR-Calendar/FDR-Calendar-FederalFiscalYear/gridViewFiscalYearLabel' are matched.

2020-09-15 14:35:54 - [MESSAGE][PASSED] - Actual text and expected text of test object 'Object Repository/FDR-System-Admin/FDR-Calendar/FDR-Calendar-FederalFiscalYear/gridViewFiscalYearLabel' are matched.

2020-09-15 14:35:54 - [TEST_STEP][PASSED] - navigateToUrl("https://fdr-katalon.cammis-mod-dev.dhcs.ca.gov/admin/calendar/federal/2020"): Navigate to 'https://fdr-katalon.cammis-mod-dev.dhcs.ca.gov/admin/calendar/federal/2020' successfully

2020-09-15 14:35:55 - [MESSAGE][PASSED] - Navigate to 'https://fdr-katalon.cammis-mod-dev.dhcs.ca.gov/admin/calendar/federal/2020' successfully

2020-09-15 14:35:55 - [TEST_STEP][PASSED] - waitForElementPresent(findTestObject("Object Repository/FDR-System-Admin/FDR-Calendar/FDR-Calendar-FederalFiscalYear/federalFiscalYearHeader"), 3): Object 'Object Repository/FDR-System-Admin/FDR-Calendar/FDR-Calendar-FederalFiscalYear/federalFiscalYearHeader' is present

2020-09-15 14:35:55 - [MESSAGE][PASSED] - Object 'Object Repository/FDR-System-Admin/FDR-Calendar/FDR-Calendar-FederalFiscalYear/federalFiscalYearHeader' is present

2020-09-15 14:35:55 - [TEST_STEP][PASSED] - navigateToUrl("https://fdr-katalon.cammis-mod-dev.dhcs.ca.gov/admin/calendar/state/2020"): Navigate to 'https://fdr-katalon.cammis-mod-dev.dhcs.ca.gov/admin/calendar/state/2020' successfully

2020-09-15 14:35:56 - [MESSAGE][PASSED] - Navigate to 'https://fdr-katalon.cammis-mod-dev.dhcs.ca.gov/admin/calendar/state/2020' successfully

2020-09-15 14:35:56 - [TEST_STEP][PASSED] - quarter1 = "Quarter 1": null

2020-09-15 14:35:56 - [TEST_STEP][PASSED] - verifyElementText(findTestObject("Object Repository/FDR-System-Admin/FDR-Calendar/FDR-Calendar-FederalFiscalYear/quarter1-Header"), quarter1): Actual text and expected text of test object 'Object Repository/FDR-System-Admin/FDR-Calendar/FDR-Calendar-FederalFiscalYear/quarter1-Header' are matched.

2020-09-15 14:35:56 - [MESSAGE][PASSED] - Actual text and expected text of test object 'Object Repository/FDR-System-Admin/FDR-Calendar/FDR-Calendar-FederalFiscalYear/quarter1-Header' are matched.

2020-09-15 14:35:56 - [TEST_STEP][PASSED] - quarter2 = "Quarter 2": null

2020-09-15 14:35:56 - [TEST_STEP][PASSED] - verifyElementText(findTestObject("Object Repository/FDR-System-Admin/FDR-Calendar/FDR-Calendar-FederalFiscalYear/quarter2-Header"), quarter2): Actual text and expected text of test object 'Object Repository/FDR-System-Admin/FDR-Calendar/FDR-Calendar-FederalFiscalYear/quarter2-Header' are matched.

2020-09-15 14:35:56 - [MESSAGE][PASSED] - Actual text and expected text of test object 'Object Repository/FDR-System-Admin/FDR-Calendar/FDR-Calendar-FederalFiscalYear/quarter2-Header' are matched.

2020-09-15 14:35:56 - [TEST_STEP][PASSED] - quarter3 = "Quarter 3": null

2020-09-15 14:35:56 - [TEST_STEP][PASSED] - verifyElementText(findTestObject("Object Repository/FDR-System-Admin/FDR-Calendar/FDR-Calendar-FederalFiscalYear/quarter3-Header"), quarter3): Actual text and expected text of test object 'Object Repository/FDR-System-Admin/FDR-Calendar/FDR-Calendar-FederalFiscalYear/quarter3-Header' are matched.

2020-09-15 14:35:56 - [MESSAGE][PASSED] - Actual text and expected text of test object 'Object Repository/FDR-System-Admin/FDR-Calendar/FDR-Calendar-FederalFiscalYear/quarter3-Header' are matched.

2020-09-15 14:35:56 - [TEST_STEP][PASSED] - quarter4 = "Quarter 4": null

2020-09-15 14:35:56 - [TEST_STEP][PASSED] - verifyElementText(findTestObject("Object Repository/FDR-System-Admin/FDR-Calendar/FDR-Calendar-FederalFiscalYear/quarter4-Header"), quarter4): Actual text and expected text of test object 'Object Repository/FDR-System-Admin/FDR-Calendar/FDR-Calendar-FederalFiscalYear/quarter4-Header' are matched.

2020-09-15 14:35:57 - [MESSAGE][PASSED] - Actual text and expected text of test object 'Object Repository/FDR-System-Admin/FDR-Calendar/FDR-Calendar-FederalFiscalYear/quarter4-Header' are matched.

2020-09-15 14:35:57 - [TEST_STEP][PASSED] - Start listener action : sampleAfterTestCase: null

2020-09-15 14:35:57 - [TEST_STEP][PASSED] - profileName = getExecutionProfile(): null

2020-09-15 14:35:57 - [TEST_STEP][PASSED] - switch (profileName): null

2020-09-15 14:35:57 - [TEST_STEP][PASSED] - case "superUser":: null

2020-09-15 14:35:57 - [TEST_STEP][PASSED] - return null: null

2020-09-15 14:35:57 - [TEST_STEP][PASSED] - Start listener action : afterTestCase: Browser is closed

2020-09-15 14:35:57 - [TEST_STEP][PASSED] - profileName = getExecutionProfile(): null

2020-09-15 14:35:57 - [TEST_STEP][PASSED] - if (profileName.equalsIgnoreCase("SysAdmin")): Browser is closed

2020-09-15 14:35:57 - [TEST_STEP][PASSED] - closeBrowser(): Browser is closed

2020-09-15 14:35:57 - [MESSAGE][PASSED] - Browser is closed

2020-09-15 14:35:57 - [TEST_STEP][PASSED] - Start listener action : sampleAfterTestCase: null

2020-09-15 14:35:57 - [TEST_STEP][PASSED] - profileName = getExecutionProfile(): null

2020-09-15 14:35:57 - [TEST_STEP][PASSED] - switch (profileName): null

2020-09-15 14:35:57 - [TEST_STEP][PASSED] - Default: null

2020-09-15 14:35:57 - [TEST_STEP][PASSED] - return null: null

2020-09-15 14:35:57 - [TEST_STEP][PASSED] - Start listener action : addFailedTCToList: null]]></system-out>
         <system-err><![CDATA[]]></system-err>
      </testcase>
      <testcase name="Test Cases/WEB-UI-TESTS/SysAdmin/ReportsPage/FDR-Custom-Reports" time="25.462" classname="Test Cases/WEB-UI-TESTS/SysAdmin/ReportsPage/FDR-Custom-Reports" status="PASSED">
         <system-out><![CDATA[2020-09-15 14:35:57 - [TEST_CASE][PASSED] - Test Cases/WEB-UI-TESTS/SysAdmin/ReportsPage/FDR-Custom-Reports: Test Cases/WEB-UI-TESTS/SysAdmin/ReportsPage/FDR-Custom-Reports

2020-09-15 14:35:57 - [TEST_STEP][PASSED] - Start listener action : sampleBeforeTestCase: null

2020-09-15 14:35:57 - [TEST_STEP][PASSED] - profileName = getExecutionProfile(): null

2020-09-15 14:35:57 - [TEST_STEP][PASSED] - switch (profileName): null

2020-09-15 14:35:57 - [TEST_STEP][PASSED] - case "superUser":: null

2020-09-15 14:35:57 - [TEST_STEP][PASSED] - return null: null

2020-09-15 14:35:57 - [TEST_STEP][PASSED] - Start listener action : beforeTestCase: Call Test Case 'Test Cases/WEB-UI-TESTS/SysAdmin/SystemAdmin-Login' successfully

2020-09-15 14:35:57 - [TEST_STEP][PASSED] - profileName = getExecutionProfile(): null

2020-09-15 14:35:57 - [TEST_STEP][PASSED] - if (profileName.equalsIgnoreCase("SysAdmin")): Call Test Case 'Test Cases/WEB-UI-TESTS/SysAdmin/SystemAdmin-Login' successfully

2020-09-15 14:35:57 - [TEST_STEP][PASSED] - callTestCase(findTestCase("Test Cases/WEB-UI-TESTS/SysAdmin/SystemAdmin-Login"), null): Call Test Case 'Test Cases/WEB-UI-TESTS/SysAdmin/SystemAdmin-Login' successfully

2020-09-15 14:35:57 - [TEST_CASE][PASSED] - Test Cases/WEB-UI-TESTS/SysAdmin/SystemAdmin-Login: Test Cases/WEB-UI-TESTS/SysAdmin/SystemAdmin-Login

2020-09-15 14:35:57 - [TEST_STEP][PASSED] - openBrowser(URL): Browser is opened with url: 'https://fdr-katalon.cammis-mod-dev.dhcs.ca.gov'

2020-09-15 14:35:57 - [MESSAGE][INFO] - Starting 'Chrome' driver

2020-09-15 14:35:57 - [MESSAGE][INFO] - Action delay is set to 0 milliseconds

2020-09-15 14:36:02 - [MESSAGE][PASSED] - Browser is opened with url: 'https://fdr-katalon.cammis-mod-dev.dhcs.ca.gov'

2020-09-15 14:36:02 - [TEST_STEP][PASSED] - maximizeWindow(): Current window maximized

2020-09-15 14:36:04 - [MESSAGE][PASSED] - Current window maximized

2020-09-15 14:36:04 - [TEST_STEP][PASSED] - refresh(): Refresh successfully

2020-09-15 14:36:04 - [MESSAGE][PASSED] - Refresh successfully

2020-09-15 14:36:04 - [TEST_STEP][PASSED] - delay(2): Delayed 2 second(s)

2020-09-15 14:36:06 - [MESSAGE][PASSED] - Delayed 2 second(s)

2020-09-15 14:36:06 - [TEST_STEP][PASSED] - waitForElementPresent(findTestObject("FDR-System-Admin/SysAdmin-SignIn/adminEmail"), 5): Object 'Object Repository/FDR-System-Admin/SysAdmin-SignIn/adminEmail' is present

2020-09-15 14:36:07 - [MESSAGE][PASSED] - Object 'Object Repository/FDR-System-Admin/SysAdmin-SignIn/adminEmail' is present

2020-09-15 14:36:07 - [TEST_STEP][PASSED] - setText(findTestObject("FDR-System-Admin/SysAdmin-SignIn/adminEmail"), adminEmail): Text 'fdr.test10@dhcs.ca.gov
' is set on object 'Object Repository/FDR-System-Admin/SysAdmin-SignIn/adminEmail'

2020-09-15 14:36:07 - [MESSAGE][PASSED] - Text 'fdr.test10@dhcs.ca.gov
' is set on object 'Object Repository/FDR-System-Admin/SysAdmin-SignIn/adminEmail'

2020-09-15 14:36:07 - [TEST_STEP][PASSED] - waitForElementPresent(findTestObject("FDR-System-Admin/SysAdmin-SignIn/adminUserName"), 5): Object 'Object Repository/FDR-System-Admin/SysAdmin-SignIn/adminUserName' is present

2020-09-15 14:36:10 - [MESSAGE][PASSED] - Object 'Object Repository/FDR-System-Admin/SysAdmin-SignIn/adminUserName' is present

2020-09-15 14:36:10 - [TEST_STEP][PASSED] - setText(findTestObject("FDR-System-Admin/SysAdmin-SignIn/adminUserName"), UserName): Text 'fdr.test10@dhcs.ca.gov' is set on object 'Object Repository/FDR-System-Admin/SysAdmin-SignIn/adminUserName'

2020-09-15 14:36:11 - [MESSAGE][PASSED] - Text 'fdr.test10@dhcs.ca.gov' is set on object 'Object Repository/FDR-System-Admin/SysAdmin-SignIn/adminUserName'

2020-09-15 14:36:11 - [TEST_STEP][PASSED] - setText(findTestObject("FDR-System-Admin/SysAdmin-SignIn/adminPass"), Password): Text 'Password18' is set on object 'Object Repository/FDR-System-Admin/SysAdmin-SignIn/adminPass'

2020-09-15 14:36:11 - [MESSAGE][PASSED] - Text 'Password18' is set on object 'Object Repository/FDR-System-Admin/SysAdmin-SignIn/adminPass'

2020-09-15 14:36:11 - [TEST_STEP][PASSED] - click(findTestObject("FDR-System-Admin/SysAdmin-SignIn/adminSignIn")): Object: 'Object Repository/FDR-System-Admin/SysAdmin-SignIn/adminSignIn' is clicked on

2020-09-15 14:36:13 - [MESSAGE][PASSED] - Object: 'Object Repository/FDR-System-Admin/SysAdmin-SignIn/adminSignIn' is clicked on

2020-09-15 14:36:13 - [TEST_STEP][PASSED] - waitForElementPresent(findTestObject("Object Repository/FDR-System-Admin/SysAdmin-Dashboard/maintainReferenceDataBtn"), 3): Object 'Object Repository/FDR-System-Admin/SysAdmin-Dashboard/maintainReferenceDataBtn' is present

2020-09-15 14:36:14 - [MESSAGE][PASSED] - Object 'Object Repository/FDR-System-Admin/SysAdmin-Dashboard/maintainReferenceDataBtn' is present

2020-09-15 14:36:14 - [TEST_STEP][PASSED] - verifyElementPresent(findTestObject("Object Repository/FDR-System-Admin/SysAdmin-Dashboard/maintainReferenceDataBtn"), Timeout): Object 'Object Repository/FDR-System-Admin/SysAdmin-Dashboard/maintainReferenceDataBtn' is present

2020-09-15 14:36:15 - [MESSAGE][PASSED] - Object 'Object Repository/FDR-System-Admin/SysAdmin-Dashboard/maintainReferenceDataBtn' is present

2020-09-15 14:36:15 - [TEST_STEP][PASSED] - refresh(): Refresh successfully

2020-09-15 14:36:15 - [MESSAGE][PASSED] - Refresh successfully

2020-09-15 14:36:15 - [MESSAGE][PASSED] - Call Test Case 'Test Cases/WEB-UI-TESTS/SysAdmin/SystemAdmin-Login' successfully

2020-09-15 14:36:15 - [TEST_STEP][PASSED] - Start listener action : sampleBeforeTestCase: null

2020-09-15 14:36:15 - [TEST_STEP][PASSED] - profileName = getExecutionProfile(): null

2020-09-15 14:36:15 - [TEST_STEP][PASSED] - testCaseId = testCaseContext.getTestCaseId(): null

2020-09-15 14:36:15 - [TEST_STEP][PASSED] - switch (profileName): null

2020-09-15 14:36:15 - [TEST_STEP][PASSED] - Default: null

2020-09-15 14:36:15 - [TEST_STEP][PASSED] - return null: null

2020-09-15 14:36:15 - [TEST_STEP][PASSED] - Start listener action : executeRows: null

2020-09-15 14:36:15 - [TEST_STEP][PASSED] - waitForElementPresent(findTestObject("FDR-System-Admin/FDR-Reports/FDR-Report-Dashboard/mbesReportBtn"), 3): Object 'Object Repository/FDR-System-Admin/FDR-Reports/FDR-Report-Dashboard/mbesReportBtn' is not present after 3 second(s)

2020-09-15 14:36:20 - [MESSAGE][INFO] - Unable to find the element located by 'By.xpath: //*[@id="wrapper"]/div/div/div/main/div/div[2]/div/div[1]/div/button/div/div[2]/h3'. Please recheck the objects properties to make sure the desired element is located. 

2020-09-15 14:36:20 - [MESSAGE][WARNING] - Object 'Object Repository/FDR-System-Admin/FDR-Reports/FDR-Report-Dashboard/mbesReportBtn' is not present after 3 second(s)

2020-09-15 14:36:20 - [TEST_STEP][PASSED] - click(findTestObject("FDR-System-Admin/FDR-Reports/FDR-Report-Dashboard/reportBtn")): Object: 'Object Repository/FDR-System-Admin/FDR-Reports/FDR-Report-Dashboard/reportBtn' is clicked on

2020-09-15 14:36:20 - [MESSAGE][PASSED] - Object: 'Object Repository/FDR-System-Admin/FDR-Reports/FDR-Report-Dashboard/reportBtn' is clicked on

2020-09-15 14:36:20 - [TEST_STEP][PASSED] - waitForElementPresent(findTestObject("FDR-System-Admin/FDR-Reports/FDR-Report-Dashboard/mbesReportBtn"), 3): Object 'Object Repository/FDR-System-Admin/FDR-Reports/FDR-Report-Dashboard/mbesReportBtn' is present

2020-09-15 14:36:20 - [MESSAGE][PASSED] - Object 'Object Repository/FDR-System-Admin/FDR-Reports/FDR-Report-Dashboard/mbesReportBtn' is present

2020-09-15 14:36:20 - [TEST_STEP][PASSED] - click(findTestObject("FDR-System-Admin/FDR-Reports/FDR-Custom-Reports/customReports")): Object: 'Object Repository/FDR-System-Admin/FDR-Reports/FDR-Custom-Reports/customReports' is clicked on

2020-09-15 14:36:21 - [MESSAGE][PASSED] - Object: 'Object Repository/FDR-System-Admin/FDR-Reports/FDR-Custom-Reports/customReports' is clicked on

2020-09-15 14:36:21 - [TEST_STEP][PASSED] - verifyElementPresent(findTestObject("FDR-System-Admin/FDR-Reports/FDR-Custom-Reports/auditReportsSubText"), 2): Object 'Object Repository/FDR-System-Admin/FDR-Reports/FDR-Custom-Reports/auditReportsSubText' is present

2020-09-15 14:36:21 - [MESSAGE][PASSED] - Object 'Object Repository/FDR-System-Admin/FDR-Reports/FDR-Custom-Reports/auditReportsSubText' is present

2020-09-15 14:36:21 - [TEST_STEP][PASSED] - click(findTestObject("FDR-System-Admin/FDR-Reports/FDR-Custom-Reports/auditReports")): Object: 'Object Repository/FDR-System-Admin/FDR-Reports/FDR-Custom-Reports/auditReports' is clicked on

2020-09-15 14:36:21 - [MESSAGE][PASSED] - Object: 'Object Repository/FDR-System-Admin/FDR-Reports/FDR-Custom-Reports/auditReports' is clicked on

2020-09-15 14:36:21 - [TEST_STEP][PASSED] - verifyElementPresent(findTestObject("FDR-System-Admin/FDR-Reports/FDR-Custom-Reports/voucherHistoryReportSubText"), 2): Object 'Object Repository/FDR-System-Admin/FDR-Reports/FDR-Custom-Reports/voucherHistoryReportSubText' is present

2020-09-15 14:36:22 - [MESSAGE][PASSED] - Object 'Object Repository/FDR-System-Admin/FDR-Reports/FDR-Custom-Reports/voucherHistoryReportSubText' is present

2020-09-15 14:36:22 - [TEST_STEP][PASSED] - verifyElementPresent(findTestObject("FDR-System-Admin/FDR-Reports/FDR-Custom-Reports/receiptHistoryReportSubText"), 2): Object 'Object Repository/FDR-System-Admin/FDR-Reports/FDR-Custom-Reports/receiptHistoryReportSubText' is present

2020-09-15 14:36:22 - [MESSAGE][PASSED] - Object 'Object Repository/FDR-System-Admin/FDR-Reports/FDR-Custom-Reports/receiptHistoryReportSubText' is present

2020-09-15 14:36:22 - [TEST_STEP][PASSED] - Start listener action : sampleAfterTestCase: null

2020-09-15 14:36:22 - [TEST_STEP][PASSED] - profileName = getExecutionProfile(): null

2020-09-15 14:36:22 - [TEST_STEP][PASSED] - switch (profileName): null

2020-09-15 14:36:22 - [TEST_STEP][PASSED] - case "superUser":: null

2020-09-15 14:36:22 - [TEST_STEP][PASSED] - return null: null

2020-09-15 14:36:22 - [TEST_STEP][PASSED] - Start listener action : afterTestCase: Browser is closed

2020-09-15 14:36:22 - [TEST_STEP][PASSED] - profileName = getExecutionProfile(): null

2020-09-15 14:36:22 - [TEST_STEP][PASSED] - if (profileName.equalsIgnoreCase("SysAdmin")): Browser is closed

2020-09-15 14:36:22 - [TEST_STEP][PASSED] - closeBrowser(): Browser is closed

2020-09-15 14:36:23 - [MESSAGE][PASSED] - Browser is closed

2020-09-15 14:36:23 - [TEST_STEP][PASSED] - Start listener action : sampleAfterTestCase: null

2020-09-15 14:36:23 - [TEST_STEP][PASSED] - profileName = getExecutionProfile(): null

2020-09-15 14:36:23 - [TEST_STEP][PASSED] - switch (profileName): null

2020-09-15 14:36:23 - [TEST_STEP][PASSED] - Default: null

2020-09-15 14:36:23 - [TEST_STEP][PASSED] - return null: null

2020-09-15 14:36:23 - [TEST_STEP][PASSED] - Start listener action : addFailedTCToList: null]]></system-out>
         <system-err><![CDATA[]]></system-err>
      </testcase>
      <system-out><![CDATA[2020-09-15 14:22:11 - [TEST_SUITE][FAILED] - SystemAdmin-Integration_Suite: Test Cases/WEB-UI-TESTS/SysAdmin/ReferencePage/ReferenceDetail/FDR-Add-ContractDetailReview FAILED.
Reason:
com.kms.katalon.core.exception.StepFailedException: Unable to click on object 'Object Repository/FDR-System-Admin/FDR-Add-Contract/supplierOption' (Root cause: com.kms.katalon.core.exception.StepFailedException: Unable to click on object 'Object Repository/FDR-System-Admin/FDR-Add-Contract/supplierOption'
	at com.kms.katalon.core.webui.keyword.internal.WebUIKeywordMain.stepFailed(WebUIKeywordMain.groovy:64)
	at com.kms.katalon.core.webui.keyword.internal.WebUIKeywordMain.runKeyword(WebUIKeywordMain.groovy:26)
	at com.kms.katalon.core.webui.keyword.builtin.ClickKeyword.click(ClickKeyword.groovy:76)
	at com.kms.katalon.core.webui.keyword.builtin.ClickKeyword.execute(ClickKeyword.groovy:43)
	at com.kms.katalon.core.keyword.internal.KeywordExecutor.executeKeywordForPlatform(KeywordExecutor.groovy:73)
	at com.kms.katalon.core.webui.keyword.WebUiBuiltInKeywords.click(WebUiBuiltInKeywords.groovy:616)
	at com.kms.katalon.core.webui.keyword.WebUiBuiltInKeywords$click$4.call(Unknown Source)
	at FDR-Add-ContractDetailReview.run(FDR-Add-ContractDetailReview:41)
	at com.kms.katalon.core.main.ScriptEngine.run(ScriptEngine.java:194)
	at com.kms.katalon.core.main.ScriptEngine.runScriptAsRawText(ScriptEngine.java:119)
	at com.kms.katalon.core.main.TestCaseExecutor.runScript(TestCaseExecutor.java:339)
	at com.kms.katalon.core.main.TestCaseExecutor.doExecute(TestCaseExecutor.java:330)
	at com.kms.katalon.core.main.TestCaseExecutor.processExecutionPhase(TestCaseExecutor.java:309)
	at com.kms.katalon.core.main.TestCaseExecutor.accessMainPhase(TestCaseExecutor.java:301)
	at com.kms.katalon.core.main.TestCaseExecutor.execute(TestCaseExecutor.java:235)
	at com.kms.katalon.core.main.TestSuiteExecutor.accessTestCaseMainPhase(TestSuiteExecutor.java:191)
	at com.kms.katalon.core.main.TestSuiteExecutor.accessTestSuiteMainPhase(TestSuiteExecutor.java:141)
	at com.kms.katalon.core.main.TestSuiteExecutor.execute(TestSuiteExecutor.java:90)
	at com.kms.katalon.core.main.TestCaseMain.startTestSuite(TestCaseMain.java:157)
	at com.kms.katalon.core.main.TestCaseMain$startTestSuite$0.call(Unknown Source)
	at TempTestSuite1600204926925.run(TempTestSuite1600204926925.groovy:39)
Caused by: com.kms.katalon.core.webui.exception.WebElementNotFoundException: Web element with id: 'Object Repository/FDR-System-Admin/FDR-Add-Contract/supplierOption' located by '//li[@id='supplierId-option-0']' not found
	at com.kms.katalon.core.webui.common.WebUiCommonHelper.findWebElement(WebUiCommonHelper.java:1368)
	at com.kms.katalon.core.webui.keyword.internal.WebUIAbstractKeyword.findWebElement(WebUIAbstractKeyword.groovy:27)
	at com.kms.katalon.core.webui.keyword.internal.WebUIAbstractKeyword.findWebElement(WebUIAbstractKeyword.groovy:26)
	at com.kms.katalon.core.webui.keyword.builtin.ClickKeyword$_click_closure1.doCall(ClickKeyword.groovy:67)
	at com.kms.katalon.core.webui.keyword.builtin.ClickKeyword$_click_closure1.call(ClickKeyword.groovy)
	at com.kms.katalon.core.webui.keyword.internal.WebUIKeywordMain.runKeyword(WebUIKeywordMain.groovy:20)
	at com.kms.katalon.core.webui.keyword.builtin.ClickKeyword.click(ClickKeyword.groovy:76)
	at com.kms.katalon.core.webui.keyword.builtin.ClickKeyword.execute(ClickKeyword.groovy:43)
	at com.kms.katalon.core.keyword.internal.KeywordExecutor.executeKeywordForPlatform(KeywordExecutor.groovy:73)
	at com.kms.katalon.core.webui.keyword.WebUiBuiltInKeywords.click(WebUiBuiltInKeywords.groovy:616)
	at com.kms.katalon.core.webui.keyword.WebUiBuiltInKeywords$click$4.call(Unknown Source)
	at Script1584563115080.run(Script1584563115080.groovy:41)
	... 13 more
)
	at com.kms.katalon.core.keyword.internal.KeywordMain.stepFailed(KeywordMain.groovy:39)
	at com.kms.katalon.core.webui.keyword.internal.WebUIKeywordMain.stepFailed(WebUIKeywordMain.groovy:64)
	at com.kms.katalon.core.webui.keyword.internal.WebUIKeywordMain.runKeyword(WebUIKeywordMain.groovy:26)
	at com.kms.katalon.core.webui.keyword.builtin.ClickKeyword.click(ClickKeyword.groovy:76)
	at com.kms.katalon.core.webui.keyword.builtin.ClickKeyword.execute(ClickKeyword.groovy:43)
	at com.kms.katalon.core.keyword.internal.KeywordExecutor.executeKeywordForPlatform(KeywordExecutor.groovy:73)
	at com.kms.katalon.core.webui.keyword.WebUiBuiltInKeywords.click(WebUiBuiltInKeywords.groovy:616)
	at com.kms.katalon.core.webui.keyword.WebUiBuiltInKeywords$click$4.call(Unknown Source)
	at FDR-Add-ContractDetailReview.run(FDR-Add-ContractDetailReview:41)
	at com.kms.katalon.core.main.ScriptEngine.run(ScriptEngine.java:194)
	at com.kms.katalon.core.main.ScriptEngine.runScriptAsRawText(ScriptEngine.java:119)
	at com.kms.katalon.core.main.TestCaseExecutor.runScript(TestCaseExecutor.java:339)
	at com.kms.katalon.core.main.TestCaseExecutor.doExecute(TestCaseExecutor.java:330)
	at com.kms.katalon.core.main.TestCaseExecutor.processExecutionPhase(TestCaseExecutor.java:309)
	at com.kms.katalon.core.main.TestCaseExecutor.accessMainPhase(TestCaseExecutor.java:301)
	at com.kms.katalon.core.main.TestCaseExecutor.execute(TestCaseExecutor.java:235)
	at com.kms.katalon.core.main.TestSuiteExecutor.accessTestCaseMainPhase(TestSuiteExecutor.java:191)
	at com.kms.katalon.core.main.TestSuiteExecutor.accessTestSuiteMainPhase(TestSuiteExecutor.java:141)
	at com.kms.katalon.core.main.TestSuiteExecutor.execute(TestSuiteExecutor.java:90)
	at com.kms.katalon.core.main.TestCaseMain.startTestSuite(TestCaseMain.java:157)
	at com.kms.katalon.core.main.TestCaseMain$startTestSuite$0.call(Unknown Source)
	at TempTestSuite1600204926925.run(TempTestSuite1600204926925.groovy:39)
Caused by: com.kms.katalon.core.exception.StepFailedException: Unable to click on object 'Object Repository/FDR-System-Admin/FDR-Add-Contract/supplierOption'
	... 21 more
Caused by: com.kms.katalon.core.webui.exception.WebElementNotFoundException: Web element with id: 'Object Repository/FDR-System-Admin/FDR-Add-Contract/supplierOption' located by '//li[@id='supplierId-option-0']' not found
	at com.kms.katalon.core.webui.common.WebUiCommonHelper.findWebElement(WebUiCommonHelper.java:1368)
	at com.kms.katalon.core.webui.keyword.internal.WebUIAbstractKeyword.findWebElement(WebUIAbstractKeyword.groovy:27)
	at com.kms.katalon.core.webui.keyword.internal.WebUIAbstractKeyword.findWebElement(WebUIAbstractKeyword.groovy:26)
	at com.kms.katalon.core.webui.keyword.builtin.ClickKeyword$_click_closure1.doCall(ClickKeyword.groovy:67)
	at com.kms.katalon.core.webui.keyword.builtin.ClickKeyword$_click_closure1.call(ClickKeyword.groovy)
	at com.kms.katalon.core.webui.keyword.internal.WebUIKeywordMain.runKeyword(WebUIKeywordMain.groovy:20)
	... 19 more]]></system-out>
      <system-err><![CDATA[2020-09-15 14:22:11 - [TEST_SUITE][FAILED] - SystemAdmin-Integration_Suite: Test Cases/WEB-UI-TESTS/SysAdmin/ReferencePage/ReferenceDetail/FDR-Add-ContractDetailReview FAILED.
Reason:
com.kms.katalon.core.exception.StepFailedException: Unable to click on object 'Object Repository/FDR-System-Admin/FDR-Add-Contract/supplierOption' (Root cause: com.kms.katalon.core.exception.StepFailedException: Unable to click on object 'Object Repository/FDR-System-Admin/FDR-Add-Contract/supplierOption'
	at com.kms.katalon.core.webui.keyword.internal.WebUIKeywordMain.stepFailed(WebUIKeywordMain.groovy:64)
	at com.kms.katalon.core.webui.keyword.internal.WebUIKeywordMain.runKeyword(WebUIKeywordMain.groovy:26)
	at com.kms.katalon.core.webui.keyword.builtin.ClickKeyword.click(ClickKeyword.groovy:76)
	at com.kms.katalon.core.webui.keyword.builtin.ClickKeyword.execute(ClickKeyword.groovy:43)
	at com.kms.katalon.core.keyword.internal.KeywordExecutor.executeKeywordForPlatform(KeywordExecutor.groovy:73)
	at com.kms.katalon.core.webui.keyword.WebUiBuiltInKeywords.click(WebUiBuiltInKeywords.groovy:616)
	at com.kms.katalon.core.webui.keyword.WebUiBuiltInKeywords$click$4.call(Unknown Source)
	at FDR-Add-ContractDetailReview.run(FDR-Add-ContractDetailReview:41)
	at com.kms.katalon.core.main.ScriptEngine.run(ScriptEngine.java:194)
	at com.kms.katalon.core.main.ScriptEngine.runScriptAsRawText(ScriptEngine.java:119)
	at com.kms.katalon.core.main.TestCaseExecutor.runScript(TestCaseExecutor.java:339)
	at com.kms.katalon.core.main.TestCaseExecutor.doExecute(TestCaseExecutor.java:330)
	at com.kms.katalon.core.main.TestCaseExecutor.processExecutionPhase(TestCaseExecutor.java:309)
	at com.kms.katalon.core.main.TestCaseExecutor.accessMainPhase(TestCaseExecutor.java:301)
	at com.kms.katalon.core.main.TestCaseExecutor.execute(TestCaseExecutor.java:235)
	at com.kms.katalon.core.main.TestSuiteExecutor.accessTestCaseMainPhase(TestSuiteExecutor.java:191)
	at com.kms.katalon.core.main.TestSuiteExecutor.accessTestSuiteMainPhase(TestSuiteExecutor.java:141)
	at com.kms.katalon.core.main.TestSuiteExecutor.execute(TestSuiteExecutor.java:90)
	at com.kms.katalon.core.main.TestCaseMain.startTestSuite(TestCaseMain.java:157)
	at com.kms.katalon.core.main.TestCaseMain$startTestSuite$0.call(Unknown Source)
	at TempTestSuite1600204926925.run(TempTestSuite1600204926925.groovy:39)
Caused by: com.kms.katalon.core.webui.exception.WebElementNotFoundException: Web element with id: 'Object Repository/FDR-System-Admin/FDR-Add-Contract/supplierOption' located by '//li[@id='supplierId-option-0']' not found
	at com.kms.katalon.core.webui.common.WebUiCommonHelper.findWebElement(WebUiCommonHelper.java:1368)
	at com.kms.katalon.core.webui.keyword.internal.WebUIAbstractKeyword.findWebElement(WebUIAbstractKeyword.groovy:27)
	at com.kms.katalon.core.webui.keyword.internal.WebUIAbstractKeyword.findWebElement(WebUIAbstractKeyword.groovy:26)
	at com.kms.katalon.core.webui.keyword.builtin.ClickKeyword$_click_closure1.doCall(ClickKeyword.groovy:67)
	at com.kms.katalon.core.webui.keyword.builtin.ClickKeyword$_click_closure1.call(ClickKeyword.groovy)
	at com.kms.katalon.core.webui.keyword.internal.WebUIKeywordMain.runKeyword(WebUIKeywordMain.groovy:20)
	at com.kms.katalon.core.webui.keyword.builtin.ClickKeyword.click(ClickKeyword.groovy:76)
	at com.kms.katalon.core.webui.keyword.builtin.ClickKeyword.execute(ClickKeyword.groovy:43)
	at com.kms.katalon.core.keyword.internal.KeywordExecutor.executeKeywordForPlatform(KeywordExecutor.groovy:73)
	at com.kms.katalon.core.webui.keyword.WebUiBuiltInKeywords.click(WebUiBuiltInKeywords.groovy:616)
	at com.kms.katalon.core.webui.keyword.WebUiBuiltInKeywords$click$4.call(Unknown Source)
	at Script1584563115080.run(Script1584563115080.groovy:41)
	... 13 more
)
	at com.kms.katalon.core.keyword.internal.KeywordMain.stepFailed(KeywordMain.groovy:39)
	at com.kms.katalon.core.webui.keyword.internal.WebUIKeywordMain.stepFailed(WebUIKeywordMain.groovy:64)
	at com.kms.katalon.core.webui.keyword.internal.WebUIKeywordMain.runKeyword(WebUIKeywordMain.groovy:26)
	at com.kms.katalon.core.webui.keyword.builtin.ClickKeyword.click(ClickKeyword.groovy:76)
	at com.kms.katalon.core.webui.keyword.builtin.ClickKeyword.execute(ClickKeyword.groovy:43)
	at com.kms.katalon.core.keyword.internal.KeywordExecutor.executeKeywordForPlatform(KeywordExecutor.groovy:73)
	at com.kms.katalon.core.webui.keyword.WebUiBuiltInKeywords.click(WebUiBuiltInKeywords.groovy:616)
	at com.kms.katalon.core.webui.keyword.WebUiBuiltInKeywords$click$4.call(Unknown Source)
	at FDR-Add-ContractDetailReview.run(FDR-Add-ContractDetailReview:41)
	at com.kms.katalon.core.main.ScriptEngine.run(ScriptEngine.java:194)
	at com.kms.katalon.core.main.ScriptEngine.runScriptAsRawText(ScriptEngine.java:119)
	at com.kms.katalon.core.main.TestCaseExecutor.runScript(TestCaseExecutor.java:339)
	at com.kms.katalon.core.main.TestCaseExecutor.doExecute(TestCaseExecutor.java:330)
	at com.kms.katalon.core.main.TestCaseExecutor.processExecutionPhase(TestCaseExecutor.java:309)
	at com.kms.katalon.core.main.TestCaseExecutor.accessMainPhase(TestCaseExecutor.java:301)
	at com.kms.katalon.core.main.TestCaseExecutor.execute(TestCaseExecutor.java:235)
	at com.kms.katalon.core.main.TestSuiteExecutor.accessTestCaseMainPhase(TestSuiteExecutor.java:191)
	at com.kms.katalon.core.main.TestSuiteExecutor.accessTestSuiteMainPhase(TestSuiteExecutor.java:141)
	at com.kms.katalon.core.main.TestSuiteExecutor.execute(TestSuiteExecutor.java:90)
	at com.kms.katalon.core.main.TestCaseMain.startTestSuite(TestCaseMain.java:157)
	at com.kms.katalon.core.main.TestCaseMain$startTestSuite$0.call(Unknown Source)
	at TempTestSuite1600204926925.run(TempTestSuite1600204926925.groovy:39)
Caused by: com.kms.katalon.core.exception.StepFailedException: Unable to click on object 'Object Repository/FDR-System-Admin/FDR-Add-Contract/supplierOption'
	... 21 more
Caused by: com.kms.katalon.core.webui.exception.WebElementNotFoundException: Web element with id: 'Object Repository/FDR-System-Admin/FDR-Add-Contract/supplierOption' located by '//li[@id='supplierId-option-0']' not found
	at com.kms.katalon.core.webui.common.WebUiCommonHelper.findWebElement(WebUiCommonHelper.java:1368)
	at com.kms.katalon.core.webui.keyword.internal.WebUIAbstractKeyword.findWebElement(WebUIAbstractKeyword.groovy:27)
	at com.kms.katalon.core.webui.keyword.internal.WebUIAbstractKeyword.findWebElement(WebUIAbstractKeyword.groovy:26)
	at com.kms.katalon.core.webui.keyword.builtin.ClickKeyword$_click_closure1.doCall(ClickKeyword.groovy:67)
	at com.kms.katalon.core.webui.keyword.builtin.ClickKeyword$_click_closure1.call(ClickKeyword.groovy)
	at com.kms.katalon.core.webui.keyword.internal.WebUIKeywordMain.runKeyword(WebUIKeywordMain.groovy:20)
	... 19 more]]></system-err>
   </testsuite>
</testsuites>
