<?xml version="1.0" encoding="UTF-8"?>
<testsuites name="Draw-Integration_Suite" time="209.975" tests="2" failures="0" errors="0">
   <testsuite name="Draw-Integration_Suite" tests="2" failures="0" errors="0" time="209.975" timestamp="2020-09-17 23:36:50" hostname="nagesh.allu - DESKTOP-9VU7G8T.attlocal.net" id="Test Suites/Draw-Integration_Suite">
      <properties>
         <property name="deviceName" value=""/>
         <property name="devicePlatform" value=""/>
         <property name="logFolder" value="C:\\fdr-automation-develop_08_25_2020\\Reports\\20200917_233648\\Draw-Integration_Suite\\20200917_233648"/>
         <property name="logFiles" value="C:\\fdr-automation-develop_08_25_2020\\Reports\\20200917_233648\\Draw-Integration_Suite\\20200917_233648\\execution0.log"/>
         <property name="attachments" value=""/>
         <property name="hostName" value="nagesh.allu - DESKTOP-9VU7G8T.attlocal.net"/>
         <property name="os" value="Windows 10 64bit"/>
         <property name="katalonVersion" value="7.6.6.205"/>
         <property name="browser" value="Chrome 85.0.4183.102"/>
         <property name="hostAddress" value="192.168.1.188"/>
         <property name="sessionId" value="9839a309a20331179f35493a297fd8d6"/>
         <property name="seleniumVersion" value="3.141.59"/>
         <property name="proxyInformation" value="ProxyInformation { proxyOption=NO_PROXY, proxyServerType=HTTP, username=, password=********, proxyServerAddress=, proxyServerPort=0, executionList=&quot;&quot;, isApplyToDesiredCapabilities=true }"/>
         <property name="platform" value="Windows 10"/>
      </properties>
      <testcase name="Test Cases/WEB-UI-TESTS/Draw/FDR-Draw-Voucher-Date-Validation" time="129.635" classname="Test Cases/WEB-UI-TESTS/Draw/FDR-Draw-Voucher-Date-Validation" status="PASSED">
         <system-out><![CDATA[2020-09-17 23:36:51 - [TEST_CASE][PASSED] - Test Cases/WEB-UI-TESTS/Draw/FDR-Draw-Voucher-Date-Validation: Test Cases/WEB-UI-TESTS/Draw/FDR-Draw-Voucher-Date-Validation

2020-09-17 23:36:51 - [TEST_STEP][PASSED] - Start listener action : sampleBeforeTestCase: null

2020-09-17 23:36:51 - [TEST_STEP][PASSED] - profileName = getExecutionProfile(): null

2020-09-17 23:36:51 - [TEST_STEP][PASSED] - switch (profileName): null

2020-09-17 23:36:51 - [TEST_STEP][PASSED] - case "superUser":: null

2020-09-17 23:36:51 - [TEST_STEP][PASSED] - return null: null

2020-09-17 23:36:51 - [TEST_STEP][PASSED] - Start listener action : beforeTestCase: null

2020-09-17 23:36:51 - [TEST_STEP][PASSED] - profileName = getExecutionProfile(): null

2020-09-17 23:36:51 - [TEST_STEP][PASSED] - if (profileName.equalsIgnoreCase("SysAdmin")): null

2020-09-17 23:36:51 - [TEST_STEP][PASSED] - Start listener action : sampleBeforeTestCase: Navigate to 'https://fdr-katalon.cammis-mod-dev.dhcs.ca.gov' successfully

2020-09-17 23:36:51 - [TEST_STEP][PASSED] - profileName = getExecutionProfile(): null

2020-09-17 23:36:51 - [TEST_STEP][PASSED] - testCaseId = testCaseContext.getTestCaseId(): null

2020-09-17 23:36:51 - [TEST_STEP][PASSED] - switch (profileName): null

2020-09-17 23:36:51 - [TEST_STEP][PASSED] - case "Draw":: null

2020-09-17 23:36:51 - [TEST_STEP][PASSED] - if (account6TestCases.contains(testCaseId)): null

2020-09-17 23:36:51 - [TEST_STEP][PASSED] - else if (account2TestCases.contains(testCaseId)): Object: 'Object Repository/FDR-SignIn/SignInButton' is clicked on

2020-09-17 23:36:51 - [TEST_STEP][PASSED] - Uifunctions.loginFDR(accountsApproverAcc2, accountsApproverAcc2Pwd): Object: 'Object Repository/FDR-SignIn/SignInButton' is clicked on

2020-09-17 23:36:51 - [MESSAGE][INFO] - Starting 'Chrome' driver

2020-09-17 23:36:51 - [MESSAGE][INFO] - Action delay is set to 0 milliseconds

2020-09-17 23:36:55 - [MESSAGE][PASSED] - Browser is opened with url: ''

2020-09-17 23:36:57 - [MESSAGE][PASSED] - Current window maximized

2020-09-17 23:36:59 - [MESSAGE][PASSED] - Navigate to 'https://fdr-katalon.cammis-mod-dev.dhcs.ca.gov' successfully

2020-09-17 23:37:00 - [MESSAGE][PASSED] - Object 'Object Repository/FDR-SignIn/SignInEmail' is present

2020-09-17 23:37:01 - [MESSAGE][PASSED] - Object: 'Object Repository/FDR-SignIn/SignInEmail' is clicked on

2020-09-17 23:37:01 - [MESSAGE][PASSED] - Object 'Object Repository/FDR-SignIn/SignInEmail' is present

2020-09-17 23:37:02 - [MESSAGE][PASSED] - Text 'fdr.test2@dhcs.ca.gov' is set on object 'Object Repository/FDR-SignIn/SignInEmail'

2020-09-17 23:37:02 - [MESSAGE][PASSED] - Object 'Object Repository/FDR-SignIn/SignInEmailNext' is visible

2020-09-17 23:37:02 - [MESSAGE][PASSED] - Object: 'Object Repository/FDR-SignIn/SignInEmailNext' is clicked on

2020-09-17 23:37:06 - [MESSAGE][PASSED] - Object 'Object Repository/FDR-SignIn/SignInEmailPassword' is visible

2020-09-17 23:37:06 - [MESSAGE][PASSED] - Object: 'Object Repository/FDR-SignIn/SignInEmailPassword' is clicked on

2020-09-17 23:37:06 - [MESSAGE][PASSED] - Text ****** has been set on object 'Object Repository/FDR-SignIn/SignInEmailPassword'

2020-09-17 23:37:08 - [MESSAGE][PASSED] - Object: 'Object Repository/FDR-SignIn/SignInButton' is clicked on

2020-09-17 23:37:08 - [TEST_STEP][PASSED] - break: null

2020-09-17 23:37:08 - [TEST_STEP][PASSED] - navigateToUrl(URL): Navigate to 'https://fdr-katalon.cammis-mod-dev.dhcs.ca.gov' successfully

2020-09-17 23:37:08 - [MESSAGE][PASSED] - Navigate to 'https://fdr-katalon.cammis-mod-dev.dhcs.ca.gov' successfully

2020-09-17 23:37:08 - [TEST_STEP][PASSED] - Start listener action : executeRows: null

2020-09-17 23:37:08 - [TEST_STEP][PASSED] - voucherHeaderData = ["drawDate":drawDate, "payDate":payDate, "programType":programType, "invoiceType":invoiceType, "fundCode":fundCode, "supplier":supplier, ... ]: null

2020-09-17 23:37:08 - [TEST_STEP][PASSED] - Uifunctions.createVoucherHeader(voucherHeaderData): Object 'Object Repository/FDR-VoucherEntry/VoucherHeader/reviewButton' is present

2020-09-17 23:37:10 - [MESSAGE][PASSED] - Object 'Object Repository/FDR-Dashboard/createNewVoucherButton' is present

2020-09-17 23:37:11 - [MESSAGE][PASSED] - Object: 'Object Repository/FDR-Dashboard/createNewVoucherButton' is clicked on

2020-09-17 23:37:15 - [MESSAGE][INFO] - Unable to find the element located by 'By.xpath: //*[@data-id='action-button']//*[contains(text(),'Review')]'. Please recheck the objects properties to make sure the desired element is located. 

2020-09-17 23:37:15 - [MESSAGE][WARNING] - Object 'Object Repository/FDR-VoucherEntry/VoucherHeader/reviewButton' is not present after 3 second(s)

2020-09-17 23:37:15 - [MESSAGE][PASSED] - Object: 'Object Repository/FDR-VoucherEntry/Voucher/drawDate' is clicked on

2020-09-17 23:37:17 - [MESSAGE][INFO] - Unable to find the element located by 'By.xpath: //*[@data-id='button-link']//*[contains(text(),'Create New Voucher')]'. Please recheck the objects properties to make sure the desired element is located. 

2020-09-17 23:37:17 - [MESSAGE][WARNING] - Object 'Object Repository/FDR-Dashboard/createNewVoucherButton' is not present after 1 second(s)

2020-09-17 23:37:19 - [MESSAGE][PASSED] - Text '09/28/2020' is set on object 'Object Repository/FDR-VoucherEntry/Voucher/drawDate'

2020-09-17 23:37:23 - [MESSAGE][INFO] - Unable to find the element located by 'By.xpath: //*[@data-id='button-link']//*[contains(text(),'Create New Voucher')]'. Please recheck the objects properties to make sure the desired element is located. 

2020-09-17 23:37:23 - [MESSAGE][WARNING] - Object 'Object Repository/FDR-Dashboard/createNewVoucherButton' is not present after 3 second(s)

2020-09-17 23:37:23 - [MESSAGE][PASSED] - Object: 'Object Repository/FDR-VoucherEntry/Voucher/programType' is clicked on

2020-09-17 23:37:26 - [MESSAGE][INFO] - Unable to find the element located by 'By.xpath: //*[@data-id='button-link']//*[contains(text(),'Create New Voucher')]'. Please recheck the objects properties to make sure the desired element is located. 

2020-09-17 23:37:26 - [MESSAGE][WARNING] - Object 'Object Repository/FDR-Dashboard/createNewVoucherButton' is not present after 2 second(s)

2020-09-17 23:37:27 - [MESSAGE][PASSED] - Keys 'Medical Assistance (MA)' sent to object: 'Object Repository/FDR-VoucherEntry/Voucher/programType'

2020-09-17 23:37:27 - [MESSAGE][PASSED] - Object 'Object Repository/FDR-VoucherEntry/Voucher/programType' is present

2020-09-17 23:37:27 - [MESSAGE][PASSED] - Keys 'DOWN + ENTER + ' sent to object: 'Object Repository/FDR-VoucherEntry/Voucher/programType'

2020-09-17 23:37:28 - [MESSAGE][PASSED] - Object: 'Object Repository/FDR-VoucherEntry/Voucher/invoiceType' is clicked on

2020-09-17 23:37:28 - [MESSAGE][PASSED] - Object 'Object Repository/FDR-VoucherEntry/Voucher/invoiceType' is present

2020-09-17 23:37:29 - [MESSAGE][PASSED] - Keys 'CAP' sent to object: 'Object Repository/FDR-VoucherEntry/Voucher/invoiceType'

2020-09-17 23:37:29 - [MESSAGE][PASSED] - Keys 'DOWN + ENTER + ' sent to object: 'Object Repository/FDR-VoucherEntry/Voucher/invoiceType'

2020-09-17 23:37:30 - [MESSAGE][PASSED] - Object: 'Object Repository/FDR-VoucherEntry/Voucher/fundCode' is clicked on

2020-09-17 23:37:30 - [MESSAGE][PASSED] - Keys 'lth Care Deposit Fund (0912)' sent to object: 'Object Repository/FDR-VoucherEntry/Voucher/fundCode'

2020-09-17 23:37:31 - [MESSAGE][PASSED] - Object 'Object Repository/FDR-VoucherEntry/Voucher/fundCode' is present

2020-09-17 23:37:31 - [MESSAGE][PASSED] - Keys 'DOWN + ENTER + ' sent to object: 'Object Repository/FDR-VoucherEntry/Voucher/fundCode'

2020-09-17 23:37:32 - [MESSAGE][PASSED] - Object: 'Object Repository/FDR-VoucherEntry/Voucher/supplierID' is clicked on

2020-09-17 23:37:32 - [MESSAGE][PASSED] - Keys '0000007954' sent to object: 'Object Repository/FDR-VoucherEntry/Voucher/supplierID'

2020-09-17 23:37:33 - [MESSAGE][PASSED] - Object 'Object Repository/FDR-VoucherEntry/Voucher/supplierID' is present

2020-09-17 23:37:33 - [MESSAGE][PASSED] - Keys 'DOWN + ENTER + ' sent to object: 'Object Repository/FDR-VoucherEntry/Voucher/supplierID'

2020-09-17 23:37:34 - [MESSAGE][PASSED] - Object: 'Object Repository/FDR-VoucherEntry/Voucher/seqNum' is clicked on

2020-09-17 23:37:34 - [MESSAGE][PASSED] - Object 'Object Repository/FDR-VoucherEntry/Voucher/seqNum' is present

2020-09-17 23:37:35 - [MESSAGE][PASSED] - Keys 'DOWN + ENTER + ' sent to object: 'Object Repository/FDR-VoucherEntry/Voucher/seqNum'

2020-09-17 23:37:35 - [MESSAGE][PASSED] - Object: 'Object Repository/FDR-VoucherEntry/Voucher/contractNum' is clicked on

2020-09-17 23:37:36 - [MESSAGE][PASSED] - Keys '07-65707' sent to object: 'Object Repository/FDR-VoucherEntry/Voucher/contractNum'

2020-09-17 23:37:36 - [MESSAGE][PASSED] - Object 'Object Repository/FDR-VoucherEntry/Voucher/contractNum' is present

2020-09-17 23:37:36 - [MESSAGE][PASSED] - Keys 'DOWN + ENTER + ' sent to object: 'Object Repository/FDR-VoucherEntry/Voucher/contractNum'

2020-09-17 23:37:38 - [MESSAGE][PASSED] - Text 'This message will print on the Remittance Advice' is set on object 'Object Repository/FDR-VoucherEntry/Voucher/vendorMessage'

2020-09-17 23:37:39 - [MESSAGE][PASSED] - Object: 'Object Repository/FDR-VoucherEntry/Voucher/primaryContact' is clicked on

2020-09-17 23:37:40 - [MESSAGE][PASSED] - Keys 'Aung Lin' sent to object: 'Object Repository/FDR-VoucherEntry/Voucher/primaryContact'

2020-09-17 23:37:40 - [MESSAGE][PASSED] - Object 'Object Repository/FDR-VoucherEntry/Voucher/primaryContact' is present

2020-09-17 23:37:40 - [MESSAGE][PASSED] - Keys 'DOWN + ENTER + ' sent to object: 'Object Repository/FDR-VoucherEntry/Voucher/primaryContact'

2020-09-17 23:37:41 - [MESSAGE][PASSED] - Object: 'Object Repository/FDR-VoucherEntry/Voucher/secondaryContact' is clicked on

2020-09-17 23:37:41 - [MESSAGE][PASSED] - Keys 'Vivian Ly' sent to object: 'Object Repository/FDR-VoucherEntry/Voucher/secondaryContact'

2020-09-17 23:37:42 - [MESSAGE][PASSED] - Object 'Object Repository/FDR-VoucherEntry/Voucher/secondaryContact' is present

2020-09-17 23:37:42 - [MESSAGE][PASSED] - Object 'Object Repository/FDR-VoucherEntry/Voucher/secondaryContact' is present

2020-09-17 23:37:43 - [MESSAGE][PASSED] - Keys 'DOWN + ENTER + ' sent to object: 'Object Repository/FDR-VoucherEntry/Voucher/secondaryContact'

2020-09-17 23:37:43 - [MESSAGE][PASSED] - Object: 'Object Repository/FDR-VoucherEntry/Voucher/buttonNext' is clicked on

2020-09-17 23:37:46 - [MESSAGE][PASSED] - Delayed 3 second(s)

2020-09-17 23:37:47 - [MESSAGE][PASSED] - Object 'Object Repository/FDR-VoucherEntry/VoucherHeader/reviewButton' is present

2020-09-17 23:37:47 - [TEST_STEP][PASSED] - waitForElementPresent(findTestObject("FDR-VoucherEntry/VoucherHeader/reviewButton"), 5): Object 'Object Repository/FDR-VoucherEntry/VoucherHeader/reviewButton' is present

2020-09-17 23:37:47 - [MESSAGE][PASSED] - Object 'Object Repository/FDR-VoucherEntry/VoucherHeader/reviewButton' is present

2020-09-17 23:37:47 - [TEST_STEP][PASSED] - voucherDrawDate = getText(findTestObject("FDR-VoucherEntry/VoucherHeader/drawDate")): Text of object 'Object Repository/FDR-VoucherEntry/VoucherHeader/drawDate' is: '09/28/2020'

2020-09-17 23:37:47 - [MESSAGE][PASSED] - Text of object 'Object Repository/FDR-VoucherEntry/VoucherHeader/drawDate' is: '09/28/2020'

2020-09-17 23:37:47 - [TEST_STEP][PASSED] - Uifunctions.createInvoiceLine(1): Object 'Object Repository/FDR-VoucherEntry/VoucherHeader/reviewButton' is present

2020-09-17 23:37:47 - [MESSAGE][PASSED] - Object 'Object Repository/FDR-VoucherEntry/VoucherHeader/reviewButton' is present

2020-09-17 23:37:51 - [MESSAGE][INFO] - Unable to find the element located by 'By.xpath: //*[contains(text(),'Add voucher')]//parent::button'. Please recheck the objects properties to make sure the desired element is located. 

2020-09-17 23:37:51 - [MESSAGE][WARNING] - Object 'Object Repository/FDR-VoucherEntry/InvoiceLine/addVoucherButton' is not present after 2 second(s)

2020-09-17 23:37:51 - [MESSAGE][PASSED] - Object 'Object Repository/FDR-VoucherEntry/InvoiceLine/invoice' is clickable

2020-09-17 23:37:51 - [MESSAGE][PASSED] - Object: 'Object Repository/FDR-VoucherEntry/InvoiceLine/invoice' is clicked on

2020-09-17 23:37:52 - [MESSAGE][PASSED] - Text '2380' is set on object 'Object Repository/FDR-VoucherEntry/InvoiceLine/invoice'

2020-09-17 23:37:52 - [MESSAGE][PASSED] - Object: 'Object Repository/FDR-VoucherEntry/InvoiceLine/invoiceDate' is clicked on

2020-09-17 23:37:53 - [MESSAGE][PASSED] - Object 'Object Repository/FDR-VoucherEntry/InvoiceLine/invoiceDate' is present

2020-09-17 23:37:54 - [MESSAGE][PASSED] - Text '09/17/2020' is set on object 'Object Repository/FDR-VoucherEntry/InvoiceLine/invoiceDate'

2020-09-17 23:37:54 - [MESSAGE][PASSED] - Object: 'Object Repository/FDR-VoucherEntry/InvoiceLine/originalWarrantDate' is clicked on

2020-09-17 23:37:55 - [MESSAGE][PASSED] - Text '09/18/2020' is set on object 'Object Repository/FDR-VoucherEntry/InvoiceLine/originalWarrantDate'

2020-09-17 23:37:55 - [MESSAGE][PASSED] - Object 'Object Repository/FDR-VoucherEntry/InvoiceLine/addInvoiceLineButton' is present

2020-09-17 23:37:56 - [MESSAGE][PASSED] - Object: 'Object Repository/FDR-VoucherEntry/InvoiceLine/addInvoiceLineButtonIndex2' is clicked on

2020-09-17 23:37:56 - [MESSAGE][PASSED] - Object 'Object Repository/FDR-VoucherEntry/VoucherHeader/reviewButton' is present

2020-09-17 23:37:56 - [TEST_STEP][PASSED] - waitForElementClickable(findTestObject("FDR-VoucherEntry/InvoiceLine/invoiceLineExpandButton"), 5): Object 'Object Repository/FDR-VoucherEntry/InvoiceLine/invoiceLineExpandButton' is clickable

2020-09-17 23:37:56 - [MESSAGE][PASSED] - Object 'Object Repository/FDR-VoucherEntry/InvoiceLine/invoiceLineExpandButton' is clickable

2020-09-17 23:37:56 - [TEST_STEP][PASSED] - click(findTestObject("FDR-VoucherEntry/InvoiceLine/invoiceLineExpandButton")): Object: 'Object Repository/FDR-VoucherEntry/InvoiceLine/invoiceLineExpandButton' is clicked on

2020-09-17 23:37:57 - [MESSAGE][PASSED] - Object: 'Object Repository/FDR-VoucherEntry/InvoiceLine/invoiceLineExpandButton' is clicked on

2020-09-17 23:37:57 - [TEST_STEP][PASSED] - waitForElementClickable(findTestObject("FDR-VoucherEntry/InvoiceLine/invoiceAddlineButton"), 5): Object 'Object Repository/FDR-VoucherEntry/InvoiceLine/invoiceAddlineButton' is clickable

2020-09-17 23:37:58 - [MESSAGE][PASSED] - Object 'Object Repository/FDR-VoucherEntry/InvoiceLine/invoiceAddlineButton' is clickable

2020-09-17 23:37:58 - [TEST_STEP][PASSED] - click(findTestObject("FDR-VoucherEntry/InvoiceLine/invoiceAddlineButton")): Object: 'Object Repository/FDR-VoucherEntry/InvoiceLine/invoiceAddlineButton' is clicked on

2020-09-17 23:37:58 - [MESSAGE][PASSED] - Object: 'Object Repository/FDR-VoucherEntry/InvoiceLine/invoiceAddlineButton' is clicked on

2020-09-17 23:37:58 - [TEST_STEP][PASSED] - Uifunctions.createDistributionLines(1, "Voucher/FDR-DL"): Object: 'Object Repository/FDR-VoucherEntry/DistributionLine/addSaveButton' is clicked on

2020-09-17 23:38:02 - [MESSAGE][INFO] - Unable to find the element located by 'By.xpath: //*[@data-id='button-link']//*[contains(text(),'Create New Voucher')]'. Please recheck the objects properties to make sure the desired element is located. 

2020-09-17 23:38:02 - [MESSAGE][WARNING] - Object 'Object Repository/FDR-Dashboard/createNewVoucherButton' is not present after 3 second(s)

2020-09-17 23:38:06 - [MESSAGE][INFO] - Unable to find the element located by 'By.xpath: //*[@data-id='button-link']//*[contains(text(),'Create New Voucher')]'. Please recheck the objects properties to make sure the desired element is located. 

2020-09-17 23:38:06 - [MESSAGE][WARNING] - Object 'Object Repository/FDR-Dashboard/createNewVoucherButton' is not present after 2 second(s)

2020-09-17 23:38:06 - [MESSAGE][PASSED] - Object 'Object Repository/FDR-VoucherEntry/DistributionLine/serviceDateFrom' is clickable

2020-09-17 23:38:06 - [MESSAGE][PASSED] - Object: 'Object Repository/FDR-VoucherEntry/DistributionLine/serviceDateFrom' is clicked on

2020-09-17 23:38:07 - [MESSAGE][PASSED] - Object 'Object Repository/FDR-VoucherEntry/DistributionLine/serviceDateFrom' is present

2020-09-17 23:38:08 - [MESSAGE][PASSED] - Text '08/04/2020' is set on object 'Object Repository/FDR-VoucherEntry/DistributionLine/serviceDateFrom'

2020-09-17 23:38:08 - [MESSAGE][PASSED] - Object: 'Object Repository/FDR-VoucherEntry/DistributionLine/serviceDateTo' is clicked on

2020-09-17 23:38:08 - [MESSAGE][PASSED] - Object 'Object Repository/FDR-VoucherEntry/DistributionLine/serviceDateTo' is present

2020-09-17 23:38:09 - [MESSAGE][PASSED] - Text '08/05/2020' is set on object 'Object Repository/FDR-VoucherEntry/DistributionLine/serviceDateTo'

2020-09-17 23:38:12 - [MESSAGE][INFO] - Unable to find the element located by 'By.xpath: //*[@data-id='button-link']//*[contains(text(),'Create New Voucher')]'. Please recheck the objects properties to make sure the desired element is located. 

2020-09-17 23:38:12 - [MESSAGE][WARNING] - Object 'Object Repository/FDR-Dashboard/createNewVoucherButton' is not present after 2 second(s)

2020-09-17 23:38:13 - [MESSAGE][PASSED] - Object: 'Object Repository/FDR-VoucherEntry/DistributionLine/amount' is clicked on

2020-09-17 23:38:13 - [MESSAGE][PASSED] - Execute JavaScript 'arguments[0].value='';' successfully

2020-09-17 23:38:14 - [MESSAGE][PASSED] - Keys '100' sent to object: 'Object Repository/FDR-VoucherEntry/DistributionLine/amount'

2020-09-17 23:38:16 - [MESSAGE][INFO] - Unable to find the element located by 'By.xpath: //*[@data-id='button-link']//*[contains(text(),'Create New Voucher')]'. Please recheck the objects properties to make sure the desired element is located. 

2020-09-17 23:38:16 - [MESSAGE][WARNING] - Object 'Object Repository/FDR-Dashboard/createNewVoucherButton' is not present after 1 second(s)

2020-09-17 23:38:16 - [MESSAGE][PASSED] - Object: 'Object Repository/FDR-VoucherEntry/DistributionLine/waiverType' is clicked on

2020-09-17 23:38:18 - [MESSAGE][INFO] - Unable to find the element located by 'By.xpath: //*[@data-id='button-link']//*[contains(text(),'Create New Voucher')]'. Please recheck the objects properties to make sure the desired element is located. 

2020-09-17 23:38:18 - [MESSAGE][WARNING] - Object 'Object Repository/FDR-Dashboard/createNewVoucherButton' is not present after 1 second(s)

2020-09-17 23:38:19 - [MESSAGE][PASSED] - Keys '1115' sent to object: 'Object Repository/FDR-VoucherEntry/DistributionLine/waiverType'

2020-09-17 23:38:22 - [MESSAGE][INFO] - Unable to find the element located by 'By.xpath: //*[@data-id='button-link']//*[contains(text(),'Create New Voucher')]'. Please recheck the objects properties to make sure the desired element is located. 

2020-09-17 23:38:22 - [MESSAGE][WARNING] - Object 'Object Repository/FDR-Dashboard/createNewVoucherButton' is not present after 2 second(s)

2020-09-17 23:38:22 - [MESSAGE][PASSED] - Keys 'DOWN + ENTER + ' sent to object: 'Object Repository/FDR-VoucherEntry/DistributionLine/waiverType'

2020-09-17 23:38:23 - [MESSAGE][PASSED] - Object: 'Object Repository/FDR-VoucherEntry/DistributionLine/waiverName' is clicked on

2020-09-17 23:38:23 - [MESSAGE][PASSED] - Keys 'CBAS' sent to object: 'Object Repository/FDR-VoucherEntry/DistributionLine/waiverName'

2020-09-17 23:38:27 - [MESSAGE][INFO] - Unable to find the element located by 'By.xpath: //*[@data-id='button-link']//*[contains(text(),'Create New Voucher')]'. Please recheck the objects properties to make sure the desired element is located. 

2020-09-17 23:38:27 - [MESSAGE][WARNING] - Object 'Object Repository/FDR-Dashboard/createNewVoucherButton' is not present after 2 second(s)

2020-09-17 23:38:27 - [MESSAGE][PASSED] - Keys 'DOWN + ENTER + ' sent to object: 'Object Repository/FDR-VoucherEntry/DistributionLine/waiverName'

2020-09-17 23:38:27 - [MESSAGE][PASSED] - Object: 'Object Repository/FDR-VoucherEntry/DistributionLine/fundingSource' is clicked on

2020-09-17 23:38:28 - [MESSAGE][PASSED] - Keys 'Dental' sent to object: 'Object Repository/FDR-VoucherEntry/DistributionLine/fundingSource'

2020-09-17 23:38:31 - [MESSAGE][INFO] - Unable to find the element located by 'By.xpath: //*[@data-id='button-link']//*[contains(text(),'Create New Voucher')]'. Please recheck the objects properties to make sure the desired element is located. 

2020-09-17 23:38:31 - [MESSAGE][WARNING] - Object 'Object Repository/FDR-Dashboard/createNewVoucherButton' is not present after 2 second(s)

2020-09-17 23:38:32 - [MESSAGE][PASSED] - Keys 'DOWN + ENTER + ' sent to object: 'Object Repository/FDR-VoucherEntry/DistributionLine/fundingSource'

2020-09-17 23:38:32 - [MESSAGE][PASSED] - Object: 'Object Repository/FDR-VoucherEntry/DistributionLine/fundRatio' is clicked on

2020-09-17 23:38:33 - [MESSAGE][PASSED] - Keys '90/10' sent to object: 'Object Repository/FDR-VoucherEntry/DistributionLine/fundRatio'

2020-09-17 23:38:36 - [MESSAGE][INFO] - Unable to find the element located by 'By.xpath: //*[@data-id='button-link']//*[contains(text(),'Create New Voucher')]'. Please recheck the objects properties to make sure the desired element is located. 

2020-09-17 23:38:36 - [MESSAGE][WARNING] - Object 'Object Repository/FDR-Dashboard/createNewVoucherButton' is not present after 2 second(s)

2020-09-17 23:38:36 - [MESSAGE][PASSED] - Keys 'DOWN + ENTER + ' sent to object: 'Object Repository/FDR-VoucherEntry/DistributionLine/fundRatio'

2020-09-17 23:38:37 - [MESSAGE][PASSED] - Object: 'Object Repository/FDR-VoucherEntry/DistributionLine/nonFederalFund' is clicked on

2020-09-17 23:38:37 - [MESSAGE][PASSED] - Keys '0001' sent to object: 'Object Repository/FDR-VoucherEntry/DistributionLine/nonFederalFund'

2020-09-17 23:38:40 - [MESSAGE][INFO] - Unable to find the element located by 'By.xpath: //*[@data-id='button-link']//*[contains(text(),'Create New Voucher')]'. Please recheck the objects properties to make sure the desired element is located. 

2020-09-17 23:38:40 - [MESSAGE][WARNING] - Object 'Object Repository/FDR-Dashboard/createNewVoucherButton' is not present after 2 second(s)

2020-09-17 23:38:41 - [MESSAGE][PASSED] - Keys 'DOWN + ENTER + ' sent to object: 'Object Repository/FDR-VoucherEntry/DistributionLine/nonFederalFund'

2020-09-17 23:38:41 - [MESSAGE][PASSED] - Object: 'Object Repository/FDR-VoucherEntry/DistributionLine/account' is clicked on

2020-09-17 23:38:42 - [MESSAGE][PASSED] - Keys '5442000' sent to object: 'Object Repository/FDR-VoucherEntry/DistributionLine/account'

2020-09-17 23:38:43 - [MESSAGE][PASSED] - Keys 'DOWN + ENTER + ' sent to object: 'Object Repository/FDR-VoucherEntry/DistributionLine/account'

2020-09-17 23:38:43 - [MESSAGE][PASSED] - Object: 'Object Repository/FDR-VoucherEntry/DistributionLine/altAccount' is clicked on

2020-09-17 23:38:44 - [MESSAGE][PASSED] - Keys '5442000' sent to object: 'Object Repository/FDR-VoucherEntry/DistributionLine/altAccount'

2020-09-17 23:38:44 - [MESSAGE][PASSED] - Object 'Object Repository/FDR-VoucherEntry/DistributionLine/altAccount' is present

2020-09-17 23:38:44 - [MESSAGE][PASSED] - Keys 'DOWN + ENTER + ' sent to object: 'Object Repository/FDR-VoucherEntry/DistributionLine/altAccount'

2020-09-17 23:38:45 - [MESSAGE][PASSED] - Object: 'Object Repository/FDR-VoucherEntry/DistributionLine/serviceCategory' is clicked on

2020-09-17 23:38:48 - [MESSAGE][INFO] - Unable to find the element located by 'By.xpath: //*[@data-id='button-link']//*[contains(text(),'Create New Voucher')]'. Please recheck the objects properties to make sure the desired element is located. 

2020-09-17 23:38:48 - [MESSAGE][WARNING] - Object 'Object Repository/FDR-Dashboard/createNewVoucherButton' is not present after 2 second(s)

2020-09-17 23:38:48 - [MESSAGE][PASSED] - Keys '18B1' sent to object: 'Object Repository/FDR-VoucherEntry/DistributionLine/serviceCategory'

2020-09-17 23:38:49 - [MESSAGE][PASSED] - Keys 'DOWN + ENTER + ' sent to object: 'Object Repository/FDR-VoucherEntry/DistributionLine/serviceCategory'

2020-09-17 23:38:49 - [MESSAGE][PASSED] - Object: 'Object Repository/FDR-VoucherEntry/DistributionLine/incDecLine' is clicked on

2020-09-17 23:38:50 - [MESSAGE][PASSED] - Keys '8: Adjustments and corrections' sent to object: 'Object Repository/FDR-VoucherEntry/DistributionLine/incDecLine'

2020-09-17 23:38:50 - [MESSAGE][PASSED] - Keys 'DOWN + ENTER + ' sent to object: 'Object Repository/FDR-VoucherEntry/DistributionLine/incDecLine'

2020-09-17 23:38:52 - [MESSAGE][INFO] - Unable to find the element located by 'By.xpath: //*[@data-id='button-link']//*[contains(text(),'Create New Voucher')]'. Please recheck the objects properties to make sure the desired element is located. 

2020-09-17 23:38:52 - [MESSAGE][WARNING] - Object 'Object Repository/FDR-Dashboard/createNewVoucherButton' is not present after 1 second(s)

2020-09-17 23:38:53 - [MESSAGE][PASSED] - Object: 'Object Repository/FDR-VoucherEntry/DistributionLine/index' is clicked on

2020-09-17 23:38:53 - [MESSAGE][PASSED] - Keys '1155' sent to object: 'Object Repository/FDR-VoucherEntry/DistributionLine/index'

2020-09-17 23:38:54 - [MESSAGE][PASSED] - Keys 'DOWN + ENTER + ' sent to object: 'Object Repository/FDR-VoucherEntry/DistributionLine/index'

2020-09-17 23:38:54 - [MESSAGE][PASSED] - Object: 'Object Repository/FDR-VoucherEntry/DistributionLine/addSaveButton' is clicked on

2020-09-17 23:38:54 - [TEST_STEP][PASSED] - waitForElementPresent(findTestObject("FDR-Dashboard/createNewVoucherButton"), 4): Object 'Object Repository/FDR-Dashboard/createNewVoucherButton' is not present after 4 second(s)

2020-09-17 23:38:59 - [MESSAGE][INFO] - Unable to find the element located by 'By.xpath: //*[@data-id='button-link']//*[contains(text(),'Create New Voucher')]'. Please recheck the objects properties to make sure the desired element is located. 

2020-09-17 23:38:59 - [MESSAGE][WARNING] - Object 'Object Repository/FDR-Dashboard/createNewVoucherButton' is not present after 4 second(s)

2020-09-17 23:38:59 - [TEST_STEP][PASSED] - Start listener action : sampleAfterTestCase: null

2020-09-17 23:38:59 - [TEST_STEP][PASSED] - profileName = getExecutionProfile(): null

2020-09-17 23:38:59 - [TEST_STEP][PASSED] - switch (profileName): null

2020-09-17 23:38:59 - [TEST_STEP][PASSED] - case "superUser":: null

2020-09-17 23:38:59 - [TEST_STEP][PASSED] - return null: null

2020-09-17 23:38:59 - [TEST_STEP][PASSED] - Start listener action : afterTestCase: null

2020-09-17 23:38:59 - [TEST_STEP][PASSED] - profileName = getExecutionProfile(): null

2020-09-17 23:38:59 - [TEST_STEP][PASSED] - if (profileName.equalsIgnoreCase("SysAdmin")): null

2020-09-17 23:38:59 - [TEST_STEP][PASSED] - Start listener action : sampleAfterTestCase: null

2020-09-17 23:38:59 - [TEST_STEP][PASSED] - profileName = getExecutionProfile(): null

2020-09-17 23:38:59 - [TEST_STEP][PASSED] - switch (profileName): null

2020-09-17 23:38:59 - [TEST_STEP][PASSED] - case "Draw":: null

2020-09-17 23:38:59 - [TEST_STEP][PASSED] - Uifunctions.logoutFDR(): Browser is closed

2020-09-17 23:39:00 - [MESSAGE][PASSED] - Browser is closed

2020-09-17 23:39:00 - [TEST_STEP][PASSED] - break: null

2020-09-17 23:39:00 - [TEST_STEP][PASSED] - Start listener action : addFailedTCToList: null]]></system-out>
         <system-err><![CDATA[]]></system-err>
      </testcase>
      <testcase name="Test Cases/WEB-UI-TESTS/Draw/FDR-Draw-Receipts-Date-Validation" time="76.164" classname="Test Cases/WEB-UI-TESTS/Draw/FDR-Draw-Receipts-Date-Validation" status="PASSED">
         <system-out><![CDATA[2020-09-17 23:39:01 - [TEST_CASE][PASSED] - Test Cases/WEB-UI-TESTS/Draw/FDR-Draw-Receipts-Date-Validation: Test Cases/WEB-UI-TESTS/Draw/FDR-Draw-Receipts-Date-Validation

2020-09-17 23:39:01 - [TEST_STEP][PASSED] - Start listener action : sampleBeforeTestCase: null

2020-09-17 23:39:01 - [TEST_STEP][PASSED] - profileName = getExecutionProfile(): null

2020-09-17 23:39:01 - [TEST_STEP][PASSED] - switch (profileName): null

2020-09-17 23:39:01 - [TEST_STEP][PASSED] - case "superUser":: null

2020-09-17 23:39:01 - [TEST_STEP][PASSED] - return null: null

2020-09-17 23:39:01 - [TEST_STEP][PASSED] - Start listener action : beforeTestCase: null

2020-09-17 23:39:01 - [TEST_STEP][PASSED] - profileName = getExecutionProfile(): null

2020-09-17 23:39:01 - [TEST_STEP][PASSED] - if (profileName.equalsIgnoreCase("SysAdmin")): null

2020-09-17 23:39:01 - [TEST_STEP][PASSED] - Start listener action : sampleBeforeTestCase: Navigate to 'https://fdr-katalon.cammis-mod-dev.dhcs.ca.gov' successfully

2020-09-17 23:39:01 - [TEST_STEP][PASSED] - profileName = getExecutionProfile(): null

2020-09-17 23:39:01 - [TEST_STEP][PASSED] - testCaseId = testCaseContext.getTestCaseId(): null

2020-09-17 23:39:01 - [TEST_STEP][PASSED] - switch (profileName): null

2020-09-17 23:39:01 - [TEST_STEP][PASSED] - case "Draw":: null

2020-09-17 23:39:01 - [TEST_STEP][PASSED] - if (account6TestCases.contains(testCaseId)): null

2020-09-17 23:39:01 - [TEST_STEP][PASSED] - else if (account2TestCases.contains(testCaseId)): null

2020-09-17 23:39:01 - [TEST_STEP][PASSED] - else if (account4TestCases.contains(testCaseId)): Object: 'Object Repository/FDR-SignIn/SignInButton' is clicked on

2020-09-17 23:39:01 - [TEST_STEP][PASSED] - Uifunctions.loginFDR(cashierApprover, cashierPwd): Object: 'Object Repository/FDR-SignIn/SignInButton' is clicked on

2020-09-17 23:39:01 - [MESSAGE][INFO] - Starting 'Chrome' driver

2020-09-17 23:39:01 - [MESSAGE][INFO] - Action delay is set to 0 milliseconds

2020-09-17 23:39:04 - [MESSAGE][PASSED] - Browser is opened with url: ''

2020-09-17 23:39:06 - [MESSAGE][PASSED] - Current window maximized

2020-09-17 23:39:07 - [MESSAGE][PASSED] - Navigate to 'https://fdr-katalon.cammis-mod-dev.dhcs.ca.gov' successfully

2020-09-17 23:39:08 - [MESSAGE][PASSED] - Object 'Object Repository/FDR-SignIn/SignInEmail' is present

2020-09-17 23:39:09 - [MESSAGE][PASSED] - Object: 'Object Repository/FDR-SignIn/SignInEmail' is clicked on

2020-09-17 23:39:09 - [MESSAGE][PASSED] - Object 'Object Repository/FDR-SignIn/SignInEmail' is present

2020-09-17 23:39:10 - [MESSAGE][PASSED] - Text 'fdr.test4@dhcs.ca.gov' is set on object 'Object Repository/FDR-SignIn/SignInEmail'

2020-09-17 23:39:10 - [MESSAGE][PASSED] - Object 'Object Repository/FDR-SignIn/SignInEmailNext' is visible

2020-09-17 23:39:10 - [MESSAGE][PASSED] - Object: 'Object Repository/FDR-SignIn/SignInEmailNext' is clicked on

2020-09-17 23:39:13 - [MESSAGE][PASSED] - Object 'Object Repository/FDR-SignIn/SignInEmailPassword' is visible

2020-09-17 23:39:14 - [MESSAGE][PASSED] - Object: 'Object Repository/FDR-SignIn/SignInEmailPassword' is clicked on

2020-09-17 23:39:14 - [MESSAGE][PASSED] - Text ****** has been set on object 'Object Repository/FDR-SignIn/SignInEmailPassword'

2020-09-17 23:39:16 - [MESSAGE][PASSED] - Object: 'Object Repository/FDR-SignIn/SignInButton' is clicked on

2020-09-17 23:39:16 - [TEST_STEP][PASSED] - break: null

2020-09-17 23:39:16 - [TEST_STEP][PASSED] - navigateToUrl(URL): Navigate to 'https://fdr-katalon.cammis-mod-dev.dhcs.ca.gov' successfully

2020-09-17 23:39:16 - [MESSAGE][PASSED] - Navigate to 'https://fdr-katalon.cammis-mod-dev.dhcs.ca.gov' successfully

2020-09-17 23:39:16 - [TEST_STEP][PASSED] - Start listener action : executeRows: null

2020-09-17 23:39:16 - [TEST_STEP][PASSED] - waitForElementPresent(findTestObject("FDR-Dashboard/createNewVoucherButton"), 3): Object 'Object Repository/FDR-Dashboard/createNewVoucherButton' is not present after 3 second(s)

2020-09-17 23:39:20 - [MESSAGE][INFO] - Unable to find the element located by 'By.xpath: //*[@data-id='button-link']//*[contains(text(),'Create New Voucher')]'. Please recheck the objects properties to make sure the desired element is located. 

2020-09-17 23:39:20 - [MESSAGE][WARNING] - Object 'Object Repository/FDR-Dashboard/createNewVoucherButton' is not present after 3 second(s)

2020-09-17 23:39:20 - [TEST_STEP][PASSED] - newDepositId = RandomStringUtils.randomNumeric(7): null

2020-09-17 23:39:20 - [TEST_STEP][PASSED] - editors.createReceipt(Drawdate, Paydate, newDepositId, Receiptnotes, Remittance, Controller): Object: 'Object Repository/FDR-Receipt/FDR-Receipt-Header/View/buttonNext' is clicked on

2020-09-17 23:39:26 - [MESSAGE][INFO] - Unable to find the element located by 'By.xpath: //*[@data-id='button-link']//*[contains(text(),'Create New Voucher')]'. Please recheck the objects properties to make sure the desired element is located. 

2020-09-17 23:39:26 - [MESSAGE][WARNING] - Object 'Object Repository/FDR-Dashboard/createNewVoucherButton' is not present after 4 second(s)

2020-09-17 23:39:26 - [MESSAGE][PASSED] - Object 'Object Repository/FDR-Receipt/FDR-Receipt-Dashboard/createNew_ReceiptBatch_Button' is present

2020-09-17 23:39:26 - [MESSAGE][PASSED] - Object: 'Object Repository/FDR-Receipt/FDR-Receipt-Dashboard/createNew_ReceiptBatch_Button' is clicked on

2020-09-17 23:39:27 - [MESSAGE][PASSED] - Object 'Object Repository/FDR-Receipt/FDR-Receipt-Header/View/inputDrawDate' is present

2020-09-17 23:39:28 - [MESSAGE][PASSED] - Text '09/28/2020' is set on object 'Object Repository/FDR-Receipt/FDR-Receipt-Header/View/inputDrawDate'

2020-09-17 23:39:29 - [MESSAGE][PASSED] - Keys 'TAB + ENTER + ENTER + ' sent to object: 'Object Repository/FDR-Receipt/FDR-Receipt-Header/View/inputDrawDate'

2020-09-17 23:39:29 - [MESSAGE][PASSED] - Object 'Object Repository/FDR-Receipt/FDR-Receipt-Header/Edit/payDate' is present

2020-09-17 23:39:30 - [MESSAGE][PASSED] - Text '09/30/2020' is set on object 'Object Repository/FDR-Receipt/FDR-Receipt-Header/Edit/payDate'

2020-09-17 23:39:31 - [MESSAGE][PASSED] - Object 'Object Repository/FDR-Receipt/FDR-Receipt-Header/View/deposit ID' is present

2020-09-17 23:39:31 - [MESSAGE][PASSED] - Text '6308059' is set on object 'Object Repository/FDR-Receipt/FDR-Receipt-Header/View/deposit ID'

2020-09-17 23:39:32 - [MESSAGE][PASSED] - Object 'Object Repository/FDR-Receipt/FDR-ReceiptBatch/receiptNotes' is present

2020-09-17 23:39:33 - [MESSAGE][PASSED] - Text 'rqewrq' is set on object 'Object Repository/FDR-Receipt/FDR-ReceiptBatch/receiptNotes'

2020-09-17 23:39:33 - [MESSAGE][PASSED] - Object 'Object Repository/FDR-Receipt/FDR-Receipt-Header/Edit/remmitanceAdviceInput' is present

2020-09-17 23:39:34 - [MESSAGE][PASSED] - Keys '1234' sent to object: 'Object Repository/FDR-Receipt/FDR-Receipt-Header/Edit/remmitanceAdviceInput'

2020-09-17 23:39:34 - [MESSAGE][PASSED] - Object 'Object Repository/FDR-Receipt/FDR-Receipt-Header/Edit/controllerReceiptInput' is present

2020-09-17 23:39:34 - [MESSAGE][PASSED] - Keys '4567' sent to object: 'Object Repository/FDR-Receipt/FDR-Receipt-Header/Edit/controllerReceiptInput'

2020-09-17 23:39:35 - [MESSAGE][PASSED] - Object 'Object Repository/FDR-Receipt/FDR-Receipt-Header/View/buttonNext' is present

2020-09-17 23:39:35 - [MESSAGE][PASSED] - Object: 'Object Repository/FDR-Receipt/FDR-Receipt-Header/View/buttonNext' is clicked on

2020-09-17 23:39:35 - [TEST_STEP][PASSED] - editors.createReceiptline(ReceiptID, SupplierID, DepositDate): Object: 'Object Repository/FDR-Receipt/FDR-Receipt-Checkline/View/addReceipt_Button2' is clicked on

2020-09-17 23:39:36 - [MESSAGE][PASSED] - Object 'Object Repository/FDR-Receipt/FDR-Receipt-Checkline/View/receipt_ID' is present

2020-09-17 23:39:37 - [MESSAGE][PASSED] - Keys 'CHK10322' sent to object: 'Object Repository/FDR-Receipt/FDR-Receipt-Checkline/View/receipt_ID'

2020-09-17 23:39:37 - [MESSAGE][PASSED] - Object 'Object Repository/FDR-Receipt/FDR-Receipt-Checkline/View/supplier_Id' is present

2020-09-17 23:39:37 - [MESSAGE][PASSED] - Object: 'Object Repository/FDR-Receipt/FDR-Receipt-Checkline/View/supplier_Id' is clicked on

2020-09-17 23:39:38 - [MESSAGE][PASSED] - Keys '0000007954' sent to object: 'Object Repository/FDR-Receipt/FDR-Receipt-Checkline/View/supplier_Id'

2020-09-17 23:39:38 - [MESSAGE][PASSED] - Keys 'DOWN + ENTER + ' sent to object: 'Object Repository/FDR-Receipt/FDR-Receipt-Checkline/View/supplier_Id'

2020-09-17 23:39:39 - [MESSAGE][PASSED] - Object 'Object Repository/FDR-Receipt/FDR-Receipt-Checkline/View/deposit_Date' is present

2020-09-17 23:39:39 - [MESSAGE][PASSED] - Keys '02/24/2020' sent to object: 'Object Repository/FDR-Receipt/FDR-Receipt-Checkline/View/deposit_Date'

2020-09-17 23:39:44 - [MESSAGE][INFO] - Unable to find the element located by 'By.xpath: //*[@data-id='button-link']//*[contains(text(),'Create New Voucher')]'. Please recheck the objects properties to make sure the desired element is located. 

2020-09-17 23:39:44 - [MESSAGE][WARNING] - Object 'Object Repository/FDR-Dashboard/createNewVoucherButton' is not present after 4 second(s)

2020-09-17 23:39:45 - [MESSAGE][PASSED] - Object 'Object Repository/FDR-Receipt/FDR-Receipt-Checkline/View/addReceipt_Button2' is present

2020-09-17 23:39:45 - [MESSAGE][PASSED] - Object: 'Object Repository/FDR-Receipt/FDR-Receipt-Checkline/View/addReceipt_Button2' is clicked on

2020-09-17 23:39:45 - [TEST_STEP][PASSED] - d = Date().plus(1): null

2020-09-17 23:39:45 - [TEST_STEP][PASSED] - dd = Date().plus(2): null

2020-09-17 23:39:45 - [TEST_STEP][PASSED] - servicedatefrom = d.format("MM/dd/yyyy"): null

2020-09-17 23:39:45 - [TEST_STEP][PASSED] - servicedateto = dd.format("MM/dd/yyyy"): null

2020-09-17 23:39:45 - [TEST_STEP][PASSED] - originalwarrantdate = dd.format("MM/dd/yyyy"): null

2020-09-17 23:39:45 - [TEST_STEP][PASSED] - verifyElementClickable(findTestObject("FDR-Receipt/FDR-Receipt-DistributionLine/FDR-AddEdit-DistributionLine/arrow_Down_Receipts"), STOP_ON_FAILURE): Object 'Object Repository/FDR-Receipt/FDR-Receipt-DistributionLine/FDR-AddEdit-DistributionLine/arrow_Down_Receipts' is clickable

2020-09-17 23:39:46 - [MESSAGE][PASSED] - Object 'Object Repository/FDR-Receipt/FDR-Receipt-DistributionLine/FDR-AddEdit-DistributionLine/arrow_Down_Receipts' is clickable

2020-09-17 23:39:46 - [TEST_STEP][PASSED] - click(findTestObject("FDR-Receipt/FDR-Receipt-DistributionLine/FDR-AddEdit-DistributionLine/arrow_Down_Receipts"), STOP_ON_FAILURE): Object: 'Object Repository/FDR-Receipt/FDR-Receipt-DistributionLine/FDR-AddEdit-DistributionLine/arrow_Down_Receipts' is clicked on

2020-09-17 23:39:46 - [MESSAGE][PASSED] - Object: 'Object Repository/FDR-Receipt/FDR-Receipt-DistributionLine/FDR-AddEdit-DistributionLine/arrow_Down_Receipts' is clicked on

2020-09-17 23:39:46 - [TEST_STEP][PASSED] - waitForElementPresent(findTestObject("FDR-Receipt/FDR-Receipt-Checkline/View/deposit_Control_Amount"), 10): Object 'Object Repository/FDR-Receipt/FDR-Receipt-Checkline/View/deposit_Control_Amount' is present

2020-09-17 23:39:47 - [MESSAGE][PASSED] - Object 'Object Repository/FDR-Receipt/FDR-Receipt-Checkline/View/deposit_Control_Amount' is present

2020-09-17 23:39:47 - [TEST_STEP][PASSED] - Receipttotalbefaddwith$ = getText(findTestObject("FDR-Receipt/FDR-Receipt-Checkline/View/deposit_Control_Amount")): Text of object 'Object Repository/FDR-Receipt/FDR-Receipt-Checkline/View/deposit_Control_Amount' is: '$0.00'

2020-09-17 23:39:47 - [MESSAGE][PASSED] - Text of object 'Object Repository/FDR-Receipt/FDR-Receipt-Checkline/View/deposit_Control_Amount' is: '$0.00'

2020-09-17 23:39:47 - [TEST_STEP][PASSED] - Receipttotalbefaddwithout$ = Receipttotalbefaddwith$.substring(1): null

2020-09-17 23:39:47 - [TEST_STEP][PASSED] - ReceipttotalbefaddwithoutComma = Receipttotalbefaddwithout$.replaceAll(",", ""): null

2020-09-17 23:39:47 - [TEST_STEP][PASSED] - Receipttotalbefreceiptlineadd = Float.parseFloat(ReceipttotalbefaddwithoutComma): null

2020-09-17 23:39:47 - [TEST_STEP][PASSED] - waitForElementPresent(findTestObject("FDR-Receipt/FDR-Receipt-DistributionLine/FDR-AddEdit-DistributionLine/button_Add-Invoiceline"), 10): Object 'Object Repository/FDR-Receipt/FDR-Receipt-DistributionLine/FDR-AddEdit-DistributionLine/button_Add-Invoiceline' is present

2020-09-17 23:39:47 - [MESSAGE][PASSED] - Object 'Object Repository/FDR-Receipt/FDR-Receipt-DistributionLine/FDR-AddEdit-DistributionLine/button_Add-Invoiceline' is present

2020-09-17 23:39:47 - [TEST_STEP][PASSED] - scrollToElement(findTestObject("FDR-Receipt/FDR-Receipt-DistributionLine/FDR-AddEdit-DistributionLine/button_Add-Invoiceline"), 3): Scroll to object 'Object Repository/FDR-Receipt/FDR-Receipt-DistributionLine/FDR-AddEdit-DistributionLine/button_Add-Invoiceline' successfully

2020-09-17 23:39:48 - [MESSAGE][PASSED] - Scroll to object 'Object Repository/FDR-Receipt/FDR-Receipt-DistributionLine/FDR-AddEdit-DistributionLine/button_Add-Invoiceline' successfully

2020-09-17 23:39:48 - [TEST_STEP][PASSED] - verifyElementClickable(findTestObject("FDR-Receipt/FDR-Receipt-DistributionLine/FDR-AddEdit-DistributionLine/button_Add-Invoiceline"), STOP_ON_FAILURE): Object 'Object Repository/FDR-Receipt/FDR-Receipt-DistributionLine/FDR-AddEdit-DistributionLine/button_Add-Invoiceline' is clickable

2020-09-17 23:39:48 - [MESSAGE][PASSED] - Object 'Object Repository/FDR-Receipt/FDR-Receipt-DistributionLine/FDR-AddEdit-DistributionLine/button_Add-Invoiceline' is clickable

2020-09-17 23:39:48 - [TEST_STEP][PASSED] - click(findTestObject("FDR-Receipt/FDR-Receipt-DistributionLine/FDR-AddEdit-DistributionLine/button_Add-Invoiceline"), STOP_ON_FAILURE): Object: 'Object Repository/FDR-Receipt/FDR-Receipt-DistributionLine/FDR-AddEdit-DistributionLine/button_Add-Invoiceline' is clicked on

2020-09-17 23:39:48 - [MESSAGE][PASSED] - Object: 'Object Repository/FDR-Receipt/FDR-Receipt-DistributionLine/FDR-AddEdit-DistributionLine/button_Add-Invoiceline' is clicked on

2020-09-17 23:39:48 - [TEST_STEP][PASSED] - waitForElementPresent(findTestObject("FDR-Receipt/FDR-Receipt-DistributionLine/FDR-AddEdit-DistributionLine/invoice_Searchfield"), 10): Object 'Object Repository/FDR-Receipt/FDR-Receipt-DistributionLine/FDR-AddEdit-DistributionLine/invoice_Searchfield' is present

2020-09-17 23:39:49 - [MESSAGE][PASSED] - Object 'Object Repository/FDR-Receipt/FDR-Receipt-DistributionLine/FDR-AddEdit-DistributionLine/invoice_Searchfield' is present

2020-09-17 23:39:49 - [TEST_STEP][PASSED] - sendKeys(findTestObject("FDR-Receipt/FDR-Receipt-DistributionLine/FDR-AddEdit-DistributionLine/invoice_Searchfield"), searchfield): Keys '524342' sent to object: 'Object Repository/FDR-Receipt/FDR-Receipt-DistributionLine/FDR-AddEdit-DistributionLine/invoice_Searchfield'

2020-09-17 23:39:50 - [MESSAGE][PASSED] - Keys '524342' sent to object: 'Object Repository/FDR-Receipt/FDR-Receipt-DistributionLine/FDR-AddEdit-DistributionLine/invoice_Searchfield'

2020-09-17 23:39:50 - [TEST_STEP][PASSED] - click(findTestObject("FDR-Receipt/FDR-Receipt-DistributionLine/FDR-AddEdit-DistributionLine/button_Add_invoicemanually")): Object: 'Object Repository/FDR-Receipt/FDR-Receipt-DistributionLine/FDR-AddEdit-DistributionLine/button_Add_invoicemanually' is clicked on

2020-09-17 23:39:51 - [MESSAGE][PASSED] - Object: 'Object Repository/FDR-Receipt/FDR-Receipt-DistributionLine/FDR-AddEdit-DistributionLine/button_Add_invoicemanually' is clicked on

2020-09-17 23:39:51 - [TEST_STEP][PASSED] - waitForElementPresent(findTestObject("FDR-Receipt/FDR-Receipt-DistributionLine/FDR-AddEdit-DistributionLine/input_Service date (from)"), 10): Object 'Object Repository/FDR-Receipt/FDR-Receipt-DistributionLine/FDR-AddEdit-DistributionLine/input_Service date (from)' is present

2020-09-17 23:39:51 - [MESSAGE][PASSED] - Object 'Object Repository/FDR-Receipt/FDR-Receipt-DistributionLine/FDR-AddEdit-DistributionLine/input_Service date (from)' is present

2020-09-17 23:39:51 - [TEST_STEP][PASSED] - sendKeys(findTestObject("FDR-Receipt/FDR-Receipt-DistributionLine/FDR-AddEdit-DistributionLine/input_Service date (from)"), servicedatefrom): Keys '09/18/2020' sent to object: 'Object Repository/FDR-Receipt/FDR-Receipt-DistributionLine/FDR-AddEdit-DistributionLine/input_Service date (from)'

2020-09-17 23:39:52 - [MESSAGE][PASSED] - Keys '09/18/2020' sent to object: 'Object Repository/FDR-Receipt/FDR-Receipt-DistributionLine/FDR-AddEdit-DistributionLine/input_Service date (from)'

2020-09-17 23:39:52 - [TEST_STEP][PASSED] - waitForElementPresent(findTestObject("FDR-Receipt/FDR-Receipt-DistributionLine/FDR-AddEdit-DistributionLine/input_Service date (to)"), 10): Object 'Object Repository/FDR-Receipt/FDR-Receipt-DistributionLine/FDR-AddEdit-DistributionLine/input_Service date (to)' is present

2020-09-17 23:39:52 - [MESSAGE][PASSED] - Object 'Object Repository/FDR-Receipt/FDR-Receipt-DistributionLine/FDR-AddEdit-DistributionLine/input_Service date (to)' is present

2020-09-17 23:39:52 - [TEST_STEP][PASSED] - sendKeys(findTestObject("FDR-Receipt/FDR-Receipt-DistributionLine/FDR-AddEdit-DistributionLine/input_Service date (to)"), servicedateto): Keys '09/19/2020' sent to object: 'Object Repository/FDR-Receipt/FDR-Receipt-DistributionLine/FDR-AddEdit-DistributionLine/input_Service date (to)'

2020-09-17 23:39:53 - [MESSAGE][PASSED] - Keys '09/19/2020' sent to object: 'Object Repository/FDR-Receipt/FDR-Receipt-DistributionLine/FDR-AddEdit-DistributionLine/input_Service date (to)'

2020-09-17 23:39:53 - [TEST_STEP][PASSED] - waitForElementPresent(findTestObject("FDR-Receipt/FDR-Receipt-DistributionLine/FDR-AddEdit-DistributionLine/input_OrginalWarrantDate"), 10): Object 'Object Repository/FDR-Receipt/FDR-Receipt-DistributionLine/FDR-AddEdit-DistributionLine/input_OrginalWarrantDate' is present

2020-09-17 23:39:53 - [MESSAGE][PASSED] - Object 'Object Repository/FDR-Receipt/FDR-Receipt-DistributionLine/FDR-AddEdit-DistributionLine/input_OrginalWarrantDate' is present

2020-09-17 23:39:53 - [TEST_STEP][PASSED] - sendKeys(findTestObject("FDR-Receipt/FDR-Receipt-DistributionLine/FDR-AddEdit-DistributionLine/input_OrginalWarrantDate"), originalwarrantdate): Keys '09/19/2020' sent to object: 'Object Repository/FDR-Receipt/FDR-Receipt-DistributionLine/FDR-AddEdit-DistributionLine/input_OrginalWarrantDate'

2020-09-17 23:39:54 - [MESSAGE][PASSED] - Keys '09/19/2020' sent to object: 'Object Repository/FDR-Receipt/FDR-Receipt-DistributionLine/FDR-AddEdit-DistributionLine/input_OrginalWarrantDate'

2020-09-17 23:39:54 - [TEST_STEP][PASSED] - waitForElementPresent(findTestObject("FDR-Receipt/FDR-Receipt-DistributionLine/FDR-AddEdit-DistributionLine/input_Amount"), 10): Object 'Object Repository/FDR-Receipt/FDR-Receipt-DistributionLine/FDR-AddEdit-DistributionLine/input_Amount' is present

2020-09-17 23:39:54 - [MESSAGE][PASSED] - Object 'Object Repository/FDR-Receipt/FDR-Receipt-DistributionLine/FDR-AddEdit-DistributionLine/input_Amount' is present

2020-09-17 23:39:54 - [TEST_STEP][PASSED] - sendKeys(findTestObject("FDR-Receipt/FDR-Receipt-DistributionLine/FDR-AddEdit-DistributionLine/input_Amount"), Amount): Keys '3000' sent to object: 'Object Repository/FDR-Receipt/FDR-Receipt-DistributionLine/FDR-AddEdit-DistributionLine/input_Amount'

2020-09-17 23:39:54 - [MESSAGE][PASSED] - Keys '3000' sent to object: 'Object Repository/FDR-Receipt/FDR-Receipt-DistributionLine/FDR-AddEdit-DistributionLine/input_Amount'

2020-09-17 23:39:54 - [TEST_STEP][PASSED] - waitForElementPresent(findTestObject("FDR-Receipt/FDR-Receipt-DistributionLine/FDR-AddEdit-DistributionLine/waiver_Type"), 10): Object 'Object Repository/FDR-Receipt/FDR-Receipt-DistributionLine/FDR-AddEdit-DistributionLine/waiver_Type' is present

2020-09-17 23:39:55 - [MESSAGE][PASSED] - Object 'Object Repository/FDR-Receipt/FDR-Receipt-DistributionLine/FDR-AddEdit-DistributionLine/waiver_Type' is present

2020-09-17 23:39:55 - [TEST_STEP][PASSED] - waitForElementPresent(findTestObject("FDR-Receipt/FDR-Receipt-DistributionLine/FDR-AddEdit-DistributionLine/waiver_Type"), 8): Object 'Object Repository/FDR-Receipt/FDR-Receipt-DistributionLine/FDR-AddEdit-DistributionLine/waiver_Type' is present

2020-09-17 23:39:55 - [MESSAGE][PASSED] - Object 'Object Repository/FDR-Receipt/FDR-Receipt-DistributionLine/FDR-AddEdit-DistributionLine/waiver_Type' is present

2020-09-17 23:39:55 - [TEST_STEP][PASSED] - sendKeys(findTestObject("FDR-Receipt/FDR-Receipt-DistributionLine/FDR-AddEdit-DistributionLine/waiver_Type"), Waivertype): Keys '2020' sent to object: 'Object Repository/FDR-Receipt/FDR-Receipt-DistributionLine/FDR-AddEdit-DistributionLine/waiver_Type'

2020-09-17 23:39:55 - [MESSAGE][PASSED] - Keys '2020' sent to object: 'Object Repository/FDR-Receipt/FDR-Receipt-DistributionLine/FDR-AddEdit-DistributionLine/waiver_Type'

2020-09-17 23:39:55 - [TEST_STEP][PASSED] - sendKeys(findTestObject("FDR-Receipt/FDR-Receipt-DistributionLine/FDR-AddEdit-DistributionLine/waiver_Type"), Keys.chord(DOWN, ENTER)): Keys 'DOWN + ENTER + ' sent to object: 'Object Repository/FDR-Receipt/FDR-Receipt-DistributionLine/FDR-AddEdit-DistributionLine/waiver_Type'

2020-09-17 23:39:56 - [MESSAGE][PASSED] - Keys 'DOWN + ENTER + ' sent to object: 'Object Repository/FDR-Receipt/FDR-Receipt-DistributionLine/FDR-AddEdit-DistributionLine/waiver_Type'

2020-09-17 23:39:56 - [TEST_STEP][PASSED] - waitForElementPresent(findTestObject("FDR-Receipt/FDR-Receipt-DistributionLine/FDR-AddEdit-DistributionLine/waiver_Name"), 6): Object 'Object Repository/FDR-Receipt/FDR-Receipt-DistributionLine/FDR-AddEdit-DistributionLine/waiver_Name' is present

2020-09-17 23:39:56 - [MESSAGE][PASSED] - Object 'Object Repository/FDR-Receipt/FDR-Receipt-DistributionLine/FDR-AddEdit-DistributionLine/waiver_Name' is present

2020-09-17 23:39:56 - [TEST_STEP][PASSED] - sendKeys(findTestObject("FDR-Receipt/FDR-Receipt-DistributionLine/FDR-AddEdit-DistributionLine/waiver_Name"), Waivername): Keys 'A-FamilyU TPM/GMC' sent to object: 'Object Repository/FDR-Receipt/FDR-Receipt-DistributionLine/FDR-AddEdit-DistributionLine/waiver_Name'

2020-09-17 23:39:57 - [MESSAGE][PASSED] - Keys 'A-FamilyU TPM/GMC' sent to object: 'Object Repository/FDR-Receipt/FDR-Receipt-DistributionLine/FDR-AddEdit-DistributionLine/waiver_Name'

2020-09-17 23:39:57 - [TEST_STEP][PASSED] - sendKeys(findTestObject("FDR-Receipt/FDR-Receipt-DistributionLine/FDR-AddEdit-DistributionLine/waiver_Name"), Keys.chord(DOWN, ENTER)): Keys 'DOWN + ENTER + ' sent to object: 'Object Repository/FDR-Receipt/FDR-Receipt-DistributionLine/FDR-AddEdit-DistributionLine/waiver_Name'

2020-09-17 23:39:57 - [MESSAGE][PASSED] - Keys 'DOWN + ENTER + ' sent to object: 'Object Repository/FDR-Receipt/FDR-Receipt-DistributionLine/FDR-AddEdit-DistributionLine/waiver_Name'

2020-09-17 23:39:57 - [TEST_STEP][PASSED] - waitForElementPresent(findTestObject("FDR-Receipt/FDR-Receipt-DistributionLine/FDR-AddEdit-DistributionLine/funding_Source"), 6): Object 'Object Repository/FDR-Receipt/FDR-Receipt-DistributionLine/FDR-AddEdit-DistributionLine/funding_Source' is present

2020-09-17 23:39:58 - [MESSAGE][PASSED] - Object 'Object Repository/FDR-Receipt/FDR-Receipt-DistributionLine/FDR-AddEdit-DistributionLine/funding_Source' is present

2020-09-17 23:39:58 - [TEST_STEP][PASSED] - sendKeys(findTestObject("FDR-Receipt/FDR-Receipt-DistributionLine/FDR-AddEdit-DistributionLine/funding_Source"), Fundingsource): Keys 'Dental' sent to object: 'Object Repository/FDR-Receipt/FDR-Receipt-DistributionLine/FDR-AddEdit-DistributionLine/funding_Source'

2020-09-17 23:39:58 - [MESSAGE][PASSED] - Keys 'Dental' sent to object: 'Object Repository/FDR-Receipt/FDR-Receipt-DistributionLine/FDR-AddEdit-DistributionLine/funding_Source'

2020-09-17 23:39:58 - [TEST_STEP][PASSED] - sendKeys(findTestObject("FDR-Receipt/FDR-Receipt-DistributionLine/FDR-AddEdit-DistributionLine/funding_Source"), Keys.chord(DOWN, ENTER)): Keys 'DOWN + ENTER + ' sent to object: 'Object Repository/FDR-Receipt/FDR-Receipt-DistributionLine/FDR-AddEdit-DistributionLine/funding_Source'

2020-09-17 23:39:59 - [MESSAGE][PASSED] - Keys 'DOWN + ENTER + ' sent to object: 'Object Repository/FDR-Receipt/FDR-Receipt-DistributionLine/FDR-AddEdit-DistributionLine/funding_Source'

2020-09-17 23:39:59 - [TEST_STEP][PASSED] - waitForElementPresent(findTestObject("FDR-Receipt/FDR-Receipt-DistributionLine/FDR-AddEdit-DistributionLine/fund_Code"), 30): Object 'Object Repository/FDR-Receipt/FDR-Receipt-DistributionLine/FDR-AddEdit-DistributionLine/fund_Code' is present

2020-09-17 23:39:59 - [MESSAGE][PASSED] - Object 'Object Repository/FDR-Receipt/FDR-Receipt-DistributionLine/FDR-AddEdit-DistributionLine/fund_Code' is present

2020-09-17 23:39:59 - [TEST_STEP][PASSED] - sendKeys(findTestObject("FDR-Receipt/FDR-Receipt-DistributionLine/FDR-AddEdit-DistributionLine/fund_Code"), Fundcode): Keys 'Health Care Deposit Fund (0912)' sent to object: 'Object Repository/FDR-Receipt/FDR-Receipt-DistributionLine/FDR-AddEdit-DistributionLine/fund_Code'

2020-09-17 23:40:00 - [MESSAGE][PASSED] - Keys 'Health Care Deposit Fund (0912)' sent to object: 'Object Repository/FDR-Receipt/FDR-Receipt-DistributionLine/FDR-AddEdit-DistributionLine/fund_Code'

2020-09-17 23:40:00 - [TEST_STEP][PASSED] - sendKeys(findTestObject("FDR-Receipt/FDR-Receipt-DistributionLine/FDR-AddEdit-DistributionLine/fund_Code"), Keys.chord(DOWN, ENTER)): Keys 'DOWN + ENTER + ' sent to object: 'Object Repository/FDR-Receipt/FDR-Receipt-DistributionLine/FDR-AddEdit-DistributionLine/fund_Code'

2020-09-17 23:40:00 - [MESSAGE][PASSED] - Keys 'DOWN + ENTER + ' sent to object: 'Object Repository/FDR-Receipt/FDR-Receipt-DistributionLine/FDR-AddEdit-DistributionLine/fund_Code'

2020-09-17 23:40:00 - [TEST_STEP][PASSED] - waitForElementPresent(findTestObject("FDR-Receipt/FDR-Receipt-DistributionLine/FDR-AddEdit-DistributionLine/fund_Ratio"), 10): Object 'Object Repository/FDR-Receipt/FDR-Receipt-DistributionLine/FDR-AddEdit-DistributionLine/fund_Ratio' is present

2020-09-17 23:40:01 - [MESSAGE][PASSED] - Object 'Object Repository/FDR-Receipt/FDR-Receipt-DistributionLine/FDR-AddEdit-DistributionLine/fund_Ratio' is present

2020-09-17 23:40:01 - [TEST_STEP][PASSED] - sendKeys(findTestObject("FDR-Receipt/FDR-Receipt-DistributionLine/FDR-AddEdit-DistributionLine/fund_Ratio"), Fundratio): Keys '5' sent to object: 'Object Repository/FDR-Receipt/FDR-Receipt-DistributionLine/FDR-AddEdit-DistributionLine/fund_Ratio'

2020-09-17 23:40:01 - [MESSAGE][PASSED] - Keys '5' sent to object: 'Object Repository/FDR-Receipt/FDR-Receipt-DistributionLine/FDR-AddEdit-DistributionLine/fund_Ratio'

2020-09-17 23:40:01 - [TEST_STEP][PASSED] - sendKeys(findTestObject("FDR-Receipt/FDR-Receipt-DistributionLine/FDR-AddEdit-DistributionLine/fund_Ratio"), Keys.chord(DOWN, ENTER)): Keys 'DOWN + ENTER + ' sent to object: 'Object Repository/FDR-Receipt/FDR-Receipt-DistributionLine/FDR-AddEdit-DistributionLine/fund_Ratio'

2020-09-17 23:40:02 - [MESSAGE][PASSED] - Keys 'DOWN + ENTER + ' sent to object: 'Object Repository/FDR-Receipt/FDR-Receipt-DistributionLine/FDR-AddEdit-DistributionLine/fund_Ratio'

2020-09-17 23:40:02 - [TEST_STEP][PASSED] - waitForElementPresent(findTestObject("FDR-Receipt/FDR-Receipt-DistributionLine/FDR-AddEdit-DistributionLine/non_Federalfund"), 10): Object 'Object Repository/FDR-Receipt/FDR-Receipt-DistributionLine/FDR-AddEdit-DistributionLine/non_Federalfund' is present

2020-09-17 23:40:02 - [MESSAGE][PASSED] - Object 'Object Repository/FDR-Receipt/FDR-Receipt-DistributionLine/FDR-AddEdit-DistributionLine/non_Federalfund' is present

2020-09-17 23:40:02 - [TEST_STEP][PASSED] - click(findTestObject("FDR-Receipt/FDR-Receipt-DistributionLine/FDR-AddEdit-DistributionLine/non_Federalfund")): Object: 'Object Repository/FDR-Receipt/FDR-Receipt-DistributionLine/FDR-AddEdit-DistributionLine/non_Federalfund' is clicked on

2020-09-17 23:40:02 - [MESSAGE][PASSED] - Object: 'Object Repository/FDR-Receipt/FDR-Receipt-DistributionLine/FDR-AddEdit-DistributionLine/non_Federalfund' is clicked on

2020-09-17 23:40:02 - [TEST_STEP][PASSED] - sendKeys(findTestObject("FDR-Receipt/FDR-Receipt-DistributionLine/FDR-AddEdit-DistributionLine/non_Federalfund"), Nonfederalfund): Keys '0001' sent to object: 'Object Repository/FDR-Receipt/FDR-Receipt-DistributionLine/FDR-AddEdit-DistributionLine/non_Federalfund'

2020-09-17 23:40:03 - [MESSAGE][PASSED] - Keys '0001' sent to object: 'Object Repository/FDR-Receipt/FDR-Receipt-DistributionLine/FDR-AddEdit-DistributionLine/non_Federalfund'

2020-09-17 23:40:03 - [TEST_STEP][PASSED] - sendKeys(findTestObject("FDR-Receipt/FDR-Receipt-DistributionLine/FDR-AddEdit-DistributionLine/non_Federalfund"), Keys.chord(DOWN, ENTER)): Keys 'DOWN + ENTER + ' sent to object: 'Object Repository/FDR-Receipt/FDR-Receipt-DistributionLine/FDR-AddEdit-DistributionLine/non_Federalfund'

2020-09-17 23:40:03 - [MESSAGE][PASSED] - Keys 'DOWN + ENTER + ' sent to object: 'Object Repository/FDR-Receipt/FDR-Receipt-DistributionLine/FDR-AddEdit-DistributionLine/non_Federalfund'

2020-09-17 23:40:03 - [TEST_STEP][PASSED] - waitForElementPresent(findTestObject("FDR-Receipt/FDR-Receipt-DistributionLine/FDR-AddEdit-DistributionLine/input_Service location_serviceLocation"), 10): Object 'Object Repository/FDR-Receipt/FDR-Receipt-DistributionLine/FDR-AddEdit-DistributionLine/input_Service location_serviceLocation' is present

2020-09-17 23:40:04 - [MESSAGE][PASSED] - Object 'Object Repository/FDR-Receipt/FDR-Receipt-DistributionLine/FDR-AddEdit-DistributionLine/input_Service location_serviceLocation' is present

2020-09-17 23:40:04 - [TEST_STEP][PASSED] - sendKeys(findTestObject("FDR-Receipt/FDR-Receipt-DistributionLine/FDR-AddEdit-DistributionLine/input_Service location_serviceLocation"), Servicelocation): Keys '3445' sent to object: 'Object Repository/FDR-Receipt/FDR-Receipt-DistributionLine/FDR-AddEdit-DistributionLine/input_Service location_serviceLocation'

2020-09-17 23:40:04 - [MESSAGE][PASSED] - Keys '3445' sent to object: 'Object Repository/FDR-Receipt/FDR-Receipt-DistributionLine/FDR-AddEdit-DistributionLine/input_Service location_serviceLocation'

2020-09-17 23:40:04 - [TEST_STEP][PASSED] - sendKeys(findTestObject("FDR-Receipt/FDR-Receipt-DistributionLine/FDR-AddEdit-DistributionLine/input_Service location_serviceLocation"), Keys.chord(DOWN, ENTER)): Keys 'DOWN + ENTER + ' sent to object: 'Object Repository/FDR-Receipt/FDR-Receipt-DistributionLine/FDR-AddEdit-DistributionLine/input_Service location_serviceLocation'

2020-09-17 23:40:05 - [MESSAGE][PASSED] - Keys 'DOWN + ENTER + ' sent to object: 'Object Repository/FDR-Receipt/FDR-Receipt-DistributionLine/FDR-AddEdit-DistributionLine/input_Service location_serviceLocation'

2020-09-17 23:40:05 - [TEST_STEP][PASSED] - waitForElementPresent(findTestObject("FDR-Receipt/FDR-Receipt-DistributionLine/FDR-AddEdit-DistributionLine/Index"), 10): Object 'Object Repository/FDR-Receipt/FDR-Receipt-DistributionLine/FDR-AddEdit-DistributionLine/Index' is present

2020-09-17 23:40:05 - [MESSAGE][PASSED] - Object 'Object Repository/FDR-Receipt/FDR-Receipt-DistributionLine/FDR-AddEdit-DistributionLine/Index' is present

2020-09-17 23:40:05 - [TEST_STEP][PASSED] - sendKeys(findTestObject("FDR-Receipt/FDR-Receipt-DistributionLine/FDR-AddEdit-DistributionLine/Index"), Index): Keys '1155' sent to object: 'Object Repository/FDR-Receipt/FDR-Receipt-DistributionLine/FDR-AddEdit-DistributionLine/Index'

2020-09-17 23:40:05 - [MESSAGE][PASSED] - Keys '1155' sent to object: 'Object Repository/FDR-Receipt/FDR-Receipt-DistributionLine/FDR-AddEdit-DistributionLine/Index'

2020-09-17 23:40:05 - [TEST_STEP][PASSED] - sendKeys(findTestObject("FDR-Receipt/FDR-Receipt-DistributionLine/FDR-AddEdit-DistributionLine/Index"), Keys.chord(DOWN, ENTER)): Keys 'DOWN + ENTER + ' sent to object: 'Object Repository/FDR-Receipt/FDR-Receipt-DistributionLine/FDR-AddEdit-DistributionLine/Index'

2020-09-17 23:40:06 - [MESSAGE][PASSED] - Keys 'DOWN + ENTER + ' sent to object: 'Object Repository/FDR-Receipt/FDR-Receipt-DistributionLine/FDR-AddEdit-DistributionLine/Index'

2020-09-17 23:40:06 - [TEST_STEP][PASSED] - waitForElementPresent(findTestObject("FDR-Receipt/FDR-Receipt-DistributionLine/FDR-AddEdit-DistributionLine/program_Type"), 10): Object 'Object Repository/FDR-Receipt/FDR-Receipt-DistributionLine/FDR-AddEdit-DistributionLine/program_Type' is present

2020-09-17 23:40:06 - [MESSAGE][PASSED] - Object 'Object Repository/FDR-Receipt/FDR-Receipt-DistributionLine/FDR-AddEdit-DistributionLine/program_Type' is present

2020-09-17 23:40:06 - [TEST_STEP][PASSED] - sendKeys(findTestObject("FDR-Receipt/FDR-Receipt-DistributionLine/FDR-AddEdit-DistributionLine/program_Type"), Programtype): Keys 'Medical Assistance (MA)' sent to object: 'Object Repository/FDR-Receipt/FDR-Receipt-DistributionLine/FDR-AddEdit-DistributionLine/program_Type'

2020-09-17 23:40:07 - [MESSAGE][PASSED] - Keys 'Medical Assistance (MA)' sent to object: 'Object Repository/FDR-Receipt/FDR-Receipt-DistributionLine/FDR-AddEdit-DistributionLine/program_Type'

2020-09-17 23:40:07 - [TEST_STEP][PASSED] - sendKeys(findTestObject("FDR-Receipt/FDR-Receipt-DistributionLine/FDR-AddEdit-DistributionLine/program_Type"), Keys.chord(DOWN, ENTER)): Keys 'DOWN + ENTER + ' sent to object: 'Object Repository/FDR-Receipt/FDR-Receipt-DistributionLine/FDR-AddEdit-DistributionLine/program_Type'

2020-09-17 23:40:07 - [MESSAGE][PASSED] - Keys 'DOWN + ENTER + ' sent to object: 'Object Repository/FDR-Receipt/FDR-Receipt-DistributionLine/FDR-AddEdit-DistributionLine/program_Type'

2020-09-17 23:40:07 - [TEST_STEP][PASSED] - waitForElementPresent(findTestObject("FDR-Receipt/FDR-Receipt-DistributionLine/FDR-AddEdit-DistributionLine/service_Category"), 10): Object 'Object Repository/FDR-Receipt/FDR-Receipt-DistributionLine/FDR-AddEdit-DistributionLine/service_Category' is present

2020-09-17 23:40:08 - [MESSAGE][PASSED] - Object 'Object Repository/FDR-Receipt/FDR-Receipt-DistributionLine/FDR-AddEdit-DistributionLine/service_Category' is present

2020-09-17 23:40:08 - [TEST_STEP][PASSED] - sendKeys(findTestObject("FDR-Receipt/FDR-Receipt-DistributionLine/FDR-AddEdit-DistributionLine/service_Category"), Servicecategory): Keys '18B1' sent to object: 'Object Repository/FDR-Receipt/FDR-Receipt-DistributionLine/FDR-AddEdit-DistributionLine/service_Category'

2020-09-17 23:40:08 - [MESSAGE][PASSED] - Keys '18B1' sent to object: 'Object Repository/FDR-Receipt/FDR-Receipt-DistributionLine/FDR-AddEdit-DistributionLine/service_Category'

2020-09-17 23:40:08 - [TEST_STEP][PASSED] - sendKeys(findTestObject("FDR-Receipt/FDR-Receipt-DistributionLine/FDR-AddEdit-DistributionLine/service_Category"), Keys.chord(DOWN, ENTER)): Keys 'DOWN + ENTER + ' sent to object: 'Object Repository/FDR-Receipt/FDR-Receipt-DistributionLine/FDR-AddEdit-DistributionLine/service_Category'

2020-09-17 23:40:08 - [MESSAGE][PASSED] - Keys 'DOWN + ENTER + ' sent to object: 'Object Repository/FDR-Receipt/FDR-Receipt-DistributionLine/FDR-AddEdit-DistributionLine/service_Category'

2020-09-17 23:40:08 - [TEST_STEP][PASSED] - waitForElementPresent(findTestObject("FDR-Receipt/FDR-Receipt-DistributionLine/FDR-AddEdit-DistributionLine/increaseDecreaseLine"), 10): Object 'Object Repository/FDR-Receipt/FDR-Receipt-DistributionLine/FDR-AddEdit-DistributionLine/increaseDecreaseLine' is present

2020-09-17 23:40:09 - [MESSAGE][PASSED] - Object 'Object Repository/FDR-Receipt/FDR-Receipt-DistributionLine/FDR-AddEdit-DistributionLine/increaseDecreaseLine' is present

2020-09-17 23:40:09 - [TEST_STEP][PASSED] - sendKeys(findTestObject("FDR-Receipt/FDR-Receipt-DistributionLine/FDR-AddEdit-DistributionLine/increaseDecreaseLine"), IncreaseDecreaseLine): Keys '10b: Receipts or any decrease' sent to object: 'Object Repository/FDR-Receipt/FDR-Receipt-DistributionLine/FDR-AddEdit-DistributionLine/increaseDecreaseLine'

2020-09-17 23:40:09 - [MESSAGE][PASSED] - Keys '10b: Receipts or any decrease' sent to object: 'Object Repository/FDR-Receipt/FDR-Receipt-DistributionLine/FDR-AddEdit-DistributionLine/increaseDecreaseLine'

2020-09-17 23:40:09 - [TEST_STEP][PASSED] - sendKeys(findTestObject("FDR-Receipt/FDR-Receipt-DistributionLine/FDR-AddEdit-DistributionLine/increaseDecreaseLine"), Keys.chord(ARROW_DOWN, ENTER)): Keys 'DOWN + ENTER + ' sent to object: 'Object Repository/FDR-Receipt/FDR-Receipt-DistributionLine/FDR-AddEdit-DistributionLine/increaseDecreaseLine'

2020-09-17 23:40:10 - [MESSAGE][PASSED] - Keys 'DOWN + ENTER + ' sent to object: 'Object Repository/FDR-Receipt/FDR-Receipt-DistributionLine/FDR-AddEdit-DistributionLine/increaseDecreaseLine'

2020-09-17 23:40:10 - [TEST_STEP][PASSED] - waitForElementPresent(findTestObject("FDR-Receipt/FDR-Receipt-DistributionLine/FDR-AddEdit-DistributionLine/input_accountId"), 2, STOP_ON_FAILURE): Object 'Object Repository/FDR-Receipt/FDR-Receipt-DistributionLine/FDR-AddEdit-DistributionLine/input_accountId' is present

2020-09-17 23:40:10 - [MESSAGE][PASSED] - Object 'Object Repository/FDR-Receipt/FDR-Receipt-DistributionLine/FDR-AddEdit-DistributionLine/input_accountId' is present

2020-09-17 23:40:10 - [TEST_STEP][PASSED] - sendKeys(findTestObject("FDR-Receipt/FDR-Receipt-DistributionLine/FDR-AddEdit-DistributionLine/input_accountId"), accountId + Keys.chord(ARROW_DOWN, ENTER)): Keys 'DOWN + ENTER + 5432000' sent to object: 'Object Repository/FDR-Receipt/FDR-Receipt-DistributionLine/FDR-AddEdit-DistributionLine/input_accountId'

2020-09-17 23:40:11 - [MESSAGE][PASSED] - Keys 'DOWN + ENTER + 5432000' sent to object: 'Object Repository/FDR-Receipt/FDR-Receipt-DistributionLine/FDR-AddEdit-DistributionLine/input_accountId'

2020-09-17 23:40:11 - [TEST_STEP][PASSED] - delay(4): Delayed 4 second(s)

2020-09-17 23:40:15 - [MESSAGE][PASSED] - Delayed 4 second(s)

2020-09-17 23:40:15 - [TEST_STEP][PASSED] - sendKeys(findTestObject("FDR-Receipt/FDR-Receipt-DistributionLine/FDR-AddEdit-DistributionLine/input_altAccountId"), altAccountId + Keys.chord(ARROW_DOWN, ENTER)): Keys 'DOWN + ENTER + 5432000019' sent to object: 'Object Repository/FDR-Receipt/FDR-Receipt-DistributionLine/FDR-AddEdit-DistributionLine/input_altAccountId'

2020-09-17 23:40:15 - [MESSAGE][PASSED] - Keys 'DOWN + ENTER + 5432000019' sent to object: 'Object Repository/FDR-Receipt/FDR-Receipt-DistributionLine/FDR-AddEdit-DistributionLine/input_altAccountId'

2020-09-17 23:40:15 - [TEST_STEP][PASSED] - waitForElementPresent(findTestObject("FDR-Receipt/FDR-Receipt-DistributionLine/FDR-AddEdit-DistributionLine/button_SaveClose"), 10): Object 'Object Repository/FDR-Receipt/FDR-Receipt-DistributionLine/FDR-AddEdit-DistributionLine/button_SaveClose' is present

2020-09-17 23:40:16 - [MESSAGE][PASSED] - Object 'Object Repository/FDR-Receipt/FDR-Receipt-DistributionLine/FDR-AddEdit-DistributionLine/button_SaveClose' is present

2020-09-17 23:40:16 - [TEST_STEP][PASSED] - click(findTestObject("FDR-Receipt/FDR-Receipt-DistributionLine/FDR-AddEdit-DistributionLine/button_SaveClose")): Object: 'Object Repository/FDR-Receipt/FDR-Receipt-DistributionLine/FDR-AddEdit-DistributionLine/button_SaveClose' is clicked on

2020-09-17 23:40:16 - [MESSAGE][PASSED] - Object: 'Object Repository/FDR-Receipt/FDR-Receipt-DistributionLine/FDR-AddEdit-DistributionLine/button_SaveClose' is clicked on

2020-09-17 23:40:16 - [TEST_STEP][PASSED] - Start listener action : sampleAfterTestCase: null

2020-09-17 23:40:16 - [TEST_STEP][PASSED] - profileName = getExecutionProfile(): null

2020-09-17 23:40:16 - [TEST_STEP][PASSED] - switch (profileName): null

2020-09-17 23:40:16 - [TEST_STEP][PASSED] - case "superUser":: null

2020-09-17 23:40:16 - [TEST_STEP][PASSED] - return null: null

2020-09-17 23:40:16 - [TEST_STEP][PASSED] - Start listener action : afterTestCase: null

2020-09-17 23:40:16 - [TEST_STEP][PASSED] - profileName = getExecutionProfile(): null

2020-09-17 23:40:16 - [TEST_STEP][PASSED] - if (profileName.equalsIgnoreCase("SysAdmin")): null

2020-09-17 23:40:16 - [TEST_STEP][PASSED] - Start listener action : sampleAfterTestCase: null

2020-09-17 23:40:16 - [TEST_STEP][PASSED] - profileName = getExecutionProfile(): null

2020-09-17 23:40:16 - [TEST_STEP][PASSED] - switch (profileName): null

2020-09-17 23:40:16 - [TEST_STEP][PASSED] - case "Draw":: null

2020-09-17 23:40:16 - [TEST_STEP][PASSED] - Uifunctions.logoutFDR(): Browser is closed

2020-09-17 23:40:17 - [MESSAGE][PASSED] - Browser is closed

2020-09-17 23:40:17 - [TEST_STEP][PASSED] - break: null

2020-09-17 23:40:17 - [TEST_STEP][PASSED] - Start listener action : addFailedTCToList: null]]></system-out>
         <system-err><![CDATA[]]></system-err>
      </testcase>
      <system-out><![CDATA[2020-09-17 23:36:50 - [TEST_SUITE][PASSED] - Draw-Integration_Suite: Test Cases/WEB-UI-TESTS/Draw/FDR-Draw-Receipts-Date-Validation]]></system-out>
      <system-err><![CDATA[]]></system-err>
   </testsuite>
</testsuites>
